<?xml version="1.0" encoding="utf-8"?>
<TestRun id="f11364db-e58a-4520-bb58-de98a426d41b"
         name="svc_buildagent@automaster 2021-11-02 09:31:24"
         runUser="INTERNAL\svc_buildagent"
         xmlns="http://microsoft.com/schemas/VisualStudio/TeamTest/2010">
    <Times creation="2021-11-02T09:31:24.3892627+00:00"
           queuing="2021-11-02T09:31:24.3892655+00:00"
           start="2021-11-02T09:29:32.5869900+00:00"
           finish="2021-11-02T09:40:30.1521628+00:00"/>
    <TestSettings name="default" id="4c8621e4-ef54-4d3e-a7df-d582cf5ae5a1">
        <Deployment runDeploymentRoot="svc_buildagent_automaster_2021-11-02_09_31_24"/>
    </TestSettings>
    <Results>
        <UnitTestResult executionId="83292644-f546-4d31-a08a-cf20c97c2492"
                        testId="e5c27e07-9dea-e2d2-b4d7-1f1b218a90cd"
                        testName="EvergreenJnr_Planning_CheckValidationMassageForMinAndMaxNumberOfDevices"
                        computerName="automaster" duration="00:02:39.4494403"
                        startTime="2021-11-02T09:34:29.3049734+00:00"
                        endTime="2021-11-02T09:37:08.7544137+00:00"
                        testType="13cdc9d9-ddb5-4fa4-a97d-d965ccfc6d4b" outcome="Passed"
                        testListId="8c84fa94-04c1-424b-9868-57a2d4851a1d"
                        relativeResultsDirectory="83292644-f546-4d31-a08a-cf20c97c2492">
            <Output>
                <StdOut>-&gt; 11/2/2021 9:34:29 AM - INFO - TEST STARTED:
                    EvergreenJnr_Planning_CheckValidationMassageForMinAndMaxNumberOfDevices&#xD;
                    &#xD;
                    Given User is logged in to the Evergreen&#xD;
                    -&gt; Navigating to the https://automaster.internal.juriba.com/&#xD;
                    -&gt; Navigating to the
                    https://automaster.internal.juriba.com/evergreen/&#xD;
                    -&gt; done: EvergreenJnr_Login.GivenUserIsLoggedInToTheEvergreen()
                    (5.5s)&#xD;
                    &#xD;
                    Then Evergreen Dashboards page should be displayed to the user&#xD;
                    -&gt; done:
                    EvergreenJnr_Login.ThenEvergreenDashboardsPageShouldBeDisplayedToTheUser()
                    (2.0s)&#xD;
                    &#xD;
                    When Project created via API&#xD;
                    --- table step argument ---&#xD;
                    | ProjectName | Scope | ProjectTemplate | Mode |&#xD;
                    | 01_23458DAS_Project | All Devices | None | Standalone Project |&#xD;
                    -&gt; done: ProjectApiSteps.WhenUserCreateNewProjectViaApi(&lt;table&gt;)
                    (0.1s)&#xD;
                    &#xD;
                    When User onboards objects to '01_23458DAS_Project' project&#xD;
                    --- table step argument ---&#xD;
                    | DeviceObjects |&#xD;
                    | YJJU3DFR7OZAVV |&#xD;
                    | F5I5XILR1KPFDL |&#xD;
                    | UNHGLD5MUBJX8Q |&#xD;
                    | 3RQ3D0NVT4INZ5 |&#xD;
                    | Z7D66OPQGWROBV |&#xD;
                    | 0ZA22CU0BW2LGF |&#xD;
                    | 0ZJTE8JHKJA5NK |&#xD;
                    | 0ZL7SA6TARK0C7 |&#xD;
                    | 0ZSCCB7K82LTCN |&#xD;
                    | 0ZV0XXKESC4FUF |&#xD;
                    -&gt; done:
                    OnboardObjects.WhenUserOnboardsObjectsToTheProject("01_23458DAS_Project",
                    &lt;table&gt;) (77.1s)&#xD;
                    &#xD;
                    When User clicks 'Planning' on the left-hand menu&#xD;
                    -&gt; done:
                    EvergreenJnr_LeftHandMenuNavigation.WhenUserClicksOnTheLeft_HandMenu("Planning")
                    (1.7s)&#xD;
                    &#xD;
                    When User clicks on '01_23458DAS_Project' cell from 'Project' column&#xD;
                    -&gt; done:
                    EvergreenJnr_BaseGrid.WhenUserClicksOnCellFromColumn("01_23458DAS_Project",
                    "Project") (5.5s)&#xD;
                    &#xD;
                    When User navigates to the 'Scoping Parameters' left submenu item&#xD;
                    -&gt; done:
                    EvergreenJnr_LeftMenuNavigation.WhenUserNavigatesToTheParentLeftSubmenuItem("Scoping
                    Parameters") (1.7s)&#xD;
                    &#xD;
                    Then subtitle with text 'There are 10 devices onboarded into this
                    project' is displayed for the 'Minimum and Maximum Number of
                    Devices' table&#xD;
                    -&gt; done:
                    EvergreenJnr_BaseTable.ThenSubtitleWithTextIsDisplayedForTheTable("There
                    are 10 devi...", "Minimum and Maxim...") (2.7s)&#xD;
                    &#xD;
                    When User sets value to '2' for 'Minimum Number of Devices' column
                    and 'Unassigned' row in 'Minimum and Maximum Number of Devices'
                    table&#xD;
                    -&gt; done:
                    EvergreenJnr_BaseTable.WhenUserSetValueToForColumnAndRowInTable("2",
                    "Minimum Number of...", "Unassigned", "Minimum and Maxim...") (1.8s)&#xD;
                    &#xD;
                    When User sets value to '10' for 'Maximum Number of Devices' column
                    and 'Unassigned' row in 'Minimum and Maximum Number of Devices'
                    table&#xD;
                    -&gt; done:
                    EvergreenJnr_BaseTable.WhenUserSetValueToForColumnAndRowInTable("10",
                    "Maximum Number of...", "Unassigned", "Minimum and Maxim...") (1.8s)&#xD;
                    &#xD;
                    When User clicks on 'No minimum' textbox&#xD;
                    -&gt; done: InputSteps.WhenUserClicksOnTextbox("No minimum") (0.1s)&#xD;
                    &#xD;
                    Then message is not displayed for 'Minimum and Maximum Number of
                    Devices' table&#xD;
                    -&gt; done:
                    EvergreenJnr_BaseTable.ThenMessageIsNotDisplayedForTable("Minimum
                    and Maxim...") (3.0s)&#xD;
                    &#xD;
                    Then 'Update' button is not disabled&#xD;
                    -&gt; done: ButtonSteps.ThenButtonIsNotDisabled("Update") (1.6s)&#xD;
                    &#xD;
                    Then 'Update And Redistribute' button is not disabled&#xD;
                    -&gt; done: ButtonSteps.ThenButtonIsNotDisabled("Update And
                    Redist...") (1.5s)&#xD;
                    &#xD;
                    When User clicks 'Clear All' button&#xD;
                    -&gt; done: ButtonSteps.WhenUserClicksButton("Clear All") (0.1s)&#xD;
                    &#xD;
                    When User sets value to '15' for 'Maximum Number of Devices' column
                    and 'Unassigned' row in 'Minimum and Maximum Number of Devices'
                    table&#xD;
                    -&gt; done:
                    EvergreenJnr_BaseTable.WhenUserSetValueToForColumnAndRowInTable("15",
                    "Maximum Number of...", "Unassigned", "Minimum and Maxim...") (1.7s)&#xD;
                    &#xD;
                    When User clicks on 'No minimum' textbox&#xD;
                    -&gt; done: InputSteps.WhenUserClicksOnTextbox("No minimum") (0.1s)&#xD;
                    &#xD;
                    Then message is not displayed for 'Minimum and Maximum Number of
                    Devices' table&#xD;
                    -&gt; done:
                    EvergreenJnr_BaseTable.ThenMessageIsNotDisplayedForTable("Minimum
                    and Maxim...") (3.2s)&#xD;
                    &#xD;
                    Then 'Update' button is not disabled&#xD;
                    -&gt; done: ButtonSteps.ThenButtonIsNotDisabled("Update") (1.5s)&#xD;
                    &#xD;
                    Then 'Update And Redistribute' button is not disabled&#xD;
                    -&gt; done: ButtonSteps.ThenButtonIsNotDisabled("Update And
                    Redist...") (1.5s)&#xD;
                    &#xD;
                    When User sets value to '4' for 'Minimum Number of Devices' column
                    and 'Unassigned' row in 'Minimum and Maximum Number of Devices'
                    table&#xD;
                    -&gt; done:
                    EvergreenJnr_BaseTable.WhenUserSetValueToForColumnAndRowInTable("4",
                    "Minimum Number of...", "Unassigned", "Minimum and Maxim...") (1.7s)&#xD;
                    &#xD;
                    When User sets value to '1' for 'Maximum Number of Devices' column
                    and 'Unassigned' row in 'Minimum and Maximum Number of Devices'
                    table&#xD;
                    -&gt; done:
                    EvergreenJnr_BaseTable.WhenUserSetValueToForColumnAndRowInTable("1",
                    "Maximum Number of...", "Unassigned", "Minimum and Maxim...") (1.7s)&#xD;
                    &#xD;
                    When User clicks on 'No minimum' textbox&#xD;
                    -&gt; done: InputSteps.WhenUserClicksOnTextbox("No minimum") (0.1s)&#xD;
                    &#xD;
                    Then User sees 'light red' background in 'No maximum' textbox&#xD;
                    -&gt; done: InputSteps.ThenUserSeesBackgroundInField("light red",
                    "No maximum") (0.1s)&#xD;
                    &#xD;
                    Then 'Maximum must not be less than minimum' message is displayed
                    for 'Minimum and Maximum Number of Devices' table&#xD;
                    -&gt; done:
                    EvergreenJnr_BaseTable.ThenMessageIsDisplayedForTable("Maximum must
                    not ...", "Minimum and Maxim...") (3.4s)&#xD;
                    &#xD;
                    Then 'Update' button is disabled&#xD;
                    -&gt; done: ButtonSteps.ThenButtonIsDisabled("Update") (1.5s)&#xD;
                    &#xD;
                    Then 'Update And Redistribute' button is disabled&#xD;
                    -&gt; done: ButtonSteps.ThenButtonIsDisabled("Update And Redist...")
                    (1.5s)&#xD;
                    &#xD;
                    When User clicks 'Clear All' button&#xD;
                    -&gt; done: ButtonSteps.WhenUserClicksButton("Clear All") (0.1s)&#xD;
                    &#xD;
                    When User sets value to '1' for 'Maximum Number of Devices' column
                    and 'Unassigned' row in 'Minimum and Maximum Number of Devices'
                    table&#xD;
                    -&gt; done:
                    EvergreenJnr_BaseTable.WhenUserSetValueToForColumnAndRowInTable("1",
                    "Maximum Number of...", "Unassigned", "Minimum and Maxim...") (1.7s)&#xD;
                    &#xD;
                    When User clicks on 'No minimum' textbox&#xD;
                    -&gt; done: InputSteps.WhenUserClicksOnTextbox("No minimum") (0.1s)&#xD;
                    &#xD;
                    Then User sees 'light red' background in 'No maximum' textbox&#xD;
                    -&gt; done: InputSteps.ThenUserSeesBackgroundInField("light red",
                    "No maximum") (0.1s)&#xD;
                    &#xD;
                    Then 'There are more devices onboarded than the total of the maximum
                    number of devices across all rings' message is displayed for
                    'Minimum and Maximum Number of Devices' table&#xD;
                    -&gt; done:
                    EvergreenJnr_BaseTable.ThenMessageIsDisplayedForTable("There are
                    more de...", "Minimum and Maxim...") (3.4s)&#xD;
                    &#xD;
                    Then 'Update' button is disabled&#xD;
                    -&gt; done: ButtonSteps.ThenButtonIsDisabled("Update") (1.5s)&#xD;
                    &#xD;
                    Then 'Update And Redistribute' button is disabled&#xD;
                    -&gt; done: ButtonSteps.ThenButtonIsDisabled("Update And Redist...")
                    (1.5s)&#xD;
                    &#xD;
                    When User clicks 'Clear All' button&#xD;
                    -&gt; done: ButtonSteps.WhenUserClicksButton("Clear All") (0.1s)&#xD;
                    &#xD;
                    When User sets value to '15' for 'Minimum Number of Devices' column
                    and 'Unassigned' row in 'Minimum and Maximum Number of Devices'
                    table&#xD;
                    -&gt; done:
                    EvergreenJnr_BaseTable.WhenUserSetValueToForColumnAndRowInTable("15",
                    "Minimum Number of...", "Unassigned", "Minimum and Maxim...") (2.5s)&#xD;
                    &#xD;
                    When User sets value to '10' for 'Maximum Number of Devices' column
                    and 'Unassigned' row in 'Minimum and Maximum Number of Devices'
                    table&#xD;
                    -&gt; done:
                    EvergreenJnr_BaseTable.WhenUserSetValueToForColumnAndRowInTable("10",
                    "Maximum Number of...", "Unassigned", "Minimum and Maxim...") (1.7s)&#xD;
                    &#xD;
                    When User clicks on 'No maximum' textbox&#xD;
                    -&gt; done: InputSteps.WhenUserClicksOnTextbox("No maximum") (0.1s)&#xD;
                    &#xD;
                    Then 'The minimum number of devices across all rings is more than is
                    currently onboarded' message is displayed for 'Minimum and Maximum
                    Number of Devices' table&#xD;
                    -&gt; done:
                    EvergreenJnr_BaseTable.ThenMessageIsDisplayedForTable("The minimum
                    numbe...", "Minimum and Maxim...") (3.4s)&#xD;
                    &#xD;
                    Then User sees 'light red' background in 'No minimum' textbox&#xD;
                    -&gt; done: InputSteps.ThenUserSeesBackgroundInField("light red",
                    "No minimum") (0.0s)&#xD;
                    &#xD;
                    Then 'Update' button is disabled&#xD;
                    -&gt; done: ButtonSteps.ThenButtonIsDisabled("Update") (1.5s)&#xD;
                    &#xD;
                    Then 'Update And Redistribute' button is disabled&#xD;
                    -&gt; done: ButtonSteps.ThenButtonIsDisabled("Update And Redist...")
                    (1.5s)&#xD;
                    &#xD;
                    When User clicks 'Clear All' button&#xD;
                    -&gt; done: ButtonSteps.WhenUserClicksButton("Clear All") (0.1s)&#xD;
                    &#xD;
                    When User sets value to '15' for 'Minimum Number of Devices' column
                    and 'Unassigned' row in 'Minimum and Maximum Number of Devices'
                    table&#xD;
                    -&gt; done:
                    EvergreenJnr_BaseTable.WhenUserSetValueToForColumnAndRowInTable("15",
                    "Minimum Number of...", "Unassigned", "Minimum and Maxim...") (1.7s)&#xD;
                    &#xD;
                    When User clicks 'Update' button&#xD;
                    -&gt; done: ButtonSteps.WhenUserClicksButton("Update") (0.1s)&#xD;
                    &#xD;
                    Then 'The minimum number of devices across all rings is more than is
                    currently onboarded' message is displayed for 'Minimum and Maximum
                    Number of Devices' table&#xD;
                    -&gt; done:
                    EvergreenJnr_BaseTable.ThenMessageIsDisplayedForTable("The minimum
                    numbe...", "Minimum and Maxim...") (3.4s)&#xD;
                    &#xD;
                    Then inline success banner is not displayed&#xD;
                    -&gt; done:
                    EvergreenJnr_BaseInlineTipBannerElement.ThenInlineSuccessBannerIsNotDisplayed()
                    (0.1s)&#xD;
                    &#xD;
                    Then 'Update' button is disabled&#xD;
                    -&gt; done: ButtonSteps.ThenButtonIsDisabled("Update") (1.5s)&#xD;
                    &#xD;
                    Then 'Update And Redistribute' button is disabled&#xD;
                    -&gt; done: ButtonSteps.ThenButtonIsDisabled("Update And Redist...")
                    (1.5s)&#xD;
                    &#xD;
                    &#xD;
                    -&gt; Test status is 'Passed'&#xD;
                    -&gt; TEST STATUS WAS POSTED:
                    EvergreenJnr_Planning_CheckValidationMassageForMinAndMaxNumberOfDevices&#xD;
                    -&gt; Test finished on:
                    https://automaster.internal.juriba.com/evergreen/#/planning/ringscoping/scopingParameters?$projectId=162&#xD;
                    -&gt; 11/2/2021 9:37:04 AM - ERROR - Error during Custom list
                    deleting: System.Exception: Database query returns zero results&#xD;
                    -&gt; at
                    DashworksTestAutomation.Helpers.DatabaseHelper.ExecuteReader(String
                    query, Int32 columnIndex) in
                    C:\automaster\_work\3\s\DashworksTestAutomationCore\Helpers\DatabaseHelper.cs:line
                    59&#xD;
                    -&gt; at
                    DashworksTestAutomation.Steps.Dashworks.CustomList.AfterScenario.RemoveCustomListMethods.RemoveUserLists()
                    in
                    C:\automaster\_work\3\s\DashworksTestAutomationCore\Steps\Dashworks\CustomList\AfterScenario\RemoveCustomListMethods.cs:line
                    33&#xD;
                    -&gt; 11/2/2021 9:37:04 AM - ERROR - Error during Custom list
                    deleting: System.Exception: Database query returns zero results&#xD;
                    -&gt; at
                    DashworksTestAutomation.Helpers.DatabaseHelper.ExecuteReader(String
                    query, Int32 columnIndex) in
                    C:\automaster\_work\3\s\DashworksTestAutomationCore\Helpers\DatabaseHelper.cs:line
                    59&#xD;
                    -&gt; at
                    DashworksTestAutomation.Steps.Dashworks.CustomList.AfterScenario.RemoveCustomListMethods.RemoveUserLists()
                    in
                    C:\automaster\_work\3\s\DashworksTestAutomationCore\Steps\Dashworks\CustomList\AfterScenario\RemoveCustomListMethods.cs:line
                    33&#xD;
                    -&gt; 11/2/2021 9:37:05 AM - INFO - The '01_23458DAS_Project'
                    project with '162' id has been deleted&#xD;
                    -&gt; 11/2/2021 9:37:08 AM - INFO - TEST FINISHED:
                    EvergreenJnr_Planning_CheckValidationMassageForMinAndMaxNumberOfDevices
                </StdOut>
            </Output>
        </UnitTestResult>
        <UnitTestResult executionId="765fe0b7-3521-40b5-a7ab-f5a7a5cb9266"
                        testId="9c5274ca-8d0a-53f3-c043-f9fe695069e3"
                        testName="EvergreenJnr_Planning_CheckThatUpdateAndRedistributeButtonIsEnabledForAnyDDLOptionAfterClearingTargets"
                        computerName="automaster" duration="00:01:31.4450103"
                        startTime="2021-11-02T09:33:09.9650453+00:00"
                        endTime="2021-11-02T09:34:41.4100556+00:00"
                        testType="13cdc9d9-ddb5-4fa4-a97d-d965ccfc6d4b" outcome="Passed"
                        testListId="8c84fa94-04c1-424b-9868-57a2d4851a1d"
                        relativeResultsDirectory="765fe0b7-3521-40b5-a7ab-f5a7a5cb9266">
            <Output>
                <StdOut>-&gt; 11/2/2021 9:33:09 AM - INFO - TEST STARTED:
                    EvergreenJnr_Planning_CheckThatUpdateAndRedistributeButtonIsEnabledForAnyDDLOptionAfterClearingTargets&#xD;
                    &#xD;
                    Given User is logged in to the Evergreen&#xD;
                    -&gt; Navigating to the https://automaster.internal.juriba.com/&#xD;
                    -&gt; Navigating to the
                    https://automaster.internal.juriba.com/evergreen/&#xD;
                    -&gt; done: EvergreenJnr_Login.GivenUserIsLoggedInToTheEvergreen()
                    (4.0s)&#xD;
                    &#xD;
                    When Project created via API&#xD;
                    --- table step argument ---&#xD;
                    | ProjectName | Scope | ProjectTemplate | Mode |&#xD;
                    | 1_28861DAS_Project | All Devices | None | Standalone Project |&#xD;
                    -&gt; done: ProjectApiSteps.WhenUserCreateNewProjectViaApi(&lt;table&gt;)
                    (0.1s)&#xD;
                    &#xD;
                    When User creates new Ring via api&#xD;
                    --- table step argument ---&#xD;
                    | Name | Description | IsDefault | Project |&#xD;
                    | 1_28861DAS_Ring | 1_28861DAS_Desc | false | 1_28861DAS_Project |&#xD;
                    | 2_28861DAS_Ring | 2_28861DAS_Desc | false | 1_28861DAS_Project |&#xD;
                    -&gt; done: CreateRingViaApi.WhenUserCreatesNewRingViaApi(&lt;table&gt;)
                    (2.2s)&#xD;
                    &#xD;
                    When User onboards objects to '1_28861DAS_Project' project&#xD;
                    --- table step argument ---&#xD;
                    | DeviceObjects |&#xD;
                    | 00K4CEEQ737BA4L |&#xD;
                    | 011PLA470S0B9DJ |&#xD;
                    -&gt; done:
                    OnboardObjects.WhenUserOnboardsObjectsToTheProject("1_28861DAS_Project",
                    &lt;table&gt;) (42.4s)&#xD;
                    &#xD;
                    When User clicks 'Planning' on the left-hand menu&#xD;
                    -&gt; done:
                    EvergreenJnr_LeftHandMenuNavigation.WhenUserClicksOnTheLeft_HandMenu("Planning")
                    (1.7s)&#xD;
                    &#xD;
                    When User enters '1_28861DAS_Project' text in the Search field for
                    'Project' column&#xD;
                    -&gt; done:
                    EvergreenJnr_BaseGrid.WhenUserEntersTextInTheSearchFieldForColumn("1_28861DAS_Project",
                    "Project") (3.9s)&#xD;
                    &#xD;
                    When User clicks on '1_28861DAS_Project' cell from 'Project' column&#xD;
                    -&gt; done:
                    EvergreenJnr_BaseGrid.WhenUserClicksOnCellFromColumn("1_28861DAS_Project",
                    "Project") (7.1s)&#xD;
                    &#xD;
                    When User navigates to the 'Scoping Parameters' left submenu item&#xD;
                    -&gt; done:
                    EvergreenJnr_LeftMenuNavigation.WhenUserNavigatesToTheParentLeftSubmenuItem("Scoping
                    Parameters") (1.6s)&#xD;
                    &#xD;
                    When User sets value to '1' for 'Minimum Number of Devices' column
                    and '2_28861DAS_Ring' row in 'Minimum and Maximum Number of Devices'
                    table&#xD;
                    -&gt; done:
                    EvergreenJnr_BaseTable.WhenUserSetValueToForColumnAndRowInTable("1",
                    "Minimum Number of...", "2_28861DAS_Ring", "Minimum and Maxim...")
                    (2.4s)&#xD;
                    &#xD;
                    When User sets value to '1' for 'Minimum Number of Devices' column
                    and '1_28861DAS_Ring' row in 'Minimum and Maximum Number of Devices'
                    table&#xD;
                    -&gt; done:
                    EvergreenJnr_BaseTable.WhenUserSetValueToForColumnAndRowInTable("1",
                    "Minimum Number of...", "1_28861DAS_Ring", "Minimum and Maxim...")
                    (1.9s)&#xD;
                    &#xD;
                    When User clicks 'Update And Redistribute' button&#xD;
                    -&gt; done: ButtonSteps.WhenUserClicksButton("Update And Redist...")
                    (0.1s)&#xD;
                    &#xD;
                    When User clicks 'Commit Changes Without Preview' button&#xD;
                    -&gt; done: ButtonSteps.WhenUserClicksButton("Commit Changes Wi...")
                    (0.7s)&#xD;
                    &#xD;
                    When User navigates to the 'Scoping Parameters' left submenu item&#xD;
                    -&gt; done:
                    EvergreenJnr_LeftMenuNavigation.WhenUserNavigatesToTheParentLeftSubmenuItem("Scoping
                    Parameters") (12.1s)&#xD;
                    &#xD;
                    When User clicks 'Clear All' button&#xD;
                    -&gt; done: ButtonSteps.WhenUserClicksButton("Clear All") (0.4s)&#xD;
                    &#xD;
                    Then 'Update And Redistribute' button is not disabled&#xD;
                    -&gt; done: ButtonSteps.ThenButtonIsNotDisabled("Update And
                    Redist...") (1.5s)&#xD;
                    &#xD;
                    &#xD;
                    -&gt; Test status is 'Passed'&#xD;
                    -&gt; TEST STATUS WAS POSTED:
                    EvergreenJnr_Planning_CheckThatUpdateAndRedistributeButtonIsEnabledForAnyDDLOptionAfterClearingTargets&#xD;
                    -&gt; Test finished on:
                    https://automaster.internal.juriba.com/evergreen/#/planning/ringscoping/scopingParameters?$projectId=151&#xD;
                    -&gt; 11/2/2021 9:34:37 AM - ERROR - Error during Custom list
                    deleting: System.Exception: Database query returns zero results&#xD;
                    -&gt; at
                    DashworksTestAutomation.Helpers.DatabaseHelper.ExecuteReader(String
                    query, Int32 columnIndex) in
                    C:\automaster\_work\3\s\DashworksTestAutomationCore\Helpers\DatabaseHelper.cs:line
                    59&#xD;
                    -&gt; at
                    DashworksTestAutomation.Steps.Dashworks.CustomList.AfterScenario.RemoveCustomListMethods.RemoveUserLists()
                    in
                    C:\automaster\_work\3\s\DashworksTestAutomationCore\Steps\Dashworks\CustomList\AfterScenario\RemoveCustomListMethods.cs:line
                    33&#xD;
                    -&gt; 11/2/2021 9:34:37 AM - ERROR - Error during Custom list
                    deleting: System.Exception: Database query returns zero results&#xD;
                    -&gt; at
                    DashworksTestAutomation.Helpers.DatabaseHelper.ExecuteReader(String
                    query, Int32 columnIndex) in
                    C:\automaster\_work\3\s\DashworksTestAutomationCore\Helpers\DatabaseHelper.cs:line
                    59&#xD;
                    -&gt; at
                    DashworksTestAutomation.Steps.Dashworks.CustomList.AfterScenario.RemoveCustomListMethods.RemoveUserLists()
                    in
                    C:\automaster\_work\3\s\DashworksTestAutomationCore\Steps\Dashworks\CustomList\AfterScenario\RemoveCustomListMethods.cs:line
                    33&#xD;
                    -&gt; 11/2/2021 9:34:37 AM - INFO - The '1_28861DAS_Project' project
                    with '151' id has been deleted&#xD;
                    -&gt; 11/2/2021 9:34:41 AM - INFO - TEST FINISHED:
                    EvergreenJnr_Planning_CheckThatUpdateAndRedistributeButtonIsEnabledForAnyDDLOptionAfterClearingTargets
                </StdOut>
            </Output>
        </UnitTestResult>
        <UnitTestResult executionId="c9d6e0be-5ed2-42b2-a2dd-4ce18bbf0839"
                        testId="ab20b0b8-f987-162f-72f8-29bd423951d2"
                        testName="EvergreenJnr_Planning_CheckThatCumulativeNumberPerRingSlideToggleIsNotDisplayed"
                        computerName="automaster" duration="00:00:55.2380232"
                        startTime="2021-11-02T09:32:12.4396258+00:00"
                        endTime="2021-11-02T09:33:07.6776490+00:00"
                        testType="13cdc9d9-ddb5-4fa4-a97d-d965ccfc6d4b" outcome="Passed"
                        testListId="8c84fa94-04c1-424b-9868-57a2d4851a1d"
                        relativeResultsDirectory="c9d6e0be-5ed2-42b2-a2dd-4ce18bbf0839">
            <Output>
                <StdOut>-&gt; 11/2/2021 9:32:12 AM - INFO - TEST STARTED:
                    EvergreenJnr_Planning_CheckThatCumulativeNumberPerRingSlideToggleIsNotDisplayed&#xD;
                    &#xD;
                    Given User is logged in to the Evergreen&#xD;
                    -&gt; Navigating to the https://automaster.internal.juriba.com/&#xD;
                    -&gt; Navigating to the
                    https://automaster.internal.juriba.com/evergreen/&#xD;
                    -&gt; done: EvergreenJnr_Login.GivenUserIsLoggedInToTheEvergreen()
                    (2.6s)&#xD;
                    &#xD;
                    When User clicks 'Planning' on the left-hand menu&#xD;
                    -&gt; done:
                    EvergreenJnr_LeftHandMenuNavigation.WhenUserClicksOnTheLeft_HandMenu("Planning")
                    (2.3s)&#xD;
                    &#xD;
                    When User enters 'Ring Scoping Project' text in the Search field for
                    'Project' column&#xD;
                    -&gt; done:
                    EvergreenJnr_BaseGrid.WhenUserEntersTextInTheSearchFieldForColumn("Ring
                    Scoping Project", "Project") (4.3s)&#xD;
                    &#xD;
                    When User clicks on 'Ring Scoping Project' cell from 'Project'
                    column&#xD;
                    -&gt; done:
                    EvergreenJnr_BaseGrid.WhenUserClicksOnCellFromColumn("Ring Scoping
                    Project", "Project") (7.2s)&#xD;
                    &#xD;
                    Then 'Cumulative numbers per ring' slide toggle is not displayed&#xD;
                    -&gt; done:
                    SlideToggleSteps.ThenSlideToggleIsNotDisplayed("Cumulative
                    number...") (15.5s)&#xD;
                    &#xD;
                    When User selects 'Software' in the 'Summary' dropdown&#xD;
                    -&gt; done: DropdownSteps.WhenUserSelectsInTheDropdown("Software",
                    "Summary") (0.8s)&#xD;
                    &#xD;
                    Then 'Cumulative numbers per ring' slide toggle is not displayed&#xD;
                    -&gt; done:
                    SlideToggleSteps.ThenSlideToggleIsNotDisplayed("Cumulative
                    number...") (15.5s)&#xD;
                    &#xD;
                    &#xD;
                    -&gt; Test status is 'Passed'&#xD;
                    -&gt; TEST STATUS WAS POSTED:
                    EvergreenJnr_Planning_CheckThatCumulativeNumberPerRingSlideToggleIsNotDisplayed&#xD;
                    -&gt; Test finished on:
                    https://automaster.internal.juriba.com/evergreen/#/planning/ringscoping/statistics?$projectId=112&#xD;
                    -&gt; 11/2/2021 9:33:07 AM - INFO - TEST FINISHED:
                    EvergreenJnr_Planning_CheckThatCumulativeNumberPerRingSlideToggleIsNotDisplayed
                </StdOut>
            </Output>
        </UnitTestResult>
        <UnitTestResult executionId="a84bb8c8-db4d-4f2d-9396-11cf054854d3"
                        testId="4f95c9f2-ed43-396a-2f96-84d1f4fd2faf"
                        testName="EvergreenJnr_Planning_CheckThatTargetValuesAreShowingWithoutRecalculating"
                        computerName="automaster" duration="00:01:36.0174512"
                        startTime="2021-11-02T09:36:25.7334250+00:00"
                        endTime="2021-11-02T09:38:01.7508762+00:00"
                        testType="13cdc9d9-ddb5-4fa4-a97d-d965ccfc6d4b" outcome="Failed"
                        testListId="8c84fa94-04c1-424b-9868-57a2d4851a1d"
                        relativeResultsDirectory="a84bb8c8-db4d-4f2d-9396-11cf054854d3">
            <Output>
                <StdOut>-&gt; 11/2/2021 9:36:25 AM - INFO - TEST STARTED:
                    EvergreenJnr_Planning_CheckThatTargetValuesAreShowingWithoutRecalculating&#xD;
                    &#xD;
                    Given User is logged in to the Evergreen&#xD;
                    -&gt; Navigating to the https://automaster.internal.juriba.com/&#xD;
                    -&gt; Navigating to the
                    https://automaster.internal.juriba.com/evergreen/&#xD;
                    -&gt; done: EvergreenJnr_Login.GivenUserIsLoggedInToTheEvergreen()
                    (4.6s)&#xD;
                    &#xD;
                    When Project created via API&#xD;
                    --- table step argument ---&#xD;
                    | ProjectName | Scope | ProjectTemplate | Mode |&#xD;
                    | 1_25825DAS_Project | All Devices | None | Standalone Project |&#xD;
                    -&gt; done: ProjectApiSteps.WhenUserCreateNewProjectViaApi(&lt;table&gt;)
                    (0.1s)&#xD;
                    &#xD;
                    When User creates new Ring via api&#xD;
                    --- table step argument ---&#xD;
                    | Name | Description | IsDefault | Project |&#xD;
                    | 1_25825DAS_Ring | 25825DAS_1 | FALSE | 1_25825DAS_Project |&#xD;
                    | 2_25825DAS_Ring | 25825DAS_1 | FALSE | 1_25825DAS_Project |&#xD;
                    -&gt; done: CreateRingViaApi.WhenUserCreatesNewRingViaApi(&lt;table&gt;)
                    (0.8s)&#xD;
                    &#xD;
                    When User onboards objects to '1_25825DAS_Project' project&#xD;
                    --- table step argument ---&#xD;
                    | DeviceObjects |&#xD;
                    | 001BAQXT6JWFPI |&#xD;
                    | 001PSUMZYOW581 |&#xD;
                    -&gt; done:
                    OnboardObjects.WhenUserOnboardsObjectsToTheProject("1_25825DAS_Project",
                    &lt;table&gt;) (62.6s)&#xD;
                    &#xD;
                    When User clicks 'Planning' on the left-hand menu&#xD;
                    -&gt; done:
                    EvergreenJnr_LeftHandMenuNavigation.WhenUserClicksOnTheLeft_HandMenu("Planning")
                    (1.6s)&#xD;
                    &#xD;
                    When User enters '1_25825DAS_Project' text in the Search field for
                    'Project' column&#xD;
                    -&gt; done:
                    EvergreenJnr_BaseGrid.WhenUserEntersTextInTheSearchFieldForColumn("1_25825DAS_Project",
                    "Project") (3.5s)&#xD;
                    &#xD;
                    When User clicks on '1_25825DAS_Project' cell from 'Project' column&#xD;
                    -&gt; done:
                    EvergreenJnr_BaseGrid.WhenUserClicksOnCellFromColumn("1_25825DAS_Project",
                    "Project") (7.1s)&#xD;
                    &#xD;
                    When User navigates to the 'Scoping Parameters' left submenu item&#xD;
                    -&gt; done:
                    EvergreenJnr_LeftMenuNavigation.WhenUserNavigatesToTheParentLeftSubmenuItem("Scoping
                    Parameters") (1.6s)&#xD;
                    &#xD;
                    When User sets value to '1' for 'Minimum Number of Devices' column
                    and '1_25825DAS_Ring' row in 'Minimum and Maximum Number of Devices'
                    table&#xD;
                    -&gt; done:
                    EvergreenJnr_BaseTable.WhenUserSetValueToForColumnAndRowInTable("1",
                    "Minimum Number of...", "1_25825DAS_Ring", "Minimum and Maxim...")
                    (1.8s)&#xD;
                    &#xD;
                    When User sets value to '50' for 'Core' column and '2_25825DAS_Ring'
                    row in 'Application Coverage Targets' table&#xD;
                    -&gt; error: There is no table with 'Application Coverage Targets'
                    title (1.5s)&#xD;
                    &#xD;
                    When User clicks 'Update And Redistribute' button&#xD;
                    -&gt; skipped because of previous errors&#xD;
                    &#xD;
                    When User clicks 'Commit Changes Without Preview' button&#xD;
                    -&gt; skipped because of previous errors&#xD;
                    &#xD;
                    Then 'Your changes have been successfully processed and
                    recalculation of statistics has started' text is displayed on inline
                    success banner&#xD;
                    -&gt; skipped because of previous errors&#xD;
                    &#xD;
                    When User clicks 'Close' button on 'BaseInlineBannerElement' panel&#xD;
                    -&gt; skipped because of previous errors&#xD;
                    &#xD;
                    Then 'Recalculation of statistics is complete' text is displayed on
                    inline success banner&#xD;
                    -&gt; skipped because of previous errors&#xD;
                    &#xD;
                    When User checks 'Show target values' slide toggle&#xD;
                    -&gt; skipped because of previous errors&#xD;
                    &#xD;
                    Then User sees value '50%' for '2_25825DAS_Ring' column with 'Core
                    App Coverage Target' row name in static table&#xD;
                    -&gt; skipped because of previous errors&#xD;
                    &#xD;
                    &#xD;
                    -&gt; Test status is 'Failed'&#xD;
                    -&gt; Check screenshot by following path:
                    c:\Screenshots\EvergreenJnr_Planning_CheckThatTargetValuesAreShowingWithoutRecalculating_2021_11_02_09_37_57.png&#xD;
                    -&gt; TEST STATUS WAS POSTED:
                    EvergreenJnr_Planning_CheckThatTargetValuesAreShowingWithoutRecalculating&#xD;
                    -&gt; Test finished on:
                    https://automaster.internal.juriba.com/evergreen/#/planning/ringscoping/scopingParameters?$projectId=181&#xD;
                    -&gt; 11/2/2021 9:37:57 AM - ERROR - Error during Custom list
                    deleting: System.Exception: Database query returns zero results&#xD;
                    -&gt; at
                    DashworksTestAutomation.Helpers.DatabaseHelper.ExecuteReader(String
                    query, Int32 columnIndex) in
                    C:\automaster\_work\3\s\DashworksTestAutomationCore\Helpers\DatabaseHelper.cs:line
                    59&#xD;
                    -&gt; at
                    DashworksTestAutomation.Steps.Dashworks.CustomList.AfterScenario.RemoveCustomListMethods.RemoveUserLists()
                    in
                    C:\automaster\_work\3\s\DashworksTestAutomationCore\Steps\Dashworks\CustomList\AfterScenario\RemoveCustomListMethods.cs:line
                    33&#xD;
                    -&gt; 11/2/2021 9:37:57 AM - ERROR - Error during Custom list
                    deleting: System.Exception: Database query returns zero results&#xD;
                    -&gt; at
                    DashworksTestAutomation.Helpers.DatabaseHelper.ExecuteReader(String
                    query, Int32 columnIndex) in
                    C:\automaster\_work\3\s\DashworksTestAutomationCore\Helpers\DatabaseHelper.cs:line
                    59&#xD;
                    -&gt; at
                    DashworksTestAutomation.Steps.Dashworks.CustomList.AfterScenario.RemoveCustomListMethods.RemoveUserLists()
                    in
                    C:\automaster\_work\3\s\DashworksTestAutomationCore\Steps\Dashworks\CustomList\AfterScenario\RemoveCustomListMethods.cs:line
                    33&#xD;
                    -&gt; 11/2/2021 9:37:58 AM - INFO - The '1_25825DAS_Project' project
                    with '181' id has been deleted&#xD;
                    -&gt; 11/2/2021 9:38:01 AM - INFO - TEST FINISHED:
                    EvergreenJnr_Planning_CheckThatTargetValuesAreShowingWithoutRecalculating
                </StdOut>
                <StdErr>There is no table with 'Application Coverage Targets' title&#xD;
                    System.Exception: There is no table with 'Application Coverage
                    Targets' title&#xD;
                    at
                    DashworksTestAutomation.Pages.Evergreen.ItemDetails.BaseTable.GetTableByTitle(String
                    title) in
                    C:\automaster\_work\3\s\DashworksTestAutomationCore\Pages\Evergreen\ItemDetails\BaseTable.cs:line
                    273&#xD;
                    at
                    DashworksTestAutomation.Steps.Dashworks.ItemDetailsPage.EvergreenJnr_BaseTable.WhenUserSetValueToForColumnAndRowInTable(String
                    value, String headerName, String rowName, String title) in
                    C:\automaster\_work\3\s\DashworksTestAutomationCore\Steps\Dashworks\ItemDetailsPage\EvergreenJnr_BaseTable.cs:line
                    139&#xD;
                    at TechTalk.SpecFlow.Bindings.BindingInvoker.InvokeBinding(IBinding
                    binding, IContextManager contextManager, Object[] arguments,
                    ITestTracer testTracer, TimeSpan&amp; duration) in
                    D:\a\1\s\TechTalk.SpecFlow\Bindings\BindingInvoker.cs:line 88&#xD;
                    at
                    TechTalk.SpecRun.SpecFlowPlugin.Runtime.RunnerTestExecutionEngine.ExecuteStepMatch(BindingMatch
                    match, Object[] arguments, TimeSpan&amp; duration)&#xD;
                    at
                    TechTalk.SpecFlow.Infrastructure.TestExecutionEngine.ExecuteStep(IContextManager
                    contextManager, StepInstance stepInstance) in
                    D:\a\1\s\TechTalk.SpecFlow\Infrastructure\TestExecutionEngine.cs:line
                    496&#xD;
                    at
                    TechTalk.SpecFlow.Infrastructure.TestExecutionEngine.OnAfterLastStep()
                    in
                    D:\a\1\s\TechTalk.SpecFlow\Infrastructure\TestExecutionEngine.cs:line
                    268&#xD;
                    at
                    TechTalk.SpecRun.SpecFlowPlugin.Runtime.RunnerTestExecutionEngine.OnAfterLastStep()&#xD;
                    at TechTalk.SpecFlow.TestRunner.CollectScenarioErrors() in
                    D:\a\1\s\TechTalk.SpecFlow\TestRunner.cs:line 60&#xD;
                    at
                    DashworksTestAutomationCore.Tests.EvergreenJnr.EvergreenJnr_Planning.Planning_RingScoping_Part5Feature.ScenarioCleanup()&#xD;
                    at
                    DashworksTestAutomationCore.Tests.EvergreenJnr.EvergreenJnr_Planning.Planning_RingScoping_Part5Feature.EvergreenJnr_Planning_CheckThatTargetValuesAreShowingWithoutRecalculating()
                    in
                    C:\automaster\_work\3\s\DashworksTestAutomationCore\Tests\EvergreenJnr\EvergreenJnr_Planning\Planning_RingScoping_Part5.feature:line
                    64&#xD;
                    at
                    TechTalk.SpecRun.Framework.TaskExecutors.StaticOrInstanceMethodExecutor.ExecuteInternal(ITestThreadExecutionContext
                    testThreadExecutionContext)&#xD;
                    at
                    TechTalk.SpecRun.Framework.TaskExecutors.StaticOrInstanceMethodExecutor.Execute(ITestThreadExecutionContext
                    testThreadExecutionContext)&#xD;
                    at TechTalk.SpecRun.Framework.TestNodeTask.Execute()
                </StdErr>
                <ErrorInfo>
                    <Message>There is no table with 'Application Coverage Targets'
                        title
                    </Message>
                    <StackTrace>System.Exception: There is no table with 'Application
                        Coverage Targets' title&#xD;
                        at
                        DashworksTestAutomation.Pages.Evergreen.ItemDetails.BaseTable.GetTableByTitle(String
                        title) in
                        C:\automaster\_work\3\s\DashworksTestAutomationCore\Pages\Evergreen\ItemDetails\BaseTable.cs:line
                        273&#xD;
                        at
                        DashworksTestAutomation.Steps.Dashworks.ItemDetailsPage.EvergreenJnr_BaseTable.WhenUserSetValueToForColumnAndRowInTable(String
                        value, String headerName, String rowName, String title) in
                        C:\automaster\_work\3\s\DashworksTestAutomationCore\Steps\Dashworks\ItemDetailsPage\EvergreenJnr_BaseTable.cs:line
                        139&#xD;
                        at
                        TechTalk.SpecFlow.Bindings.BindingInvoker.InvokeBinding(IBinding
                        binding, IContextManager contextManager, Object[] arguments,
                        ITestTracer testTracer, TimeSpan&amp; duration) in
                        D:\a\1\s\TechTalk.SpecFlow\Bindings\BindingInvoker.cs:line 88&#xD;
                        at
                        TechTalk.SpecRun.SpecFlowPlugin.Runtime.RunnerTestExecutionEngine.ExecuteStepMatch(BindingMatch
                        match, Object[] arguments, TimeSpan&amp; duration)&#xD;
                        at
                        TechTalk.SpecFlow.Infrastructure.TestExecutionEngine.ExecuteStep(IContextManager
                        contextManager, StepInstance stepInstance) in
                        D:\a\1\s\TechTalk.SpecFlow\Infrastructure\TestExecutionEngine.cs:line
                        496&#xD;
                        at
                        TechTalk.SpecFlow.Infrastructure.TestExecutionEngine.OnAfterLastStep()
                        in
                        D:\a\1\s\TechTalk.SpecFlow\Infrastructure\TestExecutionEngine.cs:line
                        268&#xD;
                        at
                        TechTalk.SpecRun.SpecFlowPlugin.Runtime.RunnerTestExecutionEngine.OnAfterLastStep()&#xD;
                        at TechTalk.SpecFlow.TestRunner.CollectScenarioErrors() in
                        D:\a\1\s\TechTalk.SpecFlow\TestRunner.cs:line 60&#xD;
                        at
                        DashworksTestAutomationCore.Tests.EvergreenJnr.EvergreenJnr_Planning.Planning_RingScoping_Part5Feature.ScenarioCleanup()&#xD;
                        at
                        DashworksTestAutomationCore.Tests.EvergreenJnr.EvergreenJnr_Planning.Planning_RingScoping_Part5Feature.EvergreenJnr_Planning_CheckThatTargetValuesAreShowingWithoutRecalculating()
                        in
                        C:\automaster\_work\3\s\DashworksTestAutomationCore\Tests\EvergreenJnr\EvergreenJnr_Planning\Planning_RingScoping_Part5.feature:line
                        64&#xD;
                        at
                        TechTalk.SpecRun.Framework.TaskExecutors.StaticOrInstanceMethodExecutor.ExecuteInternal(ITestThreadExecutionContext
                        testThreadExecutionContext)&#xD;
                        at
                        TechTalk.SpecRun.Framework.TaskExecutors.StaticOrInstanceMethodExecutor.Execute(ITestThreadExecutionContext
                        testThreadExecutionContext)&#xD;
                        at TechTalk.SpecRun.Framework.TestNodeTask.Execute()
                    </StackTrace>
                </ErrorInfo>
            </Output>
        </UnitTestResult>
        <UnitTestResult executionId="26bbd075-871b-4816-9fbd-2dc54fd53496"
                        testId="d87b632b-93e1-f2be-fa66-09bf41a4949a"
                        testName="EvergreenJnr_Planning_CheckThatShowChartsToggleIsReturnedToToggleOnStateAfterChangingParametersOnStatisticPageOnRingScoping"
                        computerName="automaster" duration="00:01:45.8492073"
                        startTime="2021-11-02T09:32:54.2482450+00:00"
                        endTime="2021-11-02T09:34:40.0974523+00:00"
                        testType="13cdc9d9-ddb5-4fa4-a97d-d965ccfc6d4b" outcome="Failed"
                        testListId="8c84fa94-04c1-424b-9868-57a2d4851a1d"
                        relativeResultsDirectory="26bbd075-871b-4816-9fbd-2dc54fd53496">
            <Output>
                <StdOut>-&gt; 11/2/2021 9:32:54 AM - INFO - TEST STARTED:
                    EvergreenJnr_Planning_CheckThatShowChartsToggleIsReturnedToToggleOnStateAfterChangingParametersOnStatisticPageOnRingScoping&#xD;
                    &#xD;
                    Given User is logged in to the Evergreen&#xD;
                    -&gt; Navigating to the https://automaster.internal.juriba.com/&#xD;
                    -&gt; Navigating to the
                    https://automaster.internal.juriba.com/evergreen/&#xD;
                    -&gt; done: EvergreenJnr_Login.GivenUserIsLoggedInToTheEvergreen()
                    (2.5s)&#xD;
                    &#xD;
                    When Project created via API&#xD;
                    --- table step argument ---&#xD;
                    | ProjectName | Scope | ProjectTemplate | Mode |&#xD;
                    | 1_27454DAS_Project | All Devices | None | Standalone Project |&#xD;
                    -&gt; done: ProjectApiSteps.WhenUserCreateNewProjectViaApi(&lt;table&gt;)
                    (0.2s)&#xD;
                    &#xD;
                    When User creates new Ring via api&#xD;
                    --- table step argument ---&#xD;
                    | Name | Description | IsDefault | Project |&#xD;
                    | 1_27454DAS_Ring | DAS27454 | FALSE | 1_27454DAS_Project |&#xD;
                    | 2_27454DAS_Ring | DAS27454 | FALSE | 1_27454DAS_Project |&#xD;
                    -&gt; done: CreateRingViaApi.WhenUserCreatesNewRingViaApi(&lt;table&gt;)
                    (2.4s)&#xD;
                    &#xD;
                    When User onboards objects to '1_27454DAS_Project' project&#xD;
                    --- table step argument ---&#xD;
                    | DeviceObjects |&#xD;
                    | 00BDM1JUR8IF419 |&#xD;
                    | 00K4CEEQ737BA4L |&#xD;
                    | 011PLA470S0B9DJ |&#xD;
                    | 019BFPQGKK5QT8N |&#xD;
                    | 01BQIYGGUW5PRP6 |&#xD;
                    | 01COJATLYVAR7A6 |&#xD;
                    -&gt; done:
                    OnboardObjects.WhenUserOnboardsObjectsToTheProject("1_27454DAS_Project",
                    &lt;table&gt;) (54.4s)&#xD;
                    &#xD;
                    When User clicks 'Planning' on the left-hand menu&#xD;
                    -&gt; done:
                    EvergreenJnr_LeftHandMenuNavigation.WhenUserClicksOnTheLeft_HandMenu("Planning")
                    (1.6s)&#xD;
                    &#xD;
                    When User enters '1_27454DAS_Project' text in the Search field for
                    'Project' column&#xD;
                    -&gt; done:
                    EvergreenJnr_BaseGrid.WhenUserEntersTextInTheSearchFieldForColumn("1_27454DAS_Project",
                    "Project") (3.9s)&#xD;
                    &#xD;
                    When User clicks on '1_27454DAS_Project' cell from 'Project' column&#xD;
                    -&gt; done:
                    EvergreenJnr_BaseGrid.WhenUserClicksOnCellFromColumn("1_27454DAS_Project",
                    "Project") (7.1s)&#xD;
                    &#xD;
                    When User clicks 'Generate Statistics' button&#xD;
                    -&gt; done: ButtonSteps.WhenUserClicksButton("Generate Statistics")
                    (0.1s)&#xD;
                    &#xD;
                    Then 'Recalculation of statistics is complete' text is displayed on
                    inline success banner&#xD;
                    -&gt; done:
                    EvergreenJnr_BaseInlineTipBannerElement.ThenTextIsDisplayedOnInlineSuccessBanner("Recalculation
                    of ...") (10.4s)&#xD;
                    &#xD;
                    When User unchecks 'Show charts' slide toggle&#xD;
                    -&gt; done: SlideToggleSteps.WhenUserUnchecksSlideToggle("Show
                    charts") (0.1s)&#xD;
                    &#xD;
                    Then 'Show charts' slide toggle is not checked&#xD;
                    -&gt; done: SlideToggleSteps.ThenSlideToggleIsNotChecked("Show
                    charts") (0.1s)&#xD;
                    &#xD;
                    Then Charts are not displayed&#xD;
                    -&gt; done: EvergreenJnr_RingScopingPage.ThenChartsAreNotDisplayed()
                    (1.5s)&#xD;
                    &#xD;
                    When User navigates to the 'Scoping Parameters' left submenu item&#xD;
                    -&gt; done:
                    EvergreenJnr_LeftMenuNavigation.WhenUserNavigatesToTheParentLeftSubmenuItem("Scoping
                    Parameters") (1.6s)&#xD;
                    &#xD;
                    When User sets value to '1' for 'Minimum Number of Devices' column
                    and '1_27454DAS_Ring' row in 'Minimum and Maximum Number of Devices'
                    table&#xD;
                    -&gt; done:
                    EvergreenJnr_BaseTable.WhenUserSetValueToForColumnAndRowInTable("1",
                    "Minimum Number of...", "1_27454DAS_Ring", "Minimum and Maxim...")
                    (2.5s)&#xD;
                    &#xD;
                    When User sets value to '1' for 'Minimum Number of Devices' column
                    and '2_27454DAS_Ring' row in 'Minimum and Maximum Number of Devices'
                    table&#xD;
                    -&gt; done:
                    EvergreenJnr_BaseTable.WhenUserSetValueToForColumnAndRowInTable("1",
                    "Minimum Number of...", "2_27454DAS_Ring", "Minimum and Maxim...")
                    (1.8s)&#xD;
                    &#xD;
                    When User clicks 'Update And Redistribute' button&#xD;
                    -&gt; done: ButtonSteps.WhenUserClicksButton("Update And Redist...")
                    (0.1s)&#xD;
                    &#xD;
                    When User clicks 'Commit Changes Without Preview' button&#xD;
                    -&gt; done: ButtonSteps.WhenUserClicksButton("Commit Changes Wi...")
                    (1.2s)&#xD;
                    &#xD;
                    Then 'Show charts' slide toggle is not checked&#xD;
                    -&gt; done: SlideToggleSteps.ThenSlideToggleIsNotChecked("Show
                    charts") (0.6s)&#xD;
                    &#xD;
                    When User checks 'Show charts' slide toggle&#xD;
                    -&gt; done: SlideToggleSteps.WhenUserChecksSlideToggle("Show
                    charts") (0.1s)&#xD;
                    &#xD;
                    Then Chart with name 'Devices by Ring' is displayed&#xD;
                    -&gt; done:
                    EvergreenJnr_RingScopingPage.ThenChartWithNameIsDisplayed("Devices
                    by Ring") (1.5s)&#xD;
                    &#xD;
                    Then Chart with name 'App Count per Criticality and Ring' is
                    displayed&#xD;
                    -&gt; Expected some item equal to "App Count per Criticality and
                    Ring"&#xD;
                    -&gt; But was: &lt; "Devices by Ring" &gt;&#xD;
                    -&gt; Chart with name 'App Count per Criticality and Ring' is not
                    displayed&#xD;
                    -&gt; error: Chart with name 'App Count per Criticality and Ring' is
                    not displayed&#xD;
                    -&gt; Expected: some item equal to "App Count per Criticality and
                    Ring"&#xD;
                    -&gt; But was: &lt; "Devices by Ring" &gt; (1.5s)&#xD;
                    &#xD;
                    Then Chart with name 'App Criticality Coverage by Ring' is displayed&#xD;
                    -&gt; skipped because of previous errors&#xD;
                    &#xD;
                    &#xD;
                    -&gt; Test status is 'Failed'&#xD;
                    -&gt; Check screenshot by following path:
                    c:\Screenshots\EvergreenJnr_Planning_CheckThatShowChartsToggleIsReturnedToToggleOnStateAfterChangingParametersOnStatisticPageOnRingScoping_2021_11_02_09_34_35.png&#xD;
                    -&gt; TEST STATUS WAS POSTED:
                    EvergreenJnr_Planning_CheckThatShowChartsToggleIsReturnedToToggleOnStateAfterChangingParametersOnStatisticPageOnRingScoping&#xD;
                    -&gt; Test finished on:
                    https://automaster.internal.juriba.com/evergreen/#/planning/ringscoping/statistics?$projectId=150&#xD;
                    -&gt; 11/2/2021 9:34:36 AM - ERROR - Error during Custom list
                    deleting: System.Exception: Database query returns zero results&#xD;
                    -&gt; at
                    DashworksTestAutomation.Helpers.DatabaseHelper.ExecuteReader(String
                    query, Int32 columnIndex) in
                    C:\automaster\_work\3\s\DashworksTestAutomationCore\Helpers\DatabaseHelper.cs:line
                    59&#xD;
                    -&gt; at
                    DashworksTestAutomation.Steps.Dashworks.CustomList.AfterScenario.RemoveCustomListMethods.RemoveUserLists()
                    in
                    C:\automaster\_work\3\s\DashworksTestAutomationCore\Steps\Dashworks\CustomList\AfterScenario\RemoveCustomListMethods.cs:line
                    33&#xD;
                    -&gt; 11/2/2021 9:34:36 AM - ERROR - Error during Custom list
                    deleting: System.Exception: Database query returns zero results&#xD;
                    -&gt; at
                    DashworksTestAutomation.Helpers.DatabaseHelper.ExecuteReader(String
                    query, Int32 columnIndex) in
                    C:\automaster\_work\3\s\DashworksTestAutomationCore\Helpers\DatabaseHelper.cs:line
                    59&#xD;
                    -&gt; at
                    DashworksTestAutomation.Steps.Dashworks.CustomList.AfterScenario.RemoveCustomListMethods.RemoveUserLists()
                    in
                    C:\automaster\_work\3\s\DashworksTestAutomationCore\Steps\Dashworks\CustomList\AfterScenario\RemoveCustomListMethods.cs:line
                    33&#xD;
                    -&gt; 11/2/2021 9:34:36 AM - INFO - The '1_27454DAS_Project' project
                    with '150' id has been deleted&#xD;
                    -&gt; 11/2/2021 9:34:40 AM - INFO - TEST FINISHED:
                    EvergreenJnr_Planning_CheckThatShowChartsToggleIsReturnedToToggleOnStateAfterChangingParametersOnStatisticPageOnRingScoping
                </StdOut>
                <StdErr>Chart with name 'App Count per Criticality and Ring' is not
                    displayed&#xD;
                    Expected: some item equal to "App Count per Criticality and Ring"&#xD;
                    But was: &lt; "Devices by Ring" &gt;&#xD;
                    System.Exception: Chart with name 'App Count per Criticality and
                    Ring' is not displayed&#xD;
                    Expected: some item equal to "App Count per Criticality and Ring"&#xD;
                    But was: &lt; "Devices by Ring" &gt;&#xD;
                    at AutomationUtils.Utils.Verify.That[TActual](TActual actual,
                    IResolveConstraint expression, String message, Object[] args)&#xD;
                    at AutomationUtils.Utils.Verify.Contains(Object expected,
                    ICollection actual, String message, Object[] args)&#xD;
                    at
                    DashworksTestAutomationCore.Steps.Dashworks.EvergreenJnr_RingScopingPage.ThenChartWithNameIsDisplayed(String
                    chartName) in
                    C:\automaster\_work\3\s\DashworksTestAutomationCore\Steps\Dashworks\Planning\RingScoping\EvergreenJnr_RingScopingPage.cs:line
                    54&#xD;
                    at TechTalk.SpecFlow.Bindings.BindingInvoker.InvokeBinding(IBinding
                    binding, IContextManager contextManager, Object[] arguments,
                    ITestTracer testTracer, TimeSpan&amp; duration) in
                    D:\a\1\s\TechTalk.SpecFlow\Bindings\BindingInvoker.cs:line 88&#xD;
                    at
                    TechTalk.SpecRun.SpecFlowPlugin.Runtime.RunnerTestExecutionEngine.ExecuteStepMatch(BindingMatch
                    match, Object[] arguments, TimeSpan&amp; duration)&#xD;
                    at
                    TechTalk.SpecFlow.Infrastructure.TestExecutionEngine.ExecuteStep(IContextManager
                    contextManager, StepInstance stepInstance) in
                    D:\a\1\s\TechTalk.SpecFlow\Infrastructure\TestExecutionEngine.cs:line
                    496&#xD;
                    at
                    TechTalk.SpecFlow.Infrastructure.TestExecutionEngine.OnAfterLastStep()
                    in
                    D:\a\1\s\TechTalk.SpecFlow\Infrastructure\TestExecutionEngine.cs:line
                    268&#xD;
                    at
                    TechTalk.SpecRun.SpecFlowPlugin.Runtime.RunnerTestExecutionEngine.OnAfterLastStep()&#xD;
                    at TechTalk.SpecFlow.TestRunner.CollectScenarioErrors() in
                    D:\a\1\s\TechTalk.SpecFlow\TestRunner.cs:line 60&#xD;
                    at
                    DashworksTestAutomationCore.Tests.EvergreenJnr.EvergreenJnr_Planning.Planning_RingScoping_Part10Feature.ScenarioCleanup()&#xD;
                    at
                    DashworksTestAutomationCore.Tests.EvergreenJnr.EvergreenJnr_Planning.Planning_RingScoping_Part10Feature.EvergreenJnr_Planning_CheckThatShowChartsToggleIsReturnedToToggleOnStateAfterChangingParametersOnStatisticPageOnRingScoping()
                    in
                    C:\automaster\_work\3\s\DashworksTestAutomationCore\Tests\EvergreenJnr\EvergreenJnr_Planning\Planning_RingScoping_Part10.feature:line
                    41&#xD;
                    at
                    TechTalk.SpecRun.Framework.TaskExecutors.StaticOrInstanceMethodExecutor.ExecuteInternal(ITestThreadExecutionContext
                    testThreadExecutionContext)&#xD;
                    at
                    TechTalk.SpecRun.Framework.TaskExecutors.StaticOrInstanceMethodExecutor.Execute(ITestThreadExecutionContext
                    testThreadExecutionContext)&#xD;
                    at TechTalk.SpecRun.Framework.TestNodeTask.Execute()
                </StdErr>
                <ErrorInfo>
                    <Message>Chart with name 'App Count per Criticality and Ring' is not
                        displayed&#xD;
                        Expected: some item equal to "App Count per Criticality and
                        Ring"&#xD;
                        But was: &lt; "Devices by Ring" &gt;
                    </Message>
                    <StackTrace>System.Exception: Chart with name 'App Count per
                        Criticality and Ring' is not displayed&#xD;
                        Expected: some item equal to "App Count per Criticality and
                        Ring"&#xD;
                        But was: &lt; "Devices by Ring" &gt;&#xD;
                        at AutomationUtils.Utils.Verify.That[TActual](TActual actual,
                        IResolveConstraint expression, String message, Object[] args)&#xD;
                        at AutomationUtils.Utils.Verify.Contains(Object expected,
                        ICollection actual, String message, Object[] args)&#xD;
                        at
                        DashworksTestAutomationCore.Steps.Dashworks.EvergreenJnr_RingScopingPage.ThenChartWithNameIsDisplayed(String
                        chartName) in
                        C:\automaster\_work\3\s\DashworksTestAutomationCore\Steps\Dashworks\Planning\RingScoping\EvergreenJnr_RingScopingPage.cs:line
                        54&#xD;
                        at
                        TechTalk.SpecFlow.Bindings.BindingInvoker.InvokeBinding(IBinding
                        binding, IContextManager contextManager, Object[] arguments,
                        ITestTracer testTracer, TimeSpan&amp; duration) in
                        D:\a\1\s\TechTalk.SpecFlow\Bindings\BindingInvoker.cs:line 88&#xD;
                        at
                        TechTalk.SpecRun.SpecFlowPlugin.Runtime.RunnerTestExecutionEngine.ExecuteStepMatch(BindingMatch
                        match, Object[] arguments, TimeSpan&amp; duration)&#xD;
                        at
                        TechTalk.SpecFlow.Infrastructure.TestExecutionEngine.ExecuteStep(IContextManager
                        contextManager, StepInstance stepInstance) in
                        D:\a\1\s\TechTalk.SpecFlow\Infrastructure\TestExecutionEngine.cs:line
                        496&#xD;
                        at
                        TechTalk.SpecFlow.Infrastructure.TestExecutionEngine.OnAfterLastStep()
                        in
                        D:\a\1\s\TechTalk.SpecFlow\Infrastructure\TestExecutionEngine.cs:line
                        268&#xD;
                        at
                        TechTalk.SpecRun.SpecFlowPlugin.Runtime.RunnerTestExecutionEngine.OnAfterLastStep()&#xD;
                        at TechTalk.SpecFlow.TestRunner.CollectScenarioErrors() in
                        D:\a\1\s\TechTalk.SpecFlow\TestRunner.cs:line 60&#xD;
                        at
                        DashworksTestAutomationCore.Tests.EvergreenJnr.EvergreenJnr_Planning.Planning_RingScoping_Part10Feature.ScenarioCleanup()&#xD;
                        at
                        DashworksTestAutomationCore.Tests.EvergreenJnr.EvergreenJnr_Planning.Planning_RingScoping_Part10Feature.EvergreenJnr_Planning_CheckThatShowChartsToggleIsReturnedToToggleOnStateAfterChangingParametersOnStatisticPageOnRingScoping()
                        in
                        C:\automaster\_work\3\s\DashworksTestAutomationCore\Tests\EvergreenJnr\EvergreenJnr_Planning\Planning_RingScoping_Part10.feature:line
                        41&#xD;
                        at
                        TechTalk.SpecRun.Framework.TaskExecutors.StaticOrInstanceMethodExecutor.ExecuteInternal(ITestThreadExecutionContext
                        testThreadExecutionContext)&#xD;
                        at
                        TechTalk.SpecRun.Framework.TaskExecutors.StaticOrInstanceMethodExecutor.Execute(ITestThreadExecutionContext
                        testThreadExecutionContext)&#xD;
                        at TechTalk.SpecRun.Framework.TestNodeTask.Execute()
                    </StackTrace>
                </ErrorInfo>
            </Output>
        </UnitTestResult>
        <UnitTestResult executionId="2f3faa35-caf4-4646-a3b0-ffda9e44bcc0"
                        testId="426c53e7-fa93-271c-9555-b5e4ca86d976"
                        testName="EvergreenJnr_Planning_CheckThatNewDefaultProjectIsDisplayedInsteadOfOldDefaultProjectOnRingScoping"
                        computerName="automaster" duration="00:00:15.3062537"
                        startTime="2021-11-02T09:31:07.4926844+00:00"
                        endTime="2021-11-02T09:31:22.7989381+00:00"
                        testType="13cdc9d9-ddb5-4fa4-a97d-d965ccfc6d4b" outcome="Failed"
                        testListId="8c84fa94-04c1-424b-9868-57a2d4851a1d"
                        relativeResultsDirectory="2f3faa35-caf4-4646-a3b0-ffda9e44bcc0">
            <Output>
                <StdOut>-&gt; 11/2/2021 9:31:07 AM - INFO - TEST STARTED:
                    EvergreenJnr_Planning_CheckThatNewDefaultProjectIsDisplayedInsteadOfOldDefaultProjectOnRingScoping&#xD;
                    &#xD;
                    Given User is logged in to the Evergreen&#xD;
                    -&gt; Navigating to the https://automaster.internal.juriba.com/&#xD;
                    -&gt; Navigating to the
                    https://automaster.internal.juriba.com/evergreen/&#xD;
                    -&gt; done: EvergreenJnr_Login.GivenUserIsLoggedInToTheEvergreen()
                    (2.8s)&#xD;
                    &#xD;
                    When Project created via API&#xD;
                    --- table step argument ---&#xD;
                    | ProjectName | Scope | ProjectTemplate | Mode |&#xD;
                    | 1_27365DAS_Project | All Devices | None | Standalone Project |&#xD;
                    -&gt; error: Unable to create project: A project already exists with
                    this name (0.0s)&#xD;
                    &#xD;
                    When User clicks 'Planning' on the left-hand menu&#xD;
                    -&gt; skipped because of previous errors&#xD;
                    &#xD;
                    When User navigates to the 'Ring Scoping' left submenu item&#xD;
                    -&gt; skipped because of previous errors&#xD;
                    &#xD;
                    When User selects '1_27365DAS_Project' in the 'Project Selector'
                    dropdown&#xD;
                    -&gt; skipped because of previous errors&#xD;
                    &#xD;
                    When User selects 'make-default' option in the 'Project Selector'
                    dropdown&#xD;
                    -&gt; skipped because of previous errors&#xD;
                    &#xD;
                    When User clicks 'Planning' on the left-hand menu&#xD;
                    -&gt; skipped because of previous errors&#xD;
                    &#xD;
                    When User navigates to the 'Ring Scoping' left submenu item&#xD;
                    -&gt; skipped because of previous errors&#xD;
                    &#xD;
                    Then Page with '1_27365DAS_Project' header is displayed to user&#xD;
                    -&gt; skipped because of previous errors&#xD;
                    &#xD;
                    &#xD;
                    -&gt; Test status is 'Failed'&#xD;
                    -&gt; Check screenshot by following path:
                    c:\Screenshots\EvergreenJnr_Planning_CheckThatNewDefaultProjectIsDisplayedInsteadOfOldDefaultProjectOnRingScoping_2021_11_02_09_31_18.png&#xD;
                    -&gt; TEST STATUS WAS POSTED:
                    EvergreenJnr_Planning_CheckThatNewDefaultProjectIsDisplayedInsteadOfOldDefaultProjectOnRingScoping&#xD;
                    -&gt; Test finished on:
                    https://automaster.internal.juriba.com/evergreen/#/dashboards/532&#xD;
                    -&gt; 11/2/2021 9:31:19 AM - ERROR - Error during Custom list
                    deleting: System.Exception: Database query returns zero results&#xD;
                    -&gt; at
                    DashworksTestAutomation.Helpers.DatabaseHelper.ExecuteReader(String
                    query, Int32 columnIndex) in
                    C:\automaster\_work\3\s\DashworksTestAutomationCore\Helpers\DatabaseHelper.cs:line
                    59&#xD;
                    -&gt; at
                    DashworksTestAutomation.Steps.Dashworks.CustomList.AfterScenario.RemoveCustomListMethods.RemoveUserLists()
                    in
                    C:\automaster\_work\3\s\DashworksTestAutomationCore\Steps\Dashworks\CustomList\AfterScenario\RemoveCustomListMethods.cs:line
                    33&#xD;
                    -&gt; 11/2/2021 9:31:19 AM - ERROR - Error during Custom list
                    deleting: System.Exception: Database query returns zero results&#xD;
                    -&gt; at
                    DashworksTestAutomation.Helpers.DatabaseHelper.ExecuteReader(String
                    query, Int32 columnIndex) in
                    C:\automaster\_work\3\s\DashworksTestAutomationCore\Helpers\DatabaseHelper.cs:line
                    59&#xD;
                    -&gt; at
                    DashworksTestAutomation.Steps.Dashworks.CustomList.AfterScenario.RemoveCustomListMethods.RemoveUserLists()
                    in
                    C:\automaster\_work\3\s\DashworksTestAutomationCore\Steps\Dashworks\CustomList\AfterScenario\RemoveCustomListMethods.cs:line
                    33&#xD;
                    -&gt; 11/2/2021 9:31:19 AM - INFO - The '1_27365DAS_Project' project
                    with '124' id has been deleted&#xD;
                    -&gt; 11/2/2021 9:31:22 AM - INFO - TEST FINISHED:
                    EvergreenJnr_Planning_CheckThatNewDefaultProjectIsDisplayedInsteadOfOldDefaultProjectOnRingScoping
                </StdOut>
                <StdErr>Unable to create project: A project already exists with this
                    name&#xD;
                    System.Exception: Unable to create project: A project already exists
                    with this name&#xD;
                    at
                    DashworksTestAutomationCore.Api.Dashworks.AdminPage.Project.ProjectApi.Create(Table
                    table, Projects projects) in
                    C:\automaster\_work\3\s\DashworksTestAutomationCore\Api\Dashworks\AdminPage\Project\ProjectApi.cs:line
                    78&#xD;
                    at
                    DashworksTestAutomationCore.Steps.Dashworks.AdminPage.Project.ProjectApiSteps.WhenUserCreateNewProjectViaApi(Table
                    table) in
                    C:\automaster\_work\3\s\DashworksTestAutomationCore\Steps\Dashworks\AdminPage\Project\ProjectApiSteps.cs:line
                    50&#xD;
                    at TechTalk.SpecFlow.Bindings.BindingInvoker.InvokeBinding(IBinding
                    binding, IContextManager contextManager, Object[] arguments,
                    ITestTracer testTracer, TimeSpan&amp; duration) in
                    D:\a\1\s\TechTalk.SpecFlow\Bindings\BindingInvoker.cs:line 73&#xD;
                    at
                    TechTalk.SpecFlow.Infrastructure.TestExecutionEngine.ExecuteStepMatch(BindingMatch
                    match, Object[] arguments, TimeSpan&amp; duration) in
                    D:\a\1\s\TechTalk.SpecFlow\Infrastructure\TestExecutionEngine.cs:line
                    522&#xD;
                    at
                    TechTalk.SpecRun.SpecFlowPlugin.Runtime.RunnerTestExecutionEngine.ExecuteStepMatch(BindingMatch
                    match, Object[] arguments, TimeSpan&amp; duration)&#xD;
                    at
                    TechTalk.SpecFlow.Infrastructure.TestExecutionEngine.ExecuteStep(IContextManager
                    contextManager, StepInstance stepInstance) in
                    D:\a\1\s\TechTalk.SpecFlow\Infrastructure\TestExecutionEngine.cs:line
                    446&#xD;
                    at
                    TechTalk.SpecFlow.Infrastructure.TestExecutionEngine.OnAfterLastStep()
                    in
                    D:\a\1\s\TechTalk.SpecFlow\Infrastructure\TestExecutionEngine.cs:line
                    268&#xD;
                    at
                    TechTalk.SpecRun.SpecFlowPlugin.Runtime.RunnerTestExecutionEngine.OnAfterLastStep()&#xD;
                    at TechTalk.SpecFlow.TestRunner.CollectScenarioErrors() in
                    D:\a\1\s\TechTalk.SpecFlow\TestRunner.cs:line 60&#xD;
                    at
                    DashworksTestAutomationCore.Tests.EvergreenJnr.EvergreenJnr_Planning.Planning_RingScoping_Part11Feature.ScenarioCleanup()&#xD;
                    at
                    DashworksTestAutomationCore.Tests.EvergreenJnr.EvergreenJnr_Planning.Planning_RingScoping_Part11Feature.EvergreenJnr_Planning_CheckThatNewDefaultProjectIsDisplayedInsteadOfOldDefaultProjectOnRingScoping()
                    in
                    C:\automaster\_work\3\s\DashworksTestAutomationCore\Tests\EvergreenJnr\EvergreenJnr_Planning\Planning_RingScoping_Part11.feature:line
                    40&#xD;
                    at
                    TechTalk.SpecRun.Framework.TaskExecutors.StaticOrInstanceMethodExecutor.ExecuteInternal(ITestThreadExecutionContext
                    testThreadExecutionContext)&#xD;
                    at
                    TechTalk.SpecRun.Framework.TaskExecutors.StaticOrInstanceMethodExecutor.Execute(ITestThreadExecutionContext
                    testThreadExecutionContext)&#xD;
                    at TechTalk.SpecRun.Framework.TestNodeTask.Execute()
                </StdErr>
                <ErrorInfo>
                    <Message>Unable to create project: A project already exists with
                        this name
                    </Message>
                    <StackTrace>System.Exception: Unable to create project: A project
                        already exists with this name&#xD;
                        at
                        DashworksTestAutomationCore.Api.Dashworks.AdminPage.Project.ProjectApi.Create(Table
                        table, Projects projects) in
                        C:\automaster\_work\3\s\DashworksTestAutomationCore\Api\Dashworks\AdminPage\Project\ProjectApi.cs:line
                        78&#xD;
                        at
                        DashworksTestAutomationCore.Steps.Dashworks.AdminPage.Project.ProjectApiSteps.WhenUserCreateNewProjectViaApi(Table
                        table) in
                        C:\automaster\_work\3\s\DashworksTestAutomationCore\Steps\Dashworks\AdminPage\Project\ProjectApiSteps.cs:line
                        50&#xD;
                        at
                        TechTalk.SpecFlow.Bindings.BindingInvoker.InvokeBinding(IBinding
                        binding, IContextManager contextManager, Object[] arguments,
                        ITestTracer testTracer, TimeSpan&amp; duration) in
                        D:\a\1\s\TechTalk.SpecFlow\Bindings\BindingInvoker.cs:line 73&#xD;
                        at
                        TechTalk.SpecFlow.Infrastructure.TestExecutionEngine.ExecuteStepMatch(BindingMatch
                        match, Object[] arguments, TimeSpan&amp; duration) in
                        D:\a\1\s\TechTalk.SpecFlow\Infrastructure\TestExecutionEngine.cs:line
                        522&#xD;
                        at
                        TechTalk.SpecRun.SpecFlowPlugin.Runtime.RunnerTestExecutionEngine.ExecuteStepMatch(BindingMatch
                        match, Object[] arguments, TimeSpan&amp; duration)&#xD;
                        at
                        TechTalk.SpecFlow.Infrastructure.TestExecutionEngine.ExecuteStep(IContextManager
                        contextManager, StepInstance stepInstance) in
                        D:\a\1\s\TechTalk.SpecFlow\Infrastructure\TestExecutionEngine.cs:line
                        446&#xD;
                        at
                        TechTalk.SpecFlow.Infrastructure.TestExecutionEngine.OnAfterLastStep()
                        in
                        D:\a\1\s\TechTalk.SpecFlow\Infrastructure\TestExecutionEngine.cs:line
                        268&#xD;
                        at
                        TechTalk.SpecRun.SpecFlowPlugin.Runtime.RunnerTestExecutionEngine.OnAfterLastStep()&#xD;
                        at TechTalk.SpecFlow.TestRunner.CollectScenarioErrors() in
                        D:\a\1\s\TechTalk.SpecFlow\TestRunner.cs:line 60&#xD;
                        at
                        DashworksTestAutomationCore.Tests.EvergreenJnr.EvergreenJnr_Planning.Planning_RingScoping_Part11Feature.ScenarioCleanup()&#xD;
                        at
                        DashworksTestAutomationCore.Tests.EvergreenJnr.EvergreenJnr_Planning.Planning_RingScoping_Part11Feature.EvergreenJnr_Planning_CheckThatNewDefaultProjectIsDisplayedInsteadOfOldDefaultProjectOnRingScoping()
                        in
                        C:\automaster\_work\3\s\DashworksTestAutomationCore\Tests\EvergreenJnr\EvergreenJnr_Planning\Planning_RingScoping_Part11.feature:line
                        40&#xD;
                        at
                        TechTalk.SpecRun.Framework.TaskExecutors.StaticOrInstanceMethodExecutor.ExecuteInternal(ITestThreadExecutionContext
                        testThreadExecutionContext)&#xD;
                        at
                        TechTalk.SpecRun.Framework.TaskExecutors.StaticOrInstanceMethodExecutor.Execute(ITestThreadExecutionContext
                        testThreadExecutionContext)&#xD;
                        at TechTalk.SpecRun.Framework.TestNodeTask.Execute()
                    </StackTrace>
                </ErrorInfo>
            </Output>
        </UnitTestResult>
        <UnitTestResult executionId="70daddf1-d515-4bb3-9a1f-4aeddae225c6"
                        testId="c968dad4-6437-1f27-1ba2-e94b403e538a"
                        testName="EvergreenJnr_Planning_CheckThatRedistributionProcessingIsCanceledWhenUserRefreshesThePage"
                        computerName="automaster" duration="00:02:10.5203417"
                        startTime="2021-11-02T09:32:38.3298932+00:00"
                        endTime="2021-11-02T09:34:48.8502349+00:00"
                        testType="13cdc9d9-ddb5-4fa4-a97d-d965ccfc6d4b" outcome="Passed"
                        testListId="8c84fa94-04c1-424b-9868-57a2d4851a1d"
                        relativeResultsDirectory="70daddf1-d515-4bb3-9a1f-4aeddae225c6">
            <Output>
                <StdOut>-&gt; 11/2/2021 9:32:38 AM - INFO - TEST STARTED:
                    EvergreenJnr_Planning_CheckThatRedistributionProcessingIsCanceledWhenUserRefreshesThePage&#xD;
                    &#xD;
                    Given User is logged in to the Evergreen&#xD;
                    -&gt; Navigating to the https://automaster.internal.juriba.com/&#xD;
                    -&gt; Navigating to the
                    https://automaster.internal.juriba.com/evergreen/&#xD;
                    -&gt; done: EvergreenJnr_Login.GivenUserIsLoggedInToTheEvergreen()
                    (2.8s)&#xD;
                    &#xD;
                    When Project created via API&#xD;
                    --- table step argument ---&#xD;
                    | ProjectName | Scope | ProjectTemplate | Mode |&#xD;
                    | 1_28531DAS_Project | All Devices | None | Standalone Project |&#xD;
                    -&gt; done: ProjectApiSteps.WhenUserCreateNewProjectViaApi(&lt;table&gt;)
                    (0.2s)&#xD;
                    &#xD;
                    When User creates new Ring via api&#xD;
                    --- table step argument ---&#xD;
                    | Name | Description | IsDefault | Project |&#xD;
                    | 1_28531DAS_Ring | 1_28531DAS_Desc | false | 1_28531DAS_Project |&#xD;
                    | 2_28531DAS_Ring | 2_28531DAS_Desc | false | 1_28531DAS_Project |&#xD;
                    -&gt; done: CreateRingViaApi.WhenUserCreatesNewRingViaApi(&lt;table&gt;)
                    (2.3s)&#xD;
                    &#xD;
                    When User onboards objects to '1_28531DAS_Project' project&#xD;
                    --- table step argument ---&#xD;
                    | DeviceObjects |&#xD;
                    | 00BDM1JUR8IF419 |&#xD;
                    | 00K4CEEQ737BA4L |&#xD;
                    | 011PLA470S0B9DJ |&#xD;
                    -&gt; done:
                    OnboardObjects.WhenUserOnboardsObjectsToTheProject("1_28531DAS_Project",
                    &lt;table&gt;) (64.4s)&#xD;
                    &#xD;
                    When User clicks 'Planning' on the left-hand menu&#xD;
                    -&gt; done:
                    EvergreenJnr_LeftHandMenuNavigation.WhenUserClicksOnTheLeft_HandMenu("Planning")
                    (1.6s)&#xD;
                    &#xD;
                    When User enters '1_28531DAS_Project' text in the Search field for
                    'Project' column&#xD;
                    -&gt; done:
                    EvergreenJnr_BaseGrid.WhenUserEntersTextInTheSearchFieldForColumn("1_28531DAS_Project",
                    "Project") (4.1s)&#xD;
                    &#xD;
                    When User clicks on '1_28531DAS_Project' cell from 'Project' column&#xD;
                    -&gt; done:
                    EvergreenJnr_BaseGrid.WhenUserClicksOnCellFromColumn("1_28531DAS_Project",
                    "Project") (7.1s)&#xD;
                    &#xD;
                    When User navigates to the 'Scoping Parameters' left submenu item&#xD;
                    -&gt; done:
                    EvergreenJnr_LeftMenuNavigation.WhenUserNavigatesToTheParentLeftSubmenuItem("Scoping
                    Parameters") (1.7s)&#xD;
                    &#xD;
                    When User sets value to '1' for 'Minimum Number of Devices' column
                    and '1_28531DAS_Ring' row in 'Minimum and Maximum Number of Devices'
                    table&#xD;
                    -&gt; done:
                    EvergreenJnr_BaseTable.WhenUserSetValueToForColumnAndRowInTable("1",
                    "Minimum Number of...", "1_28531DAS_Ring", "Minimum and Maxim...")
                    (1.9s)&#xD;
                    &#xD;
                    When User sets value to '1' for 'Minimum Number of Devices' column
                    and '2_28531DAS_Ring' row in 'Minimum and Maximum Number of Devices'
                    table&#xD;
                    -&gt; done:
                    EvergreenJnr_BaseTable.WhenUserSetValueToForColumnAndRowInTable("1",
                    "Minimum Number of...", "2_28531DAS_Ring", "Minimum and Maxim...")
                    (1.8s)&#xD;
                    &#xD;
                    When User clicks 'Update And Redistribute' button&#xD;
                    -&gt; done: ButtonSteps.WhenUserClicksButton("Update And Redist...")
                    (0.2s)&#xD;
                    &#xD;
                    Then grid content is present&#xD;
                    -&gt; done: EvergreenJnr_BaseGrid.ThenGridContentIsPresent() (3.5s)&#xD;
                    &#xD;
                    When User clicks refresh button in the browser&#xD;
                    -&gt; done: BaseActions.WhenUserClicksRefreshButtonInTheBrowser()
                    (0.2s)&#xD;
                    &#xD;
                    Then Page with '1_28531DAS_Project' header is displayed to user&#xD;
                    -&gt; done:
                    EvergreenJnr_BaseHeader.ThenPageWithHeaderIsDisplayedToUser("1_28531DAS_Project")
                    (2.3s)&#xD;
                    &#xD;
                    Then User sees value '1' for 'Minimum Number of Devices' column and
                    '1_28531DAS_Ring' row in 'Minimum and Maximum Number of Devices'
                    table&#xD;
                    -&gt; done:
                    EvergreenJnr_BaseTable.ThenUserSeesValueForColumnAndRowInTable("1",
                    "Minimum Number of...", "1_28531DAS_Ring", "Minimum and Maxim...")
                    (1.7s)&#xD;
                    &#xD;
                    Then User sees value '1' for 'Minimum Number of Devices' column and
                    '2_28531DAS_Ring' row in 'Minimum and Maximum Number of Devices'
                    table&#xD;
                    -&gt; done:
                    EvergreenJnr_BaseTable.ThenUserSeesValueForColumnAndRowInTable("1",
                    "Minimum Number of...", "2_28531DAS_Ring", "Minimum and Maxim...")
                    (1.8s)&#xD;
                    &#xD;
                    When User clicks 'Update And Redistribute' button&#xD;
                    -&gt; done: ButtonSteps.WhenUserClicksButton("Update And Redist...")
                    (0.1s)&#xD;
                    &#xD;
                    Then grid content is present&#xD;
                    -&gt; done: EvergreenJnr_BaseGrid.ThenGridContentIsPresent() (3.1s)&#xD;
                    &#xD;
                    When User clicks 'Commit Changes Without Preview' button&#xD;
                    -&gt; done: ButtonSteps.WhenUserClicksButton("Commit Changes Wi...")
                    (0.1s)&#xD;
                    &#xD;
                    Then 'Your changes have been successfully processed and
                    recalculation of statistics has started' text is displayed on inline
                    success banner&#xD;
                    -&gt; done:
                    EvergreenJnr_BaseInlineTipBannerElement.ThenTextIsDisplayedOnInlineSuccessBanner("Your
                    changes have...") (0.7s)&#xD;
                    &#xD;
                    When User clicks 'Close' button on 'BaseInlineBannerElement' panel&#xD;
                    -&gt; done: ButtonSteps.WhenUserClicksButtonOnPanel("Close",
                    "BaseInlineBannerE...") (0.2s)&#xD;
                    &#xD;
                    Then 'Recalculation of statistics is complete' text is displayed on
                    inline success banner&#xD;
                    -&gt; done:
                    EvergreenJnr_BaseInlineTipBannerElement.ThenTextIsDisplayedOnInlineSuccessBanner("Recalculation
                    of ...") (9.9s)&#xD;
                    &#xD;
                    Then table is displayed&#xD;
                    -&gt; done: EvergreenJnr_BaseTable.ThenTableIsDisplayed() (1.5s)&#xD;
                    &#xD;
                    Then Chart with name 'Devices by Ring' is displayed&#xD;
                    -&gt; done:
                    EvergreenJnr_RingScopingPage.ThenChartWithNameIsDisplayed("Devices
                    by Ring") (1.5s)&#xD;
                    &#xD;
                    &#xD;
                    -&gt; Test status is 'Passed'&#xD;
                    -&gt; TEST STATUS WAS POSTED:
                    EvergreenJnr_Planning_CheckThatRedistributionProcessingIsCanceledWhenUserRefreshesThePage&#xD;
                    -&gt; Test finished on:
                    https://automaster.internal.juriba.com/evergreen/#/planning/ringscoping/statistics?$projectId=146&#xD;
                    -&gt; 11/2/2021 9:34:45 AM - ERROR - Error during Custom list
                    deleting: System.Exception: Database query returns zero results&#xD;
                    -&gt; at
                    DashworksTestAutomation.Helpers.DatabaseHelper.ExecuteReader(String
                    query, Int32 columnIndex) in
                    C:\automaster\_work\3\s\DashworksTestAutomationCore\Helpers\DatabaseHelper.cs:line
                    59&#xD;
                    -&gt; at
                    DashworksTestAutomation.Steps.Dashworks.CustomList.AfterScenario.RemoveCustomListMethods.RemoveUserLists()
                    in
                    C:\automaster\_work\3\s\DashworksTestAutomationCore\Steps\Dashworks\CustomList\AfterScenario\RemoveCustomListMethods.cs:line
                    33&#xD;
                    -&gt; 11/2/2021 9:34:45 AM - ERROR - Error during Custom list
                    deleting: System.Exception: Database query returns zero results&#xD;
                    -&gt; at
                    DashworksTestAutomation.Helpers.DatabaseHelper.ExecuteReader(String
                    query, Int32 columnIndex) in
                    C:\automaster\_work\3\s\DashworksTestAutomationCore\Helpers\DatabaseHelper.cs:line
                    59&#xD;
                    -&gt; at
                    DashworksTestAutomation.Steps.Dashworks.CustomList.AfterScenario.RemoveCustomListMethods.RemoveUserLists()
                    in
                    C:\automaster\_work\3\s\DashworksTestAutomationCore\Steps\Dashworks\CustomList\AfterScenario\RemoveCustomListMethods.cs:line
                    33&#xD;
                    -&gt; 11/2/2021 9:34:45 AM - INFO - The '1_28531DAS_Project' project
                    with '146' id has been deleted&#xD;
                    -&gt; 11/2/2021 9:34:48 AM - INFO - TEST FINISHED:
                    EvergreenJnr_Planning_CheckThatRedistributionProcessingIsCanceledWhenUserRefreshesThePage
                </StdOut>
            </Output>
        </UnitTestResult>
        <UnitTestResult executionId="c4cf6820-ea12-4302-81b3-c56d1b7d727b"
                        testId="cec3aed3-207a-4b2c-9ee4-7597e6983692"
                        testName="EvergreenJnr_Planning_CheckThatStatisticsCoverageMinimumNumberOfDevices"
                        computerName="automaster" duration="00:01:00.2193540"
                        startTime="2021-11-02T09:35:27.9081600+00:00"
                        endTime="2021-11-02T09:36:28.1275140+00:00"
                        testType="13cdc9d9-ddb5-4fa4-a97d-d965ccfc6d4b" outcome="Failed"
                        testListId="8c84fa94-04c1-424b-9868-57a2d4851a1d"
                        relativeResultsDirectory="c4cf6820-ea12-4302-81b3-c56d1b7d727b">
            <Output>
                <StdOut>-&gt; 11/2/2021 9:35:27 AM - INFO - TEST STARTED:
                    EvergreenJnr_Planning_CheckThatStatisticsCoverageMinimumNumberOfDevices&#xD;
                    &#xD;
                    Given User is logged in to the Evergreen&#xD;
                    -&gt; Navigating to the https://automaster.internal.juriba.com/&#xD;
                    -&gt; Navigating to the
                    https://automaster.internal.juriba.com/evergreen/&#xD;
                    -&gt; done: EvergreenJnr_Login.GivenUserIsLoggedInToTheEvergreen()
                    (3.0s)&#xD;
                    &#xD;
                    Then Evergreen Dashboards page should be displayed to the user&#xD;
                    -&gt; done:
                    EvergreenJnr_Login.ThenEvergreenDashboardsPageShouldBeDisplayedToTheUser()
                    (1.5s)&#xD;
                    &#xD;
                    When User clicks 'Planning' on the left-hand menu&#xD;
                    -&gt; done:
                    EvergreenJnr_LeftHandMenuNavigation.WhenUserClicksOnTheLeft_HandMenu("Planning")
                    (1.7s)&#xD;
                    &#xD;
                    When User enters 'Ring Scoping Project' text in the Search field for
                    'Project' column&#xD;
                    -&gt; done:
                    EvergreenJnr_BaseGrid.WhenUserEntersTextInTheSearchFieldForColumn("Ring
                    Scoping Project", "Project") (3.8s)&#xD;
                    &#xD;
                    When User clicks on 'Ring Scoping Project' cell from 'Project'
                    column&#xD;
                    -&gt; done:
                    EvergreenJnr_BaseGrid.WhenUserClicksOnCellFromColumn("Ring Scoping
                    Project", "Project") (7.3s)&#xD;
                    &#xD;
                    When User navigates to the 'Scoping Parameters' left submenu item&#xD;
                    -&gt; done:
                    EvergreenJnr_LeftMenuNavigation.WhenUserNavigatesToTheParentLeftSubmenuItem("Scoping
                    Parameters") (1.7s)&#xD;
                    &#xD;
                    When User clicks 'Clear All' button after loading&#xD;
                    -&gt; done: ButtonSteps.WhenUserClicksButtonAfterLoading("Clear
                    All") (2.7s)&#xD;
                    &#xD;
                    Then subtitle with text 'There are 10 devices onboarded into this
                    project' is displayed for the 'Minimum and Maximum Number of
                    Devices' table&#xD;
                    -&gt; done:
                    EvergreenJnr_BaseTable.ThenSubtitleWithTextIsDisplayedForTheTable("There
                    are 10 devi...", "Minimum and Maxim...") (1.7s)&#xD;
                    &#xD;
                    When User sets value to '1' for 'Minimum Number of Devices' column
                    and 'Pilot' row in 'Minimum and Maximum Number of Devices' table&#xD;
                    -&gt; done:
                    EvergreenJnr_BaseTable.WhenUserSetValueToForColumnAndRowInTable("1",
                    "Minimum Number of...", "Pilot", "Minimum and Maxim...") (1.9s)&#xD;
                    &#xD;
                    When User sets value to '2' for 'Minimum Number of Devices' column
                    and 'Early Adopters' row in 'Minimum and Maximum Number of Devices'
                    table&#xD;
                    -&gt; done:
                    EvergreenJnr_BaseTable.WhenUserSetValueToForColumnAndRowInTable("2",
                    "Minimum Number of...", "Early Adopters", "Minimum and Maxim...")
                    (2.0s)&#xD;
                    &#xD;
                    When User sets value to '3' for 'Minimum Number of Devices' column
                    and 'IT Users' row in 'Minimum and Maximum Number of Devices' table&#xD;
                    -&gt; done:
                    EvergreenJnr_BaseTable.WhenUserSetValueToForColumnAndRowInTable("3",
                    "Minimum Number of...", "IT Users", "Minimum and Maxim...") (2.0s)&#xD;
                    &#xD;
                    When User sets value to '4' for 'Minimum Number of Devices' column
                    and 'Business Wave 1' row in 'Minimum and Maximum Number of Devices'
                    table&#xD;
                    -&gt; done:
                    EvergreenJnr_BaseTable.WhenUserSetValueToForColumnAndRowInTable("4",
                    "Minimum Number of...", "Business Wave 1", "Minimum and Maxim...")
                    (2.2s)&#xD;
                    &#xD;
                    When User sets value to '50' for 'Core' column and 'Pilot' row in
                    'Application Coverage Targets' table&#xD;
                    -&gt; done:
                    EvergreenJnr_BaseTable.WhenUserSetValueToForColumnAndRowInTable("50",
                    "Core", "Pilot", "Application Cover...") (2.2s)&#xD;
                    &#xD;
                    When User clicks 'Update And Redistribute' button&#xD;
                    -&gt; done: ButtonSteps.WhenUserClicksButton("Update And Redist...")
                    (0.2s)&#xD;
                    &#xD;
                    When User clicks 'Commit Changes Without Preview' button after
                    loading&#xD;
                    -&gt; error: Element with 'By.XPath:
                    (.//button[contains(@class,'automationClass-button-CommitChangesWithoutPreview')]
                    |
                    .//mat-icon[contains(@class,'automationClass-button-CommitChangesWithoutPreview')]
                    |
                    .//button[contains(@class,'automationClass-icon-CommitChangesWithoutPreview')])
                    |
                    .//mat-datepicker-toggle[contains(@class,'automationClass-mat-datepicker-toggle-CommitChangesWithoutPreview')]'
                    selector was not changed Display condition to 'True' after 15
                    seconds (16.5s)&#xD;
                    &#xD;
                    Then 'Your changes have been successfully processed and
                    recalculation of statistics has started' text is displayed on inline
                    success banner&#xD;
                    -&gt; skipped because of previous errors&#xD;
                    &#xD;
                    Then User sees value '1' for 'Pilot' column with 'Devices by Ring'
                    row name in static table&#xD;
                    -&gt; skipped because of previous errors&#xD;
                    &#xD;
                    Then User sees value '2' for 'Early Adopters' column with 'Devices
                    by Ring' row name in static table&#xD;
                    -&gt; skipped because of previous errors&#xD;
                    &#xD;
                    Then User sees value '3' for 'IT Users' column with 'Devices by
                    Ring' row name in static table&#xD;
                    -&gt; skipped because of previous errors&#xD;
                    &#xD;
                    Then User sees value '4' for 'Business Wave 1' column with 'Devices
                    by Ring' row name in static table&#xD;
                    -&gt; skipped because of previous errors&#xD;
                    &#xD;
                    When User navigates to the 'Scoping Parameters' left submenu item&#xD;
                    -&gt; skipped because of previous errors&#xD;
                    &#xD;
                    When User clicks 'Clear All' button after loading&#xD;
                    -&gt; skipped because of previous errors&#xD;
                    &#xD;
                    Then subtitle with text 'There are 10 devices onboarded into this
                    project' is displayed for the 'Minimum and Maximum Number of
                    Devices' table&#xD;
                    -&gt; skipped because of previous errors&#xD;
                    &#xD;
                    When User sets value to '1' for 'Minimum Number of Devices' column
                    and 'Pilot' row in 'Minimum and Maximum Number of Devices' table&#xD;
                    -&gt; skipped because of previous errors&#xD;
                    &#xD;
                    When User sets value to '1' for 'Minimum Number of Devices' column
                    and 'Early Adopters' row in 'Minimum and Maximum Number of Devices'
                    table&#xD;
                    -&gt; skipped because of previous errors&#xD;
                    &#xD;
                    When User sets value to '1' for 'Minimum Number of Devices' column
                    and 'IT Users' row in 'Minimum and Maximum Number of Devices' table&#xD;
                    -&gt; skipped because of previous errors&#xD;
                    &#xD;
                    When User sets value to '1' for 'Minimum Number of Devices' column
                    and 'Business Wave 1' row in 'Minimum and Maximum Number of Devices'
                    table&#xD;
                    -&gt; skipped because of previous errors&#xD;
                    &#xD;
                    When User clicks 'Update And Redistribute' button&#xD;
                    -&gt; skipped because of previous errors&#xD;
                    &#xD;
                    When User clicks 'Commit Changes Without Preview' button after
                    loading&#xD;
                    -&gt; skipped because of previous errors&#xD;
                    &#xD;
                    Then 'Your changes have been successfully processed and
                    recalculation of statistics has started' text is displayed on inline
                    success banner&#xD;
                    -&gt; skipped because of previous errors&#xD;
                    &#xD;
                    &#xD;
                    -&gt; Test status is 'Failed'&#xD;
                    -&gt; Check screenshot by following path:
                    c:\Screenshots\EvergreenJnr_Planning_CheckThatStatisticsCoverageMinimumNumberOfDevices_2021_11_02_09_36_23.png&#xD;
                    -&gt; TEST STATUS WAS POSTED:
                    EvergreenJnr_Planning_CheckThatStatisticsCoverageMinimumNumberOfDevices&#xD;
                    -&gt; Test finished on:
                    https://automaster.internal.juriba.com/evergreen/#/planning/ringscoping/scopingParameters?$projectId=112&#xD;
                    -&gt; 11/2/2021 9:36:24 AM - ERROR - Error during Custom list
                    deleting: System.Exception: Database query returns zero results&#xD;
                    -&gt; at
                    DashworksTestAutomation.Helpers.DatabaseHelper.ExecuteReader(String
                    query, Int32 columnIndex) in
                    C:\automaster\_work\3\s\DashworksTestAutomationCore\Helpers\DatabaseHelper.cs:line
                    59&#xD;
                    -&gt; at
                    DashworksTestAutomation.Steps.Dashworks.CustomList.AfterScenario.RemoveCustomListMethods.RemoveUserLists()
                    in
                    C:\automaster\_work\3\s\DashworksTestAutomationCore\Steps\Dashworks\CustomList\AfterScenario\RemoveCustomListMethods.cs:line
                    33&#xD;
                    -&gt; 11/2/2021 9:36:24 AM - ERROR - Error during Custom list
                    deleting: System.Exception: Database query returns zero results&#xD;
                    -&gt; at
                    DashworksTestAutomation.Helpers.DatabaseHelper.ExecuteReader(String
                    query, Int32 columnIndex) in
                    C:\automaster\_work\3\s\DashworksTestAutomationCore\Helpers\DatabaseHelper.cs:line
                    59&#xD;
                    -&gt; at
                    DashworksTestAutomation.Steps.Dashworks.CustomList.AfterScenario.RemoveCustomListMethods.RemoveUserLists()
                    in
                    C:\automaster\_work\3\s\DashworksTestAutomationCore\Steps\Dashworks\CustomList\AfterScenario\RemoveCustomListMethods.cs:line
                    33&#xD;
                    -&gt; 11/2/2021 9:36:28 AM - INFO - TEST FINISHED:
                    EvergreenJnr_Planning_CheckThatStatisticsCoverageMinimumNumberOfDevices
                </StdOut>
                <StdErr>Element with 'By.XPath:
                    (.//button[contains(@class,'automationClass-button-CommitChangesWithoutPreview')]
                    |
                    .//mat-icon[contains(@class,'automationClass-button-CommitChangesWithoutPreview')]
                    |
                    .//button[contains(@class,'automationClass-icon-CommitChangesWithoutPreview')])
                    |
                    .//mat-datepicker-toggle[contains(@class,'automationClass-mat-datepicker-toggle-CommitChangesWithoutPreview')]'
                    selector was not changed Display condition to 'True' after 15
                    seconds -&gt; Timed out after 15 seconds&#xD;
                    System.Exception: Element with 'By.XPath:
                    (.//button[contains(@class,'automationClass-button-CommitChangesWithoutPreview')]
                    |
                    .//mat-icon[contains(@class,'automationClass-button-CommitChangesWithoutPreview')]
                    |
                    .//button[contains(@class,'automationClass-icon-CommitChangesWithoutPreview')])
                    |
                    .//mat-datepicker-toggle[contains(@class,'automationClass-mat-datepicker-toggle-CommitChangesWithoutPreview')]'
                    selector was not changed Display condition to 'True' after 15
                    seconds&#xD;
                    ---&gt; OpenQA.Selenium.WebDriverTimeoutException: Timed out after
                    15 seconds&#xD;
                    at
                    OpenQA.Selenium.Support.UI.DefaultWait`1.ThrowTimeoutException(String
                    exceptionMessage, Exception lastException)&#xD;
                    at OpenQA.Selenium.Support.UI.DefaultWait`1.Until[TResult](Func`2
                    condition)&#xD;
                    at
                    AutomationUtils.Extensions.WebDriverExtensions.WaitForElementDisplayCondition(RemoteWebDriver
                    driver, By by, Boolean condition, Int32 waitSeconds)&#xD;
                    --- End of inner exception stack trace ---&#xD;
                    at
                    AutomationUtils.Extensions.WebDriverExtensions.WaitForElementDisplayCondition(RemoteWebDriver
                    driver, By by, Boolean condition, Int32 waitSeconds)&#xD;
                    at AutomationUtils.Component.BaseWebComponent.Build()&#xD;
                    at
                    AutomationUtils.Extensions.WebDriverExtensions.Component[T](RemoteWebDriver
                    driver, String identifier)&#xD;
                    at
                    AutomationUtils.Extensions.WebDriverExtensions.GetComponent[T](RemoteWebDriver
                    driver, String identifier)&#xD;
                    at
                    DashworksTestAutomationCore.Steps.Dashworks.Components.Button.ButtonSteps.WhenUserClicksButtonAfterLoading(String
                    buttonName) in
                    C:\automaster\_work\3\s\DashworksTestAutomationCore\Steps\Dashworks\Components\Button\ButtonSteps.cs:line
                    70&#xD;
                    at TechTalk.SpecFlow.Bindings.BindingInvoker.InvokeBinding(IBinding
                    binding, IContextManager contextManager, Object[] arguments,
                    ITestTracer testTracer, TimeSpan&amp; duration) in
                    D:\a\1\s\TechTalk.SpecFlow\Bindings\BindingInvoker.cs:line 88&#xD;
                    at
                    TechTalk.SpecRun.SpecFlowPlugin.Runtime.RunnerTestExecutionEngine.ExecuteStepMatch(BindingMatch
                    match, Object[] arguments, TimeSpan&amp; duration)&#xD;
                    at
                    TechTalk.SpecFlow.Infrastructure.TestExecutionEngine.ExecuteStep(IContextManager
                    contextManager, StepInstance stepInstance) in
                    D:\a\1\s\TechTalk.SpecFlow\Infrastructure\TestExecutionEngine.cs:line
                    496&#xD;
                    at
                    TechTalk.SpecFlow.Infrastructure.TestExecutionEngine.OnAfterLastStep()
                    in
                    D:\a\1\s\TechTalk.SpecFlow\Infrastructure\TestExecutionEngine.cs:line
                    268&#xD;
                    at
                    TechTalk.SpecRun.SpecFlowPlugin.Runtime.RunnerTestExecutionEngine.OnAfterLastStep()&#xD;
                    at TechTalk.SpecFlow.TestRunner.CollectScenarioErrors() in
                    D:\a\1\s\TechTalk.SpecFlow\TestRunner.cs:line 60&#xD;
                    at
                    DashworksTestAutomationCore.Tests.EvergreenJnr.EvergreenJnr_Planning.Planning_RingScoping_Part4Feature.ScenarioCleanup()&#xD;
                    at
                    DashworksTestAutomationCore.Tests.EvergreenJnr.EvergreenJnr_Planning.Planning_RingScoping_Part4Feature.EvergreenJnr_Planning_CheckThatStatisticsCoverageMinimumNumberOfDevices()
                    in
                    C:\automaster\_work\3\s\DashworksTestAutomationCore\Tests\EvergreenJnr\EvergreenJnr_Planning\Planning_RingScoping_Part4.feature:line
                    38&#xD;
                    at
                    TechTalk.SpecRun.Framework.TaskExecutors.StaticOrInstanceMethodExecutor.ExecuteInternal(ITestThreadExecutionContext
                    testThreadExecutionContext)&#xD;
                    at
                    TechTalk.SpecRun.Framework.TaskExecutors.StaticOrInstanceMethodExecutor.Execute(ITestThreadExecutionContext
                    testThreadExecutionContext)&#xD;
                    at TechTalk.SpecRun.Framework.TestNodeTask.Execute()
                </StdErr>
                <ErrorInfo>
                    <Message>Element with 'By.XPath:
                        (.//button[contains(@class,'automationClass-button-CommitChangesWithoutPreview')]
                        |
                        .//mat-icon[contains(@class,'automationClass-button-CommitChangesWithoutPreview')]
                        |
                        .//button[contains(@class,'automationClass-icon-CommitChangesWithoutPreview')])
                        |
                        .//mat-datepicker-toggle[contains(@class,'automationClass-mat-datepicker-toggle-CommitChangesWithoutPreview')]'
                        selector was not changed Display condition to 'True' after 15
                        seconds -&gt; Timed out after 15 seconds
                    </Message>
                    <StackTrace>System.Exception: Element with 'By.XPath:
                        (.//button[contains(@class,'automationClass-button-CommitChangesWithoutPreview')]
                        |
                        .//mat-icon[contains(@class,'automationClass-button-CommitChangesWithoutPreview')]
                        |
                        .//button[contains(@class,'automationClass-icon-CommitChangesWithoutPreview')])
                        |
                        .//mat-datepicker-toggle[contains(@class,'automationClass-mat-datepicker-toggle-CommitChangesWithoutPreview')]'
                        selector was not changed Display condition to 'True' after 15
                        seconds&#xD;
                        ---&gt; OpenQA.Selenium.WebDriverTimeoutException: Timed out
                        after 15 seconds&#xD;
                        at
                        OpenQA.Selenium.Support.UI.DefaultWait`1.ThrowTimeoutException(String
                        exceptionMessage, Exception lastException)&#xD;
                        at
                        OpenQA.Selenium.Support.UI.DefaultWait`1.Until[TResult](Func`2
                        condition)&#xD;
                        at
                        AutomationUtils.Extensions.WebDriverExtensions.WaitForElementDisplayCondition(RemoteWebDriver
                        driver, By by, Boolean condition, Int32 waitSeconds)&#xD;
                        --- End of inner exception stack trace ---&#xD;
                        at
                        AutomationUtils.Extensions.WebDriverExtensions.WaitForElementDisplayCondition(RemoteWebDriver
                        driver, By by, Boolean condition, Int32 waitSeconds)&#xD;
                        at AutomationUtils.Component.BaseWebComponent.Build()&#xD;
                        at
                        AutomationUtils.Extensions.WebDriverExtensions.Component[T](RemoteWebDriver
                        driver, String identifier)&#xD;
                        at
                        AutomationUtils.Extensions.WebDriverExtensions.GetComponent[T](RemoteWebDriver
                        driver, String identifier)&#xD;
                        at
                        DashworksTestAutomationCore.Steps.Dashworks.Components.Button.ButtonSteps.WhenUserClicksButtonAfterLoading(String
                        buttonName) in
                        C:\automaster\_work\3\s\DashworksTestAutomationCore\Steps\Dashworks\Components\Button\ButtonSteps.cs:line
                        70&#xD;
                        at
                        TechTalk.SpecFlow.Bindings.BindingInvoker.InvokeBinding(IBinding
                        binding, IContextManager contextManager, Object[] arguments,
                        ITestTracer testTracer, TimeSpan&amp; duration) in
                        D:\a\1\s\TechTalk.SpecFlow\Bindings\BindingInvoker.cs:line 88&#xD;
                        at
                        TechTalk.SpecRun.SpecFlowPlugin.Runtime.RunnerTestExecutionEngine.ExecuteStepMatch(BindingMatch
                        match, Object[] arguments, TimeSpan&amp; duration)&#xD;
                        at
                        TechTalk.SpecFlow.Infrastructure.TestExecutionEngine.ExecuteStep(IContextManager
                        contextManager, StepInstance stepInstance) in
                        D:\a\1\s\TechTalk.SpecFlow\Infrastructure\TestExecutionEngine.cs:line
                        496&#xD;
                        at
                        TechTalk.SpecFlow.Infrastructure.TestExecutionEngine.OnAfterLastStep()
                        in
                        D:\a\1\s\TechTalk.SpecFlow\Infrastructure\TestExecutionEngine.cs:line
                        268&#xD;
                        at
                        TechTalk.SpecRun.SpecFlowPlugin.Runtime.RunnerTestExecutionEngine.OnAfterLastStep()&#xD;
                        at TechTalk.SpecFlow.TestRunner.CollectScenarioErrors() in
                        D:\a\1\s\TechTalk.SpecFlow\TestRunner.cs:line 60&#xD;
                        at
                        DashworksTestAutomationCore.Tests.EvergreenJnr.EvergreenJnr_Planning.Planning_RingScoping_Part4Feature.ScenarioCleanup()&#xD;
                        at
                        DashworksTestAutomationCore.Tests.EvergreenJnr.EvergreenJnr_Planning.Planning_RingScoping_Part4Feature.EvergreenJnr_Planning_CheckThatStatisticsCoverageMinimumNumberOfDevices()
                        in
                        C:\automaster\_work\3\s\DashworksTestAutomationCore\Tests\EvergreenJnr\EvergreenJnr_Planning\Planning_RingScoping_Part4.feature:line
                        38&#xD;
                        at
                        TechTalk.SpecRun.Framework.TaskExecutors.StaticOrInstanceMethodExecutor.ExecuteInternal(ITestThreadExecutionContext
                        testThreadExecutionContext)&#xD;
                        at
                        TechTalk.SpecRun.Framework.TaskExecutors.StaticOrInstanceMethodExecutor.Execute(ITestThreadExecutionContext
                        testThreadExecutionContext)&#xD;
                        at TechTalk.SpecRun.Framework.TestNodeTask.Execute()
                    </StackTrace>
                </ErrorInfo>
            </Output>
        </UnitTestResult>
        <UnitTestResult executionId="cf78c884-204c-4b84-a24e-a633d0acb70e"
                        testId="fe7325f5-e7c6-3c2f-6cc4-3d2d67165a4e"
                        testName="EvergreenJnr_Planning_CheckThatClickthroughsAreDisabledForPreviewStatisticsCharts"
                        computerName="automaster" duration="00:01:48.1663906"
                        startTime="2021-11-02T09:32:46.2727785+00:00"
                        endTime="2021-11-02T09:34:34.4391691+00:00"
                        testType="13cdc9d9-ddb5-4fa4-a97d-d965ccfc6d4b" outcome="Passed"
                        testListId="8c84fa94-04c1-424b-9868-57a2d4851a1d"
                        relativeResultsDirectory="cf78c884-204c-4b84-a24e-a633d0acb70e">
            <Output>
                <StdOut>-&gt; 11/2/2021 9:32:46 AM - INFO - TEST STARTED:
                    EvergreenJnr_Planning_CheckThatClickthroughsAreDisabledForPreviewStatisticsCharts&#xD;
                    &#xD;
                    Given User is logged in to the Evergreen&#xD;
                    -&gt; Navigating to the https://automaster.internal.juriba.com/&#xD;
                    -&gt; Navigating to the
                    https://automaster.internal.juriba.com/evergreen/&#xD;
                    -&gt; done: EvergreenJnr_Login.GivenUserIsLoggedInToTheEvergreen()
                    (4.7s)&#xD;
                    &#xD;
                    When Project created via API&#xD;
                    --- table step argument ---&#xD;
                    | ProjectName | Scope | ProjectTemplate | Mode |&#xD;
                    | 1_29161DAS_Project | All Devices | None | Standalone Project |&#xD;
                    -&gt; done: ProjectApiSteps.WhenUserCreateNewProjectViaApi(&lt;table&gt;)
                    (0.2s)&#xD;
                    &#xD;
                    When User creates new Ring via api&#xD;
                    --- table step argument ---&#xD;
                    | Name | Description | IsDefault | Project |&#xD;
                    | 1_29161DAS_Ring | 1_29161DAS_Desc | false | 1_29161DAS_Project |&#xD;
                    | 2_29161DAS_Ring | 2_29161DAS_Desc | false | 1_29161DAS_Project |&#xD;
                    -&gt; done: CreateRingViaApi.WhenUserCreatesNewRingViaApi(&lt;table&gt;)
                    (3.2s)&#xD;
                    &#xD;
                    When User onboards objects to '1_29161DAS_Project' project&#xD;
                    --- table step argument ---&#xD;
                    | DeviceObjects |&#xD;
                    | 00K4CEEQ737BA4L |&#xD;
                    | 011PLA470S0B9DJ |&#xD;
                    -&gt; done:
                    OnboardObjects.WhenUserOnboardsObjectsToTheProject("1_29161DAS_Project",
                    &lt;table&gt;) (63.9s)&#xD;
                    &#xD;
                    When User clicks 'Planning' on the left-hand menu&#xD;
                    -&gt; done:
                    EvergreenJnr_LeftHandMenuNavigation.WhenUserClicksOnTheLeft_HandMenu("Planning")
                    (1.7s)&#xD;
                    &#xD;
                    When User enters '1_29161DAS_Project' text in the Search field for
                    'Project' column&#xD;
                    -&gt; done:
                    EvergreenJnr_BaseGrid.WhenUserEntersTextInTheSearchFieldForColumn("1_29161DAS_Project",
                    "Project") (4.2s)&#xD;
                    &#xD;
                    When User clicks on '1_29161DAS_Project' cell from 'Project' column&#xD;
                    -&gt; done:
                    EvergreenJnr_BaseGrid.WhenUserClicksOnCellFromColumn("1_29161DAS_Project",
                    "Project") (7.1s)&#xD;
                    &#xD;
                    When User navigates to the 'Scoping Parameters' left submenu item&#xD;
                    -&gt; done:
                    EvergreenJnr_LeftMenuNavigation.WhenUserNavigatesToTheParentLeftSubmenuItem("Scoping
                    Parameters") (1.7s)&#xD;
                    &#xD;
                    When User sets value to '1' for 'Minimum Number of Devices' column
                    and '1_29161DAS_Ring' row in 'Minimum and Maximum Number of Devices'
                    table&#xD;
                    -&gt; done:
                    EvergreenJnr_BaseTable.WhenUserSetValueToForColumnAndRowInTable("1",
                    "Minimum Number of...", "1_29161DAS_Ring", "Minimum and Maxim...")
                    (2.4s)&#xD;
                    &#xD;
                    When User sets value to '1' for 'Minimum Number of Devices' column
                    and '2_29161DAS_Ring' row in 'Minimum and Maximum Number of Devices'
                    table&#xD;
                    -&gt; done:
                    EvergreenJnr_BaseTable.WhenUserSetValueToForColumnAndRowInTable("1",
                    "Minimum Number of...", "2_29161DAS_Ring", "Minimum and Maxim...")
                    (1.8s)&#xD;
                    &#xD;
                    When User clicks 'Update And Redistribute' button&#xD;
                    -&gt; done: ButtonSteps.WhenUserClicksButton("Update And Redist...")
                    (0.1s)&#xD;
                    &#xD;
                    When User clicks 'Preview Statistics' button&#xD;
                    -&gt; done: ButtonSteps.WhenUserClicksButton("Preview Statistics")
                    (0.8s)&#xD;
                    &#xD;
                    When User clicks static chart with name 'Devices by Ring' and sub
                    name 'Current'&#xD;
                    -&gt; done:
                    EvergreenJnr_RingScopingPage.WhenUserClicksStaticChartWithNameAndSubName("Devices
                    by Ring", "Current") (1.6s)&#xD;
                    &#xD;
                    Then Chart with name 'Devices by Ring' is displayed&#xD;
                    -&gt; done:
                    EvergreenJnr_RingScopingPage.ThenChartWithNameIsDisplayed("Devices
                    by Ring") (1.5s)&#xD;
                    &#xD;
                    When User clicks static chart with name 'Devices by Ring' and sub
                    name 'After changes'&#xD;
                    -&gt; done:
                    EvergreenJnr_RingScopingPage.WhenUserClicksStaticChartWithNameAndSubName("Devices
                    by Ring", "After changes") (1.6s)&#xD;
                    &#xD;
                    Then Chart with name 'Devices by Ring' is displayed&#xD;
                    -&gt; done:
                    EvergreenJnr_RingScopingPage.ThenChartWithNameIsDisplayed("Devices
                    by Ring") (1.5s)&#xD;
                    &#xD;
                    &#xD;
                    -&gt; Test status is 'Passed'&#xD;
                    -&gt; TEST STATUS WAS POSTED:
                    EvergreenJnr_Planning_CheckThatClickthroughsAreDisabledForPreviewStatisticsCharts&#xD;
                    -&gt; Test finished on:
                    https://automaster.internal.juriba.com/evergreen/#/planning/ringscoping/scopingParameters?$projectId=148&#xD;
                    -&gt; 11/2/2021 9:34:30 AM - ERROR - Error during Custom list
                    deleting: System.Exception: Database query returns zero results&#xD;
                    -&gt; at
                    DashworksTestAutomation.Helpers.DatabaseHelper.ExecuteReader(String
                    query, Int32 columnIndex) in
                    C:\automaster\_work\3\s\DashworksTestAutomationCore\Helpers\DatabaseHelper.cs:line
                    59&#xD;
                    -&gt; at
                    DashworksTestAutomation.Steps.Dashworks.CustomList.AfterScenario.RemoveCustomListMethods.RemoveUserLists()
                    in
                    C:\automaster\_work\3\s\DashworksTestAutomationCore\Steps\Dashworks\CustomList\AfterScenario\RemoveCustomListMethods.cs:line
                    33&#xD;
                    -&gt; 11/2/2021 9:34:30 AM - ERROR - Error during Custom list
                    deleting: System.Exception: Database query returns zero results&#xD;
                    -&gt; at
                    DashworksTestAutomation.Helpers.DatabaseHelper.ExecuteReader(String
                    query, Int32 columnIndex) in
                    C:\automaster\_work\3\s\DashworksTestAutomationCore\Helpers\DatabaseHelper.cs:line
                    59&#xD;
                    -&gt; at
                    DashworksTestAutomation.Steps.Dashworks.CustomList.AfterScenario.RemoveCustomListMethods.RemoveUserLists()
                    in
                    C:\automaster\_work\3\s\DashworksTestAutomationCore\Steps\Dashworks\CustomList\AfterScenario\RemoveCustomListMethods.cs:line
                    33&#xD;
                    -&gt; 11/2/2021 9:34:30 AM - INFO - The '1_29161DAS_Project' project
                    with '148' id has been deleted&#xD;
                    -&gt; 11/2/2021 9:34:34 AM - INFO - TEST FINISHED:
                    EvergreenJnr_Planning_CheckThatClickthroughsAreDisabledForPreviewStatisticsCharts
                </StdOut>
            </Output>
        </UnitTestResult>
        <UnitTestResult executionId="3affbadd-93fa-4bd2-bef4-2bcb6ed9d964"
                        testId="d47e9750-c4e2-4361-17e3-b4169e3a18ad"
                        testName="EvergreenJnr_Planning_CheckThatTheLogicOfSpreadingBenweenAllRingsIsAppliedAfterChangingOptionsInSpreadingDropdown"
                        computerName="automaster" duration="00:00:46.7063876"
                        startTime="2021-11-02T09:32:23.2557519+00:00"
                        endTime="2021-11-02T09:33:09.9621395+00:00"
                        testType="13cdc9d9-ddb5-4fa4-a97d-d965ccfc6d4b" outcome="Failed"
                        testListId="8c84fa94-04c1-424b-9868-57a2d4851a1d"
                        relativeResultsDirectory="3affbadd-93fa-4bd2-bef4-2bcb6ed9d964">
            <Output>
                <StdOut>-&gt; 11/2/2021 9:32:23 AM - INFO - TEST STARTED:
                    EvergreenJnr_Planning_CheckThatTheLogicOfSpreadingBenweenAllRingsIsAppliedAfterChangingOptionsInSpreadingDropdown&#xD;
                    &#xD;
                    Given User is logged in to the Evergreen&#xD;
                    -&gt; Navigating to the https://automaster.internal.juriba.com/&#xD;
                    -&gt; Navigating to the
                    https://automaster.internal.juriba.com/evergreen/&#xD;
                    -&gt; done: EvergreenJnr_Login.GivenUserIsLoggedInToTheEvergreen()
                    (3.4s)&#xD;
                    &#xD;
                    When User clicks 'Planning' on the left-hand menu&#xD;
                    -&gt; done:
                    EvergreenJnr_LeftHandMenuNavigation.WhenUserClicksOnTheLeft_HandMenu("Planning")
                    (2.2s)&#xD;
                    &#xD;
                    When User enters 'Ring Scoping Project' text in the Search field for
                    'Project' column&#xD;
                    -&gt; done:
                    EvergreenJnr_BaseGrid.WhenUserEntersTextInTheSearchFieldForColumn("Ring
                    Scoping Project", "Project") (4.0s)&#xD;
                    &#xD;
                    When User clicks on 'Ring Scoping Project' cell from 'Project'
                    column&#xD;
                    -&gt; done:
                    EvergreenJnr_BaseGrid.WhenUserClicksOnCellFromColumn("Ring Scoping
                    Project", "Project") (7.1s)&#xD;
                    &#xD;
                    When User navigates to the 'Scoping Parameters' left submenu item&#xD;
                    -&gt; done:
                    EvergreenJnr_LeftMenuNavigation.WhenUserNavigatesToTheParentLeftSubmenuItem("Scoping
                    Parameters") (1.7s)&#xD;
                    &#xD;
                    When User clicks 'Clear All' button&#xD;
                    -&gt; done: ButtonSteps.WhenUserClicksButton("Clear All") (0.3s)&#xD;
                    &#xD;
                    When User selects 'Allow devices to be moved in and out of this
                    ring' in the 'Allow devices to be moved out of this ring, but not
                    into it' dropdown&#xD;
                    -&gt; done: DropdownSteps.WhenUserSelectsInTheDropdown("Allow
                    devices to ...", "Allow devices to ...") (1.4s)&#xD;
                    &#xD;
                    When User sets value to '9' for 'Minimum Number of Devices' column
                    and 'Unassigned' row in 'Minimum and Maximum Number of Devices'
                    table&#xD;
                    -&gt; done:
                    EvergreenJnr_BaseTable.WhenUserSetValueToForColumnAndRowInTable("9",
                    "Minimum Number of...", "Unassigned", "Minimum and Maxim...") (2.0s)&#xD;
                    &#xD;
                    When User clicks 'Update And Redistribute' button&#xD;
                    -&gt; done: ButtonSteps.WhenUserClicksButton("Update And Redist...")
                    (0.1s)&#xD;
                    &#xD;
                    When User clicks 'Commit Changes Without Preview' button&#xD;
                    -&gt; done: ButtonSteps.WhenUserClicksButton("Commit Changes Wi...")
                    (1.1s)&#xD;
                    &#xD;
                    When User navigates to the 'Scoping Parameters' left submenu item&#xD;
                    -&gt; done:
                    EvergreenJnr_LeftMenuNavigation.WhenUserNavigatesToTheParentLeftSubmenuItem("Scoping
                    Parameters") (1.7s)&#xD;
                    &#xD;
                    When User clicks 'Clear All' button&#xD;
                    -&gt; done: ButtonSteps.WhenUserClicksButton("Clear All") (0.1s)&#xD;
                    &#xD;
                    When User selects 'Allow devices to be moved out of this ring, but
                    not into it' in the 'Allow devices to be moved in and out of this
                    ring' dropdown&#xD;
                    -&gt; done: DropdownSteps.WhenUserSelectsInTheDropdown("Allow
                    devices to ...", "Allow devices to ...") (2.1s)&#xD;
                    &#xD;
                    When User selects 'Add to last possible ring' in the 'Devices that
                    are not needed to hit coverage targets' dropdown&#xD;
                    -&gt; done: DropdownSteps.WhenUserSelectsInTheDropdown("Add to last
                    possi...", "Devices that are ...") (0.9s)&#xD;
                    &#xD;
                    When User sets value to '5' for 'Important' column and 'Early
                    Adopters' row in 'Application Coverage Targets' table&#xD;
                    -&gt; done:
                    EvergreenJnr_BaseTable.WhenUserSetValueToForColumnAndRowInTable("5",
                    "Important", "Early Adopters", "Application Cover...") (2.4s)&#xD;
                    &#xD;
                    When User clicks 'Update And Redistribute' button&#xD;
                    -&gt; done: ButtonSteps.WhenUserClicksButton("Update And Redist...")
                    (0.2s)&#xD;
                    &#xD;
                    When User clicks 'Commit Changes Without Preview' button&#xD;
                    -&gt; done: ButtonSteps.WhenUserClicksButton("Commit Changes Wi...")
                    (2.3s)&#xD;
                    &#xD;
                    Then 'Your changes have been successfully processed and
                    recalculation of statistics has started' text is displayed on inline
                    success banner&#xD;
                    -&gt; done:
                    EvergreenJnr_BaseInlineTipBannerElement.ThenTextIsDisplayedOnInlineSuccessBanner("Your
                    changes have...") (0.7s)&#xD;
                    &#xD;
                    Then User sees value '1' for 'Early Adopters' column with 'Devices
                    by Ring' row name in static table&#xD;
                    -&gt; done:
                    EvergreenJnr_BaseTable.ThenUserSeesValueInStaticTableForColumnWithRowName("1",
                    "Early Adopters", "Devices by Ring") (1.8s)&#xD;
                    &#xD;
                    Then User sees 'light green scoping' cell background in 'Early
                    Adopters' column with 'Important App Coverage' row&#xD;
                    -&gt; done:
                    EvergreenJnr_BaseTable.ThenUserSeesCellBackgroundInColumnWithRowInTable("light
                    green scoping", "Early Adopters", "Important App Cov...") (2.0s)&#xD;
                    &#xD;
                    Then User sees value '9' for 'Critical Systems' column with 'Devices
                    by Ring' row name in static table&#xD;
                    -&gt; Expected "9"&#xD;
                    -&gt; But was: "0"&#xD;
                    -&gt; Incorrect value for 'Critical Systems' column in 'Devices by
                    Ring' row&#xD;
                    -&gt; error: Incorrect value for 'Critical Systems' column in
                    'Devices by Ring' row&#xD;
                    -&gt; Expected: "9"&#xD;
                    -&gt; But was: "0" (1.9s)&#xD;
                    &#xD;
                    When User navigates to the 'Scoping Parameters' left submenu item&#xD;
                    -&gt; skipped because of previous errors&#xD;
                    &#xD;
                    When User selects 'Spread evenly between rings without coverage
                    targets' in the 'Devices that are not needed to hit coverage
                    targets' dropdown&#xD;
                    -&gt; skipped because of previous errors&#xD;
                    &#xD;
                    When User clicks 'Update And Redistribute' button&#xD;
                    -&gt; skipped because of previous errors&#xD;
                    &#xD;
                    When User clicks 'Commit Changes Without Preview' button&#xD;
                    -&gt; skipped because of previous errors&#xD;
                    &#xD;
                    Then 'Your changes have been successfully processed and
                    recalculation of statistics has started' text is displayed on inline
                    success banner&#xD;
                    -&gt; skipped because of previous errors&#xD;
                    &#xD;
                    Then User sees value '1' for 'Early Adopters' column with 'Devices
                    by Ring' row name in static table&#xD;
                    -&gt; skipped because of previous errors&#xD;
                    &#xD;
                    Then User sees 'light green scoping' cell background in 'Early
                    Adopters' column with 'Important App Coverage' row&#xD;
                    -&gt; skipped because of previous errors&#xD;
                    &#xD;
                    Then User sees value '2' for 'Pilot' column with 'Devices by Ring'
                    row name in static table&#xD;
                    -&gt; skipped because of previous errors&#xD;
                    &#xD;
                    Then User sees value '2' for 'IT Users' column with 'Devices by
                    Ring' row name in static table&#xD;
                    -&gt; skipped because of previous errors&#xD;
                    &#xD;
                    Then User sees value '2' for 'Business Wave 1' column with 'Devices
                    by Ring' row name in static table&#xD;
                    -&gt; skipped because of previous errors&#xD;
                    &#xD;
                    Then User sees value '1' for 'Business Wave 2' column with 'Devices
                    by Ring' row name in static table&#xD;
                    -&gt; skipped because of previous errors&#xD;
                    &#xD;
                    Then User sees value '1' for 'Business Wave 3' column with 'Devices
                    by Ring' row name in static table&#xD;
                    -&gt; skipped because of previous errors&#xD;
                    &#xD;
                    Then User sees value '1' for 'Critical Systems' column with 'Devices
                    by Ring' row name in static table&#xD;
                    -&gt; skipped because of previous errors&#xD;
                    &#xD;
                    When User navigates to the 'Scoping Parameters' left submenu item&#xD;
                    -&gt; skipped because of previous errors&#xD;
                    &#xD;
                    When User selects 'Spread evenly between all rings' in the 'Devices
                    that are not needed to hit coverage targets' dropdown&#xD;
                    -&gt; skipped because of previous errors&#xD;
                    &#xD;
                    When User clicks 'Update And Redistribute' button&#xD;
                    -&gt; skipped because of previous errors&#xD;
                    &#xD;
                    When User clicks 'Commit Changes Without Preview' button&#xD;
                    -&gt; skipped because of previous errors&#xD;
                    &#xD;
                    Then 'Your changes have been successfully processed and
                    recalculation of statistics has started' text is displayed on inline
                    success banner&#xD;
                    -&gt; skipped because of previous errors&#xD;
                    &#xD;
                    Then User sees value '2' for 'Pilot' column with 'Devices by Ring'
                    row name in static table&#xD;
                    -&gt; skipped because of previous errors&#xD;
                    &#xD;
                    Then User sees value '3' for 'Early Adopters' column with 'Devices
                    by Ring' row name in static table&#xD;
                    -&gt; skipped because of previous errors&#xD;
                    &#xD;
                    Then User sees value '1' for 'IT Users' column with 'Devices by
                    Ring' row name in static table&#xD;
                    -&gt; skipped because of previous errors&#xD;
                    &#xD;
                    Then User sees value '1' for 'Business Wave 1' column with 'Devices
                    by Ring' row name in static table&#xD;
                    -&gt; skipped because of previous errors&#xD;
                    &#xD;
                    Then User sees value '1' for 'Business Wave 2' column with 'Devices
                    by Ring' row name in static table&#xD;
                    -&gt; skipped because of previous errors&#xD;
                    &#xD;
                    Then User sees value '1' for 'Business Wave 3' column with 'Devices
                    by Ring' row name in static table&#xD;
                    -&gt; skipped because of previous errors&#xD;
                    &#xD;
                    Then User sees value '1' for 'Critical Systems' column with 'Devices
                    by Ring' row name in static table&#xD;
                    -&gt; skipped because of previous errors&#xD;
                    &#xD;
                    Then User sees 'light green scoping' cell background in 'Early
                    Adopters' column with 'Important App Coverage' row&#xD;
                    -&gt; skipped because of previous errors&#xD;
                    &#xD;
                    &#xD;
                    -&gt; Test status is 'Failed'&#xD;
                    -&gt; Check screenshot by following path:
                    c:\Screenshots\EvergreenJnr_Planning_CheckThatTheLogicOfSpreadingBenweenAllRingsIsAppliedAfterChangingOptionsInSpreadingDropdown_2021_11_02_09_33_05.png&#xD;
                    -&gt; TEST STATUS WAS POSTED:
                    EvergreenJnr_Planning_CheckThatTheLogicOfSpreadingBenweenAllRingsIsAppliedAfterChangingOptionsInSpreadingDropdown&#xD;
                    -&gt; Test finished on:
                    https://automaster.internal.juriba.com/evergreen/#/planning/ringscoping/statistics?$projectId=112&#xD;
                    -&gt; 11/2/2021 9:33:06 AM - ERROR - Error during Custom list
                    deleting: System.Exception: Database query returns zero results&#xD;
                    -&gt; at
                    DashworksTestAutomation.Helpers.DatabaseHelper.ExecuteReader(String
                    query, Int32 columnIndex) in
                    C:\automaster\_work\3\s\DashworksTestAutomationCore\Helpers\DatabaseHelper.cs:line
                    59&#xD;
                    -&gt; at
                    DashworksTestAutomation.Steps.Dashworks.CustomList.AfterScenario.RemoveCustomListMethods.RemoveUserLists()
                    in
                    C:\automaster\_work\3\s\DashworksTestAutomationCore\Steps\Dashworks\CustomList\AfterScenario\RemoveCustomListMethods.cs:line
                    33&#xD;
                    -&gt; 11/2/2021 9:33:06 AM - ERROR - Error during Custom list
                    deleting: System.Exception: Database query returns zero results&#xD;
                    -&gt; at
                    DashworksTestAutomation.Helpers.DatabaseHelper.ExecuteReader(String
                    query, Int32 columnIndex) in
                    C:\automaster\_work\3\s\DashworksTestAutomationCore\Helpers\DatabaseHelper.cs:line
                    59&#xD;
                    -&gt; at
                    DashworksTestAutomation.Steps.Dashworks.CustomList.AfterScenario.RemoveCustomListMethods.RemoveUserLists()
                    in
                    C:\automaster\_work\3\s\DashworksTestAutomationCore\Steps\Dashworks\CustomList\AfterScenario\RemoveCustomListMethods.cs:line
                    33&#xD;
                    -&gt; 11/2/2021 9:33:09 AM - INFO - TEST FINISHED:
                    EvergreenJnr_Planning_CheckThatTheLogicOfSpreadingBenweenAllRingsIsAppliedAfterChangingOptionsInSpreadingDropdown
                </StdOut>
                <StdErr>Incorrect value for 'Critical Systems' column in 'Devices by
                    Ring' row&#xD;
                    Expected: "9"&#xD;
                    But was: "0"&#xD;
                    System.Exception: Incorrect value for 'Critical Systems' column in
                    'Devices by Ring' row&#xD;
                    Expected: "9"&#xD;
                    But was: "0"&#xD;
                    at AutomationUtils.Utils.Verify.That[TActual](TActual actual,
                    IResolveConstraint expression, String message, Object[] args)&#xD;
                    at AutomationUtils.Utils.Verify.AreEqual(Object expected, Object
                    actual, String message, Object[] args)&#xD;
                    at
                    DashworksTestAutomation.Steps.Dashworks.ItemDetailsPage.EvergreenJnr_BaseTable.ThenUserSeesValueInStaticTableForColumnWithRowName(String
                    expectedValue, String headerName, String rowName) in
                    C:\automaster\_work\3\s\DashworksTestAutomationCore\Steps\Dashworks\ItemDetailsPage\EvergreenJnr_BaseTable.cs:line
                    210&#xD;
                    at TechTalk.SpecFlow.Bindings.BindingInvoker.InvokeBinding(IBinding
                    binding, IContextManager contextManager, Object[] arguments,
                    ITestTracer testTracer, TimeSpan&amp; duration) in
                    D:\a\1\s\TechTalk.SpecFlow\Bindings\BindingInvoker.cs:line 88&#xD;
                    at
                    TechTalk.SpecRun.SpecFlowPlugin.Runtime.RunnerTestExecutionEngine.ExecuteStepMatch(BindingMatch
                    match, Object[] arguments, TimeSpan&amp; duration)&#xD;
                    at
                    TechTalk.SpecFlow.Infrastructure.TestExecutionEngine.ExecuteStep(IContextManager
                    contextManager, StepInstance stepInstance) in
                    D:\a\1\s\TechTalk.SpecFlow\Infrastructure\TestExecutionEngine.cs:line
                    496&#xD;
                    at
                    TechTalk.SpecFlow.Infrastructure.TestExecutionEngine.OnAfterLastStep()
                    in
                    D:\a\1\s\TechTalk.SpecFlow\Infrastructure\TestExecutionEngine.cs:line
                    268&#xD;
                    at
                    TechTalk.SpecRun.SpecFlowPlugin.Runtime.RunnerTestExecutionEngine.OnAfterLastStep()&#xD;
                    at TechTalk.SpecFlow.TestRunner.CollectScenarioErrors() in
                    D:\a\1\s\TechTalk.SpecFlow\TestRunner.cs:line 60&#xD;
                    at
                    DashworksTestAutomationCore.Tests.EvergreenJnr.EvergreenJnr_Planning.Planning_RingScoping_Part14Feature.ScenarioCleanup()&#xD;
                    at
                    DashworksTestAutomationCore.Tests.EvergreenJnr.EvergreenJnr_Planning.Planning_RingScoping_Part14Feature.EvergreenJnr_Planning_CheckThatTheLogicOfSpreadingBenweenAllRingsIsAppliedAfterChangingOptionsInSpreadingDropdown()
                    in
                    C:\automaster\_work\3\s\DashworksTestAutomationCore\Tests\EvergreenJnr\EvergreenJnr_Planning\Planning_RingScoping_Part14.feature:line
                    110&#xD;
                    at
                    TechTalk.SpecRun.Framework.TaskExecutors.StaticOrInstanceMethodExecutor.ExecuteInternal(ITestThreadExecutionContext
                    testThreadExecutionContext)&#xD;
                    at
                    TechTalk.SpecRun.Framework.TaskExecutors.StaticOrInstanceMethodExecutor.Execute(ITestThreadExecutionContext
                    testThreadExecutionContext)&#xD;
                    at TechTalk.SpecRun.Framework.TestNodeTask.Execute()
                </StdErr>
                <ErrorInfo>
                    <Message>Incorrect value for 'Critical Systems' column in 'Devices
                        by Ring' row&#xD;
                        Expected: "9"&#xD;
                        But was: "0"
                    </Message>
                    <StackTrace>System.Exception: Incorrect value for 'Critical Systems'
                        column in 'Devices by Ring' row&#xD;
                        Expected: "9"&#xD;
                        But was: "0"&#xD;
                        at AutomationUtils.Utils.Verify.That[TActual](TActual actual,
                        IResolveConstraint expression, String message, Object[] args)&#xD;
                        at AutomationUtils.Utils.Verify.AreEqual(Object expected, Object
                        actual, String message, Object[] args)&#xD;
                        at
                        DashworksTestAutomation.Steps.Dashworks.ItemDetailsPage.EvergreenJnr_BaseTable.ThenUserSeesValueInStaticTableForColumnWithRowName(String
                        expectedValue, String headerName, String rowName) in
                        C:\automaster\_work\3\s\DashworksTestAutomationCore\Steps\Dashworks\ItemDetailsPage\EvergreenJnr_BaseTable.cs:line
                        210&#xD;
                        at
                        TechTalk.SpecFlow.Bindings.BindingInvoker.InvokeBinding(IBinding
                        binding, IContextManager contextManager, Object[] arguments,
                        ITestTracer testTracer, TimeSpan&amp; duration) in
                        D:\a\1\s\TechTalk.SpecFlow\Bindings\BindingInvoker.cs:line 88&#xD;
                        at
                        TechTalk.SpecRun.SpecFlowPlugin.Runtime.RunnerTestExecutionEngine.ExecuteStepMatch(BindingMatch
                        match, Object[] arguments, TimeSpan&amp; duration)&#xD;
                        at
                        TechTalk.SpecFlow.Infrastructure.TestExecutionEngine.ExecuteStep(IContextManager
                        contextManager, StepInstance stepInstance) in
                        D:\a\1\s\TechTalk.SpecFlow\Infrastructure\TestExecutionEngine.cs:line
                        496&#xD;
                        at
                        TechTalk.SpecFlow.Infrastructure.TestExecutionEngine.OnAfterLastStep()
                        in
                        D:\a\1\s\TechTalk.SpecFlow\Infrastructure\TestExecutionEngine.cs:line
                        268&#xD;
                        at
                        TechTalk.SpecRun.SpecFlowPlugin.Runtime.RunnerTestExecutionEngine.OnAfterLastStep()&#xD;
                        at TechTalk.SpecFlow.TestRunner.CollectScenarioErrors() in
                        D:\a\1\s\TechTalk.SpecFlow\TestRunner.cs:line 60&#xD;
                        at
                        DashworksTestAutomationCore.Tests.EvergreenJnr.EvergreenJnr_Planning.Planning_RingScoping_Part14Feature.ScenarioCleanup()&#xD;
                        at
                        DashworksTestAutomationCore.Tests.EvergreenJnr.EvergreenJnr_Planning.Planning_RingScoping_Part14Feature.EvergreenJnr_Planning_CheckThatTheLogicOfSpreadingBenweenAllRingsIsAppliedAfterChangingOptionsInSpreadingDropdown()
                        in
                        C:\automaster\_work\3\s\DashworksTestAutomationCore\Tests\EvergreenJnr\EvergreenJnr_Planning\Planning_RingScoping_Part14.feature:line
                        110&#xD;
                        at
                        TechTalk.SpecRun.Framework.TaskExecutors.StaticOrInstanceMethodExecutor.ExecuteInternal(ITestThreadExecutionContext
                        testThreadExecutionContext)&#xD;
                        at
                        TechTalk.SpecRun.Framework.TaskExecutors.StaticOrInstanceMethodExecutor.Execute(ITestThreadExecutionContext
                        testThreadExecutionContext)&#xD;
                        at TechTalk.SpecRun.Framework.TestNodeTask.Execute()
                    </StackTrace>
                </ErrorInfo>
            </Output>
        </UnitTestResult>
        <UnitTestResult executionId="7b972c2a-7911-44ab-8988-2fb69ba1a19a"
                        testId="d02e4c8a-1401-691e-f5bf-4547987ca16d"
                        testName="EvergreenJnr_Planning_CheckThatNotificationAboutStatisticsRecalculateIsAvailable"
                        computerName="automaster" duration="00:02:01.7380025"
                        startTime="2021-11-02T09:34:41.4106436+00:00"
                        endTime="2021-11-02T09:36:43.1486461+00:00"
                        testType="13cdc9d9-ddb5-4fa4-a97d-d965ccfc6d4b" outcome="Passed"
                        testListId="8c84fa94-04c1-424b-9868-57a2d4851a1d"
                        relativeResultsDirectory="7b972c2a-7911-44ab-8988-2fb69ba1a19a">
            <Output>
                <StdOut>-&gt; 11/2/2021 9:34:41 AM - INFO - TEST STARTED:
                    EvergreenJnr_Planning_CheckThatNotificationAboutStatisticsRecalculateIsAvailable&#xD;
                    &#xD;
                    Given User is logged in to the Evergreen&#xD;
                    -&gt; Navigating to the https://automaster.internal.juriba.com/&#xD;
                    -&gt; Navigating to the
                    https://automaster.internal.juriba.com/evergreen/&#xD;
                    -&gt; done: EvergreenJnr_Login.GivenUserIsLoggedInToTheEvergreen()
                    (4.0s)&#xD;
                    &#xD;
                    When User create new User via API&#xD;
                    --- table step argument ---&#xD;
                    | Username | Email | FullName | Password | Roles |&#xD;
                    | 1_DAS25826_User | 1_DAS25826_Email | 1_DAS25826_User | m!gration |
                    System Administrators, Project Administrators |&#xD;
                    -&gt; done: CreateUserViaApi.WhenUserCreateNewUserViaAPI(&lt;table&gt;)
                    (0.4s)&#xD;
                    &#xD;
                    When User is logged in to the Evergreen as&#xD;
                    --- table step argument ---&#xD;
                    | Username | Password |&#xD;
                    | 1_DAS25826_User | m!gration |&#xD;
                    -&gt; Navigating to the https://automaster.internal.juriba.com/&#xD;
                    -&gt; Navigating to the
                    https://automaster.internal.juriba.com/evergreen/&#xD;
                    -&gt; done:
                    EvergreenJnr_Login.GivenSpecificUserIsLoggedInToTheEvergreen(&lt;table&gt;)
                    (2.0s)&#xD;
                    &#xD;
                    When Project created via API&#xD;
                    --- table step argument ---&#xD;
                    | ProjectName | Scope | ProjectTemplate | Mode |&#xD;
                    | 1_25826DAS_Project | All Devices | None | Standalone Project |&#xD;
                    -&gt; done: ProjectApiSteps.WhenUserCreateNewProjectViaApi(&lt;table&gt;)
                    (0.1s)&#xD;
                    &#xD;
                    When User creates new Ring via api&#xD;
                    --- table step argument ---&#xD;
                    | Name | Description | IsDefault | Project |&#xD;
                    | 1_25826DAS_Ring | 25826DAS_1 | FALSE | 1_25826DAS_Project |&#xD;
                    -&gt; done: CreateRingViaApi.WhenUserCreatesNewRingViaApi(&lt;table&gt;)
                    (0.9s)&#xD;
                    &#xD;
                    When User onboards objects to '1_25826DAS_Project' project&#xD;
                    --- table step argument ---&#xD;
                    | DeviceObjects |&#xD;
                    | 001BAQXT6JWFPI |&#xD;
                    | 001PSUMZYOW581 |&#xD;
                    -&gt; done:
                    OnboardObjects.WhenUserOnboardsObjectsToTheProject("1_25826DAS_Project",
                    &lt;table&gt;) (64.0s)&#xD;
                    &#xD;
                    When User clicks 'Planning' on the left-hand menu&#xD;
                    -&gt; done:
                    EvergreenJnr_LeftHandMenuNavigation.WhenUserClicksOnTheLeft_HandMenu("Planning")
                    (1.7s)&#xD;
                    &#xD;
                    When User enters '1_25826DAS_Project' text in the Search field for
                    'Project' column&#xD;
                    -&gt; done:
                    EvergreenJnr_BaseGrid.WhenUserEntersTextInTheSearchFieldForColumn("1_25826DAS_Project",
                    "Project") (5.1s)&#xD;
                    &#xD;
                    When User clicks on '1_25826DAS_Project' cell from 'Project' column&#xD;
                    -&gt; done:
                    EvergreenJnr_BaseGrid.WhenUserClicksOnCellFromColumn("1_25826DAS_Project",
                    "Project") (7.1s)&#xD;
                    &#xD;
                    When User clicks 'Generate Statistics' button&#xD;
                    -&gt; done: ButtonSteps.WhenUserClicksButton("Generate Statistics")
                    (0.1s)&#xD;
                    &#xD;
                    Then 'Recalculation of statistics is complete' text is displayed on
                    inline success banner&#xD;
                    -&gt; done:
                    EvergreenJnr_BaseInlineTipBannerElement.ThenTextIsDisplayedOnInlineSuccessBanner("Recalculation
                    of ...") (10.4s)&#xD;
                    &#xD;
                    When User clicks 'Recalculate Statistics' button&#xD;
                    -&gt; done: ButtonSteps.WhenUserClicksButton("Recalculate Stati...")
                    (0.1s)&#xD;
                    &#xD;
                    When User clicks 'Recalculate' button on popup&#xD;
                    -&gt; done: ButtonSteps.WhenUserClicksButtonOnPopup("Recalculate")
                    (0.2s)&#xD;
                    &#xD;
                    Then 'Recalculation of statistics has started' text is displayed on
                    inline info banner&#xD;
                    -&gt; done:
                    EvergreenJnr_BaseInlineTipBannerElement.ThenTextIsDisplayedOnInlineInfoBanner("Recalculation
                    of ...") (1.7s)&#xD;
                    &#xD;
                    Then 'Recalculation of statistics is complete' text is displayed on
                    inline success banner&#xD;
                    -&gt; done:
                    EvergreenJnr_BaseInlineTipBannerElement.ThenTextIsDisplayedOnInlineSuccessBanner("Recalculation
                    of ...") (8.9s)&#xD;
                    &#xD;
                    Then User sees 'Calculated a few seconds ago' text in the refresh
                    statistic status&#xD;
                    -&gt; done:
                    EvergreenJnr_RingScopingPage.ThenUserSeesTextInTheRefreshStatisticStatus("Calculated
                    a few ...") (1.5s)&#xD;
                    &#xD;
                    Then 'Recalculation was initiated by 1_DAS25826_User a few seconds
                    ago' info message is displayed for mat icon with 'animated' class&#xD;
                    -&gt; done:
                    IconWithClassSteps.ThenInfoMessageIsDisplayedFroMatIconWithClass("Recalculation
                    was...", "animated") (0.9s)&#xD;
                    &#xD;
                    &#xD;
                    -&gt; Test status is 'Passed'&#xD;
                    -&gt; TEST STATUS WAS POSTED:
                    EvergreenJnr_Planning_CheckThatNotificationAboutStatisticsRecalculateIsAvailable&#xD;
                    -&gt; Test finished on:
                    https://automaster.internal.juriba.com/evergreen/#/planning/ringscoping/statistics?$projectId=166&#xD;
                    -&gt; 11/2/2021 9:36:39 AM - ERROR - Error during Custom list
                    deleting: System.Exception: Database query returns zero results&#xD;
                    -&gt; at
                    DashworksTestAutomation.Helpers.DatabaseHelper.ExecuteReader(String
                    query, Int32 columnIndex) in
                    C:\automaster\_work\3\s\DashworksTestAutomationCore\Helpers\DatabaseHelper.cs:line
                    59&#xD;
                    -&gt; at
                    DashworksTestAutomation.Steps.Dashworks.CustomList.AfterScenario.RemoveCustomListMethods.RemoveUserLists()
                    in
                    C:\automaster\_work\3\s\DashworksTestAutomationCore\Steps\Dashworks\CustomList\AfterScenario\RemoveCustomListMethods.cs:line
                    33&#xD;
                    -&gt; 11/2/2021 9:36:39 AM - ERROR - Error during Custom list
                    deleting: System.Exception: Database query returns zero results&#xD;
                    -&gt; at
                    DashworksTestAutomation.Helpers.DatabaseHelper.ExecuteReader(String
                    query, Int32 columnIndex) in
                    C:\automaster\_work\3\s\DashworksTestAutomationCore\Helpers\DatabaseHelper.cs:line
                    59&#xD;
                    -&gt; at
                    DashworksTestAutomation.Steps.Dashworks.CustomList.AfterScenario.RemoveCustomListMethods.RemoveUserLists()
                    in
                    C:\automaster\_work\3\s\DashworksTestAutomationCore\Steps\Dashworks\CustomList\AfterScenario\RemoveCustomListMethods.cs:line
                    33&#xD;
                    -&gt; 11/2/2021 9:36:39 AM - ERROR - Error during Custom list
                    deleting: System.Exception: Database query returns zero results&#xD;
                    -&gt; at
                    DashworksTestAutomation.Helpers.DatabaseHelper.ExecuteReader(String
                    query, Int32 columnIndex) in
                    C:\automaster\_work\3\s\DashworksTestAutomationCore\Helpers\DatabaseHelper.cs:line
                    59&#xD;
                    -&gt; at
                    DashworksTestAutomation.Steps.Dashworks.CustomList.AfterScenario.RemoveCustomListMethods.RemoveUserLists()
                    in
                    C:\automaster\_work\3\s\DashworksTestAutomationCore\Steps\Dashworks\CustomList\AfterScenario\RemoveCustomListMethods.cs:line
                    33&#xD;
                    -&gt; 11/2/2021 9:36:39 AM - INFO - The '1_25826DAS_Project' project
                    with '166' id has been deleted&#xD;
                    -&gt; 11/2/2021 9:36:39 AM - ERROR - Error during removing
                    '1_25826DAS_Project' Project: System.Exception: Database query
                    returns zero results&#xD;
                    -&gt; at
                    DashworksTestAutomation.Helpers.DatabaseHelper.ExecuteReader(String
                    query, Int32 columnIndex) in
                    C:\automaster\_work\3\s\DashworksTestAutomationCore\Helpers\DatabaseHelper.cs:line
                    59&#xD;
                    -&gt; at
                    DashworksTestAutomation.Helpers.DatabaseHelper.GetProjectId(String
                    projectName) in
                    C:\automaster\_work\3\s\DashworksTestAutomationCore\Helpers\DatabaseHelper.cs:line
                    599&#xD;
                    -&gt; at
                    DashworksTestAutomationCore.Api.Dashworks.AdminPage.Project.ProjectApi.Delete(String
                    projectName) in
                    C:\automaster\_work\3\s\DashworksTestAutomationCore\Api\Dashworks\AdminPage\Project\ProjectApi.cs:line
                    113&#xD;
                    -&gt; 11/2/2021 9:36:39 AM - INFO - Query for '1_DAS25826_User' user
                    deleting: select [Id] from [aspnetdb].[dbo].[AspNetUsers] where
                    [UserName] = '1_DAS25826_User'&#xD;
                    -&gt; 11/2/2021 9:36:43 AM - INFO - TEST FINISHED:
                    EvergreenJnr_Planning_CheckThatNotificationAboutStatisticsRecalculateIsAvailable
                </StdOut>
            </Output>
        </UnitTestResult>
        <UnitTestResult executionId="e38d4ddd-96f9-4e53-a3fa-01a42b622849"
                        testId="9cb4d54f-6989-9187-7917-dac43570df88"
                        testName="EvergreenJnr_Planning_CheckThatDevicesCantBeRetributedIfItIsNotAllowedInRingSettings"
                        computerName="automaster" duration="00:01:34.8029237"
                        startTime="2021-11-02T09:31:58.1829213+00:00"
                        endTime="2021-11-02T09:33:32.9858450+00:00"
                        testType="13cdc9d9-ddb5-4fa4-a97d-d965ccfc6d4b" outcome="Passed"
                        testListId="8c84fa94-04c1-424b-9868-57a2d4851a1d"
                        relativeResultsDirectory="e38d4ddd-96f9-4e53-a3fa-01a42b622849">
            <Output>
                <StdOut>-&gt; 11/2/2021 9:31:58 AM - INFO - TEST STARTED:
                    EvergreenJnr_Planning_CheckThatDevicesCantBeRetributedIfItIsNotAllowedInRingSettings&#xD;
                    &#xD;
                    Given User is logged in to the Evergreen&#xD;
                    -&gt; Navigating to the https://automaster.internal.juriba.com/&#xD;
                    -&gt; Navigating to the
                    https://automaster.internal.juriba.com/evergreen/&#xD;
                    -&gt; done: EvergreenJnr_Login.GivenUserIsLoggedInToTheEvergreen()
                    (3.7s)&#xD;
                    &#xD;
                    When Project created via API&#xD;
                    --- table step argument ---&#xD;
                    | ProjectName | Scope | ProjectTemplate | Mode |&#xD;
                    | 1_24629DAS_Project | All Devices | None | Standalone Project |&#xD;
                    -&gt; done: ProjectApiSteps.WhenUserCreateNewProjectViaApi(&lt;table&gt;)
                    (0.6s)&#xD;
                    &#xD;
                    When User creates new Ring via api&#xD;
                    --- table step argument ---&#xD;
                    | Name | Description | IsDefault | Project |&#xD;
                    | 1_24629DAS_Ring | 1_24629DAS_Desc | false | 1_24629DAS_Project |&#xD;
                    | 2_24629DAS_Ring | 2_24629DAS_Desc | false | 1_24629DAS_Project |&#xD;
                    -&gt; done: CreateRingViaApi.WhenUserCreatesNewRingViaApi(&lt;table&gt;)
                    (5.8s)&#xD;
                    &#xD;
                    When User onboards objects to '1_24629DAS_Project' project&#xD;
                    --- table step argument ---&#xD;
                    | DeviceObjects |&#xD;
                    | 00BDM1JUR8IF419 |&#xD;
                    | 00K4CEEQ737BA4L |&#xD;
                    | 011PLA470S0B9DJ |&#xD;
                    -&gt; done:
                    OnboardObjects.WhenUserOnboardsObjectsToTheProject("1_24629DAS_Project",
                    &lt;table&gt;) (47.3s)&#xD;
                    &#xD;
                    When User navigates to 'Scoping Parameters' page of
                    '1_24629DAS_Project' Ring scoping project&#xD;
                    -&gt; done:
                    EvergreenJnr_RingScopingPage.WhenUserNavigatesToPageOfRingScopingProject("Scoping
                    Parameters", "1_24629DAS_Project") (5.1s)&#xD;
                    &#xD;
                    When User sets value to '3' for 'Minimum Number of Devices' column
                    and '1_24629DAS_Ring' row in 'Minimum and Maximum Number of Devices'
                    table&#xD;
                    -&gt; done:
                    EvergreenJnr_BaseTable.WhenUserSetValueToForColumnAndRowInTable("3",
                    "Minimum Number of...", "1_24629DAS_Ring", "Minimum and Maxim...")
                    (2.0s)&#xD;
                    &#xD;
                    When User clicks 'Update And Redistribute' button&#xD;
                    -&gt; done: ButtonSteps.WhenUserClicksButton("Update And Redist...")
                    (0.1s)&#xD;
                    &#xD;
                    Then grid content is present&#xD;
                    -&gt; done: EvergreenJnr_BaseGrid.ThenGridContentIsPresent() (3.6s)&#xD;
                    &#xD;
                    When User clicks 'Commit Changes Without Preview' button&#xD;
                    -&gt; done: ButtonSteps.WhenUserClicksButton("Commit Changes Wi...")
                    (0.1s)&#xD;
                    &#xD;
                    When User navigates to the 'Scoping Parameters' left submenu item&#xD;
                    -&gt; done:
                    EvergreenJnr_LeftMenuNavigation.WhenUserNavigatesToTheParentLeftSubmenuItem("Scoping
                    Parameters") (12.2s)&#xD;
                    &#xD;
                    When User clicks 'Clear All' button after loading&#xD;
                    -&gt; done: ButtonSteps.WhenUserClicksButtonAfterLoading("Clear
                    All") (2.1s)&#xD;
                    &#xD;
                    When User selects 'Allow devices to be moved into this ring, but not
                    out of it' in the 'Allow devices to be moved in and out of this
                    ring' dropdown&#xD;
                    -&gt; done: DropdownSteps.WhenUserSelectsInTheDropdown("Allow
                    devices to ...", "Allow devices to ...") (0.8s)&#xD;
                    &#xD;
                    When User sets value to '3' for 'Minimum Number of Devices' column
                    and '2_24629DAS_Ring' row in 'Minimum and Maximum Number of Devices'
                    table&#xD;
                    -&gt; done:
                    EvergreenJnr_BaseTable.WhenUserSetValueToForColumnAndRowInTable("3",
                    "Minimum Number of...", "2_24629DAS_Ring", "Minimum and Maxim...")
                    (1.9s)&#xD;
                    &#xD;
                    When User clicks 'Update And Redistribute' button&#xD;
                    -&gt; done: ButtonSteps.WhenUserClicksButton("Update And Redist...")
                    (0.1s)&#xD;
                    &#xD;
                    Then 'Your configuration is already optimal' message is displayed on
                    empty grid&#xD;
                    -&gt; done:
                    EvergreenJnr_BaseGrid.ThenMessageIsDisplayedOnEmptyGrid("Your
                    configuratio...") (2.0s)&#xD;
                    &#xD;
                    &#xD;
                    -&gt; Test status is 'Passed'&#xD;
                    -&gt; TEST STATUS WAS POSTED:
                    EvergreenJnr_Planning_CheckThatDevicesCantBeRetributedIfItIsNotAllowedInRingSettings&#xD;
                    -&gt; Test finished on:
                    https://automaster.internal.juriba.com/evergreen/#/planning/ringscoping/scopingParameters?$projectId=142&#xD;
                    -&gt; 11/2/2021 9:33:29 AM - ERROR - Error during Custom list
                    deleting: System.Exception: Database query returns zero results&#xD;
                    -&gt; at
                    DashworksTestAutomation.Helpers.DatabaseHelper.ExecuteReader(String
                    query, Int32 columnIndex) in
                    C:\automaster\_work\3\s\DashworksTestAutomationCore\Helpers\DatabaseHelper.cs:line
                    59&#xD;
                    -&gt; at
                    DashworksTestAutomation.Steps.Dashworks.CustomList.AfterScenario.RemoveCustomListMethods.RemoveUserLists()
                    in
                    C:\automaster\_work\3\s\DashworksTestAutomationCore\Steps\Dashworks\CustomList\AfterScenario\RemoveCustomListMethods.cs:line
                    33&#xD;
                    -&gt; 11/2/2021 9:33:29 AM - ERROR - Error during Custom list
                    deleting: System.Exception: Database query returns zero results&#xD;
                    -&gt; at
                    DashworksTestAutomation.Helpers.DatabaseHelper.ExecuteReader(String
                    query, Int32 columnIndex) in
                    C:\automaster\_work\3\s\DashworksTestAutomationCore\Helpers\DatabaseHelper.cs:line
                    59&#xD;
                    -&gt; at
                    DashworksTestAutomation.Steps.Dashworks.CustomList.AfterScenario.RemoveCustomListMethods.RemoveUserLists()
                    in
                    C:\automaster\_work\3\s\DashworksTestAutomationCore\Steps\Dashworks\CustomList\AfterScenario\RemoveCustomListMethods.cs:line
                    33&#xD;
                    -&gt; 11/2/2021 9:33:29 AM - INFO - The '1_24629DAS_Project' project
                    with '142' id has been deleted&#xD;
                    -&gt; 11/2/2021 9:33:32 AM - INFO - TEST FINISHED:
                    EvergreenJnr_Planning_CheckThatDevicesCantBeRetributedIfItIsNotAllowedInRingSettings
                </StdOut>
            </Output>
        </UnitTestResult>
        <UnitTestResult executionId="eae29321-7ec0-4b6e-8ea3-dc6ada2efaae"
                        testId="7031e127-63f7-504f-077a-51d384302326"
                        testName="EvergreenJnr_Planning_CheckThatUserCanChangeSelectedCoverageTargetsAndOvertypingThem"
                        computerName="automaster" duration="00:00:36.9633060"
                        startTime="2021-11-02T09:32:55.7403646+00:00"
                        endTime="2021-11-02T09:33:32.7036706+00:00"
                        testType="13cdc9d9-ddb5-4fa4-a97d-d965ccfc6d4b" outcome="Passed"
                        testListId="8c84fa94-04c1-424b-9868-57a2d4851a1d"
                        relativeResultsDirectory="eae29321-7ec0-4b6e-8ea3-dc6ada2efaae">
            <Output>
                <StdOut>-&gt; 11/2/2021 9:32:55 AM - INFO - TEST STARTED:
                    EvergreenJnr_Planning_CheckThatUserCanChangeSelectedCoverageTargetsAndOvertypingThem&#xD;
                    &#xD;
                    Given User is logged in to the Evergreen&#xD;
                    -&gt; Navigating to the https://automaster.internal.juriba.com/&#xD;
                    -&gt; Navigating to the
                    https://automaster.internal.juriba.com/evergreen/&#xD;
                    -&gt; done: EvergreenJnr_Login.GivenUserIsLoggedInToTheEvergreen()
                    (3.1s)&#xD;
                    &#xD;
                    When User clicks 'Planning' on the left-hand menu&#xD;
                    -&gt; done:
                    EvergreenJnr_LeftHandMenuNavigation.WhenUserClicksOnTheLeft_HandMenu("Planning")
                    (2.3s)&#xD;
                    &#xD;
                    When User enters 'Ring Scoping Project' text in the Search field for
                    'Project' column&#xD;
                    -&gt; done:
                    EvergreenJnr_BaseGrid.WhenUserEntersTextInTheSearchFieldForColumn("Ring
                    Scoping Project", "Project") (4.1s)&#xD;
                    &#xD;
                    When User clicks on 'Ring Scoping Project' cell from 'Project'
                    column&#xD;
                    -&gt; done:
                    EvergreenJnr_BaseGrid.WhenUserClicksOnCellFromColumn("Ring Scoping
                    Project", "Project") (7.1s)&#xD;
                    &#xD;
                    When User navigates to the 'Scoping Parameters' left submenu item&#xD;
                    -&gt; done:
                    EvergreenJnr_LeftMenuNavigation.WhenUserNavigatesToTheParentLeftSubmenuItem("Scoping
                    Parameters") (1.6s)&#xD;
                    &#xD;
                    When User sets value to '50' for 'Core' column and 'Unassigned' row
                    in 'Application Coverage Targets' table&#xD;
                    -&gt; done:
                    EvergreenJnr_BaseTable.WhenUserSetValueToForColumnAndRowInTable("50",
                    "Core", "Unassigned", "Application Cover...") (4.4s)&#xD;
                    &#xD;
                    When User double clicks to 'Core' column and 'Unassigned' row in
                    'Application Coverage Targets' table&#xD;
                    -&gt; done:
                    EvergreenJnr_BaseTable.WhenUserDoubleClicksToColumnAndRowInTable("Core",
                    "Unassigned", "Application Cover...") (2.2s)&#xD;
                    &#xD;
                    When User sets value to '25' for 'Core' column and 'Unassigned' row
                    in 'Application Coverage Targets' table without clean&#xD;
                    -&gt; done:
                    EvergreenJnr_BaseTable.WhenUserSetsValueToForColumnAndRowInTableWithoutClean("25",
                    "Core", "Unassigned", "Application Cover...") (1.9s)&#xD;
                    &#xD;
                    Then User sees value '25' for 'Core' column and 'Unassigned' row in
                    'Application Coverage Targets' table&#xD;
                    -&gt; done:
                    EvergreenJnr_BaseTable.ThenUserSeesValueForColumnAndRowInTable("25",
                    "Core", "Unassigned", "Application Cover...") (1.9s)&#xD;
                    &#xD;
                    &#xD;
                    -&gt; Test status is 'Passed'&#xD;
                    -&gt; TEST STATUS WAS POSTED:
                    EvergreenJnr_Planning_CheckThatUserCanChangeSelectedCoverageTargetsAndOvertypingThem&#xD;
                    -&gt; Test finished on:
                    https://automaster.internal.juriba.com/evergreen/#/planning/ringscoping/scopingParameters?$projectId=112&#xD;
                    -&gt; 11/2/2021 9:33:29 AM - ERROR - Error during Custom list
                    deleting: System.Exception: Database query returns zero results&#xD;
                    -&gt; at
                    DashworksTestAutomation.Helpers.DatabaseHelper.ExecuteReader(String
                    query, Int32 columnIndex) in
                    C:\automaster\_work\3\s\DashworksTestAutomationCore\Helpers\DatabaseHelper.cs:line
                    59&#xD;
                    -&gt; at
                    DashworksTestAutomation.Steps.Dashworks.CustomList.AfterScenario.RemoveCustomListMethods.RemoveUserLists()
                    in
                    C:\automaster\_work\3\s\DashworksTestAutomationCore\Steps\Dashworks\CustomList\AfterScenario\RemoveCustomListMethods.cs:line
                    33&#xD;
                    -&gt; 11/2/2021 9:33:29 AM - ERROR - Error during Custom list
                    deleting: System.Exception: Database query returns zero results&#xD;
                    -&gt; at
                    DashworksTestAutomation.Helpers.DatabaseHelper.ExecuteReader(String
                    query, Int32 columnIndex) in
                    C:\automaster\_work\3\s\DashworksTestAutomationCore\Helpers\DatabaseHelper.cs:line
                    59&#xD;
                    -&gt; at
                    DashworksTestAutomation.Steps.Dashworks.CustomList.AfterScenario.RemoveCustomListMethods.RemoveUserLists()
                    in
                    C:\automaster\_work\3\s\DashworksTestAutomationCore\Steps\Dashworks\CustomList\AfterScenario\RemoveCustomListMethods.cs:line
                    33&#xD;
                    -&gt; 11/2/2021 9:33:32 AM - INFO - TEST FINISHED:
                    EvergreenJnr_Planning_CheckThatUserCanChangeSelectedCoverageTargetsAndOvertypingThem
                </StdOut>
            </Output>
        </UnitTestResult>
        <UnitTestResult executionId="f6cc4bf7-408e-47b9-aa9e-e362052f69f9"
                        testId="554d617d-ddfa-daaa-7e1e-cf7578d2697f"
                        testName="EvergreenJnr_Planning_CheckThatGenerateStatisticsButtonIsNotDisabledAfterClickedSameButtonOnOtherProject"
                        computerName="automaster" duration="00:02:58.6638203"
                        startTime="2021-11-02T09:31:25.2235756+00:00"
                        endTime="2021-11-02T09:34:23.8873959+00:00"
                        testType="13cdc9d9-ddb5-4fa4-a97d-d965ccfc6d4b" outcome="Passed"
                        testListId="8c84fa94-04c1-424b-9868-57a2d4851a1d"
                        relativeResultsDirectory="f6cc4bf7-408e-47b9-aa9e-e362052f69f9">
            <Output>
                <StdOut>-&gt; 11/2/2021 9:31:25 AM - INFO - TEST STARTED:
                    EvergreenJnr_Planning_CheckThatGenerateStatisticsButtonIsNotDisabledAfterClickedSameButtonOnOtherProject&#xD;
                    &#xD;
                    Given User is logged in to the Evergreen&#xD;
                    -&gt; Navigating to the https://automaster.internal.juriba.com/&#xD;
                    -&gt; Navigating to the
                    https://automaster.internal.juriba.com/evergreen/&#xD;
                    -&gt; done: EvergreenJnr_Login.GivenUserIsLoggedInToTheEvergreen()
                    (2.7s)&#xD;
                    &#xD;
                    When Project created via API&#xD;
                    --- table step argument ---&#xD;
                    | ProjectName | Scope | ProjectTemplate | Mode |&#xD;
                    | 1_28413DAS_Project | All Devices | None | Standalone Project |&#xD;
                    -&gt; done: ProjectApiSteps.WhenUserCreateNewProjectViaApi(&lt;table&gt;)
                    (0.2s)&#xD;
                    &#xD;
                    When User creates new Ring via api&#xD;
                    --- table step argument ---&#xD;
                    | Name | Description | IsDefault | Project |&#xD;
                    | 1_28413DAS_Ring | 1_28413DAS_Desc | false | 1_28413DAS_Project |&#xD;
                    | 2_28413DAS_Ring | 2_28413DAS_Desc | false | 1_28413DAS_Project |&#xD;
                    -&gt; done: CreateRingViaApi.WhenUserCreatesNewRingViaApi(&lt;table&gt;)
                    (1.9s)&#xD;
                    &#xD;
                    When User onboards objects to '1_28413DAS_Project' project&#xD;
                    --- table step argument ---&#xD;
                    | DeviceObjects |&#xD;
                    | KJ2SG1XK5R7U58K |&#xD;
                    | KJ4WLQJL7CZPXK7 |&#xD;
                    | KJ9RZAAYF3QSLN |&#xD;
                    -&gt; done:
                    OnboardObjects.WhenUserOnboardsObjectsToTheProject("1_28413DAS_Project",
                    &lt;table&gt;) (76.0s)&#xD;
                    &#xD;
                    When Project created via API&#xD;
                    --- table step argument ---&#xD;
                    | ProjectName | Scope | ProjectTemplate | Mode |&#xD;
                    | 2_28413DAS_Project | All Devices | None | Standalone Project |&#xD;
                    -&gt; done: ProjectApiSteps.WhenUserCreateNewProjectViaApi(&lt;table&gt;)
                    (0.3s)&#xD;
                    &#xD;
                    When User creates new Ring via api&#xD;
                    --- table step argument ---&#xD;
                    | Name | Description | IsDefault | Project |&#xD;
                    | 3_28413DAS_Ring | 3_28413DAS_Desc | false | 2_28413DAS_Project |&#xD;
                    | 4_28413DAS_Ring | 4_28413DAS_Desc | false | 2_28413DAS_Project |&#xD;
                    -&gt; done: CreateRingViaApi.WhenUserCreatesNewRingViaApi(&lt;table&gt;)
                    (1.6s)&#xD;
                    &#xD;
                    When User onboards objects to '2_28413DAS_Project' project&#xD;
                    --- table step argument ---&#xD;
                    | DeviceObjects |&#xD;
                    | KNA4SLH8B6MCO4 |&#xD;
                    | KNASUOYCG078KE |&#xD;
                    | KNEWLSHUQCEP4G |&#xD;
                    -&gt; done:
                    OnboardObjects.WhenUserOnboardsObjectsToTheProject("2_28413DAS_Project",
                    &lt;table&gt;) (65.9s)&#xD;
                    &#xD;
                    When User navigates to 'Statistics' page of '1_28413DAS_Project'
                    Ring scoping project&#xD;
                    -&gt; done:
                    EvergreenJnr_RingScopingPage.WhenUserNavigatesToPageOfRingScopingProject("Statistics",
                    "1_28413DAS_Project") (3.6s)&#xD;
                    &#xD;
                    When User clicks 'Generate Statistics' button&#xD;
                    -&gt; done: ButtonSteps.WhenUserClicksButton("Generate Statistics")
                    (0.1s)&#xD;
                    &#xD;
                    When User selects '2_28413DAS_Project' in the 'Project Selector'
                    dropdown&#xD;
                    -&gt; done:
                    DropdownSteps.WhenUserSelectsInTheDropdown("2_28413DAS_Project",
                    "Project Selector") (1.1s)&#xD;
                    &#xD;
                    Then 'Generate Statistics' button is not disabled without wait&#xD;
                    -&gt; done: ButtonSteps.ThenButtonIsNotDisabledWithoutWait("Generate
                    Statistics") (0.6s)&#xD;
                    &#xD;
                    When User clicks 'Generate Statistics' button&#xD;
                    -&gt; done: ButtonSteps.WhenUserClicksButton("Generate Statistics")
                    (0.1s)&#xD;
                    &#xD;
                    Then table is displayed&#xD;
                    -&gt; done: EvergreenJnr_BaseTable.ThenTableIsDisplayed() (11.5s)&#xD;
                    &#xD;
                    &#xD;
                    -&gt; Test status is 'Passed'&#xD;
                    -&gt; TEST STATUS WAS POSTED:
                    EvergreenJnr_Planning_CheckThatGenerateStatisticsButtonIsNotDisabledAfterClickedSameButtonOnOtherProject&#xD;
                    -&gt; Test finished on:
                    https://automaster.internal.juriba.com/evergreen/#/planning/ringscoping/statistics?$projectId=147&#xD;
                    -&gt; 11/2/2021 9:34:19 AM - ERROR - Error during Custom list
                    deleting: System.Exception: Database query returns zero results&#xD;
                    -&gt; at
                    DashworksTestAutomation.Helpers.DatabaseHelper.ExecuteReader(String
                    query, Int32 columnIndex) in
                    C:\automaster\_work\3\s\DashworksTestAutomationCore\Helpers\DatabaseHelper.cs:line
                    59&#xD;
                    -&gt; at
                    DashworksTestAutomation.Steps.Dashworks.CustomList.AfterScenario.RemoveCustomListMethods.RemoveUserLists()
                    in
                    C:\automaster\_work\3\s\DashworksTestAutomationCore\Steps\Dashworks\CustomList\AfterScenario\RemoveCustomListMethods.cs:line
                    33&#xD;
                    -&gt; 11/2/2021 9:34:19 AM - ERROR - Error during Custom list
                    deleting: System.Exception: Database query returns zero results&#xD;
                    -&gt; at
                    DashworksTestAutomation.Helpers.DatabaseHelper.ExecuteReader(String
                    query, Int32 columnIndex) in
                    C:\automaster\_work\3\s\DashworksTestAutomationCore\Helpers\DatabaseHelper.cs:line
                    59&#xD;
                    -&gt; at
                    DashworksTestAutomation.Steps.Dashworks.CustomList.AfterScenario.RemoveCustomListMethods.RemoveUserLists()
                    in
                    C:\automaster\_work\3\s\DashworksTestAutomationCore\Steps\Dashworks\CustomList\AfterScenario\RemoveCustomListMethods.cs:line
                    33&#xD;
                    -&gt; 11/2/2021 9:34:20 AM - INFO - The '1_28413DAS_Project' project
                    with '138' id has been deleted&#xD;
                    -&gt; 11/2/2021 9:34:20 AM - INFO - The '2_28413DAS_Project' project
                    with '147' id has been deleted&#xD;
                    -&gt; 11/2/2021 9:34:23 AM - INFO - TEST FINISHED:
                    EvergreenJnr_Planning_CheckThatGenerateStatisticsButtonIsNotDisabledAfterClickedSameButtonOnOtherProject
                </StdOut>
            </Output>
        </UnitTestResult>
        <UnitTestResult executionId="a9776373-df3b-4cc1-8663-9f7fbdc34930"
                        testId="6760b177-0e80-883e-f1fd-f0a0de5ee5aa"
                        testName="EvergreenJnr_Planning_CheckThatNewFiguresInStatisticsTableIsShownAndWorksCorrectly"
                        computerName="automaster" duration="00:01:48.6123722"
                        startTime="2021-11-02T09:32:27.5492286+00:00"
                        endTime="2021-11-02T09:34:16.1616008+00:00"
                        testType="13cdc9d9-ddb5-4fa4-a97d-d965ccfc6d4b" outcome="Failed"
                        testListId="8c84fa94-04c1-424b-9868-57a2d4851a1d"
                        relativeResultsDirectory="a9776373-df3b-4cc1-8663-9f7fbdc34930">
            <Output>
                <StdOut>-&gt; 11/2/2021 9:32:27 AM - INFO - TEST STARTED:
                    EvergreenJnr_Planning_CheckThatNewFiguresInStatisticsTableIsShownAndWorksCorrectly&#xD;
                    &#xD;
                    Given User is logged in to the Evergreen&#xD;
                    -&gt; Navigating to the https://automaster.internal.juriba.com/&#xD;
                    -&gt; Navigating to the
                    https://automaster.internal.juriba.com/evergreen/&#xD;
                    -&gt; done: EvergreenJnr_Login.GivenUserIsLoggedInToTheEvergreen()
                    (2.2s)&#xD;
                    &#xD;
                    When Project created via API&#xD;
                    --- table step argument ---&#xD;
                    | ProjectName | Scope | ProjectTemplate | Mode |&#xD;
                    | 1_27286DAS_Project | All Devices | None | Standalone Project |&#xD;
                    -&gt; done: ProjectApiSteps.WhenUserCreateNewProjectViaApi(&lt;table&gt;)
                    (0.1s)&#xD;
                    &#xD;
                    When User creates new Ring via api&#xD;
                    --- table step argument ---&#xD;
                    | Name | Description | IsDefault | Project |&#xD;
                    | 1_27286DAS_Ring | 1_27286DAS_Desc | FALSE | 1_27286DAS_Project |&#xD;
                    -&gt; done: CreateRingViaApi.WhenUserCreatesNewRingViaApi(&lt;table&gt;)
                    (0.5s)&#xD;
                    &#xD;
                    When User onboards objects to '1_27286DAS_Project' project&#xD;
                    --- table step argument ---&#xD;
                    | DeviceObjects |&#xD;
                    | 00BDM1JUR8IF419 |&#xD;
                    | 00K4CEEQ737BA4L |&#xD;
                    | 011PLA470S0B9DJ |&#xD;
                    -&gt; done:
                    OnboardObjects.WhenUserOnboardsObjectsToTheProject("1_27286DAS_Project",
                    &lt;table&gt;) (84.2s)&#xD;
                    &#xD;
                    When User navigates to 'Statistics' page of '1_27286DAS_Project'
                    Ring scoping project&#xD;
                    -&gt; done:
                    EvergreenJnr_RingScopingPage.WhenUserNavigatesToPageOfRingScopingProject("Statistics",
                    "1_27286DAS_Project") (2.5s)&#xD;
                    &#xD;
                    When User clicks 'Generate Statistics' button&#xD;
                    -&gt; done: ButtonSteps.WhenUserClicksButton("Generate Statistics")
                    (0.1s)&#xD;
                    &#xD;
                    When User waits for data loading&#xD;
                    -&gt; done: EvergreenJnr_BasePage.WhenUserWaitsForDataLoading()
                    (11.5s)&#xD;
                    &#xD;
                    Then 'Recalculation of statistics is complete' text is displayed on
                    inline success banner&#xD;
                    -&gt; done:
                    EvergreenJnr_BaseInlineTipBannerElement.ThenTextIsDisplayedOnInlineSuccessBanner("Recalculation
                    of ...") (0.1s)&#xD;
                    &#xD;
                    When User selects 'Software' in the 'Summary' dropdown&#xD;
                    -&gt; error: There are no 'Software' dropdown option (0.4s)&#xD;
                    &#xD;
                    Then following data is displayed in the '0' column of the table&#xD;
                    --- table step argument ---&#xD;
                    | Fields |&#xD;
                    | Devices by Ring |&#xD;
                    | Cumulative Device Count |&#xD;
                    | Apps by Ring |&#xD;
                    | Cumulative App Count |&#xD;
                    | Core App Count |&#xD;
                    | Core App Coverage |&#xD;
                    | Critical App Count |&#xD;
                    | Critical App Coverage |&#xD;
                    | Important App Count |&#xD;
                    | Important App Coverage |&#xD;
                    | Not Important App Count |&#xD;
                    | Not Important App Coverage |&#xD;
                    | Uncategorised App Count |&#xD;
                    | Uncategorised App Coverage |&#xD;
                    -&gt; skipped because of previous errors&#xD;
                    &#xD;
                    Then User sees '9' linked elements in 'Unassigned' column&#xD;
                    -&gt; skipped because of previous errors&#xD;
                    &#xD;
                    Then User sees '9' linked elements in '1_27286DAS_Ring' column&#xD;
                    -&gt; skipped because of previous errors&#xD;
                    &#xD;
                    Then User sees '9' linked elements in 'Total' column&#xD;
                    -&gt; skipped because of previous errors&#xD;
                    &#xD;
                    &#xD;
                    -&gt; Test status is 'Failed'&#xD;
                    -&gt; Check screenshot by following path:
                    c:\Screenshots\EvergreenJnr_Planning_CheckThatNewFiguresInStatisticsTableIsShownAndWorksCorrectly_2021_11_02_09_34_12.png&#xD;
                    -&gt; TEST STATUS WAS POSTED:
                    EvergreenJnr_Planning_CheckThatNewFiguresInStatisticsTableIsShownAndWorksCorrectly&#xD;
                    -&gt; Test finished on:
                    https://automaster.internal.juriba.com/evergreen/#/planning/ringscoping/statistics?$projectId=144&#xD;
                    -&gt; 11/2/2021 9:34:12 AM - ERROR - Error during Custom list
                    deleting: System.Exception: Database query returns zero results&#xD;
                    -&gt; at
                    DashworksTestAutomation.Helpers.DatabaseHelper.ExecuteReader(String
                    query, Int32 columnIndex) in
                    C:\automaster\_work\3\s\DashworksTestAutomationCore\Helpers\DatabaseHelper.cs:line
                    59&#xD;
                    -&gt; at
                    DashworksTestAutomation.Steps.Dashworks.CustomList.AfterScenario.RemoveCustomListMethods.RemoveUserLists()
                    in
                    C:\automaster\_work\3\s\DashworksTestAutomationCore\Steps\Dashworks\CustomList\AfterScenario\RemoveCustomListMethods.cs:line
                    33&#xD;
                    -&gt; 11/2/2021 9:34:12 AM - ERROR - Error during Custom list
                    deleting: System.Exception: Database query returns zero results&#xD;
                    -&gt; at
                    DashworksTestAutomation.Helpers.DatabaseHelper.ExecuteReader(String
                    query, Int32 columnIndex) in
                    C:\automaster\_work\3\s\DashworksTestAutomationCore\Helpers\DatabaseHelper.cs:line
                    59&#xD;
                    -&gt; at
                    DashworksTestAutomation.Steps.Dashworks.CustomList.AfterScenario.RemoveCustomListMethods.RemoveUserLists()
                    in
                    C:\automaster\_work\3\s\DashworksTestAutomationCore\Steps\Dashworks\CustomList\AfterScenario\RemoveCustomListMethods.cs:line
                    33&#xD;
                    -&gt; 11/2/2021 9:34:12 AM - INFO - The '1_27286DAS_Project' project
                    with '144' id has been deleted&#xD;
                    -&gt; 11/2/2021 9:34:16 AM - INFO - TEST FINISHED:
                    EvergreenJnr_Planning_CheckThatNewFiguresInStatisticsTableIsShownAndWorksCorrectly
                </StdOut>
                <StdErr>There are no 'Software' dropdown option&#xD;
                    System.Exception: There are no 'Software' dropdown option&#xD;
                    at
                    DashworksTestAutomationCore.Components.DropdownComponent.DropdownOptions.BaseDropdownOptions.GetOptionByName(String
                    value) in
                    C:\automaster\_work\3\s\DashworksTestAutomationCore\Components\DropdownComponent\DropdownOptions\BaseDropdownOptions.cs:line
                    34&#xD;
                    at DashworksTestAutomationCore.Components.Dropdown.Select(String
                    value) in
                    C:\automaster\_work\3\s\DashworksTestAutomationCore\Components\DropdownComponent\Dropdown.cs:line
                    36&#xD;
                    at
                    DashworksTestAutomationCore.Steps.Dashworks.Components.DropdownSteps.WhenUserSelectsInTheDropdown(String
                    value, String dropdownName) in
                    C:\automaster\_work\3\s\DashworksTestAutomationCore\Steps\Dashworks\Components\DropdownSteps.cs:line
                    40&#xD;
                    at TechTalk.SpecFlow.Bindings.BindingInvoker.InvokeBinding(IBinding
                    binding, IContextManager contextManager, Object[] arguments,
                    ITestTracer testTracer, TimeSpan&amp; duration) in
                    D:\a\1\s\TechTalk.SpecFlow\Bindings\BindingInvoker.cs:line 88&#xD;
                    at
                    TechTalk.SpecFlow.Infrastructure.TestExecutionEngine.ExecuteStepMatch(BindingMatch
                    match, Object[] arguments, TimeSpan&amp; duration) in
                    D:\a\1\s\TechTalk.SpecFlow\Infrastructure\TestExecutionEngine.cs:line
                    522&#xD;
                    at
                    TechTalk.SpecRun.SpecFlowPlugin.Runtime.RunnerTestExecutionEngine.ExecuteStepMatch(BindingMatch
                    match, Object[] arguments, TimeSpan&amp; duration)&#xD;
                    at
                    TechTalk.SpecFlow.Infrastructure.TestExecutionEngine.ExecuteStep(IContextManager
                    contextManager, StepInstance stepInstance) in
                    D:\a\1\s\TechTalk.SpecFlow\Infrastructure\TestExecutionEngine.cs:line
                    446&#xD;
                    at
                    TechTalk.SpecFlow.Infrastructure.TestExecutionEngine.OnAfterLastStep()
                    in
                    D:\a\1\s\TechTalk.SpecFlow\Infrastructure\TestExecutionEngine.cs:line
                    268&#xD;
                    at
                    TechTalk.SpecRun.SpecFlowPlugin.Runtime.RunnerTestExecutionEngine.OnAfterLastStep()&#xD;
                    at TechTalk.SpecFlow.TestRunner.CollectScenarioErrors() in
                    D:\a\1\s\TechTalk.SpecFlow\TestRunner.cs:line 60&#xD;
                    at
                    DashworksTestAutomationCore.Tests.EvergreenJnr.EvergreenJnr_Planning.Planning_RingScoping_Part12Feature.ScenarioCleanup()&#xD;
                    at
                    DashworksTestAutomationCore.Tests.EvergreenJnr.EvergreenJnr_Planning.Planning_RingScoping_Part12Feature.EvergreenJnr_Planning_CheckThatNewFiguresInStatisticsTableIsShownAndWorksCorrectly()
                    in
                    C:\automaster\_work\3\s\DashworksTestAutomationCore\Tests\EvergreenJnr\EvergreenJnr_Planning\Planning_RingScoping_Part12.feature:line
                    43&#xD;
                    at
                    TechTalk.SpecRun.Framework.TaskExecutors.StaticOrInstanceMethodExecutor.ExecuteInternal(ITestThreadExecutionContext
                    testThreadExecutionContext)&#xD;
                    at
                    TechTalk.SpecRun.Framework.TaskExecutors.StaticOrInstanceMethodExecutor.Execute(ITestThreadExecutionContext
                    testThreadExecutionContext)&#xD;
                    at TechTalk.SpecRun.Framework.TestNodeTask.Execute()
                </StdErr>
                <ErrorInfo>
                    <Message>There are no 'Software' dropdown option</Message>
                    <StackTrace>System.Exception: There are no 'Software' dropdown
                        option&#xD;
                        at
                        DashworksTestAutomationCore.Components.DropdownComponent.DropdownOptions.BaseDropdownOptions.GetOptionByName(String
                        value) in
                        C:\automaster\_work\3\s\DashworksTestAutomationCore\Components\DropdownComponent\DropdownOptions\BaseDropdownOptions.cs:line
                        34&#xD;
                        at DashworksTestAutomationCore.Components.Dropdown.Select(String
                        value) in
                        C:\automaster\_work\3\s\DashworksTestAutomationCore\Components\DropdownComponent\Dropdown.cs:line
                        36&#xD;
                        at
                        DashworksTestAutomationCore.Steps.Dashworks.Components.DropdownSteps.WhenUserSelectsInTheDropdown(String
                        value, String dropdownName) in
                        C:\automaster\_work\3\s\DashworksTestAutomationCore\Steps\Dashworks\Components\DropdownSteps.cs:line
                        40&#xD;
                        at
                        TechTalk.SpecFlow.Bindings.BindingInvoker.InvokeBinding(IBinding
                        binding, IContextManager contextManager, Object[] arguments,
                        ITestTracer testTracer, TimeSpan&amp; duration) in
                        D:\a\1\s\TechTalk.SpecFlow\Bindings\BindingInvoker.cs:line 88&#xD;
                        at
                        TechTalk.SpecFlow.Infrastructure.TestExecutionEngine.ExecuteStepMatch(BindingMatch
                        match, Object[] arguments, TimeSpan&amp; duration) in
                        D:\a\1\s\TechTalk.SpecFlow\Infrastructure\TestExecutionEngine.cs:line
                        522&#xD;
                        at
                        TechTalk.SpecRun.SpecFlowPlugin.Runtime.RunnerTestExecutionEngine.ExecuteStepMatch(BindingMatch
                        match, Object[] arguments, TimeSpan&amp; duration)&#xD;
                        at
                        TechTalk.SpecFlow.Infrastructure.TestExecutionEngine.ExecuteStep(IContextManager
                        contextManager, StepInstance stepInstance) in
                        D:\a\1\s\TechTalk.SpecFlow\Infrastructure\TestExecutionEngine.cs:line
                        446&#xD;
                        at
                        TechTalk.SpecFlow.Infrastructure.TestExecutionEngine.OnAfterLastStep()
                        in
                        D:\a\1\s\TechTalk.SpecFlow\Infrastructure\TestExecutionEngine.cs:line
                        268&#xD;
                        at
                        TechTalk.SpecRun.SpecFlowPlugin.Runtime.RunnerTestExecutionEngine.OnAfterLastStep()&#xD;
                        at TechTalk.SpecFlow.TestRunner.CollectScenarioErrors() in
                        D:\a\1\s\TechTalk.SpecFlow\TestRunner.cs:line 60&#xD;
                        at
                        DashworksTestAutomationCore.Tests.EvergreenJnr.EvergreenJnr_Planning.Planning_RingScoping_Part12Feature.ScenarioCleanup()&#xD;
                        at
                        DashworksTestAutomationCore.Tests.EvergreenJnr.EvergreenJnr_Planning.Planning_RingScoping_Part12Feature.EvergreenJnr_Planning_CheckThatNewFiguresInStatisticsTableIsShownAndWorksCorrectly()
                        in
                        C:\automaster\_work\3\s\DashworksTestAutomationCore\Tests\EvergreenJnr\EvergreenJnr_Planning\Planning_RingScoping_Part12.feature:line
                        43&#xD;
                        at
                        TechTalk.SpecRun.Framework.TaskExecutors.StaticOrInstanceMethodExecutor.ExecuteInternal(ITestThreadExecutionContext
                        testThreadExecutionContext)&#xD;
                        at
                        TechTalk.SpecRun.Framework.TaskExecutors.StaticOrInstanceMethodExecutor.Execute(ITestThreadExecutionContext
                        testThreadExecutionContext)&#xD;
                        at TechTalk.SpecRun.Framework.TestNodeTask.Execute()
                    </StackTrace>
                </ErrorInfo>
            </Output>
        </UnitTestResult>
        <UnitTestResult executionId="c40a6b29-1da6-4d25-bb48-becfa094d391"
                        testId="96ab5986-f550-d7a2-6924-538f0422834b"
                        testName="EvergreenJnr_Planning_CheckThatClearAllButtonResetMinimumDevicesPerAppToOneAndClearsOtherFields"
                        computerName="automaster" duration="00:01:43.4041710"
                        startTime="2021-11-02T09:33:19.4567014+00:00"
                        endTime="2021-11-02T09:35:02.8608724+00:00"
                        testType="13cdc9d9-ddb5-4fa4-a97d-d965ccfc6d4b" outcome="Failed"
                        testListId="8c84fa94-04c1-424b-9868-57a2d4851a1d"
                        relativeResultsDirectory="c40a6b29-1da6-4d25-bb48-becfa094d391">
            <Output>
                <StdOut>-&gt; 11/2/2021 9:33:19 AM - INFO - TEST STARTED:
                    EvergreenJnr_Planning_CheckThatClearAllButtonResetMinimumDevicesPerAppToOneAndClearsOtherFields&#xD;
                    &#xD;
                    Given User is logged in to the Evergreen&#xD;
                    -&gt; Navigating to the https://automaster.internal.juriba.com/&#xD;
                    -&gt; Navigating to the
                    https://automaster.internal.juriba.com/evergreen/&#xD;
                    -&gt; done: EvergreenJnr_Login.GivenUserIsLoggedInToTheEvergreen()
                    (4.1s)&#xD;
                    &#xD;
                    When Project created via API and opened&#xD;
                    --- table step argument ---&#xD;
                    | ProjectName | Scope | ProjectTemplate | Mode |&#xD;
                    | 1_24862DAS_Project | All Devices | None | Standalone Project |&#xD;
                    -&gt; done: ProjectApiSteps.WhenUserCreateNewProjectViaApiAndOpened(&lt;table&gt;)
                    (3.4s)&#xD;
                    &#xD;
                    When User onboards objects to '1_24862DAS_Project' project&#xD;
                    --- table step argument ---&#xD;
                    | DeviceObjects |&#xD;
                    | 00CWZRC4UK6W20 |&#xD;
                    | 00I0COBFWHOF27 |&#xD;
                    -&gt; done:
                    OnboardObjects.WhenUserOnboardsObjectsToTheProject("1_24862DAS_Project",
                    &lt;table&gt;) (74.4s)&#xD;
                    &#xD;
                    When User creates new Ring via api&#xD;
                    --- table step argument ---&#xD;
                    | Name | Description | IsDefault | Project |&#xD;
                    | 1_24862DAS_Ring | 1_26806DAS_Desc | false | 1_24862DAS_Project |&#xD;
                    | 2_24862DAS_Ring | 1_26806DAS_Desc | false | 1_24862DAS_Project |&#xD;
                    -&gt; done: CreateRingViaApi.WhenUserCreatesNewRingViaApi(&lt;table&gt;)
                    (0.7s)&#xD;
                    &#xD;
                    When User navigates to 'Scoping Parameters' page of
                    '1_24862DAS_Project' Ring scoping project&#xD;
                    -&gt; done:
                    EvergreenJnr_RingScopingPage.WhenUserNavigatesToPageOfRingScopingProject("Scoping
                    Parameters", "1_24862DAS_Project") (3.7s)&#xD;
                    &#xD;
                    When User sets value to '1' for 'Minimum Number of Devices' column
                    and '1_24862DAS_Ring' row in 'Minimum and Maximum Number of Devices'
                    table&#xD;
                    -&gt; done:
                    EvergreenJnr_BaseTable.WhenUserSetValueToForColumnAndRowInTable("1",
                    "Minimum Number of...", "1_24862DAS_Ring", "Minimum and Maxim...")
                    (1.9s)&#xD;
                    &#xD;
                    When User sets value to '1' for 'Maximum Number of Devices' column
                    and '1_24862DAS_Ring' row in 'Minimum and Maximum Number of Devices'
                    table&#xD;
                    -&gt; done:
                    EvergreenJnr_BaseTable.WhenUserSetValueToForColumnAndRowInTable("1",
                    "Maximum Number of...", "1_24862DAS_Ring", "Minimum and Maxim...")
                    (1.8s)&#xD;
                    &#xD;
                    When User sets value to '1' for 'Minimum Number of Devices' column
                    and '2_24862DAS_Ring' row in 'Minimum and Maximum Number of Devices'
                    table&#xD;
                    -&gt; done:
                    EvergreenJnr_BaseTable.WhenUserSetValueToForColumnAndRowInTable("1",
                    "Minimum Number of...", "2_24862DAS_Ring", "Minimum and Maxim...")
                    (2.1s)&#xD;
                    &#xD;
                    When User sets value to '1' for 'Maximum Number of Devices' column
                    and '2_24862DAS_Ring' row in 'Minimum and Maximum Number of Devices'
                    table&#xD;
                    -&gt; done:
                    EvergreenJnr_BaseTable.WhenUserSetValueToForColumnAndRowInTable("1",
                    "Maximum Number of...", "2_24862DAS_Ring", "Minimum and Maxim...")
                    (2.0s)&#xD;
                    &#xD;
                    When User sets value to '20' for 'Critical' column and
                    '1_24862DAS_Ring' row in 'Application Coverage Targets' table&#xD;
                    -&gt; error: There is no table with 'Application Coverage Targets'
                    title (1.6s)&#xD;
                    &#xD;
                    When User sets value to '20' for 'Critical' column and
                    '2_24862DAS_Ring' row in 'Application Coverage Targets' table&#xD;
                    -&gt; skipped because of previous errors&#xD;
                    &#xD;
                    When User sets value to '20' for 'Important' column and
                    '1_24862DAS_Ring' row in 'Application Coverage Targets' table&#xD;
                    -&gt; skipped because of previous errors&#xD;
                    &#xD;
                    When User sets value to '20' for 'Important' column and
                    '2_24862DAS_Ring' row in 'Application Coverage Targets' table&#xD;
                    -&gt; skipped because of previous errors&#xD;
                    &#xD;
                    When User sets value to '2' for 'Core' column and 'Minimum Devices
                    per App' row in 'Application Coverage Targets' table&#xD;
                    -&gt; skipped because of previous errors&#xD;
                    &#xD;
                    When User sets value to '2' for 'Critical' column and 'Minimum
                    Devices per App' row in 'Application Coverage Targets' table&#xD;
                    -&gt; skipped because of previous errors&#xD;
                    &#xD;
                    When User sets value to '2' for 'Important' column and 'Minimum
                    Devices per App' row in 'Application Coverage Targets' table&#xD;
                    -&gt; skipped because of previous errors&#xD;
                    &#xD;
                    When User sets value to '2' for 'Not Important' column and 'Minimum
                    Devices per App' row in 'Application Coverage Targets' table&#xD;
                    -&gt; skipped because of previous errors&#xD;
                    &#xD;
                    When User sets value to '2' for 'Uncategorised' column and 'Minimum
                    Devices per App' row in 'Application Coverage Targets' table&#xD;
                    -&gt; skipped because of previous errors&#xD;
                    &#xD;
                    When User clicks 'Update' button&#xD;
                    -&gt; skipped because of previous errors&#xD;
                    &#xD;
                    When User navigates to the 'Scoping Parameters' left submenu item&#xD;
                    -&gt; skipped because of previous errors&#xD;
                    &#xD;
                    When User clicks 'Clear All' button after loading&#xD;
                    -&gt; skipped because of previous errors&#xD;
                    &#xD;
                    When User waits for '1' seconds for 'Clearing all fields'&#xD;
                    -&gt; skipped because of previous errors&#xD;
                    &#xD;
                    Then following data is displayed in the 'Minimum Number of Devices'
                    column of the 'Minimum and Maximum Number of Devices' table&#xD;
                    --- table step argument ---&#xD;
                    | Fields |&#xD;
                    | No minimum |&#xD;
                    | No minimum |&#xD;
                    | No minimum |&#xD;
                    -&gt; skipped because of previous errors&#xD;
                    &#xD;
                    Then following data is displayed in the 'Maximum Number of Devices'
                    column of the 'Minimum and Maximum Number of Devices' table&#xD;
                    --- table step argument ---&#xD;
                    | Fields |&#xD;
                    | No maximum |&#xD;
                    | No maximum |&#xD;
                    | No maximum |&#xD;
                    -&gt; skipped because of previous errors&#xD;
                    &#xD;
                    Then following data is displayed in the 'Core' column of the
                    'Application Coverage Targets' table&#xD;
                    --- table step argument ---&#xD;
                    | Fields |&#xD;
                    | |&#xD;
                    | No target % |&#xD;
                    | No target % |&#xD;
                    | No target % |&#xD;
                    -&gt; skipped because of previous errors&#xD;
                    &#xD;
                    Then following data is displayed in the 'Critical' column of the
                    'Application Coverage Targets' table&#xD;
                    --- table step argument ---&#xD;
                    | Fields |&#xD;
                    | |&#xD;
                    | No target % |&#xD;
                    | No target % |&#xD;
                    | No target % |&#xD;
                    -&gt; skipped because of previous errors&#xD;
                    &#xD;
                    Then following data is displayed in the 'Important' column of the
                    'Application Coverage Targets' table&#xD;
                    --- table step argument ---&#xD;
                    | Fields |&#xD;
                    | |&#xD;
                    | No target % |&#xD;
                    | No target % |&#xD;
                    | No target % |&#xD;
                    -&gt; skipped because of previous errors&#xD;
                    &#xD;
                    Then following data is displayed in the 'Not Important' column of
                    the 'Application Coverage Targets' table&#xD;
                    --- table step argument ---&#xD;
                    | Fields |&#xD;
                    | |&#xD;
                    | No target % |&#xD;
                    | No target % |&#xD;
                    | No target % |&#xD;
                    -&gt; skipped because of previous errors&#xD;
                    &#xD;
                    Then following data is displayed in the 'Uncategorised' column of
                    the 'Application Coverage Targets' table&#xD;
                    --- table step argument ---&#xD;
                    | Fields |&#xD;
                    | |&#xD;
                    | No target % |&#xD;
                    | No target % |&#xD;
                    | No target % |&#xD;
                    -&gt; skipped because of previous errors&#xD;
                    &#xD;
                    Then User sees value '1' for 'Core' column and 'Minimum Devices per
                    App' row in 'Application Coverage Targets' table&#xD;
                    -&gt; skipped because of previous errors&#xD;
                    &#xD;
                    Then User sees value '1' for 'Critical' column and 'Minimum Devices
                    per App' row in 'Application Coverage Targets' table&#xD;
                    -&gt; skipped because of previous errors&#xD;
                    &#xD;
                    Then User sees value '1' for 'Important' column and 'Minimum Devices
                    per App' row in 'Application Coverage Targets' table&#xD;
                    -&gt; skipped because of previous errors&#xD;
                    &#xD;
                    Then User sees value '1' for 'Not Important' column and 'Minimum
                    Devices per App' row in 'Application Coverage Targets' table&#xD;
                    -&gt; skipped because of previous errors&#xD;
                    &#xD;
                    Then User sees value '1' for 'Uncategorised' column and 'Minimum
                    Devices per App' row in 'Application Coverage Targets' table&#xD;
                    -&gt; skipped because of previous errors&#xD;
                    &#xD;
                    &#xD;
                    -&gt; Test status is 'Failed'&#xD;
                    -&gt; Check screenshot by following path:
                    c:\Screenshots\EvergreenJnr_Planning_CheckThatClearAllButtonResetMinimumDevicesPerAppToOneAndClearsOtherFields_2021_11_02_09_34_58.png&#xD;
                    -&gt; TEST STATUS WAS POSTED:
                    EvergreenJnr_Planning_CheckThatClearAllButtonResetMinimumDevicesPerAppToOneAndClearsOtherFields&#xD;
                    -&gt; Test finished on:
                    https://automaster.internal.juriba.com/evergreen/#/planning/ringscoping/scopingParameters?$projectId=154&#xD;
                    -&gt; 11/2/2021 9:34:58 AM - ERROR - Error during Custom list
                    deleting: System.Exception: Database query returns zero results&#xD;
                    -&gt; at
                    DashworksTestAutomation.Helpers.DatabaseHelper.ExecuteReader(String
                    query, Int32 columnIndex) in
                    C:\automaster\_work\3\s\DashworksTestAutomationCore\Helpers\DatabaseHelper.cs:line
                    59&#xD;
                    -&gt; at
                    DashworksTestAutomation.Steps.Dashworks.CustomList.AfterScenario.RemoveCustomListMethods.RemoveUserLists()
                    in
                    C:\automaster\_work\3\s\DashworksTestAutomationCore\Steps\Dashworks\CustomList\AfterScenario\RemoveCustomListMethods.cs:line
                    33&#xD;
                    -&gt; 11/2/2021 9:34:58 AM - ERROR - Error during Custom list
                    deleting: System.Exception: Database query returns zero results&#xD;
                    -&gt; at
                    DashworksTestAutomation.Helpers.DatabaseHelper.ExecuteReader(String
                    query, Int32 columnIndex) in
                    C:\automaster\_work\3\s\DashworksTestAutomationCore\Helpers\DatabaseHelper.cs:line
                    59&#xD;
                    -&gt; at
                    DashworksTestAutomation.Steps.Dashworks.CustomList.AfterScenario.RemoveCustomListMethods.RemoveUserLists()
                    in
                    C:\automaster\_work\3\s\DashworksTestAutomationCore\Steps\Dashworks\CustomList\AfterScenario\RemoveCustomListMethods.cs:line
                    33&#xD;
                    -&gt; 11/2/2021 9:34:59 AM - INFO - The '1_24862DAS_Project' project
                    with '154' id has been deleted&#xD;
                    -&gt; 11/2/2021 9:35:02 AM - INFO - TEST FINISHED:
                    EvergreenJnr_Planning_CheckThatClearAllButtonResetMinimumDevicesPerAppToOneAndClearsOtherFields
                </StdOut>
                <StdErr>There is no table with 'Application Coverage Targets' title&#xD;
                    System.Exception: There is no table with 'Application Coverage
                    Targets' title&#xD;
                    at
                    DashworksTestAutomation.Pages.Evergreen.ItemDetails.BaseTable.GetTableByTitle(String
                    title) in
                    C:\automaster\_work\3\s\DashworksTestAutomationCore\Pages\Evergreen\ItemDetails\BaseTable.cs:line
                    273&#xD;
                    at
                    DashworksTestAutomation.Steps.Dashworks.ItemDetailsPage.EvergreenJnr_BaseTable.WhenUserSetValueToForColumnAndRowInTable(String
                    value, String headerName, String rowName, String title) in
                    C:\automaster\_work\3\s\DashworksTestAutomationCore\Steps\Dashworks\ItemDetailsPage\EvergreenJnr_BaseTable.cs:line
                    139&#xD;
                    at TechTalk.SpecFlow.Bindings.BindingInvoker.InvokeBinding(IBinding
                    binding, IContextManager contextManager, Object[] arguments,
                    ITestTracer testTracer, TimeSpan&amp; duration) in
                    D:\a\1\s\TechTalk.SpecFlow\Bindings\BindingInvoker.cs:line 88&#xD;
                    at
                    TechTalk.SpecFlow.Infrastructure.TestExecutionEngine.ExecuteStepMatch(BindingMatch
                    match, Object[] arguments, TimeSpan&amp; duration) in
                    D:\a\1\s\TechTalk.SpecFlow\Infrastructure\TestExecutionEngine.cs:line
                    522&#xD;
                    at
                    TechTalk.SpecRun.SpecFlowPlugin.Runtime.RunnerTestExecutionEngine.ExecuteStepMatch(BindingMatch
                    match, Object[] arguments, TimeSpan&amp; duration)&#xD;
                    at
                    TechTalk.SpecFlow.Infrastructure.TestExecutionEngine.ExecuteStep(IContextManager
                    contextManager, StepInstance stepInstance) in
                    D:\a\1\s\TechTalk.SpecFlow\Infrastructure\TestExecutionEngine.cs:line
                    496&#xD;
                    at
                    TechTalk.SpecFlow.Infrastructure.TestExecutionEngine.OnAfterLastStep()
                    in
                    D:\a\1\s\TechTalk.SpecFlow\Infrastructure\TestExecutionEngine.cs:line
                    268&#xD;
                    at
                    TechTalk.SpecRun.SpecFlowPlugin.Runtime.RunnerTestExecutionEngine.OnAfterLastStep()&#xD;
                    at TechTalk.SpecFlow.TestRunner.CollectScenarioErrors() in
                    D:\a\1\s\TechTalk.SpecFlow\TestRunner.cs:line 60&#xD;
                    at
                    DashworksTestAutomationCore.Tests.EvergreenJnr.EvergreenJnr_Planning.Planning_RingScoping_Part13Feature.ScenarioCleanup()&#xD;
                    at
                    DashworksTestAutomationCore.Tests.EvergreenJnr.EvergreenJnr_Planning.Planning_RingScoping_Part13Feature.EvergreenJnr_Planning_CheckThatClearAllButtonResetMinimumDevicesPerAppToOneAndClearsOtherFields()
                    in
                    C:\automaster\_work\3\s\DashworksTestAutomationCore\Tests\EvergreenJnr\EvergreenJnr_Planning\Planning_RingScoping_Part13.feature:line
                    163&#xD;
                    at
                    TechTalk.SpecRun.Framework.TaskExecutors.StaticOrInstanceMethodExecutor.ExecuteInternal(ITestThreadExecutionContext
                    testThreadExecutionContext)&#xD;
                    at
                    TechTalk.SpecRun.Framework.TaskExecutors.StaticOrInstanceMethodExecutor.Execute(ITestThreadExecutionContext
                    testThreadExecutionContext)&#xD;
                    at TechTalk.SpecRun.Framework.TestNodeTask.Execute()
                </StdErr>
                <ErrorInfo>
                    <Message>There is no table with 'Application Coverage Targets'
                        title
                    </Message>
                    <StackTrace>System.Exception: There is no table with 'Application
                        Coverage Targets' title&#xD;
                        at
                        DashworksTestAutomation.Pages.Evergreen.ItemDetails.BaseTable.GetTableByTitle(String
                        title) in
                        C:\automaster\_work\3\s\DashworksTestAutomationCore\Pages\Evergreen\ItemDetails\BaseTable.cs:line
                        273&#xD;
                        at
                        DashworksTestAutomation.Steps.Dashworks.ItemDetailsPage.EvergreenJnr_BaseTable.WhenUserSetValueToForColumnAndRowInTable(String
                        value, String headerName, String rowName, String title) in
                        C:\automaster\_work\3\s\DashworksTestAutomationCore\Steps\Dashworks\ItemDetailsPage\EvergreenJnr_BaseTable.cs:line
                        139&#xD;
                        at
                        TechTalk.SpecFlow.Bindings.BindingInvoker.InvokeBinding(IBinding
                        binding, IContextManager contextManager, Object[] arguments,
                        ITestTracer testTracer, TimeSpan&amp; duration) in
                        D:\a\1\s\TechTalk.SpecFlow\Bindings\BindingInvoker.cs:line 88&#xD;
                        at
                        TechTalk.SpecFlow.Infrastructure.TestExecutionEngine.ExecuteStepMatch(BindingMatch
                        match, Object[] arguments, TimeSpan&amp; duration) in
                        D:\a\1\s\TechTalk.SpecFlow\Infrastructure\TestExecutionEngine.cs:line
                        522&#xD;
                        at
                        TechTalk.SpecRun.SpecFlowPlugin.Runtime.RunnerTestExecutionEngine.ExecuteStepMatch(BindingMatch
                        match, Object[] arguments, TimeSpan&amp; duration)&#xD;
                        at
                        TechTalk.SpecFlow.Infrastructure.TestExecutionEngine.ExecuteStep(IContextManager
                        contextManager, StepInstance stepInstance) in
                        D:\a\1\s\TechTalk.SpecFlow\Infrastructure\TestExecutionEngine.cs:line
                        496&#xD;
                        at
                        TechTalk.SpecFlow.Infrastructure.TestExecutionEngine.OnAfterLastStep()
                        in
                        D:\a\1\s\TechTalk.SpecFlow\Infrastructure\TestExecutionEngine.cs:line
                        268&#xD;
                        at
                        TechTalk.SpecRun.SpecFlowPlugin.Runtime.RunnerTestExecutionEngine.OnAfterLastStep()&#xD;
                        at TechTalk.SpecFlow.TestRunner.CollectScenarioErrors() in
                        D:\a\1\s\TechTalk.SpecFlow\TestRunner.cs:line 60&#xD;
                        at
                        DashworksTestAutomationCore.Tests.EvergreenJnr.EvergreenJnr_Planning.Planning_RingScoping_Part13Feature.ScenarioCleanup()&#xD;
                        at
                        DashworksTestAutomationCore.Tests.EvergreenJnr.EvergreenJnr_Planning.Planning_RingScoping_Part13Feature.EvergreenJnr_Planning_CheckThatClearAllButtonResetMinimumDevicesPerAppToOneAndClearsOtherFields()
                        in
                        C:\automaster\_work\3\s\DashworksTestAutomationCore\Tests\EvergreenJnr\EvergreenJnr_Planning\Planning_RingScoping_Part13.feature:line
                        163&#xD;
                        at
                        TechTalk.SpecRun.Framework.TaskExecutors.StaticOrInstanceMethodExecutor.ExecuteInternal(ITestThreadExecutionContext
                        testThreadExecutionContext)&#xD;
                        at
                        TechTalk.SpecRun.Framework.TaskExecutors.StaticOrInstanceMethodExecutor.Execute(ITestThreadExecutionContext
                        testThreadExecutionContext)&#xD;
                        at TechTalk.SpecRun.Framework.TestNodeTask.Execute()
                    </StackTrace>
                </ErrorInfo>
            </Output>
        </UnitTestResult>
        <UnitTestResult executionId="a2d86f9e-3f2f-42fc-bee5-64f472a824d1"
                        testId="19f94ea4-0898-2a35-32e6-949e2fb057d8"
                        testName="EvergreenJnr_Planning_CheckThatWasUpdatedScenariosToReturningToTheStatisticPageFromRingScoping"
                        computerName="automaster" duration="00:01:49.7979095"
                        startTime="2021-11-02T09:37:26.3038820+00:00"
                        endTime="2021-11-02T09:39:16.1017915+00:00"
                        testType="13cdc9d9-ddb5-4fa4-a97d-d965ccfc6d4b" outcome="Failed"
                        testListId="8c84fa94-04c1-424b-9868-57a2d4851a1d"
                        relativeResultsDirectory="a2d86f9e-3f2f-42fc-bee5-64f472a824d1">
            <Output>
                <StdOut>-&gt; 11/2/2021 9:37:26 AM - INFO - TEST STARTED:
                    EvergreenJnr_Planning_CheckThatWasUpdatedScenariosToReturningToTheStatisticPageFromRingScoping&#xD;
                    &#xD;
                    Given User is logged in to the Evergreen&#xD;
                    -&gt; Navigating to the https://automaster.internal.juriba.com/&#xD;
                    -&gt; Navigating to the
                    https://automaster.internal.juriba.com/evergreen/&#xD;
                    -&gt; done: EvergreenJnr_Login.GivenUserIsLoggedInToTheEvergreen()
                    (3.6s)&#xD;
                    &#xD;
                    When Project created via API&#xD;
                    --- table step argument ---&#xD;
                    | ProjectName | Scope | ProjectTemplate | Mode |&#xD;
                    | 1_25818DAS_Project | All Devices | None | Standalone Project |&#xD;
                    -&gt; done: ProjectApiSteps.WhenUserCreateNewProjectViaApi(&lt;table&gt;)
                    (0.1s)&#xD;
                    &#xD;
                    When User onboards objects to '1_25818DAS_Project' project&#xD;
                    --- table step argument ---&#xD;
                    | DeviceObjects |&#xD;
                    | 00BDM1JUR8IF419 |&#xD;
                    | 00K4CEEQ737BA4L |&#xD;
                    | 011PLA470S0B9DJ |&#xD;
                    | 019BFPQGKK5QT8N |&#xD;
                    | 01BQIYGGUW5PRP6 |&#xD;
                    | 01COJATLYVAR7A6 |&#xD;
                    -&gt; done:
                    OnboardObjects.WhenUserOnboardsObjectsToTheProject("1_25818DAS_Project",
                    &lt;table&gt;) (63.8s)&#xD;
                    &#xD;
                    When User clicks 'Planning' on the left-hand menu&#xD;
                    -&gt; done:
                    EvergreenJnr_LeftHandMenuNavigation.WhenUserClicksOnTheLeft_HandMenu("Planning")
                    (1.6s)&#xD;
                    &#xD;
                    When User enters '1_25818DAS_Project' text in the Search field for
                    'Project' column&#xD;
                    -&gt; done:
                    EvergreenJnr_BaseGrid.WhenUserEntersTextInTheSearchFieldForColumn("1_25818DAS_Project",
                    "Project") (3.9s)&#xD;
                    &#xD;
                    When User clicks on '1_25818DAS_Project' cell from 'Project' column&#xD;
                    -&gt; done:
                    EvergreenJnr_BaseGrid.WhenUserClicksOnCellFromColumn("1_25818DAS_Project",
                    "Project") (7.1s)&#xD;
                    &#xD;
                    When User navigates to the 'Scoping Parameters' left submenu item&#xD;
                    -&gt; done:
                    EvergreenJnr_LeftMenuNavigation.WhenUserNavigatesToTheParentLeftSubmenuItem("Scoping
                    Parameters") (1.6s)&#xD;
                    &#xD;
                    When User clicks 'Update' button&#xD;
                    -&gt; done: ButtonSteps.WhenUserClicksButton("Update") (0.2s)&#xD;
                    &#xD;
                    Then "1_25818DAS_Project" page is displayed to the user&#xD;
                    -&gt; Projects Home page is displayed&#xD;
                    -&gt; done:
                    ProjectsLogin.ThenPageIsDisplayedToTheUser("1_25818DAS_Project")
                    (1.5s)&#xD;
                    &#xD;
                    When User clicks 'Generate Statistics' button&#xD;
                    -&gt; error: Element with 'By.XPath:
                    (.//button[contains(@class,'automationClass-button-GenerateStatistics')]
                    |
                    .//mat-icon[contains(@class,'automationClass-button-GenerateStatistics')]
                    |
                    .//button[contains(@class,'automationClass-icon-GenerateStatistics')])
                    |
                    .//mat-datepicker-toggle[contains(@class,'automationClass-mat-datepicker-toggle-GenerateStatistics')]'
                    selector was not changed Display condition to 'True' after 15
                    seconds (15.5s)&#xD;
                    &#xD;
                    When User navigates to the 'Scoping Parameters' left submenu item&#xD;
                    -&gt; skipped because of previous errors&#xD;
                    &#xD;
                    When User sets value to '1' for 'Minimum Number of Devices' column
                    and 'Unassigned' row in 'Minimum and Maximum Number of Devices'
                    table&#xD;
                    -&gt; skipped because of previous errors&#xD;
                    &#xD;
                    When User sets value to '5' for 'Core' column and 'Minimum Devices
                    per App' row in 'Application Coverage Targets' table&#xD;
                    -&gt; skipped because of previous errors&#xD;
                    &#xD;
                    When User clicks 'Update' button&#xD;
                    -&gt; skipped because of previous errors&#xD;
                    &#xD;
                    Then popup with 'Statistics Are Not Up To Data' title is displayed&#xD;
                    -&gt; skipped because of previous errors&#xD;
                    &#xD;
                    Then 'The scoping parameters that were updated may change the
                    calculated coverage levels. Do you want to recalculate the
                    statistics now?' text is displayed on popup&#xD;
                    -&gt; skipped because of previous errors&#xD;
                    &#xD;
                    When User clicks 'Recalculate' button on popup&#xD;
                    -&gt; skipped because of previous errors&#xD;
                    &#xD;
                    When User navigates to the 'Scoping Parameters' left submenu item&#xD;
                    -&gt; skipped because of previous errors&#xD;
                    &#xD;
                    When User clicks 'Update And Redistribute' button&#xD;
                    -&gt; skipped because of previous errors&#xD;
                    &#xD;
                    Then 'There are no applicable changes' message is displayed on empty
                    grid&#xD;
                    -&gt; skipped because of previous errors&#xD;
                    &#xD;
                    When User clicks 'Close' button&#xD;
                    -&gt; skipped because of previous errors&#xD;
                    &#xD;
                    Then "1_25818DAS_Project" page is displayed to the user&#xD;
                    -&gt; skipped because of previous errors&#xD;
                    &#xD;
                    &#xD;
                    -&gt; Test status is 'Failed'&#xD;
                    -&gt; Check screenshot by following path:
                    c:\Screenshots\EvergreenJnr_Planning_CheckThatWasUpdatedScenariosToReturningToTheStatisticPageFromRingScoping_2021_11_02_09_39_11.png&#xD;
                    -&gt; TEST STATUS WAS POSTED:
                    EvergreenJnr_Planning_CheckThatWasUpdatedScenariosToReturningToTheStatisticPageFromRingScoping&#xD;
                    -&gt; Test finished on:
                    https://automaster.internal.juriba.com/evergreen/#/planning/ringscoping/scopingParameters?$projectId=186&#xD;
                    -&gt; 11/2/2021 9:39:12 AM - ERROR - Error during Custom list
                    deleting: System.Exception: Database query returns zero results&#xD;
                    -&gt; at
                    DashworksTestAutomation.Helpers.DatabaseHelper.ExecuteReader(String
                    query, Int32 columnIndex) in
                    C:\automaster\_work\3\s\DashworksTestAutomationCore\Helpers\DatabaseHelper.cs:line
                    59&#xD;
                    -&gt; at
                    DashworksTestAutomation.Steps.Dashworks.CustomList.AfterScenario.RemoveCustomListMethods.RemoveUserLists()
                    in
                    C:\automaster\_work\3\s\DashworksTestAutomationCore\Steps\Dashworks\CustomList\AfterScenario\RemoveCustomListMethods.cs:line
                    33&#xD;
                    -&gt; 11/2/2021 9:39:12 AM - ERROR - Error during Custom list
                    deleting: System.Exception: Database query returns zero results&#xD;
                    -&gt; at
                    DashworksTestAutomation.Helpers.DatabaseHelper.ExecuteReader(String
                    query, Int32 columnIndex) in
                    C:\automaster\_work\3\s\DashworksTestAutomationCore\Helpers\DatabaseHelper.cs:line
                    59&#xD;
                    -&gt; at
                    DashworksTestAutomation.Steps.Dashworks.CustomList.AfterScenario.RemoveCustomListMethods.RemoveUserLists()
                    in
                    C:\automaster\_work\3\s\DashworksTestAutomationCore\Steps\Dashworks\CustomList\AfterScenario\RemoveCustomListMethods.cs:line
                    33&#xD;
                    -&gt; 11/2/2021 9:39:12 AM - INFO - The '1_25818DAS_Project' project
                    with '186' id has been deleted&#xD;
                    -&gt; 11/2/2021 9:39:16 AM - INFO - TEST FINISHED:
                    EvergreenJnr_Planning_CheckThatWasUpdatedScenariosToReturningToTheStatisticPageFromRingScoping
                </StdOut>
                <StdErr>Element with 'By.XPath:
                    (.//button[contains(@class,'automationClass-button-GenerateStatistics')]
                    |
                    .//mat-icon[contains(@class,'automationClass-button-GenerateStatistics')]
                    |
                    .//button[contains(@class,'automationClass-icon-GenerateStatistics')])
                    |
                    .//mat-datepicker-toggle[contains(@class,'automationClass-mat-datepicker-toggle-GenerateStatistics')]'
                    selector was not changed Display condition to 'True' after 15
                    seconds -&gt; Timed out after 15 seconds&#xD;
                    System.Exception: Element with 'By.XPath:
                    (.//button[contains(@class,'automationClass-button-GenerateStatistics')]
                    |
                    .//mat-icon[contains(@class,'automationClass-button-GenerateStatistics')]
                    |
                    .//button[contains(@class,'automationClass-icon-GenerateStatistics')])
                    |
                    .//mat-datepicker-toggle[contains(@class,'automationClass-mat-datepicker-toggle-GenerateStatistics')]'
                    selector was not changed Display condition to 'True' after 15
                    seconds&#xD;
                    ---&gt; OpenQA.Selenium.WebDriverTimeoutException: Timed out after
                    15 seconds&#xD;
                    at
                    OpenQA.Selenium.Support.UI.DefaultWait`1.ThrowTimeoutException(String
                    exceptionMessage, Exception lastException)&#xD;
                    at OpenQA.Selenium.Support.UI.DefaultWait`1.Until[TResult](Func`2
                    condition)&#xD;
                    at
                    AutomationUtils.Extensions.WebDriverExtensions.WaitForElementDisplayCondition(RemoteWebDriver
                    driver, By by, Boolean condition, Int32 waitSeconds)&#xD;
                    --- End of inner exception stack trace ---&#xD;
                    at
                    AutomationUtils.Extensions.WebDriverExtensions.WaitForElementDisplayCondition(RemoteWebDriver
                    driver, By by, Boolean condition, Int32 waitSeconds)&#xD;
                    at AutomationUtils.Component.BaseWebComponent.Build()&#xD;
                    at
                    AutomationUtils.Extensions.WebDriverExtensions.Component[T](RemoteWebDriver
                    driver, String identifier)&#xD;
                    at
                    AutomationUtils.Extensions.WebDriverExtensions.GetComponent[T](RemoteWebDriver
                    driver, String identifier)&#xD;
                    at
                    DashworksTestAutomationCore.Steps.Dashworks.Components.Button.ButtonSteps.WhenUserClicksButton(String
                    buttonName) in
                    C:\automaster\_work\3\s\DashworksTestAutomationCore\Steps\Dashworks\Components\Button\ButtonSteps.cs:line
                    38&#xD;
                    at TechTalk.SpecFlow.Bindings.BindingInvoker.InvokeBinding(IBinding
                    binding, IContextManager contextManager, Object[] arguments,
                    ITestTracer testTracer, TimeSpan&amp; duration) in
                    D:\a\1\s\TechTalk.SpecFlow\Bindings\BindingInvoker.cs:line 88&#xD;
                    at
                    TechTalk.SpecRun.SpecFlowPlugin.Runtime.RunnerTestExecutionEngine.ExecuteStepMatch(BindingMatch
                    match, Object[] arguments, TimeSpan&amp; duration)&#xD;
                    at
                    TechTalk.SpecFlow.Infrastructure.TestExecutionEngine.ExecuteStep(IContextManager
                    contextManager, StepInstance stepInstance) in
                    D:\a\1\s\TechTalk.SpecFlow\Infrastructure\TestExecutionEngine.cs:line
                    496&#xD;
                    at
                    TechTalk.SpecFlow.Infrastructure.TestExecutionEngine.OnAfterLastStep()
                    in
                    D:\a\1\s\TechTalk.SpecFlow\Infrastructure\TestExecutionEngine.cs:line
                    268&#xD;
                    at
                    TechTalk.SpecRun.SpecFlowPlugin.Runtime.RunnerTestExecutionEngine.OnAfterLastStep()&#xD;
                    at TechTalk.SpecFlow.TestRunner.CollectScenarioErrors() in
                    D:\a\1\s\TechTalk.SpecFlow\TestRunner.cs:line 60&#xD;
                    at
                    DashworksTestAutomationCore.Tests.EvergreenJnr.EvergreenJnr_Planning.Planning_RingScoping_Part7Feature.ScenarioCleanup()&#xD;
                    at
                    DashworksTestAutomationCore.Tests.EvergreenJnr.EvergreenJnr_Planning.Planning_RingScoping_Part7Feature.EvergreenJnr_Planning_CheckThatWasUpdatedScenariosToReturningToTheStatisticPageFromRingScoping()
                    in
                    C:\automaster\_work\3\s\DashworksTestAutomationCore\Tests\EvergreenJnr\EvergreenJnr_Planning\Planning_RingScoping_Part7.feature:line
                    41&#xD;
                    at
                    TechTalk.SpecRun.Framework.TaskExecutors.StaticOrInstanceMethodExecutor.ExecuteInternal(ITestThreadExecutionContext
                    testThreadExecutionContext)&#xD;
                    at
                    TechTalk.SpecRun.Framework.TaskExecutors.StaticOrInstanceMethodExecutor.Execute(ITestThreadExecutionContext
                    testThreadExecutionContext)&#xD;
                    at TechTalk.SpecRun.Framework.TestNodeTask.Execute()
                </StdErr>
                <ErrorInfo>
                    <Message>Element with 'By.XPath:
                        (.//button[contains(@class,'automationClass-button-GenerateStatistics')]
                        |
                        .//mat-icon[contains(@class,'automationClass-button-GenerateStatistics')]
                        |
                        .//button[contains(@class,'automationClass-icon-GenerateStatistics')])
                        |
                        .//mat-datepicker-toggle[contains(@class,'automationClass-mat-datepicker-toggle-GenerateStatistics')]'
                        selector was not changed Display condition to 'True' after 15
                        seconds -&gt; Timed out after 15 seconds
                    </Message>
                    <StackTrace>System.Exception: Element with 'By.XPath:
                        (.//button[contains(@class,'automationClass-button-GenerateStatistics')]
                        |
                        .//mat-icon[contains(@class,'automationClass-button-GenerateStatistics')]
                        |
                        .//button[contains(@class,'automationClass-icon-GenerateStatistics')])
                        |
                        .//mat-datepicker-toggle[contains(@class,'automationClass-mat-datepicker-toggle-GenerateStatistics')]'
                        selector was not changed Display condition to 'True' after 15
                        seconds&#xD;
                        ---&gt; OpenQA.Selenium.WebDriverTimeoutException: Timed out
                        after 15 seconds&#xD;
                        at
                        OpenQA.Selenium.Support.UI.DefaultWait`1.ThrowTimeoutException(String
                        exceptionMessage, Exception lastException)&#xD;
                        at
                        OpenQA.Selenium.Support.UI.DefaultWait`1.Until[TResult](Func`2
                        condition)&#xD;
                        at
                        AutomationUtils.Extensions.WebDriverExtensions.WaitForElementDisplayCondition(RemoteWebDriver
                        driver, By by, Boolean condition, Int32 waitSeconds)&#xD;
                        --- End of inner exception stack trace ---&#xD;
                        at
                        AutomationUtils.Extensions.WebDriverExtensions.WaitForElementDisplayCondition(RemoteWebDriver
                        driver, By by, Boolean condition, Int32 waitSeconds)&#xD;
                        at AutomationUtils.Component.BaseWebComponent.Build()&#xD;
                        at
                        AutomationUtils.Extensions.WebDriverExtensions.Component[T](RemoteWebDriver
                        driver, String identifier)&#xD;
                        at
                        AutomationUtils.Extensions.WebDriverExtensions.GetComponent[T](RemoteWebDriver
                        driver, String identifier)&#xD;
                        at
                        DashworksTestAutomationCore.Steps.Dashworks.Components.Button.ButtonSteps.WhenUserClicksButton(String
                        buttonName) in
                        C:\automaster\_work\3\s\DashworksTestAutomationCore\Steps\Dashworks\Components\Button\ButtonSteps.cs:line
                        38&#xD;
                        at
                        TechTalk.SpecFlow.Bindings.BindingInvoker.InvokeBinding(IBinding
                        binding, IContextManager contextManager, Object[] arguments,
                        ITestTracer testTracer, TimeSpan&amp; duration) in
                        D:\a\1\s\TechTalk.SpecFlow\Bindings\BindingInvoker.cs:line 88&#xD;
                        at
                        TechTalk.SpecRun.SpecFlowPlugin.Runtime.RunnerTestExecutionEngine.ExecuteStepMatch(BindingMatch
                        match, Object[] arguments, TimeSpan&amp; duration)&#xD;
                        at
                        TechTalk.SpecFlow.Infrastructure.TestExecutionEngine.ExecuteStep(IContextManager
                        contextManager, StepInstance stepInstance) in
                        D:\a\1\s\TechTalk.SpecFlow\Infrastructure\TestExecutionEngine.cs:line
                        496&#xD;
                        at
                        TechTalk.SpecFlow.Infrastructure.TestExecutionEngine.OnAfterLastStep()
                        in
                        D:\a\1\s\TechTalk.SpecFlow\Infrastructure\TestExecutionEngine.cs:line
                        268&#xD;
                        at
                        TechTalk.SpecRun.SpecFlowPlugin.Runtime.RunnerTestExecutionEngine.OnAfterLastStep()&#xD;
                        at TechTalk.SpecFlow.TestRunner.CollectScenarioErrors() in
                        D:\a\1\s\TechTalk.SpecFlow\TestRunner.cs:line 60&#xD;
                        at
                        DashworksTestAutomationCore.Tests.EvergreenJnr.EvergreenJnr_Planning.Planning_RingScoping_Part7Feature.ScenarioCleanup()&#xD;
                        at
                        DashworksTestAutomationCore.Tests.EvergreenJnr.EvergreenJnr_Planning.Planning_RingScoping_Part7Feature.EvergreenJnr_Planning_CheckThatWasUpdatedScenariosToReturningToTheStatisticPageFromRingScoping()
                        in
                        C:\automaster\_work\3\s\DashworksTestAutomationCore\Tests\EvergreenJnr\EvergreenJnr_Planning\Planning_RingScoping_Part7.feature:line
                        41&#xD;
                        at
                        TechTalk.SpecRun.Framework.TaskExecutors.StaticOrInstanceMethodExecutor.ExecuteInternal(ITestThreadExecutionContext
                        testThreadExecutionContext)&#xD;
                        at
                        TechTalk.SpecRun.Framework.TaskExecutors.StaticOrInstanceMethodExecutor.Execute(ITestThreadExecutionContext
                        testThreadExecutionContext)&#xD;
                        at TechTalk.SpecRun.Framework.TestNodeTask.Execute()
                    </StackTrace>
                </ErrorInfo>
            </Output>
        </UnitTestResult>
        <UnitTestResult executionId="587cdd7b-bd41-4adc-963f-4c2d3592deee"
                        testId="9acc172b-8a45-7172-8833-01605ee7b8e2"
                        testName="EvergreenJnr_Planning_CheckThatDefaultProjectIsDisplayedAfterChangingProjectInDropdowOnStatisticPageOnRingScoping"
                        computerName="automaster" duration="00:01:40.8227533"
                        startTime="2021-11-02T09:37:26.2908021+00:00"
                        endTime="2021-11-02T09:39:07.1135554+00:00"
                        testType="13cdc9d9-ddb5-4fa4-a97d-d965ccfc6d4b" outcome="Failed"
                        testListId="8c84fa94-04c1-424b-9868-57a2d4851a1d"
                        relativeResultsDirectory="587cdd7b-bd41-4adc-963f-4c2d3592deee">
            <Output>
                <StdOut>-&gt; 11/2/2021 9:37:26 AM - INFO - TEST STARTED:
                    EvergreenJnr_Planning_CheckThatDefaultProjectIsDisplayedAfterChangingProjectInDropdowOnStatisticPageOnRingScoping&#xD;
                    &#xD;
                    Given User is logged in to the Evergreen&#xD;
                    -&gt; Navigating to the https://automaster.internal.juriba.com/&#xD;
                    -&gt; Navigating to the
                    https://automaster.internal.juriba.com/evergreen/&#xD;
                    -&gt; done: EvergreenJnr_Login.GivenUserIsLoggedInToTheEvergreen()
                    (3.0s)&#xD;
                    &#xD;
                    When User create new User via API&#xD;
                    --- table step argument ---&#xD;
                    | Username | Email | FullName | Password | Roles |&#xD;
                    | 1_DAS27121_User | 1_DAS27121_Email@juriba.com | 1_DAS27121_User |
                    m!gration | System Administrators, Project Administrators |&#xD;
                    -&gt; done: CreateUserViaApi.WhenUserCreateNewUserViaAPI(&lt;table&gt;)
                    (0.1s)&#xD;
                    &#xD;
                    When User is logged in to the Evergreen as&#xD;
                    --- table step argument ---&#xD;
                    | Username | Password |&#xD;
                    | 1_DAS27121_User | m!gration |&#xD;
                    -&gt; Navigating to the https://automaster.internal.juriba.com/&#xD;
                    -&gt; Navigating to the
                    https://automaster.internal.juriba.com/evergreen/&#xD;
                    -&gt; done:
                    EvergreenJnr_Login.GivenSpecificUserIsLoggedInToTheEvergreen(&lt;table&gt;)
                    (2.5s)&#xD;
                    &#xD;
                    When Project created via API&#xD;
                    --- table step argument ---&#xD;
                    | ProjectName | Scope | ProjectTemplate | Mode |&#xD;
                    | 1_27121DAS_Project | All Devices | None | Standalone Project |&#xD;
                    -&gt; done: ProjectApiSteps.WhenUserCreateNewProjectViaApi(&lt;table&gt;)
                    (0.2s)&#xD;
                    &#xD;
                    When User creates new Ring via api&#xD;
                    --- table step argument ---&#xD;
                    | Name | Description | IsDefault | Project |&#xD;
                    | 1_27121DAS_Ring | DAS27121 | FALSE | 1_27121DAS_Project |&#xD;
                    -&gt; done: CreateRingViaApi.WhenUserCreatesNewRingViaApi(&lt;table&gt;)
                    (0.4s)&#xD;
                    &#xD;
                    When User onboards objects to '1_27121DAS_Project' project&#xD;
                    --- table step argument ---&#xD;
                    | DeviceObjects |&#xD;
                    | 00BDM1JUR8IF419 |&#xD;
                    | 00K4CEEQ737BA4L |&#xD;
                    | 011PLA470S0B9DJ |&#xD;
                    | 019BFPQGKK5QT8N |&#xD;
                    | 01BQIYGGUW5PRP6 |&#xD;
                    | 01COJATLYVAR7A6 |&#xD;
                    -&gt; done:
                    OnboardObjects.WhenUserOnboardsObjectsToTheProject("1_27121DAS_Project",
                    &lt;table&gt;) (53.2s)&#xD;
                    &#xD;
                    When User clicks 'Planning' on the left-hand menu&#xD;
                    -&gt; done:
                    EvergreenJnr_LeftHandMenuNavigation.WhenUserClicksOnTheLeft_HandMenu("Planning")
                    (1.6s)&#xD;
                    &#xD;
                    When User navigates to the 'Ring Scoping' left submenu item&#xD;
                    -&gt; done:
                    EvergreenJnr_LeftMenuNavigation.WhenUserNavigatesToTheParentLeftSubmenuItem("Ring
                    Scoping") (2.3s)&#xD;
                    &#xD;
                    When User selects 'Ring Scoping Project' in the 'Project Selector'
                    dropdown&#xD;
                    -&gt; done: DropdownSteps.WhenUserSelectsInTheDropdown("Ring Scoping
                    Project", "Project Selector") (1.2s)&#xD;
                    &#xD;
                    When User selects 'make-default' option in the 'Project Selector'
                    dropdown&#xD;
                    -&gt; done:
                    DropdownSteps.WhenUserSelectsOptionInTheDropdown("make-default",
                    "Project Selector") (0.5s)&#xD;
                    &#xD;
                    Then option 'make-default' in the 'Project Selector' dropdown is
                    disabled&#xD;
                    -&gt; done:
                    DropdownSteps.ThenOptionInTheDropdownIsDisabled("make-default",
                    "Project Selector") (0.4s)&#xD;
                    &#xD;
                    When User clicks refresh button in the browser&#xD;
                    -&gt; done: BaseActions.WhenUserClicksRefreshButtonInTheBrowser()
                    (0.1s)&#xD;
                    &#xD;
                    When User selects '1_27121DAS_Project' in the 'Project Selector'
                    dropdown&#xD;
                    -&gt; done:
                    DropdownSteps.WhenUserSelectsInTheDropdown("1_27121DAS_Project",
                    "Project Selector") (1.6s)&#xD;
                    &#xD;
                    When User navigates to the 'Scoping Parameters' left submenu item&#xD;
                    -&gt; done:
                    EvergreenJnr_LeftMenuNavigation.WhenUserNavigatesToTheParentLeftSubmenuItem("Scoping
                    Parameters") (1.6s)&#xD;
                    &#xD;
                    When User selects 'Allow devices to be moved in and out of this
                    ring' in the 'Allow devices to be moved out of this ring, but not
                    into it' dropdown&#xD;
                    -&gt; done: DropdownSteps.WhenUserSelectsInTheDropdown("Allow
                    devices to ...", "Allow devices to ...") (1.3s)&#xD;
                    &#xD;
                    When User sets value to '6' for 'Maximum Number of Devices' column
                    and '1_27121DAS_Ring' row in 'Minimum and Maximum Number of Devices'
                    table&#xD;
                    -&gt; done:
                    EvergreenJnr_BaseTable.WhenUserSetValueToForColumnAndRowInTable("6",
                    "Maximum Number of...", "1_27121DAS_Ring", "Minimum and Maxim...")
                    (2.3s)&#xD;
                    &#xD;
                    When User clicks 'Update And Redistribute' button&#xD;
                    -&gt; done: ButtonSteps.WhenUserClicksButton("Update And Redist...")
                    (0.1s)&#xD;
                    &#xD;
                    When User clicks 'Commit Changes Without Preview' button after
                    loading&#xD;
                    -&gt; error: Element with 'By.XPath:
                    (.//button[contains(@class,'automationClass-button-CommitChangesWithoutPreview')]
                    |
                    .//mat-icon[contains(@class,'automationClass-button-CommitChangesWithoutPreview')]
                    |
                    .//button[contains(@class,'automationClass-icon-CommitChangesWithoutPreview')])
                    |
                    .//mat-datepicker-toggle[contains(@class,'automationClass-mat-datepicker-toggle-CommitChangesWithoutPreview')]'
                    selector was not changed Display condition to 'True' after 15
                    seconds (16.9s)&#xD;
                    &#xD;
                    Then 'Your changes have been successfully processed and
                    recalculation of statistics has started' text is displayed on inline
                    success banner&#xD;
                    -&gt; skipped because of previous errors&#xD;
                    &#xD;
                    Then "1_27121DAS_Project" page is displayed to the user&#xD;
                    -&gt; skipped because of previous errors&#xD;
                    &#xD;
                    &#xD;
                    -&gt; Test status is 'Failed'&#xD;
                    -&gt; Check screenshot by following path:
                    c:\Screenshots\EvergreenJnr_Planning_CheckThatDefaultProjectIsDisplayedAfterChangingProjectInDropdowOnStatisticPageOnRingScoping_2021_11_02_09_39_03.png&#xD;
                    -&gt; TEST STATUS WAS POSTED:
                    EvergreenJnr_Planning_CheckThatDefaultProjectIsDisplayedAfterChangingProjectInDropdowOnStatisticPageOnRingScoping&#xD;
                    -&gt; Test finished on:
                    https://automaster.internal.juriba.com/evergreen/#/planning/ringscoping/scopingParameters?$projectId=187&#xD;
                    -&gt; 11/2/2021 9:39:03 AM - ERROR - Error during Custom list
                    deleting: System.Exception: Database query returns zero results&#xD;
                    -&gt; at
                    DashworksTestAutomation.Helpers.DatabaseHelper.ExecuteReader(String
                    query, Int32 columnIndex) in
                    C:\automaster\_work\3\s\DashworksTestAutomationCore\Helpers\DatabaseHelper.cs:line
                    59&#xD;
                    -&gt; at
                    DashworksTestAutomation.Steps.Dashworks.CustomList.AfterScenario.RemoveCustomListMethods.RemoveUserLists()
                    in
                    C:\automaster\_work\3\s\DashworksTestAutomationCore\Steps\Dashworks\CustomList\AfterScenario\RemoveCustomListMethods.cs:line
                    33&#xD;
                    -&gt; 11/2/2021 9:39:03 AM - ERROR - Error during Custom list
                    deleting: System.Exception: Database query returns zero results&#xD;
                    -&gt; at
                    DashworksTestAutomation.Helpers.DatabaseHelper.ExecuteReader(String
                    query, Int32 columnIndex) in
                    C:\automaster\_work\3\s\DashworksTestAutomationCore\Helpers\DatabaseHelper.cs:line
                    59&#xD;
                    -&gt; at
                    DashworksTestAutomation.Steps.Dashworks.CustomList.AfterScenario.RemoveCustomListMethods.RemoveUserLists()
                    in
                    C:\automaster\_work\3\s\DashworksTestAutomationCore\Steps\Dashworks\CustomList\AfterScenario\RemoveCustomListMethods.cs:line
                    33&#xD;
                    -&gt; 11/2/2021 9:39:03 AM - ERROR - Error during Custom list
                    deleting: System.Exception: Database query returns zero results&#xD;
                    -&gt; at
                    DashworksTestAutomation.Helpers.DatabaseHelper.ExecuteReader(String
                    query, Int32 columnIndex) in
                    C:\automaster\_work\3\s\DashworksTestAutomationCore\Helpers\DatabaseHelper.cs:line
                    59&#xD;
                    -&gt; at
                    DashworksTestAutomation.Steps.Dashworks.CustomList.AfterScenario.RemoveCustomListMethods.RemoveUserLists()
                    in
                    C:\automaster\_work\3\s\DashworksTestAutomationCore\Steps\Dashworks\CustomList\AfterScenario\RemoveCustomListMethods.cs:line
                    33&#xD;
                    -&gt; 11/2/2021 9:39:03 AM - INFO - The '1_27121DAS_Project' project
                    with '187' id has been deleted&#xD;
                    -&gt; 11/2/2021 9:39:03 AM - ERROR - Error during removing
                    '1_27121DAS_Project' Project: System.Exception: Database query
                    returns zero results&#xD;
                    -&gt; at
                    DashworksTestAutomation.Helpers.DatabaseHelper.ExecuteReader(String
                    query, Int32 columnIndex) in
                    C:\automaster\_work\3\s\DashworksTestAutomationCore\Helpers\DatabaseHelper.cs:line
                    59&#xD;
                    -&gt; at
                    DashworksTestAutomation.Helpers.DatabaseHelper.GetProjectId(String
                    projectName) in
                    C:\automaster\_work\3\s\DashworksTestAutomationCore\Helpers\DatabaseHelper.cs:line
                    599&#xD;
                    -&gt; at
                    DashworksTestAutomationCore.Api.Dashworks.AdminPage.Project.ProjectApi.Delete(String
                    projectName) in
                    C:\automaster\_work\3\s\DashworksTestAutomationCore\Api\Dashworks\AdminPage\Project\ProjectApi.cs:line
                    113&#xD;
                    -&gt; 11/2/2021 9:39:03 AM - INFO - Query for '1_DAS27121_User' user
                    deleting: select [Id] from [aspnetdb].[dbo].[AspNetUsers] where
                    [UserName] = '1_DAS27121_User'&#xD;
                    -&gt; 11/2/2021 9:39:07 AM - INFO - TEST FINISHED:
                    EvergreenJnr_Planning_CheckThatDefaultProjectIsDisplayedAfterChangingProjectInDropdowOnStatisticPageOnRingScoping
                </StdOut>
                <StdErr>Element with 'By.XPath:
                    (.//button[contains(@class,'automationClass-button-CommitChangesWithoutPreview')]
                    |
                    .//mat-icon[contains(@class,'automationClass-button-CommitChangesWithoutPreview')]
                    |
                    .//button[contains(@class,'automationClass-icon-CommitChangesWithoutPreview')])
                    |
                    .//mat-datepicker-toggle[contains(@class,'automationClass-mat-datepicker-toggle-CommitChangesWithoutPreview')]'
                    selector was not changed Display condition to 'True' after 15
                    seconds -&gt; Timed out after 15 seconds&#xD;
                    System.Exception: Element with 'By.XPath:
                    (.//button[contains(@class,'automationClass-button-CommitChangesWithoutPreview')]
                    |
                    .//mat-icon[contains(@class,'automationClass-button-CommitChangesWithoutPreview')]
                    |
                    .//button[contains(@class,'automationClass-icon-CommitChangesWithoutPreview')])
                    |
                    .//mat-datepicker-toggle[contains(@class,'automationClass-mat-datepicker-toggle-CommitChangesWithoutPreview')]'
                    selector was not changed Display condition to 'True' after 15
                    seconds&#xD;
                    ---&gt; OpenQA.Selenium.WebDriverTimeoutException: Timed out after
                    15 seconds&#xD;
                    at
                    OpenQA.Selenium.Support.UI.DefaultWait`1.ThrowTimeoutException(String
                    exceptionMessage, Exception lastException)&#xD;
                    at OpenQA.Selenium.Support.UI.DefaultWait`1.Until[TResult](Func`2
                    condition)&#xD;
                    at
                    AutomationUtils.Extensions.WebDriverExtensions.WaitForElementDisplayCondition(RemoteWebDriver
                    driver, By by, Boolean condition, Int32 waitSeconds)&#xD;
                    --- End of inner exception stack trace ---&#xD;
                    at
                    AutomationUtils.Extensions.WebDriverExtensions.WaitForElementDisplayCondition(RemoteWebDriver
                    driver, By by, Boolean condition, Int32 waitSeconds)&#xD;
                    at AutomationUtils.Component.BaseWebComponent.Build()&#xD;
                    at
                    AutomationUtils.Extensions.WebDriverExtensions.Component[T](RemoteWebDriver
                    driver, String identifier)&#xD;
                    at
                    AutomationUtils.Extensions.WebDriverExtensions.GetComponent[T](RemoteWebDriver
                    driver, String identifier)&#xD;
                    at
                    DashworksTestAutomationCore.Steps.Dashworks.Components.Button.ButtonSteps.WhenUserClicksButtonAfterLoading(String
                    buttonName) in
                    C:\automaster\_work\3\s\DashworksTestAutomationCore\Steps\Dashworks\Components\Button\ButtonSteps.cs:line
                    70&#xD;
                    at TechTalk.SpecFlow.Bindings.BindingInvoker.InvokeBinding(IBinding
                    binding, IContextManager contextManager, Object[] arguments,
                    ITestTracer testTracer, TimeSpan&amp; duration) in
                    D:\a\1\s\TechTalk.SpecFlow\Bindings\BindingInvoker.cs:line 88&#xD;
                    at
                    TechTalk.SpecRun.SpecFlowPlugin.Runtime.RunnerTestExecutionEngine.ExecuteStepMatch(BindingMatch
                    match, Object[] arguments, TimeSpan&amp; duration)&#xD;
                    at
                    TechTalk.SpecFlow.Infrastructure.TestExecutionEngine.ExecuteStep(IContextManager
                    contextManager, StepInstance stepInstance) in
                    D:\a\1\s\TechTalk.SpecFlow\Infrastructure\TestExecutionEngine.cs:line
                    496&#xD;
                    at
                    TechTalk.SpecFlow.Infrastructure.TestExecutionEngine.OnAfterLastStep()
                    in
                    D:\a\1\s\TechTalk.SpecFlow\Infrastructure\TestExecutionEngine.cs:line
                    268&#xD;
                    at
                    TechTalk.SpecRun.SpecFlowPlugin.Runtime.RunnerTestExecutionEngine.OnAfterLastStep()&#xD;
                    at TechTalk.SpecFlow.TestRunner.CollectScenarioErrors() in
                    D:\a\1\s\TechTalk.SpecFlow\TestRunner.cs:line 60&#xD;
                    at
                    DashworksTestAutomationCore.Tests.EvergreenJnr.EvergreenJnr_Planning.Planning_RingScoping_Part8Feature.ScenarioCleanup()&#xD;
                    at
                    DashworksTestAutomationCore.Tests.EvergreenJnr.EvergreenJnr_Planning.Planning_RingScoping_Part8Feature.EvergreenJnr_Planning_CheckThatDefaultProjectIsDisplayedAfterChangingProjectInDropdowOnStatisticPageOnRingScoping()
                    in
                    C:\automaster\_work\3\s\DashworksTestAutomationCore\Tests\EvergreenJnr\EvergreenJnr_Planning\Planning_RingScoping_Part8.feature:line
                    42&#xD;
                    at
                    TechTalk.SpecRun.Framework.TaskExecutors.StaticOrInstanceMethodExecutor.ExecuteInternal(ITestThreadExecutionContext
                    testThreadExecutionContext)&#xD;
                    at
                    TechTalk.SpecRun.Framework.TaskExecutors.StaticOrInstanceMethodExecutor.Execute(ITestThreadExecutionContext
                    testThreadExecutionContext)&#xD;
                    at TechTalk.SpecRun.Framework.TestNodeTask.Execute()
                </StdErr>
                <ErrorInfo>
                    <Message>Element with 'By.XPath:
                        (.//button[contains(@class,'automationClass-button-CommitChangesWithoutPreview')]
                        |
                        .//mat-icon[contains(@class,'automationClass-button-CommitChangesWithoutPreview')]
                        |
                        .//button[contains(@class,'automationClass-icon-CommitChangesWithoutPreview')])
                        |
                        .//mat-datepicker-toggle[contains(@class,'automationClass-mat-datepicker-toggle-CommitChangesWithoutPreview')]'
                        selector was not changed Display condition to 'True' after 15
                        seconds -&gt; Timed out after 15 seconds
                    </Message>
                    <StackTrace>System.Exception: Element with 'By.XPath:
                        (.//button[contains(@class,'automationClass-button-CommitChangesWithoutPreview')]
                        |
                        .//mat-icon[contains(@class,'automationClass-button-CommitChangesWithoutPreview')]
                        |
                        .//button[contains(@class,'automationClass-icon-CommitChangesWithoutPreview')])
                        |
                        .//mat-datepicker-toggle[contains(@class,'automationClass-mat-datepicker-toggle-CommitChangesWithoutPreview')]'
                        selector was not changed Display condition to 'True' after 15
                        seconds&#xD;
                        ---&gt; OpenQA.Selenium.WebDriverTimeoutException: Timed out
                        after 15 seconds&#xD;
                        at
                        OpenQA.Selenium.Support.UI.DefaultWait`1.ThrowTimeoutException(String
                        exceptionMessage, Exception lastException)&#xD;
                        at
                        OpenQA.Selenium.Support.UI.DefaultWait`1.Until[TResult](Func`2
                        condition)&#xD;
                        at
                        AutomationUtils.Extensions.WebDriverExtensions.WaitForElementDisplayCondition(RemoteWebDriver
                        driver, By by, Boolean condition, Int32 waitSeconds)&#xD;
                        --- End of inner exception stack trace ---&#xD;
                        at
                        AutomationUtils.Extensions.WebDriverExtensions.WaitForElementDisplayCondition(RemoteWebDriver
                        driver, By by, Boolean condition, Int32 waitSeconds)&#xD;
                        at AutomationUtils.Component.BaseWebComponent.Build()&#xD;
                        at
                        AutomationUtils.Extensions.WebDriverExtensions.Component[T](RemoteWebDriver
                        driver, String identifier)&#xD;
                        at
                        AutomationUtils.Extensions.WebDriverExtensions.GetComponent[T](RemoteWebDriver
                        driver, String identifier)&#xD;
                        at
                        DashworksTestAutomationCore.Steps.Dashworks.Components.Button.ButtonSteps.WhenUserClicksButtonAfterLoading(String
                        buttonName) in
                        C:\automaster\_work\3\s\DashworksTestAutomationCore\Steps\Dashworks\Components\Button\ButtonSteps.cs:line
                        70&#xD;
                        at
                        TechTalk.SpecFlow.Bindings.BindingInvoker.InvokeBinding(IBinding
                        binding, IContextManager contextManager, Object[] arguments,
                        ITestTracer testTracer, TimeSpan&amp; duration) in
                        D:\a\1\s\TechTalk.SpecFlow\Bindings\BindingInvoker.cs:line 88&#xD;
                        at
                        TechTalk.SpecRun.SpecFlowPlugin.Runtime.RunnerTestExecutionEngine.ExecuteStepMatch(BindingMatch
                        match, Object[] arguments, TimeSpan&amp; duration)&#xD;
                        at
                        TechTalk.SpecFlow.Infrastructure.TestExecutionEngine.ExecuteStep(IContextManager
                        contextManager, StepInstance stepInstance) in
                        D:\a\1\s\TechTalk.SpecFlow\Infrastructure\TestExecutionEngine.cs:line
                        496&#xD;
                        at
                        TechTalk.SpecFlow.Infrastructure.TestExecutionEngine.OnAfterLastStep()
                        in
                        D:\a\1\s\TechTalk.SpecFlow\Infrastructure\TestExecutionEngine.cs:line
                        268&#xD;
                        at
                        TechTalk.SpecRun.SpecFlowPlugin.Runtime.RunnerTestExecutionEngine.OnAfterLastStep()&#xD;
                        at TechTalk.SpecFlow.TestRunner.CollectScenarioErrors() in
                        D:\a\1\s\TechTalk.SpecFlow\TestRunner.cs:line 60&#xD;
                        at
                        DashworksTestAutomationCore.Tests.EvergreenJnr.EvergreenJnr_Planning.Planning_RingScoping_Part8Feature.ScenarioCleanup()&#xD;
                        at
                        DashworksTestAutomationCore.Tests.EvergreenJnr.EvergreenJnr_Planning.Planning_RingScoping_Part8Feature.EvergreenJnr_Planning_CheckThatDefaultProjectIsDisplayedAfterChangingProjectInDropdowOnStatisticPageOnRingScoping()
                        in
                        C:\automaster\_work\3\s\DashworksTestAutomationCore\Tests\EvergreenJnr\EvergreenJnr_Planning\Planning_RingScoping_Part8.feature:line
                        42&#xD;
                        at
                        TechTalk.SpecRun.Framework.TaskExecutors.StaticOrInstanceMethodExecutor.ExecuteInternal(ITestThreadExecutionContext
                        testThreadExecutionContext)&#xD;
                        at
                        TechTalk.SpecRun.Framework.TaskExecutors.StaticOrInstanceMethodExecutor.Execute(ITestThreadExecutionContext
                        testThreadExecutionContext)&#xD;
                        at TechTalk.SpecRun.Framework.TestNodeTask.Execute()
                    </StackTrace>
                </ErrorInfo>
            </Output>
        </UnitTestResult>
        <UnitTestResult executionId="d4b37d91-fffb-4e6b-800e-88793f9e0e15"
                        testId="13469c78-b869-ac79-96a2-3e1e6d18c24f"
                        testName="EvergreenJnr_Planning_CheckThatUpdateAndRedistributeButtonIsDisabledAndHasATooltipOnScopingParametersOnRingScopingPage"
                        computerName="automaster" duration="00:00:36.3051498"
                        startTime="2021-11-02T09:36:18.8286318+00:00"
                        endTime="2021-11-02T09:36:55.1337816+00:00"
                        testType="13cdc9d9-ddb5-4fa4-a97d-d965ccfc6d4b" outcome="Passed"
                        testListId="8c84fa94-04c1-424b-9868-57a2d4851a1d"
                        relativeResultsDirectory="d4b37d91-fffb-4e6b-800e-88793f9e0e15">
            <Output>
                <StdOut>-&gt; 11/2/2021 9:36:18 AM - INFO - TEST STARTED:
                    EvergreenJnr_Planning_CheckThatUpdateAndRedistributeButtonIsDisabledAndHasATooltipOnScopingParametersOnRingScopingPage&#xD;
                    &#xD;
                    Given User is logged in to the Evergreen&#xD;
                    -&gt; Navigating to the https://automaster.internal.juriba.com/&#xD;
                    -&gt; Navigating to the
                    https://automaster.internal.juriba.com/evergreen/&#xD;
                    -&gt; done: EvergreenJnr_Login.GivenUserIsLoggedInToTheEvergreen()
                    (6.1s)&#xD;
                    &#xD;
                    When User clicks 'Planning' on the left-hand menu&#xD;
                    -&gt; done:
                    EvergreenJnr_LeftHandMenuNavigation.WhenUserClicksOnTheLeft_HandMenu("Planning")
                    (2.2s)&#xD;
                    &#xD;
                    When User enters 'Ring Scoping Project' text in the Search field for
                    'Project' column&#xD;
                    -&gt; done:
                    EvergreenJnr_BaseGrid.WhenUserEntersTextInTheSearchFieldForColumn("Ring
                    Scoping Project", "Project") (4.2s)&#xD;
                    &#xD;
                    When User clicks on 'Ring Scoping Project' cell from 'Project'
                    column&#xD;
                    -&gt; done:
                    EvergreenJnr_BaseGrid.WhenUserClicksOnCellFromColumn("Ring Scoping
                    Project", "Project") (7.7s)&#xD;
                    &#xD;
                    When User navigates to the 'Scoping Parameters' left submenu item&#xD;
                    -&gt; done:
                    EvergreenJnr_LeftMenuNavigation.WhenUserNavigatesToTheParentLeftSubmenuItem("Scoping
                    Parameters") (2.3s)&#xD;
                    &#xD;
                    When User clicks 'Clear All' button&#xD;
                    -&gt; done: ButtonSteps.WhenUserClicksButton("Clear All") (0.3s)&#xD;
                    &#xD;
                    Then 'Update' button is disabled&#xD;
                    -&gt; done: ButtonSteps.ThenButtonIsDisabled("Update") (2.1s)&#xD;
                    &#xD;
                    Then 'Update' button has tooltip with 'No changes made' text&#xD;
                    -&gt; done: ButtonSteps.ThenButtonHasTooltipWithText("Update", "No
                    changes made") (0.9s)&#xD;
                    &#xD;
                    &#xD;
                    -&gt; Test status is 'Passed'&#xD;
                    -&gt; TEST STATUS WAS POSTED:
                    EvergreenJnr_Planning_CheckThatUpdateAndRedistributeButtonIsDisabledAndHasATooltipOnScopingParametersOnRingScopingPage&#xD;
                    -&gt; Test finished on:
                    https://automaster.internal.juriba.com/evergreen/#/planning/ringscoping/scopingParameters?$projectId=112&#xD;
                    -&gt; 11/2/2021 9:36:51 AM - ERROR - Error during Custom list
                    deleting: System.Exception: Database query returns zero results&#xD;
                    -&gt; at
                    DashworksTestAutomation.Helpers.DatabaseHelper.ExecuteReader(String
                    query, Int32 columnIndex) in
                    C:\automaster\_work\3\s\DashworksTestAutomationCore\Helpers\DatabaseHelper.cs:line
                    59&#xD;
                    -&gt; at
                    DashworksTestAutomation.Steps.Dashworks.CustomList.AfterScenario.RemoveCustomListMethods.RemoveUserLists()
                    in
                    C:\automaster\_work\3\s\DashworksTestAutomationCore\Steps\Dashworks\CustomList\AfterScenario\RemoveCustomListMethods.cs:line
                    33&#xD;
                    -&gt; 11/2/2021 9:36:51 AM - ERROR - Error during Custom list
                    deleting: System.Exception: Database query returns zero results&#xD;
                    -&gt; at
                    DashworksTestAutomation.Helpers.DatabaseHelper.ExecuteReader(String
                    query, Int32 columnIndex) in
                    C:\automaster\_work\3\s\DashworksTestAutomationCore\Helpers\DatabaseHelper.cs:line
                    59&#xD;
                    -&gt; at
                    DashworksTestAutomation.Steps.Dashworks.CustomList.AfterScenario.RemoveCustomListMethods.RemoveUserLists()
                    in
                    C:\automaster\_work\3\s\DashworksTestAutomationCore\Steps\Dashworks\CustomList\AfterScenario\RemoveCustomListMethods.cs:line
                    33&#xD;
                    -&gt; 11/2/2021 9:36:55 AM - INFO - TEST FINISHED:
                    EvergreenJnr_Planning_CheckThatUpdateAndRedistributeButtonIsDisabledAndHasATooltipOnScopingParametersOnRingScopingPage
                </StdOut>
            </Output>
        </UnitTestResult>
        <UnitTestResult executionId="bff8d031-9893-46f4-ac2b-73a59e1743c8"
                        testId="d0cca98b-6f00-d376-4efb-042cbc0c825a"
                        testName="EvergreenJnr_Planning_CheckThatItsPossibleToEnterZeroValueInNumberOfDevicesTableInScopingParametersPageOnRingScoping"
                        computerName="automaster" duration="00:00:32.4332575"
                        startTime="2021-11-02T09:36:10.1429423+00:00"
                        endTime="2021-11-02T09:36:42.5761998+00:00"
                        testType="13cdc9d9-ddb5-4fa4-a97d-d965ccfc6d4b" outcome="Passed"
                        testListId="8c84fa94-04c1-424b-9868-57a2d4851a1d"
                        relativeResultsDirectory="bff8d031-9893-46f4-ac2b-73a59e1743c8">
            <Output>
                <StdOut>-&gt; 11/2/2021 9:36:10 AM - INFO - TEST STARTED:
                    EvergreenJnr_Planning_CheckThatItsPossibleToEnterZeroValueInNumberOfDevicesTableInScopingParametersPageOnRingScoping&#xD;
                    &#xD;
                    Given User is logged in to the Evergreen&#xD;
                    -&gt; Navigating to the https://automaster.internal.juriba.com/&#xD;
                    -&gt; Navigating to the
                    https://automaster.internal.juriba.com/evergreen/&#xD;
                    -&gt; done: EvergreenJnr_Login.GivenUserIsLoggedInToTheEvergreen()
                    (2.7s)&#xD;
                    &#xD;
                    When User clicks 'Planning' on the left-hand menu&#xD;
                    -&gt; done:
                    EvergreenJnr_LeftHandMenuNavigation.WhenUserClicksOnTheLeft_HandMenu("Planning")
                    (2.0s)&#xD;
                    &#xD;
                    When User enters 'Ring Scoping Project' text in the Search field for
                    'Project' column&#xD;
                    -&gt; done:
                    EvergreenJnr_BaseGrid.WhenUserEntersTextInTheSearchFieldForColumn("Ring
                    Scoping Project", "Project") (3.8s)&#xD;
                    &#xD;
                    When User clicks on 'Ring Scoping Project' cell from 'Project'
                    column&#xD;
                    -&gt; done:
                    EvergreenJnr_BaseGrid.WhenUserClicksOnCellFromColumn("Ring Scoping
                    Project", "Project") (7.2s)&#xD;
                    &#xD;
                    When User navigates to the 'Scoping Parameters' left submenu item&#xD;
                    -&gt; done:
                    EvergreenJnr_LeftMenuNavigation.WhenUserNavigatesToTheParentLeftSubmenuItem("Scoping
                    Parameters") (1.6s)&#xD;
                    &#xD;
                    When User clicks 'Clear All' button&#xD;
                    -&gt; done: ButtonSteps.WhenUserClicksButton("Clear All") (0.3s)&#xD;
                    &#xD;
                    When User sets value to '0' for 'Minimum Number of Devices' column
                    and 'Pilot' row in 'Minimum and Maximum Number of Devices' table&#xD;
                    -&gt; done:
                    EvergreenJnr_BaseTable.WhenUserSetValueToForColumnAndRowInTable("0",
                    "Minimum Number of...", "Pilot", "Minimum and Maxim...") (2.6s)&#xD;
                    &#xD;
                    When User sets value to '0' for 'Minimum Number of Devices' column
                    and 'Early Adopters' row in 'Minimum and Maximum Number of Devices'
                    table&#xD;
                    -&gt; done:
                    EvergreenJnr_BaseTable.WhenUserSetValueToForColumnAndRowInTable("0",
                    "Minimum Number of...", "Early Adopters", "Minimum and Maxim...")
                    (1.8s)&#xD;
                    &#xD;
                    Then 'Update' button is not disabled&#xD;
                    -&gt; done: ButtonSteps.ThenButtonIsNotDisabled("Update") (1.5s)&#xD;
                    &#xD;
                    Then 'Update And Redistribute' button is not disabled&#xD;
                    -&gt; done: ButtonSteps.ThenButtonIsNotDisabled("Update And
                    Redist...") (1.5s)&#xD;
                    &#xD;
                    &#xD;
                    -&gt; Test status is 'Passed'&#xD;
                    -&gt; TEST STATUS WAS POSTED:
                    EvergreenJnr_Planning_CheckThatItsPossibleToEnterZeroValueInNumberOfDevicesTableInScopingParametersPageOnRingScoping&#xD;
                    -&gt; Test finished on:
                    https://automaster.internal.juriba.com/evergreen/#/planning/ringscoping/scopingParameters?$projectId=112&#xD;
                    -&gt; 11/2/2021 9:36:39 AM - ERROR - Error during Custom list
                    deleting: System.Exception: Database query returns zero results&#xD;
                    -&gt; at
                    DashworksTestAutomation.Helpers.DatabaseHelper.ExecuteReader(String
                    query, Int32 columnIndex) in
                    C:\automaster\_work\3\s\DashworksTestAutomationCore\Helpers\DatabaseHelper.cs:line
                    59&#xD;
                    -&gt; at
                    DashworksTestAutomation.Steps.Dashworks.CustomList.AfterScenario.RemoveCustomListMethods.RemoveUserLists()
                    in
                    C:\automaster\_work\3\s\DashworksTestAutomationCore\Steps\Dashworks\CustomList\AfterScenario\RemoveCustomListMethods.cs:line
                    33&#xD;
                    -&gt; 11/2/2021 9:36:39 AM - ERROR - Error during Custom list
                    deleting: System.Exception: Database query returns zero results&#xD;
                    -&gt; at
                    DashworksTestAutomation.Helpers.DatabaseHelper.ExecuteReader(String
                    query, Int32 columnIndex) in
                    C:\automaster\_work\3\s\DashworksTestAutomationCore\Helpers\DatabaseHelper.cs:line
                    59&#xD;
                    -&gt; at
                    DashworksTestAutomation.Steps.Dashworks.CustomList.AfterScenario.RemoveCustomListMethods.RemoveUserLists()
                    in
                    C:\automaster\_work\3\s\DashworksTestAutomationCore\Steps\Dashworks\CustomList\AfterScenario\RemoveCustomListMethods.cs:line
                    33&#xD;
                    -&gt; 11/2/2021 9:36:42 AM - INFO - TEST FINISHED:
                    EvergreenJnr_Planning_CheckThatItsPossibleToEnterZeroValueInNumberOfDevicesTableInScopingParametersPageOnRingScoping
                </StdOut>
            </Output>
        </UnitTestResult>
        <UnitTestResult executionId="0bdf6f75-4992-4c5b-bf27-9c49f1586c5e"
                        testId="3731d85d-f4b1-721a-d477-fa9c43bafe77"
                        testName="EvergreenJnr_Planning_CheckSuccessBannerDisplayingUponUpdatingScopingParameters"
                        computerName="automaster" duration="00:00:37.8955972"
                        startTime="2021-11-02T09:34:59.4204261+00:00"
                        endTime="2021-11-02T09:35:37.3160233+00:00"
                        testType="13cdc9d9-ddb5-4fa4-a97d-d965ccfc6d4b" outcome="Failed"
                        testListId="8c84fa94-04c1-424b-9868-57a2d4851a1d"
                        relativeResultsDirectory="0bdf6f75-4992-4c5b-bf27-9c49f1586c5e">
            <Output>
                <StdOut>-&gt; 11/2/2021 9:34:59 AM - INFO - TEST STARTED:
                    EvergreenJnr_Planning_CheckSuccessBannerDisplayingUponUpdatingScopingParameters&#xD;
                    &#xD;
                    Given User is logged in to the Evergreen&#xD;
                    -&gt; Navigating to the https://automaster.internal.juriba.com/&#xD;
                    -&gt; Navigating to the
                    https://automaster.internal.juriba.com/evergreen/&#xD;
                    -&gt; done: EvergreenJnr_Login.GivenUserIsLoggedInToTheEvergreen()
                    (2.9s)&#xD;
                    &#xD;
                    Then Evergreen Dashboards page should be displayed to the user&#xD;
                    -&gt; done:
                    EvergreenJnr_Login.ThenEvergreenDashboardsPageShouldBeDisplayedToTheUser()
                    (1.8s)&#xD;
                    &#xD;
                    When Project created via API&#xD;
                    --- table step argument ---&#xD;
                    | ProjectName | Scope | ProjectTemplate | Mode |&#xD;
                    | 01_22921DAS_Project | All Devices | None | Standalone Project |&#xD;
                    -&gt; done: ProjectApiSteps.WhenUserCreateNewProjectViaApi(&lt;table&gt;)
                    (0.1s)&#xD;
                    &#xD;
                    When User clicks 'Planning' on the left-hand menu&#xD;
                    -&gt; done:
                    EvergreenJnr_LeftHandMenuNavigation.WhenUserClicksOnTheLeft_HandMenu("Planning")
                    (1.8s)&#xD;
                    &#xD;
                    When User clicks on '01_22921DAS_Project' cell from 'Project' column&#xD;
                    -&gt; done:
                    EvergreenJnr_BaseGrid.WhenUserClicksOnCellFromColumn("01_22921DAS_Project",
                    "Project") (4.0s)&#xD;
                    &#xD;
                    When User navigates to the 'Scoping Parameters' left submenu item&#xD;
                    -&gt; done:
                    EvergreenJnr_LeftMenuNavigation.WhenUserNavigatesToTheParentLeftSubmenuItem("Scoping
                    Parameters") (1.6s)&#xD;
                    &#xD;
                    When User enters '2' text to 'No target %' textbox&#xD;
                    -&gt; error: Element in element was not changed Display condition to
                    'True' after 15 seconds (16.5s)&#xD;
                    &#xD;
                    When User clicks 'Update' button&#xD;
                    -&gt; skipped because of previous errors&#xD;
                    &#xD;
                    Then 'Scoping parameters have been updated' text is displayed on
                    inline success banner&#xD;
                    -&gt; skipped because of previous errors&#xD;
                    &#xD;
                    When User navigates to the 'Scoping Parameters' left submenu item&#xD;
                    -&gt; skipped because of previous errors&#xD;
                    &#xD;
                    Then 'Exclude Uncategorised apps' checkbox is not displayed&#xD;
                    -&gt; skipped because of previous errors&#xD;
                    &#xD;
                    Then 'Evaluate Software' checkbox is checked&#xD;
                    -&gt; skipped because of previous errors&#xD;
                    &#xD;
                    &#xD;
                    -&gt; Test status is 'Failed'&#xD;
                    -&gt; Check screenshot by following path:
                    c:\Screenshots\EvergreenJnr_Planning_CheckSuccessBannerDisplayingUponUpdatingScopingParameters_2021_11_02_09_35_32.png&#xD;
                    -&gt; TEST STATUS WAS POSTED:
                    EvergreenJnr_Planning_CheckSuccessBannerDisplayingUponUpdatingScopingParameters&#xD;
                    -&gt; Test finished on:
                    https://automaster.internal.juriba.com/evergreen/#/planning/ringscoping/scopingParameters?$projectId=168&#xD;
                    -&gt; 11/2/2021 9:35:33 AM - ERROR - Error during Custom list
                    deleting: System.Exception: Database query returns zero results&#xD;
                    -&gt; at
                    DashworksTestAutomation.Helpers.DatabaseHelper.ExecuteReader(String
                    query, Int32 columnIndex) in
                    C:\automaster\_work\3\s\DashworksTestAutomationCore\Helpers\DatabaseHelper.cs:line
                    59&#xD;
                    -&gt; at
                    DashworksTestAutomation.Steps.Dashworks.CustomList.AfterScenario.RemoveCustomListMethods.RemoveUserLists()
                    in
                    C:\automaster\_work\3\s\DashworksTestAutomationCore\Steps\Dashworks\CustomList\AfterScenario\RemoveCustomListMethods.cs:line
                    33&#xD;
                    -&gt; 11/2/2021 9:35:33 AM - ERROR - Error during Custom list
                    deleting: System.Exception: Database query returns zero results&#xD;
                    -&gt; at
                    DashworksTestAutomation.Helpers.DatabaseHelper.ExecuteReader(String
                    query, Int32 columnIndex) in
                    C:\automaster\_work\3\s\DashworksTestAutomationCore\Helpers\DatabaseHelper.cs:line
                    59&#xD;
                    -&gt; at
                    DashworksTestAutomation.Steps.Dashworks.CustomList.AfterScenario.RemoveCustomListMethods.RemoveUserLists()
                    in
                    C:\automaster\_work\3\s\DashworksTestAutomationCore\Steps\Dashworks\CustomList\AfterScenario\RemoveCustomListMethods.cs:line
                    33&#xD;
                    -&gt; 11/2/2021 9:35:33 AM - INFO - The '01_22921DAS_Project'
                    project with '168' id has been deleted&#xD;
                    -&gt; 11/2/2021 9:35:37 AM - INFO - TEST FINISHED:
                    EvergreenJnr_Planning_CheckSuccessBannerDisplayingUponUpdatingScopingParameters
                </StdOut>
                <StdErr>Element in element was not changed Display condition to 'True'
                    after 15 seconds -&gt; Timed out after 15 seconds&#xD;
                    System.Exception: Element in element was not changed Display
                    condition to 'True' after 15 seconds&#xD;
                    ---&gt; OpenQA.Selenium.WebDriverTimeoutException: Timed out after
                    15 seconds&#xD;
                    at
                    OpenQA.Selenium.Support.UI.DefaultWait`1.ThrowTimeoutException(String
                    exceptionMessage, Exception lastException)&#xD;
                    at OpenQA.Selenium.Support.UI.DefaultWait`1.Until[TResult](Func`2
                    condition)&#xD;
                    at
                    AutomationUtils.Extensions.WebDriverExtensions.WaitForElementInElementDisplayCondition(RemoteWebDriver
                    driver, IWebElement element, By selector, Boolean condition, Int32
                    waitSeconds)&#xD;
                    --- End of inner exception stack trace ---&#xD;
                    at
                    AutomationUtils.Extensions.WebDriverExtensions.WaitForElementInElementDisplayCondition(RemoteWebDriver
                    driver, IWebElement element, By selector, Boolean condition, Int32
                    waitSeconds)&#xD;
                    at AutomationUtils.Component.BaseWebComponent.Build()&#xD;
                    at
                    AutomationUtils.Extensions.WebDriverExtensions.Component[T](RemoteWebDriver
                    driver, String identifier, Properties props)&#xD;
                    at
                    AutomationUtils.Extensions.WebDriverExtensions.GetComponent[T](RemoteWebDriver
                    driver, String identifier, Properties props)&#xD;
                    at
                    DashworksTestAutomationCore.Steps.Dashworks.Components.Input.InputSteps.EnterTextToInput(String
                    text, String placeholder, Boolean withDelay, Boolean withBodyClick,
                    String parentSelector) in
                    C:\automaster\_work\3\s\DashworksTestAutomationCore\Steps\Dashworks\Components\Input\InputSteps.cs:line
                    222&#xD;
                    at
                    DashworksTestAutomationCore.Steps.Dashworks.Components.Input.InputSteps.WhenUserEntersTextToTextbox(String
                    text, String placeholder) in
                    C:\automaster\_work\3\s\DashworksTestAutomationCore\Steps\Dashworks\Components\Input\InputSteps.cs:line
                    249&#xD;
                    at TechTalk.SpecFlow.Bindings.BindingInvoker.InvokeBinding(IBinding
                    binding, IContextManager contextManager, Object[] arguments,
                    ITestTracer testTracer, TimeSpan&amp; duration) in
                    D:\a\1\s\TechTalk.SpecFlow\Bindings\BindingInvoker.cs:line 88&#xD;
                    at
                    TechTalk.SpecFlow.Infrastructure.TestExecutionEngine.ExecuteStepMatch(BindingMatch
                    match, Object[] arguments, TimeSpan&amp; duration) in
                    D:\a\1\s\TechTalk.SpecFlow\Infrastructure\TestExecutionEngine.cs:line
                    522&#xD;
                    at
                    TechTalk.SpecRun.SpecFlowPlugin.Runtime.RunnerTestExecutionEngine.ExecuteStepMatch(BindingMatch
                    match, Object[] arguments, TimeSpan&amp; duration)&#xD;
                    at
                    TechTalk.SpecFlow.Infrastructure.TestExecutionEngine.ExecuteStep(IContextManager
                    contextManager, StepInstance stepInstance) in
                    D:\a\1\s\TechTalk.SpecFlow\Infrastructure\TestExecutionEngine.cs:line
                    496&#xD;
                    at
                    TechTalk.SpecFlow.Infrastructure.TestExecutionEngine.OnAfterLastStep()
                    in
                    D:\a\1\s\TechTalk.SpecFlow\Infrastructure\TestExecutionEngine.cs:line
                    268&#xD;
                    at
                    TechTalk.SpecRun.SpecFlowPlugin.Runtime.RunnerTestExecutionEngine.OnAfterLastStep()&#xD;
                    at TechTalk.SpecFlow.TestRunner.CollectScenarioErrors() in
                    D:\a\1\s\TechTalk.SpecFlow\TestRunner.cs:line 60&#xD;
                    at
                    DashworksTestAutomationCore.Tests.EvergreenJnr.EvergreenJnr_Planning.Planning_RingScoping_Part2Feature.ScenarioCleanup()&#xD;
                    at
                    DashworksTestAutomationCore.Tests.EvergreenJnr.EvergreenJnr_Planning.Planning_RingScoping_Part2Feature.EvergreenJnr_Planning_CheckSuccessBannerDisplayingUponUpdatingScopingParameters()
                    in
                    C:\automaster\_work\3\s\DashworksTestAutomationCore\Tests\EvergreenJnr\EvergreenJnr_Planning\Planning_RingScoping_Part2.feature:line
                    46&#xD;
                    at
                    TechTalk.SpecRun.Framework.TaskExecutors.StaticOrInstanceMethodExecutor.ExecuteInternal(ITestThreadExecutionContext
                    testThreadExecutionContext)&#xD;
                    at
                    TechTalk.SpecRun.Framework.TaskExecutors.StaticOrInstanceMethodExecutor.Execute(ITestThreadExecutionContext
                    testThreadExecutionContext)&#xD;
                    at TechTalk.SpecRun.Framework.TestNodeTask.Execute()
                </StdErr>
                <ErrorInfo>
                    <Message>Element in element was not changed Display condition to
                        'True' after 15 seconds -&gt; Timed out after 15 seconds
                    </Message>
                    <StackTrace>System.Exception: Element in element was not changed
                        Display condition to 'True' after 15 seconds&#xD;
                        ---&gt; OpenQA.Selenium.WebDriverTimeoutException: Timed out
                        after 15 seconds&#xD;
                        at
                        OpenQA.Selenium.Support.UI.DefaultWait`1.ThrowTimeoutException(String
                        exceptionMessage, Exception lastException)&#xD;
                        at
                        OpenQA.Selenium.Support.UI.DefaultWait`1.Until[TResult](Func`2
                        condition)&#xD;
                        at
                        AutomationUtils.Extensions.WebDriverExtensions.WaitForElementInElementDisplayCondition(RemoteWebDriver
                        driver, IWebElement element, By selector, Boolean condition,
                        Int32 waitSeconds)&#xD;
                        --- End of inner exception stack trace ---&#xD;
                        at
                        AutomationUtils.Extensions.WebDriverExtensions.WaitForElementInElementDisplayCondition(RemoteWebDriver
                        driver, IWebElement element, By selector, Boolean condition,
                        Int32 waitSeconds)&#xD;
                        at AutomationUtils.Component.BaseWebComponent.Build()&#xD;
                        at
                        AutomationUtils.Extensions.WebDriverExtensions.Component[T](RemoteWebDriver
                        driver, String identifier, Properties props)&#xD;
                        at
                        AutomationUtils.Extensions.WebDriverExtensions.GetComponent[T](RemoteWebDriver
                        driver, String identifier, Properties props)&#xD;
                        at
                        DashworksTestAutomationCore.Steps.Dashworks.Components.Input.InputSteps.EnterTextToInput(String
                        text, String placeholder, Boolean withDelay, Boolean
                        withBodyClick, String parentSelector) in
                        C:\automaster\_work\3\s\DashworksTestAutomationCore\Steps\Dashworks\Components\Input\InputSteps.cs:line
                        222&#xD;
                        at
                        DashworksTestAutomationCore.Steps.Dashworks.Components.Input.InputSteps.WhenUserEntersTextToTextbox(String
                        text, String placeholder) in
                        C:\automaster\_work\3\s\DashworksTestAutomationCore\Steps\Dashworks\Components\Input\InputSteps.cs:line
                        249&#xD;
                        at
                        TechTalk.SpecFlow.Bindings.BindingInvoker.InvokeBinding(IBinding
                        binding, IContextManager contextManager, Object[] arguments,
                        ITestTracer testTracer, TimeSpan&amp; duration) in
                        D:\a\1\s\TechTalk.SpecFlow\Bindings\BindingInvoker.cs:line 88&#xD;
                        at
                        TechTalk.SpecFlow.Infrastructure.TestExecutionEngine.ExecuteStepMatch(BindingMatch
                        match, Object[] arguments, TimeSpan&amp; duration) in
                        D:\a\1\s\TechTalk.SpecFlow\Infrastructure\TestExecutionEngine.cs:line
                        522&#xD;
                        at
                        TechTalk.SpecRun.SpecFlowPlugin.Runtime.RunnerTestExecutionEngine.ExecuteStepMatch(BindingMatch
                        match, Object[] arguments, TimeSpan&amp; duration)&#xD;
                        at
                        TechTalk.SpecFlow.Infrastructure.TestExecutionEngine.ExecuteStep(IContextManager
                        contextManager, StepInstance stepInstance) in
                        D:\a\1\s\TechTalk.SpecFlow\Infrastructure\TestExecutionEngine.cs:line
                        496&#xD;
                        at
                        TechTalk.SpecFlow.Infrastructure.TestExecutionEngine.OnAfterLastStep()
                        in
                        D:\a\1\s\TechTalk.SpecFlow\Infrastructure\TestExecutionEngine.cs:line
                        268&#xD;
                        at
                        TechTalk.SpecRun.SpecFlowPlugin.Runtime.RunnerTestExecutionEngine.OnAfterLastStep()&#xD;
                        at TechTalk.SpecFlow.TestRunner.CollectScenarioErrors() in
                        D:\a\1\s\TechTalk.SpecFlow\TestRunner.cs:line 60&#xD;
                        at
                        DashworksTestAutomationCore.Tests.EvergreenJnr.EvergreenJnr_Planning.Planning_RingScoping_Part2Feature.ScenarioCleanup()&#xD;
                        at
                        DashworksTestAutomationCore.Tests.EvergreenJnr.EvergreenJnr_Planning.Planning_RingScoping_Part2Feature.EvergreenJnr_Planning_CheckSuccessBannerDisplayingUponUpdatingScopingParameters()
                        in
                        C:\automaster\_work\3\s\DashworksTestAutomationCore\Tests\EvergreenJnr\EvergreenJnr_Planning\Planning_RingScoping_Part2.feature:line
                        46&#xD;
                        at
                        TechTalk.SpecRun.Framework.TaskExecutors.StaticOrInstanceMethodExecutor.ExecuteInternal(ITestThreadExecutionContext
                        testThreadExecutionContext)&#xD;
                        at
                        TechTalk.SpecRun.Framework.TaskExecutors.StaticOrInstanceMethodExecutor.Execute(ITestThreadExecutionContext
                        testThreadExecutionContext)&#xD;
                        at TechTalk.SpecRun.Framework.TestNodeTask.Execute()
                    </StackTrace>
                </ErrorInfo>
            </Output>
        </UnitTestResult>
        <UnitTestResult executionId="b3e5467f-591d-43b3-b320-9033373eacba"
                        testId="cca7bbc1-d7b9-3da5-219b-c09f9c2da23b"
                        testName="EvergreenJnr_Planning_CheckThatSoftwareCheckboxIsCheckedAndDisabled"
                        computerName="automaster" duration="00:00:27.3418490"
                        startTime="2021-11-02T09:34:01.9595254+00:00"
                        endTime="2021-11-02T09:34:29.3013744+00:00"
                        testType="13cdc9d9-ddb5-4fa4-a97d-d965ccfc6d4b" outcome="Failed"
                        testListId="8c84fa94-04c1-424b-9868-57a2d4851a1d"
                        relativeResultsDirectory="b3e5467f-591d-43b3-b320-9033373eacba">
            <Output>
                <StdOut>-&gt; 11/2/2021 9:34:01 AM - INFO - TEST STARTED:
                    EvergreenJnr_Planning_CheckThatSoftwareCheckboxIsCheckedAndDisabled&#xD;
                    &#xD;
                    Given User is logged in to the Evergreen&#xD;
                    -&gt; Navigating to the https://automaster.internal.juriba.com/&#xD;
                    -&gt; Navigating to the
                    https://automaster.internal.juriba.com/evergreen/&#xD;
                    -&gt; done: EvergreenJnr_Login.GivenUserIsLoggedInToTheEvergreen()
                    (2.5s)&#xD;
                    &#xD;
                    Then Evergreen Dashboards page should be displayed to the user&#xD;
                    -&gt; done:
                    EvergreenJnr_Login.ThenEvergreenDashboardsPageShouldBeDisplayedToTheUser()
                    (1.7s)&#xD;
                    &#xD;
                    When User clicks 'Planning' on the left-hand menu&#xD;
                    -&gt; done:
                    EvergreenJnr_LeftHandMenuNavigation.WhenUserClicksOnTheLeft_HandMenu("Planning")
                    (1.6s)&#xD;
                    &#xD;
                    When User enters 'Win 11 Rollout' text in the Search field for
                    'Project' column&#xD;
                    -&gt; done:
                    EvergreenJnr_BaseGrid.WhenUserEntersTextInTheSearchFieldForColumn("Win
                    11 Rollout", "Project") (3.9s)&#xD;
                    &#xD;
                    When User clicks on 'Win 11 Rollout' cell from 'Project' column&#xD;
                    -&gt; done:
                    EvergreenJnr_BaseGrid.WhenUserClicksOnCellFromColumn("Win 11
                    Rollout", "Project") (7.2s)&#xD;
                    &#xD;
                    When User navigates to the 'Scoping Parameters' left submenu item&#xD;
                    -&gt; done:
                    EvergreenJnr_LeftMenuNavigation.WhenUserNavigatesToTheParentLeftSubmenuItem("Scoping
                    Parameters") (1.7s)&#xD;
                    &#xD;
                    Then 'Evaluate Software' checkbox is disabled&#xD;
                    -&gt; Expected False&#xD;
                    -&gt; But was: True&#xD;
                    -&gt; 'Evaluate Software' checkbox is not disabled&#xD;
                    -&gt; error: 'Evaluate Software' checkbox is not disabled&#xD;
                    -&gt; Expected: False&#xD;
                    -&gt; But was: True (0.7s)&#xD;
                    &#xD;
                    Then 'Evaluate Software' checkbox is checked&#xD;
                    -&gt; skipped because of previous errors&#xD;
                    &#xD;
                    Then 'App Associations' dropdown is disabled&#xD;
                    -&gt; skipped because of previous errors&#xD;
                    &#xD;
                    Then 'Target for Device' value is displayed in the 'App
                    Associations' dropdown&#xD;
                    -&gt; skipped because of previous errors&#xD;
                    &#xD;
                    &#xD;
                    -&gt; Test status is 'Failed'&#xD;
                    -&gt; Check screenshot by following path:
                    c:\Screenshots\EvergreenJnr_Planning_CheckThatSoftwareCheckboxIsCheckedAndDisabled_2021_11_02_09_34_25.png&#xD;
                    -&gt; TEST STATUS WAS POSTED:
                    EvergreenJnr_Planning_CheckThatSoftwareCheckboxIsCheckedAndDisabled&#xD;
                    -&gt; Test finished on:
                    https://automaster.internal.juriba.com/evergreen/#/planning/ringscoping/scopingParameters?$projectId=63&#xD;
                    -&gt; 11/2/2021 9:34:29 AM - INFO - TEST FINISHED:
                    EvergreenJnr_Planning_CheckThatSoftwareCheckboxIsCheckedAndDisabled
                </StdOut>
                <StdErr>'Evaluate Software' checkbox is not disabled&#xD;
                    Expected: False&#xD;
                    But was: True&#xD;
                    System.Exception: 'Evaluate Software' checkbox is not disabled&#xD;
                    Expected: False&#xD;
                    But was: True&#xD;
                    at AutomationUtils.Utils.Verify.That[TActual](TActual actual,
                    IResolveConstraint expression, String message, Object[] args)&#xD;
                    at AutomationUtils.Utils.Verify.IsFalse(Boolean condition, String
                    message, Object[] args)&#xD;
                    at
                    DashworksTestAutomationCore.Steps.Dashworks.Components.CheckboxSteps.ThenCheckboxIsDisabled(String
                    checkbox) in
                    C:\automaster\_work\3\s\DashworksTestAutomationCore\Steps\Dashworks\Components\CheckboxSteps.cs:line
                    85&#xD;
                    at TechTalk.SpecFlow.Bindings.BindingInvoker.InvokeBinding(IBinding
                    binding, IContextManager contextManager, Object[] arguments,
                    ITestTracer testTracer, TimeSpan&amp; duration) in
                    D:\a\1\s\TechTalk.SpecFlow\Bindings\BindingInvoker.cs:line 88&#xD;
                    at
                    TechTalk.SpecRun.SpecFlowPlugin.Runtime.RunnerTestExecutionEngine.ExecuteStepMatch(BindingMatch
                    match, Object[] arguments, TimeSpan&amp; duration)&#xD;
                    at
                    TechTalk.SpecFlow.Infrastructure.TestExecutionEngine.ExecuteStep(IContextManager
                    contextManager, StepInstance stepInstance) in
                    D:\a\1\s\TechTalk.SpecFlow\Infrastructure\TestExecutionEngine.cs:line
                    496&#xD;
                    at
                    TechTalk.SpecFlow.Infrastructure.TestExecutionEngine.OnAfterLastStep()
                    in
                    D:\a\1\s\TechTalk.SpecFlow\Infrastructure\TestExecutionEngine.cs:line
                    268&#xD;
                    at
                    TechTalk.SpecRun.SpecFlowPlugin.Runtime.RunnerTestExecutionEngine.OnAfterLastStep()&#xD;
                    at TechTalk.SpecFlow.TestRunner.CollectScenarioErrors() in
                    D:\a\1\s\TechTalk.SpecFlow\TestRunner.cs:line 60&#xD;
                    at
                    DashworksTestAutomationCore.Tests.EvergreenJnr.EvergreenJnr_Planning.Planning_RingScoping_Part2Feature.ScenarioCleanup()&#xD;
                    at
                    DashworksTestAutomationCore.Tests.EvergreenJnr.EvergreenJnr_Planning.Planning_RingScoping_Part2Feature.EvergreenJnr_Planning_CheckThatSoftwareCheckboxIsCheckedAndDisabled()
                    in
                    C:\automaster\_work\3\s\DashworksTestAutomationCore\Tests\EvergreenJnr\EvergreenJnr_Planning\Planning_RingScoping_Part2.feature:line
                    17&#xD;
                    at
                    TechTalk.SpecRun.Framework.TaskExecutors.StaticOrInstanceMethodExecutor.ExecuteInternal(ITestThreadExecutionContext
                    testThreadExecutionContext)&#xD;
                    at
                    TechTalk.SpecRun.Framework.TaskExecutors.StaticOrInstanceMethodExecutor.Execute(ITestThreadExecutionContext
                    testThreadExecutionContext)&#xD;
                    at TechTalk.SpecRun.Framework.TestNodeTask.Execute()
                </StdErr>
                <ErrorInfo>
                    <Message>'Evaluate Software' checkbox is not disabled&#xD;
                        Expected: False&#xD;
                        But was: True
                    </Message>
                    <StackTrace>System.Exception: 'Evaluate Software' checkbox is not
                        disabled&#xD;
                        Expected: False&#xD;
                        But was: True&#xD;
                        at AutomationUtils.Utils.Verify.That[TActual](TActual actual,
                        IResolveConstraint expression, String message, Object[] args)&#xD;
                        at AutomationUtils.Utils.Verify.IsFalse(Boolean condition,
                        String message, Object[] args)&#xD;
                        at
                        DashworksTestAutomationCore.Steps.Dashworks.Components.CheckboxSteps.ThenCheckboxIsDisabled(String
                        checkbox) in
                        C:\automaster\_work\3\s\DashworksTestAutomationCore\Steps\Dashworks\Components\CheckboxSteps.cs:line
                        85&#xD;
                        at
                        TechTalk.SpecFlow.Bindings.BindingInvoker.InvokeBinding(IBinding
                        binding, IContextManager contextManager, Object[] arguments,
                        ITestTracer testTracer, TimeSpan&amp; duration) in
                        D:\a\1\s\TechTalk.SpecFlow\Bindings\BindingInvoker.cs:line 88&#xD;
                        at
                        TechTalk.SpecRun.SpecFlowPlugin.Runtime.RunnerTestExecutionEngine.ExecuteStepMatch(BindingMatch
                        match, Object[] arguments, TimeSpan&amp; duration)&#xD;
                        at
                        TechTalk.SpecFlow.Infrastructure.TestExecutionEngine.ExecuteStep(IContextManager
                        contextManager, StepInstance stepInstance) in
                        D:\a\1\s\TechTalk.SpecFlow\Infrastructure\TestExecutionEngine.cs:line
                        496&#xD;
                        at
                        TechTalk.SpecFlow.Infrastructure.TestExecutionEngine.OnAfterLastStep()
                        in
                        D:\a\1\s\TechTalk.SpecFlow\Infrastructure\TestExecutionEngine.cs:line
                        268&#xD;
                        at
                        TechTalk.SpecRun.SpecFlowPlugin.Runtime.RunnerTestExecutionEngine.OnAfterLastStep()&#xD;
                        at TechTalk.SpecFlow.TestRunner.CollectScenarioErrors() in
                        D:\a\1\s\TechTalk.SpecFlow\TestRunner.cs:line 60&#xD;
                        at
                        DashworksTestAutomationCore.Tests.EvergreenJnr.EvergreenJnr_Planning.Planning_RingScoping_Part2Feature.ScenarioCleanup()&#xD;
                        at
                        DashworksTestAutomationCore.Tests.EvergreenJnr.EvergreenJnr_Planning.Planning_RingScoping_Part2Feature.EvergreenJnr_Planning_CheckThatSoftwareCheckboxIsCheckedAndDisabled()
                        in
                        C:\automaster\_work\3\s\DashworksTestAutomationCore\Tests\EvergreenJnr\EvergreenJnr_Planning\Planning_RingScoping_Part2.feature:line
                        17&#xD;
                        at
                        TechTalk.SpecRun.Framework.TaskExecutors.StaticOrInstanceMethodExecutor.ExecuteInternal(ITestThreadExecutionContext
                        testThreadExecutionContext)&#xD;
                        at
                        TechTalk.SpecRun.Framework.TaskExecutors.StaticOrInstanceMethodExecutor.Execute(ITestThreadExecutionContext
                        testThreadExecutionContext)&#xD;
                        at TechTalk.SpecRun.Framework.TestNodeTask.Execute()
                    </StackTrace>
                </ErrorInfo>
            </Output>
        </UnitTestResult>
        <UnitTestResult executionId="24d0b5d0-7cd3-4242-83bd-bf39e55fec9c"
                        testId="dc35bdc2-739e-9b8d-a754-c8060663ba80"
                        testName="EvergreenJnr_Planning_CheckThatTooltipForStatisticsFiguresHasRightText"
                        computerName="automaster" duration="00:00:46.7678312"
                        startTime="2021-11-02T09:31:25.6623269+00:00"
                        endTime="2021-11-02T09:32:12.4301581+00:00"
                        testType="13cdc9d9-ddb5-4fa4-a97d-d965ccfc6d4b" outcome="Passed"
                        testListId="8c84fa94-04c1-424b-9868-57a2d4851a1d"
                        relativeResultsDirectory="24d0b5d0-7cd3-4242-83bd-bf39e55fec9c">
            <Output>
                <StdOut>-&gt; 11/2/2021 9:31:25 AM - INFO - TEST STARTED:
                    EvergreenJnr_Planning_CheckThatTooltipForStatisticsFiguresHasRightText&#xD;
                    &#xD;
                    Given User is logged in to the Evergreen&#xD;
                    -&gt; Navigating to the https://automaster.internal.juriba.com/&#xD;
                    -&gt; Navigating to the
                    https://automaster.internal.juriba.com/evergreen/&#xD;
                    -&gt; done: EvergreenJnr_Login.GivenUserIsLoggedInToTheEvergreen()
                    (2.3s)&#xD;
                    &#xD;
                    When User clicks 'Planning' on the left-hand menu&#xD;
                    -&gt; done:
                    EvergreenJnr_LeftHandMenuNavigation.WhenUserClicksOnTheLeft_HandMenu("Planning")
                    (2.3s)&#xD;
                    &#xD;
                    When User enters 'Ring Scoping Project' text in the Search field for
                    'Project' column&#xD;
                    -&gt; done:
                    EvergreenJnr_BaseGrid.WhenUserEntersTextInTheSearchFieldForColumn("Ring
                    Scoping Project", "Project") (5.1s)&#xD;
                    &#xD;
                    When User clicks on 'Ring Scoping Project' cell from 'Project'
                    column&#xD;
                    -&gt; done:
                    EvergreenJnr_BaseGrid.WhenUserClicksOnCellFromColumn("Ring Scoping
                    Project", "Project") (7.1s)&#xD;
                    &#xD;
                    When User clicks 'Recalculate Statistics' button&#xD;
                    -&gt; done: ButtonSteps.WhenUserClicksButton("Recalculate Stati...")
                    (0.1s)&#xD;
                    &#xD;
                    Then table is displayed&#xD;
                    -&gt; done: EvergreenJnr_BaseTable.ThenTableIsDisplayed() (1.5s)&#xD;
                    &#xD;
                    When User clicks 'Recalculate' button on popup&#xD;
                    -&gt; done: ButtonSteps.WhenUserClicksButtonOnPopup("Recalculate")
                    (0.2s)&#xD;
                    &#xD;
                    Then 'Recalculation of statistics has started' text is displayed on
                    inline info banner&#xD;
                    -&gt; done:
                    EvergreenJnr_BaseInlineTipBannerElement.ThenTextIsDisplayedOnInlineInfoBanner("Recalculation
                    of ...") (1.6s)&#xD;
                    &#xD;
                    Then 'Recalculation of statistics is complete' text is displayed on
                    inline success banner&#xD;
                    -&gt; done:
                    EvergreenJnr_BaseInlineTipBannerElement.ThenTextIsDisplayedOnInlineSuccessBanner("Recalculation
                    of ...") (10.9s)&#xD;
                    &#xD;
                    Then 'This shows the number of devices in each ring' info message is
                    displayed in 'info-question-icon' mat icon with 'Devices by Ring' id&#xD;
                    -&gt; done:
                    IconWithClassSteps.ThenInfoMessageIsDisplayedInMatIconWithId("This
                    shows the nu...", "info-question-icon", "Devices by Ring") (1.2s)&#xD;
                    &#xD;
                    Then 'This shows the number of devices in each ring and all rings
                    before it, representing how many devices will be covered in total by
                    the time each ring is completed' info message is displayed in
                    'info-question-icon' mat icon with 'Cumulative Device Count' id&#xD;
                    -&gt; done:
                    IconWithClassSteps.ThenInfoMessageIsDisplayedInMatIconWithId("This
                    shows the nu...", "info-question-icon", "Cumulative Device...")
                    (1.0s)&#xD;
                    &#xD;
                    Then 'This shows the number of apps that are associated to at least
                    the minimum number of devices per app in a single ring' info message
                    is displayed in 'info-question-icon' mat icon with 'Apps by Ring' id&#xD;
                    -&gt; done:
                    IconWithClassSteps.ThenInfoMessageIsDisplayedInMatIconWithId("This
                    shows the nu...", "info-question-icon", "Apps by Ring") (1.0s)&#xD;
                    &#xD;
                    Then 'This shows the number of apps that are associated to the
                    minimum number of devices either in this ring or a ring before it,
                    representing how many apps will be covered in total by the time each
                    ring is completed' info message is displayed in 'info-question-icon'
                    mat icon with 'Cumulative App Count' id&#xD;
                    -&gt; done:
                    IconWithClassSteps.ThenInfoMessageIsDisplayedInMatIconWithId("This
                    shows the nu...", "info-question-icon", "Cumulative App Count")
                    (1.0s)&#xD;
                    &#xD;
                    &#xD;
                    -&gt; Test status is 'Passed'&#xD;
                    -&gt; TEST STATUS WAS POSTED:
                    EvergreenJnr_Planning_CheckThatTooltipForStatisticsFiguresHasRightText&#xD;
                    -&gt; Test finished on:
                    https://automaster.internal.juriba.com/evergreen/#/planning/ringscoping/statistics?$projectId=112&#xD;
                    -&gt; 11/2/2021 9:32:12 AM - INFO - TEST FINISHED:
                    EvergreenJnr_Planning_CheckThatTooltipForStatisticsFiguresHasRightText
                </StdOut>
            </Output>
        </UnitTestResult>
        <UnitTestResult executionId="f1ff806b-5c25-4022-b989-a6b6f9bda89e"
                        testId="3462d949-dc0d-f542-c43c-40bb690b0230"
                        testName="EvergreenJnr_Planning_CheckThatShowChartsToggleIsTurningOnAfterChangeProjectOnStatisticPageOnRingScoping"
                        computerName="automaster" duration="00:00:28.8895625"
                        startTime="2021-11-02T09:31:27.7296510+00:00"
                        endTime="2021-11-02T09:31:56.6192135+00:00"
                        testType="13cdc9d9-ddb5-4fa4-a97d-d965ccfc6d4b" outcome="Passed"
                        testListId="8c84fa94-04c1-424b-9868-57a2d4851a1d"
                        relativeResultsDirectory="f1ff806b-5c25-4022-b989-a6b6f9bda89e">
            <Output>
                <StdOut>-&gt; 11/2/2021 9:31:27 AM - INFO - TEST STARTED:
                    EvergreenJnr_Planning_CheckThatShowChartsToggleIsTurningOnAfterChangeProjectOnStatisticPageOnRingScoping&#xD;
                    &#xD;
                    Given User is logged in to the Evergreen&#xD;
                    -&gt; Navigating to the https://automaster.internal.juriba.com/&#xD;
                    -&gt; Navigating to the
                    https://automaster.internal.juriba.com/evergreen/&#xD;
                    -&gt; done: EvergreenJnr_Login.GivenUserIsLoggedInToTheEvergreen()
                    (3.1s)&#xD;
                    &#xD;
                    When User clicks 'Planning' on the left-hand menu&#xD;
                    -&gt; done:
                    EvergreenJnr_LeftHandMenuNavigation.WhenUserClicksOnTheLeft_HandMenu("Planning")
                    (2.2s)&#xD;
                    &#xD;
                    When User enters 'Ring Scoping Project' text in the Search field for
                    'Project' column&#xD;
                    -&gt; done:
                    EvergreenJnr_BaseGrid.WhenUserEntersTextInTheSearchFieldForColumn("Ring
                    Scoping Project", "Project") (3.6s)&#xD;
                    &#xD;
                    When User clicks on 'Ring Scoping Project' cell from 'Project'
                    column&#xD;
                    -&gt; done:
                    EvergreenJnr_BaseGrid.WhenUserClicksOnCellFromColumn("Ring Scoping
                    Project", "Project") (7.1s)&#xD;
                    &#xD;
                    When User unchecks 'Show charts' slide toggle&#xD;
                    -&gt; done: SlideToggleSteps.WhenUserUnchecksSlideToggle("Show
                    charts") (0.1s)&#xD;
                    &#xD;
                    When User selects 'Win 11 Rollout' in the 'Project Selector'
                    dropdown&#xD;
                    -&gt; done: DropdownSteps.WhenUserSelectsInTheDropdown("Win 11
                    Rollout", "Project Selector") (1.7s)&#xD;
                    &#xD;
                    Then 'Show charts' slide toggle is checked&#xD;
                    -&gt; done: SlideToggleSteps.ThenSlideToggleIsChecked("Show charts")
                    (0.0s)&#xD;
                    &#xD;
                    &#xD;
                    -&gt; Test status is 'Passed'&#xD;
                    -&gt; TEST STATUS WAS POSTED:
                    EvergreenJnr_Planning_CheckThatShowChartsToggleIsTurningOnAfterChangeProjectOnStatisticPageOnRingScoping&#xD;
                    -&gt; Test finished on:
                    https://automaster.internal.juriba.com/evergreen/#/planning/ringscoping/statistics?$projectId=63&#xD;
                    -&gt; 11/2/2021 9:31:53 AM - ERROR - Error during Custom list
                    deleting: System.Exception: Database query returns zero results&#xD;
                    -&gt; at
                    DashworksTestAutomation.Helpers.DatabaseHelper.ExecuteReader(String
                    query, Int32 columnIndex) in
                    C:\automaster\_work\3\s\DashworksTestAutomationCore\Helpers\DatabaseHelper.cs:line
                    59&#xD;
                    -&gt; at
                    DashworksTestAutomation.Steps.Dashworks.CustomList.AfterScenario.RemoveCustomListMethods.RemoveUserLists()
                    in
                    C:\automaster\_work\3\s\DashworksTestAutomationCore\Steps\Dashworks\CustomList\AfterScenario\RemoveCustomListMethods.cs:line
                    33&#xD;
                    -&gt; 11/2/2021 9:31:53 AM - ERROR - Error during Custom list
                    deleting: System.Exception: Database query returns zero results&#xD;
                    -&gt; at
                    DashworksTestAutomation.Helpers.DatabaseHelper.ExecuteReader(String
                    query, Int32 columnIndex) in
                    C:\automaster\_work\3\s\DashworksTestAutomationCore\Helpers\DatabaseHelper.cs:line
                    59&#xD;
                    -&gt; at
                    DashworksTestAutomation.Steps.Dashworks.CustomList.AfterScenario.RemoveCustomListMethods.RemoveUserLists()
                    in
                    C:\automaster\_work\3\s\DashworksTestAutomationCore\Steps\Dashworks\CustomList\AfterScenario\RemoveCustomListMethods.cs:line
                    33&#xD;
                    -&gt; 11/2/2021 9:31:56 AM - INFO - TEST FINISHED:
                    EvergreenJnr_Planning_CheckThatShowChartsToggleIsTurningOnAfterChangeProjectOnStatisticPageOnRingScoping
                </StdOut>
            </Output>
        </UnitTestResult>
        <UnitTestResult executionId="ea197742-079b-4049-8ef9-59ae78840f90"
                        testId="fc964c92-7eab-0e2b-0b66-82a9e2dd3e76"
                        testName="EvergreenJnr_Planning_CheckThatPreviewStatisticsIsDisplayedAndWarningModalWindowIsDisplayedAfterLeavingPreviewStatisticsPage"
                        computerName="automaster" duration="00:02:04.7129804"
                        startTime="2021-11-02T09:33:15.8390625+00:00"
                        endTime="2021-11-02T09:35:20.5520429+00:00"
                        testType="13cdc9d9-ddb5-4fa4-a97d-d965ccfc6d4b" outcome="Passed"
                        testListId="8c84fa94-04c1-424b-9868-57a2d4851a1d"
                        relativeResultsDirectory="ea197742-079b-4049-8ef9-59ae78840f90">
            <Output>
                <StdOut>-&gt; 11/2/2021 9:33:15 AM - INFO - TEST STARTED:
                    EvergreenJnr_Planning_CheckThatPreviewStatisticsIsDisplayedAndWarningModalWindowIsDisplayedAfterLeavingPreviewStatisticsPage&#xD;
                    &#xD;
                    Given User is logged in to the Evergreen&#xD;
                    -&gt; Navigating to the https://automaster.internal.juriba.com/&#xD;
                    -&gt; Navigating to the
                    https://automaster.internal.juriba.com/evergreen/&#xD;
                    -&gt; done: EvergreenJnr_Login.GivenUserIsLoggedInToTheEvergreen()
                    (2.5s)&#xD;
                    &#xD;
                    When Project created via API&#xD;
                    --- table step argument ---&#xD;
                    | ProjectName | Scope | ProjectTemplate | Mode |&#xD;
                    | 1_29021DAS_Project | All Devices | None | Standalone Project |&#xD;
                    -&gt; done: ProjectApiSteps.WhenUserCreateNewProjectViaApi(&lt;table&gt;)
                    (0.2s)&#xD;
                    &#xD;
                    When User creates new Ring via api&#xD;
                    --- table step argument ---&#xD;
                    | Name | Description | IsDefault | Project |&#xD;
                    | 1_29021DAS_Ring | 1_29021DAS_Desc | false | 1_29021DAS_Project |&#xD;
                    | 2_29021DAS_Ring | 2_29021DAS_Desc | false | 1_29021DAS_Project |&#xD;
                    -&gt; done: CreateRingViaApi.WhenUserCreatesNewRingViaApi(&lt;table&gt;)
                    (0.9s)&#xD;
                    &#xD;
                    When User onboards objects to '1_29021DAS_Project' project&#xD;
                    --- table step argument ---&#xD;
                    | DeviceObjects |&#xD;
                    | 00K4CEEQ737BA4L |&#xD;
                    | 011PLA470S0B9DJ |&#xD;
                    -&gt; done:
                    OnboardObjects.WhenUserOnboardsObjectsToTheProject("1_29021DAS_Project",
                    &lt;table&gt;) (83.1s)&#xD;
                    &#xD;
                    When User clicks 'Planning' on the left-hand menu&#xD;
                    -&gt; done:
                    EvergreenJnr_LeftHandMenuNavigation.WhenUserClicksOnTheLeft_HandMenu("Planning")
                    (1.9s)&#xD;
                    &#xD;
                    When User enters '1_29021DAS_Project' text in the Search field for
                    'Project' column&#xD;
                    -&gt; done:
                    EvergreenJnr_BaseGrid.WhenUserEntersTextInTheSearchFieldForColumn("1_29021DAS_Project",
                    "Project") (4.2s)&#xD;
                    &#xD;
                    When User clicks on '1_29021DAS_Project' cell from 'Project' column&#xD;
                    -&gt; done:
                    EvergreenJnr_BaseGrid.WhenUserClicksOnCellFromColumn("1_29021DAS_Project",
                    "Project") (7.3s)&#xD;
                    &#xD;
                    When User navigates to the 'Scoping Parameters' left submenu item&#xD;
                    -&gt; done:
                    EvergreenJnr_LeftMenuNavigation.WhenUserNavigatesToTheParentLeftSubmenuItem("Scoping
                    Parameters") (1.6s)&#xD;
                    &#xD;
                    When User sets value to '1' for 'Minimum Number of Devices' column
                    and '1_29021DAS_Ring' row in 'Minimum and Maximum Number of Devices'
                    table&#xD;
                    -&gt; done:
                    EvergreenJnr_BaseTable.WhenUserSetValueToForColumnAndRowInTable("1",
                    "Minimum Number of...", "1_29021DAS_Ring", "Minimum and Maxim...")
                    (3.0s)&#xD;
                    &#xD;
                    When User sets value to '1' for 'Minimum Number of Devices' column
                    and '2_29021DAS_Ring' row in 'Minimum and Maximum Number of Devices'
                    table&#xD;
                    -&gt; done:
                    EvergreenJnr_BaseTable.WhenUserSetValueToForColumnAndRowInTable("1",
                    "Minimum Number of...", "2_29021DAS_Ring", "Minimum and Maxim...")
                    (1.8s)&#xD;
                    &#xD;
                    When User clicks 'Update And Redistribute' button&#xD;
                    -&gt; done: ButtonSteps.WhenUserClicksButton("Update And Redist...")
                    (0.2s)&#xD;
                    &#xD;
                    When User clicks 'Preview Statistics' button&#xD;
                    -&gt; done: ButtonSteps.WhenUserClicksButton("Preview Statistics")
                    (0.7s)&#xD;
                    &#xD;
                    Then There are no errors in the browser console&#xD;
                    -&gt; done: BaseActions.ThenThereAreNoErrorsInTheBrowserConsole()
                    (1.5s)&#xD;
                    &#xD;
                    Then Chart with name 'Devices by Ring' is displayed&#xD;
                    -&gt; done:
                    EvergreenJnr_RingScopingPage.ThenChartWithNameIsDisplayed("Devices
                    by Ring") (1.5s)&#xD;
                    &#xD;
                    Then 'Commit Changes' button is displayed&#xD;
                    -&gt; done: ButtonSteps.ThenButtonIsDisplayed("Commit Changes")
                    (0.1s)&#xD;
                    &#xD;
                    Then 'Back' button is displayed&#xD;
                    -&gt; done: ButtonSteps.ThenButtonIsDisplayed("Back") (0.1s)&#xD;
                    &#xD;
                    Then table is displayed&#xD;
                    -&gt; done: EvergreenJnr_BaseTable.ThenTableIsDisplayed() (1.5s)&#xD;
                    &#xD;
                    When User clicks 'Dashboards' on the left-hand menu&#xD;
                    -&gt; done:
                    EvergreenJnr_LeftHandMenuNavigation.WhenUserClicksOnTheLeft_HandMenu("Dashboards")
                    (1.6s)&#xD;
                    &#xD;
                    Then popup with 'Warning' title is displayed&#xD;
                    -&gt; done:
                    EvergreenJnr_BaseDialog.ThenPopupWithTitleIsDisplayed("Warning")
                    (1.5s)&#xD;
                    &#xD;
                    Then 'Are you sure you want to cancel the current processing?' text
                    is displayed on popup&#xD;
                    -&gt; done: EvergreenJnr_BaseDialog.ThenTextIsDisplayedOnPopup("Are
                    you sure you ...") (1.5s)&#xD;
                    &#xD;
                    Then 'Cancel' button is displayed on popup&#xD;
                    -&gt; done: ButtonSteps.ThenButtonIsDisplayedOnPopup("Cancel")
                    (0.1s)&#xD;
                    &#xD;
                    Then 'Continue' button is displayed on popup&#xD;
                    -&gt; done: ButtonSteps.ThenButtonIsDisplayedOnPopup("Continue")
                    (0.1s)&#xD;
                    &#xD;
                    &#xD;
                    -&gt; Test status is 'Passed'&#xD;
                    -&gt; TEST STATUS WAS POSTED:
                    EvergreenJnr_Planning_CheckThatPreviewStatisticsIsDisplayedAndWarningModalWindowIsDisplayedAfterLeavingPreviewStatisticsPage&#xD;
                    -&gt; Test finished on:
                    https://automaster.internal.juriba.com/evergreen/#/planning/ringscoping/scopingParameters?$projectId=153&#xD;
                    -&gt; 11/2/2021 9:35:16 AM - ERROR - Error during Custom list
                    deleting: System.Exception: Database query returns zero results&#xD;
                    -&gt; at
                    DashworksTestAutomation.Helpers.DatabaseHelper.ExecuteReader(String
                    query, Int32 columnIndex) in
                    C:\automaster\_work\3\s\DashworksTestAutomationCore\Helpers\DatabaseHelper.cs:line
                    59&#xD;
                    -&gt; at
                    DashworksTestAutomation.Steps.Dashworks.CustomList.AfterScenario.RemoveCustomListMethods.RemoveUserLists()
                    in
                    C:\automaster\_work\3\s\DashworksTestAutomationCore\Steps\Dashworks\CustomList\AfterScenario\RemoveCustomListMethods.cs:line
                    33&#xD;
                    -&gt; 11/2/2021 9:35:16 AM - ERROR - Error during Custom list
                    deleting: System.Exception: Database query returns zero results&#xD;
                    -&gt; at
                    DashworksTestAutomation.Helpers.DatabaseHelper.ExecuteReader(String
                    query, Int32 columnIndex) in
                    C:\automaster\_work\3\s\DashworksTestAutomationCore\Helpers\DatabaseHelper.cs:line
                    59&#xD;
                    -&gt; at
                    DashworksTestAutomation.Steps.Dashworks.CustomList.AfterScenario.RemoveCustomListMethods.RemoveUserLists()
                    in
                    C:\automaster\_work\3\s\DashworksTestAutomationCore\Steps\Dashworks\CustomList\AfterScenario\RemoveCustomListMethods.cs:line
                    33&#xD;
                    -&gt; 11/2/2021 9:35:17 AM - INFO - The '1_29021DAS_Project' project
                    with '153' id has been deleted&#xD;
                    -&gt; 11/2/2021 9:35:20 AM - INFO - TEST FINISHED:
                    EvergreenJnr_Planning_CheckThatPreviewStatisticsIsDisplayedAndWarningModalWindowIsDisplayedAfterLeavingPreviewStatisticsPage
                </StdOut>
            </Output>
        </UnitTestResult>
        <UnitTestResult executionId="e46930d4-73b2-4a22-84ba-22f5bf8d0186"
                        testId="9bba5330-bb9c-c183-cfb2-41c2539923b3"
                        testName="EvergreenJnr_Planning_CheckThatValidationMessagesAreDisappearAfterClickClearAllButtonOnScopingParametersPageFromRingScoping"
                        computerName="automaster" duration="00:01:45.0673167"
                        startTime="2021-11-02T09:37:14.0383871+00:00"
                        endTime="2021-11-02T09:38:59.1057038+00:00"
                        testType="13cdc9d9-ddb5-4fa4-a97d-d965ccfc6d4b" outcome="Failed"
                        testListId="8c84fa94-04c1-424b-9868-57a2d4851a1d"
                        relativeResultsDirectory="e46930d4-73b2-4a22-84ba-22f5bf8d0186">
            <Output>
                <StdOut>-&gt; 11/2/2021 9:37:14 AM - INFO - TEST STARTED:
                    EvergreenJnr_Planning_CheckThatValidationMessagesAreDisappearAfterClickClearAllButtonOnScopingParametersPageFromRingScoping&#xD;
                    &#xD;
                    Given User is logged in to the Evergreen&#xD;
                    -&gt; Navigating to the https://automaster.internal.juriba.com/&#xD;
                    -&gt; Navigating to the
                    https://automaster.internal.juriba.com/evergreen/&#xD;
                    -&gt; done: EvergreenJnr_Login.GivenUserIsLoggedInToTheEvergreen()
                    (2.4s)&#xD;
                    &#xD;
                    When Project created via API&#xD;
                    --- table step argument ---&#xD;
                    | ProjectName | Scope | ProjectTemplate | Mode |&#xD;
                    | 1_26707DAS_Project | All Devices | None | Standalone Project |&#xD;
                    -&gt; done: ProjectApiSteps.WhenUserCreateNewProjectViaApi(&lt;table&gt;)
                    (0.1s)&#xD;
                    &#xD;
                    When User creates new Ring via api&#xD;
                    --- table step argument ---&#xD;
                    | Name | Description | IsDefault | Project |&#xD;
                    | 1_26707DAS_Ring | 1_25723DAS_Desc | FALSE | 1_26707DAS_Project |&#xD;
                    | 2_26707DAS_Ring | 2_25723DAS_Desc | FALSE | 1_26707DAS_Project |&#xD;
                    | 3_26707DAS_Ring | 2_25723DAS_Desc | FALSE | 1_26707DAS_Project |&#xD;
                    -&gt; done: CreateRingViaApi.WhenUserCreatesNewRingViaApi(&lt;table&gt;)
                    (2.2s)&#xD;
                    &#xD;
                    When User onboards objects to '1_26707DAS_Project' project&#xD;
                    --- table step argument ---&#xD;
                    | DeviceObjects |&#xD;
                    | SLVJ4Z7INDJRHX |&#xD;
                    | SOJ08A0E97EEQP |&#xD;
                    | SQ8FCORFPJ0W0V |&#xD;
                    | SQ8SCSPDCV985T |&#xD;
                    | SR4S6PNXTDOBE5 |&#xD;
                    -&gt; done:
                    OnboardObjects.WhenUserOnboardsObjectsToTheProject("1_26707DAS_Project",
                    &lt;table&gt;) (74.0s)&#xD;
                    &#xD;
                    When User navigates to 'Scoping Parameters' page of
                    '1_26707DAS_Project' Ring scoping project&#xD;
                    -&gt; done:
                    EvergreenJnr_RingScopingPage.WhenUserNavigatesToPageOfRingScopingProject("Scoping
                    Parameters", "1_26707DAS_Project") (3.5s)&#xD;
                    &#xD;
                    When User clicks 'Clear All' button&#xD;
                    -&gt; done: ButtonSteps.WhenUserClicksButton("Clear All") (0.1s)&#xD;
                    &#xD;
                    When User sets value to '1' for 'Maximum Number of Devices' column
                    and 'Unassigned' row in 'Minimum and Maximum Number of Devices'
                    table&#xD;
                    -&gt; done:
                    EvergreenJnr_BaseTable.WhenUserSetValueToForColumnAndRowInTable("1",
                    "Maximum Number of...", "Unassigned", "Minimum and Maxim...") (1.8s)&#xD;
                    &#xD;
                    When User sets value to '1' for 'Maximum Number of Devices' column
                    and '1_26707DAS_Ring' row in 'Minimum and Maximum Number of Devices'
                    table&#xD;
                    -&gt; done:
                    EvergreenJnr_BaseTable.WhenUserSetValueToForColumnAndRowInTable("1",
                    "Maximum Number of...", "1_26707DAS_Ring", "Minimum and Maxim...")
                    (1.9s)&#xD;
                    &#xD;
                    When User sets value to '1' for 'Maximum Number of Devices' column
                    and '2_26707DAS_Ring' row in 'Minimum and Maximum Number of Devices'
                    table&#xD;
                    -&gt; done:
                    EvergreenJnr_BaseTable.WhenUserSetValueToForColumnAndRowInTable("1",
                    "Maximum Number of...", "2_26707DAS_Ring", "Minimum and Maxim...")
                    (1.7s)&#xD;
                    &#xD;
                    When User sets value to '1' for 'Maximum Number of Devices' column
                    and '3_26707DAS_Ring' row in 'Minimum and Maximum Number of Devices'
                    table&#xD;
                    -&gt; done:
                    EvergreenJnr_BaseTable.WhenUserSetValueToForColumnAndRowInTable("1",
                    "Maximum Number of...", "3_26707DAS_Ring", "Minimum and Maxim...")
                    (1.7s)&#xD;
                    &#xD;
                    When User clicks on 'No minimum' textbox&#xD;
                    -&gt; done: InputSteps.WhenUserClicksOnTextbox("No minimum") (0.1s)&#xD;
                    &#xD;
                    Then 'There are more devices onboarded than the total of the maximum
                    number of devices across all rings' message is displayed for
                    'Minimum and Maximum Number of Devices' table&#xD;
                    -&gt; done:
                    EvergreenJnr_BaseTable.ThenMessageIsDisplayedForTable("There are
                    more de...", "Minimum and Maxim...") (3.4s)&#xD;
                    &#xD;
                    When User sets value to '20' for 'Core' column and 'Unassigned' row
                    in 'Application Coverage Targets' table&#xD;
                    -&gt; error: There is no table with 'Application Coverage Targets'
                    title (1.6s)&#xD;
                    &#xD;
                    When User sets value to '10' for 'Core' column and '1_26707DAS_Ring'
                    row in 'Application Coverage Targets' table&#xD;
                    -&gt; skipped because of previous errors&#xD;
                    &#xD;
                    When User clicks on 'No minimum' textbox&#xD;
                    -&gt; skipped because of previous errors&#xD;
                    &#xD;
                    Then 'Coverage must increase or stay the same for subsequent rings'
                    message is displayed for 'Application Coverage Targets' table&#xD;
                    -&gt; skipped because of previous errors&#xD;
                    &#xD;
                    When User clicks 'Clear All' button&#xD;
                    -&gt; skipped because of previous errors&#xD;
                    &#xD;
                    Then message is not displayed for 'Minimum and Maximum Number of
                    Devices' table&#xD;
                    -&gt; skipped because of previous errors&#xD;
                    &#xD;
                    Then message is not displayed for 'Application Coverage Targets'
                    table&#xD;
                    -&gt; skipped because of previous errors&#xD;
                    &#xD;
                    &#xD;
                    -&gt; Test status is 'Failed'&#xD;
                    -&gt; Check screenshot by following path:
                    c:\Screenshots\EvergreenJnr_Planning_CheckThatValidationMessagesAreDisappearAfterClickClearAllButtonOnScopingParametersPageFromRingScoping_2021_11_02_09_38_54.png&#xD;
                    -&gt; TEST STATUS WAS POSTED:
                    EvergreenJnr_Planning_CheckThatValidationMessagesAreDisappearAfterClickClearAllButtonOnScopingParametersPageFromRingScoping&#xD;
                    -&gt; Test finished on:
                    https://automaster.internal.juriba.com/evergreen/#/planning/ringscoping/scopingParameters?$projectId=184&#xD;
                    -&gt; 11/2/2021 9:38:54 AM - ERROR - Error during Custom list
                    deleting: System.Exception: Database query returns zero results&#xD;
                    -&gt; at
                    DashworksTestAutomation.Helpers.DatabaseHelper.ExecuteReader(String
                    query, Int32 columnIndex) in
                    C:\automaster\_work\3\s\DashworksTestAutomationCore\Helpers\DatabaseHelper.cs:line
                    59&#xD;
                    -&gt; at
                    DashworksTestAutomation.Steps.Dashworks.CustomList.AfterScenario.RemoveCustomListMethods.RemoveUserLists()
                    in
                    C:\automaster\_work\3\s\DashworksTestAutomationCore\Steps\Dashworks\CustomList\AfterScenario\RemoveCustomListMethods.cs:line
                    33&#xD;
                    -&gt; 11/2/2021 9:38:54 AM - ERROR - Error during Custom list
                    deleting: System.Exception: Database query returns zero results&#xD;
                    -&gt; at
                    DashworksTestAutomation.Helpers.DatabaseHelper.ExecuteReader(String
                    query, Int32 columnIndex) in
                    C:\automaster\_work\3\s\DashworksTestAutomationCore\Helpers\DatabaseHelper.cs:line
                    59&#xD;
                    -&gt; at
                    DashworksTestAutomation.Steps.Dashworks.CustomList.AfterScenario.RemoveCustomListMethods.RemoveUserLists()
                    in
                    C:\automaster\_work\3\s\DashworksTestAutomationCore\Steps\Dashworks\CustomList\AfterScenario\RemoveCustomListMethods.cs:line
                    33&#xD;
                    -&gt; 11/2/2021 9:38:55 AM - INFO - The '1_26707DAS_Project' project
                    with '184' id has been deleted&#xD;
                    -&gt; 11/2/2021 9:38:59 AM - INFO - TEST FINISHED:
                    EvergreenJnr_Planning_CheckThatValidationMessagesAreDisappearAfterClickClearAllButtonOnScopingParametersPageFromRingScoping
                </StdOut>
                <StdErr>There is no table with 'Application Coverage Targets' title&#xD;
                    System.Exception: There is no table with 'Application Coverage
                    Targets' title&#xD;
                    at
                    DashworksTestAutomation.Pages.Evergreen.ItemDetails.BaseTable.GetTableByTitle(String
                    title) in
                    C:\automaster\_work\3\s\DashworksTestAutomationCore\Pages\Evergreen\ItemDetails\BaseTable.cs:line
                    273&#xD;
                    at
                    DashworksTestAutomation.Steps.Dashworks.ItemDetailsPage.EvergreenJnr_BaseTable.WhenUserSetValueToForColumnAndRowInTable(String
                    value, String headerName, String rowName, String title) in
                    C:\automaster\_work\3\s\DashworksTestAutomationCore\Steps\Dashworks\ItemDetailsPage\EvergreenJnr_BaseTable.cs:line
                    139&#xD;
                    at TechTalk.SpecFlow.Bindings.BindingInvoker.InvokeBinding(IBinding
                    binding, IContextManager contextManager, Object[] arguments,
                    ITestTracer testTracer, TimeSpan&amp; duration) in
                    D:\a\1\s\TechTalk.SpecFlow\Bindings\BindingInvoker.cs:line 88&#xD;
                    at
                    TechTalk.SpecRun.SpecFlowPlugin.Runtime.RunnerTestExecutionEngine.ExecuteStepMatch(BindingMatch
                    match, Object[] arguments, TimeSpan&amp; duration)&#xD;
                    at
                    TechTalk.SpecFlow.Infrastructure.TestExecutionEngine.ExecuteStep(IContextManager
                    contextManager, StepInstance stepInstance) in
                    D:\a\1\s\TechTalk.SpecFlow\Infrastructure\TestExecutionEngine.cs:line
                    496&#xD;
                    at
                    TechTalk.SpecFlow.Infrastructure.TestExecutionEngine.OnAfterLastStep()
                    in
                    D:\a\1\s\TechTalk.SpecFlow\Infrastructure\TestExecutionEngine.cs:line
                    268&#xD;
                    at
                    TechTalk.SpecRun.SpecFlowPlugin.Runtime.RunnerTestExecutionEngine.OnAfterLastStep()&#xD;
                    at TechTalk.SpecFlow.TestRunner.CollectScenarioErrors() in
                    D:\a\1\s\TechTalk.SpecFlow\TestRunner.cs:line 60&#xD;
                    at
                    DashworksTestAutomationCore.Tests.EvergreenJnr.EvergreenJnr_Planning.Planning_RingScoping_Part6Feature.ScenarioCleanup()&#xD;
                    at
                    DashworksTestAutomationCore.Tests.EvergreenJnr.EvergreenJnr_Planning.Planning_RingScoping_Part6Feature.EvergreenJnr_Planning_CheckThatValidationMessagesAreDisappearAfterClickClearAllButtonOnScopingParametersPageFromRingScoping()
                    in
                    C:\automaster\_work\3\s\DashworksTestAutomationCore\Tests\EvergreenJnr\EvergreenJnr_Planning\Planning_RingScoping_Part6.feature:line
                    38&#xD;
                    at
                    TechTalk.SpecRun.Framework.TaskExecutors.StaticOrInstanceMethodExecutor.ExecuteInternal(ITestThreadExecutionContext
                    testThreadExecutionContext)&#xD;
                    at
                    TechTalk.SpecRun.Framework.TaskExecutors.StaticOrInstanceMethodExecutor.Execute(ITestThreadExecutionContext
                    testThreadExecutionContext)&#xD;
                    at TechTalk.SpecRun.Framework.TestNodeTask.Execute()
                </StdErr>
                <ErrorInfo>
                    <Message>There is no table with 'Application Coverage Targets'
                        title
                    </Message>
                    <StackTrace>System.Exception: There is no table with 'Application
                        Coverage Targets' title&#xD;
                        at
                        DashworksTestAutomation.Pages.Evergreen.ItemDetails.BaseTable.GetTableByTitle(String
                        title) in
                        C:\automaster\_work\3\s\DashworksTestAutomationCore\Pages\Evergreen\ItemDetails\BaseTable.cs:line
                        273&#xD;
                        at
                        DashworksTestAutomation.Steps.Dashworks.ItemDetailsPage.EvergreenJnr_BaseTable.WhenUserSetValueToForColumnAndRowInTable(String
                        value, String headerName, String rowName, String title) in
                        C:\automaster\_work\3\s\DashworksTestAutomationCore\Steps\Dashworks\ItemDetailsPage\EvergreenJnr_BaseTable.cs:line
                        139&#xD;
                        at
                        TechTalk.SpecFlow.Bindings.BindingInvoker.InvokeBinding(IBinding
                        binding, IContextManager contextManager, Object[] arguments,
                        ITestTracer testTracer, TimeSpan&amp; duration) in
                        D:\a\1\s\TechTalk.SpecFlow\Bindings\BindingInvoker.cs:line 88&#xD;
                        at
                        TechTalk.SpecRun.SpecFlowPlugin.Runtime.RunnerTestExecutionEngine.ExecuteStepMatch(BindingMatch
                        match, Object[] arguments, TimeSpan&amp; duration)&#xD;
                        at
                        TechTalk.SpecFlow.Infrastructure.TestExecutionEngine.ExecuteStep(IContextManager
                        contextManager, StepInstance stepInstance) in
                        D:\a\1\s\TechTalk.SpecFlow\Infrastructure\TestExecutionEngine.cs:line
                        496&#xD;
                        at
                        TechTalk.SpecFlow.Infrastructure.TestExecutionEngine.OnAfterLastStep()
                        in
                        D:\a\1\s\TechTalk.SpecFlow\Infrastructure\TestExecutionEngine.cs:line
                        268&#xD;
                        at
                        TechTalk.SpecRun.SpecFlowPlugin.Runtime.RunnerTestExecutionEngine.OnAfterLastStep()&#xD;
                        at TechTalk.SpecFlow.TestRunner.CollectScenarioErrors() in
                        D:\a\1\s\TechTalk.SpecFlow\TestRunner.cs:line 60&#xD;
                        at
                        DashworksTestAutomationCore.Tests.EvergreenJnr.EvergreenJnr_Planning.Planning_RingScoping_Part6Feature.ScenarioCleanup()&#xD;
                        at
                        DashworksTestAutomationCore.Tests.EvergreenJnr.EvergreenJnr_Planning.Planning_RingScoping_Part6Feature.EvergreenJnr_Planning_CheckThatValidationMessagesAreDisappearAfterClickClearAllButtonOnScopingParametersPageFromRingScoping()
                        in
                        C:\automaster\_work\3\s\DashworksTestAutomationCore\Tests\EvergreenJnr\EvergreenJnr_Planning\Planning_RingScoping_Part6.feature:line
                        38&#xD;
                        at
                        TechTalk.SpecRun.Framework.TaskExecutors.StaticOrInstanceMethodExecutor.ExecuteInternal(ITestThreadExecutionContext
                        testThreadExecutionContext)&#xD;
                        at
                        TechTalk.SpecRun.Framework.TaskExecutors.StaticOrInstanceMethodExecutor.Execute(ITestThreadExecutionContext
                        testThreadExecutionContext)&#xD;
                        at TechTalk.SpecRun.Framework.TestNodeTask.Execute()
                    </StackTrace>
                </ErrorInfo>
            </Output>
        </UnitTestResult>
        <UnitTestResult executionId="c689854a-df77-47a1-8636-9aeb651dbb5e"
                        testId="0aa1c369-3cf3-ec4e-2d26-7dbb4280e760"
                        testName="EvergreenJnr_Planning_CheckThatDeviceCountValueRedirectsToListWithDevicesOnStatisticPageOnRingScoping"
                        computerName="automaster" duration="00:02:17.4304548"
                        startTime="2021-11-02T09:30:28.8417330+00:00"
                        endTime="2021-11-02T09:32:46.2721878+00:00"
                        testType="13cdc9d9-ddb5-4fa4-a97d-d965ccfc6d4b" outcome="Passed"
                        testListId="8c84fa94-04c1-424b-9868-57a2d4851a1d"
                        relativeResultsDirectory="c689854a-df77-47a1-8636-9aeb651dbb5e">
            <Output>
                <StdOut>-&gt; -&gt; Loading plugin
                    C:\automaster\_work\3\s\DashworksTestAutomationCore\bin\Debug\netcoreapp3.1\DashworksTestAutomationCore.dll&#xD;
                    -&gt; -&gt; Missing [assembly:RuntimePlugin] attribute in
                    DashworksTestAutomationCore, Version=1.0.0.0, Culture=neutral,
                    PublicKeyToken=null. Please check
                    https://go.specflow.org/doc-plugins for details.&#xD;
                    -&gt; -&gt; Loading plugin
                    C:\automaster\_work\3\s\DashworksTestAutomationCore\bin\Debug\netcoreapp3.1\SpecRun.Runtime.SpecFlowPlugin.dll&#xD;
                    -&gt; -&gt; Using default config&#xD;
                    &#xD;
                    &#xD;
                    -&gt; 11/2/2021 9:30:29 AM - INFO - TEST STARTED:
                    EvergreenJnr_Planning_CheckThatDeviceCountValueRedirectsToListWithDevicesOnStatisticPageOnRingScoping&#xD;
                    &#xD;
                    Given User is logged in to the Evergreen&#xD;
                    -&gt; 11/2/2021 9:30:42 AM - INFO - Graph Client provide switched to
                    '01HV72ABXDFGMZR3LO5RB3ZCZZG3PT4XM5'&#xD;
                    -&gt; Navigating to the https://automaster.internal.juriba.com/&#xD;
                    -&gt; Navigating to the
                    https://automaster.internal.juriba.com/evergreen/&#xD;
                    -&gt; done: EvergreenJnr_Login.GivenUserIsLoggedInToTheEvergreen()
                    (7.8s)&#xD;
                    &#xD;
                    When Project created via API&#xD;
                    --- table step argument ---&#xD;
                    | ProjectName | Scope | ProjectTemplate | Mode |&#xD;
                    | 1_23726DAS_Project | All Devices | None | Standalone Project |&#xD;
                    -&gt; done: ProjectApiSteps.WhenUserCreateNewProjectViaApi(&lt;table&gt;)
                    (3.7s)&#xD;
                    &#xD;
                    When User creates new Ring via api&#xD;
                    --- table step argument ---&#xD;
                    | Name | Description | IsDefault | Project |&#xD;
                    | 1_23726DAS_Ring | 1_23726DAS_Desc | false | 1_23726DAS_Project |&#xD;
                    -&gt; done: CreateRingViaApi.WhenUserCreatesNewRingViaApi(&lt;table&gt;)
                    (3.1s)&#xD;
                    &#xD;
                    When User onboards objects to '1_23726DAS_Project' project&#xD;
                    --- table step argument ---&#xD;
                    | DeviceObjects |&#xD;
                    | 00BDM1JUR8IF419 |&#xD;
                    | 00K4CEEQ737BA4L |&#xD;
                    | 011PLA470S0B9DJ |&#xD;
                    -&gt; done:
                    OnboardObjects.WhenUserOnboardsObjectsToTheProject("1_23726DAS_Project",
                    &lt;table&gt;) (69.2s)&#xD;
                    &#xD;
                    When User clicks 'Planning' on the left-hand menu&#xD;
                    -&gt; done:
                    EvergreenJnr_LeftHandMenuNavigation.WhenUserClicksOnTheLeft_HandMenu("Planning")
                    (1.7s)&#xD;
                    &#xD;
                    When User enters '1_23726DAS_Project' text in the Search field for
                    'Project' column&#xD;
                    -&gt; done:
                    EvergreenJnr_BaseGrid.WhenUserEntersTextInTheSearchFieldForColumn("1_23726DAS_Project",
                    "Project") (6.7s)&#xD;
                    &#xD;
                    When User clicks on '1_23726DAS_Project' cell from 'Project' column&#xD;
                    -&gt; done:
                    EvergreenJnr_BaseGrid.WhenUserClicksOnCellFromColumn("1_23726DAS_Project",
                    "Project") (7.2s)&#xD;
                    &#xD;
                    When User clicks 'Generate Statistics' button&#xD;
                    -&gt; done: ButtonSteps.WhenUserClicksButton("Generate Statistics")
                    (0.2s)&#xD;
                    &#xD;
                    When User remembers value in 'Total' column and 'Cumulative Device
                    Count' row in static table&#xD;
                    -&gt; done:
                    EvergreenJnr_BaseTable.WhenUserRemembersValueInColumnAndRowInStaticTable("Total",
                    "Cumulative Device...") (11.7s)&#xD;
                    &#xD;
                    When User clicks on linked value in 'Total' column and 'Cumulative
                    Device Count' row in static table&#xD;
                    -&gt; done:
                    EvergreenJnr_BaseTable.ThenUserClicksOnLinkedValueInColumnAndRowInStaticTable("Total",
                    "Cumulative Device...") (1.7s)&#xD;
                    &#xD;
                    Then grid content is present&#xD;
                    -&gt; done: EvergreenJnr_BaseGrid.ThenGridContentIsPresent() (5.1s)&#xD;
                    &#xD;
                    Then Rows counter number is equal to value that was remembered in
                    static table&#xD;
                    -&gt; done:
                    EvergreenJnr_BaseTable.ThenCounterNumberIsEqualsToValueThatWasRememberedInStaticTable()
                    (1.5s)&#xD;
                    &#xD;
                    &#xD;
                    -&gt; Test status is 'Passed'&#xD;
                    -&gt; TEST STATUS WAS POSTED:
                    EvergreenJnr_Planning_CheckThatDeviceCountValueRedirectsToListWithDevicesOnStatisticPageOnRingScoping&#xD;
                    -&gt; Test finished on:
                    https://automaster.internal.juriba.com/evergreen/#/devices?$filter=(project_122_ringId%20EQUALS%20('231'))&amp;$select=hostname,chassisCategory,oSCategory,ownerDisplayName,project_122_ring&amp;$archiveditems=true&#xD;
                    -&gt; 11/2/2021 9:32:42 AM - ERROR - Error during Custom list
                    deleting: System.Exception: Database query returns zero results&#xD;
                    -&gt; at
                    DashworksTestAutomation.Helpers.DatabaseHelper.ExecuteReader(String
                    query, Int32 columnIndex) in
                    C:\automaster\_work\3\s\DashworksTestAutomationCore\Helpers\DatabaseHelper.cs:line
                    59&#xD;
                    -&gt; at
                    DashworksTestAutomation.Steps.Dashworks.CustomList.AfterScenario.RemoveCustomListMethods.RemoveUserLists()
                    in
                    C:\automaster\_work\3\s\DashworksTestAutomationCore\Steps\Dashworks\CustomList\AfterScenario\RemoveCustomListMethods.cs:line
                    33&#xD;
                    -&gt; 11/2/2021 9:32:42 AM - ERROR - Error during Custom list
                    deleting: System.Exception: Database query returns zero results&#xD;
                    -&gt; at
                    DashworksTestAutomation.Helpers.DatabaseHelper.ExecuteReader(String
                    query, Int32 columnIndex) in
                    C:\automaster\_work\3\s\DashworksTestAutomationCore\Helpers\DatabaseHelper.cs:line
                    59&#xD;
                    -&gt; at
                    DashworksTestAutomation.Steps.Dashworks.CustomList.AfterScenario.RemoveCustomListMethods.RemoveUserLists()
                    in
                    C:\automaster\_work\3\s\DashworksTestAutomationCore\Steps\Dashworks\CustomList\AfterScenario\RemoveCustomListMethods.cs:line
                    33&#xD;
                    -&gt; 11/2/2021 9:32:42 AM - INFO - The '1_23726DAS_Project' project
                    with '122' id has been deleted&#xD;
                    -&gt; 11/2/2021 9:32:46 AM - INFO - TEST FINISHED:
                    EvergreenJnr_Planning_CheckThatDeviceCountValueRedirectsToListWithDevicesOnStatisticPageOnRingScoping
                </StdOut>
            </Output>
        </UnitTestResult>
        <UnitTestResult executionId="106cb6ba-70d5-4be6-910d-7558799fa1a2"
                        testId="e1cfcb42-2fa9-a2b5-57b6-88b4b05d354f"
                        testName="EvergreenJnr_Planning_CheckThatChartsHaveRightClickthroughs"
                        computerName="automaster" duration="00:01:35.0835117"
                        startTime="2021-11-02T09:30:28.7588229+00:00"
                        endTime="2021-11-02T09:32:03.8423346+00:00"
                        testType="13cdc9d9-ddb5-4fa4-a97d-d965ccfc6d4b" outcome="Passed"
                        testListId="8c84fa94-04c1-424b-9868-57a2d4851a1d"
                        relativeResultsDirectory="106cb6ba-70d5-4be6-910d-7558799fa1a2">
            <Output>
                <StdOut>-&gt; -&gt; Loading plugin
                    C:\automaster\_work\3\s\DashworksTestAutomationCore\bin\Debug\netcoreapp3.1\DashworksTestAutomationCore.dll&#xD;
                    -&gt; -&gt; Missing [assembly:RuntimePlugin] attribute in
                    DashworksTestAutomationCore, Version=1.0.0.0, Culture=neutral,
                    PublicKeyToken=null. Please check
                    https://go.specflow.org/doc-plugins for details.&#xD;
                    -&gt; -&gt; Loading plugin
                    C:\automaster\_work\3\s\DashworksTestAutomationCore\bin\Debug\netcoreapp3.1\SpecRun.Runtime.SpecFlowPlugin.dll&#xD;
                    -&gt; -&gt; Using default config&#xD;
                    &#xD;
                    &#xD;
                    -&gt; 11/2/2021 9:30:29 AM - INFO - TEST STARTED:
                    EvergreenJnr_Planning_CheckThatChartsHaveRightClickthroughs&#xD;
                    &#xD;
                    Given User is logged in to the Evergreen&#xD;
                    -&gt; 11/2/2021 9:30:43 AM - INFO - Graph Client provide switched to
                    '01HV72ABXDFGMZR3LO5RB3ZCZZG3PT4XM5'&#xD;
                    -&gt; Navigating to the https://automaster.internal.juriba.com/&#xD;
                    -&gt; Navigating to the
                    https://automaster.internal.juriba.com/evergreen/&#xD;
                    -&gt; done: EvergreenJnr_Login.GivenUserIsLoggedInToTheEvergreen()
                    (6.3s)&#xD;
                    &#xD;
                    When User clicks 'Planning' on the left-hand menu&#xD;
                    -&gt; done:
                    EvergreenJnr_LeftHandMenuNavigation.WhenUserClicksOnTheLeft_HandMenu("Planning")
                    (6.8s)&#xD;
                    &#xD;
                    When User enters 'Ring Scoping Project' text in the Search field for
                    'Project' column&#xD;
                    -&gt; done:
                    EvergreenJnr_BaseGrid.WhenUserEntersTextInTheSearchFieldForColumn("Ring
                    Scoping Project", "Project") (15.8s)&#xD;
                    &#xD;
                    When User clicks on 'Ring Scoping Project' cell from 'Project'
                    column&#xD;
                    -&gt; done:
                    EvergreenJnr_BaseGrid.WhenUserClicksOnCellFromColumn("Ring Scoping
                    Project", "Project") (7.2s)&#xD;
                    &#xD;
                    When User generates statistics in case it was reseted&#xD;
                    -&gt; Generate statistics button was clicked&#xD;
                    -&gt; done:
                    EvergreenJnr_RingScopingPage.WhenUserGeneratesStatisticsInCaseItWasReseted()
                    (0.1s)&#xD;
                    &#xD;
                    When User clicks element in Bar type 'Devices by Ring' chart&#xD;
                    -&gt; done:
                    EvergreenJnr_RingScopingPage.WhenUserClicksElementInBarTypeChart("Devices
                    by Ring") (13.1s)&#xD;
                    &#xD;
                    Then Page with 'All Devices' header is displayed to user&#xD;
                    -&gt; done:
                    EvergreenJnr_BaseHeader.ThenPageWithHeaderIsDisplayedToUser("All
                    Devices") (3.1s)&#xD;
                    &#xD;
                    Then grid content is present&#xD;
                    -&gt; done: EvergreenJnr_BaseGrid.ThenGridContentIsPresent() (3.0s)&#xD;
                    &#xD;
                    When User clicks 'Planning' on the left-hand menu&#xD;
                    -&gt; done:
                    EvergreenJnr_LeftHandMenuNavigation.WhenUserClicksOnTheLeft_HandMenu("Planning")
                    (1.6s)&#xD;
                    &#xD;
                    When User enters 'Ring Scoping Project' text in the Search field for
                    'Project' column&#xD;
                    -&gt; done:
                    EvergreenJnr_BaseGrid.WhenUserEntersTextInTheSearchFieldForColumn("Ring
                    Scoping Project", "Project") (3.8s)&#xD;
                    &#xD;
                    When User clicks on 'Ring Scoping Project' cell from 'Project'
                    column&#xD;
                    -&gt; done:
                    EvergreenJnr_BaseGrid.WhenUserClicksOnCellFromColumn("Ring Scoping
                    Project", "Project") (7.1s)&#xD;
                    &#xD;
                    When User clicks element in Bar type 'App Criticality Coverage by
                    Ring' chart&#xD;
                    -&gt; done:
                    EvergreenJnr_RingScopingPage.WhenUserClicksElementInBarTypeChart("App
                    Criticality C...") (1.5s)&#xD;
                    &#xD;
                    Then Page with 'All Applications' header is displayed to user&#xD;
                    -&gt; done:
                    EvergreenJnr_BaseHeader.ThenPageWithHeaderIsDisplayedToUser("All
                    Applications") (3.1s)&#xD;
                    &#xD;
                    Then grid content is present&#xD;
                    -&gt; done: EvergreenJnr_BaseGrid.ThenGridContentIsPresent() (3.0s)&#xD;
                    &#xD;
                    &#xD;
                    -&gt; Test status is 'Passed'&#xD;
                    -&gt; TEST STATUS WAS POSTED:
                    EvergreenJnr_Planning_CheckThatChartsHaveRightClickthroughs&#xD;
                    -&gt; Test finished on:
                    https://automaster.internal.juriba.com/evergreen/#/applications?$filter=(project_112_criticalityId%20EQUALS%20('1')%20AND%20project_112_deviceOnlyTargetRingId%20EQUALS%20('170'%2C'188'%2C'190'%2C'191'%2C'192'%2C'193'%2C'194'%2C'195')%20WHERE%20(1%3A1%2C2%3A1%2C3%3A1%2C4%3A1%2C5%3A1))&#xD;
                    -&gt; 11/2/2021 9:32:00 AM - ERROR - Error during Custom list
                    deleting: System.Exception: Database query returns zero results&#xD;
                    -&gt; at
                    DashworksTestAutomation.Helpers.DatabaseHelper.ExecuteReader(String
                    query, Int32 columnIndex) in
                    C:\automaster\_work\3\s\DashworksTestAutomationCore\Helpers\DatabaseHelper.cs:line
                    59&#xD;
                    -&gt; at
                    DashworksTestAutomation.Steps.Dashworks.CustomList.AfterScenario.RemoveCustomListMethods.RemoveUserLists()
                    in
                    C:\automaster\_work\3\s\DashworksTestAutomationCore\Steps\Dashworks\CustomList\AfterScenario\RemoveCustomListMethods.cs:line
                    33&#xD;
                    -&gt; 11/2/2021 9:32:00 AM - ERROR - Error during Custom list
                    deleting: System.Exception: Database query returns zero results&#xD;
                    -&gt; at
                    DashworksTestAutomation.Helpers.DatabaseHelper.ExecuteReader(String
                    query, Int32 columnIndex) in
                    C:\automaster\_work\3\s\DashworksTestAutomationCore\Helpers\DatabaseHelper.cs:line
                    59&#xD;
                    -&gt; at
                    DashworksTestAutomation.Steps.Dashworks.CustomList.AfterScenario.RemoveCustomListMethods.RemoveUserLists()
                    in
                    C:\automaster\_work\3\s\DashworksTestAutomationCore\Steps\Dashworks\CustomList\AfterScenario\RemoveCustomListMethods.cs:line
                    33&#xD;
                    -&gt; 11/2/2021 9:32:03 AM - INFO - TEST FINISHED:
                    EvergreenJnr_Planning_CheckThatChartsHaveRightClickthroughs
                </StdOut>
            </Output>
        </UnitTestResult>
        <UnitTestResult executionId="67864bda-f8c8-47b0-adaa-e2f2dcfcb90f"
                        testId="d9e1664b-041a-ca3f-2a8e-774bf64bb30b"
                        testName="EvergreenJnr_Planning_CheckThatMinDevicesPerAppIsUpdatedInTheFilterAfterRedistribution"
                        computerName="automaster" duration="00:01:06.1016551"
                        startTime="2021-11-02T09:33:32.7046479+00:00"
                        endTime="2021-11-02T09:34:38.8063030+00:00"
                        testType="13cdc9d9-ddb5-4fa4-a97d-d965ccfc6d4b" outcome="Passed"
                        testListId="8c84fa94-04c1-424b-9868-57a2d4851a1d"
                        relativeResultsDirectory="67864bda-f8c8-47b0-adaa-e2f2dcfcb90f">
            <Output>
                <StdOut>-&gt; 11/2/2021 9:33:32 AM - INFO - TEST STARTED:
                    EvergreenJnr_Planning_CheckThatMinDevicesPerAppIsUpdatedInTheFilterAfterRedistribution&#xD;
                    &#xD;
                    Given User is logged in to the Evergreen&#xD;
                    -&gt; Navigating to the https://automaster.internal.juriba.com/&#xD;
                    -&gt; Navigating to the
                    https://automaster.internal.juriba.com/evergreen/&#xD;
                    -&gt; done: EvergreenJnr_Login.GivenUserIsLoggedInToTheEvergreen()
                    (2.0s)&#xD;
                    &#xD;
                    When User navigates to 'Scoping Parameters' page of 'Ring Scoping
                    Project' Ring scoping project&#xD;
                    -&gt; done:
                    EvergreenJnr_RingScopingPage.WhenUserNavigatesToPageOfRingScopingProject("Scoping
                    Parameters", "Ring Scoping Project") (4.6s)&#xD;
                    &#xD;
                    When User clicks 'Clear All' button&#xD;
                    -&gt; done: ButtonSteps.WhenUserClicksButton("Clear All") (0.1s)&#xD;
                    &#xD;
                    When User selects 'Allow devices to be moved in and out of this
                    ring' in the 'Allow devices to be moved out of this ring, but not
                    into it' dropdown&#xD;
                    -&gt; done: DropdownSteps.WhenUserSelectsInTheDropdown("Allow
                    devices to ...", "Allow devices to ...") (0.8s)&#xD;
                    &#xD;
                    When User sets value to '10' for 'Minimum Number of Devices' column
                    and 'Unassigned' row in 'Minimum and Maximum Number of Devices'
                    table&#xD;
                    -&gt; done:
                    EvergreenJnr_BaseTable.WhenUserSetValueToForColumnAndRowInTable("10",
                    "Minimum Number of...", "Unassigned", "Minimum and Maxim...") (2.0s)&#xD;
                    &#xD;
                    When User clicks 'Update And Redistribute' button&#xD;
                    -&gt; done: ButtonSteps.WhenUserClicksButton("Update And Redist...")
                    (0.1s)&#xD;
                    &#xD;
                    When User clicks 'Commit Changes Without Preview' button&#xD;
                    -&gt; done: ButtonSteps.WhenUserClicksButton("Commit Changes Wi...")
                    (1.1s)&#xD;
                    &#xD;
                    When User navigates to the 'Scoping Parameters' left submenu item&#xD;
                    -&gt; done:
                    EvergreenJnr_LeftMenuNavigation.WhenUserNavigatesToTheParentLeftSubmenuItem("Scoping
                    Parameters") (1.7s)&#xD;
                    &#xD;
                    When User clicks 'Clear All' button&#xD;
                    -&gt; done: ButtonSteps.WhenUserClicksButton("Clear All") (0.7s)&#xD;
                    &#xD;
                    When User selects 'Allow devices to be moved out of this ring, but
                    not into it' in the 'Allow devices to be moved in and out of this
                    ring' dropdown&#xD;
                    -&gt; done: DropdownSteps.WhenUserSelectsInTheDropdown("Allow
                    devices to ...", "Allow devices to ...") (1.8s)&#xD;
                    &#xD;
                    When User sets value to '2' for 'Core' column and 'Minimum Devices
                    per App' row in 'Application Coverage Targets' table&#xD;
                    -&gt; done:
                    EvergreenJnr_BaseTable.WhenUserSetValueToForColumnAndRowInTable("2",
                    "Core", "Minimum Devices p...", "Application Cover...") (2.0s)&#xD;
                    &#xD;
                    When User sets value to '2' for 'Critical' column and 'Minimum
                    Devices per App' row in 'Application Coverage Targets' table&#xD;
                    -&gt; done:
                    EvergreenJnr_BaseTable.WhenUserSetValueToForColumnAndRowInTable("2",
                    "Critical", "Minimum Devices p...", "Application Cover...") (1.9s)&#xD;
                    &#xD;
                    When User sets value to '2' for 'Important' column and 'Minimum
                    Devices per App' row in 'Application Coverage Targets' table&#xD;
                    -&gt; done:
                    EvergreenJnr_BaseTable.WhenUserSetValueToForColumnAndRowInTable("2",
                    "Important", "Minimum Devices p...", "Application Cover...") (2.0s)&#xD;
                    &#xD;
                    When User sets value to '2' for 'Not Important' column and 'Minimum
                    Devices per App' row in 'Application Coverage Targets' table&#xD;
                    -&gt; done:
                    EvergreenJnr_BaseTable.WhenUserSetValueToForColumnAndRowInTable("2",
                    "Not Important", "Minimum Devices p...", "Application Cover...")
                    (2.0s)&#xD;
                    &#xD;
                    When User sets value to '2' for 'Uncategorised' column and 'Minimum
                    Devices per App' row in 'Application Coverage Targets' table&#xD;
                    -&gt; done:
                    EvergreenJnr_BaseTable.WhenUserSetValueToForColumnAndRowInTable("2",
                    "Uncategorised", "Minimum Devices p...", "Application Cover...")
                    (2.0s)&#xD;
                    &#xD;
                    When User clicks 'Update And Redistribute' button&#xD;
                    -&gt; done: ButtonSteps.WhenUserClicksButton("Update And Redist...")
                    (0.1s)&#xD;
                    &#xD;
                    When User clicks 'Commit Changes Without Preview' button&#xD;
                    -&gt; done: ButtonSteps.WhenUserClicksButton("Commit Changes Wi...")
                    (1.1s)&#xD;
                    &#xD;
                    Then 'Your changes have been successfully processed and
                    recalculation of statistics has started' text is displayed on inline
                    success banner&#xD;
                    -&gt; done:
                    EvergreenJnr_BaseInlineTipBannerElement.ThenTextIsDisplayedOnInlineSuccessBanner("Your
                    changes have...") (0.6s)&#xD;
                    &#xD;
                    When User clicks 'Close' button on 'BaseInlineBannerElement' panel&#xD;
                    -&gt; done: ButtonSteps.WhenUserClicksButtonOnPanel("Close",
                    "BaseInlineBannerE...") (0.2s)&#xD;
                    &#xD;
                    Then 'Recalculation of statistics is complete' text is displayed on
                    inline success banner&#xD;
                    -&gt; done:
                    EvergreenJnr_BaseInlineTipBannerElement.ThenTextIsDisplayedOnInlineSuccessBanner("Recalculation
                    of ...") (12.0s)&#xD;
                    &#xD;
                    When User selects 'Software' in the 'Summary' dropdown&#xD;
                    -&gt; done: DropdownSteps.WhenUserSelectsInTheDropdown("Software",
                    "Summary") (0.9s)&#xD;
                    &#xD;
                    When User unchecks 'Show charts' slide toggle&#xD;
                    -&gt; done: SlideToggleSteps.WhenUserUnchecksSlideToggle("Show
                    charts") (0.1s)&#xD;
                    &#xD;
                    When User clicks on linked value in 'Critical Systems' column and
                    'Core App Count' row in static table&#xD;
                    -&gt; done:
                    EvergreenJnr_BaseTable.ThenUserClicksOnLinkedValueInColumnAndRowInStaticTable("Critical
                    Systems", "Core App Count") (2.1s)&#xD;
                    &#xD;
                    Then "All Applications" page is displayed to the user&#xD;
                    -&gt; Projects Home page is displayed&#xD;
                    -&gt; done: ProjectsLogin.ThenPageIsDisplayedToTheUser("All
                    Applications") (1.8s)&#xD;
                    &#xD;
                    When User clicks 'Filters' button&#xD;
                    -&gt; done: ButtonSteps.WhenUserClicksButton("Filters") (0.2s)&#xD;
                    &#xD;
                    When User click Edit button for "RingScopi1: Ring (Device Only,
                    Target)" filter&#xD;
                    -&gt; done:
                    EvergreenJnr_FiltersPanel.WhenUserClickEditButtonForFilter("RingScopi1:
                    Ring ...") (3.4s)&#xD;
                    &#xD;
                    When User expands 'Minimum Devices per App' panel&#xD;
                    -&gt; done: EvergreenJnr_FiltersPanel.WhenUserExpandsPanel("Minimum
                    Devices p...") (1.6s)&#xD;
                    &#xD;
                    Then User sees value '2' for 'Minimum Devices per App' column and
                    'Core' row in table&#xD;
                    -&gt; done:
                    EvergreenJnr_BaseTable.ThenUserSeesValueForColumnAndRowInTable("2",
                    "Minimum Devices p...", "Core") (1.7s)&#xD;
                    &#xD;
                    Then User sees value '2' for 'Minimum Devices per App' column and
                    'Critical' row in table&#xD;
                    -&gt; done:
                    EvergreenJnr_BaseTable.ThenUserSeesValueForColumnAndRowInTable("2",
                    "Minimum Devices p...", "Critical") (1.6s)&#xD;
                    &#xD;
                    Then User sees value '2' for 'Minimum Devices per App' column and
                    'Important' row in table&#xD;
                    -&gt; done:
                    EvergreenJnr_BaseTable.ThenUserSeesValueForColumnAndRowInTable("2",
                    "Minimum Devices p...", "Important") (1.7s)&#xD;
                    &#xD;
                    Then User sees value '2' for 'Minimum Devices per App' column and
                    'Not Important' row in table&#xD;
                    -&gt; done:
                    EvergreenJnr_BaseTable.ThenUserSeesValueForColumnAndRowInTable("2",
                    "Minimum Devices p...", "Not Important") (1.7s)&#xD;
                    &#xD;
                    Then User sees value '2' for 'Minimum Devices per App' column and
                    'Uncategorised' row in table&#xD;
                    -&gt; done:
                    EvergreenJnr_BaseTable.ThenUserSeesValueForColumnAndRowInTable("2",
                    "Minimum Devices p...", "Uncategorised") (1.7s)&#xD;
                    &#xD;
                    &#xD;
                    -&gt; Test status is 'Passed'&#xD;
                    -&gt; TEST STATUS WAS POSTED:
                    EvergreenJnr_Planning_CheckThatMinDevicesPerAppIsUpdatedInTheFilterAfterRedistribution&#xD;
                    -&gt; Test finished on:
                    https://automaster.internal.juriba.com/evergreen/#/applications?$filter=(project_112_criticalityId%20EQUALS%20('1')%20AND%20project_112_deviceOnlyTargetRingId%20EQUALS%20('170'%2C'188'%2C'190'%2C'191'%2C'192'%2C'193'%2C'194'%2C'195')%20WHERE%20(1%3A2%2C2%3A2%2C3%3A2%2C4%3A2%2C5%3A2))&#xD;
                    -&gt; 11/2/2021 9:34:38 AM - INFO - TEST FINISHED:
                    EvergreenJnr_Planning_CheckThatMinDevicesPerAppIsUpdatedInTheFilterAfterRedistribution
                </StdOut>
            </Output>
        </UnitTestResult>
        <UnitTestResult executionId="eb203710-5ecc-4d61-a218-3e3730bd8b26"
                        testId="171418bb-bf0e-e95e-bc51-fbe6ca243cb3"
                        testName="EvergreenJnr_Planning_CheckThatMinAndMaxNumberOfDevicesCanBeEqual"
                        computerName="automaster" duration="00:01:55.4097851"
                        startTime="2021-11-02T09:31:29.0562345+00:00"
                        endTime="2021-11-02T09:33:24.4660196+00:00"
                        testType="13cdc9d9-ddb5-4fa4-a97d-d965ccfc6d4b" outcome="Passed"
                        testListId="8c84fa94-04c1-424b-9868-57a2d4851a1d"
                        relativeResultsDirectory="eb203710-5ecc-4d61-a218-3e3730bd8b26">
            <Output>
                <StdOut>-&gt; 11/2/2021 9:31:29 AM - INFO - TEST STARTED:
                    EvergreenJnr_Planning_CheckThatMinAndMaxNumberOfDevicesCanBeEqual&#xD;
                    &#xD;
                    Given User is logged in to the Evergreen&#xD;
                    -&gt; Navigating to the https://automaster.internal.juriba.com/&#xD;
                    -&gt; Navigating to the
                    https://automaster.internal.juriba.com/evergreen/&#xD;
                    -&gt; done: EvergreenJnr_Login.GivenUserIsLoggedInToTheEvergreen()
                    (2.1s)&#xD;
                    &#xD;
                    When Project created via API and opened&#xD;
                    --- table step argument ---&#xD;
                    | ProjectName | Scope | ProjectTemplate | Mode |&#xD;
                    | 1_24956DAS_Project | All Devices | None | Standalone Project |&#xD;
                    -&gt; done: ProjectApiSteps.WhenUserCreateNewProjectViaApiAndOpened(&lt;table&gt;)
                    (4.2s)&#xD;
                    &#xD;
                    When User onboards objects to '1_24956DAS_Project' project&#xD;
                    --- table step argument ---&#xD;
                    | DeviceObjects |&#xD;
                    | 00BDM1JUR8IF419 |&#xD;
                    | 00K4CEEQ737BA4L |&#xD;
                    | 011PLA470S0B9DJ |&#xD;
                    -&gt; done:
                    OnboardObjects.WhenUserOnboardsObjectsToTheProject("1_24956DAS_Project",
                    &lt;table&gt;) (75.3s)&#xD;
                    &#xD;
                    When User creates new Ring via api&#xD;
                    --- table step argument ---&#xD;
                    | Name | Description | IsDefault | Project |&#xD;
                    | 1_24956DAS_Ring | 1_24956DAS_Desc | false | 1_24956DAS_Project |&#xD;
                    -&gt; done: CreateRingViaApi.WhenUserCreatesNewRingViaApi(&lt;table&gt;)
                    (0.4s)&#xD;
                    &#xD;
                    When User clicks 'Planning' on the left-hand menu&#xD;
                    -&gt; done:
                    EvergreenJnr_LeftHandMenuNavigation.WhenUserClicksOnTheLeft_HandMenu("Planning")
                    (1.7s)&#xD;
                    &#xD;
                    When User enters '1_24956DAS_Project' text in the Search field for
                    'Project' column&#xD;
                    -&gt; done:
                    EvergreenJnr_BaseGrid.WhenUserEntersTextInTheSearchFieldForColumn("1_24956DAS_Project",
                    "Project") (5.4s)&#xD;
                    &#xD;
                    When User clicks on '1_24956DAS_Project' cell from 'Project' column&#xD;
                    -&gt; done:
                    EvergreenJnr_BaseGrid.WhenUserClicksOnCellFromColumn("1_24956DAS_Project",
                    "Project") (7.1s)&#xD;
                    &#xD;
                    When User navigates to the 'Scoping Parameters' left submenu item&#xD;
                    -&gt; done:
                    EvergreenJnr_LeftMenuNavigation.WhenUserNavigatesToTheParentLeftSubmenuItem("Scoping
                    Parameters") (1.6s)&#xD;
                    &#xD;
                    When User sets value to '2' for 'Minimum Number of Devices' column
                    and '1_24956DAS_Ring' row in 'Minimum and Maximum Number of Devices'
                    table&#xD;
                    -&gt; done:
                    EvergreenJnr_BaseTable.WhenUserSetValueToForColumnAndRowInTable("2",
                    "Minimum Number of...", "1_24956DAS_Ring", "Minimum and Maxim...")
                    (1.8s)&#xD;
                    &#xD;
                    When User sets value to '2' for 'Maximum Number of Devices' column
                    and '1_24956DAS_Ring' row in 'Minimum and Maximum Number of Devices'
                    table&#xD;
                    -&gt; done:
                    EvergreenJnr_BaseTable.WhenUserSetValueToForColumnAndRowInTable("2",
                    "Maximum Number of...", "1_24956DAS_Ring", "Minimum and Maxim...")
                    (1.7s)&#xD;
                    &#xD;
                    When User clicks on 'No minimum' textbox&#xD;
                    -&gt; done: InputSteps.WhenUserClicksOnTextbox("No minimum") (0.1s)&#xD;
                    &#xD;
                    Then message is not displayed for 'Minimum and Maximum Number of
                    Devices' table&#xD;
                    -&gt; done:
                    EvergreenJnr_BaseTable.ThenMessageIsNotDisplayedForTable("Minimum
                    and Maxim...") (3.1s)&#xD;
                    &#xD;
                    &#xD;
                    -&gt; Test status is 'Passed'&#xD;
                    -&gt; TEST STATUS WAS POSTED:
                    EvergreenJnr_Planning_CheckThatMinAndMaxNumberOfDevicesCanBeEqual&#xD;
                    -&gt; Test finished on:
                    https://automaster.internal.juriba.com/evergreen/#/planning/ringscoping/scopingParameters?$projectId=139&#xD;
                    -&gt; 11/2/2021 9:33:20 AM - ERROR - Error during Custom list
                    deleting: System.Exception: Database query returns zero results&#xD;
                    -&gt; at
                    DashworksTestAutomation.Helpers.DatabaseHelper.ExecuteReader(String
                    query, Int32 columnIndex) in
                    C:\automaster\_work\3\s\DashworksTestAutomationCore\Helpers\DatabaseHelper.cs:line
                    59&#xD;
                    -&gt; at
                    DashworksTestAutomation.Steps.Dashworks.CustomList.AfterScenario.RemoveCustomListMethods.RemoveUserLists()
                    in
                    C:\automaster\_work\3\s\DashworksTestAutomationCore\Steps\Dashworks\CustomList\AfterScenario\RemoveCustomListMethods.cs:line
                    33&#xD;
                    -&gt; 11/2/2021 9:33:20 AM - ERROR - Error during Custom list
                    deleting: System.Exception: Database query returns zero results&#xD;
                    -&gt; at
                    DashworksTestAutomation.Helpers.DatabaseHelper.ExecuteReader(String
                    query, Int32 columnIndex) in
                    C:\automaster\_work\3\s\DashworksTestAutomationCore\Helpers\DatabaseHelper.cs:line
                    59&#xD;
                    -&gt; at
                    DashworksTestAutomation.Steps.Dashworks.CustomList.AfterScenario.RemoveCustomListMethods.RemoveUserLists()
                    in
                    C:\automaster\_work\3\s\DashworksTestAutomationCore\Steps\Dashworks\CustomList\AfterScenario\RemoveCustomListMethods.cs:line
                    33&#xD;
                    -&gt; 11/2/2021 9:33:21 AM - INFO - The '1_24956DAS_Project' project
                    with '139' id has been deleted&#xD;
                    -&gt; 11/2/2021 9:33:24 AM - INFO - TEST FINISHED:
                    EvergreenJnr_Planning_CheckThatMinAndMaxNumberOfDevicesCanBeEqual
                </StdOut>
            </Output>
        </UnitTestResult>
        <UnitTestResult executionId="4a040c99-1cdc-4ec0-b785-9b8b92f0631c"
                        testId="addee1de-a6a3-faa3-0853-d1ad2a24fa42"
                        testName="EvergreenJnr_Planning_CheckThatCurrentAndAfterChangesAndTrendArrowInStatisticsTableIsDisplayed"
                        computerName="automaster" duration="00:01:18.8435029"
                        startTime="2021-11-02T09:35:10.4611005+00:00"
                        endTime="2021-11-02T09:36:29.3046034+00:00"
                        testType="13cdc9d9-ddb5-4fa4-a97d-d965ccfc6d4b" outcome="Failed"
                        testListId="8c84fa94-04c1-424b-9868-57a2d4851a1d"
                        relativeResultsDirectory="4a040c99-1cdc-4ec0-b785-9b8b92f0631c">
            <Output>
                <StdOut>-&gt; 11/2/2021 9:35:10 AM - INFO - TEST STARTED:
                    EvergreenJnr_Planning_CheckThatCurrentAndAfterChangesAndTrendArrowInStatisticsTableIsDisplayed&#xD;
                    &#xD;
                    Given User is logged in to the Evergreen&#xD;
                    -&gt; Navigating to the https://automaster.internal.juriba.com/&#xD;
                    -&gt; Navigating to the
                    https://automaster.internal.juriba.com/evergreen/&#xD;
                    -&gt; done: EvergreenJnr_Login.GivenUserIsLoggedInToTheEvergreen()
                    (3.9s)&#xD;
                    &#xD;
                    When Project created via API&#xD;
                    --- table step argument ---&#xD;
                    | ProjectName | Scope | ProjectTemplate | Mode |&#xD;
                    | 1_27548DAS_Project | All Devices | None | Standalone Project |&#xD;
                    -&gt; done: ProjectApiSteps.WhenUserCreateNewProjectViaApi(&lt;table&gt;)
                    (0.1s)&#xD;
                    &#xD;
                    When User creates new Ring via api&#xD;
                    --- table step argument ---&#xD;
                    | Name | Description | IsDefault | Project |&#xD;
                    | 1_27548DAS_Ring | 1_27548DAS_Desc | false | 1_27548DAS_Project |&#xD;
                    | 2_27548DAS_Ring | 2_27548DAS_Desc | false | 1_27548DAS_Project |&#xD;
                    -&gt; done: CreateRingViaApi.WhenUserCreatesNewRingViaApi(&lt;table&gt;)
                    (0.5s)&#xD;
                    &#xD;
                    When User onboards objects to '1_27548DAS_Project' project&#xD;
                    --- table step argument ---&#xD;
                    | DeviceObjects |&#xD;
                    | 00K4CEEQ737BA4L |&#xD;
                    | 011PLA470S0B9DJ |&#xD;
                    -&gt; done:
                    OnboardObjects.WhenUserOnboardsObjectsToTheProject("1_27548DAS_Project",
                    &lt;table&gt;) (42.3s)&#xD;
                    &#xD;
                    When User clicks 'Planning' on the left-hand menu&#xD;
                    -&gt; done:
                    EvergreenJnr_LeftHandMenuNavigation.WhenUserClicksOnTheLeft_HandMenu("Planning")
                    (1.7s)&#xD;
                    &#xD;
                    When User enters '1_27548DAS_Project' text in the Search field for
                    'Project' column&#xD;
                    -&gt; done:
                    EvergreenJnr_BaseGrid.WhenUserEntersTextInTheSearchFieldForColumn("1_27548DAS_Project",
                    "Project") (4.8s)&#xD;
                    &#xD;
                    When User clicks on '1_27548DAS_Project' cell from 'Project' column&#xD;
                    -&gt; done:
                    EvergreenJnr_BaseGrid.WhenUserClicksOnCellFromColumn("1_27548DAS_Project",
                    "Project") (7.1s)&#xD;
                    &#xD;
                    When User navigates to the 'Scoping Parameters' left submenu item&#xD;
                    -&gt; done:
                    EvergreenJnr_LeftMenuNavigation.WhenUserNavigatesToTheParentLeftSubmenuItem("Scoping
                    Parameters") (1.6s)&#xD;
                    &#xD;
                    When User sets value to '1' for 'Minimum Number of Devices' column
                    and '1_27548DAS_Ring' row in 'Minimum and Maximum Number of Devices'
                    table&#xD;
                    -&gt; done:
                    EvergreenJnr_BaseTable.WhenUserSetValueToForColumnAndRowInTable("1",
                    "Minimum Number of...", "1_27548DAS_Ring", "Minimum and Maxim...")
                    (2.4s)&#xD;
                    &#xD;
                    When User sets value to '1' for 'Minimum Number of Devices' column
                    and '2_27548DAS_Ring' row in 'Minimum and Maximum Number of Devices'
                    table&#xD;
                    -&gt; done:
                    EvergreenJnr_BaseTable.WhenUserSetValueToForColumnAndRowInTable("1",
                    "Minimum Number of...", "2_27548DAS_Ring", "Minimum and Maxim...")
                    (1.7s)&#xD;
                    &#xD;
                    When User clicks 'Update And Redistribute' button&#xD;
                    -&gt; done: ButtonSteps.WhenUserClicksButton("Update And Redist...")
                    (0.1s)&#xD;
                    &#xD;
                    When User clicks 'Preview Statistics' button&#xD;
                    -&gt; done: ButtonSteps.WhenUserClicksButton("Preview Statistics")
                    (0.7s)&#xD;
                    &#xD;
                    Then 'This is a preview, changes have not yet been committed' text
                    is displayed on inline tip banner&#xD;
                    -&gt; done:
                    EvergreenJnr_BaseInlineTipBannerElement.ThenTextIsDisplayedOnWarningInlineTipBanner("This
                    is a preview...") (1.5s)&#xD;
                    &#xD;
                    When User unchecks 'Show charts' slide toggle&#xD;
                    -&gt; done: SlideToggleSteps.WhenUserUnchecksSlideToggle("Show
                    charts") (0.1s)&#xD;
                    &#xD;
                    Then following data is displayed in the '0' column of the table&#xD;
                    --- table step argument ---&#xD;
                    | Fields |&#xD;
                    | Devices by Ring Current |&#xD;
                    | Devices by Ring After Changes |&#xD;
                    | Cumulative Device Count Current |&#xD;
                    | Cumulative Device Count After Changes |&#xD;
                    | Apps by Ring Current |&#xD;
                    | Apps by Ring After Changes |&#xD;
                    | Cumulative App Count Current |&#xD;
                    | Cumulative App Count After Changes |&#xD;
                    | Core App Coverage Current |&#xD;
                    | Core App Coverage After Changes |&#xD;
                    | Critical App Coverage Current |&#xD;
                    | Critical App Coverage After Changes |&#xD;
                    | Important App Coverage Current |&#xD;
                    | Important App Coverage After Changes |&#xD;
                    | Not Important App Coverage Current |&#xD;
                    | Not Important App Coverage After Changes |&#xD;
                    | Uncategorised App Coverage Current |&#xD;
                    | Uncategorised App Coverage After Changes |&#xD;
                    -&gt; Expected &lt; "Devices by Ring Current", "Devices by Ring
                    After Changes", "Cumulative Device Count Current", "Cumulative
                    Device Count After Changes", "Apps by Ring Current", "Apps by Ring
                    After Changes", "Cumulative App Count Current", "Cumulative App
                    Count After Changes", "Core App Coverage Current", "Core App
                    Coverage After Changes"... &gt;&#xD;
                    -&gt; But was: &lt; "Devices by Ring Current", "Devices by Ring
                    After Changes", "Cumulative Device Count Current", "Cumulative
                    Device Count After Changes" &gt;&#xD;
                    -&gt; Incorrect column data&#xD;
                    -&gt; error: Incorrect column data&#xD;
                    -&gt; Expected: &lt; "Devices by Ring Current", "Devices by Ring
                    After Changes", "Cumulative Device Count Current", "Cumulative
                    Device Count After Changes", "Apps by Ring Current", "Apps by Ring
                    After Changes", "Cumulative App Count Current", "Cumulative App
                    Count After Changes", "Core App Coverage Current", "Core App
                    Coverage After Changes"... &gt;&#xD;
                    -&gt; But was: &lt; "Devices by Ring Current", "Devices by Ring
                    After Changes", "Cumulative Device Count Current", "Cumulative
                    Device Count After Changes" &gt; (1.7s)&#xD;
                    &#xD;
                    Then User sees 'arrow_upward' icon for '1_27548DAS_Ring' column with
                    'Devices by Ring After Changes' row name in static table&#xD;
                    -&gt; skipped because of previous errors&#xD;
                    &#xD;
                    Then User sees 'arrow_downward' icon for '2_27548DAS_Ring' column
                    with 'Devices by Ring After Changes' row name in static table&#xD;
                    -&gt; skipped because of previous errors&#xD;
                    &#xD;
                    &#xD;
                    -&gt; Test status is 'Failed'&#xD;
                    -&gt; Check screenshot by following path:
                    c:\Screenshots\EvergreenJnr_Planning_CheckThatCurrentAndAfterChangesAndTrendArrowInStatisticsTableIsDisplayed_2021_11_02_09_36_24.png&#xD;
                    -&gt; TEST STATUS WAS POSTED:
                    EvergreenJnr_Planning_CheckThatCurrentAndAfterChangesAndTrendArrowInStatisticsTableIsDisplayed&#xD;
                    -&gt; Test finished on:
                    https://automaster.internal.juriba.com/evergreen/#/planning/ringscoping/scopingParameters?$projectId=170&#xD;
                    -&gt; 11/2/2021 9:36:25 AM - ERROR - Error during Custom list
                    deleting: System.Exception: Database query returns zero results&#xD;
                    -&gt; at
                    DashworksTestAutomation.Helpers.DatabaseHelper.ExecuteReader(String
                    query, Int32 columnIndex) in
                    C:\automaster\_work\3\s\DashworksTestAutomationCore\Helpers\DatabaseHelper.cs:line
                    59&#xD;
                    -&gt; at
                    DashworksTestAutomation.Steps.Dashworks.CustomList.AfterScenario.RemoveCustomListMethods.RemoveUserLists()
                    in
                    C:\automaster\_work\3\s\DashworksTestAutomationCore\Steps\Dashworks\CustomList\AfterScenario\RemoveCustomListMethods.cs:line
                    33&#xD;
                    -&gt; 11/2/2021 9:36:25 AM - ERROR - Error during Custom list
                    deleting: System.Exception: Database query returns zero results&#xD;
                    -&gt; at
                    DashworksTestAutomation.Helpers.DatabaseHelper.ExecuteReader(String
                    query, Int32 columnIndex) in
                    C:\automaster\_work\3\s\DashworksTestAutomationCore\Helpers\DatabaseHelper.cs:line
                    59&#xD;
                    -&gt; at
                    DashworksTestAutomation.Steps.Dashworks.CustomList.AfterScenario.RemoveCustomListMethods.RemoveUserLists()
                    in
                    C:\automaster\_work\3\s\DashworksTestAutomationCore\Steps\Dashworks\CustomList\AfterScenario\RemoveCustomListMethods.cs:line
                    33&#xD;
                    -&gt; 11/2/2021 9:36:25 AM - INFO - The '1_27548DAS_Project' project
                    with '170' id has been deleted&#xD;
                    -&gt; 11/2/2021 9:36:29 AM - INFO - TEST FINISHED:
                    EvergreenJnr_Planning_CheckThatCurrentAndAfterChangesAndTrendArrowInStatisticsTableIsDisplayed
                </StdOut>
                <StdErr>Incorrect column data&#xD;
                    Expected: &lt; "Devices by Ring Current", "Devices by Ring After
                    Changes", "Cumulative Device Count Current", "Cumulative Device
                    Count After Changes", "Apps by Ring Current", "Apps by Ring After
                    Changes", "Cumulative App Count Current", "Cumulative App Count
                    After Changes", "Core App Coverage Current", "Core App Coverage
                    After Changes"... &gt;&#xD;
                    But was: &lt; "Devices by Ring Current", "Devices by Ring After
                    Changes", "Cumulative Device Count Current", "Cumulative Device
                    Count After Changes" &gt;&#xD;
                    System.Exception: Incorrect column data&#xD;
                    Expected: &lt; "Devices by Ring Current", "Devices by Ring After
                    Changes", "Cumulative Device Count Current", "Cumulative Device
                    Count After Changes", "Apps by Ring Current", "Apps by Ring After
                    Changes", "Cumulative App Count Current", "Cumulative App Count
                    After Changes", "Core App Coverage Current", "Core App Coverage
                    After Changes"... &gt;&#xD;
                    But was: &lt; "Devices by Ring Current", "Devices by Ring After
                    Changes", "Cumulative Device Count Current", "Cumulative Device
                    Count After Changes" &gt;&#xD;
                    at AutomationUtils.Utils.Verify.That[TActual](TActual actual,
                    IResolveConstraint expression, String message, Object[] args)&#xD;
                    at AutomationUtils.Utils.Verify.AreEqual(Object expected, Object
                    actual, String message, Object[] args)&#xD;
                    at
                    DashworksTestAutomation.Steps.Dashworks.ItemDetailsPage.EvergreenJnr_BaseTable.ThenFollowingDataIsDisplayedInTheColumnOfTheTable(Int32
                    column, Table table) in
                    C:\automaster\_work\3\s\DashworksTestAutomationCore\Steps\Dashworks\ItemDetailsPage\EvergreenJnr_BaseTable.cs:line
                    47&#xD;
                    at TechTalk.SpecFlow.Bindings.BindingInvoker.InvokeBinding(IBinding
                    binding, IContextManager contextManager, Object[] arguments,
                    ITestTracer testTracer, TimeSpan&amp; duration) in
                    D:\a\1\s\TechTalk.SpecFlow\Bindings\BindingInvoker.cs:line 88&#xD;
                    at
                    TechTalk.SpecRun.SpecFlowPlugin.Runtime.RunnerTestExecutionEngine.ExecuteStepMatch(BindingMatch
                    match, Object[] arguments, TimeSpan&amp; duration)&#xD;
                    at
                    TechTalk.SpecFlow.Infrastructure.TestExecutionEngine.ExecuteStep(IContextManager
                    contextManager, StepInstance stepInstance) in
                    D:\a\1\s\TechTalk.SpecFlow\Infrastructure\TestExecutionEngine.cs:line
                    496&#xD;
                    at
                    TechTalk.SpecFlow.Infrastructure.TestExecutionEngine.OnAfterLastStep()
                    in
                    D:\a\1\s\TechTalk.SpecFlow\Infrastructure\TestExecutionEngine.cs:line
                    268&#xD;
                    at
                    TechTalk.SpecRun.SpecFlowPlugin.Runtime.RunnerTestExecutionEngine.OnAfterLastStep()&#xD;
                    at TechTalk.SpecFlow.TestRunner.CollectScenarioErrors() in
                    D:\a\1\s\TechTalk.SpecFlow\TestRunner.cs:line 60&#xD;
                    at
                    DashworksTestAutomationCore.Tests.EvergreenJnr.EvergreenJnr_Planning.Planning_RingScoping_Part18Feature.ScenarioCleanup()&#xD;
                    at
                    DashworksTestAutomationCore.Tests.EvergreenJnr.EvergreenJnr_Planning.Planning_RingScoping_Part18Feature.EvergreenJnr_Planning_CheckThatCurrentAndAfterChangesAndTrendArrowInStatisticsTableIsDisplayed()
                    in
                    C:\automaster\_work\3\s\DashworksTestAutomationCore\Tests\EvergreenJnr\EvergreenJnr_Planning\Planning_RingScoping_Part18.feature:line
                    83&#xD;
                    at
                    TechTalk.SpecRun.Framework.TaskExecutors.StaticOrInstanceMethodExecutor.ExecuteInternal(ITestThreadExecutionContext
                    testThreadExecutionContext)&#xD;
                    at
                    TechTalk.SpecRun.Framework.TaskExecutors.StaticOrInstanceMethodExecutor.Execute(ITestThreadExecutionContext
                    testThreadExecutionContext)&#xD;
                    at TechTalk.SpecRun.Framework.TestNodeTask.Execute()
                </StdErr>
                <ErrorInfo>
                    <Message>Incorrect column data&#xD;
                        Expected: &lt; "Devices by Ring Current", "Devices by Ring After
                        Changes", "Cumulative Device Count Current", "Cumulative Device
                        Count After Changes", "Apps by Ring Current", "Apps by Ring
                        After Changes", "Cumulative App Count Current", "Cumulative App
                        Count After Changes", "Core App Coverage Current", "Core App
                        Coverage After Changes"... &gt;&#xD;
                        But was: &lt; "Devices by Ring Current", "Devices by Ring After
                        Changes", "Cumulative Device Count Current", "Cumulative Device
                        Count After Changes" &gt;
                    </Message>
                    <StackTrace>System.Exception: Incorrect column data&#xD;
                        Expected: &lt; "Devices by Ring Current", "Devices by Ring After
                        Changes", "Cumulative Device Count Current", "Cumulative Device
                        Count After Changes", "Apps by Ring Current", "Apps by Ring
                        After Changes", "Cumulative App Count Current", "Cumulative App
                        Count After Changes", "Core App Coverage Current", "Core App
                        Coverage After Changes"... &gt;&#xD;
                        But was: &lt; "Devices by Ring Current", "Devices by Ring After
                        Changes", "Cumulative Device Count Current", "Cumulative Device
                        Count After Changes" &gt;&#xD;
                        at AutomationUtils.Utils.Verify.That[TActual](TActual actual,
                        IResolveConstraint expression, String message, Object[] args)&#xD;
                        at AutomationUtils.Utils.Verify.AreEqual(Object expected, Object
                        actual, String message, Object[] args)&#xD;
                        at
                        DashworksTestAutomation.Steps.Dashworks.ItemDetailsPage.EvergreenJnr_BaseTable.ThenFollowingDataIsDisplayedInTheColumnOfTheTable(Int32
                        column, Table table) in
                        C:\automaster\_work\3\s\DashworksTestAutomationCore\Steps\Dashworks\ItemDetailsPage\EvergreenJnr_BaseTable.cs:line
                        47&#xD;
                        at
                        TechTalk.SpecFlow.Bindings.BindingInvoker.InvokeBinding(IBinding
                        binding, IContextManager contextManager, Object[] arguments,
                        ITestTracer testTracer, TimeSpan&amp; duration) in
                        D:\a\1\s\TechTalk.SpecFlow\Bindings\BindingInvoker.cs:line 88&#xD;
                        at
                        TechTalk.SpecRun.SpecFlowPlugin.Runtime.RunnerTestExecutionEngine.ExecuteStepMatch(BindingMatch
                        match, Object[] arguments, TimeSpan&amp; duration)&#xD;
                        at
                        TechTalk.SpecFlow.Infrastructure.TestExecutionEngine.ExecuteStep(IContextManager
                        contextManager, StepInstance stepInstance) in
                        D:\a\1\s\TechTalk.SpecFlow\Infrastructure\TestExecutionEngine.cs:line
                        496&#xD;
                        at
                        TechTalk.SpecFlow.Infrastructure.TestExecutionEngine.OnAfterLastStep()
                        in
                        D:\a\1\s\TechTalk.SpecFlow\Infrastructure\TestExecutionEngine.cs:line
                        268&#xD;
                        at
                        TechTalk.SpecRun.SpecFlowPlugin.Runtime.RunnerTestExecutionEngine.OnAfterLastStep()&#xD;
                        at TechTalk.SpecFlow.TestRunner.CollectScenarioErrors() in
                        D:\a\1\s\TechTalk.SpecFlow\TestRunner.cs:line 60&#xD;
                        at
                        DashworksTestAutomationCore.Tests.EvergreenJnr.EvergreenJnr_Planning.Planning_RingScoping_Part18Feature.ScenarioCleanup()&#xD;
                        at
                        DashworksTestAutomationCore.Tests.EvergreenJnr.EvergreenJnr_Planning.Planning_RingScoping_Part18Feature.EvergreenJnr_Planning_CheckThatCurrentAndAfterChangesAndTrendArrowInStatisticsTableIsDisplayed()
                        in
                        C:\automaster\_work\3\s\DashworksTestAutomationCore\Tests\EvergreenJnr\EvergreenJnr_Planning\Planning_RingScoping_Part18.feature:line
                        83&#xD;
                        at
                        TechTalk.SpecRun.Framework.TaskExecutors.StaticOrInstanceMethodExecutor.ExecuteInternal(ITestThreadExecutionContext
                        testThreadExecutionContext)&#xD;
                        at
                        TechTalk.SpecRun.Framework.TaskExecutors.StaticOrInstanceMethodExecutor.Execute(ITestThreadExecutionContext
                        testThreadExecutionContext)&#xD;
                        at TechTalk.SpecRun.Framework.TestNodeTask.Execute()
                    </StackTrace>
                </ErrorInfo>
            </Output>
        </UnitTestResult>
        <UnitTestResult executionId="b95f2b28-d175-4f5b-82d3-2a9ccf049f2f"
                        testId="748c88a9-1779-4587-90d4-0654c2011dd3"
                        testName="EvergreenJnr_Planning_CheckThatUncheckingShowChartsToggleIsHidingCharts"
                        computerName="automaster" duration="00:00:41.8772418"
                        startTime="2021-11-02T09:37:11.8521358+00:00"
                        endTime="2021-11-02T09:37:53.7293776+00:00"
                        testType="13cdc9d9-ddb5-4fa4-a97d-d965ccfc6d4b" outcome="Failed"
                        testListId="8c84fa94-04c1-424b-9868-57a2d4851a1d"
                        relativeResultsDirectory="b95f2b28-d175-4f5b-82d3-2a9ccf049f2f">
            <Output>
                <StdOut>-&gt; 11/2/2021 9:37:11 AM - INFO - TEST STARTED:
                    EvergreenJnr_Planning_CheckThatUncheckingShowChartsToggleIsHidingCharts&#xD;
                    &#xD;
                    Given User is logged in to the Evergreen&#xD;
                    -&gt; Navigating to the https://automaster.internal.juriba.com/&#xD;
                    -&gt; Navigating to the
                    https://automaster.internal.juriba.com/evergreen/&#xD;
                    -&gt; done: EvergreenJnr_Login.GivenUserIsLoggedInToTheEvergreen()
                    (3.6s)&#xD;
                    &#xD;
                    When Project created via API&#xD;
                    --- table step argument ---&#xD;
                    | ProjectName | Scope | ProjectTemplate | Mode |&#xD;
                    | 1_27010DAS_Project | All Devices | None | Standalone Project |&#xD;
                    -&gt; done: ProjectApiSteps.WhenUserCreateNewProjectViaApi(&lt;table&gt;)
                    (0.1s)&#xD;
                    &#xD;
                    When User clicks 'Planning' on the left-hand menu&#xD;
                    -&gt; done:
                    EvergreenJnr_LeftHandMenuNavigation.WhenUserClicksOnTheLeft_HandMenu("Planning")
                    (2.3s)&#xD;
                    &#xD;
                    When User enters '1_27010DAS_Project' text in the Search field for
                    'Project' column&#xD;
                    -&gt; done:
                    EvergreenJnr_BaseGrid.WhenUserEntersTextInTheSearchFieldForColumn("1_27010DAS_Project",
                    "Project") (5.3s)&#xD;
                    &#xD;
                    When User clicks on '1_27010DAS_Project' cell from 'Project' column&#xD;
                    -&gt; done:
                    EvergreenJnr_BaseGrid.WhenUserClicksOnCellFromColumn("1_27010DAS_Project",
                    "Project") (7.1s)&#xD;
                    &#xD;
                    When User clicks 'Generate Statistics' button&#xD;
                    -&gt; done: ButtonSteps.WhenUserClicksButton("Generate Statistics")
                    (0.1s)&#xD;
                    &#xD;
                    Then 'Recalculation of statistics is complete' text is displayed on
                    inline success banner&#xD;
                    -&gt; done:
                    EvergreenJnr_BaseInlineTipBannerElement.ThenTextIsDisplayedOnInlineSuccessBanner("Recalculation
                    of ...") (10.4s)&#xD;
                    &#xD;
                    Then Chart with name 'Devices by Ring' is displayed&#xD;
                    -&gt; done:
                    EvergreenJnr_RingScopingPage.ThenChartWithNameIsDisplayed("Devices
                    by Ring") (1.5s)&#xD;
                    &#xD;
                    Then Chart with name 'App Count per Criticality and Ring' is
                    displayed&#xD;
                    -&gt; Expected some item equal to "App Count per Criticality and
                    Ring"&#xD;
                    -&gt; But was: &lt; "Devices by Ring" &gt;&#xD;
                    -&gt; Chart with name 'App Count per Criticality and Ring' is not
                    displayed&#xD;
                    -&gt; error: Chart with name 'App Count per Criticality and Ring' is
                    not displayed&#xD;
                    -&gt; Expected: some item equal to "App Count per Criticality and
                    Ring"&#xD;
                    -&gt; But was: &lt; "Devices by Ring" &gt; (1.5s)&#xD;
                    &#xD;
                    Then Chart with name 'App Criticality Coverage by Ring' is displayed&#xD;
                    -&gt; skipped because of previous errors&#xD;
                    &#xD;
                    When User unchecks 'Show charts' slide toggle&#xD;
                    -&gt; skipped because of previous errors&#xD;
                    &#xD;
                    Then Charts are not displayed&#xD;
                    -&gt; skipped because of previous errors&#xD;
                    &#xD;
                    &#xD;
                    -&gt; Test status is 'Failed'&#xD;
                    -&gt; Check screenshot by following path:
                    c:\Screenshots\EvergreenJnr_Planning_CheckThatUncheckingShowChartsToggleIsHidingCharts_2021_11_02_09_37_49.png&#xD;
                    -&gt; TEST STATUS WAS POSTED:
                    EvergreenJnr_Planning_CheckThatUncheckingShowChartsToggleIsHidingCharts&#xD;
                    -&gt; Test finished on:
                    https://automaster.internal.juriba.com/evergreen/#/planning/ringscoping/statistics?$projectId=183&#xD;
                    -&gt; 11/2/2021 9:37:50 AM - ERROR - Error during Custom list
                    deleting: System.Exception: Database query returns zero results&#xD;
                    -&gt; at
                    DashworksTestAutomation.Helpers.DatabaseHelper.ExecuteReader(String
                    query, Int32 columnIndex) in
                    C:\automaster\_work\3\s\DashworksTestAutomationCore\Helpers\DatabaseHelper.cs:line
                    59&#xD;
                    -&gt; at
                    DashworksTestAutomation.Steps.Dashworks.CustomList.AfterScenario.RemoveCustomListMethods.RemoveUserLists()
                    in
                    C:\automaster\_work\3\s\DashworksTestAutomationCore\Steps\Dashworks\CustomList\AfterScenario\RemoveCustomListMethods.cs:line
                    33&#xD;
                    -&gt; 11/2/2021 9:37:50 AM - ERROR - Error during Custom list
                    deleting: System.Exception: Database query returns zero results&#xD;
                    -&gt; at
                    DashworksTestAutomation.Helpers.DatabaseHelper.ExecuteReader(String
                    query, Int32 columnIndex) in
                    C:\automaster\_work\3\s\DashworksTestAutomationCore\Helpers\DatabaseHelper.cs:line
                    59&#xD;
                    -&gt; at
                    DashworksTestAutomation.Steps.Dashworks.CustomList.AfterScenario.RemoveCustomListMethods.RemoveUserLists()
                    in
                    C:\automaster\_work\3\s\DashworksTestAutomationCore\Steps\Dashworks\CustomList\AfterScenario\RemoveCustomListMethods.cs:line
                    33&#xD;
                    -&gt; 11/2/2021 9:37:50 AM - INFO - The '1_27010DAS_Project' project
                    with '183' id has been deleted&#xD;
                    -&gt; 11/2/2021 9:37:53 AM - INFO - TEST FINISHED:
                    EvergreenJnr_Planning_CheckThatUncheckingShowChartsToggleIsHidingCharts
                </StdOut>
                <StdErr>Chart with name 'App Count per Criticality and Ring' is not
                    displayed&#xD;
                    Expected: some item equal to "App Count per Criticality and Ring"&#xD;
                    But was: &lt; "Devices by Ring" &gt;&#xD;
                    System.Exception: Chart with name 'App Count per Criticality and
                    Ring' is not displayed&#xD;
                    Expected: some item equal to "App Count per Criticality and Ring"&#xD;
                    But was: &lt; "Devices by Ring" &gt;&#xD;
                    at AutomationUtils.Utils.Verify.That[TActual](TActual actual,
                    IResolveConstraint expression, String message, Object[] args)&#xD;
                    at AutomationUtils.Utils.Verify.Contains(Object expected,
                    ICollection actual, String message, Object[] args)&#xD;
                    at
                    DashworksTestAutomationCore.Steps.Dashworks.EvergreenJnr_RingScopingPage.ThenChartWithNameIsDisplayed(String
                    chartName) in
                    C:\automaster\_work\3\s\DashworksTestAutomationCore\Steps\Dashworks\Planning\RingScoping\EvergreenJnr_RingScopingPage.cs:line
                    54&#xD;
                    at TechTalk.SpecFlow.Bindings.BindingInvoker.InvokeBinding(IBinding
                    binding, IContextManager contextManager, Object[] arguments,
                    ITestTracer testTracer, TimeSpan&amp; duration) in
                    D:\a\1\s\TechTalk.SpecFlow\Bindings\BindingInvoker.cs:line 88&#xD;
                    at
                    TechTalk.SpecRun.SpecFlowPlugin.Runtime.RunnerTestExecutionEngine.ExecuteStepMatch(BindingMatch
                    match, Object[] arguments, TimeSpan&amp; duration)&#xD;
                    at
                    TechTalk.SpecFlow.Infrastructure.TestExecutionEngine.ExecuteStep(IContextManager
                    contextManager, StepInstance stepInstance) in
                    D:\a\1\s\TechTalk.SpecFlow\Infrastructure\TestExecutionEngine.cs:line
                    496&#xD;
                    at
                    TechTalk.SpecFlow.Infrastructure.TestExecutionEngine.OnAfterLastStep()
                    in
                    D:\a\1\s\TechTalk.SpecFlow\Infrastructure\TestExecutionEngine.cs:line
                    268&#xD;
                    at
                    TechTalk.SpecRun.SpecFlowPlugin.Runtime.RunnerTestExecutionEngine.OnAfterLastStep()&#xD;
                    at TechTalk.SpecFlow.TestRunner.CollectScenarioErrors() in
                    D:\a\1\s\TechTalk.SpecFlow\TestRunner.cs:line 60&#xD;
                    at
                    DashworksTestAutomationCore.Tests.EvergreenJnr.EvergreenJnr_Planning.Planning_RingScoping_Part9Feature.ScenarioCleanup()&#xD;
                    at
                    DashworksTestAutomationCore.Tests.EvergreenJnr.EvergreenJnr_Planning.Planning_RingScoping_Part9Feature.EvergreenJnr_Planning_CheckThatUncheckingShowChartsToggleIsHidingCharts()
                    in
                    C:\automaster\_work\3\s\DashworksTestAutomationCore\Tests\EvergreenJnr\EvergreenJnr_Planning\Planning_RingScoping_Part9.feature:line
                    48&#xD;
                    at
                    TechTalk.SpecRun.Framework.TaskExecutors.StaticOrInstanceMethodExecutor.ExecuteInternal(ITestThreadExecutionContext
                    testThreadExecutionContext)&#xD;
                    at
                    TechTalk.SpecRun.Framework.TaskExecutors.StaticOrInstanceMethodExecutor.Execute(ITestThreadExecutionContext
                    testThreadExecutionContext)&#xD;
                    at TechTalk.SpecRun.Framework.TestNodeTask.Execute()
                </StdErr>
                <ErrorInfo>
                    <Message>Chart with name 'App Count per Criticality and Ring' is not
                        displayed&#xD;
                        Expected: some item equal to "App Count per Criticality and
                        Ring"&#xD;
                        But was: &lt; "Devices by Ring" &gt;
                    </Message>
                    <StackTrace>System.Exception: Chart with name 'App Count per
                        Criticality and Ring' is not displayed&#xD;
                        Expected: some item equal to "App Count per Criticality and
                        Ring"&#xD;
                        But was: &lt; "Devices by Ring" &gt;&#xD;
                        at AutomationUtils.Utils.Verify.That[TActual](TActual actual,
                        IResolveConstraint expression, String message, Object[] args)&#xD;
                        at AutomationUtils.Utils.Verify.Contains(Object expected,
                        ICollection actual, String message, Object[] args)&#xD;
                        at
                        DashworksTestAutomationCore.Steps.Dashworks.EvergreenJnr_RingScopingPage.ThenChartWithNameIsDisplayed(String
                        chartName) in
                        C:\automaster\_work\3\s\DashworksTestAutomationCore\Steps\Dashworks\Planning\RingScoping\EvergreenJnr_RingScopingPage.cs:line
                        54&#xD;
                        at
                        TechTalk.SpecFlow.Bindings.BindingInvoker.InvokeBinding(IBinding
                        binding, IContextManager contextManager, Object[] arguments,
                        ITestTracer testTracer, TimeSpan&amp; duration) in
                        D:\a\1\s\TechTalk.SpecFlow\Bindings\BindingInvoker.cs:line 88&#xD;
                        at
                        TechTalk.SpecRun.SpecFlowPlugin.Runtime.RunnerTestExecutionEngine.ExecuteStepMatch(BindingMatch
                        match, Object[] arguments, TimeSpan&amp; duration)&#xD;
                        at
                        TechTalk.SpecFlow.Infrastructure.TestExecutionEngine.ExecuteStep(IContextManager
                        contextManager, StepInstance stepInstance) in
                        D:\a\1\s\TechTalk.SpecFlow\Infrastructure\TestExecutionEngine.cs:line
                        496&#xD;
                        at
                        TechTalk.SpecFlow.Infrastructure.TestExecutionEngine.OnAfterLastStep()
                        in
                        D:\a\1\s\TechTalk.SpecFlow\Infrastructure\TestExecutionEngine.cs:line
                        268&#xD;
                        at
                        TechTalk.SpecRun.SpecFlowPlugin.Runtime.RunnerTestExecutionEngine.OnAfterLastStep()&#xD;
                        at TechTalk.SpecFlow.TestRunner.CollectScenarioErrors() in
                        D:\a\1\s\TechTalk.SpecFlow\TestRunner.cs:line 60&#xD;
                        at
                        DashworksTestAutomationCore.Tests.EvergreenJnr.EvergreenJnr_Planning.Planning_RingScoping_Part9Feature.ScenarioCleanup()&#xD;
                        at
                        DashworksTestAutomationCore.Tests.EvergreenJnr.EvergreenJnr_Planning.Planning_RingScoping_Part9Feature.EvergreenJnr_Planning_CheckThatUncheckingShowChartsToggleIsHidingCharts()
                        in
                        C:\automaster\_work\3\s\DashworksTestAutomationCore\Tests\EvergreenJnr\EvergreenJnr_Planning\Planning_RingScoping_Part9.feature:line
                        48&#xD;
                        at
                        TechTalk.SpecRun.Framework.TaskExecutors.StaticOrInstanceMethodExecutor.ExecuteInternal(ITestThreadExecutionContext
                        testThreadExecutionContext)&#xD;
                        at
                        TechTalk.SpecRun.Framework.TaskExecutors.StaticOrInstanceMethodExecutor.Execute(ITestThreadExecutionContext
                        testThreadExecutionContext)&#xD;
                        at TechTalk.SpecRun.Framework.TestNodeTask.Execute()
                    </StackTrace>
                </ErrorInfo>
            </Output>
        </UnitTestResult>
        <UnitTestResult executionId="4ca95642-4f23-401f-9676-0507596c59a4"
                        testId="9f90ec0a-d594-1217-99fb-83a080104bf6"
                        testName="EvergreenJnr_Planning_CheckThatRingIsNotDisplayedInStatisticsWhenItIsHiddenInScopingParameters"
                        computerName="automaster" duration="00:01:52.7941797"
                        startTime="2021-11-02T09:32:39.9630986+00:00"
                        endTime="2021-11-02T09:34:32.7572783+00:00"
                        testType="13cdc9d9-ddb5-4fa4-a97d-d965ccfc6d4b" outcome="Passed"
                        testListId="8c84fa94-04c1-424b-9868-57a2d4851a1d"
                        relativeResultsDirectory="4ca95642-4f23-401f-9676-0507596c59a4">
            <Output>
                <StdOut>-&gt; 11/2/2021 9:32:39 AM - INFO - TEST STARTED:
                    EvergreenJnr_Planning_CheckThatRingIsNotDisplayedInStatisticsWhenItIsHiddenInScopingParameters&#xD;
                    &#xD;
                    Given User is logged in to the Evergreen&#xD;
                    -&gt; Navigating to the https://automaster.internal.juriba.com/&#xD;
                    -&gt; Navigating to the
                    https://automaster.internal.juriba.com/evergreen/&#xD;
                    -&gt; done: EvergreenJnr_Login.GivenUserIsLoggedInToTheEvergreen()
                    (3.5s)&#xD;
                    &#xD;
                    When Project created via API&#xD;
                    --- table step argument ---&#xD;
                    | ProjectName | Scope | ProjectTemplate | Mode |&#xD;
                    | 1_28750DAS_Project | All Devices | None | Standalone Project |&#xD;
                    -&gt; done: ProjectApiSteps.WhenUserCreateNewProjectViaApi(&lt;table&gt;)
                    (0.3s)&#xD;
                    &#xD;
                    When User creates new Ring via api&#xD;
                    --- table step argument ---&#xD;
                    | Name | Description | IsDefault | Project |&#xD;
                    | 1_28750DAS_Ring | 1_28750DAS_Desc | false | 1_28750DAS_Project |&#xD;
                    -&gt; done: CreateRingViaApi.WhenUserCreatesNewRingViaApi(&lt;table&gt;)
                    (1.1s)&#xD;
                    &#xD;
                    When User onboards objects to '1_28750DAS_Project' project&#xD;
                    --- table step argument ---&#xD;
                    | DeviceObjects |&#xD;
                    | 00BDM1JUR8IF419 |&#xD;
                    -&gt; done:
                    OnboardObjects.WhenUserOnboardsObjectsToTheProject("1_28750DAS_Project",
                    &lt;table&gt;) (63.0s)&#xD;
                    &#xD;
                    When User clicks 'Planning' on the left-hand menu&#xD;
                    -&gt; done:
                    EvergreenJnr_LeftHandMenuNavigation.WhenUserClicksOnTheLeft_HandMenu("Planning")
                    (1.6s)&#xD;
                    &#xD;
                    When User enters '1_28750DAS_Project' text in the Search field for
                    'Project' column&#xD;
                    -&gt; done:
                    EvergreenJnr_BaseGrid.WhenUserEntersTextInTheSearchFieldForColumn("1_28750DAS_Project",
                    "Project") (4.0s)&#xD;
                    &#xD;
                    When User clicks on '1_28750DAS_Project' cell from 'Project' column&#xD;
                    -&gt; done:
                    EvergreenJnr_BaseGrid.WhenUserClicksOnCellFromColumn("1_28750DAS_Project",
                    "Project") (7.1s)&#xD;
                    &#xD;
                    When User navigates to the 'Scoping Parameters' left submenu item&#xD;
                    -&gt; done:
                    EvergreenJnr_LeftMenuNavigation.WhenUserNavigatesToTheParentLeftSubmenuItem("Scoping
                    Parameters") (1.6s)&#xD;
                    &#xD;
                    When User selects 'Do not allow devices to be moved in or out, do
                    not show this ring in statistics' in the 'Allow devices to be moved
                    in and out of this ring' dropdown&#xD;
                    -&gt; done: DropdownSteps.WhenUserSelectsInTheDropdown("Do not allow
                    devi...", "Allow devices to ...") (1.3s)&#xD;
                    &#xD;
                    When User clicks 'Update' button&#xD;
                    -&gt; done: ButtonSteps.WhenUserClicksButton("Update") (0.1s)&#xD;
                    &#xD;
                    When User clicks 'Generate Statistics' button&#xD;
                    -&gt; done: ButtonSteps.WhenUserClicksButton("Generate Statistics")
                    (0.6s)&#xD;
                    &#xD;
                    Then 'Recalculation of statistics is complete' text is displayed on
                    inline success banner&#xD;
                    -&gt; done:
                    EvergreenJnr_BaseInlineTipBannerElement.ThenTextIsDisplayedOnInlineSuccessBanner("Recalculation
                    of ...") (10.5s)&#xD;
                    &#xD;
                    Then table is displayed&#xD;
                    -&gt; done: EvergreenJnr_BaseTable.ThenTableIsDisplayed() (1.5s)&#xD;
                    &#xD;
                    Then '1_28750DAS_Ring' column is not present in the table&#xD;
                    -&gt; done:
                    EvergreenJnr_BaseTable.ThenColumnIsNotPresentInTheTable("1_28750DAS_Ring")
                    (1.5s)&#xD;
                    &#xD;
                    Then Highchart that relates to '1_28750DAS_Ring' category is not
                    displayed in 'Devices by Ring' bar chart&#xD;
                    -&gt; done:
                    EvergreenJnr_RingScopingPage.ThenHighchartThatRelatesToCategoryIsNotDisplayedInBarChart("1_28750DAS_Ring",
                    "Devices by Ring") (1.5s)&#xD;
                    &#xD;
                    &#xD;
                    -&gt; Test status is 'Passed'&#xD;
                    -&gt; TEST STATUS WAS POSTED:
                    EvergreenJnr_Planning_CheckThatRingIsNotDisplayedInStatisticsWhenItIsHiddenInScopingParameters&#xD;
                    -&gt; Test finished on:
                    https://automaster.internal.juriba.com/evergreen/#/planning/ringscoping/statistics?$projectId=145&#xD;
                    -&gt; 11/2/2021 9:34:28 AM - ERROR - Error during Custom list
                    deleting: System.Exception: Database query returns zero results&#xD;
                    -&gt; at
                    DashworksTestAutomation.Helpers.DatabaseHelper.ExecuteReader(String
                    query, Int32 columnIndex) in
                    C:\automaster\_work\3\s\DashworksTestAutomationCore\Helpers\DatabaseHelper.cs:line
                    59&#xD;
                    -&gt; at
                    DashworksTestAutomation.Steps.Dashworks.CustomList.AfterScenario.RemoveCustomListMethods.RemoveUserLists()
                    in
                    C:\automaster\_work\3\s\DashworksTestAutomationCore\Steps\Dashworks\CustomList\AfterScenario\RemoveCustomListMethods.cs:line
                    33&#xD;
                    -&gt; 11/2/2021 9:34:28 AM - ERROR - Error during Custom list
                    deleting: System.Exception: Database query returns zero results&#xD;
                    -&gt; at
                    DashworksTestAutomation.Helpers.DatabaseHelper.ExecuteReader(String
                    query, Int32 columnIndex) in
                    C:\automaster\_work\3\s\DashworksTestAutomationCore\Helpers\DatabaseHelper.cs:line
                    59&#xD;
                    -&gt; at
                    DashworksTestAutomation.Steps.Dashworks.CustomList.AfterScenario.RemoveCustomListMethods.RemoveUserLists()
                    in
                    C:\automaster\_work\3\s\DashworksTestAutomationCore\Steps\Dashworks\CustomList\AfterScenario\RemoveCustomListMethods.cs:line
                    33&#xD;
                    -&gt; 11/2/2021 9:34:29 AM - INFO - The '1_28750DAS_Project' project
                    with '145' id has been deleted&#xD;
                    -&gt; 11/2/2021 9:34:32 AM - INFO - TEST FINISHED:
                    EvergreenJnr_Planning_CheckThatRingIsNotDisplayedInStatisticsWhenItIsHiddenInScopingParameters
                </StdOut>
            </Output>
        </UnitTestResult>
        <UnitTestResult executionId="e86d0251-1bf7-4c81-9cfb-d062e23ecebc"
                        testId="c112118f-31e2-02bc-7664-420a0e5c7f0c"
                        testName="EvergreenJnr_Planning_CheckThatDevicesThatAreNotNeededToHitCoverageTargetsDropdownHasRightValues"
                        computerName="automaster" duration="00:00:37.9285818"
                        startTime="2021-11-02T09:32:37.9099473+00:00"
                        endTime="2021-11-02T09:33:15.8385291+00:00"
                        testType="13cdc9d9-ddb5-4fa4-a97d-d965ccfc6d4b" outcome="Passed"
                        testListId="8c84fa94-04c1-424b-9868-57a2d4851a1d"
                        relativeResultsDirectory="e86d0251-1bf7-4c81-9cfb-d062e23ecebc">
            <Output>
                <StdOut>-&gt; 11/2/2021 9:32:37 AM - INFO - TEST STARTED:
                    EvergreenJnr_Planning_CheckThatDevicesThatAreNotNeededToHitCoverageTargetsDropdownHasRightValues&#xD;
                    &#xD;
                    Given User is logged in to the Evergreen&#xD;
                    -&gt; Navigating to the https://automaster.internal.juriba.com/&#xD;
                    -&gt; Navigating to the
                    https://automaster.internal.juriba.com/evergreen/&#xD;
                    -&gt; done: EvergreenJnr_Login.GivenUserIsLoggedInToTheEvergreen()
                    (3.5s)&#xD;
                    &#xD;
                    When User clicks 'Planning' on the left-hand menu&#xD;
                    -&gt; done:
                    EvergreenJnr_LeftHandMenuNavigation.WhenUserClicksOnTheLeft_HandMenu("Planning")
                    (2.5s)&#xD;
                    &#xD;
                    When User enters 'Ring Scoping Project' text in the Search field for
                    'Project' column&#xD;
                    -&gt; done:
                    EvergreenJnr_BaseGrid.WhenUserEntersTextInTheSearchFieldForColumn("Ring
                    Scoping Project", "Project") (5.0s)&#xD;
                    &#xD;
                    When User clicks on 'Ring Scoping Project' cell from 'Project'
                    column&#xD;
                    -&gt; done:
                    EvergreenJnr_BaseGrid.WhenUserClicksOnCellFromColumn("Ring Scoping
                    Project", "Project") (7.2s)&#xD;
                    &#xD;
                    When User navigates to the 'Scoping Parameters' left submenu item&#xD;
                    -&gt; done:
                    EvergreenJnr_LeftMenuNavigation.WhenUserNavigatesToTheParentLeftSubmenuItem("Scoping
                    Parameters") (1.6s)&#xD;
                    &#xD;
                    Then 'Devices that are not needed to hit coverage targets' dropdown
                    is not disabled&#xD;
                    -&gt; done: DropdownSteps.ThenDropdownIsNotDisabled("Devices that
                    are ...") (1.2s)&#xD;
                    &#xD;
                    Then 'Devices that are not needed to hit coverage targets' dropdown
                    is displayed&#xD;
                    -&gt; done: DropdownSteps.ThenDropdownIsDisplayed("Devices that are
                    ...") (0.6s)&#xD;
                    &#xD;
                    Then following Values are displayed in the 'Devices that are not
                    needed to hit coverage targets' dropdown:&#xD;
                    --- table step argument ---&#xD;
                    | Options |&#xD;
                    | Add to last possible ring |&#xD;
                    | Spread evenly between rings without coverage targets |&#xD;
                    | Spread evenly between all rings |&#xD;
                    -&gt; done:
                    DropdownSteps.ThenFollowingValuesAreDisplayedInTheDropdown("Devices
                    that are ...", &lt;table&gt;) (2.2s)&#xD;
                    &#xD;
                    &#xD;
                    -&gt; Test status is 'Passed'&#xD;
                    -&gt; TEST STATUS WAS POSTED:
                    EvergreenJnr_Planning_CheckThatDevicesThatAreNotNeededToHitCoverageTargetsDropdownHasRightValues&#xD;
                    -&gt; Test finished on:
                    https://automaster.internal.juriba.com/evergreen/#/planning/ringscoping/scopingParameters?$projectId=112&#xD;
                    -&gt; 11/2/2021 9:33:15 AM - INFO - TEST FINISHED:
                    EvergreenJnr_Planning_CheckThatDevicesThatAreNotNeededToHitCoverageTargetsDropdownHasRightValues
                </StdOut>
            </Output>
        </UnitTestResult>
        <UnitTestResult executionId="9401eb00-6e87-4f1d-ae3a-4e58a108906b"
                        testId="74e2633a-ad40-934c-6ee8-68a5d516ae9c"
                        testName="EvergreenJnr_Planning_CheckThatValidationMessagesIsNotDisplayingForTablesOnScopingParametersOnRingScopingPage"
                        computerName="automaster" duration="00:00:47.1574161"
                        startTime="2021-11-02T09:36:19.9570531+00:00"
                        endTime="2021-11-02T09:37:07.1144692+00:00"
                        testType="13cdc9d9-ddb5-4fa4-a97d-d965ccfc6d4b" outcome="Passed"
                        testListId="8c84fa94-04c1-424b-9868-57a2d4851a1d"
                        relativeResultsDirectory="9401eb00-6e87-4f1d-ae3a-4e58a108906b">
            <Output>
                <StdOut>-&gt; 11/2/2021 9:36:19 AM - INFO - TEST STARTED:
                    EvergreenJnr_Planning_CheckThatValidationMessagesIsNotDisplayingForTablesOnScopingParametersOnRingScopingPage&#xD;
                    &#xD;
                    Given User is logged in to the Evergreen&#xD;
                    -&gt; Navigating to the https://automaster.internal.juriba.com/&#xD;
                    -&gt; Navigating to the
                    https://automaster.internal.juriba.com/evergreen/&#xD;
                    -&gt; done: EvergreenJnr_Login.GivenUserIsLoggedInToTheEvergreen()
                    (6.3s)&#xD;
                    &#xD;
                    When User clicks 'Planning' on the left-hand menu&#xD;
                    -&gt; done:
                    EvergreenJnr_LeftHandMenuNavigation.WhenUserClicksOnTheLeft_HandMenu("Planning")
                    (1.9s)&#xD;
                    &#xD;
                    When User enters 'Ring Scoping Project' text in the Search field for
                    'Project' column&#xD;
                    -&gt; done:
                    EvergreenJnr_BaseGrid.WhenUserEntersTextInTheSearchFieldForColumn("Ring
                    Scoping Project", "Project") (4.4s)&#xD;
                    &#xD;
                    When User clicks on 'Ring Scoping Project' cell from 'Project'
                    column&#xD;
                    -&gt; done:
                    EvergreenJnr_BaseGrid.WhenUserClicksOnCellFromColumn("Ring Scoping
                    Project", "Project") (7.2s)&#xD;
                    &#xD;
                    When User navigates to the 'Scoping Parameters' left submenu item&#xD;
                    -&gt; done:
                    EvergreenJnr_LeftMenuNavigation.WhenUserNavigatesToTheParentLeftSubmenuItem("Scoping
                    Parameters") (1.6s)&#xD;
                    &#xD;
                    When User clicks 'Clear All' button&#xD;
                    -&gt; done: ButtonSteps.WhenUserClicksButton("Clear All") (0.8s)&#xD;
                    &#xD;
                    When User sets value to '3' for 'Minimum Number of Devices' column
                    and 'Pilot' row in 'Minimum and Maximum Number of Devices' table&#xD;
                    -&gt; done:
                    EvergreenJnr_BaseTable.WhenUserSetValueToForColumnAndRowInTable("3",
                    "Minimum Number of...", "Pilot", "Minimum and Maxim...") (2.0s)&#xD;
                    &#xD;
                    When User sets value to '2' for 'Minimum Number of Devices' column
                    and 'Pilot' row in 'Minimum and Maximum Number of Devices' table&#xD;
                    -&gt; done:
                    EvergreenJnr_BaseTable.WhenUserSetValueToForColumnAndRowInTable("2",
                    "Minimum Number of...", "Pilot", "Minimum and Maxim...") (2.0s)&#xD;
                    &#xD;
                    When User clicks on 'No minimum' textbox&#xD;
                    -&gt; done: InputSteps.WhenUserClicksOnTextbox("No minimum") (0.1s)&#xD;
                    &#xD;
                    Then message is not displayed for 'Minimum and Maximum Number of
                    Devices' table&#xD;
                    -&gt; done:
                    EvergreenJnr_BaseTable.ThenMessageIsNotDisplayedForTable("Minimum
                    and Maxim...") (3.1s)&#xD;
                    &#xD;
                    Then There are no errors in the browser console&#xD;
                    -&gt; done: BaseActions.ThenThereAreNoErrorsInTheBrowserConsole()
                    (1.5s)&#xD;
                    &#xD;
                    When User sets value to '2500' for 'Core' column and 'Minimum
                    Devices per App' row in 'Application Coverage Targets' table&#xD;
                    -&gt; done:
                    EvergreenJnr_BaseTable.WhenUserSetValueToForColumnAndRowInTable("2500",
                    "Core", "Minimum Devices p...", "Application Cover...") (2.0s)&#xD;
                    &#xD;
                    When User clicks on 'No minimum' textbox&#xD;
                    -&gt; done: InputSteps.WhenUserClicksOnTextbox("No minimum") (0.1s)&#xD;
                    &#xD;
                    Then message is not displayed for 'Application Coverage Targets'
                    table&#xD;
                    -&gt; done:
                    EvergreenJnr_BaseTable.ThenMessageIsNotDisplayedForTable("Application
                    Cover...") (3.1s)&#xD;
                    &#xD;
                    Then There are no errors in the browser console&#xD;
                    -&gt; done: BaseActions.ThenThereAreNoErrorsInTheBrowserConsole()
                    (1.5s)&#xD;
                    &#xD;
                    &#xD;
                    -&gt; Test status is 'Passed'&#xD;
                    -&gt; TEST STATUS WAS POSTED:
                    EvergreenJnr_Planning_CheckThatValidationMessagesIsNotDisplayingForTablesOnScopingParametersOnRingScopingPage&#xD;
                    -&gt; Test finished on:
                    https://automaster.internal.juriba.com/evergreen/#/planning/ringscoping/scopingParameters?$projectId=112&#xD;
                    -&gt; 11/2/2021 9:37:03 AM - ERROR - Error during Custom list
                    deleting: System.Exception: Database query returns zero results&#xD;
                    -&gt; at
                    DashworksTestAutomation.Helpers.DatabaseHelper.ExecuteReader(String
                    query, Int32 columnIndex) in
                    C:\automaster\_work\3\s\DashworksTestAutomationCore\Helpers\DatabaseHelper.cs:line
                    59&#xD;
                    -&gt; at
                    DashworksTestAutomation.Steps.Dashworks.CustomList.AfterScenario.RemoveCustomListMethods.RemoveUserLists()
                    in
                    C:\automaster\_work\3\s\DashworksTestAutomationCore\Steps\Dashworks\CustomList\AfterScenario\RemoveCustomListMethods.cs:line
                    33&#xD;
                    -&gt; 11/2/2021 9:37:03 AM - ERROR - Error during Custom list
                    deleting: System.Exception: Database query returns zero results&#xD;
                    -&gt; at
                    DashworksTestAutomation.Helpers.DatabaseHelper.ExecuteReader(String
                    query, Int32 columnIndex) in
                    C:\automaster\_work\3\s\DashworksTestAutomationCore\Helpers\DatabaseHelper.cs:line
                    59&#xD;
                    -&gt; at
                    DashworksTestAutomation.Steps.Dashworks.CustomList.AfterScenario.RemoveCustomListMethods.RemoveUserLists()
                    in
                    C:\automaster\_work\3\s\DashworksTestAutomationCore\Steps\Dashworks\CustomList\AfterScenario\RemoveCustomListMethods.cs:line
                    33&#xD;
                    -&gt; 11/2/2021 9:37:07 AM - INFO - TEST FINISHED:
                    EvergreenJnr_Planning_CheckThatValidationMessagesIsNotDisplayingForTablesOnScopingParametersOnRingScopingPage
                </StdOut>
            </Output>
        </UnitTestResult>
        <UnitTestResult executionId="6bad8581-1609-4aa9-a028-5f96a092881b"
                        testId="088babff-1828-9d03-7035-a25faa493d61"
                        testName="EvergreenJnr_Planning_CheckThatRedistributeAndRecalculateButtonsDisabledWhileProcessing"
                        computerName="automaster" duration="00:02:11.6822508"
                        startTime="2021-11-02T09:30:29.9019286+00:00"
                        endTime="2021-11-02T09:32:41.5841794+00:00"
                        testType="13cdc9d9-ddb5-4fa4-a97d-d965ccfc6d4b" outcome="Passed"
                        testListId="8c84fa94-04c1-424b-9868-57a2d4851a1d"
                        relativeResultsDirectory="6bad8581-1609-4aa9-a028-5f96a092881b">
            <Output>
                <StdOut>-&gt; -&gt; Loading plugin
                    C:\automaster\_work\3\s\DashworksTestAutomationCore\bin\Debug\netcoreapp3.1\DashworksTestAutomationCore.dll&#xD;
                    -&gt; -&gt; Missing [assembly:RuntimePlugin] attribute in
                    DashworksTestAutomationCore, Version=1.0.0.0, Culture=neutral,
                    PublicKeyToken=null. Please check
                    https://go.specflow.org/doc-plugins for details.&#xD;
                    -&gt; -&gt; Loading plugin
                    C:\automaster\_work\3\s\DashworksTestAutomationCore\bin\Debug\netcoreapp3.1\SpecRun.Runtime.SpecFlowPlugin.dll&#xD;
                    -&gt; -&gt; Using default config&#xD;
                    &#xD;
                    &#xD;
                    -&gt; 11/2/2021 9:30:30 AM - INFO - TEST STARTED:
                    EvergreenJnr_Planning_CheckThatRedistributeAndRecalculateButtonsDisabledWhileProcessing&#xD;
                    &#xD;
                    Given User is logged in to the Evergreen&#xD;
                    -&gt; 11/2/2021 9:30:45 AM - INFO - Graph Client provide switched to
                    '01HV72ABXDFGMZR3LO5RB3ZCZZG3PT4XM5'&#xD;
                    -&gt; Navigating to the https://automaster.internal.juriba.com/&#xD;
                    -&gt; Navigating to the
                    https://automaster.internal.juriba.com/evergreen/&#xD;
                    -&gt; done: EvergreenJnr_Login.GivenUserIsLoggedInToTheEvergreen()
                    (6.3s)&#xD;
                    &#xD;
                    When Project created via API&#xD;
                    --- table step argument ---&#xD;
                    | ProjectName | Scope | ProjectTemplate | Mode |&#xD;
                    | 1_25785DAS_Project | All Devices | None | Standalone Project |&#xD;
                    -&gt; done: ProjectApiSteps.WhenUserCreateNewProjectViaApi(&lt;table&gt;)
                    (2.6s)&#xD;
                    &#xD;
                    When User creates new Ring via api&#xD;
                    --- table step argument ---&#xD;
                    | Name | Description | IsDefault | Project |&#xD;
                    | 1_25785DAS_Ring | 1_25785DAS_Desc | FALSE | 1_25785DAS_Project |&#xD;
                    -&gt; done: CreateRingViaApi.WhenUserCreatesNewRingViaApi(&lt;table&gt;)
                    (3.7s)&#xD;
                    &#xD;
                    When User onboards objects to '1_25785DAS_Project' project&#xD;
                    --- table step argument ---&#xD;
                    | DeviceObjects |&#xD;
                    | 00BDM1JUR8IF419 |&#xD;
                    | 00K4CEEQ737BA4L |&#xD;
                    | 011PLA470S0B9DJ |&#xD;
                    -&gt; done:
                    OnboardObjects.WhenUserOnboardsObjectsToTheProject("1_25785DAS_Project",
                    &lt;table&gt;) (68.8s)&#xD;
                    &#xD;
                    When User clicks 'Planning' on the left-hand menu&#xD;
                    -&gt; done:
                    EvergreenJnr_LeftHandMenuNavigation.WhenUserClicksOnTheLeft_HandMenu("Planning")
                    (1.8s)&#xD;
                    &#xD;
                    When User enters '1_25785DAS_Project' text in the Search field for
                    'Project' column&#xD;
                    -&gt; done:
                    EvergreenJnr_BaseGrid.WhenUserEntersTextInTheSearchFieldForColumn("1_25785DAS_Project",
                    "Project") (7.9s)&#xD;
                    &#xD;
                    When User clicks on '1_25785DAS_Project' cell from 'Project' column&#xD;
                    -&gt; done:
                    EvergreenJnr_BaseGrid.WhenUserClicksOnCellFromColumn("1_25785DAS_Project",
                    "Project") (7.2s)&#xD;
                    &#xD;
                    When User clicks 'Generate Statistics' button&#xD;
                    -&gt; done: ButtonSteps.WhenUserClicksButton("Generate Statistics")
                    (0.1s)&#xD;
                    &#xD;
                    Then 'Recalculation of statistics is complete' text is displayed on
                    inline success banner&#xD;
                    -&gt; done:
                    EvergreenJnr_BaseInlineTipBannerElement.ThenTextIsDisplayedOnInlineSuccessBanner("Recalculation
                    of ...") (10.5s)&#xD;
                    &#xD;
                    Then 'Redistribute' button is not disabled&#xD;
                    -&gt; done: ButtonSteps.ThenButtonIsNotDisabled("Redistribute")
                    (1.6s)&#xD;
                    &#xD;
                    Then 'Recalculate Statistics' button is not disabled&#xD;
                    -&gt; done: ButtonSteps.ThenButtonIsNotDisabled("Recalculate
                    Stati...") (1.5s)&#xD;
                    &#xD;
                    &#xD;
                    -&gt; Test status is 'Passed'&#xD;
                    -&gt; TEST STATUS WAS POSTED:
                    EvergreenJnr_Planning_CheckThatRedistributeAndRecalculateButtonsDisabledWhileProcessing&#xD;
                    -&gt; Test finished on:
                    https://automaster.internal.juriba.com/evergreen/#/planning/ringscoping/statistics?$projectId=129&#xD;
                    -&gt; 11/2/2021 9:32:37 AM - ERROR - Error during Custom list
                    deleting: System.Exception: Database query returns zero results&#xD;
                    -&gt; at
                    DashworksTestAutomation.Helpers.DatabaseHelper.ExecuteReader(String
                    query, Int32 columnIndex) in
                    C:\automaster\_work\3\s\DashworksTestAutomationCore\Helpers\DatabaseHelper.cs:line
                    59&#xD;
                    -&gt; at
                    DashworksTestAutomation.Steps.Dashworks.CustomList.AfterScenario.RemoveCustomListMethods.RemoveUserLists()
                    in
                    C:\automaster\_work\3\s\DashworksTestAutomationCore\Steps\Dashworks\CustomList\AfterScenario\RemoveCustomListMethods.cs:line
                    33&#xD;
                    -&gt; 11/2/2021 9:32:37 AM - ERROR - Error during Custom list
                    deleting: System.Exception: Database query returns zero results&#xD;
                    -&gt; at
                    DashworksTestAutomation.Helpers.DatabaseHelper.ExecuteReader(String
                    query, Int32 columnIndex) in
                    C:\automaster\_work\3\s\DashworksTestAutomationCore\Helpers\DatabaseHelper.cs:line
                    59&#xD;
                    -&gt; at
                    DashworksTestAutomation.Steps.Dashworks.CustomList.AfterScenario.RemoveCustomListMethods.RemoveUserLists()
                    in
                    C:\automaster\_work\3\s\DashworksTestAutomationCore\Steps\Dashworks\CustomList\AfterScenario\RemoveCustomListMethods.cs:line
                    33&#xD;
                    -&gt; 11/2/2021 9:32:37 AM - INFO - The '1_25785DAS_Project' project
                    with '129' id has been deleted&#xD;
                    -&gt; 11/2/2021 9:32:41 AM - INFO - TEST FINISHED:
                    EvergreenJnr_Planning_CheckThatRedistributeAndRecalculateButtonsDisabledWhileProcessing
                </StdOut>
            </Output>
        </UnitTestResult>
        <UnitTestResult executionId="a00f145d-fd22-4185-a0fd-180772746676"
                        testId="47408c07-1c7b-886a-6f53-53359b0ec4b7"
                        testName="EvergreenJnr_Planning_CheckThatExcludeCheckboxesAreNotDisplayedInAppCoverageGrid"
                        computerName="automaster" duration="00:01:35.6606770"
                        startTime="2021-11-02T09:33:43.6812941+00:00"
                        endTime="2021-11-02T09:35:19.3419711+00:00"
                        testType="13cdc9d9-ddb5-4fa4-a97d-d965ccfc6d4b" outcome="Passed"
                        testListId="8c84fa94-04c1-424b-9868-57a2d4851a1d"
                        relativeResultsDirectory="a00f145d-fd22-4185-a0fd-180772746676">
            <Output>
                <StdOut>-&gt; 11/2/2021 9:33:43 AM - INFO - TEST STARTED:
                    EvergreenJnr_Planning_CheckThatExcludeCheckboxesAreNotDisplayedInAppCoverageGrid&#xD;
                    &#xD;
                    Given User is logged in to the Evergreen&#xD;
                    -&gt; Navigating to the https://automaster.internal.juriba.com/&#xD;
                    -&gt; Navigating to the
                    https://automaster.internal.juriba.com/evergreen/&#xD;
                    -&gt; done: EvergreenJnr_Login.GivenUserIsLoggedInToTheEvergreen()
                    (3.0s)&#xD;
                    &#xD;
                    Then Evergreen Dashboards page should be displayed to the user&#xD;
                    -&gt; done:
                    EvergreenJnr_Login.ThenEvergreenDashboardsPageShouldBeDisplayedToTheUser()
                    (1.9s)&#xD;
                    &#xD;
                    When Project created via API&#xD;
                    --- table step argument ---&#xD;
                    | ProjectName | Scope | ProjectTemplate | Mode |&#xD;
                    | 01_22920DAS_Project | All Devices | None | Standalone Project |&#xD;
                    -&gt; done: ProjectApiSteps.WhenUserCreateNewProjectViaApi(&lt;table&gt;)
                    (0.1s)&#xD;
                    &#xD;
                    When User clicks 'Planning' on the left-hand menu&#xD;
                    -&gt; done:
                    EvergreenJnr_LeftHandMenuNavigation.WhenUserClicksOnTheLeft_HandMenu("Planning")
                    (1.6s)&#xD;
                    &#xD;
                    When User clicks on '01_22920DAS_Project' cell from 'Project' column&#xD;
                    -&gt; done:
                    EvergreenJnr_BaseGrid.WhenUserClicksOnCellFromColumn("01_22920DAS_Project",
                    "Project") (3.7s)&#xD;
                    &#xD;
                    When User navigates to the 'Scoping Parameters' left submenu item&#xD;
                    -&gt; done:
                    EvergreenJnr_LeftMenuNavigation.WhenUserNavigatesToTheParentLeftSubmenuItem("Scoping
                    Parameters") (1.6s)&#xD;
                    &#xD;
                    Then 'Exclude Core apps' checkbox is not displayed&#xD;
                    -&gt; done: CheckboxSteps.ThenCheckboxIsNotDisplayed("Exclude Core
                    apps") (15.5s)&#xD;
                    &#xD;
                    Then 'Exclude Critical apps' checkbox is not displayed&#xD;
                    -&gt; done: CheckboxSteps.ThenCheckboxIsNotDisplayed("Exclude
                    Critical ...") (15.0s)&#xD;
                    &#xD;
                    Then 'Exclude Important apps' checkbox is not displayed&#xD;
                    -&gt; done: CheckboxSteps.ThenCheckboxIsNotDisplayed("Exclude
                    Important...") (15.5s)&#xD;
                    &#xD;
                    Then 'Exclude Not Important apps' checkbox is not displayed&#xD;
                    -&gt; done: CheckboxSteps.ThenCheckboxIsNotDisplayed("Exclude Not
                    Impor...") (15.5s)&#xD;
                    &#xD;
                    Then 'Exclude Uncategorised apps' checkbox is not displayed&#xD;
                    -&gt; done: CheckboxSteps.ThenCheckboxIsNotDisplayed("Exclude
                    Uncategor...") (15.5s)&#xD;
                    &#xD;
                    &#xD;
                    -&gt; Test status is 'Passed'&#xD;
                    -&gt; TEST STATUS WAS POSTED:
                    EvergreenJnr_Planning_CheckThatExcludeCheckboxesAreNotDisplayedInAppCoverageGrid&#xD;
                    -&gt; Test finished on:
                    https://automaster.internal.juriba.com/evergreen/#/planning/ringscoping/scopingParameters?$projectId=158&#xD;
                    -&gt; 11/2/2021 9:35:15 AM - ERROR - Error during Custom list
                    deleting: System.Exception: Database query returns zero results&#xD;
                    -&gt; at
                    DashworksTestAutomation.Helpers.DatabaseHelper.ExecuteReader(String
                    query, Int32 columnIndex) in
                    C:\automaster\_work\3\s\DashworksTestAutomationCore\Helpers\DatabaseHelper.cs:line
                    59&#xD;
                    -&gt; at
                    DashworksTestAutomation.Steps.Dashworks.CustomList.AfterScenario.RemoveCustomListMethods.RemoveUserLists()
                    in
                    C:\automaster\_work\3\s\DashworksTestAutomationCore\Steps\Dashworks\CustomList\AfterScenario\RemoveCustomListMethods.cs:line
                    33&#xD;
                    -&gt; 11/2/2021 9:35:15 AM - ERROR - Error during Custom list
                    deleting: System.Exception: Database query returns zero results&#xD;
                    -&gt; at
                    DashworksTestAutomation.Helpers.DatabaseHelper.ExecuteReader(String
                    query, Int32 columnIndex) in
                    C:\automaster\_work\3\s\DashworksTestAutomationCore\Helpers\DatabaseHelper.cs:line
                    59&#xD;
                    -&gt; at
                    DashworksTestAutomation.Steps.Dashworks.CustomList.AfterScenario.RemoveCustomListMethods.RemoveUserLists()
                    in
                    C:\automaster\_work\3\s\DashworksTestAutomationCore\Steps\Dashworks\CustomList\AfterScenario\RemoveCustomListMethods.cs:line
                    33&#xD;
                    -&gt; 11/2/2021 9:35:15 AM - INFO - The '01_22920DAS_Project'
                    project with '158' id has been deleted&#xD;
                    -&gt; 11/2/2021 9:35:19 AM - INFO - TEST FINISHED:
                    EvergreenJnr_Planning_CheckThatExcludeCheckboxesAreNotDisplayedInAppCoverageGrid
                </StdOut>
            </Output>
        </UnitTestResult>
        <UnitTestResult executionId="628468b3-bb90-44b3-a3ac-45f34452ffc1"
                        testId="e6db5a78-6984-aabc-c2ac-667a67c4f205"
                        testName="EvergreenJnr_Planning_CheckThatEvaluateSoftwareCheckboxIsCheckedAndDisabledByDefault"
                        computerName="automaster" duration="00:01:56.6957675"
                        startTime="2021-11-02T09:34:22.1321823+00:00"
                        endTime="2021-11-02T09:36:18.8279498+00:00"
                        testType="13cdc9d9-ddb5-4fa4-a97d-d965ccfc6d4b" outcome="Failed"
                        testListId="8c84fa94-04c1-424b-9868-57a2d4851a1d"
                        relativeResultsDirectory="628468b3-bb90-44b3-a3ac-45f34452ffc1">
            <Output>
                <StdOut>-&gt; 11/2/2021 9:34:22 AM - INFO - TEST STARTED:
                    EvergreenJnr_Planning_CheckThatEvaluateSoftwareCheckboxIsCheckedAndDisabledByDefault&#xD;
                    &#xD;
                    Given User is logged in to the Evergreen&#xD;
                    -&gt; Navigating to the https://automaster.internal.juriba.com/&#xD;
                    -&gt; Navigating to the
                    https://automaster.internal.juriba.com/evergreen/&#xD;
                    -&gt; done: EvergreenJnr_Login.GivenUserIsLoggedInToTheEvergreen()
                    (3.3s)&#xD;
                    &#xD;
                    When Project created via API&#xD;
                    --- table step argument ---&#xD;
                    | ProjectName | Scope | ProjectTemplate | Mode |&#xD;
                    | 1_25640DAS_Project | All Devices | None | Standalone Project |&#xD;
                    -&gt; done: ProjectApiSteps.WhenUserCreateNewProjectViaApi(&lt;table&gt;)
                    (0.1s)&#xD;
                    &#xD;
                    When User creates new Ring via api&#xD;
                    --- table step argument ---&#xD;
                    | Name | Description | IsDefault | Project |&#xD;
                    | 1_25640DAS_Ring | 1_25640DAS_Desc | false | 1_25640DAS_Project |&#xD;
                    -&gt; done: CreateRingViaApi.WhenUserCreatesNewRingViaApi(&lt;table&gt;)
                    (1.1s)&#xD;
                    &#xD;
                    When User onboards objects to '1_25640DAS_Project' project&#xD;
                    --- table step argument ---&#xD;
                    | DeviceObjects |&#xD;
                    | 00BDM1JUR8IF419 |&#xD;
                    -&gt; done:
                    OnboardObjects.WhenUserOnboardsObjectsToTheProject("1_25640DAS_Project",
                    &lt;table&gt;) (83.6s)&#xD;
                    &#xD;
                    When User clicks 'Planning' on the left-hand menu&#xD;
                    -&gt; done:
                    EvergreenJnr_LeftHandMenuNavigation.WhenUserClicksOnTheLeft_HandMenu("Planning")
                    (1.7s)&#xD;
                    &#xD;
                    When User enters '1_25640DAS_Project' text in the Search field for
                    'Project' column&#xD;
                    -&gt; done:
                    EvergreenJnr_BaseGrid.WhenUserEntersTextInTheSearchFieldForColumn("1_25640DAS_Project",
                    "Project") (6.0s)&#xD;
                    &#xD;
                    When User clicks on '1_25640DAS_Project' cell from 'Project' column&#xD;
                    -&gt; done:
                    EvergreenJnr_BaseGrid.WhenUserClicksOnCellFromColumn("1_25640DAS_Project",
                    "Project") (7.1s)&#xD;
                    &#xD;
                    When User navigates to the 'Scoping Parameters' left submenu item&#xD;
                    -&gt; done:
                    EvergreenJnr_LeftMenuNavigation.WhenUserNavigatesToTheParentLeftSubmenuItem("Scoping
                    Parameters") (1.6s)&#xD;
                    &#xD;
                    Then 'Evaluate Software' checkbox is checked&#xD;
                    -&gt; Expected True&#xD;
                    -&gt; But was: False&#xD;
                    -&gt; 'Evaluate Software' checkbox is not checked&#xD;
                    -&gt; error: 'Evaluate Software' checkbox is not checked&#xD;
                    -&gt; Expected: True&#xD;
                    -&gt; But was: False (0.6s)&#xD;
                    &#xD;
                    Then 'Evaluate Software' checkbox is disabled&#xD;
                    -&gt; skipped because of previous errors&#xD;
                    &#xD;
                    &#xD;
                    -&gt; Test status is 'Failed'&#xD;
                    -&gt; Check screenshot by following path:
                    c:\Screenshots\EvergreenJnr_Planning_CheckThatEvaluateSoftwareCheckboxIsCheckedAndDisabledByDefault_2021_11_02_09_36_14.png&#xD;
                    -&gt; TEST STATUS WAS POSTED:
                    EvergreenJnr_Planning_CheckThatEvaluateSoftwareCheckboxIsCheckedAndDisabledByDefault&#xD;
                    -&gt; Test finished on:
                    https://automaster.internal.juriba.com/evergreen/#/planning/ringscoping/scopingParameters?$projectId=160&#xD;
                    -&gt; 11/2/2021 9:36:15 AM - ERROR - Error during Custom list
                    deleting: System.Exception: Database query returns zero results&#xD;
                    -&gt; at
                    DashworksTestAutomation.Helpers.DatabaseHelper.ExecuteReader(String
                    query, Int32 columnIndex) in
                    C:\automaster\_work\3\s\DashworksTestAutomationCore\Helpers\DatabaseHelper.cs:line
                    59&#xD;
                    -&gt; at
                    DashworksTestAutomation.Steps.Dashworks.CustomList.AfterScenario.RemoveCustomListMethods.RemoveUserLists()
                    in
                    C:\automaster\_work\3\s\DashworksTestAutomationCore\Steps\Dashworks\CustomList\AfterScenario\RemoveCustomListMethods.cs:line
                    33&#xD;
                    -&gt; 11/2/2021 9:36:15 AM - ERROR - Error during Custom list
                    deleting: System.Exception: Database query returns zero results&#xD;
                    -&gt; at
                    DashworksTestAutomation.Helpers.DatabaseHelper.ExecuteReader(String
                    query, Int32 columnIndex) in
                    C:\automaster\_work\3\s\DashworksTestAutomationCore\Helpers\DatabaseHelper.cs:line
                    59&#xD;
                    -&gt; at
                    DashworksTestAutomation.Steps.Dashworks.CustomList.AfterScenario.RemoveCustomListMethods.RemoveUserLists()
                    in
                    C:\automaster\_work\3\s\DashworksTestAutomationCore\Steps\Dashworks\CustomList\AfterScenario\RemoveCustomListMethods.cs:line
                    33&#xD;
                    -&gt; 11/2/2021 9:36:15 AM - INFO - The '1_25640DAS_Project' project
                    with '160' id has been deleted&#xD;
                    -&gt; 11/2/2021 9:36:18 AM - INFO - TEST FINISHED:
                    EvergreenJnr_Planning_CheckThatEvaluateSoftwareCheckboxIsCheckedAndDisabledByDefault
                </StdOut>
                <StdErr>'Evaluate Software' checkbox is not checked&#xD;
                    Expected: True&#xD;
                    But was: False&#xD;
                    System.Exception: 'Evaluate Software' checkbox is not checked&#xD;
                    Expected: True&#xD;
                    But was: False&#xD;
                    at AutomationUtils.Utils.Verify.That[TActual](TActual actual,
                    IResolveConstraint expression, String message, Object[] args)&#xD;
                    at AutomationUtils.Utils.Verify.IsTrue(Nullable`1 condition, String
                    message, Object[] args)&#xD;
                    at
                    DashworksTestAutomationCore.Steps.Dashworks.Components.CheckboxSteps.ThenCheckboxIsChecked(String
                    checkbox) in
                    C:\automaster\_work\3\s\DashworksTestAutomationCore\Steps\Dashworks\Components\CheckboxSteps.cs:line
                    61&#xD;
                    at TechTalk.SpecFlow.Bindings.BindingInvoker.InvokeBinding(IBinding
                    binding, IContextManager contextManager, Object[] arguments,
                    ITestTracer testTracer, TimeSpan&amp; duration) in
                    D:\a\1\s\TechTalk.SpecFlow\Bindings\BindingInvoker.cs:line 88&#xD;
                    at
                    TechTalk.SpecRun.SpecFlowPlugin.Runtime.RunnerTestExecutionEngine.ExecuteStepMatch(BindingMatch
                    match, Object[] arguments, TimeSpan&amp; duration)&#xD;
                    at
                    TechTalk.SpecFlow.Infrastructure.TestExecutionEngine.ExecuteStep(IContextManager
                    contextManager, StepInstance stepInstance) in
                    D:\a\1\s\TechTalk.SpecFlow\Infrastructure\TestExecutionEngine.cs:line
                    496&#xD;
                    at
                    TechTalk.SpecFlow.Infrastructure.TestExecutionEngine.OnAfterLastStep()
                    in
                    D:\a\1\s\TechTalk.SpecFlow\Infrastructure\TestExecutionEngine.cs:line
                    268&#xD;
                    at
                    TechTalk.SpecRun.SpecFlowPlugin.Runtime.RunnerTestExecutionEngine.OnAfterLastStep()&#xD;
                    at TechTalk.SpecFlow.TestRunner.CollectScenarioErrors() in
                    D:\a\1\s\TechTalk.SpecFlow\TestRunner.cs:line 60&#xD;
                    at
                    DashworksTestAutomationCore.Tests.EvergreenJnr.EvergreenJnr_Planning.Planning_RingScoping_Part17Feature.ScenarioCleanup()&#xD;
                    at
                    DashworksTestAutomationCore.Tests.EvergreenJnr.EvergreenJnr_Planning.Planning_RingScoping_Part17Feature.EvergreenJnr_Planning_CheckThatEvaluateSoftwareCheckboxIsCheckedAndDisabledByDefault()
                    in
                    C:\automaster\_work\3\s\DashworksTestAutomationCore\Tests\EvergreenJnr\EvergreenJnr_Planning\Planning_RingScoping_Part17.feature:line
                    23&#xD;
                    at
                    TechTalk.SpecRun.Framework.TaskExecutors.StaticOrInstanceMethodExecutor.ExecuteInternal(ITestThreadExecutionContext
                    testThreadExecutionContext)&#xD;
                    at
                    TechTalk.SpecRun.Framework.TaskExecutors.StaticOrInstanceMethodExecutor.Execute(ITestThreadExecutionContext
                    testThreadExecutionContext)&#xD;
                    at TechTalk.SpecRun.Framework.TestNodeTask.Execute()
                </StdErr>
                <ErrorInfo>
                    <Message>'Evaluate Software' checkbox is not checked&#xD;
                        Expected: True&#xD;
                        But was: False
                    </Message>
                    <StackTrace>System.Exception: 'Evaluate Software' checkbox is not
                        checked&#xD;
                        Expected: True&#xD;
                        But was: False&#xD;
                        at AutomationUtils.Utils.Verify.That[TActual](TActual actual,
                        IResolveConstraint expression, String message, Object[] args)&#xD;
                        at AutomationUtils.Utils.Verify.IsTrue(Nullable`1 condition,
                        String message, Object[] args)&#xD;
                        at
                        DashworksTestAutomationCore.Steps.Dashworks.Components.CheckboxSteps.ThenCheckboxIsChecked(String
                        checkbox) in
                        C:\automaster\_work\3\s\DashworksTestAutomationCore\Steps\Dashworks\Components\CheckboxSteps.cs:line
                        61&#xD;
                        at
                        TechTalk.SpecFlow.Bindings.BindingInvoker.InvokeBinding(IBinding
                        binding, IContextManager contextManager, Object[] arguments,
                        ITestTracer testTracer, TimeSpan&amp; duration) in
                        D:\a\1\s\TechTalk.SpecFlow\Bindings\BindingInvoker.cs:line 88&#xD;
                        at
                        TechTalk.SpecRun.SpecFlowPlugin.Runtime.RunnerTestExecutionEngine.ExecuteStepMatch(BindingMatch
                        match, Object[] arguments, TimeSpan&amp; duration)&#xD;
                        at
                        TechTalk.SpecFlow.Infrastructure.TestExecutionEngine.ExecuteStep(IContextManager
                        contextManager, StepInstance stepInstance) in
                        D:\a\1\s\TechTalk.SpecFlow\Infrastructure\TestExecutionEngine.cs:line
                        496&#xD;
                        at
                        TechTalk.SpecFlow.Infrastructure.TestExecutionEngine.OnAfterLastStep()
                        in
                        D:\a\1\s\TechTalk.SpecFlow\Infrastructure\TestExecutionEngine.cs:line
                        268&#xD;
                        at
                        TechTalk.SpecRun.SpecFlowPlugin.Runtime.RunnerTestExecutionEngine.OnAfterLastStep()&#xD;
                        at TechTalk.SpecFlow.TestRunner.CollectScenarioErrors() in
                        D:\a\1\s\TechTalk.SpecFlow\TestRunner.cs:line 60&#xD;
                        at
                        DashworksTestAutomationCore.Tests.EvergreenJnr.EvergreenJnr_Planning.Planning_RingScoping_Part17Feature.ScenarioCleanup()&#xD;
                        at
                        DashworksTestAutomationCore.Tests.EvergreenJnr.EvergreenJnr_Planning.Planning_RingScoping_Part17Feature.EvergreenJnr_Planning_CheckThatEvaluateSoftwareCheckboxIsCheckedAndDisabledByDefault()
                        in
                        C:\automaster\_work\3\s\DashworksTestAutomationCore\Tests\EvergreenJnr\EvergreenJnr_Planning\Planning_RingScoping_Part17.feature:line
                        23&#xD;
                        at
                        TechTalk.SpecRun.Framework.TaskExecutors.StaticOrInstanceMethodExecutor.ExecuteInternal(ITestThreadExecutionContext
                        testThreadExecutionContext)&#xD;
                        at
                        TechTalk.SpecRun.Framework.TaskExecutors.StaticOrInstanceMethodExecutor.Execute(ITestThreadExecutionContext
                        testThreadExecutionContext)&#xD;
                        at TechTalk.SpecRun.Framework.TestNodeTask.Execute()
                    </StackTrace>
                </ErrorInfo>
            </Output>
        </UnitTestResult>
        <UnitTestResult executionId="e96cf3d5-6f93-4961-b69c-849361dcb0d9"
                        testId="ee3b8e75-2b18-1f95-7a44-8d208184a4c4"
                        testName="EvergreenJnr_Planning_CheckThatUserPreferencesOnStatisticsPageKeepSavedInOneSession"
                        computerName="automaster" duration="00:01:02.0955540"
                        startTime="2021-11-02T09:32:41.5849542+00:00"
                        endTime="2021-11-02T09:33:43.6805082+00:00"
                        testType="13cdc9d9-ddb5-4fa4-a97d-d965ccfc6d4b" outcome="Passed"
                        testListId="8c84fa94-04c1-424b-9868-57a2d4851a1d"
                        relativeResultsDirectory="e96cf3d5-6f93-4961-b69c-849361dcb0d9">
            <Output>
                <StdOut>-&gt; 11/2/2021 9:32:41 AM - INFO - TEST STARTED:
                    EvergreenJnr_Planning_CheckThatUserPreferencesOnStatisticsPageKeepSavedInOneSession&#xD;
                    &#xD;
                    Given User is logged in to the Evergreen&#xD;
                    -&gt; Navigating to the https://automaster.internal.juriba.com/&#xD;
                    -&gt; Navigating to the
                    https://automaster.internal.juriba.com/evergreen/&#xD;
                    -&gt; done: EvergreenJnr_Login.GivenUserIsLoggedInToTheEvergreen()
                    (3.2s)&#xD;
                    &#xD;
                    When User clicks 'Planning' on the left-hand menu&#xD;
                    -&gt; done:
                    EvergreenJnr_LeftHandMenuNavigation.WhenUserClicksOnTheLeft_HandMenu("Planning")
                    (2.7s)&#xD;
                    &#xD;
                    When User enters 'Ring Scoping Project' text in the Search field for
                    'Project' column&#xD;
                    -&gt; done:
                    EvergreenJnr_BaseGrid.WhenUserEntersTextInTheSearchFieldForColumn("Ring
                    Scoping Project", "Project") (6.0s)&#xD;
                    &#xD;
                    When User clicks on 'Ring Scoping Project' cell from 'Project'
                    column&#xD;
                    -&gt; done:
                    EvergreenJnr_BaseGrid.WhenUserClicksOnCellFromColumn("Ring Scoping
                    Project", "Project") (7.2s)&#xD;
                    &#xD;
                    When User checks 'Show target values' slide toggle&#xD;
                    -&gt; done: SlideToggleSteps.WhenUserChecksSlideToggle("Show target
                    values") (0.1s)&#xD;
                    &#xD;
                    When User unchecks 'Show charts' slide toggle&#xD;
                    -&gt; done: SlideToggleSteps.WhenUserUnchecksSlideToggle("Show
                    charts") (0.1s)&#xD;
                    &#xD;
                    When User selects 'Software' in the 'Summary' dropdown&#xD;
                    -&gt; done: DropdownSteps.WhenUserSelectsInTheDropdown("Software",
                    "Summary") (0.8s)&#xD;
                    &#xD;
                    Then 'Show charts' slide toggle is not checked&#xD;
                    -&gt; done: SlideToggleSteps.ThenSlideToggleIsNotChecked("Show
                    charts") (0.0s)&#xD;
                    &#xD;
                    Then Charts are not displayed&#xD;
                    -&gt; done: EvergreenJnr_RingScopingPage.ThenChartsAreNotDisplayed()
                    (1.5s)&#xD;
                    &#xD;
                    Then following data is displayed in the '0' column of the table&#xD;
                    --- table step argument ---&#xD;
                    | Fields |&#xD;
                    | Devices by Ring |&#xD;
                    | Cumulative Device Count |&#xD;
                    | Apps by Ring |&#xD;
                    | Cumulative App Count |&#xD;
                    | Core App Count |&#xD;
                    | Core App Coverage |&#xD;
                    | Core App Coverage Target |&#xD;
                    | Critical App Count |&#xD;
                    | Critical App Coverage |&#xD;
                    | Critical App Coverage Target |&#xD;
                    | Important App Count |&#xD;
                    | Important App Coverage |&#xD;
                    | Important App Coverage Target |&#xD;
                    | Not Important App Count |&#xD;
                    | Not Important App Coverage |&#xD;
                    | Not Important App Coverage Target |&#xD;
                    | Uncategorised App Count |&#xD;
                    | Uncategorised App Coverage |&#xD;
                    | Uncategorised App Coverage Target |&#xD;
                    -&gt; done:
                    EvergreenJnr_BaseTable.ThenFollowingDataIsDisplayedInTheColumnOfTheTable(0,
                    &lt;table&gt;) (2.2s)&#xD;
                    &#xD;
                    When User navigates to the 'Scoping Parameters' left submenu item&#xD;
                    -&gt; done:
                    EvergreenJnr_LeftMenuNavigation.WhenUserNavigatesToTheParentLeftSubmenuItem("Scoping
                    Parameters") (1.7s)&#xD;
                    &#xD;
                    When User navigates to the 'Statistics' left submenu item&#xD;
                    -&gt; done:
                    EvergreenJnr_LeftMenuNavigation.WhenUserNavigatesToTheParentLeftSubmenuItem("Statistics")
                    (2.3s)&#xD;
                    &#xD;
                    Then 'Show charts' slide toggle is not checked&#xD;
                    -&gt; done: SlideToggleSteps.ThenSlideToggleIsNotChecked("Show
                    charts") (0.6s)&#xD;
                    &#xD;
                    Then 'Show target values' slide toggle is checked&#xD;
                    -&gt; done: SlideToggleSteps.ThenSlideToggleIsChecked("Show target
                    values") (0.1s)&#xD;
                    &#xD;
                    Then 'Software' dropdown is displayed&#xD;
                    -&gt; done: DropdownSteps.ThenDropdownIsDisplayed("Software") (0.9s)&#xD;
                    &#xD;
                    Then following data is displayed in the '0' column of the table&#xD;
                    --- table step argument ---&#xD;
                    | Fields |&#xD;
                    | Devices by Ring |&#xD;
                    | Cumulative Device Count |&#xD;
                    | Apps by Ring |&#xD;
                    | Cumulative App Count |&#xD;
                    | Core App Count |&#xD;
                    | Core App Coverage |&#xD;
                    | Core App Coverage Target |&#xD;
                    | Critical App Count |&#xD;
                    | Critical App Coverage |&#xD;
                    | Critical App Coverage Target |&#xD;
                    | Important App Count |&#xD;
                    | Important App Coverage |&#xD;
                    | Important App Coverage Target |&#xD;
                    | Not Important App Count |&#xD;
                    | Not Important App Coverage |&#xD;
                    | Not Important App Coverage Target |&#xD;
                    | Uncategorised App Count |&#xD;
                    | Uncategorised App Coverage |&#xD;
                    | Uncategorised App Coverage Target |&#xD;
                    -&gt; done:
                    EvergreenJnr_BaseTable.ThenFollowingDataIsDisplayedInTheColumnOfTheTable(0,
                    &lt;table&gt;) (2.3s)&#xD;
                    &#xD;
                    When User clicks 'Planning' on the left-hand menu&#xD;
                    -&gt; done:
                    EvergreenJnr_LeftHandMenuNavigation.WhenUserClicksOnTheLeft_HandMenu("Planning")
                    (1.7s)&#xD;
                    &#xD;
                    When User enters 'Ring Scoping Project' text in the Search field for
                    'Project' column&#xD;
                    -&gt; done:
                    EvergreenJnr_BaseGrid.WhenUserEntersTextInTheSearchFieldForColumn("Ring
                    Scoping Project", "Project") (3.9s)&#xD;
                    &#xD;
                    When User clicks on 'Ring Scoping Project' cell from 'Project'
                    column&#xD;
                    -&gt; done:
                    EvergreenJnr_BaseGrid.WhenUserClicksOnCellFromColumn("Ring Scoping
                    Project", "Project") (7.1s)&#xD;
                    &#xD;
                    Then 'Show charts' slide toggle is checked&#xD;
                    -&gt; done: SlideToggleSteps.ThenSlideToggleIsChecked("Show charts")
                    (0.0s)&#xD;
                    &#xD;
                    Then 'Show target values' slide toggle is not checked&#xD;
                    -&gt; done: SlideToggleSteps.ThenSlideToggleIsNotChecked("Show
                    target values") (0.0s)&#xD;
                    &#xD;
                    Then 'Summary' dropdown is displayed&#xD;
                    -&gt; done: DropdownSteps.ThenDropdownIsDisplayed("Summary") (0.6s)&#xD;
                    &#xD;
                    Then Chart with name 'Devices by Ring' is displayed&#xD;
                    -&gt; done:
                    EvergreenJnr_RingScopingPage.ThenChartWithNameIsDisplayed("Devices
                    by Ring") (1.5s)&#xD;
                    &#xD;
                    Then following data is displayed in the '0' column of the table&#xD;
                    --- table step argument ---&#xD;
                    | Fields |&#xD;
                    | Devices by Ring |&#xD;
                    | Cumulative Device Count |&#xD;
                    | Apps by Ring |&#xD;
                    | Cumulative App Count |&#xD;
                    | Core App Coverage |&#xD;
                    | Critical App Coverage |&#xD;
                    | Important App Coverage |&#xD;
                    | Not Important App Coverage |&#xD;
                    | Uncategorised App Coverage |&#xD;
                    -&gt; done:
                    EvergreenJnr_BaseTable.ThenFollowingDataIsDisplayedInTheColumnOfTheTable(0,
                    &lt;table&gt;) (1.8s)&#xD;
                    &#xD;
                    &#xD;
                    -&gt; Test status is 'Passed'&#xD;
                    -&gt; TEST STATUS WAS POSTED:
                    EvergreenJnr_Planning_CheckThatUserPreferencesOnStatisticsPageKeepSavedInOneSession&#xD;
                    -&gt; Test finished on:
                    https://automaster.internal.juriba.com/evergreen/#/planning/ringscoping/statistics?$projectId=112&#xD;
                    -&gt; 11/2/2021 9:33:43 AM - INFO - TEST FINISHED:
                    EvergreenJnr_Planning_CheckThatUserPreferencesOnStatisticsPageKeepSavedInOneSession
                </StdOut>
            </Output>
        </UnitTestResult>
        <UnitTestResult executionId="a2d0f310-e033-4a2e-ad48-0e7994aafcd4"
                        testId="474cb37e-4928-eb30-232f-36566f4cd3fa"
                        testName="EvergreenJnr_Planning_CheckThatTableHasACorrectValuesOnScopingParametersPageFromRingScoping"
                        computerName="automaster" duration="00:00:32.7912709"
                        startTime="2021-11-02T09:35:59.3357949+00:00"
                        endTime="2021-11-02T09:36:32.1270658+00:00"
                        testType="13cdc9d9-ddb5-4fa4-a97d-d965ccfc6d4b" outcome="Failed"
                        testListId="8c84fa94-04c1-424b-9868-57a2d4851a1d"
                        relativeResultsDirectory="a2d0f310-e033-4a2e-ad48-0e7994aafcd4">
            <Output>
                <StdOut>-&gt; 11/2/2021 9:35:59 AM - INFO - TEST STARTED:
                    EvergreenJnr_Planning_CheckThatTableHasACorrectValuesOnScopingParametersPageFromRingScoping&#xD;
                    &#xD;
                    Given User is logged in to the Evergreen&#xD;
                    -&gt; Navigating to the https://automaster.internal.juriba.com/&#xD;
                    -&gt; Navigating to the
                    https://automaster.internal.juriba.com/evergreen/&#xD;
                    -&gt; done: EvergreenJnr_Login.GivenUserIsLoggedInToTheEvergreen()
                    (2.5s)&#xD;
                    &#xD;
                    When Project created via API and opened&#xD;
                    --- table step argument ---&#xD;
                    | ProjectName | Scope | ProjectTemplate | Mode |&#xD;
                    | 1_26727DAS_Project | All Devices | None | Standalone Project |&#xD;
                    -&gt; done: ProjectApiSteps.WhenUserCreateNewProjectViaApiAndOpened(&lt;table&gt;)
                    (3.5s)&#xD;
                    &#xD;
                    When User clicks 'Planning' on the left-hand menu&#xD;
                    -&gt; done:
                    EvergreenJnr_LeftHandMenuNavigation.WhenUserClicksOnTheLeft_HandMenu("Planning")
                    (1.6s)&#xD;
                    &#xD;
                    When User enters '1_26727DAS_Project' text in the Search field for
                    'Project' column&#xD;
                    -&gt; done:
                    EvergreenJnr_BaseGrid.WhenUserEntersTextInTheSearchFieldForColumn("1_26727DAS_Project",
                    "Project") (4.3s)&#xD;
                    &#xD;
                    When User clicks on '1_26727DAS_Project' cell from 'Project' column&#xD;
                    -&gt; done:
                    EvergreenJnr_BaseGrid.WhenUserClicksOnCellFromColumn("1_26727DAS_Project",
                    "Project") (7.1s)&#xD;
                    &#xD;
                    When User navigates to the 'Scoping Parameters' left submenu item&#xD;
                    -&gt; done:
                    EvergreenJnr_LeftMenuNavigation.WhenUserNavigatesToTheParentLeftSubmenuItem("Scoping
                    Parameters") (1.6s)&#xD;
                    &#xD;
                    Then following data is displayed in the 'Core' column of the
                    'Application Coverage Targets' table&#xD;
                    --- table step argument ---&#xD;
                    | Fields |&#xD;
                    | |&#xD;
                    | No target % |&#xD;
                    -&gt; error: There is no table with 'Application Coverage Targets'
                    title (3.6s)&#xD;
                    &#xD;
                    Then following data is displayed in the 'Critical' column of the
                    'Application Coverage Targets' table&#xD;
                    --- table step argument ---&#xD;
                    | Fields |&#xD;
                    | |&#xD;
                    | No target % |&#xD;
                    -&gt; skipped because of previous errors&#xD;
                    &#xD;
                    Then following data is displayed in the 'Important' column of the
                    'Application Coverage Targets' table&#xD;
                    --- table step argument ---&#xD;
                    | Fields |&#xD;
                    | |&#xD;
                    | No target % |&#xD;
                    -&gt; skipped because of previous errors&#xD;
                    &#xD;
                    Then following data is displayed in the 'Not Important' column of
                    the 'Application Coverage Targets' table&#xD;
                    --- table step argument ---&#xD;
                    | Fields |&#xD;
                    | |&#xD;
                    | No target % |&#xD;
                    -&gt; skipped because of previous errors&#xD;
                    &#xD;
                    Then following data is displayed in the 'Uncategorised' column of
                    the 'Application Coverage Targets' table&#xD;
                    --- table step argument ---&#xD;
                    | Fields |&#xD;
                    | |&#xD;
                    | No target % |&#xD;
                    -&gt; skipped because of previous errors&#xD;
                    &#xD;
                    &#xD;
                    -&gt; Test status is 'Failed'&#xD;
                    -&gt; Check screenshot by following path:
                    c:\Screenshots\EvergreenJnr_Planning_CheckThatTableHasACorrectValuesOnScopingParametersPageFromRingScoping_2021_11_02_09_36_27.png&#xD;
                    -&gt; TEST STATUS WAS POSTED:
                    EvergreenJnr_Planning_CheckThatTableHasACorrectValuesOnScopingParametersPageFromRingScoping&#xD;
                    -&gt; Test finished on:
                    https://automaster.internal.juriba.com/evergreen/#/planning/ringscoping/scopingParameters?$projectId=178&#xD;
                    -&gt; 11/2/2021 9:36:27 AM - ERROR - Error during Custom list
                    deleting: System.Exception: Database query returns zero results&#xD;
                    -&gt; at
                    DashworksTestAutomation.Helpers.DatabaseHelper.ExecuteReader(String
                    query, Int32 columnIndex) in
                    C:\automaster\_work\3\s\DashworksTestAutomationCore\Helpers\DatabaseHelper.cs:line
                    59&#xD;
                    -&gt; at
                    DashworksTestAutomation.Steps.Dashworks.CustomList.AfterScenario.RemoveCustomListMethods.RemoveUserLists()
                    in
                    C:\automaster\_work\3\s\DashworksTestAutomationCore\Steps\Dashworks\CustomList\AfterScenario\RemoveCustomListMethods.cs:line
                    33&#xD;
                    -&gt; 11/2/2021 9:36:27 AM - ERROR - Error during Custom list
                    deleting: System.Exception: Database query returns zero results&#xD;
                    -&gt; at
                    DashworksTestAutomation.Helpers.DatabaseHelper.ExecuteReader(String
                    query, Int32 columnIndex) in
                    C:\automaster\_work\3\s\DashworksTestAutomationCore\Helpers\DatabaseHelper.cs:line
                    59&#xD;
                    -&gt; at
                    DashworksTestAutomation.Steps.Dashworks.CustomList.AfterScenario.RemoveCustomListMethods.RemoveUserLists()
                    in
                    C:\automaster\_work\3\s\DashworksTestAutomationCore\Steps\Dashworks\CustomList\AfterScenario\RemoveCustomListMethods.cs:line
                    33&#xD;
                    -&gt; 11/2/2021 9:36:28 AM - INFO - The '1_26727DAS_Project' project
                    with '178' id has been deleted&#xD;
                    -&gt; 11/2/2021 9:36:32 AM - INFO - TEST FINISHED:
                    EvergreenJnr_Planning_CheckThatTableHasACorrectValuesOnScopingParametersPageFromRingScoping
                </StdOut>
                <StdErr>There is no table with 'Application Coverage Targets' title&#xD;
                    System.Exception: There is no table with 'Application Coverage
                    Targets' title&#xD;
                    at
                    DashworksTestAutomation.Pages.Evergreen.ItemDetails.BaseTable.GetTableByTitle(String
                    title) in
                    C:\automaster\_work\3\s\DashworksTestAutomationCore\Pages\Evergreen\ItemDetails\BaseTable.cs:line
                    273&#xD;
                    at
                    DashworksTestAutomation.Steps.Dashworks.ItemDetailsPage.EvergreenJnr_BaseTable.ThenFollowingDataIsDisplayedInTheColumnOfSelectedTable(String
                    columnName, String title, Table table) in
                    C:\automaster\_work\3\s\DashworksTestAutomationCore\Steps\Dashworks\ItemDetailsPage\EvergreenJnr_BaseTable.cs:line
                    54&#xD;
                    at TechTalk.SpecFlow.Bindings.BindingInvoker.InvokeBinding(IBinding
                    binding, IContextManager contextManager, Object[] arguments,
                    ITestTracer testTracer, TimeSpan&amp; duration) in
                    D:\a\1\s\TechTalk.SpecFlow\Bindings\BindingInvoker.cs:line 88&#xD;
                    at
                    TechTalk.SpecRun.SpecFlowPlugin.Runtime.RunnerTestExecutionEngine.ExecuteStepMatch(BindingMatch
                    match, Object[] arguments, TimeSpan&amp; duration)&#xD;
                    at
                    TechTalk.SpecFlow.Infrastructure.TestExecutionEngine.ExecuteStep(IContextManager
                    contextManager, StepInstance stepInstance) in
                    D:\a\1\s\TechTalk.SpecFlow\Infrastructure\TestExecutionEngine.cs:line
                    496&#xD;
                    at
                    TechTalk.SpecFlow.Infrastructure.TestExecutionEngine.OnAfterLastStep()
                    in
                    D:\a\1\s\TechTalk.SpecFlow\Infrastructure\TestExecutionEngine.cs:line
                    268&#xD;
                    at
                    TechTalk.SpecRun.SpecFlowPlugin.Runtime.RunnerTestExecutionEngine.OnAfterLastStep()&#xD;
                    at TechTalk.SpecFlow.TestRunner.CollectScenarioErrors() in
                    D:\a\1\s\TechTalk.SpecFlow\TestRunner.cs:line 60&#xD;
                    at
                    DashworksTestAutomationCore.Tests.EvergreenJnr.EvergreenJnr_Planning.Planning_RingScoping_Part6Feature.ScenarioCleanup()&#xD;
                    at
                    DashworksTestAutomationCore.Tests.EvergreenJnr.EvergreenJnr_Planning.Planning_RingScoping_Part6Feature.EvergreenJnr_Planning_CheckThatTableHasACorrectValuesOnScopingParametersPageFromRingScoping()
                    in
                    C:\automaster\_work\3\s\DashworksTestAutomationCore\Tests\EvergreenJnr\EvergreenJnr_Planning\Planning_RingScoping_Part6.feature:line
                    89&#xD;
                    at
                    TechTalk.SpecRun.Framework.TaskExecutors.StaticOrInstanceMethodExecutor.ExecuteInternal(ITestThreadExecutionContext
                    testThreadExecutionContext)&#xD;
                    at
                    TechTalk.SpecRun.Framework.TaskExecutors.StaticOrInstanceMethodExecutor.Execute(ITestThreadExecutionContext
                    testThreadExecutionContext)&#xD;
                    at TechTalk.SpecRun.Framework.TestNodeTask.Execute()
                </StdErr>
                <ErrorInfo>
                    <Message>There is no table with 'Application Coverage Targets'
                        title
                    </Message>
                    <StackTrace>System.Exception: There is no table with 'Application
                        Coverage Targets' title&#xD;
                        at
                        DashworksTestAutomation.Pages.Evergreen.ItemDetails.BaseTable.GetTableByTitle(String
                        title) in
                        C:\automaster\_work\3\s\DashworksTestAutomationCore\Pages\Evergreen\ItemDetails\BaseTable.cs:line
                        273&#xD;
                        at
                        DashworksTestAutomation.Steps.Dashworks.ItemDetailsPage.EvergreenJnr_BaseTable.ThenFollowingDataIsDisplayedInTheColumnOfSelectedTable(String
                        columnName, String title, Table table) in
                        C:\automaster\_work\3\s\DashworksTestAutomationCore\Steps\Dashworks\ItemDetailsPage\EvergreenJnr_BaseTable.cs:line
                        54&#xD;
                        at
                        TechTalk.SpecFlow.Bindings.BindingInvoker.InvokeBinding(IBinding
                        binding, IContextManager contextManager, Object[] arguments,
                        ITestTracer testTracer, TimeSpan&amp; duration) in
                        D:\a\1\s\TechTalk.SpecFlow\Bindings\BindingInvoker.cs:line 88&#xD;
                        at
                        TechTalk.SpecRun.SpecFlowPlugin.Runtime.RunnerTestExecutionEngine.ExecuteStepMatch(BindingMatch
                        match, Object[] arguments, TimeSpan&amp; duration)&#xD;
                        at
                        TechTalk.SpecFlow.Infrastructure.TestExecutionEngine.ExecuteStep(IContextManager
                        contextManager, StepInstance stepInstance) in
                        D:\a\1\s\TechTalk.SpecFlow\Infrastructure\TestExecutionEngine.cs:line
                        496&#xD;
                        at
                        TechTalk.SpecFlow.Infrastructure.TestExecutionEngine.OnAfterLastStep()
                        in
                        D:\a\1\s\TechTalk.SpecFlow\Infrastructure\TestExecutionEngine.cs:line
                        268&#xD;
                        at
                        TechTalk.SpecRun.SpecFlowPlugin.Runtime.RunnerTestExecutionEngine.OnAfterLastStep()&#xD;
                        at TechTalk.SpecFlow.TestRunner.CollectScenarioErrors() in
                        D:\a\1\s\TechTalk.SpecFlow\TestRunner.cs:line 60&#xD;
                        at
                        DashworksTestAutomationCore.Tests.EvergreenJnr.EvergreenJnr_Planning.Planning_RingScoping_Part6Feature.ScenarioCleanup()&#xD;
                        at
                        DashworksTestAutomationCore.Tests.EvergreenJnr.EvergreenJnr_Planning.Planning_RingScoping_Part6Feature.EvergreenJnr_Planning_CheckThatTableHasACorrectValuesOnScopingParametersPageFromRingScoping()
                        in
                        C:\automaster\_work\3\s\DashworksTestAutomationCore\Tests\EvergreenJnr\EvergreenJnr_Planning\Planning_RingScoping_Part6.feature:line
                        89&#xD;
                        at
                        TechTalk.SpecRun.Framework.TaskExecutors.StaticOrInstanceMethodExecutor.ExecuteInternal(ITestThreadExecutionContext
                        testThreadExecutionContext)&#xD;
                        at
                        TechTalk.SpecRun.Framework.TaskExecutors.StaticOrInstanceMethodExecutor.Execute(ITestThreadExecutionContext
                        testThreadExecutionContext)&#xD;
                        at TechTalk.SpecRun.Framework.TestNodeTask.Execute()
                    </StackTrace>
                </ErrorInfo>
            </Output>
        </UnitTestResult>
        <UnitTestResult executionId="85b87365-fc26-41c2-9da4-64d0f3273f69"
                        testId="ca054848-a5fa-0f18-61b7-d31e76dc5e29"
                        testName="EvergreenJnr_Planning_CheckThatItsReachedTargetedCoverageOfChoosedRingOnStatisticPageFromRingScoping"
                        computerName="automaster" duration="00:00:56.3365530"
                        startTime="2021-11-02T09:36:28.6501352+00:00"
                        endTime="2021-11-02T09:37:24.9866882+00:00"
                        testType="13cdc9d9-ddb5-4fa4-a97d-d965ccfc6d4b" outcome="Passed"
                        testListId="8c84fa94-04c1-424b-9868-57a2d4851a1d"
                        relativeResultsDirectory="85b87365-fc26-41c2-9da4-64d0f3273f69">
            <Output>
                <StdOut>-&gt; 11/2/2021 9:36:28 AM - INFO - TEST STARTED:
                    EvergreenJnr_Planning_CheckThatItsReachedTargetedCoverageOfChoosedRingOnStatisticPageFromRingScoping&#xD;
                    &#xD;
                    Given User is logged in to the Evergreen&#xD;
                    -&gt; Navigating to the https://automaster.internal.juriba.com/&#xD;
                    -&gt; Navigating to the
                    https://automaster.internal.juriba.com/evergreen/&#xD;
                    -&gt; done: EvergreenJnr_Login.GivenUserIsLoggedInToTheEvergreen()
                    (2.3s)&#xD;
                    &#xD;
                    When User clicks 'Planning' on the left-hand menu&#xD;
                    -&gt; done:
                    EvergreenJnr_LeftHandMenuNavigation.WhenUserClicksOnTheLeft_HandMenu("Planning")
                    (1.5s)&#xD;
                    &#xD;
                    When User enters 'Ring Scoping Project' text in the Search field for
                    'Project' column&#xD;
                    -&gt; done:
                    EvergreenJnr_BaseGrid.WhenUserEntersTextInTheSearchFieldForColumn("Ring
                    Scoping Project", "Project") (4.0s)&#xD;
                    &#xD;
                    When User clicks on 'Ring Scoping Project' cell from 'Project'
                    column&#xD;
                    -&gt; done:
                    EvergreenJnr_BaseGrid.WhenUserClicksOnCellFromColumn("Ring Scoping
                    Project", "Project") (7.1s)&#xD;
                    &#xD;
                    When User navigates to the 'Scoping Parameters' left submenu item&#xD;
                    -&gt; done:
                    EvergreenJnr_LeftMenuNavigation.WhenUserNavigatesToTheParentLeftSubmenuItem("Scoping
                    Parameters") (1.7s)&#xD;
                    &#xD;
                    When User clicks 'Clear All' button after loading&#xD;
                    -&gt; done: ButtonSteps.WhenUserClicksButtonAfterLoading("Clear
                    All") (2.1s)&#xD;
                    &#xD;
                    When User selects 'Allow devices to be moved in and out of this
                    ring' in the 'Allow devices to be moved out of this ring, but not
                    into it' dropdown&#xD;
                    -&gt; done: DropdownSteps.WhenUserSelectsInTheDropdown("Allow
                    devices to ...", "Allow devices to ...") (0.9s)&#xD;
                    &#xD;
                    When User sets value to '10' for 'Minimum Number of Devices' column
                    and 'Unassigned' row in 'Minimum and Maximum Number of Devices'
                    table&#xD;
                    -&gt; done:
                    EvergreenJnr_BaseTable.WhenUserSetValueToForColumnAndRowInTable("10",
                    "Minimum Number of...", "Unassigned", "Minimum and Maxim...") (2.0s)&#xD;
                    &#xD;
                    When User clicks 'Update And Redistribute' button&#xD;
                    -&gt; done: ButtonSteps.WhenUserClicksButton("Update And Redist...")
                    (0.1s)&#xD;
                    &#xD;
                    When User clicks 'Commit Changes Without Preview' button&#xD;
                    -&gt; done: ButtonSteps.WhenUserClicksButton("Commit Changes Wi...")
                    (0.8s)&#xD;
                    &#xD;
                    When User navigates to the 'Scoping Parameters' left submenu item&#xD;
                    -&gt; done:
                    EvergreenJnr_LeftMenuNavigation.WhenUserNavigatesToTheParentLeftSubmenuItem("Scoping
                    Parameters") (1.7s)&#xD;
                    &#xD;
                    When User selects 'Allow devices to be moved out of this ring, but
                    not into it' in the 'Allow devices to be moved in and out of this
                    ring' dropdown&#xD;
                    -&gt; done: DropdownSteps.WhenUserSelectsInTheDropdown("Allow
                    devices to ...", "Allow devices to ...") (1.9s)&#xD;
                    &#xD;
                    When User clicks 'Clear All' button&#xD;
                    -&gt; done: ButtonSteps.WhenUserClicksButton("Clear All") (0.1s)&#xD;
                    &#xD;
                    When User sets value to '1' for 'Minimum Number of Devices' column
                    and 'Pilot' row in 'Minimum and Maximum Number of Devices' table&#xD;
                    -&gt; done:
                    EvergreenJnr_BaseTable.WhenUserSetValueToForColumnAndRowInTable("1",
                    "Minimum Number of...", "Pilot", "Minimum and Maxim...") (1.9s)&#xD;
                    &#xD;
                    When User sets value to '1' for 'Minimum Number of Devices' column
                    and 'Early Adopters' row in 'Minimum and Maximum Number of Devices'
                    table&#xD;
                    -&gt; done:
                    EvergreenJnr_BaseTable.WhenUserSetValueToForColumnAndRowInTable("1",
                    "Minimum Number of...", "Early Adopters", "Minimum and Maxim...")
                    (1.9s)&#xD;
                    &#xD;
                    When User sets value to '100' for 'Core' column and 'Pilot' row in
                    'Application Coverage Targets' table&#xD;
                    -&gt; done:
                    EvergreenJnr_BaseTable.WhenUserSetValueToForColumnAndRowInTable("100",
                    "Core", "Pilot", "Application Cover...") (1.9s)&#xD;
                    &#xD;
                    When User sets value to '100' for 'Critical' column and 'Early
                    Adopters' row in 'Application Coverage Targets' table&#xD;
                    -&gt; done:
                    EvergreenJnr_BaseTable.WhenUserSetValueToForColumnAndRowInTable("100",
                    "Critical", "Early Adopters", "Application Cover...") (1.9s)&#xD;
                    &#xD;
                    When User clicks 'Update And Redistribute' button&#xD;
                    -&gt; done: ButtonSteps.WhenUserClicksButton("Update And Redist...")
                    (0.1s)&#xD;
                    &#xD;
                    When User clicks 'Commit Changes Without Preview' button&#xD;
                    -&gt; done: ButtonSteps.WhenUserClicksButton("Commit Changes Wi...")
                    (0.7s)&#xD;
                    &#xD;
                    Then 'Your changes have been successfully processed and
                    recalculation of statistics has started' text is displayed on inline
                    success banner&#xD;
                    -&gt; done:
                    EvergreenJnr_BaseInlineTipBannerElement.ThenTextIsDisplayedOnInlineSuccessBanner("Your
                    changes have...") (0.6s)&#xD;
                    &#xD;
                    When User checks 'Show target values' slide toggle&#xD;
                    -&gt; done: SlideToggleSteps.WhenUserChecksSlideToggle("Show target
                    values") (0.1s)&#xD;
                    &#xD;
                    Then User sees value '100%' for 'Pilot' column with 'Core App
                    Coverage' row name in static table&#xD;
                    -&gt; done:
                    EvergreenJnr_BaseTable.ThenUserSeesValueInStaticTableForColumnWithRowName("100%",
                    "Pilot", "Core App Coverage") (1.9s)&#xD;
                    &#xD;
                    Then User sees value '100%' for 'Pilot' column with 'Core App
                    Coverage Target' row name in static table&#xD;
                    -&gt; done:
                    EvergreenJnr_BaseTable.ThenUserSeesValueInStaticTableForColumnWithRowName("100%",
                    "Pilot", "Core App Coverage...") (1.8s)&#xD;
                    &#xD;
                    Then User sees value '100%' for 'Early Adopters' column with
                    'Critical App Coverage' row name in static table&#xD;
                    -&gt; done:
                    EvergreenJnr_BaseTable.ThenUserSeesValueInStaticTableForColumnWithRowName("100%",
                    "Early Adopters", "Critical App Cove...") (1.9s)&#xD;
                    &#xD;
                    Then User sees value '100%' for 'Early Adopters' column with
                    'Critical App Coverage Target' row name in static table&#xD;
                    -&gt; done:
                    EvergreenJnr_BaseTable.ThenUserSeesValueInStaticTableForColumnWithRowName("100%",
                    "Early Adopters", "Critical App Cove...") (1.9s)&#xD;
                    &#xD;
                    &#xD;
                    -&gt; Test status is 'Passed'&#xD;
                    -&gt; TEST STATUS WAS POSTED:
                    EvergreenJnr_Planning_CheckThatItsReachedTargetedCoverageOfChoosedRingOnStatisticPageFromRingScoping&#xD;
                    -&gt; Test finished on:
                    https://automaster.internal.juriba.com/evergreen/#/planning/ringscoping/statistics?$projectId=112&#xD;
                    -&gt; 11/2/2021 9:37:21 AM - ERROR - Error during Custom list
                    deleting: System.Exception: Database query returns zero results&#xD;
                    -&gt; at
                    DashworksTestAutomation.Helpers.DatabaseHelper.ExecuteReader(String
                    query, Int32 columnIndex) in
                    C:\automaster\_work\3\s\DashworksTestAutomationCore\Helpers\DatabaseHelper.cs:line
                    59&#xD;
                    -&gt; at
                    DashworksTestAutomation.Steps.Dashworks.CustomList.AfterScenario.RemoveCustomListMethods.RemoveUserLists()
                    in
                    C:\automaster\_work\3\s\DashworksTestAutomationCore\Steps\Dashworks\CustomList\AfterScenario\RemoveCustomListMethods.cs:line
                    33&#xD;
                    -&gt; 11/2/2021 9:37:21 AM - ERROR - Error during Custom list
                    deleting: System.Exception: Database query returns zero results&#xD;
                    -&gt; at
                    DashworksTestAutomation.Helpers.DatabaseHelper.ExecuteReader(String
                    query, Int32 columnIndex) in
                    C:\automaster\_work\3\s\DashworksTestAutomationCore\Helpers\DatabaseHelper.cs:line
                    59&#xD;
                    -&gt; at
                    DashworksTestAutomation.Steps.Dashworks.CustomList.AfterScenario.RemoveCustomListMethods.RemoveUserLists()
                    in
                    C:\automaster\_work\3\s\DashworksTestAutomationCore\Steps\Dashworks\CustomList\AfterScenario\RemoveCustomListMethods.cs:line
                    33&#xD;
                    -&gt; 11/2/2021 9:37:24 AM - INFO - TEST FINISHED:
                    EvergreenJnr_Planning_CheckThatItsReachedTargetedCoverageOfChoosedRingOnStatisticPageFromRingScoping
                </StdOut>
            </Output>
        </UnitTestResult>
        <UnitTestResult executionId="f89d17ae-4a24-4e06-bbce-a228732fd184"
                        testId="dd522fbf-96a4-b879-9139-6248580b5e50"
                        testName="EvergreenJnr_Planning_CheckThatStatisticsTableCellsHasRightColor"
                        computerName="automaster" duration="00:00:53.6399740"
                        startTime="2021-11-02T09:35:33.7270914+00:00"
                        endTime="2021-11-02T09:36:27.3670654+00:00"
                        testType="13cdc9d9-ddb5-4fa4-a97d-d965ccfc6d4b" outcome="Failed"
                        testListId="8c84fa94-04c1-424b-9868-57a2d4851a1d"
                        relativeResultsDirectory="f89d17ae-4a24-4e06-bbce-a228732fd184">
            <Output>
                <StdOut>-&gt; 11/2/2021 9:35:33 AM - INFO - TEST STARTED:
                    EvergreenJnr_Planning_CheckThatStatisticsTableCellsHasRightColor&#xD;
                    &#xD;
                    Given User is logged in to the Evergreen&#xD;
                    -&gt; Navigating to the https://automaster.internal.juriba.com/&#xD;
                    -&gt; Navigating to the
                    https://automaster.internal.juriba.com/evergreen/&#xD;
                    -&gt; done: EvergreenJnr_Login.GivenUserIsLoggedInToTheEvergreen()
                    (3.1s)&#xD;
                    &#xD;
                    Then Evergreen Dashboards page should be displayed to the user&#xD;
                    -&gt; done:
                    EvergreenJnr_Login.ThenEvergreenDashboardsPageShouldBeDisplayedToTheUser()
                    (1.7s)&#xD;
                    &#xD;
                    When User clicks 'Planning' on the left-hand menu&#xD;
                    -&gt; done:
                    EvergreenJnr_LeftHandMenuNavigation.WhenUserClicksOnTheLeft_HandMenu("Planning")
                    (1.6s)&#xD;
                    &#xD;
                    When User enters 'Ring Scoping Project' text in the Search field for
                    'Project' column&#xD;
                    -&gt; done:
                    EvergreenJnr_BaseGrid.WhenUserEntersTextInTheSearchFieldForColumn("Ring
                    Scoping Project", "Project") (4.2s)&#xD;
                    &#xD;
                    When User clicks on 'Ring Scoping Project' cell from 'Project'
                    column&#xD;
                    -&gt; done:
                    EvergreenJnr_BaseGrid.WhenUserClicksOnCellFromColumn("Ring Scoping
                    Project", "Project") (7.2s)&#xD;
                    &#xD;
                    When User navigates to the 'Scoping Parameters' left submenu item&#xD;
                    -&gt; done:
                    EvergreenJnr_LeftMenuNavigation.WhenUserNavigatesToTheParentLeftSubmenuItem("Scoping
                    Parameters") (1.7s)&#xD;
                    &#xD;
                    When User clicks 'Clear All' button&#xD;
                    -&gt; done: ButtonSteps.WhenUserClicksButton("Clear All") (0.2s)&#xD;
                    &#xD;
                    When User sets value to '1' for 'Minimum Number of Devices' column
                    and 'Pilot' row in 'Minimum and Maximum Number of Devices' table&#xD;
                    -&gt; done:
                    EvergreenJnr_BaseTable.WhenUserSetValueToForColumnAndRowInTable("1",
                    "Minimum Number of...", "Pilot", "Minimum and Maxim...") (3.1s)&#xD;
                    &#xD;
                    When User sets value to '2' for 'Maximum Number of Devices' column
                    and 'Pilot' row in 'Minimum and Maximum Number of Devices' table&#xD;
                    -&gt; done:
                    EvergreenJnr_BaseTable.WhenUserSetValueToForColumnAndRowInTable("2",
                    "Maximum Number of...", "Pilot", "Minimum and Maxim...") (2.1s)&#xD;
                    &#xD;
                    When User sets value to '100' for 'Core' column and 'Pilot' row in
                    'Application Coverage Targets' table&#xD;
                    -&gt; done:
                    EvergreenJnr_BaseTable.WhenUserSetValueToForColumnAndRowInTable("100",
                    "Core", "Pilot", "Application Cover...") (2.1s)&#xD;
                    &#xD;
                    When User sets value to '30' for 'Critical' column and 'Pilot' row
                    in 'Application Coverage Targets' table&#xD;
                    -&gt; done:
                    EvergreenJnr_BaseTable.WhenUserSetValueToForColumnAndRowInTable("30",
                    "Critical", "Pilot", "Application Cover...") (2.2s)&#xD;
                    &#xD;
                    When User clicks 'Update And Redistribute' button&#xD;
                    -&gt; done: ButtonSteps.WhenUserClicksButton("Update And Redist...")
                    (0.1s)&#xD;
                    &#xD;
                    When User clicks 'Commit Changes Without Preview' button after
                    loading&#xD;
                    -&gt; error: Element with 'By.XPath:
                    (.//button[contains(@class,'automationClass-button-CommitChangesWithoutPreview')]
                    |
                    .//mat-icon[contains(@class,'automationClass-button-CommitChangesWithoutPreview')]
                    |
                    .//button[contains(@class,'automationClass-icon-CommitChangesWithoutPreview')])
                    |
                    .//mat-datepicker-toggle[contains(@class,'automationClass-mat-datepicker-toggle-CommitChangesWithoutPreview')]'
                    selector was not changed Display condition to 'True' after 15
                    seconds (17.0s)&#xD;
                    &#xD;
                    Then 'Your changes have been successfully processed and
                    recalculation of statistics has started' text is displayed on inline
                    success banner&#xD;
                    -&gt; skipped because of previous errors&#xD;
                    &#xD;
                    When User navigates to the 'Statistics' left submenu item&#xD;
                    -&gt; skipped because of previous errors&#xD;
                    &#xD;
                    Then table is displayed&#xD;
                    -&gt; skipped because of previous errors&#xD;
                    &#xD;
                    When User checks 'Show target values' slide toggle&#xD;
                    -&gt; skipped because of previous errors&#xD;
                    &#xD;
                    Then User sees 'light red scoping' cell background in 'Pilot' column
                    with 'Core App Coverage' row&#xD;
                    -&gt; skipped because of previous errors&#xD;
                    &#xD;
                    Then User sees 'grey scoping' cell background in all 'Core App
                    Coverage Target' row&#xD;
                    -&gt; skipped because of previous errors&#xD;
                    &#xD;
                    Then User sees 'light green scoping' cell background in 'Pilot'
                    column with 'Critical App Coverage' row&#xD;
                    -&gt; skipped because of previous errors&#xD;
                    &#xD;
                    &#xD;
                    -&gt; Test status is 'Failed'&#xD;
                    -&gt; Check screenshot by following path:
                    c:\Screenshots\EvergreenJnr_Planning_CheckThatStatisticsTableCellsHasRightColor_2021_11_02_09_36_23.png&#xD;
                    -&gt; TEST STATUS WAS POSTED:
                    EvergreenJnr_Planning_CheckThatStatisticsTableCellsHasRightColor&#xD;
                    -&gt; Test finished on:
                    https://automaster.internal.juriba.com/evergreen/#/planning/ringscoping/scopingParameters?$projectId=112&#xD;
                    -&gt; 11/2/2021 9:36:23 AM - ERROR - Error during Custom list
                    deleting: System.Exception: Database query returns zero results&#xD;
                    -&gt; at
                    DashworksTestAutomation.Helpers.DatabaseHelper.ExecuteReader(String
                    query, Int32 columnIndex) in
                    C:\automaster\_work\3\s\DashworksTestAutomationCore\Helpers\DatabaseHelper.cs:line
                    59&#xD;
                    -&gt; at
                    DashworksTestAutomation.Steps.Dashworks.CustomList.AfterScenario.RemoveCustomListMethods.RemoveUserLists()
                    in
                    C:\automaster\_work\3\s\DashworksTestAutomationCore\Steps\Dashworks\CustomList\AfterScenario\RemoveCustomListMethods.cs:line
                    33&#xD;
                    -&gt; 11/2/2021 9:36:23 AM - ERROR - Error during Custom list
                    deleting: System.Exception: Database query returns zero results&#xD;
                    -&gt; at
                    DashworksTestAutomation.Helpers.DatabaseHelper.ExecuteReader(String
                    query, Int32 columnIndex) in
                    C:\automaster\_work\3\s\DashworksTestAutomationCore\Helpers\DatabaseHelper.cs:line
                    59&#xD;
                    -&gt; at
                    DashworksTestAutomation.Steps.Dashworks.CustomList.AfterScenario.RemoveCustomListMethods.RemoveUserLists()
                    in
                    C:\automaster\_work\3\s\DashworksTestAutomationCore\Steps\Dashworks\CustomList\AfterScenario\RemoveCustomListMethods.cs:line
                    33&#xD;
                    -&gt; 11/2/2021 9:36:27 AM - INFO - TEST FINISHED:
                    EvergreenJnr_Planning_CheckThatStatisticsTableCellsHasRightColor
                </StdOut>
                <StdErr>Element with 'By.XPath:
                    (.//button[contains(@class,'automationClass-button-CommitChangesWithoutPreview')]
                    |
                    .//mat-icon[contains(@class,'automationClass-button-CommitChangesWithoutPreview')]
                    |
                    .//button[contains(@class,'automationClass-icon-CommitChangesWithoutPreview')])
                    |
                    .//mat-datepicker-toggle[contains(@class,'automationClass-mat-datepicker-toggle-CommitChangesWithoutPreview')]'
                    selector was not changed Display condition to 'True' after 15
                    seconds -&gt; Timed out after 15 seconds&#xD;
                    System.Exception: Element with 'By.XPath:
                    (.//button[contains(@class,'automationClass-button-CommitChangesWithoutPreview')]
                    |
                    .//mat-icon[contains(@class,'automationClass-button-CommitChangesWithoutPreview')]
                    |
                    .//button[contains(@class,'automationClass-icon-CommitChangesWithoutPreview')])
                    |
                    .//mat-datepicker-toggle[contains(@class,'automationClass-mat-datepicker-toggle-CommitChangesWithoutPreview')]'
                    selector was not changed Display condition to 'True' after 15
                    seconds&#xD;
                    ---&gt; OpenQA.Selenium.WebDriverTimeoutException: Timed out after
                    15 seconds&#xD;
                    at
                    OpenQA.Selenium.Support.UI.DefaultWait`1.ThrowTimeoutException(String
                    exceptionMessage, Exception lastException)&#xD;
                    at OpenQA.Selenium.Support.UI.DefaultWait`1.Until[TResult](Func`2
                    condition)&#xD;
                    at
                    AutomationUtils.Extensions.WebDriverExtensions.WaitForElementDisplayCondition(RemoteWebDriver
                    driver, By by, Boolean condition, Int32 waitSeconds)&#xD;
                    --- End of inner exception stack trace ---&#xD;
                    at
                    AutomationUtils.Extensions.WebDriverExtensions.WaitForElementDisplayCondition(RemoteWebDriver
                    driver, By by, Boolean condition, Int32 waitSeconds)&#xD;
                    at AutomationUtils.Component.BaseWebComponent.Build()&#xD;
                    at
                    AutomationUtils.Extensions.WebDriverExtensions.Component[T](RemoteWebDriver
                    driver, String identifier)&#xD;
                    at
                    AutomationUtils.Extensions.WebDriverExtensions.GetComponent[T](RemoteWebDriver
                    driver, String identifier)&#xD;
                    at
                    DashworksTestAutomationCore.Steps.Dashworks.Components.Button.ButtonSteps.WhenUserClicksButtonAfterLoading(String
                    buttonName) in
                    C:\automaster\_work\3\s\DashworksTestAutomationCore\Steps\Dashworks\Components\Button\ButtonSteps.cs:line
                    70&#xD;
                    at TechTalk.SpecFlow.Bindings.BindingInvoker.InvokeBinding(IBinding
                    binding, IContextManager contextManager, Object[] arguments,
                    ITestTracer testTracer, TimeSpan&amp; duration) in
                    D:\a\1\s\TechTalk.SpecFlow\Bindings\BindingInvoker.cs:line 88&#xD;
                    at
                    TechTalk.SpecRun.SpecFlowPlugin.Runtime.RunnerTestExecutionEngine.ExecuteStepMatch(BindingMatch
                    match, Object[] arguments, TimeSpan&amp; duration)&#xD;
                    at
                    TechTalk.SpecFlow.Infrastructure.TestExecutionEngine.ExecuteStep(IContextManager
                    contextManager, StepInstance stepInstance) in
                    D:\a\1\s\TechTalk.SpecFlow\Infrastructure\TestExecutionEngine.cs:line
                    496&#xD;
                    at
                    TechTalk.SpecFlow.Infrastructure.TestExecutionEngine.OnAfterLastStep()
                    in
                    D:\a\1\s\TechTalk.SpecFlow\Infrastructure\TestExecutionEngine.cs:line
                    268&#xD;
                    at
                    TechTalk.SpecRun.SpecFlowPlugin.Runtime.RunnerTestExecutionEngine.OnAfterLastStep()&#xD;
                    at TechTalk.SpecFlow.TestRunner.CollectScenarioErrors() in
                    D:\a\1\s\TechTalk.SpecFlow\TestRunner.cs:line 60&#xD;
                    at
                    DashworksTestAutomationCore.Tests.EvergreenJnr.EvergreenJnr_Planning.Planning_RingScoping_Part3Feature.ScenarioCleanup()&#xD;
                    at
                    DashworksTestAutomationCore.Tests.EvergreenJnr.EvergreenJnr_Planning.Planning_RingScoping_Part3Feature.EvergreenJnr_Planning_CheckThatStatisticsTableCellsHasRightColor()
                    in
                    C:\automaster\_work\3\s\DashworksTestAutomationCore\Tests\EvergreenJnr\EvergreenJnr_Planning\Planning_RingScoping_Part3.feature:line
                    629&#xD;
                    at
                    TechTalk.SpecRun.Framework.TaskExecutors.StaticOrInstanceMethodExecutor.ExecuteInternal(ITestThreadExecutionContext
                    testThreadExecutionContext)&#xD;
                    at
                    TechTalk.SpecRun.Framework.TaskExecutors.StaticOrInstanceMethodExecutor.Execute(ITestThreadExecutionContext
                    testThreadExecutionContext)&#xD;
                    at TechTalk.SpecRun.Framework.TestNodeTask.Execute()
                </StdErr>
                <ErrorInfo>
                    <Message>Element with 'By.XPath:
                        (.//button[contains(@class,'automationClass-button-CommitChangesWithoutPreview')]
                        |
                        .//mat-icon[contains(@class,'automationClass-button-CommitChangesWithoutPreview')]
                        |
                        .//button[contains(@class,'automationClass-icon-CommitChangesWithoutPreview')])
                        |
                        .//mat-datepicker-toggle[contains(@class,'automationClass-mat-datepicker-toggle-CommitChangesWithoutPreview')]'
                        selector was not changed Display condition to 'True' after 15
                        seconds -&gt; Timed out after 15 seconds
                    </Message>
                    <StackTrace>System.Exception: Element with 'By.XPath:
                        (.//button[contains(@class,'automationClass-button-CommitChangesWithoutPreview')]
                        |
                        .//mat-icon[contains(@class,'automationClass-button-CommitChangesWithoutPreview')]
                        |
                        .//button[contains(@class,'automationClass-icon-CommitChangesWithoutPreview')])
                        |
                        .//mat-datepicker-toggle[contains(@class,'automationClass-mat-datepicker-toggle-CommitChangesWithoutPreview')]'
                        selector was not changed Display condition to 'True' after 15
                        seconds&#xD;
                        ---&gt; OpenQA.Selenium.WebDriverTimeoutException: Timed out
                        after 15 seconds&#xD;
                        at
                        OpenQA.Selenium.Support.UI.DefaultWait`1.ThrowTimeoutException(String
                        exceptionMessage, Exception lastException)&#xD;
                        at
                        OpenQA.Selenium.Support.UI.DefaultWait`1.Until[TResult](Func`2
                        condition)&#xD;
                        at
                        AutomationUtils.Extensions.WebDriverExtensions.WaitForElementDisplayCondition(RemoteWebDriver
                        driver, By by, Boolean condition, Int32 waitSeconds)&#xD;
                        --- End of inner exception stack trace ---&#xD;
                        at
                        AutomationUtils.Extensions.WebDriverExtensions.WaitForElementDisplayCondition(RemoteWebDriver
                        driver, By by, Boolean condition, Int32 waitSeconds)&#xD;
                        at AutomationUtils.Component.BaseWebComponent.Build()&#xD;
                        at
                        AutomationUtils.Extensions.WebDriverExtensions.Component[T](RemoteWebDriver
                        driver, String identifier)&#xD;
                        at
                        AutomationUtils.Extensions.WebDriverExtensions.GetComponent[T](RemoteWebDriver
                        driver, String identifier)&#xD;
                        at
                        DashworksTestAutomationCore.Steps.Dashworks.Components.Button.ButtonSteps.WhenUserClicksButtonAfterLoading(String
                        buttonName) in
                        C:\automaster\_work\3\s\DashworksTestAutomationCore\Steps\Dashworks\Components\Button\ButtonSteps.cs:line
                        70&#xD;
                        at
                        TechTalk.SpecFlow.Bindings.BindingInvoker.InvokeBinding(IBinding
                        binding, IContextManager contextManager, Object[] arguments,
                        ITestTracer testTracer, TimeSpan&amp; duration) in
                        D:\a\1\s\TechTalk.SpecFlow\Bindings\BindingInvoker.cs:line 88&#xD;
                        at
                        TechTalk.SpecRun.SpecFlowPlugin.Runtime.RunnerTestExecutionEngine.ExecuteStepMatch(BindingMatch
                        match, Object[] arguments, TimeSpan&amp; duration)&#xD;
                        at
                        TechTalk.SpecFlow.Infrastructure.TestExecutionEngine.ExecuteStep(IContextManager
                        contextManager, StepInstance stepInstance) in
                        D:\a\1\s\TechTalk.SpecFlow\Infrastructure\TestExecutionEngine.cs:line
                        496&#xD;
                        at
                        TechTalk.SpecFlow.Infrastructure.TestExecutionEngine.OnAfterLastStep()
                        in
                        D:\a\1\s\TechTalk.SpecFlow\Infrastructure\TestExecutionEngine.cs:line
                        268&#xD;
                        at
                        TechTalk.SpecRun.SpecFlowPlugin.Runtime.RunnerTestExecutionEngine.OnAfterLastStep()&#xD;
                        at TechTalk.SpecFlow.TestRunner.CollectScenarioErrors() in
                        D:\a\1\s\TechTalk.SpecFlow\TestRunner.cs:line 60&#xD;
                        at
                        DashworksTestAutomationCore.Tests.EvergreenJnr.EvergreenJnr_Planning.Planning_RingScoping_Part3Feature.ScenarioCleanup()&#xD;
                        at
                        DashworksTestAutomationCore.Tests.EvergreenJnr.EvergreenJnr_Planning.Planning_RingScoping_Part3Feature.EvergreenJnr_Planning_CheckThatStatisticsTableCellsHasRightColor()
                        in
                        C:\automaster\_work\3\s\DashworksTestAutomationCore\Tests\EvergreenJnr\EvergreenJnr_Planning\Planning_RingScoping_Part3.feature:line
                        629&#xD;
                        at
                        TechTalk.SpecRun.Framework.TaskExecutors.StaticOrInstanceMethodExecutor.ExecuteInternal(ITestThreadExecutionContext
                        testThreadExecutionContext)&#xD;
                        at
                        TechTalk.SpecRun.Framework.TaskExecutors.StaticOrInstanceMethodExecutor.Execute(ITestThreadExecutionContext
                        testThreadExecutionContext)&#xD;
                        at TechTalk.SpecRun.Framework.TestNodeTask.Execute()
                    </StackTrace>
                </ErrorInfo>
            </Output>
        </UnitTestResult>
        <UnitTestResult executionId="4fdc1e98-fcf8-4e11-990a-e77c1f6a0817"
                        testId="029747dd-1755-dafc-b77a-2500d0ad9a9c"
                        testName="EvergreenJnr_Planning_CheckThatWarningMessageIsDisplayedIfUserLeaveProcessingPage"
                        computerName="automaster" duration="00:02:08.5247334"
                        startTime="2021-11-02T09:30:29.8035064+00:00"
                        endTime="2021-11-02T09:32:38.3282398+00:00"
                        testType="13cdc9d9-ddb5-4fa4-a97d-d965ccfc6d4b" outcome="Passed"
                        testListId="8c84fa94-04c1-424b-9868-57a2d4851a1d"
                        relativeResultsDirectory="4fdc1e98-fcf8-4e11-990a-e77c1f6a0817">
            <Output>
                <StdOut>-&gt; -&gt; Loading plugin
                    C:\automaster\_work\3\s\DashworksTestAutomationCore\bin\Debug\netcoreapp3.1\DashworksTestAutomationCore.dll&#xD;
                    -&gt; -&gt; Missing [assembly:RuntimePlugin] attribute in
                    DashworksTestAutomationCore, Version=1.0.0.0, Culture=neutral,
                    PublicKeyToken=null. Please check
                    https://go.specflow.org/doc-plugins for details.&#xD;
                    -&gt; -&gt; Loading plugin
                    C:\automaster\_work\3\s\DashworksTestAutomationCore\bin\Debug\netcoreapp3.1\SpecRun.Runtime.SpecFlowPlugin.dll&#xD;
                    -&gt; -&gt; Using default config&#xD;
                    &#xD;
                    &#xD;
                    -&gt; 11/2/2021 9:30:30 AM - INFO - TEST STARTED:
                    EvergreenJnr_Planning_CheckThatWarningMessageIsDisplayedIfUserLeaveProcessingPage&#xD;
                    &#xD;
                    Given User is logged in to the Evergreen&#xD;
                    -&gt; 11/2/2021 9:30:47 AM - INFO - Graph Client provide switched to
                    '01HV72ABXDFGMZR3LO5RB3ZCZZG3PT4XM5'&#xD;
                    -&gt; Navigating to the https://automaster.internal.juriba.com/&#xD;
                    -&gt; Navigating to the
                    https://automaster.internal.juriba.com/evergreen/&#xD;
                    -&gt; done: EvergreenJnr_Login.GivenUserIsLoggedInToTheEvergreen()
                    (4.9s)&#xD;
                    &#xD;
                    When Project created via API&#xD;
                    --- table step argument ---&#xD;
                    | ProjectName | Scope | ProjectTemplate | Mode |&#xD;
                    | 1_28103DAS_Project | All Devices | None | Standalone Project |&#xD;
                    -&gt; done: ProjectApiSteps.WhenUserCreateNewProjectViaApi(&lt;table&gt;)
                    (3.8s)&#xD;
                    &#xD;
                    When User creates new Ring via api&#xD;
                    --- table step argument ---&#xD;
                    | Name | Description | IsDefault | Project |&#xD;
                    | 1_28103DAS_Ring | 1_28103DAS_Desc | FALSE | 1_28103DAS_Project |&#xD;
                    | 2_28103DAS_Ring | 2_28103DAS_Desc | FALSE | 1_28103DAS_Project |&#xD;
                    -&gt; done: CreateRingViaApi.WhenUserCreatesNewRingViaApi(&lt;table&gt;)
                    (12.7s)&#xD;
                    &#xD;
                    When User onboards objects to '1_28103DAS_Project' project&#xD;
                    --- table step argument ---&#xD;
                    | DeviceObjects |&#xD;
                    | 00BDM1JUR8IF419 |&#xD;
                    | 00K4CEEQ737BA4L |&#xD;
                    | 011PLA470S0B9DJ |&#xD;
                    -&gt; done:
                    OnboardObjects.WhenUserOnboardsObjectsToTheProject("1_28103DAS_Project",
                    &lt;table&gt;) (60.9s)&#xD;
                    &#xD;
                    When User clicks 'Planning' on the left-hand menu&#xD;
                    -&gt; done:
                    EvergreenJnr_LeftHandMenuNavigation.WhenUserClicksOnTheLeft_HandMenu("Planning")
                    (1.7s)&#xD;
                    &#xD;
                    When User enters '1_28103DAS_Project' text in the Search field for
                    'Project' column&#xD;
                    -&gt; done:
                    EvergreenJnr_BaseGrid.WhenUserEntersTextInTheSearchFieldForColumn("1_28103DAS_Project",
                    "Project") (6.0s)&#xD;
                    &#xD;
                    When User clicks on '1_28103DAS_Project' cell from 'Project' column&#xD;
                    -&gt; done:
                    EvergreenJnr_BaseGrid.WhenUserClicksOnCellFromColumn("1_28103DAS_Project",
                    "Project") (7.1s)&#xD;
                    &#xD;
                    When User navigates to the 'Scoping Parameters' left submenu item&#xD;
                    -&gt; done:
                    EvergreenJnr_LeftMenuNavigation.WhenUserNavigatesToTheParentLeftSubmenuItem("Scoping
                    Parameters") (1.6s)&#xD;
                    &#xD;
                    When User sets value to '1' for 'Minimum Number of Devices' column
                    and '1_28103DAS_Ring' row in 'Minimum and Maximum Number of Devices'
                    table&#xD;
                    -&gt; done:
                    EvergreenJnr_BaseTable.WhenUserSetValueToForColumnAndRowInTable("1",
                    "Minimum Number of...", "1_28103DAS_Ring", "Minimum and Maxim...")
                    (2.4s)&#xD;
                    &#xD;
                    When User sets value to '2' for 'Minimum Number of Devices' column
                    and '2_28103DAS_Ring' row in 'Minimum and Maximum Number of Devices'
                    table&#xD;
                    -&gt; done:
                    EvergreenJnr_BaseTable.WhenUserSetValueToForColumnAndRowInTable("2",
                    "Minimum Number of...", "2_28103DAS_Ring", "Minimum and Maxim...")
                    (1.9s)&#xD;
                    &#xD;
                    When User clicks 'Update And Redistribute' button&#xD;
                    -&gt; done: ButtonSteps.WhenUserClicksButton("Update And Redist...")
                    (0.2s)&#xD;
                    &#xD;
                    When User clicks 'Dashboards' on the left-hand menu&#xD;
                    -&gt; done:
                    EvergreenJnr_LeftHandMenuNavigation.WhenUserClicksOnTheLeft_HandMenu("Dashboards")
                    (2.2s)&#xD;
                    &#xD;
                    Then popup with 'Warning' title is displayed&#xD;
                    -&gt; done:
                    EvergreenJnr_BaseDialog.ThenPopupWithTitleIsDisplayed("Warning")
                    (1.5s)&#xD;
                    &#xD;
                    &#xD;
                    -&gt; Test status is 'Passed'&#xD;
                    -&gt; TEST STATUS WAS POSTED:
                    EvergreenJnr_Planning_CheckThatWarningMessageIsDisplayedIfUserLeaveProcessingPage&#xD;
                    -&gt; Test finished on:
                    https://automaster.internal.juriba.com/evergreen/#/planning/ringscoping/scopingParameters?$projectId=133&#xD;
                    -&gt; 11/2/2021 9:32:34 AM - ERROR - Error during Custom list
                    deleting: System.Exception: Database query returns zero results&#xD;
                    -&gt; at
                    DashworksTestAutomation.Helpers.DatabaseHelper.ExecuteReader(String
                    query, Int32 columnIndex) in
                    C:\automaster\_work\3\s\DashworksTestAutomationCore\Helpers\DatabaseHelper.cs:line
                    59&#xD;
                    -&gt; at
                    DashworksTestAutomation.Steps.Dashworks.CustomList.AfterScenario.RemoveCustomListMethods.RemoveUserLists()
                    in
                    C:\automaster\_work\3\s\DashworksTestAutomationCore\Steps\Dashworks\CustomList\AfterScenario\RemoveCustomListMethods.cs:line
                    33&#xD;
                    -&gt; 11/2/2021 9:32:34 AM - ERROR - Error during Custom list
                    deleting: System.Exception: Database query returns zero results&#xD;
                    -&gt; at
                    DashworksTestAutomation.Helpers.DatabaseHelper.ExecuteReader(String
                    query, Int32 columnIndex) in
                    C:\automaster\_work\3\s\DashworksTestAutomationCore\Helpers\DatabaseHelper.cs:line
                    59&#xD;
                    -&gt; at
                    DashworksTestAutomation.Steps.Dashworks.CustomList.AfterScenario.RemoveCustomListMethods.RemoveUserLists()
                    in
                    C:\automaster\_work\3\s\DashworksTestAutomationCore\Steps\Dashworks\CustomList\AfterScenario\RemoveCustomListMethods.cs:line
                    33&#xD;
                    -&gt; 11/2/2021 9:32:34 AM - INFO - The '1_28103DAS_Project' project
                    with '133' id has been deleted&#xD;
                    -&gt; 11/2/2021 9:32:38 AM - INFO - TEST FINISHED:
                    EvergreenJnr_Planning_CheckThatWarningMessageIsDisplayedIfUserLeaveProcessingPage
                </StdOut>
            </Output>
        </UnitTestResult>
        <UnitTestResult executionId="368c24c7-9148-45a1-a735-968ba4500563"
                        testId="7dbcd9b2-53f5-359e-f49c-6e759b5b5c6b"
                        testName="EvergreenJnr_Planning_CheckThatElementsInThePageBottomIsShown"
                        computerName="automaster" duration="00:01:04.3492232"
                        startTime="2021-11-02T09:34:23.8892864+00:00"
                        endTime="2021-11-02T09:35:28.2385096+00:00"
                        testType="13cdc9d9-ddb5-4fa4-a97d-d965ccfc6d4b" outcome="Passed"
                        testListId="8c84fa94-04c1-424b-9868-57a2d4851a1d"
                        relativeResultsDirectory="368c24c7-9148-45a1-a735-968ba4500563">
            <Output>
                <StdOut>-&gt; 11/2/2021 9:34:23 AM - INFO - TEST STARTED:
                    EvergreenJnr_Planning_CheckThatElementsInThePageBottomIsShown&#xD;
                    &#xD;
                    Given User is logged in to the Evergreen&#xD;
                    -&gt; Navigating to the https://automaster.internal.juriba.com/&#xD;
                    -&gt; Navigating to the
                    https://automaster.internal.juriba.com/evergreen/&#xD;
                    -&gt; done: EvergreenJnr_Login.GivenUserIsLoggedInToTheEvergreen()
                    (4.8s)&#xD;
                    &#xD;
                    Then Evergreen Dashboards page should be displayed to the user&#xD;
                    -&gt; done:
                    EvergreenJnr_Login.ThenEvergreenDashboardsPageShouldBeDisplayedToTheUser()
                    (1.7s)&#xD;
                    &#xD;
                    When User clicks 'Planning' on the left-hand menu&#xD;
                    -&gt; done:
                    EvergreenJnr_LeftHandMenuNavigation.WhenUserClicksOnTheLeft_HandMenu("Planning")
                    (1.7s)&#xD;
                    &#xD;
                    When User enters 'Win 11 Rollout' text in the Search field for
                    'Project' column&#xD;
                    -&gt; done:
                    EvergreenJnr_BaseGrid.WhenUserEntersTextInTheSearchFieldForColumn("Win
                    11 Rollout", "Project") (4.2s)&#xD;
                    &#xD;
                    When User clicks on 'Win 11 Rollout' cell from 'Project' column&#xD;
                    -&gt; done:
                    EvergreenJnr_BaseGrid.WhenUserClicksOnCellFromColumn("Win 11
                    Rollout", "Project") (7.1s)&#xD;
                    &#xD;
                    When User navigates to the 'Scoping Parameters' left submenu item&#xD;
                    -&gt; done:
                    EvergreenJnr_LeftMenuNavigation.WhenUserNavigatesToTheParentLeftSubmenuItem("Scoping
                    Parameters") (1.6s)&#xD;
                    &#xD;
                    Then following data is displayed in the 'Ring' column of the 'Rings'
                    table&#xD;
                    --- table step argument ---&#xD;
                    | Fields |&#xD;
                    | Unassigned |&#xD;
                    | Pilot |&#xD;
                    | Early Adopters |&#xD;
                    | IT Users |&#xD;
                    | Business Wave 1 |&#xD;
                    | Business Wave 2 |&#xD;
                    | Business Wave 3 |&#xD;
                    | Critical Systems |&#xD;
                    -&gt; done:
                    EvergreenJnr_BaseTable.ThenFollowingDataIsDisplayedInTheColumnOfSelectedTable("Ring",
                    "Rings", &lt;table&gt;) (7.0s)&#xD;
                    &#xD;
                    Then all data in the 'Ring' column of the 'Rings' table is visible&#xD;
                    -&gt; done:
                    EvergreenJnr_BaseTable.ThenAllDataInColumnOfSelectedTableIsVisible("Ring",
                    "Rings") (4.7s)&#xD;
                    &#xD;
                    Then following data is displayed in the 'Ring' column of the
                    'Minimum and Maximum Number of Devices' table&#xD;
                    --- table step argument ---&#xD;
                    | Fields |&#xD;
                    | Unassigned |&#xD;
                    | Pilot |&#xD;
                    | Early Adopters |&#xD;
                    | IT Users |&#xD;
                    | Business Wave 1 |&#xD;
                    | Business Wave 2 |&#xD;
                    | Business Wave 3 |&#xD;
                    | Critical Systems |&#xD;
                    -&gt; done:
                    EvergreenJnr_BaseTable.ThenFollowingDataIsDisplayedInTheColumnOfSelectedTable("Ring",
                    "Minimum and Maxim...", &lt;table&gt;) (6.3s)&#xD;
                    &#xD;
                    Then all data in the 'Ring' column of the 'Minimum and Maximum
                    Number of Devices' table is visible&#xD;
                    -&gt; done:
                    EvergreenJnr_BaseTable.ThenAllDataInColumnOfSelectedTableIsVisible("Ring",
                    "Minimum and Maxim...") (4.7s)&#xD;
                    &#xD;
                    Then following data is displayed in the '' column of the 'Software'
                    table&#xD;
                    --- table step argument ---&#xD;
                    | Fields |&#xD;
                    | Minimum Devices per App |&#xD;
                    | Unassigned |&#xD;
                    | Pilot |&#xD;
                    | Early Adopters |&#xD;
                    | IT Users |&#xD;
                    | Business Wave 1 |&#xD;
                    | Business Wave 2 |&#xD;
                    | Business Wave 3 |&#xD;
                    | Critical Systems |&#xD;
                    -&gt; done:
                    EvergreenJnr_BaseTable.ThenFollowingDataIsDisplayedInTheColumnOfSelectedTable("",
                    "Software", &lt;table&gt;) (6.4s)&#xD;
                    &#xD;
                    Then all data in the '' column of the 'Software' table is visible&#xD;
                    -&gt; done:
                    EvergreenJnr_BaseTable.ThenAllDataInColumnOfSelectedTableIsVisible("",
                    "Software") (4.7s)&#xD;
                    &#xD;
                    &#xD;
                    -&gt; Test status is 'Passed'&#xD;
                    -&gt; TEST STATUS WAS POSTED:
                    EvergreenJnr_Planning_CheckThatElementsInThePageBottomIsShown&#xD;
                    -&gt; Test finished on:
                    https://automaster.internal.juriba.com/evergreen/#/planning/ringscoping/scopingParameters?$projectId=63&#xD;
                    -&gt; 11/2/2021 9:35:28 AM - INFO - TEST FINISHED:
                    EvergreenJnr_Planning_CheckThatElementsInThePageBottomIsShown
                </StdOut>
            </Output>
        </UnitTestResult>
        <UnitTestResult executionId="caf38d9d-b60e-4039-b52f-3d566f95888f"
                        testId="2bc69fd7-c02f-db6a-4594-769f36847298"
                        testName="EvergreenJnr_Planning_CheckThatApplicationCoverageFieldsDontValidateAcrossMinimumDevicesPerApp"
                        computerName="automaster" duration="00:01:27.1740568"
                        startTime="2021-11-02T09:36:17.5325542+00:00"
                        endTime="2021-11-02T09:37:44.7066110+00:00"
                        testType="13cdc9d9-ddb5-4fa4-a97d-d965ccfc6d4b" outcome="Failed"
                        testListId="8c84fa94-04c1-424b-9868-57a2d4851a1d"
                        relativeResultsDirectory="caf38d9d-b60e-4039-b52f-3d566f95888f">
            <Output>
                <StdOut>-&gt; 11/2/2021 9:36:17 AM - INFO - TEST STARTED:
                    EvergreenJnr_Planning_CheckThatApplicationCoverageFieldsDontValidateAcrossMinimumDevicesPerApp&#xD;
                    &#xD;
                    Given User is logged in to the Evergreen&#xD;
                    -&gt; Navigating to the https://automaster.internal.juriba.com/&#xD;
                    -&gt; Navigating to the
                    https://automaster.internal.juriba.com/evergreen/&#xD;
                    -&gt; done: EvergreenJnr_Login.GivenUserIsLoggedInToTheEvergreen()
                    (2.9s)&#xD;
                    &#xD;
                    Then Evergreen Dashboards page should be displayed to the user&#xD;
                    -&gt; done:
                    EvergreenJnr_Login.ThenEvergreenDashboardsPageShouldBeDisplayedToTheUser()
                    (1.8s)&#xD;
                    &#xD;
                    When Project created via API&#xD;
                    --- table step argument ---&#xD;
                    | ProjectName | Scope | ProjectTemplate | Mode |&#xD;
                    | 01_25852DAS_Project | All Devices | None | Standalone Project |&#xD;
                    -&gt; done: ProjectApiSteps.WhenUserCreateNewProjectViaApi(&lt;table&gt;)
                    (0.1s)&#xD;
                    &#xD;
                    When User onboards objects to '01_25852DAS_Project' project&#xD;
                    --- table step argument ---&#xD;
                    | DeviceObjects |&#xD;
                    | 0K7DMRUZCZIUMI |&#xD;
                    | 0K8GMOJKAPPIGK0 |&#xD;
                    | 0KAQKBIX8IF418 |&#xD;
                    | 0KQMW0ZW2BG3JK9 |&#xD;
                    | 0KYW7VT0QRI301 |&#xD;
                    -&gt; done:
                    OnboardObjects.WhenUserOnboardsObjectsToTheProject("01_25852DAS_Project",
                    &lt;table&gt;) (63.5s)&#xD;
                    &#xD;
                    When User clicks 'Planning' on the left-hand menu&#xD;
                    -&gt; done:
                    EvergreenJnr_LeftHandMenuNavigation.WhenUserClicksOnTheLeft_HandMenu("Planning")
                    (1.6s)&#xD;
                    &#xD;
                    When User clicks on '01_25852DAS_Project' cell from 'Project' column&#xD;
                    -&gt; done:
                    EvergreenJnr_BaseGrid.WhenUserClicksOnCellFromColumn("01_25852DAS_Project",
                    "Project") (3.6s)&#xD;
                    &#xD;
                    When User navigates to the 'Scoping Parameters' left submenu item&#xD;
                    -&gt; done:
                    EvergreenJnr_LeftMenuNavigation.WhenUserNavigatesToTheParentLeftSubmenuItem("Scoping
                    Parameters") (1.6s)&#xD;
                    &#xD;
                    When User sets value to '5' for 'Core' column and 'Minimum Devices
                    per App' row in 'Application Coverage Targets' table&#xD;
                    -&gt; error: There is no table with 'Application Coverage Targets'
                    title (1.6s)&#xD;
                    &#xD;
                    When User sets value to '2' for 'Core' column and 'Unassigned' row
                    in 'Application Coverage Targets' table&#xD;
                    -&gt; skipped because of previous errors&#xD;
                    &#xD;
                    Then message is not displayed for 'Application Coverage Targets'
                    table&#xD;
                    -&gt; skipped because of previous errors&#xD;
                    &#xD;
                    &#xD;
                    -&gt; Test status is 'Failed'&#xD;
                    -&gt; Check screenshot by following path:
                    c:\Screenshots\EvergreenJnr_Planning_CheckThatApplicationCoverageFieldsDontValidateAcrossMinimumDevicesPerApp_2021_11_02_09_37_40.png&#xD;
                    -&gt; TEST STATUS WAS POSTED:
                    EvergreenJnr_Planning_CheckThatApplicationCoverageFieldsDontValidateAcrossMinimumDevicesPerApp&#xD;
                    -&gt; Test finished on:
                    https://automaster.internal.juriba.com/evergreen/#/planning/ringscoping/scopingParameters?$projectId=180&#xD;
                    -&gt; 11/2/2021 9:37:41 AM - ERROR - Error during Custom list
                    deleting: System.Exception: Database query returns zero results&#xD;
                    -&gt; at
                    DashworksTestAutomation.Helpers.DatabaseHelper.ExecuteReader(String
                    query, Int32 columnIndex) in
                    C:\automaster\_work\3\s\DashworksTestAutomationCore\Helpers\DatabaseHelper.cs:line
                    59&#xD;
                    -&gt; at
                    DashworksTestAutomation.Steps.Dashworks.CustomList.AfterScenario.RemoveCustomListMethods.RemoveUserLists()
                    in
                    C:\automaster\_work\3\s\DashworksTestAutomationCore\Steps\Dashworks\CustomList\AfterScenario\RemoveCustomListMethods.cs:line
                    33&#xD;
                    -&gt; 11/2/2021 9:37:41 AM - ERROR - Error during Custom list
                    deleting: System.Exception: Database query returns zero results&#xD;
                    -&gt; at
                    DashworksTestAutomation.Helpers.DatabaseHelper.ExecuteReader(String
                    query, Int32 columnIndex) in
                    C:\automaster\_work\3\s\DashworksTestAutomationCore\Helpers\DatabaseHelper.cs:line
                    59&#xD;
                    -&gt; at
                    DashworksTestAutomation.Steps.Dashworks.CustomList.AfterScenario.RemoveCustomListMethods.RemoveUserLists()
                    in
                    C:\automaster\_work\3\s\DashworksTestAutomationCore\Steps\Dashworks\CustomList\AfterScenario\RemoveCustomListMethods.cs:line
                    33&#xD;
                    -&gt; 11/2/2021 9:37:41 AM - INFO - The '01_25852DAS_Project'
                    project with '180' id has been deleted&#xD;
                    -&gt; 11/2/2021 9:37:44 AM - INFO - TEST FINISHED:
                    EvergreenJnr_Planning_CheckThatApplicationCoverageFieldsDontValidateAcrossMinimumDevicesPerApp
                </StdOut>
                <StdErr>There is no table with 'Application Coverage Targets' title&#xD;
                    System.Exception: There is no table with 'Application Coverage
                    Targets' title&#xD;
                    at
                    DashworksTestAutomation.Pages.Evergreen.ItemDetails.BaseTable.GetTableByTitle(String
                    title) in
                    C:\automaster\_work\3\s\DashworksTestAutomationCore\Pages\Evergreen\ItemDetails\BaseTable.cs:line
                    273&#xD;
                    at
                    DashworksTestAutomation.Steps.Dashworks.ItemDetailsPage.EvergreenJnr_BaseTable.WhenUserSetValueToForColumnAndRowInTable(String
                    value, String headerName, String rowName, String title) in
                    C:\automaster\_work\3\s\DashworksTestAutomationCore\Steps\Dashworks\ItemDetailsPage\EvergreenJnr_BaseTable.cs:line
                    139&#xD;
                    at TechTalk.SpecFlow.Bindings.BindingInvoker.InvokeBinding(IBinding
                    binding, IContextManager contextManager, Object[] arguments,
                    ITestTracer testTracer, TimeSpan&amp; duration) in
                    D:\a\1\s\TechTalk.SpecFlow\Bindings\BindingInvoker.cs:line 88&#xD;
                    at
                    TechTalk.SpecRun.SpecFlowPlugin.Runtime.RunnerTestExecutionEngine.ExecuteStepMatch(BindingMatch
                    match, Object[] arguments, TimeSpan&amp; duration)&#xD;
                    at
                    TechTalk.SpecFlow.Infrastructure.TestExecutionEngine.ExecuteStep(IContextManager
                    contextManager, StepInstance stepInstance) in
                    D:\a\1\s\TechTalk.SpecFlow\Infrastructure\TestExecutionEngine.cs:line
                    496&#xD;
                    at
                    TechTalk.SpecFlow.Infrastructure.TestExecutionEngine.OnAfterLastStep()
                    in
                    D:\a\1\s\TechTalk.SpecFlow\Infrastructure\TestExecutionEngine.cs:line
                    268&#xD;
                    at
                    TechTalk.SpecRun.SpecFlowPlugin.Runtime.RunnerTestExecutionEngine.OnAfterLastStep()&#xD;
                    at TechTalk.SpecFlow.TestRunner.CollectScenarioErrors() in
                    D:\a\1\s\TechTalk.SpecFlow\TestRunner.cs:line 60&#xD;
                    at
                    DashworksTestAutomationCore.Tests.EvergreenJnr.EvergreenJnr_Planning.Planning_RingScoping_Part3Feature.ScenarioCleanup()&#xD;
                    at
                    DashworksTestAutomationCore.Tests.EvergreenJnr.EvergreenJnr_Planning.Planning_RingScoping_Part3Feature.EvergreenJnr_Planning_CheckThatApplicationCoverageFieldsDontValidateAcrossMinimumDevicesPerApp()
                    in
                    C:\automaster\_work\3\s\DashworksTestAutomationCore\Tests\EvergreenJnr\EvergreenJnr_Planning\Planning_RingScoping_Part3.feature:line
                    608&#xD;
                    at
                    TechTalk.SpecRun.Framework.TaskExecutors.StaticOrInstanceMethodExecutor.ExecuteInternal(ITestThreadExecutionContext
                    testThreadExecutionContext)&#xD;
                    at
                    TechTalk.SpecRun.Framework.TaskExecutors.StaticOrInstanceMethodExecutor.Execute(ITestThreadExecutionContext
                    testThreadExecutionContext)&#xD;
                    at TechTalk.SpecRun.Framework.TestNodeTask.Execute()
                </StdErr>
                <ErrorInfo>
                    <Message>There is no table with 'Application Coverage Targets'
                        title
                    </Message>
                    <StackTrace>System.Exception: There is no table with 'Application
                        Coverage Targets' title&#xD;
                        at
                        DashworksTestAutomation.Pages.Evergreen.ItemDetails.BaseTable.GetTableByTitle(String
                        title) in
                        C:\automaster\_work\3\s\DashworksTestAutomationCore\Pages\Evergreen\ItemDetails\BaseTable.cs:line
                        273&#xD;
                        at
                        DashworksTestAutomation.Steps.Dashworks.ItemDetailsPage.EvergreenJnr_BaseTable.WhenUserSetValueToForColumnAndRowInTable(String
                        value, String headerName, String rowName, String title) in
                        C:\automaster\_work\3\s\DashworksTestAutomationCore\Steps\Dashworks\ItemDetailsPage\EvergreenJnr_BaseTable.cs:line
                        139&#xD;
                        at
                        TechTalk.SpecFlow.Bindings.BindingInvoker.InvokeBinding(IBinding
                        binding, IContextManager contextManager, Object[] arguments,
                        ITestTracer testTracer, TimeSpan&amp; duration) in
                        D:\a\1\s\TechTalk.SpecFlow\Bindings\BindingInvoker.cs:line 88&#xD;
                        at
                        TechTalk.SpecRun.SpecFlowPlugin.Runtime.RunnerTestExecutionEngine.ExecuteStepMatch(BindingMatch
                        match, Object[] arguments, TimeSpan&amp; duration)&#xD;
                        at
                        TechTalk.SpecFlow.Infrastructure.TestExecutionEngine.ExecuteStep(IContextManager
                        contextManager, StepInstance stepInstance) in
                        D:\a\1\s\TechTalk.SpecFlow\Infrastructure\TestExecutionEngine.cs:line
                        496&#xD;
                        at
                        TechTalk.SpecFlow.Infrastructure.TestExecutionEngine.OnAfterLastStep()
                        in
                        D:\a\1\s\TechTalk.SpecFlow\Infrastructure\TestExecutionEngine.cs:line
                        268&#xD;
                        at
                        TechTalk.SpecRun.SpecFlowPlugin.Runtime.RunnerTestExecutionEngine.OnAfterLastStep()&#xD;
                        at TechTalk.SpecFlow.TestRunner.CollectScenarioErrors() in
                        D:\a\1\s\TechTalk.SpecFlow\TestRunner.cs:line 60&#xD;
                        at
                        DashworksTestAutomationCore.Tests.EvergreenJnr.EvergreenJnr_Planning.Planning_RingScoping_Part3Feature.ScenarioCleanup()&#xD;
                        at
                        DashworksTestAutomationCore.Tests.EvergreenJnr.EvergreenJnr_Planning.Planning_RingScoping_Part3Feature.EvergreenJnr_Planning_CheckThatApplicationCoverageFieldsDontValidateAcrossMinimumDevicesPerApp()
                        in
                        C:\automaster\_work\3\s\DashworksTestAutomationCore\Tests\EvergreenJnr\EvergreenJnr_Planning\Planning_RingScoping_Part3.feature:line
                        608&#xD;
                        at
                        TechTalk.SpecRun.Framework.TaskExecutors.StaticOrInstanceMethodExecutor.ExecuteInternal(ITestThreadExecutionContext
                        testThreadExecutionContext)&#xD;
                        at
                        TechTalk.SpecRun.Framework.TaskExecutors.StaticOrInstanceMethodExecutor.Execute(ITestThreadExecutionContext
                        testThreadExecutionContext)&#xD;
                        at TechTalk.SpecRun.Framework.TestNodeTask.Execute()
                    </StackTrace>
                </ErrorInfo>
            </Output>
        </UnitTestResult>
        <UnitTestResult executionId="cc666b09-1b89-4eea-9643-2d62cacb31d1"
                        testId="284e74a9-c248-c500-5f70-750fe3cb79f1"
                        testName="EvergreenJnr_Planning_CheckThatProjectThatSelectedAsDefalutForUserIsUsingAsDefaultOnRingScopingPage"
                        computerName="automaster" duration="00:00:41.9030859"
                        startTime="2021-11-02T09:35:28.2391412+00:00"
                        endTime="2021-11-02T09:36:10.1422271+00:00"
                        testType="13cdc9d9-ddb5-4fa4-a97d-d965ccfc6d4b" outcome="Passed"
                        testListId="8c84fa94-04c1-424b-9868-57a2d4851a1d"
                        relativeResultsDirectory="cc666b09-1b89-4eea-9643-2d62cacb31d1">
            <Output>
                <StdOut>-&gt; 11/2/2021 9:35:28 AM - INFO - TEST STARTED:
                    EvergreenJnr_Planning_CheckThatProjectThatSelectedAsDefalutForUserIsUsingAsDefaultOnRingScopingPage&#xD;
                    &#xD;
                    Given User is logged in to the Evergreen&#xD;
                    -&gt; Navigating to the https://automaster.internal.juriba.com/&#xD;
                    -&gt; Navigating to the
                    https://automaster.internal.juriba.com/evergreen/&#xD;
                    -&gt; done: EvergreenJnr_Login.GivenUserIsLoggedInToTheEvergreen()
                    (3.0s)&#xD;
                    &#xD;
                    When User create new User via API&#xD;
                    --- table step argument ---&#xD;
                    | Username | Email | FullName | Password | Roles |&#xD;
                    | 1_DAS25581_User | 1_DAS25581_Email | 1_DAS25581_User | m!gration |
                    System Administrators, Project Administrators |&#xD;
                    -&gt; done: CreateUserViaApi.WhenUserCreateNewUserViaAPI(&lt;table&gt;)
                    (0.1s)&#xD;
                    &#xD;
                    When User is logged in to the Evergreen as&#xD;
                    --- table step argument ---&#xD;
                    | Username | Password |&#xD;
                    | 1_DAS25581_User | m!gration |&#xD;
                    -&gt; Navigating to the https://automaster.internal.juriba.com/&#xD;
                    -&gt; Navigating to the
                    https://automaster.internal.juriba.com/evergreen/&#xD;
                    -&gt; done:
                    EvergreenJnr_Login.GivenSpecificUserIsLoggedInToTheEvergreen(&lt;table&gt;)
                    (2.1s)&#xD;
                    &#xD;
                    When Project created via API and opened&#xD;
                    --- table step argument ---&#xD;
                    | ProjectName | Scope | ProjectTemplate | Mode |&#xD;
                    | 1_DAS25581_Project | All Devices | None | Standalone Project |&#xD;
                    -&gt; done: ProjectApiSteps.WhenUserCreateNewProjectViaApiAndOpened(&lt;table&gt;)
                    (3.8s)&#xD;
                    &#xD;
                    When User clicks Profile in Account Dropdown&#xD;
                    -&gt; done:
                    EvergreenJnr_AccountDetailsPage.WhenUserClicksProfileInAccountDropdown()
                    (1.6s)&#xD;
                    &#xD;
                    When User navigates to the 'Preferences' left submenu item&#xD;
                    -&gt; done:
                    EvergreenJnr_LeftMenuNavigation.WhenUserNavigatesToTheParentLeftSubmenuItem("Preferences")
                    (1.7s)&#xD;
                    &#xD;
                    When User selects '1_DAS25581_Project' in the 'Default Project'
                    dropdown&#xD;
                    -&gt; done:
                    DropdownSteps.WhenUserSelectsInTheDropdown("1_DAS25581_Project",
                    "Default Project") (1.5s)&#xD;
                    &#xD;
                    When User clicks 'Update' button&#xD;
                    -&gt; done: ButtonSteps.WhenUserClicksButton("Update") (0.1s)&#xD;
                    &#xD;
                    Then 'User preferences have been changed' text is displayed on
                    inline success banner&#xD;
                    -&gt; done:
                    EvergreenJnr_BaseInlineTipBannerElement.ThenTextIsDisplayedOnInlineSuccessBanner("User
                    preferences ...") (0.1s)&#xD;
                    &#xD;
                    When User clicks 'Planning' on the left-hand menu&#xD;
                    -&gt; done:
                    EvergreenJnr_LeftHandMenuNavigation.WhenUserClicksOnTheLeft_HandMenu("Planning")
                    (1.6s)&#xD;
                    &#xD;
                    When User navigates to the 'Ring Scoping' left submenu item&#xD;
                    -&gt; done:
                    EvergreenJnr_LeftMenuNavigation.WhenUserNavigatesToTheParentLeftSubmenuItem("Ring
                    Scoping") (2.5s)&#xD;
                    &#xD;
                    Then Page with '1_DAS25581_Project' header is displayed to user&#xD;
                    -&gt; done:
                    EvergreenJnr_BaseHeader.ThenPageWithHeaderIsDisplayedToUser("1_DAS25581_Project")
                    (1.5s)&#xD;
                    &#xD;
                    When User clicks Profile in Account Dropdown&#xD;
                    -&gt; done:
                    EvergreenJnr_AccountDetailsPage.WhenUserClicksProfileInAccountDropdown()
                    (1.6s)&#xD;
                    &#xD;
                    When User navigates to the 'Preferences' left submenu item&#xD;
                    -&gt; done:
                    EvergreenJnr_LeftMenuNavigation.WhenUserNavigatesToTheParentLeftSubmenuItem("Preferences")
                    (1.6s)&#xD;
                    &#xD;
                    When User selects 'Barry's User Project' in the 'Default Project'
                    dropdown&#xD;
                    -&gt; done: DropdownSteps.WhenUserSelectsInTheDropdown("Barry's User
                    Project", "Default Project") (1.6s)&#xD;
                    &#xD;
                    When User clicks 'Update' button&#xD;
                    -&gt; done: ButtonSteps.WhenUserClicksButton("Update") (0.1s)&#xD;
                    &#xD;
                    Then 'User preferences have been changed' text is displayed on
                    inline success banner&#xD;
                    -&gt; done:
                    EvergreenJnr_BaseInlineTipBannerElement.ThenTextIsDisplayedOnInlineSuccessBanner("User
                    preferences ...") (0.6s)&#xD;
                    &#xD;
                    When User clicks 'Planning' on the left-hand menu&#xD;
                    -&gt; done:
                    EvergreenJnr_LeftHandMenuNavigation.WhenUserClicksOnTheLeft_HandMenu("Planning")
                    (1.6s)&#xD;
                    &#xD;
                    When User navigates to the 'Ring Scoping' left submenu item&#xD;
                    -&gt; done:
                    EvergreenJnr_LeftMenuNavigation.WhenUserNavigatesToTheParentLeftSubmenuItem("Ring
                    Scoping") (3.9s)&#xD;
                    &#xD;
                    Then Page with '*Project K-Computer Scheduled Project' header is
                    displayed to user&#xD;
                    -&gt; done:
                    EvergreenJnr_BaseHeader.ThenPageWithHeaderIsDisplayedToUser("*Project
                    K-Comput...") (1.6s)&#xD;
                    &#xD;
                    &#xD;
                    -&gt; Test status is 'Passed'&#xD;
                    -&gt; TEST STATUS WAS POSTED:
                    EvergreenJnr_Planning_CheckThatProjectThatSelectedAsDefalutForUserIsUsingAsDefaultOnRingScopingPage&#xD;
                    -&gt; Test finished on:
                    https://automaster.internal.juriba.com/evergreen/#/planning/ringscoping/statistics&#xD;
                    -&gt; 11/2/2021 9:36:06 AM - ERROR - Error during Custom list
                    deleting: System.Exception: Database query returns zero results&#xD;
                    -&gt; at
                    DashworksTestAutomation.Helpers.DatabaseHelper.ExecuteReader(String
                    query, Int32 columnIndex) in
                    C:\automaster\_work\3\s\DashworksTestAutomationCore\Helpers\DatabaseHelper.cs:line
                    59&#xD;
                    -&gt; at
                    DashworksTestAutomation.Steps.Dashworks.CustomList.AfterScenario.RemoveCustomListMethods.RemoveUserLists()
                    in
                    C:\automaster\_work\3\s\DashworksTestAutomationCore\Steps\Dashworks\CustomList\AfterScenario\RemoveCustomListMethods.cs:line
                    33&#xD;
                    -&gt; 11/2/2021 9:36:06 AM - ERROR - Error during Custom list
                    deleting: System.Exception: Database query returns zero results&#xD;
                    -&gt; at
                    DashworksTestAutomation.Helpers.DatabaseHelper.ExecuteReader(String
                    query, Int32 columnIndex) in
                    C:\automaster\_work\3\s\DashworksTestAutomationCore\Helpers\DatabaseHelper.cs:line
                    59&#xD;
                    -&gt; at
                    DashworksTestAutomation.Steps.Dashworks.CustomList.AfterScenario.RemoveCustomListMethods.RemoveUserLists()
                    in
                    C:\automaster\_work\3\s\DashworksTestAutomationCore\Steps\Dashworks\CustomList\AfterScenario\RemoveCustomListMethods.cs:line
                    33&#xD;
                    -&gt; 11/2/2021 9:36:06 AM - ERROR - Error during Custom list
                    deleting: System.Exception: Database query returns zero results&#xD;
                    -&gt; at
                    DashworksTestAutomation.Helpers.DatabaseHelper.ExecuteReader(String
                    query, Int32 columnIndex) in
                    C:\automaster\_work\3\s\DashworksTestAutomationCore\Helpers\DatabaseHelper.cs:line
                    59&#xD;
                    -&gt; at
                    DashworksTestAutomation.Steps.Dashworks.CustomList.AfterScenario.RemoveCustomListMethods.RemoveUserLists()
                    in
                    C:\automaster\_work\3\s\DashworksTestAutomationCore\Steps\Dashworks\CustomList\AfterScenario\RemoveCustomListMethods.cs:line
                    33&#xD;
                    -&gt; 11/2/2021 9:36:06 AM - INFO - The '1_DAS25581_Project' project
                    with '175' id has been deleted&#xD;
                    -&gt; 11/2/2021 9:36:06 AM - ERROR - Error during removing
                    '1_DAS25581_Project' Project: System.Exception: Database query
                    returns zero results&#xD;
                    -&gt; at
                    DashworksTestAutomation.Helpers.DatabaseHelper.ExecuteReader(String
                    query, Int32 columnIndex) in
                    C:\automaster\_work\3\s\DashworksTestAutomationCore\Helpers\DatabaseHelper.cs:line
                    59&#xD;
                    -&gt; at
                    DashworksTestAutomation.Helpers.DatabaseHelper.GetProjectId(String
                    projectName) in
                    C:\automaster\_work\3\s\DashworksTestAutomationCore\Helpers\DatabaseHelper.cs:line
                    599&#xD;
                    -&gt; at
                    DashworksTestAutomationCore.Api.Dashworks.AdminPage.Project.ProjectApi.Delete(String
                    projectName) in
                    C:\automaster\_work\3\s\DashworksTestAutomationCore\Api\Dashworks\AdminPage\Project\ProjectApi.cs:line
                    113&#xD;
                    -&gt; 11/2/2021 9:36:06 AM - INFO - Query for '1_DAS25581_User' user
                    deleting: select [Id] from [aspnetdb].[dbo].[AspNetUsers] where
                    [UserName] = '1_DAS25581_User'&#xD;
                    -&gt; 11/2/2021 9:36:10 AM - INFO - TEST FINISHED:
                    EvergreenJnr_Planning_CheckThatProjectThatSelectedAsDefalutForUserIsUsingAsDefaultOnRingScopingPage
                </StdOut>
            </Output>
        </UnitTestResult>
        <UnitTestResult executionId="1cd46404-ae60-4516-808e-a78012dbfa83"
                        testId="da7d39ad-491f-5a1a-933e-22f931c3f538"
                        testName="EvergreenJnr_Planning_CheckThatOptimalConfigurationMessageIsDisplayedIfNothingToRedistribute"
                        computerName="automaster" duration="00:01:53.5753460"
                        startTime="2021-11-02T09:32:42.5824519+00:00"
                        endTime="2021-11-02T09:34:36.1577979+00:00"
                        testType="13cdc9d9-ddb5-4fa4-a97d-d965ccfc6d4b" outcome="Failed"
                        testListId="8c84fa94-04c1-424b-9868-57a2d4851a1d"
                        relativeResultsDirectory="1cd46404-ae60-4516-808e-a78012dbfa83">
            <Output>
                <StdOut>-&gt; 11/2/2021 9:32:42 AM - INFO - TEST STARTED:
                    EvergreenJnr_Planning_CheckThatOptimalConfigurationMessageIsDisplayedIfNothingToRedistribute&#xD;
                    &#xD;
                    Given User is logged in to the Evergreen&#xD;
                    -&gt; Navigating to the https://automaster.internal.juriba.com/&#xD;
                    -&gt; Navigating to the
                    https://automaster.internal.juriba.com/evergreen/&#xD;
                    -&gt; done: EvergreenJnr_Login.GivenUserIsLoggedInToTheEvergreen()
                    (5.2s)&#xD;
                    &#xD;
                    When Project created via API&#xD;
                    --- table step argument ---&#xD;
                    | ProjectName | Scope | ProjectTemplate | Mode |&#xD;
                    | 1_27457DAS_Project | All Devices | None | Standalone Project |&#xD;
                    -&gt; done: ProjectApiSteps.WhenUserCreateNewProjectViaApi(&lt;table&gt;)
                    (0.2s)&#xD;
                    &#xD;
                    When User creates new Ring via api&#xD;
                    --- table step argument ---&#xD;
                    | Name | Description | IsDefault | Project |&#xD;
                    | 1_27457DAS_Ring | 1_27457DAS_Desc | FALSE | 1_27457DAS_Project |&#xD;
                    | 2_27457DAS_Ring | 2_27457DAS_Desc | FALSE | 1_27457DAS_Project |&#xD;
                    -&gt; done: CreateRingViaApi.WhenUserCreatesNewRingViaApi(&lt;table&gt;)
                    (3.3s)&#xD;
                    &#xD;
                    When User onboards objects to '1_27457DAS_Project' project&#xD;
                    --- table step argument ---&#xD;
                    | DeviceObjects |&#xD;
                    | 00BDM1JUR8IF419 |&#xD;
                    | 00K4CEEQ737BA4L |&#xD;
                    | 011PLA470S0B9DJ |&#xD;
                    -&gt; done:
                    OnboardObjects.WhenUserOnboardsObjectsToTheProject("1_27457DAS_Project",
                    &lt;table&gt;) (65.0s)&#xD;
                    &#xD;
                    When User clicks 'Planning' on the left-hand menu&#xD;
                    -&gt; done:
                    EvergreenJnr_LeftHandMenuNavigation.WhenUserClicksOnTheLeft_HandMenu("Planning")
                    (1.7s)&#xD;
                    &#xD;
                    When User enters '1_27457DAS_Project' text in the Search field for
                    'Project' column&#xD;
                    -&gt; done:
                    EvergreenJnr_BaseGrid.WhenUserEntersTextInTheSearchFieldForColumn("1_27457DAS_Project",
                    "Project") (3.9s)&#xD;
                    &#xD;
                    When User clicks on '1_27457DAS_Project' cell from 'Project' column&#xD;
                    -&gt; done:
                    EvergreenJnr_BaseGrid.WhenUserClicksOnCellFromColumn("1_27457DAS_Project",
                    "Project") (7.1s)&#xD;
                    &#xD;
                    When User clicks 'Generate Statistics' button&#xD;
                    -&gt; done: ButtonSteps.WhenUserClicksButton("Generate Statistics")
                    (0.1s)&#xD;
                    &#xD;
                    When User navigates to the 'Scoping Parameters' left submenu item&#xD;
                    -&gt; done:
                    EvergreenJnr_LeftMenuNavigation.WhenUserNavigatesToTheParentLeftSubmenuItem("Scoping
                    Parameters") (11.7s)&#xD;
                    &#xD;
                    When User clicks 'Clear All' button&#xD;
                    -&gt; done: ButtonSteps.WhenUserClicksButton("Clear All") (0.1s)&#xD;
                    &#xD;
                    When User sets value to '10' for 'Core' column and '1_27457DAS_Ring'
                    row in 'Application Coverage Targets' table&#xD;
                    -&gt; error: There is no table with 'Application Coverage Targets'
                    title (1.7s)&#xD;
                    &#xD;
                    When User clicks 'Update And Redistribute' button&#xD;
                    -&gt; skipped because of previous errors&#xD;
                    &#xD;
                    Then 'Your configuration is already optimal' message is displayed on
                    empty grid&#xD;
                    -&gt; skipped because of previous errors&#xD;
                    &#xD;
                    When User clicks 'Close' button&#xD;
                    -&gt; skipped because of previous errors&#xD;
                    &#xD;
                    Then Chart with name 'Devices by Ring' is displayed&#xD;
                    -&gt; skipped because of previous errors&#xD;
                    &#xD;
                    Then table is displayed&#xD;
                    -&gt; skipped because of previous errors&#xD;
                    &#xD;
                    &#xD;
                    -&gt; Test status is 'Failed'&#xD;
                    -&gt; Check screenshot by following path:
                    c:\Screenshots\EvergreenJnr_Planning_CheckThatOptimalConfigurationMessageIsDisplayedIfNothingToRedistribute_2021_11_02_09_34_31.png&#xD;
                    -&gt; TEST STATUS WAS POSTED:
                    EvergreenJnr_Planning_CheckThatOptimalConfigurationMessageIsDisplayedIfNothingToRedistribute&#xD;
                    -&gt; Test finished on:
                    https://automaster.internal.juriba.com/evergreen/#/planning/ringscoping/scopingParameters?$projectId=149&#xD;
                    -&gt; 11/2/2021 9:34:32 AM - ERROR - Error during Custom list
                    deleting: System.Exception: Database query returns zero results&#xD;
                    -&gt; at
                    DashworksTestAutomation.Helpers.DatabaseHelper.ExecuteReader(String
                    query, Int32 columnIndex) in
                    C:\automaster\_work\3\s\DashworksTestAutomationCore\Helpers\DatabaseHelper.cs:line
                    59&#xD;
                    -&gt; at
                    DashworksTestAutomation.Steps.Dashworks.CustomList.AfterScenario.RemoveCustomListMethods.RemoveUserLists()
                    in
                    C:\automaster\_work\3\s\DashworksTestAutomationCore\Steps\Dashworks\CustomList\AfterScenario\RemoveCustomListMethods.cs:line
                    33&#xD;
                    -&gt; 11/2/2021 9:34:32 AM - ERROR - Error during Custom list
                    deleting: System.Exception: Database query returns zero results&#xD;
                    -&gt; at
                    DashworksTestAutomation.Helpers.DatabaseHelper.ExecuteReader(String
                    query, Int32 columnIndex) in
                    C:\automaster\_work\3\s\DashworksTestAutomationCore\Helpers\DatabaseHelper.cs:line
                    59&#xD;
                    -&gt; at
                    DashworksTestAutomation.Steps.Dashworks.CustomList.AfterScenario.RemoveCustomListMethods.RemoveUserLists()
                    in
                    C:\automaster\_work\3\s\DashworksTestAutomationCore\Steps\Dashworks\CustomList\AfterScenario\RemoveCustomListMethods.cs:line
                    33&#xD;
                    -&gt; 11/2/2021 9:34:32 AM - INFO - The '1_27457DAS_Project' project
                    with '149' id has been deleted&#xD;
                    -&gt; 11/2/2021 9:34:36 AM - INFO - TEST FINISHED:
                    EvergreenJnr_Planning_CheckThatOptimalConfigurationMessageIsDisplayedIfNothingToRedistribute
                </StdOut>
                <StdErr>There is no table with 'Application Coverage Targets' title&#xD;
                    System.Exception: There is no table with 'Application Coverage
                    Targets' title&#xD;
                    at
                    DashworksTestAutomation.Pages.Evergreen.ItemDetails.BaseTable.GetTableByTitle(String
                    title) in
                    C:\automaster\_work\3\s\DashworksTestAutomationCore\Pages\Evergreen\ItemDetails\BaseTable.cs:line
                    273&#xD;
                    at
                    DashworksTestAutomation.Steps.Dashworks.ItemDetailsPage.EvergreenJnr_BaseTable.WhenUserSetValueToForColumnAndRowInTable(String
                    value, String headerName, String rowName, String title) in
                    C:\automaster\_work\3\s\DashworksTestAutomationCore\Steps\Dashworks\ItemDetailsPage\EvergreenJnr_BaseTable.cs:line
                    139&#xD;
                    at TechTalk.SpecFlow.Bindings.BindingInvoker.InvokeBinding(IBinding
                    binding, IContextManager contextManager, Object[] arguments,
                    ITestTracer testTracer, TimeSpan&amp; duration) in
                    D:\a\1\s\TechTalk.SpecFlow\Bindings\BindingInvoker.cs:line 88&#xD;
                    at
                    TechTalk.SpecFlow.Infrastructure.TestExecutionEngine.ExecuteStepMatch(BindingMatch
                    match, Object[] arguments, TimeSpan&amp; duration) in
                    D:\a\1\s\TechTalk.SpecFlow\Infrastructure\TestExecutionEngine.cs:line
                    522&#xD;
                    at
                    TechTalk.SpecRun.SpecFlowPlugin.Runtime.RunnerTestExecutionEngine.ExecuteStepMatch(BindingMatch
                    match, Object[] arguments, TimeSpan&amp; duration)&#xD;
                    at
                    TechTalk.SpecFlow.Infrastructure.TestExecutionEngine.ExecuteStep(IContextManager
                    contextManager, StepInstance stepInstance) in
                    D:\a\1\s\TechTalk.SpecFlow\Infrastructure\TestExecutionEngine.cs:line
                    446&#xD;
                    at
                    TechTalk.SpecFlow.Infrastructure.TestExecutionEngine.OnAfterLastStep()
                    in
                    D:\a\1\s\TechTalk.SpecFlow\Infrastructure\TestExecutionEngine.cs:line
                    268&#xD;
                    at
                    TechTalk.SpecRun.SpecFlowPlugin.Runtime.RunnerTestExecutionEngine.OnAfterLastStep()&#xD;
                    at TechTalk.SpecFlow.TestRunner.CollectScenarioErrors() in
                    D:\a\1\s\TechTalk.SpecFlow\TestRunner.cs:line 60&#xD;
                    at
                    DashworksTestAutomationCore.Tests.EvergreenJnr.EvergreenJnr_Planning.Planning_RingScoping_Part12Feature.ScenarioCleanup()&#xD;
                    at
                    DashworksTestAutomationCore.Tests.EvergreenJnr.EvergreenJnr_Planning.Planning_RingScoping_Part12Feature.EvergreenJnr_Planning_CheckThatOptimalConfigurationMessageIsDisplayedIfNothingToRedistribute()
                    in
                    C:\automaster\_work\3\s\DashworksTestAutomationCore\Tests\EvergreenJnr\EvergreenJnr_Planning\Planning_RingScoping_Part12.feature:line
                    143&#xD;
                    at
                    TechTalk.SpecRun.Framework.TaskExecutors.StaticOrInstanceMethodExecutor.ExecuteInternal(ITestThreadExecutionContext
                    testThreadExecutionContext)&#xD;
                    at
                    TechTalk.SpecRun.Framework.TaskExecutors.StaticOrInstanceMethodExecutor.Execute(ITestThreadExecutionContext
                    testThreadExecutionContext)&#xD;
                    at TechTalk.SpecRun.Framework.TestNodeTask.Execute()
                </StdErr>
                <ErrorInfo>
                    <Message>There is no table with 'Application Coverage Targets'
                        title
                    </Message>
                    <StackTrace>System.Exception: There is no table with 'Application
                        Coverage Targets' title&#xD;
                        at
                        DashworksTestAutomation.Pages.Evergreen.ItemDetails.BaseTable.GetTableByTitle(String
                        title) in
                        C:\automaster\_work\3\s\DashworksTestAutomationCore\Pages\Evergreen\ItemDetails\BaseTable.cs:line
                        273&#xD;
                        at
                        DashworksTestAutomation.Steps.Dashworks.ItemDetailsPage.EvergreenJnr_BaseTable.WhenUserSetValueToForColumnAndRowInTable(String
                        value, String headerName, String rowName, String title) in
                        C:\automaster\_work\3\s\DashworksTestAutomationCore\Steps\Dashworks\ItemDetailsPage\EvergreenJnr_BaseTable.cs:line
                        139&#xD;
                        at
                        TechTalk.SpecFlow.Bindings.BindingInvoker.InvokeBinding(IBinding
                        binding, IContextManager contextManager, Object[] arguments,
                        ITestTracer testTracer, TimeSpan&amp; duration) in
                        D:\a\1\s\TechTalk.SpecFlow\Bindings\BindingInvoker.cs:line 88&#xD;
                        at
                        TechTalk.SpecFlow.Infrastructure.TestExecutionEngine.ExecuteStepMatch(BindingMatch
                        match, Object[] arguments, TimeSpan&amp; duration) in
                        D:\a\1\s\TechTalk.SpecFlow\Infrastructure\TestExecutionEngine.cs:line
                        522&#xD;
                        at
                        TechTalk.SpecRun.SpecFlowPlugin.Runtime.RunnerTestExecutionEngine.ExecuteStepMatch(BindingMatch
                        match, Object[] arguments, TimeSpan&amp; duration)&#xD;
                        at
                        TechTalk.SpecFlow.Infrastructure.TestExecutionEngine.ExecuteStep(IContextManager
                        contextManager, StepInstance stepInstance) in
                        D:\a\1\s\TechTalk.SpecFlow\Infrastructure\TestExecutionEngine.cs:line
                        446&#xD;
                        at
                        TechTalk.SpecFlow.Infrastructure.TestExecutionEngine.OnAfterLastStep()
                        in
                        D:\a\1\s\TechTalk.SpecFlow\Infrastructure\TestExecutionEngine.cs:line
                        268&#xD;
                        at
                        TechTalk.SpecRun.SpecFlowPlugin.Runtime.RunnerTestExecutionEngine.OnAfterLastStep()&#xD;
                        at TechTalk.SpecFlow.TestRunner.CollectScenarioErrors() in
                        D:\a\1\s\TechTalk.SpecFlow\TestRunner.cs:line 60&#xD;
                        at
                        DashworksTestAutomationCore.Tests.EvergreenJnr.EvergreenJnr_Planning.Planning_RingScoping_Part12Feature.ScenarioCleanup()&#xD;
                        at
                        DashworksTestAutomationCore.Tests.EvergreenJnr.EvergreenJnr_Planning.Planning_RingScoping_Part12Feature.EvergreenJnr_Planning_CheckThatOptimalConfigurationMessageIsDisplayedIfNothingToRedistribute()
                        in
                        C:\automaster\_work\3\s\DashworksTestAutomationCore\Tests\EvergreenJnr\EvergreenJnr_Planning\Planning_RingScoping_Part12.feature:line
                        143&#xD;
                        at
                        TechTalk.SpecRun.Framework.TaskExecutors.StaticOrInstanceMethodExecutor.ExecuteInternal(ITestThreadExecutionContext
                        testThreadExecutionContext)&#xD;
                        at
                        TechTalk.SpecRun.Framework.TaskExecutors.StaticOrInstanceMethodExecutor.Execute(ITestThreadExecutionContext
                        testThreadExecutionContext)&#xD;
                        at TechTalk.SpecRun.Framework.TestNodeTask.Execute()
                    </StackTrace>
                </ErrorInfo>
            </Output>
        </UnitTestResult>
        <UnitTestResult executionId="bbc944db-59c7-4309-af76-0bf4a863aef3"
                        testId="4e8b27f1-a0de-4151-0151-6e64f94b3fd5"
                        testName="EvergreenJnr_Planning_CheckThatThatMoveInOutOptionsAreAddedToRings"
                        computerName="automaster" duration="00:00:55.6982147"
                        startTime="2021-11-02T09:30:29.5246647+00:00"
                        endTime="2021-11-02T09:31:25.2228794+00:00"
                        testType="13cdc9d9-ddb5-4fa4-a97d-d965ccfc6d4b" outcome="Passed"
                        testListId="8c84fa94-04c1-424b-9868-57a2d4851a1d"
                        relativeResultsDirectory="bbc944db-59c7-4309-af76-0bf4a863aef3">
            <Output>
                <StdOut>-&gt; -&gt; Loading plugin
                    C:\automaster\_work\3\s\DashworksTestAutomationCore\bin\Debug\netcoreapp3.1\DashworksTestAutomationCore.dll&#xD;
                    -&gt; -&gt; Missing [assembly:RuntimePlugin] attribute in
                    DashworksTestAutomationCore, Version=1.0.0.0, Culture=neutral,
                    PublicKeyToken=null. Please check
                    https://go.specflow.org/doc-plugins for details.&#xD;
                    -&gt; -&gt; Loading plugin
                    C:\automaster\_work\3\s\DashworksTestAutomationCore\bin\Debug\netcoreapp3.1\SpecRun.Runtime.SpecFlowPlugin.dll&#xD;
                    -&gt; -&gt; Using default config&#xD;
                    &#xD;
                    &#xD;
                    -&gt; 11/2/2021 9:30:29 AM - INFO - TEST STARTED:
                    EvergreenJnr_Planning_CheckThatThatMoveInOutOptionsAreAddedToRings&#xD;
                    &#xD;
                    Given User is logged in to the Evergreen&#xD;
                    -&gt; 11/2/2021 9:30:38 AM - INFO - Graph Client provide switched to
                    '01HV72ABXDFGMZR3LO5RB3ZCZZG3PT4XM5'&#xD;
                    -&gt; Navigating to the https://automaster.internal.juriba.com/&#xD;
                    -&gt; Navigating to the
                    https://automaster.internal.juriba.com/evergreen/&#xD;
                    -&gt; done: EvergreenJnr_Login.GivenUserIsLoggedInToTheEvergreen()
                    (11.8s)&#xD;
                    &#xD;
                    Then Evergreen Dashboards page should be displayed to the user&#xD;
                    -&gt; done:
                    EvergreenJnr_Login.ThenEvergreenDashboardsPageShouldBeDisplayedToTheUser()
                    (2.4s)&#xD;
                    &#xD;
                    When Project created via API&#xD;
                    --- table step argument ---&#xD;
                    | ProjectName | Scope | ProjectTemplate | Mode |&#xD;
                    | 23690_Project | All Devices | None | Standalone Project |&#xD;
                    -&gt; done: ProjectApiSteps.WhenUserCreateNewProjectViaApi(&lt;table&gt;)
                    (3.3s)&#xD;
                    &#xD;
                    When User clicks 'Planning' on the left-hand menu&#xD;
                    -&gt; done:
                    EvergreenJnr_LeftHandMenuNavigation.WhenUserClicksOnTheLeft_HandMenu("Planning")
                    (12.0s)&#xD;
                    &#xD;
                    When User clicks on '23690_Project' cell from 'Project' column&#xD;
                    -&gt; done:
                    EvergreenJnr_BaseGrid.WhenUserClicksOnCellFromColumn("23690_Project",
                    "Project") (8.4s)&#xD;
                    &#xD;
                    When User navigates to the 'Scoping Parameters' left submenu item&#xD;
                    -&gt; done:
                    EvergreenJnr_LeftMenuNavigation.WhenUserNavigatesToTheParentLeftSubmenuItem("Scoping
                    Parameters") (1.7s)&#xD;
                    &#xD;
                    Then User sees that 'Allow devices to be moved out of this ring, but
                    not into it' dropdown contains following options:&#xD;
                    --- table step argument ---&#xD;
                    | Values |&#xD;
                    | Do not allow devices to be moved in or out, do not show this ring
                    in statistics |&#xD;
                    | Do not allow devices to be moved in or out, show this ring in
                    statistics |&#xD;
                    | Allow devices to be moved into this ring, but not out of it |&#xD;
                    | Allow devices to be moved out of this ring, but not into it |&#xD;
                    | Allow devices to be moved in and out of this ring |&#xD;
                    -&gt; done:
                    DropdownSteps.ThenUserSeesThatDropdownContainsFollowingOptions("Allow
                    devices to ...", &lt;table&gt;) (2.8s)&#xD;
                    &#xD;
                    &#xD;
                    -&gt; Test status is 'Passed'&#xD;
                    -&gt; TEST STATUS WAS POSTED:
                    EvergreenJnr_Planning_CheckThatThatMoveInOutOptionsAreAddedToRings&#xD;
                    -&gt; Test finished on:
                    https://automaster.internal.juriba.com/evergreen/#/planning/ringscoping/scopingParameters?$projectId=136&#xD;
                    -&gt; 11/2/2021 9:31:21 AM - ERROR - Error during Custom list
                    deleting: System.Exception: Database query returns zero results&#xD;
                    -&gt; at
                    DashworksTestAutomation.Helpers.DatabaseHelper.ExecuteReader(String
                    query, Int32 columnIndex) in
                    C:\automaster\_work\3\s\DashworksTestAutomationCore\Helpers\DatabaseHelper.cs:line
                    59&#xD;
                    -&gt; at
                    DashworksTestAutomation.Steps.Dashworks.CustomList.AfterScenario.RemoveCustomListMethods.RemoveUserLists()
                    in
                    C:\automaster\_work\3\s\DashworksTestAutomationCore\Steps\Dashworks\CustomList\AfterScenario\RemoveCustomListMethods.cs:line
                    33&#xD;
                    -&gt; 11/2/2021 9:31:21 AM - ERROR - Error during Custom list
                    deleting: System.Exception: Database query returns zero results&#xD;
                    -&gt; at
                    DashworksTestAutomation.Helpers.DatabaseHelper.ExecuteReader(String
                    query, Int32 columnIndex) in
                    C:\automaster\_work\3\s\DashworksTestAutomationCore\Helpers\DatabaseHelper.cs:line
                    59&#xD;
                    -&gt; at
                    DashworksTestAutomation.Steps.Dashworks.CustomList.AfterScenario.RemoveCustomListMethods.RemoveUserLists()
                    in
                    C:\automaster\_work\3\s\DashworksTestAutomationCore\Steps\Dashworks\CustomList\AfterScenario\RemoveCustomListMethods.cs:line
                    33&#xD;
                    -&gt; 11/2/2021 9:31:21 AM - INFO - The '23690_Project' project with
                    '136' id has been deleted&#xD;
                    -&gt; 11/2/2021 9:31:25 AM - INFO - TEST FINISHED:
                    EvergreenJnr_Planning_CheckThatThatMoveInOutOptionsAreAddedToRings
                </StdOut>
            </Output>
        </UnitTestResult>
        <UnitTestResult executionId="d6377fd7-bb88-4973-9733-c3c79c66c196"
                        testId="96436ac7-fbce-a81f-a37b-7066bda4855f"
                        testName="EvergreenJnr_Planning_CheckThatHelpPanelIsNotDisplayingUnnecessaryOnStatisticPageOnRingScoping"
                        computerName="automaster" duration="00:01:09.1642098"
                        startTime="2021-11-02T09:30:29.9020157+00:00"
                        endTime="2021-11-02T09:31:39.0662255+00:00"
                        testType="13cdc9d9-ddb5-4fa4-a97d-d965ccfc6d4b" outcome="Passed"
                        testListId="8c84fa94-04c1-424b-9868-57a2d4851a1d"
                        relativeResultsDirectory="d6377fd7-bb88-4973-9733-c3c79c66c196">
            <Output>
                <StdOut>-&gt; -&gt; Loading plugin
                    C:\automaster\_work\3\s\DashworksTestAutomationCore\bin\Debug\netcoreapp3.1\DashworksTestAutomationCore.dll&#xD;
                    -&gt; -&gt; Missing [assembly:RuntimePlugin] attribute in
                    DashworksTestAutomationCore, Version=1.0.0.0, Culture=neutral,
                    PublicKeyToken=null. Please check
                    https://go.specflow.org/doc-plugins for details.&#xD;
                    -&gt; -&gt; Loading plugin
                    C:\automaster\_work\3\s\DashworksTestAutomationCore\bin\Debug\netcoreapp3.1\SpecRun.Runtime.SpecFlowPlugin.dll&#xD;
                    -&gt; -&gt; Using default config&#xD;
                    &#xD;
                    &#xD;
                    -&gt; 11/2/2021 9:30:30 AM - INFO - TEST STARTED:
                    EvergreenJnr_Planning_CheckThatHelpPanelIsNotDisplayingUnnecessaryOnStatisticPageOnRingScoping&#xD;
                    &#xD;
                    Given User is logged in to the Evergreen&#xD;
                    -&gt; 11/2/2021 9:30:38 AM - INFO - Graph Client provide switched to
                    '01HV72ABXDFGMZR3LO5RB3ZCZZG3PT4XM5'&#xD;
                    -&gt; Navigating to the https://automaster.internal.juriba.com/&#xD;
                    -&gt; Navigating to the
                    https://automaster.internal.juriba.com/evergreen/&#xD;
                    -&gt; done: EvergreenJnr_Login.GivenUserIsLoggedInToTheEvergreen()
                    (13.4s)&#xD;
                    &#xD;
                    When User clicks 'Devices' on the left-hand menu&#xD;
                    -&gt; done:
                    EvergreenJnr_LeftHandMenuNavigation.WhenUserClicksOnTheLeft_HandMenu("Devices")
                    (4.0s)&#xD;
                    &#xD;
                    When User clicks the Actions button&#xD;
                    -&gt; done: EvergreenJnr_BaseHeader.WhenUserClicksTheActionsButton()
                    (20.0s)&#xD;
                    &#xD;
                    When User clicks 'Planning' on the left-hand menu&#xD;
                    -&gt; done:
                    EvergreenJnr_LeftHandMenuNavigation.WhenUserClicksOnTheLeft_HandMenu("Planning")
                    (1.6s)&#xD;
                    &#xD;
                    When User enters 'Ring Scoping Project' text in the Search field for
                    'Project' column&#xD;
                    -&gt; done:
                    EvergreenJnr_BaseGrid.WhenUserEntersTextInTheSearchFieldForColumn("Ring
                    Scoping Project", "Project") (3.9s)&#xD;
                    &#xD;
                    When User clicks on 'Ring Scoping Project' cell from 'Project'
                    column&#xD;
                    -&gt; done:
                    EvergreenJnr_BaseGrid.WhenUserClicksOnCellFromColumn("Ring Scoping
                    Project", "Project") (7.2s)&#xD;
                    &#xD;
                    Then 'Help' panel is not displayed&#xD;
                    -&gt; done:
                    EvergreenJnr_RingScopingPage.ThenPanelIsNotDisplayed("Help") (7.7s)&#xD;
                    &#xD;
                    &#xD;
                    -&gt; Test status is 'Passed'&#xD;
                    -&gt; TEST STATUS WAS POSTED:
                    EvergreenJnr_Planning_CheckThatHelpPanelIsNotDisplayingUnnecessaryOnStatisticPageOnRingScoping&#xD;
                    -&gt; Test finished on:
                    https://automaster.internal.juriba.com/evergreen/#/planning/ringscoping/statistics?$projectId=112&#xD;
                    -&gt; 11/2/2021 9:31:35 AM - ERROR - Error during Custom list
                    deleting: System.Exception: Database query returns zero results&#xD;
                    -&gt; at
                    DashworksTestAutomation.Helpers.DatabaseHelper.ExecuteReader(String
                    query, Int32 columnIndex) in
                    C:\automaster\_work\3\s\DashworksTestAutomationCore\Helpers\DatabaseHelper.cs:line
                    59&#xD;
                    -&gt; at
                    DashworksTestAutomation.Steps.Dashworks.CustomList.AfterScenario.RemoveCustomListMethods.RemoveUserLists()
                    in
                    C:\automaster\_work\3\s\DashworksTestAutomationCore\Steps\Dashworks\CustomList\AfterScenario\RemoveCustomListMethods.cs:line
                    33&#xD;
                    -&gt; 11/2/2021 9:31:35 AM - ERROR - Error during Custom list
                    deleting: System.Exception: Database query returns zero results&#xD;
                    -&gt; at
                    DashworksTestAutomation.Helpers.DatabaseHelper.ExecuteReader(String
                    query, Int32 columnIndex) in
                    C:\automaster\_work\3\s\DashworksTestAutomationCore\Helpers\DatabaseHelper.cs:line
                    59&#xD;
                    -&gt; at
                    DashworksTestAutomation.Steps.Dashworks.CustomList.AfterScenario.RemoveCustomListMethods.RemoveUserLists()
                    in
                    C:\automaster\_work\3\s\DashworksTestAutomationCore\Steps\Dashworks\CustomList\AfterScenario\RemoveCustomListMethods.cs:line
                    33&#xD;
                    -&gt; 11/2/2021 9:31:39 AM - INFO - TEST FINISHED:
                    EvergreenJnr_Planning_CheckThatHelpPanelIsNotDisplayingUnnecessaryOnStatisticPageOnRingScoping
                </StdOut>
            </Output>
        </UnitTestResult>
        <UnitTestResult executionId="0e833f8c-be63-4620-9e13-fa287d1b265d"
                        testId="5a3e5d64-72b2-2adb-8b68-de28d5d4ccde"
                        testName="EvergreenJnr_Planning_CheckThatRecalculationProcessIsNotShownAcrossProjects"
                        computerName="automaster" duration="00:02:08.7694673"
                        startTime="2021-11-02T09:30:29.1398431+00:00"
                        endTime="2021-11-02T09:32:37.9093104+00:00"
                        testType="13cdc9d9-ddb5-4fa4-a97d-d965ccfc6d4b" outcome="Passed"
                        testListId="8c84fa94-04c1-424b-9868-57a2d4851a1d"
                        relativeResultsDirectory="0e833f8c-be63-4620-9e13-fa287d1b265d">
            <Output>
                <StdOut>-&gt; -&gt; Loading plugin
                    C:\automaster\_work\3\s\DashworksTestAutomationCore\bin\Debug\netcoreapp3.1\DashworksTestAutomationCore.dll&#xD;
                    -&gt; -&gt; Missing [assembly:RuntimePlugin] attribute in
                    DashworksTestAutomationCore, Version=1.0.0.0, Culture=neutral,
                    PublicKeyToken=null. Please check
                    https://go.specflow.org/doc-plugins for details.&#xD;
                    -&gt; -&gt; Loading plugin
                    C:\automaster\_work\3\s\DashworksTestAutomationCore\bin\Debug\netcoreapp3.1\SpecRun.Runtime.SpecFlowPlugin.dll&#xD;
                    -&gt; -&gt; Using default config&#xD;
                    &#xD;
                    &#xD;
                    -&gt; 11/2/2021 9:30:29 AM - INFO - TEST STARTED:
                    EvergreenJnr_Planning_CheckThatRecalculationProcessIsNotShownAcrossProjects&#xD;
                    &#xD;
                    Given User is logged in to the Evergreen&#xD;
                    -&gt; 11/2/2021 9:30:41 AM - INFO - Graph Client provide switched to
                    '01HV72ABXDFGMZR3LO5RB3ZCZZG3PT4XM5'&#xD;
                    -&gt; Navigating to the https://automaster.internal.juriba.com/&#xD;
                    -&gt; Navigating to the
                    https://automaster.internal.juriba.com/evergreen/&#xD;
                    -&gt; done: EvergreenJnr_Login.GivenUserIsLoggedInToTheEvergreen()
                    (9.4s)&#xD;
                    &#xD;
                    Then Evergreen Dashboards page should be displayed to the user&#xD;
                    -&gt; done:
                    EvergreenJnr_Login.ThenEvergreenDashboardsPageShouldBeDisplayedToTheUser()
                    (2.6s)&#xD;
                    &#xD;
                    When Project created via API and opened&#xD;
                    --- table step argument ---&#xD;
                    | ProjectName | Scope | ProjectTemplate | Mode |&#xD;
                    | 01_24508DAS_Project | All Devices | None | Standalone Project |&#xD;
                    -&gt; done: ProjectApiSteps.WhenUserCreateNewProjectViaApiAndOpened(&lt;table&gt;)
                    (17.4s)&#xD;
                    &#xD;
                    When User onboards objects to '01_24508DAS_Project' project&#xD;
                    --- table step argument ---&#xD;
                    | DeviceObjects |&#xD;
                    | 001BAQXT6JWFPI |&#xD;
                    -&gt; done:
                    OnboardObjects.WhenUserOnboardsObjectsToTheProject("01_24508DAS_Project",
                    &lt;table&gt;) (54.1s)&#xD;
                    &#xD;
                    When Project created via API&#xD;
                    --- table step argument ---&#xD;
                    | ProjectName | Scope | ProjectTemplate | Mode |&#xD;
                    | 02_24508DAS_Project | All Devices | None | Standalone Project |&#xD;
                    -&gt; done: ProjectApiSteps.WhenUserCreateNewProjectViaApi(&lt;table&gt;)
                    (0.1s)&#xD;
                    &#xD;
                    When User clicks 'Planning' on the left-hand menu&#xD;
                    -&gt; done:
                    EvergreenJnr_LeftHandMenuNavigation.WhenUserClicksOnTheLeft_HandMenu("Planning")
                    (1.8s)&#xD;
                    &#xD;
                    When User clicks on '01_24508DAS_Project' cell from 'Project' column&#xD;
                    -&gt; done:
                    EvergreenJnr_BaseGrid.WhenUserClicksOnCellFromColumn("01_24508DAS_Project",
                    "Project") (7.4s)&#xD;
                    &#xD;
                    When User clicks 'Generate Statistics' button&#xD;
                    -&gt; done: ButtonSteps.WhenUserClicksButton("Generate Statistics")
                    (0.2s)&#xD;
                    &#xD;
                    Then table is displayed&#xD;
                    -&gt; done: EvergreenJnr_BaseTable.ThenTableIsDisplayed() (11.6s)&#xD;
                    &#xD;
                    When User clicks 'Recalculate Statistics' button&#xD;
                    -&gt; done: ButtonSteps.WhenUserClicksButton("Recalculate Stati...")
                    (0.1s)&#xD;
                    &#xD;
                    When User clicks 'Recalculate' button on popup&#xD;
                    -&gt; done: ButtonSteps.WhenUserClicksButtonOnPopup("Recalculate")
                    (0.2s)&#xD;
                    &#xD;
                    Then 'Recalculation of statistics has started' text is displayed on
                    inline info banner&#xD;
                    -&gt; done:
                    EvergreenJnr_BaseInlineTipBannerElement.ThenTextIsDisplayedOnInlineInfoBanner("Recalculation
                    of ...") (1.5s)&#xD;
                    &#xD;
                    When User click Back button on Navigation panel&#xD;
                    -&gt; done:
                    EvergreenJnr_LeftMenuNavigation.WhenUserClickBackButtonOnNavigationPanel()
                    (2.2s)&#xD;
                    &#xD;
                    When User clicks on '02_24508DAS_Project' cell from 'Project' column&#xD;
                    -&gt; done:
                    EvergreenJnr_BaseGrid.WhenUserClicksOnCellFromColumn("02_24508DAS_Project",
                    "Project") (4.2s)&#xD;
                    &#xD;
                    Then inline success banner is not displayed&#xD;
                    -&gt; done:
                    EvergreenJnr_BaseInlineTipBannerElement.ThenInlineSuccessBannerIsNotDisplayed()
                    (0.1s)&#xD;
                    &#xD;
                    &#xD;
                    -&gt; Test status is 'Passed'&#xD;
                    -&gt; TEST STATUS WAS POSTED:
                    EvergreenJnr_Planning_CheckThatRecalculationProcessIsNotShownAcrossProjects&#xD;
                    -&gt; Test finished on:
                    https://automaster.internal.juriba.com/evergreen/#/planning/ringscoping/statistics?$projectId=141&#xD;
                    -&gt; 11/2/2021 9:32:33 AM - ERROR - Error during Custom list
                    deleting: System.Exception: Database query returns zero results&#xD;
                    -&gt; at
                    DashworksTestAutomation.Helpers.DatabaseHelper.ExecuteReader(String
                    query, Int32 columnIndex) in
                    C:\automaster\_work\3\s\DashworksTestAutomationCore\Helpers\DatabaseHelper.cs:line
                    59&#xD;
                    -&gt; at
                    DashworksTestAutomation.Steps.Dashworks.CustomList.AfterScenario.RemoveCustomListMethods.RemoveUserLists()
                    in
                    C:\automaster\_work\3\s\DashworksTestAutomationCore\Steps\Dashworks\CustomList\AfterScenario\RemoveCustomListMethods.cs:line
                    33&#xD;
                    -&gt; 11/2/2021 9:32:33 AM - ERROR - Error during Custom list
                    deleting: System.Exception: Database query returns zero results&#xD;
                    -&gt; at
                    DashworksTestAutomation.Helpers.DatabaseHelper.ExecuteReader(String
                    query, Int32 columnIndex) in
                    C:\automaster\_work\3\s\DashworksTestAutomationCore\Helpers\DatabaseHelper.cs:line
                    59&#xD;
                    -&gt; at
                    DashworksTestAutomation.Steps.Dashworks.CustomList.AfterScenario.RemoveCustomListMethods.RemoveUserLists()
                    in
                    C:\automaster\_work\3\s\DashworksTestAutomationCore\Steps\Dashworks\CustomList\AfterScenario\RemoveCustomListMethods.cs:line
                    33&#xD;
                    -&gt; 11/2/2021 9:32:34 AM - INFO - The '01_24508DAS_Project'
                    project with '134' id has been deleted&#xD;
                    -&gt; 11/2/2021 9:32:34 AM - INFO - The '02_24508DAS_Project'
                    project with '141' id has been deleted&#xD;
                    -&gt; 11/2/2021 9:32:37 AM - INFO - TEST FINISHED:
                    EvergreenJnr_Planning_CheckThatRecalculationProcessIsNotShownAcrossProjects
                </StdOut>
            </Output>
        </UnitTestResult>
        <UnitTestResult executionId="f3c77b26-afc6-45a3-b16e-87e7aaaf7cc5"
                        testId="a92a86eb-d6f9-b0c2-7fcb-c50a396c3fb6"
                        testName="EvergreenJnr_Planning_CheckThatBeforeAndAfterChartIsDisplayedOnPreviewPage"
                        computerName="automaster" duration="00:01:51.1800312"
                        startTime="2021-11-02T09:33:24.4678768+00:00"
                        endTime="2021-11-02T09:35:15.6479080+00:00"
                        testType="13cdc9d9-ddb5-4fa4-a97d-d965ccfc6d4b" outcome="Passed"
                        testListId="8c84fa94-04c1-424b-9868-57a2d4851a1d"
                        relativeResultsDirectory="f3c77b26-afc6-45a3-b16e-87e7aaaf7cc5">
            <Output>
                <StdOut>-&gt; 11/2/2021 9:33:24 AM - INFO - TEST STARTED:
                    EvergreenJnr_Planning_CheckThatBeforeAndAfterChartIsDisplayedOnPreviewPage&#xD;
                    &#xD;
                    Given User is logged in to the Evergreen&#xD;
                    -&gt; Navigating to the https://automaster.internal.juriba.com/&#xD;
                    -&gt; Navigating to the
                    https://automaster.internal.juriba.com/evergreen/&#xD;
                    -&gt; done: EvergreenJnr_Login.GivenUserIsLoggedInToTheEvergreen()
                    (2.6s)&#xD;
                    &#xD;
                    When Project created via API&#xD;
                    --- table step argument ---&#xD;
                    | ProjectName | Scope | ProjectTemplate | Mode |&#xD;
                    | 1_27996DAS_Project | All Devices | None | Standalone Project |&#xD;
                    -&gt; done: ProjectApiSteps.WhenUserCreateNewProjectViaApi(&lt;table&gt;)
                    (0.1s)&#xD;
                    &#xD;
                    When User creates new Ring via api&#xD;
                    --- table step argument ---&#xD;
                    | Name | Description | IsDefault | Project |&#xD;
                    | 1_27996DAS_Ring | 1_27996DAS_Desc | false | 1_27996DAS_Project |&#xD;
                    | 2_27996DAS_Ring | 2_27996DAS_Desc | false | 1_27996DAS_Project |&#xD;
                    -&gt; done: CreateRingViaApi.WhenUserCreatesNewRingViaApi(&lt;table&gt;)
                    (1.6s)&#xD;
                    &#xD;
                    When User onboards objects to '1_27996DAS_Project' project&#xD;
                    --- table step argument ---&#xD;
                    | DeviceObjects |&#xD;
                    | 00K4CEEQ737BA4L |&#xD;
                    | 011PLA470S0B9DJ |&#xD;
                    -&gt; done:
                    OnboardObjects.WhenUserOnboardsObjectsToTheProject("1_27996DAS_Project",
                    &lt;table&gt;) (72.9s)&#xD;
                    &#xD;
                    When User clicks 'Planning' on the left-hand menu&#xD;
                    -&gt; done:
                    EvergreenJnr_LeftHandMenuNavigation.WhenUserClicksOnTheLeft_HandMenu("Planning")
                    (1.7s)&#xD;
                    &#xD;
                    When User enters '1_27996DAS_Project' text in the Search field for
                    'Project' column&#xD;
                    -&gt; done:
                    EvergreenJnr_BaseGrid.WhenUserEntersTextInTheSearchFieldForColumn("1_27996DAS_Project",
                    "Project") (4.7s)&#xD;
                    &#xD;
                    When User clicks on '1_27996DAS_Project' cell from 'Project' column&#xD;
                    -&gt; done:
                    EvergreenJnr_BaseGrid.WhenUserClicksOnCellFromColumn("1_27996DAS_Project",
                    "Project") (7.2s)&#xD;
                    &#xD;
                    When User navigates to the 'Scoping Parameters' left submenu item&#xD;
                    -&gt; done:
                    EvergreenJnr_LeftMenuNavigation.WhenUserNavigatesToTheParentLeftSubmenuItem("Scoping
                    Parameters") (1.6s)&#xD;
                    &#xD;
                    When User sets value to '1' for 'Minimum Number of Devices' column
                    and '1_27996DAS_Ring' row in 'Minimum and Maximum Number of Devices'
                    table&#xD;
                    -&gt; done:
                    EvergreenJnr_BaseTable.WhenUserSetValueToForColumnAndRowInTable("1",
                    "Minimum Number of...", "1_27996DAS_Ring", "Minimum and Maxim...")
                    (2.5s)&#xD;
                    &#xD;
                    When User sets value to '1' for 'Minimum Number of Devices' column
                    and '2_27996DAS_Ring' row in 'Minimum and Maximum Number of Devices'
                    table&#xD;
                    -&gt; done:
                    EvergreenJnr_BaseTable.WhenUserSetValueToForColumnAndRowInTable("1",
                    "Minimum Number of...", "2_27996DAS_Ring", "Minimum and Maxim...")
                    (1.9s)&#xD;
                    &#xD;
                    When User clicks 'Update And Redistribute' button&#xD;
                    -&gt; done: ButtonSteps.WhenUserClicksButton("Update And Redist...")
                    (0.1s)&#xD;
                    &#xD;
                    Then grid content is present&#xD;
                    -&gt; done: EvergreenJnr_BaseGrid.ThenGridContentIsPresent() (3.6s)&#xD;
                    &#xD;
                    Then 'Preview Statistics' button is displayed&#xD;
                    -&gt; done: ButtonSteps.ThenButtonIsDisplayed("Preview Statistics")
                    (0.1s)&#xD;
                    &#xD;
                    Then 'Commit Changes Without Preview' button is displayed&#xD;
                    -&gt; done: ButtonSteps.ThenButtonIsDisplayed("Commit Changes
                    Wi...") (0.1s)&#xD;
                    &#xD;
                    Then 'Cancel' button is displayed&#xD;
                    -&gt; done: ButtonSteps.ThenButtonIsDisplayed("Cancel") (0.1s)&#xD;
                    &#xD;
                    When User clicks 'Preview Statistics' button&#xD;
                    -&gt; done: ButtonSteps.WhenUserClicksButton("Preview Statistics")
                    (0.1s)&#xD;
                    &#xD;
                    Then Static chart with name 'Devices by Ring' and sub name 'Current'
                    is displayed&#xD;
                    -&gt; done:
                    EvergreenJnr_RingScopingPage.ThenStaticChartWithNameAndSubNameIsDisplayed("Devices
                    by Ring", "Current") (1.6s)&#xD;
                    &#xD;
                    Then Static chart with name 'Devices by Ring' and sub name 'After
                    changes' is displayed&#xD;
                    -&gt; done:
                    EvergreenJnr_RingScopingPage.ThenStaticChartWithNameAndSubNameIsDisplayed("Devices
                    by Ring", "After changes") (1.5s)&#xD;
                    &#xD;
                    Then 'Show charts' slide toggle is checked&#xD;
                    -&gt; done: SlideToggleSteps.ThenSlideToggleIsChecked("Show charts")
                    (0.0s)&#xD;
                    &#xD;
                    Then 'Show target values' slide toggle is not checked&#xD;
                    -&gt; done: SlideToggleSteps.ThenSlideToggleIsNotChecked("Show
                    target values") (0.0s)&#xD;
                    &#xD;
                    Then 'Commit Changes' button is displayed&#xD;
                    -&gt; done: ButtonSteps.ThenButtonIsDisplayed("Commit Changes")
                    (0.1s)&#xD;
                    &#xD;
                    Then 'Back' button is displayed&#xD;
                    -&gt; done: ButtonSteps.ThenButtonIsDisplayed("Back") (0.0s)&#xD;
                    &#xD;
                    &#xD;
                    -&gt; Test status is 'Passed'&#xD;
                    -&gt; TEST STATUS WAS POSTED:
                    EvergreenJnr_Planning_CheckThatBeforeAndAfterChartIsDisplayedOnPreviewPage&#xD;
                    -&gt; Test finished on:
                    https://automaster.internal.juriba.com/evergreen/#/planning/ringscoping/scopingParameters?$projectId=155&#xD;
                    -&gt; 11/2/2021 9:35:11 AM - ERROR - Error during Custom list
                    deleting: System.Exception: Database query returns zero results&#xD;
                    -&gt; at
                    DashworksTestAutomation.Helpers.DatabaseHelper.ExecuteReader(String
                    query, Int32 columnIndex) in
                    C:\automaster\_work\3\s\DashworksTestAutomationCore\Helpers\DatabaseHelper.cs:line
                    59&#xD;
                    -&gt; at
                    DashworksTestAutomation.Steps.Dashworks.CustomList.AfterScenario.RemoveCustomListMethods.RemoveUserLists()
                    in
                    C:\automaster\_work\3\s\DashworksTestAutomationCore\Steps\Dashworks\CustomList\AfterScenario\RemoveCustomListMethods.cs:line
                    33&#xD;
                    -&gt; 11/2/2021 9:35:11 AM - ERROR - Error during Custom list
                    deleting: System.Exception: Database query returns zero results&#xD;
                    -&gt; at
                    DashworksTestAutomation.Helpers.DatabaseHelper.ExecuteReader(String
                    query, Int32 columnIndex) in
                    C:\automaster\_work\3\s\DashworksTestAutomationCore\Helpers\DatabaseHelper.cs:line
                    59&#xD;
                    -&gt; at
                    DashworksTestAutomation.Steps.Dashworks.CustomList.AfterScenario.RemoveCustomListMethods.RemoveUserLists()
                    in
                    C:\automaster\_work\3\s\DashworksTestAutomationCore\Steps\Dashworks\CustomList\AfterScenario\RemoveCustomListMethods.cs:line
                    33&#xD;
                    -&gt; 11/2/2021 9:35:12 AM - INFO - The '1_27996DAS_Project' project
                    with '155' id has been deleted&#xD;
                    -&gt; 11/2/2021 9:35:15 AM - INFO - TEST FINISHED:
                    EvergreenJnr_Planning_CheckThatBeforeAndAfterChartIsDisplayedOnPreviewPage
                </StdOut>
            </Output>
        </UnitTestResult>
        <UnitTestResult executionId="9ae4e7fe-1da2-4813-a4c1-b3ea4276f4c6"
                        testId="10f3e6ef-51aa-434e-cd41-ae8dd205ca0d"
                        testName="EvergreenJnr_Planning_CheckThatLegendIconColorsAreRepeitingAfterEveryFifthInChartsOnStatisticPageFromRingScoping"
                        computerName="automaster" duration="00:02:39.6486422"
                        startTime="2021-11-02T09:30:29.3814657+00:00"
                        endTime="2021-11-02T09:33:09.0301079+00:00"
                        testType="13cdc9d9-ddb5-4fa4-a97d-d965ccfc6d4b" outcome="Passed"
                        testListId="8c84fa94-04c1-424b-9868-57a2d4851a1d"
                        relativeResultsDirectory="9ae4e7fe-1da2-4813-a4c1-b3ea4276f4c6">
            <Output>
                <StdOut>-&gt; -&gt; Loading plugin
                    C:\automaster\_work\3\s\DashworksTestAutomationCore\bin\Debug\netcoreapp3.1\DashworksTestAutomationCore.dll&#xD;
                    -&gt; -&gt; Missing [assembly:RuntimePlugin] attribute in
                    DashworksTestAutomationCore, Version=1.0.0.0, Culture=neutral,
                    PublicKeyToken=null. Please check
                    https://go.specflow.org/doc-plugins for details.&#xD;
                    -&gt; -&gt; Loading plugin
                    C:\automaster\_work\3\s\DashworksTestAutomationCore\bin\Debug\netcoreapp3.1\SpecRun.Runtime.SpecFlowPlugin.dll&#xD;
                    -&gt; -&gt; Using default config&#xD;
                    &#xD;
                    &#xD;
                    -&gt; 11/2/2021 9:30:29 AM - INFO - TEST STARTED:
                    EvergreenJnr_Planning_CheckThatLegendIconColorsAreRepeitingAfterEveryFifthInChartsOnStatisticPageFromRingScoping&#xD;
                    &#xD;
                    Given User is logged in to the Evergreen&#xD;
                    -&gt; 11/2/2021 9:30:41 AM - INFO - Graph Client provide switched to
                    '01HV72ABXDFGMZR3LO5RB3ZCZZG3PT4XM5'&#xD;
                    -&gt; Navigating to the https://automaster.internal.juriba.com/&#xD;
                    -&gt; Navigating to the
                    https://automaster.internal.juriba.com/evergreen/&#xD;
                    -&gt; done: EvergreenJnr_Login.GivenUserIsLoggedInToTheEvergreen()
                    (8.6s)&#xD;
                    &#xD;
                    When Project created via API and opened&#xD;
                    --- table step argument ---&#xD;
                    | ProjectName | Scope | ProjectTemplate | Mode |&#xD;
                    | 1_26806DAS_Project | All Devices | None | Standalone Project |&#xD;
                    -&gt; done: ProjectApiSteps.WhenUserCreateNewProjectViaApiAndOpened(&lt;table&gt;)
                    (18.1s)&#xD;
                    &#xD;
                    When User onboards objects to '1_26806DAS_Project' project&#xD;
                    --- table step argument ---&#xD;
                    | DeviceObjects |&#xD;
                    | 00BDM1JUR8IF419 |&#xD;
                    | 00K4CEEQ737BA4L |&#xD;
                    | 011PLA470S0B9DJ |&#xD;
                    | 019BFPQGKK5QT8N |&#xD;
                    | 01BQIYGGUW5PRP6 |&#xD;
                    -&gt; done:
                    OnboardObjects.WhenUserOnboardsObjectsToTheProject("1_26806DAS_Project",
                    &lt;table&gt;) (63.2s)&#xD;
                    &#xD;
                    When User creates new Ring via api&#xD;
                    --- table step argument ---&#xD;
                    | Name | Description | IsDefault | Project |&#xD;
                    | 1_26806DAS_Ring | 1_26806DAS_Desc | false | 1_26806DAS_Project |&#xD;
                    | 2_26806DAS_Ring | 1_26806DAS_Desc | false | 1_26806DAS_Project |&#xD;
                    | 3_26806DAS_Ring | 1_26806DAS_Desc | false | 1_26806DAS_Project |&#xD;
                    | 4_26806DAS_Ring | 1_26806DAS_Desc | false | 1_26806DAS_Project |&#xD;
                    | 5_26806DAS_Ring | 1_26806DAS_Desc | false | 1_26806DAS_Project |&#xD;
                    -&gt; done: CreateRingViaApi.WhenUserCreatesNewRingViaApi(&lt;table&gt;)
                    (7.6s)&#xD;
                    &#xD;
                    When User clicks 'Planning' on the left-hand menu&#xD;
                    -&gt; done:
                    EvergreenJnr_LeftHandMenuNavigation.WhenUserClicksOnTheLeft_HandMenu("Planning")
                    (1.7s)&#xD;
                    &#xD;
                    When User enters '1_26806DAS_Project' text in the Search field for
                    'Project' column&#xD;
                    -&gt; done:
                    EvergreenJnr_BaseGrid.WhenUserEntersTextInTheSearchFieldForColumn("1_26806DAS_Project",
                    "Project") (4.4s)&#xD;
                    &#xD;
                    When User clicks on '1_26806DAS_Project' cell from 'Project' column&#xD;
                    -&gt; done:
                    EvergreenJnr_BaseGrid.WhenUserClicksOnCellFromColumn("1_26806DAS_Project",
                    "Project") (7.2s)&#xD;
                    &#xD;
                    When User navigates to the 'Scoping Parameters' left submenu item&#xD;
                    -&gt; done:
                    EvergreenJnr_LeftMenuNavigation.WhenUserNavigatesToTheParentLeftSubmenuItem("Scoping
                    Parameters") (1.7s)&#xD;
                    &#xD;
                    When User sets value to '1' for 'Minimum Number of Devices' column
                    and '1_26806DAS_Ring' row in 'Minimum and Maximum Number of Devices'
                    table&#xD;
                    -&gt; done:
                    EvergreenJnr_BaseTable.WhenUserSetValueToForColumnAndRowInTable("1",
                    "Minimum Number of...", "1_26806DAS_Ring", "Minimum and Maxim...")
                    (3.0s)&#xD;
                    &#xD;
                    When User sets value to '1' for 'Minimum Number of Devices' column
                    and '2_26806DAS_Ring' row in 'Minimum and Maximum Number of Devices'
                    table&#xD;
                    -&gt; done:
                    EvergreenJnr_BaseTable.WhenUserSetValueToForColumnAndRowInTable("1",
                    "Minimum Number of...", "2_26806DAS_Ring", "Minimum and Maxim...")
                    (1.8s)&#xD;
                    &#xD;
                    When User sets value to '1' for 'Minimum Number of Devices' column
                    and '3_26806DAS_Ring' row in 'Minimum and Maximum Number of Devices'
                    table&#xD;
                    -&gt; done:
                    EvergreenJnr_BaseTable.WhenUserSetValueToForColumnAndRowInTable("1",
                    "Minimum Number of...", "3_26806DAS_Ring", "Minimum and Maxim...")
                    (1.7s)&#xD;
                    &#xD;
                    When User sets value to '1' for 'Minimum Number of Devices' column
                    and '4_26806DAS_Ring' row in 'Minimum and Maximum Number of Devices'
                    table&#xD;
                    -&gt; done:
                    EvergreenJnr_BaseTable.WhenUserSetValueToForColumnAndRowInTable("1",
                    "Minimum Number of...", "4_26806DAS_Ring", "Minimum and Maxim...")
                    (1.8s)&#xD;
                    &#xD;
                    When User sets value to '1' for 'Minimum Number of Devices' column
                    and '5_26806DAS_Ring' row in 'Minimum and Maximum Number of Devices'
                    table&#xD;
                    -&gt; done:
                    EvergreenJnr_BaseTable.WhenUserSetValueToForColumnAndRowInTable("1",
                    "Minimum Number of...", "5_26806DAS_Ring", "Minimum and Maxim...")
                    (1.8s)&#xD;
                    &#xD;
                    When User clicks 'Update And Redistribute' button&#xD;
                    -&gt; done: ButtonSteps.WhenUserClicksButton("Update And Redist...")
                    (0.1s)&#xD;
                    &#xD;
                    When User clicks 'Commit Changes Without Preview' button&#xD;
                    -&gt; done: ButtonSteps.WhenUserClicksButton("Commit Changes Wi...")
                    (0.7s)&#xD;
                    &#xD;
                    Then table is displayed&#xD;
                    -&gt; done: EvergreenJnr_BaseTable.ThenTableIsDisplayed() (11.5s)&#xD;
                    &#xD;
                    Then '1_26806DAS_Ring' category has 'orange' legend icon color on
                    'Devices by Ring' chart&#xD;
                    -&gt; done:
                    EvergreenJnr_RingScopingPage.ThenCategoryHasLegendIconColorOnChart("1_26806DAS_Ring",
                    "orange", "Devices by Ring") (1.5s)&#xD;
                    &#xD;
                    Then '2_26806DAS_Ring' category has 'red' legend icon color on
                    'Devices by Ring' chart&#xD;
                    -&gt; done:
                    EvergreenJnr_RingScopingPage.ThenCategoryHasLegendIconColorOnChart("2_26806DAS_Ring",
                    "red", "Devices by Ring") (1.6s)&#xD;
                    &#xD;
                    Then '3_26806DAS_Ring' category has 'yellow' legend icon color on
                    'Devices by Ring' chart&#xD;
                    -&gt; done:
                    EvergreenJnr_RingScopingPage.ThenCategoryHasLegendIconColorOnChart("3_26806DAS_Ring",
                    "yellow", "Devices by Ring") (1.5s)&#xD;
                    &#xD;
                    Then '4_26806DAS_Ring' category has 'green' legend icon color on
                    'Devices by Ring' chart&#xD;
                    -&gt; done:
                    EvergreenJnr_RingScopingPage.ThenCategoryHasLegendIconColorOnChart("4_26806DAS_Ring",
                    "green", "Devices by Ring") (1.6s)&#xD;
                    &#xD;
                    Then '5_26806DAS_Ring' category has 'turquoise' legend icon color on
                    'Devices by Ring' chart&#xD;
                    -&gt; done:
                    EvergreenJnr_RingScopingPage.ThenCategoryHasLegendIconColorOnChart("5_26806DAS_Ring",
                    "turquoise", "Devices by Ring") (1.5s)&#xD;
                    &#xD;
                    &#xD;
                    -&gt; Test status is 'Passed'&#xD;
                    -&gt; TEST STATUS WAS POSTED:
                    EvergreenJnr_Planning_CheckThatLegendIconColorsAreRepeitingAfterEveryFifthInChartsOnStatisticPageFromRingScoping&#xD;
                    -&gt; Test finished on:
                    https://automaster.internal.juriba.com/evergreen/#/planning/ringscoping/statistics?$projectId=131&#xD;
                    -&gt; 11/2/2021 9:33:04 AM - ERROR - Error during Custom list
                    deleting: System.Exception: Database query returns zero results&#xD;
                    -&gt; at
                    DashworksTestAutomation.Helpers.DatabaseHelper.ExecuteReader(String
                    query, Int32 columnIndex) in
                    C:\automaster\_work\3\s\DashworksTestAutomationCore\Helpers\DatabaseHelper.cs:line
                    59&#xD;
                    -&gt; at
                    DashworksTestAutomation.Steps.Dashworks.CustomList.AfterScenario.RemoveCustomListMethods.RemoveUserLists()
                    in
                    C:\automaster\_work\3\s\DashworksTestAutomationCore\Steps\Dashworks\CustomList\AfterScenario\RemoveCustomListMethods.cs:line
                    33&#xD;
                    -&gt; 11/2/2021 9:33:04 AM - ERROR - Error during Custom list
                    deleting: System.Exception: Database query returns zero results&#xD;
                    -&gt; at
                    DashworksTestAutomation.Helpers.DatabaseHelper.ExecuteReader(String
                    query, Int32 columnIndex) in
                    C:\automaster\_work\3\s\DashworksTestAutomationCore\Helpers\DatabaseHelper.cs:line
                    59&#xD;
                    -&gt; at
                    DashworksTestAutomation.Steps.Dashworks.CustomList.AfterScenario.RemoveCustomListMethods.RemoveUserLists()
                    in
                    C:\automaster\_work\3\s\DashworksTestAutomationCore\Steps\Dashworks\CustomList\AfterScenario\RemoveCustomListMethods.cs:line
                    33&#xD;
                    -&gt; 11/2/2021 9:33:05 AM - INFO - The '1_26806DAS_Project' project
                    with '131' id has been deleted&#xD;
                    -&gt; 11/2/2021 9:33:09 AM - INFO - TEST FINISHED:
                    EvergreenJnr_Planning_CheckThatLegendIconColorsAreRepeitingAfterEveryFifthInChartsOnStatisticPageFromRingScoping
                </StdOut>
            </Output>
        </UnitTestResult>
        <UnitTestResult executionId="f9ed50c6-b873-4561-9934-5ef423eb250d"
                        testId="997a5188-8c62-563d-08df-8ca58f37a875"
                        testName="EvergreenJnr_Planning_CheckThatAllDelicesWithCoreAppsAreMovedToNeededRingOnStatisticPageOnRingScoping"
                        computerName="automaster" duration="00:02:45.4571561"
                        startTime="2021-11-02T09:34:41.9141259+00:00"
                        endTime="2021-11-02T09:37:27.3712820+00:00"
                        testType="13cdc9d9-ddb5-4fa4-a97d-d965ccfc6d4b" outcome="Failed"
                        testListId="8c84fa94-04c1-424b-9868-57a2d4851a1d"
                        relativeResultsDirectory="f9ed50c6-b873-4561-9934-5ef423eb250d">
            <Output>
                <StdOut>-&gt; 11/2/2021 9:34:41 AM - INFO - TEST STARTED:
                    EvergreenJnr_Planning_CheckThatAllDelicesWithCoreAppsAreMovedToNeededRingOnStatisticPageOnRingScoping&#xD;
                    &#xD;
                    Given User is logged in to the Evergreen&#xD;
                    -&gt; Navigating to the https://automaster.internal.juriba.com/&#xD;
                    -&gt; Navigating to the
                    https://automaster.internal.juriba.com/evergreen/&#xD;
                    -&gt; done: EvergreenJnr_Login.GivenUserIsLoggedInToTheEvergreen()
                    (4.0s)&#xD;
                    &#xD;
                    When Project created via API&#xD;
                    --- table step argument ---&#xD;
                    | ProjectName | Scope | ProjectTemplate | Mode |&#xD;
                    | 1_26560DAS_Project | All Devices | None | Standalone Project |&#xD;
                    -&gt; done: ProjectApiSteps.WhenUserCreateNewProjectViaApi(&lt;table&gt;)
                    (0.2s)&#xD;
                    &#xD;
                    When User creates new Ring via api&#xD;
                    --- table step argument ---&#xD;
                    | Name | Description | IsDefault | Project |&#xD;
                    | 1_26560DAS_Ring | DAS26560 | FALSE | 1_26560DAS_Project |&#xD;
                    | 2_26560DAS_Ring | DAS26560 | FALSE | 1_26560DAS_Project |&#xD;
                    -&gt; done: CreateRingViaApi.WhenUserCreatesNewRingViaApi(&lt;table&gt;)
                    (1.6s)&#xD;
                    &#xD;
                    When User onboards objects to '1_26560DAS_Project' project&#xD;
                    --- table step argument ---&#xD;
                    | DeviceObjects |&#xD;
                    | 001BAQXT6JWFPI |&#xD;
                    | 001PSUMZYOW581 |&#xD;
                    | 00BDM1JUR8IF419 |&#xD;
                    | 00CWZRC4UK6W20 |&#xD;
                    | 00HA7MKAVVFDAV |&#xD;
                    | 00I0COBFWHOF27 |&#xD;
                    | 00K4CEEQ737BA4L |&#xD;
                    | 00KLL9S8NRF0X6 |&#xD;
                    | 00KWQ4J3WKQM0G |&#xD;
                    | 00OMQQXWA1DRI6 |&#xD;
                    -&gt; done:
                    OnboardObjects.WhenUserOnboardsObjectsToTheProject("1_26560DAS_Project",
                    &lt;table&gt;) (59.6s)&#xD;
                    &#xD;
                    When User onboards objects to '1_26560DAS_Project' project&#xD;
                    --- table step argument ---&#xD;
                    | ApplicationObjects |&#xD;
                    | 0004 - Adobe Acrobat Reader 5.0.5 Francais |&#xD;
                    | 0036 - Microsoft Access 97 SR-2 English |&#xD;
                    | 0047 - Microsoft Access 97 SR-2 Francais |&#xD;
                    | 20040610sqlserverck |&#xD;
                    | 32VerSee v.231 en (C:\32VerSee\) |&#xD;
                    | 7zip |&#xD;
                    | 7-Zip 16.02 (x64) |&#xD;
                    | 7-Zip 16.04 (x64) |&#xD;
                    | 7-Zip 9.20 (x64 edition) |&#xD;
                    | 7-Zip 9.22 (x64 edition) |&#xD;
                    | ABBYY FineReader 8.0 Professional Edition |&#xD;
                    | Access |&#xD;
                    | Access 95 |&#xD;
                    | Access 97 Rumtime |&#xD;
                    | Access 97 Run-Time Version |&#xD;
                    -&gt; done:
                    OnboardObjects.WhenUserOnboardsObjectsToTheProject("1_26560DAS_Project",
                    &lt;table&gt;) (57.2s)&#xD;
                    &#xD;
                    When User updates application attributes for '1_26560DAS_Project'
                    project to 'Core' criticality&#xD;
                    --- table step argument ---&#xD;
                    | ApplicationObjects |&#xD;
                    | 0004 - Adobe Acrobat Reader 5.0.5 Francais |&#xD;
                    | 0036 - Microsoft Access 97 SR-2 English |&#xD;
                    | 0047 - Microsoft Access 97 SR-2 Francais |&#xD;
                    | 20040610sqlserverck |&#xD;
                    | 32VerSee v.231 en (C:\32VerSee\) |&#xD;
                    | 7zip |&#xD;
                    | 7-Zip 16.02 (x64) |&#xD;
                    | 7-Zip 16.04 (x64) |&#xD;
                    | 7-Zip 9.20 (x64 edition) |&#xD;
                    | 7-Zip 9.22 (x64 edition) |&#xD;
                    | ABBYY FineReader 8.0 Professional Edition |&#xD;
                    | Access |&#xD;
                    | Access 95 |&#xD;
                    | Access 97 Rumtime |&#xD;
                    | Access 97 Run-Time Version |&#xD;
                    -&gt; done:
                    UpdateApplicationAttributes.WhenUserUpdatesApplicationAttributesForProjectToCriticality("1_26560DAS_Project",
                    "Core", &lt;table&gt;) (0.1s)&#xD;
                    &#xD;
                    When User clicks 'Planning' on the left-hand menu&#xD;
                    -&gt; done:
                    EvergreenJnr_LeftHandMenuNavigation.WhenUserClicksOnTheLeft_HandMenu("Planning")
                    (1.7s)&#xD;
                    &#xD;
                    When User enters '1_26560DAS_Project' text in the Search field for
                    'Project' column&#xD;
                    -&gt; done:
                    EvergreenJnr_BaseGrid.WhenUserEntersTextInTheSearchFieldForColumn("1_26560DAS_Project",
                    "Project") (4.2s)&#xD;
                    &#xD;
                    When User clicks on '1_26560DAS_Project' cell from 'Project' column&#xD;
                    -&gt; done:
                    EvergreenJnr_BaseGrid.WhenUserClicksOnCellFromColumn("1_26560DAS_Project",
                    "Project") (7.1s)&#xD;
                    &#xD;
                    When User clicks 'Generate Statistics' button&#xD;
                    -&gt; done: ButtonSteps.WhenUserClicksButton("Generate Statistics")
                    (0.1s)&#xD;
                    &#xD;
                    Then 'Recalculation of statistics is complete' text is displayed on
                    inline success banner&#xD;
                    -&gt; done:
                    EvergreenJnr_BaseInlineTipBannerElement.ThenTextIsDisplayedOnInlineSuccessBanner("Recalculation
                    of ...") (10.4s)&#xD;
                    &#xD;
                    When User navigates to the 'Scoping Parameters' left submenu item&#xD;
                    -&gt; done:
                    EvergreenJnr_LeftMenuNavigation.WhenUserNavigatesToTheParentLeftSubmenuItem("Scoping
                    Parameters") (1.6s)&#xD;
                    &#xD;
                    When User sets value to '1' for 'Minimum Number of Devices' column
                    and '1_26560DAS_Ring' row in 'Minimum and Maximum Number of Devices'
                    table&#xD;
                    -&gt; done:
                    EvergreenJnr_BaseTable.WhenUserSetValueToForColumnAndRowInTable("1",
                    "Minimum Number of...", "1_26560DAS_Ring", "Minimum and Maxim...")
                    (1.8s)&#xD;
                    &#xD;
                    When User sets value to '5' for 'Core' column and 'Minimum Devices
                    per App' row in 'Application Coverage Targets' table&#xD;
                    -&gt; error: There is no table with 'Application Coverage Targets'
                    title (1.6s)&#xD;
                    &#xD;
                    When User sets value to '100' for 'Core' column and
                    '2_26560DAS_Ring' row in 'Application Coverage Targets' table&#xD;
                    -&gt; skipped because of previous errors&#xD;
                    &#xD;
                    When User clicks 'Update And Redistribute' button&#xD;
                    -&gt; skipped because of previous errors&#xD;
                    &#xD;
                    When User clicks 'Commit Changes Without Preview' button&#xD;
                    -&gt; skipped because of previous errors&#xD;
                    &#xD;
                    Then 'Your changes have been successfully processed and
                    recalculation of statistics has started' text is displayed on inline
                    success banner&#xD;
                    -&gt; skipped because of previous errors&#xD;
                    &#xD;
                    When User clicks 'Close' button on 'BaseInlineBannerElement' panel&#xD;
                    -&gt; skipped because of previous errors&#xD;
                    &#xD;
                    Then 'Recalculation of statistics is complete' text is displayed on
                    inline success banner&#xD;
                    -&gt; skipped because of previous errors&#xD;
                    &#xD;
                    When User checks 'Show target values' slide toggle&#xD;
                    -&gt; skipped because of previous errors&#xD;
                    &#xD;
                    Then User sees in '2_26560DAS_Ring' column and 'Cumulative Device
                    Count' row value that equals or greater than '5'&#xD;
                    -&gt; skipped because of previous errors&#xD;
                    &#xD;
                    Then User sees value '100%' for '2_26560DAS_Ring' column with 'Core
                    App Coverage' row name in static table&#xD;
                    -&gt; skipped because of previous errors&#xD;
                    &#xD;
                    Then User sees value '100%' for '2_26560DAS_Ring' column with 'Core
                    App Coverage Target' row name in static table&#xD;
                    -&gt; skipped because of previous errors&#xD;
                    &#xD;
                    &#xD;
                    -&gt; Test status is 'Failed'&#xD;
                    -&gt; Check screenshot by following path:
                    c:\Screenshots\EvergreenJnr_Planning_CheckThatAllDelicesWithCoreAppsAreMovedToNeededRingOnStatisticPageOnRingScoping_2021_11_02_09_37_21.png&#xD;
                    -&gt; TEST STATUS WAS POSTED:
                    EvergreenJnr_Planning_CheckThatAllDelicesWithCoreAppsAreMovedToNeededRingOnStatisticPageOnRingScoping&#xD;
                    -&gt; Test finished on:
                    https://automaster.internal.juriba.com/evergreen/#/planning/ringscoping/scopingParameters?$projectId=164&#xD;
                    -&gt; 11/2/2021 9:37:22 AM - ERROR - Error during Custom list
                    deleting: System.Exception: Database query returns zero results&#xD;
                    -&gt; at
                    DashworksTestAutomation.Helpers.DatabaseHelper.ExecuteReader(String
                    query, Int32 columnIndex) in
                    C:\automaster\_work\3\s\DashworksTestAutomationCore\Helpers\DatabaseHelper.cs:line
                    59&#xD;
                    -&gt; at
                    DashworksTestAutomation.Steps.Dashworks.CustomList.AfterScenario.RemoveCustomListMethods.RemoveUserLists()
                    in
                    C:\automaster\_work\3\s\DashworksTestAutomationCore\Steps\Dashworks\CustomList\AfterScenario\RemoveCustomListMethods.cs:line
                    33&#xD;
                    -&gt; 11/2/2021 9:37:22 AM - ERROR - Error during Custom list
                    deleting: System.Exception: Database query returns zero results&#xD;
                    -&gt; at
                    DashworksTestAutomation.Helpers.DatabaseHelper.ExecuteReader(String
                    query, Int32 columnIndex) in
                    C:\automaster\_work\3\s\DashworksTestAutomationCore\Helpers\DatabaseHelper.cs:line
                    59&#xD;
                    -&gt; at
                    DashworksTestAutomation.Steps.Dashworks.CustomList.AfterScenario.RemoveCustomListMethods.RemoveUserLists()
                    in
                    C:\automaster\_work\3\s\DashworksTestAutomationCore\Steps\Dashworks\CustomList\AfterScenario\RemoveCustomListMethods.cs:line
                    33&#xD;
                    -&gt; 11/2/2021 9:37:23 AM - INFO - The '1_26560DAS_Project' project
                    with '164' id has been deleted&#xD;
                    -&gt; 11/2/2021 9:37:26 AM - INFO - TEST FINISHED:
                    EvergreenJnr_Planning_CheckThatAllDelicesWithCoreAppsAreMovedToNeededRingOnStatisticPageOnRingScoping
                </StdOut>
                <StdErr>There is no table with 'Application Coverage Targets' title&#xD;
                    System.Exception: There is no table with 'Application Coverage
                    Targets' title&#xD;
                    at
                    DashworksTestAutomation.Pages.Evergreen.ItemDetails.BaseTable.GetTableByTitle(String
                    title) in
                    C:\automaster\_work\3\s\DashworksTestAutomationCore\Pages\Evergreen\ItemDetails\BaseTable.cs:line
                    273&#xD;
                    at
                    DashworksTestAutomation.Steps.Dashworks.ItemDetailsPage.EvergreenJnr_BaseTable.WhenUserSetValueToForColumnAndRowInTable(String
                    value, String headerName, String rowName, String title) in
                    C:\automaster\_work\3\s\DashworksTestAutomationCore\Steps\Dashworks\ItemDetailsPage\EvergreenJnr_BaseTable.cs:line
                    139&#xD;
                    at TechTalk.SpecFlow.Bindings.BindingInvoker.InvokeBinding(IBinding
                    binding, IContextManager contextManager, Object[] arguments,
                    ITestTracer testTracer, TimeSpan&amp; duration) in
                    D:\a\1\s\TechTalk.SpecFlow\Bindings\BindingInvoker.cs:line 88&#xD;
                    at
                    TechTalk.SpecFlow.Infrastructure.TestExecutionEngine.ExecuteStepMatch(BindingMatch
                    match, Object[] arguments, TimeSpan&amp; duration) in
                    D:\a\1\s\TechTalk.SpecFlow\Infrastructure\TestExecutionEngine.cs:line
                    522&#xD;
                    at
                    TechTalk.SpecRun.SpecFlowPlugin.Runtime.RunnerTestExecutionEngine.ExecuteStepMatch(BindingMatch
                    match, Object[] arguments, TimeSpan&amp; duration)&#xD;
                    at
                    TechTalk.SpecFlow.Infrastructure.TestExecutionEngine.ExecuteStep(IContextManager
                    contextManager, StepInstance stepInstance) in
                    D:\a\1\s\TechTalk.SpecFlow\Infrastructure\TestExecutionEngine.cs:line
                    446&#xD;
                    at
                    TechTalk.SpecFlow.Infrastructure.TestExecutionEngine.OnAfterLastStep()
                    in
                    D:\a\1\s\TechTalk.SpecFlow\Infrastructure\TestExecutionEngine.cs:line
                    268&#xD;
                    at
                    TechTalk.SpecRun.SpecFlowPlugin.Runtime.RunnerTestExecutionEngine.OnAfterLastStep()&#xD;
                    at TechTalk.SpecFlow.TestRunner.CollectScenarioErrors() in
                    D:\a\1\s\TechTalk.SpecFlow\TestRunner.cs:line 60&#xD;
                    at
                    DashworksTestAutomationCore.Tests.EvergreenJnr.EvergreenJnr_Planning.Planning_RingScoping_Part10Feature.ScenarioCleanup()&#xD;
                    at
                    DashworksTestAutomationCore.Tests.EvergreenJnr.EvergreenJnr_Planning.Planning_RingScoping_Part10Feature.EvergreenJnr_Planning_CheckThatAllDelicesWithCoreAppsAreMovedToNeededRingOnStatisticPageOnRingScoping()
                    in
                    C:\automaster\_work\3\s\DashworksTestAutomationCore\Tests\EvergreenJnr\EvergreenJnr_Planning\Planning_RingScoping_Part10.feature:line
                    129&#xD;
                    at
                    TechTalk.SpecRun.Framework.TaskExecutors.StaticOrInstanceMethodExecutor.ExecuteInternal(ITestThreadExecutionContext
                    testThreadExecutionContext)&#xD;
                    at
                    TechTalk.SpecRun.Framework.TaskExecutors.StaticOrInstanceMethodExecutor.Execute(ITestThreadExecutionContext
                    testThreadExecutionContext)&#xD;
                    at TechTalk.SpecRun.Framework.TestNodeTask.Execute()
                </StdErr>
                <ErrorInfo>
                    <Message>There is no table with 'Application Coverage Targets'
                        title
                    </Message>
                    <StackTrace>System.Exception: There is no table with 'Application
                        Coverage Targets' title&#xD;
                        at
                        DashworksTestAutomation.Pages.Evergreen.ItemDetails.BaseTable.GetTableByTitle(String
                        title) in
                        C:\automaster\_work\3\s\DashworksTestAutomationCore\Pages\Evergreen\ItemDetails\BaseTable.cs:line
                        273&#xD;
                        at
                        DashworksTestAutomation.Steps.Dashworks.ItemDetailsPage.EvergreenJnr_BaseTable.WhenUserSetValueToForColumnAndRowInTable(String
                        value, String headerName, String rowName, String title) in
                        C:\automaster\_work\3\s\DashworksTestAutomationCore\Steps\Dashworks\ItemDetailsPage\EvergreenJnr_BaseTable.cs:line
                        139&#xD;
                        at
                        TechTalk.SpecFlow.Bindings.BindingInvoker.InvokeBinding(IBinding
                        binding, IContextManager contextManager, Object[] arguments,
                        ITestTracer testTracer, TimeSpan&amp; duration) in
                        D:\a\1\s\TechTalk.SpecFlow\Bindings\BindingInvoker.cs:line 88&#xD;
                        at
                        TechTalk.SpecFlow.Infrastructure.TestExecutionEngine.ExecuteStepMatch(BindingMatch
                        match, Object[] arguments, TimeSpan&amp; duration) in
                        D:\a\1\s\TechTalk.SpecFlow\Infrastructure\TestExecutionEngine.cs:line
                        522&#xD;
                        at
                        TechTalk.SpecRun.SpecFlowPlugin.Runtime.RunnerTestExecutionEngine.ExecuteStepMatch(BindingMatch
                        match, Object[] arguments, TimeSpan&amp; duration)&#xD;
                        at
                        TechTalk.SpecFlow.Infrastructure.TestExecutionEngine.ExecuteStep(IContextManager
                        contextManager, StepInstance stepInstance) in
                        D:\a\1\s\TechTalk.SpecFlow\Infrastructure\TestExecutionEngine.cs:line
                        446&#xD;
                        at
                        TechTalk.SpecFlow.Infrastructure.TestExecutionEngine.OnAfterLastStep()
                        in
                        D:\a\1\s\TechTalk.SpecFlow\Infrastructure\TestExecutionEngine.cs:line
                        268&#xD;
                        at
                        TechTalk.SpecRun.SpecFlowPlugin.Runtime.RunnerTestExecutionEngine.OnAfterLastStep()&#xD;
                        at TechTalk.SpecFlow.TestRunner.CollectScenarioErrors() in
                        D:\a\1\s\TechTalk.SpecFlow\TestRunner.cs:line 60&#xD;
                        at
                        DashworksTestAutomationCore.Tests.EvergreenJnr.EvergreenJnr_Planning.Planning_RingScoping_Part10Feature.ScenarioCleanup()&#xD;
                        at
                        DashworksTestAutomationCore.Tests.EvergreenJnr.EvergreenJnr_Planning.Planning_RingScoping_Part10Feature.EvergreenJnr_Planning_CheckThatAllDelicesWithCoreAppsAreMovedToNeededRingOnStatisticPageOnRingScoping()
                        in
                        C:\automaster\_work\3\s\DashworksTestAutomationCore\Tests\EvergreenJnr\EvergreenJnr_Planning\Planning_RingScoping_Part10.feature:line
                        129&#xD;
                        at
                        TechTalk.SpecRun.Framework.TaskExecutors.StaticOrInstanceMethodExecutor.ExecuteInternal(ITestThreadExecutionContext
                        testThreadExecutionContext)&#xD;
                        at
                        TechTalk.SpecRun.Framework.TaskExecutors.StaticOrInstanceMethodExecutor.Execute(ITestThreadExecutionContext
                        testThreadExecutionContext)&#xD;
                        at TechTalk.SpecRun.Framework.TestNodeTask.Execute()
                    </StackTrace>
                </ErrorInfo>
            </Output>
        </UnitTestResult>
        <UnitTestResult executionId="933be168-2670-420a-9ada-d51fe33e471a"
                        testId="96c96327-42f4-ba9e-0bf7-dd1fd4ce1011"
                        testName="EvergreenJnr_Planning_CheckThatTheNumberOfDevicesIsExceededTheMaximumValueInTheLastRing"
                        computerName="automaster" duration="00:02:55.4287566"
                        startTime="2021-11-02T09:34:38.8097194+00:00"
                        endTime="2021-11-02T09:37:34.2384760+00:00"
                        testType="13cdc9d9-ddb5-4fa4-a97d-d965ccfc6d4b" outcome="Passed"
                        testListId="8c84fa94-04c1-424b-9868-57a2d4851a1d"
                        relativeResultsDirectory="933be168-2670-420a-9ada-d51fe33e471a">
            <Output>
                <StdOut>-&gt; 11/2/2021 9:34:38 AM - INFO - TEST STARTED:
                    EvergreenJnr_Planning_CheckThatTheNumberOfDevicesIsExceededTheMaximumValueInTheLastRing&#xD;
                    &#xD;
                    Given User is logged in to the Evergreen&#xD;
                    -&gt; Navigating to the https://automaster.internal.juriba.com/&#xD;
                    -&gt; Navigating to the
                    https://automaster.internal.juriba.com/evergreen/&#xD;
                    -&gt; done: EvergreenJnr_Login.GivenUserIsLoggedInToTheEvergreen()
                    (4.0s)&#xD;
                    &#xD;
                    Then Evergreen Dashboards page should be displayed to the user&#xD;
                    -&gt; done:
                    EvergreenJnr_Login.ThenEvergreenDashboardsPageShouldBeDisplayedToTheUser()
                    (2.0s)&#xD;
                    &#xD;
                    When Project created via API&#xD;
                    --- table step argument ---&#xD;
                    | ProjectName | Scope | ProjectTemplate | Mode |&#xD;
                    | 1_26524DAS_Project | All Devices | None | Standalone Project |&#xD;
                    -&gt; done: ProjectApiSteps.WhenUserCreateNewProjectViaApi(&lt;table&gt;)
                    (0.2s)&#xD;
                    &#xD;
                    When User creates new Ring via api&#xD;
                    --- table step argument ---&#xD;
                    | Name | Description | IsDefault | Project |&#xD;
                    | 1_26524DAS_Ring | 26524DAS_1 | FALSE | 1_26524DAS_Project |&#xD;
                    | 2_26524DAS_Ring | 26524DAS_2 | FALSE | 1_26524DAS_Project |&#xD;
                    | 3_26524DAS_Ring | 26524DAS_2 | FALSE | 1_26524DAS_Project |&#xD;
                    -&gt; done: CreateRingViaApi.WhenUserCreatesNewRingViaApi(&lt;table&gt;)
                    (3.0s)&#xD;
                    &#xD;
                    When User onboards objects to '1_26524DAS_Project' project&#xD;
                    --- table step argument ---&#xD;
                    | DeviceObjects |&#xD;
                    | 001BAQXT6JWFPI |&#xD;
                    | 001PSUMZYOW581 |&#xD;
                    | 00BDM1JUR8IF419 |&#xD;
                    | 00CWZRC4UK6W20 |&#xD;
                    | 00HA7MKAVVFDAV |&#xD;
                    | 00I0COBFWHOF27 |&#xD;
                    | 00K4CEEQ737BA4L |&#xD;
                    | 00KLL9S8NRF0X6 |&#xD;
                    | 00KWQ4J3WKQM0G |&#xD;
                    | 00OMQQXWA1DRI6 |&#xD;
                    -&gt; done:
                    OnboardObjects.WhenUserOnboardsObjectsToTheProject("1_26524DAS_Project",
                    &lt;table&gt;) (58.7s)&#xD;
                    &#xD;
                    When User onboards objects to '1_26524DAS_Project' project&#xD;
                    --- table step argument ---&#xD;
                    | ApplicationObjects |&#xD;
                    | 0004 - Adobe Acrobat Reader 5.0.5 Francais |&#xD;
                    | 0036 - Microsoft Access 97 SR-2 English |&#xD;
                    | 0047 - Microsoft Access 97 SR-2 Francais |&#xD;
                    | 20040610sqlserverck |&#xD;
                    | 32VerSee v.231 en (C:\32VerSee\) |&#xD;
                    | 7zip |&#xD;
                    | 7-Zip 16.02 (x64) |&#xD;
                    | 7-Zip 16.04 (x64) |&#xD;
                    | 7-Zip 9.20 (x64 edition) |&#xD;
                    | 7-Zip 9.22 (x64 edition) |&#xD;
                    | ABBYY FineReader 8.0 Professional Edition |&#xD;
                    | Access |&#xD;
                    | Access 95 |&#xD;
                    | Access 97 Rumtime |&#xD;
                    | Access 97 Run-Time Version |&#xD;
                    -&gt; done:
                    OnboardObjects.WhenUserOnboardsObjectsToTheProject("1_26524DAS_Project",
                    &lt;table&gt;) (56.8s)&#xD;
                    &#xD;
                    When User updates application attributes for '1_26524DAS_Project'
                    project to 'Core' criticality&#xD;
                    --- table step argument ---&#xD;
                    | ApplicationObjects |&#xD;
                    | 0004 - Adobe Acrobat Reader 5.0.5 Francais |&#xD;
                    | 0036 - Microsoft Access 97 SR-2 English |&#xD;
                    | 0047 - Microsoft Access 97 SR-2 Francais |&#xD;
                    | 20040610sqlserverck |&#xD;
                    | 32VerSee v.231 en (C:\32VerSee\) |&#xD;
                    | 7zip |&#xD;
                    | 7-Zip 16.02 (x64) |&#xD;
                    | 7-Zip 16.04 (x64) |&#xD;
                    | 7-Zip 9.20 (x64 edition) |&#xD;
                    | 7-Zip 9.22 (x64 edition) |&#xD;
                    | ABBYY FineReader 8.0 Professional Edition |&#xD;
                    | Access |&#xD;
                    | Access 95 |&#xD;
                    | Access 97 Rumtime |&#xD;
                    | Access 97 Run-Time Version |&#xD;
                    -&gt; done:
                    UpdateApplicationAttributes.WhenUserUpdatesApplicationAttributesForProjectToCriticality("1_26524DAS_Project",
                    "Core", &lt;table&gt;) (0.1s)&#xD;
                    &#xD;
                    When User clicks 'Planning' on the left-hand menu&#xD;
                    -&gt; done:
                    EvergreenJnr_LeftHandMenuNavigation.WhenUserClicksOnTheLeft_HandMenu("Planning")
                    (1.7s)&#xD;
                    &#xD;
                    When User enters '1_26524DAS_Project' text in the Search field for
                    'Project' column&#xD;
                    -&gt; done:
                    EvergreenJnr_BaseGrid.WhenUserEntersTextInTheSearchFieldForColumn("1_26524DAS_Project",
                    "Project") (3.9s)&#xD;
                    &#xD;
                    When User clicks on '1_26524DAS_Project' cell from 'Project' column&#xD;
                    -&gt; done:
                    EvergreenJnr_BaseGrid.WhenUserClicksOnCellFromColumn("1_26524DAS_Project",
                    "Project") (7.1s)&#xD;
                    &#xD;
                    When User navigates to the 'Scoping Parameters' left submenu item&#xD;
                    -&gt; done:
                    EvergreenJnr_LeftMenuNavigation.WhenUserNavigatesToTheParentLeftSubmenuItem("Scoping
                    Parameters") (1.6s)&#xD;
                    &#xD;
                    When User clicks 'Clear All' button&#xD;
                    -&gt; done: ButtonSteps.WhenUserClicksButton("Clear All") (0.1s)&#xD;
                    &#xD;
                    When User sets value to '3' for 'Minimum Number of Devices' column
                    and '1_26524DAS_Ring' row in 'Minimum and Maximum Number of Devices'
                    table&#xD;
                    -&gt; done:
                    EvergreenJnr_BaseTable.WhenUserSetValueToForColumnAndRowInTable("3",
                    "Minimum Number of...", "1_26524DAS_Ring", "Minimum and Maxim...")
                    (1.8s)&#xD;
                    &#xD;
                    When User sets value to '5' for 'Maximum Number of Devices' column
                    and '1_26524DAS_Ring' row in 'Minimum and Maximum Number of Devices'
                    table&#xD;
                    -&gt; done:
                    EvergreenJnr_BaseTable.WhenUserSetValueToForColumnAndRowInTable("5",
                    "Maximum Number of...", "1_26524DAS_Ring", "Minimum and Maxim...")
                    (1.8s)&#xD;
                    &#xD;
                    When User sets value to '4' for 'Minimum Number of Devices' column
                    and '3_26524DAS_Ring' row in 'Minimum and Maximum Number of Devices'
                    table&#xD;
                    -&gt; done:
                    EvergreenJnr_BaseTable.WhenUserSetValueToForColumnAndRowInTable("4",
                    "Minimum Number of...", "3_26524DAS_Ring", "Minimum and Maxim...")
                    (1.7s)&#xD;
                    &#xD;
                    When User sets value to '6' for 'Maximum Number of Devices' column
                    and '3_26524DAS_Ring' row in 'Minimum and Maximum Number of Devices'
                    table&#xD;
                    -&gt; done:
                    EvergreenJnr_BaseTable.WhenUserSetValueToForColumnAndRowInTable("6",
                    "Maximum Number of...", "3_26524DAS_Ring", "Minimum and Maxim...")
                    (1.8s)&#xD;
                    &#xD;
                    When User clicks 'Update And Redistribute' button&#xD;
                    -&gt; done: ButtonSteps.WhenUserClicksButton("Update And Redist...")
                    (0.1s)&#xD;
                    &#xD;
                    When User clicks 'Commit Changes Without Preview' button&#xD;
                    -&gt; done: ButtonSteps.WhenUserClicksButton("Commit Changes Wi...")
                    (0.8s)&#xD;
                    &#xD;
                    Then 'Your changes have been successfully processed and
                    recalculation of statistics has started' text is displayed on inline
                    success banner&#xD;
                    -&gt; done:
                    EvergreenJnr_BaseInlineTipBannerElement.ThenTextIsDisplayedOnInlineSuccessBanner("Your
                    changes have...") (0.6s)&#xD;
                    &#xD;
                    When User clicks 'Close' button on 'BaseInlineBannerElement' panel&#xD;
                    -&gt; done: ButtonSteps.WhenUserClicksButtonOnPanel("Close",
                    "BaseInlineBannerE...") (0.1s)&#xD;
                    &#xD;
                    Then 'Recalculation of statistics is complete' text is displayed on
                    inline success banner&#xD;
                    -&gt; done:
                    EvergreenJnr_BaseInlineTipBannerElement.ThenTextIsDisplayedOnInlineSuccessBanner("Recalculation
                    of ...") (9.9s)&#xD;
                    &#xD;
                    Then table is displayed&#xD;
                    -&gt; done: EvergreenJnr_BaseTable.ThenTableIsDisplayed() (1.5s)&#xD;
                    &#xD;
                    Then User sees value '10' for '3_26524DAS_Ring' column with
                    'Cumulative Device Count' row name in static table&#xD;
                    -&gt; done:
                    EvergreenJnr_BaseTable.ThenUserSeesValueInStaticTableForColumnWithRowName("10",
                    "3_26524DAS_Ring", "Cumulative Device...") (1.6s)&#xD;
                    &#xD;
                    &#xD;
                    -&gt; Test status is 'Passed'&#xD;
                    -&gt; TEST STATUS WAS POSTED:
                    EvergreenJnr_Planning_CheckThatTheNumberOfDevicesIsExceededTheMaximumValueInTheLastRing&#xD;
                    -&gt; Test finished on:
                    https://automaster.internal.juriba.com/evergreen/#/planning/ringscoping/statistics?$projectId=165&#xD;
                    -&gt; 11/2/2021 9:37:29 AM - ERROR - Error during Custom list
                    deleting: System.Exception: Database query returns zero results&#xD;
                    -&gt; at
                    DashworksTestAutomation.Helpers.DatabaseHelper.ExecuteReader(String
                    query, Int32 columnIndex) in
                    C:\automaster\_work\3\s\DashworksTestAutomationCore\Helpers\DatabaseHelper.cs:line
                    59&#xD;
                    -&gt; at
                    DashworksTestAutomation.Steps.Dashworks.CustomList.AfterScenario.RemoveCustomListMethods.RemoveUserLists()
                    in
                    C:\automaster\_work\3\s\DashworksTestAutomationCore\Steps\Dashworks\CustomList\AfterScenario\RemoveCustomListMethods.cs:line
                    33&#xD;
                    -&gt; 11/2/2021 9:37:29 AM - ERROR - Error during Custom list
                    deleting: System.Exception: Database query returns zero results&#xD;
                    -&gt; at
                    DashworksTestAutomation.Helpers.DatabaseHelper.ExecuteReader(String
                    query, Int32 columnIndex) in
                    C:\automaster\_work\3\s\DashworksTestAutomationCore\Helpers\DatabaseHelper.cs:line
                    59&#xD;
                    -&gt; at
                    DashworksTestAutomation.Steps.Dashworks.CustomList.AfterScenario.RemoveCustomListMethods.RemoveUserLists()
                    in
                    C:\automaster\_work\3\s\DashworksTestAutomationCore\Steps\Dashworks\CustomList\AfterScenario\RemoveCustomListMethods.cs:line
                    33&#xD;
                    -&gt; 11/2/2021 9:37:30 AM - INFO - The '1_26524DAS_Project' project
                    with '165' id has been deleted&#xD;
                    -&gt; 11/2/2021 9:37:34 AM - INFO - TEST FINISHED:
                    EvergreenJnr_Planning_CheckThatTheNumberOfDevicesIsExceededTheMaximumValueInTheLastRing
                </StdOut>
            </Output>
        </UnitTestResult>
        <UnitTestResult executionId="9479b938-e68b-4da4-9d98-e8afa52a8360"
                        testId="dba6984e-6403-6372-983f-8b2835728c2c"
                        testName="EvergreenJnr_Planning_CheckThatThereAreNoErrorsInConsoleAfterNavigatingFromScopingParametersToStatistics"
                        computerName="automaster" duration="00:02:10.9400930"
                        startTime="2021-11-02T09:30:29.0222103+00:00"
                        endTime="2021-11-02T09:32:39.9623033+00:00"
                        testType="13cdc9d9-ddb5-4fa4-a97d-d965ccfc6d4b" outcome="Passed"
                        testListId="8c84fa94-04c1-424b-9868-57a2d4851a1d"
                        relativeResultsDirectory="9479b938-e68b-4da4-9d98-e8afa52a8360">
            <Output>
                <StdOut>-&gt; -&gt; Loading plugin
                    C:\automaster\_work\3\s\DashworksTestAutomationCore\bin\Debug\netcoreapp3.1\DashworksTestAutomationCore.dll&#xD;
                    -&gt; -&gt; Missing [assembly:RuntimePlugin] attribute in
                    DashworksTestAutomationCore, Version=1.0.0.0, Culture=neutral,
                    PublicKeyToken=null. Please check
                    https://go.specflow.org/doc-plugins for details.&#xD;
                    -&gt; -&gt; Loading plugin
                    C:\automaster\_work\3\s\DashworksTestAutomationCore\bin\Debug\netcoreapp3.1\SpecRun.Runtime.SpecFlowPlugin.dll&#xD;
                    -&gt; -&gt; Using default config&#xD;
                    &#xD;
                    &#xD;
                    -&gt; 11/2/2021 9:30:29 AM - INFO - TEST STARTED:
                    EvergreenJnr_Planning_CheckThatThereAreNoErrorsInConsoleAfterNavigatingFromScopingParametersToStatistics&#xD;
                    &#xD;
                    Given User is logged in to the Evergreen&#xD;
                    -&gt; 11/2/2021 9:30:45 AM - INFO - Graph Client provide switched to
                    '01HV72ABXDFGMZR3LO5RB3ZCZZG3PT4XM5'&#xD;
                    -&gt; Navigating to the https://automaster.internal.juriba.com/&#xD;
                    -&gt; Navigating to the
                    https://automaster.internal.juriba.com/evergreen/&#xD;
                    -&gt; done: EvergreenJnr_Login.GivenUserIsLoggedInToTheEvergreen()
                    (6.7s)&#xD;
                    &#xD;
                    Then Evergreen Dashboards page should be displayed to the user&#xD;
                    -&gt; done:
                    EvergreenJnr_Login.ThenEvergreenDashboardsPageShouldBeDisplayedToTheUser()
                    (1.6s)&#xD;
                    &#xD;
                    When Project created via API and opened&#xD;
                    --- table step argument ---&#xD;
                    | ProjectName | Scope | ProjectTemplate | Mode |&#xD;
                    | 24632_Project | All Devices | None | Standalone Project |&#xD;
                    -&gt; done: ProjectApiSteps.WhenUserCreateNewProjectViaApiAndOpened(&lt;table&gt;)
                    (17.7s)&#xD;
                    &#xD;
                    When User onboards objects to '24632_Project' project&#xD;
                    --- table step argument ---&#xD;
                    | DeviceObjects |&#xD;
                    | 001BAQXT6JWFPI |&#xD;
                    -&gt; done:
                    OnboardObjects.WhenUserOnboardsObjectsToTheProject("24632_Project",
                    &lt;table&gt;) (54.6s)&#xD;
                    &#xD;
                    When User clicks 'Planning' on the left-hand menu&#xD;
                    -&gt; done:
                    EvergreenJnr_LeftHandMenuNavigation.WhenUserClicksOnTheLeft_HandMenu("Planning")
                    (1.7s)&#xD;
                    &#xD;
                    When User clicks on '24632_Project' cell from 'Project' column&#xD;
                    -&gt; done:
                    EvergreenJnr_BaseGrid.WhenUserClicksOnCellFromColumn("24632_Project",
                    "Project") (8.3s)&#xD;
                    &#xD;
                    When User clicks 'Generate Statistics' button&#xD;
                    -&gt; done: ButtonSteps.WhenUserClicksButton("Generate Statistics")
                    (0.2s)&#xD;
                    &#xD;
                    Then table is displayed&#xD;
                    -&gt; done: EvergreenJnr_BaseTable.ThenTableIsDisplayed() (11.5s)&#xD;
                    &#xD;
                    When User navigates to the 'Scoping Parameters' left submenu item&#xD;
                    -&gt; done:
                    EvergreenJnr_LeftMenuNavigation.WhenUserNavigatesToTheParentLeftSubmenuItem("Scoping
                    Parameters") (2.2s)&#xD;
                    &#xD;
                    Then Page with 'Ring Scoping Parameters' subheader is displayed to
                    user&#xD;
                    -&gt; done:
                    EvergreenJnr_BasePage.ThenPageWithSubheaderIsDisplayedToUser("Ring
                    Scoping Para...") (2.0s)&#xD;
                    &#xD;
                    When User navigates to the 'Statistics' left submenu item&#xD;
                    -&gt; done:
                    EvergreenJnr_LeftMenuNavigation.WhenUserNavigatesToTheParentLeftSubmenuItem("Statistics")
                    (1.6s)&#xD;
                    &#xD;
                    Then table is displayed&#xD;
                    -&gt; done: EvergreenJnr_BaseTable.ThenTableIsDisplayed() (1.5s)&#xD;
                    &#xD;
                    Then There are no errors in the browser console&#xD;
                    -&gt; done: BaseActions.ThenThereAreNoErrorsInTheBrowserConsole()
                    (1.5s)&#xD;
                    &#xD;
                    &#xD;
                    -&gt; Test status is 'Passed'&#xD;
                    -&gt; TEST STATUS WAS POSTED:
                    EvergreenJnr_Planning_CheckThatThereAreNoErrorsInConsoleAfterNavigatingFromScopingParametersToStatistics&#xD;
                    -&gt; Test finished on:
                    https://automaster.internal.juriba.com/evergreen/#/planning/ringscoping/statistics?$projectId=135&#xD;
                    -&gt; 11/2/2021 9:32:36 AM - ERROR - Error during Custom list
                    deleting: System.Exception: Database query returns zero results&#xD;
                    -&gt; at
                    DashworksTestAutomation.Helpers.DatabaseHelper.ExecuteReader(String
                    query, Int32 columnIndex) in
                    C:\automaster\_work\3\s\DashworksTestAutomationCore\Helpers\DatabaseHelper.cs:line
                    59&#xD;
                    -&gt; at
                    DashworksTestAutomation.Steps.Dashworks.CustomList.AfterScenario.RemoveCustomListMethods.RemoveUserLists()
                    in
                    C:\automaster\_work\3\s\DashworksTestAutomationCore\Steps\Dashworks\CustomList\AfterScenario\RemoveCustomListMethods.cs:line
                    33&#xD;
                    -&gt; 11/2/2021 9:32:36 AM - ERROR - Error during Custom list
                    deleting: System.Exception: Database query returns zero results&#xD;
                    -&gt; at
                    DashworksTestAutomation.Helpers.DatabaseHelper.ExecuteReader(String
                    query, Int32 columnIndex) in
                    C:\automaster\_work\3\s\DashworksTestAutomationCore\Helpers\DatabaseHelper.cs:line
                    59&#xD;
                    -&gt; at
                    DashworksTestAutomation.Steps.Dashworks.CustomList.AfterScenario.RemoveCustomListMethods.RemoveUserLists()
                    in
                    C:\automaster\_work\3\s\DashworksTestAutomationCore\Steps\Dashworks\CustomList\AfterScenario\RemoveCustomListMethods.cs:line
                    33&#xD;
                    -&gt; 11/2/2021 9:32:36 AM - INFO - The '24632_Project' project with
                    '135' id has been deleted&#xD;
                    -&gt; 11/2/2021 9:32:39 AM - INFO - TEST FINISHED:
                    EvergreenJnr_Planning_CheckThatThereAreNoErrorsInConsoleAfterNavigatingFromScopingParametersToStatistics
                </StdOut>
            </Output>
        </UnitTestResult>
        <UnitTestResult executionId="5c80df1d-8360-492b-8baf-6ae6396df6c0"
                        testId="a2cd0baf-2141-323d-851d-23b3656b0075"
                        testName="EvergreenJnr_Planning_CheckThatTooltipIsDisplayedOnAppCountPerCriticalityAndRingCharts"
                        computerName="automaster" duration="00:02:49.8829226"
                        startTime="2021-11-02T09:34:22.5159837+00:00"
                        endTime="2021-11-02T09:37:12.3989063+00:00"
                        testType="13cdc9d9-ddb5-4fa4-a97d-d965ccfc6d4b" outcome="Failed"
                        testListId="8c84fa94-04c1-424b-9868-57a2d4851a1d"
                        relativeResultsDirectory="5c80df1d-8360-492b-8baf-6ae6396df6c0">
            <Output>
                <StdOut>-&gt; 11/2/2021 9:34:22 AM - INFO - TEST STARTED:
                    EvergreenJnr_Planning_CheckThatTooltipIsDisplayedOnAppCountPerCriticalityAndRingCharts&#xD;
                    &#xD;
                    Given User is logged in to the Evergreen&#xD;
                    -&gt; Navigating to the https://automaster.internal.juriba.com/&#xD;
                    -&gt; Navigating to the
                    https://automaster.internal.juriba.com/evergreen/&#xD;
                    -&gt; done: EvergreenJnr_Login.GivenUserIsLoggedInToTheEvergreen()
                    (3.5s)&#xD;
                    &#xD;
                    When Project created via API&#xD;
                    --- table step argument ---&#xD;
                    | ProjectName | Scope | ProjectTemplate | Mode |&#xD;
                    | 1_28215DAS_Project | All Devices | None | Standalone Project |&#xD;
                    -&gt; done: ProjectApiSteps.WhenUserCreateNewProjectViaApi(&lt;table&gt;)
                    (0.2s)&#xD;
                    &#xD;
                    When User creates new Ring via api&#xD;
                    --- table step argument ---&#xD;
                    | Name | Description | IsDefault | Project |&#xD;
                    | 1_28215DAS_Ring | DAS28215 | FALSE | 1_28215DAS_Project |&#xD;
                    | 2_28215DAS_Ring | DAS28215 | FALSE | 1_28215DAS_Project |&#xD;
                    -&gt; done: CreateRingViaApi.WhenUserCreatesNewRingViaApi(&lt;table&gt;)
                    (1.7s)&#xD;
                    &#xD;
                    When User onboards objects to '1_28215DAS_Project' project&#xD;
                    --- table step argument ---&#xD;
                    | DeviceObjects |&#xD;
                    | 001BAQXT6JWFPI |&#xD;
                    | 001PSUMZYOW581 |&#xD;
                    | 00BDM1JUR8IF419 |&#xD;
                    | 00CWZRC4UK6W20 |&#xD;
                    | 00HA7MKAVVFDAV |&#xD;
                    | 00I0COBFWHOF27 |&#xD;
                    | 00K4CEEQ737BA4L |&#xD;
                    | 00KLL9S8NRF0X6 |&#xD;
                    | 00KWQ4J3WKQM0G |&#xD;
                    | 00OMQQXWA1DRI6 |&#xD;
                    -&gt; done:
                    OnboardObjects.WhenUserOnboardsObjectsToTheProject("1_28215DAS_Project",
                    &lt;table&gt;) (89.2s)&#xD;
                    &#xD;
                    When User onboards objects to '1_28215DAS_Project' project&#xD;
                    --- table step argument ---&#xD;
                    | ApplicationObjects |&#xD;
                    | 0004 - Adobe Acrobat Reader 5.0.5 Francais |&#xD;
                    | 0036 - Microsoft Access 97 SR-2 English |&#xD;
                    | 0047 - Microsoft Access 97 SR-2 Francais |&#xD;
                    | 20040610sqlserverck |&#xD;
                    | 32VerSee v.231 en (C:\32VerSee\) |&#xD;
                    | 7zip |&#xD;
                    | 7-Zip 16.02 (x64) |&#xD;
                    | 7-Zip 16.04 (x64) |&#xD;
                    | 7-Zip 9.20 (x64 edition) |&#xD;
                    | 7-Zip 9.22 (x64 edition) |&#xD;
                    | ABBYY FineReader 8.0 Professional Edition |&#xD;
                    | Access |&#xD;
                    | Access 95 |&#xD;
                    | Access 97 Rumtime |&#xD;
                    | Access 97 Run-Time Version |&#xD;
                    -&gt; done:
                    OnboardObjects.WhenUserOnboardsObjectsToTheProject("1_28215DAS_Project",
                    &lt;table&gt;) (43.2s)&#xD;
                    &#xD;
                    When User updates application attributes for '1_28215DAS_Project'
                    project to 'Core' criticality&#xD;
                    --- table step argument ---&#xD;
                    | ApplicationObjects |&#xD;
                    | 0004 - Adobe Acrobat Reader 5.0.5 Francais |&#xD;
                    | 0036 - Microsoft Access 97 SR-2 English |&#xD;
                    | 0047 - Microsoft Access 97 SR-2 Francais |&#xD;
                    | 20040610sqlserverck |&#xD;
                    | 32VerSee v.231 en (C:\32VerSee\) |&#xD;
                    | 7zip |&#xD;
                    | 7-Zip 16.02 (x64) |&#xD;
                    | 7-Zip 16.04 (x64) |&#xD;
                    | 7-Zip 9.20 (x64 edition) |&#xD;
                    | 7-Zip 9.22 (x64 edition) |&#xD;
                    -&gt; done:
                    UpdateApplicationAttributes.WhenUserUpdatesApplicationAttributesForProjectToCriticality("1_28215DAS_Project",
                    "Core", &lt;table&gt;) (0.1s)&#xD;
                    &#xD;
                    When User updates application attributes for '1_28215DAS_Project'
                    project to 'Critical' criticality&#xD;
                    --- table step argument ---&#xD;
                    | ApplicationObjects |&#xD;
                    | ABBYY FineReader 8.0 Professional Edition |&#xD;
                    | Access |&#xD;
                    | Access 95 |&#xD;
                    | Access 97 Rumtime |&#xD;
                    | Access 97 Run-Time Version |&#xD;
                    -&gt; done:
                    UpdateApplicationAttributes.WhenUserUpdatesApplicationAttributesForProjectToCriticality("1_28215DAS_Project",
                    "Critical", &lt;table&gt;) (0.1s)&#xD;
                    &#xD;
                    When User clicks 'Planning' on the left-hand menu&#xD;
                    -&gt; done:
                    EvergreenJnr_LeftHandMenuNavigation.WhenUserClicksOnTheLeft_HandMenu("Planning")
                    (1.7s)&#xD;
                    &#xD;
                    When User enters '1_28215DAS_Project' text in the Search field for
                    'Project' column&#xD;
                    -&gt; done:
                    EvergreenJnr_BaseGrid.WhenUserEntersTextInTheSearchFieldForColumn("1_28215DAS_Project",
                    "Project") (4.2s)&#xD;
                    &#xD;
                    When User clicks on '1_28215DAS_Project' cell from 'Project' column&#xD;
                    -&gt; done:
                    EvergreenJnr_BaseGrid.WhenUserClicksOnCellFromColumn("1_28215DAS_Project",
                    "Project") (7.1s)&#xD;
                    &#xD;
                    When User navigates to the 'Scoping Parameters' left submenu item&#xD;
                    -&gt; done:
                    EvergreenJnr_LeftMenuNavigation.WhenUserNavigatesToTheParentLeftSubmenuItem("Scoping
                    Parameters") (1.6s)&#xD;
                    &#xD;
                    When User sets value to '1' for 'Minimum Number of Devices' column
                    and '1_28215DAS_Ring' row in 'Minimum and Maximum Number of Devices'
                    table&#xD;
                    -&gt; done:
                    EvergreenJnr_BaseTable.WhenUserSetValueToForColumnAndRowInTable("1",
                    "Minimum Number of...", "1_28215DAS_Ring", "Minimum and Maxim...")
                    (2.7s)&#xD;
                    &#xD;
                    When User sets value to '3' for 'Minimum Number of Devices' column
                    and '2_28215DAS_Ring' row in 'Minimum and Maximum Number of Devices'
                    table&#xD;
                    -&gt; done:
                    EvergreenJnr_BaseTable.WhenUserSetValueToForColumnAndRowInTable("3",
                    "Minimum Number of...", "2_28215DAS_Ring", "Minimum and Maxim...")
                    (1.8s)&#xD;
                    &#xD;
                    When User sets value to '5' for 'Core' column and 'Minimum Devices
                    per App' row in 'Application Coverage Targets' table&#xD;
                    -&gt; error: There is no table with 'Application Coverage Targets'
                    title (1.5s)&#xD;
                    &#xD;
                    When User sets value to '30' for 'Core' column and '1_28215DAS_Ring'
                    row in 'Application Coverage Targets' table&#xD;
                    -&gt; skipped because of previous errors&#xD;
                    &#xD;
                    When User sets value to '70' for 'Core' column and '2_28215DAS_Ring'
                    row in 'Application Coverage Targets' table&#xD;
                    -&gt; skipped because of previous errors&#xD;
                    &#xD;
                    When User clicks 'Update And Redistribute' button&#xD;
                    -&gt; skipped because of previous errors&#xD;
                    &#xD;
                    When User clicks 'Commit Changes Without Preview' button&#xD;
                    -&gt; skipped because of previous errors&#xD;
                    &#xD;
                    Then User sees 'Cumulative number of Core apps covered in
                    2_28215DAS_Ring ring: 1' tooltip on bar of 'App Count per
                    Criticality and Ring' chart&#xD;
                    -&gt; skipped because of previous errors&#xD;
                    &#xD;
                    When User clicks element in Bar type 'App Count per Criticality and
                    Ring' chart&#xD;
                    -&gt; skipped because of previous errors&#xD;
                    &#xD;
                    Then Page with 'All Applications' header is displayed to user&#xD;
                    -&gt; skipped because of previous errors&#xD;
                    &#xD;
                    Then Rows counter contains '1' rows&#xD;
                    -&gt; skipped because of previous errors&#xD;
                    &#xD;
                    &#xD;
                    -&gt; Test status is 'Failed'&#xD;
                    -&gt; Check screenshot by following path:
                    c:\Screenshots\EvergreenJnr_Planning_CheckThatTooltipIsDisplayedOnAppCountPerCriticalityAndRingCharts_2021_11_02_09_37_08.png&#xD;
                    -&gt; TEST STATUS WAS POSTED:
                    EvergreenJnr_Planning_CheckThatTooltipIsDisplayedOnAppCountPerCriticalityAndRingCharts&#xD;
                    -&gt; Test finished on:
                    https://automaster.internal.juriba.com/evergreen/#/planning/ringscoping/scopingParameters?$projectId=161&#xD;
                    -&gt; 11/2/2021 9:37:08 AM - ERROR - Error during Custom list
                    deleting: System.Exception: Database query returns zero results&#xD;
                    -&gt; at
                    DashworksTestAutomation.Helpers.DatabaseHelper.ExecuteReader(String
                    query, Int32 columnIndex) in
                    C:\automaster\_work\3\s\DashworksTestAutomationCore\Helpers\DatabaseHelper.cs:line
                    59&#xD;
                    -&gt; at
                    DashworksTestAutomation.Steps.Dashworks.CustomList.AfterScenario.RemoveCustomListMethods.RemoveUserLists()
                    in
                    C:\automaster\_work\3\s\DashworksTestAutomationCore\Steps\Dashworks\CustomList\AfterScenario\RemoveCustomListMethods.cs:line
                    33&#xD;
                    -&gt; 11/2/2021 9:37:08 AM - ERROR - Error during Custom list
                    deleting: System.Exception: Database query returns zero results&#xD;
                    -&gt; at
                    DashworksTestAutomation.Helpers.DatabaseHelper.ExecuteReader(String
                    query, Int32 columnIndex) in
                    C:\automaster\_work\3\s\DashworksTestAutomationCore\Helpers\DatabaseHelper.cs:line
                    59&#xD;
                    -&gt; at
                    DashworksTestAutomation.Steps.Dashworks.CustomList.AfterScenario.RemoveCustomListMethods.RemoveUserLists()
                    in
                    C:\automaster\_work\3\s\DashworksTestAutomationCore\Steps\Dashworks\CustomList\AfterScenario\RemoveCustomListMethods.cs:line
                    33&#xD;
                    -&gt; 11/2/2021 9:37:09 AM - INFO - The '1_28215DAS_Project' project
                    with '161' id has been deleted&#xD;
                    -&gt; 11/2/2021 9:37:12 AM - INFO - TEST FINISHED:
                    EvergreenJnr_Planning_CheckThatTooltipIsDisplayedOnAppCountPerCriticalityAndRingCharts
                </StdOut>
                <StdErr>There is no table with 'Application Coverage Targets' title&#xD;
                    System.Exception: There is no table with 'Application Coverage
                    Targets' title&#xD;
                    at
                    DashworksTestAutomation.Pages.Evergreen.ItemDetails.BaseTable.GetTableByTitle(String
                    title) in
                    C:\automaster\_work\3\s\DashworksTestAutomationCore\Pages\Evergreen\ItemDetails\BaseTable.cs:line
                    273&#xD;
                    at
                    DashworksTestAutomation.Steps.Dashworks.ItemDetailsPage.EvergreenJnr_BaseTable.WhenUserSetValueToForColumnAndRowInTable(String
                    value, String headerName, String rowName, String title) in
                    C:\automaster\_work\3\s\DashworksTestAutomationCore\Steps\Dashworks\ItemDetailsPage\EvergreenJnr_BaseTable.cs:line
                    139&#xD;
                    at TechTalk.SpecFlow.Bindings.BindingInvoker.InvokeBinding(IBinding
                    binding, IContextManager contextManager, Object[] arguments,
                    ITestTracer testTracer, TimeSpan&amp; duration) in
                    D:\a\1\s\TechTalk.SpecFlow\Bindings\BindingInvoker.cs:line 88&#xD;
                    at
                    TechTalk.SpecFlow.Infrastructure.TestExecutionEngine.ExecuteStepMatch(BindingMatch
                    match, Object[] arguments, TimeSpan&amp; duration) in
                    D:\a\1\s\TechTalk.SpecFlow\Infrastructure\TestExecutionEngine.cs:line
                    522&#xD;
                    at
                    TechTalk.SpecRun.SpecFlowPlugin.Runtime.RunnerTestExecutionEngine.ExecuteStepMatch(BindingMatch
                    match, Object[] arguments, TimeSpan&amp; duration)&#xD;
                    at
                    TechTalk.SpecFlow.Infrastructure.TestExecutionEngine.ExecuteStep(IContextManager
                    contextManager, StepInstance stepInstance) in
                    D:\a\1\s\TechTalk.SpecFlow\Infrastructure\TestExecutionEngine.cs:line
                    446&#xD;
                    at
                    TechTalk.SpecFlow.Infrastructure.TestExecutionEngine.OnAfterLastStep()
                    in
                    D:\a\1\s\TechTalk.SpecFlow\Infrastructure\TestExecutionEngine.cs:line
                    268&#xD;
                    at
                    TechTalk.SpecRun.SpecFlowPlugin.Runtime.RunnerTestExecutionEngine.OnAfterLastStep()&#xD;
                    at TechTalk.SpecFlow.TestRunner.CollectScenarioErrors() in
                    D:\a\1\s\TechTalk.SpecFlow\TestRunner.cs:line 60&#xD;
                    at
                    DashworksTestAutomationCore.Tests.EvergreenJnr.EvergreenJnr_Planning.Planning_RingScoping_Part12Feature.ScenarioCleanup()&#xD;
                    at
                    DashworksTestAutomationCore.Tests.EvergreenJnr.EvergreenJnr_Planning.Planning_RingScoping_Part12Feature.EvergreenJnr_Planning_CheckThatTooltipIsDisplayedOnAppCountPerCriticalityAndRingCharts()
                    in
                    C:\automaster\_work\3\s\DashworksTestAutomationCore\Tests\EvergreenJnr\EvergreenJnr_Planning\Planning_RingScoping_Part12.feature:line
                    116&#xD;
                    at
                    TechTalk.SpecRun.Framework.TaskExecutors.StaticOrInstanceMethodExecutor.ExecuteInternal(ITestThreadExecutionContext
                    testThreadExecutionContext)&#xD;
                    at
                    TechTalk.SpecRun.Framework.TaskExecutors.StaticOrInstanceMethodExecutor.Execute(ITestThreadExecutionContext
                    testThreadExecutionContext)&#xD;
                    at TechTalk.SpecRun.Framework.TestNodeTask.Execute()
                </StdErr>
                <ErrorInfo>
                    <Message>There is no table with 'Application Coverage Targets'
                        title
                    </Message>
                    <StackTrace>System.Exception: There is no table with 'Application
                        Coverage Targets' title&#xD;
                        at
                        DashworksTestAutomation.Pages.Evergreen.ItemDetails.BaseTable.GetTableByTitle(String
                        title) in
                        C:\automaster\_work\3\s\DashworksTestAutomationCore\Pages\Evergreen\ItemDetails\BaseTable.cs:line
                        273&#xD;
                        at
                        DashworksTestAutomation.Steps.Dashworks.ItemDetailsPage.EvergreenJnr_BaseTable.WhenUserSetValueToForColumnAndRowInTable(String
                        value, String headerName, String rowName, String title) in
                        C:\automaster\_work\3\s\DashworksTestAutomationCore\Steps\Dashworks\ItemDetailsPage\EvergreenJnr_BaseTable.cs:line
                        139&#xD;
                        at
                        TechTalk.SpecFlow.Bindings.BindingInvoker.InvokeBinding(IBinding
                        binding, IContextManager contextManager, Object[] arguments,
                        ITestTracer testTracer, TimeSpan&amp; duration) in
                        D:\a\1\s\TechTalk.SpecFlow\Bindings\BindingInvoker.cs:line 88&#xD;
                        at
                        TechTalk.SpecFlow.Infrastructure.TestExecutionEngine.ExecuteStepMatch(BindingMatch
                        match, Object[] arguments, TimeSpan&amp; duration) in
                        D:\a\1\s\TechTalk.SpecFlow\Infrastructure\TestExecutionEngine.cs:line
                        522&#xD;
                        at
                        TechTalk.SpecRun.SpecFlowPlugin.Runtime.RunnerTestExecutionEngine.ExecuteStepMatch(BindingMatch
                        match, Object[] arguments, TimeSpan&amp; duration)&#xD;
                        at
                        TechTalk.SpecFlow.Infrastructure.TestExecutionEngine.ExecuteStep(IContextManager
                        contextManager, StepInstance stepInstance) in
                        D:\a\1\s\TechTalk.SpecFlow\Infrastructure\TestExecutionEngine.cs:line
                        446&#xD;
                        at
                        TechTalk.SpecFlow.Infrastructure.TestExecutionEngine.OnAfterLastStep()
                        in
                        D:\a\1\s\TechTalk.SpecFlow\Infrastructure\TestExecutionEngine.cs:line
                        268&#xD;
                        at
                        TechTalk.SpecRun.SpecFlowPlugin.Runtime.RunnerTestExecutionEngine.OnAfterLastStep()&#xD;
                        at TechTalk.SpecFlow.TestRunner.CollectScenarioErrors() in
                        D:\a\1\s\TechTalk.SpecFlow\TestRunner.cs:line 60&#xD;
                        at
                        DashworksTestAutomationCore.Tests.EvergreenJnr.EvergreenJnr_Planning.Planning_RingScoping_Part12Feature.ScenarioCleanup()&#xD;
                        at
                        DashworksTestAutomationCore.Tests.EvergreenJnr.EvergreenJnr_Planning.Planning_RingScoping_Part12Feature.EvergreenJnr_Planning_CheckThatTooltipIsDisplayedOnAppCountPerCriticalityAndRingCharts()
                        in
                        C:\automaster\_work\3\s\DashworksTestAutomationCore\Tests\EvergreenJnr\EvergreenJnr_Planning\Planning_RingScoping_Part12.feature:line
                        116&#xD;
                        at
                        TechTalk.SpecRun.Framework.TaskExecutors.StaticOrInstanceMethodExecutor.ExecuteInternal(ITestThreadExecutionContext
                        testThreadExecutionContext)&#xD;
                        at
                        TechTalk.SpecRun.Framework.TaskExecutors.StaticOrInstanceMethodExecutor.Execute(ITestThreadExecutionContext
                        testThreadExecutionContext)&#xD;
                        at TechTalk.SpecRun.Framework.TestNodeTask.Execute()
                    </StackTrace>
                </ErrorInfo>
            </Output>
        </UnitTestResult>
        <UnitTestResult executionId="df31df1a-b36d-46dd-ad98-ea4afec229c5"
                        testId="2db40c62-5685-8f83-b5be-4a9a83f73ea9"
                        testName="EvergreenJnr_Planning_CheckThatChartsAreDisplayedOnStatisticPageFromRingScoping"
                        computerName="automaster" duration="00:00:38.9726764"
                        startTime="2021-11-02T09:35:40.9839851+00:00"
                        endTime="2021-11-02T09:36:19.9566615+00:00"
                        testType="13cdc9d9-ddb5-4fa4-a97d-d965ccfc6d4b" outcome="Failed"
                        testListId="8c84fa94-04c1-424b-9868-57a2d4851a1d"
                        relativeResultsDirectory="df31df1a-b36d-46dd-ad98-ea4afec229c5">
            <Output>
                <StdOut>-&gt; 11/2/2021 9:35:40 AM - INFO - TEST STARTED:
                    EvergreenJnr_Planning_CheckThatChartsAreDisplayedOnStatisticPageFromRingScoping&#xD;
                    &#xD;
                    Given User is logged in to the Evergreen&#xD;
                    -&gt; Navigating to the https://automaster.internal.juriba.com/&#xD;
                    -&gt; Navigating to the
                    https://automaster.internal.juriba.com/evergreen/&#xD;
                    -&gt; done: EvergreenJnr_Login.GivenUserIsLoggedInToTheEvergreen()
                    (2.7s)&#xD;
                    &#xD;
                    When Project created via API&#xD;
                    --- table step argument ---&#xD;
                    | ProjectName | Scope | ProjectTemplate | Mode |&#xD;
                    | 1_26688DAS_Project | All Devices | None | Standalone Project |&#xD;
                    -&gt; done: ProjectApiSteps.WhenUserCreateNewProjectViaApi(&lt;table&gt;)
                    (0.1s)&#xD;
                    &#xD;
                    When User clicks 'Planning' on the left-hand menu&#xD;
                    -&gt; done:
                    EvergreenJnr_LeftHandMenuNavigation.WhenUserClicksOnTheLeft_HandMenu("Planning")
                    (2.1s)&#xD;
                    &#xD;
                    When User enters '1_26688DAS_Project' text in the Search field for
                    'Project' column&#xD;
                    -&gt; done:
                    EvergreenJnr_BaseGrid.WhenUserEntersTextInTheSearchFieldForColumn("1_26688DAS_Project",
                    "Project") (4.5s)&#xD;
                    &#xD;
                    When User clicks on '1_26688DAS_Project' cell from 'Project' column&#xD;
                    -&gt; done:
                    EvergreenJnr_BaseGrid.WhenUserClicksOnCellFromColumn("1_26688DAS_Project",
                    "Project") (7.1s)&#xD;
                    &#xD;
                    When User clicks 'Generate Statistics' button&#xD;
                    -&gt; done: ButtonSteps.WhenUserClicksButton("Generate Statistics")
                    (0.2s)&#xD;
                    &#xD;
                    Then 'Recalculation of statistics is complete' text is displayed on
                    inline success banner&#xD;
                    -&gt; done:
                    EvergreenJnr_BaseInlineTipBannerElement.ThenTextIsDisplayedOnInlineSuccessBanner("Recalculation
                    of ...") (10.4s)&#xD;
                    &#xD;
                    Then Chart with name 'Devices by Ring' is displayed&#xD;
                    -&gt; done:
                    EvergreenJnr_RingScopingPage.ThenChartWithNameIsDisplayed("Devices
                    by Ring") (1.5s)&#xD;
                    &#xD;
                    Then Chart with name 'App Count per Criticality and Ring' is
                    displayed&#xD;
                    -&gt; Expected some item equal to "App Count per Criticality and
                    Ring"&#xD;
                    -&gt; But was: &lt; "Devices by Ring" &gt;&#xD;
                    -&gt; Chart with name 'App Count per Criticality and Ring' is not
                    displayed&#xD;
                    -&gt; error: Chart with name 'App Count per Criticality and Ring' is
                    not displayed&#xD;
                    -&gt; Expected: some item equal to "App Count per Criticality and
                    Ring"&#xD;
                    -&gt; But was: &lt; "Devices by Ring" &gt; (1.5s)&#xD;
                    &#xD;
                    Then Chart with name 'App Criticality Coverage by Ring' is displayed&#xD;
                    -&gt; skipped because of previous errors&#xD;
                    &#xD;
                    &#xD;
                    -&gt; Test status is 'Failed'&#xD;
                    -&gt; Check screenshot by following path:
                    c:\Screenshots\EvergreenJnr_Planning_CheckThatChartsAreDisplayedOnStatisticPageFromRingScoping_2021_11_02_09_36_15.png&#xD;
                    -&gt; TEST STATUS WAS POSTED:
                    EvergreenJnr_Planning_CheckThatChartsAreDisplayedOnStatisticPageFromRingScoping&#xD;
                    -&gt; Test finished on:
                    https://automaster.internal.juriba.com/evergreen/#/planning/ringscoping/statistics?$projectId=176&#xD;
                    -&gt; 11/2/2021 9:36:16 AM - ERROR - Error during Custom list
                    deleting: System.Exception: Database query returns zero results&#xD;
                    -&gt; at
                    DashworksTestAutomation.Helpers.DatabaseHelper.ExecuteReader(String
                    query, Int32 columnIndex) in
                    C:\automaster\_work\3\s\DashworksTestAutomationCore\Helpers\DatabaseHelper.cs:line
                    59&#xD;
                    -&gt; at
                    DashworksTestAutomation.Steps.Dashworks.CustomList.AfterScenario.RemoveCustomListMethods.RemoveUserLists()
                    in
                    C:\automaster\_work\3\s\DashworksTestAutomationCore\Steps\Dashworks\CustomList\AfterScenario\RemoveCustomListMethods.cs:line
                    33&#xD;
                    -&gt; 11/2/2021 9:36:16 AM - ERROR - Error during Custom list
                    deleting: System.Exception: Database query returns zero results&#xD;
                    -&gt; at
                    DashworksTestAutomation.Helpers.DatabaseHelper.ExecuteReader(String
                    query, Int32 columnIndex) in
                    C:\automaster\_work\3\s\DashworksTestAutomationCore\Helpers\DatabaseHelper.cs:line
                    59&#xD;
                    -&gt; at
                    DashworksTestAutomation.Steps.Dashworks.CustomList.AfterScenario.RemoveCustomListMethods.RemoveUserLists()
                    in
                    C:\automaster\_work\3\s\DashworksTestAutomationCore\Steps\Dashworks\CustomList\AfterScenario\RemoveCustomListMethods.cs:line
                    33&#xD;
                    -&gt; 11/2/2021 9:36:16 AM - INFO - The '1_26688DAS_Project' project
                    with '176' id has been deleted&#xD;
                    -&gt; 11/2/2021 9:36:19 AM - INFO - TEST FINISHED:
                    EvergreenJnr_Planning_CheckThatChartsAreDisplayedOnStatisticPageFromRingScoping
                </StdOut>
                <StdErr>Chart with name 'App Count per Criticality and Ring' is not
                    displayed&#xD;
                    Expected: some item equal to "App Count per Criticality and Ring"&#xD;
                    But was: &lt; "Devices by Ring" &gt;&#xD;
                    System.Exception: Chart with name 'App Count per Criticality and
                    Ring' is not displayed&#xD;
                    Expected: some item equal to "App Count per Criticality and Ring"&#xD;
                    But was: &lt; "Devices by Ring" &gt;&#xD;
                    at AutomationUtils.Utils.Verify.That[TActual](TActual actual,
                    IResolveConstraint expression, String message, Object[] args)&#xD;
                    at AutomationUtils.Utils.Verify.Contains(Object expected,
                    ICollection actual, String message, Object[] args)&#xD;
                    at
                    DashworksTestAutomationCore.Steps.Dashworks.EvergreenJnr_RingScopingPage.ThenChartWithNameIsDisplayed(String
                    chartName) in
                    C:\automaster\_work\3\s\DashworksTestAutomationCore\Steps\Dashworks\Planning\RingScoping\EvergreenJnr_RingScopingPage.cs:line
                    54&#xD;
                    at TechTalk.SpecFlow.Bindings.BindingInvoker.InvokeBinding(IBinding
                    binding, IContextManager contextManager, Object[] arguments,
                    ITestTracer testTracer, TimeSpan&amp; duration) in
                    D:\a\1\s\TechTalk.SpecFlow\Bindings\BindingInvoker.cs:line 88&#xD;
                    at
                    TechTalk.SpecRun.SpecFlowPlugin.Runtime.RunnerTestExecutionEngine.ExecuteStepMatch(BindingMatch
                    match, Object[] arguments, TimeSpan&amp; duration)&#xD;
                    at
                    TechTalk.SpecFlow.Infrastructure.TestExecutionEngine.ExecuteStep(IContextManager
                    contextManager, StepInstance stepInstance) in
                    D:\a\1\s\TechTalk.SpecFlow\Infrastructure\TestExecutionEngine.cs:line
                    496&#xD;
                    at
                    TechTalk.SpecFlow.Infrastructure.TestExecutionEngine.OnAfterLastStep()
                    in
                    D:\a\1\s\TechTalk.SpecFlow\Infrastructure\TestExecutionEngine.cs:line
                    268&#xD;
                    at
                    TechTalk.SpecRun.SpecFlowPlugin.Runtime.RunnerTestExecutionEngine.OnAfterLastStep()&#xD;
                    at TechTalk.SpecFlow.TestRunner.CollectScenarioErrors() in
                    D:\a\1\s\TechTalk.SpecFlow\TestRunner.cs:line 60&#xD;
                    at
                    DashworksTestAutomationCore.Tests.EvergreenJnr.EvergreenJnr_Planning.Planning_RingScoping_Part5Feature.ScenarioCleanup()&#xD;
                    at
                    DashworksTestAutomationCore.Tests.EvergreenJnr.EvergreenJnr_Planning.Planning_RingScoping_Part5Feature.EvergreenJnr_Planning_CheckThatChartsAreDisplayedOnStatisticPageFromRingScoping()
                    in
                    C:\automaster\_work\3\s\DashworksTestAutomationCore\Tests\EvergreenJnr\EvergreenJnr_Planning\Planning_RingScoping_Part5.feature:line
                    78&#xD;
                    at
                    TechTalk.SpecRun.Framework.TaskExecutors.StaticOrInstanceMethodExecutor.ExecuteInternal(ITestThreadExecutionContext
                    testThreadExecutionContext)&#xD;
                    at
                    TechTalk.SpecRun.Framework.TaskExecutors.StaticOrInstanceMethodExecutor.Execute(ITestThreadExecutionContext
                    testThreadExecutionContext)&#xD;
                    at TechTalk.SpecRun.Framework.TestNodeTask.Execute()
                </StdErr>
                <ErrorInfo>
                    <Message>Chart with name 'App Count per Criticality and Ring' is not
                        displayed&#xD;
                        Expected: some item equal to "App Count per Criticality and
                        Ring"&#xD;
                        But was: &lt; "Devices by Ring" &gt;
                    </Message>
                    <StackTrace>System.Exception: Chart with name 'App Count per
                        Criticality and Ring' is not displayed&#xD;
                        Expected: some item equal to "App Count per Criticality and
                        Ring"&#xD;
                        But was: &lt; "Devices by Ring" &gt;&#xD;
                        at AutomationUtils.Utils.Verify.That[TActual](TActual actual,
                        IResolveConstraint expression, String message, Object[] args)&#xD;
                        at AutomationUtils.Utils.Verify.Contains(Object expected,
                        ICollection actual, String message, Object[] args)&#xD;
                        at
                        DashworksTestAutomationCore.Steps.Dashworks.EvergreenJnr_RingScopingPage.ThenChartWithNameIsDisplayed(String
                        chartName) in
                        C:\automaster\_work\3\s\DashworksTestAutomationCore\Steps\Dashworks\Planning\RingScoping\EvergreenJnr_RingScopingPage.cs:line
                        54&#xD;
                        at
                        TechTalk.SpecFlow.Bindings.BindingInvoker.InvokeBinding(IBinding
                        binding, IContextManager contextManager, Object[] arguments,
                        ITestTracer testTracer, TimeSpan&amp; duration) in
                        D:\a\1\s\TechTalk.SpecFlow\Bindings\BindingInvoker.cs:line 88&#xD;
                        at
                        TechTalk.SpecRun.SpecFlowPlugin.Runtime.RunnerTestExecutionEngine.ExecuteStepMatch(BindingMatch
                        match, Object[] arguments, TimeSpan&amp; duration)&#xD;
                        at
                        TechTalk.SpecFlow.Infrastructure.TestExecutionEngine.ExecuteStep(IContextManager
                        contextManager, StepInstance stepInstance) in
                        D:\a\1\s\TechTalk.SpecFlow\Infrastructure\TestExecutionEngine.cs:line
                        496&#xD;
                        at
                        TechTalk.SpecFlow.Infrastructure.TestExecutionEngine.OnAfterLastStep()
                        in
                        D:\a\1\s\TechTalk.SpecFlow\Infrastructure\TestExecutionEngine.cs:line
                        268&#xD;
                        at
                        TechTalk.SpecRun.SpecFlowPlugin.Runtime.RunnerTestExecutionEngine.OnAfterLastStep()&#xD;
                        at TechTalk.SpecFlow.TestRunner.CollectScenarioErrors() in
                        D:\a\1\s\TechTalk.SpecFlow\TestRunner.cs:line 60&#xD;
                        at
                        DashworksTestAutomationCore.Tests.EvergreenJnr.EvergreenJnr_Planning.Planning_RingScoping_Part5Feature.ScenarioCleanup()&#xD;
                        at
                        DashworksTestAutomationCore.Tests.EvergreenJnr.EvergreenJnr_Planning.Planning_RingScoping_Part5Feature.EvergreenJnr_Planning_CheckThatChartsAreDisplayedOnStatisticPageFromRingScoping()
                        in
                        C:\automaster\_work\3\s\DashworksTestAutomationCore\Tests\EvergreenJnr\EvergreenJnr_Planning\Planning_RingScoping_Part5.feature:line
                        78&#xD;
                        at
                        TechTalk.SpecRun.Framework.TaskExecutors.StaticOrInstanceMethodExecutor.ExecuteInternal(ITestThreadExecutionContext
                        testThreadExecutionContext)&#xD;
                        at
                        TechTalk.SpecRun.Framework.TaskExecutors.StaticOrInstanceMethodExecutor.Execute(ITestThreadExecutionContext
                        testThreadExecutionContext)&#xD;
                        at TechTalk.SpecRun.Framework.TestNodeTask.Execute()
                    </StackTrace>
                </ErrorInfo>
            </Output>
        </UnitTestResult>
        <UnitTestResult executionId="cef46b3c-a805-40d8-9bb0-8cae5c7c17ac"
                        testId="7fb6490e-21e4-7e4b-8b85-bb280ebbe426"
                        testName="EvergreenJnr_Planning_CheckThatClickthroughsHaveSameValueInOpenedFilteredListIfMinimumDevicesPerAppGreaterThanOne"
                        computerName="automaster" duration="00:02:03.4230809"
                        startTime="2021-11-02T09:34:12.0105609+00:00"
                        endTime="2021-11-02T09:36:15.4336418+00:00"
                        testType="13cdc9d9-ddb5-4fa4-a97d-d965ccfc6d4b" outcome="Failed"
                        testListId="8c84fa94-04c1-424b-9868-57a2d4851a1d"
                        relativeResultsDirectory="cef46b3c-a805-40d8-9bb0-8cae5c7c17ac">
            <Output>
                <StdOut>-&gt; 11/2/2021 9:34:12 AM - INFO - TEST STARTED:
                    EvergreenJnr_Planning_CheckThatClickthroughsHaveSameValueInOpenedFilteredListIfMinimumDevicesPerAppGreaterThanOne&#xD;
                    &#xD;
                    Given User is logged in to the Evergreen&#xD;
                    -&gt; Navigating to the https://automaster.internal.juriba.com/&#xD;
                    -&gt; Navigating to the
                    https://automaster.internal.juriba.com/evergreen/&#xD;
                    -&gt; done: EvergreenJnr_Login.GivenUserIsLoggedInToTheEvergreen()
                    (5.8s)&#xD;
                    &#xD;
                    When User clicks 'Planning' on the left-hand menu&#xD;
                    -&gt; done:
                    EvergreenJnr_LeftHandMenuNavigation.WhenUserClicksOnTheLeft_HandMenu("Planning")
                    (2.5s)&#xD;
                    &#xD;
                    When User enters 'Ring Scoping Project' text in the Search field for
                    'Project' column&#xD;
                    -&gt; done:
                    EvergreenJnr_BaseGrid.WhenUserEntersTextInTheSearchFieldForColumn("Ring
                    Scoping Project", "Project") (4.2s)&#xD;
                    &#xD;
                    When User clicks on 'Ring Scoping Project' cell from 'Project'
                    column&#xD;
                    -&gt; done:
                    EvergreenJnr_BaseGrid.WhenUserClicksOnCellFromColumn("Ring Scoping
                    Project", "Project") (7.7s)&#xD;
                    &#xD;
                    When User generates statistics in case it was reseted&#xD;
                    -&gt; Generate statistics button was NOT displayed and step was
                    skipped&#xD;
                    -&gt; done:
                    EvergreenJnr_RingScopingPage.WhenUserGeneratesStatisticsInCaseItWasReseted()
                    (15.5s)&#xD;
                    &#xD;
                    When User navigates to the 'Scoping Parameters' left submenu item&#xD;
                    -&gt; done:
                    EvergreenJnr_LeftMenuNavigation.WhenUserNavigatesToTheParentLeftSubmenuItem("Scoping
                    Parameters") (1.7s)&#xD;
                    &#xD;
                    When User clicks 'Clear All' button after loading&#xD;
                    -&gt; done: ButtonSteps.WhenUserClicksButtonAfterLoading("Clear
                    All") (2.9s)&#xD;
                    &#xD;
                    When User selects 'Allow devices to be moved in and out of this
                    ring' in the 'Allow devices to be moved out of this ring, but not
                    into it' dropdown&#xD;
                    -&gt; done: DropdownSteps.WhenUserSelectsInTheDropdown("Allow
                    devices to ...", "Allow devices to ...") (1.0s)&#xD;
                    &#xD;
                    When User sets value to '10' for 'Minimum Number of Devices' column
                    and 'Unassigned' row in 'Minimum and Maximum Number of Devices'
                    table&#xD;
                    -&gt; done:
                    EvergreenJnr_BaseTable.WhenUserSetValueToForColumnAndRowInTable("10",
                    "Minimum Number of...", "Unassigned", "Minimum and Maxim...") (2.2s)&#xD;
                    &#xD;
                    When User clicks 'Update And Redistribute' button&#xD;
                    -&gt; done: ButtonSteps.WhenUserClicksButton("Update And Redist...")
                    (0.1s)&#xD;
                    &#xD;
                    When User clicks 'Commit Changes Without Preview' button after
                    loading&#xD;
                    -&gt; done: ButtonSteps.WhenUserClicksButtonAfterLoading("Commit
                    Changes Wi...") (2.7s)&#xD;
                    &#xD;
                    When User navigates to the 'Scoping Parameters' left submenu item&#xD;
                    -&gt; done:
                    EvergreenJnr_LeftMenuNavigation.WhenUserNavigatesToTheParentLeftSubmenuItem("Scoping
                    Parameters") (1.6s)&#xD;
                    &#xD;
                    When User clicks 'Clear All' button after loading&#xD;
                    -&gt; done: ButtonSteps.WhenUserClicksButtonAfterLoading("Clear
                    All") (3.8s)&#xD;
                    &#xD;
                    When User selects 'Allow devices to be moved out of this ring, but
                    not into it' in the 'Allow devices to be moved in and out of this
                    ring' dropdown&#xD;
                    -&gt; done: DropdownSteps.WhenUserSelectsInTheDropdown("Allow
                    devices to ...", "Allow devices to ...") (0.8s)&#xD;
                    &#xD;
                    When User selects 'Add to last possible ring' in the 'Devices that
                    are not needed to hit coverage targets' dropdown&#xD;
                    -&gt; done: DropdownSteps.WhenUserSelectsInTheDropdown("Add to last
                    possi...", "Devices that are ...") (0.8s)&#xD;
                    &#xD;
                    When User sets value to '2' for 'Core' column and 'Minimum Devices
                    per App' row in 'Application Coverage Targets' table&#xD;
                    -&gt; done:
                    EvergreenJnr_BaseTable.WhenUserSetValueToForColumnAndRowInTable("2",
                    "Core", "Minimum Devices p...", "Application Cover...") (2.3s)&#xD;
                    &#xD;
                    When User sets value to '2' for 'Critical' column and 'Minimum
                    Devices per App' row in 'Application Coverage Targets' table&#xD;
                    -&gt; done:
                    EvergreenJnr_BaseTable.WhenUserSetValueToForColumnAndRowInTable("2",
                    "Critical", "Minimum Devices p...", "Application Cover...") (2.1s)&#xD;
                    &#xD;
                    When User sets value to '2' for 'Important' column and 'Minimum
                    Devices per App' row in 'Application Coverage Targets' table&#xD;
                    -&gt; done:
                    EvergreenJnr_BaseTable.WhenUserSetValueToForColumnAndRowInTable("2",
                    "Important", "Minimum Devices p...", "Application Cover...") (1.9s)&#xD;
                    &#xD;
                    When User sets value to '2' for 'Not Important' column and 'Minimum
                    Devices per App' row in 'Application Coverage Targets' table&#xD;
                    -&gt; done:
                    EvergreenJnr_BaseTable.WhenUserSetValueToForColumnAndRowInTable("2",
                    "Not Important", "Minimum Devices p...", "Application Cover...")
                    (1.9s)&#xD;
                    &#xD;
                    When User sets value to '2' for 'Uncategorised' column and 'Minimum
                    Devices per App' row in 'Application Coverage Targets' table&#xD;
                    -&gt; done:
                    EvergreenJnr_BaseTable.WhenUserSetValueToForColumnAndRowInTable("2",
                    "Uncategorised", "Minimum Devices p...", "Application Cover...")
                    (2.2s)&#xD;
                    &#xD;
                    When User sets value to '10' for 'Critical' column and 'Early
                    Adopters' row in 'Application Coverage Targets' table&#xD;
                    -&gt; done:
                    EvergreenJnr_BaseTable.WhenUserSetValueToForColumnAndRowInTable("10",
                    "Critical", "Early Adopters", "Application Cover...") (2.0s)&#xD;
                    &#xD;
                    When User sets value to '20' for 'Important' column and 'Business
                    Wave 1' row in 'Application Coverage Targets' table&#xD;
                    -&gt; done:
                    EvergreenJnr_BaseTable.WhenUserSetValueToForColumnAndRowInTable("20",
                    "Important", "Business Wave 1", "Application Cover...") (2.1s)&#xD;
                    &#xD;
                    When User sets value to '30' for 'Core' column and 'Business Wave 2'
                    row in 'Application Coverage Targets' table&#xD;
                    -&gt; done:
                    EvergreenJnr_BaseTable.WhenUserSetValueToForColumnAndRowInTable("30",
                    "Core", "Business Wave 2", "Application Cover...") (2.0s)&#xD;
                    &#xD;
                    When User clicks 'Update And Redistribute' button&#xD;
                    -&gt; done: ButtonSteps.WhenUserClicksButton("Update And Redist...")
                    (0.1s)&#xD;
                    &#xD;
                    When User clicks 'Commit Changes Without Preview' button after
                    loading&#xD;
                    -&gt; done: ButtonSteps.WhenUserClicksButtonAfterLoading("Commit
                    Changes Wi...") (2.2s)&#xD;
                    &#xD;
                    Then 'Your changes have been successfully processed and
                    recalculation of statistics has started' text is displayed on inline
                    success banner&#xD;
                    -&gt; done:
                    EvergreenJnr_BaseInlineTipBannerElement.ThenTextIsDisplayedOnInlineSuccessBanner("Your
                    changes have...") (1.1s)&#xD;
                    &#xD;
                    When User clicks 'Close' button on 'BaseInlineBannerElement' panel&#xD;
                    -&gt; done: ButtonSteps.WhenUserClicksButtonOnPanel("Close",
                    "BaseInlineBannerE...") (0.2s)&#xD;
                    &#xD;
                    Then 'Recalculation of statistics is complete' text is displayed on
                    inline success banner&#xD;
                    -&gt; done:
                    EvergreenJnr_BaseInlineTipBannerElement.ThenTextIsDisplayedOnInlineSuccessBanner("Recalculation
                    of ...") (12.0s)&#xD;
                    &#xD;
                    When User remembers value in 'Early Adopters' column and 'Cumulative
                    App Count' row in static table&#xD;
                    -&gt; done:
                    EvergreenJnr_BaseTable.WhenUserRemembersValueInColumnAndRowInStaticTable("Early
                    Adopters", "Cumulative App Count") (2.1s)&#xD;
                    &#xD;
                    When User clicks on linked value in 'Early Adopters' column and
                    'Cumulative App Count' row in static table&#xD;
                    -&gt; done:
                    EvergreenJnr_BaseTable.ThenUserClicksOnLinkedValueInColumnAndRowInStaticTable("Early
                    Adopters", "Cumulative App Count") (1.9s)&#xD;
                    &#xD;
                    Then Rows counter number is equal to value that was remembered in
                    static table&#xD;
                    -&gt; done:
                    EvergreenJnr_BaseTable.ThenCounterNumberIsEqualsToValueThatWasRememberedInStaticTable()
                    (3.6s)&#xD;
                    &#xD;
                    Then User click back button in the browser&#xD;
                    -&gt; done: BaseActions.ThenUserClickBackButtonInTheBrowser() (0.0s)&#xD;
                    &#xD;
                    When User remembers value in 'IT Users' column and 'Cumulative App
                    Count' row in static table&#xD;
                    -&gt; done:
                    EvergreenJnr_BaseTable.WhenUserRemembersValueInColumnAndRowInStaticTable("IT
                    Users", "Cumulative App Count") (2.0s)&#xD;
                    &#xD;
                    When User clicks on linked value in 'IT Users' column and
                    'Cumulative App Count' row in static table&#xD;
                    -&gt; done:
                    EvergreenJnr_BaseTable.ThenUserClicksOnLinkedValueInColumnAndRowInStaticTable("IT
                    Users", "Cumulative App Count") (1.9s)&#xD;
                    &#xD;
                    Then Rows counter number is equal to value that was remembered in
                    static table&#xD;
                    -&gt; done:
                    EvergreenJnr_BaseTable.ThenCounterNumberIsEqualsToValueThatWasRememberedInStaticTable()
                    (3.1s)&#xD;
                    &#xD;
                    Then User click back button in the browser&#xD;
                    -&gt; done: BaseActions.ThenUserClickBackButtonInTheBrowser() (0.0s)&#xD;
                    &#xD;
                    When User remembers value in 'Business Wave 1' column and
                    'Cumulative App Count' row in static table&#xD;
                    -&gt; done:
                    EvergreenJnr_BaseTable.WhenUserRemembersValueInColumnAndRowInStaticTable("Business
                    Wave 1", "Cumulative App Count") (2.0s)&#xD;
                    &#xD;
                    When User clicks on linked value in 'Business Wave 1' column and
                    'Cumulative App Count' row in static table&#xD;
                    -&gt; done:
                    EvergreenJnr_BaseTable.ThenUserClicksOnLinkedValueInColumnAndRowInStaticTable("Business
                    Wave 1", "Cumulative App Count") (1.9s)&#xD;
                    &#xD;
                    Then Rows counter number is equal to value that was remembered in
                    static table&#xD;
                    -&gt; done:
                    EvergreenJnr_BaseTable.ThenCounterNumberIsEqualsToValueThatWasRememberedInStaticTable()
                    (4.2s)&#xD;
                    &#xD;
                    Then User click back button in the browser&#xD;
                    -&gt; done: BaseActions.ThenUserClickBackButtonInTheBrowser() (0.0s)&#xD;
                    &#xD;
                    When User remembers value in 'Business Wave 2' column and
                    'Cumulative App Count' row in static table&#xD;
                    -&gt; done:
                    EvergreenJnr_BaseTable.WhenUserRemembersValueInColumnAndRowInStaticTable("Business
                    Wave 2", "Cumulative App Count") (2.4s)&#xD;
                    &#xD;
                    When User clicks on linked value in 'Business Wave 2' column and
                    'Cumulative App Count' row in static table&#xD;
                    -&gt; done:
                    EvergreenJnr_BaseTable.ThenUserClicksOnLinkedValueInColumnAndRowInStaticTable("Business
                    Wave 2", "Cumulative App Count") (1.9s)&#xD;
                    &#xD;
                    Then Rows counter number is equal to value that was remembered in
                    static table&#xD;
                    -&gt; Expected "86 rows", ignoring case&#xD;
                    -&gt; But was: "96 rows"&#xD;
                    -&gt; Incorrect rows count&#xD;
                    -&gt; error: Incorrect rows count&#xD;
                    -&gt; Expected: "86 rows", ignoring case&#xD;
                    -&gt; But was: "96 rows" (3.6s)&#xD;
                    &#xD;
                    Then User click back button in the browser&#xD;
                    -&gt; skipped because of previous errors&#xD;
                    &#xD;
                    When User remembers value in 'Business Wave 3' column and
                    'Cumulative App Count' row in static table&#xD;
                    -&gt; skipped because of previous errors&#xD;
                    &#xD;
                    When User clicks on linked value in 'Business Wave 3' column and
                    'Cumulative App Count' row in static table&#xD;
                    -&gt; skipped because of previous errors&#xD;
                    &#xD;
                    Then Rows counter number is equal to value that was remembered in
                    static table&#xD;
                    -&gt; skipped because of previous errors&#xD;
                    &#xD;
                    Then User click back button in the browser&#xD;
                    -&gt; skipped because of previous errors&#xD;
                    &#xD;
                    When User remembers value in 'Critical Systems' column and
                    'Cumulative App Count' row in static table&#xD;
                    -&gt; skipped because of previous errors&#xD;
                    &#xD;
                    When User clicks on linked value in 'Critical Systems' column and
                    'Cumulative App Count' row in static table&#xD;
                    -&gt; skipped because of previous errors&#xD;
                    &#xD;
                    Then Rows counter number is equal to value that was remembered in
                    static table&#xD;
                    -&gt; skipped because of previous errors&#xD;
                    &#xD;
                    Then User click back button in the browser&#xD;
                    -&gt; skipped because of previous errors&#xD;
                    &#xD;
                    When User remembers value in 'Total' column and 'Cumulative App
                    Count' row in static table&#xD;
                    -&gt; skipped because of previous errors&#xD;
                    &#xD;
                    When User clicks on linked value in 'Total' column and 'Cumulative
                    App Count' row in static table&#xD;
                    -&gt; skipped because of previous errors&#xD;
                    &#xD;
                    Then Rows counter number is equal to value that was remembered in
                    static table&#xD;
                    -&gt; skipped because of previous errors&#xD;
                    &#xD;
                    Then User click back button in the browser&#xD;
                    -&gt; skipped because of previous errors&#xD;
                    &#xD;
                    When User selects 'Software' in the 'Summary' dropdown&#xD;
                    -&gt; skipped because of previous errors&#xD;
                    &#xD;
                    When User remembers value in 'Business Wave 3' column and 'Core App
                    Count' row in static table&#xD;
                    -&gt; skipped because of previous errors&#xD;
                    &#xD;
                    When User clicks on linked value in 'Business Wave 3' column and
                    'Core App Count' row in static table&#xD;
                    -&gt; skipped because of previous errors&#xD;
                    &#xD;
                    Then Rows counter number is equal to value that was remembered in
                    static table&#xD;
                    -&gt; skipped because of previous errors&#xD;
                    &#xD;
                    Then User click back button in the browser&#xD;
                    -&gt; skipped because of previous errors&#xD;
                    &#xD;
                    When User selects 'Software' in the 'Summary' dropdown&#xD;
                    -&gt; skipped because of previous errors&#xD;
                    &#xD;
                    When User remembers value in 'Early Adopters' column and 'Critical
                    App Count' row in static table&#xD;
                    -&gt; skipped because of previous errors&#xD;
                    &#xD;
                    When User clicks on linked value in 'Early Adopters' column and
                    'Critical App Count' row in static table&#xD;
                    -&gt; skipped because of previous errors&#xD;
                    &#xD;
                    Then Rows counter number is equal to value that was remembered in
                    static table&#xD;
                    -&gt; skipped because of previous errors&#xD;
                    &#xD;
                    Then User click back button in the browser&#xD;
                    -&gt; skipped because of previous errors&#xD;
                    &#xD;
                    When User selects 'Software' in the 'Summary' dropdown&#xD;
                    -&gt; skipped because of previous errors&#xD;
                    &#xD;
                    When User remembers value in 'IT Users' column and 'Important App
                    Count' row in static table&#xD;
                    -&gt; skipped because of previous errors&#xD;
                    &#xD;
                    When User clicks on linked value in 'IT Users' column and 'Important
                    App Count' row in static table&#xD;
                    -&gt; skipped because of previous errors&#xD;
                    &#xD;
                    Then Rows counter number is equal to value that was remembered in
                    static table&#xD;
                    -&gt; skipped because of previous errors&#xD;
                    &#xD;
                    Then User click back button in the browser&#xD;
                    -&gt; skipped because of previous errors&#xD;
                    &#xD;
                    When User selects 'Software' in the 'Summary' dropdown&#xD;
                    -&gt; skipped because of previous errors&#xD;
                    &#xD;
                    When User remembers value in 'Business Wave 1' column and 'Not
                    Important App Count' row in static table&#xD;
                    -&gt; skipped because of previous errors&#xD;
                    &#xD;
                    When User clicks on linked value in 'Business Wave 1' column and
                    'Not Important App Count' row in static table&#xD;
                    -&gt; skipped because of previous errors&#xD;
                    &#xD;
                    Then Rows counter number is equal to value that was remembered in
                    static table&#xD;
                    -&gt; skipped because of previous errors&#xD;
                    &#xD;
                    Then User click back button in the browser&#xD;
                    -&gt; skipped because of previous errors&#xD;
                    &#xD;
                    When User selects 'Software' in the 'Summary' dropdown&#xD;
                    -&gt; skipped because of previous errors&#xD;
                    &#xD;
                    When User remembers value in 'Business Wave 2' column and
                    'Uncategorised App Count' row in static table&#xD;
                    -&gt; skipped because of previous errors&#xD;
                    &#xD;
                    When User clicks on linked value in 'Business Wave 2' column and
                    'Uncategorised App Count' row in static table&#xD;
                    -&gt; skipped because of previous errors&#xD;
                    &#xD;
                    Then Rows counter number is equal to value that was remembered in
                    static table&#xD;
                    -&gt; skipped because of previous errors&#xD;
                    &#xD;
                    &#xD;
                    -&gt; Test status is 'Failed'&#xD;
                    -&gt; Check screenshot by following path:
                    c:\Screenshots\EvergreenJnr_Planning_CheckThatClickthroughsHaveSameValueInOpenedFilteredListIfMinimumDevicesPerAppGreaterThanOne_2021_11_02_09_36_11.png&#xD;
                    -&gt; TEST STATUS WAS POSTED:
                    EvergreenJnr_Planning_CheckThatClickthroughsHaveSameValueInOpenedFilteredListIfMinimumDevicesPerAppGreaterThanOne&#xD;
                    -&gt; Test finished on:
                    https://automaster.internal.juriba.com/evergreen/#/applications?$filter=(project_112_projectId%20%3D%20112%20AND%20project_112_deviceOnlyTargetRingId%20EQUALS%20('170'%2C'188'%2C'190'%2C'191'%2C'192'%2C'193')%20WHERE%20(1%3A2%2C2%3A2%2C3%3A2%2C4%3A2%2C5%3A2))&#xD;
                    -&gt; 11/2/2021 9:36:12 AM - ERROR - Error during Custom list
                    deleting: System.Exception: Database query returns zero results&#xD;
                    -&gt; at
                    DashworksTestAutomation.Helpers.DatabaseHelper.ExecuteReader(String
                    query, Int32 columnIndex) in
                    C:\automaster\_work\3\s\DashworksTestAutomationCore\Helpers\DatabaseHelper.cs:line
                    59&#xD;
                    -&gt; at
                    DashworksTestAutomation.Steps.Dashworks.CustomList.AfterScenario.RemoveCustomListMethods.RemoveUserLists()
                    in
                    C:\automaster\_work\3\s\DashworksTestAutomationCore\Steps\Dashworks\CustomList\AfterScenario\RemoveCustomListMethods.cs:line
                    33&#xD;
                    -&gt; 11/2/2021 9:36:12 AM - ERROR - Error during Custom list
                    deleting: System.Exception: Database query returns zero results&#xD;
                    -&gt; at
                    DashworksTestAutomation.Helpers.DatabaseHelper.ExecuteReader(String
                    query, Int32 columnIndex) in
                    C:\automaster\_work\3\s\DashworksTestAutomationCore\Helpers\DatabaseHelper.cs:line
                    59&#xD;
                    -&gt; at
                    DashworksTestAutomation.Steps.Dashworks.CustomList.AfterScenario.RemoveCustomListMethods.RemoveUserLists()
                    in
                    C:\automaster\_work\3\s\DashworksTestAutomationCore\Steps\Dashworks\CustomList\AfterScenario\RemoveCustomListMethods.cs:line
                    33&#xD;
                    -&gt; 11/2/2021 9:36:15 AM - INFO - TEST FINISHED:
                    EvergreenJnr_Planning_CheckThatClickthroughsHaveSameValueInOpenedFilteredListIfMinimumDevicesPerAppGreaterThanOne
                </StdOut>
                <StdErr>Incorrect rows count&#xD;
                    Expected: "86 rows", ignoring case&#xD;
                    But was: "96 rows"&#xD;
                    System.Exception: Incorrect rows count&#xD;
                    Expected: "86 rows", ignoring case&#xD;
                    But was: "96 rows"&#xD;
                    at AutomationUtils.Utils.Verify.That[TActual](TActual actual,
                    IResolveConstraint expression, String message, Object[] args)&#xD;
                    at AutomationUtils.Utils.Verify.AreEqualIgnoringCase(String
                    expected, String actual, String message, Object[] args)&#xD;
                    at
                    DashworksTestAutomation.Steps.Dashworks.ItemDetailsPage.EvergreenJnr_BaseTable.ThenCounterNumberIsEqualsToValueThatWasRememberedInStaticTable()
                    in
                    C:\automaster\_work\3\s\DashworksTestAutomationCore\Steps\Dashworks\ItemDetailsPage\EvergreenJnr_BaseTable.cs:line
                    293&#xD;
                    at TechTalk.SpecFlow.Bindings.BindingInvoker.InvokeBinding(IBinding
                    binding, IContextManager contextManager, Object[] arguments,
                    ITestTracer testTracer, TimeSpan&amp; duration) in
                    D:\a\1\s\TechTalk.SpecFlow\Bindings\BindingInvoker.cs:line 88&#xD;
                    at
                    TechTalk.SpecRun.SpecFlowPlugin.Runtime.RunnerTestExecutionEngine.ExecuteStepMatch(BindingMatch
                    match, Object[] arguments, TimeSpan&amp; duration)&#xD;
                    at
                    TechTalk.SpecFlow.Infrastructure.TestExecutionEngine.ExecuteStep(IContextManager
                    contextManager, StepInstance stepInstance) in
                    D:\a\1\s\TechTalk.SpecFlow\Infrastructure\TestExecutionEngine.cs:line
                    496&#xD;
                    at
                    TechTalk.SpecFlow.Infrastructure.TestExecutionEngine.OnAfterLastStep()
                    in
                    D:\a\1\s\TechTalk.SpecFlow\Infrastructure\TestExecutionEngine.cs:line
                    268&#xD;
                    at
                    TechTalk.SpecRun.SpecFlowPlugin.Runtime.RunnerTestExecutionEngine.OnAfterLastStep()&#xD;
                    at TechTalk.SpecFlow.TestRunner.CollectScenarioErrors() in
                    D:\a\1\s\TechTalk.SpecFlow\TestRunner.cs:line 60&#xD;
                    at
                    DashworksTestAutomationCore.Tests.EvergreenJnr.EvergreenJnr_Planning.Planning_RingScoping_Part17Feature.ScenarioCleanup()&#xD;
                    at
                    DashworksTestAutomationCore.Tests.EvergreenJnr.EvergreenJnr_Planning.Planning_RingScoping_Part17Feature.EvergreenJnr_Planning_CheckThatClickthroughsHaveSameValueInOpenedFilteredListIfMinimumDevicesPerAppGreaterThanOne()
                    in
                    C:\automaster\_work\3\s\DashworksTestAutomationCore\Tests\EvergreenJnr\EvergreenJnr_Planning\Planning_RingScoping_Part17.feature:line
                    108&#xD;
                    at
                    TechTalk.SpecRun.Framework.TaskExecutors.StaticOrInstanceMethodExecutor.ExecuteInternal(ITestThreadExecutionContext
                    testThreadExecutionContext)&#xD;
                    at
                    TechTalk.SpecRun.Framework.TaskExecutors.StaticOrInstanceMethodExecutor.Execute(ITestThreadExecutionContext
                    testThreadExecutionContext)&#xD;
                    at TechTalk.SpecRun.Framework.TestNodeTask.Execute()
                </StdErr>
                <ErrorInfo>
                    <Message>Incorrect rows count&#xD;
                        Expected: "86 rows", ignoring case&#xD;
                        But was: "96 rows"
                    </Message>
                    <StackTrace>System.Exception: Incorrect rows count&#xD;
                        Expected: "86 rows", ignoring case&#xD;
                        But was: "96 rows"&#xD;
                        at AutomationUtils.Utils.Verify.That[TActual](TActual actual,
                        IResolveConstraint expression, String message, Object[] args)&#xD;
                        at AutomationUtils.Utils.Verify.AreEqualIgnoringCase(String
                        expected, String actual, String message, Object[] args)&#xD;
                        at
                        DashworksTestAutomation.Steps.Dashworks.ItemDetailsPage.EvergreenJnr_BaseTable.ThenCounterNumberIsEqualsToValueThatWasRememberedInStaticTable()
                        in
                        C:\automaster\_work\3\s\DashworksTestAutomationCore\Steps\Dashworks\ItemDetailsPage\EvergreenJnr_BaseTable.cs:line
                        293&#xD;
                        at
                        TechTalk.SpecFlow.Bindings.BindingInvoker.InvokeBinding(IBinding
                        binding, IContextManager contextManager, Object[] arguments,
                        ITestTracer testTracer, TimeSpan&amp; duration) in
                        D:\a\1\s\TechTalk.SpecFlow\Bindings\BindingInvoker.cs:line 88&#xD;
                        at
                        TechTalk.SpecRun.SpecFlowPlugin.Runtime.RunnerTestExecutionEngine.ExecuteStepMatch(BindingMatch
                        match, Object[] arguments, TimeSpan&amp; duration)&#xD;
                        at
                        TechTalk.SpecFlow.Infrastructure.TestExecutionEngine.ExecuteStep(IContextManager
                        contextManager, StepInstance stepInstance) in
                        D:\a\1\s\TechTalk.SpecFlow\Infrastructure\TestExecutionEngine.cs:line
                        496&#xD;
                        at
                        TechTalk.SpecFlow.Infrastructure.TestExecutionEngine.OnAfterLastStep()
                        in
                        D:\a\1\s\TechTalk.SpecFlow\Infrastructure\TestExecutionEngine.cs:line
                        268&#xD;
                        at
                        TechTalk.SpecRun.SpecFlowPlugin.Runtime.RunnerTestExecutionEngine.OnAfterLastStep()&#xD;
                        at TechTalk.SpecFlow.TestRunner.CollectScenarioErrors() in
                        D:\a\1\s\TechTalk.SpecFlow\TestRunner.cs:line 60&#xD;
                        at
                        DashworksTestAutomationCore.Tests.EvergreenJnr.EvergreenJnr_Planning.Planning_RingScoping_Part17Feature.ScenarioCleanup()&#xD;
                        at
                        DashworksTestAutomationCore.Tests.EvergreenJnr.EvergreenJnr_Planning.Planning_RingScoping_Part17Feature.EvergreenJnr_Planning_CheckThatClickthroughsHaveSameValueInOpenedFilteredListIfMinimumDevicesPerAppGreaterThanOne()
                        in
                        C:\automaster\_work\3\s\DashworksTestAutomationCore\Tests\EvergreenJnr\EvergreenJnr_Planning\Planning_RingScoping_Part17.feature:line
                        108&#xD;
                        at
                        TechTalk.SpecRun.Framework.TaskExecutors.StaticOrInstanceMethodExecutor.ExecuteInternal(ITestThreadExecutionContext
                        testThreadExecutionContext)&#xD;
                        at
                        TechTalk.SpecRun.Framework.TaskExecutors.StaticOrInstanceMethodExecutor.Execute(ITestThreadExecutionContext
                        testThreadExecutionContext)&#xD;
                        at TechTalk.SpecRun.Framework.TestNodeTask.Execute()
                    </StackTrace>
                </ErrorInfo>
            </Output>
        </UnitTestResult>
        <UnitTestResult executionId="4ace003f-a5aa-4a42-8dc2-97fd6c901e66"
                        testId="ae54743a-29a4-fa65-b3bf-c0e77a45e235"
                        testName="EvergreenJnr_Planning_CheckThatTheUpdateAndRedistributeButtonIsEnabledWhenUserChangesTheCoverageDDLOptions"
                        computerName="automaster" duration="00:01:34.2051719"
                        startTime="2021-11-02T09:31:56.6226252+00:00"
                        endTime="2021-11-02T09:33:30.8277971+00:00"
                        testType="13cdc9d9-ddb5-4fa4-a97d-d965ccfc6d4b" outcome="Passed"
                        testListId="8c84fa94-04c1-424b-9868-57a2d4851a1d"
                        relativeResultsDirectory="4ace003f-a5aa-4a42-8dc2-97fd6c901e66">
            <Output>
                <StdOut>-&gt; 11/2/2021 9:31:56 AM - INFO - TEST STARTED:
                    EvergreenJnr_Planning_CheckThatTheUpdateAndRedistributeButtonIsEnabledWhenUserChangesTheCoverageDDLOptions&#xD;
                    &#xD;
                    Given User is logged in to the Evergreen&#xD;
                    -&gt; Navigating to the https://automaster.internal.juriba.com/&#xD;
                    -&gt; Navigating to the
                    https://automaster.internal.juriba.com/evergreen/&#xD;
                    -&gt; done: EvergreenJnr_Login.GivenUserIsLoggedInToTheEvergreen()
                    (2.2s)&#xD;
                    &#xD;
                    When Project created via API&#xD;
                    --- table step argument ---&#xD;
                    | ProjectName | Scope | ProjectTemplate | Mode |&#xD;
                    | 1_28783DAS_Project | All Devices | None | Standalone Project |&#xD;
                    -&gt; done: ProjectApiSteps.WhenUserCreateNewProjectViaApi(&lt;table&gt;)
                    (0.1s)&#xD;
                    &#xD;
                    When User creates new Ring via api&#xD;
                    --- table step argument ---&#xD;
                    | Name | Description | IsDefault | Project |&#xD;
                    | 1_28783DAS_Ring | 1_28783DAS_Desc | false | 1_28783DAS_Project |&#xD;
                    | 2_28783DAS_Ring | 2_28783DAS_Desc | false | 1_28783DAS_Project |&#xD;
                    -&gt; done: CreateRingViaApi.WhenUserCreatesNewRingViaApi(&lt;table&gt;)
                    (1.2s)&#xD;
                    &#xD;
                    When User onboards objects to '1_28783DAS_Project' project&#xD;
                    --- table step argument ---&#xD;
                    | DeviceObjects |&#xD;
                    | 00BDM1JUR8IF419 |&#xD;
                    | 011PLA470S0B9DJ |&#xD;
                    -&gt; done:
                    OnboardObjects.WhenUserOnboardsObjectsToTheProject("1_28783DAS_Project",
                    &lt;table&gt;) (45.8s)&#xD;
                    &#xD;
                    When User clicks 'Planning' on the left-hand menu&#xD;
                    -&gt; done:
                    EvergreenJnr_LeftHandMenuNavigation.WhenUserClicksOnTheLeft_HandMenu("Planning")
                    (1.7s)&#xD;
                    &#xD;
                    When User enters '1_28783DAS_Project' text in the Search field for
                    'Project' column&#xD;
                    -&gt; done:
                    EvergreenJnr_BaseGrid.WhenUserEntersTextInTheSearchFieldForColumn("1_28783DAS_Project",
                    "Project") (4.9s)&#xD;
                    &#xD;
                    When User clicks on '1_28783DAS_Project' cell from 'Project' column&#xD;
                    -&gt; done:
                    EvergreenJnr_BaseGrid.WhenUserClicksOnCellFromColumn("1_28783DAS_Project",
                    "Project") (7.3s)&#xD;
                    &#xD;
                    When User navigates to the 'Scoping Parameters' left submenu item&#xD;
                    -&gt; done:
                    EvergreenJnr_LeftMenuNavigation.WhenUserNavigatesToTheParentLeftSubmenuItem("Scoping
                    Parameters") (1.7s)&#xD;
                    &#xD;
                    When User selects 'Spread evenly between rings without coverage
                    targets' in the 'Devices that are not needed to hit coverage
                    targets' dropdown&#xD;
                    -&gt; done: DropdownSteps.WhenUserSelectsInTheDropdown("Spread
                    evenly bet...", "Devices that are ...") (1.2s)&#xD;
                    &#xD;
                    Then 'Update And Redistribute' button is not disabled&#xD;
                    -&gt; done: ButtonSteps.ThenButtonIsNotDisabled("Update And
                    Redist...") (1.5s)&#xD;
                    &#xD;
                    When User selects 'Spread evenly between all rings' in the 'Devices
                    that are not needed to hit coverage targets' dropdown&#xD;
                    -&gt; done: DropdownSteps.WhenUserSelectsInTheDropdown("Spread
                    evenly bet...", "Devices that are ...") (0.7s)&#xD;
                    &#xD;
                    Then 'Update And Redistribute' button is not disabled&#xD;
                    -&gt; done: ButtonSteps.ThenButtonIsNotDisabled("Update And
                    Redist...") (1.5s)&#xD;
                    &#xD;
                    When User clicks 'Update And Redistribute' button&#xD;
                    -&gt; done: ButtonSteps.WhenUserClicksButton("Update And Redist...")
                    (0.1s)&#xD;
                    &#xD;
                    Then grid content is present&#xD;
                    -&gt; done: EvergreenJnr_BaseGrid.ThenGridContentIsPresent() (3.0s)&#xD;
                    &#xD;
                    When User clicks 'Commit Changes Without Preview' button&#xD;
                    -&gt; done: ButtonSteps.WhenUserClicksButton("Commit Changes Wi...")
                    (0.1s)&#xD;
                    &#xD;
                    When User waits for '10' seconds&#xD;
                    -&gt; done: BaseActions.WhenUserWaitsForSeconds(10) (10.0s)&#xD;
                    &#xD;
                    When User clicks 'Redistribute' button once enabled&#xD;
                    -&gt; done:
                    ButtonSteps.WhenUserClicksButtonOnceEnabled("Redistribute") (0.6s)&#xD;
                    &#xD;
                    Then 'Your configuration is already optimal' message is displayed on
                    empty grid&#xD;
                    -&gt; done:
                    EvergreenJnr_BaseGrid.ThenMessageIsDisplayedOnEmptyGrid("Your
                    configuratio...") (1.6s)&#xD;
                    &#xD;
                    &#xD;
                    -&gt; Test status is 'Passed'&#xD;
                    -&gt; TEST STATUS WAS POSTED:
                    EvergreenJnr_Planning_CheckThatTheUpdateAndRedistributeButtonIsEnabledWhenUserChangesTheCoverageDDLOptions&#xD;
                    -&gt; Test finished on:
                    https://automaster.internal.juriba.com/evergreen/#/planning/ringscoping/statistics?$projectId=140&#xD;
                    -&gt; 11/2/2021 9:33:27 AM - ERROR - Error during Custom list
                    deleting: System.Exception: Database query returns zero results&#xD;
                    -&gt; at
                    DashworksTestAutomation.Helpers.DatabaseHelper.ExecuteReader(String
                    query, Int32 columnIndex) in
                    C:\automaster\_work\3\s\DashworksTestAutomationCore\Helpers\DatabaseHelper.cs:line
                    59&#xD;
                    -&gt; at
                    DashworksTestAutomation.Steps.Dashworks.CustomList.AfterScenario.RemoveCustomListMethods.RemoveUserLists()
                    in
                    C:\automaster\_work\3\s\DashworksTestAutomationCore\Steps\Dashworks\CustomList\AfterScenario\RemoveCustomListMethods.cs:line
                    33&#xD;
                    -&gt; 11/2/2021 9:33:27 AM - ERROR - Error during Custom list
                    deleting: System.Exception: Database query returns zero results&#xD;
                    -&gt; at
                    DashworksTestAutomation.Helpers.DatabaseHelper.ExecuteReader(String
                    query, Int32 columnIndex) in
                    C:\automaster\_work\3\s\DashworksTestAutomationCore\Helpers\DatabaseHelper.cs:line
                    59&#xD;
                    -&gt; at
                    DashworksTestAutomation.Steps.Dashworks.CustomList.AfterScenario.RemoveCustomListMethods.RemoveUserLists()
                    in
                    C:\automaster\_work\3\s\DashworksTestAutomationCore\Steps\Dashworks\CustomList\AfterScenario\RemoveCustomListMethods.cs:line
                    33&#xD;
                    -&gt; 11/2/2021 9:33:27 AM - INFO - The '1_28783DAS_Project' project
                    with '140' id has been deleted&#xD;
                    -&gt; 11/2/2021 9:33:30 AM - INFO - TEST FINISHED:
                    EvergreenJnr_Planning_CheckThatTheUpdateAndRedistributeButtonIsEnabledWhenUserChangesTheCoverageDDLOptions
                </StdOut>
            </Output>
        </UnitTestResult>
        <UnitTestResult executionId="54680b65-cdfe-48fe-b1a9-cb57c90e350a"
                        testId="32cb84b5-db21-fa05-6a2d-a8f5fcd736aa"
                        testName="EvergreenJnr_Planning_CheckThatHighchartIsRelatedToRoghtChartCategory"
                        computerName="automaster" duration="00:02:26.4249841"
                        startTime="2021-11-02T09:30:29.3123063+00:00"
                        endTime="2021-11-02T09:32:55.7372904+00:00"
                        testType="13cdc9d9-ddb5-4fa4-a97d-d965ccfc6d4b" outcome="Passed"
                        testListId="8c84fa94-04c1-424b-9868-57a2d4851a1d"
                        relativeResultsDirectory="54680b65-cdfe-48fe-b1a9-cb57c90e350a">
            <Output>
                <StdOut>-&gt; -&gt; Loading plugin
                    C:\automaster\_work\3\s\DashworksTestAutomationCore\bin\Debug\netcoreapp3.1\DashworksTestAutomationCore.dll&#xD;
                    -&gt; -&gt; Missing [assembly:RuntimePlugin] attribute in
                    DashworksTestAutomationCore, Version=1.0.0.0, Culture=neutral,
                    PublicKeyToken=null. Please check
                    https://go.specflow.org/doc-plugins for details.&#xD;
                    -&gt; -&gt; Loading plugin
                    C:\automaster\_work\3\s\DashworksTestAutomationCore\bin\Debug\netcoreapp3.1\SpecRun.Runtime.SpecFlowPlugin.dll&#xD;
                    -&gt; -&gt; Using default config&#xD;
                    &#xD;
                    &#xD;
                    -&gt; 11/2/2021 9:30:30 AM - INFO - TEST STARTED:
                    EvergreenJnr_Planning_CheckThatHighchartIsRelatedToRoghtChartCategory&#xD;
                    &#xD;
                    Given User is logged in to the Evergreen&#xD;
                    -&gt; 11/2/2021 9:30:43 AM - INFO - Graph Client provide switched to
                    '01HV72ABXDFGMZR3LO5RB3ZCZZG3PT4XM5'&#xD;
                    -&gt; Navigating to the https://automaster.internal.juriba.com/&#xD;
                    -&gt; Navigating to the
                    https://automaster.internal.juriba.com/evergreen/&#xD;
                    -&gt; done: EvergreenJnr_Login.GivenUserIsLoggedInToTheEvergreen()
                    (6.2s)&#xD;
                    &#xD;
                    When Project created via API&#xD;
                    --- table step argument ---&#xD;
                    | ProjectName | Scope | ProjectTemplate | Mode |&#xD;
                    | 1_26881DAS_Project | All Devices | None | Standalone Project |&#xD;
                    -&gt; done: ProjectApiSteps.WhenUserCreateNewProjectViaApi(&lt;table&gt;)
                    (4.2s)&#xD;
                    &#xD;
                    When User creates new Ring via api&#xD;
                    --- table step argument ---&#xD;
                    | Name | Description | IsDefault | Project |&#xD;
                    | 1_26881DAS_Ring | 1_26881DAS_Desc | false | 1_26881DAS_Project |&#xD;
                    | 2_26881DAS_Ring | 1_26881DAS_Desc | false | 1_26881DAS_Project |&#xD;
                    | 3_26881DAS_Ring | 1_26881DAS_Desc | false | 1_26881DAS_Project |&#xD;
                    | 4_26881DAS_Ring | 1_26881DAS_Desc | false | 1_26881DAS_Project |&#xD;
                    | 5_26881DAS_Ring | 1_26881DAS_Desc | false | 1_26881DAS_Project |&#xD;
                    -&gt; done: CreateRingViaApi.WhenUserCreatesNewRingViaApi(&lt;table&gt;)
                    (20.4s)&#xD;
                    &#xD;
                    When User onboards objects to '1_26881DAS_Project' project&#xD;
                    --- table step argument ---&#xD;
                    | DeviceObjects |&#xD;
                    | 00BDM1JUR8IF419 |&#xD;
                    | 00K4CEEQ737BA4L |&#xD;
                    | 011PLA470S0B9DJ |&#xD;
                    | 019BFPQGKK5QT8N |&#xD;
                    | 01BQIYGGUW5PRP6 |&#xD;
                    | 01COJATLYVAR7A6 |&#xD;
                    -&gt; done:
                    OnboardObjects.WhenUserOnboardsObjectsToTheProject("1_26881DAS_Project",
                    &lt;table&gt;) (59.5s)&#xD;
                    &#xD;
                    When User navigates to 'Scoping Parameters' page of
                    '1_26881DAS_Project' Ring scoping project&#xD;
                    -&gt; done:
                    EvergreenJnr_RingScopingPage.WhenUserNavigatesToPageOfRingScopingProject("Scoping
                    Parameters", "1_26881DAS_Project") (5.2s)&#xD;
                    &#xD;
                    When User sets value to '1' for 'Minimum Number of Devices' column
                    and '1_26881DAS_Ring' row in 'Minimum and Maximum Number of Devices'
                    table&#xD;
                    -&gt; done:
                    EvergreenJnr_BaseTable.WhenUserSetValueToForColumnAndRowInTable("1",
                    "Minimum Number of...", "1_26881DAS_Ring", "Minimum and Maxim...")
                    (1.9s)&#xD;
                    &#xD;
                    When User sets value to '1' for 'Minimum Number of Devices' column
                    and '2_26881DAS_Ring' row in 'Minimum and Maximum Number of Devices'
                    table&#xD;
                    -&gt; done:
                    EvergreenJnr_BaseTable.WhenUserSetValueToForColumnAndRowInTable("1",
                    "Minimum Number of...", "2_26881DAS_Ring", "Minimum and Maxim...")
                    (1.8s)&#xD;
                    &#xD;
                    When User sets value to '1' for 'Minimum Number of Devices' column
                    and '3_26881DAS_Ring' row in 'Minimum and Maximum Number of Devices'
                    table&#xD;
                    -&gt; done:
                    EvergreenJnr_BaseTable.WhenUserSetValueToForColumnAndRowInTable("1",
                    "Minimum Number of...", "3_26881DAS_Ring", "Minimum and Maxim...")
                    (1.9s)&#xD;
                    &#xD;
                    When User sets value to '1' for 'Minimum Number of Devices' column
                    and '4_26881DAS_Ring' row in 'Minimum and Maximum Number of Devices'
                    table&#xD;
                    -&gt; done:
                    EvergreenJnr_BaseTable.WhenUserSetValueToForColumnAndRowInTable("1",
                    "Minimum Number of...", "4_26881DAS_Ring", "Minimum and Maxim...")
                    (1.8s)&#xD;
                    &#xD;
                    When User sets value to '1' for 'Minimum Number of Devices' column
                    and '5_26881DAS_Ring' row in 'Minimum and Maximum Number of Devices'
                    table&#xD;
                    -&gt; done:
                    EvergreenJnr_BaseTable.WhenUserSetValueToForColumnAndRowInTable("1",
                    "Minimum Number of...", "5_26881DAS_Ring", "Minimum and Maxim...")
                    (1.8s)&#xD;
                    &#xD;
                    When User clicks 'Update And Redistribute' button&#xD;
                    -&gt; done: ButtonSteps.WhenUserClicksButton("Update And Redist...")
                    (0.8s)&#xD;
                    &#xD;
                    When User clicks 'Commit Changes Without Preview' button&#xD;
                    -&gt; done: ButtonSteps.WhenUserClicksButton("Commit Changes Wi...")
                    (1.2s)&#xD;
                    &#xD;
                    Then table is displayed&#xD;
                    -&gt; done: EvergreenJnr_BaseTable.ThenTableIsDisplayed() (11.0s)&#xD;
                    &#xD;
                    Then Highchart that relates to '1_26881DAS_Ring' category is
                    displayed in 'Devices by Ring' bar chart&#xD;
                    -&gt; done:
                    EvergreenJnr_RingScopingPage.ThenHighchartThatRelatesToCategoryIsDisplayedInBarChart("1_26881DAS_Ring",
                    "Devices by Ring") (1.8s)&#xD;
                    &#xD;
                    Then Highchart that relates to '2_26881DAS_Ring' category is
                    displayed in 'Devices by Ring' bar chart&#xD;
                    -&gt; done:
                    EvergreenJnr_RingScopingPage.ThenHighchartThatRelatesToCategoryIsDisplayedInBarChart("2_26881DAS_Ring",
                    "Devices by Ring") (1.8s)&#xD;
                    &#xD;
                    Then Highchart that relates to '3_26881DAS_Ring' category is
                    displayed in 'Devices by Ring' bar chart&#xD;
                    -&gt; done:
                    EvergreenJnr_RingScopingPage.ThenHighchartThatRelatesToCategoryIsDisplayedInBarChart("3_26881DAS_Ring",
                    "Devices by Ring") (1.8s)&#xD;
                    &#xD;
                    Then Highchart that relates to '4_26881DAS_Ring' category is
                    displayed in 'Devices by Ring' bar chart&#xD;
                    -&gt; done:
                    EvergreenJnr_RingScopingPage.ThenHighchartThatRelatesToCategoryIsDisplayedInBarChart("4_26881DAS_Ring",
                    "Devices by Ring") (1.8s)&#xD;
                    &#xD;
                    Then Highchart that relates to '5_26881DAS_Ring' category is
                    displayed in 'Devices by Ring' bar chart&#xD;
                    -&gt; done:
                    EvergreenJnr_RingScopingPage.ThenHighchartThatRelatesToCategoryIsDisplayedInBarChart("5_26881DAS_Ring",
                    "Devices by Ring") (1.8s)&#xD;
                    &#xD;
                    &#xD;
                    -&gt; Test status is 'Passed'&#xD;
                    -&gt; TEST STATUS WAS POSTED:
                    EvergreenJnr_Planning_CheckThatHighchartIsRelatedToRoghtChartCategory&#xD;
                    -&gt; Test finished on:
                    https://automaster.internal.juriba.com/evergreen/#/planning/ringscoping/statistics?$projectId=128&#xD;
                    -&gt; 11/2/2021 9:32:51 AM - ERROR - Error during Custom list
                    deleting: System.Exception: Database query returns zero results&#xD;
                    -&gt; at
                    DashworksTestAutomation.Helpers.DatabaseHelper.ExecuteReader(String
                    query, Int32 columnIndex) in
                    C:\automaster\_work\3\s\DashworksTestAutomationCore\Helpers\DatabaseHelper.cs:line
                    59&#xD;
                    -&gt; at
                    DashworksTestAutomation.Steps.Dashworks.CustomList.AfterScenario.RemoveCustomListMethods.RemoveUserLists()
                    in
                    C:\automaster\_work\3\s\DashworksTestAutomationCore\Steps\Dashworks\CustomList\AfterScenario\RemoveCustomListMethods.cs:line
                    33&#xD;
                    -&gt; 11/2/2021 9:32:51 AM - ERROR - Error during Custom list
                    deleting: System.Exception: Database query returns zero results&#xD;
                    -&gt; at
                    DashworksTestAutomation.Helpers.DatabaseHelper.ExecuteReader(String
                    query, Int32 columnIndex) in
                    C:\automaster\_work\3\s\DashworksTestAutomationCore\Helpers\DatabaseHelper.cs:line
                    59&#xD;
                    -&gt; at
                    DashworksTestAutomation.Steps.Dashworks.CustomList.AfterScenario.RemoveCustomListMethods.RemoveUserLists()
                    in
                    C:\automaster\_work\3\s\DashworksTestAutomationCore\Steps\Dashworks\CustomList\AfterScenario\RemoveCustomListMethods.cs:line
                    33&#xD;
                    -&gt; 11/2/2021 9:32:51 AM - INFO - The '1_26881DAS_Project' project
                    with '128' id has been deleted&#xD;
                    -&gt; 11/2/2021 9:32:55 AM - INFO - TEST FINISHED:
                    EvergreenJnr_Planning_CheckThatHighchartIsRelatedToRoghtChartCategory
                </StdOut>
            </Output>
        </UnitTestResult>
        <UnitTestResult executionId="d0449e78-4368-4ca8-90fb-0e3258f4555c"
                        testId="0fdc94a1-26e8-9564-1298-170f985dbd9a"
                        testName="EvergreenJnr_Planning_CheckThatOnlyOptimalConfigurationMessageAndCloseButtonAreDisplayed"
                        computerName="automaster" duration="00:01:40.5918983"
                        startTime="2021-11-02T09:33:39.9154886+00:00"
                        endTime="2021-11-02T09:35:20.5073869+00:00"
                        testType="13cdc9d9-ddb5-4fa4-a97d-d965ccfc6d4b" outcome="Failed"
                        testListId="8c84fa94-04c1-424b-9868-57a2d4851a1d"
                        relativeResultsDirectory="d0449e78-4368-4ca8-90fb-0e3258f4555c">
            <Output>
                <StdOut>-&gt; 11/2/2021 9:33:39 AM - INFO - TEST STARTED:
                    EvergreenJnr_Planning_CheckThatOnlyOptimalConfigurationMessageAndCloseButtonAreDisplayed&#xD;
                    &#xD;
                    Given User is logged in to the Evergreen&#xD;
                    -&gt; Navigating to the https://automaster.internal.juriba.com/&#xD;
                    -&gt; Navigating to the
                    https://automaster.internal.juriba.com/evergreen/&#xD;
                    -&gt; done: EvergreenJnr_Login.GivenUserIsLoggedInToTheEvergreen()
                    (2.5s)&#xD;
                    &#xD;
                    When Project created via API&#xD;
                    --- table step argument ---&#xD;
                    | ProjectName | Scope | ProjectTemplate | Mode |&#xD;
                    | 1_24424DAS_Project | All Devices | None | Standalone Project |&#xD;
                    -&gt; done: ProjectApiSteps.WhenUserCreateNewProjectViaApi(&lt;table&gt;)
                    (0.1s)&#xD;
                    &#xD;
                    When User creates new Ring via api&#xD;
                    --- table step argument ---&#xD;
                    | Name | Description | IsDefault | Project |&#xD;
                    | 1_24424DAS_Ring | 1_24424DAS_Desc | false | 1_24424DAS_Project |&#xD;
                    -&gt; done: CreateRingViaApi.WhenUserCreatesNewRingViaApi(&lt;table&gt;)
                    (0.3s)&#xD;
                    &#xD;
                    When User onboards objects to '1_24424DAS_Project' project&#xD;
                    --- table step argument ---&#xD;
                    | DeviceObjects |&#xD;
                    | 00BDM1JUR8IF419 |&#xD;
                    | 00K4CEEQ737BA4L |&#xD;
                    | 011PLA470S0B9DJ |&#xD;
                    -&gt; done:
                    OnboardObjects.WhenUserOnboardsObjectsToTheProject("1_24424DAS_Project",
                    &lt;table&gt;) (53.4s)&#xD;
                    &#xD;
                    When User clicks 'Planning' on the left-hand menu&#xD;
                    -&gt; done:
                    EvergreenJnr_LeftHandMenuNavigation.WhenUserClicksOnTheLeft_HandMenu("Planning")
                    (1.6s)&#xD;
                    &#xD;
                    When User enters '1_24424DAS_Project' text in the Search field for
                    'Project' column&#xD;
                    -&gt; done:
                    EvergreenJnr_BaseGrid.WhenUserEntersTextInTheSearchFieldForColumn("1_24424DAS_Project",
                    "Project") (3.7s)&#xD;
                    &#xD;
                    When User clicks on '1_24424DAS_Project' cell from 'Project' column&#xD;
                    -&gt; done:
                    EvergreenJnr_BaseGrid.WhenUserClicksOnCellFromColumn("1_24424DAS_Project",
                    "Project") (7.2s)&#xD;
                    &#xD;
                    When User navigates to the 'Scoping Parameters' left submenu item&#xD;
                    -&gt; done:
                    EvergreenJnr_LeftMenuNavigation.WhenUserNavigatesToTheParentLeftSubmenuItem("Scoping
                    Parameters") (1.7s)&#xD;
                    &#xD;
                    When User sets value to '3' for 'Minimum Number of Devices' column
                    and '1_24424DAS_Ring' row in 'Minimum and Maximum Number of Devices'
                    table&#xD;
                    -&gt; done:
                    EvergreenJnr_BaseTable.WhenUserSetValueToForColumnAndRowInTable("3",
                    "Minimum Number of...", "1_24424DAS_Ring", "Minimum and Maxim...")
                    (2.6s)&#xD;
                    &#xD;
                    When User clicks 'Update And Redistribute' button&#xD;
                    -&gt; done: ButtonSteps.WhenUserClicksButton("Update And Redist...")
                    (0.2s)&#xD;
                    &#xD;
                    Then 'Your configuration is already optimal' message is displayed on
                    empty grid&#xD;
                    -&gt; done:
                    EvergreenJnr_BaseGrid.ThenMessageIsDisplayedOnEmptyGrid("Your
                    configuratio...") (2.6s)&#xD;
                    &#xD;
                    Then 'Close' button is not disabled&#xD;
                    -&gt; error: Element with 'By.XPath:
                    (.//button[contains(@class,'automationClass-button-Close')] |
                    .//mat-icon[contains(@class,'automationClass-button-Close')] |
                    .//button[contains(@class,'automationClass-icon-Close')]) |
                    .//mat-datepicker-toggle[contains(@class,'automationClass-mat-datepicker-toggle-Close')]'
                    selector was not changed Display condition to 'True' after 15
                    seconds (16.7s)&#xD;
                    &#xD;
                    Then 'Commit Changes Without Preview' button is not displayed&#xD;
                    -&gt; skipped because of previous errors&#xD;
                    &#xD;
                    Then 'Back' button is not displayed&#xD;
                    -&gt; skipped because of previous errors&#xD;
                    &#xD;
                    &#xD;
                    -&gt; Test status is 'Failed'&#xD;
                    -&gt; Check screenshot by following path:
                    c:\Screenshots\EvergreenJnr_Planning_CheckThatOnlyOptimalConfigurationMessageAndCloseButtonAreDisplayed_2021_11_02_09_35_16.png&#xD;
                    -&gt; TEST STATUS WAS POSTED:
                    EvergreenJnr_Planning_CheckThatOnlyOptimalConfigurationMessageAndCloseButtonAreDisplayed&#xD;
                    -&gt; Test finished on:
                    https://automaster.internal.juriba.com/evergreen/#/planning/ringscoping/scopingParameters?$projectId=157&#xD;
                    -&gt; 11/2/2021 9:35:16 AM - ERROR - Error during Custom list
                    deleting: System.Exception: Database query returns zero results&#xD;
                    -&gt; at
                    DashworksTestAutomation.Helpers.DatabaseHelper.ExecuteReader(String
                    query, Int32 columnIndex) in
                    C:\automaster\_work\3\s\DashworksTestAutomationCore\Helpers\DatabaseHelper.cs:line
                    59&#xD;
                    -&gt; at
                    DashworksTestAutomation.Steps.Dashworks.CustomList.AfterScenario.RemoveCustomListMethods.RemoveUserLists()
                    in
                    C:\automaster\_work\3\s\DashworksTestAutomationCore\Steps\Dashworks\CustomList\AfterScenario\RemoveCustomListMethods.cs:line
                    33&#xD;
                    -&gt; 11/2/2021 9:35:16 AM - ERROR - Error during Custom list
                    deleting: System.Exception: Database query returns zero results&#xD;
                    -&gt; at
                    DashworksTestAutomation.Helpers.DatabaseHelper.ExecuteReader(String
                    query, Int32 columnIndex) in
                    C:\automaster\_work\3\s\DashworksTestAutomationCore\Helpers\DatabaseHelper.cs:line
                    59&#xD;
                    -&gt; at
                    DashworksTestAutomation.Steps.Dashworks.CustomList.AfterScenario.RemoveCustomListMethods.RemoveUserLists()
                    in
                    C:\automaster\_work\3\s\DashworksTestAutomationCore\Steps\Dashworks\CustomList\AfterScenario\RemoveCustomListMethods.cs:line
                    33&#xD;
                    -&gt; 11/2/2021 9:35:16 AM - INFO - The '1_24424DAS_Project' project
                    with '157' id has been deleted&#xD;
                    -&gt; 11/2/2021 9:35:20 AM - INFO - TEST FINISHED:
                    EvergreenJnr_Planning_CheckThatOnlyOptimalConfigurationMessageAndCloseButtonAreDisplayed
                </StdOut>
                <StdErr>Element with 'By.XPath:
                    (.//button[contains(@class,'automationClass-button-Close')] |
                    .//mat-icon[contains(@class,'automationClass-button-Close')] |
                    .//button[contains(@class,'automationClass-icon-Close')]) |
                    .//mat-datepicker-toggle[contains(@class,'automationClass-mat-datepicker-toggle-Close')]'
                    selector was not changed Display condition to 'True' after 15
                    seconds -&gt; Timed out after 15 seconds&#xD;
                    System.Exception: Element with 'By.XPath:
                    (.//button[contains(@class,'automationClass-button-Close')] |
                    .//mat-icon[contains(@class,'automationClass-button-Close')] |
                    .//button[contains(@class,'automationClass-icon-Close')]) |
                    .//mat-datepicker-toggle[contains(@class,'automationClass-mat-datepicker-toggle-Close')]'
                    selector was not changed Display condition to 'True' after 15
                    seconds&#xD;
                    ---&gt; OpenQA.Selenium.WebDriverTimeoutException: Timed out after
                    15 seconds&#xD;
                    at
                    OpenQA.Selenium.Support.UI.DefaultWait`1.ThrowTimeoutException(String
                    exceptionMessage, Exception lastException)&#xD;
                    at OpenQA.Selenium.Support.UI.DefaultWait`1.Until[TResult](Func`2
                    condition)&#xD;
                    at
                    AutomationUtils.Extensions.WebDriverExtensions.WaitForElementDisplayCondition(RemoteWebDriver
                    driver, By by, Boolean condition, Int32 waitSeconds)&#xD;
                    --- End of inner exception stack trace ---&#xD;
                    at
                    AutomationUtils.Extensions.WebDriverExtensions.WaitForElementDisplayCondition(RemoteWebDriver
                    driver, By by, Boolean condition, Int32 waitSeconds)&#xD;
                    at AutomationUtils.Component.BaseWebComponent.Build()&#xD;
                    at
                    AutomationUtils.Extensions.WebDriverExtensions.Component[T](RemoteWebDriver
                    driver, String identifier)&#xD;
                    at
                    AutomationUtils.Extensions.WebDriverExtensions.GetComponent[T](RemoteWebDriver
                    driver, String identifier)&#xD;
                    at
                    DashworksTestAutomationCore.Steps.Dashworks.Components.Button.ButtonSteps.ThenButtonIsNotDisabled(String
                    buttonName) in
                    C:\automaster\_work\3\s\DashworksTestAutomationCore\Steps\Dashworks\Components\Button\ButtonSteps.cs:line
                    118&#xD;
                    at TechTalk.SpecFlow.Bindings.BindingInvoker.InvokeBinding(IBinding
                    binding, IContextManager contextManager, Object[] arguments,
                    ITestTracer testTracer, TimeSpan&amp; duration) in
                    D:\a\1\s\TechTalk.SpecFlow\Bindings\BindingInvoker.cs:line 88&#xD;
                    at
                    TechTalk.SpecRun.SpecFlowPlugin.Runtime.RunnerTestExecutionEngine.ExecuteStepMatch(BindingMatch
                    match, Object[] arguments, TimeSpan&amp; duration)&#xD;
                    at
                    TechTalk.SpecFlow.Infrastructure.TestExecutionEngine.ExecuteStep(IContextManager
                    contextManager, StepInstance stepInstance) in
                    D:\a\1\s\TechTalk.SpecFlow\Infrastructure\TestExecutionEngine.cs:line
                    496&#xD;
                    at
                    TechTalk.SpecFlow.Infrastructure.TestExecutionEngine.OnAfterLastStep()
                    in
                    D:\a\1\s\TechTalk.SpecFlow\Infrastructure\TestExecutionEngine.cs:line
                    268&#xD;
                    at
                    TechTalk.SpecRun.SpecFlowPlugin.Runtime.RunnerTestExecutionEngine.OnAfterLastStep()&#xD;
                    at TechTalk.SpecFlow.TestRunner.CollectScenarioErrors() in
                    D:\a\1\s\TechTalk.SpecFlow\TestRunner.cs:line 60&#xD;
                    at
                    DashworksTestAutomationCore.Tests.EvergreenJnr.EvergreenJnr_Planning.Planning_RingScoping_Part15Feature.ScenarioCleanup()&#xD;
                    at
                    DashworksTestAutomationCore.Tests.EvergreenJnr.EvergreenJnr_Planning.Planning_RingScoping_Part15Feature.EvergreenJnr_Planning_CheckThatOnlyOptimalConfigurationMessageAndCloseButtonAreDisplayed()
                    in
                    C:\automaster\_work\3\s\DashworksTestAutomationCore\Tests\EvergreenJnr\EvergreenJnr_Planning\Planning_RingScoping_Part15.feature:line
                    55&#xD;
                    at
                    TechTalk.SpecRun.Framework.TaskExecutors.StaticOrInstanceMethodExecutor.ExecuteInternal(ITestThreadExecutionContext
                    testThreadExecutionContext)&#xD;
                    at
                    TechTalk.SpecRun.Framework.TaskExecutors.StaticOrInstanceMethodExecutor.Execute(ITestThreadExecutionContext
                    testThreadExecutionContext)&#xD;
                    at TechTalk.SpecRun.Framework.TestNodeTask.Execute()
                </StdErr>
                <ErrorInfo>
                    <Message>Element with 'By.XPath:
                        (.//button[contains(@class,'automationClass-button-Close')] |
                        .//mat-icon[contains(@class,'automationClass-button-Close')] |
                        .//button[contains(@class,'automationClass-icon-Close')]) |
                        .//mat-datepicker-toggle[contains(@class,'automationClass-mat-datepicker-toggle-Close')]'
                        selector was not changed Display condition to 'True' after 15
                        seconds -&gt; Timed out after 15 seconds
                    </Message>
                    <StackTrace>System.Exception: Element with 'By.XPath:
                        (.//button[contains(@class,'automationClass-button-Close')] |
                        .//mat-icon[contains(@class,'automationClass-button-Close')] |
                        .//button[contains(@class,'automationClass-icon-Close')]) |
                        .//mat-datepicker-toggle[contains(@class,'automationClass-mat-datepicker-toggle-Close')]'
                        selector was not changed Display condition to 'True' after 15
                        seconds&#xD;
                        ---&gt; OpenQA.Selenium.WebDriverTimeoutException: Timed out
                        after 15 seconds&#xD;
                        at
                        OpenQA.Selenium.Support.UI.DefaultWait`1.ThrowTimeoutException(String
                        exceptionMessage, Exception lastException)&#xD;
                        at
                        OpenQA.Selenium.Support.UI.DefaultWait`1.Until[TResult](Func`2
                        condition)&#xD;
                        at
                        AutomationUtils.Extensions.WebDriverExtensions.WaitForElementDisplayCondition(RemoteWebDriver
                        driver, By by, Boolean condition, Int32 waitSeconds)&#xD;
                        --- End of inner exception stack trace ---&#xD;
                        at
                        AutomationUtils.Extensions.WebDriverExtensions.WaitForElementDisplayCondition(RemoteWebDriver
                        driver, By by, Boolean condition, Int32 waitSeconds)&#xD;
                        at AutomationUtils.Component.BaseWebComponent.Build()&#xD;
                        at
                        AutomationUtils.Extensions.WebDriverExtensions.Component[T](RemoteWebDriver
                        driver, String identifier)&#xD;
                        at
                        AutomationUtils.Extensions.WebDriverExtensions.GetComponent[T](RemoteWebDriver
                        driver, String identifier)&#xD;
                        at
                        DashworksTestAutomationCore.Steps.Dashworks.Components.Button.ButtonSteps.ThenButtonIsNotDisabled(String
                        buttonName) in
                        C:\automaster\_work\3\s\DashworksTestAutomationCore\Steps\Dashworks\Components\Button\ButtonSteps.cs:line
                        118&#xD;
                        at
                        TechTalk.SpecFlow.Bindings.BindingInvoker.InvokeBinding(IBinding
                        binding, IContextManager contextManager, Object[] arguments,
                        ITestTracer testTracer, TimeSpan&amp; duration) in
                        D:\a\1\s\TechTalk.SpecFlow\Bindings\BindingInvoker.cs:line 88&#xD;
                        at
                        TechTalk.SpecRun.SpecFlowPlugin.Runtime.RunnerTestExecutionEngine.ExecuteStepMatch(BindingMatch
                        match, Object[] arguments, TimeSpan&amp; duration)&#xD;
                        at
                        TechTalk.SpecFlow.Infrastructure.TestExecutionEngine.ExecuteStep(IContextManager
                        contextManager, StepInstance stepInstance) in
                        D:\a\1\s\TechTalk.SpecFlow\Infrastructure\TestExecutionEngine.cs:line
                        496&#xD;
                        at
                        TechTalk.SpecFlow.Infrastructure.TestExecutionEngine.OnAfterLastStep()
                        in
                        D:\a\1\s\TechTalk.SpecFlow\Infrastructure\TestExecutionEngine.cs:line
                        268&#xD;
                        at
                        TechTalk.SpecRun.SpecFlowPlugin.Runtime.RunnerTestExecutionEngine.OnAfterLastStep()&#xD;
                        at TechTalk.SpecFlow.TestRunner.CollectScenarioErrors() in
                        D:\a\1\s\TechTalk.SpecFlow\TestRunner.cs:line 60&#xD;
                        at
                        DashworksTestAutomationCore.Tests.EvergreenJnr.EvergreenJnr_Planning.Planning_RingScoping_Part15Feature.ScenarioCleanup()&#xD;
                        at
                        DashworksTestAutomationCore.Tests.EvergreenJnr.EvergreenJnr_Planning.Planning_RingScoping_Part15Feature.EvergreenJnr_Planning_CheckThatOnlyOptimalConfigurationMessageAndCloseButtonAreDisplayed()
                        in
                        C:\automaster\_work\3\s\DashworksTestAutomationCore\Tests\EvergreenJnr\EvergreenJnr_Planning\Planning_RingScoping_Part15.feature:line
                        55&#xD;
                        at
                        TechTalk.SpecRun.Framework.TaskExecutors.StaticOrInstanceMethodExecutor.ExecuteInternal(ITestThreadExecutionContext
                        testThreadExecutionContext)&#xD;
                        at
                        TechTalk.SpecRun.Framework.TaskExecutors.StaticOrInstanceMethodExecutor.Execute(ITestThreadExecutionContext
                        testThreadExecutionContext)&#xD;
                        at TechTalk.SpecRun.Framework.TestNodeTask.Execute()
                    </StackTrace>
                </ErrorInfo>
            </Output>
        </UnitTestResult>
        <UnitTestResult executionId="6c21f943-9f78-4405-9211-6624ab045933"
                        testId="35b728ee-aa97-2010-6efb-8bfe95214ef6"
                        testName="EvergreenJnr_Planning_CheckThatAppsHaveClickthrougLinksOnStatisticPageFromRingScoping"
                        computerName="automaster" duration="00:01:49.5018914"
                        startTime="2021-11-02T09:37:16.7150370+00:00"
                        endTime="2021-11-02T09:39:06.2169284+00:00"
                        testType="13cdc9d9-ddb5-4fa4-a97d-d965ccfc6d4b" outcome="Failed"
                        testListId="8c84fa94-04c1-424b-9868-57a2d4851a1d"
                        relativeResultsDirectory="6c21f943-9f78-4405-9211-6624ab045933">
            <Output>
                <StdOut>-&gt; 11/2/2021 9:37:16 AM - INFO - TEST STARTED:
                    EvergreenJnr_Planning_CheckThatAppsHaveClickthrougLinksOnStatisticPageFromRingScoping&#xD;
                    &#xD;
                    Given User is logged in to the Evergreen&#xD;
                    -&gt; Navigating to the https://automaster.internal.juriba.com/&#xD;
                    -&gt; Navigating to the
                    https://automaster.internal.juriba.com/evergreen/&#xD;
                    -&gt; done: EvergreenJnr_Login.GivenUserIsLoggedInToTheEvergreen()
                    (3.0s)&#xD;
                    &#xD;
                    When Project created via API&#xD;
                    --- table step argument ---&#xD;
                    | ProjectName | Scope | ProjectTemplate | Mode |&#xD;
                    | 1_25723DAS_Project | All Devices | None | Standalone Project |&#xD;
                    -&gt; done: ProjectApiSteps.WhenUserCreateNewProjectViaApi(&lt;table&gt;)
                    (0.2s)&#xD;
                    &#xD;
                    When User creates new Ring via api&#xD;
                    --- table step argument ---&#xD;
                    | Name | Description | IsDefault | Project |&#xD;
                    | 1_25723DAS_Ring | 1_25723DAS_Desc | FALSE | 1_25723DAS_Project |&#xD;
                    | 2_25723DAS_Ring | 2_25723DAS_Desc | FALSE | 1_25723DAS_Project |&#xD;
                    -&gt; done: CreateRingViaApi.WhenUserCreatesNewRingViaApi(&lt;table&gt;)
                    (1.3s)&#xD;
                    &#xD;
                    When User onboards objects to '1_25723DAS_Project' project&#xD;
                    --- table step argument ---&#xD;
                    | DeviceObjects |&#xD;
                    | 00BDM1JUR8IF419 |&#xD;
                    | 00K4CEEQ737BA4L |&#xD;
                    | 011PLA470S0B9DJ |&#xD;
                    -&gt; done:
                    OnboardObjects.WhenUserOnboardsObjectsToTheProject("1_25723DAS_Project",
                    &lt;table&gt;) (72.5s)&#xD;
                    &#xD;
                    When User clicks 'Planning' on the left-hand menu&#xD;
                    -&gt; done:
                    EvergreenJnr_LeftHandMenuNavigation.WhenUserClicksOnTheLeft_HandMenu("Planning")
                    (1.6s)&#xD;
                    &#xD;
                    When User enters '1_25723DAS_Project' text in the Search field for
                    'Project' column&#xD;
                    -&gt; done:
                    EvergreenJnr_BaseGrid.WhenUserEntersTextInTheSearchFieldForColumn("1_25723DAS_Project",
                    "Project") (3.8s)&#xD;
                    &#xD;
                    When User clicks on '1_25723DAS_Project' cell from 'Project' column&#xD;
                    -&gt; done:
                    EvergreenJnr_BaseGrid.WhenUserClicksOnCellFromColumn("1_25723DAS_Project",
                    "Project") (7.6s)&#xD;
                    &#xD;
                    When User clicks 'Generate Statistics' button&#xD;
                    -&gt; done: ButtonSteps.WhenUserClicksButton("Generate Statistics")
                    (0.1s)&#xD;
                    &#xD;
                    Then 'Recalculation of statistics is complete' text is displayed on
                    inline success banner&#xD;
                    -&gt; done:
                    EvergreenJnr_BaseInlineTipBannerElement.ThenTextIsDisplayedOnInlineSuccessBanner("Recalculation
                    of ...") (10.4s)&#xD;
                    &#xD;
                    When User selects 'Software' in the 'Summary' dropdown&#xD;
                    -&gt; error: There are no 'Software' dropdown option (0.4s)&#xD;
                    &#xD;
                    Then User sees '9' linked elements in 'Unassigned' column&#xD;
                    -&gt; skipped because of previous errors&#xD;
                    &#xD;
                    &#xD;
                    -&gt; Test status is 'Failed'&#xD;
                    -&gt; Check screenshot by following path:
                    c:\Screenshots\EvergreenJnr_Planning_CheckThatAppsHaveClickthrougLinksOnStatisticPageFromRingScoping_2021_11_02_09_39_02.png&#xD;
                    -&gt; TEST STATUS WAS POSTED:
                    EvergreenJnr_Planning_CheckThatAppsHaveClickthrougLinksOnStatisticPageFromRingScoping&#xD;
                    -&gt; Test finished on:
                    https://automaster.internal.juriba.com/evergreen/#/planning/ringscoping/statistics?$projectId=185&#xD;
                    -&gt; 11/2/2021 9:39:02 AM - ERROR - Error during Custom list
                    deleting: System.Exception: Database query returns zero results&#xD;
                    -&gt; at
                    DashworksTestAutomation.Helpers.DatabaseHelper.ExecuteReader(String
                    query, Int32 columnIndex) in
                    C:\automaster\_work\3\s\DashworksTestAutomationCore\Helpers\DatabaseHelper.cs:line
                    59&#xD;
                    -&gt; at
                    DashworksTestAutomation.Steps.Dashworks.CustomList.AfterScenario.RemoveCustomListMethods.RemoveUserLists()
                    in
                    C:\automaster\_work\3\s\DashworksTestAutomationCore\Steps\Dashworks\CustomList\AfterScenario\RemoveCustomListMethods.cs:line
                    33&#xD;
                    -&gt; 11/2/2021 9:39:02 AM - ERROR - Error during Custom list
                    deleting: System.Exception: Database query returns zero results&#xD;
                    -&gt; at
                    DashworksTestAutomation.Helpers.DatabaseHelper.ExecuteReader(String
                    query, Int32 columnIndex) in
                    C:\automaster\_work\3\s\DashworksTestAutomationCore\Helpers\DatabaseHelper.cs:line
                    59&#xD;
                    -&gt; at
                    DashworksTestAutomation.Steps.Dashworks.CustomList.AfterScenario.RemoveCustomListMethods.RemoveUserLists()
                    in
                    C:\automaster\_work\3\s\DashworksTestAutomationCore\Steps\Dashworks\CustomList\AfterScenario\RemoveCustomListMethods.cs:line
                    33&#xD;
                    -&gt; 11/2/2021 9:39:02 AM - INFO - The '1_25723DAS_Project' project
                    with '185' id has been deleted&#xD;
                    -&gt; 11/2/2021 9:39:06 AM - INFO - TEST FINISHED:
                    EvergreenJnr_Planning_CheckThatAppsHaveClickthrougLinksOnStatisticPageFromRingScoping
                </StdOut>
                <StdErr>There are no 'Software' dropdown option&#xD;
                    System.Exception: There are no 'Software' dropdown option&#xD;
                    at
                    DashworksTestAutomationCore.Components.DropdownComponent.DropdownOptions.BaseDropdownOptions.GetOptionByName(String
                    value) in
                    C:\automaster\_work\3\s\DashworksTestAutomationCore\Components\DropdownComponent\DropdownOptions\BaseDropdownOptions.cs:line
                    34&#xD;
                    at DashworksTestAutomationCore.Components.Dropdown.Select(String
                    value) in
                    C:\automaster\_work\3\s\DashworksTestAutomationCore\Components\DropdownComponent\Dropdown.cs:line
                    36&#xD;
                    at
                    DashworksTestAutomationCore.Steps.Dashworks.Components.DropdownSteps.WhenUserSelectsInTheDropdown(String
                    value, String dropdownName) in
                    C:\automaster\_work\3\s\DashworksTestAutomationCore\Steps\Dashworks\Components\DropdownSteps.cs:line
                    40&#xD;
                    at TechTalk.SpecFlow.Bindings.BindingInvoker.InvokeBinding(IBinding
                    binding, IContextManager contextManager, Object[] arguments,
                    ITestTracer testTracer, TimeSpan&amp; duration) in
                    D:\a\1\s\TechTalk.SpecFlow\Bindings\BindingInvoker.cs:line 88&#xD;
                    at
                    TechTalk.SpecRun.SpecFlowPlugin.Runtime.RunnerTestExecutionEngine.ExecuteStepMatch(BindingMatch
                    match, Object[] arguments, TimeSpan&amp; duration)&#xD;
                    at
                    TechTalk.SpecFlow.Infrastructure.TestExecutionEngine.ExecuteStep(IContextManager
                    contextManager, StepInstance stepInstance) in
                    D:\a\1\s\TechTalk.SpecFlow\Infrastructure\TestExecutionEngine.cs:line
                    496&#xD;
                    at
                    TechTalk.SpecFlow.Infrastructure.TestExecutionEngine.OnAfterLastStep()
                    in
                    D:\a\1\s\TechTalk.SpecFlow\Infrastructure\TestExecutionEngine.cs:line
                    268&#xD;
                    at
                    TechTalk.SpecRun.SpecFlowPlugin.Runtime.RunnerTestExecutionEngine.OnAfterLastStep()&#xD;
                    at TechTalk.SpecFlow.TestRunner.CollectScenarioErrors() in
                    D:\a\1\s\TechTalk.SpecFlow\TestRunner.cs:line 60&#xD;
                    at
                    DashworksTestAutomationCore.Tests.EvergreenJnr.EvergreenJnr_Planning.Planning_RingScoping_Part6Feature.ScenarioCleanup()&#xD;
                    at
                    DashworksTestAutomationCore.Tests.EvergreenJnr.EvergreenJnr_Planning.Planning_RingScoping_Part6Feature.EvergreenJnr_Planning_CheckThatAppsHaveClickthrougLinksOnStatisticPageFromRingScoping()
                    in
                    C:\automaster\_work\3\s\DashworksTestAutomationCore\Tests\EvergreenJnr\EvergreenJnr_Planning\Planning_RingScoping_Part6.feature:line
                    60&#xD;
                    at
                    TechTalk.SpecRun.Framework.TaskExecutors.StaticOrInstanceMethodExecutor.ExecuteInternal(ITestThreadExecutionContext
                    testThreadExecutionContext)&#xD;
                    at
                    TechTalk.SpecRun.Framework.TaskExecutors.StaticOrInstanceMethodExecutor.Execute(ITestThreadExecutionContext
                    testThreadExecutionContext)&#xD;
                    at TechTalk.SpecRun.Framework.TestNodeTask.Execute()
                </StdErr>
                <ErrorInfo>
                    <Message>There are no 'Software' dropdown option</Message>
                    <StackTrace>System.Exception: There are no 'Software' dropdown
                        option&#xD;
                        at
                        DashworksTestAutomationCore.Components.DropdownComponent.DropdownOptions.BaseDropdownOptions.GetOptionByName(String
                        value) in
                        C:\automaster\_work\3\s\DashworksTestAutomationCore\Components\DropdownComponent\DropdownOptions\BaseDropdownOptions.cs:line
                        34&#xD;
                        at DashworksTestAutomationCore.Components.Dropdown.Select(String
                        value) in
                        C:\automaster\_work\3\s\DashworksTestAutomationCore\Components\DropdownComponent\Dropdown.cs:line
                        36&#xD;
                        at
                        DashworksTestAutomationCore.Steps.Dashworks.Components.DropdownSteps.WhenUserSelectsInTheDropdown(String
                        value, String dropdownName) in
                        C:\automaster\_work\3\s\DashworksTestAutomationCore\Steps\Dashworks\Components\DropdownSteps.cs:line
                        40&#xD;
                        at
                        TechTalk.SpecFlow.Bindings.BindingInvoker.InvokeBinding(IBinding
                        binding, IContextManager contextManager, Object[] arguments,
                        ITestTracer testTracer, TimeSpan&amp; duration) in
                        D:\a\1\s\TechTalk.SpecFlow\Bindings\BindingInvoker.cs:line 88&#xD;
                        at
                        TechTalk.SpecRun.SpecFlowPlugin.Runtime.RunnerTestExecutionEngine.ExecuteStepMatch(BindingMatch
                        match, Object[] arguments, TimeSpan&amp; duration)&#xD;
                        at
                        TechTalk.SpecFlow.Infrastructure.TestExecutionEngine.ExecuteStep(IContextManager
                        contextManager, StepInstance stepInstance) in
                        D:\a\1\s\TechTalk.SpecFlow\Infrastructure\TestExecutionEngine.cs:line
                        496&#xD;
                        at
                        TechTalk.SpecFlow.Infrastructure.TestExecutionEngine.OnAfterLastStep()
                        in
                        D:\a\1\s\TechTalk.SpecFlow\Infrastructure\TestExecutionEngine.cs:line
                        268&#xD;
                        at
                        TechTalk.SpecRun.SpecFlowPlugin.Runtime.RunnerTestExecutionEngine.OnAfterLastStep()&#xD;
                        at TechTalk.SpecFlow.TestRunner.CollectScenarioErrors() in
                        D:\a\1\s\TechTalk.SpecFlow\TestRunner.cs:line 60&#xD;
                        at
                        DashworksTestAutomationCore.Tests.EvergreenJnr.EvergreenJnr_Planning.Planning_RingScoping_Part6Feature.ScenarioCleanup()&#xD;
                        at
                        DashworksTestAutomationCore.Tests.EvergreenJnr.EvergreenJnr_Planning.Planning_RingScoping_Part6Feature.EvergreenJnr_Planning_CheckThatAppsHaveClickthrougLinksOnStatisticPageFromRingScoping()
                        in
                        C:\automaster\_work\3\s\DashworksTestAutomationCore\Tests\EvergreenJnr\EvergreenJnr_Planning\Planning_RingScoping_Part6.feature:line
                        60&#xD;
                        at
                        TechTalk.SpecRun.Framework.TaskExecutors.StaticOrInstanceMethodExecutor.ExecuteInternal(ITestThreadExecutionContext
                        testThreadExecutionContext)&#xD;
                        at
                        TechTalk.SpecRun.Framework.TaskExecutors.StaticOrInstanceMethodExecutor.Execute(ITestThreadExecutionContext
                        testThreadExecutionContext)&#xD;
                        at TechTalk.SpecRun.Framework.TestNodeTask.Execute()
                    </StackTrace>
                </ErrorInfo>
            </Output>
        </UnitTestResult>
        <UnitTestResult executionId="ac544d0c-a2ec-4650-86a9-ff1064d7899a"
                        testId="b08399c5-504d-c847-1c23-456027f25c0e"
                        testName="EvergreenJnr_Planning_CheckThatAllColumnsAreDisplayedInScopingChangesGridFromRingScoping"
                        computerName="automaster" duration="00:01:04.5955077"
                        startTime="2021-11-02T09:34:40.0979590+00:00"
                        endTime="2021-11-02T09:35:44.6934667+00:00"
                        testType="13cdc9d9-ddb5-4fa4-a97d-d965ccfc6d4b" outcome="Passed"
                        testListId="8c84fa94-04c1-424b-9868-57a2d4851a1d"
                        relativeResultsDirectory="ac544d0c-a2ec-4650-86a9-ff1064d7899a">
            <Output>
                <StdOut>-&gt; 11/2/2021 9:34:40 AM - INFO - TEST STARTED:
                    EvergreenJnr_Planning_CheckThatAllColumnsAreDisplayedInScopingChangesGridFromRingScoping&#xD;
                    &#xD;
                    Given User is logged in to the Evergreen&#xD;
                    -&gt; Navigating to the https://automaster.internal.juriba.com/&#xD;
                    -&gt; Navigating to the
                    https://automaster.internal.juriba.com/evergreen/&#xD;
                    -&gt; done: EvergreenJnr_Login.GivenUserIsLoggedInToTheEvergreen()
                    (3.3s)&#xD;
                    &#xD;
                    Then Evergreen Dashboards page should be displayed to the user&#xD;
                    -&gt; done:
                    EvergreenJnr_Login.ThenEvergreenDashboardsPageShouldBeDisplayedToTheUser()
                    (1.4s)&#xD;
                    &#xD;
                    When User clicks 'Planning' on the left-hand menu&#xD;
                    -&gt; done:
                    EvergreenJnr_LeftHandMenuNavigation.WhenUserClicksOnTheLeft_HandMenu("Planning")
                    (2.0s)&#xD;
                    &#xD;
                    When User enters 'Ring Scoping Project' text in the Search field for
                    'Project' column&#xD;
                    -&gt; done:
                    EvergreenJnr_BaseGrid.WhenUserEntersTextInTheSearchFieldForColumn("Ring
                    Scoping Project", "Project") (4.7s)&#xD;
                    &#xD;
                    When User clicks on 'Ring Scoping Project' cell from 'Project'
                    column&#xD;
                    -&gt; done:
                    EvergreenJnr_BaseGrid.WhenUserClicksOnCellFromColumn("Ring Scoping
                    Project", "Project") (7.1s)&#xD;
                    &#xD;
                    When User navigates to the 'Scoping Parameters' left submenu item&#xD;
                    -&gt; done:
                    EvergreenJnr_LeftMenuNavigation.WhenUserNavigatesToTheParentLeftSubmenuItem("Scoping
                    Parameters") (1.6s)&#xD;
                    &#xD;
                    When User clicks 'Clear All' button&#xD;
                    -&gt; done: ButtonSteps.WhenUserClicksButton("Clear All") (0.8s)&#xD;
                    &#xD;
                    Then subtitle with text 'There are 10 devices onboarded into this
                    project' is displayed for the 'Minimum and Maximum Number of
                    Devices' table&#xD;
                    -&gt; done:
                    EvergreenJnr_BaseTable.ThenSubtitleWithTextIsDisplayedForTheTable("There
                    are 10 devi...", "Minimum and Maxim...") (1.6s)&#xD;
                    &#xD;
                    When User sets value to '0' for 'Minimum Number of Devices' column
                    and 'Unassigned' row in 'Minimum and Maximum Number of Devices'
                    table&#xD;
                    -&gt; done:
                    EvergreenJnr_BaseTable.WhenUserSetValueToForColumnAndRowInTable("0",
                    "Minimum Number of...", "Unassigned", "Minimum and Maxim...") (2.0s)&#xD;
                    &#xD;
                    When User sets value to '3' for 'Minimum Number of Devices' column
                    and 'Pilot' row in 'Minimum and Maximum Number of Devices' table&#xD;
                    -&gt; done:
                    EvergreenJnr_BaseTable.WhenUserSetValueToForColumnAndRowInTable("3",
                    "Minimum Number of...", "Pilot", "Minimum and Maxim...") (1.8s)&#xD;
                    &#xD;
                    When User sets value to '3' for 'Minimum Number of Devices' column
                    and 'Early Adopters' row in 'Minimum and Maximum Number of Devices'
                    table&#xD;
                    -&gt; done:
                    EvergreenJnr_BaseTable.WhenUserSetValueToForColumnAndRowInTable("3",
                    "Minimum Number of...", "Early Adopters", "Minimum and Maxim...")
                    (1.9s)&#xD;
                    &#xD;
                    When User sets value to '3' for 'Minimum Number of Devices' column
                    and 'IT Users' row in 'Minimum and Maximum Number of Devices' table&#xD;
                    -&gt; done:
                    EvergreenJnr_BaseTable.WhenUserSetValueToForColumnAndRowInTable("3",
                    "Minimum Number of...", "IT Users", "Minimum and Maxim...") (2.2s)&#xD;
                    &#xD;
                    When User sets value to '1' for 'Minimum Number of Devices' column
                    and 'Business Wave 1' row in 'Minimum and Maximum Number of Devices'
                    table&#xD;
                    -&gt; done:
                    EvergreenJnr_BaseTable.WhenUserSetValueToForColumnAndRowInTable("1",
                    "Minimum Number of...", "Business Wave 1", "Minimum and Maxim...")
                    (1.9s)&#xD;
                    &#xD;
                    When User sets value to '50' for 'Core' column and 'Pilot' row in
                    'Application Coverage Targets' table&#xD;
                    -&gt; done:
                    EvergreenJnr_BaseTable.WhenUserSetValueToForColumnAndRowInTable("50",
                    "Core", "Pilot", "Application Cover...") (2.1s)&#xD;
                    &#xD;
                    When User clicks 'Update And Redistribute' button&#xD;
                    -&gt; done: ButtonSteps.WhenUserClicksButton("Update And Redist...")
                    (0.1s)&#xD;
                    &#xD;
                    Then grid headers are displayed in the following order&#xD;
                    --- table step argument ---&#xD;
                    | ColumnName |&#xD;
                    | Hostname |&#xD;
                    | Device Type |&#xD;
                    | Operating System |&#xD;
                    | Owner Display Name |&#xD;
                    | Current Ring |&#xD;
                    | Target Ring |&#xD;
                    | Core App Count |&#xD;
                    | Critical App Count |&#xD;
                    | Important App Count |&#xD;
                    | Not Important App Count |&#xD;
                    | Uncategorised App Count |&#xD;
                    | Bucket |&#xD;
                    | Path |&#xD;
                    | Category |&#xD;
                    | Readiness |&#xD;
                    -&gt; done:
                    EvergreenJnr_BaseGrid.ThenGridHeadersAreDisplayedInTheFollowingOrder(&lt;table&gt;)
                    (17.4s)&#xD;
                    &#xD;
                    &#xD;
                    -&gt; Test status is 'Passed'&#xD;
                    -&gt; TEST STATUS WAS POSTED:
                    EvergreenJnr_Planning_CheckThatAllColumnsAreDisplayedInScopingChangesGridFromRingScoping&#xD;
                    -&gt; Test finished on:
                    https://automaster.internal.juriba.com/evergreen/#/planning/ringscoping/scopingParameters?$projectId=112&#xD;
                    -&gt; 11/2/2021 9:35:41 AM - ERROR - Error during Custom list
                    deleting: System.Exception: Database query returns zero results&#xD;
                    -&gt; at
                    DashworksTestAutomation.Helpers.DatabaseHelper.ExecuteReader(String
                    query, Int32 columnIndex) in
                    C:\automaster\_work\3\s\DashworksTestAutomationCore\Helpers\DatabaseHelper.cs:line
                    59&#xD;
                    -&gt; at
                    DashworksTestAutomation.Steps.Dashworks.CustomList.AfterScenario.RemoveCustomListMethods.RemoveUserLists()
                    in
                    C:\automaster\_work\3\s\DashworksTestAutomationCore\Steps\Dashworks\CustomList\AfterScenario\RemoveCustomListMethods.cs:line
                    33&#xD;
                    -&gt; 11/2/2021 9:35:41 AM - ERROR - Error during Custom list
                    deleting: System.Exception: Database query returns zero results&#xD;
                    -&gt; at
                    DashworksTestAutomation.Helpers.DatabaseHelper.ExecuteReader(String
                    query, Int32 columnIndex) in
                    C:\automaster\_work\3\s\DashworksTestAutomationCore\Helpers\DatabaseHelper.cs:line
                    59&#xD;
                    -&gt; at
                    DashworksTestAutomation.Steps.Dashworks.CustomList.AfterScenario.RemoveCustomListMethods.RemoveUserLists()
                    in
                    C:\automaster\_work\3\s\DashworksTestAutomationCore\Steps\Dashworks\CustomList\AfterScenario\RemoveCustomListMethods.cs:line
                    33&#xD;
                    -&gt; 11/2/2021 9:35:44 AM - INFO - TEST FINISHED:
                    EvergreenJnr_Planning_CheckThatAllColumnsAreDisplayedInScopingChangesGridFromRingScoping
                </StdOut>
            </Output>
        </UnitTestResult>
        <UnitTestResult executionId="042b1281-79a1-4c38-bcd3-f94ed4fbd448"
                        testId="1d8bdce8-0c90-7c03-6dc5-c0c585648ca6"
                        testName="EvergreenJnr_Planning_CheckDropdownStateInPagesRelatedToChangesOnRingScopingPage"
                        computerName="automaster" duration="00:01:54.6560027"
                        startTime="2021-11-02T09:38:35.3818952+00:00"
                        endTime="2021-11-02T09:40:30.0378979+00:00"
                        testType="13cdc9d9-ddb5-4fa4-a97d-d965ccfc6d4b" outcome="Failed"
                        testListId="8c84fa94-04c1-424b-9868-57a2d4851a1d"
                        relativeResultsDirectory="042b1281-79a1-4c38-bcd3-f94ed4fbd448">
            <Output>
                <StdOut>-&gt; 11/2/2021 9:38:35 AM - INFO - TEST STARTED:
                    EvergreenJnr_Planning_CheckDropdownStateInPagesRelatedToChangesOnRingScopingPage&#xD;
                    &#xD;
                    Given User is logged in to the Evergreen&#xD;
                    -&gt; Navigating to the https://automaster.internal.juriba.com/&#xD;
                    -&gt; Navigating to the
                    https://automaster.internal.juriba.com/evergreen/&#xD;
                    -&gt; done: EvergreenJnr_Login.GivenUserIsLoggedInToTheEvergreen()
                    (2.8s)&#xD;
                    &#xD;
                    When Project created via API&#xD;
                    --- table step argument ---&#xD;
                    | ProjectName | Scope | ProjectTemplate | Mode |&#xD;
                    | 1_26900DAS_Project | All Devices | None | Standalone Project |&#xD;
                    -&gt; done: ProjectApiSteps.WhenUserCreateNewProjectViaApi(&lt;table&gt;)
                    (0.1s)&#xD;
                    &#xD;
                    When User creates new Ring via api&#xD;
                    --- table step argument ---&#xD;
                    | Name | Description | IsDefault | Project |&#xD;
                    | 1_26900DAS_Ring | DAS26900 | FALSE | 1_26900DAS_Project |&#xD;
                    | 2_26900DAS_Ring | DAS26900 | FALSE | 1_26900DAS_Project |&#xD;
                    -&gt; done: CreateRingViaApi.WhenUserCreatesNewRingViaApi(&lt;table&gt;)
                    (0.5s)&#xD;
                    &#xD;
                    When User onboards objects to '1_26900DAS_Project' project&#xD;
                    --- table step argument ---&#xD;
                    | DeviceObjects |&#xD;
                    | 00BDM1JUR8IF419 |&#xD;
                    | 00K4CEEQ737BA4L |&#xD;
                    | 011PLA470S0B9DJ |&#xD;
                    | 019BFPQGKK5QT8N |&#xD;
                    | 01BQIYGGUW5PRP6 |&#xD;
                    | 01COJATLYVAR7A6 |&#xD;
                    -&gt; done:
                    OnboardObjects.WhenUserOnboardsObjectsToTheProject("1_26900DAS_Project",
                    &lt;table&gt;) (53.4s)&#xD;
                    &#xD;
                    When User clicks 'Planning' on the left-hand menu&#xD;
                    -&gt; done:
                    EvergreenJnr_LeftHandMenuNavigation.WhenUserClicksOnTheLeft_HandMenu("Planning")
                    (1.6s)&#xD;
                    &#xD;
                    When User enters '1_26900DAS_Project' text in the Search field for
                    'Project' column&#xD;
                    -&gt; done:
                    EvergreenJnr_BaseGrid.WhenUserEntersTextInTheSearchFieldForColumn("1_26900DAS_Project",
                    "Project") (3.5s)&#xD;
                    &#xD;
                    When User clicks on '1_26900DAS_Project' cell from 'Project' column&#xD;
                    -&gt; done:
                    EvergreenJnr_BaseGrid.WhenUserClicksOnCellFromColumn("1_26900DAS_Project",
                    "Project") (7.1s)&#xD;
                    &#xD;
                    When User navigates to the 'Scoping Parameters' left submenu item&#xD;
                    -&gt; done:
                    EvergreenJnr_LeftMenuNavigation.WhenUserNavigatesToTheParentLeftSubmenuItem("Scoping
                    Parameters") (1.6s)&#xD;
                    &#xD;
                    When User sets value to '3' for 'Minimum Number of Devices' column
                    and '1_26900DAS_Ring' row in 'Minimum and Maximum Number of Devices'
                    table&#xD;
                    -&gt; done:
                    EvergreenJnr_BaseTable.WhenUserSetValueToForColumnAndRowInTable("3",
                    "Minimum Number of...", "1_26900DAS_Ring", "Minimum and Maxim...")
                    (1.8s)&#xD;
                    &#xD;
                    When User sets value to '3' for 'Minimum Number of Devices' column
                    and '2_26900DAS_Ring' row in 'Minimum and Maximum Number of Devices'
                    table&#xD;
                    -&gt; done:
                    EvergreenJnr_BaseTable.WhenUserSetValueToForColumnAndRowInTable("3",
                    "Minimum Number of...", "2_26900DAS_Ring", "Minimum and Maxim...")
                    (1.7s)&#xD;
                    &#xD;
                    When User clicks 'Update And Redistribute' button&#xD;
                    -&gt; done: ButtonSteps.WhenUserClicksButton("Update And Redist...")
                    (0.1s)&#xD;
                    &#xD;
                    Then grid content is present&#xD;
                    -&gt; done: EvergreenJnr_BaseGrid.ThenGridContentIsPresent() (3.0s)&#xD;
                    &#xD;
                    When User clicks 'Project Selector' dropdown&#xD;
                    -&gt; done: DropdownSteps.WhenUserClicksDropdown("Project Selector")
                    (0.7s)&#xD;
                    &#xD;
                    Then 'Project Selector' dropdown is not opened&#xD;
                    -&gt; done: DropdownSteps.ThenDropdownIsNotOpened("Project
                    Selector") (0.0s)&#xD;
                    &#xD;
                    When User clicks 'Commit Changes Without Preview' button&#xD;
                    -&gt; done: ButtonSteps.WhenUserClicksButton("Commit Changes Wi...")
                    (0.1s)&#xD;
                    &#xD;
                    Then 'Your changes have been successfully processed and
                    recalculation of statistics has started' text is displayed on inline
                    success banner&#xD;
                    -&gt; done:
                    EvergreenJnr_BaseInlineTipBannerElement.ThenTextIsDisplayedOnInlineSuccessBanner("Your
                    changes have...") (0.6s)&#xD;
                    &#xD;
                    When User clicks 'Close' button on 'BaseInlineBannerElement' panel&#xD;
                    -&gt; done: ButtonSteps.WhenUserClicksButtonOnPanel("Close",
                    "BaseInlineBannerE...") (0.1s)&#xD;
                    &#xD;
                    Then 'Recalculation of statistics is complete' text is displayed on
                    inline success banner&#xD;
                    -&gt; done:
                    EvergreenJnr_BaseInlineTipBannerElement.ThenTextIsDisplayedOnInlineSuccessBanner("Recalculation
                    of ...") (9.9s)&#xD;
                    &#xD;
                    When User navigates to the 'Scoping Parameters' left submenu item&#xD;
                    -&gt; done:
                    EvergreenJnr_LeftMenuNavigation.WhenUserNavigatesToTheParentLeftSubmenuItem("Scoping
                    Parameters") (1.6s)&#xD;
                    &#xD;
                    When User clicks 'Update And Redistribute' button&#xD;
                    -&gt; done: ButtonSteps.WhenUserClicksButton("Update And Redist...")
                    (0.1s)&#xD;
                    &#xD;
                    Then 'Your configuration is already optimal' message is displayed on
                    empty grid&#xD;
                    -&gt; done:
                    EvergreenJnr_BaseGrid.ThenMessageIsDisplayedOnEmptyGrid("Your
                    configuratio...") (1.5s)&#xD;
                    &#xD;
                    When User clicks 'Project Selector' dropdown&#xD;
                    -&gt; done: DropdownSteps.WhenUserClicksDropdown("Project Selector")
                    (0.6s)&#xD;
                    &#xD;
                    Then 'Project Selector' dropdown is not opened&#xD;
                    -&gt; done: DropdownSteps.ThenDropdownIsNotOpened("Project
                    Selector") (0.0s)&#xD;
                    &#xD;
                    When User clicks 'Close' button&#xD;
                    -&gt; error: Element with 'By.XPath:
                    (.//button[contains(@class,'automationClass-button-Close')] |
                    .//mat-icon[contains(@class,'automationClass-button-Close')] |
                    .//button[contains(@class,'automationClass-icon-Close')]) |
                    .//mat-datepicker-toggle[contains(@class,'automationClass-mat-datepicker-toggle-Close')]'
                    selector was not changed Display condition to 'True' after 15
                    seconds (15.1s)&#xD;
                    &#xD;
                    When User clicks 'Redistribute' button&#xD;
                    -&gt; skipped because of previous errors&#xD;
                    &#xD;
                    Then 'Your configuration is already optimal' message is displayed on
                    empty grid&#xD;
                    -&gt; skipped because of previous errors&#xD;
                    &#xD;
                    When User clicks 'Project Selector' dropdown&#xD;
                    -&gt; skipped because of previous errors&#xD;
                    &#xD;
                    Then 'Project Selector' dropdown is not opened&#xD;
                    -&gt; skipped because of previous errors&#xD;
                    &#xD;
                    When User navigates to the 'Scoping Parameters' left submenu item&#xD;
                    -&gt; skipped because of previous errors&#xD;
                    &#xD;
                    Then table is displayed&#xD;
                    -&gt; skipped because of previous errors&#xD;
                    &#xD;
                    Then following Values are not displayed in the 'Project Selector'
                    dropdown:&#xD;
                    --- table step argument ---&#xD;
                    | Options |&#xD;
                    | 1_26900DAS_Project |&#xD;
                    -&gt; skipped because of previous errors&#xD;
                    &#xD;
                    &#xD;
                    -&gt; Test status is 'Failed'&#xD;
                    -&gt; Check screenshot by following path:
                    c:\Screenshots\EvergreenJnr_Planning_CheckDropdownStateInPagesRelatedToChangesOnRingScopingPage_2021_11_02_09_40_25.png&#xD;
                    -&gt; TEST STATUS WAS POSTED:
                    EvergreenJnr_Planning_CheckDropdownStateInPagesRelatedToChangesOnRingScopingPage&#xD;
                    -&gt; Test finished on:
                    https://automaster.internal.juriba.com/evergreen/#/planning/ringscoping/scopingParameters?$projectId=188&#xD;
                    -&gt; 11/2/2021 9:40:26 AM - ERROR - Error during Custom list
                    deleting: System.Exception: Database query returns zero results&#xD;
                    -&gt; at
                    DashworksTestAutomation.Helpers.DatabaseHelper.ExecuteReader(String
                    query, Int32 columnIndex) in
                    C:\automaster\_work\3\s\DashworksTestAutomationCore\Helpers\DatabaseHelper.cs:line
                    59&#xD;
                    -&gt; at
                    DashworksTestAutomation.Steps.Dashworks.CustomList.AfterScenario.RemoveCustomListMethods.RemoveUserLists()
                    in
                    C:\automaster\_work\3\s\DashworksTestAutomationCore\Steps\Dashworks\CustomList\AfterScenario\RemoveCustomListMethods.cs:line
                    33&#xD;
                    -&gt; 11/2/2021 9:40:26 AM - ERROR - Error during Custom list
                    deleting: System.Exception: Database query returns zero results&#xD;
                    -&gt; at
                    DashworksTestAutomation.Helpers.DatabaseHelper.ExecuteReader(String
                    query, Int32 columnIndex) in
                    C:\automaster\_work\3\s\DashworksTestAutomationCore\Helpers\DatabaseHelper.cs:line
                    59&#xD;
                    -&gt; at
                    DashworksTestAutomation.Steps.Dashworks.CustomList.AfterScenario.RemoveCustomListMethods.RemoveUserLists()
                    in
                    C:\automaster\_work\3\s\DashworksTestAutomationCore\Steps\Dashworks\CustomList\AfterScenario\RemoveCustomListMethods.cs:line
                    33&#xD;
                    -&gt; 11/2/2021 9:40:26 AM - INFO - The '1_26900DAS_Project' project
                    with '188' id has been deleted&#xD;
                    -&gt; 11/2/2021 9:40:30 AM - INFO - TEST FINISHED:
                    EvergreenJnr_Planning_CheckDropdownStateInPagesRelatedToChangesOnRingScopingPage
                </StdOut>
                <StdErr>Element with 'By.XPath:
                    (.//button[contains(@class,'automationClass-button-Close')] |
                    .//mat-icon[contains(@class,'automationClass-button-Close')] |
                    .//button[contains(@class,'automationClass-icon-Close')]) |
                    .//mat-datepicker-toggle[contains(@class,'automationClass-mat-datepicker-toggle-Close')]'
                    selector was not changed Display condition to 'True' after 15
                    seconds -&gt; Timed out after 15 seconds&#xD;
                    System.Exception: Element with 'By.XPath:
                    (.//button[contains(@class,'automationClass-button-Close')] |
                    .//mat-icon[contains(@class,'automationClass-button-Close')] |
                    .//button[contains(@class,'automationClass-icon-Close')]) |
                    .//mat-datepicker-toggle[contains(@class,'automationClass-mat-datepicker-toggle-Close')]'
                    selector was not changed Display condition to 'True' after 15
                    seconds&#xD;
                    ---&gt; OpenQA.Selenium.WebDriverTimeoutException: Timed out after
                    15 seconds&#xD;
                    at
                    OpenQA.Selenium.Support.UI.DefaultWait`1.ThrowTimeoutException(String
                    exceptionMessage, Exception lastException)&#xD;
                    at OpenQA.Selenium.Support.UI.DefaultWait`1.Until[TResult](Func`2
                    condition)&#xD;
                    at
                    AutomationUtils.Extensions.WebDriverExtensions.WaitForElementDisplayCondition(RemoteWebDriver
                    driver, By by, Boolean condition, Int32 waitSeconds)&#xD;
                    --- End of inner exception stack trace ---&#xD;
                    at
                    AutomationUtils.Extensions.WebDriverExtensions.WaitForElementDisplayCondition(RemoteWebDriver
                    driver, By by, Boolean condition, Int32 waitSeconds)&#xD;
                    at AutomationUtils.Component.BaseWebComponent.Build()&#xD;
                    at
                    AutomationUtils.Extensions.WebDriverExtensions.Component[T](RemoteWebDriver
                    driver, String identifier)&#xD;
                    at
                    AutomationUtils.Extensions.WebDriverExtensions.GetComponent[T](RemoteWebDriver
                    driver, String identifier)&#xD;
                    at
                    DashworksTestAutomationCore.Steps.Dashworks.Components.Button.ButtonSteps.WhenUserClicksButton(String
                    buttonName) in
                    C:\automaster\_work\3\s\DashworksTestAutomationCore\Steps\Dashworks\Components\Button\ButtonSteps.cs:line
                    38&#xD;
                    at TechTalk.SpecFlow.Bindings.BindingInvoker.InvokeBinding(IBinding
                    binding, IContextManager contextManager, Object[] arguments,
                    ITestTracer testTracer, TimeSpan&amp; duration) in
                    D:\a\1\s\TechTalk.SpecFlow\Bindings\BindingInvoker.cs:line 88&#xD;
                    at
                    TechTalk.SpecRun.SpecFlowPlugin.Runtime.RunnerTestExecutionEngine.ExecuteStepMatch(BindingMatch
                    match, Object[] arguments, TimeSpan&amp; duration)&#xD;
                    at
                    TechTalk.SpecFlow.Infrastructure.TestExecutionEngine.ExecuteStep(IContextManager
                    contextManager, StepInstance stepInstance) in
                    D:\a\1\s\TechTalk.SpecFlow\Infrastructure\TestExecutionEngine.cs:line
                    496&#xD;
                    at
                    TechTalk.SpecFlow.Infrastructure.TestExecutionEngine.OnAfterLastStep()
                    in
                    D:\a\1\s\TechTalk.SpecFlow\Infrastructure\TestExecutionEngine.cs:line
                    268&#xD;
                    at
                    TechTalk.SpecRun.SpecFlowPlugin.Runtime.RunnerTestExecutionEngine.OnAfterLastStep()&#xD;
                    at TechTalk.SpecFlow.TestRunner.CollectScenarioErrors() in
                    D:\a\1\s\TechTalk.SpecFlow\TestRunner.cs:line 60&#xD;
                    at
                    DashworksTestAutomationCore.Tests.EvergreenJnr.EvergreenJnr_Planning.Planning_RingScoping_Part8Feature.ScenarioCleanup()&#xD;
                    at
                    DashworksTestAutomationCore.Tests.EvergreenJnr.EvergreenJnr_Planning.Planning_RingScoping_Part8Feature.EvergreenJnr_Planning_CheckDropdownStateInPagesRelatedToChangesOnRingScopingPage()
                    in
                    C:\automaster\_work\3\s\DashworksTestAutomationCore\Tests\EvergreenJnr\EvergreenJnr_Planning\Planning_RingScoping_Part8.feature:line
                    100&#xD;
                    at
                    TechTalk.SpecRun.Framework.TaskExecutors.StaticOrInstanceMethodExecutor.ExecuteInternal(ITestThreadExecutionContext
                    testThreadExecutionContext)&#xD;
                    at
                    TechTalk.SpecRun.Framework.TaskExecutors.StaticOrInstanceMethodExecutor.Execute(ITestThreadExecutionContext
                    testThreadExecutionContext)&#xD;
                    at TechTalk.SpecRun.Framework.TestNodeTask.Execute()
                </StdErr>
                <ErrorInfo>
                    <Message>Element with 'By.XPath:
                        (.//button[contains(@class,'automationClass-button-Close')] |
                        .//mat-icon[contains(@class,'automationClass-button-Close')] |
                        .//button[contains(@class,'automationClass-icon-Close')]) |
                        .//mat-datepicker-toggle[contains(@class,'automationClass-mat-datepicker-toggle-Close')]'
                        selector was not changed Display condition to 'True' after 15
                        seconds -&gt; Timed out after 15 seconds
                    </Message>
                    <StackTrace>System.Exception: Element with 'By.XPath:
                        (.//button[contains(@class,'automationClass-button-Close')] |
                        .//mat-icon[contains(@class,'automationClass-button-Close')] |
                        .//button[contains(@class,'automationClass-icon-Close')]) |
                        .//mat-datepicker-toggle[contains(@class,'automationClass-mat-datepicker-toggle-Close')]'
                        selector was not changed Display condition to 'True' after 15
                        seconds&#xD;
                        ---&gt; OpenQA.Selenium.WebDriverTimeoutException: Timed out
                        after 15 seconds&#xD;
                        at
                        OpenQA.Selenium.Support.UI.DefaultWait`1.ThrowTimeoutException(String
                        exceptionMessage, Exception lastException)&#xD;
                        at
                        OpenQA.Selenium.Support.UI.DefaultWait`1.Until[TResult](Func`2
                        condition)&#xD;
                        at
                        AutomationUtils.Extensions.WebDriverExtensions.WaitForElementDisplayCondition(RemoteWebDriver
                        driver, By by, Boolean condition, Int32 waitSeconds)&#xD;
                        --- End of inner exception stack trace ---&#xD;
                        at
                        AutomationUtils.Extensions.WebDriverExtensions.WaitForElementDisplayCondition(RemoteWebDriver
                        driver, By by, Boolean condition, Int32 waitSeconds)&#xD;
                        at AutomationUtils.Component.BaseWebComponent.Build()&#xD;
                        at
                        AutomationUtils.Extensions.WebDriverExtensions.Component[T](RemoteWebDriver
                        driver, String identifier)&#xD;
                        at
                        AutomationUtils.Extensions.WebDriverExtensions.GetComponent[T](RemoteWebDriver
                        driver, String identifier)&#xD;
                        at
                        DashworksTestAutomationCore.Steps.Dashworks.Components.Button.ButtonSteps.WhenUserClicksButton(String
                        buttonName) in
                        C:\automaster\_work\3\s\DashworksTestAutomationCore\Steps\Dashworks\Components\Button\ButtonSteps.cs:line
                        38&#xD;
                        at
                        TechTalk.SpecFlow.Bindings.BindingInvoker.InvokeBinding(IBinding
                        binding, IContextManager contextManager, Object[] arguments,
                        ITestTracer testTracer, TimeSpan&amp; duration) in
                        D:\a\1\s\TechTalk.SpecFlow\Bindings\BindingInvoker.cs:line 88&#xD;
                        at
                        TechTalk.SpecRun.SpecFlowPlugin.Runtime.RunnerTestExecutionEngine.ExecuteStepMatch(BindingMatch
                        match, Object[] arguments, TimeSpan&amp; duration)&#xD;
                        at
                        TechTalk.SpecFlow.Infrastructure.TestExecutionEngine.ExecuteStep(IContextManager
                        contextManager, StepInstance stepInstance) in
                        D:\a\1\s\TechTalk.SpecFlow\Infrastructure\TestExecutionEngine.cs:line
                        496&#xD;
                        at
                        TechTalk.SpecFlow.Infrastructure.TestExecutionEngine.OnAfterLastStep()
                        in
                        D:\a\1\s\TechTalk.SpecFlow\Infrastructure\TestExecutionEngine.cs:line
                        268&#xD;
                        at
                        TechTalk.SpecRun.SpecFlowPlugin.Runtime.RunnerTestExecutionEngine.OnAfterLastStep()&#xD;
                        at TechTalk.SpecFlow.TestRunner.CollectScenarioErrors() in
                        D:\a\1\s\TechTalk.SpecFlow\TestRunner.cs:line 60&#xD;
                        at
                        DashworksTestAutomationCore.Tests.EvergreenJnr.EvergreenJnr_Planning.Planning_RingScoping_Part8Feature.ScenarioCleanup()&#xD;
                        at
                        DashworksTestAutomationCore.Tests.EvergreenJnr.EvergreenJnr_Planning.Planning_RingScoping_Part8Feature.EvergreenJnr_Planning_CheckDropdownStateInPagesRelatedToChangesOnRingScopingPage()
                        in
                        C:\automaster\_work\3\s\DashworksTestAutomationCore\Tests\EvergreenJnr\EvergreenJnr_Planning\Planning_RingScoping_Part8.feature:line
                        100&#xD;
                        at
                        TechTalk.SpecRun.Framework.TaskExecutors.StaticOrInstanceMethodExecutor.ExecuteInternal(ITestThreadExecutionContext
                        testThreadExecutionContext)&#xD;
                        at
                        TechTalk.SpecRun.Framework.TaskExecutors.StaticOrInstanceMethodExecutor.Execute(ITestThreadExecutionContext
                        testThreadExecutionContext)&#xD;
                        at TechTalk.SpecRun.Framework.TestNodeTask.Execute()
                    </StackTrace>
                </ErrorInfo>
            </Output>
        </UnitTestResult>
        <UnitTestResult executionId="b0c2143c-3bd3-4487-9551-4deac3c59393"
                        testId="0160f08a-9603-7962-56cb-5e9eb90a5c86"
                        testName="EvergreenJnr_Planning_CheckThatDefaultProjectIsNotDisplayedAfterClickingCancelOnAnotherProjectScopingParametersPageOnRingScoping"
                        computerName="automaster" duration="00:00:59.4859816"
                        startTime="2021-11-02T09:30:29.5695077+00:00"
                        endTime="2021-11-02T09:31:29.0554893+00:00"
                        testType="13cdc9d9-ddb5-4fa4-a97d-d965ccfc6d4b" outcome="Passed"
                        testListId="8c84fa94-04c1-424b-9868-57a2d4851a1d"
                        relativeResultsDirectory="b0c2143c-3bd3-4487-9551-4deac3c59393">
            <Output>
                <StdOut>-&gt; -&gt; Loading plugin
                    C:\automaster\_work\3\s\DashworksTestAutomationCore\bin\Debug\netcoreapp3.1\DashworksTestAutomationCore.dll&#xD;
                    -&gt; -&gt; Missing [assembly:RuntimePlugin] attribute in
                    DashworksTestAutomationCore, Version=1.0.0.0, Culture=neutral,
                    PublicKeyToken=null. Please check
                    https://go.specflow.org/doc-plugins for details.&#xD;
                    -&gt; -&gt; Loading plugin
                    C:\automaster\_work\3\s\DashworksTestAutomationCore\bin\Debug\netcoreapp3.1\SpecRun.Runtime.SpecFlowPlugin.dll&#xD;
                    -&gt; -&gt; Using default config&#xD;
                    &#xD;
                    &#xD;
                    -&gt; 11/2/2021 9:30:30 AM - INFO - TEST STARTED:
                    EvergreenJnr_Planning_CheckThatDefaultProjectIsNotDisplayedAfterClickingCancelOnAnotherProjectScopingParametersPageOnRingScoping&#xD;
                    &#xD;
                    Given User is logged in to the Evergreen&#xD;
                    -&gt; 11/2/2021 9:30:46 AM - INFO - Graph Client provide switched to
                    '01HV72ABXDFGMZR3LO5RB3ZCZZG3PT4XM5'&#xD;
                    -&gt; Navigating to the https://automaster.internal.juriba.com/&#xD;
                    -&gt; Navigating to the
                    https://automaster.internal.juriba.com/evergreen/&#xD;
                    -&gt; done: EvergreenJnr_Login.GivenUserIsLoggedInToTheEvergreen()
                    (5.2s)&#xD;
                    &#xD;
                    When Project created via API&#xD;
                    --- table step argument ---&#xD;
                    | ProjectName | Scope | ProjectTemplate | Mode |&#xD;
                    | 1_27446DAS_Project | All Devices | None | Standalone Project |&#xD;
                    -&gt; done: ProjectApiSteps.WhenUserCreateNewProjectViaApi(&lt;table&gt;)
                    (2.8s)&#xD;
                    &#xD;
                    When User clicks 'Planning' on the left-hand menu&#xD;
                    -&gt; done:
                    EvergreenJnr_LeftHandMenuNavigation.WhenUserClicksOnTheLeft_HandMenu("Planning")
                    (9.3s)&#xD;
                    &#xD;
                    When User enters '1_27446DAS_Project' text in the Search field for
                    'Project' column&#xD;
                    -&gt; done:
                    EvergreenJnr_BaseGrid.WhenUserEntersTextInTheSearchFieldForColumn("1_27446DAS_Project",
                    "Project") (10.9s)&#xD;
                    &#xD;
                    When User clicks on '1_27446DAS_Project' cell from 'Project' column&#xD;
                    -&gt; done:
                    EvergreenJnr_BaseGrid.WhenUserClicksOnCellFromColumn("1_27446DAS_Project",
                    "Project") (7.1s)&#xD;
                    &#xD;
                    When User navigates to the 'Scoping Parameters' left submenu item&#xD;
                    -&gt; done:
                    EvergreenJnr_LeftMenuNavigation.WhenUserNavigatesToTheParentLeftSubmenuItem("Scoping
                    Parameters") (1.6s)&#xD;
                    &#xD;
                    When User clicks 'Cancel' button&#xD;
                    -&gt; done: ButtonSteps.WhenUserClicksButton("Cancel") (0.2s)&#xD;
                    &#xD;
                    Then Page with '1_27446DAS_Project' header is displayed to user&#xD;
                    -&gt; done:
                    EvergreenJnr_BaseHeader.ThenPageWithHeaderIsDisplayedToUser("1_27446DAS_Project")
                    (1.5s)&#xD;
                    &#xD;
                    &#xD;
                    -&gt; Test status is 'Passed'&#xD;
                    -&gt; TEST STATUS WAS POSTED:
                    EvergreenJnr_Planning_CheckThatDefaultProjectIsNotDisplayedAfterClickingCancelOnAnotherProjectScopingParametersPageOnRingScoping&#xD;
                    -&gt; Test finished on:
                    https://automaster.internal.juriba.com/evergreen/#/planning/ringscoping/statistics?$projectId=132&#xD;
                    -&gt; 11/2/2021 9:31:25 AM - ERROR - Error during Custom list
                    deleting: System.Exception: Database query returns zero results&#xD;
                    -&gt; at
                    DashworksTestAutomation.Helpers.DatabaseHelper.ExecuteReader(String
                    query, Int32 columnIndex) in
                    C:\automaster\_work\3\s\DashworksTestAutomationCore\Helpers\DatabaseHelper.cs:line
                    59&#xD;
                    -&gt; at
                    DashworksTestAutomation.Steps.Dashworks.CustomList.AfterScenario.RemoveCustomListMethods.RemoveUserLists()
                    in
                    C:\automaster\_work\3\s\DashworksTestAutomationCore\Steps\Dashworks\CustomList\AfterScenario\RemoveCustomListMethods.cs:line
                    33&#xD;
                    -&gt; 11/2/2021 9:31:25 AM - ERROR - Error during Custom list
                    deleting: System.Exception: Database query returns zero results&#xD;
                    -&gt; at
                    DashworksTestAutomation.Helpers.DatabaseHelper.ExecuteReader(String
                    query, Int32 columnIndex) in
                    C:\automaster\_work\3\s\DashworksTestAutomationCore\Helpers\DatabaseHelper.cs:line
                    59&#xD;
                    -&gt; at
                    DashworksTestAutomation.Steps.Dashworks.CustomList.AfterScenario.RemoveCustomListMethods.RemoveUserLists()
                    in
                    C:\automaster\_work\3\s\DashworksTestAutomationCore\Steps\Dashworks\CustomList\AfterScenario\RemoveCustomListMethods.cs:line
                    33&#xD;
                    -&gt; 11/2/2021 9:31:25 AM - INFO - The '1_27446DAS_Project' project
                    with '132' id has been deleted&#xD;
                    -&gt; 11/2/2021 9:31:29 AM - INFO - TEST FINISHED:
                    EvergreenJnr_Planning_CheckThatDefaultProjectIsNotDisplayedAfterClickingCancelOnAnotherProjectScopingParametersPageOnRingScoping
                </StdOut>
            </Output>
        </UnitTestResult>
        <UnitTestResult executionId="99529a67-8b74-4510-ae0d-abb34b431fbe"
                        testId="8e74fb19-53e1-cf20-e48c-5374a984c226"
                        testName="EvergreenJnr_Planning_CheckThatContentCanBeSortedByAnyColumn"
                        computerName="automaster" duration="00:00:30.4536927"
                        startTime="2021-11-02T09:31:27.7276948+00:00"
                        endTime="2021-11-02T09:31:58.1813875+00:00"
                        testType="13cdc9d9-ddb5-4fa4-a97d-d965ccfc6d4b" outcome="Failed"
                        testListId="8c84fa94-04c1-424b-9868-57a2d4851a1d"
                        relativeResultsDirectory="99529a67-8b74-4510-ae0d-abb34b431fbe">
            <Output>
                <StdOut>-&gt; 11/2/2021 9:31:27 AM - INFO - TEST STARTED:
                    EvergreenJnr_Planning_CheckThatContentCanBeSortedByAnyColumn&#xD;
                    &#xD;
                    Given User is logged in to the Evergreen&#xD;
                    -&gt; Navigating to the https://automaster.internal.juriba.com/&#xD;
                    -&gt; Navigating to the
                    https://automaster.internal.juriba.com/evergreen/&#xD;
                    -&gt; done: EvergreenJnr_Login.GivenUserIsLoggedInToTheEvergreen()
                    (2.7s)&#xD;
                    &#xD;
                    Then Evergreen Dashboards page should be displayed to the user&#xD;
                    -&gt; done:
                    EvergreenJnr_Login.ThenEvergreenDashboardsPageShouldBeDisplayedToTheUser()
                    (1.9s)&#xD;
                    &#xD;
                    When User clicks 'Planning' on the left-hand menu&#xD;
                    -&gt; done:
                    EvergreenJnr_LeftHandMenuNavigation.WhenUserClicksOnTheLeft_HandMenu("Planning")
                    (1.6s)&#xD;
                    &#xD;
                    Then Page with 'Ring Scoping' header is displayed to user&#xD;
                    -&gt; done:
                    EvergreenJnr_BaseHeader.ThenPageWithHeaderIsDisplayedToUser("Ring
                    Scoping") (2.1s)&#xD;
                    &#xD;
                    When User clicks on 'Project' column header&#xD;
                    -&gt; done:
                    EvergreenJnr_BaseGrid.WhenUserClicksOnColumnHeader("Project") (4.6s)&#xD;
                    &#xD;
                    Then data in table is sorted by 'Project' column in ascending order&#xD;
                    -&gt; Expected &lt; "*Project K-Computer Scheduled Project",
                    "01_24508DAS_Project", "1_23726DAS_Project", "1_24862DAS_Project",
                    "1_24956DAS_Project", "1_25785DAS_Project", "1_26560DAS_Project",
                    "1_26806DAS_Project", "1_26881DAS_Project", "1_27286DAS_Project"...
                    &gt;&#xD;
                    -&gt; But was: &lt; "*Project K-Computer Scheduled Project",
                    "01_24508DAS_Project", "1_23726DAS_Project", "1_24862DAS_Project",
                    "1_24956DAS_Project", "1_25785DAS_Project", "1_26560DAS_Project",
                    "1_26806DAS_Project", "1_26881DAS_Project", "1_27286DAS_Project"...
                    &gt;&#xD;
                    -&gt; Incorrect sorting order. Expected order is 'ascending'&#xD;
                    -&gt; Expected "ProjectForScenarious"&#xD;
                    -&gt; But was: "Project-KM56-devices"&#xD;
                    -&gt; Incorrect sorting order. Expected order is 'ascending'&#xD;
                    -&gt; error: Incorrect sorting order. Expected order is 'ascending'&#xD;
                    -&gt; Expected: "ProjectForScenarious"&#xD;
                    -&gt; But was: "Project-KM56-devices" (6.2s)&#xD;
                    &#xD;
                    Then There are no errors in the browser console&#xD;
                    -&gt; skipped because of previous errors&#xD;
                    &#xD;
                    When User scrolls grid to the top&#xD;
                    -&gt; skipped because of previous errors&#xD;
                    &#xD;
                    When User clicks on 'Rings' column header&#xD;
                    -&gt; skipped because of previous errors&#xD;
                    &#xD;
                    Then data in table is sorted by 'Rings' column in descending order&#xD;
                    -&gt; skipped because of previous errors&#xD;
                    &#xD;
                    Then There are no errors in the browser console&#xD;
                    -&gt; skipped because of previous errors&#xD;
                    &#xD;
                    &#xD;
                    -&gt; Test status is 'Failed'&#xD;
                    -&gt; Check screenshot by following path:
                    c:\Screenshots\EvergreenJnr_Planning_CheckThatContentCanBeSortedByAnyColumn_2021_11_02_09_31_54.png&#xD;
                    -&gt; TEST STATUS WAS POSTED:
                    EvergreenJnr_Planning_CheckThatContentCanBeSortedByAnyColumn&#xD;
                    -&gt; Test finished on:
                    https://automaster.internal.juriba.com/evergreen/#/planning/ringscopings&#xD;
                    -&gt; 11/2/2021 9:31:58 AM - INFO - TEST FINISHED:
                    EvergreenJnr_Planning_CheckThatContentCanBeSortedByAnyColumn
                </StdOut>
                <StdErr>Incorrect sorting order. Expected order is 'ascending'&#xD;
                    Expected: "ProjectForScenarious"&#xD;
                    But was: "Project-KM56-devices"&#xD;
                    System.Exception: Incorrect sorting order. Expected order is
                    'ascending'&#xD;
                    Expected: "ProjectForScenarious"&#xD;
                    But was: "Project-KM56-devices"&#xD;
                    at AutomationUtils.Utils.Verify.That[TActual](TActual actual,
                    IResolveConstraint expression, String message, Object[] args)&#xD;
                    at AutomationUtils.Utils.Verify.AreEqual(Object expected, Object
                    actual, String message, Object[] args)&#xD;
                    at DashworksTestAutomation.Helpers.SortingHelper.IsListSorted(List`1
                    originalList, ColumnSortingOrder order) in
                    C:\automaster\_work\3\s\DashworksTestAutomationCore\Helpers\SortingHelper.cs:line
                    49&#xD;
                    at
                    DashworksTestAutomation.Steps.Dashworks.Base.EvergreenJnr_BaseGrid.CheckThatDataIsSortedInColumn(String
                    columnName, ColumnSortingOrder order, Int32 rowsCount) in
                    C:\automaster\_work\3\s\DashworksTestAutomationCore\Steps\Dashworks\Base\EvergreenJnr_BaseGrid.cs:line
                    763&#xD;
                    at
                    DashworksTestAutomation.Steps.Dashworks.Base.EvergreenJnr_BaseGrid.ThenDataInTableIsSortedByColumnInAscendingOrder(String
                    columnName) in
                    C:\automaster\_work\3\s\DashworksTestAutomationCore\Steps\Dashworks\Base\EvergreenJnr_BaseGrid.cs:line
                    738&#xD;
                    at TechTalk.SpecFlow.Bindings.BindingInvoker.InvokeBinding(IBinding
                    binding, IContextManager contextManager, Object[] arguments,
                    ITestTracer testTracer, TimeSpan&amp; duration) in
                    D:\a\1\s\TechTalk.SpecFlow\Bindings\BindingInvoker.cs:line 73&#xD;
                    at
                    TechTalk.SpecFlow.Infrastructure.TestExecutionEngine.ExecuteStepMatch(BindingMatch
                    match, Object[] arguments, TimeSpan&amp; duration) in
                    D:\a\1\s\TechTalk.SpecFlow\Infrastructure\TestExecutionEngine.cs:line
                    522&#xD;
                    at
                    TechTalk.SpecRun.SpecFlowPlugin.Runtime.RunnerTestExecutionEngine.ExecuteStepMatch(BindingMatch
                    match, Object[] arguments, TimeSpan&amp; duration)&#xD;
                    at
                    TechTalk.SpecFlow.Infrastructure.TestExecutionEngine.ExecuteStep(IContextManager
                    contextManager, StepInstance stepInstance) in
                    D:\a\1\s\TechTalk.SpecFlow\Infrastructure\TestExecutionEngine.cs:line
                    446&#xD;
                    at
                    TechTalk.SpecFlow.Infrastructure.TestExecutionEngine.OnAfterLastStep()
                    in
                    D:\a\1\s\TechTalk.SpecFlow\Infrastructure\TestExecutionEngine.cs:line
                    268&#xD;
                    at
                    TechTalk.SpecRun.SpecFlowPlugin.Runtime.RunnerTestExecutionEngine.OnAfterLastStep()&#xD;
                    at TechTalk.SpecFlow.TestRunner.CollectScenarioErrors() in
                    D:\a\1\s\TechTalk.SpecFlow\TestRunner.cs:line 60&#xD;
                    at
                    DashworksTestAutomationCore.Tests.EvergreenJnr.EvergreenJnr_Planning.Planning_RingScoping_Part1Feature.ScenarioCleanup()&#xD;
                    at
                    DashworksTestAutomationCore.Tests.EvergreenJnr.EvergreenJnr_Planning.Planning_RingScoping_Part1Feature.EvergreenJnr_Planning_CheckThatContentCanBeSortedByAnyColumn()
                    in
                    C:\automaster\_work\3\s\DashworksTestAutomationCore\Tests\EvergreenJnr\EvergreenJnr_Planning\Planning_RingScoping_Part1.feature:line
                    18&#xD;
                    at
                    TechTalk.SpecRun.Framework.TaskExecutors.StaticOrInstanceMethodExecutor.ExecuteInternal(ITestThreadExecutionContext
                    testThreadExecutionContext)&#xD;
                    at
                    TechTalk.SpecRun.Framework.TaskExecutors.StaticOrInstanceMethodExecutor.Execute(ITestThreadExecutionContext
                    testThreadExecutionContext)&#xD;
                    at TechTalk.SpecRun.Framework.TestNodeTask.Execute()
                </StdErr>
                <ErrorInfo>
                    <Message>Incorrect sorting order. Expected order is 'ascending'&#xD;
                        Expected: "ProjectForScenarious"&#xD;
                        But was: "Project-KM56-devices"
                    </Message>
                    <StackTrace>System.Exception: Incorrect sorting order. Expected
                        order is 'ascending'&#xD;
                        Expected: "ProjectForScenarious"&#xD;
                        But was: "Project-KM56-devices"&#xD;
                        at AutomationUtils.Utils.Verify.That[TActual](TActual actual,
                        IResolveConstraint expression, String message, Object[] args)&#xD;
                        at AutomationUtils.Utils.Verify.AreEqual(Object expected, Object
                        actual, String message, Object[] args)&#xD;
                        at
                        DashworksTestAutomation.Helpers.SortingHelper.IsListSorted(List`1
                        originalList, ColumnSortingOrder order) in
                        C:\automaster\_work\3\s\DashworksTestAutomationCore\Helpers\SortingHelper.cs:line
                        49&#xD;
                        at
                        DashworksTestAutomation.Steps.Dashworks.Base.EvergreenJnr_BaseGrid.CheckThatDataIsSortedInColumn(String
                        columnName, ColumnSortingOrder order, Int32 rowsCount) in
                        C:\automaster\_work\3\s\DashworksTestAutomationCore\Steps\Dashworks\Base\EvergreenJnr_BaseGrid.cs:line
                        763&#xD;
                        at
                        DashworksTestAutomation.Steps.Dashworks.Base.EvergreenJnr_BaseGrid.ThenDataInTableIsSortedByColumnInAscendingOrder(String
                        columnName) in
                        C:\automaster\_work\3\s\DashworksTestAutomationCore\Steps\Dashworks\Base\EvergreenJnr_BaseGrid.cs:line
                        738&#xD;
                        at
                        TechTalk.SpecFlow.Bindings.BindingInvoker.InvokeBinding(IBinding
                        binding, IContextManager contextManager, Object[] arguments,
                        ITestTracer testTracer, TimeSpan&amp; duration) in
                        D:\a\1\s\TechTalk.SpecFlow\Bindings\BindingInvoker.cs:line 73&#xD;
                        at
                        TechTalk.SpecFlow.Infrastructure.TestExecutionEngine.ExecuteStepMatch(BindingMatch
                        match, Object[] arguments, TimeSpan&amp; duration) in
                        D:\a\1\s\TechTalk.SpecFlow\Infrastructure\TestExecutionEngine.cs:line
                        522&#xD;
                        at
                        TechTalk.SpecRun.SpecFlowPlugin.Runtime.RunnerTestExecutionEngine.ExecuteStepMatch(BindingMatch
                        match, Object[] arguments, TimeSpan&amp; duration)&#xD;
                        at
                        TechTalk.SpecFlow.Infrastructure.TestExecutionEngine.ExecuteStep(IContextManager
                        contextManager, StepInstance stepInstance) in
                        D:\a\1\s\TechTalk.SpecFlow\Infrastructure\TestExecutionEngine.cs:line
                        446&#xD;
                        at
                        TechTalk.SpecFlow.Infrastructure.TestExecutionEngine.OnAfterLastStep()
                        in
                        D:\a\1\s\TechTalk.SpecFlow\Infrastructure\TestExecutionEngine.cs:line
                        268&#xD;
                        at
                        TechTalk.SpecRun.SpecFlowPlugin.Runtime.RunnerTestExecutionEngine.OnAfterLastStep()&#xD;
                        at TechTalk.SpecFlow.TestRunner.CollectScenarioErrors() in
                        D:\a\1\s\TechTalk.SpecFlow\TestRunner.cs:line 60&#xD;
                        at
                        DashworksTestAutomationCore.Tests.EvergreenJnr.EvergreenJnr_Planning.Planning_RingScoping_Part1Feature.ScenarioCleanup()&#xD;
                        at
                        DashworksTestAutomationCore.Tests.EvergreenJnr.EvergreenJnr_Planning.Planning_RingScoping_Part1Feature.EvergreenJnr_Planning_CheckThatContentCanBeSortedByAnyColumn()
                        in
                        C:\automaster\_work\3\s\DashworksTestAutomationCore\Tests\EvergreenJnr\EvergreenJnr_Planning\Planning_RingScoping_Part1.feature:line
                        18&#xD;
                        at
                        TechTalk.SpecRun.Framework.TaskExecutors.StaticOrInstanceMethodExecutor.ExecuteInternal(ITestThreadExecutionContext
                        testThreadExecutionContext)&#xD;
                        at
                        TechTalk.SpecRun.Framework.TaskExecutors.StaticOrInstanceMethodExecutor.Execute(ITestThreadExecutionContext
                        testThreadExecutionContext)&#xD;
                        at TechTalk.SpecRun.Framework.TestNodeTask.Execute()
                    </StackTrace>
                </ErrorInfo>
            </Output>
        </UnitTestResult>
    </Results>
    <TestDefinitions>
        <UnitTest
                name="EvergreenJnr_Planning_CheckThatShowChartsToggleIsTurningOnAfterChangeProjectOnStatisticPageOnRingScoping in Planning_RingScoping_Part11"
                storage="c:\automaster\_work\3\s\dashworkstestautomationcore\bin\debug\netcoreapp3.1\dashworkstestautomationcore.dll"
                id="3462d949-dc0d-f542-c43c-40bb690b0230">
            <Execution id="f1ff806b-5c25-4022-b989-a6b6f9bda89e"/>
            <TestMethod
                    codeBase="C:\automaster\_work\3\s\DashworksTestAutomationCore\bin\Debug\netcoreapp3.1\DashworksTestAutomationCore.dll"
                    adapterTypeName="executor://specrun/executorV3.6.2"
                    className="DashworksTestAutomationCore.Planning_RingScoping_Part11"
                    name="#()::TestAssembly:DashworksTestAutomationCore/Feature:Planning_RingScoping_Part11/Scenario:EvergreenJnr_Planning_CheckThatShowChartsToggleIsTurningOnAfterChangeProjectOnStatisticPageOnRingScoping"/>
        </UnitTest>
        <UnitTest
                name="EvergreenJnr_Planning_CheckValidationMassageForMinAndMaxNumberOfDevices in Planning_RingScoping_Part3"
                storage="c:\automaster\_work\3\s\dashworkstestautomationcore\bin\debug\netcoreapp3.1\dashworkstestautomationcore.dll"
                id="e5c27e07-9dea-e2d2-b4d7-1f1b218a90cd">
            <Execution id="83292644-f546-4d31-a08a-cf20c97c2492"/>
            <TestMethod
                    codeBase="C:\automaster\_work\3\s\DashworksTestAutomationCore\bin\Debug\netcoreapp3.1\DashworksTestAutomationCore.dll"
                    adapterTypeName="executor://specrun/executorV3.6.2"
                    className="DashworksTestAutomationCore.Planning_RingScoping_Part3"
                    name="#()::TestAssembly:DashworksTestAutomationCore/Feature:Planning_RingScoping_Part3/Scenario:EvergreenJnr_Planning_CheckValidationMassageForMinAndMaxNumberOfDevices"/>
        </UnitTest>
        <UnitTest
                name="EvergreenJnr_Planning_CheckThatTableHasACorrectValuesOnScopingParametersPageFromRingScoping in Planning_RingScoping_Part6"
                storage="c:\automaster\_work\3\s\dashworkstestautomationcore\bin\debug\netcoreapp3.1\dashworkstestautomationcore.dll"
                id="474cb37e-4928-eb30-232f-36566f4cd3fa">
            <Execution id="a2d0f310-e033-4a2e-ad48-0e7994aafcd4"/>
            <TestMethod
                    codeBase="C:\automaster\_work\3\s\DashworksTestAutomationCore\bin\Debug\netcoreapp3.1\DashworksTestAutomationCore.dll"
                    adapterTypeName="executor://specrun/executorV3.6.2"
                    className="DashworksTestAutomationCore.Planning_RingScoping_Part6"
                    name="#()::TestAssembly:DashworksTestAutomationCore/Feature:Planning_RingScoping_Part6/Scenario:EvergreenJnr_Planning_CheckThatTableHasACorrectValuesOnScopingParametersPageFromRingScoping"/>
        </UnitTest>
        <UnitTest
                name="EvergreenJnr_Planning_CheckThatClearAllButtonResetMinimumDevicesPerAppToOneAndClearsOtherFields in Planning_RingScoping_Part13"
                storage="c:\automaster\_work\3\s\dashworkstestautomationcore\bin\debug\netcoreapp3.1\dashworkstestautomationcore.dll"
                id="96ab5986-f550-d7a2-6924-538f0422834b">
            <Execution id="c40a6b29-1da6-4d25-bb48-becfa094d391"/>
            <TestMethod
                    codeBase="C:\automaster\_work\3\s\DashworksTestAutomationCore\bin\Debug\netcoreapp3.1\DashworksTestAutomationCore.dll"
                    adapterTypeName="executor://specrun/executorV3.6.2"
                    className="DashworksTestAutomationCore.Planning_RingScoping_Part13"
                    name="#()::TestAssembly:DashworksTestAutomationCore/Feature:Planning_RingScoping_Part13/Scenario:EvergreenJnr_Planning_CheckThatClearAllButtonResetMinimumDevicesPerAppToOneAndClearsOtherFields"/>
        </UnitTest>
        <UnitTest
                name="EvergreenJnr_Planning_CheckThatWasUpdatedScenariosToReturningToTheStatisticPageFromRingScoping in Planning_RingScoping_Part7"
                storage="c:\automaster\_work\3\s\dashworkstestautomationcore\bin\debug\netcoreapp3.1\dashworkstestautomationcore.dll"
                id="19f94ea4-0898-2a35-32e6-949e2fb057d8">
            <Execution id="a2d86f9e-3f2f-42fc-bee5-64f472a824d1"/>
            <TestMethod
                    codeBase="C:\automaster\_work\3\s\DashworksTestAutomationCore\bin\Debug\netcoreapp3.1\DashworksTestAutomationCore.dll"
                    adapterTypeName="executor://specrun/executorV3.6.2"
                    className="DashworksTestAutomationCore.Planning_RingScoping_Part7"
                    name="#()::TestAssembly:DashworksTestAutomationCore/Feature:Planning_RingScoping_Part7/Scenario:EvergreenJnr_Planning_CheckThatWasUpdatedScenariosToReturningToTheStatisticPageFromRingScoping"/>
        </UnitTest>
        <UnitTest
                name="EvergreenJnr_Planning_CheckThatDefaultProjectIsNotDisplayedAfterClickingCancelOnAnotherProjectScopingParametersPageOnRingScoping in Planning_RingScoping_Part10"
                storage="c:\automaster\_work\3\s\dashworkstestautomationcore\bin\debug\netcoreapp3.1\dashworkstestautomationcore.dll"
                id="0160f08a-9603-7962-56cb-5e9eb90a5c86">
            <Execution id="b0c2143c-3bd3-4487-9551-4deac3c59393"/>
            <TestMethod
                    codeBase="C:\automaster\_work\3\s\DashworksTestAutomationCore\bin\Debug\netcoreapp3.1\DashworksTestAutomationCore.dll"
                    adapterTypeName="executor://specrun/executorV3.6.2"
                    className="DashworksTestAutomationCore.Planning_RingScoping_Part10"
                    name="#()::TestAssembly:DashworksTestAutomationCore/Feature:Planning_RingScoping_Part10/Scenario:EvergreenJnr_Planning_CheckThatDefaultProjectIsNotDisplayedAfterClickingCancelOnAnotherProjectScopingParametersPageOnRingScoping"/>
        </UnitTest>
        <UnitTest
                name="EvergreenJnr_Planning_CheckThatUpdateAndRedistributeButtonIsEnabledForAnyDDLOptionAfterClearingTargets in Planning_RingScoping_Part17"
                storage="c:\automaster\_work\3\s\dashworkstestautomationcore\bin\debug\netcoreapp3.1\dashworkstestautomationcore.dll"
                id="9c5274ca-8d0a-53f3-c043-f9fe695069e3">
            <Execution id="765fe0b7-3521-40b5-a7ab-f5a7a5cb9266"/>
            <TestMethod
                    codeBase="C:\automaster\_work\3\s\DashworksTestAutomationCore\bin\Debug\netcoreapp3.1\DashworksTestAutomationCore.dll"
                    adapterTypeName="executor://specrun/executorV3.6.2"
                    className="DashworksTestAutomationCore.Planning_RingScoping_Part17"
                    name="#()::TestAssembly:DashworksTestAutomationCore/Feature:Planning_RingScoping_Part17/Scenario:EvergreenJnr_Planning_CheckThatUpdateAndRedistributeButtonIsEnabledForAnyDDLOptionAfterClearingTargets"/>
        </UnitTest>
        <UnitTest
                name="EvergreenJnr_Planning_CheckDropdownStateInPagesRelatedToChangesOnRingScopingPage in Planning_RingScoping_Part8"
                storage="c:\automaster\_work\3\s\dashworkstestautomationcore\bin\debug\netcoreapp3.1\dashworkstestautomationcore.dll"
                id="1d8bdce8-0c90-7c03-6dc5-c0c585648ca6">
            <Execution id="042b1281-79a1-4c38-bcd3-f94ed4fbd448"/>
            <TestMethod
                    codeBase="C:\automaster\_work\3\s\DashworksTestAutomationCore\bin\Debug\netcoreapp3.1\DashworksTestAutomationCore.dll"
                    adapterTypeName="executor://specrun/executorV3.6.2"
                    className="DashworksTestAutomationCore.Planning_RingScoping_Part8"
                    name="#()::TestAssembly:DashworksTestAutomationCore/Feature:Planning_RingScoping_Part8/Scenario:EvergreenJnr_Planning_CheckDropdownStateInPagesRelatedToChangesOnRingScopingPage"/>
        </UnitTest>
        <UnitTest
                name="EvergreenJnr_Planning_CheckThatAllColumnsAreDisplayedInScopingChangesGridFromRingScoping in Planning_RingScoping_Part4"
                storage="c:\automaster\_work\3\s\dashworkstestautomationcore\bin\debug\netcoreapp3.1\dashworkstestautomationcore.dll"
                id="b08399c5-504d-c847-1c23-456027f25c0e">
            <Execution id="ac544d0c-a2ec-4650-86a9-ff1064d7899a"/>
            <TestMethod
                    codeBase="C:\automaster\_work\3\s\DashworksTestAutomationCore\bin\Debug\netcoreapp3.1\DashworksTestAutomationCore.dll"
                    adapterTypeName="executor://specrun/executorV3.6.2"
                    className="DashworksTestAutomationCore.Planning_RingScoping_Part4"
                    name="#()::TestAssembly:DashworksTestAutomationCore/Feature:Planning_RingScoping_Part4/Scenario:EvergreenJnr_Planning_CheckThatAllColumnsAreDisplayedInScopingChangesGridFromRingScoping"/>
        </UnitTest>
        <UnitTest
                name="EvergreenJnr_Planning_CheckThatRedistributionProcessingIsCanceledWhenUserRefreshesThePage in Planning_RingScoping_Part16"
                storage="c:\automaster\_work\3\s\dashworkstestautomationcore\bin\debug\netcoreapp3.1\dashworkstestautomationcore.dll"
                id="c968dad4-6437-1f27-1ba2-e94b403e538a">
            <Execution id="70daddf1-d515-4bb3-9a1f-4aeddae225c6"/>
            <TestMethod
                    codeBase="C:\automaster\_work\3\s\DashworksTestAutomationCore\bin\Debug\netcoreapp3.1\DashworksTestAutomationCore.dll"
                    adapterTypeName="executor://specrun/executorV3.6.2"
                    className="DashworksTestAutomationCore.Planning_RingScoping_Part16"
                    name="#()::TestAssembly:DashworksTestAutomationCore/Feature:Planning_RingScoping_Part16/Scenario:EvergreenJnr_Planning_CheckThatRedistributionProcessingIsCanceledWhenUserRefreshesThePage"/>
        </UnitTest>
        <UnitTest
                name="EvergreenJnr_Planning_CheckThatHelpPanelIsNotDisplayingUnnecessaryOnStatisticPageOnRingScoping in Planning_RingScoping_Part13"
                storage="c:\automaster\_work\3\s\dashworkstestautomationcore\bin\debug\netcoreapp3.1\dashworkstestautomationcore.dll"
                id="96436ac7-fbce-a81f-a37b-7066bda4855f">
            <Execution id="d6377fd7-bb88-4973-9733-c3c79c66c196"/>
            <TestMethod
                    codeBase="C:\automaster\_work\3\s\DashworksTestAutomationCore\bin\Debug\netcoreapp3.1\DashworksTestAutomationCore.dll"
                    adapterTypeName="executor://specrun/executorV3.6.2"
                    className="DashworksTestAutomationCore.Planning_RingScoping_Part13"
                    name="#()::TestAssembly:DashworksTestAutomationCore/Feature:Planning_RingScoping_Part13/Scenario:EvergreenJnr_Planning_CheckThatHelpPanelIsNotDisplayingUnnecessaryOnStatisticPageOnRingScoping"/>
        </UnitTest>
        <UnitTest
                name="EvergreenJnr_Planning_CheckThatProjectThatSelectedAsDefalutForUserIsUsingAsDefaultOnRingScopingPage in Planning_RingScoping_Part7"
                storage="c:\automaster\_work\3\s\dashworkstestautomationcore\bin\debug\netcoreapp3.1\dashworkstestautomationcore.dll"
                id="284e74a9-c248-c500-5f70-750fe3cb79f1">
            <Execution id="cc666b09-1b89-4eea-9643-2d62cacb31d1"/>
            <TestMethod
                    codeBase="C:\automaster\_work\3\s\DashworksTestAutomationCore\bin\Debug\netcoreapp3.1\DashworksTestAutomationCore.dll"
                    adapterTypeName="executor://specrun/executorV3.6.2"
                    className="DashworksTestAutomationCore.Planning_RingScoping_Part7"
                    name="#()::TestAssembly:DashworksTestAutomationCore/Feature:Planning_RingScoping_Part7/Scenario:EvergreenJnr_Planning_CheckThatProjectThatSelectedAsDefalutForUserIsUsingAsDefaultOnRingScopingPage"/>
        </UnitTest>
        <UnitTest
                name="EvergreenJnr_Planning_CheckThatSoftwareCheckboxIsCheckedAndDisabled in Planning_RingScoping_Part2"
                storage="c:\automaster\_work\3\s\dashworkstestautomationcore\bin\debug\netcoreapp3.1\dashworkstestautomationcore.dll"
                id="cca7bbc1-d7b9-3da5-219b-c09f9c2da23b">
            <Execution id="b3e5467f-591d-43b3-b320-9033373eacba"/>
            <TestMethod
                    codeBase="C:\automaster\_work\3\s\DashworksTestAutomationCore\bin\Debug\netcoreapp3.1\DashworksTestAutomationCore.dll"
                    adapterTypeName="executor://specrun/executorV3.6.2"
                    className="DashworksTestAutomationCore.Planning_RingScoping_Part2"
                    name="#()::TestAssembly:DashworksTestAutomationCore/Feature:Planning_RingScoping_Part2/Scenario:EvergreenJnr_Planning_CheckThatSoftwareCheckboxIsCheckedAndDisabled"/>
        </UnitTest>
        <UnitTest
                name="EvergreenJnr_Planning_CheckThatEvaluateSoftwareCheckboxIsCheckedAndDisabledByDefault in Planning_RingScoping_Part17"
                storage="c:\automaster\_work\3\s\dashworkstestautomationcore\bin\debug\netcoreapp3.1\dashworkstestautomationcore.dll"
                id="e6db5a78-6984-aabc-c2ac-667a67c4f205">
            <Execution id="628468b3-bb90-44b3-a3ac-45f34452ffc1"/>
            <TestMethod
                    codeBase="C:\automaster\_work\3\s\DashworksTestAutomationCore\bin\Debug\netcoreapp3.1\DashworksTestAutomationCore.dll"
                    adapterTypeName="executor://specrun/executorV3.6.2"
                    className="DashworksTestAutomationCore.Planning_RingScoping_Part17"
                    name="#()::TestAssembly:DashworksTestAutomationCore/Feature:Planning_RingScoping_Part17/Scenario:EvergreenJnr_Planning_CheckThatEvaluateSoftwareCheckboxIsCheckedAndDisabledByDefault"/>
        </UnitTest>
        <UnitTest
                name="EvergreenJnr_Planning_CheckThatBeforeAndAfterChartIsDisplayedOnPreviewPage in Planning_RingScoping_Part18"
                storage="c:\automaster\_work\3\s\dashworkstestautomationcore\bin\debug\netcoreapp3.1\dashworkstestautomationcore.dll"
                id="a92a86eb-d6f9-b0c2-7fcb-c50a396c3fb6">
            <Execution id="f3c77b26-afc6-45a3-b16e-87e7aaaf7cc5"/>
            <TestMethod
                    codeBase="C:\automaster\_work\3\s\DashworksTestAutomationCore\bin\Debug\netcoreapp3.1\DashworksTestAutomationCore.dll"
                    adapterTypeName="executor://specrun/executorV3.6.2"
                    className="DashworksTestAutomationCore.Planning_RingScoping_Part18"
                    name="#()::TestAssembly:DashworksTestAutomationCore/Feature:Planning_RingScoping_Part18/Scenario:EvergreenJnr_Planning_CheckThatBeforeAndAfterChartIsDisplayedOnPreviewPage"/>
        </UnitTest>
        <UnitTest
                name="EvergreenJnr_Planning_CheckThatShowChartsToggleIsReturnedToToggleOnStateAfterChangingParametersOnStatisticPageOnRingScoping in Planning_RingScoping_Part10"
                storage="c:\automaster\_work\3\s\dashworkstestautomationcore\bin\debug\netcoreapp3.1\dashworkstestautomationcore.dll"
                id="d87b632b-93e1-f2be-fa66-09bf41a4949a">
            <Execution id="26bbd075-871b-4816-9fbd-2dc54fd53496"/>
            <TestMethod
                    codeBase="C:\automaster\_work\3\s\DashworksTestAutomationCore\bin\Debug\netcoreapp3.1\DashworksTestAutomationCore.dll"
                    adapterTypeName="executor://specrun/executorV3.6.2"
                    className="DashworksTestAutomationCore.Planning_RingScoping_Part10"
                    name="#()::TestAssembly:DashworksTestAutomationCore/Feature:Planning_RingScoping_Part10/Scenario:EvergreenJnr_Planning_CheckThatShowChartsToggleIsReturnedToToggleOnStateAfterChangingParametersOnStatisticPageOnRingScoping"/>
        </UnitTest>
        <UnitTest
                name="EvergreenJnr_Planning_CheckThatStatisticsCoverageMinimumNumberOfDevices in Planning_RingScoping_Part4"
                storage="c:\automaster\_work\3\s\dashworkstestautomationcore\bin\debug\netcoreapp3.1\dashworkstestautomationcore.dll"
                id="cec3aed3-207a-4b2c-9ee4-7597e6983692">
            <Execution id="c4cf6820-ea12-4302-81b3-c56d1b7d727b"/>
            <TestMethod
                    codeBase="C:\automaster\_work\3\s\DashworksTestAutomationCore\bin\Debug\netcoreapp3.1\DashworksTestAutomationCore.dll"
                    adapterTypeName="executor://specrun/executorV3.6.2"
                    className="DashworksTestAutomationCore.Planning_RingScoping_Part4"
                    name="#()::TestAssembly:DashworksTestAutomationCore/Feature:Planning_RingScoping_Part4/Scenario:EvergreenJnr_Planning_CheckThatStatisticsCoverageMinimumNumberOfDevices"/>
        </UnitTest>
        <UnitTest
                name="EvergreenJnr_Planning_CheckThatAppsHaveClickthrougLinksOnStatisticPageFromRingScoping in Planning_RingScoping_Part6"
                storage="c:\automaster\_work\3\s\dashworkstestautomationcore\bin\debug\netcoreapp3.1\dashworkstestautomationcore.dll"
                id="35b728ee-aa97-2010-6efb-8bfe95214ef6">
            <Execution id="6c21f943-9f78-4405-9211-6624ab045933"/>
            <TestMethod
                    codeBase="C:\automaster\_work\3\s\DashworksTestAutomationCore\bin\Debug\netcoreapp3.1\DashworksTestAutomationCore.dll"
                    adapterTypeName="executor://specrun/executorV3.6.2"
                    className="DashworksTestAutomationCore.Planning_RingScoping_Part6"
                    name="#()::TestAssembly:DashworksTestAutomationCore/Feature:Planning_RingScoping_Part6/Scenario:EvergreenJnr_Planning_CheckThatAppsHaveClickthrougLinksOnStatisticPageFromRingScoping"/>
        </UnitTest>
        <UnitTest
                name="EvergreenJnr_Planning_CheckThatMinDevicesPerAppIsUpdatedInTheFilterAfterRedistribution in Planning_RingScoping_Part18"
                storage="c:\automaster\_work\3\s\dashworkstestautomationcore\bin\debug\netcoreapp3.1\dashworkstestautomationcore.dll"
                id="d9e1664b-041a-ca3f-2a8e-774bf64bb30b">
            <Execution id="67864bda-f8c8-47b0-adaa-e2f2dcfcb90f"/>
            <TestMethod
                    codeBase="C:\automaster\_work\3\s\DashworksTestAutomationCore\bin\Debug\netcoreapp3.1\DashworksTestAutomationCore.dll"
                    adapterTypeName="executor://specrun/executorV3.6.2"
                    className="DashworksTestAutomationCore.Planning_RingScoping_Part18"
                    name="#()::TestAssembly:DashworksTestAutomationCore/Feature:Planning_RingScoping_Part18/Scenario:EvergreenJnr_Planning_CheckThatMinDevicesPerAppIsUpdatedInTheFilterAfterRedistribution"/>
        </UnitTest>
        <UnitTest
                name="EvergreenJnr_Planning_CheckSuccessBannerDisplayingUponUpdatingScopingParameters in Planning_RingScoping_Part2"
                storage="c:\automaster\_work\3\s\dashworkstestautomationcore\bin\debug\netcoreapp3.1\dashworkstestautomationcore.dll"
                id="3731d85d-f4b1-721a-d477-fa9c43bafe77">
            <Execution id="0bdf6f75-4992-4c5b-bf27-9c49f1586c5e"/>
            <TestMethod
                    codeBase="C:\automaster\_work\3\s\DashworksTestAutomationCore\bin\Debug\netcoreapp3.1\DashworksTestAutomationCore.dll"
                    adapterTypeName="executor://specrun/executorV3.6.2"
                    className="DashworksTestAutomationCore.Planning_RingScoping_Part2"
                    name="#()::TestAssembly:DashworksTestAutomationCore/Feature:Planning_RingScoping_Part2/Scenario:EvergreenJnr_Planning_CheckSuccessBannerDisplayingUponUpdatingScopingParameters"/>
        </UnitTest>
        <UnitTest
                name="EvergreenJnr_Planning_CheckThatGenerateStatisticsButtonIsNotDisabledAfterClickedSameButtonOnOtherProject in Planning_RingScoping_Part14"
                storage="c:\automaster\_work\3\s\dashworkstestautomationcore\bin\debug\netcoreapp3.1\dashworkstestautomationcore.dll"
                id="554d617d-ddfa-daaa-7e1e-cf7578d2697f">
            <Execution id="f6cc4bf7-408e-47b9-aa9e-e362052f69f9"/>
            <TestMethod
                    codeBase="C:\automaster\_work\3\s\DashworksTestAutomationCore\bin\Debug\netcoreapp3.1\DashworksTestAutomationCore.dll"
                    adapterTypeName="executor://specrun/executorV3.6.2"
                    className="DashworksTestAutomationCore.Planning_RingScoping_Part14"
                    name="#()::TestAssembly:DashworksTestAutomationCore/Feature:Planning_RingScoping_Part14/Scenario:EvergreenJnr_Planning_CheckThatGenerateStatisticsButtonIsNotDisabledAfterClickedSameButtonOnOtherProject"/>
        </UnitTest>
        <UnitTest
                name="EvergreenJnr_Planning_CheckThatClickthroughsHaveSameValueInOpenedFilteredListIfMinimumDevicesPerAppGreaterThanOne in Planning_RingScoping_Part17"
                storage="c:\automaster\_work\3\s\dashworkstestautomationcore\bin\debug\netcoreapp3.1\dashworkstestautomationcore.dll"
                id="7fb6490e-21e4-7e4b-8b85-bb280ebbe426">
            <Execution id="cef46b3c-a805-40d8-9bb0-8cae5c7c17ac"/>
            <TestMethod
                    codeBase="C:\automaster\_work\3\s\DashworksTestAutomationCore\bin\Debug\netcoreapp3.1\DashworksTestAutomationCore.dll"
                    adapterTypeName="executor://specrun/executorV3.6.2"
                    className="DashworksTestAutomationCore.Planning_RingScoping_Part17"
                    name="#()::TestAssembly:DashworksTestAutomationCore/Feature:Planning_RingScoping_Part17/Scenario:EvergreenJnr_Planning_CheckThatClickthroughsHaveSameValueInOpenedFilteredListIfMinimumDevicesPerAppGreaterThanOne"/>
        </UnitTest>
        <UnitTest
                name="EvergreenJnr_Planning_CheckThatTheUpdateAndRedistributeButtonIsEnabledWhenUserChangesTheCoverageDDLOptions in Planning_RingScoping_Part14"
                storage="c:\automaster\_work\3\s\dashworkstestautomationcore\bin\debug\netcoreapp3.1\dashworkstestautomationcore.dll"
                id="ae54743a-29a4-fa65-b3bf-c0e77a45e235">
            <Execution id="4ace003f-a5aa-4a42-8dc2-97fd6c901e66"/>
            <TestMethod
                    codeBase="C:\automaster\_work\3\s\DashworksTestAutomationCore\bin\Debug\netcoreapp3.1\DashworksTestAutomationCore.dll"
                    adapterTypeName="executor://specrun/executorV3.6.2"
                    className="DashworksTestAutomationCore.Planning_RingScoping_Part14"
                    name="#()::TestAssembly:DashworksTestAutomationCore/Feature:Planning_RingScoping_Part14/Scenario:EvergreenJnr_Planning_CheckThatTheUpdateAndRedistributeButtonIsEnabledWhenUserChangesTheCoverageDDLOptions"/>
        </UnitTest>
        <UnitTest
                name="EvergreenJnr_Planning_CheckThatNewFiguresInStatisticsTableIsShownAndWorksCorrectly in Planning_RingScoping_Part12"
                storage="c:\automaster\_work\3\s\dashworkstestautomationcore\bin\debug\netcoreapp3.1\dashworkstestautomationcore.dll"
                id="6760b177-0e80-883e-f1fd-f0a0de5ee5aa">
            <Execution id="a9776373-df3b-4cc1-8663-9f7fbdc34930"/>
            <TestMethod
                    codeBase="C:\automaster\_work\3\s\DashworksTestAutomationCore\bin\Debug\netcoreapp3.1\DashworksTestAutomationCore.dll"
                    adapterTypeName="executor://specrun/executorV3.6.2"
                    className="DashworksTestAutomationCore.Planning_RingScoping_Part12"
                    name="#()::TestAssembly:DashworksTestAutomationCore/Feature:Planning_RingScoping_Part12/Scenario:EvergreenJnr_Planning_CheckThatNewFiguresInStatisticsTableIsShownAndWorksCorrectly"/>
        </UnitTest>
        <UnitTest
                name="EvergreenJnr_Planning_CheckThatItsReachedTargetedCoverageOfChoosedRingOnStatisticPageFromRingScoping in Planning_RingScoping_Part7"
                storage="c:\automaster\_work\3\s\dashworkstestautomationcore\bin\debug\netcoreapp3.1\dashworkstestautomationcore.dll"
                id="ca054848-a5fa-0f18-61b7-d31e76dc5e29">
            <Execution id="85b87365-fc26-41c2-9da4-64d0f3273f69"/>
            <TestMethod
                    codeBase="C:\automaster\_work\3\s\DashworksTestAutomationCore\bin\Debug\netcoreapp3.1\DashworksTestAutomationCore.dll"
                    adapterTypeName="executor://specrun/executorV3.6.2"
                    className="DashworksTestAutomationCore.Planning_RingScoping_Part7"
                    name="#()::TestAssembly:DashworksTestAutomationCore/Feature:Planning_RingScoping_Part7/Scenario:EvergreenJnr_Planning_CheckThatItsReachedTargetedCoverageOfChoosedRingOnStatisticPageFromRingScoping"/>
        </UnitTest>
        <UnitTest
                name="EvergreenJnr_Planning_CheckThatThatMoveInOutOptionsAreAddedToRings in Planning_RingScoping_Part1"
                storage="c:\automaster\_work\3\s\dashworkstestautomationcore\bin\debug\netcoreapp3.1\dashworkstestautomationcore.dll"
                id="4e8b27f1-a0de-4151-0151-6e64f94b3fd5">
            <Execution id="bbc944db-59c7-4309-af76-0bf4a863aef3"/>
            <TestMethod
                    codeBase="C:\automaster\_work\3\s\DashworksTestAutomationCore\bin\Debug\netcoreapp3.1\DashworksTestAutomationCore.dll"
                    adapterTypeName="executor://specrun/executorV3.6.2"
                    className="DashworksTestAutomationCore.Planning_RingScoping_Part1"
                    name="#()::TestAssembly:DashworksTestAutomationCore/Feature:Planning_RingScoping_Part1/Scenario:EvergreenJnr_Planning_CheckThatThatMoveInOutOptionsAreAddedToRings"/>
        </UnitTest>
        <UnitTest
                name="EvergreenJnr_Planning_CheckThatThereAreNoErrorsInConsoleAfterNavigatingFromScopingParametersToStatistics in Planning_RingScoping_Part1"
                storage="c:\automaster\_work\3\s\dashworkstestautomationcore\bin\debug\netcoreapp3.1\dashworkstestautomationcore.dll"
                id="dba6984e-6403-6372-983f-8b2835728c2c">
            <Execution id="9479b938-e68b-4da4-9d98-e8afa52a8360"/>
            <TestMethod
                    codeBase="C:\automaster\_work\3\s\DashworksTestAutomationCore\bin\Debug\netcoreapp3.1\DashworksTestAutomationCore.dll"
                    adapterTypeName="executor://specrun/executorV3.6.2"
                    className="DashworksTestAutomationCore.Planning_RingScoping_Part1"
                    name="#()::TestAssembly:DashworksTestAutomationCore/Feature:Planning_RingScoping_Part1/Scenario:EvergreenJnr_Planning_CheckThatThereAreNoErrorsInConsoleAfterNavigatingFromScopingParametersToStatistics"/>
        </UnitTest>
        <UnitTest
                name="EvergreenJnr_Planning_CheckThatRedistributeAndRecalculateButtonsDisabledWhileProcessing in Planning_RingScoping_Part12"
                storage="c:\automaster\_work\3\s\dashworkstestautomationcore\bin\debug\netcoreapp3.1\dashworkstestautomationcore.dll"
                id="088babff-1828-9d03-7035-a25faa493d61">
            <Execution id="6bad8581-1609-4aa9-a028-5f96a092881b"/>
            <TestMethod
                    codeBase="C:\automaster\_work\3\s\DashworksTestAutomationCore\bin\Debug\netcoreapp3.1\DashworksTestAutomationCore.dll"
                    adapterTypeName="executor://specrun/executorV3.6.2"
                    className="DashworksTestAutomationCore.Planning_RingScoping_Part12"
                    name="#()::TestAssembly:DashworksTestAutomationCore/Feature:Planning_RingScoping_Part12/Scenario:EvergreenJnr_Planning_CheckThatRedistributeAndRecalculateButtonsDisabledWhileProcessing"/>
        </UnitTest>
        <UnitTest
                name="EvergreenJnr_Planning_CheckThatCurrentAndAfterChangesAndTrendArrowInStatisticsTableIsDisplayed in Planning_RingScoping_Part18"
                storage="c:\automaster\_work\3\s\dashworkstestautomationcore\bin\debug\netcoreapp3.1\dashworkstestautomationcore.dll"
                id="addee1de-a6a3-faa3-0853-d1ad2a24fa42">
            <Execution id="4a040c99-1cdc-4ec0-b785-9b8b92f0631c"/>
            <TestMethod
                    codeBase="C:\automaster\_work\3\s\DashworksTestAutomationCore\bin\Debug\netcoreapp3.1\DashworksTestAutomationCore.dll"
                    adapterTypeName="executor://specrun/executorV3.6.2"
                    className="DashworksTestAutomationCore.Planning_RingScoping_Part18"
                    name="#()::TestAssembly:DashworksTestAutomationCore/Feature:Planning_RingScoping_Part18/Scenario:EvergreenJnr_Planning_CheckThatCurrentAndAfterChangesAndTrendArrowInStatisticsTableIsDisplayed"/>
        </UnitTest>
        <UnitTest
                name="EvergreenJnr_Planning_CheckThatNotificationAboutStatisticsRecalculateIsAvailable in Planning_RingScoping_Part5"
                storage="c:\automaster\_work\3\s\dashworkstestautomationcore\bin\debug\netcoreapp3.1\dashworkstestautomationcore.dll"
                id="d02e4c8a-1401-691e-f5bf-4547987ca16d">
            <Execution id="7b972c2a-7911-44ab-8988-2fb69ba1a19a"/>
            <TestMethod
                    codeBase="C:\automaster\_work\3\s\DashworksTestAutomationCore\bin\Debug\netcoreapp3.1\DashworksTestAutomationCore.dll"
                    adapterTypeName="executor://specrun/executorV3.6.2"
                    className="DashworksTestAutomationCore.Planning_RingScoping_Part5"
                    name="#()::TestAssembly:DashworksTestAutomationCore/Feature:Planning_RingScoping_Part5/Scenario:EvergreenJnr_Planning_CheckThatNotificationAboutStatisticsRecalculateIsAvailable"/>
        </UnitTest>
        <UnitTest
                name="EvergreenJnr_Planning_CheckThatDevicesThatAreNotNeededToHitCoverageTargetsDropdownHasRightValues in Planning_RingScoping_Part15"
                storage="c:\automaster\_work\3\s\dashworkstestautomationcore\bin\debug\netcoreapp3.1\dashworkstestautomationcore.dll"
                id="c112118f-31e2-02bc-7664-420a0e5c7f0c">
            <Execution id="e86d0251-1bf7-4c81-9cfb-d062e23ecebc"/>
            <TestMethod
                    codeBase="C:\automaster\_work\3\s\DashworksTestAutomationCore\bin\Debug\netcoreapp3.1\DashworksTestAutomationCore.dll"
                    adapterTypeName="executor://specrun/executorV3.6.2"
                    className="DashworksTestAutomationCore.Planning_RingScoping_Part15"
                    name="#()::TestAssembly:DashworksTestAutomationCore/Feature:Planning_RingScoping_Part15/Scenario:EvergreenJnr_Planning_CheckThatDevicesThatAreNotNeededToHitCoverageTargetsDropdownHasRightValues"/>
        </UnitTest>
        <UnitTest
                name="EvergreenJnr_Planning_CheckThatOptimalConfigurationMessageIsDisplayedIfNothingToRedistribute in Planning_RingScoping_Part12"
                storage="c:\automaster\_work\3\s\dashworkstestautomationcore\bin\debug\netcoreapp3.1\dashworkstestautomationcore.dll"
                id="da7d39ad-491f-5a1a-933e-22f931c3f538">
            <Execution id="1cd46404-ae60-4516-808e-a78012dbfa83"/>
            <TestMethod
                    codeBase="C:\automaster\_work\3\s\DashworksTestAutomationCore\bin\Debug\netcoreapp3.1\DashworksTestAutomationCore.dll"
                    adapterTypeName="executor://specrun/executorV3.6.2"
                    className="DashworksTestAutomationCore.Planning_RingScoping_Part12"
                    name="#()::TestAssembly:DashworksTestAutomationCore/Feature:Planning_RingScoping_Part12/Scenario:EvergreenJnr_Planning_CheckThatOptimalConfigurationMessageIsDisplayedIfNothingToRedistribute"/>
        </UnitTest>
        <UnitTest
                name="EvergreenJnr_Planning_CheckThatUserCanChangeSelectedCoverageTargetsAndOvertypingThem in Planning_RingScoping_Part16"
                storage="c:\automaster\_work\3\s\dashworkstestautomationcore\bin\debug\netcoreapp3.1\dashworkstestautomationcore.dll"
                id="7031e127-63f7-504f-077a-51d384302326">
            <Execution id="eae29321-7ec0-4b6e-8ea3-dc6ada2efaae"/>
            <TestMethod
                    codeBase="C:\automaster\_work\3\s\DashworksTestAutomationCore\bin\Debug\netcoreapp3.1\DashworksTestAutomationCore.dll"
                    adapterTypeName="executor://specrun/executorV3.6.2"
                    className="DashworksTestAutomationCore.Planning_RingScoping_Part16"
                    name="#()::TestAssembly:DashworksTestAutomationCore/Feature:Planning_RingScoping_Part16/Scenario:EvergreenJnr_Planning_CheckThatUserCanChangeSelectedCoverageTargetsAndOvertypingThem"/>
        </UnitTest>
        <UnitTest
                name="EvergreenJnr_Planning_CheckThatLegendIconColorsAreRepeitingAfterEveryFifthInChartsOnStatisticPageFromRingScoping in Planning_RingScoping_Part13"
                storage="c:\automaster\_work\3\s\dashworkstestautomationcore\bin\debug\netcoreapp3.1\dashworkstestautomationcore.dll"
                id="10f3e6ef-51aa-434e-cd41-ae8dd205ca0d">
            <Execution id="9ae4e7fe-1da2-4813-a4c1-b3ea4276f4c6"/>
            <TestMethod
                    codeBase="C:\automaster\_work\3\s\DashworksTestAutomationCore\bin\Debug\netcoreapp3.1\DashworksTestAutomationCore.dll"
                    adapterTypeName="executor://specrun/executorV3.6.2"
                    className="DashworksTestAutomationCore.Planning_RingScoping_Part13"
                    name="#()::TestAssembly:DashworksTestAutomationCore/Feature:Planning_RingScoping_Part13/Scenario:EvergreenJnr_Planning_CheckThatLegendIconColorsAreRepeitingAfterEveryFifthInChartsOnStatisticPageFromRingScoping"/>
        </UnitTest>
        <UnitTest
                name="EvergreenJnr_Planning_CheckThatApplicationCoverageFieldsDontValidateAcrossMinimumDevicesPerApp in Planning_RingScoping_Part3"
                storage="c:\automaster\_work\3\s\dashworkstestautomationcore\bin\debug\netcoreapp3.1\dashworkstestautomationcore.dll"
                id="2bc69fd7-c02f-db6a-4594-769f36847298">
            <Execution id="caf38d9d-b60e-4039-b52f-3d566f95888f"/>
            <TestMethod
                    codeBase="C:\automaster\_work\3\s\DashworksTestAutomationCore\bin\Debug\netcoreapp3.1\DashworksTestAutomationCore.dll"
                    adapterTypeName="executor://specrun/executorV3.6.2"
                    className="DashworksTestAutomationCore.Planning_RingScoping_Part3"
                    name="#()::TestAssembly:DashworksTestAutomationCore/Feature:Planning_RingScoping_Part3/Scenario:EvergreenJnr_Planning_CheckThatApplicationCoverageFieldsDontValidateAcrossMinimumDevicesPerApp"/>
        </UnitTest>
        <UnitTest
                name="EvergreenJnr_Planning_CheckThatPreviewStatisticsIsDisplayedAndWarningModalWindowIsDisplayedAfterLeavingPreviewStatisticsPage in Planning_RingScoping_Part17"
                storage="c:\automaster\_work\3\s\dashworkstestautomationcore\bin\debug\netcoreapp3.1\dashworkstestautomationcore.dll"
                id="fc964c92-7eab-0e2b-0b66-82a9e2dd3e76">
            <Execution id="ea197742-079b-4049-8ef9-59ae78840f90"/>
            <TestMethod
                    codeBase="C:\automaster\_work\3\s\DashworksTestAutomationCore\bin\Debug\netcoreapp3.1\DashworksTestAutomationCore.dll"
                    adapterTypeName="executor://specrun/executorV3.6.2"
                    className="DashworksTestAutomationCore.Planning_RingScoping_Part17"
                    name="#()::TestAssembly:DashworksTestAutomationCore/Feature:Planning_RingScoping_Part17/Scenario:EvergreenJnr_Planning_CheckThatPreviewStatisticsIsDisplayedAndWarningModalWindowIsDisplayedAfterLeavingPreviewStatisticsPage"/>
        </UnitTest>
        <UnitTest
                name="EvergreenJnr_Planning_CheckThatChartsHaveRightClickthroughs in Planning_RingScoping_Part11"
                storage="c:\automaster\_work\3\s\dashworkstestautomationcore\bin\debug\netcoreapp3.1\dashworkstestautomationcore.dll"
                id="e1cfcb42-2fa9-a2b5-57b6-88b4b05d354f">
            <Execution id="106cb6ba-70d5-4be6-910d-7558799fa1a2"/>
            <TestMethod
                    codeBase="C:\automaster\_work\3\s\DashworksTestAutomationCore\bin\Debug\netcoreapp3.1\DashworksTestAutomationCore.dll"
                    adapterTypeName="executor://specrun/executorV3.6.2"
                    className="DashworksTestAutomationCore.Planning_RingScoping_Part11"
                    name="#()::TestAssembly:DashworksTestAutomationCore/Feature:Planning_RingScoping_Part11/Scenario:EvergreenJnr_Planning_CheckThatChartsHaveRightClickthroughs"/>
        </UnitTest>
        <UnitTest
                name="EvergreenJnr_Planning_CheckThatTooltipForStatisticsFiguresHasRightText in Planning_RingScoping_Part12"
                storage="c:\automaster\_work\3\s\dashworkstestautomationcore\bin\debug\netcoreapp3.1\dashworkstestautomationcore.dll"
                id="dc35bdc2-739e-9b8d-a754-c8060663ba80">
            <Execution id="24d0b5d0-7cd3-4242-83bd-bf39e55fec9c"/>
            <TestMethod
                    codeBase="C:\automaster\_work\3\s\DashworksTestAutomationCore\bin\Debug\netcoreapp3.1\DashworksTestAutomationCore.dll"
                    adapterTypeName="executor://specrun/executorV3.6.2"
                    className="DashworksTestAutomationCore.Planning_RingScoping_Part12"
                    name="#()::TestAssembly:DashworksTestAutomationCore/Feature:Planning_RingScoping_Part12/Scenario:EvergreenJnr_Planning_CheckThatTooltipForStatisticsFiguresHasRightText"/>
        </UnitTest>
        <UnitTest
                name="EvergreenJnr_Planning_CheckThatExcludeCheckboxesAreNotDisplayedInAppCoverageGrid in Planning_RingScoping_Part2"
                storage="c:\automaster\_work\3\s\dashworkstestautomationcore\bin\debug\netcoreapp3.1\dashworkstestautomationcore.dll"
                id="47408c07-1c7b-886a-6f53-53359b0ec4b7">
            <Execution id="a00f145d-fd22-4185-a0fd-180772746676"/>
            <TestMethod
                    codeBase="C:\automaster\_work\3\s\DashworksTestAutomationCore\bin\Debug\netcoreapp3.1\DashworksTestAutomationCore.dll"
                    adapterTypeName="executor://specrun/executorV3.6.2"
                    className="DashworksTestAutomationCore.Planning_RingScoping_Part2"
                    name="#()::TestAssembly:DashworksTestAutomationCore/Feature:Planning_RingScoping_Part2/Scenario:EvergreenJnr_Planning_CheckThatExcludeCheckboxesAreNotDisplayedInAppCoverageGrid"/>
        </UnitTest>
        <UnitTest
                name="EvergreenJnr_Planning_CheckThatElementsInThePageBottomIsShown in Planning_RingScoping_Part2"
                storage="c:\automaster\_work\3\s\dashworkstestautomationcore\bin\debug\netcoreapp3.1\dashworkstestautomationcore.dll"
                id="7dbcd9b2-53f5-359e-f49c-6e759b5b5c6b">
            <Execution id="368c24c7-9148-45a1-a735-968ba4500563"/>
            <TestMethod
                    codeBase="C:\automaster\_work\3\s\DashworksTestAutomationCore\bin\Debug\netcoreapp3.1\DashworksTestAutomationCore.dll"
                    adapterTypeName="executor://specrun/executorV3.6.2"
                    className="DashworksTestAutomationCore.Planning_RingScoping_Part2"
                    name="#()::TestAssembly:DashworksTestAutomationCore/Feature:Planning_RingScoping_Part2/Scenario:EvergreenJnr_Planning_CheckThatElementsInThePageBottomIsShown"/>
        </UnitTest>
        <UnitTest
                name="EvergreenJnr_Planning_CheckThatItsPossibleToEnterZeroValueInNumberOfDevicesTableInScopingParametersPageOnRingScoping in Planning_RingScoping_Part8"
                storage="c:\automaster\_work\3\s\dashworkstestautomationcore\bin\debug\netcoreapp3.1\dashworkstestautomationcore.dll"
                id="d0cca98b-6f00-d376-4efb-042cbc0c825a">
            <Execution id="bff8d031-9893-46f4-ac2b-73a59e1743c8"/>
            <TestMethod
                    codeBase="C:\automaster\_work\3\s\DashworksTestAutomationCore\bin\Debug\netcoreapp3.1\DashworksTestAutomationCore.dll"
                    adapterTypeName="executor://specrun/executorV3.6.2"
                    className="DashworksTestAutomationCore.Planning_RingScoping_Part8"
                    name="#()::TestAssembly:DashworksTestAutomationCore/Feature:Planning_RingScoping_Part8/Scenario:EvergreenJnr_Planning_CheckThatItsPossibleToEnterZeroValueInNumberOfDevicesTableInScopingParametersPageOnRingScoping"/>
        </UnitTest>
        <UnitTest
                name="EvergreenJnr_Planning_CheckThatAllDelicesWithCoreAppsAreMovedToNeededRingOnStatisticPageOnRingScoping in Planning_RingScoping_Part10"
                storage="c:\automaster\_work\3\s\dashworkstestautomationcore\bin\debug\netcoreapp3.1\dashworkstestautomationcore.dll"
                id="997a5188-8c62-563d-08df-8ca58f37a875">
            <Execution id="f9ed50c6-b873-4561-9934-5ef423eb250d"/>
            <TestMethod
                    codeBase="C:\automaster\_work\3\s\DashworksTestAutomationCore\bin\Debug\netcoreapp3.1\DashworksTestAutomationCore.dll"
                    adapterTypeName="executor://specrun/executorV3.6.2"
                    className="DashworksTestAutomationCore.Planning_RingScoping_Part10"
                    name="#()::TestAssembly:DashworksTestAutomationCore/Feature:Planning_RingScoping_Part10/Scenario:EvergreenJnr_Planning_CheckThatAllDelicesWithCoreAppsAreMovedToNeededRingOnStatisticPageOnRingScoping"/>
        </UnitTest>
        <UnitTest
                name="EvergreenJnr_Planning_CheckThatChartsAreDisplayedOnStatisticPageFromRingScoping in Planning_RingScoping_Part5"
                storage="c:\automaster\_work\3\s\dashworkstestautomationcore\bin\debug\netcoreapp3.1\dashworkstestautomationcore.dll"
                id="2db40c62-5685-8f83-b5be-4a9a83f73ea9">
            <Execution id="df31df1a-b36d-46dd-ad98-ea4afec229c5"/>
            <TestMethod
                    codeBase="C:\automaster\_work\3\s\DashworksTestAutomationCore\bin\Debug\netcoreapp3.1\DashworksTestAutomationCore.dll"
                    adapterTypeName="executor://specrun/executorV3.6.2"
                    className="DashworksTestAutomationCore.Planning_RingScoping_Part5"
                    name="#()::TestAssembly:DashworksTestAutomationCore/Feature:Planning_RingScoping_Part5/Scenario:EvergreenJnr_Planning_CheckThatChartsAreDisplayedOnStatisticPageFromRingScoping"/>
        </UnitTest>
        <UnitTest
                name="EvergreenJnr_Planning_CheckThatClickthroughsAreDisabledForPreviewStatisticsCharts in Planning_RingScoping_Part16"
                storage="c:\automaster\_work\3\s\dashworkstestautomationcore\bin\debug\netcoreapp3.1\dashworkstestautomationcore.dll"
                id="fe7325f5-e7c6-3c2f-6cc4-3d2d67165a4e">
            <Execution id="cf78c884-204c-4b84-a24e-a633d0acb70e"/>
            <TestMethod
                    codeBase="C:\automaster\_work\3\s\DashworksTestAutomationCore\bin\Debug\netcoreapp3.1\DashworksTestAutomationCore.dll"
                    adapterTypeName="executor://specrun/executorV3.6.2"
                    className="DashworksTestAutomationCore.Planning_RingScoping_Part16"
                    name="#()::TestAssembly:DashworksTestAutomationCore/Feature:Planning_RingScoping_Part16/Scenario:EvergreenJnr_Planning_CheckThatClickthroughsAreDisabledForPreviewStatisticsCharts"/>
        </UnitTest>
        <UnitTest
                name="EvergreenJnr_Planning_CheckThatMinAndMaxNumberOfDevicesCanBeEqual in Planning_RingScoping_Part14"
                storage="c:\automaster\_work\3\s\dashworkstestautomationcore\bin\debug\netcoreapp3.1\dashworkstestautomationcore.dll"
                id="171418bb-bf0e-e95e-bc51-fbe6ca243cb3">
            <Execution id="eb203710-5ecc-4d61-a218-3e3730bd8b26"/>
            <TestMethod
                    codeBase="C:\automaster\_work\3\s\DashworksTestAutomationCore\bin\Debug\netcoreapp3.1\DashworksTestAutomationCore.dll"
                    adapterTypeName="executor://specrun/executorV3.6.2"
                    className="DashworksTestAutomationCore.Planning_RingScoping_Part14"
                    name="#()::TestAssembly:DashworksTestAutomationCore/Feature:Planning_RingScoping_Part14/Scenario:EvergreenJnr_Planning_CheckThatMinAndMaxNumberOfDevicesCanBeEqual"/>
        </UnitTest>
        <UnitTest
                name="EvergreenJnr_Planning_CheckThatValidationMessagesAreDisappearAfterClickClearAllButtonOnScopingParametersPageFromRingScoping in Planning_RingScoping_Part6"
                storage="c:\automaster\_work\3\s\dashworkstestautomationcore\bin\debug\netcoreapp3.1\dashworkstestautomationcore.dll"
                id="9bba5330-bb9c-c183-cfb2-41c2539923b3">
            <Execution id="e46930d4-73b2-4a22-84ba-22f5bf8d0186"/>
            <TestMethod
                    codeBase="C:\automaster\_work\3\s\DashworksTestAutomationCore\bin\Debug\netcoreapp3.1\DashworksTestAutomationCore.dll"
                    adapterTypeName="executor://specrun/executorV3.6.2"
                    className="DashworksTestAutomationCore.Planning_RingScoping_Part6"
                    name="#()::TestAssembly:DashworksTestAutomationCore/Feature:Planning_RingScoping_Part6/Scenario:EvergreenJnr_Planning_CheckThatValidationMessagesAreDisappearAfterClickClearAllButtonOnScopingParametersPageFromRingScoping"/>
        </UnitTest>
        <UnitTest
                name="EvergreenJnr_Planning_CheckThatTargetValuesAreShowingWithoutRecalculating in Planning_RingScoping_Part5"
                storage="c:\automaster\_work\3\s\dashworkstestautomationcore\bin\debug\netcoreapp3.1\dashworkstestautomationcore.dll"
                id="4f95c9f2-ed43-396a-2f96-84d1f4fd2faf">
            <Execution id="a84bb8c8-db4d-4f2d-9396-11cf054854d3"/>
            <TestMethod
                    codeBase="C:\automaster\_work\3\s\DashworksTestAutomationCore\bin\Debug\netcoreapp3.1\DashworksTestAutomationCore.dll"
                    adapterTypeName="executor://specrun/executorV3.6.2"
                    className="DashworksTestAutomationCore.Planning_RingScoping_Part5"
                    name="#()::TestAssembly:DashworksTestAutomationCore/Feature:Planning_RingScoping_Part5/Scenario:EvergreenJnr_Planning_CheckThatTargetValuesAreShowingWithoutRecalculating"/>
        </UnitTest>
        <UnitTest
                name="EvergreenJnr_Planning_CheckThatUpdateAndRedistributeButtonIsDisabledAndHasATooltipOnScopingParametersOnRingScopingPage in Planning_RingScoping_Part9"
                storage="c:\automaster\_work\3\s\dashworkstestautomationcore\bin\debug\netcoreapp3.1\dashworkstestautomationcore.dll"
                id="13469c78-b869-ac79-96a2-3e1e6d18c24f">
            <Execution id="d4b37d91-fffb-4e6b-800e-88793f9e0e15"/>
            <TestMethod
                    codeBase="C:\automaster\_work\3\s\DashworksTestAutomationCore\bin\Debug\netcoreapp3.1\DashworksTestAutomationCore.dll"
                    adapterTypeName="executor://specrun/executorV3.6.2"
                    className="DashworksTestAutomationCore.Planning_RingScoping_Part9"
                    name="#()::TestAssembly:DashworksTestAutomationCore/Feature:Planning_RingScoping_Part9/Scenario:EvergreenJnr_Planning_CheckThatUpdateAndRedistributeButtonIsDisabledAndHasATooltipOnScopingParametersOnRingScopingPage"/>
        </UnitTest>
        <UnitTest
                name="EvergreenJnr_Planning_CheckThatTheLogicOfSpreadingBenweenAllRingsIsAppliedAfterChangingOptionsInSpreadingDropdown in Planning_RingScoping_Part14"
                storage="c:\automaster\_work\3\s\dashworkstestautomationcore\bin\debug\netcoreapp3.1\dashworkstestautomationcore.dll"
                id="d47e9750-c4e2-4361-17e3-b4169e3a18ad">
            <Execution id="3affbadd-93fa-4bd2-bef4-2bcb6ed9d964"/>
            <TestMethod
                    codeBase="C:\automaster\_work\3\s\DashworksTestAutomationCore\bin\Debug\netcoreapp3.1\DashworksTestAutomationCore.dll"
                    adapterTypeName="executor://specrun/executorV3.6.2"
                    className="DashworksTestAutomationCore.Planning_RingScoping_Part14"
                    name="#()::TestAssembly:DashworksTestAutomationCore/Feature:Planning_RingScoping_Part14/Scenario:EvergreenJnr_Planning_CheckThatTheLogicOfSpreadingBenweenAllRingsIsAppliedAfterChangingOptionsInSpreadingDropdown"/>
        </UnitTest>
        <UnitTest
                name="EvergreenJnr_Planning_CheckThatTheNumberOfDevicesIsExceededTheMaximumValueInTheLastRing in Planning_RingScoping_Part4"
                storage="c:\automaster\_work\3\s\dashworkstestautomationcore\bin\debug\netcoreapp3.1\dashworkstestautomationcore.dll"
                id="96c96327-42f4-ba9e-0bf7-dd1fd4ce1011">
            <Execution id="933be168-2670-420a-9ada-d51fe33e471a"/>
            <TestMethod
                    codeBase="C:\automaster\_work\3\s\DashworksTestAutomationCore\bin\Debug\netcoreapp3.1\DashworksTestAutomationCore.dll"
                    adapterTypeName="executor://specrun/executorV3.6.2"
                    className="DashworksTestAutomationCore.Planning_RingScoping_Part4"
                    name="#()::TestAssembly:DashworksTestAutomationCore/Feature:Planning_RingScoping_Part4/Scenario:EvergreenJnr_Planning_CheckThatTheNumberOfDevicesIsExceededTheMaximumValueInTheLastRing"/>
        </UnitTest>
        <UnitTest
                name="EvergreenJnr_Planning_CheckThatCumulativeNumberPerRingSlideToggleIsNotDisplayed in Planning_RingScoping_Part15"
                storage="c:\automaster\_work\3\s\dashworkstestautomationcore\bin\debug\netcoreapp3.1\dashworkstestautomationcore.dll"
                id="ab20b0b8-f987-162f-72f8-29bd423951d2">
            <Execution id="c9d6e0be-5ed2-42b2-a2dd-4ce18bbf0839"/>
            <TestMethod
                    codeBase="C:\automaster\_work\3\s\DashworksTestAutomationCore\bin\Debug\netcoreapp3.1\DashworksTestAutomationCore.dll"
                    adapterTypeName="executor://specrun/executorV3.6.2"
                    className="DashworksTestAutomationCore.Planning_RingScoping_Part15"
                    name="#()::TestAssembly:DashworksTestAutomationCore/Feature:Planning_RingScoping_Part15/Scenario:EvergreenJnr_Planning_CheckThatCumulativeNumberPerRingSlideToggleIsNotDisplayed"/>
        </UnitTest>
        <UnitTest
                name="EvergreenJnr_Planning_CheckThatWarningMessageIsDisplayedIfUserLeaveProcessingPage in Planning_RingScoping_Part12"
                storage="c:\automaster\_work\3\s\dashworkstestautomationcore\bin\debug\netcoreapp3.1\dashworkstestautomationcore.dll"
                id="029747dd-1755-dafc-b77a-2500d0ad9a9c">
            <Execution id="4fdc1e98-fcf8-4e11-990a-e77c1f6a0817"/>
            <TestMethod
                    codeBase="C:\automaster\_work\3\s\DashworksTestAutomationCore\bin\Debug\netcoreapp3.1\DashworksTestAutomationCore.dll"
                    adapterTypeName="executor://specrun/executorV3.6.2"
                    className="DashworksTestAutomationCore.Planning_RingScoping_Part12"
                    name="#()::TestAssembly:DashworksTestAutomationCore/Feature:Planning_RingScoping_Part12/Scenario:EvergreenJnr_Planning_CheckThatWarningMessageIsDisplayedIfUserLeaveProcessingPage"/>
        </UnitTest>
        <UnitTest
                name="EvergreenJnr_Planning_CheckThatStatisticsTableCellsHasRightColor in Planning_RingScoping_Part3"
                storage="c:\automaster\_work\3\s\dashworkstestautomationcore\bin\debug\netcoreapp3.1\dashworkstestautomationcore.dll"
                id="dd522fbf-96a4-b879-9139-6248580b5e50">
            <Execution id="f89d17ae-4a24-4e06-bbce-a228732fd184"/>
            <TestMethod
                    codeBase="C:\automaster\_work\3\s\DashworksTestAutomationCore\bin\Debug\netcoreapp3.1\DashworksTestAutomationCore.dll"
                    adapterTypeName="executor://specrun/executorV3.6.2"
                    className="DashworksTestAutomationCore.Planning_RingScoping_Part3"
                    name="#()::TestAssembly:DashworksTestAutomationCore/Feature:Planning_RingScoping_Part3/Scenario:EvergreenJnr_Planning_CheckThatStatisticsTableCellsHasRightColor"/>
        </UnitTest>
        <UnitTest
                name="EvergreenJnr_Planning_CheckThatDevicesCantBeRetributedIfItIsNotAllowedInRingSettings in Planning_RingScoping_Part15"
                storage="c:\automaster\_work\3\s\dashworkstestautomationcore\bin\debug\netcoreapp3.1\dashworkstestautomationcore.dll"
                id="9cb4d54f-6989-9187-7917-dac43570df88">
            <Execution id="e38d4ddd-96f9-4e53-a3fa-01a42b622849"/>
            <TestMethod
                    codeBase="C:\automaster\_work\3\s\DashworksTestAutomationCore\bin\Debug\netcoreapp3.1\DashworksTestAutomationCore.dll"
                    adapterTypeName="executor://specrun/executorV3.6.2"
                    className="DashworksTestAutomationCore.Planning_RingScoping_Part15"
                    name="#()::TestAssembly:DashworksTestAutomationCore/Feature:Planning_RingScoping_Part15/Scenario:EvergreenJnr_Planning_CheckThatDevicesCantBeRetributedIfItIsNotAllowedInRingSettings"/>
        </UnitTest>
        <UnitTest
                name="EvergreenJnr_Planning_CheckThatUserPreferencesOnStatisticsPageKeepSavedInOneSession in Planning_RingScoping_Part16"
                storage="c:\automaster\_work\3\s\dashworkstestautomationcore\bin\debug\netcoreapp3.1\dashworkstestautomationcore.dll"
                id="ee3b8e75-2b18-1f95-7a44-8d208184a4c4">
            <Execution id="e96cf3d5-6f93-4961-b69c-849361dcb0d9"/>
            <TestMethod
                    codeBase="C:\automaster\_work\3\s\DashworksTestAutomationCore\bin\Debug\netcoreapp3.1\DashworksTestAutomationCore.dll"
                    adapterTypeName="executor://specrun/executorV3.6.2"
                    className="DashworksTestAutomationCore.Planning_RingScoping_Part16"
                    name="#()::TestAssembly:DashworksTestAutomationCore/Feature:Planning_RingScoping_Part16/Scenario:EvergreenJnr_Planning_CheckThatUserPreferencesOnStatisticsPageKeepSavedInOneSession"/>
        </UnitTest>
        <UnitTest
                name="EvergreenJnr_Planning_CheckThatTooltipIsDisplayedOnAppCountPerCriticalityAndRingCharts in Planning_RingScoping_Part12"
                storage="c:\automaster\_work\3\s\dashworkstestautomationcore\bin\debug\netcoreapp3.1\dashworkstestautomationcore.dll"
                id="a2cd0baf-2141-323d-851d-23b3656b0075">
            <Execution id="5c80df1d-8360-492b-8baf-6ae6396df6c0"/>
            <TestMethod
                    codeBase="C:\automaster\_work\3\s\DashworksTestAutomationCore\bin\Debug\netcoreapp3.1\DashworksTestAutomationCore.dll"
                    adapterTypeName="executor://specrun/executorV3.6.2"
                    className="DashworksTestAutomationCore.Planning_RingScoping_Part12"
                    name="#()::TestAssembly:DashworksTestAutomationCore/Feature:Planning_RingScoping_Part12/Scenario:EvergreenJnr_Planning_CheckThatTooltipIsDisplayedOnAppCountPerCriticalityAndRingCharts"/>
        </UnitTest>
        <UnitTest
                name="EvergreenJnr_Planning_CheckThatDefaultProjectIsDisplayedAfterChangingProjectInDropdowOnStatisticPageOnRingScoping in Planning_RingScoping_Part8"
                storage="c:\automaster\_work\3\s\dashworkstestautomationcore\bin\debug\netcoreapp3.1\dashworkstestautomationcore.dll"
                id="9acc172b-8a45-7172-8833-01605ee7b8e2">
            <Execution id="587cdd7b-bd41-4adc-963f-4c2d3592deee"/>
            <TestMethod
                    codeBase="C:\automaster\_work\3\s\DashworksTestAutomationCore\bin\Debug\netcoreapp3.1\DashworksTestAutomationCore.dll"
                    adapterTypeName="executor://specrun/executorV3.6.2"
                    className="DashworksTestAutomationCore.Planning_RingScoping_Part8"
                    name="#()::TestAssembly:DashworksTestAutomationCore/Feature:Planning_RingScoping_Part8/Scenario:EvergreenJnr_Planning_CheckThatDefaultProjectIsDisplayedAfterChangingProjectInDropdowOnStatisticPageOnRingScoping"/>
        </UnitTest>
        <UnitTest
                name="EvergreenJnr_Planning_CheckThatOnlyOptimalConfigurationMessageAndCloseButtonAreDisplayed in Planning_RingScoping_Part15"
                storage="c:\automaster\_work\3\s\dashworkstestautomationcore\bin\debug\netcoreapp3.1\dashworkstestautomationcore.dll"
                id="0fdc94a1-26e8-9564-1298-170f985dbd9a">
            <Execution id="d0449e78-4368-4ca8-90fb-0e3258f4555c"/>
            <TestMethod
                    codeBase="C:\automaster\_work\3\s\DashworksTestAutomationCore\bin\Debug\netcoreapp3.1\DashworksTestAutomationCore.dll"
                    adapterTypeName="executor://specrun/executorV3.6.2"
                    className="DashworksTestAutomationCore.Planning_RingScoping_Part15"
                    name="#()::TestAssembly:DashworksTestAutomationCore/Feature:Planning_RingScoping_Part15/Scenario:EvergreenJnr_Planning_CheckThatOnlyOptimalConfigurationMessageAndCloseButtonAreDisplayed"/>
        </UnitTest>
        <UnitTest
                name="EvergreenJnr_Planning_CheckThatHighchartIsRelatedToRoghtChartCategory in Planning_RingScoping_Part13"
                storage="c:\automaster\_work\3\s\dashworkstestautomationcore\bin\debug\netcoreapp3.1\dashworkstestautomationcore.dll"
                id="32cb84b5-db21-fa05-6a2d-a8f5fcd736aa">
            <Execution id="54680b65-cdfe-48fe-b1a9-cb57c90e350a"/>
            <TestMethod
                    codeBase="C:\automaster\_work\3\s\DashworksTestAutomationCore\bin\Debug\netcoreapp3.1\DashworksTestAutomationCore.dll"
                    adapterTypeName="executor://specrun/executorV3.6.2"
                    className="DashworksTestAutomationCore.Planning_RingScoping_Part13"
                    name="#()::TestAssembly:DashworksTestAutomationCore/Feature:Planning_RingScoping_Part13/Scenario:EvergreenJnr_Planning_CheckThatHighchartIsRelatedToRoghtChartCategory"/>
        </UnitTest>
        <UnitTest
                name="EvergreenJnr_Planning_CheckThatValidationMessagesIsNotDisplayingForTablesOnScopingParametersOnRingScopingPage in Planning_RingScoping_Part9"
                storage="c:\automaster\_work\3\s\dashworkstestautomationcore\bin\debug\netcoreapp3.1\dashworkstestautomationcore.dll"
                id="74e2633a-ad40-934c-6ee8-68a5d516ae9c">
            <Execution id="9401eb00-6e87-4f1d-ae3a-4e58a108906b"/>
            <TestMethod
                    codeBase="C:\automaster\_work\3\s\DashworksTestAutomationCore\bin\Debug\netcoreapp3.1\DashworksTestAutomationCore.dll"
                    adapterTypeName="executor://specrun/executorV3.6.2"
                    className="DashworksTestAutomationCore.Planning_RingScoping_Part9"
                    name="#()::TestAssembly:DashworksTestAutomationCore/Feature:Planning_RingScoping_Part9/Scenario:EvergreenJnr_Planning_CheckThatValidationMessagesIsNotDisplayingForTablesOnScopingParametersOnRingScopingPage"/>
        </UnitTest>
        <UnitTest
                name="EvergreenJnr_Planning_CheckThatRingIsNotDisplayedInStatisticsWhenItIsHiddenInScopingParameters in Planning_RingScoping_Part16"
                storage="c:\automaster\_work\3\s\dashworkstestautomationcore\bin\debug\netcoreapp3.1\dashworkstestautomationcore.dll"
                id="9f90ec0a-d594-1217-99fb-83a080104bf6">
            <Execution id="4ca95642-4f23-401f-9676-0507596c59a4"/>
            <TestMethod
                    codeBase="C:\automaster\_work\3\s\DashworksTestAutomationCore\bin\Debug\netcoreapp3.1\DashworksTestAutomationCore.dll"
                    adapterTypeName="executor://specrun/executorV3.6.2"
                    className="DashworksTestAutomationCore.Planning_RingScoping_Part16"
                    name="#()::TestAssembly:DashworksTestAutomationCore/Feature:Planning_RingScoping_Part16/Scenario:EvergreenJnr_Planning_CheckThatRingIsNotDisplayedInStatisticsWhenItIsHiddenInScopingParameters"/>
        </UnitTest>
        <UnitTest
                name="EvergreenJnr_Planning_CheckThatContentCanBeSortedByAnyColumn in Planning_RingScoping_Part1"
                storage="c:\automaster\_work\3\s\dashworkstestautomationcore\bin\debug\netcoreapp3.1\dashworkstestautomationcore.dll"
                id="8e74fb19-53e1-cf20-e48c-5374a984c226">
            <Execution id="99529a67-8b74-4510-ae0d-abb34b431fbe"/>
            <TestMethod
                    codeBase="C:\automaster\_work\3\s\DashworksTestAutomationCore\bin\Debug\netcoreapp3.1\DashworksTestAutomationCore.dll"
                    adapterTypeName="executor://specrun/executorV3.6.2"
                    className="DashworksTestAutomationCore.Planning_RingScoping_Part1"
                    name="#()::TestAssembly:DashworksTestAutomationCore/Feature:Planning_RingScoping_Part1/Scenario:EvergreenJnr_Planning_CheckThatContentCanBeSortedByAnyColumn"/>
        </UnitTest>
        <UnitTest
                name="EvergreenJnr_Planning_CheckThatNewDefaultProjectIsDisplayedInsteadOfOldDefaultProjectOnRingScoping in Planning_RingScoping_Part11"
                storage="c:\automaster\_work\3\s\dashworkstestautomationcore\bin\debug\netcoreapp3.1\dashworkstestautomationcore.dll"
                id="426c53e7-fa93-271c-9555-b5e4ca86d976">
            <Execution id="2f3faa35-caf4-4646-a3b0-ffda9e44bcc0"/>
            <TestMethod
                    codeBase="C:\automaster\_work\3\s\DashworksTestAutomationCore\bin\Debug\netcoreapp3.1\DashworksTestAutomationCore.dll"
                    adapterTypeName="executor://specrun/executorV3.6.2"
                    className="DashworksTestAutomationCore.Planning_RingScoping_Part11"
                    name="#()::TestAssembly:DashworksTestAutomationCore/Feature:Planning_RingScoping_Part11/Scenario:EvergreenJnr_Planning_CheckThatNewDefaultProjectIsDisplayedInsteadOfOldDefaultProjectOnRingScoping"/>
        </UnitTest>
        <UnitTest
                name="EvergreenJnr_Planning_CheckThatUncheckingShowChartsToggleIsHidingCharts in Planning_RingScoping_Part9"
                storage="c:\automaster\_work\3\s\dashworkstestautomationcore\bin\debug\netcoreapp3.1\dashworkstestautomationcore.dll"
                id="748c88a9-1779-4587-90d4-0654c2011dd3">
            <Execution id="b95f2b28-d175-4f5b-82d3-2a9ccf049f2f"/>
            <TestMethod
                    codeBase="C:\automaster\_work\3\s\DashworksTestAutomationCore\bin\Debug\netcoreapp3.1\DashworksTestAutomationCore.dll"
                    adapterTypeName="executor://specrun/executorV3.6.2"
                    className="DashworksTestAutomationCore.Planning_RingScoping_Part9"
                    name="#()::TestAssembly:DashworksTestAutomationCore/Feature:Planning_RingScoping_Part9/Scenario:EvergreenJnr_Planning_CheckThatUncheckingShowChartsToggleIsHidingCharts"/>
        </UnitTest>
        <UnitTest
                name="EvergreenJnr_Planning_CheckThatDeviceCountValueRedirectsToListWithDevicesOnStatisticPageOnRingScoping in Planning_RingScoping_Part11"
                storage="c:\automaster\_work\3\s\dashworkstestautomationcore\bin\debug\netcoreapp3.1\dashworkstestautomationcore.dll"
                id="0aa1c369-3cf3-ec4e-2d26-7dbb4280e760">
            <Execution id="c689854a-df77-47a1-8636-9aeb651dbb5e"/>
            <TestMethod
                    codeBase="C:\automaster\_work\3\s\DashworksTestAutomationCore\bin\Debug\netcoreapp3.1\DashworksTestAutomationCore.dll"
                    adapterTypeName="executor://specrun/executorV3.6.2"
                    className="DashworksTestAutomationCore.Planning_RingScoping_Part11"
                    name="#()::TestAssembly:DashworksTestAutomationCore/Feature:Planning_RingScoping_Part11/Scenario:EvergreenJnr_Planning_CheckThatDeviceCountValueRedirectsToListWithDevicesOnStatisticPageOnRingScoping"/>
        </UnitTest>
        <UnitTest
                name="EvergreenJnr_Planning_CheckThatRecalculationProcessIsNotShownAcrossProjects in Planning_RingScoping_Part1"
                storage="c:\automaster\_work\3\s\dashworkstestautomationcore\bin\debug\netcoreapp3.1\dashworkstestautomationcore.dll"
                id="5a3e5d64-72b2-2adb-8b68-de28d5d4ccde">
            <Execution id="0e833f8c-be63-4620-9e13-fa287d1b265d"/>
            <TestMethod
                    codeBase="C:\automaster\_work\3\s\DashworksTestAutomationCore\bin\Debug\netcoreapp3.1\DashworksTestAutomationCore.dll"
                    adapterTypeName="executor://specrun/executorV3.6.2"
                    className="DashworksTestAutomationCore.Planning_RingScoping_Part1"
                    name="#()::TestAssembly:DashworksTestAutomationCore/Feature:Planning_RingScoping_Part1/Scenario:EvergreenJnr_Planning_CheckThatRecalculationProcessIsNotShownAcrossProjects"/>
        </UnitTest>
    </TestDefinitions>
    <TestEntries>
        <TestEntry testId="e5c27e07-9dea-e2d2-b4d7-1f1b218a90cd"
                   executionId="83292644-f546-4d31-a08a-cf20c97c2492"
                   testListId="8c84fa94-04c1-424b-9868-57a2d4851a1d"/>
        <TestEntry testId="9c5274ca-8d0a-53f3-c043-f9fe695069e3"
                   executionId="765fe0b7-3521-40b5-a7ab-f5a7a5cb9266"
                   testListId="8c84fa94-04c1-424b-9868-57a2d4851a1d"/>
        <TestEntry testId="ab20b0b8-f987-162f-72f8-29bd423951d2"
                   executionId="c9d6e0be-5ed2-42b2-a2dd-4ce18bbf0839"
                   testListId="8c84fa94-04c1-424b-9868-57a2d4851a1d"/>
        <TestEntry testId="4f95c9f2-ed43-396a-2f96-84d1f4fd2faf"
                   executionId="a84bb8c8-db4d-4f2d-9396-11cf054854d3"
                   testListId="8c84fa94-04c1-424b-9868-57a2d4851a1d"/>
        <TestEntry testId="d87b632b-93e1-f2be-fa66-09bf41a4949a"
                   executionId="26bbd075-871b-4816-9fbd-2dc54fd53496"
                   testListId="8c84fa94-04c1-424b-9868-57a2d4851a1d"/>
        <TestEntry testId="426c53e7-fa93-271c-9555-b5e4ca86d976"
                   executionId="2f3faa35-caf4-4646-a3b0-ffda9e44bcc0"
                   testListId="8c84fa94-04c1-424b-9868-57a2d4851a1d"/>
        <TestEntry testId="c968dad4-6437-1f27-1ba2-e94b403e538a"
                   executionId="70daddf1-d515-4bb3-9a1f-4aeddae225c6"
                   testListId="8c84fa94-04c1-424b-9868-57a2d4851a1d"/>
        <TestEntry testId="cec3aed3-207a-4b2c-9ee4-7597e6983692"
                   executionId="c4cf6820-ea12-4302-81b3-c56d1b7d727b"
                   testListId="8c84fa94-04c1-424b-9868-57a2d4851a1d"/>
        <TestEntry testId="fe7325f5-e7c6-3c2f-6cc4-3d2d67165a4e"
                   executionId="cf78c884-204c-4b84-a24e-a633d0acb70e"
                   testListId="8c84fa94-04c1-424b-9868-57a2d4851a1d"/>
        <TestEntry testId="d47e9750-c4e2-4361-17e3-b4169e3a18ad"
                   executionId="3affbadd-93fa-4bd2-bef4-2bcb6ed9d964"
                   testListId="8c84fa94-04c1-424b-9868-57a2d4851a1d"/>
        <TestEntry testId="d02e4c8a-1401-691e-f5bf-4547987ca16d"
                   executionId="7b972c2a-7911-44ab-8988-2fb69ba1a19a"
                   testListId="8c84fa94-04c1-424b-9868-57a2d4851a1d"/>
        <TestEntry testId="9cb4d54f-6989-9187-7917-dac43570df88"
                   executionId="e38d4ddd-96f9-4e53-a3fa-01a42b622849"
                   testListId="8c84fa94-04c1-424b-9868-57a2d4851a1d"/>
        <TestEntry testId="7031e127-63f7-504f-077a-51d384302326"
                   executionId="eae29321-7ec0-4b6e-8ea3-dc6ada2efaae"
                   testListId="8c84fa94-04c1-424b-9868-57a2d4851a1d"/>
        <TestEntry testId="554d617d-ddfa-daaa-7e1e-cf7578d2697f"
                   executionId="f6cc4bf7-408e-47b9-aa9e-e362052f69f9"
                   testListId="8c84fa94-04c1-424b-9868-57a2d4851a1d"/>
        <TestEntry testId="6760b177-0e80-883e-f1fd-f0a0de5ee5aa"
                   executionId="a9776373-df3b-4cc1-8663-9f7fbdc34930"
                   testListId="8c84fa94-04c1-424b-9868-57a2d4851a1d"/>
        <TestEntry testId="96ab5986-f550-d7a2-6924-538f0422834b"
                   executionId="c40a6b29-1da6-4d25-bb48-becfa094d391"
                   testListId="8c84fa94-04c1-424b-9868-57a2d4851a1d"/>
        <TestEntry testId="19f94ea4-0898-2a35-32e6-949e2fb057d8"
                   executionId="a2d86f9e-3f2f-42fc-bee5-64f472a824d1"
                   testListId="8c84fa94-04c1-424b-9868-57a2d4851a1d"/>
        <TestEntry testId="9acc172b-8a45-7172-8833-01605ee7b8e2"
                   executionId="587cdd7b-bd41-4adc-963f-4c2d3592deee"
                   testListId="8c84fa94-04c1-424b-9868-57a2d4851a1d"/>
        <TestEntry testId="13469c78-b869-ac79-96a2-3e1e6d18c24f"
                   executionId="d4b37d91-fffb-4e6b-800e-88793f9e0e15"
                   testListId="8c84fa94-04c1-424b-9868-57a2d4851a1d"/>
        <TestEntry testId="d0cca98b-6f00-d376-4efb-042cbc0c825a"
                   executionId="bff8d031-9893-46f4-ac2b-73a59e1743c8"
                   testListId="8c84fa94-04c1-424b-9868-57a2d4851a1d"/>
        <TestEntry testId="3731d85d-f4b1-721a-d477-fa9c43bafe77"
                   executionId="0bdf6f75-4992-4c5b-bf27-9c49f1586c5e"
                   testListId="8c84fa94-04c1-424b-9868-57a2d4851a1d"/>
        <TestEntry testId="cca7bbc1-d7b9-3da5-219b-c09f9c2da23b"
                   executionId="b3e5467f-591d-43b3-b320-9033373eacba"
                   testListId="8c84fa94-04c1-424b-9868-57a2d4851a1d"/>
        <TestEntry testId="dc35bdc2-739e-9b8d-a754-c8060663ba80"
                   executionId="24d0b5d0-7cd3-4242-83bd-bf39e55fec9c"
                   testListId="8c84fa94-04c1-424b-9868-57a2d4851a1d"/>
        <TestEntry testId="3462d949-dc0d-f542-c43c-40bb690b0230"
                   executionId="f1ff806b-5c25-4022-b989-a6b6f9bda89e"
                   testListId="8c84fa94-04c1-424b-9868-57a2d4851a1d"/>
        <TestEntry testId="fc964c92-7eab-0e2b-0b66-82a9e2dd3e76"
                   executionId="ea197742-079b-4049-8ef9-59ae78840f90"
                   testListId="8c84fa94-04c1-424b-9868-57a2d4851a1d"/>
        <TestEntry testId="9bba5330-bb9c-c183-cfb2-41c2539923b3"
                   executionId="e46930d4-73b2-4a22-84ba-22f5bf8d0186"
                   testListId="8c84fa94-04c1-424b-9868-57a2d4851a1d"/>
        <TestEntry testId="0aa1c369-3cf3-ec4e-2d26-7dbb4280e760"
                   executionId="c689854a-df77-47a1-8636-9aeb651dbb5e"
                   testListId="8c84fa94-04c1-424b-9868-57a2d4851a1d"/>
        <TestEntry testId="e1cfcb42-2fa9-a2b5-57b6-88b4b05d354f"
                   executionId="106cb6ba-70d5-4be6-910d-7558799fa1a2"
                   testListId="8c84fa94-04c1-424b-9868-57a2d4851a1d"/>
        <TestEntry testId="d9e1664b-041a-ca3f-2a8e-774bf64bb30b"
                   executionId="67864bda-f8c8-47b0-adaa-e2f2dcfcb90f"
                   testListId="8c84fa94-04c1-424b-9868-57a2d4851a1d"/>
        <TestEntry testId="171418bb-bf0e-e95e-bc51-fbe6ca243cb3"
                   executionId="eb203710-5ecc-4d61-a218-3e3730bd8b26"
                   testListId="8c84fa94-04c1-424b-9868-57a2d4851a1d"/>
        <TestEntry testId="addee1de-a6a3-faa3-0853-d1ad2a24fa42"
                   executionId="4a040c99-1cdc-4ec0-b785-9b8b92f0631c"
                   testListId="8c84fa94-04c1-424b-9868-57a2d4851a1d"/>
        <TestEntry testId="748c88a9-1779-4587-90d4-0654c2011dd3"
                   executionId="b95f2b28-d175-4f5b-82d3-2a9ccf049f2f"
                   testListId="8c84fa94-04c1-424b-9868-57a2d4851a1d"/>
        <TestEntry testId="9f90ec0a-d594-1217-99fb-83a080104bf6"
                   executionId="4ca95642-4f23-401f-9676-0507596c59a4"
                   testListId="8c84fa94-04c1-424b-9868-57a2d4851a1d"/>
        <TestEntry testId="c112118f-31e2-02bc-7664-420a0e5c7f0c"
                   executionId="e86d0251-1bf7-4c81-9cfb-d062e23ecebc"
                   testListId="8c84fa94-04c1-424b-9868-57a2d4851a1d"/>
        <TestEntry testId="74e2633a-ad40-934c-6ee8-68a5d516ae9c"
                   executionId="9401eb00-6e87-4f1d-ae3a-4e58a108906b"
                   testListId="8c84fa94-04c1-424b-9868-57a2d4851a1d"/>
        <TestEntry testId="088babff-1828-9d03-7035-a25faa493d61"
                   executionId="6bad8581-1609-4aa9-a028-5f96a092881b"
                   testListId="8c84fa94-04c1-424b-9868-57a2d4851a1d"/>
        <TestEntry testId="47408c07-1c7b-886a-6f53-53359b0ec4b7"
                   executionId="a00f145d-fd22-4185-a0fd-180772746676"
                   testListId="8c84fa94-04c1-424b-9868-57a2d4851a1d"/>
        <TestEntry testId="e6db5a78-6984-aabc-c2ac-667a67c4f205"
                   executionId="628468b3-bb90-44b3-a3ac-45f34452ffc1"
                   testListId="8c84fa94-04c1-424b-9868-57a2d4851a1d"/>
        <TestEntry testId="ee3b8e75-2b18-1f95-7a44-8d208184a4c4"
                   executionId="e96cf3d5-6f93-4961-b69c-849361dcb0d9"
                   testListId="8c84fa94-04c1-424b-9868-57a2d4851a1d"/>
        <TestEntry testId="474cb37e-4928-eb30-232f-36566f4cd3fa"
                   executionId="a2d0f310-e033-4a2e-ad48-0e7994aafcd4"
                   testListId="8c84fa94-04c1-424b-9868-57a2d4851a1d"/>
        <TestEntry testId="ca054848-a5fa-0f18-61b7-d31e76dc5e29"
                   executionId="85b87365-fc26-41c2-9da4-64d0f3273f69"
                   testListId="8c84fa94-04c1-424b-9868-57a2d4851a1d"/>
        <TestEntry testId="dd522fbf-96a4-b879-9139-6248580b5e50"
                   executionId="f89d17ae-4a24-4e06-bbce-a228732fd184"
                   testListId="8c84fa94-04c1-424b-9868-57a2d4851a1d"/>
        <TestEntry testId="029747dd-1755-dafc-b77a-2500d0ad9a9c"
                   executionId="4fdc1e98-fcf8-4e11-990a-e77c1f6a0817"
                   testListId="8c84fa94-04c1-424b-9868-57a2d4851a1d"/>
        <TestEntry testId="7dbcd9b2-53f5-359e-f49c-6e759b5b5c6b"
                   executionId="368c24c7-9148-45a1-a735-968ba4500563"
                   testListId="8c84fa94-04c1-424b-9868-57a2d4851a1d"/>
        <TestEntry testId="2bc69fd7-c02f-db6a-4594-769f36847298"
                   executionId="caf38d9d-b60e-4039-b52f-3d566f95888f"
                   testListId="8c84fa94-04c1-424b-9868-57a2d4851a1d"/>
        <TestEntry testId="284e74a9-c248-c500-5f70-750fe3cb79f1"
                   executionId="cc666b09-1b89-4eea-9643-2d62cacb31d1"
                   testListId="8c84fa94-04c1-424b-9868-57a2d4851a1d"/>
        <TestEntry testId="da7d39ad-491f-5a1a-933e-22f931c3f538"
                   executionId="1cd46404-ae60-4516-808e-a78012dbfa83"
                   testListId="8c84fa94-04c1-424b-9868-57a2d4851a1d"/>
        <TestEntry testId="4e8b27f1-a0de-4151-0151-6e64f94b3fd5"
                   executionId="bbc944db-59c7-4309-af76-0bf4a863aef3"
                   testListId="8c84fa94-04c1-424b-9868-57a2d4851a1d"/>
        <TestEntry testId="96436ac7-fbce-a81f-a37b-7066bda4855f"
                   executionId="d6377fd7-bb88-4973-9733-c3c79c66c196"
                   testListId="8c84fa94-04c1-424b-9868-57a2d4851a1d"/>
        <TestEntry testId="5a3e5d64-72b2-2adb-8b68-de28d5d4ccde"
                   executionId="0e833f8c-be63-4620-9e13-fa287d1b265d"
                   testListId="8c84fa94-04c1-424b-9868-57a2d4851a1d"/>
        <TestEntry testId="a92a86eb-d6f9-b0c2-7fcb-c50a396c3fb6"
                   executionId="f3c77b26-afc6-45a3-b16e-87e7aaaf7cc5"
                   testListId="8c84fa94-04c1-424b-9868-57a2d4851a1d"/>
        <TestEntry testId="10f3e6ef-51aa-434e-cd41-ae8dd205ca0d"
                   executionId="9ae4e7fe-1da2-4813-a4c1-b3ea4276f4c6"
                   testListId="8c84fa94-04c1-424b-9868-57a2d4851a1d"/>
        <TestEntry testId="997a5188-8c62-563d-08df-8ca58f37a875"
                   executionId="f9ed50c6-b873-4561-9934-5ef423eb250d"
                   testListId="8c84fa94-04c1-424b-9868-57a2d4851a1d"/>
        <TestEntry testId="96c96327-42f4-ba9e-0bf7-dd1fd4ce1011"
                   executionId="933be168-2670-420a-9ada-d51fe33e471a"
                   testListId="8c84fa94-04c1-424b-9868-57a2d4851a1d"/>
        <TestEntry testId="dba6984e-6403-6372-983f-8b2835728c2c"
                   executionId="9479b938-e68b-4da4-9d98-e8afa52a8360"
                   testListId="8c84fa94-04c1-424b-9868-57a2d4851a1d"/>
        <TestEntry testId="a2cd0baf-2141-323d-851d-23b3656b0075"
                   executionId="5c80df1d-8360-492b-8baf-6ae6396df6c0"
                   testListId="8c84fa94-04c1-424b-9868-57a2d4851a1d"/>
        <TestEntry testId="2db40c62-5685-8f83-b5be-4a9a83f73ea9"
                   executionId="df31df1a-b36d-46dd-ad98-ea4afec229c5"
                   testListId="8c84fa94-04c1-424b-9868-57a2d4851a1d"/>
        <TestEntry testId="7fb6490e-21e4-7e4b-8b85-bb280ebbe426"
                   executionId="cef46b3c-a805-40d8-9bb0-8cae5c7c17ac"
                   testListId="8c84fa94-04c1-424b-9868-57a2d4851a1d"/>
        <TestEntry testId="ae54743a-29a4-fa65-b3bf-c0e77a45e235"
                   executionId="4ace003f-a5aa-4a42-8dc2-97fd6c901e66"
                   testListId="8c84fa94-04c1-424b-9868-57a2d4851a1d"/>
        <TestEntry testId="32cb84b5-db21-fa05-6a2d-a8f5fcd736aa"
                   executionId="54680b65-cdfe-48fe-b1a9-cb57c90e350a"
                   testListId="8c84fa94-04c1-424b-9868-57a2d4851a1d"/>
        <TestEntry testId="0fdc94a1-26e8-9564-1298-170f985dbd9a"
                   executionId="d0449e78-4368-4ca8-90fb-0e3258f4555c"
                   testListId="8c84fa94-04c1-424b-9868-57a2d4851a1d"/>
        <TestEntry testId="35b728ee-aa97-2010-6efb-8bfe95214ef6"
                   executionId="6c21f943-9f78-4405-9211-6624ab045933"
                   testListId="8c84fa94-04c1-424b-9868-57a2d4851a1d"/>
        <TestEntry testId="b08399c5-504d-c847-1c23-456027f25c0e"
                   executionId="ac544d0c-a2ec-4650-86a9-ff1064d7899a"
                   testListId="8c84fa94-04c1-424b-9868-57a2d4851a1d"/>
        <TestEntry testId="1d8bdce8-0c90-7c03-6dc5-c0c585648ca6"
                   executionId="042b1281-79a1-4c38-bcd3-f94ed4fbd448"
                   testListId="8c84fa94-04c1-424b-9868-57a2d4851a1d"/>
        <TestEntry testId="0160f08a-9603-7962-56cb-5e9eb90a5c86"
                   executionId="b0c2143c-3bd3-4487-9551-4deac3c59393"
                   testListId="8c84fa94-04c1-424b-9868-57a2d4851a1d"/>
        <TestEntry testId="8e74fb19-53e1-cf20-e48c-5374a984c226"
                   executionId="99529a67-8b74-4510-ae0d-abb34b431fbe"
                   testListId="8c84fa94-04c1-424b-9868-57a2d4851a1d"/>
    </TestEntries>
    <TestLists>
        <TestList name="Results Not in a List"
                  id="8c84fa94-04c1-424b-9868-57a2d4851a1d"/>
        <TestList name="All Loaded Results" id="19431567-8539-422a-85d7-44ee4e166bda"/>
    </TestLists>
    <ResultSummary outcome="Failed">
        <Counters total="66" executed="66" passed="39" failed="27" error="0" timeout="0"
                  aborted="0" inconclusive="0" passedButRunAborted="0" notRunnable="0"
                  notExecuted="0" disconnected="0" warning="0" completed="0"
                  inProgress="0" pending="0"/>
        <Output>
            <StdOut>SpecFlow+Runner execution started&#xD;
                SpecFlow+Runner 3.6.2 in Framework netcore31 in x64 mode execution
                started&#xD;
                TestAdapter Location:
                C:\automaster\_work\3\s\DashworksTestAutomationCore\bin\Debug\netcoreapp3.1\TechTalk.SpecRun.VisualStudio.TestAdapter.dll&#xD;
                Current UserName: 'svc_buildagent', MachineName: 'automaster'&#xD;
                SpecRun: running tests in
                C:\automaster\_work\3\s\DashworksTestAutomationCore\bin\Debug\netcoreapp3.1\DashworksTestAutomationCore.dll&#xD;
                Output folder configured to "C:\automaster\_work\_temp" (default)&#xD;
                Profile: DashworksTestAutomationCore&#xD;
                Log file path:
                C:\automaster\_work\_temp\DashworksTestAutomationCore_DashworksTestAutomationCore_2021-11-02T092933.log&#xD;
                Checking activation&#xD;
                Activation check completed&#xD;
                Starting test run&#xD;
                Discovering target: Default&#xD;
                Discovering tests from assembly:
                C:\automaster\_work\3\s\DashworksTestAutomationCore\bin\Debug\netcoreapp3.1\DashworksTestAutomationCore.dll&#xD;
                Discovered tests from assembly:
                C:\automaster\_work\3\s\DashworksTestAutomationCore\bin\Debug\netcoreapp3.1\DashworksTestAutomationCore.dll&#xD;
                Scenario:
                EvergreenJnr_Planning_CheckThatNewDefaultProjectIsDisplayedInsteadOfOldDefaultProjectOnRingScoping
                in Planning_RingScoping_Part11 -&gt; Failed on thread #8&#xD;
                Scenario:
                EvergreenJnr_Planning_CheckThatThatMoveInOutOptionsAreAddedToRings in
                Planning_RingScoping_Part1 -&gt; Succeeded on thread #3&#xD;
                Scenario:
                EvergreenJnr_Planning_CheckThatDefaultProjectIsNotDisplayedAfterClickingCancelOnAnotherProjectScopingParametersPageOnRingScoping
                in Planning_RingScoping_Part10 -&gt; Succeeded on thread #5&#xD;
                Scenario:
                EvergreenJnr_Planning_CheckThatHelpPanelIsNotDisplayingUnnecessaryOnStatisticPageOnRingScoping
                in Planning_RingScoping_Part13 -&gt; Succeeded on thread #17&#xD;
                Scenario:
                EvergreenJnr_Planning_CheckThatShowChartsToggleIsTurningOnAfterChangeProjectOnStatisticPageOnRingScoping
                in Planning_RingScoping_Part11 -&gt; Succeeded on thread #9&#xD;
                Scenario: EvergreenJnr_Planning_CheckThatContentCanBeSortedByAnyColumn
                in Planning_RingScoping_Part1 -&gt; Failed on thread #0&#xD;
                Scenario: EvergreenJnr_Planning_CheckThatChartsHaveRightClickthroughs in
                Planning_RingScoping_Part11 -&gt; Succeeded on thread #10&#xD;
                Scenario:
                EvergreenJnr_Planning_CheckThatTooltipForStatisticsFiguresHasRightText
                in Planning_RingScoping_Part12 -&gt; Succeeded on thread #16&#xD;
                Scenario:
                EvergreenJnr_Planning_CheckThatRecalculationProcessIsNotShownAcrossProjects
                in Planning_RingScoping_Part1 -&gt; Succeeded on thread #2&#xD;
                Scenario:
                EvergreenJnr_Planning_CheckThatWarningMessageIsDisplayedIfUserLeaveProcessingPage
                in Planning_RingScoping_Part12 -&gt; Succeeded on thread #15&#xD;
                Scenario:
                EvergreenJnr_Planning_CheckThatThereAreNoErrorsInConsoleAfterNavigatingFromScopingParametersToStatistics
                in Planning_RingScoping_Part1 -&gt; Succeeded on thread #1&#xD;
                Scenario:
                EvergreenJnr_Planning_CheckThatRedistributeAndRecalculateButtonsDisabledWhileProcessing
                in Planning_RingScoping_Part12 -&gt; Succeeded on thread #14&#xD;
                Scenario:
                EvergreenJnr_Planning_CheckThatDeviceCountValueRedirectsToListWithDevicesOnStatisticPageOnRingScoping
                in Planning_RingScoping_Part11 -&gt; Succeeded on thread #7&#xD;
                Scenario:
                EvergreenJnr_Planning_CheckThatHighchartIsRelatedToRoghtChartCategory in
                Planning_RingScoping_Part13 -&gt; Succeeded on thread #19&#xD;
                Scenario:
                EvergreenJnr_Planning_CheckThatCumulativeNumberPerRingSlideToggleIsNotDisplayed
                in Planning_RingScoping_Part15 -&gt; Succeeded on thread #16&#xD;
                Scenario:
                EvergreenJnr_Planning_CheckThatLegendIconColorsAreRepeitingAfterEveryFifthInChartsOnStatisticPageFromRingScoping
                in Planning_RingScoping_Part13 -&gt; Succeeded on thread #18&#xD;
                Scenario:
                EvergreenJnr_Planning_CheckThatTheLogicOfSpreadingBenweenAllRingsIsAppliedAfterChangingOptionsInSpreadingDropdown
                in Planning_RingScoping_Part14 -&gt; Failed on thread #17&#xD;
                Scenario:
                EvergreenJnr_Planning_CheckThatDevicesThatAreNotNeededToHitCoverageTargetsDropdownHasRightValues
                in Planning_RingScoping_Part15 -&gt; Succeeded on thread #2&#xD;
                Scenario:
                EvergreenJnr_Planning_CheckThatMinAndMaxNumberOfDevicesCanBeEqual in
                Planning_RingScoping_Part14 -&gt; Succeeded on thread #5&#xD;
                Scenario:
                EvergreenJnr_Planning_CheckThatTheUpdateAndRedistributeButtonIsEnabledWhenUserChangesTheCoverageDDLOptions
                in Planning_RingScoping_Part14 -&gt; Succeeded on thread #9&#xD;
                Scenario:
                EvergreenJnr_Planning_CheckThatUserCanChangeSelectedCoverageTargetsAndOvertypingThem
                in Planning_RingScoping_Part16 -&gt; Succeeded on thread #19&#xD;
                Scenario:
                EvergreenJnr_Planning_CheckThatDevicesCantBeRetributedIfItIsNotAllowedInRingSettings
                in Planning_RingScoping_Part15 -&gt; Succeeded on thread #0&#xD;
                Scenario:
                EvergreenJnr_Planning_CheckThatUserPreferencesOnStatisticsPageKeepSavedInOneSession
                in Planning_RingScoping_Part16 -&gt; Succeeded on thread #14&#xD;
                Scenario:
                EvergreenJnr_Planning_CheckThatNewFiguresInStatisticsTableIsShownAndWorksCorrectly
                in Planning_RingScoping_Part12 -&gt; Failed on thread #11&#xD;
                Scenario:
                EvergreenJnr_Planning_CheckThatGenerateStatisticsButtonIsNotDisabledAfterClickedSameButtonOnOtherProject
                in Planning_RingScoping_Part14 -&gt; Succeeded on thread #3&#xD;
                Scenario:
                EvergreenJnr_Planning_CheckThatSoftwareCheckboxIsCheckedAndDisabled in
                Planning_RingScoping_Part2 -&gt; Failed on thread #0&#xD;
                Scenario:
                EvergreenJnr_Planning_CheckThatRingIsNotDisplayedInStatisticsWhenItIsHiddenInScopingParameters
                in Planning_RingScoping_Part16 -&gt; Succeeded on thread #1&#xD;
                Scenario:
                EvergreenJnr_Planning_CheckThatClickthroughsAreDisabledForPreviewStatisticsCharts
                in Planning_RingScoping_Part16 -&gt; Succeeded on thread #7&#xD;
                Scenario:
                EvergreenJnr_Planning_CheckThatOptimalConfigurationMessageIsDisplayedIfNothingToRedistribute
                in Planning_RingScoping_Part12 -&gt; Failed on thread #13&#xD;
                Scenario:
                EvergreenJnr_Planning_CheckThatMinDevicesPerAppIsUpdatedInTheFilterAfterRedistribution
                in Planning_RingScoping_Part18 -&gt; Succeeded on thread #19&#xD;
                Scenario:
                EvergreenJnr_Planning_CheckThatShowChartsToggleIsReturnedToToggleOnStateAfterChangingParametersOnStatisticPageOnRingScoping
                in Planning_RingScoping_Part10 -&gt; Failed on thread #4&#xD;
                Scenario:
                EvergreenJnr_Planning_CheckThatUpdateAndRedistributeButtonIsEnabledForAnyDDLOptionAfterClearingTargets
                in Planning_RingScoping_Part17 -&gt; Succeeded on thread #17&#xD;
                Scenario:
                EvergreenJnr_Planning_CheckThatRedistributionProcessingIsCanceledWhenUserRefreshesThePage
                in Planning_RingScoping_Part16 -&gt; Succeeded on thread #15&#xD;
                Scenario:
                EvergreenJnr_Planning_CheckThatClearAllButtonResetMinimumDevicesPerAppToOneAndClearsOtherFields
                in Planning_RingScoping_Part13 -&gt; Failed on thread #8&#xD;
                Scenario:
                EvergreenJnr_Planning_CheckThatBeforeAndAfterChartIsDisplayedOnPreviewPage
                in Planning_RingScoping_Part18 -&gt; Succeeded on thread #5&#xD;
                Scenario:
                EvergreenJnr_Planning_CheckThatExcludeCheckboxesAreNotDisplayedInAppCoverageGrid
                in Planning_RingScoping_Part2 -&gt; Succeeded on thread #14&#xD;
                Scenario:
                EvergreenJnr_Planning_CheckThatOnlyOptimalConfigurationMessageAndCloseButtonAreDisplayed
                in Planning_RingScoping_Part15 -&gt; Failed on thread #10&#xD;
                Scenario:
                EvergreenJnr_Planning_CheckThatPreviewStatisticsIsDisplayedAndWarningModalWindowIsDisplayedAfterLeavingPreviewStatisticsPage
                in Planning_RingScoping_Part17 -&gt; Succeeded on thread #2&#xD;
                Scenario: EvergreenJnr_Planning_CheckThatElementsInThePageBottomIsShown
                in Planning_RingScoping_Part2 -&gt; Succeeded on thread #3&#xD;
                Scenario:
                EvergreenJnr_Planning_CheckSuccessBannerDisplayingUponUpdatingScopingParameters
                in Planning_RingScoping_Part2 -&gt; Failed on thread #11&#xD;
                Scenario:
                EvergreenJnr_Planning_CheckThatAllColumnsAreDisplayedInScopingChangesGridFromRingScoping
                in Planning_RingScoping_Part4 -&gt; Succeeded on thread #4&#xD;
                Scenario:
                EvergreenJnr_Planning_CheckThatProjectThatSelectedAsDefalutForUserIsUsingAsDefaultOnRingScopingPage
                in Planning_RingScoping_Part7 -&gt; Succeeded on thread #3&#xD;
                Scenario:
                EvergreenJnr_Planning_CheckThatClickthroughsHaveSameValueInOpenedFilteredListIfMinimumDevicesPerAppGreaterThanOne
                in Planning_RingScoping_Part17 -&gt; Failed on thread #16&#xD;
                Scenario:
                EvergreenJnr_Planning_CheckThatEvaluateSoftwareCheckboxIsCheckedAndDisabledByDefault
                in Planning_RingScoping_Part17 -&gt; Failed on thread #18&#xD;
                Scenario:
                EvergreenJnr_Planning_CheckThatChartsAreDisplayedOnStatisticPageFromRingScoping
                in Planning_RingScoping_Part5 -&gt; Failed on thread #8&#xD;
                Scenario:
                EvergreenJnr_Planning_CheckThatStatisticsTableCellsHasRightColor in
                Planning_RingScoping_Part3 -&gt; Failed on thread #7&#xD;
                Scenario:
                EvergreenJnr_Planning_CheckThatStatisticsCoverageMinimumNumberOfDevices
                in Planning_RingScoping_Part4 -&gt; Failed on thread #13&#xD;
                Scenario:
                EvergreenJnr_Planning_CheckThatCurrentAndAfterChangesAndTrendArrowInStatisticsTableIsDisplayed
                in Planning_RingScoping_Part18 -&gt; Failed on thread #9&#xD;
                Scenario:
                EvergreenJnr_Planning_CheckThatTableHasACorrectValuesOnScopingParametersPageFromRingScoping
                in Planning_RingScoping_Part6 -&gt; Failed on thread #10&#xD;
                Scenario:
                EvergreenJnr_Planning_CheckThatItsPossibleToEnterZeroValueInNumberOfDevicesTableInScopingParametersPageOnRingScoping
                in Planning_RingScoping_Part8 -&gt; Succeeded on thread #3&#xD;
                Scenario:
                EvergreenJnr_Planning_CheckThatNotificationAboutStatisticsRecalculateIsAvailable
                in Planning_RingScoping_Part5 -&gt; Succeeded on thread #17&#xD;
                Scenario:
                EvergreenJnr_Planning_CheckThatUpdateAndRedistributeButtonIsDisabledAndHasATooltipOnScopingParametersOnRingScopingPage
                in Planning_RingScoping_Part9 -&gt; Succeeded on thread #18&#xD;
                Scenario:
                EvergreenJnr_Planning_CheckThatValidationMessagesIsNotDisplayingForTablesOnScopingParametersOnRingScopingPage
                in Planning_RingScoping_Part9 -&gt; Succeeded on thread #8&#xD;
                Scenario:
                EvergreenJnr_Planning_CheckValidationMassageForMinAndMaxNumberOfDevices
                in Planning_RingScoping_Part3 -&gt; Succeeded on thread #0&#xD;
                Scenario:
                EvergreenJnr_Planning_CheckThatTooltipIsDisplayedOnAppCountPerCriticalityAndRingCharts
                in Planning_RingScoping_Part12 -&gt; Failed on thread #12&#xD;
                Scenario:
                EvergreenJnr_Planning_CheckThatItsReachedTargetedCoverageOfChoosedRingOnStatisticPageFromRingScoping
                in Planning_RingScoping_Part7 -&gt; Succeeded on thread #11&#xD;
                Scenario:
                EvergreenJnr_Planning_CheckThatAllDelicesWithCoreAppsAreMovedToNeededRingOnStatisticPageOnRingScoping
                in Planning_RingScoping_Part10 -&gt; Failed on thread #6&#xD;
                Scenario:
                EvergreenJnr_Planning_CheckThatTheNumberOfDevicesIsExceededTheMaximumValueInTheLastRing
                in Planning_RingScoping_Part4 -&gt; Succeeded on thread #19&#xD;
                Scenario:
                EvergreenJnr_Planning_CheckThatApplicationCoverageFieldsDontValidateAcrossMinimumDevicesPerApp
                in Planning_RingScoping_Part3 -&gt; Failed on thread #1&#xD;
                Scenario:
                EvergreenJnr_Planning_CheckThatUncheckingShowChartsToggleIsHidingCharts
                in Planning_RingScoping_Part9 -&gt; Failed on thread #7&#xD;
                Scenario:
                EvergreenJnr_Planning_CheckThatTargetValuesAreShowingWithoutRecalculating
                in Planning_RingScoping_Part5 -&gt; Failed on thread #15&#xD;
                Scenario:
                EvergreenJnr_Planning_CheckThatValidationMessagesAreDisappearAfterClickClearAllButtonOnScopingParametersPageFromRingScoping
                in Planning_RingScoping_Part6 -&gt; Failed on thread #5&#xD;
                Scenario:
                EvergreenJnr_Planning_CheckThatAppsHaveClickthrougLinksOnStatisticPageFromRingScoping
                in Planning_RingScoping_Part6 -&gt; Failed on thread #14&#xD;
                Scenario:
                EvergreenJnr_Planning_CheckThatDefaultProjectIsDisplayedAfterChangingProjectInDropdowOnStatisticPageOnRingScoping
                in Planning_RingScoping_Part8 -&gt; Failed on thread #4&#xD;
                Scenario:
                EvergreenJnr_Planning_CheckThatWasUpdatedScenariosToReturningToTheStatisticPageFromRingScoping
                in Planning_RingScoping_Part7 -&gt; Failed on thread #2&#xD;
                Scenario:
                EvergreenJnr_Planning_CheckDropdownStateInPagesRelatedToChangesOnRingScopingPage
                in Planning_RingScoping_Part8 -&gt; Failed on thread #16&#xD;
                test run finished&#xD;
                publishing test results&#xD;
                Not publishing results.&#xD;
                test results published&#xD;
                generating reports&#xD;
                Not generating reports because report generation is disabled in the test
                profile.&#xD;
                Successfully generated reports&#xD;
                Result: 30 failed (3 randomly failed)&#xD;
                Total: 66 (test executions: 96)&#xD;
                Succeeded: 36&#xD;
                Ignored: 0&#xD;
                Pending: 0&#xD;
                Skipped: 0&#xD;
                Failed: 30&#xD;
                &#xD;
                Execution Time: 00:10:56.5283023&#xD;
                Adding attachments to VSTest&#xD;
                Log file:
                file:///C:/automaster/_work/_temp/DashworksTestAutomationCore_DashworksTestAutomationCore_2021-11-02T092933.log&#xD;
                SpecFlow+Runner execution finished&#xD;
            </StdOut>
        </Output>
        <RunInfos>
            <RunInfo computerName="automaster" outcome="Error"
                     timestamp="2021-11-02T09:31:22.8797454+00:00">
                <Text>[ERROR] Unable to create project: A project already exists with
                    this name
                </Text>
            </RunInfo>
            <RunInfo computerName="automaster" outcome="Error"
                     timestamp="2021-11-02T09:31:58.1825228+00:00">
                <Text>[ERROR] Incorrect sorting order. Expected order is 'ascending'&#xD;
                    Expected: "ProjectForScenarious"&#xD;
                    But was: "Project-KM56-devices"
                </Text>
            </RunInfo>
            <RunInfo computerName="automaster" outcome="Error"
                     timestamp="2021-11-02T09:33:09.9630264+00:00">
                <Text>[ERROR] Incorrect value for 'Critical Systems' column in 'Devices
                    by Ring' row&#xD;
                    Expected: "9"&#xD;
                    But was: "0"
                </Text>
            </RunInfo>
            <RunInfo computerName="automaster" outcome="Error"
                     timestamp="2021-11-02T09:34:16.1666146+00:00">
                <Text>[ERROR] There are no 'Software' dropdown option</Text>
            </RunInfo>
            <RunInfo computerName="automaster" outcome="Error"
                     timestamp="2021-11-02T09:34:29.3025377+00:00">
                <Text>[ERROR] 'Evaluate Software' checkbox is not disabled&#xD;
                    Expected: False&#xD;
                    But was: True
                </Text>
            </RunInfo>
            <RunInfo computerName="automaster" outcome="Error"
                     timestamp="2021-11-02T09:34:36.1584755+00:00">
                <Text>[ERROR] There is no table with 'Application Coverage Targets'
                    title
                </Text>
            </RunInfo>
            <RunInfo computerName="automaster" outcome="Error"
                     timestamp="2021-11-02T09:34:40.0980847+00:00">
                <Text>[ERROR] Chart with name 'App Count per Criticality and Ring' is
                    not displayed&#xD;
                    Expected: some item equal to "App Count per Criticality and Ring"&#xD;
                    But was: &lt; "Devices by Ring" &gt;
                </Text>
            </RunInfo>
            <RunInfo computerName="automaster" outcome="Error"
                     timestamp="2021-11-02T09:35:02.8618573+00:00">
                <Text>[ERROR] There is no table with 'Application Coverage Targets'
                    title
                </Text>
            </RunInfo>
            <RunInfo computerName="automaster" outcome="Error"
                     timestamp="2021-11-02T09:35:20.5080426+00:00">
                <Text>[ERROR] Element with 'By.XPath:
                    (.//button[contains(@class,'automationClass-button-Close')] |
                    .//mat-icon[contains(@class,'automationClass-button-Close')] |
                    .//button[contains(@class,'automationClass-icon-Close')]) |
                    .//mat-datepicker-toggle[contains(@class,'automationClass-mat-datepicker-toggle-Close')]'
                    selector was not changed Display condition to 'True' after 15
                    seconds -&gt; Timed out after 15 seconds
                </Text>
            </RunInfo>
            <RunInfo computerName="automaster" outcome="Error"
                     timestamp="2021-11-02T09:35:37.3170281+00:00">
                <Text>[ERROR] Element in element was not changed Display condition to
                    'True' after 15 seconds -&gt; Timed out after 15 seconds
                </Text>
            </RunInfo>
            <RunInfo computerName="automaster" outcome="Error"
                     timestamp="2021-11-02T09:36:15.4345479+00:00">
                <Text>[ERROR] Incorrect rows count&#xD;
                    Expected: "86 rows", ignoring case&#xD;
                    But was: "96 rows"
                </Text>
            </RunInfo>
            <RunInfo computerName="automaster" outcome="Error"
                     timestamp="2021-11-02T09:36:18.8289561+00:00">
                <Text>[ERROR] 'Evaluate Software' checkbox is not checked&#xD;
                    Expected: True&#xD;
                    But was: False
                </Text>
            </RunInfo>
            <RunInfo computerName="automaster" outcome="Error"
                     timestamp="2021-11-02T09:36:19.9571812+00:00">
                <Text>[ERROR] Chart with name 'App Count per Criticality and Ring' is
                    not displayed&#xD;
                    Expected: some item equal to "App Count per Criticality and Ring"&#xD;
                    But was: &lt; "Devices by Ring" &gt;
                </Text>
            </RunInfo>
            <RunInfo computerName="automaster" outcome="Error"
                     timestamp="2021-11-02T09:36:27.3680464+00:00">
                <Text>[ERROR] Element with 'By.XPath:
                    (.//button[contains(@class,'automationClass-button-CommitChangesWithoutPreview')]
                    |
                    .//mat-icon[contains(@class,'automationClass-button-CommitChangesWithoutPreview')]
                    |
                    .//button[contains(@class,'automationClass-icon-CommitChangesWithoutPreview')])
                    |
                    .//mat-datepicker-toggle[contains(@class,'automationClass-mat-datepicker-toggle-CommitChangesWithoutPreview')]'
                    selector was not changed Display condition to 'True' after 15
                    seconds -&gt; Timed out after 15 seconds
                </Text>
            </RunInfo>
            <RunInfo computerName="automaster" outcome="Error"
                     timestamp="2021-11-02T09:36:28.1281761+00:00">
                <Text>[ERROR] Element with 'By.XPath:
                    (.//button[contains(@class,'automationClass-button-CommitChangesWithoutPreview')]
                    |
                    .//mat-icon[contains(@class,'automationClass-button-CommitChangesWithoutPreview')]
                    |
                    .//button[contains(@class,'automationClass-icon-CommitChangesWithoutPreview')])
                    |
                    .//mat-datepicker-toggle[contains(@class,'automationClass-mat-datepicker-toggle-CommitChangesWithoutPreview')]'
                    selector was not changed Display condition to 'True' after 15
                    seconds -&gt; Timed out after 15 seconds
                </Text>
            </RunInfo>
            <RunInfo computerName="automaster" outcome="Error"
                     timestamp="2021-11-02T09:36:29.3052207+00:00">
                <Text>[ERROR] Incorrect column data&#xD;
                    Expected: &lt; "Devices by Ring Current", "Devices by Ring After
                    Changes", "Cumulative Device Count Current", "Cumulative Device
                    Count After Changes", "Apps by Ring Current", "Apps by Ring After
                    Changes", "Cumulative App Count Current", "Cumulative App Count
                    After Changes", "Core App Coverage Current", "Core App Coverage
                    After Changes"... &gt;&#xD;
                    But was: &lt; "Devices by Ring Current", "Devices by Ring After
                    Changes", "Cumulative Device Count Current", "Cumulative Device
                    Count After Changes" &gt;
                </Text>
            </RunInfo>
            <RunInfo computerName="automaster" outcome="Error"
                     timestamp="2021-11-02T09:36:32.1278624+00:00">
                <Text>[ERROR] There is no table with 'Application Coverage Targets'
                    title
                </Text>
            </RunInfo>
            <RunInfo computerName="automaster" outcome="Error"
                     timestamp="2021-11-02T09:37:12.3998164+00:00">
                <Text>[ERROR] There is no table with 'Application Coverage Targets'
                    title
                </Text>
            </RunInfo>
            <RunInfo computerName="automaster" outcome="Error"
                     timestamp="2021-11-02T09:37:27.3717415+00:00">
                <Text>[ERROR] There is no table with 'Application Coverage Targets'
                    title
                </Text>
            </RunInfo>
            <RunInfo computerName="automaster" outcome="Error"
                     timestamp="2021-11-02T09:37:44.7074088+00:00">
                <Text>[ERROR] There is no table with 'Application Coverage Targets'
                    title
                </Text>
            </RunInfo>
            <RunInfo computerName="automaster" outcome="Error"
                     timestamp="2021-11-02T09:37:53.7302907+00:00">
                <Text>[ERROR] Chart with name 'App Count per Criticality and Ring' is
                    not displayed&#xD;
                    Expected: some item equal to "App Count per Criticality and Ring"&#xD;
                    But was: &lt; "Devices by Ring" &gt;
                </Text>
            </RunInfo>
            <RunInfo computerName="automaster" outcome="Error"
                     timestamp="2021-11-02T09:38:01.7516510+00:00">
                <Text>[ERROR] There is no table with 'Application Coverage Targets'
                    title
                </Text>
            </RunInfo>
            <RunInfo computerName="automaster" outcome="Error"
                     timestamp="2021-11-02T09:38:59.1065090+00:00">
                <Text>[ERROR] There is no table with 'Application Coverage Targets'
                    title
                </Text>
            </RunInfo>
            <RunInfo computerName="automaster" outcome="Error"
                     timestamp="2021-11-02T09:39:06.2176932+00:00">
                <Text>[ERROR] There are no 'Software' dropdown option</Text>
            </RunInfo>
            <RunInfo computerName="automaster" outcome="Error"
                     timestamp="2021-11-02T09:39:07.1140169+00:00">
                <Text>[ERROR] Element with 'By.XPath:
                    (.//button[contains(@class,'automationClass-button-CommitChangesWithoutPreview')]
                    |
                    .//mat-icon[contains(@class,'automationClass-button-CommitChangesWithoutPreview')]
                    |
                    .//button[contains(@class,'automationClass-icon-CommitChangesWithoutPreview')])
                    |
                    .//mat-datepicker-toggle[contains(@class,'automationClass-mat-datepicker-toggle-CommitChangesWithoutPreview')]'
                    selector was not changed Display condition to 'True' after 15
                    seconds -&gt; Timed out after 15 seconds
                </Text>
            </RunInfo>
            <RunInfo computerName="automaster" outcome="Error"
                     timestamp="2021-11-02T09:39:16.1028247+00:00">
                <Text>[ERROR] Element with 'By.XPath:
                    (.//button[contains(@class,'automationClass-button-GenerateStatistics')]
                    |
                    .//mat-icon[contains(@class,'automationClass-button-GenerateStatistics')]
                    |
                    .//button[contains(@class,'automationClass-icon-GenerateStatistics')])
                    |
                    .//mat-datepicker-toggle[contains(@class,'automationClass-mat-datepicker-toggle-GenerateStatistics')]'
                    selector was not changed Display condition to 'True' after 15
                    seconds -&gt; Timed out after 15 seconds
                </Text>
            </RunInfo>
            <RunInfo computerName="automaster" outcome="Error"
                     timestamp="2021-11-02T09:40:30.0390933+00:00">
                <Text>[ERROR] Element with 'By.XPath:
                    (.//button[contains(@class,'automationClass-button-Close')] |
                    .//mat-icon[contains(@class,'automationClass-button-Close')] |
                    .//button[contains(@class,'automationClass-icon-Close')]) |
                    .//mat-datepicker-toggle[contains(@class,'automationClass-mat-datepicker-toggle-Close')]'
                    selector was not changed Display condition to 'True' after 15
                    seconds -&gt; Timed out after 15 seconds
                </Text>
            </RunInfo>
        </RunInfos>
        <ResultFiles>
            <ResultFile
                    path="automaster\DashworksTestAutomationCore_DashworksTestAutomationCore_2021-11-02T092933.log"/>
        </ResultFiles>
    </ResultSummary>
</TestRun>
