<?xml version="1.0" encoding="utf-8"?>
<testsuites>
  <testsuite
          name="Philips.PMP.Test.Auto.PatientProviderTest"
          hostname="RESTORMEL"
          package="not available"
          id="0" tests="30" failures="0" errors="0" skipped="0"
          time="9.242" timestamp="2023-12-13T03:32:58">
    <properties />
    <testcase name="GetPatients" classname="Philips.PMP.Test.Auto.PatientProviderTest" time="0.401" status="1" />
    <testcase name="PatientSettingsLoadCacheTest" classname="Philips.PMP.Test.Auto.PatientProviderTest" time="0.277" status="1" />
    <testcase name="PatientPurgeTest" classname="Philips.PMP.Test.Auto.PatientProviderTest" time="0.654" status="1" />
    <testcase name="GetUnassignedDevicesAndBeds" classname="Philips.PMP.Test.Auto.PatientProviderTest" time="0.382" status="1" />
    <testcase name="PatientStoreIdSettings" classname="Philips.PMP.Test.Auto.PatientProviderTest" time="0.310" status="1" />
    <testcase name="GetPhysioHistoryTest" classname="Philips.PMP.Test.Auto.PatientProviderTest" time="0.516" status="1" />
    <testcase name="GetInstitutionTest" classname="Philips.PMP.Test.Auto.PatientProviderTest" time="0.248" status="1" />
    <testcase name="GetPatientByStayIdTest" classname="Philips.PMP.Test.Auto.PatientProviderTest" time="0.270" status="1" />
    <testcase name="GetMatch" classname="Philips.PMP.Test.Auto.PatientProviderTest" time="0.431" status="1" />
    <testcase name="PatientDefaultsTest" classname="Philips.PMP.Test.Auto.PatientProviderTest" time="0.005" status="1" />
    <testcase name="AssignPhysioDatabaseTest" classname="Philips.PMP.Test.Auto.PatientProviderTest" time="0.288" status="1" />
    <testcase name="PatientStoreSettingsAutoAdt" classname="Philips.PMP.Test.Auto.PatientProviderTest" time="0.337" status="1" />
    <testcase name="PatientProviderReadmitSamePatientTest" classname="Philips.PMP.Test.Auto.PatientProviderTest" time="0.330" status="1" />
    <testcase name="DischargePatient" classname="Philips.PMP.Test.Auto.PatientProviderTest" time="0.377" status="1" />
    <testcase name="MapDbReturnCodesTest" classname="Philips.PMP.Test.Auto.PatientProviderTest" time="0.013" status="1" />
    <testcase name="PatientGroupTest" classname="Philips.PMP.Test.Auto.PatientProviderTest" time="0.270" status="1" />
    <testcase name="RemoveBedTest" classname="Philips.PMP.Test.Auto.PatientProviderTest" time="0.298" status="1" />
    <testcase name="PatientChangeBedTest" classname="Philips.PMP.Test.Auto.PatientProviderTest" time="0.306" status="1" />
    <testcase name="PatientGetDuplicatePatientIdTypeTest" classname="Philips.PMP.Test.Auto.PatientProviderTest" time="0.298" status="1" />
    <testcase name="PatientStoreDupStaysTest" classname="Philips.PMP.Test.Auto.PatientProviderTest" time="0.408" status="1" />
    <testcase name="DeleteMonitoringBedTest (True)" classname="Philips.PMP.Test.Auto.PatientProviderTest" time="0.055" status="1" />
    <testcase name="DeleteMonitoringBedTest (False)" classname="Philips.PMP.Test.Auto.PatientProviderTest" time="0.036" status="1" />
    <testcase name="EndTranspotWithCreateStayTest" classname="Philips.PMP.Test.Auto.PatientProviderTest" time="0.457" status="1" />
    <testcase name="Transport" classname="Philips.PMP.Test.Auto.PatientProviderTest" time="0.284" status="1" />
    <testcase name="GetMyPatientIdFieldsTest" classname="Philips.PMP.Test.Auto.PatientProviderTest" time="0.247" status="1" />
    <testcase name="GetPatientsForExport" classname="Philips.PMP.Test.Auto.PatientProviderTest" time="0.336" status="1" />
    <testcase name="ClearAllBedTest" classname="Philips.PMP.Test.Auto.PatientProviderTest" time="0.408" status="1" />
    <testcase name="OrphanedPatientsTest" classname="Philips.PMP.Test.Auto.PatientProviderTest" time="0.377" status="1" />
    <testcase name="PatientInfoGetTest" classname="Philips.PMP.Test.Auto.PatientProviderTest" time="0.267" status="1" />
    <testcase name="PatientStoreWithoutSectorTest" classname="Philips.PMP.Test.Auto.PatientProviderTest" time="0.357" status="1" />
    <system-out />
    <system-err />
  </testsuite>
  <testsuite name="Philips.PMP.Test.Auto.TerumoTerufusionTest" hostname="RESTORMEL" package="not available" id="1" tests="8" failures="0" errors="0" skipped="0" time="0.169" timestamp="2023-12-13T03:34:26">
    <properties />
    <testcase name="ExtractMessageTest" classname="Philips.PMP.Test.Auto.TerumoTerufusionTest" time="0.002" status="1" />
    <testcase name="TerumoPumpWrapperTest" classname="Philips.PMP.Test.Auto.TerumoTerufusionTest" time="0.001" status="1" />
    <testcase name="ChecksumVerificationTest" classname="Philips.PMP.Test.Auto.TerumoTerufusionTest" time="0.062" status="1" />
    <testcase name="ProcessMessageTest" classname="Philips.PMP.Test.Auto.TerumoTerufusionTest" time="0.031" status="1" />
    <testcase name="GetDataPacketTest" classname="Philips.PMP.Test.Auto.TerumoTerufusionTest" time="0.001" status="1" />
    <testcase name="ParseMessageTest" classname="Philips.PMP.Test.Auto.TerumoTerufusionTest" time="0.001" status="1" />
    <testcase name="TerumoTerufusionDriverTest" classname="Philips.PMP.Test.Auto.TerumoTerufusionTest" time="0.040" status="1" />
    <testcase name="TerumoTerufusionIsConfiguredTest" classname="Philips.PMP.Test.Auto.TerumoTerufusionTest" time="0.034" status="1" />
    <system-out />
    <system-err />
  </testsuite>
  <testsuite name="Philips.PMP.Test.Auto.EventCatalogProviderTest" hostname="RESTORMEL" package="not available" id="2" tests="94" failures="0" errors="0" skipped="0" time="48.200" timestamp="2023-12-13T03:32:20">
    <properties />
    <testcase name="GetEventCategoryForClinicalNotifications" classname="Philips.PMP.Test.Auto.EventCatalogProviderTest" time="0.102" status="1" />
    <testcase name="SourceCodeTextIdSeverityKeyInequalityTest (1,1,1,Cyan,2,1,1,Cyan)" classname="Philips.PMP.Test.Auto.EventCatalogProviderTest" time="0.002" status="1" />
    <testcase name="SourceCodeTextIdSeverityKeyInequalityTest (1,1,1,Cyan,1,2,1,Cyan)" classname="Philips.PMP.Test.Auto.EventCatalogProviderTest" time="0.000" status="1" />
    <testcase name="SourceCodeTextIdSeverityKeyInequalityTest (1,1,1,Cyan,1,1,2,Cyan)" classname="Philips.PMP.Test.Auto.EventCatalogProviderTest" time="0.000" status="1" />
    <testcase name="SourceCodeTextIdSeverityKeyInequalityTest (1,1,1,Cyan,1,1,1,Informational)" classname="Philips.PMP.Test.Auto.EventCatalogProviderTest" time="0.000" status="1" />
    <testcase name="InitializeTest" classname="Philips.PMP.Test.Auto.EventCatalogProviderTest" time="0.002" status="1" />
    <testcase name="TrySetCategoryShouldFindInopCategoryAfterPPMCatalogChange" classname="Philips.PMP.Test.Auto.EventCatalogProviderTest" time="1.964" status="1" />
    <testcase name="StoreEventCatalogShouldBringIsCatchAllToNewProfile" classname="Philips.PMP.Test.Auto.EventCatalogProviderTest" time="2.118" status="1" />
    <testcase name="GetAssignedEventCategoriesToDisplay (2C8066C0-8F27-4C6E-9706-0B660EB23FBA,True)" classname="Philips.PMP.Test.Auto.EventCatalogProviderTest" time="0.129" status="1" />
    <testcase name="GetAssignedEventCategoriesToDisplay (2C8066C0-8F27-4C6E-9706-0B660EB23FBA,False)" classname="Philips.PMP.Test.Auto.EventCatalogProviderTest" time="0.131" status="1" />
    <testcase name="GetPatientMonitoringProductEventIfItIsNotEnabled" classname="Philips.PMP.Test.Auto.EventCatalogProviderTest" time="0.168" status="1" />
    <testcase name="DoesCategoryNameExistInAnyUnitShouldFindNewUnit" classname="Philips.PMP.Test.Auto.EventCatalogProviderTest" time="0.361" status="1" />
    <testcase name="SourceCodeTextIdSeverityKeyEqualityTest (1,1,1,Cyan)" classname="Philips.PMP.Test.Auto.EventCatalogProviderTest" time="0.002" status="1" />
    <testcase name="SourceCodeTextIdSeverityKeyEqualityTest (2,3,4,Informational)" classname="Philips.PMP.Test.Auto.EventCatalogProviderTest" time="0.000" status="1" />
    <testcase name="StoreEventCatalogForPMShouldNotAffectGuardianEventDefinitions" classname="Philips.PMP.Test.Auto.EventCatalogProviderTest" time="3.703" status="1" />
    <testcase name="GetSupervisoryCategories" classname="Philips.PMP.Test.Auto.EventCatalogProviderTest" time="0.104" status="1" />
    <testcase name="SeverityKindKeyEqualityTest (Cyan,Patient)" classname="Philips.PMP.Test.Auto.EventCatalogProviderTest" time="0.002" status="1" />
    <testcase name="SeverityKindKeyEqualityTest (Informational,Notification)" classname="Philips.PMP.Test.Auto.EventCatalogProviderTest" time="0.000" status="1" />
    <testcase name="EventCatalogProviderUnknownCategoryTest (SoftInop,Technical,DC3C632C-A0BD-4542-BC8E-42A4410FA5F8)" classname="Philips.PMP.Test.Auto.EventCatalogProviderTest" time="0.098" status="1" />
    <testcase name="EventCatalogProviderUnknownCategoryTest (HardInop,Technical,DC3C632C-A0BD-4542-BC8E-42A4410FA5F8)" classname="Philips.PMP.Test.Auto.EventCatalogProviderTest" time="0.098" status="1" />
    <testcase name="EventCatalogProviderUnknownCategoryTest (SevereInop,Technical,DC3C632C-A0BD-4542-BC8E-42A4410FA5F8)" classname="Philips.PMP.Test.Auto.EventCatalogProviderTest" time="0.104" status="1" />
    <testcase name="EventCatalogProviderUnknownCategoryTest (YellowAlarm,Technical,750E9762-E3E0-42F6-B082-C02AB5A92268)" classname="Philips.PMP.Test.Auto.EventCatalogProviderTest" time="0.100" status="1" />
    <testcase name="EventCatalogProviderUnknownCategoryTest (RedAlarm,Technical,B3E89798-1DA6-4D8E-954C-4FDBB8AD6D65)" classname="Philips.PMP.Test.Auto.EventCatalogProviderTest" time="0.100" status="1" />
    <testcase name="EventCatalogProviderUnknownCategoryTest (ShortYellowAlarm,Patient,05192A1D-4586-4C84-843E-444B12527AEF)" classname="Philips.PMP.Test.Auto.EventCatalogProviderTest" time="0.101" status="1" />
    <testcase name="EventCatalogProviderUnknownCategoryTest (YellowAlarm,Patient,05192A1D-4586-4C84-843E-444B12527AEF)" classname="Philips.PMP.Test.Auto.EventCatalogProviderTest" time="0.100" status="1" />
    <testcase name="EventCatalogProviderUnknownCategoryTest (RedAlarm,Patient,EFA5EBB3-B1CA-414E-AE62-E153A9BE391C)" classname="Philips.PMP.Test.Auto.EventCatalogProviderTest" time="0.102" status="1" />
    <testcase name="GetEventCatagoryTest (PRESS_BLD_ART_PULM,WAVE_OSCIL_ABSENT,2147681284,Cyan,Patient,FAE33DDE-C7A9-4FB3-994C-AAADD4FEDEB1)" classname="Philips.PMP.Test.Auto.EventCatalogProviderTest" time="0.120" status="1" />
    <testcase name="GetEventCatagoryTest (65535,65535,4294967295,Cyan,Technical,DC3C632C-A0BD-4542-BC8E-42A4410FA5F8)" classname="Philips.PMP.Test.Auto.EventCatalogProviderTest" time="0.105" status="1" />
    <testcase name="GetEventCatagoryTest (65535,65535,4294967295,Yellow,Technical,750E9762-E3E0-42F6-B082-C02AB5A92268)" classname="Philips.PMP.Test.Auto.EventCatalogProviderTest" time="0.100" status="1" />
    <testcase name="GetEventCatagoryTest (65535,65535,4294967295,Red,Technical,B3E89798-1DA6-4D8E-954C-4FDBB8AD6D65)" classname="Philips.PMP.Test.Auto.EventCatalogProviderTest" time="0.109" status="1" />
    <testcase name="GetEventCatagoryTest (65535,65535,4294967295,ShortYellow,Patient,05192A1D-4586-4C84-843E-444B12527AEF)" classname="Philips.PMP.Test.Auto.EventCatalogProviderTest" time="0.100" status="1" />
    <testcase name="GetEventCatagoryTest (65535,65535,4294967295,Yellow,Patient,05192A1D-4586-4C84-843E-444B12527AEF)" classname="Philips.PMP.Test.Auto.EventCatalogProviderTest" time="0.094" status="1" />
    <testcase name="GetEventCatagoryTest (65535,65535,4294967295,Red,Patient,EFA5EBB3-B1CA-414E-AE62-E153A9BE391C)" classname="Philips.PMP.Test.Auto.EventCatalogProviderTest" time="0.104" status="1" />
    <testcase name="GetEventCatagoryTest (ECG_CARD_BEAT_RATE,HI,196648,Yellow,Patient,1390CF09-034E-47EE-AF3A-B646A3477641)" classname="Philips.PMP.Test.Auto.EventCatalogProviderTest" time="0.095" status="1" />
    <testcase name="GetEventCatagoryTest (MOC_BATT,195,2155152614,Cyan,Technical,DF0362D5-93F4-4898-B2C4-13C2B7E1885A)" classname="Philips.PMP.Test.Auto.EventCatalogProviderTest" time="0.331" status="1" />
    <testcase name="GetAllEventCategoriesByProduct" classname="Philips.PMP.Test.Auto.EventCatalogProviderTest" time="0.131" status="1" />
    <testcase name="GetEventCategoriesListForEnabledProductsShouldFindExtremeBrady" classname="Philips.PMP.Test.Auto.EventCatalogProviderTest" time="0.210" status="1" />
    <testcase name="GetEventCategoriesListForEnabledProductsShouldOrderPhilipsFirst" classname="Philips.PMP.Test.Auto.EventCatalogProviderTest" time="0.182" status="1" />
    <testcase name="SetEventCategoryShouldFindExpectedCategory (SIG_QUAL_UNKNOWN,)" classname="Philips.PMP.Test.Auto.EventCatalogProviderTest" time="0.101" status="1" />
    <testcase name="SetEventCategoryShouldFindExpectedCategory (ECG_CARD_BEAT_RATE,1390CF09-034E-47EE-AF3A-B646A3477641)" classname="Philips.PMP.Test.Auto.EventCatalogProviderTest" time="0.102" status="1" />
    <testcase name="StoreShouldFindCatchallEventsInNewProfile" classname="Philips.PMP.Test.Auto.EventCatalogProviderTest" time="1.993" status="1" />
    <testcase name="GetEventCategorySensitivity" classname="Philips.PMP.Test.Auto.EventCatalogProviderTest" time="0.096" status="1" />
    <testcase name="GetMatchingEventDefinitionShouldFindName (*** Extreme Brady,*** Extreme Brady)" classname="Philips.PMP.Test.Auto.EventCatalogProviderTest" time="0.091" status="1" />
    <testcase name="GetMatchingEventDefinitionShouldFindName (Extreme Brady,Miscellaneous Nurse Call - TB12)" classname="Philips.PMP.Test.Auto.EventCatalogProviderTest" time="0.098" status="1" />
    <testcase name="GetMatchingEventDefinitionShouldFindName (*** Extreme Brady waffles puppies underpants,*** Extreme Brady)" classname="Philips.PMP.Test.Auto.EventCatalogProviderTest" time="0.096" status="1" />
    <testcase name="GetMatchingEventDefinitionShouldFindName (*** Extreme Tom Brady waffles puppies underpants,Miscellaneous Nurse Call - TB12)" classname="Philips.PMP.Test.Auto.EventCatalogProviderTest" time="0.092" status="1" />
    <testcase name="GetMatchingEventDefinitionShouldFindName (Football *** Extreme Brady waffles puppies underpants,*** Extreme Brady)" classname="Philips.PMP.Test.Auto.EventCatalogProviderTest" time="0.100" status="1" />
    <testcase name="GetMatchingEventDefinitionShouldFindName (Football *** Extreme Tom Brady waffles puppies underpants,Miscellaneous Nurse Call - TB12)" classname="Philips.PMP.Test.Auto.EventCatalogProviderTest" time="0.099" status="1" />
    <testcase name="ResetFactoryDefaultsShouldRemoveCustomEvents" classname="Philips.PMP.Test.Auto.EventCatalogProviderTest" time="0.421" status="1" />
    <testcase name="GetUnassignedEventsShouldNotReturnInValidSeverities" classname="Philips.PMP.Test.Auto.EventCatalogProviderTest" time="0.122" status="1" />
    <testcase name="SupervisoryAlarmsShowOnDisappearOnCustomCategoriesSave" classname="Philips.PMP.Test.Auto.EventCatalogProviderTest" time="0.960" status="1" />
    <testcase name="EventCatalogProviderNoPulseTest (HardInop)" classname="Philips.PMP.Test.Auto.EventCatalogProviderTest" time="0.101" status="1" />
    <testcase name="EventCatalogProviderNoPulseTest (YellowAlarm)" classname="Philips.PMP.Test.Auto.EventCatalogProviderTest" time="0.092" status="1" />
    <testcase name="EventCatalogProviderNoPulseTest (RedAlarm)" classname="Philips.PMP.Test.Auto.EventCatalogProviderTest" time="0.213" status="1" />
    <testcase name="SetEventDefinitionWithDisplayNameAndShouldMatch (Red lights,Display Red Light)" classname="Philips.PMP.Test.Auto.EventCatalogProviderTest" time="0.470" status="1" />
    <testcase name="SetEventDefinitionWithDisplayNameAndShouldMatch (Yello Light,)" classname="Philips.PMP.Test.Auto.EventCatalogProviderTest" time="0.492" status="1" />
    <testcase name="SetEventDefinitionWithDisplayNameAndShouldMatch (Yello Light Empty,)" classname="Philips.PMP.Test.Auto.EventCatalogProviderTest" time="0.580" status="1" />
    <testcase name="StoreEventCatalogWithUnassignedEventEditOrDelete (True)" classname="Philips.PMP.Test.Auto.EventCatalogProviderTest" time="2.953" status="1" />
    <testcase name="StoreEventCatalogWithUnassignedEventEditOrDelete (False)" classname="Philips.PMP.Test.Auto.EventCatalogProviderTest" time="2.884" status="1" />
    <testcase name="GetUnassignedEventsShouldNotFindAssignedEvent" classname="Philips.PMP.Test.Auto.EventCatalogProviderTest" time="0.125" status="1" />
    <testcase name="GetAssignedEventsShouldNotReturnInValidSeverities" classname="Philips.PMP.Test.Auto.EventCatalogProviderTest" time="0.205" status="1" />
    <testcase name="EventDefinitionNamesCacheCacheShouldBeLoadedBeforeBeingUsed" classname="Philips.PMP.Test.Auto.EventCatalogProviderTest" time="0.095" status="1" />
    <testcase name="StoreEventCatalogWithAssignedEventAddToExistingCategory" classname="Philips.PMP.Test.Auto.EventCatalogProviderTest" time="1.990" status="1" />
    <testcase name="SetEventCategoryForCustomPICEvent" classname="Philips.PMP.Test.Auto.EventCatalogProviderTest" time="1.970" status="1" />
    <testcase name="StoreEventCatalogWithAssignedEventEditOrDelete (True)" classname="Philips.PMP.Test.Auto.EventCatalogProviderTest" time="3.761" status="1" />
    <testcase name="StoreEventCatalogWithAssignedEventEditOrDelete (False)" classname="Philips.PMP.Test.Auto.EventCatalogProviderTest" time="3.767" status="1" />
    <testcase name="SeverityKindKeyInequalityTest (Cyan,Patient,Cyan,Notification)" classname="Philips.PMP.Test.Auto.EventCatalogProviderTest" time="0.002" status="1" />
    <testcase name="SeverityKindKeyInequalityTest (Cyan,Patient,Informational,Patient)" classname="Philips.PMP.Test.Auto.EventCatalogProviderTest" time="0.000" status="1" />
    <testcase name="SeverityKindKeyInequalityTest (Cyan,Patient,Informational,Technical)" classname="Philips.PMP.Test.Auto.EventCatalogProviderTest" time="0.000" status="1" />
    <testcase name="StoreEventCatalogWithAssignedEventAddToNewCategory" classname="Philips.PMP.Test.Auto.EventCatalogProviderTest" time="1.960" status="1" />
    <testcase name="IsEventDefintionAssignedInOtherUnitsProperlyDetectsUsage (False)" classname="Philips.PMP.Test.Auto.EventCatalogProviderTest" time="2.103" status="1" />
    <testcase name="IsEventDefintionAssignedInOtherUnitsProperlyDetectsUsage (True)" classname="Philips.PMP.Test.Auto.EventCatalogProviderTest" time="3.867" status="1" />
    <testcase name="GetUnassignedEventsShouldFindDistinctEvent" classname="Philips.PMP.Test.Auto.EventCatalogProviderTest" time="0.130" status="1" />
    <testcase name="TrySetEventCategoryShouldFindNurseCallPartialMatch" classname="Philips.PMP.Test.Auto.EventCatalogProviderTest" time="0.494" status="1" />
    <testcase name="GetUnassignedEventsShouldFindAllEvents" classname="Philips.PMP.Test.Auto.EventCatalogProviderTest" time="0.121" status="1" />
    <testcase name="UnitDefinitionCategoryCacheCacheShouldBeLoadedBeforeBeingUsed" classname="Philips.PMP.Test.Auto.EventCatalogProviderTest" time="0.098" status="1" />
    <testcase name="GetEventNamesFromDataTablesShowReturnNames (True,*** Extreme Brady)" classname="Philips.PMP.Test.Auto.EventCatalogProviderTest" time="0.103" status="1" />
    <testcase name="GetEventNamesFromDataTablesShowReturnNames (False,*** Extreme Tom Brady)" classname="Philips.PMP.Test.Auto.EventCatalogProviderTest" time="0.097" status="1" />
    <testcase name="StoreEventCatalogWithUnassignedEventAdd" classname="Philips.PMP.Test.Auto.EventCatalogProviderTest" time="0.880" status="1" />
    <testcase name="GetEventCategoryNameByInValidId" classname="Philips.PMP.Test.Auto.EventCatalogProviderTest" time="0.089" status="1" />
    <testcase name="GetAssignedDisplayedEventsShouldReturnExactlyOneHiddenEventInstance" classname="Philips.PMP.Test.Auto.EventCatalogProviderTest" time="0.200" status="1" />
    <testcase name="StoreEventCatalogWithCategoryAdd" classname="Philips.PMP.Test.Auto.EventCatalogProviderTest" time="0.471" status="1" />
    <testcase name="EventCatalogShouldGetAssignedCategoriesForCustomProducts (New TAP Product,New TAP Vendor,NurseCall,TAP)" classname="Philips.PMP.Test.Auto.EventCatalogProviderTest" time="0.236" status="1" />
    <testcase name="EventCatalogShouldGetAssignedCategoriesForCustomProducts (New SOAP Product,New SOAP Vendor,NurseCall,SOAP)" classname="Philips.PMP.Test.Auto.EventCatalogProviderTest" time="0.211" status="1" />
    <testcase name="EventCatalogShouldGetAssignedCategoriesForCustomProducts (New XML Product,New XML Vendor,Other,XML)" classname="Philips.PMP.Test.Auto.EventCatalogProviderTest" time="0.216" status="1" />
    <testcase name="SetEventCategoryShouldFindExpectedCategoryByText (Code Blue,Rauland Responder,B5AB4CE3-4289-4393-BFBB-D8A5C5914393)" classname="Philips.PMP.Test.Auto.EventCatalogProviderTest" time="0.107" status="1" />
    <testcase name="SetEventCategoryShouldFindExpectedCategoryByText (Housekeeping,Telligence,4649290A-23AC-4F26-9023-DDA4E761D2C7)" classname="Philips.PMP.Test.Auto.EventCatalogProviderTest" time="0.093" status="1" />
    <testcase name="SetEventCategoryShouldFindExpectedCategoryByText (Staff Assist,Zettler Sentinel 500 Touch,7AC2F00D-303B-4764-8D9F-0A87D60EFBAB)" classname="Philips.PMP.Test.Auto.EventCatalogProviderTest" time="0.099" status="1" />
    <testcase name="SetEventCategoryShouldFindExpectedCategoryByText (Food not delivered 001,Interactive Patient Care,E8EB5734-55C8-4E7E-9198-F2B92D566C3C)" classname="Philips.PMP.Test.Auto.EventCatalogProviderTest" time="0.104" status="1" />
    <testcase name="SetEventCategoryShouldFindExpectedCategoryByText (Miscellaneous Category Test,Rauland Responder,053AE128-0EA8-4713-B45F-6B5861983D4C)" classname="Philips.PMP.Test.Auto.EventCatalogProviderTest" time="0.095" status="1" />
    <testcase name="SetEventCategoryShouldFindExpectedCategoryByText (Miscellaneous Category Test,Telligence,BCFB6818-D23A-4073-8F4B-89A31E018929)" classname="Philips.PMP.Test.Auto.EventCatalogProviderTest" time="0.096" status="1" />
    <testcase name="SetEventCategoryShouldFindExpectedCategoryByText (Miscellaneous Category Test,Zettler Sentinel 500 Touch,E4267B64-ECA2-40B1-944B-7CFC4FB77AEF)" classname="Philips.PMP.Test.Auto.EventCatalogProviderTest" time="0.098" status="1" />
    <testcase name="ResetFactoryDefaults" classname="Philips.PMP.Test.Auto.EventCatalogProviderTest" time="0.690" status="1" />
    <testcase name="GetAssignedHiddenEventsShouldReturnAllHiddenEventInstances" classname="Philips.PMP.Test.Auto.EventCatalogProviderTest" time="0.198" status="1" />
    <system-out />
    <system-err />
  </testsuite>
  <testsuite name="Philips.PMP.Test.Auto.Hl7OruEncoderTest" hostname="RESTORMEL" package="not available" id="3" tests="244" failures="0" errors="0" skipped="0" time="3.737" timestamp="2023-12-13T03:36:40">
    <properties />
    <testcase name="NumericSettingObservationValueTest (False,MDC_FLOW_AWAY_INSP_MAX,151773)" classname="Philips.PMP.Test.Auto.Hl7OruEncoderTest" time="0.001" status="1" />
    <testcase name="NumericSettingObservationValueTest (True,NOM_SETT_FLOW_AWAY_INSP_MAX,67260637)" classname="Philips.PMP.Test.Auto.Hl7OruEncoderTest" time="0.001" status="1" />
    <testcase name="ValidatedOutputTest (F,True)" classname="Philips.PMP.Test.Auto.Hl7OruEncoderTest" time="0.001" status="1" />
    <testcase name="ValidatedOutputTest (R,False)" classname="Philips.PMP.Test.Auto.Hl7OruEncoderTest" time="0.000" status="1" />
    <testcase name="NumericsFromSeparateDevicesHaveDifferentAdjustedVmdInstanceValuesAndResultStatusIsCorrectlyLocatedTest" classname="Philips.PMP.Test.Auto.Hl7OruEncoderTest" time="0.004" status="1" />
    <testcase name="SpsCustomLabelExistsInComplexIheHl7Output" classname="Philips.PMP.Test.Auto.Hl7OruEncoderTest" time="0.002" status="1" />
    <testcase name="CalcValuesWithZeroPhysioIdDontOutputHL7Test" classname="Philips.PMP.Test.Auto.Hl7OruEncoderTest" time="0.020" status="1" />
    <testcase name="EC10AlarmLimitsNotInClassicTest" classname="Philips.PMP.Test.Auto.Hl7OruEncoderTest" time="0.006" status="1" />
    <testcase name="QueryServerMessageReceivedReturnsWithNoExceptionIfConnectedClientNotPresent" classname="Philips.PMP.Test.Auto.Hl7OruEncoderTest" time="0.005" status="1" />
    <testcase name="AperiodicIsFilteredOutCorrectlyByAperiodicTimeTest" classname="Philips.PMP.Test.Auto.Hl7OruEncoderTest" time="0.006" status="1" />
    <testcase name="EC10ComplexWithZeroPhysioIdOutputHL7Test" classname="Philips.PMP.Test.Auto.Hl7OruEncoderTest" time="0.008" status="1" />
    <testcase name="IgnoreSpotCheckAperiodicsFromEmrTest" classname="Philips.PMP.Test.Auto.Hl7OruEncoderTest" time="0.001" status="1" />
    <testcase name="HL7ReceiverEnsureThatiXDoesntWaitForAcksTcpClient (ReporterClient)" classname="Philips.PMP.Test.Auto.Hl7OruEncoderTest" time="1.346" status="1" />
    <testcase name="HL7ReceiverEnsureThatiXDoesntWaitForAcksTcpClient (TrendClient)" classname="Philips.PMP.Test.Auto.Hl7OruEncoderTest" time="1.353" status="1" />
    <testcase name="IHEAlertFindsCompoundNumericCorrectlyTest" classname="Philips.PMP.Test.Auto.Hl7OruEncoderTest" time="0.021" status="1" />
    <testcase name="SpsRiskbandExistsInComplexIheHl7Output" classname="Philips.PMP.Test.Auto.Hl7OruEncoderTest" time="0.004" status="1" />
    <testcase name="HL7MultipleChannelIsProperlySupportedTest" classname="Philips.PMP.Test.Auto.Hl7OruEncoderTest" time="0.001" status="1" />
    <testcase name="ProcessTrendUploadExceptionTest" classname="Philips.PMP.Test.Auto.Hl7OruEncoderTest" time="0.006" status="1" />
    <testcase name="BuildIheDeviceStateForAlarmsTest" classname="Philips.PMP.Test.Auto.Hl7OruEncoderTest" time="0.001" status="1" />
    <testcase name="GetComplexNumericPhysioIdsTest" classname="Philips.PMP.Test.Auto.Hl7OruEncoderTest" time="0.001" status="1" />
    <testcase name="IheMdsIdAreCorrectlyOrderedWhenPdsSendsItOutOfOrderTest" classname="Philips.PMP.Test.Auto.Hl7OruEncoderTest" time="0.004" status="1" />
    <testcase name="IheNoBedDataNonNumericAlertIsProperlyFormattedTest" classname="Philips.PMP.Test.Auto.Hl7OruEncoderTest" time="0.015" status="1" />
    <testcase name="GetFormattedDateTimeHl7OutputTest" classname="Philips.PMP.Test.Auto.Hl7OruEncoderTest" time="0.001" status="1" />
    <testcase name="TrendDoesNotFilterOutOlderAperiodicsByAperiodicTimeTest" classname="Philips.PMP.Test.Auto.Hl7OruEncoderTest" time="0.011" status="1" />
    <testcase name="TwoAbnormalRiskBandEncoderTest (61440,True,N)" classname="Philips.PMP.Test.Auto.Hl7OruEncoderTest" time="0.002" status="1" />
    <testcase name="TwoAbnormalRiskBandEncoderTest (61440,False,N)" classname="Philips.PMP.Test.Auto.Hl7OruEncoderTest" time="0.001" status="1" />
    <testcase name="TwoAbnormalRiskBandEncoderTest (61441,True,A)" classname="Philips.PMP.Test.Auto.Hl7OruEncoderTest" time="0.001" status="1" />
    <testcase name="TwoAbnormalRiskBandEncoderTest (61441,False,A)" classname="Philips.PMP.Test.Auto.Hl7OruEncoderTest" time="0.001" status="1" />
    <testcase name="TwoAbnormalRiskBandEncoderTest (61442,True,AA)" classname="Philips.PMP.Test.Auto.Hl7OruEncoderTest" time="0.001" status="1" />
    <testcase name="TwoAbnormalRiskBandEncoderTest (61442,False,AA)" classname="Philips.PMP.Test.Auto.Hl7OruEncoderTest" time="0.000" status="1" />
    <testcase name="TwoAbnormalRiskBandEncoderTest (61443,True,W)" classname="Philips.PMP.Test.Auto.Hl7OruEncoderTest" time="0.000" status="1" />
    <testcase name="TwoAbnormalRiskBandEncoderTest (61443,False,W)" classname="Philips.PMP.Test.Auto.Hl7OruEncoderTest" time="0.001" status="1" />
    <testcase name="TwoAbnormalRiskBandEncoderTest (169,True,N)" classname="Philips.PMP.Test.Auto.Hl7OruEncoderTest" time="0.000" status="1" />
    <testcase name="TwoAbnormalRiskBandEncoderTest (169,False,R1)" classname="Philips.PMP.Test.Auto.Hl7OruEncoderTest" time="0.000" status="1" />
    <testcase name="TwoAbnormalRiskBandEncoderTest (103,True,N)" classname="Philips.PMP.Test.Auto.Hl7OruEncoderTest" time="0.001" status="1" />
    <testcase name="TwoAbnormalRiskBandEncoderTest (103,False,R1)" classname="Philips.PMP.Test.Auto.Hl7OruEncoderTest" time="0.000" status="1" />
    <testcase name="TwoAbnormalRiskBandEncoderTest (307,True,N)" classname="Philips.PMP.Test.Auto.Hl7OruEncoderTest" time="0.000" status="1" />
    <testcase name="TwoAbnormalRiskBandEncoderTest (307,False,R1)" classname="Philips.PMP.Test.Auto.Hl7OruEncoderTest" time="0.000" status="1" />
    <testcase name="TwoAbnormalRiskBandEncoderTest (321,True,N)" classname="Philips.PMP.Test.Auto.Hl7OruEncoderTest" time="0.000" status="1" />
    <testcase name="TwoAbnormalRiskBandEncoderTest (321,False,R1)" classname="Philips.PMP.Test.Auto.Hl7OruEncoderTest" time="0.001" status="1" />
    <testcase name="TwoAbnormalRiskBandEncoderTest (335,True,N)" classname="Philips.PMP.Test.Auto.Hl7OruEncoderTest" time="0.000" status="1" />
    <testcase name="TwoAbnormalRiskBandEncoderTest (335,False,R1)" classname="Philips.PMP.Test.Auto.Hl7OruEncoderTest" time="0.001" status="1" />
    <testcase name="TwoAbnormalRiskBandEncoderTest (349,True,N)" classname="Philips.PMP.Test.Auto.Hl7OruEncoderTest" time="0.000" status="1" />
    <testcase name="TwoAbnormalRiskBandEncoderTest (349,False,R1)" classname="Philips.PMP.Test.Auto.Hl7OruEncoderTest" time="0.000" status="1" />
    <testcase name="TwoAbnormalRiskBandEncoderTest (363,True,N)" classname="Philips.PMP.Test.Auto.Hl7OruEncoderTest" time="0.000" status="1" />
    <testcase name="TwoAbnormalRiskBandEncoderTest (363,False,R1)" classname="Philips.PMP.Test.Auto.Hl7OruEncoderTest" time="0.000" status="1" />
    <testcase name="TwoAbnormalRiskBandEncoderTest (300,True,N)" classname="Philips.PMP.Test.Auto.Hl7OruEncoderTest" time="0.001" status="1" />
    <testcase name="TwoAbnormalRiskBandEncoderTest (300,False,R1)" classname="Philips.PMP.Test.Auto.Hl7OruEncoderTest" time="0.000" status="1" />
    <testcase name="TwoAbnormalRiskBandEncoderTest (314,True,N)" classname="Philips.PMP.Test.Auto.Hl7OruEncoderTest" time="0.001" status="1" />
    <testcase name="TwoAbnormalRiskBandEncoderTest (314,False,R1)" classname="Philips.PMP.Test.Auto.Hl7OruEncoderTest" time="0.001" status="1" />
    <testcase name="TwoAbnormalRiskBandEncoderTest (328,True,N)" classname="Philips.PMP.Test.Auto.Hl7OruEncoderTest" time="0.000" status="1" />
    <testcase name="TwoAbnormalRiskBandEncoderTest (328,False,R1)" classname="Philips.PMP.Test.Auto.Hl7OruEncoderTest" time="0.000" status="1" />
    <testcase name="TwoAbnormalRiskBandEncoderTest (342,True,N)" classname="Philips.PMP.Test.Auto.Hl7OruEncoderTest" time="0.000" status="1" />
    <testcase name="TwoAbnormalRiskBandEncoderTest (342,False,R1)" classname="Philips.PMP.Test.Auto.Hl7OruEncoderTest" time="0.000" status="1" />
    <testcase name="TwoAbnormalRiskBandEncoderTest (356,True,N)" classname="Philips.PMP.Test.Auto.Hl7OruEncoderTest" time="0.001" status="1" />
    <testcase name="TwoAbnormalRiskBandEncoderTest (356,False,R1)" classname="Philips.PMP.Test.Auto.Hl7OruEncoderTest" time="0.000" status="1" />
    <testcase name="TwoAbnormalRiskBandEncoderTest (174,True,N)" classname="Philips.PMP.Test.Auto.Hl7OruEncoderTest" time="0.000" status="1" />
    <testcase name="TwoAbnormalRiskBandEncoderTest (174,False,R2)" classname="Philips.PMP.Test.Auto.Hl7OruEncoderTest" time="0.001" status="1" />
    <testcase name="TwoAbnormalRiskBandEncoderTest (171,True,N)" classname="Philips.PMP.Test.Auto.Hl7OruEncoderTest" time="0.001" status="1" />
    <testcase name="TwoAbnormalRiskBandEncoderTest (171,False,R2)" classname="Philips.PMP.Test.Auto.Hl7OruEncoderTest" time="0.000" status="1" />
    <testcase name="TwoAbnormalRiskBandEncoderTest (308,True,N)" classname="Philips.PMP.Test.Auto.Hl7OruEncoderTest" time="0.001" status="1" />
    <testcase name="TwoAbnormalRiskBandEncoderTest (308,False,R2)" classname="Philips.PMP.Test.Auto.Hl7OruEncoderTest" time="0.001" status="1" />
    <testcase name="TwoAbnormalRiskBandEncoderTest (322,True,N)" classname="Philips.PMP.Test.Auto.Hl7OruEncoderTest" time="0.002" status="1" />
    <testcase name="TwoAbnormalRiskBandEncoderTest (322,False,R2)" classname="Philips.PMP.Test.Auto.Hl7OruEncoderTest" time="0.000" status="1" />
    <testcase name="TwoAbnormalRiskBandEncoderTest (336,True,N)" classname="Philips.PMP.Test.Auto.Hl7OruEncoderTest" time="0.000" status="1" />
    <testcase name="TwoAbnormalRiskBandEncoderTest (336,False,R2)" classname="Philips.PMP.Test.Auto.Hl7OruEncoderTest" time="0.000" status="1" />
    <testcase name="TwoAbnormalRiskBandEncoderTest (350,True,N)" classname="Philips.PMP.Test.Auto.Hl7OruEncoderTest" time="0.000" status="1" />
    <testcase name="TwoAbnormalRiskBandEncoderTest (350,False,R2)" classname="Philips.PMP.Test.Auto.Hl7OruEncoderTest" time="0.002" status="1" />
    <testcase name="TwoAbnormalRiskBandEncoderTest (364,True,N)" classname="Philips.PMP.Test.Auto.Hl7OruEncoderTest" time="0.000" status="1" />
    <testcase name="TwoAbnormalRiskBandEncoderTest (364,False,R2)" classname="Philips.PMP.Test.Auto.Hl7OruEncoderTest" time="0.001" status="1" />
    <testcase name="TwoAbnormalRiskBandEncoderTest (301,True,N)" classname="Philips.PMP.Test.Auto.Hl7OruEncoderTest" time="0.000" status="1" />
    <testcase name="TwoAbnormalRiskBandEncoderTest (301,False,R2)" classname="Philips.PMP.Test.Auto.Hl7OruEncoderTest" time="0.000" status="1" />
    <testcase name="TwoAbnormalRiskBandEncoderTest (315,True,N)" classname="Philips.PMP.Test.Auto.Hl7OruEncoderTest" time="0.000" status="1" />
    <testcase name="TwoAbnormalRiskBandEncoderTest (315,False,R2)" classname="Philips.PMP.Test.Auto.Hl7OruEncoderTest" time="0.001" status="1" />
    <testcase name="TwoAbnormalRiskBandEncoderTest (329,True,N)" classname="Philips.PMP.Test.Auto.Hl7OruEncoderTest" time="0.001" status="1" />
    <testcase name="TwoAbnormalRiskBandEncoderTest (329,False,R2)" classname="Philips.PMP.Test.Auto.Hl7OruEncoderTest" time="0.001" status="1" />
    <testcase name="TwoAbnormalRiskBandEncoderTest (343,True,N)" classname="Philips.PMP.Test.Auto.Hl7OruEncoderTest" time="0.001" status="1" />
    <testcase name="TwoAbnormalRiskBandEncoderTest (343,False,R2)" classname="Philips.PMP.Test.Auto.Hl7OruEncoderTest" time="0.001" status="1" />
    <testcase name="TwoAbnormalRiskBandEncoderTest (357,True,N)" classname="Philips.PMP.Test.Auto.Hl7OruEncoderTest" time="0.003" status="1" />
    <testcase name="TwoAbnormalRiskBandEncoderTest (357,False,R2)" classname="Philips.PMP.Test.Auto.Hl7OruEncoderTest" time="0.001" status="1" />
    <testcase name="TwoAbnormalRiskBandEncoderTest (168,True,A)" classname="Philips.PMP.Test.Auto.Hl7OruEncoderTest" time="0.000" status="1" />
    <testcase name="TwoAbnormalRiskBandEncoderTest (168,False,R3)" classname="Philips.PMP.Test.Auto.Hl7OruEncoderTest" time="0.000" status="1" />
    <testcase name="TwoAbnormalRiskBandEncoderTest (102,True,A)" classname="Philips.PMP.Test.Auto.Hl7OruEncoderTest" time="0.000" status="1" />
    <testcase name="TwoAbnormalRiskBandEncoderTest (102,False,R3)" classname="Philips.PMP.Test.Auto.Hl7OruEncoderTest" time="0.000" status="1" />
    <testcase name="TwoAbnormalRiskBandEncoderTest (309,True,A)" classname="Philips.PMP.Test.Auto.Hl7OruEncoderTest" time="0.000" status="1" />
    <testcase name="TwoAbnormalRiskBandEncoderTest (309,False,R3)" classname="Philips.PMP.Test.Auto.Hl7OruEncoderTest" time="0.000" status="1" />
    <testcase name="TwoAbnormalRiskBandEncoderTest (323,True,A)" classname="Philips.PMP.Test.Auto.Hl7OruEncoderTest" time="0.001" status="1" />
    <testcase name="TwoAbnormalRiskBandEncoderTest (323,False,R3)" classname="Philips.PMP.Test.Auto.Hl7OruEncoderTest" time="0.001" status="1" />
    <testcase name="TwoAbnormalRiskBandEncoderTest (337,True,A)" classname="Philips.PMP.Test.Auto.Hl7OruEncoderTest" time="0.000" status="1" />
    <testcase name="TwoAbnormalRiskBandEncoderTest (337,False,R3)" classname="Philips.PMP.Test.Auto.Hl7OruEncoderTest" time="0.000" status="1" />
    <testcase name="TwoAbnormalRiskBandEncoderTest (351,True,A)" classname="Philips.PMP.Test.Auto.Hl7OruEncoderTest" time="0.001" status="1" />
    <testcase name="TwoAbnormalRiskBandEncoderTest (351,False,R3)" classname="Philips.PMP.Test.Auto.Hl7OruEncoderTest" time="0.001" status="1" />
    <testcase name="TwoAbnormalRiskBandEncoderTest (365,True,A)" classname="Philips.PMP.Test.Auto.Hl7OruEncoderTest" time="0.000" status="1" />
    <testcase name="TwoAbnormalRiskBandEncoderTest (365,False,R3)" classname="Philips.PMP.Test.Auto.Hl7OruEncoderTest" time="0.000" status="1" />
    <testcase name="TwoAbnormalRiskBandEncoderTest (302,True,A)" classname="Philips.PMP.Test.Auto.Hl7OruEncoderTest" time="0.001" status="1" />
    <testcase name="TwoAbnormalRiskBandEncoderTest (302,False,R3)" classname="Philips.PMP.Test.Auto.Hl7OruEncoderTest" time="0.000" status="1" />
    <testcase name="TwoAbnormalRiskBandEncoderTest (316,True,A)" classname="Philips.PMP.Test.Auto.Hl7OruEncoderTest" time="0.000" status="1" />
    <testcase name="TwoAbnormalRiskBandEncoderTest (316,False,R3)" classname="Philips.PMP.Test.Auto.Hl7OruEncoderTest" time="0.000" status="1" />
    <testcase name="TwoAbnormalRiskBandEncoderTest (330,True,A)" classname="Philips.PMP.Test.Auto.Hl7OruEncoderTest" time="0.001" status="1" />
    <testcase name="TwoAbnormalRiskBandEncoderTest (330,False,R3)" classname="Philips.PMP.Test.Auto.Hl7OruEncoderTest" time="0.000" status="1" />
    <testcase name="TwoAbnormalRiskBandEncoderTest (344,True,A)" classname="Philips.PMP.Test.Auto.Hl7OruEncoderTest" time="0.000" status="1" />
    <testcase name="TwoAbnormalRiskBandEncoderTest (344,False,R3)" classname="Philips.PMP.Test.Auto.Hl7OruEncoderTest" time="0.001" status="1" />
    <testcase name="TwoAbnormalRiskBandEncoderTest (358,True,A)" classname="Philips.PMP.Test.Auto.Hl7OruEncoderTest" time="0.000" status="1" />
    <testcase name="TwoAbnormalRiskBandEncoderTest (358,False,R3)" classname="Philips.PMP.Test.Auto.Hl7OruEncoderTest" time="0.000" status="1" />
    <testcase name="TwoAbnormalRiskBandEncoderTest (175,True,AA)" classname="Philips.PMP.Test.Auto.Hl7OruEncoderTest" time="0.001" status="1" />
    <testcase name="TwoAbnormalRiskBandEncoderTest (175,False,R4)" classname="Philips.PMP.Test.Auto.Hl7OruEncoderTest" time="0.000" status="1" />
    <testcase name="TwoAbnormalRiskBandEncoderTest (172,True,AA)" classname="Philips.PMP.Test.Auto.Hl7OruEncoderTest" time="0.000" status="1" />
    <testcase name="TwoAbnormalRiskBandEncoderTest (172,False,R4)" classname="Philips.PMP.Test.Auto.Hl7OruEncoderTest" time="0.001" status="1" />
    <testcase name="TwoAbnormalRiskBandEncoderTest (310,True,AA)" classname="Philips.PMP.Test.Auto.Hl7OruEncoderTest" time="0.000" status="1" />
    <testcase name="TwoAbnormalRiskBandEncoderTest (310,False,R4)" classname="Philips.PMP.Test.Auto.Hl7OruEncoderTest" time="0.000" status="1" />
    <testcase name="TwoAbnormalRiskBandEncoderTest (324,True,AA)" classname="Philips.PMP.Test.Auto.Hl7OruEncoderTest" time="0.001" status="1" />
    <testcase name="TwoAbnormalRiskBandEncoderTest (324,False,R4)" classname="Philips.PMP.Test.Auto.Hl7OruEncoderTest" time="0.000" status="1" />
    <testcase name="TwoAbnormalRiskBandEncoderTest (338,True,AA)" classname="Philips.PMP.Test.Auto.Hl7OruEncoderTest" time="0.000" status="1" />
    <testcase name="TwoAbnormalRiskBandEncoderTest (338,False,R4)" classname="Philips.PMP.Test.Auto.Hl7OruEncoderTest" time="0.001" status="1" />
    <testcase name="TwoAbnormalRiskBandEncoderTest (352,True,AA)" classname="Philips.PMP.Test.Auto.Hl7OruEncoderTest" time="0.000" status="1" />
    <testcase name="TwoAbnormalRiskBandEncoderTest (352,False,R4)" classname="Philips.PMP.Test.Auto.Hl7OruEncoderTest" time="0.000" status="1" />
    <testcase name="TwoAbnormalRiskBandEncoderTest (366,True,AA)" classname="Philips.PMP.Test.Auto.Hl7OruEncoderTest" time="0.001" status="1" />
    <testcase name="TwoAbnormalRiskBandEncoderTest (366,False,R4)" classname="Philips.PMP.Test.Auto.Hl7OruEncoderTest" time="0.000" status="1" />
    <testcase name="TwoAbnormalRiskBandEncoderTest (303,True,AA)" classname="Philips.PMP.Test.Auto.Hl7OruEncoderTest" time="0.001" status="1" />
    <testcase name="TwoAbnormalRiskBandEncoderTest (303,False,R4)" classname="Philips.PMP.Test.Auto.Hl7OruEncoderTest" time="0.001" status="1" />
    <testcase name="TwoAbnormalRiskBandEncoderTest (317,True,AA)" classname="Philips.PMP.Test.Auto.Hl7OruEncoderTest" time="0.001" status="1" />
    <testcase name="TwoAbnormalRiskBandEncoderTest (317,False,R4)" classname="Philips.PMP.Test.Auto.Hl7OruEncoderTest" time="0.000" status="1" />
    <testcase name="TwoAbnormalRiskBandEncoderTest (331,True,AA)" classname="Philips.PMP.Test.Auto.Hl7OruEncoderTest" time="0.000" status="1" />
    <testcase name="TwoAbnormalRiskBandEncoderTest (331,False,R4)" classname="Philips.PMP.Test.Auto.Hl7OruEncoderTest" time="0.001" status="1" />
    <testcase name="TwoAbnormalRiskBandEncoderTest (345,True,AA)" classname="Philips.PMP.Test.Auto.Hl7OruEncoderTest" time="0.000" status="1" />
    <testcase name="TwoAbnormalRiskBandEncoderTest (345,False,R4)" classname="Philips.PMP.Test.Auto.Hl7OruEncoderTest" time="0.001" status="1" />
    <testcase name="TwoAbnormalRiskBandEncoderTest (359,True,AA)" classname="Philips.PMP.Test.Auto.Hl7OruEncoderTest" time="0.000" status="1" />
    <testcase name="TwoAbnormalRiskBandEncoderTest (359,False,R4)" classname="Philips.PMP.Test.Auto.Hl7OruEncoderTest" time="0.000" status="1" />
    <testcase name="TwoAbnormalRiskBandEncoderTest (167,True,AA)" classname="Philips.PMP.Test.Auto.Hl7OruEncoderTest" time="0.000" status="1" />
    <testcase name="TwoAbnormalRiskBandEncoderTest (167,False,R5)" classname="Philips.PMP.Test.Auto.Hl7OruEncoderTest" time="0.000" status="1" />
    <testcase name="TwoAbnormalRiskBandEncoderTest (101,True,AA)" classname="Philips.PMP.Test.Auto.Hl7OruEncoderTest" time="0.001" status="1" />
    <testcase name="TwoAbnormalRiskBandEncoderTest (101,False,R5)" classname="Philips.PMP.Test.Auto.Hl7OruEncoderTest" time="0.000" status="1" />
    <testcase name="TwoAbnormalRiskBandEncoderTest (311,True,AA)" classname="Philips.PMP.Test.Auto.Hl7OruEncoderTest" time="0.000" status="1" />
    <testcase name="TwoAbnormalRiskBandEncoderTest (311,False,R5)" classname="Philips.PMP.Test.Auto.Hl7OruEncoderTest" time="0.001" status="1" />
    <testcase name="TwoAbnormalRiskBandEncoderTest (325,True,AA)" classname="Philips.PMP.Test.Auto.Hl7OruEncoderTest" time="0.001" status="1" />
    <testcase name="TwoAbnormalRiskBandEncoderTest (325,False,R5)" classname="Philips.PMP.Test.Auto.Hl7OruEncoderTest" time="0.001" status="1" />
    <testcase name="TwoAbnormalRiskBandEncoderTest (339,True,AA)" classname="Philips.PMP.Test.Auto.Hl7OruEncoderTest" time="0.000" status="1" />
    <testcase name="TwoAbnormalRiskBandEncoderTest (339,False,R5)" classname="Philips.PMP.Test.Auto.Hl7OruEncoderTest" time="0.001" status="1" />
    <testcase name="TwoAbnormalRiskBandEncoderTest (353,True,AA)" classname="Philips.PMP.Test.Auto.Hl7OruEncoderTest" time="0.001" status="1" />
    <testcase name="TwoAbnormalRiskBandEncoderTest (353,False,R5)" classname="Philips.PMP.Test.Auto.Hl7OruEncoderTest" time="0.000" status="1" />
    <testcase name="TwoAbnormalRiskBandEncoderTest (367,True,AA)" classname="Philips.PMP.Test.Auto.Hl7OruEncoderTest" time="0.001" status="1" />
    <testcase name="TwoAbnormalRiskBandEncoderTest (367,False,R5)" classname="Philips.PMP.Test.Auto.Hl7OruEncoderTest" time="0.000" status="1" />
    <testcase name="TwoAbnormalRiskBandEncoderTest (304,True,AA)" classname="Philips.PMP.Test.Auto.Hl7OruEncoderTest" time="0.000" status="1" />
    <testcase name="TwoAbnormalRiskBandEncoderTest (304,False,R5)" classname="Philips.PMP.Test.Auto.Hl7OruEncoderTest" time="0.000" status="1" />
    <testcase name="TwoAbnormalRiskBandEncoderTest (318,True,AA)" classname="Philips.PMP.Test.Auto.Hl7OruEncoderTest" time="0.000" status="1" />
    <testcase name="TwoAbnormalRiskBandEncoderTest (318,False,R5)" classname="Philips.PMP.Test.Auto.Hl7OruEncoderTest" time="0.001" status="1" />
    <testcase name="TwoAbnormalRiskBandEncoderTest (332,True,AA)" classname="Philips.PMP.Test.Auto.Hl7OruEncoderTest" time="0.001" status="1" />
    <testcase name="TwoAbnormalRiskBandEncoderTest (332,False,R5)" classname="Philips.PMP.Test.Auto.Hl7OruEncoderTest" time="0.000" status="1" />
    <testcase name="TwoAbnormalRiskBandEncoderTest (346,True,AA)" classname="Philips.PMP.Test.Auto.Hl7OruEncoderTest" time="0.000" status="1" />
    <testcase name="TwoAbnormalRiskBandEncoderTest (346,False,R5)" classname="Philips.PMP.Test.Auto.Hl7OruEncoderTest" time="0.000" status="1" />
    <testcase name="TwoAbnormalRiskBandEncoderTest (360,True,AA)" classname="Philips.PMP.Test.Auto.Hl7OruEncoderTest" time="0.000" status="1" />
    <testcase name="TwoAbnormalRiskBandEncoderTest (360,False,R5)" classname="Philips.PMP.Test.Auto.Hl7OruEncoderTest" time="0.000" status="1" />
    <testcase name="TwoAbnormalRiskBandEncoderTest (176,True,W)" classname="Philips.PMP.Test.Auto.Hl7OruEncoderTest" time="0.000" status="1" />
    <testcase name="TwoAbnormalRiskBandEncoderTest (176,False,R6)" classname="Philips.PMP.Test.Auto.Hl7OruEncoderTest" time="0.001" status="1" />
    <testcase name="TwoAbnormalRiskBandEncoderTest (173,True,W)" classname="Philips.PMP.Test.Auto.Hl7OruEncoderTest" time="0.000" status="1" />
    <testcase name="TwoAbnormalRiskBandEncoderTest (173,False,R6)" classname="Philips.PMP.Test.Auto.Hl7OruEncoderTest" time="0.000" status="1" />
    <testcase name="TwoAbnormalRiskBandEncoderTest (312,True,W)" classname="Philips.PMP.Test.Auto.Hl7OruEncoderTest" time="0.000" status="1" />
    <testcase name="TwoAbnormalRiskBandEncoderTest (312,False,R6)" classname="Philips.PMP.Test.Auto.Hl7OruEncoderTest" time="0.001" status="1" />
    <testcase name="TwoAbnormalRiskBandEncoderTest (326,True,W)" classname="Philips.PMP.Test.Auto.Hl7OruEncoderTest" time="0.000" status="1" />
    <testcase name="TwoAbnormalRiskBandEncoderTest (326,False,R6)" classname="Philips.PMP.Test.Auto.Hl7OruEncoderTest" time="0.000" status="1" />
    <testcase name="TwoAbnormalRiskBandEncoderTest (340,True,W)" classname="Philips.PMP.Test.Auto.Hl7OruEncoderTest" time="0.000" status="1" />
    <testcase name="TwoAbnormalRiskBandEncoderTest (340,False,R6)" classname="Philips.PMP.Test.Auto.Hl7OruEncoderTest" time="0.000" status="1" />
    <testcase name="TwoAbnormalRiskBandEncoderTest (354,True,W)" classname="Philips.PMP.Test.Auto.Hl7OruEncoderTest" time="0.000" status="1" />
    <testcase name="TwoAbnormalRiskBandEncoderTest (354,False,R6)" classname="Philips.PMP.Test.Auto.Hl7OruEncoderTest" time="0.000" status="1" />
    <testcase name="TwoAbnormalRiskBandEncoderTest (368,True,W)" classname="Philips.PMP.Test.Auto.Hl7OruEncoderTest" time="0.001" status="1" />
    <testcase name="TwoAbnormalRiskBandEncoderTest (368,False,R6)" classname="Philips.PMP.Test.Auto.Hl7OruEncoderTest" time="0.000" status="1" />
    <testcase name="TwoAbnormalRiskBandEncoderTest (305,True,W)" classname="Philips.PMP.Test.Auto.Hl7OruEncoderTest" time="0.001" status="1" />
    <testcase name="TwoAbnormalRiskBandEncoderTest (305,False,R6)" classname="Philips.PMP.Test.Auto.Hl7OruEncoderTest" time="0.000" status="1" />
    <testcase name="TwoAbnormalRiskBandEncoderTest (319,True,W)" classname="Philips.PMP.Test.Auto.Hl7OruEncoderTest" time="0.001" status="1" />
    <testcase name="TwoAbnormalRiskBandEncoderTest (319,False,R6)" classname="Philips.PMP.Test.Auto.Hl7OruEncoderTest" time="0.002" status="1" />
    <testcase name="TwoAbnormalRiskBandEncoderTest (333,True,W)" classname="Philips.PMP.Test.Auto.Hl7OruEncoderTest" time="0.000" status="1" />
    <testcase name="TwoAbnormalRiskBandEncoderTest (333,False,R6)" classname="Philips.PMP.Test.Auto.Hl7OruEncoderTest" time="0.000" status="1" />
    <testcase name="TwoAbnormalRiskBandEncoderTest (347,True,W)" classname="Philips.PMP.Test.Auto.Hl7OruEncoderTest" time="0.000" status="1" />
    <testcase name="TwoAbnormalRiskBandEncoderTest (347,False,R6)" classname="Philips.PMP.Test.Auto.Hl7OruEncoderTest" time="0.000" status="1" />
    <testcase name="TwoAbnormalRiskBandEncoderTest (361,True,W)" classname="Philips.PMP.Test.Auto.Hl7OruEncoderTest" time="0.001" status="1" />
    <testcase name="TwoAbnormalRiskBandEncoderTest (361,False,R6)" classname="Philips.PMP.Test.Auto.Hl7OruEncoderTest" time="0.000" status="1" />
    <testcase name="TwoAbnormalRiskBandEncoderTest (166,True,W)" classname="Philips.PMP.Test.Auto.Hl7OruEncoderTest" time="0.000" status="1" />
    <testcase name="TwoAbnormalRiskBandEncoderTest (166,False,R7)" classname="Philips.PMP.Test.Auto.Hl7OruEncoderTest" time="0.000" status="1" />
    <testcase name="TwoAbnormalRiskBandEncoderTest (100,True,W)" classname="Philips.PMP.Test.Auto.Hl7OruEncoderTest" time="0.000" status="1" />
    <testcase name="TwoAbnormalRiskBandEncoderTest (100,False,R7)" classname="Philips.PMP.Test.Auto.Hl7OruEncoderTest" time="0.001" status="1" />
    <testcase name="TwoAbnormalRiskBandEncoderTest (313,True,W)" classname="Philips.PMP.Test.Auto.Hl7OruEncoderTest" time="0.001" status="1" />
    <testcase name="TwoAbnormalRiskBandEncoderTest (313,False,R7)" classname="Philips.PMP.Test.Auto.Hl7OruEncoderTest" time="0.000" status="1" />
    <testcase name="TwoAbnormalRiskBandEncoderTest (327,True,W)" classname="Philips.PMP.Test.Auto.Hl7OruEncoderTest" time="0.000" status="1" />
    <testcase name="TwoAbnormalRiskBandEncoderTest (327,False,R7)" classname="Philips.PMP.Test.Auto.Hl7OruEncoderTest" time="0.000" status="1" />
    <testcase name="TwoAbnormalRiskBandEncoderTest (341,True,W)" classname="Philips.PMP.Test.Auto.Hl7OruEncoderTest" time="0.001" status="1" />
    <testcase name="TwoAbnormalRiskBandEncoderTest (341,False,R7)" classname="Philips.PMP.Test.Auto.Hl7OruEncoderTest" time="0.001" status="1" />
    <testcase name="TwoAbnormalRiskBandEncoderTest (355,True,W)" classname="Philips.PMP.Test.Auto.Hl7OruEncoderTest" time="0.000" status="1" />
    <testcase name="TwoAbnormalRiskBandEncoderTest (355,False,R7)" classname="Philips.PMP.Test.Auto.Hl7OruEncoderTest" time="0.000" status="1" />
    <testcase name="TwoAbnormalRiskBandEncoderTest (369,True,W)" classname="Philips.PMP.Test.Auto.Hl7OruEncoderTest" time="0.001" status="1" />
    <testcase name="TwoAbnormalRiskBandEncoderTest (369,False,R7)" classname="Philips.PMP.Test.Auto.Hl7OruEncoderTest" time="0.000" status="1" />
    <testcase name="TwoAbnormalRiskBandEncoderTest (306,True,W)" classname="Philips.PMP.Test.Auto.Hl7OruEncoderTest" time="0.000" status="1" />
    <testcase name="TwoAbnormalRiskBandEncoderTest (306,False,R7)" classname="Philips.PMP.Test.Auto.Hl7OruEncoderTest" time="0.000" status="1" />
    <testcase name="TwoAbnormalRiskBandEncoderTest (320,True,W)" classname="Philips.PMP.Test.Auto.Hl7OruEncoderTest" time="0.000" status="1" />
    <testcase name="TwoAbnormalRiskBandEncoderTest (320,False,R7)" classname="Philips.PMP.Test.Auto.Hl7OruEncoderTest" time="0.001" status="1" />
    <testcase name="TwoAbnormalRiskBandEncoderTest (334,True,W)" classname="Philips.PMP.Test.Auto.Hl7OruEncoderTest" time="0.001" status="1" />
    <testcase name="TwoAbnormalRiskBandEncoderTest (334,False,R7)" classname="Philips.PMP.Test.Auto.Hl7OruEncoderTest" time="0.000" status="1" />
    <testcase name="TwoAbnormalRiskBandEncoderTest (348,True,W)" classname="Philips.PMP.Test.Auto.Hl7OruEncoderTest" time="0.000" status="1" />
    <testcase name="TwoAbnormalRiskBandEncoderTest (348,False,R7)" classname="Philips.PMP.Test.Auto.Hl7OruEncoderTest" time="0.001" status="1" />
    <testcase name="TwoAbnormalRiskBandEncoderTest (362,True,W)" classname="Philips.PMP.Test.Auto.Hl7OruEncoderTest" time="0.000" status="1" />
    <testcase name="TwoAbnormalRiskBandEncoderTest (362,False,R7)" classname="Philips.PMP.Test.Auto.Hl7OruEncoderTest" time="0.001" status="1" />
    <testcase name="SpsDeteriorationExistsInComplexIheHl7Output" classname="Philips.PMP.Test.Auto.Hl7OruEncoderTest" time="0.002" status="1" />
    <testcase name="ComplexMetricEnumerationMissingAttributesTest" classname="Philips.PMP.Test.Auto.Hl7OruEncoderTest" time="0.004" status="1" />
    <testcase name="SpsDeteriorationExistsInComplexClassicHl7Output" classname="Philips.PMP.Test.Auto.Hl7OruEncoderTest" time="0.016" status="1" />
    <testcase name="EncodeUniqueIdInIheAlarmMessageTest (NewAlert)" classname="Philips.PMP.Test.Auto.Hl7OruEncoderTest" time="0.006" status="1" />
    <testcase name="EncodeUniqueIdInIheAlarmMessageTest (EndAlert)" classname="Philips.PMP.Test.Auto.Hl7OruEncoderTest" time="0.007" status="1" />
    <testcase name="EncodeUniqueIdInIheAlarmMessageTest (SilencedAlert)" classname="Philips.PMP.Test.Auto.Hl7OruEncoderTest" time="0.005" status="1" />
    <testcase name="EncodeUniqueIdInIheAlarmMessageTest (Unknown)" classname="Philips.PMP.Test.Auto.Hl7OruEncoderTest" time="0.004" status="1" />
    <testcase name="SpsDeteriorationExistsInClassicHl7Output" classname="Philips.PMP.Test.Auto.Hl7OruEncoderTest" time="0.001" status="1" />
    <testcase name="IheNumericAlertIsProperlyFormattedTest" classname="Philips.PMP.Test.Auto.Hl7OruEncoderTest" time="0.012" status="1" />
    <testcase name="PatientPostureOutHL7Test" classname="Philips.PMP.Test.Auto.Hl7OruEncoderTest" time="0.017" status="1" />
    <testcase name="AlarmClientSendsSourceForSourceInObjPartition" classname="Philips.PMP.Test.Auto.Hl7OruEncoderTest" time="0.004" status="1" />
    <testcase name="SpsRiskbandExistsInIheHl7Output" classname="Philips.PMP.Test.Auto.Hl7OruEncoderTest" time="0.007" status="1" />
    <testcase name="TelemdilDataIsNotDuplicatedOutClassicTest" classname="Philips.PMP.Test.Auto.Hl7OruEncoderTest" time="0.010" status="1" />
    <testcase name="CustomSpsExistsInIheHl7Output" classname="Philips.PMP.Test.Auto.Hl7OruEncoderTest" time="0.005" status="1" />
    <testcase name="IheSourceListTest" classname="Philips.PMP.Test.Auto.Hl7OruEncoderTest" time="0.003" status="1" />
    <testcase name="CustomSpsExistsInClassicHl7Output" classname="Philips.PMP.Test.Auto.Hl7OruEncoderTest" time="0.001" status="1" />
    <testcase name="FilterCompoundsCorrectlyClassicProfileOnly" classname="Philips.PMP.Test.Auto.Hl7OruEncoderTest" time="0.001" status="1" />
    <testcase name="IncorrectlyFormattedAckMessageTest" classname="Philips.PMP.Test.Auto.Hl7OruEncoderTest" time="0.001" status="1" />
    <testcase name="SpsCustomLabelDeteriorationExistsInComplexIheHl7Output" classname="Philips.PMP.Test.Auto.Hl7OruEncoderTest" time="0.002" status="1" />
    <testcase name="AlarmLimitsOutputHL7Test" classname="Philips.PMP.Test.Auto.Hl7OruEncoderTest" time="0.008" status="1" />
    <testcase name="IheMeasurementSiteLocationTest" classname="Philips.PMP.Test.Auto.Hl7OruEncoderTest" time="0.284" status="1" />
    <testcase name="Hl7OruEncoderReferenceRangeTest (False,False,)" classname="Philips.PMP.Test.Auto.Hl7OruEncoderTest" time="0.001" status="1" />
    <testcase name="Hl7OruEncoderReferenceRangeTest (True,False,)" classname="Philips.PMP.Test.Auto.Hl7OruEncoderTest" time="0.000" status="1" />
    <testcase name="Hl7OruEncoderReferenceRangeTest (True,True,50-120)" classname="Philips.PMP.Test.Auto.Hl7OruEncoderTest" time="0.001" status="1" />
    <testcase name="SpsDeteriorationExistsInIheHl7Output" classname="Philips.PMP.Test.Auto.Hl7OruEncoderTest" time="0.002" status="1" />
    <testcase name="Hl7OruEncoderChannelTest" classname="Philips.PMP.Test.Auto.Hl7OruEncoderTest" time="0.007" status="1" />
    <testcase name="MdilCodeIsOutputWhenMdcNotAvaiableIheOnlyTest" classname="Philips.PMP.Test.Auto.Hl7OruEncoderTest" time="0.002" status="1" />
    <testcase name="BufferingOfTrendDataTest" classname="Philips.PMP.Test.Auto.Hl7OruEncoderTest" time="0.001" status="1" />
    <testcase name="CanIheParameterBeCategorizedTest" classname="Philips.PMP.Test.Auto.Hl7OruEncoderTest" time="0.001" status="1" />
    <testcase name="SpsCustomDeteriorationExistsInClassicHl7Output" classname="Philips.PMP.Test.Auto.Hl7OruEncoderTest" time="0.001" status="1" />
    <testcase name="AperiodicIsCorrectlyOutputDuringTimeZoneChangeTest" classname="Philips.PMP.Test.Auto.Hl7OruEncoderTest" time="0.004" status="1" />
    <testcase name="Hl7OruEncoderValidatedDataTest (ValidatorUserName,OperatorUserName)" classname="Philips.PMP.Test.Auto.Hl7OruEncoderTest" time="0.002" status="1" />
    <testcase name="Hl7OruEncoderValidatedDataTest (ValidatorUserName,)" classname="Philips.PMP.Test.Auto.Hl7OruEncoderTest" time="0.001" status="1" />
    <testcase name="Hl7OruEncoderValidatedDataTest (,OperatorUserName)" classname="Philips.PMP.Test.Auto.Hl7OruEncoderTest" time="0.003" status="1" />
    <testcase name="DuplicateEC10ValueIsFilteredOutWhenSameValueIsOnBedsideDisplayTest" classname="Philips.PMP.Test.Auto.Hl7OruEncoderTest" time="0.023" status="1" />
    <testcase name="SpsCustomLabelExistsInComplexClassicHl7Output" classname="Philips.PMP.Test.Auto.Hl7OruEncoderTest" time="0.003" status="1" />
    <testcase name="GmtOffsetHl7OutputTest" classname="Philips.PMP.Test.Auto.Hl7OruEncoderTest" time="0.001" status="1" />
    <testcase name="SpsRiskbandExistsInClassicHl7Output" classname="Philips.PMP.Test.Auto.Hl7OruEncoderTest" time="0.001" status="1" />
    <testcase name="TrendUnitsAreCorrectlySentOutHL7Test" classname="Philips.PMP.Test.Auto.Hl7OruEncoderTest" time="0.019" status="1" />
    <testcase name="PulseNumericsAreFilteredForTrendDataTest" classname="Philips.PMP.Test.Auto.Hl7OruEncoderTest" time="0.001" status="1" />
    <testcase name="ApplSpecificShouldNotBeInComplexClassicHl7Output (CDS_PROTOCOL_UUID_DEFINITION,0002-fbba)" classname="Philips.PMP.Test.Auto.Hl7OruEncoderTest" time="0.004" status="1" />
    <testcase name="ApplSpecificShouldNotBeInComplexClassicHl7Output (CDS_PROTOCOL_UUID_CONFIG,0002-fbbb)" classname="Philips.PMP.Test.Auto.Hl7OruEncoderTest" time="0.002" status="1" />
    <testcase name="NoMonitorOnlyEC10Outputs0ConfigurationifisIccaCheckedTest" classname="Philips.PMP.Test.Auto.Hl7OruEncoderTest" time="0.338" status="1" />
    <testcase name="SpsRiskbandExistsInComplexClassicHl7Output" classname="Philips.PMP.Test.Auto.Hl7OruEncoderTest" time="0.002" status="1" />
    <system-out />
    <system-err />
  </testsuite>
  <testsuite name="Philips.PMP.Test.Auto.FeatureAssignmentConfigEditControlTest" hostname="RESTORMEL" package="not available" id="4" tests="3" failures="0" errors="0" skipped="0" time="1.136" timestamp="2023-12-13T03:29:45">
    <properties />
    <testcase name="HostLicenseOptionsCopySupportedTest (True)" classname="Philips.PMP.Test.Auto.FeatureAssignmentConfigEditControlTest" time="0.226" status="1" />
    <testcase name="HostLicenseOptionsCopySupportedTest (False)" classname="Philips.PMP.Test.Auto.FeatureAssignmentConfigEditControlTest" time="0.033" status="1" />
    <testcase name="HostLicenseOptionsCopyTest" classname="Philips.PMP.Test.Auto.FeatureAssignmentConfigEditControlTest" time="0.878" status="1" />
    <system-out />
    <system-err />
  </testsuite>
  <testsuite name="Philips.PMP.Test.Auto.UserManagementProviderTest" hostname="RESTORMEL" package="not available" id="5" tests="20" failures="0" errors="0" skipped="0" time="4.768" timestamp="2023-12-13T03:33:30">
    <properties />
    <testcase name="ActiveDirectoryTest" classname="Philips.PMP.Test.Auto.UserManagementProviderTest" time="0.435" status="1" />
    <testcase name="UserManagementProviderRetrievesFactoryApplicationUsers" classname="Philips.PMP.Test.Auto.UserManagementProviderTest" time="0.005" status="1" />
    <testcase name="GetZoneRoleAssignmentsByUserTest" classname="Philips.PMP.Test.Auto.UserManagementProviderTest" time="0.286" status="1" />
    <testcase name="ActiveDirectoryEditTest" classname="Philips.PMP.Test.Auto.UserManagementProviderTest" time="0.040" status="1" />
    <testcase name="UserManagementRevertActionPermissions" classname="Philips.PMP.Test.Auto.UserManagementProviderTest" time="0.256" status="1" />
    <testcase name="AuthorizeTest" classname="Philips.PMP.Test.Auto.UserManagementProviderTest" time="0.484" status="1" />
    <testcase name="UserManagemenGetProviderNotesLocation (True)" classname="Philips.PMP.Test.Auto.UserManagementProviderTest" time="0.645" status="1" />
    <testcase name="UserManagemenGetProviderNotesLocation (False)" classname="Philips.PMP.Test.Auto.UserManagementProviderTest" time="0.560" status="1" />
    <testcase name="UserManagementProviderResetNonLegacyCredentials" classname="Philips.PMP.Test.Auto.UserManagementProviderTest" time="0.250" status="1" />
    <testcase name="UserManagemenAllPermissionHasSupportRoleAssignment" classname="Philips.PMP.Test.Auto.UserManagementProviderTest" time="0.011" status="1" />
    <testcase name="UserRoleAssignmentTest" classname="Philips.PMP.Test.Auto.UserManagementProviderTest" time="0.314" status="1" />
    <testcase name="UserTest" classname="Philips.PMP.Test.Auto.UserManagementProviderTest" time="0.257" status="1" />
    <testcase name="ActionAssignmentsTest" classname="Philips.PMP.Test.Auto.UserManagementProviderTest" time="0.310" status="1" />
    <testcase name="UserManagementProviderRetrievesFactoryOperatingSystemUsers" classname="Philips.PMP.Test.Auto.UserManagementProviderTest" time="0.007" status="1" />
    <testcase name="UserManagementCopyActionPermissions" classname="Philips.PMP.Test.Auto.UserManagementProviderTest" time="0.262" status="1" />
    <testcase name="UserManagemenAllActionsHaveTypes" classname="Philips.PMP.Test.Auto.UserManagementProviderTest" time="0.002" status="1" />
    <testcase name="RoleTest" classname="Philips.PMP.Test.Auto.UserManagementProviderTest" time="0.301" status="1" />
    <testcase name="StoreScheduledMessageUser" classname="Philips.PMP.Test.Auto.UserManagementProviderTest" time="0.005" status="1" />
    <testcase name="UserManagementProviderStoresUserCredentials" classname="Philips.PMP.Test.Auto.UserManagementProviderTest" time="0.004" status="1" />
    <testcase name="GetEventUsersOnlineTest" classname="Philips.PMP.Test.Auto.UserManagementProviderTest" time="0.336" status="1" />
    <system-out />
    <system-err />
  </testsuite>
  <testsuite name="Philips.PMP.Test.Auto.DbFifoTest" hostname="RESTORMEL" package="not available" id="6" tests="12" failures="0" errors="0" skipped="0" time="7.690" timestamp="2023-12-13T03:31:15">
    <properties />
    <testcase name="FifoByRowCount" classname="Philips.PMP.Test.Auto.DbFifoTest" time="0.220" status="1" />
    <testcase name="FifoBySpName" classname="Philips.PMP.Test.Auto.DbFifoTest" time="0.220" status="1" />
    <testcase name="PatientCensusColumnConfigFifoTest" classname="Philips.PMP.Test.Auto.DbFifoTest" time="0.022" status="1" />
    <testcase name="FifoByAge" classname="Philips.PMP.Test.Auto.DbFifoTest" time="0.114" status="1" />
    <testcase name="FifoStoreConfig" classname="Philips.PMP.Test.Auto.DbFifoTest" time="0.008" status="1" />
    <testcase name="DbMaintenanceUpdateStatsTest (100,1)" classname="Philips.PMP.Test.Auto.DbFifoTest" time="3.183" status="1" />
    <testcase name="DbMaintenanceUpdateStatsTest (1,0)" classname="Philips.PMP.Test.Auto.DbFifoTest" time="0.055" status="1" />
    <testcase name="Fifo" classname="Philips.PMP.Test.Auto.DbFifoTest" time="3.216" status="1" />
    <testcase name="GetDbccMessageTest" classname="Philips.PMP.Test.Auto.DbFifoTest" time="0.611" status="1" />
    <testcase name="FifoConfigIsCalledForAllCoreDatabases" classname="Philips.PMP.Test.Auto.DbFifoTest" time="0.009" status="1" />
    <testcase name="FileFifoTest" classname="Philips.PMP.Test.Auto.DbFifoTest" time="0.021" status="1" />
    <testcase name="FifoControlDataPurge" classname="Philips.PMP.Test.Auto.DbFifoTest" time="0.012" status="1" />
    <system-out />
    <system-err />
  </testsuite>
  <testsuite name="Philips.PMP.Test.Auto.Hl7TcpClientConnectionTest" hostname="RESTORMEL" package="not available" id="7" tests="6" failures="0" errors="0" skipped="0" time="0.782" timestamp="2023-12-13T03:29:55">
    <properties />
    <testcase name="Hl7TcpClientConnectionStart" classname="Philips.PMP.Test.Auto.Hl7TcpClientConnectionTest" time="0.573" status="1" />
    <testcase name="Hl7TcpClientConnectionConnectedSecure" classname="Philips.PMP.Test.Auto.Hl7TcpClientConnectionTest" time="0.067" status="1" />
    <testcase name="Hl7TcpClientConnectionNotConnected" classname="Philips.PMP.Test.Auto.Hl7TcpClientConnectionTest" time="0.023" status="1" />
    <testcase name="Hl7TcpClientConnectionConnected" classname="Philips.PMP.Test.Auto.Hl7TcpClientConnectionTest" time="0.051" status="1" />
    <testcase name="Hl7TcpClientConnectionStop" classname="Philips.PMP.Test.Auto.Hl7TcpClientConnectionTest" time="0.008" status="1" />
    <testcase name="Hl7TcpClientConnectionDispose" classname="Philips.PMP.Test.Auto.Hl7TcpClientConnectionTest" time="0.061" status="1" />
    <system-out />
    <system-err />
  </testsuite>
  <testsuite name="Philips.PMP.Test.Auto.RepositoryTest" hostname="RESTORMEL" package="not available" id="8" tests="69" failures="0" errors="0" skipped="0" time="2.415" timestamp="2023-12-13T03:35:55">
    <properties />
    <testcase name="RepositoryPassesUniqueNewMonitorDeviceInfoToAlertMgr (True,False,True)" classname="Philips.PMP.Test.Auto.RepositoryTest" time="0.064" status="1" />
    <testcase name="RepositoryPassesUniqueNewMonitorDeviceInfoToAlertMgr (False,False,False)" classname="Philips.PMP.Test.Auto.RepositoryTest" time="0.010" status="1" />
    <testcase name="RepositoryPassesUniqueNewMonitorDeviceInfoToAlertMgr (False,True,True)" classname="Philips.PMP.Test.Auto.RepositoryTest" time="0.016" status="1" />
    <testcase name="RepositoryMasterMonitorIdChangesToSignalSourceWhenNoWavesPresentTest" classname="Philips.PMP.Test.Auto.RepositoryTest" time="0.031" status="1" />
    <testcase name="AlarmsAreGivenToClientsAfterDischargeTest" classname="Philips.PMP.Test.Auto.RepositoryTest" time="0.299" status="1" />
    <testcase name="RepositoryGetDataCallObeysAllowDeviceTime" classname="Philips.PMP.Test.Auto.RepositoryTest" time="0.003" status="1" />
    <testcase name="MonitorOnlineDetectsDuplicates" classname="Philips.PMP.Test.Auto.RepositoryTest" time="0.006" status="1" />
    <testcase name="MonitorOfflineAddMetricsToRetainedListTest (False)" classname="Philips.PMP.Test.Auto.RepositoryTest" time="0.015" status="1" />
    <testcase name="MonitorOfflineAddMetricsToRetainedListTest (True)" classname="Philips.PMP.Test.Auto.RepositoryTest" time="0.012" status="1" />
    <testcase name="RepositoryUsesCorrectTimeIntervalToQueryForSpotCheckData" classname="Philips.PMP.Test.Auto.RepositoryTest" time="0.004" status="1" />
    <testcase name="RepositoryGetDataCallReturnsAllAperiodicsInIntervalTest" classname="Philips.PMP.Test.Auto.RepositoryTest" time="0.010" status="1" />
    <testcase name="TimeMappingsAreNotDeletedBefore72SecondsHavePassedTest" classname="Philips.PMP.Test.Auto.RepositoryTest" time="0.006" status="1" />
    <testcase name="DeletedMetricsDoNotTriggerScanReportIssueTest" classname="Philips.PMP.Test.Auto.RepositoryTest" time="0.015" status="1" />
    <testcase name="PhysioDataTimeUpdateTest (True,False)" classname="Philips.PMP.Test.Auto.RepositoryTest" time="0.002" status="1" />
    <testcase name="PhysioDataTimeUpdateTest (False,True)" classname="Philips.PMP.Test.Auto.RepositoryTest" time="0.001" status="1" />
    <testcase name="RepositoryReportsIfMonitorIsOnline" classname="Philips.PMP.Test.Auto.RepositoryTest" time="0.009" status="1" />
    <testcase name="ComplexMetricRepositoryDoesNotAgeNullMetrics" classname="Philips.PMP.Test.Auto.RepositoryTest" time="0.187" status="1" />
    <testcase name="ReproduceSticr127619" classname="Philips.PMP.Test.Auto.RepositoryTest" time="0.252" status="1" />
    <testcase name="RepositoryOnlyRetrievesSpotCheckDataWhenPatientChanges (True)" classname="Philips.PMP.Test.Auto.RepositoryTest" time="0.006" status="1" />
    <testcase name="RepositoryOnlyRetrievesSpotCheckDataWhenPatientChanges (False)" classname="Philips.PMP.Test.Auto.RepositoryTest" time="0.004" status="1" />
    <testcase name="NumericRepositoryDoesNotAgeNullMetrics" classname="Philips.PMP.Test.Auto.RepositoryTest" time="0.011" status="1" />
    <testcase name="DeletedMetricsReturnAperiodicValuesWhenUsingAllAperiodicValuesTest" classname="Philips.PMP.Test.Auto.RepositoryTest" time="0.006" status="1" />
    <testcase name="GetDataConfigHasNullTimeProcessorTest" classname="Philips.PMP.Test.Auto.RepositoryTest" time="0.005" status="1" />
    <testcase name="TimeRepositoryCurrentTimeInNotLastMapping" classname="Philips.PMP.Test.Auto.RepositoryTest" time="0.001" status="1" />
    <testcase name="RepositoryCanClearNumeric" classname="Philips.PMP.Test.Auto.RepositoryTest" time="0.215" status="1" />
    <testcase name="RepositoryCheckUsedTimeMappingsWithMetric" classname="Philips.PMP.Test.Auto.RepositoryTest" time="0.001" status="1" />
    <testcase name="FromWaveFalseDoesntPushTimeForwardUnless2SecondsHavePassedTest" classname="Philips.PMP.Test.Auto.RepositoryTest" time="0.001" status="1" />
    <testcase name="AlertsAreDelayedWhenBitsSetTest" classname="Philips.PMP.Test.Auto.RepositoryTest" time="0.010" status="1" />
    <testcase name="RepositoryThrowsOnUnknownAlertUpdateType" classname="Philips.PMP.Test.Auto.RepositoryTest" time="0.045" status="1" />
    <testcase name="ProvidingPatientIdGivesComplexMetricsForThatPatientTest" classname="Philips.PMP.Test.Auto.RepositoryTest" time="0.004" status="1" />
    <testcase name="MetricRepositoryCanRetrieveByBasePhysioId" classname="Philips.PMP.Test.Auto.RepositoryTest" time="0.005" status="1" />
    <testcase name="RepositoryOnlyRetrievesSpotCheckDataWhenLicensed (True)" classname="Philips.PMP.Test.Auto.RepositoryTest" time="0.114" status="1" />
    <testcase name="RepositoryOnlyRetrievesSpotCheckDataWhenLicensed (False)" classname="Philips.PMP.Test.Auto.RepositoryTest" time="0.003" status="1" />
    <testcase name="BtbMetricMetricsDoNotTriggerScanReportIssueTest" classname="Philips.PMP.Test.Auto.RepositoryTest" time="0.040" status="1" />
    <testcase name="EmptyMetricsDontTriggerScanReportIssueTest" classname="Philips.PMP.Test.Auto.RepositoryTest" time="0.039" status="1" />
    <testcase name="IfScanReportsStopBeingReceivedPdsStopsSourcingMetricDataTest" classname="Philips.PMP.Test.Auto.RepositoryTest" time="0.066" status="1" />
    <testcase name="EnumerationRepositoryDoesNotAgeNullMetrics" classname="Philips.PMP.Test.Auto.RepositoryTest" time="0.188" status="1" />
    <testcase name="TimeMappingPhysioDataIntervalShouldRespectDelay" classname="Philips.PMP.Test.Auto.RepositoryTest" time="0.003" status="1" />
    <testcase name="ClearSectoredBedsThatAreReassignedDontUseOldStateDataTest" classname="Philips.PMP.Test.Auto.RepositoryTest" time="0.004" status="1" />
    <testcase name="RepositoryFillSubscriptionIntellibridgeNumericTest (DelphiHigh15In,147842,False,1)" classname="Philips.PMP.Test.Auto.RepositoryTest" time="0.001" status="1" />
    <testcase name="RepositoryFillSubscriptionIntellibridgeNumericTest (ExtDevServer,147842,False,1)" classname="Philips.PMP.Test.Auto.RepositoryTest" time="0.000" status="1" />
    <testcase name="RepositoryFillSubscriptionIntellibridgeNumericTest (IbridgeEc40Hub,147842,False,1)" classname="Philips.PMP.Test.Auto.RepositoryTest" time="0.001" status="1" />
    <testcase name="RepositoryFillSubscriptionIntellibridgeNumericTest (IbridgeEc48Hub,147842,False,1)" classname="Philips.PMP.Test.Auto.RepositoryTest" time="0.000" status="1" />
    <testcase name="RepositoryFillSubscriptionIntellibridgeNumericTest (DelphiHigh15In,2158686308,False,1)" classname="Philips.PMP.Test.Auto.RepositoryTest" time="0.000" status="1" />
    <testcase name="RepositoryFillSubscriptionIntellibridgeNumericTest (ExtDevServer,2158686308,False,0)" classname="Philips.PMP.Test.Auto.RepositoryTest" time="0.000" status="1" />
    <testcase name="RepositoryFillSubscriptionIntellibridgeNumericTest (IbridgeEc40Hub,2158686308,False,0)" classname="Philips.PMP.Test.Auto.RepositoryTest" time="0.000" status="1" />
    <testcase name="RepositoryFillSubscriptionIntellibridgeNumericTest (IbridgeEc48Hub,2158686308,False,0)" classname="Philips.PMP.Test.Auto.RepositoryTest" time="0.000" status="1" />
    <testcase name="RepositoryFillSubscriptionIntellibridgeNumericTest (DelphiHigh15In,2158686308,True,1)" classname="Philips.PMP.Test.Auto.RepositoryTest" time="0.001" status="1" />
    <testcase name="RepositoryFillSubscriptionIntellibridgeNumericTest (ExtDevServer,2158686308,True,1)" classname="Philips.PMP.Test.Auto.RepositoryTest" time="0.001" status="1" />
    <testcase name="RepositoryFillSubscriptionIntellibridgeNumericTest (IbridgeEc40Hub,2158686308,True,1)" classname="Philips.PMP.Test.Auto.RepositoryTest" time="0.000" status="1" />
    <testcase name="RepositoryFillSubscriptionIntellibridgeNumericTest (IbridgeEc48Hub,2158686308,True,1)" classname="Philips.PMP.Test.Auto.RepositoryTest" time="0.000" status="1" />
    <testcase name="TimeWaveRepositoryDoesNotAgeNullMetrics" classname="Philips.PMP.Test.Auto.RepositoryTest" time="0.175" status="1" />
    <testcase name="RepositoryRunMedianCalculation (TwelveSecondMedian,False)" classname="Philips.PMP.Test.Auto.RepositoryTest" time="0.016" status="1" />
    <testcase name="RepositoryRunMedianCalculation (SixtySecondMedian,False)" classname="Philips.PMP.Test.Auto.RepositoryTest" time="0.018" status="1" />
    <testcase name="RepositoryRunMedianCalculation (ThreeHundredSecondMedian,True)" classname="Philips.PMP.Test.Auto.RepositoryTest" time="0.012" status="1" />
    <testcase name="RepositoryCanFillComplexMetricSubscription" classname="Philips.PMP.Test.Auto.RepositoryTest" time="0.009" status="1" />
    <testcase name="RepositoryDoesntMixPatientDataOnReadmitTest" classname="Philips.PMP.Test.Auto.RepositoryTest" time="0.009" status="1" />
    <testcase name="RepositoryMasterMonitorIdChangesWhenPwdAssociatesTest" classname="Philips.PMP.Test.Auto.RepositoryTest" time="0.045" status="1" />
    <testcase name="MetricRepositoryThrowsOnUnsetAttributes" classname="Philips.PMP.Test.Auto.RepositoryTest" time="0.002" status="1" />
    <testcase name="IbsAddAvailableDataTriggersConfigChangeTest" classname="Philips.PMP.Test.Auto.RepositoryTest" time="0.001" status="1" />
    <testcase name="ConfigNotificationsDontIncludeEC4080NumericsIfFlagIsFalseTest" classname="Philips.PMP.Test.Auto.RepositoryTest" time="0.005" status="1" />
    <testcase name="RepositoryCheckUsedTimeMappings" classname="Philips.PMP.Test.Auto.RepositoryTest" time="0.001" status="1" />
    <testcase name="MetricRepositoryReportsDevicesAndMetricsNotMovingForward" classname="Philips.PMP.Test.Auto.RepositoryTest" time="0.173" status="1" />
    <testcase name="RespositoryAddAndDeleteSpotCheckDataTest (True)" classname="Philips.PMP.Test.Auto.RepositoryTest" time="0.022" status="1" />
    <testcase name="RespositoryAddAndDeleteSpotCheckDataTest (False)" classname="Philips.PMP.Test.Auto.RepositoryTest" time="0.006" status="1" />
    <testcase name="RepositoryDelayBeatLabelsTest" classname="Philips.PMP.Test.Auto.RepositoryTest" time="0.001" status="1" />
    <testcase name="MasterPhysioDataTimeIsAlwaysAlignedTest" classname="Philips.PMP.Test.Auto.RepositoryTest" time="0.003" status="1" />
    <testcase name="PdsMgrSplitsDictionaries" classname="Philips.PMP.Test.Auto.RepositoryTest" time="0.020" status="1" />
    <testcase name="RealTimeWaveRepositoryDoesNotAgeNullMetrics" classname="Philips.PMP.Test.Auto.RepositoryTest" time="0.179" status="1" />
    <system-out />
    <system-err />
  </testsuite>
  <testsuite name="Philips.PMP.Test.Auto.PatientDataExportStorageTest" hostname="RESTORMEL" package="not available" id="9" tests="50" failures="0" errors="0" skipped="0" time="5.310" timestamp="2023-12-13T03:32:55">
    <properties />
    <testcase name="PdxAttributesWithNullValuesAreEqual" classname="Philips.PMP.Test.Auto.PatientDataExportStorageTest" time="0.029" status="1" />
    <testcase name="PdxCheckPatientDisplayName" classname="Philips.PMP.Test.Auto.PatientDataExportStorageTest" time="0.064" status="1" />
    <testcase name="PdxViewerPatientSelectTest" classname="Philips.PMP.Test.Auto.PatientDataExportStorageTest" time="0.546" status="1" />
    <testcase name="PdxSystemIdStoresCorrectly" classname="Philips.PMP.Test.Auto.PatientDataExportStorageTest" time="0.019" status="1" />
    <testcase name="PdxEnumerationAttributesWithEarlierTimeAreReturned" classname="Philips.PMP.Test.Auto.PatientDataExportStorageTest" time="0.028" status="1" />
    <testcase name="PdxWhenNumericCompoundSequenceIsZeroStoreMobilePhysioDataSequence" classname="Philips.PMP.Test.Auto.PatientDataExportStorageTest" time="0.027" status="1" />
    <testcase name="PdxInvalidParentSystemIdDoesNotThrowException" classname="Philips.PMP.Test.Auto.PatientDataExportStorageTest" time="0.021" status="1" />
    <testcase name="PdxExportStartGreaterThanEndDoesNotThrowException" classname="Philips.PMP.Test.Auto.PatientDataExportStorageTest" time="0.020" status="1" />
    <testcase name="PdxEnumerationsAreSorted" classname="Philips.PMP.Test.Auto.PatientDataExportStorageTest" time="0.027" status="1" />
    <testcase name="PdxGetWaveWithMissingAttributesIsSafe" classname="Philips.PMP.Test.Auto.PatientDataExportStorageTest" time="0.034" status="1" />
    <testcase name="PdxWaveAttributesWithEarlierTimeAreReturned" classname="Philips.PMP.Test.Auto.PatientDataExportStorageTest" time="0.028" status="1" />
    <testcase name="PdxEcgWavesWithDifferentChannelsAreDifferent" classname="Philips.PMP.Test.Auto.PatientDataExportStorageTest" time="0.027" status="1" />
    <testcase name="PdxBedTagsStoreTest" classname="Philips.PMP.Test.Auto.PatientDataExportStorageTest" time="0.058" status="1" />
    <testcase name="PdxGetEnumerationTest" classname="Philips.PMP.Test.Auto.PatientDataExportStorageTest" time="0.028" status="1" />
    <testcase name="PdxGetPatientsFromTierTwoTest" classname="Philips.PMP.Test.Auto.PatientDataExportStorageTest" time="0.135" status="1" />
    <testcase name="PdxSourceDeviceStoreTest" classname="Philips.PMP.Test.Auto.PatientDataExportStorageTest" time="0.033" status="1" />
    <testcase name="PdxAttributesWithDifferentSourcesAreDifferent" classname="Philips.PMP.Test.Auto.PatientDataExportStorageTest" time="0.031" status="1" />
    <testcase name="PdxDbMaintenanceLockTest" classname="Philips.PMP.Test.Auto.PatientDataExportStorageTest" time="0.029" status="1" />
    <testcase name="PdxWhenAlertAnnounceSequenceIsZeroStoreMobilePhysioDataSequence" classname="Philips.PMP.Test.Auto.PatientDataExportStorageTest" time="0.022" status="1" />
    <testcase name="PdxPeriodicNumericFilteringTest" classname="Philips.PMP.Test.Auto.PatientDataExportStorageTest" time="1.993" status="1" />
    <testcase name="PdxPatientMappingStoreSmallestAperiodicTimestamp (3/8/2022 6:00:00 PM -05:00,3/8/2022 8:30:00 PM -05:00,3/8/2022 6:00:00 PM -05:00)" classname="Philips.PMP.Test.Auto.PatientDataExportStorageTest" time="0.130" status="1" />
    <testcase name="PdxPatientMappingStoreSmallestAperiodicTimestamp (3/8/2022 8:30:00 PM -05:00,3/8/2022 4:00:00 PM -05:00,3/8/2022 4:00:00 PM -05:00)" classname="Philips.PMP.Test.Auto.PatientDataExportStorageTest" time="0.073" status="1" />
    <testcase name="PdxCheckWhenAttributesAreTheSame" classname="Philips.PMP.Test.Auto.PatientDataExportStorageTest" time="0.027" status="1" />
    <testcase name="PdxPartitionMaintenanceRemovesDbLock" classname="Philips.PMP.Test.Auto.PatientDataExportStorageTest" time="0.079" status="1" />
    <testcase name="PdxDbPartitionMaintenanceIsCalledOnStart" classname="Philips.PMP.Test.Auto.PatientDataExportStorageTest" time="0.035" status="1" />
    <testcase name="PdxSystemIdStoredAsAsciiIsReturnedCorrectly" classname="Philips.PMP.Test.Auto.PatientDataExportStorageTest" time="0.028" status="1" />
    <testcase name="PdxPopulatesourceDeviceTest" classname="Philips.PMP.Test.Auto.PatientDataExportStorageTest" time="0.025" status="1" />
    <testcase name="PdxPartitionMaintenanceSetsPerfCounter" classname="Philips.PMP.Test.Auto.PatientDataExportStorageTest" time="0.075" status="1" />
    <testcase name="PdxServiceStartUsesServiceHostOptions" classname="Philips.PMP.Test.Auto.PatientDataExportStorageTest" time="0.028" status="1" />
    <testcase name="PdxStoreLongEnumerationLabels" classname="Philips.PMP.Test.Auto.PatientDataExportStorageTest" time="0.024" status="1" />
    <testcase name="PdxNumericAttributesWithEarlierTimeAreReturned" classname="Philips.PMP.Test.Auto.PatientDataExportStorageTest" time="0.031" status="1" />
    <testcase name="PdxWhenEnumerationCompoundSequenceIsZeroStoreMobilePhysioDataSequence" classname="Philips.PMP.Test.Auto.PatientDataExportStorageTest" time="0.023" status="1" />
    <testcase name="PdxStoreLongNumericLabels" classname="Philips.PMP.Test.Auto.PatientDataExportStorageTest" time="0.022" status="1" />
    <testcase name="PdxStoreDataWithSubSourceDevice" classname="Philips.PMP.Test.Auto.PatientDataExportStorageTest" time="0.031" status="1" />
    <testcase name="PdxPatientMappingStoreTrendUploadDataTime" classname="Philips.PMP.Test.Auto.PatientDataExportStorageTest" time="0.063" status="1" />
    <testcase name="PdxAlertContainsCorrectEndTimeAndLabel" classname="Philips.PMP.Test.Auto.PatientDataExportStorageTest" time="0.025" status="1" />
    <testcase name="ResultInfoMessageInspectorUpdaterHasBehavior" classname="Philips.PMP.Test.Auto.PatientDataExportStorageTest" time="0.017" status="1" />
    <testcase name="PdxCheckNumericSequenceNumber" classname="Philips.PMP.Test.Auto.PatientDataExportStorageTest" time="0.035" status="1" />
    <testcase name="PdxNonEcgWavesWithDifferentPhysioIdsAreDifferent" classname="Philips.PMP.Test.Auto.PatientDataExportStorageTest" time="0.029" status="1" />
    <testcase name="PdxCheckWhenEcgWavesAreTheSame" classname="Philips.PMP.Test.Auto.PatientDataExportStorageTest" time="0.029" status="1" />
    <testcase name="PdxStoreLongSerialNumbers" classname="Philips.PMP.Test.Auto.PatientDataExportStorageTest" time="0.022" status="1" />
    <testcase name="PlatformAssemblyInspectorUpdatesAssemblyValue" classname="Philips.PMP.Test.Auto.PatientDataExportStorageTest" time="0.039" status="1" />
    <testcase name="PdxNumericsAreSorted" classname="Philips.PMP.Test.Auto.PatientDataExportStorageTest" time="0.041" status="1" />
    <testcase name="PdxWavesWithDifferentBasePhysioIdsAreDifferent" classname="Philips.PMP.Test.Auto.PatientDataExportStorageTest" time="0.029" status="1" />
    <testcase name="PdxCheckFeatureIsAssignedToFileExportService" classname="Philips.PMP.Test.Auto.PatientDataExportStorageTest" time="0.021" status="1" />
    <testcase name="PdxExternalViewsTest" classname="Philips.PMP.Test.Auto.PatientDataExportStorageTest" time="0.053" status="1" />
    <testcase name="PdxCheckEnumerationSequenceNumber" classname="Philips.PMP.Test.Auto.PatientDataExportStorageTest" time="0.041" status="1" />
    <testcase name="PdxTierTwoCopySetsPerfCounter" classname="Philips.PMP.Test.Auto.PatientDataExportStorageTest" time="0.274" status="1" />
    <testcase name="PdxTrailingSpaceLabelStoreTest" classname="Philips.PMP.Test.Auto.PatientDataExportStorageTest" time="0.039" status="1" />
    <testcase name="PdxPhysioDataStoreTest" classname="Philips.PMP.Test.Auto.PatientDataExportStorageTest" time="0.723" status="1" />
    <system-out />
    <system-err />
  </testsuite>
  <testsuite name="Philips.IX.UserManagement.Test.UserAuthenticatorsTest" hostname="RESTORMEL" package="not available" id="10" tests="35" failures="0" errors="0" skipped="0" time="0.957" timestamp="2023-12-13T03:39:04">
    <properties />
    <testcase name="UserAuthenticatorProveIdWebApiPinFail2Test" classname="Philips.IX.UserManagement.Test.UserAuthenticatorsTest" time="0.048" status="1" />
    <testcase name="UserAuthenticatorProveIdWebApiUniqueIdFurtherAuthRequiredTest" classname="Philips.IX.UserManagement.Test.UserAuthenticatorsTest" time="0.055" status="1" />
    <testcase name="UserAuthenticatorLocalDirectoryPasswordFail2Test" classname="Philips.IX.UserManagement.Test.UserAuthenticatorsTest" time="0.001" status="1" />
    <testcase name="UserAuthenticatorActiveDirectoryPasswordSucceedTest" classname="Philips.IX.UserManagement.Test.UserAuthenticatorsTest" time="0.002" status="1" />
    <testcase name="UserAuthenticatorLocalDirectoryPasswordFail1Test" classname="Philips.IX.UserManagement.Test.UserAuthenticatorsTest" time="0.001" status="1" />
    <testcase name="UserAuthenticatorProveIdWebApiPasswordFail1Test" classname="Philips.IX.UserManagement.Test.UserAuthenticatorsTest" time="0.047" status="1" />
    <testcase name="UserAuthenticatorProveIdWebApiUniqueIdFail1Test" classname="Philips.IX.UserManagement.Test.UserAuthenticatorsTest" time="0.044" status="1" />
    <testcase name="UserAuthenticatorLocalDirectoryHashUpdateTest (True)" classname="Philips.IX.UserManagement.Test.UserAuthenticatorsTest" time="0.003" status="1" />
    <testcase name="UserAuthenticatorLocalDirectoryHashUpdateTest (False)" classname="Philips.IX.UserManagement.Test.UserAuthenticatorsTest" time="0.001" status="1" />
    <testcase name="UserAuthenticatorActiveDirectoryPasswordFail1Test" classname="Philips.IX.UserManagement.Test.UserAuthenticatorsTest" time="0.005" status="1" />
    <testcase name="UserAuthenticatorProveIdWebApiUniqueIdFail3Test" classname="Philips.IX.UserManagement.Test.UserAuthenticatorsTest" time="0.048" status="1" />
    <testcase name="UserAuthenticatorActiveDirectoryPasswordFail5Test" classname="Philips.IX.UserManagement.Test.UserAuthenticatorsTest" time="0.001" status="1" />
    <testcase name="UserAuthenticatorActiveDirectoryPasswordFail2Test" classname="Philips.IX.UserManagement.Test.UserAuthenticatorsTest" time="0.004" status="1" />
    <testcase name="UserAuthenticatorActiveDirectoryPasswordFail4Test" classname="Philips.IX.UserManagement.Test.UserAuthenticatorsTest" time="0.001" status="1" />
    <testcase name="UserAuthenticatorProveIdWebApiUniqueIdSecondFactorTest (True,False,False)" classname="Philips.IX.UserManagement.Test.UserAuthenticatorsTest" time="0.053" status="1" />
    <testcase name="UserAuthenticatorProveIdWebApiUniqueIdSecondFactorTest (False,True,True)" classname="Philips.IX.UserManagement.Test.UserAuthenticatorsTest" time="0.052" status="1" />
    <testcase name="UserAuthenticatorProveIdWebApiUniqueIdSecondFactorTest (True,True,False)" classname="Philips.IX.UserManagement.Test.UserAuthenticatorsTest" time="0.052" status="1" />
    <testcase name="UserAuthenticatorProveIdWebApiPasswordNoServersExceptionTest" classname="Philips.IX.UserManagement.Test.UserAuthenticatorsTest" time="0.095" status="1" />
    <testcase name="UserAuthenticatorProveIdWebApiPasswordSucceedTest" classname="Philips.IX.UserManagement.Test.UserAuthenticatorsTest" time="0.107" status="1" />
    <testcase name="UserAuthenticatorProveIdWebApiPinFail1Test" classname="Philips.IX.UserManagement.Test.UserAuthenticatorsTest" time="0.044" status="1" />
    <testcase name="UserAuthenticatorBreakGlassSucceed" classname="Philips.IX.UserManagement.Test.UserAuthenticatorsTest" time="0.003" status="1" />
    <testcase name="UserAuthenticatorDirectoryCredentialMismatchTest" classname="Philips.IX.UserManagement.Test.UserAuthenticatorsTest" time="0.001" status="1" />
    <testcase name="UserAuthenticatorActiveDirectoryPasswordFail3Test" classname="Philips.IX.UserManagement.Test.UserAuthenticatorsTest" time="0.004" status="1" />
    <testcase name="UserAuthenticatorProveIdWebApiPasswordNetworkExceptionTest" classname="Philips.IX.UserManagement.Test.UserAuthenticatorsTest" time="0.070" status="1" />
    <testcase name="UserAuthenticatorLocalDirectoryPasswordSucceedTest (True,True,True)" classname="Philips.IX.UserManagement.Test.UserAuthenticatorsTest" time="0.036" status="1" />
    <testcase name="UserAuthenticatorLocalDirectoryPasswordSucceedTest (False,True,True)" classname="Philips.IX.UserManagement.Test.UserAuthenticatorsTest" time="0.002" status="1" />
    <testcase name="UserAuthenticatorLocalDirectoryPasswordSucceedTest (True,False,True)" classname="Philips.IX.UserManagement.Test.UserAuthenticatorsTest" time="0.001" status="1" />
    <testcase name="UserAuthenticatorLocalDirectoryPasswordSucceedTest (False,False,False)" classname="Philips.IX.UserManagement.Test.UserAuthenticatorsTest" time="0.002" status="1" />
    <testcase name="UserAuthenticatorProveIdWebApiPasswordFail2Test" classname="Philips.IX.UserManagement.Test.UserAuthenticatorsTest" time="0.060" status="1" />
    <testcase name="UserAuthenticatorLocalDirectoryPasswordSucceed3Test" classname="Philips.IX.UserManagement.Test.UserAuthenticatorsTest" time="0.001" status="1" />
    <testcase name="UserAuthenticatorLocalDirectoryPasswordFail3Test" classname="Philips.IX.UserManagement.Test.UserAuthenticatorsTest" time="0.001" status="1" />
    <testcase name="UserAuthenticatorBreakGlassWrongData" classname="Philips.IX.UserManagement.Test.UserAuthenticatorsTest" time="0.001" status="1" />
    <testcase name="UserAuthenticatorProveIdWebApiPinSucceedTest" classname="Philips.IX.UserManagement.Test.UserAuthenticatorsTest" time="0.049" status="1" />
    <testcase name="UserAuthenticatorFactoryTest" classname="Philips.IX.UserManagement.Test.UserAuthenticatorsTest" time="0.009" status="1" />
    <testcase name="UserAuthenticatorProveIdWebApiUniqueIdFail2Test" classname="Philips.IX.UserManagement.Test.UserAuthenticatorsTest" time="0.050" status="1" />
    <system-out />
    <system-err />
  </testsuite>
  <testsuite name="Philips.CareEvent.Test.EventMonitorFilterTests" hostname="RESTORMEL" package="not available" id="11" tests="17" failures="0" errors="0" skipped="0" time="0.927" timestamp="2023-12-13T03:28:16">
    <properties />
    <testcase name="EventMonitorFilterOnYellowFromBed2" classname="Philips.CareEvent.Test.EventMonitorFilterTests" time="0.027" status="1" />
    <testcase name="EventMonitorFilterFilterSetdidFilterChange" classname="Philips.CareEvent.Test.EventMonitorFilterTests" time="0.085" status="1" />
    <testcase name="EventMonitorFilterOnClinicalNotifications" classname="Philips.CareEvent.Test.EventMonitorFilterTests" time="0.103" status="1" />
    <testcase name="EventMonitorFilterOnCyan" classname="Philips.CareEvent.Test.EventMonitorFilterTests" time="0.030" status="1" />
    <testcase name="EventMonitorFilterOnEventText" classname="Philips.CareEvent.Test.EventMonitorFilterTests" time="0.098" status="1" />
    <testcase name="EventMonitorFilterOnPriorityHigh" classname="Philips.CareEvent.Test.EventMonitorFilterTests" time="0.028" status="1" />
    <testcase name="EventMonitorFilterOnYellow" classname="Philips.CareEvent.Test.EventMonitorFilterTests" time="0.027" status="1" />
    <testcase name="EventMonitorFilterOnNurseCall" classname="Philips.CareEvent.Test.EventMonitorFilterTests" time="0.032" status="1" />
    <testcase name="EventMonitorFilterOnEventPriority" classname="Philips.CareEvent.Test.EventMonitorFilterTests" time="0.109" status="1" />
    <testcase name="EventMonitorFilterOnRedSeverity" classname="Philips.CareEvent.Test.EventMonitorFilterTests" time="0.025" status="1" />
    <testcase name="EventMonitorFilterOnNurseCallFromBed1" classname="Philips.CareEvent.Test.EventMonitorFilterTests" time="0.030" status="1" />
    <testcase name="EventMonitorFilterOnRedFromBed1" classname="Philips.CareEvent.Test.EventMonitorFilterTests" time="0.035" status="1" />
    <testcase name="EventMonitorFilterOnBedLabel" classname="Philips.CareEvent.Test.EventMonitorFilterTests" time="0.180" status="1" />
    <testcase name="EventMonitorFilterOnShortYellow" classname="Philips.CareEvent.Test.EventMonitorFilterTests" time="0.032" status="1" />
    <testcase name="EventMonitorFilterOnPriorityLow" classname="Philips.CareEvent.Test.EventMonitorFilterTests" time="0.030" status="1" />
    <testcase name="EventMonitorFilterOnPriorityNormal" classname="Philips.CareEvent.Test.EventMonitorFilterTests" time="0.028" status="1" />
    <testcase name="EventMonitorFilterOnPiicAlarms" classname="Philips.CareEvent.Test.EventMonitorFilterTests" time="0.027" status="1" />
    <system-out />
    <system-err />
  </testsuite>
  <testsuite name="Philips.PMP.Test.Auto.StreamNotificationCallbackChannelMgrTest" hostname="RESTORMEL" package="not available" id="12" tests="9" failures="0" errors="0" skipped="0" time="0.408" timestamp="2023-12-13T03:37:02">
    <properties />
    <testcase name="StreamNotificationCallbackChannelMgrCanGetChannelTest (False,False,,0)" classname="Philips.PMP.Test.Auto.StreamNotificationCallbackChannelMgrTest" time="0.023" status="1" />
    <testcase name="StreamNotificationCallbackChannelMgrCanGetChannelTest (False,True,,0)" classname="Philips.PMP.Test.Auto.StreamNotificationCallbackChannelMgrTest" time="0.002" status="1" />
    <testcase name="StreamNotificationCallbackChannelMgrCanGetChannelTest (True,False,,1)" classname="Philips.PMP.Test.Auto.StreamNotificationCallbackChannelMgrTest" time="0.004" status="1" />
    <testcase name="StreamNotificationCallbackChannelMgrCanGetChannelTest (True,True,,0)" classname="Philips.PMP.Test.Auto.StreamNotificationCallbackChannelMgrTest" time="0.002" status="1" />
    <testcase name="StreamNotificationCallbackChannelMgrCanGetChannelTest (False,False,1,0)" classname="Philips.PMP.Test.Auto.StreamNotificationCallbackChannelMgrTest" time="0.002" status="1" />
    <testcase name="StreamNotificationCallbackChannelMgrCanGetChannelTest (False,True,1,0)" classname="Philips.PMP.Test.Auto.StreamNotificationCallbackChannelMgrTest" time="0.002" status="1" />
    <testcase name="StreamNotificationCallbackChannelMgrCanGetChannelTest (True,False,1,1)" classname="Philips.PMP.Test.Auto.StreamNotificationCallbackChannelMgrTest" time="0.002" status="1" />
    <testcase name="StreamNotificationCallbackChannelMgrCanGetChannelTest (True,True,1,0)" classname="Philips.PMP.Test.Auto.StreamNotificationCallbackChannelMgrTest" time="0.002" status="1" />
    <testcase name="StreamNotificationCallbackChannelMgrCanCloseClientConnection" classname="Philips.PMP.Test.Auto.StreamNotificationCallbackChannelMgrTest" time="0.368" status="1" />
    <system-out />
    <system-err />
  </testsuite>
  <testsuite name="Philips.CareEvent.Test.CareAssignmentControlTests" hostname="RESTORMEL" package="not available" id="13" tests="21" failures="0" errors="0" skipped="0" time="1.157" timestamp="2023-12-13T03:28:18">
    <properties />
    <testcase name="AskAndSaveUnsavedChangesShouldReturnCorrectValue (False,Yes)" classname="Philips.CareEvent.Test.CareAssignmentControlTests" time="0.053" status="1" />
    <testcase name="AskAndSaveUnsavedChangesShouldReturnCorrectValue (False,No)" classname="Philips.CareEvent.Test.CareAssignmentControlTests" time="0.042" status="1" />
    <testcase name="AskAndSaveUnsavedChangesShouldReturnCorrectValue (True,Cancel)" classname="Philips.CareEvent.Test.CareAssignmentControlTests" time="0.045" status="1" />
    <testcase name="LaunchingCareAssignmentFormShouldSetWorkstationClientToTrue" classname="Philips.CareEvent.Test.CareAssignmentControlTests" time="0.044" status="1" />
    <testcase name="CareAssignmentCacheChanged" classname="Philips.CareEvent.Test.CareAssignmentControlTests" time="0.046" status="1" />
    <testcase name="AskAndSaveUnsavedChangesShouldHandleNullCbxZones" classname="Philips.CareEvent.Test.CareAssignmentControlTests" time="0.056" status="1" />
    <testcase name="OnSyncClickedShouldHandlePendingChanges (True,0)" classname="Philips.CareEvent.Test.CareAssignmentControlTests" time="0.046" status="1" />
    <testcase name="OnSyncClickedShouldHandlePendingChanges (False,1)" classname="Philips.CareEvent.Test.CareAssignmentControlTests" time="0.048" status="1" />
    <testcase name="InitializeComboBoxShouldHandleBNS (-1)" classname="Philips.CareEvent.Test.CareAssignmentControlTests" time="0.045" status="1" />
    <testcase name="ManualSyncButtonShouldBeVisible (True)" classname="Philips.CareEvent.Test.CareAssignmentControlTests" time="0.046" status="1" />
    <testcase name="ManualSyncButtonShouldBeVisible (False)" classname="Philips.CareEvent.Test.CareAssignmentControlTests" time="0.042" status="1" />
    <testcase name="UpdateApplicationLabelTextVerify" classname="Philips.CareEvent.Test.CareAssignmentControlTests" time="0.046" status="1" />
    <testcase name="PendingAssignmetsIsAvaiableEventNotificationSettingsChangedCall" classname="Philips.CareEvent.Test.CareAssignmentControlTests" time="0.046" status="1" />
    <testcase name="BedStatusFiltersSetByDefaultOnChangeUnit" classname="Philips.CareEvent.Test.CareAssignmentControlTests" time="0.066" status="1" />
    <testcase name="GetReportUrlGeneratesCorrectUrl" classname="Philips.CareEvent.Test.CareAssignmentControlTests" time="0.201" status="1" />
    <testcase name="InitializeComboBoxShouldLoadDefault" classname="Philips.CareEvent.Test.CareAssignmentControlTests" time="0.044" status="1" />
    <testcase name="InterfaceShouldInitialize" classname="Philips.CareEvent.Test.CareAssignmentControlTests" time="0.056" status="1" />
    <testcase name="TopologyChangeEventsWithoutZoneAsScopeShouldNotRefreshCareAssignmentsUI" classname="Philips.CareEvent.Test.CareAssignmentControlTests" time="0.045" status="1" />
    <testcase name="GetUnitToSelectShouldReturnCorrectValueForUnit (True,)" classname="Philips.CareEvent.Test.CareAssignmentControlTests" time="0.047" status="1" />
    <testcase name="GetUnitToSelectShouldReturnCorrectValueForUnit (False,abc)" classname="Philips.CareEvent.Test.CareAssignmentControlTests" time="0.045" status="1" />
    <testcase name="DoNotRefreshIfPendingAssignmetsIsAvaiableAssigmentCacheChanged" classname="Philips.CareEvent.Test.CareAssignmentControlTests" time="0.051" status="1" />
    <system-out />
    <system-err />
  </testsuite>
  <testsuite name="Philips.IX.UserManagement.Test.ProveIdWebApiServerSequencerTest" hostname="RESTORMEL" package="not available" id="14" tests="6" failures="0" errors="0" skipped="0" time="0.695" timestamp="2023-12-13T03:39:03">
    <properties />
    <testcase name="GetServersWithFailedAndTimedOut" classname="Philips.IX.UserManagement.Test.ProveIdWebApiServerSequencerTest" time="0.072" status="1" />
    <testcase name="GetServersWithFailedAndSomeTimedOut" classname="Philips.IX.UserManagement.Test.ProveIdWebApiServerSequencerTest" time="0.084" status="1" />
    <testcase name="GetServersAllUnavailableTest" classname="Philips.IX.UserManagement.Test.ProveIdWebApiServerSequencerTest" time="0.068" status="1" />
    <testcase name="GetServersAllAvailableRoundRobinTest" classname="Philips.IX.UserManagement.Test.ProveIdWebApiServerSequencerTest" time="0.088" status="1" />
    <testcase name="GetServersAllAvailableTest" classname="Philips.IX.UserManagement.Test.ProveIdWebApiServerSequencerTest" time="0.319" status="1" />
    <testcase name="GetServersWithFailedNotTimedOut" classname="Philips.IX.UserManagement.Test.ProveIdWebApiServerSequencerTest" time="0.063" status="1" />
    <system-out />
    <system-err />
  </testsuite>
  <testsuite name="Philips.PMP.Test.Auto.CaregiverAssignmentProviderTest" hostname="RESTORMEL" package="not available" id="15" tests="43" failures="0" errors="0" skipped="0" time="7.663" timestamp="2023-12-13T03:31:21">
    <properties />
    <testcase name="LoadCaregiverAssignmentCacheForEnabledUnit" classname="Philips.PMP.Test.Auto.CaregiverAssignmentProviderTest" time="0.320" status="1" />
    <testcase name="GetCaregiverAssignmentsForSameUnit" classname="Philips.PMP.Test.Auto.CaregiverAssignmentProviderTest" time="0.637" status="1" />
    <testcase name="CaregiverGetExtendedStringTest" classname="Philips.PMP.Test.Auto.CaregiverAssignmentProviderTest" time="0.007" status="1" />
    <testcase name="ClearBedAssignmentsShouldNotClearLockedAssignments" classname="Philips.PMP.Test.Auto.CaregiverAssignmentProviderTest" time="0.344" status="1" />
    <testcase name="NetworkAvailabilityChangeEventsShouldClearZoneCache" classname="Philips.PMP.Test.Auto.CaregiverAssignmentProviderTest" time="0.006" status="1" />
    <testcase name="PreserveCaregiverAssignmentLockAreSavedSuccessfully" classname="Philips.PMP.Test.Auto.CaregiverAssignmentProviderTest" time="0.309" status="1" />
    <testcase name="ClearAssignments" classname="Philips.PMP.Test.Auto.CaregiverAssignmentProviderTest" time="0.306" status="1" />
    <testcase name="ZoneChangesShouldClearZoneCache" classname="Philips.PMP.Test.Auto.CaregiverAssignmentProviderTest" time="0.007" status="1" />
    <testcase name="CaregroupChangeEventsShouldClearZoneCache" classname="Philips.PMP.Test.Auto.CaregiverAssignmentProviderTest" time="0.006" status="1" />
    <testcase name="StoreNurseAssignmentAndMobileStaffAssignmentShouldNotCrashGetNurseAssignmentsCall" classname="Philips.PMP.Test.Auto.CaregiverAssignmentProviderTest" time="0.355" status="1" />
    <testcase name="MaxNumOfCargiversShouldAccessDBAfterClearCache" classname="Philips.PMP.Test.Auto.CaregiverAssignmentProviderTest" time="0.008" status="1" />
    <testcase name="BedAliasAssignmentUpdatesShouldClearUserAssignmentCache" classname="Philips.PMP.Test.Auto.CaregiverAssignmentProviderTest" time="0.006" status="1" />
    <testcase name="LocationAssignmentResultsShouldContainFavoriteBeds" classname="Philips.PMP.Test.Auto.CaregiverAssignmentProviderTest" time="0.016" status="1" />
    <testcase name="StoreCaregiversShouldReturnAffectedUnits (2,False)" classname="Philips.PMP.Test.Auto.CaregiverAssignmentProviderTest" time="0.078" status="1" />
    <testcase name="StoreCaregiversShouldReturnAffectedUnits (1,True)" classname="Philips.PMP.Test.Auto.CaregiverAssignmentProviderTest" time="0.077" status="1" />
    <testcase name="GetCaregroupsTest" classname="Philips.PMP.Test.Auto.CaregiverAssignmentProviderTest" time="0.315" status="1" />
    <testcase name="CaregiverProviderUserStatusChangeAggregatorTest" classname="Philips.PMP.Test.Auto.CaregiverAssignmentProviderTest" time="0.065" status="1" />
    <testcase name="StoreNurseRoleAsssignmentShouldReturnFalseIfNurseRoleIsShared (False)" classname="Philips.PMP.Test.Auto.CaregiverAssignmentProviderTest" time="0.304" status="1" />
    <testcase name="StoreNurseRoleAsssignmentShouldReturnFalseIfNurseRoleIsShared (True)" classname="Philips.PMP.Test.Auto.CaregiverAssignmentProviderTest" time="0.307" status="1" />
    <testcase name="GetAvailableDelegatesTest" classname="Philips.PMP.Test.Auto.CaregiverAssignmentProviderTest" time="0.400" status="1" />
    <testcase name="UserRoleChangeEventTest" classname="Philips.PMP.Test.Auto.CaregiverAssignmentProviderTest" time="0.009" status="1" />
    <testcase name="GetCareAssignmentsReadFromCacheIfAvailable (True)" classname="Philips.PMP.Test.Auto.CaregiverAssignmentProviderTest" time="0.307" status="1" />
    <testcase name="GetCareAssignmentsReadFromCacheIfAvailable (False)" classname="Philips.PMP.Test.Auto.CaregiverAssignmentProviderTest" time="0.322" status="1" />
    <testcase name="GetCaregiverForRoleDefault" classname="Philips.PMP.Test.Auto.CaregiverAssignmentProviderTest" time="0.007" status="1" />
    <testcase name="GetUserAssignments" classname="Philips.PMP.Test.Auto.CaregiverAssignmentProviderTest" time="0.055" status="1" />
    <testcase name="GetCaregiverAssignmentsShouldSucceedOnSecondSave" classname="Philips.PMP.Test.Auto.CaregiverAssignmentProviderTest" time="0.321" status="1" />
    <testcase name="CaregiverProviderAggregatorSendsUniqueUserIdsTest" classname="Philips.PMP.Test.Auto.CaregiverAssignmentProviderTest" time="0.011" status="1" />
    <testcase name="LoadAllUserAssignmentsTest" classname="Philips.PMP.Test.Auto.CaregiverAssignmentProviderTest" time="0.326" status="1" />
    <testcase name="StoreAndGetAssignedCaregivers" classname="Philips.PMP.Test.Auto.CaregiverAssignmentProviderTest" time="0.289" status="1" />
    <testcase name="ValidateUpdateDevice" classname="Philips.PMP.Test.Auto.CaregiverAssignmentProviderTest" time="0.008" status="1" />
    <testcase name="BedsAddedChangeEventsShouldClearZoneCache" classname="Philips.PMP.Test.Auto.CaregiverAssignmentProviderTest" time="0.005" status="1" />
    <testcase name="ClearMobileStaffAssignmentShouldNotClearSharedAssignment" classname="Philips.PMP.Test.Auto.CaregiverAssignmentProviderTest" time="0.066" status="1" />
    <testcase name="CheckExpectedCaregiverColors" classname="Philips.PMP.Test.Auto.CaregiverAssignmentProviderTest" time="0.010" status="1" />
    <testcase name="GetCaregiversWithRolesTest" classname="Philips.PMP.Test.Auto.CaregiverAssignmentProviderTest" time="0.279" status="1" />
    <testcase name="ClearBedAssignments" classname="Philips.PMP.Test.Auto.CaregiverAssignmentProviderTest" time="0.360" status="1" />
    <testcase name="GetLocationAssignments" classname="Philips.PMP.Test.Auto.CaregiverAssignmentProviderTest" time="0.008" status="1" />
    <testcase name="GetAllCaregiversTest" classname="Philips.PMP.Test.Auto.CaregiverAssignmentProviderTest" time="0.283" status="1" />
    <testcase name="GetMyAssignedNursesTest" classname="Philips.PMP.Test.Auto.CaregiverAssignmentProviderTest" time="0.299" status="1" />
    <testcase name="GetCaregiverTests" classname="Philips.PMP.Test.Auto.CaregiverAssignmentProviderTest" time="0.017" status="1" />
    <testcase name="GetChargeAssignmentTest" classname="Philips.PMP.Test.Auto.CaregiverAssignmentProviderTest" time="0.434" status="1" />
    <testcase name="GetCaregiverFromCacheTest" classname="Philips.PMP.Test.Auto.CaregiverAssignmentProviderTest" time="0.011" status="1" />
    <testcase name="LookupAliasForBedsUnitsAndInstitutions" classname="Philips.PMP.Test.Auto.CaregiverAssignmentProviderTest" time="0.011" status="1" />
    <testcase name="GetNurse" classname="Philips.PMP.Test.Auto.CaregiverAssignmentProviderTest" time="0.354" status="1" />
    <system-out />
    <system-err />
  </testsuite>
  <testsuite name="Philips.PMP.Test.Auto.DynamicTopologySourceDataTest" hostname="RESTORMEL" package="not available" id="16" tests="7" failures="0" errors="0" skipped="0" time="1.719" timestamp="2023-12-13T03:38:16">
    <properties />
    <testcase name="GetChildItemsTest" classname="Philips.PMP.Test.Auto.DynamicTopologySourceDataTest" time="0.247" status="1" />
    <testcase name="HasDataTest" classname="Philips.PMP.Test.Auto.DynamicTopologySourceDataTest" time="0.246" status="1" />
    <testcase name="GetClinicalUnitsTest" classname="Philips.PMP.Test.Auto.DynamicTopologySourceDataTest" time="0.245" status="1" />
    <testcase name="RemoveClinicalUnitTest" classname="Philips.PMP.Test.Auto.DynamicTopologySourceDataTest" time="0.241" status="1" />
    <testcase name="GetRootItemsTest" classname="Philips.PMP.Test.Auto.DynamicTopologySourceDataTest" time="0.249" status="1" />
    <testcase name="ClearTest" classname="Philips.PMP.Test.Auto.DynamicTopologySourceDataTest" time="0.251" status="1" />
    <testcase name="RemoveInstitutionTest" classname="Philips.PMP.Test.Auto.DynamicTopologySourceDataTest" time="0.240" status="1" />
    <system-out />
    <system-err />
  </testsuite>
  <testsuite name="Philips.PMP.Test.Auto.IheDeviceHelperTest" hostname="RESTORMEL" package="not available" id="17" tests="10" failures="0" errors="0" skipped="0" time="0.042" timestamp="2023-12-13T03:29:44">
    <properties />
    <testcase name="IheMessageUpdateTimeTest (BBraunDoselinkPlus,PCD01,True,True)" classname="Philips.PMP.Test.Auto.IheDeviceHelperTest" time="0.002" status="1" />
    <testcase name="IheMessageUpdateTimeTest (BBraunDoselinkPlus,PCD04,False,True)" classname="Philips.PMP.Test.Auto.IheDeviceHelperTest" time="0.001" status="1" />
    <testcase name="IheMessageUpdateTimeTest (CapsuleMDIP,PCD04,False,True)" classname="Philips.PMP.Test.Auto.IheDeviceHelperTest" time="0.004" status="1" />
    <testcase name="IheMessageUpdateTimeTest (BDAIC,PCD01,True,False)" classname="Philips.PMP.Test.Auto.IheDeviceHelperTest" time="0.001" status="1" />
    <testcase name="IheRestoreIntelliBridgeDeviceDataTest (BBraunDoselinkPlus,P2450^^0012210000000000^EUI-64,0)" classname="Philips.PMP.Test.Auto.IheDeviceHelperTest" time="0.009" status="1" />
    <testcase name="IheRestoreIntelliBridgeDeviceDataTest (BDAIC,P2450^^0012210000000000^EUI-64,0)" classname="Philips.PMP.Test.Auto.IheDeviceHelperTest" time="0.001" status="1" />
    <testcase name="IheRestoreIntelliBridgeDeviceDataTest (CapsuleMDIP,P2450^^0012210000000000^EUI-64,1)" classname="Philips.PMP.Test.Auto.IheDeviceHelperTest" time="0.009" status="1" />
    <testcase name="IheMdsIdentiferTest (BBraunDoselinkPlus,MSH|^~\&amp;|PAT_DEVICE_BBRAUN^0012211839000001^EUI-64|BBRAUN|DOC_AM_TEST|BB1|20220523142113+0000||ORU^R01^ORU_R01|63788912473382465025|P|2.6|||AL|NE||ASCII|en^English^ISO639||IHE_PCD_001^IHE PCD^1.3.6.1.4.1.19376.1.6.4.1^ISO&#xD;&#xA;&#x9;&#x9;PID|||Unknown Patient^Unknown Patient||^^^^^^U||||||||||||||||||||||||||Y&#xD;&#xA;&#x9;&#x9;OBR|1|029d53e1-daa3-11ec-8487-c0ee400d168f^PAT_DEVICE_BBRAUN^0012211839000001^EUI-64|029d53e1-daa3-11ec-8487-c0ee400d168f^PAT_DEVICE_BBRAUN^0012211839000001^EUI-64|Dobutamine^Dobutamine|||20220523142039+0000&#xD;&#xA;&#x9;&#x9;OBX|1||70053^MDC_DEV_PUMP_INFUS_SYRINGE_MDS^MDC|1.0.0.0|||||||X|||||||P2450^^0012210000000000^EUI-64&#xD;&#xA;&#x9;&#x9;OBX|2||70054^MDC_DEV_PUMP_INFUS_SYRINGE_VMD^MDC|1.1.0.0|||||||X&#xD;&#xA;&#x9;&#x9;OBX|8||70067^MDC_DEV_PUMP_DELIVERY_INFO^MDC|1.1.1.0|||||||X&#xD;&#xA;&#x9;&#x9;OBX|9|ST|0^MDC_ATTR_PUMP_PILLAR_DETAILS^MDC|1.1.0.24|0^0||||||F|||||||{uniqueId}&#xD;&#xA;&#x9;&#x9;OBX|9|CWE|184519^MDC_PUMP_INFUSING_STATUS^MDC|1.1.1.1|^pump-status-infusing||||||R&#xD;&#xA;&#x9;&#x9;OBX|10|NM|158014^MDC_FLOW_FLUID_PUMP_CURRENT^MDC|1.1.1.2|18|265266^MDC_DIM_MILLI_L_PER_HR^MDC^mL/h^mL/h^UCUM|||||R&#xD;&#xA;&#x9;&#x9;OBX|11|CWE|158016^MDC_DEV_PUMP_ACTIVE_SOURCES^MDC|1.1.1.3|^pump-source-info-primary||||||R&#xD;&#xA;&#x9;&#x9;OBX|12||70071^MDC_DEV_PUMP_INFUSATE_SOURCE_PRIMARY^MDC|1.1.2.0|||||||X&#xD;&#xA;&#x9;&#x9;OBX|13|ST|158012^MDC_DEV_PUMP_SOURCE_CHANNEL_LABEL^MDC|1.1.2.1|Primary||||||R&#xD;&#xA;&#x9;&#x9;OBX|14|ST|184514^MDC_DRUG_NAME_LABEL^MDC|1.1.2.2|Dobutamine||||||R&#xD;&#xA;&#x9;&#x9;OBX|15|ST|184516^MDC_PUMP_DRUG_LIBRARY_CARE_AREA^MDC|1.1.2.4|Global Surgery||||||R&#xD;&#xA;&#x9;&#x9;OBX|16|NM|157784^MDC_FLOW_FLUID_PUMP^MDC|1.1.2.5|18|265266^MDC_DIM_MILLI_L_PER_HR^MDC^mL/h^mL/h^UCUM|||||R&#xD;&#xA;&#x9;&#x9;OBX|17|NM|157760^MDC_CONC_DRUG^MDC|1.1.2.7|5|264306^MDC_DIM_MILLI_G_PER_ML^MDC^mg/mL^mg/mL^UCUM|||||R&#xD;&#xA;&#x9;&#x9;OBX|18|NM|157884^MDC_VOL_FLUID_TBI^MDC|1.1.2.8|2|263762^MDC_DIM_MILLI_L^MDC^mL^mL^UCUM|||||R&#xD;&#xA;&#x9;&#x9;OBX|19|NM|157872^MDC_VOL_FLUID_TBI_REMAIN^MDC|1.1.2.9|0.9|263762^MDC_DIM_MILLI_L^MDC^mL^mL^UCUM|||||R&#xD;&#xA;&#x9;&#x9;OBX|20|NM|157993^MDC_VOL_FLUID_DELIV_TOTAL^MDC|1.1.2.11|1.1|263762^MDC_DIM_MILLI_L^MDC^mL^mL^UCUM|||||R&#xD;&#xA;&#x9;&#x9;OBX|21|NM|157999^MDC_DOSE_DRUG_TBI^MDC|1.1.2.12|10000|263891^MDC_DIM_MICRO_G^MDC^ug^ug^UCUM|||||R&#xD;&#xA;&#x9;&#x9;OBX|22|NM|158000^MDC_DOSE_DRUG_TBI_REMAIN^MDC|1.1.2.13|4480|263891^MDC_DIM_MICRO_G^MDC^ug^ug^UCUM|||||R&#xD;&#xA;&#x9;&#x9;OBX|23|NM|158001^MDC_DOSE_DRUG_DELIV_TOTAL^MDC|1.1.2.15|5520|263891^MDC_DIM_MICRO_G^MDC^ug^ug^UCUM|||||R&#xD;&#xA;&#x9;&#x9;OBX|24|NM|157996^MDC_TIME_PD_PROG^MDC|1.1.2.16|400|264320^MDC_DIM_X_SEC^MDC^s^s^UCUM|||||R&#xD;&#xA;&#x9;&#x9;OBX|25|NM|157916^MDC_TIME_PD_REMAIN^MDC|1.1.2.17|179|264320^MDC_DIM_X_SEC^MDC^s^s^UCUM|||||R&#xD;&#xA;&#x9;&#x9;OBX|26|NM|68063^MDC_ATTR_PT_WEIGHT^MDC|1.1.2.18|100|263875^MDC_DIM_KILO_G^MDC^kg^kg^UCUM|||||R&#xD;&#xA;&#x9;&#x9;OBX|27|CWE|158008^MDC_DEV_PUMP_PROGRAM_DELIVERY_MODE^MDC|1.1.2.21|^pump-program-delivery-mode-continuous||||||R&#xD;&#xA;&#x9;&#x9;OBX|28|CWE|158005^MDC_DEV_PUMP_CURRENT_DELIVERY_STATUS^MDC|1.1.2.22|^pump-delivery-status-delivering||||||R&#xD;&#xA;&#x9;&#x9;OBX|29||70091^MDC_DEV_PUMP_SYRINGE_INFO^MDC|1.1.6.0|||||||X&#xD;&#xA;&#x9;&#x9;OBX|30|NM|157880^MDC_VOL_SYRINGE^MDC|1.1.6.1|50|263762^MDC_DIM_MILLI_L^MDC^mL^mL^UCUM|||||R&#xD;&#xA;&#x9;&#x9;OBX|31|NM|157984^MDC_VOL_SYRINGE_ACTUAL^MDC|1.1.6.2|30.95|263762^MDC_DIM_MILLI_L^MDC^mL^mL^UCUM|||||R&#xD;&#xA;&#x9;&#x9;OBX|32|ST|184488^MDC_SYRINGE_MANUFACTURER^MDC|1.1.6.3|B.Braun OPS 50 mL||||||R,P2450^^0012210000000000^EUI-64)" classname="Philips.PMP.Test.Auto.IheDeviceHelperTest" time="0.007" status="1" />
    <testcase name="IheMdsIdentiferTest (CapsuleMDIP,MSH|^~\&amp;|||||20220720013516.038-0400||ORU^R01^ORU_R01|HP0720013516.038PHMXL02238QJ322|P|2.6|||AL|NE||8859/1|EN^English^ISO639||IHE_PCD_001^IHE PCD^1.3.6.1.4.1.19376.1.6.1.1.1^ISO|&#xD;&#xA;&#x9;&#x9;PID|1||&quot;^^^Philips^MR||&quot;^&quot;^&quot;^^^^L||20050415000000.000+0200|F|||||||FRENCH|||PID18|&#xD;&#xA;&#x9;&#x9;PV1|2|I|{uniqueId}|1|&#xD;&#xA;&#x9;&#x9;OBR|||0009fbFFFF07f06a^^^EUI-64|69669^MDC_DEV_ANALY_CARD_OUTPUT_MDS^MDC|||20220720013513.935-0400|||ABC-123|||ABC-123|||||||| BaxterIFMout_5.3.5_EV1000_Baxter_XYZ456&#xD;&#xA;&#x9;&#x9;OBX|4||69669^NOM_DEV_ANALY_CARD_OUTPUT_MDS^MDC|1.0.0.0|||||||X|||||||718cbcf4-c374-4c31-9041-6cbd3c46aeaf-Edwards EV1000&#xD;&#xA;&#x9;&#x9;OBX|5||69670^NOM_DEV_ANALY_CARD_OUTPUT_VMD^MDC|1.1.0.0|||||||X|||||||&#xD;&#xA;&#x9;&#x9;OBX|6||69671^MDC_NOM_DEV_ANALY_CARD_OUTPUT_CHAN^MDC|1.1.1.0|||||||X|&#xD;&#xA;&#x9;&#x9;OBX|7|CWE|12345678^UNKNOWN^UNKNOWN^^^^^^tMode|1.1.1.41|1076259847^NLS_DRV_ED711_ENUM_VV_SENSOR^MDC^^^^^^VolView||||||R|||20180622133129.224+0200|&#xD;&#xA;&#x9;&#x9;OBX|8|CWE|67303669^NOM_SETT_MODE_MSMT^MDC^^^^^^sMode|1.1.1.41|1076259847^NLS_DRV_ED711_ENUM_VV_SENSOR^MDC^^^^^^VolView||||||R||SETTING|20180622133304.394+0200|||||&#xD;&#xA;&#x9;&#x9;OBX|9|CWE|67305467^NOM_SETT_MODE_MSMT^MDC^^^^^^testLabelEnum|1.1.1.41|1076259847^NLS_DRV_ED711_ENUM_VV_SENSOR^MDC^^^^^^VolView||||||R|||20180622133129.224+0200|&#xD;&#xA;&#x9;&#x9;OBX|10|CWE|67305468^NOM_NEW^MDC^^^^^^sMode|1.1.1.41|1076259847^NLS_DRV_ED711_ENUM_VV_SENSOR^CAPSULE^^^^^^VolView||||||R|||20180622133129.224+0200|&#xD;&#xA;&#x9;&#x9;OBX|11|CWE|67305469^NOM_NEW^MDC^^^^^^sMode|1.1.1.41|1076297727^UNKNOWN^UNKNOWN^^^^^^VolView||||||R|||20180622133129.224+0200|&#xD;&#xA;&#x9;&#x9;OBX|12|ST|67293194^NOM_SETT_DRUG_NAME_TYPE^MDC|1.4.1.5|RandomDrug||||||R||&#xD;&#xA;&#x9;&#x9;OBX|13|NM|67305466^NOM_NEW^MDC^^^^^^testLabelNum|1.1.1.41|100|262656^MDC_DIM_DIMLESS^MDC|||||R|||20180622133129.224+0200|&#xD;&#xA;&#x9;&#x9;OBX|14|NM|67305465^NOM_NEW^UNKNOWN^^^^^^testLabelNum2|1.1.1.41|100|262656^MDC_DIM_DIMLESS^MDC|||||R|||20180622133129.224+0200|&#xD;&#xA;&#x9;&#x9;OBX|15|NM|67305464^NOM_NEW^MDC^^^^^^testLabelNum3|1.1.1.41|100|262656^MDC_DIM_DIMLESS^MDC|||||R|||20180622133129.224+0200|&#xD;&#xA;&#x9;&#x9;OBX|16|NM|67305463^NOM_NEW^MDC^^^^^^testLabelNum4|1.1.1.41|100|262656^MDC_DIM_DIMLESS^UNKNOWN|||||R|||20180622133129.224+0200|&#xD;&#xA;&#x9;&#x9;OBX|17|NM|67305462^NOM_NEW^MDC^^^^^^testLabelNum5|1.1.1.41|100.0|327679^MDC_DIM_DIMLESS^MDIL^^^^^^NewUnit|||||R|||20180622133129.224+0200|&#xD;&#xA;&#x9;&#x9;OBX|18|NM|67305461^NOM_NEW^MDC^^^^^^testLabelNum6|1.1.1.41|100.00|327679^MDC_DIM_DIMLESS^MDIL^^^^^^NewUnit|||||R||APERIODIC|20180622133129.224+0200|&#xD;&#xA;&#x9;&#x9;OBX|19|CE|67305460^NOM_NEW^MDC^^^^^^testLabelNum7|1.1.1.41|100.00|327679^MDC_DIM_DIMLESS^MDIL^^^^^^NewUnit|||||R|||20180622133129.224+0200|&#xD;&#xA;&#x9;&#x9;OBX|20|NM|NAN^NOM_NEW^MDC^^^^^^testLabelNum8|1.1.1.41|100.00|327679^MDC_DIM_DIMLESS^MDIL^^^^^^NewUnit|||||R|||20180622133129.224+0200|&#xD;&#xA;&#x9;&#x9;OBX|21|CWE|67305468^NOM_NEW^MDC^^^^^^sMode|1.1.1.41|NAN^NLS_DRV_ED711_ENUM_VV_SENSOR^CAPSULE^^^^^^VolView||||||R|||20180622133129.224+0200|&#xD;&#xA;&#x9;&#x9;OBX|22|CWE|67305459^NOM_NEW^MDC^^^^^^testLabelNum9|1.1.1.41|1076297727^NEW_PARAM^MDIL^^^^^^NewEnum||||||R|||20180622133129.224+0200|&#xD;&#xA;&#x9;&#x9;OBX|23|CWE|67305458^NOM_NEW^MDC^^^^^^testLabelNum10|1.1.1.41|NAN^NEW_PARAM^MDIL^^^^^^NewEnum2||||||R|||20180622133129.224+0200|&#xD;&#xA;&#x9;&#x9;OBX|24|CWE|67305458^NOM_NEW^MDC^^^^^^testLabelNum11|1.1.1.41|1076297727^NEW_PARAM^MDIL^^^^^^機器情報||||||R|||20180622133129.224+0200|, BaxterIFMout_5.3.5_EV1000_Baxter_XYZ456718cbcf4-c374-4c31-9041-6cbd3c46aeaf-Edwards EV1000)" classname="Philips.PMP.Test.Auto.IheDeviceHelperTest" time="0.004" status="1" />
    <testcase name="IheMdsIdentiferTest (BDAIC,MSH|^~\&amp;|CONNECT|UMS|||20220614062102+0200||ORU^R01^ORU_R01|PCD-01_20220614042102219811|P|2.6|||AL|NE|||EN^English^ISO639||IHE_PCD_001^IHE PCD^1.3.6.1.4.1.19376.1.6.1.1.1^ISO&#xD;&#xA;&#x9;&#x9;PID|||Bed3^^^AIC^U||Bed3^^^^^^U&#xD;&#xA;&#x9;&#x9;PV1|2|I|{uniqueId}|1|&#xD;&#xA;&#x9;&#x9;OBR|1|ICU@Bed3@Alaris PK@8005-05758^AIC^ascom.com^DNS|ICU@Bed3@Alaris PK@8005-05758^AIC^ascom.com^DNS|ICU@Bed3@Alaris PK@8005-05758^Alfentanil|||20220614062100.108+0200&#xD;&#xA;&#x9;&#x9;OBX|1||69985^MDC_DEV_PUMP_INFUS_MDS^MDC|1.0.0.0|||||||X|||||||Alaris PK@8005-05758@1^AIC^ascom.com^DNS&#xD;&#xA;&#x9;&#x9;OBX|2||69986^MDC_DEV_PUMP_INFUS_VMD^MDC|1.1.0.0|||||||X&#xD;&#xA;&#x9;&#x9;OBX|4||126978^MDC_DEV_PUMP_INFUS_CHAN_DELIVERY^MDC|1.1.1.0|||||||X&#xD;&#xA;&#x9;&#x9;OBX|3|CWE|188772^MDC_COMM_STATUS^MDC|1.1.0.1|^comm-status-online^MDC||||||X&#xD;&#xA;&#x9;&#x9;OBX|5|CWE|184504^MDC_PUMP_MODE^MDC|1.1.1.11|^pump-mode-continuous^MDC||||||R&#xD;&#xA;&#x9;&#x9;OBX|6|CWE|184519^MDC_PUMP_INFUSING_STATUS^MDC|1.1.1.12|^pump-status-infusing^MDC||||||R&#xD;&#xA;&#x9;&#x9;OBX|7|NM|157784^MDC_FLOW_FLUID_PUMP^MDC|1.1.1.13|7.23|mL/h^mL/h^UCUM|||||R&#xD;&#xA;&#x9;&#x9;OBX|8|NM|157993^MDC_VOL_FLUID_DELIV_TOTAL^MDC|1.1.1.14|7.793|mL^mL^UCUM|||||R&#xD;&#xA;&#x9;&#x9;OBX|9|NM|0^MDCX_PUMP_PK_PC^MDC|1.1.1.16|19.9944|ng/mL^ng/mL^UCUM|||||R&#xD;&#xA;&#x9;&#x9;OBX|10|NM|0^MDCX_PUMP_PK_EC^MDC|1.1.1.17|19.9987|ng/mL^ng/mL^UCUM|||||R&#xD;&#xA;&#x9;&#x9;OBX|11|CWE|0^MDC_DEV_PUMP_ACTIVE_SOURCES^MDC|1.1.1.18|^pump-source-info-primary^MDC||||||R&#xD;&#xA;&#x9;&#x9;OBX|12||126977^MDC_DEV_PUMP_INFUS_CHAN_SOURCE^MDC|1.1.2.0|||||||X&#xD;&#xA;&#x9;&#x9;OBX|13|ST|184514^MDC_DRUG_NAME_LABEL^MDC|1.1.2.11|Alfentanil||||||R&#xD;&#xA;&#x9;&#x9;OBX|14|NM|157760^MDC_CONC_DRUG^MDC|1.1.2.12|100.00|mcg/mL^mcg/mL^UCUM|||||R&#xD;&#xA;&#x9;&#x9;OBX|15|NM|157784^MDC_FLOW_FLUID_PUMP^MDC|1.1.2.13|7.23|mL/h^mL/h^UCUM|||||R&#xD;&#xA;&#x9;&#x9;OBX|16|NM|157924^MDC_RATE_DOSE^MDC|1.1.2.14|0.17|mcg/kg/min^mcg/kg/min^UCUM|||||R&#xD;&#xA;&#x9;&#x9;OBX|17|NM|157864^MDC_VOL_FLUID_DELIV^MDC|1.1.2.15|0.010|mL^mL^UCUM|||||R&#xD;&#xA;&#x9;&#x9;OBX|18|NM|157993^MDC_VOL_FLUID_DELIV_TOTAL^MDC|1.1.2.16|7.793|mL^mL^UCUM|||||R&#xD;&#xA;&#x9;&#x9;OBX|19|NM|157872^MDC_VOL_FLUID_TBI_REMAIN^MDC|1.1.2.17||mL^mL^UCUM|||||X&#xD;&#xA;&#x9;&#x9;OBX|20|NM|157916^MDC_TIME_PD_REMAIN^MDC|1.1.2.18|314|min^min^UCUM|||||R&#xD;&#xA;&#x9;&#x9;OBX|21|NM|68063^MDC_ATTR_PT_WEIGHT^MDC|1.1.2.19|70.00|kg^kg^UCUM|||||R&#xD;&#xA;&#x9;&#x9;OBX|22|ST|0^MDCX_PUMP_PK_DRUGMODEL^MDC|1.1.2.21|Alfentanil_Maitre||||||R&#xD;&#xA;&#x9;&#x9;OBX|23|ST|0^MDCX_PUMP_PK_TARGETMODE^MDC|1.1.2.22|P||||||R&#xD;&#xA;&#x9;&#x9;OBX|24|NM|0^MDCX_PUMP_PK_TARGET^MDC|1.1.2.23|20.0000|ng/mL^ng/mL^UCUM|||||R&#xD;&#xA;&#x9;&#x9;OBX|25|ST|70055^MDC_DEV_PUMP_INFUS_SYRINGE_CHAN^MDC|1.1.4.0|||||||X&#xD;&#xA;&#x9;&#x9;OBX|26|ST|184488^MDC_SYRINGE_MANUFACTURER^MDC|1.1.4.10|IVAC||||||R&#xD;&#xA;&#x9;&#x9;OBX|27|NM|157880^MDC_VOL_SYRINGE^MDC|1.1.4.11|50|mL^mL^UCUM|||||R,Alaris PK@8005-05758@1^AIC^ascom.com^DNS)" classname="Philips.PMP.Test.Auto.IheDeviceHelperTest" time="0.004" status="1" />
    <system-out />
    <system-err />
  </testsuite>
  <testsuite name="Philips.PMP.Test.Auto.AcknowledgeAlertsAvailabilityHelperTest" hostname="RESTORMEL" package="not available" id="18" tests="3" failures="0" errors="0" skipped="0" time="0.206" timestamp="2023-12-13T03:29:37">
    <properties />
    <testcase name="AcknowledgeAlertsAvailabilityHelperShouldAllowAcknowledgeVerifyPermissions" classname="Philips.PMP.Test.Auto.AcknowledgeAlertsAvailabilityHelperTest" time="0.118" status="1" />
    <testcase name="AcknowledgeAlertsAvailabilityHelperShouldAllowAcknowledgeVerifyPatient (True)" classname="Philips.PMP.Test.Auto.AcknowledgeAlertsAvailabilityHelperTest" time="0.087" status="1" />
    <testcase name="AcknowledgeAlertsAvailabilityHelperShouldAllowAcknowledgeVerifyPatient (False)" classname="Philips.PMP.Test.Auto.AcknowledgeAlertsAvailabilityHelperTest" time="0.002" status="1" />
    <system-out />
    <system-err />
  </testsuite>
  <testsuite name="Philips.PMP.Test.Auto.PatientCensusHandlerTest" hostname="RESTORMEL" package="not available" id="19" tests="6" failures="0" errors="0" skipped="0" time="0.553" timestamp="2023-12-13T03:29:56">
    <properties />
    <testcase name="PatientCensusHandlerDoesNotPublishEmptyCache" classname="Philips.PMP.Test.Auto.PatientCensusHandlerTest" time="0.025" status="1" />
    <testcase name="PatientCensusHandlerUnsubscibeTest (False)" classname="Philips.PMP.Test.Auto.PatientCensusHandlerTest" time="0.005" status="1" />
    <testcase name="PatientCensusHandlerUnsubscibeTest (True)" classname="Philips.PMP.Test.Auto.PatientCensusHandlerTest" time="0.009" status="1" />
    <testcase name="PatientCensusHandlerSubscribeTest (True,False)" classname="Philips.PMP.Test.Auto.PatientCensusHandlerTest" time="0.225" status="1" />
    <testcase name="PatientCensusHandlerSubscribeTest (True,True)" classname="Philips.PMP.Test.Auto.PatientCensusHandlerTest" time="0.003" status="1" />
    <testcase name="PatientCensusHandlerUnsubscibeTopoEventTest" classname="Philips.PMP.Test.Auto.PatientCensusHandlerTest" time="0.286" status="1" />
    <system-out />
    <system-err />
  </testsuite>
  <testsuite name="Philips.PMP.Test.Auto.DeepCopyTest" hostname="RESTORMEL" package="not available" id="20" tests="1" failures="0" errors="0" skipped="0" time="0.002" timestamp="2023-12-13T03:35:44">
    <properties />
    <testcase name="DeepCopyAlertTest" classname="Philips.PMP.Test.Auto.DeepCopyTest" time="0.002" status="1" />
    <system-out />
    <system-err />
  </testsuite>
  <testsuite name="Philips.PMP.Test.Auto.MobileDataHelperTest" hostname="RESTORMEL" package="not available" id="21" tests="32" failures="0" errors="0" skipped="0" time="0.037" timestamp="2023-12-13T03:30:46">
    <properties />
    <testcase name="MobileDataHelperGetSourceDeviceNotInBed" classname="Philips.PMP.Test.Auto.MobileDataHelperTest" time="0.002" status="1" />
    <testcase name="MobileDataHelperSourceDeviceIsMonitoringHost" classname="Philips.PMP.Test.Auto.MobileDataHelperTest" time="0.002" status="1" />
    <testcase name="MobileDataHelperGetValidityTest (Invalid,Invalid)" classname="Philips.PMP.Test.Auto.MobileDataHelperTest" time="0.001" status="1" />
    <testcase name="MobileDataHelperGetValidityTest (MsmtOngoing, Invalid,Invalid)" classname="Philips.PMP.Test.Auto.MobileDataHelperTest" time="0.000" status="1" />
    <testcase name="MobileDataHelperGetValidityTest (Unavailable,Invalid)" classname="Philips.PMP.Test.Auto.MobileDataHelperTest" time="0.000" status="1" />
    <testcase name="MobileDataHelperGetValidityTest (MsmtStateAlInhibited, Unavailable,Invalid)" classname="Philips.PMP.Test.Auto.MobileDataHelperTest" time="0.000" status="1" />
    <testcase name="MobileDataHelperGetValidityTest (0,Valid)" classname="Philips.PMP.Test.Auto.MobileDataHelperTest" time="0.000" status="1" />
    <testcase name="MobileDataHelperGetValidityTest (EarlyIndication,Valid)" classname="Philips.PMP.Test.Auto.MobileDataHelperTest" time="0.000" status="1" />
    <testcase name="MobileDataHelperGetValidityTest (Questionable,Questionable)" classname="Philips.PMP.Test.Auto.MobileDataHelperTest" time="0.000" status="1" />
    <testcase name="MobileDataHelperGetValidityTest (DemoData, Questionable,Questionable)" classname="Philips.PMP.Test.Auto.MobileDataHelperTest" time="0.000" status="1" />
    <testcase name="MobileDataHelperSourceDeviceOnlyForDWC" classname="Philips.PMP.Test.Auto.MobileDataHelperTest" time="0.002" status="1" />
    <testcase name="MobileDataHelperGetSourceDevice (True)" classname="Philips.PMP.Test.Auto.MobileDataHelperTest" time="0.009" status="1" />
    <testcase name="MobileDataHelperGetSourceDevice (False)" classname="Philips.PMP.Test.Auto.MobileDataHelperTest" time="0.004" status="1" />
    <testcase name="MobileDataHelperConvertDateTime" classname="Philips.PMP.Test.Auto.MobileDataHelperTest" time="0.001" status="1" />
    <testcase name="WillConvertMobileDataIntervalTest" classname="Philips.PMP.Test.Auto.MobileDataHelperTest" time="0.004" status="1" />
    <testcase name="MobileDataHelperSourceDeviceStringsAreTrimmed" classname="Philips.PMP.Test.Auto.MobileDataHelperTest" time="0.001" status="1" />
    <testcase name="MobileDataHelperGetMobilePhysioDataSequence (3377699720527871,65535,False,3377699720527871)" classname="Philips.PMP.Test.Auto.MobileDataHelperTest" time="0.001" status="1" />
    <testcase name="MobileDataHelperGetMobilePhysioDataSequence (13527687380714127359,65535,True,18446744073709551615)" classname="Philips.PMP.Test.Auto.MobileDataHelperTest" time="0.000" status="1" />
    <testcase name="MobileDataHelperGetMobilePhysioDataSequence (3096957751569066,2147470540,True,14757170811994024618)" classname="Philips.PMP.Test.Auto.MobileDataHelperTest" time="0.000" status="1" />
    <testcase name="MobileDataHelperGetMobileWallTime" classname="Philips.PMP.Test.Auto.MobileDataHelperTest" time="0.001" status="1" />
    <testcase name="MobileDataHelperConvertDateTimeMinValue" classname="Philips.PMP.Test.Auto.MobileDataHelperTest" time="0.001" status="1" />
    <testcase name="MobileDataIsSourceCompleteTest (System.Byte[],monitorSerial,System.Byte[],mdsSerial,System.Byte[],vmdSerial,1,1,1,System.Byte[],vmdSerial)" classname="Philips.PMP.Test.Auto.MobileDataHelperTest" time="0.001" status="1" />
    <testcase name="MobileDataIsSourceCompleteTest (System.Byte[],,System.Byte[],,System.Byte[],,1,1,1,System.Byte[],)" classname="Philips.PMP.Test.Auto.MobileDataHelperTest" time="0.001" status="1" />
    <testcase name="MobileDataIsSourceCompleteTest (System.Byte[],monitorSerial,System.Byte[],mdsSerial,System.Byte[],vmdSerial,1,1,1,System.Byte[],vmdSerial)" classname="Philips.PMP.Test.Auto.MobileDataHelperTest" time="0.000" status="1" />
    <testcase name="MobileDataIsSourceCompleteTest (System.Byte[],,System.Byte[],,System.Byte[],,0,0,0,System.Byte[],)" classname="Philips.PMP.Test.Auto.MobileDataHelperTest" time="0.000" status="1" />
    <testcase name="MobileDataIsSourceCompleteTest (System.Byte[],,System.Byte[],,System.Byte[],vmdSerial,1,0,0,System.Byte[],vmdSerial)" classname="Philips.PMP.Test.Auto.MobileDataHelperTest" time="0.000" status="1" />
    <testcase name="MobileDataIsSourceCompleteTest (System.Byte[],,System.Byte[],,System.Byte[],,1,0,0,System.Byte[],)" classname="Philips.PMP.Test.Auto.MobileDataHelperTest" time="0.000" status="1" />
    <testcase name="MobileDataIsSourceCompleteTest (System.Byte[],monitorSerial,System.Byte[],,System.Byte[],,1,0,0,System.Byte[],monitorSerial)" classname="Philips.PMP.Test.Auto.MobileDataHelperTest" time="0.000" status="1" />
    <testcase name="MobileDataIsSourceCompleteTest (System.Byte[],monitorSerial,System.Byte[],,System.Byte[],,1,0,0,System.Byte[],monitorSerial)" classname="Philips.PMP.Test.Auto.MobileDataHelperTest" time="0.000" status="1" />
    <testcase name="MobileDataIsSourceCompleteTest (System.Byte[],monitorSerial,System.Byte[],mdsSerial,System.Byte[],,1,1,0,System.Byte[],mdsSerial)" classname="Philips.PMP.Test.Auto.MobileDataHelperTest" time="0.000" status="1" />
    <testcase name="MobileDataIsSourceCompleteTest (System.Byte[],monitorSerial,System.Byte[],,System.Byte[],vmdSerial,1,1,0,System.Byte[],vmdSerial)" classname="Philips.PMP.Test.Auto.MobileDataHelperTest" time="0.000" status="1" />
    <testcase name="MobileDataIsSourceCompleteTest (System.Byte[],,System.Byte[],mdsSerial,System.Byte[],vmdSerial,1,1,0,System.Byte[],vmdSerial)" classname="Philips.PMP.Test.Auto.MobileDataHelperTest" time="0.000" status="1" />
    <system-out />
    <system-err />
  </testsuite>
  <testsuite name="Philips.PMP.Test.Auto.PatientDataExportTest" hostname="RESTORMEL" package="not available" id="22" tests="17" failures="0" errors="0" skipped="0" time="1.753" timestamp="2023-12-13T03:30:47">
    <properties />
    <testcase name="MobilePhysioDataAdjustSequence" classname="Philips.PMP.Test.Auto.PatientDataExportTest" time="1.628" status="1" />
    <testcase name="AperiodicEnumerationsSendOnChangeTest" classname="Philips.PMP.Test.Auto.PatientDataExportTest" time="0.006" status="1" />
    <testcase name="RemovingStaleAperiodicNumericsTest" classname="Philips.PMP.Test.Auto.PatientDataExportTest" time="0.002" status="1" />
    <testcase name="AperiodicMultiDynamicNumericsTest" classname="Philips.PMP.Test.Auto.PatientDataExportTest" time="0.009" status="1" />
    <testcase name="NumericsOnGoingMeasurementTest" classname="Philips.PMP.Test.Auto.PatientDataExportTest" time="0.001" status="1" />
    <testcase name="RemovingStaleAperiodicEnumerationsTest" classname="Philips.PMP.Test.Auto.PatientDataExportTest" time="0.009" status="1" />
    <testcase name="AlertSendOnChangeTest" classname="Philips.PMP.Test.Auto.PatientDataExportTest" time="0.008" status="1" />
    <testcase name="AperiodicNumericsSendOnChangeTest" classname="Philips.PMP.Test.Auto.PatientDataExportTest" time="0.017" status="1" />
    <testcase name="ComplexMetricMobileConversionTest" classname="Philips.PMP.Test.Auto.PatientDataExportTest" time="0.037" status="1" />
    <testcase name="StatusAlertSendOnEndTest" classname="Philips.PMP.Test.Auto.PatientDataExportTest" time="0.002" status="1" />
    <testcase name="PhysioDataHelperIgnoresNumericsWithoutNumericAttributes (True,0)" classname="Philips.PMP.Test.Auto.PatientDataExportTest" time="0.006" status="1" />
    <testcase name="PhysioDataHelperIgnoresNumericsWithoutNumericAttributes (False,5)" classname="Philips.PMP.Test.Auto.PatientDataExportTest" time="0.001" status="1" />
    <testcase name="EasiWaveFilterTest" classname="Philips.PMP.Test.Auto.PatientDataExportTest" time="0.001" status="1" />
    <testcase name="ComplexMetricMultipleTest" classname="Philips.PMP.Test.Auto.PatientDataExportTest" time="0.020" status="1" />
    <testcase name="EnumerationsOnGoingMeasurementTest" classname="Philips.PMP.Test.Auto.PatientDataExportTest" time="0.005" status="1" />
    <testcase name="ComplexMetricDecompositionTest" classname="Philips.PMP.Test.Auto.PatientDataExportTest" time="0.001" status="1" />
    <testcase name="ComplexMetricDecomposeEctCntsHaveValueLabel" classname="Philips.PMP.Test.Auto.PatientDataExportTest" time="0.001" status="1" />
    <system-out />
    <system-err />
  </testsuite>
  <testsuite name="Philips.PMP.Test.Auto.TreeNodeDupeFinderTest" hostname="RESTORMEL" package="not available" id="23" tests="19" failures="0" errors="0" skipped="0" time="0.142" timestamp="2023-12-13T03:29:41">
    <properties />
    <testcase name="GetDuplicateEventDefinitionsShouldFindDupes (False,Unmatched name,00000000-0000-0000-0000-000000000105)" classname="Philips.PMP.Test.Auto.TreeNodeDupeFinderTest" time="0.005" status="1" />
    <testcase name="GetDuplicateEventDefinitionsShouldFindDupes (True,Extreme Brady,00000000-0000-0000-0000-000000000105)" classname="Philips.PMP.Test.Auto.TreeNodeDupeFinderTest" time="0.003" status="1" />
    <testcase name="GetDuplicateEventDefinitionsShouldFindDupes (False,Extreme Brady,00000000-0000-0000-0000-000000000101)" classname="Philips.PMP.Test.Auto.TreeNodeDupeFinderTest" time="0.003" status="1" />
    <testcase name="GetDuplicateEventDefinitionsShouldFindDupes (True,Unassigned Event,00000000-0000-0000-0000-000000000105)" classname="Philips.PMP.Test.Auto.TreeNodeDupeFinderTest" time="0.003" status="1" />
    <testcase name="GetDuplicateEventDefinitionsShouldFindDupes (False,Unassigned Event,00000000-0000-0000-0000-000000000200)" classname="Philips.PMP.Test.Auto.TreeNodeDupeFinderTest" time="0.003" status="1" />
    <testcase name="GetUniqueEventDefinitionNameShouldGetAUniqueName (3,False)" classname="Philips.PMP.Test.Auto.TreeNodeDupeFinderTest" time="0.005" status="1" />
    <testcase name="GetUniqueEventDefinitionNameShouldGetAUniqueName (4,False)" classname="Philips.PMP.Test.Auto.TreeNodeDupeFinderTest" time="0.004" status="1" />
    <testcase name="GetUniqueEventDefinitionNameShouldGetAUniqueName (1,False)" classname="Philips.PMP.Test.Auto.TreeNodeDupeFinderTest" time="0.004" status="1" />
    <testcase name="GetUniqueEventDefinitionNameShouldGetAUniqueName (4,True)" classname="Philips.PMP.Test.Auto.TreeNodeDupeFinderTest" time="0.005" status="1" />
    <testcase name="GetUniqueEventCategoryNameShouldGetAUniqueName (3)" classname="Philips.PMP.Test.Auto.TreeNodeDupeFinderTest" time="0.004" status="1" />
    <testcase name="GetUniqueEventCategoryNameShouldGetAUniqueName (4)" classname="Philips.PMP.Test.Auto.TreeNodeDupeFinderTest" time="0.003" status="1" />
    <testcase name="GetUniqueEventCategoryNameShouldGetAUniqueName (1)" classname="Philips.PMP.Test.Auto.TreeNodeDupeFinderTest" time="0.003" status="1" />
    <testcase name="GetDuplicateEventCategoriesShouldFindDupes (False,Unmatched name,00000000-0000-0000-0000-000000000005,False)" classname="Philips.PMP.Test.Auto.TreeNodeDupeFinderTest" time="0.051" status="1" />
    <testcase name="GetDuplicateEventCategoriesShouldFindDupes (True,Category2,00000000-0000-0000-0000-000000000005,False)" classname="Philips.PMP.Test.Auto.TreeNodeDupeFinderTest" time="0.004" status="1" />
    <testcase name="GetDuplicateEventCategoriesShouldFindDupes (True,All Red,00000000-0000-0000-0000-000000000005,False)" classname="Philips.PMP.Test.Auto.TreeNodeDupeFinderTest" time="0.004" status="1" />
    <testcase name="GetDuplicateEventCategoriesShouldFindDupes (False,Category2,00000000-0000-0000-0000-000000000004,False)" classname="Philips.PMP.Test.Auto.TreeNodeDupeFinderTest" time="0.004" status="1" />
    <testcase name="GetDuplicateEventCategoriesShouldFindDupes (False,All Red,00000000-0000-0000-0000-000000000001,False)" classname="Philips.PMP.Test.Auto.TreeNodeDupeFinderTest" time="0.004" status="1" />
    <testcase name="GetDuplicateEventCategoriesShouldFindDupes (True,All Red,00000000-0000-0000-0000-000000000001,True)" classname="Philips.PMP.Test.Auto.TreeNodeDupeFinderTest" time="0.024" status="1" />
    <testcase name="GetUniqueEventCategoryNameShouldGetAUniqueNameAfterOneConflictWithAnotherUnit" classname="Philips.PMP.Test.Auto.TreeNodeDupeFinderTest" time="0.005" status="1" />
    <system-out />
    <system-err />
  </testsuite>
  <testsuite name="Philips.PMP.Test.Auto.AutoAdtConfigControlTest" hostname="RESTORMEL" package="not available" id="24" tests="18" failures="0" errors="0" skipped="0" time="0.439" timestamp="2023-12-13T03:37:17">
    <properties />
    <testcase name="OnAdmitConfirmationCheckChangedTest" classname="Philips.PMP.Test.Auto.AutoAdtConfigControlTest" time="0.012" status="1" />
    <testcase name="UpdateUiTest (True,True,True,True,True)" classname="Philips.PMP.Test.Auto.AutoAdtConfigControlTest" time="0.019" status="1" />
    <testcase name="UpdateUiTest (True,True,False,False,False)" classname="Philips.PMP.Test.Auto.AutoAdtConfigControlTest" time="0.011" status="1" />
    <testcase name="UpdateUiTest (False,False,False,False,False)" classname="Philips.PMP.Test.Auto.AutoAdtConfigControlTest" time="0.011" status="1" />
    <testcase name="UpdateUiTest (True,False,False,False,False)" classname="Philips.PMP.Test.Auto.AutoAdtConfigControlTest" time="0.011" status="1" />
    <testcase name="UpdateUiTest (True,True,True,False,False)" classname="Philips.PMP.Test.Auto.AutoAdtConfigControlTest" time="0.016" status="1" />
    <testcase name="UpdateUiTest (True,True,False,False,False)" classname="Philips.PMP.Test.Auto.AutoAdtConfigControlTest" time="0.011" status="1" />
    <testcase name="UpdateUiTest (True,True,True,False,False)" classname="Philips.PMP.Test.Auto.AutoAdtConfigControlTest" time="0.011" status="1" />
    <testcase name="LoadSettingsTest" classname="Philips.PMP.Test.Auto.AutoAdtConfigControlTest" time="0.016" status="1" />
    <testcase name="SaveSettingsTest (False,False)" classname="Philips.PMP.Test.Auto.AutoAdtConfigControlTest" time="0.017" status="1" />
    <testcase name="SaveSettingsTest (True,True)" classname="Philips.PMP.Test.Auto.AutoAdtConfigControlTest" time="0.014" status="1" />
    <testcase name="SaveSettingsTest (True,False)" classname="Philips.PMP.Test.Auto.AutoAdtConfigControlTest" time="0.012" status="1" />
    <testcase name="SaveSettingsTest (False,False)" classname="Philips.PMP.Test.Auto.AutoAdtConfigControlTest" time="0.012" status="1" />
    <testcase name="SetDropdownControlChoiceTest" classname="Philips.PMP.Test.Auto.AutoAdtConfigControlTest" time="0.016" status="1" />
    <testcase name="OnTransferIndexChangedTest" classname="Philips.PMP.Test.Auto.AutoAdtConfigControlTest" time="0.013" status="1" />
    <testcase name="OnLoadTest" classname="Philips.PMP.Test.Auto.AutoAdtConfigControlTest" time="0.189" status="1" />
    <testcase name="OnEnableAutoAdtCheckChangedTest" classname="Philips.PMP.Test.Auto.AutoAdtConfigControlTest" time="0.022" status="1" />
    <testcase name="IFeatureConfiguration" classname="Philips.PMP.Test.Auto.AutoAdtConfigControlTest" time="0.025" status="1" />
    <system-out />
    <system-err />
  </testsuite>
  <testsuite name="Philips.PMP.Test.Auto.HeightConversionHelperTest" hostname="RESTORMEL" package="not available" id="25" tests="8" failures="0" errors="0" skipped="0" time="0.011" timestamp="2023-12-13T03:36:08">
    <properties />
    <testcase name="HeightConversionHelperConvertTest" classname="Philips.PMP.Test.Auto.HeightConversionHelperTest" time="0.004" status="1" />
    <testcase name="HeightConversionHelperConversionTest" classname="Philips.PMP.Test.Auto.HeightConversionHelperTest" time="0.001" status="1" />
    <testcase name="HeightConversionHelperLimitsTest (-1,Inches)" classname="Philips.PMP.Test.Auto.HeightConversionHelperTest" time="0.001" status="1" />
    <testcase name="HeightConversionHelperLimitsTest (-1,Centimeters)" classname="Philips.PMP.Test.Auto.HeightConversionHelperTest" time="0.001" status="1" />
    <testcase name="HeightConversionHelperLimitsTest (-1,Unknown)" classname="Philips.PMP.Test.Auto.HeightConversionHelperTest" time="0.001" status="1" />
    <testcase name="HeightConversionHelperLimitsTest (100,Inches)" classname="Philips.PMP.Test.Auto.HeightConversionHelperTest" time="0.001" status="1" />
    <testcase name="HeightConversionHelperLimitsTest (251,Centimeters)" classname="Philips.PMP.Test.Auto.HeightConversionHelperTest" time="0.001" status="1" />
    <testcase name="HeightConversionHelperLimitsTest (100,Unknown)" classname="Philips.PMP.Test.Auto.HeightConversionHelperTest" time="0.001" status="1" />
    <system-out />
    <system-err />
  </testsuite>
  <testsuite name="Philips.PMP.Test.Auto.ProfileProviderTest" hostname="RESTORMEL" package="not available" id="26" tests="9" failures="0" errors="0" skipped="0" time="3.423" timestamp="2023-12-13T03:33:09">
    <properties />
    <testcase name="StoreUpdateProfile" classname="Philips.PMP.Test.Auto.ProfileProviderTest" time="0.655" status="1" />
    <testcase name="RenameProfile" classname="Philips.PMP.Test.Auto.ProfileProviderTest" time="0.011" status="1" />
    <testcase name="StoreInsertInheritedProfile" classname="Philips.PMP.Test.Auto.ProfileProviderTest" time="0.009" status="1" />
    <testcase name="AssignProfileBToHost" classname="Philips.PMP.Test.Auto.ProfileProviderTest" time="0.016" status="1" />
    <testcase name="GetProfilesByType" classname="Philips.PMP.Test.Auto.ProfileProviderTest" time="0.620" status="1" />
    <testcase name="DeleteProfile" classname="Philips.PMP.Test.Auto.ProfileProviderTest" time="0.432" status="1" />
    <testcase name="GetHostsAssignedToProfile" classname="Philips.PMP.Test.Auto.ProfileProviderTest" time="0.705" status="1" />
    <testcase name="GetUnassignedHosts" classname="Philips.PMP.Test.Auto.ProfileProviderTest" time="0.954" status="1" />
    <testcase name="AssignLoggingProfileTwice" classname="Philips.PMP.Test.Auto.ProfileProviderTest" time="0.020" status="1" />
    <system-out />
    <system-err />
  </testsuite>
  <testsuite name="Philips.PMP.Test.Auto.DeviceControlHelperTest" hostname="RESTORMEL" package="not available" id="27" tests="3" failures="0" errors="0" skipped="0" time="0.005" timestamp="2023-12-13T03:30:45">
    <properties />
    <testcase name="DeviceControlHelperGetPhysioIdFromAssociatedPhysioIdTest" classname="Philips.PMP.Test.Auto.DeviceControlHelperTest" time="0.001" status="1" />
    <testcase name="DeviceControlHelperIsAlwaysStoredTest" classname="Philips.PMP.Test.Auto.DeviceControlHelperTest" time="0.002" status="1" />
    <testcase name="DeviceControlHelperGetToggleControlSettingTest" classname="Philips.PMP.Test.Auto.DeviceControlHelperTest" time="0.002" status="1" />
    <system-out />
    <system-err />
  </testsuite>
  <testsuite name="Philips.PMP.Test.Auto.ClientSubscriptionHelperTest" hostname="RESTORMEL" package="not available" id="28" tests="4" failures="0" errors="0" skipped="0" time="0.027" timestamp="2023-12-13T03:29:52">
    <properties />
    <testcase name="ClientSubscriptionHelperCreateEnterpriseSubscriptionTest (False)" classname="Philips.PMP.Test.Auto.ClientSubscriptionHelperTest" time="0.007" status="1" />
    <testcase name="ClientSubscriptionHelperCreateEnterpriseSubscriptionTest (True)" classname="Philips.PMP.Test.Auto.ClientSubscriptionHelperTest" time="0.001" status="1" />
    <testcase name="ClientSubscriptionHelperCreateInstitutionSubscriptionTest (False)" classname="Philips.PMP.Test.Auto.ClientSubscriptionHelperTest" time="0.018" status="1" />
    <testcase name="ClientSubscriptionHelperCreateInstitutionSubscriptionTest (True)" classname="Philips.PMP.Test.Auto.ClientSubscriptionHelperTest" time="0.001" status="1" />
    <system-out />
    <system-err />
  </testsuite>
  <testsuite name="Philips.PMP.Test.Auto.DbArchiveMgrTest" hostname="RESTORMEL" package="not available" id="29" tests="14" failures="0" errors="0" skipped="0" time="3.786" timestamp="2023-12-13T03:30:35">
    <properties />
    <testcase name="DbArchiveMgrRestoreLatestTest (False,False,False)" classname="Philips.PMP.Test.Auto.DbArchiveMgrTest" time="0.005" status="1" />
    <testcase name="DbArchiveMgrRestoreLatestTest (True,False,False)" classname="Philips.PMP.Test.Auto.DbArchiveMgrTest" time="0.218" status="1" />
    <testcase name="DbArchiveMgrRestoreLatestTest (True,True,True)" classname="Philips.PMP.Test.Auto.DbArchiveMgrTest" time="0.671" status="1" />
    <testcase name="DoesArchiveHaveSameCultureSettingsTest" classname="Philips.PMP.Test.Auto.DbArchiveMgrTest" time="0.001" status="1" />
    <testcase name="RestoreDatabasesDoesNotThrowExceptions (Philips.PIC.Primary)" classname="Philips.PMP.Test.Auto.DbArchiveMgrTest" time="0.053" status="1" />
    <testcase name="RestoreDatabasesDoesNotThrowExceptions (Philips.PIC.Ringtone)" classname="Philips.PMP.Test.Auto.DbArchiveMgrTest" time="0.031" status="1" />
    <testcase name="DbArchiveMgrEnsureAllDbInitialized" classname="Philips.PMP.Test.Auto.DbArchiveMgrTest" time="2.453" status="1" />
    <testcase name="DbArchiveMgrProtectsPatientInfo (True,True,False,False,True)" classname="Philips.PMP.Test.Auto.DbArchiveMgrTest" time="0.104" status="1" />
    <testcase name="DbArchiveMgrProtectsPatientInfo (False,False,False,False,False)" classname="Philips.PMP.Test.Auto.DbArchiveMgrTest" time="0.041" status="1" />
    <testcase name="DbArchiveMgrProtectsPatientInfo (True,True,True,True,True)" classname="Philips.PMP.Test.Auto.DbArchiveMgrTest" time="0.078" status="1" />
    <testcase name="DbArchiveMgrProtectsPatientInfo (True,False,True,False,False)" classname="Philips.PMP.Test.Auto.DbArchiveMgrTest" time="0.044" status="1" />
    <testcase name="GetArchiveNameTest" classname="Philips.PMP.Test.Auto.DbArchiveMgrTest" time="0.007" status="1" />
    <testcase name="DbArchiveMgrWaitForDbInitializedTest (False)" classname="Philips.PMP.Test.Auto.DbArchiveMgrTest" time="0.001" status="1" />
    <testcase name="DbArchiveMgrWaitForDbInitializedTest (True)" classname="Philips.PMP.Test.Auto.DbArchiveMgrTest" time="0.079" status="1" />
    <system-out />
    <system-err />
  </testsuite>
  <testsuite name="Philips.PMP.Test.Auto.BBraunStateMachineTest" hostname="RESTORMEL" package="not available" id="30" tests="8" failures="0" errors="0" skipped="0" time="6.506" timestamp="2023-12-13T03:29:44">
    <properties />
    <testcase name="IntelliBridgeDriverBBraunProcessMessageTest" classname="Philips.PMP.Test.Auto.BBraunStateMachineTest" time="0.459" status="1" />
    <testcase name="StateAdminAliveSendTest" classname="Philips.PMP.Test.Auto.BBraunStateMachineTest" time="0.008" status="1" />
    <testcase name="CheckforTCPClientRestart" classname="Philips.PMP.Test.Auto.BBraunStateMachineTest" time="6.010" status="1" />
    <testcase name="CheckMessageParametersTest" classname="Philips.PMP.Test.Auto.BBraunStateMachineTest" time="0.005" status="1" />
    <testcase name="StateMemGetDelayTest" classname="Philips.PMP.Test.Auto.BBraunStateMachineTest" time="0.007" status="1" />
    <testcase name="StateMemGetDelayInitTest" classname="Philips.PMP.Test.Auto.BBraunStateMachineTest" time="0.008" status="1" />
    <testcase name="ChecksumVerificationTest" classname="Philips.PMP.Test.Auto.BBraunStateMachineTest" time="0.005" status="1" />
    <testcase name="IntelliBridgeDriverBBraunStateRestartTest" classname="Philips.PMP.Test.Auto.BBraunStateMachineTest" time="0.005" status="1" />
    <system-out />
    <system-err />
  </testsuite>
  <testsuite name="Philips.PMP.Test.Auto.DeviceSettingsControlTest" hostname="RESTORMEL" package="not available" id="31" tests="11" failures="0" errors="0" skipped="0" time="3.295" timestamp="2023-12-13T03:29:43">
    <properties />
    <testcase name="DeviceSettingsControlCopySettings" classname="Philips.PMP.Test.Auto.DeviceSettingsControlTest" time="0.115" status="1" />
    <testcase name="DeviceSettingsControlSaveWavePriority" classname="Philips.PMP.Test.Auto.DeviceSettingsControlTest" time="0.893" status="1" />
    <testcase name="DeviceSettingsControlRevertToDefault" classname="Philips.PMP.Test.Auto.DeviceSettingsControlTest" time="0.216" status="1" />
    <testcase name="DeviceSettingsControlDisplayMenuEntryUi (ECG,False,False,1,1,0,0,0)" classname="Philips.PMP.Test.Auto.DeviceSettingsControlTest" time="0.938" status="1" />
    <testcase name="DeviceSettingsControlDisplayMenuEntryUi (ECG,False,True,1,1,0,0,0)" classname="Philips.PMP.Test.Auto.DeviceSettingsControlTest" time="0.137" status="1" />
    <testcase name="DeviceSettingsControlDisplayMenuEntryUi (ECG,True,False,0,0,0,1,1)" classname="Philips.PMP.Test.Auto.DeviceSettingsControlTest" time="0.146" status="1" />
    <testcase name="DeviceSettingsControlDisplayMenuEntryUi (ECG,True,True,0,0,0,0,1)" classname="Philips.PMP.Test.Auto.DeviceSettingsControlTest" time="0.222" status="1" />
    <testcase name="DeviceSettingsControlDisplayMenuEntryUi (CustomStripLabels,False,False,1,1,0,0,0)" classname="Philips.PMP.Test.Auto.DeviceSettingsControlTest" time="0.185" status="1" />
    <testcase name="DeviceSettingsControlDisplayMenuEntryUi (CustomStripLabels,False,True,1,1,0,0,0)" classname="Philips.PMP.Test.Auto.DeviceSettingsControlTest" time="0.174" status="1" />
    <testcase name="DeviceSettingsControlDisplayMenuEntryUi (CustomStripLabels,True,False,1,1,1,0,0)" classname="Philips.PMP.Test.Auto.DeviceSettingsControlTest" time="0.145" status="1" />
    <testcase name="DeviceSettingsControlDisplayMenuEntryUi (CustomStripLabels,True,True,1,1,1,0,0)" classname="Philips.PMP.Test.Auto.DeviceSettingsControlTest" time="0.124" status="1" />
    <system-out />
    <system-err />
  </testsuite>
  <testsuite name="Philips.PMP.Test.Auto.NetworkScanTest" hostname="RESTORMEL" package="not available" id="32" tests="6" failures="0" errors="0" skipped="0" time="0.734" timestamp="2023-12-13T03:32:44">
    <properties />
    <testcase name="GetModifiedAPDevices" classname="Philips.PMP.Test.Auto.NetworkScanTest" time="0.204" status="1" />
    <testcase name="GetNewAPCDevices" classname="Philips.PMP.Test.Auto.NetworkScanTest" time="0.148" status="1" />
    <testcase name="GetNewAPDevices" classname="Philips.PMP.Test.Auto.NetworkScanTest" time="0.214" status="1" />
    <testcase name="GetApcListPerGroup" classname="Philips.PMP.Test.Auto.NetworkScanTest" time="0.059" status="1" />
    <testcase name="GetModifiedAPCDevices" classname="Philips.PMP.Test.Auto.NetworkScanTest" time="0.102" status="1" />
    <testcase name="GetFmIdFromIPAddress" classname="Philips.PMP.Test.Auto.NetworkScanTest" time="0.006" status="1" />
    <system-out />
    <system-err />
  </testsuite>
  <testsuite name="Philips.CareEvent.Test.TopologyAliasProviderTests" hostname="RESTORMEL" package="not available" id="33" tests="27" failures="0" errors="0" skipped="0" time="0.799" timestamp="2023-12-13T03:28:16">
    <properties />
    <testcase name="GetLocationAliasesTest" classname="Philips.CareEvent.Test.TopologyAliasProviderTests" time="0.040" status="1" />
    <testcase name="TopologyAliasProviderTryGetBedAliasTest (False,False)" classname="Philips.CareEvent.Test.TopologyAliasProviderTests" time="0.026" status="1" />
    <testcase name="TopologyAliasProviderTryGetBedAliasTest (True,False)" classname="Philips.CareEvent.Test.TopologyAliasProviderTests" time="0.029" status="1" />
    <testcase name="TopologyAliasProviderTryGetBedAliasTest (True,True)" classname="Philips.CareEvent.Test.TopologyAliasProviderTests" time="0.028" status="1" />
    <testcase name="GetRoomBedAliasTest (rm1,,)" classname="Philips.CareEvent.Test.TopologyAliasProviderTests" time="0.000" status="1" />
    <testcase name="GetRoomBedAliasTest (,bd1,bd1)" classname="Philips.CareEvent.Test.TopologyAliasProviderTests" time="0.000" status="1" />
    <testcase name="GetRoomBedAliasTest (rm1,bd1,rm1-bd1)" classname="Philips.CareEvent.Test.TopologyAliasProviderTests" time="0.000" status="1" />
    <testcase name="TopologyAliasProviderTryGetBedTest (False,False)" classname="Philips.CareEvent.Test.TopologyAliasProviderTests" time="0.034" status="1" />
    <testcase name="TopologyAliasProviderTryGetBedTest (False,True)" classname="Philips.CareEvent.Test.TopologyAliasProviderTests" time="0.031" status="1" />
    <testcase name="TopologyAliasProviderTryGetBedTest (True,False)" classname="Philips.CareEvent.Test.TopologyAliasProviderTests" time="0.030" status="1" />
    <testcase name="TopologyAliasProviderTryGetBedTest (True,True)" classname="Philips.CareEvent.Test.TopologyAliasProviderTests" time="0.027" status="1" />
    <testcase name="TopologyAliasProviderTryGetRoomAndBedAliasTest (False,False)" classname="Philips.CareEvent.Test.TopologyAliasProviderTests" time="0.029" status="1" />
    <testcase name="TopologyAliasProviderTryGetRoomAndBedAliasTest (True,False)" classname="Philips.CareEvent.Test.TopologyAliasProviderTests" time="0.029" status="1" />
    <testcase name="TopologyAliasProviderTryGetRoomAndBedAliasTest (False,True)" classname="Philips.CareEvent.Test.TopologyAliasProviderTests" time="0.031" status="1" />
    <testcase name="TopologyAliasProviderTryGetRoomAndBedAliasTest (True,True)" classname="Philips.CareEvent.Test.TopologyAliasProviderTests" time="0.031" status="1" />
    <testcase name="TryGetBedCaseInsensitiveTest" classname="Philips.CareEvent.Test.TopologyAliasProviderTests" time="0.027" status="1" />
    <testcase name="GetLocationNameAndAliasListTest" classname="Philips.CareEvent.Test.TopologyAliasProviderTests" time="0.097" status="1" />
    <testcase name="TopologyAliasProviderGetMobileBedLabelTest (False,False)" classname="Philips.CareEvent.Test.TopologyAliasProviderTests" time="0.030" status="1" />
    <testcase name="TopologyAliasProviderGetMobileBedLabelTest (True,False)" classname="Philips.CareEvent.Test.TopologyAliasProviderTests" time="0.030" status="1" />
    <testcase name="TopologyAliasProviderGetMobileBedLabelTest (True,True)" classname="Philips.CareEvent.Test.TopologyAliasProviderTests" time="0.028" status="1" />
    <testcase name="TopologyAliasProviderTryGetBedErrorTest (False,True,True,False,False,False,False)" classname="Philips.CareEvent.Test.TopologyAliasProviderTests" time="0.028" status="1" />
    <testcase name="TopologyAliasProviderTryGetBedErrorTest (True,True,True,False,False,False,False)" classname="Philips.CareEvent.Test.TopologyAliasProviderTests" time="0.032" status="1" />
    <testcase name="TopologyAliasProviderTryGetBedErrorTest (False,True,False,True,False,False,False)" classname="Philips.CareEvent.Test.TopologyAliasProviderTests" time="0.026" status="1" />
    <testcase name="TopologyAliasProviderTryGetBedErrorTest (False,True,False,False,False,False,False)" classname="Philips.CareEvent.Test.TopologyAliasProviderTests" time="0.026" status="1" />
    <testcase name="TopologyAliasProviderTryGetBedErrorTest (False,True,False,False,True,False,False)" classname="Philips.CareEvent.Test.TopologyAliasProviderTests" time="0.034" status="1" />
    <testcase name="TopologyAliasProviderTryGetBedErrorTest (False,False,True,False,True,True,True)" classname="Philips.CareEvent.Test.TopologyAliasProviderTests" time="0.030" status="1" />
    <testcase name="TopologyAliasProviderTryGetBedErrorTest (False,True,False,False,True,True,True)" classname="Philips.CareEvent.Test.TopologyAliasProviderTests" time="0.043" status="1" />
    <system-out />
    <system-err />
  </testsuite>
  <testsuite name="Philips.PMP.Test.Auto.ControlServiceHelperTest" hostname="RESTORMEL" package="not available" id="34" tests="22" failures="0" errors="0" skipped="0" time="0.054" timestamp="2023-12-13T03:36:21">
    <properties />
    <testcase name="ControlServiceHelperLoadFlotracNumericBluePrintTest (OUTPUT_CARD_INDEX_CTS_FLOTRAC,True)" classname="Philips.PMP.Test.Auto.ControlServiceHelperTest" time="0.003" status="1" />
    <testcase name="ControlServiceHelperLoadFlotracNumericBluePrintTest (OUTPUT_CARD_CTS_FLOTRAC,True)" classname="Philips.PMP.Test.Auto.ControlServiceHelperTest" time="0.001" status="1" />
    <testcase name="ControlServiceHelperLoadFlotracNumericBluePrintTest (VOL_BLD_STROKE_INDEX_FLOTRAC,True)" classname="Philips.PMP.Test.Auto.ControlServiceHelperTest" time="0.001" status="1" />
    <testcase name="ControlServiceHelperLoadFlotracNumericBluePrintTest (VOL_BLD_STROKE_FLOTRAC,True)" classname="Philips.PMP.Test.Auto.ControlServiceHelperTest" time="0.001" status="1" />
    <testcase name="ControlServiceHelperLoadFlotracNumericBluePrintTest (VOL_BLD_STROKE_VAR_FLOTRAC,True)" classname="Philips.PMP.Test.Auto.ControlServiceHelperTest" time="0.001" status="1" />
    <testcase name="ControlServiceHelperLoadFlotracNumericBluePrintTest (PULS_PRESS_VAR_FLOTRAC,False)" classname="Philips.PMP.Test.Auto.ControlServiceHelperTest" time="0.000" status="1" />
    <testcase name="ControlServiceHelperLoadFlotracNumericBluePrintTest (RES_VASC_SYS_FLOTRAC,False)" classname="Philips.PMP.Test.Auto.ControlServiceHelperTest" time="0.000" status="1" />
    <testcase name="ControlServiceHelperLoadFlotracNumericBluePrintTest (RES_VASC_SYS_INDEX_FLOTRAC,False)" classname="Philips.PMP.Test.Auto.ControlServiceHelperTest" time="0.000" status="1" />
    <testcase name="ControlServiceHelperLoadBisEegWaveBluePrintTest" classname="Philips.PMP.Test.Auto.ControlServiceHelperTest" time="0.005" status="1" />
    <testcase name="ControlServiceHelperLeadsetUnpluggedSettingTest" classname="Philips.PMP.Test.Auto.ControlServiceHelperTest" time="0.004" status="1" />
    <testcase name="SetDefaultsShouldSetAlarmMgrSoundBlockToDefaultValues" classname="Philips.PMP.Test.Auto.ControlServiceHelperTest" time="0.001" status="1" />
    <testcase name="ControlServiceHelperLoadBisBluePrintTest" classname="Philips.PMP.Test.Auto.ControlServiceHelperTest" time="0.005" status="1" />
    <testcase name="AlarmSoundSettingsSync (Iso,2149780580,2149780581)" classname="Philips.PMP.Test.Auto.ControlServiceHelperTest" time="0.001" status="1" />
    <testcase name="AlarmSoundSettingsSync (Traditional,2149780581,2149780580)" classname="Philips.PMP.Test.Auto.ControlServiceHelperTest" time="0.001" status="1" />
    <testcase name="AlarmSoundSettingsSync (IecIso2020,2149780565,2149780581)" classname="Philips.PMP.Test.Auto.ControlServiceHelperTest" time="0.002" status="1" />
    <testcase name="AlarmSoundSettingsSync (Philips2021,2149780566,2149780580)" classname="Philips.PMP.Test.Auto.ControlServiceHelperTest" time="0.001" status="1" />
    <testcase name="ControlServiceHelperLoadGasWaveBluePrintTest" classname="Philips.PMP.Test.Auto.ControlServiceHelperTest" time="0.002" status="1" />
    <testcase name="ControlServiceHelperLoadNumericBluePrintTest (OUTPUT_CARD_INDEX_CTS,Cci)" classname="Philips.PMP.Test.Auto.ControlServiceHelperTest" time="0.001" status="1" />
    <testcase name="ControlServiceHelperLoadNumericBluePrintTest (OUTPUT_CARD_CTS,Cco)" classname="Philips.PMP.Test.Auto.ControlServiceHelperTest" time="0.001" status="1" />
    <testcase name="ControlServiceHelperQrsDetectionSettingTest" classname="Philips.PMP.Test.Auto.ControlServiceHelperTest" time="0.013" status="1" />
    <testcase name="ControlServiceHelperLoadGasNumericBluePrintTest" classname="Philips.PMP.Test.Auto.ControlServiceHelperTest" time="0.005" status="1" />
    <testcase name="ControlServiceHelperSpO2NonPulsatileSettingTest" classname="Philips.PMP.Test.Auto.ControlServiceHelperTest" time="0.005" status="1" />
    <system-out />
    <system-err />
  </testsuite>
  <testsuite name="Philips.PMP.Test.Auto.RingtoneSyncMgrTest" hostname="RESTORMEL" package="not available" id="35" tests="18" failures="0" errors="0" skipped="0" time="1.613" timestamp="2023-12-13T03:29:41">
    <properties />
    <testcase name="RingtoneSyncMgrUpdateArchiveTest" classname="Philips.PMP.Test.Auto.RingtoneSyncMgrTest" time="0.760" status="1" />
    <testcase name="RingtoneSyncMgrRestoreArchiveOnStartTest" classname="Philips.PMP.Test.Auto.RingtoneSyncMgrTest" time="0.009" status="1" />
    <testcase name="RingtoneSyncMgrStopTest (True,False,0)" classname="Philips.PMP.Test.Auto.RingtoneSyncMgrTest" time="0.013" status="1" />
    <testcase name="RingtoneSyncMgrStopTest (True,True,0)" classname="Philips.PMP.Test.Auto.RingtoneSyncMgrTest" time="0.011" status="1" />
    <testcase name="RingtoneSyncMgrStopTest (False,True,1)" classname="Philips.PMP.Test.Auto.RingtoneSyncMgrTest" time="0.025" status="1" />
    <testcase name="RingtoneSyncMgrStopTest (False,False,0)" classname="Philips.PMP.Test.Auto.RingtoneSyncMgrTest" time="0.007" status="1" />
    <testcase name="RingtoneSyncMgrOnUpdateArchiveTest (0,1,True,False)" classname="Philips.PMP.Test.Auto.RingtoneSyncMgrTest" time="0.166" status="1" />
    <testcase name="RingtoneSyncMgrOnUpdateArchiveTest (0,0,True,True)" classname="Philips.PMP.Test.Auto.RingtoneSyncMgrTest" time="0.020" status="1" />
    <testcase name="RingtoneSyncMgrOnUpdateArchiveTest (0,0,False,True)" classname="Philips.PMP.Test.Auto.RingtoneSyncMgrTest" time="0.010" status="1" />
    <testcase name="RingtoneSyncMgrOnUpdateArchiveTest (0,0,False,False)" classname="Philips.PMP.Test.Auto.RingtoneSyncMgrTest" time="0.010" status="1" />
    <testcase name="RingtoneSyncMgrStartTest (True,False,1,1,0,1)" classname="Philips.PMP.Test.Auto.RingtoneSyncMgrTest" time="0.410" status="1" />
    <testcase name="RingtoneSyncMgrStartTest (True,True,0,0,0,0)" classname="Philips.PMP.Test.Auto.RingtoneSyncMgrTest" time="0.009" status="1" />
    <testcase name="RingtoneSyncMgrStartTest (False,True,0,0,1,0)" classname="Philips.PMP.Test.Auto.RingtoneSyncMgrTest" time="0.013" status="1" />
    <testcase name="RingtoneSyncMgrOnRingtoneDbArchivedTest (Connected,1)" classname="Philips.PMP.Test.Auto.RingtoneSyncMgrTest" time="0.015" status="1" />
    <testcase name="RingtoneSyncMgrOnRingtoneDbArchivedTest (Local,0)" classname="Philips.PMP.Test.Auto.RingtoneSyncMgrTest" time="0.008" status="1" />
    <testcase name="RingtoneSyncMgrNoUpdateArchiveTest (False,0,0,1)" classname="Philips.PMP.Test.Auto.RingtoneSyncMgrTest" time="0.112" status="1" />
    <testcase name="RingtoneSyncMgrNoUpdateArchiveTest (False,-1,0,0)" classname="Philips.PMP.Test.Auto.RingtoneSyncMgrTest" time="0.004" status="1" />
    <testcase name="RingtoneSyncMgrNoUpdateArchiveTest (True,-1,0,0)" classname="Philips.PMP.Test.Auto.RingtoneSyncMgrTest" time="0.010" status="1" />
    <system-out />
    <system-err />
  </testsuite>
  <testsuite name="Philips.PMP.Test.Auto.IxConfigFileProviderTest" hostname="RESTORMEL" package="not available" id="36" tests="18" failures="0" errors="0" skipped="0" time="0.262" timestamp="2023-12-13T03:29:59">
    <properties />
    <testcase name="EncryptedPasswords" classname="Philips.PMP.Test.Auto.IxConfigFileProviderTest" time="0.008" status="1" />
    <testcase name="IsFlagEnabledTest (true,True)" classname="Philips.PMP.Test.Auto.IxConfigFileProviderTest" time="0.002" status="1" />
    <testcase name="IsFlagEnabledTest (false,False)" classname="Philips.PMP.Test.Auto.IxConfigFileProviderTest" time="0.001" status="1" />
    <testcase name="IsFlagEnabledTest (garbage,True)" classname="Philips.PMP.Test.Auto.IxConfigFileProviderTest" time="0.001" status="1" />
    <testcase name="IsFlagEnabledTest (   ,True)" classname="Philips.PMP.Test.Auto.IxConfigFileProviderTest" time="0.001" status="1" />
    <testcase name="GetConfigurationServerFromRightConfigFile" classname="Philips.PMP.Test.Auto.IxConfigFileProviderTest" time="0.005" status="1" />
    <testcase name="GetIsOverrideStartupWarning" classname="Philips.PMP.Test.Auto.IxConfigFileProviderTest" time="0.005" status="1" />
    <testcase name="ReadOffloadedSqlPasswordFromRightConfigFile" classname="Philips.PMP.Test.Auto.IxConfigFileProviderTest" time="0.002" status="1" />
    <testcase name="IsFlagNullTest" classname="Philips.PMP.Test.Auto.IxConfigFileProviderTest" time="0.166" status="1" />
    <testcase name="SlowProcessStartAllowedTest" classname="Philips.PMP.Test.Auto.IxConfigFileProviderTest" time="0.002" status="1" />
    <testcase name="IsGraphicsCardResetDebuggingEnabledTest" classname="Philips.PMP.Test.Auto.IxConfigFileProviderTest" time="0.016" status="1" />
    <testcase name="GetDefaultUnitFromRightConfigFile" classname="Philips.PMP.Test.Auto.IxConfigFileProviderTest" time="0.022" status="1" />
    <testcase name="IsOcspEnabledTest (true,True)" classname="Philips.PMP.Test.Auto.IxConfigFileProviderTest" time="0.001" status="1" />
    <testcase name="IsOcspEnabledTest (false,False)" classname="Philips.PMP.Test.Auto.IxConfigFileProviderTest" time="0.001" status="1" />
    <testcase name="IsOcspEnabledTest (garbage,True)" classname="Philips.PMP.Test.Auto.IxConfigFileProviderTest" time="0.001" status="1" />
    <testcase name="IsOcspEnabledTest (   ,True)" classname="Philips.PMP.Test.Auto.IxConfigFileProviderTest" time="0.001" status="1" />
    <testcase name="CreateAppDataConfigFileShouldAddWhenPathNotNull ()" classname="Philips.PMP.Test.Auto.IxConfigFileProviderTest" time="0.013" status="1" />
    <testcase name="CreateAppDataConfigFileShouldAddWhenPathNotNull (Running Up That Hill)" classname="Philips.PMP.Test.Auto.IxConfigFileProviderTest" time="0.015" status="1" />
    <system-out />
    <system-err />
  </testsuite>
  <testsuite name="Philips.PMP.Test.Auto.FeatureAssignmentHelperTest" hostname="RESTORMEL" package="not available" id="37" tests="27" failures="0" errors="0" skipped="0" time="0.192" timestamp="2023-12-13T03:30:45">
    <properties />
    <testcase name="FeatureAssignmentHelperWillAssignBasicFeatures (False,False,False)" classname="Philips.PMP.Test.Auto.FeatureAssignmentHelperTest" time="0.007" status="1" />
    <testcase name="FeatureAssignmentHelperWillAssignBasicFeatures (True,False,False)" classname="Philips.PMP.Test.Auto.FeatureAssignmentHelperTest" time="0.003" status="1" />
    <testcase name="FeatureAssignmentHelperWillAssignBasicFeatures (False,True,False)" classname="Philips.PMP.Test.Auto.FeatureAssignmentHelperTest" time="0.005" status="1" />
    <testcase name="FeatureAssignmentHelperWillAssignBasicFeatures (False,False,True)" classname="Philips.PMP.Test.Auto.FeatureAssignmentHelperTest" time="0.004" status="1" />
    <testcase name="FeatureAssignmentHelperWillAssignBasicFeatures (True,True,False)" classname="Philips.PMP.Test.Auto.FeatureAssignmentHelperTest" time="0.003" status="1" />
    <testcase name="FeatureAssignmentHelperWillAssignBasicFeatures (True,False,True)" classname="Philips.PMP.Test.Auto.FeatureAssignmentHelperTest" time="0.003" status="1" />
    <testcase name="FeatureAssignmentHelperWillAssignBasicFeatures (False,True,True)" classname="Philips.PMP.Test.Auto.FeatureAssignmentHelperTest" time="0.004" status="1" />
    <testcase name="FeatureAssignmentHelperWillAssignBasicFeatures (True,True,True)" classname="Philips.PMP.Test.Auto.FeatureAssignmentHelperTest" time="0.003" status="1" />
    <testcase name="FeatureAssignmentHelperGetAvailableHostTypesTest (CCL,DB3,PXX,PPX,Surveillance, Overview, Acquisition, Server)" classname="Philips.PMP.Test.Auto.FeatureAssignmentHelperTest" time="0.003" status="1" />
    <testcase name="FeatureAssignmentHelperGetAvailableHostTypesTest (CCL,DB3,PXX,MP0,Overview, Server)" classname="Philips.PMP.Test.Auto.FeatureAssignmentHelperTest" time="0.001" status="1" />
    <testcase name="FeatureAssignmentHelperGetAvailableHostTypesTest (CCL,DB3,MP0,PPX,Acquisition, Server)" classname="Philips.PMP.Test.Auto.FeatureAssignmentHelperTest" time="0.001" status="1" />
    <testcase name="FeatureAssignmentHelperGetAvailableHostTypesTest (CCL,DB1,PLX,PXX,Overview, StandaloneLink)" classname="Philips.PMP.Test.Auto.FeatureAssignmentHelperTest" time="0.001" status="1" />
    <testcase name="FeatureAssignmentHelperGetAvailableHostTypesTest (CCL,DB1,PXX,PPX,Overview, StandalonePic)" classname="Philips.PMP.Test.Auto.FeatureAssignmentHelperTest" time="0.001" status="1" />
    <testcase name="FeatureAssignmentHelperGetAvailableHostTypesTest (CCL,DB1,STANDBY,PPX,StandalonePic, Standby)" classname="Philips.PMP.Test.Auto.FeatureAssignmentHelperTest" time="0.001" status="1" />
    <testcase name="FeatureAssignmentHelperGetRemainingFeaturesTest" classname="Philips.PMP.Test.Auto.FeatureAssignmentHelperTest" time="0.004" status="1" />
    <testcase name="FeatureAssignmentHelperWillGetFeaturesByZoneTest" classname="Philips.PMP.Test.Auto.FeatureAssignmentHelperTest" time="0.004" status="1" />
    <testcase name="FeatureAssignmentHelperGetAllLocalOrderFeaturesTest" classname="Philips.PMP.Test.Auto.FeatureAssignmentHelperTest" time="0.095" status="1" />
    <testcase name="FeatureAssignmentHelperGetAssignedFeaturesTest" classname="Philips.PMP.Test.Auto.FeatureAssignmentHelperTest" time="0.037" status="1" />
    <testcase name="FeatureAssignmentHelperGetFeaturesRequiringServerOperatingSystem" classname="Philips.PMP.Test.Auto.FeatureAssignmentHelperTest" time="0.001" status="1" />
    <testcase name="FeatureAssignmentHelperGetAvailableHostTypeErrorTest (True,False,False,Unknown)" classname="Philips.PMP.Test.Auto.FeatureAssignmentHelperTest" time="0.004" status="1" />
    <testcase name="FeatureAssignmentHelperGetAvailableHostTypeErrorTest (False,True,False,Unknown)" classname="Philips.PMP.Test.Auto.FeatureAssignmentHelperTest" time="0.001" status="1" />
    <testcase name="FeatureAssignmentHelperGetAvailableHostTypeErrorTest (False,False,False,StandalonePic)" classname="Philips.PMP.Test.Auto.FeatureAssignmentHelperTest" time="0.002" status="1" />
    <testcase name="FeatureAssignmentHelperGetAvailableHostTypeErrorTest (False,False,True,StandaloneLink)" classname="Philips.PMP.Test.Auto.FeatureAssignmentHelperTest" time="0.001" status="1" />
    <testcase name="FeatureAssignmentHelperAssignsEnterpriseFeatures (True,True)" classname="Philips.PMP.Test.Auto.FeatureAssignmentHelperTest" time="0.003" status="1" />
    <testcase name="FeatureAssignmentHelperAssignsEnterpriseFeatures (True,False)" classname="Philips.PMP.Test.Auto.FeatureAssignmentHelperTest" time="0.001" status="1" />
    <testcase name="FeatureAssignmentHelperAssignsEnterpriseFeatures (False,True)" classname="Philips.PMP.Test.Auto.FeatureAssignmentHelperTest" time="0.001" status="1" />
    <testcase name="FeatureAssignmentHelperAssignsEnterpriseFeatures (False,False)" classname="Philips.PMP.Test.Auto.FeatureAssignmentHelperTest" time="0.001" status="1" />
    <system-out />
    <system-err />
  </testsuite>
  <testsuite name="Philips.IX.UserManagement.Test.ProveIdWebApiMessageTest" hostname="RESTORMEL" package="not available" id="38" tests="12" failures="0" errors="0" skipped="0" time="0.452" timestamp="2023-12-13T03:39:03">
    <properties />
    <testcase name="AuthenticatePinTestSucceed" classname="Philips.IX.UserManagement.Test.ProveIdWebApiMessageTest" time="0.004" status="1" />
    <testcase name="MessageErrorStatusCodeTest" classname="Philips.IX.UserManagement.Test.ProveIdWebApiMessageTest" time="0.035" status="1" />
    <testcase name="AuthenticateWorkflowTest" classname="Philips.IX.UserManagement.Test.ProveIdWebApiMessageTest" time="0.062" status="1" />
    <testcase name="RfIdeasConfigMessageTest" classname="Philips.IX.UserManagement.Test.ProveIdWebApiMessageTest" time="0.039" status="1" />
    <testcase name="ModalitiesMessageTest" classname="Philips.IX.UserManagement.Test.ProveIdWebApiMessageTest" time="0.011" status="1" />
    <testcase name="AgentGeneralConfigMessageTest" classname="Philips.IX.UserManagement.Test.ProveIdWebApiMessageTest" time="0.056" status="1" />
    <testcase name="MessageMissingMimeTypeTest" classname="Philips.IX.UserManagement.Test.ProveIdWebApiMessageTest" time="0.001" status="1" />
    <testcase name="MessageWrongMimeTypeTest" classname="Philips.IX.UserManagement.Test.ProveIdWebApiMessageTest" time="0.008" status="1" />
    <testcase name="DomainsMessageTest" classname="Philips.IX.UserManagement.Test.ProveIdWebApiMessageTest" time="0.015" status="1" />
    <testcase name="ServersMessageTest" classname="Philips.IX.UserManagement.Test.ProveIdWebApiMessageTest" time="0.207" status="1" />
    <testcase name="AuthenticatePasswordRequestTest" classname="Philips.IX.UserManagement.Test.ProveIdWebApiMessageTest" time="0.013" status="1" />
    <testcase name="AuthenticateUniqueIdRequestTest" classname="Philips.IX.UserManagement.Test.ProveIdWebApiMessageTest" time="0.001" status="1" />
    <system-out />
    <system-err />
  </testsuite>
  <testsuite name="Philips.PMP.Test.Auto.RepositoryDropoutCounterTest" hostname="RESTORMEL" package="not available" id="39" tests="13" failures="0" errors="0" skipped="0" time="0.010" timestamp="2023-12-13T03:35:52">
    <properties />
    <testcase name="RepositoryDropoutCounterUpdateWaveBackfillCounterTestWithAllSampleInPreviousCounter" classname="Philips.PMP.Test.Auto.RepositoryDropoutCounterTest" time="0.000" status="1" />
    <testcase name="RepositoryDropoutCounterUpdateWaveUnavailableCounterTestWithEntireUnavilableWaveSamples" classname="Philips.PMP.Test.Auto.RepositoryDropoutCounterTest" time="0.000" status="1" />
    <testcase name="RepositoryDropoutCounterUpdateWaveUnavailableCounterTestWithoutUnavilableWaveSample" classname="Philips.PMP.Test.Auto.RepositoryDropoutCounterTest" time="0.002" status="1" />
    <testcase name="RepositoryDropoutCounterUpdateTimeIntervalTest" classname="Philips.PMP.Test.Auto.RepositoryDropoutCounterTest" time="0.001" status="1" />
    <testcase name="RepositoryDropoutCounterUpdateWaveUnavailableCounterTestWithConsecutiveUnavilableWaveSamplesInTheMiddle" classname="Philips.PMP.Test.Auto.RepositoryDropoutCounterTest" time="0.001" status="1" />
    <testcase name="RepositoryDropoutCounterUpdateWaveUnavailableCounterTestWithMultipleWaves" classname="Philips.PMP.Test.Auto.RepositoryDropoutCounterTest" time="0.001" status="1" />
    <testcase name="RepositoryDropoutCounterUpdateWaveBackfillCounterTestWithSampleInBothCounters" classname="Philips.PMP.Test.Auto.RepositoryDropoutCounterTest" time="0.000" status="1" />
    <testcase name="RepositoryDropoutCounterUpdateWaveBackfillCounterTestWithoutPreviousCounter" classname="Philips.PMP.Test.Auto.RepositoryDropoutCounterTest" time="0.000" status="1" />
    <testcase name="RepositoryDropoutCounterPickRepresentativeWaveTest" classname="Philips.PMP.Test.Auto.RepositoryDropoutCounterTest" time="0.001" status="1" />
    <testcase name="RepositoryDropoutCounterUpdateWaveBackfillCounterTest" classname="Philips.PMP.Test.Auto.RepositoryDropoutCounterTest" time="0.002" status="1" />
    <testcase name="RepositoryDropoutCounterWontThrowOverflowExceptionIfTimeGoesBackwards" classname="Philips.PMP.Test.Auto.RepositoryDropoutCounterTest" time="0.000" status="1" />
    <testcase name="RepositoryDropoutCounterUpdateWaveUnavailableCounterTestWith2ConsecutiveUnavilableWaveSamples" classname="Philips.PMP.Test.Auto.RepositoryDropoutCounterTest" time="0.001" status="1" />
    <testcase name="RepositoryDropoutCounterUpdateWaveUnavailableCounterTestWithConsecutiveUnavilableWaveSamples" classname="Philips.PMP.Test.Auto.RepositoryDropoutCounterTest" time="0.001" status="1" />
    <system-out />
    <system-err />
  </testsuite>
  <testsuite name="Philips.PIC.DataAcquisition.Test.SureSignsCompoundElementBuilderTest" hostname="RESTORMEL" package="not available" id="40" tests="9" failures="0" errors="0" skipped="0" time="0.253" timestamp="2023-12-13T03:28:55">
    <properties />
    <testcase name="SureSignsCompoundElementBuilderAddCustomEnumTest" classname="Philips.PIC.DataAcquisition.Test.SureSignsCompoundElementBuilderTest" time="0.008" status="1" />
    <testcase name="SureSignsCompoundElementBuilderAddNumericValueTest (149514,True)" classname="Philips.PIC.DataAcquisition.Test.SureSignsCompoundElementBuilderTest" time="0.001" status="1" />
    <testcase name="SureSignsCompoundElementBuilderAddNumericValueTest (149538,True)" classname="Philips.PIC.DataAcquisition.Test.SureSignsCompoundElementBuilderTest" time="0.000" status="1" />
    <testcase name="SureSignsCompoundElementBuilderAddNumericValueTest (150344,False)" classname="Philips.PIC.DataAcquisition.Test.SureSignsCompoundElementBuilderTest" time="0.000" status="1" />
    <testcase name="SureSignsCompoundElementBuilderAddEnumTest" classname="Philips.PIC.DataAcquisition.Test.SureSignsCompoundElementBuilderTest" time="0.083" status="1" />
    <testcase name="SureSignsCompoundElementBuilderAddScoreTest (True)" classname="Philips.PIC.DataAcquisition.Test.SureSignsCompoundElementBuilderTest" time="0.011" status="1" />
    <testcase name="SureSignsCompoundElementBuilderAddScoreTest (False)" classname="Philips.PIC.DataAcquisition.Test.SureSignsCompoundElementBuilderTest" time="0.003" status="1" />
    <testcase name="SureSignsCompoundElementBuilderAddNumericsTest (1)" classname="Philips.PIC.DataAcquisition.Test.SureSignsCompoundElementBuilderTest" time="0.147" status="1" />
    <testcase name="SureSignsCompoundElementBuilderAddNumericsTest (3)" classname="Philips.PIC.DataAcquisition.Test.SureSignsCompoundElementBuilderTest" time="0.001" status="1" />
    <system-out />
    <system-err />
  </testsuite>
  <testsuite name="Philips.PMP.Test.Auto.SoftwareUpdateHelperTest" hostname="RESTORMEL" package="not available" id="41" tests="33" failures="0" errors="0" skipped="0" time="0.709" timestamp="2023-12-13T03:38:01">
    <properties />
    <testcase name="PrepareForUpdateDifferentPatchVersion" classname="Philips.PMP.Test.Auto.SoftwareUpdateHelperTest" time="0.016" status="1" />
    <testcase name="SoftwareUpdateHelperIsMyHostCompatibleTest" classname="Philips.PMP.Test.Auto.SoftwareUpdateHelperTest" time="0.007" status="1" />
    <testcase name="PrepareForUpdateNoVersionInUpdates" classname="Philips.PMP.Test.Auto.SoftwareUpdateHelperTest" time="0.005" status="1" />
    <testcase name="ArchiveDatabasesTest (True,2)" classname="Philips.PMP.Test.Auto.SoftwareUpdateHelperTest" time="0.030" status="1" />
    <testcase name="ArchiveDatabasesTest (False,1)" classname="Philips.PMP.Test.Auto.SoftwareUpdateHelperTest" time="0.017" status="1" />
    <testcase name="GetPatchExecutableVersionTest (4,1,0,0,4.1.0.0)" classname="Philips.PMP.Test.Auto.SoftwareUpdateHelperTest" time="0.002" status="1" />
    <testcase name="GetPatchExecutableVersionTest (99,999,9,0,99.999.9.0)" classname="Philips.PMP.Test.Auto.SoftwareUpdateHelperTest" time="0.007" status="1" />
    <testcase name="MigrationFileSorting" classname="Philips.PMP.Test.Auto.SoftwareUpdateHelperTest" time="0.002" status="1" />
    <testcase name="StoreInvalidDeviceStatus" classname="Philips.PMP.Test.Auto.SoftwareUpdateHelperTest" time="0.012" status="1" />
    <testcase name="SoftwareUpdateHelperIsServerUpdateNeeded (True,False,True,False)" classname="Philips.PMP.Test.Auto.SoftwareUpdateHelperTest" time="0.006" status="1" />
    <testcase name="SoftwareUpdateHelperIsServerUpdateNeeded (True,False,False,False)" classname="Philips.PMP.Test.Auto.SoftwareUpdateHelperTest" time="0.003" status="1" />
    <testcase name="SoftwareUpdateHelperIsServerUpdateNeeded (False,True,True,False)" classname="Philips.PMP.Test.Auto.SoftwareUpdateHelperTest" time="0.004" status="1" />
    <testcase name="SoftwareUpdateHelperIsServerUpdateNeeded (False,False,True,False)" classname="Philips.PMP.Test.Auto.SoftwareUpdateHelperTest" time="0.003" status="1" />
    <testcase name="SoftwareUpdateHelperIsServerUpdateNeeded (False,False,False,True)" classname="Philips.PMP.Test.Auto.SoftwareUpdateHelperTest" time="0.003" status="1" />
    <testcase name="SoftwareUpdateHelperCopiesPatchFiles" classname="Philips.PMP.Test.Auto.SoftwareUpdateHelperTest" time="0.007" status="1" />
    <testcase name="PrepareForUpdateNoExecutableInUpdates" classname="Philips.PMP.Test.Auto.SoftwareUpdateHelperTest" time="0.004" status="1" />
    <testcase name="SoftwareUpdateHelpervalidateUpdate (True,0,False,No,False,False,True,False)" classname="Philips.PMP.Test.Auto.SoftwareUpdateHelperTest" time="0.048" status="1" />
    <testcase name="SoftwareUpdateHelpervalidateUpdate (False,0,False,No,False,False,True,False)" classname="Philips.PMP.Test.Auto.SoftwareUpdateHelperTest" time="0.031" status="1" />
    <testcase name="SoftwareUpdateHelpervalidateUpdate (False,2,False,No,False,False,True,False)" classname="Philips.PMP.Test.Auto.SoftwareUpdateHelperTest" time="0.031" status="1" />
    <testcase name="SoftwareUpdateHelpervalidateUpdate (False,1,False,No,False,False,True,False)" classname="Philips.PMP.Test.Auto.SoftwareUpdateHelperTest" time="0.039" status="1" />
    <testcase name="SoftwareUpdateHelpervalidateUpdate (False,1,True,No,False,False,True,False)" classname="Philips.PMP.Test.Auto.SoftwareUpdateHelperTest" time="0.030" status="1" />
    <testcase name="SoftwareUpdateHelpervalidateUpdate (False,1,True,Yes,False,False,True,False)" classname="Philips.PMP.Test.Auto.SoftwareUpdateHelperTest" time="0.035" status="1" />
    <testcase name="SoftwareUpdateHelpervalidateUpdate (False,1,True,Yes,False,False,True,False)" classname="Philips.PMP.Test.Auto.SoftwareUpdateHelperTest" time="0.057" status="1" />
    <testcase name="SoftwareUpdateHelpervalidateUpdate (False,2,True,Yes,False,False,True,False)" classname="Philips.PMP.Test.Auto.SoftwareUpdateHelperTest" time="0.030" status="1" />
    <testcase name="SoftwareUpdateHelpervalidateUpdate (False,2,True,Yes,False,False,False,False)" classname="Philips.PMP.Test.Auto.SoftwareUpdateHelperTest" time="0.033" status="1" />
    <testcase name="SoftwareUpdateHelpervalidateUpdate (False,1,True,Yes,False,True,True,False)" classname="Philips.PMP.Test.Auto.SoftwareUpdateHelperTest" time="0.032" status="1" />
    <testcase name="SoftwareUpdateHelpervalidateUpdate (False,1,True,Yes,True,True,True,False)" classname="Philips.PMP.Test.Auto.SoftwareUpdateHelperTest" time="0.030" status="1" />
    <testcase name="SoftwareUpdateHelpervalidateUpdate (False,1,True,Yes,True,True,False,True)" classname="Philips.PMP.Test.Auto.SoftwareUpdateHelperTest" time="0.030" status="1" />
    <testcase name="BaseVersionTestNoBaseVersions" classname="Philips.PMP.Test.Auto.SoftwareUpdateHelperTest" time="0.016" status="1" />
    <testcase name="DeleteSoftwareUpdateFilesTest" classname="Philips.PMP.Test.Auto.SoftwareUpdateHelperTest" time="0.006" status="1" />
    <testcase name="BaseVersionTestSameBaseVersion" classname="Philips.PMP.Test.Auto.SoftwareUpdateHelperTest" time="0.095" status="1" />
    <testcase name="PrepareForUpdateOlderExecutable" classname="Philips.PMP.Test.Auto.SoftwareUpdateHelperTest" time="0.016" status="1" />
    <testcase name="BaseVersionTestDifferentBaseVersions" classname="Philips.PMP.Test.Auto.SoftwareUpdateHelperTest" time="0.023" status="1" />
    <system-out />
    <system-err />
  </testsuite>
  <testsuite name="Philips.PMP.Test.Auto.EventNotificationValidatorTest" hostname="RESTORMEL" package="not available" id="42" tests="24" failures="0" errors="0" skipped="0" time="2.077" timestamp="2023-12-13T03:33:50">
    <properties />
    <testcase name="ShowWarningMessageWhenSharedAssignmentRoleIsConfigured" classname="Philips.PMP.Test.Auto.EventNotificationValidatorTest" time="0.003" status="1" />
    <testcase name="ValidateErrorWhenNotificationAndUnitNotificationRolesAreSameTest" classname="Philips.PMP.Test.Auto.EventNotificationValidatorTest" time="0.243" status="1" />
    <testcase name="ValidateErrorWhenChargeRoleAndUnitRoleAreSameTest" classname="Philips.PMP.Test.Auto.EventNotificationValidatorTest" time="0.242" status="1" />
    <testcase name="ValidateValidConfigurationTest" classname="Philips.PMP.Test.Auto.EventNotificationValidatorTest" time="0.246" status="1" />
    <testcase name="VerifyIfNurseRoleIsShared (True)" classname="Philips.PMP.Test.Auto.EventNotificationValidatorTest" time="0.003" status="1" />
    <testcase name="VerifyIfNurseRoleIsShared (False)" classname="Philips.PMP.Test.Auto.EventNotificationValidatorTest" time="0.002" status="1" />
    <testcase name="ValidateErrorWhenOverviewRoleAndUnitNotificationRoleAreSameTest" classname="Philips.PMP.Test.Auto.EventNotificationValidatorTest" time="0.248" status="1" />
    <testcase name="ValidateErrorWhenCharegeRoleAndOverviewRoleAreSameTest" classname="Philips.PMP.Test.Auto.EventNotificationValidatorTest" time="0.244" status="1" />
    <testcase name="ValidateErrorWhenChargeRoleAndNurseRoleAreSameTest" classname="Philips.PMP.Test.Auto.EventNotificationValidatorTest" time="0.252" status="1" />
    <testcase name="ValidateForUserConfirmationNotAvailableTest" classname="Philips.PMP.Test.Auto.EventNotificationValidatorTest" time="0.005" status="1" />
    <testcase name="ValidateMaxBedReachedErrorTest" classname="Philips.PMP.Test.Auto.EventNotificationValidatorTest" time="0.312" status="1" />
    <testcase name="ValidateForUserConfirmationAvailableTest" classname="Philips.PMP.Test.Auto.EventNotificationValidatorTest" time="0.003" status="1" />
    <testcase name="ValidateCaregiverAssignmentForRemovedRoles" classname="Philips.PMP.Test.Auto.EventNotificationValidatorTest" time="0.006" status="1" />
    <testcase name="ValidateMaxUnitNotificationRolesTest" classname="Philips.PMP.Test.Auto.EventNotificationValidatorTest" time="0.246" status="1" />
    <testcase name="ValidateBedEnablementTypeWithProducts (AllBeds,Navicare Nurse Call (NNC),True,True)" classname="Philips.PMP.Test.Auto.EventNotificationValidatorTest" time="0.002" status="1" />
    <testcase name="ValidateBedEnablementTypeWithProducts (BedAssignment,Navicare Nurse Call (NNC),True,True)" classname="Philips.PMP.Test.Auto.EventNotificationValidatorTest" time="0.001" status="1" />
    <testcase name="ValidateBedEnablementTypeWithProducts (MonitoredBeds,Philips Patient Monitoring,True,True)" classname="Philips.PMP.Test.Auto.EventNotificationValidatorTest" time="0.002" status="1" />
    <testcase name="ValidateBedEnablementTypeWithProducts (MonitoredBeds,Philips Guardian,True,False)" classname="Philips.PMP.Test.Auto.EventNotificationValidatorTest" time="0.002" status="1" />
    <testcase name="ValidateBedEnablementTypeWithProducts (MonitoredBeds,Philips Guardian,False,True)" classname="Philips.PMP.Test.Auto.EventNotificationValidatorTest" time="0.001" status="1" />
    <testcase name="ValidateBedEnablementTypeWithProducts (MonitoredBeds,Navicare Nurse Call (NNC),False,True)" classname="Philips.PMP.Test.Auto.EventNotificationValidatorTest" time="0.001" status="1" />
    <testcase name="ValidateBedEnablementTypeWithProducts (MonitoredBeds,Navicare Nurse Call (NNC),True,False)" classname="Philips.PMP.Test.Auto.EventNotificationValidatorTest" time="0.001" status="1" />
    <testcase name="ValidateForWarningNotAvailableTest" classname="Philips.PMP.Test.Auto.EventNotificationValidatorTest" time="0.002" status="1" />
    <testcase name="ValidateForWarningAvailableTest" classname="Philips.PMP.Test.Auto.EventNotificationValidatorTest" time="0.005" status="1" />
    <testcase name="WarningMessageForSharedAssignmentScenario" classname="Philips.PMP.Test.Auto.EventNotificationValidatorTest" time="0.005" status="1" />
    <system-out />
    <system-err />
  </testsuite>
  <testsuite name="Philips.PMP.Test.Auto.PhysioDataTimeOffsetProcessorTest" hostname="RESTORMEL" package="not available" id="43" tests="10" failures="0" errors="0" skipped="0" time="0.027" timestamp="2023-12-13T03:29:50">
    <properties />
    <testcase name="OffsetProcessorCanOffsetEmptyPhysioData" classname="Philips.PMP.Test.Auto.PhysioDataTimeOffsetProcessorTest" time="0.005" status="1" />
    <testcase name="OffsetProcessorCanOffsetAlert" classname="Philips.PMP.Test.Auto.PhysioDataTimeOffsetProcessorTest" time="0.002" status="1" />
    <testcase name="OffsetProcessorCanOffsetNumeric" classname="Philips.PMP.Test.Auto.PhysioDataTimeOffsetProcessorTest" time="0.002" status="1" />
    <testcase name="OffsetProcessorCanOffsetPhysioDataTimes" classname="Philips.PMP.Test.Auto.PhysioDataTimeOffsetProcessorTest" time="0.000" status="1" />
    <testcase name="OffsetProcessorCanOffsetRealTimeWave" classname="Philips.PMP.Test.Auto.PhysioDataTimeOffsetProcessorTest" time="0.005" status="1" />
    <testcase name="OffsetProcessorCanOffsetTimeMappings" classname="Philips.PMP.Test.Auto.PhysioDataTimeOffsetProcessorTest" time="0.001" status="1" />
    <testcase name="OffsetProcessorCanOffsetEnumeration" classname="Philips.PMP.Test.Auto.PhysioDataTimeOffsetProcessorTest" time="0.004" status="1" />
    <testcase name="OffsetProcessorCanOffsetTimeWave" classname="Philips.PMP.Test.Auto.PhysioDataTimeOffsetProcessorTest" time="0.002" status="1" />
    <testcase name="OffsetProcessorCanOffsetInfoEvent" classname="Philips.PMP.Test.Auto.PhysioDataTimeOffsetProcessorTest" time="0.003" status="1" />
    <testcase name="OffsetProcessorCanOffsetComplexMetric" classname="Philips.PMP.Test.Auto.PhysioDataTimeOffsetProcessorTest" time="0.003" status="1" />
    <system-out />
    <system-err />
  </testsuite>
  <testsuite name="Philips.CareEvent.Test.LocationRoleCareAssignmentControlTests" hostname="RESTORMEL" package="not available" id="44" tests="17" failures="0" errors="0" skipped="0" time="0.283" timestamp="2023-12-13T03:28:20">
    <properties />
    <testcase name="PreservePendingAssignmentsForSingleRoleWhenNonSingleAssignmentsChanged" classname="Philips.CareEvent.Test.LocationRoleCareAssignmentControlTests" time="0.068" status="1" />
    <testcase name="LoadPatientInfoFromPatientService" classname="Philips.CareEvent.Test.LocationRoleCareAssignmentControlTests" time="0.043" status="1" />
    <testcase name="UpdatePendingAssignmentsForSingleCaregiverRoleMergesCorrectly (Assign,True)" classname="Philips.CareEvent.Test.LocationRoleCareAssignmentControlTests" time="0.015" status="1" />
    <testcase name="UpdatePendingAssignmentsForSingleCaregiverRoleMergesCorrectly (Assign,False)" classname="Philips.CareEvent.Test.LocationRoleCareAssignmentControlTests" time="0.011" status="1" />
    <testcase name="UpdatePendingAssignmentsForSingleCaregiverRoleMergesCorrectly (Unassign,False)" classname="Philips.CareEvent.Test.LocationRoleCareAssignmentControlTests" time="0.012" status="1" />
    <testcase name="UpdatePendingAssignmentsShouldNotRemovePendingUnassignWhenNoCaregiverAvailableForNurseRole" classname="Philips.CareEvent.Test.LocationRoleCareAssignmentControlTests" time="0.010" status="1" />
    <testcase name="UpdatePendingAssignmentsForLocationCorrectly (Assign,True,True)" classname="Philips.CareEvent.Test.LocationRoleCareAssignmentControlTests" time="0.011" status="1" />
    <testcase name="UpdatePendingAssignmentsForLocationCorrectly (Assign,False,True)" classname="Philips.CareEvent.Test.LocationRoleCareAssignmentControlTests" time="0.011" status="1" />
    <testcase name="UpdatePendingAssignmentsForLocationCorrectly (Assign,True,False)" classname="Philips.CareEvent.Test.LocationRoleCareAssignmentControlTests" time="0.015" status="1" />
    <testcase name="GetPatientButtonShouldReturnPatientButtonIfLocationIsValid (a2d6be69-759f-4617-a58d-9d45bcbb69f7)" classname="Philips.CareEvent.Test.LocationRoleCareAssignmentControlTests" time="0.014" status="1" />
    <testcase name="GetPatientButtonShouldReturnPatientButtonIfLocationIsValid (95fc7399-b4b5-4f63-9173-0b574c91b07c)" classname="Philips.CareEvent.Test.LocationRoleCareAssignmentControlTests" time="0.010" status="1" />
    <testcase name="GetPatientButtonShouldReturnPatientButtonIfLocationIsValid (d3b60ea2-8ed4-49ac-9237-ff2a625abf63)" classname="Philips.CareEvent.Test.LocationRoleCareAssignmentControlTests" time="0.010" status="1" />
    <testcase name="GetBedInfoListToDisplayShouldGetBeds (1,Assigned)" classname="Philips.CareEvent.Test.LocationRoleCareAssignmentControlTests" time="0.011" status="1" />
    <testcase name="GetBedInfoListToDisplayShouldGetBeds (2,Unassigned)" classname="Philips.CareEvent.Test.LocationRoleCareAssignmentControlTests" time="0.010" status="1" />
    <testcase name="GetBedInfoListToDisplayShouldGetBeds (1,Monitored)" classname="Philips.CareEvent.Test.LocationRoleCareAssignmentControlTests" time="0.010" status="1" />
    <testcase name="GetBedInfoListToDisplayShouldGetBeds (3,All)" classname="Philips.CareEvent.Test.LocationRoleCareAssignmentControlTests" time="0.010" status="1" />
    <testcase name="UpdatePendingAssignmentsWhenHavePendingButHandlingUnassignment" classname="Philips.CareEvent.Test.LocationRoleCareAssignmentControlTests" time="0.012" status="1" />
    <system-out />
    <system-err />
  </testsuite>
  <testsuite name="Philips.PMP.Test.Auto.PatientMgrMapTest" hostname="RESTORMEL" package="not available" id="45" tests="13" failures="0" errors="0" skipped="0" time="0.043" timestamp="2023-12-13T03:34:55">
    <properties />
    <testcase name="PatientMgrMapTryFindByMonitorId" classname="Philips.PMP.Test.Auto.PatientMgrMapTest" time="0.032" status="1" />
    <testcase name="PatientMgrMapTryFindByPatientIds (True,True,False,False,False)" classname="Philips.PMP.Test.Auto.PatientMgrMapTest" time="0.003" status="1" />
    <testcase name="PatientMgrMapTryFindByPatientIds (False,True,False,False,False)" classname="Philips.PMP.Test.Auto.PatientMgrMapTest" time="0.000" status="1" />
    <testcase name="PatientMgrMapTryFindByPatientIds (False,True,True,False,True)" classname="Philips.PMP.Test.Auto.PatientMgrMapTest" time="0.000" status="1" />
    <testcase name="PatientMgrMapTryFindByPatientIds (True,False,False,False,False)" classname="Philips.PMP.Test.Auto.PatientMgrMapTest" time="0.000" status="1" />
    <testcase name="PatientMgrMapTryFindByPatientIds (True,False,False,True,True)" classname="Philips.PMP.Test.Auto.PatientMgrMapTest" time="0.000" status="1" />
    <testcase name="PatientMgrMapTryFindByPatientIds (False,False,False,False,False)" classname="Philips.PMP.Test.Auto.PatientMgrMapTest" time="0.000" status="1" />
    <testcase name="PatientMgrMapTryFindByPatientIds (False,False,True,False,False)" classname="Philips.PMP.Test.Auto.PatientMgrMapTest" time="0.001" status="1" />
    <testcase name="PatientMgrMapTryFindByPatientIds (False,False,False,True,False)" classname="Philips.PMP.Test.Auto.PatientMgrMapTest" time="0.000" status="1" />
    <testcase name="PatientMgrMapTryFindByPatientIds (False,False,True,True,True)" classname="Philips.PMP.Test.Auto.PatientMgrMapTest" time="0.000" status="1" />
    <testcase name="PatientMgrMapTryFindByPpisId" classname="Philips.PMP.Test.Auto.PatientMgrMapTest" time="0.001" status="1" />
    <testcase name="PatientMgrMapTryFindByBedName" classname="Philips.PMP.Test.Auto.PatientMgrMapTest" time="0.001" status="1" />
    <testcase name="PatientMgrMapGetBedTest" classname="Philips.PMP.Test.Auto.PatientMgrMapTest" time="0.002" status="1" />
    <system-out />
    <system-err />
  </testsuite>
  <testsuite name="Philips.PMP.Test.Auto.ApcDiscoveryMgrTest" hostname="RESTORMEL" package="not available" id="46" tests="5" failures="0" errors="0" skipped="0" time="0.020" timestamp="2023-12-13T03:29:58">
    <properties />
    <testcase name="ApcDiscoveryMgrGetApcStringFromAsciiEncodedBytesTest" classname="Philips.PMP.Test.Auto.ApcDiscoveryMgrTest" time="0.001" status="1" />
    <testcase name="ApcDiscoveryMgrConvertFwRevisionToStringTest" classname="Philips.PMP.Test.Auto.ApcDiscoveryMgrTest" time="0.006" status="1" />
    <testcase name="ApcDiscoveryMgrConvertApHwRevisionToStringTest" classname="Philips.PMP.Test.Auto.ApcDiscoveryMgrTest" time="0.002" status="1" />
    <testcase name="ApcDiscoveryMgrParseApInfoTest" classname="Philips.PMP.Test.Auto.ApcDiscoveryMgrTest" time="0.009" status="1" />
    <testcase name="ApcDiscoveryMgrConvertRaHwRevisionToStringTest" classname="Philips.PMP.Test.Auto.ApcDiscoveryMgrTest" time="0.002" status="1" />
    <system-out />
    <system-err />
  </testsuite>
  <testsuite name="Philips.PMP.Test.Auto.ProtocolWatchTest" hostname="RESTORMEL" package="not available" id="47" tests="28" failures="0" errors="0" skipped="0" time="0.570" timestamp="2023-12-13T03:36:11">
    <properties />
    <testcase name="ProtocolWatchPatientMgrUpdateLabTest" classname="Philips.PMP.Test.Auto.ProtocolWatchTest" time="0.006" status="1" />
    <testcase name="ProtocolWatchOnLabArrived" classname="Philips.PMP.Test.Auto.ProtocolWatchTest" time="0.003" status="1" />
    <testcase name="ProtocolWatchPatientMgrUpdateIpmRunningProtocolsTest" classname="Philips.PMP.Test.Auto.ProtocolWatchTest" time="0.008" status="1" />
    <testcase name="ProtocolWatchMgrUpdateIpmSupportedProtocolsTest" classname="Philips.PMP.Test.Auto.ProtocolWatchTest" time="0.003" status="1" />
    <testcase name="ProtocolWatchReloadProtocolsOnNewPatient" classname="Philips.PMP.Test.Auto.ProtocolWatchTest" time="0.007" status="1" />
    <testcase name="ProtocolWatchOnNotificationsUpdated" classname="Philips.PMP.Test.Auto.ProtocolWatchTest" time="0.008" status="1" />
    <testcase name="ProtocolWatchStartTest" classname="Philips.PMP.Test.Auto.ProtocolWatchTest" time="0.009" status="1" />
    <testcase name="ProtocolWatchInvokeControl (System.String[],False,System.String[],True,True,False)" classname="Philips.PMP.Test.Auto.ProtocolWatchTest" time="0.005" status="1" />
    <testcase name="ProtocolWatchInvokeControl (System.String[],False,System.String[],True,True,True)" classname="Philips.PMP.Test.Auto.ProtocolWatchTest" time="0.004" status="1" />
    <testcase name="ProtocolWatchInvokeControl (System.String[],False,System.String[],False,False,False)" classname="Philips.PMP.Test.Auto.ProtocolWatchTest" time="0.002" status="1" />
    <testcase name="ProtocolWatchInvokeControl (System.String[],False,System.String[],True,True,True)" classname="Philips.PMP.Test.Auto.ProtocolWatchTest" time="0.004" status="1" />
    <testcase name="ProtocolWatchInvokeControl (System.String[],True,System.String[],True,True,False)" classname="Philips.PMP.Test.Auto.ProtocolWatchTest" time="0.002" status="1" />
    <testcase name="ProtocolWatchSubscribeForClinicalNotifications" classname="Philips.PMP.Test.Auto.ProtocolWatchTest" time="0.004" status="1" />
    <testcase name="ProtocolWatchMgrOnProtocolConfigChangedTest" classname="Philips.PMP.Test.Auto.ProtocolWatchTest" time="0.003" status="1" />
    <testcase name="ProtocolWatchPatientAssignmentChanged" classname="Philips.PMP.Test.Auto.ProtocolWatchTest" time="0.210" status="1" />
    <testcase name="ProtocolWatchDeleteControl" classname="Philips.PMP.Test.Auto.ProtocolWatchTest" time="0.005" status="1" />
    <testcase name="ProtocolWatchMgrUpdateIpmRunningProtocolsTest (False,0)" classname="Philips.PMP.Test.Auto.ProtocolWatchTest" time="0.006" status="1" />
    <testcase name="ProtocolWatchMgrUpdateIpmRunningProtocolsTest (True,1)" classname="Philips.PMP.Test.Auto.ProtocolWatchTest" time="0.003" status="1" />
    <testcase name="ProtocolWatchCreateEngineTest" classname="Philips.PMP.Test.Auto.ProtocolWatchTest" time="0.002" status="1" />
    <testcase name="ProtocolWatchUnsubscribeForClinicalNotifications" classname="Philips.PMP.Test.Auto.ProtocolWatchTest" time="0.003" status="1" />
    <testcase name="ProtocolWatchPatientMgrOnProtocolConfigChangedTest" classname="Philips.PMP.Test.Auto.ProtocolWatchTest" time="0.012" status="1" />
    <testcase name="ProtocolWatchPatientMgrUpdateIpmSupportedProtocolsTest" classname="Philips.PMP.Test.Auto.ProtocolWatchTest" time="0.003" status="1" />
    <testcase name="ProtocolWatchPatientMgrProcessTelemetryProfileProtocolChangedTest" classname="Philips.PMP.Test.Auto.ProtocolWatchTest" time="0.240" status="1" />
    <testcase name="ProtocolWatchPatientMgrUpdatePatientProfileProtocolChangedTest" classname="Philips.PMP.Test.Auto.ProtocolWatchTest" time="0.005" status="1" />
    <testcase name="ProtocolWatchUpdatePatientTest" classname="Philips.PMP.Test.Auto.ProtocolWatchTest" time="0.004" status="1" />
    <testcase name="ProtocolWatchPatientMgrChangeBedTest" classname="Philips.PMP.Test.Auto.ProtocolWatchTest" time="0.004" status="1" />
    <testcase name="ProtocolWatchOnLabArrivedButCannotFindPatient" classname="Philips.PMP.Test.Auto.ProtocolWatchTest" time="0.003" status="1" />
    <testcase name="ProtocolWatchMgrOnTelemetryProfileProtocolChangedTest" classname="Philips.PMP.Test.Auto.ProtocolWatchTest" time="0.003" status="1" />
    <system-out />
    <system-err />
  </testsuite>
  <testsuite name="Philips.PMP.Test.Auto.Hl7MonitorDeviceCacheTest" hostname="RESTORMEL" package="not available" id="48" tests="13" failures="0" errors="0" skipped="0" time="0.065" timestamp="2023-12-13T03:29:54">
    <properties />
    <testcase name="Hl7MonitorDeviceCacheIsSourceIntelliBridgeTest (False,False,False)" classname="Philips.PMP.Test.Auto.Hl7MonitorDeviceCacheTest" time="0.001" status="1" />
    <testcase name="Hl7MonitorDeviceCacheIsSourceIntelliBridgeTest (True,False,False)" classname="Philips.PMP.Test.Auto.Hl7MonitorDeviceCacheTest" time="0.001" status="1" />
    <testcase name="Hl7MonitorDeviceCacheIsSourceIntelliBridgeTest (True,True,True)" classname="Philips.PMP.Test.Auto.Hl7MonitorDeviceCacheTest" time="0.001" status="1" />
    <testcase name="Hl7MonitorDeviceCacheTryGetMonitoringHostTest (True,False,False)" classname="Philips.PMP.Test.Auto.Hl7MonitorDeviceCacheTest" time="0.027" status="1" />
    <testcase name="Hl7MonitorDeviceCacheTryGetMonitoringHostTest (False,False,False)" classname="Philips.PMP.Test.Auto.Hl7MonitorDeviceCacheTest" time="0.008" status="1" />
    <testcase name="Hl7MonitorDeviceCacheTryGetMonitoringHostTest (False,True,True)" classname="Philips.PMP.Test.Auto.Hl7MonitorDeviceCacheTest" time="0.001" status="1" />
    <testcase name="Hl7MonitorDeviceCacheTryGetSourceDeviceAndMdsTest (False,False,False)" classname="Philips.PMP.Test.Auto.Hl7MonitorDeviceCacheTest" time="0.010" status="1" />
    <testcase name="Hl7MonitorDeviceCacheTryGetSourceDeviceAndMdsTest (True,False,True)" classname="Philips.PMP.Test.Auto.Hl7MonitorDeviceCacheTest" time="0.001" status="1" />
    <testcase name="Hl7MonitorDeviceCacheTryGetSourceDeviceAndMdsTest (False,True,True)" classname="Philips.PMP.Test.Auto.Hl7MonitorDeviceCacheTest" time="0.001" status="1" />
    <testcase name="Hl7MonitorDeviceCacheTryGetMonitorDeviceTest (True,False,False,False)" classname="Philips.PMP.Test.Auto.Hl7MonitorDeviceCacheTest" time="0.009" status="1" />
    <testcase name="Hl7MonitorDeviceCacheTryGetMonitorDeviceTest (False,False,False,False)" classname="Philips.PMP.Test.Auto.Hl7MonitorDeviceCacheTest" time="0.001" status="1" />
    <testcase name="Hl7MonitorDeviceCacheTryGetMonitorDeviceTest (False,False,True,True)" classname="Philips.PMP.Test.Auto.Hl7MonitorDeviceCacheTest" time="0.002" status="1" />
    <testcase name="Hl7MonitorDeviceCacheTryGetMonitorDeviceTest (False,True,True,True)" classname="Philips.PMP.Test.Auto.Hl7MonitorDeviceCacheTest" time="0.001" status="1" />
    <system-out />
    <system-err />
  </testsuite>
  <testsuite name="Philips.PMP.Test.Auto.Hl7TcpServerConnectionTest" hostname="RESTORMEL" package="not available" id="49" tests="6" failures="0" errors="0" skipped="0" time="0.563" timestamp="2023-12-13T03:29:55">
    <properties />
    <testcase name="Hl7TcpServerConnectionExceptionWhenStartingIsCorrectlyHandled" classname="Philips.PMP.Test.Auto.Hl7TcpServerConnectionTest" time="0.009" status="1" />
    <testcase name="Hl7TcpServerConnectionNewConnectionInvalid" classname="Philips.PMP.Test.Auto.Hl7TcpServerConnectionTest" time="0.005" status="1" />
    <testcase name="Hl7TcpServerConnectionNewConnectionValid" classname="Philips.PMP.Test.Auto.Hl7TcpServerConnectionTest" time="0.042" status="1" />
    <testcase name="Hl7TcpServerConnectionStopTcpListener" classname="Philips.PMP.Test.Auto.Hl7TcpServerConnectionTest" time="0.004" status="1" />
    <testcase name="Hl7TcpServerConnectionNewConnectionSecure" classname="Philips.PMP.Test.Auto.Hl7TcpServerConnectionTest" time="0.013" status="1" />
    <testcase name="Hl7TcpServerConnectionStartTcpListener" classname="Philips.PMP.Test.Auto.Hl7TcpServerConnectionTest" time="0.490" status="1" />
    <system-out />
    <system-err />
  </testsuite>
  <testsuite name="Philips.PMP.Test.Auto.EventLogConverterTest" hostname="RESTORMEL" package="not available" id="50" tests="5" failures="0" errors="0" skipped="0" time="0.009" timestamp="2023-12-13T03:37:58">
    <properties />
    <testcase name="ShutdownReasonConversionHandlesOverflow" classname="Philips.PMP.Test.Auto.EventLogConverterTest" time="0.001" status="1" />
    <testcase name="GetEventIdFromInstanceId" classname="Philips.PMP.Test.Auto.EventLogConverterTest" time="0.001" status="1" />
    <testcase name="LogSequenceConversionHandlesEmptyList" classname="Philips.PMP.Test.Auto.EventLogConverterTest" time="0.002" status="1" />
    <testcase name="ProcessActionConversionHandlesBadInstanceId" classname="Philips.PMP.Test.Auto.EventLogConverterTest" time="0.001" status="1" />
    <testcase name="AppRestartReasonConversionHandlesOverflow" classname="Philips.PMP.Test.Auto.EventLogConverterTest" time="0.003" status="1" />
    <system-out />
    <system-err />
  </testsuite>
  <testsuite name="Philips.CareEvent.Test.EventInitializerTests" hostname="RESTORMEL" package="not available" id="51" tests="18" failures="0" errors="0" skipped="0" time="0.619" timestamp="2023-12-13T03:28:15">
    <properties />
    <testcase name="ReturnProductNotEnabledWhenProductIsNullAndProductIsNotPPM" classname="Philips.CareEvent.Test.EventInitializerTests" time="0.005" status="1" />
    <testcase name="ReturnCategoryNotEnabledWhenSeverityIsSoft" classname="Philips.CareEvent.Test.EventInitializerTests" time="0.021" status="1" />
    <testcase name="ReturnCategoryNotEnabledWhenFilterOff (True,Navicare Nurse Call (NNC))" classname="Philips.CareEvent.Test.EventInitializerTests" time="0.025" status="1" />
    <testcase name="ReturnCategoryNotEnabledWhenFilterOff (False,Navicare Nurse Call (NNC))" classname="Philips.CareEvent.Test.EventInitializerTests" time="0.005" status="1" />
    <testcase name="ReturnCategoryNotEnabledWhenFilterOff (False,Philips Patient Monitoring)" classname="Philips.CareEvent.Test.EventInitializerTests" time="0.005" status="1" />
    <testcase name="CallProcessPicInfoAlertErrorPathWhenInstitutionIsNull" classname="Philips.CareEvent.Test.EventInitializerTests" time="0.004" status="1" />
    <testcase name="ReturnUnknownLocationWhenZoneIsNull" classname="Philips.CareEvent.Test.EventInitializerTests" time="0.007" status="1" />
    <testcase name="ReturnProductNotEnabledWhenProductIsNull" classname="Philips.CareEvent.Test.EventInitializerTests" time="0.006" status="1" />
    <testcase name="IsEventSourceInTopologyShouldReturnTrueIfSourceIsPartOfTopology (True,Philips Patient Monitoring)" classname="Philips.CareEvent.Test.EventInitializerTests" time="0.017" status="1" />
    <testcase name="IsEventSourceInTopologyShouldReturnTrueIfSourceIsPartOfTopology (False,Philips Patient Monitoring)" classname="Philips.CareEvent.Test.EventInitializerTests" time="0.013" status="1" />
    <testcase name="IsEventSourceInTopologyShouldReturnTrueIfSourceIsPartOfTopology (False,)" classname="Philips.CareEvent.Test.EventInitializerTests" time="0.006" status="1" />
    <testcase name="CallProcessPicInfoAlertWhenBedNotFound" classname="Philips.CareEvent.Test.EventInitializerTests" time="0.013" status="1" />
    <testcase name="SendEventToEventMonitorAsNotSendWhenProcessingAtEscalationLevel" classname="Philips.CareEvent.Test.EventInitializerTests" time="0.073" status="1" />
    <testcase name="ReturnSuccess" classname="Philips.CareEvent.Test.EventInitializerTests" time="0.376" status="1" />
    <testcase name="PatientDisplayNameFollowsIncludePatientNameSettingForNursecall (True,TestPatient)" classname="Philips.CareEvent.Test.EventInitializerTests" time="0.025" status="1" />
    <testcase name="PatientDisplayNameFollowsIncludePatientNameSettingForNursecall (False,)" classname="Philips.CareEvent.Test.EventInitializerTests" time="0.005" status="1" />
    <testcase name="ReturnReportsOnlyWhenShouldReportOnly" classname="Philips.CareEvent.Test.EventInitializerTests" time="0.009" status="1" />
    <testcase name="ReturnProductNotEnabledWhenProductIsNotValid" classname="Philips.CareEvent.Test.EventInitializerTests" time="0.005" status="1" />
    <system-out />
    <system-err />
  </testsuite>
  <testsuite name="Philips.PMP.Test.Auto.WatchdogCommandsTest" hostname="RESTORMEL" package="not available" id="52" tests="9" failures="0" errors="0" skipped="0" time="0.033" timestamp="2023-12-13T03:38:23">
    <properties />
    <testcase name="WatchdogRebootCommandFunctionality" classname="Philips.PMP.Test.Auto.WatchdogCommandsTest" time="0.002" status="1" />
    <testcase name="WatchdogRestartCommandFunctionality" classname="Philips.PMP.Test.Auto.WatchdogCommandsTest" time="0.004" status="1" />
    <testcase name="WatchdogAlertCommandFunctionality" classname="Philips.PMP.Test.Auto.WatchdogCommandsTest" time="0.004" status="1" />
    <testcase name="WatchdogMemoryDumpSingleCommandFunctionality" classname="Philips.PMP.Test.Auto.WatchdogCommandsTest" time="0.008" status="1" />
    <testcase name="WatchdogComponentUnregisterCommandFunctionality" classname="Philips.PMP.Test.Auto.WatchdogCommandsTest" time="0.002" status="1" />
    <testcase name="WatchdogStartCommandFunctionality" classname="Philips.PMP.Test.Auto.WatchdogCommandsTest" time="0.004" status="1" />
    <testcase name="WatchdogStopCommandFunctionality" classname="Philips.PMP.Test.Auto.WatchdogCommandsTest" time="0.004" status="1" />
    <testcase name="WatchdogMemoryDumpAllCommandFunctionality" classname="Philips.PMP.Test.Auto.WatchdogCommandsTest" time="0.002" status="1" />
    <testcase name="WatchdogComponentReportCommandFunctionality" classname="Philips.PMP.Test.Auto.WatchdogCommandsTest" time="0.004" status="1" />
    <system-out />
    <system-err />
  </testsuite>
  <testsuite name="Philips.PMP.Test.Auto.PatientDataExportStorageTestNoDb" hostname="RESTORMEL" package="not available" id="53" tests="4" failures="0" errors="0" skipped="0" time="0.047" timestamp="2023-12-13T03:32:57">
    <properties />
    <testcase name="PdxDataRowComparisonTest" classname="Philips.PMP.Test.Auto.PatientDataExportStorageTestNoDb" time="0.002" status="1" />
    <testcase name="PdxFloatConversionTest" classname="Philips.PMP.Test.Auto.PatientDataExportStorageTestNoDb" time="0.003" status="1" />
    <testcase name="PdxUshortArrayConversionTest" classname="Philips.PMP.Test.Auto.PatientDataExportStorageTestNoDb" time="0.002" status="1" />
    <testcase name="PdxNumericToDataTablePerformanceTest" classname="Philips.PMP.Test.Auto.PatientDataExportStorageTestNoDb" time="0.040" status="1" />
    <system-out />
    <system-err />
  </testsuite>
  <testsuite name="Philips.PMP.Test.Auto.SegmentedListTest" hostname="RESTORMEL" package="not available" id="54" tests="7" failures="0" errors="0" skipped="0" time="0.025" timestamp="2023-12-13T03:29:50">
    <properties />
    <testcase name="CountConstructorSetsValuesCorrectlyTest" classname="Philips.PMP.Test.Auto.SegmentedListTest" time="0.004" status="1" />
    <testcase name="ArrayConstructorSetsValuesCorrectlyTest" classname="Philips.PMP.Test.Auto.SegmentedListTest" time="0.001" status="1" />
    <testcase name="CopyAddressesEveryValueTest" classname="Philips.PMP.Test.Auto.SegmentedListTest" time="0.012" status="1" />
    <testcase name="EnumeratorsWorkTest" classname="Philips.PMP.Test.Auto.SegmentedListTest" time="0.003" status="1" />
    <testcase name="CountIsCorrectOnSegmentedListTest" classname="Philips.PMP.Test.Auto.SegmentedListTest" time="0.002" status="1" />
    <testcase name="CopyToDoesntOutOfRangeTest" classname="Philips.PMP.Test.Auto.SegmentedListTest" time="0.002" status="1" />
    <testcase name="CopyToDoesntLoopInfinitelyTest" classname="Philips.PMP.Test.Auto.SegmentedListTest" time="0.002" status="1" />
    <system-out />
    <system-err />
  </testsuite>
  <testsuite name="Philips.PMP.Test.Auto.CatalogHelperTest" hostname="RESTORMEL" package="not available" id="55" tests="5" failures="0" errors="0" skipped="0" time="0.011" timestamp="2023-12-13T03:29:41">
    <properties />
    <testcase name="FindParentEventCategory" classname="Philips.PMP.Test.Auto.CatalogHelperTest" time="0.004" status="1" />
    <testcase name="FindParentFromChild" classname="Philips.PMP.Test.Auto.CatalogHelperTest" time="0.002" status="1" />
    <testcase name="FindUnsavedCategory" classname="Philips.PMP.Test.Auto.CatalogHelperTest" time="0.002" status="1" />
    <testcase name="FindCategory" classname="Philips.PMP.Test.Auto.CatalogHelperTest" time="0.002" status="1" />
    <testcase name="RemoveControlCharactersTest" classname="Philips.PMP.Test.Auto.CatalogHelperTest" time="0.001" status="1" />
    <system-out />
    <system-err />
  </testsuite>
  <testsuite name="Philips.CareEvent.Test.AuthenticationRequestProcessorTests" hostname="RESTORMEL" package="not available" id="56" tests="14" failures="0" errors="0" skipped="0" time="1.034" timestamp="2023-12-13T03:28:13">
    <properties />
    <testcase name="AuthenticationRequestProcessorIntegration" classname="Philips.CareEvent.Test.AuthenticationRequestProcessorTests" time="0.772" status="1" />
    <testcase name="IsUserAllowedForTextMessagingReturnFalseIfUserDoNotHaveRole" classname="Philips.CareEvent.Test.AuthenticationRequestProcessorTests" time="0.020" status="1" />
    <testcase name="ProcessShouldNotStoreUserWhenAuthFails (True)" classname="Philips.CareEvent.Test.AuthenticationRequestProcessorTests" time="0.021" status="1" />
    <testcase name="ProcessShouldNotStoreUserWhenAuthFails (False)" classname="Philips.CareEvent.Test.AuthenticationRequestProcessorTests" time="0.016" status="1" />
    <testcase name="ProcessShouldExcludeFeaturesCorrectly (True,True,True,True,None)" classname="Philips.CareEvent.Test.AuthenticationRequestProcessorTests" time="0.018" status="1" />
    <testcase name="ProcessShouldExcludeFeaturesCorrectly (False,True,True,True,NotificationMode)" classname="Philips.CareEvent.Test.AuthenticationRequestProcessorTests" time="0.013" status="1" />
    <testcase name="ProcessShouldExcludeFeaturesCorrectly (True,False,True,True,Labs)" classname="Philips.CareEvent.Test.AuthenticationRequestProcessorTests" time="0.024" status="1" />
    <testcase name="ProcessShouldExcludeFeaturesCorrectly (True,True,False,True,Labs)" classname="Philips.CareEvent.Test.AuthenticationRequestProcessorTests" time="0.031" status="1" />
    <testcase name="ProcessShouldExcludeFeaturesCorrectly (False,False,False,True,NotificationMode, Labs)" classname="Philips.CareEvent.Test.AuthenticationRequestProcessorTests" time="0.044" status="1" />
    <testcase name="ProcessShouldExcludeFeaturesCorrectly (False,False,False,False,NotificationMode, Labs, TextMessaging)" classname="Philips.CareEvent.Test.AuthenticationRequestProcessorTests" time="0.009" status="1" />
    <testcase name="ProcessShouldExcludeFeaturesCorrectly (True,True,True,False,TextMessaging)" classname="Philips.CareEvent.Test.AuthenticationRequestProcessorTests" time="0.023" status="1" />
    <testcase name="ProcessHappyPathAndLogScenarios (1)" classname="Philips.CareEvent.Test.AuthenticationRequestProcessorTests" time="0.017" status="1" />
    <testcase name="ProcessHappyPathAndLogScenarios (2)" classname="Philips.CareEvent.Test.AuthenticationRequestProcessorTests" time="0.009" status="1" />
    <testcase name="ProcessHappyPathAndLogScenarios (3)" classname="Philips.CareEvent.Test.AuthenticationRequestProcessorTests" time="0.019" status="1" />
    <system-out />
    <system-err />
  </testsuite>
  <testsuite name="Philips.PMP.Test.Auto.DatabaseTypeConverterTest" hostname="RESTORMEL" package="not available" id="57" tests="7" failures="0" errors="0" skipped="0" time="0.012" timestamp="2023-12-13T03:31:10">
    <properties />
    <testcase name="DatabaseTypeConverterEnumVerifyTest" classname="Philips.PMP.Test.Auto.DatabaseTypeConverterTest" time="0.001" status="1" />
    <testcase name="DatabaseNameConverterToPostgresNameTest" classname="Philips.PMP.Test.Auto.DatabaseTypeConverterTest" time="0.002" status="1" />
    <testcase name="DatabaseTypeConverterToPostgresTypeTest" classname="Philips.PMP.Test.Auto.DatabaseTypeConverterTest" time="0.006" status="1" />
    <testcase name="ConverterToPostgresDataTableTest" classname="Philips.PMP.Test.Auto.DatabaseTypeConverterTest" time="0.002" status="1" />
    <testcase name="DatabaseTypeConverterToSqlTypeTest (BigInt)" classname="Philips.PMP.Test.Auto.DatabaseTypeConverterTest" time="0.001" status="1" />
    <testcase name="DatabaseTypeConverterToSqlTypeTest (Int)" classname="Philips.PMP.Test.Auto.DatabaseTypeConverterTest" time="0.001" status="1" />
    <testcase name="DatabaseTypeConverterToSqlTypeTest (Structured)" classname="Philips.PMP.Test.Auto.DatabaseTypeConverterTest" time="0.001" status="1" />
    <system-out />
    <system-err />
  </testsuite>
  <testsuite name="Philips.PMP.Test.Auto.MobilePatientMgrTest" hostname="RESTORMEL" package="not available" id="58" tests="34" failures="0" errors="0" skipped="0" time="0.333" timestamp="2023-12-13T03:29:48">
    <properties />
    <testcase name="GetMobileBarcodeScanSettingsTest (LifetimeId,LifetimeId)" classname="Philips.PMP.Test.Auto.MobilePatientMgrTest" time="0.007" status="1" />
    <testcase name="GetMobileBarcodeScanSettingsTest (EncounterId,EncounterId)" classname="Philips.PMP.Test.Auto.MobilePatientMgrTest" time="0.005" status="1" />
    <testcase name="GetMobileBarcodeScanSettingsTest (None,None)" classname="Philips.PMP.Test.Auto.MobilePatientMgrTest" time="0.013" status="1" />
    <testcase name="PatientLookupByMultipleFieldQuery (True)" classname="Philips.PMP.Test.Auto.MobilePatientMgrTest" time="0.021" status="1" />
    <testcase name="PatientLookupByMultipleFieldQuery (False)" classname="Philips.PMP.Test.Auto.MobilePatientMgrTest" time="0.013" status="1" />
    <testcase name="GetMobileEncounterIdTypesTest (Unknown,Unknown)" classname="Philips.PMP.Test.Auto.MobilePatientMgrTest" time="0.002" status="1" />
    <testcase name="GetMobileEncounterIdTypesTest (VisitNumber,VisitNumber)" classname="Philips.PMP.Test.Auto.MobilePatientMgrTest" time="0.011" status="1" />
    <testcase name="GetMobileEncounterIdTypesTest (AccountNumber,AccountNumber)" classname="Philips.PMP.Test.Auto.MobilePatientMgrTest" time="0.003" status="1" />
    <testcase name="InvalidDataTestForPatientLookupRequest (True,False)" classname="Philips.PMP.Test.Auto.MobilePatientMgrTest" time="0.014" status="1" />
    <testcase name="InvalidDataTestForPatientLookupRequest (False,True)" classname="Philips.PMP.Test.Auto.MobilePatientMgrTest" time="0.003" status="1" />
    <testcase name="InvalidDataTestForPatientLookupRequest (False,False)" classname="Philips.PMP.Test.Auto.MobilePatientMgrTest" time="0.004" status="1" />
    <testcase name="GetMobileAdtSettingsResponse" classname="Philips.PMP.Test.Auto.MobilePatientMgrTest" time="0.032" status="1" />
    <testcase name="ParseInvalidPatientReturnResultCodeError" classname="Philips.PMP.Test.Auto.MobilePatientMgrTest" time="0.007" status="1" />
    <testcase name="PatientLookupByInternalId (True)" classname="Philips.PMP.Test.Auto.MobilePatientMgrTest" time="0.008" status="1" />
    <testcase name="PatientLookupByInternalId (False)" classname="Philips.PMP.Test.Auto.MobilePatientMgrTest" time="0.017" status="1" />
    <testcase name="PatientLookupByPpisId (True)" classname="Philips.PMP.Test.Auto.MobilePatientMgrTest" time="0.034" status="1" />
    <testcase name="PatientLookupByPpisId (False)" classname="Philips.PMP.Test.Auto.MobilePatientMgrTest" time="0.019" status="1" />
    <testcase name="PatientLookupByBarcode (LifetimeId,1)" classname="Philips.PMP.Test.Auto.MobilePatientMgrTest" time="0.015" status="1" />
    <testcase name="PatientLookupByBarcode (EncounterId,1)" classname="Philips.PMP.Test.Auto.MobilePatientMgrTest" time="0.016" status="1" />
    <testcase name="PatientLookupByBarcode (None,0)" classname="Philips.PMP.Test.Auto.MobilePatientMgrTest" time="0.010" status="1" />
    <testcase name="PatientLookupByBarcode (Unknown,0)" classname="Philips.PMP.Test.Auto.MobilePatientMgrTest" time="0.009" status="1" />
    <testcase name="ShouldEnableMainUiTest (True,False,True,False,False,False)" classname="Philips.PMP.Test.Auto.MobilePatientMgrTest" time="0.004" status="1" />
    <testcase name="ShouldEnableMainUiTest (False,True,True,False,False,False)" classname="Philips.PMP.Test.Auto.MobilePatientMgrTest" time="0.002" status="1" />
    <testcase name="ShouldEnableMainUiTest (False,False,False,False,False,False)" classname="Philips.PMP.Test.Auto.MobilePatientMgrTest" time="0.001" status="1" />
    <testcase name="ShouldEnableMainUiTest (False,False,True,True,False,False)" classname="Philips.PMP.Test.Auto.MobilePatientMgrTest" time="0.001" status="1" />
    <testcase name="ShouldEnableMainUiTest (False,False,True,False,True,False)" classname="Philips.PMP.Test.Auto.MobilePatientMgrTest" time="0.002" status="1" />
    <testcase name="ShouldEnableMainUiTest (False,False,True,False,False,True)" classname="Philips.PMP.Test.Auto.MobilePatientMgrTest" time="0.015" status="1" />
    <testcase name="GetMobileLifetimeIdTypesTest (Unknown,Unknown)" classname="Philips.PMP.Test.Auto.MobilePatientMgrTest" time="0.017" status="1" />
    <testcase name="GetMobileLifetimeIdTypesTest (MRN,MRN)" classname="Philips.PMP.Test.Auto.MobilePatientMgrTest" time="0.007" status="1" />
    <testcase name="GetMobileLifetimeIdTypesTest (SSN,SSN)" classname="Philips.PMP.Test.Auto.MobilePatientMgrTest" time="0.004" status="1" />
    <testcase name="GetMobileLifetimeIdTypesTest (MilitaryId,MilitaryId)" classname="Philips.PMP.Test.Auto.MobilePatientMgrTest" time="0.001" status="1" />
    <testcase name="GetMobileLifetimeIdTypesTest (MedicaidId,MedicaidId)" classname="Philips.PMP.Test.Auto.MobilePatientMgrTest" time="0.001" status="1" />
    <testcase name="GetMobileLifetimeIdTypesTest (DriversLicense,DriversLicense)" classname="Philips.PMP.Test.Auto.MobilePatientMgrTest" time="0.001" status="1" />
    <testcase name="ParseInvalidBedIdReturnResultCodeError" classname="Philips.PMP.Test.Auto.MobilePatientMgrTest" time="0.017" status="1" />
    <system-out />
    <system-err />
  </testsuite>
  <testsuite name="Philips.PMP.Test.Auto.EventCategorySettingsMgrTest" hostname="RESTORMEL" package="not available" id="59" tests="8" failures="0" errors="0" skipped="0" time="0.127" timestamp="2023-12-13T03:29:42">
    <properties />
    <testcase name="BlastChangesFromAllEvents" classname="Philips.PMP.Test.Auto.EventCategorySettingsMgrTest" time="0.015" status="1" />
    <testcase name="CustomizeParentSetting" classname="Philips.PMP.Test.Auto.EventCategorySettingsMgrTest" time="0.020" status="1" />
    <testcase name="CustomizeLeafSetting" classname="Philips.PMP.Test.Auto.EventCategorySettingsMgrTest" time="0.020" status="1" />
    <testcase name="ImpactOfParentSettingChange" classname="Philips.PMP.Test.Auto.EventCategorySettingsMgrTest" time="0.008" status="1" />
    <testcase name="TopLevelSideEffects" classname="Philips.PMP.Test.Auto.EventCategorySettingsMgrTest" time="0.012" status="1" />
    <testcase name="GetLabelTest" classname="Philips.PMP.Test.Auto.EventCategorySettingsMgrTest" time="0.010" status="1" />
    <testcase name="RingtoneTest" classname="Philips.PMP.Test.Auto.EventCategorySettingsMgrTest" time="0.018" status="1" />
    <testcase name="CheckDefaultState" classname="Philips.PMP.Test.Auto.EventCategorySettingsMgrTest" time="0.023" status="1" />
    <system-out />
    <system-err />
  </testsuite>
  <testsuite name="Philips.CareEvent.Test.EventWorkflowProviderTests" hostname="RESTORMEL" package="not available" id="60" tests="14" failures="0" errors="0" skipped="0" time="2.104" timestamp="2023-12-13T03:28:24">
    <properties />
    <testcase name="GetChatMessageGroupIdTest" classname="Philips.CareEvent.Test.EventWorkflowProviderTests" time="0.076" status="1" />
    <testcase name="ConfigurationTest" classname="Philips.CareEvent.Test.EventWorkflowProviderTests" time="0.003" status="1" />
    <testcase name="SyncEventsWithAcceptanceRequiredTest" classname="Philips.CareEvent.Test.EventWorkflowProviderTests" time="0.315" status="1" />
    <testcase name="GetChatMessageTest" classname="Philips.CareEvent.Test.EventWorkflowProviderTests" time="0.030" status="1" />
    <testcase name="DeletedEventShouldNotBeIncludedTest" classname="Philips.CareEvent.Test.EventWorkflowProviderTests" time="0.295" status="1" />
    <testcase name="GetChatMessagesWithUpdatesTest" classname="Philips.CareEvent.Test.EventWorkflowProviderTests" time="0.120" status="1" />
    <testcase name="GetChatGroupMembersTest" classname="Philips.CareEvent.Test.EventWorkflowProviderTests" time="0.066" status="1" />
    <testcase name="GetChatMessagesWithoutUpdatesTest" classname="Philips.CareEvent.Test.EventWorkflowProviderTests" time="0.011" status="1" />
    <testcase name="ReportManagementTest" classname="Philips.CareEvent.Test.EventWorkflowProviderTests" time="0.026" status="1" />
    <testcase name="SyncEventsTest1" classname="Philips.CareEvent.Test.EventWorkflowProviderTests" time="0.183" status="1" />
    <testcase name="GetChatMessagesForReceiver" classname="Philips.CareEvent.Test.EventWorkflowProviderTests" time="0.013" status="1" />
    <testcase name="StoreEventAndRetrieval" classname="Philips.CareEvent.Test.EventWorkflowProviderTests" time="0.247" status="1" />
    <testcase name="GetEventsUsingAlertId" classname="Philips.CareEvent.Test.EventWorkflowProviderTests" time="0.335" status="1" />
    <testcase name="SyncEventsTest" classname="Philips.CareEvent.Test.EventWorkflowProviderTests" time="0.383" status="1" />
    <system-out />
    <system-err />
  </testsuite>
  <testsuite name="Philips.PMP.Test.Auto.AlertFilterServiceTest" hostname="RESTORMEL" package="not available" id="61" tests="26" failures="0" errors="0" skipped="0" time="0.102" timestamp="2023-12-13T03:36:16">
    <properties />
    <testcase name="ReportOnlyFlagsForHardInopsShouldBeSetCorrectly" classname="Philips.PMP.Test.Auto.AlertFilterServiceTest" time="0.005" status="1" />
    <testcase name="AlertFilterCentralAudibleTest (CentralAudible,0,1,1,1)" classname="Philips.PMP.Test.Auto.AlertFilterServiceTest" time="0.040" status="1" />
    <testcase name="AlertFilterCentralAudibleTest (0,CentralAudible,0,1,0)" classname="Philips.PMP.Test.Auto.AlertFilterServiceTest" time="0.005" status="1" />
    <testcase name="AlertFilterStoreEventCategoryFilterSettingTest" classname="Philips.PMP.Test.Auto.AlertFilterServiceTest" time="0.005" status="1" />
    <testcase name="NewEndedPatientAlarms (True,False)" classname="Philips.PMP.Test.Auto.AlertFilterServiceTest" time="0.005" status="1" />
    <testcase name="NewEndedPatientAlarms (False,True)" classname="Philips.PMP.Test.Auto.AlertFilterServiceTest" time="0.002" status="1" />
    <testcase name="InopAlertsShouldBeNotifiedAsReportOnly" classname="Philips.PMP.Test.Auto.AlertFilterServiceTest" time="0.005" status="1" />
    <testcase name="AlertFilterOnNotificationSettingsChanged (9F8CF24C-B2A4-4E5C-B37C-2C2E1E42A5D0)" classname="Philips.PMP.Test.Auto.AlertFilterServiceTest" time="0.002" status="1" />
    <testcase name="AlertFilterOnNotificationSettingsChanged (00000000-0000-0000-0000-000000000000)" classname="Philips.PMP.Test.Auto.AlertFilterServiceTest" time="0.001" status="1" />
    <testcase name="AlertFilterGetEventCategoryFilterSettingTest" classname="Philips.PMP.Test.Auto.AlertFilterServiceTest" time="0.002" status="1" />
    <testcase name="UpatePatientFilterSettingShouldUpdatePatientFilterCache (True,True)" classname="Philips.PMP.Test.Auto.AlertFilterServiceTest" time="0.001" status="1" />
    <testcase name="UpatePatientFilterSettingShouldUpdatePatientFilterCache (False,False)" classname="Philips.PMP.Test.Auto.AlertFilterServiceTest" time="0.001" status="1" />
    <testcase name="UpatePatientFilterSettingShouldUpdatePatientFilterCache (False,True)" classname="Philips.PMP.Test.Auto.AlertFilterServiceTest" time="0.001" status="1" />
    <testcase name="AlertFilterGetEventCategoryFilterDefaultSettingTest" classname="Philips.PMP.Test.Auto.AlertFilterServiceTest" time="0.002" status="1" />
    <testcase name="AlertFilterGetReminderStateTest (False,False,0,0,NoAlert,NoAlert,NoAlert,NoAlert)" classname="Philips.PMP.Test.Auto.AlertFilterServiceTest" time="0.002" status="1" />
    <testcase name="AlertFilterGetReminderStateTest (True,True,0,0,RedAlarm,RedAlarm,NoAlert,NoAlert)" classname="Philips.PMP.Test.Auto.AlertFilterServiceTest" time="0.001" status="1" />
    <testcase name="AlertFilterGetReminderStateTest (True,False,AlReminder,0,RedAlarm,NoAlert,RedAlarm,NoAlert)" classname="Philips.PMP.Test.Auto.AlertFilterServiceTest" time="0.001" status="1" />
    <testcase name="AlertFilterGetReminderStateTest (True,False,AlRealarm,0,RedAlarm,NoAlert,NoAlert,RedAlarm)" classname="Philips.PMP.Test.Auto.AlertFilterServiceTest" time="0.001" status="1" />
    <testcase name="AlertFilterGetReminderStateTest (False,True,0,AlRealarm,NoAlert,RedAlarm,NoAlert,RedAlarm)" classname="Philips.PMP.Test.Auto.AlertFilterServiceTest" time="0.001" status="1" />
    <testcase name="AlertFilterGetReminderStateTest (False,True,0,AlRealarm,NoAlert,RedAlarm,NoAlert,RedAlarm)" classname="Philips.PMP.Test.Auto.AlertFilterServiceTest" time="0.001" status="1" />
    <testcase name="AlertFilterGetReminderStateTest (True,True,AlReminder,AlReminder,HardInop,YellowAlarm,YellowAlarm,NoAlert)" classname="Philips.PMP.Test.Auto.AlertFilterServiceTest" time="0.001" status="1" />
    <testcase name="AlertFilterGetReminderStateTest (True,True,AlRealarm,AlRealarm,RedAlarm,YellowAlarm,NoAlert,RedAlarm)" classname="Philips.PMP.Test.Auto.AlertFilterServiceTest" time="0.001" status="1" />
    <testcase name="AlertFilterGetValueListTest (True,On,Off,On,Off,Off,Off,On)" classname="Philips.PMP.Test.Auto.AlertFilterServiceTest" time="0.006" status="1" />
    <testcase name="AlertFilterGetValueListTest (True,Off,Off,On,Off,Off,Off,On)" classname="Philips.PMP.Test.Auto.AlertFilterServiceTest" time="0.003" status="1" />
    <testcase name="AlertFilterGetValueListTest (True,Off,On,Off,On,On,On,Off)" classname="Philips.PMP.Test.Auto.AlertFilterServiceTest" time="0.007" status="1" />
    <testcase name="AlertFilterGetValueListTest (False,Off,On,Off,On,Off,On,Off)" classname="Philips.PMP.Test.Auto.AlertFilterServiceTest" time="0.002" status="1" />
    <system-out />
    <system-err />
  </testsuite>
  <testsuite name="Philips.PMP.Test.Auto.WebHostHelperTest" hostname="RESTORMEL" package="not available" id="62" tests="32" failures="0" errors="0" skipped="0" time="6.669" timestamp="2023-12-13T03:38:33">
    <properties />
    <testcase name="SetPriorDataModeTest (True)" classname="Philips.PMP.Test.Auto.WebHostHelperTest" time="3.031" status="1" />
    <testcase name="SetPriorDataModeTest (False)" classname="Philips.PMP.Test.Auto.WebHostHelperTest" time="0.003" status="1" />
    <testcase name="TryGetPatientByBedIdUrlParameter" classname="Philips.PMP.Test.Auto.WebHostHelperTest" time="0.004" status="1" />
    <testcase name="CreateRedirectAddressTest (True)" classname="Philips.PMP.Test.Auto.WebHostHelperTest" time="0.004" status="1" />
    <testcase name="CreateRedirectAddressTest (False)" classname="Philips.PMP.Test.Auto.WebHostHelperTest" time="0.001" status="1" />
    <testcase name="IsIntegratedModeTest (False,,False)" classname="Philips.PMP.Test.Auto.WebHostHelperTest" time="0.003" status="1" />
    <testcase name="IsIntegratedModeTest (True,false,False)" classname="Philips.PMP.Test.Auto.WebHostHelperTest" time="0.001" status="1" />
    <testcase name="IsIntegratedModeTest (True,true,True)" classname="Philips.PMP.Test.Auto.WebHostHelperTest" time="0.001" status="1" />
    <testcase name="TryGetPatientFail" classname="Philips.PMP.Test.Auto.WebHostHelperTest" time="0.005" status="1" />
    <testcase name="TryGetPatientDischarged" classname="Philips.PMP.Test.Auto.WebHostHelperTest" time="0.276" status="1" />
    <testcase name="GetSelectedWavesNlsIdsTest (Label,1000,True)" classname="Philips.PMP.Test.Auto.WebHostHelperTest" time="0.006" status="1" />
    <testcase name="GetSelectedWavesNlsIdsTest (Label,1000,False)" classname="Philips.PMP.Test.Auto.WebHostHelperTest" time="0.001" status="1" />
    <testcase name="WebHostHelperTryGetIsMultiPatientView (True,True)" classname="Philips.PMP.Test.Auto.WebHostHelperTest" time="0.002" status="1" />
    <testcase name="WebHostHelperTryGetIsMultiPatientView (True,False)" classname="Philips.PMP.Test.Auto.WebHostHelperTest" time="0.001" status="1" />
    <testcase name="WebHostHelperTryGetIsMultiPatientView (False,True)" classname="Philips.PMP.Test.Auto.WebHostHelperTest" time="0.001" status="1" />
    <testcase name="WebHostHelperTryGetIsMultiPatientView (False,False)" classname="Philips.PMP.Test.Auto.WebHostHelperTest" time="0.001" status="1" />
    <testcase name="CurrentSessionIsIntegratedModeTest" classname="Philips.PMP.Test.Auto.WebHostHelperTest" time="0.034" status="1" />
    <testcase name="GetSignOutLinkTest" classname="Philips.PMP.Test.Auto.WebHostHelperTest" time="1.244" status="1" />
    <testcase name="WebHostHelperGetTileImageFilePathTest" classname="Philips.PMP.Test.Auto.WebHostHelperTest" time="0.005" status="1" />
    <testcase name="SetPatientContentReturnsEncodedContent" classname="Philips.PMP.Test.Auto.WebHostHelperTest" time="0.080" status="1" />
    <testcase name="CheckExactMatchForPatientIDTest (1232,True)" classname="Philips.PMP.Test.Auto.WebHostHelperTest" time="0.005" status="1" />
    <testcase name="CheckExactMatchForPatientIDTest (12,False)" classname="Philips.PMP.Test.Auto.WebHostHelperTest" time="0.001" status="1" />
    <testcase name="CheckExactMatchForPatientIDTest (12345,False)" classname="Philips.PMP.Test.Auto.WebHostHelperTest" time="0.000" status="1" />
    <testcase name="TryGetPatientByPatientIdUrlParameter" classname="Philips.PMP.Test.Auto.WebHostHelperTest" time="0.011" status="1" />
    <testcase name="WebConnectSetPatientTest (True)" classname="Philips.PMP.Test.Auto.WebHostHelperTest" time="0.907" status="1" />
    <testcase name="WebConnectSetPatientTest (False)" classname="Philips.PMP.Test.Auto.WebHostHelperTest" time="0.013" status="1" />
    <testcase name="TryGetPatientInsufficientPermissions" classname="Philips.PMP.Test.Auto.WebHostHelperTest" time="0.011" status="1" />
    <testcase name="GetPatientFromIdTest" classname="Philips.PMP.Test.Auto.WebHostHelperTest" time="1.011" status="1" />
    <testcase name="IsPatientOnLocalTopologyTest (False,False,False,True)" classname="Philips.PMP.Test.Auto.WebHostHelperTest" time="0.004" status="1" />
    <testcase name="IsPatientOnLocalTopologyTest (True,False,False,True)" classname="Philips.PMP.Test.Auto.WebHostHelperTest" time="0.002" status="1" />
    <testcase name="IsPatientOnLocalTopologyTest (True,False,True,False)" classname="Philips.PMP.Test.Auto.WebHostHelperTest" time="0.001" status="1" />
    <testcase name="IsPatientOnLocalTopologyTest (True,True,False,False)" classname="Philips.PMP.Test.Auto.WebHostHelperTest" time="0.001" status="1" />
    <system-out />
    <system-err />
  </testsuite>
  <testsuite name="Philips.PMP.Test.Auto.ClinicalNotificationAutoAcknowledgerTest" hostname="RESTORMEL" package="not available" id="63" tests="6" failures="0" errors="0" skipped="0" time="0.042" timestamp="2023-12-13T03:36:09">
    <properties />
    <testcase name="NotificationAutoAckOnNewNotificationShouldAutoAckPreviousNotification" classname="Philips.PMP.Test.Auto.ClinicalNotificationAutoAcknowledgerTest" time="0.019" status="1" />
    <testcase name="NotificationAutoAckOnlyOneNotificationShouldNotAutoAckNotification" classname="Philips.PMP.Test.Auto.ClinicalNotificationAutoAcknowledgerTest" time="0.002" status="1" />
    <testcase name="AckedNotificationsShouldBeSetToResolved" classname="Philips.PMP.Test.Auto.ClinicalNotificationAutoAcknowledgerTest" time="0.005" status="1" />
    <testcase name="NotificationsAutoAckOfAllNotificationsWithSpecifiedScore" classname="Philips.PMP.Test.Auto.ClinicalNotificationAutoAcknowledgerTest" time="0.010" status="1" />
    <testcase name="NotificationsOfDifferentScoresShouldNotAutoAcked" classname="Philips.PMP.Test.Auto.ClinicalNotificationAutoAcknowledgerTest" time="0.002" status="1" />
    <testcase name="ResolvedNotificationsShouldBeEnded" classname="Philips.PMP.Test.Auto.ClinicalNotificationAutoAcknowledgerTest" time="0.004" status="1" />
    <system-out />
    <system-err />
  </testsuite>
  <testsuite name="Philips.PMP.Test.Auto.PatientAdtActionFinderTest" hostname="RESTORMEL" package="not available" id="64" tests="5" failures="0" errors="0" skipped="0" time="0.184" timestamp="2023-12-13T03:30:21">
    <properties />
    <testcase name="PatientAdtActionFinderTryGetMatchingPatientsTransfer" classname="Philips.PMP.Test.Auto.PatientAdtActionFinderTest" time="0.040" status="1" />
    <testcase name="PatientAdtActionFinderTryGetMatchingPatientsDuplicatePatients" classname="Philips.PMP.Test.Auto.PatientAdtActionFinderTest" time="0.038" status="1" />
    <testcase name="PatientAdtActionFinderTryGetMatchingPatientsUpdate" classname="Philips.PMP.Test.Auto.PatientAdtActionFinderTest" time="0.036" status="1" />
    <testcase name="PatientAdtActionFinderTryGetMatchingPatientsHisAdmit" classname="Philips.PMP.Test.Auto.PatientAdtActionFinderTest" time="0.035" status="1" />
    <testcase name="PatientAdtActionFinderTryGetMatchingPatientsReAdmit" classname="Philips.PMP.Test.Auto.PatientAdtActionFinderTest" time="0.036" status="1" />
    <system-out />
    <system-err />
  </testsuite>
  <testsuite name="Philips.PMP.Test.Auto.EcgFilterHelperTest" hostname="RESTORMEL" package="not available" id="65" tests="24" failures="0" errors="0" skipped="0" time="0.396" timestamp="2023-12-13T03:29:49">
    <properties />
    <testcase name="EcgFilterAttrAtGreaterThanEndTimeTest" classname="Philips.PMP.Test.Auto.EcgFilterHelperTest" time="0.020" status="1" />
    <testcase name="EcgFilterDoesntFilterEfficiaWavesRawFilterObjectTest" classname="Philips.PMP.Test.Auto.EcgFilterHelperTest" time="0.003" status="1" />
    <testcase name="WaveChunksWithZeroSamplesDontCrashTest" classname="Philips.PMP.Test.Auto.EcgFilterHelperTest" time="0.009" status="1" />
    <testcase name="EcgFilter12LeadInterpolationWorksCorrectly2Test" classname="Philips.PMP.Test.Auto.EcgFilterHelperTest" time="0.010" status="1" />
    <testcase name="EcgFilter12LeadInterpolationWorksCorrectlyTest" classname="Philips.PMP.Test.Auto.EcgFilterHelperTest" time="0.007" status="1" />
    <testcase name="EcgFilterTwoDynamicAttributesBeforeWaveStartTest" classname="Philips.PMP.Test.Auto.EcgFilterHelperTest" time="0.001" status="1" />
    <testcase name="EcgFilterDoesntCrashWhenNoDynamicAttributesTest" classname="Philips.PMP.Test.Auto.EcgFilterHelperTest" time="0.001" status="1" />
    <testcase name="EcgFilterDoesntFilterUncheckedDiagnosticRawFilterObjectTest" classname="Philips.PMP.Test.Auto.EcgFilterHelperTest" time="0.001" status="1" />
    <testcase name="EcgFilterUpdateMeasureModeTest (EcgLeadPrimary, NbpVenipunctActive,True,False,EcgLeadPrimary, NbpVenipunctActive)" classname="Philips.PMP.Test.Auto.EcgFilterHelperTest" time="0.003" status="1" />
    <testcase name="EcgFilterUpdateMeasureModeTest (EcgLeadPrimary, NbpVenipunctActive,True,True,EcgLeadPrimary, EcgMonitor)" classname="Philips.PMP.Test.Auto.EcgFilterHelperTest" time="0.000" status="1" />
    <testcase name="EcgFilterUpdateMeasureModeTest (EcgFilter, EcgMonitor, EcgDiag, NbpVenipunctActive,True,False,NbpVenipunctActive)" classname="Philips.PMP.Test.Auto.EcgFilterHelperTest" time="0.000" status="1" />
    <testcase name="EcgFilterUpdateMeasureModeTest (EcgFilter, EcgMonitor, EcgDiag, NbpVenipunctActive,True,True,EcgMonitor)" classname="Philips.PMP.Test.Auto.EcgFilterHelperTest" time="0.000" status="1" />
    <testcase name="EcgFilterUpdateMeasureModeTest (EcgLeadPrimary, EcgDiag,False,False,EcgLeadPrimary, EcgDiag)" classname="Philips.PMP.Test.Auto.EcgFilterHelperTest" time="0.000" status="1" />
    <testcase name="EcgFilterUpdateMeasureModeTest (EcgLeadPrimary, NbpVenipunctActive,False,False,EcgLeadPrimary, NbpVenipunctActive)" classname="Philips.PMP.Test.Auto.EcgFilterHelperTest" time="0.000" status="1" />
    <testcase name="EcgFilterUpdateMeasureModeTest (EcgFilter,False,False,EcgFilter)" classname="Philips.PMP.Test.Auto.EcgFilterHelperTest" time="0.000" status="1" />
    <testcase name="EcgFilterUpdateMeasureModeTest (EcgMonitor,False,False,EcgMonitor)" classname="Philips.PMP.Test.Auto.EcgFilterHelperTest" time="0.000" status="1" />
    <testcase name="EcgFilter12LeadFiltersDontCauseVolcanosTest" classname="Philips.PMP.Test.Auto.EcgFilterHelperTest" time="0.259" status="1" />
    <testcase name="EcgFilterDoesntFilterEfficiaWavesTest" classname="Philips.PMP.Test.Auto.EcgFilterHelperTest" time="0.005" status="1" />
    <testcase name="EcgFilterAttrAtLessThanPhysioDataTimeTest" classname="Philips.PMP.Test.Auto.EcgFilterHelperTest" time="0.001" status="1" />
    <testcase name="EcgFilter12LeadFilterIntegerConversionCorrectlyHandlesInvalidTest" classname="Philips.PMP.Test.Auto.EcgFilterHelperTest" time="0.001" status="1" />
    <testcase name="EcgFilterRemoveUndershootTest" classname="Philips.PMP.Test.Auto.EcgFilterHelperTest" time="0.040" status="1" />
    <testcase name="WaveChunksWithAttributesDontCrashTest" classname="Philips.PMP.Test.Auto.EcgFilterHelperTest" time="0.013" status="1" />
    <testcase name="UndershootOnlyRemovedFromPassedInDataTest" classname="Philips.PMP.Test.Auto.EcgFilterHelperTest" time="0.017" status="1" />
    <testcase name="EcgFilterDoesntFilterUncheckedDiagnosticTest" classname="Philips.PMP.Test.Auto.EcgFilterHelperTest" time="0.004" status="1" />
    <system-out />
    <system-err />
  </testsuite>
  <testsuite name="Philips.PMP.Test.Auto.PatientDataExportTierTwoTest" hostname="RESTORMEL" package="not available" id="66" tests="12" failures="0" errors="0" skipped="0" time="0.244" timestamp="2023-12-13T03:32:57">
    <properties />
    <testcase name="TierTwoTimerStartUpTest" classname="Philips.PMP.Test.Auto.PatientDataExportTierTwoTest" time="0.008" status="1" />
    <testcase name="ClearSystemStatusIsCalledOnSuccessfulTierTwoCopy" classname="Philips.PMP.Test.Auto.PatientDataExportTierTwoTest" time="0.003" status="1" />
    <testcase name="ReportSystemStatusIsCalledOnFailedTierTwoCopy" classname="Philips.PMP.Test.Auto.PatientDataExportTierTwoTest" time="0.015" status="1" />
    <testcase name="TierTwoParameterListExistsForPartitionedTablesOnly" classname="Philips.PMP.Test.Auto.PatientDataExportTierTwoTest" time="0.001" status="1" />
    <testcase name="TierTwoExportCalledPerHostWhenMultipleHostsPresent" classname="Philips.PMP.Test.Auto.PatientDataExportTierTwoTest" time="0.006" status="1" />
    <testcase name="TierTwoTimerFinishFasterTest" classname="Philips.PMP.Test.Auto.PatientDataExportTierTwoTest" time="0.001" status="1" />
    <testcase name="TierTwoGetLocations" classname="Philips.PMP.Test.Auto.PatientDataExportTierTwoTest" time="0.013" status="1" />
    <testcase name="TierTwoStoreLocations" classname="Philips.PMP.Test.Auto.PatientDataExportTierTwoTest" time="0.006" status="1" />
    <testcase name="TierTwoExportTruncateTableTest" classname="Philips.PMP.Test.Auto.PatientDataExportTierTwoTest" time="0.029" status="1" />
    <testcase name="TierTwoExportWhenNoTierTwoHostsPresent" classname="Philips.PMP.Test.Auto.PatientDataExportTierTwoTest" time="0.056" status="1" />
    <testcase name="TierTwoExportCopyTableTest" classname="Philips.PMP.Test.Auto.PatientDataExportTierTwoTest" time="0.050" status="1" />
    <testcase name="EachFaultyTierTwoCallsReportStatus" classname="Philips.PMP.Test.Auto.PatientDataExportTierTwoTest" time="0.057" status="1" />
    <system-out />
    <system-err />
  </testsuite>
  <testsuite name="Philips.PMP.Test.Auto.EnumerationProviderTest" hostname="RESTORMEL" package="not available" id="67" tests="24" failures="0" errors="0" skipped="0" time="1.126" timestamp="2023-12-13T03:35:02">
    <properties />
    <testcase name="EnumerationProviderStoreOne" classname="Philips.PMP.Test.Auto.EnumerationProviderTest" time="0.157" status="1" />
    <testcase name="EnumerationProviderEventsAtSameTime" classname="Philips.PMP.Test.Auto.EnumerationProviderTest" time="0.027" status="1" />
    <testcase name="EnumerationProviderMergeLabelTextIds136875" classname="Philips.PMP.Test.Auto.EnumerationProviderTest" time="0.039" status="1" />
    <testcase name="EnumerationProviderTwoAssystoleEvents" classname="Philips.PMP.Test.Auto.EnumerationProviderTest" time="0.026" status="1" />
    <testcase name="EnumerationProviderFilterEndedBeforeQueryTime" classname="Philips.PMP.Test.Auto.EnumerationProviderTest" time="0.044" status="1" />
    <testcase name="EnumerationProviderEventFilterByPurgeCutoffTime" classname="Philips.PMP.Test.Auto.EnumerationProviderTest" time="0.035" status="1" />
    <testcase name="EnumerationProviderEvents" classname="Philips.PMP.Test.Auto.EnumerationProviderTest" time="0.032" status="1" />
    <testcase name="EnumerationProviderStoreMultipleValues" classname="Philips.PMP.Test.Auto.EnumerationProviderTest" time="0.032" status="1" />
    <testcase name="EnumerationProviderNotStore" classname="Philips.PMP.Test.Auto.EnumerationProviderTest" time="0.015" status="1" />
    <testcase name="EnumerationProviderEndAllEventsOnDbs" classname="Philips.PMP.Test.Auto.EnumerationProviderTest" time="0.026" status="1" />
    <testcase name="EnumerationProviderBeatAnnotation" classname="Philips.PMP.Test.Auto.EnumerationProviderTest" time="0.029" status="1" />
    <testcase name="EnumerationProviderTwoDAsOnePdt" classname="Philips.PMP.Test.Auto.EnumerationProviderTest" time="0.026" status="1" />
    <testcase name="EnumerationProviderEventMultipleTimesInQuantum" classname="Philips.PMP.Test.Auto.EnumerationProviderTest" time="0.024" status="1" />
    <testcase name="EnumerationProviderUpdatedTimePurge" classname="Philips.PMP.Test.Auto.EnumerationProviderTest" time="0.103" status="1" />
    <testcase name="EnumerationProviderMultipleDynamicAttributes" classname="Philips.PMP.Test.Auto.EnumerationProviderTest" time="0.026" status="1" />
    <testcase name="EnumerationProviderGetOnGoing" classname="Philips.PMP.Test.Auto.EnumerationProviderTest" time="0.026" status="1" />
    <testcase name="EnumerationProviderDischargePatientEvent" classname="Philips.PMP.Test.Auto.EnumerationProviderTest" time="0.033" status="1" />
    <testcase name="EnumerationProviderMergeLabelTextIds" classname="Philips.PMP.Test.Auto.EnumerationProviderTest" time="0.061" status="1" />
    <testcase name="EnumerationProviderMergeSTICR43237" classname="Philips.PMP.Test.Auto.EnumerationProviderTest" time="0.029" status="1" />
    <testcase name="EnumerationProviderEndAllEvents" classname="Philips.PMP.Test.Auto.EnumerationProviderTest" time="0.057" status="1" />
    <testcase name="EnumerationProviderStoreQuantums" classname="Philips.PMP.Test.Auto.EnumerationProviderTest" time="0.035" status="1" />
    <testcase name="EnumerationProviderParameter" classname="Philips.PMP.Test.Auto.EnumerationProviderTest" time="0.159" status="1" />
    <testcase name="EnumerationProviderBadAperiodicTime" classname="Philips.PMP.Test.Auto.EnumerationProviderTest" time="0.036" status="1" />
    <testcase name="EnumerationProviderStoreThree" classname="Philips.PMP.Test.Auto.EnumerationProviderTest" time="0.050" status="1" />
    <system-out />
    <system-err />
  </testsuite>
  <testsuite name="Philips.PMP.Test.Auto.RetrospectiveDataEnumerationBridgeTest" hostname="RESTORMEL" package="not available" id="68" tests="13" failures="0" errors="0" skipped="0" time="0.595" timestamp="2023-12-13T03:29:49">
    <properties />
    <testcase name="GetEwsScoreGetTest (False,0)" classname="Philips.PMP.Test.Auto.RetrospectiveDataEnumerationBridgeTest" time="0.015" status="1" />
    <testcase name="GetEwsScoreGetTest (True,1)" classname="Philips.PMP.Test.Auto.RetrospectiveDataEnumerationBridgeTest" time="0.018" status="1" />
    <testcase name="GetFilteredEwsScoreTest (False)" classname="Philips.PMP.Test.Auto.RetrospectiveDataEnumerationBridgeTest" time="0.292" status="1" />
    <testcase name="GetFilteredEwsScoreTest (True)" classname="Philips.PMP.Test.Auto.RetrospectiveDataEnumerationBridgeTest" time="0.035" status="1" />
    <testcase name="MultipleEwsScoresDoNotHaveIdenticalAperiodicTimes (1,True)" classname="Philips.PMP.Test.Auto.RetrospectiveDataEnumerationBridgeTest" time="0.025" status="1" />
    <testcase name="MultipleEwsScoresDoNotHaveIdenticalAperiodicTimes (2,True)" classname="Philips.PMP.Test.Auto.RetrospectiveDataEnumerationBridgeTest" time="0.030" status="1" />
    <testcase name="MultipleEwsScoresDoNotHaveIdenticalAperiodicTimes (4,True)" classname="Philips.PMP.Test.Auto.RetrospectiveDataEnumerationBridgeTest" time="0.050" status="1" />
    <testcase name="MultipleEwsScoresDoNotHaveIdenticalAperiodicTimes (1,False)" classname="Philips.PMP.Test.Auto.RetrospectiveDataEnumerationBridgeTest" time="0.013" status="1" />
    <testcase name="MultipleEwsScoresDoNotHaveIdenticalAperiodicTimes (2,False)" classname="Philips.PMP.Test.Auto.RetrospectiveDataEnumerationBridgeTest" time="0.028" status="1" />
    <testcase name="MultipleEwsScoresDoNotHaveIdenticalAperiodicTimes (4,False)" classname="Philips.PMP.Test.Auto.RetrospectiveDataEnumerationBridgeTest" time="0.046" status="1" />
    <testcase name="GetEwsScoreInvalidDataTest (False,False)" classname="Philips.PMP.Test.Auto.RetrospectiveDataEnumerationBridgeTest" time="0.003" status="1" />
    <testcase name="GetEwsScoreInvalidDataTest (True,False)" classname="Philips.PMP.Test.Auto.RetrospectiveDataEnumerationBridgeTest" time="0.001" status="1" />
    <testcase name="MobileEwsScoreGeneratorCorrectlyFormatsColor" classname="Philips.PMP.Test.Auto.RetrospectiveDataEnumerationBridgeTest" time="0.040" status="1" />
    <system-out />
    <system-err />
  </testsuite>
  <testsuite name="Philips.iX.InboundDataBridge.Test.PhysioDataInboundBridgeServiceTest" hostname="RESTORMEL" package="not available" id="69" tests="8" failures="0" errors="0" skipped="0" time="1.349" timestamp="2023-12-13T03:27:48">
    <properties />
    <testcase name="RestartServiceTest (False,True,True)" classname="Philips.iX.InboundDataBridge.Test.PhysioDataInboundBridgeServiceTest" time="0.003" status="1" />
    <testcase name="RestartServiceTest (True,False,False)" classname="Philips.iX.InboundDataBridge.Test.PhysioDataInboundBridgeServiceTest" time="0.005" status="1" />
    <testcase name="IsServiceRunningTest (False,True)" classname="Philips.iX.InboundDataBridge.Test.PhysioDataInboundBridgeServiceTest" time="0.002" status="1" />
    <testcase name="IsServiceRunningTest (True,False)" classname="Philips.iX.InboundDataBridge.Test.PhysioDataInboundBridgeServiceTest" time="0.004" status="1" />
    <testcase name="StopServiceTest (False)" classname="Philips.iX.InboundDataBridge.Test.PhysioDataInboundBridgeServiceTest" time="0.006" status="1" />
    <testcase name="StopServiceTest (True)" classname="Philips.iX.InboundDataBridge.Test.PhysioDataInboundBridgeServiceTest" time="0.025" status="1" />
    <testcase name="StartServiceTest (False)" classname="Philips.iX.InboundDataBridge.Test.PhysioDataInboundBridgeServiceTest" time="1.244" status="1" />
    <testcase name="StartServiceTest (True)" classname="Philips.iX.InboundDataBridge.Test.PhysioDataInboundBridgeServiceTest" time="0.059" status="1" />
    <system-out />
    <system-err />
  </testsuite>
  <testsuite name="Philips.PMP.Test.Auto.HostAccessViewControlTest" hostname="RESTORMEL" package="not available" id="70" tests="11" failures="0" errors="0" skipped="0" time="2.746" timestamp="2023-12-13T03:34:02">
    <properties />
    <testcase name="ViewControlTest" classname="Philips.PMP.Test.Auto.HostAccessViewControlTest" time="0.318" status="1" />
    <testcase name="HostAccessViewControlUpdateDictionaries" classname="Philips.PMP.Test.Auto.HostAccessViewControlTest" time="0.248" status="1" />
    <testcase name="HostAccessViewControlMoveUnits" classname="Philips.PMP.Test.Auto.HostAccessViewControlTest" time="0.249" status="1" />
    <testcase name="ButtonClickTest (_ttcFullAccess,OnFullAccessRemoveClicked,True,1)" classname="Philips.PMP.Test.Auto.HostAccessViewControlTest" time="1.658" status="1" />
    <testcase name="ButtonClickTest (_ttcFullAccess,OnFullAccessRemoveClicked,False,0)" classname="Philips.PMP.Test.Auto.HostAccessViewControlTest" time="0.038" status="1" />
    <testcase name="ButtonClickTest (_ttcNoAccess,OnFullAccessAddClicked,True,1)" classname="Philips.PMP.Test.Auto.HostAccessViewControlTest" time="0.036" status="1" />
    <testcase name="ButtonClickTest (_ttcNoAccess,OnFullAccessAddClicked,False,0)" classname="Philips.PMP.Test.Auto.HostAccessViewControlTest" time="0.043" status="1" />
    <testcase name="ButtonClickTest (_ttcNoAccess,OnReadOnlyAccessAddClicked,True,1)" classname="Philips.PMP.Test.Auto.HostAccessViewControlTest" time="0.038" status="1" />
    <testcase name="ButtonClickTest (_ttcNoAccess,OnReadOnlyAccessAddClicked,False,0)" classname="Philips.PMP.Test.Auto.HostAccessViewControlTest" time="0.038" status="1" />
    <testcase name="ButtonClickTest (_ttcReadOnlyAccess,OnReadOnlyAccessRemoveClicked,True,1)" classname="Philips.PMP.Test.Auto.HostAccessViewControlTest" time="0.037" status="1" />
    <testcase name="ButtonClickTest (_ttcReadOnlyAccess,OnReadOnlyAccessRemoveClicked,False,0)" classname="Philips.PMP.Test.Auto.HostAccessViewControlTest" time="0.043" status="1" />
    <system-out />
    <system-err />
  </testsuite>
  <testsuite name="Philips.PMP.Test.Auto.MobileSubscriberMgrTest" hostname="RESTORMEL" package="not available" id="71" tests="1" failures="0" errors="0" skipped="0" time="0.130" timestamp="2023-12-13T03:29:47">
    <properties />
    <testcase name="MobileBedSubscriberMgrCanAddGetAndRemoveSubscriber" classname="Philips.PMP.Test.Auto.MobileSubscriberMgrTest" time="0.130" status="1" />
    <system-out />
    <system-err />
  </testsuite>
  <testsuite name="Philips.PMP.Test.Auto.TimeServiceTest" hostname="RESTORMEL" package="not available" id="72" tests="19" failures="0" errors="0" skipped="0" time="0.255" timestamp="2023-12-13T03:36:55">
    <properties />
    <testcase name="ActiveDirectoryConfiguredVerifyFails1" classname="Philips.PMP.Test.Auto.TimeServiceTest" time="0.017" status="1" />
    <testcase name="TimeServiceReinitializedIfInWrongState" classname="Philips.PMP.Test.Auto.TimeServiceTest" time="0.129" status="1" />
    <testcase name="TimeServiceClearsTimeSyncFailureAlerts" classname="Philips.PMP.Test.Auto.TimeServiceTest" time="0.006" status="1" />
    <testcase name="ActiveDirectoryConfiguredVerifySucceeds (some.test.pri,some.test.pri)" classname="Philips.PMP.Test.Auto.TimeServiceTest" time="0.006" status="1" />
    <testcase name="ActiveDirectoryConfiguredVerifySucceeds (NetBIOS,some.test.pri)" classname="Philips.PMP.Test.Auto.TimeServiceTest" time="0.002" status="1" />
    <testcase name="ActiveDirectoryConfiguredVerifyFails2" classname="Philips.PMP.Test.Auto.TimeServiceTest" time="0.009" status="1" />
    <testcase name="ExternalTimeConfiguredTimeServiceOnPass" classname="Philips.PMP.Test.Auto.TimeServiceTest" time="0.010" status="1" />
    <testcase name="ActiveDirectoryConfiguredInitializePass" classname="Philips.PMP.Test.Auto.TimeServiceTest" time="0.007" status="1" />
    <testcase name="ExternalTimeServerConfiguredVerifySucceeds" classname="Philips.PMP.Test.Auto.TimeServiceTest" time="0.006" status="1" />
    <testcase name="ExternalTimeServerConfiguredVerifyFails1" classname="Philips.PMP.Test.Auto.TimeServiceTest" time="0.008" status="1" />
    <testcase name="TimeServiceStatusParseFailuresReportAsSyncFailures" classname="Philips.PMP.Test.Auto.TimeServiceTest" time="0.008" status="1" />
    <testcase name="ExternalTimeServerConfiguredVerifyFails2" classname="Philips.PMP.Test.Auto.TimeServiceTest" time="0.011" status="1" />
    <testcase name="ActiveDirectoryTimeSyncMismatchCheckIsCaseInsensitive" classname="Philips.PMP.Test.Auto.TimeServiceTest" time="0.003" status="1" />
    <testcase name="TimeServiceUnchangedIfInCorrectState" classname="Philips.PMP.Test.Auto.TimeServiceTest" time="0.002" status="1" />
    <testcase name="TimeServiceSyncAlertsHandleBadTimestamps" classname="Philips.PMP.Test.Auto.TimeServiceTest" time="0.006" status="1" />
    <testcase name="TimeServiceReportsError (Leap Indicator: 0(no warning)&#xA;Stratum: 2 (secondary reference - syncd by (S)NTP)&#xA;Precision: -6 (15.625ms per tick)&#xA;Root Delay: 0.0002362s&#xA;Root Dispersion: 0.0100000s&#xA;ReferenceId: 0x564D5450 (source IP:  86.77.84.80)&#xA;Last Successful Sync Time: 3/14/2018 5:09:54 PM&#xA;Source: VM IC Time Synchronization Provider&#xA;Poll Interval: 10 (1024s)&#xA;,TimeSyncMismatch)" classname="Philips.PMP.Test.Auto.TimeServiceTest" time="0.006" status="1" />
    <testcase name="TimeServiceReportsError (Leap Indicator: 3(last minute has 61 seconds)&#xA;Stratum: 2 (secondary reference - syncd by (S)NTP)&#xA;Precision: -6 (15.625ms per tick)&#xA;Root Delay: 0.0002362s&#xA;Root Dispersion: 0.0100000s&#xA;ReferenceId: 0x564D5450 (source IP:  86.77.84.80)&#xA;Last Successful Sync Time: 3/14/2018 5:09:54 PM&#xA;Source: TestExternalTimeServer,0x1&#xA;Poll Interval: 10 (1024s)&#xA;,TimeSyncFailure)" classname="Philips.PMP.Test.Auto.TimeServiceTest" time="0.005" status="1" />
    <testcase name="TimeServiceAttemptsToCorrectTimeSyncFailures" classname="Philips.PMP.Test.Auto.TimeServiceTest" time="0.008" status="1" />
    <testcase name="ExternalTimeSyncMismatchCheckIsCaseInsensitive" classname="Philips.PMP.Test.Auto.TimeServiceTest" time="0.004" status="1" />
    <system-out />
    <system-err />
  </testsuite>
  <testsuite name="Philips.PMP.Test.Auto.UnitSettingsCacheTest" hostname="RESTORMEL" package="not available" id="73" tests="9" failures="0" errors="0" skipped="0" time="0.164" timestamp="2023-12-13T03:30:00">
    <properties />
    <testcase name="UnitSettingsCacheAutoAdtTest (False)" classname="Philips.PMP.Test.Auto.UnitSettingsCacheTest" time="0.004" status="1" />
    <testcase name="UnitSettingsCacheAutoAdtTest (True)" classname="Philips.PMP.Test.Auto.UnitSettingsCacheTest" time="0.003" status="1" />
    <testcase name="UnitSettingsCachePatientGroupListSettingsTest" classname="Philips.PMP.Test.Auto.UnitSettingsCacheTest" time="0.005" status="1" />
    <testcase name="UnitSettingsCachePatientFieldsSettingsTest (DriversLicense)" classname="Philips.PMP.Test.Auto.UnitSettingsCacheTest" time="0.021" status="1" />
    <testcase name="UnitSettingsCachePatientFieldsSettingsTest (SSN)" classname="Philips.PMP.Test.Auto.UnitSettingsCacheTest" time="0.005" status="1" />
    <testcase name="UnitSettingsCacheDeviceSecurityTest (False)" classname="Philips.PMP.Test.Auto.UnitSettingsCacheTest" time="0.080" status="1" />
    <testcase name="UnitSettingsCacheDeviceSecurityTest (True)" classname="Philips.PMP.Test.Auto.UnitSettingsCacheTest" time="0.003" status="1" />
    <testcase name="UnitSettingsCacheHandlesUnitAndCentralSupplyTest (False)" classname="Philips.PMP.Test.Auto.UnitSettingsCacheTest" time="0.034" status="1" />
    <testcase name="UnitSettingsCacheHandlesUnitAndCentralSupplyTest (True)" classname="Philips.PMP.Test.Auto.UnitSettingsCacheTest" time="0.010" status="1" />
    <system-out />
    <system-err />
  </testsuite>
  <testsuite name="Philips.PMP.Test.Auto.ApmOsUpdateProcessorTest" hostname="RESTORMEL" package="not available" id="74" tests="4" failures="0" errors="0" skipped="0" time="0.210" timestamp="2023-12-13T03:36:21">
    <properties />
    <testcase name="ApmOsUpdateProcessorInstallOsUpdatesTest" classname="Philips.PMP.Test.Auto.ApmOsUpdateProcessorTest" time="0.069" status="1" />
    <testcase name="ApmOsUpdateProcessorReportWsusOsUpdateInfoTest" classname="Philips.PMP.Test.Auto.ApmOsUpdateProcessorTest" time="0.002" status="1" />
    <testcase name="ApmOsUpdateProcessorDownloadOsUpdatesTest" classname="Philips.PMP.Test.Auto.ApmOsUpdateProcessorTest" time="0.056" status="1" />
    <testcase name="ApmOsUpdateProcessorScanWsusOsUpdateInfoTest" classname="Philips.PMP.Test.Auto.ApmOsUpdateProcessorTest" time="0.083" status="1" />
    <system-out />
    <system-err />
  </testsuite>
  <testsuite name="Philips.PMP.Test.Auto.PhysioDataMgrHelperTest" hostname="RESTORMEL" package="not available" id="75" tests="5" failures="0" errors="0" skipped="0" time="0.047" timestamp="2023-12-13T03:29:50">
    <properties />
    <testcase name="GetStripDataGetsPhysioDataFromPdsWhenAvailable" classname="Philips.PMP.Test.Auto.PhysioDataMgrHelperTest" time="0.012" status="1" />
    <testcase name="GetAlertStripDataGetsPhysioDataFromPdsWhenAvailable" classname="Philips.PMP.Test.Auto.PhysioDataMgrHelperTest" time="0.007" status="1" />
    <testcase name="GetStripDataGetsPhysioDataFromPdssWhenNotAvailableInPds (True)" classname="Philips.PMP.Test.Auto.PhysioDataMgrHelperTest" time="0.021" status="1" />
    <testcase name="GetStripDataGetsPhysioDataFromPdssWhenNotAvailableInPds (False)" classname="Philips.PMP.Test.Auto.PhysioDataMgrHelperTest" time="0.003" status="1" />
    <testcase name="GetAlertStripDataRetunsNullDataIfPdsDataIsUnavailableAndTimeOffsetIsUnavailable" classname="Philips.PMP.Test.Auto.PhysioDataMgrHelperTest" time="0.004" status="1" />
    <system-out />
    <system-err />
  </testsuite>
  <testsuite name="Philips.PMP.Test.Auto.FactoryProfileControlTest" hostname="RESTORMEL" package="not available" id="76" tests="2" failures="0" errors="0" skipped="0" time="0.293" timestamp="2023-12-13T03:29:40">
    <properties />
    <testcase name="FactoryProfileInitializeTest (CBC064CB-20C3-4323-85BC-DEBD2B5B0C8D,1)" classname="Philips.PMP.Test.Auto.FactoryProfileControlTest" time="0.258" status="1" />
    <testcase name="FactoryProfileInitializeTest (00000000-0000-0000-0000-000000000001,0)" classname="Philips.PMP.Test.Auto.FactoryProfileControlTest" time="0.035" status="1" />
    <system-out />
    <system-err />
  </testsuite>
  <testsuite name="Philips.PMP.Test.Auto.AlarmReflectionServiceTest" hostname="RESTORMEL" package="not available" id="77" tests="13" failures="0" errors="0" skipped="0" time="0.021" timestamp="2023-12-13T03:30:13">
    <properties />
    <testcase name="ShouldConnectToMasterHostSelectionTest (False,False,False)" classname="Philips.PMP.Test.Auto.AlarmReflectionServiceTest" time="0.003" status="1" />
    <testcase name="ShouldConnectToMasterHostSelectionTest (False,True,True)" classname="Philips.PMP.Test.Auto.AlarmReflectionServiceTest" time="0.001" status="1" />
    <testcase name="ShouldConnectToMasterHostSelectionTest (True,False,False)" classname="Philips.PMP.Test.Auto.AlarmReflectionServiceTest" time="0.001" status="1" />
    <testcase name="ShouldConnectToMasterHostSelectionTest (True,True,False)" classname="Philips.PMP.Test.Auto.AlarmReflectionServiceTest" time="0.001" status="1" />
    <testcase name="SubscribeToEventsTest (False,1)" classname="Philips.PMP.Test.Auto.AlarmReflectionServiceTest" time="0.005" status="1" />
    <testcase name="SubscribeToEventsTest (True,0)" classname="Philips.PMP.Test.Auto.AlarmReflectionServiceTest" time="0.001" status="1" />
    <testcase name="OnTopologyChangedTest (Unknown,True,0)" classname="Philips.PMP.Test.Auto.AlarmReflectionServiceTest" time="0.003" status="1" />
    <testcase name="OnTopologyChangedTest (HostMoved,True,1)" classname="Philips.PMP.Test.Auto.AlarmReflectionServiceTest" time="0.001" status="1" />
    <testcase name="OnTopologyChangedTest (HostMoved,False,0)" classname="Philips.PMP.Test.Auto.AlarmReflectionServiceTest" time="0.001" status="1" />
    <testcase name="OnTopologyChangedTest (MulticastBlockHostChanged,True,1)" classname="Philips.PMP.Test.Auto.AlarmReflectionServiceTest" time="0.001" status="1" />
    <testcase name="OnTopologyChangedTest (MulticastBlockHostChanged,False,0)" classname="Philips.PMP.Test.Auto.AlarmReflectionServiceTest" time="0.001" status="1" />
    <testcase name="UnsubscribeFromEventsTest (False,0)" classname="Philips.PMP.Test.Auto.AlarmReflectionServiceTest" time="0.002" status="1" />
    <testcase name="UnsubscribeFromEventsTest (True,1)" classname="Philips.PMP.Test.Auto.AlarmReflectionServiceTest" time="0.001" status="1" />
    <system-out />
    <system-err />
  </testsuite>
  <testsuite name="Philips.PMP.Test.Auto.InstitutionTreeControlTest" hostname="RESTORMEL" package="not available" id="78" tests="26" failures="0" errors="0" skipped="0" time="0.628" timestamp="2023-12-13T03:30:23">
    <properties />
    <testcase name="InstitutionTreeControlSaveSelectedUnit" classname="Philips.PMP.Test.Auto.InstitutionTreeControlTest" time="0.008" status="1" />
    <testcase name="InstitutionTreeControlShouldReplaceFakeBed" classname="Philips.PMP.Test.Auto.InstitutionTreeControlTest" time="0.010" status="1" />
    <testcase name="InstitutionTreeControlGetInstitutionList" classname="Philips.PMP.Test.Auto.InstitutionTreeControlTest" time="0.034" status="1" />
    <testcase name="InstitutionTreeControlUpdateUi (False,0)" classname="Philips.PMP.Test.Auto.InstitutionTreeControlTest" time="0.015" status="1" />
    <testcase name="InstitutionTreeControlUpdateUi (True,1)" classname="Philips.PMP.Test.Auto.InstitutionTreeControlTest" time="0.010" status="1" />
    <testcase name="InstitutionTreeControlInitialize (False,0)" classname="Philips.PMP.Test.Auto.InstitutionTreeControlTest" time="0.009" status="1" />
    <testcase name="InstitutionTreeControlInitialize (True,1)" classname="Philips.PMP.Test.Auto.InstitutionTreeControlTest" time="0.009" status="1" />
    <testcase name="InstitutionTreeControlIsPrincipal (True,PrincipalAlways,True)" classname="Philips.PMP.Test.Auto.InstitutionTreeControlTest" time="0.008" status="1" />
    <testcase name="InstitutionTreeControlIsPrincipal (False,PrincipalAlways,True)" classname="Philips.PMP.Test.Auto.InstitutionTreeControlTest" time="0.008" status="1" />
    <testcase name="InstitutionTreeControlIsPrincipal (True,AncillaryAlways,False)" classname="Philips.PMP.Test.Auto.InstitutionTreeControlTest" time="0.008" status="1" />
    <testcase name="InstitutionTreeControlIsPrincipal (False,AncillaryAlways,False)" classname="Philips.PMP.Test.Auto.InstitutionTreeControlTest" time="0.008" status="1" />
    <testcase name="InstitutionTreeControlIsPrincipal (True,PrincipalOnlyInUnit,True)" classname="Philips.PMP.Test.Auto.InstitutionTreeControlTest" time="0.007" status="1" />
    <testcase name="InstitutionTreeControlIsPrincipal (False,PrincipalOnlyInUnit,False)" classname="Philips.PMP.Test.Auto.InstitutionTreeControlTest" time="0.008" status="1" />
    <testcase name="InstitutionTreeControlIsPrincipal (True,PrincipalOnlyForFirstSector,True)" classname="Philips.PMP.Test.Auto.InstitutionTreeControlTest" time="0.008" status="1" />
    <testcase name="InstitutionTreeControlIsPrincipal (False,PrincipalOnlyForFirstSector,False)" classname="Philips.PMP.Test.Auto.InstitutionTreeControlTest" time="0.008" status="1" />
    <testcase name="InstitutionTreeControlFindNodeByClinicalUnitId" classname="Philips.PMP.Test.Auto.InstitutionTreeControlTest" time="0.010" status="1" />
    <testcase name="ReplaceFakeBedTest" classname="Philips.PMP.Test.Auto.InstitutionTreeControlTest" time="0.341" status="1" />
    <testcase name="InstitutionTreeControlLoadingHandlesNullHost" classname="Philips.PMP.Test.Auto.InstitutionTreeControlTest" time="0.010" status="1" />
    <testcase name="InstitutionTreeControlSetSelectedUnitNode" classname="Philips.PMP.Test.Auto.InstitutionTreeControlTest" time="0.012" status="1" />
    <testcase name="InstitutionTreeControlTryDisplayUnassignedBedsInLink (True,False,True,True,True,1)" classname="Philips.PMP.Test.Auto.InstitutionTreeControlTest" time="0.011" status="1" />
    <testcase name="InstitutionTreeControlTryDisplayUnassignedBedsInLink (True,False,True,True,False,0)" classname="Philips.PMP.Test.Auto.InstitutionTreeControlTest" time="0.008" status="1" />
    <testcase name="InstitutionTreeControlTryDisplayUnassignedBedsInLink (True,False,True,False,True,0)" classname="Philips.PMP.Test.Auto.InstitutionTreeControlTest" time="0.009" status="1" />
    <testcase name="InstitutionTreeControlTryDisplayUnassignedBedsInLink (True,True,True,True,True,0)" classname="Philips.PMP.Test.Auto.InstitutionTreeControlTest" time="0.009" status="1" />
    <testcase name="InstitutionTreeControlTryDisplayUnassignedBedsInLink (True,True,False,True,True,0)" classname="Philips.PMP.Test.Auto.InstitutionTreeControlTest" time="0.009" status="1" />
    <testcase name="InstitutionTreeControlTryDisplayUnassignedBedsInLink (True,False,False,True,True,0)" classname="Philips.PMP.Test.Auto.InstitutionTreeControlTest" time="0.017" status="1" />
    <testcase name="InstitutionTreeControlTryDisplayUnassignedBedsInLink (False,True,True,True,True,0)" classname="Philips.PMP.Test.Auto.InstitutionTreeControlTest" time="0.035" status="1" />
    <system-out />
    <system-err />
  </testsuite>
  <testsuite name="Philips.PMP.Test.Auto.WebPortalViewControlTest" hostname="RESTORMEL" package="not available" id="79" tests="5" failures="0" errors="0" skipped="0" time="0.096" timestamp="2023-12-13T03:34:07">
    <properties />
    <testcase name="WebPortalViewControlOnTopologyChangedTopologySourceItemCheckFails" classname="Philips.PMP.Test.Auto.WebPortalViewControlTest" time="0.023" status="1" />
    <testcase name="WebPortalViewControlOnTopologyChanged (True,True,1)" classname="Philips.PMP.Test.Auto.WebPortalViewControlTest" time="0.023" status="1" />
    <testcase name="WebPortalViewControlOnTopologyChanged (True,False,1)" classname="Philips.PMP.Test.Auto.WebPortalViewControlTest" time="0.017" status="1" />
    <testcase name="WebPortalViewControlOnTopologyChanged (False,False,0)" classname="Philips.PMP.Test.Auto.WebPortalViewControlTest" time="0.015" status="1" />
    <testcase name="WebPortalViewControlSetView" classname="Philips.PMP.Test.Auto.WebPortalViewControlTest" time="0.019" status="1" />
    <system-out />
    <system-err />
  </testsuite>
  <testsuite name="Philips.PMP.Test.Auto.DataValidationProviderTest" hostname="RESTORMEL" package="not available" id="80" tests="9" failures="0" errors="0" skipped="0" time="0.065" timestamp="2023-12-13T03:31:29">
    <properties />
    <testcase name="EmptyListOfSpotCheckObservationIdsDoesNotCallDb" classname="Philips.PMP.Test.Auto.DataValidationProviderTest" time="0.002" status="1" />
    <testcase name="UpdateSpotCheckValidations" classname="Philips.PMP.Test.Auto.DataValidationProviderTest" time="0.011" status="1" />
    <testcase name="StoreSpotCheckValidations" classname="Philips.PMP.Test.Auto.DataValidationProviderTest" time="0.023" status="1" />
    <testcase name="StoringSpotCheckValidationsWithServerName" classname="Philips.PMP.Test.Auto.DataValidationProviderTest" time="0.003" status="1" />
    <testcase name="GettingNonExistingSpotCheckValidationReturnsEmptyList" classname="Philips.PMP.Test.Auto.DataValidationProviderTest" time="0.003" status="1" />
    <testcase name="DefaultSpotCheckValidationDoesNotStore" classname="Philips.PMP.Test.Auto.DataValidationProviderTest" time="0.006" status="1" />
    <testcase name="PurgeDeletesDataValidations" classname="Philips.PMP.Test.Auto.DataValidationProviderTest" time="0.008" status="1" />
    <testcase name="GettingListOfSpotCheckValidationsWithServerName" classname="Philips.PMP.Test.Auto.DataValidationProviderTest" time="0.003" status="1" />
    <testcase name="StoreDoesNotOverwriteEmrSuccessState" classname="Philips.PMP.Test.Auto.DataValidationProviderTest" time="0.006" status="1" />
    <system-out />
    <system-err />
  </testsuite>
  <testsuite name="Philips.PMP.Test.Auto.AlarmViewHelperTest" hostname="RESTORMEL" package="not available" id="81" tests="2" failures="0" errors="0" skipped="0" time="0.068" timestamp="2023-12-13T03:29:38">
    <properties />
    <testcase name="GetWaveRendererWillFilterWaveDictionary" classname="Philips.PMP.Test.Auto.AlarmViewHelperTest" time="0.055" status="1" />
    <testcase name="GetWaveRendererWillNotFilterWaveDictionary" classname="Philips.PMP.Test.Auto.AlarmViewHelperTest" time="0.014" status="1" />
    <system-out />
    <system-err />
  </testsuite>
  <testsuite name="Philips.PMP.Test.Auto.Ecg12LeadProviderTest" hostname="RESTORMEL" package="not available" id="82" tests="13" failures="0" errors="0" skipped="0" time="1.670" timestamp="2023-12-13T03:35:01">
    <properties />
    <testcase name="Ecg12LeadProviderMaxLockReached" classname="Philips.PMP.Test.Auto.Ecg12LeadProviderTest" time="0.679" status="1" />
    <testcase name="Ecg12LeadProviderStoreOneSedici2" classname="Philips.PMP.Test.Auto.Ecg12LeadProviderTest" time="0.050" status="1" />
    <testcase name="Ecg12LeadProviderStitchCapture" classname="Philips.PMP.Test.Auto.Ecg12LeadProviderTest" time="0.016" status="1" />
    <testcase name="Ecg12LeadProviderCaptureTime" classname="Philips.PMP.Test.Auto.Ecg12LeadProviderTest" time="0.046" status="1" />
    <testcase name="Ecg12LeadProviderStitchCaptureList" classname="Philips.PMP.Test.Auto.Ecg12LeadProviderTest" time="0.037" status="1" />
    <testcase name="Ecg12LeadProviderStoreOneSedici" classname="Philips.PMP.Test.Auto.Ecg12LeadProviderTest" time="0.316" status="1" />
    <testcase name="Ecg12LeadProviderGetCaptureList" classname="Philips.PMP.Test.Auto.Ecg12LeadProviderTest" time="0.087" status="1" />
    <testcase name="Ecg12LeadProviderUpdate" classname="Philips.PMP.Test.Auto.Ecg12LeadProviderTest" time="0.092" status="1" />
    <testcase name="Ecg12LeadProviderStoreOneAscent" classname="Philips.PMP.Test.Auto.Ecg12LeadProviderTest" time="0.054" status="1" />
    <testcase name="Ecg12LeadProviderStoreOneAscent2" classname="Philips.PMP.Test.Auto.Ecg12LeadProviderTest" time="0.048" status="1" />
    <testcase name="Ecg12LeadProviderUpdateLockStatus" classname="Philips.PMP.Test.Auto.Ecg12LeadProviderTest" time="0.088" status="1" />
    <testcase name="Ecg12LeadProviderClearOrderInfo" classname="Philips.PMP.Test.Auto.Ecg12LeadProviderTest" time="0.091" status="1" />
    <testcase name="Ecg12LeadProviderDelete" classname="Philips.PMP.Test.Auto.Ecg12LeadProviderTest" time="0.065" status="1" />
    <system-out />
    <system-err />
  </testsuite>
  <testsuite name="Philips.PMP.Test.Auto.TrendUploadDvcTest" hostname="RESTORMEL" package="not available" id="83" tests="22" failures="0" errors="0" skipped="0" time="0.751" timestamp="2023-12-13T03:36:55">
    <properties />
    <testcase name="AllCombinationsOfGapPossibilitiesTest" classname="Philips.PMP.Test.Auto.TrendUploadDvcTest" time="0.002" status="1" />
    <testcase name="DvcNoArgumentExceptionTest" classname="Philips.PMP.Test.Auto.TrendUploadDvcTest" time="0.548" status="1" />
    <testcase name="MinimumDvcsTest" classname="Philips.PMP.Test.Auto.TrendUploadDvcTest" time="0.005" status="1" />
    <testcase name="DvcCollectionDetectsOldGapsTest" classname="Philips.PMP.Test.Auto.TrendUploadDvcTest" time="0.001" status="1" />
    <testcase name="DvcCollectionGetsAllStays" classname="Philips.PMP.Test.Auto.TrendUploadDvcTest" time="0.136" status="1" />
    <testcase name="GapDetectionCodeWithIntervalsTest" classname="Philips.PMP.Test.Auto.TrendUploadDvcTest" time="0.001" status="1" />
    <testcase name="AddingDVCsTest" classname="Philips.PMP.Test.Auto.TrendUploadDvcTest" time="0.005" status="1" />
    <testcase name="FifoImplementationKeepsLargerDvcsTest" classname="Philips.PMP.Test.Auto.TrendUploadDvcTest" time="0.001" status="1" />
    <testcase name="DvcResetTest" classname="Philips.PMP.Test.Auto.TrendUploadDvcTest" time="0.001" status="1" />
    <testcase name="UploadIntervalDoesntTriggerArgumentExceptionTest" classname="Philips.PMP.Test.Auto.TrendUploadDvcTest" time="0.001" status="1" />
    <testcase name="NoDataDvcsCanBeClearedTest" classname="Philips.PMP.Test.Auto.TrendUploadDvcTest" time="0.004" status="1" />
    <testcase name="DvcStorageKeepsDvcsOutsideOfMinMaxButGapsArentDetectedOutsideOfMinMaxTest" classname="Philips.PMP.Test.Auto.TrendUploadDvcTest" time="0.001" status="1" />
    <testcase name="NotReceivedIntervalInMiddleCorrectlyHandledTest" classname="Philips.PMP.Test.Auto.TrendUploadDvcTest" time="0.001" status="1" />
    <testcase name="DvcsUpToMaximumAreDetectedCorrectlyTest" classname="Philips.PMP.Test.Auto.TrendUploadDvcTest" time="0.001" status="1" />
    <testcase name="FifoImplementationKeepsUpToXDvcsTest" classname="Philips.PMP.Test.Auto.TrendUploadDvcTest" time="0.017" status="1" />
    <testcase name="MaximumDvcCanBeIgnoredWhenIsOnlyDvcTest" classname="Philips.PMP.Test.Auto.TrendUploadDvcTest" time="0.003" status="1" />
    <testcase name="MaximumDvcCanBeIgnoredTest" classname="Philips.PMP.Test.Auto.TrendUploadDvcTest" time="0.001" status="1" />
    <testcase name="AddingDVCsMultipleRunsTest" classname="Philips.PMP.Test.Auto.TrendUploadDvcTest" time="0.001" status="1" />
    <testcase name="DvcStorageKeepsDvcsOutsideOfMinMaxTest" classname="Philips.PMP.Test.Auto.TrendUploadDvcTest" time="0.002" status="1" />
    <testcase name="DvcCollectionAllowsReceivedButNotStoredDvcsTest" classname="Philips.PMP.Test.Auto.TrendUploadDvcTest" time="0.017" status="1" />
    <testcase name="AddingSameDVCTest" classname="Philips.PMP.Test.Auto.TrendUploadDvcTest" time="0.002" status="1" />
    <testcase name="NoDuplicateDvcsRequestedForUploadTest" classname="Philips.PMP.Test.Auto.TrendUploadDvcTest" time="0.002" status="1" />
    <system-out />
    <system-err />
  </testsuite>
  <testsuite name="Philips.PMP.Test.Auto.PatientAssignmentControlTest" hostname="RESTORMEL" package="not available" id="84" tests="69" failures="0" errors="0" skipped="0" time="5.061" timestamp="2023-12-13T03:34:48">
    <properties />
    <testcase name="PatientAssignmentControlOnUserLoggedIn (True)" classname="Philips.PMP.Test.Auto.PatientAssignmentControlTest" time="0.256" status="1" />
    <testcase name="PatientAssignmentControlOnUserLoggedIn (False)" classname="Philips.PMP.Test.Auto.PatientAssignmentControlTest" time="0.126" status="1" />
    <testcase name="PatientAssignmentControlSetPatientUiCheckNurseAssignment (True)" classname="Philips.PMP.Test.Auto.PatientAssignmentControlTest" time="0.070" status="1" />
    <testcase name="PatientAssignmentControlSetPatientUiCheckNurseAssignment (False)" classname="Philips.PMP.Test.Auto.PatientAssignmentControlTest" time="0.070" status="1" />
    <testcase name="PatientAssignmentControGetPatientIdForFindPatient" classname="Philips.PMP.Test.Auto.PatientAssignmentControlTest" time="0.061" status="1" />
    <testcase name="PatientAssignmentControlSetInitialUnitAdmitTimeValues" classname="Philips.PMP.Test.Auto.PatientAssignmentControlTest" time="0.058" status="1" />
    <testcase name="PatientAssignmentControlIsSmartQuestionNull (False)" classname="Philips.PMP.Test.Auto.PatientAssignmentControlTest" time="0.058" status="1" />
    <testcase name="PatientAssignmentControlIsSmartQuestionNull (True)" classname="Philips.PMP.Test.Auto.PatientAssignmentControlTest" time="0.081" status="1" />
    <testcase name="PatientAssignmentControlShouldUpdateBsaOrBmi (ShouldUpdateBsa,False,False,Hidden,False)" classname="Philips.PMP.Test.Auto.PatientAssignmentControlTest" time="0.060" status="1" />
    <testcase name="PatientAssignmentControlShouldUpdateBsaOrBmi (ShouldUpdateBsa,False,False,Optional,True)" classname="Philips.PMP.Test.Auto.PatientAssignmentControlTest" time="0.057" status="1" />
    <testcase name="PatientAssignmentControlShouldUpdateBsaOrBmi (ShouldUpdateBsa,True,False,Optional,False)" classname="Philips.PMP.Test.Auto.PatientAssignmentControlTest" time="0.057" status="1" />
    <testcase name="PatientAssignmentControlShouldUpdateBsaOrBmi (ShouldUpdateBsa,True,False,Hidden,False)" classname="Philips.PMP.Test.Auto.PatientAssignmentControlTest" time="0.056" status="1" />
    <testcase name="PatientAssignmentControlShouldUpdateBsaOrBmi (ShouldUpdateBsa,False,True,Optional,False)" classname="Philips.PMP.Test.Auto.PatientAssignmentControlTest" time="0.060" status="1" />
    <testcase name="PatientAssignmentControlShouldUpdateBsaOrBmi (ShouldUpdateBsa,False,True,Hidden,False)" classname="Philips.PMP.Test.Auto.PatientAssignmentControlTest" time="0.057" status="1" />
    <testcase name="PatientAssignmentControlShouldUpdateBsaOrBmi (ShouldUpdateBmi,False,False,Hidden,False)" classname="Philips.PMP.Test.Auto.PatientAssignmentControlTest" time="0.064" status="1" />
    <testcase name="PatientAssignmentControlShouldUpdateBsaOrBmi (ShouldUpdateBmi,False,False,Optional,True)" classname="Philips.PMP.Test.Auto.PatientAssignmentControlTest" time="0.070" status="1" />
    <testcase name="PatientAssignmentControlShouldUpdateBsaOrBmi (ShouldUpdateBmi,True,False,Optional,False)" classname="Philips.PMP.Test.Auto.PatientAssignmentControlTest" time="0.057" status="1" />
    <testcase name="PatientAssignmentControlShouldUpdateBsaOrBmi (ShouldUpdateBmi,True,False,Hidden,False)" classname="Philips.PMP.Test.Auto.PatientAssignmentControlTest" time="0.059" status="1" />
    <testcase name="PatientAssignmentControlShouldUpdateBsaOrBmi (ShouldUpdateBmi,False,True,Optional,False)" classname="Philips.PMP.Test.Auto.PatientAssignmentControlTest" time="0.067" status="1" />
    <testcase name="PatientAssignmentControlShouldUpdateBsaOrBmi (ShouldUpdateBmi,False,True,Hidden,False)" classname="Philips.PMP.Test.Auto.PatientAssignmentControlTest" time="0.059" status="1" />
    <testcase name="PatientAssignmentControlSetShouldEnableMainUi (False,False,False,False)" classname="Philips.PMP.Test.Auto.PatientAssignmentControlTest" time="0.057" status="1" />
    <testcase name="PatientAssignmentControlSetShouldEnableMainUi (True,True,True,True)" classname="Philips.PMP.Test.Auto.PatientAssignmentControlTest" time="0.069" status="1" />
    <testcase name="PatientAssignmentControlSetShouldEnableMainUi (True,True,False,False)" classname="Philips.PMP.Test.Auto.PatientAssignmentControlTest" time="0.059" status="1" />
    <testcase name="PatientAssignmentControlShouldDisableNurseAssignmentIfRoleIsShared (True)" classname="Philips.PMP.Test.Auto.PatientAssignmentControlTest" time="0.084" status="1" />
    <testcase name="PatientAssignmentControlShouldDisableNurseAssignmentIfRoleIsShared (False)" classname="Philips.PMP.Test.Auto.PatientAssignmentControlTest" time="0.059" status="1" />
    <testcase name="PatientAssignmentControlIsChangeBedSectorLocked" classname="Philips.PMP.Test.Auto.PatientAssignmentControlTest" time="0.062" status="1" />
    <testcase name="PatientAssignmentControlOnValidatingHeight (True)" classname="Philips.PMP.Test.Auto.PatientAssignmentControlTest" time="0.062" status="1" />
    <testcase name="PatientAssignmentControlOnValidatingHeight (False)" classname="Philips.PMP.Test.Auto.PatientAssignmentControlTest" time="0.057" status="1" />
    <testcase name="PatientAssignmentControlOnIdle" classname="Philips.PMP.Test.Auto.PatientAssignmentControlTest" time="0.062" status="1" />
    <testcase name="PatientAssignmentControlNullPatientSave" classname="Philips.PMP.Test.Auto.PatientAssignmentControlTest" time="0.094" status="1" />
    <testcase name="PatientAssignmentControlCheckBsaBmiValues (UpdateBodySurfaceArea,_lblBsaValue,2,0)" classname="Philips.PMP.Test.Auto.PatientAssignmentControlTest" time="0.060" status="1" />
    <testcase name="PatientAssignmentControlCheckBsaBmiValues (UpdateBodyMassIndex,_lblBmiValue,0,2)" classname="Philips.PMP.Test.Auto.PatientAssignmentControlTest" time="0.059" status="1" />
    <testcase name="PatientAssignmentControlCheckForConflicts (False,0)" classname="Philips.PMP.Test.Auto.PatientAssignmentControlTest" time="0.088" status="1" />
    <testcase name="PatientAssignmentControlCheckForConflicts (True,1)" classname="Philips.PMP.Test.Auto.PatientAssignmentControlTest" time="0.096" status="1" />
    <testcase name="PatientAssignmentControlSetResuscitationSelection (Full)" classname="Philips.PMP.Test.Auto.PatientAssignmentControlTest" time="0.062" status="1" />
    <testcase name="PatientAssignmentControlSetResuscitationSelection (ModifiedResuscitation)" classname="Philips.PMP.Test.Auto.PatientAssignmentControlTest" time="0.061" status="1" />
    <testcase name="PatientAssignmentControlSetResuscitationSelection (NoResuscitation)" classname="Philips.PMP.Test.Auto.PatientAssignmentControlTest" time="0.060" status="1" />
    <testcase name="PatientAssignmentControlOnValidatingWeight (True)" classname="Philips.PMP.Test.Auto.PatientAssignmentControlTest" time="0.062" status="1" />
    <testcase name="PatientAssignmentControlOnValidatingWeight (False)" classname="Philips.PMP.Test.Auto.PatientAssignmentControlTest" time="0.066" status="1" />
    <testcase name="PatientAssignmentControlOnUnitAdmitTimeEntered (True,1)" classname="Philips.PMP.Test.Auto.PatientAssignmentControlTest" time="0.065" status="1" />
    <testcase name="PatientAssignmentControlOnUnitAdmitTimeEntered (False,0)" classname="Philips.PMP.Test.Auto.PatientAssignmentControlTest" time="0.064" status="1" />
    <testcase name="PatientAssignmentControlOnChangeBedLabelClicked" classname="Philips.PMP.Test.Auto.PatientAssignmentControlTest" time="0.063" status="1" />
    <testcase name="PatientAssignmentControlUpdatePatientUnitAdmitTimeField (True,True)" classname="Philips.PMP.Test.Auto.PatientAssignmentControlTest" time="0.066" status="1" />
    <testcase name="PatientAssignmentControlUpdatePatientUnitAdmitTimeField (True,False)" classname="Philips.PMP.Test.Auto.PatientAssignmentControlTest" time="0.067" status="1" />
    <testcase name="PatientAssignmentControlUpdatePatientUnitAdmitTimeField (False,True)" classname="Philips.PMP.Test.Auto.PatientAssignmentControlTest" time="0.063" status="1" />
    <testcase name="PatientAssignmentControlUpdatePatientUnitAdmitTimeField (False,False)" classname="Philips.PMP.Test.Auto.PatientAssignmentControlTest" time="0.059" status="1" />
    <testcase name="PatientAssignmentControlSaveUnitAdmitTime (Hidden,True,True)" classname="Philips.PMP.Test.Auto.PatientAssignmentControlTest" time="0.061" status="1" />
    <testcase name="PatientAssignmentControlSaveUnitAdmitTime (Hidden,True,False)" classname="Philips.PMP.Test.Auto.PatientAssignmentControlTest" time="0.059" status="1" />
    <testcase name="PatientAssignmentControlSaveUnitAdmitTime (Hidden,False,True)" classname="Philips.PMP.Test.Auto.PatientAssignmentControlTest" time="0.057" status="1" />
    <testcase name="PatientAssignmentControlSaveUnitAdmitTime (Hidden,False,False)" classname="Philips.PMP.Test.Auto.PatientAssignmentControlTest" time="0.064" status="1" />
    <testcase name="PatientAssignmentControlSaveUnitAdmitTime (Optional,True,True)" classname="Philips.PMP.Test.Auto.PatientAssignmentControlTest" time="0.057" status="1" />
    <testcase name="PatientAssignmentControlSaveUnitAdmitTime (Optional,True,False)" classname="Philips.PMP.Test.Auto.PatientAssignmentControlTest" time="0.060" status="1" />
    <testcase name="PatientAssignmentControlSaveUnitAdmitTime (Optional,False,True)" classname="Philips.PMP.Test.Auto.PatientAssignmentControlTest" time="0.057" status="1" />
    <testcase name="PatientAssignmentControlSaveUnitAdmitTime (Optional,False,False)" classname="Philips.PMP.Test.Auto.PatientAssignmentControlTest" time="0.061" status="1" />
    <testcase name="PatientAssignmentControlOnUnitAdmitTimeChanged" classname="Philips.PMP.Test.Auto.PatientAssignmentControlTest" time="0.060" status="1" />
    <testcase name="PatientAssignmentControlOnPatientIdentityDoesNotCheckPermissions" classname="Philips.PMP.Test.Auto.PatientAssignmentControlTest" time="0.092" status="1" />
    <testcase name="PatientAssignmentControlOnCancelClick (True,1)" classname="Philips.PMP.Test.Auto.PatientAssignmentControlTest" time="0.452" status="1" />
    <testcase name="PatientAssignmentControlOnCancelClick (False,0)" classname="Philips.PMP.Test.Auto.PatientAssignmentControlTest" time="0.065" status="1" />
    <testcase name="PatientAssignmentControlOnPatientIdentityCheckNurseAssignment (True)" classname="Philips.PMP.Test.Auto.PatientAssignmentControlTest" time="0.071" status="1" />
    <testcase name="PatientAssignmentControlOnPatientIdentityCheckNurseAssignment (False)" classname="Philips.PMP.Test.Auto.PatientAssignmentControlTest" time="0.068" status="1" />
    <testcase name="PatientAssignmentControlCheckTimeOfUnitAdmitFormat" classname="Philips.PMP.Test.Auto.PatientAssignmentControlTest" time="0.082" status="1" />
    <testcase name="PatientAssignmentControlSetAuthoritativeFields (False,False,False,True)" classname="Philips.PMP.Test.Auto.PatientAssignmentControlTest" time="0.058" status="1" />
    <testcase name="PatientAssignmentControlSetAuthoritativeFields (False,False,True,True)" classname="Philips.PMP.Test.Auto.PatientAssignmentControlTest" time="0.062" status="1" />
    <testcase name="PatientAssignmentControlSetAuthoritativeFields (False,True,False,True)" classname="Philips.PMP.Test.Auto.PatientAssignmentControlTest" time="0.057" status="1" />
    <testcase name="PatientAssignmentControlSetAuthoritativeFields (False,True,True,True)" classname="Philips.PMP.Test.Auto.PatientAssignmentControlTest" time="0.055" status="1" />
    <testcase name="PatientAssignmentControlSetAuthoritativeFields (True,False,False,False)" classname="Philips.PMP.Test.Auto.PatientAssignmentControlTest" time="0.055" status="1" />
    <testcase name="PatientAssignmentControlSetAuthoritativeFields (True,False,True,True)" classname="Philips.PMP.Test.Auto.PatientAssignmentControlTest" time="0.059" status="1" />
    <testcase name="PatientAssignmentControlSetAuthoritativeFields (True,True,False,True)" classname="Philips.PMP.Test.Auto.PatientAssignmentControlTest" time="0.059" status="1" />
    <testcase name="PatientAssignmentControlSetAuthoritativeFields (True,True,True,True)" classname="Philips.PMP.Test.Auto.PatientAssignmentControlTest" time="0.058" status="1" />
    <system-out />
    <system-err />
  </testsuite>
  <testsuite name="Philips.PMP.Test.Auto.PatientIdHelperTest" hostname="RESTORMEL" package="not available" id="85" tests="21" failures="0" errors="0" skipped="0" time="1.679" timestamp="2023-12-13T03:30:28">
    <properties />
    <testcase name="GetPatientDisplayIdWithNoUnit (True)" classname="Philips.PMP.Test.Auto.PatientIdHelperTest" time="0.001" status="1" />
    <testcase name="GetPatientDisplayIdWithNoUnit (False)" classname="Philips.PMP.Test.Auto.PatientIdHelperTest" time="0.001" status="1" />
    <testcase name="SetPatientIdentityFieldsMaxLengthsTest" classname="Philips.PMP.Test.Auto.PatientIdHelperTest" time="0.002" status="1" />
    <testcase name="CheckIfLifetimeIdIsHiddenTest" classname="Philips.PMP.Test.Auto.PatientIdHelperTest" time="0.253" status="1" />
    <testcase name="PatientIdentityTest" classname="Philips.PMP.Test.Auto.PatientIdHelperTest" time="0.386" status="1" />
    <testcase name="PatientIdentityGetCareUnitNameTest" classname="Philips.PMP.Test.Auto.PatientIdHelperTest" time="0.001" status="1" />
    <testcase name="GetPrimaryIdValueTest" classname="Philips.PMP.Test.Auto.PatientIdHelperTest" time="0.241" status="1" />
    <testcase name="PatientIdentityMultipleStoreTest" classname="Philips.PMP.Test.Auto.PatientIdHelperTest" time="0.256" status="1" />
    <testcase name="ConflictIndicationTest" classname="Philips.PMP.Test.Auto.PatientIdHelperTest" time="0.002" status="1" />
    <testcase name="ShouldEnableNurseAssignmentTest" classname="Philips.PMP.Test.Auto.PatientIdHelperTest" time="0.257" status="1" />
    <testcase name="GetPatientDisplayIdWithUnit (True,True,True,Nobody Important)" classname="Philips.PMP.Test.Auto.PatientIdHelperTest" time="0.008" status="1" />
    <testcase name="GetPatientDisplayIdWithUnit (True,False,True,McTest, Lifetime123)" classname="Philips.PMP.Test.Auto.PatientIdHelperTest" time="0.004" status="1" />
    <testcase name="GetPatientDisplayIdWithUnit (False,False,True,Not Admitted)" classname="Philips.PMP.Test.Auto.PatientIdHelperTest" time="0.003" status="1" />
    <testcase name="GetPatientDisplayIdWithUnit (True,True,False,Visit456)" classname="Philips.PMP.Test.Auto.PatientIdHelperTest" time="0.004" status="1" />
    <testcase name="GetPatientDisplayIdWithUnit (True,False,False,Visit456)" classname="Philips.PMP.Test.Auto.PatientIdHelperTest" time="0.003" status="1" />
    <testcase name="GetPatientDisplayIdWithUnit (False,False,True,Not Admitted)" classname="Philips.PMP.Test.Auto.PatientIdHelperTest" time="0.003" status="1" />
    <testcase name="ShouldEnableNurseAssignment (True,True,True)" classname="Philips.PMP.Test.Auto.PatientIdHelperTest" time="0.004" status="1" />
    <testcase name="ShouldEnableNurseAssignment (True,False,False)" classname="Philips.PMP.Test.Auto.PatientIdHelperTest" time="0.002" status="1" />
    <testcase name="ShouldEnableNurseAssignment (False,True,False)" classname="Philips.PMP.Test.Auto.PatientIdHelperTest" time="0.002" status="1" />
    <testcase name="ShouldEnableNurseAssignment (False,False,False)" classname="Philips.PMP.Test.Auto.PatientIdHelperTest" time="0.002" status="1" />
    <testcase name="GetMyRecorderPatientDisplayIdTest" classname="Philips.PMP.Test.Auto.PatientIdHelperTest" time="0.244" status="1" />
    <system-out />
    <system-err />
  </testsuite>
  <testsuite name="Philips.PMP.Test.Auto.StitchTest" hostname="RESTORMEL" package="not available" id="86" tests="52" failures="0" errors="0" skipped="0" time="0.428" timestamp="2023-12-13T03:35:33">
    <properties />
    <testcase name="StitchReceivedDvcLogicThreeNonContinuous2Test" classname="Philips.PMP.Test.Auto.StitchTest" time="0.007" status="1" />
    <testcase name="StitchRealTimeWaveTest" classname="Philips.PMP.Test.Auto.StitchTest" time="0.051" status="1" />
    <testcase name="StitchRemoveEmptyWaveAttributesTest" classname="Philips.PMP.Test.Auto.StitchTest" time="0.006" status="1" />
    <testcase name="StitchReceivedDvcLogicTwoEqualTest" classname="Philips.PMP.Test.Auto.StitchTest" time="0.007" status="1" />
    <testcase name="EnumerationStitchTest" classname="Philips.PMP.Test.Auto.StitchTest" time="0.007" status="1" />
    <testcase name="StitchInfoEventTest" classname="Philips.PMP.Test.Auto.StitchTest" time="0.006" status="1" />
    <testcase name="StitchReceivedDvcLogicTwoContiguousTest" classname="Philips.PMP.Test.Auto.StitchTest" time="0.005" status="1" />
    <testcase name="StitchSpotCheckValidationsWithMultipleObservationIds" classname="Philips.PMP.Test.Auto.StitchTest" time="0.006" status="1" />
    <testcase name="SitchSpotCheckValidations (VALIDATED,TRANSFER_FAIL,TRANSFER_FAIL)" classname="Philips.PMP.Test.Auto.StitchTest" time="0.010" status="1" />
    <testcase name="SitchSpotCheckValidations (VALIDATED,EXPORTED_TO_EMR_SUCCESS,EXPORTED_TO_EMR_SUCCESS)" classname="Philips.PMP.Test.Auto.StitchTest" time="0.005" status="1" />
    <testcase name="SitchSpotCheckValidations (VALIDATED,VALIDATED,VALIDATED)" classname="Philips.PMP.Test.Auto.StitchTest" time="0.005" status="1" />
    <testcase name="SitchSpotCheckValidations (TRANSFER_FAIL,EXPORTED_TO_EMR_SUCCESS,EXPORTED_TO_EMR_SUCCESS)" classname="Philips.PMP.Test.Auto.StitchTest" time="0.005" status="1" />
    <testcase name="SitchSpotCheckValidations (VALIDATED, TRANSFER_FAIL,EXPORTED_TO_EMR_SUCCESS,EXPORTED_TO_EMR_SUCCESS)" classname="Philips.PMP.Test.Auto.StitchTest" time="0.007" status="1" />
    <testcase name="SitchSpotCheckValidations (VALIDATED, EXPORTED_TO_EMR_SUCCESS,TRANSFER_FAIL,EXPORTED_TO_EMR_SUCCESS)" classname="Philips.PMP.Test.Auto.StitchTest" time="0.005" status="1" />
    <testcase name="SitchSpotCheckValidations (EXPORTED_TO_EMR_SUCCESS, TRANSFER_FAIL,VALIDATED,EXPORTED_TO_EMR_SUCCESS)" classname="Philips.PMP.Test.Auto.StitchTest" time="0.005" status="1" />
    <testcase name="StitchReceivedDvcLogicOneInputTest" classname="Philips.PMP.Test.Auto.StitchTest" time="0.006" status="1" />
    <testcase name="StitchReceivedDvcLogicTwoEntriesCombinationsTest2" classname="Philips.PMP.Test.Auto.StitchTest" time="0.005" status="1" />
    <testcase name="StitchRemoveDuplicateAdjacentDynamicAttributesTest" classname="Philips.PMP.Test.Auto.StitchTest" time="0.006" status="1" />
    <testcase name="StitchRetrospectiveDataTest" classname="Philips.PMP.Test.Auto.StitchTest" time="0.006" status="1" />
    <testcase name="UserSavedStripStitchTest" classname="Philips.PMP.Test.Auto.StitchTest" time="0.007" status="1" />
    <testcase name="StitchPhysioDataTime" classname="Philips.PMP.Test.Auto.StitchTest" time="0.005" status="1" />
    <testcase name="StitchTimeWaveTest" classname="Philips.PMP.Test.Auto.StitchTest" time="0.021" status="1" />
    <testcase name="StitchReceivedDvcLogicOneEmptyInputTest" classname="Philips.PMP.Test.Auto.StitchTest" time="0.005" status="1" />
    <testcase name="StitchPhysioAvailableData" classname="Philips.PMP.Test.Auto.StitchTest" time="0.008" status="1" />
    <testcase name="StitchTimeMappingList" classname="Philips.PMP.Test.Auto.StitchTest" time="0.010" status="1" />
    <testcase name="StitchEnumerationCompoundValueTest" classname="Philips.PMP.Test.Auto.StitchTest" time="0.006" status="1" />
    <testcase name="ReceivedDvcStitchingLogicNoInputTest" classname="Philips.PMP.Test.Auto.StitchTest" time="0.008" status="1" />
    <testcase name="StitchEventEnumerationTest" classname="Philips.PMP.Test.Auto.StitchTest" time="0.014" status="1" />
    <testcase name="StitchAvailableTimeMappingList" classname="Philips.PMP.Test.Auto.StitchTest" time="0.007" status="1" />
    <testcase name="StitchGetNlsCatalogVersionTest" classname="Philips.PMP.Test.Auto.StitchTest" time="0.006" status="1" />
    <testcase name="DiscardedAlertStitchTest" classname="Philips.PMP.Test.Auto.StitchTest" time="0.020" status="1" />
    <testcase name="StitchCombineMetricDictsWithUniqueKeysTest" classname="Philips.PMP.Test.Auto.StitchTest" time="0.017" status="1" />
    <testcase name="StitchTimeMappingsForAllStaysTest" classname="Philips.PMP.Test.Auto.StitchTest" time="0.005" status="1" />
    <testcase name="StitchTimeMappingsWithIdenticalSeedsTest" classname="Philips.PMP.Test.Auto.StitchTest" time="0.006" status="1" />
    <testcase name="StitchReceivedDvcLogicThreeNonContinuousTest" classname="Philips.PMP.Test.Auto.StitchTest" time="0.005" status="1" />
    <testcase name="StitchReceivedDvcLogicTwoNonContinuousTest" classname="Philips.PMP.Test.Auto.StitchTest" time="0.005" status="1" />
    <testcase name="StitchPhysioEndedEvents" classname="Philips.PMP.Test.Auto.StitchTest" time="0.011" status="1" />
    <testcase name="StitchNotableIntervalTest" classname="Philips.PMP.Test.Auto.StitchTest" time="0.005" status="1" />
    <testcase name="StitchTimeMappingsWithDuplicatesTest" classname="Philips.PMP.Test.Auto.StitchTest" time="0.009" status="1" />
    <testcase name="AlertStitchTest" classname="Philips.PMP.Test.Auto.StitchTest" time="0.009" status="1" />
    <testcase name="StitchReceivedDvcLogicTwoEntriesCombinationsTest (100,200,100,200)" classname="Philips.PMP.Test.Auto.StitchTest" time="0.006" status="1" />
    <testcase name="StitchReceivedDvcLogicTwoEntriesCombinationsTest (100,100,100,200)" classname="Philips.PMP.Test.Auto.StitchTest" time="0.005" status="1" />
    <testcase name="StitchReceivedDvcLogicTwoEntriesCombinationsTest (100,250,100,250)" classname="Philips.PMP.Test.Auto.StitchTest" time="0.005" status="1" />
    <testcase name="StitchReceivedDvcLogicTwoEntriesCombinationsTest (125,175,100,200)" classname="Philips.PMP.Test.Auto.StitchTest" time="0.007" status="1" />
    <testcase name="StitchReceivedDvcLogicTwoEntriesCombinationsTest (125,200,100,200)" classname="Philips.PMP.Test.Auto.StitchTest" time="0.006" status="1" />
    <testcase name="StitchReceivedDvcLogicTwoEntriesCombinationsTest (125,225,100,225)" classname="Philips.PMP.Test.Auto.StitchTest" time="0.007" status="1" />
    <testcase name="StitchReceivedDvcLogicTwoEntriesCombinationsTest (125,225,100,225)" classname="Philips.PMP.Test.Auto.StitchTest" time="0.006" status="1" />
    <testcase name="StitchReceivedDvcLogicTwoEntriesCombinationsTest (125,225,100,225)" classname="Philips.PMP.Test.Auto.StitchTest" time="0.006" status="1" />
    <testcase name="StitchReceivedDvcLogicTwoEntriesCombinationsTest (200,200,100,200)" classname="Philips.PMP.Test.Auto.StitchTest" time="0.007" status="1" />
    <testcase name="StitchReceivedDvcLogicTwoEntriesCombinationsTest (200,250,100,250)" classname="Philips.PMP.Test.Auto.StitchTest" time="0.005" status="1" />
    <testcase name="StitchNumericTest" classname="Philips.PMP.Test.Auto.StitchTest" time="0.008" status="1" />
    <testcase name="StitchAlertPhysioDataTest" classname="Philips.PMP.Test.Auto.StitchTest" time="0.008" status="1" />
    <system-out />
    <system-err />
  </testsuite>
  <testsuite name="Philips.PMP.Test.Auto.MulticastAddressControlTest" hostname="RESTORMEL" package="not available" id="87" tests="2" failures="0" errors="0" skipped="0" time="0.554" timestamp="2023-12-13T03:37:29">
    <properties />
    <testcase name="RefreshAddressAssignmentTest" classname="Philips.PMP.Test.Auto.MulticastAddressControlTest" time="0.270" status="1" />
    <testcase name="RefreshAddressAssignmentMultiInstitutionTest" classname="Philips.PMP.Test.Auto.MulticastAddressControlTest" time="0.284" status="1" />
    <system-out />
    <system-err />
  </testsuite>
  <testsuite name="Philips.PMP.Test.Auto.WatchedProcessTest" hostname="RESTORMEL" package="not available" id="88" tests="9" failures="0" errors="0" skipped="0" time="3.189" timestamp="2023-12-13T03:38:29">
    <properties />
    <testcase name="WatchedProcessFailsToStart" classname="Philips.PMP.Test.Auto.WatchedProcessTest" time="0.004" status="1" />
    <testcase name="WatchedProcessBasicFunctionality" classname="Philips.PMP.Test.Auto.WatchedProcessTest" time="0.011" status="1" />
    <testcase name="WatchedProcessAutoStartFunctionality" classname="Philips.PMP.Test.Auto.WatchedProcessTest" time="0.004" status="1" />
    <testcase name="WatchedProcessMemoryDumpFunctionality" classname="Philips.PMP.Test.Auto.WatchedProcessTest" time="0.011" status="1" />
    <testcase name="WatchedProcessDelayedTest (True)" classname="Philips.PMP.Test.Auto.WatchedProcessTest" time="3.138" status="1" />
    <testcase name="WatchedProcessDelayedTest (False)" classname="Philips.PMP.Test.Auto.WatchedProcessTest" time="0.006" status="1" />
    <testcase name="WatchedProcessCanStartProcessWithoutWindow (True)" classname="Philips.PMP.Test.Auto.WatchedProcessTest" time="0.006" status="1" />
    <testcase name="WatchedProcessCanStartProcessWithoutWindow (False)" classname="Philips.PMP.Test.Auto.WatchedProcessTest" time="0.007" status="1" />
    <testcase name="WatchedProcessInfoFunctionality" classname="Philips.PMP.Test.Auto.WatchedProcessTest" time="0.002" status="1" />
    <system-out />
    <system-err />
  </testsuite>
  <testsuite name="Philips.PMP.Test.Auto.CustomQrsDetectionControlTest" hostname="RESTORMEL" package="not available" id="89" tests="2" failures="0" errors="0" skipped="0" time="0.050" timestamp="2023-12-13T03:30:21">
    <properties />
    <testcase name="AreWavesValidTestValidAndInvalidWaves" classname="Philips.PMP.Test.Auto.CustomQrsDetectionControlTest" time="0.018" status="1" />
    <testcase name="ThresholdDropdownUiTest" classname="Philips.PMP.Test.Auto.CustomQrsDetectionControlTest" time="0.032" status="1" />
    <system-out />
    <system-err />
  </testsuite>
  <testsuite name="Philips.PMP.Test.Auto.ReassuranceMeasurementHandlerTest" hostname="RESTORMEL" package="not available" id="90" tests="4" failures="0" errors="0" skipped="0" time="0.018" timestamp="2023-12-13T03:36:11">
    <properties />
    <testcase name="RequestSpo2AndNbpReassuranceMeasurementsExpectTwoTriggeredControls" classname="Philips.PMP.Test.Auto.ReassuranceMeasurementHandlerTest" time="0.002" status="1" />
    <testcase name="RequestMultipleSpo2ReassuranceMeasurementsWithinLongTimePeriodExpectTwoTriggeredControls" classname="Philips.PMP.Test.Auto.ReassuranceMeasurementHandlerTest" time="0.003" status="1" />
    <testcase name="RequestMultipleSpo2ReassuranceMeasurementsWithinShortTimePeriodExpectOneTriggeredControl" classname="Philips.PMP.Test.Auto.ReassuranceMeasurementHandlerTest" time="0.003" status="1" />
    <testcase name="RequestSpo2ReassuranceMeasurementExpectOneTriggeredControl" classname="Philips.PMP.Test.Auto.ReassuranceMeasurementHandlerTest" time="0.010" status="1" />
    <system-out />
    <system-err />
  </testsuite>
  <testsuite name="Philips.PMP.Test.Auto.InfoProviderTest" hostname="RESTORMEL" package="not available" id="91" tests="12" failures="0" errors="0" skipped="0" time="0.194" timestamp="2023-12-13T03:35:04">
    <properties />
    <testcase name="InfoProviderGetPrettyTimeTest" classname="Philips.PMP.Test.Auto.InfoProviderTest" time="0.005" status="1" />
    <testcase name="InfoProviderGetPrettyTimesTest" classname="Philips.PMP.Test.Auto.InfoProviderTest" time="0.008" status="1" />
    <testcase name="InfoProviderPrettyTimeOnInterval1Test" classname="Philips.PMP.Test.Auto.InfoProviderTest" time="0.005" status="1" />
    <testcase name="InfoProviderTimeMappingOutOfOrderThrowsException" classname="Philips.PMP.Test.Auto.InfoProviderTest" time="0.010" status="1" />
    <testcase name="InfoProviderPrettyTimeOnIntervalTest" classname="Philips.PMP.Test.Auto.InfoProviderTest" time="0.005" status="1" />
    <testcase name="InfoProviderGetMultiPrettyTimesTest" classname="Philips.PMP.Test.Auto.InfoProviderTest" time="0.008" status="1" />
    <testcase name="InfoProviderTimeHandlingTest" classname="Philips.PMP.Test.Auto.InfoProviderTest" time="0.024" status="1" />
    <testcase name="InfoProviderDstTimeChangesBackTest" classname="Philips.PMP.Test.Auto.InfoProviderTest" time="0.009" status="1" />
    <testcase name="TickleReadsTest" classname="Philips.PMP.Test.Auto.InfoProviderTest" time="0.104" status="1" />
    <testcase name="InfoProviderDstTimeChangesForwardTest" classname="Philips.PMP.Test.Auto.InfoProviderTest" time="0.005" status="1" />
    <testcase name="InfoProviderGetPrettyTimesDirectionUp" classname="Philips.PMP.Test.Auto.InfoProviderTest" time="0.006" status="1" />
    <testcase name="InfoProviderPrettyTimeOnInterval2Test" classname="Philips.PMP.Test.Auto.InfoProviderTest" time="0.005" status="1" />
    <system-out />
    <system-err />
  </testsuite>
  <testsuite name="Philips.PMP.Test.Auto.EfficiaInstrumentTest" hostname="RESTORMEL" package="not available" id="92" tests="36" failures="0" errors="0" skipped="0" time="0.698" timestamp="2023-12-13T03:33:37">
    <properties />
    <testcase name="EfficiaInstrumentDisconnectTest" classname="Philips.PMP.Test.Auto.EfficiaInstrumentTest" time="0.521" status="1" />
    <testcase name="EfficiaInstrumentProcessSetCcoTest" classname="Philips.PMP.Test.Auto.EfficiaInstrumentTest" time="0.002" status="1" />
    <testcase name="EfficiaInstrumentGasUomIsParsed (MmHg,MMHG)" classname="Philips.PMP.Test.Auto.EfficiaInstrumentTest" time="0.002" status="1" />
    <testcase name="EfficiaInstrumentGasUomIsParsed (Kpa,KILO_PASCAL)" classname="Philips.PMP.Test.Auto.EfficiaInstrumentTest" time="0.006" status="1" />
    <testcase name="EfficiaInstrumentGasUomIsParsed (Percent,PERCENT)" classname="Philips.PMP.Test.Auto.EfficiaInstrumentTest" time="0.003" status="1" />
    <testcase name="EfficiaInstrumentGasUomIsParsed (Invalid,MMHG)" classname="Philips.PMP.Test.Auto.EfficiaInstrumentTest" time="0.002" status="1" />
    <testcase name="EfficiaInstrumentProcessEcgLeadSettingTest" classname="Philips.PMP.Test.Auto.EfficiaInstrumentTest" time="0.002" status="1" />
    <testcase name="EfficiaInstrumentGasN2oUomIsParsed (Mac,DIMLESS)" classname="Philips.PMP.Test.Auto.EfficiaInstrumentTest" time="0.003" status="1" />
    <testcase name="EfficiaInstrumentGasN2oUomIsParsed (Percent,PERCENT)" classname="Philips.PMP.Test.Auto.EfficiaInstrumentTest" time="0.002" status="1" />
    <testcase name="EfficiaInstrumentGasN2oUomIsParsed (Invalid,PERCENT)" classname="Philips.PMP.Test.Auto.EfficiaInstrumentTest" time="0.002" status="1" />
    <testcase name="EfficiaInstrumentProcessMessageThrowExceptionTest" classname="Philips.PMP.Test.Auto.EfficiaInstrumentTest" time="0.016" status="1" />
    <testcase name="EfficiaInstrumentPressureIbpUomIsParsed (MmHg,MMHG)" classname="Philips.PMP.Test.Auto.EfficiaInstrumentTest" time="0.002" status="1" />
    <testcase name="EfficiaInstrumentPressureIbpUomIsParsed (Kpa,KILO_PASCAL)" classname="Philips.PMP.Test.Auto.EfficiaInstrumentTest" time="0.002" status="1" />
    <testcase name="EfficiaInstrumentPressureIbpUomIsParsed (CmH2o,CM_H2O)" classname="Philips.PMP.Test.Auto.EfficiaInstrumentTest" time="0.002" status="1" />
    <testcase name="EfficiaInstrumentPressureIbpUomIsParsed (Invalid,MMHG)" classname="Philips.PMP.Test.Auto.EfficiaInstrumentTest" time="0.002" status="1" />
    <testcase name="EfficiaInstrumentPressureUomIsParsed (MmHg,MMHG)" classname="Philips.PMP.Test.Auto.EfficiaInstrumentTest" time="0.007" status="1" />
    <testcase name="EfficiaInstrumentPressureUomIsParsed (Kpa,KILO_PASCAL)" classname="Philips.PMP.Test.Auto.EfficiaInstrumentTest" time="0.003" status="1" />
    <testcase name="EfficiaInstrumentPressureUomIsParsed (CmH2o,CM_H2O)" classname="Philips.PMP.Test.Auto.EfficiaInstrumentTest" time="0.002" status="1" />
    <testcase name="EfficiaInstrumentPressureUomIsParsed (Invalid,MMHG)" classname="Philips.PMP.Test.Auto.EfficiaInstrumentTest" time="0.002" status="1" />
    <testcase name="EfficiaInstrumentPressureCo2UomIsParsed (MmHg,MMHG)" classname="Philips.PMP.Test.Auto.EfficiaInstrumentTest" time="0.002" status="1" />
    <testcase name="EfficiaInstrumentPressureCo2UomIsParsed (Kpa,KILO_PASCAL)" classname="Philips.PMP.Test.Auto.EfficiaInstrumentTest" time="0.002" status="1" />
    <testcase name="EfficiaInstrumentPressureCo2UomIsParsed (CmH2o,CM_H2O)" classname="Philips.PMP.Test.Auto.EfficiaInstrumentTest" time="0.002" status="1" />
    <testcase name="EfficiaInstrumentPressureCo2UomIsParsed (Invalid,MMHG)" classname="Philips.PMP.Test.Auto.EfficiaInstrumentTest" time="0.002" status="1" />
    <testcase name="EfficiaInstrumentSphbUomIsParsed (GPerDL,X_G_PER_DL)" classname="Philips.PMP.Test.Auto.EfficiaInstrumentTest" time="0.004" status="1" />
    <testcase name="EfficiaInstrumentSphbUomIsParsed (MilliMolePerL,MILLI_MOLE_PER_L)" classname="Philips.PMP.Test.Auto.EfficiaInstrumentTest" time="0.002" status="1" />
    <testcase name="EfficiaInstrumentSphbUomIsParsed (Invalid,X_G_PER_DL)" classname="Philips.PMP.Test.Auto.EfficiaInstrumentTest" time="0.002" status="1" />
    <testcase name="EfficiaInstrumentTempUomIsParsed (Celsius,DEGC)" classname="Philips.PMP.Test.Auto.EfficiaInstrumentTest" time="0.003" status="1" />
    <testcase name="EfficiaInstrumentTempUomIsParsed (Fahrenheit,FAHR)" classname="Philips.PMP.Test.Auto.EfficiaInstrumentTest" time="0.002" status="1" />
    <testcase name="EfficiaInstrumentTempUomIsParsed (Invalid,DEGC)" classname="Philips.PMP.Test.Auto.EfficiaInstrumentTest" time="0.002" status="1" />
    <testcase name="EfficiaInstrumentProcessSetBarometricPressureTest" classname="Philips.PMP.Test.Auto.EfficiaInstrumentTest" time="0.067" status="1" />
    <testcase name="EfficiaInstrumentProcessSetNewFeatureTest" classname="Philips.PMP.Test.Auto.EfficiaInstrumentTest" time="0.004" status="1" />
    <testcase name="EfficiaInstrumentProcessUomTest" classname="Philips.PMP.Test.Auto.EfficiaInstrumentTest" time="0.017" status="1" />
    <testcase name="EfficiaInstrumentPressureCvpUomIsParsed (MmHg,MMHG)" classname="Philips.PMP.Test.Auto.EfficiaInstrumentTest" time="0.003" status="1" />
    <testcase name="EfficiaInstrumentPressureCvpUomIsParsed (Kpa,KILO_PASCAL)" classname="Philips.PMP.Test.Auto.EfficiaInstrumentTest" time="0.002" status="1" />
    <testcase name="EfficiaInstrumentPressureCvpUomIsParsed (CmH2o,CM_H2O)" classname="Philips.PMP.Test.Auto.EfficiaInstrumentTest" time="0.002" status="1" />
    <testcase name="EfficiaInstrumentPressureCvpUomIsParsed (Invalid,MMHG)" classname="Philips.PMP.Test.Auto.EfficiaInstrumentTest" time="0.002" status="1" />
    <system-out />
    <system-err />
  </testsuite>
  <testsuite name="Philips.PMP.Test.Auto.MessageProviderTest" hostname="RESTORMEL" package="not available" id="93" tests="1" failures="0" errors="0" skipped="0" time="0.795" timestamp="2023-12-13T03:29:40">
    <properties />
    <testcase name="GetScheduleMessagesTest" classname="Philips.PMP.Test.Auto.MessageProviderTest" time="0.795" status="1" />
    <system-out />
    <system-err />
  </testsuite>
  <testsuite name="Philips.PMP.Test.Auto.PhysioDataResponseTest" hostname="RESTORMEL" package="not available" id="94" tests="1" failures="0" errors="0" skipped="0" time="0.014" timestamp="2023-12-13T03:34:34">
    <properties />
    <testcase name="ParsePhysioDataResponseInfoObjects" classname="Philips.PMP.Test.Auto.PhysioDataResponseTest" time="0.014" status="1" />
    <system-out />
    <system-err />
  </testsuite>
  <testsuite name="Philips.PMP.Test.Auto.TopologyTreeControlTest" hostname="RESTORMEL" package="not available" id="95" tests="10" failures="0" errors="0" skipped="0" time="1.792" timestamp="2023-12-13T03:38:13">
    <properties />
    <testcase name="TopologyTreeControlTopologyTreeChecked" classname="Philips.PMP.Test.Auto.TopologyTreeControlTest" time="0.257" status="1" />
    <testcase name="TopologyTreeControlIntelliBridgeLanTopologySource" classname="Philips.PMP.Test.Auto.TopologyTreeControlTest" time="0.367" status="1" />
    <testcase name="TopologyTreeControlDynamicTopologySource" classname="Philips.PMP.Test.Auto.TopologyTreeControlTest" time="0.255" status="1" />
    <testcase name="TopologyTreeControlSelectMyHost" classname="Philips.PMP.Test.Auto.TopologyTreeControlTest" time="0.281" status="1" />
    <testcase name="TopologyTreeControlTopologyTree" classname="Philips.PMP.Test.Auto.TopologyTreeControlTest" time="0.308" status="1" />
    <testcase name="TopologyTreeControlDatabaseTopologySource" classname="Philips.PMP.Test.Auto.TopologyTreeControlTest" time="0.242" status="1" />
    <testcase name="TopologyTreeControlTryGetSelectedItemsParentAndGrandParent (0,False,False)" classname="Philips.PMP.Test.Auto.TopologyTreeControlTest" time="0.020" status="1" />
    <testcase name="TopologyTreeControlTryGetSelectedItemsParentAndGrandParent (1,False,False)" classname="Philips.PMP.Test.Auto.TopologyTreeControlTest" time="0.020" status="1" />
    <testcase name="TopologyTreeControlTryGetSelectedItemsParentAndGrandParent (2,False,True)" classname="Philips.PMP.Test.Auto.TopologyTreeControlTest" time="0.019" status="1" />
    <testcase name="TopologyTreeControlTryGetSelectedItemsParentAndGrandParent (3,True,True)" classname="Philips.PMP.Test.Auto.TopologyTreeControlTest" time="0.023" status="1" />
    <system-out />
    <system-err />
  </testsuite>
  <testsuite name="Philips.PMP.Test.Auto.EcgIpmFilterTest" hostname="RESTORMEL" package="not available" id="96" tests="29" failures="0" errors="0" skipped="0" time="0.433" timestamp="2023-12-13T03:29:50">
    <properties />
    <testcase name="EcgSignalFiltersPedDiag150HzTest" classname="Philips.PMP.Test.Auto.EcgIpmFilterTest" time="0.004" status="1" />
    <testcase name="EcgSignalFiltersPedMonitorExt150HzTest" classname="Philips.PMP.Test.Auto.EcgIpmFilterTest" time="0.002" status="1" />
    <testcase name="EcgSignalFiltersAdultEcgFilter05HzTest" classname="Philips.PMP.Test.Auto.EcgIpmFilterTest" time="0.006" status="1" />
    <testcase name="EcgSignalFiltersAdultDiag005HzTest" classname="Philips.PMP.Test.Auto.EcgIpmFilterTest" time="0.045" status="1" />
    <testcase name="EcgSignalFiltersPedEcgFilter20HzTest" classname="Philips.PMP.Test.Auto.EcgIpmFilterTest" time="0.002" status="1" />
    <testcase name="EcgTestFiltersDontUseNonValidSamples" classname="Philips.PMP.Test.Auto.EcgIpmFilterTest" time="0.003" status="1" />
    <testcase name="EcgSignalFiltersAdultEcgMonitor40HzTest" classname="Philips.PMP.Test.Auto.EcgIpmFilterTest" time="0.004" status="1" />
    <testcase name="EcgSignalFiltersAdultDiag5HzTest" classname="Philips.PMP.Test.Auto.EcgIpmFilterTest" time="0.010" status="1" />
    <testcase name="EcgIpmFilterPacerDelayTest" classname="Philips.PMP.Test.Auto.EcgIpmFilterTest" time="0.260" status="1" />
    <testcase name="EcgSignalFiltersPedEcgFilter05HzTest" classname="Philips.PMP.Test.Auto.EcgIpmFilterTest" time="0.007" status="1" />
    <testcase name="EcgIpmLowPassFilterTest40Hz" classname="Philips.PMP.Test.Auto.EcgIpmFilterTest" time="0.001" status="1" />
    <testcase name="EcgSignalFiltersAdultDiag150HzTest" classname="Philips.PMP.Test.Auto.EcgIpmFilterTest" time="0.001" status="1" />
    <testcase name="EcgIpmNotch50FilterTest" classname="Philips.PMP.Test.Auto.EcgIpmFilterTest" time="0.001" status="1" />
    <testcase name="EcgSignalFiltersAdultMonitorExt05HzTest" classname="Philips.PMP.Test.Auto.EcgIpmFilterTest" time="0.005" status="1" />
    <testcase name="EcgDelayAdderDiagnosticQualityTest" classname="Philips.PMP.Test.Auto.EcgIpmFilterTest" time="0.001" status="1" />
    <testcase name="EcgIpmVerifyFilteringReturnsAllWaves" classname="Philips.PMP.Test.Auto.EcgIpmFilterTest" time="0.002" status="1" />
    <testcase name="EcgTestFiltersRespectPreviousSampleLogic" classname="Philips.PMP.Test.Auto.EcgIpmFilterTest" time="0.002" status="1" />
    <testcase name="EcgIpmFilterPacerRemovalTest" classname="Philips.PMP.Test.Auto.EcgIpmFilterTest" time="0.008" status="1" />
    <testcase name="EcgIpmNotch60FilterTest" classname="Philips.PMP.Test.Auto.EcgIpmFilterTest" time="0.001" status="1" />
    <testcase name="EcgSignalFiltersAdultMonitorExt150HzTest" classname="Philips.PMP.Test.Auto.EcgIpmFilterTest" time="0.001" status="1" />
    <testcase name="EcgSignalFiltersPedEcgMonitor05HzTest" classname="Philips.PMP.Test.Auto.EcgIpmFilterTest" time="0.005" status="1" />
    <testcase name="EcgSignalFiltersAdultEcgMonitor05HzTest" classname="Philips.PMP.Test.Auto.EcgIpmFilterTest" time="0.005" status="1" />
    <testcase name="EcgIpmLowPassFilterTest60Hz" classname="Philips.PMP.Test.Auto.EcgIpmFilterTest" time="0.001" status="1" />
    <testcase name="EcgSignalQuality12LeadNotchFilterTest" classname="Philips.PMP.Test.Auto.EcgIpmFilterTest" time="0.014" status="1" />
    <testcase name="EcgSignalFiltersAdultEcgFilter20HzTest" classname="Philips.PMP.Test.Auto.EcgIpmFilterTest" time="0.004" status="1" />
    <testcase name="EcgSignalFiltersPedMonitorExt05HzTest" classname="Philips.PMP.Test.Auto.EcgIpmFilterTest" time="0.008" status="1" />
    <testcase name="EcgIpmHighPassFilterTestHp" classname="Philips.PMP.Test.Auto.EcgIpmFilterTest" time="0.008" status="1" />
    <testcase name="EcgSignalFiltersPedEcgMonitor55HzTest" classname="Philips.PMP.Test.Auto.EcgIpmFilterTest" time="0.001" status="1" />
    <testcase name="EcgSignalFiltersPedDiag005HzTest" classname="Philips.PMP.Test.Auto.EcgIpmFilterTest" time="0.022" status="1" />
    <system-out />
    <system-err />
  </testsuite>
  <testsuite name="Philips.PMP.Test.Auto.PatientDataExportStorageWorkerTest" hostname="RESTORMEL" package="not available" id="97" tests="8" failures="0" errors="0" skipped="0" time="0.200" timestamp="2023-12-13T03:34:43">
    <properties />
    <testcase name="ReportSystemStatusIsCalledOnFailedNumericStorage" classname="Philips.PMP.Test.Auto.PatientDataExportStorageWorkerTest" time="0.020" status="1" />
    <testcase name="ClearSystemStatusIsCalledOnSuccessfulEnumerationStorage" classname="Philips.PMP.Test.Auto.PatientDataExportStorageWorkerTest" time="0.029" status="1" />
    <testcase name="ReportSystemStatusIsCalledOnFailedWaveStorage" classname="Philips.PMP.Test.Auto.PatientDataExportStorageWorkerTest" time="0.020" status="1" />
    <testcase name="ClearSystemStatusIsCalledOnSuccessfulAlertStorage" classname="Philips.PMP.Test.Auto.PatientDataExportStorageWorkerTest" time="0.029" status="1" />
    <testcase name="ClearSystemStatusIsCalledOnSuccessfulNumericStorage" classname="Philips.PMP.Test.Auto.PatientDataExportStorageWorkerTest" time="0.031" status="1" />
    <testcase name="ReportSystemStatusIsCalledOnFailedEnumerationStorage" classname="Philips.PMP.Test.Auto.PatientDataExportStorageWorkerTest" time="0.020" status="1" />
    <testcase name="ClearSystemStatusIsCalledOnSuccessfulWaveStorage" classname="Philips.PMP.Test.Auto.PatientDataExportStorageWorkerTest" time="0.026" status="1" />
    <testcase name="ReportSystemStatusIsCalledOnFailedAlertStorage" classname="Philips.PMP.Test.Auto.PatientDataExportStorageWorkerTest" time="0.025" status="1" />
    <system-out />
    <system-err />
  </testsuite>
  <testsuite name="Philips.PMP.Test.Auto.PatientDataExportFileTest" hostname="RESTORMEL" package="not available" id="98" tests="34" failures="0" errors="0" skipped="0" time="3.947" timestamp="2023-12-13T03:32:50">
    <properties />
    <testcase name="PdxWhenEndDateIsMissingExportPatientListOnly" classname="Philips.PMP.Test.Auto.PatientDataExportFileTest" time="0.040" status="1" />
    <testcase name="PdxNumericsAreExportedCorrectly" classname="Philips.PMP.Test.Auto.PatientDataExportFileTest" time="0.096" status="1" />
    <testcase name="PdxWhenStartDateIsMissingExportPatientListOnly" classname="Philips.PMP.Test.Auto.PatientDataExportFileTest" time="0.078" status="1" />
    <testcase name="PdxInfoFileHasExpectedName" classname="Philips.PMP.Test.Auto.PatientDataExportFileTest" time="0.119" status="1" />
    <testcase name="PdxExportHasCorrectFolderCount" classname="Philips.PMP.Test.Auto.PatientDataExportFileTest" time="0.090" status="1" />
    <testcase name="PdxWaveFileHasExpectedName (8c37fcfb-37e8-4f8d-a030-972da0dcfbab,Model,SerialNumber)" classname="Philips.PMP.Test.Auto.PatientDataExportFileTest" time="0.084" status="1" />
    <testcase name="PdxWaveFileHasExpectedName (782c29ae-76a6-44b8-9566-f772cecd5852,ChildModel,ChildSerialNumber)" classname="Philips.PMP.Test.Auto.PatientDataExportFileTest" time="0.083" status="1" />
    <testcase name="PdxValueChangingHeaderFile" classname="Philips.PMP.Test.Auto.PatientDataExportFileTest" time="0.105" status="1" />
    <testcase name="PdxCorrectNonEcgHeaderFile" classname="Philips.PMP.Test.Auto.PatientDataExportFileTest" time="0.089" status="1" />
    <testcase name="PdxEnumerationFileHasExpectedName" classname="Philips.PMP.Test.Auto.PatientDataExportFileTest" time="0.194" status="1" />
    <testcase name="PdxCorrectNumericCountIsExported" classname="Philips.PMP.Test.Auto.PatientDataExportFileTest" time="0.208" status="1" />
    <testcase name="PdxClockFileHasExpectedName" classname="Philips.PMP.Test.Auto.PatientDataExportFileTest" time="0.083" status="1" />
    <testcase name="PdxCorrectEnumerationFilesAreExported" classname="Philips.PMP.Test.Auto.PatientDataExportFileTest" time="0.134" status="1" />
    <testcase name="PdxNumericFileHasExpectedName" classname="Philips.PMP.Test.Auto.PatientDataExportFileTest" time="0.103" status="1" />
    <testcase name="PdxExportIsCalledWithExpectedParams" classname="Philips.PMP.Test.Auto.PatientDataExportFileTest" time="0.173" status="1" />
    <testcase name="PdxInvalidSamplesFileHasExpectedName" classname="Philips.PMP.Test.Auto.PatientDataExportFileTest" time="0.145" status="1" />
    <testcase name="PdxAlertFileHasExpectedName" classname="Philips.PMP.Test.Auto.PatientDataExportFileTest" time="0.062" status="1" />
    <testcase name="PdxCompressedFileHasExpectedName" classname="Philips.PMP.Test.Auto.PatientDataExportFileTest" time="0.047" status="1" />
    <testcase name="PdxCorrectPatientListFile" classname="Philips.PMP.Test.Auto.PatientDataExportFileTest" time="0.103" status="1" />
    <testcase name="PdxFileExportDoesNotFilterPeriodicNumericValues" classname="Philips.PMP.Test.Auto.PatientDataExportFileTest" time="0.098" status="1" />
    <testcase name="PdxCorrectInfoFileIsExported (8c37fcfb-37e8-4f8d-a030-972da0dcfbab,Model,SerialNumber)" classname="Philips.PMP.Test.Auto.PatientDataExportFileTest" time="0.110" status="1" />
    <testcase name="PdxCorrectInfoFileIsExported (782c29ae-76a6-44b8-9566-f772cecd5852,ChildModel,ChildSerialNumber)" classname="Philips.PMP.Test.Auto.PatientDataExportFileTest" time="0.160" status="1" />
    <testcase name="PdxAnnotationStartsBeginningOfStay" classname="Philips.PMP.Test.Auto.PatientDataExportFileTest" time="0.367" status="1" />
    <testcase name="PdxCheckConsolidatedAlerts" classname="Philips.PMP.Test.Auto.PatientDataExportFileTest" time="0.150" status="1" />
    <testcase name="PdxConsolidatedAlertsAreNotExportedWithEmptyTimeRange" classname="Philips.PMP.Test.Auto.PatientDataExportFileTest" time="0.040" status="1" />
    <testcase name="PdxCorrectHeaderFile (8c37fcfb-37e8-4f8d-a030-972da0dcfbab)" classname="Philips.PMP.Test.Auto.PatientDataExportFileTest" time="0.149" status="1" />
    <testcase name="PdxCorrectHeaderFile (782c29ae-76a6-44b8-9566-f772cecd5852)" classname="Philips.PMP.Test.Auto.PatientDataExportFileTest" time="0.106" status="1" />
    <testcase name="PdxCorrectWaveCountIsExported" classname="Philips.PMP.Test.Auto.PatientDataExportFileTest" time="0.249" status="1" />
    <testcase name="PdxDataWithDifferentStaysAreInDifferentFolders" classname="Philips.PMP.Test.Auto.PatientDataExportFileTest" time="0.067" status="1" />
    <testcase name="PdxPacedPulsesOnlyEcgFilesAreExported" classname="Philips.PMP.Test.Auto.PatientDataExportFileTest" time="0.106" status="1" />
    <testcase name="PdxCorrectDateDirectoryCountIsExported (11/2/2020 10:21:59 PM -05:00,4)" classname="Philips.PMP.Test.Auto.PatientDataExportFileTest" time="0.071" status="1" />
    <testcase name="PdxCorrectDateDirectoryCountIsExported (11/2/2020 11:21:59 PM -05:00,3)" classname="Philips.PMP.Test.Auto.PatientDataExportFileTest" time="0.068" status="1" />
    <testcase name="PdxCorrectDateDirectoryCountIsExported (03/14/2021 01:21:59 AM -05:00,4)" classname="Philips.PMP.Test.Auto.PatientDataExportFileTest" time="0.071" status="1" />
    <testcase name="PdxCorrectDateDirectoryCountIsExported (03/14/2021 02:21:59 AM -05:00,4)" classname="Philips.PMP.Test.Auto.PatientDataExportFileTest" time="0.102" status="1" />
    <system-out />
    <system-err />
  </testsuite>
  <testsuite name="Philips.PMP.Test.Auto.CatalogConfigControlTest" hostname="RESTORMEL" package="not available" id="99" tests="6" failures="0" errors="0" skipped="0" time="0.495" timestamp="2023-12-13T03:33:44">
    <properties />
    <testcase name="RevertToFactoryDefaultsShouldPublish" classname="Philips.PMP.Test.Auto.CatalogConfigControlTest" time="0.037" status="1" />
    <testcase name="UpdateCustomCategoryIdShouldChangeCategoryId" classname="Philips.PMP.Test.Auto.CatalogConfigControlTest" time="0.036" status="1" />
    <testcase name="CopyCustomSubCategoryTwiceShouldNotResetCategoryId" classname="Philips.PMP.Test.Auto.CatalogConfigControlTest" time="0.040" status="1" />
    <testcase name="CopyCatalogShouldCopySuccessfullyIfCustomCategoriesExist" classname="Philips.PMP.Test.Auto.CatalogConfigControlTest" time="0.050" status="1" />
    <testcase name="SetDefaultProductShouldSetPhilipsPatientMonitoring" classname="Philips.PMP.Test.Auto.CatalogConfigControlTest" time="0.051" status="1" />
    <testcase name="LoadSettingsHappyPath" classname="Philips.PMP.Test.Auto.CatalogConfigControlTest" time="0.281" status="1" />
    <system-out />
    <system-err />
  </testsuite>
  <testsuite name="Philips.PMP.Test.Auto.DataAtRestSecurityQualifierTest" hostname="RESTORMEL" package="not available" id="100" tests="14" failures="0" errors="0" skipped="0" time="0.085" timestamp="2023-12-13T03:29:43">
    <properties />
    <testcase name="DataAtRestSecurityQualifierVerify (0,0,Success)" classname="Philips.PMP.Test.Auto.DataAtRestSecurityQualifierTest" time="0.057" status="1" />
    <testcase name="DataAtRestSecurityQualifierVerify (1,0,Failure)" classname="Philips.PMP.Test.Auto.DataAtRestSecurityQualifierTest" time="0.003" status="1" />
    <testcase name="DataAtRestSecurityQualifierVerify (2,0,Failure)" classname="Philips.PMP.Test.Auto.DataAtRestSecurityQualifierTest" time="0.001" status="1" />
    <testcase name="DataAtRestSecurityQualifierVerify (0,1,Failure)" classname="Philips.PMP.Test.Auto.DataAtRestSecurityQualifierTest" time="0.000" status="1" />
    <testcase name="DataAtRestSecurityQualifierVerify (0,2,Failure)" classname="Philips.PMP.Test.Auto.DataAtRestSecurityQualifierTest" time="0.000" status="1" />
    <testcase name="DataAtRestSecurityQualifierVerify (1,1,Failure)" classname="Philips.PMP.Test.Auto.DataAtRestSecurityQualifierTest" time="0.000" status="1" />
    <testcase name="DataAtRestSecurityQualifierVerify (2,2,Failure)" classname="Philips.PMP.Test.Auto.DataAtRestSecurityQualifierTest" time="0.000" status="1" />
    <testcase name="DataAtRestSecurityQualifierCorrect (0,0)" classname="Philips.PMP.Test.Auto.DataAtRestSecurityQualifierTest" time="0.003" status="1" />
    <testcase name="DataAtRestSecurityQualifierCorrect (1,0)" classname="Philips.PMP.Test.Auto.DataAtRestSecurityQualifierTest" time="0.004" status="1" />
    <testcase name="DataAtRestSecurityQualifierCorrect (2,0)" classname="Philips.PMP.Test.Auto.DataAtRestSecurityQualifierTest" time="0.001" status="1" />
    <testcase name="DataAtRestSecurityQualifierCorrect (0,1)" classname="Philips.PMP.Test.Auto.DataAtRestSecurityQualifierTest" time="0.011" status="1" />
    <testcase name="DataAtRestSecurityQualifierCorrect (0,2)" classname="Philips.PMP.Test.Auto.DataAtRestSecurityQualifierTest" time="0.001" status="1" />
    <testcase name="DataAtRestSecurityQualifierCorrect (1,1)" classname="Philips.PMP.Test.Auto.DataAtRestSecurityQualifierTest" time="0.001" status="1" />
    <testcase name="DataAtRestSecurityQualifierCorrect (2,2)" classname="Philips.PMP.Test.Auto.DataAtRestSecurityQualifierTest" time="0.001" status="1" />
    <system-out />
    <system-err />
  </testsuite>
  <testsuite name="Philips.CareEvent.Test.CareAssignmentOverviewRoleCheckerTest" hostname="RESTORMEL" package="not available" id="101" tests="11" failures="0" errors="0" skipped="0" time="0.302" timestamp="2023-12-13T03:28:13">
    <properties />
    <testcase name="CompoundValidationFailures" classname="Philips.CareEvent.Test.CareAssignmentOverviewRoleCheckerTest" time="0.001" status="1" />
    <testcase name="ValidateUserSettingsRequest" classname="Philips.CareEvent.Test.CareAssignmentOverviewRoleCheckerTest" time="0.002" status="1" />
    <testcase name="OtherUnitPopConfiguration" classname="Philips.CareEvent.Test.CareAssignmentOverviewRoleCheckerTest" time="0.008" status="1" />
    <testcase name="IsOverviewRoleAvailableFalseWhenItIsPartOfOtherUnit" classname="Philips.CareEvent.Test.CareAssignmentOverviewRoleCheckerTest" time="0.002" status="1" />
    <testcase name="FilterPotentialDelegates" classname="Philips.CareEvent.Test.CareAssignmentOverviewRoleCheckerTest" time="0.005" status="1" />
    <testcase name="ThisUnitPopConfiguration" classname="Philips.CareEvent.Test.CareAssignmentOverviewRoleCheckerTest" time="0.001" status="1" />
    <testcase name="IsOverviewRoleAvailableFalseWhenWeThereAreMoreThanMaxBedAssignments" classname="Philips.CareEvent.Test.CareAssignmentOverviewRoleCheckerTest" time="0.001" status="1" />
    <testcase name="CheckNullOverViewRoleOnValidate" classname="Philips.CareEvent.Test.CareAssignmentOverviewRoleCheckerTest" time="0.001" status="1" />
    <testcase name="NumberOfOverviewCaregroupAssignments" classname="Philips.CareEvent.Test.CareAssignmentOverviewRoleCheckerTest" time="0.017" status="1" />
    <testcase name="CaregiversAvailableFromNoPopupUnits" classname="Philips.CareEvent.Test.CareAssignmentOverviewRoleCheckerTest" time="0.001" status="1" />
    <testcase name="NumberOfBedAssignments" classname="Philips.CareEvent.Test.CareAssignmentOverviewRoleCheckerTest" time="0.262" status="1" />
    <system-out />
    <system-err />
  </testsuite>
  <testsuite name="Philips.PMP.Test.Auto.EventCategorySettingsProviderTest" hostname="RESTORMEL" package="not available" id="102" tests="20" failures="0" errors="0" skipped="0" time="7.307" timestamp="2023-12-13T03:32:37">
    <properties />
    <testcase name="GetPPMEventCategorySettingEventProductIsNotEnabled" classname="Philips.PMP.Test.Auto.EventCategorySettingsProviderTest" time="0.314" status="1" />
    <testcase name="LoadCacheForEnabledUnits" classname="Philips.PMP.Test.Auto.EventCategorySettingsProviderTest" time="0.421" status="1" />
    <testcase name="GetDefaultSettingsForNewCategory" classname="Philips.PMP.Test.Auto.EventCategorySettingsProviderTest" time="0.758" status="1" />
    <testcase name="UpateSettingsForAllEvent" classname="Philips.PMP.Test.Auto.EventCategorySettingsProviderTest" time="0.420" status="1" />
    <testcase name="GetEventCategorySettingsForPPMAndGuardianShouldFindOneSharedCategory" classname="Philips.PMP.Test.Auto.EventCategorySettingsProviderTest" time="0.327" status="1" />
    <testcase name="EventCategorySettingsProviderGetInUseTest" classname="Philips.PMP.Test.Auto.EventCategorySettingsProviderTest" time="0.007" status="1" />
    <testcase name="LoadCacheForEnabledUnitsWithNewEventCategoryAndDefaultSettingsIsNotAvailable" classname="Philips.PMP.Test.Auto.EventCategorySettingsProviderTest" time="0.888" status="1" />
    <testcase name="ResetFactoryDefaults" classname="Philips.PMP.Test.Auto.EventCategorySettingsProviderTest" time="0.439" status="1" />
    <testcase name="LoadCacheForEnabledUnitsWithOverrideSettings" classname="Philips.PMP.Test.Auto.EventCategorySettingsProviderTest" time="0.419" status="1" />
    <testcase name="SetEventCategorySettingsShouldSetCustomEventCategory" classname="Philips.PMP.Test.Auto.EventCategorySettingsProviderTest" time="0.428" status="1" />
    <testcase name="GetEventCategorySettingsInSettingsTextHelperMustReturnCorrectFormat" classname="Philips.PMP.Test.Auto.EventCategorySettingsProviderTest" time="0.006" status="1" />
    <testcase name="SetNotConfiguredRingtonShouldStoreSettingsSuccessfully" classname="Philips.PMP.Test.Auto.EventCategorySettingsProviderTest" time="0.388" status="1" />
    <testcase name="CopyFromUnitThatDoNotHaveCustomCategoryToUnitThatHasCustomCategory" classname="Philips.PMP.Test.Auto.EventCategorySettingsProviderTest" time="0.698" status="1" />
    <testcase name="PopulateFactoryEventCategorySettings (True,1)" classname="Philips.PMP.Test.Auto.EventCategorySettingsProviderTest" time="0.055" status="1" />
    <testcase name="PopulateFactoryEventCategorySettings (False,0)" classname="Philips.PMP.Test.Auto.EventCategorySettingsProviderTest" time="0.001" status="1" />
    <testcase name="ClearCacheOnNewEventCatalog" classname="Philips.PMP.Test.Auto.EventCategorySettingsProviderTest" time="0.320" status="1" />
    <testcase name="CopyEventCategorySettings" classname="Philips.PMP.Test.Auto.EventCategorySettingsProviderTest" time="0.508" status="1" />
    <testcase name="GetAllEventsDefaultValuesForSmartAndStandardPriority" classname="Philips.PMP.Test.Auto.EventCategorySettingsProviderTest" time="0.320" status="1" />
    <testcase name="ProductSettingChangesShouldClearSettingsCache" classname="Philips.PMP.Test.Auto.EventCategorySettingsProviderTest" time="0.296" status="1" />
    <testcase name="GetEventCategorySettingsShouldFindExtremeBrady" classname="Philips.PMP.Test.Auto.EventCategorySettingsProviderTest" time="0.295" status="1" />
    <system-out />
    <system-err />
  </testsuite>
  <testsuite name="Philips.CareEvent.Test.MobileStaffAssignmentMgrTests" hostname="RESTORMEL" package="not available" id="103" tests="15" failures="0" errors="0" skipped="0" time="1.518" timestamp="2023-12-13T03:28:14">
    <properties />
    <testcase name="GetUnitAndBedAssignmentIfOneUnitIsAvailable (True,False)" classname="Philips.CareEvent.Test.MobileStaffAssignmentMgrTests" time="0.018" status="1" />
    <testcase name="GetUnitAndBedAssignmentIfOneUnitIsAvailable (False,True)" classname="Philips.CareEvent.Test.MobileStaffAssignmentMgrTests" time="0.038" status="1" />
    <testcase name="ReturnUnitInfoWhenFavoritesAreSaved" classname="Philips.CareEvent.Test.MobileStaffAssignmentMgrTests" time="0.060" status="1" />
    <testcase name="DoNotReturnChargeRoleIfThatIsNotInNotificationRole" classname="Philips.CareEvent.Test.MobileStaffAssignmentMgrTests" time="0.011" status="1" />
    <testcase name="ClearRequestShouldReturnLatestAssignmentData" classname="Philips.CareEvent.Test.MobileStaffAssignmentMgrTests" time="0.049" status="1" />
    <testcase name="GetStaffAssignmentsUnavailableRoles" classname="Philips.CareEvent.Test.MobileStaffAssignmentMgrTests" time="0.013" status="1" />
    <testcase name="GetStaffAssignmentFailIfUserDoNotHaveRolesAssigned" classname="Philips.CareEvent.Test.MobileStaffAssignmentMgrTests" time="0.337" status="1" />
    <testcase name="StoreMobileStaffAssignmentIfMaxCaregiverViolatedThenFail" classname="Philips.CareEvent.Test.MobileStaffAssignmentMgrTests" time="0.076" status="1" />
    <testcase name="DisableOverviewRoleIfNotAvailable" classname="Philips.CareEvent.Test.MobileStaffAssignmentMgrTests" time="0.006" status="1" />
    <testcase name="ReplaceLocationAssignmentIfMaxCaregiverIsSetToOne" classname="Philips.CareEvent.Test.MobileStaffAssignmentMgrTests" time="0.052" status="1" />
    <testcase name="ClearStaffAssignmentRequest" classname="Philips.CareEvent.Test.MobileStaffAssignmentMgrTests" time="0.069" status="1" />
    <testcase name="GetStaffAssignments (True,True)" classname="Philips.CareEvent.Test.MobileStaffAssignmentMgrTests" time="0.022" status="1" />
    <testcase name="GetStaffAssignments (False,False)" classname="Philips.CareEvent.Test.MobileStaffAssignmentMgrTests" time="0.016" status="1" />
    <testcase name="StoreMobileStaffAssignmentSuccessScenario" classname="Philips.CareEvent.Test.MobileStaffAssignmentMgrTests" time="0.551" status="1" />
    <testcase name="MobileStaffAssignmentUnitRoles" classname="Philips.CareEvent.Test.MobileStaffAssignmentMgrTests" time="0.200" status="1" />
    <system-out />
    <system-err />
  </testsuite>
  <testsuite name="Philips.PMP.Test.Auto.Ecg12LeadOrderMgrTest" hostname="RESTORMEL" package="not available" id="104" tests="6" failures="0" errors="0" skipped="0" time="0.006" timestamp="2023-12-13T03:33:43">
    <properties />
    <testcase name="Ecg12LeadOrderMgrShouldRequestPatientOrdersTest (True,False,False,False,False)" classname="Philips.PMP.Test.Auto.Ecg12LeadOrderMgrTest" time="0.002" status="1" />
    <testcase name="Ecg12LeadOrderMgrShouldRequestPatientOrdersTest (False,True,False,False,False)" classname="Philips.PMP.Test.Auto.Ecg12LeadOrderMgrTest" time="0.000" status="1" />
    <testcase name="Ecg12LeadOrderMgrShouldRequestPatientOrdersTest (False,False,True,False,False)" classname="Philips.PMP.Test.Auto.Ecg12LeadOrderMgrTest" time="0.000" status="1" />
    <testcase name="Ecg12LeadOrderMgrShouldRequestPatientOrdersTest (False,False,False,True,False)" classname="Philips.PMP.Test.Auto.Ecg12LeadOrderMgrTest" time="0.001" status="1" />
    <testcase name="Ecg12LeadOrderMgrShouldRequestPatientOrdersTest (False,False,False,False,True)" classname="Philips.PMP.Test.Auto.Ecg12LeadOrderMgrTest" time="0.000" status="1" />
    <testcase name="Ecg12LeadOrderMgrGetStudyIdTest" classname="Philips.PMP.Test.Auto.Ecg12LeadOrderMgrTest" time="0.002" status="1" />
    <system-out />
    <system-err />
  </testsuite>
  <testsuite name="Philips.PMP.Test.Auto.EnterpriseProviderTest" hostname="RESTORMEL" package="not available" id="105" tests="24" failures="0" errors="0" skipped="0" time="5.728" timestamp="2023-12-13T03:37:23">
    <properties />
    <testcase name="GetEnterprise" classname="Philips.PMP.Test.Auto.EnterpriseProviderTest" time="0.216" status="1" />
    <testcase name="GetZone" classname="Philips.PMP.Test.Auto.EnterpriseProviderTest" time="0.253" status="1" />
    <testcase name="TryGetInstitutionAndUnitNameByBedTest" classname="Philips.PMP.Test.Auto.EnterpriseProviderTest" time="0.257" status="1" />
    <testcase name="ZoneAndUnitsAssignment" classname="Philips.PMP.Test.Auto.EnterpriseProviderTest" time="0.416" status="1" />
    <testcase name="DoesZoneHaveAssignmentsTest" classname="Philips.PMP.Test.Auto.EnterpriseProviderTest" time="0.358" status="1" />
    <testcase name="TopologyProviderCreateZoneTest" classname="Philips.PMP.Test.Auto.EnterpriseProviderTest" time="0.256" status="1" />
    <testcase name="InstitutionStoreUpdateDelete" classname="Philips.PMP.Test.Auto.EnterpriseProviderTest" time="0.216" status="1" />
    <testcase name="UnitStoreUpdateDelete" classname="Philips.PMP.Test.Auto.EnterpriseProviderTest" time="0.303" status="1" />
    <testcase name="DoesBedExistTest" classname="Philips.PMP.Test.Auto.EnterpriseProviderTest" time="0.269" status="1" />
    <testcase name="GetMyInstitution" classname="Philips.PMP.Test.Auto.EnterpriseProviderTest" time="0.259" status="1" />
    <testcase name="BedStoreUpdateDelete" classname="Philips.PMP.Test.Auto.EnterpriseProviderTest" time="0.316" status="1" />
    <testcase name="TopologyProviderGetUnitAndInstitutionTest" classname="Philips.PMP.Test.Auto.EnterpriseProviderTest" time="0.252" status="1" />
    <testcase name="GetMyZone" classname="Philips.PMP.Test.Auto.EnterpriseProviderTest" time="0.255" status="1" />
    <testcase name="MoveMonitoringBedTest" classname="Philips.PMP.Test.Auto.EnterpriseProviderTest" time="0.312" status="1" />
    <testcase name="ProcessEnterpriseCacheUpdateLocalScope (True,True,True)" classname="Philips.PMP.Test.Auto.EnterpriseProviderTest" time="0.007" status="1" />
    <testcase name="ProcessEnterpriseCacheUpdateLocalScope (True,False,False)" classname="Philips.PMP.Test.Auto.EnterpriseProviderTest" time="0.006" status="1" />
    <testcase name="ProcessEnterpriseCacheUpdateLocalScope (False,True,True)" classname="Philips.PMP.Test.Auto.EnterpriseProviderTest" time="0.005" status="1" />
    <testcase name="ProcessEnterpriseCacheUpdateLocalScope (False,False,True)" classname="Philips.PMP.Test.Auto.EnterpriseProviderTest" time="0.005" status="1" />
    <testcase name="TopologyProviderGetBedTest" classname="Philips.PMP.Test.Auto.EnterpriseProviderTest" time="0.238" status="1" />
    <testcase name="DuplicateUnitAndBedTest" classname="Philips.PMP.Test.Auto.EnterpriseProviderTest" time="0.320" status="1" />
    <testcase name="GetInstitutionByZoneTest" classname="Philips.PMP.Test.Auto.EnterpriseProviderTest" time="0.250" status="1" />
    <testcase name="TopologyProviderCreateUnitTest" classname="Philips.PMP.Test.Auto.EnterpriseProviderTest" time="0.291" status="1" />
    <testcase name="GetPatientDevices" classname="Philips.PMP.Test.Auto.EnterpriseProviderTest" time="0.267" status="1" />
    <testcase name="BedToHostAssignment" classname="Philips.PMP.Test.Auto.EnterpriseProviderTest" time="0.401" status="1" />
    <system-out />
    <system-err />
  </testsuite>
  <testsuite name="Philips.PMP.Test.Auto.UtilitiesServiceMgrTest" hostname="RESTORMEL" package="not available" id="106" tests="7" failures="0" errors="0" skipped="0" time="0.654" timestamp="2023-12-13T03:29:58">
    <properties />
    <testcase name="TryGetConfigurationServerShouldGetPath" classname="Philips.PMP.Test.Auto.UtilitiesServiceMgrTest" time="0.130" status="1" />
    <testcase name="TryGetConfigurationServerShouldCatchException" classname="Philips.PMP.Test.Auto.UtilitiesServiceMgrTest" time="0.016" status="1" />
    <testcase name="UtilitiesServiceMgrGetSystemAvailabilityTimes" classname="Philips.PMP.Test.Auto.UtilitiesServiceMgrTest" time="0.085" status="1" />
    <testcase name="TryRenewCertificateShouldCatchExceptionAndSetErrorMessage" classname="Philips.PMP.Test.Auto.UtilitiesServiceMgrTest" time="0.003" status="1" />
    <testcase name="TryRenewCertificateShouldGetErrorMessage" classname="Philips.PMP.Test.Auto.UtilitiesServiceMgrTest" time="0.231" status="1" />
    <testcase name="UtilitiesServiceMgrGetsLogData" classname="Philips.PMP.Test.Auto.UtilitiesServiceMgrTest" time="0.041" status="1" />
    <testcase name="UtilitiesServiceMgrValidate" classname="Philips.PMP.Test.Auto.UtilitiesServiceMgrTest" time="0.148" status="1" />
    <system-out />
    <system-err />
  </testsuite>
  <testsuite name="Philips.PMP.Test.Auto.InboundEventMessageMgrTest" hostname="RESTORMEL" package="not available" id="107" tests="4" failures="0" errors="0" skipped="0" time="0.220" timestamp="2023-12-13T03:29:42">
    <properties />
    <testcase name="ValidateOnXmlDocumentReceived (&lt;?xml version=&quot;1.0&quot; encoding=&quot;utf-8&quot;?&gt;&lt;PingRequest v=&quot;1.0&quot;&gt;&lt;RequestId /&gt;&lt;/PingRequest&gt;,0)" classname="Philips.PMP.Test.Auto.InboundEventMessageMgrTest" time="0.159" status="1" />
    <testcase name="ValidateOnXmlDocumentReceived (&lt;EventStatusUpdate v=&quot;1.0&quot;&gt;&lt;RequestId&gt;364c06bd&lt;/RequestId&gt;&lt;SessionKey&gt;&lt;/SessionKey&gt;&lt;EventId&gt;beb4c917-8ada-4d52-8dcb-731929445b2&lt;/EventId&gt;&lt;Action&gt;5&lt;/Action&gt;&lt;Domain&gt;hostpital1&lt;/Domain&gt;&lt;Username&gt;username&lt;/Username&gt;&lt;DeviceDisplayName&gt;server1&lt;/DeviceDisplayName&gt;&lt;/EventStatusUpdate&gt;,0)" classname="Philips.PMP.Test.Auto.InboundEventMessageMgrTest" time="0.014" status="1" />
    <testcase name="ValidateOnXmlDocumentReceived (&lt;?xml version=&quot;1.0&quot; encoding=&quot;utf-8&quot;?&gt;&lt;Event version=&quot;1.0&quot;&gt;&lt;EventId&gt;ba986876-0d18-4437-be93-783a49d81f65&lt;/EventId&gt;&lt;Text&gt;Bed1 Code Blue&lt;/Text&gt;&lt;DateTime&gt;2018-10-02T14:40:51.6940000-05:00&lt;/DateTime&gt;&lt;Severity&gt;4&lt;/Severity&gt;&lt;Kind&gt;-1&lt;/Kind&gt;&lt;SubtypeId/&gt;&lt;Source/&gt;&lt;Code/&gt;&lt;Location&gt;&lt;/Location&gt;&lt;Zone&gt;&lt;/Zone&gt;&lt;Institution&gt;My Institution&lt;/Institution&gt;&lt;PatientDisplayName&gt;&lt;/PatientDisplayName&gt;&lt;AllowDelay /&gt;&lt;Origin&gt;&lt;Product&gt;Rauland Responder&lt;/Product&gt;&lt;Vendor&gt;Rauland&lt;/Vendor&gt;&lt;DeviceInternalName/&gt;&lt;DeviceDisplayName/&gt;&lt;Operator/&gt;&lt;/Origin&gt;&lt;PatientIds/&gt;&lt;EventDetails/&gt;&lt;Ringtone/&gt;&lt;VibrateDuration /&gt;&lt;/Event&gt;,1)" classname="Philips.PMP.Test.Auto.InboundEventMessageMgrTest" time="0.026" status="1" />
    <testcase name="ValidateOnXmlDocumentReceived (&lt;Emergin version=&quot;7.0&quot;&gt;&lt;MessageID&gt;b20f8308-9a18-467c-b581-0c08d1f029d0&lt;/MessageID&gt;&lt;Command&gt;Set&lt;/Command&gt;&lt;SourceID&gt;ICU1&lt;/SourceID&gt;&lt;Sensitivity&gt;[A_HCT_04_R1]&lt;/Sensitivity&gt;&lt;Text&gt;HCT 1.0% charted @ 2:00 PM (Low, 21.0%&lt;/Text&gt;&lt;TimeStamp&gt;2018-08-03T14:40:00&lt;/TimeStamp&gt;&lt;GuestName&gt;Monroe, James&lt;/GuestName&gt;&lt;GuestPhysicalLocation&gt;&lt;/GuestPhysicalLocation&gt;&lt;Parameters&gt;&lt;/Parameters&gt;&lt;ImageList&gt;&lt;Image&gt;&lt;Data&gt;&lt;/Data&gt;&lt;/Image&gt;&lt;Image&gt;&lt;Data&gt;&lt;/Data&gt;&lt;/Image&gt;&lt;/ImageList&gt;&lt;DestinationList/&gt;&lt;/Emergin&gt;,1)" classname="Philips.PMP.Test.Auto.InboundEventMessageMgrTest" time="0.022" status="1" />
    <system-out />
    <system-err />
  </testsuite>
  <testsuite name="Philips.PMP.Test.Auto.RepositoryComplexMetricTest" hostname="RESTORMEL" package="not available" id="108" tests="8" failures="0" errors="0" skipped="0" time="0.021" timestamp="2023-12-13T03:35:52">
    <properties />
    <testcase name="RepositoryComplexMetricEASISTAreDerivedCorrectly" classname="Philips.PMP.Test.Auto.RepositoryComplexMetricTest" time="0.015" status="1" />
    <testcase name="RepositoryComplexMetricStandardSTAreNotDerived" classname="Philips.PMP.Test.Auto.RepositoryComplexMetricTest" time="0.001" status="1" />
    <testcase name="RepositoryComplexMetricReturnSpotCheckDataOnlyIfInternalPatientIdMatches (1)" classname="Philips.PMP.Test.Auto.RepositoryComplexMetricTest" time="0.001" status="1" />
    <testcase name="RepositoryComplexMetricReturnSpotCheckDataOnlyIfInternalPatientIdMatches (0)" classname="Philips.PMP.Test.Auto.RepositoryComplexMetricTest" time="0.000" status="1" />
    <testcase name="RepositoryComplexMetricCheckUsedTimeMappings" classname="Philips.PMP.Test.Auto.RepositoryComplexMetricTest" time="0.002" status="1" />
    <testcase name="RepositoryComplexMetricAreAgedOutAfterBufferLength" classname="Philips.PMP.Test.Auto.RepositoryComplexMetricTest" time="0.001" status="1" />
    <testcase name="RepositoryComplexMetricHexadSTAreDerivedCorrectly" classname="Philips.PMP.Test.Auto.RepositoryComplexMetricTest" time="0.001" status="1" />
    <testcase name="RepositoryComplexMetricHexadSTEAreDerivedCorrectlyNoST" classname="Philips.PMP.Test.Auto.RepositoryComplexMetricTest" time="0.001" status="1" />
    <system-out />
    <system-err />
  </testsuite>
  <testsuite name="Philips.PMP.Test.Auto.WatchdogHelperTest" hostname="RESTORMEL" package="not available" id="109" tests="26" failures="0" errors="0" skipped="0" time="0.680" timestamp="2023-12-13T03:38:23">
    <properties />
    <testcase name="ProcessCommandsWithDumpSingle" classname="Philips.PMP.Test.Auto.WatchdogHelperTest" time="0.001" status="1" />
    <testcase name="CheckCommandTypeDifferences" classname="Philips.PMP.Test.Auto.WatchdogHelperTest" time="0.003" status="1" />
    <testcase name="ProcessCommandsOnlyHighPriority" classname="Philips.PMP.Test.Auto.WatchdogHelperTest" time="0.008" status="1" />
    <testcase name="ShouldWatchProcessBasedOnLicenseTest (DedicatedWeb,True,True,False,False,True,False,False)" classname="Philips.PMP.Test.Auto.WatchdogHelperTest" time="0.006" status="1" />
    <testcase name="ShouldWatchProcessBasedOnLicenseTest (DedicatedPrimaryWithWeb,True,True,False,False,True,False,False)" classname="Philips.PMP.Test.Auto.WatchdogHelperTest" time="0.002" status="1" />
    <testcase name="ShouldWatchProcessBasedOnLicenseTest (StandaloneDeveloper,True,True,False,False,True,False,False)" classname="Philips.PMP.Test.Auto.WatchdogHelperTest" time="0.002" status="1" />
    <testcase name="ShouldWatchProcessBasedOnLicenseTest (DedicatedPrimaryNoWeb,True,True,True,False,True,False,False)" classname="Philips.PMP.Test.Auto.WatchdogHelperTest" time="0.006" status="1" />
    <testcase name="ShouldWatchProcessBasedOnLicenseTest (DbEngineCluster,False,False,False,False,False,False,False)" classname="Philips.PMP.Test.Auto.WatchdogHelperTest" time="0.003" status="1" />
    <testcase name="ShouldWatchProcessBasedOnLicenseTest (StandaloneNoWeb,True,True,True,False,True,False,False)" classname="Philips.PMP.Test.Auto.WatchdogHelperTest" time="0.002" status="1" />
    <testcase name="ShouldWatchProcessBasedOnLicenseTest (Efficia,True,False,True,False,True,False,False)" classname="Philips.PMP.Test.Auto.WatchdogHelperTest" time="0.002" status="1" />
    <testcase name="ShouldWatchProcessBasedOnLicenseTest (NotificationServer,True,True,False,True,False,True,True)" classname="Philips.PMP.Test.Auto.WatchdogHelperTest" time="0.003" status="1" />
    <testcase name="ProcessCommandsPrioritySorting (False)" classname="Philips.PMP.Test.Auto.WatchdogHelperTest" time="0.003" status="1" />
    <testcase name="ProcessCommandsPrioritySorting (True)" classname="Philips.PMP.Test.Auto.WatchdogHelperTest" time="0.001" status="1" />
    <testcase name="ProcessCommandsWithDumpAll" classname="Philips.PMP.Test.Auto.WatchdogHelperTest" time="0.001" status="1" />
    <testcase name="GetOnlyWatchedProcessInfosTest" classname="Philips.PMP.Test.Auto.WatchdogHelperTest" time="0.005" status="1" />
    <testcase name="WatchdogHelperShouldDisablePrimaryDbCall" classname="Philips.PMP.Test.Auto.WatchdogHelperTest" time="0.003" status="1" />
    <testcase name="ProcessCommandsWithAlerts" classname="Philips.PMP.Test.Auto.WatchdogHelperTest" time="0.003" status="1" />
    <testcase name="PerformProcessStartPreparationTest (Running)" classname="Philips.PMP.Test.Auto.WatchdogHelperTest" time="0.088" status="1" />
    <testcase name="PerformProcessStartPreparationTest (Failed)" classname="Philips.PMP.Test.Auto.WatchdogHelperTest" time="0.002" status="1" />
    <testcase name="GenerateDumpFilenameTest" classname="Philips.PMP.Test.Auto.WatchdogHelperTest" time="0.399" status="1" />
    <testcase name="ProcessCommandsOnlyLowPriority" classname="Philips.PMP.Test.Auto.WatchdogHelperTest" time="0.001" status="1" />
    <testcase name="ProcessCommandsNoCommands" classname="Philips.PMP.Test.Auto.WatchdogHelperTest" time="0.126" status="1" />
    <testcase name="ShouldWatchRDistTest (False,True,True,False)" classname="Philips.PMP.Test.Auto.WatchdogHelperTest" time="0.004" status="1" />
    <testcase name="ShouldWatchRDistTest (True,True,True,False)" classname="Philips.PMP.Test.Auto.WatchdogHelperTest" time="0.002" status="1" />
    <testcase name="ShouldWatchRDistTest (True,False,True,False)" classname="Philips.PMP.Test.Auto.WatchdogHelperTest" time="0.001" status="1" />
    <testcase name="ShouldWatchRDistTest (True,False,False,True)" classname="Philips.PMP.Test.Auto.WatchdogHelperTest" time="0.001" status="1" />
    <system-out />
    <system-err />
  </testsuite>
  <testsuite name="Philips.PMP.Test.Auto.PhysioDataStorageQueuesTest" hostname="RESTORMEL" package="not available" id="110" tests="13" failures="0" errors="0" skipped="0" time="0.534" timestamp="2023-12-13T03:35:26">
    <properties />
    <testcase name="QueuesDequeueEmptyQueueReturnsNull" classname="Philips.PMP.Test.Auto.PhysioDataStorageQueuesTest" time="0.001" status="1" />
    <testcase name="QueuesGetQueueReturnsQueue" classname="Philips.PMP.Test.Auto.PhysioDataStorageQueuesTest" time="0.000" status="1" />
    <testcase name="QueuesGetPhysioDataReturnsNull" classname="Philips.PMP.Test.Auto.PhysioDataStorageQueuesTest" time="0.000" status="1" />
    <testcase name="QueuesDequeueLargestQueue" classname="Philips.PMP.Test.Auto.PhysioDataStorageQueuesTest" time="0.003" status="1" />
    <testcase name="QueuesAddPhysioDataOverflow" classname="Philips.PMP.Test.Auto.PhysioDataStorageQueuesTest" time="0.000" status="1" />
    <testcase name="QueuesGetPhysioDataFromFront" classname="Philips.PMP.Test.Auto.PhysioDataStorageQueuesTest" time="0.001" status="1" />
    <testcase name="QueuesAddPhysioDataNotExceedCapacity" classname="Philips.PMP.Test.Auto.PhysioDataStorageQueuesTest" time="0.001" status="1" />
    <testcase name="QueuesDisposeTimers" classname="Philips.PMP.Test.Auto.PhysioDataStorageQueuesTest" time="0.001" status="1" />
    <testcase name="QueuesAddPhysioDataCreatesNewQueue" classname="Philips.PMP.Test.Auto.PhysioDataStorageQueuesTest" time="0.001" status="1" />
    <testcase name="QueuesTimersCallCallback" classname="Philips.PMP.Test.Auto.PhysioDataStorageQueuesTest" time="0.520" status="1" />
    <testcase name="QueuesGetPhysioData" classname="Philips.PMP.Test.Auto.PhysioDataStorageQueuesTest" time="0.001" status="1" />
    <testcase name="QueuesCapacityFlagTrueWhenFull" classname="Philips.PMP.Test.Auto.PhysioDataStorageQueuesTest" time="0.003" status="1" />
    <testcase name="QueuesGetQueueCreatesNewQueue" classname="Philips.PMP.Test.Auto.PhysioDataStorageQueuesTest" time="0.002" status="1" />
    <system-out />
    <system-err />
  </testsuite>
  <testsuite name="Philips.PMP.Test.Auto.EventLogsTest" hostname="RESTORMEL" package="not available" id="111" tests="9" failures="0" errors="0" skipped="0" time="2.587" timestamp="2023-12-13T03:37:58">
    <properties />
    <testcase name="SystemEventLogsAreRetrievable" classname="Philips.PMP.Test.Auto.EventLogsTest" time="0.001" status="1" />
    <testcase name="ApplicationEventLogsAreRetrievable" classname="Philips.PMP.Test.Auto.EventLogsTest" time="0.014" status="1" />
    <testcase name="GettingEventLogByNameReturnsCorrectLog" classname="Philips.PMP.Test.Auto.EventLogsTest" time="0.010" status="1" />
    <testcase name="CreateAndDeleteValidEventLogSource" classname="Philips.PMP.Test.Auto.EventLogsTest" time="0.815" status="1" />
    <testcase name="RejectCreatingInvalidEventSource" classname="Philips.PMP.Test.Auto.EventLogsTest" time="0.012" status="1" />
    <testcase name="DoNotCrashCopyingEventLogEntries" classname="Philips.PMP.Test.Auto.EventLogsTest" time="0.001" status="1" />
    <testcase name="ExtractingEventLogEntriesDoesNotDropEntries" classname="Philips.PMP.Test.Auto.EventLogsTest" time="0.868" status="1" />
    <testcase name="DoNotCrashSafeWritingEventLogEntries" classname="Philips.PMP.Test.Auto.EventLogsTest" time="0.002" status="1" />
    <testcase name="CreateAndDeleteValidEventLog" classname="Philips.PMP.Test.Auto.EventLogsTest" time="0.864" status="1" />
    <system-out />
    <system-err />
  </testsuite>
  <testsuite name="Philips.iX.DataBridge.Common.Test.IheGatewayClusterClientTest" hostname="RESTORMEL" package="not available" id="112" tests="3" failures="0" errors="0" skipped="0" time="0.378" timestamp="2023-12-13T03:27:40">
    <properties />
    <testcase name="IheGatewayClusterClientTestConnectionTest (BadRequest)" classname="Philips.iX.DataBridge.Common.Test.IheGatewayClusterClientTest" time="0.373" status="1" />
    <testcase name="IheGatewayClusterClientTestConnectionTest (OK)" classname="Philips.iX.DataBridge.Common.Test.IheGatewayClusterClientTest" time="0.003" status="1" />
    <testcase name="IheGatewayClusterClientTestConnectionTest (Unauthorized)" classname="Philips.iX.DataBridge.Common.Test.IheGatewayClusterClientTest" time="0.003" status="1" />
    <system-out />
    <system-err />
  </testsuite>
  <testsuite name="Philips.PMP.Test.Auto.WebQualifierTest" hostname="RESTORMEL" package="not available" id="113" tests="32" failures="0" errors="0" skipped="0" time="0.260" timestamp="2023-12-13T03:34:11">
    <properties />
    <testcase name="FailSiteNotUsingCorrectPortTest" classname="Philips.PMP.Test.Auto.WebQualifierTest" time="0.005" status="1" />
    <testcase name="FailIfTokenSecretIsNotInstalled" classname="Philips.PMP.Test.Auto.WebQualifierTest" time="0.086" status="1" />
    <testcase name="FailSiteSecurityNotConfiguredTest" classname="Philips.PMP.Test.Auto.WebQualifierTest" time="0.005" status="1" />
    <testcase name="FailOnIsAppPoolConfiguredTest" classname="Philips.PMP.Test.Auto.WebQualifierTest" time="0.007" status="1" />
    <testcase name="WebsiteInstallationQualifierCanRemoveWebsiteFromPort (True,True,False)" classname="Philips.PMP.Test.Auto.WebQualifierTest" time="0.005" status="1" />
    <testcase name="WebsiteInstallationQualifierCanRemoveWebsiteFromPort (False,True,False)" classname="Philips.PMP.Test.Auto.WebQualifierTest" time="0.004" status="1" />
    <testcase name="WebsiteInstallationQualifierCanRemoveWebsiteFromPort (True,False,True)" classname="Philips.PMP.Test.Auto.WebQualifierTest" time="0.004" status="1" />
    <testcase name="WebsiteInstallationQualifierCanRemoveWebsiteFromPort (False,False,True)" classname="Philips.PMP.Test.Auto.WebQualifierTest" time="0.004" status="1" />
    <testcase name="WebsiteInstallationQualifierCanRemoveWebsiteFromPort (False,False,False)" classname="Philips.PMP.Test.Auto.WebQualifierTest" time="0.005" status="1" />
    <testcase name="KnownSitesMatchesConfiguration" classname="Philips.PMP.Test.Auto.WebQualifierTest" time="0.006" status="1" />
    <testcase name="FailOnIsDedicatedWithNoSupportAccountTest" classname="Philips.PMP.Test.Auto.WebQualifierTest" time="0.007" status="1" />
    <testcase name="FailOnPortInUseTest" classname="Philips.PMP.Test.Auto.WebQualifierTest" time="0.005" status="1" />
    <testcase name="CorrectClearsAllKnownSites" classname="Philips.PMP.Test.Auto.WebQualifierTest" time="0.011" status="1" />
    <testcase name="SuccesssOnUnlicensedHost" classname="Philips.PMP.Test.Auto.WebQualifierTest" time="0.005" status="1" />
    <testcase name="WebsiteInstallIsCorrectable" classname="Philips.PMP.Test.Auto.WebQualifierTest" time="0.005" status="1" />
    <testcase name="FailOnSiteNotStartedTest" classname="Philips.PMP.Test.Auto.WebQualifierTest" time="0.006" status="1" />
    <testcase name="SuccesssOnMachineIsNotWebServer" classname="Philips.PMP.Test.Auto.WebQualifierTest" time="0.005" status="1" />
    <testcase name="FailOnSiteNotConfiguredTest" classname="Philips.PMP.Test.Auto.WebQualifierTest" time="0.010" status="1" />
    <testcase name="FailGetDisallowOverlappingRotationTest (False,True)" classname="Philips.PMP.Test.Auto.WebQualifierTest" time="0.008" status="1" />
    <testcase name="FailGetDisallowOverlappingRotationTest (True,False)" classname="Philips.PMP.Test.Auto.WebQualifierTest" time="0.005" status="1" />
    <testcase name="FailOnAppPoolNotStartedTest" classname="Philips.PMP.Test.Auto.WebQualifierTest" time="0.005" status="1" />
    <testcase name="GetConfigurationBasedOnLicenseTest (True,True,True,True,False,False,False)" classname="Philips.PMP.Test.Auto.WebQualifierTest" time="0.007" status="1" />
    <testcase name="GetConfigurationBasedOnLicenseTest (True,True,False,True,False,False,False)" classname="Philips.PMP.Test.Auto.WebQualifierTest" time="0.005" status="1" />
    <testcase name="GetConfigurationBasedOnLicenseTest (True,False,False,True,False,False,False)" classname="Philips.PMP.Test.Auto.WebQualifierTest" time="0.005" status="1" />
    <testcase name="GetConfigurationBasedOnLicenseTest (True,False,True,False,False,False,False)" classname="Philips.PMP.Test.Auto.WebQualifierTest" time="0.005" status="1" />
    <testcase name="GetConfigurationBasedOnLicenseTest (False,False,True,False,False,False,False)" classname="Philips.PMP.Test.Auto.WebQualifierTest" time="0.004" status="1" />
    <testcase name="GetConfigurationBasedOnLicenseTest (False,False,False,False,False,False,False)" classname="Philips.PMP.Test.Auto.WebQualifierTest" time="0.004" status="1" />
    <testcase name="GetConfigurationBasedOnLicenseTest (True,True,True,True,True,False,False)" classname="Philips.PMP.Test.Auto.WebQualifierTest" time="0.004" status="1" />
    <testcase name="GetConfigurationBasedOnLicenseTest (True,True,True,True,False,True,False)" classname="Philips.PMP.Test.Auto.WebQualifierTest" time="0.004" status="1" />
    <testcase name="GetConfigurationBasedOnLicenseTest (True,True,True,True,True,True,False)" classname="Philips.PMP.Test.Auto.WebQualifierTest" time="0.008" status="1" />
    <testcase name="GetConfigurationBasedOnLicenseTest (True,True,True,True,True,True,False)" classname="Philips.PMP.Test.Auto.WebQualifierTest" time="0.005" status="1" />
    <testcase name="GetConfigurationBasedOnLicenseTest (True,True,True,True,True,True,True)" classname="Philips.PMP.Test.Auto.WebQualifierTest" time="0.004" status="1" />
    <system-out />
    <system-err />
  </testsuite>
  <testsuite name="Philips.PMP.Test.Auto.LinkedListTest" hostname="RESTORMEL" package="not available" id="114" tests="21" failures="0" errors="0" skipped="0" time="0.079" timestamp="2023-12-13T03:29:50">
    <properties />
    <testcase name="LinkedListCanRemoveAnyNodeByValue (0)" classname="Philips.PMP.Test.Auto.LinkedListTest" time="0.004" status="1" />
    <testcase name="LinkedListCanRemoveAnyNodeByValue (1)" classname="Philips.PMP.Test.Auto.LinkedListTest" time="0.001" status="1" />
    <testcase name="LinkedListCanRemoveAnyNodeByValue (2)" classname="Philips.PMP.Test.Auto.LinkedListTest" time="0.006" status="1" />
    <testcase name="LinkedListCanRemoveAnyNodeByValue (3)" classname="Philips.PMP.Test.Auto.LinkedListTest" time="0.000" status="1" />
    <testcase name="LinkedListCanRemoveAnyNodeByValue (4)" classname="Philips.PMP.Test.Auto.LinkedListTest" time="0.001" status="1" />
    <testcase name="LinkedListCanBecomeEmptyViaRemoveTail" classname="Philips.PMP.Test.Auto.LinkedListTest" time="0.002" status="1" />
    <testcase name="LinkedListFindNonexistentNode" classname="Philips.PMP.Test.Auto.LinkedListTest" time="0.005" status="1" />
    <testcase name="LinkedListCanBecomeEmpty" classname="Philips.PMP.Test.Auto.LinkedListTest" time="0.006" status="1" />
    <testcase name="LinkedListCanAddToEmptyListFromHead" classname="Philips.PMP.Test.Auto.LinkedListTest" time="0.002" status="1" />
    <testcase name="LinkedListCanAddAfterTail" classname="Philips.PMP.Test.Auto.LinkedListTest" time="0.002" status="1" />
    <testcase name="LinkedListRemoveTailOnEmptyList" classname="Philips.PMP.Test.Auto.LinkedListTest" time="0.002" status="1" />
    <testcase name="LinkedListRemoveNonexistentNode" classname="Philips.PMP.Test.Auto.LinkedListTest" time="0.002" status="1" />
    <testcase name="LinkedListCanAddToEmptyListFromTail" classname="Philips.PMP.Test.Auto.LinkedListTest" time="0.002" status="1" />
    <testcase name="LinkedListCanAppendToHead" classname="Philips.PMP.Test.Auto.LinkedListTest" time="0.001" status="1" />
    <testcase name="LinkedListCanAddAfterHead" classname="Philips.PMP.Test.Auto.LinkedListTest" time="0.001" status="1" />
    <testcase name="LinkedListCanRemoveAnyNodeByNode (0)" classname="Philips.PMP.Test.Auto.LinkedListTest" time="0.004" status="1" />
    <testcase name="LinkedListCanRemoveAnyNodeByNode (1)" classname="Philips.PMP.Test.Auto.LinkedListTest" time="0.034" status="1" />
    <testcase name="LinkedListCanRemoveAnyNodeByNode (2)" classname="Philips.PMP.Test.Auto.LinkedListTest" time="0.001" status="1" />
    <testcase name="LinkedListCanRemoveAnyNodeByNode (3)" classname="Philips.PMP.Test.Auto.LinkedListTest" time="0.001" status="1" />
    <testcase name="LinkedListCanRemoveAnyNodeByNode (4)" classname="Philips.PMP.Test.Auto.LinkedListTest" time="0.001" status="1" />
    <testcase name="LinkedListCanAppendToTail" classname="Philips.PMP.Test.Auto.LinkedListTest" time="0.001" status="1" />
    <system-out />
    <system-err />
  </testsuite>
  <testsuite name="Philips.IX.UserManagement.Test.ProveIdWebApiConfigurationExpirationMonitorTest" hostname="RESTORMEL" package="not available" id="115" tests="1" failures="0" errors="0" skipped="0" time="0.350" timestamp="2023-12-13T03:39:01">
    <properties />
    <testcase name="ConfigExpiredTest" classname="Philips.IX.UserManagement.Test.ProveIdWebApiConfigurationExpirationMonitorTest" time="0.350" status="1" />
    <system-out />
    <system-err />
  </testsuite>
  <testsuite name="Philips.PMP.Test.Auto.MobileEquipmentMgrTest" hostname="RESTORMEL" package="not available" id="116" tests="27" failures="0" errors="0" skipped="0" time="0.333" timestamp="2023-12-13T03:29:47">
    <properties />
    <testcase name="InvalidUnitReturnResultCodeUnableToFindInstitution" classname="Philips.PMP.Test.Auto.MobileEquipmentMgrTest" time="0.013" status="1" />
    <testcase name="ParseInvalidBedIdReturnResultCodeUnknown" classname="Philips.PMP.Test.Auto.MobileEquipmentMgrTest" time="0.099" status="1" />
    <testcase name="GetSupportedAvailableEquipments (Mx850,True)" classname="Philips.PMP.Test.Auto.MobileEquipmentMgrTest" time="0.007" status="1" />
    <testcase name="GetSupportedAvailableEquipments (TelemTuhfman,True)" classname="Philips.PMP.Test.Auto.MobileEquipmentMgrTest" time="0.009" status="1" />
    <testcase name="GetSupportedAvailableEquipments (AntaresModular,False)" classname="Philips.PMP.Test.Auto.MobileEquipmentMgrTest" time="0.010" status="1" />
    <testcase name="GetSupportedAvailableEquipments (Junior,False)" classname="Philips.PMP.Test.Auto.MobileEquipmentMgrTest" time="0.002" status="1" />
    <testcase name="ChangeAssignedEquipmentRequest (False,False,True,True,False,True,True,True,False,False,True,False)" classname="Philips.PMP.Test.Auto.MobileEquipmentMgrTest" time="0.013" status="1" />
    <testcase name="ChangeAssignedEquipmentRequest (True,True,False,True,False,True,True,True,False,False,True,False)" classname="Philips.PMP.Test.Auto.MobileEquipmentMgrTest" time="0.005" status="1" />
    <testcase name="ChangeAssignedEquipmentRequest (True,True,True,False,False,True,True,True,False,False,True,False)" classname="Philips.PMP.Test.Auto.MobileEquipmentMgrTest" time="0.004" status="1" />
    <testcase name="ChangeAssignedEquipmentRequest (True,True,True,True,True,True,True,True,False,False,True,False)" classname="Philips.PMP.Test.Auto.MobileEquipmentMgrTest" time="0.006" status="1" />
    <testcase name="ChangeAssignedEquipmentRequest (True,False,True,True,False,True,True,True,False,False,True,False)" classname="Philips.PMP.Test.Auto.MobileEquipmentMgrTest" time="0.019" status="1" />
    <testcase name="ChangeAssignedEquipmentRequest (True,True,True,False,False,False,True,True,False,False,True,False)" classname="Philips.PMP.Test.Auto.MobileEquipmentMgrTest" time="0.004" status="1" />
    <testcase name="ChangeAssignedEquipmentRequest (True,True,True,True,True,False,True,True,False,False,True,True)" classname="Philips.PMP.Test.Auto.MobileEquipmentMgrTest" time="0.011" status="1" />
    <testcase name="ChangeAssignedEquipmentRequest (True,True,True,True,False,True,False,True,False,False,True,False)" classname="Philips.PMP.Test.Auto.MobileEquipmentMgrTest" time="0.006" status="1" />
    <testcase name="ChangeAssignedEquipmentRequest (True,True,True,True,False,True,True,False,False,False,True,False)" classname="Philips.PMP.Test.Auto.MobileEquipmentMgrTest" time="0.005" status="1" />
    <testcase name="ChangeAssignedEquipmentRequest (True,True,True,True,False,False,True,False,False,False,True,False)" classname="Philips.PMP.Test.Auto.MobileEquipmentMgrTest" time="0.004" status="1" />
    <testcase name="ChangeAssignedEquipmentRequest (True,True,True,True,False,True,True,False,True,False,True,False)" classname="Philips.PMP.Test.Auto.MobileEquipmentMgrTest" time="0.005" status="1" />
    <testcase name="ChangeAssignedEquipmentRequest (True,True,True,True,False,False,True,False,True,False,True,False)" classname="Philips.PMP.Test.Auto.MobileEquipmentMgrTest" time="0.009" status="1" />
    <testcase name="ChangeAssignedEquipmentRequest (True,True,True,True,False,False,True,False,False,False,True,False)" classname="Philips.PMP.Test.Auto.MobileEquipmentMgrTest" time="0.019" status="1" />
    <testcase name="ChangeAssignedEquipmentRequest (True,True,True,True,False,False,True,True,False,True,True,False)" classname="Philips.PMP.Test.Auto.MobileEquipmentMgrTest" time="0.010" status="1" />
    <testcase name="ChangeAssignedEquipmentRequest (True,True,True,True,False,False,True,True,False,False,True,True)" classname="Philips.PMP.Test.Auto.MobileEquipmentMgrTest" time="0.007" status="1" />
    <testcase name="ChangeAssignedEquipmentRequest (True,True,True,True,False,True,True,True,False,False,False,False)" classname="Philips.PMP.Test.Auto.MobileEquipmentMgrTest" time="0.005" status="1" />
    <testcase name="ChangeAssignedEquipmentRequest (True,True,True,True,False,True,True,True,False,False,True,True)" classname="Philips.PMP.Test.Auto.MobileEquipmentMgrTest" time="0.003" status="1" />
    <testcase name="GetAvailableEquipments (Device1,False,False,False)" classname="Philips.PMP.Test.Auto.MobileEquipmentMgrTest" time="0.020" status="1" />
    <testcase name="GetAvailableEquipments (Device2,False,True,False)" classname="Philips.PMP.Test.Auto.MobileEquipmentMgrTest" time="0.022" status="1" />
    <testcase name="GetAvailableEquipments (Device3,True,False,False)" classname="Philips.PMP.Test.Auto.MobileEquipmentMgrTest" time="0.002" status="1" />
    <testcase name="GetAvailableEquipments (Device4,True,True,True)" classname="Philips.PMP.Test.Auto.MobileEquipmentMgrTest" time="0.015" status="1" />
    <system-out />
    <system-err />
  </testsuite>
  <testsuite name="Philips.PMP.Test.Auto.EcgDerivationMgrTest" hostname="RESTORMEL" package="not available" id="117" tests="22" failures="0" errors="0" skipped="0" time="0.488" timestamp="2023-12-13T03:35:44">
    <properties />
    <testcase name="AnalysisAndSpecificWavesWorksTest" classname="Philips.PMP.Test.Auto.EcgDerivationMgrTest" time="0.035" status="1" />
    <testcase name="HexadOnlyStoresDirectlyAcquiredLeads" classname="Philips.PMP.Test.Auto.EcgDerivationMgrTest" time="0.012" status="1" />
    <testcase name="HexadStoreDerivedWavesIfNeeded1Waves" classname="Philips.PMP.Test.Auto.EcgDerivationMgrTest" time="0.014" status="1" />
    <testcase name="InHexadThenDischargedAndTakenOutOfStandbyDoesntKeepHexadLeadsTest" classname="Philips.PMP.Test.Auto.EcgDerivationMgrTest" time="0.016" status="1" />
    <testcase name="EfficiaHandlePrimarySecondaryMsgTest" classname="Philips.PMP.Test.Auto.EcgDerivationMgrTest" time="0.231" status="1" />
    <testcase name="PadsPaddlesCorrectlyPassThroughEcgDerivationMgrTest" classname="Philips.PMP.Test.Auto.EcgDerivationMgrTest" time="0.013" status="1" />
    <testcase name="WaveDataDoesntTombstoneTest" classname="Philips.PMP.Test.Auto.EcgDerivationMgrTest" time="0.016" status="1" />
    <testcase name="EcgDerivationMgrCreateMeasureModeTest (DelphiHigh15In,True,True,PacedGen,True)" classname="Philips.PMP.Test.Auto.EcgDerivationMgrTest" time="0.002" status="1" />
    <testcase name="EcgDerivationMgrCreateMeasureModeTest (DelphiHigh15In,False,False,NotPaced,False)" classname="Philips.PMP.Test.Auto.EcgDerivationMgrTest" time="0.000" status="1" />
    <testcase name="EcgDerivationMgrCreateMeasureModeTest (Portal5000,True,True,PacedGen,True)" classname="Philips.PMP.Test.Auto.EcgDerivationMgrTest" time="0.000" status="1" />
    <testcase name="EcgDerivationMgrCreateMeasureModeTest (Portal5000,False,False,NotPaced,False)" classname="Philips.PMP.Test.Auto.EcgDerivationMgrTest" time="0.001" status="1" />
    <testcase name="HexadStoreDerivedWavesIfNeeded2Waves" classname="Philips.PMP.Test.Auto.EcgDerivationMgrTest" time="0.005" status="1" />
    <testcase name="HexadFromBedsideExports12WavesWhen4InputTest" classname="Philips.PMP.Test.Auto.EcgDerivationMgrTest" time="0.009" status="1" />
    <testcase name="HexadFromBedsideWithNonStandardLimbLeadsUsesCorrectCoefficientsTest" classname="Philips.PMP.Test.Auto.EcgDerivationMgrTest" time="0.015" status="1" />
    <testcase name="HexadStoreDerivedWavesIfNeeded3Waves" classname="Philips.PMP.Test.Auto.EcgDerivationMgrTest" time="0.004" status="1" />
    <testcase name="EcgDerivationMgrDeviceNotSupportDerivationTest (DelphiHigh15In,False)" classname="Philips.PMP.Test.Auto.EcgDerivationMgrTest" time="0.001" status="1" />
    <testcase name="EcgDerivationMgrDeviceNotSupportDerivationTest (Mrx,True)" classname="Philips.PMP.Test.Auto.EcgDerivationMgrTest" time="0.000" status="1" />
    <testcase name="EcgDerivationMgrDeviceNotSupportDerivationTest (Efficia,True)" classname="Philips.PMP.Test.Auto.EcgDerivationMgrTest" time="0.000" status="1" />
    <testcase name="EcgDerivationMgrDeviceNotSupportDerivationTest (Portal5000,True)" classname="Philips.PMP.Test.Auto.EcgDerivationMgrTest" time="0.000" status="1" />
    <testcase name="HexadFromBedsidePopulatesDerivedLeadListCorrectlyTest" classname="Philips.PMP.Test.Auto.EcgDerivationMgrTest" time="0.075" status="1" />
    <testcase name="HexadFromBedsideWithNonStandardLimbLeadsWorksTest" classname="Philips.PMP.Test.Auto.EcgDerivationMgrTest" time="0.004" status="1" />
    <testcase name="HexadFromTelemdilBedsidePopulatesDerivedLeadListCorrectlyTest" classname="Philips.PMP.Test.Auto.EcgDerivationMgrTest" time="0.032" status="1" />
    <system-out />
    <system-err />
  </testsuite>
  <testsuite name="Philips.PMP.Test.Auto.ReportingServiceTest" hostname="RESTORMEL" package="not available" id="118" tests="15" failures="0" errors="0" skipped="0" time="0.125" timestamp="2023-12-13T03:36:53">
    <properties />
    <testcase name="BmrToPdfDllReferenceVersionTest" classname="Philips.PMP.Test.Auto.ReportingServiceTest" time="0.002" status="1" />
    <testcase name="GeneratePdfMetadataTest" classname="Philips.PMP.Test.Auto.ReportingServiceTest" time="0.015" status="1" />
    <testcase name="PrintBedsideReportTest (TabularTrend,Philips.PMP.InfoObjects.TabularTrendReport)" classname="Philips.PMP.Test.Auto.ReportingServiceTest" time="0.008" status="1" />
    <testcase name="PrintBedsideReportTest (EcgStatistics,Philips.PMP.InfoObjects.EcgStatisticsReport)" classname="Philips.PMP.Test.Auto.ReportingServiceTest" time="0.002" status="1" />
    <testcase name="PrintBedsideReportTest (Alarm,Philips.PMP.InfoObjects.AlarmReport)" classname="Philips.PMP.Test.Auto.ReportingServiceTest" time="0.002" status="1" />
    <testcase name="PrintBedsideReportTest (PatientSummary,Philips.PMP.InfoObjects.PatientReport)" classname="Philips.PMP.Test.Auto.ReportingServiceTest" time="0.002" status="1" />
    <testcase name="PrintBedsideReportTest (StripInterval,Philips.PMP.InfoObjects.StripIntervalReport)" classname="Philips.PMP.Test.Auto.ReportingServiceTest" time="0.002" status="1" />
    <testcase name="PrintBedsideReportTest (AlarmSummary,Philips.PMP.InfoObjects.AlarmSummaryReport)" classname="Philips.PMP.Test.Auto.ReportingServiceTest" time="0.002" status="1" />
    <testcase name="PatientIdentifierTest" classname="Philips.PMP.Test.Auto.ReportingServiceTest" time="0.001" status="1" />
    <testcase name="OnScheduleDueReportTest (UnitSummary)" classname="Philips.PMP.Test.Auto.ReportingServiceTest" time="0.058" status="1" />
    <testcase name="OnScheduleDueReportTest (TabularTrend)" classname="Philips.PMP.Test.Auto.ReportingServiceTest" time="0.009" status="1" />
    <testcase name="OnScheduleDueReportTest (EcgStatistics)" classname="Philips.PMP.Test.Auto.ReportingServiceTest" time="0.007" status="1" />
    <testcase name="OnScheduleDueReportTest (Alarm)" classname="Philips.PMP.Test.Auto.ReportingServiceTest" time="0.006" status="1" />
    <testcase name="OnScheduleDueReportTest (PatientSummary)" classname="Philips.PMP.Test.Auto.ReportingServiceTest" time="0.005" status="1" />
    <testcase name="OnScheduleDueReportTest (AlarmSummary)" classname="Philips.PMP.Test.Auto.ReportingServiceTest" time="0.005" status="1" />
    <system-out />
    <system-err />
  </testsuite>
  <testsuite name="Philips.CareEvent.Test.CareAssignmentMgrTest" hostname="RESTORMEL" package="not available" id="119" tests="32" failures="0" errors="0" skipped="0" time="0.723" timestamp="2023-12-13T03:28:13">
    <properties />
    <testcase name="CareAssignmentMgrShouldReturnErrorMessageWhenUserNotAuthorizedOrDbNotAvailable (True,True,True)" classname="Philips.CareEvent.Test.CareAssignmentMgrTest" time="0.003" status="1" />
    <testcase name="CareAssignmentMgrShouldReturnErrorMessageWhenUserNotAuthorizedOrDbNotAvailable (False,True,False)" classname="Philips.CareEvent.Test.CareAssignmentMgrTest" time="0.002" status="1" />
    <testcase name="CareAssignmentMgrShouldReturnErrorMessageWhenUserNotAuthorizedOrDbNotAvailable (True,False,False)" classname="Philips.CareEvent.Test.CareAssignmentMgrTest" time="0.008" status="1" />
    <testcase name="GetMaxUnitRoleCaregiverCountShouldReturnExpectedValue (1,5)" classname="Philips.CareEvent.Test.CareAssignmentMgrTest" time="0.010" status="1" />
    <testcase name="GetMaxUnitRoleCaregiverCountShouldReturnExpectedValue (3,5)" classname="Philips.CareEvent.Test.CareAssignmentMgrTest" time="0.003" status="1" />
    <testcase name="GetMaxUnitRoleCaregiverCountShouldReturnExpectedValue (4,5)" classname="Philips.CareEvent.Test.CareAssignmentMgrTest" time="0.002" status="1" />
    <testcase name="GetMaxUnitRoleCaregiverCountShouldReturnExpectedValue (5,6)" classname="Philips.CareEvent.Test.CareAssignmentMgrTest" time="0.002" status="1" />
    <testcase name="GetMaxUnitRoleCaregiverCountShouldReturnExpectedValue (10,11)" classname="Philips.CareEvent.Test.CareAssignmentMgrTest" time="0.026" status="1" />
    <testcase name="GetMaxUnitRoleCaregiverCountShouldReturnExpectedValue (100,101)" classname="Philips.CareEvent.Test.CareAssignmentMgrTest" time="0.004" status="1" />
    <testcase name="CheckAuthorizationForManageCareAssignments (True)" classname="Philips.CareEvent.Test.CareAssignmentMgrTest" time="0.540" status="1" />
    <testcase name="CheckAuthorizationForManageCareAssignments (False)" classname="Philips.CareEvent.Test.CareAssignmentMgrTest" time="0.005" status="1" />
    <testcase name="ModifyingLockStatusShouldAddToPendingCaregiverLockCache" classname="Philips.CareEvent.Test.CareAssignmentMgrTest" time="0.001" status="1" />
    <testcase name="ShouldDisplayWarningMessage (False,False,False,False)" classname="Philips.CareEvent.Test.CareAssignmentMgrTest" time="0.001" status="1" />
    <testcase name="ShouldDisplayWarningMessage (True,False,False,False)" classname="Philips.CareEvent.Test.CareAssignmentMgrTest" time="0.001" status="1" />
    <testcase name="ShouldDisplayWarningMessage (False,True,False,False)" classname="Philips.CareEvent.Test.CareAssignmentMgrTest" time="0.001" status="1" />
    <testcase name="ShouldDisplayWarningMessage (False,False,True,False)" classname="Philips.CareEvent.Test.CareAssignmentMgrTest" time="0.000" status="1" />
    <testcase name="ShouldDisplayWarningMessage (False,True,True,False)" classname="Philips.CareEvent.Test.CareAssignmentMgrTest" time="0.000" status="1" />
    <testcase name="ShouldDisplayWarningMessage (True,False,True,False)" classname="Philips.CareEvent.Test.CareAssignmentMgrTest" time="0.000" status="1" />
    <testcase name="ShouldDisplayWarningMessage (True,True,False,False)" classname="Philips.CareEvent.Test.CareAssignmentMgrTest" time="0.000" status="1" />
    <testcase name="ShouldDisplayWarningMessage (True,True,True,True)" classname="Philips.CareEvent.Test.CareAssignmentMgrTest" time="0.001" status="1" />
    <testcase name="ClearAllAssignmentShouldNotClearSharedAssignments" classname="Philips.CareEvent.Test.CareAssignmentMgrTest" time="0.014" status="1" />
    <testcase name="UpdatePendingCaregiverLock" classname="Philips.CareEvent.Test.CareAssignmentMgrTest" time="0.003" status="1" />
    <testcase name="AssignCaregiversTest (False)" classname="Philips.CareEvent.Test.CareAssignmentMgrTest" time="0.007" status="1" />
    <testcase name="AssignCaregiversTest (True)" classname="Philips.CareEvent.Test.CareAssignmentMgrTest" time="0.001" status="1" />
    <testcase name="ExerciseCommitAssignments" classname="Philips.CareEvent.Test.CareAssignmentMgrTest" time="0.047" status="1" />
    <testcase name="AuditUpdatedChargeNurseShouldWriteToAudit (False,False,0)" classname="Philips.CareEvent.Test.CareAssignmentMgrTest" time="0.009" status="1" />
    <testcase name="AuditUpdatedChargeNurseShouldWriteToAudit (True,False,1)" classname="Philips.CareEvent.Test.CareAssignmentMgrTest" time="0.010" status="1" />
    <testcase name="AuditUpdatedChargeNurseShouldWriteToAudit (False,True,1)" classname="Philips.CareEvent.Test.CareAssignmentMgrTest" time="0.003" status="1" />
    <testcase name="AuditUpdatedChargeNurseShouldWriteToAudit (True,True,2)" classname="Philips.CareEvent.Test.CareAssignmentMgrTest" time="0.002" status="1" />
    <testcase name="CheckForDisconnectedMode (True,True,False)" classname="Philips.CareEvent.Test.CareAssignmentMgrTest" time="0.004" status="1" />
    <testcase name="CheckForDisconnectedMode (False,True,False)" classname="Philips.CareEvent.Test.CareAssignmentMgrTest" time="0.006" status="1" />
    <testcase name="CheckForDisconnectedMode (False,False,True)" classname="Philips.CareEvent.Test.CareAssignmentMgrTest" time="0.006" status="1" />
    <system-out />
    <system-err />
  </testsuite>
  <testsuite name="Philips.PMP.Test.Auto.Hl7MessageBuilderTest" hostname="RESTORMEL" package="not available" id="120" tests="11" failures="0" errors="0" skipped="0" time="0.700" timestamp="2023-12-13T03:29:55">
    <properties />
    <testcase name="Hl7ProcessIheRealTimeAlarmTest (5,Technical)" classname="Philips.PMP.Test.Auto.Hl7MessageBuilderTest" time="0.205" status="1" />
    <testcase name="Hl7ProcessIheRealTimeAlarmTest (5,Patient)" classname="Philips.PMP.Test.Auto.Hl7MessageBuilderTest" time="0.029" status="1" />
    <testcase name="Hl7CreateTimeSyncMessageTest" classname="Philips.PMP.Test.Auto.Hl7MessageBuilderTest" time="0.002" status="1" />
    <testcase name="Hl7CreateNumericMessageEmptyResultTest" classname="Philips.PMP.Test.Auto.Hl7MessageBuilderTest" time="0.197" status="1" />
    <testcase name="Hl7CreateNumericMessageTest" classname="Philips.PMP.Test.Auto.Hl7MessageBuilderTest" time="0.010" status="1" />
    <testcase name="Hl7CreateNumericMultiBedMessageTest" classname="Philips.PMP.Test.Auto.Hl7MessageBuilderTest" time="0.047" status="1" />
    <testcase name="Hl7CreateIheAlertEndTimeNotEqualToZeroMessageTest" classname="Philips.PMP.Test.Auto.Hl7MessageBuilderTest" time="0.003" status="1" />
    <testcase name="Hl7CreateIheAlertEmptyMessageTest" classname="Philips.PMP.Test.Auto.Hl7MessageBuilderTest" time="0.015" status="1" />
    <testcase name="Hl7CreateIheAlertMessageTest" classname="Philips.PMP.Test.Auto.Hl7MessageBuilderTest" time="0.005" status="1" />
    <testcase name="Hl7MessageNumberingShouldNotNumberPIDOrPV1SegmentsTest" classname="Philips.PMP.Test.Auto.Hl7MessageBuilderTest" time="0.186" status="1" />
    <testcase name="Hl7CreateNumericMessageNotOkToProcessTest" classname="Philips.PMP.Test.Auto.Hl7MessageBuilderTest" time="0.001" status="1" />
    <system-out />
    <system-err />
  </testsuite>
  <testsuite name="Philips.PMP.Test.Auto.TaggedIntervalBufferTest" hostname="RESTORMEL" package="not available" id="121" tests="16" failures="0" errors="0" skipped="0" time="0.026" timestamp="2023-12-13T03:29:50">
    <properties />
    <testcase name="ReplaceDoesNotCrashOnRemovedNode" classname="Philips.PMP.Test.Auto.TaggedIntervalBufferTest" time="0.001" status="1" />
    <testcase name="TaggedIntervalEquality (one,two,False)" classname="Philips.PMP.Test.Auto.TaggedIntervalBufferTest" time="0.000" status="1" />
    <testcase name="TaggedIntervalEquality (one,one,True)" classname="Philips.PMP.Test.Auto.TaggedIntervalBufferTest" time="0.000" status="1" />
    <testcase name="TaggedIntervalEquality (two,two,True)" classname="Philips.PMP.Test.Auto.TaggedIntervalBufferTest" time="0.001" status="1" />
    <testcase name="TaggedIntervalEquality (one,,False)" classname="Philips.PMP.Test.Auto.TaggedIntervalBufferTest" time="0.007" status="1" />
    <testcase name="TaggedIntervalEquality (,two,False)" classname="Philips.PMP.Test.Auto.TaggedIntervalBufferTest" time="0.000" status="1" />
    <testcase name="TaggedIntervalEquality (,,True)" classname="Philips.PMP.Test.Auto.TaggedIntervalBufferTest" time="0.000" status="1" />
    <testcase name="InsertIntoEndTest" classname="Philips.PMP.Test.Auto.TaggedIntervalBufferTest" time="0.000" status="1" />
    <testcase name="InsertIntoEmptyTest" classname="Philips.PMP.Test.Auto.TaggedIntervalBufferTest" time="0.000" status="1" />
    <testcase name="InsertIntoMiddleTest" classname="Philips.PMP.Test.Auto.TaggedIntervalBufferTest" time="0.002" status="1" />
    <testcase name="ReplaceKeepsListConsistent (0)" classname="Philips.PMP.Test.Auto.TaggedIntervalBufferTest" time="0.008" status="1" />
    <testcase name="ReplaceKeepsListConsistent (1)" classname="Philips.PMP.Test.Auto.TaggedIntervalBufferTest" time="0.000" status="1" />
    <testcase name="ReplaceKeepsListConsistent (2)" classname="Philips.PMP.Test.Auto.TaggedIntervalBufferTest" time="0.000" status="1" />
    <testcase name="ReplaceKeepsListConsistent (3)" classname="Philips.PMP.Test.Auto.TaggedIntervalBufferTest" time="0.000" status="1" />
    <testcase name="ReplaceKeepsListConsistent (4)" classname="Philips.PMP.Test.Auto.TaggedIntervalBufferTest" time="0.000" status="1" />
    <testcase name="InsertIntoBeginningTest" classname="Philips.PMP.Test.Auto.TaggedIntervalBufferTest" time="0.003" status="1" />
    <system-out />
    <system-err />
  </testsuite>
  <testsuite name="Philips.PMP.Test.Auto.LicensingProviderTest" hostname="RESTORMEL" package="not available" id="122" tests="4" failures="0" errors="0" skipped="0" time="4.500" timestamp="2023-12-13T03:34:28">
    <properties />
    <testcase name="DeleteDeviceLicensingTest" classname="Philips.PMP.Test.Auto.LicensingProviderTest" time="1.055" status="1" />
    <testcase name="StoreMultipleAssignmentsTest" classname="Philips.PMP.Test.Auto.LicensingProviderTest" time="1.496" status="1" />
    <testcase name="GetLicensingByEntityTest" classname="Philips.PMP.Test.Auto.LicensingProviderTest" time="0.981" status="1" />
    <testcase name="UpdateDeviceLicensingTest" classname="Philips.PMP.Test.Auto.LicensingProviderTest" time="0.968" status="1" />
    <system-out />
    <system-err />
  </testsuite>
  <testsuite name="Philips.PIC.WebBridge.Test.WaveStripReportGeneratorTest" hostname="RESTORMEL" package="not available" id="123" tests="8" failures="0" errors="0" skipped="0" time="0.139" timestamp="2023-12-13T03:39:11">
    <properties />
    <testcase name="WillConvertToWaveSpeedEnumsTest (25,Speed625)" classname="Philips.PIC.WebBridge.Test.WaveStripReportGeneratorTest" time="0.001" status="1" />
    <testcase name="WillConvertToWaveSpeedEnumsTest (50,Speed125)" classname="Philips.PIC.WebBridge.Test.WaveStripReportGeneratorTest" time="0.000" status="1" />
    <testcase name="WillConvertToWaveSpeedEnumsTest (100,Speed25)" classname="Philips.PIC.WebBridge.Test.WaveStripReportGeneratorTest" time="0.000" status="1" />
    <testcase name="WillConvertToWaveSpeedEnumsTest (200,Speed50)" classname="Philips.PIC.WebBridge.Test.WaveStripReportGeneratorTest" time="0.001" status="1" />
    <testcase name="WillGetAlertForAnExistingAlert" classname="Philips.PIC.WebBridge.Test.WaveStripReportGeneratorTest" time="0.001" status="1" />
    <testcase name="WillCreateAlertForNewAlert" classname="Philips.PIC.WebBridge.Test.WaveStripReportGeneratorTest" time="0.001" status="1" />
    <testcase name="WillTryExportTest" classname="Philips.PIC.WebBridge.Test.WaveStripReportGeneratorTest" time="0.096" status="1" />
    <testcase name="WillTryCreateWaveStripReportTest" classname="Philips.PIC.WebBridge.Test.WaveStripReportGeneratorTest" time="0.039" status="1" />
    <system-out />
    <system-err />
  </testsuite>
  <testsuite name="Philips.PMP.Test.Auto.ExportHelperTest" hostname="RESTORMEL" package="not available" id="124" tests="3" failures="0" errors="0" skipped="0" time="0.015" timestamp="2023-12-13T03:30:45">
    <properties />
    <testcase name="ExportEncodingMatchesGivenEncoding" classname="Philips.PMP.Test.Auto.ExportHelperTest" time="0.008" status="1" />
    <testcase name="ExportInvalidPathReturnsFalse" classname="Philips.PMP.Test.Auto.ExportHelperTest" time="0.002" status="1" />
    <testcase name="ExportDefaultEncodingIsUtf8WithoutBom" classname="Philips.PMP.Test.Auto.ExportHelperTest" time="0.004" status="1" />
    <system-out />
    <system-err />
  </testsuite>
  <testsuite name="Philips.PMP.Test.Auto.StripReviewTest" hostname="RESTORMEL" package="not available" id="125" tests="28" failures="0" errors="0" skipped="0" time="0.741" timestamp="2023-12-13T03:30:01">
    <properties />
    <testcase name="StripReviewIsValidGuidTest (True,dddddddddddddddddddddddddddddddd)" classname="Philips.PMP.Test.Auto.StripReviewTest" time="0.001" status="1" />
    <testcase name="StripReviewIsValidGuidTest (True,dddddddd-dddd-dddd-dddd-dddddddddddd)" classname="Philips.PMP.Test.Auto.StripReviewTest" time="0.000" status="1" />
    <testcase name="StripReviewIsValidGuidTest (True,12345678-90ab-cdef-1234-567890abcdef)" classname="Philips.PMP.Test.Auto.StripReviewTest" time="0.000" status="1" />
    <testcase name="StripReviewIsValidGuidTest (False,)" classname="Philips.PMP.Test.Auto.StripReviewTest" time="0.000" status="1" />
    <testcase name="StripReviewIsValidGuidTest (False,a random string beyond the hex range)" classname="Philips.PMP.Test.Auto.StripReviewTest" time="0.000" status="1" />
    <testcase name="StripReviewIsValidGuidTest (False,&quot;&gt;&lt;script&gt;alert(1);&lt;/script&gt;&quot;)" classname="Philips.PMP.Test.Auto.StripReviewTest" time="0.000" status="1" />
    <testcase name="StripReviewIsValidGuidTest (False,ddddddddddddddddddddddddddddddd)" classname="Philips.PMP.Test.Auto.StripReviewTest" time="0.000" status="1" />
    <testcase name="StripReviewIsValidGuidTest (False,ddddddddddddddddddddddddddddddddd)" classname="Philips.PMP.Test.Auto.StripReviewTest" time="0.000" status="1" />
    <testcase name="StripReviewIsValidGuidTest (False,dddddddddddddddddddddddddddddddg)" classname="Philips.PMP.Test.Auto.StripReviewTest" time="0.000" status="1" />
    <testcase name="StripReviewRelativeUrlTest (12345678123456781234567812345678,10,87654321876543218765432187654321,False)" classname="Philips.PMP.Test.Auto.StripReviewTest" time="0.001" status="1" />
    <testcase name="StripReviewRelativeUrlTest (12345678123456781234567812345678,10,87654321876543218765432187654321,True)" classname="Philips.PMP.Test.Auto.StripReviewTest" time="0.001" status="1" />
    <testcase name="StripReviewPostBackTest (12345678123456781234567812345678,10,87654321876543218765432187654321,/retrospectivephysioview/retrospective-view/12345678-1234-5678-1234-567812345678)" classname="Philips.PMP.Test.Auto.StripReviewTest" time="0.042" status="1" />
    <testcase name="StripReviewPostBackTest (12345678123456781234567812345678,10,&lt;script&gt;alert(1);&lt;/script&gt;,/retrospectivephysioview/retrospective-view/12345678-1234-5678-1234-567812345678)" classname="Philips.PMP.Test.Auto.StripReviewTest" time="0.001" status="1" />
    <testcase name="StripReviewPostBackTest (12345678123456781234567812345678,&lt;script&gt;alert(1);&lt;/script&gt;,87654321876543218765432187654321,/retrospectivephysioview/retrospective-view/12345678-1234-5678-1234-567812345678)" classname="Philips.PMP.Test.Auto.StripReviewTest" time="0.001" status="1" />
    <testcase name="StripReviewPostBackTest (12345678123456781234567812345678,&lt;script&gt;alert(1);&lt;/script&gt;,&lt;script&gt;alert(1);&lt;/script&gt;,/retrospectivephysioview/retrospective-view/12345678-1234-5678-1234-567812345678)" classname="Philips.PMP.Test.Auto.StripReviewTest" time="0.001" status="1" />
    <testcase name="StripReviewIsValidUlongTest (True,100)" classname="Philips.PMP.Test.Auto.StripReviewTest" time="0.542" status="1" />
    <testcase name="StripReviewIsValidUlongTest (False,a string)" classname="Philips.PMP.Test.Auto.StripReviewTest" time="0.010" status="1" />
    <testcase name="StripReviewIsValidUlongTest (False,100 a string containing numbers)" classname="Philips.PMP.Test.Auto.StripReviewTest" time="0.001" status="1" />
    <testcase name="StripReviewIsValidUlongTest (False,a string containing numbers 100)" classname="Philips.PMP.Test.Auto.StripReviewTest" time="0.001" status="1" />
    <testcase name="StripReviewIsValidUlongTest (False,-100)" classname="Philips.PMP.Test.Auto.StripReviewTest" time="0.001" status="1" />
    <testcase name="StripReviewIsValidUlongTest (False,0x100)" classname="Philips.PMP.Test.Auto.StripReviewTest" time="0.001" status="1" />
    <testcase name="StripReviewIsValidUlongTest (False,&quot;&gt;&lt;script&gt;alert(1);&lt;/script&gt;&quot;)" classname="Philips.PMP.Test.Auto.StripReviewTest" time="0.001" status="1" />
    <testcase name="StripReviewIsValidUlongTest (False,null)" classname="Philips.PMP.Test.Auto.StripReviewTest" time="0.019" status="1" />
    <testcase name="StripReviewIsValidUlongTest (True,0)" classname="Philips.PMP.Test.Auto.StripReviewTest" time="0.001" status="1" />
    <testcase name="StripReviewNotPostBackTest (12345678123456781234567812345678,10,87654321876543218765432187654321,/retrospectivephysioview/retrospective-view/12345678-1234-5678-1234-567812345678/10?alarmid=87654321876543218765432187654321)" classname="Philips.PMP.Test.Auto.StripReviewTest" time="0.113" status="1" />
    <testcase name="StripReviewNotPostBackTest (12345678123456781234567812345678,10,&lt;script&gt;alert(1);&lt;/script&gt;,/retrospectivephysioview/retrospective-view/12345678-1234-5678-1234-567812345678/10?alarmid=)" classname="Philips.PMP.Test.Auto.StripReviewTest" time="0.001" status="1" />
    <testcase name="StripReviewNotPostBackTest (12345678123456781234567812345678,&lt;script&gt;alert(1);&lt;/script&gt;,87654321876543218765432187654321,/retrospectivephysioview/retrospective-view/12345678-1234-5678-1234-567812345678/?alarmid=87654321876543218765432187654321)" classname="Philips.PMP.Test.Auto.StripReviewTest" time="0.001" status="1" />
    <testcase name="StripReviewNotPostBackTest (12345678123456781234567812345678,&lt;script&gt;alert(1);&lt;/script&gt;,&lt;script&gt;alert(1);&lt;/script&gt;,/retrospectivephysioview/retrospective-view/12345678-1234-5678-1234-567812345678/?alarmid=)" classname="Philips.PMP.Test.Auto.StripReviewTest" time="0.001" status="1" />
    <system-out />
    <system-err />
  </testsuite>
  <testsuite name="Philips.PMP.Test.Auto.MobileBedSubscriberTest" hostname="RESTORMEL" package="not available" id="126" tests="17" failures="0" errors="0" skipped="0" time="1.012" timestamp="2023-12-13T03:29:39">
    <properties />
    <testcase name="MobileBedSubscriberCanSubscriberForGapsOnDischarge (True)" classname="Philips.PMP.Test.Auto.MobileBedSubscriberTest" time="0.024" status="1" />
    <testcase name="MobileBedSubscriberCanSubscriberForGapsOnDischarge (False)" classname="Philips.PMP.Test.Auto.MobileBedSubscriberTest" time="0.029" status="1" />
    <testcase name="MobileBedSubscriberDeduplicatesConfigurationSubscriptions" classname="Philips.PMP.Test.Auto.MobileBedSubscriberTest" time="0.036" status="1" />
    <testcase name="MobileBedSubscriberWillSubscribeToAllData (True)" classname="Philips.PMP.Test.Auto.MobileBedSubscriberTest" time="0.044" status="1" />
    <testcase name="MobileBedSubscriberWillSubscribeToAllData (False)" classname="Philips.PMP.Test.Auto.MobileBedSubscriberTest" time="0.018" status="1" />
    <testcase name="MobileBedSubscriberWillSubscribeByNlsId" classname="Philips.PMP.Test.Auto.MobileBedSubscriberTest" time="0.545" status="1" />
    <testcase name="MobileBedSubscriberHasConsumer" classname="Philips.PMP.Test.Auto.MobileBedSubscriberTest" time="0.022" status="1" />
    <testcase name="MobileBedSubscriberSubscriptionsArePerClient" classname="Philips.PMP.Test.Auto.MobileBedSubscriberTest" time="0.054" status="1" />
    <testcase name="MobileBedSubscriberSendsConsumerConfigNotifications (0,1)" classname="Philips.PMP.Test.Auto.MobileBedSubscriberTest" time="0.021" status="1" />
    <testcase name="MobileBedSubscriberSendsConsumerConfigNotifications (1,0)" classname="Philips.PMP.Test.Auto.MobileBedSubscriberTest" time="0.012" status="1" />
    <testcase name="MobileBedSubscriberWillSendAllData (True)" classname="Philips.PMP.Test.Auto.MobileBedSubscriberTest" time="0.034" status="1" />
    <testcase name="MobileBedSubscriberWillSendAllData (False)" classname="Philips.PMP.Test.Auto.MobileBedSubscriberTest" time="0.019" status="1" />
    <testcase name="WillProcessPatientUpdate" classname="Philips.PMP.Test.Auto.MobileBedSubscriberTest" time="0.057" status="1" />
    <testcase name="MobileBedSubscriberWillSubscribeWithTheGivenDelay (0)" classname="Philips.PMP.Test.Auto.MobileBedSubscriberTest" time="0.054" status="1" />
    <testcase name="MobileBedSubscriberWillSubscribeWithTheGivenDelay (6144)" classname="Philips.PMP.Test.Auto.MobileBedSubscriberTest" time="0.012" status="1" />
    <testcase name="MobileBedSubscriberCanUpdatePhysioConfig (True)" classname="Philips.PMP.Test.Auto.MobileBedSubscriberTest" time="0.023" status="1" />
    <testcase name="MobileBedSubscriberCanUpdatePhysioConfig (False)" classname="Philips.PMP.Test.Auto.MobileBedSubscriberTest" time="0.007" status="1" />
    <system-out />
    <system-err />
  </testsuite>
  <testsuite name="Philips.PMP.Test.Auto.AppUserMgrTest" hostname="RESTORMEL" package="not available" id="127" tests="3" failures="0" errors="0" skipped="0" time="0.016" timestamp="2023-12-13T03:30:19">
    <properties />
    <testcase name="UserLogoutTest" classname="Philips.PMP.Test.Auto.AppUserMgrTest" time="0.007" status="1" />
    <testcase name="SwitchUserTest (True)" classname="Philips.PMP.Test.Auto.AppUserMgrTest" time="0.008" status="1" />
    <testcase name="SwitchUserTest (False)" classname="Philips.PMP.Test.Auto.AppUserMgrTest" time="0.001" status="1" />
    <system-out />
    <system-err />
  </testsuite>
  <testsuite name="Philips.PMP.Test.Auto.ComConverterTest" hostname="RESTORMEL" package="not available" id="128" tests="4" failures="0" errors="0" skipped="0" time="0.026" timestamp="2023-12-13T03:29:52">
    <properties />
    <testcase name="ComConverterCanConvertArray" classname="Philips.PMP.Test.Auto.ComConverterTest" time="0.001" status="1" />
    <testcase name="ComConverterCanConvertNullOrEmptyArray" classname="Philips.PMP.Test.Auto.ComConverterTest" time="0.003" status="1" />
    <testcase name="ComConverterBuildArraysReturnsFalse" classname="Philips.PMP.Test.Auto.ComConverterTest" time="0.019" status="1" />
    <testcase name="ComConverterBuildArraysReturnsTrue" classname="Philips.PMP.Test.Auto.ComConverterTest" time="0.002" status="1" />
    <system-out />
    <system-err />
  </testsuite>
  <testsuite name="Philips.PMP.Test.Auto.QuickReviewControlTest" hostname="RESTORMEL" package="not available" id="129" tests="13" failures="0" errors="0" skipped="0" time="2.333" timestamp="2023-12-13T03:36:13">
    <properties />
    <testcase name="SendPageShouldSetBedsForUpdateInEventMonitorClientConnectionViaBedAndInstitutionName" classname="Philips.PMP.Test.Auto.QuickReviewControlTest" time="0.136" status="1" />
    <testcase name="QuickReviewControlAnnotationFormHasCorrectPatientSetAlertFocus" classname="Philips.PMP.Test.Auto.QuickReviewControlTest" time="0.257" status="1" />
    <testcase name="ShouldPopupEventDeliveryFailedMessageTest (True,CategoryNotConfigured)" classname="Philips.PMP.Test.Auto.QuickReviewControlTest" time="0.123" status="1" />
    <testcase name="ShouldPopupEventDeliveryFailedMessageTest (True,CategoryNotEnabled)" classname="Philips.PMP.Test.Auto.QuickReviewControlTest" time="0.122" status="1" />
    <testcase name="ShouldPopupEventDeliveryFailedMessageTest (True,NoCaregiversAssignedToEvent)" classname="Philips.PMP.Test.Auto.QuickReviewControlTest" time="0.117" status="1" />
    <testcase name="ShouldPopupEventDeliveryFailedMessageTest (True,NoDevices)" classname="Philips.PMP.Test.Auto.QuickReviewControlTest" time="0.120" status="1" />
    <testcase name="ShouldPopupEventDeliveryFailedMessageTest (False,Success)" classname="Philips.PMP.Test.Auto.QuickReviewControlTest" time="0.135" status="1" />
    <testcase name="GetNotAdmittedPatientDisplayNameTest" classname="Philips.PMP.Test.Auto.QuickReviewControlTest" time="0.129" status="1" />
    <testcase name="QuickReviewControlDoNoPageSoftInopAlert" classname="Philips.PMP.Test.Auto.QuickReviewControlTest" time="0.123" status="1" />
    <testcase name="ShouldCreateEventMonitorClientConnection" classname="Philips.PMP.Test.Auto.QuickReviewControlTest" time="0.126" status="1" />
    <testcase name="GetAdmittedPatientDisplayNameTest" classname="Philips.PMP.Test.Auto.QuickReviewControlTest" time="0.123" status="1" />
    <testcase name="GetMyAdmittedPatientMultiInstitutionDisplayNameTest" classname="Philips.PMP.Test.Auto.QuickReviewControlTest" time="0.395" status="1" />
    <testcase name="GetNotMyAdmittedPatientMultiInstitutionDisplayNameTest" classname="Philips.PMP.Test.Auto.QuickReviewControlTest" time="0.427" status="1" />
    <system-out />
    <system-err />
  </testsuite>
  <testsuite name="Philips.PMP.Test.Auto.IheDriverSecureCommTest" hostname="RESTORMEL" package="not available" id="130" tests="3" failures="0" errors="0" skipped="0" time="0.245" timestamp="2023-12-13T03:29:45">
    <properties />
    <testcase name="IHEConnectionSecureAuthFailTest" classname="Philips.PMP.Test.Auto.IheDriverSecureCommTest" time="0.004" status="1" />
    <testcase name="IHEConnectionSecureTest" classname="Philips.PMP.Test.Auto.IheDriverSecureCommTest" time="0.227" status="1" />
    <testcase name="IHEConnectionSecureFailureTest" classname="Philips.PMP.Test.Auto.IheDriverSecureCommTest" time="0.014" status="1" />
    <system-out />
    <system-err />
  </testsuite>
  <testsuite name="Philips.PMP.Test.Auto.EntityLicenseExtensionsTest" hostname="RESTORMEL" package="not available" id="131" tests="16" failures="0" errors="0" skipped="0" time="0.019" timestamp="2023-12-13T03:34:26">
    <properties />
    <testcase name="EntityLicenseExtensionsIsLocalConfigDbServer" classname="Philips.PMP.Test.Auto.EntityLicenseExtensionsTest" time="0.001" status="1" />
    <testcase name="EntityLicenseExtensionsIsPatientLink" classname="Philips.PMP.Test.Auto.EntityLicenseExtensionsTest" time="0.001" status="1" />
    <testcase name="EntityLicenseExtensionsIsWeb" classname="Philips.PMP.Test.Auto.EntityLicenseExtensionsTest" time="0.001" status="1" />
    <testcase name="EntityLicenseExtensionsIsSurveillance" classname="Philips.PMP.Test.Auto.EntityLicenseExtensionsTest" time="0.001" status="1" />
    <testcase name="EntityLicenseExtensionsIsWebProxy" classname="Philips.PMP.Test.Auto.EntityLicenseExtensionsTest" time="0.001" status="1" />
    <testcase name="EntityLicenseExtensionsIsRecording" classname="Philips.PMP.Test.Auto.EntityLicenseExtensionsTest" time="0.001" status="1" />
    <testcase name="EntityLicenseExtensionsIsLargeServer" classname="Philips.PMP.Test.Auto.EntityLicenseExtensionsTest" time="0.001" status="1" />
    <testcase name="EntityLicenseExtensionsIsPatientDataExportStorageForResearch" classname="Philips.PMP.Test.Auto.EntityLicenseExtensionsTest" time="0.001" status="1" />
    <testcase name="EntityLicenseExtensionsIsConfigurationDatabaseServer" classname="Philips.PMP.Test.Auto.EntityLicenseExtensionsTest" time="0.003" status="1" />
    <testcase name="EntityLicenseExtensionsIsPatientDataExportStorage" classname="Philips.PMP.Test.Auto.EntityLicenseExtensionsTest" time="0.001" status="1" />
    <testcase name="EntityLicenseExtensionsIsPatientConnected" classname="Philips.PMP.Test.Auto.EntityLicenseExtensionsTest" time="0.001" status="1" />
    <testcase name="EntityLicenseExtensionsIsPhysioDbServer" classname="Philips.PMP.Test.Auto.EntityLicenseExtensionsTest" time="0.001" status="1" />
    <testcase name="EntityLicenseExtensionsIsMobilityServer" classname="Philips.PMP.Test.Auto.EntityLicenseExtensionsTest" time="0.001" status="1" />
    <testcase name="EntityLicenseExtensionsIsOverview" classname="Philips.PMP.Test.Auto.EntityLicenseExtensionsTest" time="0.001" status="1" />
    <testcase name="EntityLicenseExtensionsIsEfficia" classname="Philips.PMP.Test.Auto.EntityLicenseExtensionsTest" time="0.001" status="1" />
    <testcase name="EntityLicenseExtensionsIsLargeConfigDbServer" classname="Philips.PMP.Test.Auto.EntityLicenseExtensionsTest" time="0.001" status="1" />
    <system-out />
    <system-err />
  </testsuite>
  <testsuite name="Philips.PMP.Test.Auto.AuthenticatableUserPasswordUpdaterTest" hostname="RESTORMEL" package="not available" id="132" tests="13" failures="0" errors="0" skipped="0" time="0.580" timestamp="2023-12-13T03:30:00">
    <properties />
    <testcase name="UpdatePasswordStoresPassword" classname="Philips.PMP.Test.Auto.AuthenticatableUserPasswordUpdaterTest" time="0.055" status="1" />
    <testcase name="PasswordUpdaterConveysOsPasswordRequirements (15,15)" classname="Philips.PMP.Test.Auto.AuthenticatableUserPasswordUpdaterTest" time="0.004" status="1" />
    <testcase name="PasswordUpdaterConveysOsPasswordRequirements (14,14)" classname="Philips.PMP.Test.Auto.AuthenticatableUserPasswordUpdaterTest" time="0.002" status="1" />
    <testcase name="PasswordUpdaterConveysOsPasswordRequirements (1,1)" classname="Philips.PMP.Test.Auto.AuthenticatableUserPasswordUpdaterTest" time="0.001" status="1" />
    <testcase name="PasswordUpdaterConveysOsPasswordRequirements (0,14)" classname="Philips.PMP.Test.Auto.AuthenticatableUserPasswordUpdaterTest" time="0.019" status="1" />
    <testcase name="PasswordUpdaterConveysOsPasswordRequirements (-1,14)" classname="Philips.PMP.Test.Auto.AuthenticatableUserPasswordUpdaterTest" time="0.002" status="1" />
    <testcase name="CanPasswordBeChangedChecksRegistrySettings (True,True)" classname="Philips.PMP.Test.Auto.AuthenticatableUserPasswordUpdaterTest" time="0.393" status="1" />
    <testcase name="CanPasswordBeChangedChecksRegistrySettings (True,False)" classname="Philips.PMP.Test.Auto.AuthenticatableUserPasswordUpdaterTest" time="0.021" status="1" />
    <testcase name="CanPasswordBeChangedChecksRegistrySettings (False,True)" classname="Philips.PMP.Test.Auto.AuthenticatableUserPasswordUpdaterTest" time="0.001" status="1" />
    <testcase name="PasswordUpdaterCanValidatePasswordProperties (a!Bc#d12rw40e9-3sf,True,True)" classname="Philips.PMP.Test.Auto.AuthenticatableUserPasswordUpdaterTest" time="0.039" status="1" />
    <testcase name="PasswordUpdaterCanValidatePasswordProperties (a!Bc#d12,False,True)" classname="Philips.PMP.Test.Auto.AuthenticatableUserPasswordUpdaterTest" time="0.008" status="1" />
    <testcase name="PasswordUpdaterCanValidatePasswordProperties (password123,True,False)" classname="Philips.PMP.Test.Auto.AuthenticatableUserPasswordUpdaterTest" time="0.021" status="1" />
    <testcase name="PasswordUpdaterCanValidatePasswordProperties (password,False,False)" classname="Philips.PMP.Test.Auto.AuthenticatableUserPasswordUpdaterTest" time="0.015" status="1" />
    <system-out />
    <system-err />
  </testsuite>
  <testsuite name="Philips.PMP.Test.Auto.CaregiverPaginatorTest" hostname="RESTORMEL" package="not available" id="133" tests="15" failures="0" errors="0" skipped="0" time="0.019" timestamp="2023-12-13T03:29:37">
    <properties />
    <testcase name="ToEndShouldReturnToLastPage" classname="Philips.PMP.Test.Auto.CaregiverPaginatorTest" time="0.001" status="1" />
    <testcase name="MaxCaregiversToDisplayShouldReturnNumCaregiversWhenLessThanAPage (0)" classname="Philips.PMP.Test.Auto.CaregiverPaginatorTest" time="0.001" status="1" />
    <testcase name="MaxCaregiversToDisplayShouldReturnNumCaregiversWhenLessThanAPage (1)" classname="Philips.PMP.Test.Auto.CaregiverPaginatorTest" time="0.002" status="1" />
    <testcase name="MaxCaregiversToDisplayShouldReturnNumCaregiversWhenLessThanAPage (50)" classname="Philips.PMP.Test.Auto.CaregiverPaginatorTest" time="0.001" status="1" />
    <testcase name="MaxCaregiversToDisplayShouldReturnNumCaregiversWhenLessThanAPage (99)" classname="Philips.PMP.Test.Auto.CaregiverPaginatorTest" time="0.003" status="1" />
    <testcase name="MaxCaregiversToDisplayShouldReturnNumCaregiversWhenLessThanAPage (100)" classname="Philips.PMP.Test.Auto.CaregiverPaginatorTest" time="0.001" status="1" />
    <testcase name="MaxCaregiversToDisplayShouldReturnRemainder" classname="Philips.PMP.Test.Auto.CaregiverPaginatorTest" time="0.001" status="1" />
    <testcase name="NextPageShouldAdvanceToNextPage" classname="Philips.PMP.Test.Auto.CaregiverPaginatorTest" time="0.004" status="1" />
    <testcase name="MaxCaregiversToDisplayShouldReturnMaxWhenEvenlyDivisible" classname="Philips.PMP.Test.Auto.CaregiverPaginatorTest" time="0.002" status="1" />
    <testcase name="NextPageShouldNotAdvancePastLastPage" classname="Philips.PMP.Test.Auto.CaregiverPaginatorTest" time="0.001" status="1" />
    <testcase name="ToEndShouldReturnToLastPageWhenNoCarevgivers" classname="Philips.PMP.Test.Auto.CaregiverPaginatorTest" time="0.001" status="1" />
    <testcase name="BackPageShouldRemainOnFirstPage" classname="Philips.PMP.Test.Auto.CaregiverPaginatorTest" time="0.000" status="1" />
    <testcase name="BackPageShouldGoBackOnePage" classname="Philips.PMP.Test.Auto.CaregiverPaginatorTest" time="0.001" status="1" />
    <testcase name="ToStartShouldReturnToFirstPage" classname="Philips.PMP.Test.Auto.CaregiverPaginatorTest" time="0.001" status="1" />
    <testcase name="ToEndShouldReturnToLastPageWhenPagesExactlyFull" classname="Philips.PMP.Test.Auto.CaregiverPaginatorTest" time="0.000" status="1" />
    <system-out />
    <system-err />
  </testsuite>
  <testsuite name="Philips.PMP.Test.Auto.MdilAdtEnumTest" hostname="RESTORMEL" package="not available" id="134" tests="2" failures="0" errors="0" skipped="0" time="0.005" timestamp="2023-12-13T03:29:46">
    <properties />
    <testcase name="MdilAdtFieldsEnumTest" classname="Philips.PMP.Test.Auto.MdilAdtEnumTest" time="0.005" status="1" />
    <testcase name="MdilPriorIcuStayValuesEnumTest" classname="Philips.PMP.Test.Auto.MdilAdtEnumTest" time="0.001" status="1" />
    <system-out />
    <system-err />
  </testsuite>
  <testsuite name="Philips.PMP.Test.Auto.ActiveDirectoryQualifierTest" hostname="RESTORMEL" package="not available" id="135" tests="7" failures="0" errors="0" skipped="0" time="0.051" timestamp="2023-12-13T03:29:42">
    <properties />
    <testcase name="VerifySystem (False,False)" classname="Philips.PMP.Test.Auto.ActiveDirectoryQualifierTest" time="0.006" status="1" />
    <testcase name="VerifySystem (True,False)" classname="Philips.PMP.Test.Auto.ActiveDirectoryQualifierTest" time="0.002" status="1" />
    <testcase name="VerifySystem (True,True)" classname="Philips.PMP.Test.Auto.ActiveDirectoryQualifierTest" time="0.001" status="1" />
    <testcase name="CorrectHost" classname="Philips.PMP.Test.Auto.ActiveDirectoryQualifierTest" time="0.031" status="1" />
    <testcase name="VerifyHost (False,False)" classname="Philips.PMP.Test.Auto.ActiveDirectoryQualifierTest" time="0.008" status="1" />
    <testcase name="VerifyHost (True,False)" classname="Philips.PMP.Test.Auto.ActiveDirectoryQualifierTest" time="0.002" status="1" />
    <testcase name="VerifyHost (True,True)" classname="Philips.PMP.Test.Auto.ActiveDirectoryQualifierTest" time="0.001" status="1" />
    <system-out />
    <system-err />
  </testsuite>
  <testsuite name="Philips.PMP.Test.Auto.HttpTransferServiceTest" hostname="RESTORMEL" package="not available" id="136" tests="5" failures="0" errors="0" skipped="0" time="0.378" timestamp="2023-12-13T03:37:01">
    <properties />
    <testcase name="HttpTransferServiceCanStartStopAndRestart" classname="Philips.PMP.Test.Auto.HttpTransferServiceTest" time="0.117" status="1" />
    <testcase name="HttpTransferServiceCanStart (True)" classname="Philips.PMP.Test.Auto.HttpTransferServiceTest" time="0.138" status="1" />
    <testcase name="HttpTransferServiceCanStart (False)" classname="Philips.PMP.Test.Auto.HttpTransferServiceTest" time="0.039" status="1" />
    <testcase name="HttpTransferServiceOnlyTransfersValidRequests (True,2)" classname="Philips.PMP.Test.Auto.HttpTransferServiceTest" time="0.080" status="1" />
    <testcase name="HttpTransferServiceOnlyTransfersValidRequests (False,0)" classname="Philips.PMP.Test.Auto.HttpTransferServiceTest" time="0.004" status="1" />
    <system-out />
    <system-err />
  </testsuite>
  <testsuite name="Philips.PMP.Test.Auto.HL7ConnectionPropertyControlTest" hostname="RESTORMEL" package="not available" id="137" tests="21" failures="0" errors="0" skipped="0" time="1.775" timestamp="2023-12-13T03:33:56">
    <properties />
    <testcase name="HL7InitializeOutputTypeTest" classname="Philips.PMP.Test.Auto.HL7ConnectionPropertyControlTest" time="0.027" status="1" />
    <testcase name="HL7ConnectionModeSelectionTest (QueryServer)" classname="Philips.PMP.Test.Auto.HL7ConnectionPropertyControlTest" time="0.135" status="1" />
    <testcase name="HL7ConnectionModeSelectionTest (ReporterClient)" classname="Philips.PMP.Test.Auto.HL7ConnectionPropertyControlTest" time="0.123" status="1" />
    <testcase name="HL7ConnectionModeSelectionTest (ReporterServer)" classname="Philips.PMP.Test.Auto.HL7ConnectionPropertyControlTest" time="0.138" status="1" />
    <testcase name="HL7ConnectionModeSelectionTest (TrendClient)" classname="Philips.PMP.Test.Auto.HL7ConnectionPropertyControlTest" time="0.124" status="1" />
    <testcase name="HL7ConnectionModeSelectionTest (TrendServer)" classname="Philips.PMP.Test.Auto.HL7ConnectionPropertyControlTest" time="0.127" status="1" />
    <testcase name="ShouldSendAlarmsTest (Numerics,False)" classname="Philips.PMP.Test.Auto.HL7ConnectionPropertyControlTest" time="0.024" status="1" />
    <testcase name="ShouldSendAlarmsTest (Alarms,True)" classname="Philips.PMP.Test.Auto.HL7ConnectionPropertyControlTest" time="0.027" status="1" />
    <testcase name="ShouldSendAlarmsTest (Numerics and Alarms,True)" classname="Philips.PMP.Test.Auto.HL7ConnectionPropertyControlTest" time="0.020" status="1" />
    <testcase name="AddUnitToTreeViewMultiInstitutionTest" classname="Philips.PMP.Test.Auto.HL7ConnectionPropertyControlTest" time="0.279" status="1" />
    <testcase name="HL7ProfileConnectionModeSelectionListTest (Ihe,QueryServer)" classname="Philips.PMP.Test.Auto.HL7ConnectionPropertyControlTest" time="0.057" status="1" />
    <testcase name="HL7ProfileConnectionModeSelectionListTest (Classic,AlarmClient)" classname="Philips.PMP.Test.Auto.HL7ConnectionPropertyControlTest" time="0.132" status="1" />
    <testcase name="HL7ProfileConnectionModeSelectionListTest (Classic,ValidateDataClient)" classname="Philips.PMP.Test.Auto.HL7ConnectionPropertyControlTest" time="0.132" status="1" />
    <testcase name="HL7ProfileConnectionModeSelectionListTest (Vista,AlarmClient)" classname="Philips.PMP.Test.Auto.HL7ConnectionPropertyControlTest" time="0.136" status="1" />
    <testcase name="HL7ProfileConnectionModeSelectionListTest (Vista,ValidateDataClient)" classname="Philips.PMP.Test.Auto.HL7ConnectionPropertyControlTest" time="0.122" status="1" />
    <testcase name="ConnectionPropertyControlForAlarmAndValidateClientConnection (AlarmClient,9500,False,False,False,False,True,1,Alerts)" classname="Philips.PMP.Test.Auto.HL7ConnectionPropertyControlTest" time="0.038" status="1" />
    <testcase name="ConnectionPropertyControlForAlarmAndValidateClientConnection (ValidateDataClient,9900,False,False,False,True,True,1,Numerics)" classname="Philips.PMP.Test.Auto.HL7ConnectionPropertyControlTest" time="0.028" status="1" />
    <testcase name="AddUnitToTreeViewTest" classname="Philips.PMP.Test.Auto.HL7ConnectionPropertyControlTest" time="0.037" status="1" />
    <testcase name="ShouldSendNumericsTest (Numerics,True)" classname="Philips.PMP.Test.Auto.HL7ConnectionPropertyControlTest" time="0.028" status="1" />
    <testcase name="ShouldSendNumericsTest (Alarms,False)" classname="Philips.PMP.Test.Auto.HL7ConnectionPropertyControlTest" time="0.020" status="1" />
    <testcase name="ShouldSendNumericsTest (Numerics and Alarms,True)" classname="Philips.PMP.Test.Auto.HL7ConnectionPropertyControlTest" time="0.019" status="1" />
    <system-out />
    <system-err />
  </testsuite>
  <testsuite name="Philips.PIC.WebBridge.Test.PhysioDataRetrievalMgrTest" hostname="RESTORMEL" package="not available" id="138" tests="3" failures="0" errors="0" skipped="0" time="0.126" timestamp="2023-12-13T03:39:10">
    <properties />
    <testcase name="TryGetPhysioDataForDischargedPatientTest" classname="Philips.PIC.WebBridge.Test.PhysioDataRetrievalMgrTest" time="0.023" status="1" />
    <testcase name="TryGetPhysioDataServiceTest" classname="Philips.PIC.WebBridge.Test.PhysioDataRetrievalMgrTest" time="0.082" status="1" />
    <testcase name="TryGetPhysioDataMgrTest" classname="Philips.PIC.WebBridge.Test.PhysioDataRetrievalMgrTest" time="0.021" status="1" />
    <system-out />
    <system-err />
  </testsuite>
  <testsuite name="Philips.PMP.Test.Auto.ReportingProviderTest" hostname="RESTORMEL" package="not available" id="139" tests="2" failures="0" errors="0" skipped="0" time="1.418" timestamp="2023-12-13T03:33:19">
    <properties />
    <testcase name="ReportsMonitorPrinterQueueTest" classname="Philips.PMP.Test.Auto.ReportingProviderTest" time="1.006" status="1" />
    <testcase name="UploadDestinationTest" classname="Philips.PMP.Test.Auto.ReportingProviderTest" time="0.411" status="1" />
    <system-out />
    <system-err />
  </testsuite>
  <testsuite name="Philips.PIC.DataAcquisition.Test.MonitoringDevicePatientQueryHelperTest" hostname="RESTORMEL" package="not available" id="140" tests="45" failures="0" errors="0" skipped="0" time="0.343" timestamp="2023-12-13T03:28:54">
    <properties />
    <testcase name="MonitoringDeviceTryGetIdFromCriteriaTest (,,False,False,False)" classname="Philips.PIC.DataAcquisition.Test.MonitoringDevicePatientQueryHelperTest" time="0.021" status="1" />
    <testcase name="MonitoringDeviceTryGetIdFromCriteriaTest (,x,True,True,True)" classname="Philips.PIC.DataAcquisition.Test.MonitoringDevicePatientQueryHelperTest" time="0.003" status="1" />
    <testcase name="MonitoringDeviceTryGetIdFromCriteriaTest (y,,True,True,True)" classname="Philips.PIC.DataAcquisition.Test.MonitoringDevicePatientQueryHelperTest" time="0.000" status="1" />
    <testcase name="MonitoringDeviceTryGetIdFromCriteriaTest (y,x,True,True,True)" classname="Philips.PIC.DataAcquisition.Test.MonitoringDevicePatientQueryHelperTest" time="0.000" status="1" />
    <testcase name="MonitoringDeviceTryGetIdFromCriteriaTest (y,x,False,False,False)" classname="Philips.PIC.DataAcquisition.Test.MonitoringDevicePatientQueryHelperTest" time="0.000" status="1" />
    <testcase name="MonitoringDeviceDoDemographicsMatchTest (True,False,False,False,False)" classname="Philips.PIC.DataAcquisition.Test.MonitoringDevicePatientQueryHelperTest" time="0.003" status="1" />
    <testcase name="MonitoringDeviceDoDemographicsMatchTest (False,True,False,False,False)" classname="Philips.PIC.DataAcquisition.Test.MonitoringDevicePatientQueryHelperTest" time="0.001" status="1" />
    <testcase name="MonitoringDeviceDoDemographicsMatchTest (False,False,True,False,False)" classname="Philips.PIC.DataAcquisition.Test.MonitoringDevicePatientQueryHelperTest" time="0.001" status="1" />
    <testcase name="MonitoringDeviceDoDemographicsMatchTest (False,False,False,False,False)" classname="Philips.PIC.DataAcquisition.Test.MonitoringDevicePatientQueryHelperTest" time="0.002" status="1" />
    <testcase name="MonitoringDeviceDoDemographicsMatchTest (False,False,False,True,False)" classname="Philips.PIC.DataAcquisition.Test.MonitoringDevicePatientQueryHelperTest" time="0.012" status="1" />
    <testcase name="MonitoringDeviceDoDemographicsMatchTest (False,False,False,False,False)" classname="Philips.PIC.DataAcquisition.Test.MonitoringDevicePatientQueryHelperTest" time="0.000" status="1" />
    <testcase name="MonitoringDeviceDoDemographicsMatchTest (False,False,False,True,True)" classname="Philips.PIC.DataAcquisition.Test.MonitoringDevicePatientQueryHelperTest" time="0.011" status="1" />
    <testcase name="MonitoringDeviceConvertToSureSignsPatientTest (True,False,,,,,,True,True,PatTypeUnspecified,SexUnspecified,False)" classname="Philips.PIC.DataAcquisition.Test.MonitoringDevicePatientQueryHelperTest" time="0.003" status="1" />
    <testcase name="MonitoringDeviceConvertToSureSignsPatientTest (False,True,,,,,,True,True,PatTypeUnspecified,SexUnspecified,False)" classname="Philips.PIC.DataAcquisition.Test.MonitoringDevicePatientQueryHelperTest" time="0.000" status="1" />
    <testcase name="MonitoringDeviceConvertToSureSignsPatientTest (False,False,,,,,,True,True,PatTypeUnspecified,SexUnspecified,False)" classname="Philips.PIC.DataAcquisition.Test.MonitoringDevicePatientQueryHelperTest" time="0.022" status="1" />
    <testcase name="MonitoringDeviceConvertToSureSignsPatientTest (False,False,,,,,,True,True,Neonatal,Female,False)" classname="Philips.PIC.DataAcquisition.Test.MonitoringDevicePatientQueryHelperTest" time="0.003" status="1" />
    <testcase name="MonitoringDeviceConvertToSureSignsPatientTest (False,False,,,,,,True,True,Pediatric,Female,False)" classname="Philips.PIC.DataAcquisition.Test.MonitoringDevicePatientQueryHelperTest" time="0.000" status="1" />
    <testcase name="MonitoringDeviceConvertToSureSignsPatientTest (False,False,f,m,l,1,2,False,False,Adult,Male,True)" classname="Philips.PIC.DataAcquisition.Test.MonitoringDevicePatientQueryHelperTest" time="0.005" status="1" />
    <testcase name="MonitoringDeviceFindPatientSubsetIdTest (55,False,False,True,True)" classname="Philips.PIC.DataAcquisition.Test.MonitoringDevicePatientQueryHelperTest" time="0.001" status="1" />
    <testcase name="MonitoringDeviceFindPatientSubsetIdTest (55,False,False,False,False)" classname="Philips.PIC.DataAcquisition.Test.MonitoringDevicePatientQueryHelperTest" time="0.009" status="1" />
    <testcase name="MonitoringDeviceFindPatientSubsetIdTest (55,False,True,False,False)" classname="Philips.PIC.DataAcquisition.Test.MonitoringDevicePatientQueryHelperTest" time="0.001" status="1" />
    <testcase name="MonitoringDeviceFindPatientSubsetIdTest (55,False,True,True,True)" classname="Philips.PIC.DataAcquisition.Test.MonitoringDevicePatientQueryHelperTest" time="0.001" status="1" />
    <testcase name="MonitoringDeviceFindPatientSubsetIdTest (555,True,False,False,False)" classname="Philips.PIC.DataAcquisition.Test.MonitoringDevicePatientQueryHelperTest" time="0.001" status="1" />
    <testcase name="MonitoringDeviceFindPatientSubsetIdTest (555,True,False,True,True)" classname="Philips.PIC.DataAcquisition.Test.MonitoringDevicePatientQueryHelperTest" time="0.001" status="1" />
    <testcase name="MonitoringDeviceFindPatientSubsetIdTest (555,True,True,False,False)" classname="Philips.PIC.DataAcquisition.Test.MonitoringDevicePatientQueryHelperTest" time="0.001" status="1" />
    <testcase name="MonitoringDeviceFindPatientSubsetIdTest (555,True,True,True,True)" classname="Philips.PIC.DataAcquisition.Test.MonitoringDevicePatientQueryHelperTest" time="0.001" status="1" />
    <testcase name="MonitoringDeviceFindPatientSubsetIdTest (5,False,False,True,True)" classname="Philips.PIC.DataAcquisition.Test.MonitoringDevicePatientQueryHelperTest" time="0.006" status="1" />
    <testcase name="MonitoringDeviceFindPatientSubsetIdTest (5,False,True,True,False)" classname="Philips.PIC.DataAcquisition.Test.MonitoringDevicePatientQueryHelperTest" time="0.002" status="1" />
    <testcase name="MonitoringDeviceFindPatientSubsetIdTest (5,True,False,True,True)" classname="Philips.PIC.DataAcquisition.Test.MonitoringDevicePatientQueryHelperTest" time="0.003" status="1" />
    <testcase name="MonitoringDeviceFindPatientSubsetIdTest (5,True,True,True,False)" classname="Philips.PIC.DataAcquisition.Test.MonitoringDevicePatientQueryHelperTest" time="0.001" status="1" />
    <testcase name="MonitoringDeviceQueryPatientByIdTest (True,0,False)" classname="Philips.PIC.DataAcquisition.Test.MonitoringDevicePatientQueryHelperTest" time="0.142" status="1" />
    <testcase name="MonitoringDeviceQueryPatientByIdTest (False,1,False)" classname="Philips.PIC.DataAcquisition.Test.MonitoringDevicePatientQueryHelperTest" time="0.006" status="1" />
    <testcase name="MonitoringDeviceQueryPatientByIdTest (False,1,True)" classname="Philips.PIC.DataAcquisition.Test.MonitoringDevicePatientQueryHelperTest" time="0.003" status="1" />
    <testcase name="MonitoringDeviceQueryPatientByIdTest (False,2,False)" classname="Philips.PIC.DataAcquisition.Test.MonitoringDevicePatientQueryHelperTest" time="0.002" status="1" />
    <testcase name="MonitoringDeviceQueryPatientByIdTest (False,12,False)" classname="Philips.PIC.DataAcquisition.Test.MonitoringDevicePatientQueryHelperTest" time="0.001" status="1" />
    <testcase name="MonitoringDeviceQueryPatientByBedTest (True,False,False,False,False)" classname="Philips.PIC.DataAcquisition.Test.MonitoringDevicePatientQueryHelperTest" time="0.046" status="1" />
    <testcase name="MonitoringDeviceQueryPatientByBedTest (False,True,False,False,False)" classname="Philips.PIC.DataAcquisition.Test.MonitoringDevicePatientQueryHelperTest" time="0.002" status="1" />
    <testcase name="MonitoringDeviceQueryPatientByBedTest (False,False,True,False,False)" classname="Philips.PIC.DataAcquisition.Test.MonitoringDevicePatientQueryHelperTest" time="0.002" status="1" />
    <testcase name="MonitoringDeviceQueryPatientByBedTest (False,False,False,False,False)" classname="Philips.PIC.DataAcquisition.Test.MonitoringDevicePatientQueryHelperTest" time="0.001" status="1" />
    <testcase name="MonitoringDeviceQueryPatientByBedTest (False,False,False,True,False)" classname="Philips.PIC.DataAcquisition.Test.MonitoringDevicePatientQueryHelperTest" time="0.001" status="1" />
    <testcase name="MonitoringDeviceQueryPatientByBedTest (False,False,False,True,True)" classname="Philips.PIC.DataAcquisition.Test.MonitoringDevicePatientQueryHelperTest" time="0.002" status="1" />
    <testcase name="MonitoringDeviceTryGetPatientTest (False,False,False)" classname="Philips.PIC.DataAcquisition.Test.MonitoringDevicePatientQueryHelperTest" time="0.006" status="1" />
    <testcase name="MonitoringDeviceTryGetPatientTest (True,False,False)" classname="Philips.PIC.DataAcquisition.Test.MonitoringDevicePatientQueryHelperTest" time="0.002" status="1" />
    <testcase name="MonitoringDeviceTryGetPatientTest (False,True,False)" classname="Philips.PIC.DataAcquisition.Test.MonitoringDevicePatientQueryHelperTest" time="0.007" status="1" />
    <testcase name="MonitoringDeviceTryGetPatientTest (True,True,True)" classname="Philips.PIC.DataAcquisition.Test.MonitoringDevicePatientQueryHelperTest" time="0.003" status="1" />
    <system-out />
    <system-err />
  </testsuite>
  <testsuite name="Philips.PMP.Test.Auto.ProtocolWatchServiceMgrTest" hostname="RESTORMEL" package="not available" id="141" tests="2" failures="0" errors="0" skipped="0" time="0.017" timestamp="2023-12-13T03:29:51">
    <properties />
    <testcase name="ProtocolWatchServiceMgrUpdatedSupportedProtocolsTest" classname="Philips.PMP.Test.Auto.ProtocolWatchServiceMgrTest" time="0.014" status="1" />
    <testcase name="ProtocolWatchServiceMgrRunningProtocolsTest" classname="Philips.PMP.Test.Auto.ProtocolWatchServiceMgrTest" time="0.002" status="1" />
    <system-out />
    <system-err />
  </testsuite>
  <testsuite name="Philips.PMP.Test.Auto.TeleProfileHelperTest" hostname="RESTORMEL" package="not available" id="142" tests="34" failures="0" errors="0" skipped="0" time="3.314" timestamp="2023-12-13T03:30:55">
    <properties />
    <testcase name="ChangeEntryTest" classname="Philips.PMP.Test.Auto.TeleProfileHelperTest" time="0.001" status="1" />
    <testcase name="StoreTest" classname="Philips.PMP.Test.Auto.TeleProfileHelperTest" time="0.030" status="1" />
    <testcase name="GetMenuEntriesTest" classname="Philips.PMP.Test.Auto.TeleProfileHelperTest" time="1.374" status="1" />
    <testcase name="TeleProfileHelperProtocolWatchSelectEntryForPatientTest" classname="Philips.PMP.Test.Auto.TeleProfileHelperTest" time="0.005" status="1" />
    <testcase name="GetProfileDescriptionTest" classname="Philips.PMP.Test.Auto.TeleProfileHelperTest" time="0.002" status="1" />
    <testcase name="HideNeoProfileTest" classname="Philips.PMP.Test.Auto.TeleProfileHelperTest" time="0.237" status="1" />
    <testcase name="GetHeadingInfoTest (Adult,Adult,PacedUnconfirmed,PacerUnknownBlack)" classname="Philips.PMP.Test.Auto.TeleProfileHelperTest" time="0.006" status="1" />
    <testcase name="GetHeadingInfoTest (Adult,Adult,PacedGen,PacerOnBlack)" classname="Philips.PMP.Test.Auto.TeleProfileHelperTest" time="0.001" status="1" />
    <testcase name="GetHeadingInfoTest (Adult,Adult,NotPaced,PacerOffBlack)" classname="Philips.PMP.Test.Auto.TeleProfileHelperTest" time="0.001" status="1" />
    <testcase name="GetHeadingInfoTest (Pediatric,Pediatric,NotPaced,PacerOffBlack)" classname="Philips.PMP.Test.Auto.TeleProfileHelperTest" time="0.001" status="1" />
    <testcase name="GetHeadingInfoTest (Neonatal,Neonatal,NotPaced,PacerOffBlack)" classname="Philips.PMP.Test.Auto.TeleProfileHelperTest" time="0.001" status="1" />
    <testcase name="GetPacedEntryTest" classname="Philips.PMP.Test.Auto.TeleProfileHelperTest" time="0.002" status="1" />
    <testcase name="GetFactoryProfilesTest" classname="Philips.PMP.Test.Auto.TeleProfileHelperTest" time="0.040" status="1" />
    <testcase name="TeleProfileHelperProfileProtocolStoreAndPublishTest" classname="Philips.PMP.Test.Auto.TeleProfileHelperTest" time="0.008" status="1" />
    <testcase name="SelectEntryTest" classname="Philips.PMP.Test.Auto.TeleProfileHelperTest" time="0.002" status="1" />
    <testcase name="DisplayOrderTest" classname="Philips.PMP.Test.Auto.TeleProfileHelperTest" time="0.245" status="1" />
    <testcase name="HideBasicProfileTest" classname="Philips.PMP.Test.Auto.TeleProfileHelperTest" time="0.241" status="1" />
    <testcase name="TeleProfileHelperProtocolWatchGetMenuEntriesForPatientTest" classname="Philips.PMP.Test.Auto.TeleProfileHelperTest" time="0.010" status="1" />
    <testcase name="TeleProfileHelperGetMenuEntries (True,True,True)" classname="Philips.PMP.Test.Auto.TeleProfileHelperTest" time="0.002" status="1" />
    <testcase name="TeleProfileHelperGetMenuEntries (True,False,False)" classname="Philips.PMP.Test.Auto.TeleProfileHelperTest" time="0.001" status="1" />
    <testcase name="TeleProfileHelperGetMenuEntries (False,False,False)" classname="Philips.PMP.Test.Auto.TeleProfileHelperTest" time="0.001" status="1" />
    <testcase name="TeleProfileHelperGetMenuEntries (False,True,False)" classname="Philips.PMP.Test.Auto.TeleProfileHelperTest" time="0.001" status="1" />
    <testcase name="ProtocolWatchChangeEntryTest" classname="Philips.PMP.Test.Auto.TeleProfileHelperTest" time="0.322" status="1" />
    <testcase name="GetPacerTextTest" classname="Philips.PMP.Test.Auto.TeleProfileHelperTest" time="0.001" status="1" />
    <testcase name="TeleProfileHelperCheckAuthorization (True,True,True)" classname="Philips.PMP.Test.Auto.TeleProfileHelperTest" time="0.002" status="1" />
    <testcase name="TeleProfileHelperCheckAuthorization (True,False,False)" classname="Philips.PMP.Test.Auto.TeleProfileHelperTest" time="0.001" status="1" />
    <testcase name="TeleProfileHelperCheckAuthorization (False,False,False)" classname="Philips.PMP.Test.Auto.TeleProfileHelperTest" time="0.008" status="1" />
    <testcase name="TeleProfileHelperCheckAuthorization (False,True,False)" classname="Philips.PMP.Test.Auto.TeleProfileHelperTest" time="0.001" status="1" />
    <testcase name="GetDefaultProfileNameTest" classname="Philips.PMP.Test.Auto.TeleProfileHelperTest" time="0.237" status="1" />
    <testcase name="IsCategoryAdultTest" classname="Philips.PMP.Test.Auto.TeleProfileHelperTest" time="0.001" status="1" />
    <testcase name="GetPacerDisplayStateTest" classname="Philips.PMP.Test.Auto.TeleProfileHelperTest" time="0.002" status="1" />
    <testcase name="GetProfileDisplayNameTest" classname="Philips.PMP.Test.Auto.TeleProfileHelperTest" time="0.002" status="1" />
    <testcase name="ProtocolWatchSelectEntryTest" classname="Philips.PMP.Test.Auto.TeleProfileHelperTest" time="0.518" status="1" />
    <testcase name="TeleProfileHelperProtocolWatchChangeEntryForPatientTest" classname="Philips.PMP.Test.Auto.TeleProfileHelperTest" time="0.008" status="1" />
    <system-out />
    <system-err />
  </testsuite>
  <testsuite name="Philips.PMP.Test.Auto.MulticastZoneControlTest" hostname="RESTORMEL" package="not available" id="143" tests="36" failures="0" errors="0" skipped="0" time="1.800" timestamp="2023-12-13T03:34:38">
    <properties />
    <testcase name="OnMoveTest (True,False,None,1)" classname="Philips.PMP.Test.Auto.MulticastZoneControlTest" time="0.042" status="1" />
    <testcase name="OnMoveTest (True,True,Yes,1)" classname="Philips.PMP.Test.Auto.MulticastZoneControlTest" time="0.034" status="1" />
    <testcase name="OnMoveTest (True,True,No,0)" classname="Philips.PMP.Test.Auto.MulticastZoneControlTest" time="0.035" status="1" />
    <testcase name="OnMoveTest (False,False,None,0)" classname="Philips.PMP.Test.Auto.MulticastZoneControlTest" time="0.036" status="1" />
    <testcase name="SelectedMulticastHostDeviceTest (Unit1,Host11,True,False,True,False,None,False)" classname="Philips.PMP.Test.Auto.MulticastZoneControlTest" time="0.054" status="1" />
    <testcase name="SelectedMulticastHostDeviceTest (Unit1,Host12,True,False,True,False,None,True)" classname="Philips.PMP.Test.Auto.MulticastZoneControlTest" time="0.061" status="1" />
    <testcase name="SelectedMulticastHostDeviceTest (Unit1,Host12,True,False,True,True,Yes,True)" classname="Philips.PMP.Test.Auto.MulticastZoneControlTest" time="0.052" status="1" />
    <testcase name="SelectedMulticastHostDeviceTest (Unit1,Host12,True,False,True,True,No,False)" classname="Philips.PMP.Test.Auto.MulticastZoneControlTest" time="0.049" status="1" />
    <testcase name="SelectedMulticastHostDeviceTest (Unit2,Host21,True,False,True,False,None,True)" classname="Philips.PMP.Test.Auto.MulticastZoneControlTest" time="0.051" status="1" />
    <testcase name="SelectedMulticastHostDeviceTest (Unit2,Host22,True,False,True,False,None,False)" classname="Philips.PMP.Test.Auto.MulticastZoneControlTest" time="0.048" status="1" />
    <testcase name="SelectedMulticastHostDeviceTest (Unit3,Host31,True,False,True,False,None,True)" classname="Philips.PMP.Test.Auto.MulticastZoneControlTest" time="0.049" status="1" />
    <testcase name="SelectedMulticastHostDeviceTest (Multicast Zone,Host11,True,False,True,False,None,False)" classname="Philips.PMP.Test.Auto.MulticastZoneControlTest" time="0.053" status="1" />
    <testcase name="SelectedMulticastHostDeviceTest (Multicast Zone2,Host31,True,False,True,False,None,True)" classname="Philips.PMP.Test.Auto.MulticastZoneControlTest" time="0.049" status="1" />
    <testcase name="SelectedMulticastHostDeviceTest (Multicast Zone,Host11,False,True,True,False,None,True)" classname="Philips.PMP.Test.Auto.MulticastZoneControlTest" time="0.055" status="1" />
    <testcase name="SelectedMulticastHostDeviceTest (Multicast Zone,Host22,False,True,True,False,None,True)" classname="Philips.PMP.Test.Auto.MulticastZoneControlTest" time="0.056" status="1" />
    <testcase name="SelectedMulticastHostDeviceTest (Unit3,Host31,False,True,True,False,None,False)" classname="Philips.PMP.Test.Auto.MulticastZoneControlTest" time="0.048" status="1" />
    <testcase name="GetMulticastHostDeviceTest (Unit1,2)" classname="Philips.PMP.Test.Auto.MulticastZoneControlTest" time="0.038" status="1" />
    <testcase name="GetMulticastHostDeviceTest (Unit2,3)" classname="Philips.PMP.Test.Auto.MulticastZoneControlTest" time="0.032" status="1" />
    <testcase name="GetMulticastHostDeviceTest (Unit3,1)" classname="Philips.PMP.Test.Auto.MulticastZoneControlTest" time="0.045" status="1" />
    <testcase name="GetMulticastHostDeviceTest (Multicast Zone,5)" classname="Philips.PMP.Test.Auto.MulticastZoneControlTest" time="0.035" status="1" />
    <testcase name="GetMulticastHostDeviceTest (Multicast Zone2,1)" classname="Philips.PMP.Test.Auto.MulticastZoneControlTest" time="0.031" status="1" />
    <testcase name="SelectedZoneTest (SelectedOrParentMulticastZone,My institution,)" classname="Philips.PMP.Test.Auto.MulticastZoneControlTest" time="0.040" status="1" />
    <testcase name="SelectedZoneTest (SelectedOrParentMulticastZone,Multicast Zone,Multicast Zone)" classname="Philips.PMP.Test.Auto.MulticastZoneControlTest" time="0.030" status="1" />
    <testcase name="SelectedZoneTest (SelectedOrParentMulticastZone,Multicast Zone2,Multicast Zone2)" classname="Philips.PMP.Test.Auto.MulticastZoneControlTest" time="0.034" status="1" />
    <testcase name="SelectedZoneTest (SelectedOrParentMulticastZone,Unit1,Multicast Zone)" classname="Philips.PMP.Test.Auto.MulticastZoneControlTest" time="0.032" status="1" />
    <testcase name="SelectedZoneTest (SelectedMulticastZone,My institution,)" classname="Philips.PMP.Test.Auto.MulticastZoneControlTest" time="0.031" status="1" />
    <testcase name="SelectedZoneTest (SelectedMulticastZone,Multicast Zone,Multicast Zone)" classname="Philips.PMP.Test.Auto.MulticastZoneControlTest" time="0.032" status="1" />
    <testcase name="SelectedZoneTest (SelectedMulticastZone,Multicast Zone2,Multicast Zone2)" classname="Philips.PMP.Test.Auto.MulticastZoneControlTest" time="0.030" status="1" />
    <testcase name="SelectedZoneTest (SelectedMulticastZone,Unit1,)" classname="Philips.PMP.Test.Auto.MulticastZoneControlTest" time="0.033" status="1" />
    <testcase name="OnZonesContextMenuOpeningTest (,,False,True)" classname="Philips.PMP.Test.Auto.MulticastZoneControlTest" time="0.032" status="1" />
    <testcase name="OnZonesContextMenuOpeningTest (Unit1,Host11,False,False)" classname="Philips.PMP.Test.Auto.MulticastZoneControlTest" time="0.049" status="1" />
    <testcase name="OnZonesContextMenuOpeningTest (Unit1,,False,False)" classname="Philips.PMP.Test.Auto.MulticastZoneControlTest" time="0.031" status="1" />
    <testcase name="OnZonesContextMenuOpeningTest (Multicast Zone2,,False,False)" classname="Philips.PMP.Test.Auto.MulticastZoneControlTest" time="0.339" status="1" />
    <testcase name="OnZonesContextMenuOpeningTest (My institution,,False,True)" classname="Philips.PMP.Test.Auto.MulticastZoneControlTest" time="0.034" status="1" />
    <testcase name="OnZonesContextMenuOpeningTest (Unit4,,True,True)" classname="Philips.PMP.Test.Auto.MulticastZoneControlTest" time="0.038" status="1" />
    <testcase name="InitializeControlTest" classname="Philips.PMP.Test.Auto.MulticastZoneControlTest" time="0.061" status="1" />
    <system-out />
    <system-err />
  </testsuite>
  <testsuite name="Philips.PMP.Test.Auto.TokenSecretCacheTest" hostname="RESTORMEL" package="not available" id="144" tests="2" failures="0" errors="0" skipped="0" time="0.112" timestamp="2023-12-13T03:29:59">
    <properties />
    <testcase name="SecretIsCached (True,1)" classname="Philips.PMP.Test.Auto.TokenSecretCacheTest" time="0.098" status="1" />
    <testcase name="SecretIsCached (False,2)" classname="Philips.PMP.Test.Auto.TokenSecretCacheTest" time="0.013" status="1" />
    <system-out />
    <system-err />
  </testsuite>
  <testsuite name="Philips.PMP.Test.Auto.NetworkAlertTest" hostname="RESTORMEL" package="not available" id="145" tests="6" failures="0" errors="0" skipped="0" time="0.025" timestamp="2023-12-13T03:29:56">
    <properties />
    <testcase name="NetworkAlertDuplicateIpMessageTest" classname="Philips.PMP.Test.Auto.NetworkAlertTest" time="0.004" status="1" />
    <testcase name="NetworkAlertLossOfApTest" classname="Philips.PMP.Test.Auto.NetworkAlertTest" time="0.012" status="1" />
    <testcase name="NetworkAlertMessageTest" classname="Philips.PMP.Test.Auto.NetworkAlertTest" time="0.006" status="1" />
    <testcase name="NetworkAlertRaIncompatibleMessageTest (36629)" classname="Philips.PMP.Test.Auto.NetworkAlertTest" time="0.002" status="1" />
    <testcase name="NetworkAlertRaIncompatibleMessageTest (36630)" classname="Philips.PMP.Test.Auto.NetworkAlertTest" time="0.000" status="1" />
    <testcase name="NetworkAlertExcessiveBackupApcMessageTest" classname="Philips.PMP.Test.Auto.NetworkAlertTest" time="0.001" status="1" />
    <system-out />
    <system-err />
  </testsuite>
  <testsuite name="Philips.PIC.SharedAssignment.Test.SharedAssignmentProviderTest" hostname="RESTORMEL" package="not available" id="146" tests="8" failures="0" errors="0" skipped="0" time="0.518" timestamp="2023-12-13T03:29:12">
    <properties />
    <testcase name="RaisePubsubAndDelegateEventsAboutAssignmentStored" classname="Philips.PIC.SharedAssignment.Test.SharedAssignmentProviderTest" time="0.185" status="1" />
    <testcase name="OnlyOneSharedAssignmentRoleAndUnAssignmentShouldBeRemoved" classname="Philips.PIC.SharedAssignment.Test.SharedAssignmentProviderTest" time="0.037" status="1" />
    <testcase name="AssignmentsShouldNotBeStoredIfNoSharedRoleConfigured" classname="Philips.PIC.SharedAssignment.Test.SharedAssignmentProviderTest" time="0.026" status="1" />
    <testcase name="AssignmentShouldBeStored" classname="Philips.PIC.SharedAssignment.Test.SharedAssignmentProviderTest" time="0.057" status="1" />
    <testcase name="ChargeNurseAssignmentShouldNotBeStored" classname="Philips.PIC.SharedAssignment.Test.SharedAssignmentProviderTest" time="0.050" status="1" />
    <testcase name="MoreThanOneSharedAssignmentRoleAndUnAssignmentShouldBeRemoved" classname="Philips.PIC.SharedAssignment.Test.SharedAssignmentProviderTest" time="0.056" status="1" />
    <testcase name="AssignmentStoredOnOneBedShouldNotClearAssignmentsInAnotherBed" classname="Philips.PIC.SharedAssignment.Test.SharedAssignmentProviderTest" time="0.047" status="1" />
    <testcase name="NotifyOnlyNewlyAddedUsers" classname="Philips.PIC.SharedAssignment.Test.SharedAssignmentProviderTest" time="0.060" status="1" />
    <system-out />
    <system-err />
  </testsuite>
  <testsuite name="Philips.PMP.Test.Auto.IntelliBridgeLanConfigurationControlTest" hostname="RESTORMEL" package="not available" id="147" tests="34" failures="0" errors="0" skipped="0" time="7.051" timestamp="2023-12-13T03:34:21">
    <properties />
    <testcase name="ValidateIheHostNameTest (161.92.111.16,True)" classname="Philips.PMP.Test.Auto.IntelliBridgeLanConfigurationControlTest" time="0.084" status="1" />
    <testcase name="ValidateIheHostNameTest (172.31.1.1,True)" classname="Philips.PMP.Test.Auto.IntelliBridgeLanConfigurationControlTest" time="0.074" status="1" />
    <testcase name="ValidateIheHostNameTest (fakehostname,False)" classname="Philips.PMP.Test.Auto.IntelliBridgeLanConfigurationControlTest" time="2.342" status="1" />
    <testcase name="IntelliBridgeLanConfigurationControlDeterminesIsIheMdip (,CapsuleMDIP,False)" classname="Philips.PMP.Test.Auto.IntelliBridgeLanConfigurationControlTest" time="0.057" status="1" />
    <testcase name="IntelliBridgeLanConfigurationControlDeterminesIsIheMdip (IHEDriver,CapsuleMDIP,True)" classname="Philips.PMP.Test.Auto.IntelliBridgeLanConfigurationControlTest" time="0.052" status="1" />
    <testcase name="IntelliBridgeLanConfigurationControlDeterminesIsIheMdip (IHEDriver,BDAIC,False)" classname="Philips.PMP.Test.Auto.IntelliBridgeLanConfigurationControlTest" time="0.053" status="1" />
    <testcase name="IntelliBridgeLanConfigurationControlDeterminesIsIheMdip (SomethingElse,BDAIC,False)" classname="Philips.PMP.Test.Auto.IntelliBridgeLanConfigurationControlTest" time="0.049" status="1" />
    <testcase name="LanConfigurationSetupInitialDataTest (True)" classname="Philips.PMP.Test.Auto.IntelliBridgeLanConfigurationControlTest" time="0.048" status="1" />
    <testcase name="LanConfigurationSetupInitialDataTest (False)" classname="Philips.PMP.Test.Auto.IntelliBridgeLanConfigurationControlTest" time="0.048" status="1" />
    <testcase name="IsHostIpListModifiedTest (True,False,False,False)" classname="Philips.PMP.Test.Auto.IntelliBridgeLanConfigurationControlTest" time="0.089" status="1" />
    <testcase name="IsHostIpListModifiedTest (False,True,False,True)" classname="Philips.PMP.Test.Auto.IntelliBridgeLanConfigurationControlTest" time="0.089" status="1" />
    <testcase name="IsHostIpListModifiedTest (False,False,True,True)" classname="Philips.PMP.Test.Auto.IntelliBridgeLanConfigurationControlTest" time="0.087" status="1" />
    <testcase name="IntelliBridgeLanConfigurationControlOnLoadTest" classname="Philips.PMP.Test.Auto.IntelliBridgeLanConfigurationControlTest" time="0.084" status="1" />
    <testcase name="ValidateControlTest (True,,False)" classname="Philips.PMP.Test.Auto.IntelliBridgeLanConfigurationControlTest" time="0.075" status="1" />
    <testcase name="ValidateControlTest (True,0.0.0.0,False)" classname="Philips.PMP.Test.Auto.IntelliBridgeLanConfigurationControlTest" time="0.073" status="1" />
    <testcase name="ValidateControlTest (True,172.31.1.1,True)" classname="Philips.PMP.Test.Auto.IntelliBridgeLanConfigurationControlTest" time="0.079" status="1" />
    <testcase name="ValidateControlTest (False,,False)" classname="Philips.PMP.Test.Auto.IntelliBridgeLanConfigurationControlTest" time="0.074" status="1" />
    <testcase name="ValidateHighAvailabilityMdipTest (True,False,False,False)" classname="Philips.PMP.Test.Auto.IntelliBridgeLanConfigurationControlTest" time="0.087" status="1" />
    <testcase name="ValidateHighAvailabilityMdipTest (False,True,True,True)" classname="Philips.PMP.Test.Auto.IntelliBridgeLanConfigurationControlTest" time="0.095" status="1" />
    <testcase name="ValidateHighAvailabilityMdipTest (False,True,False,False)" classname="Philips.PMP.Test.Auto.IntelliBridgeLanConfigurationControlTest" time="0.123" status="1" />
    <testcase name="ValidateHighAvailabilityMdipTest (False,False,False,False)" classname="Philips.PMP.Test.Auto.IntelliBridgeLanConfigurationControlTest" time="2.384" status="1" />
    <testcase name="DataBrokerSettingTest (True,False,True,1)" classname="Philips.PMP.Test.Auto.IntelliBridgeLanConfigurationControlTest" time="0.053" status="1" />
    <testcase name="DataBrokerSettingTest (True,True,True,0)" classname="Philips.PMP.Test.Auto.IntelliBridgeLanConfigurationControlTest" time="0.067" status="1" />
    <testcase name="DataBrokerSettingTest (True,True,False,0)" classname="Philips.PMP.Test.Auto.IntelliBridgeLanConfigurationControlTest" time="0.068" status="1" />
    <testcase name="DataBrokerSettingTest (False,True,True,0)" classname="Philips.PMP.Test.Auto.IntelliBridgeLanConfigurationControlTest" time="0.047" status="1" />
    <testcase name="IsAnyDeviceAssignedTest (True,True)" classname="Philips.PMP.Test.Auto.IntelliBridgeLanConfigurationControlTest" time="0.050" status="1" />
    <testcase name="IsAnyDeviceAssignedTest (False,False)" classname="Philips.PMP.Test.Auto.IntelliBridgeLanConfigurationControlTest" time="0.053" status="1" />
    <testcase name="UpdateLanServerDeviceTest" classname="Philips.PMP.Test.Auto.IntelliBridgeLanConfigurationControlTest" time="0.054" status="1" />
    <testcase name="IntelliBridgeLanConfigurationControlSaveTest (True,False,False,True,1,0)" classname="Philips.PMP.Test.Auto.IntelliBridgeLanConfigurationControlTest" time="0.094" status="1" />
    <testcase name="IntelliBridgeLanConfigurationControlSaveTest (True,True,False,False,0,1)" classname="Philips.PMP.Test.Auto.IntelliBridgeLanConfigurationControlTest" time="0.090" status="1" />
    <testcase name="IntelliBridgeLanConfigurationControlSaveTest (True,True,True,False,0,1)" classname="Philips.PMP.Test.Auto.IntelliBridgeLanConfigurationControlTest" time="0.093" status="1" />
    <testcase name="IntelliBridgeLanConfigurationControlSaveTest (False,False,False,False,1,0)" classname="Philips.PMP.Test.Auto.IntelliBridgeLanConfigurationControlTest" time="0.091" status="1" />
    <testcase name="CertificateWarningLabelDisplayTest (BDAIC,False,False)" classname="Philips.PMP.Test.Auto.IntelliBridgeLanConfigurationControlTest" time="0.060" status="1" />
    <testcase name="CertificateWarningLabelDisplayTest (CapsuleMDIP,False,True)" classname="Philips.PMP.Test.Auto.IntelliBridgeLanConfigurationControlTest" time="0.085" status="1" />
    <system-out />
    <system-err />
  </testsuite>
  <testsuite name="Philips.PMP.Test.Auto.MdilDaTest" hostname="RESTORMEL" package="not available" id="148" tests="5" failures="0" errors="0" skipped="0" time="0.509" timestamp="2023-12-13T03:33:40">
    <properties />
    <testcase name="UnmanagedPrinterLimitedTo3" classname="Philips.PMP.Test.Auto.MdilDaTest" time="0.002" status="1" />
    <testcase name="NgnDeviceTablesVerifyCanTuneDetuneMaxNumberOfDevices" classname="Philips.PMP.Test.Auto.MdilDaTest" time="0.494" status="1" />
    <testcase name="MdilDaDetuneWithLabDataAndCvSyncServersTest" classname="Philips.PMP.Test.Auto.MdilDaTest" time="0.009" status="1" />
    <testcase name="UnmanagedPrinterUploadUrlTest (True,False)" classname="Philips.PMP.Test.Auto.MdilDaTest" time="0.004" status="1" />
    <testcase name="UnmanagedPrinterUploadUrlTest (False,True)" classname="Philips.PMP.Test.Auto.MdilDaTest" time="0.000" status="1" />
    <system-out />
    <system-err />
  </testsuite>
  <testsuite name="Philips.PMP.Test.Auto.UptimeTrackerTest" hostname="RESTORMEL" package="not available" id="149" tests="6" failures="0" errors="0" skipped="0" time="0.007" timestamp="2023-12-13T03:33:54">
    <properties />
    <testcase name="UptimeReportsAreSequential" classname="Philips.PMP.Test.Auto.UptimeTrackerTest" time="0.001" status="1" />
    <testcase name="UptimeStateTransitionsCanBeConvertedToStrings" classname="Philips.PMP.Test.Auto.UptimeTrackerTest" time="0.001" status="1" />
    <testcase name="MessagesFailedAreCounted" classname="Philips.PMP.Test.Auto.UptimeTrackerTest" time="0.001" status="1" />
    <testcase name="UptimeReportsFilterRedundantStateTransitions" classname="Philips.PMP.Test.Auto.UptimeTrackerTest" time="0.001" status="1" />
    <testcase name="UptimeReportsDoNotOverlap" classname="Philips.PMP.Test.Auto.UptimeTrackerTest" time="0.002" status="1" />
    <testcase name="MessagesAttemptedAreCounted" classname="Philips.PMP.Test.Auto.UptimeTrackerTest" time="0.001" status="1" />
    <system-out />
    <system-err />
  </testsuite>
  <testsuite name="Philips.PIC.RfidReader.Test.PcProxReaderWrapperTest" hostname="RESTORMEL" package="not available" id="150" tests="31" failures="0" errors="0" skipped="0" time="0.224" timestamp="2023-12-13T03:29:07">
    <properties />
    <testcase name="PcProxReaderWrapperInitializeMoreThanOneDeviceConnectedTest" classname="Philips.PIC.RfidReader.Test.PcProxReaderWrapperTest" time="0.003" status="1" />
    <testcase name="PcProxReaderWrapperInitializReadCfgFailedTest" classname="Philips.PIC.RfidReader.Test.PcProxReaderWrapperTest" time="0.004" status="1" />
    <testcase name="PcProxReaderWrapperShutdownTest" classname="Philips.PIC.RfidReader.Test.PcProxReaderWrapperTest" time="0.004" status="1" />
    <testcase name="PcProxReaderWrapperInitializeConnectedTest" classname="Philips.PIC.RfidReader.Test.PcProxReaderWrapperTest" time="0.084" status="1" />
    <testcase name="PcProxReaderWrapperInitializeNotConnectedTest" classname="Philips.PIC.RfidReader.Test.PcProxReaderWrapperTest" time="0.002" status="1" />
    <testcase name="PcProxReaderWrapperInitializeDeviceConfigurationErrorSetterFailedTest (1)" classname="Philips.PIC.RfidReader.Test.PcProxReaderWrapperTest" time="0.012" status="1" />
    <testcase name="PcProxReaderWrapperInitializeDeviceConfigurationErrorSetterFailedTest (2)" classname="Philips.PIC.RfidReader.Test.PcProxReaderWrapperTest" time="0.003" status="1" />
    <testcase name="PcProxReaderWrapperInitializeDeviceConfigurationErrorSetterFailedTest (3)" classname="Philips.PIC.RfidReader.Test.PcProxReaderWrapperTest" time="0.006" status="1" />
    <testcase name="PcProxReaderWrapperInitializeDeviceConfigurationErrorSetterFailedTest (4)" classname="Philips.PIC.RfidReader.Test.PcProxReaderWrapperTest" time="0.004" status="1" />
    <testcase name="PcProxReaderWrapperInitializeDeviceConfigurationErrorSetterFailedTest (5)" classname="Philips.PIC.RfidReader.Test.PcProxReaderWrapperTest" time="0.003" status="1" />
    <testcase name="PcProxReaderWrapperInitializeDeviceConfigurationErrorSetterFailedTest (6)" classname="Philips.PIC.RfidReader.Test.PcProxReaderWrapperTest" time="0.003" status="1" />
    <testcase name="PcProxReaderWrapperInitializeDeviceConfigurationErrorSetterFailedTest (7)" classname="Philips.PIC.RfidReader.Test.PcProxReaderWrapperTest" time="0.003" status="1" />
    <testcase name="PcProxReaderWrapperInitializeDeviceConfigurationErrorSetterFailedTest (8)" classname="Philips.PIC.RfidReader.Test.PcProxReaderWrapperTest" time="0.003" status="1" />
    <testcase name="PcProxReaderWrapperInitializeDeviceConfigurationErrorSetterFailedTest (9)" classname="Philips.PIC.RfidReader.Test.PcProxReaderWrapperTest" time="0.003" status="1" />
    <testcase name="PcProxReaderWrapperInitializeDeviceConfigurationErrorSetterFailedTest (10)" classname="Philips.PIC.RfidReader.Test.PcProxReaderWrapperTest" time="0.004" status="1" />
    <testcase name="PcProxReaderWrapperInitializeDeviceConfigurationErrorSetterFailedTest (11)" classname="Philips.PIC.RfidReader.Test.PcProxReaderWrapperTest" time="0.003" status="1" />
    <testcase name="PcProxReaderWrapperInitializeDeviceConfigurationErrorSetterFailedTest (12)" classname="Philips.PIC.RfidReader.Test.PcProxReaderWrapperTest" time="0.003" status="1" />
    <testcase name="PcProxReaderWrapperInitializeDeviceConfigurationErrorSetterFailedTest (13)" classname="Philips.PIC.RfidReader.Test.PcProxReaderWrapperTest" time="0.004" status="1" />
    <testcase name="PcProxReaderWrapperInitializeDeviceConfigurationErrorSetterFailedTest (14)" classname="Philips.PIC.RfidReader.Test.PcProxReaderWrapperTest" time="0.003" status="1" />
    <testcase name="PcProxReaderWrapperInitializeDeviceConfigurationErrorSetterFailedTest (15)" classname="Philips.PIC.RfidReader.Test.PcProxReaderWrapperTest" time="0.003" status="1" />
    <testcase name="PcProxReaderWrapperInitializeDeviceConfigurationErrorSetterFailedTest (16)" classname="Philips.PIC.RfidReader.Test.PcProxReaderWrapperTest" time="0.003" status="1" />
    <testcase name="PcProxReaderWrapperInitializeDeviceConfigurationErrorSetterFailedTest (17)" classname="Philips.PIC.RfidReader.Test.PcProxReaderWrapperTest" time="0.003" status="1" />
    <testcase name="PcProxReaderWrapperInitializeDeviceConfigurationSetCardTypePriorityWithDifferentPriorityTest" classname="Philips.PIC.RfidReader.Test.PcProxReaderWrapperTest" time="0.005" status="1" />
    <testcase name="PcProxReaderWrapperInitializeWriteCfgFailedTest" classname="Philips.PIC.RfidReader.Test.PcProxReaderWrapperTest" time="0.005" status="1" />
    <testcase name="PcProxReaderWrapperInitializeConnectedWithWriteCfgTest" classname="Philips.PIC.RfidReader.Test.PcProxReaderWrapperTest" time="0.012" status="1" />
    <testcase name="PcProxReaderWrapperInitializeDeviceConfigurationFailureTest (True,False,False)" classname="Philips.PIC.RfidReader.Test.PcProxReaderWrapperTest" time="0.006" status="1" />
    <testcase name="PcProxReaderWrapperInitializeDeviceConfigurationFailureTest (False,True,False)" classname="Philips.PIC.RfidReader.Test.PcProxReaderWrapperTest" time="0.004" status="1" />
    <testcase name="PcProxReaderWrapperInitializeDeviceConfigurationFailureTest (False,False,True)" classname="Philips.PIC.RfidReader.Test.PcProxReaderWrapperTest" time="0.006" status="1" />
    <testcase name="PcProxReaderWrapperReadTest (32,True,4)" classname="Philips.PIC.RfidReader.Test.PcProxReaderWrapperTest" time="0.016" status="1" />
    <testcase name="PcProxReaderWrapperReadTest (33,True,5)" classname="Philips.PIC.RfidReader.Test.PcProxReaderWrapperTest" time="0.003" status="1" />
    <testcase name="PcProxReaderWrapperReadTest (0,False,0)" classname="Philips.PIC.RfidReader.Test.PcProxReaderWrapperTest" time="0.002" status="1" />
    <system-out />
    <system-err />
  </testsuite>
  <testsuite name="Philips.PMP.Test.Auto.Hl7ConnectionTest" hostname="RESTORMEL" package="not available" id="151" tests="26" failures="0" errors="0" skipped="0" time="1.210" timestamp="2023-12-13T03:29:55">
    <properties />
    <testcase name="SendValidatedDataMsgMissingBedReturnsFalse" classname="Philips.PMP.Test.Auto.Hl7ConnectionTest" time="0.002" status="1" />
    <testcase name="Hl7ConnectionSendTimeSyncTest (False,1)" classname="Philips.PMP.Test.Auto.Hl7ConnectionTest" time="0.082" status="1" />
    <testcase name="Hl7ConnectionSendTimeSyncTest (True,0)" classname="Philips.PMP.Test.Auto.Hl7ConnectionTest" time="0.005" status="1" />
    <testcase name="SendValidatedDataMsgNonIheReturnsFalse" classname="Philips.PMP.Test.Auto.Hl7ConnectionTest" time="0.002" status="1" />
    <testcase name="Hl7NeedsTimeSyncTest" classname="Philips.PMP.Test.Auto.Hl7ConnectionTest" time="0.014" status="1" />
    <testcase name="Hl7ConnectionStartStopTest" classname="Philips.PMP.Test.Auto.Hl7ConnectionTest" time="0.470" status="1" />
    <testcase name="SendValidatedDataMsgEmptyMsgListReturnsFalse" classname="Philips.PMP.Test.Auto.Hl7ConnectionTest" time="0.002" status="1" />
    <testcase name="Hl7SendMessageForIntervalBasedClientsTest (ReporterClient,False,False,0,1,0)" classname="Philips.PMP.Test.Auto.Hl7ConnectionTest" time="0.024" status="1" />
    <testcase name="Hl7SendMessageForIntervalBasedClientsTest (ReporterClient,False,False,0,1,0)" classname="Philips.PMP.Test.Auto.Hl7ConnectionTest" time="0.002" status="1" />
    <testcase name="Hl7SendMessageForIntervalBasedClientsTest (ReporterClient,True,True,1,0,0)" classname="Philips.PMP.Test.Auto.Hl7ConnectionTest" time="0.002" status="1" />
    <testcase name="Hl7SendMessageForIntervalBasedClientsTest (ReporterClient,True,False,0,0,1)" classname="Philips.PMP.Test.Auto.Hl7ConnectionTest" time="0.002" status="1" />
    <testcase name="Hl7SendMessageForIntervalBasedClientsTest (TrendClient,False,False,0,0,0)" classname="Philips.PMP.Test.Auto.Hl7ConnectionTest" time="0.002" status="1" />
    <testcase name="Hl7SendMessageForIntervalBasedClientsTest (TrendServer,False,False,0,0,0)" classname="Philips.PMP.Test.Auto.Hl7ConnectionTest" time="0.002" status="1" />
    <testcase name="Hl7ConnectionSendTest (False,False,False,0)" classname="Philips.PMP.Test.Auto.Hl7ConnectionTest" time="0.015" status="1" />
    <testcase name="Hl7ConnectionSendTest (True,True,True,2)" classname="Philips.PMP.Test.Auto.Hl7ConnectionTest" time="0.003" status="1" />
    <testcase name="Hl7NoNeedsTimeSyncTest (ReporterClient)" classname="Philips.PMP.Test.Auto.Hl7ConnectionTest" time="0.001" status="1" />
    <testcase name="Hl7NoNeedsTimeSyncTest (AlarmClient)" classname="Philips.PMP.Test.Auto.Hl7ConnectionTest" time="0.001" status="1" />
    <testcase name="Hl7NoNeedsTimeSyncTest (ValidateDataClient)" classname="Philips.PMP.Test.Auto.Hl7ConnectionTest" time="0.001" status="1" />
    <testcase name="Hl7BuildAndSendHl7MessageMakeSureWeCallForDataTest" classname="Philips.PMP.Test.Auto.Hl7ConnectionTest" time="0.101" status="1" />
    <testcase name="Hl7NeedsDataTest (ReporterClient,5)" classname="Philips.PMP.Test.Auto.Hl7ConnectionTest" time="0.153" status="1" />
    <testcase name="Hl7NeedsDataTest (ReporterServer,5)" classname="Philips.PMP.Test.Auto.Hl7ConnectionTest" time="0.032" status="1" />
    <testcase name="Hl7NeedsDataTest (TrendClient,30)" classname="Philips.PMP.Test.Auto.Hl7ConnectionTest" time="0.004" status="1" />
    <testcase name="Hl7NeedsDataTest (TrendServer,30)" classname="Philips.PMP.Test.Auto.Hl7ConnectionTest" time="0.006" status="1" />
    <testcase name="BuildAndSendAlarmMessageNotifiesMirrorToolTest" classname="Philips.PMP.Test.Auto.Hl7ConnectionTest" time="0.154" status="1" />
    <testcase name="SendValidatedDataMsgTest" classname="Philips.PMP.Test.Auto.Hl7ConnectionTest" time="0.007" status="1" />
    <testcase name="Hl7AckReceivedTest" classname="Philips.PMP.Test.Auto.Hl7ConnectionTest" time="0.120" status="1" />
    <system-out />
    <system-err />
  </testsuite>
  <testsuite name="Philips.PMP.Test.Auto.HL7MessageReceiverTest" hostname="RESTORMEL" package="not available" id="152" tests="2" failures="0" errors="0" skipped="0" time="0.112" timestamp="2023-12-13T03:36:38">
    <properties />
    <testcase name="HL7MessageReceiverReceiveMultipleMessagesCorrectlyTest" classname="Philips.PMP.Test.Auto.HL7MessageReceiverTest" time="0.063" status="1" />
    <testcase name="HL7MessageReceiverReceiveMultipleNoEndBlockMessagesCorrectlyTest" classname="Philips.PMP.Test.Auto.HL7MessageReceiverTest" time="0.049" status="1" />
    <system-out />
    <system-err />
  </testsuite>
  <testsuite name="Philips.PMP.Test.Auto.DbEngineTest" hostname="RESTORMEL" package="not available" id="153" tests="29" failures="0" errors="0" skipped="0" time="0.674" timestamp="2023-12-13T03:31:11">
    <properties />
    <testcase name="TransactionTestOuterFailInnerOk" classname="Philips.PMP.Test.Auto.DbEngineTest" time="0.012" status="1" />
    <testcase name="AutomaticRetry (0)" classname="Philips.PMP.Test.Auto.DbEngineTest" time="0.013" status="1" />
    <testcase name="AutomaticRetry (1)" classname="Philips.PMP.Test.Auto.DbEngineTest" time="0.011" status="1" />
    <testcase name="AutomaticRetry (2)" classname="Philips.PMP.Test.Auto.DbEngineTest" time="0.012" status="1" />
    <testcase name="AutomaticRetry (3)" classname="Philips.PMP.Test.Auto.DbEngineTest" time="0.013" status="1" />
    <testcase name="AutomaticRetry (4)" classname="Philips.PMP.Test.Auto.DbEngineTest" time="0.014" status="1" />
    <testcase name="TransactionTestOuterOkInnerFailRoundError" classname="Philips.PMP.Test.Auto.DbEngineTest" time="0.011" status="1" />
    <testcase name="TransactionTestAppTransOkOuterOkInnerOk" classname="Philips.PMP.Test.Auto.DbEngineTest" time="0.013" status="1" />
    <testcase name="TransactionThrowOnCommit" classname="Philips.PMP.Test.Auto.DbEngineTest" time="0.037" status="1" />
    <testcase name="TransactionCommitInnerRollbackOuter2" classname="Philips.PMP.Test.Auto.DbEngineTest" time="0.036" status="1" />
    <testcase name="ErrorHandlingParameterLogging" classname="Philips.PMP.Test.Auto.DbEngineTest" time="0.016" status="1" />
    <testcase name="TransactionRollbackInnerAndOuter" classname="Philips.PMP.Test.Auto.DbEngineTest" time="0.029" status="1" />
    <testcase name="TransactionCommitInnerRollbackOuter" classname="Philips.PMP.Test.Auto.DbEngineTest" time="0.033" status="1" />
    <testcase name="TransactionTestAppTransOkOuterFailInnerOk" classname="Philips.PMP.Test.Auto.DbEngineTest" time="0.010" status="1" />
    <testcase name="TransactionTestOuterOkInnerFailOverflowError" classname="Philips.PMP.Test.Auto.DbEngineTest" time="0.011" status="1" />
    <testcase name="AutomaticRetryFail" classname="Philips.PMP.Test.Auto.DbEngineTest" time="0.012" status="1" />
    <testcase name="ErrorHandlingMissingParameter" classname="Philips.PMP.Test.Auto.DbEngineTest" time="0.008" status="1" />
    <testcase name="ErrorHandlingNoRecoverError" classname="Philips.PMP.Test.Auto.DbEngineTest" time="0.009" status="1" />
    <testcase name="DbEngineServiceProcessesResultsOnlyOnce" classname="Philips.PMP.Test.Auto.DbEngineTest" time="0.014" status="1" />
    <testcase name="ErrorHandlingExtraParameter" classname="Philips.PMP.Test.Auto.DbEngineTest" time="0.009" status="1" />
    <testcase name="AbortTransaction" classname="Philips.PMP.Test.Auto.DbEngineTest" time="0.011" status="1" />
    <testcase name="TransactionTestOuterFailInnerFail" classname="Philips.PMP.Test.Auto.DbEngineTest" time="0.014" status="1" />
    <testcase name="TransactionActuallyCommit" classname="Philips.PMP.Test.Auto.DbEngineTest" time="0.068" status="1" />
    <testcase name="DbEngineServiceExecutesOnGivenSqlServer" classname="Philips.PMP.Test.Auto.DbEngineTest" time="0.173" status="1" />
    <testcase name="CommitTransaction" classname="Philips.PMP.Test.Auto.DbEngineTest" time="0.010" status="1" />
    <testcase name="TransactionTestOuterOkInnerFail" classname="Philips.PMP.Test.Auto.DbEngineTest" time="0.014" status="1" />
    <testcase name="TransactionTestAppTransOkOuterOkInnerFail" classname="Philips.PMP.Test.Auto.DbEngineTest" time="0.015" status="1" />
    <testcase name="TransactionTestOuterOkInnerFailDBZ" classname="Philips.PMP.Test.Auto.DbEngineTest" time="0.011" status="1" />
    <testcase name="TransactionInnerThrowsOuterCommits" classname="Philips.PMP.Test.Auto.DbEngineTest" time="0.034" status="1" />
    <system-out />
    <system-err />
  </testsuite>
  <testsuite name="Philips.PMP.Test.Auto.MultiPatientViewTest" hostname="RESTORMEL" package="not available" id="154" tests="7" failures="0" errors="0" skipped="0" time="0.861" timestamp="2023-12-13T03:30:24">
    <properties />
    <testcase name="MultiPatientViewCaptionUpdatingTest (ServerName)" classname="Philips.PMP.Test.Auto.MultiPatientViewTest" time="0.059" status="1" />
    <testcase name="MultiPatientViewCaptionTest (ServerName,-1)" classname="Philips.PMP.Test.Auto.MultiPatientViewTest" time="0.053" status="1" />
    <testcase name="MultiPatientViewCaptionTest (ServerName,0)" classname="Philips.PMP.Test.Auto.MultiPatientViewTest" time="0.054" status="1" />
    <testcase name="MultiPatientViewKioskTest (ServerName,True)" classname="Philips.PMP.Test.Auto.MultiPatientViewTest" time="0.216" status="1" />
    <testcase name="MultiPatientViewKioskTest (ServerName,False)" classname="Philips.PMP.Test.Auto.MultiPatientViewTest" time="0.063" status="1" />
    <testcase name="MultiPatientViewDisplaySetupFormTest (-1)" classname="Philips.PMP.Test.Auto.MultiPatientViewTest" time="0.241" status="1" />
    <testcase name="MultiPatientViewDisplaySetupFormTest (0)" classname="Philips.PMP.Test.Auto.MultiPatientViewTest" time="0.175" status="1" />
    <system-out />
    <system-err />
  </testsuite>
  <testsuite name="Philips.iX.InboundDataBridge.Test.DataQueryTest" hostname="RESTORMEL" package="not available" id="155" tests="2" failures="0" errors="0" skipped="0" time="1.374" timestamp="2023-12-13T03:27:48">
    <properties />
    <testcase name="StartStopServiceTest" classname="Philips.iX.InboundDataBridge.Test.DataQueryTest" time="0.007" status="1" />
    <testcase name="GetLabResultTest" classname="Philips.iX.InboundDataBridge.Test.DataQueryTest" time="1.367" status="1" />
    <system-out />
    <system-err />
  </testsuite>
  <testsuite name="Philips.PMP.Test.Auto.ControlGroupHelperTest" hostname="RESTORMEL" package="not available" id="156" tests="12" failures="0" errors="0" skipped="0" time="0.097" timestamp="2023-12-13T03:29:38">
    <properties />
    <testcase name="ControlGroupHelperProtocolShouldAuditTest (Invocation,True,EwsProtocolChanged)" classname="Philips.PMP.Test.Auto.ControlGroupHelperTest" time="0.074" status="1" />
    <testcase name="ControlGroupHelperProtocolShouldAuditTest (FullConfiguration,False,Unknown)" classname="Philips.PMP.Test.Auto.ControlGroupHelperTest" time="0.000" status="1" />
    <testcase name="ControlGroupHelperGetFlotracControlsTest" classname="Philips.PMP.Test.Auto.ControlGroupHelperTest" time="0.001" status="1" />
    <testcase name="ControlGroupHelperGetGroupBluePrintTest" classname="Philips.PMP.Test.Auto.ControlGroupHelperTest" time="0.004" status="1" />
    <testcase name="ControlGroupHelperSpO2ModeShouldAuditTest" classname="Philips.PMP.Test.Auto.ControlGroupHelperTest" time="0.002" status="1" />
    <testcase name="ControlGroupHelperFilterByLicenseTest" classname="Philips.PMP.Test.Auto.ControlGroupHelperTest" time="0.004" status="1" />
    <testcase name="ControlGroupHelperRemoveNbpStatControlTest (NBP)" classname="Philips.PMP.Test.Auto.ControlGroupHelperTest" time="0.002" status="1" />
    <testcase name="ControlGroupHelperRemoveNbpStatControlTest (NbpStart)" classname="Philips.PMP.Test.Auto.ControlGroupHelperTest" time="0.001" status="1" />
    <testcase name="ControlGroupHelperGetQtControlsTest" classname="Philips.PMP.Test.Auto.ControlGroupHelperTest" time="0.001" status="1" />
    <testcase name="ControlGroupHelperGetCciControlsTest" classname="Philips.PMP.Test.Auto.ControlGroupHelperTest" time="0.001" status="1" />
    <testcase name="ControlGroupHelperGetCcoControlsTest" classname="Philips.PMP.Test.Auto.ControlGroupHelperTest" time="0.001" status="1" />
    <testcase name="ControlGroupHelperGetControlGroups" classname="Philips.PMP.Test.Auto.ControlGroupHelperTest" time="0.006" status="1" />
    <system-out />
    <system-err />
  </testsuite>
  <testsuite name="Philips.PMP.Test.Auto.DbConnectionMgrTest" hostname="RESTORMEL" package="not available" id="157" tests="21" failures="0" errors="0" skipped="0" time="0.407" timestamp="2023-12-13T03:29:40">
    <properties />
    <testcase name="DbConnectionMgrGetPrimaryConnectionCanGetPrimarySqlConnection" classname="Philips.PMP.Test.Auto.DbConnectionMgrTest" time="0.024" status="1" />
    <testcase name="DbConnectionMgrGetMyProxyTest (False,False,True)" classname="Philips.PMP.Test.Auto.DbConnectionMgrTest" time="0.041" status="1" />
    <testcase name="DbConnectionMgrGetMyProxyTest (False,True,False)" classname="Philips.PMP.Test.Auto.DbConnectionMgrTest" time="0.016" status="1" />
    <testcase name="DbConnectionMgrGetMyProxyTest (False,False,False)" classname="Philips.PMP.Test.Auto.DbConnectionMgrTest" time="0.040" status="1" />
    <testcase name="DbConnectionMgrGetMyProxyTest (True,False,False)" classname="Philips.PMP.Test.Auto.DbConnectionMgrTest" time="0.002" status="1" />
    <testcase name="DbConnectionMgrReturnsProxyUriGetRemoteProxy" classname="Philips.PMP.Test.Auto.DbConnectionMgrTest" time="0.002" status="1" />
    <testcase name="DbConnectionMgrGetConnectionTest (False,False,True)" classname="Philips.PMP.Test.Auto.DbConnectionMgrTest" time="0.062" status="1" />
    <testcase name="DbConnectionMgrGetConnectionTest (False,False,False)" classname="Philips.PMP.Test.Auto.DbConnectionMgrTest" time="0.004" status="1" />
    <testcase name="DbConnectionMgrGetConnectionTest (True,True,True)" classname="Philips.PMP.Test.Auto.DbConnectionMgrTest" time="0.004" status="1" />
    <testcase name="DbConnectionMgrGetConnectionTest (True,True,False)" classname="Philips.PMP.Test.Auto.DbConnectionMgrTest" time="0.008" status="1" />
    <testcase name="DbConnectionMgrGetConnectionTest (False,True,False)" classname="Philips.PMP.Test.Auto.DbConnectionMgrTest" time="0.011" status="1" />
    <testcase name="DbConnectionMgrGetConnectionTest (True,False,False)" classname="Philips.PMP.Test.Auto.DbConnectionMgrTest" time="0.002" status="1" />
    <testcase name="DbConnectionMgrReturnsProxyUriGetMyProxy" classname="Philips.PMP.Test.Auto.DbConnectionMgrTest" time="0.027" status="1" />
    <testcase name="DbConnectionMgrGetSqlServerInstanceTest (True)" classname="Philips.PMP.Test.Auto.DbConnectionMgrTest" time="0.102" status="1" />
    <testcase name="DbConnectionMgrGetSqlServerInstanceTest (False)" classname="Philips.PMP.Test.Auto.DbConnectionMgrTest" time="0.003" status="1" />
    <testcase name="DbConnectionMgrGetNlbTest" classname="Philips.PMP.Test.Auto.DbConnectionMgrTest" time="0.013" status="1" />
    <testcase name="DbConnectionMgrCanGetSqlConnection (False,hostname,InstanceName,hostname)" classname="Philips.PMP.Test.Auto.DbConnectionMgrTest" time="0.034" status="1" />
    <testcase name="DbConnectionMgrCanGetSqlConnection (False,,InstanceName,ServerName)" classname="Philips.PMP.Test.Auto.DbConnectionMgrTest" time="0.003" status="1" />
    <testcase name="DbConnectionMgrCanGetSqlConnection (True,hostname,OffloadedInstanceName,hostname)" classname="Philips.PMP.Test.Auto.DbConnectionMgrTest" time="0.002" status="1" />
    <testcase name="DbConnectionMgrCanGetSqlConnection (True,,OffloadedInstanceName,OffloadedServerName)" classname="Philips.PMP.Test.Auto.DbConnectionMgrTest" time="0.002" status="1" />
    <testcase name="DbConnectionMgrSubscribesToClusterChangesWhenInitialized" classname="Philips.PMP.Test.Auto.DbConnectionMgrTest" time="0.006" status="1" />
    <system-out />
    <system-err />
  </testsuite>
  <testsuite name="Philips.PMP.Test.Auto.LabMappingProviderTest" hostname="RESTORMEL" package="not available" id="158" tests="1" failures="0" errors="0" skipped="0" time="0.025" timestamp="2023-12-13T03:32:43">
    <properties />
    <testcase name="LabMdilSettingTest" classname="Philips.PMP.Test.Auto.LabMappingProviderTest" time="0.025" status="1" />
    <system-out />
    <system-err />
  </testsuite>
  <testsuite name="Philips.PMP.Test.Auto.Hl7HelperTest" hostname="RESTORMEL" package="not available" id="159" tests="202" failures="0" errors="0" skipped="0" time="0.185" timestamp="2023-12-13T03:29:55">
    <properties />
    <testcase name="Hl7HelperGetAlertSourceWithPartition (40,16770,147842)" classname="Philips.PMP.Test.Auto.Hl7HelperTest" time="0.001" status="1" />
    <testcase name="Hl7HelperGetAlertSourceWithPartition (6679,62078,127614)" classname="Philips.PMP.Test.Auto.Hl7HelperTest" time="0.000" status="1" />
    <testcase name="Hl7HelperGroupNumericsAndEnumsTest (False,False,Unknown)" classname="Philips.PMP.Test.Auto.Hl7HelperTest" time="0.012" status="1" />
    <testcase name="Hl7HelperGroupNumericsAndEnumsTest (False,True,Unknown)" classname="Philips.PMP.Test.Auto.Hl7HelperTest" time="0.017" status="1" />
    <testcase name="Hl7HelperGroupNumericsAndEnumsTest (True,False,Unknown)" classname="Philips.PMP.Test.Auto.Hl7HelperTest" time="0.003" status="1" />
    <testcase name="Hl7HelperGroupNumericsAndEnumsTest (True,True,Unknown)" classname="Philips.PMP.Test.Auto.Hl7HelperTest" time="0.001" status="1" />
    <testcase name="Hl7HelperGroupNumericsAndEnumsTest (True,False,TelemPwm)" classname="Philips.PMP.Test.Auto.Hl7HelperTest" time="0.006" status="1" />
    <testcase name="Hl7HelperGroupNumericsAndEnumsTest (True,True,TelemPwm)" classname="Philips.PMP.Test.Auto.Hl7HelperTest" time="0.002" status="1" />
    <testcase name="Hl7HelperGroupNumericsAndEnumsTest (True,False,Efficia)" classname="Philips.PMP.Test.Auto.Hl7HelperTest" time="0.001" status="1" />
    <testcase name="Hl7HelperGroupNumericsAndEnumsTest (True,True,Efficia)" classname="Philips.PMP.Test.Auto.Hl7HelperTest" time="0.002" status="1" />
    <testcase name="Hl7HelperGroupNumericsAndEnumsTest (True,False,Mx750)" classname="Philips.PMP.Test.Auto.Hl7HelperTest" time="0.005" status="1" />
    <testcase name="Hl7HelperGroupNumericsAndEnumsTest (True,True,Mx750)" classname="Philips.PMP.Test.Auto.Hl7HelperTest" time="0.002" status="1" />
    <testcase name="Hl7HelperGetPhysioIdWithPartitionTest (False,AWAY_RESP_RATE,151570)" classname="Philips.PMP.Test.Auto.Hl7HelperTest" time="0.001" status="1" />
    <testcase name="Hl7HelperGetPhysioIdWithPartitionTest (True,AWAY_RESP_RATE,67260434)" classname="Philips.PMP.Test.Auto.Hl7HelperTest" time="0.001" status="1" />
    <testcase name="Hl7HelperAdjustAlarmCodeAndAddPartition (40,40,196648)" classname="Philips.PMP.Test.Auto.Hl7HelperTest" time="0.001" status="1" />
    <testcase name="Hl7HelperAdjustAlarmCodeAndAddPartition (6679,6678,203286)" classname="Philips.PMP.Test.Auto.Hl7HelperTest" time="0.006" status="1" />
    <testcase name="Hl7HelperGetFormattedDateTimeTest (2019-10-01T10:58:41.6127131-04:00,True,True,20191001105841.612)" classname="Philips.PMP.Test.Auto.Hl7HelperTest" time="0.004" status="1" />
    <testcase name="Hl7HelperGetFormattedDateTimeTest (2019-10-01T10:58:41.6127131-04:00,True,False,20191001105841)" classname="Philips.PMP.Test.Auto.Hl7HelperTest" time="0.000" status="1" />
    <testcase name="Hl7HelperGetFormattedDateTimeTest (2019-10-01T10:58:41.6127131-04:00,False,False,1001105841)" classname="Philips.PMP.Test.Auto.Hl7HelperTest" time="0.000" status="1" />
    <testcase name="Hl7HelperGetFormattedDateTimeTest (2019-10-01T10:58:41.6127131-04:00,False,True,1001105841.612)" classname="Philips.PMP.Test.Auto.Hl7HelperTest" time="0.000" status="1" />
    <testcase name="Hl7HelperGetFormattedDateTimeTest (2019-09-01T10:58:41.6127131-04:00,True,True,20190901105841.612)" classname="Philips.PMP.Test.Auto.Hl7HelperTest" time="0.000" status="1" />
    <testcase name="Hl7HelperGetFormattedDateTimeTest (2019-09-01T10:58:41.6127131-04:00,True,False,20190901105841)" classname="Philips.PMP.Test.Auto.Hl7HelperTest" time="0.003" status="1" />
    <testcase name="Hl7HelperGetFormattedDateTimeTest (2019-09-01T10:58:41.6127131-04:00,False,False,0901105841)" classname="Philips.PMP.Test.Auto.Hl7HelperTest" time="0.001" status="1" />
    <testcase name="Hl7HelperGetFormattedDateTimeTest (2019-09-01T10:58:41.6127131-04:00,False,True,0901105841.612)" classname="Philips.PMP.Test.Auto.Hl7HelperTest" time="0.000" status="1" />
    <testcase name="Hl7HelperGetFormattedDateTimeTest (2019-10-10T10:58:41.6127131-04:00,True,True,20191010105841.612)" classname="Philips.PMP.Test.Auto.Hl7HelperTest" time="0.000" status="1" />
    <testcase name="Hl7HelperGetFormattedDateTimeTest (2019-10-10T10:58:41.6127131-04:00,True,False,20191010105841)" classname="Philips.PMP.Test.Auto.Hl7HelperTest" time="0.000" status="1" />
    <testcase name="Hl7HelperGetFormattedDateTimeTest (2019-10-10T10:58:41.6127131-04:00,False,False,1010105841)" classname="Philips.PMP.Test.Auto.Hl7HelperTest" time="0.000" status="1" />
    <testcase name="Hl7HelperGetFormattedDateTimeTest (2019-10-10T10:58:41.6127131-04:00,False,True,1010105841.612)" classname="Philips.PMP.Test.Auto.Hl7HelperTest" time="0.002" status="1" />
    <testcase name="Hl7HelperGetFormattedDateTimeTest (2019-10-01T09:58:41.6127131-04:00,True,True,20191001095841.612)" classname="Philips.PMP.Test.Auto.Hl7HelperTest" time="0.001" status="1" />
    <testcase name="Hl7HelperGetFormattedDateTimeTest (2019-10-01T09:58:41.6127131-04:00,True,False,20191001095841)" classname="Philips.PMP.Test.Auto.Hl7HelperTest" time="0.000" status="1" />
    <testcase name="Hl7HelperGetFormattedDateTimeTest (2019-10-01T09:58:41.6127131-04:00,False,False,1001095841)" classname="Philips.PMP.Test.Auto.Hl7HelperTest" time="0.000" status="1" />
    <testcase name="Hl7HelperGetFormattedDateTimeTest (2019-10-01T09:58:41.6127131-04:00,False,True,1001095841.612)" classname="Philips.PMP.Test.Auto.Hl7HelperTest" time="0.000" status="1" />
    <testcase name="Hl7HelperGetFormattedDateTimeTest (2019-10-01T10:08:41.6127131-04:00,True,True,20191001100841.612)" classname="Philips.PMP.Test.Auto.Hl7HelperTest" time="0.000" status="1" />
    <testcase name="Hl7HelperGetFormattedDateTimeTest (2019-10-01T10:08:41.6127131-04:00,True,False,20191001100841)" classname="Philips.PMP.Test.Auto.Hl7HelperTest" time="0.002" status="1" />
    <testcase name="Hl7HelperGetFormattedDateTimeTest (2019-10-01T10:08:41.6127131-04:00,False,False,1001100841)" classname="Philips.PMP.Test.Auto.Hl7HelperTest" time="0.000" status="1" />
    <testcase name="Hl7HelperGetFormattedDateTimeTest (2019-10-01T10:08:41.6127131-04:00,False,True,1001100841.612)" classname="Philips.PMP.Test.Auto.Hl7HelperTest" time="0.000" status="1" />
    <testcase name="Hl7HelperGetFormattedDateTimeTest (2019-10-01T10:58:01.6127131-04:00,True,True,20191001105801.612)" classname="Philips.PMP.Test.Auto.Hl7HelperTest" time="0.000" status="1" />
    <testcase name="Hl7HelperGetFormattedDateTimeTest (2019-10-01T10:58:01.6127131-04:00,True,False,20191001105801)" classname="Philips.PMP.Test.Auto.Hl7HelperTest" time="0.000" status="1" />
    <testcase name="Hl7HelperGetFormattedDateTimeTest (2019-10-01T10:58:01.6127131-04:00,False,False,1001105801)" classname="Philips.PMP.Test.Auto.Hl7HelperTest" time="0.000" status="1" />
    <testcase name="Hl7HelperGetFormattedDateTimeTest (2019-10-01T10:58:01.6127131-04:00,False,True,1001105801.612)" classname="Philips.PMP.Test.Auto.Hl7HelperTest" time="0.001" status="1" />
    <testcase name="Hl7HelperGetFormattedDateTimeTest (2019-10-01T10:58:01.0000000-04:00,True,True,20191001105801.000)" classname="Philips.PMP.Test.Auto.Hl7HelperTest" time="0.001" status="1" />
    <testcase name="Hl7HelperGetFormattedDateTimeTest (2019-10-01T10:58:01.0000000-04:00,True,False,20191001105801)" classname="Philips.PMP.Test.Auto.Hl7HelperTest" time="0.000" status="1" />
    <testcase name="Hl7HelperGetFormattedDateTimeTest (2019-10-01T10:58:01.0000000-04:00,False,False,1001105801)" classname="Philips.PMP.Test.Auto.Hl7HelperTest" time="0.000" status="1" />
    <testcase name="Hl7HelperGetFormattedDateTimeTest (2019-10-01T10:58:01.0000000-04:00,False,True,1001105801.000)" classname="Philips.PMP.Test.Auto.Hl7HelperTest" time="0.002" status="1" />
    <testcase name="Hl7HelperIsComplexMetricValueASettingTest (IsSetting,True)" classname="Philips.PMP.Test.Auto.Hl7HelperTest" time="0.001" status="1" />
    <testcase name="Hl7HelperIsComplexMetricValueASettingTest (MsmtManual,False)" classname="Philips.PMP.Test.Auto.Hl7HelperTest" time="0.001" status="1" />
    <testcase name="Hl7HelperIsComplexMetricValueASettingTest (MsmtManual, IsSetting,True)" classname="Philips.PMP.Test.Auto.Hl7HelperTest" time="0.000" status="1" />
    <testcase name="Hl7HelperGetFormattedDateTimeWithTimeZoneTest (2019-10-01T10:58:41.6127131-04:00,-240,True,True,20191001105841.612-0400)" classname="Philips.PMP.Test.Auto.Hl7HelperTest" time="0.001" status="1" />
    <testcase name="Hl7HelperGetFormattedDateTimeWithTimeZoneTest (2019-10-01T10:58:41.6127131-04:00,-240,True,False,20191001105841-0400)" classname="Philips.PMP.Test.Auto.Hl7HelperTest" time="0.000" status="1" />
    <testcase name="Hl7HelperGetFormattedDateTimeWithTimeZoneTest (2019-10-01T10:58:41.6127131-04:00,-240,False,False,1001105841-0400)" classname="Philips.PMP.Test.Auto.Hl7HelperTest" time="0.000" status="1" />
    <testcase name="Hl7HelperGetFormattedDateTimeWithTimeZoneTest (2019-10-01T10:58:41.6127131-04:00,-240,False,True,1001105841.612-0400)" classname="Philips.PMP.Test.Auto.Hl7HelperTest" time="0.000" status="1" />
    <testcase name="Hl7HelperGetFormattedDateTimeWithTimeZoneTest (2019-09-01T10:58:41.6127131-04:00,-240,True,True,20190901105841.612-0400)" classname="Philips.PMP.Test.Auto.Hl7HelperTest" time="0.000" status="1" />
    <testcase name="Hl7HelperGetFormattedDateTimeWithTimeZoneTest (2019-09-01T10:58:41.6127131-04:00,-240,True,False,20190901105841-0400)" classname="Philips.PMP.Test.Auto.Hl7HelperTest" time="0.000" status="1" />
    <testcase name="Hl7HelperGetFormattedDateTimeWithTimeZoneTest (2019-09-01T10:58:41.6127131-04:00,-240,False,False,0901105841-0400)" classname="Philips.PMP.Test.Auto.Hl7HelperTest" time="0.000" status="1" />
    <testcase name="Hl7HelperGetFormattedDateTimeWithTimeZoneTest (2019-09-01T10:58:41.6127131-04:00,-240,False,True,0901105841.612-0400)" classname="Philips.PMP.Test.Auto.Hl7HelperTest" time="0.000" status="1" />
    <testcase name="Hl7HelperGetFormattedDateTimeWithTimeZoneTest (2019-10-10T10:58:41.6127131-04:00,-240,True,True,20191010105841.612-0400)" classname="Philips.PMP.Test.Auto.Hl7HelperTest" time="0.000" status="1" />
    <testcase name="Hl7HelperGetFormattedDateTimeWithTimeZoneTest (2019-10-10T10:58:41.6127131-04:00,-240,True,False,20191010105841-0400)" classname="Philips.PMP.Test.Auto.Hl7HelperTest" time="0.000" status="1" />
    <testcase name="Hl7HelperGetFormattedDateTimeWithTimeZoneTest (2019-10-10T10:58:41.6127131-04:00,-240,False,False,1010105841-0400)" classname="Philips.PMP.Test.Auto.Hl7HelperTest" time="0.000" status="1" />
    <testcase name="Hl7HelperGetFormattedDateTimeWithTimeZoneTest (2019-10-10T10:58:41.6127131-04:00,-240,False,True,1010105841.612-0400)" classname="Philips.PMP.Test.Auto.Hl7HelperTest" time="0.000" status="1" />
    <testcase name="Hl7HelperGetFormattedDateTimeWithTimeZoneTest (2019-10-01T09:58:41.6127131-04:00,-240,True,True,20191001095841.612-0400)" classname="Philips.PMP.Test.Auto.Hl7HelperTest" time="0.000" status="1" />
    <testcase name="Hl7HelperGetFormattedDateTimeWithTimeZoneTest (2019-10-01T09:58:41.6127131-04:00,-240,True,False,20191001095841-0400)" classname="Philips.PMP.Test.Auto.Hl7HelperTest" time="0.000" status="1" />
    <testcase name="Hl7HelperGetFormattedDateTimeWithTimeZoneTest (2019-10-01T09:58:41.6127131-04:00,-240,False,False,1001095841-0400)" classname="Philips.PMP.Test.Auto.Hl7HelperTest" time="0.000" status="1" />
    <testcase name="Hl7HelperGetFormattedDateTimeWithTimeZoneTest (2019-10-01T09:58:41.6127131-04:00,-240,False,True,1001095841.612-0400)" classname="Philips.PMP.Test.Auto.Hl7HelperTest" time="0.000" status="1" />
    <testcase name="Hl7HelperGetFormattedDateTimeWithTimeZoneTest (2019-10-01T10:08:41.6127131-04:00,-240,True,True,20191001100841.612-0400)" classname="Philips.PMP.Test.Auto.Hl7HelperTest" time="0.000" status="1" />
    <testcase name="Hl7HelperGetFormattedDateTimeWithTimeZoneTest (2019-10-01T10:08:41.6127131-04:00,-240,True,False,20191001100841-0400)" classname="Philips.PMP.Test.Auto.Hl7HelperTest" time="0.000" status="1" />
    <testcase name="Hl7HelperGetFormattedDateTimeWithTimeZoneTest (2019-10-01T10:08:41.6127131-04:00,-240,False,False,1001100841-0400)" classname="Philips.PMP.Test.Auto.Hl7HelperTest" time="0.000" status="1" />
    <testcase name="Hl7HelperGetFormattedDateTimeWithTimeZoneTest (2019-10-01T10:08:41.6127131-04:00,-240,False,True,1001100841.612-0400)" classname="Philips.PMP.Test.Auto.Hl7HelperTest" time="0.000" status="1" />
    <testcase name="Hl7HelperGetFormattedDateTimeWithTimeZoneTest (2019-10-01T10:58:01.6127131-04:00,-240,True,True,20191001105801.612-0400)" classname="Philips.PMP.Test.Auto.Hl7HelperTest" time="0.000" status="1" />
    <testcase name="Hl7HelperGetFormattedDateTimeWithTimeZoneTest (2019-10-01T10:58:01.6127131-04:00,-240,True,False,20191001105801-0400)" classname="Philips.PMP.Test.Auto.Hl7HelperTest" time="0.000" status="1" />
    <testcase name="Hl7HelperGetFormattedDateTimeWithTimeZoneTest (2019-10-01T10:58:01.6127131-04:00,-240,False,False,1001105801-0400)" classname="Philips.PMP.Test.Auto.Hl7HelperTest" time="0.000" status="1" />
    <testcase name="Hl7HelperGetFormattedDateTimeWithTimeZoneTest (2019-10-01T10:58:01.6127131-04:00,-240,False,True,1001105801.612-0400)" classname="Philips.PMP.Test.Auto.Hl7HelperTest" time="0.000" status="1" />
    <testcase name="Hl7HelperGetFormattedDateTimeWithTimeZoneTest (2019-10-01T10:58:01.0000000-04:00,-240,True,True,20191001105801.000-0400)" classname="Philips.PMP.Test.Auto.Hl7HelperTest" time="0.000" status="1" />
    <testcase name="Hl7HelperGetFormattedDateTimeWithTimeZoneTest (2019-10-01T10:58:01.0000000-04:00,-240,True,False,20191001105801-0400)" classname="Philips.PMP.Test.Auto.Hl7HelperTest" time="0.000" status="1" />
    <testcase name="Hl7HelperGetFormattedDateTimeWithTimeZoneTest (2019-10-01T10:58:01.0000000-04:00,-240,False,False,1001105801-0400)" classname="Philips.PMP.Test.Auto.Hl7HelperTest" time="0.000" status="1" />
    <testcase name="Hl7HelperGetFormattedDateTimeWithTimeZoneTest (2019-10-01T10:58:01.0000000-04:00,-240,False,True,1001105801.000-0400)" classname="Philips.PMP.Test.Auto.Hl7HelperTest" time="0.000" status="1" />
    <testcase name="Hl7HelperGetFormattedDateTimeWithTimeZoneTest (2019-10-01T10:58:41.6127131-04:00,240,True,True,20191001105841.612+0400)" classname="Philips.PMP.Test.Auto.Hl7HelperTest" time="0.000" status="1" />
    <testcase name="Hl7HelperGetFormattedDateTimeWithTimeZoneTest (2019-10-01T10:58:41.6127131-04:00,240,True,False,20191001105841+0400)" classname="Philips.PMP.Test.Auto.Hl7HelperTest" time="0.000" status="1" />
    <testcase name="Hl7HelperGetFormattedDateTimeWithTimeZoneTest (2019-10-01T10:58:41.6127131-04:00,240,False,False,1001105841+0400)" classname="Philips.PMP.Test.Auto.Hl7HelperTest" time="0.000" status="1" />
    <testcase name="Hl7HelperGetFormattedDateTimeWithTimeZoneTest (2019-10-01T10:58:41.6127131-04:00,240,False,True,1001105841.612+0400)" classname="Philips.PMP.Test.Auto.Hl7HelperTest" time="0.000" status="1" />
    <testcase name="Hl7HelperGetFormattedDateTimeWithTimeZoneTest (2019-09-01T10:58:41.6127131-04:00,240,True,True,20190901105841.612+0400)" classname="Philips.PMP.Test.Auto.Hl7HelperTest" time="0.000" status="1" />
    <testcase name="Hl7HelperGetFormattedDateTimeWithTimeZoneTest (2019-09-01T10:58:41.6127131-04:00,240,True,False,20190901105841+0400)" classname="Philips.PMP.Test.Auto.Hl7HelperTest" time="0.000" status="1" />
    <testcase name="Hl7HelperGetFormattedDateTimeWithTimeZoneTest (2019-09-01T10:58:41.6127131-04:00,240,False,False,0901105841+0400)" classname="Philips.PMP.Test.Auto.Hl7HelperTest" time="0.000" status="1" />
    <testcase name="Hl7HelperGetFormattedDateTimeWithTimeZoneTest (2019-09-01T10:58:41.6127131-04:00,240,False,True,0901105841.612+0400)" classname="Philips.PMP.Test.Auto.Hl7HelperTest" time="0.000" status="1" />
    <testcase name="Hl7HelperGetFormattedDateTimeWithTimeZoneTest (2019-10-10T10:58:41.6127131-04:00,240,True,True,20191010105841.612+0400)" classname="Philips.PMP.Test.Auto.Hl7HelperTest" time="0.000" status="1" />
    <testcase name="Hl7HelperGetFormattedDateTimeWithTimeZoneTest (2019-10-10T10:58:41.6127131-04:00,240,True,False,20191010105841+0400)" classname="Philips.PMP.Test.Auto.Hl7HelperTest" time="0.000" status="1" />
    <testcase name="Hl7HelperGetFormattedDateTimeWithTimeZoneTest (2019-10-10T10:58:41.6127131-04:00,240,False,False,1010105841+0400)" classname="Philips.PMP.Test.Auto.Hl7HelperTest" time="0.016" status="1" />
    <testcase name="Hl7HelperGetFormattedDateTimeWithTimeZoneTest (2019-10-10T10:58:41.6127131-04:00,240,False,True,1010105841.612+0400)" classname="Philips.PMP.Test.Auto.Hl7HelperTest" time="0.000" status="1" />
    <testcase name="Hl7HelperGetFormattedDateTimeWithTimeZoneTest (2019-10-01T09:58:41.6127131-04:00,240,True,True,20191001095841.612+0400)" classname="Philips.PMP.Test.Auto.Hl7HelperTest" time="0.000" status="1" />
    <testcase name="Hl7HelperGetFormattedDateTimeWithTimeZoneTest (2019-10-01T09:58:41.6127131-04:00,240,True,False,20191001095841+0400)" classname="Philips.PMP.Test.Auto.Hl7HelperTest" time="0.000" status="1" />
    <testcase name="Hl7HelperGetFormattedDateTimeWithTimeZoneTest (2019-10-01T09:58:41.6127131-04:00,240,False,False,1001095841+0400)" classname="Philips.PMP.Test.Auto.Hl7HelperTest" time="0.000" status="1" />
    <testcase name="Hl7HelperGetFormattedDateTimeWithTimeZoneTest (2019-10-01T09:58:41.6127131-04:00,240,False,True,1001095841.612+0400)" classname="Philips.PMP.Test.Auto.Hl7HelperTest" time="0.000" status="1" />
    <testcase name="Hl7HelperGetFormattedDateTimeWithTimeZoneTest (2019-10-01T10:08:41.6127131-04:00,240,True,True,20191001100841.612+0400)" classname="Philips.PMP.Test.Auto.Hl7HelperTest" time="0.000" status="1" />
    <testcase name="Hl7HelperGetFormattedDateTimeWithTimeZoneTest (2019-10-01T10:08:41.6127131-04:00,240,True,False,20191001100841+0400)" classname="Philips.PMP.Test.Auto.Hl7HelperTest" time="0.000" status="1" />
    <testcase name="Hl7HelperGetFormattedDateTimeWithTimeZoneTest (2019-10-01T10:08:41.6127131-04:00,240,False,False,1001100841+0400)" classname="Philips.PMP.Test.Auto.Hl7HelperTest" time="0.000" status="1" />
    <testcase name="Hl7HelperGetFormattedDateTimeWithTimeZoneTest (2019-10-01T10:08:41.6127131-04:00,240,False,True,1001100841.612+0400)" classname="Philips.PMP.Test.Auto.Hl7HelperTest" time="0.000" status="1" />
    <testcase name="Hl7HelperGetFormattedDateTimeWithTimeZoneTest (2019-10-01T10:58:01.6127131-04:00,240,True,True,20191001105801.612+0400)" classname="Philips.PMP.Test.Auto.Hl7HelperTest" time="0.000" status="1" />
    <testcase name="Hl7HelperGetFormattedDateTimeWithTimeZoneTest (2019-10-01T10:58:01.6127131-04:00,240,True,False,20191001105801+0400)" classname="Philips.PMP.Test.Auto.Hl7HelperTest" time="0.000" status="1" />
    <testcase name="Hl7HelperGetFormattedDateTimeWithTimeZoneTest (2019-10-01T10:58:01.6127131-04:00,240,False,False,1001105801+0400)" classname="Philips.PMP.Test.Auto.Hl7HelperTest" time="0.000" status="1" />
    <testcase name="Hl7HelperGetFormattedDateTimeWithTimeZoneTest (2019-10-01T10:58:01.6127131-04:00,240,False,True,1001105801.612+0400)" classname="Philips.PMP.Test.Auto.Hl7HelperTest" time="0.000" status="1" />
    <testcase name="Hl7HelperGetFormattedDateTimeWithTimeZoneTest (2019-10-01T10:58:01.0000000-04:00,240,True,True,20191001105801.000+0400)" classname="Philips.PMP.Test.Auto.Hl7HelperTest" time="0.000" status="1" />
    <testcase name="Hl7HelperGetFormattedDateTimeWithTimeZoneTest (2019-10-01T10:58:01.0000000-04:00,240,True,False,20191001105801+0400)" classname="Philips.PMP.Test.Auto.Hl7HelperTest" time="0.000" status="1" />
    <testcase name="Hl7HelperGetFormattedDateTimeWithTimeZoneTest (2019-10-01T10:58:01.0000000-04:00,240,False,False,1001105801+0400)" classname="Philips.PMP.Test.Auto.Hl7HelperTest" time="0.000" status="1" />
    <testcase name="Hl7HelperGetFormattedDateTimeWithTimeZoneTest (2019-10-01T10:58:01.0000000-04:00,240,False,True,1001105801.000+0400)" classname="Philips.PMP.Test.Auto.Hl7HelperTest" time="0.000" status="1" />
    <testcase name="Hl7HelperGetFormattedDateTimeWithTimeZoneTest (2019-10-01T10:58:41.6127131-04:00,-270,True,True,20191001105841.612-0430)" classname="Philips.PMP.Test.Auto.Hl7HelperTest" time="0.000" status="1" />
    <testcase name="Hl7HelperGetFormattedDateTimeWithTimeZoneTest (2019-10-01T10:58:41.6127131-04:00,-270,True,False,20191001105841-0430)" classname="Philips.PMP.Test.Auto.Hl7HelperTest" time="0.000" status="1" />
    <testcase name="Hl7HelperGetFormattedDateTimeWithTimeZoneTest (2019-10-01T10:58:41.6127131-04:00,-270,False,False,1001105841-0430)" classname="Philips.PMP.Test.Auto.Hl7HelperTest" time="0.000" status="1" />
    <testcase name="Hl7HelperGetFormattedDateTimeWithTimeZoneTest (2019-10-01T10:58:41.6127131-04:00,-270,False,True,1001105841.612-0430)" classname="Philips.PMP.Test.Auto.Hl7HelperTest" time="0.000" status="1" />
    <testcase name="Hl7HelperGetFormattedDateTimeWithTimeZoneTest (2019-09-01T10:58:41.6127131-04:00,-270,True,True,20190901105841.612-0430)" classname="Philips.PMP.Test.Auto.Hl7HelperTest" time="0.000" status="1" />
    <testcase name="Hl7HelperGetFormattedDateTimeWithTimeZoneTest (2019-09-01T10:58:41.6127131-04:00,-270,True,False,20190901105841-0430)" classname="Philips.PMP.Test.Auto.Hl7HelperTest" time="0.000" status="1" />
    <testcase name="Hl7HelperGetFormattedDateTimeWithTimeZoneTest (2019-09-01T10:58:41.6127131-04:00,-270,False,False,0901105841-0430)" classname="Philips.PMP.Test.Auto.Hl7HelperTest" time="0.000" status="1" />
    <testcase name="Hl7HelperGetFormattedDateTimeWithTimeZoneTest (2019-09-01T10:58:41.6127131-04:00,-270,False,True,0901105841.612-0430)" classname="Philips.PMP.Test.Auto.Hl7HelperTest" time="0.000" status="1" />
    <testcase name="Hl7HelperGetFormattedDateTimeWithTimeZoneTest (2019-10-10T10:58:41.6127131-04:00,-270,True,True,20191010105841.612-0430)" classname="Philips.PMP.Test.Auto.Hl7HelperTest" time="0.000" status="1" />
    <testcase name="Hl7HelperGetFormattedDateTimeWithTimeZoneTest (2019-10-10T10:58:41.6127131-04:00,-270,True,False,20191010105841-0430)" classname="Philips.PMP.Test.Auto.Hl7HelperTest" time="0.000" status="1" />
    <testcase name="Hl7HelperGetFormattedDateTimeWithTimeZoneTest (2019-10-10T10:58:41.6127131-04:00,-270,False,False,1010105841-0430)" classname="Philips.PMP.Test.Auto.Hl7HelperTest" time="0.000" status="1" />
    <testcase name="Hl7HelperGetFormattedDateTimeWithTimeZoneTest (2019-10-10T10:58:41.6127131-04:00,-270,False,True,1010105841.612-0430)" classname="Philips.PMP.Test.Auto.Hl7HelperTest" time="0.000" status="1" />
    <testcase name="Hl7HelperGetFormattedDateTimeWithTimeZoneTest (2019-10-01T09:58:41.6127131-04:00,-270,True,True,20191001095841.612-0430)" classname="Philips.PMP.Test.Auto.Hl7HelperTest" time="0.000" status="1" />
    <testcase name="Hl7HelperGetFormattedDateTimeWithTimeZoneTest (2019-10-01T09:58:41.6127131-04:00,-270,True,False,20191001095841-0430)" classname="Philips.PMP.Test.Auto.Hl7HelperTest" time="0.000" status="1" />
    <testcase name="Hl7HelperGetFormattedDateTimeWithTimeZoneTest (2019-10-01T09:58:41.6127131-04:00,-270,False,False,1001095841-0430)" classname="Philips.PMP.Test.Auto.Hl7HelperTest" time="0.000" status="1" />
    <testcase name="Hl7HelperGetFormattedDateTimeWithTimeZoneTest (2019-10-01T09:58:41.6127131-04:00,-270,False,True,1001095841.612-0430)" classname="Philips.PMP.Test.Auto.Hl7HelperTest" time="0.000" status="1" />
    <testcase name="Hl7HelperGetFormattedDateTimeWithTimeZoneTest (2019-10-01T10:08:41.6127131-04:00,-270,True,True,20191001100841.612-0430)" classname="Philips.PMP.Test.Auto.Hl7HelperTest" time="0.000" status="1" />
    <testcase name="Hl7HelperGetFormattedDateTimeWithTimeZoneTest (2019-10-01T10:08:41.6127131-04:00,-270,True,False,20191001100841-0430)" classname="Philips.PMP.Test.Auto.Hl7HelperTest" time="0.000" status="1" />
    <testcase name="Hl7HelperGetFormattedDateTimeWithTimeZoneTest (2019-10-01T10:08:41.6127131-04:00,-270,False,False,1001100841-0430)" classname="Philips.PMP.Test.Auto.Hl7HelperTest" time="0.000" status="1" />
    <testcase name="Hl7HelperGetFormattedDateTimeWithTimeZoneTest (2019-10-01T10:08:41.6127131-04:00,-270,False,True,1001100841.612-0430)" classname="Philips.PMP.Test.Auto.Hl7HelperTest" time="0.000" status="1" />
    <testcase name="Hl7HelperGetFormattedDateTimeWithTimeZoneTest (2019-10-01T10:58:01.6127131-04:00,-270,True,True,20191001105801.612-0430)" classname="Philips.PMP.Test.Auto.Hl7HelperTest" time="0.000" status="1" />
    <testcase name="Hl7HelperGetFormattedDateTimeWithTimeZoneTest (2019-10-01T10:58:01.6127131-04:00,-270,True,False,20191001105801-0430)" classname="Philips.PMP.Test.Auto.Hl7HelperTest" time="0.000" status="1" />
    <testcase name="Hl7HelperGetFormattedDateTimeWithTimeZoneTest (2019-10-01T10:58:01.6127131-04:00,-270,False,False,1001105801-0430)" classname="Philips.PMP.Test.Auto.Hl7HelperTest" time="0.000" status="1" />
    <testcase name="Hl7HelperGetFormattedDateTimeWithTimeZoneTest (2019-10-01T10:58:01.6127131-04:00,-270,False,True,1001105801.612-0430)" classname="Philips.PMP.Test.Auto.Hl7HelperTest" time="0.000" status="1" />
    <testcase name="Hl7HelperGetFormattedDateTimeWithTimeZoneTest (2019-10-01T10:58:01.0000000-04:00,-270,True,True,20191001105801.000-0430)" classname="Philips.PMP.Test.Auto.Hl7HelperTest" time="0.000" status="1" />
    <testcase name="Hl7HelperGetFormattedDateTimeWithTimeZoneTest (2019-10-01T10:58:01.0000000-04:00,-270,True,False,20191001105801-0430)" classname="Philips.PMP.Test.Auto.Hl7HelperTest" time="0.000" status="1" />
    <testcase name="Hl7HelperGetFormattedDateTimeWithTimeZoneTest (2019-10-01T10:58:01.0000000-04:00,-270,False,False,1001105801-0430)" classname="Philips.PMP.Test.Auto.Hl7HelperTest" time="0.000" status="1" />
    <testcase name="Hl7HelperGetFormattedDateTimeWithTimeZoneTest (2019-10-01T10:58:01.0000000-04:00,-270,False,True,1001105801.000-0430)" classname="Philips.PMP.Test.Auto.Hl7HelperTest" time="0.000" status="1" />
    <testcase name="Hl7HelperGetFormattedDateTimeWithTimeZoneTest (2019-10-01T10:58:41.6127131-04:00,270,True,True,20191001105841.612+0430)" classname="Philips.PMP.Test.Auto.Hl7HelperTest" time="0.000" status="1" />
    <testcase name="Hl7HelperGetFormattedDateTimeWithTimeZoneTest (2019-10-01T10:58:41.6127131-04:00,270,True,False,20191001105841+0430)" classname="Philips.PMP.Test.Auto.Hl7HelperTest" time="0.000" status="1" />
    <testcase name="Hl7HelperGetFormattedDateTimeWithTimeZoneTest (2019-10-01T10:58:41.6127131-04:00,270,False,False,1001105841+0430)" classname="Philips.PMP.Test.Auto.Hl7HelperTest" time="0.000" status="1" />
    <testcase name="Hl7HelperGetFormattedDateTimeWithTimeZoneTest (2019-10-01T10:58:41.6127131-04:00,270,False,True,1001105841.612+0430)" classname="Philips.PMP.Test.Auto.Hl7HelperTest" time="0.000" status="1" />
    <testcase name="Hl7HelperGetFormattedDateTimeWithTimeZoneTest (2019-09-01T10:58:41.6127131-04:00,270,True,True,20190901105841.612+0430)" classname="Philips.PMP.Test.Auto.Hl7HelperTest" time="0.000" status="1" />
    <testcase name="Hl7HelperGetFormattedDateTimeWithTimeZoneTest (2019-09-01T10:58:41.6127131-04:00,270,True,False,20190901105841+0430)" classname="Philips.PMP.Test.Auto.Hl7HelperTest" time="0.000" status="1" />
    <testcase name="Hl7HelperGetFormattedDateTimeWithTimeZoneTest (2019-09-01T10:58:41.6127131-04:00,270,False,False,0901105841+0430)" classname="Philips.PMP.Test.Auto.Hl7HelperTest" time="0.000" status="1" />
    <testcase name="Hl7HelperGetFormattedDateTimeWithTimeZoneTest (2019-09-01T10:58:41.6127131-04:00,270,False,True,0901105841.612+0430)" classname="Philips.PMP.Test.Auto.Hl7HelperTest" time="0.000" status="1" />
    <testcase name="Hl7HelperGetFormattedDateTimeWithTimeZoneTest (2019-10-10T10:58:41.6127131-04:00,270,True,True,20191010105841.612+0430)" classname="Philips.PMP.Test.Auto.Hl7HelperTest" time="0.000" status="1" />
    <testcase name="Hl7HelperGetFormattedDateTimeWithTimeZoneTest (2019-10-10T10:58:41.6127131-04:00,270,True,False,20191010105841+0430)" classname="Philips.PMP.Test.Auto.Hl7HelperTest" time="0.000" status="1" />
    <testcase name="Hl7HelperGetFormattedDateTimeWithTimeZoneTest (2019-10-10T10:58:41.6127131-04:00,270,False,False,1010105841+0430)" classname="Philips.PMP.Test.Auto.Hl7HelperTest" time="0.000" status="1" />
    <testcase name="Hl7HelperGetFormattedDateTimeWithTimeZoneTest (2019-10-10T10:58:41.6127131-04:00,270,False,True,1010105841.612+0430)" classname="Philips.PMP.Test.Auto.Hl7HelperTest" time="0.000" status="1" />
    <testcase name="Hl7HelperGetFormattedDateTimeWithTimeZoneTest (2019-10-01T09:58:41.6127131-04:00,270,True,True,20191001095841.612+0430)" classname="Philips.PMP.Test.Auto.Hl7HelperTest" time="0.000" status="1" />
    <testcase name="Hl7HelperGetFormattedDateTimeWithTimeZoneTest (2019-10-01T09:58:41.6127131-04:00,270,True,False,20191001095841+0430)" classname="Philips.PMP.Test.Auto.Hl7HelperTest" time="0.000" status="1" />
    <testcase name="Hl7HelperGetFormattedDateTimeWithTimeZoneTest (2019-10-01T09:58:41.6127131-04:00,270,False,False,1001095841+0430)" classname="Philips.PMP.Test.Auto.Hl7HelperTest" time="0.000" status="1" />
    <testcase name="Hl7HelperGetFormattedDateTimeWithTimeZoneTest (2019-10-01T09:58:41.6127131-04:00,270,False,True,1001095841.612+0430)" classname="Philips.PMP.Test.Auto.Hl7HelperTest" time="0.000" status="1" />
    <testcase name="Hl7HelperGetFormattedDateTimeWithTimeZoneTest (2019-10-01T10:08:41.6127131-04:00,270,True,True,20191001100841.612+0430)" classname="Philips.PMP.Test.Auto.Hl7HelperTest" time="0.000" status="1" />
    <testcase name="Hl7HelperGetFormattedDateTimeWithTimeZoneTest (2019-10-01T10:08:41.6127131-04:00,270,True,False,20191001100841+0430)" classname="Philips.PMP.Test.Auto.Hl7HelperTest" time="0.000" status="1" />
    <testcase name="Hl7HelperGetFormattedDateTimeWithTimeZoneTest (2019-10-01T10:08:41.6127131-04:00,270,False,False,1001100841+0430)" classname="Philips.PMP.Test.Auto.Hl7HelperTest" time="0.000" status="1" />
    <testcase name="Hl7HelperGetFormattedDateTimeWithTimeZoneTest (2019-10-01T10:08:41.6127131-04:00,270,False,True,1001100841.612+0430)" classname="Philips.PMP.Test.Auto.Hl7HelperTest" time="0.000" status="1" />
    <testcase name="Hl7HelperGetFormattedDateTimeWithTimeZoneTest (2019-10-01T10:58:01.6127131-04:00,270,True,True,20191001105801.612+0430)" classname="Philips.PMP.Test.Auto.Hl7HelperTest" time="0.000" status="1" />
    <testcase name="Hl7HelperGetFormattedDateTimeWithTimeZoneTest (2019-10-01T10:58:01.6127131-04:00,270,True,False,20191001105801+0430)" classname="Philips.PMP.Test.Auto.Hl7HelperTest" time="0.000" status="1" />
    <testcase name="Hl7HelperGetFormattedDateTimeWithTimeZoneTest (2019-10-01T10:58:01.6127131-04:00,270,False,False,1001105801+0430)" classname="Philips.PMP.Test.Auto.Hl7HelperTest" time="0.000" status="1" />
    <testcase name="Hl7HelperGetFormattedDateTimeWithTimeZoneTest (2019-10-01T10:58:01.6127131-04:00,270,False,True,1001105801.612+0430)" classname="Philips.PMP.Test.Auto.Hl7HelperTest" time="0.000" status="1" />
    <testcase name="Hl7HelperGetFormattedDateTimeWithTimeZoneTest (2019-10-01T10:58:01.0000000-04:00,270,True,True,20191001105801.000+0430)" classname="Philips.PMP.Test.Auto.Hl7HelperTest" time="0.000" status="1" />
    <testcase name="Hl7HelperGetFormattedDateTimeWithTimeZoneTest (2019-10-01T10:58:01.0000000-04:00,270,True,False,20191001105801+0430)" classname="Philips.PMP.Test.Auto.Hl7HelperTest" time="0.000" status="1" />
    <testcase name="Hl7HelperGetFormattedDateTimeWithTimeZoneTest (2019-10-01T10:58:01.0000000-04:00,270,False,False,1001105801+0430)" classname="Philips.PMP.Test.Auto.Hl7HelperTest" time="0.000" status="1" />
    <testcase name="Hl7HelperGetFormattedDateTimeWithTimeZoneTest (2019-10-01T10:58:01.0000000-04:00,270,False,True,1001105801.000+0430)" classname="Philips.PMP.Test.Auto.Hl7HelperTest" time="0.000" status="1" />
    <testcase name="Hl7HelperGetFormattedDateTimeWithTimeZoneTest (2019-10-01T10:58:41.6127131-04:00,0,True,True,20191001105841.612+0000)" classname="Philips.PMP.Test.Auto.Hl7HelperTest" time="0.000" status="1" />
    <testcase name="Hl7HelperGetFormattedDateTimeWithTimeZoneTest (2019-10-01T10:58:41.6127131-04:00,0,True,False,20191001105841+0000)" classname="Philips.PMP.Test.Auto.Hl7HelperTest" time="0.000" status="1" />
    <testcase name="Hl7HelperGetFormattedDateTimeWithTimeZoneTest (2019-10-01T10:58:41.6127131-04:00,0,False,False,1001105841+0000)" classname="Philips.PMP.Test.Auto.Hl7HelperTest" time="0.000" status="1" />
    <testcase name="Hl7HelperGetFormattedDateTimeWithTimeZoneTest (2019-10-01T10:58:41.6127131-04:00,0,False,True,1001105841.612+0000)" classname="Philips.PMP.Test.Auto.Hl7HelperTest" time="0.000" status="1" />
    <testcase name="Hl7HelperGetFormattedDateTimeWithTimeZoneTest (2019-09-01T10:58:41.6127131-04:00,0,True,True,20190901105841.612+0000)" classname="Philips.PMP.Test.Auto.Hl7HelperTest" time="0.000" status="1" />
    <testcase name="Hl7HelperGetFormattedDateTimeWithTimeZoneTest (2019-09-01T10:58:41.6127131-04:00,0,True,False,20190901105841+0000)" classname="Philips.PMP.Test.Auto.Hl7HelperTest" time="0.000" status="1" />
    <testcase name="Hl7HelperGetFormattedDateTimeWithTimeZoneTest (2019-09-01T10:58:41.6127131-04:00,0,False,False,0901105841+0000)" classname="Philips.PMP.Test.Auto.Hl7HelperTest" time="0.000" status="1" />
    <testcase name="Hl7HelperGetFormattedDateTimeWithTimeZoneTest (2019-09-01T10:58:41.6127131-04:00,0,False,True,0901105841.612+0000)" classname="Philips.PMP.Test.Auto.Hl7HelperTest" time="0.000" status="1" />
    <testcase name="Hl7HelperGetFormattedDateTimeWithTimeZoneTest (2019-10-10T10:58:41.6127131-04:00,0,True,True,20191010105841.612+0000)" classname="Philips.PMP.Test.Auto.Hl7HelperTest" time="0.000" status="1" />
    <testcase name="Hl7HelperGetFormattedDateTimeWithTimeZoneTest (2019-10-10T10:58:41.6127131-04:00,0,True,False,20191010105841+0000)" classname="Philips.PMP.Test.Auto.Hl7HelperTest" time="0.000" status="1" />
    <testcase name="Hl7HelperGetFormattedDateTimeWithTimeZoneTest (2019-10-10T10:58:41.6127131-04:00,0,False,False,1010105841+0000)" classname="Philips.PMP.Test.Auto.Hl7HelperTest" time="0.000" status="1" />
    <testcase name="Hl7HelperGetFormattedDateTimeWithTimeZoneTest (2019-10-10T10:58:41.6127131-04:00,0,False,True,1010105841.612+0000)" classname="Philips.PMP.Test.Auto.Hl7HelperTest" time="0.000" status="1" />
    <testcase name="Hl7HelperGetFormattedDateTimeWithTimeZoneTest (2019-10-01T09:58:41.6127131-04:00,0,True,True,20191001095841.612+0000)" classname="Philips.PMP.Test.Auto.Hl7HelperTest" time="0.000" status="1" />
    <testcase name="Hl7HelperGetFormattedDateTimeWithTimeZoneTest (2019-10-01T09:58:41.6127131-04:00,0,True,False,20191001095841+0000)" classname="Philips.PMP.Test.Auto.Hl7HelperTest" time="0.000" status="1" />
    <testcase name="Hl7HelperGetFormattedDateTimeWithTimeZoneTest (2019-10-01T09:58:41.6127131-04:00,0,False,False,1001095841+0000)" classname="Philips.PMP.Test.Auto.Hl7HelperTest" time="0.000" status="1" />
    <testcase name="Hl7HelperGetFormattedDateTimeWithTimeZoneTest (2019-10-01T09:58:41.6127131-04:00,0,False,True,1001095841.612+0000)" classname="Philips.PMP.Test.Auto.Hl7HelperTest" time="0.000" status="1" />
    <testcase name="Hl7HelperGetFormattedDateTimeWithTimeZoneTest (2019-10-01T10:08:41.6127131-04:00,0,True,True,20191001100841.612+0000)" classname="Philips.PMP.Test.Auto.Hl7HelperTest" time="0.000" status="1" />
    <testcase name="Hl7HelperGetFormattedDateTimeWithTimeZoneTest (2019-10-01T10:08:41.6127131-04:00,0,True,False,20191001100841+0000)" classname="Philips.PMP.Test.Auto.Hl7HelperTest" time="0.000" status="1" />
    <testcase name="Hl7HelperGetFormattedDateTimeWithTimeZoneTest (2019-10-01T10:08:41.6127131-04:00,0,False,False,1001100841+0000)" classname="Philips.PMP.Test.Auto.Hl7HelperTest" time="0.000" status="1" />
    <testcase name="Hl7HelperGetFormattedDateTimeWithTimeZoneTest (2019-10-01T10:08:41.6127131-04:00,0,False,True,1001100841.612+0000)" classname="Philips.PMP.Test.Auto.Hl7HelperTest" time="0.000" status="1" />
    <testcase name="Hl7HelperGetFormattedDateTimeWithTimeZoneTest (2019-10-01T10:58:01.6127131-04:00,0,True,True,20191001105801.612+0000)" classname="Philips.PMP.Test.Auto.Hl7HelperTest" time="0.000" status="1" />
    <testcase name="Hl7HelperGetFormattedDateTimeWithTimeZoneTest (2019-10-01T10:58:01.6127131-04:00,0,True,False,20191001105801+0000)" classname="Philips.PMP.Test.Auto.Hl7HelperTest" time="0.000" status="1" />
    <testcase name="Hl7HelperGetFormattedDateTimeWithTimeZoneTest (2019-10-01T10:58:01.6127131-04:00,0,False,False,1001105801+0000)" classname="Philips.PMP.Test.Auto.Hl7HelperTest" time="0.000" status="1" />
    <testcase name="Hl7HelperGetFormattedDateTimeWithTimeZoneTest (2019-10-01T10:58:01.6127131-04:00,0,False,True,1001105801.612+0000)" classname="Philips.PMP.Test.Auto.Hl7HelperTest" time="0.000" status="1" />
    <testcase name="Hl7HelperGetFormattedDateTimeWithTimeZoneTest (2019-10-01T10:58:01.0000000-04:00,0,True,True,20191001105801.000+0000)" classname="Philips.PMP.Test.Auto.Hl7HelperTest" time="0.000" status="1" />
    <testcase name="Hl7HelperGetFormattedDateTimeWithTimeZoneTest (2019-10-01T10:58:01.0000000-04:00,0,True,False,20191001105801+0000)" classname="Philips.PMP.Test.Auto.Hl7HelperTest" time="0.000" status="1" />
    <testcase name="Hl7HelperGetFormattedDateTimeWithTimeZoneTest (2019-10-01T10:58:01.0000000-04:00,0,False,False,1001105801+0000)" classname="Philips.PMP.Test.Auto.Hl7HelperTest" time="0.000" status="1" />
    <testcase name="Hl7HelperGetFormattedDateTimeWithTimeZoneTest (2019-10-01T10:58:01.0000000-04:00,0,False,True,1001105801.000+0000)" classname="Philips.PMP.Test.Auto.Hl7HelperTest" time="0.000" status="1" />
    <testcase name="Hl7HelperGetChannelCodeTest (0,69967)" classname="Philips.PMP.Test.Auto.Hl7HelperTest" time="0.001" status="1" />
    <testcase name="Hl7HelperGetChannelCodeTest (DEV_PULS_CHAN,70675)" classname="Philips.PMP.Test.Auto.Hl7HelperTest" time="0.000" status="1" />
    <testcase name="Hl7HelperGroupChannelsTest" classname="Philips.PMP.Test.Auto.Hl7HelperTest" time="0.001" status="1" />
    <testcase name="Hl7HelperOrganizeTrendDataTest (True)" classname="Philips.PMP.Test.Auto.Hl7HelperTest" time="0.022" status="1" />
    <testcase name="Hl7HelperOrganizeTrendDataTest (False)" classname="Philips.PMP.Test.Auto.Hl7HelperTest" time="0.005" status="1" />
    <testcase name="BuildIHEDeviceStateTest" classname="Philips.PMP.Test.Auto.Hl7HelperTest" time="0.004" status="1" />
    <testcase name="Hl7HelperIsAlarmSourceInObjectPartiion (509,True)" classname="Philips.PMP.Test.Auto.Hl7HelperTest" time="0.001" status="1" />
    <testcase name="Hl7HelperIsAlarmSourceInObjectPartiion (40,False)" classname="Philips.PMP.Test.Auto.Hl7HelperTest" time="0.001" status="1" />
    <testcase name="Hl7HelperGetDeviceLabelTest (True,False,Unknown,fakeName)" classname="Philips.PMP.Test.Auto.Hl7HelperTest" time="0.001" status="1" />
    <testcase name="Hl7HelperGetDeviceLabelTest (False,True,Unknown,fakeName)" classname="Philips.PMP.Test.Auto.Hl7HelperTest" time="0.001" status="1" />
    <testcase name="Hl7HelperGetDeviceLabelTest (False,False,DelphiLow12In,IntelliVue MX450)" classname="Philips.PMP.Test.Auto.Hl7HelperTest" time="0.001" status="1" />
    <testcase name="Hl7HelperGetDeviceLabelTest (False,False,X3,IntelliVue X3)" classname="Philips.PMP.Test.Auto.Hl7HelperTest" time="0.000" status="1" />
    <testcase name="Hl7HelperIsMetricASettingTest (AutoSetting,True)" classname="Philips.PMP.Test.Auto.Hl7HelperTest" time="0.002" status="1" />
    <testcase name="Hl7HelperIsMetricASettingTest (ManualSetting,True)" classname="Philips.PMP.Test.Auto.Hl7HelperTest" time="0.000" status="1" />
    <testcase name="Hl7HelperIsMetricASettingTest (ManualMeasurement,False)" classname="Philips.PMP.Test.Auto.Hl7HelperTest" time="0.000" status="1" />
    <system-out />
    <system-err />
  </testsuite>
  <testsuite name="Philips.PMP.Test.Auto.AlertNotificationThreadQueueTest" hostname="RESTORMEL" package="not available" id="160" tests="14" failures="0" errors="0" skipped="0" time="0.089" timestamp="2023-12-13T03:29:51">
    <properties />
    <testcase name="ThreadQueueRunsHighPriorityItemsFirst" classname="Philips.PMP.Test.Auto.AlertNotificationThreadQueueTest" time="0.016" status="1" />
    <testcase name="ThreadQueueDetectsKeepAliveBeingDequeued" classname="Philips.PMP.Test.Auto.AlertNotificationThreadQueueTest" time="0.002" status="1" />
    <testcase name="ThreadQueueStopWithFailures (1)" classname="Philips.PMP.Test.Auto.AlertNotificationThreadQueueTest" time="0.001" status="1" />
    <testcase name="ThreadQueueStopWithFailures (2)" classname="Philips.PMP.Test.Auto.AlertNotificationThreadQueueTest" time="0.016" status="1" />
    <testcase name="ThreadQueueStopWithFailures (25)" classname="Philips.PMP.Test.Auto.AlertNotificationThreadQueueTest" time="0.003" status="1" />
    <testcase name="ThreadQueueDoesntAllowMoreThan1KeepAlive" classname="Philips.PMP.Test.Auto.AlertNotificationThreadQueueTest" time="0.005" status="1" />
    <testcase name="ThreadQueueDoesntEnqueueAfterStop" classname="Philips.PMP.Test.Auto.AlertNotificationThreadQueueTest" time="0.006" status="1" />
    <testcase name="ThreadQueueDoesntAllowMoreThan256Items" classname="Philips.PMP.Test.Auto.AlertNotificationThreadQueueTest" time="0.022" status="1" />
    <testcase name="ThreadQueueAllowsSomeFailures (1,True)" classname="Philips.PMP.Test.Auto.AlertNotificationThreadQueueTest" time="0.003" status="1" />
    <testcase name="ThreadQueueAllowsSomeFailures (0,True)" classname="Philips.PMP.Test.Auto.AlertNotificationThreadQueueTest" time="0.001" status="1" />
    <testcase name="ThreadQueueAllowsSomeFailures (2,True)" classname="Philips.PMP.Test.Auto.AlertNotificationThreadQueueTest" time="0.000" status="1" />
    <testcase name="ThreadQueueAllowsSomeFailures (3,True)" classname="Philips.PMP.Test.Auto.AlertNotificationThreadQueueTest" time="0.000" status="1" />
    <testcase name="ThreadQueueAllowsSomeFailures (4,False)" classname="Philips.PMP.Test.Auto.AlertNotificationThreadQueueTest" time="0.000" status="1" />
    <testcase name="ThreadQueueCanBeDisposedTwice" classname="Philips.PMP.Test.Auto.AlertNotificationThreadQueueTest" time="0.014" status="1" />
    <system-out />
    <system-err />
  </testsuite>
  <testsuite name="Philips.iX.InboundFhirService.Test.InboundFhirServiceTest" hostname="RESTORMEL" package="not available" id="161" tests="5" failures="0" errors="0" skipped="0" time="4.192" timestamp="2023-12-13T03:28:02">
    <properties />
    <testcase name="PostNumericTest" classname="Philips.iX.InboundFhirService.Test.InboundFhirServiceTest" time="0.870" status="1" />
    <testcase name="PostEnumerationTest" classname="Philips.iX.InboundFhirService.Test.InboundFhirServiceTest" time="0.018" status="1" />
    <testcase name="StartStopServiceSubscriptionTest (False)" classname="Philips.iX.InboundFhirService.Test.InboundFhirServiceTest" time="2.082" status="1" />
    <testcase name="StartStopServiceSubscriptionTest (True)" classname="Philips.iX.InboundFhirService.Test.InboundFhirServiceTest" time="1.199" status="1" />
    <testcase name="StartStopServiceTest" classname="Philips.iX.InboundFhirService.Test.InboundFhirServiceTest" time="0.023" status="1" />
    <system-out />
    <system-err />
  </testsuite>
  <testsuite name="Philips.PMP.Test.Auto.RepositoryWaveTest" hostname="RESTORMEL" package="not available" id="162" tests="22" failures="0" errors="0" skipped="0" time="0.497" timestamp="2023-12-13T03:35:55">
    <properties />
    <testcase name="PreWaveDataWavesBackfillDontCauseCrashTest" classname="Philips.PMP.Test.Auto.RepositoryWaveTest" time="0.002" status="1" />
    <testcase name="RetrieveDataTest" classname="Philips.PMP.Test.Auto.RepositoryWaveTest" time="0.034" status="1" />
    <testcase name="GetDataWithGuidParamsWorksTest" classname="Philips.PMP.Test.Auto.RepositoryWaveTest" time="0.001" status="1" />
    <testcase name="GettingWaveDataTest" classname="Philips.PMP.Test.Auto.RepositoryWaveTest" time="0.002" status="1" />
    <testcase name="GetBeginningDataDoesntThrowNonNegativeNumberRequiredlongTest" classname="Philips.PMP.Test.Auto.RepositoryWaveTest" time="0.293" status="1" />
    <testcase name="WaveRepositoryAllowsFillingMissingDataFromExistingSegmentTest" classname="Philips.PMP.Test.Auto.RepositoryWaveTest" time="0.001" status="1" />
    <testcase name="GettingUnalignedDataTest" classname="Philips.PMP.Test.Auto.RepositoryWaveTest" time="0.001" status="1" />
    <testcase name="WaveRepositoryFillExtraDataGapTest" classname="Philips.PMP.Test.Auto.RepositoryWaveTest" time="0.003" status="1" />
    <testcase name="WaveRepositoryShouldNotReturnWavesWithNoData" classname="Philips.PMP.Test.Auto.RepositoryWaveTest" time="0.001" status="1" />
    <testcase name="RepositoryWaveCheckUsedTimeMappings" classname="Philips.PMP.Test.Auto.RepositoryWaveTest" time="0.001" status="1" />
    <testcase name="WaveRepositoryAllowsFillingGapAtStartOfGapTest" classname="Philips.PMP.Test.Auto.RepositoryWaveTest" time="0.001" status="1" />
    <testcase name="WaveRepositoryAllowsSimpleBackfilledDataTest" classname="Philips.PMP.Test.Auto.RepositoryWaveTest" time="0.002" status="1" />
    <testcase name="RepositoryWaveShouldAllowDisplay (DelphiHigh15In)" classname="Philips.PMP.Test.Auto.RepositoryWaveTest" time="0.000" status="1" />
    <testcase name="RepositoryWaveShouldAllowDisplay (ExtDevServer)" classname="Philips.PMP.Test.Auto.RepositoryWaveTest" time="0.001" status="1" />
    <testcase name="RepositoryWaveShouldAllowDisplay (IbridgeEc40Hub)" classname="Philips.PMP.Test.Auto.RepositoryWaveTest" time="0.003" status="1" />
    <testcase name="RepositoryWaveShouldAllowDisplay (IbridgeEc48Hub)" classname="Philips.PMP.Test.Auto.RepositoryWaveTest" time="0.001" status="1" />
    <testcase name="NoArgumentExceptionOnDuplicateGetTest" classname="Philips.PMP.Test.Auto.RepositoryWaveTest" time="0.001" status="1" />
    <testcase name="GetDataNoParamsWorksTest" classname="Philips.PMP.Test.Auto.RepositoryWaveTest" time="0.000" status="1" />
    <testcase name="WaveRepositoryAllowsFillingGapAtEndOfGapTest" classname="Philips.PMP.Test.Auto.RepositoryWaveTest" time="0.001" status="1" />
    <testcase name="WaveRepositoryAllowsFillingGapWithGapsOnBothEndsTest" classname="Philips.PMP.Test.Auto.RepositoryWaveTest" time="0.001" status="1" />
    <testcase name="OffsetGetDataTest" classname="Philips.PMP.Test.Auto.RepositoryWaveTest" time="0.001" status="1" />
    <testcase name="GetBeginningDataDoesntThrowNonNegativeNumberRequiredTest" classname="Philips.PMP.Test.Auto.RepositoryWaveTest" time="0.146" status="1" />
    <system-out />
    <system-err />
  </testsuite>
  <testsuite name="Philips.PMP.Test.Auto.TileLayoutPanelTest" hostname="RESTORMEL" package="not available" id="163" tests="11" failures="0" errors="0" skipped="0" time="0.459" timestamp="2023-12-13T03:37:16">
    <properties />
    <testcase name="TileLayoutPanelConfigControlTest (True)" classname="Philips.PMP.Test.Auto.TileLayoutPanelTest" time="0.125" status="1" />
    <testcase name="TileLayoutPanelConfigControlTest (False)" classname="Philips.PMP.Test.Auto.TileLayoutPanelTest" time="0.097" status="1" />
    <testcase name="TileLayoutPanelSetDevicesTest (Portal5000,True,False)" classname="Philips.PMP.Test.Auto.TileLayoutPanelTest" time="0.010" status="1" />
    <testcase name="TileLayoutPanelSetDevicesTest (Efficia,False,True)" classname="Philips.PMP.Test.Auto.TileLayoutPanelTest" time="0.009" status="1" />
    <testcase name="TileLayoutPanelSetDevicesTest (DelphiHigh12In,False,False)" classname="Philips.PMP.Test.Auto.TileLayoutPanelTest" time="0.012" status="1" />
    <testcase name="ConfigLayoutTest (BasicView,200,True,False)" classname="Philips.PMP.Test.Auto.TileLayoutPanelTest" time="0.051" status="1" />
    <testcase name="ConfigLayoutTest (BigNumerics,160,True,False)" classname="Philips.PMP.Test.Auto.TileLayoutPanelTest" time="0.032" status="1" />
    <testcase name="ConfigLayoutTest (BigNumerics,100,False,False)" classname="Philips.PMP.Test.Auto.TileLayoutPanelTest" time="0.019" status="1" />
    <testcase name="ConfigLayoutTest (StMap,200,True,True)" classname="Philips.PMP.Test.Auto.TileLayoutPanelTest" time="0.048" status="1" />
    <testcase name="GetWaveAssignmentsTest" classname="Philips.PMP.Test.Auto.TileLayoutPanelTest" time="0.015" status="1" />
    <testcase name="GetReservedNumericIdsTest" classname="Philips.PMP.Test.Auto.TileLayoutPanelTest" time="0.041" status="1" />
    <system-out />
    <system-err />
  </testsuite>
  <testsuite name="Philips.PMP.Test.Auto.TopologyHelperTest" hostname="RESTORMEL" package="not available" id="164" tests="34" failures="0" errors="0" skipped="0" time="2.980" timestamp="2023-12-13T03:30:32">
    <properties />
    <testcase name="GetPatientSelectionUnitsTest" classname="Philips.PMP.Test.Auto.TopologyHelperTest" time="1.104" status="1" />
    <testcase name="BedCallNumberAssignmentTest" classname="Philips.PMP.Test.Auto.TopologyHelperTest" time="0.903" status="1" />
    <testcase name="IsBedLabelLengthValidTest" classname="Philips.PMP.Test.Auto.TopologyHelperTest" time="0.001" status="1" />
    <testcase name="ValidateDisplayNameTest" classname="Philips.PMP.Test.Auto.TopologyHelperTest" time="0.001" status="1" />
    <testcase name="GenerateLabelsTest" classname="Philips.PMP.Test.Auto.TopologyHelperTest" time="0.001" status="1" />
    <testcase name="HostSectorAssignmentTypeTest" classname="Philips.PMP.Test.Auto.TopologyHelperTest" time="0.932" status="1" />
    <testcase name="TopologyHelperGetUnitToAcqHostsHandlesNoMulticastZone" classname="Philips.PMP.Test.Auto.TopologyHelperTest" time="0.001" status="1" />
    <testcase name="TopologyHelperGetUnitToAcqHostsTestForSurveillance2" classname="Philips.PMP.Test.Auto.TopologyHelperTest" time="0.006" status="1" />
    <testcase name="AssociateLocationsToZoneListTest" classname="Philips.PMP.Test.Auto.TopologyHelperTest" time="0.003" status="1" />
    <testcase name="TopologyHelperGetApplicableZonesTest" classname="Philips.PMP.Test.Auto.TopologyHelperTest" time="0.002" status="1" />
    <testcase name="ValidateInternalNameTest" classname="Philips.PMP.Test.Auto.TopologyHelperTest" time="0.002" status="1" />
    <testcase name="IsSwitchLabelLengthValidTest (,False)" classname="Philips.PMP.Test.Auto.TopologyHelperTest" time="0.001" status="1" />
    <testcase name="IsSwitchLabelLengthValidTest (,False)" classname="Philips.PMP.Test.Auto.TopologyHelperTest" time="0.000" status="1" />
    <testcase name="IsSwitchLabelLengthValidTest ( ,False)" classname="Philips.PMP.Test.Auto.TopologyHelperTest" time="0.000" status="1" />
    <testcase name="IsSwitchLabelLengthValidTest (port,True)" classname="Philips.PMP.Test.Auto.TopologyHelperTest" time="0.000" status="1" />
    <testcase name="IsSwitchLabelLengthValidTest ( port,True)" classname="Philips.PMP.Test.Auto.TopologyHelperTest" time="0.000" status="1" />
    <testcase name="IsSwitchLabelLengthValidTest (port ,True)" classname="Philips.PMP.Test.Auto.TopologyHelperTest" time="0.000" status="1" />
    <testcase name="IsSwitchLabelLengthValidTest (1234567890123456789,True)" classname="Philips.PMP.Test.Auto.TopologyHelperTest" time="0.000" status="1" />
    <testcase name="IsSwitchLabelLengthValidTest (12345678901234567890,True)" classname="Philips.PMP.Test.Auto.TopologyHelperTest" time="0.000" status="1" />
    <testcase name="IsSwitchLabelLengthValidTest (123456789012345678901,False)" classname="Philips.PMP.Test.Auto.TopologyHelperTest" time="0.000" status="1" />
    <testcase name="IsSwitchLabelLengthValidTest (verlylongportlabelname,False)" classname="Philips.PMP.Test.Auto.TopologyHelperTest" time="0.000" status="1" />
    <testcase name="IsUnitLabelLengthValidTest" classname="Philips.PMP.Test.Auto.TopologyHelperTest" time="0.001" status="1" />
    <testcase name="IsAssignmentAllowedTest" classname="Philips.PMP.Test.Auto.TopologyHelperTest" time="0.001" status="1" />
    <testcase name="ShouldAddBedsToHostBasedOnDeploymentType (False,True,0)" classname="Philips.PMP.Test.Auto.TopologyHelperTest" time="0.003" status="1" />
    <testcase name="ShouldAddBedsToHostBasedOnDeploymentType (True,False,0)" classname="Philips.PMP.Test.Auto.TopologyHelperTest" time="0.001" status="1" />
    <testcase name="IsZoneApplicableTest" classname="Philips.PMP.Test.Auto.TopologyHelperTest" time="0.001" status="1" />
    <testcase name="TopologyHelperIsThisALinkUnitTest (False,True,True,False)" classname="Philips.PMP.Test.Auto.TopologyHelperTest" time="0.003" status="1" />
    <testcase name="TopologyHelperIsThisALinkUnitTest (True,False,True,True)" classname="Philips.PMP.Test.Auto.TopologyHelperTest" time="0.002" status="1" />
    <testcase name="TopologyHelperIsThisALinkUnitTest (True,False,True,False)" classname="Philips.PMP.Test.Auto.TopologyHelperTest" time="0.001" status="1" />
    <testcase name="TopologyHelperIsThisALinkUnitTest (True,True,True,False)" classname="Philips.PMP.Test.Auto.TopologyHelperTest" time="0.001" status="1" />
    <testcase name="TopologyHelperIsThisALinkUnitTest (True,False,False,False)" classname="Philips.PMP.Test.Auto.TopologyHelperTest" time="0.001" status="1" />
    <testcase name="TopologyHelperIsThisALinkUnitTest (False,False,True,False)" classname="Philips.PMP.Test.Auto.TopologyHelperTest" time="0.001" status="1" />
    <testcase name="IsWirelessConfigurationNeededTest" classname="Philips.PMP.Test.Auto.TopologyHelperTest" time="0.001" status="1" />
    <testcase name="ValidateFqdnTest" classname="Philips.PMP.Test.Auto.TopologyHelperTest" time="0.001" status="1" />
    <system-out />
    <system-err />
  </testsuite>
  <testsuite name="Philips.PMP.Test.Auto.Ecg12LeadExportFormCheckerTest" hostname="RESTORMEL" package="not available" id="165" tests="5" failures="0" errors="0" skipped="0" time="0.120" timestamp="2023-12-13T03:30:00">
    <properties />
    <testcase name="Ecg12LeadExportFormCheckerShouldAllowSave (NotExported,False)" classname="Philips.PMP.Test.Auto.Ecg12LeadExportFormCheckerTest" time="0.084" status="1" />
    <testcase name="Ecg12LeadExportFormCheckerShouldAllowSave (NotExported,True)" classname="Philips.PMP.Test.Auto.Ecg12LeadExportFormCheckerTest" time="0.008" status="1" />
    <testcase name="Ecg12LeadExportFormCheckerShouldAllowSave (Exported,False)" classname="Philips.PMP.Test.Auto.Ecg12LeadExportFormCheckerTest" time="0.011" status="1" />
    <testcase name="Ecg12LeadExportFormCheckerShouldAllowSend (True,True)" classname="Philips.PMP.Test.Auto.Ecg12LeadExportFormCheckerTest" time="0.015" status="1" />
    <testcase name="Ecg12LeadExportFormCheckerShouldAllowSend (False,False)" classname="Philips.PMP.Test.Auto.Ecg12LeadExportFormCheckerTest" time="0.003" status="1" />
    <system-out />
    <system-err />
  </testsuite>
  <testsuite name="Philips.PMP.Test.Auto.PriorDataTest" hostname="RESTORMEL" package="not available" id="166" tests="5" failures="0" errors="0" skipped="0" time="4.169" timestamp="2023-12-13T03:35:31">
    <properties />
    <testcase name="PriorDataGetDataQueryListTest" classname="Philips.PMP.Test.Auto.PriorDataTest" time="1.119" status="1" />
    <testcase name="PriorDataGetAvailableTimesTest" classname="Philips.PMP.Test.Auto.PriorDataTest" time="1.177" status="1" />
    <testcase name="PriorDataGetRetrospectiveDataTest" classname="Philips.PMP.Test.Auto.PriorDataTest" time="1.283" status="1" />
    <testcase name="PriorDataGetDataTest" classname="Philips.PMP.Test.Auto.PriorDataTest" time="0.293" status="1" />
    <testcase name="PriorDataGetAvailabilityDataTest" classname="Philips.PMP.Test.Auto.PriorDataTest" time="0.296" status="1" />
    <system-out />
    <system-err />
  </testsuite>
  <testsuite name="Philips.PMP.Test.Auto.AlertNotificationProviderTest" hostname="RESTORMEL" package="not available" id="167" tests="2" failures="0" errors="0" skipped="0" time="0.044" timestamp="2023-12-13T03:31:21">
    <properties />
    <testcase name="StoreSettingsAndGetClientByHostShouldReturnEncryptionField" classname="Philips.PMP.Test.Auto.AlertNotificationProviderTest" time="0.014" status="1" />
    <testcase name="StoreSettingsAndGetAllClientsShouldReturnEncryptionField" classname="Philips.PMP.Test.Auto.AlertNotificationProviderTest" time="0.030" status="1" />
    <system-out />
    <system-err />
  </testsuite>
  <testsuite name="Philips.PMP.LicenseService.Test.EnterpriseFeatureMapTest" hostname="RESTORMEL" package="not available" id="168" tests="23" failures="0" errors="0" skipped="0" time="0.086" timestamp="2023-12-13T03:29:16">
    <properties />
    <testcase name="IsDeveloperEnterpriseFeatureTest (NonDedicated,True)" classname="Philips.PMP.LicenseService.Test.EnterpriseFeatureMapTest" time="0.001" status="1" />
    <testcase name="IsDeveloperEnterpriseFeatureTest (Developer,True)" classname="Philips.PMP.LicenseService.Test.EnterpriseFeatureMapTest" time="0.000" status="1" />
    <testcase name="IsDeveloperEnterpriseFeatureTest (ACL,False)" classname="Philips.PMP.LicenseService.Test.EnterpriseFeatureMapTest" time="0.000" status="1" />
    <testcase name="IsDeveloperEnterpriseFeatureTest (C14,False)" classname="Philips.PMP.LicenseService.Test.EnterpriseFeatureMapTest" time="0.000" status="1" />
    <testcase name="IsEnterpriseFeatureTest (Developer,True)" classname="Philips.PMP.LicenseService.Test.EnterpriseFeatureMapTest" time="0.009" status="1" />
    <testcase name="IsEnterpriseFeatureTest (NonDedicated,True)" classname="Philips.PMP.LicenseService.Test.EnterpriseFeatureMapTest" time="0.001" status="1" />
    <testcase name="IsEnterpriseFeatureTest (DMO,True)" classname="Philips.PMP.LicenseService.Test.EnterpriseFeatureMapTest" time="0.001" status="1" />
    <testcase name="IsEnterpriseFeatureTest (CCL,True)" classname="Philips.PMP.LicenseService.Test.EnterpriseFeatureMapTest" time="0.021" status="1" />
    <testcase name="IsEnterpriseFeatureTest (WLD,True)" classname="Philips.PMP.LicenseService.Test.EnterpriseFeatureMapTest" time="0.005" status="1" />
    <testcase name="IsEnterpriseFeatureTest (MP0,True)" classname="Philips.PMP.LicenseService.Test.EnterpriseFeatureMapTest" time="0.012" status="1" />
    <testcase name="IsEnterpriseFeatureTest (MP1,True)" classname="Philips.PMP.LicenseService.Test.EnterpriseFeatureMapTest" time="0.008" status="1" />
    <testcase name="IsEnterpriseFeatureTest (MP2,True)" classname="Philips.PMP.LicenseService.Test.EnterpriseFeatureMapTest" time="0.014" status="1" />
    <testcase name="IsEnterpriseFeatureTest (MP3,True)" classname="Philips.PMP.LicenseService.Test.EnterpriseFeatureMapTest" time="0.009" status="1" />
    <testcase name="IsEnterpriseFeatureTest (MP6,True)" classname="Philips.PMP.LicenseService.Test.EnterpriseFeatureMapTest" time="0.002" status="1" />
    <testcase name="IsEnterpriseFeatureTest (PDX,True)" classname="Philips.PMP.LicenseService.Test.EnterpriseFeatureMapTest" time="0.000" status="1" />
    <testcase name="IsEnterpriseFeatureTest (MP7,True)" classname="Philips.PMP.LicenseService.Test.EnterpriseFeatureMapTest" time="0.000" status="1" />
    <testcase name="IsEnterpriseFeatureTest (TST,True)" classname="Philips.PMP.LicenseService.Test.EnterpriseFeatureMapTest" time="0.000" status="1" />
    <testcase name="IsEnterpriseFeatureTest (SC1,True)" classname="Philips.PMP.LicenseService.Test.EnterpriseFeatureMapTest" time="0.000" status="1" />
    <testcase name="IsEnterpriseFeatureTest (PWD,True)" classname="Philips.PMP.LicenseService.Test.EnterpriseFeatureMapTest" time="0.000" status="1" />
    <testcase name="IsEnterpriseFeatureTest (ACO,True)" classname="Philips.PMP.LicenseService.Test.EnterpriseFeatureMapTest" time="0.000" status="1" />
    <testcase name="IsEnterpriseFeatureTest (ACL,True)" classname="Philips.PMP.LicenseService.Test.EnterpriseFeatureMapTest" time="0.000" status="1" />
    <testcase name="IsEnterpriseFeatureTest (C14,False)" classname="Philips.PMP.LicenseService.Test.EnterpriseFeatureMapTest" time="0.000" status="1" />
    <testcase name="IsEnterpriseFeatureTest (PCV,False)" classname="Philips.PMP.LicenseService.Test.EnterpriseFeatureMapTest" time="0.000" status="1" />
    <system-out />
    <system-err />
  </testsuite>
  <testsuite name="Philips.PMP.Test.Auto.PatientAssignmentHelperTest" hostname="RESTORMEL" package="not available" id="169" tests="26" failures="0" errors="0" skipped="0" time="0.807" timestamp="2023-12-13T03:34:54">
    <properties />
    <testcase name="GetBatteriesStringTest" classname="Philips.PMP.Test.Auto.PatientAssignmentHelperTest" time="0.001" status="1" />
    <testcase name="IsPatientMatchTest" classname="Philips.PMP.Test.Auto.PatientAssignmentHelperTest" time="0.003" status="1" />
    <testcase name="UpdateOverviewPatientForAssignmentTest" classname="Philips.PMP.Test.Auto.PatientAssignmentHelperTest" time="0.003" status="1" />
    <testcase name="DobToAgeTest" classname="Philips.PMP.Test.Auto.PatientAssignmentHelperTest" time="0.001" status="1" />
    <testcase name="GetCurrentOrLastAdmittedBedTest" classname="Philips.PMP.Test.Auto.PatientAssignmentHelperTest" time="0.244" status="1" />
    <testcase name="CompareDevicesTest" classname="Philips.PMP.Test.Auto.PatientAssignmentHelperTest" time="0.001" status="1" />
    <testcase name="GetPatientDobTest" classname="Philips.PMP.Test.Auto.PatientAssignmentHelperTest" time="0.001" status="1" />
    <testcase name="GetDefaultAgeTest" classname="Philips.PMP.Test.Auto.PatientAssignmentHelperTest" time="0.001" status="1" />
    <testcase name="CutBedNameIfNeededTest" classname="Philips.PMP.Test.Auto.PatientAssignmentHelperTest" time="0.001" status="1" />
    <testcase name="FormatLocalizedValueAsLabelTest" classname="Philips.PMP.Test.Auto.PatientAssignmentHelperTest" time="0.000" status="1" />
    <testcase name="BuildNgsPatientDictionaryTest" classname="Philips.PMP.Test.Auto.PatientAssignmentHelperTest" time="0.254" status="1" />
    <testcase name="GetDeviceListStringTest" classname="Philips.PMP.Test.Auto.PatientAssignmentHelperTest" time="0.002" status="1" />
    <testcase name="GetMyDisplayLabelTest" classname="Philips.PMP.Test.Auto.PatientAssignmentHelperTest" time="0.001" status="1" />
    <testcase name="ShouldShowBatteryForSurveillanceTest" classname="Philips.PMP.Test.Auto.PatientAssignmentHelperTest" time="0.001" status="1" />
    <testcase name="GetPatPacedModeTest" classname="Philips.PMP.Test.Auto.PatientAssignmentHelperTest" time="0.000" status="1" />
    <testcase name="GetCurrentOrLastMonitoringHostTest" classname="Philips.PMP.Test.Auto.PatientAssignmentHelperTest" time="0.001" status="1" />
    <testcase name="GetDeviceLocationTest" classname="Philips.PMP.Test.Auto.PatientAssignmentHelperTest" time="0.001" status="1" />
    <testcase name="GetBatteryStringTest" classname="Philips.PMP.Test.Auto.PatientAssignmentHelperTest" time="0.002" status="1" />
    <testcase name="GetMinumumPatientDOBTest" classname="Philips.PMP.Test.Auto.PatientAssignmentHelperTest" time="0.000" status="1" />
    <testcase name="GetDeviceCellStringTest" classname="Philips.PMP.Test.Auto.PatientAssignmentHelperTest" time="0.001" status="1" />
    <testcase name="GetCurrentOrLastAdmittedUnitTest" classname="Philips.PMP.Test.Auto.PatientAssignmentHelperTest" time="0.253" status="1" />
    <testcase name="GetBatteryImageTest" classname="Philips.PMP.Test.Auto.PatientAssignmentHelperTest" time="0.024" status="1" />
    <testcase name="CompareDevicesByBatteryTest" classname="Philips.PMP.Test.Auto.PatientAssignmentHelperTest" time="0.008" status="1" />
    <testcase name="IsTruncatedEquivalentTest" classname="Philips.PMP.Test.Auto.PatientAssignmentHelperTest" time="0.001" status="1" />
    <testcase name="GetPatientLocationDisplayStringTest" classname="Philips.PMP.Test.Auto.PatientAssignmentHelperTest" time="0.000" status="1" />
    <testcase name="DoPatientDevicesSupportNeonatalTest" classname="Philips.PMP.Test.Auto.PatientAssignmentHelperTest" time="0.001" status="1" />
    <system-out />
    <system-err />
  </testsuite>
  <testsuite name="Philips.PMP.Test.Auto.AbsoluteTimeComHelperTest" hostname="RESTORMEL" package="not available" id="170" tests="2" failures="0" errors="0" skipped="0" time="0.004" timestamp="2023-12-13T03:29:49">
    <properties />
    <testcase name="AbsoluteTimeBuildAbsoluteTimeTest" classname="Philips.PMP.Test.Auto.AbsoluteTimeComHelperTest" time="0.003" status="1" />
    <testcase name="AbsoluteTimeBuildDateTimeTest" classname="Philips.PMP.Test.Auto.AbsoluteTimeComHelperTest" time="0.001" status="1" />
    <system-out />
    <system-err />
  </testsuite>
  <testsuite name="Philips.PIC.SharedAssignment.Test.SharedAssignmentDataConsistencyCheckerTests" hostname="RESTORMEL" package="not available" id="171" tests="14" failures="0" errors="0" skipped="0" time="0.708" timestamp="2023-12-13T03:29:12">
    <properties />
    <testcase name="BedRuleNoViolationFromInputDataForOtherUser" classname="Philips.PIC.SharedAssignment.Test.SharedAssignmentDataConsistencyCheckerTests" time="0.002" status="1" />
    <testcase name="NoViolationWithImplicitUnAssignment" classname="Philips.PIC.SharedAssignment.Test.SharedAssignmentDataConsistencyCheckerTests" time="0.005" status="1" />
    <testcase name="BedRuleViolationWithDb" classname="Philips.PIC.SharedAssignment.Test.SharedAssignmentDataConsistencyCheckerTests" time="0.004" status="1" />
    <testcase name="SharedAssignmentCaregiverAssignmentForPrimaryRole (1,1,1)" classname="Philips.PIC.SharedAssignment.Test.SharedAssignmentDataConsistencyCheckerTests" time="0.012" status="1" />
    <testcase name="SharedAssignmentCaregiverAssignmentForPrimaryRole (2,2,1)" classname="Philips.PIC.SharedAssignment.Test.SharedAssignmentDataConsistencyCheckerTests" time="0.003" status="1" />
    <testcase name="BedRuleViolationFromInputData" classname="Philips.PIC.SharedAssignment.Test.SharedAssignmentDataConsistencyCheckerTests" time="0.005" status="1" />
    <testcase name="SharedAssignmentCoalesceTestForAssignments (BedAssignment,EventManagement,2)" classname="Philips.PIC.SharedAssignment.Test.SharedAssignmentDataConsistencyCheckerTests" time="0.077" status="1" />
    <testcase name="SharedAssignmentCoalesceTestForAssignments (BedAssignment,Unknown,3)" classname="Philips.PIC.SharedAssignment.Test.SharedAssignmentDataConsistencyCheckerTests" time="0.001" status="1" />
    <testcase name="SharedAssignmentCoalesceTestForAssignments (AllBeds,EventManagement,3)" classname="Philips.PIC.SharedAssignment.Test.SharedAssignmentDataConsistencyCheckerTests" time="0.001" status="1" />
    <testcase name="BedRuleNoViolationWithImplicitUnAssignmentForMoreThanOneSharedRoleAssignmentExistForTheBed" classname="Philips.PIC.SharedAssignment.Test.SharedAssignmentDataConsistencyCheckerTests" time="0.003" status="1" />
    <testcase name="ValidateOverviewRoleViolatedWithDbNoImplicitAssignmentRemoval" classname="Philips.PIC.SharedAssignment.Test.SharedAssignmentDataConsistencyCheckerTests" time="0.009" status="1" />
    <testcase name="ValidateOverviewRoleViolatedWithInputData" classname="Philips.PIC.SharedAssignment.Test.SharedAssignmentDataConsistencyCheckerTests" time="0.575" status="1" />
    <testcase name="ViolationWithInputAndDbData" classname="Philips.PIC.SharedAssignment.Test.SharedAssignmentDataConsistencyCheckerTests" time="0.009" status="1" />
    <testcase name="BedRuleNoViolationWithImplicitUnAssignmentForOnlyOneSharedRoleAssignmentExistForTheBed" classname="Philips.PIC.SharedAssignment.Test.SharedAssignmentDataConsistencyCheckerTests" time="0.002" status="1" />
    <system-out />
    <system-err />
  </testsuite>
  <testsuite name="Philips.CareEvent.Test.CustomProductDefaultCategoryBuilderTests" hostname="RESTORMEL" package="not available" id="172" tests="4" failures="0" errors="0" skipped="0" time="0.020" timestamp="2023-12-13T03:28:15">
    <properties />
    <testcase name="StoreShouldSetEventSchemaBasedOnProductType (EmerginEvent,XML)" classname="Philips.CareEvent.Test.CustomProductDefaultCategoryBuilderTests" time="0.014" status="1" />
    <testcase name="StoreShouldSetEventSchemaBasedOnProductType (PhilipsEvent,TAP)" classname="Philips.CareEvent.Test.CustomProductDefaultCategoryBuilderTests" time="0.003" status="1" />
    <testcase name="StoreShouldSetEventSchemaBasedOnProductType (EmerginSoap,SOAP)" classname="Philips.CareEvent.Test.CustomProductDefaultCategoryBuilderTests" time="0.001" status="1" />
    <testcase name="StoreShouldSetEventSchemaBasedOnProductType (PhilipsEvent,Unknown)" classname="Philips.CareEvent.Test.CustomProductDefaultCategoryBuilderTests" time="0.002" status="1" />
    <system-out />
    <system-err />
  </testsuite>
  <testsuite name="Philips.PIC.CertificateSync.Test.CertificateSyncServiceTest" hostname="RESTORMEL" package="not available" id="173" tests="3" failures="0" errors="0" skipped="0" time="0.115" timestamp="2023-12-13T03:28:49">
    <properties />
    <testcase name="CertificateSyncServiceStart" classname="Philips.PIC.CertificateSync.Test.CertificateSyncServiceTest" time="0.106" status="1" />
    <testcase name="CertificateSyncServiceRestart" classname="Philips.PIC.CertificateSync.Test.CertificateSyncServiceTest" time="0.002" status="1" />
    <testcase name="CertificateSyncServiceStop" classname="Philips.PIC.CertificateSync.Test.CertificateSyncServiceTest" time="0.006" status="1" />
    <system-out />
    <system-err />
  </testsuite>
  <testsuite name="Philips.PMP.Test.Auto.SurveillanceSectorMgrTest" hostname="RESTORMEL" package="not available" id="174" tests="6" failures="0" errors="0" skipped="0" time="7.245" timestamp="2023-12-13T03:37:09">
    <properties />
    <testcase name="SurveillanceChangeSectorsTest" classname="Philips.PMP.Test.Auto.SurveillanceSectorMgrTest" time="0.943" status="1" />
    <testcase name="SurveillanceUpdatePatientDemographicsTest" classname="Philips.PMP.Test.Auto.SurveillanceSectorMgrTest" time="0.123" status="1" />
    <testcase name="SurveillancePatientAssignmentsTest" classname="Philips.PMP.Test.Auto.SurveillanceSectorMgrTest" time="0.480" status="1" />
    <testcase name="SurveillanceSimpleSectorChangesTest" classname="Philips.PMP.Test.Auto.SurveillanceSectorMgrTest" time="0.455" status="1" />
    <testcase name="SurveillanceRefreshInstitutionsTest" classname="Philips.PMP.Test.Auto.SurveillanceSectorMgrTest" time="4.808" status="1" />
    <testcase name="SurveillanceSectorMgrMoveEmptySector" classname="Philips.PMP.Test.Auto.SurveillanceSectorMgrTest" time="0.436" status="1" />
    <system-out />
    <system-err />
  </testsuite>
  <testsuite name="Philips.PMP.Test.Auto.CameraSystemUnitAssignmentControlTest" hostname="RESTORMEL" package="not available" id="175" tests="24" failures="0" errors="0" skipped="0" time="0.683" timestamp="2023-12-13T03:29:39">
    <properties />
    <testcase name="CameraSystemUnitAssignmentControlResultCodeTest (DuplicateRecord,1)" classname="Philips.PMP.Test.Auto.CameraSystemUnitAssignmentControlTest" time="0.046" status="1" />
    <testcase name="CameraSystemUnitAssignmentControlResultCodeTest (Success,0)" classname="Philips.PMP.Test.Auto.CameraSystemUnitAssignmentControlTest" time="0.041" status="1" />
    <testcase name="CameraSystemUnitAssignmentControlDisplayConnectionState (Success)" classname="Philips.PMP.Test.Auto.CameraSystemUnitAssignmentControlTest" time="0.032" status="1" />
    <testcase name="CameraSystemUnitAssignmentControlDisplayConnectionState (Failure)" classname="Philips.PMP.Test.Auto.CameraSystemUnitAssignmentControlTest" time="0.017" status="1" />
    <testcase name="CameraSystemUnitAssignmentControlDisplayConnectionState (Unknown)" classname="Philips.PMP.Test.Auto.CameraSystemUnitAssignmentControlTest" time="0.029" status="1" />
    <testcase name="CameraSystemUnitAssignmentControlValidateRequiredFieldsTest (True,test,testpwd)" classname="Philips.PMP.Test.Auto.CameraSystemUnitAssignmentControlTest" time="0.021" status="1" />
    <testcase name="CameraSystemUnitAssignmentControlValidateRequiredFieldsTest (False,,)" classname="Philips.PMP.Test.Auto.CameraSystemUnitAssignmentControlTest" time="0.021" status="1" />
    <testcase name="CameraSystemUnitAssignmentControlValidateRequiredFieldsTest (False,test,)" classname="Philips.PMP.Test.Auto.CameraSystemUnitAssignmentControlTest" time="0.023" status="1" />
    <testcase name="CameraSystemUnitAssignmentControlTreeViewUnitSelection" classname="Philips.PMP.Test.Auto.CameraSystemUnitAssignmentControlTest" time="0.025" status="1" />
    <testcase name="CameraSystemUnitAssignmentControlCredentialAndUnitStore" classname="Philips.PMP.Test.Auto.CameraSystemUnitAssignmentControlTest" time="0.039" status="1" />
    <testcase name="CameraSystemUnitAssignmentControlPopulateTreeViewAndCredentialsTest (False)" classname="Philips.PMP.Test.Auto.CameraSystemUnitAssignmentControlTest" time="0.033" status="1" />
    <testcase name="CameraSystemUnitAssignmentControlPopulateTreeViewAndCredentialsTest (True)" classname="Philips.PMP.Test.Auto.CameraSystemUnitAssignmentControlTest" time="0.021" status="1" />
    <testcase name="CameraSystemUnitAssignmentControlValidateRequiredFieldsMessageBoxTest (test,testpwd)" classname="Philips.PMP.Test.Auto.CameraSystemUnitAssignmentControlTest" time="0.018" status="1" />
    <testcase name="CameraSystemUnitAssignmentControlValidateRequiredFieldsMessageBoxTest (,)" classname="Philips.PMP.Test.Auto.CameraSystemUnitAssignmentControlTest" time="0.021" status="1" />
    <testcase name="CameraSystemUnitAssignmentControlValidateRequiredFieldsMessageBoxTest (test,)" classname="Philips.PMP.Test.Auto.CameraSystemUnitAssignmentControlTest" time="0.033" status="1" />
    <testcase name="CameraSystemUnitAssignmentControlTestConnection (Success)" classname="Philips.PMP.Test.Auto.CameraSystemUnitAssignmentControlTest" time="0.057" status="1" />
    <testcase name="CameraSystemUnitAssignmentControlTestConnection (Failure)" classname="Philips.PMP.Test.Auto.CameraSystemUnitAssignmentControlTest" time="0.018" status="1" />
    <testcase name="CameraSystemUnitAssignmentControlTestConnection (Unknown)" classname="Philips.PMP.Test.Auto.CameraSystemUnitAssignmentControlTest" time="0.020" status="1" />
    <testcase name="CameraSystemUnitAssignmentControlValidateCredentialInputTest (,,False,False)" classname="Philips.PMP.Test.Auto.CameraSystemUnitAssignmentControlTest" time="0.089" status="1" />
    <testcase name="CameraSystemUnitAssignmentControlValidateCredentialInputTest (,,True,False)" classname="Philips.PMP.Test.Auto.CameraSystemUnitAssignmentControlTest" time="0.014" status="1" />
    <testcase name="CameraSystemUnitAssignmentControlValidateCredentialInputTest (test,,False,False)" classname="Philips.PMP.Test.Auto.CameraSystemUnitAssignmentControlTest" time="0.019" status="1" />
    <testcase name="CameraSystemUnitAssignmentControlValidateCredentialInputTest (,test2,False,False)" classname="Philips.PMP.Test.Auto.CameraSystemUnitAssignmentControlTest" time="0.013" status="1" />
    <testcase name="CameraSystemUnitAssignmentControlValidateCredentialInputTest (test,test2,False,False)" classname="Philips.PMP.Test.Auto.CameraSystemUnitAssignmentControlTest" time="0.018" status="1" />
    <testcase name="CameraSystemUnitAssignmentControlValidateCredentialInputTest (test,test2,True,True)" classname="Philips.PMP.Test.Auto.CameraSystemUnitAssignmentControlTest" time="0.013" status="1" />
    <system-out />
    <system-err />
  </testsuite>
  <testsuite name="Philips.PMP.Test.Auto.EfficiaNumericMgrTest" hostname="RESTORMEL" package="not available" id="176" tests="16" failures="0" errors="0" skipped="0" time="1.224" timestamp="2023-12-13T03:33:39">
    <properties />
    <testcase name="EfficiaNumericMgrProcessCcoAlarmLimitMessagesTest" classname="Philips.PMP.Test.Auto.EfficiaNumericMgrTest" time="0.047" status="1" />
    <testcase name="EfficiaNumericMgrProcessQtMessagesTest" classname="Philips.PMP.Test.Auto.EfficiaNumericMgrTest" time="0.052" status="1" />
    <testcase name="EfficiaNumericMgrProcessSetPawpTest" classname="Philips.PMP.Test.Auto.EfficiaNumericMgrTest" time="0.030" status="1" />
    <testcase name="EfficiaNumericMgrProcessGasReducedAccuracyTest" classname="Philips.PMP.Test.Auto.EfficiaNumericMgrTest" time="0.037" status="1" />
    <testcase name="EfficiaNumericMgrProcessSetParamVisibilityTest" classname="Philips.PMP.Test.Auto.EfficiaNumericMgrTest" time="0.408" status="1" />
    <testcase name="EfficiaNumericMgrProcessAlarmLimitsValidityTest" classname="Philips.PMP.Test.Auto.EfficiaNumericMgrTest" time="0.034" status="1" />
    <testcase name="EfficiaNumericMgrProcessCcoMessagesTest" classname="Philips.PMP.Test.Auto.EfficiaNumericMgrTest" time="0.193" status="1" />
    <testcase name="EfficiaNumericMgrProcessQtcAlarmLimitMessagesTest" classname="Philips.PMP.Test.Auto.EfficiaNumericMgrTest" time="0.056" status="1" />
    <testcase name="EfficiaNumericMgrProcessMeasureAttrTest (Spo2,PULS_OXIM_SAT_O2,PERCENT)" classname="Philips.PMP.Test.Auto.EfficiaNumericMgrTest" time="0.043" status="1" />
    <testcase name="EfficiaNumericMgrProcessMeasureAttrTest (Perf,PULS_OXIM_PERF_REL,DIMLESS)" classname="Philips.PMP.Test.Auto.EfficiaNumericMgrTest" time="0.034" status="1" />
    <testcase name="EfficiaNumericMgrProcessMeasureAttrTest (Sphb,PULS_OXIM_HB_TOTAL_ART,X_G_PER_DL)" classname="Philips.PMP.Test.Auto.EfficiaNumericMgrTest" time="0.034" status="1" />
    <testcase name="EfficiaNumericMgrProcessMeasureAttrTest (Spco,PULS_OXIM_HB_CO_ART,PERCENT)" classname="Philips.PMP.Test.Auto.EfficiaNumericMgrTest" time="0.031" status="1" />
    <testcase name="EfficiaNumericMgrProcessMeasureAttrTest (Spoc,PULS_OXIM_CONC_HB_O2_ART_CALC,MILLI_L_PER_DL)" classname="Philips.PMP.Test.Auto.EfficiaNumericMgrTest" time="0.034" status="1" />
    <testcase name="EfficiaNumericMgrProcessMeasureAttrTest (Rra,ACOUSTIC_RESP_RATE,RESP_PER_MIN)" classname="Philips.PMP.Test.Auto.EfficiaNumericMgrTest" time="0.033" status="1" />
    <testcase name="EfficiaNumericMgrProcessMeasureAttrTest (Invalid,RESP_RATE,RESP_PER_MIN)" classname="Philips.PMP.Test.Auto.EfficiaNumericMgrTest" time="0.034" status="1" />
    <testcase name="EfficiaNumericMgrProcessNbpIntervalTest" classname="Philips.PMP.Test.Auto.EfficiaNumericMgrTest" time="0.123" status="1" />
    <system-out />
    <system-err />
  </testsuite>
  <testsuite name="Philips.PMP.Test.Auto.NumericProviderTest" hostname="RESTORMEL" package="not available" id="177" tests="60" failures="0" errors="0" skipped="0" time="20.161" timestamp="2023-12-13T03:35:20">
    <properties />
    <testcase name="NumericProviderPeriodicThreeDataruns" classname="Philips.PMP.Test.Auto.NumericProviderTest" time="0.289" status="1" />
    <testcase name="NumericProviderGetAvailablePhysioData60Sec" classname="Philips.PMP.Test.Auto.NumericProviderTest" time="0.302" status="1" />
    <testcase name="NumericProviderPeriodicNumericsOutOfOrder" classname="Philips.PMP.Test.Auto.NumericProviderTest" time="0.288" status="1" />
    <testcase name="NumericProviderAperiodicFourDAsThreeValues" classname="Philips.PMP.Test.Auto.NumericProviderTest" time="0.278" status="1" />
    <testcase name="NumericProviderAperiodicTrendUploadedFlag" classname="Philips.PMP.Test.Auto.NumericProviderTest" time="0.287" status="1" />
    <testcase name="NumericProviderAperiodicDisassociationDuplicate" classname="Philips.PMP.Test.Auto.NumericProviderTest" time="0.287" status="1" />
    <testcase name="NumericProviderAperiodicDuplicatesFiltering" classname="Philips.PMP.Test.Auto.NumericProviderTest" time="0.332" status="1" />
    <testcase name="NumericProviderAperiodicOneParameterTwoMonitorsSamePatient" classname="Philips.PMP.Test.Auto.NumericProviderTest" time="0.292" status="1" />
    <testcase name="NumericProviderAperiodicTwoDAsOneValue" classname="Philips.PMP.Test.Auto.NumericProviderTest" time="0.297" status="1" />
    <testcase name="NumericProviderAperiodicForAlarmReview" classname="Philips.PMP.Test.Auto.NumericProviderTest" time="0.399" status="1" />
    <testcase name="NumericProviderMultiDynamicAperiodicDisassociation" classname="Philips.PMP.Test.Auto.NumericProviderTest" time="0.289" status="1" />
    <testcase name="NumericProviderPeriodicOneParameterTwoMonitorsSamePatient" classname="Philips.PMP.Test.Auto.NumericProviderTest" time="0.291" status="1" />
    <testcase name="NumericProviderPeriodicQuantumPDT" classname="Philips.PMP.Test.Auto.NumericProviderTest" time="0.288" status="1" />
    <testcase name="NumericProviderPeriodicTrendUploadedFlag" classname="Philips.PMP.Test.Auto.NumericProviderTest" time="0.324" status="1" />
    <testcase name="NumericProviderAperiodicTooFarInPast" classname="Philips.PMP.Test.Auto.NumericProviderTest" time="0.285" status="1" />
    <testcase name="NumericProviderAperiodicMeasStateFiltering" classname="Philips.PMP.Test.Auto.NumericProviderTest" time="0.268" status="1" />
    <testcase name="NumericProviderPeriodicDisassociation" classname="Philips.PMP.Test.Auto.NumericProviderTest" time="2.302" status="1" />
    <testcase name="NumericProviderAperiodicStoreTwoMetricCategories" classname="Philips.PMP.Test.Auto.NumericProviderTest" time="0.321" status="1" />
    <testcase name="NumericProviderDelayedDynamicAttribute" classname="Philips.PMP.Test.Auto.NumericProviderTest" time="0.288" status="1" />
    <testcase name="NumericProviderPeriodicMergeTest" classname="Philips.PMP.Test.Auto.NumericProviderTest" time="0.452" status="1" />
    <testcase name="NumericProviderPeriodicGetAllQuantums" classname="Philips.PMP.Test.Auto.NumericProviderTest" time="0.325" status="1" />
    <testcase name="NumericProviderAperiodicStoreOutOfOrder" classname="Philips.PMP.Test.Auto.NumericProviderTest" time="0.389" status="1" />
    <testcase name="CheckStorageQuantum" classname="Philips.PMP.Test.Auto.NumericProviderTest" time="0.007" status="1" />
    <testcase name="NumericProviderMissingAttributesFilteringTest" classname="Philips.PMP.Test.Auto.NumericProviderTest" time="0.309" status="1" />
    <testcase name="NumericProviderAperiodicThreeDAsTwoValues" classname="Philips.PMP.Test.Auto.NumericProviderTest" time="0.305" status="1" />
    <testcase name="NumericProviderNumericGetByLabelTextId" classname="Philips.PMP.Test.Auto.NumericProviderTest" time="0.358" status="1" />
    <testcase name="NumericProviderMultiDynamicAperiodicStore" classname="Philips.PMP.Test.Auto.NumericProviderTest" time="0.301" status="1" />
    <testcase name="NumericProviderAperiodicMeasurementTrigger" classname="Philips.PMP.Test.Auto.NumericProviderTest" time="0.292" status="1" />
    <testcase name="NumericProviderAperiodicTimeRoundTrip" classname="Philips.PMP.Test.Auto.NumericProviderTest" time="0.314" status="1" />
    <testcase name="NumericProviderPeriodicMergeLabelTextId1" classname="Philips.PMP.Test.Auto.NumericProviderTest" time="0.429" status="1" />
    <testcase name="NumericProviderAperiodicDisassociation" classname="Philips.PMP.Test.Auto.NumericProviderTest" time="0.271" status="1" />
    <testcase name="NumericProviderAperiodicMergeLabelTextId1" classname="Philips.PMP.Test.Auto.NumericProviderTest" time="0.291" status="1" />
    <testcase name="NumericProviderMetricUniqueness" classname="Philips.PMP.Test.Auto.NumericProviderTest" time="0.349" status="1" />
    <testcase name="NumericProviderSubCompoundTest" classname="Philips.PMP.Test.Auto.NumericProviderTest" time="1.209" status="1" />
    <testcase name="NumericProviderAperiodicXSWTest" classname="Philips.PMP.Test.Auto.NumericProviderTest" time="0.300" status="1" />
    <testcase name="NumericProviderPeriodicReceivedPhysioDataTime" classname="Philips.PMP.Test.Auto.NumericProviderTest" time="0.321" status="1" />
    <testcase name="NumericProviderPeriodicThreeDAsThreeValues" classname="Philips.PMP.Test.Auto.NumericProviderTest" time="0.322" status="1" />
    <testcase name="NumericProviderPeriodicMergeTrendUploadData" classname="Philips.PMP.Test.Auto.NumericProviderTest" time="0.296" status="1" />
    <testcase name="NumericProviderGetLatest" classname="Philips.PMP.Test.Auto.NumericProviderTest" time="0.343" status="1" />
    <testcase name="NumericProviderMergeUtilsTest" classname="Philips.PMP.Test.Auto.NumericProviderTest" time="0.278" status="1" />
    <testcase name="NumericProviderPeriodicWithUnavailableData (Raw,Resolution1Sec)" classname="Philips.PMP.Test.Auto.NumericProviderTest" time="0.018" status="1" />
    <testcase name="NumericProviderPeriodicWithUnavailableData (TwelveSecondMedian,Resolution12Sec)" classname="Philips.PMP.Test.Auto.NumericProviderTest" time="0.025" status="1" />
    <testcase name="NumericProviderPeriodicWithUnavailableData (SixtySecondMedian,Resolution60Sec)" classname="Philips.PMP.Test.Auto.NumericProviderTest" time="0.019" status="1" />
    <testcase name="NumericProviderMergeTrendData" classname="Philips.PMP.Test.Auto.NumericProviderTest" time="0.304" status="1" />
    <testcase name="NumericProviderTrendUploadNumericsRoundTripPhysioDataTimeTest" classname="Philips.PMP.Test.Auto.NumericProviderTest" time="0.290" status="1" />
    <testcase name="NumericProviderPeriodicMergeLabelTextId2" classname="Philips.PMP.Test.Auto.NumericProviderTest" time="0.383" status="1" />
    <testcase name="NumericProviderPeriodicMergeUnavailableSamplesTest" classname="Philips.PMP.Test.Auto.NumericProviderTest" time="0.313" status="1" />
    <testcase name="NumericProviderPeriodicTwoDataruns" classname="Philips.PMP.Test.Auto.NumericProviderTest" time="0.272" status="1" />
    <testcase name="NumericProviderAperiodicThreeDAsThreeValues" classname="Philips.PMP.Test.Auto.NumericProviderTest" time="0.279" status="1" />
    <testcase name="NumericProviderTwoPatientsOneNumeric" classname="Philips.PMP.Test.Auto.NumericProviderTest" time="0.320" status="1" />
    <testcase name="NumericProviderTwoDAsOnePdt" classname="Philips.PMP.Test.Auto.NumericProviderTest" time="0.317" status="1" />
    <testcase name="NumericProviderStorePrepDuplicateTest" classname="Philips.PMP.Test.Auto.NumericProviderTest" time="0.011" status="1" />
    <testcase name="NumericProviderGetByLabelTextId1" classname="Philips.PMP.Test.Auto.NumericProviderTest" time="0.291" status="1" />
    <testcase name="NumericProviderDuplicateDynamicAttributesExceptPDT" classname="Philips.PMP.Test.Auto.NumericProviderTest" time="0.307" status="1" />
    <testcase name="NumericProviderAperiodicOneParameterTwoMonitorsSamePatientDuplicateValue" classname="Philips.PMP.Test.Auto.NumericProviderTest" time="0.287" status="1" />
    <testcase name="NumericProviderPeriodicConcurrentMerge" classname="Philips.PMP.Test.Auto.NumericProviderTest" time="0.304" status="1" />
    <testcase name="NumericProviderPeriodicMeasStateFiltering" classname="Philips.PMP.Test.Auto.NumericProviderTest" time="0.276" status="1" />
    <testcase name="NumericProviderMultiDynamicNumericMerge" classname="Philips.PMP.Test.Auto.NumericProviderTest" time="0.405" status="1" />
    <testcase name="NumericProviderGetAvailablePhysioData" classname="Philips.PMP.Test.Auto.NumericProviderTest" time="0.290" status="1" />
    <testcase name="NumericProviderTwoValuesOnePdt" classname="Philips.PMP.Test.Auto.NumericProviderTest" time="0.281" status="1" />
    <system-out />
    <system-err />
  </testsuite>
  <testsuite name="Philips.PMP.Test.Auto.PrinterInstallationQualifierTest" hostname="RESTORMEL" package="not available" id="178" tests="1" failures="0" errors="0" skipped="0" time="0.016" timestamp="2023-12-13T03:34:11">
    <properties />
    <testcase name="PrinterInstalledQualifierShould" classname="Philips.PMP.Test.Auto.PrinterInstallationQualifierTest" time="0.016" status="1" />
    <system-out />
    <system-err />
  </testsuite>
  <testsuite name="Philips.PMP.Test.Auto.PatientDateTimePickerFormatHelperTest" hostname="RESTORMEL" package="not available" id="179" tests="6" failures="0" errors="0" skipped="0" time="0.022" timestamp="2023-12-13T03:29:48">
    <properties />
    <testcase name="PatientDateTimePickerFormatHelperIsFormatBlank" classname="Philips.PMP.Test.Auto.PatientDateTimePickerFormatHelperTest" time="0.012" status="1" />
    <testcase name="PatientDateTimePickerFormatHelperGetValidUnitAdmitTimeFormat" classname="Philips.PMP.Test.Auto.PatientDateTimePickerFormatHelperTest" time="0.001" status="1" />
    <testcase name="PatientDateOfBirthTimePickerInValid" classname="Philips.PMP.Test.Auto.PatientDateTimePickerFormatHelperTest" time="0.005" status="1" />
    <testcase name="PatientDateOfBirthTimePickerValid" classname="Philips.PMP.Test.Auto.PatientDateTimePickerFormatHelperTest" time="0.001" status="1" />
    <testcase name="PatientDateTimePickerFormatHelperGetUnitAdmitTimeFormat" classname="Philips.PMP.Test.Auto.PatientDateTimePickerFormatHelperTest" time="0.002" status="1" />
    <testcase name="PatientDateTimePickerFormatHelperGetBlankDateTimeFormat" classname="Philips.PMP.Test.Auto.PatientDateTimePickerFormatHelperTest" time="0.001" status="1" />
    <system-out />
    <system-err />
  </testsuite>
  <testsuite name="Philips.PMP.Test.Auto.CareAssignmentControlHelperTest" hostname="RESTORMEL" package="not available" id="180" tests="1" failures="0" errors="0" skipped="0" time="0.025" timestamp="2023-12-13T03:29:37">
    <properties />
    <testcase name="CareAssignmentControlHelperSortCareGiversByColor" classname="Philips.PMP.Test.Auto.CareAssignmentControlHelperTest" time="0.025" status="1" />
    <system-out />
    <system-err />
  </testsuite>
  <testsuite name="Philips.PMP.Test.Auto.ProtocolAssignmentControlTest" hostname="RESTORMEL" package="not available" id="181" tests="7" failures="0" errors="0" skipped="0" time="0.448" timestamp="2023-12-13T03:36:09">
    <properties />
    <testcase name="ProtocolAssignmentControlUnassignProtocolTest (0,1)" classname="Philips.PMP.Test.Auto.ProtocolAssignmentControlTest" time="0.031" status="1" />
    <testcase name="ProtocolAssignmentControlUnassignProtocolTest (1,0)" classname="Philips.PMP.Test.Auto.ProtocolAssignmentControlTest" time="0.033" status="1" />
    <testcase name="ProtocolAssignmentControLoadSettingsTest" classname="Philips.PMP.Test.Auto.ProtocolAssignmentControlTest" time="0.088" status="1" />
    <testcase name="ProtocolAssignmentControlSaveSettingsTest" classname="Philips.PMP.Test.Auto.ProtocolAssignmentControlTest" time="0.043" status="1" />
    <testcase name="ProtocolAssignmentControlAssignUnassignTest (True,2,3)" classname="Philips.PMP.Test.Auto.ProtocolAssignmentControlTest" time="0.040" status="1" />
    <testcase name="ProtocolAssignmentControlAssignUnassignTest (False,4,1)" classname="Philips.PMP.Test.Auto.ProtocolAssignmentControlTest" time="0.031" status="1" />
    <testcase name="PrepareAssignmentForStoringTest" classname="Philips.PMP.Test.Auto.ProtocolAssignmentControlTest" time="0.183" status="1" />
    <system-out />
    <system-err />
  </testsuite>
  <testsuite name="Philips.PMP.Test.Auto.WaveProviderTest" hostname="RESTORMEL" package="not available" id="182" tests="35" failures="0" errors="0" skipped="0" time="1.535" timestamp="2023-12-13T03:35:41">
    <properties />
    <testcase name="WaveLabelTextIds1" classname="Philips.PMP.Test.Auto.WaveProviderTest" time="0.028" status="1" />
    <testcase name="WaveMergeInAQuantum" classname="Philips.PMP.Test.Auto.WaveProviderTest" time="0.041" status="1" />
    <testcase name="WaveProviderOffsetQueryTest" classname="Philips.PMP.Test.Auto.WaveProviderTest" time="0.040" status="1" />
    <testcase name="WaveDynamicAttributesDuplicatePDT" classname="Philips.PMP.Test.Auto.WaveProviderTest" time="0.028" status="1" />
    <testcase name="WaveProviderDynamicAttributeTest" classname="Philips.PMP.Test.Auto.WaveProviderTest" time="0.027" status="1" />
    <testcase name="WaveStoreEight" classname="Philips.PMP.Test.Auto.WaveProviderTest" time="0.096" status="1" />
    <testcase name="WaveNoDynamicAttribute" classname="Philips.PMP.Test.Auto.WaveProviderTest" time="0.022" status="1" />
    <testcase name="WaveStoreOneNonEcg" classname="Philips.PMP.Test.Auto.WaveProviderTest" time="0.064" status="1" />
    <testcase name="WaveDataRuns2" classname="Philips.PMP.Test.Auto.WaveProviderTest" time="0.033" status="1" />
    <testcase name="WaveDynamicAttributesOutsidePDT" classname="Philips.PMP.Test.Auto.WaveProviderTest" time="0.025" status="1" />
    <testcase name="WaveLabelTextIds3" classname="Philips.PMP.Test.Auto.WaveProviderTest" time="0.030" status="1" />
    <testcase name="WaveStoreOneEcg" classname="Philips.PMP.Test.Auto.WaveProviderTest" time="0.040" status="1" />
    <testcase name="WaveDataRuns3" classname="Philips.PMP.Test.Auto.WaveProviderTest" time="0.072" status="1" />
    <testcase name="WaveEcgChannels1" classname="Philips.PMP.Test.Auto.WaveProviderTest" time="0.032" status="1" />
    <testcase name="WaveTestMonitorIds" classname="Philips.PMP.Test.Auto.WaveProviderTest" time="0.038" status="1" />
    <testcase name="WaveProviderQueryEndTimeAtWaveDataStartTimeTest" classname="Philips.PMP.Test.Auto.WaveProviderTest" time="0.039" status="1" />
    <testcase name="WaveNoOptionalArrays" classname="Philips.PMP.Test.Auto.WaveProviderTest" time="0.026" status="1" />
    <testcase name="WaveLabelTextIds2" classname="Philips.PMP.Test.Auto.WaveProviderTest" time="0.034" status="1" />
    <testcase name="WaveEcgChannels2" classname="Philips.PMP.Test.Auto.WaveProviderTest" time="0.132" status="1" />
    <testcase name="WaveDynamicAttributesNonEcg" classname="Philips.PMP.Test.Auto.WaveProviderTest" time="0.031" status="1" />
    <testcase name="WaveBeginningWaveData" classname="Philips.PMP.Test.Auto.WaveProviderTest" time="0.033" status="1" />
    <testcase name="WaveTwiceInAQuantum" classname="Philips.PMP.Test.Auto.WaveProviderTest" time="0.026" status="1" />
    <testcase name="WaveManyGuidsWithGap" classname="Philips.PMP.Test.Auto.WaveProviderTest" time="0.039" status="1" />
    <testcase name="WaveDynamicAttributesPDTWrongOrder" classname="Philips.PMP.Test.Auto.WaveProviderTest" time="0.029" status="1" />
    <testcase name="WaveDataRuns1" classname="Philips.PMP.Test.Auto.WaveProviderTest" time="0.029" status="1" />
    <testcase name="WaveGapPhysioDataTimes" classname="Philips.PMP.Test.Auto.WaveProviderTest" time="0.029" status="1" />
    <testcase name="WavePartialQuantum" classname="Philips.PMP.Test.Auto.WaveProviderTest" time="0.041" status="1" />
    <testcase name="WaveFiveMinutesData" classname="Philips.PMP.Test.Auto.WaveProviderTest" time="0.180" status="1" />
    <testcase name="WaveProviderMultipleWavesDifferentSamplePeriodsTest (True)" classname="Philips.PMP.Test.Auto.WaveProviderTest" time="0.029" status="1" />
    <testcase name="WaveProviderMultipleWavesDifferentSamplePeriodsTest (False)" classname="Philips.PMP.Test.Auto.WaveProviderTest" time="0.029" status="1" />
    <testcase name="WaveDynamicAttributesDuplicateExceptPDT" classname="Philips.PMP.Test.Auto.WaveProviderTest" time="0.027" status="1" />
    <testcase name="WaveStoreTwo" classname="Philips.PMP.Test.Auto.WaveProviderTest" time="0.040" status="1" />
    <testcase name="WaveDynamicAttributesStoreTwice" classname="Philips.PMP.Test.Auto.WaveProviderTest" time="0.038" status="1" />
    <testcase name="WaveProviderOneChunkGapOneChunkTest" classname="Philips.PMP.Test.Auto.WaveProviderTest" time="0.055" status="1" />
    <testcase name="WaveDynamicAttributesEcg" classname="Philips.PMP.Test.Auto.WaveProviderTest" time="0.030" status="1" />
    <system-out />
    <system-err />
  </testsuite>
  <testsuite name="Philips.PMP.Test.Auto.FindPatientControllerTest" hostname="RESTORMEL" package="not available" id="183" tests="8" failures="0" errors="0" skipped="0" time="0.018" timestamp="2023-12-13T03:30:22">
    <properties />
    <testcase name="FindPatientControllerGetTlpHeight" classname="Philips.PMP.Test.Auto.FindPatientControllerTest" time="0.003" status="1" />
    <testcase name="FindPatientControllerGetSearchCriteriaFields" classname="Philips.PMP.Test.Auto.FindPatientControllerTest" time="0.002" status="1" />
    <testcase name="FindPatientControllerGetDisplayResults" classname="Philips.PMP.Test.Auto.FindPatientControllerTest" time="0.002" status="1" />
    <testcase name="FindPatientControllerIsSearchCriteriaValid" classname="Philips.PMP.Test.Auto.FindPatientControllerTest" time="0.004" status="1" />
    <testcase name="FindPatientControllerShouldHideLeftColumns (LifetimeId,False)" classname="Philips.PMP.Test.Auto.FindPatientControllerTest" time="0.001" status="1" />
    <testcase name="FindPatientControllerShouldHideLeftColumns (EncounterId,False)" classname="Philips.PMP.Test.Auto.FindPatientControllerTest" time="0.000" status="1" />
    <testcase name="FindPatientControllerShouldHideLeftColumns (LastName,True)" classname="Philips.PMP.Test.Auto.FindPatientControllerTest" time="0.000" status="1" />
    <testcase name="FindPatientControllerDisplayResults" classname="Philips.PMP.Test.Auto.FindPatientControllerTest" time="0.006" status="1" />
    <system-out />
    <system-err />
  </testsuite>
  <testsuite name="Philips.PMP.Test.Auto.InfoEventProviderTest" hostname="RESTORMEL" package="not available" id="184" tests="6" failures="0" errors="0" skipped="0" time="0.219" timestamp="2023-12-13T03:35:04">
    <properties />
    <testcase name="InfoEventFilterByPurgeCutoffTime" classname="Philips.PMP.Test.Auto.InfoEventProviderTest" time="0.021" status="1" />
    <testcase name="InfoEventPurgeEnd" classname="Philips.PMP.Test.Auto.InfoEventProviderTest" time="0.050" status="1" />
    <testcase name="InfoEventStoreTwo" classname="Philips.PMP.Test.Auto.InfoEventProviderTest" time="0.034" status="1" />
    <testcase name="InfoEventStoreOne" classname="Philips.PMP.Test.Auto.InfoEventProviderTest" time="0.066" status="1" />
    <testcase name="InfoEventFilterEndedBeforeQueryTime" classname="Philips.PMP.Test.Auto.InfoEventProviderTest" time="0.025" status="1" />
    <testcase name="InfoEventUnEndedPurged" classname="Philips.PMP.Test.Auto.InfoEventProviderTest" time="0.023" status="1" />
    <system-out />
    <system-err />
  </testsuite>
  <testsuite name="Philips.PMP.Test.Auto.CustomStripLabelsFormTest" hostname="RESTORMEL" package="not available" id="185" tests="1" failures="0" errors="0" skipped="0" time="0.342" timestamp="2023-12-13T03:29:37">
    <properties />
    <testcase name="CustomStripLabelsFormUpdateUi" classname="Philips.PMP.Test.Auto.CustomStripLabelsFormTest" time="0.342" status="1" />
    <system-out />
    <system-err />
  </testsuite>
  <testsuite name="Philips.PMP.Test.Auto.PatientAssignmentControlCheckerTest" hostname="RESTORMEL" package="not available" id="186" tests="6" failures="0" errors="0" skipped="0" time="0.027" timestamp="2023-12-13T03:30:00">
    <properties />
    <testcase name="PatientAssignmentControlCheckerShouldEnablePatientManagement" classname="Philips.PMP.Test.Auto.PatientAssignmentControlCheckerTest" time="0.003" status="1" />
    <testcase name="PatientAssignmentControlCheckerHasFullHostAccessAndPermissionDoesNotCheckConflict (True)" classname="Philips.PMP.Test.Auto.PatientAssignmentControlCheckerTest" time="0.002" status="1" />
    <testcase name="PatientAssignmentControlCheckerHasFullHostAccessAndPermissionDoesNotCheckConflict (False)" classname="Philips.PMP.Test.Auto.PatientAssignmentControlCheckerTest" time="0.002" status="1" />
    <testcase name="PatientAssignmentControlCheckerGetButtonsStates" classname="Philips.PMP.Test.Auto.PatientAssignmentControlCheckerTest" time="0.011" status="1" />
    <testcase name="PatientAssignmentControlCheckerClearSectorButtonsStates (True)" classname="Philips.PMP.Test.Auto.PatientAssignmentControlCheckerTest" time="0.003" status="1" />
    <testcase name="PatientAssignmentControlCheckerClearSectorButtonsStates (False)" classname="Philips.PMP.Test.Auto.PatientAssignmentControlCheckerTest" time="0.005" status="1" />
    <system-out />
    <system-err />
  </testsuite>
  <testsuite name="Philips.PMP.Test.Auto.ApmCrashDumpSummaryGeneratorTest" hostname="RESTORMEL" package="not available" id="187" tests="5" failures="0" errors="0" skipped="0" time="0.210" timestamp="2023-12-13T03:29:52">
    <properties />
    <testcase name="ApmCrashDumpSummaryGeneratorWillHandleThrownException" classname="Philips.PMP.Test.Auto.ApmCrashDumpSummaryGeneratorTest" time="0.002" status="1" />
    <testcase name="ApmCrashDumpSummaryGeneratorRoundTripCrashDumpAnalysis" classname="Philips.PMP.Test.Auto.ApmCrashDumpSummaryGeneratorTest" time="0.005" status="1" />
    <testcase name="ApmCrashDumpSummaryGeneratorWillReturnFalseOnError" classname="Philips.PMP.Test.Auto.ApmCrashDumpSummaryGeneratorTest" time="0.002" status="1" />
    <testcase name="ApmCrashDumpSummaryGeneratorWillSpawnProcess" classname="Philips.PMP.Test.Auto.ApmCrashDumpSummaryGeneratorTest" time="0.006" status="1" />
    <testcase name="ApmCrashDumpSummaryGeneratorWillDeserializePayload" classname="Philips.PMP.Test.Auto.ApmCrashDumpSummaryGeneratorTest" time="0.196" status="1" />
    <system-out />
    <system-err />
  </testsuite>
  <testsuite name="Philips.PMP.Test.Auto.WorkflowMgrTest" hostname="RESTORMEL" package="not available" id="188" tests="3" failures="0" errors="0" skipped="0" time="0.007" timestamp="2023-12-13T03:36:15">
    <properties />
    <testcase name="ShortCircuitWorkflowTest" classname="Philips.PMP.Test.Auto.WorkflowMgrTest" time="0.001" status="1" />
    <testcase name="ExecuteAllWorkflowTest" classname="Philips.PMP.Test.Auto.WorkflowMgrTest" time="0.005" status="1" />
    <testcase name="StopEarlyWorkflowTest" classname="Philips.PMP.Test.Auto.WorkflowMgrTest" time="0.001" status="1" />
    <system-out />
    <system-err />
  </testsuite>
  <testsuite name="Philips.PMP.Test.Auto.StarHelperTest" hostname="RESTORMEL" package="not available" id="189" tests="6" failures="0" errors="0" skipped="0" time="0.022" timestamp="2023-12-13T03:29:58">
    <properties />
    <testcase name="InitializeStarWavesValidateArrayLengths" classname="Philips.PMP.Test.Auto.StarHelperTest" time="0.001" status="1" />
    <testcase name="GetNormalizationValidWaveValidUpperLower" classname="Philips.PMP.Test.Auto.StarHelperTest" time="0.001" status="1" />
    <testcase name="SetValidityValidateProperties" classname="Philips.PMP.Test.Auto.StarHelperTest" time="0.003" status="1" />
    <testcase name="GetNormalizationValidWaveInvalidUpperLower" classname="Philips.PMP.Test.Auto.StarHelperTest" time="0.001" status="1" />
    <testcase name="GetNormalizationInvalidWave" classname="Philips.PMP.Test.Auto.StarHelperTest" time="0.001" status="1" />
    <testcase name="GetSampleInfoValidateInfoBits" classname="Philips.PMP.Test.Auto.StarHelperTest" time="0.013" status="1" />
    <system-out />
    <system-err />
  </testsuite>
  <testsuite name="Philips.PMP.Test.Auto.SectorAlertStateTest" hostname="RESTORMEL" package="not available" id="190" tests="27" failures="0" errors="0" skipped="0" time="0.083" timestamp="2023-12-13T03:29:58">
    <properties />
    <testcase name="SectorAlertStateUpdateHighestUnacknowledgedAlertTypes" classname="Philips.PMP.Test.Auto.SectorAlertStateTest" time="0.031" status="1" />
    <testcase name="SectorAlertStateClearAlertPermisisons" classname="Philips.PMP.Test.Auto.SectorAlertStateTest" time="0.002" status="1" />
    <testcase name="SectorAlertStateHasActivePatientAlarm (NoAlert,Patient,0,False,False)" classname="Philips.PMP.Test.Auto.SectorAlertStateTest" time="0.004" status="1" />
    <testcase name="SectorAlertStateHasActivePatientAlarm (RedAlarm,Patient,0,True,False)" classname="Philips.PMP.Test.Auto.SectorAlertStateTest" time="0.001" status="1" />
    <testcase name="SectorAlertStateHasActivePatientAlarm (YellowAlarm,Patient,0,True,False)" classname="Philips.PMP.Test.Auto.SectorAlertStateTest" time="0.001" status="1" />
    <testcase name="SectorAlertStateHasActivePatientAlarm (ShortYellowAlarm,Patient,0,True,False)" classname="Philips.PMP.Test.Auto.SectorAlertStateTest" time="0.001" status="1" />
    <testcase name="SectorAlertStateHasActivePatientAlarm (RedAlarm,Technical,0,False,True)" classname="Philips.PMP.Test.Auto.SectorAlertStateTest" time="0.000" status="1" />
    <testcase name="SectorAlertStateHasActivePatientAlarm (YellowAlarm,Technical,0,False,True)" classname="Philips.PMP.Test.Auto.SectorAlertStateTest" time="0.000" status="1" />
    <testcase name="SectorAlertStateHasActivePatientAlarm (SoftInop,Technical,0,False,False)" classname="Philips.PMP.Test.Auto.SectorAlertStateTest" time="0.000" status="1" />
    <testcase name="SectorAlertStateHasActivePatientAlarm (HardInop,Technical,0,False,True)" classname="Philips.PMP.Test.Auto.SectorAlertStateTest" time="0.000" status="1" />
    <testcase name="SectorAlertStateHasActivePatientAlarm (SevereInop,Technical,0,False,True)" classname="Philips.PMP.Test.Auto.SectorAlertStateTest" time="0.000" status="1" />
    <testcase name="SectorAlertStateHasActivePatientAlarm (RedAlarm,Technical,AlSuspended,False,False)" classname="Philips.PMP.Test.Auto.SectorAlertStateTest" time="0.012" status="1" />
    <testcase name="SectorAlertStateHasActivePatientAlarm (RedAlarm,Technical,AlInhibited,False,False)" classname="Philips.PMP.Test.Auto.SectorAlertStateTest" time="0.001" status="1" />
    <testcase name="SectorAlertStateHasActivePatientAlarm (RedAlarm,Technical,AlYellowSuspended,False,True)" classname="Philips.PMP.Test.Auto.SectorAlertStateTest" time="0.000" status="1" />
    <testcase name="SectorAlertStateHasActivePatientAlarm (RedAlarm,Technical,AlYellowInhibited,False,True)" classname="Philips.PMP.Test.Auto.SectorAlertStateTest" time="0.000" status="1" />
    <testcase name="SectorAlertStateHasActivePatientAlarm (YellowAlarm,Technical,AlSuspended,False,False)" classname="Philips.PMP.Test.Auto.SectorAlertStateTest" time="0.000" status="1" />
    <testcase name="SectorAlertStateHasActivePatientAlarm (YellowAlarm,Technical,AlInhibited,False,False)" classname="Philips.PMP.Test.Auto.SectorAlertStateTest" time="0.000" status="1" />
    <testcase name="SectorAlertStateHasActivePatientAlarm (YellowAlarm,Technical,AlYellowSuspended,False,False)" classname="Philips.PMP.Test.Auto.SectorAlertStateTest" time="0.001" status="1" />
    <testcase name="SectorAlertStateHasActivePatientAlarm (YellowAlarm,Technical,AlYellowInhibited,False,False)" classname="Philips.PMP.Test.Auto.SectorAlertStateTest" time="0.001" status="1" />
    <testcase name="SectorAlertStateHasActivePatientAlarm (HardInop,Technical,AlSuspended,False,False)" classname="Philips.PMP.Test.Auto.SectorAlertStateTest" time="0.011" status="1" />
    <testcase name="SectorAlertStateHasActivePatientAlarm (HardInop,Technical,AlInhibited,False,False)" classname="Philips.PMP.Test.Auto.SectorAlertStateTest" time="0.000" status="1" />
    <testcase name="SectorAlertStateHasActivePatientAlarm (HardInop,Technical,AlYellowSuspended,False,False)" classname="Philips.PMP.Test.Auto.SectorAlertStateTest" time="0.000" status="1" />
    <testcase name="SectorAlertStateHasActivePatientAlarm (HardInop,Technical,AlYellowInhibited,False,False)" classname="Philips.PMP.Test.Auto.SectorAlertStateTest" time="0.000" status="1" />
    <testcase name="SectorAlertStateNoAlertsGetHighestTechnicalAlertReturnsNoAlert" classname="Philips.PMP.Test.Auto.SectorAlertStateTest" time="0.000" status="1" />
    <testcase name="SectorAlertStateShouldShowQuickReview" classname="Philips.PMP.Test.Auto.SectorAlertStateTest" time="0.002" status="1" />
    <testcase name="SectorAlertStateIsActivePatientAlarmLessThanShortYellowAlarm" classname="Philips.PMP.Test.Auto.SectorAlertStateTest" time="0.010" status="1" />
    <testcase name="SectorAlertStateTestSilencedAndEnded" classname="Philips.PMP.Test.Auto.SectorAlertStateTest" time="0.001" status="1" />
    <system-out />
    <system-err />
  </testsuite>
  <testsuite name="Philips.PMP.Test.Auto.EcgLeadSelectionMgrTest" hostname="RESTORMEL" package="not available" id="191" tests="3" failures="0" errors="0" skipped="0" time="0.408" timestamp="2023-12-13T03:35:46">
    <properties />
    <testcase name="IECControlHasAllLeadsTest" classname="Philips.PMP.Test.Auto.EcgLeadSelectionMgrTest" time="0.260" status="1" />
    <testcase name="ChangeBedAffectsControlMgrTest" classname="Philips.PMP.Test.Auto.EcgLeadSelectionMgrTest" time="0.007" status="1" />
    <testcase name="NonExistentProfileDoesntCrashTest" classname="Philips.PMP.Test.Auto.EcgLeadSelectionMgrTest" time="0.141" status="1" />
    <system-out />
    <system-err />
  </testsuite>
  <testsuite name="Philips.PMP.Test.Auto.LicenseTest" hostname="RESTORMEL" package="not available" id="192" tests="10" failures="0" errors="0" skipped="0" time="0.027" timestamp="2023-12-13T03:34:28">
    <properties />
    <testcase name="LicenseGetTopologyFeatureOptionValue" classname="Philips.PMP.Test.Auto.LicenseTest" time="0.004" status="1" />
    <testcase name="LicenseGetSoftwareSerialNumber" classname="Philips.PMP.Test.Auto.LicenseTest" time="0.001" status="1" />
    <testcase name="LicenseGetItemOrder" classname="Philips.PMP.Test.Auto.LicenseTest" time="0.001" status="1" />
    <testcase name="LicenseGetEntityIdsByFeature" classname="Philips.PMP.Test.Auto.LicenseTest" time="0.002" status="1" />
    <testcase name="LicenseForEntity" classname="Philips.PMP.Test.Auto.LicenseTest" time="0.001" status="1" />
    <testcase name="LicenseIsFeatureInItemOrder" classname="Philips.PMP.Test.Auto.LicenseTest" time="0.001" status="1" />
    <testcase name="LicenseInfoProperty" classname="Philips.PMP.Test.Auto.LicenseTest" time="0.016" status="1" />
    <testcase name="LicenseGetEntityFeatureAssignments" classname="Philips.PMP.Test.Auto.LicenseTest" time="0.001" status="1" />
    <testcase name="LicenseGetLicensedEntityCount" classname="Philips.PMP.Test.Auto.LicenseTest" time="0.001" status="1" />
    <testcase name="LicenseGetSoftwareCapabilies" classname="Philips.PMP.Test.Auto.LicenseTest" time="0.001" status="1" />
    <system-out />
    <system-err />
  </testsuite>
  <testsuite name="Philips.PMP.Test.Auto.HL7ConnectionPropertyListViewControlTest" hostname="RESTORMEL" package="not available" id="193" tests="4" failures="0" errors="0" skipped="0" time="0.435" timestamp="2023-12-13T03:33:56">
    <properties />
    <testcase name="AddValidateDataClientConnectionPropertyToListView" classname="Philips.PMP.Test.Auto.HL7ConnectionPropertyListViewControlTest" time="0.034" status="1" />
    <testcase name="RefreshBedTreeViewTest" classname="Philips.PMP.Test.Auto.HL7ConnectionPropertyListViewControlTest" time="0.069" status="1" />
    <testcase name="RefreshBedTreeViewMultiInstitutionTest" classname="Philips.PMP.Test.Auto.HL7ConnectionPropertyListViewControlTest" time="0.292" status="1" />
    <testcase name="RefreshValidateDataClientRow" classname="Philips.PMP.Test.Auto.HL7ConnectionPropertyListViewControlTest" time="0.041" status="1" />
    <system-out />
    <system-err />
  </testsuite>
  <testsuite name="Philips.PMP.Test.Auto.DynamicAttributeTest" hostname="RESTORMEL" package="not available" id="194" tests="14" failures="0" errors="0" skipped="0" time="0.058" timestamp="2023-12-13T03:29:49">
    <properties />
    <testcase name="DynamicAttributeBufferRemovesOldTest" classname="Philips.PMP.Test.Auto.DynamicAttributeTest" time="0.018" status="1" />
    <testcase name="DynamicAttributeMeasureemntSiteListTest" classname="Philips.PMP.Test.Auto.DynamicAttributeTest" time="0.001" status="1" />
    <testcase name="DynamicAttributeDeviceTypeSetByRepositoryNumerics" classname="Philips.PMP.Test.Auto.DynamicAttributeTest" time="0.001" status="1" />
    <testcase name="DynamicAttributeDeviceTypeSetByRepositoryComplex" classname="Philips.PMP.Test.Auto.DynamicAttributeTest" time="0.022" status="1" />
    <testcase name="DynamicAttributeDeviceTypeSetByRepositoryWaves" classname="Philips.PMP.Test.Auto.DynamicAttributeTest" time="0.001" status="1" />
    <testcase name="DynamicAttributeHasMeasurePeriodTest (Philips.iX.MonitoringCommon.NumericDynamicAttributes)" classname="Philips.PMP.Test.Auto.DynamicAttributeTest" time="0.001" status="1" />
    <testcase name="DynamicAttributeHasMeasurePeriodTest (Philips.iX.MonitoringCommon.WaveDynamicAttributes)" classname="Philips.PMP.Test.Auto.DynamicAttributeTest" time="0.000" status="1" />
    <testcase name="DynamicAttributeHasMeasurePeriodTest (Philips.iX.MonitoringCommon.ComplexMetricDynamicAttributes)" classname="Philips.PMP.Test.Auto.DynamicAttributeTest" time="0.002" status="1" />
    <testcase name="DynamicAttributeHasMeasurePeriodTest (Philips.iX.MonitoringCommon.EnumerationDynamicAttributes)" classname="Philips.PMP.Test.Auto.DynamicAttributeTest" time="0.002" status="1" />
    <testcase name="DynamicAttributeDeviceTypeRoundTripsDeepCopy (Philips.iX.MonitoringCommon.NumericDynamicAttributes)" classname="Philips.PMP.Test.Auto.DynamicAttributeTest" time="0.000" status="1" />
    <testcase name="DynamicAttributeDeviceTypeRoundTripsDeepCopy (Philips.iX.MonitoringCommon.WaveDynamicAttributes)" classname="Philips.PMP.Test.Auto.DynamicAttributeTest" time="0.000" status="1" />
    <testcase name="DynamicAttributeDeviceTypeRoundTripsDeepCopy (Philips.iX.MonitoringCommon.ComplexMetricDynamicAttributes)" classname="Philips.PMP.Test.Auto.DynamicAttributeTest" time="0.002" status="1" />
    <testcase name="DynamicAttributeDeviceTypeRoundTripsDeepCopy (Philips.iX.MonitoringCommon.EnumerationDynamicAttributes)" classname="Philips.PMP.Test.Auto.DynamicAttributeTest" time="0.000" status="1" />
    <testcase name="DynamicAttributeDeviceTypeSetByRepositoryEnumerations" classname="Philips.PMP.Test.Auto.DynamicAttributeTest" time="0.007" status="1" />
    <system-out />
    <system-err />
  </testsuite>
  <testsuite name="Philips.PMP.Test.Auto.RolePermissionsControlTest" hostname="RESTORMEL" package="not available" id="195" tests="8" failures="0" errors="0" skipped="0" time="0.544" timestamp="2023-12-13T03:36:14">
    <properties />
    <testcase name="ViewByPermittedActionsTest" classname="Philips.PMP.Test.Auto.RolePermissionsControlTest" time="0.059" status="1" />
    <testcase name="AddRoleEntityActionTest" classname="Philips.PMP.Test.Auto.RolePermissionsControlTest" time="0.116" status="1" />
    <testcase name="RolePermissionPageSetupUserDataMgr" classname="Philips.PMP.Test.Auto.RolePermissionsControlTest" time="0.053" status="1" />
    <testcase name="RolePermissionControlSaveButton (True,True)" classname="Philips.PMP.Test.Auto.RolePermissionsControlTest" time="0.078" status="1" />
    <testcase name="RolePermissionControlSaveButton (True,False)" classname="Philips.PMP.Test.Auto.RolePermissionsControlTest" time="0.065" status="1" />
    <testcase name="RolePermissionControlSaveButton (False,True)" classname="Philips.PMP.Test.Auto.RolePermissionsControlTest" time="0.061" status="1" />
    <testcase name="RolePermissionControlSaveButton (False,False)" classname="Philips.PMP.Test.Auto.RolePermissionsControlTest" time="0.054" status="1" />
    <testcase name="ViewByUnitsTest" classname="Philips.PMP.Test.Auto.RolePermissionsControlTest" time="0.057" status="1" />
    <system-out />
    <system-err />
  </testsuite>
  <testsuite name="Philips.PMP.Test.Auto.DeviceProviderTest" hostname="RESTORMEL" package="not available" id="196" tests="26" failures="0" errors="0" skipped="0" time="5.581" timestamp="2023-12-13T03:37:20">
    <properties />
    <testcase name="UpdateSwitchPortIdentifierTest" classname="Philips.PMP.Test.Auto.DeviceProviderTest" time="0.252" status="1" />
    <testcase name="ZoneEntityControlDeleteSwitchDeviceTest" classname="Philips.PMP.Test.Auto.DeviceProviderTest" time="0.043" status="1" />
    <testcase name="DeviceProviderGetHostByNameOrIp" classname="Philips.PMP.Test.Auto.DeviceProviderTest" time="0.258" status="1" />
    <testcase name="GetDeviceStatusTest" classname="Philips.PMP.Test.Auto.DeviceProviderTest" time="0.260" status="1" />
    <testcase name="DeviceProviderGetClinicalUnitByHostNameTest" classname="Philips.PMP.Test.Auto.DeviceProviderTest" time="0.258" status="1" />
    <testcase name="StoreDevices" classname="Philips.PMP.Test.Auto.DeviceProviderTest" time="0.289" status="1" />
    <testcase name="GetMonitorsByNameSerialIpMac" classname="Philips.PMP.Test.Auto.DeviceProviderTest" time="0.342" status="1" />
    <testcase name="EquipmentManagementSettingTest" classname="Philips.PMP.Test.Auto.DeviceProviderTest" time="0.265" status="1" />
    <testcase name="ProcessDeviceCacheUpdateLocalScope (True,True,True)" classname="Philips.PMP.Test.Auto.DeviceProviderTest" time="0.010" status="1" />
    <testcase name="ProcessDeviceCacheUpdateLocalScope (True,False,False)" classname="Philips.PMP.Test.Auto.DeviceProviderTest" time="0.008" status="1" />
    <testcase name="ProcessDeviceCacheUpdateLocalScope (False,True,True)" classname="Philips.PMP.Test.Auto.DeviceProviderTest" time="0.006" status="1" />
    <testcase name="ProcessDeviceCacheUpdateLocalScope (False,False,True)" classname="Philips.PMP.Test.Auto.DeviceProviderTest" time="0.006" status="1" />
    <testcase name="GetLanServerSourceDevicesUnitsTest" classname="Philips.PMP.Test.Auto.DeviceProviderTest" time="0.361" status="1" />
    <testcase name="GetApAndApcDevicesTest" classname="Philips.PMP.Test.Auto.DeviceProviderTest" time="0.313" status="1" />
    <testcase name="DefaultPrinterTest" classname="Philips.PMP.Test.Auto.DeviceProviderTest" time="0.285" status="1" />
    <testcase name="GetAssignedMonitoringDevicesForMultipleZonesTest" classname="Philips.PMP.Test.Auto.DeviceProviderTest" time="0.303" status="1" />
    <testcase name="DeviceProviderCreateHostMonitorDeviceInfo" classname="Philips.PMP.Test.Auto.DeviceProviderTest" time="0.009" status="1" />
    <testcase name="DeviceProviderDeleteSwitchBedMapping" classname="Philips.PMP.Test.Auto.DeviceProviderTest" time="0.321" status="1" />
    <testcase name="DeviceProviderStoreMultipleNics" classname="Philips.PMP.Test.Auto.DeviceProviderTest" time="0.280" status="1" />
    <testcase name="DoesHostHaveAssignmentsTest" classname="Philips.PMP.Test.Auto.DeviceProviderTest" time="0.335" status="1" />
    <testcase name="UpdateIpAddressTest" classname="Philips.PMP.Test.Auto.DeviceProviderTest" time="0.263" status="1" />
    <testcase name="DeviceLocationTest" classname="Philips.PMP.Test.Auto.DeviceProviderTest" time="0.441" status="1" />
    <testcase name="DeleteNic" classname="Philips.PMP.Test.Auto.DeviceProviderTest" time="0.293" status="1" />
    <testcase name="StoreDevice" classname="Philips.PMP.Test.Auto.DeviceProviderTest" time="0.351" status="1" />
    <testcase name="DeviceProviderPendingRebootTest" classname="Philips.PMP.Test.Auto.DeviceProviderTest" time="0.022" status="1" />
    <testcase name="TryGetDevices" classname="Philips.PMP.Test.Auto.DeviceProviderTest" time="0.008" status="1" />
    <system-out />
    <system-err />
  </testsuite>
  <testsuite name="Philips.PMP.Test.Auto.WebProxyConfigControlTest" hostname="RESTORMEL" package="not available" id="197" tests="2" failures="0" errors="0" skipped="0" time="0.156" timestamp="2023-12-13T03:37:31">
    <properties />
    <testcase name="NetworkShareSelectionControlCanBeReadOnly (True)" classname="Philips.PMP.Test.Auto.WebProxyConfigControlTest" time="0.122" status="1" />
    <testcase name="NetworkShareSelectionControlCanBeReadOnly (False)" classname="Philips.PMP.Test.Auto.WebProxyConfigControlTest" time="0.034" status="1" />
    <system-out />
    <system-err />
  </testsuite>
  <testsuite name="Philips.PMP.Test.Auto.W32TimeServiceAdapterTest" hostname="RESTORMEL" package="not available" id="198" tests="16" failures="0" errors="0" skipped="0" time="0.040" timestamp="2023-12-13T03:38:01">
    <properties />
    <testcase name="InitializingAdapterDisablesTimeServiceWhenNotConfigured" classname="Philips.PMP.Test.Auto.W32TimeServiceAdapterTest" time="0.004" status="1" />
    <testcase name="TryGetTimeServiceStatusParsesStatusStringMissingDirectory" classname="Philips.PMP.Test.Auto.W32TimeServiceAdapterTest" time="0.001" status="1" />
    <testcase name="TryGetTimeServiceStatusParsesStatusStringOnly" classname="Philips.PMP.Test.Auto.W32TimeServiceAdapterTest" time="0.001" status="1" />
    <testcase name="EnabledActiveDirectoryPasses" classname="Philips.PMP.Test.Auto.W32TimeServiceAdapterTest" time="0.001" status="1" />
    <testcase name="DisabledTimeServicePassesForUnconfiguredSource" classname="Philips.PMP.Test.Auto.W32TimeServiceAdapterTest" time="0.003" status="1" />
    <testcase name="EnabledActiveDirectoryFails2" classname="Philips.PMP.Test.Auto.W32TimeServiceAdapterTest" time="0.005" status="1" />
    <testcase name="AdapterResyncForcesTimeServiceResync" classname="Philips.PMP.Test.Auto.W32TimeServiceAdapterTest" time="0.002" status="1" />
    <testcase name="InitializingTimeSyncDetectsDisabledTimeService" classname="Philips.PMP.Test.Auto.W32TimeServiceAdapterTest" time="0.003" status="1" />
    <testcase name="TryGetTimeServiceStatusParsesNormalStatusString" classname="Philips.PMP.Test.Auto.W32TimeServiceAdapterTest" time="0.003" status="1" />
    <testcase name="EnabledActiveDirectoryFails1" classname="Philips.PMP.Test.Auto.W32TimeServiceAdapterTest" time="0.003" status="1" />
    <testcase name="EnabledTimeServicePassesForConfiguredSource" classname="Philips.PMP.Test.Auto.W32TimeServiceAdapterTest" time="0.001" status="1" />
    <testcase name="InitializingTimeSyncDetectsUnconfiguredTimeService" classname="Philips.PMP.Test.Auto.W32TimeServiceAdapterTest" time="0.003" status="1" />
    <testcase name="DoNotReconfigureTimeSyncIfNoChangesAreRequired" classname="Philips.PMP.Test.Auto.W32TimeServiceAdapterTest" time="0.003" status="1" />
    <testcase name="InitializingTimeSyncDetectsDifferingGroupPolicySettings" classname="Philips.PMP.Test.Auto.W32TimeServiceAdapterTest" time="0.002" status="1" />
    <testcase name="TryGetTimeServiceStatusParsesStatusStringMissingQuery" classname="Philips.PMP.Test.Auto.W32TimeServiceAdapterTest" time="0.001" status="1" />
    <testcase name="InitializingTimeSyncDetectsLegacyRegistrySettings" classname="Philips.PMP.Test.Auto.W32TimeServiceAdapterTest" time="0.004" status="1" />
    <system-out />
    <system-err />
  </testsuite>
  <testsuite name="Philips.PMP.Test.Auto.CustomStripLabelsCopierTest" hostname="RESTORMEL" package="not available" id="199" tests="1" failures="0" errors="0" skipped="0" time="0.038" timestamp="2023-12-13T03:29:58">
    <properties />
    <testcase name="CustomStripLabelsCopierCopy" classname="Philips.PMP.Test.Auto.CustomStripLabelsCopierTest" time="0.038" status="1" />
    <system-out />
    <system-err />
  </testsuite>
  <testsuite name="Philips.PMP.Test.Auto.TimeWaveProviderTest" hostname="RESTORMEL" package="not available" id="200" tests="7" failures="0" errors="0" skipped="0" time="0.380" timestamp="2023-12-13T03:35:40">
    <properties />
    <testcase name="TimeWaveMergeLabelTextIds" classname="Philips.PMP.Test.Auto.TimeWaveProviderTest" time="0.058" status="1" />
    <testcase name="TimeWaveStTwoQuanta" classname="Philips.PMP.Test.Auto.TimeWaveProviderTest" time="0.076" status="1" />
    <testcase name="TimeWaveOneStOneQt" classname="Philips.PMP.Test.Auto.TimeWaveProviderTest" time="0.046" status="1" />
    <testcase name="TimeWaveSameTimeSTs" classname="Philips.PMP.Test.Auto.TimeWaveProviderTest" time="0.026" status="1" />
    <testcase name="TimeWaveStTwoInQuantum" classname="Philips.PMP.Test.Auto.TimeWaveProviderTest" time="0.021" status="1" />
    <testcase name="TimeWaveStoreOneST" classname="Philips.PMP.Test.Auto.TimeWaveProviderTest" time="0.131" status="1" />
    <testcase name="TimeWaveStoreOneQT" classname="Philips.PMP.Test.Auto.TimeWaveProviderTest" time="0.022" status="1" />
    <system-out />
    <system-err />
  </testsuite>
  <testsuite name="Philips.PMP.Test.Auto.AlarmIntegrationMgrTest" hostname="RESTORMEL" package="not available" id="201" tests="8" failures="0" errors="0" skipped="0" time="0.057" timestamp="2023-12-13T03:29:40">
    <properties />
    <testcase name="AlarmIntegrationMgrCreateIntegrationDataInopTest (True,True,True,1,0)" classname="Philips.PMP.Test.Auto.AlarmIntegrationMgrTest" time="0.001" status="1" />
    <testcase name="AlarmIntegrationMgrCreateIntegrationDataInopTest (False,False,False,0,0)" classname="Philips.PMP.Test.Auto.AlarmIntegrationMgrTest" time="0.001" status="1" />
    <testcase name="AlarmIntegrationMgrCreateIntegrationDataInopTest (False,True,True,6,4)" classname="Philips.PMP.Test.Auto.AlarmIntegrationMgrTest" time="0.012" status="1" />
    <testcase name="AlarmIntegrationMgrCreateIntegrationDataInopTest (False,False,False,6,2)" classname="Philips.PMP.Test.Auto.AlarmIntegrationMgrTest" time="0.014" status="1" />
    <testcase name="AlarmIntegrationMgrCreateIntegrationDataInopTest (False,True,False,1,2)" classname="Philips.PMP.Test.Auto.AlarmIntegrationMgrTest" time="0.002" status="1" />
    <testcase name="AlarmIntegrationMgrCreateIntegrationDataInopTest (False,False,True,2,3)" classname="Philips.PMP.Test.Auto.AlarmIntegrationMgrTest" time="0.001" status="1" />
    <testcase name="AlarmIntegrationMgrNoMobileTest (True,1)" classname="Philips.PMP.Test.Auto.AlarmIntegrationMgrTest" time="0.020" status="1" />
    <testcase name="AlarmIntegrationMgrNoMobileTest (False,0)" classname="Philips.PMP.Test.Auto.AlarmIntegrationMgrTest" time="0.007" status="1" />
    <system-out />
    <system-err />
  </testsuite>
  <testsuite name="Philips.PMP.Test.Auto.EcgFilterAvailableHelperTest" hostname="RESTORMEL" package="not available" id="202" tests="4" failures="0" errors="0" skipped="0" time="0.021" timestamp="2023-12-13T03:29:38">
    <properties />
    <testcase name="EcgFilterAvailableIsEcgFilterAvailableWaveDictionaryOnly" classname="Philips.PMP.Test.Auto.EcgFilterAvailableHelperTest" time="0.002" status="1" />
    <testcase name="EcgFilterAvailableHelperIsEcgFilterAvailable" classname="Philips.PMP.Test.Auto.EcgFilterAvailableHelperTest" time="0.006" status="1" />
    <testcase name="EcgFilterAvailableHelperGetPortal5KDeviceIds" classname="Philips.PMP.Test.Auto.EcgFilterAvailableHelperTest" time="0.006" status="1" />
    <testcase name="EcgFilterAvailableHelperIsEcgFilterAvailableWaveDictionaryPortal5KDevices" classname="Philips.PMP.Test.Auto.EcgFilterAvailableHelperTest" time="0.007" status="1" />
    <system-out />
    <system-err />
  </testsuite>
  <testsuite name="Philips.PMP.Test.Auto.SolutionSettingsTest" hostname="RESTORMEL" package="not available" id="203" tests="489" failures="0" errors="0" skipped="0" time="3.208" timestamp="2023-12-13T03:30:09">
    <properties />
    <testcase name="SolutionSettingsHostProjectsHaveManifest" classname="Philips.PMP.Test.Auto.SolutionSettingsTest" time="0.302" status="1" />
    <testcase name="SolutionSettingsHostProjectsHavex64Config" classname="Philips.PMP.Test.Auto.SolutionSettingsTest" time="0.302" status="1" />
    <testcase name="SolutionSettingsDeployedTests" classname="Philips.PMP.Test.Auto.SolutionSettingsTest" time="0.001" status="1" />
    <testcase name="ProjectFileSettingsNewAndOldFormatsAreNotMixed" classname="Philips.PMP.Test.Auto.SolutionSettingsTest" time="0.407" status="1" />
    <testcase name="OverflowUnderflowProjectSettingTest" classname="Philips.PMP.Test.Auto.SolutionSettingsTest" time="0.367" status="1" />
    <testcase name="SolutionSettingsProjectConfigsHasBuildDefinitionsDefine" classname="Philips.PMP.Test.Auto.SolutionSettingsTest" time="0.001" status="1" />
    <testcase name="SolutionSettingsProjectFilesHaveResxActions (Microsoft.Build.Evaluation.Project)" classname="Philips.PMP.Test.Auto.SolutionSettingsTest" time="0.002" status="1" />
    <testcase name="SolutionSettingsProjectFilesHaveResxActions (Microsoft.Build.Evaluation.Project)" classname="Philips.PMP.Test.Auto.SolutionSettingsTest" time="0.001" status="1" />
    <testcase name="SolutionSettingsProjectFilesHaveResxActions (Microsoft.Build.Evaluation.Project)" classname="Philips.PMP.Test.Auto.SolutionSettingsTest" time="0.001" status="1" />
    <testcase name="SolutionSettingsProjectFilesHaveResxActions (Microsoft.Build.Evaluation.Project)" classname="Philips.PMP.Test.Auto.SolutionSettingsTest" time="0.001" status="1" />
    <testcase name="SolutionSettingsProjectFilesHaveResxActions (Microsoft.Build.Evaluation.Project)" classname="Philips.PMP.Test.Auto.SolutionSettingsTest" time="0.001" status="1" />
    <testcase name="SolutionSettingsProjectFilesHaveResxActions (Microsoft.Build.Evaluation.Project)" classname="Philips.PMP.Test.Auto.SolutionSettingsTest" time="0.001" status="1" />
    <testcase name="SolutionSettingsProjectFilesHaveResxActions (Microsoft.Build.Evaluation.Project)" classname="Philips.PMP.Test.Auto.SolutionSettingsTest" time="0.001" status="1" />
    <testcase name="SolutionSettingsProjectFilesHaveResxActions (Microsoft.Build.Evaluation.Project)" classname="Philips.PMP.Test.Auto.SolutionSettingsTest" time="0.001" status="1" />
    <testcase name="SolutionSettingsProjectFilesHaveResxActions (Microsoft.Build.Evaluation.Project)" classname="Philips.PMP.Test.Auto.SolutionSettingsTest" time="0.001" status="1" />
    <testcase name="SolutionSettingsProjectFilesHaveResxActions (Microsoft.Build.Evaluation.Project)" classname="Philips.PMP.Test.Auto.SolutionSettingsTest" time="0.001" status="1" />
    <testcase name="SolutionSettingsProjectFilesHaveResxActions (Microsoft.Build.Evaluation.Project)" classname="Philips.PMP.Test.Auto.SolutionSettingsTest" time="0.001" status="1" />
    <testcase name="SolutionSettingsProjectFilesHaveResxActions (Microsoft.Build.Evaluation.Project)" classname="Philips.PMP.Test.Auto.SolutionSettingsTest" time="0.001" status="1" />
    <testcase name="SolutionSettingsProjectFilesHaveResxActions (Microsoft.Build.Evaluation.Project)" classname="Philips.PMP.Test.Auto.SolutionSettingsTest" time="0.001" status="1" />
    <testcase name="SolutionSettingsProjectFilesHaveResxActions (Microsoft.Build.Evaluation.Project)" classname="Philips.PMP.Test.Auto.SolutionSettingsTest" time="0.001" status="1" />
    <testcase name="SolutionSettingsProjectFilesHaveResxActions (Microsoft.Build.Evaluation.Project)" classname="Philips.PMP.Test.Auto.SolutionSettingsTest" time="0.001" status="1" />
    <testcase name="SolutionSettingsProjectFilesHaveResxActions (Microsoft.Build.Evaluation.Project)" classname="Philips.PMP.Test.Auto.SolutionSettingsTest" time="0.001" status="1" />
    <testcase name="SolutionSettingsProjectFilesHaveResxActions (Microsoft.Build.Evaluation.Project)" classname="Philips.PMP.Test.Auto.SolutionSettingsTest" time="0.001" status="1" />
    <testcase name="SolutionSettingsProjectFilesHaveResxActions (Microsoft.Build.Evaluation.Project)" classname="Philips.PMP.Test.Auto.SolutionSettingsTest" time="0.001" status="1" />
    <testcase name="SolutionSettingsProjectFilesHaveResxActions (Microsoft.Build.Evaluation.Project)" classname="Philips.PMP.Test.Auto.SolutionSettingsTest" time="0.001" status="1" />
    <testcase name="SolutionSettingsProjectFilesHaveResxActions (Microsoft.Build.Evaluation.Project)" classname="Philips.PMP.Test.Auto.SolutionSettingsTest" time="0.001" status="1" />
    <testcase name="SolutionSettingsProjectFilesHaveResxActions (Microsoft.Build.Evaluation.Project)" classname="Philips.PMP.Test.Auto.SolutionSettingsTest" time="0.001" status="1" />
    <testcase name="SolutionSettingsProjectFilesHaveResxActions (Microsoft.Build.Evaluation.Project)" classname="Philips.PMP.Test.Auto.SolutionSettingsTest" time="0.001" status="1" />
    <testcase name="SolutionSettingsProjectFilesHaveResxActions (Microsoft.Build.Evaluation.Project)" classname="Philips.PMP.Test.Auto.SolutionSettingsTest" time="0.001" status="1" />
    <testcase name="SolutionSettingsProjectFilesHaveResxActions (Microsoft.Build.Evaluation.Project)" classname="Philips.PMP.Test.Auto.SolutionSettingsTest" time="0.001" status="1" />
    <testcase name="SolutionSettingsProjectFilesHaveResxActions (Microsoft.Build.Evaluation.Project)" classname="Philips.PMP.Test.Auto.SolutionSettingsTest" time="0.001" status="1" />
    <testcase name="SolutionSettingsProjectFilesHaveResxActions (Microsoft.Build.Evaluation.Project)" classname="Philips.PMP.Test.Auto.SolutionSettingsTest" time="0.001" status="1" />
    <testcase name="SolutionSettingsProjectFilesHaveResxActions (Microsoft.Build.Evaluation.Project)" classname="Philips.PMP.Test.Auto.SolutionSettingsTest" time="0.001" status="1" />
    <testcase name="SolutionSettingsProjectFilesHaveResxActions (Microsoft.Build.Evaluation.Project)" classname="Philips.PMP.Test.Auto.SolutionSettingsTest" time="0.001" status="1" />
    <testcase name="SolutionSettingsProjectFilesHaveResxActions (Microsoft.Build.Evaluation.Project)" classname="Philips.PMP.Test.Auto.SolutionSettingsTest" time="0.001" status="1" />
    <testcase name="SolutionSettingsProjectFilesHaveResxActions (Microsoft.Build.Evaluation.Project)" classname="Philips.PMP.Test.Auto.SolutionSettingsTest" time="0.001" status="1" />
    <testcase name="SolutionSettingsProjectFilesHaveResxActions (Microsoft.Build.Evaluation.Project)" classname="Philips.PMP.Test.Auto.SolutionSettingsTest" time="0.001" status="1" />
    <testcase name="SolutionSettingsProjectFilesHaveResxActions (Microsoft.Build.Evaluation.Project)" classname="Philips.PMP.Test.Auto.SolutionSettingsTest" time="0.001" status="1" />
    <testcase name="SolutionSettingsProjectFilesHaveResxActions (Microsoft.Build.Evaluation.Project)" classname="Philips.PMP.Test.Auto.SolutionSettingsTest" time="0.001" status="1" />
    <testcase name="SolutionSettingsProjectFilesHaveResxActions (Microsoft.Build.Evaluation.Project)" classname="Philips.PMP.Test.Auto.SolutionSettingsTest" time="0.001" status="1" />
    <testcase name="SolutionSettingsProjectFilesHaveResxActions (Microsoft.Build.Evaluation.Project)" classname="Philips.PMP.Test.Auto.SolutionSettingsTest" time="0.001" status="1" />
    <testcase name="SolutionSettingsProjectFilesHaveResxActions (Microsoft.Build.Evaluation.Project)" classname="Philips.PMP.Test.Auto.SolutionSettingsTest" time="0.001" status="1" />
    <testcase name="SolutionSettingsProjectFilesHaveResxActions (Microsoft.Build.Evaluation.Project)" classname="Philips.PMP.Test.Auto.SolutionSettingsTest" time="0.001" status="1" />
    <testcase name="SolutionSettingsProjectFilesHaveResxActions (Microsoft.Build.Evaluation.Project)" classname="Philips.PMP.Test.Auto.SolutionSettingsTest" time="0.001" status="1" />
    <testcase name="SolutionSettingsProjectFilesHaveResxActions (Microsoft.Build.Evaluation.Project)" classname="Philips.PMP.Test.Auto.SolutionSettingsTest" time="0.001" status="1" />
    <testcase name="SolutionSettingsProjectFilesHaveResxActions (Microsoft.Build.Evaluation.Project)" classname="Philips.PMP.Test.Auto.SolutionSettingsTest" time="0.001" status="1" />
    <testcase name="SolutionSettingsProjectFilesHaveResxActions (Microsoft.Build.Evaluation.Project)" classname="Philips.PMP.Test.Auto.SolutionSettingsTest" time="0.001" status="1" />
    <testcase name="SolutionSettingsProjectFilesHaveResxActions (Microsoft.Build.Evaluation.Project)" classname="Philips.PMP.Test.Auto.SolutionSettingsTest" time="0.001" status="1" />
    <testcase name="SolutionSettingsProjectFilesHaveResxActions (Microsoft.Build.Evaluation.Project)" classname="Philips.PMP.Test.Auto.SolutionSettingsTest" time="0.001" status="1" />
    <testcase name="SolutionSettingsProjectFilesHaveResxActions (Microsoft.Build.Evaluation.Project)" classname="Philips.PMP.Test.Auto.SolutionSettingsTest" time="0.001" status="1" />
    <testcase name="SolutionSettingsProjectFilesHaveResxActions (Microsoft.Build.Evaluation.Project)" classname="Philips.PMP.Test.Auto.SolutionSettingsTest" time="0.001" status="1" />
    <testcase name="SolutionSettingsProjectFilesHaveResxActions (Microsoft.Build.Evaluation.Project)" classname="Philips.PMP.Test.Auto.SolutionSettingsTest" time="0.001" status="1" />
    <testcase name="SolutionSettingsProjectFilesHaveResxActions (Microsoft.Build.Evaluation.Project)" classname="Philips.PMP.Test.Auto.SolutionSettingsTest" time="0.001" status="1" />
    <testcase name="SolutionSettingsProjectFilesHaveResxActions (Microsoft.Build.Evaluation.Project)" classname="Philips.PMP.Test.Auto.SolutionSettingsTest" time="0.001" status="1" />
    <testcase name="SolutionSettingsProjectFilesHaveResxActions (Microsoft.Build.Evaluation.Project)" classname="Philips.PMP.Test.Auto.SolutionSettingsTest" time="0.001" status="1" />
    <testcase name="SolutionSettingsProjectFilesHaveResxActions (Microsoft.Build.Evaluation.Project)" classname="Philips.PMP.Test.Auto.SolutionSettingsTest" time="0.001" status="1" />
    <testcase name="SolutionSettingsProjectFilesHaveResxActions (Microsoft.Build.Evaluation.Project)" classname="Philips.PMP.Test.Auto.SolutionSettingsTest" time="0.001" status="1" />
    <testcase name="SolutionSettingsProjectFilesHaveResxActions (Microsoft.Build.Evaluation.Project)" classname="Philips.PMP.Test.Auto.SolutionSettingsTest" time="0.001" status="1" />
    <testcase name="SolutionSettingsProjectFilesHaveResxActions (Microsoft.Build.Evaluation.Project)" classname="Philips.PMP.Test.Auto.SolutionSettingsTest" time="0.001" status="1" />
    <testcase name="SolutionSettingsProjectFilesHaveResxActions (Microsoft.Build.Evaluation.Project)" classname="Philips.PMP.Test.Auto.SolutionSettingsTest" time="0.001" status="1" />
    <testcase name="SolutionSettingsProjectFilesHaveResxActions (Microsoft.Build.Evaluation.Project)" classname="Philips.PMP.Test.Auto.SolutionSettingsTest" time="0.001" status="1" />
    <testcase name="SolutionSettingsProjectFilesHaveResxActions (Microsoft.Build.Evaluation.Project)" classname="Philips.PMP.Test.Auto.SolutionSettingsTest" time="0.001" status="1" />
    <testcase name="SolutionSettingsProjectFilesHaveResxActions (Microsoft.Build.Evaluation.Project)" classname="Philips.PMP.Test.Auto.SolutionSettingsTest" time="0.001" status="1" />
    <testcase name="SolutionSettingsProjectFilesHaveResxActions (Microsoft.Build.Evaluation.Project)" classname="Philips.PMP.Test.Auto.SolutionSettingsTest" time="0.001" status="1" />
    <testcase name="SolutionSettingsProjectFilesHaveResxActions (Microsoft.Build.Evaluation.Project)" classname="Philips.PMP.Test.Auto.SolutionSettingsTest" time="0.001" status="1" />
    <testcase name="SolutionSettingsProjectFilesHaveResxActions (Microsoft.Build.Evaluation.Project)" classname="Philips.PMP.Test.Auto.SolutionSettingsTest" time="0.001" status="1" />
    <testcase name="SolutionSettingsProjectFilesHaveResxActions (Microsoft.Build.Evaluation.Project)" classname="Philips.PMP.Test.Auto.SolutionSettingsTest" time="0.001" status="1" />
    <testcase name="SolutionSettingsProjectFilesHaveResxActions (Microsoft.Build.Evaluation.Project)" classname="Philips.PMP.Test.Auto.SolutionSettingsTest" time="0.001" status="1" />
    <testcase name="SolutionSettingsProjectFilesHaveResxActions (Microsoft.Build.Evaluation.Project)" classname="Philips.PMP.Test.Auto.SolutionSettingsTest" time="0.001" status="1" />
    <testcase name="SolutionSettingsProjectFilesHaveResxActions (Microsoft.Build.Evaluation.Project)" classname="Philips.PMP.Test.Auto.SolutionSettingsTest" time="0.001" status="1" />
    <testcase name="SolutionSettingsProjectFilesHaveResxActions (Microsoft.Build.Evaluation.Project)" classname="Philips.PMP.Test.Auto.SolutionSettingsTest" time="0.001" status="1" />
    <testcase name="SolutionSettingsProjectFilesHaveResxActions (Microsoft.Build.Evaluation.Project)" classname="Philips.PMP.Test.Auto.SolutionSettingsTest" time="0.001" status="1" />
    <testcase name="SolutionSettingsProjectFilesHaveResxActions (Microsoft.Build.Evaluation.Project)" classname="Philips.PMP.Test.Auto.SolutionSettingsTest" time="0.001" status="1" />
    <testcase name="SolutionSettingsProjectFilesHaveResxActions (Microsoft.Build.Evaluation.Project)" classname="Philips.PMP.Test.Auto.SolutionSettingsTest" time="0.001" status="1" />
    <testcase name="SolutionSettingsProjectFilesHaveResxActions (Microsoft.Build.Evaluation.Project)" classname="Philips.PMP.Test.Auto.SolutionSettingsTest" time="0.001" status="1" />
    <testcase name="SolutionSettingsProjectFilesHaveResxActions (Microsoft.Build.Evaluation.Project)" classname="Philips.PMP.Test.Auto.SolutionSettingsTest" time="0.001" status="1" />
    <testcase name="SolutionSettingsProjectFilesHaveResxActions (Microsoft.Build.Evaluation.Project)" classname="Philips.PMP.Test.Auto.SolutionSettingsTest" time="0.001" status="1" />
    <testcase name="SolutionSettingsProjectFilesHaveResxActions (Microsoft.Build.Evaluation.Project)" classname="Philips.PMP.Test.Auto.SolutionSettingsTest" time="0.001" status="1" />
    <testcase name="SolutionSettingsProjectFilesHaveResxActions (Microsoft.Build.Evaluation.Project)" classname="Philips.PMP.Test.Auto.SolutionSettingsTest" time="0.001" status="1" />
    <testcase name="SolutionSettingsProjectFilesHaveResxActions (Microsoft.Build.Evaluation.Project)" classname="Philips.PMP.Test.Auto.SolutionSettingsTest" time="0.001" status="1" />
    <testcase name="SolutionSettingsProjectFilesHaveResxActions (Microsoft.Build.Evaluation.Project)" classname="Philips.PMP.Test.Auto.SolutionSettingsTest" time="0.001" status="1" />
    <testcase name="SolutionSettingsProjectFilesHaveResxActions (Microsoft.Build.Evaluation.Project)" classname="Philips.PMP.Test.Auto.SolutionSettingsTest" time="0.001" status="1" />
    <testcase name="SolutionSettingsProjectFilesHaveResxActions (Microsoft.Build.Evaluation.Project)" classname="Philips.PMP.Test.Auto.SolutionSettingsTest" time="0.001" status="1" />
    <testcase name="SolutionSettingsProjectFilesHaveResxActions (Microsoft.Build.Evaluation.Project)" classname="Philips.PMP.Test.Auto.SolutionSettingsTest" time="0.001" status="1" />
    <testcase name="SolutionSettingsProjectFilesHaveResxActions (Microsoft.Build.Evaluation.Project)" classname="Philips.PMP.Test.Auto.SolutionSettingsTest" time="0.001" status="1" />
    <testcase name="SolutionSettingsProjectFilesHaveResxActions (Microsoft.Build.Evaluation.Project)" classname="Philips.PMP.Test.Auto.SolutionSettingsTest" time="0.001" status="1" />
    <testcase name="SolutionSettingsProjectFilesHaveResxActions (Microsoft.Build.Evaluation.Project)" classname="Philips.PMP.Test.Auto.SolutionSettingsTest" time="0.001" status="1" />
    <testcase name="SolutionSettingsProjectFilesHaveResxActions (Microsoft.Build.Evaluation.Project)" classname="Philips.PMP.Test.Auto.SolutionSettingsTest" time="0.001" status="1" />
    <testcase name="SolutionSettingsProjectFilesHaveResxActions (Microsoft.Build.Evaluation.Project)" classname="Philips.PMP.Test.Auto.SolutionSettingsTest" time="0.001" status="1" />
    <testcase name="SolutionSettingsProjectFilesHaveResxActions (Microsoft.Build.Evaluation.Project)" classname="Philips.PMP.Test.Auto.SolutionSettingsTest" time="0.001" status="1" />
    <testcase name="SolutionSettingsProjectFilesHaveResxActions (Microsoft.Build.Evaluation.Project)" classname="Philips.PMP.Test.Auto.SolutionSettingsTest" time="0.001" status="1" />
    <testcase name="SolutionSettingsProjectFilesHaveResxActions (Microsoft.Build.Evaluation.Project)" classname="Philips.PMP.Test.Auto.SolutionSettingsTest" time="0.001" status="1" />
    <testcase name="SolutionSettingsProjectFilesHaveResxActions (Microsoft.Build.Evaluation.Project)" classname="Philips.PMP.Test.Auto.SolutionSettingsTest" time="0.001" status="1" />
    <testcase name="SolutionSettingsProjectFilesHaveResxActions (Microsoft.Build.Evaluation.Project)" classname="Philips.PMP.Test.Auto.SolutionSettingsTest" time="0.001" status="1" />
    <testcase name="SolutionSettingsProjectFilesHaveResxActions (Microsoft.Build.Evaluation.Project)" classname="Philips.PMP.Test.Auto.SolutionSettingsTest" time="0.001" status="1" />
    <testcase name="SolutionSettingsProjectFilesHaveResxActions (Microsoft.Build.Evaluation.Project)" classname="Philips.PMP.Test.Auto.SolutionSettingsTest" time="0.001" status="1" />
    <testcase name="SolutionSettingsProjectFilesHaveResxActions (Microsoft.Build.Evaluation.Project)" classname="Philips.PMP.Test.Auto.SolutionSettingsTest" time="0.001" status="1" />
    <testcase name="SolutionSettingsProjectFilesHaveResxActions (Microsoft.Build.Evaluation.Project)" classname="Philips.PMP.Test.Auto.SolutionSettingsTest" time="0.001" status="1" />
    <testcase name="SolutionSettingsProjectFilesHaveResxActions (Microsoft.Build.Evaluation.Project)" classname="Philips.PMP.Test.Auto.SolutionSettingsTest" time="0.001" status="1" />
    <testcase name="SolutionSettingsProjectFilesHaveResxActions (Microsoft.Build.Evaluation.Project)" classname="Philips.PMP.Test.Auto.SolutionSettingsTest" time="0.001" status="1" />
    <testcase name="SolutionSettingsProjectFilesHaveResxActions (Microsoft.Build.Evaluation.Project)" classname="Philips.PMP.Test.Auto.SolutionSettingsTest" time="0.001" status="1" />
    <testcase name="SolutionSettingsHostProjectsHaveIconAndWinExe (Microsoft.Build.Evaluation.Project)" classname="Philips.PMP.Test.Auto.SolutionSettingsTest" time="0.001" status="1" />
    <testcase name="SolutionSettingsHostProjectsHaveIconAndWinExe (Microsoft.Build.Evaluation.Project)" classname="Philips.PMP.Test.Auto.SolutionSettingsTest" time="0.000" status="1" />
    <testcase name="SolutionSettingsHostProjectsHaveIconAndWinExe (Microsoft.Build.Evaluation.Project)" classname="Philips.PMP.Test.Auto.SolutionSettingsTest" time="0.000" status="1" />
    <testcase name="SolutionSettingsHostProjectsHaveIconAndWinExe (Microsoft.Build.Evaluation.Project)" classname="Philips.PMP.Test.Auto.SolutionSettingsTest" time="0.000" status="1" />
    <testcase name="SolutionSettingsHostProjectsHaveIconAndWinExe (Microsoft.Build.Evaluation.Project)" classname="Philips.PMP.Test.Auto.SolutionSettingsTest" time="0.000" status="1" />
    <testcase name="SolutionSettingsHostProjectsHaveIconAndWinExe (Microsoft.Build.Evaluation.Project)" classname="Philips.PMP.Test.Auto.SolutionSettingsTest" time="0.000" status="1" />
    <testcase name="SolutionSettingsHostProjectsHaveIconAndWinExe (Microsoft.Build.Evaluation.Project)" classname="Philips.PMP.Test.Auto.SolutionSettingsTest" time="0.000" status="1" />
    <testcase name="SolutionSettingsHostProjectsHaveIconAndWinExe (Microsoft.Build.Evaluation.Project)" classname="Philips.PMP.Test.Auto.SolutionSettingsTest" time="0.000" status="1" />
    <testcase name="SolutionSettingsHostProjectsHaveIconAndWinExe (Microsoft.Build.Evaluation.Project)" classname="Philips.PMP.Test.Auto.SolutionSettingsTest" time="0.004" status="1" />
    <testcase name="SolutionSettingsHostProjectsHaveIconAndWinExe (Microsoft.Build.Evaluation.Project)" classname="Philips.PMP.Test.Auto.SolutionSettingsTest" time="0.000" status="1" />
    <testcase name="SolutionSettingsHostProjectsHaveIconAndWinExe (Microsoft.Build.Evaluation.Project)" classname="Philips.PMP.Test.Auto.SolutionSettingsTest" time="0.001" status="1" />
    <testcase name="SolutionSettingsHostProjectsHaveIconAndWinExe (Microsoft.Build.Evaluation.Project)" classname="Philips.PMP.Test.Auto.SolutionSettingsTest" time="0.001" status="1" />
    <testcase name="SolutionSettingsHostProjectsHaveIconAndWinExe (Microsoft.Build.Evaluation.Project)" classname="Philips.PMP.Test.Auto.SolutionSettingsTest" time="0.000" status="1" />
    <testcase name="SolutionSettingsHostProjectsHaveIconAndWinExe (Microsoft.Build.Evaluation.Project)" classname="Philips.PMP.Test.Auto.SolutionSettingsTest" time="0.001" status="1" />
    <testcase name="SolutionSettingsHostProjectsHaveIconAndWinExe (Microsoft.Build.Evaluation.Project)" classname="Philips.PMP.Test.Auto.SolutionSettingsTest" time="0.000" status="1" />
    <testcase name="SolutionSettingsHostProjectsHaveIconAndWinExe (Microsoft.Build.Evaluation.Project)" classname="Philips.PMP.Test.Auto.SolutionSettingsTest" time="0.000" status="1" />
    <testcase name="SolutionSettingsHostProjectsHaveIconAndWinExe (Microsoft.Build.Evaluation.Project)" classname="Philips.PMP.Test.Auto.SolutionSettingsTest" time="0.000" status="1" />
    <testcase name="SolutionSettingsHostProjectsHaveIconAndWinExe (Microsoft.Build.Evaluation.Project)" classname="Philips.PMP.Test.Auto.SolutionSettingsTest" time="0.000" status="1" />
    <testcase name="SolutionSettingsHostProjectsHaveIconAndWinExe (Microsoft.Build.Evaluation.Project)" classname="Philips.PMP.Test.Auto.SolutionSettingsTest" time="0.001" status="1" />
    <testcase name="SolutionSettingsHostProjectsHaveIconAndWinExe (Microsoft.Build.Evaluation.Project)" classname="Philips.PMP.Test.Auto.SolutionSettingsTest" time="0.000" status="1" />
    <testcase name="SolutionSettingsHostProjectsHaveIconAndWinExe (Microsoft.Build.Evaluation.Project)" classname="Philips.PMP.Test.Auto.SolutionSettingsTest" time="0.000" status="1" />
    <testcase name="SolutionSettingsHostProjectsHaveIconAndWinExe (Microsoft.Build.Evaluation.Project)" classname="Philips.PMP.Test.Auto.SolutionSettingsTest" time="0.000" status="1" />
    <testcase name="SolutionSettingsHostProjectsHaveIconAndWinExe (Microsoft.Build.Evaluation.Project)" classname="Philips.PMP.Test.Auto.SolutionSettingsTest" time="0.000" status="1" />
    <testcase name="SolutionSettingsHostProjectsHaveIconAndWinExe (Microsoft.Build.Evaluation.Project)" classname="Philips.PMP.Test.Auto.SolutionSettingsTest" time="0.000" status="1" />
    <testcase name="SolutionSettingsHostProjectsHaveIconAndWinExe (Microsoft.Build.Evaluation.Project)" classname="Philips.PMP.Test.Auto.SolutionSettingsTest" time="0.001" status="1" />
    <testcase name="SolutionSettingsHostProjectsHaveIconAndWinExe (Microsoft.Build.Evaluation.Project)" classname="Philips.PMP.Test.Auto.SolutionSettingsTest" time="0.001" status="1" />
    <testcase name="SolutionSettingsHostProjectsHaveIconAndWinExe (Microsoft.Build.Evaluation.Project)" classname="Philips.PMP.Test.Auto.SolutionSettingsTest" time="0.000" status="1" />
    <testcase name="SolutionSettingsHostProjectsHaveIconAndWinExe (Microsoft.Build.Evaluation.Project)" classname="Philips.PMP.Test.Auto.SolutionSettingsTest" time="0.000" status="1" />
    <testcase name="SolutionSettingsHostProjectsHaveIconAndWinExe (Microsoft.Build.Evaluation.Project)" classname="Philips.PMP.Test.Auto.SolutionSettingsTest" time="0.000" status="1" />
    <testcase name="SolutionSettingsHostProjectsHaveIconAndWinExe (Microsoft.Build.Evaluation.Project)" classname="Philips.PMP.Test.Auto.SolutionSettingsTest" time="0.000" status="1" />
    <testcase name="SolutionSettingsHostProjectsHaveIconAndWinExe (Microsoft.Build.Evaluation.Project)" classname="Philips.PMP.Test.Auto.SolutionSettingsTest" time="0.000" status="1" />
    <testcase name="SolutionSettingsHostProjectsHaveIconAndWinExe (Microsoft.Build.Evaluation.Project)" classname="Philips.PMP.Test.Auto.SolutionSettingsTest" time="0.000" status="1" />
    <testcase name="SolutionSettingsHostProjectsHaveIconAndWinExe (Microsoft.Build.Evaluation.Project)" classname="Philips.PMP.Test.Auto.SolutionSettingsTest" time="0.000" status="1" />
    <testcase name="SolutionSettingsHostProjectsHaveIconAndWinExe (Microsoft.Build.Evaluation.Project)" classname="Philips.PMP.Test.Auto.SolutionSettingsTest" time="0.000" status="1" />
    <testcase name="SolutionSettingsHostProjectsHaveIconAndWinExe (Microsoft.Build.Evaluation.Project)" classname="Philips.PMP.Test.Auto.SolutionSettingsTest" time="0.000" status="1" />
    <testcase name="SolutionSettingsHostProjectsHaveIconAndWinExe (Microsoft.Build.Evaluation.Project)" classname="Philips.PMP.Test.Auto.SolutionSettingsTest" time="0.001" status="1" />
    <testcase name="SolutionSettingsHostProjectsHaveIconAndWinExe (Microsoft.Build.Evaluation.Project)" classname="Philips.PMP.Test.Auto.SolutionSettingsTest" time="0.000" status="1" />
    <testcase name="SolutionSettingsHostProjectsHaveIconAndWinExe (Microsoft.Build.Evaluation.Project)" classname="Philips.PMP.Test.Auto.SolutionSettingsTest" time="0.000" status="1" />
    <testcase name="SolutionSettingsHostProjectsHaveIconAndWinExe (Microsoft.Build.Evaluation.Project)" classname="Philips.PMP.Test.Auto.SolutionSettingsTest" time="0.000" status="1" />
    <testcase name="SolutionSettingsHostProjectsHaveIconAndWinExe (Microsoft.Build.Evaluation.Project)" classname="Philips.PMP.Test.Auto.SolutionSettingsTest" time="0.000" status="1" />
    <testcase name="SolutionSettingsHostProjectsHaveIconAndWinExe (Microsoft.Build.Evaluation.Project)" classname="Philips.PMP.Test.Auto.SolutionSettingsTest" time="0.000" status="1" />
    <testcase name="SolutionSettingsHostProjectsHaveIconAndWinExe (Microsoft.Build.Evaluation.Project)" classname="Philips.PMP.Test.Auto.SolutionSettingsTest" time="0.000" status="1" />
    <testcase name="SolutionSettingsHostProjectsHaveIconAndWinExe (Microsoft.Build.Evaluation.Project)" classname="Philips.PMP.Test.Auto.SolutionSettingsTest" time="0.000" status="1" />
    <testcase name="SolutionSettingsHostProjectsHaveIconAndWinExe (Microsoft.Build.Evaluation.Project)" classname="Philips.PMP.Test.Auto.SolutionSettingsTest" time="0.000" status="1" />
    <testcase name="SolutionSettingsHostProjectsHaveIconAndWinExe (Microsoft.Build.Evaluation.Project)" classname="Philips.PMP.Test.Auto.SolutionSettingsTest" time="0.000" status="1" />
    <testcase name="SolutionSettingsHostProjectsHaveIconAndWinExe (Microsoft.Build.Evaluation.Project)" classname="Philips.PMP.Test.Auto.SolutionSettingsTest" time="0.000" status="1" />
    <testcase name="SolutionSettingsHostProjectsHaveIconAndWinExe (Microsoft.Build.Evaluation.Project)" classname="Philips.PMP.Test.Auto.SolutionSettingsTest" time="0.000" status="1" />
    <testcase name="SolutionSettingsHostProjectsHaveIconAndWinExe (Microsoft.Build.Evaluation.Project)" classname="Philips.PMP.Test.Auto.SolutionSettingsTest" time="0.000" status="1" />
    <testcase name="SolutionSettingsHostProjectsHaveIconAndWinExe (Microsoft.Build.Evaluation.Project)" classname="Philips.PMP.Test.Auto.SolutionSettingsTest" time="0.000" status="1" />
    <testcase name="SolutionSettingsHostProjectsHaveIconAndWinExe (Microsoft.Build.Evaluation.Project)" classname="Philips.PMP.Test.Auto.SolutionSettingsTest" time="0.000" status="1" />
    <testcase name="SolutionSettingsHostProjectsHaveIconAndWinExe (Microsoft.Build.Evaluation.Project)" classname="Philips.PMP.Test.Auto.SolutionSettingsTest" time="0.000" status="1" />
    <testcase name="SolutionSettingsHostProjectsHaveIconAndWinExe (Microsoft.Build.Evaluation.Project)" classname="Philips.PMP.Test.Auto.SolutionSettingsTest" time="0.000" status="1" />
    <testcase name="SolutionSettingsHostProjectsHaveIconAndWinExe (Microsoft.Build.Evaluation.Project)" classname="Philips.PMP.Test.Auto.SolutionSettingsTest" time="0.000" status="1" />
    <testcase name="SolutionSettingsHostProjectsHaveIconAndWinExe (Microsoft.Build.Evaluation.Project)" classname="Philips.PMP.Test.Auto.SolutionSettingsTest" time="0.000" status="1" />
    <testcase name="SolutionSettingsHostProjectsHaveIconAndWinExe (Microsoft.Build.Evaluation.Project)" classname="Philips.PMP.Test.Auto.SolutionSettingsTest" time="0.000" status="1" />
    <testcase name="SolutionSettingsHostProjectsHaveIconAndWinExe (Microsoft.Build.Evaluation.Project)" classname="Philips.PMP.Test.Auto.SolutionSettingsTest" time="0.000" status="1" />
    <testcase name="SolutionSettingsHostProjectsHaveIconAndWinExe (Microsoft.Build.Evaluation.Project)" classname="Philips.PMP.Test.Auto.SolutionSettingsTest" time="0.000" status="1" />
    <testcase name="SolutionSettingsHostProjectsHaveIconAndWinExe (Microsoft.Build.Evaluation.Project)" classname="Philips.PMP.Test.Auto.SolutionSettingsTest" time="0.000" status="1" />
    <testcase name="SolutionSettingsHostProjectsHaveIconAndWinExe (Microsoft.Build.Evaluation.Project)" classname="Philips.PMP.Test.Auto.SolutionSettingsTest" time="0.000" status="1" />
    <testcase name="SolutionSettingsHostProjectsHaveIconAndWinExe (Microsoft.Build.Evaluation.Project)" classname="Philips.PMP.Test.Auto.SolutionSettingsTest" time="0.000" status="1" />
    <testcase name="SolutionSettingsHostProjectsHaveIconAndWinExe (Microsoft.Build.Evaluation.Project)" classname="Philips.PMP.Test.Auto.SolutionSettingsTest" time="0.000" status="1" />
    <testcase name="SolutionSettingsHostProjectsHaveIconAndWinExe (Microsoft.Build.Evaluation.Project)" classname="Philips.PMP.Test.Auto.SolutionSettingsTest" time="0.000" status="1" />
    <testcase name="SolutionSettingsHostProjectsHaveIconAndWinExe (Microsoft.Build.Evaluation.Project)" classname="Philips.PMP.Test.Auto.SolutionSettingsTest" time="0.000" status="1" />
    <testcase name="SolutionSettingsHostProjectsHaveIconAndWinExe (Microsoft.Build.Evaluation.Project)" classname="Philips.PMP.Test.Auto.SolutionSettingsTest" time="0.000" status="1" />
    <testcase name="SolutionSettingsHostProjectsHaveIconAndWinExe (Microsoft.Build.Evaluation.Project)" classname="Philips.PMP.Test.Auto.SolutionSettingsTest" time="0.000" status="1" />
    <testcase name="SolutionSettingsHostProjectsHaveIconAndWinExe (Microsoft.Build.Evaluation.Project)" classname="Philips.PMP.Test.Auto.SolutionSettingsTest" time="0.000" status="1" />
    <testcase name="SolutionSettingsHostProjectsHaveIconAndWinExe (Microsoft.Build.Evaluation.Project)" classname="Philips.PMP.Test.Auto.SolutionSettingsTest" time="0.000" status="1" />
    <testcase name="SolutionSettingsHostProjectsHaveIconAndWinExe (Microsoft.Build.Evaluation.Project)" classname="Philips.PMP.Test.Auto.SolutionSettingsTest" time="0.000" status="1" />
    <testcase name="SolutionSettingsHostProjectsHaveIconAndWinExe (Microsoft.Build.Evaluation.Project)" classname="Philips.PMP.Test.Auto.SolutionSettingsTest" time="0.000" status="1" />
    <testcase name="SolutionSettingsHostProjectsHaveIconAndWinExe (Microsoft.Build.Evaluation.Project)" classname="Philips.PMP.Test.Auto.SolutionSettingsTest" time="0.000" status="1" />
    <testcase name="SolutionSettingsHostProjectsHaveIconAndWinExe (Microsoft.Build.Evaluation.Project)" classname="Philips.PMP.Test.Auto.SolutionSettingsTest" time="0.000" status="1" />
    <testcase name="SolutionSettingsHostProjectsHaveIconAndWinExe (Microsoft.Build.Evaluation.Project)" classname="Philips.PMP.Test.Auto.SolutionSettingsTest" time="0.000" status="1" />
    <testcase name="SolutionSettingsHostProjectsHaveIconAndWinExe (Microsoft.Build.Evaluation.Project)" classname="Philips.PMP.Test.Auto.SolutionSettingsTest" time="0.000" status="1" />
    <testcase name="SolutionSettingsHostProjectsHaveIconAndWinExe (Microsoft.Build.Evaluation.Project)" classname="Philips.PMP.Test.Auto.SolutionSettingsTest" time="0.000" status="1" />
    <testcase name="SolutionSettingsHostProjectsHaveIconAndWinExe (Microsoft.Build.Evaluation.Project)" classname="Philips.PMP.Test.Auto.SolutionSettingsTest" time="0.000" status="1" />
    <testcase name="SolutionSettingsHostProjectsHaveIconAndWinExe (Microsoft.Build.Evaluation.Project)" classname="Philips.PMP.Test.Auto.SolutionSettingsTest" time="0.000" status="1" />
    <testcase name="SolutionSettingsHostProjectsHaveIconAndWinExe (Microsoft.Build.Evaluation.Project)" classname="Philips.PMP.Test.Auto.SolutionSettingsTest" time="0.000" status="1" />
    <testcase name="SolutionSettingsHostProjectsHaveIconAndWinExe (Microsoft.Build.Evaluation.Project)" classname="Philips.PMP.Test.Auto.SolutionSettingsTest" time="0.000" status="1" />
    <testcase name="SolutionSettingsHostProjectsHaveIconAndWinExe (Microsoft.Build.Evaluation.Project)" classname="Philips.PMP.Test.Auto.SolutionSettingsTest" time="0.000" status="1" />
    <testcase name="SolutionSettingsHostProjectsHaveIconAndWinExe (Microsoft.Build.Evaluation.Project)" classname="Philips.PMP.Test.Auto.SolutionSettingsTest" time="0.000" status="1" />
    <testcase name="SolutionSettingsHostProjectsHaveIconAndWinExe (Microsoft.Build.Evaluation.Project)" classname="Philips.PMP.Test.Auto.SolutionSettingsTest" time="0.000" status="1" />
    <testcase name="SolutionSettingsHostProjectsHaveIconAndWinExe (Microsoft.Build.Evaluation.Project)" classname="Philips.PMP.Test.Auto.SolutionSettingsTest" time="0.000" status="1" />
    <testcase name="SolutionSettingsHostProjectsHaveIconAndWinExe (Microsoft.Build.Evaluation.Project)" classname="Philips.PMP.Test.Auto.SolutionSettingsTest" time="0.000" status="1" />
    <testcase name="SolutionSettingsHostProjectsHaveIconAndWinExe (Microsoft.Build.Evaluation.Project)" classname="Philips.PMP.Test.Auto.SolutionSettingsTest" time="0.000" status="1" />
    <testcase name="SolutionSettingsHostProjectsHaveIconAndWinExe (Microsoft.Build.Evaluation.Project)" classname="Philips.PMP.Test.Auto.SolutionSettingsTest" time="0.000" status="1" />
    <testcase name="SolutionSettingsHostProjectsHaveIconAndWinExe (Microsoft.Build.Evaluation.Project)" classname="Philips.PMP.Test.Auto.SolutionSettingsTest" time="0.000" status="1" />
    <testcase name="SolutionSettingsHostProjectsHaveIconAndWinExe (Microsoft.Build.Evaluation.Project)" classname="Philips.PMP.Test.Auto.SolutionSettingsTest" time="0.000" status="1" />
    <testcase name="SolutionSettingsHostProjectsHaveIconAndWinExe (Microsoft.Build.Evaluation.Project)" classname="Philips.PMP.Test.Auto.SolutionSettingsTest" time="0.000" status="1" />
    <testcase name="SolutionSettingsHostProjectsHaveIconAndWinExe (Microsoft.Build.Evaluation.Project)" classname="Philips.PMP.Test.Auto.SolutionSettingsTest" time="0.000" status="1" />
    <testcase name="SolutionSettingsHostProjectsHaveIconAndWinExe (Microsoft.Build.Evaluation.Project)" classname="Philips.PMP.Test.Auto.SolutionSettingsTest" time="0.000" status="1" />
    <testcase name="SolutionSettingsHostProjectsHaveIconAndWinExe (Microsoft.Build.Evaluation.Project)" classname="Philips.PMP.Test.Auto.SolutionSettingsTest" time="0.000" status="1" />
    <testcase name="SolutionSettingsHostProjectsHaveIconAndWinExe (Microsoft.Build.Evaluation.Project)" classname="Philips.PMP.Test.Auto.SolutionSettingsTest" time="0.000" status="1" />
    <testcase name="SolutionSettingsHostProjectsHaveIconAndWinExe (Microsoft.Build.Evaluation.Project)" classname="Philips.PMP.Test.Auto.SolutionSettingsTest" time="0.000" status="1" />
    <testcase name="SolutionSettingsHostProjectsHaveIconAndWinExe (Microsoft.Build.Evaluation.Project)" classname="Philips.PMP.Test.Auto.SolutionSettingsTest" time="0.000" status="1" />
    <testcase name="SolutionSettingsHostProjectsHaveIconAndWinExe (Microsoft.Build.Evaluation.Project)" classname="Philips.PMP.Test.Auto.SolutionSettingsTest" time="0.000" status="1" />
    <testcase name="StrongNameKeyDeployedTest" classname="Philips.PMP.Test.Auto.SolutionSettingsTest" time="0.001" status="1" />
    <testcase name="SolutionSettingsAnyCpu" classname="Philips.PMP.Test.Auto.SolutionSettingsTest" time="0.001" status="1" />
    <testcase name="HintPathTest" classname="Philips.PMP.Test.Auto.SolutionSettingsTest" time="0.315" status="1" />
    <testcase name="SolutionFileHasTfsServerWithFqdn" classname="Philips.PMP.Test.Auto.SolutionSettingsTest" time="0.001" status="1" />
    <testcase name="SolutionSettingsAllProjectsCommonReferences (Microsoft.Build.Evaluation.Project)" classname="Philips.PMP.Test.Auto.SolutionSettingsTest" time="0.005" status="1" />
    <testcase name="SolutionSettingsAllProjectsCommonReferences (Microsoft.Build.Evaluation.Project)" classname="Philips.PMP.Test.Auto.SolutionSettingsTest" time="0.001" status="1" />
    <testcase name="SolutionSettingsAllProjectsCommonReferences (Microsoft.Build.Evaluation.Project)" classname="Philips.PMP.Test.Auto.SolutionSettingsTest" time="0.001" status="1" />
    <testcase name="SolutionSettingsAllProjectsCommonReferences (Microsoft.Build.Evaluation.Project)" classname="Philips.PMP.Test.Auto.SolutionSettingsTest" time="0.001" status="1" />
    <testcase name="SolutionSettingsAllProjectsCommonReferences (Microsoft.Build.Evaluation.Project)" classname="Philips.PMP.Test.Auto.SolutionSettingsTest" time="0.001" status="1" />
    <testcase name="SolutionSettingsAllProjectsCommonReferences (Microsoft.Build.Evaluation.Project)" classname="Philips.PMP.Test.Auto.SolutionSettingsTest" time="0.001" status="1" />
    <testcase name="SolutionSettingsAllProjectsCommonReferences (Microsoft.Build.Evaluation.Project)" classname="Philips.PMP.Test.Auto.SolutionSettingsTest" time="0.001" status="1" />
    <testcase name="SolutionSettingsAllProjectsCommonReferences (Microsoft.Build.Evaluation.Project)" classname="Philips.PMP.Test.Auto.SolutionSettingsTest" time="0.001" status="1" />
    <testcase name="SolutionSettingsAllProjectsCommonReferences (Microsoft.Build.Evaluation.Project)" classname="Philips.PMP.Test.Auto.SolutionSettingsTest" time="0.001" status="1" />
    <testcase name="SolutionSettingsAllProjectsCommonReferences (Microsoft.Build.Evaluation.Project)" classname="Philips.PMP.Test.Auto.SolutionSettingsTest" time="0.001" status="1" />
    <testcase name="SolutionSettingsAllProjectsCommonReferences (Microsoft.Build.Evaluation.Project)" classname="Philips.PMP.Test.Auto.SolutionSettingsTest" time="0.001" status="1" />
    <testcase name="SolutionSettingsAllProjectsCommonReferences (Microsoft.Build.Evaluation.Project)" classname="Philips.PMP.Test.Auto.SolutionSettingsTest" time="0.000" status="1" />
    <testcase name="SolutionSettingsAllProjectsCommonReferences (Microsoft.Build.Evaluation.Project)" classname="Philips.PMP.Test.Auto.SolutionSettingsTest" time="0.001" status="1" />
    <testcase name="SolutionSettingsAllProjectsCommonReferences (Microsoft.Build.Evaluation.Project)" classname="Philips.PMP.Test.Auto.SolutionSettingsTest" time="0.001" status="1" />
    <testcase name="SolutionSettingsAllProjectsCommonReferences (Microsoft.Build.Evaluation.Project)" classname="Philips.PMP.Test.Auto.SolutionSettingsTest" time="0.001" status="1" />
    <testcase name="SolutionSettingsAllProjectsCommonReferences (Microsoft.Build.Evaluation.Project)" classname="Philips.PMP.Test.Auto.SolutionSettingsTest" time="0.001" status="1" />
    <testcase name="SolutionSettingsAllProjectsCommonReferences (Microsoft.Build.Evaluation.Project)" classname="Philips.PMP.Test.Auto.SolutionSettingsTest" time="0.001" status="1" />
    <testcase name="SolutionSettingsAllProjectsCommonReferences (Microsoft.Build.Evaluation.Project)" classname="Philips.PMP.Test.Auto.SolutionSettingsTest" time="0.001" status="1" />
    <testcase name="SolutionSettingsAllProjectsCommonReferences (Microsoft.Build.Evaluation.Project)" classname="Philips.PMP.Test.Auto.SolutionSettingsTest" time="0.001" status="1" />
    <testcase name="SolutionSettingsAllProjectsCommonReferences (Microsoft.Build.Evaluation.Project)" classname="Philips.PMP.Test.Auto.SolutionSettingsTest" time="0.001" status="1" />
    <testcase name="SolutionSettingsAllProjectsCommonReferences (Microsoft.Build.Evaluation.Project)" classname="Philips.PMP.Test.Auto.SolutionSettingsTest" time="0.000" status="1" />
    <testcase name="SolutionSettingsAllProjectsCommonReferences (Microsoft.Build.Evaluation.Project)" classname="Philips.PMP.Test.Auto.SolutionSettingsTest" time="0.001" status="1" />
    <testcase name="SolutionSettingsAllProjectsCommonReferences (Microsoft.Build.Evaluation.Project)" classname="Philips.PMP.Test.Auto.SolutionSettingsTest" time="0.001" status="1" />
    <testcase name="SolutionSettingsAllProjectsCommonReferences (Microsoft.Build.Evaluation.Project)" classname="Philips.PMP.Test.Auto.SolutionSettingsTest" time="0.001" status="1" />
    <testcase name="SolutionSettingsAllProjectsCommonReferences (Microsoft.Build.Evaluation.Project)" classname="Philips.PMP.Test.Auto.SolutionSettingsTest" time="0.001" status="1" />
    <testcase name="SolutionSettingsAllProjectsCommonReferences (Microsoft.Build.Evaluation.Project)" classname="Philips.PMP.Test.Auto.SolutionSettingsTest" time="0.001" status="1" />
    <testcase name="SolutionSettingsAllProjectsCommonReferences (Microsoft.Build.Evaluation.Project)" classname="Philips.PMP.Test.Auto.SolutionSettingsTest" time="0.000" status="1" />
    <testcase name="SolutionSettingsAllProjectsCommonReferences (Microsoft.Build.Evaluation.Project)" classname="Philips.PMP.Test.Auto.SolutionSettingsTest" time="0.001" status="1" />
    <testcase name="SolutionSettingsAllProjectsCommonReferences (Microsoft.Build.Evaluation.Project)" classname="Philips.PMP.Test.Auto.SolutionSettingsTest" time="0.000" status="1" />
    <testcase name="SolutionSettingsAllProjectsCommonReferences (Microsoft.Build.Evaluation.Project)" classname="Philips.PMP.Test.Auto.SolutionSettingsTest" time="0.001" status="1" />
    <testcase name="SolutionSettingsAllProjectsCommonReferences (Microsoft.Build.Evaluation.Project)" classname="Philips.PMP.Test.Auto.SolutionSettingsTest" time="0.000" status="1" />
    <testcase name="SolutionSettingsAllProjectsCommonReferences (Microsoft.Build.Evaluation.Project)" classname="Philips.PMP.Test.Auto.SolutionSettingsTest" time="0.001" status="1" />
    <testcase name="SolutionSettingsAllProjectsCommonReferences (Microsoft.Build.Evaluation.Project)" classname="Philips.PMP.Test.Auto.SolutionSettingsTest" time="0.001" status="1" />
    <testcase name="SolutionSettingsAllProjectsCommonReferences (Microsoft.Build.Evaluation.Project)" classname="Philips.PMP.Test.Auto.SolutionSettingsTest" time="0.001" status="1" />
    <testcase name="SolutionSettingsAllProjectsCommonReferences (Microsoft.Build.Evaluation.Project)" classname="Philips.PMP.Test.Auto.SolutionSettingsTest" time="0.001" status="1" />
    <testcase name="SolutionSettingsAllProjectsCommonReferences (Microsoft.Build.Evaluation.Project)" classname="Philips.PMP.Test.Auto.SolutionSettingsTest" time="0.001" status="1" />
    <testcase name="SolutionSettingsAllProjectsCommonReferences (Microsoft.Build.Evaluation.Project)" classname="Philips.PMP.Test.Auto.SolutionSettingsTest" time="0.000" status="1" />
    <testcase name="SolutionSettingsAllProjectsCommonReferences (Microsoft.Build.Evaluation.Project)" classname="Philips.PMP.Test.Auto.SolutionSettingsTest" time="0.001" status="1" />
    <testcase name="SolutionSettingsAllProjectsCommonReferences (Microsoft.Build.Evaluation.Project)" classname="Philips.PMP.Test.Auto.SolutionSettingsTest" time="0.000" status="1" />
    <testcase name="SolutionSettingsAllProjectsCommonReferences (Microsoft.Build.Evaluation.Project)" classname="Philips.PMP.Test.Auto.SolutionSettingsTest" time="0.001" status="1" />
    <testcase name="SolutionSettingsAllProjectsCommonReferences (Microsoft.Build.Evaluation.Project)" classname="Philips.PMP.Test.Auto.SolutionSettingsTest" time="0.001" status="1" />
    <testcase name="SolutionSettingsAllProjectsCommonReferences (Microsoft.Build.Evaluation.Project)" classname="Philips.PMP.Test.Auto.SolutionSettingsTest" time="0.001" status="1" />
    <testcase name="SolutionSettingsAllProjectsCommonReferences (Microsoft.Build.Evaluation.Project)" classname="Philips.PMP.Test.Auto.SolutionSettingsTest" time="0.001" status="1" />
    <testcase name="SolutionSettingsAllProjectsCommonReferences (Microsoft.Build.Evaluation.Project)" classname="Philips.PMP.Test.Auto.SolutionSettingsTest" time="0.001" status="1" />
    <testcase name="SolutionSettingsAllProjectsCommonReferences (Microsoft.Build.Evaluation.Project)" classname="Philips.PMP.Test.Auto.SolutionSettingsTest" time="0.001" status="1" />
    <testcase name="SolutionSettingsAllProjectsCommonReferences (Microsoft.Build.Evaluation.Project)" classname="Philips.PMP.Test.Auto.SolutionSettingsTest" time="0.001" status="1" />
    <testcase name="SolutionSettingsAllProjectsCommonReferences (Microsoft.Build.Evaluation.Project)" classname="Philips.PMP.Test.Auto.SolutionSettingsTest" time="0.001" status="1" />
    <testcase name="SolutionSettingsAllProjectsCommonReferences (Microsoft.Build.Evaluation.Project)" classname="Philips.PMP.Test.Auto.SolutionSettingsTest" time="0.001" status="1" />
    <testcase name="SolutionSettingsAllProjectsCommonReferences (Microsoft.Build.Evaluation.Project)" classname="Philips.PMP.Test.Auto.SolutionSettingsTest" time="0.001" status="1" />
    <testcase name="SolutionSettingsAllProjectsCommonReferences (Microsoft.Build.Evaluation.Project)" classname="Philips.PMP.Test.Auto.SolutionSettingsTest" time="0.000" status="1" />
    <testcase name="SolutionSettingsAllProjectsCommonReferences (Microsoft.Build.Evaluation.Project)" classname="Philips.PMP.Test.Auto.SolutionSettingsTest" time="0.001" status="1" />
    <testcase name="SolutionSettingsAllProjectsCommonReferences (Microsoft.Build.Evaluation.Project)" classname="Philips.PMP.Test.Auto.SolutionSettingsTest" time="0.001" status="1" />
    <testcase name="SolutionSettingsAllProjectsCommonReferences (Microsoft.Build.Evaluation.Project)" classname="Philips.PMP.Test.Auto.SolutionSettingsTest" time="0.001" status="1" />
    <testcase name="SolutionSettingsAllProjectsCommonReferences (Microsoft.Build.Evaluation.Project)" classname="Philips.PMP.Test.Auto.SolutionSettingsTest" time="0.001" status="1" />
    <testcase name="SolutionSettingsAllProjectsCommonReferences (Microsoft.Build.Evaluation.Project)" classname="Philips.PMP.Test.Auto.SolutionSettingsTest" time="0.000" status="1" />
    <testcase name="SolutionSettingsAllProjectsCommonReferences (Microsoft.Build.Evaluation.Project)" classname="Philips.PMP.Test.Auto.SolutionSettingsTest" time="0.000" status="1" />
    <testcase name="SolutionSettingsAllProjectsCommonReferences (Microsoft.Build.Evaluation.Project)" classname="Philips.PMP.Test.Auto.SolutionSettingsTest" time="0.000" status="1" />
    <testcase name="SolutionSettingsAllProjectsCommonReferences (Microsoft.Build.Evaluation.Project)" classname="Philips.PMP.Test.Auto.SolutionSettingsTest" time="0.001" status="1" />
    <testcase name="SolutionSettingsAllProjectsCommonReferences (Microsoft.Build.Evaluation.Project)" classname="Philips.PMP.Test.Auto.SolutionSettingsTest" time="0.001" status="1" />
    <testcase name="SolutionSettingsAllProjectsCommonReferences (Microsoft.Build.Evaluation.Project)" classname="Philips.PMP.Test.Auto.SolutionSettingsTest" time="0.001" status="1" />
    <testcase name="SolutionSettingsAllProjectsCommonReferences (Microsoft.Build.Evaluation.Project)" classname="Philips.PMP.Test.Auto.SolutionSettingsTest" time="0.001" status="1" />
    <testcase name="SolutionSettingsAllProjectsCommonReferences (Microsoft.Build.Evaluation.Project)" classname="Philips.PMP.Test.Auto.SolutionSettingsTest" time="0.001" status="1" />
    <testcase name="SolutionSettingsAllProjectsCommonReferences (Microsoft.Build.Evaluation.Project)" classname="Philips.PMP.Test.Auto.SolutionSettingsTest" time="0.000" status="1" />
    <testcase name="SolutionSettingsAllProjectsCommonReferences (Microsoft.Build.Evaluation.Project)" classname="Philips.PMP.Test.Auto.SolutionSettingsTest" time="0.000" status="1" />
    <testcase name="SolutionSettingsAllProjectsCommonReferences (Microsoft.Build.Evaluation.Project)" classname="Philips.PMP.Test.Auto.SolutionSettingsTest" time="0.001" status="1" />
    <testcase name="SolutionSettingsAllProjectsCommonReferences (Microsoft.Build.Evaluation.Project)" classname="Philips.PMP.Test.Auto.SolutionSettingsTest" time="0.000" status="1" />
    <testcase name="SolutionSettingsAllProjectsCommonReferences (Microsoft.Build.Evaluation.Project)" classname="Philips.PMP.Test.Auto.SolutionSettingsTest" time="0.000" status="1" />
    <testcase name="SolutionSettingsAllProjectsCommonReferences (Microsoft.Build.Evaluation.Project)" classname="Philips.PMP.Test.Auto.SolutionSettingsTest" time="0.001" status="1" />
    <testcase name="SolutionSettingsAllProjectsCommonReferences (Microsoft.Build.Evaluation.Project)" classname="Philips.PMP.Test.Auto.SolutionSettingsTest" time="0.001" status="1" />
    <testcase name="SolutionSettingsAllProjectsCommonReferences (Microsoft.Build.Evaluation.Project)" classname="Philips.PMP.Test.Auto.SolutionSettingsTest" time="0.001" status="1" />
    <testcase name="SolutionSettingsAllProjectsCommonReferences (Microsoft.Build.Evaluation.Project)" classname="Philips.PMP.Test.Auto.SolutionSettingsTest" time="0.001" status="1" />
    <testcase name="SolutionSettingsAllProjectsCommonReferences (Microsoft.Build.Evaluation.Project)" classname="Philips.PMP.Test.Auto.SolutionSettingsTest" time="0.001" status="1" />
    <testcase name="SolutionSettingsAllProjectsCommonReferences (Microsoft.Build.Evaluation.Project)" classname="Philips.PMP.Test.Auto.SolutionSettingsTest" time="0.001" status="1" />
    <testcase name="SolutionSettingsAllProjectsCommonReferences (Microsoft.Build.Evaluation.Project)" classname="Philips.PMP.Test.Auto.SolutionSettingsTest" time="0.001" status="1" />
    <testcase name="SolutionSettingsAllProjectsCommonReferences (Microsoft.Build.Evaluation.Project)" classname="Philips.PMP.Test.Auto.SolutionSettingsTest" time="0.000" status="1" />
    <testcase name="SolutionSettingsAllProjectsCommonReferences (Microsoft.Build.Evaluation.Project)" classname="Philips.PMP.Test.Auto.SolutionSettingsTest" time="0.001" status="1" />
    <testcase name="SolutionSettingsAllProjectsCommonReferences (Microsoft.Build.Evaluation.Project)" classname="Philips.PMP.Test.Auto.SolutionSettingsTest" time="0.001" status="1" />
    <testcase name="SolutionSettingsAllProjectsCommonReferences (Microsoft.Build.Evaluation.Project)" classname="Philips.PMP.Test.Auto.SolutionSettingsTest" time="0.000" status="1" />
    <testcase name="SolutionSettingsAllProjectsCommonReferences (Microsoft.Build.Evaluation.Project)" classname="Philips.PMP.Test.Auto.SolutionSettingsTest" time="0.000" status="1" />
    <testcase name="SolutionSettingsAllProjectsCommonReferences (Microsoft.Build.Evaluation.Project)" classname="Philips.PMP.Test.Auto.SolutionSettingsTest" time="0.001" status="1" />
    <testcase name="SolutionSettingsAllProjectsCommonReferences (Microsoft.Build.Evaluation.Project)" classname="Philips.PMP.Test.Auto.SolutionSettingsTest" time="0.002" status="1" />
    <testcase name="SolutionSettingsAllProjectsCommonReferences (Microsoft.Build.Evaluation.Project)" classname="Philips.PMP.Test.Auto.SolutionSettingsTest" time="0.002" status="1" />
    <testcase name="SolutionSettingsAllProjectsCommonReferences (Microsoft.Build.Evaluation.Project)" classname="Philips.PMP.Test.Auto.SolutionSettingsTest" time="0.001" status="1" />
    <testcase name="SolutionSettingsAllProjectsCommonReferences (Microsoft.Build.Evaluation.Project)" classname="Philips.PMP.Test.Auto.SolutionSettingsTest" time="0.001" status="1" />
    <testcase name="SolutionSettingsAllProjectsCommonReferences (Microsoft.Build.Evaluation.Project)" classname="Philips.PMP.Test.Auto.SolutionSettingsTest" time="0.001" status="1" />
    <testcase name="SolutionSettingsAllProjectsCommonReferences (Microsoft.Build.Evaluation.Project)" classname="Philips.PMP.Test.Auto.SolutionSettingsTest" time="0.001" status="1" />
    <testcase name="SolutionSettingsAllProjectsCommonReferences (Microsoft.Build.Evaluation.Project)" classname="Philips.PMP.Test.Auto.SolutionSettingsTest" time="0.001" status="1" />
    <testcase name="SolutionSettingsAllProjectsCommonReferences (Microsoft.Build.Evaluation.Project)" classname="Philips.PMP.Test.Auto.SolutionSettingsTest" time="0.001" status="1" />
    <testcase name="SolutionSettingsAllProjectsCommonReferences (Microsoft.Build.Evaluation.Project)" classname="Philips.PMP.Test.Auto.SolutionSettingsTest" time="0.001" status="1" />
    <testcase name="SolutionSettingsAllProjectsCommonReferences (Microsoft.Build.Evaluation.Project)" classname="Philips.PMP.Test.Auto.SolutionSettingsTest" time="0.001" status="1" />
    <testcase name="SolutionSettingsAllProjectsCommonReferences (Microsoft.Build.Evaluation.Project)" classname="Philips.PMP.Test.Auto.SolutionSettingsTest" time="0.001" status="1" />
    <testcase name="SolutionSettingsAllProjectsCommonReferences (Microsoft.Build.Evaluation.Project)" classname="Philips.PMP.Test.Auto.SolutionSettingsTest" time="0.001" status="1" />
    <testcase name="SolutionSettingsAllProjectsCommonReferences (Microsoft.Build.Evaluation.Project)" classname="Philips.PMP.Test.Auto.SolutionSettingsTest" time="0.001" status="1" />
    <testcase name="SolutionSettingsAllProjectsCommonReferences (Microsoft.Build.Evaluation.Project)" classname="Philips.PMP.Test.Auto.SolutionSettingsTest" time="0.001" status="1" />
    <testcase name="SolutionSettingsAllProjectsCommonReferences (Microsoft.Build.Evaluation.Project)" classname="Philips.PMP.Test.Auto.SolutionSettingsTest" time="0.001" status="1" />
    <testcase name="SolutionSettingsVerifyCopyIfNewerOnly (Microsoft.Build.Evaluation.Project)" classname="Philips.PMP.Test.Auto.SolutionSettingsTest" time="0.003" status="1" />
    <testcase name="SolutionSettingsVerifyCopyIfNewerOnly (Microsoft.Build.Evaluation.Project)" classname="Philips.PMP.Test.Auto.SolutionSettingsTest" time="0.001" status="1" />
    <testcase name="SolutionSettingsVerifyCopyIfNewerOnly (Microsoft.Build.Evaluation.Project)" classname="Philips.PMP.Test.Auto.SolutionSettingsTest" time="0.001" status="1" />
    <testcase name="SolutionSettingsVerifyCopyIfNewerOnly (Microsoft.Build.Evaluation.Project)" classname="Philips.PMP.Test.Auto.SolutionSettingsTest" time="0.001" status="1" />
    <testcase name="SolutionSettingsVerifyCopyIfNewerOnly (Microsoft.Build.Evaluation.Project)" classname="Philips.PMP.Test.Auto.SolutionSettingsTest" time="0.001" status="1" />
    <testcase name="SolutionSettingsVerifyCopyIfNewerOnly (Microsoft.Build.Evaluation.Project)" classname="Philips.PMP.Test.Auto.SolutionSettingsTest" time="0.000" status="1" />
    <testcase name="SolutionSettingsVerifyCopyIfNewerOnly (Microsoft.Build.Evaluation.Project)" classname="Philips.PMP.Test.Auto.SolutionSettingsTest" time="0.000" status="1" />
    <testcase name="SolutionSettingsVerifyCopyIfNewerOnly (Microsoft.Build.Evaluation.Project)" classname="Philips.PMP.Test.Auto.SolutionSettingsTest" time="0.002" status="1" />
    <testcase name="SolutionSettingsVerifyCopyIfNewerOnly (Microsoft.Build.Evaluation.Project)" classname="Philips.PMP.Test.Auto.SolutionSettingsTest" time="0.000" status="1" />
    <testcase name="SolutionSettingsVerifyCopyIfNewerOnly (Microsoft.Build.Evaluation.Project)" classname="Philips.PMP.Test.Auto.SolutionSettingsTest" time="0.001" status="1" />
    <testcase name="SolutionSettingsVerifyCopyIfNewerOnly (Microsoft.Build.Evaluation.Project)" classname="Philips.PMP.Test.Auto.SolutionSettingsTest" time="0.001" status="1" />
    <testcase name="SolutionSettingsVerifyCopyIfNewerOnly (Microsoft.Build.Evaluation.Project)" classname="Philips.PMP.Test.Auto.SolutionSettingsTest" time="0.000" status="1" />
    <testcase name="SolutionSettingsVerifyCopyIfNewerOnly (Microsoft.Build.Evaluation.Project)" classname="Philips.PMP.Test.Auto.SolutionSettingsTest" time="0.001" status="1" />
    <testcase name="SolutionSettingsVerifyCopyIfNewerOnly (Microsoft.Build.Evaluation.Project)" classname="Philips.PMP.Test.Auto.SolutionSettingsTest" time="0.000" status="1" />
    <testcase name="SolutionSettingsVerifyCopyIfNewerOnly (Microsoft.Build.Evaluation.Project)" classname="Philips.PMP.Test.Auto.SolutionSettingsTest" time="0.001" status="1" />
    <testcase name="SolutionSettingsVerifyCopyIfNewerOnly (Microsoft.Build.Evaluation.Project)" classname="Philips.PMP.Test.Auto.SolutionSettingsTest" time="0.001" status="1" />
    <testcase name="SolutionSettingsVerifyCopyIfNewerOnly (Microsoft.Build.Evaluation.Project)" classname="Philips.PMP.Test.Auto.SolutionSettingsTest" time="0.001" status="1" />
    <testcase name="SolutionSettingsVerifyCopyIfNewerOnly (Microsoft.Build.Evaluation.Project)" classname="Philips.PMP.Test.Auto.SolutionSettingsTest" time="0.000" status="1" />
    <testcase name="SolutionSettingsVerifyCopyIfNewerOnly (Microsoft.Build.Evaluation.Project)" classname="Philips.PMP.Test.Auto.SolutionSettingsTest" time="0.001" status="1" />
    <testcase name="SolutionSettingsVerifyCopyIfNewerOnly (Microsoft.Build.Evaluation.Project)" classname="Philips.PMP.Test.Auto.SolutionSettingsTest" time="0.001" status="1" />
    <testcase name="SolutionSettingsVerifyCopyIfNewerOnly (Microsoft.Build.Evaluation.Project)" classname="Philips.PMP.Test.Auto.SolutionSettingsTest" time="0.000" status="1" />
    <testcase name="SolutionSettingsVerifyCopyIfNewerOnly (Microsoft.Build.Evaluation.Project)" classname="Philips.PMP.Test.Auto.SolutionSettingsTest" time="0.001" status="1" />
    <testcase name="SolutionSettingsVerifyCopyIfNewerOnly (Microsoft.Build.Evaluation.Project)" classname="Philips.PMP.Test.Auto.SolutionSettingsTest" time="0.003" status="1" />
    <testcase name="SolutionSettingsVerifyCopyIfNewerOnly (Microsoft.Build.Evaluation.Project)" classname="Philips.PMP.Test.Auto.SolutionSettingsTest" time="0.001" status="1" />
    <testcase name="SolutionSettingsVerifyCopyIfNewerOnly (Microsoft.Build.Evaluation.Project)" classname="Philips.PMP.Test.Auto.SolutionSettingsTest" time="0.000" status="1" />
    <testcase name="SolutionSettingsVerifyCopyIfNewerOnly (Microsoft.Build.Evaluation.Project)" classname="Philips.PMP.Test.Auto.SolutionSettingsTest" time="0.000" status="1" />
    <testcase name="SolutionSettingsVerifyCopyIfNewerOnly (Microsoft.Build.Evaluation.Project)" classname="Philips.PMP.Test.Auto.SolutionSettingsTest" time="0.000" status="1" />
    <testcase name="SolutionSettingsVerifyCopyIfNewerOnly (Microsoft.Build.Evaluation.Project)" classname="Philips.PMP.Test.Auto.SolutionSettingsTest" time="0.001" status="1" />
    <testcase name="SolutionSettingsVerifyCopyIfNewerOnly (Microsoft.Build.Evaluation.Project)" classname="Philips.PMP.Test.Auto.SolutionSettingsTest" time="0.001" status="1" />
    <testcase name="SolutionSettingsVerifyCopyIfNewerOnly (Microsoft.Build.Evaluation.Project)" classname="Philips.PMP.Test.Auto.SolutionSettingsTest" time="0.001" status="1" />
    <testcase name="SolutionSettingsVerifyCopyIfNewerOnly (Microsoft.Build.Evaluation.Project)" classname="Philips.PMP.Test.Auto.SolutionSettingsTest" time="0.001" status="1" />
    <testcase name="SolutionSettingsVerifyCopyIfNewerOnly (Microsoft.Build.Evaluation.Project)" classname="Philips.PMP.Test.Auto.SolutionSettingsTest" time="0.001" status="1" />
    <testcase name="SolutionSettingsVerifyCopyIfNewerOnly (Microsoft.Build.Evaluation.Project)" classname="Philips.PMP.Test.Auto.SolutionSettingsTest" time="0.001" status="1" />
    <testcase name="SolutionSettingsVerifyCopyIfNewerOnly (Microsoft.Build.Evaluation.Project)" classname="Philips.PMP.Test.Auto.SolutionSettingsTest" time="0.001" status="1" />
    <testcase name="SolutionSettingsVerifyCopyIfNewerOnly (Microsoft.Build.Evaluation.Project)" classname="Philips.PMP.Test.Auto.SolutionSettingsTest" time="0.001" status="1" />
    <testcase name="SolutionSettingsVerifyCopyIfNewerOnly (Microsoft.Build.Evaluation.Project)" classname="Philips.PMP.Test.Auto.SolutionSettingsTest" time="0.001" status="1" />
    <testcase name="SolutionSettingsVerifyCopyIfNewerOnly (Microsoft.Build.Evaluation.Project)" classname="Philips.PMP.Test.Auto.SolutionSettingsTest" time="0.000" status="1" />
    <testcase name="SolutionSettingsVerifyCopyIfNewerOnly (Microsoft.Build.Evaluation.Project)" classname="Philips.PMP.Test.Auto.SolutionSettingsTest" time="0.000" status="1" />
    <testcase name="SolutionSettingsVerifyCopyIfNewerOnly (Microsoft.Build.Evaluation.Project)" classname="Philips.PMP.Test.Auto.SolutionSettingsTest" time="0.000" status="1" />
    <testcase name="SolutionSettingsVerifyCopyIfNewerOnly (Microsoft.Build.Evaluation.Project)" classname="Philips.PMP.Test.Auto.SolutionSettingsTest" time="0.000" status="1" />
    <testcase name="SolutionSettingsVerifyCopyIfNewerOnly (Microsoft.Build.Evaluation.Project)" classname="Philips.PMP.Test.Auto.SolutionSettingsTest" time="0.001" status="1" />
    <testcase name="SolutionSettingsVerifyCopyIfNewerOnly (Microsoft.Build.Evaluation.Project)" classname="Philips.PMP.Test.Auto.SolutionSettingsTest" time="0.000" status="1" />
    <testcase name="SolutionSettingsVerifyCopyIfNewerOnly (Microsoft.Build.Evaluation.Project)" classname="Philips.PMP.Test.Auto.SolutionSettingsTest" time="0.001" status="1" />
    <testcase name="SolutionSettingsVerifyCopyIfNewerOnly (Microsoft.Build.Evaluation.Project)" classname="Philips.PMP.Test.Auto.SolutionSettingsTest" time="0.001" status="1" />
    <testcase name="SolutionSettingsVerifyCopyIfNewerOnly (Microsoft.Build.Evaluation.Project)" classname="Philips.PMP.Test.Auto.SolutionSettingsTest" time="0.001" status="1" />
    <testcase name="SolutionSettingsVerifyCopyIfNewerOnly (Microsoft.Build.Evaluation.Project)" classname="Philips.PMP.Test.Auto.SolutionSettingsTest" time="0.001" status="1" />
    <testcase name="SolutionSettingsVerifyCopyIfNewerOnly (Microsoft.Build.Evaluation.Project)" classname="Philips.PMP.Test.Auto.SolutionSettingsTest" time="0.001" status="1" />
    <testcase name="SolutionSettingsVerifyCopyIfNewerOnly (Microsoft.Build.Evaluation.Project)" classname="Philips.PMP.Test.Auto.SolutionSettingsTest" time="0.001" status="1" />
    <testcase name="SolutionSettingsVerifyCopyIfNewerOnly (Microsoft.Build.Evaluation.Project)" classname="Philips.PMP.Test.Auto.SolutionSettingsTest" time="0.001" status="1" />
    <testcase name="SolutionSettingsVerifyCopyIfNewerOnly (Microsoft.Build.Evaluation.Project)" classname="Philips.PMP.Test.Auto.SolutionSettingsTest" time="0.001" status="1" />
    <testcase name="SolutionSettingsVerifyCopyIfNewerOnly (Microsoft.Build.Evaluation.Project)" classname="Philips.PMP.Test.Auto.SolutionSettingsTest" time="0.001" status="1" />
    <testcase name="SolutionSettingsVerifyCopyIfNewerOnly (Microsoft.Build.Evaluation.Project)" classname="Philips.PMP.Test.Auto.SolutionSettingsTest" time="0.001" status="1" />
    <testcase name="SolutionSettingsVerifyCopyIfNewerOnly (Microsoft.Build.Evaluation.Project)" classname="Philips.PMP.Test.Auto.SolutionSettingsTest" time="0.001" status="1" />
    <testcase name="SolutionSettingsVerifyCopyIfNewerOnly (Microsoft.Build.Evaluation.Project)" classname="Philips.PMP.Test.Auto.SolutionSettingsTest" time="0.001" status="1" />
    <testcase name="SolutionSettingsVerifyCopyIfNewerOnly (Microsoft.Build.Evaluation.Project)" classname="Philips.PMP.Test.Auto.SolutionSettingsTest" time="0.000" status="1" />
    <testcase name="SolutionSettingsVerifyCopyIfNewerOnly (Microsoft.Build.Evaluation.Project)" classname="Philips.PMP.Test.Auto.SolutionSettingsTest" time="0.001" status="1" />
    <testcase name="SolutionSettingsVerifyCopyIfNewerOnly (Microsoft.Build.Evaluation.Project)" classname="Philips.PMP.Test.Auto.SolutionSettingsTest" time="0.001" status="1" />
    <testcase name="SolutionSettingsVerifyCopyIfNewerOnly (Microsoft.Build.Evaluation.Project)" classname="Philips.PMP.Test.Auto.SolutionSettingsTest" time="0.001" status="1" />
    <testcase name="SolutionSettingsVerifyCopyIfNewerOnly (Microsoft.Build.Evaluation.Project)" classname="Philips.PMP.Test.Auto.SolutionSettingsTest" time="0.001" status="1" />
    <testcase name="SolutionSettingsVerifyCopyIfNewerOnly (Microsoft.Build.Evaluation.Project)" classname="Philips.PMP.Test.Auto.SolutionSettingsTest" time="0.001" status="1" />
    <testcase name="SolutionSettingsVerifyCopyIfNewerOnly (Microsoft.Build.Evaluation.Project)" classname="Philips.PMP.Test.Auto.SolutionSettingsTest" time="0.001" status="1" />
    <testcase name="SolutionSettingsVerifyCopyIfNewerOnly (Microsoft.Build.Evaluation.Project)" classname="Philips.PMP.Test.Auto.SolutionSettingsTest" time="0.001" status="1" />
    <testcase name="SolutionSettingsVerifyCopyIfNewerOnly (Microsoft.Build.Evaluation.Project)" classname="Philips.PMP.Test.Auto.SolutionSettingsTest" time="0.000" status="1" />
    <testcase name="SolutionSettingsVerifyCopyIfNewerOnly (Microsoft.Build.Evaluation.Project)" classname="Philips.PMP.Test.Auto.SolutionSettingsTest" time="0.000" status="1" />
    <testcase name="SolutionSettingsVerifyCopyIfNewerOnly (Microsoft.Build.Evaluation.Project)" classname="Philips.PMP.Test.Auto.SolutionSettingsTest" time="0.000" status="1" />
    <testcase name="SolutionSettingsVerifyCopyIfNewerOnly (Microsoft.Build.Evaluation.Project)" classname="Philips.PMP.Test.Auto.SolutionSettingsTest" time="0.000" status="1" />
    <testcase name="SolutionSettingsVerifyCopyIfNewerOnly (Microsoft.Build.Evaluation.Project)" classname="Philips.PMP.Test.Auto.SolutionSettingsTest" time="0.000" status="1" />
    <testcase name="SolutionSettingsVerifyCopyIfNewerOnly (Microsoft.Build.Evaluation.Project)" classname="Philips.PMP.Test.Auto.SolutionSettingsTest" time="0.002" status="1" />
    <testcase name="SolutionSettingsVerifyCopyIfNewerOnly (Microsoft.Build.Evaluation.Project)" classname="Philips.PMP.Test.Auto.SolutionSettingsTest" time="0.001" status="1" />
    <testcase name="SolutionSettingsVerifyCopyIfNewerOnly (Microsoft.Build.Evaluation.Project)" classname="Philips.PMP.Test.Auto.SolutionSettingsTest" time="0.001" status="1" />
    <testcase name="SolutionSettingsVerifyCopyIfNewerOnly (Microsoft.Build.Evaluation.Project)" classname="Philips.PMP.Test.Auto.SolutionSettingsTest" time="0.001" status="1" />
    <testcase name="SolutionSettingsVerifyCopyIfNewerOnly (Microsoft.Build.Evaluation.Project)" classname="Philips.PMP.Test.Auto.SolutionSettingsTest" time="0.003" status="1" />
    <testcase name="SolutionSettingsVerifyCopyIfNewerOnly (Microsoft.Build.Evaluation.Project)" classname="Philips.PMP.Test.Auto.SolutionSettingsTest" time="0.001" status="1" />
    <testcase name="SolutionSettingsVerifyCopyIfNewerOnly (Microsoft.Build.Evaluation.Project)" classname="Philips.PMP.Test.Auto.SolutionSettingsTest" time="0.001" status="1" />
    <testcase name="SolutionSettingsVerifyCopyIfNewerOnly (Microsoft.Build.Evaluation.Project)" classname="Philips.PMP.Test.Auto.SolutionSettingsTest" time="0.001" status="1" />
    <testcase name="SolutionSettingsVerifyCopyIfNewerOnly (Microsoft.Build.Evaluation.Project)" classname="Philips.PMP.Test.Auto.SolutionSettingsTest" time="0.001" status="1" />
    <testcase name="SolutionSettingsVerifyCopyIfNewerOnly (Microsoft.Build.Evaluation.Project)" classname="Philips.PMP.Test.Auto.SolutionSettingsTest" time="0.000" status="1" />
    <testcase name="SolutionSettingsVerifyCopyIfNewerOnly (Microsoft.Build.Evaluation.Project)" classname="Philips.PMP.Test.Auto.SolutionSettingsTest" time="0.000" status="1" />
    <testcase name="SolutionSettingsVerifyCopyIfNewerOnly (Microsoft.Build.Evaluation.Project)" classname="Philips.PMP.Test.Auto.SolutionSettingsTest" time="0.000" status="1" />
    <testcase name="SolutionSettingsVerifyCopyIfNewerOnly (Microsoft.Build.Evaluation.Project)" classname="Philips.PMP.Test.Auto.SolutionSettingsTest" time="0.001" status="1" />
    <testcase name="SolutionSettingsVerifyCopyIfNewerOnly (Microsoft.Build.Evaluation.Project)" classname="Philips.PMP.Test.Auto.SolutionSettingsTest" time="0.002" status="1" />
    <testcase name="SolutionSettingsVerifyCopyIfNewerOnly (Microsoft.Build.Evaluation.Project)" classname="Philips.PMP.Test.Auto.SolutionSettingsTest" time="0.001" status="1" />
    <testcase name="SolutionSettingsVerifyCopyIfNewerOnly (Microsoft.Build.Evaluation.Project)" classname="Philips.PMP.Test.Auto.SolutionSettingsTest" time="0.001" status="1" />
    <testcase name="SolutionSettingsVerifyCopyIfNewerOnly (Microsoft.Build.Evaluation.Project)" classname="Philips.PMP.Test.Auto.SolutionSettingsTest" time="0.001" status="1" />
    <testcase name="SolutionSettingsVerifyCopyIfNewerOnly (Microsoft.Build.Evaluation.Project)" classname="Philips.PMP.Test.Auto.SolutionSettingsTest" time="0.001" status="1" />
    <testcase name="SolutionSettingsVerifyCopyIfNewerOnly (Microsoft.Build.Evaluation.Project)" classname="Philips.PMP.Test.Auto.SolutionSettingsTest" time="0.001" status="1" />
    <testcase name="SolutionSettingsVerifyCopyIfNewerOnly (Microsoft.Build.Evaluation.Project)" classname="Philips.PMP.Test.Auto.SolutionSettingsTest" time="0.001" status="1" />
    <testcase name="SolutionSettingsVerifyCopyIfNewerOnly (Microsoft.Build.Evaluation.Project)" classname="Philips.PMP.Test.Auto.SolutionSettingsTest" time="0.000" status="1" />
    <testcase name="SolutionSettingsVerifyCopyIfNewerOnly (Microsoft.Build.Evaluation.Project)" classname="Philips.PMP.Test.Auto.SolutionSettingsTest" time="0.001" status="1" />
    <testcase name="SolutionSettingsVerifyCopyIfNewerOnly (Microsoft.Build.Evaluation.Project)" classname="Philips.PMP.Test.Auto.SolutionSettingsTest" time="0.000" status="1" />
    <testcase name="SolutionSettingsVerifyCopyIfNewerOnly (Microsoft.Build.Evaluation.Project)" classname="Philips.PMP.Test.Auto.SolutionSettingsTest" time="0.000" status="1" />
    <testcase name="SolutionSettingsVerifyCopyIfNewerOnly (Microsoft.Build.Evaluation.Project)" classname="Philips.PMP.Test.Auto.SolutionSettingsTest" time="0.000" status="1" />
    <testcase name="SolutionSettingsVerifyCopyIfNewerOnly (Microsoft.Build.Evaluation.Project)" classname="Philips.PMP.Test.Auto.SolutionSettingsTest" time="0.000" status="1" />
    <testcase name="SolutionSettingsVerifyCopyIfNewerOnly (Microsoft.Build.Evaluation.Project)" classname="Philips.PMP.Test.Auto.SolutionSettingsTest" time="0.000" status="1" />
    <testcase name="SolutionSettingsVerifyCopyIfNewerOnly (Microsoft.Build.Evaluation.Project)" classname="Philips.PMP.Test.Auto.SolutionSettingsTest" time="0.000" status="1" />
    <testcase name="DefaultProjectConfigSettingsAreCorrect" classname="Philips.PMP.Test.Auto.SolutionSettingsTest" time="0.012" status="1" />
    <testcase name="CheckTestTimeouts" classname="Philips.PMP.Test.Auto.SolutionSettingsTest" time="0.001" status="1" />
    <testcase name="ProjectFileSettingsAreCorrect" classname="Philips.PMP.Test.Auto.SolutionSettingsTest" time="0.612" status="1" />
    <testcase name="IncludedFilesExistTest" classname="Philips.PMP.Test.Auto.SolutionSettingsTest" time="0.425" status="1" />
    <testcase name="SolutionSettingsNoAssemblyReferencesToProjects (Microsoft.Build.Evaluation.Project)" classname="Philips.PMP.Test.Auto.SolutionSettingsTest" time="0.009" status="1" />
    <testcase name="SolutionSettingsNoAssemblyReferencesToProjects (Microsoft.Build.Evaluation.Project)" classname="Philips.PMP.Test.Auto.SolutionSettingsTest" time="0.003" status="1" />
    <testcase name="SolutionSettingsNoAssemblyReferencesToProjects (Microsoft.Build.Evaluation.Project)" classname="Philips.PMP.Test.Auto.SolutionSettingsTest" time="0.003" status="1" />
    <testcase name="SolutionSettingsNoAssemblyReferencesToProjects (Microsoft.Build.Evaluation.Project)" classname="Philips.PMP.Test.Auto.SolutionSettingsTest" time="0.003" status="1" />
    <testcase name="SolutionSettingsNoAssemblyReferencesToProjects (Microsoft.Build.Evaluation.Project)" classname="Philips.PMP.Test.Auto.SolutionSettingsTest" time="0.002" status="1" />
    <testcase name="SolutionSettingsNoAssemblyReferencesToProjects (Microsoft.Build.Evaluation.Project)" classname="Philips.PMP.Test.Auto.SolutionSettingsTest" time="0.003" status="1" />
    <testcase name="SolutionSettingsNoAssemblyReferencesToProjects (Microsoft.Build.Evaluation.Project)" classname="Philips.PMP.Test.Auto.SolutionSettingsTest" time="0.002" status="1" />
    <testcase name="SolutionSettingsNoAssemblyReferencesToProjects (Microsoft.Build.Evaluation.Project)" classname="Philips.PMP.Test.Auto.SolutionSettingsTest" time="0.002" status="1" />
    <testcase name="SolutionSettingsNoAssemblyReferencesToProjects (Microsoft.Build.Evaluation.Project)" classname="Philips.PMP.Test.Auto.SolutionSettingsTest" time="0.002" status="1" />
    <testcase name="SolutionSettingsNoAssemblyReferencesToProjects (Microsoft.Build.Evaluation.Project)" classname="Philips.PMP.Test.Auto.SolutionSettingsTest" time="0.003" status="1" />
    <testcase name="SolutionSettingsNoAssemblyReferencesToProjects (Microsoft.Build.Evaluation.Project)" classname="Philips.PMP.Test.Auto.SolutionSettingsTest" time="0.002" status="1" />
    <testcase name="SolutionSettingsNoAssemblyReferencesToProjects (Microsoft.Build.Evaluation.Project)" classname="Philips.PMP.Test.Auto.SolutionSettingsTest" time="0.002" status="1" />
    <testcase name="SolutionSettingsNoAssemblyReferencesToProjects (Microsoft.Build.Evaluation.Project)" classname="Philips.PMP.Test.Auto.SolutionSettingsTest" time="0.002" status="1" />
    <testcase name="SolutionSettingsNoAssemblyReferencesToProjects (Microsoft.Build.Evaluation.Project)" classname="Philips.PMP.Test.Auto.SolutionSettingsTest" time="0.002" status="1" />
    <testcase name="SolutionSettingsNoAssemblyReferencesToProjects (Microsoft.Build.Evaluation.Project)" classname="Philips.PMP.Test.Auto.SolutionSettingsTest" time="0.002" status="1" />
    <testcase name="SolutionSettingsNoAssemblyReferencesToProjects (Microsoft.Build.Evaluation.Project)" classname="Philips.PMP.Test.Auto.SolutionSettingsTest" time="0.002" status="1" />
    <testcase name="SolutionSettingsNoAssemblyReferencesToProjects (Microsoft.Build.Evaluation.Project)" classname="Philips.PMP.Test.Auto.SolutionSettingsTest" time="0.002" status="1" />
    <testcase name="SolutionSettingsNoAssemblyReferencesToProjects (Microsoft.Build.Evaluation.Project)" classname="Philips.PMP.Test.Auto.SolutionSettingsTest" time="0.002" status="1" />
    <testcase name="SolutionSettingsNoAssemblyReferencesToProjects (Microsoft.Build.Evaluation.Project)" classname="Philips.PMP.Test.Auto.SolutionSettingsTest" time="0.002" status="1" />
    <testcase name="SolutionSettingsNoAssemblyReferencesToProjects (Microsoft.Build.Evaluation.Project)" classname="Philips.PMP.Test.Auto.SolutionSettingsTest" time="0.002" status="1" />
    <testcase name="SolutionSettingsNoAssemblyReferencesToProjects (Microsoft.Build.Evaluation.Project)" classname="Philips.PMP.Test.Auto.SolutionSettingsTest" time="0.002" status="1" />
    <testcase name="SolutionSettingsNoAssemblyReferencesToProjects (Microsoft.Build.Evaluation.Project)" classname="Philips.PMP.Test.Auto.SolutionSettingsTest" time="0.002" status="1" />
    <testcase name="SolutionSettingsNoAssemblyReferencesToProjects (Microsoft.Build.Evaluation.Project)" classname="Philips.PMP.Test.Auto.SolutionSettingsTest" time="0.002" status="1" />
    <testcase name="SolutionSettingsNoAssemblyReferencesToProjects (Microsoft.Build.Evaluation.Project)" classname="Philips.PMP.Test.Auto.SolutionSettingsTest" time="0.002" status="1" />
    <testcase name="SolutionSettingsNoAssemblyReferencesToProjects (Microsoft.Build.Evaluation.Project)" classname="Philips.PMP.Test.Auto.SolutionSettingsTest" time="0.002" status="1" />
    <testcase name="SolutionSettingsNoAssemblyReferencesToProjects (Microsoft.Build.Evaluation.Project)" classname="Philips.PMP.Test.Auto.SolutionSettingsTest" time="0.002" status="1" />
    <testcase name="SolutionSettingsNoAssemblyReferencesToProjects (Microsoft.Build.Evaluation.Project)" classname="Philips.PMP.Test.Auto.SolutionSettingsTest" time="0.002" status="1" />
    <testcase name="SolutionSettingsNoAssemblyReferencesToProjects (Microsoft.Build.Evaluation.Project)" classname="Philips.PMP.Test.Auto.SolutionSettingsTest" time="0.002" status="1" />
    <testcase name="SolutionSettingsNoAssemblyReferencesToProjects (Microsoft.Build.Evaluation.Project)" classname="Philips.PMP.Test.Auto.SolutionSettingsTest" time="0.002" status="1" />
    <testcase name="SolutionSettingsNoAssemblyReferencesToProjects (Microsoft.Build.Evaluation.Project)" classname="Philips.PMP.Test.Auto.SolutionSettingsTest" time="0.003" status="1" />
    <testcase name="SolutionSettingsNoAssemblyReferencesToProjects (Microsoft.Build.Evaluation.Project)" classname="Philips.PMP.Test.Auto.SolutionSettingsTest" time="0.003" status="1" />
    <testcase name="SolutionSettingsNoAssemblyReferencesToProjects (Microsoft.Build.Evaluation.Project)" classname="Philips.PMP.Test.Auto.SolutionSettingsTest" time="0.003" status="1" />
    <testcase name="SolutionSettingsNoAssemblyReferencesToProjects (Microsoft.Build.Evaluation.Project)" classname="Philips.PMP.Test.Auto.SolutionSettingsTest" time="0.002" status="1" />
    <testcase name="SolutionSettingsNoAssemblyReferencesToProjects (Microsoft.Build.Evaluation.Project)" classname="Philips.PMP.Test.Auto.SolutionSettingsTest" time="0.003" status="1" />
    <testcase name="SolutionSettingsNoAssemblyReferencesToProjects (Microsoft.Build.Evaluation.Project)" classname="Philips.PMP.Test.Auto.SolutionSettingsTest" time="0.002" status="1" />
    <testcase name="SolutionSettingsNoAssemblyReferencesToProjects (Microsoft.Build.Evaluation.Project)" classname="Philips.PMP.Test.Auto.SolutionSettingsTest" time="0.002" status="1" />
    <testcase name="SolutionSettingsNoAssemblyReferencesToProjects (Microsoft.Build.Evaluation.Project)" classname="Philips.PMP.Test.Auto.SolutionSettingsTest" time="0.002" status="1" />
    <testcase name="SolutionSettingsNoAssemblyReferencesToProjects (Microsoft.Build.Evaluation.Project)" classname="Philips.PMP.Test.Auto.SolutionSettingsTest" time="0.002" status="1" />
    <testcase name="SolutionSettingsNoAssemblyReferencesToProjects (Microsoft.Build.Evaluation.Project)" classname="Philips.PMP.Test.Auto.SolutionSettingsTest" time="0.003" status="1" />
    <testcase name="SolutionSettingsNoAssemblyReferencesToProjects (Microsoft.Build.Evaluation.Project)" classname="Philips.PMP.Test.Auto.SolutionSettingsTest" time="0.002" status="1" />
    <testcase name="SolutionSettingsNoAssemblyReferencesToProjects (Microsoft.Build.Evaluation.Project)" classname="Philips.PMP.Test.Auto.SolutionSettingsTest" time="0.002" status="1" />
    <testcase name="SolutionSettingsNoAssemblyReferencesToProjects (Microsoft.Build.Evaluation.Project)" classname="Philips.PMP.Test.Auto.SolutionSettingsTest" time="0.002" status="1" />
    <testcase name="SolutionSettingsNoAssemblyReferencesToProjects (Microsoft.Build.Evaluation.Project)" classname="Philips.PMP.Test.Auto.SolutionSettingsTest" time="0.002" status="1" />
    <testcase name="SolutionSettingsNoAssemblyReferencesToProjects (Microsoft.Build.Evaluation.Project)" classname="Philips.PMP.Test.Auto.SolutionSettingsTest" time="0.002" status="1" />
    <testcase name="SolutionSettingsNoAssemblyReferencesToProjects (Microsoft.Build.Evaluation.Project)" classname="Philips.PMP.Test.Auto.SolutionSettingsTest" time="0.002" status="1" />
    <testcase name="SolutionSettingsNoAssemblyReferencesToProjects (Microsoft.Build.Evaluation.Project)" classname="Philips.PMP.Test.Auto.SolutionSettingsTest" time="0.002" status="1" />
    <testcase name="SolutionSettingsNoAssemblyReferencesToProjects (Microsoft.Build.Evaluation.Project)" classname="Philips.PMP.Test.Auto.SolutionSettingsTest" time="0.002" status="1" />
    <testcase name="SolutionSettingsNoAssemblyReferencesToProjects (Microsoft.Build.Evaluation.Project)" classname="Philips.PMP.Test.Auto.SolutionSettingsTest" time="0.002" status="1" />
    <testcase name="SolutionSettingsNoAssemblyReferencesToProjects (Microsoft.Build.Evaluation.Project)" classname="Philips.PMP.Test.Auto.SolutionSettingsTest" time="0.002" status="1" />
    <testcase name="SolutionSettingsNoAssemblyReferencesToProjects (Microsoft.Build.Evaluation.Project)" classname="Philips.PMP.Test.Auto.SolutionSettingsTest" time="0.002" status="1" />
    <testcase name="SolutionSettingsNoAssemblyReferencesToProjects (Microsoft.Build.Evaluation.Project)" classname="Philips.PMP.Test.Auto.SolutionSettingsTest" time="0.002" status="1" />
    <testcase name="SolutionSettingsNoAssemblyReferencesToProjects (Microsoft.Build.Evaluation.Project)" classname="Philips.PMP.Test.Auto.SolutionSettingsTest" time="0.002" status="1" />
    <testcase name="SolutionSettingsNoAssemblyReferencesToProjects (Microsoft.Build.Evaluation.Project)" classname="Philips.PMP.Test.Auto.SolutionSettingsTest" time="0.002" status="1" />
    <testcase name="SolutionSettingsNoAssemblyReferencesToProjects (Microsoft.Build.Evaluation.Project)" classname="Philips.PMP.Test.Auto.SolutionSettingsTest" time="0.002" status="1" />
    <testcase name="SolutionSettingsNoAssemblyReferencesToProjects (Microsoft.Build.Evaluation.Project)" classname="Philips.PMP.Test.Auto.SolutionSettingsTest" time="0.002" status="1" />
    <testcase name="SolutionSettingsNoAssemblyReferencesToProjects (Microsoft.Build.Evaluation.Project)" classname="Philips.PMP.Test.Auto.SolutionSettingsTest" time="0.002" status="1" />
    <testcase name="SolutionSettingsNoAssemblyReferencesToProjects (Microsoft.Build.Evaluation.Project)" classname="Philips.PMP.Test.Auto.SolutionSettingsTest" time="0.002" status="1" />
    <testcase name="SolutionSettingsNoAssemblyReferencesToProjects (Microsoft.Build.Evaluation.Project)" classname="Philips.PMP.Test.Auto.SolutionSettingsTest" time="0.002" status="1" />
    <testcase name="SolutionSettingsNoAssemblyReferencesToProjects (Microsoft.Build.Evaluation.Project)" classname="Philips.PMP.Test.Auto.SolutionSettingsTest" time="0.002" status="1" />
    <testcase name="SolutionSettingsNoAssemblyReferencesToProjects (Microsoft.Build.Evaluation.Project)" classname="Philips.PMP.Test.Auto.SolutionSettingsTest" time="0.002" status="1" />
    <testcase name="SolutionSettingsNoAssemblyReferencesToProjects (Microsoft.Build.Evaluation.Project)" classname="Philips.PMP.Test.Auto.SolutionSettingsTest" time="0.002" status="1" />
    <testcase name="SolutionSettingsNoAssemblyReferencesToProjects (Microsoft.Build.Evaluation.Project)" classname="Philips.PMP.Test.Auto.SolutionSettingsTest" time="0.002" status="1" />
    <testcase name="SolutionSettingsNoAssemblyReferencesToProjects (Microsoft.Build.Evaluation.Project)" classname="Philips.PMP.Test.Auto.SolutionSettingsTest" time="0.002" status="1" />
    <testcase name="SolutionSettingsNoAssemblyReferencesToProjects (Microsoft.Build.Evaluation.Project)" classname="Philips.PMP.Test.Auto.SolutionSettingsTest" time="0.002" status="1" />
    <testcase name="SolutionSettingsNoAssemblyReferencesToProjects (Microsoft.Build.Evaluation.Project)" classname="Philips.PMP.Test.Auto.SolutionSettingsTest" time="0.002" status="1" />
    <testcase name="SolutionSettingsNoAssemblyReferencesToProjects (Microsoft.Build.Evaluation.Project)" classname="Philips.PMP.Test.Auto.SolutionSettingsTest" time="0.002" status="1" />
    <testcase name="SolutionSettingsNoAssemblyReferencesToProjects (Microsoft.Build.Evaluation.Project)" classname="Philips.PMP.Test.Auto.SolutionSettingsTest" time="0.002" status="1" />
    <testcase name="SolutionSettingsNoAssemblyReferencesToProjects (Microsoft.Build.Evaluation.Project)" classname="Philips.PMP.Test.Auto.SolutionSettingsTest" time="0.004" status="1" />
    <testcase name="SolutionSettingsNoAssemblyReferencesToProjects (Microsoft.Build.Evaluation.Project)" classname="Philips.PMP.Test.Auto.SolutionSettingsTest" time="0.003" status="1" />
    <testcase name="SolutionSettingsNoAssemblyReferencesToProjects (Microsoft.Build.Evaluation.Project)" classname="Philips.PMP.Test.Auto.SolutionSettingsTest" time="0.003" status="1" />
    <testcase name="SolutionSettingsNoAssemblyReferencesToProjects (Microsoft.Build.Evaluation.Project)" classname="Philips.PMP.Test.Auto.SolutionSettingsTest" time="0.002" status="1" />
    <testcase name="SolutionSettingsNoAssemblyReferencesToProjects (Microsoft.Build.Evaluation.Project)" classname="Philips.PMP.Test.Auto.SolutionSettingsTest" time="0.002" status="1" />
    <testcase name="SolutionSettingsNoAssemblyReferencesToProjects (Microsoft.Build.Evaluation.Project)" classname="Philips.PMP.Test.Auto.SolutionSettingsTest" time="0.002" status="1" />
    <testcase name="SolutionSettingsNoAssemblyReferencesToProjects (Microsoft.Build.Evaluation.Project)" classname="Philips.PMP.Test.Auto.SolutionSettingsTest" time="0.002" status="1" />
    <testcase name="SolutionSettingsNoAssemblyReferencesToProjects (Microsoft.Build.Evaluation.Project)" classname="Philips.PMP.Test.Auto.SolutionSettingsTest" time="0.002" status="1" />
    <testcase name="SolutionSettingsNoAssemblyReferencesToProjects (Microsoft.Build.Evaluation.Project)" classname="Philips.PMP.Test.Auto.SolutionSettingsTest" time="0.002" status="1" />
    <testcase name="SolutionSettingsNoAssemblyReferencesToProjects (Microsoft.Build.Evaluation.Project)" classname="Philips.PMP.Test.Auto.SolutionSettingsTest" time="0.002" status="1" />
    <testcase name="SolutionSettingsNoAssemblyReferencesToProjects (Microsoft.Build.Evaluation.Project)" classname="Philips.PMP.Test.Auto.SolutionSettingsTest" time="0.002" status="1" />
    <testcase name="SolutionSettingsNoAssemblyReferencesToProjects (Microsoft.Build.Evaluation.Project)" classname="Philips.PMP.Test.Auto.SolutionSettingsTest" time="0.002" status="1" />
    <testcase name="SolutionSettingsNoAssemblyReferencesToProjects (Microsoft.Build.Evaluation.Project)" classname="Philips.PMP.Test.Auto.SolutionSettingsTest" time="0.002" status="1" />
    <testcase name="SolutionSettingsNoAssemblyReferencesToProjects (Microsoft.Build.Evaluation.Project)" classname="Philips.PMP.Test.Auto.SolutionSettingsTest" time="0.003" status="1" />
    <testcase name="SolutionSettingsNoAssemblyReferencesToProjects (Microsoft.Build.Evaluation.Project)" classname="Philips.PMP.Test.Auto.SolutionSettingsTest" time="0.003" status="1" />
    <testcase name="SolutionSettingsNoAssemblyReferencesToProjects (Microsoft.Build.Evaluation.Project)" classname="Philips.PMP.Test.Auto.SolutionSettingsTest" time="0.002" status="1" />
    <testcase name="SolutionSettingsNoAssemblyReferencesToProjects (Microsoft.Build.Evaluation.Project)" classname="Philips.PMP.Test.Auto.SolutionSettingsTest" time="0.002" status="1" />
    <testcase name="SolutionSettingsNoAssemblyReferencesToProjects (Microsoft.Build.Evaluation.Project)" classname="Philips.PMP.Test.Auto.SolutionSettingsTest" time="0.002" status="1" />
    <testcase name="SolutionSettingsNoAssemblyReferencesToProjects (Microsoft.Build.Evaluation.Project)" classname="Philips.PMP.Test.Auto.SolutionSettingsTest" time="0.002" status="1" />
    <testcase name="SolutionSettingsNoAssemblyReferencesToProjects (Microsoft.Build.Evaluation.Project)" classname="Philips.PMP.Test.Auto.SolutionSettingsTest" time="0.002" status="1" />
    <testcase name="SolutionSettingsNoAssemblyReferencesToProjects (Microsoft.Build.Evaluation.Project)" classname="Philips.PMP.Test.Auto.SolutionSettingsTest" time="0.002" status="1" />
    <testcase name="SolutionSettingsNoAssemblyReferencesToProjects (Microsoft.Build.Evaluation.Project)" classname="Philips.PMP.Test.Auto.SolutionSettingsTest" time="0.002" status="1" />
    <testcase name="SolutionSettingsNoAssemblyReferencesToProjects (Microsoft.Build.Evaluation.Project)" classname="Philips.PMP.Test.Auto.SolutionSettingsTest" time="0.002" status="1" />
    <testcase name="SolutionSettingsNoAssemblyReferencesToProjects (Microsoft.Build.Evaluation.Project)" classname="Philips.PMP.Test.Auto.SolutionSettingsTest" time="0.002" status="1" />
    <testcase name="SolutionSettingsNoAssemblyReferencesToProjects (Microsoft.Build.Evaluation.Project)" classname="Philips.PMP.Test.Auto.SolutionSettingsTest" time="0.002" status="1" />
    <testcase name="SolutionSettingsNoAssemblyReferencesToProjects (Microsoft.Build.Evaluation.Project)" classname="Philips.PMP.Test.Auto.SolutionSettingsTest" time="0.002" status="1" />
    <testcase name="SolutionSettingsNoAssemblyReferencesToProjects (Microsoft.Build.Evaluation.Project)" classname="Philips.PMP.Test.Auto.SolutionSettingsTest" time="0.002" status="1" />
    <testcase name="SolutionSettingsNoAssemblyReferencesToProjects (Microsoft.Build.Evaluation.Project)" classname="Philips.PMP.Test.Auto.SolutionSettingsTest" time="0.002" status="1" />
    <system-out />
    <system-err />
  </testsuite>
  <testsuite name="Philips.PMP.Test.Auto.ZoneEntityControlTest" hostname="RESTORMEL" package="not available" id="204" tests="14" failures="0" errors="0" skipped="0" time="0.625" timestamp="2023-12-13T03:37:31">
    <properties />
    <testcase name="UriDeviceContainsExpectedOptions" classname="Philips.PMP.Test.Auto.ZoneEntityControlTest" time="0.040" status="1" />
    <testcase name="DeleteTest (DB3,True,True,False,None,0)" classname="Philips.PMP.Test.Auto.ZoneEntityControlTest" time="0.048" status="1" />
    <testcase name="DeleteTest (DB3,True,False,False,None,0)" classname="Philips.PMP.Test.Auto.ZoneEntityControlTest" time="0.039" status="1" />
    <testcase name="DeleteTest (PXX,True,False,False,None,0)" classname="Philips.PMP.Test.Auto.ZoneEntityControlTest" time="0.051" status="1" />
    <testcase name="DeleteTest (PPX,True,False,False,None,0)" classname="Philips.PMP.Test.Auto.ZoneEntityControlTest" time="0.041" status="1" />
    <testcase name="DeleteTest (PPX,True,True,False,None,1)" classname="Philips.PMP.Test.Auto.ZoneEntityControlTest" time="0.053" status="1" />
    <testcase name="DeleteTest (PPX,False,True,False,None,1)" classname="Philips.PMP.Test.Auto.ZoneEntityControlTest" time="0.044" status="1" />
    <testcase name="DeleteTest (PPX,False,False,False,None,1)" classname="Philips.PMP.Test.Auto.ZoneEntityControlTest" time="0.051" status="1" />
    <testcase name="DeleteTest (PPX,True,True,True,Yes,1)" classname="Philips.PMP.Test.Auto.ZoneEntityControlTest" time="0.055" status="1" />
    <testcase name="DeleteTest (PPX,True,True,True,No,0)" classname="Philips.PMP.Test.Auto.ZoneEntityControlTest" time="0.040" status="1" />
    <testcase name="HostDeviceContainsExpectedOptions" classname="Philips.PMP.Test.Auto.ZoneEntityControlTest" time="0.038" status="1" />
    <testcase name="ZoneContextMenuContainsExpectedOptions" classname="Philips.PMP.Test.Auto.ZoneEntityControlTest" time="0.047" status="1" />
    <testcase name="BedInfoContainsExpectedOptions" classname="Philips.PMP.Test.Auto.ZoneEntityControlTest" time="0.039" status="1" />
    <testcase name="ApcContextMenuContainsExpectedOptions" classname="Philips.PMP.Test.Auto.ZoneEntityControlTest" time="0.038" status="1" />
    <system-out />
    <system-err />
  </testsuite>
  <testsuite name="Philips.PMP.Test.Auto.PhysioDataServiceTimerTest" hostname="RESTORMEL" package="not available" id="205" tests="4" failures="0" errors="0" skipped="0" time="0.114" timestamp="2023-12-13T03:35:51">
    <properties />
    <testcase name="PhysioDataServiceTimerCanDisposeMultipleTimes" classname="Philips.PMP.Test.Auto.PhysioDataServiceTimerTest" time="0.006" status="1" />
    <testcase name="PhysioDataServiceTimerSetsCheckTimeAdvancing" classname="Philips.PMP.Test.Auto.PhysioDataServiceTimerTest" time="0.101" status="1" />
    <testcase name="PhysioDataServiceTimerCanStop" classname="Philips.PMP.Test.Auto.PhysioDataServiceTimerTest" time="0.002" status="1" />
    <testcase name="PhysioDataServiceTimerTimerIntervalCanBeZero" classname="Philips.PMP.Test.Auto.PhysioDataServiceTimerTest" time="0.005" status="1" />
    <system-out />
    <system-err />
  </testsuite>
  <testsuite name="Philips.CareEvent.Test.WorkflowDatabaseTests" hostname="RESTORMEL" package="not available" id="206" tests="3" failures="0" errors="0" skipped="0" time="1.059" timestamp="2023-12-13T03:28:22">
    <properties />
    <testcase name="SynchronizeCaregiversTest" classname="Philips.CareEvent.Test.WorkflowDatabaseTests" time="0.017" status="1" />
    <testcase name="SynchronizeEventCategoriesTest" classname="Philips.CareEvent.Test.WorkflowDatabaseTests" time="0.475" status="1" />
    <testcase name="StartServiceTest" classname="Philips.CareEvent.Test.WorkflowDatabaseTests" time="0.568" status="1" />
    <system-out />
    <system-err />
  </testsuite>
  <testsuite name="Philips.PMP.Test.Auto.WatchdogServiceMgrTest" hostname="RESTORMEL" package="not available" id="207" tests="6" failures="0" errors="0" skipped="0" time="0.114" timestamp="2023-12-13T03:38:25">
    <properties />
    <testcase name="StartWatchdogAsServiceSucceedTest" classname="Philips.PMP.Test.Auto.WatchdogServiceMgrTest" time="0.008" status="1" />
    <testcase name="StartWatchdogAlreadyRunningSucceedTest" classname="Philips.PMP.Test.Auto.WatchdogServiceMgrTest" time="0.082" status="1" />
    <testcase name="StartWatchdogRebootRequiredTest" classname="Philips.PMP.Test.Auto.WatchdogServiceMgrTest" time="0.005" status="1" />
    <testcase name="StartWatchdogAsServiceFailTest" classname="Philips.PMP.Test.Auto.WatchdogServiceMgrTest" time="0.009" status="1" />
    <testcase name="StartWatchdogMisconfigurationTest" classname="Philips.PMP.Test.Auto.WatchdogServiceMgrTest" time="0.006" status="1" />
    <testcase name="StartWatchdogAlreadyRunningFailTest" classname="Philips.PMP.Test.Auto.WatchdogServiceMgrTest" time="0.005" status="1" />
    <system-out />
    <system-err />
  </testsuite>
  <testsuite name="Philips.CareEvent.Test.WctpParseHelperTests" hostname="RESTORMEL" package="not available" id="208" tests="4" failures="0" errors="0" skipped="0" time="0.020" timestamp="2023-12-13T03:28:14">
    <properties />
    <testcase name="ParseXmlThrowsException ( ? xml version='1.0' encoding='UTF-8'?&gt;&lt;!DOCTYPE wctp-Operation SYSTEM &quot;http://dtd.wctp.org/wctp-dtd-v1r1.dtd&quot;&gt;&lt;wctp-Operation wctpVersion=&quot;wctp-dtd-v1r1&quot;&gt;&lt;wctp-Confirmation&gt;&lt;wctp-Success successCode=&quot;200&quot; successText=&quot;EIS was updated&quot;&gt;Thank you for using MyEnterprise!&lt;/wctp-Success&gt;&lt;/wctp-Confirmation&gt;&lt;/wctp-Operation&gt;)" classname="Philips.CareEvent.Test.WctpParseHelperTests" time="0.005" status="1" />
    <testcase name="ParseXmlThrowsException (&lt;? xml version = &quot;1.0&quot; encoding=&quot;UTF-8&quot; standalone=&quot;yes&quot;?&gt;&lt;!DOCTYPE wctp-Operation SYSTEM &quot;http://www.wctp.org/archive/wctpv1-0.dtd&quot;&gt;&lt;wctp-Operation wctpVersion=&quot;wctp-dtd-v1r1&quot; wctpToken=&quot;11AA&quot;&gt;&lt;wctp-StatusInfo&gt;&lt;wctp-ResponseHeader responseToMessageID=&quot;\u001f\u001f46264399\u001f\u001f&quot; responseTimestamp=&quot;1999-03-31T18:19:00&quot; respondingToTimestamp=&quot;1999-03-31T18:18:00&quot;&gt;&lt;/wctp-ResponseHeader&gt;&lt;wctp-Notification type=&quot;READ&quot; /&gt;&lt;/wctp-StatusInfo&gt;&lt;/wctp-Operation&gt;)" classname="Philips.CareEvent.Test.WctpParseHelperTests" time="0.003" status="1" />
    <testcase name="ParseWctpXml (&lt;?xml version=&quot;1.0&quot; encoding=&quot;UTF-8&quot; standalone=&quot;yes&quot;?&gt;&lt;!DOCTYPE wctp-Operation SYSTEM &quot;http://www.wctp.org/archive/wctpv1-0.dtd&quot;&gt;&lt;wctp-Operation wctpVersion=&quot;wctp-dtd-v1r1&quot; wctpToken=&quot;11AA&quot;&gt;&lt;wctp-StatusInfo&gt;&lt;wctp-ResponseHeader responseToMessageID=&quot;46264399&quot; responseTimestamp=&quot;1999-03-31T18:19:00&quot; respondingToTimestamp=&quot;1999-03-31T18:18:00&quot;&gt;&lt;/wctp-ResponseHeader&gt;&lt;wctp-Notification type=&quot;DELIVERED&quot; /&gt;&lt;/wctp-StatusInfo&gt;&lt;/wctp-Operation&gt;,StatusInfo)" classname="Philips.CareEvent.Test.WctpParseHelperTests" time="0.010" status="1" />
    <testcase name="ParseWctpXml (&lt;?xml version=&quot;1.0&quot; encoding=&quot;UTF-8&quot; standalone=&quot;yes&quot;?&gt;&lt;!DOCTYPE wctp-Operation SYSTEM &quot;http://www.wctp.org/archive/wctpv1-0.dtd&quot;&gt;&lt;wctp-Operation&gt;&lt;wctp-MessageReply MCRMessageReply=&quot;true&quot;&gt;&lt;wctp-ResponseHeader responseToMessageID=&quot;-1&quot; responseTimestamp=&quot;2020-05-01T16:57:05&quot; respondingToTimestamp=&quot;2020-05-01T16:55:49&quot;&gt;&lt;wctp-Originator senderID=&quot; securityCode=&quot;/&gt;&lt;wctp-Recipient recipientID=&quot;http://192.168.201.132/Philips_WCTP/wowctp.dll&quot;/&gt;&lt;/wctp-ResponseHeader&gt;&lt;wctp-Payload&gt;&lt;wctp-Alphanumeric&gt;*ACK&lt;/wctp-Alphanumeric&gt;&lt;/wctp-Payload&gt;&lt;/wctp-MessageReply&gt;&lt;/wctp-Operation&gt;,MessageReply)" classname="Philips.CareEvent.Test.WctpParseHelperTests" time="0.002" status="1" />
    <system-out />
    <system-err />
  </testsuite>
  <testsuite name="Philips.PMP.Test.Auto.DataTileHelperTest" hostname="RESTORMEL" package="not available" id="209" tests="80" failures="0" errors="0" skipped="0" time="5.543" timestamp="2023-12-13T03:31:03">
    <properties />
    <testcase name="DataTileHelperGenerateSpotCheckEntriesTest (194954)" classname="Philips.PMP.Test.Auto.DataTileHelperTest" time="0.073" status="1" />
    <testcase name="DataTileHelperGenerateSpotCheckEntriesTest (193134)" classname="Philips.PMP.Test.Auto.DataTileHelperTest" time="0.012" status="1" />
    <testcase name="DataTileHelperGenerateSpotCheckEntriesTest (195057)" classname="Philips.PMP.Test.Auto.DataTileHelperTest" time="0.009" status="1" />
    <testcase name="DataTileHelperGenerateSpotCheckEntriesTest (195135)" classname="Philips.PMP.Test.Auto.DataTileHelperTest" time="0.008" status="1" />
    <testcase name="DataTileHelperGenerateSpotCheckEntriesTest (195058)" classname="Philips.PMP.Test.Auto.DataTileHelperTest" time="0.011" status="1" />
    <testcase name="DataTileHelperGenerateSpotCheckEntriesTest (195136)" classname="Philips.PMP.Test.Auto.DataTileHelperTest" time="0.009" status="1" />
    <testcase name="DataTileHelperGetMeasurementsTrendStartTest" classname="Philips.PMP.Test.Auto.DataTileHelperTest" time="0.006" status="1" />
    <testcase name="DataTileHelperGetRangeValuesTest" classname="Philips.PMP.Test.Auto.DataTileHelperTest" time="0.008" status="1" />
    <testcase name="UpdateTimelineTest" classname="Philips.PMP.Test.Auto.DataTileHelperTest" time="0.011" status="1" />
    <testcase name="DataTileHelperGetPixelsPerMMTest" classname="Philips.PMP.Test.Auto.DataTileHelperTest" time="0.006" status="1" />
    <testcase name="DataTileHelperGetAlarmSummaryTimeDurationDisplayTest" classname="Philips.PMP.Test.Auto.DataTileHelperTest" time="0.006" status="1" />
    <testcase name="DataTileHelperGetStripNextPageTimeTest" classname="Philips.PMP.Test.Auto.DataTileHelperTest" time="0.007" status="1" />
    <testcase name="DataTileHelperTryGetYellowLimitValue (195748,PRESS_BLD,PRESS_BLD_ART_GEN_1_SYS,False,65,126)" classname="Philips.PMP.Test.Auto.DataTileHelperTest" time="0.006" status="1" />
    <testcase name="DataTileHelperTryGetYellowLimitValue (195748,PRESS_BLD,PRESS_BLD_ART_GEN_1_SYS,True,65,127)" classname="Philips.PMP.Test.Auto.DataTileHelperTest" time="0.006" status="1" />
    <testcase name="DataTileHelperTryGetYellowLimitValue (195752,PRESS_BLD,PRESS_BLD_ART_GEN_2_SYS,False,64,128)" classname="Philips.PMP.Test.Auto.DataTileHelperTest" time="0.005" status="1" />
    <testcase name="DataTileHelperTryGetYellowLimitValue (195752,PRESS_BLD,PRESS_BLD_ART_GEN_2_SYS,True,63,129)" classname="Philips.PMP.Test.Auto.DataTileHelperTest" time="0.005" status="1" />
    <testcase name="DataTileHelperTryGetYellowLimitValue (195756,PRESS_BLD,PRESS_BLD_ART_GEN_3_SYS,False,62,130)" classname="Philips.PMP.Test.Auto.DataTileHelperTest" time="0.005" status="1" />
    <testcase name="DataTileHelperTryGetYellowLimitValue (195756,PRESS_BLD,PRESS_BLD_ART_GEN_3_SYS,True,61,131)" classname="Philips.PMP.Test.Auto.DataTileHelperTest" time="0.005" status="1" />
    <testcase name="DataTileHelperTryGetYellowLimitValue (195760,PRESS_BLD,PRESS_BLD_ART_GEN_4_SYS,False,60,132)" classname="Philips.PMP.Test.Auto.DataTileHelperTest" time="0.007" status="1" />
    <testcase name="DataTileHelperTryGetYellowLimitValue (195760,PRESS_BLD,PRESS_BLD_ART_GEN_4_SYS,True,59,133)" classname="Philips.PMP.Test.Auto.DataTileHelperTest" time="0.005" status="1" />
    <testcase name="DataTileHelperTryGetYellowLimitValue (150020,PRESS_BLD_NONINV,PRESS_BLD_NONINV_SYS,True,67,130)" classname="Philips.PMP.Test.Auto.DataTileHelperTest" time="0.005" status="1" />
    <testcase name="DataTileHelperTryGetYellowLimitValue (150020,PRESS_BLD_NONINV,PRESS_BLD_NONINV_SYS,False,66,131)" classname="Philips.PMP.Test.Auto.DataTileHelperTest" time="0.005" status="1" />
    <testcase name="DataTileHelperTryGetYellowLimitValue (195740,PRESS_BLD,PRESS_BLD_FEMORAL_RIGHT_SYS,True,90,163)" classname="Philips.PMP.Test.Auto.DataTileHelperTest" time="0.005" status="1" />
    <testcase name="DataTileHelperTryGetYellowLimitValue (195744,PRESS_BLD,PRESS_BLD_FEMORAL_LEFT_SYS,True,60,120)" classname="Philips.PMP.Test.Auto.DataTileHelperTest" time="0.007" status="1" />
    <testcase name="DataTileHelperTryGetYellowLimitValue (195740,PRESS_BLD,PRESS_BLD_FEMORAL_RIGHT_SYS,False,92,160)" classname="Philips.PMP.Test.Auto.DataTileHelperTest" time="0.006" status="1" />
    <testcase name="DataTileHelperTryGetYellowLimitValue (195744,PRESS_BLD,PRESS_BLD_FEMORAL_LEFT_SYS,False,65,125)" classname="Philips.PMP.Test.Auto.DataTileHelperTest" time="0.006" status="1" />
    <testcase name="DataTileHelperContainsWaveIdTest" classname="Philips.PMP.Test.Auto.DataTileHelperTest" time="0.007" status="1" />
    <testcase name="DataTileHelperGetEventStringTest" classname="Philips.PMP.Test.Auto.DataTileHelperTest" time="0.008" status="1" />
    <testcase name="DataTileHelperGetPrettyDurationTest" classname="Philips.PMP.Test.Auto.DataTileHelperTest" time="0.006" status="1" />
    <testcase name="GetMinWaveSpacingTest" classname="Philips.PMP.Test.Auto.DataTileHelperTest" time="0.011" status="1" />
    <testcase name="DataTileHelperConvertInchesToPixelsTest" classname="Philips.PMP.Test.Auto.DataTileHelperTest" time="0.006" status="1" />
    <testcase name="GetWaveGapDisplayStringTest" classname="Philips.PMP.Test.Auto.DataTileHelperTest" time="0.011" status="1" />
    <testcase name="GetWaveIntervalsTest" classname="Philips.PMP.Test.Auto.DataTileHelperTest" time="0.159" status="1" />
    <testcase name="GetCaliperMeasurementStrings" classname="Philips.PMP.Test.Auto.DataTileHelperTest" time="0.008" status="1" />
    <testcase name="DataTileHelperGetSpotCheckValidationsTest (10)" classname="Philips.PMP.Test.Auto.DataTileHelperTest" time="0.042" status="1" />
    <testcase name="DataTileHelperGetTimeFocusBoxTest" classname="Philips.PMP.Test.Auto.DataTileHelperTest" time="0.006" status="1" />
    <testcase name="DataTileHelperSpotCheckTrendControlUpdateDataTest" classname="Philips.PMP.Test.Auto.DataTileHelperTest" time="0.028" status="1" />
    <testcase name="QrsThresholdRenderTest" classname="Philips.PMP.Test.Auto.DataTileHelperTest" time="0.034" status="1" />
    <testcase name="GetAnnotationStringTest" classname="Philips.PMP.Test.Auto.DataTileHelperTest" time="0.006" status="1" />
    <testcase name="DataTileHelperCalculateTickDistanceTest" classname="Philips.PMP.Test.Auto.DataTileHelperTest" time="0.008" status="1" />
    <testcase name="DataTileHelperGetPixelsPerGridIntTest" classname="Philips.PMP.Test.Auto.DataTileHelperTest" time="0.006" status="1" />
    <testcase name="DataTileHelperGetGainTest" classname="Philips.PMP.Test.Auto.DataTileHelperTest" time="0.007" status="1" />
    <testcase name="DataTileHelperFormatAlarmNumberLabelDisplayTest" classname="Philips.PMP.Test.Auto.DataTileHelperTest" time="0.010" status="1" />
    <testcase name="DataTileHelperCompareAlarmCountsTest" classname="Philips.PMP.Test.Auto.DataTileHelperTest" time="0.006" status="1" />
    <testcase name="DataTileHelperGetStripPreviousTimeTest" classname="Philips.PMP.Test.Auto.DataTileHelperTest" time="0.006" status="1" />
    <testcase name="DataTileHelperGetOneSecWidthTest" classname="Philips.PMP.Test.Auto.DataTileHelperTest" time="0.006" status="1" />
    <testcase name="DataTileHelperGenerateSpotCheckEntriesComplexMetricTest" classname="Philips.PMP.Test.Auto.DataTileHelperTest" time="0.008" status="1" />
    <testcase name="CompressedWaveRecordingCantExceed10MinutesTest" classname="Philips.PMP.Test.Auto.DataTileHelperTest" time="0.013" status="1" />
    <testcase name="DataTileHelperGetDurationTest" classname="Philips.PMP.Test.Auto.DataTileHelperTest" time="0.006" status="1" />
    <testcase name="TabularTrendQueryIncludesFirstValueTest" classname="Philips.PMP.Test.Auto.DataTileHelperTest" time="0.124" status="1" />
    <testcase name="SpotCheckTrendControlMaxEntriesTest (32)" classname="Philips.PMP.Test.Auto.DataTileHelperTest" time="0.099" status="1" />
    <testcase name="SpotCheckTrendControlMaxEntriesTest (251)" classname="Philips.PMP.Test.Auto.DataTileHelperTest" time="4.217" status="1" />
    <testcase name="DataTileHelperGetStripNextSecondTimeTest" classname="Philips.PMP.Test.Auto.DataTileHelperTest" time="0.006" status="1" />
    <testcase name="DataTileHelperGetScaleGridTest" classname="Philips.PMP.Test.Auto.DataTileHelperTest" time="0.006" status="1" />
    <testcase name="DataTileHelperConvertPointsToPixelsTest" classname="Philips.PMP.Test.Auto.DataTileHelperTest" time="0.006" status="1" />
    <testcase name="DataTileHelperGetRectSizeInGridsTest" classname="Philips.PMP.Test.Auto.DataTileHelperTest" time="0.006" status="1" />
    <testcase name="DataTileHelperGetEventRectangleTest" classname="Philips.PMP.Test.Auto.DataTileHelperTest" time="0.007" status="1" />
    <testcase name="GetLimitChangesTest" classname="Philips.PMP.Test.Auto.DataTileHelperTest" time="0.018" status="1" />
    <testcase name="GenerateSpotCheckEntriesNoDynamicAttributesTest" classname="Philips.PMP.Test.Auto.DataTileHelperTest" time="0.022" status="1" />
    <testcase name="DataTileHelperGetStripPreviousSecondTimeTest" classname="Philips.PMP.Test.Auto.DataTileHelperTest" time="0.006" status="1" />
    <testcase name="DataTileHelperGetPDSTimeFromSpeedTest" classname="Philips.PMP.Test.Auto.DataTileHelperTest" time="0.006" status="1" />
    <testcase name="DataTileHelperGetXPosTest" classname="Philips.PMP.Test.Auto.DataTileHelperTest" time="0.007" status="1" />
    <testcase name="GetStripHeightSingleWaveTest" classname="Philips.PMP.Test.Auto.DataTileHelperTest" time="0.006" status="1" />
    <testcase name="DataTileHelperGetPixelsPerMMIntTest" classname="Philips.PMP.Test.Auto.DataTileHelperTest" time="0.006" status="1" />
    <testcase name="DataTileHelperConvertRectangleToPixelsTest" classname="Philips.PMP.Test.Auto.DataTileHelperTest" time="0.008" status="1" />
    <testcase name="DataTileHelperGetDurationSettingTest" classname="Philips.PMP.Test.Auto.DataTileHelperTest" time="0.008" status="1" />
    <testcase name="DataTileHelperNormalizeBoundAreaTest" classname="Philips.PMP.Test.Auto.DataTileHelperTest" time="0.006" status="1" />
    <testcase name="UpdateWaveDisplaySettingListMinVisibleTest" classname="Philips.PMP.Test.Auto.DataTileHelperTest" time="0.008" status="1" />
    <testcase name="DataTileHelperValidateRectTest" classname="Philips.PMP.Test.Auto.DataTileHelperTest" time="0.009" status="1" />
    <testcase name="DataTileHelperSpotCheckTrendControlTest (True)" classname="Philips.PMP.Test.Auto.DataTileHelperTest" time="0.224" status="1" />
    <testcase name="DataTileHelperSpotCheckTrendControlTest (False)" classname="Philips.PMP.Test.Auto.DataTileHelperTest" time="0.024" status="1" />
    <testcase name="DataTileHelperConvertDisplayUnitsToPixelsTest" classname="Philips.PMP.Test.Auto.DataTileHelperTest" time="0.006" status="1" />
    <testcase name="DataTileHelperGetPixelsPerGridTest" classname="Philips.PMP.Test.Auto.DataTileHelperTest" time="0.006" status="1" />
    <testcase name="DataTileHelperUpdateGainTest" classname="Philips.PMP.Test.Auto.DataTileHelperTest" time="0.007" status="1" />
    <testcase name="DataTileHelperGetAgedEwsQueryTest" classname="Philips.PMP.Test.Auto.DataTileHelperTest" time="0.012" status="1" />
    <testcase name="DataTileHelperGetDesiredDotSizeForGridTest" classname="Philips.PMP.Test.Auto.DataTileHelperTest" time="0.006" status="1" />
    <testcase name="DataTileHelperGetCaptureStartTimeTest" classname="Philips.PMP.Test.Auto.DataTileHelperTest" time="0.006" status="1" />
    <testcase name="DataTileHelperGetMeasurementsTrendEndTest" classname="Philips.PMP.Test.Auto.DataTileHelperTest" time="0.006" status="1" />
    <testcase name="DataTileHelperGetTimeFromPosXTest" classname="Philips.PMP.Test.Auto.DataTileHelperTest" time="0.006" status="1" />
    <testcase name="DataTileHelperGetNewStartTimeTest" classname="Philips.PMP.Test.Auto.DataTileHelperTest" time="0.008" status="1" />
    <system-out />
    <system-err />
  </testsuite>
  <testsuite name="Philips.PMP.Test.Auto.RecordingRequestParserTest" hostname="RESTORMEL" package="not available" id="210" tests="3" failures="0" errors="0" skipped="0" time="0.057" timestamp="2023-12-13T03:29:57">
    <properties />
    <testcase name="RecordingRequestParserValidateRetrospectiveJobTest" classname="Philips.PMP.Test.Auto.RecordingRequestParserTest" time="0.006" status="1" />
    <testcase name="RecordingRequestParserProcessAlarmRecordingRequestCallingGetDataConfigTest (False)" classname="Philips.PMP.Test.Auto.RecordingRequestParserTest" time="0.015" status="1" />
    <testcase name="RecordingRequestParserProcessAlarmRecordingRequestCallingGetDataConfigTest (True)" classname="Philips.PMP.Test.Auto.RecordingRequestParserTest" time="0.036" status="1" />
    <system-out />
    <system-err />
  </testsuite>
  <testsuite name="Philips.PMP.Test.Auto.ConnectToServerInstallMgrTest" hostname="RESTORMEL" package="not available" id="211" tests="8" failures="0" errors="0" skipped="0" time="0.210" timestamp="2023-12-13T03:30:59">
    <properties />
    <testcase name="OtherHostPrimarySoftwareUpdateFail2Test" classname="Philips.PMP.Test.Auto.ConnectToServerInstallMgrTest" time="0.008" status="1" />
    <testcase name="OtherHostPrimarySoftwareUpdateFail1Test" classname="Philips.PMP.Test.Auto.ConnectToServerInstallMgrTest" time="0.007" status="1" />
    <testcase name="OtherHostPrimaryLoginFailTest" classname="Philips.PMP.Test.Auto.ConnectToServerInstallMgrTest" time="0.005" status="1" />
    <testcase name="ThisHostPrimaryAlreadyConfiguredTest" classname="Philips.PMP.Test.Auto.ConnectToServerInstallMgrTest" time="0.149" status="1" />
    <testcase name="OtherHostPrimaryConnectionSucceedTest" classname="Philips.PMP.Test.Auto.ConnectToServerInstallMgrTest" time="0.010" status="1" />
    <testcase name="OtherHostPrimarySoftwareUpdateSucceedTest" classname="Philips.PMP.Test.Auto.ConnectToServerInstallMgrTest" time="0.016" status="1" />
    <testcase name="OtherHostPrimarySoftwareUpdateFail3Test" classname="Philips.PMP.Test.Auto.ConnectToServerInstallMgrTest" time="0.009" status="1" />
    <testcase name="OtherHostPrimaryDownloadConfigDbFailTest" classname="Philips.PMP.Test.Auto.ConnectToServerInstallMgrTest" time="0.007" status="1" />
    <system-out />
    <system-err />
  </testsuite>
  <testsuite name="Philips.PMP.Test.Auto.EcgDeriverTest" hostname="RESTORMEL" package="not available" id="212" tests="24" failures="0" errors="0" skipped="0" time="0.273" timestamp="2023-12-13T03:29:49">
    <properties />
    <testcase name="UnavailableNumericValuesDontCrashEcgDeriverTest" classname="Philips.PMP.Test.Auto.EcgDeriverTest" time="0.012" status="1" />
    <testcase name="EasiCoefficientsAgainstSTARTest" classname="Philips.PMP.Test.Auto.EcgDeriverTest" time="0.007" status="1" />
    <testcase name="Mcl6RCanBeUsedForDerivationTest" classname="Philips.PMP.Test.Auto.EcgDeriverTest" time="0.001" status="1" />
    <testcase name="GetDerivableHexadWavesTest" classname="Philips.PMP.Test.Auto.EcgDeriverTest" time="0.002" status="1" />
    <testcase name="RealTimeWaveEcgDeriverHandlesIntervalsNotOnChunksTest" classname="Philips.PMP.Test.Auto.EcgDeriverTest" time="0.001" status="1" />
    <testcase name="HexadCoefficientsAgainstSTARTest" classname="Philips.PMP.Test.Auto.EcgDeriverTest" time="0.002" status="1" />
    <testcase name="RoundTripOfEcgLeadsTest" classname="Philips.PMP.Test.Auto.EcgDeriverTest" time="0.003" status="1" />
    <testcase name="GetDerivableEasiWavesTest" classname="Philips.PMP.Test.Auto.EcgDeriverTest" time="0.004" status="1" />
    <testcase name="HexadLicensesTest" classname="Philips.PMP.Test.Auto.EcgDeriverTest" time="0.011" status="1" />
    <testcase name="RealTimeDeriverDoesntCrashWhenNoWavesGivenTest" classname="Philips.PMP.Test.Auto.EcgDeriverTest" time="0.001" status="1" />
    <testcase name="HexadLeadsAreDerivableFromNonStandardLimbLeads" classname="Philips.PMP.Test.Auto.EcgDeriverTest" time="0.006" status="1" />
    <testcase name="DeriveCompoundWaveSnippetsEasiTest" classname="Philips.PMP.Test.Auto.EcgDeriverTest" time="0.007" status="1" />
    <testcase name="HexadLimbLeadsAreDerivableEvenIfChestLeadsAreNot" classname="Philips.PMP.Test.Auto.EcgDeriverTest" time="0.003" status="1" />
    <testcase name="TryGetEasiCoefficientsTest" classname="Philips.PMP.Test.Auto.EcgDeriverTest" time="0.005" status="1" />
    <testcase name="RealTimeWaveEcgDeriverEmptyWaveChunkDoesntCrash" classname="Philips.PMP.Test.Auto.EcgDeriverTest" time="0.016" status="1" />
    <testcase name="BackfillFlagsArePropagatedForwardThroughDeriverTest" classname="Philips.PMP.Test.Auto.EcgDeriverTest" time="0.006" status="1" />
    <testcase name="EcgDeriverHandlesPhysioId0Test" classname="Philips.PMP.Test.Auto.EcgDeriverTest" time="0.001" status="1" />
    <testcase name="HexadForceTest" classname="Philips.PMP.Test.Auto.EcgDeriverTest" time="0.008" status="1" />
    <testcase name="EasiLicensesTest" classname="Philips.PMP.Test.Auto.EcgDeriverTest" time="0.072" status="1" />
    <testcase name="CoefficientsAgainstSTARTest" classname="Philips.PMP.Test.Auto.EcgDeriverTest" time="0.020" status="1" />
    <testcase name="LimbLeadDerivationTest" classname="Philips.PMP.Test.Auto.EcgDeriverTest" time="0.010" status="1" />
    <testcase name="SomeUnavailableNumericValuesDontMarkAllDataUnavailableTest" classname="Philips.PMP.Test.Auto.EcgDeriverTest" time="0.006" status="1" />
    <testcase name="DeriveCompoundWaveSnippetsHexadTest" classname="Philips.PMP.Test.Auto.EcgDeriverTest" time="0.045" status="1" />
    <testcase name="RealTimeDerivableHexadWavesTest" classname="Philips.PMP.Test.Auto.EcgDeriverTest" time="0.025" status="1" />
    <system-out />
    <system-err />
  </testsuite>
  <testsuite name="Philips.PMP.Test.Auto.EntityLicenseTest" hostname="RESTORMEL" package="not available" id="213" tests="9" failures="0" errors="0" skipped="0" time="0.007" timestamp="2023-12-13T03:34:26">
    <properties />
    <testcase name="EntityLicenseGetFeatureOptionValue" classname="Philips.PMP.Test.Auto.EntityLicenseTest" time="0.001" status="1" />
    <testcase name="EntityLicenseGetFeatureCodes" classname="Philips.PMP.Test.Auto.EntityLicenseTest" time="0.001" status="1" />
    <testcase name="GetFeatureWillFindFeature" classname="Philips.PMP.Test.Auto.EntityLicenseTest" time="0.001" status="1" />
    <testcase name="GetFeatureWillReturnNullIfNoMatchingEntityIdIsFound" classname="Philips.PMP.Test.Auto.EntityLicenseTest" time="0.000" status="1" />
    <testcase name="EntityLicenseIsLicensedFeature" classname="Philips.PMP.Test.Auto.EntityLicenseTest" time="0.001" status="1" />
    <testcase name="EntityLicenseAreAnyLicensed" classname="Philips.PMP.Test.Auto.EntityLicenseTest" time="0.001" status="1" />
    <testcase name="EntityLicenseAreAllLicensed" classname="Philips.PMP.Test.Auto.EntityLicenseTest" time="0.001" status="1" />
    <testcase name="EntityLicenseIsLicensed" classname="Philips.PMP.Test.Auto.EntityLicenseTest" time="0.000" status="1" />
    <testcase name="EntityLicenseGetFeatures" classname="Philips.PMP.Test.Auto.EntityLicenseTest" time="0.001" status="1" />
    <system-out />
    <system-err />
  </testsuite>
  <testsuite name="Philips.PMP.Test.Auto.TopologyChangeAggregatorTest" hostname="RESTORMEL" package="not available" id="214" tests="12" failures="0" errors="0" skipped="0" time="0.155" timestamp="2023-12-13T03:38:02">
    <properties />
    <testcase name="DeviceChangeAggregatorOnlyPublishValidEventsTest (True,1)" classname="Philips.PMP.Test.Auto.TopologyChangeAggregatorTest" time="0.007" status="1" />
    <testcase name="DeviceChangeAggregatorOnlyPublishValidEventsTest (False,0)" classname="Philips.PMP.Test.Auto.TopologyChangeAggregatorTest" time="0.004" status="1" />
    <testcase name="DeviceChangeAggregatorStartupSubscriptionTest (True,1)" classname="Philips.PMP.Test.Auto.TopologyChangeAggregatorTest" time="0.004" status="1" />
    <testcase name="DeviceChangeAggregatorStartupSubscriptionTest (False,0)" classname="Philips.PMP.Test.Auto.TopologyChangeAggregatorTest" time="0.002" status="1" />
    <testcase name="DeviceChangeAggregatorPubSubEventAggregationTest (5,1)" classname="Philips.PMP.Test.Auto.TopologyChangeAggregatorTest" time="0.011" status="1" />
    <testcase name="DeviceChangeAggregatorPubSubEventAggregationTest (1,0)" classname="Philips.PMP.Test.Auto.TopologyChangeAggregatorTest" time="0.005" status="1" />
    <testcase name="TopologyChangeAggregatorStartupSubscriptionTest (True,1)" classname="Philips.PMP.Test.Auto.TopologyChangeAggregatorTest" time="0.005" status="1" />
    <testcase name="TopologyChangeAggregatorStartupSubscriptionTest (False,0)" classname="Philips.PMP.Test.Auto.TopologyChangeAggregatorTest" time="0.002" status="1" />
    <testcase name="TopologyChangeAggregatorPubSubEventAggregationTest (5,1)" classname="Philips.PMP.Test.Auto.TopologyChangeAggregatorTest" time="0.099" status="1" />
    <testcase name="TopologyChangeAggregatorPubSubEventAggregationTest (1,0)" classname="Philips.PMP.Test.Auto.TopologyChangeAggregatorTest" time="0.005" status="1" />
    <testcase name="TopologyChangeAggregatorOnlyPublishValidEventsTest (True,1)" classname="Philips.PMP.Test.Auto.TopologyChangeAggregatorTest" time="0.007" status="1" />
    <testcase name="TopologyChangeAggregatorOnlyPublishValidEventsTest (False,0)" classname="Philips.PMP.Test.Auto.TopologyChangeAggregatorTest" time="0.004" status="1" />
    <system-out />
    <system-err />
  </testsuite>
  <testsuite name="Philips.PMP.Test.Auto.PhysioDataComparisonTest" hostname="RESTORMEL" package="not available" id="215" tests="16" failures="0" errors="0" skipped="0" time="0.013" timestamp="2023-12-13T03:35:46">
    <properties />
    <testcase name="NotableIntervalQueryEqualityTest" classname="Philips.PMP.Test.Auto.PhysioDataComparisonTest" time="0.001" status="1" />
    <testcase name="EcgSaPresentationDifferentTest" classname="Philips.PMP.Test.Auto.PhysioDataComparisonTest" time="0.001" status="1" />
    <testcase name="NumericQueryEqualityTest" classname="Philips.PMP.Test.Auto.PhysioDataComparisonTest" time="0.001" status="1" />
    <testcase name="PhysioDataQueryEqualityTest" classname="Philips.PMP.Test.Auto.PhysioDataComparisonTest" time="0.001" status="1" />
    <testcase name="IsContainedInListTest" classname="Philips.PMP.Test.Auto.PhysioDataComparisonTest" time="0.002" status="1" />
    <testcase name="AlertListQueryEqualityTest" classname="Philips.PMP.Test.Auto.PhysioDataComparisonTest" time="0.001" status="1" />
    <testcase name="AlertEqualityTest" classname="Philips.PMP.Test.Auto.PhysioDataComparisonTest" time="0.001" status="1" />
    <testcase name="EnumerationQueryEqualityTest" classname="Philips.PMP.Test.Auto.PhysioDataComparisonTest" time="0.003" status="1" />
    <testcase name="EcgMetricPresentationDifferentTest" classname="Philips.PMP.Test.Auto.PhysioDataComparisonTest" time="0.001" status="1" />
    <testcase name="WaveQueryEqualityTest" classname="Philips.PMP.Test.Auto.PhysioDataComparisonTest" time="0.000" status="1" />
    <testcase name="Ecg12LeadQueryEqualityTest" classname="Philips.PMP.Test.Auto.PhysioDataComparisonTest" time="0.000" status="1" />
    <testcase name="InfoEventQueryEqualityTest" classname="Philips.PMP.Test.Auto.PhysioDataComparisonTest" time="0.001" status="1" />
    <testcase name="MetricCompoundValueEqualityTest" classname="Philips.PMP.Test.Auto.PhysioDataComparisonTest" time="0.001" status="1" />
    <testcase name="TimeWaveQueryEqualityTest" classname="Philips.PMP.Test.Auto.PhysioDataComparisonTest" time="0.000" status="1" />
    <testcase name="AlertQueryEqualityTest" classname="Philips.PMP.Test.Auto.PhysioDataComparisonTest" time="0.001" status="1" />
    <testcase name="ComplexMetricQueryEqualityTest" classname="Philips.PMP.Test.Auto.PhysioDataComparisonTest" time="0.001" status="1" />
    <system-out />
    <system-err />
  </testsuite>
  <testsuite name="Philips.PMP.Test.Auto.AutoAdtConfigControlHelperTest" hostname="RESTORMEL" package="not available" id="216" tests="15" failures="0" errors="0" skipped="0" time="0.220" timestamp="2023-12-13T03:29:38">
    <properties />
    <testcase name="GetAutoAdtUiSettingForEntityTest" classname="Philips.PMP.Test.Auto.AutoAdtConfigControlHelperTest" time="0.088" status="1" />
    <testcase name="ShouldShowWarningTest" classname="Philips.PMP.Test.Auto.AutoAdtConfigControlHelperTest" time="0.001" status="1" />
    <testcase name="GetMyProfilesTest" classname="Philips.PMP.Test.Auto.AutoAdtConfigControlHelperTest" time="0.021" status="1" />
    <testcase name="GetUpdatedAutoAdtUiSettingsTest (False,PullTransferConfirmationOnly)" classname="Philips.PMP.Test.Auto.AutoAdtConfigControlHelperTest" time="0.016" status="1" />
    <testcase name="GetUpdatedAutoAdtUiSettingsTest (True,PushTransferConfirmationOnly)" classname="Philips.PMP.Test.Auto.AutoAdtConfigControlHelperTest" time="0.001" status="1" />
    <testcase name="CopySettingsTest" classname="Philips.PMP.Test.Auto.AutoAdtConfigControlHelperTest" time="0.015" status="1" />
    <testcase name="GetProfilesTest" classname="Philips.PMP.Test.Auto.AutoAdtConfigControlHelperTest" time="0.004" status="1" />
    <testcase name="GetEntitiesTest" classname="Philips.PMP.Test.Auto.AutoAdtConfigControlHelperTest" time="0.017" status="1" />
    <testcase name="GetAutoAdtTransferConfirmationValuesTest" classname="Philips.PMP.Test.Auto.AutoAdtConfigControlHelperTest" time="0.016" status="1" />
    <testcase name="GetEntityTypeTest" classname="Philips.PMP.Test.Auto.AutoAdtConfigControlHelperTest" time="0.001" status="1" />
    <testcase name="ResetToFactoryDefaultsTest" classname="Philips.PMP.Test.Auto.AutoAdtConfigControlHelperTest" time="0.006" status="1" />
    <testcase name="SaveSettingsTest" classname="Philips.PMP.Test.Auto.AutoAdtConfigControlHelperTest" time="0.002" status="1" />
    <testcase name="GetAutoAdtUiSettingTest (False,False)" classname="Philips.PMP.Test.Auto.AutoAdtConfigControlHelperTest" time="0.015" status="1" />
    <testcase name="GetAutoAdtUiSettingTest (True,False)" classname="Philips.PMP.Test.Auto.AutoAdtConfigControlHelperTest" time="0.016" status="1" />
    <testcase name="GetAutoAdtUiSettingTest (True,True)" classname="Philips.PMP.Test.Auto.AutoAdtConfigControlHelperTest" time="0.000" status="1" />
    <system-out />
    <system-err />
  </testsuite>
  <testsuite name="Philips.PMP.Test.Auto.AlertMgrHelperTest" hostname="RESTORMEL" package="not available" id="217" tests="32" failures="0" errors="0" skipped="0" time="1.040" timestamp="2023-12-13T03:35:43">
    <properties />
    <testcase name="AlertMgrHelperGetAuditActionTest (False,0,0,NoAlert,Unknown,False,False)" classname="Philips.PMP.Test.Auto.AlertMgrHelperTest" time="0.004" status="1" />
    <testcase name="AlertMgrHelperGetAuditActionTest (True,AlReminder,0,RedAlarm,RedRealarmAndRemind,True,False)" classname="Philips.PMP.Test.Auto.AlertMgrHelperTest" time="0.003" status="1" />
    <testcase name="AlertMgrHelperGetAuditActionTest (True,AlReminder,0,YellowAlarm,YellowRealarmAndRemind,True,False)" classname="Philips.PMP.Test.Auto.AlertMgrHelperTest" time="0.001" status="1" />
    <testcase name="AlertMgrHelperGetAuditActionTest (True,AlReminder,0,ShortYellowAlarm,Unknown,False,False)" classname="Philips.PMP.Test.Auto.AlertMgrHelperTest" time="0.001" status="1" />
    <testcase name="AlertMgrHelperGetAuditActionTest (True,AlReminder,0,SevereInop,Unknown,False,False)" classname="Philips.PMP.Test.Auto.AlertMgrHelperTest" time="0.001" status="1" />
    <testcase name="AlertMgrHelperGetAuditActionTest (True,AlReminder,0,HardInop,Unknown,False,False)" classname="Philips.PMP.Test.Auto.AlertMgrHelperTest" time="0.003" status="1" />
    <testcase name="AlertMgrHelperGetAuditActionTest (True,AlReminder,AlReminder,RedAlarm,Unknown,False,False)" classname="Philips.PMP.Test.Auto.AlertMgrHelperTest" time="0.001" status="1" />
    <testcase name="AlertMgrHelperGetAuditActionTest (True,AlReminder,AlReminder,YellowAlarm,Unknown,False,False)" classname="Philips.PMP.Test.Auto.AlertMgrHelperTest" time="0.001" status="1" />
    <testcase name="AlertMgrHelperGetAuditActionTest (True,AlReminder,AlReminder,ShortYellowAlarm,Unknown,False,False)" classname="Philips.PMP.Test.Auto.AlertMgrHelperTest" time="0.001" status="1" />
    <testcase name="AlertMgrHelperGetAuditActionTest (True,AlRealarm,0,RedAlarm,RedRealarmAndRemind,False,True)" classname="Philips.PMP.Test.Auto.AlertMgrHelperTest" time="0.002" status="1" />
    <testcase name="AlertMgrHelperGetAuditActionTest (True,AlRealarm,0,YellowAlarm,YellowRealarmAndRemind,False,True)" classname="Philips.PMP.Test.Auto.AlertMgrHelperTest" time="0.001" status="1" />
    <testcase name="AlertMgrHelperGetAuditActionTest (True,AlRealarm,0,ShortYellowAlarm,Unknown,False,False)" classname="Philips.PMP.Test.Auto.AlertMgrHelperTest" time="0.001" status="1" />
    <testcase name="AlertMgrHelperGetAuditActionTest (True,AlRealarm,0,SevereInop,Unknown,False,False)" classname="Philips.PMP.Test.Auto.AlertMgrHelperTest" time="0.001" status="1" />
    <testcase name="AlertMgrHelperGetAuditActionTest (True,AlRealarm,0,HardInop,Unknown,False,False)" classname="Philips.PMP.Test.Auto.AlertMgrHelperTest" time="0.001" status="1" />
    <testcase name="AlertMgrHelperGetAuditActionTest (True,AlRealarm,AlRealarm,RedAlarm,Unknown,False,False)" classname="Philips.PMP.Test.Auto.AlertMgrHelperTest" time="0.001" status="1" />
    <testcase name="AlertMgrHelperGetAuditActionTest (True,AlRealarm,AlRealarm,YellowAlarm,Unknown,False,False)" classname="Philips.PMP.Test.Auto.AlertMgrHelperTest" time="0.000" status="1" />
    <testcase name="AlertMgrHelperGetAuditActionTest (True,AlRealarm,AlRealarm,ShortYellowAlarm,Unknown,False,False)" classname="Philips.PMP.Test.Auto.AlertMgrHelperTest" time="0.001" status="1" />
    <testcase name="AlertMgrHelperAlertNotificationChangeTest" classname="Philips.PMP.Test.Auto.AlertMgrHelperTest" time="0.003" status="1" />
    <testcase name="AlertMgrHelperAuditRemindAndRealarmTest (0,0,NoAlert,0,0,NoAlert,False,0,0)" classname="Philips.PMP.Test.Auto.AlertMgrHelperTest" time="0.006" status="1" />
    <testcase name="AlertMgrHelperAuditRemindAndRealarmTest (0,0,NoAlert,0,0,NoAlert,True,0,0)" classname="Philips.PMP.Test.Auto.AlertMgrHelperTest" time="0.003" status="1" />
    <testcase name="AlertMgrHelperAuditRemindAndRealarmTest (0,0,NoAlert,0,AlReminder,RedAlarm,False,0,0)" classname="Philips.PMP.Test.Auto.AlertMgrHelperTest" time="0.002" status="1" />
    <testcase name="AlertMgrHelperAuditRemindAndRealarmTest (0,0,NoAlert,0,AlReminder,RedAlarm,True,1,1)" classname="Philips.PMP.Test.Auto.AlertMgrHelperTest" time="0.004" status="1" />
    <testcase name="AlertMgrHelperAuditRemindAndRealarmTest (0,AlReminder,YellowAlarm,0,AlReminder,RedAlarm,False,1,0)" classname="Philips.PMP.Test.Auto.AlertMgrHelperTest" time="0.003" status="1" />
    <testcase name="AlertMgrHelperAuditRemindAndRealarmTest (0,AlReminder,YellowAlarm,0,AlReminder,RedAlarm,True,2,1)" classname="Philips.PMP.Test.Auto.AlertMgrHelperTest" time="0.002" status="1" />
    <testcase name="AlertMgrHelperAuditRemindAndRealarmTest (0,AlReminder,RedAlarm,0,AlReminder,RedAlarm,False,1,0)" classname="Philips.PMP.Test.Auto.AlertMgrHelperTest" time="0.004" status="1" />
    <testcase name="AlertMgrHelperAuditRemindAndRealarmTest (0,AlReminder,RedAlarm,0,AlReminder,RedAlarm,True,1,0)" classname="Philips.PMP.Test.Auto.AlertMgrHelperTest" time="0.002" status="1" />
    <testcase name="AlertMgrHelperControlsAreCached" classname="Philips.PMP.Test.Auto.AlertMgrHelperTest" time="0.005" status="1" />
    <testcase name="AlertMgrHelperThrowsOnMissingControl" classname="Philips.PMP.Test.Auto.AlertMgrHelperTest" time="0.001" status="1" />
    <testcase name="AlertMgrHelperLeadsetUnpluggedTest (0,HardInop,2155152598)" classname="Philips.PMP.Test.Auto.AlertMgrHelperTest" time="0.249" status="1" />
    <testcase name="AlertMgrHelperLeadsetUnpluggedTest (1,YellowAlarm,2161247234)" classname="Philips.PMP.Test.Auto.AlertMgrHelperTest" time="0.240" status="1" />
    <testcase name="AlertMgrHelperLeadsetUnpluggedTest (2,RedAlarm,2161247235)" classname="Philips.PMP.Test.Auto.AlertMgrHelperTest" time="0.247" status="1" />
    <testcase name="AlertMgrHelperReloadCachePeriodically" classname="Philips.PMP.Test.Auto.AlertMgrHelperTest" time="0.245" status="1" />
    <system-out />
    <system-err />
  </testsuite>
  <testsuite name="Philips.PMP.Test.Auto.UptimeTrackingAlertNotificationTest" hostname="RESTORMEL" package="not available" id="218" tests="3" failures="0" errors="0" skipped="0" time="0.122" timestamp="2023-12-13T03:33:54">
    <properties />
    <testcase name="AlertDispatcherFiltersTrackedMessages" classname="Philips.PMP.Test.Auto.UptimeTrackingAlertNotificationTest" time="0.004" status="1" />
    <testcase name="AlertDispatcherMessageCountsAreTracked" classname="Philips.PMP.Test.Auto.UptimeTrackingAlertNotificationTest" time="0.115" status="1" />
    <testcase name="AlertDispatcherStatusChangesAreTracked" classname="Philips.PMP.Test.Auto.UptimeTrackingAlertNotificationTest" time="0.003" status="1" />
    <system-out />
    <system-err />
  </testsuite>
  <testsuite name="Philips.PMP.Test.Auto.ReviewAppsUiTest" hostname="RESTORMEL" package="not available" id="219" tests="3" failures="0" errors="0" skipped="0" time="0.316" timestamp="2023-12-13T03:30:29">
    <properties />
    <testcase name="PhysioDataMgrDefaultTimeout (360000,360000)" classname="Philips.PMP.Test.Auto.ReviewAppsUiTest" time="0.231" status="1" />
    <testcase name="PhysioDataMgrDefaultTimeout (,8000)" classname="Philips.PMP.Test.Auto.ReviewAppsUiTest" time="0.007" status="1" />
    <testcase name="BuildDataQueriesTest" classname="Philips.PMP.Test.Auto.ReviewAppsUiTest" time="0.078" status="1" />
    <system-out />
    <system-err />
  </testsuite>
  <testsuite name="Philips.PIC.WebBridge.Test.TokensControllerTest" hostname="RESTORMEL" package="not available" id="220" tests="5" failures="0" errors="0" skipped="0" time="0.011" timestamp="2023-12-13T03:39:11">
    <properties />
    <testcase name="TokenCreateNoAuthenticationHeaderTest" classname="Philips.PIC.WebBridge.Test.TokensControllerTest" time="0.001" status="1" />
    <testcase name="TokenCreateUnsuccessfulAuthenticationTest" classname="Philips.PIC.WebBridge.Test.TokensControllerTest" time="0.001" status="1" />
    <testcase name="TokenCreateNonBasicAuthenticationHeaderTest" classname="Philips.PIC.WebBridge.Test.TokensControllerTest" time="0.001" status="1" />
    <testcase name="GetToken" classname="Philips.PIC.WebBridge.Test.TokensControllerTest" time="0.001" status="1" />
    <testcase name="TokenCreateSuccessfulAuthenticationTest" classname="Philips.PIC.WebBridge.Test.TokensControllerTest" time="0.007" status="1" />
    <system-out />
    <system-err />
  </testsuite>
  <testsuite name="Philips.PMP.Test.Auto.ApplicationMgrTest" hostname="RESTORMEL" package="not available" id="221" tests="28" failures="0" errors="0" skipped="0" time="2.166" timestamp="2023-12-13T03:30:13">
    <properties />
    <testcase name="ApplicationMgrCanLogFatalExceptions (True,True)" classname="Philips.PMP.Test.Auto.ApplicationMgrTest" time="0.003" status="1" />
    <testcase name="ApplicationMgrCanLogFatalExceptions (True,False)" classname="Philips.PMP.Test.Auto.ApplicationMgrTest" time="0.001" status="1" />
    <testcase name="ApplicationMgrCanLogFatalExceptions (False,True)" classname="Philips.PMP.Test.Auto.ApplicationMgrTest" time="0.002" status="1" />
    <testcase name="ApplicationMgrCanLogFatalExceptions (False,False)" classname="Philips.PMP.Test.Auto.ApplicationMgrTest" time="0.001" status="1" />
    <testcase name="AppMgrActivateApplicationTest (AdvancedReview,False)" classname="Philips.PMP.Test.Auto.ApplicationMgrTest" time="0.067" status="1" />
    <testcase name="AppMgrActivateApplicationTest (AdvancedReview,True)" classname="Philips.PMP.Test.Auto.ApplicationMgrTest" time="0.001" status="1" />
    <testcase name="AppMgrActivateApplicationTest (UnitSettings,False)" classname="Philips.PMP.Test.Auto.ApplicationMgrTest" time="0.002" status="1" />
    <testcase name="AppMgrActivateApplicationTest (UnitSettings,True)" classname="Philips.PMP.Test.Auto.ApplicationMgrTest" time="0.001" status="1" />
    <testcase name="PatientWindowControlTest" classname="Philips.PMP.Test.Auto.ApplicationMgrTest" time="0.114" status="1" />
    <testcase name="AppMgrEnableDesktopAccessTest (True)" classname="Philips.PMP.Test.Auto.ApplicationMgrTest" time="0.051" status="1" />
    <testcase name="AppMgrEnableDesktopAccessTest (False)" classname="Philips.PMP.Test.Auto.ApplicationMgrTest" time="0.004" status="1" />
    <testcase name="ApplicationMgrInitializeProduct (867141,Philips Medizin Systeme&#xA;Böblingen GmbH,Hewlett-Packard Strasse 2&#xA;71034 Böblingen&#xA;GERMANY,)" classname="Philips.PMP.Test.Auto.ApplicationMgrTest" time="0.136" status="1" />
    <testcase name="ApplicationMgrInitializeProduct (867093,Philips Medizin Systeme&#xA;Böblingen GmbH,Hewlett-Packard Strasse 2&#xA;71034 Böblingen&#xA;GERMANY,)" classname="Philips.PMP.Test.Auto.ApplicationMgrTest" time="0.002" status="1" />
    <testcase name="PatientAssignmentControlTest" classname="Philips.PMP.Test.Auto.ApplicationMgrTest" time="0.194" status="1" />
    <testcase name="AllControlsControlTest" classname="Philips.PMP.Test.Auto.ApplicationMgrTest" time="0.044" status="1" />
    <testcase name="DisplayControllerFormTest" classname="Philips.PMP.Test.Auto.ApplicationMgrTest" time="0.138" status="1" />
    <testcase name="ApplicationMgrGetReviewApplicationLifetime (AlarmReview,ShowHide)" classname="Philips.PMP.Test.Auto.ApplicationMgrTest" time="0.002" status="1" />
    <testcase name="ApplicationMgrGetReviewApplicationLifetime (GeneralReview,CreateDestroy)" classname="Philips.PMP.Test.Auto.ApplicationMgrTest" time="0.001" status="1" />
    <testcase name="ApplicationMgrGetReviewApplicationLifetime (AdvancedReview,CreateDestroy)" classname="Philips.PMP.Test.Auto.ApplicationMgrTest" time="0.001" status="1" />
    <testcase name="ApplicationMgrGetReviewApplicationLifetime (TwelveLeadCaptureReview,CreateDestroy)" classname="Philips.PMP.Test.Auto.ApplicationMgrTest" time="0.000" status="1" />
    <testcase name="ApplicationMgrInitializeEnablesPubSubNotification" classname="Philips.PMP.Test.Auto.ApplicationMgrTest" time="0.347" status="1" />
    <testcase name="ApplicationWindowControlTest" classname="Philips.PMP.Test.Auto.ApplicationMgrTest" time="0.100" status="1" />
    <testcase name="AlarmReviewControlTest" classname="Philips.PMP.Test.Auto.ApplicationMgrTest" time="0.267" status="1" />
    <testcase name="ApplicationMgrCloseAllModals" classname="Philips.PMP.Test.Auto.ApplicationMgrTest" time="0.010" status="1" />
    <testcase name="ApplicationNavigationControlTest" classname="Philips.PMP.Test.Auto.ApplicationMgrTest" time="0.034" status="1" />
    <testcase name="AllMeasurementsControlTest" classname="Philips.PMP.Test.Auto.ApplicationMgrTest" time="0.417" status="1" />
    <testcase name="ApplicationFormTest" classname="Philips.PMP.Test.Auto.ApplicationMgrTest" time="0.136" status="1" />
    <testcase name="AlarmSummaryControlTest" classname="Philips.PMP.Test.Auto.ApplicationMgrTest" time="0.092" status="1" />
    <system-out />
    <system-err />
  </testsuite>
  <testsuite name="Philips.PMP.Test.Auto.BedTransferTransitionHostSorterTest" hostname="RESTORMEL" package="not available" id="222" tests="2" failures="0" errors="0" skipped="0" time="0.284" timestamp="2023-12-13T03:29:38">
    <properties />
    <testcase name="BedTransferHostSorterCanRankByConnectivity" classname="Philips.PMP.Test.Auto.BedTransferTransitionHostSorterTest" time="0.008" status="1" />
    <testcase name="BedTransferHostSorterCanOrderByAvailableBeds" classname="Philips.PMP.Test.Auto.BedTransferTransitionHostSorterTest" time="0.276" status="1" />
    <system-out />
    <system-err />
  </testsuite>
  <testsuite name="Philips.PMP.Test.Auto.DataBackIntegrationTest" hostname="RESTORMEL" package="not available" id="223" tests="31" failures="0" errors="0" skipped="0" time="0.131" timestamp="2023-12-13T03:33:35">
    <properties />
    <testcase name="DataBackIntegrationAddDeviceTest (0,0,0)" classname="Philips.PMP.Test.Auto.DataBackIntegrationTest" time="0.001" status="1" />
    <testcase name="DataBackIntegrationAddDeviceTest (1,0,0)" classname="Philips.PMP.Test.Auto.DataBackIntegrationTest" time="0.000" status="1" />
    <testcase name="DataBackIntegrationAddDeviceTest (1,1,1)" classname="Philips.PMP.Test.Auto.DataBackIntegrationTest" time="0.002" status="1" />
    <testcase name="DataBackIntegrationAddDeviceTest (1,3,1)" classname="Philips.PMP.Test.Auto.DataBackIntegrationTest" time="0.000" status="1" />
    <testcase name="DataBackIntegrationAddDeviceTest (2,0,2)" classname="Philips.PMP.Test.Auto.DataBackIntegrationTest" time="0.000" status="1" />
    <testcase name="DataBackIntegrationAddDeviceTest (2,1,2)" classname="Philips.PMP.Test.Auto.DataBackIntegrationTest" time="0.000" status="1" />
    <testcase name="DataBackIntegrationRemoveDeviceTest (1,1,0,1)" classname="Philips.PMP.Test.Auto.DataBackIntegrationTest" time="0.001" status="1" />
    <testcase name="DataBackIntegrationRemoveDeviceTest (1,1,1,0)" classname="Philips.PMP.Test.Auto.DataBackIntegrationTest" time="0.001" status="1" />
    <testcase name="DataBackIntegrationRemoveDeviceTest (1,3,1,0)" classname="Philips.PMP.Test.Auto.DataBackIntegrationTest" time="0.001" status="1" />
    <testcase name="DataBackIntegrationRemoveDeviceTest (2,0,1,0)" classname="Philips.PMP.Test.Auto.DataBackIntegrationTest" time="0.001" status="1" />
    <testcase name="DataBackIntegrationRemoveDeviceTest (2,1,1,1)" classname="Philips.PMP.Test.Auto.DataBackIntegrationTest" time="0.001" status="1" />
    <testcase name="DataBackIntegrationRemoveDeviceTest (3,0,1,2)" classname="Philips.PMP.Test.Auto.DataBackIntegrationTest" time="0.001" status="1" />
    <testcase name="DataBackIntegrationRemoveDeviceTest (4,2,2,2)" classname="Philips.PMP.Test.Auto.DataBackIntegrationTest" time="0.002" status="1" />
    <testcase name="DataBackIntegrationNoValuesObservedValueBuilderTest" classname="Philips.PMP.Test.Auto.DataBackIntegrationTest" time="0.002" status="1" />
    <testcase name="DataBackIntegrationFullDynamicAttributeBuilderTest" classname="Philips.PMP.Test.Auto.DataBackIntegrationTest" time="0.001" status="1" />
    <testcase name="DataBackIntegrationEmptyDynamicAttributeBuilderTest" classname="Philips.PMP.Test.Auto.DataBackIntegrationTest" time="0.029" status="1" />
    <testcase name="DataBackIntegrationContainmentTreeRemoveNodeTest" classname="Philips.PMP.Test.Auto.DataBackIntegrationTest" time="0.003" status="1" />
    <testcase name="DataBackIntegrationEmptyContainmentTreeBuilderTest" classname="Philips.PMP.Test.Auto.DataBackIntegrationTest" time="0.005" status="1" />
    <testcase name="DataBackIntegrationSimpleObservedValueBuilderTest" classname="Philips.PMP.Test.Auto.DataBackIntegrationTest" time="0.003" status="1" />
    <testcase name="DataBackIntegrationAperiodicCompoundObservedValueBuilderTest" classname="Philips.PMP.Test.Auto.DataBackIntegrationTest" time="0.004" status="1" />
    <testcase name="DataBackIntegrationChangeBedTest" classname="Philips.PMP.Test.Auto.DataBackIntegrationTest" time="0.001" status="1" />
    <testcase name="DataBackIntegrationRemoveBedTest" classname="Philips.PMP.Test.Auto.DataBackIntegrationTest" time="0.001" status="1" />
    <testcase name="DataBackIntegrationAddBedTest" classname="Philips.PMP.Test.Auto.DataBackIntegrationTest" time="0.006" status="1" />
    <testcase name="DataBackIntegrationTwoNumericsObservedValueBuilderTest" classname="Philips.PMP.Test.Auto.DataBackIntegrationTest" time="0.001" status="1" />
    <testcase name="DataBackIntegrationFeatureBitTest" classname="Philips.PMP.Test.Auto.DataBackIntegrationTest" time="0.001" status="1" />
    <testcase name="DataBackIntegrationProcessCorrectEventTypesForChangeEquipmentTest (AddEquipment,1)" classname="Philips.PMP.Test.Auto.DataBackIntegrationTest" time="0.039" status="1" />
    <testcase name="DataBackIntegrationProcessCorrectEventTypesForChangeEquipmentTest (RemoveEquipment,1)" classname="Philips.PMP.Test.Auto.DataBackIntegrationTest" time="0.001" status="1" />
    <testcase name="DataBackIntegrationProcessCorrectEventTypesForChangeEquipmentTest (AddEquipment, RemoveEquipment,1)" classname="Philips.PMP.Test.Auto.DataBackIntegrationTest" time="0.000" status="1" />
    <testcase name="DataBackIntegrationProcessCorrectEventTypesForChangeEquipmentTest (4294967103,0)" classname="Philips.PMP.Test.Auto.DataBackIntegrationTest" time="0.000" status="1" />
    <testcase name="DataBackIntegrationNoSingleCtxtScanObservedValueBuilderTest" classname="Philips.PMP.Test.Auto.DataBackIntegrationTest" time="0.002" status="1" />
    <testcase name="DataBackIntegrationContainmentTreeBuilderTest" classname="Philips.PMP.Test.Auto.DataBackIntegrationTest" time="0.020" status="1" />
    <system-out />
    <system-err />
  </testsuite>
  <testsuite name="Philips.PMP.Test.Auto.LinePlotTest" hostname="RESTORMEL" package="not available" id="224" tests="18" failures="0" errors="0" skipped="0" time="0.009" timestamp="2023-12-13T03:31:10">
    <properties />
    <testcase name="FindStartIndexTest (0,0)" classname="Philips.PMP.Test.Auto.LinePlotTest" time="0.002" status="1" />
    <testcase name="FindStartIndexTest (0,4)" classname="Philips.PMP.Test.Auto.LinePlotTest" time="0.000" status="1" />
    <testcase name="FindStartIndexTest (0,5)" classname="Philips.PMP.Test.Auto.LinePlotTest" time="0.000" status="1" />
    <testcase name="FindStartIndexTest (0,6)" classname="Philips.PMP.Test.Auto.LinePlotTest" time="0.000" status="1" />
    <testcase name="FindStartIndexTest (9,15)" classname="Philips.PMP.Test.Auto.LinePlotTest" time="0.000" status="1" />
    <testcase name="FindStartIndexTest (10,16)" classname="Philips.PMP.Test.Auto.LinePlotTest" time="0.000" status="1" />
    <testcase name="FindStartIndexTest (11,17)" classname="Philips.PMP.Test.Auto.LinePlotTest" time="0.000" status="1" />
    <testcase name="FindStartIndexTest (12,18)" classname="Philips.PMP.Test.Auto.LinePlotTest" time="0.000" status="1" />
    <testcase name="FindStartIndexTest (12,19)" classname="Philips.PMP.Test.Auto.LinePlotTest" time="0.000" status="1" />
    <testcase name="FindEndIndexTest (1,0)" classname="Philips.PMP.Test.Auto.LinePlotTest" time="0.001" status="1" />
    <testcase name="FindEndIndexTest (1,4)" classname="Philips.PMP.Test.Auto.LinePlotTest" time="0.000" status="1" />
    <testcase name="FindEndIndexTest (2,5)" classname="Philips.PMP.Test.Auto.LinePlotTest" time="0.001" status="1" />
    <testcase name="FindEndIndexTest (3,6)" classname="Philips.PMP.Test.Auto.LinePlotTest" time="0.000" status="1" />
    <testcase name="FindEndIndexTest (12,15)" classname="Philips.PMP.Test.Auto.LinePlotTest" time="0.000" status="1" />
    <testcase name="FindEndIndexTest (13,16)" classname="Philips.PMP.Test.Auto.LinePlotTest" time="0.000" status="1" />
    <testcase name="FindEndIndexTest (13,17)" classname="Philips.PMP.Test.Auto.LinePlotTest" time="0.000" status="1" />
    <testcase name="FindEndIndexTest (13,18)" classname="Philips.PMP.Test.Auto.LinePlotTest" time="0.000" status="1" />
    <testcase name="FindEndIndexTest (13,19)" classname="Philips.PMP.Test.Auto.LinePlotTest" time="0.000" status="1" />
    <system-out />
    <system-err />
  </testsuite>
  <testsuite name="Philips.PMP.Test.Auto.EventCatalogTreePopulatorTests" hostname="RESTORMEL" package="not available" id="225" tests="5" failures="0" errors="0" skipped="0" time="0.032" timestamp="2023-12-13T03:29:41">
    <properties />
    <testcase name="GetEventShouldFindAnEvent" classname="Philips.PMP.Test.Auto.EventCatalogTreePopulatorTests" time="0.012" status="1" />
    <testcase name="GetCategoriesShouldFindOtherCategoriesExactlyOnce" classname="Philips.PMP.Test.Auto.EventCatalogTreePopulatorTests" time="0.007" status="1" />
    <testcase name="GetCategoriesShouldFindACategoryShouldContainOtherCategory" classname="Philips.PMP.Test.Auto.EventCatalogTreePopulatorTests" time="0.004" status="1" />
    <testcase name="GetCategoriesShouldFindACategory" classname="Philips.PMP.Test.Auto.EventCatalogTreePopulatorTests" time="0.005" status="1" />
    <testcase name="PopulateAssignedEventsTreeShouldNotContainOtherCategory" classname="Philips.PMP.Test.Auto.EventCatalogTreePopulatorTests" time="0.003" status="1" />
    <system-out />
    <system-err />
  </testsuite>
  <testsuite name="Philips.PMP.Test.Auto.ValueLabelSizerTest" hostname="RESTORMEL" package="not available" id="226" tests="4" failures="0" errors="0" skipped="0" time="0.140" timestamp="2023-12-13T03:29:40">
    <properties />
    <testcase name="SetValueLabelSizeTest (True,True)" classname="Philips.PMP.Test.Auto.ValueLabelSizerTest" time="0.083" status="1" />
    <testcase name="SetValueLabelSizeTest (False,True)" classname="Philips.PMP.Test.Auto.ValueLabelSizerTest" time="0.013" status="1" />
    <testcase name="SetValueLabelSizeTest (True,False)" classname="Philips.PMP.Test.Auto.ValueLabelSizerTest" time="0.005" status="1" />
    <testcase name="SetValueLabelSizeTest (False,False)" classname="Philips.PMP.Test.Auto.ValueLabelSizerTest" time="0.039" status="1" />
    <system-out />
    <system-err />
  </testsuite>
  <testsuite name="Philips.PMP.Test.Auto.ProtocolWatchEngineWrapperTest" hostname="RESTORMEL" package="not available" id="227" tests="12" failures="0" errors="0" skipped="0" time="0.326" timestamp="2023-12-13T03:36:10">
    <properties />
    <testcase name="ProtocolWatchResendEnumWithinFourHours" classname="Philips.PMP.Test.Auto.ProtocolWatchEngineWrapperTest" time="0.020" status="1" />
    <testcase name="ProtocolWatchVerifyUnitCodeForNumericTest" classname="Philips.PMP.Test.Auto.ProtocolWatchEngineWrapperTest" time="0.009" status="1" />
    <testcase name="ProtocolWatchEngineSetsNlsCatalogRev" classname="Philips.PMP.Test.Auto.ProtocolWatchEngineWrapperTest" time="0.010" status="1" />
    <testcase name="ProtocolWatchTestEngineRestartOnFailure" classname="Philips.PMP.Test.Auto.ProtocolWatchEngineWrapperTest" time="0.160" status="1" />
    <testcase name="ProtocolWatchInputDataToEngineShouldBeFilteredByRequestedMetrics" classname="Philips.PMP.Test.Auto.ProtocolWatchEngineWrapperTest" time="0.076" status="1" />
    <testcase name="ProtocolWatchRegisterEnumAtStartup" classname="Philips.PMP.Test.Auto.ProtocolWatchEngineWrapperTest" time="0.029" status="1" />
    <testcase name="ProtocolWatchPatientInputToEngineShouldBeFilteredByRequestedMetrics" classname="Philips.PMP.Test.Auto.ProtocolWatchEngineWrapperTest" time="0.007" status="1" />
    <testcase name="ProtocolWatchNoPatientInputRequestedShouldDiscardPatientDemographics" classname="Philips.PMP.Test.Auto.ProtocolWatchEngineWrapperTest" time="0.004" status="1" />
    <testcase name="ProtocolWatchFilterHistoricComplexMetricsTest (False,False,0)" classname="Philips.PMP.Test.Auto.ProtocolWatchEngineWrapperTest" time="0.003" status="1" />
    <testcase name="ProtocolWatchFilterHistoricComplexMetricsTest (True,False,0)" classname="Philips.PMP.Test.Auto.ProtocolWatchEngineWrapperTest" time="0.001" status="1" />
    <testcase name="ProtocolWatchFilterHistoricComplexMetricsTest (True,True,1)" classname="Philips.PMP.Test.Auto.ProtocolWatchEngineWrapperTest" time="0.001" status="1" />
    <testcase name="ProtocolWatchDeregisterEnumAtEngineStop" classname="Philips.PMP.Test.Auto.ProtocolWatchEngineWrapperTest" time="0.007" status="1" />
    <system-out />
    <system-err />
  </testsuite>
  <testsuite name="Philips.PMP.Test.Auto.TimeMappingInUseHelperTest" hostname="RESTORMEL" package="not available" id="228" tests="4" failures="0" errors="0" skipped="0" time="0.003" timestamp="2023-12-13T03:29:50">
    <properties />
    <testcase name="TimeMappingInUseHelperCanMarkByBufferDepth" classname="Philips.PMP.Test.Auto.TimeMappingInUseHelperTest" time="0.001" status="1" />
    <testcase name="TimeMappingInUseHelperCanConstruct" classname="Philips.PMP.Test.Auto.TimeMappingInUseHelperTest" time="0.001" status="1" />
    <testcase name="TimeMappingInUseHelperCanMarkSingleTimeMappingInUse" classname="Philips.PMP.Test.Auto.TimeMappingInUseHelperTest" time="0.001" status="1" />
    <testcase name="TimeMappingInUseHelperCanMarkByPdt" classname="Philips.PMP.Test.Auto.TimeMappingInUseHelperTest" time="0.000" status="1" />
    <system-out />
    <system-err />
  </testsuite>
  <testsuite name="Philips.PMP.Test.Auto.SignalSourceMgrTest" hostname="RESTORMEL" package="not available" id="229" tests="4" failures="0" errors="0" skipped="0" time="0.095" timestamp="2023-12-13T03:34:59">
    <properties />
    <testcase name="SignalSourceCheckEcgSource" classname="Philips.PMP.Test.Auto.SignalSourceMgrTest" time="0.038" status="1" />
    <testcase name="SignalSourceMgrUpdateEcgValidityDictionaryTest" classname="Philips.PMP.Test.Auto.SignalSourceMgrTest" time="0.003" status="1" />
    <testcase name="SignalSourceMgrEcgSourceInopAudibleTest" classname="Philips.PMP.Test.Auto.SignalSourceMgrTest" time="0.053" status="1" />
    <testcase name="SignalSourceMgrDeepCopyTest" classname="Philips.PMP.Test.Auto.SignalSourceMgrTest" time="0.001" status="1" />
    <system-out />
    <system-err />
  </testsuite>
  <testsuite name="Philips.PMP.Test.Auto.MobilePatientDischargeTest" hostname="RESTORMEL" package="not available" id="230" tests="6" failures="0" errors="0" skipped="0" time="0.045" timestamp="2023-12-13T03:29:47">
    <properties />
    <testcase name="ProcessDischargePatientTest (True)" classname="Philips.PMP.Test.Auto.MobilePatientDischargeTest" time="0.017" status="1" />
    <testcase name="ProcessDischargePatientTest (False)" classname="Philips.PMP.Test.Auto.MobilePatientDischargeTest" time="0.007" status="1" />
    <testcase name="InvalidDataReturnMobileDischargeResultCodesAsError (,False,False,False)" classname="Philips.PMP.Test.Auto.MobilePatientDischargeTest" time="0.013" status="1" />
    <testcase name="InvalidDataReturnMobileDischargeResultCodesAsError (6B29FC40-CA47-1067-B31D-00DD010662DA,False,False,False)" classname="Philips.PMP.Test.Auto.MobilePatientDischargeTest" time="0.002" status="1" />
    <testcase name="InvalidDataReturnMobileDischargeResultCodesAsError (6B29FC40-CA47-1067-B31D-00DD010662DA,True,False,False)" classname="Philips.PMP.Test.Auto.MobilePatientDischargeTest" time="0.004" status="1" />
    <testcase name="InvalidDataReturnMobileDischargeResultCodesAsError (6B29FC40-CA47-1067-B31D-00DD010662DA,True,True,False)" classname="Philips.PMP.Test.Auto.MobilePatientDischargeTest" time="0.002" status="1" />
    <system-out />
    <system-err />
  </testsuite>
  <testsuite name="Philips.PMP.Test.Auto.WatchdogTest" hostname="RESTORMEL" package="not available" id="231" tests="12" failures="0" errors="0" skipped="0" time="0.730" timestamp="2023-12-13T03:38:26">
    <properties />
    <testcase name="WatchdogEnginePerformsCorrectRecoveryOption (RestartMe)" classname="Philips.PMP.Test.Auto.WatchdogTest" time="0.224" status="1" />
    <testcase name="WatchdogEnginePerformsCorrectRecoveryOption (RestartAll)" classname="Philips.PMP.Test.Auto.WatchdogTest" time="0.042" status="1" />
    <testcase name="WatchdogProcessComponentReportsBeforeFailureDetection" classname="Philips.PMP.Test.Auto.WatchdogTest" time="0.030" status="1" />
    <testcase name="WatchdogEngineStartStopWithIgnore" classname="Philips.PMP.Test.Auto.WatchdogTest" time="0.029" status="1" />
    <testcase name="WatchdogEngineCommandsWhileRebootingTest" classname="Philips.PMP.Test.Auto.WatchdogTest" time="0.011" status="1" />
    <testcase name="WatchdogEngineRecovery (True)" classname="Philips.PMP.Test.Auto.WatchdogTest" time="0.066" status="1" />
    <testcase name="WatchdogEngineRecovery (False)" classname="Philips.PMP.Test.Auto.WatchdogTest" time="0.067" status="1" />
    <testcase name="WatchdogEngineRequestMemoryDumpWhileAlreadyDumpingTest" classname="Philips.PMP.Test.Auto.WatchdogTest" time="0.017" status="1" />
    <testcase name="WatchdogEngineCommandsOutstandingDetectionTest" classname="Philips.PMP.Test.Auto.WatchdogTest" time="0.004" status="1" />
    <testcase name="WatchdogEngineSnapshotTimeoutTest" classname="Philips.PMP.Test.Auto.WatchdogTest" time="0.016" status="1" />
    <testcase name="WatchdogEngineStartStopBasic" classname="Philips.PMP.Test.Auto.WatchdogTest" time="0.207" status="1" />
    <testcase name="WatchdogEngineFailureDetectionWhileDumpingTest" classname="Philips.PMP.Test.Auto.WatchdogTest" time="0.019" status="1" />
    <system-out />
    <system-err />
  </testsuite>
  <testsuite name="Philips.PMP.Test.Auto.PatientAdtHelperTest" hostname="RESTORMEL" package="not available" id="232" tests="25" failures="0" errors="0" skipped="0" time="0.225" timestamp="2023-12-13T03:29:48">
    <properties />
    <testcase name="GetUpdatePatientWarningsTest (True,DDDD,True)" classname="Philips.PMP.Test.Auto.PatientAdtHelperTest" time="0.003" status="1" />
    <testcase name="GetUpdatePatientWarningsTest (True,DDDD,False)" classname="Philips.PMP.Test.Auto.PatientAdtHelperTest" time="0.016" status="1" />
    <testcase name="GetUpdatePatientWarningsTest (False,EEEE,True)" classname="Philips.PMP.Test.Auto.PatientAdtHelperTest" time="0.028" status="1" />
    <testcase name="GetUpdatePatientWarningsTest (False,EEEE,False)" classname="Philips.PMP.Test.Auto.PatientAdtHelperTest" time="0.005" status="1" />
    <testcase name="GetTransferParameters (True,True,True,True)" classname="Philips.PMP.Test.Auto.PatientAdtHelperTest" time="0.015" status="1" />
    <testcase name="GetTransferParameters (False,True,True,True)" classname="Philips.PMP.Test.Auto.PatientAdtHelperTest" time="0.003" status="1" />
    <testcase name="GetTransferParameters (True,False,True,True)" classname="Philips.PMP.Test.Auto.PatientAdtHelperTest" time="0.006" status="1" />
    <testcase name="GetTransferParameters (True,True,False,True)" classname="Philips.PMP.Test.Auto.PatientAdtHelperTest" time="0.011" status="1" />
    <testcase name="GetTransferParameters (True,True,True,False)" classname="Philips.PMP.Test.Auto.PatientAdtHelperTest" time="0.003" status="1" />
    <testcase name="PatientADTHelperOrganizeWarnings (,B,C,B,C)" classname="Philips.PMP.Test.Auto.PatientAdtHelperTest" time="0.014" status="1" />
    <testcase name="PatientADTHelperOrganizeWarnings (A,,C,Warning:  A,C)" classname="Philips.PMP.Test.Auto.PatientAdtHelperTest" time="0.001" status="1" />
    <testcase name="PatientADTHelperOrganizeWarnings (A,B,,Warning:  A,B)" classname="Philips.PMP.Test.Auto.PatientAdtHelperTest" time="0.001" status="1" />
    <testcase name="PatientADTHelperOrganizeWarnings (A,B,C,Warning:  A,B C)" classname="Philips.PMP.Test.Auto.PatientAdtHelperTest" time="0.001" status="1" />
    <testcase name="GetReadmitPatientOrTransferWarningsTest (True,True)" classname="Philips.PMP.Test.Auto.PatientAdtHelperTest" time="0.052" status="1" />
    <testcase name="GetReadmitPatientOrTransferWarningsTest (True,False)" classname="Philips.PMP.Test.Auto.PatientAdtHelperTest" time="0.003" status="1" />
    <testcase name="GetReadmitPatientOrTransferWarningsTest (False,True)" classname="Philips.PMP.Test.Auto.PatientAdtHelperTest" time="0.004" status="1" />
    <testcase name="GetReadmitPatientOrTransferWarningsTest (False,False)" classname="Philips.PMP.Test.Auto.PatientAdtHelperTest" time="0.014" status="1" />
    <testcase name="PatientADTHelperShouldSavePreadmitDataTest (False,False,Admit,False,False,warn)" classname="Philips.PMP.Test.Auto.PatientAdtHelperTest" time="0.006" status="1" />
    <testcase name="PatientADTHelperShouldSavePreadmitDataTest (True,False,PullTransfer,True,False,warn)" classname="Philips.PMP.Test.Auto.PatientAdtHelperTest" time="0.005" status="1" />
    <testcase name="PatientADTHelperShouldSavePreadmitDataTest (True,False,PushTransfer,False,False,warn)" classname="Philips.PMP.Test.Auto.PatientAdtHelperTest" time="0.003" status="1" />
    <testcase name="PatientADTHelperShouldSavePreadmitDataTest (False,False,Readmit,False,False,)" classname="Philips.PMP.Test.Auto.PatientAdtHelperTest" time="0.002" status="1" />
    <testcase name="PatientADTHelperShouldSavePreadmitDataTest (True,True,PullTransfer,True,False,warn)" classname="Philips.PMP.Test.Auto.PatientAdtHelperTest" time="0.001" status="1" />
    <testcase name="PatientADTHelperShouldSavePreadmitDataTest (False,False,PullTransfer,False,False,)" classname="Philips.PMP.Test.Auto.PatientAdtHelperTest" time="0.004" status="1" />
    <testcase name="PatientADTHelperShouldSavePreadmitDataTest (False,True,Readmit,False,True,)" classname="Philips.PMP.Test.Auto.PatientAdtHelperTest" time="0.007" status="1" />
    <testcase name="PatientADTHelperShouldSavePreadmitDataTest (False,True,PullTransfer,False,True,)" classname="Philips.PMP.Test.Auto.PatientAdtHelperTest" time="0.018" status="1" />
    <system-out />
    <system-err />
  </testsuite>
  <testsuite name="Philips.PMP.Test.Auto.ProtocolWatchControlMgrTest" hostname="RESTORMEL" package="not available" id="233" tests="15" failures="0" errors="0" skipped="0" time="0.418" timestamp="2023-12-13T03:29:51">
    <properties />
    <testcase name="ProtocolWatchProcessTelemetryChangeTest (False,False,1,1,1)" classname="Philips.PMP.Test.Auto.ProtocolWatchControlMgrTest" time="0.022" status="1" />
    <testcase name="ProtocolWatchProcessTelemetryChangeTest (True,True,2,2,2)" classname="Philips.PMP.Test.Auto.ProtocolWatchControlMgrTest" time="0.009" status="1" />
    <testcase name="ProtocolWatchControlMgrUpdateIpmSupportedProtocolsTest" classname="Philips.PMP.Test.Auto.ProtocolWatchControlMgrTest" time="0.010" status="1" />
    <testcase name="ProtocolWatchProcessProtocolConfigChangeTest" classname="Philips.PMP.Test.Auto.ProtocolWatchControlMgrTest" time="0.008" status="1" />
    <testcase name="ProtocolWatchGetAssignedProtocolsTest" classname="Philips.PMP.Test.Auto.ProtocolWatchControlMgrTest" time="0.269" status="1" />
    <testcase name="ProtocolWatchControlMgrUpdateRunningProtocolsTest" classname="Philips.PMP.Test.Auto.ProtocolWatchControlMgrTest" time="0.018" status="1" />
    <testcase name="ProtocolWatchExportControlTest (System.String[],1)" classname="Philips.PMP.Test.Auto.ProtocolWatchControlMgrTest" time="0.008" status="1" />
    <testcase name="ProtocolWatchExportControlTest (System.String[],0)" classname="Philips.PMP.Test.Auto.ProtocolWatchControlMgrTest" time="0.015" status="1" />
    <testcase name="ProtocolWatchControlMgrCheckForProfileProtocolConfigChange (False,1)" classname="Philips.PMP.Test.Auto.ProtocolWatchControlMgrTest" time="0.009" status="1" />
    <testcase name="ProtocolWatchControlMgrCheckForProfileProtocolConfigChange (True,1)" classname="Philips.PMP.Test.Auto.ProtocolWatchControlMgrTest" time="0.003" status="1" />
    <testcase name="ProtocolWatchDeleteControlTest" classname="Philips.PMP.Test.Auto.ProtocolWatchControlMgrTest" time="0.010" status="1" />
    <testcase name="ProtocolWatchInvokeControlTest (False,System.String[],0,True,False,0)" classname="Philips.PMP.Test.Auto.ProtocolWatchControlMgrTest" time="0.006" status="1" />
    <testcase name="ProtocolWatchInvokeControlTest (True,System.String[],0,True,False,0)" classname="Philips.PMP.Test.Auto.ProtocolWatchControlMgrTest" time="0.007" status="1" />
    <testcase name="ProtocolWatchInvokeControlTest (True,System.String[],1,True,True,2)" classname="Philips.PMP.Test.Auto.ProtocolWatchControlMgrTest" time="0.018" status="1" />
    <testcase name="ProtocolWatchInvokeControlTest (True,System.String[],0,True,True,2)" classname="Philips.PMP.Test.Auto.ProtocolWatchControlMgrTest" time="0.006" status="1" />
    <system-out />
    <system-err />
  </testsuite>
  <testsuite name="Philips.PMP.Test.Auto.ArchiveControlTest" hostname="RESTORMEL" package="not available" id="234" tests="7" failures="0" errors="0" skipped="0" time="0.649" timestamp="2023-12-13T03:29:37">
    <properties />
    <testcase name="ArchiveControlChecksRequiredFields (True,True,True,True)" classname="Philips.PMP.Test.Auto.ArchiveControlTest" time="0.068" status="1" />
    <testcase name="ArchiveControlChecksRequiredFields (True,False,False,True)" classname="Philips.PMP.Test.Auto.ArchiveControlTest" time="0.070" status="1" />
    <testcase name="ArchiveControlChecksRequiredFields (True,False,True,True)" classname="Philips.PMP.Test.Auto.ArchiveControlTest" time="0.082" status="1" />
    <testcase name="ArchiveControlChecksRequiredFields (False,True,False,False)" classname="Philips.PMP.Test.Auto.ArchiveControlTest" time="0.047" status="1" />
    <testcase name="ArchiveControlChecksRequiredFields (False,True,True,False)" classname="Philips.PMP.Test.Auto.ArchiveControlTest" time="0.048" status="1" />
    <testcase name="ArchiveControlChecksRequiredFields (False,False,False,False)" classname="Philips.PMP.Test.Auto.ArchiveControlTest" time="0.050" status="1" />
    <testcase name="ArchiveControlValidatesInput" classname="Philips.PMP.Test.Auto.ArchiveControlTest" time="0.284" status="1" />
    <system-out />
    <system-err />
  </testsuite>
  <testsuite name="Philips.PMP.Test.Auto.WorkflowActionMgrTest" hostname="RESTORMEL" package="not available" id="235" tests="3" failures="0" errors="0" skipped="0" time="0.323" timestamp="2023-12-13T03:30:56">
    <properties />
    <testcase name="WorkflowActionMgrShouldPopulateEventReportingDataForPatientEventFiltersTest" classname="Philips.PMP.Test.Auto.WorkflowActionMgrTest" time="0.269" status="1" />
    <testcase name="WorkflowActionMgrCreateAuditEntryTest" classname="Philips.PMP.Test.Auto.WorkflowActionMgrTest" time="0.002" status="1" />
    <testcase name="WorkflowActionMgrStoreZoneListShouldStore" classname="Philips.PMP.Test.Auto.WorkflowActionMgrTest" time="0.052" status="1" />
    <system-out />
    <system-err />
  </testsuite>
  <testsuite name="Philips.PMP.Test.Auto.PhysioUploadProviderTest" hostname="RESTORMEL" package="not available" id="236" tests="4" failures="0" errors="0" skipped="0" time="0.093" timestamp="2023-12-13T03:35:27">
    <properties />
    <testcase name="DeviceValueCountTwoPatients" classname="Philips.PMP.Test.Auto.PhysioUploadProviderTest" time="0.019" status="1" />
    <testcase name="DeviceValueCountTwoDevices" classname="Philips.PMP.Test.Auto.PhysioUploadProviderTest" time="0.018" status="1" />
    <testcase name="DeviceValueCountStoreOne" classname="Philips.PMP.Test.Auto.PhysioUploadProviderTest" time="0.028" status="1" />
    <testcase name="DeviceValueCountStoretwice" classname="Philips.PMP.Test.Auto.PhysioUploadProviderTest" time="0.028" status="1" />
    <system-out />
    <system-err />
  </testsuite>
  <testsuite name="Philips.PMP.Test.Auto.EventNotificationSettingControlTest" hostname="RESTORMEL" package="not available" id="237" tests="37" failures="0" errors="0" skipped="0" time="1.285" timestamp="2023-12-13T03:33:48">
    <properties />
    <testcase name="IsOverviewSettingByCaregiverTest (False,True,True)" classname="Philips.PMP.Test.Auto.EventNotificationSettingControlTest" time="0.020" status="1" />
    <testcase name="IsOverviewSettingByCaregiverTest (True,False,True)" classname="Philips.PMP.Test.Auto.EventNotificationSettingControlTest" time="0.017" status="1" />
    <testcase name="IsOverviewSettingByCaregiverTest (True,True,True)" classname="Philips.PMP.Test.Auto.EventNotificationSettingControlTest" time="0.024" status="1" />
    <testcase name="IsOverviewSettingByCaregiverTest (False,False,False)" classname="Philips.PMP.Test.Auto.EventNotificationSettingControlTest" time="0.018" status="1" />
    <testcase name="SaveShouldBeSuccessfulIfOverviewRoleIsNull" classname="Philips.PMP.Test.Auto.EventNotificationSettingControlTest" time="0.028" status="1" />
    <testcase name="SetOverviewRoleAvailabilityTest (ByCaregiver,ByCaregiver,True)" classname="Philips.PMP.Test.Auto.EventNotificationSettingControlTest" time="0.023" status="1" />
    <testcase name="SetOverviewRoleAvailabilityTest (ByUnit,ByCaregiver,True)" classname="Philips.PMP.Test.Auto.EventNotificationSettingControlTest" time="0.025" status="1" />
    <testcase name="SetOverviewRoleAvailabilityTest (ByCaregiver,Off,True)" classname="Philips.PMP.Test.Auto.EventNotificationSettingControlTest" time="0.017" status="1" />
    <testcase name="SetOverviewRoleAvailabilityTest (Off,ByUnit,False)" classname="Philips.PMP.Test.Auto.EventNotificationSettingControlTest" time="0.023" status="1" />
    <testcase name="ResetShouldEnforceLicenseCheck (True)" classname="Philips.PMP.Test.Auto.EventNotificationSettingControlTest" time="0.032" status="1" />
    <testcase name="ResetShouldEnforceLicenseCheck (False)" classname="Philips.PMP.Test.Auto.EventNotificationSettingControlTest" time="0.032" status="1" />
    <testcase name="CopyShouldEnforceSingCaregiverRule (True)" classname="Philips.PMP.Test.Auto.EventNotificationSettingControlTest" time="0.027" status="1" />
    <testcase name="CopyShouldEnforceSingCaregiverRule (False)" classname="Philips.PMP.Test.Auto.EventNotificationSettingControlTest" time="0.022" status="1" />
    <testcase name="InitializeBedEnablementComboBoxShouldHandleBNS (-1)" classname="Philips.PMP.Test.Auto.EventNotificationSettingControlTest" time="0.035" status="1" />
    <testcase name="CopySharedAssignmentRoleShouldClearExistingAssignmentAndLockSettings" classname="Philips.PMP.Test.Auto.EventNotificationSettingControlTest" time="0.080" status="1" />
    <testcase name="ResetToFactoryShouldEnforceSingleCaregiverRule (True)" classname="Philips.PMP.Test.Auto.EventNotificationSettingControlTest" time="0.034" status="1" />
    <testcase name="ResetToFactoryShouldEnforceSingleCaregiverRule (False)" classname="Philips.PMP.Test.Auto.EventNotificationSettingControlTest" time="0.024" status="1" />
    <testcase name="Save (ByCaregiver,ByCaregiver)" classname="Philips.PMP.Test.Auto.EventNotificationSettingControlTest" time="0.274" status="1" />
    <testcase name="Save (ByUnit,ByCaregiver)" classname="Philips.PMP.Test.Auto.EventNotificationSettingControlTest" time="0.047" status="1" />
    <testcase name="Save (ByCaregiver,Off)" classname="Philips.PMP.Test.Auto.EventNotificationSettingControlTest" time="0.025" status="1" />
    <testcase name="Save (Off,ByUnit)" classname="Philips.PMP.Test.Auto.EventNotificationSettingControlTest" time="0.022" status="1" />
    <testcase name="CopyShouldWorkWithValidRoles (False,True,True,False)" classname="Philips.PMP.Test.Auto.EventNotificationSettingControlTest" time="0.026" status="1" />
    <testcase name="CopyShouldWorkWithValidRoles (True,False,True,False)" classname="Philips.PMP.Test.Auto.EventNotificationSettingControlTest" time="0.038" status="1" />
    <testcase name="CopyShouldWorkWithValidRoles (True,True,False,False)" classname="Philips.PMP.Test.Auto.EventNotificationSettingControlTest" time="0.030" status="1" />
    <testcase name="CopyShouldWorkWithValidRoles (False,False,True,False)" classname="Philips.PMP.Test.Auto.EventNotificationSettingControlTest" time="0.023" status="1" />
    <testcase name="CopyShouldWorkWithValidRoles (True,False,False,False)" classname="Philips.PMP.Test.Auto.EventNotificationSettingControlTest" time="0.030" status="1" />
    <testcase name="CopyShouldWorkWithValidRoles (False,True,False,False)" classname="Philips.PMP.Test.Auto.EventNotificationSettingControlTest" time="0.024" status="1" />
    <testcase name="CopyShouldWorkWithValidRoles (False,False,False,False)" classname="Philips.PMP.Test.Auto.EventNotificationSettingControlTest" time="0.029" status="1" />
    <testcase name="CopyShouldWorkWithValidRoles (True,True,True,True)" classname="Philips.PMP.Test.Auto.EventNotificationSettingControlTest" time="0.023" status="1" />
    <testcase name="ValidateSingleCaregiverRuleTest (True,True)" classname="Philips.PMP.Test.Auto.EventNotificationSettingControlTest" time="0.030" status="1" />
    <testcase name="ValidateSingleCaregiverRuleTest (True,False)" classname="Philips.PMP.Test.Auto.EventNotificationSettingControlTest" time="0.023" status="1" />
    <testcase name="ValidateSingleCaregiverRuleTest (False,True)" classname="Philips.PMP.Test.Auto.EventNotificationSettingControlTest" time="0.022" status="1" />
    <testcase name="ValidateSingleCaregiverRuleTest (False,False)" classname="Philips.PMP.Test.Auto.EventNotificationSettingControlTest" time="0.031" status="1" />
    <testcase name="CopyShouldEnforceLicenseCheck (True,True)" classname="Philips.PMP.Test.Auto.EventNotificationSettingControlTest" time="0.031" status="1" />
    <testcase name="CopyShouldEnforceLicenseCheck (True,False)" classname="Philips.PMP.Test.Auto.EventNotificationSettingControlTest" time="0.024" status="1" />
    <testcase name="CopyShouldEnforceLicenseCheck (False,True)" classname="Philips.PMP.Test.Auto.EventNotificationSettingControlTest" time="0.028" status="1" />
    <testcase name="CopyShouldEnforceLicenseCheck (False,False)" classname="Philips.PMP.Test.Auto.EventNotificationSettingControlTest" time="0.023" status="1" />
    <system-out />
    <system-err />
  </testsuite>
  <testsuite name="Philips.PMP.Test.Auto.EventNotificationControlTest" hostname="RESTORMEL" package="not available" id="238" tests="2" failures="0" errors="0" skipped="0" time="0.249" timestamp="2023-12-13T03:33:44">
    <properties />
    <testcase name="CheckPemittedUnitsForEventNotificationControl (True)" classname="Philips.PMP.Test.Auto.EventNotificationControlTest" time="0.137" status="1" />
    <testcase name="CheckPemittedUnitsForEventNotificationControl (False)" classname="Philips.PMP.Test.Auto.EventNotificationControlTest" time="0.113" status="1" />
    <system-out />
    <system-err />
  </testsuite>
  <testsuite name="Philips.PMP.Test.Auto.PatientDateTimeHelperTest" hostname="RESTORMEL" package="not available" id="239" tests="3" failures="0" errors="0" skipped="0" time="0.006" timestamp="2023-12-13T03:34:54">
    <properties />
    <testcase name="PatientDateTimeHelperDobToAge" classname="Philips.PMP.Test.Auto.PatientDateTimeHelperTest" time="0.003" status="1" />
    <testcase name="PatientDateTimeHelperGetMinimumPatientDOB" classname="Philips.PMP.Test.Auto.PatientDateTimeHelperTest" time="0.001" status="1" />
    <testcase name="PatientGetDobMaxDate" classname="Philips.PMP.Test.Auto.PatientDateTimeHelperTest" time="0.002" status="1" />
    <system-out />
    <system-err />
  </testsuite>
  <testsuite name="Philips.PMP.Test.Auto.Hl7AdtEncoderTest" hostname="RESTORMEL" package="not available" id="240" tests="7" failures="0" errors="0" skipped="0" time="0.094" timestamp="2023-12-13T03:29:54">
    <properties />
    <testcase name="Hl7EncodeMsgCheckforCorrectDobTest (1/1/2010,20100101,True)" classname="Philips.PMP.Test.Auto.Hl7AdtEncoderTest" time="0.036" status="1" />
    <testcase name="Hl7EncodeMsgCheckforCorrectDobTest (12/1/2010,20101201,True)" classname="Philips.PMP.Test.Auto.Hl7AdtEncoderTest" time="0.017" status="1" />
    <testcase name="Hl7EncodeMsgCheckforCorrectDobTest (12/16/2010,20101216,True)" classname="Philips.PMP.Test.Auto.Hl7AdtEncoderTest" time="0.021" status="1" />
    <testcase name="Hl7EncodeMsgCheckforCorrectDobTest (1/1/1,PID|||||^^||||,False)" classname="Philips.PMP.Test.Auto.Hl7AdtEncoderTest" time="0.017" status="1" />
    <testcase name="Hl7AdtEncoderFormatsPatientMessageUnknownAttribute" classname="Philips.PMP.Test.Auto.Hl7AdtEncoderTest" time="0.001" status="1" />
    <testcase name="Hl7AdtEncoderFormatsPatientMessageJustMrn" classname="Philips.PMP.Test.Auto.Hl7AdtEncoderTest" time="0.003" status="1" />
    <testcase name="Hl7AdtEncoderFormatsPatientMessageAllAttributes" classname="Philips.PMP.Test.Auto.Hl7AdtEncoderTest" time="0.001" status="1" />
    <system-out />
    <system-err />
  </testsuite>
  <testsuite name="Philips.PMP.Test.Auto.HeartbeatQualifierTest" hostname="RESTORMEL" package="not available" id="241" tests="3" failures="0" errors="0" skipped="0" time="0.322" timestamp="2023-12-13T03:29:39">
    <properties />
    <testcase name="HeartBeatQualifierWillReport" classname="Philips.PMP.Test.Auto.HeartbeatQualifierTest" time="0.040" status="1" />
    <testcase name="HeartBeatQualifierWillSleepBetweenReports" classname="Philips.PMP.Test.Auto.HeartbeatQualifierTest" time="0.010" status="1" />
    <testcase name="HeartBeatQualifierCreatesWatchedComponent" classname="Philips.PMP.Test.Auto.HeartbeatQualifierTest" time="0.272" status="1" />
    <system-out />
    <system-err />
  </testsuite>
  <testsuite name="Philips.PMP.Test.Auto.ApmCollectorServiceTest" hostname="RESTORMEL" package="not available" id="242" tests="31" failures="0" errors="0" skipped="0" time="3.601" timestamp="2023-12-13T03:36:19">
    <properties />
    <testcase name="DevicesNotAddedToReportIfNoMatchingDeviceIdTest" classname="Philips.PMP.Test.Auto.ApmCollectorServiceTest" time="0.007" status="1" />
    <testcase name="DoNotCalculateHashIfInCacheTest (True,False,False,0)" classname="Philips.PMP.Test.Auto.ApmCollectorServiceTest" time="0.059" status="1" />
    <testcase name="DoNotCalculateHashIfInCacheTest (True,True,False,1)" classname="Philips.PMP.Test.Auto.ApmCollectorServiceTest" time="0.009" status="1" />
    <testcase name="DoNotCalculateHashIfInCacheTest (True,True,True,2)" classname="Philips.PMP.Test.Auto.ApmCollectorServiceTest" time="0.005" status="1" />
    <testcase name="ApmCollectorServiceWillResendExternalInterfaceConfigurations" classname="Philips.PMP.Test.Auto.ApmCollectorServiceTest" time="0.003" status="1" />
    <testcase name="ReportSystemShutdownOnServiceStartup" classname="Philips.PMP.Test.Auto.ApmCollectorServiceTest" time="0.006" status="1" />
    <testcase name="RestartAnalysisOnlyLogsOnFirstAnalysis" classname="Philips.PMP.Test.Auto.ApmCollectorServiceTest" time="0.004" status="1" />
    <testcase name="ReportDiskDriveStatusTest (OK,OK)" classname="Philips.PMP.Test.Auto.ApmCollectorServiceTest" time="0.008" status="1" />
    <testcase name="ReportDiskDriveStatusTest (PredictingFailure,OK)" classname="Philips.PMP.Test.Auto.ApmCollectorServiceTest" time="0.057" status="1" />
    <testcase name="ReportDiskDriveStatusTest (OK,Error)" classname="Philips.PMP.Test.Auto.ApmCollectorServiceTest" time="0.016" status="1" />
    <testcase name="ReportAppRestartOnServiceStartup" classname="Philips.PMP.Test.Auto.ApmCollectorServiceTest" time="0.506" status="1" />
    <testcase name="DoNotReportIfDeviceIdNotInMap" classname="Philips.PMP.Test.Auto.ApmCollectorServiceTest" time="0.067" status="1" />
    <testcase name="ApmCollectorServiceReportsDeletedDevicesOnlyOnce" classname="Philips.PMP.Test.Auto.ApmCollectorServiceTest" time="0.097" status="1" />
    <testcase name="UpdateExternalTimeserverConfigurationWillUpdateAsNecessaryTest (False,True,False)" classname="Philips.PMP.Test.Auto.ApmCollectorServiceTest" time="0.006" status="1" />
    <testcase name="UpdateExternalTimeserverConfigurationWillUpdateAsNecessaryTest (False,False,True)" classname="Philips.PMP.Test.Auto.ApmCollectorServiceTest" time="0.009" status="1" />
    <testcase name="UpdateExternalTimeserverConfigurationWillUpdateAsNecessaryTest (True,True,True)" classname="Philips.PMP.Test.Auto.ApmCollectorServiceTest" time="0.005" status="1" />
    <testcase name="UpdateExternalTimeserverConfigurationWillUpdateAsNecessaryTest (True,False,True)" classname="Philips.PMP.Test.Auto.ApmCollectorServiceTest" time="0.002" status="1" />
    <testcase name="ApmCollectorServiceStartsAndStopsCrashSummaryDirectoryMonitor" classname="Philips.PMP.Test.Auto.ApmCollectorServiceTest" time="0.272" status="1" />
    <testcase name="CanAggregateAllExternalInterfaceConfigurations" classname="Philips.PMP.Test.Auto.ApmCollectorServiceTest" time="0.146" status="1" />
    <testcase name="ReportSmartHoppingDevicesTest" classname="Philips.PMP.Test.Auto.ApmCollectorServiceTest" time="0.011" status="1" />
    <testcase name="ReportsSystemDbQueryInformation" classname="Philips.PMP.Test.Auto.ApmCollectorServiceTest" time="0.081" status="1" />
    <testcase name="ApmCollectorServiceConnectToApmTest (True)" classname="Philips.PMP.Test.Auto.ApmCollectorServiceTest" time="0.107" status="1" />
    <testcase name="ApmCollectorServiceConnectToApmTest (False)" classname="Philips.PMP.Test.Auto.ApmCollectorServiceTest" time="0.008" status="1" />
    <testcase name="GenerateCrashHashTest" classname="Philips.PMP.Test.Auto.ApmCollectorServiceTest" time="1.671" status="1" />
    <testcase name="ApmReportsDeletedDevicesTest" classname="Philips.PMP.Test.Auto.ApmCollectorServiceTest" time="0.095" status="1" />
    <testcase name="AggregateDhcpLeaseInformationTest (True,Philips.PMP.Definitions.StatusMessageTypes[],0)" classname="Philips.PMP.Test.Auto.ApmCollectorServiceTest" time="0.065" status="1" />
    <testcase name="AggregateDhcpLeaseInformationTest (True,Philips.PMP.Definitions.StatusMessageTypes[],1)" classname="Philips.PMP.Test.Auto.ApmCollectorServiceTest" time="0.018" status="1" />
    <testcase name="AggregateDhcpLeaseInformationTest (False,Philips.PMP.Definitions.StatusMessageTypes[],0)" classname="Philips.PMP.Test.Auto.ApmCollectorServiceTest" time="0.003" status="1" />
    <testcase name="ApmCollectorServiceReportsCrashesWithContext" classname="Philips.PMP.Test.Auto.ApmCollectorServiceTest" time="0.015" status="1" />
    <testcase name="DoNotReportIfThereAreNoAccessPointsOrAccessPointControllers" classname="Philips.PMP.Test.Auto.ApmCollectorServiceTest" time="0.230" status="1" />
    <testcase name="ReportRemoteAntennasTest" classname="Philips.PMP.Test.Auto.ApmCollectorServiceTest" time="0.013" status="1" />
    <system-out />
    <system-err />
  </testsuite>
  <testsuite name="Philips.PMP.Test.Auto.NtAccountAdapterTest" hostname="RESTORMEL" package="not available" id="243" tests="4" failures="0" errors="0" skipped="0" time="0.029" timestamp="2023-12-13T03:30:00">
    <properties />
    <testcase name="NtAccountAdapterReturnsSid (Local,S-1-2-0)" classname="Philips.PMP.Test.Auto.NtAccountAdapterTest" time="0.001" status="1" />
    <testcase name="NtAccountAdapterReturnsSid (Everyone,S-1-1-0)" classname="Philips.PMP.Test.Auto.NtAccountAdapterTest" time="0.000" status="1" />
    <testcase name="NtAccountAdapterReturnsSid (Service,S-1-5-6)" classname="Philips.PMP.Test.Auto.NtAccountAdapterTest" time="0.000" status="1" />
    <testcase name="NtAccountAdapterReturnsNullForInvalidStrings" classname="Philips.PMP.Test.Auto.NtAccountAdapterTest" time="0.028" status="1" />
    <system-out />
    <system-err />
  </testsuite>
  <testsuite name="Philips.PMP.Test.Auto.MetricValueBufferTest" hostname="RESTORMEL" package="not available" id="244" tests="4" failures="0" errors="0" skipped="0" time="0.051" timestamp="2023-12-13T03:29:50">
    <properties />
    <testcase name="MetricValueBufferCanMakeValuesUnavailable (False,False,False)" classname="Philips.PMP.Test.Auto.MetricValueBufferTest" time="0.011" status="1" />
    <testcase name="MetricValueBufferCanMakeValuesUnavailable (True,False,True)" classname="Philips.PMP.Test.Auto.MetricValueBufferTest" time="0.005" status="1" />
    <testcase name="MetricValueBufferCanMakeValuesUnavailable (False,True,True)" classname="Philips.PMP.Test.Auto.MetricValueBufferTest" time="0.034" status="1" />
    <testcase name="MetricValueBufferCanMakeValuesUnavailable (True,True,True)" classname="Philips.PMP.Test.Auto.MetricValueBufferTest" time="0.001" status="1" />
    <system-out />
    <system-err />
  </testsuite>
  <testsuite name="Philips.PMP.Test.Auto.PatientServiceCacheTest" hostname="RESTORMEL" package="not available" id="245" tests="8" failures="0" errors="0" skipped="0" time="0.055" timestamp="2023-12-13T03:29:56">
    <properties />
    <testcase name="PatientServiceCacheShouldRegisterNotificationServerTest (PPX,False,False)" classname="Philips.PMP.Test.Auto.PatientServiceCacheTest" time="0.008" status="1" />
    <testcase name="PatientServiceCacheShouldRegisterNotificationServerTest (PXX,False,False)" classname="Philips.PMP.Test.Auto.PatientServiceCacheTest" time="0.001" status="1" />
    <testcase name="PatientServiceCacheShouldRegisterNotificationServerTest (DB3,False,True)" classname="Philips.PMP.Test.Auto.PatientServiceCacheTest" time="0.001" status="1" />
    <testcase name="PatientServiceCacheShouldRegisterNotificationServerTest (DB1,False,True)" classname="Philips.PMP.Test.Auto.PatientServiceCacheTest" time="0.021" status="1" />
    <testcase name="PatientServiceCacheShouldRegisterNotificationServerTest (MOB,False,True)" classname="Philips.PMP.Test.Auto.PatientServiceCacheTest" time="0.009" status="1" />
    <testcase name="PatientServiceCacheShouldRegisterNotificationServerTest (WEB,False,True)" classname="Philips.PMP.Test.Auto.PatientServiceCacheTest" time="0.001" status="1" />
    <testcase name="PatientServiceCacheShouldRegisterNotificationServerTest (NOS,False,True)" classname="Philips.PMP.Test.Auto.PatientServiceCacheTest" time="0.001" status="1" />
    <testcase name="PatientServiceCacheShouldRegisterNotificationServerTest (NOS,True,True)" classname="Philips.PMP.Test.Auto.PatientServiceCacheTest" time="0.013" status="1" />
    <system-out />
    <system-err />
  </testsuite>
  <testsuite name="Philips.PIC.WebBridge.Test.DataRelaySetupMgrTest" hostname="RESTORMEL" package="not available" id="246" tests="3" failures="0" errors="0" skipped="0" time="0.040" timestamp="2023-12-13T03:39:09">
    <properties />
    <testcase name="DataRelaySetUpFailedAuthenticateWillNotSubscribeDataRelay" classname="Philips.PIC.WebBridge.Test.DataRelaySetupMgrTest" time="0.002" status="1" />
    <testcase name="DataRelaySetUpWillUseLocalHostName" classname="Philips.PIC.WebBridge.Test.DataRelaySetupMgrTest" time="0.007" status="1" />
    <testcase name="DataRelaySetUpWillAuthenticateAndSubscribeDataRelay" classname="Philips.PIC.WebBridge.Test.DataRelaySetupMgrTest" time="0.032" status="1" />
    <system-out />
    <system-err />
  </testsuite>
  <testsuite name="Philips.PIC.DataAcquisition.Test.MonitoringDeviceCommunicatorTest" hostname="RESTORMEL" package="not available" id="247" tests="10" failures="0" errors="0" skipped="0" time="0.177" timestamp="2023-12-13T03:28:54">
    <properties />
    <testcase name="MonitoringDeviceCommunicatorProcessesDeviceStatusUpdates" classname="Philips.PIC.DataAcquisition.Test.MonitoringDeviceCommunicatorTest" time="0.115" status="1" />
    <testcase name="MonitoringDeviceCommunicatorDoesNotSendMessagesWhenDisconnected" classname="Philips.PIC.DataAcquisition.Test.MonitoringDeviceCommunicatorTest" time="0.001" status="1" />
    <testcase name="MonitoringDeviceCommunicatorDisconnectsOnMessageFailures" classname="Philips.PIC.DataAcquisition.Test.MonitoringDeviceCommunicatorTest" time="0.003" status="1" />
    <testcase name="MonitoringDeviceCommunicatorDisconnectsOnCallbackFailures" classname="Philips.PIC.DataAcquisition.Test.MonitoringDeviceCommunicatorTest" time="0.002" status="1" />
    <testcase name="MonitoringDeviceCommunicatorReflectsDeviceConnectionState" classname="Philips.PIC.DataAcquisition.Test.MonitoringDeviceCommunicatorTest" time="0.021" status="1" />
    <testcase name="MonitoringDeviceCommunicatorConnectDisconnect" classname="Philips.PIC.DataAcquisition.Test.MonitoringDeviceCommunicatorTest" time="0.017" status="1" />
    <testcase name="MonitoringDeviceCommunicatorRetriesFailedMessageAttempts (0,1)" classname="Philips.PIC.DataAcquisition.Test.MonitoringDeviceCommunicatorTest" time="0.008" status="1" />
    <testcase name="MonitoringDeviceCommunicatorRetriesFailedMessageAttempts (1,2)" classname="Philips.PIC.DataAcquisition.Test.MonitoringDeviceCommunicatorTest" time="0.002" status="1" />
    <testcase name="MonitoringDeviceCommunicatorRetriesFailedMessageAttempts (2,3)" classname="Philips.PIC.DataAcquisition.Test.MonitoringDeviceCommunicatorTest" time="0.006" status="1" />
    <testcase name="MonitoringDeviceCommunicatorSetsIMonitoringDevice" classname="Philips.PIC.DataAcquisition.Test.MonitoringDeviceCommunicatorTest" time="0.002" status="1" />
    <system-out />
    <system-err />
  </testsuite>
  <testsuite name="Philips.PMP.Test.Auto.AlarmReviewUiTest" hostname="RESTORMEL" package="not available" id="248" tests="7" failures="0" errors="0" skipped="0" time="0.157" timestamp="2023-12-13T03:30:20">
    <properties />
    <testcase name="OnDiscardAlertsFailTest" classname="Philips.PMP.Test.Auto.AlarmReviewUiTest" time="0.123" status="1" />
    <testcase name="MoveToNextPageTest" classname="Philips.PMP.Test.Auto.AlarmReviewUiTest" time="0.001" status="1" />
    <testcase name="MoveToPreviousPageTest" classname="Philips.PMP.Test.Auto.AlarmReviewUiTest" time="0.002" status="1" />
    <testcase name="OnDiscardAlertsSuccessTest" classname="Philips.PMP.Test.Auto.AlarmReviewUiTest" time="0.023" status="1" />
    <testcase name="AlarmReviewUiGetPhysioData" classname="Philips.PMP.Test.Auto.AlarmReviewUiTest" time="0.001" status="1" />
    <testcase name="AlarmReviewUiGetWaveAndNumericData" classname="Philips.PMP.Test.Auto.AlarmReviewUiTest" time="0.006" status="1" />
    <testcase name="MoveToSelectedAlarmTest" classname="Philips.PMP.Test.Auto.AlarmReviewUiTest" time="0.001" status="1" />
    <system-out />
    <system-err />
  </testsuite>
  <testsuite name="Philips.PMP.Test.Auto.SurveillanceHelperTest" hostname="RESTORMEL" package="not available" id="249" tests="27" failures="0" errors="0" skipped="0" time="2.466" timestamp="2023-12-13T03:30:51">
    <properties />
    <testcase name="GetTileConfigStringTest" classname="Philips.PMP.Test.Auto.SurveillanceHelperTest" time="0.019" status="1" />
    <testcase name="RetrieveTrendDataTest" classname="Philips.PMP.Test.Auto.SurveillanceHelperTest" time="1.651" status="1" />
    <testcase name="CreateChangeNumericSubMenuTest" classname="Philips.PMP.Test.Auto.SurveillanceHelperTest" time="0.187" status="1" />
    <testcase name="CreateChangeWaveSubMenuTest" classname="Philips.PMP.Test.Auto.SurveillanceHelperTest" time="0.144" status="1" />
    <testcase name="GetAvailableLeadsTest" classname="Philips.PMP.Test.Auto.SurveillanceHelperTest" time="0.021" status="1" />
    <testcase name="SetTrendTileTest" classname="Philips.PMP.Test.Auto.SurveillanceHelperTest" time="0.020" status="1" />
    <testcase name="IsSurveillanceDisplayTest" classname="Philips.PMP.Test.Auto.SurveillanceHelperTest" time="0.002" status="1" />
    <testcase name="SurveillanceHelperShouldDisplaySpotCheckEntryTest" classname="Philips.PMP.Test.Auto.SurveillanceHelperTest" time="0.002" status="1" />
    <testcase name="SurveillanceHelperRhythmStatusPortal5000Test" classname="Philips.PMP.Test.Auto.SurveillanceHelperTest" time="0.002" status="1" />
    <testcase name="SetNumericTileTest" classname="Philips.PMP.Test.Auto.SurveillanceHelperTest" time="0.023" status="1" />
    <testcase name="EnumerationRhythmStatusShowsUpFirstTimeTest" classname="Philips.PMP.Test.Auto.SurveillanceHelperTest" time="0.002" status="1" />
    <testcase name="CreateTileLayoutSubMenuTest" classname="Philips.PMP.Test.Auto.SurveillanceHelperTest" time="0.070" status="1" />
    <testcase name="CompareAlertListsAuditStoreTest" classname="Philips.PMP.Test.Auto.SurveillanceHelperTest" time="0.006" status="1" />
    <testcase name="CompareAlertListsTest" classname="Philips.PMP.Test.Auto.SurveillanceHelperTest" time="0.001" status="1" />
    <testcase name="PrintRealTimeStripDoesntCrashOnNoDataTest" classname="Philips.PMP.Test.Auto.SurveillanceHelperTest" time="0.269" status="1" />
    <testcase name="GetDeviceModeTest" classname="Philips.PMP.Test.Auto.SurveillanceHelperTest" time="0.001" status="1" />
    <testcase name="EnumerationRhythmStatusResetsCorrectlyIpmTest" classname="Philips.PMP.Test.Auto.SurveillanceHelperTest" time="0.004" status="1" />
    <testcase name="EfficiaEnumerationRhythmStatusResetsCorrectlyEfficiaTest" classname="Philips.PMP.Test.Auto.SurveillanceHelperTest" time="0.002" status="1" />
    <testcase name="CenterWithoutGoingAboveTest" classname="Philips.PMP.Test.Auto.SurveillanceHelperTest" time="0.014" status="1" />
    <testcase name="SetWaveTileTest" classname="Philips.PMP.Test.Auto.SurveillanceHelperTest" time="0.021" status="1" />
    <testcase name="SurveillanceHelperHasAlertChangedTest (alert,alert,False,False,CentralAudible,CentralAudible,False)" classname="Philips.PMP.Test.Auto.SurveillanceHelperTest" time="0.001" status="1" />
    <testcase name="SurveillanceHelperHasAlertChangedTest (alert,alert,True,True,CentralAudible,CentralAudible,False)" classname="Philips.PMP.Test.Auto.SurveillanceHelperTest" time="0.001" status="1" />
    <testcase name="SurveillanceHelperHasAlertChangedTest (oldAlert,newAlert,False,False,CentralAudible,CentralAudible,True)" classname="Philips.PMP.Test.Auto.SurveillanceHelperTest" time="0.001" status="1" />
    <testcase name="SurveillanceHelperHasAlertChangedTest (alert,alert,True,False,CentralAudible,CentralAudible,True)" classname="Philips.PMP.Test.Auto.SurveillanceHelperTest" time="0.001" status="1" />
    <testcase name="SurveillanceHelperHasAlertChangedTest (alert,alert,True,False,CentralAudible,CentralAudible,True)" classname="Philips.PMP.Test.Auto.SurveillanceHelperTest" time="0.001" status="1" />
    <testcase name="SurveillanceHelperHasAlertChangedTest (alert,alert,False,False,CentralAudible,CentralAudible,False)" classname="Philips.PMP.Test.Auto.SurveillanceHelperTest" time="0.001" status="1" />
    <testcase name="SurveillanceHelperHasAlertChangedTest (alert,alert,True,True,PrimarySilenced,CentralAudible,True)" classname="Philips.PMP.Test.Auto.SurveillanceHelperTest" time="0.001" status="1" />
    <system-out />
    <system-err />
  </testsuite>
  <testsuite name="Philips.PMP.Test.Auto.UnitSettingsTest" hostname="RESTORMEL" package="not available" id="250" tests="8" failures="0" errors="0" skipped="0" time="1.540" timestamp="2023-12-13T03:38:14">
    <properties />
    <testcase name="WriteXmlTest" classname="Philips.PMP.Test.Auto.UnitSettingsTest" time="0.509" status="1" />
    <testcase name="ValidateDeviceControlArchiveInfoInvalidRegionalSettings" classname="Philips.PMP.Test.Auto.UnitSettingsTest" time="0.013" status="1" />
    <testcase name="ValidateDeviceControlArchiveInfoValid" classname="Philips.PMP.Test.Auto.UnitSettingsTest" time="0.021" status="1" />
    <testcase name="ValidateDeviceControlArchiveInfoNewVersion" classname="Philips.PMP.Test.Auto.UnitSettingsTest" time="0.012" status="1" />
    <testcase name="ValidateDeviceControlArchiveInfoInvalidClinicalCulture" classname="Philips.PMP.Test.Auto.UnitSettingsTest" time="0.010" status="1" />
    <testcase name="ValidateDeviceControlArchiveInfoOldVersion" classname="Philips.PMP.Test.Auto.UnitSettingsTest" time="0.012" status="1" />
    <testcase name="ReadHeaderTest" classname="Philips.PMP.Test.Auto.UnitSettingsTest" time="0.005" status="1" />
    <testcase name="StoreXmlTest" classname="Philips.PMP.Test.Auto.UnitSettingsTest" time="0.958" status="1" />
    <system-out />
    <system-err />
  </testsuite>
  <testsuite name="Philips.PMP.Test.Auto.LabelAssignmentTest" hostname="RESTORMEL" package="not available" id="251" tests="5" failures="0" errors="0" skipped="0" time="0.525" timestamp="2023-12-13T03:36:45">
    <properties />
    <testcase name="LabelAssignmentDeviceTypeTest (Unknown,Unknown,True)" classname="Philips.PMP.Test.Auto.LabelAssignmentTest" time="0.047" status="1" />
    <testcase name="LabelAssignmentDeviceTypeTest (AntaresLight,Unknown,True)" classname="Philips.PMP.Test.Auto.LabelAssignmentTest" time="0.034" status="1" />
    <testcase name="LabelAssignmentDeviceTypeTest (IbridgeEc40Hub,IntellibridgeHub,False)" classname="Philips.PMP.Test.Auto.LabelAssignmentTest" time="0.148" status="1" />
    <testcase name="LabelAssignmentDeviceTypeTest (TelemCit,Telemetry,False)" classname="Philips.PMP.Test.Auto.LabelAssignmentTest" time="0.156" status="1" />
    <testcase name="LabelAssignmentDeviceTypeTest (TelemPwm,Telemetry,False)" classname="Philips.PMP.Test.Auto.LabelAssignmentTest" time="0.141" status="1" />
    <system-out />
    <system-err />
  </testsuite>
  <testsuite name="Philips.PMP.Test.Auto.SnmpConnectionControlTest" hostname="RESTORMEL" package="not available" id="252" tests="35" failures="0" errors="0" skipped="0" time="2.443" timestamp="2023-12-13T03:38:05">
    <properties />
    <testcase name="SnmpConnectionControlManualInputV3Test (,,,SHA256,,,,,,,,,False,Username is required.&#xD;&#xA;Password is required.&#xD;&#xA;)" classname="Philips.PMP.Test.Auto.SnmpConnectionControlTest" time="0.080" status="1" />
    <testcase name="SnmpConnectionControlManualInputV3Test (cisco,cisco,,SHA256,,,,,,,,,False,Username is required.&#xD;&#xA;Password is required.&#xD;&#xA;)" classname="Philips.PMP.Test.Auto.SnmpConnectionControlTest" time="0.082" status="1" />
    <testcase name="SnmpConnectionControlManualInputV3Test ( ,,,SHA256,,,,,,,,,False,Username is required.&#xD;&#xA;Password is required.&#xD;&#xA;)" classname="Philips.PMP.Test.Auto.SnmpConnectionControlTest" time="0.079" status="1" />
    <testcase name="SnmpConnectionControlManualInputV3Test ( aabbcc     ,aabbcc,,SHA256,,,,,,,,,False,Username is required.&#xD;&#xA;Password is required.&#xD;&#xA;)" classname="Philips.PMP.Test.Auto.SnmpConnectionControlTest" time="0.079" status="1" />
    <testcase name="SnmpConnectionControlManualInputV3Test (  cisco   switch    ,cisco   switch,,SHA256,,,,,,,,,False,Username is required.&#xD;&#xA;Password is required.&#xD;&#xA;)" classname="Philips.PMP.Test.Auto.SnmpConnectionControlTest" time="0.083" status="1" />
    <testcase name="SnmpConnectionControlManualInputV3Test (,,SHA256,SHA256,,,,,,,,,False,Username is required.&#xD;&#xA;Password is required.&#xD;&#xA;)" classname="Philips.PMP.Test.Auto.SnmpConnectionControlTest" time="0.079" status="1" />
    <testcase name="SnmpConnectionControlManualInputV3Test (,,SHA256,SHA256,,,,,,,,,False,Username is required.&#xD;&#xA;Password is required.&#xD;&#xA;)" classname="Philips.PMP.Test.Auto.SnmpConnectionControlTest" time="0.086" status="1" />
    <testcase name="SnmpConnectionControlManualInputV3Test (,,SHA512,SHA512,philips-user,philips-user,,,,,,,False,Password is required.&#xD;&#xA;)" classname="Philips.PMP.Test.Auto.SnmpConnectionControlTest" time="0.083" status="1" />
    <testcase name="SnmpConnectionControlManualInputV3Test (,,SHA512,SHA512,philips-user ,philips-user,,,,,,,False,Password is required.&#xD;&#xA;)" classname="Philips.PMP.Test.Auto.SnmpConnectionControlTest" time="0.082" status="1" />
    <testcase name="SnmpConnectionControlManualInputV3Test (,,SHA384,SHA384,philips-user ,philips-user,secret,secret,,,,,True,)" classname="Philips.PMP.Test.Auto.SnmpConnectionControlTest" time="0.099" status="1" />
    <testcase name="SnmpConnectionControlManualInputV3Test (,,SHA384,SHA384,philips-user ,philips-user,   secret  ,secret,,,,,True,)" classname="Philips.PMP.Test.Auto.SnmpConnectionControlTest" time="0.081" status="1" />
    <testcase name="SnmpConnectionControlManualInputV3Test (,,SHA256,SHA256,,,,,AES192,AES192,,,False,Username is required.&#xD;&#xA;Password is required.&#xD;&#xA;Privacy key is required.&#xD;&#xA;)" classname="Philips.PMP.Test.Auto.SnmpConnectionControlTest" time="0.088" status="1" />
    <testcase name="SnmpConnectionControlManualInputV3Test (,,SHA256,SHA256,,,,,AES192,AES192,private,private,False,Username is required.&#xD;&#xA;Password is required.&#xD;&#xA;)" classname="Philips.PMP.Test.Auto.SnmpConnectionControlTest" time="0.085" status="1" />
    <testcase name="SnmpConnectionControlManualInputV3Test (,,SHA256,SHA256,,,,,AES192,AES192,  private   ,private,False,Username is required.&#xD;&#xA;Password is required.&#xD;&#xA;)" classname="Philips.PMP.Test.Auto.SnmpConnectionControlTest" time="0.079" status="1" />
    <testcase name="SnmpConnectionControlManualInputV3Test (,,SHA256,SHA256,philips-user,philips-user,secret,secret,AES128,AES128,private,private,True,)" classname="Philips.PMP.Test.Auto.SnmpConnectionControlTest" time="0.086" status="1" />
    <testcase name="OnDiscoverTest (True,True,,Chassis ID: AAA&#xD;&#xA;System Name: Cisco&#xD;&#xA;Description: Cisco Switch&#xD;&#xA;Number of ports: 1)" classname="Philips.PMP.Test.Auto.SnmpConnectionControlTest" time="0.032" status="1" />
    <testcase name="OnDiscoverTest (True,False,Some error,Some error)" classname="Philips.PMP.Test.Auto.SnmpConnectionControlTest" time="0.029" status="1" />
    <testcase name="OnDiscoverTest (False,False,,An error has occurred while connecting to SNMP service. &#xD;&#xA;Please ensure that the Patient Monitoring Service is running.)" classname="Philips.PMP.Test.Auto.SnmpConnectionControlTest" time="0.024" status="1" />
    <testcase name="SnmpConnectionControlInputOutputTest (V2,,,False,,,False,True,)" classname="Philips.PMP.Test.Auto.SnmpConnectionControlTest" time="0.204" status="1" />
    <testcase name="SnmpConnectionControlInputOutputTest (V2,public,,False,,,False,True,)" classname="Philips.PMP.Test.Auto.SnmpConnectionControlTest" time="0.022" status="1" />
    <testcase name="SnmpConnectionControlInputOutputTest (V2,,context,False,,,False,True,)" classname="Philips.PMP.Test.Auto.SnmpConnectionControlTest" time="0.033" status="1" />
    <testcase name="SnmpConnectionControlInputOutputTest (V3,,,True,SHA256,,False,False,Username is required.&#xD;&#xA;Password is required.&#xD;&#xA;)" classname="Philips.PMP.Test.Auto.SnmpConnectionControlTest" time="0.079" status="1" />
    <testcase name="SnmpConnectionControlInputOutputTest (V3,,context,True,SHA256,,False,False,Username is required.&#xD;&#xA;Password is required.&#xD;&#xA;)" classname="Philips.PMP.Test.Auto.SnmpConnectionControlTest" time="0.084" status="1" />
    <testcase name="SnmpConnectionControlInputOutputTest (V3,,,True,SHA256,,False,False,Username is required.&#xD;&#xA;Password is required.&#xD;&#xA;)" classname="Philips.PMP.Test.Auto.SnmpConnectionControlTest" time="0.079" status="1" />
    <testcase name="SnmpConnectionControlInputOutputTest (V3,,,True,SHA384,,False,False,Username is required.&#xD;&#xA;Password is required.&#xD;&#xA;)" classname="Philips.PMP.Test.Auto.SnmpConnectionControlTest" time="0.081" status="1" />
    <testcase name="SnmpConnectionControlInputOutputTest (V3,,,True,SHA512,,False,False,Username is required.&#xD;&#xA;Password is required.&#xD;&#xA;)" classname="Philips.PMP.Test.Auto.SnmpConnectionControlTest" time="0.079" status="1" />
    <testcase name="SnmpConnectionControlInputOutputTest (V3,,,True,SHA512,,False,False,Username is required.&#xD;&#xA;Password is required.&#xD;&#xA;)" classname="Philips.PMP.Test.Auto.SnmpConnectionControlTest" time="0.078" status="1" />
    <testcase name="SnmpConnectionControlInputOutputTest (V3,,,True,SHA256,AES128,True,False,Username is required.&#xD;&#xA;Password is required.&#xD;&#xA;Privacy key is required.&#xD;&#xA;)" classname="Philips.PMP.Test.Auto.SnmpConnectionControlTest" time="0.079" status="1" />
    <testcase name="SnmpConnectionControlInputOutputTest (V3,,,True,SHA256,AES192,True,False,Username is required.&#xD;&#xA;Password is required.&#xD;&#xA;Privacy key is required.&#xD;&#xA;)" classname="Philips.PMP.Test.Auto.SnmpConnectionControlTest" time="0.083" status="1" />
    <testcase name="SnmpConnectionControlInputOutputTest (V3,,,True,SHA256,AES256,True,False,Username is required.&#xD;&#xA;Password is required.&#xD;&#xA;Privacy key is required.&#xD;&#xA;)" classname="Philips.PMP.Test.Auto.SnmpConnectionControlTest" time="0.091" status="1" />
    <testcase name="SnmpConnectionControlManualInputV2Test (,)" classname="Philips.PMP.Test.Auto.SnmpConnectionControlTest" time="0.023" status="1" />
    <testcase name="SnmpConnectionControlManualInputV2Test (public,public)" classname="Philips.PMP.Test.Auto.SnmpConnectionControlTest" time="0.021" status="1" />
    <testcase name="SnmpConnectionControlManualInputV2Test ( ,)" classname="Philips.PMP.Test.Auto.SnmpConnectionControlTest" time="0.025" status="1" />
    <testcase name="SnmpConnectionControlManualInputV2Test ( public     ,public)" classname="Philips.PMP.Test.Auto.SnmpConnectionControlTest" time="0.024" status="1" />
    <testcase name="SnmpConnectionControlManualInputV2Test (-----,-----)" classname="Philips.PMP.Test.Auto.SnmpConnectionControlTest" time="0.021" status="1" />
    <system-out />
    <system-err />
  </testsuite>
  <testsuite name="Philips.PMP.Test.Auto.LocalizedResourcesTest" hostname="RESTORMEL" package="not available" id="253" tests="3" failures="0" errors="0" skipped="0" time="1.067" timestamp="2023-12-13T03:29:53">
    <properties />
    <testcase name="UiControlResourceValidation" classname="Philips.PMP.Test.Auto.LocalizedResourcesTest" time="0.871" status="1" />
    <testcase name="AssemblyResourceUsageValidation (Philips.Platform.StringList,Philips.Platform.StringHashSet)" classname="Philips.PMP.Test.Auto.LocalizedResourcesTest" time="0.062" status="1" />
    <testcase name="AssemblyResourceFileValidation (Philips.Platform.StringList,Philips.Platform.StringHashSet)" classname="Philips.PMP.Test.Auto.LocalizedResourcesTest" time="0.133" status="1" />
    <system-out />
    <system-err />
  </testsuite>
  <testsuite name="Philips.PMP.Test.Auto.IntelliBridgeProviderTest" hostname="RESTORMEL" package="not available" id="254" tests="13" failures="0" errors="0" skipped="0" time="1.380" timestamp="2023-12-13T03:32:42">
    <properties />
    <testcase name="IHEDriverAddRemoveTest" classname="Philips.PMP.Test.Auto.IntelliBridgeProviderTest" time="0.108" status="1" />
    <testcase name="IHEDriverStoreSourceDeviceDuplicteRecordTest (False,Success)" classname="Philips.PMP.Test.Auto.IntelliBridgeProviderTest" time="0.007" status="1" />
    <testcase name="IHEDriverStoreSourceDeviceDuplicteRecordTest (True,DuplicateRecord)" classname="Philips.PMP.Test.Auto.IntelliBridgeProviderTest" time="0.012" status="1" />
    <testcase name="IntelliBridgeProviderGetAllHubFirmwareTest" classname="Philips.PMP.Test.Auto.IntelliBridgeProviderTest" time="0.005" status="1" />
    <testcase name="IntelliBridgeProviderGetAllUnitOfConversionTest" classname="Philips.PMP.Test.Auto.IntelliBridgeProviderTest" time="0.006" status="1" />
    <testcase name="IntelliBridgeProviderGetAllParameterConversionTest" classname="Philips.PMP.Test.Auto.IntelliBridgeProviderTest" time="0.007" status="1" />
    <testcase name="IsAcpmpInUseByLanServerTest (False)" classname="Philips.PMP.Test.Auto.IntelliBridgeProviderTest" time="0.007" status="1" />
    <testcase name="IsAcpmpInUseByLanServerTest (True)" classname="Philips.PMP.Test.Auto.IntelliBridgeProviderTest" time="0.007" status="1" />
    <testcase name="IntelliBridgeProviderGetLanServerTest" classname="Philips.PMP.Test.Auto.IntelliBridgeProviderTest" time="0.504" status="1" />
    <testcase name="IntelliBridgeProviderDriverUpdateTest" classname="Philips.PMP.Test.Auto.IntelliBridgeProviderTest" time="0.297" status="1" />
    <testcase name="IntelliBridgeProviderCacheOnlyMakesOneDbCall" classname="Philips.PMP.Test.Auto.IntelliBridgeProviderTest" time="0.051" status="1" />
    <testcase name="IHEDriverRemoveTest" classname="Philips.PMP.Test.Auto.IntelliBridgeProviderTest" time="0.043" status="1" />
    <testcase name="IntelliBridgeProviderHubDeviceAssignmentTest" classname="Philips.PMP.Test.Auto.IntelliBridgeProviderTest" time="0.327" status="1" />
    <system-out />
    <system-err />
  </testsuite>
  <testsuite name="Philips.PMP.Test.Auto.MobilityPasswordChangeMgrTest" hostname="RESTORMEL" package="not available" id="255" tests="2" failures="0" errors="0" skipped="0" time="0.166" timestamp="2023-12-13T03:36:46">
    <properties />
    <testcase name="ProcessChangePasswordRequestPass" classname="Philips.PMP.Test.Auto.MobilityPasswordChangeMgrTest" time="0.004" status="1" />
    <testcase name="ProcessChangePasswordRequestFail" classname="Philips.PMP.Test.Auto.MobilityPasswordChangeMgrTest" time="0.162" status="1" />
    <system-out />
    <system-err />
  </testsuite>
  <testsuite name="Philips.PMP.Test.Auto.SystemPerformanceTest" hostname="RESTORMEL" package="not available" id="256" tests="35" failures="0" errors="0" skipped="0" time="22.724" timestamp="2023-12-13T03:37:57">
    <properties />
    <testcase name="PerformanceCounterIncrementLengthyQueryCounters (UnknownProcess,2)" classname="Philips.PMP.Test.Auto.SystemPerformanceTest" time="0.005" status="1" />
    <testcase name="PerformanceCounterIncrementLengthyQueryCounters (Philips.PMP.ApplicationHost.exe,3)" classname="Philips.PMP.Test.Auto.SystemPerformanceTest" time="0.001" status="1" />
    <testcase name="GetValueEmptyTimeSpanConfigA" classname="Philips.PMP.Test.Auto.SystemPerformanceTest" time="0.763" status="1" />
    <testcase name="StoreInsertSettingConfigA" classname="Philips.PMP.Test.Auto.SystemPerformanceTest" time="0.796" status="1" />
    <testcase name="AssignMultipleProfilesToHost" classname="Philips.PMP.Test.Auto.SystemPerformanceTest" time="0.786" status="1" />
    <testcase name="DeleteSettingConfigB" classname="Philips.PMP.Test.Auto.SystemPerformanceTest" time="0.737" status="1" />
    <testcase name="StoreUpdateCategoryConfigA" classname="Philips.PMP.Test.Auto.SystemPerformanceTest" time="0.752" status="1" />
    <testcase name="GetValueTimeSpanConfigA" classname="Philips.PMP.Test.Auto.SystemPerformanceTest" time="0.802" status="1" />
    <testcase name="StoreUpdateSettingConfigA" classname="Philips.PMP.Test.Auto.SystemPerformanceTest" time="0.657" status="1" />
    <testcase name="StoreValueFor2Profiles" classname="Philips.PMP.Test.Auto.SystemPerformanceTest" time="0.641" status="1" />
    <testcase name="StoreValueConfigA" classname="Philips.PMP.Test.Auto.SystemPerformanceTest" time="0.908" status="1" />
    <testcase name="DeleteCategoryConfigA" classname="Philips.PMP.Test.Auto.SystemPerformanceTest" time="0.751" status="1" />
    <testcase name="GetValuesByHostConfigB" classname="Philips.PMP.Test.Auto.SystemPerformanceTest" time="0.774" status="1" />
    <testcase name="DeleteSettingAndCounterConfigA" classname="Philips.PMP.Test.Auto.SystemPerformanceTest" time="0.746" status="1" />
    <testcase name="GetSettingsForProfileOverlappingCategories" classname="Philips.PMP.Test.Auto.SystemPerformanceTest" time="0.794" status="1" />
    <testcase name="StoreCounterValues" classname="Philips.PMP.Test.Auto.SystemPerformanceTest" time="0.789" status="1" />
    <testcase name="GetPerformanceAlertWeeks" classname="Philips.PMP.Test.Auto.SystemPerformanceTest" time="0.280" status="1" />
    <testcase name="StoreInsertCategoryConfigA" classname="Philips.PMP.Test.Auto.SystemPerformanceTest" time="0.763" status="1" />
    <testcase name="DeleteCategoryConfigB" classname="Philips.PMP.Test.Auto.SystemPerformanceTest" time="0.802" status="1" />
    <testcase name="StorePerformanceAlert" classname="Philips.PMP.Test.Auto.SystemPerformanceTest" time="0.316" status="1" />
    <testcase name="DeleteSettingAndCategoryConfigB" classname="Philips.PMP.Test.Auto.SystemPerformanceTest" time="0.822" status="1" />
    <testcase name="GetValuesByHostAndSettingNoInstanceNameConfig" classname="Philips.PMP.Test.Auto.SystemPerformanceTest" time="0.742" status="1" />
    <testcase name="GetProfileAssignedToNonExistingHost" classname="Philips.PMP.Test.Auto.SystemPerformanceTest" time="0.002" status="1" />
    <testcase name="CloneProfileSettingsConfigB" classname="Philips.PMP.Test.Auto.SystemPerformanceTest" time="0.781" status="1" />
    <testcase name="DeleteProfile" classname="Philips.PMP.Test.Auto.SystemPerformanceTest" time="0.833" status="1" />
    <testcase name="CloneProfileSettingsWithInheritance" classname="Philips.PMP.Test.Auto.SystemPerformanceTest" time="0.615" status="1" />
    <testcase name="DeleteCategory2ConfigB" classname="Philips.PMP.Test.Auto.SystemPerformanceTest" time="0.725" status="1" />
    <testcase name="RenameProfile" classname="Philips.PMP.Test.Auto.SystemPerformanceTest" time="0.626" status="1" />
    <testcase name="CloneProfileSettingsConfigA" classname="Philips.PMP.Test.Auto.SystemPerformanceTest" time="0.786" status="1" />
    <testcase name="StoreUpdateSettingCConfigA" classname="Philips.PMP.Test.Auto.SystemPerformanceTest" time="0.786" status="1" />
    <testcase name="PerformanceCounterLoadRunTimeInstanceCounters" classname="Philips.PMP.Test.Auto.SystemPerformanceTest" time="0.019" status="1" />
    <testcase name="StoreValueNonExistent" classname="Philips.PMP.Test.Auto.SystemPerformanceTest" time="0.848" status="1" />
    <testcase name="GetValuesByHostConfigA" classname="Philips.PMP.Test.Auto.SystemPerformanceTest" time="0.794" status="1" />
    <testcase name="InitializePerformanceService" classname="Philips.PMP.Test.Auto.SystemPerformanceTest" time="0.735" status="1" />
    <testcase name="DeleteSettingConfigA" classname="Philips.PMP.Test.Auto.SystemPerformanceTest" time="0.748" status="1" />
    <system-out />
    <system-err />
  </testsuite>
  <testsuite name="Philips.PMP.Test.Auto.PatientHandlerTest" hostname="RESTORMEL" package="not available" id="257" tests="7" failures="0" errors="0" skipped="0" time="0.012" timestamp="2023-12-13T03:34:52">
    <properties />
    <testcase name="PatientHandlerUpdateDeviceStatus" classname="Philips.PMP.Test.Auto.PatientHandlerTest" time="0.002" status="1" />
    <testcase name="PatientHandlerStop" classname="Philips.PMP.Test.Auto.PatientHandlerTest" time="0.001" status="1" />
    <testcase name="PatientHandlerStart" classname="Philips.PMP.Test.Auto.PatientHandlerTest" time="0.003" status="1" />
    <testcase name="PatientHandlerCtor" classname="Philips.PMP.Test.Auto.PatientHandlerTest" time="0.002" status="1" />
    <testcase name="PatientHandlerUpdatePatient" classname="Philips.PMP.Test.Auto.PatientHandlerTest" time="0.002" status="1" />
    <testcase name="PatientHandlerDispose" classname="Philips.PMP.Test.Auto.PatientHandlerTest" time="0.001" status="1" />
    <testcase name="PatientHandlerUpdateDevices" classname="Philips.PMP.Test.Auto.PatientHandlerTest" time="0.002" status="1" />
    <system-out />
    <system-err />
  </testsuite>
  <testsuite name="Philips.PMP.Test.Auto.Hl7AlarmClientMgrTest" hostname="RESTORMEL" package="not available" id="258" tests="26" failures="0" errors="0" skipped="0" time="0.620" timestamp="2023-12-13T03:36:37">
    <properties />
    <testcase name="AlarmClientStartStopTest" classname="Philips.PMP.Test.Auto.Hl7AlarmClientMgrTest" time="0.003" status="1" />
    <testcase name="AlarmClientProcessReceivedAlarmTest" classname="Philips.PMP.Test.Auto.Hl7AlarmClientMgrTest" time="0.004" status="1" />
    <testcase name="AlarmClientCareProxyCreatedAlarmSentProxyDisconnectedAlarmNotSentTest" classname="Philips.PMP.Test.Auto.Hl7AlarmClientMgrTest" time="0.003" status="1" />
    <testcase name="AlarmClientGetPhysioDataNumericsCallTest" classname="Philips.PMP.Test.Auto.Hl7AlarmClientMgrTest" time="0.004" status="1" />
    <testcase name="AlarmClientAlarmPhaseTest (NewAlert,start)" classname="Philips.PMP.Test.Auto.Hl7AlarmClientMgrTest" time="0.001" status="1" />
    <testcase name="AlarmClientAlarmPhaseTest (EndAlert,end)" classname="Philips.PMP.Test.Auto.Hl7AlarmClientMgrTest" time="0.000" status="1" />
    <testcase name="AlarmClientAlarmPhaseTest (SilencedAlert,end)" classname="Philips.PMP.Test.Auto.Hl7AlarmClientMgrTest" time="0.001" status="1" />
    <testcase name="AlarmClientAlarmPhaseTest (Unknown,present)" classname="Philips.PMP.Test.Auto.Hl7AlarmClientMgrTest" time="0.001" status="1" />
    <testcase name="AlarmClientGetAlarmNumericsTest" classname="Philips.PMP.Test.Auto.Hl7AlarmClientMgrTest" time="0.010" status="1" />
    <testcase name="AlarmClientOnAlarmReceivedAlarmTypeHandlerTest (NewAlert,1)" classname="Philips.PMP.Test.Auto.Hl7AlarmClientMgrTest" time="0.003" status="1" />
    <testcase name="AlarmClientOnAlarmReceivedAlarmTypeHandlerTest (EndAlert,1)" classname="Philips.PMP.Test.Auto.Hl7AlarmClientMgrTest" time="0.002" status="1" />
    <testcase name="AlarmClientOnAlarmReceivedAlarmTypeHandlerTest (SilencedAlert,1)" classname="Philips.PMP.Test.Auto.Hl7AlarmClientMgrTest" time="0.003" status="1" />
    <testcase name="AlarmClientOnAlarmReceivedAlarmTypeHandlerTest (DeviceStatusChange,0)" classname="Philips.PMP.Test.Auto.Hl7AlarmClientMgrTest" time="0.001" status="1" />
    <testcase name="AlarmClientOnAlarmReceivedAlarmTypeHandlerTest (SecondLevelUnsilenced,0)" classname="Philips.PMP.Test.Auto.Hl7AlarmClientMgrTest" time="0.003" status="1" />
    <testcase name="AlarmClientOnAlarmReceivedAlarmTypeHandlerTest (SilencedReminder,0)" classname="Philips.PMP.Test.Auto.Hl7AlarmClientMgrTest" time="0.003" status="1" />
    <testcase name="AlarmClientOnAlarmReceivedHandlerTest (0,0)" classname="Philips.PMP.Test.Auto.Hl7AlarmClientMgrTest" time="0.315" status="1" />
    <testcase name="AlarmClientOnAlarmReceivedHandlerTest (1,1)" classname="Philips.PMP.Test.Auto.Hl7AlarmClientMgrTest" time="0.004" status="1" />
    <testcase name="AlarmClientOnAlarmReceivedHandlerTest (2,1)" classname="Philips.PMP.Test.Auto.Hl7AlarmClientMgrTest" time="0.002" status="1" />
    <testcase name="AlarmClientOnAlarmReceivedHandlerTest (0,0)" classname="Philips.PMP.Test.Auto.Hl7AlarmClientMgrTest" time="0.004" status="1" />
    <testcase name="AlarmClientOnAlarmReceivedHandlerTest (1,1)" classname="Philips.PMP.Test.Auto.Hl7AlarmClientMgrTest" time="0.002" status="1" />
    <testcase name="AlarmClientOnAlarmReceivedHandlerTest (2,1)" classname="Philips.PMP.Test.Auto.Hl7AlarmClientMgrTest" time="0.003" status="1" />
    <testcase name="Hl7AlarmClientMessageMgrAddConnectionsBuildAndSendAlarmMessageTest" classname="Philips.PMP.Test.Auto.Hl7AlarmClientMgrTest" time="0.246" status="1" />
    <testcase name="AlarmClientAlarmAttributeStateTest (NewAlert,active)" classname="Philips.PMP.Test.Auto.Hl7AlarmClientMgrTest" time="0.001" status="1" />
    <testcase name="AlarmClientAlarmAttributeStateTest (EndAlert,inactive)" classname="Philips.PMP.Test.Auto.Hl7AlarmClientMgrTest" time="0.000" status="1" />
    <testcase name="AlarmClientAlarmAttributeStateTest (SilencedAlert,active)" classname="Philips.PMP.Test.Auto.Hl7AlarmClientMgrTest" time="0.000" status="1" />
    <testcase name="AlarmClientAlarmAttributeStateTest (Unknown,active)" classname="Philips.PMP.Test.Auto.Hl7AlarmClientMgrTest" time="0.000" status="1" />
    <system-out />
    <system-err />
  </testsuite>
  <testsuite name="Philips.PMP.Test.Auto.BitLockerEditorTest" hostname="RESTORMEL" package="not available" id="259" tests="14" failures="0" errors="0" skipped="0" time="0.105" timestamp="2023-12-13T03:36:15">
    <properties />
    <testcase name="IsTpmEnabledTest (True)" classname="Philips.PMP.Test.Auto.BitLockerEditorTest" time="0.071" status="1" />
    <testcase name="IsTpmEnabledTest (False)" classname="Philips.PMP.Test.Auto.BitLockerEditorTest" time="0.005" status="1" />
    <testcase name="IsBitLockerOnTest (False,DecryptionInProgress)" classname="Philips.PMP.Test.Auto.BitLockerEditorTest" time="0.004" status="1" />
    <testcase name="IsBitLockerOnTest (False,DecryptionPaused)" classname="Philips.PMP.Test.Auto.BitLockerEditorTest" time="0.002" status="1" />
    <testcase name="IsBitLockerOnTest (True,EncryptionInProgress)" classname="Philips.PMP.Test.Auto.BitLockerEditorTest" time="0.002" status="1" />
    <testcase name="IsBitLockerOnTest (True,EncryptionPaused)" classname="Philips.PMP.Test.Auto.BitLockerEditorTest" time="0.001" status="1" />
    <testcase name="IsBitLockerOnTest (False,FullyDecrypted)" classname="Philips.PMP.Test.Auto.BitLockerEditorTest" time="0.001" status="1" />
    <testcase name="IsBitLockerOnTest (True,FullyEncrypted)" classname="Philips.PMP.Test.Auto.BitLockerEditorTest" time="0.002" status="1" />
    <testcase name="SetBitLockerTest (True,True)" classname="Philips.PMP.Test.Auto.BitLockerEditorTest" time="0.006" status="1" />
    <testcase name="SetBitLockerTest (True,False)" classname="Philips.PMP.Test.Auto.BitLockerEditorTest" time="0.003" status="1" />
    <testcase name="SetBitLockerTest (False,True)" classname="Philips.PMP.Test.Auto.BitLockerEditorTest" time="0.003" status="1" />
    <testcase name="SetBitLockerTest (False,False)" classname="Philips.PMP.Test.Auto.BitLockerEditorTest" time="0.003" status="1" />
    <testcase name="IsTpmAvailableTest (True)" classname="Philips.PMP.Test.Auto.BitLockerEditorTest" time="0.002" status="1" />
    <testcase name="IsTpmAvailableTest (False)" classname="Philips.PMP.Test.Auto.BitLockerEditorTest" time="0.001" status="1" />
    <system-out />
    <system-err />
  </testsuite>
  <testsuite name="Philips.PMP.Test.Auto.ServiceProviderTest" hostname="RESTORMEL" package="not available" id="260" tests="14" failures="0" errors="0" skipped="0" time="0.051" timestamp="2023-12-13T03:33:28">
    <properties />
    <testcase name="GetServiceByNameTest" classname="Philips.PMP.Test.Auto.ServiceProviderTest" time="0.002" status="1" />
    <testcase name="GetServicesByProcessTest" classname="Philips.PMP.Test.Auto.ServiceProviderTest" time="0.005" status="1" />
    <testcase name="ServiceProviderCanProvideProcessThreadParameters (Philips.PMP.DbEngineHost.exe,True)" classname="Philips.PMP.Test.Auto.ServiceProviderTest" time="0.002" status="1" />
    <testcase name="ServiceProviderCanProvideProcessThreadParameters (Philips.PMP.ServiceHost.exe,False)" classname="Philips.PMP.Test.Auto.ServiceProviderTest" time="0.001" status="1" />
    <testcase name="ServiceProviderCanProvideProcessThreadParameters (Philips.PMP.ServiceHostCore.exe,False)" classname="Philips.PMP.Test.Auto.ServiceProviderTest" time="0.001" status="1" />
    <testcase name="GetShutdownPriorityTest (False)" classname="Philips.PMP.Test.Auto.ServiceProviderTest" time="0.002" status="1" />
    <testcase name="GetShutdownPriorityTest (True)" classname="Philips.PMP.Test.Auto.ServiceProviderTest" time="0.002" status="1" />
    <testcase name="GetAllFactoryServicesTest" classname="Philips.PMP.Test.Auto.ServiceProviderTest" time="0.003" status="1" />
    <testcase name="ObsoleteServiceTableTest (Philips.PMP.DbEngineHost.exe,2)" classname="Philips.PMP.Test.Auto.ServiceProviderTest" time="0.018" status="1" />
    <testcase name="ObsoleteServiceTableTest (Philips.PMP.WatchdogHost.exe,2)" classname="Philips.PMP.Test.Auto.ServiceProviderTest" time="0.003" status="1" />
    <testcase name="ObsoleteServiceTableTest (Philips.PMP.ServiceHostCore.exe,11)" classname="Philips.PMP.Test.Auto.ServiceProviderTest" time="0.003" status="1" />
    <testcase name="ObsoleteServiceTableTest (Philips.PMP.ServiceHost.exe,44)" classname="Philips.PMP.Test.Auto.ServiceProviderTest" time="0.003" status="1" />
    <testcase name="ObsoleteServiceTableTest (Philips.PIC.SharedAssignmentHost.exe,1)" classname="Philips.PMP.Test.Auto.ServiceProviderTest" time="0.003" status="1" />
    <testcase name="ObsoleteServiceTableTest (Philips.iX.DataBridgeHost.exe,0)" classname="Philips.PMP.Test.Auto.ServiceProviderTest" time="0.003" status="1" />
    <system-out />
    <system-err />
  </testsuite>
  <testsuite name="Philips.PIC.WebBridge.Test.LicenseControllerTest" hostname="RESTORMEL" package="not available" id="261" tests="13" failures="0" errors="0" skipped="0" time="0.142" timestamp="2023-12-13T03:39:09">
    <properties />
    <testcase name="CopyLicenseUnitTest (True)" classname="Philips.PIC.WebBridge.Test.LicenseControllerTest" time="0.010" status="1" />
    <testcase name="CopyLicenseUnitTest (False)" classname="Philips.PIC.WebBridge.Test.LicenseControllerTest" time="0.004" status="1" />
    <testcase name="PostUnitValidation (False,False)" classname="Philips.PIC.WebBridge.Test.LicenseControllerTest" time="0.037" status="1" />
    <testcase name="PostUnitValidation (False,True)" classname="Philips.PIC.WebBridge.Test.LicenseControllerTest" time="0.002" status="1" />
    <testcase name="PostUnitValidation (True,False)" classname="Philips.PIC.WebBridge.Test.LicenseControllerTest" time="0.003" status="1" />
    <testcase name="PostUnitValidation (True,True)" classname="Philips.PIC.WebBridge.Test.LicenseControllerTest" time="0.002" status="1" />
    <testcase name="GetGetGeneralCareFeaturesWillSendOkResult" classname="Philips.PIC.WebBridge.Test.LicenseControllerTest" time="0.009" status="1" />
    <testcase name="GetUnitWillSendOkResult" classname="Philips.PIC.WebBridge.Test.LicenseControllerTest" time="0.022" status="1" />
    <testcase name="GetUnitByUnitIdValidation (False,False)" classname="Philips.PIC.WebBridge.Test.LicenseControllerTest" time="0.043" status="1" />
    <testcase name="GetUnitByUnitIdValidation (False,True)" classname="Philips.PIC.WebBridge.Test.LicenseControllerTest" time="0.002" status="1" />
    <testcase name="GetUnitByUnitIdValidation (True,False)" classname="Philips.PIC.WebBridge.Test.LicenseControllerTest" time="0.003" status="1" />
    <testcase name="GetUnitByUnitIdValidation (True,True)" classname="Philips.PIC.WebBridge.Test.LicenseControllerTest" time="0.002" status="1" />
    <testcase name="GetCanDisplayCopyWillSendOkResult" classname="Philips.PIC.WebBridge.Test.LicenseControllerTest" time="0.002" status="1" />
    <system-out />
    <system-err />
  </testsuite>
  <testsuite name="Philips.CareEvent.Test.CareTouchCommunicationMgrTest" hostname="RESTORMEL" package="not available" id="262" tests="6" failures="0" errors="0" skipped="0" time="0.047" timestamp="2023-12-13T03:28:23">
    <properties />
    <testcase name="ValidateSendAutomaticDelegationNotification (True,SelectedAsDelegate)" classname="Philips.CareEvent.Test.CareTouchCommunicationMgrTest" time="0.014" status="1" />
    <testcase name="ValidateSendAutomaticDelegationNotification (False,RemovedAsDelegate)" classname="Philips.CareEvent.Test.CareTouchCommunicationMgrTest" time="0.008" status="1" />
    <testcase name="AddAndRemoveUndeliverableEvents" classname="Philips.CareEvent.Test.CareTouchCommunicationMgrTest" time="0.005" status="1" />
    <testcase name="DoNotAcceptConnectionIfNoMobilityNoEventNotification" classname="Philips.CareEvent.Test.CareTouchCommunicationMgrTest" time="0.006" status="1" />
    <testcase name="ValidateConnectionsTest" classname="Philips.CareEvent.Test.CareTouchCommunicationMgrTest" time="0.009" status="1" />
    <testcase name="SendEventMessageWithNullUserInfoTest" classname="Philips.CareEvent.Test.CareTouchCommunicationMgrTest" time="0.005" status="1" />
    <system-out />
    <system-err />
  </testsuite>
  <testsuite name="Philips.PMP.Test.Auto.PhysioDataDisplayHelperTest" hostname="RESTORMEL" package="not available" id="263" tests="62" failures="0" errors="0" skipped="0" time="0.353" timestamp="2023-12-13T03:35:46">
    <properties />
    <testcase name="GetOrderedWavesTest" classname="Philips.PMP.Test.Auto.PhysioDataDisplayHelperTest" time="0.266" status="1" />
    <testcase name="GetNumericValueNlsIdTest" classname="Philips.PMP.Test.Auto.PhysioDataDisplayHelperTest" time="0.001" status="1" />
    <testcase name="GetStGuidTest" classname="Philips.PMP.Test.Auto.PhysioDataDisplayHelperTest" time="0.000" status="1" />
    <testcase name="OngoingStringTest" classname="Philips.PMP.Test.Auto.PhysioDataDisplayHelperTest" time="0.023" status="1" />
    <testcase name="PhysioDataDisplayHelperGetEnumerationValueTextIdFromOther" classname="Philips.PMP.Test.Auto.PhysioDataDisplayHelperTest" time="0.001" status="1" />
    <testcase name="GetLatestNumericTime" classname="Philips.PMP.Test.Auto.PhysioDataDisplayHelperTest" time="0.001" status="1" />
    <testcase name="TryGetGuidByWaveIdTimeRangeTest" classname="Philips.PMP.Test.Auto.PhysioDataDisplayHelperTest" time="0.003" status="1" />
    <testcase name="PhysioDataDisplayHelperGetEnumerationValueStringFromTextIdAndValue (enum_obj_id_val_chosen,148096,3,Pair PVCs 3  )" classname="Philips.PMP.Test.Auto.PhysioDataDisplayHelperTest" time="0.001" status="1" />
    <testcase name="PhysioDataDisplayHelperGetEnumerationValueStringFromTextIdAndValue (enum_text_id_val_chosen,148096,3,Pair PVCs 3  )" classname="Philips.PMP.Test.Auto.PhysioDataDisplayHelperTest" time="0.000" status="1" />
    <testcase name="IsNumericAvailableAperiodicTest" classname="Philips.PMP.Test.Auto.PhysioDataDisplayHelperTest" time="0.004" status="1" />
    <testcase name="PhysioDataDisplayHelperGetEnumerationValueStringFromString (enum_text_string_chosen,FreeText,3,FreeText)" classname="Philips.PMP.Test.Auto.PhysioDataDisplayHelperTest" time="0.001" status="1" />
    <testcase name="PhysioDataDisplayHelperGetEnumerationValueStringFromString (enum_text_string_val_chosen,FreeText,3,FreeText 3)" classname="Philips.PMP.Test.Auto.PhysioDataDisplayHelperTest" time="0.001" status="1" />
    <testcase name="PhysioDataDisplayHelperGetEnumerationValueStringFromTextIdAndIdx (enum_obj_id_idx_chosen,4042322160,3,3)" classname="Philips.PMP.Test.Auto.PhysioDataDisplayHelperTest" time="0.001" status="1" />
    <testcase name="PhysioDataDisplayHelperGetEnumerationValueStringFromTextIdAndIdx (enum_text_id_idx_chosen,194954,3,EWS)" classname="Philips.PMP.Test.Auto.PhysioDataDisplayHelperTest" time="0.000" status="1" />
    <testcase name="PhysioDataDisplayHelperGetEnumerationValueStringWithDifferentMeasurementStates (Invalid,-?-)" classname="Philips.PMP.Test.Auto.PhysioDataDisplayHelperTest" time="0.000" status="1" />
    <testcase name="PhysioDataDisplayHelperGetEnumerationValueStringWithDifferentMeasurementStates (Unavailable,)" classname="Philips.PMP.Test.Auto.PhysioDataDisplayHelperTest" time="0.001" status="1" />
    <testcase name="PhysioDataDisplayHelperGetEnumerationValueStringWithDifferentMeasurementStates (0,Pain)" classname="Philips.PMP.Test.Auto.PhysioDataDisplayHelperTest" time="0.002" status="1" />
    <testcase name="TryGetEnumerationStatusStringTest" classname="Philips.PMP.Test.Auto.PhysioDataDisplayHelperTest" time="0.000" status="1" />
    <testcase name="AperiodicDurationLimitTest" classname="Philips.PMP.Test.Auto.PhysioDataDisplayHelperTest" time="0.001" status="1" />
    <testcase name="StIndexExistsTest" classname="Philips.PMP.Test.Auto.PhysioDataDisplayHelperTest" time="0.001" status="1" />
    <testcase name="PhysioDataDisplayHelperGetEnumerationValueStringFromStringandIdx (enum_text_export_id_chosen,FreeText,3,Numeric,3)" classname="Philips.PMP.Test.Auto.PhysioDataDisplayHelperTest" time="0.001" status="1" />
    <testcase name="PhysioDataDisplayHelperGetEnumerationValueStringFromStringandIdx (enum_text_string_idx_chosen,FreeText,3,0,FreeText)" classname="Philips.PMP.Test.Auto.PhysioDataDisplayHelperTest" time="0.000" status="1" />
    <testcase name="PhysioDataDisplayHelperIsAnnotationModified (,,0,True)" classname="Philips.PMP.Test.Auto.PhysioDataDisplayHelperTest" time="0.002" status="1" />
    <testcase name="PhysioDataDisplayHelperIsAnnotationModified (Comment,Label,1,False)" classname="Philips.PMP.Test.Auto.PhysioDataDisplayHelperTest" time="0.001" status="1" />
    <testcase name="PhysioDataDisplayHelperIsAnnotationModified (Comment,Label1,1,True)" classname="Philips.PMP.Test.Auto.PhysioDataDisplayHelperTest" time="0.000" status="1" />
    <testcase name="PhysioDataDisplayHelperIsAnnotationModified (Comment1,Label,1,True)" classname="Philips.PMP.Test.Auto.PhysioDataDisplayHelperTest" time="0.001" status="1" />
    <testcase name="PhysioDataDisplayHelperIsAnnotationModified (Comment,Label,0,True)" classname="Philips.PMP.Test.Auto.PhysioDataDisplayHelperTest" time="0.000" status="1" />
    <testcase name="PhysioDataDisplayHelperIsAnnotationModified (Comment,Label,2,True)" classname="Philips.PMP.Test.Auto.PhysioDataDisplayHelperTest" time="0.000" status="1" />
    <testcase name="FilterOlderNumericsTest" classname="Philips.PMP.Test.Auto.PhysioDataDisplayHelperTest" time="0.001" status="1" />
    <testcase name="PhysioDataDisplayHelperGetEnumerationValueTextIdFromString (enum_text_string_chosen,48059,2,179131)" classname="Philips.PMP.Test.Auto.PhysioDataDisplayHelperTest" time="0.001" status="1" />
    <testcase name="PhysioDataDisplayHelperGetEnumerationValueTextIdFromString (enum_text_string_val_chosen,65535,1026,67305471)" classname="Philips.PMP.Test.Auto.PhysioDataDisplayHelperTest" time="0.000" status="1" />
    <testcase name="PhysioDataDisplayHelperGetEnumerationValueTextIdFromString (enum_text_string_idx_chosen,1,32778,2148139009)" classname="Philips.PMP.Test.Auto.PhysioDataDisplayHelperTest" time="0.001" status="1" />
    <testcase name="PhysioDataDisplayHelperEwsScoresAreNotSentOutAsText" classname="Philips.PMP.Test.Auto.PhysioDataDisplayHelperTest" time="0.001" status="1" />
    <testcase name="PhysioDataDisplayHelperCanGetRetrospectiveColor (True,-7401329)" classname="Philips.PMP.Test.Auto.PhysioDataDisplayHelperTest" time="0.003" status="1" />
    <testcase name="PhysioDataDisplayHelperCanGetRetrospectiveColor (False,-1560345)" classname="Philips.PMP.Test.Auto.PhysioDataDisplayHelperTest" time="0.001" status="1" />
    <testcase name="GetNumericLabelsTest" classname="Philips.PMP.Test.Auto.PhysioDataDisplayHelperTest" time="0.001" status="1" />
    <testcase name="PhysioDataDisplayHelperGetEnumerationValueStringFromDefault" classname="Philips.PMP.Test.Auto.PhysioDataDisplayHelperTest" time="0.001" status="1" />
    <testcase name="GetLabelsTest" classname="Philips.PMP.Test.Auto.PhysioDataDisplayHelperTest" time="0.001" status="1" />
    <testcase name="GetTabularNumericValueStringTest" classname="Philips.PMP.Test.Auto.PhysioDataDisplayHelperTest" time="0.004" status="1" />
    <testcase name="GetMetricValueStringTest" classname="Philips.PMP.Test.Auto.PhysioDataDisplayHelperTest" time="0.001" status="1" />
    <testcase name="PhysioDataDisplayHelperIsAnnotationModifiedCaliperCheck (1000,2000,Pause,1.2,False)" classname="Philips.PMP.Test.Auto.PhysioDataDisplayHelperTest" time="0.001" status="1" />
    <testcase name="PhysioDataDisplayHelperIsAnnotationModifiedCaliperCheck (1000,3000,Pause,1.2,True)" classname="Philips.PMP.Test.Auto.PhysioDataDisplayHelperTest" time="0.000" status="1" />
    <testcase name="PhysioDataDisplayHelperIsAnnotationModifiedCaliperCheck (1500,2000,Pause,1.2,True)" classname="Philips.PMP.Test.Auto.PhysioDataDisplayHelperTest" time="0.000" status="1" />
    <testcase name="PhysioDataDisplayHelperIsAnnotationModifiedCaliperCheck (2000,3000,Pause,1.2,True)" classname="Philips.PMP.Test.Auto.PhysioDataDisplayHelperTest" time="0.000" status="1" />
    <testcase name="PhysioDataDisplayHelperIsAnnotationModifiedCaliperCheck (1000,2000,PR,1.2,True)" classname="Philips.PMP.Test.Auto.PhysioDataDisplayHelperTest" time="0.000" status="1" />
    <testcase name="PhysioDataDisplayHelperIsAnnotationModifiedCaliperCheck (1000,2000,Pause,1.3,True)" classname="Philips.PMP.Test.Auto.PhysioDataDisplayHelperTest" time="0.000" status="1" />
    <testcase name="PhysioDataDisplayHelperGetEnumerationValueStringFromTextId (enum_obj_id_val_chosen,147474,Sinus Rhythm)" classname="Philips.PMP.Test.Auto.PhysioDataDisplayHelperTest" time="0.002" status="1" />
    <testcase name="PhysioDataDisplayHelperGetEnumerationValueStringFromTextId (enum_text_id_val_chosen,4026724361,Pain)" classname="Philips.PMP.Test.Auto.PhysioDataDisplayHelperTest" time="0.001" status="1" />
    <testcase name="PhysioDataDisplayHelperGetEnumerationValueIdxString" classname="Philips.PMP.Test.Auto.PhysioDataDisplayHelperTest" time="0.001" status="1" />
    <testcase name="TryGetWaveByIdTest" classname="Philips.PMP.Test.Auto.PhysioDataDisplayHelperTest" time="0.001" status="1" />
    <testcase name="PhysioDataDisplayHelperGetParameterValuesValidatesInputs (True,True,True)" classname="Philips.PMP.Test.Auto.PhysioDataDisplayHelperTest" time="0.001" status="1" />
    <testcase name="PhysioDataDisplayHelperGetParameterValuesValidatesInputs (False,True,True)" classname="Philips.PMP.Test.Auto.PhysioDataDisplayHelperTest" time="0.000" status="1" />
    <testcase name="PhysioDataDisplayHelperGetParameterValuesValidatesInputs (True,False,True)" classname="Philips.PMP.Test.Auto.PhysioDataDisplayHelperTest" time="0.000" status="1" />
    <testcase name="PhysioDataDisplayHelperGetParameterValuesValidatesInputs (True,True,False)" classname="Philips.PMP.Test.Auto.PhysioDataDisplayHelperTest" time="0.001" status="1" />
    <testcase name="IsNumericAvailablePeriodicTest" classname="Philips.PMP.Test.Auto.PhysioDataDisplayHelperTest" time="0.001" status="1" />
    <testcase name="PhysioDataDisplayHelperGetEnumerationValueTextIdFromObjId (enum_obj_id_chosen,48059,2,179131)" classname="Philips.PMP.Test.Auto.PhysioDataDisplayHelperTest" time="0.005" status="1" />
    <testcase name="PhysioDataDisplayHelperGetEnumerationValueTextIdFromObjId (enum_obj_id_val_chosen,65535,1026,67305471)" classname="Philips.PMP.Test.Auto.PhysioDataDisplayHelperTest" time="0.001" status="1" />
    <testcase name="PhysioDataDisplayHelperGetEnumerationValueTextIdFromObjId (enum_obj_id_idx_chosen,1,32778,2148139009)" classname="Philips.PMP.Test.Auto.PhysioDataDisplayHelperTest" time="0.000" status="1" />
    <testcase name="PhysioDataDisplayHelperGetEnumerationValueTextIdFromTextId (enum_text_id_chosen,179131,179131)" classname="Philips.PMP.Test.Auto.PhysioDataDisplayHelperTest" time="0.001" status="1" />
    <testcase name="PhysioDataDisplayHelperGetEnumerationValueTextIdFromTextId (enum_text_id_val_chosen,67305471,67305471)" classname="Philips.PMP.Test.Auto.PhysioDataDisplayHelperTest" time="0.001" status="1" />
    <testcase name="PhysioDataDisplayHelperGetEnumerationValueTextIdFromTextId (enum_text_id_idx_chosen,2148139009,2148139009)" classname="Philips.PMP.Test.Auto.PhysioDataDisplayHelperTest" time="0.002" status="1" />
    <testcase name="GetPeriodicDurationLimitTest" classname="Philips.PMP.Test.Auto.PhysioDataDisplayHelperTest" time="0.001" status="1" />
    <system-out />
    <system-err />
  </testsuite>
  <testsuite name="Philips.PMP.Test.Auto.LocalSecurityPolicyQualifierTest" hostname="RESTORMEL" package="not available" id="264" tests="4" failures="0" errors="0" skipped="0" time="0.244" timestamp="2023-12-13T03:34:11">
    <properties />
    <testcase name="QualifierVerifiesReportServerLoginRight" classname="Philips.PMP.Test.Auto.LocalSecurityPolicyQualifierTest" time="0.004" status="1" />
    <testcase name="LocalSecurityPolicyConfiguredDefenderExclusions" classname="Philips.PMP.Test.Auto.LocalSecurityPolicyQualifierTest" time="0.003" status="1" />
    <testcase name="LocalSecurityPolicyQualifierVerifiesDepPolicy" classname="Philips.PMP.Test.Auto.LocalSecurityPolicyQualifierTest" time="0.232" status="1" />
    <testcase name="LocalSecurityPolicyQualifierCorrectsDepPolicy" classname="Philips.PMP.Test.Auto.LocalSecurityPolicyQualifierTest" time="0.005" status="1" />
    <system-out />
    <system-err />
  </testsuite>
  <testsuite name="Philips.PMP.Test.Auto.NotificationSettingProviderTest" hostname="RESTORMEL" package="not available" id="265" tests="28" failures="0" errors="0" skipped="0" time="2.591" timestamp="2023-12-13T03:32:45">
    <properties />
    <testcase name="StoreRoleBehaviorAndNotificationSettingsShouldFailIfRoleDoesNotExist" classname="Philips.PMP.Test.Auto.NotificationSettingProviderTest" time="0.024" status="1" />
    <testcase name="GetAlertNotificationSettingsTest" classname="Philips.PMP.Test.Auto.NotificationSettingProviderTest" time="0.004" status="1" />
    <testcase name="GetAlarmReflectionSettingsTest" classname="Philips.PMP.Test.Auto.NotificationSettingProviderTest" time="0.008" status="1" />
    <testcase name="GetUnitAndTextNotificationRolesTest" classname="Philips.PMP.Test.Auto.NotificationSettingProviderTest" time="0.010" status="1" />
    <testcase name="SettingsTextHelperTestShouldReturnDefaultAlarmReflectionSettings" classname="Philips.PMP.Test.Auto.NotificationSettingProviderTest" time="0.011" status="1" />
    <testcase name="AddConnectionDroppedAndNoDataCategoryWhenNotificationRoleIsAdded" classname="Philips.PMP.Test.Auto.NotificationSettingProviderTest" time="0.028" status="1" />
    <testcase name="IsRoleEqualSuccess" classname="Philips.PMP.Test.Auto.NotificationSettingProviderTest" time="0.240" status="1" />
    <testcase name="RemoveAllNotificationRoleShouldSaveAndGetSuccessful" classname="Philips.PMP.Test.Auto.NotificationSettingProviderTest" time="0.007" status="1" />
    <testcase name="StoreRoleBehaviorSettingsTest" classname="Philips.PMP.Test.Auto.NotificationSettingProviderTest" time="0.009" status="1" />
    <testcase name="IsPrefixIncludedDefaultValueIsTrue" classname="Philips.PMP.Test.Auto.NotificationSettingProviderTest" time="0.252" status="1" />
    <testcase name="ResetToFactoryDefaultTest" classname="Philips.PMP.Test.Auto.NotificationSettingProviderTest" time="0.084" status="1" />
    <testcase name="AddingTheChargeRoleAgainWhichHasTheSupervisoryAlarmsUnselected" classname="Philips.PMP.Test.Auto.NotificationSettingProviderTest" time="0.326" status="1" />
    <testcase name="GetDefaultNotificationSettingsShouldReturnValues" classname="Philips.PMP.Test.Auto.NotificationSettingProviderTest" time="0.005" status="1" />
    <testcase name="StoreIsPrefixIncludedValueShouldMatchWithInput (False)" classname="Philips.PMP.Test.Auto.NotificationSettingProviderTest" time="0.244" status="1" />
    <testcase name="StoreIsPrefixIncludedValueShouldMatchWithInput (True)" classname="Philips.PMP.Test.Auto.NotificationSettingProviderTest" time="0.244" status="1" />
    <testcase name="GetNotificationRolesForZoneTest" classname="Philips.PMP.Test.Auto.NotificationSettingProviderTest" time="0.005" status="1" />
    <testcase name="StoreNotificationAnsReflectionSettingsTest" classname="Philips.PMP.Test.Auto.NotificationSettingProviderTest" time="0.008" status="1" />
    <testcase name="StoreAndGetSuccessfullyWhenChargeRoleAndNotificationRoleAreChangedAndTheySame" classname="Philips.PMP.Test.Auto.NotificationSettingProviderTest" time="0.016" status="1" />
    <testcase name="IsStatusBarOrPopUpByCaregiverTest (True)" classname="Philips.PMP.Test.Auto.NotificationSettingProviderTest" time="0.005" status="1" />
    <testcase name="IsStatusBarOrPopUpByCaregiverTest (False)" classname="Philips.PMP.Test.Auto.NotificationSettingProviderTest" time="0.005" status="1" />
    <testcase name="ChangeOverviewRoleToCareTechAfterRoleAssignmentPerformFactoryReset" classname="Philips.PMP.Test.Auto.NotificationSettingProviderTest" time="0.281" status="1" />
    <testcase name="GetOverviewRoleTest" classname="Philips.PMP.Test.Auto.NotificationSettingProviderTest" time="0.003" status="1" />
    <testcase name="CopySettingTest (True)" classname="Philips.PMP.Test.Auto.NotificationSettingProviderTest" time="0.014" status="1" />
    <testcase name="CopySettingTest (False)" classname="Philips.PMP.Test.Auto.NotificationSettingProviderTest" time="0.005" status="1" />
    <testcase name="FactoryDefaultsRetainedWhenOverviewRoleChanged" classname="Philips.PMP.Test.Auto.NotificationSettingProviderTest" time="0.220" status="1" />
    <testcase name="GetAllRolesFromNotificationSetting" classname="Philips.PMP.Test.Auto.NotificationSettingProviderTest" time="0.240" status="1" />
    <testcase name="AddSupervisoryCategoryWhenChargeRoleIsChanged" classname="Philips.PMP.Test.Auto.NotificationSettingProviderTest" time="0.014" status="1" />
    <testcase name="DeleteNurseRoleAndSaveRoleSettingsShouldNotCrash" classname="Philips.PMP.Test.Auto.NotificationSettingProviderTest" time="0.278" status="1" />
    <system-out />
    <system-err />
  </testsuite>
  <testsuite name="Philips.PMP.Test.Auto.SpotCheckValidationStorerTest" hostname="RESTORMEL" package="not available" id="266" tests="13" failures="0" errors="0" skipped="0" time="0.483" timestamp="2023-12-13T03:29:39">
    <properties />
    <testcase name="StoreSingleSpotCheckValidation" classname="Philips.PMP.Test.Auto.SpotCheckValidationStorerTest" time="0.161" status="1" />
    <testcase name="StoreSpotCheckValidationForPreviousStay" classname="Philips.PMP.Test.Auto.SpotCheckValidationStorerTest" time="0.069" status="1" />
    <testcase name="StoreListOfSpotCheckValidations" classname="Philips.PMP.Test.Auto.SpotCheckValidationStorerTest" time="0.028" status="1" />
    <testcase name="AuditSpotCheckValidation (EXPORTED_TO_EMR_SUCCESS,True,False,False)" classname="Philips.PMP.Test.Auto.SpotCheckValidationStorerTest" time="0.023" status="1" />
    <testcase name="AuditSpotCheckValidation (TRANSFER_FAIL,False,False,False)" classname="Philips.PMP.Test.Auto.SpotCheckValidationStorerTest" time="0.042" status="1" />
    <testcase name="AuditSpotCheckValidation (VALIDATED,True,False,False)" classname="Philips.PMP.Test.Auto.SpotCheckValidationStorerTest" time="0.026" status="1" />
    <testcase name="AuditSpotCheckValidation (EXPORTED_TO_IGS_SUCCESS,False,False,False)" classname="Philips.PMP.Test.Auto.SpotCheckValidationStorerTest" time="0.024" status="1" />
    <testcase name="AuditSpotCheckValidation (EXPORTED_TO_EMR_SUCCESS,True,False,True)" classname="Philips.PMP.Test.Auto.SpotCheckValidationStorerTest" time="0.019" status="1" />
    <testcase name="AuditSpotCheckValidation (EXPORTED_TO_EMR_SUCCESS,False,True,True)" classname="Philips.PMP.Test.Auto.SpotCheckValidationStorerTest" time="0.021" status="1" />
    <testcase name="AuditSpotCheckValidation (TRANSFER_FAIL,False,False,True)" classname="Philips.PMP.Test.Auto.SpotCheckValidationStorerTest" time="0.033" status="1" />
    <testcase name="AuditSpotCheckValidation (TRANSFER_FAIL,False,True,True)" classname="Philips.PMP.Test.Auto.SpotCheckValidationStorerTest" time="0.009" status="1" />
    <testcase name="AuditSpotCheckValidation (VALIDATED,True,False,True)" classname="Philips.PMP.Test.Auto.SpotCheckValidationStorerTest" time="0.022" status="1" />
    <testcase name="AuditSpotCheckValidation (EXPORTED_TO_IGS_SUCCESS,False,False,True)" classname="Philips.PMP.Test.Auto.SpotCheckValidationStorerTest" time="0.007" status="1" />
    <system-out />
    <system-err />
  </testsuite>
  <testsuite name="Philips.PMP.Test.Auto.ActiveDirectorySyncScheduleTest" hostname="RESTORMEL" package="not available" id="267" tests="2" failures="0" errors="0" skipped="0" time="0.002" timestamp="2023-12-13T03:30:13">
    <properties />
    <testcase name="ActiveDirectorySyncScheduleCreateWithSchedule" classname="Philips.PMP.Test.Auto.ActiveDirectorySyncScheduleTest" time="0.001" status="1" />
    <testcase name="ActiveDirectorySyncScheduleCreateWithTime" classname="Philips.PMP.Test.Auto.ActiveDirectorySyncScheduleTest" time="0.001" status="1" />
    <system-out />
    <system-err />
  </testsuite>
  <testsuite name="Philips.PMP.Test.Auto.PatientFieldsHelperTest" hostname="RESTORMEL" package="not available" id="268" tests="22" failures="0" errors="0" skipped="0" time="0.086" timestamp="2023-12-13T03:34:52">
    <properties />
    <testcase name="PatientFieldsHelperGetPatientFields" classname="Philips.PMP.Test.Auto.PatientFieldsHelperTest" time="0.004" status="1" />
    <testcase name="PatientFieldsHelperGetPatientCareDoNotShowDisplayModes" classname="Philips.PMP.Test.Auto.PatientFieldsHelperTest" time="0.001" status="1" />
    <testcase name="PatientFieldsHelperSavePatientFieldsSettings" classname="Philips.PMP.Test.Auto.PatientFieldsHelperTest" time="0.001" status="1" />
    <testcase name="PatientFieldsHelperShouldMakeLabelCellReadOnly" classname="Philips.PMP.Test.Auto.PatientFieldsHelperTest" time="0.002" status="1" />
    <testcase name="PatientFieldsHelperGetLifetimeIdDisplayMode" classname="Philips.PMP.Test.Auto.PatientFieldsHelperTest" time="0.002" status="1" />
    <testcase name="PatientFieldsHelperShouldSkipOptionalCaregiver" classname="Philips.PMP.Test.Auto.PatientFieldsHelperTest" time="0.001" status="1" />
    <testcase name="PatientFieldsHelperGetNotHiddenDisplayModeChoices" classname="Philips.PMP.Test.Auto.PatientFieldsHelperTest" time="0.001" status="1" />
    <testcase name="PatientFieldsHelperGetPatientIdFormatValues" classname="Philips.PMP.Test.Auto.PatientFieldsHelperTest" time="0.003" status="1" />
    <testcase name="PatientFieldsHelperGetPrimaryIdValues" classname="Philips.PMP.Test.Auto.PatientFieldsHelperTest" time="0.003" status="1" />
    <testcase name="PatientFieldsHelperValidateInput (False,Foo)" classname="Philips.PMP.Test.Auto.PatientFieldsHelperTest" time="0.050" status="1" />
    <testcase name="PatientFieldsHelperValidateInput (True,)" classname="Philips.PMP.Test.Auto.PatientFieldsHelperTest" time="0.002" status="1" />
    <testcase name="PatientFieldsHelperGetPatientIdFormat" classname="Philips.PMP.Test.Auto.PatientFieldsHelperTest" time="0.001" status="1" />
    <testcase name="PatientFieldsHelperGetEncounterIdDisplayMode" classname="Philips.PMP.Test.Auto.PatientFieldsHelperTest" time="0.002" status="1" />
    <testcase name="PatientFieldsHelperGetPatientFieldsDisplayMode" classname="Philips.PMP.Test.Auto.PatientFieldsHelperTest" time="0.001" status="1" />
    <testcase name="PatientFieldsHelperGetNotRequiredPatientIdTypes" classname="Philips.PMP.Test.Auto.PatientFieldsHelperTest" time="0.001" status="1" />
    <testcase name="PatientFieldsHelperGetAllNotUnknownDisplayModeChoices" classname="Philips.PMP.Test.Auto.PatientFieldsHelperTest" time="0.001" status="1" />
    <testcase name="PatientFieldsHelperGetLifetimeIdChoices" classname="Philips.PMP.Test.Auto.PatientFieldsHelperTest" time="0.003" status="1" />
    <testcase name="PatientFieldsHelperGetNotHiddenPatientIdTypes" classname="Philips.PMP.Test.Auto.PatientFieldsHelperTest" time="0.001" status="1" />
    <testcase name="PatientFieldsHelperGetEncounterIdChoices" classname="Philips.PMP.Test.Auto.PatientFieldsHelperTest" time="0.003" status="1" />
    <testcase name="PatientFieldsHelperGetNotRequiredDisplayModeChoices" classname="Philips.PMP.Test.Auto.PatientFieldsHelperTest" time="0.001" status="1" />
    <testcase name="PatientFieldsHelperGetPrimaryId (LifetimeId)" classname="Philips.PMP.Test.Auto.PatientFieldsHelperTest" time="0.001" status="1" />
    <testcase name="PatientFieldsHelperGetPrimaryId (EncounterId)" classname="Philips.PMP.Test.Auto.PatientFieldsHelperTest" time="0.001" status="1" />
    <system-out />
    <system-err />
  </testsuite>
  <testsuite name="Philips.PMP.Test.Auto.DynamicAttributesComparerTest" hostname="RESTORMEL" package="not available" id="269" tests="5" failures="0" errors="0" skipped="0" time="0.014" timestamp="2023-12-13T03:33:36">
    <properties />
    <testcase name="DynamicAttributeComparerNoPhysioDataChangeTest" classname="Philips.PMP.Test.Auto.DynamicAttributesComparerTest" time="0.004" status="1" />
    <testcase name="DynamicAttributeComparerNoOldDataChangeTest" classname="Philips.PMP.Test.Auto.DynamicAttributesComparerTest" time="0.000" status="1" />
    <testcase name="DynamicAttributeComparerNoOldAttributesChangeTest" classname="Philips.PMP.Test.Auto.DynamicAttributesComparerTest" time="0.005" status="1" />
    <testcase name="DynamicAttributeComparerNoAttributesChangeTest" classname="Philips.PMP.Test.Auto.DynamicAttributesComparerTest" time="0.003" status="1" />
    <testcase name="DynamicAttributeComparerGuidChangeTest" classname="Philips.PMP.Test.Auto.DynamicAttributesComparerTest" time="0.001" status="1" />
    <system-out />
    <system-err />
  </testsuite>
  <testsuite name="Philips.PMP.Test.Auto.LabDataServiceTest" hostname="RESTORMEL" package="not available" id="270" tests="4" failures="0" errors="0" skipped="0" time="2.748" timestamp="2023-12-13T03:29:55">
    <properties />
    <testcase name="LabDataServiceStartAndDisposeTest (False,False)" classname="Philips.PMP.Test.Auto.LabDataServiceTest" time="2.548" status="1" />
    <testcase name="LabDataServiceStartAndDisposeTest (False,True)" classname="Philips.PMP.Test.Auto.LabDataServiceTest" time="0.106" status="1" />
    <testcase name="LabDataServiceStartAndDisposeTest (True,False)" classname="Philips.PMP.Test.Auto.LabDataServiceTest" time="0.070" status="1" />
    <testcase name="LabDataServiceStartAndDisposeTest (True,True)" classname="Philips.PMP.Test.Auto.LabDataServiceTest" time="0.024" status="1" />
    <system-out />
    <system-err />
  </testsuite>
  <testsuite name="Philips.PMP.Test.Auto.LabReferenceRangeTest" hostname="RESTORMEL" package="not available" id="271" tests="20" failures="0" errors="0" skipped="0" time="0.015" timestamp="2023-12-13T03:36:46">
    <properties />
    <testcase name="ParsingLabReferenceRangeStringTest (1.1 - 100,True,1.1,2,100,0)" classname="Philips.PMP.Test.Auto.LabReferenceRangeTest" time="0.002" status="1" />
    <testcase name="ParsingLabReferenceRangeStringTest ( 1   -  100.9,True,1,0,100.9,2)" classname="Philips.PMP.Test.Auto.LabReferenceRangeTest" time="0.001" status="1" />
    <testcase name="ParsingLabReferenceRangeStringTest (&lt; 100 &gt; 1,True,1,0,100,0)" classname="Philips.PMP.Test.Auto.LabReferenceRangeTest" time="0.002" status="1" />
    <testcase name="ParsingLabReferenceRangeStringTest ( &lt;  99.9  &gt;  1.1,True,1.1,2,99.9,2)" classname="Philips.PMP.Test.Auto.LabReferenceRangeTest" time="0.001" status="1" />
    <testcase name="ParsingLabReferenceRangeStringTest (&lt;= 100.1 &gt; 1,True,1,0,100.1,2)" classname="Philips.PMP.Test.Auto.LabReferenceRangeTest" time="0.001" status="1" />
    <testcase name="ParsingLabReferenceRangeStringTest (&lt; 100.5 &gt;= 1.9,True,1.9,2,100.5,2)" classname="Philips.PMP.Test.Auto.LabReferenceRangeTest" time="0.000" status="1" />
    <testcase name="ParsingLabReferenceRangeStringTest (&lt;= 100 &gt;= 1,True,1,0,100,0)" classname="Philips.PMP.Test.Auto.LabReferenceRangeTest" time="0.000" status="1" />
    <testcase name="ParsingLabReferenceRangeStringTest (&lt;= 100.99,&gt; 1.99,True,1.99,2,100.99,2)" classname="Philips.PMP.Test.Auto.LabReferenceRangeTest" time="0.000" status="1" />
    <testcase name="ParsingLabReferenceRangeStringTest (&gt;1 &lt; 100,True,1,0,100,0)" classname="Philips.PMP.Test.Auto.LabReferenceRangeTest" time="0.000" status="1" />
    <testcase name="ParsingLabReferenceRangeStringTest ( &gt;=1.9  ,  &lt;=  100.9,True,1.9,2,100.9,2)" classname="Philips.PMP.Test.Auto.LabReferenceRangeTest" time="0.000" status="1" />
    <testcase name="ParsingLabReferenceRangeStringTest (&lt; 100,,True,0,0,100,0)" classname="Philips.PMP.Test.Auto.LabReferenceRangeTest" time="0.001" status="1" />
    <testcase name="ParsingLabReferenceRangeStringTest (&lt;= 100 &gt;= -1,True,-1,0,100,0)" classname="Philips.PMP.Test.Auto.LabReferenceRangeTest" time="0.001" status="1" />
    <testcase name="ParsingLabReferenceRangeStringTest (,False,0,0,0,0)" classname="Philips.PMP.Test.Auto.LabReferenceRangeTest" time="0.002" status="1" />
    <testcase name="ParsingLabReferenceRangeStringTest (   ,False,0,0,0,0)" classname="Philips.PMP.Test.Auto.LabReferenceRangeTest" time="0.000" status="1" />
    <testcase name="ParsingLabReferenceRangeStringTest (&gt;=1 &lt;,False,0,0,0,0)" classname="Philips.PMP.Test.Auto.LabReferenceRangeTest" time="0.001" status="1" />
    <testcase name="ParsingLabReferenceRangeStringTest (&gt;=100 &lt; 1,False,0,0,0,0)" classname="Philips.PMP.Test.Auto.LabReferenceRangeTest" time="0.000" status="1" />
    <testcase name="ParsingLabReferenceRangeStringTest (100 - 1,False,0,0,0,0)" classname="Philips.PMP.Test.Auto.LabReferenceRangeTest" time="0.001" status="1" />
    <testcase name="ParsingLabReferenceRangeStringTest (-100 - 1,False,0,0,0,0)" classname="Philips.PMP.Test.Auto.LabReferenceRangeTest" time="0.001" status="1" />
    <testcase name="ParsingLabReferenceRangeStringTest (abcdedf,False,0,0,0,0)" classname="Philips.PMP.Test.Auto.LabReferenceRangeTest" time="0.001" status="1" />
    <testcase name="ParsingLabReferenceRangeStringTest (1,0 - 100,0,False,0,0,0,0)" classname="Philips.PMP.Test.Auto.LabReferenceRangeTest" time="0.001" status="1" />
    <system-out />
    <system-err />
  </testsuite>
  <testsuite name="Philips.PMP.Test.Auto.MonitoringDeviceTimeMgrTest" hostname="RESTORMEL" package="not available" id="272" tests="3" failures="0" errors="0" skipped="0" time="0.159" timestamp="2023-12-13T03:29:50">
    <properties />
    <testcase name="MonitoringDeviceTimeMgrSyncsMasterPhysioDataTimeUpdates" classname="Philips.PMP.Test.Auto.MonitoringDeviceTimeMgrTest" time="0.001" status="1" />
    <testcase name="MonitoringDeviceTimeMgrSyncsPdsTimeBasedOnMonitorConnectionState" classname="Philips.PMP.Test.Auto.MonitoringDeviceTimeMgrTest" time="0.153" status="1" />
    <testcase name="MonitoringDeviceTimeMgrOnlyUpdatesTimeWhenNecessary" classname="Philips.PMP.Test.Auto.MonitoringDeviceTimeMgrTest" time="0.005" status="1" />
    <system-out />
    <system-err />
  </testsuite>
  <testsuite name="Philips.PMP.Test.Auto.RecordingWavesTest" hostname="RESTORMEL" package="not available" id="273" tests="4" failures="0" errors="0" skipped="0" time="0.024" timestamp="2023-12-13T03:36:53">
    <properties />
    <testcase name="GetAcceptedRecordableWavesTest" classname="Philips.PMP.Test.Auto.RecordingWavesTest" time="0.007" status="1" />
    <testcase name="IsRealTimeWaveContiguousTest" classname="Philips.PMP.Test.Auto.RecordingWavesTest" time="0.002" status="1" />
    <testcase name="WaveFrequencyAdaptTest" classname="Philips.PMP.Test.Auto.RecordingWavesTest" time="0.007" status="1" />
    <testcase name="RecorderWaveScalingTest" classname="Philips.PMP.Test.Auto.RecordingWavesTest" time="0.008" status="1" />
    <system-out />
    <system-err />
  </testsuite>
  <testsuite name="Philips.PMP.LicenseService.Test.LicenseHostValidatorTest" hostname="RESTORMEL" package="not available" id="274" tests="51" failures="0" errors="0" skipped="0" time="0.607" timestamp="2023-12-13T03:29:17">
    <properties />
    <testcase name="NotificationOnPrimaryValidation (128,128,True)" classname="Philips.PMP.LicenseService.Test.LicenseHostValidatorTest" time="0.002" status="1" />
    <testcase name="NotificationOnPrimaryValidation (128,129,False)" classname="Philips.PMP.LicenseService.Test.LicenseHostValidatorTest" time="0.001" status="1" />
    <testcase name="NotificationOnPrimaryValidation (256,32,True)" classname="Philips.PMP.LicenseService.Test.LicenseHostValidatorTest" time="0.001" status="1" />
    <testcase name="NotificationOnPrimaryValidation (256,33,False)" classname="Philips.PMP.LicenseService.Test.LicenseHostValidatorTest" time="0.001" status="1" />
    <testcase name="NotificationOnPrimaryValidation (1024,16,True)" classname="Philips.PMP.LicenseService.Test.LicenseHostValidatorTest" time="0.001" status="1" />
    <testcase name="NotificationOnPrimaryValidation (1024,17,False)" classname="Philips.PMP.LicenseService.Test.LicenseHostValidatorTest" time="0.001" status="1" />
    <testcase name="NotificationOnPrimaryValidation (1025,1,False)" classname="Philips.PMP.LicenseService.Test.LicenseHostValidatorTest" time="0.001" status="1" />
    <testcase name="LicenseHostValidatorValidatesPatientDashboard (True,True,1,1,True)" classname="Philips.PMP.LicenseService.Test.LicenseHostValidatorTest" time="0.001" status="1" />
    <testcase name="LicenseHostValidatorValidatesPatientDashboard (False,True,1,0,True)" classname="Philips.PMP.LicenseService.Test.LicenseHostValidatorTest" time="0.001" status="1" />
    <testcase name="LicenseHostValidatorValidatesPatientDashboard (False,True,1,1,False)" classname="Philips.PMP.LicenseService.Test.LicenseHostValidatorTest" time="0.001" status="1" />
    <testcase name="LicenseHostValidatorValidatesPatientDashboard (True,False,1,1,True)" classname="Philips.PMP.LicenseService.Test.LicenseHostValidatorTest" time="0.001" status="1" />
    <testcase name="LicenseHostValidatorValidatesPatientDashboard (True,False,2,2,False)" classname="Philips.PMP.LicenseService.Test.LicenseHostValidatorTest" time="0.001" status="1" />
    <testcase name="LicenseHostValidatorValidatesPatientDashboard (False,False,1,1,False)" classname="Philips.PMP.LicenseService.Test.LicenseHostValidatorTest" time="0.001" status="1" />
    <testcase name="LicenseHostValidatorValidatesPatientDashboard (False,False,1,0,False)" classname="Philips.PMP.LicenseService.Test.LicenseHostValidatorTest" time="0.001" status="1" />
    <testcase name="LicenseValidatorValidatePhysioDeveloperNetworked512PatientConnections" classname="Philips.PMP.LicenseService.Test.LicenseHostValidatorTest" time="0.001" status="1" />
    <testcase name="LicenseValidateImportTest" classname="Philips.PMP.LicenseService.Test.LicenseHostValidatorTest" time="0.012" status="1" />
    <testcase name="LicenseValidatorValidatePhysioDeveloperStandalone64PatientLinkAcquisition" classname="Philips.PMP.LicenseService.Test.LicenseHostValidatorTest" time="0.001" status="1" />
    <testcase name="MobilityCannotBeOnPrimaryValidation (False)" classname="Philips.PMP.LicenseService.Test.LicenseHostValidatorTest" time="0.014" status="1" />
    <testcase name="MobilityCannotBeOnPrimaryValidation (True)" classname="Philips.PMP.LicenseService.Test.LicenseHostValidatorTest" time="0.003" status="1" />
    <testcase name="LicenseValidatorValidatePhysioDeveloperStandalone32Surveillance" classname="Philips.PMP.LicenseService.Test.LicenseHostValidatorTest" time="0.006" status="1" />
    <testcase name="LicenseValidatorValidatePhysioCountNonDeveloperNetworked513PatientConnections5Physios" classname="Philips.PMP.LicenseService.Test.LicenseHostValidatorTest" time="0.005" status="1" />
    <testcase name="UnlicensedHostsNotValidated" classname="Philips.PMP.LicenseService.Test.LicenseHostValidatorTest" time="0.009" status="1" />
    <testcase name="BaseNotificationServerValidation" classname="Philips.PMP.LicenseService.Test.LicenseHostValidatorTest" time="0.002" status="1" />
    <testcase name="LicenseValidatorValidatePhysioDeveloperStandalone65PatientLinkAcquisition" classname="Philips.PMP.LicenseService.Test.LicenseHostValidatorTest" time="0.001" status="1" />
    <testcase name="LicenseValidatorValidatePhysioNonDeveloperWithNoHostNoPatientConnections" classname="Philips.PMP.LicenseService.Test.LicenseHostValidatorTest" time="0.294" status="1" />
    <testcase name="LicenseValidatorValidatePhysioCountNonDeveloperNetworked512PatientConnections4Physios" classname="Philips.PMP.LicenseService.Test.LicenseHostValidatorTest" time="0.019" status="1" />
    <testcase name="LicenseValidatorValidateDbEngineclusterHost (True)" classname="Philips.PMP.LicenseService.Test.LicenseHostValidatorTest" time="0.046" status="1" />
    <testcase name="LicenseValidatorValidateDbEngineclusterHost (False)" classname="Philips.PMP.LicenseService.Test.LicenseHostValidatorTest" time="0.003" status="1" />
    <testcase name="LicenseValidatorValidatePhysioDeveloperStandaloneNoSurveillance" classname="Philips.PMP.LicenseService.Test.LicenseHostValidatorTest" time="0.001" status="1" />
    <testcase name="LicenseValidatorValidatePhysioDeveloperStandaloneNoPatientLinkAcquisition" classname="Philips.PMP.LicenseService.Test.LicenseHostValidatorTest" time="0.001" status="1" />
    <testcase name="LicenseValidatorValidatePhysioDeveloperNetworkedNoPatientConnections" classname="Philips.PMP.LicenseService.Test.LicenseHostValidatorTest" time="0.001" status="1" />
    <testcase name="LicenseValidatorValidatePhysioNonDeveloperNetworkedNoPatientConnections" classname="Philips.PMP.LicenseService.Test.LicenseHostValidatorTest" time="0.002" status="1" />
    <testcase name="LicenseValidatorValidateDataProcessingPreRequisites" classname="Philips.PMP.LicenseService.Test.LicenseHostValidatorTest" time="0.008" status="1" />
    <testcase name="LicenseValidatorValidatePhysioDeveloperStandalone33Surveillance" classname="Philips.PMP.LicenseService.Test.LicenseHostValidatorTest" time="0.001" status="1" />
    <testcase name="LicenseHostValidatorValidatesIdentification (True,True)" classname="Philips.PMP.LicenseService.Test.LicenseHostValidatorTest" time="0.102" status="1" />
    <testcase name="LicenseHostValidatorValidatesIdentification (True,False)" classname="Philips.PMP.LicenseService.Test.LicenseHostValidatorTest" time="0.002" status="1" />
    <testcase name="LicenseHostValidatorValidatesIdentification (False,True)" classname="Philips.PMP.LicenseService.Test.LicenseHostValidatorTest" time="0.001" status="1" />
    <testcase name="LicenseHostValidatorValidatesIdentification (False,False)" classname="Philips.PMP.LicenseService.Test.LicenseHostValidatorTest" time="0.001" status="1" />
    <testcase name="LicenseValidatorValidatePhysioDbCount (1,10,)" classname="Philips.PMP.LicenseService.Test.LicenseHostValidatorTest" time="0.025" status="1" />
    <testcase name="LicenseValidatorValidatePhysioDbCount (2,20,)" classname="Philips.PMP.LicenseService.Test.LicenseHostValidatorTest" time="0.002" status="1" />
    <testcase name="LicenseValidatorValidatePhysioDbCount (1,351,You do not have enough physiological database servers configured to support the number of patient connections available. Each physiological database can support only 350 patient connections.)" classname="Philips.PMP.LicenseService.Test.LicenseHostValidatorTest" time="0.001" status="1" />
    <testcase name="LicenseValidatorValidatePhysioCountNoPhysioDbNoPatientConnections" classname="Philips.PMP.LicenseService.Test.LicenseHostValidatorTest" time="0.002" status="1" />
    <testcase name="LicenseValidatorValidatePhysioNonDeveloperNetworked64PatientConnections" classname="Philips.PMP.LicenseService.Test.LicenseHostValidatorTest" time="0.001" status="1" />
    <testcase name="SoloServerValidation" classname="Philips.PMP.LicenseService.Test.LicenseHostValidatorTest" time="0.008" status="1" />
    <testcase name="LicenseValidatorValidatePhysio1024PdxConnection" classname="Philips.PMP.LicenseService.Test.LicenseHostValidatorTest" time="0.001" status="1" />
    <testcase name="WebMobileOptionsValidation (WPX,False,True,100,)" classname="Philips.PMP.LicenseService.Test.LicenseHostValidatorTest" time="0.005" status="1" />
    <testcase name="WebMobileOptionsValidation (WEB,False,False,300,The number of patient connections on hosts with web feature exceeds 256. The topology requires a dedicated web server.)" classname="Philips.PMP.LicenseService.Test.LicenseHostValidatorTest" time="0.002" status="1" />
    <testcase name="WebMobileOptionsValidation (WEB,False,True,300,)" classname="Philips.PMP.LicenseService.Test.LicenseHostValidatorTest" time="0.002" status="1" />
    <testcase name="WebMobileOptionsValidation (NOS,True,True,300,A host with Web Proxy Server may not have features unrelated to web or mobility.&#xD;&#xA;A host with Web Server may not have features unrelated to web or mobility.&#xD;&#xA;A host with Mobility Server may not have features unrelated to web or mobility.&#xD;&#xA;A host with Notification Server may not have features unrelated to web or mobility.&#xD;&#xA;A host with Patient Center View may not have features unrelated to web or mobility.)" classname="Philips.PMP.LicenseService.Test.LicenseHostValidatorTest" time="0.002" status="1" />
    <testcase name="WebMobileOptionsValidation (MOB,True,False,100,)" classname="Philips.PMP.LicenseService.Test.LicenseHostValidatorTest" time="0.002" status="1" />
    <testcase name="WebMobileOptionsValidation (PCV,False,True,100,)" classname="Philips.PMP.LicenseService.Test.LicenseHostValidatorTest" time="0.002" status="1" />
    <system-out />
    <system-err />
  </testsuite>
  <testsuite name="Philips.PMP.Test.Auto.OrderProviderTest" hostname="RESTORMEL" package="not available" id="275" tests="1" failures="0" errors="0" skipped="0" time="0.017" timestamp="2023-12-13T03:32:47">
    <properties />
    <testcase name="OrderRequestsTest" classname="Philips.PMP.Test.Auto.OrderProviderTest" time="0.017" status="1" />
    <system-out />
    <system-err />
  </testsuite>
  <testsuite name="Philips.PMP.Test.Auto.TopologyProviderTest" hostname="RESTORMEL" package="not available" id="276" tests="11" failures="0" errors="0" skipped="0" time="2.759" timestamp="2023-12-13T03:38:09">
    <properties />
    <testcase name="StoreBedsTest" classname="Philips.PMP.Test.Auto.TopologyProviderTest" time="0.260" status="1" />
    <testcase name="GetInstitutionNameTest" classname="Philips.PMP.Test.Auto.TopologyProviderTest" time="0.243" status="1" />
    <testcase name="GetInstitutionNameByBedInfo" classname="Philips.PMP.Test.Auto.TopologyProviderTest" time="0.243" status="1" />
    <testcase name="GetInstitutionNameByBedId" classname="Philips.PMP.Test.Auto.TopologyProviderTest" time="0.243" status="1" />
    <testcase name="GetMyInstitutionDescriptionAndFacilityIdAndInstitutionId (True,False)" classname="Philips.PMP.Test.Auto.TopologyProviderTest" time="0.272" status="1" />
    <testcase name="GetMyInstitutionDescriptionAndFacilityIdAndInstitutionId (False,True)" classname="Philips.PMP.Test.Auto.TopologyProviderTest" time="0.258" status="1" />
    <testcase name="GetMyInstitutionDescriptionAndFacilityIdAndInstitutionId (False,False)" classname="Philips.PMP.Test.Auto.TopologyProviderTest" time="0.246" status="1" />
    <testcase name="GetInstitutionIdByBedId" classname="Philips.PMP.Test.Auto.TopologyProviderTest" time="0.255" status="1" />
    <testcase name="GetMyInstitutionById" classname="Philips.PMP.Test.Auto.TopologyProviderTest" time="0.249" status="1" />
    <testcase name="StoreBedTest" classname="Philips.PMP.Test.Auto.TopologyProviderTest" time="0.247" status="1" />
    <testcase name="GetInstitutionNameByZoneId" classname="Philips.PMP.Test.Auto.TopologyProviderTest" time="0.242" status="1" />
    <system-out />
    <system-err />
  </testsuite>
  <testsuite name="Philips.PMP.Test.Auto.EventLogShutdownAnalyzerTest" hostname="RESTORMEL" package="not available" id="277" tests="23" failures="0" errors="0" skipped="0" time="0.051" timestamp="2023-12-13T03:33:54">
    <properties />
    <testcase name="DetectLastShutdownWasWatchdogManual" classname="Philips.PMP.Test.Auto.EventLogShutdownAnalyzerTest" time="0.001" status="1" />
    <testcase name="DetectLastShutdownWasWatchdogWrongUser" classname="Philips.PMP.Test.Auto.EventLogShutdownAnalyzerTest" time="0.001" status="1" />
    <testcase name="DetectLastShutdownWasWatchdogProcessRecovery" classname="Philips.PMP.Test.Auto.EventLogShutdownAnalyzerTest" time="0.001" status="1" />
    <testcase name="DetectLastShutdownWasBugCheck" classname="Philips.PMP.Test.Auto.EventLogShutdownAnalyzerTest" time="0.011" status="1" />
    <testcase name="DetectLastShutdownWasWatchdogOperatingSystemPatching" classname="Philips.PMP.Test.Auto.EventLogShutdownAnalyzerTest" time="0.001" status="1" />
    <testcase name="DetectLastShutdownWasWatchdogPendingReboot" classname="Philips.PMP.Test.Auto.EventLogShutdownAnalyzerTest" time="0.001" status="1" />
    <testcase name="DetectLastShutdownWasBugCheckOutOfOrder" classname="Philips.PMP.Test.Auto.EventLogShutdownAnalyzerTest" time="0.002" status="1" />
    <testcase name="DetectLastShutdownWasWatchdogApplicationPatching" classname="Philips.PMP.Test.Auto.EventLogShutdownAnalyzerTest" time="0.001" status="1" />
    <testcase name="DetectLastShutdownWasSystemInitiated" classname="Philips.PMP.Test.Auto.EventLogShutdownAnalyzerTest" time="0.004" status="1" />
    <testcase name="DetectLastShutdownWasUnexpected" classname="Philips.PMP.Test.Auto.EventLogShutdownAnalyzerTest" time="0.005" status="1" />
    <testcase name="AnalyzeLastShutdownOnly" classname="Philips.PMP.Test.Auto.EventLogShutdownAnalyzerTest" time="0.001" status="1" />
    <testcase name="DetectLastShutdownWasWatchdogAlert" classname="Philips.PMP.Test.Auto.EventLogShutdownAnalyzerTest" time="0.001" status="1" />
    <testcase name="AnalyzerDefaultsToSystemEventLog" classname="Philips.PMP.Test.Auto.EventLogShutdownAnalyzerTest" time="0.002" status="1" />
    <testcase name="DoNotParseInvalidShutdownReasonEventIds" classname="Philips.PMP.Test.Auto.EventLogShutdownAnalyzerTest" time="0.002" status="1" />
    <testcase name="DetectLastShutdownWasHardwareFailure" classname="Philips.PMP.Test.Auto.EventLogShutdownAnalyzerTest" time="0.002" status="1" />
    <testcase name="AnalyzerVerifiesLastShutdownTime (2022-06-30T19:14:49.5000000Z,2018-06-29T19:14:49.5000000Z)" classname="Philips.PMP.Test.Auto.EventLogShutdownAnalyzerTest" time="0.004" status="1" />
    <testcase name="AnalyzerVerifiesLastShutdownTime (2022-06-30T19:14:49.5000000Z,2022-06-29T19:14:49.5000000Z)" classname="Philips.PMP.Test.Auto.EventLogShutdownAnalyzerTest" time="0.001" status="1" />
    <testcase name="AnalyzerVerifiesLastShutdownTime (2022-06-28T19:14:49.5000000Z,2022-06-29T19:14:49.5000000Z)" classname="Philips.PMP.Test.Auto.EventLogShutdownAnalyzerTest" time="0.001" status="1" />
    <testcase name="AnalyzerVerifiesLastShutdownTime (2022-06-30T19:14:49.5000000Z,)" classname="Philips.PMP.Test.Auto.EventLogShutdownAnalyzerTest" time="0.001" status="1" />
    <testcase name="AnalyzerVerifiesLastShutdownTime (,2022-06-29T19:14:49.5000000Z)" classname="Philips.PMP.Test.Auto.EventLogShutdownAnalyzerTest" time="0.001" status="1" />
    <testcase name="AnalyzerVerifiesLastShutdownTime (,)" classname="Philips.PMP.Test.Auto.EventLogShutdownAnalyzerTest" time="0.001" status="1" />
    <testcase name="DetectLastShutdownWasUserInitiated" classname="Philips.PMP.Test.Auto.EventLogShutdownAnalyzerTest" time="0.003" status="1" />
    <testcase name="DetectLastShutdownWasPowerButtonPressed" classname="Philips.PMP.Test.Auto.EventLogShutdownAnalyzerTest" time="0.001" status="1" />
    <system-out />
    <system-err />
  </testsuite>
  <testsuite name="Philips.CareEvent.Test.WctpListenerTests" hostname="RESTORMEL" package="not available" id="278" tests="39" failures="0" errors="0" skipped="0" time="0.434" timestamp="2023-12-13T03:28:15">
    <properties />
    <testcase name="ProcessStatusInfoTests (403)" classname="Philips.CareEvent.Test.WctpListenerTests" time="0.011" status="1" />
    <testcase name="ProcessStatusInfoTests (-1)" classname="Philips.CareEvent.Test.WctpListenerTests" time="0.009" status="1" />
    <testcase name="WctpListenerStartStopTest" classname="Philips.CareEvent.Test.WctpListenerTests" time="0.205" status="1" />
    <testcase name="ProcessMessageReplyTests" classname="Philips.CareEvent.Test.WctpListenerTests" time="0.013" status="1" />
    <testcase name="ConvertErrorCodeToDispatchPageResultTests (200,Accepted)" classname="Philips.CareEvent.Test.WctpListenerTests" time="0.005" status="1" />
    <testcase name="ConvertErrorCodeToDispatchPageResultTests (210,Accepted)" classname="Philips.CareEvent.Test.WctpListenerTests" time="0.004" status="1" />
    <testcase name="ConvertErrorCodeToDispatchPageResultTests (211,Accepted)" classname="Philips.CareEvent.Test.WctpListenerTests" time="0.003" status="1" />
    <testcase name="ConvertErrorCodeToDispatchPageResultTests (212,Accepted)" classname="Philips.CareEvent.Test.WctpListenerTests" time="0.003" status="1" />
    <testcase name="ConvertErrorCodeToDispatchPageResultTests (213,Accepted)" classname="Philips.CareEvent.Test.WctpListenerTests" time="0.002" status="1" />
    <testcase name="ConvertErrorCodeToDispatchPageResultTests (215,Accepted)" classname="Philips.CareEvent.Test.WctpListenerTests" time="0.002" status="1" />
    <testcase name="ConvertErrorCodeToDispatchPageResultTests (216,Accepted)" classname="Philips.CareEvent.Test.WctpListenerTests" time="0.002" status="1" />
    <testcase name="ConvertErrorCodeToDispatchPageResultTests (217,Accepted)" classname="Philips.CareEvent.Test.WctpListenerTests" time="0.002" status="1" />
    <testcase name="ConvertErrorCodeToDispatchPageResultTests (218,Accepted)" classname="Philips.CareEvent.Test.WctpListenerTests" time="0.002" status="1" />
    <testcase name="ConvertErrorCodeToDispatchPageResultTests (219,Accepted)" classname="Philips.CareEvent.Test.WctpListenerTests" time="0.002" status="1" />
    <testcase name="ConvertErrorCodeToDispatchPageResultTests (220,Accepted)" classname="Philips.CareEvent.Test.WctpListenerTests" time="0.002" status="1" />
    <testcase name="ConvertErrorCodeToDispatchPageResultTests (300,Rejected)" classname="Philips.CareEvent.Test.WctpListenerTests" time="0.002" status="1" />
    <testcase name="ConvertErrorCodeToDispatchPageResultTests (301,Rejected)" classname="Philips.CareEvent.Test.WctpListenerTests" time="0.002" status="1" />
    <testcase name="ConvertErrorCodeToDispatchPageResultTests (302,Rejected)" classname="Philips.CareEvent.Test.WctpListenerTests" time="0.002" status="1" />
    <testcase name="ConvertErrorCodeToDispatchPageResultTests (303,Rejected)" classname="Philips.CareEvent.Test.WctpListenerTests" time="0.002" status="1" />
    <testcase name="ConvertErrorCodeToDispatchPageResultTests (304,Rejected)" classname="Philips.CareEvent.Test.WctpListenerTests" time="0.002" status="1" />
    <testcase name="ConvertErrorCodeToDispatchPageResultTests (600,Rejected)" classname="Philips.CareEvent.Test.WctpListenerTests" time="0.002" status="1" />
    <testcase name="ConvertErrorCodeToDispatchPageResultTests (601,Rejected)" classname="Philips.CareEvent.Test.WctpListenerTests" time="0.009" status="1" />
    <testcase name="ConvertErrorCodeToDispatchPageResultTests (602,Rejected)" classname="Philips.CareEvent.Test.WctpListenerTests" time="0.002" status="1" />
    <testcase name="ConvertErrorCodeToDispatchPageResultTests (603,Rejected)" classname="Philips.CareEvent.Test.WctpListenerTests" time="0.002" status="1" />
    <testcase name="ConvertErrorCodeToDispatchPageResultTests (604,Rejected)" classname="Philips.CareEvent.Test.WctpListenerTests" time="0.002" status="1" />
    <testcase name="ConvertErrorCodeToDispatchPageResultTests (605,Rejected)" classname="Philips.CareEvent.Test.WctpListenerTests" time="0.002" status="1" />
    <testcase name="ProcessMessageTests (,301,Input can not be parsed)" classname="Philips.CareEvent.Test.WctpListenerTests" time="0.015" status="1" />
    <testcase name="ProcessMessageTests (&lt;?xml version = &quot;1.0&quot; encoding=&quot;UTF-8&quot; standalone=&quot;yes&quot;?&gt;&lt;!DOCTYPE wctp-Operation SYSTEM &quot;http://www.wctp.org/archive/wctpv1-0.dtd&quot;&gt;&lt;wctp-Operation wctpVersion=&quot;wctp-dtd-v1r1&quot; wctpToken=&quot;11AA&quot;&gt;&lt;wctp-StatusInfo&gt;&lt;wctp-ResponseHeader responseToMessageID=&quot;4626-4399&quot; responseTimestamp=&quot;1999-03-31T18:19:00&quot; respondingToTimestamp=&quot;1999-03-31T18:18:00&quot;&gt;&lt;/wctp-ResponseHeader&gt;&lt;wctp-Notification type=&quot;READ&quot; /&gt;&lt;/wctp-StatusInfo&gt;&lt;/wctp-Operation&gt;,200,Message status updated)" classname="Philips.CareEvent.Test.WctpListenerTests" time="0.023" status="1" />
    <testcase name="ProcessMessageTests (&lt;?xml version=&quot;1.0&quot; encoding=&quot;UTF-8&quot; standalone=&quot;yes&quot;?&gt;&lt;!DOCTYPE wctp-Operation SYSTEM &quot;http://www.wctp.org/archive/wctpv1-0.dtd&quot;&gt;&lt;wctp-Operation&gt;&lt;wctp-MessageReply MCRMessageReply=&quot;true&quot;&gt;&lt;wctp-ResponseHeader responseToMessageID=&quot;2900-32&quot; responseTimestamp=&quot;2020-05-01T16:57:05&quot; respondingToTimestamp=&quot;2020-05-01T16:55:49&quot;&gt;&lt;wctp-Originator senderID=&quot;&quot; securityCode=&quot;&quot;/&gt;&lt;wctp-Recipient recipientID=&quot;http://192.168.201.132/Philips_WCTP/wowctp.dll&quot;/&gt;&lt;/wctp-ResponseHeader&gt;&lt;wctp-Payload&gt;&lt;wctp-Alphanumeric&gt;*ACK&lt;/wctp-Alphanumeric&gt;&lt;/wctp-Payload&gt;&lt;/wctp-MessageReply&gt;&lt;/wctp-Operation&gt;,200,Message status updated)" classname="Philips.CareEvent.Test.WctpListenerTests" time="0.009" status="1" />
    <testcase name="WctpListenerHttpsTest" classname="Philips.CareEvent.Test.WctpListenerTests" time="0.052" status="1" />
    <testcase name="ConvertNotificationTypeToDispatchPageResultTests (Delivered,Delivered)" classname="Philips.CareEvent.Test.WctpListenerTests" time="0.007" status="1" />
    <testcase name="ConvertNotificationTypeToDispatchPageResultTests (Queued,InQueue)" classname="Philips.CareEvent.Test.WctpListenerTests" time="0.003" status="1" />
    <testcase name="ConvertNotificationTypeToDispatchPageResultTests (Read,Read)" classname="Philips.CareEvent.Test.WctpListenerTests" time="0.004" status="1" />
    <testcase name="ConvertNotificationTypeToDispatchPageResultTests (Unknown,Unknown)" classname="Philips.CareEvent.Test.WctpListenerTests" time="0.002" status="1" />
    <testcase name="IsMessageIdValidTest (,False)" classname="Philips.CareEvent.Test.WctpListenerTests" time="0.009" status="1" />
    <testcase name="IsMessageIdValidTest (-,False)" classname="Philips.CareEvent.Test.WctpListenerTests" time="0.004" status="1" />
    <testcase name="IsMessageIdValidTest (123456,False)" classname="Philips.CareEvent.Test.WctpListenerTests" time="0.005" status="1" />
    <testcase name="IsMessageIdValidTest (1-234-56,False)" classname="Philips.CareEvent.Test.WctpListenerTests" time="0.006" status="1" />
    <testcase name="IsMessageIdValidTest (123-456,True)" classname="Philips.CareEvent.Test.WctpListenerTests" time="0.003" status="1" />
    <system-out />
    <system-err />
  </testsuite>
  <testsuite name="Philips.CareEvent.Test.MessageRecipientMgrTest" hostname="RESTORMEL" package="not available" id="279" tests="8" failures="0" errors="0" skipped="0" time="0.021" timestamp="2023-12-13T03:28:15">
    <properties />
    <testcase name="GetStandardDeviceAndUsersToSendMessageShouldReturnOnlyConnectedAndOnlineUsersTest" classname="Philips.CareEvent.Test.MessageRecipientMgrTest" time="0.003" status="1" />
    <testcase name="GetNonStandardDeviceUsersToSendMessageShouldNotReturnUserIfDeviceNotAssignedTest" classname="Philips.CareEvent.Test.MessageRecipientMgrTest" time="0.001" status="1" />
    <testcase name="GetNonStandardDeviceUsersToSendMessageSuccessTest" classname="Philips.CareEvent.Test.MessageRecipientMgrTest" time="0.003" status="1" />
    <testcase name="GetNonStandardDeviceUsersToSendMessageShouldReturnUserIfUserAssignedStandardDeviceTest" classname="Philips.CareEvent.Test.MessageRecipientMgrTest" time="0.002" status="1" />
    <testcase name="GetStandardDeviceAndUsersToSendMessageShouldNotReturnSenderTest" classname="Philips.CareEvent.Test.MessageRecipientMgrTest" time="0.005" status="1" />
    <testcase name="GetStandardDeviceAndUsersToSendMessageShouldNotReturnUserIfDeviceNotAssignedTest" classname="Philips.CareEvent.Test.MessageRecipientMgrTest" time="0.001" status="1" />
    <testcase name="GetStandardDeviceAndUsersToSendMessageShouldNotReturnUserIfDeviceIsNotStandardDeviceTest" classname="Philips.CareEvent.Test.MessageRecipientMgrTest" time="0.002" status="1" />
    <testcase name="GetNonStandardDeviceUsersToSendMessageShouldNotReturnSenderTest" classname="Philips.CareEvent.Test.MessageRecipientMgrTest" time="0.003" status="1" />
    <system-out />
    <system-err />
  </testsuite>
  <testsuite name="Philips.PMP.Test.Auto.CategorySequenceMoverTest" hostname="RESTORMEL" package="not available" id="280" tests="24" failures="0" errors="0" skipped="0" time="0.093" timestamp="2023-12-13T03:29:41">
    <properties />
    <testcase name="MoveCategoryUIShouldReorderTree (InfoModel,up,top-level,0,System.Byte[])" classname="Philips.PMP.Test.Auto.CategorySequenceMoverTest" time="0.011" status="1" />
    <testcase name="MoveCategoryUIShouldReorderTree (InfoModel,up,top-level,1,System.Byte[])" classname="Philips.PMP.Test.Auto.CategorySequenceMoverTest" time="0.003" status="1" />
    <testcase name="MoveCategoryUIShouldReorderTree (InfoModel,up,top-level,2,System.Byte[])" classname="Philips.PMP.Test.Auto.CategorySequenceMoverTest" time="0.003" status="1" />
    <testcase name="MoveCategoryUIShouldReorderTree (InfoModel,up,child-level,0,System.Byte[])" classname="Philips.PMP.Test.Auto.CategorySequenceMoverTest" time="0.003" status="1" />
    <testcase name="MoveCategoryUIShouldReorderTree (InfoModel,up,child-level,1,System.Byte[])" classname="Philips.PMP.Test.Auto.CategorySequenceMoverTest" time="0.004" status="1" />
    <testcase name="MoveCategoryUIShouldReorderTree (InfoModel,up,child-level,2,System.Byte[])" classname="Philips.PMP.Test.Auto.CategorySequenceMoverTest" time="0.003" status="1" />
    <testcase name="MoveCategoryUIShouldReorderTree (InfoModel,down,top-level,2,System.Byte[])" classname="Philips.PMP.Test.Auto.CategorySequenceMoverTest" time="0.005" status="1" />
    <testcase name="MoveCategoryUIShouldReorderTree (InfoModel,down,top-level,1,System.Byte[])" classname="Philips.PMP.Test.Auto.CategorySequenceMoverTest" time="0.003" status="1" />
    <testcase name="MoveCategoryUIShouldReorderTree (InfoModel,down,top-level,0,System.Byte[])" classname="Philips.PMP.Test.Auto.CategorySequenceMoverTest" time="0.003" status="1" />
    <testcase name="MoveCategoryUIShouldReorderTree (InfoModel,down,child-level,2,System.Byte[])" classname="Philips.PMP.Test.Auto.CategorySequenceMoverTest" time="0.003" status="1" />
    <testcase name="MoveCategoryUIShouldReorderTree (InfoModel,down,child-level,1,System.Byte[])" classname="Philips.PMP.Test.Auto.CategorySequenceMoverTest" time="0.004" status="1" />
    <testcase name="MoveCategoryUIShouldReorderTree (InfoModel,down,child-level,0,System.Byte[])" classname="Philips.PMP.Test.Auto.CategorySequenceMoverTest" time="0.003" status="1" />
    <testcase name="MoveCategoryUIShouldReorderTree (UI,up,top-level,0,System.Byte[])" classname="Philips.PMP.Test.Auto.CategorySequenceMoverTest" time="0.004" status="1" />
    <testcase name="MoveCategoryUIShouldReorderTree (UI,up,top-level,1,System.Byte[])" classname="Philips.PMP.Test.Auto.CategorySequenceMoverTest" time="0.005" status="1" />
    <testcase name="MoveCategoryUIShouldReorderTree (UI,up,top-level,2,System.Byte[])" classname="Philips.PMP.Test.Auto.CategorySequenceMoverTest" time="0.003" status="1" />
    <testcase name="MoveCategoryUIShouldReorderTree (UI,up,child-level,0,System.Byte[])" classname="Philips.PMP.Test.Auto.CategorySequenceMoverTest" time="0.003" status="1" />
    <testcase name="MoveCategoryUIShouldReorderTree (UI,up,child-level,1,System.Byte[])" classname="Philips.PMP.Test.Auto.CategorySequenceMoverTest" time="0.003" status="1" />
    <testcase name="MoveCategoryUIShouldReorderTree (UI,up,child-level,2,System.Byte[])" classname="Philips.PMP.Test.Auto.CategorySequenceMoverTest" time="0.003" status="1" />
    <testcase name="MoveCategoryUIShouldReorderTree (UI,down,top-level,2,System.Byte[])" classname="Philips.PMP.Test.Auto.CategorySequenceMoverTest" time="0.004" status="1" />
    <testcase name="MoveCategoryUIShouldReorderTree (UI,down,top-level,1,System.Byte[])" classname="Philips.PMP.Test.Auto.CategorySequenceMoverTest" time="0.003" status="1" />
    <testcase name="MoveCategoryUIShouldReorderTree (UI,down,top-level,0,System.Byte[])" classname="Philips.PMP.Test.Auto.CategorySequenceMoverTest" time="0.003" status="1" />
    <testcase name="MoveCategoryUIShouldReorderTree (UI,down,child-level,2,System.Byte[])" classname="Philips.PMP.Test.Auto.CategorySequenceMoverTest" time="0.004" status="1" />
    <testcase name="MoveCategoryUIShouldReorderTree (UI,down,child-level,1,System.Byte[])" classname="Philips.PMP.Test.Auto.CategorySequenceMoverTest" time="0.003" status="1" />
    <testcase name="MoveCategoryUIShouldReorderTree (UI,down,child-level,0,System.Byte[])" classname="Philips.PMP.Test.Auto.CategorySequenceMoverTest" time="0.003" status="1" />
    <system-out />
    <system-err />
  </testsuite>
  <testsuite name="Philips.iX.InboundDataBridge.Test.PhysioDataBridgeServiceTest" hostname="RESTORMEL" package="not available" id="281" tests="6" failures="0" errors="0" skipped="0" time="11.625" timestamp="2023-12-13T03:27:46">
    <properties />
    <testcase name="OnPhysioDataReceivedTest (Philips.iX.MonitoringCommon.PhysioData,0)" classname="Philips.iX.InboundDataBridge.Test.PhysioDataBridgeServiceTest" time="2.629" status="1" />
    <testcase name="OnPhysioDataReceivedTest (Philips.iX.MonitoringCommon.PhysioData,1)" classname="Philips.iX.InboundDataBridge.Test.PhysioDataBridgeServiceTest" time="3.167" status="1" />
    <testcase name="PhysioDataBridgeServiceConfigChangeTest" classname="Philips.iX.InboundDataBridge.Test.PhysioDataBridgeServiceTest" time="0.036" status="1" />
    <testcase name="StartStopServiceTest (False)" classname="Philips.iX.InboundDataBridge.Test.PhysioDataBridgeServiceTest" time="0.008" status="1" />
    <testcase name="StartStopServiceTest (True)" classname="Philips.iX.InboundDataBridge.Test.PhysioDataBridgeServiceTest" time="0.010" status="1" />
    <testcase name="AcpmpBaseUriTest" classname="Philips.iX.InboundDataBridge.Test.PhysioDataBridgeServiceTest" time="5.775" status="1" />
    <system-out />
    <system-err />
  </testsuite>
  <testsuite name="Philips.PIC.DeviceUserManagement.Test.DeviceUserManagementConnectionTest" hostname="RESTORMEL" package="not available" id="282" tests="8" failures="0" errors="0" skipped="0" time="0.564" timestamp="2023-12-13T03:29:00">
    <properties />
    <testcase name="DeviceUserManagementConnectionStart (False,False,True,False)" classname="Philips.PIC.DeviceUserManagement.Test.DeviceUserManagementConnectionTest" time="0.378" status="1" />
    <testcase name="DeviceUserManagementConnectionStart (True,False,True,False)" classname="Philips.PIC.DeviceUserManagement.Test.DeviceUserManagementConnectionTest" time="0.044" status="1" />
    <testcase name="DeviceUserManagementConnectionStart (True,True,True,False)" classname="Philips.PIC.DeviceUserManagement.Test.DeviceUserManagementConnectionTest" time="0.077" status="1" />
    <testcase name="DeviceUserManagementConnectionStart (True,True,False,True)" classname="Philips.PIC.DeviceUserManagement.Test.DeviceUserManagementConnectionTest" time="0.002" status="1" />
    <testcase name="DeviceUserManagementConnectionRequestReceived" classname="Philips.PIC.DeviceUserManagement.Test.DeviceUserManagementConnectionTest" time="0.027" status="1" />
    <testcase name="DeviceUserManagementConnectionOnPatientUpdate" classname="Philips.PIC.DeviceUserManagement.Test.DeviceUserManagementConnectionTest" time="0.004" status="1" />
    <testcase name="DeviceUserManagementConnectionDisconnected" classname="Philips.PIC.DeviceUserManagement.Test.DeviceUserManagementConnectionTest" time="0.014" status="1" />
    <testcase name="DeviceUserManagementConnectionStop" classname="Philips.PIC.DeviceUserManagement.Test.DeviceUserManagementConnectionTest" time="0.018" status="1" />
    <system-out />
    <system-err />
  </testsuite>
  <testsuite name="Philips.PMP.Test.Auto.EfficiaHelperTest" hostname="RESTORMEL" package="not available" id="283" tests="35" failures="0" errors="0" skipped="0" time="0.170" timestamp="2023-12-13T03:29:41">
    <properties />
    <testcase name="EfficiaHelperMapEfficiaIdToMdilAlarmTest" classname="Philips.PMP.Test.Auto.EfficiaHelperTest" time="0.029" status="1" />
    <testcase name="EfficiaHelperBuildEcgSaPresentationTest" classname="Philips.PMP.Test.Auto.EfficiaHelperTest" time="0.018" status="1" />
    <testcase name="EfficiaHelperGetMeasurePeriodTest (0,False)" classname="Philips.PMP.Test.Auto.EfficiaHelperTest" time="0.001" status="1" />
    <testcase name="EfficiaHelperGetMeasurePeriodTest (1,True)" classname="Philips.PMP.Test.Auto.EfficiaHelperTest" time="0.001" status="1" />
    <testcase name="EfficiaHelperGetMeasurePeriodTest (180,True)" classname="Philips.PMP.Test.Auto.EfficiaHelperTest" time="0.001" status="1" />
    <testcase name="EfficiaHelperIsMaskSetTest (8388608,8388608,True)" classname="Philips.PMP.Test.Auto.EfficiaHelperTest" time="0.001" status="1" />
    <testcase name="EfficiaHelperIsMaskSetTest (8388608,4194304,False)" classname="Philips.PMP.Test.Auto.EfficiaHelperTest" time="0.000" status="1" />
    <testcase name="EfficiaHelperIsMaskSetTest (117440513,117440513,True)" classname="Philips.PMP.Test.Auto.EfficiaHelperTest" time="0.000" status="1" />
    <testcase name="EfficiaHelperIsMaskSetTest (50331649,117440513,False)" classname="Philips.PMP.Test.Auto.EfficiaHelperTest" time="0.001" status="1" />
    <testcase name="EfficiaHelperMapUnknownEfficiaIdToMdilAlarmTest (Technical,HardInop,2155152788,61887,64034)" classname="Philips.PMP.Test.Auto.EfficiaHelperTest" time="0.014" status="1" />
    <testcase name="EfficiaHelperMapUnknownEfficiaIdToMdilAlarmTest (Technical,YellowAlarm,2155152786,61889,64034)" classname="Philips.PMP.Test.Auto.EfficiaHelperTest" time="0.001" status="1" />
    <testcase name="EfficiaHelperMapUnknownEfficiaIdToMdilAlarmTest (Technical,RedAlarm,2155152784,61891,64034)" classname="Philips.PMP.Test.Auto.EfficiaHelperTest" time="0.002" status="1" />
    <testcase name="EfficiaHelperMapUnknownEfficiaIdToMdilAlarmTest (Patient,HardInop,2155152794,62109,64034)" classname="Philips.PMP.Test.Auto.EfficiaHelperTest" time="0.001" status="1" />
    <testcase name="EfficiaHelperMapUnknownEfficiaIdToMdilAlarmTest (Patient,YellowAlarm,2155152792,62111,64034)" classname="Philips.PMP.Test.Auto.EfficiaHelperTest" time="0.002" status="1" />
    <testcase name="EfficiaHelperMapUnknownEfficiaIdToMdilAlarmTest (Patient,RedAlarm,2155152790,62113,64034)" classname="Philips.PMP.Test.Auto.EfficiaHelperTest" time="0.019" status="1" />
    <testcase name="EfficiaHelperGetNbpIntervalTest (0,Off)" classname="Philips.PMP.Test.Auto.EfficiaHelperTest" time="0.003" status="1" />
    <testcase name="EfficiaHelperGetNbpIntervalTest (1,1 Minute)" classname="Philips.PMP.Test.Auto.EfficiaHelperTest" time="0.004" status="1" />
    <testcase name="EfficiaHelperGetNbpIntervalTest (2,2 Minutes)" classname="Philips.PMP.Test.Auto.EfficiaHelperTest" time="0.003" status="1" />
    <testcase name="EfficiaHelperGetNbpIntervalTest (3,3 Minutes)" classname="Philips.PMP.Test.Auto.EfficiaHelperTest" time="0.003" status="1" />
    <testcase name="EfficiaHelperGetNbpIntervalTest (4,4 Minutes)" classname="Philips.PMP.Test.Auto.EfficiaHelperTest" time="0.001" status="1" />
    <testcase name="EfficiaHelperGetNbpIntervalTest (5,5 Minutes)" classname="Philips.PMP.Test.Auto.EfficiaHelperTest" time="0.003" status="1" />
    <testcase name="EfficiaHelperGetNbpIntervalTest (6,6 Minutes)" classname="Philips.PMP.Test.Auto.EfficiaHelperTest" time="0.016" status="1" />
    <testcase name="EfficiaHelperGetNbpIntervalTest (7,7 Minutes)" classname="Philips.PMP.Test.Auto.EfficiaHelperTest" time="0.020" status="1" />
    <testcase name="EfficiaHelperGetNbpIntervalTest (8,8 Minutes)" classname="Philips.PMP.Test.Auto.EfficiaHelperTest" time="0.004" status="1" />
    <testcase name="EfficiaHelperGetNbpIntervalTest (9,9 Minutes)" classname="Philips.PMP.Test.Auto.EfficiaHelperTest" time="0.003" status="1" />
    <testcase name="EfficiaHelperGetNbpIntervalTest (10,10 Minutes)" classname="Philips.PMP.Test.Auto.EfficiaHelperTest" time="0.001" status="1" />
    <testcase name="EfficiaHelperGetNbpIntervalTest (15,15 Minutes)" classname="Philips.PMP.Test.Auto.EfficiaHelperTest" time="0.001" status="1" />
    <testcase name="EfficiaHelperGetNbpIntervalTest (30,30 Minutes)" classname="Philips.PMP.Test.Auto.EfficiaHelperTest" time="0.001" status="1" />
    <testcase name="EfficiaHelperGetNbpIntervalTest (60,60 Minutes)" classname="Philips.PMP.Test.Auto.EfficiaHelperTest" time="0.003" status="1" />
    <testcase name="EfficiaHelperGetNbpIntervalTest (90,90 Minutes)" classname="Philips.PMP.Test.Auto.EfficiaHelperTest" time="0.003" status="1" />
    <testcase name="EfficiaHelperGetNbpIntervalTest (120,120 Minutes)" classname="Philips.PMP.Test.Auto.EfficiaHelperTest" time="0.001" status="1" />
    <testcase name="EfficiaHelperGetNbpIntervalTest (180,180 Minutes)" classname="Philips.PMP.Test.Auto.EfficiaHelperTest" time="0.001" status="1" />
    <testcase name="EfficiaHelperGetNbpIntervalTest (240,240 Minutes)" classname="Philips.PMP.Test.Auto.EfficiaHelperTest" time="0.001" status="1" />
    <testcase name="EfficiaHelperGetNbpIntervalTest (480,480 Minutes)" classname="Philips.PMP.Test.Auto.EfficiaHelperTest" time="0.001" status="1" />
    <testcase name="EfficiaHelperConvertValueTest" classname="Philips.PMP.Test.Auto.EfficiaHelperTest" time="0.007" status="1" />
    <system-out />
    <system-err />
  </testsuite>
  <testsuite name="Philips.PMP.Test.Auto.AlertMgrTest" hostname="RESTORMEL" package="not available" id="284" tests="59" failures="0" errors="0" skipped="0" time="0.844" timestamp="2023-12-13T03:35:43">
    <properties />
    <testcase name="AlertMgrAlarmAuditProcessAlertsTest" classname="Philips.PMP.Test.Auto.AlertMgrTest" time="0.023" status="1" />
    <testcase name="AlertMgrMarksTimeMappingsAsUsed" classname="Philips.PMP.Test.Auto.AlertMgrTest" time="0.154" status="1" />
    <testcase name="AlertMgrAlarmOnlyUpdatesControlServiceWhenControlIsAddedOrRemoved" classname="Philips.PMP.Test.Auto.AlertMgrTest" time="0.017" status="1" />
    <testcase name="AlertMgrMonitorOnlineOfflineAccountsForDeviceType (DelphiHigh15In,True)" classname="Philips.PMP.Test.Auto.AlertMgrTest" time="0.010" status="1" />
    <testcase name="AlertMgrMonitorOnlineOfflineAccountsForDeviceType (TelemPwm,True)" classname="Philips.PMP.Test.Auto.AlertMgrTest" time="0.003" status="1" />
    <testcase name="AlertMgrMonitorOnlineOfflineAccountsForDeviceType (Efficia,True)" classname="Philips.PMP.Test.Auto.AlertMgrTest" time="0.002" status="1" />
    <testcase name="AlertMgrMonitorOnlineOfflineAccountsForDeviceType (TelemCit,False)" classname="Philips.PMP.Test.Auto.AlertMgrTest" time="0.003" status="1" />
    <testcase name="AlertMgrMonitorOnlineOfflineAccountsForDeviceType (TelemCitSpo2,False)" classname="Philips.PMP.Test.Auto.AlertMgrTest" time="0.005" status="1" />
    <testcase name="AlertMgrMonitorOnlineOfflineAccountsForDeviceType (IbridgeEc40Hub,False)" classname="Philips.PMP.Test.Auto.AlertMgrTest" time="0.006" status="1" />
    <testcase name="AlertMgrMonitorOnlineOfflineAccountsForDeviceType (IbridgeEc48Hub,False)" classname="Philips.PMP.Test.Auto.AlertMgrTest" time="0.002" status="1" />
    <testcase name="AlertMgrMonitorOnlineOfflineAccountsForDeviceType (ExtDevServer,False)" classname="Philips.PMP.Test.Auto.AlertMgrTest" time="0.003" status="1" />
    <testcase name="AlertMgrMonitorOnlineOfflineAccountsForDeviceType (Portal5000,False)" classname="Philips.PMP.Test.Auto.AlertMgrTest" time="0.004" status="1" />
    <testcase name="AlertMgrAlarmAuditPauseAndResumeTest" classname="Philips.PMP.Test.Auto.AlertMgrTest" time="0.015" status="1" />
    <testcase name="AlertMgrProcessAlertRealarmTest (False,AlRealarm,RedAlarm,Patient)" classname="Philips.PMP.Test.Auto.AlertMgrTest" time="0.010" status="1" />
    <testcase name="AlertMgrProcessAlertRealarmTest (True,AlRealarm,RedAlarm,Patient)" classname="Philips.PMP.Test.Auto.AlertMgrTest" time="0.002" status="1" />
    <testcase name="AlertMgrProcessAlertRealarmTest (False,AlRealarm,YellowAlarm,Patient)" classname="Philips.PMP.Test.Auto.AlertMgrTest" time="0.004" status="1" />
    <testcase name="AlertMgrProcessAlertRealarmTest (True,AlRealarm,YellowAlarm,Patient)" classname="Philips.PMP.Test.Auto.AlertMgrTest" time="0.003" status="1" />
    <testcase name="AlertMgrProcessAlertRealarmTest (False,AlRealarm,RedAlarm,Technical)" classname="Philips.PMP.Test.Auto.AlertMgrTest" time="0.002" status="1" />
    <testcase name="AlertMgrProcessAlertRealarmTest (True,AlRealarm,RedAlarm,Technical)" classname="Philips.PMP.Test.Auto.AlertMgrTest" time="0.002" status="1" />
    <testcase name="AlertMgrProcessAlertRealarmTest (False,AlRealarm,YellowAlarm,Technical)" classname="Philips.PMP.Test.Auto.AlertMgrTest" time="0.003" status="1" />
    <testcase name="AlertMgrProcessAlertRealarmTest (True,AlRealarm,YellowAlarm,Technical)" classname="Philips.PMP.Test.Auto.AlertMgrTest" time="0.002" status="1" />
    <testcase name="AlertMgrProcessAlertRealarmTest (False,AlRealarm,SevereInop,Technical)" classname="Philips.PMP.Test.Auto.AlertMgrTest" time="0.002" status="1" />
    <testcase name="AlertMgrProcessAlertRealarmTest (True,AlRealarm,SevereInop,Technical)" classname="Philips.PMP.Test.Auto.AlertMgrTest" time="0.003" status="1" />
    <testcase name="AlertMgrProcessAlertRealarmTest (False,AlRealarm,HardInop,Technical)" classname="Philips.PMP.Test.Auto.AlertMgrTest" time="0.009" status="1" />
    <testcase name="AlertMgrProcessAlertRealarmTest (True,AlRealarm,HardInop,Technical)" classname="Philips.PMP.Test.Auto.AlertMgrTest" time="0.005" status="1" />
    <testcase name="AlertMgrProcessAlertRealarmTest (False,AlReminder,RedAlarm,Patient)" classname="Philips.PMP.Test.Auto.AlertMgrTest" time="0.002" status="1" />
    <testcase name="AlertMgrProcessAlertRealarmTest (True,AlReminder,RedAlarm,Patient)" classname="Philips.PMP.Test.Auto.AlertMgrTest" time="0.002" status="1" />
    <testcase name="AlertMgrProcessAlertRealarmTest (False,AlReminder,YellowAlarm,Patient)" classname="Philips.PMP.Test.Auto.AlertMgrTest" time="0.002" status="1" />
    <testcase name="AlertMgrProcessAlertRealarmTest (True,AlReminder,YellowAlarm,Patient)" classname="Philips.PMP.Test.Auto.AlertMgrTest" time="0.002" status="1" />
    <testcase name="AlertMgrProcessAlertRealarmTest (False,AlReminder,RedAlarm,Technical)" classname="Philips.PMP.Test.Auto.AlertMgrTest" time="0.007" status="1" />
    <testcase name="AlertMgrProcessAlertRealarmTest (True,AlReminder,RedAlarm,Technical)" classname="Philips.PMP.Test.Auto.AlertMgrTest" time="0.003" status="1" />
    <testcase name="AlertMgrProcessAlertRealarmTest (False,AlReminder,YellowAlarm,Technical)" classname="Philips.PMP.Test.Auto.AlertMgrTest" time="0.002" status="1" />
    <testcase name="AlertMgrProcessAlertRealarmTest (True,AlReminder,YellowAlarm,Technical)" classname="Philips.PMP.Test.Auto.AlertMgrTest" time="0.014" status="1" />
    <testcase name="AlertMgrProcessAlertRealarmTest (False,AlReminder,SevereInop,Technical)" classname="Philips.PMP.Test.Auto.AlertMgrTest" time="0.004" status="1" />
    <testcase name="AlertMgrProcessAlertRealarmTest (True,AlReminder,SevereInop,Technical)" classname="Philips.PMP.Test.Auto.AlertMgrTest" time="0.006" status="1" />
    <testcase name="AlertMgrProcessAlertRealarmTest (False,AlReminder,HardInop,Technical)" classname="Philips.PMP.Test.Auto.AlertMgrTest" time="0.003" status="1" />
    <testcase name="AlertMgrProcessAlertRealarmTest (True,AlReminder,HardInop,Technical)" classname="Philips.PMP.Test.Auto.AlertMgrTest" time="0.002" status="1" />
    <testcase name="AlertMgrProcessAlertRealarmTest (False,AlReminder,RedAlarm,Patient)" classname="Philips.PMP.Test.Auto.AlertMgrTest" time="0.003" status="1" />
    <testcase name="AlertMgrCanFillSubscriptionsForRemovedPatients" classname="Philips.PMP.Test.Auto.AlertMgrTest" time="0.004" status="1" />
    <testcase name="AlertMgrTeleStandbyTest (False)" classname="Philips.PMP.Test.Auto.AlertMgrTest" time="0.001" status="1" />
    <testcase name="AlertMgrTeleStandbyTest (True)" classname="Philips.PMP.Test.Auto.AlertMgrTest" time="0.003" status="1" />
    <testcase name="AlertMgrAlarmAuditStopMonitoringTest" classname="Philips.PMP.Test.Auto.AlertMgrTest" time="0.004" status="1" />
    <testcase name="AlertMgrReportMobilityConnectionStateTest" classname="Philips.PMP.Test.Auto.AlertMgrTest" time="0.003" status="1" />
    <testcase name="AlertMgrAlarmAuditMonitorOfflineTest" classname="Philips.PMP.Test.Auto.AlertMgrTest" time="0.007" status="1" />
    <testcase name="AlertMgrAlarmAuditAcknowledgeTest" classname="Philips.PMP.Test.Auto.AlertMgrTest" time="0.008" status="1" />
    <testcase name="AlertMgrReportUndeliveredAlarmTest" classname="Philips.PMP.Test.Auto.AlertMgrTest" time="0.002" status="1" />
    <testcase name="AlertMgrCreatesNewPatientObjectReferenceForControlServiceCalls" classname="Philips.PMP.Test.Auto.AlertMgrTest" time="0.395" status="1" />
    <testcase name="AlertMgrAlarmAuditSetMonitoredEquipmentTest" classname="Philips.PMP.Test.Auto.AlertMgrTest" time="0.005" status="1" />
    <testcase name="AlertMgrAlarmAuditHandleStandbyTest" classname="Philips.PMP.Test.Auto.AlertMgrTest" time="0.024" status="1" />
    <testcase name="AlertMgrUndeliveredAlarmConnectionStateInteractionTest" classname="Philips.PMP.Test.Auto.AlertMgrTest" time="0.005" status="1" />
    <testcase name="AlertMgrAlarmAuditUpdatePatientTest" classname="Philips.PMP.Test.Auto.AlertMgrTest" time="0.011" status="1" />
    <testcase name="AlertMgrAudioOffTest (DelphiHigh15In,0)" classname="Philips.PMP.Test.Auto.AlertMgrTest" time="0.010" status="1" />
    <testcase name="AlertMgrAudioOffTest (TelemPwm,0)" classname="Philips.PMP.Test.Auto.AlertMgrTest" time="0.002" status="1" />
    <testcase name="AlertMgrAudioOffTest (Efficia,0)" classname="Philips.PMP.Test.Auto.AlertMgrTest" time="0.003" status="1" />
    <testcase name="AlertMgrAudioOffTest (TelemCit,0)" classname="Philips.PMP.Test.Auto.AlertMgrTest" time="0.002" status="1" />
    <testcase name="AlertMgrAudioOffTest (TelemCitSpo2,0)" classname="Philips.PMP.Test.Auto.AlertMgrTest" time="0.002" status="1" />
    <testcase name="AlertMgrAudioOffTest (IbridgeEc40Hub,1)" classname="Philips.PMP.Test.Auto.AlertMgrTest" time="0.003" status="1" />
    <testcase name="AlertMgrAudioOffTest (IbridgeEc48Hub,1)" classname="Philips.PMP.Test.Auto.AlertMgrTest" time="0.003" status="1" />
    <testcase name="AlertMgrAudioOffTest (ExtDevServer,1)" classname="Philips.PMP.Test.Auto.AlertMgrTest" time="0.002" status="1" />
    <system-out />
    <system-err />
  </testsuite>
  <testsuite name="Philips.PMP.Test.Auto.PhysioDataHelperTest" hostname="RESTORMEL" package="not available" id="285" tests="25" failures="0" errors="0" skipped="0" time="0.093" timestamp="2023-12-13T03:36:08">
    <properties />
    <testcase name="GetDataChangeIntervalsMultiWavesTest" classname="Philips.PMP.Test.Auto.PhysioDataHelperTest" time="0.002" status="1" />
    <testcase name="PhysioDataHelperSetEcgStatisticsLabelTest (666,)" classname="Philips.PMP.Test.Auto.PhysioDataHelperTest" time="0.001" status="1" />
    <testcase name="PhysioDataHelperSetEcgStatisticsLabelTest (16995,PvcRunRateMax)" classname="Philips.PMP.Test.Auto.PhysioDataHelperTest" time="0.000" status="1" />
    <testcase name="CmRespIsSlowWaveTest" classname="Philips.PMP.Test.Auto.PhysioDataHelperTest" time="0.022" status="1" />
    <testcase name="GetMinOrMaxSampleTest" classname="Philips.PMP.Test.Auto.PhysioDataHelperTest" time="0.002" status="1" />
    <testcase name="IsUnavailableDataInopAlertTest" classname="Philips.PMP.Test.Auto.PhysioDataHelperTest" time="0.005" status="1" />
    <testcase name="ToBigintTableTest" classname="Philips.PMP.Test.Auto.PhysioDataHelperTest" time="0.001" status="1" />
    <testcase name="GetDataChangeIntervalsSingleWaveTest" classname="Philips.PMP.Test.Auto.PhysioDataHelperTest" time="0.006" status="1" />
    <testcase name="IsContainsTrendUploadedNumericTest" classname="Philips.PMP.Test.Auto.PhysioDataHelperTest" time="0.002" status="1" />
    <testcase name="FindContiguousWaveSampleIntervalsTest" classname="Philips.PMP.Test.Auto.PhysioDataHelperTest" time="0.009" status="1" />
    <testcase name="IntervalEqualsIsNotRecursive" classname="Philips.PMP.Test.Auto.PhysioDataHelperTest" time="0.001" status="1" />
    <testcase name="PhysioDataHelperGetHigherAlertTypeTest (SoftInop,NoAlert,SoftInop)" classname="Philips.PMP.Test.Auto.PhysioDataHelperTest" time="0.001" status="1" />
    <testcase name="PhysioDataHelperGetHigherAlertTypeTest (NoAlert,HardInop,HardInop)" classname="Philips.PMP.Test.Auto.PhysioDataHelperTest" time="0.001" status="1" />
    <testcase name="PhysioDataHelperGetHigherAlertTypeTest (ShortYellowAlarm,YellowAlarm,YellowAlarm)" classname="Philips.PMP.Test.Auto.PhysioDataHelperTest" time="0.001" status="1" />
    <testcase name="PhysioDataHelperGetHigherAlertTypeTest (RedAlarm,YellowAlarm,RedAlarm)" classname="Philips.PMP.Test.Auto.PhysioDataHelperTest" time="0.001" status="1" />
    <testcase name="GetIntervalIntersectionTest" classname="Philips.PMP.Test.Auto.PhysioDataHelperTest" time="0.005" status="1" />
    <testcase name="UnitConversionUnitLabelCheckTest" classname="Philips.PMP.Test.Auto.PhysioDataHelperTest" time="0.001" status="1" />
    <testcase name="PhysioDataHelperFindCorrectComplexDynamicAttributeElementTest" classname="Philips.PMP.Test.Auto.PhysioDataHelperTest" time="0.001" status="1" />
    <testcase name="RRacIsSlowWaveTest" classname="Philips.PMP.Test.Auto.PhysioDataHelperTest" time="0.021" status="1" />
    <testcase name="GetAlertBeginTimeTest" classname="Philips.PMP.Test.Auto.PhysioDataHelperTest" time="0.001" status="1" />
    <testcase name="IsInvalidDataInopAlertTest" classname="Philips.PMP.Test.Auto.PhysioDataHelperTest" time="0.002" status="1" />
    <testcase name="IsStandbyInfoEventTest" classname="Philips.PMP.Test.Auto.PhysioDataHelperTest" time="0.001" status="1" />
    <testcase name="UnitConversionTest" classname="Philips.PMP.Test.Auto.PhysioDataHelperTest" time="0.007" status="1" />
    <testcase name="PhysioDataHelperCreateMetricSpec" classname="Philips.PMP.Test.Auto.PhysioDataHelperTest" time="0.001" status="1" />
    <testcase name="GetStandbyInfoEventsWithinDurationTest" classname="Philips.PMP.Test.Auto.PhysioDataHelperTest" time="0.001" status="1" />
    <system-out />
    <system-err />
  </testsuite>
  <testsuite name="Philips.PMP.Test.Auto.ProtocolWatchConversionsTest" hostname="RESTORMEL" package="not available" id="286" tests="18" failures="0" errors="0" skipped="0" time="0.050" timestamp="2023-12-13T03:36:10">
    <properties />
    <testcase name="ProtocolWatchRetrieveScoreLabelFromClinicalNotification" classname="Philips.PMP.Test.Auto.ProtocolWatchConversionsTest" time="0.001" status="1" />
    <testcase name="ConvertDateTimesOfComplexMetricToLocalDateTime" classname="Philips.PMP.Test.Auto.ProtocolWatchConversionsTest" time="0.003" status="1" />
    <testcase name="ConvertMetricRequestToMdilControlIds" classname="Philips.PMP.Test.Auto.ProtocolWatchConversionsTest" time="0.004" status="1" />
    <testcase name="ConvertLabResultToAttributeList" classname="Philips.PMP.Test.Auto.ProtocolWatchConversionsTest" time="0.012" status="1" />
    <testcase name="ProtocolWatchAdaptClinicalNotification" classname="Philips.PMP.Test.Auto.ProtocolWatchConversionsTest" time="0.001" status="1" />
    <testcase name="FilterPhysioDataByNbpAutoMeasurements" classname="Philips.PMP.Test.Auto.ProtocolWatchConversionsTest" time="0.003" status="1" />
    <testcase name="ProtocolWatchConversionTestEnumForDeterioration" classname="Philips.PMP.Test.Auto.ProtocolWatchConversionsTest" time="0.001" status="1" />
    <testcase name="ConvertPatientToPatientDemographicsNoPriorIcuStay" classname="Philips.PMP.Test.Auto.ProtocolWatchConversionsTest" time="0.001" status="1" />
    <testcase name="ConvertDateTimesOfClinicalNotificationToLocalDateTime" classname="Philips.PMP.Test.Auto.ProtocolWatchConversionsTest" time="0.001" status="1" />
    <testcase name="ConvertDateTimesOfEnumerationToLocalDateTime" classname="Philips.PMP.Test.Auto.ProtocolWatchConversionsTest" time="0.002" status="1" />
    <testcase name="FilterPhysioDataBySpotCheckComplexMetrics" classname="Philips.PMP.Test.Auto.ProtocolWatchConversionsTest" time="0.004" status="1" />
    <testcase name="ProtocolWatchRetrieveScoreLabelFromEnumeration" classname="Philips.PMP.Test.Auto.ProtocolWatchConversionsTest" time="0.001" status="1" />
    <testcase name="ProtocolWatchFillTreeInfoForSpotCheckRecord" classname="Philips.PMP.Test.Auto.ProtocolWatchConversionsTest" time="0.001" status="1" />
    <testcase name="ConvertMetricRequestToMdilControlIdsExpectEmptyResult" classname="Philips.PMP.Test.Auto.ProtocolWatchConversionsTest" time="0.001" status="1" />
    <testcase name="ConvertPatientToPatientDemographicsWithMissingFields" classname="Philips.PMP.Test.Auto.ProtocolWatchConversionsTest" time="0.001" status="1" />
    <testcase name="ConvertPatientToPatientDemographics" classname="Philips.PMP.Test.Auto.ProtocolWatchConversionsTest" time="0.011" status="1" />
    <testcase name="EnumerationCompoundValueAndDynamicAttributeShouldHaveEqualPdt" classname="Philips.PMP.Test.Auto.ProtocolWatchConversionsTest" time="0.001" status="1" />
    <testcase name="NumericCompoundValueAndDynamicAttributeShouldHaveEqualPdtAndUnit" classname="Philips.PMP.Test.Auto.ProtocolWatchConversionsTest" time="0.003" status="1" />
    <system-out />
    <system-err />
  </testsuite>
  <testsuite name="Philips.CareEvent.Test.OruControlTests" hostname="RESTORMEL" package="not available" id="287" tests="7" failures="0" errors="0" skipped="0" time="0.139" timestamp="2023-12-13T03:28:27">
    <properties />
    <testcase name="GetPatientDisplayPerPatientIdFormatter" classname="Philips.CareEvent.Test.OruControlTests" time="0.004" status="1" />
    <testcase name="UnableToSendLabsWhenPatientIsNull" classname="Philips.CareEvent.Test.OruControlTests" time="0.002" status="1" />
    <testcase name="ProcessLabForNonMonitoredPatient" classname="Philips.CareEvent.Test.OruControlTests" time="0.006" status="1" />
    <testcase name="OruFilterTests" classname="Philips.CareEvent.Test.OruControlTests" time="0.035" status="1" />
    <testcase name="LabsProcessingUsingPatientServiceCache" classname="Philips.CareEvent.Test.OruControlTests" time="0.049" status="1" />
    <testcase name="CopyAndRevertToFactoryMustClearCache" classname="Philips.CareEvent.Test.OruControlTests" time="0.009" status="1" />
    <testcase name="LabsToEventCreationTests" classname="Philips.CareEvent.Test.OruControlTests" time="0.033" status="1" />
    <system-out />
    <system-err />
  </testsuite>
  <testsuite name="Philips.PIC.WebBridge.Test.HubClientConnectionTest" hostname="RESTORMEL" package="not available" id="288" tests="4" failures="0" errors="0" skipped="0" time="0.204" timestamp="2023-12-13T03:39:09">
    <properties />
    <testcase name="HubConnectionMgrWillUpdateNotificationsForAConnectionId" classname="Philips.PIC.WebBridge.Test.HubClientConnectionTest" time="0.003" status="1" />
    <testcase name="HubConnectionMgrWillUpdatePatientForAConnectionId" classname="Philips.PIC.WebBridge.Test.HubClientConnectionTest" time="0.036" status="1" />
    <testcase name="HubConnectionMgrWillUpdatePhysioDataConfigForAConnectionId" classname="Philips.PIC.WebBridge.Test.HubClientConnectionTest" time="0.002" status="1" />
    <testcase name="HubConnectionMgrWillUpdatePhysioDataForAConnectionId" classname="Philips.PIC.WebBridge.Test.HubClientConnectionTest" time="0.163" status="1" />
    <system-out />
    <system-err />
  </testsuite>
  <testsuite name="Philips.PMP.Test.Auto.RemoteDataServiceMgrTest" hostname="RESTORMEL" package="not available" id="289" tests="9" failures="0" errors="0" skipped="0" time="2.851" timestamp="2023-12-13T03:34:35">
    <properties />
    <testcase name="PluggableSectorLayoutControlAssignBedTest (localhost,https)" classname="Philips.PMP.Test.Auto.RemoteDataServiceMgrTest" time="1.467" status="1" />
    <testcase name="PluggableSectorLayoutControlAssignBedTest (localhost,http)" classname="Philips.PMP.Test.Auto.RemoteDataServiceMgrTest" time="0.210" status="1" />
    <testcase name="PluggableSectorLayoutControlAssignBedTest (localhost,)" classname="Philips.PMP.Test.Auto.RemoteDataServiceMgrTest" time="0.224" status="1" />
    <testcase name="PluggableSectorLayoutControlAssignBedTest (testNullHost,)" classname="Philips.PMP.Test.Auto.RemoteDataServiceMgrTest" time="0.162" status="1" />
    <testcase name="MultiPatientViewCancelLogonTest" classname="Philips.PMP.Test.Auto.RemoteDataServiceMgrTest" time="0.307" status="1" />
    <testcase name="PluggableSectorControlAssignTest" classname="Philips.PMP.Test.Auto.RemoteDataServiceMgrTest" time="0.372" status="1" />
    <testcase name="PluggableSectorControlChangePatientTest (True,False)" classname="Philips.PMP.Test.Auto.RemoteDataServiceMgrTest" time="0.035" status="1" />
    <testcase name="PluggableSectorControlChangePatientTest (False,False)" classname="Philips.PMP.Test.Auto.RemoteDataServiceMgrTest" time="0.039" status="1" />
    <testcase name="PluggableSectorControlChangePatientTest (False,True)" classname="Philips.PMP.Test.Auto.RemoteDataServiceMgrTest" time="0.034" status="1" />
    <system-out />
    <system-err />
  </testsuite>
  <testsuite name="Philips.PMP.Test.Auto.IheDeviceTest" hostname="RESTORMEL" package="not available" id="290" tests="31" failures="0" errors="0" skipped="0" time="0.659" timestamp="2023-12-13T03:29:45">
    <properties />
    <testcase name="ProcessPC01MessageMultipleFlexTextEnum" classname="Philips.PMP.Test.Auto.IheDeviceTest" time="0.018" status="1" />
    <testcase name="ProcessPC01MessageInvalidMSH" classname="Philips.PMP.Test.Auto.IheDeviceTest" time="0.003" status="1" />
    <testcase name="ProcessPC01MessageAddRemoveVMDChannel" classname="Philips.PMP.Test.Auto.IheDeviceTest" time="0.013" status="1" />
    <testcase name="ProcessIgnoredParameters (BBraunDoselinkPlus,MSH|^~\&amp;|PAT_DEVICE_BBRAUN^0012211839000001^EUI-64|BBRAUN|DOC_AM_TEST|BB1|20220523142113+0000||ORU^R01^ORU_R01|63788912473382465025|P|2.6|||AL|NE||ASCII|en^English^ISO639||IHE_PCD_001^IHE PCD^1.3.6.1.4.1.19376.1.6.4.1^ISO&#xD;&#xA;&#x9;&#x9;PID|||Unknown Patient^Unknown Patient||^^^^^^U||||||||||||||||||||||||||Y&#xD;&#xA;&#x9;&#x9;OBR|1|029d53e1-daa3-11ec-8487-c0ee400d168f^PAT_DEVICE_BBRAUN^0012211839000001^EUI-64|029d53e1-daa3-11ec-8487-c0ee400d168f^PAT_DEVICE_BBRAUN^0012211839000001^EUI-64|Dobutamine^Dobutamine|||20220523142039+0000&#xD;&#xA;&#x9;&#x9;OBX|1||70053^MDC_DEV_PUMP_INFUS_SYRINGE_MDS^MDC|1.0.0.0|||||||X|||||||P2450^^0012210000000000^EUI-64&#xD;&#xA;&#x9;&#x9;OBX|2||70054^MDC_DEV_PUMP_INFUS_SYRINGE_VMD^MDC|1.1.0.0|||||||X&#xD;&#xA;&#x9;&#x9;OBX|8||70067^MDC_DEV_PUMP_DELIVERY_INFO^MDC|1.1.1.0|||||||X&#xD;&#xA;&#x9;&#x9;OBX|31|NM|157984^MDC_VOL_SYRINGE_ACTUAL^MDC|1.1.6.2|30.95|263762^MDC_DIM_MILLI_L^MDC^mL^mL^UCUM|||||R&#xD;&#xA;&#x9;&#x9;OBX|9|ST|0^MDC_ATTR_PUMP_PILLAR_DETAILS^MDC|1.1.0.24|0^0||||||F|||||||CA1~Rm1~Bed2~Fac1~~~Bldg1~Fl1^^0012210000000000^EUI-64&#xD;&#xA;&#x9;&#x9;OBX|32|ST|184488^MDC_SYRINGE_MANUFACTURER^MDC|1.1.6.3|B.Braun OPS 50 mL||||||R,P2450^^0012210000000000^EUI-64)" classname="Philips.PMP.Test.Auto.IheDeviceTest" time="0.012" status="1" />
    <testcase name="IheDeviceMessageQueueSizeTest (1,3,False)" classname="Philips.PMP.Test.Auto.IheDeviceTest" time="0.064" status="1" />
    <testcase name="IheDeviceMessageQueueSizeTest (3,3,False)" classname="Philips.PMP.Test.Auto.IheDeviceTest" time="0.024" status="1" />
    <testcase name="IheDeviceMessageQueueSizeTest (4,3,True)" classname="Philips.PMP.Test.Auto.IheDeviceTest" time="0.033" status="1" />
    <testcase name="ProcessPC01MessageAddMultipleMDS (CapsuleMDIP,MSH|^~\&amp;|DATACAPTOR|Hospital1|||20180622133129.269+0200||ORU^R01^ORU_R01|86221331292749a1|P|2.6|||NE|NE||8859/1|||IHE_PCD_001^IHE PCD^1.3.6.1.4.1.19376.1.6.1.1.1^ISO|&#xD;&#xA;&#x9;&#x9;PID|||PID3-EXAMPLE||Smith^John^^^^^L||19470331000000.000+0200|M|||||||FRENCH|||PID18-EXAMPLE|&#xD;&#xA;&#x9;&#x9;PV1||O|{PV13Location}|&#xD;&#xA;&#x9;&#x9;OBR|1|1203^CAPSULE^3268B019E1B44157^EUI-64|1203^CAPSULE^3268B019E1B44157^EUI-64|196616^MDC_EVT_ALARM^MDC|||20221216144425.000+0530|||INGBTCPIC6MS057|||INGBTCPIC6MS057||||||||OBRIdentifier||||||||^{796AE130-F582-4DCD-AD0B-8E7148C48229}&amp;CAPSULE&amp;3268B019E1B44157&amp;EUI-64|&#xD;&#xA;&#x9;&#x9;OBX|1||70001^NOM_DEV_SYS_PT_VENT_MDS^MDIL|1.0.0.0|||||||X|||||||MDSEquipmentIdentifier1|&#xD;&#xA;&#x9;&#x9;OBX|2||129726^NOM_DEV_CONTEX_VMD^MDIL|1.1.0.0|||||||X|||||||VDSEquipmentIdentifier1|&#xD;&#xA;&#x9;&#x9;OBX|3||129725^NOM_DEV_CONTEXT_CHAN^MDIL|1.1.1.0|||||||X|||||||ChannelEquipmentIdentifier1|&#xD;&#xA;&#x9;&#x9;OBX|5|NM|150492^MDC_OUTPUT_CARD_CTS^MDIL^^^^^^CCO|1.1.1.1|0.591|327679^NOM_DIM_NEW^MDIL^^^^^^NEW|||||R|,MSH|^~\&amp;|DATACAPTOR|Hospital1|||20180622133129.269+0200||ORU^R01^ORU_R01|86221331292749a1|P|2.6|||NE|NE||8859/1|||IHE_PCD_001^IHE PCD^1.3.6.1.4.1.19376.1.6.1.1.1^ISO|&#xD;&#xA;&#x9;&#x9;PID|||PID3-EXAMPLE||Smith^John^^^^^L||19470331000000.000+0200|M|||||||FRENCH|||PID18-EXAMPLE|&#xD;&#xA;&#x9;&#x9;PV1||O|{PV13Location}|&#xD;&#xA;&#x9;&#x9;OBR|1|1203^CAPSULE^3268B019E1B44157^EUI-64|1203^CAPSULE^3268B019E1B44157^EUI-64|196616^MDC_EVT_ALARM^MDC|||20221216144425.000+0530|||INGBTCPIC6MS057|||INGBTCPIC6MS057||||||||OBRIdentifier||||||||^{796AE130-F582-4DCD-AD0B-8E7148C48229}&amp;CAPSULE&amp;3268B019E1B44157&amp;EUI-64|&#xD;&#xA;&#x9;&#x9;OBX|1||70001^NOM_DEV_SYS_PT_VENT_MDS^MDIL|1.0.0.0|||||||X|||||||MDSEquipmentIdentifier2|&#xD;&#xA;&#x9;&#x9;OBX|2||129726^NOM_DEV_CONTEX_VMD^MDIL|1.1.0.0|||||||X|||||||VDSEquipmentIdentifier1|&#xD;&#xA;&#x9;&#x9;OBX|3||129725^NOM_DEV_CONTEXT_CHAN^MDIL|1.1.1.0|||||||X|||||||ChannelEquipmentIdentifier1|&#xD;&#xA;&#x9;&#x9;OBX|5|NM|150492^MDC_OUTPUT_CARD_CTS^MDIL^^^^^^CCO|1.1.1.1|0.591|327679^NOM_DIM_NEW^MDIL^^^^^^NEW|||||R|,OBRIdentifierMDSEquipmentIdentifier1,OBRIdentifierMDSEquipmentIdentifier2)" classname="Philips.PMP.Test.Auto.IheDeviceTest" time="0.007" status="1" />
    <testcase name="ProcessPC01MessageAddMultipleMDS (BBraunDoselinkPlus,MSH|^~\&amp;|PAT_DEVICE_BBRAUN^0012211839000001^EUI-64|BBRAUN|DOC_AM_TEST|BB1|20220523142113+0000||ORU^R01^ORU_R01|63788912473382465025|P|2.6|||AL|NE||ASCII|en^English^ISO639||IHE_PCD_001^IHE PCD^1.3.6.1.4.1.19376.1.6.4.1^ISO&#xD;&#xA;&#x9;&#x9;PID|||Unknown Patient^Unknown Patient||^^^^^^U||||||||||||||||||||||||||Y&#xD;&#xA;&#x9;&#x9;OBR|1|029d53e1-daa3-11ec-8487-c0ee400d168f^PAT_DEVICE_BBRAUN^0012211839000001^EUI-64|029d53e1-daa3-11ec-8487-c0ee400d168f^PAT_DEVICE_BBRAUN^0012211839000001^EUI-64|Dobutamine^Dobutamine|||20220523142039+0000&#xD;&#xA;&#x9;&#x9;OBX|1||70053^MDC_DEV_PUMP_INFUS_SYRINGE_MDS^MDC|1.0.0.0|||||||X|||||||P2449^^0012210000000000^EUI-64&#xD;&#xA;&#x9;&#x9;OBX|2||70054^MDC_DEV_PUMP_INFUS_SYRINGE_VMD^MDC|1.1.0.0|||||||X&#xD;&#xA;&#x9;&#x9;OBX|8||70067^MDC_DEV_PUMP_DELIVERY_INFO^MDC|1.1.1.0|||||||X&#xD;&#xA;&#x9;&#x9;OBX|9|ST|0^MDC_ATTR_PUMP_PILLAR_DETAILS^MDC|1.1.0.24|0^0||||||F|||||||CA1~Rm1~Bed2~Fac1~~~Bldg1~Fl1^^0012210000000000^EUI-64&#xD;&#xA;&#x9;&#x9;OBX|10|NM|158014^MDC_FLOW_FLUID_PUMP_CURRENT^MDC|1.1.1.1|18|265266^MDC_DIM_MILLI_L_PER_HR^MDC^mL/h^mL/h^UCUM|||||R,MSH|^~\&amp;|PAT_DEVICE_BBRAUN^0012211839000001^EUI-64|BBRAUN|DOC_AM_TEST|BB1|20220523142113+0000||ORU^R01^ORU_R01|63788912473382465025|P|2.6|||AL|NE||ASCII|en^English^ISO639||IHE_PCD_001^IHE PCD^1.3.6.1.4.1.19376.1.6.4.1^ISO&#xD;&#xA;&#x9;&#x9;PID|||Unknown Patient^Unknown Patient||^^^^^^U||||||||||||||||||||||||||Y&#xD;&#xA;&#x9;&#x9;OBR|1|029d53e1-daa3-11ec-8487-c0ee400d168f^PAT_DEVICE_BBRAUN^0012211839000001^EUI-64|029d53e1-daa3-11ec-8487-c0ee400d168f^PAT_DEVICE_BBRAUN^0012211839000001^EUI-64|Dobutamine^Dobutamine|||20220523142039+0000&#xD;&#xA;&#x9;&#x9;OBX|1||70053^MDC_DEV_PUMP_INFUS_SYRINGE_MDS^MDC|1.0.0.0|||||||X|||||||P2450^^0012210000000000^EUI-64&#xD;&#xA;&#x9;&#x9;OBX|2||70054^MDC_DEV_PUMP_INFUS_SYRINGE_VMD^MDC|1.1.0.0|||||||X&#xD;&#xA;&#x9;&#x9;OBX|8||70067^MDC_DEV_PUMP_DELIVERY_INFO^MDC|1.1.1.0|||||||X&#xD;&#xA;&#x9;&#x9;OBX|9|ST|0^MDC_ATTR_PUMP_PILLAR_DETAILS^MDC|1.1.0.24|0^0||||||F|||||||CA1~Rm1~Bed2~Fac1~~~Bldg1~Fl1^^0012210000000000^EUI-64&#xD;&#xA;&#x9;&#x9;OBX|10|NM|158014^MDC_FLOW_FLUID_PUMP_CURRENT^MDC|1.1.1.1|18|265266^MDC_DIM_MILLI_L_PER_HR^MDC^mL/h^mL/h^UCUM|||||R,P2449^^0012210000000000^EUI-64,P2450^^0012210000000000^EUI-64)" classname="Philips.PMP.Test.Auto.IheDeviceTest" time="0.004" status="1" />
    <testcase name="ProcessPC01MessageSerialNumber" classname="Philips.PMP.Test.Auto.IheDeviceTest" time="0.002" status="1" />
    <testcase name="IHEDeviceNoDataAlarmTest" classname="Philips.PMP.Test.Auto.IheDeviceTest" time="0.007" status="1" />
    <testcase name="IntelliBridgeIHEDeviceNoDataMdsTest" classname="Philips.PMP.Test.Auto.IheDeviceTest" time="0.151" status="1" />
    <testcase name="IheDeviceAndDataMgrUseSameQueue (CapsuleMDIP)" classname="Philips.PMP.Test.Auto.IheDeviceTest" time="0.073" status="1" />
    <testcase name="IheDeviceAndDataMgrUseSameQueue (BBraunDoselinkPlus)" classname="Philips.PMP.Test.Auto.IheDeviceTest" time="0.029" status="1" />
    <testcase name="IheBBraunDoselinkPlusAlarmCountTest" classname="Philips.PMP.Test.Auto.IheDeviceTest" time="0.006" status="1" />
    <testcase name="IHEDeviceTest (MSH|^~\&amp;|DAS|UMS|||20170601130210+0100||ORU^R01|PCD-01_20170601120210433237|P|2.6|||NE|AL|||EN^English^ISO639||IHE_PCD_001^IHE PCD^1.3.6.1.4.1.19376.1.6.1.1.1^ISO~IHE_PCD_010^IHE PCD^1.3.6.1.4.1.19376.1.6.1.10.1^ISO&#xD;&#xA;&#x9;&#x9;PID|||Bed1^^^AIC^U||Bed1^^^^^^U&#xD;&#xA;&#x9;&#x9;PV1||U|ICU^^Bed1&#xD;&#xA;&#x9;&#x9;OBR|1|ICU@Bed1@Alaris PK@8005-05758^AIC^unitedms.com^DNS|ICU@Bed1@Alaris PK@8005-05758^AIC^unitedms.com^DNS|ICU@Bed1@Alaris PK@8005-05758^Alfentanil|||20170601130206+0100&#xD;&#xA;&#x9;&#x9;OBX|1||69985^MDC_DEV_PUMP_INFUS_MDS^MDC|1.0.0.0|||||||X|||||||Alaris PK@8005-05758@1^AIC^unitedms.com^DNS&#xD;&#xA;&#x9;&#x9;OBX|2||69986^MDC_DEV_PUMP_INFUS_VMD^MDC|1.1.0.0|||||||X&#xD;&#xA;&#x9;&#x9;OBX|3||70067^MDC_DEV_PUMP_INFUS_CHAN_DELIVERY^MDC|1.1.1.0|||||||X&#xD;&#xA;&#x9;&#x9;OBX|4|ST|184508^MDC_PUMP_STAT^MDC|1.1.1.12|pump-status-infusing||||||X&#xD;&#xA;&#x9;&#x9;OBX|5|ST|184512^MDC_PUMP_MODE_CURRENT^MDC|1.1.1.11|pump-mode-continuous||||||X&#xD;&#xA;&#x9;&#x9;OBX|6|NM|157784^MDC_FLOW_FLUID_PUMP^MDC|1.1.1.13|9.18|mL/h^mL/h^UCUM|||||R&#xD;&#xA;&#x9;&#x9;OBX|7|NM|0^MDCX_PUMP_PK_PC^MDC|1.1.1.16|20.0008|ng/mL^ng/mL^UCUM|||||R&#xD;&#xA;&#x9;&#x9;OBX|8|NM|0^MDCX_PUMP_PK_EC^MDC|1.1.1.17|19.9980|ng/mL^ng/mL^UCUM|||||R&#xD;&#xA;&#x9;&#x9;OBX|9|ST|70071^MDC_DEV_PUMP_INFUS_CHAN_PRIMARY^MDC|1.1.2.0|||||||X&#xD;&#xA;&#x9;&#x9;OBX|10|ST|184514^MDC_DRUG_NAME_LABEL^MDC|1.1.2.11|Alfentanil||||||R&#xD;&#xA;&#x9;&#x9;OBX|11|NM|157760^MDC_CONC_DRUG^MDC|1.1.2.12|100.00|mcg/mL^mcg/mL^UCUM|||||R&#xD;&#xA;&#x9;&#x9;OBX|12|NM|157784^MDC_FLOW_FLUID_PUMP^MDC|1.1.2.13|9.18|mL/h^mL/h^UCUM|||||R&#xD;&#xA;&#x9;&#x9;OBX|13|NM|157924^MDC_RATE_DOSE^MDC|1.1.2.14|0.20|mcg/kg/min^mcg/kg/min^UCUM|||||R&#xD;&#xA;&#x9;&#x9;OBX|14|NM|157864^MDC_VOL_FLUID_DELIV^MDC|1.1.2.15|||||||R&#xD;&#xA;&#x9;&#x9;OBX|15|NM|157872^MDC_VOL_FLUID_TBI_REMAIN^MDC|1.1.2.17|||||||R&#xD;&#xA;&#x9;&#x9;OBX|16|NM|157916^MDC_TIME_PD_REMAIN^MDC|1.1.2.18|255|min^min^UCUM|||||R&#xD;&#xA;&#x9;&#x9;OBX|17|NM|68063^MDC_ATTR_PT_WEIGHT^MDC|1.1.2.19|70.00|kg^kg^UCUM|||||R&#xD;&#xA;&#x9;&#x9;OBX|18|ST|0^MDCX_PUMP_PK_DRUGMODEL^MDC|1.1.2.21|Alfentanil_Maitre||||||R&#xD;&#xA;&#x9;&#x9;OBX|19|ST|0^MDCX_PUMP_PK_TARGETMODE^MDC|1.1.2.22|P||||||R&#xD;&#xA;&#x9;&#x9;OBX|20|NM|0^MDCX_PUMP_PK_TARGET^MDC|1.1.2.23|20.0000|ng/mL^ng/mL^UCUM|||||R&#xD;&#xA;&#x9;&#x9;OBX|21|ST|70055^MDC_DEV_PUMP_INFUS_SYRINGE_CHAN^MDC|1.1.4.0|||||||X&#xD;&#xA;&#x9;&#x9;OBX|22|ST|184488^MDC_SYRINGE_MANUFACTURER^MDC|1.1.4.10|IVAC||||||R&#xD;&#xA;&#x9;&#x9;OBX|23|NM|157880^MDC_VOL_SYRINGE^MDC|1.1.4.11|50|mL^mL^UCUM|||||R&#xD;&#xA;&#x9;&#x9;OBR|2|ICU@Bed1@Alaris GH_G@8002-62870^AIC^unitedms.com^DNS|ICU@Bed1@Alaris GH_G@8002-62870^AIC^unitedms.com^DNS|ICU@Bed1@Alaris GH_G@8002-62870^unknown medication|||20170601130206+0100&#xD;&#xA;&#x9;&#x9;OBX|1||69985^MDC_DEV_PUMP_INFUS_MDS^MDC|1.0.0.0|||||||X|||||||Alaris GH_G@8002-62870@1^AIC^unitedms.com^DNS&#xD;&#xA;&#x9;&#x9;OBX|2||69986^MDC_DEV_PUMP_INFUS_VMD^MDC|1.1.0.0|||||||X&#xD;&#xA;&#x9;&#x9;OBX|3||70067^MDC_DEV_PUMP_INFUS_CHAN_DELIVERY^MDC|1.1.1.0|||||||X&#xD;&#xA;&#x9;&#x9;OBX|4|ST|184508^MDC_PUMP_STAT^MDC|1.1.1.12|pump-status-infusing||||||X&#xD;&#xA;&#x9;&#x9;OBX|5|ST|184512^MDC_PUMP_MODE_CURRENT^MDC|1.1.1.11|pump-mode-continuous||||||X&#xD;&#xA;&#x9;&#x9;OBX|6|NM|157784^MDC_FLOW_FLUID_PUMP^MDC|1.1.1.13|9.00|mL/h^mL/h^UCUM|||||R&#xD;&#xA;&#x9;&#x9;OBX|7|ST|70071^MDC_DEV_PUMP_INFUS_CHAN_PRIMARY^MDC|1.1.2.0|||||||X&#xD;&#xA;&#x9;&#x9;OBX|8|ST|184514^MDC_DRUG_NAME_LABEL^MDC|1.1.2.11|Unknown medication||||||R&#xD;&#xA;&#x9;&#x9;OBX|9|NM|157784^MDC_FLOW_FLUID_PUMP^MDC|1.1.2.13|9.00|mL/h^mL/h^UCUM|||||R&#xD;&#xA;&#x9;&#x9;OBX|10|NM|157864^MDC_VOL_FLUID_DELIV^MDC|1.1.2.15|||||||R&#xD;&#xA;&#x9;&#x9;OBX|11|NM|157872^MDC_VOL_FLUID_TBI_REMAIN^MDC|1.1.2.17|||||||R&#xD;&#xA;&#x9;&#x9;OBX|12|NM|157916^MDC_TIME_PD_REMAIN^MDC|1.1.2.18|145|min^min^UCUM|||||R&#xD;&#xA;&#x9;&#x9;OBX|13|ST|70055^MDC_DEV_PUMP_INFUS_SYRINGE_CHAN^MDC|1.1.4.0|||||||X&#xD;&#xA;&#x9;&#x9;OBX|14|ST|184488^MDC_SYRINGE_MANUFACTURER^MDC|1.1.4.10|IVAC||||||R&#xD;&#xA;&#x9;&#x9;OBX|15|NM|157880^MDC_VOL_SYRINGE^MDC|1.1.4.11|50|mL^mL^UCUM|||||R&#xD;&#xA;&#x9;&#x9;OBR|3|ICU@Bed1@Alaris GP@1350-22722^AIC^unitedms.com^DNS|ICU@Bed1@Alaris GP@1350-22722^AIC^unitedms.com^DNS|ICU@Bed1@Alaris GP@1350-22722^unknown medication|||20170601130206+0100&#xD;&#xA;&#x9;&#x9;OBX|1||69985^MDC_DEV_PUMP_INFUS_MDS^MDC|1.0.0.0|||||||X|||||||Alaris GP@1350-22722@1^AIC^unitedms.com^DNS&#xD;&#xA;&#x9;&#x9;OBX|2||69986^MDC_DEV_PUMP_INFUS_VMD^MDC|1.1.0.0|||||||X&#xD;&#xA;&#x9;&#x9;OBX|3||70067^MDC_DEV_PUMP_INFUS_CHAN_DELIVERY^MDC|1.1.1.0|||||||X&#xD;&#xA;&#x9;&#x9;OBX|4|ST|184508^MDC_PUMP_STAT^MDC|1.1.1.12|pump-status-infusing||||||X&#xD;&#xA;&#x9;&#x9;OBX|5|ST|184512^MDC_PUMP_MODE_CURRENT^MDC|1.1.1.11|pump-mode-continuous||||||X&#xD;&#xA;&#x9;&#x9;OBX|6|NM|157784^MDC_FLOW_FLUID_PUMP^MDC|1.1.1.13|3.60|mL/h^mL/h^UCUM|||||R&#xD;&#xA;&#x9;&#x9;OBX|7|NM|0^MDCX_PUMP_DELIVERY_PRESSURE^MDC|1.1.1.15|0|mm[Hg]^mm[Hg]^UCUM|||||R&#xD;&#xA;&#x9;&#x9;OBX|8|ST|70071^MDC_DEV_PUMP_INFUS_CHAN_PRIMARY^MDC|1.1.2.0|||||||X&#xD;&#xA;&#x9;&#x9;OBX|9|ST|184514^MDC_DRUG_NAME_LABEL^MDC|1.1.2.11|Unknown medication||||||R&#xD;&#xA;&#x9;&#x9;OBX|10|NM|157784^MDC_FLOW_FLUID_PUMP^MDC|1.1.2.13|3.60|mL/h^mL/h^UCUM|||||R&#xD;&#xA;&#x9;&#x9;OBX|11|NM|157924^MDC_RATE_DOSE^MDC|1.1.2.14|0.50|mcg/kg/h^mcg/kg/h^UCUM|||||R&#xD;&#xA;&#x9;&#x9;OBX|12|NM|157864^MDC_VOL_FLUID_DELIV^MDC|1.1.2.15|||||||R&#xD;&#xA;&#x9;&#x9;OBX|13|NM|157872^MDC_VOL_FLUID_TBI_REMAIN^MDC|1.1.2.17|677.91|mL^mL^UCUM|||||R&#xD;&#xA;&#x9;&#x9;OBX|14|NM|157916^MDC_TIME_PD_REMAIN^MDC|1.1.2.18|24+|min^min^UCUM|||||R&#xD;&#xA;&#x9;&#x9;OBX|15|NM|68063^MDC_ATTR_PT_WEIGHT^MDC|1.1.2.19|90.000|kg^kg^UCUM|||||R&#xD;&#xA;&#x9;&#x9;OBX|16|ST|70055^MDC_DEV_PUMP_INFUS_SYRINGE_CHAN^MDC|1.1.4.0|||||||X&#xD;&#xA;&#x9;&#x9;OBR|4|ICU@Bed1@Alaris CC@8003-50738^AIC^unitedms.com^DNS|ICU@Bed1@Alaris CC@8003-50738^AIC^unitedms.com^DNS|ICU@Bed1@Alaris CC@8003-50738^unknown medication|||20170601130206+0100&#xD;&#xA;&#x9;&#x9;OBX|1||69985^MDC_DEV_PUMP_INFUS_MDS^MDC|1.0.0.0|||||||X|||||||Alaris CC@8003-50738@1^AIC^unitedms.com^DNS&#xD;&#xA;&#x9;&#x9;OBX|2||69986^MDC_DEV_PUMP_INFUS_VMD^MDC|1.1.0.0|||||||X&#xD;&#xA;&#x9;&#x9;OBX|3||70067^MDC_DEV_PUMP_INFUS_CHAN_DELIVERY^MDC|1.1.1.0|||||||X&#xD;&#xA;&#x9;&#x9;OBX|4|ST|184508^MDC_PUMP_STAT^MDC|1.1.1.12|pump-status-infusing||||||X&#xD;&#xA;&#x9;&#x9;OBX|5|ST|184512^MDC_PUMP_MODE_CURRENT^MDC|1.1.1.11|pump-mode-continuous||||||X&#xD;&#xA;&#x9;&#x9;OBX|6|NM|157784^MDC_FLOW_FLUID_PUMP^MDC|1.1.1.13|0.90|mL/h^mL/h^UCUM|||||R&#xD;&#xA;&#x9;&#x9;OBX|7|NM|0^MDCX_PUMP_DELIVERY_PRESSURE^MDC|1.1.1.15|0|mm[Hg]^mm[Hg]^UCUM|||||R&#xD;&#xA;&#x9;&#x9;OBX|8|ST|70071^MDC_DEV_PUMP_INFUS_CHAN_PRIMARY^MDC|1.1.2.0|||||||X&#xD;&#xA;&#x9;&#x9;OBX|9|ST|184514^MDC_DRUG_NAME_LABEL^MDC|1.1.2.11|Unknown medication||||||R&#xD;&#xA;&#x9;&#x9;OBX|10|NM|157784^MDC_FLOW_FLUID_PUMP^MDC|1.1.2.13|0.90|mL/h^mL/h^UCUM|||||R&#xD;&#xA;&#x9;&#x9;OBX|11|NM|157924^MDC_RATE_DOSE^MDC|1.1.2.14|15.00|mcg/kg/min^mcg/kg/min^UCUM|||||R&#xD;&#xA;&#x9;&#x9;OBX|12|NM|157864^MDC_VOL_FLUID_DELIV^MDC|1.1.2.15|||||||R&#xD;&#xA;&#x9;&#x9;OBX|13|NM|157872^MDC_VOL_FLUID_TBI_REMAIN^MDC|1.1.2.17|||||||R&#xD;&#xA;&#x9;&#x9;OBX|14|NM|157916^MDC_TIME_PD_REMAIN^MDC|1.1.2.18|917|min^min^UCUM|||||R&#xD;&#xA;&#x9;&#x9;OBX|15|NM|68063^MDC_ATTR_PT_WEIGHT^MDC|1.1.2.19|1.00|kg^kg^UCUM|||||R&#xD;&#xA;&#x9;&#x9;OBX|16|ST|70055^MDC_DEV_PUMP_INFUS_SYRINGE_CHAN^MDC|1.1.4.0|||||||X&#xD;&#xA;&#x9;&#x9;OBX|17|ST|184488^MDC_SYRINGE_MANUFACTURER^MDC|1.1.4.10|IVAC||||||R&#xD;&#xA;&#x9;&#x9;OBX|18|NM|157880^MDC_VOL_SYRINGE^MDC|1.1.4.11|50|mL^mL^UCUM|||||R&#xD;&#xA;&#x9;&#x9;OBR|5|ICU@Bed1@Alaris GH_G@8002-47523^AIC^unitedms.com^DNS|ICU@Bed1@Alaris GH_G@8002-47523^AIC^unitedms.com^DNS|ICU@Bed1@Alaris GH_G@8002-47523^unknown medication|||20170601130206+0100&#xD;&#xA;&#x9;&#x9;OBX|1||69985^MDC_DEV_PUMP_INFUS_MDS^MDC|1.0.0.0|||||||X|||||||Alaris GH_G@8002-47523@1^AIC^unitedms.com^DNS&#xD;&#xA;&#x9;&#x9;OBX|2||69986^MDC_DEV_PUMP_INFUS_VMD^MDC|1.1.0.0|||||||X&#xD;&#xA;&#x9;&#x9;OBX|3||70067^MDC_DEV_PUMP_INFUS_CHAN_DELIVERY^MDC|1.1.1.0|||||||X&#xD;&#xA;&#x9;&#x9;OBX|4|ST|184508^MDC_PUMP_STAT^MDC|1.1.1.12|pump-status-infusing||||||X&#xD;&#xA;&#x9;&#x9;OBX|5|ST|184512^MDC_PUMP_MODE_CURRENT^MDC|1.1.1.11|pump-mode-continuous||||||X&#xD;&#xA;&#x9;&#x9;OBX|6|NM|157784^MDC_FLOW_FLUID_PUMP^MDC|1.1.1.13|30.00|mL/h^mL/h^UCUM|||||R&#xD;&#xA;&#x9;&#x9;OBX|7|ST|70071^MDC_DEV_PUMP_INFUS_CHAN_PRIMARY^MDC|1.1.2.0|||||||X&#xD;&#xA;&#x9;&#x9;OBX|8|ST|184514^MDC_DRUG_NAME_LABEL^MDC|1.1.2.11|Unknown medication||||||R&#xD;&#xA;&#x9;&#x9;OBX|9|NM|157784^MDC_FLOW_FLUID_PUMP^MDC|1.1.2.13|30.00|mL/h^mL/h^UCUM|||||R&#xD;&#xA;&#x9;&#x9;OBX|10|NM|157864^MDC_VOL_FLUID_DELIV^MDC|1.1.2.15|||||||R&#xD;&#xA;&#x9;&#x9;OBX|11|NM|157872^MDC_VOL_FLUID_TBI_REMAIN^MDC|1.1.2.17|||||||R&#xD;&#xA;&#x9;&#x9;OBX|12|NM|157916^MDC_TIME_PD_REMAIN^MDC|1.1.2.18|5|min^min^UCUM|||||R&#xD;&#xA;&#x9;&#x9;OBX|13|ST|70055^MDC_DEV_PUMP_INFUS_SYRINGE_CHAN^MDC|1.1.4.0|||||||X&#xD;&#xA;&#x9;&#x9;OBX|14|ST|184488^MDC_SYRINGE_MANUFACTURER^MDC|1.1.4.10|BD PLASTIPAK||||||R&#xD;&#xA;&#x9;&#x9;OBX|15|NM|157880^MDC_VOL_SYRINGE^MDC|1.1.4.11|50|mL^mL^UCUM|||||R&#xD;&#xA;&#x9;&#x9;OBR|6|ICU@Bed1@Alaris GW@4443^AIC^unitedms.com^DNS|ICU@Bed1@Alaris GW@4443^AIC^unitedms.com^DNS|ICU@Bed1@Alaris GW@4443^unknown medication|||20170601130206+0100&#xD;&#xA;&#x9;&#x9;OBX|1||69985^MDC_DEV_PUMP_INFUS_MDS^MDC|1.0.0.0|||||||X|||||||Alaris GW@4443@1^AIC^unitedms.com^DNS&#xD;&#xA;&#x9;&#x9;OBX|2||69986^MDC_DEV_PUMP_INFUS_VMD^MDC|1.1.0.0|||||||X&#xD;&#xA;&#x9;&#x9;OBX|3||70067^MDC_DEV_PUMP_INFUS_CHAN_DELIVERY^MDC|1.1.1.0|||||||X&#xD;&#xA;&#x9;&#x9;OBX|4|ST|184508^MDC_PUMP_STAT^MDC|1.1.1.12|pump-status-infusing||||||X&#xD;&#xA;&#x9;&#x9;OBX|5|ST|184512^MDC_PUMP_MODE_CURRENT^MDC|1.1.1.11|pump-mode-continuous||||||X&#xD;&#xA;&#x9;&#x9;OBX|6|NM|157784^MDC_FLOW_FLUID_PUMP^MDC|1.1.1.13|7.0|mL/h^mL/h^UCUM|||||R&#xD;&#xA;&#x9;&#x9;OBX|7|NM|0^MDCX_PUMP_DELIVERY_PRESSURE^MDC|1.1.1.15|38|mm[Hg]^mm[Hg]^UCUM|||||R&#xD;&#xA;&#x9;&#x9;OBX|8|ST|70071^MDC_DEV_PUMP_INFUS_CHAN_PRIMARY^MDC|1.1.2.0|||||||X&#xD;&#xA;&#x9;&#x9;OBX|9|ST|184514^MDC_DRUG_NAME_LABEL^MDC|1.1.2.11|Unknown medication||||||R&#xD;&#xA;&#x9;&#x9;OBX|10|NM|157784^MDC_FLOW_FLUID_PUMP^MDC|1.1.2.13|7.0|mL/h^mL/h^UCUM|||||R&#xD;&#xA;&#x9;&#x9;OBX|11|NM|157864^MDC_VOL_FLUID_DELIV^MDC|1.1.2.15|||||||R&#xD;&#xA;&#x9;&#x9;OBX|12|NM|157872^MDC_VOL_FLUID_TBI_REMAIN^MDC|1.1.2.17|43.7|mL^mL^UCUM|||||R&#xD;&#xA;&#x9;&#x9;OBX|13|NM|157916^MDC_TIME_PD_REMAIN^MDC|1.1.2.18|375|min^min^UCUM|||||R&#xD;&#xA;&#x9;&#x9;OBX|14|ST|70055^MDC_DEV_PUMP_INFUS_SYRINGE_CHAN^MDC|1.1.4.0|||||||X&#xD;&#xA;&#x9;&#x9;OBR|7|ICU@Bed1@Alaris CC_G@8004-04787^AIC^unitedms.com^DNS|ICU@Bed1@Alaris CC_G@8004-04787^AIC^unitedms.com^DNS|ICU@Bed1@Alaris CC_G@8004-04787^Dobutamine|||20170601130206+0100&#xD;&#xA;&#x9;&#x9;OBX|1||69985^MDC_DEV_PUMP_INFUS_MDS^MDC|1.0.0.0|||||||X|||||||Alaris CC_G@8004-04787@1^AIC^unitedms.com^DNS&#xD;&#xA;&#x9;&#x9;OBX|2||69986^MDC_DEV_PUMP_INFUS_VMD^MDC|1.1.0.0|||||||X&#xD;&#xA;&#x9;&#x9;OBX|3||70067^MDC_DEV_PUMP_INFUS_CHAN_DELIVERY^MDC|1.1.1.0|||||||X&#xD;&#xA;&#x9;&#x9;OBX|4|ST|184508^MDC_PUMP_STAT^MDC|1.1.1.12|pump-status-infusing||||||X&#xD;&#xA;&#x9;&#x9;OBX|5|ST|184512^MDC_PUMP_MODE_CURRENT^MDC|1.1.1.11|pump-mode-continuous||||||X&#xD;&#xA;&#x9;&#x9;OBX|6|NM|157784^MDC_FLOW_FLUID_PUMP^MDC|1.1.1.13|2.52|mL/h^mL/h^UCUM|||||R&#xD;&#xA;&#x9;&#x9;OBX|7|NM|0^MDCX_PUMP_DELIVERY_PRESSURE^MDC|1.1.1.15|0|mm[Hg]^mm[Hg]^UCUM|||||R&#xD;&#xA;&#x9;&#x9;OBX|8|ST|70071^MDC_DEV_PUMP_INFUS_CHAN_PRIMARY^MDC|1.1.2.0|||||||X&#xD;&#xA;&#x9;&#x9;OBX|9|ST|184514^MDC_DRUG_NAME_LABEL^MDC|1.1.2.11|Dobutamine||||||R&#xD;&#xA;&#x9;&#x9;OBX|10|NM|157760^MDC_CONC_DRUG^MDC|1.1.2.12|5.00|mg/mL^mg/mL^UCUM|||||R&#xD;&#xA;&#x9;&#x9;OBX|11|NM|157784^MDC_FLOW_FLUID_PUMP^MDC|1.1.2.13|2.52|mL/h^mL/h^UCUM|||||R&#xD;&#xA;&#x9;&#x9;OBX|12|NM|157924^MDC_RATE_DOSE^MDC|1.1.2.14|3.00|mcg/kg/min^mcg/kg/min^UCUM|||||R&#xD;&#xA;&#x9;&#x9;OBX|13|NM|157864^MDC_VOL_FLUID_DELIV^MDC|1.1.2.15|||||||R&#xD;&#xA;&#x9;&#x9;OBX|14|NM|157872^MDC_VOL_FLUID_TBI_REMAIN^MDC|1.1.2.17|||||||R&#xD;&#xA;&#x9;&#x9;OBX|15|NM|157916^MDC_TIME_PD_REMAIN^MDC|1.1.2.18|768|min^min^UCUM|||||R&#xD;&#xA;&#x9;&#x9;OBX|16|NM|68063^MDC_ATTR_PT_WEIGHT^MDC|1.1.2.19|70.00|kg^kg^UCUM|||||R&#xD;&#xA;&#x9;&#x9;OBX|17|ST|70055^MDC_DEV_PUMP_INFUS_SYRINGE_CHAN^MDC|1.1.4.0|||||||X&#xD;&#xA;&#x9;&#x9;OBX|18|ST|184488^MDC_SYRINGE_MANUFACTURER^MDC|1.1.4.10|BD PLASTIPAK||||||R&#xD;&#xA;&#x9;&#x9;OBX|19|NM|157880^MDC_VOL_SYRINGE^MDC|1.1.4.11|50|mL^mL^UCUM|||||R&#xD;&#xA;&#x9;&#x9;OBR|8|ICU@Bed1@Alaris CC_G@8003-13775^AIC^unitedms.com^DNS|ICU@Bed1@Alaris CC_G@8003-13775^AIC^unitedms.com^DNS|ICU@Bed1@Alaris CC_G@8003-13775^Fentanyl|||20170601130206+0100&#xD;&#xA;&#x9;&#x9;OBX|1||69985^MDC_DEV_PUMP_INFUS_MDS^MDC|1.0.0.0|||||||X|||||||Alaris CC_G@8003-13775@1^AIC^unitedms.com^DNS&#xD;&#xA;&#x9;&#x9;OBX|2||69986^MDC_DEV_PUMP_INFUS_VMD^MDC|1.1.0.0|||||||X&#xD;&#xA;&#x9;&#x9;OBX|3||70067^MDC_DEV_PUMP_INFUS_CHAN_DELIVERY^MDC|1.1.1.0|||||||X&#xD;&#xA;&#x9;&#x9;OBX|4|ST|184508^MDC_PUMP_STAT^MDC|1.1.1.12|pump-status-infusing||||||X&#xD;&#xA;&#x9;&#x9;OBX|5|ST|184512^MDC_PUMP_MODE_CURRENT^MDC|1.1.1.11|pump-mode-continuous||||||X&#xD;&#xA;&#x9;&#x9;OBX|6|NM|157784^MDC_FLOW_FLUID_PUMP^MDC|1.1.1.13|1.00|mL/h^mL/h^UCUM|||||R&#xD;&#xA;&#x9;&#x9;OBX|7|NM|0^MDCX_PUMP_DELIVERY_PRESSURE^MDC|1.1.1.15|0|mm[Hg]^mm[Hg]^UCUM|||||R&#xD;&#xA;&#x9;&#x9;OBX|8|ST|70071^MDC_DEV_PUMP_INFUS_CHAN_PRIMARY^MDC|1.1.2.0|||||||X&#xD;&#xA;&#x9;&#x9;OBX|9|ST|184514^MDC_DRUG_NAME_LABEL^MDC|1.1.2.11|Fentanyl||||||R&#xD;&#xA;&#x9;&#x9;OBX|10|NM|157760^MDC_CONC_DRUG^MDC|1.1.2.12|50.00|mcg/mL^mcg/mL^UCUM|||||R&#xD;&#xA;&#x9;&#x9;OBX|11|NM|157784^MDC_FLOW_FLUID_PUMP^MDC|1.1.2.13|1.00|mL/h^mL/h^UCUM|||||R&#xD;&#xA;&#x9;&#x9;OBX|12|NM|157924^MDC_RATE_DOSE^MDC|1.1.2.14|50.00|mcg/h^mcg/h^UCUM|||||R&#xD;&#xA;&#x9;&#x9;OBX|13|NM|157864^MDC_VOL_FLUID_DELIV^MDC|1.1.2.15|||||||R&#xD;&#xA;&#x9;&#x9;OBX|14|NM|157872^MDC_VOL_FLUID_TBI_REMAIN^MDC|1.1.2.17|||||||R&#xD;&#xA;&#x9;&#x9;OBX|15|NM|157916^MDC_TIME_PD_REMAIN^MDC|1.1.2.18|24+|min^min^UCUM|||||R&#xD;&#xA;&#x9;&#x9;OBX|16|ST|70055^MDC_DEV_PUMP_INFUS_SYRINGE_CHAN^MDC|1.1.4.0|||||||X&#xD;&#xA;&#x9;&#x9;OBX|17|ST|184488^MDC_SYRINGE_MANUFACTURER^MDC|1.1.4.10|BD PLASTIPAK||||||R&#xD;&#xA;&#x9;&#x9;OBX|18|NM|157880^MDC_VOL_SYRINGE^MDC|1.1.4.11|50|mL^mL^UCUM|||||R&#xD;&#xA;&#x9;&#x9;,True,8)" classname="Philips.PMP.Test.Auto.IheDeviceTest" time="0.031" status="1" />
    <testcase name="IHEDeviceTest (MSH|^~\&amp;|CONNECT|UMS|||20220615092912+0200||ORU^R01^ORU_R01|PCD-01_20220615072912832731|P|2.6|||AL|NE|||EN^English^ISO639||IHE_PCD_001^IHE PCD^1.3.6.1.4.1.19376.1.6.1.1.1^ISO&#xD;&#xA;&#x9;&#x9;PID|||Bed5^^^AIC^U||Bed5^^^^^^U&#xD;&#xA;&#x9;&#x9;PV1||U|{PV13Location}&#xD;&#xA;&#x9;&#x9;OBR|1|ICU@Bed5@Alaris PK@8005-05760^AIC^ascom.com^DNS|ICU@Bed5@Alaris PK@8005-05760^AIC^ascom.com^DNS|ICU@Bed5@Alaris PK@8005-05760^Alfentanil|||20220615092911.184+0200&#xD;&#xA;&#x9;&#x9;OBX|1||69985^MDC_DEV_PUMP_INFUS_MDS^MDC|1.0.0.0|||||||X|||||||Alaris PK@8005-05760@1^AIC^ascom.com^DNS&#xD;&#xA;&#x9;&#x9;OBX|2||69986^MDC_DEV_PUMP_INFUS_VMD^MDC|1.1.0.0|||||||X&#xD;&#xA;&#x9;&#x9;OBX|3|CWE|188772^MDC_COMM_STATUS^MDC|1.1.0.1|^comm-status-online^MDC||||||X&#xD;&#xA;&#x9;&#x9;OBX|4||126978^MDC_DEV_PUMP_INFUS_CHAN_DELIVERY^MDC|1.1.1.0|||||||X&#xD;&#xA;&#x9;&#x9;OBX|5|CWE|184504^MDC_PUMP_MODE^MDC|1.1.1.11|^pump-mode-continuous^MDC||||||R&#xD;&#xA;&#x9;&#x9;OBX|6|CWE|184519^MDC_PUMP_INFUSING_STATUS^MDC|1.1.1.12|^pump-status-infusing^MDC||||||R&#xD;&#xA;&#x9;&#x9;OBX|7|NM|157784^MDC_FLOW_FLUID_PUMP^MDC|1.1.1.13|7.20|mL/h^mL/h^UCUM|||||R&#xD;&#xA;&#x9;&#x9;OBX|8|NM|157993^MDC_VOL_FLUID_DELIV_TOTAL^MDC|1.1.1.14|7.744|mL^mL^UCUM|||||R&#xD;&#xA;&#x9;&#x9;OBX|9|NM|0^MDCX_PUMP_PK_PC^MDC|1.1.1.16|19.9986|ng/mL^ng/mL^UCUM|||||R&#xD;&#xA;&#x9;&#x9;OBX|10|NM|0^MDCX_PUMP_PK_EC^MDC|1.1.1.17|19.9990|ng/mL^ng/mL^UCUM|||||R&#xD;&#xA;&#x9;&#x9;OBX|11|CWE|0^MDC_DEV_PUMP_ACTIVE_SOURCES^MDC|1.1.1.18|^pump-source-info-primary^MDC||||||R&#xD;&#xA;&#x9;&#x9;OBX|12||126977^MDC_DEV_PUMP_INFUS_CHAN_SOURCE^MDC|1.1.2.0|||||||X&#xD;&#xA;&#x9;&#x9;OBX|13|ST|184514^MDC_DRUG_NAME_LABEL^MDC|1.1.2.11|Alfentanil||||||R&#xD;&#xA;&#x9;&#x9;OBX|14|NM|157760^MDC_CONC_DRUG^MDC|1.1.2.12|100.00|mcg/mL^mcg/mL^UCUM|||||R&#xD;&#xA;&#x9;&#x9;OBX|15|NM|157784^MDC_FLOW_FLUID_PUMP^MDC|1.1.2.13|7.20|mL/h^mL/h^UCUM|||||R&#xD;&#xA;&#x9;&#x9;OBX|16|NM|157924^MDC_RATE_DOSE^MDC|1.1.2.14|0.17|mcg/kg/min^mcg/kg/min^UCUM|||||R&#xD;&#xA;&#x9;&#x9;OBX|17|NM|157864^MDC_VOL_FLUID_DELIV^MDC|1.1.2.15|0.020|mL^mL^UCUM|||||R&#xD;&#xA;&#x9;&#x9;OBX|18|NM|157993^MDC_VOL_FLUID_DELIV_TOTAL^MDC|1.1.2.16|7.744|mL^mL^UCUM|||||R&#xD;&#xA;&#x9;&#x9;OBX|19|NM|157872^MDC_VOL_FLUID_TBI_REMAIN^MDC|1.1.2.17||mL^mL^UCUM|||||X&#xD;&#xA;&#x9;&#x9;OBX|20|NM|157916^MDC_TIME_PD_REMAIN^MDC|1.1.2.18|316|min^min^UCUM|||||R&#xD;&#xA;&#x9;&#x9;OBX|21|NM|68063^MDC_ATTR_PT_WEIGHT^MDC|1.1.2.19|70.00|kg^kg^UCUM|||||R&#xD;&#xA;&#x9;&#x9;OBX|22|ST|0^MDCX_PUMP_PK_DRUGMODEL^MDC|1.1.2.21|Alfentanil_Maitre||||||R&#xD;&#xA;&#x9;&#x9;OBX|23|ST|0^MDCX_PUMP_PK_TARGETMODE^MDC|1.1.2.22|P||||||R&#xD;&#xA;&#x9;&#x9;OBX|24|NM|0^MDCX_PUMP_PK_TARGET^MDC|1.1.2.23|20.0000|ng/mL^ng/mL^UCUM|||||R&#xD;&#xA;&#x9;&#x9;OBX|25|ST|70055^MDC_DEV_PUMP_INFUS_SYRINGE_CHAN^MDC|1.1.4.0|||||||X&#xD;&#xA;&#x9;&#x9;OBX|26|ST|184488^MDC_SYRINGE_MANUFACTURER^MDC|1.1.4.10|IVAC||||||R&#xD;&#xA;&#x9;&#x9;OBX|27|NM|157880^MDC_VOL_SYRINGE^MDC|1.1.4.11|50|mL^mL^UCUM|||||R&#xD;&#xA;&#x9;&#x9;OBR|2|ICU@Bed5@Alaris GH_G@8002-62872^AIC^ascom.com^DNS|ICU@Bed5@Alaris GH_G@8002-62872^AIC^ascom.com^DNS|ICU@Bed5@Alaris GH_G@8002-62872^unknown medication|||20220615092911.184+0200&#xD;&#xA;&#x9;&#x9;OBX|1||69985^MDC_DEV_PUMP_INFUS_MDS^MDC|1.0.0.0|||||||X|||||||Alaris GH_G@8002-62872@1^AIC^ascom.com^DNS&#xD;&#xA;&#x9;&#x9;OBX|2||69986^MDC_DEV_PUMP_INFUS_VMD^MDC|1.1.0.0|||||||X&#xD;&#xA;&#x9;&#x9;OBX|3|CWE|188772^MDC_COMM_STATUS^MDC|1.1.0.1|^comm-status-online^MDC||||||X&#xD;&#xA;&#x9;&#x9;OBX|4||126978^MDC_DEV_PUMP_INFUS_CHAN_DELIVERY^MDC|1.1.1.0|||||||X&#xD;&#xA;&#x9;&#x9;OBX|5|CWE|184504^MDC_PUMP_MODE^MDC|1.1.1.11|^pump-mode-continuous^MDC||||||R&#xD;&#xA;&#x9;&#x9;OBX|6|CWE|184519^MDC_PUMP_INFUSING_STATUS^MDC|1.1.1.12|^pump-status-infusing^MDC||||||R&#xD;&#xA;&#x9;&#x9;OBX|7|NM|157784^MDC_FLOW_FLUID_PUMP^MDC|1.1.1.13|9.00|mL/h^mL/h^UCUM|||||R&#xD;&#xA;&#x9;&#x9;OBX|8|NM|157993^MDC_VOL_FLUID_DELIV_TOTAL^MDC|1.1.1.14|102.969|mL^mL^UCUM|||||R&#xD;&#xA;&#x9;&#x9;OBX|9|CWE|0^MDC_DEV_PUMP_ACTIVE_SOURCES^MDC|1.1.1.18|^pump-source-info-primary^MDC||||||R&#xD;&#xA;&#x9;&#x9;OBX|10||126977^MDC_DEV_PUMP_INFUS_CHAN_SOURCE^MDC|1.1.2.0|||||||X&#xD;&#xA;&#x9;&#x9;OBX|11|ST|184514^MDC_DRUG_NAME_LABEL^MDC|1.1.2.11|Unknown medication||||||R&#xD;&#xA;&#x9;&#x9;OBX|12|NM|157784^MDC_FLOW_FLUID_PUMP^MDC|1.1.2.13|9.00|mL/h^mL/h^UCUM|||||R&#xD;&#xA;&#x9;&#x9;OBX|13|NM|157864^MDC_VOL_FLUID_DELIV^MDC|1.1.2.15|0.013|mL^mL^UCUM|||||R&#xD;&#xA;&#x9;&#x9;OBX|14|NM|157993^MDC_VOL_FLUID_DELIV_TOTAL^MDC|1.1.2.16|102.969|mL^mL^UCUM|||||R&#xD;&#xA;&#x9;&#x9;OBX|15|NM|157872^MDC_VOL_FLUID_TBI_REMAIN^MDC|1.1.2.17||mL^mL^UCUM|||||X&#xD;&#xA;&#x9;&#x9;OBX|16|NM|157916^MDC_TIME_PD_REMAIN^MDC|1.1.2.18|137|min^min^UCUM|||||R&#xD;&#xA;&#x9;&#x9;OBX|17|ST|70055^MDC_DEV_PUMP_INFUS_SYRINGE_CHAN^MDC|1.1.4.0|||||||X&#xD;&#xA;&#x9;&#x9;OBX|18|ST|184488^MDC_SYRINGE_MANUFACTURER^MDC|1.1.4.10|IVAC||||||R&#xD;&#xA;&#x9;&#x9;OBX|19|NM|157880^MDC_VOL_SYRINGE^MDC|1.1.4.11|50|mL^mL^UCUM|||||R&#xD;&#xA;&#x9;&#x9;OBR|3|ICU@Bed5@Alaris GP@1350-22724^AIC^ascom.com^DNS|ICU@Bed5@Alaris GP@1350-22724^AIC^ascom.com^DNS|ICU@Bed5@Alaris GP@1350-22724^unknown medication|||20220615092911.184+0200&#xD;&#xA;&#x9;&#x9;OBX|1||69985^MDC_DEV_PUMP_INFUS_MDS^MDC|1.0.0.0|||||||X|||||||Alaris GP@1350-22724@1^AIC^ascom.com^DNS&#xD;&#xA;&#x9;&#x9;OBX|2||69986^MDC_DEV_PUMP_INFUS_VMD^MDC|1.1.0.0|||||||X&#xD;&#xA;&#x9;&#x9;OBX|3|CWE|188772^MDC_COMM_STATUS^MDC|1.1.0.1|^comm-status-online^MDC||||||X&#xD;&#xA;&#x9;&#x9;OBX|4||126978^MDC_DEV_PUMP_INFUS_CHAN_DELIVERY^MDC|1.1.1.0|||||||X&#xD;&#xA;&#x9;&#x9;OBX|5|CWE|184504^MDC_PUMP_MODE^MDC|1.1.1.11|^pump-mode-continuous^MDC||||||R&#xD;&#xA;&#x9;&#x9;OBX|6|CWE|184519^MDC_PUMP_INFUSING_STATUS^MDC|1.1.1.12|^pump-status-infusing^MDC||||||R&#xD;&#xA;&#x9;&#x9;OBX|7|NM|157784^MDC_FLOW_FLUID_PUMP^MDC|1.1.1.13|3.60|mL/h^mL/h^UCUM|||||R&#xD;&#xA;&#x9;&#x9;OBX|8|NM|157993^MDC_VOL_FLUID_DELIV_TOTAL^MDC|1.1.1.14|22.61|mL^mL^UCUM|||||R&#xD;&#xA;&#x9;&#x9;OBX|9|NM|0^MDCX_PUMP_DELIVERY_PRESSURE^MDC|1.1.1.15|0|[aU]^[aU]^UCUM|||||R&#xD;&#xA;&#x9;&#x9;OBX|10|CWE|0^MDC_DEV_PUMP_ACTIVE_SOURCES^MDC|1.1.1.18|^pump-source-info-primary^MDC||||||R&#xD;&#xA;&#x9;&#x9;OBX|11||126977^MDC_DEV_PUMP_INFUS_CHAN_SOURCE^MDC|1.1.2.0|||||||X&#xD;&#xA;&#x9;&#x9;OBX|12|ST|184514^MDC_DRUG_NAME_LABEL^MDC|1.1.2.11|Unknown medication||||||R&#xD;&#xA;&#x9;&#x9;OBX|13|NM|157784^MDC_FLOW_FLUID_PUMP^MDC|1.1.2.13|3.60|mL/h^mL/h^UCUM|||||R&#xD;&#xA;&#x9;&#x9;OBX|14|NM|157924^MDC_RATE_DOSE^MDC|1.1.2.14|0.50|mcg/kg/h^mcg/kg/h^UCUM|||||R&#xD;&#xA;&#x9;&#x9;OBX|15|NM|157864^MDC_VOL_FLUID_DELIV^MDC|1.1.2.15|0.01|mL^mL^UCUM|||||R&#xD;&#xA;&#x9;&#x9;OBX|16|NM|157993^MDC_VOL_FLUID_DELIV_TOTAL^MDC|1.1.2.16|22.61|mL^mL^UCUM|||||R&#xD;&#xA;&#x9;&#x9;OBX|17|NM|157872^MDC_VOL_FLUID_TBI_REMAIN^MDC|1.1.2.17|677.38|mL^mL^UCUM|||||R&#xD;&#xA;&#x9;&#x9;OBX|18|NM|157916^MDC_TIME_PD_REMAIN^MDC|1.1.2.18|1440|min^min^UCUM|||||R&#xD;&#xA;&#x9;&#x9;OBX|19|NM|68063^MDC_ATTR_PT_WEIGHT^MDC|1.1.2.19|90.000|kg^kg^UCUM|||||R&#xD;&#xA;&#x9;&#x9;OBX|20|ST|70055^MDC_DEV_PUMP_INFUS_SYRINGE_CHAN^MDC|1.1.4.0|||||||X&#xD;&#xA;&#x9;&#x9;OBR|4|ICU@Bed5@Alaris CC@8003-50740^AIC^ascom.com^DNS|ICU@Bed5@Alaris CC@8003-50740^AIC^ascom.com^DNS|ICU@Bed5@Alaris CC@8003-50740^unknown medication|||20220615092911.184+0200&#xD;&#xA;&#x9;&#x9;OBX|1||69985^MDC_DEV_PUMP_INFUS_MDS^MDC|1.0.0.0|||||||X|||||||Alaris CC@8003-50740@1^AIC^ascom.com^DNS&#xD;&#xA;&#x9;&#x9;OBX|2||69986^MDC_DEV_PUMP_INFUS_VMD^MDC|1.1.0.0|||||||X&#xD;&#xA;&#x9;&#x9;OBX|3|CWE|188772^MDC_COMM_STATUS^MDC|1.1.0.1|^comm-status-online^MDC||||||X&#xD;&#xA;&#x9;&#x9;OBX|4||126978^MDC_DEV_PUMP_INFUS_CHAN_DELIVERY^MDC|1.1.1.0|||||||X&#xD;&#xA;&#x9;&#x9;OBX|5|CWE|184504^MDC_PUMP_MODE^MDC|1.1.1.11|^pump-mode-continuous^MDC||||||R&#xD;&#xA;&#x9;&#x9;OBX|6|CWE|184519^MDC_PUMP_INFUSING_STATUS^MDC|1.1.1.12|^pump-status-infusing^MDC||||||R&#xD;&#xA;&#x9;&#x9;OBX|7|NM|157784^MDC_FLOW_FLUID_PUMP^MDC|1.1.1.13|1.20|mL/h^mL/h^UCUM|||||R&#xD;&#xA;&#x9;&#x9;OBX|8|NM|157993^MDC_VOL_FLUID_DELIV_TOTAL^MDC|1.1.1.14|201.798|mL^mL^UCUM|||||R&#xD;&#xA;&#x9;&#x9;OBX|9|NM|0^MDCX_PUMP_DELIVERY_PRESSURE^MDC|1.1.1.15|0|mm[Hg]^mm[Hg]^UCUM|||||R&#xD;&#xA;&#x9;&#x9;OBX|10|CWE|0^MDC_DEV_PUMP_ACTIVE_SOURCES^MDC|1.1.1.18|^pump-source-info-primary^MDC||||||R&#xD;&#xA;&#x9;&#x9;OBX|11||126977^MDC_DEV_PUMP_INFUS_CHAN_SOURCE^MDC|1.1.2.0|||||||X&#xD;&#xA;&#x9;&#x9;OBX|12|ST|184514^MDC_DRUG_NAME_LABEL^MDC|1.1.2.11|Unknown medication||||||R&#xD;&#xA;&#x9;&#x9;OBX|13|NM|157784^MDC_FLOW_FLUID_PUMP^MDC|1.1.2.13|1.20|mL/h^mL/h^UCUM|||||R&#xD;&#xA;&#x9;&#x9;OBX|14|NM|157924^MDC_RATE_DOSE^MDC|1.1.2.14|20.00|mcg/kg/min^mcg/kg/min^UCUM|||||R&#xD;&#xA;&#x9;&#x9;OBX|15|NM|157864^MDC_VOL_FLUID_DELIV^MDC|1.1.2.15|0.002|mL^mL^UCUM|||||R&#xD;&#xA;&#x9;&#x9;OBX|16|NM|157993^MDC_VOL_FLUID_DELIV_TOTAL^MDC|1.1.2.16|201.798|mL^mL^UCUM|||||R&#xD;&#xA;&#x9;&#x9;OBX|17|NM|157872^MDC_VOL_FLUID_TBI_REMAIN^MDC|1.1.2.17||mL^mL^UCUM|||||X&#xD;&#xA;&#x9;&#x9;OBX|18|NM|157916^MDC_TIME_PD_REMAIN^MDC|1.1.2.18|678|min^min^UCUM|||||R&#xD;&#xA;&#x9;&#x9;OBX|19|NM|68063^MDC_ATTR_PT_WEIGHT^MDC|1.1.2.19|1.00|kg^kg^UCUM|||||R&#xD;&#xA;&#x9;&#x9;OBX|20|ST|70055^MDC_DEV_PUMP_INFUS_SYRINGE_CHAN^MDC|1.1.4.0|||||||X&#xD;&#xA;&#x9;&#x9;OBX|21|ST|184488^MDC_SYRINGE_MANUFACTURER^MDC|1.1.4.10|IVAC||||||R&#xD;&#xA;&#x9;&#x9;OBX|22|NM|157880^MDC_VOL_SYRINGE^MDC|1.1.4.11|50|mL^mL^UCUM|||||R&#xD;&#xA;&#x9;&#x9;OBR|5|ICU@Bed5@Alaris GH_G@8002-47525^AIC^ascom.com^DNS|ICU@Bed5@Alaris GH_G@8002-47525^AIC^ascom.com^DNS|ICU@Bed5@Alaris GH_G@8002-47525^unknown medication|||20220615092911.184+0200&#xD;&#xA;&#x9;&#x9;OBX|1||69985^MDC_DEV_PUMP_INFUS_MDS^MDC|1.0.0.0|||||||X|||||||Alaris GH_G@8002-47525@1^AIC^ascom.com^DNS&#xD;&#xA;&#x9;&#x9;OBX|2||69986^MDC_DEV_PUMP_INFUS_VMD^MDC|1.1.0.0|||||||X&#xD;&#xA;&#x9;&#x9;OBX|3|CWE|188772^MDC_COMM_STATUS^MDC|1.1.0.1|^comm-status-online^MDC||||||X&#xD;&#xA;&#x9;&#x9;OBX|4||126978^MDC_DEV_PUMP_INFUS_CHAN_DELIVERY^MDC|1.1.1.0|||||||X&#xD;&#xA;&#x9;&#x9;OBX|5|CWE|184504^MDC_PUMP_MODE^MDC|1.1.1.11|^pump-mode-continuous^MDC||||||R&#xD;&#xA;&#x9;&#x9;OBX|6|CWE|184519^MDC_PUMP_INFUSING_STATUS^MDC|1.1.1.12|^pump-status-infusing^MDC||||||R&#xD;&#xA;&#x9;&#x9;OBX|7|NM|157784^MDC_FLOW_FLUID_PUMP^MDC|1.1.1.13|30.00|mL/h^mL/h^UCUM|||||R&#xD;&#xA;&#x9;&#x9;OBX|8|NM|157993^MDC_VOL_FLUID_DELIV_TOTAL^MDC|1.1.1.14|403.820|mL^mL^UCUM|||||R&#xD;&#xA;&#x9;&#x9;OBX|9|CWE|0^MDC_DEV_PUMP_ACTIVE_SOURCES^MDC|1.1.1.18|^pump-source-info-primary^MDC||||||R&#xD;&#xA;&#x9;&#x9;OBX|10||126977^MDC_DEV_PUMP_INFUS_CHAN_SOURCE^MDC|1.1.2.0|||||||X&#xD;&#xA;&#x9;&#x9;OBX|11|ST|184514^MDC_DRUG_NAME_LABEL^MDC|1.1.2.11|Unknown medication||||||R&#xD;&#xA;&#x9;&#x9;OBX|12|NM|157784^MDC_FLOW_FLUID_PUMP^MDC|1.1.2.13|30.00|mL/h^mL/h^UCUM|||||R&#xD;&#xA;&#x9;&#x9;OBX|13|NM|157864^MDC_VOL_FLUID_DELIV^MDC|1.1.2.15|0.083|mL^mL^UCUM|||||R&#xD;&#xA;&#x9;&#x9;OBX|14|NM|157993^MDC_VOL_FLUID_DELIV_TOTAL^MDC|1.1.2.16|403.820|mL^mL^UCUM|||||R&#xD;&#xA;&#x9;&#x9;OBX|15|NM|157872^MDC_VOL_FLUID_TBI_REMAIN^MDC|1.1.2.17||mL^mL^UCUM|||||X&#xD;&#xA;&#x9;&#x9;OBX|16|NM|157916^MDC_TIME_PD_REMAIN^MDC|1.1.2.18|59|min^min^UCUM|||||R&#xD;&#xA;&#x9;&#x9;OBX|17|ST|70055^MDC_DEV_PUMP_INFUS_SYRINGE_CHAN^MDC|1.1.4.0|||||||X&#xD;&#xA;&#x9;&#x9;OBX|18|ST|184488^MDC_SYRINGE_MANUFACTURER^MDC|1.1.4.10|BD PLASTIPAK||||||R&#xD;&#xA;&#x9;&#x9;OBX|19|NM|157880^MDC_VOL_SYRINGE^MDC|1.1.4.11|50|mL^mL^UCUM|||||R&#xD;&#xA;&#x9;&#x9;OBR|6|ICU@Bed5@Alaris GW@4445^AIC^ascom.com^DNS|ICU@Bed5@Alaris GW@4445^AIC^ascom.com^DNS|ICU@Bed5@Alaris GW@4445^unknown medication|||20220615092911.184+0200&#xD;&#xA;&#x9;&#x9;OBX|1||69985^MDC_DEV_PUMP_INFUS_MDS^MDC|1.0.0.0|||||||X|||||||Alaris GW@4445@1^AIC^ascom.com^DNS&#xD;&#xA;&#x9;&#x9;OBX|2||69986^MDC_DEV_PUMP_INFUS_VMD^MDC|1.1.0.0|||||||X&#xD;&#xA;&#x9;&#x9;OBX|3|CWE|188772^MDC_COMM_STATUS^MDC|1.1.0.1|^comm-status-online^MDC||||||X&#xD;&#xA;&#x9;&#x9;OBX|4||126978^MDC_DEV_PUMP_INFUS_CHAN_DELIVERY^MDC|1.1.1.0|||||||X&#xD;&#xA;&#x9;&#x9;OBX|5|CWE|184504^MDC_PUMP_MODE^MDC|1.1.1.11|^pump-mode-continuous^MDC||||||R&#xD;&#xA;&#x9;&#x9;OBX|6|CWE|184519^MDC_PUMP_INFUSING_STATUS^MDC|1.1.1.12|^pump-status-infusing^MDC||||||R&#xD;&#xA;&#x9;&#x9;OBX|7|NM|157784^MDC_FLOW_FLUID_PUMP^MDC|1.1.1.13|7.0|mL/h^mL/h^UCUM|||||R&#xD;&#xA;&#x9;&#x9;OBX|8|NM|157993^MDC_VOL_FLUID_DELIV_TOTAL^MDC|1.1.1.14|61.4|mL^mL^UCUM|||||R&#xD;&#xA;&#x9;&#x9;OBX|9|NM|0^MDCX_PUMP_DELIVERY_PRESSURE^MDC|1.1.1.15|37|mm[Hg]^mm[Hg]^UCUM|||||R&#xD;&#xA;&#x9;&#x9;OBX|10|CWE|0^MDC_DEV_PUMP_ACTIVE_SOURCES^MDC|1.1.1.18|^pump-source-info-primary^MDC||||||R&#xD;&#xA;&#x9;&#x9;OBX|11||126977^MDC_DEV_PUMP_INFUS_CHAN_SOURCE^MDC|1.1.2.0|||||||X&#xD;&#xA;&#x9;&#x9;OBX|12|ST|184514^MDC_DRUG_NAME_LABEL^MDC|1.1.2.11|Unknown medication||||||R&#xD;&#xA;&#x9;&#x9;OBX|13|NM|157784^MDC_FLOW_FLUID_PUMP^MDC|1.1.2.13|7.0|mL/h^mL/h^UCUM|||||R&#xD;&#xA;&#x9;&#x9;OBX|14|NM|157864^MDC_VOL_FLUID_DELIV^MDC|1.1.2.15|0.1|mL^mL^UCUM|||||R&#xD;&#xA;&#x9;&#x9;OBX|15|NM|157993^MDC_VOL_FLUID_DELIV_TOTAL^MDC|1.1.2.16|61.4|mL^mL^UCUM|||||R&#xD;&#xA;&#x9;&#x9;OBX|16|NM|157872^MDC_VOL_FLUID_TBI_REMAIN^MDC|1.1.2.17|42.6|mL^mL^UCUM|||||R&#xD;&#xA;&#x9;&#x9;OBX|17|NM|157916^MDC_TIME_PD_REMAIN^MDC|1.1.2.18|365|min^min^UCUM|||||R&#xD;&#xA;&#x9;&#x9;OBX|18|ST|70055^MDC_DEV_PUMP_INFUS_SYRINGE_CHAN^MDC|1.1.4.0|||||||X&#xD;&#xA;&#x9;&#x9;OBR|7|ICU@Bed5@Alaris PK@8005-05763^AIC^ascom.com^DNS|ICU@Bed5@Alaris PK@8005-05763^AIC^ascom.com^DNS|ICU@Bed5@Alaris PK@8005-05763^Alfentanil|||20220615092911.755+0200&#xD;&#xA;&#x9;&#x9;OBX|1||69985^MDC_DEV_PUMP_INFUS_MDS^MDC|1.0.0.0|||||||X|||||||Alaris PK@8005-05763@1^AIC^ascom.com^DNS&#xD;&#xA;&#x9;&#x9;OBX|2||69986^MDC_DEV_PUMP_INFUS_VMD^MDC|1.1.0.0|||||||X&#xD;&#xA;&#x9;&#x9;OBX|3|CWE|188772^MDC_COMM_STATUS^MDC|1.1.0.1|^comm-status-online^MDC||||||X&#xD;&#xA;&#x9;&#x9;OBX|4||126978^MDC_DEV_PUMP_INFUS_CHAN_DELIVERY^MDC|1.1.1.0|||||||X&#xD;&#xA;&#x9;&#x9;OBX|5|CWE|184504^MDC_PUMP_MODE^MDC|1.1.1.11|^pump-mode-continuous^MDC||||||R&#xD;&#xA;&#x9;&#x9;OBX|6|CWE|184519^MDC_PUMP_INFUSING_STATUS^MDC|1.1.1.12|^pump-status-infusing^MDC||||||R&#xD;&#xA;&#x9;&#x9;OBX|7|NM|157784^MDC_FLOW_FLUID_PUMP^MDC|1.1.1.13|12.05|mL/h^mL/h^UCUM|||||R&#xD;&#xA;&#x9;&#x9;OBX|8|NM|157993^MDC_VOL_FLUID_DELIV_TOTAL^MDC|1.1.1.14|5.177|mL^mL^UCUM|||||R&#xD;&#xA;&#x9;&#x9;OBX|9|NM|0^MDCX_PUMP_PK_PC^MDC|1.1.1.16|19.9953|ng/mL^ng/mL^UCUM|||||R&#xD;&#xA;&#x9;&#x9;OBX|10|NM|0^MDCX_PUMP_PK_EC^MDC|1.1.1.17|18.7127|ng/mL^ng/mL^UCUM|||||R&#xD;&#xA;&#x9;&#x9;OBX|11|CWE|0^MDC_DEV_PUMP_ACTIVE_SOURCES^MDC|1.1.1.18|^pump-source-info-primary^MDC||||||R&#xD;&#xA;&#x9;&#x9;OBX|12||126977^MDC_DEV_PUMP_INFUS_CHAN_SOURCE^MDC|1.1.2.0|||||||X&#xD;&#xA;&#x9;&#x9;OBX|13|ST|184514^MDC_DRUG_NAME_LABEL^MDC|1.1.2.11|Alfentanil||||||R&#xD;&#xA;&#x9;&#x9;OBX|14|NM|157760^MDC_CONC_DRUG^MDC|1.1.2.12|100.00|mcg/mL^mcg/mL^UCUM|||||R&#xD;&#xA;&#x9;&#x9;OBX|15|NM|157784^MDC_FLOW_FLUID_PUMP^MDC|1.1.2.13|12.05|mL/h^mL/h^UCUM|||||R&#xD;&#xA;&#x9;&#x9;OBX|16|NM|157924^MDC_RATE_DOSE^MDC|1.1.2.14|0.29|mcg/kg/min^mcg/kg/min^UCUM|||||R&#xD;&#xA;&#x9;&#x9;OBX|17|NM|157864^MDC_VOL_FLUID_DELIV^MDC|1.1.2.15|0.050|mL^mL^UCUM|||||R&#xD;&#xA;&#x9;&#x9;OBX|18|NM|157993^MDC_VOL_FLUID_DELIV_TOTAL^MDC|1.1.2.16|5.177|mL^mL^UCUM|||||R&#xD;&#xA;&#x9;&#x9;OBX|19|NM|157872^MDC_VOL_FLUID_TBI_REMAIN^MDC|1.1.2.17||mL^mL^UCUM|||||X&#xD;&#xA;&#x9;&#x9;OBX|20|NM|157916^MDC_TIME_PD_REMAIN^MDC|1.1.2.18|201|min^min^UCUM|||||R&#xD;&#xA;&#x9;&#x9;OBX|21|NM|68063^MDC_ATTR_PT_WEIGHT^MDC|1.1.2.19|70.00|kg^kg^UCUM|||||R&#xD;&#xA;&#x9;&#x9;OBX|22|ST|0^MDCX_PUMP_PK_DRUGMODEL^MDC|1.1.2.21|Alfentanil_Maitre||||||R&#xD;&#xA;&#x9;&#x9;OBX|23|ST|0^MDCX_PUMP_PK_TARGETMODE^MDC|1.1.2.22|P||||||R&#xD;&#xA;&#x9;&#x9;OBX|24|NM|0^MDCX_PUMP_PK_TARGET^MDC|1.1.2.23|20.0000|ng/mL^ng/mL^UCUM|||||R&#xD;&#xA;&#x9;&#x9;OBX|25|ST|70055^MDC_DEV_PUMP_INFUS_SYRINGE_CHAN^MDC|1.1.4.0|||||||X&#xD;&#xA;&#x9;&#x9;OBX|26|ST|184488^MDC_SYRINGE_MANUFACTURER^MDC|1.1.4.10|IVAC||||||R&#xD;&#xA;&#x9;&#x9;OBX|27|NM|157880^MDC_VOL_SYRINGE^MDC|1.1.4.11|50|mL^mL^UCUM|||||R&#xD;&#xA;&#x9;&#x9;OBR|8|ICU@Bed5@Alaris GH_G@8002-62875^AIC^ascom.com^DNS|ICU@Bed5@Alaris GH_G@8002-62875^AIC^ascom.com^DNS|ICU@Bed5@Alaris GH_G@8002-62875^unknown medication|||20220615092911.755+0200&#xD;&#xA;&#x9;&#x9;OBX|1||69985^MDC_DEV_PUMP_INFUS_MDS^MDC|1.0.0.0|||||||X|||||||Alaris GH_G@8002-62875@1^AIC^ascom.com^DNS&#xD;&#xA;&#x9;&#x9;OBX|2||69986^MDC_DEV_PUMP_INFUS_VMD^MDC|1.1.0.0|||||||X&#xD;&#xA;&#x9;&#x9;OBX|3|CWE|188772^MDC_COMM_STATUS^MDC|1.1.0.1|^comm-status-online^MDC||||||X&#xD;&#xA;&#x9;&#x9;OBX|4||126978^MDC_DEV_PUMP_INFUS_CHAN_DELIVERY^MDC|1.1.1.0|||||||X&#xD;&#xA;&#x9;&#x9;OBX|5|CWE|184504^MDC_PUMP_MODE^MDC|1.1.1.11|^pump-mode-continuous^MDC||||||R&#xD;&#xA;&#x9;&#x9;OBX|6|CWE|184519^MDC_PUMP_INFUSING_STATUS^MDC|1.1.1.12|^pump-status-infusing^MDC||||||R&#xD;&#xA;&#x9;&#x9;OBX|7|NM|157784^MDC_FLOW_FLUID_PUMP^MDC|1.1.1.13|9.00|mL/h^mL/h^UCUM|||||R&#xD;&#xA;&#x9;&#x9;OBX|8|NM|157993^MDC_VOL_FLUID_DELIV_TOTAL^MDC|1.1.1.14|100.443|mL^mL^UCUM|||||R&#xD;&#xA;&#x9;&#x9;OBX|9|CWE|0^MDC_DEV_PUMP_ACTIVE_SOURCES^MDC|1.1.1.18|^pump-source-info-primary^MDC||||||R&#xD;&#xA;&#x9;&#x9;OBX|10||126977^MDC_DEV_PUMP_INFUS_CHAN_SOURCE^MDC|1.1.2.0|||||||X&#xD;&#xA;&#x9;&#x9;OBX|11|ST|184514^MDC_DRUG_NAME_LABEL^MDC|1.1.2.11|Unknown medication||||||R&#xD;&#xA;&#x9;&#x9;OBX|12|NM|157784^MDC_FLOW_FLUID_PUMP^MDC|1.1.2.13|9.00|mL/h^mL/h^UCUM|||||R&#xD;&#xA;&#x9;&#x9;OBX|13|NM|157864^MDC_VOL_FLUID_DELIV^MDC|1.1.2.15|0.038|mL^mL^UCUM|||||R&#xD;&#xA;&#x9;&#x9;OBX|14|NM|157993^MDC_VOL_FLUID_DELIV_TOTAL^MDC|1.1.2.16|100.443|mL^mL^UCUM|||||R&#xD;&#xA;&#x9;&#x9;OBX|15|NM|157872^MDC_VOL_FLUID_TBI_REMAIN^MDC|1.1.2.17||mL^mL^UCUM|||||X&#xD;&#xA;&#x9;&#x9;OBX|16|NM|157916^MDC_TIME_PD_REMAIN^MDC|1.1.2.18|154|min^min^UCUM|||||R&#xD;&#xA;&#x9;&#x9;OBX|17|ST|70055^MDC_DEV_PUMP_INFUS_SYRINGE_CHAN^MDC|1.1.4.0|||||||X&#xD;&#xA;&#x9;&#x9;OBX|18|ST|184488^MDC_SYRINGE_MANUFACTURER^MDC|1.1.4.10|IVAC||||||R&#xD;&#xA;&#x9;&#x9;OBX|19|NM|157880^MDC_VOL_SYRINGE^MDC|1.1.4.11|50|mL^mL^UCUM|||||R&#xD;&#xA;&#x9;&#x9;OBR|9|ICU@Bed5@Alaris GP@1350-22727^AIC^ascom.com^DNS|ICU@Bed5@Alaris GP@1350-22727^AIC^ascom.com^DNS|ICU@Bed5@Alaris GP@1350-22727^unknown medication|||20220615092911.755+0200&#xD;&#xA;&#x9;&#x9;OBX|1||69985^MDC_DEV_PUMP_INFUS_MDS^MDC|1.0.0.0|||||||X|||||||Alaris GP@1350-22727@1^AIC^ascom.com^DNS&#xD;&#xA;&#x9;&#x9;OBX|2||69986^MDC_DEV_PUMP_INFUS_VMD^MDC|1.1.0.0|||||||X&#xD;&#xA;&#x9;&#x9;OBX|3|CWE|188772^MDC_COMM_STATUS^MDC|1.1.0.1|^comm-status-online^MDC||||||X&#xD;&#xA;&#x9;&#x9;OBX|4||126978^MDC_DEV_PUMP_INFUS_CHAN_DELIVERY^MDC|1.1.1.0|||||||X&#xD;&#xA;&#x9;&#x9;OBX|5|CWE|184504^MDC_PUMP_MODE^MDC|1.1.1.11|^pump-mode-continuous^MDC||||||R&#xD;&#xA;&#x9;&#x9;OBX|6|CWE|184519^MDC_PUMP_INFUSING_STATUS^MDC|1.1.1.12|^pump-status-infusing^MDC||||||R&#xD;&#xA;&#x9;&#x9;OBX|7|NM|157784^MDC_FLOW_FLUID_PUMP^MDC|1.1.1.13|2.25|mL/h^mL/h^UCUM|||||R&#xD;&#xA;&#x9;&#x9;OBX|8|NM|157993^MDC_VOL_FLUID_DELIV_TOTAL^MDC|1.1.1.14|21.67|mL^mL^UCUM|||||R&#xD;&#xA;&#x9;&#x9;OBX|9|NM|0^MDCX_PUMP_DELIVERY_PRESSURE^MDC|1.1.1.15|0|[aU]^[aU]^UCUM|||||R&#xD;&#xA;&#x9;&#x9;OBX|10|CWE|0^MDC_DEV_PUMP_ACTIVE_SOURCES^MDC|1.1.1.18|^pump-source-info-primary^MDC||||||R&#xD;&#xA;&#x9;&#x9;OBX|11||126977^MDC_DEV_PUMP_INFUS_CHAN_SOURCE^MDC|1.1.2.0|||||||X&#xD;&#xA;&#x9;&#x9;OBX|12|ST|184514^MDC_DRUG_NAME_LABEL^MDC|1.1.2.11|Unknown medication||||||R&#xD;&#xA;&#x9;&#x9;OBX|13|NM|157784^MDC_FLOW_FLUID_PUMP^MDC|1.1.2.13|2.25|mL/h^mL/h^UCUM|||||R&#xD;&#xA;&#x9;&#x9;OBX|14|NM|157924^MDC_RATE_DOSE^MDC|1.1.2.14|0.50|mcg/kg/h^mcg/kg/h^UCUM|||||R&#xD;&#xA;&#x9;&#x9;OBX|15|NM|157864^MDC_VOL_FLUID_DELIV^MDC|1.1.2.15|0.01|mL^mL^UCUM|||||R&#xD;&#xA;&#x9;&#x9;OBX|16|NM|157993^MDC_VOL_FLUID_DELIV_TOTAL^MDC|1.1.2.16|21.67|mL^mL^UCUM|||||R&#xD;&#xA;&#x9;&#x9;OBX|17|NM|157872^MDC_VOL_FLUID_TBI_REMAIN^MDC|1.1.2.17|678.32|mL^mL^UCUM|||||R&#xD;&#xA;&#x9;&#x9;OBX|18|NM|157916^MDC_TIME_PD_REMAIN^MDC|1.1.2.18|1440|min^min^UCUM|||||R&#xD;&#xA;&#x9;&#x9;OBX|19|NM|68063^MDC_ATTR_PT_WEIGHT^MDC|1.1.2.19|90.000|kg^kg^UCUM|||||R&#xD;&#xA;&#x9;&#x9;OBX|20|ST|70055^MDC_DEV_PUMP_INFUS_SYRINGE_CHAN^MDC|1.1.4.0|||||||X&#xD;&#xA;&#x9;&#x9;OBR|10|ICU@Bed5@Alaris CC@8003-50743^AIC^ascom.com^DNS|ICU@Bed5@Alaris CC@8003-50743^AIC^ascom.com^DNS|ICU@Bed5@Alaris CC@8003-50743^unknown medication|||20220615092911.755+0200&#xD;&#xA;&#x9;&#x9;OBX|1||69985^MDC_DEV_PUMP_INFUS_MDS^MDC|1.0.0.0|||||||X|||||||Alaris CC@8003-50743@1^AIC^ascom.com^DNS&#xD;&#xA;&#x9;&#x9;OBX|2||69986^MDC_DEV_PUMP_INFUS_VMD^MDC|1.1.0.0|||||||X&#xD;&#xA;&#x9;&#x9;OBX|3|CWE|188772^MDC_COMM_STATUS^MDC|1.1.0.1|^comm-status-online^MDC||||||X&#xD;&#xA;&#x9;&#x9;OBX|4||126978^MDC_DEV_PUMP_INFUS_CHAN_DELIVERY^MDC|1.1.1.0|||||||X&#xD;&#xA;&#x9;&#x9;OBX|5|CWE|184504^MDC_PUMP_MODE^MDC|1.1.1.11|^pump-mode-continuous^MDC||||||R&#xD;&#xA;&#x9;&#x9;OBX|6|CWE|184519^MDC_PUMP_INFUSING_STATUS^MDC|1.1.1.12|^pump-status-infusing^MDC||||||R&#xD;&#xA;&#x9;&#x9;OBX|7|NM|157784^MDC_FLOW_FLUID_PUMP^MDC|1.1.1.13|0.90|mL/h^mL/h^UCUM|||||R&#xD;&#xA;&#x9;&#x9;OBX|8|NM|157993^MDC_VOL_FLUID_DELIV_TOTAL^MDC|1.1.1.14|198.875|mL^mL^UCUM|||||R&#xD;&#xA;&#x9;&#x9;OBX|9|NM|0^MDCX_PUMP_DELIVERY_PRESSURE^MDC|1.1.1.15|0|mm[Hg]^mm[Hg]^UCUM|||||R&#xD;&#xA;&#x9;&#x9;OBX|10|CWE|0^MDC_DEV_PUMP_ACTIVE_SOURCES^MDC|1.1.1.18|^pump-source-info-primary^MDC||||||R&#xD;&#xA;&#x9;&#x9;OBX|11||126977^MDC_DEV_PUMP_INFUS_CHAN_SOURCE^MDC|1.1.2.0|||||||X&#xD;&#xA;&#x9;&#x9;OBX|12|ST|184514^MDC_DRUG_NAME_LABEL^MDC|1.1.2.11|Unknown medication||||||R&#xD;&#xA;&#x9;&#x9;OBX|13|NM|157784^MDC_FLOW_FLUID_PUMP^MDC|1.1.2.13|0.90|mL/h^mL/h^UCUM|||||R&#xD;&#xA;&#x9;&#x9;OBX|14|NM|157924^MDC_RATE_DOSE^MDC|1.1.2.14|15.00|mcg/kg/min^mcg/kg/min^UCUM|||||R&#xD;&#xA;&#x9;&#x9;OBX|15|NM|157864^MDC_VOL_FLUID_DELIV^MDC|1.1.2.15|0.003|mL^mL^UCUM|||||R&#xD;&#xA;&#x9;&#x9;OBX|16|NM|157993^MDC_VOL_FLUID_DELIV_TOTAL^MDC|1.1.2.16|198.875|mL^mL^UCUM|||||R&#xD;&#xA;&#x9;&#x9;OBX|17|NM|157872^MDC_VOL_FLUID_TBI_REMAIN^MDC|1.1.2.17||mL^mL^UCUM|||||X&#xD;&#xA;&#x9;&#x9;OBX|18|NM|157916^MDC_TIME_PD_REMAIN^MDC|1.1.2.18|1098|min^min^UCUM|||||R&#xD;&#xA;&#x9;&#x9;OBX|19|NM|68063^MDC_ATTR_PT_WEIGHT^MDC|1.1.2.19|1.00|kg^kg^UCUM|||||R&#xD;&#xA;&#x9;&#x9;OBX|20|ST|70055^MDC_DEV_PUMP_INFUS_SYRINGE_CHAN^MDC|1.1.4.0|||||||X&#xD;&#xA;&#x9;&#x9;OBX|21|ST|184488^MDC_SYRINGE_MANUFACTURER^MDC|1.1.4.10|IVAC||||||R&#xD;&#xA;&#x9;&#x9;OBX|22|NM|157880^MDC_VOL_SYRINGE^MDC|1.1.4.11|50|mL^mL^UCUM|||||R&#xD;&#xA;&#x9;&#x9;OBR|11|ICU@Bed5@Alaris GH_G@8002-47528^AIC^ascom.com^DNS|ICU@Bed5@Alaris GH_G@8002-47528^AIC^ascom.com^DNS|ICU@Bed5@Alaris GH_G@8002-47528^unknown medication|||20220615092911.755+0200&#xD;&#xA;&#x9;&#x9;OBX|1||69985^MDC_DEV_PUMP_INFUS_MDS^MDC|1.0.0.0|||||||X|||||||Alaris GH_G@8002-47528@1^AIC^ascom.com^DNS&#xD;&#xA;&#x9;&#x9;OBX|2||69986^MDC_DEV_PUMP_INFUS_VMD^MDC|1.1.0.0|||||||X&#xD;&#xA;&#x9;&#x9;OBX|3|CWE|188772^MDC_COMM_STATUS^MDC|1.1.0.1|^comm-status-online^MDC||||||X&#xD;&#xA;&#x9;&#x9;OBX|4||126978^MDC_DEV_PUMP_INFUS_CHAN_DELIVERY^MDC|1.1.1.0|||||||X&#xD;&#xA;&#x9;&#x9;OBX|5|CWE|184504^MDC_PUMP_MODE^MDC|1.1.1.11|^pump-mode-continuous^MDC||||||R&#xD;&#xA;&#x9;&#x9;OBX|6|CWE|184519^MDC_PUMP_INFUSING_STATUS^MDC|1.1.1.12|^pump-status-infusing^MDC||||||R&#xD;&#xA;&#x9;&#x9;OBX|7|NM|157784^MDC_FLOW_FLUID_PUMP^MDC|1.1.1.13|30.00|mL/h^mL/h^UCUM|||||R&#xD;&#xA;&#x9;&#x9;OBX|8|NM|157993^MDC_VOL_FLUID_DELIV_TOTAL^MDC|1.1.1.14|395.495|mL^mL^UCUM|||||R&#xD;&#xA;&#x9;&#x9;OBX|9|CWE|0^MDC_DEV_PUMP_ACTIVE_SOURCES^MDC|1.1.1.18|^pump-source-info-primary^MDC||||||R&#xD;&#xA;&#x9;&#x9;OBX|10||126977^MDC_DEV_PUMP_INFUS_CHAN_SOURCE^MDC|1.1.2.0|||||||X&#xD;&#xA;&#x9;&#x9;OBX|11|ST|184514^MDC_DRUG_NAME_LABEL^MDC|1.1.2.11|Unknown medication||||||R&#xD;&#xA;&#x9;&#x9;OBX|12|NM|157784^MDC_FLOW_FLUID_PUMP^MDC|1.1.2.13|30.00|mL/h^mL/h^UCUM|||||R&#xD;&#xA;&#x9;&#x9;OBX|13|NM|157864^MDC_VOL_FLUID_DELIV^MDC|1.1.2.15|0.125|mL^mL^UCUM|||||R&#xD;&#xA;&#x9;&#x9;OBX|14|NM|157993^MDC_VOL_FLUID_DELIV_TOTAL^MDC|1.1.2.16|395.495|mL^mL^UCUM|||||R&#xD;&#xA;&#x9;&#x9;OBX|15|NM|157872^MDC_VOL_FLUID_TBI_REMAIN^MDC|1.1.2.17||mL^mL^UCUM|||||X&#xD;&#xA;&#x9;&#x9;OBX|16|NM|157916^MDC_TIME_PD_REMAIN^MDC|1.1.2.18|14|min^min^UCUM|||||R&#xD;&#xA;&#x9;&#x9;OBX|17|ST|70055^MDC_DEV_PUMP_INFUS_SYRINGE_CHAN^MDC|1.1.4.0|||||||X&#xD;&#xA;&#x9;&#x9;OBX|18|ST|184488^MDC_SYRINGE_MANUFACTURER^MDC|1.1.4.10|BD PLASTIPAK||||||R&#xD;&#xA;&#x9;&#x9;OBX|19|NM|157880^MDC_VOL_SYRINGE^MDC|1.1.4.11|50|mL^mL^UCUM|||||R&#xD;&#xA;&#x9;&#x9;OBR|12|ICU@Bed5@Alaris GW@4448^AIC^ascom.com^DNS|ICU@Bed5@Alaris GW@4448^AIC^ascom.com^DNS|ICU@Bed5@Alaris GW@4448^unknown medication|||20220615092911.755+0200&#xD;&#xA;&#x9;&#x9;OBX|1||69985^MDC_DEV_PUMP_INFUS_MDS^MDC|1.0.0.0|||||||X|||||||Alaris GW@4448@1^AIC^ascom.com^DNS&#xD;&#xA;&#x9;&#x9;OBX|2||69986^MDC_DEV_PUMP_INFUS_VMD^MDC|1.1.0.0|||||||X&#xD;&#xA;&#x9;&#x9;OBX|3|CWE|188772^MDC_COMM_STATUS^MDC|1.1.0.1|^comm-status-online^MDC||||||X&#xD;&#xA;&#x9;&#x9;OBX|4||126978^MDC_DEV_PUMP_INFUS_CHAN_DELIVERY^MDC|1.1.1.0|||||||X&#xD;&#xA;&#x9;&#x9;OBX|5|CWE|184504^MDC_PUMP_MODE^MDC|1.1.1.11|^pump-mode-continuous^MDC||||||R&#xD;&#xA;&#x9;&#x9;OBX|6|CWE|184519^MDC_PUMP_INFUSING_STATUS^MDC|1.1.1.12|^pump-status-infusing^MDC||||||R&#xD;&#xA;&#x9;&#x9;OBX|7|NM|157784^MDC_FLOW_FLUID_PUMP^MDC|1.1.1.13|5.0|mL/h^mL/h^UCUM|||||R&#xD;&#xA;&#x9;&#x9;OBX|8|NM|157993^MDC_VOL_FLUID_DELIV_TOTAL^MDC|1.1.1.14|59.7|mL^mL^UCUM|||||R&#xD;&#xA;&#x9;&#x9;OBX|9|NM|0^MDCX_PUMP_DELIVERY_PRESSURE^MDC|1.1.1.15|38|mm[Hg]^mm[Hg]^UCUM|||||R&#xD;&#xA;&#x9;&#x9;OBX|10|CWE|0^MDC_DEV_PUMP_ACTIVE_SOURCES^MDC|1.1.1.18|^pump-source-info-primary^MDC||||||R&#xD;&#xA;&#x9;&#x9;OBX|11||126977^MDC_DEV_PUMP_INFUS_CHAN_SOURCE^MDC|1.1.2.0|||||||X&#xD;&#xA;&#x9;&#x9;OBX|12|ST|184514^MDC_DRUG_NAME_LABEL^MDC|1.1.2.11|Unknown medication||||||R&#xD;&#xA;&#x9;&#x9;OBX|13|NM|157784^MDC_FLOW_FLUID_PUMP^MDC|1.1.2.13|5.0|mL/h^mL/h^UCUM|||||R&#xD;&#xA;&#x9;&#x9;OBX|14|NM|157864^MDC_VOL_FLUID_DELIV^MDC|1.1.2.15|0.1|mL^mL^UCUM|||||R&#xD;&#xA;&#x9;&#x9;OBX|15|NM|157993^MDC_VOL_FLUID_DELIV_TOTAL^MDC|1.1.2.16|59.7|mL^mL^UCUM|||||R&#xD;&#xA;&#x9;&#x9;OBX|16|NM|157872^MDC_VOL_FLUID_TBI_REMAIN^MDC|1.1.2.17|44.3|mL^mL^UCUM|||||R&#xD;&#xA;&#x9;&#x9;OBX|17|NM|157916^MDC_TIME_PD_REMAIN^MDC|1.1.2.18|532|min^min^UCUM|||||R&#xD;&#xA;&#x9;&#x9;OBX|18|ST|70055^MDC_DEV_PUMP_INFUS_SYRINGE_CHAN^MDC|1.1.4.0|||||||X&#xD;&#xA;&#x9;&#x9;OBR|13|ICU@Bed5@Alaris PK@8005-05764^AIC^ascom.com^DNS|ICU@Bed5@Alaris PK@8005-05764^AIC^ascom.com^DNS|ICU@Bed5@Alaris PK@8005-05764^Alfentanil|||20220615092912.359+0200&#xD;&#xA;&#x9;&#x9;OBX|1||69985^MDC_DEV_PUMP_INFUS_MDS^MDC|1.0.0.0|||||||X|||||||Alaris PK@8005-05764@1^AIC^ascom.com^DNS&#xD;&#xA;&#x9;&#x9;OBX|2||69986^MDC_DEV_PUMP_INFUS_VMD^MDC|1.1.0.0|||||||X&#xD;&#xA;&#x9;&#x9;OBX|3|CWE|188772^MDC_COMM_STATUS^MDC|1.1.0.1|^comm-status-online^MDC||||||X&#xD;&#xA;&#x9;&#x9;OBX|4||126978^MDC_DEV_PUMP_INFUS_CHAN_DELIVERY^MDC|1.1.1.0|||||||X&#xD;&#xA;&#x9;&#x9;OBX|5|CWE|184504^MDC_PUMP_MODE^MDC|1.1.1.11|^pump-mode-continuous^MDC||||||R&#xD;&#xA;&#x9;&#x9;OBX|6|CWE|184519^MDC_PUMP_INFUSING_STATUS^MDC|1.1.1.12|^pump-status-infusing^MDC||||||R&#xD;&#xA;&#x9;&#x9;OBX|7|NM|157784^MDC_FLOW_FLUID_PUMP^MDC|1.1.1.13|12.19|mL/h^mL/h^UCUM|||||R&#xD;&#xA;&#x9;&#x9;OBX|8|NM|157993^MDC_VOL_FLUID_DELIV_TOTAL^MDC|1.1.1.14|5.095|mL^mL^UCUM|||||R&#xD;&#xA;&#x9;&#x9;OBX|9|NM|0^MDCX_PUMP_PK_PC^MDC|1.1.1.16|19.9962|ng/mL^ng/mL^UCUM|||||R&#xD;&#xA;&#x9;&#x9;OBX|10|NM|0^MDCX_PUMP_PK_EC^MDC|1.1.1.17|17.5168|ng/mL^ng/mL^UCUM|||||R&#xD;&#xA;&#x9;&#x9;OBX|11|CWE|0^MDC_DEV_PUMP_ACTIVE_SOURCES^MDC|1.1.1.18|^pump-source-info-primary^MDC||||||R&#xD;&#xA;&#x9;&#x9;OBX|12||126977^MDC_DEV_PUMP_INFUS_CHAN_SOURCE^MDC|1.1.2.0|||||||X&#xD;&#xA;&#x9;&#x9;OBX|13|ST|184514^MDC_DRUG_NAME_LABEL^MDC|1.1.2.11|Alfentanil||||||R&#xD;&#xA;&#x9;&#x9;OBX|14|NM|157760^MDC_CONC_DRUG^MDC|1.1.2.12|100.00|mcg/mL^mcg/mL^UCUM|||||R&#xD;&#xA;&#x9;&#x9;OBX|15|NM|157784^MDC_FLOW_FLUID_PUMP^MDC|1.1.2.13|12.19|mL/h^mL/h^UCUM|||||R&#xD;&#xA;&#x9;&#x9;OBX|16|NM|157924^MDC_RATE_DOSE^MDC|1.1.2.14|0.29|mcg/kg/min^mcg/kg/min^UCUM|||||R&#xD;&#xA;&#x9;&#x9;OBX|17|NM|157864^MDC_VOL_FLUID_DELIV^MDC|1.1.2.15|0.035|mL^mL^UCUM|||||R&#xD;&#xA;&#x9;&#x9;OBX|18|NM|157993^MDC_VOL_FLUID_DELIV_TOTAL^MDC|1.1.2.16|5.095|mL^mL^UCUM|||||R&#xD;&#xA;&#x9;&#x9;OBX|19|NM|157872^MDC_VOL_FLUID_TBI_REMAIN^MDC|1.1.2.17||mL^mL^UCUM|||||X&#xD;&#xA;&#x9;&#x9;OBX|20|NM|157916^MDC_TIME_PD_REMAIN^MDC|1.1.2.18|200|min^min^UCUM|||||R&#xD;&#xA;&#x9;&#x9;OBX|21|NM|68063^MDC_ATTR_PT_WEIGHT^MDC|1.1.2.19|70.00|kg^kg^UCUM|||||R&#xD;&#xA;&#x9;&#x9;OBX|22|ST|0^MDCX_PUMP_PK_DRUGMODEL^MDC|1.1.2.21|Alfentanil_Maitre||||||R&#xD;&#xA;&#x9;&#x9;OBX|23|ST|0^MDCX_PUMP_PK_TARGETMODE^MDC|1.1.2.22|P||||||R&#xD;&#xA;&#x9;&#x9;OBX|24|NM|0^MDCX_PUMP_PK_TARGET^MDC|1.1.2.23|20.0000|ng/mL^ng/mL^UCUM|||||R&#xD;&#xA;&#x9;&#x9;OBX|25|ST|70055^MDC_DEV_PUMP_INFUS_SYRINGE_CHAN^MDC|1.1.4.0|||||||X&#xD;&#xA;&#x9;&#x9;OBX|26|ST|184488^MDC_SYRINGE_MANUFACTURER^MDC|1.1.4.10|IVAC||||||R&#xD;&#xA;&#x9;&#x9;OBX|27|NM|157880^MDC_VOL_SYRINGE^MDC|1.1.4.11|50|mL^mL^UCUM|||||R&#xD;&#xA;&#x9;&#x9;OBR|14|ICU@Bed5@Alaris GH_G@8002-62876^AIC^ascom.com^DNS|ICU@Bed5@Alaris GH_G@8002-62876^AIC^ascom.com^DNS|ICU@Bed5@Alaris GH_G@8002-62876^unknown medication|||20220615092912.359+0200&#xD;&#xA;&#x9;&#x9;OBX|1||69985^MDC_DEV_PUMP_INFUS_MDS^MDC|1.0.0.0|||||||X|||||||Alaris GH_G@8002-62876@1^AIC^ascom.com^DNS&#xD;&#xA;&#x9;&#x9;OBX|2||69986^MDC_DEV_PUMP_INFUS_VMD^MDC|1.1.0.0|||||||X&#xD;&#xA;&#x9;&#x9;OBX|3|CWE|188772^MDC_COMM_STATUS^MDC|1.1.0.1|^comm-status-online^MDC||||||X&#xD;&#xA;&#x9;&#x9;OBX|4||126978^MDC_DEV_PUMP_INFUS_CHAN_DELIVERY^MDC|1.1.1.0|||||||X&#xD;&#xA;&#x9;&#x9;OBX|5|CWE|184504^MDC_PUMP_MODE^MDC|1.1.1.11|^pump-mode-continuous^MDC||||||R&#xD;&#xA;&#x9;&#x9;OBX|6|CWE|184519^MDC_PUMP_INFUSING_STATUS^MDC|1.1.1.12|^pump-status-infusing^MDC||||||R&#xD;&#xA;&#x9;&#x9;OBX|7|NM|157784^MDC_FLOW_FLUID_PUMP^MDC|1.1.1.13|9.00|mL/h^mL/h^UCUM|||||R&#xD;&#xA;&#x9;&#x9;OBX|8|NM|157993^MDC_VOL_FLUID_DELIV_TOTAL^MDC|1.1.1.14|100.381|mL^mL^UCUM|||||R&#xD;&#xA;&#x9;&#x9;OBX|9|CWE|0^MDC_DEV_PUMP_ACTIVE_SOURCES^MDC|1.1.1.18|^pump-source-info-primary^MDC||||||R&#xD;&#xA;&#x9;&#x9;OBX|10||126977^MDC_DEV_PUMP_INFUS_CHAN_SOURCE^MDC|1.1.2.0|||||||X&#xD;&#xA;&#x9;&#x9;OBX|11|ST|184514^MDC_DRUG_NAME_LABEL^MDC|1.1.2.11|Unknown medication||||||R&#xD;&#xA;&#x9;&#x9;OBX|12|NM|157784^MDC_FLOW_FLUID_PUMP^MDC|1.1.2.13|9.00|mL/h^mL/h^UCUM|||||R&#xD;&#xA;&#x9;&#x9;OBX|13|NM|157864^MDC_VOL_FLUID_DELIV^MDC|1.1.2.15|0.038|mL^mL^UCUM|||||R&#xD;&#xA;&#x9;&#x9;OBX|14|NM|157993^MDC_VOL_FLUID_DELIV_TOTAL^MDC|1.1.2.16|100.381|mL^mL^UCUM|||||R&#xD;&#xA;&#x9;&#x9;OBX|15|NM|157872^MDC_VOL_FLUID_TBI_REMAIN^MDC|1.1.2.17||mL^mL^UCUM|||||X&#xD;&#xA;&#x9;&#x9;OBX|16|NM|157916^MDC_TIME_PD_REMAIN^MDC|1.1.2.18|154|min^min^UCUM|||||R&#xD;&#xA;&#x9;&#x9;OBX|17|ST|70055^MDC_DEV_PUMP_INFUS_SYRINGE_CHAN^MDC|1.1.4.0|||||||X&#xD;&#xA;&#x9;&#x9;OBX|18|ST|184488^MDC_SYRINGE_MANUFACTURER^MDC|1.1.4.10|IVAC||||||R&#xD;&#xA;&#x9;&#x9;OBX|19|NM|157880^MDC_VOL_SYRINGE^MDC|1.1.4.11|50|mL^mL^UCUM|||||R&#xD;&#xA;&#x9;&#x9;OBR|15|ICU@Bed5@Alaris GP@1350-22728^AIC^ascom.com^DNS|ICU@Bed5@Alaris GP@1350-22728^AIC^ascom.com^DNS|ICU@Bed5@Alaris GP@1350-22728^unknown medication|||20220615092912.359+0200&#xD;&#xA;&#x9;&#x9;OBX|1||69985^MDC_DEV_PUMP_INFUS_MDS^MDC|1.0.0.0|||||||X|||||||Alaris GP@1350-22728@1^AIC^ascom.com^DNS&#xD;&#xA;&#x9;&#x9;OBX|2||69986^MDC_DEV_PUMP_INFUS_VMD^MDC|1.1.0.0|||||||X&#xD;&#xA;&#x9;&#x9;OBX|3|CWE|188772^MDC_COMM_STATUS^MDC|1.1.0.1|^comm-status-online^MDC||||||X&#xD;&#xA;&#x9;&#x9;OBX|4||126978^MDC_DEV_PUMP_INFUS_CHAN_DELIVERY^MDC|1.1.1.0|||||||X&#xD;&#xA;&#x9;&#x9;OBX|5|CWE|184504^MDC_PUMP_MODE^MDC|1.1.1.11|^pump-mode-continuous^MDC||||||R&#xD;&#xA;&#x9;&#x9;OBX|6|CWE|184519^MDC_PUMP_INFUSING_STATUS^MDC|1.1.1.12|^pump-status-infusing^MDC||||||R&#xD;&#xA;&#x9;&#x9;OBX|7|NM|157784^MDC_FLOW_FLUID_PUMP^MDC|1.1.1.13|2.25|mL/h^mL/h^UCUM|||||R&#xD;&#xA;&#x9;&#x9;OBX|8|NM|157993^MDC_VOL_FLUID_DELIV_TOTAL^MDC|1.1.1.14|21.65|mL^mL^UCUM|||||R&#xD;&#xA;&#x9;&#x9;OBX|9|NM|0^MDCX_PUMP_DELIVERY_PRESSURE^MDC|1.1.1.15|0|[aU]^[aU]^UCUM|||||R&#xD;&#xA;&#x9;&#x9;OBX|10|CWE|0^MDC_DEV_PUMP_ACTIVE_SOURCES^MDC|1.1.1.18|^pump-source-info-primary^MDC||||||R&#xD;&#xA;&#x9;&#x9;OBX|11||126977^MDC_DEV_PUMP_INFUS_CHAN_SOURCE^MDC|1.1.2.0|||||||X&#xD;&#xA;&#x9;&#x9;OBX|12|ST|184514^MDC_DRUG_NAME_LABEL^MDC|1.1.2.11|Unknown medication||||||R&#xD;&#xA;&#x9;&#x9;OBX|13|NM|157784^MDC_FLOW_FLUID_PUMP^MDC|1.1.2.13|2.25|mL/h^mL/h^UCUM|||||R&#xD;&#xA;&#x9;&#x9;OBX|14|NM|157924^MDC_RATE_DOSE^MDC|1.1.2.14|0.50|mcg/kg/h^mcg/kg/h^UCUM|||||R&#xD;&#xA;&#x9;&#x9;OBX|15|NM|157864^MDC_VOL_FLUID_DELIV^MDC|1.1.2.15|0.01|mL^mL^UCUM|||||R&#xD;&#xA;&#x9;&#x9;OBX|16|NM|157993^MDC_VOL_FLUID_DELIV_TOTAL^MDC|1.1.2.16|21.65|mL^mL^UCUM|||||R&#xD;&#xA;&#x9;&#x9;OBX|17|NM|157872^MDC_VOL_FLUID_TBI_REMAIN^MDC|1.1.2.17|678.34|mL^mL^UCUM|||||R&#xD;&#xA;&#x9;&#x9;OBX|18|NM|157916^MDC_TIME_PD_REMAIN^MDC|1.1.2.18|1440|min^min^UCUM|||||R&#xD;&#xA;&#x9;&#x9;OBX|19|NM|68063^MDC_ATTR_PT_WEIGHT^MDC|1.1.2.19|90.000|kg^kg^UCUM|||||R&#xD;&#xA;&#x9;&#x9;OBX|20|ST|70055^MDC_DEV_PUMP_INFUS_SYRINGE_CHAN^MDC|1.1.4.0|||||||X&#xD;&#xA;&#x9;&#x9;OBR|16|ICU@Bed5@Alaris CC@8003-50744^AIC^ascom.com^DNS|ICU@Bed5@Alaris CC@8003-50744^AIC^ascom.com^DNS|ICU@Bed5@Alaris CC@8003-50744^unknown medication|||20220615092912.359+0200&#xD;&#xA;&#x9;&#x9;OBX|1||69985^MDC_DEV_PUMP_INFUS_MDS^MDC|1.0.0.0|||||||X|||||||Alaris CC@8003-50744@1^AIC^ascom.com^DNS&#xD;&#xA;&#x9;&#x9;OBX|2||69986^MDC_DEV_PUMP_INFUS_VMD^MDC|1.1.0.0|||||||X&#xD;&#xA;&#x9;&#x9;OBX|3|CWE|188772^MDC_COMM_STATUS^MDC|1.1.0.1|^comm-status-online^MDC||||||X&#xD;&#xA;&#x9;&#x9;OBX|4||126978^MDC_DEV_PUMP_INFUS_CHAN_DELIVERY^MDC|1.1.1.0|||||||X&#xD;&#xA;&#x9;&#x9;OBX|5|CWE|184504^MDC_PUMP_MODE^MDC|1.1.1.11|^pump-mode-continuous^MDC||||||R&#xD;&#xA;&#x9;&#x9;OBX|6|CWE|184519^MDC_PUMP_INFUSING_STATUS^MDC|1.1.1.12|^pump-status-infusing^MDC||||||R&#xD;&#xA;&#x9;&#x9;OBX|7|NM|157784^MDC_FLOW_FLUID_PUMP^MDC|1.1.1.13|0.90|mL/h^mL/h^UCUM|||||R&#xD;&#xA;&#x9;&#x9;OBX|8|NM|157993^MDC_VOL_FLUID_DELIV_TOTAL^MDC|1.1.1.14|198.869|mL^mL^UCUM|||||R&#xD;&#xA;&#x9;&#x9;OBX|9|NM|0^MDCX_PUMP_DELIVERY_PRESSURE^MDC|1.1.1.15|0|mm[Hg]^mm[Hg]^UCUM|||||R&#xD;&#xA;&#x9;&#x9;OBX|10|CWE|0^MDC_DEV_PUMP_ACTIVE_SOURCES^MDC|1.1.1.18|^pump-source-info-primary^MDC||||||R&#xD;&#xA;&#x9;&#x9;OBX|11||126977^MDC_DEV_PUMP_INFUS_CHAN_SOURCE^MDC|1.1.2.0|||||||X&#xD;&#xA;&#x9;&#x9;OBX|12|ST|184514^MDC_DRUG_NAME_LABEL^MDC|1.1.2.11|Unknown medication||||||R&#xD;&#xA;&#x9;&#x9;OBX|13|NM|157784^MDC_FLOW_FLUID_PUMP^MDC|1.1.2.13|0.90|mL/h^mL/h^UCUM|||||R&#xD;&#xA;&#x9;&#x9;OBX|14|NM|157924^MDC_RATE_DOSE^MDC|1.1.2.14|15.00|mcg/kg/min^mcg/kg/min^UCUM|||||R&#xD;&#xA;&#x9;&#x9;OBX|15|NM|157864^MDC_VOL_FLUID_DELIV^MDC|1.1.2.15|0.004|mL^mL^UCUM|||||R&#xD;&#xA;&#x9;&#x9;OBX|16|NM|157993^MDC_VOL_FLUID_DELIV_TOTAL^MDC|1.1.2.16|198.869|mL^mL^UCUM|||||R&#xD;&#xA;&#x9;&#x9;OBX|17|NM|157872^MDC_VOL_FLUID_TBI_REMAIN^MDC|1.1.2.17||mL^mL^UCUM|||||X&#xD;&#xA;&#x9;&#x9;OBX|18|NM|157916^MDC_TIME_PD_REMAIN^MDC|1.1.2.18|1098|min^min^UCUM|||||R&#xD;&#xA;&#x9;&#x9;OBX|19|NM|68063^MDC_ATTR_PT_WEIGHT^MDC|1.1.2.19|1.00|kg^kg^UCUM|||||R&#xD;&#xA;&#x9;&#x9;OBX|20|ST|70055^MDC_DEV_PUMP_INFUS_SYRINGE_CHAN^MDC|1.1.4.0|||||||X&#xD;&#xA;&#x9;&#x9;OBX|21|ST|184488^MDC_SYRINGE_MANUFACTURER^MDC|1.1.4.10|IVAC||||||R&#xD;&#xA;&#x9;&#x9;OBX|22|NM|157880^MDC_VOL_SYRINGE^MDC|1.1.4.11|50|mL^mL^UCUM|||||R&#xD;&#xA;&#x9;&#x9;OBR|17|ICU@Bed5@Alaris GH_G@8002-47529^AIC^ascom.com^DNS|ICU@Bed5@Alaris GH_G@8002-47529^AIC^ascom.com^DNS|ICU@Bed5@Alaris GH_G@8002-47529^unknown medication|||20220615092912.359+0200&#xD;&#xA;&#x9;&#x9;OBX|1||69985^MDC_DEV_PUMP_INFUS_MDS^MDC|1.0.0.0|||||||X|||||||Alaris GH_G@8002-47529@1^AIC^ascom.com^DNS&#xD;&#xA;&#x9;&#x9;OBX|2||69986^MDC_DEV_PUMP_INFUS_VMD^MDC|1.1.0.0|||||||X&#xD;&#xA;&#x9;&#x9;OBX|3|CWE|188772^MDC_COMM_STATUS^MDC|1.1.0.1|^comm-status-online^MDC||||||X&#xD;&#xA;&#x9;&#x9;OBX|4||126978^MDC_DEV_PUMP_INFUS_CHAN_DELIVERY^MDC|1.1.1.0|||||||X&#xD;&#xA;&#x9;&#x9;OBX|5|CWE|184504^MDC_PUMP_MODE^MDC|1.1.1.11|^pump-mode-continuous^MDC||||||R&#xD;&#xA;&#x9;&#x9;OBX|6|CWE|184519^MDC_PUMP_INFUSING_STATUS^MDC|1.1.1.12|^pump-status-infusing^MDC||||||R&#xD;&#xA;&#x9;&#x9;OBX|7|NM|157784^MDC_FLOW_FLUID_PUMP^MDC|1.1.1.13|30.00|mL/h^mL/h^UCUM|||||R&#xD;&#xA;&#x9;&#x9;OBX|8|NM|157993^MDC_VOL_FLUID_DELIV_TOTAL^MDC|1.1.1.14|395.288|mL^mL^UCUM|||||R&#xD;&#xA;&#x9;&#x9;OBX|9|CWE|0^MDC_DEV_PUMP_ACTIVE_SOURCES^MDC|1.1.1.18|^pump-source-info-primary^MDC||||||R&#xD;&#xA;&#x9;&#x9;OBX|10||126977^MDC_DEV_PUMP_INFUS_CHAN_SOURCE^MDC|1.1.2.0|||||||X&#xD;&#xA;&#x9;&#x9;OBX|11|ST|184514^MDC_DRUG_NAME_LABEL^MDC|1.1.2.11|Unknown medication||||||R&#xD;&#xA;&#x9;&#x9;OBX|12|NM|157784^MDC_FLOW_FLUID_PUMP^MDC|1.1.2.13|30.00|mL/h^mL/h^UCUM|||||R&#xD;&#xA;&#x9;&#x9;OBX|13|NM|157864^MDC_VOL_FLUID_DELIV^MDC|1.1.2.15|0.125|mL^mL^UCUM|||||R&#xD;&#xA;&#x9;&#x9;OBX|14|NM|157993^MDC_VOL_FLUID_DELIV_TOTAL^MDC|1.1.2.16|395.288|mL^mL^UCUM|||||R&#xD;&#xA;&#x9;&#x9;OBX|15|NM|157872^MDC_VOL_FLUID_TBI_REMAIN^MDC|1.1.2.17||mL^mL^UCUM|||||X&#xD;&#xA;&#x9;&#x9;OBX|16|NM|157916^MDC_TIME_PD_REMAIN^MDC|1.1.2.18|14|min^min^UCUM|||||R&#xD;&#xA;&#x9;&#x9;OBX|17|ST|70055^MDC_DEV_PUMP_INFUS_SYRINGE_CHAN^MDC|1.1.4.0|||||||X&#xD;&#xA;&#x9;&#x9;OBX|18|ST|184488^MDC_SYRINGE_MANUFACTURER^MDC|1.1.4.10|BD PLASTIPAK||||||R&#xD;&#xA;&#x9;&#x9;OBX|19|NM|157880^MDC_VOL_SYRINGE^MDC|1.1.4.11|50|mL^mL^UCUM|||||R&#xD;&#xA;&#x9;&#x9;OBR|18|ICU@Bed5@Alaris GW@4449^AIC^ascom.com^DNS|ICU@Bed5@Alaris GW@4449^AIC^ascom.com^DNS|ICU@Bed5@Alaris GW@4449^unknown medication|||20220615092912.359+0200&#xD;&#xA;&#x9;&#x9;OBX|1||69985^MDC_DEV_PUMP_INFUS_MDS^MDC|1.0.0.0|||||||X|||||||Alaris GW@4449@1^AIC^ascom.com^DNS&#xD;&#xA;&#x9;&#x9;OBX|2||69986^MDC_DEV_PUMP_INFUS_VMD^MDC|1.1.0.0|||||||X&#xD;&#xA;&#x9;&#x9;OBX|3|CWE|188772^MDC_COMM_STATUS^MDC|1.1.0.1|^comm-status-online^MDC||||||X&#xD;&#xA;&#x9;&#x9;OBX|4||126978^MDC_DEV_PUMP_INFUS_CHAN_DELIVERY^MDC|1.1.1.0|||||||X&#xD;&#xA;&#x9;&#x9;OBX|5|CWE|184504^MDC_PUMP_MODE^MDC|1.1.1.11|^pump-mode-continuous^MDC||||||R&#xD;&#xA;&#x9;&#x9;OBX|6|CWE|184519^MDC_PUMP_INFUSING_STATUS^MDC|1.1.1.12|^pump-status-infusing^MDC||||||R&#xD;&#xA;&#x9;&#x9;OBX|7|NM|157784^MDC_FLOW_FLUID_PUMP^MDC|1.1.1.13|5.0|mL/h^mL/h^UCUM|||||R&#xD;&#xA;&#x9;&#x9;OBX|8|NM|157993^MDC_VOL_FLUID_DELIV_TOTAL^MDC|1.1.1.14|59.6|mL^mL^UCUM|||||R&#xD;&#xA;&#x9;&#x9;OBX|9|NM|0^MDCX_PUMP_DELIVERY_PRESSURE^MDC|1.1.1.15|39|mm[Hg]^mm[Hg]^UCUM|||||R&#xD;&#xA;&#x9;&#x9;OBX|10|CWE|0^MDC_DEV_PUMP_ACTIVE_SOURCES^MDC|1.1.1.18|^pump-source-info-primary^MDC||||||R&#xD;&#xA;&#x9;&#x9;OBX|11||126977^MDC_DEV_PUMP_INFUS_CHAN_SOURCE^MDC|1.1.2.0|||||||X&#xD;&#xA;&#x9;&#x9;OBX|12|ST|184514^MDC_DRUG_NAME_LABEL^MDC|1.1.2.11|Unknown medication||||||R&#xD;&#xA;&#x9;&#x9;OBX|13|NM|157784^MDC_FLOW_FLUID_PUMP^MDC|1.1.2.13|5.0|mL/h^mL/h^UCUM|||||R&#xD;&#xA;&#x9;&#x9;OBX|14|NM|157864^MDC_VOL_FLUID_DELIV^MDC|1.1.2.15|0.0|mL^mL^UCUM|||||R&#xD;&#xA;&#x9;&#x9;OBX|15|NM|157993^MDC_VOL_FLUID_DELIV_TOTAL^MDC|1.1.2.16|59.6|mL^mL^UCUM|||||R&#xD;&#xA;&#x9;&#x9;OBX|16|NM|157872^MDC_VOL_FLUID_TBI_REMAIN^MDC|1.1.2.17|44.4|mL^mL^UCUM|||||R&#xD;&#xA;&#x9;&#x9;OBX|17|NM|157916^MDC_TIME_PD_REMAIN^MDC|1.1.2.18|533|min^min^UCUM|||||R&#xD;&#xA;&#x9;&#x9;OBX|18|ST|70055^MDC_DEV_PUMP_INFUS_SYRINGE_CHAN^MDC|1.1.4.0|||||||X&#xD;&#xA;&#x9;&#x9;OBR|19|ICU@Bed5@Alaris PK@8005-05765^AIC^ascom.com^DNS|ICU@Bed5@Alaris PK@8005-05765^AIC^ascom.com^DNS|ICU@Bed5@Alaris PK@8005-05765^Alfentanil|||20220615092911.137+0200&#xD;&#xA;&#x9;&#x9;OBX|1||69985^MDC_DEV_PUMP_INFUS_MDS^MDC|1.0.0.0|||||||X|||||||Alaris PK@8005-05765@1^AIC^ascom.com^DNS&#xD;&#xA;&#x9;&#x9;OBX|2||69986^MDC_DEV_PUMP_INFUS_VMD^MDC|1.1.0.0|||||||X&#xD;&#xA;&#x9;&#x9;OBX|3|CWE|188772^MDC_COMM_STATUS^MDC|1.1.0.1|^comm-status-online^MDC||||||X&#xD;&#xA;&#x9;&#x9;OBX|4||126978^MDC_DEV_PUMP_INFUS_CHAN_DELIVERY^MDC|1.1.1.0|||||||X&#xD;&#xA;&#x9;&#x9;OBX|5|CWE|184504^MDC_PUMP_MODE^MDC|1.1.1.11|^pump-mode-continuous^MDC||||||R&#xD;&#xA;&#x9;&#x9;OBX|6|CWE|184519^MDC_PUMP_INFUSING_STATUS^MDC|1.1.1.12|^pump-status-infusing^MDC||||||R&#xD;&#xA;&#x9;&#x9;OBX|7|NM|157784^MDC_FLOW_FLUID_PUMP^MDC|1.1.1.13|12.33|mL/h^mL/h^UCUM|||||R&#xD;&#xA;&#x9;&#x9;OBX|8|NM|157993^MDC_VOL_FLUID_DELIV_TOTAL^MDC|1.1.1.14|5.009|mL^mL^UCUM|||||R&#xD;&#xA;&#x9;&#x9;OBX|9|NM|0^MDCX_PUMP_PK_PC^MDC|1.1.1.16|19.9998|ng/mL^ng/mL^UCUM|||||R&#xD;&#xA;&#x9;&#x9;OBX|10|NM|0^MDCX_PUMP_PK_EC^MDC|1.1.1.17|13.2822|ng/mL^ng/mL^UCUM|||||R&#xD;&#xA;&#x9;&#x9;OBX|11|CWE|0^MDC_DEV_PUMP_ACTIVE_SOURCES^MDC|1.1.1.18|^pump-source-info-primary^MDC||||||R&#xD;&#xA;&#x9;&#x9;OBX|12||126977^MDC_DEV_PUMP_INFUS_CHAN_SOURCE^MDC|1.1.2.0|||||||X&#xD;&#xA;&#x9;&#x9;OBX|13|ST|184514^MDC_DRUG_NAME_LABEL^MDC|1.1.2.11|Alfentanil||||||R&#xD;&#xA;&#x9;&#x9;OBX|14|NM|157760^MDC_CONC_DRUG^MDC|1.1.2.12|100.00|mcg/mL^mcg/mL^UCUM|||||R&#xD;&#xA;&#x9;&#x9;OBX|15|NM|157784^MDC_FLOW_FLUID_PUMP^MDC|1.1.2.13|12.33|mL/h^mL/h^UCUM|||||R&#xD;&#xA;&#x9;&#x9;OBX|16|NM|157924^MDC_RATE_DOSE^MDC|1.1.2.14|0.29|mcg/kg/min^mcg/kg/min^UCUM|||||R&#xD;&#xA;&#x9;&#x9;OBX|17|NM|157864^MDC_VOL_FLUID_DELIV^MDC|1.1.2.15|0.034|mL^mL^UCUM|||||R&#xD;&#xA;&#x9;&#x9;OBX|18|NM|157993^MDC_VOL_FLUID_DELIV_TOTAL^MDC|1.1.2.16|5.009|mL^mL^UCUM|||||R&#xD;&#xA;&#x9;&#x9;OBX|19|NM|157872^MDC_VOL_FLUID_TBI_REMAIN^MDC|1.1.2.17||mL^mL^UCUM|||||X&#xD;&#xA;&#x9;&#x9;OBX|20|NM|157916^MDC_TIME_PD_REMAIN^MDC|1.1.2.18|198|min^min^UCUM|||||R&#xD;&#xA;&#x9;&#x9;OBX|21|NM|68063^MDC_ATTR_PT_WEIGHT^MDC|1.1.2.19|70.00|kg^kg^UCUM|||||R&#xD;&#xA;&#x9;&#x9;OBX|22|ST|0^MDCX_PUMP_PK_DRUGMODEL^MDC|1.1.2.21|Alfentanil_Maitre||||||R&#xD;&#xA;&#x9;&#x9;OBX|23|ST|0^MDCX_PUMP_PK_TARGETMODE^MDC|1.1.2.22|P||||||R&#xD;&#xA;&#x9;&#x9;OBX|24|NM|0^MDCX_PUMP_PK_TARGET^MDC|1.1.2.23|20.0000|ng/mL^ng/mL^UCUM|||||R&#xD;&#xA;&#x9;&#x9;OBX|25|ST|70055^MDC_DEV_PUMP_INFUS_SYRINGE_CHAN^MDC|1.1.4.0|||||||X&#xD;&#xA;&#x9;&#x9;OBX|26|ST|184488^MDC_SYRINGE_MANUFACTURER^MDC|1.1.4.10|IVAC||||||R&#xD;&#xA;&#x9;&#x9;OBX|27|NM|157880^MDC_VOL_SYRINGE^MDC|1.1.4.11|50|mL^mL^UCUM|||||R&#xD;&#xA;&#x9;&#x9;OBR|20|ICU@Bed5@Alaris GH_G@8002-62877^AIC^ascom.com^DNS|ICU@Bed5@Alaris GH_G@8002-62877^AIC^ascom.com^DNS|ICU@Bed5@Alaris GH_G@8002-62877^unknown medication|||20220615092911.137+0200&#xD;&#xA;&#x9;&#x9;OBX|1||69985^MDC_DEV_PUMP_INFUS_MDS^MDC|1.0.0.0|||||||X|||||||Alaris GH_G@8002-62877@1^AIC^ascom.com^DNS&#xD;&#xA;&#x9;&#x9;OBX|2||69986^MDC_DEV_PUMP_INFUS_VMD^MDC|1.1.0.0|||||||X&#xD;&#xA;&#x9;&#x9;OBX|3|CWE|188772^MDC_COMM_STATUS^MDC|1.1.0.1|^comm-status-online^MDC||||||X&#xD;&#xA;&#x9;&#x9;OBX|4||126978^MDC_DEV_PUMP_INFUS_CHAN_DELIVERY^MDC|1.1.1.0|||||||X&#xD;&#xA;&#x9;&#x9;OBX|5|CWE|184504^MDC_PUMP_MODE^MDC|1.1.1.11|^pump-mode-continuous^MDC||||||R&#xD;&#xA;&#x9;&#x9;OBX|6|CWE|184519^MDC_PUMP_INFUSING_STATUS^MDC|1.1.1.12|^pump-status-infusing^MDC||||||R&#xD;&#xA;&#x9;&#x9;OBX|7|NM|157784^MDC_FLOW_FLUID_PUMP^MDC|1.1.1.13|9.00|mL/h^mL/h^UCUM|||||R&#xD;&#xA;&#x9;&#x9;OBX|8|NM|157993^MDC_VOL_FLUID_DELIV_TOTAL^MDC|1.1.1.14|100.306|mL^mL^UCUM|||||R&#xD;&#xA;&#x9;&#x9;OBX|9|CWE|0^MDC_DEV_PUMP_ACTIVE_SOURCES^MDC|1.1.1.18|^pump-source-info-primary^MDC||||||R&#xD;&#xA;&#x9;&#x9;OBX|10||126977^MDC_DEV_PUMP_INFUS_CHAN_SOURCE^MDC|1.1.2.0|||||||X&#xD;&#xA;&#x9;&#x9;OBX|11|ST|184514^MDC_DRUG_NAME_LABEL^MDC|1.1.2.11|Unknown medication||||||R&#xD;&#xA;&#x9;&#x9;OBX|12|NM|157784^MDC_FLOW_FLUID_PUMP^MDC|1.1.2.13|9.00|mL/h^mL/h^UCUM|||||R&#xD;&#xA;&#x9;&#x9;OBX|13|NM|157864^MDC_VOL_FLUID_DELIV^MDC|1.1.2.15|0.013|mL^mL^UCUM|||||R&#xD;&#xA;&#x9;&#x9;OBX|14|NM|157993^MDC_VOL_FLUID_DELIV_TOTAL^MDC|1.1.2.16|100.306|mL^mL^UCUM|||||R&#xD;&#xA;&#x9;&#x9;OBX|15|NM|157872^MDC_VOL_FLUID_TBI_REMAIN^MDC|1.1.2.17||mL^mL^UCUM|||||X&#xD;&#xA;&#x9;&#x9;OBX|16|NM|157916^MDC_TIME_PD_REMAIN^MDC|1.1.2.18|154|min^min^UCUM|||||R&#xD;&#xA;&#x9;&#x9;OBX|17|ST|70055^MDC_DEV_PUMP_INFUS_SYRINGE_CHAN^MDC|1.1.4.0|||||||X&#xD;&#xA;&#x9;&#x9;OBX|18|ST|184488^MDC_SYRINGE_MANUFACTURER^MDC|1.1.4.10|IVAC||||||R&#xD;&#xA;&#x9;&#x9;OBX|19|NM|157880^MDC_VOL_SYRINGE^MDC|1.1.4.11|50|mL^mL^UCUM|||||R&#xD;&#xA;&#x9;&#x9;OBR|21|ICU@Bed5@Alaris GP@1350-22729^AIC^ascom.com^DNS|ICU@Bed5@Alaris GP@1350-22729^AIC^ascom.com^DNS|ICU@Bed5@Alaris GP@1350-22729^unknown medication|||20220615092911.137+0200&#xD;&#xA;&#x9;&#x9;OBX|1||69985^MDC_DEV_PUMP_INFUS_MDS^MDC|1.0.0.0|||||||X|||||||Alaris GP@1350-22729@1^AIC^ascom.com^DNS&#xD;&#xA;&#x9;&#x9;OBX|2||69986^MDC_DEV_PUMP_INFUS_VMD^MDC|1.1.0.0|||||||X&#xD;&#xA;&#x9;&#x9;OBX|3|CWE|188772^MDC_COMM_STATUS^MDC|1.1.0.1|^comm-status-online^MDC||||||X&#xD;&#xA;&#x9;&#x9;OBX|4||126978^MDC_DEV_PUMP_INFUS_CHAN_DELIVERY^MDC|1.1.1.0|||||||X&#xD;&#xA;&#x9;&#x9;OBX|5|CWE|184504^MDC_PUMP_MODE^MDC|1.1.1.11|^pump-mode-continuous^MDC||||||R&#xD;&#xA;&#x9;&#x9;OBX|6|CWE|184519^MDC_PUMP_INFUSING_STATUS^MDC|1.1.1.12|^pump-status-infusing^MDC||||||R&#xD;&#xA;&#x9;&#x9;OBX|7|NM|157784^MDC_FLOW_FLUID_PUMP^MDC|1.1.1.13|2.25|mL/h^mL/h^UCUM|||||R&#xD;&#xA;&#x9;&#x9;OBX|8|NM|157993^MDC_VOL_FLUID_DELIV_TOTAL^MDC|1.1.1.14|21.63|mL^mL^UCUM|||||R&#xD;&#xA;&#x9;&#x9;OBX|9|NM|0^MDCX_PUMP_DELIVERY_PRESSURE^MDC|1.1.1.15|0|[aU]^[aU]^UCUM|||||R&#xD;&#xA;&#x9;&#x9;OBX|10|CWE|0^MDC_DEV_PUMP_ACTIVE_SOURCES^MDC|1.1.1.18|^pump-source-info-primary^MDC||||||R&#xD;&#xA;&#x9;&#x9;OBX|11||126977^MDC_DEV_PUMP_INFUS_CHAN_SOURCE^MDC|1.1.2.0|||||||X&#xD;&#xA;&#x9;&#x9;OBX|12|ST|184514^MDC_DRUG_NAME_LABEL^MDC|1.1.2.11|Unknown medication||||||R&#xD;&#xA;&#x9;&#x9;OBX|13|NM|157784^MDC_FLOW_FLUID_PUMP^MDC|1.1.2.13|2.25|mL/h^mL/h^UCUM|||||R&#xD;&#xA;&#x9;&#x9;OBX|14|NM|157924^MDC_RATE_DOSE^MDC|1.1.2.14|0.50|mcg/kg/h^mcg/kg/h^UCUM|||||R&#xD;&#xA;&#x9;&#x9;OBX|15|NM|157864^MDC_VOL_FLUID_DELIV^MDC|1.1.2.15|0.00|mL^mL^UCUM|||||R&#xD;&#xA;&#x9;&#x9;OBX|16|NM|157993^MDC_VOL_FLUID_DELIV_TOTAL^MDC|1.1.2.16|21.63|mL^mL^UCUM|||||R&#xD;&#xA;&#x9;&#x9;OBX|17|NM|157872^MDC_VOL_FLUID_TBI_REMAIN^MDC|1.1.2.17|678.36|mL^mL^UCUM|||||R&#xD;&#xA;&#x9;&#x9;OBX|18|NM|157916^MDC_TIME_PD_REMAIN^MDC|1.1.2.18|1440|min^min^UCUM|||||R&#xD;&#xA;&#x9;&#x9;OBX|19|NM|68063^MDC_ATTR_PT_WEIGHT^MDC|1.1.2.19|90.000|kg^kg^UCUM|||||R&#xD;&#xA;&#x9;&#x9;OBX|20|ST|70055^MDC_DEV_PUMP_INFUS_SYRINGE_CHAN^MDC|1.1.4.0|||||||X&#xD;&#xA;&#x9;&#x9;OBR|22|ICU@Bed5@Alaris CC@8003-50745^AIC^ascom.com^DNS|ICU@Bed5@Alaris CC@8003-50745^AIC^ascom.com^DNS|ICU@Bed5@Alaris CC@8003-50745^unknown medication|||20220615092911.137+0200&#xD;&#xA;&#x9;&#x9;OBX|1||69985^MDC_DEV_PUMP_INFUS_MDS^MDC|1.0.0.0|||||||X|||||||Alaris CC@8003-50745@1^AIC^ascom.com^DNS&#xD;&#xA;&#x9;&#x9;OBX|2||69986^MDC_DEV_PUMP_INFUS_VMD^MDC|1.1.0.0|||||||X&#xD;&#xA;&#x9;&#x9;OBX|3|CWE|188772^MDC_COMM_STATUS^MDC|1.1.0.1|^comm-status-online^MDC||||||X&#xD;&#xA;&#x9;&#x9;OBX|4||126978^MDC_DEV_PUMP_INFUS_CHAN_DELIVERY^MDC|1.1.1.0|||||||X&#xD;&#xA;&#x9;&#x9;OBX|5|CWE|184504^MDC_PUMP_MODE^MDC|1.1.1.11|^pump-mode-continuous^MDC||||||R&#xD;&#xA;&#x9;&#x9;OBX|6|CWE|184519^MDC_PUMP_INFUSING_STATUS^MDC|1.1.1.12|^pump-status-infusing^MDC||||||R&#xD;&#xA;&#x9;&#x9;OBX|7|NM|157784^MDC_FLOW_FLUID_PUMP^MDC|1.1.1.13|0.90|mL/h^mL/h^UCUM|||||R&#xD;&#xA;&#x9;&#x9;OBX|8|NM|157993^MDC_VOL_FLUID_DELIV_TOTAL^MDC|1.1.1.14|198.861|mL^mL^UCUM|||||R&#xD;&#xA;&#x9;&#x9;OBX|9|NM|0^MDCX_PUMP_DELIVERY_PRESSURE^MDC|1.1.1.15|0|mm[Hg]^mm[Hg]^UCUM|||||R&#xD;&#xA;&#x9;&#x9;OBX|10|CWE|0^MDC_DEV_PUMP_ACTIVE_SOURCES^MDC|1.1.1.18|^pump-source-info-primary^MDC||||||R&#xD;&#xA;&#x9;&#x9;OBX|11||126977^MDC_DEV_PUMP_INFUS_CHAN_SOURCE^MDC|1.1.2.0|||||||X&#xD;&#xA;&#x9;&#x9;OBX|12|ST|184514^MDC_DRUG_NAME_LABEL^MDC|1.1.2.11|Unknown medication||||||R&#xD;&#xA;&#x9;&#x9;OBX|13|NM|157784^MDC_FLOW_FLUID_PUMP^MDC|1.1.2.13|0.90|mL/h^mL/h^UCUM|||||R&#xD;&#xA;&#x9;&#x9;OBX|14|NM|157924^MDC_RATE_DOSE^MDC|1.1.2.14|15.00|mcg/kg/min^mcg/kg/min^UCUM|||||R&#xD;&#xA;&#x9;&#x9;OBX|15|NM|157864^MDC_VOL_FLUID_DELIV^MDC|1.1.2.15|0.001|mL^mL^UCUM|||||R&#xD;&#xA;&#x9;&#x9;OBX|16|NM|157993^MDC_VOL_FLUID_DELIV_TOTAL^MDC|1.1.2.16|198.861|mL^mL^UCUM|||||R&#xD;&#xA;&#x9;&#x9;OBX|17|NM|157872^MDC_VOL_FLUID_TBI_REMAIN^MDC|1.1.2.17||mL^mL^UCUM|||||X&#xD;&#xA;&#x9;&#x9;OBX|18|NM|157916^MDC_TIME_PD_REMAIN^MDC|1.1.2.18|1099|min^min^UCUM|||||R&#xD;&#xA;&#x9;&#x9;OBX|19|NM|68063^MDC_ATTR_PT_WEIGHT^MDC|1.1.2.19|1.00|kg^kg^UCUM|||||R&#xD;&#xA;&#x9;&#x9;OBX|20|ST|70055^MDC_DEV_PUMP_INFUS_SYRINGE_CHAN^MDC|1.1.4.0|||||||X&#xD;&#xA;&#x9;&#x9;OBX|21|ST|184488^MDC_SYRINGE_MANUFACTURER^MDC|1.1.4.10|IVAC||||||R&#xD;&#xA;&#x9;&#x9;OBX|22|NM|157880^MDC_VOL_SYRINGE^MDC|1.1.4.11|50|mL^mL^UCUM|||||R&#xD;&#xA;&#x9;&#x9;OBR|23|ICU@Bed5@Alaris GH_G@8002-47530^AIC^ascom.com^DNS|ICU@Bed5@Alaris GH_G@8002-47530^AIC^ascom.com^DNS|ICU@Bed5@Alaris GH_G@8002-47530^unknown medication|||20220615092911.137+0200&#xD;&#xA;&#x9;&#x9;OBX|1||69985^MDC_DEV_PUMP_INFUS_MDS^MDC|1.0.0.0|||||||X|||||||Alaris GH_G@8002-47530@1^AIC^ascom.com^DNS&#xD;&#xA;&#x9;&#x9;OBX|2||69986^MDC_DEV_PUMP_INFUS_VMD^MDC|1.1.0.0|||||||X&#xD;&#xA;&#x9;&#x9;OBX|3|CWE|188772^MDC_COMM_STATUS^MDC|1.1.0.1|^comm-status-online^MDC||||||X&#xD;&#xA;&#x9;&#x9;OBX|4||126978^MDC_DEV_PUMP_INFUS_CHAN_DELIVERY^MDC|1.1.1.0|||||||X&#xD;&#xA;&#x9;&#x9;OBX|5|CWE|184504^MDC_PUMP_MODE^MDC|1.1.1.11|^pump-mode-continuous^MDC||||||R&#xD;&#xA;&#x9;&#x9;OBX|6|CWE|184519^MDC_PUMP_INFUSING_STATUS^MDC|1.1.1.12|^pump-status-infusing^MDC||||||R&#xD;&#xA;&#x9;&#x9;OBX|7|NM|157784^MDC_FLOW_FLUID_PUMP^MDC|1.1.1.13|30.00|mL/h^mL/h^UCUM|||||R&#xD;&#xA;&#x9;&#x9;OBX|8|NM|157993^MDC_VOL_FLUID_DELIV_TOTAL^MDC|1.1.1.14|395.038|mL^mL^UCUM|||||R&#xD;&#xA;&#x9;&#x9;OBX|9|CWE|0^MDC_DEV_PUMP_ACTIVE_SOURCES^MDC|1.1.1.18|^pump-source-info-primary^MDC||||||R&#xD;&#xA;&#x9;&#x9;OBX|10||126977^MDC_DEV_PUMP_INFUS_CHAN_SOURCE^MDC|1.1.2.0|||||||X&#xD;&#xA;&#x9;&#x9;OBX|11|ST|184514^MDC_DRUG_NAME_LABEL^MDC|1.1.2.11|Unknown medication||||||R&#xD;&#xA;&#x9;&#x9;OBX|12|NM|157784^MDC_FLOW_FLUID_PUMP^MDC|1.1.2.13|30.00|mL/h^mL/h^UCUM|||||R&#xD;&#xA;&#x9;&#x9;OBX|13|NM|157864^MDC_VOL_FLUID_DELIV^MDC|1.1.2.15|0.083|mL^mL^UCUM|||||R&#xD;&#xA;&#x9;&#x9;OBX|14|NM|157993^MDC_VOL_FLUID_DELIV_TOTAL^MDC|1.1.2.16|395.038|mL^mL^UCUM|||||R&#xD;&#xA;&#x9;&#x9;OBX|15|NM|157872^MDC_VOL_FLUID_TBI_REMAIN^MDC|1.1.2.17||mL^mL^UCUM|||||X&#xD;&#xA;&#x9;&#x9;OBX|16|NM|157916^MDC_TIME_PD_REMAIN^MDC|1.1.2.18|14|min^min^UCUM|||||R&#xD;&#xA;&#x9;&#x9;OBX|17|ST|70055^MDC_DEV_PUMP_INFUS_SYRINGE_CHAN^MDC|1.1.4.0|||||||X&#xD;&#xA;&#x9;&#x9;OBX|18|ST|184488^MDC_SYRINGE_MANUFACTURER^MDC|1.1.4.10|BD PLASTIPAK||||||R&#xD;&#xA;&#x9;&#x9;OBX|19|NM|157880^MDC_VOL_SYRINGE^MDC|1.1.4.11|50|mL^mL^UCUM|||||R&#xD;&#xA;&#x9;&#x9;OBR|24|ICU@Bed5@Alaris GW@4450^AIC^ascom.com^DNS|ICU@Bed5@Alaris GW@4450^AIC^ascom.com^DNS|ICU@Bed5@Alaris GW@4450^unknown medication|||20220615092911.137+0200&#xD;&#xA;&#x9;&#x9;OBX|1||69985^MDC_DEV_PUMP_INFUS_MDS^MDC|1.0.0.0|||||||X|||||||Alaris GW@4450@1^AIC^ascom.com^DNS&#xD;&#xA;&#x9;&#x9;OBX|2||69986^MDC_DEV_PUMP_INFUS_VMD^MDC|1.1.0.0|||||||X&#xD;&#xA;&#x9;&#x9;OBX|3|CWE|188772^MDC_COMM_STATUS^MDC|1.1.0.1|^comm-status-online^MDC||||||X&#xD;&#xA;&#x9;&#x9;OBX|4||126978^MDC_DEV_PUMP_INFUS_CHAN_DELIVERY^MDC|1.1.1.0|||||||X&#xD;&#xA;&#x9;&#x9;OBX|5|CWE|184504^MDC_PUMP_MODE^MDC|1.1.1.11|^pump-mode-continuous^MDC||||||R&#xD;&#xA;&#x9;&#x9;OBX|6|CWE|184519^MDC_PUMP_INFUSING_STATUS^MDC|1.1.1.12|^pump-status-infusing^MDC||||||R&#xD;&#xA;&#x9;&#x9;OBX|7|NM|157784^MDC_FLOW_FLUID_PUMP^MDC|1.1.1.13|5.0|mL/h^mL/h^UCUM|||||R&#xD;&#xA;&#x9;&#x9;OBX|8|NM|157993^MDC_VOL_FLUID_DELIV_TOTAL^MDC|1.1.1.14|59.6|mL^mL^UCUM|||||R&#xD;&#xA;&#x9;&#x9;OBX|9|NM|0^MDCX_PUMP_DELIVERY_PRESSURE^MDC|1.1.1.15|39|mm[Hg]^mm[Hg]^UCUM|||||R&#xD;&#xA;&#x9;&#x9;OBX|10|CWE|0^MDC_DEV_PUMP_ACTIVE_SOURCES^MDC|1.1.1.18|^pump-source-info-primary^MDC||||||R&#xD;&#xA;&#x9;&#x9;OBX|11||126977^MDC_DEV_PUMP_INFUS_CHAN_SOURCE^MDC|1.1.2.0|||||||X&#xD;&#xA;&#x9;&#x9;OBX|12|ST|184514^MDC_DRUG_NAME_LABEL^MDC|1.1.2.11|Unknown medication||||||R&#xD;&#xA;&#x9;&#x9;OBX|13|NM|157784^MDC_FLOW_FLUID_PUMP^MDC|1.1.2.13|5.0|mL/h^mL/h^UCUM|||||R&#xD;&#xA;&#x9;&#x9;OBX|14|NM|157864^MDC_VOL_FLUID_DELIV^MDC|1.1.2.15|0.0|mL^mL^UCUM|||||R&#xD;&#xA;&#x9;&#x9;OBX|15|NM|157993^MDC_VOL_FLUID_DELIV_TOTAL^MDC|1.1.2.16|59.6|mL^mL^UCUM|||||R&#xD;&#xA;&#x9;&#x9;OBX|16|NM|157872^MDC_VOL_FLUID_TBI_REMAIN^MDC|1.1.2.17|44.4|mL^mL^UCUM|||||R&#xD;&#xA;&#x9;&#x9;OBX|17|NM|157916^MDC_TIME_PD_REMAIN^MDC|1.1.2.18|533|min^min^UCUM|||||R&#xD;&#xA;&#x9;&#x9;OBX|18|ST|70055^MDC_DEV_PUMP_INFUS_SYRINGE_CHAN^MDC|1.1.4.0|||||||X,True,24)" classname="Philips.PMP.Test.Auto.IheDeviceTest" time="0.037" status="1" />
    <testcase name="IntelliBridgeDeviceDataMultipleDeviceFromSimilarDDI" classname="Philips.PMP.Test.Auto.IheDeviceTest" time="0.058" status="1" />
    <testcase name="ProcessPC01MessageMissingSerialMDSVMD (CapsuleMDIP,MSH|^~\&amp;|DATACAPTOR|Hospital1|||20180622133129.269+0200||ORU^R01^ORU_R01|86221331292749a1|P|2.6|||NE|NE||8859/1|||IHE_PCD_001^IHE PCD^1.3.6.1.4.1.19376.1.6.1.1.1^ISO|&#xD;&#xA;&#x9;&#x9;PID|||PID3-EXAMPLE||Smith^John^^^^^L||19470331000000.000+0200|M|||||||FRENCH|||PID18-EXAMPLE|&#xD;&#xA;&#x9;&#x9;PV1||O|{PV13Location}|&#xD;&#xA;&#x9;&#x9;OBR|1|1203^CAPSULE^3268B019E1B44157^EUI-64|1203^CAPSULE^3268B019E1B44157^EUI-64|196616^MDC_EVT_ALARM^MDC|||20221216144425.000+0530|||INGBTCPIC6MS057|||INGBTCPIC6MS057||||||||OBRIdentifier||||||||^{796AE130-F582-4DCD-AD0B-8E7148C48229}&amp;CAPSULE&amp;3268B019E1B44157&amp;EUI-64|&#xD;&#xA;&#x9;&#x9;OBX|1||70001^NOM_DEV_SYS_PT_VENT_MDS^MDIL|1.0.0.0|||||||X||||||||&#xD;&#xA;&#x9;&#x9;OBX|2||129726^NOM_DEV_CONTEX_VMD^MDIL|1.1.0.0|||||||X||||||||&#xD;&#xA;&#x9;&#x9;OBX|3||129725^NOM_DEV_CONTEXT_CHAN^MDIL|1.1.1.0|||||||X|&#xD;&#xA;&#x9;&#x9;OBX|5|NM|150492^MDC_OUTPUT_CARD_CTS^MDIL^^^^^^CCO|1.1.1.1|0.591|327679^NOM_DIM_NEW^MDIL^^^^^^NEW|||||R|&#xD;&#xA;&#x9;&#x9;OBX|6||129727^NOM_DEV_CONTEX2_VMD^MDIL|1.2.0.0|||||||X||||||||&#xD;&#xA;&#x9;&#x9;OBX|7||129725^NOM_DEV_CONTEXT_CHAN^MDIL|1.2.1.0|||||||X|&#xD;&#xA;&#x9;&#x9;OBX|8|NM|150492^MDC_OUTPUT_CARD_CTS^MDIL^^^^^^CCO|1.2.1.1|0.591|327679^NOM_DIM_NEW^MDIL^^^^^^NEW|||||R|,OBRIdentifier,OBRIdentifierNOM_DEV_CONTEX_VMD)" classname="Philips.PMP.Test.Auto.IheDeviceTest" time="0.003" status="1" />
    <testcase name="ProcessPC01MessageMissingSerialMDSVMD (BBraunDoselinkPlus,MSH|^~\&amp;|PAT_DEVICE_BBRAUN^0012211839000001^EUI-64|BBRAUN|DOC_AM_TEST|BB1|20220523142113+0000||ORU^R01^ORU_R01|63788912473382465025|P|2.6|||AL|NE||ASCII|en^English^ISO639||IHE_PCD_001^IHE PCD^1.3.6.1.4.1.19376.1.6.4.1^ISO&#xD;&#xA;&#x9;&#x9;PID|||Unknown Patient^Unknown Patient||^^^^^^U||||||||||||||||||||||||||Y&#xD;&#xA;&#x9;&#x9;OBR|1|029d53e1-daa3-11ec-8487-c0ee400d168f^PAT_DEVICE_BBRAUN^0012211839000001^EUI-64|029d53e1-daa3-11ec-8487-c0ee400d168f^PAT_DEVICE_BBRAUN^0012211839000001^EUI-64|Dobutamine^Dobutamine|||20220523142039+0000&#xD;&#xA;&#x9;&#x9;OBX|1||70053^MDC_DEV_PUMP_INFUS_SYRINGE_MDS^MDC|1.0.0.0|||||||X|||||||&#xD;&#xA;&#x9;&#x9;OBX|2||70054^MDC_DEV_PUMP_INFUS_SYRINGE_VMD^MDC|1.1.0.0|||||||X&#xD;&#xA;&#x9;&#x9;OBX|8||70067^MDC_DEV_PUMP_DELIVERY_INFO^MDC|1.1.1.0|||||||X&#xD;&#xA;&#x9;&#x9;OBX|9|ST|0^MDC_ATTR_PUMP_PILLAR_DETAILS^MDC|1.1.0.24|0^0||||||F|||||||CA1~Rm1~Bed2~Fac1~~~Bldg1~Fl1^^0012210000000000^EUI-64&#xD;&#xA;&#x9;&#x9;OBX|10|NM|158014^MDC_FLOW_FLUID_PUMP_CURRENT^MDC|1.1.1.1|18|265266^MDC_DIM_MILLI_L_PER_HR^MDC^mL/h^mL/h^UCUM|||||R,,MDC_DEV_PUMP_INFUS_SYRINGE_VMD)" classname="Philips.PMP.Test.Auto.IheDeviceTest" time="0.001" status="1" />
    <testcase name="ProcessPC01MessageMissingOBR" classname="Philips.PMP.Test.Auto.IheDeviceTest" time="0.001" status="1" />
    <testcase name="ProcessPC01MessageUnitAddUpdateRemove" classname="Philips.PMP.Test.Auto.IheDeviceTest" time="0.007" status="1" />
    <testcase name="IheBBraunDoselinkPlusUniqueIdTest (BBraunDoselinkPlus,MSH|^~\&amp;|PAT_DEVICE_BBRAUN^0012211839000001^EUI-64|BBRAUN|DOC_AM_TEST|BB1|20220523142113+0000||ORU^R01^ORU_R01|63788912473382465025|P|2.6|||AL|NE||ASCII|en^English^ISO639||IHE_PCD_001^IHE PCD^1.3.6.1.4.1.19376.1.6.4.1^ISO&#xD;&#xA;&#x9;&#x9;PID|||Unknown Patient^Unknown Patient||^^^^^^U||||||||||||||||||||||||||Y&#xD;&#xA;&#x9;&#x9;OBR|1|029d53e1-daa3-11ec-8487-c0ee400d168f^PAT_DEVICE_BBRAUN^0012211839000001^EUI-64|029d53e1-daa3-11ec-8487-c0ee400d168f^PAT_DEVICE_BBRAUN^0012211839000001^EUI-64|Dobutamine^Dobutamine|||20220523142039+0000&#xD;&#xA;&#x9;&#x9;OBX|1||70053^MDC_DEV_PUMP_INFUS_SYRINGE_MDS^MDC|1.0.0.0|||||||X|||||||P2450^^0012210000000000^EUI-64&#xD;&#xA;&#x9;&#x9;OBX|2||70054^MDC_DEV_PUMP_INFUS_SYRINGE_VMD^MDC|1.1.0.0|||||||X&#xD;&#xA;&#x9;&#x9;OBX|8||70067^MDC_DEV_PUMP_DELIVERY_INFO^MDC|1.1.1.0|||||||X&#xD;&#xA;&#x9;&#x9;OBX|9|ST|0^MDC_ATTR_PUMP_PILLAR_DETAILS^MDC|1.1.0.24|0^0||||||F|||||||{uniqueId}&#xD;&#xA;&#x9;&#x9;OBX|9|CWE|184519^MDC_PUMP_INFUSING_STATUS^MDC|1.1.1.1|^pump-status-infusing||||||R&#xD;&#xA;&#x9;&#x9;OBX|10|NM|158014^MDC_FLOW_FLUID_PUMP_CURRENT^MDC|1.1.1.2|18|265266^MDC_DIM_MILLI_L_PER_HR^MDC^mL/h^mL/h^UCUM|||||R&#xD;&#xA;&#x9;&#x9;OBX|11|CWE|158016^MDC_DEV_PUMP_ACTIVE_SOURCES^MDC|1.1.1.3|^pump-source-info-primary||||||R&#xD;&#xA;&#x9;&#x9;OBX|12||70071^MDC_DEV_PUMP_INFUSATE_SOURCE_PRIMARY^MDC|1.1.2.0|||||||X&#xD;&#xA;&#x9;&#x9;OBX|13|ST|158012^MDC_DEV_PUMP_SOURCE_CHANNEL_LABEL^MDC|1.1.2.1|Primary||||||R&#xD;&#xA;&#x9;&#x9;OBX|14|ST|184514^MDC_DRUG_NAME_LABEL^MDC|1.1.2.2|Dobutamine||||||R&#xD;&#xA;&#x9;&#x9;OBX|15|ST|184516^MDC_PUMP_DRUG_LIBRARY_CARE_AREA^MDC|1.1.2.4|Global Surgery||||||R&#xD;&#xA;&#x9;&#x9;OBX|16|NM|157784^MDC_FLOW_FLUID_PUMP^MDC|1.1.2.5|18|265266^MDC_DIM_MILLI_L_PER_HR^MDC^mL/h^mL/h^UCUM|||||R&#xD;&#xA;&#x9;&#x9;OBX|17|NM|157760^MDC_CONC_DRUG^MDC|1.1.2.7|5|264306^MDC_DIM_MILLI_G_PER_ML^MDC^mg/mL^mg/mL^UCUM|||||R&#xD;&#xA;&#x9;&#x9;OBX|18|NM|157884^MDC_VOL_FLUID_TBI^MDC|1.1.2.8|2|263762^MDC_DIM_MILLI_L^MDC^mL^mL^UCUM|||||R&#xD;&#xA;&#x9;&#x9;OBX|19|NM|157872^MDC_VOL_FLUID_TBI_REMAIN^MDC|1.1.2.9|0.9|263762^MDC_DIM_MILLI_L^MDC^mL^mL^UCUM|||||R&#xD;&#xA;&#x9;&#x9;OBX|20|NM|157993^MDC_VOL_FLUID_DELIV_TOTAL^MDC|1.1.2.11|1.1|263762^MDC_DIM_MILLI_L^MDC^mL^mL^UCUM|||||R&#xD;&#xA;&#x9;&#x9;OBX|21|NM|157999^MDC_DOSE_DRUG_TBI^MDC|1.1.2.12|10000|263891^MDC_DIM_MICRO_G^MDC^ug^ug^UCUM|||||R&#xD;&#xA;&#x9;&#x9;OBX|22|NM|158000^MDC_DOSE_DRUG_TBI_REMAIN^MDC|1.1.2.13|4480|263891^MDC_DIM_MICRO_G^MDC^ug^ug^UCUM|||||R&#xD;&#xA;&#x9;&#x9;OBX|23|NM|158001^MDC_DOSE_DRUG_DELIV_TOTAL^MDC|1.1.2.15|5520|263891^MDC_DIM_MICRO_G^MDC^ug^ug^UCUM|||||R&#xD;&#xA;&#x9;&#x9;OBX|24|NM|157996^MDC_TIME_PD_PROG^MDC|1.1.2.16|400|264320^MDC_DIM_X_SEC^MDC^s^s^UCUM|||||R&#xD;&#xA;&#x9;&#x9;OBX|25|NM|157916^MDC_TIME_PD_REMAIN^MDC|1.1.2.17|179|264320^MDC_DIM_X_SEC^MDC^s^s^UCUM|||||R&#xD;&#xA;&#x9;&#x9;OBX|26|NM|68063^MDC_ATTR_PT_WEIGHT^MDC|1.1.2.18|100|263875^MDC_DIM_KILO_G^MDC^kg^kg^UCUM|||||R&#xD;&#xA;&#x9;&#x9;OBX|27|CWE|158008^MDC_DEV_PUMP_PROGRAM_DELIVERY_MODE^MDC|1.1.2.21|^pump-program-delivery-mode-continuous||||||R&#xD;&#xA;&#x9;&#x9;OBX|28|CWE|158005^MDC_DEV_PUMP_CURRENT_DELIVERY_STATUS^MDC|1.1.2.22|^pump-delivery-status-delivering||||||R&#xD;&#xA;&#x9;&#x9;OBX|29||70091^MDC_DEV_PUMP_SYRINGE_INFO^MDC|1.1.6.0|||||||X&#xD;&#xA;&#x9;&#x9;OBX|30|NM|157880^MDC_VOL_SYRINGE^MDC|1.1.6.1|50|263762^MDC_DIM_MILLI_L^MDC^mL^mL^UCUM|||||R&#xD;&#xA;&#x9;&#x9;OBX|31|NM|157984^MDC_VOL_SYRINGE_ACTUAL^MDC|1.1.6.2|30.95|263762^MDC_DIM_MILLI_L^MDC^mL^mL^UCUM|||||R&#xD;&#xA;&#x9;&#x9;OBX|32|ST|184488^MDC_SYRINGE_MANUFACTURER^MDC|1.1.6.3|B.Braun OPS 50 mL||||||R,CA1~Rm1~Bed2~Fac1~~~Bldg1~Fl1^^0012210000000000^EUI-64,CA1^RM1^BED2^FAC1^^^BLDG1^FL1)" classname="Philips.PMP.Test.Auto.IheDeviceTest" time="0.006" status="1" />
    <testcase name="IheBBraunDoselinkPlusUniqueIdTest (BBraunDoselinkPlus,MSH|^~\&amp;|PAT_DEVICE_BBRAUN^0012211839000001^EUI-64|BBRAUN|DOC_AM_TEST|BB1|20220523142113+0000||ORU^R01^ORU_R01|63788912473382465025|P|2.6|||AL|NE||ASCII|en^English^ISO639||IHE_PCD_001^IHE PCD^1.3.6.1.4.1.19376.1.6.4.1^ISO&#xD;&#xA;&#x9;&#x9;PID|||Unknown Patient^Unknown Patient||^^^^^^U||||||||||||||||||||||||||Y&#xD;&#xA;&#x9;&#x9;OBR|1|029d53e1-daa3-11ec-8487-c0ee400d168f^PAT_DEVICE_BBRAUN^0012211839000001^EUI-64|029d53e1-daa3-11ec-8487-c0ee400d168f^PAT_DEVICE_BBRAUN^0012211839000001^EUI-64|Dobutamine^Dobutamine|||20220523142039+0000&#xD;&#xA;&#x9;&#x9;OBX|1||70053^MDC_DEV_PUMP_INFUS_SYRINGE_MDS^MDC|1.0.0.0|||||||X|||||||P2450^^0012210000000000^EUI-64&#xD;&#xA;&#x9;&#x9;OBX|2||70054^MDC_DEV_PUMP_INFUS_SYRINGE_VMD^MDC|1.1.0.0|||||||X&#xD;&#xA;&#x9;&#x9;OBX|8||70067^MDC_DEV_PUMP_DELIVERY_INFO^MDC|1.1.1.0|||||||X&#xD;&#xA;&#x9;&#x9;OBX|9|ST|0^MDC_ATTR_PUMP_PILLAR_DETAILS^MDC|1.1.0.24|0^0||||||F|||||||{uniqueId}&#xD;&#xA;&#x9;&#x9;OBX|9|CWE|184519^MDC_PUMP_INFUSING_STATUS^MDC|1.1.1.1|^pump-status-infusing||||||R&#xD;&#xA;&#x9;&#x9;OBX|10|NM|158014^MDC_FLOW_FLUID_PUMP_CURRENT^MDC|1.1.1.2|18|265266^MDC_DIM_MILLI_L_PER_HR^MDC^mL/h^mL/h^UCUM|||||R&#xD;&#xA;&#x9;&#x9;OBX|11|CWE|158016^MDC_DEV_PUMP_ACTIVE_SOURCES^MDC|1.1.1.3|^pump-source-info-primary||||||R&#xD;&#xA;&#x9;&#x9;OBX|12||70071^MDC_DEV_PUMP_INFUSATE_SOURCE_PRIMARY^MDC|1.1.2.0|||||||X&#xD;&#xA;&#x9;&#x9;OBX|13|ST|158012^MDC_DEV_PUMP_SOURCE_CHANNEL_LABEL^MDC|1.1.2.1|Primary||||||R&#xD;&#xA;&#x9;&#x9;OBX|14|ST|184514^MDC_DRUG_NAME_LABEL^MDC|1.1.2.2|Dobutamine||||||R&#xD;&#xA;&#x9;&#x9;OBX|15|ST|184516^MDC_PUMP_DRUG_LIBRARY_CARE_AREA^MDC|1.1.2.4|Global Surgery||||||R&#xD;&#xA;&#x9;&#x9;OBX|16|NM|157784^MDC_FLOW_FLUID_PUMP^MDC|1.1.2.5|18|265266^MDC_DIM_MILLI_L_PER_HR^MDC^mL/h^mL/h^UCUM|||||R&#xD;&#xA;&#x9;&#x9;OBX|17|NM|157760^MDC_CONC_DRUG^MDC|1.1.2.7|5|264306^MDC_DIM_MILLI_G_PER_ML^MDC^mg/mL^mg/mL^UCUM|||||R&#xD;&#xA;&#x9;&#x9;OBX|18|NM|157884^MDC_VOL_FLUID_TBI^MDC|1.1.2.8|2|263762^MDC_DIM_MILLI_L^MDC^mL^mL^UCUM|||||R&#xD;&#xA;&#x9;&#x9;OBX|19|NM|157872^MDC_VOL_FLUID_TBI_REMAIN^MDC|1.1.2.9|0.9|263762^MDC_DIM_MILLI_L^MDC^mL^mL^UCUM|||||R&#xD;&#xA;&#x9;&#x9;OBX|20|NM|157993^MDC_VOL_FLUID_DELIV_TOTAL^MDC|1.1.2.11|1.1|263762^MDC_DIM_MILLI_L^MDC^mL^mL^UCUM|||||R&#xD;&#xA;&#x9;&#x9;OBX|21|NM|157999^MDC_DOSE_DRUG_TBI^MDC|1.1.2.12|10000|263891^MDC_DIM_MICRO_G^MDC^ug^ug^UCUM|||||R&#xD;&#xA;&#x9;&#x9;OBX|22|NM|158000^MDC_DOSE_DRUG_TBI_REMAIN^MDC|1.1.2.13|4480|263891^MDC_DIM_MICRO_G^MDC^ug^ug^UCUM|||||R&#xD;&#xA;&#x9;&#x9;OBX|23|NM|158001^MDC_DOSE_DRUG_DELIV_TOTAL^MDC|1.1.2.15|5520|263891^MDC_DIM_MICRO_G^MDC^ug^ug^UCUM|||||R&#xD;&#xA;&#x9;&#x9;OBX|24|NM|157996^MDC_TIME_PD_PROG^MDC|1.1.2.16|400|264320^MDC_DIM_X_SEC^MDC^s^s^UCUM|||||R&#xD;&#xA;&#x9;&#x9;OBX|25|NM|157916^MDC_TIME_PD_REMAIN^MDC|1.1.2.17|179|264320^MDC_DIM_X_SEC^MDC^s^s^UCUM|||||R&#xD;&#xA;&#x9;&#x9;OBX|26|NM|68063^MDC_ATTR_PT_WEIGHT^MDC|1.1.2.18|100|263875^MDC_DIM_KILO_G^MDC^kg^kg^UCUM|||||R&#xD;&#xA;&#x9;&#x9;OBX|27|CWE|158008^MDC_DEV_PUMP_PROGRAM_DELIVERY_MODE^MDC|1.1.2.21|^pump-program-delivery-mode-continuous||||||R&#xD;&#xA;&#x9;&#x9;OBX|28|CWE|158005^MDC_DEV_PUMP_CURRENT_DELIVERY_STATUS^MDC|1.1.2.22|^pump-delivery-status-delivering||||||R&#xD;&#xA;&#x9;&#x9;OBX|29||70091^MDC_DEV_PUMP_SYRINGE_INFO^MDC|1.1.6.0|||||||X&#xD;&#xA;&#x9;&#x9;OBX|30|NM|157880^MDC_VOL_SYRINGE^MDC|1.1.6.1|50|263762^MDC_DIM_MILLI_L^MDC^mL^mL^UCUM|||||R&#xD;&#xA;&#x9;&#x9;OBX|31|NM|157984^MDC_VOL_SYRINGE_ACTUAL^MDC|1.1.6.2|30.95|263762^MDC_DIM_MILLI_L^MDC^mL^mL^UCUM|||||R&#xD;&#xA;&#x9;&#x9;OBX|32|ST|184488^MDC_SYRINGE_MANUFACTURER^MDC|1.1.6.3|B.Braun OPS 50 mL||||||R,,^^^^^^^)" classname="Philips.PMP.Test.Auto.IheDeviceTest" time="0.002" status="1" />
    <testcase name="IheBBraunDoselinkPlusUniqueIdTest (BBraunDoselinkPlus,MSH|^~\&amp;|PAT_DEVICE_BBRAUN^0012211839000001^EUI-64|BBRAUN|BBRAUN_DOC_AM_TEST|BBRAUN|20230712155314+0000||ORU^R40^ORU_R40|63824773994760285721|P|2.6|||AL|NE||ASCII|en^English^ISO639||IHE_PCD_ACM_001^IHE PCD^1.3.6.1.4.1.19376.1.6.4.4^ISO&#xD;&#xA;&#x9;&#x9;PID|||Unknown Patient^Unknown Patient||^^^^^^U||||||||||||||||||||||||||Y&#xD;&#xA;&#x9;&#x9;PV1||N|{uniqueId}&#xD;&#xA;&#x9;&#x9;OBR|1|638247739947605255^PAT_DEVICE_BBRAUN^0012211839000001^EUI-64|P2444_e945c379-2018-11ee-8398-c0ee400dea7d_12_1^PAT_DEVICE_BBRAUN^0012211839000001^EUI-64|196616^MDC_EVT_ALARM^MDC|||20230712155314+0000||||||||||||||||||||||^P2444_e945c379-2018-11ee-8398-c0ee400dea7d_12_0&amp;PAT_DEVICE_BBRAUN&amp;0012211839000001&amp;EUI-64&#xD;&#xA;&#x9;&#x9;OBX|1||70053^MDC_DEV_PUMP_INFUS_SYRINGE_MDS^MDC|1.0.0.0|||||||X|||||||P2444^^0012210000000000^EUI-64&#xD;&#xA;&#x9;&#x9;OBX|2||70054^MDC_DEV_PUMP_INFUS_SYRINGE_VMD^MDC|1.1.0.0|||||||X&#xD;&#xA;&#x9;&#x9;OBX|3|CWE|196616^MDC_EVT_ALARM^MDC|1.1.0.0.1|196678^MDC_EVT_MALF^MDC||||||F|||20230711182948+0000&#xD;&#xA;&#x9;&#x9;OBX|4|CWE|68480^MDC_ATTR_ALERT_SOURCE^MDC|1.1.0.0.2|70053^MDC_DEV_PUMP_INFUS_SYRINGE_MDS^MDC||||||F|||||||P2444^^0012210000000000^EUI-64&#xD;&#xA;&#x9;&#x9;OBX|5|ST|68481^MDC_ATTR_EVENT_PHASE^MDC|1.1.0.0.3|update||||||F&#xD;&#xA;&#x9;&#x9;OBX|6|ST|68482^MDC_ATTR_ALARM_STATE^MDC|1.1.0.0.4|active||||||F&#xD;&#xA;&#x9;&#x9;OBX|7|ST|68483^MDC_ATTR_ALARM_INACTIVATION_STATE^MDC|1.1.0.0.5|audio-paused||||||F&#xD;&#xA;&#x9;&#x9;OBX|8|ST|68484^MDC_ATTR_ALARM_PRIORITY^MDC|1.1.0.0.6|PH||||||F&#xD;&#xA;&#x9;&#x9;OBX|9|ST|68485^MDC_ATTR_ALERT_TYPE^MDC|1.1.0.0.7|ST||||||F&#xD;&#xA;&#x9;&#x9;OBX|10|ST|68546^MDC_ATTR_ALERT_TEXT^MDC|1.1.0.0.8|Contact with Syringe Lost||||||F,,)" classname="Philips.PMP.Test.Auto.IheDeviceTest" time="0.002" status="1" />
    <testcase name="IheBBraunDoselinkPlusUniqueIdTest (CapsuleMDIP,MSH|^~\&amp;|||||20220720013516.038-0400||ORU^R01^ORU_R01|HP0720013516.038PHMXL02238QJ322|P|2.6|||AL|NE||8859/1|EN^English^ISO639||IHE_PCD_001^IHE PCD^1.3.6.1.4.1.19376.1.6.1.1.1^ISO|&#xD;&#xA;&#x9;&#x9;PID|1||&quot;^^^Philips^MR||&quot;^&quot;^&quot;^^^^L||20050415000000.000+0200|F|||||||FRENCH|||PID18|&#xD;&#xA;&#x9;&#x9;PV1|2|I|{uniqueId}|1|&#xD;&#xA;&#x9;&#x9;OBR|||0009fbFFFF07f06a^^^EUI-64|69669^MDC_DEV_ANALY_CARD_OUTPUT_MDS^MDC|||20220720013513.935-0400|||ABC-123|||ABC-123|||||||| BaxterIFMout_5.3.5_EV1000_Baxter_XYZ456&#xD;&#xA;&#x9;&#x9;OBX|4||69669^NOM_DEV_ANALY_CARD_OUTPUT_MDS^MDC|1.0.0.0|||||||X|||||||718cbcf4-c374-4c31-9041-6cbd3c46aeaf-Edwards EV1000&#xD;&#xA;&#x9;&#x9;OBX|5||69670^NOM_DEV_ANALY_CARD_OUTPUT_VMD^MDC|1.1.0.0|||||||X|||||||&#xD;&#xA;&#x9;&#x9;OBX|6||69671^MDC_NOM_DEV_ANALY_CARD_OUTPUT_CHAN^MDC|1.1.1.0|||||||X|&#xD;&#xA;&#x9;&#x9;OBX|7|CWE|12345678^UNKNOWN^UNKNOWN^^^^^^tMode|1.1.1.41|1076259847^NLS_DRV_ED711_ENUM_VV_SENSOR^MDC^^^^^^VolView||||||R|||20180622133129.224+0200|&#xD;&#xA;&#x9;&#x9;OBX|8|CWE|67303669^NOM_SETT_MODE_MSMT^MDC^^^^^^sMode|1.1.1.41|1076259847^NLS_DRV_ED711_ENUM_VV_SENSOR^MDC^^^^^^VolView||||||R||SETTING|20180622133304.394+0200|||||&#xD;&#xA;&#x9;&#x9;OBX|9|CWE|67305467^NOM_SETT_MODE_MSMT^MDC^^^^^^testLabelEnum|1.1.1.41|1076259847^NLS_DRV_ED711_ENUM_VV_SENSOR^MDC^^^^^^VolView||||||R|||20180622133129.224+0200|&#xD;&#xA;&#x9;&#x9;OBX|10|CWE|67305468^NOM_NEW^MDC^^^^^^sMode|1.1.1.41|1076259847^NLS_DRV_ED711_ENUM_VV_SENSOR^CAPSULE^^^^^^VolView||||||R|||20180622133129.224+0200|&#xD;&#xA;&#x9;&#x9;OBX|11|CWE|67305469^NOM_NEW^MDC^^^^^^sMode|1.1.1.41|1076297727^UNKNOWN^UNKNOWN^^^^^^VolView||||||R|||20180622133129.224+0200|&#xD;&#xA;&#x9;&#x9;OBX|12|ST|67293194^NOM_SETT_DRUG_NAME_TYPE^MDC|1.4.1.5|RandomDrug||||||R||&#xD;&#xA;&#x9;&#x9;OBX|13|NM|67305466^NOM_NEW^MDC^^^^^^testLabelNum|1.1.1.41|100|262656^MDC_DIM_DIMLESS^MDC|||||R|||20180622133129.224+0200|&#xD;&#xA;&#x9;&#x9;OBX|14|NM|67305465^NOM_NEW^UNKNOWN^^^^^^testLabelNum2|1.1.1.41|100|262656^MDC_DIM_DIMLESS^MDC|||||R|||20180622133129.224+0200|&#xD;&#xA;&#x9;&#x9;OBX|15|NM|67305464^NOM_NEW^MDC^^^^^^testLabelNum3|1.1.1.41|100|262656^MDC_DIM_DIMLESS^MDC|||||R|||20180622133129.224+0200|&#xD;&#xA;&#x9;&#x9;OBX|16|NM|67305463^NOM_NEW^MDC^^^^^^testLabelNum4|1.1.1.41|100|262656^MDC_DIM_DIMLESS^UNKNOWN|||||R|||20180622133129.224+0200|&#xD;&#xA;&#x9;&#x9;OBX|17|NM|67305462^NOM_NEW^MDC^^^^^^testLabelNum5|1.1.1.41|100.0|327679^MDC_DIM_DIMLESS^MDIL^^^^^^NewUnit|||||R|||20180622133129.224+0200|&#xD;&#xA;&#x9;&#x9;OBX|18|NM|67305461^NOM_NEW^MDC^^^^^^testLabelNum6|1.1.1.41|100.00|327679^MDC_DIM_DIMLESS^MDIL^^^^^^NewUnit|||||R||APERIODIC|20180622133129.224+0200|&#xD;&#xA;&#x9;&#x9;OBX|19|CE|67305460^NOM_NEW^MDC^^^^^^testLabelNum7|1.1.1.41|100.00|327679^MDC_DIM_DIMLESS^MDIL^^^^^^NewUnit|||||R|||20180622133129.224+0200|&#xD;&#xA;&#x9;&#x9;OBX|20|NM|NAN^NOM_NEW^MDC^^^^^^testLabelNum8|1.1.1.41|100.00|327679^MDC_DIM_DIMLESS^MDIL^^^^^^NewUnit|||||R|||20180622133129.224+0200|&#xD;&#xA;&#x9;&#x9;OBX|21|CWE|67305468^NOM_NEW^MDC^^^^^^sMode|1.1.1.41|NAN^NLS_DRV_ED711_ENUM_VV_SENSOR^CAPSULE^^^^^^VolView||||||R|||20180622133129.224+0200|&#xD;&#xA;&#x9;&#x9;OBX|22|CWE|67305459^NOM_NEW^MDC^^^^^^testLabelNum9|1.1.1.41|1076297727^NEW_PARAM^MDIL^^^^^^NewEnum||||||R|||20180622133129.224+0200|&#xD;&#xA;&#x9;&#x9;OBX|23|CWE|67305458^NOM_NEW^MDC^^^^^^testLabelNum10|1.1.1.41|NAN^NEW_PARAM^MDIL^^^^^^NewEnum2||||||R|||20180622133129.224+0200|&#xD;&#xA;&#x9;&#x9;OBX|24|CWE|67305458^NOM_NEW^MDC^^^^^^testLabelNum11|1.1.1.41|1076297727^NEW_PARAM^MDIL^^^^^^機器情報||||||R|||20180622133129.224+0200|,ICU1^^^BED002,ICU1^^^BED002)" classname="Philips.PMP.Test.Auto.IheDeviceTest" time="0.008" status="1" />
    <testcase name="IheBBraunDoselinkPlusUniqueIdTest (BDAIC,MSH|^~\&amp;|CONNECT|UMS|||20220614062102+0200||ORU^R01^ORU_R01|PCD-01_20220614042102219811|P|2.6|||AL|NE|||EN^English^ISO639||IHE_PCD_001^IHE PCD^1.3.6.1.4.1.19376.1.6.1.1.1^ISO&#xD;&#xA;&#x9;&#x9;PID|||Bed3^^^AIC^U||Bed3^^^^^^U&#xD;&#xA;&#x9;&#x9;PV1|2|I|{uniqueId}|1|&#xD;&#xA;&#x9;&#x9;OBR|1|ICU@Bed3@Alaris PK@8005-05758^AIC^ascom.com^DNS|ICU@Bed3@Alaris PK@8005-05758^AIC^ascom.com^DNS|ICU@Bed3@Alaris PK@8005-05758^Alfentanil|||20220614062100.108+0200&#xD;&#xA;&#x9;&#x9;OBX|1||69985^MDC_DEV_PUMP_INFUS_MDS^MDC|1.0.0.0|||||||X|||||||Alaris PK@8005-05758@1^AIC^ascom.com^DNS&#xD;&#xA;&#x9;&#x9;OBX|2||69986^MDC_DEV_PUMP_INFUS_VMD^MDC|1.1.0.0|||||||X&#xD;&#xA;&#x9;&#x9;OBX|4||126978^MDC_DEV_PUMP_INFUS_CHAN_DELIVERY^MDC|1.1.1.0|||||||X&#xD;&#xA;&#x9;&#x9;OBX|3|CWE|188772^MDC_COMM_STATUS^MDC|1.1.0.1|^comm-status-online^MDC||||||X&#xD;&#xA;&#x9;&#x9;OBX|5|CWE|184504^MDC_PUMP_MODE^MDC|1.1.1.11|^pump-mode-continuous^MDC||||||R&#xD;&#xA;&#x9;&#x9;OBX|6|CWE|184519^MDC_PUMP_INFUSING_STATUS^MDC|1.1.1.12|^pump-status-infusing^MDC||||||R&#xD;&#xA;&#x9;&#x9;OBX|7|NM|157784^MDC_FLOW_FLUID_PUMP^MDC|1.1.1.13|7.23|mL/h^mL/h^UCUM|||||R&#xD;&#xA;&#x9;&#x9;OBX|8|NM|157993^MDC_VOL_FLUID_DELIV_TOTAL^MDC|1.1.1.14|7.793|mL^mL^UCUM|||||R&#xD;&#xA;&#x9;&#x9;OBX|9|NM|0^MDCX_PUMP_PK_PC^MDC|1.1.1.16|19.9944|ng/mL^ng/mL^UCUM|||||R&#xD;&#xA;&#x9;&#x9;OBX|10|NM|0^MDCX_PUMP_PK_EC^MDC|1.1.1.17|19.9987|ng/mL^ng/mL^UCUM|||||R&#xD;&#xA;&#x9;&#x9;OBX|11|CWE|0^MDC_DEV_PUMP_ACTIVE_SOURCES^MDC|1.1.1.18|^pump-source-info-primary^MDC||||||R&#xD;&#xA;&#x9;&#x9;OBX|12||126977^MDC_DEV_PUMP_INFUS_CHAN_SOURCE^MDC|1.1.2.0|||||||X&#xD;&#xA;&#x9;&#x9;OBX|13|ST|184514^MDC_DRUG_NAME_LABEL^MDC|1.1.2.11|Alfentanil||||||R&#xD;&#xA;&#x9;&#x9;OBX|14|NM|157760^MDC_CONC_DRUG^MDC|1.1.2.12|100.00|mcg/mL^mcg/mL^UCUM|||||R&#xD;&#xA;&#x9;&#x9;OBX|15|NM|157784^MDC_FLOW_FLUID_PUMP^MDC|1.1.2.13|7.23|mL/h^mL/h^UCUM|||||R&#xD;&#xA;&#x9;&#x9;OBX|16|NM|157924^MDC_RATE_DOSE^MDC|1.1.2.14|0.17|mcg/kg/min^mcg/kg/min^UCUM|||||R&#xD;&#xA;&#x9;&#x9;OBX|17|NM|157864^MDC_VOL_FLUID_DELIV^MDC|1.1.2.15|0.010|mL^mL^UCUM|||||R&#xD;&#xA;&#x9;&#x9;OBX|18|NM|157993^MDC_VOL_FLUID_DELIV_TOTAL^MDC|1.1.2.16|7.793|mL^mL^UCUM|||||R&#xD;&#xA;&#x9;&#x9;OBX|19|NM|157872^MDC_VOL_FLUID_TBI_REMAIN^MDC|1.1.2.17||mL^mL^UCUM|||||X&#xD;&#xA;&#x9;&#x9;OBX|20|NM|157916^MDC_TIME_PD_REMAIN^MDC|1.1.2.18|314|min^min^UCUM|||||R&#xD;&#xA;&#x9;&#x9;OBX|21|NM|68063^MDC_ATTR_PT_WEIGHT^MDC|1.1.2.19|70.00|kg^kg^UCUM|||||R&#xD;&#xA;&#x9;&#x9;OBX|22|ST|0^MDCX_PUMP_PK_DRUGMODEL^MDC|1.1.2.21|Alfentanil_Maitre||||||R&#xD;&#xA;&#x9;&#x9;OBX|23|ST|0^MDCX_PUMP_PK_TARGETMODE^MDC|1.1.2.22|P||||||R&#xD;&#xA;&#x9;&#x9;OBX|24|NM|0^MDCX_PUMP_PK_TARGET^MDC|1.1.2.23|20.0000|ng/mL^ng/mL^UCUM|||||R&#xD;&#xA;&#x9;&#x9;OBX|25|ST|70055^MDC_DEV_PUMP_INFUS_SYRINGE_CHAN^MDC|1.1.4.0|||||||X&#xD;&#xA;&#x9;&#x9;OBX|26|ST|184488^MDC_SYRINGE_MANUFACTURER^MDC|1.1.4.10|IVAC||||||R&#xD;&#xA;&#x9;&#x9;OBX|27|NM|157880^MDC_VOL_SYRINGE^MDC|1.1.4.11|50|mL^mL^UCUM|||||R,ICU2^^^BED002,ICU2^^^BED002)" classname="Philips.PMP.Test.Auto.IheDeviceTest" time="0.003" status="1" />
    <testcase name="IheDeviceHelperFactoryTest (CapsuleMDIP,MSH|^~\&amp;|||||20220720013516.038-0400||ORU^R01^ORU_R01|HP0720013516.038PHMXL02238QJ322|P|2.6|||AL|NE||8859/1|EN^English^ISO639||IHE_PCD_001^IHE PCD^1.3.6.1.4.1.19376.1.6.1.1.1^ISO|&#xD;&#xA;&#x9;&#x9;PID|1||&quot;^^^Philips^MR||&quot;^&quot;^&quot;^^^^L||20050415000000.000+0200|F|||||||FRENCH|||PID18|&#xD;&#xA;&#x9;&#x9;PV1|2|I|{uniqueId}|1|&#xD;&#xA;&#x9;&#x9;OBR|||0009fbFFFF07f06a^^^EUI-64|69669^MDC_DEV_ANALY_CARD_OUTPUT_MDS^MDC|||20220720013513.935-0400|||ABC-123|||ABC-123|||||||| BaxterIFMout_5.3.5_EV1000_Baxter_XYZ456&#xD;&#xA;&#x9;&#x9;OBX|4||69669^NOM_DEV_ANALY_CARD_OUTPUT_MDS^MDC|1.0.0.0|||||||X|||||||718cbcf4-c374-4c31-9041-6cbd3c46aeaf-Edwards EV1000&#xD;&#xA;&#x9;&#x9;OBX|5||69670^NOM_DEV_ANALY_CARD_OUTPUT_VMD^MDC|1.1.0.0|||||||X|||||||&#xD;&#xA;&#x9;&#x9;OBX|6||69671^MDC_NOM_DEV_ANALY_CARD_OUTPUT_CHAN^MDC|1.1.1.0|||||||X|&#xD;&#xA;&#x9;&#x9;OBX|7|CWE|12345678^UNKNOWN^UNKNOWN^^^^^^tMode|1.1.1.41|1076259847^NLS_DRV_ED711_ENUM_VV_SENSOR^MDC^^^^^^VolView||||||R|||20180622133129.224+0200|&#xD;&#xA;&#x9;&#x9;OBX|8|CWE|67303669^NOM_SETT_MODE_MSMT^MDC^^^^^^sMode|1.1.1.41|1076259847^NLS_DRV_ED711_ENUM_VV_SENSOR^MDC^^^^^^VolView||||||R||SETTING|20180622133304.394+0200|||||&#xD;&#xA;&#x9;&#x9;OBX|9|CWE|67305467^NOM_SETT_MODE_MSMT^MDC^^^^^^testLabelEnum|1.1.1.41|1076259847^NLS_DRV_ED711_ENUM_VV_SENSOR^MDC^^^^^^VolView||||||R|||20180622133129.224+0200|&#xD;&#xA;&#x9;&#x9;OBX|10|CWE|67305468^NOM_NEW^MDC^^^^^^sMode|1.1.1.41|1076259847^NLS_DRV_ED711_ENUM_VV_SENSOR^CAPSULE^^^^^^VolView||||||R|||20180622133129.224+0200|&#xD;&#xA;&#x9;&#x9;OBX|11|CWE|67305469^NOM_NEW^MDC^^^^^^sMode|1.1.1.41|1076297727^UNKNOWN^UNKNOWN^^^^^^VolView||||||R|||20180622133129.224+0200|&#xD;&#xA;&#x9;&#x9;OBX|12|ST|67293194^NOM_SETT_DRUG_NAME_TYPE^MDC|1.4.1.5|RandomDrug||||||R||&#xD;&#xA;&#x9;&#x9;OBX|13|NM|67305466^NOM_NEW^MDC^^^^^^testLabelNum|1.1.1.41|100|262656^MDC_DIM_DIMLESS^MDC|||||R|||20180622133129.224+0200|&#xD;&#xA;&#x9;&#x9;OBX|14|NM|67305465^NOM_NEW^UNKNOWN^^^^^^testLabelNum2|1.1.1.41|100|262656^MDC_DIM_DIMLESS^MDC|||||R|||20180622133129.224+0200|&#xD;&#xA;&#x9;&#x9;OBX|15|NM|67305464^NOM_NEW^MDC^^^^^^testLabelNum3|1.1.1.41|100|262656^MDC_DIM_DIMLESS^MDC|||||R|||20180622133129.224+0200|&#xD;&#xA;&#x9;&#x9;OBX|16|NM|67305463^NOM_NEW^MDC^^^^^^testLabelNum4|1.1.1.41|100|262656^MDC_DIM_DIMLESS^UNKNOWN|||||R|||20180622133129.224+0200|&#xD;&#xA;&#x9;&#x9;OBX|17|NM|67305462^NOM_NEW^MDC^^^^^^testLabelNum5|1.1.1.41|100.0|327679^MDC_DIM_DIMLESS^MDIL^^^^^^NewUnit|||||R|||20180622133129.224+0200|&#xD;&#xA;&#x9;&#x9;OBX|18|NM|67305461^NOM_NEW^MDC^^^^^^testLabelNum6|1.1.1.41|100.00|327679^MDC_DIM_DIMLESS^MDIL^^^^^^NewUnit|||||R||APERIODIC|20180622133129.224+0200|&#xD;&#xA;&#x9;&#x9;OBX|19|CE|67305460^NOM_NEW^MDC^^^^^^testLabelNum7|1.1.1.41|100.00|327679^MDC_DIM_DIMLESS^MDIL^^^^^^NewUnit|||||R|||20180622133129.224+0200|&#xD;&#xA;&#x9;&#x9;OBX|20|NM|NAN^NOM_NEW^MDC^^^^^^testLabelNum8|1.1.1.41|100.00|327679^MDC_DIM_DIMLESS^MDIL^^^^^^NewUnit|||||R|||20180622133129.224+0200|&#xD;&#xA;&#x9;&#x9;OBX|21|CWE|67305468^NOM_NEW^MDC^^^^^^sMode|1.1.1.41|NAN^NLS_DRV_ED711_ENUM_VV_SENSOR^CAPSULE^^^^^^VolView||||||R|||20180622133129.224+0200|&#xD;&#xA;&#x9;&#x9;OBX|22|CWE|67305459^NOM_NEW^MDC^^^^^^testLabelNum9|1.1.1.41|1076297727^NEW_PARAM^MDIL^^^^^^NewEnum||||||R|||20180622133129.224+0200|&#xD;&#xA;&#x9;&#x9;OBX|23|CWE|67305458^NOM_NEW^MDC^^^^^^testLabelNum10|1.1.1.41|NAN^NEW_PARAM^MDIL^^^^^^NewEnum2||||||R|||20180622133129.224+0200|&#xD;&#xA;&#x9;&#x9;OBX|24|CWE|67305458^NOM_NEW^MDC^^^^^^testLabelNum11|1.1.1.41|1076297727^NEW_PARAM^MDIL^^^^^^機器情報||||||R|||20180622133129.224+0200|,0,0)" classname="Philips.PMP.Test.Auto.IheDeviceTest" time="0.031" status="1" />
    <testcase name="IheDeviceHelperFactoryTest (BBraunDoselinkPlus,MSH|^~\&amp;|PAT_DEVICE_BBRAUN^0012211839000001^EUI-64|BBRAUN|DOC_AM_TEST|BB1|20220523142113+0000||ORU^R01^ORU_R01|63788912473382465025|P|2.6|||AL|NE||ASCII|en^English^ISO639||IHE_PCD_001^IHE PCD^1.3.6.1.4.1.19376.1.6.4.1^ISO&#xD;&#xA;&#x9;&#x9;PID|||Unknown Patient^Unknown Patient||^^^^^^U||||||||||||||||||||||||||Y&#xD;&#xA;&#x9;&#x9;OBR|1|029d53e1-daa3-11ec-8487-c0ee400d168f^PAT_DEVICE_BBRAUN^0012211839000001^EUI-64|029d53e1-daa3-11ec-8487-c0ee400d168f^PAT_DEVICE_BBRAUN^0012211839000001^EUI-64|Dobutamine^Dobutamine|||20220523142039+0000&#xD;&#xA;&#x9;&#x9;OBX|1||70053^MDC_DEV_PUMP_INFUS_SYRINGE_MDS^MDC|1.0.0.0|||||||X|||||||P2450^^0012210000000000^EUI-64&#xD;&#xA;&#x9;&#x9;OBX|2||70054^MDC_DEV_PUMP_INFUS_SYRINGE_VMD^MDC|1.1.0.0|||||||X&#xD;&#xA;&#x9;&#x9;OBX|8||70067^MDC_DEV_PUMP_DELIVERY_INFO^MDC|1.1.1.0|||||||X&#xD;&#xA;&#x9;&#x9;OBX|9|ST|0^MDC_ATTR_PUMP_PILLAR_DETAILS^MDC|1.1.0.24|0^0||||||F|||||||{uniqueId}&#xD;&#xA;&#x9;&#x9;OBX|9|CWE|184519^MDC_PUMP_INFUSING_STATUS^MDC|1.1.1.1|^pump-status-infusing||||||R&#xD;&#xA;&#x9;&#x9;OBX|10|NM|158014^MDC_FLOW_FLUID_PUMP_CURRENT^MDC|1.1.1.2|18|265266^MDC_DIM_MILLI_L_PER_HR^MDC^mL/h^mL/h^UCUM|||||R&#xD;&#xA;&#x9;&#x9;OBX|11|CWE|158016^MDC_DEV_PUMP_ACTIVE_SOURCES^MDC|1.1.1.3|^pump-source-info-primary||||||R&#xD;&#xA;&#x9;&#x9;OBX|12||70071^MDC_DEV_PUMP_INFUSATE_SOURCE_PRIMARY^MDC|1.1.2.0|||||||X&#xD;&#xA;&#x9;&#x9;OBX|13|ST|158012^MDC_DEV_PUMP_SOURCE_CHANNEL_LABEL^MDC|1.1.2.1|Primary||||||R&#xD;&#xA;&#x9;&#x9;OBX|14|ST|184514^MDC_DRUG_NAME_LABEL^MDC|1.1.2.2|Dobutamine||||||R&#xD;&#xA;&#x9;&#x9;OBX|15|ST|184516^MDC_PUMP_DRUG_LIBRARY_CARE_AREA^MDC|1.1.2.4|Global Surgery||||||R&#xD;&#xA;&#x9;&#x9;OBX|16|NM|157784^MDC_FLOW_FLUID_PUMP^MDC|1.1.2.5|18|265266^MDC_DIM_MILLI_L_PER_HR^MDC^mL/h^mL/h^UCUM|||||R&#xD;&#xA;&#x9;&#x9;OBX|17|NM|157760^MDC_CONC_DRUG^MDC|1.1.2.7|5|264306^MDC_DIM_MILLI_G_PER_ML^MDC^mg/mL^mg/mL^UCUM|||||R&#xD;&#xA;&#x9;&#x9;OBX|18|NM|157884^MDC_VOL_FLUID_TBI^MDC|1.1.2.8|2|263762^MDC_DIM_MILLI_L^MDC^mL^mL^UCUM|||||R&#xD;&#xA;&#x9;&#x9;OBX|19|NM|157872^MDC_VOL_FLUID_TBI_REMAIN^MDC|1.1.2.9|0.9|263762^MDC_DIM_MILLI_L^MDC^mL^mL^UCUM|||||R&#xD;&#xA;&#x9;&#x9;OBX|20|NM|157993^MDC_VOL_FLUID_DELIV_TOTAL^MDC|1.1.2.11|1.1|263762^MDC_DIM_MILLI_L^MDC^mL^mL^UCUM|||||R&#xD;&#xA;&#x9;&#x9;OBX|21|NM|157999^MDC_DOSE_DRUG_TBI^MDC|1.1.2.12|10000|263891^MDC_DIM_MICRO_G^MDC^ug^ug^UCUM|||||R&#xD;&#xA;&#x9;&#x9;OBX|22|NM|158000^MDC_DOSE_DRUG_TBI_REMAIN^MDC|1.1.2.13|4480|263891^MDC_DIM_MICRO_G^MDC^ug^ug^UCUM|||||R&#xD;&#xA;&#x9;&#x9;OBX|23|NM|158001^MDC_DOSE_DRUG_DELIV_TOTAL^MDC|1.1.2.15|5520|263891^MDC_DIM_MICRO_G^MDC^ug^ug^UCUM|||||R&#xD;&#xA;&#x9;&#x9;OBX|24|NM|157996^MDC_TIME_PD_PROG^MDC|1.1.2.16|400|264320^MDC_DIM_X_SEC^MDC^s^s^UCUM|||||R&#xD;&#xA;&#x9;&#x9;OBX|25|NM|157916^MDC_TIME_PD_REMAIN^MDC|1.1.2.17|179|264320^MDC_DIM_X_SEC^MDC^s^s^UCUM|||||R&#xD;&#xA;&#x9;&#x9;OBX|26|NM|68063^MDC_ATTR_PT_WEIGHT^MDC|1.1.2.18|100|263875^MDC_DIM_KILO_G^MDC^kg^kg^UCUM|||||R&#xD;&#xA;&#x9;&#x9;OBX|27|CWE|158008^MDC_DEV_PUMP_PROGRAM_DELIVERY_MODE^MDC|1.1.2.21|^pump-program-delivery-mode-continuous||||||R&#xD;&#xA;&#x9;&#x9;OBX|28|CWE|158005^MDC_DEV_PUMP_CURRENT_DELIVERY_STATUS^MDC|1.1.2.22|^pump-delivery-status-delivering||||||R&#xD;&#xA;&#x9;&#x9;OBX|29||70091^MDC_DEV_PUMP_SYRINGE_INFO^MDC|1.1.6.0|||||||X&#xD;&#xA;&#x9;&#x9;OBX|30|NM|157880^MDC_VOL_SYRINGE^MDC|1.1.6.1|50|263762^MDC_DIM_MILLI_L^MDC^mL^mL^UCUM|||||R&#xD;&#xA;&#x9;&#x9;OBX|31|NM|157984^MDC_VOL_SYRINGE_ACTUAL^MDC|1.1.6.2|30.95|263762^MDC_DIM_MILLI_L^MDC^mL^mL^UCUM|||||R&#xD;&#xA;&#x9;&#x9;OBX|32|ST|184488^MDC_SYRINGE_MANUFACTURER^MDC|1.1.6.3|B.Braun OPS 50 mL||||||R,15,0)" classname="Philips.PMP.Test.Auto.IheDeviceTest" time="0.003" status="1" />
    <testcase name="IheDeviceHelperFactoryTest (BDAIC,MSH|^~\&amp;|CONNECT|UMS|||20220614062102+0200||ORU^R01^ORU_R01|PCD-01_20220614042102219811|P|2.6|||AL|NE|||EN^English^ISO639||IHE_PCD_001^IHE PCD^1.3.6.1.4.1.19376.1.6.1.1.1^ISO&#xD;&#xA;&#x9;&#x9;PID|||Bed3^^^AIC^U||Bed3^^^^^^U&#xD;&#xA;&#x9;&#x9;PV1|2|I|{uniqueId}|1|&#xD;&#xA;&#x9;&#x9;OBR|1|ICU@Bed3@Alaris PK@8005-05758^AIC^ascom.com^DNS|ICU@Bed3@Alaris PK@8005-05758^AIC^ascom.com^DNS|ICU@Bed3@Alaris PK@8005-05758^Alfentanil|||20220614062100.108+0200&#xD;&#xA;&#x9;&#x9;OBX|1||69985^MDC_DEV_PUMP_INFUS_MDS^MDC|1.0.0.0|||||||X|||||||Alaris PK@8005-05758@1^AIC^ascom.com^DNS&#xD;&#xA;&#x9;&#x9;OBX|2||69986^MDC_DEV_PUMP_INFUS_VMD^MDC|1.1.0.0|||||||X&#xD;&#xA;&#x9;&#x9;OBX|4||126978^MDC_DEV_PUMP_INFUS_CHAN_DELIVERY^MDC|1.1.1.0|||||||X&#xD;&#xA;&#x9;&#x9;OBX|3|CWE|188772^MDC_COMM_STATUS^MDC|1.1.0.1|^comm-status-online^MDC||||||X&#xD;&#xA;&#x9;&#x9;OBX|5|CWE|184504^MDC_PUMP_MODE^MDC|1.1.1.11|^pump-mode-continuous^MDC||||||R&#xD;&#xA;&#x9;&#x9;OBX|6|CWE|184519^MDC_PUMP_INFUSING_STATUS^MDC|1.1.1.12|^pump-status-infusing^MDC||||||R&#xD;&#xA;&#x9;&#x9;OBX|7|NM|157784^MDC_FLOW_FLUID_PUMP^MDC|1.1.1.13|7.23|mL/h^mL/h^UCUM|||||R&#xD;&#xA;&#x9;&#x9;OBX|8|NM|157993^MDC_VOL_FLUID_DELIV_TOTAL^MDC|1.1.1.14|7.793|mL^mL^UCUM|||||R&#xD;&#xA;&#x9;&#x9;OBX|9|NM|0^MDCX_PUMP_PK_PC^MDC|1.1.1.16|19.9944|ng/mL^ng/mL^UCUM|||||R&#xD;&#xA;&#x9;&#x9;OBX|10|NM|0^MDCX_PUMP_PK_EC^MDC|1.1.1.17|19.9987|ng/mL^ng/mL^UCUM|||||R&#xD;&#xA;&#x9;&#x9;OBX|11|CWE|0^MDC_DEV_PUMP_ACTIVE_SOURCES^MDC|1.1.1.18|^pump-source-info-primary^MDC||||||R&#xD;&#xA;&#x9;&#x9;OBX|12||126977^MDC_DEV_PUMP_INFUS_CHAN_SOURCE^MDC|1.1.2.0|||||||X&#xD;&#xA;&#x9;&#x9;OBX|13|ST|184514^MDC_DRUG_NAME_LABEL^MDC|1.1.2.11|Alfentanil||||||R&#xD;&#xA;&#x9;&#x9;OBX|14|NM|157760^MDC_CONC_DRUG^MDC|1.1.2.12|100.00|mcg/mL^mcg/mL^UCUM|||||R&#xD;&#xA;&#x9;&#x9;OBX|15|NM|157784^MDC_FLOW_FLUID_PUMP^MDC|1.1.2.13|7.23|mL/h^mL/h^UCUM|||||R&#xD;&#xA;&#x9;&#x9;OBX|16|NM|157924^MDC_RATE_DOSE^MDC|1.1.2.14|0.17|mcg/kg/min^mcg/kg/min^UCUM|||||R&#xD;&#xA;&#x9;&#x9;OBX|17|NM|157864^MDC_VOL_FLUID_DELIV^MDC|1.1.2.15|0.010|mL^mL^UCUM|||||R&#xD;&#xA;&#x9;&#x9;OBX|18|NM|157993^MDC_VOL_FLUID_DELIV_TOTAL^MDC|1.1.2.16|7.793|mL^mL^UCUM|||||R&#xD;&#xA;&#x9;&#x9;OBX|19|NM|157872^MDC_VOL_FLUID_TBI_REMAIN^MDC|1.1.2.17||mL^mL^UCUM|||||X&#xD;&#xA;&#x9;&#x9;OBX|20|NM|157916^MDC_TIME_PD_REMAIN^MDC|1.1.2.18|314|min^min^UCUM|||||R&#xD;&#xA;&#x9;&#x9;OBX|21|NM|68063^MDC_ATTR_PT_WEIGHT^MDC|1.1.2.19|70.00|kg^kg^UCUM|||||R&#xD;&#xA;&#x9;&#x9;OBX|22|ST|0^MDCX_PUMP_PK_DRUGMODEL^MDC|1.1.2.21|Alfentanil_Maitre||||||R&#xD;&#xA;&#x9;&#x9;OBX|23|ST|0^MDCX_PUMP_PK_TARGETMODE^MDC|1.1.2.22|P||||||R&#xD;&#xA;&#x9;&#x9;OBX|24|NM|0^MDCX_PUMP_PK_TARGET^MDC|1.1.2.23|20.0000|ng/mL^ng/mL^UCUM|||||R&#xD;&#xA;&#x9;&#x9;OBX|25|ST|70055^MDC_DEV_PUMP_INFUS_SYRINGE_CHAN^MDC|1.1.4.0|||||||X&#xD;&#xA;&#x9;&#x9;OBX|26|ST|184488^MDC_SYRINGE_MANUFACTURER^MDC|1.1.4.10|IVAC||||||R&#xD;&#xA;&#x9;&#x9;OBX|27|NM|157880^MDC_VOL_SYRINGE^MDC|1.1.4.11|50|mL^mL^UCUM|||||R,17,69987)" classname="Philips.PMP.Test.Auto.IheDeviceTest" time="0.005" status="1" />
    <testcase name="ProcessPCD10orPC01Message" classname="Philips.PMP.Test.Auto.IheDeviceTest" time="0.015" status="1" />
    <system-out />
    <system-err />
  </testsuite>
  <testsuite name="Philips.PMP.Test.Auto.EcgFilterRetrieverTest" hostname="RESTORMEL" package="not available" id="291" tests="15" failures="0" errors="0" skipped="0" time="0.011" timestamp="2023-12-13T03:30:45">
    <properties />
    <testcase name="GetFilterTypeString (0,False,)" classname="Philips.PMP.Test.Auto.EcgFilterRetrieverTest" time="0.001" status="1" />
    <testcase name="GetFilterTypeString (NbpStat,False,)" classname="Philips.PMP.Test.Auto.EcgFilterRetrieverTest" time="0.001" status="1" />
    <testcase name="GetFilterTypeString (EcgFilter,False,F)" classname="Philips.PMP.Test.Auto.EcgFilterRetrieverTest" time="0.000" status="1" />
    <testcase name="GetFilterTypeString (EcgMonitor,False,M)" classname="Philips.PMP.Test.Auto.EcgFilterRetrieverTest" time="0.001" status="1" />
    <testcase name="GetFilterTypeString (EcgDiag,False,D)" classname="Philips.PMP.Test.Auto.EcgFilterRetrieverTest" time="0.001" status="1" />
    <testcase name="GetFilterTypeString (NbpVenipunctActive,False,eM)" classname="Philips.PMP.Test.Auto.EcgFilterRetrieverTest" time="0.000" status="1" />
    <testcase name="GetFilterTypeString (NbpStat,True,)" classname="Philips.PMP.Test.Auto.EcgFilterRetrieverTest" time="0.003" status="1" />
    <testcase name="GetFilterTypeString (EcgDiag,True,M)" classname="Philips.PMP.Test.Auto.EcgFilterRetrieverTest" time="0.001" status="1" />
    <testcase name="GetFilterTypeString (EcgMonitor,True,D)" classname="Philips.PMP.Test.Auto.EcgFilterRetrieverTest" time="0.000" status="1" />
    <testcase name="GetFilterTypeString (EcgFilter,True,A)" classname="Philips.PMP.Test.Auto.EcgFilterRetrieverTest" time="0.001" status="1" />
    <testcase name="GetFilterTypeString (EcgInsto,True,A1)" classname="Philips.PMP.Test.Auto.EcgFilterRetrieverTest" time="0.000" status="1" />
    <testcase name="GetFilterTypeString (EcgModeEasi,True,A2)" classname="Philips.PMP.Test.Auto.EcgFilterRetrieverTest" time="0.000" status="1" />
    <testcase name="GetFilterTypeString (EcgLeadPrimary,True,C)" classname="Philips.PMP.Test.Auto.EcgFilterRetrieverTest" time="0.000" status="1" />
    <testcase name="GetFilterTypeString (RrHrCoincide,True,Ap)" classname="Philips.PMP.Test.Auto.EcgFilterRetrieverTest" time="0.001" status="1" />
    <testcase name="GetFilterTypeString (1,True,S)" classname="Philips.PMP.Test.Auto.EcgFilterRetrieverTest" time="0.000" status="1" />
    <system-out />
    <system-err />
  </testsuite>
  <testsuite name="Philips.iX.InboundDataBridge.Test.PhysioDataInboundMgrTest" hostname="RESTORMEL" package="not available" id="292" tests="17" failures="0" errors="0" skipped="0" time="0.642" timestamp="2023-12-13T03:27:48">
    <properties />
    <testcase name="UpdateDescriptorTest" classname="Philips.iX.InboundDataBridge.Test.PhysioDataInboundMgrTest" time="0.007" status="1" />
    <testcase name="TimerDetectionDataReceivedTest (1,True,False)" classname="Philips.iX.InboundDataBridge.Test.PhysioDataInboundMgrTest" time="0.017" status="1" />
    <testcase name="TimerDetectionDataReceivedTest (1,False,True)" classname="Philips.iX.InboundDataBridge.Test.PhysioDataInboundMgrTest" time="0.002" status="1" />
    <testcase name="TimerDetectionDataReceivedTest (2,False,True)" classname="Philips.iX.InboundDataBridge.Test.PhysioDataInboundMgrTest" time="0.008" status="1" />
    <testcase name="TimerDetectionDataReceivedTest (2,True,False)" classname="Philips.iX.InboundDataBridge.Test.PhysioDataInboundMgrTest" time="0.003" status="1" />
    <testcase name="TimerDetectionDataReceivedTest (3,True,True)" classname="Philips.iX.InboundDataBridge.Test.PhysioDataInboundMgrTest" time="0.024" status="1" />
    <testcase name="TimerDetectionDataReceivedTest (3,False,True)" classname="Philips.iX.InboundDataBridge.Test.PhysioDataInboundMgrTest" time="0.001" status="1" />
    <testcase name="StartStopServerTest" classname="Philips.iX.InboundDataBridge.Test.PhysioDataInboundMgrTest" time="0.532" status="1" />
    <testcase name="SubscibeNotCalledWhenNoAcpmPConfiguredTest" classname="Philips.iX.InboundDataBridge.Test.PhysioDataInboundMgrTest" time="0.013" status="1" />
    <testcase name="PhysioDataInboundMgrUsesFqdn (True)" classname="Philips.iX.InboundDataBridge.Test.PhysioDataInboundMgrTest" time="0.009" status="1" />
    <testcase name="PhysioDataInboundMgrUsesFqdn (False)" classname="Philips.iX.InboundDataBridge.Test.PhysioDataInboundMgrTest" time="0.003" status="1" />
    <testcase name="TimerDetectionNodataReceivedTest (1,0)" classname="Philips.iX.InboundDataBridge.Test.PhysioDataInboundMgrTest" time="0.007" status="1" />
    <testcase name="TimerDetectionNodataReceivedTest (2,0)" classname="Philips.iX.InboundDataBridge.Test.PhysioDataInboundMgrTest" time="0.002" status="1" />
    <testcase name="TimerDetectionNodataReceivedTest (3,0)" classname="Philips.iX.InboundDataBridge.Test.PhysioDataInboundMgrTest" time="0.002" status="1" />
    <testcase name="TimerDetectionNodataReceivedTest (4,1)" classname="Philips.iX.InboundDataBridge.Test.PhysioDataInboundMgrTest" time="0.003" status="1" />
    <testcase name="TimerDetectionNodataReceivedTest (8,2)" classname="Philips.iX.InboundDataBridge.Test.PhysioDataInboundMgrTest" time="0.003" status="1" />
    <testcase name="UpdateStateTest" classname="Philips.iX.InboundDataBridge.Test.PhysioDataInboundMgrTest" time="0.006" status="1" />
    <system-out />
    <system-err />
  </testsuite>
  <testsuite name="Philips.PIC.CertificateSync.Test.CertificateSyncNotificationMgrTest" hostname="RESTORMEL" package="not available" id="293" tests="3" failures="0" errors="0" skipped="0" time="0.130" timestamp="2023-12-13T03:28:50">
    <properties />
    <testcase name="CertificateSyncNotificationMgrSubscribe" classname="Philips.PIC.CertificateSync.Test.CertificateSyncNotificationMgrTest" time="0.003" status="1" />
    <testcase name="CertificateSyncNotificationMgrUnsubscribe" classname="Philips.PIC.CertificateSync.Test.CertificateSyncNotificationMgrTest" time="0.003" status="1" />
    <testcase name="CertificateSyncNotificationMgrPublish" classname="Philips.PIC.CertificateSync.Test.CertificateSyncNotificationMgrTest" time="0.123" status="1" />
    <system-out />
    <system-err />
  </testsuite>
  <testsuite name="Philips.CareEvent.Test.NotificationQualifierTests" hostname="RESTORMEL" package="not available" id="294" tests="2" failures="0" errors="0" skipped="0" time="0.004" timestamp="2023-12-13T03:28:28">
    <properties />
    <testcase name="NotificationQualiferVerifyTest (Success,PerformanceFeatureCountersSetupOk,True)" classname="Philips.CareEvent.Test.NotificationQualifierTests" time="0.003" status="1" />
    <testcase name="NotificationQualiferVerifyTest (Failure,PerformanceFeatureCountersSetupError,False)" classname="Philips.CareEvent.Test.NotificationQualifierTests" time="0.001" status="1" />
    <system-out />
    <system-err />
  </testsuite>
  <testsuite name="Philips.PMP.Test.Auto.PhysioDataServiceTest" hostname="RESTORMEL" package="not available" id="295" tests="30" failures="0" errors="0" skipped="0" time="1.326" timestamp="2023-12-13T03:36:50">
    <properties />
    <testcase name="PhysioDataServiceLocateRepositoryByPatientIdTest (False,False)" classname="Philips.PMP.Test.Auto.PhysioDataServiceTest" time="0.004" status="1" />
    <testcase name="PhysioDataServiceLocateRepositoryByPatientIdTest (True,False)" classname="Philips.PMP.Test.Auto.PhysioDataServiceTest" time="0.006" status="1" />
    <testcase name="PhysioDataServiceLocateRepositoryByPatientIdTest (True,True)" classname="Philips.PMP.Test.Auto.PhysioDataServiceTest" time="0.004" status="1" />
    <testcase name="PhysioDataServiceSubscribeAdtWorkflowOptionTest (True,True)" classname="Philips.PMP.Test.Auto.PhysioDataServiceTest" time="0.245" status="1" />
    <testcase name="PhysioDataServiceSubscribeAdtWorkflowOptionTest (False,True)" classname="Philips.PMP.Test.Auto.PhysioDataServiceTest" time="0.006" status="1" />
    <testcase name="PhysioDataServiceSubscribeAdtWorkflowOptionTest (True,False)" classname="Philips.PMP.Test.Auto.PhysioDataServiceTest" time="0.007" status="1" />
    <testcase name="PhysioDataServiceSubscribeAdtWorkflowOptionTest (False,False)" classname="Philips.PMP.Test.Auto.PhysioDataServiceTest" time="0.004" status="1" />
    <testcase name="PhysioDataServiceIbsAlarmAudioDeterminerLoadSettingsTest" classname="Philips.PMP.Test.Auto.PhysioDataServiceTest" time="0.007" status="1" />
    <testcase name="PhysioDataServiceAddSpotCheckDataTest" classname="Philips.PMP.Test.Auto.PhysioDataServiceTest" time="0.159" status="1" />
    <testcase name="PhysioDataServiceReportsPerfCounters" classname="Philips.PMP.Test.Auto.PhysioDataServiceTest" time="0.105" status="1" />
    <testcase name="PhysioDataServiceCanGetPatientsLatestTimeFromDbInParallel" classname="Philips.PMP.Test.Auto.PhysioDataServiceTest" time="0.006" status="1" />
    <testcase name="MetricRepositoryRetainSpotCheckTest (False,-2,150020)" classname="Philips.PMP.Test.Auto.PhysioDataServiceTest" time="0.001" status="1" />
    <testcase name="MetricRepositoryRetainSpotCheckTest (True,-2,150020)" classname="Philips.PMP.Test.Auto.PhysioDataServiceTest" time="0.001" status="1" />
    <testcase name="MetricRepositoryRetainSpotCheckTest (True,-5,150020)" classname="Philips.PMP.Test.Auto.PhysioDataServiceTest" time="0.001" status="1" />
    <testcase name="MetricRepositoryRetainSpotCheckTest (False,-2,194954)" classname="Philips.PMP.Test.Auto.PhysioDataServiceTest" time="0.000" status="1" />
    <testcase name="MetricRepositoryRetainSpotCheckTest (True,-2,194954)" classname="Philips.PMP.Test.Auto.PhysioDataServiceTest" time="0.001" status="1" />
    <testcase name="MetricRepositoryRetainSpotCheckTest (True,-5,194954)" classname="Philips.PMP.Test.Auto.PhysioDataServiceTest" time="0.001" status="1" />
    <testcase name="MetricRepositorySavesOldMetricsWithDifferentTextIds (ECG_CARD_BEAT_RATE,ECG_CARD_BEAT_RATE,1)" classname="Philips.PMP.Test.Auto.PhysioDataServiceTest" time="0.002" status="1" />
    <testcase name="MetricRepositorySavesOldMetricsWithDifferentTextIds (ECG_CARD_BEAT_RATE,ECG_AMPL_ST_I,2)" classname="Philips.PMP.Test.Auto.PhysioDataServiceTest" time="0.001" status="1" />
    <testcase name="MetricRepositoryMultipleSpotCheckTest (150020,150020)" classname="Philips.PMP.Test.Auto.PhysioDataServiceTest" time="0.002" status="1" />
    <testcase name="MetricRepositoryMultipleSpotCheckTest (195057,194954)" classname="Philips.PMP.Test.Auto.PhysioDataServiceTest" time="0.002" status="1" />
    <testcase name="MetricRepositoryLeavesRetainedMetrics (False,0)" classname="Philips.PMP.Test.Auto.PhysioDataServiceTest" time="0.001" status="1" />
    <testcase name="MetricRepositoryLeavesRetainedMetrics (True,1)" classname="Philips.PMP.Test.Auto.PhysioDataServiceTest" time="0.001" status="1" />
    <testcase name="MetricRepositoryRetainsNewestMetricByAperiodicTime" classname="Philips.PMP.Test.Auto.PhysioDataServiceTest" time="0.002" status="1" />
    <testcase name="PhysioDataServiceCanSubscribePrincipalView (True)" classname="Philips.PMP.Test.Auto.PhysioDataServiceTest" time="0.467" status="1" />
    <testcase name="PhysioDataServiceCanSubscribePrincipalView (False)" classname="Philips.PMP.Test.Auto.PhysioDataServiceTest" time="0.252" status="1" />
    <testcase name="MetricRepositoryDeletesRetainedMetricsOnSettingsChange" classname="Philips.PMP.Test.Auto.PhysioDataServiceTest" time="0.002" status="1" />
    <testcase name="MetricRepositoryDeletesRetainedMetricsWithDuplicateLabelTextIds (150020)" classname="Philips.PMP.Test.Auto.PhysioDataServiceTest" time="0.001" status="1" />
    <testcase name="MetricRepositoryDeletesRetainedMetricsWithDuplicateLabelTextIds (194954)" classname="Philips.PMP.Test.Auto.PhysioDataServiceTest" time="0.001" status="1" />
    <testcase name="PhysioDataServiceMobilityConnectionStateTest" classname="Philips.PMP.Test.Auto.PhysioDataServiceTest" time="0.034" status="1" />
    <system-out />
    <system-err />
  </testsuite>
  <testsuite name="Philips.PMP.Test.Auto.DataViewLayoutProviderTest" hostname="RESTORMEL" package="not available" id="296" tests="2" failures="0" errors="0" skipped="0" time="0.116" timestamp="2023-12-13T03:31:29">
    <properties />
    <testcase name="DataViewLayoutTest" classname="Philips.PMP.Test.Auto.DataViewLayoutProviderTest" time="0.042" status="1" />
    <testcase name="DataViewLayoutProvidersTest" classname="Philips.PMP.Test.Auto.DataViewLayoutProviderTest" time="0.074" status="1" />
    <system-out />
    <system-err />
  </testsuite>
  <testsuite name="Philips.PMP.Test.Auto.StarServiceTest" hostname="RESTORMEL" package="not available" id="297" tests="1" failures="0" errors="0" skipped="0" time="0.097" timestamp="2023-12-13T03:29:57">
    <properties />
    <testcase name="StarServiceProcessPhysioDataConfigUpdates" classname="Philips.PMP.Test.Auto.StarServiceTest" time="0.097" status="1" />
    <system-out />
    <system-err />
  </testsuite>
  <testsuite name="Philips.PMP.Test.Auto.WaveFileMgrTest" hostname="RESTORMEL" package="not available" id="298" tests="15" failures="0" errors="0" skipped="0" time="0.257" timestamp="2023-12-13T03:34:43">
    <properties />
    <testcase name="PdxGapInSegmentIsFilled" classname="Philips.PMP.Test.Auto.WaveFileMgrTest" time="0.003" status="1" />
    <testcase name="PdxLeftTrimWaveSegmentCorrectly" classname="Philips.PMP.Test.Auto.WaveFileMgrTest" time="0.001" status="1" />
    <testcase name="PdxGapBetweenGivenStartTimeAndWaveStartTimeAreFilled" classname="Philips.PMP.Test.Auto.WaveFileMgrTest" time="0.118" status="1" />
    <testcase name="PdxGapBetweenSegmentsAreFilled" classname="Philips.PMP.Test.Auto.WaveFileMgrTest" time="0.002" status="1" />
    <testcase name="PdxWavesWithDifferentPeriodsAreDifferent" classname="Philips.PMP.Test.Auto.WaveFileMgrTest" time="0.003" status="1" />
    <testcase name="PdxLeftTrimWaveUpdatesInvalidSamples" classname="Philips.PMP.Test.Auto.WaveFileMgrTest" time="0.001" status="1" />
    <testcase name="PdxSegmentsAreSeparatedCorrectly" classname="Philips.PMP.Test.Auto.WaveFileMgrTest" time="0.002" status="1" />
    <testcase name="PdxRightTrimWaveUpdatesPacePulseSamples" classname="Philips.PMP.Test.Auto.WaveFileMgrTest" time="0.001" status="1" />
    <testcase name="PdxWavesWithDifferentSourcesAreDifferent" classname="Philips.PMP.Test.Auto.WaveFileMgrTest" time="0.003" status="1" />
    <testcase name="PdxLeftTrimWaveUpdatesPacePulseSamples" classname="Philips.PMP.Test.Auto.WaveFileMgrTest" time="0.001" status="1" />
    <testcase name="PdxWaveFileMgrReturnsOneWave" classname="Philips.PMP.Test.Auto.WaveFileMgrTest" time="0.001" status="1" />
    <testcase name="PdxRightTrimWaveSegmentCorrectly" classname="Philips.PMP.Test.Auto.WaveFileMgrTest" time="0.001" status="1" />
    <testcase name="PdxNoWaveTrimWhenWaveSizeMatchesDateBounds" classname="Philips.PMP.Test.Auto.WaveFileMgrTest" time="0.001" status="1" />
    <testcase name="PdxRightTrimWaveUpdatesInvalidSamples" classname="Philips.PMP.Test.Auto.WaveFileMgrTest" time="0.001" status="1" />
    <testcase name="PdxGapBetweenWaveEndTimeAndGivenEndTimeAreFilled" classname="Philips.PMP.Test.Auto.WaveFileMgrTest" time="0.122" status="1" />
    <system-out />
    <system-err />
  </testsuite>
  <testsuite name="Philips.PMP.Test.Auto.ApplicationFrameworkHelperTest" hostname="RESTORMEL" package="not available" id="299" tests="4" failures="0" errors="0" skipped="0" time="0.805" timestamp="2023-12-13T03:30:44">
    <properties />
    <testcase name="ShouldFormsBeTopMostTest" classname="Philips.PMP.Test.Auto.ApplicationFrameworkHelperTest" time="0.004" status="1" />
    <testcase name="ShouldShowReviewApplicationTest" classname="Philips.PMP.Test.Auto.ApplicationFrameworkHelperTest" time="0.283" status="1" />
    <testcase name="IsReviewApplicationTest" classname="Philips.PMP.Test.Auto.ApplicationFrameworkHelperTest" time="0.250" status="1" />
    <testcase name="PriorDataStatesTest" classname="Philips.PMP.Test.Auto.ApplicationFrameworkHelperTest" time="0.268" status="1" />
    <system-out />
    <system-err />
  </testsuite>
  <testsuite name="Philips.PMP.Test.Auto.IheDriverQualifierTest" hostname="RESTORMEL" package="not available" id="300" tests="13" failures="0" errors="0" skipped="0" time="0.391" timestamp="2023-12-13T03:29:43">
    <properties />
    <testcase name="IheDriverQualifierFailsServiceNotRunningTest" classname="Philips.PMP.Test.Auto.IheDriverQualifierTest" time="0.300" status="1" />
    <testcase name="IheDriverQualifierSucceedsNotConfigured" classname="Philips.PMP.Test.Auto.IheDriverQualifierTest" time="0.009" status="1" />
    <testcase name="IheDriverQualifierIsNotCorrectableTest" classname="Philips.PMP.Test.Auto.IheDriverQualifierTest" time="0.001" status="1" />
    <testcase name="IheDriverQualifierQualificationExceptionTest" classname="Philips.PMP.Test.Auto.IheDriverQualifierTest" time="0.002" status="1" />
    <testcase name="IheDriverQualifierHasCorrectDisplayNameTest" classname="Philips.PMP.Test.Auto.IheDriverQualifierTest" time="0.014" status="1" />
    <testcase name="IheDriverQualifierSysValidationTest (True,Success)" classname="Philips.PMP.Test.Auto.IheDriverQualifierTest" time="0.009" status="1" />
    <testcase name="IheDriverQualifierSysValidationTest (False,Failure)" classname="Philips.PMP.Test.Auto.IheDriverQualifierTest" time="0.003" status="1" />
    <testcase name="IheDriverQualifierHasCorrectDescriptionTest" classname="Philips.PMP.Test.Auto.IheDriverQualifierTest" time="0.001" status="1" />
    <testcase name="IheDriverQualifierValidateIheLANDeviceTest (Success,Success,Success)" classname="Philips.PMP.Test.Auto.IheDriverQualifierTest" time="0.030" status="1" />
    <testcase name="IheDriverQualifierValidateIheLANDeviceTest (Success,Failure,Failure)" classname="Philips.PMP.Test.Auto.IheDriverQualifierTest" time="0.002" status="1" />
    <testcase name="IheDriverQualifierValidateIheLANDeviceTest (Failure,Success,Failure)" classname="Philips.PMP.Test.Auto.IheDriverQualifierTest" time="0.005" status="1" />
    <testcase name="IheDriverQualifierValidateIheLANDeviceTest (Success,Failure,Failure)" classname="Philips.PMP.Test.Auto.IheDriverQualifierTest" time="0.002" status="1" />
    <testcase name="IheDriverQualifierSysValidationExceptionTest" classname="Philips.PMP.Test.Auto.IheDriverQualifierTest" time="0.013" status="1" />
    <system-out />
    <system-err />
  </testsuite>
  <testsuite name="Philips.PMP.Test.Auto.ClinicalAuditHelperTest" hostname="RESTORMEL" package="not available" id="301" tests="14" failures="0" errors="0" skipped="0" time="0.763" timestamp="2023-12-13T03:30:21">
    <properties />
    <testcase name="ClinicalAuditHelperCreateAuditExportFileName (BedLabel,BedName)" classname="Philips.PMP.Test.Auto.ClinicalAuditHelperTest" time="0.002" status="1" />
    <testcase name="ClinicalAuditHelperCreateAuditExportFileName (Unit,InstitutionName ZoneName)" classname="Philips.PMP.Test.Auto.ClinicalAuditHelperTest" time="0.001" status="1" />
    <testcase name="ClinicalAuditHelperCreateAuditExportFileName (Unknown,)" classname="Philips.PMP.Test.Auto.ClinicalAuditHelperTest" time="0.000" status="1" />
    <testcase name="ClinicalAuditHelperCreateAuditExportWithInvalidFileNameCharacter (BedLabel,iDemo1_)" classname="Philips.PMP.Test.Auto.ClinicalAuditHelperTest" time="0.001" status="1" />
    <testcase name="ClinicalAuditHelperCreateAuditExportWithInvalidFileNameCharacter (Unit,My__Institution ICU_PCU)" classname="Philips.PMP.Test.Auto.ClinicalAuditHelperTest" time="0.000" status="1" />
    <testcase name="ClinicalAuditHelperCreateAuditExportWithInvalidFileNameCharacter (Unknown,)" classname="Philips.PMP.Test.Auto.ClinicalAuditHelperTest" time="0.000" status="1" />
    <testcase name="IsApplicationHostTest" classname="Philips.PMP.Test.Auto.ClinicalAuditHelperTest" time="0.001" status="1" />
    <testcase name="ClinicalAuditHelperCreateAuditExportFileNameFromPatientId (LifetimeId)" classname="Philips.PMP.Test.Auto.ClinicalAuditHelperTest" time="0.002" status="1" />
    <testcase name="ClinicalAuditHelperCreateAuditExportFileNameFromPatientId (FirstName)" classname="Philips.PMP.Test.Auto.ClinicalAuditHelperTest" time="0.001" status="1" />
    <testcase name="ClinicalAuditHelperCreateAuditExportFileNameFromPatientId (LastName)" classname="Philips.PMP.Test.Auto.ClinicalAuditHelperTest" time="0.000" status="1" />
    <testcase name="PopulateSearchByTest" classname="Philips.PMP.Test.Auto.ClinicalAuditHelperTest" time="0.243" status="1" />
    <testcase name="ValidateInputTest" classname="Philips.PMP.Test.Auto.ClinicalAuditHelperTest" time="0.238" status="1" />
    <testcase name="PopulateInstitutionsTest" classname="Philips.PMP.Test.Auto.ClinicalAuditHelperTest" time="0.271" status="1" />
    <testcase name="GetInstitutionNameTest" classname="Philips.PMP.Test.Auto.ClinicalAuditHelperTest" time="0.003" status="1" />
    <system-out />
    <system-err />
  </testsuite>
  <testsuite name="Philips.PMP.Test.Auto.PpisMgrTest" hostname="RESTORMEL" package="not available" id="302" tests="45" failures="0" errors="0" skipped="0" time="1.791" timestamp="2023-12-13T03:36:52">
    <properties />
    <testcase name="PpisMgrContainsTest (True,True)" classname="Philips.PMP.Test.Auto.PpisMgrTest" time="0.009" status="1" />
    <testcase name="PpisMgrContainsTest (True,False)" classname="Philips.PMP.Test.Auto.PpisMgrTest" time="0.006" status="1" />
    <testcase name="PpisMgrContainsTest (False,False)" classname="Philips.PMP.Test.Auto.PpisMgrTest" time="0.006" status="1" />
    <testcase name="PpisMgrCreateHisConflictTest" classname="Philips.PMP.Test.Auto.PpisMgrTest" time="0.567" status="1" />
    <testcase name="PpisMgrCanAutoResolveHisConflictTest" classname="Philips.PMP.Test.Auto.PpisMgrTest" time="0.346" status="1" />
    <testcase name="PpisMgrProcessHisPatientTest (True,False,False,My Institution,False,0,0)" classname="Philips.PMP.Test.Auto.PpisMgrTest" time="0.024" status="1" />
    <testcase name="PpisMgrProcessHisPatientTest (False,False,False,My Institution,False,0,0)" classname="Philips.PMP.Test.Auto.PpisMgrTest" time="0.005" status="1" />
    <testcase name="PpisMgrProcessHisPatientTest (False,False,True,My Institution,False,1,0)" classname="Philips.PMP.Test.Auto.PpisMgrTest" time="0.006" status="1" />
    <testcase name="PpisMgrProcessHisPatientTest (False,False,True,My Institution,True,1,0)" classname="Philips.PMP.Test.Auto.PpisMgrTest" time="0.005" status="1" />
    <testcase name="PpisMgrProcessHisPatientTest (False,True,True,other,False,1,0)" classname="Philips.PMP.Test.Auto.PpisMgrTest" time="0.016" status="1" />
    <testcase name="PpisMgrProcessHisPatientTest (False,True,True,My Institution,False,1,0)" classname="Philips.PMP.Test.Auto.PpisMgrTest" time="0.007" status="1" />
    <testcase name="PpisMgrProcessHisPatientTest (False,True,True,,False,1,0)" classname="Philips.PMP.Test.Auto.PpisMgrTest" time="0.005" status="1" />
    <testcase name="PpisMgrProcessHisPatientTest (False,True,True,My Institution,True,0,1)" classname="Philips.PMP.Test.Auto.PpisMgrTest" time="0.006" status="1" />
    <testcase name="PpisMgrDetermineHisConfirmationCodeTest" classname="Philips.PMP.Test.Auto.PpisMgrTest" time="0.598" status="1" />
    <testcase name="PpisMgrOnTopologyChangeTest (False,False,0)" classname="Philips.PMP.Test.Auto.PpisMgrTest" time="0.007" status="1" />
    <testcase name="PpisMgrOnTopologyChangeTest (True,False,0)" classname="Philips.PMP.Test.Auto.PpisMgrTest" time="0.005" status="1" />
    <testcase name="PpisMgrOnTopologyChangeTest (True,True,1)" classname="Philips.PMP.Test.Auto.PpisMgrTest" time="0.006" status="1" />
    <testcase name="PpisMgrAddLocationToSearchTest (False,False,False)" classname="Philips.PMP.Test.Auto.PpisMgrTest" time="0.010" status="1" />
    <testcase name="PpisMgrAddLocationToSearchTest (True,False,False)" classname="Philips.PMP.Test.Auto.PpisMgrTest" time="0.005" status="1" />
    <testcase name="PpisMgrAddLocationToSearchTest (True,False,True)" classname="Philips.PMP.Test.Auto.PpisMgrTest" time="0.004" status="1" />
    <testcase name="PpisMgrAddLocationToSearchTest (False,True,False)" classname="Philips.PMP.Test.Auto.PpisMgrTest" time="0.004" status="1" />
    <testcase name="PpisMgrAddLocationToSearchTest (True,True,False)" classname="Philips.PMP.Test.Auto.PpisMgrTest" time="0.004" status="1" />
    <testcase name="PpisMgrAddLocationToSearchTest (True,True,True)" classname="Philips.PMP.Test.Auto.PpisMgrTest" time="0.005" status="1" />
    <testcase name="PpisMgrHisConflictInfoIsEquivalentTest" classname="Philips.PMP.Test.Auto.PpisMgrTest" time="0.001" status="1" />
    <testcase name="PpisMgrGetPatientIdentityTest" classname="Philips.PMP.Test.Auto.PpisMgrTest" time="0.002" status="1" />
    <testcase name="PpisMgrIsHisPatientMatchTest" classname="Philips.PMP.Test.Auto.PpisMgrTest" time="0.001" status="1" />
    <testcase name="PpisMgrSearchForHisPatientMatchTest (False,False,0,False,False)" classname="Philips.PMP.Test.Auto.PpisMgrTest" time="0.005" status="1" />
    <testcase name="PpisMgrSearchForHisPatientMatchTest (True,False,0,False,False)" classname="Philips.PMP.Test.Auto.PpisMgrTest" time="0.004" status="1" />
    <testcase name="PpisMgrSearchForHisPatientMatchTest (True,True,0,False,False)" classname="Philips.PMP.Test.Auto.PpisMgrTest" time="0.004" status="1" />
    <testcase name="PpisMgrSearchForHisPatientMatchTest (True,True,1,False,False)" classname="Philips.PMP.Test.Auto.PpisMgrTest" time="0.040" status="1" />
    <testcase name="PpisMgrSearchForHisPatientMatchTest (True,True,2,False,False)" classname="Philips.PMP.Test.Auto.PpisMgrTest" time="0.005" status="1" />
    <testcase name="PpisMgrSearchForHisPatientMatchTest (True,True,2,True,False)" classname="Philips.PMP.Test.Auto.PpisMgrTest" time="0.004" status="1" />
    <testcase name="PpisMgrSearchForHisPatientMatchTest (True,True,1,True,True)" classname="Philips.PMP.Test.Auto.PpisMgrTest" time="0.037" status="1" />
    <testcase name="PpisMgrFilterByFacilityTest (True,False,False,0)" classname="Philips.PMP.Test.Auto.PpisMgrTest" time="0.006" status="1" />
    <testcase name="PpisMgrFilterByFacilityTest (False,True,False,1)" classname="Philips.PMP.Test.Auto.PpisMgrTest" time="0.009" status="1" />
    <testcase name="PpisMgrFilterByFacilityTest (False,False,True,1)" classname="Philips.PMP.Test.Auto.PpisMgrTest" time="0.007" status="1" />
    <testcase name="PpisMgrFilterByFacilityTest (False,False,False,0)" classname="Philips.PMP.Test.Auto.PpisMgrTest" time="0.004" status="1" />
    <testcase name="PpisMgrIsFacilityIdMatchTest (True,False,False,False,,False)" classname="Philips.PMP.Test.Auto.PpisMgrTest" time="0.001" status="1" />
    <testcase name="PpisMgrIsFacilityIdMatchTest (False,False,False,False,random,True)" classname="Philips.PMP.Test.Auto.PpisMgrTest" time="0.000" status="1" />
    <testcase name="PpisMgrIsFacilityIdMatchTest (False,False,True,False,random,False)" classname="Philips.PMP.Test.Auto.PpisMgrTest" time="0.000" status="1" />
    <testcase name="PpisMgrIsFacilityIdMatchTest (False,False,False,True,random,True)" classname="Philips.PMP.Test.Auto.PpisMgrTest" time="0.001" status="1" />
    <testcase name="PpisMgrIsFacilityIdMatchTest (False,True,True,False,random,False)" classname="Philips.PMP.Test.Auto.PpisMgrTest" time="0.000" status="1" />
    <testcase name="PpisMgrIsFacilityIdMatchTest (False,True,True,True,random,False)" classname="Philips.PMP.Test.Auto.PpisMgrTest" time="0.001" status="1" />
    <testcase name="PpisMgrIsFacilityIdMatchTest (False,True,True,False,_myInstitution,True)" classname="Philips.PMP.Test.Auto.PpisMgrTest" time="0.000" status="1" />
    <testcase name="PpisMgrIsFacilityIdMatchTest (False,True,True,True,_myInstitution,True)" classname="Philips.PMP.Test.Auto.PpisMgrTest" time="0.001" status="1" />
    <system-out />
    <system-err />
  </testsuite>
  <testsuite name="Philips.CareEvent.Test.EventWorkflowServiceTests" hostname="RESTORMEL" package="not available" id="303" tests="28" failures="0" errors="0" skipped="0" time="0.152" timestamp="2023-12-13T03:28:26">
    <properties />
    <testcase name="EventMonitorOnStartupMustSetDefaultZoneBedsForMonitoring" classname="Philips.CareEvent.Test.EventWorkflowServiceTests" time="0.010" status="1" />
    <testcase name="ValidateOnXmlDocumentReceived (1, ***xBrady 39 &lt;40 )" classname="Philips.CareEvent.Test.EventWorkflowServiceTests" time="0.002" status="1" />
    <testcase name="ValidateOnXmlDocumentReceived (1,***xTachy 289&gt;140 )" classname="Philips.CareEvent.Test.EventWorkflowServiceTests" time="0.001" status="1" />
    <testcase name="ValidateOnXmlDocumentReceived (1,***xTachy 289&gt; 140 )" classname="Philips.CareEvent.Test.EventWorkflowServiceTests" time="0.001" status="1" />
    <testcase name="ValidateOnXmlDocumentReceived (1,✱✱✱极﻿过﻿缓﻿80 &lt;250)" classname="Philips.CareEvent.Test.EventWorkflowServiceTests" time="0.001" status="1" />
    <testcase name="ValidateOnXmlDocumentReceived (1,✱✱✱极﻿过﻿速﻿80 &gt;40 )" classname="Philips.CareEvent.Test.EventWorkflowServiceTests" time="0.001" status="1" />
    <testcase name="ValidateOnXmlDocumentReceived (1,✱✱✱高﻿徐﻿脈﻿80 &lt;270)" classname="Philips.CareEvent.Test.EventWorkflowServiceTests" time="0.001" status="1" />
    <testcase name="ValidateOnXmlDocumentReceived (1,✱✱✱高﻿頻﻿脈﻿80 &gt;75 )" classname="Philips.CareEvent.Test.EventWorkflowServiceTests" time="0.001" status="1" />
    <testcase name="ValidateOnXmlDocumentReceived (1,✱✱✱极﻿过﻿缓﻿ 80 &lt;250)" classname="Philips.CareEvent.Test.EventWorkflowServiceTests" time="0.001" status="1" />
    <testcase name="ValidateOnXmlDocumentReceived (1,✱✱✱极﻿过﻿速﻿ 80 &gt;40 )" classname="Philips.CareEvent.Test.EventWorkflowServiceTests" time="0.001" status="1" />
    <testcase name="ValidateOnXmlDocumentReceived (1,✱✱✱高﻿徐﻿脈﻿     80 &lt;270)" classname="Philips.CareEvent.Test.EventWorkflowServiceTests" time="0.001" status="1" />
    <testcase name="ValidateOnXmlDocumentReceived (1,✱✱✱高﻿頻﻿脈﻿ 80 &gt;75 )" classname="Philips.CareEvent.Test.EventWorkflowServiceTests" time="0.001" status="1" />
    <testcase name="ValidateOnXmlDocumentReceived (0,✱✱✱高﻿頻﻿脈﻿)" classname="Philips.CareEvent.Test.EventWorkflowServiceTests" time="0.001" status="1" />
    <testcase name="ValidateOnXmlDocumentReceived (0,✱✱✱APB高﻿頻﻿3脈﻿)" classname="Philips.CareEvent.Test.EventWorkflowServiceTests" time="0.001" status="1" />
    <testcase name="ValidateOnXmlDocumentReceived (0,**ST Multi xx,xx)" classname="Philips.CareEvent.Test.EventWorkflowServiceTests" time="0.001" status="1" />
    <testcase name="ValidateOnXmlDocumentReceived (1,** P1s 91 &gt; 90)" classname="Philips.CareEvent.Test.EventWorkflowServiceTests" time="0.001" status="1" />
    <testcase name="ValidateOnXmlDocumentReceived (0,Vent ASB&gt;1.5s)" classname="Philips.CareEvent.Test.EventWorkflowServiceTests" time="0.001" status="1" />
    <testcase name="ValidateOnXmlDocumentReceived (0,***Apnea 0:31)" classname="Philips.CareEvent.Test.EventWorkflowServiceTests" time="0.001" status="1" />
    <testcase name="ValidateOnXmlDocumentReceived (0,**ST Multi I, aVR)" classname="Philips.CareEvent.Test.EventWorkflowServiceTests" time="0.001" status="1" />
    <testcase name="ValidateOnXmlDocumentReceived (1,SpO2 L 86 &lt; 90)" classname="Philips.CareEvent.Test.EventWorkflowServiceTests" time="0.001" status="1" />
    <testcase name="ValidateOnXmlDocumentReceived (1,Spo2 84 &lt; 88)" classname="Philips.CareEvent.Test.EventWorkflowServiceTests" time="0.001" status="1" />
    <testcase name="ValidateOnXmlDocumentReceived (1,HR     40 &lt; 50)" classname="Philips.CareEvent.Test.EventWorkflowServiceTests" time="0.001" status="1" />
    <testcase name="ValidateOnXmlDocumentReceived (1,*** SpO2T 76 &lt; 85)" classname="Philips.CareEvent.Test.EventWorkflowServiceTests" time="0.001" status="1" />
    <testcase name="PopulateEventInfoWithRingtonesTest (True,2000)" classname="Philips.CareEvent.Test.EventWorkflowServiceTests" time="0.036" status="1" />
    <testcase name="PopulateEventInfoWithRingtonesTest (False,0)" classname="Philips.CareEvent.Test.EventWorkflowServiceTests" time="0.002" status="1" />
    <testcase name="StorageThreadPoolFunctionQueueTests" classname="Philips.CareEvent.Test.EventWorkflowServiceTests" time="0.082" status="1" />
    <testcase name="NullSettingsWillNotPupulateRingtones" classname="Philips.CareEvent.Test.EventWorkflowServiceTests" time="0.002" status="1" />
    <testcase name="CanSetBedForUpdatesViaBedName" classname="Philips.CareEvent.Test.EventWorkflowServiceTests" time="0.005" status="1" />
    <system-out />
    <system-err />
  </testsuite>
  <testsuite name="Philips.PMP.Test.Auto.WaveChunkerTest" hostname="RESTORMEL" package="not available" id="304" tests="4" failures="0" errors="0" skipped="0" time="0.009" timestamp="2023-12-13T03:29:50">
    <properties />
    <testcase name="WaveChunkerWith1BigWaveChunkTest" classname="Philips.PMP.Test.Auto.WaveChunkerTest" time="0.001" status="1" />
    <testcase name="WaveChunkerWith1WaveChunkTest" classname="Philips.PMP.Test.Auto.WaveChunkerTest" time="0.003" status="1" />
    <testcase name="WaveChunkerWith2WaveChunksTest" classname="Philips.PMP.Test.Auto.WaveChunkerTest" time="0.001" status="1" />
    <testcase name="GetChunksValidateWaveDictionaryListCount" classname="Philips.PMP.Test.Auto.WaveChunkerTest" time="0.004" status="1" />
    <system-out />
    <system-err />
  </testsuite>
  <testsuite name="Philips.PMP.Test.Auto.BedToBedOverviewWavePriorityProviderTest" hostname="RESTORMEL" package="not available" id="305" tests="7" failures="0" errors="0" skipped="0" time="0.143" timestamp="2023-12-13T03:30:43">
    <properties />
    <testcase name="WrongWaveCountInListDoesNotStoreToDb" classname="Philips.PMP.Test.Auto.BedToBedOverviewWavePriorityProviderTest" time="0.003" status="1" />
    <testcase name="MissingUnitReturnsFactoryDefaultWavePriority" classname="Philips.PMP.Test.Auto.BedToBedOverviewWavePriorityProviderTest" time="0.002" status="1" />
    <testcase name="DeletingZoneDeletesWavePrioritySetting" classname="Philips.PMP.Test.Auto.BedToBedOverviewWavePriorityProviderTest" time="0.115" status="1" />
    <testcase name="UpdateWavePriorityForUnit" classname="Philips.PMP.Test.Auto.BedToBedOverviewWavePriorityProviderTest" time="0.008" status="1" />
    <testcase name="CopyWavePriorityToDifferentUnit" classname="Philips.PMP.Test.Auto.BedToBedOverviewWavePriorityProviderTest" time="0.003" status="1" />
    <testcase name="StoreAndGetWavePriorityForUnit" classname="Philips.PMP.Test.Auto.BedToBedOverviewWavePriorityProviderTest" time="0.008" status="1" />
    <testcase name="RevertUnitWavePriorityToFactoryDefault" classname="Philips.PMP.Test.Auto.BedToBedOverviewWavePriorityProviderTest" time="0.005" status="1" />
    <system-out />
    <system-err />
  </testsuite>
  <testsuite name="Philips.PMP.Test.Auto.ApmDataConverterTest" hostname="RESTORMEL" package="not available" id="306" tests="31" failures="0" errors="0" skipped="0" time="0.794" timestamp="2023-12-13T03:33:53">
    <properties />
    <testcase name="WatchedComponentReportTimeDeltaStatisticsHandleLookupFailures" classname="Philips.PMP.Test.Auto.ApmDataConverterTest" time="0.019" status="1" />
    <testcase name="UptimeStatisticDataIsConverted" classname="Philips.PMP.Test.Auto.ApmDataConverterTest" time="0.005" status="1" />
    <testcase name="GetMyHostConfigurationWillPopulateExternalTimeServerTest" classname="Philips.PMP.Test.Auto.ApmDataConverterTest" time="0.079" status="1" />
    <testcase name="WatchedComponentReportTimeDeltasAreConverted" classname="Philips.PMP.Test.Auto.ApmDataConverterTest" time="0.001" status="1" />
    <testcase name="GetMyHostConfigurationTest" classname="Philips.PMP.Test.Auto.ApmDataConverterTest" time="0.477" status="1" />
    <testcase name="DoNotConvertRemoteAntennaIfInAccessPointHasNoRemoteAntennas" classname="Philips.PMP.Test.Auto.ApmDataConverterTest" time="0.001" status="1" />
    <testcase name="ApmDataConverterGetMonitorConfigurationLldpTest (False)" classname="Philips.PMP.Test.Auto.ApmDataConverterTest" time="0.005" status="1" />
    <testcase name="ApmDataConverterGetMonitorConfigurationLldpTest (True)" classname="Philips.PMP.Test.Auto.ApmDataConverterTest" time="0.001" status="1" />
    <testcase name="ApmDataConverterPopulatesServiceNumber" classname="Philips.PMP.Test.Auto.ApmDataConverterTest" time="0.003" status="1" />
    <testcase name="ReportAndClearStatusMessagesReturnSameSeverities" classname="Philips.PMP.Test.Auto.ApmDataConverterTest" time="0.027" status="1" />
    <testcase name="ConvertRemoteAntennasFromAccessPointTest" classname="Philips.PMP.Test.Auto.ApmDataConverterTest" time="0.006" status="1" />
    <testcase name="ApmDataConvertIdentifiesDeviceTypes (Host,Host)" classname="Philips.PMP.Test.Auto.ApmDataConverterTest" time="0.002" status="1" />
    <testcase name="ApmDataConvertIdentifiesDeviceTypes (Monitor,Monitor)" classname="Philips.PMP.Test.Auto.ApmDataConverterTest" time="0.001" status="1" />
    <testcase name="ApmDataConvertIdentifiesDeviceTypes (IntelliBridgeSourceDevice,Monitor)" classname="Philips.PMP.Test.Auto.ApmDataConverterTest" time="0.000" status="1" />
    <testcase name="ApmDataConvertIdentifiesDeviceTypes (Ap,Ap)" classname="Philips.PMP.Test.Auto.ApmDataConverterTest" time="0.000" status="1" />
    <testcase name="ApmDataConvertIdentifiesDeviceTypes (Apc,Apc)" classname="Philips.PMP.Test.Auto.ApmDataConverterTest" time="0.000" status="1" />
    <testcase name="ApmDataConvertIdentifiesDeviceTypes (RemoteAntenna,Radio)" classname="Philips.PMP.Test.Auto.ApmDataConverterTest" time="0.000" status="1" />
    <testcase name="ApmDataConvertIdentifiesDeviceTypes (Switch,Switch)" classname="Philips.PMP.Test.Auto.ApmDataConverterTest" time="0.000" status="1" />
    <testcase name="ApmDataConvertIdentifiesDeviceTypes (IntelliBridgeLanServer,Unknown)" classname="Philips.PMP.Test.Auto.ApmDataConverterTest" time="0.000" status="1" />
    <testcase name="UptimeStatisticConversionHandlesLookupFailures" classname="Philips.PMP.Test.Auto.ApmDataConverterTest" time="0.001" status="1" />
    <testcase name="DoNotConvertRemoteAntennaIfDeviceIsNotAccessPoint" classname="Philips.PMP.Test.Auto.ApmDataConverterTest" time="0.148" status="1" />
    <testcase name="ApmDataConverterIdentifiesHeartbeats (Apc,120)" classname="Philips.PMP.Test.Auto.ApmDataConverterTest" time="0.001" status="1" />
    <testcase name="ApmDataConverterIdentifiesHeartbeats (Ap,120)" classname="Philips.PMP.Test.Auto.ApmDataConverterTest" time="0.000" status="1" />
    <testcase name="ApmDataConverterIdentifiesHeartbeats (Host,60)" classname="Philips.PMP.Test.Auto.ApmDataConverterTest" time="0.000" status="1" />
    <testcase name="ApmDataConverterIdentifiesHeartbeats (Monitor,60)" classname="Philips.PMP.Test.Auto.ApmDataConverterTest" time="0.000" status="1" />
    <testcase name="ApmDataConverterIdentifiesHeartbeats (IntelliBridgeLanServer,60)" classname="Philips.PMP.Test.Auto.ApmDataConverterTest" time="0.000" status="1" />
    <testcase name="ApmDataConverterIdentifiesHeartbeats (IntelliBridgeSourceDevice,60)" classname="Philips.PMP.Test.Auto.ApmDataConverterTest" time="0.000" status="1" />
    <testcase name="ApmDataConverterIdentifiesHeartbeats (Acpmp,0)" classname="Philips.PMP.Test.Auto.ApmDataConverterTest" time="0.000" status="1" />
    <testcase name="GetMyHostNotificationTest (True)" classname="Philips.PMP.Test.Auto.ApmDataConverterTest" time="0.004" status="1" />
    <testcase name="GetMyHostNotificationTest (False)" classname="Philips.PMP.Test.Auto.ApmDataConverterTest" time="0.001" status="1" />
    <testcase name="ApmDataConverterConvertTest" classname="Philips.PMP.Test.Auto.ApmDataConverterTest" time="0.008" status="1" />
    <system-out />
    <system-err />
  </testsuite>
  <testsuite name="Philips.PMP.Test.Auto.PatientIdentityConverterTest" hostname="RESTORMEL" package="not available" id="307" tests="5" failures="0" errors="0" skipped="0" time="0.008" timestamp="2023-12-13T03:36:47">
    <properties />
    <testcase name="PatientIdentityConverterDoesCallTopologyProviderIfBedProvidedWithNoUnit" classname="Philips.PMP.Test.Auto.PatientIdentityConverterTest" time="0.002" status="1" />
    <testcase name="PatientIdentityConverterReturnsPiChange" classname="Philips.PMP.Test.Auto.PatientIdentityConverterTest" time="0.002" status="1" />
    <testcase name="PatientIdentityConverterDoesNotCallTopologyProviderIfBedProvided" classname="Philips.PMP.Test.Auto.PatientIdentityConverterTest" time="0.001" status="1" />
    <testcase name="PatientIdentityConverterReturnsNullIfPassedNull" classname="Philips.PMP.Test.Auto.PatientIdentityConverterTest" time="0.001" status="1" />
    <testcase name="PatientIdentityConverterRetrievesBedIfPassedInNull" classname="Philips.PMP.Test.Auto.PatientIdentityConverterTest" time="0.002" status="1" />
    <system-out />
    <system-err />
  </testsuite>
  <testsuite name="Philips.PMP.Test.Auto.RolesControlHelperTest" hostname="RESTORMEL" package="not available" id="308" tests="10" failures="0" errors="0" skipped="0" time="0.018" timestamp="2023-12-13T03:36:14">
    <properties />
    <testcase name="RolesControlHelperShouldAllowDelete" classname="Philips.PMP.Test.Auto.RolesControlHelperTest" time="0.001" status="1" />
    <testcase name="RolesControlHelperShouldAllowEdit" classname="Philips.PMP.Test.Auto.RolesControlHelperTest" time="0.001" status="1" />
    <testcase name="RolesControlHelperGetConfirmationMessage" classname="Philips.PMP.Test.Auto.RolesControlHelperTest" time="0.001" status="1" />
    <testcase name="RolesControlHelperIsRoleInUse" classname="Philips.PMP.Test.Auto.RolesControlHelperTest" time="0.004" status="1" />
    <testcase name="RolesControlHelperGetPermanentForeColor" classname="Philips.PMP.Test.Auto.RolesControlHelperTest" time="0.001" status="1" />
    <testcase name="RolesControlHelperLogRolesAdded" classname="Philips.PMP.Test.Auto.RolesControlHelperTest" time="0.003" status="1" />
    <testcase name="RolesControlHelperDeleteRole" classname="Philips.PMP.Test.Auto.RolesControlHelperTest" time="0.003" status="1" />
    <testcase name="RolesControlHelperIsRolePermanent" classname="Philips.PMP.Test.Auto.RolesControlHelperTest" time="0.001" status="1" />
    <testcase name="RolesControlHelperSetupUserDataMgr" classname="Philips.PMP.Test.Auto.RolesControlHelperTest" time="0.003" status="1" />
    <testcase name="RolesControlHelperGetRoles" classname="Philips.PMP.Test.Auto.RolesControlHelperTest" time="0.001" status="1" />
    <system-out />
    <system-err />
  </testsuite>
  <testsuite name="Philips.PMP.LicenseService.Test.UnitLicenseProcessorTest" hostname="RESTORMEL" package="not available" id="309" tests="24" failures="0" errors="0" skipped="0" time="0.252" timestamp="2023-12-13T03:29:17">
    <properties />
    <testcase name="GetClinicalUnitsByFeatureWillFindAFilteredUnitsLicensedForFeature" classname="Philips.PMP.LicenseService.Test.UnitLicenseProcessorTest" time="0.006" status="1" />
    <testcase name="ValidateLicenseTest" classname="Philips.PMP.LicenseService.Test.UnitLicenseProcessorTest" time="0.013" status="1" />
    <testcase name="CopyLicenseTest (True)" classname="Philips.PMP.LicenseService.Test.UnitLicenseProcessorTest" time="0.010" status="1" />
    <testcase name="CopyLicenseTest (False)" classname="Philips.PMP.LicenseService.Test.UnitLicenseProcessorTest" time="0.002" status="1" />
    <testcase name="SaveLicenseWillNotSaveIfAssignedValidationFails" classname="Philips.PMP.LicenseService.Test.UnitLicenseProcessorTest" time="0.004" status="1" />
    <testcase name="AreAnyLicensedForMyUnitTest" classname="Philips.PMP.LicenseService.Test.UnitLicenseProcessorTest" time="0.002" status="1" />
    <testcase name="GetDataProcessingHostsForClinicalUnitsByFeatureVerifyTest (True,False,False,1)" classname="Philips.PMP.LicenseService.Test.UnitLicenseProcessorTest" time="0.009" status="1" />
    <testcase name="GetDataProcessingHostsForClinicalUnitsByFeatureVerifyTest (False,False,True,0)" classname="Philips.PMP.LicenseService.Test.UnitLicenseProcessorTest" time="0.003" status="1" />
    <testcase name="GetDataProcessingHostsForClinicalUnitsByFeatureVerifyTest (False,True,False,1)" classname="Philips.PMP.LicenseService.Test.UnitLicenseProcessorTest" time="0.003" status="1" />
    <testcase name="SaveLicenseWillNotSaveFeaturesWithZeroLicense" classname="Philips.PMP.LicenseService.Test.UnitLicenseProcessorTest" time="0.022" status="1" />
    <testcase name="SaveLicenseWillNotSaveIfValidationFails" classname="Philips.PMP.LicenseService.Test.UnitLicenseProcessorTest" time="0.004" status="1" />
    <testcase name="GetHostsForClinicalUnitsByFeatureWillReturenAllHostsForUnitsLicensedForFeature" classname="Philips.PMP.LicenseService.Test.UnitLicenseProcessorTest" time="0.007" status="1" />
    <testcase name="GetClinicalUnitsByFeatureWillFindAllUnitsLicensedForFeature" classname="Philips.PMP.LicenseService.Test.UnitLicenseProcessorTest" time="0.110" status="1" />
    <testcase name="GetFeatureWillReturnFeatureValue" classname="Philips.PMP.LicenseService.Test.UnitLicenseProcessorTest" time="0.002" status="1" />
    <testcase name="AreAnyLicensedTest" classname="Philips.PMP.LicenseService.Test.UnitLicenseProcessorTest" time="0.003" status="1" />
    <testcase name="ValidateLicenseErrorTest (True,False,False,True,True,False)" classname="Philips.PMP.LicenseService.Test.UnitLicenseProcessorTest" time="0.003" status="1" />
    <testcase name="ValidateLicenseErrorTest (True,True,True,True,False,True)" classname="Philips.PMP.LicenseService.Test.UnitLicenseProcessorTest" time="0.003" status="1" />
    <testcase name="ValidateLicenseErrorTest (True,True,True,False,True,False)" classname="Philips.PMP.LicenseService.Test.UnitLicenseProcessorTest" time="0.003" status="1" />
    <testcase name="ValidateLicenseErrorTest (False,True,True,True,True,False)" classname="Philips.PMP.LicenseService.Test.UnitLicenseProcessorTest" time="0.003" status="1" />
    <testcase name="AreAllLicensedTest" classname="Philips.PMP.LicenseService.Test.UnitLicenseProcessorTest" time="0.002" status="1" />
    <testcase name="GetHostsForClinicalUnitsByFeatureWillReturenHostsForFilteredUnitsLicensedForFeature" classname="Philips.PMP.LicenseService.Test.UnitLicenseProcessorTest" time="0.007" status="1" />
    <testcase name="GetTotalPatientConnectionsTest" classname="Philips.PMP.LicenseService.Test.UnitLicenseProcessorTest" time="0.008" status="1" />
    <testcase name="GetRestartListForAllUnitsTest" classname="Philips.PMP.LicenseService.Test.UnitLicenseProcessorTest" time="0.002" status="1" />
    <testcase name="AreAnyLicensedForPatientTest" classname="Philips.PMP.LicenseService.Test.UnitLicenseProcessorTest" time="0.022" status="1" />
    <system-out />
    <system-err />
  </testsuite>
  <testsuite name="Philips.PIC.SharedAssignment.Test.SharedAssignmentDeserializerTest" hostname="RESTORMEL" package="not available" id="310" tests="7" failures="0" errors="0" skipped="0" time="0.170" timestamp="2023-12-13T03:29:12">
    <properties />
    <testcase name="SharedAssignmentDeserializesJsonWithMultipleRoles" classname="Philips.PIC.SharedAssignment.Test.SharedAssignmentDeserializerTest" time="0.001" status="1" />
    <testcase name="SharedAssignmentDoesNotDeserializeRandomJson" classname="Philips.PIC.SharedAssignment.Test.SharedAssignmentDeserializerTest" time="0.002" status="1" />
    <testcase name="SharedAssignmentDeserializeJsonWithNullPatientIdentifier" classname="Philips.PIC.SharedAssignment.Test.SharedAssignmentDeserializerTest" time="0.004" status="1" />
    <testcase name="SharedAssignmentDeserializesJsonWithNullValuesWithoutFailure" classname="Philips.PIC.SharedAssignment.Test.SharedAssignmentDeserializerTest" time="0.005" status="1" />
    <testcase name="SharedAssignmentDeserializesJsonWithIncorrectDataType" classname="Philips.PIC.SharedAssignment.Test.SharedAssignmentDeserializerTest" time="0.018" status="1" />
    <testcase name="SharedAssignmentDeserializesSubscriptionResponse" classname="Philips.PIC.SharedAssignment.Test.SharedAssignmentDeserializerTest" time="0.013" status="1" />
    <testcase name="SharedAssignmentDeserializesIdealJsonSampleBundle" classname="Philips.PIC.SharedAssignment.Test.SharedAssignmentDeserializerTest" time="0.127" status="1" />
    <system-out />
    <system-err />
  </testsuite>
  <testsuite name="Philips.PMP.Test.Auto.MeasControlsHelperTest" hostname="RESTORMEL" package="not available" id="311" tests="11" failures="0" errors="0" skipped="0" time="0.114" timestamp="2023-12-13T03:30:46">
    <properties />
    <testcase name="MeasControlHelperGetSelectionChoiceListTest" classname="Philips.PMP.Test.Auto.MeasControlsHelperTest" time="0.001" status="1" />
    <testcase name="MeasControlsHelperAnyRTWaveLabelIsCorrect" classname="Philips.PMP.Test.Auto.MeasControlsHelperTest" time="0.001" status="1" />
    <testcase name="TryFindControlTest" classname="Philips.PMP.Test.Auto.MeasControlsHelperTest" time="0.042" status="1" />
    <testcase name="MeasControlsHelperPopulateWaveformMenuListControlTest" classname="Philips.PMP.Test.Auto.MeasControlsHelperTest" time="0.003" status="1" />
    <testcase name="MeasControlsHelperMakeEntriesTest" classname="Philips.PMP.Test.Auto.MeasControlsHelperTest" time="0.014" status="1" />
    <testcase name="ChangeSelectionEntryTest" classname="Philips.PMP.Test.Auto.MeasControlsHelperTest" time="0.010" status="1" />
    <testcase name="NumericGetMenuEntriesUoMEntry (True)" classname="Philips.PMP.Test.Auto.MeasControlsHelperTest" time="0.022" status="1" />
    <testcase name="NumericGetMenuEntriesUoMEntry (False)" classname="Philips.PMP.Test.Auto.MeasControlsHelperTest" time="0.006" status="1" />
    <testcase name="GetValueControlLabelTest" classname="Philips.PMP.Test.Auto.MeasControlsHelperTest" time="0.002" status="1" />
    <testcase name="GetValueControlChoicesTest" classname="Philips.PMP.Test.Auto.MeasControlsHelperTest" time="0.002" status="1" />
    <testcase name="ChangeToggleEntryTest" classname="Philips.PMP.Test.Auto.MeasControlsHelperTest" time="0.011" status="1" />
    <system-out />
    <system-err />
  </testsuite>
  <testsuite name="Philips.PMP.Test.Auto.DeviceToBedAssignmentControlTest" hostname="RESTORMEL" package="not available" id="312" tests="4" failures="0" errors="0" skipped="0" time="0.516" timestamp="2023-12-13T03:38:03">
    <properties />
    <testcase name="InitializeControlTest" classname="Philips.PMP.Test.Auto.DeviceToBedAssignmentControlTest" time="0.358" status="1" />
    <testcase name="InitializeControlDeviceToBedButonsStateCheckerTest" classname="Philips.PMP.Test.Auto.DeviceToBedAssignmentControlTest" time="0.094" status="1" />
    <testcase name="OnSelectedUnitChangedTest" classname="Philips.PMP.Test.Auto.DeviceToBedAssignmentControlTest" time="0.031" status="1" />
    <testcase name="AddMonitorToBedTest" classname="Philips.PMP.Test.Auto.DeviceToBedAssignmentControlTest" time="0.033" status="1" />
    <system-out />
    <system-err />
  </testsuite>
  <testsuite name="Philips.PMP.Test.Auto.ScheduleTest" hostname="RESTORMEL" package="not available" id="313" tests="11" failures="0" errors="0" skipped="0" time="0.041" timestamp="2023-12-13T03:29:57">
    <properties />
    <testcase name="ScheduleLongIntervalDiscrete" classname="Philips.PMP.Test.Auto.ScheduleTest" time="0.002" status="1" />
    <testcase name="ScheduleIntervalGreaterThanOneDayCanCalculateNext" classname="Philips.PMP.Test.Auto.ScheduleTest" time="0.002" status="1" />
    <testcase name="ScheduleIntervalGreaterThanOneDay" classname="Philips.PMP.Test.Auto.ScheduleTest" time="0.001" status="1" />
    <testcase name="ScheduleSkipsUnusedDays (86400,1209600)" classname="Philips.PMP.Test.Auto.ScheduleTest" time="0.003" status="1" />
    <testcase name="ScheduleSkipsUnusedDays (3600,608400)" classname="Philips.PMP.Test.Auto.ScheduleTest" time="0.001" status="1" />
    <testcase name="ScheduleStartDateInFuture" classname="Philips.PMP.Test.Auto.ScheduleTest" time="0.001" status="1" />
    <testcase name="ScheduleDaylightSavingsTime (3/11/2018 12:00:00 AM,3/11/2018 1:00:00 AM)" classname="Philips.PMP.Test.Auto.ScheduleTest" time="0.008" status="1" />
    <testcase name="ScheduleDaylightSavingsTime (11/4/2018 12:00:00 AM,11/4/2018 1:00:00 AM)" classname="Philips.PMP.Test.Auto.ScheduleTest" time="0.001" status="1" />
    <testcase name="ScheduleIntervalIsNightShift" classname="Philips.PMP.Test.Auto.ScheduleTest" time="0.001" status="1" />
    <testcase name="ScheduleHasEndDate" classname="Philips.PMP.Test.Auto.ScheduleTest" time="0.022" status="1" />
    <testcase name="ScheduleLongIntervalPeriodic" classname="Philips.PMP.Test.Auto.ScheduleTest" time="0.001" status="1" />
    <system-out />
    <system-err />
  </testsuite>
  <testsuite name="Philips.PMP.Test.Auto.HostUnitAccessControlTest" hostname="RESTORMEL" package="not available" id="314" tests="5" failures="0" errors="0" skipped="0" time="0.945" timestamp="2023-12-13T03:34:06">
    <properties />
    <testcase name="HostUnitAccessControlGetAllHostAccessSettings" classname="Philips.PMP.Test.Auto.HostUnitAccessControlTest" time="0.120" status="1" />
    <testcase name="HostUnitAccessControlCopySettings" classname="Philips.PMP.Test.Auto.HostUnitAccessControlTest" time="0.342" status="1" />
    <testcase name="HostUnitAccessControlInitializeUi" classname="Philips.PMP.Test.Auto.HostUnitAccessControlTest" time="0.070" status="1" />
    <testcase name="HostUnitAccessControlUpdateButtonsState" classname="Philips.PMP.Test.Auto.HostUnitAccessControlTest" time="0.069" status="1" />
    <testcase name="HostUnitAccessControlHostSelected" classname="Philips.PMP.Test.Auto.HostUnitAccessControlTest" time="0.344" status="1" />
    <system-out />
    <system-err />
  </testsuite>
  <testsuite name="Philips.PMP.Test.Auto.PatientServiceTest" hostname="RESTORMEL" package="not available" id="315" tests="43" failures="0" errors="0" skipped="0" time="3.865" timestamp="2023-12-13T03:34:58">
    <properties />
    <testcase name="PatientServiceAssignBedLicenseTest (True)" classname="Philips.PMP.Test.Auto.PatientServiceTest" time="0.020" status="1" />
    <testcase name="PatientServiceAssignBedLicenseTest (False)" classname="Philips.PMP.Test.Auto.PatientServiceTest" time="0.004" status="1" />
    <testcase name="PatientServiceStopMgmtAssociationTest (True)" classname="Philips.PMP.Test.Auto.PatientServiceTest" time="0.014" status="1" />
    <testcase name="PatientServiceStopMgmtAssociationTest (False)" classname="Philips.PMP.Test.Auto.PatientServiceTest" time="0.002" status="1" />
    <testcase name="PatientServiceSendPatientAssignmentChangeTest (False,False)" classname="Philips.PMP.Test.Auto.PatientServiceTest" time="0.062" status="1" />
    <testcase name="PatientServiceSendPatientAssignmentChangeTest (True,False)" classname="Philips.PMP.Test.Auto.PatientServiceTest" time="0.005" status="1" />
    <testcase name="PatientServiceSendPatientAssignmentChangeTest (False,True)" classname="Philips.PMP.Test.Auto.PatientServiceTest" time="0.004" status="1" />
    <testcase name="PatientServiceSendPatientAssignmentChangeTest (False,True)" classname="Philips.PMP.Test.Auto.PatientServiceTest" time="0.002" status="1" />
    <testcase name="PatientServiceAuditBedMovedTest (False,True,True)" classname="Philips.PMP.Test.Auto.PatientServiceTest" time="1.034" status="1" />
    <testcase name="PatientServiceAuditBedMovedTest (False,False,False)" classname="Philips.PMP.Test.Auto.PatientServiceTest" time="0.273" status="1" />
    <testcase name="PatientServiceAuditBedMovedTest (True,True,False)" classname="Philips.PMP.Test.Auto.PatientServiceTest" time="0.269" status="1" />
    <testcase name="PatientServiceAuditBedMovedTest (True,False,False)" classname="Philips.PMP.Test.Auto.PatientServiceTest" time="0.272" status="1" />
    <testcase name="PatientServiceOnlyStartsDeviceAssociationMgrForPatientConnectedHosts (True)" classname="Philips.PMP.Test.Auto.PatientServiceTest" time="0.317" status="1" />
    <testcase name="PatientServiceOnlyStartsDeviceAssociationMgrForPatientConnectedHosts (False)" classname="Philips.PMP.Test.Auto.PatientServiceTest" time="0.250" status="1" />
    <testcase name="PatientServiceVerifySimpleAdtUpdateBlockedWithoutIdMatchTest" classname="Philips.PMP.Test.Auto.PatientServiceTest" time="0.030" status="1" />
    <testcase name="PatientServiceStartOnlyRemovesPatient (True,1)" classname="Philips.PMP.Test.Auto.PatientServiceTest" time="0.117" status="1" />
    <testcase name="PatientServiceStartOnlyRemovesPatient (False,0)" classname="Philips.PMP.Test.Auto.PatientServiceTest" time="0.002" status="1" />
    <testcase name="PatientServiceCopySectorAttributesTest (True,True,True)" classname="Philips.PMP.Test.Auto.PatientServiceTest" time="0.001" status="1" />
    <testcase name="PatientServiceCopySectorAttributesTest (True,True,False)" classname="Philips.PMP.Test.Auto.PatientServiceTest" time="0.001" status="1" />
    <testcase name="PatientServiceCopySectorAttributesTest (True,False,True)" classname="Philips.PMP.Test.Auto.PatientServiceTest" time="0.001" status="1" />
    <testcase name="PatientServiceCopySectorAttributesTest (True,False,False)" classname="Philips.PMP.Test.Auto.PatientServiceTest" time="0.001" status="1" />
    <testcase name="PatientServiceCopySectorAttributesTest (False,True,True)" classname="Philips.PMP.Test.Auto.PatientServiceTest" time="0.002" status="1" />
    <testcase name="PatientServiceCopySectorAttributesTest (False,True,False)" classname="Philips.PMP.Test.Auto.PatientServiceTest" time="0.001" status="1" />
    <testcase name="PatientServiceCopySectorAttributesTest (False,False,True)" classname="Philips.PMP.Test.Auto.PatientServiceTest" time="0.001" status="1" />
    <testcase name="PatientServiceCopySectorAttributesTest (False,False,False)" classname="Philips.PMP.Test.Auto.PatientServiceTest" time="0.001" status="1" />
    <testcase name="PatientServiceStartWillMoveBedsIfMonitoredElsewhere" classname="Philips.PMP.Test.Auto.PatientServiceTest" time="0.275" status="1" />
    <testcase name="PatientServiceProcessHisPatientForAutoAdtTransferTest (True,True,True,False,False)" classname="Philips.PMP.Test.Auto.PatientServiceTest" time="0.155" status="1" />
    <testcase name="PatientServiceProcessHisPatientForAutoAdtTransferTest (False,True,True,False,False)" classname="Philips.PMP.Test.Auto.PatientServiceTest" time="0.020" status="1" />
    <testcase name="PatientServiceProcessHisPatientForAutoAdtTransferTest (False,True,False,False,False)" classname="Philips.PMP.Test.Auto.PatientServiceTest" time="0.022" status="1" />
    <testcase name="PatientServiceProcessHisPatientForAutoAdtTransferTest (False,True,False,True,True)" classname="Philips.PMP.Test.Auto.PatientServiceTest" time="0.025" status="1" />
    <testcase name="PatientServiceProcessHisPatientForAutoAdtTransferTest (False,False,False,True,True)" classname="Philips.PMP.Test.Auto.PatientServiceTest" time="0.020" status="1" />
    <testcase name="PatientServiceSendPatientIdentityChangeTest (False)" classname="Philips.PMP.Test.Auto.PatientServiceTest" time="0.004" status="1" />
    <testcase name="PatientServiceSendPatientIdentityChangeTest (True)" classname="Philips.PMP.Test.Auto.PatientServiceTest" time="0.003" status="1" />
    <testcase name="PatientServiceStartRunsQualifiersForUnit" classname="Philips.PMP.Test.Auto.PatientServiceTest" time="0.386" status="1" />
    <testcase name="PatientServiceHandleChangeBedLabelTest (True,False,False,False,True)" classname="Philips.PMP.Test.Auto.PatientServiceTest" time="0.203" status="1" />
    <testcase name="PatientServiceHandleChangeBedLabelTest (False,True,True,False,True)" classname="Philips.PMP.Test.Auto.PatientServiceTest" time="0.005" status="1" />
    <testcase name="PatientServiceHandleChangeBedLabelTest (False,False,True,False,True)" classname="Philips.PMP.Test.Auto.PatientServiceTest" time="0.002" status="1" />
    <testcase name="PatientServiceHandleChangeBedLabelTest (False,True,False,False,False)" classname="Philips.PMP.Test.Auto.PatientServiceTest" time="0.008" status="1" />
    <testcase name="PatientServiceHandleChangeBedLabelTest (False,False,False,True,False)" classname="Philips.PMP.Test.Auto.PatientServiceTest" time="0.005" status="1" />
    <testcase name="PatientServiceStoreLineFrequencyTest (False,False)" classname="Philips.PMP.Test.Auto.PatientServiceTest" time="0.015" status="1" />
    <testcase name="PatientServiceStoreLineFrequencyTest (True,False)" classname="Philips.PMP.Test.Auto.PatientServiceTest" time="0.014" status="1" />
    <testcase name="PatientServiceStoreLineFrequencyTest (True,True)" classname="Philips.PMP.Test.Auto.PatientServiceTest" time="0.011" status="1" />
    <testcase name="TriggerAutoSortTest" classname="Philips.PMP.Test.Auto.PatientServiceTest" time="0.008" status="1" />
    <system-out />
    <system-err />
  </testsuite>
  <testsuite name="Philips.PMP.Test.Auto.CiParserTest" hostname="RESTORMEL" package="not available" id="316" tests="28" failures="0" errors="0" skipped="0" time="0.138" timestamp="2023-12-13T03:29:39">
    <properties />
    <testcase name="CiParserParseProtocolSupportTest (True,True,True)" classname="Philips.PMP.Test.Auto.CiParserTest" time="0.020" status="1" />
    <testcase name="CiParserParseProtocolSupportTest (True,True,False)" classname="Philips.PMP.Test.Auto.CiParserTest" time="0.001" status="1" />
    <testcase name="CiParserParseProtocolSupportTest (True,False,False)" classname="Philips.PMP.Test.Auto.CiParserTest" time="0.001" status="1" />
    <testcase name="CiParserParseProtocolSupportTest (False,True,True)" classname="Philips.PMP.Test.Auto.CiParserTest" time="0.000" status="1" />
    <testcase name="CiParserParseProtocolSupportTest (False,True,False)" classname="Philips.PMP.Test.Auto.CiParserTest" time="0.001" status="1" />
    <testcase name="CiParserParseProtocolSupportTest (False,False,False)" classname="Philips.PMP.Test.Auto.CiParserTest" time="0.001" status="1" />
    <testcase name="CiParserParseMonitorLabelTest" classname="Philips.PMP.Test.Auto.CiParserTest" time="0.010" status="1" />
    <testcase name="CiParserParseUseModelInfoTest (Transport)" classname="Philips.PMP.Test.Auto.CiParserTest" time="0.004" status="1" />
    <testcase name="CiParserParseUseModelInfoTest (Spotcheck)" classname="Philips.PMP.Test.Auto.CiParserTest" time="0.001" status="1" />
    <testcase name="CiParserNoMissingPdusDiscoveredTest (System.Byte[],False)" classname="Philips.PMP.Test.Auto.CiParserTest" time="0.004" status="1" />
    <testcase name="CiParserNoMissingPdusDiscoveredTest (System.Byte[],True)" classname="Philips.PMP.Test.Auto.CiParserTest" time="0.005" status="1" />
    <testcase name="CiParserNoMissingPdusDiscoveredTest (System.Byte[],True)" classname="Philips.PMP.Test.Auto.CiParserTest" time="0.001" status="1" />
    <testcase name="CiParserNoMissingPdusDiscoveredTest (System.Byte[],True)" classname="Philips.PMP.Test.Auto.CiParserTest" time="0.001" status="1" />
    <testcase name="CiParserParsesModelNumberTest (SureSigns VS4,Philips,System.Byte[])" classname="Philips.PMP.Test.Auto.CiParserTest" time="0.003" status="1" />
    <testcase name="CiParserParsesModelNumberTest (,,System.Byte[])" classname="Philips.PMP.Test.Auto.CiParserTest" time="0.009" status="1" />
    <testcase name="CiParserParseBatteryLevelTest (Empty)" classname="Philips.PMP.Test.Auto.CiParserTest" time="0.004" status="1" />
    <testcase name="CiParserParseBatteryLevelTest (50)" classname="Philips.PMP.Test.Auto.CiParserTest" time="0.010" status="1" />
    <testcase name="CiParserParseBatteryLevelTest (Full)" classname="Philips.PMP.Test.Auto.CiParserTest" time="0.000" status="1" />
    <testcase name="CiParserParseBatteryLevelTest (Invalid)" classname="Philips.PMP.Test.Auto.CiParserTest" time="0.001" status="1" />
    <testcase name="CiParse (00000100000102160000000002100023000000000046e7000d170202001101fe0920000400030000098600040001114d09370008060806080001000bf136000420000000f27c001a0001800000010012f100000e0009fbb0b855ac1f0439fffff800f135002200450052002d004d0058003500300030000000000000000000000000000000000000f100000e0009fbb0b855ac1f0439fffff800f1010054000a0050000100035dc06000000200035dc0600000010005dea8600000020005dea86000000100015e290000000500015e29000000010004dea9000000050004dea90000000a00015dcc0000000a0004deaa0000f35e0010fe800000000000000209fbfffeb0b8550984000a00080009fbffffb0b8550928001400085068696c6970730000083836363036340000092d00700006006c00010008000c44453335313236313933000900020008000e383636303634000000000000000000030008000820412e30302e32320005007800083f3f3f3f3f3f3f3f00020058000e532d4d383030332d3134303241000004005800104d2e30332e3031202d20383500000000f12e00120001000e0002000a0001000600510000c0c1f45b004a000400460001000c00040006000668bdab1c1d800002000c0005000600064661302f32330005000a0006000653776974636800040014001000104661737445746865726e6574302f3233f3c900020000f39c00080800002300000008f15a000400000002,,,,,ER-MX500,ER-MX500,False,68bdab1c1d80 : Fa0/23 : Switch,68bdab1c1d80,Fa0/23,Switch)" classname="Philips.PMP.Test.Auto.CiParserTest" time="0.027" status="1" />
    <testcase name="CiParse (0000010000010216000000000210002300000000004427000d170202001101fe0920000400030000098600040001114d09370008060806080001000bf136000420000000f27c001a0001800000010012f100000e0009fbb0b855ac1f0439fffff800f135002200450052002d004d0058003500300030000000000000000000000000000000000000f100000e0009fbb0b855ac1f0439fffff800f1010054000a0050000100035dc06000000200035dc0600000010005dea8600000020005dea86000000100015e290000000500015e29000000010004dea9000000050004dea90000000a00015dcc0000000a0004deaa0000f35e0010fe800000000000000209fbfffeb0b8550984000a00080009fbffffb0b8550928001400085068696c6970730000083836363036340000092d00700006006c00010008000c44453335313236313933000900020008000e383636303634000000000000000000030008000820412e30302e32320005007800083f3f3f3f3f3f3f3f00020058000e532d4d383030332d3134303241000004005800104d2e30332e3031202d20383500000000f12e00120001000e0002000a0001000600510000c0c1f45b004a000400460001000c00040006000668bdab1c1d800002000c0005000600064661302f31390005000a0006000653776974636800040014001000104661737445746865726e6574302f3139f3c900020000f39c00080800002300000008f15a000400000002,,,,,ER-MX500,ER-MX500,False,68bdab1c1d80 : Fa0/19 : Switch,68bdab1c1d80,Fa0/19,Switch)" classname="Philips.PMP.Test.Auto.CiParserTest" time="0.001" status="1" />
    <testcase name="CiParserParseOpModeTest (Monitoring)" classname="Philips.PMP.Test.Auto.CiParserTest" time="0.003" status="1" />
    <testcase name="CiParserParseOpModeTest (OpmodeStandby)" classname="Philips.PMP.Test.Auto.CiParserTest" time="0.001" status="1" />
    <testcase name="CiParserVerifyAttributesTest" classname="Philips.PMP.Test.Auto.CiParserTest" time="0.011" status="1" />
    <testcase name="CiParserParsePowerStatusTest (ChargingFull, OnMains)" classname="Philips.PMP.Test.Auto.CiParserTest" time="0.005" status="1" />
    <testcase name="CiParserParsePowerStatusTest (OnBattery)" classname="Philips.PMP.Test.Auto.CiParserTest" time="0.009" status="1" />
    <testcase name="CiParserParsePowerStatusTest (BatteryMalfunction)" classname="Philips.PMP.Test.Auto.CiParserTest" time="0.001" status="1" />
    <testcase name="CiParserParseProductSpecificationTest" classname="Philips.PMP.Test.Auto.CiParserTest" time="0.004" status="1" />
    <system-out />
    <system-err />
  </testsuite>
  <testsuite name="Philips.PMP.Test.Auto.ScaleProviderTest" hostname="RESTORMEL" package="not available" id="317" tests="5" failures="0" errors="0" skipped="0" time="6.234" timestamp="2023-12-13T03:33:20">
    <properties />
    <testcase name="StMapLeadAnglesTest" classname="Philips.PMP.Test.Auto.ScaleProviderTest" time="0.002" status="1" />
    <testcase name="PatientParameterScalesTest" classname="Philips.PMP.Test.Auto.ScaleProviderTest" time="1.541" status="1" />
    <testcase name="PatientParameterScalesPurgeTest" classname="Philips.PMP.Test.Auto.ScaleProviderTest" time="1.272" status="1" />
    <testcase name="PatientParameterScalesLoadFromFactoryTest" classname="Philips.PMP.Test.Auto.ScaleProviderTest" time="2.761" status="1" />
    <testcase name="PatientParameterScalesChangeCategoryTest" classname="Philips.PMP.Test.Auto.ScaleProviderTest" time="0.658" status="1" />
    <system-out />
    <system-err />
  </testsuite>
  <testsuite name="Philips.CareEvent.Test.MessageRecipientControlTests" hostname="RESTORMEL" package="not available" id="318" tests="4" failures="0" errors="0" skipped="0" time="0.091" timestamp="2023-12-13T03:28:28">
    <properties />
    <testcase name="UpdateLocationRolesMappingTest" classname="Philips.CareEvent.Test.MessageRecipientControlTests" time="0.028" status="1" />
    <testcase name="ValidateTest" classname="Philips.CareEvent.Test.MessageRecipientControlTests" time="0.020" status="1" />
    <testcase name="SelectAllCaregiversCheckboxTest" classname="Philips.CareEvent.Test.MessageRecipientControlTests" time="0.021" status="1" />
    <testcase name="DisplayUsersWithTextMessagingRolesAssigned" classname="Philips.CareEvent.Test.MessageRecipientControlTests" time="0.022" status="1" />
    <system-out />
    <system-err />
  </testsuite>
  <testsuite name="Philips.PMP.Test.Auto.DtlsTest" hostname="RESTORMEL" package="not available" id="319" tests="16" failures="0" errors="0" skipped="0" time="0.378" timestamp="2023-12-13T03:36:22">
    <properties />
    <testcase name="DtlsConnectionTest" classname="Philips.PMP.Test.Auto.DtlsTest" time="0.022" status="1" />
    <testcase name="DtlsConvertToDtlsPacketTest" classname="Philips.PMP.Test.Auto.DtlsTest" time="0.004" status="1" />
    <testcase name="DtlsGetLastSequenceNumberOfHandshakeFlightTest" classname="Philips.PMP.Test.Auto.DtlsTest" time="0.001" status="1" />
    <testcase name="DtlsProcessInitialConnectRequestTest" classname="Philips.PMP.Test.Auto.DtlsTest" time="0.006" status="1" />
    <testcase name="DtlsIsRemoteCertificateValidTest (True)" classname="Philips.PMP.Test.Auto.DtlsTest" time="0.066" status="1" />
    <testcase name="DtlsIsRemoteCertificateValidTest (False)" classname="Philips.PMP.Test.Auto.DtlsTest" time="0.001" status="1" />
    <testcase name="DtlsSendOutboundMessageTest" classname="Philips.PMP.Test.Auto.DtlsTest" time="0.010" status="1" />
    <testcase name="DtlsHandshakeStateCheckTest" classname="Philips.PMP.Test.Auto.DtlsTest" time="0.003" status="1" />
    <testcase name="DtlsCheckNullCipherAvailabilityTest" classname="Philips.PMP.Test.Auto.DtlsTest" time="0.004" status="1" />
    <testcase name="DtlsProcessInboundDtlsPacketTest" classname="Philips.PMP.Test.Auto.DtlsTest" time="0.005" status="1" />
    <testcase name="DtlsProcessInboundPacketTest" classname="Philips.PMP.Test.Auto.DtlsTest" time="0.031" status="1" />
    <testcase name="DtlsProceessHandshakePacketTest" classname="Philips.PMP.Test.Auto.DtlsTest" time="0.202" status="1" />
    <testcase name="DtlsPacketSequenceNumberTest" classname="Philips.PMP.Test.Auto.DtlsTest" time="0.002" status="1" />
    <testcase name="DtlsIsClientHelloMessageTest" classname="Philips.PMP.Test.Auto.DtlsTest" time="0.001" status="1" />
    <testcase name="DtlsInitiateDtlsConnectionTest" classname="Philips.PMP.Test.Auto.DtlsTest" time="0.011" status="1" />
    <testcase name="DtlsCloseSecureConnectionTest" classname="Philips.PMP.Test.Auto.DtlsTest" time="0.009" status="1" />
    <system-out />
    <system-err />
  </testsuite>
  <testsuite name="Philips.PMP.Test.Auto.RestoreControlTest" hostname="RESTORMEL" package="not available" id="320" tests="20" failures="0" errors="0" skipped="0" time="3.316" timestamp="2023-12-13T03:30:41">
    <properties />
    <testcase name="RestoreControlUsesPassword" classname="Philips.PMP.Test.Auto.RestoreControlTest" time="0.224" status="1" />
    <testcase name="RestoreTestInvalidInput" classname="Philips.PMP.Test.Auto.RestoreControlTest" time="0.058" status="1" />
    <testcase name="UpdateOcspAfterRestoreTest (True,0)" classname="Philips.PMP.Test.Auto.RestoreControlTest" time="0.040" status="1" />
    <testcase name="UpdateOcspAfterRestoreTest (False,1)" classname="Philips.PMP.Test.Auto.RestoreControlTest" time="0.040" status="1" />
    <testcase name="GetFactoryContentDuringRestoreTest" classname="Philips.PMP.Test.Auto.RestoreControlTest" time="0.054" status="1" />
    <testcase name="RestoreControlGetArchiveDetailsTest (TwoDbArchive.rkv,2)" classname="Philips.PMP.Test.Auto.RestoreControlTest" time="0.797" status="1" />
    <testcase name="RestoreControlGetArchiveDetailsTest (PrimaryOnlyArchive.rkv,1)" classname="Philips.PMP.Test.Auto.RestoreControlTest" time="0.591" status="1" />
    <testcase name="RestoreControlGetArchiveDetailsTest (C03BaseArchive.rkv,1)" classname="Philips.PMP.Test.Auto.RestoreControlTest" time="0.448" status="1" />
    <testcase name="RestoreSupportedArchiveDiffBuildTest" classname="Philips.PMP.Test.Auto.RestoreControlTest" time="0.816" status="1" />
    <testcase name="RestoreUnsupportedArchiveOutdatedVersionTest (A.00.00,A.00.11)" classname="Philips.PMP.Test.Auto.RestoreControlTest" time="0.018" status="1" />
    <testcase name="RestoreUnsupportedArchiveOutdatedVersionTest (A.01.00,A.01.01)" classname="Philips.PMP.Test.Auto.RestoreControlTest" time="0.017" status="1" />
    <testcase name="RestoreUnsupportedArchiveOutdatedVersionTest (A.02.00,A.02.04)" classname="Philips.PMP.Test.Auto.RestoreControlTest" time="0.017" status="1" />
    <testcase name="RestoreUnsupportedArchiveOutdatedVersionTest (B.00.00,B.00.05)" classname="Philips.PMP.Test.Auto.RestoreControlTest" time="0.018" status="1" />
    <testcase name="RestoreUnsupportedArchiveOutdatedVersionTest (B.01.00,B.01.01)" classname="Philips.PMP.Test.Auto.RestoreControlTest" time="0.017" status="1" />
    <testcase name="RestoreUnsupportedArchiveOutdatedVersionTest (B.02.00,B.02.07)" classname="Philips.PMP.Test.Auto.RestoreControlTest" time="0.019" status="1" />
    <testcase name="RestoreUnsupportedArchiveOutdatedVersionTest (C.00.00,C.00.01)" classname="Philips.PMP.Test.Auto.RestoreControlTest" time="0.018" status="1" />
    <testcase name="RestoreUnsupportedArchiveOutdatedVersionTest (C.01.00,C.01.01)" classname="Philips.PMP.Test.Auto.RestoreControlTest" time="0.018" status="1" />
    <testcase name="RestoreUnsupportedArchiveOutdatedVersionTest (C.02.00,C.02.01)" classname="Philips.PMP.Test.Auto.RestoreControlTest" time="0.018" status="1" />
    <testcase name="UpdateCertificateAfterRestoreTest (True,0)" classname="Philips.PMP.Test.Auto.RestoreControlTest" time="0.045" status="1" />
    <testcase name="UpdateCertificateAfterRestoreTest (False,1)" classname="Philips.PMP.Test.Auto.RestoreControlTest" time="0.042" status="1" />
    <system-out />
    <system-err />
  </testsuite>
  <testsuite name="Philips.PMP.Test.Auto.SystemEncryptionInstallMgrTest" hostname="RESTORMEL" package="not available" id="321" tests="13" failures="0" errors="0" skipped="0" time="0.183" timestamp="2023-12-13T03:36:15">
    <properties />
    <testcase name="PrimaryServerExistingSaltNoKey (True,True,False)" classname="Philips.PMP.Test.Auto.SystemEncryptionInstallMgrTest" time="0.005" status="1" />
    <testcase name="PrimaryServerExistingSaltNoKey (True,False,True)" classname="Philips.PMP.Test.Auto.SystemEncryptionInstallMgrTest" time="0.004" status="1" />
    <testcase name="PrimaryServerExistingSaltNoKey (True,False,False)" classname="Philips.PMP.Test.Auto.SystemEncryptionInstallMgrTest" time="0.002" status="1" />
    <testcase name="PrimaryServerExistingSaltNoKey (False,False,False)" classname="Philips.PMP.Test.Auto.SystemEncryptionInstallMgrTest" time="0.002" status="1" />
    <testcase name="PrimaryServerExistingSaltExistingKey (True,False,False)" classname="Philips.PMP.Test.Auto.SystemEncryptionInstallMgrTest" time="0.002" status="1" />
    <testcase name="PrimaryServerExistingSaltExistingKey (False,False,True)" classname="Philips.PMP.Test.Auto.SystemEncryptionInstallMgrTest" time="0.003" status="1" />
    <testcase name="PrimaryServerExistingSaltExistingKey (False,False,False)" classname="Philips.PMP.Test.Auto.SystemEncryptionInstallMgrTest" time="0.002" status="1" />
    <testcase name="PrimaryServerExistingSaltExistingKey (False,True,True)" classname="Philips.PMP.Test.Auto.SystemEncryptionInstallMgrTest" time="0.005" status="1" />
    <testcase name="ClientGetNewKey (False,True)" classname="Philips.PMP.Test.Auto.SystemEncryptionInstallMgrTest" time="0.003" status="1" />
    <testcase name="ClientGetNewKey (False,False)" classname="Philips.PMP.Test.Auto.SystemEncryptionInstallMgrTest" time="0.002" status="1" />
    <testcase name="ClientGetNewKey (True,True)" classname="Philips.PMP.Test.Auto.SystemEncryptionInstallMgrTest" time="0.002" status="1" />
    <testcase name="PrimaryServerNoSalt (True)" classname="Philips.PMP.Test.Auto.SystemEncryptionInstallMgrTest" time="0.146" status="1" />
    <testcase name="PrimaryServerNoSalt (False)" classname="Philips.PMP.Test.Auto.SystemEncryptionInstallMgrTest" time="0.003" status="1" />
    <system-out />
    <system-err />
  </testsuite>
  <testsuite name="Philips.PMP.Test.Auto.CertificateMappingQualifierTest" hostname="RESTORMEL" package="not available" id="322" tests="1" failures="0" errors="0" skipped="0" time="0.079" timestamp="2023-12-13T03:29:43">
    <properties />
    <testcase name="CertificateMappingQualifierCanSetRegistry" classname="Philips.PMP.Test.Auto.CertificateMappingQualifierTest" time="0.079" status="1" />
    <system-out />
    <system-err />
  </testsuite>
  <testsuite name="Philips.PMP.Test.Auto.LimitCounterTest" hostname="RESTORMEL" package="not available" id="323" tests="4" failures="0" errors="0" skipped="0" time="0.003" timestamp="2023-12-13T03:29:56">
    <properties />
    <testcase name="LimitCounterResetRestartsCounter" classname="Philips.PMP.Test.Auto.LimitCounterTest" time="0.001" status="1" />
    <testcase name="LimitCounterIncrementsBy1" classname="Philips.PMP.Test.Auto.LimitCounterTest" time="0.001" status="1" />
    <testcase name="LimitCounterElapsedIsTrueWhenLimitReached" classname="Philips.PMP.Test.Auto.LimitCounterTest" time="0.001" status="1" />
    <testcase name="NewLimitCounterHasCount0" classname="Philips.PMP.Test.Auto.LimitCounterTest" time="0.001" status="1" />
    <system-out />
    <system-err />
  </testsuite>
  <testsuite name="Philips.PMP.Test.Auto.PatientDataExportConnectionBedControlTest" hostname="RESTORMEL" package="not available" id="324" tests="5" failures="0" errors="0" skipped="0" time="0.740" timestamp="2023-12-13T03:34:42">
    <properties />
    <testcase name="PopulateBedTreeViewMultiInstitutionTest" classname="Philips.PMP.Test.Auto.PatientDataExportConnectionBedControlTest" time="0.313" status="1" />
    <testcase name="GetUnitAssignmentsOnlyReturnsAssignedUnits (False,0)" classname="Philips.PMP.Test.Auto.PatientDataExportConnectionBedControlTest" time="0.047" status="1" />
    <testcase name="GetUnitAssignmentsOnlyReturnsAssignedUnits (True,1)" classname="Philips.PMP.Test.Auto.PatientDataExportConnectionBedControlTest" time="0.039" status="1" />
    <testcase name="PatientDataExportConnectionBedControlHasZoneConstructor" classname="Philips.PMP.Test.Auto.PatientDataExportConnectionBedControlTest" time="0.026" status="1" />
    <testcase name="PopulateBedTreeViewTest" classname="Philips.PMP.Test.Auto.PatientDataExportConnectionBedControlTest" time="0.315" status="1" />
    <system-out />
    <system-err />
  </testsuite>
  <testsuite name="Philips.PMP.Test.Auto.CameraSystemQualifierTest" hostname="RESTORMEL" package="not available" id="325" tests="11" failures="0" errors="0" skipped="0" time="0.113" timestamp="2023-12-13T03:29:43">
    <properties />
    <testcase name="CameraSystemQualifierSucceedsWhenAllUserAuthenticateSuccess" classname="Philips.PMP.Test.Auto.CameraSystemQualifierTest" time="0.013" status="1" />
    <testcase name="CameraSystemQualifierFailsOnUnknownFailure" classname="Philips.PMP.Test.Auto.CameraSystemQualifierTest" time="0.002" status="1" />
    <testcase name="CameraSystemQualifierPassesWhenUserAuthenticateSucceeds" classname="Philips.PMP.Test.Auto.CameraSystemQualifierTest" time="0.024" status="1" />
    <testcase name="CameraSystemQualifierHasCorrectDescription" classname="Philips.PMP.Test.Auto.CameraSystemQualifierTest" time="0.005" status="1" />
    <testcase name="CameraSystemQualifierFailsOnServerError" classname="Philips.PMP.Test.Auto.CameraSystemQualifierTest" time="0.002" status="1" />
    <testcase name="CameraSystemQualifierFailsWhenOneUserAuthenticateFails" classname="Philips.PMP.Test.Auto.CameraSystemQualifierTest" time="0.011" status="1" />
    <testcase name="CameraSystemQualifierHasCorrectDisplayName" classname="Philips.PMP.Test.Auto.CameraSystemQualifierTest" time="0.002" status="1" />
    <testcase name="CameraSystemQualifierPassesWhenNoUsersConfigured" classname="Philips.PMP.Test.Auto.CameraSystemQualifierTest" time="0.032" status="1" />
    <testcase name="CameraSystemQualifierIsCorrectable" classname="Philips.PMP.Test.Auto.CameraSystemQualifierTest" time="0.005" status="1" />
    <testcase name="CameraSystemQualifierFailsWhenMultipleUserAuthenticateFails" classname="Philips.PMP.Test.Auto.CameraSystemQualifierTest" time="0.014" status="1" />
    <testcase name="CameraSystemQualifierFailsWhenUserAuthenticateFails" classname="Philips.PMP.Test.Auto.CameraSystemQualifierTest" time="0.003" status="1" />
    <system-out />
    <system-err />
  </testsuite>
  <testsuite name="Philips.CareEvent.Test.EventMgrTest" hostname="RESTORMEL" package="not available" id="326" tests="43" failures="0" errors="0" skipped="0" time="0.910" timestamp="2023-12-13T03:28:15">
    <properties />
    <testcase name="RemoveEventWithNoDevicesTest" classname="Philips.CareEvent.Test.EventMgrTest" time="0.014" status="1" />
    <testcase name="SendNotificationForConfirmedDeliveryTest (1,True,True)" classname="Philips.CareEvent.Test.EventMgrTest" time="0.016" status="1" />
    <testcase name="SendNotificationForConfirmedDeliveryTest (10,True,False)" classname="Philips.CareEvent.Test.EventMgrTest" time="0.009" status="1" />
    <testcase name="SendNotificationForConfirmedDeliveryTest (20,False,False)" classname="Philips.CareEvent.Test.EventMgrTest" time="0.008" status="1" />
    <testcase name="GetEnableAlertZoneIdByHostname (localhost,True,True,True,True,False,2)" classname="Philips.CareEvent.Test.EventMgrTest" time="0.018" status="1" />
    <testcase name="GetEnableAlertZoneIdByHostname (127.0.0.1:5660,True,True,True,True,False,2)" classname="Philips.CareEvent.Test.EventMgrTest" time="0.021" status="1" />
    <testcase name="GetEnableAlertZoneIdByHostname (127.0.0.1:5660,True,True,True,False,False,1)" classname="Philips.CareEvent.Test.EventMgrTest" time="0.015" status="1" />
    <testcase name="GetEnableAlertZoneIdByHostname (Dev-Machine1,False,True,False,False,False,1)" classname="Philips.CareEvent.Test.EventMgrTest" time="0.005" status="1" />
    <testcase name="GetEnableAlertZoneIdByHostname (Dev-Machine1,True,False,True,True,True,1)" classname="Philips.CareEvent.Test.EventMgrTest" time="0.014" status="1" />
    <testcase name="GetEnableAlertZoneIdByHostname (Dev-Machine1,True,False,True,True,False,1)" classname="Philips.CareEvent.Test.EventMgrTest" time="0.011" status="1" />
    <testcase name="NotifyPatientUpdatesToCaregiversShouldExitIfInstitutionIsNull" classname="Philips.CareEvent.Test.EventMgrTest" time="0.004" status="1" />
    <testcase name="ShouldStoreDeliveredWhenOneWayDeviceTest (AcceptedByCarrier,True)" classname="Philips.CareEvent.Test.EventMgrTest" time="0.007" status="1" />
    <testcase name="ShouldStoreDeliveredWhenOneWayDeviceTest (Delivered,True)" classname="Philips.CareEvent.Test.EventMgrTest" time="0.006" status="1" />
    <testcase name="ShouldStoreDeliveredWhenOneWayDeviceTest (Canceled,False)" classname="Philips.CareEvent.Test.EventMgrTest" time="0.006" status="1" />
    <testcase name="ShouldStoreEventWhenConnectionDroppedRestored (False,ConnectionDropped)" classname="Philips.CareEvent.Test.EventMgrTest" time="0.143" status="1" />
    <testcase name="ShouldStoreEventWhenConnectionDroppedRestored (False,ConnectionRestored)" classname="Philips.CareEvent.Test.EventMgrTest" time="0.005" status="1" />
    <testcase name="ShouldStoreEventWhenConnectionDroppedRestored (True,ConnectionDropped)" classname="Philips.CareEvent.Test.EventMgrTest" time="0.003" status="1" />
    <testcase name="ShouldStoreEventWhenConnectionDroppedRestored (True,ConnectionRestored)" classname="Philips.CareEvent.Test.EventMgrTest" time="0.001" status="1" />
    <testcase name="SendTestMessageTest" classname="Philips.CareEvent.Test.EventMgrTest" time="0.003" status="1" />
    <testcase name="SetEscalationIncludePrefixConditionTests (Test Event,Test Event,First,False,True)" classname="Philips.CareEvent.Test.EventMgrTest" time="0.015" status="1" />
    <testcase name="SetEscalationIncludePrefixConditionTests (ESC1: Test Event,Test Event,Second,False,True)" classname="Philips.CareEvent.Test.EventMgrTest" time="0.021" status="1" />
    <testcase name="SetEscalationIncludePrefixConditionTests (Test Event,Test Event,Second,False,False)" classname="Philips.CareEvent.Test.EventMgrTest" time="0.014" status="1" />
    <testcase name="SetEscalationIncludePrefixConditionTests (ESC2: Test Event,Test Event,Third,False,True)" classname="Philips.CareEvent.Test.EventMgrTest" time="0.007" status="1" />
    <testcase name="SetEscalationIncludePrefixConditionTests (Test Event,Test Event,Third,False,False)" classname="Philips.CareEvent.Test.EventMgrTest" time="0.013" status="1" />
    <testcase name="SetEscalationIncludePrefixConditionTests (ESC3: Test Event,Test Event,Third,True,True)" classname="Philips.CareEvent.Test.EventMgrTest" time="0.012" status="1" />
    <testcase name="SetEscalationIncludePrefixConditionTests (Test Event,Test Event,Third,True,False)" classname="Philips.CareEvent.Test.EventMgrTest" time="0.008" status="1" />
    <testcase name="DoNotStoreEventWithNoPPMAndNonMonitorBeds (True,True,False)" classname="Philips.CareEvent.Test.EventMgrTest" time="0.049" status="1" />
    <testcase name="DoNotStoreEventWithNoPPMAndNonMonitorBeds (True,True,True)" classname="Philips.CareEvent.Test.EventMgrTest" time="0.006" status="1" />
    <testcase name="DoNotStoreEventWithNoPPMAndNonMonitorBeds (True,False,False)" classname="Philips.CareEvent.Test.EventMgrTest" time="0.005" status="1" />
    <testcase name="ShouldReturnSuccessWhenDeliveredTest" classname="Philips.CareEvent.Test.EventMgrTest" time="0.068" status="1" />
    <testcase name="ClearUnitRolesForAssignedBedsBedEnablementType (BedAssignment)" classname="Philips.CareEvent.Test.EventMgrTest" time="0.008" status="1" />
    <testcase name="ClearUnitRolesForAssignedBedsBedEnablementType (AllBeds)" classname="Philips.CareEvent.Test.EventMgrTest" time="0.003" status="1" />
    <testcase name="GetDeviceNumbersTest" classname="Philips.CareEvent.Test.EventMgrTest" time="0.005" status="1" />
    <testcase name="GetUserNamesTest" classname="Philips.CareEvent.Test.EventMgrTest" time="0.032" status="1" />
    <testcase name="SetEscalationPrefixTests (,First,False)" classname="Philips.CareEvent.Test.EventMgrTest" time="0.019" status="1" />
    <testcase name="SetEscalationPrefixTests (ESC1: ,Second,False)" classname="Philips.CareEvent.Test.EventMgrTest" time="0.011" status="1" />
    <testcase name="SetEscalationPrefixTests (ESC2: ,Third,False)" classname="Philips.CareEvent.Test.EventMgrTest" time="0.007" status="1" />
    <testcase name="SetEscalationPrefixTests (ESC3: ,Third,True)" classname="Philips.CareEvent.Test.EventMgrTest" time="0.003" status="1" />
    <testcase name="UndeliverableEventsGenerateNoMobileInop" classname="Philips.CareEvent.Test.EventMgrTest" time="0.263" status="1" />
    <testcase name="ProcessShouldDispatchToSingleUnitWhenOnlyOnePresent (0)" classname="Philips.CareEvent.Test.EventMgrTest" time="0.001" status="1" />
    <testcase name="ProcessShouldDispatchToSingleUnitWhenOnlyOnePresent (1)" classname="Philips.CareEvent.Test.EventMgrTest" time="0.005" status="1" />
    <testcase name="ProcessShouldDispatchToSingleUnitWhenOnlyOnePresent (2)" classname="Philips.CareEvent.Test.EventMgrTest" time="0.008" status="1" />
    <testcase name="ProcessShouldDispatchToSingleUnitWhenOnlyOnePresent (3)" classname="Philips.CareEvent.Test.EventMgrTest" time="0.014" status="1" />
    <system-out />
    <system-err />
  </testsuite>
  <testsuite name="Philips.PMP.Test.Auto.LogQueryTest" hostname="RESTORMEL" package="not available" id="327" tests="1" failures="0" errors="0" skipped="0" time="0.001" timestamp="2023-12-13T03:29:46">
    <properties />
    <testcase name="LogQueryRoundTripsStartAndEndTimes" classname="Philips.PMP.Test.Auto.LogQueryTest" time="0.001" status="1" />
    <system-out />
    <system-err />
  </testsuite>
  <testsuite name="Philips.PMP.Test.Auto.EditDefinitionFormTest" hostname="RESTORMEL" package="not available" id="328" tests="8" failures="0" errors="0" skipped="0" time="0.079" timestamp="2023-12-13T03:29:41">
    <properties />
    <testcase name="MatchTextInputBoxLeaveTest (warning event,event display,False)" classname="Philips.PMP.Test.Auto.EditDefinitionFormTest" time="0.008" status="1" />
    <testcase name="MatchTextInputBoxLeaveTest (,alarm display,False)" classname="Philips.PMP.Test.Auto.EditDefinitionFormTest" time="0.014" status="1" />
    <testcase name="MatchTextInputBoxLeaveTest (,nurse display,False)" classname="Philips.PMP.Test.Auto.EditDefinitionFormTest" time="0.007" status="1" />
    <testcase name="MatchTextInputBoxLeaveTest (alarm snoozed,,True)" classname="Philips.PMP.Test.Auto.EditDefinitionFormTest" time="0.007" status="1" />
    <testcase name="MatchTextInputBoxLeaveTest (alarm notified,,True)" classname="Philips.PMP.Test.Auto.EditDefinitionFormTest" time="0.007" status="1" />
    <testcase name="ValidateInputTest (alarmevent,True)" classname="Philips.PMP.Test.Auto.EditDefinitionFormTest" time="0.011" status="1" />
    <testcase name="ValidateInputTest (,False)" classname="Philips.PMP.Test.Auto.EditDefinitionFormTest" time="0.007" status="1" />
    <testcase name="ValidateInputTest (,False)" classname="Philips.PMP.Test.Auto.EditDefinitionFormTest" time="0.017" status="1" />
    <system-out />
    <system-err />
  </testsuite>
  <testsuite name="Philips.IX.UserManagement.Test.UserContextTest" hostname="RESTORMEL" package="not available" id="329" tests="9" failures="0" errors="0" skipped="0" time="0.157" timestamp="2023-12-13T03:39:03">
    <properties />
    <testcase name="LoginLogoutSuccessTest" classname="Philips.IX.UserManagement.Test.UserContextTest" time="0.095" status="1" />
    <testcase name="LoginFailTest" classname="Philips.IX.UserManagement.Test.UserContextTest" time="0.001" status="1" />
    <testcase name="AuthorizeSucceedTest" classname="Philips.IX.UserManagement.Test.UserContextTest" time="0.027" status="1" />
    <testcase name="SwitchUserTest (True)" classname="Philips.IX.UserManagement.Test.UserContextTest" time="0.006" status="1" />
    <testcase name="SwitchUserTest (False)" classname="Philips.IX.UserManagement.Test.UserContextTest" time="0.004" status="1" />
    <testcase name="UserContextPermissionsChanged" classname="Philips.IX.UserManagement.Test.UserContextTest" time="0.016" status="1" />
    <testcase name="AuthenticateThenLoginTest (True)" classname="Philips.IX.UserManagement.Test.UserContextTest" time="0.004" status="1" />
    <testcase name="AuthenticateThenLoginTest (False)" classname="Philips.IX.UserManagement.Test.UserContextTest" time="0.001" status="1" />
    <testcase name="IsSameUserLoggedInTest" classname="Philips.IX.UserManagement.Test.UserContextTest" time="0.003" status="1" />
    <system-out />
    <system-err />
  </testsuite>
  <testsuite name="Philips.PMP.Test.Auto.BedToBedOverviewTest" hostname="RESTORMEL" package="not available" id="330" tests="13" failures="0" errors="0" skipped="0" time="0.163" timestamp="2023-12-13T03:30:43">
    <properties />
    <testcase name="BedToBedOverviewDeviceOfflineTest (Mdil,Associated,222222,1)" classname="Philips.PMP.Test.Auto.BedToBedOverviewTest" time="0.008" status="1" />
    <testcase name="BedToBedOverviewDeviceOfflineTest (Mdil,Offline,222222,0)" classname="Philips.PMP.Test.Auto.BedToBedOverviewTest" time="0.008" status="1" />
    <testcase name="BedToBedOverviewDeviceOfflineTest (Telemdil,Offline,222222,1)" classname="Philips.PMP.Test.Auto.BedToBedOverviewTest" time="0.002" status="1" />
    <testcase name="BedToBedOverviewDeviceOfflineTest (Mdil,Offline,333333,1)" classname="Philips.PMP.Test.Auto.BedToBedOverviewTest" time="0.002" status="1" />
    <testcase name="OverviewSetArraysAreComparable" classname="Philips.PMP.Test.Auto.BedToBedOverviewTest" time="0.002" status="1" />
    <testcase name="BedToBedMoreVitalsTest" classname="Philips.PMP.Test.Auto.BedToBedOverviewTest" time="0.003" status="1" />
    <testcase name="BedToBedWavePriorityTest (System.UInt32[],System.UInt32[],System.UInt32[],System.UInt16[],System.UInt32[],System.UInt32[])" classname="Philips.PMP.Test.Auto.BedToBedOverviewTest" time="0.026" status="1" />
    <testcase name="BedToBedWavePriorityTest (System.UInt32[],System.UInt32[],System.UInt32[],System.UInt16[],System.UInt32[],System.UInt32[])" classname="Philips.PMP.Test.Auto.BedToBedOverviewTest" time="0.001" status="1" />
    <testcase name="BedToBedWavePriorityTest (System.UInt32[],System.UInt32[],System.UInt32[],System.UInt16[],System.UInt32[],System.UInt32[])" classname="Philips.PMP.Test.Auto.BedToBedOverviewTest" time="0.001" status="1" />
    <testcase name="BedToBedWavePriorityTest (System.UInt32[],System.UInt32[],System.UInt32[],System.UInt16[],System.UInt32[],System.UInt32[])" classname="Philips.PMP.Test.Auto.BedToBedOverviewTest" time="0.001" status="1" />
    <testcase name="BedToBedWavePriorityTest (System.UInt32[],System.UInt32[],System.UInt32[],System.UInt16[],System.UInt32[],System.UInt32[])" classname="Philips.PMP.Test.Auto.BedToBedOverviewTest" time="0.001" status="1" />
    <testcase name="BedToBedOverviewEasiUpdateTest" classname="Philips.PMP.Test.Auto.BedToBedOverviewTest" time="0.107" status="1" />
    <testcase name="BedToBedMoreWavesTest" classname="Philips.PMP.Test.Auto.BedToBedOverviewTest" time="0.002" status="1" />
    <system-out />
    <system-err />
  </testsuite>
  <testsuite name="Philips.PMP.Test.Auto.DistributedAlarmSystemMgrTest" hostname="RESTORMEL" package="not available" id="331" tests="2" failures="0" errors="0" skipped="0" time="0.082" timestamp="2023-12-13T03:29:49">
    <properties />
    <testcase name="DistributedAlarmSystemConnectionStateTest" classname="Philips.PMP.Test.Auto.DistributedAlarmSystemMgrTest" time="0.077" status="1" />
    <testcase name="DistributedAlarmSystemUndeliveredAlarmTest" classname="Philips.PMP.Test.Auto.DistributedAlarmSystemMgrTest" time="0.005" status="1" />
    <system-out />
    <system-err />
  </testsuite>
  <testsuite name="Philips.PMP.Test.Auto.PatientFieldsValidatorTest" hostname="RESTORMEL" package="not available" id="332" tests="22" failures="0" errors="0" skipped="0" time="0.026" timestamp="2023-12-13T03:34:52">
    <properties />
    <testcase name="PatientFieldsValidatorValidateLastNameHiddenLastNameAndFirstNameFormat" classname="Philips.PMP.Test.Auto.PatientFieldsValidatorTest" time="0.001" status="1" />
    <testcase name="PatientFieldsValidatorValidateEncounterIdOnly" classname="Philips.PMP.Test.Auto.PatientFieldsValidatorTest" time="0.000" status="1" />
    <testcase name="PatientFieldsValidatorValidateLastNameRequiredFirstNameHiddenLastNameAndFirstNameFormat" classname="Philips.PMP.Test.Auto.PatientFieldsValidatorTest" time="0.001" status="1" />
    <testcase name="PatientFieldsValidatorValidateEncounterLastNameOnly" classname="Philips.PMP.Test.Auto.PatientFieldsValidatorTest" time="0.001" status="1" />
    <testcase name="PatientFieldsValidatorValidateLastNameHiddenLastNameOnlyFormat" classname="Philips.PMP.Test.Auto.PatientFieldsValidatorTest" time="0.001" status="1" />
    <testcase name="PatientFieldsValidatorValidateBsaHeightHidden" classname="Philips.PMP.Test.Auto.PatientFieldsValidatorTest" time="0.001" status="1" />
    <testcase name="PatientFieldsValidatorValidateBmiHiddenHeightAndWeightHidden" classname="Philips.PMP.Test.Auto.PatientFieldsValidatorTest" time="0.001" status="1" />
    <testcase name="PatientFieldsValidatorValidateNoRequiredFields" classname="Philips.PMP.Test.Auto.PatientFieldsValidatorTest" time="0.004" status="1" />
    <testcase name="PatientFieldsValidatorValidateBmiHeightAndWeightOptional" classname="Philips.PMP.Test.Auto.PatientFieldsValidatorTest" time="0.001" status="1" />
    <testcase name="PatientFieldsValidatorValidateLifetimeLastNameAndId" classname="Philips.PMP.Test.Auto.PatientFieldsValidatorTest" time="0.001" status="1" />
    <testcase name="PatientFieldsValidatorValidateEncounterLastNameAndId" classname="Philips.PMP.Test.Auto.PatientFieldsValidatorTest" time="0.001" status="1" />
    <testcase name="PatientFieldsValidatorValidateBsaHiddenHeightAndWeightHidden" classname="Philips.PMP.Test.Auto.PatientFieldsValidatorTest" time="0.002" status="1" />
    <testcase name="PatientFieldsValidatorValidateLifetimeLastNameOnly" classname="Philips.PMP.Test.Auto.PatientFieldsValidatorTest" time="0.000" status="1" />
    <testcase name="PatientFieldsValidatorValidateGenderIsOnlyRequiredField" classname="Philips.PMP.Test.Auto.PatientFieldsValidatorTest" time="0.001" status="1" />
    <testcase name="PatientFieldsValidatorValidateBsaWeightHidden" classname="Philips.PMP.Test.Auto.PatientFieldsValidatorTest" time="0.001" status="1" />
    <testcase name="PatientFieldsValidatorValidateBmiWeightHidden" classname="Philips.PMP.Test.Auto.PatientFieldsValidatorTest" time="0.001" status="1" />
    <testcase name="PatientFieldsValidatorValidateLifetimeIdOnly" classname="Philips.PMP.Test.Auto.PatientFieldsValidatorTest" time="0.001" status="1" />
    <testcase name="PatientFieldsValidatorValidateEncounterLastNameFirstName" classname="Philips.PMP.Test.Auto.PatientFieldsValidatorTest" time="0.001" status="1" />
    <testcase name="PatientFieldsValidatorValidateBsaHeightAndWeightOptional" classname="Philips.PMP.Test.Auto.PatientFieldsValidatorTest" time="0.001" status="1" />
    <testcase name="PatientFieldsValidatorValidateBmiHeightHidden" classname="Philips.PMP.Test.Auto.PatientFieldsValidatorTest" time="0.002" status="1" />
    <testcase name="PatientFieldsValidatorValidateAllRequiredFieldsIsOk" classname="Philips.PMP.Test.Auto.PatientFieldsValidatorTest" time="0.003" status="1" />
    <testcase name="PatientFieldsValidatorValidateLifetimeLastNameFirstName" classname="Philips.PMP.Test.Auto.PatientFieldsValidatorTest" time="0.001" status="1" />
    <system-out />
    <system-err />
  </testsuite>
  <testsuite name="Philips.PMP.Test.Auto.TrendUploadMgrTest" hostname="RESTORMEL" package="not available" id="333" tests="10" failures="0" errors="0" skipped="0" time="0.413" timestamp="2023-12-13T03:36:56">
    <properties />
    <testcase name="CannotUploadWhenInPatientConflictTest" classname="Philips.PMP.Test.Auto.TrendUploadMgrTest" time="0.027" status="1" />
    <testcase name="TwoDevicesCannotStartUploadsOfSameDeviceKeyTest" classname="Philips.PMP.Test.Auto.TrendUploadMgrTest" time="0.002" status="1" />
    <testcase name="PdsTimeDoesntUnderflowTest" classname="Philips.PMP.Test.Auto.TrendUploadMgrTest" time="0.001" status="1" />
    <testcase name="IPMDevicesCanTransitionFromTelemdilToMdilTest" classname="Philips.PMP.Test.Auto.TrendUploadMgrTest" time="0.013" status="1" />
    <testcase name="TwoDevicesCanFindGapsWhileOneIsUploadingTest" classname="Philips.PMP.Test.Auto.TrendUploadMgrTest" time="0.007" status="1" />
    <testcase name="DvcsCanBeReceivedOverTelemdilTest" classname="Philips.PMP.Test.Auto.TrendUploadMgrTest" time="0.005" status="1" />
    <testcase name="TimeMappingsShouldBeInclusiveOfTimeSeedTeleMdil" classname="Philips.PMP.Test.Auto.TrendUploadMgrTest" time="0.236" status="1" />
    <testcase name="TimeMappingsShouldBeInclusiveOfTimeSeedMdil" classname="Philips.PMP.Test.Auto.TrendUploadMgrTest" time="0.026" status="1" />
    <testcase name="DvcsAreResetWhenPatientChangesTest" classname="Philips.PMP.Test.Auto.TrendUploadMgrTest" time="0.096" status="1" />
    <testcase name="TwoDevicesTwoDeviceIdsDoNotConflictTest" classname="Philips.PMP.Test.Auto.TrendUploadMgrTest" time="0.001" status="1" />
    <system-out />
    <system-err />
  </testsuite>
  <testsuite name="Philips.PMP.Test.Auto.PatientWorkflowControlTest" hostname="RESTORMEL" package="not available" id="334" tests="4" failures="0" errors="0" skipped="0" time="0.150" timestamp="2023-12-13T03:34:52">
    <properties />
    <testcase name="PatientWorkflowControlPopulateSettings" classname="Philips.PMP.Test.Auto.PatientWorkflowControlTest" time="0.024" status="1" />
    <testcase name="PatientWorkflowControlUpdateControls" classname="Philips.PMP.Test.Auto.PatientWorkflowControlTest" time="0.086" status="1" />
    <testcase name="UpdateControlsShouldHandleNotificationSettings (2,)" classname="Philips.PMP.Test.Auto.PatientWorkflowControlTest" time="0.018" status="1" />
    <testcase name="UpdateControlsShouldHandleNotificationSettings (3,ABCDEFU)" classname="Philips.PMP.Test.Auto.PatientWorkflowControlTest" time="0.022" status="1" />
    <system-out />
    <system-err />
  </testsuite>
  <testsuite name="Philips.PMP.Test.Auto.WatchdogProviderTest" hostname="RESTORMEL" package="not available" id="335" tests="7" failures="0" errors="0" skipped="0" time="0.857" timestamp="2023-12-13T03:38:24">
    <properties />
    <testcase name="GetWatchedComponentsTest" classname="Philips.PMP.Test.Auto.WatchdogProviderTest" time="0.028" status="1" />
    <testcase name="StoreFourProcessRestarts" classname="Philips.PMP.Test.Auto.WatchdogProviderTest" time="0.360" status="1" />
    <testcase name="GetWatchedProcessesTest" classname="Philips.PMP.Test.Auto.WatchdogProviderTest" time="0.027" status="1" />
    <testcase name="StoreFourReboots" classname="Philips.PMP.Test.Auto.WatchdogProviderTest" time="0.359" status="1" />
    <testcase name="GetProcessRestartCountTest" classname="Philips.PMP.Test.Auto.WatchdogProviderTest" time="0.033" status="1" />
    <testcase name="GetProcessRestartCountForBadComponentTest" classname="Philips.PMP.Test.Auto.WatchdogProviderTest" time="0.028" status="1" />
    <testcase name="WatchedProcessesTest" classname="Philips.PMP.Test.Auto.WatchdogProviderTest" time="0.021" status="1" />
    <system-out />
    <system-err />
  </testsuite>
  <testsuite name="Philips.PMP.Test.Auto.SectorControlTest" hostname="RESTORMEL" package="not available" id="336" tests="32" failures="0" errors="0" skipped="0" time="1.307" timestamp="2023-12-13T03:30:30">
    <properties />
    <testcase name="RetrieveUnitPermissionsWithNoUserPermittedActions" classname="Philips.PMP.Test.Auto.SectorControlTest" time="0.056" status="1" />
    <testcase name="SectorControlGetFormattedAssignmentTooltip" classname="Philips.PMP.Test.Auto.SectorControlTest" time="0.036" status="1" />
    <testcase name="MinimizeSectorTest (True)" classname="Philips.PMP.Test.Auto.SectorControlTest" time="0.036" status="1" />
    <testcase name="MinimizeSectorTest (False)" classname="Philips.PMP.Test.Auto.SectorControlTest" time="0.026" status="1" />
    <testcase name="SectorControlNoPatientWillNotAllowToSilenceRed (True)" classname="Philips.PMP.Test.Auto.SectorControlTest" time="0.029" status="1" />
    <testcase name="SectorControlNoPatientWillNotAllowToSilenceRed (False)" classname="Philips.PMP.Test.Auto.SectorControlTest" time="0.023" status="1" />
    <testcase name="SectorControlAutoMinimize (True,True,True)" classname="Philips.PMP.Test.Auto.SectorControlTest" time="0.115" status="1" />
    <testcase name="SectorControlAutoMinimize (True,False,False)" classname="Philips.PMP.Test.Auto.SectorControlTest" time="0.056" status="1" />
    <testcase name="SectorControlAutoMinimize (False,True,False)" classname="Philips.PMP.Test.Auto.SectorControlTest" time="0.047" status="1" />
    <testcase name="SectorControlAutoMinimize (False,False,True)" classname="Philips.PMP.Test.Auto.SectorControlTest" time="0.052" status="1" />
    <testcase name="SectorControlAutoMinimize (False,False,False)" classname="Philips.PMP.Test.Auto.SectorControlTest" time="0.051" status="1" />
    <testcase name="SectorControlPatientWillQueueToSilenceRed" classname="Philips.PMP.Test.Auto.SectorControlTest" time="0.027" status="1" />
    <testcase name="SectorControlTileDataCountCheck (True)" classname="Philips.PMP.Test.Auto.SectorControlTest" time="0.032" status="1" />
    <testcase name="SectorControlTileDataCountCheck (False)" classname="Philips.PMP.Test.Auto.SectorControlTest" time="0.033" status="1" />
    <testcase name="SectorControlShowMinimizeTest (True,True,False,True,False,False)" classname="Philips.PMP.Test.Auto.SectorControlTest" time="0.040" status="1" />
    <testcase name="SectorControlShowMinimizeTest (True,True,False,False,True,False)" classname="Philips.PMP.Test.Auto.SectorControlTest" time="0.032" status="1" />
    <testcase name="SectorControlShowMinimizeTest (True,True,True,False,False,True)" classname="Philips.PMP.Test.Auto.SectorControlTest" time="0.037" status="1" />
    <testcase name="SectorControlShowMinimizeTest (True,True,True,False,False,False)" classname="Philips.PMP.Test.Auto.SectorControlTest" time="0.032" status="1" />
    <testcase name="SectorControlCanGetSilence (True,True,True)" classname="Philips.PMP.Test.Auto.SectorControlTest" time="0.080" status="1" />
    <testcase name="SectorControlCanGetSilence (False,True,False)" classname="Philips.PMP.Test.Auto.SectorControlTest" time="0.028" status="1" />
    <testcase name="SectorControlCanGetSilence (False,False,False)" classname="Philips.PMP.Test.Auto.SectorControlTest" time="0.032" status="1" />
    <testcase name="SectorControlCanGetSilence (True,False,False)" classname="Philips.PMP.Test.Auto.SectorControlTest" time="0.029" status="1" />
    <testcase name="SectorHasActiveAlarmTest (False,False,False,False)" classname="Philips.PMP.Test.Auto.SectorControlTest" time="0.035" status="1" />
    <testcase name="SectorHasActiveAlarmTest (True,False,False,True)" classname="Philips.PMP.Test.Auto.SectorControlTest" time="0.026" status="1" />
    <testcase name="SectorHasActiveAlarmTest (False,True,False,True)" classname="Philips.PMP.Test.Auto.SectorControlTest" time="0.028" status="1" />
    <testcase name="SectorHasActiveAlarmTest (False,False,True,True)" classname="Philips.PMP.Test.Auto.SectorControlTest" time="0.032" status="1" />
    <testcase name="SectorHasActiveAlarmTest (True,True,True,True)" classname="Philips.PMP.Test.Auto.SectorControlTest" time="0.029" status="1" />
    <testcase name="SectorControlCanChangeMeasurements (True,PatientManagement,False)" classname="Philips.PMP.Test.Auto.SectorControlTest" time="0.025" status="1" />
    <testcase name="SectorControlCanChangeMeasurements (False,PatientManagement,False)" classname="Philips.PMP.Test.Auto.SectorControlTest" time="0.024" status="1" />
    <testcase name="SectorControlCanChangeMeasurements (True,Measurements,True)" classname="Philips.PMP.Test.Auto.SectorControlTest" time="0.029" status="1" />
    <testcase name="SectorControlCanChangeMeasurements (False,Measurements,False)" classname="Philips.PMP.Test.Auto.SectorControlTest" time="0.027" status="1" />
    <testcase name="SectorControlDisplayNoConnectionInop" classname="Philips.PMP.Test.Auto.SectorControlTest" time="0.122" status="1" />
    <system-out />
    <system-err />
  </testsuite>
  <testsuite name="Philips.PMP.Test.Auto.ControlServiceTest" hostname="RESTORMEL" package="not available" id="337" tests="27" failures="0" errors="0" skipped="0" time="1.144" timestamp="2023-12-13T03:29:52">
    <properties />
    <testcase name="ControlServiceInvokeSilenceControlShouldAuditTest (DataAcquisition)" classname="Philips.PMP.Test.Auto.ControlServiceTest" time="0.368" status="1" />
    <testcase name="ControlServiceInvokeSilenceControlShouldAuditTest (Device)" classname="Philips.PMP.Test.Auto.ControlServiceTest" time="0.019" status="1" />
    <testcase name="ControlServiceInvokeSilenceControlShouldAuditTest (PhysioData)" classname="Philips.PMP.Test.Auto.ControlServiceTest" time="0.018" status="1" />
    <testcase name="ControlServiceInvokeSilenceControlShouldAuditTest (Star)" classname="Philips.PMP.Test.Auto.ControlServiceTest" time="0.049" status="1" />
    <testcase name="ControlServiceInvokeSilenceControlShouldAuditTest (AlertGenerator)" classname="Philips.PMP.Test.Auto.ControlServiceTest" time="0.021" status="1" />
    <testcase name="ControlServiceInvokeSilenceControlShouldAuditTest (ProtocolWatchService)" classname="Philips.PMP.Test.Auto.ControlServiceTest" time="0.020" status="1" />
    <testcase name="ControlServiceStoreSettingsToDataBaseTest" classname="Philips.PMP.Test.Auto.ControlServiceTest" time="0.015" status="1" />
    <testcase name="ControlServiceProcessExisitingNewPatientEventTest" classname="Philips.PMP.Test.Auto.ControlServiceTest" time="0.059" status="1" />
    <testcase name="DeviceControlMgrTryCreateFailsOnUnknown" classname="Philips.PMP.Test.Auto.ControlServiceTest" time="0.010" status="1" />
    <testcase name="ControlServiceUpdateRepositoryForPatientEventTest (True,False,False,False)" classname="Philips.PMP.Test.Auto.ControlServiceTest" time="0.204" status="1" />
    <testcase name="ControlServiceUpdateRepositoryForPatientEventTest (False,False,False,False)" classname="Philips.PMP.Test.Auto.ControlServiceTest" time="0.014" status="1" />
    <testcase name="ControlServiceUpdateRepositoryForPatientEventTest (False,True,True,True)" classname="Philips.PMP.Test.Auto.ControlServiceTest" time="0.004" status="1" />
    <testcase name="ControlServiceInvokeControlsTest (DataAcquisition)" classname="Philips.PMP.Test.Auto.ControlServiceTest" time="0.044" status="1" />
    <testcase name="ControlServiceInvokeControlsTest (Device)" classname="Philips.PMP.Test.Auto.ControlServiceTest" time="0.016" status="1" />
    <testcase name="ControlServiceInvokeControlsTest (PhysioData)" classname="Philips.PMP.Test.Auto.ControlServiceTest" time="0.014" status="1" />
    <testcase name="ControlServiceInvokeControlsTest (Star)" classname="Philips.PMP.Test.Auto.ControlServiceTest" time="0.018" status="1" />
    <testcase name="ControlServiceInvokeControlsTest (AlertGenerator)" classname="Philips.PMP.Test.Auto.ControlServiceTest" time="0.015" status="1" />
    <testcase name="ControlServiceInvokeControlsTest (ProtocolWatchService)" classname="Philips.PMP.Test.Auto.ControlServiceTest" time="0.034" status="1" />
    <testcase name="ControlServiceRequestInitialDbSettings (True)" classname="Philips.PMP.Test.Auto.ControlServiceTest" time="0.046" status="1" />
    <testcase name="ControlServiceRequestInitialDbSettings (False)" classname="Philips.PMP.Test.Auto.ControlServiceTest" time="0.014" status="1" />
    <testcase name="DeviceControlMgrTryCreateSucceeds (DataAcquisition)" classname="Philips.PMP.Test.Auto.ControlServiceTest" time="0.001" status="1" />
    <testcase name="DeviceControlMgrTryCreateSucceeds (Device)" classname="Philips.PMP.Test.Auto.ControlServiceTest" time="0.001" status="1" />
    <testcase name="DeviceControlMgrTryCreateSucceeds (PhysioData)" classname="Philips.PMP.Test.Auto.ControlServiceTest" time="0.001" status="1" />
    <testcase name="DeviceControlMgrTryCreateSucceeds (Star)" classname="Philips.PMP.Test.Auto.ControlServiceTest" time="0.007" status="1" />
    <testcase name="DeviceControlMgrTryCreateSucceeds (AlertGenerator)" classname="Philips.PMP.Test.Auto.ControlServiceTest" time="0.001" status="1" />
    <testcase name="DeviceControlMgrTryCreateSucceeds (ProtocolWatchService)" classname="Philips.PMP.Test.Auto.ControlServiceTest" time="0.000" status="1" />
    <testcase name="ControlServiceSwappingDeviceTest" classname="Philips.PMP.Test.Auto.ControlServiceTest" time="0.133" status="1" />
    <system-out />
    <system-err />
  </testsuite>
  <testsuite name="Philips.PMP.Test.Auto.DataRelayServiceTest" hostname="RESTORMEL" package="not available" id="338" tests="10" failures="0" errors="0" skipped="0" time="0.400" timestamp="2023-12-13T03:29:53">
    <properties />
    <testcase name="DataRelayServiceSubscriptionLimitTest (True,128,InvalidBedId)" classname="Philips.PMP.Test.Auto.DataRelayServiceTest" time="0.111" status="1" />
    <testcase name="DataRelayServiceSubscriptionLimitTest (True,129,InvalidBedId)" classname="Philips.PMP.Test.Auto.DataRelayServiceTest" time="0.008" status="1" />
    <testcase name="DataRelayServiceSubscriptionLimitTest (False,128,InvalidBedId)" classname="Philips.PMP.Test.Auto.DataRelayServiceTest" time="0.008" status="1" />
    <testcase name="DataRelayServiceSubscriptionLimitTest (False,129,ClientSubscriptionsExceeded)" classname="Philips.PMP.Test.Auto.DataRelayServiceTest" time="0.005" status="1" />
    <testcase name="DataRelayGetServerInfoTest" classname="Philips.PMP.Test.Auto.DataRelayServiceTest" time="0.031" status="1" />
    <testcase name="DataRelayGetPatients (True)" classname="Philips.PMP.Test.Auto.DataRelayServiceTest" time="0.143" status="1" />
    <testcase name="DataRelayGetPatients (False)" classname="Philips.PMP.Test.Auto.DataRelayServiceTest" time="0.005" status="1" />
    <testcase name="DataRelayServiceOpenUri (True)" classname="Philips.PMP.Test.Auto.DataRelayServiceTest" time="0.079" status="1" />
    <testcase name="DataRelayServiceOpenUri (False)" classname="Philips.PMP.Test.Auto.DataRelayServiceTest" time="0.004" status="1" />
    <testcase name="DataRelayServiceOpensBridge" classname="Philips.PMP.Test.Auto.DataRelayServiceTest" time="0.006" status="1" />
    <system-out />
    <system-err />
  </testsuite>
  <testsuite name="Philips.PMP.Test.Auto.UserAccountQualifierTest" hostname="RESTORMEL" package="not available" id="339" tests="26" failures="0" errors="0" skipped="0" time="0.975" timestamp="2023-12-13T03:29:44">
    <properties />
    <testcase name="UserAccountQualifierShouldEnableAutoLogon (True,True)" classname="Philips.PMP.Test.Auto.UserAccountQualifierTest" time="0.007" status="1" />
    <testcase name="UserAccountQualifierShouldEnableAutoLogon (True,False)" classname="Philips.PMP.Test.Auto.UserAccountQualifierTest" time="0.013" status="1" />
    <testcase name="UserAccountQualifierShouldEnableAutoLogon (False,True)" classname="Philips.PMP.Test.Auto.UserAccountQualifierTest" time="0.002" status="1" />
    <testcase name="UserAccountQualifierShouldEnableAutoLogon (False,False)" classname="Philips.PMP.Test.Auto.UserAccountQualifierTest" time="0.002" status="1" />
    <testcase name="UserAccountQualifierShouldSetPassword (True)" classname="Philips.PMP.Test.Auto.UserAccountQualifierTest" time="0.003" status="1" />
    <testcase name="UserAccountQualifierShouldSetPassword (False)" classname="Philips.PMP.Test.Auto.UserAccountQualifierTest" time="0.002" status="1" />
    <testcase name="UserAccountQualifierShouldDisableLockScreen (True,True)" classname="Philips.PMP.Test.Auto.UserAccountQualifierTest" time="0.006" status="1" />
    <testcase name="UserAccountQualifierShouldDisableLockScreen (True,False)" classname="Philips.PMP.Test.Auto.UserAccountQualifierTest" time="0.017" status="1" />
    <testcase name="UserAccountQualifierShouldDisableLockScreen (False,True)" classname="Philips.PMP.Test.Auto.UserAccountQualifierTest" time="0.002" status="1" />
    <testcase name="UserAccountQualifierShouldDisableLockScreen (False,False)" classname="Philips.PMP.Test.Auto.UserAccountQualifierTest" time="0.002" status="1" />
    <testcase name="UserAccountQualifierDoesNotSetEmptyPassword" classname="Philips.PMP.Test.Auto.UserAccountQualifierTest" time="0.005" status="1" />
    <testcase name="UserAccountQualifierShouldExist (True,True)" classname="Philips.PMP.Test.Auto.UserAccountQualifierTest" time="0.002" status="1" />
    <testcase name="UserAccountQualifierShouldExist (True,False)" classname="Philips.PMP.Test.Auto.UserAccountQualifierTest" time="0.022" status="1" />
    <testcase name="UserAccountQualifierShouldExist (False,True)" classname="Philips.PMP.Test.Auto.UserAccountQualifierTest" time="0.011" status="1" />
    <testcase name="UserAccountQualifierShouldExist (False,False)" classname="Philips.PMP.Test.Auto.UserAccountQualifierTest" time="0.002" status="1" />
    <testcase name="UserAccountQualifierShouldGrantInteractiveLogon (True,True)" classname="Philips.PMP.Test.Auto.UserAccountQualifierTest" time="0.002" status="1" />
    <testcase name="UserAccountQualifierShouldGrantInteractiveLogon (True,False)" classname="Philips.PMP.Test.Auto.UserAccountQualifierTest" time="0.002" status="1" />
    <testcase name="UserAccountQualifierShouldGrantInteractiveLogon (False,True)" classname="Philips.PMP.Test.Auto.UserAccountQualifierTest" time="0.002" status="1" />
    <testcase name="UserAccountQualifierShouldGrantInteractiveLogon (False,False)" classname="Philips.PMP.Test.Auto.UserAccountQualifierTest" time="0.001" status="1" />
    <testcase name="UserAccountQualifierIsCorrectable" classname="Philips.PMP.Test.Auto.UserAccountQualifierTest" time="0.001" status="1" />
    <testcase name="UserAccountQualifierShouldBeAdmin (True,True)" classname="Philips.PMP.Test.Auto.UserAccountQualifierTest" time="0.786" status="1" />
    <testcase name="UserAccountQualifierShouldBeAdmin (True,False)" classname="Philips.PMP.Test.Auto.UserAccountQualifierTest" time="0.003" status="1" />
    <testcase name="UserAccountQualifierShouldBeAdmin (False,True)" classname="Philips.PMP.Test.Auto.UserAccountQualifierTest" time="0.020" status="1" />
    <testcase name="UserAccountQualifierShouldBeAdmin (False,False)" classname="Philips.PMP.Test.Auto.UserAccountQualifierTest" time="0.030" status="1" />
    <testcase name="UserAccountQualifierFactoryDetectsDemo (True)" classname="Philips.PMP.Test.Auto.UserAccountQualifierTest" time="0.023" status="1" />
    <testcase name="UserAccountQualifierFactoryDetectsDemo (False)" classname="Philips.PMP.Test.Auto.UserAccountQualifierTest" time="0.006" status="1" />
    <system-out />
    <system-err />
  </testsuite>
  <testsuite name="Philips.PMP.Test.Auto.SqlServerQualifierTest" hostname="RESTORMEL" package="not available" id="340" tests="3" failures="0" errors="0" skipped="0" time="0.022" timestamp="2023-12-13T03:34:11">
    <properties />
    <testcase name="SqlSeverQualifer2019OrHigherTest (True,Unknown,False)" classname="Philips.PMP.Test.Auto.SqlServerQualifierTest" time="0.004" status="1" />
    <testcase name="SqlSeverQualifer2019OrHigherTest (False,Failure,False)" classname="Philips.PMP.Test.Auto.SqlServerQualifierTest" time="0.004" status="1" />
    <testcase name="SqlSeverQualifer2019OrHigherTest (False,Warning,True)" classname="Philips.PMP.Test.Auto.SqlServerQualifierTest" time="0.014" status="1" />
    <system-out />
    <system-err />
  </testsuite>
  <testsuite name="Philips.PMP.Test.Auto.SectorAssignmentControlTest" hostname="RESTORMEL" package="not available" id="341" tests="4" failures="0" errors="0" skipped="0" time="0.248" timestamp="2023-12-13T03:37:30">
    <properties />
    <testcase name="SectorAssignmentControlGetSectorAssignmentData" classname="Philips.PMP.Test.Auto.SectorAssignmentControlTest" time="0.035" status="1" />
    <testcase name="SectorAssignmentControlLoadingHandlesNullHost" classname="Philips.PMP.Test.Auto.SectorAssignmentControlTest" time="0.044" status="1" />
    <testcase name="SectorAssignmentControlVerifyUi" classname="Philips.PMP.Test.Auto.SectorAssignmentControlTest" time="0.051" status="1" />
    <testcase name="SectorAssignmentControlSave" classname="Philips.PMP.Test.Auto.SectorAssignmentControlTest" time="0.119" status="1" />
    <system-out />
    <system-err />
  </testsuite>
  <testsuite name="Philips.PMP.Test.Auto.CiConfigurationTest" hostname="RESTORMEL" package="not available" id="342" tests="5" failures="0" errors="0" skipped="0" time="0.045" timestamp="2023-12-13T03:29:39">
    <properties />
    <testcase name="CiConfigurationCorrectnlyHandlesNullValues" classname="Philips.PMP.Test.Auto.CiConfigurationTest" time="0.019" status="1" />
    <testcase name="CiConfigurationCanDetectDeviceChange (True,True)" classname="Philips.PMP.Test.Auto.CiConfigurationTest" time="0.021" status="1" />
    <testcase name="CiConfigurationCanDetectDeviceChange (True,False)" classname="Philips.PMP.Test.Auto.CiConfigurationTest" time="0.002" status="1" />
    <testcase name="CiConfigurationCanDetectDeviceChange (False,True)" classname="Philips.PMP.Test.Auto.CiConfigurationTest" time="0.002" status="1" />
    <testcase name="CiConfigurationCanDetectDeviceChange (False,False)" classname="Philips.PMP.Test.Auto.CiConfigurationTest" time="0.001" status="1" />
    <system-out />
    <system-err />
  </testsuite>
  <testsuite name="Philips.PIC.DataAcquisition.Test.SureSignsComplexMetricBuilderTest" hostname="RESTORMEL" package="not available" id="343" tests="8" failures="0" errors="0" skipped="0" time="0.207" timestamp="2023-12-13T03:28:55">
    <properties />
    <testcase name="SureSignsComplexMetricBuilderProcessRecordEntriesTest (False,True,False,False,0,0,0,0)" classname="Philips.PIC.DataAcquisition.Test.SureSignsComplexMetricBuilderTest" time="0.015" status="1" />
    <testcase name="SureSignsComplexMetricBuilderProcessRecordEntriesTest (True,True,False,False,1,0,0,0)" classname="Philips.PIC.DataAcquisition.Test.SureSignsComplexMetricBuilderTest" time="0.009" status="1" />
    <testcase name="SureSignsComplexMetricBuilderProcessRecordEntriesTest (True,False,True,False,0,1,0,0)" classname="Philips.PIC.DataAcquisition.Test.SureSignsComplexMetricBuilderTest" time="0.014" status="1" />
    <testcase name="SureSignsComplexMetricBuilderProcessRecordEntriesTest (True,False,True,True,0,0,1,0)" classname="Philips.PIC.DataAcquisition.Test.SureSignsComplexMetricBuilderTest" time="0.005" status="1" />
    <testcase name="SureSignsComplexMetricBuilderProcessRecordEntriesTest (True,False,False,False,0,0,0,1)" classname="Philips.PIC.DataAcquisition.Test.SureSignsComplexMetricBuilderTest" time="0.006" status="1" />
    <testcase name="SureSignsComplexMetricBuilderAddCompoundElementsTest (False)" classname="Philips.PIC.DataAcquisition.Test.SureSignsComplexMetricBuilderTest" time="0.012" status="1" />
    <testcase name="SureSignsComplexMetricBuilderAddCompoundElementsTest (True)" classname="Philips.PIC.DataAcquisition.Test.SureSignsComplexMetricBuilderTest" time="0.004" status="1" />
    <testcase name="SureSignsComplexMetricBuilderAddProtocolCompoundElementsTest" classname="Philips.PIC.DataAcquisition.Test.SureSignsComplexMetricBuilderTest" time="0.144" status="1" />
    <system-out />
    <system-err />
  </testsuite>
  <testsuite name="Philips.CareEvent.Test.EventManagementHelperTest" hostname="RESTORMEL" package="not available" id="344" tests="3" failures="0" errors="0" skipped="0" time="0.305" timestamp="2023-12-13T03:28:14">
    <properties />
    <testcase name="DoNotReturnHostIfLabIsNotEnabled" classname="Philips.CareEvent.Test.EventManagementHelperTest" time="0.298" status="1" />
    <testcase name="GetOnlyNotificationServerHostOnly" classname="Philips.CareEvent.Test.EventManagementHelperTest" time="0.004" status="1" />
    <testcase name="GetHostDevicesForNonBaseNotificationServer" classname="Philips.CareEvent.Test.EventManagementHelperTest" time="0.003" status="1" />
    <system-out />
    <system-err />
  </testsuite>
  <testsuite name="Philips.PMP.Test.Auto.SendTimeoutDuplexServiceTest" hostname="RESTORMEL" package="not available" id="345" tests="2" failures="0" errors="0" skipped="0" time="9.413" timestamp="2023-12-13T03:29:57">
    <properties />
    <testcase name="MethodCallsTimeoutConnectedProxyMgrTest" classname="Philips.PMP.Test.Auto.SendTimeoutDuplexServiceTest" time="6.334" status="1" />
    <testcase name="MethodCallsTimeoutApmConnectedProxyMgrTest" classname="Philips.PMP.Test.Auto.SendTimeoutDuplexServiceTest" time="3.079" status="1" />
    <system-out />
    <system-err />
  </testsuite>
  <testsuite name="Philips.PMP.Test.Auto.IheDriverWaveTest" hostname="RESTORMEL" package="not available" id="346" tests="5" failures="0" errors="0" skipped="0" time="0.037" timestamp="2023-12-13T03:29:45">
    <properties />
    <testcase name="ProcessDataNLSTextTest" classname="Philips.PMP.Test.Auto.IheDriverWaveTest" time="0.016" status="1" />
    <testcase name="ProcessIHEMessageTest (MSH|^~\&amp;|DATACAPTOR||||20230620110428.768+0200||ORU^R01^ORU_R01|IHEPCD0104_00021aa218bc00000954|P|2.6|||NE|NE||8859/1|||IHE_PCD_001^IHE PCD^1.3.6.1.4.1.19376.1.6.1.1.1^ISO~IHEPCD0104_MDIL V1 EN_11.6.0.13378^CAPSULE|&#xD;&#xA; PID|||||^^^^^^U|&#xD;&#xA; PV1||I|{PV13Location}|&#xD;&#xA; OBR|1||IHEPCD0104_00021aa218bc00001f18^CAPSULE^CED3526DCF764EB9^EUI-64|69121^MDC_OBS_WAVE_CTS^MDC|||20230620110426.524+0200|20230620110426.624+0200||CardinalWF|||CardinalWF||||||||CardinalA_5.4.2_LTV Series 1000_Cardinal Health_{E9373FB7-D119-4F3C-A8D9-19A56478DC79}|&#xD;&#xA; OBX|1||70001^NOM_DEV_SYS_PT_VENT_MDS^MDIL^^^^^^Vent|1.0.0.0|||||||X|||||||  E31674|&#xD;&#xA; OBX|2||69682^NOM_DEV_ANALY_AWAY_MULTI_PARAM_VMD^MDIL^^^^^^Spiro|1.1.0.0|||||||X|&#xD;&#xA; OBX|3||69667^NOM_DEV_ANALY_FLOW_AWAY_CHAN^MDIL^^^^^^AWF|1.1.1.0|||||||X|&#xD;&#xA; OBX|4|NA|151764^NLS_NOM_FLOW_AWAY^MDC^^^^^^AWF|1.1.1.1|0.75^-0.25^0.625^-0.125^0.5^-0.0625^0.3125^0.0625^0.1875^0.1875|265216^NOM_DIM_X_L_PER_MIN^MDIL^^^^^^l/min|||||F|||20230620110426.524+0200||||CardinalWF|&#xD;&#xA; OBX|5|NM|67981^MDC_ATTR_TIME_PD_SAMP^MDC|1.1.1.1.1|10|264338^NOM_DIM_MILLI_SEC^MDIL^^^^^^msec|||||F|||20230620110426.524+0200||||CardinalWF|&#xD;&#xA; OBX|6|NR|68328^MDC_ATTR_PHYS_RANGE^MDC|1.1.1.1.2|-100^100|265216^NOM_DIM_X_L_PER_MIN^MDIL^^^^^^l/min|||||F|||20230620110426.524+0200||||CardinalWF|,3,7,1)" classname="Philips.PMP.Test.Auto.IheDriverWaveTest" time="0.015" status="1" />
    <testcase name="ProcessIHEMessageTest (MSH|^~\&amp;|DATACAPTOR||||20230620110428.768+0200||ORU^R01^ORU_R01|IHEPCD0104_00021aa218bc00000954|P|2.6|||NE|NE||8859/1|||IHE_PCD_001^IHE PCD^1.3.6.1.4.1.19376.1.6.1.1.1^ISO~IHEPCD0104_MDIL V1 EN_11.6.0.13378^CAPSULE|&#xD;&#xA;    PID|||||^^^^^^U|&#xD;&#xA;    PV1||I|{PV13Location}|&#xD;&#xA;    OBR|1||IHEPCD0104_00021aa218bc00001f18^CAPSULE^CED3526DCF764EB9^EUI-64|69121^MDC_OBS_WAVE_CTS^MDC|||20230620110426.524+0200|20230620110426.624+0200||CardinalWF|||CardinalWF||||||||CardinalA_5.4.2_LTV Series 1000_Cardinal Health_{E9373FB7-D119-4F3C-A8D9-19A56478DC79}|&#xD;&#xA;    OBX|1||70001^NOM_DEV_SYS_PT_VENT_MDS^MDIL^^^^^^Vent|1.0.0.0|||||||X|||||||  E31674|&#xD;&#xA;    OBX|2||69682^NOM_DEV_ANALY_AWAY_MULTI_PARAM_VMD^MDIL^^^^^^Spiro|1.1.0.0|||||||X|&#xD;&#xA;    OBX|3||69667^NOM_DEV_ANALY_FLOW_AWAY_CHAN^MDIL^^^^^^AWF|1.1.1.0|||||||X|&#xD;&#xA;    OBX|4|NA|151724^NOM_AWAY_CO2^MDIL^^^^^^CO₂|1.1.1.1|32511^32511^32511^32511^32511^32511^32511^32511^32511^32511^32511^32511^32511^32511^32511^32511^32511^32511^32511^32511^32511^32511^32511^32511^32511^32511^32511^32511|262688^NOM_DIM_PERCENT^MDIL^^^^^^%|||||X|||20230620110426.524+0200||||CardinalWF|&#xD;&#xA;    OBX|5|NM|67981^MDC_ATTR_TIME_PD_SAMP^MDC|1.1.1.1.1|20|264338^NOM_DIM_MILLI_SEC^MDIL^^^^^^msec|||||F|||20230620110426.524+0200||||CardinalWF|&#xD;&#xA;    OBX|6|NR|68328^MDC_ATTR_PHYS_RANGE^MDC|1.1.1.1.2|0^15|262688^NOM_DIM_PERCENT^MDIL^^^^^^%|||||F|||20230620110426.524+0200||||CardinalWF|&#xD;&#xA;    OBR|2||IHEPCD0104_00021aa218bc00001f1a^CAPSULE^CED3526DCF764EB9^EUI-64|69121^MDC_OBS_WAVE_CTS^MDC|||20230620110426.524+0200|20230620110426.624+0200||CardinalWF|||CardinalWF||||||||CardinalA_5.4.2_LTV Series 1000_Cardinal Health_{E9373FB7-D119-4F3C-A8D9-19A56478DC79}|&#xD;&#xA;    OBX|7||70001^NOM_DEV_SYS_PT_VENT_MDS^MDIL^^^^^^Vent|1.0.0.0|||||||X|||||||  E31674|&#xD;&#xA;    OBX|8||69682^NOM_DEV_ANALY_AWAY_MULTI_PARAM_VMD^MDIL^^^^^^Spiro|1.1.0.0|||||||X|&#xD;&#xA;    OBX|9||69707^NOM_DEV_ANALY_PRESS_AWAY_CHAN^MDIL^^^^^^AWP|1.1.1.0|||||||X|&#xD;&#xA;    OBX|10|NA|151792^NLS_NOM_PRESS_AWAY^MDC^^^^^^AWP|1.1.1.1|14.8125^14.8125^14.8125^14.8125^14.8125^14.8125^14.8125^14.8125^14.8125^14.8125|266048^NOM_DIM_CM_H2O^MDIL^^^^^^cmHツO|||||X|||20230620110426.524+0200||||CardinalWF|&#xD;&#xA;    OBX|11|NM|67981^MDC_ATTR_TIME_PD_SAMP^MDC|1.1.1.1.1|10|264338^NOM_DIM_MILLI_SEC^MDIL^^^^^^msec|||||F|||20230620110426.524+0200||||CardinalWF|&#xD;&#xA;    OBX|12|NR|68328^MDC_ATTR_PHYS_RANGE^MDC|1.1.1.1.2|-200^40|266048^NOM_DIM_CM_H2O^MDIL^^^^^^cmHツO|||||F|||20230620110426.524+0200||||CardinalWF|,3,14,2)" classname="Philips.PMP.Test.Auto.IheDriverWaveTest" time="0.001" status="1" />
    <testcase name="ProcessWaveSegmentTest" classname="Philips.PMP.Test.Auto.IheDriverWaveTest" time="0.002" status="1" />
    <testcase name="UpdateWavesTest" classname="Philips.PMP.Test.Auto.IheDriverWaveTest" time="0.003" status="1" />
    <system-out />
    <system-err />
  </testsuite>
  <testsuite name="Philips.PMP.Test.Auto.ComplexMetricProviderTest" hostname="RESTORMEL" package="not available" id="347" tests="13" failures="0" errors="0" skipped="0" time="0.458" timestamp="2023-12-13T03:35:00">
    <properties />
    <testcase name="ComplexMetricProviderNumericTwoValuesOnePdt" classname="Philips.PMP.Test.Auto.ComplexMetricProviderTest" time="0.023" status="1" />
    <testcase name="ComplexMetricProviderOnePeriodicEnumeration" classname="Philips.PMP.Test.Auto.ComplexMetricProviderTest" time="0.020" status="1" />
    <testcase name="ComplexMetricProviderObservationIdTest" classname="Philips.PMP.Test.Auto.ComplexMetricProviderTest" time="0.028" status="1" />
    <testcase name="ComplexMetricProviderOneNumericTwoQuanta" classname="Philips.PMP.Test.Auto.ComplexMetricProviderTest" time="0.046" status="1" />
    <testcase name="ComplexMetricProviderDynamicAttributesTest" classname="Philips.PMP.Test.Auto.ComplexMetricProviderTest" time="0.052" status="1" />
    <testcase name="ComplexMetricProviderMixTwoQuanta" classname="Philips.PMP.Test.Auto.ComplexMetricProviderTest" time="0.032" status="1" />
    <testcase name="ComplexMetricProviderOneAperiodicNumeric" classname="Philips.PMP.Test.Auto.ComplexMetricProviderTest" time="0.021" status="1" />
    <testcase name="ComplexMetricProviderOnePeriodicNumeric (True)" classname="Philips.PMP.Test.Auto.ComplexMetricProviderTest" time="0.148" status="1" />
    <testcase name="ComplexMetricProviderOnePeriodicNumeric (False)" classname="Philips.PMP.Test.Auto.ComplexMetricProviderTest" time="0.018" status="1" />
    <testcase name="ComplexMetricProviderNotStore" classname="Philips.PMP.Test.Auto.ComplexMetricProviderTest" time="0.014" status="1" />
    <testcase name="ComplexMetricProviderMergeByLabelTextIdTest" classname="Philips.PMP.Test.Auto.ComplexMetricProviderTest" time="0.006" status="1" />
    <testcase name="ComplexMetricProviderSameMetricTwiceInQuantum" classname="Philips.PMP.Test.Auto.ComplexMetricProviderTest" time="0.014" status="1" />
    <testcase name="ComplexMetricProviderMergeLabelTextIds" classname="Philips.PMP.Test.Auto.ComplexMetricProviderTest" time="0.035" status="1" />
    <system-out />
    <system-err />
  </testsuite>
  <testsuite name="Philips.PMP.Test.Auto.RepositoryTimeWaveTest" hostname="RESTORMEL" package="not available" id="348" tests="1" failures="0" errors="0" skipped="0" time="0.002" timestamp="2023-12-13T03:35:55">
    <properties />
    <testcase name="RepositoryTimeWaveCheckUsedTimeMappings" classname="Philips.PMP.Test.Auto.RepositoryTimeWaveTest" time="0.002" status="1" />
    <system-out />
    <system-err />
  </testsuite>
  <testsuite name="Philips.PMP.Test.Auto.OrphanDeviceMgrTest" hostname="RESTORMEL" package="not available" id="349" tests="9" failures="0" errors="0" skipped="0" time="0.047" timestamp="2023-12-13T03:29:56">
    <properties />
    <testcase name="OrphanDeviceMgrDeleteDeviceTest (False,False,False,False)" classname="Philips.PMP.Test.Auto.OrphanDeviceMgrTest" time="0.016" status="1" />
    <testcase name="OrphanDeviceMgrDeleteDeviceTest (True,False,False,False)" classname="Philips.PMP.Test.Auto.OrphanDeviceMgrTest" time="0.002" status="1" />
    <testcase name="OrphanDeviceMgrDeleteDeviceTest (True,True,False,False)" classname="Philips.PMP.Test.Auto.OrphanDeviceMgrTest" time="0.002" status="1" />
    <testcase name="OrphanDeviceMgrDeleteDeviceTest (False,True,False,False)" classname="Philips.PMP.Test.Auto.OrphanDeviceMgrTest" time="0.008" status="1" />
    <testcase name="OrphanDeviceMgrDeleteDeviceTest (True,False,False,True)" classname="Philips.PMP.Test.Auto.OrphanDeviceMgrTest" time="0.002" status="1" />
    <testcase name="OrphanDeviceMgrDeleteDeviceTest (True,True,False,True)" classname="Philips.PMP.Test.Auto.OrphanDeviceMgrTest" time="0.005" status="1" />
    <testcase name="OrphanDeviceMgrDeleteDeviceTest (False,True,False,True)" classname="Philips.PMP.Test.Auto.OrphanDeviceMgrTest" time="0.006" status="1" />
    <testcase name="OrphanDeviceMgrDeleteDeviceTest (True,False,True,False)" classname="Philips.PMP.Test.Auto.OrphanDeviceMgrTest" time="0.003" status="1" />
    <testcase name="OrphanDeviceMgrDeleteDeviceTest (True,True,True,False)" classname="Philips.PMP.Test.Auto.OrphanDeviceMgrTest" time="0.004" status="1" />
    <system-out />
    <system-err />
  </testsuite>
  <testsuite name="Philips.CareEvent.Test.OruFieldMappingProviderTests" hostname="RESTORMEL" package="not available" id="350" tests="3" failures="0" errors="0" skipped="0" time="0.075" timestamp="2023-12-13T03:28:14">
    <properties />
    <testcase name="StoreGetFilterTest" classname="Philips.CareEvent.Test.OruFieldMappingProviderTests" time="0.016" status="1" />
    <testcase name="StoreGetTest" classname="Philips.CareEvent.Test.OruFieldMappingProviderTests" time="0.050" status="1" />
    <testcase name="RevertToFactoryDoesRevertForLabNotificationSettings" classname="Philips.CareEvent.Test.OruFieldMappingProviderTests" time="0.009" status="1" />
    <system-out />
    <system-err />
  </testsuite>
  <testsuite name="Philips.PMP.Test.Auto.LogonFormTest" hostname="RESTORMEL" package="not available" id="351" tests="15" failures="0" errors="0" skipped="0" time="3.625" timestamp="2023-12-13T03:38:21">
    <properties />
    <testcase name="LogonFormUserLoggedIn" classname="Philips.PMP.Test.Auto.LogonFormTest" time="0.164" status="1" />
    <testcase name="LogonFormDoLogonSucceed (True)" classname="Philips.PMP.Test.Auto.LogonFormTest" time="2.554" status="1" />
    <testcase name="LogonFormDoLogonSucceed (False)" classname="Philips.PMP.Test.Auto.LogonFormTest" time="0.164" status="1" />
    <testcase name="LogonFormDoNotLogon" classname="Philips.PMP.Test.Auto.LogonFormTest" time="0.166" status="1" />
    <testcase name="LogonFormUserLoggedInDifferentThread" classname="Philips.PMP.Test.Auto.LogonFormTest" time="0.163" status="1" />
    <testcase name="LogonControlBypassesPasswordResetForDevelopers (PhilipsBD,**************,False,False,False)" classname="Philips.PMP.Test.Auto.LogonFormTest" time="0.042" status="1" />
    <testcase name="LogonControlBypassesPasswordResetForDevelopers (PhilipsBD,**************,True,False,True)" classname="Philips.PMP.Test.Auto.LogonFormTest" time="0.037" status="1" />
    <testcase name="LogonControlBypassesPasswordResetForDevelopers (A,**************,True,False,False)" classname="Philips.PMP.Test.Auto.LogonFormTest" time="0.044" status="1" />
    <testcase name="LogonControlBypassesPasswordResetForDevelopers (PhilipsBD,A,True,False,False)" classname="Philips.PMP.Test.Auto.LogonFormTest" time="0.041" status="1" />
    <testcase name="LogonControlBypassesPasswordResetForDevelopers (PhilipsBD,**************,False,True,True)" classname="Philips.PMP.Test.Auto.LogonFormTest" time="0.040" status="1" />
    <testcase name="LogonControlBypassesPasswordResetForDevelopers (A,**************,False,True,False)" classname="Philips.PMP.Test.Auto.LogonFormTest" time="0.041" status="1" />
    <testcase name="LogonControlBypassesPasswordResetForDevelopers (PhilipsBD,A,False,True,False)" classname="Philips.PMP.Test.Auto.LogonFormTest" time="0.039" status="1" />
    <testcase name="LogonControlBypassesPasswordResetForDevelopers (PhilipsBD,**************,True,True,True)" classname="Philips.PMP.Test.Auto.LogonFormTest" time="0.045" status="1" />
    <testcase name="LogonControlBypassesPasswordResetForDevelopers (A,**************,True,True,False)" classname="Philips.PMP.Test.Auto.LogonFormTest" time="0.039" status="1" />
    <testcase name="LogonControlBypassesPasswordResetForDevelopers (PhilipsBD,A,True,True,False)" classname="Philips.PMP.Test.Auto.LogonFormTest" time="0.048" status="1" />
    <system-out />
    <system-err />
  </testsuite>
  <testsuite name="Philips.PMP.Test.Auto.ProxyTest" hostname="RESTORMEL" package="not available" id="352" tests="9" failures="0" errors="0" skipped="0" time="0.777" timestamp="2023-12-13T03:36:09">
    <properties />
    <testcase name="ConnectedProxyMgrClosesProxyGracefully" classname="Philips.PMP.Test.Auto.ProxyTest" time="0.012" status="1" />
    <testcase name="CanReturnDataFromProxy" classname="Philips.PMP.Test.Auto.ProxyTest" time="0.024" status="1" />
    <testcase name="ProxyMgrCallsRemoveIdleProxiesTest" classname="Philips.PMP.Test.Auto.ProxyTest" time="0.069" status="1" />
    <testcase name="ProxyMgrProxyCacheTest" classname="Philips.PMP.Test.Auto.ProxyTest" time="0.002" status="1" />
    <testcase name="SingleUseProxyMgrExceptionsAreModifiedWithUri (ThrowBasicError,False)" classname="Philips.PMP.Test.Auto.ProxyTest" time="0.039" status="1" />
    <testcase name="SingleUseProxyMgrExceptionsAreModifiedWithUri (ThrowNetworkError,True)" classname="Philips.PMP.Test.Auto.ProxyTest" time="0.008" status="1" />
    <testcase name="MultiConnectedProxyMgrDoesntKeepConnectedProxyMgrReferenceAfterRemoval" classname="Philips.PMP.Test.Auto.ProxyTest" time="0.606" status="1" />
    <testcase name="CanGenerateProxyClass" classname="Philips.PMP.Test.Auto.ProxyTest" time="0.004" status="1" />
    <testcase name="MultiConnectedProxyMgrDoesntKeepConnectedProxyMgrConnectedAfterDispose" classname="Philips.PMP.Test.Auto.ProxyTest" time="0.012" status="1" />
    <system-out />
    <system-err />
  </testsuite>
  <testsuite name="Philips.PIC.DataAcquisition.Test.MonitoringDevicePatientLookupMgrTest" hostname="RESTORMEL" package="not available" id="353" tests="4" failures="0" errors="0" skipped="0" time="0.165" timestamp="2023-12-13T03:28:54">
    <properties />
    <testcase name="MonitoringDevicePatientLookupSuccessTest" classname="Philips.PIC.DataAcquisition.Test.MonitoringDevicePatientLookupMgrTest" time="0.123" status="1" />
    <testcase name="MonitoringDevicePatientLookupErrorTest (,,,0)" classname="Philips.PIC.DataAcquisition.Test.MonitoringDevicePatientLookupMgrTest" time="0.031" status="1" />
    <testcase name="MonitoringDevicePatientLookupErrorTest (x,y,b,0)" classname="Philips.PIC.DataAcquisition.Test.MonitoringDevicePatientLookupMgrTest" time="0.008" status="1" />
    <testcase name="MonitoringDevicePatientLookupErrorTest (x,y,b,2)" classname="Philips.PIC.DataAcquisition.Test.MonitoringDevicePatientLookupMgrTest" time="0.002" status="1" />
    <system-out />
    <system-err />
  </testsuite>
  <testsuite name="Philips.PMP.Test.Auto.FreeTextIdGeneratorTest" hostname="RESTORMEL" package="not available" id="354" tests="2" failures="0" errors="0" skipped="0" time="0.004" timestamp="2023-12-13T03:29:54">
    <properties />
    <testcase name="FreeTextIdGeneratorStartsAtMinValue" classname="Philips.PMP.Test.Auto.FreeTextIdGeneratorTest" time="0.001" status="1" />
    <testcase name="FreeTextGeneratorWraps" classname="Philips.PMP.Test.Auto.FreeTextIdGeneratorTest" time="0.003" status="1" />
    <system-out />
    <system-err />
  </testsuite>
  <testsuite name="Philips.PMP.Test.Auto.EventLogAppRestartAnalyzerTest" hostname="RESTORMEL" package="not available" id="355" tests="14" failures="0" errors="0" skipped="0" time="0.030" timestamp="2023-12-13T03:33:54">
    <properties />
    <testcase name="DetectLastAppRestartWasManualStop" classname="Philips.PMP.Test.Auto.EventLogAppRestartAnalyzerTest" time="0.001" status="1" />
    <testcase name="DetectLastAppRestartWas (Manual)" classname="Philips.PMP.Test.Auto.EventLogAppRestartAnalyzerTest" time="0.016" status="1" />
    <testcase name="DetectLastAppRestartWas (ConfigurationChanged)" classname="Philips.PMP.Test.Auto.EventLogAppRestartAnalyzerTest" time="0.001" status="1" />
    <testcase name="DetectLastAppRestartWas (IpAddressChanged)" classname="Philips.PMP.Test.Auto.EventLogAppRestartAnalyzerTest" time="0.001" status="1" />
    <testcase name="DetectLastAppRestartWas (ConnectionStatusChanged)" classname="Philips.PMP.Test.Auto.EventLogAppRestartAnalyzerTest" time="0.001" status="1" />
    <testcase name="DetectLastAppRestartWas (HostNameChanged)" classname="Philips.PMP.Test.Auto.EventLogAppRestartAnalyzerTest" time="0.001" status="1" />
    <testcase name="DetectLastAppRestartWas (ProcessRecovery)" classname="Philips.PMP.Test.Auto.EventLogAppRestartAnalyzerTest" time="0.001" status="1" />
    <testcase name="DetectLastAppRestartWas (ApplicationPatching)" classname="Philips.PMP.Test.Auto.EventLogAppRestartAnalyzerTest" time="0.001" status="1" />
    <testcase name="AnalyzerDefaultsToSystemEventLog" classname="Philips.PMP.Test.Auto.EventLogAppRestartAnalyzerTest" time="0.002" status="1" />
    <testcase name="AnalyzerIgnoresUnrelatedLogs" classname="Philips.PMP.Test.Auto.EventLogAppRestartAnalyzerTest" time="0.001" status="1" />
    <testcase name="AnalyzeLastAppRestartOnly" classname="Philips.PMP.Test.Auto.EventLogAppRestartAnalyzerTest" time="0.001" status="1" />
    <testcase name="DetectLastAppRestartWasWatchdogFailure" classname="Philips.PMP.Test.Auto.EventLogAppRestartAnalyzerTest" time="0.002" status="1" />
    <testcase name="DetectLastAppRestartWasSystemShutdown" classname="Philips.PMP.Test.Auto.EventLogAppRestartAnalyzerTest" time="0.001" status="1" />
    <testcase name="DoNotParseInvalidShutdownReasonEventIds" classname="Philips.PMP.Test.Auto.EventLogAppRestartAnalyzerTest" time="0.001" status="1" />
    <system-out />
    <system-err />
  </testsuite>
  <testsuite name="Philips.PMP.Test.Auto.LabQualifierTest" hostname="RESTORMEL" package="not available" id="356" tests="6" failures="0" errors="0" skipped="0" time="0.072" timestamp="2023-12-13T03:34:09">
    <properties />
    <testcase name="LabQualifierIsCorrectableShould" classname="Philips.PMP.Test.Auto.LabQualifierTest" time="0.001" status="1" />
    <testcase name="LabQualifierVerifyShouldBeWarn2" classname="Philips.PMP.Test.Auto.LabQualifierTest" time="0.001" status="1" />
    <testcase name="LabQualifierVerifyShouldBeWarn1" classname="Philips.PMP.Test.Auto.LabQualifierTest" time="0.001" status="1" />
    <testcase name="LabQualifierVerifyShouldBeSuccess" classname="Philips.PMP.Test.Auto.LabQualifierTest" time="0.008" status="1" />
    <testcase name="LabQualifierVerifyLabParallelWorkerShould" classname="Philips.PMP.Test.Auto.LabQualifierTest" time="0.058" status="1" />
    <testcase name="DoNotFailQualifierIfHIFIsConfiguredAndIfHostIsNotificationServer" classname="Philips.PMP.Test.Auto.LabQualifierTest" time="0.003" status="1" />
    <system-out />
    <system-err />
  </testsuite>
  <testsuite name="Philips.iX.DataBridge.Common.Test.AcpmpStatusAggregatorTest" hostname="RESTORMEL" package="not available" id="357" tests="1" failures="0" errors="0" skipped="0" time="0.043" timestamp="2023-12-13T03:27:38">
    <properties />
    <testcase name="AcpmpStatusAggregatorUpdatesStatusMessage" classname="Philips.iX.DataBridge.Common.Test.AcpmpStatusAggregatorTest" time="0.043" status="1" />
    <system-out />
    <system-err />
  </testsuite>
  <testsuite name="Philips.PMP.Test.Auto.SystemStatusServiceTest" hostname="RESTORMEL" package="not available" id="358" tests="2" failures="0" errors="0" skipped="0" time="0.303" timestamp="2023-12-13T03:36:54">
    <properties />
    <testcase name="PostingMessageTriggersUpdateTest" classname="Philips.PMP.Test.Auto.SystemStatusServiceTest" time="0.294" status="1" />
    <testcase name="SystemStatusServiceMgrClearingMessageRemovesProxy" classname="Philips.PMP.Test.Auto.SystemStatusServiceTest" time="0.009" status="1" />
    <system-out />
    <system-err />
  </testsuite>
  <testsuite name="Philips.PMP.Test.Auto.ConfigurationFileProviderTest" hostname="RESTORMEL" package="not available" id="359" tests="1" failures="0" errors="0" skipped="0" time="0.037" timestamp="2023-12-13T03:30:21">
    <properties />
    <testcase name="ConfigurationFileProviderLoadFileTest" classname="Philips.PMP.Test.Auto.ConfigurationFileProviderTest" time="0.037" status="1" />
    <system-out />
    <system-err />
  </testsuite>
  <testsuite name="Philips.PIC.DataAcquisition.Test.SureSignsDataCacheTest" hostname="RESTORMEL" package="not available" id="360" tests="23" failures="0" errors="0" skipped="0" time="0.028" timestamp="2023-12-13T03:28:55">
    <properties />
    <testcase name="SureSignsDataCacheTryGetValidationTest (False)" classname="Philips.PIC.DataAcquisition.Test.SureSignsDataCacheTest" time="0.001" status="1" />
    <testcase name="SureSignsDataCacheTryGetValidationTest (True)" classname="Philips.PIC.DataAcquisition.Test.SureSignsDataCacheTest" time="0.000" status="1" />
    <testcase name="SureSignsDataCacheTryAddValidationTest (False,True)" classname="Philips.PIC.DataAcquisition.Test.SureSignsDataCacheTest" time="0.000" status="1" />
    <testcase name="SureSignsDataCacheTryAddValidationTest (True,False)" classname="Philips.PIC.DataAcquisition.Test.SureSignsDataCacheTest" time="0.000" status="1" />
    <testcase name="SureSignsDataCacheIsValidDeviceUpdateTest (False,0,VALIDATED,False)" classname="Philips.PIC.DataAcquisition.Test.SureSignsDataCacheTest" time="0.001" status="1" />
    <testcase name="SureSignsDataCacheIsValidDeviceUpdateTest (True,0,EXPORTED_TO_EMR_SUCCESS,False)" classname="Philips.PIC.DataAcquisition.Test.SureSignsDataCacheTest" time="0.000" status="1" />
    <testcase name="SureSignsDataCacheIsValidDeviceUpdateTest (True,0,VALIDATED,True)" classname="Philips.PIC.DataAcquisition.Test.SureSignsDataCacheTest" time="0.000" status="1" />
    <testcase name="SureSignsDataCacheIsValidDeviceUpdateTest (True,TRANSFER_FAIL,VALIDATED,True)" classname="Philips.PIC.DataAcquisition.Test.SureSignsDataCacheTest" time="0.000" status="1" />
    <testcase name="SureSignsDataCacheIsValidDeviceUpdateTest (True,TRANSFER_FAIL,0,False)" classname="Philips.PIC.DataAcquisition.Test.SureSignsDataCacheTest" time="0.000" status="1" />
    <testcase name="SureSignsDataCacheIsValidDeviceUpdateTest (True,VALIDATED,VALIDATED,False)" classname="Philips.PIC.DataAcquisition.Test.SureSignsDataCacheTest" time="0.000" status="1" />
    <testcase name="SureSignsDataCacheIsValidDeviceUpdateTest (True,VALIDATED,0,False)" classname="Philips.PIC.DataAcquisition.Test.SureSignsDataCacheTest" time="0.000" status="1" />
    <testcase name="SureSignsDataCacheIsValidDeviceUpdateTest (True,EXPORTED_TO_EMR_SUCCESS,VALIDATED,False)" classname="Philips.PIC.DataAcquisition.Test.SureSignsDataCacheTest" time="0.000" status="1" />
    <testcase name="SureSignsDataCacheIsValidDeviceUpdateTest (True,EXPORTED_TO_EMR_SUCCESS,0,False)" classname="Philips.PIC.DataAcquisition.Test.SureSignsDataCacheTest" time="0.000" status="1" />
    <testcase name="SureSignsDataCacheIsValidationUpdateTest (False,False,False,False)" classname="Philips.PIC.DataAcquisition.Test.SureSignsDataCacheTest" time="0.008" status="1" />
    <testcase name="SureSignsDataCacheIsValidationUpdateTest (True,False,False,False)" classname="Philips.PIC.DataAcquisition.Test.SureSignsDataCacheTest" time="0.004" status="1" />
    <testcase name="SureSignsDataCacheIsValidationUpdateTest (True,True,False,True)" classname="Philips.PIC.DataAcquisition.Test.SureSignsDataCacheTest" time="0.005" status="1" />
    <testcase name="SureSignsDataCacheIsValidationUpdateTest (True,False,True,True)" classname="Philips.PIC.DataAcquisition.Test.SureSignsDataCacheTest" time="0.001" status="1" />
    <testcase name="SureSignsDataCacheIsValidationUpdateTest (True,True,True,True)" classname="Philips.PIC.DataAcquisition.Test.SureSignsDataCacheTest" time="0.000" status="1" />
    <testcase name="SureSignsDataCachePurgeAgedOutEntriesTest (True)" classname="Philips.PIC.DataAcquisition.Test.SureSignsDataCacheTest" time="0.001" status="1" />
    <testcase name="SureSignsDataCachePurgeAgedOutEntriesTest (False)" classname="Philips.PIC.DataAcquisition.Test.SureSignsDataCacheTest" time="0.000" status="1" />
    <testcase name="SureSignsDataCacheIsNewMeasurementTest (True,2,True)" classname="Philips.PIC.DataAcquisition.Test.SureSignsDataCacheTest" time="0.002" status="1" />
    <testcase name="SureSignsDataCacheIsNewMeasurementTest (True,2,True)" classname="Philips.PIC.DataAcquisition.Test.SureSignsDataCacheTest" time="0.000" status="1" />
    <testcase name="SureSignsDataCacheIsNewMeasurementTest (False,-2,False)" classname="Philips.PIC.DataAcquisition.Test.SureSignsDataCacheTest" time="0.000" status="1" />
    <system-out />
    <system-err />
  </testsuite>
  <testsuite name="Philips.PMP.Test.Auto.TokenRenewalServiceTest" hostname="RESTORMEL" package="not available" id="361" tests="4" failures="0" errors="0" skipped="0" time="0.009" timestamp="2023-12-13T03:30:02">
    <properties />
    <testcase name="TryValidateAndCreateTokenCreatesANewTokenOffOfAValidOne" classname="Philips.PMP.Test.Auto.TokenRenewalServiceTest" time="0.005" status="1" />
    <testcase name="TryValidateAndCreateTokenReturnsFalseOnMissingUserContext" classname="Philips.PMP.Test.Auto.TokenRenewalServiceTest" time="0.001" status="1" />
    <testcase name="TryValidateAndCreateTokenReturnsFalseOnInvalidToken" classname="Philips.PMP.Test.Auto.TokenRenewalServiceTest" time="0.002" status="1" />
    <testcase name="TryValidateAndCreateTokenReturnsFalseOnMissingTokenHeader" classname="Philips.PMP.Test.Auto.TokenRenewalServiceTest" time="0.001" status="1" />
    <system-out />
    <system-err />
  </testsuite>
  <testsuite name="Philips.PIC.DataAcquisition.Test.MonitoringDeviceFactoryMgrTest" hostname="RESTORMEL" package="not available" id="362" tests="6" failures="0" errors="0" skipped="0" time="0.406" timestamp="2023-12-13T03:28:54">
    <properties />
    <testcase name="SureSignsTextLoaderTest" classname="Philips.PIC.DataAcquisition.Test.MonitoringDeviceFactoryMgrTest" time="0.001" status="1" />
    <testcase name="MonitoringDeviceTryGetCreationInfoTest (Vs30,DeviceSettings.IPAddress)" classname="Philips.PIC.DataAcquisition.Test.MonitoringDeviceFactoryMgrTest" time="0.015" status="1" />
    <testcase name="MonitoringDeviceTryGetServiceListTest (Vs30,True)" classname="Philips.PIC.DataAcquisition.Test.MonitoringDeviceFactoryMgrTest" time="0.265" status="1" />
    <testcase name="MonitoringDeviceTryGetServiceListTest (Mx750,False)" classname="Philips.PIC.DataAcquisition.Test.MonitoringDeviceFactoryMgrTest" time="0.005" status="1" />
    <testcase name="MonitoringDeviceFactoryTryGetMonitoringDeviceTest (False)" classname="Philips.PIC.DataAcquisition.Test.MonitoringDeviceFactoryMgrTest" time="0.093" status="1" />
    <testcase name="MonitoringDeviceFactoryTryGetMonitoringDeviceTest (True)" classname="Philips.PIC.DataAcquisition.Test.MonitoringDeviceFactoryMgrTest" time="0.028" status="1" />
    <system-out />
    <system-err />
  </testsuite>
  <testsuite name="Philips.PMP.Test.Auto.UtilitiesServiceTest" hostname="RESTORMEL" package="not available" id="363" tests="17" failures="0" errors="0" skipped="0" time="1.368" timestamp="2023-12-13T03:36:59">
    <properties />
    <testcase name="ValidateEventWorkflow" classname="Philips.PMP.Test.Auto.UtilitiesServiceTest" time="0.006" status="1" />
    <testcase name="UtilitiesServiceRestartsWindowsServices (True)" classname="Philips.PMP.Test.Auto.UtilitiesServiceTest" time="0.220" status="1" />
    <testcase name="UtilitiesServiceRestartsWindowsServices (False)" classname="Philips.PMP.Test.Auto.UtilitiesServiceTest" time="0.004" status="1" />
    <testcase name="UtilitiesServiceSetCertRenewalStatus (True,True)" classname="Philips.PMP.Test.Auto.UtilitiesServiceTest" time="0.294" status="1" />
    <testcase name="UtilitiesServiceSetCertRenewalStatus (False,False)" classname="Philips.PMP.Test.Auto.UtilitiesServiceTest" time="0.004" status="1" />
    <testcase name="UtilitiesServiceIsServiceCheckRun (True)" classname="Philips.PMP.Test.Auto.UtilitiesServiceTest" time="0.008" status="1" />
    <testcase name="UtilitiesServiceIsServiceCheckRun (False)" classname="Philips.PMP.Test.Auto.UtilitiesServiceTest" time="0.004" status="1" />
    <testcase name="GetConfigurationServerShouldReturnPath" classname="Philips.PMP.Test.Auto.UtilitiesServiceTest" time="0.003" status="1" />
    <testcase name="ValidateAcpmp (True)" classname="Philips.PMP.Test.Auto.UtilitiesServiceTest" time="0.116" status="1" />
    <testcase name="ValidateAcpmp (False)" classname="Philips.PMP.Test.Auto.UtilitiesServiceTest" time="0.003" status="1" />
    <testcase name="UtilitiesServiceChecksIfKaVoomServiceIsRunning (True)" classname="Philips.PMP.Test.Auto.UtilitiesServiceTest" time="0.178" status="1" />
    <testcase name="UtilitiesServiceChecksIfKaVoomServiceIsRunning (False)" classname="Philips.PMP.Test.Auto.UtilitiesServiceTest" time="0.020" status="1" />
    <testcase name="UtilitiesServiceSyncsOperatingSystemUserInfo (True)" classname="Philips.PMP.Test.Auto.UtilitiesServiceTest" time="0.061" status="1" />
    <testcase name="UtilitiesServiceSyncsOperatingSystemUserInfo (True)" classname="Philips.PMP.Test.Auto.UtilitiesServiceTest" time="0.002" status="1" />
    <testcase name="UtilitiesServiceSyncsOperatingSystemUserInfo (False)" classname="Philips.PMP.Test.Auto.UtilitiesServiceTest" time="0.002" status="1" />
    <testcase name="UtilitiesServiceSyncsOperatingSystemUserInfo (False)" classname="Philips.PMP.Test.Auto.UtilitiesServiceTest" time="0.002" status="1" />
    <testcase name="UpdateMyMacAddressTest" classname="Philips.PMP.Test.Auto.UtilitiesServiceTest" time="0.441" status="1" />
    <system-out />
    <system-err />
  </testsuite>
  <testsuite name="Philips.PMP.Test.Auto.AlertProviderTest" hostname="RESTORMEL" package="not available" id="364" tests="19" failures="0" errors="0" skipped="0" time="1.116" timestamp="2023-12-13T03:35:00">
    <properties />
    <testcase name="AlertProviderWrongStore" classname="Philips.PMP.Test.Auto.AlertProviderTest" time="0.019" status="1" />
    <testcase name="AlertProviderPdssUpdate" classname="Philips.PMP.Test.Auto.AlertProviderTest" time="0.020" status="1" />
    <testcase name="AlertProviderNotableIntervalTwoWithSameKey" classname="Philips.PMP.Test.Auto.AlertProviderTest" time="0.015" status="1" />
    <testcase name="AlertProviderStoreOne" classname="Philips.PMP.Test.Auto.AlertProviderTest" time="0.167" status="1" />
    <testcase name="AlertProviderFiltering" classname="Philips.PMP.Test.Auto.AlertProviderTest" time="0.008" status="1" />
    <testcase name="AlertProviderNotableIntervalGetAnnotated" classname="Philips.PMP.Test.Auto.AlertProviderTest" time="0.096" status="1" />
    <testcase name="AlertProviderReviewUpdate" classname="Philips.PMP.Test.Auto.AlertProviderTest" time="0.027" status="1" />
    <testcase name="AlertProviderDischarge" classname="Philips.PMP.Test.Auto.AlertProviderTest" time="0.023" status="1" />
    <testcase name="AlertProviderFilterByPurgeCutoffTime" classname="Philips.PMP.Test.Auto.AlertProviderTest" time="0.024" status="1" />
    <testcase name="AlertProviderGetAlertListDataTest" classname="Philips.PMP.Test.Auto.AlertProviderTest" time="0.392" status="1" />
    <testcase name="AlertProviderFilterEndedBeforeQueryTime" classname="Philips.PMP.Test.Auto.AlertProviderTest" time="0.048" status="1" />
    <testcase name="AlertProviderEndAllAlerts" classname="Philips.PMP.Test.Auto.AlertProviderTest" time="0.072" status="1" />
    <testcase name="AlertProviderOrderByAnnounceTime" classname="Philips.PMP.Test.Auto.AlertProviderTest" time="0.008" status="1" />
    <testcase name="AlertProviderStoreNotableIntervalAndTimeMappings" classname="Philips.PMP.Test.Auto.AlertProviderTest" time="0.014" status="1" />
    <testcase name="AlertProviderUpdateAlertTest" classname="Philips.PMP.Test.Auto.AlertProviderTest" time="0.035" status="1" />
    <testcase name="AlertProviderGetByTime" classname="Philips.PMP.Test.Auto.AlertProviderTest" time="0.041" status="1" />
    <testcase name="AlertProviderStoreMinimum" classname="Philips.PMP.Test.Auto.AlertProviderTest" time="0.019" status="1" />
    <testcase name="AlertProviderStoreMany" classname="Philips.PMP.Test.Auto.AlertProviderTest" time="0.045" status="1" />
    <testcase name="AlertProviderNotableIntervalTest" classname="Philips.PMP.Test.Auto.AlertProviderTest" time="0.043" status="1" />
    <system-out />
    <system-err />
  </testsuite>
  <testsuite name="Philips.PMP.Test.Auto.DeviceBatteryProcessorTest" hostname="RESTORMEL" package="not available" id="365" tests="37" failures="0" errors="0" skipped="0" time="0.038" timestamp="2023-12-13T03:34:53">
    <properties />
    <testcase name="DeviceBatteryMiscTest (101,0,True,True,False,True)" classname="Philips.PMP.Test.Auto.DeviceBatteryProcessorTest" time="0.001" status="1" />
    <testcase name="DeviceBatteryMiscTest (200,100,True,True,False,True)" classname="Philips.PMP.Test.Auto.DeviceBatteryProcessorTest" time="0.001" status="1" />
    <testcase name="DeviceBatteryMiscTest (101,0,True,True,True,False)" classname="Philips.PMP.Test.Auto.DeviceBatteryProcessorTest" time="0.001" status="1" />
    <testcase name="DeviceBatteryMiscTest (200,100,True,True,True,False)" classname="Philips.PMP.Test.Auto.DeviceBatteryProcessorTest" time="0.001" status="1" />
    <testcase name="DeviceBatteryMiscTest (101,100,False,True,False,True)" classname="Philips.PMP.Test.Auto.DeviceBatteryProcessorTest" time="0.001" status="1" />
    <testcase name="DeviceBatteryMiscTest (101,100,False,True,True,True)" classname="Philips.PMP.Test.Auto.DeviceBatteryProcessorTest" time="0.001" status="1" />
    <testcase name="DeviceBatteryMiscTest (101,100,True,False,False,False)" classname="Philips.PMP.Test.Auto.DeviceBatteryProcessorTest" time="0.001" status="1" />
    <testcase name="DeviceBatteryMiscTest (101,100,True,False,True,True)" classname="Philips.PMP.Test.Auto.DeviceBatteryProcessorTest" time="0.001" status="1" />
    <testcase name="DeviceBatteryPwdFilterTest (EightyPercent,89,EightyPercent)" classname="Philips.PMP.Test.Auto.DeviceBatteryProcessorTest" time="0.001" status="1" />
    <testcase name="DeviceBatteryPwdFilterTest (SixtyPercent,63,SixtyPercent)" classname="Philips.PMP.Test.Auto.DeviceBatteryProcessorTest" time="0.000" status="1" />
    <testcase name="DeviceBatteryPwdFilterTest (FortyPercent,44,FortyPercent)" classname="Philips.PMP.Test.Auto.DeviceBatteryProcessorTest" time="0.000" status="1" />
    <testcase name="DeviceBatteryPwdFilterTest (TwentyPercent,21,TwentyPercent)" classname="Philips.PMP.Test.Auto.DeviceBatteryProcessorTest" time="0.000" status="1" />
    <testcase name="DeviceBatteryPwdFilterTest (LowWarning,11,LowWarning)" classname="Philips.PMP.Test.Auto.DeviceBatteryProcessorTest" time="0.000" status="1" />
    <testcase name="DeviceBatteryPwdFilterTest (Full,76,EightyPercent)" classname="Philips.PMP.Test.Auto.DeviceBatteryProcessorTest" time="0.000" status="1" />
    <testcase name="DeviceBatteryPwdFilterTest (Full,100,Full)" classname="Philips.PMP.Test.Auto.DeviceBatteryProcessorTest" time="0.000" status="1" />
    <testcase name="DeviceBatteryLevelTest (40,True,True)" classname="Philips.PMP.Test.Auto.DeviceBatteryProcessorTest" time="0.001" status="1" />
    <testcase name="DeviceBatteryLevelTest (59,False,True)" classname="Philips.PMP.Test.Auto.DeviceBatteryProcessorTest" time="0.001" status="1" />
    <testcase name="DeviceBatteryLevelTest (60,False,False)" classname="Philips.PMP.Test.Auto.DeviceBatteryProcessorTest" time="0.001" status="1" />
    <testcase name="DeviceBatteryPowerStatusTest (OnMains,False)" classname="Philips.PMP.Test.Auto.DeviceBatteryProcessorTest" time="0.005" status="1" />
    <testcase name="DeviceBatteryPowerStatusTest (OnBattery,True)" classname="Philips.PMP.Test.Auto.DeviceBatteryProcessorTest" time="0.003" status="1" />
    <testcase name="DeviceBatteryPowerStatusTest (BatteryPlugged,True)" classname="Philips.PMP.Test.Auto.DeviceBatteryProcessorTest" time="0.002" status="1" />
    <testcase name="DeviceBatteryPowerStatusTest (BatteryRechargeable, OnMains,False)" classname="Philips.PMP.Test.Auto.DeviceBatteryProcessorTest" time="0.001" status="1" />
    <testcase name="DeviceBatteryPowerStatusTest (BatteryRechargeable,True)" classname="Philips.PMP.Test.Auto.DeviceBatteryProcessorTest" time="0.001" status="1" />
    <testcase name="DeviceBatteryDisplayLevelTest (10,False,LowWarning)" classname="Philips.PMP.Test.Auto.DeviceBatteryProcessorTest" time="0.002" status="1" />
    <testcase name="DeviceBatteryDisplayLevelTest (20,False,TwentyPercent)" classname="Philips.PMP.Test.Auto.DeviceBatteryProcessorTest" time="0.001" status="1" />
    <testcase name="DeviceBatteryDisplayLevelTest (40,False,FortyPercent)" classname="Philips.PMP.Test.Auto.DeviceBatteryProcessorTest" time="0.001" status="1" />
    <testcase name="DeviceBatteryDisplayLevelTest (60,False,SixtyPercent)" classname="Philips.PMP.Test.Auto.DeviceBatteryProcessorTest" time="0.001" status="1" />
    <testcase name="DeviceBatteryDisplayLevelTest (80,False,EightyPercent)" classname="Philips.PMP.Test.Auto.DeviceBatteryProcessorTest" time="0.001" status="1" />
    <testcase name="DeviceBatteryDisplayLevelTest (100,False,Full)" classname="Philips.PMP.Test.Auto.DeviceBatteryProcessorTest" time="0.001" status="1" />
    <testcase name="DeviceBatteryDisplayLevelTest (110,False,Full)" classname="Philips.PMP.Test.Auto.DeviceBatteryProcessorTest" time="0.001" status="1" />
    <testcase name="DeviceBatteryDisplayLevelTest (10,True,ChargingLowWarning)" classname="Philips.PMP.Test.Auto.DeviceBatteryProcessorTest" time="0.001" status="1" />
    <testcase name="DeviceBatteryDisplayLevelTest (20,True,ChargingTwentyPercent)" classname="Philips.PMP.Test.Auto.DeviceBatteryProcessorTest" time="0.001" status="1" />
    <testcase name="DeviceBatteryDisplayLevelTest (40,True,ChargingFortyPercent)" classname="Philips.PMP.Test.Auto.DeviceBatteryProcessorTest" time="0.001" status="1" />
    <testcase name="DeviceBatteryDisplayLevelTest (60,True,ChargingSixtyPercent)" classname="Philips.PMP.Test.Auto.DeviceBatteryProcessorTest" time="0.000" status="1" />
    <testcase name="DeviceBatteryDisplayLevelTest (80,True,ChargingEightyPercent)" classname="Philips.PMP.Test.Auto.DeviceBatteryProcessorTest" time="0.001" status="1" />
    <testcase name="DeviceBatteryDisplayLevelTest (100,True,ChargingFull)" classname="Philips.PMP.Test.Auto.DeviceBatteryProcessorTest" time="0.001" status="1" />
    <testcase name="DeviceBatteryDisplayLevelTest (110,True,ChargingFull)" classname="Philips.PMP.Test.Auto.DeviceBatteryProcessorTest" time="0.002" status="1" />
    <system-out />
    <system-err />
  </testsuite>
  <testsuite name="Philips.PMP.Test.Auto.EquipmentManagementControlTest" hostname="RESTORMEL" package="not available" id="366" tests="1" failures="0" errors="0" skipped="0" time="0.123" timestamp="2023-12-13T03:33:44">
    <properties />
    <testcase name="SetPatientMonitorsTest" classname="Philips.PMP.Test.Auto.EquipmentManagementControlTest" time="0.123" status="1" />
    <system-out />
    <system-err />
  </testsuite>
  <testsuite name="Philips.PMP.Test.Auto.UnitPatientSubscriberTest" hostname="RESTORMEL" package="not available" id="367" tests="4" failures="0" errors="0" skipped="0" time="0.104" timestamp="2023-12-13T03:29:48">
    <properties />
    <testcase name="UnitPatientSubscriberCanInitializeAndReadPatientCache" classname="Philips.PMP.Test.Auto.UnitPatientSubscriberTest" time="0.022" status="1" />
    <testcase name="UnitPatientSubscriberStartTest" classname="Philips.PMP.Test.Auto.UnitPatientSubscriberTest" time="0.061" status="1" />
    <testcase name="UnitPatientSubscriberOnPatientAssignmentChange (True)" classname="Philips.PMP.Test.Auto.UnitPatientSubscriberTest" time="0.010" status="1" />
    <testcase name="UnitPatientSubscriberOnPatientAssignmentChange (False)" classname="Philips.PMP.Test.Auto.UnitPatientSubscriberTest" time="0.011" status="1" />
    <system-out />
    <system-err />
  </testsuite>
  <testsuite name="Philips.PMP.Test.Auto.ServiceStartupMgrTest" hostname="RESTORMEL" package="not available" id="368" tests="1" failures="0" errors="0" skipped="0" time="0.017" timestamp="2023-12-13T03:29:51">
    <properties />
    <testcase name="ServiceStartupMgrThreadPoolDefaultTest" classname="Philips.PMP.Test.Auto.ServiceStartupMgrTest" time="0.017" status="1" />
    <system-out />
    <system-err />
  </testsuite>
  <testsuite name="Philips.PMP.Test.Auto.EfficiaPatientMgrTest" hostname="RESTORMEL" package="not available" id="369" tests="4" failures="0" errors="0" skipped="0" time="0.018" timestamp="2023-12-13T03:33:39">
    <properties />
    <testcase name="EfficiaPatientMgrSendPatientMessageOnlyAfterAdtSync" classname="Philips.PMP.Test.Auto.EfficiaPatientMgrTest" time="0.015" status="1" />
    <testcase name="EfficiaPatientMgrCreatePacedMsg (PacedUnconfirmed)" classname="Philips.PMP.Test.Auto.EfficiaPatientMgrTest" time="0.001" status="1" />
    <testcase name="EfficiaPatientMgrCreatePacedMsg (NotPaced)" classname="Philips.PMP.Test.Auto.EfficiaPatientMgrTest" time="0.000" status="1" />
    <testcase name="EfficiaPatientMgrCreatePacedMsg (PacedGen)" classname="Philips.PMP.Test.Auto.EfficiaPatientMgrTest" time="0.000" status="1" />
    <system-out />
    <system-err />
  </testsuite>
  <testsuite name="Philips.PMP.Test.Auto.SpotCheckTrendServiceTest" hostname="RESTORMEL" package="not available" id="370" tests="3" failures="0" errors="0" skipped="0" time="0.090" timestamp="2023-12-13T03:37:00">
    <properties />
    <testcase name="SpotCheckTrendServiceStartTest" classname="Philips.PMP.Test.Auto.SpotCheckTrendServiceTest" time="0.087" status="1" />
    <testcase name="SpotCheckTrendServiceRestartTest" classname="Philips.PMP.Test.Auto.SpotCheckTrendServiceTest" time="0.002" status="1" />
    <testcase name="SpotCheckTrendServiceStopTest" classname="Philips.PMP.Test.Auto.SpotCheckTrendServiceTest" time="0.001" status="1" />
    <system-out />
    <system-err />
  </testsuite>
  <testsuite name="Philips.CareEvent.Test.EventMonitorListsMgrTest" hostname="RESTORMEL" package="not available" id="371" tests="4" failures="0" errors="0" skipped="0" time="0.274" timestamp="2023-12-13T03:28:15">
    <properties />
    <testcase name="EventMonitorIncrementTimeOnCurrentTest" classname="Philips.CareEvent.Test.EventMonitorListsMgrTest" time="0.138" status="1" />
    <testcase name="EventMonitorSyncBackTest" classname="Philips.CareEvent.Test.EventMonitorListsMgrTest" time="0.025" status="1" />
    <testcase name="EventMonitorRemovePrefixTest" classname="Philips.CareEvent.Test.EventMonitorListsMgrTest" time="0.039" status="1" />
    <testcase name="ThreeListTargets" classname="Philips.CareEvent.Test.EventMonitorListsMgrTest" time="0.070" status="1" />
    <system-out />
    <system-err />
  </testsuite>
  <testsuite name="Philips.PMP.Test.Auto.InstitutionControlTest" hostname="RESTORMEL" package="not available" id="372" tests="4" failures="0" errors="0" skipped="0" time="0.206" timestamp="2023-12-13T03:38:03">
    <properties />
    <testcase name="InstitutionControlSaveFailIfAliasExists" classname="Philips.PMP.Test.Auto.InstitutionControlTest" time="0.041" status="1" />
    <testcase name="InstitutionControlSave (True,True,True)" classname="Philips.PMP.Test.Auto.InstitutionControlTest" time="0.112" status="1" />
    <testcase name="InstitutionControlSave (False,True,False)" classname="Philips.PMP.Test.Auto.InstitutionControlTest" time="0.025" status="1" />
    <testcase name="InstitutionControlSave (True,False,False)" classname="Philips.PMP.Test.Auto.InstitutionControlTest" time="0.029" status="1" />
    <system-out />
    <system-err />
  </testsuite>
  <testsuite name="Philips.PMP.Test.Auto.PermissionChangesEventArgsTest" hostname="RESTORMEL" package="not available" id="373" tests="3" failures="0" errors="0" skipped="0" time="0.002" timestamp="2023-12-13T03:29:51">
    <properties />
    <testcase name="PermissionChangesEventArgsShouldUpdateIfMyHostsHasChangedTest" classname="Philips.PMP.Test.Auto.PermissionChangesEventArgsTest" time="0.000" status="1" />
    <testcase name="PermissionChangesEventArgsShouldNotUpdateIfMyHostsHasNotChangedTest" classname="Philips.PMP.Test.Auto.PermissionChangesEventArgsTest" time="0.001" status="1" />
    <testcase name="PermissionChangesEventArgsShouldUpdateIfUnitPermissionsHaveChangedTest" classname="Philips.PMP.Test.Auto.PermissionChangesEventArgsTest" time="0.001" status="1" />
    <system-out />
    <system-err />
  </testsuite>
  <testsuite name="Philips.PMP.Test.Auto.SnmpConnectionFormTest" hostname="RESTORMEL" package="not available" id="374" tests="2" failures="0" errors="0" skipped="0" time="0.131" timestamp="2023-12-13T03:38:06">
    <properties />
    <testcase name="SnmpConnectionFormDefaultConstructorTest" classname="Philips.PMP.Test.Auto.SnmpConnectionFormTest" time="0.041" status="1" />
    <testcase name="SnmpConnectionFormDefaultConstructor2Test" classname="Philips.PMP.Test.Auto.SnmpConnectionFormTest" time="0.090" status="1" />
    <system-out />
    <system-err />
  </testsuite>
  <testsuite name="Philips.PMP.Test.Auto.StarTypeConverterTest" hostname="RESTORMEL" package="not available" id="375" tests="3" failures="0" errors="0" skipped="0" time="0.071" timestamp="2023-12-13T03:29:58">
    <properties />
    <testcase name="StarTypeConverterAlarmAudibleTest" classname="Philips.PMP.Test.Auto.StarTypeConverterTest" time="0.006" status="1" />
    <testcase name="GetPatientTypeValidateConversions" classname="Philips.PMP.Test.Auto.StarTypeConverterTest" time="0.014" status="1" />
    <testcase name="GetBandwidthTypeValidateConversions" classname="Philips.PMP.Test.Auto.StarTypeConverterTest" time="0.051" status="1" />
    <system-out />
    <system-err />
  </testsuite>
  <testsuite name="Philips.PMP.Test.Auto.Ecg12LeadHelperTest" hostname="RESTORMEL" package="not available" id="376" tests="6" failures="0" errors="0" skipped="0" time="0.058" timestamp="2023-12-13T03:30:45">
    <properties />
    <testcase name="Ecg12LeadHelperGetOrdersMatchedToOrderRequestsShouldAddWhenCodesMatch" classname="Philips.PMP.Test.Auto.Ecg12LeadHelperTest" time="0.052" status="1" />
    <testcase name="Ecg12LeadHelperGetOrdersMatchedToOrderRequestsShouldAddAllWhenNoRequests" classname="Philips.PMP.Test.Auto.Ecg12LeadHelperTest" time="0.001" status="1" />
    <testcase name="Ecg12LeadHelperInitializeCaptureTest (True,,monitor)" classname="Philips.PMP.Test.Auto.Ecg12LeadHelperTest" time="0.003" status="1" />
    <testcase name="Ecg12LeadHelperInitializeCaptureTest (False,,)" classname="Philips.PMP.Test.Auto.Ecg12LeadHelperTest" time="0.001" status="1" />
    <testcase name="Ecg12LeadHelperInitializeCaptureTest (True,host,host)" classname="Philips.PMP.Test.Auto.Ecg12LeadHelperTest" time="0.001" status="1" />
    <testcase name="Ecg12LeadHelperInitializeCaptureTest (False,host,host)" classname="Philips.PMP.Test.Auto.Ecg12LeadHelperTest" time="0.001" status="1" />
    <system-out />
    <system-err />
  </testsuite>
  <testsuite name="Philips.PMP.Test.Auto.MobileEnumerationConverterTest" hostname="RESTORMEL" package="not available" id="377" tests="12" failures="0" errors="0" skipped="0" time="0.055" timestamp="2023-12-13T03:30:46">
    <properties />
    <testcase name="MobileEnumerationConverterUnitLabelTextId0" classname="Philips.PMP.Test.Auto.MobileEnumerationConverterTest" time="0.001" status="1" />
    <testcase name="MobileEnumerationConverterConvertEnumerationDictionary" classname="Philips.PMP.Test.Auto.MobileEnumerationConverterTest" time="0.005" status="1" />
    <testcase name="MobileEnumerationConverterScoreScoreColorNot0 (True,147842,65535,False)" classname="Philips.PMP.Test.Auto.MobileEnumerationConverterTest" time="0.003" status="1" />
    <testcase name="MobileEnumerationConverterScoreScoreColorNot0 (True,195057,8,True)" classname="Philips.PMP.Test.Auto.MobileEnumerationConverterTest" time="0.005" status="1" />
    <testcase name="MobileEnumerationConverterScoreScoreColorNot0 (False,147842,65535,False)" classname="Philips.PMP.Test.Auto.MobileEnumerationConverterTest" time="0.001" status="1" />
    <testcase name="MobileEnumerationConverterScoreScoreColorNot0 (False,195057,8,True)" classname="Philips.PMP.Test.Auto.MobileEnumerationConverterTest" time="0.001" status="1" />
    <testcase name="MobileEnumerationConverterConvertEnumeration" classname="Philips.PMP.Test.Auto.MobileEnumerationConverterTest" time="0.003" status="1" />
    <testcase name="MobileEnumerationConverterConvertEnumerationValue" classname="Philips.PMP.Test.Auto.MobileEnumerationConverterTest" time="0.027" status="1" />
    <testcase name="MobileEnumerationConverterConvertEnumerationDynamicAttribute" classname="Philips.PMP.Test.Auto.MobileEnumerationConverterTest" time="0.001" status="1" />
    <testcase name="MobileEnumerationConverterConvertEnumerationCompoundValue" classname="Philips.PMP.Test.Auto.MobileEnumerationConverterTest" time="0.001" status="1" />
    <testcase name="MobileEnumerationConverterCanFormatColors" classname="Philips.PMP.Test.Auto.MobileEnumerationConverterTest" time="0.006" status="1" />
    <testcase name="MobileEnumerationConverterConvertMultipleDynamicAttributes" classname="Philips.PMP.Test.Auto.MobileEnumerationConverterTest" time="0.001" status="1" />
    <system-out />
    <system-err />
  </testsuite>
  <testsuite name="Philips.PMP.Test.Auto.IheDeviceDataMgrTest" hostname="RESTORMEL" package="not available" id="378" tests="10" failures="0" errors="0" skipped="0" time="0.246" timestamp="2023-12-13T03:29:45">
    <properties />
    <testcase name="IHEDeviceDataMgrAddRemoveVMDWithSameSerialNumber" classname="Philips.PMP.Test.Auto.IheDeviceDataMgrTest" time="0.021" status="1" />
    <testcase name="IHEDeviceDataMgrClearsPhysioDataCachesWhenOffline" classname="Philips.PMP.Test.Auto.IheDeviceDataMgrTest" time="0.045" status="1" />
    <testcase name="IHEDeviceDataMgrDetectsInvalidPhysioDataTime (True)" classname="Philips.PMP.Test.Auto.IheDeviceDataMgrTest" time="0.040" status="1" />
    <testcase name="IHEDeviceDataMgrDetectsInvalidPhysioDataTime (False)" classname="Philips.PMP.Test.Auto.IheDeviceDataMgrTest" time="0.014" status="1" />
    <testcase name="StringToVmdIdentifierTest" classname="Philips.PMP.Test.Auto.IheDeviceDataMgrTest" time="0.021" status="1" />
    <testcase name="IHEDeviceDataMgrCreatesNoDeviceDataInopOnAssignment" classname="Philips.PMP.Test.Auto.IheDeviceDataMgrTest" time="0.023" status="1" />
    <testcase name="IHEDeviceDataMgrMonitorOnlineOffline" classname="Philips.PMP.Test.Auto.IheDeviceDataMgrTest" time="0.015" status="1" />
    <testcase name="IHEDeviceDataMgrUpdatesAlerts" classname="Philips.PMP.Test.Auto.IheDeviceDataMgrTest" time="0.029" status="1" />
    <testcase name="IheDeviceDataMgrChecksMetricAndAlarmRegistration (False)" classname="Philips.PMP.Test.Auto.IheDeviceDataMgrTest" time="0.024" status="1" />
    <testcase name="IheDeviceDataMgrChecksMetricAndAlarmRegistration (True)" classname="Philips.PMP.Test.Auto.IheDeviceDataMgrTest" time="0.013" status="1" />
    <system-out />
    <system-err />
  </testsuite>
  <testsuite name="Philips.PMP.Test.Auto.Hl7TcpConnectionTest" hostname="RESTORMEL" package="not available" id="379" tests="11" failures="0" errors="0" skipped="0" time="0.869" timestamp="2023-12-13T03:29:55">
    <properties />
    <testcase name="Hl7TcpConnectionSend" classname="Philips.PMP.Test.Auto.Hl7TcpConnectionTest" time="0.013" status="1" />
    <testcase name="Hl7TcpConnectionConnectedSecure" classname="Philips.PMP.Test.Auto.Hl7TcpConnectionTest" time="0.006" status="1" />
    <testcase name="Hl7TcpConnectionClosed" classname="Philips.PMP.Test.Auto.Hl7TcpConnectionTest" time="0.126" status="1" />
    <testcase name="Hl7TcpConnectionSendFailOnWrite" classname="Philips.PMP.Test.Auto.Hl7TcpConnectionTest" time="0.003" status="1" />
    <testcase name="Hl7TcpConnectionSendSecure" classname="Philips.PMP.Test.Auto.Hl7TcpConnectionTest" time="0.005" status="1" />
    <testcase name="Hl7TcpConnectionConnected" classname="Philips.PMP.Test.Auto.Hl7TcpConnectionTest" time="0.521" status="1" />
    <testcase name="Hl7TcpConnectionAlreadyConnected" classname="Philips.PMP.Test.Auto.Hl7TcpConnectionTest" time="0.008" status="1" />
    <testcase name="Hl7TcpConnectionDispose" classname="Philips.PMP.Test.Auto.Hl7TcpConnectionTest" time="0.061" status="1" />
    <testcase name="Hl7TcpConnectionConnectedSecureFailure (False)" classname="Philips.PMP.Test.Auto.Hl7TcpConnectionTest" time="0.003" status="1" />
    <testcase name="Hl7TcpConnectionConnectedSecureFailure (True)" classname="Philips.PMP.Test.Auto.Hl7TcpConnectionTest" time="0.002" status="1" />
    <testcase name="Hl7TcpConnectionAckReceived" classname="Philips.PMP.Test.Auto.Hl7TcpConnectionTest" time="0.120" status="1" />
    <system-out />
    <system-err />
  </testsuite>
  <testsuite name="Philips.PMP.Test.Auto.PatientUnitCacheTest" hostname="RESTORMEL" package="not available" id="380" tests="3" failures="0" errors="0" skipped="0" time="0.028" timestamp="2023-12-13T03:29:48">
    <properties />
    <testcase name="PatientUnitCacheCanTransferPatient" classname="Philips.PMP.Test.Auto.PatientUnitCacheTest" time="0.009" status="1" />
    <testcase name="PatientUnitCaseInsensitiveClearCache" classname="Philips.PMP.Test.Auto.PatientUnitCacheTest" time="0.006" status="1" />
    <testcase name="PatientUnitCacheCanRemoveBed" classname="Philips.PMP.Test.Auto.PatientUnitCacheTest" time="0.013" status="1" />
    <system-out />
    <system-err />
  </testsuite>
  <testsuite name="Philips.PMP.Test.Auto.PatchFileFinderTest" hostname="RESTORMEL" package="not available" id="381" tests="6" failures="0" errors="0" skipped="0" time="0.015" timestamp="2023-12-13T03:29:59">
    <properties />
    <testcase name="GetPatchingExecutableVersionExTest (System.IO.FileInfo[],0.0.0.000,False)" classname="Philips.PMP.Test.Auto.PatchFileFinderTest" time="0.010" status="1" />
    <testcase name="GetPatchingExecutableVersionExTest (System.IO.FileInfo[],4.0.0.000,True)" classname="Philips.PMP.Test.Auto.PatchFileFinderTest" time="0.001" status="1" />
    <testcase name="GetPatchingExecutableVersionExTest (System.IO.FileInfo[],4.1.0.000,True)" classname="Philips.PMP.Test.Auto.PatchFileFinderTest" time="0.001" status="1" />
    <testcase name="GetPatchingExecutableVersionExTest (System.IO.FileInfo[],0.0.0.000,False)" classname="Philips.PMP.Test.Auto.PatchFileFinderTest" time="0.001" status="1" />
    <testcase name="GetPatchingExecutableVersionExTest (System.IO.FileInfo[],0.0.0.000,False)" classname="Philips.PMP.Test.Auto.PatchFileFinderTest" time="0.001" status="1" />
    <testcase name="GetPatchingExecutableVersionExTest (System.IO.FileInfo[],4.0.0.000,True)" classname="Philips.PMP.Test.Auto.PatchFileFinderTest" time="0.001" status="1" />
    <system-out />
    <system-err />
  </testsuite>
  <testsuite name="Philips.PMP.Test.Auto.FindPatientControlTest" hostname="RESTORMEL" package="not available" id="382" tests="18" failures="0" errors="0" skipped="0" time="0.403" timestamp="2023-12-13T03:30:22">
    <properties />
    <testcase name="FindPatientControlLeftJustifySearchCriteriaFields (LastName,Absolute,0,Absolute,0,Absolute,0)" classname="Philips.PMP.Test.Auto.FindPatientControlTest" time="0.017" status="1" />
    <testcase name="FindPatientControlLeftJustifySearchCriteriaFields (LifetimeId,AutoSize,0,Percent,50,Absolute,20)" classname="Philips.PMP.Test.Auto.FindPatientControlTest" time="0.014" status="1" />
    <testcase name="FindPatientSearchWithValue" classname="Philips.PMP.Test.Auto.FindPatientControlTest" time="0.046" status="1" />
    <testcase name="FindPatientGetPatientIdForSearch (Required,True)" classname="Philips.PMP.Test.Auto.FindPatientControlTest" time="0.024" status="1" />
    <testcase name="FindPatientGetPatientIdForSearch (Optional,True)" classname="Philips.PMP.Test.Auto.FindPatientControlTest" time="0.016" status="1" />
    <testcase name="FindPatientGetPatientIdForSearch (Required,False)" classname="Philips.PMP.Test.Auto.FindPatientControlTest" time="0.015" status="1" />
    <testcase name="FindPatientGetPatientIdForSearch (Optional,False)" classname="Philips.PMP.Test.Auto.FindPatientControlTest" time="0.015" status="1" />
    <testcase name="FindPatientSearchAllBlank" classname="Philips.PMP.Test.Auto.FindPatientControlTest" time="0.035" status="1" />
    <testcase name="FindPatientInitializeSearchFields (Required)" classname="Philips.PMP.Test.Auto.FindPatientControlTest" time="0.020" status="1" />
    <testcase name="FindPatientInitializeSearchFields (Optional)" classname="Philips.PMP.Test.Auto.FindPatientControlTest" time="0.015" status="1" />
    <testcase name="FindPatientSetColumnHeaders (0,0,MRN,Visit Number)" classname="Philips.PMP.Test.Auto.FindPatientControlTest" time="0.019" status="1" />
    <testcase name="FindPatientSetColumnHeaders (1,1,SSN,Account Number)" classname="Philips.PMP.Test.Auto.FindPatientControlTest" time="0.015" status="1" />
    <testcase name="FindPatientSetColumnHeaders (2,1,Military ID,Account Number)" classname="Philips.PMP.Test.Auto.FindPatientControlTest" time="0.015" status="1" />
    <testcase name="FindPatientSetColumnHeaders (3,1,Medicaid ID,Account Number)" classname="Philips.PMP.Test.Auto.FindPatientControlTest" time="0.015" status="1" />
    <testcase name="FindPatientSetColumnHeaders (4,1,Drivers License,Account Number)" classname="Philips.PMP.Test.Auto.FindPatientControlTest" time="0.021" status="1" />
    <testcase name="FindPatientShowOrHideColumnHeaders (Required,6)" classname="Philips.PMP.Test.Auto.FindPatientControlTest" time="0.043" status="1" />
    <testcase name="FindPatientShowOrHideColumnHeaders (Optional,6)" classname="Philips.PMP.Test.Auto.FindPatientControlTest" time="0.029" status="1" />
    <testcase name="FindPatientShowOrHideColumnHeaders (Hidden,3)" classname="Philips.PMP.Test.Auto.FindPatientControlTest" time="0.031" status="1" />
    <system-out />
    <system-err />
  </testsuite>
  <testsuite name="Philips.PMP.Test.Auto.UploadedDataDisplayHelperTest" hostname="RESTORMEL" package="not available" id="383" tests="7" failures="0" errors="0" skipped="0" time="0.014" timestamp="2023-12-13T03:35:55">
    <properties />
    <testcase name="GetDistinctToolTipIntervalsTest" classname="Philips.PMP.Test.Auto.UploadedDataDisplayHelperTest" time="0.002" status="1" />
    <testcase name="GetDistinctIntervalsTest" classname="Philips.PMP.Test.Auto.UploadedDataDisplayHelperTest" time="0.001" status="1" />
    <testcase name="GetUploadedDataTooltipTest" classname="Philips.PMP.Test.Auto.UploadedDataDisplayHelperTest" time="0.002" status="1" />
    <testcase name="GetVisibleWaveChunksTest" classname="Philips.PMP.Test.Auto.UploadedDataDisplayHelperTest" time="0.003" status="1" />
    <testcase name="GetUploadedWaveDataPeriodsTest" classname="Philips.PMP.Test.Auto.UploadedDataDisplayHelperTest" time="0.001" status="1" />
    <testcase name="GetVisibleNumericsTest" classname="Philips.PMP.Test.Auto.UploadedDataDisplayHelperTest" time="0.002" status="1" />
    <testcase name="GetUploadedNumericDataPeriodsTest" classname="Philips.PMP.Test.Auto.UploadedDataDisplayHelperTest" time="0.002" status="1" />
    <system-out />
    <system-err />
  </testsuite>
  <testsuite name="Philips.PMP.Test.Auto.ApplicationWindowControlTest" hostname="RESTORMEL" package="not available" id="384" tests="23" failures="0" errors="0" skipped="0" time="3.054" timestamp="2023-12-13T03:30:17">
    <properties />
    <testcase name="UpdatePatientNameLabelNoInstitutionTest" classname="Philips.PMP.Test.Auto.ApplicationWindowControlTest" time="0.357" status="1" />
    <testcase name="ApplicationWindowControlShouldProcessSectorAssignmentChanged (False,False,ChangeSector,False)" classname="Philips.PMP.Test.Auto.ApplicationWindowControlTest" time="0.051" status="1" />
    <testcase name="ApplicationWindowControlShouldProcessSectorAssignmentChanged (False,True,ChangeSector,False)" classname="Philips.PMP.Test.Auto.ApplicationWindowControlTest" time="0.055" status="1" />
    <testcase name="ApplicationWindowControlShouldProcessSectorAssignmentChanged (True,False,ChangeSector,False)" classname="Philips.PMP.Test.Auto.ApplicationWindowControlTest" time="0.050" status="1" />
    <testcase name="ApplicationWindowControlShouldProcessSectorAssignmentChanged (True,True,ChangeSector,True)" classname="Philips.PMP.Test.Auto.ApplicationWindowControlTest" time="0.056" status="1" />
    <testcase name="ApplicationWindowControlShouldProcessSectorAssignmentChanged (False,False,ClearSector,False)" classname="Philips.PMP.Test.Auto.ApplicationWindowControlTest" time="0.047" status="1" />
    <testcase name="ApplicationWindowControlShouldProcessSectorAssignmentChanged (False,True,ClearSector,False)" classname="Philips.PMP.Test.Auto.ApplicationWindowControlTest" time="0.063" status="1" />
    <testcase name="ApplicationWindowControlShouldProcessSectorAssignmentChanged (True,False,ClearSector,False)" classname="Philips.PMP.Test.Auto.ApplicationWindowControlTest" time="0.055" status="1" />
    <testcase name="ApplicationWindowControlShouldProcessSectorAssignmentChanged (True,True,ClearSector,True)" classname="Philips.PMP.Test.Auto.ApplicationWindowControlTest" time="0.058" status="1" />
    <testcase name="ApplicationWindowControlShouldProcessSectorAssignmentChanged (False,False,LockUnlockSector,False)" classname="Philips.PMP.Test.Auto.ApplicationWindowControlTest" time="0.054" status="1" />
    <testcase name="ApplicationWindowControlShouldProcessSectorAssignmentChanged (False,True,LockUnlockSector,False)" classname="Philips.PMP.Test.Auto.ApplicationWindowControlTest" time="0.061" status="1" />
    <testcase name="ApplicationWindowControlShouldProcessSectorAssignmentChanged (True,False,LockUnlockSector,False)" classname="Philips.PMP.Test.Auto.ApplicationWindowControlTest" time="0.056" status="1" />
    <testcase name="ApplicationWindowControlShouldProcessSectorAssignmentChanged (True,True,LockUnlockSector,True)" classname="Philips.PMP.Test.Auto.ApplicationWindowControlTest" time="0.057" status="1" />
    <testcase name="ApplicationWindowControlShouldProcessSectorAssignmentChanged (False,False,AssignSector,False)" classname="Philips.PMP.Test.Auto.ApplicationWindowControlTest" time="0.057" status="1" />
    <testcase name="ApplicationWindowControlShouldProcessSectorAssignmentChanged (False,True,AssignSector,True)" classname="Philips.PMP.Test.Auto.ApplicationWindowControlTest" time="0.059" status="1" />
    <testcase name="ApplicationWindowControlShouldProcessSectorAssignmentChanged (True,False,AssignSector,False)" classname="Philips.PMP.Test.Auto.ApplicationWindowControlTest" time="0.059" status="1" />
    <testcase name="ApplicationWindowControlShouldProcessSectorAssignmentChanged (True,True,AssignSector,True)" classname="Philips.PMP.Test.Auto.ApplicationWindowControlTest" time="0.055" status="1" />
    <testcase name="UpdateDishargedPatientNameLabelSingleInstitutionTest" classname="Philips.PMP.Test.Auto.ApplicationWindowControlTest" time="0.306" status="1" />
    <testcase name="UpdateNotAdmittedPatientNameLabelSingleInstitutionTest" classname="Philips.PMP.Test.Auto.ApplicationWindowControlTest" time="0.309" status="1" />
    <testcase name="UpdateTransportPatientNameLabelSingleInstitutionTest" classname="Philips.PMP.Test.Auto.ApplicationWindowControlTest" time="0.323" status="1" />
    <testcase name="UpdateMyPatientNameLabelMultiInstitutionTest" classname="Philips.PMP.Test.Auto.ApplicationWindowControlTest" time="0.353" status="1" />
    <testcase name="RunMPVTest" classname="Philips.PMP.Test.Auto.ApplicationWindowControlTest" time="0.172" status="1" />
    <testcase name="UpdateOtherPatientNameLabelMultiInstitutionTest" classname="Philips.PMP.Test.Auto.ApplicationWindowControlTest" time="0.340" status="1" />
    <system-out />
    <system-err />
  </testsuite>
  <testsuite name="Philips.PMP.Test.Auto.BaxterPrismaxTest" hostname="RESTORMEL" package="not available" id="385" tests="11" failures="0" errors="0" skipped="0" time="0.270" timestamp="2023-12-13T03:34:12">
    <properties />
    <testcase name="IntelliBridgeBaxterPrismaxMemGetAckStateTest" classname="Philips.PMP.Test.Auto.BaxterPrismaxTest" time="0.005" status="1" />
    <testcase name="BaxterPrismaxCheckAlertExistsTest (1614,True)" classname="Philips.PMP.Test.Auto.BaxterPrismaxTest" time="0.001" status="1" />
    <testcase name="BaxterPrismaxCheckAlertExistsTest (0,False)" classname="Philips.PMP.Test.Auto.BaxterPrismaxTest" time="0.000" status="1" />
    <testcase name="BaxterPrismaxDriverTest" classname="Philips.PMP.Test.Auto.BaxterPrismaxTest" time="0.038" status="1" />
    <testcase name="BaxterPrismaxExtractMessageTest" classname="Philips.PMP.Test.Auto.BaxterPrismaxTest" time="0.001" status="1" />
    <testcase name="IntelliBridgeLanDaBaxterProcessAlertTest" classname="Philips.PMP.Test.Auto.BaxterPrismaxTest" time="0.062" status="1" />
    <testcase name="BaxterPrismaxGetNumericInfoTest" classname="Philips.PMP.Test.Auto.BaxterPrismaxTest" time="0.001" status="1" />
    <testcase name="BaxterPrismaxDriverGetDevicesTest" classname="Philips.PMP.Test.Auto.BaxterPrismaxTest" time="0.041" status="1" />
    <testcase name="ShouldSendAckTest" classname="Philips.PMP.Test.Auto.BaxterPrismaxTest" time="0.002" status="1" />
    <testcase name="IntelliBridgeBaxterPrismaxProcessMemGetStateTest" classname="Philips.PMP.Test.Auto.BaxterPrismaxTest" time="0.082" status="1" />
    <testcase name="BaxterPrismaxDriverOnClientConnectedTest" classname="Philips.PMP.Test.Auto.BaxterPrismaxTest" time="0.037" status="1" />
    <system-out />
    <system-err />
  </testsuite>
  <testsuite name="Philips.CareEvent.Test.RingtoneProviderTests" hostname="RESTORMEL" package="not available" id="386" tests="8" failures="0" errors="0" skipped="0" time="0.155" timestamp="2023-12-13T03:28:16">
    <properties />
    <testcase name="RingtoneFileVerificationTest" classname="Philips.CareEvent.Test.RingtoneProviderTests" time="0.006" status="1" />
    <testcase name="RingtoneProviderGetAndDeleteTest" classname="Philips.CareEvent.Test.RingtoneProviderTests" time="0.016" status="1" />
    <testcase name="GetRawDataForCustomRingtoneDuringGetCall" classname="Philips.CareEvent.Test.RingtoneProviderTests" time="0.013" status="1" />
    <testcase name="RingtoneProviderLoadCustomRawDataTest (System.Byte[],Please wear a mask)" classname="Philips.CareEvent.Test.RingtoneProviderTests" time="0.014" status="1" />
    <testcase name="RingtoneProviderLoadCustomRawDataTest (System.Byte[],TestRingtone)" classname="Philips.CareEvent.Test.RingtoneProviderTests" time="0.008" status="1" />
    <testcase name="RingtoneProviderLoadFactoryRawDataTest" classname="Philips.CareEvent.Test.RingtoneProviderTests" time="0.003" status="1" />
    <testcase name="RingtoneProviderGetStoreTest" classname="Philips.CareEvent.Test.RingtoneProviderTests" time="0.081" status="1" />
    <testcase name="RingtoneProviderStoreTest" classname="Philips.CareEvent.Test.RingtoneProviderTests" time="0.015" status="1" />
    <system-out />
    <system-err />
  </testsuite>
  <testsuite name="Philips.CareEvent.Test.TapSettingsControlTest" hostname="RESTORMEL" package="not available" id="387" tests="1" failures="0" errors="0" skipped="0" time="0.018" timestamp="2023-12-13T03:28:27">
    <properties />
    <testcase name="ValidateAndSaveSettingsTest" classname="Philips.CareEvent.Test.TapSettingsControlTest" time="0.018" status="1" />
    <system-out />
    <system-err />
  </testsuite>
  <testsuite name="Philips.PMP.Test.Auto.MobileNumericConverterTest" hostname="RESTORMEL" package="not available" id="388" tests="7" failures="0" errors="0" skipped="0" time="0.077" timestamp="2023-12-13T03:30:46">
    <properties />
    <testcase name="MobileNumericConverterCanFormatColors" classname="Philips.PMP.Test.Auto.MobileNumericConverterTest" time="0.002" status="1" />
    <testcase name="MobileNumericConverterCreateSingleAttributesTest" classname="Philips.PMP.Test.Auto.MobileNumericConverterTest" time="0.002" status="1" />
    <testcase name="MobileNumericConverterCreateDefaultAttributesTest" classname="Philips.PMP.Test.Auto.MobileNumericConverterTest" time="0.005" status="1" />
    <testcase name="MobileNumericConverterEegMobileNumericValuesGetCorrectPhysioIdAndLabelTest" classname="Philips.PMP.Test.Auto.MobileNumericConverterTest" time="0.019" status="1" />
    <testcase name="UpdateAlarmOffTest" classname="Philips.PMP.Test.Auto.MobileNumericConverterTest" time="0.001" status="1" />
    <testcase name="MobileNumericConverterNumericValuesGetCorrectPhysioIdAndLabelTest" classname="Philips.PMP.Test.Auto.MobileNumericConverterTest" time="0.048" status="1" />
    <testcase name="MobileNumericConverterCreateMultipleAttributesTest" classname="Philips.PMP.Test.Auto.MobileNumericConverterTest" time="0.001" status="1" />
    <system-out />
    <system-err />
  </testsuite>
  <testsuite name="Philips.PMP.Test.Auto.InboundAdtPatientConfigQualifierTest" hostname="RESTORMEL" package="not available" id="389" tests="33" failures="0" errors="0" skipped="0" time="0.229" timestamp="2023-12-13T03:29:43">
    <properties />
    <testcase name="InboundAdtPatientConfigQualifierHasCorrectDescription" classname="Philips.PMP.Test.Auto.InboundAdtPatientConfigQualifierTest" time="0.001" status="1" />
    <testcase name="InboundAdtPatientConfigQualifierSingleUnitTest (Optional,Success)" classname="Philips.PMP.Test.Auto.InboundAdtPatientConfigQualifierTest" time="0.016" status="1" />
    <testcase name="InboundAdtPatientConfigQualifierSingleUnitTest (Required,Failure)" classname="Philips.PMP.Test.Auto.InboundAdtPatientConfigQualifierTest" time="0.004" status="1" />
    <testcase name="InboundAdtPatientConfigQualifierPicFacilityMissingInHif (My HIF Institution,Success,False)" classname="Philips.PMP.Test.Auto.InboundAdtPatientConfigQualifierTest" time="0.003" status="1" />
    <testcase name="InboundAdtPatientConfigQualifierPicFacilityMissingInHif (My Institution,Failure,True)" classname="Philips.PMP.Test.Auto.InboundAdtPatientConfigQualifierTest" time="0.002" status="1" />
    <testcase name="InboundAdtPatientConfigQualifierRequiredIds (Required,Required,MedicalRecordNumber,AccountNumber,Success)" classname="Philips.PMP.Test.Auto.InboundAdtPatientConfigQualifierTest" time="0.007" status="1" />
    <testcase name="InboundAdtPatientConfigQualifierRequiredIds (Required,Optional,MedicalRecordNumber,PatientInternalIdentifier,Success)" classname="Philips.PMP.Test.Auto.InboundAdtPatientConfigQualifierTest" time="0.001" status="1" />
    <testcase name="InboundAdtPatientConfigQualifierRequiredIds (Optional,Required,PatientInternalIdentifier,AccountNumber,Success)" classname="Philips.PMP.Test.Auto.InboundAdtPatientConfigQualifierTest" time="0.001" status="1" />
    <testcase name="InboundAdtPatientConfigQualifierRequiredIds (Optional,Optional,PatientInternalIdentifier,AccountNumber,Failure)" classname="Philips.PMP.Test.Auto.InboundAdtPatientConfigQualifierTest" time="0.003" status="1" />
    <testcase name="InboundAdtPatientConfigQualifierHasCorrectDisplayName" classname="Philips.PMP.Test.Auto.InboundAdtPatientConfigQualifierTest" time="0.009" status="1" />
    <testcase name="InboundAdtPatientConfigQualifierFailsWhenHifNotRunning" classname="Philips.PMP.Test.Auto.InboundAdtPatientConfigQualifierTest" time="0.065" status="1" />
    <testcase name="InboundAdtPatientConfigQualifierMultipleLifetimeIds (Required)" classname="Philips.PMP.Test.Auto.InboundAdtPatientConfigQualifierTest" time="0.003" status="1" />
    <testcase name="InboundAdtPatientConfigQualifierMultipleLifetimeIds (Optional)" classname="Philips.PMP.Test.Auto.InboundAdtPatientConfigQualifierTest" time="0.001" status="1" />
    <testcase name="InboundAdtPatientConfigQualifierDifferentEncounterId (AccountNumber,VisitNumber,Failure)" classname="Philips.PMP.Test.Auto.InboundAdtPatientConfigQualifierTest" time="0.010" status="1" />
    <testcase name="InboundAdtPatientConfigQualifierDifferentEncounterId (AccountNumber,AccountNumber,Success)" classname="Philips.PMP.Test.Auto.InboundAdtPatientConfigQualifierTest" time="0.001" status="1" />
    <testcase name="InboundAdtPatientConfigQualifierDifferentEncounterId (VisitNumber,Unknown,Failure)" classname="Philips.PMP.Test.Auto.InboundAdtPatientConfigQualifierTest" time="0.004" status="1" />
    <testcase name="InboundAdtPatientConfigQualifierDifferentEncounterId (VisitNumber,VisitNumber,Success)" classname="Philips.PMP.Test.Auto.InboundAdtPatientConfigQualifierTest" time="0.003" status="1" />
    <testcase name="InboundAdtPatientConfigQualifierMultipleHifFacilityMatch (My HIF Institution,Failure,True)" classname="Philips.PMP.Test.Auto.InboundAdtPatientConfigQualifierTest" time="0.001" status="1" />
    <testcase name="InboundAdtPatientConfigQualifierMultipleHifFacilityMatch (My Institution,Success,True)" classname="Philips.PMP.Test.Auto.InboundAdtPatientConfigQualifierTest" time="0.001" status="1" />
    <testcase name="InboundAdtPatientConfigQualifierMultipleHifFacilityMatch (My Institution,Failure,False)" classname="Philips.PMP.Test.Auto.InboundAdtPatientConfigQualifierTest" time="0.001" status="1" />
    <testcase name="InboundAdtPatientConfigQualifierHifFacilityMissingInPic" classname="Philips.PMP.Test.Auto.InboundAdtPatientConfigQualifierTest" time="0.023" status="1" />
    <testcase name="InboundAdtPatientConfigQualifierSingleLifetimeIds (Required,Success,MedicalRecordNumber)" classname="Philips.PMP.Test.Auto.InboundAdtPatientConfigQualifierTest" time="0.002" status="1" />
    <testcase name="InboundAdtPatientConfigQualifierSingleLifetimeIds (Optional,Failure,MedicalRecordNumber)" classname="Philips.PMP.Test.Auto.InboundAdtPatientConfigQualifierTest" time="0.001" status="1" />
    <testcase name="InboundAdtPatientConfigQualifierSingleLifetimeIds (Required,Failure,PatientInternalIdentifier)" classname="Philips.PMP.Test.Auto.InboundAdtPatientConfigQualifierTest" time="0.001" status="1" />
    <testcase name="InboundAdtPatientConfigQualifierSingleLifetimeIds (Optional,Success,PatientInternalIdentifier)" classname="Philips.PMP.Test.Auto.InboundAdtPatientConfigQualifierTest" time="0.001" status="1" />
    <testcase name="InboundAdtPatientConfigQualifierDifferentLifetimeId (DriversLicenseNumber,MRN,Failure)" classname="Philips.PMP.Test.Auto.InboundAdtPatientConfigQualifierTest" time="0.003" status="1" />
    <testcase name="InboundAdtPatientConfigQualifierDifferentLifetimeId (DriversLicenseNumber,DriversLicense,Success)" classname="Philips.PMP.Test.Auto.InboundAdtPatientConfigQualifierTest" time="0.001" status="1" />
    <testcase name="InboundAdtPatientConfigQualifierDifferentLifetimeId (SocialSecurityNumber,MRN,Failure)" classname="Philips.PMP.Test.Auto.InboundAdtPatientConfigQualifierTest" time="0.001" status="1" />
    <testcase name="InboundAdtPatientConfigQualifierDifferentLifetimeId (SocialSecurityNumber,SSN,Success)" classname="Philips.PMP.Test.Auto.InboundAdtPatientConfigQualifierTest" time="0.001" status="1" />
    <testcase name="InboundAdtPatientConfigQualifierDifferentLifetimeId (MedicalRecordNumber,MedicaidId,Failure)" classname="Philips.PMP.Test.Auto.InboundAdtPatientConfigQualifierTest" time="0.001" status="1" />
    <testcase name="InboundAdtPatientConfigQualifierDifferentLifetimeId (MedicalRecordNumber,MRN,Success)" classname="Philips.PMP.Test.Auto.InboundAdtPatientConfigQualifierTest" time="0.002" status="1" />
    <testcase name="InboundAdtPatientConfigQualifierNoFacilityInHif" classname="Philips.PMP.Test.Auto.InboundAdtPatientConfigQualifierTest" time="0.037" status="1" />
    <testcase name="InboundAdtPatientConfigQualifierPassesWhenNoDeviceConfigured" classname="Philips.PMP.Test.Auto.InboundAdtPatientConfigQualifierTest" time="0.017" status="1" />
    <system-out />
    <system-err />
  </testsuite>
  <testsuite name="Philips.CareEvent.Test.EventInputProviderTest" hostname="RESTORMEL" package="not available" id="390" tests="1" failures="0" errors="0" skipped="0" time="0.074" timestamp="2023-12-13T03:28:13">
    <properties />
    <testcase name="StoreInputSettings" classname="Philips.CareEvent.Test.EventInputProviderTest" time="0.074" status="1" />
    <system-out />
    <system-err />
  </testsuite>
  <testsuite name="Philips.PMP.Test.Auto.CameraSystemMgrTest" hostname="RESTORMEL" package="not available" id="391" tests="4" failures="0" errors="0" skipped="0" time="0.142" timestamp="2023-12-13T03:29:39">
    <properties />
    <testcase name="GetUrlWithUnkownBed" classname="Philips.PMP.Test.Auto.CameraSystemMgrTest" time="0.006" status="1" />
    <testcase name="GetUrlWithInvalidUser" classname="Philips.PMP.Test.Auto.CameraSystemMgrTest" time="0.003" status="1" />
    <testcase name="GetUrlWithValidUser" classname="Philips.PMP.Test.Auto.CameraSystemMgrTest" time="0.130" status="1" />
    <testcase name="GetUrlWithUnkownUnit" classname="Philips.PMP.Test.Auto.CameraSystemMgrTest" time="0.003" status="1" />
    <system-out />
    <system-err />
  </testsuite>
  <testsuite name="Philips.IX.UserManagement.Test.ProveIdWebApiConfigurationTest" hostname="RESTORMEL" package="not available" id="392" tests="2" failures="0" errors="0" skipped="0" time="0.325" timestamp="2023-12-13T03:39:03">
    <properties />
    <testcase name="GetRfIdeasConfigAsyncTest" classname="Philips.IX.UserManagement.Test.ProveIdWebApiConfigurationTest" time="0.009" status="1" />
    <testcase name="GetServersAsyncTest" classname="Philips.IX.UserManagement.Test.ProveIdWebApiConfigurationTest" time="0.316" status="1" />
    <system-out />
    <system-err />
  </testsuite>
  <testsuite name="Philips.PMP.Test.Auto.BedTransferTopologyMgrTest" hostname="RESTORMEL" package="not available" id="393" tests="4" failures="0" errors="0" skipped="0" time="0.132" timestamp="2023-12-13T03:29:38">
    <properties />
    <testcase name="BedTransferTopologyMgrCanGetUris" classname="Philips.PMP.Test.Auto.BedTransferTopologyMgrTest" time="0.004" status="1" />
    <testcase name="BedTransferTopologyMgrCanGetTransferProcessors (1)" classname="Philips.PMP.Test.Auto.BedTransferTopologyMgrTest" time="0.002" status="1" />
    <testcase name="BedTransferTopologyMgrCanGetTransferProcessors (2)" classname="Philips.PMP.Test.Auto.BedTransferTopologyMgrTest" time="0.001" status="1" />
    <testcase name="BedTransferTopologyMgrCanExcludeItself" classname="Philips.PMP.Test.Auto.BedTransferTopologyMgrTest" time="0.125" status="1" />
    <system-out />
    <system-err />
  </testsuite>
  <testsuite name="Philips.PMP.Test.Auto.MulticastZoneRuleHelperTest" hostname="RESTORMEL" package="not available" id="394" tests="18" failures="0" errors="0" skipped="0" time="0.189" timestamp="2023-12-13T03:29:48">
    <properties />
    <testcase name="MulticastZoneRuleHelperCanMoveHostSameMulticastZoneTest" classname="Philips.PMP.Test.Auto.MulticastZoneRuleHelperTest" time="0.008" status="1" />
    <testcase name="MulticastZoneRuleHelperCanRemoveTheLastHostTest" classname="Philips.PMP.Test.Auto.MulticastZoneRuleHelperTest" time="0.010" status="1" />
    <testcase name="MulticastZoneRuleHelperHasNoActiveMasterTest" classname="Philips.PMP.Test.Auto.MulticastZoneRuleHelperTest" time="0.002" status="1" />
    <testcase name="MulticastZoneRuleHelperCanMoveUnitTest2 (False,False,False,True,False)" classname="Philips.PMP.Test.Auto.MulticastZoneRuleHelperTest" time="0.010" status="1" />
    <testcase name="MulticastZoneRuleHelperCanMoveUnitTest2 (True,True,False,True,True)" classname="Philips.PMP.Test.Auto.MulticastZoneRuleHelperTest" time="0.013" status="1" />
    <testcase name="MulticastZoneRuleHelperCanMoveUnitTest2 (True,True,True,False,False)" classname="Philips.PMP.Test.Auto.MulticastZoneRuleHelperTest" time="0.009" status="1" />
    <testcase name="MulticastZoneRuleHelperCanMoveHostDifferentMulticastZoneTest" classname="Philips.PMP.Test.Auto.MulticastZoneRuleHelperTest" time="0.007" status="1" />
    <testcase name="MulticastZoneRuleHelperCanMoveUnitTest1" classname="Philips.PMP.Test.Auto.MulticastZoneRuleHelperTest" time="0.017" status="1" />
    <testcase name="MulticastZoneRuleHelperVerifyTest (0)" classname="Philips.PMP.Test.Auto.MulticastZoneRuleHelperTest" time="0.027" status="1" />
    <testcase name="MulticastZoneRuleHelperVerifyTest (1)" classname="Philips.PMP.Test.Auto.MulticastZoneRuleHelperTest" time="0.001" status="1" />
    <testcase name="MulticastZoneRuleHelperVerifyTest (2)" classname="Philips.PMP.Test.Auto.MulticastZoneRuleHelperTest" time="0.001" status="1" />
    <testcase name="MulticastZoneRuleHelperVerifyTest (3)" classname="Philips.PMP.Test.Auto.MulticastZoneRuleHelperTest" time="0.001" status="1" />
    <testcase name="MulticastZoneRuleHelperCanRemoveHostBlockedTest (False)" classname="Philips.PMP.Test.Auto.MulticastZoneRuleHelperTest" time="0.006" status="1" />
    <testcase name="MulticastZoneRuleHelperCanRemoveHostBlockedTest (True)" classname="Philips.PMP.Test.Auto.MulticastZoneRuleHelperTest" time="0.005" status="1" />
    <testcase name="MulticastZoneRuleHelperCanBlockTest (False,False,False)" classname="Philips.PMP.Test.Auto.MulticastZoneRuleHelperTest" time="0.039" status="1" />
    <testcase name="MulticastZoneRuleHelperCanBlockTest (True,False,False)" classname="Philips.PMP.Test.Auto.MulticastZoneRuleHelperTest" time="0.005" status="1" />
    <testcase name="MulticastZoneRuleHelperCanBlockTest (False,True,False)" classname="Philips.PMP.Test.Auto.MulticastZoneRuleHelperTest" time="0.003" status="1" />
    <testcase name="MulticastZoneRuleHelperCanBlockTest (False,False,True)" classname="Philips.PMP.Test.Auto.MulticastZoneRuleHelperTest" time="0.024" status="1" />
    <system-out />
    <system-err />
  </testsuite>
  <testsuite name="Philips.PMP.Test.Auto.PhysioDataSubscriptionTest" hostname="RESTORMEL" package="not available" id="395" tests="3" failures="0" errors="0" skipped="0" time="0.012" timestamp="2023-12-13T03:35:51">
    <properties />
    <testcase name="AllEcgWavesWorksWithRepositoryTest" classname="Philips.PMP.Test.Auto.PhysioDataSubscriptionTest" time="0.011" status="1" />
    <testcase name="AllEcgWavesWorksWithAnalysisTest" classname="Philips.PMP.Test.Auto.PhysioDataSubscriptionTest" time="0.001" status="1" />
    <testcase name="AllEcgWavesTriggersWantsWaveDataTest" classname="Philips.PMP.Test.Auto.PhysioDataSubscriptionTest" time="0.001" status="1" />
    <system-out />
    <system-err />
  </testsuite>
  <testsuite name="Philips.CareEvent.Test.CareTouchCommunicatorTests" hostname="RESTORMEL" package="not available" id="396" tests="28" failures="0" errors="0" skipped="0" time="0.267" timestamp="2023-12-13T03:28:20">
    <properties />
    <testcase name="ProcessGenericRequestShouldCallProcessTopologyResponse" classname="Philips.CareEvent.Test.CareTouchCommunicatorTests" time="0.008" status="1" />
    <testcase name="ProcessSettingsRequestShouldNotSaveInvalidPushToken" classname="Philips.CareEvent.Test.CareTouchCommunicatorTests" time="0.007" status="1" />
    <testcase name="ProcessSettingsRequestShouldProcessGlobalSettingsForExistingPhones" classname="Philips.CareEvent.Test.CareTouchCommunicatorTests" time="0.007" status="1" />
    <testcase name="EventMessagesChangePasswordRequestPass" classname="Philips.CareEvent.Test.CareTouchCommunicatorTests" time="0.008" status="1" />
    <testcase name="ProcessStaffAssignmentClearRequestShouldCallEnqueueResponse" classname="Philips.CareEvent.Test.CareTouchCommunicatorTests" time="0.007" status="1" />
    <testcase name="ProcessSettingsRequestVerifyUpdateDeviceExecution" classname="Philips.CareEvent.Test.CareTouchCommunicatorTests" time="0.008" status="1" />
    <testcase name="ProcessDeviceSettingsRequestShouldNotProcessForInvalidDevice" classname="Philips.CareEvent.Test.CareTouchCommunicatorTests" time="0.012" status="1" />
    <testcase name="DevicePhoneNumberShouldBeUpdatedWithUserPhoneNumberIfItExists" classname="Philips.CareEvent.Test.CareTouchCommunicatorTests" time="0.007" status="1" />
    <testcase name="ProcessLocationSettingsGetRequestShouldCallEnqueueResponse" classname="Philips.CareEvent.Test.CareTouchCommunicatorTests" time="0.010" status="1" />
    <testcase name="ProcessGenericRequestShouldCallProcessBedInfoResponse" classname="Philips.CareEvent.Test.CareTouchCommunicatorTests" time="0.007" status="1" />
    <testcase name="ProcessEventStatusUpdateShouldNotCallEnqueueResponse" classname="Philips.CareEvent.Test.CareTouchCommunicatorTests" time="0.008" status="1" />
    <testcase name="PatientEventsRequestShouldEnqueueCorrectResult (Unknown,False,False)" classname="Philips.CareEvent.Test.CareTouchCommunicatorTests" time="0.024" status="1" />
    <testcase name="PatientEventsRequestShouldEnqueueCorrectResult (PermissionError,True,False)" classname="Philips.CareEvent.Test.CareTouchCommunicatorTests" time="0.008" status="1" />
    <testcase name="PatientEventsRequestShouldEnqueueCorrectResult (Success,True,True)" classname="Philips.CareEvent.Test.CareTouchCommunicatorTests" time="0.008" status="1" />
    <testcase name="ProcessSettingsRequest (Global,0)" classname="Philips.CareEvent.Test.CareTouchCommunicatorTests" time="0.022" status="1" />
    <testcase name="ProcessSettingsRequest (DeviceSettings,5)" classname="Philips.CareEvent.Test.CareTouchCommunicatorTests" time="0.011" status="1" />
    <testcase name="ProcessSettingsRequest (UpdateSettings,5)" classname="Philips.CareEvent.Test.CareTouchCommunicatorTests" time="0.007" status="1" />
    <testcase name="ProcessStaffAssignmentUpdateRequestShouldCallEnqueueResponse" classname="Philips.CareEvent.Test.CareTouchCommunicatorTests" time="0.008" status="1" />
    <testcase name="ProcessSettingsRequestShouldProcessUpdateSettingsForInvalidDevice (DeviceSettings)" classname="Philips.CareEvent.Test.CareTouchCommunicatorTests" time="0.006" status="1" />
    <testcase name="ProcessSettingsRequestShouldProcessUpdateSettingsForInvalidDevice (UpdateSettings)" classname="Philips.CareEvent.Test.CareTouchCommunicatorTests" time="0.006" status="1" />
    <testcase name="ProcessEventStatusUpdateRequestShouldCallEnqueueResponse (True)" classname="Philips.CareEvent.Test.CareTouchCommunicatorTests" time="0.016" status="1" />
    <testcase name="ProcessEventStatusUpdateRequestShouldCallEnqueueResponse (False)" classname="Philips.CareEvent.Test.CareTouchCommunicatorTests" time="0.007" status="1" />
    <testcase name="GetUserAssignmentsShouldReturnExpectedResponse (0)" classname="Philips.CareEvent.Test.CareTouchCommunicatorTests" time="0.008" status="1" />
    <testcase name="GetUserAssignmentsShouldReturnExpectedResponse (1)" classname="Philips.CareEvent.Test.CareTouchCommunicatorTests" time="0.007" status="1" />
    <testcase name="EventMessagesChangePasswordRequestFailures" classname="Philips.CareEvent.Test.CareTouchCommunicatorTests" time="0.014" status="1" />
    <testcase name="ProcessNeolookVideoGetRequestShouldCallEnqueueResponse" classname="Philips.CareEvent.Test.CareTouchCommunicatorTests" time="0.008" status="1" />
    <testcase name="CreateEventInfoForReportsShouldCreateEvent" classname="Philips.CareEvent.Test.CareTouchCommunicatorTests" time="0.010" status="1" />
    <testcase name="ProcessGenericRequestShouldCallProcessUnitInfoResponse" classname="Philips.CareEvent.Test.CareTouchCommunicatorTests" time="0.008" status="1" />
    <system-out />
    <system-err />
  </testsuite>
  <testsuite name="Philips.PMP.Test.Auto.EventRolesProviderTest" hostname="RESTORMEL" package="not available" id="397" tests="13" failures="0" errors="0" skipped="0" time="2.028" timestamp="2023-12-13T03:33:51">
    <properties />
    <testcase name="UpdateEventRoleSettingIsValid" classname="Philips.PMP.Test.Auto.EventRolesProviderTest" time="0.023" status="1" />
    <testcase name="CopySettingsShouldDeleteOldCustomizationTest" classname="Philips.PMP.Test.Auto.EventRolesProviderTest" time="0.279" status="1" />
    <testcase name="LoadCacheForAllUnits" classname="Philips.PMP.Test.Auto.EventRolesProviderTest" time="0.256" status="1" />
    <testcase name="GetEventRolesInSettingsTextHelperCorrectEventRoles" classname="Philips.PMP.Test.Auto.EventRolesProviderTest" time="0.010" status="1" />
    <testcase name="EventRolesCopyRoles" classname="Philips.PMP.Test.Auto.EventRolesProviderTest" time="0.288" status="1" />
    <testcase name="GetAssignedRolesMustLookupForCategoryToNotificationRolesAssignment" classname="Philips.PMP.Test.Auto.EventRolesProviderTest" time="0.015" status="1" />
    <testcase name="AddFactoryDefaultsDuringResetWhenNotificationRolesAreRemovedAndAddedBack" classname="Philips.PMP.Test.Auto.EventRolesProviderTest" time="0.260" status="1" />
    <testcase name="EventRolesFactoryReset" classname="Philips.PMP.Test.Auto.EventRolesProviderTest" time="0.307" status="1" />
    <testcase name="StoreEventRoleSettingMustFailIfRoleBehaviorSettingDoesNotExist" classname="Philips.PMP.Test.Auto.EventRolesProviderTest" time="0.292" status="1" />
    <testcase name="RemoveChangesMadeToNurseRoleForCaregiversPatientDuringFactoryReset" classname="Philips.PMP.Test.Auto.EventRolesProviderTest" time="0.268" status="1" />
    <testcase name="LookupRolesFindsRightRoles" classname="Philips.PMP.Test.Auto.EventRolesProviderTest" time="0.015" status="1" />
    <testcase name="GetAllNotificationRoleIsValid" classname="Philips.PMP.Test.Auto.EventRolesProviderTest" time="0.008" status="1" />
    <testcase name="GetEventRoleByUnitIsValid" classname="Philips.PMP.Test.Auto.EventRolesProviderTest" time="0.007" status="1" />
    <system-out />
    <system-err />
  </testsuite>
  <testsuite name="Philips.PMP.Test.Auto.WaveAnnotationHelperTest" hostname="RESTORMEL" package="not available" id="398" tests="7" failures="0" errors="0" skipped="0" time="0.160" timestamp="2023-12-13T03:37:01">
    <properties />
    <testcase name="RetrieveAnnotationStarAnnotsShouldNotCreateBeatAnnoatations" classname="Philips.PMP.Test.Auto.WaveAnnotationHelperTest" time="0.001" status="1" />
    <testcase name="CalculateWaveAnnotationsInvalidThreshold" classname="Philips.PMP.Test.Auto.WaveAnnotationHelperTest" time="0.004" status="1" />
    <testcase name="PrepareAndSendWavesEmptyDictionary" classname="Philips.PMP.Test.Auto.WaveAnnotationHelperTest" time="0.095" status="1" />
    <testcase name="InitializeStarVerifyStarMethodsAreInvoked" classname="Philips.PMP.Test.Auto.WaveAnnotationHelperTest" time="0.051" status="1" />
    <testcase name="SetupStarWaveValidateProperties" classname="Philips.PMP.Test.Auto.WaveAnnotationHelperTest" time="0.001" status="1" />
    <testcase name="RetrieveAnnotationsEnumerationProperties" classname="Philips.PMP.Test.Auto.WaveAnnotationHelperTest" time="0.004" status="1" />
    <testcase name="CalculateWaveAnnotationsInvalidPhysioData" classname="Philips.PMP.Test.Auto.WaveAnnotationHelperTest" time="0.003" status="1" />
    <system-out />
    <system-err />
  </testsuite>
  <testsuite name="Philips.PMP.Test.Auto.AlertNotificationQualifierTest" hostname="RESTORMEL" package="not available" id="399" tests="1" failures="0" errors="0" skipped="0" time="0.212" timestamp="2023-12-13T03:29:42">
    <properties />
    <testcase name="ExecuteOnOverviewHostTest" classname="Philips.PMP.Test.Auto.AlertNotificationQualifierTest" time="0.212" status="1" />
    <system-out />
    <system-err />
  </testsuite>
  <testsuite name="Philips.PMP.Test.Auto.SectorSetupCommonControlTest" hostname="RESTORMEL" package="not available" id="400" tests="3" failures="0" errors="0" skipped="0" time="0.162" timestamp="2023-12-13T03:30:31">
    <properties />
    <testcase name="AuthorizationTest" classname="Philips.PMP.Test.Auto.SectorSetupCommonControlTest" time="0.053" status="1" />
    <testcase name="SectorSetupCommonControlPubSubHandling" classname="Philips.PMP.Test.Auto.SectorSetupCommonControlTest" time="0.053" status="1" />
    <testcase name="SaveWillDetermineUnassignedLinkMode" classname="Philips.PMP.Test.Auto.SectorSetupCommonControlTest" time="0.056" status="1" />
    <system-out />
    <system-err />
  </testsuite>
  <testsuite name="Philips.PMP.Test.Auto.DxEcgTypeConverterTest" hostname="RESTORMEL" package="not available" id="401" tests="47" failures="0" errors="0" skipped="0" time="0.254" timestamp="2023-12-13T03:29:53">
    <properties />
    <testcase name="GetAlgorithmsCoversAllSupportedAlgorithms" classname="Philips.PMP.Test.Auto.DxEcgTypeConverterTest" time="0.037" status="1" />
    <testcase name="GetAlgorithmsCoversAllSupportedLanguages" classname="Philips.PMP.Test.Auto.DxEcgTypeConverterTest" time="0.006" status="1" />
    <testcase name="PopulateDxlMeasurementsTest" classname="Philips.PMP.Test.Auto.DxEcgTypeConverterTest" time="0.023" status="1" />
    <testcase name="GetLanguageDllPathTesting (Ecg12Lead\Ascent\CHS0Cecl.dll,zh-CN,Ascent)" classname="Philips.PMP.Test.Auto.DxEcgTypeConverterTest" time="0.012" status="1" />
    <testcase name="GetLanguageDllPathTesting (Ecg12Lead\Ascent\DAU0Cecl.dll,da-DK,Ascent)" classname="Philips.PMP.Test.Auto.DxEcgTypeConverterTest" time="0.005" status="1" />
    <testcase name="GetLanguageDllPathTesting (Ecg12Lead\Ascent\DEU0Cecl.dll,de-DE,Ascent)" classname="Philips.PMP.Test.Auto.DxEcgTypeConverterTest" time="0.003" status="1" />
    <testcase name="GetLanguageDllPathTesting (Ecg12Lead\Ascent\ENU0Cecl.dll,en-US,Ascent)" classname="Philips.PMP.Test.Auto.DxEcgTypeConverterTest" time="0.001" status="1" />
    <testcase name="GetLanguageDllPathTesting (Ecg12Lead\Ascent\ENZ0Cecl.dll,en-ZW,Ascent)" classname="Philips.PMP.Test.Auto.DxEcgTypeConverterTest" time="0.001" status="1" />
    <testcase name="GetLanguageDllPathTesting (Ecg12Lead\Ascent\ESP0Cecl.dll,es-ES,Ascent)" classname="Philips.PMP.Test.Auto.DxEcgTypeConverterTest" time="0.008" status="1" />
    <testcase name="GetLanguageDllPathTesting (Ecg12Lead\Ascent\FIN0Cecl.dll,fi-FI,Ascent)" classname="Philips.PMP.Test.Auto.DxEcgTypeConverterTest" time="0.007" status="1" />
    <testcase name="GetLanguageDllPathTesting (Ecg12Lead\Ascent\FRA0Cecl.dll,fr-FR,Ascent)" classname="Philips.PMP.Test.Auto.DxEcgTypeConverterTest" time="0.019" status="1" />
    <testcase name="GetLanguageDllPathTesting (Ecg12Lead\Ascent\ITA0Cecl.dll,it-IT,Ascent)" classname="Philips.PMP.Test.Auto.DxEcgTypeConverterTest" time="0.014" status="1" />
    <testcase name="GetLanguageDllPathTesting (Ecg12Lead\Ascent\JPN0Cecl.dll,ja-JP,Ascent)" classname="Philips.PMP.Test.Auto.DxEcgTypeConverterTest" time="0.011" status="1" />
    <testcase name="GetLanguageDllPathTesting (Ecg12Lead\Ascent\NLD0Cecl.dll,nl-NL,Ascent)" classname="Philips.PMP.Test.Auto.DxEcgTypeConverterTest" time="0.011" status="1" />
    <testcase name="GetLanguageDllPathTesting (Ecg12Lead\Ascent\NOR0Cecl.dll,nb-NO,Ascent)" classname="Philips.PMP.Test.Auto.DxEcgTypeConverterTest" time="0.010" status="1" />
    <testcase name="GetLanguageDllPathTesting (Ecg12Lead\Ascent\PTG0Cecl.dll,pt-BR,Ascent)" classname="Philips.PMP.Test.Auto.DxEcgTypeConverterTest" time="0.001" status="1" />
    <testcase name="GetLanguageDllPathTesting (Ecg12Lead\Ascent\RUS0Cecl.dll,ru-RU,Ascent)" classname="Philips.PMP.Test.Auto.DxEcgTypeConverterTest" time="0.014" status="1" />
    <testcase name="GetLanguageDllPathTesting (Ecg12Lead\Ascent\SVE0Cecl.dll,sv-SE,Ascent)" classname="Philips.PMP.Test.Auto.DxEcgTypeConverterTest" time="0.010" status="1" />
    <testcase name="GetLanguageDllPathTesting (Ecg12Lead\Ascent\ENU0Cecl.dll,cs-CZ,Ascent)" classname="Philips.PMP.Test.Auto.DxEcgTypeConverterTest" time="0.001" status="1" />
    <testcase name="GetLanguageDllPathTesting (Ecg12Lead\Ascent\ENU0Cecl.dll,el-GR,Ascent)" classname="Philips.PMP.Test.Auto.DxEcgTypeConverterTest" time="0.001" status="1" />
    <testcase name="GetLanguageDllPathTesting (Ecg12Lead\Ascent\ENU0Cecl.dll,hu-HU,Ascent)" classname="Philips.PMP.Test.Auto.DxEcgTypeConverterTest" time="0.001" status="1" />
    <testcase name="GetLanguageDllPathTesting (Ecg12Lead\Ascent\ENU0Cecl.dll,ro-RO,Ascent)" classname="Philips.PMP.Test.Auto.DxEcgTypeConverterTest" time="0.001" status="1" />
    <testcase name="GetLanguageDllPathTesting (Ecg12Lead\Ascent\ENU0Cecl.dll,tr-TR,Ascent)" classname="Philips.PMP.Test.Auto.DxEcgTypeConverterTest" time="0.001" status="1" />
    <testcase name="GetLanguageDllPathTesting (Ecg12Lead\Ascent\ENU0Cecl.dll,zh-TW,Ascent)" classname="Philips.PMP.Test.Auto.DxEcgTypeConverterTest" time="0.003" status="1" />
    <testcase name="GetLanguageDllPathTesting (Ecg12Lead\Ascent\ENU0Cecl.dll,pl-PL,Ascent)" classname="Philips.PMP.Test.Auto.DxEcgTypeConverterTest" time="0.001" status="1" />
    <testcase name="GetLanguageDllPathTesting (Ecg12Lead\Sedici\CHS0Becl.dll,zh-CN,Sedici)" classname="Philips.PMP.Test.Auto.DxEcgTypeConverterTest" time="0.001" status="1" />
    <testcase name="GetLanguageDllPathTesting (Ecg12Lead\Sedici\DAU0Becl.dll,da-DK,Sedici)" classname="Philips.PMP.Test.Auto.DxEcgTypeConverterTest" time="0.001" status="1" />
    <testcase name="GetLanguageDllPathTesting (Ecg12Lead\Sedici\DEU0Becl.dll,de-DE,Sedici)" classname="Philips.PMP.Test.Auto.DxEcgTypeConverterTest" time="0.001" status="1" />
    <testcase name="GetLanguageDllPathTesting (Ecg12Lead\Sedici\ENU0Becl.dll,en-US,Sedici)" classname="Philips.PMP.Test.Auto.DxEcgTypeConverterTest" time="0.001" status="1" />
    <testcase name="GetLanguageDllPathTesting (Ecg12Lead\Sedici\ENZ0Becl.dll,en-ZW,Sedici)" classname="Philips.PMP.Test.Auto.DxEcgTypeConverterTest" time="0.001" status="1" />
    <testcase name="GetLanguageDllPathTesting (Ecg12Lead\Sedici\ESP0Becl.dll,es-ES,Sedici)" classname="Philips.PMP.Test.Auto.DxEcgTypeConverterTest" time="0.001" status="1" />
    <testcase name="GetLanguageDllPathTesting (Ecg12Lead\Sedici\FIN0Becl.dll,fi-FI,Sedici)" classname="Philips.PMP.Test.Auto.DxEcgTypeConverterTest" time="0.001" status="1" />
    <testcase name="GetLanguageDllPathTesting (Ecg12Lead\Sedici\FRA0Becl.dll,fr-FR,Sedici)" classname="Philips.PMP.Test.Auto.DxEcgTypeConverterTest" time="0.001" status="1" />
    <testcase name="GetLanguageDllPathTesting (Ecg12Lead\Sedici\ITA0Becl.dll,it-IT,Sedici)" classname="Philips.PMP.Test.Auto.DxEcgTypeConverterTest" time="0.001" status="1" />
    <testcase name="GetLanguageDllPathTesting (Ecg12Lead\Sedici\JPN0Becl.dll,ja-JP,Sedici)" classname="Philips.PMP.Test.Auto.DxEcgTypeConverterTest" time="0.003" status="1" />
    <testcase name="GetLanguageDllPathTesting (Ecg12Lead\Sedici\NLD0Becl.dll,nl-NL,Sedici)" classname="Philips.PMP.Test.Auto.DxEcgTypeConverterTest" time="0.002" status="1" />
    <testcase name="GetLanguageDllPathTesting (Ecg12Lead\Sedici\NOR0Becl.dll,nb-NO,Sedici)" classname="Philips.PMP.Test.Auto.DxEcgTypeConverterTest" time="0.004" status="1" />
    <testcase name="GetLanguageDllPathTesting (Ecg12Lead\Sedici\PTG0Becl.dll,pt-BR,Sedici)" classname="Philips.PMP.Test.Auto.DxEcgTypeConverterTest" time="0.017" status="1" />
    <testcase name="GetLanguageDllPathTesting (Ecg12Lead\Sedici\RUS0Becl.dll,ru-RU,Sedici)" classname="Philips.PMP.Test.Auto.DxEcgTypeConverterTest" time="0.001" status="1" />
    <testcase name="GetLanguageDllPathTesting (Ecg12Lead\Sedici\SVE0Becl.dll,sv-SE,Sedici)" classname="Philips.PMP.Test.Auto.DxEcgTypeConverterTest" time="0.013" status="1" />
    <testcase name="GetLanguageDllPathTesting (Ecg12Lead\Sedici\ENU0Becl.dll,cs-CZ,Sedici)" classname="Philips.PMP.Test.Auto.DxEcgTypeConverterTest" time="0.001" status="1" />
    <testcase name="GetLanguageDllPathTesting (Ecg12Lead\Sedici\ENU0Becl.dll,el-GR,Sedici)" classname="Philips.PMP.Test.Auto.DxEcgTypeConverterTest" time="0.002" status="1" />
    <testcase name="GetLanguageDllPathTesting (Ecg12Lead\Sedici\ENU0Becl.dll,hu-HU,Sedici)" classname="Philips.PMP.Test.Auto.DxEcgTypeConverterTest" time="0.001" status="1" />
    <testcase name="GetLanguageDllPathTesting (Ecg12Lead\Sedici\ENU0Becl.dll,ro-RO,Sedici)" classname="Philips.PMP.Test.Auto.DxEcgTypeConverterTest" time="0.002" status="1" />
    <testcase name="GetLanguageDllPathTesting (Ecg12Lead\Sedici\ENU0Becl.dll,tr-TR,Sedici)" classname="Philips.PMP.Test.Auto.DxEcgTypeConverterTest" time="0.001" status="1" />
    <testcase name="GetLanguageDllPathTesting (Ecg12Lead\Sedici\ENU0Becl.dll,zh-TW,Sedici)" classname="Philips.PMP.Test.Auto.DxEcgTypeConverterTest" time="0.002" status="1" />
    <testcase name="GetLanguageDllPathTesting (Ecg12Lead\Sedici\ENU0Becl.dll,pl-PL,Sedici)" classname="Philips.PMP.Test.Auto.DxEcgTypeConverterTest" time="0.001" status="1" />
    <system-out />
    <system-err />
  </testsuite>
  <testsuite name="Philips.PMP.Test.Auto.MyHostPerPatientHandlerTest" hostname="RESTORMEL" package="not available" id="402" tests="6" failures="0" errors="0" skipped="0" time="0.206" timestamp="2023-12-13T03:34:44">
    <properties />
    <testcase name="MyHostPerPatientHandlerEquipmentChange" classname="Philips.PMP.Test.Auto.MyHostPerPatientHandlerTest" time="0.005" status="1" />
    <testcase name="MyHostPerPatientHandlerIdentityChange" classname="Philips.PMP.Test.Auto.MyHostPerPatientHandlerTest" time="0.050" status="1" />
    <testcase name="MyHostPerPatientHandlerDispose" classname="Philips.PMP.Test.Auto.MyHostPerPatientHandlerTest" time="0.001" status="1" />
    <testcase name="MyHostPerPatientHandlerStop" classname="Philips.PMP.Test.Auto.MyHostPerPatientHandlerTest" time="0.002" status="1" />
    <testcase name="MyHostPerPatientHandlerStart" classname="Philips.PMP.Test.Auto.MyHostPerPatientHandlerTest" time="0.139" status="1" />
    <testcase name="MyHostPerPatientHandlerAssignmentChange" classname="Philips.PMP.Test.Auto.MyHostPerPatientHandlerTest" time="0.009" status="1" />
    <system-out />
    <system-err />
  </testsuite>
  <testsuite name="Philips.PMP.Test.Auto.MedianCalculatorTest" hostname="RESTORMEL" package="not available" id="403" tests="21" failures="0" errors="0" skipped="0" time="0.209" timestamp="2023-12-13T03:35:04">
    <properties />
    <testcase name="MedianCalculatorTimeChangesTest" classname="Philips.PMP.Test.Auto.MedianCalculatorTest" time="0.007" status="1" />
    <testcase name="TripleOrderingStableTest" classname="Philips.PMP.Test.Auto.MedianCalculatorTest" time="0.024" status="1" />
    <testcase name="PartialAvailableTest (TwelveSeconds)" classname="Philips.PMP.Test.Auto.MedianCalculatorTest" time="0.007" status="1" />
    <testcase name="PartialAvailableTest (SixtySeconds)" classname="Philips.PMP.Test.Auto.MedianCalculatorTest" time="0.007" status="1" />
    <testcase name="PartialAvailableTest (ThreeHundredSeconds)" classname="Philips.PMP.Test.Auto.MedianCalculatorTest" time="0.005" status="1" />
    <testcase name="MedianEndDataTest" classname="Philips.PMP.Test.Auto.MedianCalculatorTest" time="0.008" status="1" />
    <testcase name="NoMedianAvailableTest" classname="Philips.PMP.Test.Auto.MedianCalculatorTest" time="0.007" status="1" />
    <testcase name="Retrieve60SecondMedianTest" classname="Philips.PMP.Test.Auto.MedianCalculatorTest" time="0.005" status="1" />
    <testcase name="NumericMedianCalculatorCanHandleDataPastEndOfPrettyTimes" classname="Philips.PMP.Test.Auto.MedianCalculatorTest" time="0.009" status="1" />
    <testcase name="NumericMedianCalculatorVerifyNoMedianPossibleForSysOnlyPressure" classname="Philips.PMP.Test.Auto.MedianCalculatorTest" time="0.022" status="1" />
    <testcase name="UnitTextIdChangePropagationTest" classname="Philips.PMP.Test.Auto.MedianCalculatorTest" time="0.005" status="1" />
    <testcase name="RetrieveEmptyMedianTest (TwelveSeconds)" classname="Philips.PMP.Test.Auto.MedianCalculatorTest" time="0.005" status="1" />
    <testcase name="RetrieveEmptyMedianTest (SixtySeconds)" classname="Philips.PMP.Test.Auto.MedianCalculatorTest" time="0.005" status="1" />
    <testcase name="RetrieveEmptyMedianTest (ThreeHundredSeconds)" classname="Philips.PMP.Test.Auto.MedianCalculatorTest" time="0.008" status="1" />
    <testcase name="BoundaryMedianTest" classname="Philips.PMP.Test.Auto.MedianCalculatorTest" time="0.005" status="1" />
    <testcase name="NoMedianAvailablePressureTest" classname="Philips.PMP.Test.Auto.MedianCalculatorTest" time="0.010" status="1" />
    <testcase name="PartialAvailablePressureTest" classname="Philips.PMP.Test.Auto.MedianCalculatorTest" time="0.029" status="1" />
    <testcase name="NumericMedianCalculatorVerifyNoMedianPossibleForTestMean" classname="Philips.PMP.Test.Auto.MedianCalculatorTest" time="0.025" status="1" />
    <testcase name="NumericMedianCalculatorMarksNumericsAsIsTrendUploaded (TwelveSeconds)" classname="Philips.PMP.Test.Auto.MedianCalculatorTest" time="0.005" status="1" />
    <testcase name="NumericMedianCalculatorMarksNumericsAsIsTrendUploaded (SixtySeconds)" classname="Philips.PMP.Test.Auto.MedianCalculatorTest" time="0.005" status="1" />
    <testcase name="NumericMedianCalculatorMarksNumericsAsIsTrendUploaded (ThreeHundredSeconds)" classname="Philips.PMP.Test.Auto.MedianCalculatorTest" time="0.007" status="1" />
    <system-out />
    <system-err />
  </testsuite>
  <testsuite name="Philips.PMP.Test.Auto.TrustedCertificateConfigHelperTest" hostname="RESTORMEL" package="not available" id="404" tests="7" failures="0" errors="0" skipped="0" time="0.304" timestamp="2023-12-13T03:30:59">
    <properties />
    <testcase name="TrustedCertificateConfigHelperInit" classname="Philips.PMP.Test.Auto.TrustedCertificateConfigHelperTest" time="0.139" status="1" />
    <testcase name="TrustedCertificateConfigHelperAddNonCa" classname="Philips.PMP.Test.Auto.TrustedCertificateConfigHelperTest" time="0.023" status="1" />
    <testcase name="TrustedCertificateConfigHelperAddCurrentCa" classname="Philips.PMP.Test.Auto.TrustedCertificateConfigHelperTest" time="0.037" status="1" />
    <testcase name="TrustedCertificateConfigHelperAdd" classname="Philips.PMP.Test.Auto.TrustedCertificateConfigHelperTest" time="0.033" status="1" />
    <testcase name="TrustedCertificateConfigHelperDeleteNoConfirm" classname="Philips.PMP.Test.Auto.TrustedCertificateConfigHelperTest" time="0.025" status="1" />
    <testcase name="TrustedCertificateConfigHelperAddBadCert" classname="Philips.PMP.Test.Auto.TrustedCertificateConfigHelperTest" time="0.024" status="1" />
    <testcase name="TrustedCertificateConfigHelperAddAlreadyLoaded" classname="Philips.PMP.Test.Auto.TrustedCertificateConfigHelperTest" time="0.023" status="1" />
    <system-out />
    <system-err />
  </testsuite>
  <testsuite name="Philips.PMP.Test.Auto.EnterprisePortalServiceMgrTest" hostname="RESTORMEL" package="not available" id="405" tests="6" failures="0" errors="0" skipped="0" time="0.092" timestamp="2023-12-13T03:36:23">
    <properties />
    <testcase name="EnterprisePortalServiceMgrFindPatient (,,,0)" classname="Philips.PMP.Test.Auto.EnterprisePortalServiceMgrTest" time="0.006" status="1" />
    <testcase name="EnterprisePortalServiceMgrFindPatient (inst,unit,bed,1)" classname="Philips.PMP.Test.Auto.EnterprisePortalServiceMgrTest" time="0.003" status="1" />
    <testcase name="EnterprisePortalServiceMgrFindPatient (,,,2)" classname="Philips.PMP.Test.Auto.EnterprisePortalServiceMgrTest" time="0.002" status="1" />
    <testcase name="EnterprisePortalServiceMgrFindPatient (inst,unit,bed,3)" classname="Philips.PMP.Test.Auto.EnterprisePortalServiceMgrTest" time="0.003" status="1" />
    <testcase name="EnterprisePortalServiceMgrFindAnyPatient (True,False,2)" classname="Philips.PMP.Test.Auto.EnterprisePortalServiceMgrTest" time="0.076" status="1" />
    <testcase name="EnterprisePortalServiceMgrFindAnyPatient (False,True,1)" classname="Philips.PMP.Test.Auto.EnterprisePortalServiceMgrTest" time="0.002" status="1" />
    <system-out />
    <system-err />
  </testsuite>
  <testsuite name="Philips.PMP.Test.Auto.ConfigFileProviderFactoryTest" hostname="RESTORMEL" package="not available" id="406" tests="1" failures="0" errors="0" skipped="0" time="0.001" timestamp="2023-12-13T03:29:58">
    <properties />
    <testcase name="CreateShouldReturnValidConfig" classname="Philips.PMP.Test.Auto.ConfigFileProviderFactoryTest" time="0.001" status="1" />
    <system-out />
    <system-err />
  </testsuite>
  <testsuite name="Philips.PMP.Test.Auto.PhysioDataStorageNumericMedianGeneratorTest" hostname="RESTORMEL" package="not available" id="407" tests="1" failures="0" errors="0" skipped="0" time="0.135" timestamp="2023-12-13T03:29:49">
    <properties />
    <testcase name="PhysioDataStorageNumericMedianGeneratorTrimsTimeMappings" classname="Philips.PMP.Test.Auto.PhysioDataStorageNumericMedianGeneratorTest" time="0.135" status="1" />
    <system-out />
    <system-err />
  </testsuite>
  <testsuite name="Philips.PMP.Test.Auto.HostAccessViewControllerTest" hostname="RESTORMEL" package="not available" id="408" tests="14" failures="0" errors="0" skipped="0" time="0.097" timestamp="2023-12-13T03:34:02">
    <properties />
    <testcase name="HostAccessViewControllerSetViewEmpty" classname="Philips.PMP.Test.Auto.HostAccessViewControllerTest" time="0.004" status="1" />
    <testcase name="HostAccessViewControllerAddReadOnlyAccessToNoAccess" classname="Philips.PMP.Test.Auto.HostAccessViewControllerTest" time="0.006" status="1" />
    <testcase name="HostAccessViewControllerDoesSourceHaveData" classname="Philips.PMP.Test.Auto.HostAccessViewControllerTest" time="0.006" status="1" />
    <testcase name="HostAccessViewControllerSetViewNull" classname="Philips.PMP.Test.Auto.HostAccessViewControllerTest" time="0.011" status="1" />
    <testcase name="HostAccessViewControllerHostAccessSettings" classname="Philips.PMP.Test.Auto.HostAccessViewControllerTest" time="0.005" status="1" />
    <testcase name="HostAccessViewControllerAddFullAccessToNoAccess" classname="Philips.PMP.Test.Auto.HostAccessViewControllerTest" time="0.005" status="1" />
    <testcase name="HostAccessViewControllerMoveMatchingUnitToReadOnlyAccess" classname="Philips.PMP.Test.Auto.HostAccessViewControllerTest" time="0.006" status="1" />
    <testcase name="HostAccessViewControllerMoveMatchingUnitToFullAccess" classname="Philips.PMP.Test.Auto.HostAccessViewControllerTest" time="0.006" status="1" />
    <testcase name="HostAccessViewControllerDoesReadOnlySelectionMatch" classname="Philips.PMP.Test.Auto.HostAccessViewControllerTest" time="0.005" status="1" />
    <testcase name="HostAccessViewControllerAddNoAccessToReadOnlyAccess" classname="Philips.PMP.Test.Auto.HostAccessViewControllerTest" time="0.006" status="1" />
    <testcase name="HostAccessViewControllerMoveRemainingUnitsToNoAccessFromFullAccess" classname="Philips.PMP.Test.Auto.HostAccessViewControllerTest" time="0.007" status="1" />
    <testcase name="HostAccessViewControllerDoesFullSelectionMatch" classname="Philips.PMP.Test.Auto.HostAccessViewControllerTest" time="0.005" status="1" />
    <testcase name="HostAccessViewControllerMoveRemainingUnitsToFullAccessFromReadOnlyAccess" classname="Philips.PMP.Test.Auto.HostAccessViewControllerTest" time="0.007" status="1" />
    <testcase name="HostAccessViewControllerAddNoAccessToFullAccess" classname="Philips.PMP.Test.Auto.HostAccessViewControllerTest" time="0.018" status="1" />
    <system-out />
    <system-err />
  </testsuite>
  <testsuite name="Philips.PMP.Test.Auto.TimeMgrTest" hostname="RESTORMEL" package="not available" id="409" tests="15" failures="0" errors="0" skipped="0" time="0.031" timestamp="2023-12-13T03:35:55">
    <properties />
    <testcase name="TimeMgrCreateNewMapping (0,False)" classname="Philips.PMP.Test.Auto.TimeMgrTest" time="0.001" status="1" />
    <testcase name="TimeMgrCreateNewMapping (512,False)" classname="Philips.PMP.Test.Auto.TimeMgrTest" time="0.000" status="1" />
    <testcase name="TimeMgrCreateNewMapping (1024,True)" classname="Philips.PMP.Test.Auto.TimeMgrTest" time="0.000" status="1" />
    <testcase name="TimeMgrCreateNewMapping (-1024,False)" classname="Philips.PMP.Test.Auto.TimeMgrTest" time="0.000" status="1" />
    <testcase name="TimeMgrCreateNewMapping (-2048,False)" classname="Philips.PMP.Test.Auto.TimeMgrTest" time="0.000" status="1" />
    <testcase name="TimeMgrCreateNewMapping (-4096,False)" classname="Philips.PMP.Test.Auto.TimeMgrTest" time="0.000" status="1" />
    <testcase name="TimeMgrCreateNewMapping (-5124,True)" classname="Philips.PMP.Test.Auto.TimeMgrTest" time="0.001" status="1" />
    <testcase name="TimeMgrNoTimeJumpsOnPatientChange" classname="Philips.PMP.Test.Auto.TimeMgrTest" time="0.001" status="1" />
    <testcase name="AllowPhysioTimeUpdatesAfterFiveSecondsTest" classname="Philips.PMP.Test.Auto.TimeMgrTest" time="0.001" status="1" />
    <testcase name="TimeMgrDoesNotUpdateTimeForUnknownMasterDevices (True)" classname="Philips.PMP.Test.Auto.TimeMgrTest" time="0.001" status="1" />
    <testcase name="TimeMgrDoesNotUpdateTimeForUnknownMasterDevices (False)" classname="Philips.PMP.Test.Auto.TimeMgrTest" time="0.001" status="1" />
    <testcase name="TimeMgrOnlyCreatesNewTimeMappingsWhenItWontAffectPrettyTimeColumns (60,True)" classname="Philips.PMP.Test.Auto.TimeMgrTest" time="0.011" status="1" />
    <testcase name="TimeMgrOnlyCreatesNewTimeMappingsWhenItWontAffectPrettyTimeColumns (60,False)" classname="Philips.PMP.Test.Auto.TimeMgrTest" time="0.002" status="1" />
    <testcase name="TimeMgrOnlyCreatesNewTimeMappingsWhenItWontAffectPrettyTimeColumns (300,True)" classname="Philips.PMP.Test.Auto.TimeMgrTest" time="0.008" status="1" />
    <testcase name="TimeMgrOnlyCreatesNewTimeMappingsWhenItWontAffectPrettyTimeColumns (300,False)" classname="Philips.PMP.Test.Auto.TimeMgrTest" time="0.002" status="1" />
    <system-out />
    <system-err />
  </testsuite>
  <testsuite name="Philips.PIC.DataAcquisition.Test.SureSignsSpotCheckProcessorTest" hostname="RESTORMEL" package="not available" id="410" tests="13" failures="0" errors="0" skipped="0" time="0.257" timestamp="2023-12-13T03:28:55">
    <properties />
    <testcase name="SureSignsSpotCheckProcessorProcessSpotCheckTest (True,,True,True,False,True,True,SpotCheck_DataInsufficientOrInvalid)" classname="Philips.PIC.DataAcquisition.Test.SureSignsSpotCheckProcessorTest" time="0.119" status="1" />
    <testcase name="SureSignsSpotCheckProcessorProcessSpotCheckTest (False,,True,True,False,True,True,SpotCheck_DataInsufficientOrInvalid)" classname="Philips.PIC.DataAcquisition.Test.SureSignsSpotCheckProcessorTest" time="0.005" status="1" />
    <testcase name="SureSignsSpotCheckProcessorProcessSpotCheckTest (False,Rejected,True,True,False,True,True,SpotCheck_DataInsufficientOrInvalid)" classname="Philips.PIC.DataAcquisition.Test.SureSignsSpotCheckProcessorTest" time="0.003" status="1" />
    <testcase name="SureSignsSpotCheckProcessorProcessSpotCheckTest (False,Incomplete,True,True,False,True,True,SpotCheck_DataInsufficientOrInvalid)" classname="Philips.PIC.DataAcquisition.Test.SureSignsSpotCheckProcessorTest" time="0.003" status="1" />
    <testcase name="SureSignsSpotCheckProcessorProcessSpotCheckTest (False,Created,False,True,False,True,True,SpotCheck_RecordUnknown)" classname="Philips.PIC.DataAcquisition.Test.SureSignsSpotCheckProcessorTest" time="0.004" status="1" />
    <testcase name="SureSignsSpotCheckProcessorProcessSpotCheckTest (False,Created,True,True,True,True,True,UserAuth_ManagementOffline)" classname="Philips.PIC.DataAcquisition.Test.SureSignsSpotCheckProcessorTest" time="0.003" status="1" />
    <testcase name="SureSignsSpotCheckProcessorProcessSpotCheckTest (False,Created,True,True,False,True,True,Success)" classname="Philips.PIC.DataAcquisition.Test.SureSignsSpotCheckProcessorTest" time="0.086" status="1" />
    <testcase name="SureSignsSpotCheckProcessorProcessSpotCheckTest (False,Created,True,True,False,True,False,SpotCheck_EWSProtDifferent)" classname="Philips.PIC.DataAcquisition.Test.SureSignsSpotCheckProcessorTest" time="0.007" status="1" />
    <testcase name="SureSignsSpotCheckProcessorProcessSpotCheckTest (False,Validated,True,False,False,False,True,Success)" classname="Philips.PIC.DataAcquisition.Test.SureSignsSpotCheckProcessorTest" time="0.003" status="1" />
    <testcase name="SureSignsSpotCheckProcessorProcessSpotCheckTest (False,Validated,True,True,False,False,True,Success)" classname="Philips.PIC.DataAcquisition.Test.SureSignsSpotCheckProcessorTest" time="0.004" status="1" />
    <testcase name="SureSignsSpotCheckProcessorProcessSpotCheckTest (False,Validated,True,True,False,False,False,SpotCheck_EWSProtDifferent)" classname="Philips.PIC.DataAcquisition.Test.SureSignsSpotCheckProcessorTest" time="0.006" status="1" />
    <testcase name="SureSignsSpotCheckProcessorGetMeasurementsTest (True,1,0)" classname="Philips.PIC.DataAcquisition.Test.SureSignsSpotCheckProcessorTest" time="0.008" status="1" />
    <testcase name="SureSignsSpotCheckProcessorGetMeasurementsTest (False,0,1)" classname="Philips.PIC.DataAcquisition.Test.SureSignsSpotCheckProcessorTest" time="0.006" status="1" />
    <system-out />
    <system-err />
  </testsuite>
  <testsuite name="Philips.PMP.Test.Auto.ThirdPartyAppQualifierTest" hostname="RESTORMEL" package="not available" id="411" tests="4" failures="0" errors="0" skipped="0" time="0.134" timestamp="2023-12-13T03:29:43">
    <properties />
    <testcase name="ThirdPartyAppsBlaceIceInstallation" classname="Philips.PMP.Test.Auto.ThirdPartyAppQualifierTest" time="0.007" status="1" />
    <testcase name="ThirdPartyAppsDebugToolsInstallation" classname="Philips.PMP.Test.Auto.ThirdPartyAppQualifierTest" time="0.006" status="1" />
    <testcase name="ThirdPartyAppsDebugDiagInstallation" classname="Philips.PMP.Test.Auto.ThirdPartyAppQualifierTest" time="0.025" status="1" />
    <testcase name="ThirdPartyAppsKavoomInstallation" classname="Philips.PMP.Test.Auto.ThirdPartyAppQualifierTest" time="0.096" status="1" />
    <system-out />
    <system-err />
  </testsuite>
  <testsuite name="Philips.PMP.Test.Auto.Hl7ClientMgrTest" hostname="RESTORMEL" package="not available" id="412" tests="5" failures="0" errors="0" skipped="0" time="0.330" timestamp="2023-12-13T03:36:38">
    <properties />
    <testcase name="GetPhysioDataForConnectionEnsureDataReturnedTest (False,0)" classname="Philips.PMP.Test.Auto.Hl7ClientMgrTest" time="0.005" status="1" />
    <testcase name="GetPhysioDataForConnectionEnsureDataReturnedTest (True,1)" classname="Philips.PMP.Test.Auto.Hl7ClientMgrTest" time="0.015" status="1" />
    <testcase name="TrendDataIsProcessedTest (TrendClient)" classname="Philips.PMP.Test.Auto.Hl7ClientMgrTest" time="0.023" status="1" />
    <testcase name="TrendDataIsProcessedTest (TrendServer)" classname="Philips.PMP.Test.Auto.Hl7ClientMgrTest" time="0.013" status="1" />
    <testcase name="StartHL7Test" classname="Philips.PMP.Test.Auto.Hl7ClientMgrTest" time="0.274" status="1" />
    <system-out />
    <system-err />
  </testsuite>
  <testsuite name="Philips.PMP.Test.Auto.IHEDriverConnectionSettingControlTest" hostname="RESTORMEL" package="not available" id="413" tests="22" failures="0" errors="0" skipped="0" time="0.411" timestamp="2023-12-13T03:34:17">
    <properties />
    <testcase name="ConnectionSettingControlOnLoadBrokerEnabledTest (True)" classname="Philips.PMP.Test.Auto.IHEDriverConnectionSettingControlTest" time="0.023" status="1" />
    <testcase name="ConnectionSettingControlOnLoadBrokerEnabledTest (False)" classname="Philips.PMP.Test.Auto.IHEDriverConnectionSettingControlTest" time="0.017" status="1" />
    <testcase name="ConnectionSettingControlOnSelectedIndexChangedTest (True)" classname="Philips.PMP.Test.Auto.IHEDriverConnectionSettingControlTest" time="0.030" status="1" />
    <testcase name="ConnectionSettingControlOnSelectedIndexChangedTest (False)" classname="Philips.PMP.Test.Auto.IHEDriverConnectionSettingControlTest" time="0.035" status="1" />
    <testcase name="ConnectionSettingControlOnLoadBrokerDisabledTest (True,connected successfully)" classname="Philips.PMP.Test.Auto.IHEDriverConnectionSettingControlTest" time="0.023" status="1" />
    <testcase name="ConnectionSettingControlOnLoadBrokerDisabledTest (False,Connection test failed)" classname="Philips.PMP.Test.Auto.IHEDriverConnectionSettingControlTest" time="0.024" status="1" />
    <testcase name="ConnectionSettingControlValidatorTest (Success,Success,Success,CapsuleMDIP,3005)" classname="Philips.PMP.Test.Auto.IHEDriverConnectionSettingControlTest" time="0.002" status="1" />
    <testcase name="ConnectionSettingControlValidatorTest (Failure,Success,Failure,CapsuleMDIP,3005)" classname="Philips.PMP.Test.Auto.IHEDriverConnectionSettingControlTest" time="0.001" status="1" />
    <testcase name="ConnectionSettingControlValidatorTest (Success,Failure,Failure,CapsuleMDIP,3005)" classname="Philips.PMP.Test.Auto.IHEDriverConnectionSettingControlTest" time="0.001" status="1" />
    <testcase name="ConnectionSettingControlValidatorTest (Failure,Failure,Failure,CapsuleMDIP,3005)" classname="Philips.PMP.Test.Auto.IHEDriverConnectionSettingControlTest" time="0.001" status="1" />
    <testcase name="ConnectionSettingControlValidatorTest (Success,Success,Success,BBraunDoselinkPlus,3006)" classname="Philips.PMP.Test.Auto.IHEDriverConnectionSettingControlTest" time="0.001" status="1" />
    <testcase name="ConnectionSettingControlValidatorTest (Failure,Success,Failure,BBraunDoselinkPlus,3006)" classname="Philips.PMP.Test.Auto.IHEDriverConnectionSettingControlTest" time="0.001" status="1" />
    <testcase name="ConnectionSettingControlValidatorTest (Success,Failure,Failure,BBraunDoselinkPlus,3006)" classname="Philips.PMP.Test.Auto.IHEDriverConnectionSettingControlTest" time="0.001" status="1" />
    <testcase name="ConnectionSettingControlValidatorTest (Failure,Failure,Failure,BBraunDoselinkPlus,3006)" classname="Philips.PMP.Test.Auto.IHEDriverConnectionSettingControlTest" time="0.001" status="1" />
    <testcase name="ConnectionSettingControlOnLoadNoDetailsTest" classname="Philips.PMP.Test.Auto.IHEDriverConnectionSettingControlTest" time="0.041" status="1" />
    <testcase name="ConnectionSettingControlEnabledDisableControlTest (True,False,False,True,False,False)" classname="Philips.PMP.Test.Auto.IHEDriverConnectionSettingControlTest" time="0.017" status="1" />
    <testcase name="ConnectionSettingControlEnabledDisableControlTest (False,True,False,True,True,False)" classname="Philips.PMP.Test.Auto.IHEDriverConnectionSettingControlTest" time="0.024" status="1" />
    <testcase name="ConnectionSettingControlOnAddConnectionTest (True,1)" classname="Philips.PMP.Test.Auto.IHEDriverConnectionSettingControlTest" time="0.021" status="1" />
    <testcase name="ConnectionSettingControlOnAddConnectionTest (False,0)" classname="Philips.PMP.Test.Auto.IHEDriverConnectionSettingControlTest" time="0.048" status="1" />
    <testcase name="ConnectionSettingControlOnDeleteConnectionTest (True,Yes,0)" classname="Philips.PMP.Test.Auto.IHEDriverConnectionSettingControlTest" time="0.038" status="1" />
    <testcase name="ConnectionSettingControlOnDeleteConnectionTest (True,No,0)" classname="Philips.PMP.Test.Auto.IHEDriverConnectionSettingControlTest" time="0.030" status="1" />
    <testcase name="ConnectionSettingControlOnDeleteConnectionTest (False,No,1)" classname="Philips.PMP.Test.Auto.IHEDriverConnectionSettingControlTest" time="0.033" status="1" />
    <system-out />
    <system-err />
  </testsuite>
  <testsuite name="Philips.PMP.Test.Auto.SystemStatusMessageHandlerTest" hostname="RESTORMEL" package="not available" id="414" tests="7" failures="0" errors="0" skipped="0" time="0.011" timestamp="2023-12-13T03:33:54">
    <properties />
    <testcase name="ClearStatusMessageIsCalled" classname="Philips.PMP.Test.Auto.SystemStatusMessageHandlerTest" time="0.002" status="1" />
    <testcase name="ClearStatusMessageIsCalledWithCorrectStatus" classname="Philips.PMP.Test.Auto.SystemStatusMessageHandlerTest" time="0.002" status="1" />
    <testcase name="ReportStatusMessageIsOnlyCalledOnce" classname="Philips.PMP.Test.Auto.SystemStatusMessageHandlerTest" time="0.001" status="1" />
    <testcase name="ClearStatusMessageIsCalledAfterAReport" classname="Philips.PMP.Test.Auto.SystemStatusMessageHandlerTest" time="0.001" status="1" />
    <testcase name="ClearStatusMessageIsOnlyCalledOnce" classname="Philips.PMP.Test.Auto.SystemStatusMessageHandlerTest" time="0.001" status="1" />
    <testcase name="ReportStatusMessageIsCalled" classname="Philips.PMP.Test.Auto.SystemStatusMessageHandlerTest" time="0.003" status="1" />
    <testcase name="ReportStatusMessageIsCalledWithCorrectStatus" classname="Philips.PMP.Test.Auto.SystemStatusMessageHandlerTest" time="0.001" status="1" />
    <system-out />
    <system-err />
  </testsuite>
  <testsuite name="Philips.PMP.Test.Auto.EcgPacerTest" hostname="RESTORMEL" package="not available" id="415" tests="4" failures="0" errors="0" skipped="0" time="0.011" timestamp="2023-12-13T03:29:49">
    <properties />
    <testcase name="NonContiguousWaveChunksTest" classname="Philips.PMP.Test.Auto.EcgPacerTest" time="0.005" status="1" />
    <testcase name="PacerReinsertionIsRelativeNotAbsoluteTest" classname="Philips.PMP.Test.Auto.EcgPacerTest" time="0.005" status="1" />
    <testcase name="OffsetPacersTest" classname="Philips.PMP.Test.Auto.EcgPacerTest" time="0.001" status="1" />
    <testcase name="PacerReinsertionNoPreviousSampleDoesntCrashTest" classname="Philips.PMP.Test.Auto.EcgPacerTest" time="0.001" status="1" />
    <system-out />
    <system-err />
  </testsuite>
  <testsuite name="Philips.PMP.Test.Auto.ReportHelperTest" hostname="RESTORMEL" package="not available" id="416" tests="13" failures="0" errors="0" skipped="0" time="1.156" timestamp="2023-12-13T03:30:49">
    <properties />
    <testcase name="PrepareMessageTest" classname="Philips.PMP.Test.Auto.ReportHelperTest" time="0.002" status="1" />
    <testcase name="ReportHelperPrintStripTest" classname="Philips.PMP.Test.Auto.ReportHelperTest" time="0.093" status="1" />
    <testcase name="GenerateTabularReportTest" classname="Philips.PMP.Test.Auto.ReportHelperTest" time="0.007" status="1" />
    <testcase name="GetPatientFromHeaderDataTest" classname="Philips.PMP.Test.Auto.ReportHelperTest" time="0.333" status="1" />
    <testcase name="GetReportNameFromHeaderDataTest" classname="Philips.PMP.Test.Auto.ReportHelperTest" time="0.004" status="1" />
    <testcase name="GeneratePatientSummaryReportTest" classname="Philips.PMP.Test.Auto.ReportHelperTest" time="0.051" status="1" />
    <testcase name="ReportHelperTestAlarmPrintDocumentTest" classname="Philips.PMP.Test.Auto.ReportHelperTest" time="0.088" status="1" />
    <testcase name="GenerateEcgStatisticsReportTest" classname="Philips.PMP.Test.Auto.ReportHelperTest" time="0.004" status="1" />
    <testcase name="GetAddressographRectangleTest" classname="Philips.PMP.Test.Auto.ReportHelperTest" time="0.002" status="1" />
    <testcase name="GenerateAlarmSummaryReportTest (True,False)" classname="Philips.PMP.Test.Auto.ReportHelperTest" time="0.014" status="1" />
    <testcase name="GenerateAlarmSummaryReportTest (False,True)" classname="Philips.PMP.Test.Auto.ReportHelperTest" time="0.003" status="1" />
    <testcase name="GenerateAlarmSummaryReportTest (True,True)" classname="Philips.PMP.Test.Auto.ReportHelperTest" time="0.008" status="1" />
    <testcase name="GetReportDestinationIdUsesIsDischarged" classname="Philips.PMP.Test.Auto.ReportHelperTest" time="0.549" status="1" />
    <system-out />
    <system-err />
  </testsuite>
  <testsuite name="Philips.PMP.Test.Auto.AcknowledgeAlertsHelperTest" hostname="RESTORMEL" package="not available" id="417" tests="6" failures="0" errors="0" skipped="0" time="0.356" timestamp="2023-12-13T03:29:37">
    <properties />
    <testcase name="AcknowledgeAlertsHelperGetHighestUnacknowledgedAlertTypes" classname="Philips.PMP.Test.Auto.AcknowledgeAlertsHelperTest" time="0.002" status="1" />
    <testcase name="AcknowledgeAlertsHelperTryGetActionNamesForHighestPatientAlertAndHighestTechnicalAlertUnsupported" classname="Philips.PMP.Test.Auto.AcknowledgeAlertsHelperTest" time="0.001" status="1" />
    <testcase name="AcknowledgeAlertsHelperTryGetHighestUnacknowledgedAlertsForPermissions" classname="Philips.PMP.Test.Auto.AcknowledgeAlertsHelperTest" time="0.005" status="1" />
    <testcase name="AcknowledgeAlertsHelperTryGetActionNamesForAlerts" classname="Philips.PMP.Test.Auto.AcknowledgeAlertsHelperTest" time="0.345" status="1" />
    <testcase name="AcknowledgeAlertsHelperTryGetActionNamesForHighestPatientAlertAndHighestTechnicalAlertYellow" classname="Philips.PMP.Test.Auto.AcknowledgeAlertsHelperTest" time="0.002" status="1" />
    <testcase name="AcknowledgeAlertsHelperTryGetActionNamesForHighestPatientAlertAndHighestTechnicalAlertRed" classname="Philips.PMP.Test.Auto.AcknowledgeAlertsHelperTest" time="0.001" status="1" />
    <system-out />
    <system-err />
  </testsuite>
  <testsuite name="Philips.PMP.Test.Auto.UsbDeviceWatcherTest" hostname="RESTORMEL" package="not available" id="418" tests="5" failures="0" errors="0" skipped="0" time="0.005" timestamp="2023-12-13T03:29:59">
    <properties />
    <testcase name="UsbDeviceWatcherProcessEvent (SomeDevice,,,False,False)" classname="Philips.PMP.Test.Auto.UsbDeviceWatcherTest" time="0.003" status="1" />
    <testcase name="UsbDeviceWatcherProcessEvent (DeviceId=&quot;usb\\myDevice\\1234&quot;,,usb\\myDevice\\1234,False,False)" classname="Philips.PMP.Test.Auto.UsbDeviceWatcherTest" time="0.001" status="1" />
    <testcase name="UsbDeviceWatcherProcessEvent (DeviceId=&quot;hid\\myDevice\\1234&quot;,UnknownEvent,hid\\myDevice\\1234,False,False)" classname="Philips.PMP.Test.Auto.UsbDeviceWatcherTest" time="0.000" status="1" />
    <testcase name="UsbDeviceWatcherProcessEvent (DeviceId=&quot;hid\\myDevice\\1234&quot;,__InstanceCreationEvent,hid\\myDevice\\1234,True,False)" classname="Philips.PMP.Test.Auto.UsbDeviceWatcherTest" time="0.001" status="1" />
    <testcase name="UsbDeviceWatcherProcessEvent (DeviceId=&quot;hid\\myDevice\\1234&quot;,__InstanceDeletionEvent,hid\\myDevice\\1234,False,True)" classname="Philips.PMP.Test.Auto.UsbDeviceWatcherTest" time="0.001" status="1" />
    <system-out />
    <system-err />
  </testsuite>
  <testsuite name="Philips.PMP.Test.Auto.AppDomainSectorFactoryMgrTest" hostname="RESTORMEL" package="not available" id="419" tests="16" failures="0" errors="0" skipped="0" time="0.067" timestamp="2023-12-13T03:30:20">
    <properties />
    <testcase name="AppDomainSectorFactoryAllowsNewVersions (B.03.01.00)" classname="Philips.PMP.Test.Auto.AppDomainSectorFactoryMgrTest" time="0.001" status="1" />
    <testcase name="AppDomainSectorFactoryAllowsNewVersions (C.02.01.00)" classname="Philips.PMP.Test.Auto.AppDomainSectorFactoryMgrTest" time="0.001" status="1" />
    <testcase name="AppDomainSectorFactoryAllowsNewVersions (C.03.00.00)" classname="Philips.PMP.Test.Auto.AppDomainSectorFactoryMgrTest" time="0.001" status="1" />
    <testcase name="AppDomainSectorFactoryMgrCreatesAppDomainSectorFactory (B.03.01.00)" classname="Philips.PMP.Test.Auto.AppDomainSectorFactoryMgrTest" time="0.003" status="1" />
    <testcase name="AppDomainSectorFactoryMgrCreatesAppDomainSectorFactory (C.02.01.00)" classname="Philips.PMP.Test.Auto.AppDomainSectorFactoryMgrTest" time="0.001" status="1" />
    <testcase name="AppDomainSectorFactoryMgrCreatesAppDomainSectorFactory (C.03.00.00)" classname="Philips.PMP.Test.Auto.AppDomainSectorFactoryMgrTest" time="0.001" status="1" />
    <testcase name="AppDomainSectorFactoryMgrCreatesAppDomainSectorFactory (D.00.00.00)" classname="Philips.PMP.Test.Auto.AppDomainSectorFactoryMgrTest" time="0.001" status="1" />
    <testcase name="AppDomainSectorFactoryMgrParsesInstalledVersions" classname="Philips.PMP.Test.Auto.AppDomainSectorFactoryMgrTest" time="0.002" status="1" />
    <testcase name="AppDomainSectorFactoryBlacklistsOldVersions (B.00.00.00)" classname="Philips.PMP.Test.Auto.AppDomainSectorFactoryMgrTest" time="0.051" status="1" />
    <testcase name="AppDomainSectorFactoryBlacklistsOldVersions (B.01.00.00)" classname="Philips.PMP.Test.Auto.AppDomainSectorFactoryMgrTest" time="0.001" status="1" />
    <testcase name="AppDomainSectorFactoryBlacklistsOldVersions (B.02.00.00)" classname="Philips.PMP.Test.Auto.AppDomainSectorFactoryMgrTest" time="0.001" status="1" />
    <testcase name="AppDomainSectorFactoryBlacklistsOldVersions (B.03.00.00)" classname="Philips.PMP.Test.Auto.AppDomainSectorFactoryMgrTest" time="0.001" status="1" />
    <testcase name="AppDomainSectorFactoryBlacklistsOldVersions (C.00.00.00)" classname="Philips.PMP.Test.Auto.AppDomainSectorFactoryMgrTest" time="0.001" status="1" />
    <testcase name="AppDomainSectorFactoryBlacklistsOldVersions (C.01.00.00)" classname="Philips.PMP.Test.Auto.AppDomainSectorFactoryMgrTest" time="0.001" status="1" />
    <testcase name="AppDomainSectorFactoryBlacklistsOldVersions (C.02.00.00)" classname="Philips.PMP.Test.Auto.AppDomainSectorFactoryMgrTest" time="0.001" status="1" />
    <testcase name="AppDomainSectorFactoryMgrValidateStaticMethods" classname="Philips.PMP.Test.Auto.AppDomainSectorFactoryMgrTest" time="0.001" status="1" />
    <system-out />
    <system-err />
  </testsuite>
  <testsuite name="Philips.PMP.Test.Auto.WaveDataTest" hostname="RESTORMEL" package="not available" id="420" tests="11" failures="0" errors="0" skipped="0" time="0.017" timestamp="2023-12-13T03:35:55">
    <properties />
    <testcase name="WaveIntervalsOfDataTest" classname="Philips.PMP.Test.Auto.WaveDataTest" time="0.005" status="1" />
    <testcase name="RemoveRawEasiLeads" classname="Philips.PMP.Test.Auto.WaveDataTest" time="0.003" status="1" />
    <testcase name="WaveIntervalsOfNoDataDegenerateTest" classname="Philips.PMP.Test.Auto.WaveDataTest" time="0.000" status="1" />
    <testcase name="WaveIntervalsSortTest" classname="Philips.PMP.Test.Auto.WaveDataTest" time="0.001" status="1" />
    <testcase name="WaveDataReduceEcgSampleTest" classname="Philips.PMP.Test.Auto.WaveDataTest" time="0.003" status="1" />
    <testcase name="LineFrequencyIsCopiedCorrectlyTest" classname="Philips.PMP.Test.Auto.WaveDataTest" time="0.001" status="1" />
    <testcase name="WaveCollectionSerializationRoundTripsCorrectlyTest (0,0)" classname="Philips.PMP.Test.Auto.WaveDataTest" time="0.001" status="1" />
    <testcase name="WaveCollectionSerializationRoundTripsCorrectlyTest (1,1)" classname="Philips.PMP.Test.Auto.WaveDataTest" time="0.001" status="1" />
    <testcase name="WaveCollectionSerializationRoundTripsCorrectlyTest (65535,255)" classname="Philips.PMP.Test.Auto.WaveDataTest" time="0.000" status="1" />
    <testcase name="WaveCollectionSerializationRoundTripsCorrectlyTest (65278,170)" classname="Philips.PMP.Test.Auto.WaveDataTest" time="0.000" status="1" />
    <testcase name="WaveDynamicAttributesFilterTest" classname="Philips.PMP.Test.Auto.WaveDataTest" time="0.001" status="1" />
    <system-out />
    <system-err />
  </testsuite>
  <testsuite name="Philips.PMP.Test.Auto.CameraSystemControlTest" hostname="RESTORMEL" package="not available" id="421" tests="11" failures="0" errors="0" skipped="0" time="0.474" timestamp="2023-12-13T03:30:59">
    <properties />
    <testcase name="CameraSystemControlCanBeReadOnly (True)" classname="Philips.PMP.Test.Auto.CameraSystemControlTest" time="0.024" status="1" />
    <testcase name="CameraSystemControlCanBeReadOnly (False)" classname="Philips.PMP.Test.Auto.CameraSystemControlTest" time="0.021" status="1" />
    <testcase name="CameraSystemControlNewConnectionState (True)" classname="Philips.PMP.Test.Auto.CameraSystemControlTest" time="0.019" status="1" />
    <testcase name="CameraSystemControlNewConnectionState (False)" classname="Philips.PMP.Test.Auto.CameraSystemControlTest" time="0.022" status="1" />
    <testcase name="CameraSystemControlCancel" classname="Philips.PMP.Test.Auto.CameraSystemControlTest" time="0.085" status="1" />
    <testcase name="CameraSystemControlLoadListViewTest" classname="Philips.PMP.Test.Auto.CameraSystemControlTest" time="0.054" status="1" />
    <testcase name="CameraSystemControlDelete (True)" classname="Philips.PMP.Test.Auto.CameraSystemControlTest" time="0.059" status="1" />
    <testcase name="CameraSystemControlDelete (False)" classname="Philips.PMP.Test.Auto.CameraSystemControlTest" time="0.050" status="1" />
    <testcase name="CameraSystemControlRefreshConnectionButtons (True,False)" classname="Philips.PMP.Test.Auto.CameraSystemControlTest" time="0.049" status="1" />
    <testcase name="CameraSystemControlRefreshConnectionButtons (False,False)" classname="Philips.PMP.Test.Auto.CameraSystemControlTest" time="0.045" status="1" />
    <testcase name="CameraSystemControlRefreshConnectionButtons (True,True)" classname="Philips.PMP.Test.Auto.CameraSystemControlTest" time="0.048" status="1" />
    <system-out />
    <system-err />
  </testsuite>
  <testsuite name="Philips.PMP.Test.Auto.QualificationProviderTest" hostname="RESTORMEL" package="not available" id="422" tests="12" failures="0" errors="0" skipped="0" time="0.205" timestamp="2023-12-13T03:34:11">
    <properties />
    <testcase name="GetMyQualifiersTest (True,SystemValidation,True,False)" classname="Philips.PMP.Test.Auto.QualificationProviderTest" time="0.025" status="1" />
    <testcase name="GetMyQualifiersTest (True,SystemValidation,False,True)" classname="Philips.PMP.Test.Auto.QualificationProviderTest" time="0.002" status="1" />
    <testcase name="GetMyQualifiersTest (False,SystemValidation,False,False)" classname="Philips.PMP.Test.Auto.QualificationProviderTest" time="0.002" status="1" />
    <testcase name="GetMyQualifiersTest (True,HostQualification,True,False)" classname="Philips.PMP.Test.Auto.QualificationProviderTest" time="0.001" status="1" />
    <testcase name="GetMyQualifiersTest (False,HostQualification,False,True)" classname="Philips.PMP.Test.Auto.QualificationProviderTest" time="0.001" status="1" />
    <testcase name="QualificationProviderFirewallQualifierNotRunningOnDemo (True)" classname="Philips.PMP.Test.Auto.QualificationProviderTest" time="0.049" status="1" />
    <testcase name="QualificationProviderFirewallQualifierNotRunningOnDemo (False)" classname="Philips.PMP.Test.Auto.QualificationProviderTest" time="0.108" status="1" />
    <testcase name="GetServiceValidationQualiersTest" classname="Philips.PMP.Test.Auto.QualificationProviderTest" time="0.008" status="1" />
    <testcase name="SystemQualifierTest" classname="Philips.PMP.Test.Auto.QualificationProviderTest" time="0.002" status="1" />
    <testcase name="GetHeartBeatOnlyQualiersTest" classname="Philips.PMP.Test.Auto.QualificationProviderTest" time="0.001" status="1" />
    <testcase name="SupportStationQualification" classname="Philips.PMP.Test.Auto.QualificationProviderTest" time="0.002" status="1" />
    <testcase name="GetAdtQualifiersTest" classname="Philips.PMP.Test.Auto.QualificationProviderTest" time="0.003" status="1" />
    <system-out />
    <system-err />
  </testsuite>
  <testsuite name="Philips.PMP.Test.Auto.WaveGapFinderTest" hostname="RESTORMEL" package="not available" id="423" tests="9" failures="0" errors="0" skipped="0" time="0.937" timestamp="2023-12-13T03:38:29">
    <properties />
    <testcase name="FindWaveGapsTest" classname="Philips.PMP.Test.Auto.WaveGapFinderTest" time="0.007" status="1" />
    <testcase name="SortInopAlertsTest" classname="Philips.PMP.Test.Auto.WaveGapFinderTest" time="0.001" status="1" />
    <testcase name="FindWaveGapsDueToStandbyTest" classname="Philips.PMP.Test.Auto.WaveGapFinderTest" time="0.325" status="1" />
    <testcase name="FindAlertIntervalsTest" classname="Philips.PMP.Test.Auto.WaveGapFinderTest" time="0.006" status="1" />
    <testcase name="FindWaveGapsNoDataTest" classname="Philips.PMP.Test.Auto.WaveGapFinderTest" time="0.019" status="1" />
    <testcase name="FindWaveGapsSelectedPhysioIdsTest" classname="Philips.PMP.Test.Auto.WaveGapFinderTest" time="0.012" status="1" />
    <testcase name="BuildWaveGapsInvalidUnavailableSamplesTest" classname="Philips.PMP.Test.Auto.WaveGapFinderTest" time="0.265" status="1" />
    <testcase name="IsIntervalAllGapsTest" classname="Philips.PMP.Test.Auto.WaveGapFinderTest" time="0.001" status="1" />
    <testcase name="BuildWaveGapsTest" classname="Philips.PMP.Test.Auto.WaveGapFinderTest" time="0.303" status="1" />
    <system-out />
    <system-err />
  </testsuite>
  <testsuite name="Philips.PMP.Test.Auto.DevelopmentEnvironmentQualifierTest" hostname="RESTORMEL" package="not available" id="424" tests="4" failures="0" errors="0" skipped="0" time="0.055" timestamp="2023-12-13T03:34:07">
    <properties />
    <testcase name="DevelopmentEnvironmentVerifyJitDebugNotEnableShould" classname="Philips.PMP.Test.Auto.DevelopmentEnvironmentQualifierTest" time="0.047" status="1" />
    <testcase name="DevelopmentEnvironmentCorrectShould" classname="Philips.PMP.Test.Auto.DevelopmentEnvironmentQualifierTest" time="0.006" status="1" />
    <testcase name="DevelopmentEnvironmentVerifyVisualStudioNotInstallShould" classname="Philips.PMP.Test.Auto.DevelopmentEnvironmentQualifierTest" time="0.001" status="1" />
    <testcase name="DevelopmentEnvironmentIsCorrectableShould" classname="Philips.PMP.Test.Auto.DevelopmentEnvironmentQualifierTest" time="0.001" status="1" />
    <system-out />
    <system-err />
  </testsuite>
  <testsuite name="Philips.PMP.LicenseService.Test.UnitLicenseValidatorTest" hostname="RESTORMEL" package="not available" id="425" tests="32" failures="0" errors="0" skipped="0" time="0.261" timestamp="2023-12-13T03:29:17">
    <properties />
    <testcase name="ValidateBedEnablementAllBeds" classname="Philips.PMP.LicenseService.Test.UnitLicenseValidatorTest" time="0.017" status="1" />
    <testcase name="ValidateOverallUnitLicenseTest (True)" classname="Philips.PMP.LicenseService.Test.UnitLicenseValidatorTest" time="0.002" status="1" />
    <testcase name="ValidateOverallUnitLicenseTest (False)" classname="Philips.PMP.LicenseService.Test.UnitLicenseValidatorTest" time="0.001" status="1" />
    <testcase name="ValidateLConfiguredUnitsAreLicensed (,,)" classname="Philips.PMP.LicenseService.Test.UnitLicenseValidatorTest" time="0.001" status="1" />
    <testcase name="ValidateLConfiguredUnitsAreLicensed (Unit 1,Unit 2,Unit 1,)" classname="Philips.PMP.LicenseService.Test.UnitLicenseValidatorTest" time="0.002" status="1" />
    <testcase name="ValidateLConfiguredUnitsAreLicensed (Unit 2,Unit 3,Unit 1,The following units are configured for this feature, but are not licensed:    Unit 1)" classname="Philips.PMP.LicenseService.Test.UnitLicenseValidatorTest" time="0.004" status="1" />
    <testcase name="ValidateLConfiguredUnitsAreLicensed (Unit 3,Unit 1,Unit 2,The following units are configured for this feature, but are not licensed:    Unit 1    Unit 2)" classname="Philips.PMP.LicenseService.Test.UnitLicenseValidatorTest" time="0.000" status="1" />
    <testcase name="ValidateUnitLicenseWillReturnFalseIfZoneDoesNotExist" classname="Philips.PMP.LicenseService.Test.UnitLicenseValidatorTest" time="0.160" status="1" />
    <testcase name="ValidateAssignedValuesTest (3,2,2,True)" classname="Philips.PMP.LicenseService.Test.UnitLicenseValidatorTest" time="0.003" status="1" />
    <testcase name="ValidateAssignedValuesTest (4,2,0,False)" classname="Philips.PMP.LicenseService.Test.UnitLicenseValidatorTest" time="0.001" status="1" />
    <testcase name="ValidateAssignedValuesTest (4,2,1,False)" classname="Philips.PMP.LicenseService.Test.UnitLicenseValidatorTest" time="0.000" status="1" />
    <testcase name="ValidateAssignedValuesTest (4,2,2,True)" classname="Philips.PMP.LicenseService.Test.UnitLicenseValidatorTest" time="0.000" status="1" />
    <testcase name="ValidateUnitLicenseWillValidateIfZoneExists (False)" classname="Philips.PMP.LicenseService.Test.UnitLicenseValidatorTest" time="0.001" status="1" />
    <testcase name="ValidateUnitLicenseWillValidateIfZoneExists (True)" classname="Philips.PMP.LicenseService.Test.UnitLicenseValidatorTest" time="0.001" status="1" />
    <testcase name="ValidateEventNotificationLicensingTest (10)" classname="Philips.PMP.LicenseService.Test.UnitLicenseValidatorTest" time="0.005" status="1" />
    <testcase name="ValidateEventNotificationLicensingTest (11)" classname="Philips.PMP.LicenseService.Test.UnitLicenseValidatorTest" time="0.001" status="1" />
    <testcase name="ValidateBedEnablementAssignedBeds" classname="Philips.PMP.LicenseService.Test.UnitLicenseValidatorTest" time="0.003" status="1" />
    <testcase name="ValidateGeneralCareLicense" classname="Philips.PMP.LicenseService.Test.UnitLicenseValidatorTest" time="0.003" status="1" />
    <testcase name="ValidateNoProductsSelected" classname="Philips.PMP.LicenseService.Test.UnitLicenseValidatorTest" time="0.001" status="1" />
    <testcase name="ValidateOnlyOneCareTypeAssigned (0,0,False)" classname="Philips.PMP.LicenseService.Test.UnitLicenseValidatorTest" time="0.003" status="1" />
    <testcase name="ValidateOnlyOneCareTypeAssigned (10,0,True)" classname="Philips.PMP.LicenseService.Test.UnitLicenseValidatorTest" time="0.001" status="1" />
    <testcase name="ValidateOnlyOneCareTypeAssigned (0,10,True)" classname="Philips.PMP.LicenseService.Test.UnitLicenseValidatorTest" time="0.001" status="1" />
    <testcase name="ValidateOnlyOneCareTypeAssigned (10,10,False)" classname="Philips.PMP.LicenseService.Test.UnitLicenseValidatorTest" time="0.001" status="1" />
    <testcase name="ValidateFeatureValuesMatchBed" classname="Philips.PMP.LicenseService.Test.UnitLicenseValidatorTest" time="0.001" status="1" />
    <testcase name="ValidateUnitLicensesTest (False)" classname="Philips.PMP.LicenseService.Test.UnitLicenseValidatorTest" time="0.030" status="1" />
    <testcase name="ValidateUnitLicensesTest (True)" classname="Philips.PMP.LicenseService.Test.UnitLicenseValidatorTest" time="0.001" status="1" />
    <testcase name="ValidateUnitLicenseWillReturnFalseIfThereIsAnyInvalidCodeConfigured" classname="Philips.PMP.LicenseService.Test.UnitLicenseValidatorTest" time="0.007" status="1" />
    <testcase name="ValidateBedEnablementMonitoredBeds" classname="Philips.PMP.LicenseService.Test.UnitLicenseValidatorTest" time="0.002" status="1" />
    <testcase name="ValidateGeneralCareLicenseIfMPDevicesExist" classname="Philips.PMP.LicenseService.Test.UnitLicenseValidatorTest" time="0.001" status="1" />
    <testcase name="ValidateUnitLicenseWillValidateIfAssignedValueIsValidNumber (-1,False)" classname="Philips.PMP.LicenseService.Test.UnitLicenseValidatorTest" time="0.002" status="1" />
    <testcase name="ValidateUnitLicenseWillValidateIfAssignedValueIsValidNumber (0,True)" classname="Philips.PMP.LicenseService.Test.UnitLicenseValidatorTest" time="0.002" status="1" />
    <testcase name="ValidateUnitLicenseWillValidateIfAssignedValueIsValidNumber (10,True)" classname="Philips.PMP.LicenseService.Test.UnitLicenseValidatorTest" time="0.001" status="1" />
    <system-out />
    <system-err />
  </testsuite>
  <testsuite name="Philips.PMP.Test.Auto.EfficiaControlMgrTest" hostname="RESTORMEL" package="not available" id="426" tests="22" failures="0" errors="0" skipped="0" time="0.319" timestamp="2023-12-13T03:33:36">
    <properties />
    <testcase name="EfficiaControlMgrProcessEcgLeadSettingTest" classname="Philips.PMP.Test.Auto.EfficiaControlMgrTest" time="0.010" status="1" />
    <testcase name="EfficiaControlMgrHandleQtSettingsInvokeTest" classname="Philips.PMP.Test.Auto.EfficiaControlMgrTest" time="0.117" status="1" />
    <testcase name="EfficiaControlMgrInN2oProcessAlarmRangesTest" classname="Philips.PMP.Test.Auto.EfficiaControlMgrTest" time="0.120" status="1" />
    <testcase name="EfficiaControlQtSettingTest" classname="Philips.PMP.Test.Auto.EfficiaControlMgrTest" time="0.012" status="1" />
    <testcase name="EfficiaControlAllowAlarmDisableTest" classname="Philips.PMP.Test.Auto.EfficiaControlMgrTest" time="0.019" status="1" />
    <testcase name="EfficiaControlMgrPorcessAlarmLimitsTest (CCO_BLOOD_TEMP,39,36,1)" classname="Philips.PMP.Test.Auto.EfficiaControlMgrTest" time="0.003" status="1" />
    <testcase name="EfficiaControlMgrPorcessAlarmLimitsTest (CCO,100,10,1)" classname="Philips.PMP.Test.Auto.EfficiaControlMgrTest" time="0.002" status="1" />
    <testcase name="EfficiaControlMgrPorcessAlarmLimitsTest (CCI,110,20,1)" classname="Philips.PMP.Test.Auto.EfficiaControlMgrTest" time="0.005" status="1" />
    <testcase name="EfficiaControlConvertEfficiaQtLead2MdilTest (All,Invalid,2148165682)" classname="Philips.PMP.Test.Auto.EfficiaControlMgrTest" time="0.002" status="1" />
    <testcase name="EfficiaControlConvertEfficiaQtLead2MdilTest (PrimaryLead,Invalid,2148165683)" classname="Philips.PMP.Test.Auto.EfficiaControlMgrTest" time="0.002" status="1" />
    <testcase name="EfficiaControlConvertEfficiaQtLead2MdilTest (SingleLead,I,131329)" classname="Philips.PMP.Test.Auto.EfficiaControlMgrTest" time="0.003" status="1" />
    <testcase name="EfficiaControlConvertEfficiaQtLead2MdilTest (SingleLead,II,131330)" classname="Philips.PMP.Test.Auto.EfficiaControlMgrTest" time="0.002" status="1" />
    <testcase name="EfficiaControlConvertEfficiaQtLead2MdilTest (SingleLead,III,131389)" classname="Philips.PMP.Test.Auto.EfficiaControlMgrTest" time="0.002" status="1" />
    <testcase name="EfficiaControlConvertEfficiaQtLead2MdilTest (SingleLead,V,131395)" classname="Philips.PMP.Test.Auto.EfficiaControlMgrTest" time="0.002" status="1" />
    <testcase name="EfficiaControlConvertEfficiaQtLead2MdilTest (SingleLead,V1,131331)" classname="Philips.PMP.Test.Auto.EfficiaControlMgrTest" time="0.002" status="1" />
    <testcase name="EfficiaControlConvertEfficiaQtLead2MdilTest (SingleLead,V2,131332)" classname="Philips.PMP.Test.Auto.EfficiaControlMgrTest" time="0.002" status="1" />
    <testcase name="EfficiaControlConvertEfficiaQtLead2MdilTest (SingleLead,V3,131333)" classname="Philips.PMP.Test.Auto.EfficiaControlMgrTest" time="0.002" status="1" />
    <testcase name="EfficiaControlConvertEfficiaQtLead2MdilTest (SingleLead,V4,131334)" classname="Philips.PMP.Test.Auto.EfficiaControlMgrTest" time="0.002" status="1" />
    <testcase name="EfficiaControlConvertEfficiaQtLead2MdilTest (SingleLead,V5,131335)" classname="Philips.PMP.Test.Auto.EfficiaControlMgrTest" time="0.002" status="1" />
    <testcase name="EfficiaControlConvertEfficiaQtLead2MdilTest (SingleLead,V6,131336)" classname="Philips.PMP.Test.Auto.EfficiaControlMgrTest" time="0.002" status="1" />
    <testcase name="EfficiaControlConvertEfficiaQtLead2MdilTest (SingleLead,MCL,131403)" classname="Philips.PMP.Test.Auto.EfficiaControlMgrTest" time="0.004" status="1" />
    <testcase name="EfficiaControlMgrMonitorOfflineTest" classname="Philips.PMP.Test.Auto.EfficiaControlMgrTest" time="0.004" status="1" />
    <system-out />
    <system-err />
  </testsuite>
  <testsuite name="Philips.PMP.Test.Auto.PatientFieldsControlTest" hostname="RESTORMEL" package="not available" id="427" tests="8" failures="0" errors="0" skipped="0" time="0.284" timestamp="2023-12-13T03:34:52">
    <properties />
    <testcase name="PatientFieldsControlPopulateSettings" classname="Philips.PMP.Test.Auto.PatientFieldsControlTest" time="0.014" status="1" />
    <testcase name="PatientFieldsControlValidateInput" classname="Philips.PMP.Test.Auto.PatientFieldsControlTest" time="0.175" status="1" />
    <testcase name="PatientFieldsControlValidateUi (1,1,1,0,False)" classname="Philips.PMP.Test.Auto.PatientFieldsControlTest" time="0.021" status="1" />
    <testcase name="PatientFieldsControlValidateUi (1,1,0,1,False)" classname="Philips.PMP.Test.Auto.PatientFieldsControlTest" time="0.012" status="1" />
    <testcase name="PatientFieldsControlValidateUi (1,0,1,1,False)" classname="Philips.PMP.Test.Auto.PatientFieldsControlTest" time="0.012" status="1" />
    <testcase name="PatientFieldsControlValidateUi (0,1,1,1,False)" classname="Philips.PMP.Test.Auto.PatientFieldsControlTest" time="0.016" status="1" />
    <testcase name="PatientFieldsControlValidateUi (1,1,1,1,True)" classname="Philips.PMP.Test.Auto.PatientFieldsControlTest" time="0.012" status="1" />
    <testcase name="PatientFieldsControlSetPatientIdAndCareFieldsValues" classname="Philips.PMP.Test.Auto.PatientFieldsControlTest" time="0.020" status="1" />
    <system-out />
    <system-err />
  </testsuite>
  <testsuite name="Philips.PMP.Test.Auto.PatientSearchControlTest" hostname="RESTORMEL" package="not available" id="428" tests="5" failures="0" errors="0" skipped="0" time="0.139" timestamp="2023-12-13T03:30:28">
    <properties />
    <testcase name="PatientSearchControlDisplaySearchResults" classname="Philips.PMP.Test.Auto.PatientSearchControlTest" time="0.045" status="1" />
    <testcase name="PatientSearchControlCheckMatchingPatientsSearchResultsCount (False,1,1,0)" classname="Philips.PMP.Test.Auto.PatientSearchControlTest" time="0.022" status="1" />
    <testcase name="PatientSearchControlCheckMatchingPatientsSearchResultsCount (True,1,1,1)" classname="Philips.PMP.Test.Auto.PatientSearchControlTest" time="0.024" status="1" />
    <testcase name="PatientSearchControlCheckMatchingPatientsSearchResultsCount (True,2,0,0)" classname="Philips.PMP.Test.Auto.PatientSearchControlTest" time="0.028" status="1" />
    <testcase name="PatientSearchControlCheckMatchingPatientsSearchResultsCount (False,1,0,0)" classname="Philips.PMP.Test.Auto.PatientSearchControlTest" time="0.020" status="1" />
    <system-out />
    <system-err />
  </testsuite>
  <testsuite name="Philips.PMP.Test.Auto.DataBackIntegrationFilterTest" hostname="RESTORMEL" package="not available" id="429" tests="6" failures="0" errors="0" skipped="0" time="0.020" timestamp="2023-12-13T03:33:35">
    <properties />
    <testcase name="DataBackIntegrationFilterIgnoreSpecificMetricsTest (17424,True)" classname="Philips.PMP.Test.Auto.DataBackIntegrationFilterTest" time="0.001" status="1" />
    <testcase name="DataBackIntegrationFilterIgnoreSpecificMetricsTest (53249,True)" classname="Philips.PMP.Test.Auto.DataBackIntegrationFilterTest" time="0.001" status="1" />
    <testcase name="DataBackIntegrationFilterIgnoreSpecificMetricsTest (64351,False)" classname="Philips.PMP.Test.Auto.DataBackIntegrationFilterTest" time="0.001" status="1" />
    <testcase name="DataBackIntegrationFilterDataTest (True,True,0,0)" classname="Philips.PMP.Test.Auto.DataBackIntegrationFilterTest" time="0.008" status="1" />
    <testcase name="DataBackIntegrationFilterDataTest (False,False,0,0)" classname="Philips.PMP.Test.Auto.DataBackIntegrationFilterTest" time="0.002" status="1" />
    <testcase name="DataBackIntegrationFilterDataTest (False,True,1,1)" classname="Philips.PMP.Test.Auto.DataBackIntegrationFilterTest" time="0.008" status="1" />
    <system-out />
    <system-err />
  </testsuite>
  <testsuite name="Philips.PMP.Test.Auto.MobileDeviceCommunicatorTest" hostname="RESTORMEL" package="not available" id="430" tests="3" failures="0" errors="0" skipped="0" time="0.231" timestamp="2023-12-13T03:29:47">
    <properties />
    <testcase name="ProcessAuthenticationRequestShouldPopulateTokenDetails" classname="Philips.PMP.Test.Auto.MobileDeviceCommunicatorTest" time="0.181" status="1" />
    <testcase name="ProcessIdentityRequestShouldPopulateTokenDetails" classname="Philips.PMP.Test.Auto.MobileDeviceCommunicatorTest" time="0.028" status="1" />
    <testcase name="ProcessPatientAdmitRequestShouldReturnRequestId" classname="Philips.PMP.Test.Auto.MobileDeviceCommunicatorTest" time="0.022" status="1" />
    <system-out />
    <system-err />
  </testsuite>
  <testsuite name="Philips.PMP.Test.Auto.EventLogGraphicsResetAnalyzerTest" hostname="RESTORMEL" package="not available" id="431" tests="11" failures="0" errors="0" skipped="0" time="0.795" timestamp="2023-12-13T03:29:59">
    <properties />
    <testcase name="BugCheckOnStart (True,False,1)" classname="Philips.PMP.Test.Auto.EventLogGraphicsResetAnalyzerTest" time="0.042" status="1" />
    <testcase name="BugCheckOnStart (False,False,0)" classname="Philips.PMP.Test.Auto.EventLogGraphicsResetAnalyzerTest" time="0.021" status="1" />
    <testcase name="BugCheckOnStart (True,True,0)" classname="Philips.PMP.Test.Auto.EventLogGraphicsResetAnalyzerTest" time="0.010" status="1" />
    <testcase name="CheckHeartbeatTest" classname="Philips.PMP.Test.Auto.EventLogGraphicsResetAnalyzerTest" time="0.009" status="1" />
    <testcase name="EventLogGraphicsResetAnalyzerBugChecksOnReset (True,False,False,1)" classname="Philips.PMP.Test.Auto.EventLogGraphicsResetAnalyzerTest" time="0.518" status="1" />
    <testcase name="EventLogGraphicsResetAnalyzerBugChecksOnReset (False,False,False,0)" classname="Philips.PMP.Test.Auto.EventLogGraphicsResetAnalyzerTest" time="0.021" status="1" />
    <testcase name="EventLogGraphicsResetAnalyzerBugChecksOnReset (True,False,True,0)" classname="Philips.PMP.Test.Auto.EventLogGraphicsResetAnalyzerTest" time="0.012" status="1" />
    <testcase name="EventLogGraphicsResetAnalyzerBugChecksOnReset (False,False,True,0)" classname="Philips.PMP.Test.Auto.EventLogGraphicsResetAnalyzerTest" time="0.003" status="1" />
    <testcase name="EventLogGraphicsResetAnalyzerBugChecksOnReset (True,True,False,0)" classname="Philips.PMP.Test.Auto.EventLogGraphicsResetAnalyzerTest" time="0.008" status="1" />
    <testcase name="EventLogGraphicsResetAnalyzerChecksToLastStart (PIC iX System Events,301)" classname="Philips.PMP.Test.Auto.EventLogGraphicsResetAnalyzerTest" time="0.147" status="1" />
    <testcase name="EventLogGraphicsResetAnalyzerChecksToLastStart (PIC iX System Events,300)" classname="Philips.PMP.Test.Auto.EventLogGraphicsResetAnalyzerTest" time="0.003" status="1" />
    <system-out />
    <system-err />
  </testsuite>
  <testsuite name="Philips.PMP.Test.Auto.DisplayControllerTest" hostname="RESTORMEL" package="not available" id="432" tests="6" failures="0" errors="0" skipped="0" time="0.284" timestamp="2023-12-13T03:30:19">
    <properties />
    <testcase name="SendDisplayInfoTest" classname="Philips.PMP.Test.Auto.DisplayControllerTest" time="0.232" status="1" />
    <testcase name="ApplicationWindowShownTest (True)" classname="Philips.PMP.Test.Auto.DisplayControllerTest" time="0.014" status="1" />
    <testcase name="ApplicationWindowShownTest (False)" classname="Philips.PMP.Test.Auto.DisplayControllerTest" time="0.011" status="1" />
    <testcase name="ApplicationWindowEnabledTest" classname="Philips.PMP.Test.Auto.DisplayControllerTest" time="0.001" status="1" />
    <testcase name="OnDisplaySettingChangedTest" classname="Philips.PMP.Test.Auto.DisplayControllerTest" time="0.025" status="1" />
    <testcase name="ApplicationWindowDisabledTest" classname="Philips.PMP.Test.Auto.DisplayControllerTest" time="0.001" status="1" />
    <system-out />
    <system-err />
  </testsuite>
  <testsuite name="Philips.PMP.Test.Auto.UserControlInstanceCreatorTest" hostname="RESTORMEL" package="not available" id="433" tests="3" failures="0" errors="0" skipped="0" time="0.043" timestamp="2023-12-13T03:30:19">
    <properties />
    <testcase name="UserControlInstanceCreatorConstructUserControl (Philips.PMP.Test.Auto.ReviewApplicationControl,UserControlEx)" classname="Philips.PMP.Test.Auto.UserControlInstanceCreatorTest" time="0.006" status="1" />
    <testcase name="UserControlInstanceCreatorConstructUserControl (Philips.PIC.Applications.ExternalApplicationControl,ExternalApplicationControl)" classname="Philips.PMP.Test.Auto.UserControlInstanceCreatorTest" time="0.033" status="1" />
    <testcase name="UserControlInstanceCreatorConstructUserControl (Philips.Platform.NetFramework.UserControlEx,UserControlEx)" classname="Philips.PMP.Test.Auto.UserControlInstanceCreatorTest" time="0.004" status="1" />
    <system-out />
    <system-err />
  </testsuite>
  <testsuite name="Philips.PMP.Test.Auto.FirewallProviderTest" hostname="RESTORMEL" package="not available" id="434" tests="18" failures="0" errors="0" skipped="0" time="0.044" timestamp="2023-12-13T03:36:15">
    <properties />
    <testcase name="FirewallExclusionForLicenseTest (DB1,DHCP,Mobility Client)" classname="Philips.PMP.Test.Auto.FirewallProviderTest" time="0.003" status="1" />
    <testcase name="FirewallExclusionForLicenseTest (unknownCode,PubSub,DHCP)" classname="Philips.PMP.Test.Auto.FirewallProviderTest" time="0.004" status="1" />
    <testcase name="FirewallProviderIncludesExclusion (PubSub)" classname="Philips.PMP.Test.Auto.FirewallProviderTest" time="0.007" status="1" />
    <testcase name="FirewallProviderIncludesExclusion (WCF)" classname="Philips.PMP.Test.Auto.FirewallProviderTest" time="0.002" status="1" />
    <testcase name="FirewallProviderIncludesExclusion (RemoteDesktop)" classname="Philips.PMP.Test.Auto.FirewallProviderTest" time="0.002" status="1" />
    <testcase name="FirewallProviderIncludesExclusion (NetBios)" classname="Philips.PMP.Test.Auto.FirewallProviderTest" time="0.002" status="1" />
    <testcase name="FirewallProviderIncludesExclusion (Fileshare)" classname="Philips.PMP.Test.Auto.FirewallProviderTest" time="0.002" status="1" />
    <testcase name="FirewallProviderIncludesExclusion (DNS)" classname="Philips.PMP.Test.Auto.FirewallProviderTest" time="0.002" status="1" />
    <testcase name="FirewallProviderIncludesExclusion (CardioSave)" classname="Philips.PMP.Test.Auto.FirewallProviderTest" time="0.002" status="1" />
    <testcase name="FirewallProviderIncludesExclusion (WMI)" classname="Philips.PMP.Test.Auto.FirewallProviderTest" time="0.002" status="1" />
    <testcase name="FirewallProviderIncludesExclusion (WMI)" classname="Philips.PMP.Test.Auto.FirewallProviderTest" time="0.005" status="1" />
    <testcase name="FirewallProviderIncludesExclusion (XDS Printing)" classname="Philips.PMP.Test.Auto.FirewallProviderTest" time="0.002" status="1" />
    <testcase name="FirewallProviderIncludesExclusion (ICMP-EchoRequest)" classname="Philips.PMP.Test.Auto.FirewallProviderTest" time="0.002" status="1" />
    <testcase name="FirewallProviderIncludesExclusion (ServiceHost)" classname="Philips.PMP.Test.Auto.FirewallProviderTest" time="0.002" status="1" />
    <testcase name="FirewallProviderIncludesExclusion (BedSim)" classname="Philips.PMP.Test.Auto.FirewallProviderTest" time="0.002" status="1" />
    <testcase name="FirewallProviderIncludesExclusion (HL7ToolBox)" classname="Philips.PMP.Test.Auto.FirewallProviderTest" time="0.002" status="1" />
    <testcase name="FirewallProviderIncludesExclusion (UltraVNC)" classname="Philips.PMP.Test.Auto.FirewallProviderTest" time="0.002" status="1" />
    <testcase name="FirewallProviderIncludesExclusion (HL7Mirror)" classname="Philips.PMP.Test.Auto.FirewallProviderTest" time="0.002" status="1" />
    <system-out />
    <system-err />
  </testsuite>
  <testsuite name="Philips.PMP.Test.Auto.CiServiceHelperTest" hostname="RESTORMEL" package="not available" id="435" tests="29" failures="0" errors="0" skipped="0" time="0.613" timestamp="2023-12-13T03:31:00">
    <properties />
    <testcase name="AlarmReflectionConfigurationBedEqualityTest" classname="Philips.PMP.Test.Auto.CiServiceHelperTest" time="0.006" status="1" />
    <testcase name="CiConfigurationLabelEqualityTest" classname="Philips.PMP.Test.Auto.CiServiceHelperTest" time="0.288" status="1" />
    <testcase name="AlarmReflectionConfigurationBedLabelChangeEqualityTest" classname="Philips.PMP.Test.Auto.CiServiceHelperTest" time="0.001" status="1" />
    <testcase name="AlarmReflectionConfigurationEqualityTest" classname="Philips.PMP.Test.Auto.CiServiceHelperTest" time="0.001" status="1" />
    <testcase name="CiConfigurationEqualityTest" classname="Philips.PMP.Test.Auto.CiServiceHelperTest" time="0.258" status="1" />
    <testcase name="ShouldConnectToMasterHostSelectionTest (True,False,False,True,True,False)" classname="Philips.PMP.Test.Auto.CiServiceHelperTest" time="0.006" status="1" />
    <testcase name="ShouldConnectToMasterHostSelectionTest (True,True,False,True,True,False)" classname="Philips.PMP.Test.Auto.CiServiceHelperTest" time="0.002" status="1" />
    <testcase name="ShouldConnectToMasterHostSelectionTest (True,False,False,True,False,False)" classname="Philips.PMP.Test.Auto.CiServiceHelperTest" time="0.002" status="1" />
    <testcase name="ShouldConnectToMasterHostSelectionTest (True,True,False,True,False,True)" classname="Philips.PMP.Test.Auto.CiServiceHelperTest" time="0.002" status="1" />
    <testcase name="ShouldConnectToMasterHostSelectionTest (True,False,False,False,True,False)" classname="Philips.PMP.Test.Auto.CiServiceHelperTest" time="0.002" status="1" />
    <testcase name="ShouldConnectToMasterHostSelectionTest (True,True,False,False,True,False)" classname="Philips.PMP.Test.Auto.CiServiceHelperTest" time="0.002" status="1" />
    <testcase name="ShouldConnectToMasterHostSelectionTest (True,False,False,False,False,False)" classname="Philips.PMP.Test.Auto.CiServiceHelperTest" time="0.002" status="1" />
    <testcase name="ShouldConnectToMasterHostSelectionTest (True,True,False,False,False,False)" classname="Philips.PMP.Test.Auto.CiServiceHelperTest" time="0.002" status="1" />
    <testcase name="ShouldConnectToMasterHostSelectionTest (False,True,False,True,True,False)" classname="Philips.PMP.Test.Auto.CiServiceHelperTest" time="0.002" status="1" />
    <testcase name="ShouldConnectToMasterHostSelectionTest (False,False,False,True,True,False)" classname="Philips.PMP.Test.Auto.CiServiceHelperTest" time="0.002" status="1" />
    <testcase name="ShouldConnectToMasterHostSelectionTest (False,True,False,True,False,True)" classname="Philips.PMP.Test.Auto.CiServiceHelperTest" time="0.002" status="1" />
    <testcase name="ShouldConnectToMasterHostSelectionTest (False,False,False,True,False,True)" classname="Philips.PMP.Test.Auto.CiServiceHelperTest" time="0.002" status="1" />
    <testcase name="ShouldConnectToMasterHostSelectionTest (False,True,False,False,True,False)" classname="Philips.PMP.Test.Auto.CiServiceHelperTest" time="0.002" status="1" />
    <testcase name="ShouldConnectToMasterHostSelectionTest (False,False,False,False,True,False)" classname="Philips.PMP.Test.Auto.CiServiceHelperTest" time="0.002" status="1" />
    <testcase name="ShouldConnectToMasterHostSelectionTest (False,True,False,False,False,False)" classname="Philips.PMP.Test.Auto.CiServiceHelperTest" time="0.002" status="1" />
    <testcase name="ShouldConnectToMasterHostSelectionTest (False,False,False,False,False,False)" classname="Philips.PMP.Test.Auto.CiServiceHelperTest" time="0.002" status="1" />
    <testcase name="ShouldConnectToMasterHostSelectionTest (False,True,True,True,True,False)" classname="Philips.PMP.Test.Auto.CiServiceHelperTest" time="0.002" status="1" />
    <testcase name="ShouldConnectToMasterHostSelectionTest (False,False,True,True,True,False)" classname="Philips.PMP.Test.Auto.CiServiceHelperTest" time="0.002" status="1" />
    <testcase name="ShouldConnectToMasterHostSelectionTest (False,True,True,True,False,False)" classname="Philips.PMP.Test.Auto.CiServiceHelperTest" time="0.002" status="1" />
    <testcase name="ShouldConnectToMasterHostSelectionTest (False,False,True,True,False,False)" classname="Philips.PMP.Test.Auto.CiServiceHelperTest" time="0.002" status="1" />
    <testcase name="ShouldConnectToMasterHostSelectionTest (False,True,True,False,True,False)" classname="Philips.PMP.Test.Auto.CiServiceHelperTest" time="0.007" status="1" />
    <testcase name="ShouldConnectToMasterHostSelectionTest (False,False,True,False,True,False)" classname="Philips.PMP.Test.Auto.CiServiceHelperTest" time="0.003" status="1" />
    <testcase name="ShouldConnectToMasterHostSelectionTest (False,True,True,False,False,False)" classname="Philips.PMP.Test.Auto.CiServiceHelperTest" time="0.002" status="1" />
    <testcase name="ShouldConnectToMasterHostSelectionTest (False,False,True,False,False,False)" classname="Philips.PMP.Test.Auto.CiServiceHelperTest" time="0.002" status="1" />
    <system-out />
    <system-err />
  </testsuite>
  <testsuite name="Philips.RootMain.Test.FeatureValueTest" hostname="RESTORMEL" package="not available" id="436" tests="1" failures="0" errors="0" skipped="0" time="0.011" timestamp="2023-12-13T03:38:57">
    <properties />
    <testcase name="FeatureValueEqualityTest" classname="Philips.RootMain.Test.FeatureValueTest" time="0.011" status="1" />
    <system-out />
    <system-err />
  </testsuite>
  <testsuite name="Philips.PIC.WebBridge.Test.UdiControllerTest" hostname="RESTORMEL" package="not available" id="437" tests="1" failures="0" errors="0" skipped="0" time="0.051" timestamp="2023-12-13T03:39:11">
    <properties />
    <testcase name="GetUdiInfo" classname="Philips.PIC.WebBridge.Test.UdiControllerTest" time="0.051" status="1" />
    <system-out />
    <system-err />
  </testsuite>
  <testsuite name="Philips.PMP.Test.Auto.StreamNotificationClientConnectionTest" hostname="RESTORMEL" package="not available" id="438" tests="3" failures="0" errors="0" skipped="0" time="0.019" timestamp="2023-12-13T03:37:02">
    <properties />
    <testcase name="StreamNotificationClientConnectionCanSububscribeToTransferNotifications" classname="Philips.PMP.Test.Auto.StreamNotificationClientConnectionTest" time="0.007" status="1" />
    <testcase name="StreamNotificationClientConnectionCanSububscribe" classname="Philips.PMP.Test.Auto.StreamNotificationClientConnectionTest" time="0.008" status="1" />
    <testcase name="StreamNotificationClientConnectionCorrectlyProvidesSubscriptions" classname="Philips.PMP.Test.Auto.StreamNotificationClientConnectionTest" time="0.003" status="1" />
    <system-out />
    <system-err />
  </testsuite>
  <testsuite name="Philips.PMP.Test.Auto.FullDisclosureValueProcessorTest" hostname="RESTORMEL" package="not available" id="439" tests="2" failures="0" errors="0" skipped="0" time="0.096" timestamp="2023-12-13T03:29:54">
    <properties />
    <testcase name="EcgWaveChannelMappingTest" classname="Philips.PMP.Test.Auto.FullDisclosureValueProcessorTest" time="0.008" status="1" />
    <testcase name="WaveConversionTest" classname="Philips.PMP.Test.Auto.FullDisclosureValueProcessorTest" time="0.088" status="1" />
    <system-out />
    <system-err />
  </testsuite>
  <testsuite name="Philips.PMP.Test.Auto.MdilConverterTest" hostname="RESTORMEL" package="not available" id="440" tests="5" failures="0" errors="0" skipped="0" time="0.010" timestamp="2023-12-13T03:29:41">
    <properties />
    <testcase name="MdilConverterAlertIntegrationTest (True,False,0)" classname="Philips.PMP.Test.Auto.MdilConverterTest" time="0.006" status="1" />
    <testcase name="MdilConverterAlertIntegrationTest (False,True,0)" classname="Philips.PMP.Test.Auto.MdilConverterTest" time="0.001" status="1" />
    <testcase name="MdilConverterAlertIntegrationTest (False,False,2)" classname="Philips.PMP.Test.Auto.MdilConverterTest" time="0.000" status="1" />
    <testcase name="MdilConverterAlertIntegrationTest (True,True,2)" classname="Philips.PMP.Test.Auto.MdilConverterTest" time="0.000" status="1" />
    <testcase name="MdilConverterAlertIntegrationTest (True,True,4)" classname="Philips.PMP.Test.Auto.MdilConverterTest" time="0.001" status="1" />
    <system-out />
    <system-err />
  </testsuite>
  <testsuite name="Philips.PMP.Test.Auto.PatientServiceHelperTest" hostname="RESTORMEL" package="not available" id="441" tests="73" failures="0" errors="0" skipped="0" time="0.336" timestamp="2023-12-13T03:36:48">
    <properties />
    <testcase name="PatientServiceHelperSamePatientMergeTest" classname="Philips.PMP.Test.Auto.PatientServiceHelperTest" time="0.007" status="1" />
    <testcase name="PatientServiceHelperCreateNewPatientTest (False)" classname="Philips.PMP.Test.Auto.PatientServiceHelperTest" time="0.004" status="1" />
    <testcase name="PatientServiceHelperCreateNewPatientTest (True)" classname="Philips.PMP.Test.Auto.PatientServiceHelperTest" time="0.002" status="1" />
    <testcase name="PatientServiceHelperCreateNotificationStringTest (Unknown,,True,)" classname="Philips.PMP.Test.Auto.PatientServiceHelperTest" time="0.001" status="1" />
    <testcase name="PatientServiceHelperCreateNotificationStringTest (GeneralError,,False,Error)" classname="Philips.PMP.Test.Auto.PatientServiceHelperTest" time="0.000" status="1" />
    <testcase name="PatientServiceHelperCreateNotificationStringTest (IdentityError,,False,Patient ID)" classname="Philips.PMP.Test.Auto.PatientServiceHelperTest" time="0.000" status="1" />
    <testcase name="PatientServiceHelperCreateNotificationStringTest (NoHostAccess,,False,Matching identification)" classname="Philips.PMP.Test.Auto.PatientServiceHelperTest" time="0.000" status="1" />
    <testcase name="PatientServiceHelperCreateNotificationStringTest (HisWarning,,False,Warning)" classname="Philips.PMP.Test.Auto.PatientServiceHelperTest" time="0.001" status="1" />
    <testcase name="PatientServiceHelperCreateNotificationStringTest (AddToAssignedPatient,,False,Add device)" classname="Philips.PMP.Test.Auto.PatientServiceHelperTest" time="0.001" status="1" />
    <testcase name="PatientServiceHelperCreateNotificationStringTest (ClearForNextPatient,,False,Clear data)" classname="Philips.PMP.Test.Auto.PatientServiceHelperTest" time="0.001" status="1" />
    <testcase name="PatientServiceHelperCreateNotificationStringTest (UseCentralPatient,,False,Confirm patient)" classname="Philips.PMP.Test.Auto.PatientServiceHelperTest" time="0.000" status="1" />
    <testcase name="PatientServiceHelperCreateNotificationStringTest (StopMonitoring,,False,Stop monitoring)" classname="Philips.PMP.Test.Auto.PatientServiceHelperTest" time="0.000" status="1" />
    <testcase name="PatientServiceHelperCreateNotificationStringTest (DischargePatient,,False,Discharge patient)" classname="Philips.PMP.Test.Auto.PatientServiceHelperTest" time="0.000" status="1" />
    <testcase name="PatientServiceHelperCreateNotificationStringTest (AdmitPatient,,False,Admit patient)" classname="Philips.PMP.Test.Auto.PatientServiceHelperTest" time="0.001" status="1" />
    <testcase name="PatientServiceHelperCreateNotificationStringTest (TransferPatient,,False,Transfer patient from)" classname="Philips.PMP.Test.Auto.PatientServiceHelperTest" time="0.000" status="1" />
    <testcase name="PatientServiceHelperCreateNotificationStringTest (ReadmitPatient,,False,Readmit patient formerly)" classname="Philips.PMP.Test.Auto.PatientServiceHelperTest" time="0.001" status="1" />
    <testcase name="PatientServiceHelperCreateNotificationStringTest (TransferPatient,test,False,Transfer patient test)" classname="Philips.PMP.Test.Auto.PatientServiceHelperTest" time="0.000" status="1" />
    <testcase name="PatientServiceHelperCreateNotificationStringTest (ReadmitPatient,test,False,Readmit patient test)" classname="Philips.PMP.Test.Auto.PatientServiceHelperTest" time="0.000" status="1" />
    <testcase name="PatientServiceHelperDidGroupChangeTest" classname="Philips.PMP.Test.Auto.PatientServiceHelperTest" time="0.004" status="1" />
    <testcase name="PatientServiceHelperCorrectUnsupportedAttributesTest" classname="Philips.PMP.Test.Auto.PatientServiceHelperTest" time="0.011" status="1" />
    <testcase name="PatientServiceHelperCorrectBodyMeasuresTest (Centimeters,Kilograms,False,False)" classname="Philips.PMP.Test.Auto.PatientServiceHelperTest" time="0.002" status="1" />
    <testcase name="PatientServiceHelperCorrectBodyMeasuresTest (Centimeters,Pounds,False,True)" classname="Philips.PMP.Test.Auto.PatientServiceHelperTest" time="0.001" status="1" />
    <testcase name="PatientServiceHelperCorrectBodyMeasuresTest (Inches,Kilograms,True,False)" classname="Philips.PMP.Test.Auto.PatientServiceHelperTest" time="0.001" status="1" />
    <testcase name="PatientServiceHelperCorrectBodyMeasuresTest (Inches,Pounds,True,True)" classname="Philips.PMP.Test.Auto.PatientServiceHelperTest" time="0.001" status="1" />
    <testcase name="PatientServiceHelperApplyIdPatientChangesTest" classname="Philips.PMP.Test.Auto.PatientServiceHelperTest" time="0.001" status="1" />
    <testcase name="PatientAssignmentHelperAreRequiredFieldsMissingTest" classname="Philips.PMP.Test.Auto.PatientServiceHelperTest" time="0.001" status="1" />
    <testcase name="PatientServiceHelperIncludeHisConflictTest" classname="Philips.PMP.Test.Auto.PatientServiceHelperTest" time="0.003" status="1" />
    <testcase name="PatientServiceHelperIsNewSystemIdTest" classname="Philips.PMP.Test.Auto.PatientServiceHelperTest" time="0.003" status="1" />
    <testcase name="PatientServiceHelperAuditPatientFieldsTest (False,False,False,False,0)" classname="Philips.PMP.Test.Auto.PatientServiceHelperTest" time="0.003" status="1" />
    <testcase name="PatientServiceHelperAuditPatientFieldsTest (True,False,False,False,1)" classname="Philips.PMP.Test.Auto.PatientServiceHelperTest" time="0.003" status="1" />
    <testcase name="PatientServiceHelperAuditPatientFieldsTest (False,True,False,False,1)" classname="Philips.PMP.Test.Auto.PatientServiceHelperTest" time="0.001" status="1" />
    <testcase name="PatientServiceHelperAuditPatientFieldsTest (False,False,True,False,1)" classname="Philips.PMP.Test.Auto.PatientServiceHelperTest" time="0.002" status="1" />
    <testcase name="PatientServiceHelperAuditPatientFieldsTest (False,False,False,True,1)" classname="Philips.PMP.Test.Auto.PatientServiceHelperTest" time="0.001" status="1" />
    <testcase name="PatientServiceHelperAuditPatientFieldsTest (True,True,True,True,4)" classname="Philips.PMP.Test.Auto.PatientServiceHelperTest" time="0.001" status="1" />
    <testcase name="PatientServiceHelperCreateNotificationFromStringTest (Unknown,Confirm)" classname="Philips.PMP.Test.Auto.PatientServiceHelperTest" time="0.001" status="1" />
    <testcase name="PatientServiceHelperCreateNotificationFromStringTest (HisWarning,Info)" classname="Philips.PMP.Test.Auto.PatientServiceHelperTest" time="0.000" status="1" />
    <testcase name="PatientServiceHelperCreateNotificationFromStringTest (IdentityError,Error)" classname="Philips.PMP.Test.Auto.PatientServiceHelperTest" time="0.000" status="1" />
    <testcase name="PatientServiceHelperCreateNotificationFromStringTest (GeneralError,Error)" classname="Philips.PMP.Test.Auto.PatientServiceHelperTest" time="0.000" status="1" />
    <testcase name="PatientServiceHelperCreateNotificationFromStringTest (NoHostAccess,Error)" classname="Philips.PMP.Test.Auto.PatientServiceHelperTest" time="0.000" status="1" />
    <testcase name="PatientServiceHelperCreatePatientInfoTest (False,False,False,False)" classname="Philips.PMP.Test.Auto.PatientServiceHelperTest" time="0.007" status="1" />
    <testcase name="PatientServiceHelperCreatePatientInfoTest (False,False,False,True)" classname="Philips.PMP.Test.Auto.PatientServiceHelperTest" time="0.002" status="1" />
    <testcase name="PatientServiceHelperCreatePatientInfoTest (True,False,False,False)" classname="Philips.PMP.Test.Auto.PatientServiceHelperTest" time="0.002" status="1" />
    <testcase name="PatientServiceHelperCreatePatientInfoTest (True,True,False,False)" classname="Philips.PMP.Test.Auto.PatientServiceHelperTest" time="0.002" status="1" />
    <testcase name="PatientServiceHelperCreatePatientInfoTest (True,False,True,False)" classname="Philips.PMP.Test.Auto.PatientServiceHelperTest" time="0.002" status="1" />
    <testcase name="PatientServiceHelperCreatePatientInfoTest (True,True,True,True)" classname="Philips.PMP.Test.Auto.PatientServiceHelperTest" time="0.002" status="1" />
    <testcase name="PatientServiceHelperDidRequiredFieldsMissingChangeTest" classname="Philips.PMP.Test.Auto.PatientServiceHelperTest" time="0.001" status="1" />
    <testcase name="PatientServiceHelperIsPatientMatchTest" classname="Philips.PMP.Test.Auto.PatientServiceHelperTest" time="0.032" status="1" />
    <testcase name="PatientServiceHelperShouldStartMgmtAssociationTest (False,False,False,False,True)" classname="Philips.PMP.Test.Auto.PatientServiceHelperTest" time="0.001" status="1" />
    <testcase name="PatientServiceHelperShouldStartMgmtAssociationTest (True,False,False,False,True)" classname="Philips.PMP.Test.Auto.PatientServiceHelperTest" time="0.000" status="1" />
    <testcase name="PatientServiceHelperShouldStartMgmtAssociationTest (True,True,False,False,False)" classname="Philips.PMP.Test.Auto.PatientServiceHelperTest" time="0.000" status="1" />
    <testcase name="PatientServiceHelperShouldStartMgmtAssociationTest (True,False,True,False,True)" classname="Philips.PMP.Test.Auto.PatientServiceHelperTest" time="0.000" status="1" />
    <testcase name="PatientServiceHelperShouldStartMgmtAssociationTest (True,False,False,True,False)" classname="Philips.PMP.Test.Auto.PatientServiceHelperTest" time="0.000" status="1" />
    <testcase name="PatientServiceHelperShouldStartMgmtAssociationTest (True,True,False,True,False)" classname="Philips.PMP.Test.Auto.PatientServiceHelperTest" time="0.000" status="1" />
    <testcase name="PatientServiceHelperAreAnyPatientInfoFieldsChangedTest" classname="Philips.PMP.Test.Auto.PatientServiceHelperTest" time="0.035" status="1" />
    <testcase name="PatientServiceHelperIsNullProfileTest (False)" classname="Philips.PMP.Test.Auto.PatientServiceHelperTest" time="0.001" status="1" />
    <testcase name="PatientServiceHelperIsNullProfileTest (True)" classname="Philips.PMP.Test.Auto.PatientServiceHelperTest" time="0.002" status="1" />
    <testcase name="PatientServiceHelperDidIdsChangeTest" classname="Philips.PMP.Test.Auto.PatientServiceHelperTest" time="0.005" status="1" />
    <testcase name="PatientServiceHelperCopyAndClipTest (False,False,LastName,35,30,True)" classname="Philips.PMP.Test.Auto.PatientServiceHelperTest" time="0.001" status="1" />
    <testcase name="PatientServiceHelperCopyAndClipTest (True,False,LastName,35,30,True)" classname="Philips.PMP.Test.Auto.PatientServiceHelperTest" time="0.002" status="1" />
    <testcase name="PatientServiceHelperCopyAndClipTest (True,True,LastName,35,30,True)" classname="Philips.PMP.Test.Auto.PatientServiceHelperTest" time="0.002" status="1" />
    <testcase name="PatientServiceHelperCopyAndClipTest (True,True,LifetimeId,60,30,True)" classname="Philips.PMP.Test.Auto.PatientServiceHelperTest" time="0.001" status="1" />
    <testcase name="PatientServiceHelperCopyAndClipTest (True,True,EncounterId,60,50,True)" classname="Philips.PMP.Test.Auto.PatientServiceHelperTest" time="0.001" status="1" />
    <testcase name="PatientServiceHelperCopyAndClipTest (True,True,AlternateId,40,50,False)" classname="Philips.PMP.Test.Auto.PatientServiceHelperTest" time="0.000" status="1" />
    <testcase name="PatientServiceHelperApplyNonIdPatientChangesTest" classname="Philips.PMP.Test.Auto.PatientServiceHelperTest" time="0.001" status="1" />
    <testcase name="PatientServiceHelperGetSyncStateTest" classname="Philips.PMP.Test.Auto.PatientServiceHelperTest" time="0.034" status="1" />
    <testcase name="PatientServiceHelperGetDeviceSecurityStateTest (True,False,False,False,False,False,False,Unknown)" classname="Philips.PMP.Test.Auto.PatientServiceHelperTest" time="0.132" status="1" />
    <testcase name="PatientServiceHelperGetDeviceSecurityStateTest (False,True,False,False,False,False,False,Unknown)" classname="Philips.PMP.Test.Auto.PatientServiceHelperTest" time="0.001" status="1" />
    <testcase name="PatientServiceHelperGetDeviceSecurityStateTest (False,False,False,False,False,False,False,SecurityOff)" classname="Philips.PMP.Test.Auto.PatientServiceHelperTest" time="0.001" status="1" />
    <testcase name="PatientServiceHelperGetDeviceSecurityStateTest (False,False,True,False,False,False,False,AuthenticatedAndEncrypted)" classname="Philips.PMP.Test.Auto.PatientServiceHelperTest" time="0.001" status="1" />
    <testcase name="PatientServiceHelperGetDeviceSecurityStateTest (False,False,False,False,True,True,False,Unknown)" classname="Philips.PMP.Test.Auto.PatientServiceHelperTest" time="0.001" status="1" />
    <testcase name="PatientServiceHelperGetDeviceSecurityStateTest (False,False,False,False,True,True,True,NotSecure)" classname="Philips.PMP.Test.Auto.PatientServiceHelperTest" time="0.001" status="1" />
    <testcase name="PatientServiceHelperGetDeviceSecurityStateTest (False,False,False,True,True,True,True,AuthenticatedAndEncrypted)" classname="Philips.PMP.Test.Auto.PatientServiceHelperTest" time="0.001" status="1" />
    <testcase name="PatientServiceHelperGetDeviceSecurityStateTest (False,False,False,True,True,False,True,AuthenticatedNotEncrypted)" classname="Philips.PMP.Test.Auto.PatientServiceHelperTest" time="0.001" status="1" />
    <system-out />
    <system-err />
  </testsuite>
  <testsuite name="Philips.PMP.Test.Auto.ReconnectControlTest" hostname="RESTORMEL" package="not available" id="442" tests="9" failures="0" errors="0" skipped="0" time="0.167" timestamp="2023-12-13T03:30:29">
    <properties />
    <testcase name="ReconnectButtonEnabledTest (True,False,False,False)" classname="Philips.PMP.Test.Auto.ReconnectControlTest" time="0.031" status="1" />
    <testcase name="ReconnectButtonEnabledTest (False,False,False,False)" classname="Philips.PMP.Test.Auto.ReconnectControlTest" time="0.018" status="1" />
    <testcase name="ReconnectButtonEnabledTest (False,True,False,False)" classname="Philips.PMP.Test.Auto.ReconnectControlTest" time="0.016" status="1" />
    <testcase name="ReconnectButtonEnabledTest (False,False,True,False)" classname="Philips.PMP.Test.Auto.ReconnectControlTest" time="0.016" status="1" />
    <testcase name="ReconnectButtonEnabledTest (False,False,False,True)" classname="Philips.PMP.Test.Auto.ReconnectControlTest" time="0.016" status="1" />
    <testcase name="ReconnectButtonEnabledTest (False,True,True,False)" classname="Philips.PMP.Test.Auto.ReconnectControlTest" time="0.021" status="1" />
    <testcase name="ReconnectButtonEnabledTest (False,True,False,True)" classname="Philips.PMP.Test.Auto.ReconnectControlTest" time="0.018" status="1" />
    <testcase name="ReconnectButtonEnabledTest (False,False,True,True)" classname="Philips.PMP.Test.Auto.ReconnectControlTest" time="0.016" status="1" />
    <testcase name="ReconnectButtonEnabledTest (False,True,True,True)" classname="Philips.PMP.Test.Auto.ReconnectControlTest" time="0.016" status="1" />
    <system-out />
    <system-err />
  </testsuite>
  <testsuite name="Philips.PMP.Test.Auto.UdiControlTest" hostname="RESTORMEL" package="not available" id="443" tests="1" failures="0" errors="0" skipped="0" time="0.154" timestamp="2023-12-13T03:37:30">
    <properties />
    <testcase name="UdiControlDisplaysReleaseVersion" classname="Philips.PMP.Test.Auto.UdiControlTest" time="0.154" status="1" />
    <system-out />
    <system-err />
  </testsuite>
  <testsuite name="Philips.PMP.Test.Auto.PerfCounterCollectorTest" hostname="RESTORMEL" package="not available" id="444" tests="2" failures="0" errors="0" skipped="0" time="0.047" timestamp="2023-12-13T03:29:58">
    <properties />
    <testcase name="PerformanceCounterNoMemoryCounterForMobility" classname="Philips.PMP.Test.Auto.PerfCounterCollectorTest" time="0.003" status="1" />
    <testcase name="PerfCounterCollectorCanIgnorePrivateByteAlertsTests" classname="Philips.PMP.Test.Auto.PerfCounterCollectorTest" time="0.043" status="1" />
    <system-out />
    <system-err />
  </testsuite>
  <testsuite name="Philips.PMP.Test.Auto.WaveFrequencyConverterTest" hostname="RESTORMEL" package="not available" id="445" tests="37" failures="0" errors="0" skipped="0" time="0.071" timestamp="2023-12-13T03:29:50">
    <properties />
    <testcase name="WaveConvertMultipleChunksDownSampleTest" classname="Philips.PMP.Test.Auto.WaveFrequencyConverterTest" time="0.002" status="1" />
    <testcase name="WaveConvertBadLength (4,True,)" classname="Philips.PMP.Test.Auto.WaveFrequencyConverterTest" time="0.001" status="1" />
    <testcase name="WaveConvertBadLength (5,False,Wave Converter: Error converting wave data to 125 because length 5 was not a correct multiple of 4.)" classname="Philips.PMP.Test.Auto.WaveFrequencyConverterTest" time="0.000" status="1" />
    <testcase name="WaveConvertBadLength (6,False,Wave Converter: Error converting wave data to 125 because length 6 was not a correct multiple of 4.)" classname="Philips.PMP.Test.Auto.WaveFrequencyConverterTest" time="0.000" status="1" />
    <testcase name="WaveConvertBadLength (7,False,Wave Converter: Error converting wave data to 125 because length 7 was not a correct multiple of 4.)" classname="Philips.PMP.Test.Auto.WaveFrequencyConverterTest" time="0.000" status="1" />
    <testcase name="WaveConvertBadLength (8,True,)" classname="Philips.PMP.Test.Auto.WaveFrequencyConverterTest" time="0.000" status="1" />
    <testcase name="WaveConvertMultipleChunksTest" classname="Philips.PMP.Test.Auto.WaveFrequencyConverterTest" time="0.008" status="1" />
    <testcase name="WaveConvert62Dot5HzWaveTo125HzTest" classname="Philips.PMP.Test.Auto.WaveFrequencyConverterTest" time="0.002" status="1" />
    <testcase name="WaveConvertLengthMismatchTest (8,2,True,0,8223,)" classname="Philips.PMP.Test.Auto.WaveFrequencyConverterTest" time="0.004" status="1" />
    <testcase name="WaveConvertLengthMismatchTest (9,2,False,0,8223,Wave Converter: Error converting wave data to 125 because length 9 was not a correct multiple of 4.)" classname="Philips.PMP.Test.Auto.WaveFrequencyConverterTest" time="0.002" status="1" />
    <testcase name="WaveConvertLengthMismatchTest (10,2,False,0,8223,Wave Converter: Error converting wave data to 125 because length 10 was not a correct multiple of 4.)" classname="Philips.PMP.Test.Auto.WaveFrequencyConverterTest" time="0.000" status="1" />
    <testcase name="WaveConvertLengthMismatchTest (11,2,False,0,8223,Wave Converter: Error converting wave data to 125 because length 11 was not a correct multiple of 4.)" classname="Philips.PMP.Test.Auto.WaveFrequencyConverterTest" time="0.000" status="1" />
    <testcase name="WaveConvertLengthMismatchTest (12,3,True,0,8223,8227,)" classname="Philips.PMP.Test.Auto.WaveFrequencyConverterTest" time="0.000" status="1" />
    <testcase name="WaveConvertLengthMismatchTest (13,3,False,0,8223,8227,Wave Converter: Error converting wave data to 125 because length 13 was not a correct multiple of 4.)" classname="Philips.PMP.Test.Auto.WaveFrequencyConverterTest" time="0.000" status="1" />
    <testcase name="WaveConvertLengthMismatchTest (14,3,False,0,8223,8227,Wave Converter: Error converting wave data to 125 because length 14 was not a correct multiple of 4.)" classname="Philips.PMP.Test.Auto.WaveFrequencyConverterTest" time="0.000" status="1" />
    <testcase name="WaveConvertLengthMismatchTest (15,3,False,0,8223,8227,Wave Converter: Error converting wave data to 125 because length 15 was not a correct multiple of 4.)" classname="Philips.PMP.Test.Auto.WaveFrequencyConverterTest" time="0.000" status="1" />
    <testcase name="WaveConvertLengthMismatchTest (16,4,True,0,8223,8227,8231,)" classname="Philips.PMP.Test.Auto.WaveFrequencyConverterTest" time="0.000" status="1" />
    <testcase name="WaveConvertLengthMismatchTest (17,4,False,0,8223,8227,8231,Wave Converter: Error converting wave data to 125 because length 17 was not a correct multiple of 4.)" classname="Philips.PMP.Test.Auto.WaveFrequencyConverterTest" time="0.000" status="1" />
    <testcase name="WaveConvertLengthMismatchTest (18,4,False,0,8223,8227,8231,Wave Converter: Error converting wave data to 125 because length 18 was not a correct multiple of 4.)" classname="Philips.PMP.Test.Auto.WaveFrequencyConverterTest" time="0.000" status="1" />
    <testcase name="WaveConvertLengthMismatchTest (26,6,False,0,8223,8227,8231,8235,8239,Wave Converter: Error converting wave data to 125 because length 26 was not a correct multiple of 4.)" classname="Philips.PMP.Test.Auto.WaveFrequencyConverterTest" time="0.000" status="1" />
    <testcase name="WaveConvertLengthMismatchTest (27,6,False,0,8223,8227,8231,8235,8239,Wave Converter: Error converting wave data to 125 because length 27 was not a correct multiple of 4.)" classname="Philips.PMP.Test.Auto.WaveFrequencyConverterTest" time="0.004" status="1" />
    <testcase name="WaveConvertLengthMismatchTest (28,7,True,0,8223,8227,8231,8235,8239,8243,)" classname="Philips.PMP.Test.Auto.WaveFrequencyConverterTest" time="0.001" status="1" />
    <testcase name="WaveConvertLengthMismatchTest (29,7,False,0,8223,8227,8231,8235,8239,8243,Wave Converter: Error converting wave data to 125 because length 29 was not a correct multiple of 4.)" classname="Philips.PMP.Test.Auto.WaveFrequencyConverterTest" time="0.000" status="1" />
    <testcase name="WaveConvertLengthMismatchTest (30,7,False,0,8223,8227,8231,8235,8239,8243,Wave Converter: Error converting wave data to 125 because length 30 was not a correct multiple of 4.)" classname="Philips.PMP.Test.Auto.WaveFrequencyConverterTest" time="0.001" status="1" />
    <testcase name="WaveConvertMultipleChunksDisallowDownSampleTest" classname="Philips.PMP.Test.Auto.WaveFrequencyConverterTest" time="0.001" status="1" />
    <testcase name="WaveConvertMultipleChunksNoChange1" classname="Philips.PMP.Test.Auto.WaveFrequencyConverterTest" time="0.001" status="1" />
    <testcase name="WaveConvert31Dot25HzWaveTo125HzTest" classname="Philips.PMP.Test.Auto.WaveFrequencyConverterTest" time="0.001" status="1" />
    <testcase name="WaveConvertMultipleChunksUpSampleTest" classname="Philips.PMP.Test.Auto.WaveFrequencyConverterTest" time="0.001" status="1" />
    <testcase name="WaveConvertBadFrequency (500,True,True,False,)" classname="Philips.PMP.Test.Auto.WaveFrequencyConverterTest" time="0.000" status="1" />
    <testcase name="WaveConvertBadFrequency (125,True,True,False,Wave Converter: Chunk length (2) less than ConversionMultiple (4).)" classname="Philips.PMP.Test.Auto.WaveFrequencyConverterTest" time="0.000" status="1" />
    <testcase name="WaveConvertBadFrequency (1000,False,True,False,)" classname="Philips.PMP.Test.Auto.WaveFrequencyConverterTest" time="0.000" status="1" />
    <testcase name="WaveConvertMultipleChunksDisallowUpSampleTest" classname="Philips.PMP.Test.Auto.WaveFrequencyConverterTest" time="0.001" status="1" />
    <testcase name="WaveConvert250HzWaveTo125HzTest" classname="Philips.PMP.Test.Auto.WaveFrequencyConverterTest" time="0.026" status="1" />
    <testcase name="WaveConvertBadNextChunkSamples" classname="Philips.PMP.Test.Auto.WaveFrequencyConverterTest" time="0.000" status="1" />
    <testcase name="WaveConvert500HzWaveTo125HzTest" classname="Philips.PMP.Test.Auto.WaveFrequencyConverterTest" time="0.010" status="1" />
    <testcase name="FillSampleDeviationDetails" classname="Philips.PMP.Test.Auto.WaveFrequencyConverterTest" time="0.000" status="1" />
    <testcase name="WaveConvertMultipleChunksNoChange2" classname="Philips.PMP.Test.Auto.WaveFrequencyConverterTest" time="0.001" status="1" />
    <system-out />
    <system-err />
  </testsuite>
  <testsuite name="Philips.PMP.Test.Auto.AutoAdtSettingTest" hostname="RESTORMEL" package="not available" id="446" tests="9" failures="0" errors="0" skipped="0" time="0.064" timestamp="2023-12-13T03:29:38">
    <properties />
    <testcase name="IsPushAndPullTransferEnabled (EitherLocation,False,False,False)" classname="Philips.PMP.Test.Auto.AutoAdtSettingTest" time="0.001" status="1" />
    <testcase name="IsPushAndPullTransferEnabled (EitherLocation,True,True,True)" classname="Philips.PMP.Test.Auto.AutoAdtSettingTest" time="0.022" status="1" />
    <testcase name="IsPushAndPullTransferEnabled (PullTransferConfirmationOnly,True,False,True)" classname="Philips.PMP.Test.Auto.AutoAdtSettingTest" time="0.018" status="1" />
    <testcase name="IsPushAndPullTransferEnabled (PushTransferConfirmationOnly,True,True,False)" classname="Philips.PMP.Test.Auto.AutoAdtSettingTest" time="0.002" status="1" />
    <testcase name="IsAutoActionChanged (True,False,EitherLocation,False)" classname="Philips.PMP.Test.Auto.AutoAdtSettingTest" time="0.018" status="1" />
    <testcase name="IsAutoActionChanged (False,False,EitherLocation,True)" classname="Philips.PMP.Test.Auto.AutoAdtSettingTest" time="0.001" status="1" />
    <testcase name="IsAutoActionChanged (True,True,EitherLocation,True)" classname="Philips.PMP.Test.Auto.AutoAdtSettingTest" time="0.000" status="1" />
    <testcase name="IsAutoActionChanged (True,False,PushTransferConfirmationOnly,True)" classname="Philips.PMP.Test.Auto.AutoAdtSettingTest" time="0.001" status="1" />
    <testcase name="IsAutoActionChanged (True,False,PushTransferConfirmationOnly,True)" classname="Philips.PMP.Test.Auto.AutoAdtSettingTest" time="0.001" status="1" />
    <system-out />
    <system-err />
  </testsuite>
  <testsuite name="Philips.PMP.Test.Auto.SchedulerServiceTest" hostname="RESTORMEL" package="not available" id="447" tests="2" failures="0" errors="0" skipped="0" time="0.025" timestamp="2023-12-13T03:36:53">
    <properties />
    <testcase name="TryGetNextScheduledEventTest" classname="Philips.PMP.Test.Auto.SchedulerServiceTest" time="0.008" status="1" />
    <testcase name="EndedScheduledEventPurgeTest" classname="Philips.PMP.Test.Auto.SchedulerServiceTest" time="0.017" status="1" />
    <system-out />
    <system-err />
  </testsuite>
  <testsuite name="Philips.PMP.Test.Auto.SectorAssignmentControlHelperTest" hostname="RESTORMEL" package="not available" id="448" tests="16" failures="0" errors="0" skipped="0" time="0.101" timestamp="2023-12-13T03:34:52">
    <properties />
    <testcase name="SectorAssignmentControlHelperTryAssignSectorIsOverviewLink (True,ExceedMaxBedForUnitLimit,Unknown,Unknown,True)" classname="Philips.PMP.Test.Auto.SectorAssignmentControlHelperTest" time="0.017" status="1" />
    <testcase name="SectorAssignmentControlHelperTryAssignSectorIsOverviewLink (False,Success,Success,Unknown,True)" classname="Philips.PMP.Test.Auto.SectorAssignmentControlHelperTest" time="0.008" status="1" />
    <testcase name="SectorAssignmentControlHelperTryAssignSectorIsOverviewLink (False,Success,Success,Success,False)" classname="Philips.PMP.Test.Auto.SectorAssignmentControlHelperTest" time="0.005" status="1" />
    <testcase name="SectorAssignmentControlHelperTryAssignSectorIsOverviewLink (True,Unknown,Unknown,Success,True)" classname="Philips.PMP.Test.Auto.SectorAssignmentControlHelperTest" time="0.007" status="1" />
    <testcase name="SectorAssignmentControlHelperTryAssignSectorIsOverviewLink (True,Unknown,Success,Success,True)" classname="Philips.PMP.Test.Auto.SectorAssignmentControlHelperTest" time="0.006" status="1" />
    <testcase name="SectorAssignmentControlHelperTryAssignSectorIsOverviewLink (True,Success,BedAlreadyAssigned,Success,True)" classname="Philips.PMP.Test.Auto.SectorAssignmentControlHelperTest" time="0.007" status="1" />
    <testcase name="SectorAssignmentControlHelperTryAssignSectorIsOverviewLink (True,Success,ExceedMaxOverviewSectors,Success,True)" classname="Philips.PMP.Test.Auto.SectorAssignmentControlHelperTest" time="0.009" status="1" />
    <testcase name="SectorAssignmentControlHelperTryAssignSectorIsOverviewLink (True,Success,Success,Success,False)" classname="Philips.PMP.Test.Auto.SectorAssignmentControlHelperTest" time="0.004" status="1" />
    <testcase name="SectorAssignmentControlHelperTryAssignSectorIsPicAssignment (SectorNotFound,True)" classname="Philips.PMP.Test.Auto.SectorAssignmentControlHelperTest" time="0.019" status="1" />
    <testcase name="SectorAssignmentControlHelperTryAssignSectorIsPicAssignment (Success,False)" classname="Philips.PMP.Test.Auto.SectorAssignmentControlHelperTest" time="0.003" status="1" />
    <testcase name="SectorAssignmentControlHelperTryGetDevicesToAddAndRemove" classname="Philips.PMP.Test.Auto.SectorAssignmentControlHelperTest" time="0.007" status="1" />
    <testcase name="SectorAssignmentControlHelperCalculateIsRemoteMonitoringAndIsLinkAssignment (False,True,True,False,False)" classname="Philips.PMP.Test.Auto.SectorAssignmentControlHelperTest" time="0.002" status="1" />
    <testcase name="SectorAssignmentControlHelperCalculateIsRemoteMonitoringAndIsLinkAssignment (True,True,True,True,False)" classname="Philips.PMP.Test.Auto.SectorAssignmentControlHelperTest" time="0.001" status="1" />
    <testcase name="SectorAssignmentControlHelperCalculateIsRemoteMonitoringAndIsLinkAssignment (True,False,True,False,True)" classname="Philips.PMP.Test.Auto.SectorAssignmentControlHelperTest" time="0.001" status="1" />
    <testcase name="SectorAssignmentControlHelperCalculateIsRemoteMonitoringAndIsLinkAssignment (True,True,False,False,True)" classname="Philips.PMP.Test.Auto.SectorAssignmentControlHelperTest" time="0.002" status="1" />
    <testcase name="SectorAssignmentControlHelperCalculateIsRemoteMonitoringAndIsLinkAssignment (True,False,False,False,True)" classname="Philips.PMP.Test.Auto.SectorAssignmentControlHelperTest" time="0.001" status="1" />
    <system-out />
    <system-err />
  </testsuite>
  <testsuite name="Philips.PMP.Test.Auto.Hl7ConnectionMgrTest" hostname="RESTORMEL" package="not available" id="449" tests="1" failures="0" errors="0" skipped="0" time="0.003" timestamp="2023-12-13T03:36:38">
    <properties />
    <testcase name="Hl7ConnectionMgrReportsActiveConnections" classname="Philips.PMP.Test.Auto.Hl7ConnectionMgrTest" time="0.003" status="1" />
    <system-out />
    <system-err />
  </testsuite>
  <testsuite name="Philips.CareEvent.Test.EventMonitorClientConnectionMgrTest" hostname="RESTORMEL" package="not available" id="450" tests="2" failures="0" errors="0" skipped="0" time="0.092" timestamp="2023-12-13T03:28:15">
    <properties />
    <testcase name="ShouldCreateEventMonitorClientConnectionWhenNotificationServerIsAvailable (True)" classname="Philips.CareEvent.Test.EventMonitorClientConnectionMgrTest" time="0.091" status="1" />
    <testcase name="ShouldCreateEventMonitorClientConnectionWhenNotificationServerIsAvailable (False)" classname="Philips.CareEvent.Test.EventMonitorClientConnectionMgrTest" time="0.002" status="1" />
    <system-out />
    <system-err />
  </testsuite>
  <testsuite name="Philips.PIC.WebBridge.Test.ConnectionToDataRelaySubscriptionTest" hostname="RESTORMEL" package="not available" id="451" tests="1" failures="0" errors="0" skipped="0" time="0.026" timestamp="2023-12-13T03:39:09">
    <properties />
    <testcase name="BedToDataRelaySubscriptionWillDetermineConnectionsTest" classname="Philips.PIC.WebBridge.Test.ConnectionToDataRelaySubscriptionTest" time="0.026" status="1" />
    <system-out />
    <system-err />
  </testsuite>
  <testsuite name="Philips.PIC.WebBridge.Test.HeartbeatMgrTest" hostname="RESTORMEL" package="not available" id="452" tests="3" failures="0" errors="0" skipped="0" time="0.075" timestamp="2023-12-13T03:39:09">
    <properties />
    <testcase name="ConfigureDependencyResolverTest" classname="Philips.PIC.WebBridge.Test.HeartbeatMgrTest" time="0.001" status="1" />
    <testcase name="StartWatchdogHeartbeatTest" classname="Philips.PIC.WebBridge.Test.HeartbeatMgrTest" time="0.057" status="1" />
    <testcase name="DependencyResolverTest" classname="Philips.PIC.WebBridge.Test.HeartbeatMgrTest" time="0.017" status="1" />
    <system-out />
    <system-err />
  </testsuite>
  <testsuite name="Philips.PMP.Test.Auto.PatientDataExportServiceTest" hostname="RESTORMEL" package="not available" id="453" tests="9" failures="0" errors="0" skipped="0" time="0.214" timestamp="2023-12-13T03:36:47">
    <properties />
    <testcase name="ValidationSucceedsWhenBedNotMonitoring" classname="Philips.PMP.Test.Auto.PatientDataExportServiceTest" time="0.003" status="1" />
    <testcase name="WillReturnEmptyDeviceConnectionIfUriDeviceIsNull" classname="Philips.PMP.Test.Auto.PatientDataExportServiceTest" time="0.001" status="1" />
    <testcase name="ReportToApmService (True)" classname="Philips.PMP.Test.Auto.PatientDataExportServiceTest" time="0.012" status="1" />
    <testcase name="ReportToApmService (False)" classname="Philips.PMP.Test.Auto.PatientDataExportServiceTest" time="0.003" status="1" />
    <testcase name="DemoPatientDataExportServiceTest" classname="Philips.PMP.Test.Auto.PatientDataExportServiceTest" time="0.006" status="1" />
    <testcase name="ValidationWarnsWhenNoExportersFound" classname="Philips.PMP.Test.Auto.PatientDataExportServiceTest" time="0.162" status="1" />
    <testcase name="WillReturnDeviceConnectionIfUriDeviceIsNotNull" classname="Philips.PMP.Test.Auto.PatientDataExportServiceTest" time="0.001" status="1" />
    <testcase name="ValidationTestForStorageServiceAvailability (False,Failure)" classname="Philips.PMP.Test.Auto.PatientDataExportServiceTest" time="0.019" status="1" />
    <testcase name="ValidationTestForStorageServiceAvailability (True,Success)" classname="Philips.PMP.Test.Auto.PatientDataExportServiceTest" time="0.007" status="1" />
    <system-out />
    <system-err />
  </testsuite>
  <testsuite name="Philips.PIC.RfidReader.Test.PcProxReaderDedicatedThreadTest" hostname="RESTORMEL" package="not available" id="454" tests="1" failures="0" errors="0" skipped="0" time="0.003" timestamp="2023-12-13T03:29:07">
    <properties />
    <testcase name="PcProxReaderDedicatedThreadExecuteTest" classname="Philips.PIC.RfidReader.Test.PcProxReaderDedicatedThreadTest" time="0.003" status="1" />
    <system-out />
    <system-err />
  </testsuite>
  <testsuite name="Philips.PMP.Test.Auto.PhysioDataStorageDuplexMgrTest" hostname="RESTORMEL" package="not available" id="455" tests="7" failures="0" errors="0" skipped="0" time="0.474" timestamp="2023-12-13T03:35:25">
    <properties />
    <testcase name="PhysioDataStorageDuplexMgrGetPhysioHistoryDuplexTest" classname="Philips.PMP.Test.Auto.PhysioDataStorageDuplexMgrTest" time="0.277" status="1" />
    <testcase name="PhysioDataStorageDuplexMgrGetSpotCheckValidation" classname="Philips.PMP.Test.Auto.PhysioDataStorageDuplexMgrTest" time="0.010" status="1" />
    <testcase name="PhysioDataStorageDuplexMgrDisposeTest" classname="Philips.PMP.Test.Auto.PhysioDataStorageDuplexMgrTest" time="0.008" status="1" />
    <testcase name="PhysioDataStorageDuplexMgrGetDataListDuplexTest" classname="Philips.PMP.Test.Auto.PhysioDataStorageDuplexMgrTest" time="0.016" status="1" />
    <testcase name="PhysioDataStorageServiceCallbackMgrSwallowsExceptions" classname="Philips.PMP.Test.Auto.PhysioDataStorageDuplexMgrTest" time="0.003" status="1" />
    <testcase name="PhysioDataStorageServiceCallbackMgrRunsCallbackOnProxyCreation (True)" classname="Philips.PMP.Test.Auto.PhysioDataStorageDuplexMgrTest" time="0.158" status="1" />
    <testcase name="PhysioDataStorageServiceCallbackMgrRunsCallbackOnProxyCreation (False)" classname="Philips.PMP.Test.Auto.PhysioDataStorageDuplexMgrTest" time="0.002" status="1" />
    <system-out />
    <system-err />
  </testsuite>
  <testsuite name="Philips.PMP.Test.Auto.ExtendedNumericLimitsTest" hostname="RESTORMEL" package="not available" id="456" tests="4" failures="0" errors="0" skipped="0" time="0.008" timestamp="2023-12-13T03:29:49">
    <properties />
    <testcase name="TryGetUpperValueTest" classname="Philips.PMP.Test.Auto.ExtendedNumericLimitsTest" time="0.001" status="1" />
    <testcase name="IsLowerValueSupportedTest" classname="Philips.PMP.Test.Auto.ExtendedNumericLimitsTest" time="0.001" status="1" />
    <testcase name="TryGetLowerValueTest" classname="Philips.PMP.Test.Auto.ExtendedNumericLimitsTest" time="0.006" status="1" />
    <testcase name="IsUpperValueSupportedTest" classname="Philips.PMP.Test.Auto.ExtendedNumericLimitsTest" time="0.001" status="1" />
    <system-out />
    <system-err />
  </testsuite>
  <testsuite name="Philips.PMP.Test.Auto.LabelCreationHelperTest" hostname="RESTORMEL" package="not available" id="457" tests="27" failures="0" errors="0" skipped="0" time="0.486" timestamp="2023-12-13T03:30:00">
    <properties />
    <testcase name="BedLabelCreationHelperStoreTest (System.String[])" classname="Philips.PMP.Test.Auto.LabelCreationHelperTest" time="0.037" status="1" />
    <testcase name="BedLabelCreationHelperStoreTest (System.String[])" classname="Philips.PMP.Test.Auto.LabelCreationHelperTest" time="0.006" status="1" />
    <testcase name="BedLabelCreationHelperValidateLabelLengthTest (bed1,,True)" classname="Philips.PMP.Test.Auto.LabelCreationHelperTest" time="0.328" status="1" />
    <testcase name="BedLabelCreationHelperValidateLabelLengthTest (longbed1,,True)" classname="Philips.PMP.Test.Auto.LabelCreationHelperTest" time="0.026" status="1" />
    <testcase name="BedLabelCreationHelperValidateLabelLengthTest (verylongbed1,The label exceeds the maximum length of 8 characters.,False)" classname="Philips.PMP.Test.Auto.LabelCreationHelperTest" time="0.001" status="1" />
    <testcase name="EditSwitchSettingsControlMaxPorts (0,0)" classname="Philips.PMP.Test.Auto.LabelCreationHelperTest" time="0.001" status="1" />
    <testcase name="EditSwitchSettingsControlMaxPorts (20,20)" classname="Philips.PMP.Test.Auto.LabelCreationHelperTest" time="0.001" status="1" />
    <testcase name="EditSwitchSettingsControlMaxPorts (95,95)" classname="Philips.PMP.Test.Auto.LabelCreationHelperTest" time="0.005" status="1" />
    <testcase name="EditSwitchSettingsControlMaxPorts (96,96)" classname="Philips.PMP.Test.Auto.LabelCreationHelperTest" time="0.001" status="1" />
    <testcase name="EditSwitchSettingsControlMaxPorts (97,97)" classname="Philips.PMP.Test.Auto.LabelCreationHelperTest" time="0.017" status="1" />
    <testcase name="EditSwitchSettingsControlMaxPorts (100,100)" classname="Philips.PMP.Test.Auto.LabelCreationHelperTest" time="0.001" status="1" />
    <testcase name="EditSwitchSettingsControlMaxPorts (559,559)" classname="Philips.PMP.Test.Auto.LabelCreationHelperTest" time="0.004" status="1" />
    <testcase name="EditSwitchSettingsControlMaxPorts (560,560)" classname="Philips.PMP.Test.Auto.LabelCreationHelperTest" time="0.004" status="1" />
    <testcase name="EditSwitchSettingsControlMaxPorts (561,560)" classname="Philips.PMP.Test.Auto.LabelCreationHelperTest" time="0.004" status="1" />
    <testcase name="ValidateNumberOfLabelsTest (0,0,True,)" classname="Philips.PMP.Test.Auto.LabelCreationHelperTest" time="0.006" status="1" />
    <testcase name="ValidateNumberOfLabelsTest (0,20,True,)" classname="Philips.PMP.Test.Auto.LabelCreationHelperTest" time="0.002" status="1" />
    <testcase name="ValidateNumberOfLabelsTest (0,560,True,)" classname="Philips.PMP.Test.Auto.LabelCreationHelperTest" time="0.004" status="1" />
    <testcase name="ValidateNumberOfLabelsTest (0,561,False,The number of labels exceeds the maximum of 560 allowed.)" classname="Philips.PMP.Test.Auto.LabelCreationHelperTest" time="0.004" status="1" />
    <testcase name="ValidateNumberOfLabelsTest (0,1000,False,The number of labels exceeds the maximum of 560 allowed.)" classname="Philips.PMP.Test.Auto.LabelCreationHelperTest" time="0.005" status="1" />
    <testcase name="ValidateNumberOfLabelsTest (500,20,True,)" classname="Philips.PMP.Test.Auto.LabelCreationHelperTest" time="0.003" status="1" />
    <testcase name="ValidateNumberOfLabelsTest (500,60,True,)" classname="Philips.PMP.Test.Auto.LabelCreationHelperTest" time="0.013" status="1" />
    <testcase name="ValidateNumberOfLabelsTest (560,1,False,The number of labels exceeds the maximum of 560 allowed.)" classname="Philips.PMP.Test.Auto.LabelCreationHelperTest" time="0.001" status="1" />
    <testcase name="SwitchPortLabelCreationHelperValidateNewPorts (System.String[],0,,)" classname="Philips.PMP.Test.Auto.LabelCreationHelperTest" time="0.005" status="1" />
    <testcase name="SwitchPortLabelCreationHelperValidateNewPorts (System.String[],1,,port1)" classname="Philips.PMP.Test.Auto.LabelCreationHelperTest" time="0.007" status="1" />
    <testcase name="SwitchPortLabelCreationHelperValidateNewPorts (System.String[],2,,port1,port2)" classname="Philips.PMP.Test.Auto.LabelCreationHelperTest" time="0.001" status="1" />
    <testcase name="SwitchPortLabelCreationHelperValidateNewPorts (System.String[],1,port1,port1)" classname="Philips.PMP.Test.Auto.LabelCreationHelperTest" time="0.001" status="1" />
    <testcase name="SwitchPortLabelCreationHelperValidateNewPorts (System.String[],2,port2,port2,port1)" classname="Philips.PMP.Test.Auto.LabelCreationHelperTest" time="0.000" status="1" />
    <system-out />
    <system-err />
  </testsuite>
  <testsuite name="Philips.PMP.Test.Auto.LoadBalancedDbEngineServiceTest" hostname="RESTORMEL" package="not available" id="458" tests="3" failures="0" errors="0" skipped="0" time="0.007" timestamp="2023-12-13T03:31:21">
    <properties />
    <testcase name="LoadBalancedDbEngineOpensAndClosesCorrectPort" classname="Philips.PMP.Test.Auto.LoadBalancedDbEngineServiceTest" time="0.005" status="1" />
    <testcase name="LoadBalancedDbEngineOnlyStartOnDbClusterHost (True)" classname="Philips.PMP.Test.Auto.LoadBalancedDbEngineServiceTest" time="0.001" status="1" />
    <testcase name="LoadBalancedDbEngineOnlyStartOnDbClusterHost (False)" classname="Philips.PMP.Test.Auto.LoadBalancedDbEngineServiceTest" time="0.001" status="1" />
    <system-out />
    <system-err />
  </testsuite>
  <testsuite name="Philips.PMP.Test.Auto.SynchronousCircularBufferControllerTest" hostname="RESTORMEL" package="not available" id="459" tests="2" failures="0" errors="0" skipped="0" time="0.015" timestamp="2023-12-13T03:29:50">
    <properties />
    <testcase name="BufferCanReplaceExistingInterval" classname="Philips.PMP.Test.Auto.SynchronousCircularBufferControllerTest" time="0.013" status="1" />
    <testcase name="BufferCanReplacePartOfExistingInterval" classname="Philips.PMP.Test.Auto.SynchronousCircularBufferControllerTest" time="0.002" status="1" />
    <system-out />
    <system-err />
  </testsuite>
  <testsuite name="Philips.PMP.Test.Auto.CustomPerfCounterTest" hostname="RESTORMEL" package="not available" id="460" tests="4" failures="0" errors="0" skipped="0" time="0.238" timestamp="2023-12-13T03:36:03">
    <properties />
    <testcase name="CustomPerfCounterMgrOneHourPerfCounters" classname="Philips.PMP.Test.Auto.CustomPerfCounterTest" time="0.003" status="1" />
    <testcase name="CustomPerfCounterShortTest" classname="Philips.PMP.Test.Auto.CustomPerfCounterTest" time="0.002" status="1" />
    <testcase name="CustomPerfCounterLongTest (0)" classname="Philips.PMP.Test.Auto.CustomPerfCounterTest" time="0.230" status="1" />
    <testcase name="CustomPerfCounterLongTest (8)" classname="Philips.PMP.Test.Auto.CustomPerfCounterTest" time="0.003" status="1" />
    <system-out />
    <system-err />
  </testsuite>
  <testsuite name="Philips.PMP.Test.Auto.Hl7MessageSenderTest" hostname="RESTORMEL" package="not available" id="461" tests="13" failures="0" errors="0" skipped="0" time="0.530" timestamp="2023-12-13T03:29:54">
    <properties />
    <testcase name="Hl7StartStopTest (ReporterClient,1,1)" classname="Philips.PMP.Test.Auto.Hl7MessageSenderTest" time="0.020" status="1" />
    <testcase name="Hl7StartStopTest (ReporterServer,1,1)" classname="Philips.PMP.Test.Auto.Hl7MessageSenderTest" time="0.001" status="1" />
    <testcase name="Hl7StartStopTest (TrendClient,1,1)" classname="Philips.PMP.Test.Auto.Hl7MessageSenderTest" time="0.001" status="1" />
    <testcase name="Hl7StartStopTest (TrendServer,1,1)" classname="Philips.PMP.Test.Auto.Hl7MessageSenderTest" time="0.001" status="1" />
    <testcase name="Hl7StartStopTest (AlarmClient,1,1)" classname="Philips.PMP.Test.Auto.Hl7MessageSenderTest" time="0.001" status="1" />
    <testcase name="Hl7SendToClientConnectionFormattedMsgLengthIsZeroTest" classname="Philips.PMP.Test.Auto.Hl7MessageSenderTest" time="0.003" status="1" />
    <testcase name="Hl7SendMessageNotifiesStatusMgrTest" classname="Philips.PMP.Test.Auto.Hl7MessageSenderTest" time="0.077" status="1" />
    <testcase name="Hl7SendToClientConnectionSuccessTest" classname="Philips.PMP.Test.Auto.Hl7MessageSenderTest" time="0.006" status="1" />
    <testcase name="Hl7SendMessageNoActiveConnectionTest" classname="Philips.PMP.Test.Auto.Hl7MessageSenderTest" time="0.393" status="1" />
    <testcase name="Hl7SendMessageIsStoppingTest" classname="Philips.PMP.Test.Auto.Hl7MessageSenderTest" time="0.009" status="1" />
    <testcase name="Hl7CallUptimeTrackerTest (True,1,0)" classname="Philips.PMP.Test.Auto.Hl7MessageSenderTest" time="0.010" status="1" />
    <testcase name="Hl7CallUptimeTrackerTest (False,1,1)" classname="Philips.PMP.Test.Auto.Hl7MessageSenderTest" time="0.003" status="1" />
    <testcase name="Hl7SendMessageSendSucceedsTest" classname="Philips.PMP.Test.Auto.Hl7MessageSenderTest" time="0.004" status="1" />
    <system-out />
    <system-err />
  </testsuite>
  <testsuite name="Philips.PMP.Test.Auto.UomMappingProviderTest" hostname="RESTORMEL" package="not available" id="462" tests="1" failures="0" errors="0" skipped="0" time="0.028" timestamp="2023-12-13T03:33:29">
    <properties />
    <testcase name="UomMdilSettingTest" classname="Philips.PMP.Test.Auto.UomMappingProviderTest" time="0.028" status="1" />
    <system-out />
    <system-err />
  </testsuite>
  <testsuite name="Philips.PMP.Test.Auto.AlertSoundMgrTest" hostname="RESTORMEL" package="not available" id="463" tests="16" failures="0" errors="0" skipped="0" time="1.550" timestamp="2023-12-13T03:29:58">
    <properties />
    <testcase name="CheckAlertSoundForAnyTraditionalScheme (Traditional,RedAlarm)" classname="Philips.PMP.Test.Auto.AlertSoundMgrTest" time="0.494" status="1" />
    <testcase name="CheckAlertSoundForAnyTraditionalScheme (Traditional,YellowAlarm)" classname="Philips.PMP.Test.Auto.AlertSoundMgrTest" time="0.057" status="1" />
    <testcase name="CheckAlertSoundForAnyTraditionalScheme (Traditional,ShortYellowAlarm)" classname="Philips.PMP.Test.Auto.AlertSoundMgrTest" time="0.097" status="1" />
    <testcase name="CheckAlertSoundForAnyTraditionalScheme (Traditional,HardInop)" classname="Philips.PMP.Test.Auto.AlertSoundMgrTest" time="0.103" status="1" />
    <testcase name="CheckAlertSoundForAnyTraditionalScheme (Philips2021,RedAlarm)" classname="Philips.PMP.Test.Auto.AlertSoundMgrTest" time="0.031" status="1" />
    <testcase name="CheckAlertSoundForAnyTraditionalScheme (Philips2021,YellowAlarm)" classname="Philips.PMP.Test.Auto.AlertSoundMgrTest" time="0.052" status="1" />
    <testcase name="CheckAlertSoundForAnyTraditionalScheme (Philips2021,ShortYellowAlarm)" classname="Philips.PMP.Test.Auto.AlertSoundMgrTest" time="0.082" status="1" />
    <testcase name="CheckAlertSoundForAnyTraditionalScheme (Philips2021,HardInop)" classname="Philips.PMP.Test.Auto.AlertSoundMgrTest" time="0.076" status="1" />
    <testcase name="CheckAlertSoundForAnyIecScheme (Iso,RedAlarm)" classname="Philips.PMP.Test.Auto.AlertSoundMgrTest" time="0.108" status="1" />
    <testcase name="CheckAlertSoundForAnyIecScheme (Iso,YellowAlarm)" classname="Philips.PMP.Test.Auto.AlertSoundMgrTest" time="0.049" status="1" />
    <testcase name="CheckAlertSoundForAnyIecScheme (Iso,ShortYellowAlarm)" classname="Philips.PMP.Test.Auto.AlertSoundMgrTest" time="0.067" status="1" />
    <testcase name="CheckAlertSoundForAnyIecScheme (Iso,HardInop)" classname="Philips.PMP.Test.Auto.AlertSoundMgrTest" time="0.071" status="1" />
    <testcase name="CheckAlertSoundForAnyIecScheme (IecIso2020,RedAlarm)" classname="Philips.PMP.Test.Auto.AlertSoundMgrTest" time="0.072" status="1" />
    <testcase name="CheckAlertSoundForAnyIecScheme (IecIso2020,YellowAlarm)" classname="Philips.PMP.Test.Auto.AlertSoundMgrTest" time="0.084" status="1" />
    <testcase name="CheckAlertSoundForAnyIecScheme (IecIso2020,ShortYellowAlarm)" classname="Philips.PMP.Test.Auto.AlertSoundMgrTest" time="0.050" status="1" />
    <testcase name="CheckAlertSoundForAnyIecScheme (IecIso2020,HardInop)" classname="Philips.PMP.Test.Auto.AlertSoundMgrTest" time="0.055" status="1" />
    <system-out />
    <system-err />
  </testsuite>
  <testsuite name="Philips.PMP.Test.Auto.FontsQualifierTest" hostname="RESTORMEL" package="not available" id="464" tests="7" failures="0" errors="0" skipped="0" time="0.083" timestamp="2023-12-13T03:34:08">
    <properties />
    <testcase name="FontsQualifierIsCorrectableTest" classname="Philips.PMP.Test.Auto.FontsQualifierTest" time="0.001" status="1" />
    <testcase name="FontsQualifierVerifyTest (False,True,True,True,True)" classname="Philips.PMP.Test.Auto.FontsQualifierTest" time="0.071" status="1" />
    <testcase name="FontsQualifierVerifyTest (True,False,True,True,True)" classname="Philips.PMP.Test.Auto.FontsQualifierTest" time="0.002" status="1" />
    <testcase name="FontsQualifierVerifyTest (True,True,False,True,True)" classname="Philips.PMP.Test.Auto.FontsQualifierTest" time="0.002" status="1" />
    <testcase name="FontsQualifierVerifyTest (True,True,True,False,True)" classname="Philips.PMP.Test.Auto.FontsQualifierTest" time="0.002" status="1" />
    <testcase name="FontsQualifierVerifyTest (True,True,True,True,False)" classname="Philips.PMP.Test.Auto.FontsQualifierTest" time="0.002" status="1" />
    <testcase name="FontsQualifierVerifyTest (True,True,True,True,True)" classname="Philips.PMP.Test.Auto.FontsQualifierTest" time="0.002" status="1" />
    <system-out />
    <system-err />
  </testsuite>
  <testsuite name="Philips.PMP.Test.Auto.BedLabelValidatorTest" hostname="RESTORMEL" package="not available" id="465" tests="7" failures="0" errors="0" skipped="0" time="0.179" timestamp="2023-12-13T03:29:59">
    <properties />
    <testcase name="DoNotRunBedLabelLimitValidationIfPatientConnectionNotAvailable" classname="Philips.PMP.Test.Auto.BedLabelValidatorTest" time="0.030" status="1" />
    <testcase name="AddBedFailsWhenViolatingMaxBedsPerCareDomain" classname="Philips.PMP.Test.Auto.BedLabelValidatorTest" time="0.016" status="1" />
    <testcase name="EventNotificationLicenseValidationFailsOnAddBeds" classname="Philips.PMP.Test.Auto.BedLabelValidatorTest" time="0.038" status="1" />
    <testcase name="AddBedFailsWhenNOTLicenseValidationFails" classname="Philips.PMP.Test.Auto.BedLabelValidatorTest" time="0.004" status="1" />
    <testcase name="AddBedFailsWhenViolatingMaxBedsForAlarmReflection" classname="Philips.PMP.Test.Auto.BedLabelValidatorTest" time="0.026" status="1" />
    <testcase name="AddBedFailsWhenViolatingMaxBedsForAlarmReflectionByOverviewRole (True)" classname="Philips.PMP.Test.Auto.BedLabelValidatorTest" time="0.006" status="1" />
    <testcase name="AddBedFailsWhenViolatingMaxBedsForAlarmReflectionByOverviewRole (False)" classname="Philips.PMP.Test.Auto.BedLabelValidatorTest" time="0.058" status="1" />
    <system-out />
    <system-err />
  </testsuite>
  <testsuite name="Philips.PMP.Test.Auto.AlertsTest" hostname="RESTORMEL" package="not available" id="466" tests="9" failures="0" errors="0" skipped="0" time="0.007" timestamp="2023-12-13T03:35:44">
    <properties />
    <testcase name="AlertsIsAcknowledgedTest (0,0,False)" classname="Philips.PMP.Test.Auto.AlertsTest" time="0.001" status="1" />
    <testcase name="AlertsIsAcknowledgedTest (PrimarySilenced,0,True)" classname="Philips.PMP.Test.Auto.AlertsTest" time="0.000" status="1" />
    <testcase name="AlertsIsAcknowledgedTest (PrimarySilenced,AlSilencedReset,True)" classname="Philips.PMP.Test.Auto.AlertsTest" time="0.000" status="1" />
    <testcase name="AlertsIsAcknowledgedTest (0,AlSilencedReset,True)" classname="Philips.PMP.Test.Auto.AlertsTest" time="0.001" status="1" />
    <testcase name="AlertsIsAcknowledgedTest (65527,61439,False)" classname="Philips.PMP.Test.Auto.AlertsTest" time="0.001" status="1" />
    <testcase name="AlertsIsAcknowledgedTest (PrimarySilenced, BedsideAudible,AlSilencedReset, AlLatched,True)" classname="Philips.PMP.Test.Auto.AlertsTest" time="0.000" status="1" />
    <testcase name="AlertsDeepCopyTest" classname="Philips.PMP.Test.Auto.AlertsTest" time="0.001" status="1" />
    <testcase name="AlertsCompareMobileTest" classname="Philips.PMP.Test.Auto.AlertsTest" time="0.003" status="1" />
    <testcase name="AlertsCompareTest" classname="Philips.PMP.Test.Auto.AlertsTest" time="0.001" status="1" />
    <system-out />
    <system-err />
  </testsuite>
  <testsuite name="Philips.PMP.Test.Auto.PatientAssignmentsettingsControlTest" hostname="RESTORMEL" package="not available" id="467" tests="2" failures="0" errors="0" skipped="0" time="2.006" timestamp="2023-12-13T03:34:49">
    <properties />
    <testcase name="PatientAssignmentSettingsControlSaveSettings (False,1)" classname="Philips.PMP.Test.Auto.PatientAssignmentsettingsControlTest" time="1.862" status="1" />
    <testcase name="PatientAssignmentSettingsControlSaveSettings (True,0)" classname="Philips.PMP.Test.Auto.PatientAssignmentsettingsControlTest" time="0.143" status="1" />
    <system-out />
    <system-err />
  </testsuite>
  <testsuite name="Philips.PMP.Test.Auto.ApmCrashSummaryDirectoryMonitorTest" hostname="RESTORMEL" package="not available" id="468" tests="8" failures="0" errors="0" skipped="0" time="0.037" timestamp="2023-12-13T03:36:20">
    <properties />
    <testcase name="ApmCrashSummaryDirectoryMonitorStartsStopsFileWatcher" classname="Philips.PMP.Test.Auto.ApmCrashSummaryDirectoryMonitorTest" time="0.003" status="1" />
    <testcase name="ApmCrashSummaryMonitorClearsProcessedCrashes" classname="Philips.PMP.Test.Auto.ApmCrashSummaryDirectoryMonitorTest" time="0.005" status="1" />
    <testcase name="ApmCrashSummaryMonitorDoesntDuplicateFiles (True)" classname="Philips.PMP.Test.Auto.ApmCrashSummaryDirectoryMonitorTest" time="0.007" status="1" />
    <testcase name="ApmCrashSummaryMonitorDoesntDuplicateFiles (False)" classname="Philips.PMP.Test.Auto.ApmCrashSummaryDirectoryMonitorTest" time="0.008" status="1" />
    <testcase name="ApmCrashSummaryDirectoryMonitorOnlyLoadsCrashesOnce" classname="Philips.PMP.Test.Auto.ApmCrashSummaryDirectoryMonitorTest" time="0.001" status="1" />
    <testcase name="ApmCrashSummaryDirectoryMonitorLoadsCrashesFromDiskOnFirstAccess" classname="Philips.PMP.Test.Auto.ApmCrashSummaryDirectoryMonitorTest" time="0.002" status="1" />
    <testcase name="ApmCrashSummaryDirectoryReturnsFalse" classname="Philips.PMP.Test.Auto.ApmCrashSummaryDirectoryMonitorTest" time="0.002" status="1" />
    <testcase name="ApmCrashSummaryDirectoryReturnsSummary" classname="Philips.PMP.Test.Auto.ApmCrashSummaryDirectoryMonitorTest" time="0.008" status="1" />
    <system-out />
    <system-err />
  </testsuite>
  <testsuite name="Philips.iX.DataBridge.Common.Test.AcpmpDataMgrTest" hostname="RESTORMEL" package="not available" id="469" tests="2" failures="0" errors="0" skipped="0" time="0.167" timestamp="2023-12-13T03:27:40">
    <properties />
    <testcase name="AcpmpDataMgrTracksMessageFailures" classname="Philips.iX.DataBridge.Common.Test.AcpmpDataMgrTest" time="0.100" status="1" />
    <testcase name="AcpmpDataMgrUsesHttpClient" classname="Philips.iX.DataBridge.Common.Test.AcpmpDataMgrTest" time="0.067" status="1" />
    <system-out />
    <system-err />
  </testsuite>
  <testsuite name="Philips.PMP.Test.Auto.PdsManagedGatewayTest" hostname="RESTORMEL" package="not available" id="470" tests="10" failures="0" errors="0" skipped="0" time="0.046" timestamp="2023-12-13T03:35:46">
    <properties />
    <testcase name="BaselineShouldIgnoreUnsetNumericValues" classname="Philips.PMP.Test.Auto.PdsManagedGatewayTest" time="0.015" status="1" />
    <testcase name="PdsManagedGatewayAlarmLimitsTest" classname="Philips.PMP.Test.Auto.PdsManagedGatewayTest" time="0.005" status="1" />
    <testcase name="PdsManagedGatewayFlagsTest (0)" classname="Philips.PMP.Test.Auto.PdsManagedGatewayTest" time="0.002" status="1" />
    <testcase name="PdsManagedGatewayFlagsTest (8192)" classname="Philips.PMP.Test.Auto.PdsManagedGatewayTest" time="0.004" status="1" />
    <testcase name="PdsManagedGatewayFlagsTest (8)" classname="Philips.PMP.Test.Auto.PdsManagedGatewayTest" time="0.002" status="1" />
    <testcase name="PdsManagedGatewayFlagsTest (8200)" classname="Philips.PMP.Test.Auto.PdsManagedGatewayTest" time="0.000" status="1" />
    <testcase name="PdsManagedGatewayAuditLogStoreAlarmAuditingTest (6,19,AllAlarmAudioPaused)" classname="Philips.PMP.Test.Auto.PdsManagedGatewayTest" time="0.007" status="1" />
    <testcase name="PdsManagedGatewayAuditLogStoreAlarmAuditingTest (6,20,AllAlarmAudioOff)" classname="Philips.PMP.Test.Auto.PdsManagedGatewayTest" time="0.002" status="1" />
    <testcase name="PdsManagedGatewayAuditLogStoreAlarmAuditingTest (6,21,Resume)" classname="Philips.PMP.Test.Auto.PdsManagedGatewayTest" time="0.004" status="1" />
    <testcase name="PdsManagedGatewayAuditLogStoreAlarmAuditingTest (0,0,Silence)" classname="Philips.PMP.Test.Auto.PdsManagedGatewayTest" time="0.004" status="1" />
    <system-out />
    <system-err />
  </testsuite>
  <testsuite name="Philips.PMP.Test.Auto.Hl7ClientConnectionMgrTest" hostname="RESTORMEL" package="not available" id="471" tests="6" failures="0" errors="0" skipped="0" time="0.014" timestamp="2023-12-13T03:29:54">
    <properties />
    <testcase name="Hl7ClientConnectionMgrStartStopTest (ReporterClient,True,Philips.PMP.ExternalSystemInterfacing.Hl7TcpClientConnection)" classname="Philips.PMP.Test.Auto.Hl7ClientConnectionMgrTest" time="0.010" status="1" />
    <testcase name="Hl7ClientConnectionMgrStartStopTest (ReporterServer,True,Philips.PMP.ExternalSystemInterfacing.Hl7TcpServerConnection)" classname="Philips.PMP.Test.Auto.Hl7ClientConnectionMgrTest" time="0.002" status="1" />
    <testcase name="Hl7ClientConnectionMgrStartStopTest (TrendClient,True,Philips.PMP.ExternalSystemInterfacing.Hl7TcpClientConnection)" classname="Philips.PMP.Test.Auto.Hl7ClientConnectionMgrTest" time="0.000" status="1" />
    <testcase name="Hl7ClientConnectionMgrStartStopTest (TrendServer,True,Philips.PMP.ExternalSystemInterfacing.Hl7TcpServerConnection)" classname="Philips.PMP.Test.Auto.Hl7ClientConnectionMgrTest" time="0.000" status="1" />
    <testcase name="Hl7ClientConnectionMgrStartStopTest (ValidateDataClient,True,Philips.PMP.ExternalSystemInterfacing.Hl7TcpClientConnection)" classname="Philips.PMP.Test.Auto.Hl7ClientConnectionMgrTest" time="0.000" status="1" />
    <testcase name="Hl7ClientConnectionMgrStartStopTest (QueryServer,False,Philips.PMP.ExternalSystemInterfacing.HL7QueryServerMgr)" classname="Philips.PMP.Test.Auto.Hl7ClientConnectionMgrTest" time="0.000" status="1" />
    <system-out />
    <system-err />
  </testsuite>
  <testsuite name="Philips.PMP.Test.Auto.FactoryAccountConfigurationTest" hostname="RESTORMEL" package="not available" id="472" tests="10" failures="0" errors="0" skipped="0" time="0.930" timestamp="2023-12-13T03:37:57">
    <properties />
    <testcase name="FactoryAccountConfigurationPageChecksIfPasswordCanBeChanged" classname="Philips.PMP.Test.Auto.FactoryAccountConfigurationTest" time="0.149" status="1" />
    <testcase name="FactoryAccountConfigurationPageHidesDemoAccounts (True)" classname="Philips.PMP.Test.Auto.FactoryAccountConfigurationTest" time="0.100" status="1" />
    <testcase name="FactoryAccountConfigurationPageHidesDemoAccounts (False)" classname="Philips.PMP.Test.Auto.FactoryAccountConfigurationTest" time="0.067" status="1" />
    <testcase name="FactoryAccountConfigurationPageFormatsToConfiguration (True,True)" classname="Philips.PMP.Test.Auto.FactoryAccountConfigurationTest" time="0.053" status="1" />
    <testcase name="FactoryAccountConfigurationPageFormatsToConfiguration (True,False)" classname="Philips.PMP.Test.Auto.FactoryAccountConfigurationTest" time="0.260" status="1" />
    <testcase name="FactoryAccountConfigurationPageFormatsToConfiguration (False,True)" classname="Philips.PMP.Test.Auto.FactoryAccountConfigurationTest" time="0.038" status="1" />
    <testcase name="FactoryAccountConfigurationPageFormatsToConfiguration (False,False)" classname="Philips.PMP.Test.Auto.FactoryAccountConfigurationTest" time="0.056" status="1" />
    <testcase name="FactoryAccountConfigurationPageAttemptsPasswordSets" classname="Philips.PMP.Test.Auto.FactoryAccountConfigurationTest" time="0.068" status="1" />
    <testcase name="FactoryAccountConfigurationPageDetectsPasswordResets (True)" classname="Philips.PMP.Test.Auto.FactoryAccountConfigurationTest" time="0.076" status="1" />
    <testcase name="FactoryAccountConfigurationPageDetectsPasswordResets (False)" classname="Philips.PMP.Test.Auto.FactoryAccountConfigurationTest" time="0.064" status="1" />
    <system-out />
    <system-err />
  </testsuite>
  <testsuite name="Philips.PMP.Test.Auto.EfficiaWaveStreamReaderTest" hostname="RESTORMEL" package="not available" id="473" tests="9" failures="0" errors="0" skipped="0" time="0.039" timestamp="2023-12-13T03:33:39">
    <properties />
    <testcase name="WaveInterpolationCombinations4Test" classname="Philips.PMP.Test.Auto.EfficiaWaveStreamReaderTest" time="0.001" status="1" />
    <testcase name="WaveInterpolationCombinationsTest" classname="Philips.PMP.Test.Auto.EfficiaWaveStreamReaderTest" time="0.013" status="1" />
    <testcase name="EfficiaWaveWithUnknownWaveTest" classname="Philips.PMP.Test.Auto.EfficiaWaveStreamReaderTest" time="0.001" status="1" />
    <testcase name="EfficiaWaveStreamReader125HzWith124samplesTest" classname="Philips.PMP.Test.Auto.EfficiaWaveStreamReaderTest" time="0.007" status="1" />
    <testcase name="PacePulsesAreNotInterpolatedTest" classname="Philips.PMP.Test.Auto.EfficiaWaveStreamReaderTest" time="0.002" status="1" />
    <testcase name="WaveInterpolationCombinations3Test" classname="Philips.PMP.Test.Auto.EfficiaWaveStreamReaderTest" time="0.001" status="1" />
    <testcase name="DoesntCrashWithUnknownWaveTest" classname="Philips.PMP.Test.Auto.EfficiaWaveStreamReaderTest" time="0.002" status="1" />
    <testcase name="WaveInterpolationCombinations2Test" classname="Philips.PMP.Test.Auto.EfficiaWaveStreamReaderTest" time="0.008" status="1" />
    <testcase name="InsertsExtraSamplesToCorrectFor500vs512SPSTest" classname="Philips.PMP.Test.Auto.EfficiaWaveStreamReaderTest" time="0.006" status="1" />
    <system-out />
    <system-err />
  </testsuite>
  <testsuite name="Philips.PMP.Test.Auto.IheGatewayNotificationServiceTest" hostname="RESTORMEL" package="not available" id="474" tests="4" failures="0" errors="0" skipped="0" time="0.355" timestamp="2023-12-13T03:29:55">
    <properties />
    <testcase name="IheGatewayNotificationServiceDeletesEmptyConfigurations (True,1,0)" classname="Philips.PMP.Test.Auto.IheGatewayNotificationServiceTest" time="0.008" status="1" />
    <testcase name="IheGatewayNotificationServiceDeletesEmptyConfigurations (False,0,1)" classname="Philips.PMP.Test.Auto.IheGatewayNotificationServiceTest" time="0.010" status="1" />
    <testcase name="IheGatewayNotificationServiceStartStop" classname="Philips.PMP.Test.Auto.IheGatewayNotificationServiceTest" time="0.309" status="1" />
    <testcase name="IheLanServerConfigurationChange" classname="Philips.PMP.Test.Auto.IheGatewayNotificationServiceTest" time="0.028" status="1" />
    <system-out />
    <system-err />
  </testsuite>
  <testsuite name="Philips.PMP.Test.Auto.LicenseViewerXmlProviderTest" hostname="RESTORMEL" package="not available" id="475" tests="13" failures="0" errors="0" skipped="0" time="0.797" timestamp="2023-12-13T03:29:45">
    <properties />
    <testcase name="DeviceXmlProviderLoad" classname="Philips.PMP.Test.Auto.LicenseViewerXmlProviderTest" time="0.269" status="1" />
    <testcase name="ProfileEntityXmlProviderLoad" classname="Philips.PMP.Test.Auto.LicenseViewerXmlProviderTest" time="0.003" status="1" />
    <testcase name="ClinicalUnitXmlProviderLoad" classname="Philips.PMP.Test.Auto.LicenseViewerXmlProviderTest" time="0.009" status="1" />
    <testcase name="LicenseXmlProviderLoad" classname="Philips.PMP.Test.Auto.LicenseViewerXmlProviderTest" time="0.379" status="1" />
    <testcase name="ProfileXmlProviderLoad" classname="Philips.PMP.Test.Auto.LicenseViewerXmlProviderTest" time="0.010" status="1" />
    <testcase name="ArchiveXmlProviderLoad (1)" classname="Philips.PMP.Test.Auto.LicenseViewerXmlProviderTest" time="0.004" status="1" />
    <testcase name="ArchiveXmlProviderLoad (2)" classname="Philips.PMP.Test.Auto.LicenseViewerXmlProviderTest" time="0.018" status="1" />
    <testcase name="ArchiveXmlProviderLoad (3)" classname="Philips.PMP.Test.Auto.LicenseViewerXmlProviderTest" time="0.003" status="1" />
    <testcase name="ArchiveXmlProviderLoad (4)" classname="Philips.PMP.Test.Auto.LicenseViewerXmlProviderTest" time="0.002" status="1" />
    <testcase name="EnterpriseXmlProviderLoad" classname="Philips.PMP.Test.Auto.LicenseViewerXmlProviderTest" time="0.005" status="1" />
    <testcase name="FeatureValueSettingsXmlProviderLoad" classname="Philips.PMP.Test.Auto.LicenseViewerXmlProviderTest" time="0.004" status="1" />
    <testcase name="LicenseXmlProviderLoadRevA" classname="Philips.PMP.Test.Auto.LicenseViewerXmlProviderTest" time="0.082" status="1" />
    <testcase name="InstitutionXmlProviderLoad" classname="Philips.PMP.Test.Auto.LicenseViewerXmlProviderTest" time="0.011" status="1" />
    <system-out />
    <system-err />
  </testsuite>
  <testsuite name="Philips.PMP.Test.Auto.EventRolesTests" hostname="RESTORMEL" package="not available" id="476" tests="2" failures="0" errors="0" skipped="0" time="0.008" timestamp="2023-12-13T03:29:42">
    <properties />
    <testcase name="InterfaceToFromInfoModelII" classname="Philips.PMP.Test.Auto.EventRolesTests" time="0.001" status="1" />
    <testcase name="InterfaceToFromInfoModel" classname="Philips.PMP.Test.Auto.EventRolesTests" time="0.008" status="1" />
    <system-out />
    <system-err />
  </testsuite>
  <testsuite name="Philips.PIC.SharedAssignment.Test.SharedAssignmentQualifierTest" hostname="RESTORMEL" package="not available" id="477" tests="4" failures="0" errors="0" skipped="0" time="0.013" timestamp="2023-12-13T03:29:13">
    <properties />
    <testcase name="GetQualificationInfo" classname="Philips.PIC.SharedAssignment.Test.SharedAssignmentQualifierTest" time="0.001" status="1" />
    <testcase name="GetIsCorrectable" classname="Philips.PIC.SharedAssignment.Test.SharedAssignmentQualifierTest" time="0.002" status="1" />
    <testcase name="SharedAssignmentQualifierVerify (False,False)" classname="Philips.PIC.SharedAssignment.Test.SharedAssignmentQualifierTest" time="0.009" status="1" />
    <testcase name="SharedAssignmentQualifierVerify (True,False)" classname="Philips.PIC.SharedAssignment.Test.SharedAssignmentQualifierTest" time="0.001" status="1" />
    <system-out />
    <system-err />
  </testsuite>
  <testsuite name="Philips.PMP.Test.Auto.CareAssignmentAuditTrailWriterTest" hostname="RESTORMEL" package="not available" id="478" tests="10" failures="0" errors="0" skipped="0" time="0.123" timestamp="2023-12-13T03:29:37">
    <properties />
    <testcase name="WriteAuditCaregiverClearedFromUnitsShouldWriteAssignments (True)" classname="Philips.PMP.Test.Auto.CareAssignmentAuditTrailWriterTest" time="0.013" status="1" />
    <testcase name="WriteAuditCaregiverClearedFromUnitsShouldWriteAssignments (False)" classname="Philips.PMP.Test.Auto.CareAssignmentAuditTrailWriterTest" time="0.002" status="1" />
    <testcase name="WriteAuditDelegateUpdatedShouldWriteAssignments (True)" classname="Philips.PMP.Test.Auto.CareAssignmentAuditTrailWriterTest" time="0.009" status="1" />
    <testcase name="WriteAuditDelegateUpdatedShouldWriteAssignments (False)" classname="Philips.PMP.Test.Auto.CareAssignmentAuditTrailWriterTest" time="0.003" status="1" />
    <testcase name="WriteAuditTrailShouldWriteAssignments (True)" classname="Philips.PMP.Test.Auto.CareAssignmentAuditTrailWriterTest" time="0.020" status="1" />
    <testcase name="WriteAuditTrailShouldWriteAssignments (False)" classname="Philips.PMP.Test.Auto.CareAssignmentAuditTrailWriterTest" time="0.002" status="1" />
    <testcase name="WriteAuditTrailShouldWriteNoEntriesWhenAssignmentToggled" classname="Philips.PMP.Test.Auto.CareAssignmentAuditTrailWriterTest" time="0.004" status="1" />
    <testcase name="WriteAuditTrailShouldWriteNoEntriesWhenListAreEmpty" classname="Philips.PMP.Test.Auto.CareAssignmentAuditTrailWriterTest" time="0.063" status="1" />
    <testcase name="WriteAuditTrailShouldWriteMultipleAssignments (True)" classname="Philips.PMP.Test.Auto.CareAssignmentAuditTrailWriterTest" time="0.004" status="1" />
    <testcase name="WriteAuditTrailShouldWriteMultipleAssignments (False)" classname="Philips.PMP.Test.Auto.CareAssignmentAuditTrailWriterTest" time="0.003" status="1" />
    <system-out />
    <system-err />
  </testsuite>
  <testsuite name="Philips.PMP.Test.Auto.Hl7OutboundServiceTest" hostname="RESTORMEL" package="not available" id="479" tests="24" failures="0" errors="0" skipped="0" time="0.051" timestamp="2023-12-13T03:36:44">
    <properties />
    <testcase name="ReportToApmService (True)" classname="Philips.PMP.Test.Auto.Hl7OutboundServiceTest" time="0.006" status="1" />
    <testcase name="ReportToApmService (False)" classname="Philips.PMP.Test.Auto.Hl7OutboundServiceTest" time="0.004" status="1" />
    <testcase name="Hl7ShouldStopServiceTest (True,False,False,True,True)" classname="Philips.PMP.Test.Auto.Hl7OutboundServiceTest" time="0.003" status="1" />
    <testcase name="Hl7ShouldStopServiceTest (True,False,True,True,False)" classname="Philips.PMP.Test.Auto.Hl7OutboundServiceTest" time="0.001" status="1" />
    <testcase name="Hl7ShouldStopServiceTest (False,True,False,False,True)" classname="Philips.PMP.Test.Auto.Hl7OutboundServiceTest" time="0.004" status="1" />
    <testcase name="Hl7ShouldStopServiceTest (False,True,False,False,True)" classname="Philips.PMP.Test.Auto.Hl7OutboundServiceTest" time="0.002" status="1" />
    <testcase name="Hl7ShouldStopServiceTest (False,True,False,True,False)" classname="Philips.PMP.Test.Auto.Hl7OutboundServiceTest" time="0.001" status="1" />
    <testcase name="HL7DiagnosticsCheckForNullClients" classname="Philips.PMP.Test.Auto.Hl7OutboundServiceTest" time="0.001" status="1" />
    <testcase name="Hl7RespondsToTopologyChanges (LicenseChanged,True,True,True,False,True,False,True)" classname="Philips.PMP.Test.Auto.Hl7OutboundServiceTest" time="0.005" status="1" />
    <testcase name="Hl7RespondsToTopologyChanges (LicenseChanged,True,True,True,False,False,False,False)" classname="Philips.PMP.Test.Auto.Hl7OutboundServiceTest" time="0.001" status="1" />
    <testcase name="Hl7RespondsToTopologyChanges (LicenseChanged,True,True,True,False,True,True,False)" classname="Philips.PMP.Test.Auto.Hl7OutboundServiceTest" time="0.003" status="1" />
    <testcase name="Hl7RespondsToTopologyChanges (LicenseChanged,True,True,True,False,False,True,True)" classname="Philips.PMP.Test.Auto.Hl7OutboundServiceTest" time="0.002" status="1" />
    <testcase name="Hl7RespondsToTopologyChanges (LicenseChanged,True,True,False,False,True,True,False)" classname="Philips.PMP.Test.Auto.Hl7OutboundServiceTest" time="0.001" status="1" />
    <testcase name="Hl7RespondsToTopologyChanges (LicenseChanged,True,True,False,False,False,False,False)" classname="Philips.PMP.Test.Auto.Hl7OutboundServiceTest" time="0.001" status="1" />
    <testcase name="Hl7RespondsToTopologyChanges (LicenseChanged,True,False,True,False,True,True,False)" classname="Philips.PMP.Test.Auto.Hl7OutboundServiceTest" time="0.002" status="1" />
    <testcase name="Hl7RespondsToTopologyChanges (LicenseChanged,False,True,False,True,False,False,True)" classname="Philips.PMP.Test.Auto.Hl7OutboundServiceTest" time="0.002" status="1" />
    <testcase name="Hl7RespondsToTopologyChanges (LicenseChanged,False,True,False,True,False,True,False)" classname="Philips.PMP.Test.Auto.Hl7OutboundServiceTest" time="0.001" status="1" />
    <testcase name="Hl7RespondsToTopologyChanges (LicenseChanged,False,True,True,False,False,False,False)" classname="Philips.PMP.Test.Auto.Hl7OutboundServiceTest" time="0.001" status="1" />
    <testcase name="Hl7RespondsToTopologyChanges (LicenseChanged,False,True,True,True,False,False,True)" classname="Philips.PMP.Test.Auto.Hl7OutboundServiceTest" time="0.002" status="1" />
    <testcase name="Hl7RespondsToTopologyChanges (LicenseChanged,False,True,True,True,False,True,False)" classname="Philips.PMP.Test.Auto.Hl7OutboundServiceTest" time="0.001" status="1" />
    <testcase name="Hl7RespondsToTopologyChanges (LicenseChanged,False,False,False,True,False,False,False)" classname="Philips.PMP.Test.Auto.Hl7OutboundServiceTest" time="0.001" status="1" />
    <testcase name="Hl7RespondsToTopologyChanges (BedsAdded,False,True,True,True,True,True,True)" classname="Philips.PMP.Test.Auto.Hl7OutboundServiceTest" time="0.003" status="1" />
    <testcase name="Hl7RespondsToTopologyChanges (ZoneDeleted,True,True,True,True,True,False,True)" classname="Philips.PMP.Test.Auto.Hl7OutboundServiceTest" time="0.002" status="1" />
    <testcase name="Hl7RespondsToTopologyChanges (HostChanged,True,True,True,True,True,True,False)" classname="Philips.PMP.Test.Auto.Hl7OutboundServiceTest" time="0.001" status="1" />
    <system-out />
    <system-err />
  </testsuite>
  <testsuite name="Philips.PMP.Test.Auto.PhysioDataMeterTest" hostname="RESTORMEL" package="not available" id="480" tests="1" failures="0" errors="0" skipped="0" time="4.489" timestamp="2023-12-13T03:35:47">
    <properties />
    <testcase name="PhysioDataMeterDeserialize" classname="Philips.PMP.Test.Auto.PhysioDataMeterTest" time="4.489" status="1" />
    <system-out />
    <system-err />
  </testsuite>
  <testsuite name="Philips.PMP.Test.Auto.ActiveDirectoryConfiguratorTest" hostname="RESTORMEL" package="not available" id="481" tests="7" failures="0" errors="0" skipped="0" time="0.018" timestamp="2023-12-13T03:30:12">
    <properties />
    <testcase name="ActiveDirectoryConfiguratorSyncTimeChanged" classname="Philips.PMP.Test.Auto.ActiveDirectoryConfiguratorTest" time="0.003" status="1" />
    <testcase name="ActiveDirectoryConfiguratorSyncTimeChangedWithNullUserInfo" classname="Philips.PMP.Test.Auto.ActiveDirectoryConfiguratorTest" time="0.005" status="1" />
    <testcase name="ActiveDirectoryConfiguratorRefresh" classname="Philips.PMP.Test.Auto.ActiveDirectoryConfiguratorTest" time="0.003" status="1" />
    <testcase name="ActiveDirectoryConfiguratorDeleteActiveDirectory" classname="Philips.PMP.Test.Auto.ActiveDirectoryConfiguratorTest" time="0.002" status="1" />
    <testcase name="ActiveDirectoryConfiguratorGetDefaultTimeSync" classname="Philips.PMP.Test.Auto.ActiveDirectoryConfiguratorTest" time="0.001" status="1" />
    <testcase name="ActiveDirectoryConfigurator (True)" classname="Philips.PMP.Test.Auto.ActiveDirectoryConfiguratorTest" time="0.003" status="1" />
    <testcase name="ActiveDirectoryConfigurator (False)" classname="Philips.PMP.Test.Auto.ActiveDirectoryConfiguratorTest" time="0.001" status="1" />
    <system-out />
    <system-err />
  </testsuite>
  <testsuite name="Philips.PMP.Test.Auto.DbArchiveMgrTablePropertyTest" hostname="RESTORMEL" package="not available" id="482" tests="7" failures="0" errors="0" skipped="0" time="0.092" timestamp="2023-12-13T03:29:37">
    <properties />
    <testcase name="ShouldRestoreTest (Philips.PIC.Primary,_Control.Control_,False,False)" classname="Philips.PMP.Test.Auto.DbArchiveMgrTablePropertyTest" time="0.013" status="1" />
    <testcase name="ShouldRestoreTest (Philips.PIC.Primary,_Control.Control_,True,True)" classname="Philips.PMP.Test.Auto.DbArchiveMgrTablePropertyTest" time="0.012" status="1" />
    <testcase name="ShouldRestoreTest (Philips.PIC.Primary,_Control.ValueSetting_,False,True)" classname="Philips.PMP.Test.Auto.DbArchiveMgrTablePropertyTest" time="0.004" status="1" />
    <testcase name="ShouldRestoreTest (Philips.PIC.Primary,_Control.ValueSetting_,True,True)" classname="Philips.PMP.Test.Auto.DbArchiveMgrTablePropertyTest" time="0.005" status="1" />
    <testcase name="ShouldRestoreTest (Philips.PIC.Ringtone,_EventMgmt.Ringtone_,False,True)" classname="Philips.PMP.Test.Auto.DbArchiveMgrTablePropertyTest" time="0.003" status="1" />
    <testcase name="ClearPatientDataTestNoPatientData (False)" classname="Philips.PMP.Test.Auto.DbArchiveMgrTablePropertyTest" time="0.018" status="1" />
    <testcase name="ClearPatientDataTestNoPatientData (True)" classname="Philips.PMP.Test.Auto.DbArchiveMgrTablePropertyTest" time="0.035" status="1" />
    <system-out />
    <system-err />
  </testsuite>
  <testsuite name="Philips.PMP.Test.Auto.Hl7ValidatedDataConnectionMgrTest" hostname="RESTORMEL" package="not available" id="483" tests="15" failures="0" errors="0" skipped="0" time="0.304" timestamp="2023-12-13T03:36:44">
    <properties />
    <testcase name="Hl7ValidatedDataRetrySendTest" classname="Philips.PMP.Test.Auto.Hl7ValidatedDataConnectionMgrTest" time="0.013" status="1" />
    <testcase name="ConnectionMgrOnHl7ConnectionActiveTest (False,False,True,0,0,0,0,0,True,0,0,0)" classname="Philips.PMP.Test.Auto.Hl7ValidatedDataConnectionMgrTest" time="0.190" status="1" />
    <testcase name="ConnectionMgrOnHl7ConnectionActiveTest (False,True,True,1,1,1,1,1,False,1,0,0)" classname="Philips.PMP.Test.Auto.Hl7ValidatedDataConnectionMgrTest" time="0.011" status="1" />
    <testcase name="ConnectionMgrOnHl7ConnectionActiveTest (False,True,True,1,1,1,0,0,True,1,1,1)" classname="Philips.PMP.Test.Auto.Hl7ValidatedDataConnectionMgrTest" time="0.005" status="1" />
    <testcase name="ConnectionMgrOnHl7ConnectionActiveTest (True,False,True,1,1,1,0,0,True,1,1,1)" classname="Philips.PMP.Test.Auto.Hl7ValidatedDataConnectionMgrTest" time="0.008" status="1" />
    <testcase name="ConnectionMgrOnHl7ConnectionActiveTest (True,False,True,1,1,1,1,1,False,1,0,0)" classname="Philips.PMP.Test.Auto.Hl7ValidatedDataConnectionMgrTest" time="0.006" status="1" />
    <testcase name="ConnectionMgrOnHl7ConnectionActiveTest (True,True,True,1,1,1,1,1,False,1,0,0)" classname="Philips.PMP.Test.Auto.Hl7ValidatedDataConnectionMgrTest" time="0.007" status="1" />
    <testcase name="ConnectionMgrOnHl7ConnectionActiveTest (True,True,False,1,1,1,1,1,False,1,1,1)" classname="Philips.PMP.Test.Auto.Hl7ValidatedDataConnectionMgrTest" time="0.008" status="1" />
    <testcase name="Hl7ValidatedDataMgrProcessTimerSendsValidatedData" classname="Philips.PMP.Test.Auto.Hl7ValidatedDataConnectionMgrTest" time="0.012" status="1" />
    <testcase name="ConnectionMgrOnResponseReceivedTest (True,False,1,2,2,2,1,0)" classname="Philips.PMP.Test.Auto.Hl7ValidatedDataConnectionMgrTest" time="0.012" status="1" />
    <testcase name="ConnectionMgrOnResponseReceivedTest (False,False,1,2,2,2,1,0)" classname="Philips.PMP.Test.Auto.Hl7ValidatedDataConnectionMgrTest" time="0.005" status="1" />
    <testcase name="ConnectionMgrOnResponseReceivedTest (True,True,1,2,2,2,0,1)" classname="Philips.PMP.Test.Auto.Hl7ValidatedDataConnectionMgrTest" time="0.009" status="1" />
    <testcase name="ConnectionMgrOnResponseReceivedTest (False,True,1,2,2,2,0,1)" classname="Philips.PMP.Test.Auto.Hl7ValidatedDataConnectionMgrTest" time="0.008" status="1" />
    <testcase name="ConnectionMgrProcessValidationDataTest (False)" classname="Philips.PMP.Test.Auto.Hl7ValidatedDataConnectionMgrTest" time="0.006" status="1" />
    <testcase name="ConnectionMgrProcessValidationDataTest (True)" classname="Philips.PMP.Test.Auto.Hl7ValidatedDataConnectionMgrTest" time="0.004" status="1" />
    <system-out />
    <system-err />
  </testsuite>
  <testsuite name="Philips.PIC.SharedAssignment.Test.SharedAssignmentServiceTest" hostname="RESTORMEL" package="not available" id="484" tests="2" failures="0" errors="0" skipped="0" time="0.520" timestamp="2023-12-13T03:29:08">
    <properties />
    <testcase name="SharedAssignmentServiceStartStopTest" classname="Philips.PIC.SharedAssignment.Test.SharedAssignmentServiceTest" time="0.508" status="1" />
    <testcase name="ServiceManualSyncShouldMakeMgrCall" classname="Philips.PIC.SharedAssignment.Test.SharedAssignmentServiceTest" time="0.012" status="1" />
    <system-out />
    <system-err />
  </testsuite>
  <testsuite name="Philips.PMP.Test.Auto.TeleMdilComConverterTest" hostname="RESTORMEL" package="not available" id="485" tests="2" failures="0" errors="0" skipped="0" time="0.005" timestamp="2023-12-13T03:29:57">
    <properties />
    <testcase name="TeleMdilComConverterCanConvertEmptySrrChannelMaskListCom" classname="Philips.PMP.Test.Auto.TeleMdilComConverterTest" time="0.003" status="1" />
    <testcase name="TeleMdilComConverterCanConvertSrrChannelMaskListCom" classname="Philips.PMP.Test.Auto.TeleMdilComConverterTest" time="0.003" status="1" />
    <system-out />
    <system-err />
  </testsuite>
  <testsuite name="Philips.PIC.DevTools.Test.StarPhysioDataConverterTest" hostname="RESTORMEL" package="not available" id="486" tests="11" failures="0" errors="0" skipped="0" time="2.022" timestamp="2023-12-13T03:28:57">
    <properties />
    <testcase name="PhysioDataConverterGetOffsetTimeTest (1000,0)" classname="Philips.PIC.DevTools.Test.StarPhysioDataConverterTest" time="0.592" status="1" />
    <testcase name="PhysioDataConverterGetOffsetTimeTest (10000,7500)" classname="Philips.PIC.DevTools.Test.StarPhysioDataConverterTest" time="0.033" status="1" />
    <testcase name="PhysioDataConverterTryGetLabelTest (0,,False)" classname="Philips.PIC.DevTools.Test.StarPhysioDataConverterTest" time="0.003" status="1" />
    <testcase name="PhysioDataConverterTryGetLabelTest (1,Unknwn,False)" classname="Philips.PIC.DevTools.Test.StarPhysioDataConverterTest" time="1.387" status="1" />
    <testcase name="PhysioDataConverterTryGetLabelTest (131329,I,True)" classname="Philips.PIC.DevTools.Test.StarPhysioDataConverterTest" time="0.001" status="1" />
    <testcase name="PhysioDataConverterGetNumericValueStringTest (0,80)" classname="Philips.PIC.DevTools.Test.StarPhysioDataConverterTest" time="0.003" status="1" />
    <testcase name="PhysioDataConverterGetNumericValueStringTest (Invalid,?)" classname="Philips.PIC.DevTools.Test.StarPhysioDataConverterTest" time="0.000" status="1" />
    <testcase name="PhysioDataConverterGetNumericValueStringTest (Unavailable,-)" classname="Philips.PIC.DevTools.Test.StarPhysioDataConverterTest" time="0.000" status="1" />
    <testcase name="PhysioDataConverterGetNumericValueStringTest (Questionable,80?)" classname="Philips.PIC.DevTools.Test.StarPhysioDataConverterTest" time="0.000" status="1" />
    <testcase name="PhysioDataConverterGetNumericValueStringTest (MsmtStateAlInhibited,80)" classname="Philips.PIC.DevTools.Test.StarPhysioDataConverterTest" time="0.000" status="1" />
    <testcase name="PhysioDataConverterGetNumericValueStringTest (MsmtStateAlInhibited, Invalid,?)" classname="Philips.PIC.DevTools.Test.StarPhysioDataConverterTest" time="0.000" status="1" />
    <system-out />
    <system-err />
  </testsuite>
  <testsuite name="Philips.PMP.Test.Auto.PatientPerDeviceHandlerTest" hostname="RESTORMEL" package="not available" id="487" tests="5" failures="0" errors="0" skipped="0" time="0.055" timestamp="2023-12-13T03:34:52">
    <properties />
    <testcase name="PatientPerDeviceHandlerUpdateDeviceStatus" classname="Philips.PMP.Test.Auto.PatientPerDeviceHandlerTest" time="0.002" status="1" />
    <testcase name="PatientPerDeviceHandlerStart" classname="Philips.PMP.Test.Auto.PatientPerDeviceHandlerTest" time="0.049" status="1" />
    <testcase name="PatientPerDeviceHandlerDispose" classname="Philips.PMP.Test.Auto.PatientPerDeviceHandlerTest" time="0.001" status="1" />
    <testcase name="PatientPerDeviceHandlerStop" classname="Philips.PMP.Test.Auto.PatientPerDeviceHandlerTest" time="0.001" status="1" />
    <testcase name="PatientPerDeviceHandlerUpdateDevices" classname="Philips.PMP.Test.Auto.PatientPerDeviceHandlerTest" time="0.002" status="1" />
    <system-out />
    <system-err />
  </testsuite>
  <testsuite name="Philips.PIC.WebBridge.Test.StripDataControllerTest" hostname="RESTORMEL" package="not available" id="488" tests="10" failures="0" errors="0" skipped="0" time="0.060" timestamp="2023-12-13T03:39:10">
    <properties />
    <testcase name="WillPostNotableIntervalTest (False)" classname="Philips.PIC.WebBridge.Test.StripDataControllerTest" time="0.004" status="1" />
    <testcase name="WillPostNotableIntervalTest (True)" classname="Philips.PIC.WebBridge.Test.StripDataControllerTest" time="0.002" status="1" />
    <testcase name="WillExportNotableIntervalTest (False)" classname="Philips.PIC.WebBridge.Test.StripDataControllerTest" time="0.003" status="1" />
    <testcase name="WillExportNotableIntervalTest (True)" classname="Philips.PIC.WebBridge.Test.StripDataControllerTest" time="0.001" status="1" />
    <testcase name="WillPutNotableIntervalTest (False)" classname="Philips.PIC.WebBridge.Test.StripDataControllerTest" time="0.003" status="1" />
    <testcase name="WillPutNotableIntervalTest (True)" classname="Philips.PIC.WebBridge.Test.StripDataControllerTest" time="0.002" status="1" />
    <testcase name="StripDataControllerGetForDischargedPatientTest" classname="Philips.PIC.WebBridge.Test.StripDataControllerTest" time="0.004" status="1" />
    <testcase name="WillGetStripDataByTimeSequenceTest" classname="Philips.PIC.WebBridge.Test.StripDataControllerTest" time="0.004" status="1" />
    <testcase name="StripDataControllerGetTest" classname="Philips.PIC.WebBridge.Test.StripDataControllerTest" time="0.029" status="1" />
    <testcase name="WillGetSaveLicensingTest" classname="Philips.PIC.WebBridge.Test.StripDataControllerTest" time="0.009" status="1" />
    <system-out />
    <system-err />
  </testsuite>
  <testsuite name="Philips.PMP.Test.Auto.RecordingServiceTest" hostname="RESTORMEL" package="not available" id="489" tests="2" failures="0" errors="0" skipped="0" time="0.014" timestamp="2023-12-13T03:29:57">
    <properties />
    <testcase name="RecordingServiceShouldPublishTest (True)" classname="Philips.PMP.Test.Auto.RecordingServiceTest" time="0.013" status="1" />
    <testcase name="RecordingServiceShouldPublishTest (False)" classname="Philips.PMP.Test.Auto.RecordingServiceTest" time="0.001" status="1" />
    <system-out />
    <system-err />
  </testsuite>
  <testsuite name="Philips.IX.UserManagement.Test.ProveIdWebApiConfigurationProviderTest" hostname="RESTORMEL" package="not available" id="490" tests="6" failures="0" errors="0" skipped="0" time="0.482" timestamp="2023-12-13T03:39:03">
    <properties />
    <testcase name="GetRfIdeasConfigTest" classname="Philips.IX.UserManagement.Test.ProveIdWebApiConfigurationProviderTest" time="0.050" status="1" />
    <testcase name="GetDomainsTest" classname="Philips.IX.UserManagement.Test.ProveIdWebApiConfigurationProviderTest" time="0.030" status="1" />
    <testcase name="GetAgentGeneralConfigTest" classname="Philips.IX.UserManagement.Test.ProveIdWebApiConfigurationProviderTest" time="0.027" status="1" />
    <testcase name="GetBootstrapServerTest" classname="Philips.IX.UserManagement.Test.ProveIdWebApiConfigurationProviderTest" time="0.274" status="1" />
    <testcase name="GetServersTest" classname="Philips.IX.UserManagement.Test.ProveIdWebApiConfigurationProviderTest" time="0.042" status="1" />
    <testcase name="GetModalitiesTest" classname="Philips.IX.UserManagement.Test.ProveIdWebApiConfigurationProviderTest" time="0.060" status="1" />
    <system-out />
    <system-err />
  </testsuite>
  <testsuite name="Philips.PMP.Test.Auto.UserActionPermissionCheckerTest" hostname="RESTORMEL" package="not available" id="491" tests="2" failures="0" errors="0" skipped="0" time="0.004" timestamp="2023-12-13T03:38:16">
    <properties />
    <testcase name="UserContextAuthorizeEntityActionShouldEnableAction (True)" classname="Philips.PMP.Test.Auto.UserActionPermissionCheckerTest" time="0.002" status="1" />
    <testcase name="UserContextAuthorizeEntityActionShouldEnableAction (False)" classname="Philips.PMP.Test.Auto.UserActionPermissionCheckerTest" time="0.001" status="1" />
    <system-out />
    <system-err />
  </testsuite>
  <testsuite name="Philips.PMP.Test.Auto.EcgLeadHelperTest" hostname="RESTORMEL" package="not available" id="492" tests="2" failures="0" errors="0" skipped="0" time="0.018" timestamp="2023-12-13T03:29:49">
    <properties />
    <testcase name="V6RIsChestLeadTest" classname="Philips.PMP.Test.Auto.EcgLeadHelperTest" time="0.006" status="1" />
    <testcase name="V6RIsCompromisedWhenADependentLeadFallsOffTest" classname="Philips.PMP.Test.Auto.EcgLeadHelperTest" time="0.011" status="1" />
    <system-out />
    <system-err />
  </testsuite>
  <testsuite name="Philips.PMP.Test.Auto.DiskSpaceQualifierTest" hostname="RESTORMEL" package="not available" id="493" tests="9" failures="0" errors="0" skipped="0" time="0.042" timestamp="2023-12-13T03:34:07">
    <properties />
    <testcase name="DiskSpaceQualifierVerifyIsPotentialPhysioServer (False,False,False,True,False,False)" classname="Philips.PMP.Test.Auto.DiskSpaceQualifierTest" time="0.015" status="1" />
    <testcase name="DiskSpaceQualifierVerifyIsPotentialPhysioServer (True,False,False,False,False,False)" classname="Philips.PMP.Test.Auto.DiskSpaceQualifierTest" time="0.003" status="1" />
    <testcase name="DiskSpaceQualifierVerifyNotPhysioFail" classname="Philips.PMP.Test.Auto.DiskSpaceQualifierTest" time="0.004" status="1" />
    <testcase name="DiskSpaceQualifierCorrectTest" classname="Philips.PMP.Test.Auto.DiskSpaceQualifierTest" time="0.001" status="1" />
    <testcase name="DiskSpaceQualifierVerifyNotPhysioWarning" classname="Philips.PMP.Test.Auto.DiskSpaceQualifierTest" time="0.003" status="1" />
    <testcase name="DiskSpaceQualifierVerify (100,0,Failure)" classname="Philips.PMP.Test.Auto.DiskSpaceQualifierTest" time="0.004" status="1" />
    <testcase name="DiskSpaceQualifierVerify (250,0,Success)" classname="Philips.PMP.Test.Auto.DiskSpaceQualifierTest" time="0.006" status="1" />
    <testcase name="DiskSpaceQualifierVerify (200,200,Warning)" classname="Philips.PMP.Test.Auto.DiskSpaceQualifierTest" time="0.004" status="1" />
    <testcase name="DiskSpaceQualifierIsCorrectableTest" classname="Philips.PMP.Test.Auto.DiskSpaceQualifierTest" time="0.001" status="1" />
    <system-out />
    <system-err />
  </testsuite>
  <testsuite name="Philips.PMP.Test.Auto.TopLevelCategoryFormatterTest" hostname="RESTORMEL" package="not available" id="494" tests="4" failures="0" errors="0" skipped="0" time="0.002" timestamp="2023-12-13T03:29:42">
    <properties />
    <testcase name="FormatShouldReturnExpectedResult (I bless the rains down in Africa,DAAC56C7-7A7D-4444-9BB3-B9B22B48A228,Toto - I bless the rains down in Africa)" classname="Philips.PMP.Test.Auto.TopLevelCategoryFormatterTest" time="0.001" status="1" />
    <testcase name="FormatShouldReturnExpectedResult (I bless the rains down in Africa,00000000-0000-0000-0000-000000000000,I bless the rains down in Africa)" classname="Philips.PMP.Test.Auto.TopLevelCategoryFormatterTest" time="0.000" status="1" />
    <testcase name="FormatShouldReturnExpectedResult (Toto,DAAC56C7-7A7D-4444-9BB3-B9B22B48A228,Toto)" classname="Philips.PMP.Test.Auto.TopLevelCategoryFormatterTest" time="0.001" status="1" />
    <testcase name="FormatShouldReturnExpectedResult (Toto - I bless the rains down in Africa,DAAC56C7-7A7D-4444-9BB3-B9B22B48A228,Toto - I bless the rains down in Africa)" classname="Philips.PMP.Test.Auto.TopLevelCategoryFormatterTest" time="0.000" status="1" />
    <system-out />
    <system-err />
  </testsuite>
  <testsuite name="Philips.PMP.Test.Auto.MobilePatientAdmitMgrTest" hostname="RESTORMEL" package="not available" id="495" tests="22" failures="0" errors="0" skipped="0" time="0.365" timestamp="2023-12-13T03:29:47">
    <properties />
    <testcase name="AdmitPatientWithAdmitRequestOverrides (None,True,True)" classname="Philips.PMP.Test.Auto.MobilePatientAdmitMgrTest" time="0.016" status="1" />
    <testcase name="AdmitPatientWithAdmitRequestOverrides (ConfirmReadmit,True,True)" classname="Philips.PMP.Test.Auto.MobilePatientAdmitMgrTest" time="0.037" status="1" />
    <testcase name="AdmitPatientWithAdmitRequestOverrides (ConfirmReadmit,True,False)" classname="Philips.PMP.Test.Auto.MobilePatientAdmitMgrTest" time="0.012" status="1" />
    <testcase name="AdmitPatientWithAdmitRequestOverrides (ConfirmReadmit,False,False)" classname="Philips.PMP.Test.Auto.MobilePatientAdmitMgrTest" time="0.016" status="1" />
    <testcase name="AdmitPatientWithAdmitRequestOverrides (ConfirmTransfer,True,True)" classname="Philips.PMP.Test.Auto.MobilePatientAdmitMgrTest" time="0.008" status="1" />
    <testcase name="AdmitPatientWithAdmitRequestOverrides (ConfirmTransfer,True,False)" classname="Philips.PMP.Test.Auto.MobilePatientAdmitMgrTest" time="0.014" status="1" />
    <testcase name="HifAdmitPatientTest (True,True,True,True)" classname="Philips.PMP.Test.Auto.MobilePatientAdmitMgrTest" time="0.032" status="1" />
    <testcase name="HifAdmitPatientTest (True,True,False,True)" classname="Philips.PMP.Test.Auto.MobilePatientAdmitMgrTest" time="0.017" status="1" />
    <testcase name="HifAdmitPatientTest (True,False,True,False)" classname="Philips.PMP.Test.Auto.MobilePatientAdmitMgrTest" time="0.009" status="1" />
    <testcase name="HifAdmitPatientTest (False,True,True,False)" classname="Philips.PMP.Test.Auto.MobilePatientAdmitMgrTest" time="0.014" status="1" />
    <testcase name="AdmitPatientRequestDetermineOperationType (Success)" classname="Philips.PMP.Test.Auto.MobilePatientAdmitMgrTest" time="0.022" status="1" />
    <testcase name="AdmitPatientRequestDetermineOperationType (RequiresTransfer)" classname="Philips.PMP.Test.Auto.MobilePatientAdmitMgrTest" time="0.015" status="1" />
    <testcase name="AdmitPatientRequestDetermineOperationType (RequiresReadmit)" classname="Philips.PMP.Test.Auto.MobilePatientAdmitMgrTest" time="0.011" status="1" />
    <testcase name="InvalidDataReturnMobileAdmitResultCodesAsError (,False,False,False)" classname="Philips.PMP.Test.Auto.MobilePatientAdmitMgrTest" time="0.081" status="1" />
    <testcase name="InvalidDataReturnMobileAdmitResultCodesAsError (6B29FC40-CA47-1067-B31D-00DD010662DA,False,False,False)" classname="Philips.PMP.Test.Auto.MobilePatientAdmitMgrTest" time="0.009" status="1" />
    <testcase name="InvalidDataReturnMobileAdmitResultCodesAsError (6B29FC40-CA47-1067-B31D-00DD010662DA,True,False,False)" classname="Philips.PMP.Test.Auto.MobilePatientAdmitMgrTest" time="0.008" status="1" />
    <testcase name="InvalidDataReturnMobileAdmitResultCodesAsError (6B29FC40-CA47-1067-B31D-00DD010662DA,True,True,False)" classname="Philips.PMP.Test.Auto.MobilePatientAdmitMgrTest" time="0.005" status="1" />
    <testcase name="InvalidDataReturnMobileAdmitResultCodesAsError (6B29FC40-CA47-1067-B31D-00DD010662DA,True,True,True)" classname="Philips.PMP.Test.Auto.MobilePatientAdmitMgrTest" time="0.010" status="1" />
    <testcase name="GetAdmitRequestOverrideTest (True,False,True,False,RequiresTransfer)" classname="Philips.PMP.Test.Auto.MobilePatientAdmitMgrTest" time="0.009" status="1" />
    <testcase name="GetAdmitRequestOverrideTest (False,False,False,False,RequiresReadmit)" classname="Philips.PMP.Test.Auto.MobilePatientAdmitMgrTest" time="0.006" status="1" />
    <testcase name="GetAdmitRequestOverrideTest (True,True,False,False,Success)" classname="Philips.PMP.Test.Auto.MobilePatientAdmitMgrTest" time="0.008" status="1" />
    <testcase name="GetAdmitRequestOverrideTest (True,True,False,True,Success)" classname="Philips.PMP.Test.Auto.MobilePatientAdmitMgrTest" time="0.005" status="1" />
    <system-out />
    <system-err />
  </testsuite>
  <testsuite name="Philips.PIC.DataAcquisition.Test.MonitoringDeviceStatusMgrTest" hostname="RESTORMEL" package="not available" id="496" tests="6" failures="0" errors="0" skipped="0" time="0.155" timestamp="2023-12-13T03:28:52">
    <properties />
    <testcase name="MonitoringDeviceProcessStatusChangeTest (True,False,False,Unknown,Unknown,OpmodeUnspec,0)" classname="Philips.PIC.DataAcquisition.Test.MonitoringDeviceStatusMgrTest" time="0.121" status="1" />
    <testcase name="MonitoringDeviceProcessStatusChangeTest (False,False,False,Connected,Associated,Monitoring,1)" classname="Philips.PIC.DataAcquisition.Test.MonitoringDeviceStatusMgrTest" time="0.028" status="1" />
    <testcase name="MonitoringDeviceProcessStatusChangeTest (False,True,False,Connected,Managed,Demo,1)" classname="Philips.PIC.DataAcquisition.Test.MonitoringDeviceStatusMgrTest" time="0.002" status="1" />
    <testcase name="MonitoringDeviceProcessStatusChangeTest (False,True,False,Disconnected,Offline,Config,1)" classname="Philips.PIC.DataAcquisition.Test.MonitoringDeviceStatusMgrTest" time="0.002" status="1" />
    <testcase name="MonitoringDeviceProcessStatusChangeTest (True,False,True,DisconnectedFailure,Offline,OpmodeUnspec,1)" classname="Philips.PIC.DataAcquisition.Test.MonitoringDeviceStatusMgrTest" time="0.002" status="1" />
    <testcase name="MonitoringDeviceProcessStatusChangeTest (True,True,True,DisconnectedFailure,Offline,OpmodeUnspec,1)" classname="Philips.PIC.DataAcquisition.Test.MonitoringDeviceStatusMgrTest" time="0.002" status="1" />
    <system-out />
    <system-err />
  </testsuite>
  <testsuite name="Philips.PMP.Test.Auto.WatchedComponentTest" hostname="RESTORMEL" package="not available" id="497" tests="3" failures="0" errors="0" skipped="0" time="0.027" timestamp="2023-12-13T03:38:26">
    <properties />
    <testcase name="WatchedComponentFunctionality" classname="Philips.PMP.Test.Auto.WatchedComponentTest" time="0.018" status="1" />
    <testcase name="WatchdogHeartbeatComponentRequired" classname="Philips.PMP.Test.Auto.WatchedComponentTest" time="0.005" status="1" />
    <testcase name="WatchedComponentInfoFunctionality" classname="Philips.PMP.Test.Auto.WatchedComponentTest" time="0.004" status="1" />
    <system-out />
    <system-err />
  </testsuite>
  <testsuite name="Philips.PMP.Test.Auto.NumericValueHelperTest" hostname="RESTORMEL" package="not available" id="498" tests="15" failures="0" errors="0" skipped="0" time="0.008" timestamp="2023-12-13T03:30:47">
    <properties />
    <testcase name="GetArrayStatisticsTest" classname="Philips.PMP.Test.Auto.NumericValueHelperTest" time="0.003" status="1" />
    <testcase name="NumericValueNbpInfoTest (NbpVenipunctActive,MsmtOngoing,Ongoing)" classname="Philips.PMP.Test.Auto.NumericValueHelperTest" time="0.000" status="1" />
    <testcase name="NumericValueNbpInfoTest (NbpVenipunctActive,Invalid,VP)" classname="Philips.PMP.Test.Auto.NumericValueHelperTest" time="0.000" status="1" />
    <testcase name="NumericValueNbpInfoTest (NbpStat,Invalid,STAT)" classname="Philips.PMP.Test.Auto.NumericValueHelperTest" time="0.000" status="1" />
    <testcase name="NumericValueNbpInfoTest (NbpAutoCycleActive,Invalid,Auto)" classname="Philips.PMP.Test.Auto.NumericValueHelperTest" time="0.000" status="1" />
    <testcase name="NumericValueNbpInfoTest (NbpAuto,Invalid,Auto)" classname="Philips.PMP.Test.Auto.NumericValueHelperTest" time="0.000" status="1" />
    <testcase name="NumericValueNbpInfoTest (NbpManual,Invalid,Man)" classname="Philips.PMP.Test.Auto.NumericValueHelperTest" time="0.000" status="1" />
    <testcase name="NumericValueNbpInfoTest (EcgFilter,Invalid,Seq.)" classname="Philips.PMP.Test.Auto.NumericValueHelperTest" time="0.000" status="1" />
    <testcase name="NumericValueGetMeasurePeriodTest (10,MIN,0,10 min)" classname="Philips.PMP.Test.Auto.NumericValueHelperTest" time="0.001" status="1" />
    <testcase name="NumericValueGetMeasurePeriodTest (2,HR,0,2 h)" classname="Philips.PMP.Test.Auto.NumericValueHelperTest" time="0.000" status="1" />
    <testcase name="NumericValueGetMeasurePeriodTest (2,HR,2155161878,2 h)" classname="Philips.PMP.Test.Auto.NumericValueHelperTest" time="0.000" status="1" />
    <testcase name="NumericValueGetMeasurePeriodTest (0,NOS,0,)" classname="Philips.PMP.Test.Auto.NumericValueHelperTest" time="0.000" status="1" />
    <testcase name="NumericValueGetMeasurePeriodTest (0,NOS,2147748905,15 min)" classname="Philips.PMP.Test.Auto.NumericValueHelperTest" time="0.000" status="1" />
    <testcase name="NumericValueGetMeasurePeriodTest (0,NOS,2147748901,2.5 min)" classname="Philips.PMP.Test.Auto.NumericValueHelperTest" time="0.000" status="1" />
    <testcase name="NumericValueGetMeasurePeriodTest (4278190105,MIN,0,2.5 min)" classname="Philips.PMP.Test.Auto.NumericValueHelperTest" time="0.000" status="1" />
    <system-out />
    <system-err />
  </testsuite>
  <testsuite name="Philips.PMP.Test.Auto.LicenseValidationServiceTest" hostname="RESTORMEL" package="not available" id="499" tests="2" failures="0" errors="0" skipped="0" time="0.056" timestamp="2023-12-13T03:30:01">
    <properties />
    <testcase name="IsBedLicensedForFeatureReturnsIfBedIsInUnitThatIsLicensed" classname="Philips.PMP.Test.Auto.LicenseValidationServiceTest" time="0.004" status="1" />
    <testcase name="IsSinglePatientViewLicesned" classname="Philips.PMP.Test.Auto.LicenseValidationServiceTest" time="0.052" status="1" />
    <system-out />
    <system-err />
  </testsuite>
  <testsuite name="Philips.PMP.Test.Auto.AlertNotificationHelperTest" hostname="RESTORMEL" package="not available" id="500" tests="9" failures="0" errors="0" skipped="0" time="0.745" timestamp="2023-12-13T03:29:37">
    <properties />
    <testcase name="EventInfoTextBasedOnAlarmInfo (REM: *** Alarm,*** Alarm,*** AlarmPrint,True,SilencedReminder,Unicode)" classname="Philips.PMP.Test.Auto.AlertNotificationHelperTest" time="0.085" status="1" />
    <testcase name="EventInfoTextBasedOnAlarmInfo (*** SPO2Print,*** SPO2,*** SPO2Print,False,SecondLevelUnsilenced,ASCII)" classname="Philips.PMP.Test.Auto.AlertNotificationHelperTest" time="0.005" status="1" />
    <testcase name="PopulateEventInfoDetails" classname="Philips.PMP.Test.Auto.AlertNotificationHelperTest" time="0.004" status="1" />
    <testcase name="AlertNotificationHelperSpotCheckValueStringTest" classname="Philips.PMP.Test.Auto.AlertNotificationHelperTest" time="0.072" status="1" />
    <testcase name="PopulateEventDetailsWithAlertInfo (REM: *** Alarm,*** Alarm,True,SilencedReminder)" classname="Philips.PMP.Test.Auto.AlertNotificationHelperTest" time="0.015" status="1" />
    <testcase name="PopulateEventDetailsWithAlertInfo (*** SPO2,*** SPO2,False,SilencedReminder)" classname="Philips.PMP.Test.Auto.AlertNotificationHelperTest" time="0.006" status="1" />
    <testcase name="CopyAndUpdateEventDetailsWithPreviousEvent (False)" classname="Philips.PMP.Test.Auto.AlertNotificationHelperTest" time="0.005" status="1" />
    <testcase name="CopyAndUpdateEventDetailsWithPreviousEvent (True)" classname="Philips.PMP.Test.Auto.AlertNotificationHelperTest" time="0.001" status="1" />
    <testcase name="PopulateEventDetails" classname="Philips.PMP.Test.Auto.AlertNotificationHelperTest" time="0.553" status="1" />
    <system-out />
    <system-err />
  </testsuite>
  <testsuite name="Philips.PMP.Test.Auto.AlertNotificationClientMgrTest" hostname="RESTORMEL" package="not available" id="501" tests="8" failures="0" errors="0" skipped="0" time="1.025" timestamp="2023-12-13T03:29:37">
    <properties />
    <testcase name="NotifyDASOnDispose" classname="Philips.PMP.Test.Auto.AlertNotificationClientMgrTest" time="0.004" status="1" />
    <testcase name="OnEventStatusReceivedNotifyDAS" classname="Philips.PMP.Test.Auto.AlertNotificationClientMgrTest" time="0.012" status="1" />
    <testcase name="DoNotGenerateNoMobileInop (NoCaregiversAssignedToEvent)" classname="Philips.PMP.Test.Auto.AlertNotificationClientMgrTest" time="0.003" status="1" />
    <testcase name="DoNotGenerateNoMobileInop (CategoryNotConfigured)" classname="Philips.PMP.Test.Auto.AlertNotificationClientMgrTest" time="0.004" status="1" />
    <testcase name="DoNotGenerateNoMobileInop (CategoryNotEnabled)" classname="Philips.PMP.Test.Auto.AlertNotificationClientMgrTest" time="0.005" status="1" />
    <testcase name="DoNotGenerateNoMobileInop (ReportOnly)" classname="Philips.PMP.Test.Auto.AlertNotificationClientMgrTest" time="0.002" status="1" />
    <testcase name="SubscribeToEventUpdatesWhenConnected" classname="Philips.PMP.Test.Auto.AlertNotificationClientMgrTest" time="0.032" status="1" />
    <testcase name="NotifyMobilityConnectionChange" classname="Philips.PMP.Test.Auto.AlertNotificationClientMgrTest" time="0.962" status="1" />
    <system-out />
    <system-err />
  </testsuite>
  <testsuite name="Philips.PMP.Test.Auto.StreamNotificationServiceTest" hostname="RESTORMEL" package="not available" id="502" tests="29" failures="0" errors="0" skipped="0" time="0.519" timestamp="2023-12-13T03:37:02">
    <properties />
    <testcase name="StreamNotificationServiceCanGetSubscriptions" classname="Philips.PMP.Test.Auto.StreamNotificationServiceTest" time="0.004" status="1" />
    <testcase name="StreamNotificationServiceCanUnsubscribe (True,1)" classname="Philips.PMP.Test.Auto.StreamNotificationServiceTest" time="0.004" status="1" />
    <testcase name="StreamNotificationServiceCanUnsubscribe (False,0)" classname="Philips.PMP.Test.Auto.StreamNotificationServiceTest" time="0.001" status="1" />
    <testcase name="StreamNotificationServiceCanCreateTftpTransferService (True,True,True,1,1)" classname="Philips.PMP.Test.Auto.StreamNotificationServiceTest" time="0.193" status="1" />
    <testcase name="StreamNotificationServiceCanCreateTftpTransferService (True,True,False,1,1)" classname="Philips.PMP.Test.Auto.StreamNotificationServiceTest" time="0.004" status="1" />
    <testcase name="StreamNotificationServiceCanCreateTftpTransferService (True,False,True,1,0)" classname="Philips.PMP.Test.Auto.StreamNotificationServiceTest" time="0.003" status="1" />
    <testcase name="StreamNotificationServiceCanCreateTftpTransferService (True,False,False,1,0)" classname="Philips.PMP.Test.Auto.StreamNotificationServiceTest" time="0.003" status="1" />
    <testcase name="StreamNotificationServiceCanCreateTftpTransferService (False,True,True,0,0)" classname="Philips.PMP.Test.Auto.StreamNotificationServiceTest" time="0.093" status="1" />
    <testcase name="StreamNotificationServiceCanCreateTftpTransferService (False,True,False,0,0)" classname="Philips.PMP.Test.Auto.StreamNotificationServiceTest" time="0.005" status="1" />
    <testcase name="StreamNotificationServiceCanCreateTftpTransferService (False,False,True,0,0)" classname="Philips.PMP.Test.Auto.StreamNotificationServiceTest" time="0.002" status="1" />
    <testcase name="StreamNotificationServiceCanCreateTftpTransferService (False,False,False,0,0)" classname="Philips.PMP.Test.Auto.StreamNotificationServiceTest" time="0.002" status="1" />
    <testcase name="StreamNotificationServiceCanPublishStream" classname="Philips.PMP.Test.Auto.StreamNotificationServiceTest" time="0.084" status="1" />
    <testcase name="StreamNotificationServiceCanUnsubscribeForDebug (True,1)" classname="Philips.PMP.Test.Auto.StreamNotificationServiceTest" time="0.004" status="1" />
    <testcase name="StreamNotificationServiceCanUnsubscribeForDebug (False,0)" classname="Philips.PMP.Test.Auto.StreamNotificationServiceTest" time="0.001" status="1" />
    <testcase name="StreamNotificationServiceCanRegisterCallback" classname="Philips.PMP.Test.Auto.StreamNotificationServiceTest" time="0.003" status="1" />
    <testcase name="StreamNotificationServiceCanTellIfTftpIsEnabled (True)" classname="Philips.PMP.Test.Auto.StreamNotificationServiceTest" time="0.003" status="1" />
    <testcase name="StreamNotificationServiceCanTellIfTftpIsEnabled (False)" classname="Philips.PMP.Test.Auto.StreamNotificationServiceTest" time="0.001" status="1" />
    <testcase name="StreamNotificationServiceCanSubscribe (True,1)" classname="Philips.PMP.Test.Auto.StreamNotificationServiceTest" time="0.005" status="1" />
    <testcase name="StreamNotificationServiceCanSubscribe (False,0)" classname="Philips.PMP.Test.Auto.StreamNotificationServiceTest" time="0.001" status="1" />
    <testcase name="StreamNotificationServiceCanRestart" classname="Philips.PMP.Test.Auto.StreamNotificationServiceTest" time="0.087" status="1" />
    <testcase name="StreamNotificationServiceCanSubscribeForDebug (True,1)" classname="Philips.PMP.Test.Auto.StreamNotificationServiceTest" time="0.004" status="1" />
    <testcase name="StreamNotificationServiceCanSubscribeForDebug (False,0)" classname="Philips.PMP.Test.Auto.StreamNotificationServiceTest" time="0.001" status="1" />
    <testcase name="StreamNotificationServiceCanStop" classname="Philips.PMP.Test.Auto.StreamNotificationServiceTest" time="0.001" status="1" />
    <testcase name="StreamNotificationServiceCanClearSubscriptions (True,1)" classname="Philips.PMP.Test.Auto.StreamNotificationServiceTest" time="0.002" status="1" />
    <testcase name="StreamNotificationServiceCanClearSubscriptions (False,0)" classname="Philips.PMP.Test.Auto.StreamNotificationServiceTest" time="0.002" status="1" />
    <testcase name="StreamNotificationServiceCanStart (False,False,1)" classname="Philips.PMP.Test.Auto.StreamNotificationServiceTest" time="0.001" status="1" />
    <testcase name="StreamNotificationServiceCanStart (False,True,0)" classname="Philips.PMP.Test.Auto.StreamNotificationServiceTest" time="0.001" status="1" />
    <testcase name="StreamNotificationServiceCanStart (True,True,1)" classname="Philips.PMP.Test.Auto.StreamNotificationServiceTest" time="0.001" status="1" />
    <testcase name="StreamNotificationServiceCanStart (True,False,1)" classname="Philips.PMP.Test.Auto.StreamNotificationServiceTest" time="0.003" status="1" />
    <system-out />
    <system-err />
  </testsuite>
  <testsuite name="Philips.CareEvent.Test.ServerConfigurationFormTest" hostname="RESTORMEL" package="not available" id="503" tests="14" failures="0" errors="0" skipped="0" time="0.181" timestamp="2023-12-13T03:28:18">
    <properties />
    <testcase name="ValidateConnect (192.168.0.1,False)" classname="Philips.CareEvent.Test.ServerConfigurationFormTest" time="0.011" status="1" />
    <testcase name="ValidateConnect (,False)" classname="Philips.CareEvent.Test.ServerConfigurationFormTest" time="0.009" status="1" />
    <testcase name="ValidateConnect (,False)" classname="Philips.CareEvent.Test.ServerConfigurationFormTest" time="0.009" status="1" />
    <testcase name="ValidateHostnameLabel (Host Name)" classname="Philips.CareEvent.Test.ServerConfigurationFormTest" time="0.009" status="1" />
    <testcase name="ServerConfigurationFormOKButton" classname="Philips.CareEvent.Test.ServerConfigurationFormTest" time="0.019" status="1" />
    <testcase name="ValidateInputTest (localhost,True)" classname="Philips.CareEvent.Test.ServerConfigurationFormTest" time="0.046" status="1" />
    <testcase name="ValidateInputTest (,False)" classname="Philips.CareEvent.Test.ServerConfigurationFormTest" time="0.009" status="1" />
    <testcase name="ValidateInputTest (,False)" classname="Philips.CareEvent.Test.ServerConfigurationFormTest" time="0.009" status="1" />
    <testcase name="ValidateHostnameTest (localhost,True)" classname="Philips.CareEvent.Test.ServerConfigurationFormTest" time="0.009" status="1" />
    <testcase name="ValidateHostnameTest (ROYAL-9N5CC3K77,True)" classname="Philips.CareEvent.Test.ServerConfigurationFormTest" time="0.009" status="1" />
    <testcase name="ValidateHostnameTest (192.168.0.1,False)" classname="Philips.CareEvent.Test.ServerConfigurationFormTest" time="0.009" status="1" />
    <testcase name="ValidateHostnameTest (,False)" classname="Philips.CareEvent.Test.ServerConfigurationFormTest" time="0.009" status="1" />
    <testcase name="ValidateHostnameTest (,False)" classname="Philips.CareEvent.Test.ServerConfigurationFormTest" time="0.009" status="1" />
    <testcase name="ServerConfigurationFormCancelButton" classname="Philips.CareEvent.Test.ServerConfigurationFormTest" time="0.018" status="1" />
    <system-out />
    <system-err />
  </testsuite>
  <testsuite name="Philips.PMP.Test.Auto.CiServiceTest" hostname="RESTORMEL" package="not available" id="504" tests="30" failures="0" errors="0" skipped="0" time="2.179" timestamp="2023-12-13T03:31:00">
    <properties />
    <testcase name="CiServiceShouldProcessCiTest" classname="Philips.PMP.Test.Auto.CiServiceTest" time="1.010" status="1" />
    <testcase name="UnsubscribeFromEventsTest (False,0)" classname="Philips.PMP.Test.Auto.CiServiceTest" time="0.001" status="1" />
    <testcase name="UnsubscribeFromEventsTest (True,1)" classname="Philips.PMP.Test.Auto.CiServiceTest" time="0.001" status="1" />
    <testcase name="CiServiceDoesNotCrashOnTopologyChange" classname="Philips.PMP.Test.Auto.CiServiceTest" time="0.382" status="1" />
    <testcase name="CiServiceCanUpdateDeviceRemotely" classname="Philips.PMP.Test.Auto.CiServiceTest" time="0.385" status="1" />
    <testcase name="OnTopologyChangedTest (Unknown,False,False,True,0)" classname="Philips.PMP.Test.Auto.CiServiceTest" time="0.117" status="1" />
    <testcase name="OnTopologyChangedTest (Unknown,False,False,False,0)" classname="Philips.PMP.Test.Auto.CiServiceTest" time="0.001" status="1" />
    <testcase name="OnTopologyChangedTest (MonitorRenamed,False,False,True,0)" classname="Philips.PMP.Test.Auto.CiServiceTest" time="0.003" status="1" />
    <testcase name="OnTopologyChangedTest (MonitorRenamed,False,False,False,0)" classname="Philips.PMP.Test.Auto.CiServiceTest" time="0.001" status="1" />
    <testcase name="OnTopologyChangedTest (MonitorsAdded,False,False,True,0)" classname="Philips.PMP.Test.Auto.CiServiceTest" time="0.002" status="1" />
    <testcase name="OnTopologyChangedTest (MonitorsAdded,False,False,False,0)" classname="Philips.PMP.Test.Auto.CiServiceTest" time="0.001" status="1" />
    <testcase name="OnTopologyChangedTest (HostMoved,False,False,True,0)" classname="Philips.PMP.Test.Auto.CiServiceTest" time="0.001" status="1" />
    <testcase name="OnTopologyChangedTest (HostMoved,False,True,True,1)" classname="Philips.PMP.Test.Auto.CiServiceTest" time="0.003" status="1" />
    <testcase name="OnTopologyChangedTest (HostMoved,False,False,False,0)" classname="Philips.PMP.Test.Auto.CiServiceTest" time="0.001" status="1" />
    <testcase name="OnTopologyChangedTest (HostMoved,False,True,False,1)" classname="Philips.PMP.Test.Auto.CiServiceTest" time="0.002" status="1" />
    <testcase name="OnTopologyChangedTest (MulticastZoneChanged,False,False,True,1)" classname="Philips.PMP.Test.Auto.CiServiceTest" time="0.002" status="1" />
    <testcase name="OnTopologyChangedTest (MulticastZoneChanged,False,True,True,1)" classname="Philips.PMP.Test.Auto.CiServiceTest" time="0.002" status="1" />
    <testcase name="OnTopologyChangedTest (MulticastZoneChanged,False,False,False,0)" classname="Philips.PMP.Test.Auto.CiServiceTest" time="0.001" status="1" />
    <testcase name="OnTopologyChangedTest (MulticastZoneChanged,False,True,False,0)" classname="Philips.PMP.Test.Auto.CiServiceTest" time="0.001" status="1" />
    <testcase name="OnTopologyChangedTest (ZoneChanged,False,False,True,1)" classname="Philips.PMP.Test.Auto.CiServiceTest" time="0.002" status="1" />
    <testcase name="OnTopologyChangedTest (ZoneChanged,False,True,True,1)" classname="Philips.PMP.Test.Auto.CiServiceTest" time="0.003" status="1" />
    <testcase name="OnTopologyChangedTest (ZoneChanged,False,False,False,0)" classname="Philips.PMP.Test.Auto.CiServiceTest" time="0.001" status="1" />
    <testcase name="OnTopologyChangedTest (ZoneChanged,False,True,False,0)" classname="Philips.PMP.Test.Auto.CiServiceTest" time="0.001" status="1" />
    <testcase name="OnTopologyChangedTest (MulticastBlockHostChanged,False,False,True,0)" classname="Philips.PMP.Test.Auto.CiServiceTest" time="0.001" status="1" />
    <testcase name="OnTopologyChangedTest (MulticastBlockHostChanged,False,True,True,1)" classname="Philips.PMP.Test.Auto.CiServiceTest" time="0.002" status="1" />
    <testcase name="OnTopologyChangedTest (MulticastBlockHostChanged,False,False,False,0)" classname="Philips.PMP.Test.Auto.CiServiceTest" time="0.001" status="1" />
    <testcase name="OnTopologyChangedTest (MulticastBlockHostChanged,False,True,False,1)" classname="Philips.PMP.Test.Auto.CiServiceTest" time="0.002" status="1" />
    <testcase name="SubscribeToEventsTest (False,1)" classname="Philips.PMP.Test.Auto.CiServiceTest" time="0.002" status="1" />
    <testcase name="SubscribeToEventsTest (True,0)" classname="Philips.PMP.Test.Auto.CiServiceTest" time="0.001" status="1" />
    <testcase name="CiServiceDoesNotCrashOnTimerTick" classname="Philips.PMP.Test.Auto.CiServiceTest" time="0.243" status="1" />
    <system-out />
    <system-err />
  </testsuite>
  <testsuite name="Philips.CareEvent.Test.ApplicationMainFormTest" hostname="RESTORMEL" package="not available" id="505" tests="9" failures="0" errors="0" skipped="0" time="1.112" timestamp="2023-12-13T03:28:17">
    <properties />
    <testcase name="ApplicationMainFormBackButton" classname="Philips.CareEvent.Test.ApplicationMainFormTest" time="0.437" status="1" />
    <testcase name="ApplicationMainFormSetCurrentTabTitleNullCheck" classname="Philips.CareEvent.Test.ApplicationMainFormTest" time="0.022" status="1" />
    <testcase name="ApplicationMainFormSetCurrentTabTitle (Philips.PIC.Applications.CareAssignmentForm,_tsbCareAssignment)" classname="Philips.CareEvent.Test.ApplicationMainFormTest" time="0.246" status="1" />
    <testcase name="ApplicationMainFormSetCurrentTabTitle (Philips.PIC.Applications.DeviceAssignmentForm,_tsbDeviceAssignment)" classname="Philips.CareEvent.Test.ApplicationMainFormTest" time="0.065" status="1" />
    <testcase name="ApplicationMainFormSetCurrentTabTitle (Philips.PIC.Configuration.FeatureConfigurationForm,_tsbEventNotification)" classname="Philips.CareEvent.Test.ApplicationMainFormTest" time="0.083" status="1" />
    <testcase name="ApplicationMainFormSetCurrentTabTitle (Philips.CareEvent.Configuration.MobileDeviceConfigurationForm,_tsbViewDevices)" classname="Philips.CareEvent.Test.ApplicationMainFormTest" time="0.054" status="1" />
    <testcase name="ApplicationMainFormSetCurrentTabTitle (Philips.CareEvent.Configuration.ScheduledMessageConfigurationForm,_tsbScheduledMessages)" classname="Philips.CareEvent.Test.ApplicationMainFormTest" time="0.071" status="1" />
    <testcase name="ApplicationMainFormSetCurrentTabTitle (Philips.CareEvent.Configuration.EventMonitorForm,_tsbEventMonitor)" classname="Philips.CareEvent.Test.ApplicationMainFormTest" time="0.077" status="1" />
    <testcase name="ApplicationMainFormSetCurrentTabTitle (Philips.PIC.CommonControls.PatientCenterForm,_tsbPatientCenter)" classname="Philips.CareEvent.Test.ApplicationMainFormTest" time="0.058" status="1" />
    <system-out />
    <system-err />
  </testsuite>
  <testsuite name="Philips.IX.UserManagement.Test.UserAuthenticationSessionTest" hostname="RESTORMEL" package="not available" id="506" tests="7" failures="0" errors="0" skipped="0" time="0.236" timestamp="2023-12-13T03:39:03">
    <properties />
    <testcase name="UserAuthenticationSessionTwoStepAuthenticateFail" classname="Philips.IX.UserManagement.Test.UserAuthenticationSessionTest" time="0.017" status="1" />
    <testcase name="UserAuthenticationSessionTwoStepAuthenticateSuccessPrimary (Pin)" classname="Philips.IX.UserManagement.Test.UserAuthenticationSessionTest" time="0.026" status="1" />
    <testcase name="UserAuthenticationSessionTwoStepAuthenticateSuccessPrimary (Password)" classname="Philips.IX.UserManagement.Test.UserAuthenticationSessionTest" time="0.020" status="1" />
    <testcase name="UserAuthenticationSessionBackupAuthentication" classname="Philips.IX.UserManagement.Test.UserAuthenticationSessionTest" time="0.015" status="1" />
    <testcase name="UserAuthenticationSessionTwoStepAuthenticateFailThenSucceed" classname="Philips.IX.UserManagement.Test.UserAuthenticationSessionTest" time="0.022" status="1" />
    <testcase name="UserAuthenticationSessionAuthenticatorBasic (True)" classname="Philips.IX.UserManagement.Test.UserAuthenticationSessionTest" time="0.132" status="1" />
    <testcase name="UserAuthenticationSessionAuthenticatorBasic (False)" classname="Philips.IX.UserManagement.Test.UserAuthenticationSessionTest" time="0.005" status="1" />
    <system-out />
    <system-err />
  </testsuite>
  <testsuite name="Philips.PMP.Test.Auto.TokenSecretFactoryTest" hostname="RESTORMEL" package="not available" id="507" tests="1" failures="0" errors="0" skipped="0" time="0.011" timestamp="2023-12-13T03:29:59">
    <properties />
    <testcase name="TokenSecretFactoryCanGenerateBase64UrlSecret" classname="Philips.PMP.Test.Auto.TokenSecretFactoryTest" time="0.011" status="1" />
    <system-out />
    <system-err />
  </testsuite>
  <testsuite name="Philips.PMP.Test.Auto.WatchdogBridgeServiceTest" hostname="RESTORMEL" package="not available" id="508" tests="5" failures="0" errors="0" skipped="0" time="0.673" timestamp="2023-12-13T03:30:01">
    <properties />
    <testcase name="RestartOnCertificateChangeEvent (True,1)" classname="Philips.PMP.Test.Auto.WatchdogBridgeServiceTest" time="0.599" status="1" />
    <testcase name="RestartOnCertificateChangeEvent (False,0)" classname="Philips.PMP.Test.Auto.WatchdogBridgeServiceTest" time="0.031" status="1" />
    <testcase name="Report (True)" classname="Philips.PMP.Test.Auto.WatchdogBridgeServiceTest" time="0.003" status="1" />
    <testcase name="Report (False)" classname="Philips.PMP.Test.Auto.WatchdogBridgeServiceTest" time="0.001" status="1" />
    <testcase name="CreateWatchedComponent" classname="Philips.PMP.Test.Auto.WatchdogBridgeServiceTest" time="0.039" status="1" />
    <system-out />
    <system-err />
  </testsuite>
  <testsuite name="Philips.PMP.Test.Auto.EventCategoryFilterProviderTest" hostname="RESTORMEL" package="not available" id="509" tests="15" failures="0" errors="0" skipped="0" time="4.643" timestamp="2023-12-13T03:32:28">
    <properties />
    <testcase name="StoreUnitEventCategoryFilter" classname="Philips.PMP.Test.Auto.EventCategoryFilterProviderTest" time="0.222" status="1" />
    <testcase name="GetPatientMonitoringProductIdNotChanged" classname="Philips.PMP.Test.Auto.EventCategoryFilterProviderTest" time="0.247" status="1" />
    <testcase name="RevertToFactoryDefaultTest" classname="Philips.PMP.Test.Auto.EventCategoryFilterProviderTest" time="0.391" status="1" />
    <testcase name="GetPatientEventCategoryFilterSetting" classname="Philips.PMP.Test.Auto.EventCategoryFilterProviderTest" time="0.548" status="1" />
    <testcase name="ClearCacheOnNewEventCatalog" classname="Philips.PMP.Test.Auto.EventCategoryFilterProviderTest" time="0.097" status="1" />
    <testcase name="GetUnitEventCategoryFiltersByTarget" classname="Philips.PMP.Test.Auto.EventCategoryFilterProviderTest" time="0.415" status="1" />
    <testcase name="CopySettingsTest" classname="Philips.PMP.Test.Auto.EventCategoryFilterProviderTest" time="0.646" status="1" />
    <testcase name="GetUnitEventCategoryFilter" classname="Philips.PMP.Test.Auto.EventCategoryFilterProviderTest" time="0.094" status="1" />
    <testcase name="GetPatientSettingsShouldReturnAfterUnitSettingsIsResetToFactoryDefaults" classname="Philips.PMP.Test.Auto.EventCategoryFilterProviderTest" time="0.378" status="1" />
    <testcase name="AddFilterSettingsForNewlyAddedCategory" classname="Philips.PMP.Test.Auto.EventCategoryFilterProviderTest" time="0.703" status="1" />
    <testcase name="GetEventCategoryFiltersForMobilityInRightOrder" classname="Philips.PMP.Test.Auto.EventCategoryFilterProviderTest" time="0.358" status="1" />
    <testcase name="PatientEventCategoryFilterDefaultSetting (False,True)" classname="Philips.PMP.Test.Auto.EventCategoryFilterProviderTest" time="0.212" status="1" />
    <testcase name="PatientEventCategoryFilterDefaultSetting (True,False)" classname="Philips.PMP.Test.Auto.EventCategoryFilterProviderTest" time="0.079" status="1" />
    <testcase name="StorePatientEventCategoryFilter" classname="Philips.PMP.Test.Auto.EventCategoryFilterProviderTest" time="0.248" status="1" />
    <testcase name="GetFiltersInSettingsTextHelperShouldReturnCorrectFilters" classname="Philips.PMP.Test.Auto.EventCategoryFilterProviderTest" time="0.005" status="1" />
    <system-out />
    <system-err />
  </testsuite>
  <testsuite name="Philips.PIC.DataAcquisition.Test.SureSignsProtocolConverterTest" hostname="RESTORMEL" package="not available" id="510" tests="29" failures="0" errors="0" skipped="0" time="0.053" timestamp="2023-12-13T03:28:55">
    <properties />
    <testcase name="ProtocolConverterConvertSureSignsRiskbandIndexTest (N,RISKBAND_1)" classname="Philips.PIC.DataAcquisition.Test.SureSignsProtocolConverterTest" time="0.003" status="1" />
    <testcase name="ProtocolConverterConvertSureSignsRiskbandIndexTest (O,RISKBAND_3)" classname="Philips.PIC.DataAcquisition.Test.SureSignsProtocolConverterTest" time="0.000" status="1" />
    <testcase name="ProtocolConverterConvertSureSignsRiskbandIndexTest (W,RISKBAND_5)" classname="Philips.PIC.DataAcquisition.Test.SureSignsProtocolConverterTest" time="0.000" status="1" />
    <testcase name="ProtocolConverterConvertSureSignsRiskbandIndexTest (U,RISKBAND_7)" classname="Philips.PIC.DataAcquisition.Test.SureSignsProtocolConverterTest" time="0.002" status="1" />
    <testcase name="ProtocolConverterConvertSureSignsRiskbandIndexTest (P,RISKBAND_1)" classname="Philips.PIC.DataAcquisition.Test.SureSignsProtocolConverterTest" time="0.001" status="1" />
    <testcase name="ProtocolConverterGetEnumVisualGridLabelTest (1,RISKBAND_1,x,False,1,PW_P1_EWS_RISKBAND_1)" classname="Philips.PIC.DataAcquisition.Test.SureSignsProtocolConverterTest" time="0.004" status="1" />
    <testcase name="ProtocolConverterGetEnumVisualGridLabelTest (2,RISKBAND_3,,False,2,PW_P2_EWS_RISKBAND_3)" classname="Philips.PIC.DataAcquisition.Test.SureSignsProtocolConverterTest" time="0.003" status="1" />
    <testcase name="ProtocolConverterGetEnumVisualGridLabelTest (4,RISKBAND_7,x,True,2,PW_P4_EWS_RISKBAND_7)" classname="Philips.PIC.DataAcquisition.Test.SureSignsProtocolConverterTest" time="0.000" status="1" />
    <testcase name="ProtocolConverterGetEnumVisualGridLabelTest (3,RISKBAND_5,x,False,1,PW_P3_EWS_RISKBAND_5)" classname="Philips.PIC.DataAcquisition.Test.SureSignsProtocolConverterTest" time="0.002" status="1" />
    <testcase name="ProtocolConverterGetEnumVisualGridLabelTest (5,RISKBAND_6,x,False,1,PW_P5_EWS_RISKBAND_6)" classname="Philips.PIC.DataAcquisition.Test.SureSignsProtocolConverterTest" time="0.000" status="1" />
    <testcase name="ProtocolConverterGetEnumVisualGridLabelTest (0,RISKBAND_6,x,False,1,PW_P1_EWS_RISKBAND_1)" classname="Philips.PIC.DataAcquisition.Test.SureSignsProtocolConverterTest" time="0.000" status="1" />
    <testcase name="ProtocolConverterGetEnumVisualGridLabelTest (6,RISKBAND_6,x,False,1,PW_P1_EWS_RISKBAND_1)" classname="Philips.PIC.DataAcquisition.Test.SureSignsProtocolConverterTest" time="0.000" status="1" />
    <testcase name="ProtocolConverterGetRiskBandPriorityTest (SCORE_MEWS_RISKBAND_NORMAL,Priority1)" classname="Philips.PIC.DataAcquisition.Test.SureSignsProtocolConverterTest" time="0.002" status="1" />
    <testcase name="ProtocolConverterGetRiskBandPriorityTest (PW_P1_EWS_RISKBAND_1,Priority1)" classname="Philips.PIC.DataAcquisition.Test.SureSignsProtocolConverterTest" time="0.006" status="1" />
    <testcase name="ProtocolConverterGetRiskBandPriorityTest (PW_P1_EWS_RISKBAND_2,Priority2)" classname="Philips.PIC.DataAcquisition.Test.SureSignsProtocolConverterTest" time="0.001" status="1" />
    <testcase name="ProtocolConverterGetRiskBandPriorityTest (SCORE_MEWS_RISKBAND_OBSERVE,Priority3)" classname="Philips.PIC.DataAcquisition.Test.SureSignsProtocolConverterTest" time="0.000" status="1" />
    <testcase name="ProtocolConverterGetRiskBandPriorityTest (PW_P1_EWS_RISKBAND_3,Priority3)" classname="Philips.PIC.DataAcquisition.Test.SureSignsProtocolConverterTest" time="0.010" status="1" />
    <testcase name="ProtocolConverterGetRiskBandPriorityTest (PW_P1_EWS_RISKBAND_4,Priority4)" classname="Philips.PIC.DataAcquisition.Test.SureSignsProtocolConverterTest" time="0.003" status="1" />
    <testcase name="ProtocolConverterGetRiskBandPriorityTest (SCORE_MEWS_RISKBAND_WARNING,Priority5)" classname="Philips.PIC.DataAcquisition.Test.SureSignsProtocolConverterTest" time="0.003" status="1" />
    <testcase name="ProtocolConverterGetRiskBandPriorityTest (PW_P1_EWS_RISKBAND_5,Priority5)" classname="Philips.PIC.DataAcquisition.Test.SureSignsProtocolConverterTest" time="0.001" status="1" />
    <testcase name="ProtocolConverterGetRiskBandPriorityTest (PW_P1_EWS_RISKBAND_6,Priority6)" classname="Philips.PIC.DataAcquisition.Test.SureSignsProtocolConverterTest" time="0.000" status="1" />
    <testcase name="ProtocolConverterGetRiskBandPriorityTest (SCORE_MEWS_RISKBAND_URGENT,Priority7)" classname="Philips.PIC.DataAcquisition.Test.SureSignsProtocolConverterTest" time="0.000" status="1" />
    <testcase name="ProtocolConverterGetRiskBandPriorityTest (PW_P1_EWS_RISKBAND_7,Priority7)" classname="Philips.PIC.DataAcquisition.Test.SureSignsProtocolConverterTest" time="0.002" status="1" />
    <testcase name="ProtocolConverterGetRiskBandPriorityTest (ADVIS_SILENCE_COUNT_HI,Unknown)" classname="Philips.PIC.DataAcquisition.Test.SureSignsProtocolConverterTest" time="0.001" status="1" />
    <testcase name="ProtocolConverterSetPresentationHintsTest (False,True)" classname="Philips.PIC.DataAcquisition.Test.SureSignsProtocolConverterTest" time="0.001" status="1" />
    <testcase name="ProtocolConverterSetPresentationHintsTest (True,False)" classname="Philips.PIC.DataAcquisition.Test.SureSignsProtocolConverterTest" time="0.000" status="1" />
    <testcase name="ProtocolConverterSetPresentationHintsTest (True,True)" classname="Philips.PIC.DataAcquisition.Test.SureSignsProtocolConverterTest" time="0.000" status="1" />
    <testcase name="ProtocolConverterScoreFlagsTest (COLORED_BUBBLE,SingleParamScore)" classname="Philips.PIC.DataAcquisition.Test.SureSignsProtocolConverterTest" time="0.002" status="1" />
    <testcase name="ProtocolConverterScoreFlagsTest (SCORE_NUMBER,MultiParamScore)" classname="Philips.PIC.DataAcquisition.Test.SureSignsProtocolConverterTest" time="0.002" status="1" />
    <system-out />
    <system-err />
  </testsuite>
  <testsuite name="Philips.PMP.Test.Auto.ConfigurationProviderTest" hostname="RESTORMEL" package="not available" id="511" tests="1" failures="0" errors="0" skipped="0" time="0.066" timestamp="2023-12-13T03:37:17">
    <properties />
    <testcase name="ConfigurationProviderGetDevicesByFeatureTest" classname="Philips.PMP.Test.Auto.ConfigurationProviderTest" time="0.066" status="1" />
    <system-out />
    <system-err />
  </testsuite>
  <testsuite name="Philips.PMP.Test.Auto.MasterHostSelectionServiceTest" hostname="RESTORMEL" package="not available" id="512" tests="22" failures="0" errors="0" skipped="0" time="0.507" timestamp="2023-12-13T03:29:46">
    <properties />
    <testcase name="MasterHostSelectionServiceCanSetSubscriberElectability (True)" classname="Philips.PMP.Test.Auto.MasterHostSelectionServiceTest" time="0.257" status="1" />
    <testcase name="MasterHostSelectionServiceCanSetSubscriberElectability (False)" classname="Philips.PMP.Test.Auto.MasterHostSelectionServiceTest" time="0.004" status="1" />
    <testcase name="MasterHostSelectionServiceCanCanProcessLifeTicks (True)" classname="Philips.PMP.Test.Auto.MasterHostSelectionServiceTest" time="0.011" status="1" />
    <testcase name="MasterHostSelectionServiceCanCanProcessLifeTicks (False)" classname="Philips.PMP.Test.Auto.MasterHostSelectionServiceTest" time="0.003" status="1" />
    <testcase name="MasterHostSelectionServiceOnTopologyChangedTest (Unknown,False,,False,False,False,False,0)" classname="Philips.PMP.Test.Auto.MasterHostSelectionServiceTest" time="0.013" status="1" />
    <testcase name="MasterHostSelectionServiceOnTopologyChangedTest (ZoneChanged,False,,True,True,True,True,0)" classname="Philips.PMP.Test.Auto.MasterHostSelectionServiceTest" time="0.001" status="1" />
    <testcase name="MasterHostSelectionServiceOnTopologyChangedTest (HostMoved,False,,True,True,True,True,0)" classname="Philips.PMP.Test.Auto.MasterHostSelectionServiceTest" time="0.004" status="1" />
    <testcase name="MasterHostSelectionServiceOnTopologyChangedTest (MulticastZoneChanged,False,,True,True,True,True,0)" classname="Philips.PMP.Test.Auto.MasterHostSelectionServiceTest" time="0.020" status="1" />
    <testcase name="MasterHostSelectionServiceOnTopologyChangedTest (HostChanged,False,,True,True,True,True,0)" classname="Philips.PMP.Test.Auto.MasterHostSelectionServiceTest" time="0.008" status="1" />
    <testcase name="MasterHostSelectionServiceOnTopologyChangedTest (HostDeleted,False,,True,True,True,True,0)" classname="Philips.PMP.Test.Auto.MasterHostSelectionServiceTest" time="0.001" status="1" />
    <testcase name="MasterHostSelectionServiceOnTopologyChangedTest (ZoneDeleted,False,,True,True,True,True,0)" classname="Philips.PMP.Test.Auto.MasterHostSelectionServiceTest" time="0.015" status="1" />
    <testcase name="MasterHostSelectionServiceOnTopologyChangedTest (BedsAdded,False,,True,True,True,True,0)" classname="Philips.PMP.Test.Auto.MasterHostSelectionServiceTest" time="0.024" status="1" />
    <testcase name="MasterHostSelectionServiceOnTopologyChangedTest (BedsDeleted,False,,True,True,True,True,0)" classname="Philips.PMP.Test.Auto.MasterHostSelectionServiceTest" time="0.001" status="1" />
    <testcase name="MasterHostSelectionServiceOnTopologyChangedTest (BedRenamed,False,,True,True,True,True,0)" classname="Philips.PMP.Test.Auto.MasterHostSelectionServiceTest" time="0.001" status="1" />
    <testcase name="MasterHostSelectionServiceOnTopologyChangedTest (LicenseChanged,False,,True,False,False,False,0)" classname="Philips.PMP.Test.Auto.MasterHostSelectionServiceTest" time="0.004" status="1" />
    <testcase name="MasterHostSelectionServiceOnTopologyChangedTest (LicenseChanged,True,,True,True,True,True,0)" classname="Philips.PMP.Test.Auto.MasterHostSelectionServiceTest" time="0.001" status="1" />
    <testcase name="MasterHostSelectionServiceOnTopologyChangedTest (MonitorRenamed,False,,True,True,False,False,0)" classname="Philips.PMP.Test.Auto.MasterHostSelectionServiceTest" time="0.001" status="1" />
    <testcase name="MasterHostSelectionServiceOnTopologyChangedTest (MonitorsAdded,False,,True,True,False,False,0)" classname="Philips.PMP.Test.Auto.MasterHostSelectionServiceTest" time="0.001" status="1" />
    <testcase name="MasterHostSelectionServiceOnTopologyChangedTest (MonitorsDeleted,False,,True,True,False,False,0)" classname="Philips.PMP.Test.Auto.MasterHostSelectionServiceTest" time="0.017" status="1" />
    <testcase name="MasterHostSelectionServiceOnTopologyChangedTest (MulticastBlockHostChanged,True,False,False,False,False,False,1)" classname="Philips.PMP.Test.Auto.MasterHostSelectionServiceTest" time="0.013" status="1" />
    <testcase name="MasterHostSelectionServiceOnTopologyChangedTest (MulticastBlockHostChanged,True,True,False,False,False,False,-1)" classname="Philips.PMP.Test.Auto.MasterHostSelectionServiceTest" time="0.006" status="1" />
    <testcase name="MasterHostSelectionServiceStartTest" classname="Philips.PMP.Test.Auto.MasterHostSelectionServiceTest" time="0.103" status="1" />
    <system-out />
    <system-err />
  </testsuite>
  <testsuite name="Philips.PMP.Test.Auto.BodyMeasuresCalculatorTest" hostname="RESTORMEL" package="not available" id="513" tests="11" failures="0" errors="0" skipped="0" time="0.006" timestamp="2023-12-13T03:35:56">
    <properties />
    <testcase name="BodyMeasuresCalculatorValueTest (0,0,NaN,NaN,Dubois,False)" classname="Philips.PMP.Test.Auto.BodyMeasuresCalculatorTest" time="0.001" status="1" />
    <testcase name="BodyMeasuresCalculatorValueTest (0,0,NaN,NaN,Boyd,False)" classname="Philips.PMP.Test.Auto.BodyMeasuresCalculatorTest" time="0.001" status="1" />
    <testcase name="BodyMeasuresCalculatorValueTest (NaN,NaN,NaN,NaN,Dubois,False)" classname="Philips.PMP.Test.Auto.BodyMeasuresCalculatorTest" time="0.000" status="1" />
    <testcase name="BodyMeasuresCalculatorValueTest (NaN,NaN,NaN,NaN,Boyd,False)" classname="Philips.PMP.Test.Auto.BodyMeasuresCalculatorTest" time="0.000" status="1" />
    <testcase name="BodyMeasuresCalculatorValueTest (72,192,26,2.11,Boyd,True)" classname="Philips.PMP.Test.Auto.BodyMeasuresCalculatorTest" time="0.001" status="1" />
    <testcase name="BodyMeasuresCalculatorValueTest (64,142,24.4,1.69,Dubois,True)" classname="Philips.PMP.Test.Auto.BodyMeasuresCalculatorTest" time="0.000" status="1" />
    <testcase name="BodyMeasuresCalculatorValueTest (23,12,15.9,0.31,Boyd,True)" classname="Philips.PMP.Test.Auto.BodyMeasuresCalculatorTest" time="0.000" status="1" />
    <testcase name="BodyMeasuresCalculatorValueTest (70,250,35.9,2.29,Dubois,True)" classname="Philips.PMP.Test.Auto.BodyMeasuresCalculatorTest" time="0.001" status="1" />
    <testcase name="BodyMeasuresCalculatorValueTest (58,110,23,1.46,Boyd,True)" classname="Philips.PMP.Test.Auto.BodyMeasuresCalculatorTest" time="0.000" status="1" />
    <testcase name="BodyMeasuresCalculatorValueTest (75,210,26.2,2.24,Dubois,True)" classname="Philips.PMP.Test.Auto.BodyMeasuresCalculatorTest" time="0.000" status="1" />
    <testcase name="BodyMeasuresCalculatorValueTest (68,200,30.4,2.04,Dubois,True)" classname="Philips.PMP.Test.Auto.BodyMeasuresCalculatorTest" time="0.000" status="1" />
    <system-out />
    <system-err />
  </testsuite>
  <testsuite name="Philips.PMP.Test.Auto.LabDataHelperTest" hostname="RESTORMEL" package="not available" id="514" tests="15" failures="0" errors="0" skipped="0" time="0.441" timestamp="2023-12-13T03:36:45">
    <properties />
    <testcase name="LabDataServiceNotifiesSubscribersForNewLabNotifications" classname="Philips.PMP.Test.Auto.LabDataHelperTest" time="0.093" status="1" />
    <testcase name="LabDataHelperProcessSpotCheckResultsTest (F,True,1)" classname="Philips.PMP.Test.Auto.LabDataHelperTest" time="0.009" status="1" />
    <testcase name="LabDataHelperProcessSpotCheckResultsTest (X,True,0)" classname="Philips.PMP.Test.Auto.LabDataHelperTest" time="0.005" status="1" />
    <testcase name="LabDataHelperProcessSpotCheckResultsTest (F,False,1)" classname="Philips.PMP.Test.Auto.LabDataHelperTest" time="0.006" status="1" />
    <testcase name="LabDataHelperProcessSpotCheckResultsTest (X,False,0)" classname="Philips.PMP.Test.Auto.LabDataHelperTest" time="0.007" status="1" />
    <testcase name="LabDataHelperProcessLabResultsTest (False,1,X,False,False,False,False)" classname="Philips.PMP.Test.Auto.LabDataHelperTest" time="0.071" status="1" />
    <testcase name="LabDataHelperProcessLabResultsTest (True,1,X,False,False,False,False)" classname="Philips.PMP.Test.Auto.LabDataHelperTest" time="0.027" status="1" />
    <testcase name="LabDataHelperProcessLabResultsTest (True,1,F,False,False,False,False)" classname="Philips.PMP.Test.Auto.LabDataHelperTest" time="0.005" status="1" />
    <testcase name="LabDataHelperProcessLabResultsTest (True,1,F,True,False,False,False)" classname="Philips.PMP.Test.Auto.LabDataHelperTest" time="0.005" status="1" />
    <testcase name="LabDataHelperProcessLabResultsTest (True,1,F,True,True,False,False)" classname="Philips.PMP.Test.Auto.LabDataHelperTest" time="0.005" status="1" />
    <testcase name="LabDataHelperProcessLabResultsTest (True,1,F,True,True,True,False)" classname="Philips.PMP.Test.Auto.LabDataHelperTest" time="0.006" status="1" />
    <testcase name="LabDataHelperProcessLabResultsTest (True,5,F,True,True,True,False)" classname="Philips.PMP.Test.Auto.LabDataHelperTest" time="0.005" status="1" />
    <testcase name="LabDataHelperProcessLabResultsTest (True,5,F,True,True,True,True)" classname="Philips.PMP.Test.Auto.LabDataHelperTest" time="0.010" status="1" />
    <testcase name="LabDataHelperProcessLabResultsTest (True,6,F,True,True,True,True)" classname="Philips.PMP.Test.Auto.LabDataHelperTest" time="0.010" status="1" />
    <testcase name="LabDataSubscriberSubscribesForNewLabNotifications" classname="Philips.PMP.Test.Auto.LabDataHelperTest" time="0.178" status="1" />
    <system-out />
    <system-err />
  </testsuite>
  <testsuite name="Philips.PMP.Test.Auto.LicenseExtensionsTest" hostname="RESTORMEL" package="not available" id="515" tests="6" failures="0" errors="0" skipped="0" time="0.141" timestamp="2023-12-13T03:34:28">
    <properties />
    <testcase name="LicenseExtensionsIsTopologyDiacap" classname="Philips.PMP.Test.Auto.LicenseExtensionsTest" time="0.001" status="1" />
    <testcase name="LicenseExtensionsHasFeaturesForMultipleEntities" classname="Philips.PMP.Test.Auto.LicenseExtensionsTest" time="0.133" status="1" />
    <testcase name="LicenseExtensionsIsTopologyDeveloper" classname="Philips.PMP.Test.Auto.LicenseExtensionsTest" time="0.004" status="1" />
    <testcase name="LicenseExtensionsIsTopologyLicensed" classname="Philips.PMP.Test.Auto.LicenseExtensionsTest" time="0.001" status="1" />
    <testcase name="LicenseExtensionsIsTopologyStandalonePatientLink" classname="Philips.PMP.Test.Auto.LicenseExtensionsTest" time="0.001" status="1" />
    <testcase name="LicenseExtensionsIsTopologyNetworked" classname="Philips.PMP.Test.Auto.LicenseExtensionsTest" time="0.001" status="1" />
    <system-out />
    <system-err />
  </testsuite>
  <testsuite name="Philips.PMP.Test.Auto.RfidReaderTest" hostname="RESTORMEL" package="not available" id="516" tests="5" failures="0" errors="0" skipped="0" time="1.552" timestamp="2023-12-13T03:30:02">
    <properties />
    <testcase name="RfidReaderSimulatorStartTest" classname="Philips.PMP.Test.Auto.RfidReaderTest" time="0.003" status="1" />
    <testcase name="RfidReaderStart" classname="Philips.PMP.Test.Auto.RfidReaderTest" time="0.003" status="1" />
    <testcase name="RfidReaderDataReceived" classname="Philips.PMP.Test.Auto.RfidReaderTest" time="1.221" status="1" />
    <testcase name="RfidReaderUsbEvent" classname="Philips.PMP.Test.Auto.RfidReaderTest" time="0.324" status="1" />
    <testcase name="RfidReaderSimulatorTapTest" classname="Philips.PMP.Test.Auto.RfidReaderTest" time="0.001" status="1" />
    <system-out />
    <system-err />
  </testsuite>
  <testsuite name="Philips.PMP.Test.Auto.MonitorStreamSubscriptionTest" hostname="RESTORMEL" package="not available" id="517" tests="8" failures="0" errors="0" skipped="0" time="0.043" timestamp="2023-12-13T03:36:46">
    <properties />
    <testcase name="ClearSubscriptionsTest (False,PRN1,)" classname="Philips.PMP.Test.Auto.MonitorStreamSubscriptionTest" time="0.031" status="1" />
    <testcase name="ClearSubscriptionsTest (True,Monitor/Reports,2)" classname="Philips.PMP.Test.Auto.MonitorStreamSubscriptionTest" time="0.001" status="1" />
    <testcase name="DeviceSecuritySettingForMonitorPrintingTest (True,True,True)" classname="Philips.PMP.Test.Auto.MonitorStreamSubscriptionTest" time="0.003" status="1" />
    <testcase name="DeviceSecuritySettingForMonitorPrintingTest (True,False,False)" classname="Philips.PMP.Test.Auto.MonitorStreamSubscriptionTest" time="0.003" status="1" />
    <testcase name="DeviceSecuritySettingForMonitorPrintingTest (False,True,True)" classname="Philips.PMP.Test.Auto.MonitorStreamSubscriptionTest" time="0.002" status="1" />
    <testcase name="DeviceSecuritySettingForMonitorPrintingTest (False,False,True)" classname="Philips.PMP.Test.Auto.MonitorStreamSubscriptionTest" time="0.000" status="1" />
    <testcase name="SetSubscriptionsTest (False,PRN1,,PRN2,)" classname="Philips.PMP.Test.Auto.MonitorStreamSubscriptionTest" time="0.001" status="1" />
    <testcase name="SetSubscriptionsTest (True,Monitor/Reports,1,Monitor/Reports,2)" classname="Philips.PMP.Test.Auto.MonitorStreamSubscriptionTest" time="0.001" status="1" />
    <system-out />
    <system-err />
  </testsuite>
  <testsuite name="Philips.PMP.Test.Auto.WaveAndNumericSorterTest" hostname="RESTORMEL" package="not available" id="518" tests="4" failures="0" errors="0" skipped="0" time="0.004" timestamp="2023-12-13T03:30:56">
    <properties />
    <testcase name="SortedWaveIdsTest" classname="Philips.PMP.Test.Auto.WaveAndNumericSorterTest" time="0.001" status="1" />
    <testcase name="SortSurveillanceNumericsTest" classname="Philips.PMP.Test.Auto.WaveAndNumericSorterTest" time="0.001" status="1" />
    <testcase name="SortAllDataTest" classname="Philips.PMP.Test.Auto.WaveAndNumericSorterTest" time="0.002" status="1" />
    <testcase name="SortWithMaxValuesTest" classname="Philips.PMP.Test.Auto.WaveAndNumericSorterTest" time="0.001" status="1" />
    <system-out />
    <system-err />
  </testsuite>
  <testsuite name="Philips.PMP.Test.Auto.RepositoryEnumerationTest" hostname="RESTORMEL" package="not available" id="519" tests="7" failures="0" errors="0" skipped="0" time="0.013" timestamp="2023-12-13T03:35:52">
    <properties />
    <testcase name="RepositoryEnumerationCanRetrieveAllApplicableValues" classname="Philips.PMP.Test.Auto.RepositoryEnumerationTest" time="0.002" status="1" />
    <testcase name="RepositoryEnumerationCheckUsedTimeMappings" classname="Philips.PMP.Test.Auto.RepositoryEnumerationTest" time="0.005" status="1" />
    <testcase name="RepositoryEventEnumerationCheckUsedTimeMappings" classname="Philips.PMP.Test.Auto.RepositoryEnumerationTest" time="0.004" status="1" />
    <testcase name="RepositoryEnumerationShouldAllowDisplay (DelphiHigh15In,True)" classname="Philips.PMP.Test.Auto.RepositoryEnumerationTest" time="0.001" status="1" />
    <testcase name="RepositoryEnumerationShouldAllowDisplay (ExtDevServer,False)" classname="Philips.PMP.Test.Auto.RepositoryEnumerationTest" time="0.000" status="1" />
    <testcase name="RepositoryEnumerationShouldAllowDisplay (IbridgeEc40Hub,False)" classname="Philips.PMP.Test.Auto.RepositoryEnumerationTest" time="0.000" status="1" />
    <testcase name="RepositoryEnumerationShouldAllowDisplay (IbridgeEc48Hub,False)" classname="Philips.PMP.Test.Auto.RepositoryEnumerationTest" time="0.000" status="1" />
    <system-out />
    <system-err />
  </testsuite>
  <testsuite name="Philips.PMP.Test.Auto.SurveillanceCollectionTest" hostname="RESTORMEL" package="not available" id="520" tests="3" failures="0" errors="0" skipped="0" time="2.178" timestamp="2023-12-13T03:37:07">
    <properties />
    <testcase name="SettingsTextHelperTest" classname="Philips.PMP.Test.Auto.SurveillanceCollectionTest" time="0.013" status="1" />
    <testcase name="GetSectorByIdTest" classname="Philips.PMP.Test.Auto.SurveillanceCollectionTest" time="0.971" status="1" />
    <testcase name="GetSectorTest" classname="Philips.PMP.Test.Auto.SurveillanceCollectionTest" time="1.194" status="1" />
    <system-out />
    <system-err />
  </testsuite>
  <testsuite name="Philips.PMP.Test.Auto.ControlRepositoryTest" hostname="RESTORMEL" package="not available" id="521" tests="4" failures="0" errors="0" skipped="0" time="0.123" timestamp="2023-12-13T03:29:40">
    <properties />
    <testcase name="ControlRepositoryNotifiesDaWhenTelemetryProfileChanged (True)" classname="Philips.PMP.Test.Auto.ControlRepositoryTest" time="0.020" status="1" />
    <testcase name="ControlRepositoryNotifiesDaWhenTelemetryProfileChanged (False)" classname="Philips.PMP.Test.Auto.ControlRepositoryTest" time="0.005" status="1" />
    <testcase name="ControlRepositoryNotifiesDaWhenPatientTelemetryProfileChanged (True)" classname="Philips.PMP.Test.Auto.ControlRepositoryTest" time="0.087" status="1" />
    <testcase name="ControlRepositoryNotifiesDaWhenPatientTelemetryProfileChanged (False)" classname="Philips.PMP.Test.Auto.ControlRepositoryTest" time="0.011" status="1" />
    <system-out />
    <system-err />
  </testsuite>
  <testsuite name="Philips.PMP.Test.Auto.SectorProviderTest" hostname="RESTORMEL" package="not available" id="522" tests="4" failures="0" errors="0" skipped="0" time="1.480" timestamp="2023-12-13T03:33:27">
    <properties />
    <testcase name="PrincipalSectorAssignmentTest" classname="Philips.PMP.Test.Auto.SectorProviderTest" time="0.340" status="1" />
    <testcase name="SectorAssignmentSettingTest" classname="Philips.PMP.Test.Auto.SectorProviderTest" time="0.260" status="1" />
    <testcase name="GetSectors" classname="Philips.PMP.Test.Auto.SectorProviderTest" time="0.404" status="1" />
    <testcase name="SectorAssignmentTest" classname="Philips.PMP.Test.Auto.SectorProviderTest" time="0.475" status="1" />
    <system-out />
    <system-err />
  </testsuite>
  <testsuite name="Philips.PMP.Test.Auto.MobilePatientConverterTest" hostname="RESTORMEL" package="not available" id="523" tests="20" failures="0" errors="0" skipped="0" time="0.090" timestamp="2023-12-13T03:30:46">
    <properties />
    <testcase name="GetPatientSexTest (Male,Male)" classname="Philips.PMP.Test.Auto.MobilePatientConverterTest" time="0.001" status="1" />
    <testcase name="GetPatientSexTest (Female,Female)" classname="Philips.PMP.Test.Auto.MobilePatientConverterTest" time="0.001" status="1" />
    <testcase name="GetPatientSexTest (Unknown,SexUnknown)" classname="Philips.PMP.Test.Auto.MobilePatientConverterTest" time="0.000" status="1" />
    <testcase name="GetPatientSexTest (Unspecified,SexUnspecified)" classname="Philips.PMP.Test.Auto.MobilePatientConverterTest" time="0.000" status="1" />
    <testcase name="MobilePatientConverterGetDeviceLockedStatus (True)" classname="Philips.PMP.Test.Auto.MobilePatientConverterTest" time="0.003" status="1" />
    <testcase name="MobilePatientConverterGetDeviceLockedStatus (False)" classname="Philips.PMP.Test.Auto.MobilePatientConverterTest" time="0.003" status="1" />
    <testcase name="MobilePatientConverterNoDataReasonWillGetStandbyLocationTest" classname="Philips.PMP.Test.Auto.MobilePatientConverterTest" time="0.013" status="1" />
    <testcase name="MobilePatientConverterWillGetAllDevices" classname="Philips.PMP.Test.Auto.MobilePatientConverterTest" time="0.009" status="1" />
    <testcase name="MobileDataAssignmentTest" classname="Philips.PMP.Test.Auto.MobilePatientConverterTest" time="0.011" status="1" />
    <testcase name="SimpleConverterContainsRequiredProperties" classname="Philips.PMP.Test.Auto.MobilePatientConverterTest" time="0.019" status="1" />
    <testcase name="GetPatientPaceStateTest (Paced,PacedGen)" classname="Philips.PMP.Test.Auto.MobilePatientConverterTest" time="0.002" status="1" />
    <testcase name="GetPatientPaceStateTest (NotPaced,NotPaced)" classname="Philips.PMP.Test.Auto.MobilePatientConverterTest" time="0.000" status="1" />
    <testcase name="GetPatientPaceStateTest (Unconfirmed,PacedUnconfirmed)" classname="Philips.PMP.Test.Auto.MobilePatientConverterTest" time="0.000" status="1" />
    <testcase name="MobileEquipmentIconTypesShouldMatch" classname="Philips.PMP.Test.Auto.MobilePatientConverterTest" time="0.003" status="1" />
    <testcase name="MobilePatientConflictStateTest" classname="Philips.PMP.Test.Auto.MobilePatientConverterTest" time="0.007" status="1" />
    <testcase name="MobilePatientScreenNoteTest" classname="Philips.PMP.Test.Auto.MobilePatientConverterTest" time="0.001" status="1" />
    <testcase name="MobilePatientConverterNoDataReasonWillGetOverviewClearedTest" classname="Philips.PMP.Test.Auto.MobilePatientConverterTest" time="0.003" status="1" />
    <testcase name="MobileDataUpdateCaregiverTest" classname="Philips.PMP.Test.Auto.MobilePatientConverterTest" time="0.006" status="1" />
    <testcase name="MobilePatientConverterGetDeviceLocation" classname="Philips.PMP.Test.Auto.MobilePatientConverterTest" time="0.005" status="1" />
    <testcase name="MobilePatientConverterNoDataReasonWillGetNoEquipmentTest" classname="Philips.PMP.Test.Auto.MobilePatientConverterTest" time="0.003" status="1" />
    <system-out />
    <system-err />
  </testsuite>
  <testsuite name="Philips.PMP.Test.Auto.AlertNotificationConfigControlTest" hostname="RESTORMEL" package="not available" id="524" tests="1" failures="0" errors="0" skipped="0" time="0.042" timestamp="2023-12-13T03:30:13">
    <properties />
    <testcase name="RefreshConnectionListControlTest" classname="Philips.PMP.Test.Auto.AlertNotificationConfigControlTest" time="0.042" status="1" />
    <system-out />
    <system-err />
  </testsuite>
  <testsuite name="Philips.CareEvent.Test.WctpControlTest" hostname="RESTORMEL" package="not available" id="525" tests="1" failures="0" errors="0" skipped="0" time="0.107" timestamp="2023-12-13T03:28:27">
    <properties />
    <testcase name="ValidateAndSaveSettingsTest" classname="Philips.CareEvent.Test.WctpControlTest" time="0.107" status="1" />
    <system-out />
    <system-err />
  </testsuite>
  <testsuite name="Philips.PMP.Test.Auto.MultiHostSubscriberTest" hostname="RESTORMEL" package="not available" id="526" tests="11" failures="0" errors="0" skipped="0" time="0.272" timestamp="2023-12-13T03:34:53">
    <properties />
    <testcase name="MultiHostSubscriberTestWaitUntilConnectedReturnsFalseIfNotConnected" classname="Philips.PMP.Test.Auto.MultiHostSubscriberTest" time="0.021" status="1" />
    <testcase name="MultiHostSubscriberHostNamesAreCaseInsensitive" classname="Philips.PMP.Test.Auto.MultiHostSubscriberTest" time="0.003" status="1" />
    <testcase name="MultiHostSubscriberCanBatchPatientCacheInitialization (True)" classname="Philips.PMP.Test.Auto.MultiHostSubscriberTest" time="0.004" status="1" />
    <testcase name="MultiHostSubscriberCanBatchPatientCacheInitialization (False)" classname="Philips.PMP.Test.Auto.MultiHostSubscriberTest" time="0.002" status="1" />
    <testcase name="MultiHostSubscriberTestWaitUntilConnectedReturnsFalseIfDisconnectOccurs" classname="Philips.PMP.Test.Auto.MultiHostSubscriberTest" time="0.022" status="1" />
    <testcase name="MultiHostSubscriberTestWaitUntilConnectedReturnsTrueAfterFirstProxyCall" classname="Philips.PMP.Test.Auto.MultiHostSubscriberTest" time="0.150" status="1" />
    <testcase name="MultiHostSubscriberPatientNotificationDoNotHideExceptions" classname="Philips.PMP.Test.Auto.MultiHostSubscriberTest" time="0.056" status="1" />
    <testcase name="MultiHostSubscriberHostSubscriptionsAreCaseInsensitiveTest" classname="Philips.PMP.Test.Auto.MultiHostSubscriberTest" time="0.001" status="1" />
    <testcase name="MultiHostSubscriberCanRegisterAndUnregister" classname="Philips.PMP.Test.Auto.MultiHostSubscriberTest" time="0.003" status="1" />
    <testcase name="MultiHostSubscriberCanSubscribeToMultipleHosts" classname="Philips.PMP.Test.Auto.MultiHostSubscriberTest" time="0.003" status="1" />
    <testcase name="MultiHostSubscriberCanManageHostProxyConnections" classname="Philips.PMP.Test.Auto.MultiHostSubscriberTest" time="0.007" status="1" />
    <system-out />
    <system-err />
  </testsuite>
  <testsuite name="Philips.PMP.Test.Auto.MdilTimeDistributorTest" hostname="RESTORMEL" package="not available" id="527" tests="5" failures="0" errors="0" skipped="0" time="0.165" timestamp="2023-12-13T03:33:40">
    <properties />
    <testcase name="MdilTimeDistributorSendTimeToBothDuplicateDevice" classname="Philips.PMP.Test.Auto.MdilTimeDistributorTest" time="0.003" status="1" />
    <testcase name="MdilTimeDistributorSendTimeToBoth" classname="Philips.PMP.Test.Auto.MdilTimeDistributorTest" time="0.002" status="1" />
    <testcase name="MdilTimeDistributorSendTimeToAssignedDevice" classname="Philips.PMP.Test.Auto.MdilTimeDistributorTest" time="0.002" status="1" />
    <testcase name="MdilTimeDistributorSendTimeToManagedDevice" classname="Philips.PMP.Test.Auto.MdilTimeDistributorTest" time="0.003" status="1" />
    <testcase name="MdilTimeDistributorDoesntSendTimeIfNoDevices" classname="Philips.PMP.Test.Auto.MdilTimeDistributorTest" time="0.155" status="1" />
    <system-out />
    <system-err />
  </testsuite>
  <testsuite name="Philips.CareEvent.Test.CareAssignmentHelperTests" hostname="RESTORMEL" package="not available" id="528" tests="8" failures="0" errors="0" skipped="0" time="0.714" timestamp="2023-12-13T03:28:13">
    <properties />
    <testcase name="GetUserAssignmentsBedNotFound" classname="Philips.CareEvent.Test.CareAssignmentHelperTests" time="0.016" status="1" />
    <testcase name="GetNonMonitoredPatientName" classname="Philips.CareEvent.Test.CareAssignmentHelperTests" time="0.497" status="1" />
    <testcase name="GetAssignedRolesForUndeliverable (UndeliverableEvents,1)" classname="Philips.CareEvent.Test.CareAssignmentHelperTests" time="0.071" status="1" />
    <testcase name="GetAssignedRolesForUndeliverable (UnassignedLocations,1)" classname="Philips.CareEvent.Test.CareAssignmentHelperTests" time="0.007" status="1" />
    <testcase name="GetAssignedRolesForUndeliverable (IdlePort,3)" classname="Philips.CareEvent.Test.CareAssignmentHelperTests" time="0.004" status="1" />
    <testcase name="GetAssignedRolesForUndeliverable (SystemConnectivityEvents,3)" classname="Philips.CareEvent.Test.CareAssignmentHelperTests" time="0.004" status="1" />
    <testcase name="GetAssignedDevices" classname="Philips.CareEvent.Test.CareAssignmentHelperTests" time="0.017" status="1" />
    <testcase name="GetUserAssignmentsHappyPath" classname="Philips.CareEvent.Test.CareAssignmentHelperTests" time="0.098" status="1" />
    <system-out />
    <system-err />
  </testsuite>
  <testsuite name="Philips.PMP.Test.Auto.ApplicationNavigationControlTest" hostname="RESTORMEL" package="not available" id="529" tests="12" failures="0" errors="0" skipped="0" time="0.278" timestamp="2023-12-13T03:30:15">
    <properties />
    <testcase name="ApplicationNavigationMainScreenClick (False,False,False)" classname="Philips.PMP.Test.Auto.ApplicationNavigationControlTest" time="0.104" status="1" />
    <testcase name="ApplicationNavigationMainScreenClick (True,False,False)" classname="Philips.PMP.Test.Auto.ApplicationNavigationControlTest" time="0.012" status="1" />
    <testcase name="ApplicationNavigationMainScreenClick (True,False,True)" classname="Philips.PMP.Test.Auto.ApplicationNavigationControlTest" time="0.012" status="1" />
    <testcase name="ApplicationNavigationMainScreenClick (True,True,False)" classname="Philips.PMP.Test.Auto.ApplicationNavigationControlTest" time="0.012" status="1" />
    <testcase name="ApplicationNavigationMainScreenClick (True,True,True)" classname="Philips.PMP.Test.Auto.ApplicationNavigationControlTest" time="0.012" status="1" />
    <testcase name="ApplicationNavigationOnSizeChanged (0,0,False,False)" classname="Philips.PMP.Test.Auto.ApplicationNavigationControlTest" time="0.012" status="1" />
    <testcase name="ApplicationNavigationOnSizeChanged (2,1,False,False)" classname="Philips.PMP.Test.Auto.ApplicationNavigationControlTest" time="0.014" status="1" />
    <testcase name="ApplicationNavigationOnSizeChanged (2,1,False,True)" classname="Philips.PMP.Test.Auto.ApplicationNavigationControlTest" time="0.020" status="1" />
    <testcase name="ApplicationNavigationOnSizeChanged (2,1,True,False)" classname="Philips.PMP.Test.Auto.ApplicationNavigationControlTest" time="0.014" status="1" />
    <testcase name="ApplicationNavigationOnSizeChanged (7,4,False,False)" classname="Philips.PMP.Test.Auto.ApplicationNavigationControlTest" time="0.022" status="1" />
    <testcase name="ApplicationNavigationOnSizeChanged (7,4,False,True)" classname="Philips.PMP.Test.Auto.ApplicationNavigationControlTest" time="0.023" status="1" />
    <testcase name="ApplicationNavigationOnSizeChanged (7,4,True,False)" classname="Philips.PMP.Test.Auto.ApplicationNavigationControlTest" time="0.022" status="1" />
    <system-out />
    <system-err />
  </testsuite>
  <testsuite name="Philips.PMP.Test.Auto.UnitPermissionsControlTest" hostname="RESTORMEL" package="not available" id="530" tests="5" failures="0" errors="0" skipped="0" time="0.244" timestamp="2023-12-13T03:38:14">
    <properties />
    <testcase name="UnitPermissionsControlSaveSettings" classname="Philips.PMP.Test.Auto.UnitPermissionsControlTest" time="0.017" status="1" />
    <testcase name="UnitPermissionsControlInitializeTree" classname="Philips.PMP.Test.Auto.UnitPermissionsControlTest" time="0.023" status="1" />
    <testcase name="UnitPermissionsControlNodesChecked" classname="Philips.PMP.Test.Auto.UnitPermissionsControlTest" time="0.167" status="1" />
    <testcase name="UnitPermissionsControlIFeatureConfigurationVerify" classname="Philips.PMP.Test.Auto.UnitPermissionsControlTest" time="0.017" status="1" />
    <testcase name="UnitPermissionsControlLoadSettings" classname="Philips.PMP.Test.Auto.UnitPermissionsControlTest" time="0.019" status="1" />
    <system-out />
    <system-err />
  </testsuite>
  <testsuite name="Philips.PMP.Test.Auto.UserCredentialProcessorTest" hostname="RESTORMEL" package="not available" id="531" tests="6" failures="0" errors="0" skipped="0" time="0.009" timestamp="2023-12-13T03:30:01">
    <properties />
    <testcase name="UserCredentialProcessorCanPerformCryptography (True)" classname="Philips.PMP.Test.Auto.UserCredentialProcessorTest" time="0.005" status="1" />
    <testcase name="UserCredentialProcessorCanPerformCryptography (False)" classname="Philips.PMP.Test.Auto.UserCredentialProcessorTest" time="0.001" status="1" />
    <testcase name="UserCredentialProcessorDecryptsLegacyPasswords (##6CD01FDB5F545A8B381CB4DA0D6A83A6,b;ah)" classname="Philips.PMP.Test.Auto.UserCredentialProcessorTest" time="0.001" status="1" />
    <testcase name="UserCredentialProcessorDecryptsLegacyPasswords (#C7-38-A7-AC-8B-45-9B-F8-12-FD-EC-7B-91-C0-5C-D7-79-FF-87-9A-BB-2F-DD-89-06-38-DE-BF-27-BB-FE-9A-03-60-52-8B-F9-45-7F-7E-0F-CA-A0-4A-B3-39-64-26,~! @#$%^&amp;*_-+=`|\(){}[]:;&quot;'&lt;&gt;,.?/)" classname="Philips.PMP.Test.Auto.UserCredentialProcessorTest" time="0.001" status="1" />
    <testcase name="UserCredentialProcessorDecryptsLegacyPasswords (##7A2645B8B5739C1DF23E74D616E22A5EE607A946156614D1F698A80AC08EA35DE8BA1A535C1AD2CAB6F10663AE18E85294D3818FDECB16DC0BE2D9FAFAD55E40D5E9CDF50CEB96BCD56D6B7204F32A26,~! @#$%^&amp;*_-+=`|\(){}[]:;&quot;'&lt;&gt;,.?/)" classname="Philips.PMP.Test.Auto.UserCredentialProcessorTest" time="0.001" status="1" />
    <testcase name="UserCredentialProcessorEncryptsAndDecrypts" classname="Philips.PMP.Test.Auto.UserCredentialProcessorTest" time="0.001" status="1" />
    <system-out />
    <system-err />
  </testsuite>
  <testsuite name="Philips.PIC.SharedAssignment.Test.SharedAssignmentMgrTest" hostname="RESTORMEL" package="not available" id="532" tests="25" failures="0" errors="0" skipped="0" time="1.240" timestamp="2023-12-13T03:29:11">
    <properties />
    <testcase name="SharedAssignmentMgrInitializingTcpConnectionAsClientShouldReturnFalseIfHostNameIsEmpty" classname="Philips.PIC.SharedAssignment.Test.SharedAssignmentMgrTest" time="0.001" status="1" />
    <testcase name="ProcessMessageShouldWriteToAuditTrail (0,False,False)" classname="Philips.PIC.SharedAssignment.Test.SharedAssignmentMgrTest" time="0.020" status="1" />
    <testcase name="ProcessMessageShouldWriteToAuditTrail (1,True,False)" classname="Philips.PIC.SharedAssignment.Test.SharedAssignmentMgrTest" time="0.011" status="1" />
    <testcase name="ProcessMessageShouldWriteToAuditTrail (1,False,True)" classname="Philips.PIC.SharedAssignment.Test.SharedAssignmentMgrTest" time="0.008" status="1" />
    <testcase name="ProcessMessageShouldWriteToAuditTrail (2,True,True)" classname="Philips.PIC.SharedAssignment.Test.SharedAssignmentMgrTest" time="0.005" status="1" />
    <testcase name="OnTcpConnectionClosedShouldSetTheIsConnectedFlagToFalse" classname="Philips.PIC.SharedAssignment.Test.SharedAssignmentMgrTest" time="0.015" status="1" />
    <testcase name="MapSharedAssignmentResourcesShouldProhibitUnitOrChargeRoleAssignments (False)" classname="Philips.PIC.SharedAssignment.Test.SharedAssignmentMgrTest" time="0.025" status="1" />
    <testcase name="MapSharedAssignmentResourcesShouldProhibitUnitOrChargeRoleAssignments (True)" classname="Philips.PIC.SharedAssignment.Test.SharedAssignmentMgrTest" time="0.004" status="1" />
    <testcase name="MapSharedAssignmentResourcesShouldFilterOutDuplicateParticipants" classname="Philips.PIC.SharedAssignment.Test.SharedAssignmentMgrTest" time="0.005" status="1" />
    <testcase name="SharedAssignmentServiceMgrValidate" classname="Philips.PIC.SharedAssignment.Test.SharedAssignmentMgrTest" time="0.100" status="1" />
    <testcase name="GetSharedAssignmentUriAndPort" classname="Philips.PIC.SharedAssignment.Test.SharedAssignmentMgrTest" time="0.005" status="1" />
    <testcase name="StopShouldCheckIfJsonCollectorIsNullBeforeStopping" classname="Philips.PIC.SharedAssignment.Test.SharedAssignmentMgrTest" time="0.002" status="1" />
    <testcase name="TouchContactPointInfoObject" classname="Philips.PIC.SharedAssignment.Test.SharedAssignmentMgrTest" time="0.001" status="1" />
    <testcase name="SharedAssignmentServiceValidate" classname="Philips.PIC.SharedAssignment.Test.SharedAssignmentMgrTest" time="0.013" status="1" />
    <testcase name="ManualSyncShouldWriteToStream (True,1)" classname="Philips.PIC.SharedAssignment.Test.SharedAssignmentMgrTest" time="0.223" status="1" />
    <testcase name="ManualSyncShouldWriteToStream (False,0)" classname="Philips.PIC.SharedAssignment.Test.SharedAssignmentMgrTest" time="0.003" status="1" />
    <testcase name="SubscribeUnsubscribeForSAIfSharedRolesChangedForUnit (1,2,1,1,0)" classname="Philips.PIC.SharedAssignment.Test.SharedAssignmentMgrTest" time="0.017" status="1" />
    <testcase name="SubscribeUnsubscribeForSAIfSharedRolesChangedForUnit (1,1,1,2,0)" classname="Philips.PIC.SharedAssignment.Test.SharedAssignmentMgrTest" time="0.003" status="1" />
    <testcase name="ProcessMessageShouldNotifyDroppedAssignmentsAndUpdatedUpdatedAssignmentToUser" classname="Philips.PIC.SharedAssignment.Test.SharedAssignmentMgrTest" time="0.009" status="1" />
    <testcase name="SharedAssignmentReconnectShouldGetTheLatestHostNameForReconnection" classname="Philips.PIC.SharedAssignment.Test.SharedAssignmentMgrTest" time="0.006" status="1" />
    <testcase name="ProcessMessageShouldWriteAcknowledgeResponseToStream" classname="Philips.PIC.SharedAssignment.Test.SharedAssignmentMgrTest" time="0.013" status="1" />
    <testcase name="SharedAssignmentMgrInitializingTcpConnectionAsClient" classname="Philips.PIC.SharedAssignment.Test.SharedAssignmentMgrTest" time="0.704" status="1" />
    <testcase name="ProcessBundleShouldReturnPopulatedSharedAssignmentResourceCollection" classname="Philips.PIC.SharedAssignment.Test.SharedAssignmentMgrTest" time="0.042" status="1" />
    <testcase name="ShareAssignmentMgrShouldPingIbeAtRegularIntervals (False)" classname="Philips.PIC.SharedAssignment.Test.SharedAssignmentMgrTest" time="0.004" status="1" />
    <testcase name="ShareAssignmentMgrShouldPingIbeAtRegularIntervals (True)" classname="Philips.PIC.SharedAssignment.Test.SharedAssignmentMgrTest" time="0.001" status="1" />
    <system-out />
    <system-err />
  </testsuite>
  <testsuite name="Philips.PMP.Test.Auto.RolesControlTest" hostname="RESTORMEL" package="not available" id="533" tests="7" failures="0" errors="0" skipped="0" time="0.400" timestamp="2023-12-13T03:36:15">
    <properties />
    <testcase name="RoleControlUpdateRole" classname="Philips.PMP.Test.Auto.RolesControlTest" time="0.048" status="1" />
    <testcase name="RoleControlInitialize" classname="Philips.PMP.Test.Auto.RolesControlTest" time="0.138" status="1" />
    <testcase name="RoleControlEditRole" classname="Philips.PMP.Test.Auto.RolesControlTest" time="0.045" status="1" />
    <testcase name="RoleControlDeleteRole (True,No,0,2,0)" classname="Philips.PMP.Test.Auto.RolesControlTest" time="0.049" status="1" />
    <testcase name="RoleControlDeleteRole (False,No,1,2,0)" classname="Philips.PMP.Test.Auto.RolesControlTest" time="0.045" status="1" />
    <testcase name="RoleControlDeleteRole (False,Yes,1,1,1)" classname="Philips.PMP.Test.Auto.RolesControlTest" time="0.043" status="1" />
    <testcase name="RoleControlGetListViewItem" classname="Philips.PMP.Test.Auto.RolesControlTest" time="0.032" status="1" />
    <system-out />
    <system-err />
  </testsuite>
  <testsuite name="Philips.CareEvent.Test.MobileDeviceHelperTests" hostname="RESTORMEL" package="not available" id="534" tests="4" failures="0" errors="0" skipped="0" time="0.024" timestamp="2023-12-13T03:28:15">
    <properties />
    <testcase name="GetCorrectMobileDevicePhoneNumber (Android)" classname="Philips.CareEvent.Test.MobileDeviceHelperTests" time="0.010" status="1" />
    <testcase name="GetCorrectMobileDevicePhoneNumber (iOS)" classname="Philips.CareEvent.Test.MobileDeviceHelperTests" time="0.000" status="1" />
    <testcase name="GetCorrectMobileDevicePhoneNumber (Standard)" classname="Philips.CareEvent.Test.MobileDeviceHelperTests" time="0.012" status="1" />
    <testcase name="IsLedSignTest" classname="Philips.CareEvent.Test.MobileDeviceHelperTests" time="0.001" status="1" />
    <system-out />
    <system-err />
  </testsuite>
  <testsuite name="Philips.PMP.Test.Auto.AlertFileMgrTest" hostname="RESTORMEL" package="not available" id="535" tests="3" failures="0" errors="0" skipped="0" time="0.003" timestamp="2023-12-13T03:34:39">
    <properties />
    <testcase name="PdxAlertsHaveSubSourceDevice" classname="Philips.PMP.Test.Auto.AlertFileMgrTest" time="0.001" status="1" />
    <testcase name="PdxAlertsAreExportedCorrectly" classname="Philips.PMP.Test.Auto.AlertFileMgrTest" time="0.001" status="1" />
    <testcase name="PdxCorrectAlertCountIsExported" classname="Philips.PMP.Test.Auto.AlertFileMgrTest" time="0.001" status="1" />
    <system-out />
    <system-err />
  </testsuite>
  <testsuite name="Philips.PMP.Test.Auto.InvalidSampleFileMgrTest" hostname="RESTORMEL" package="not available" id="536" tests="3" failures="0" errors="0" skipped="0" time="0.005" timestamp="2023-12-13T03:34:39">
    <properties />
    <testcase name="PdxInvalidSamplesAreExportedCorrectly" classname="Philips.PMP.Test.Auto.InvalidSampleFileMgrTest" time="0.001" status="1" />
    <testcase name="PdxInvalidSamplesAreReturnedCorrectly" classname="Philips.PMP.Test.Auto.InvalidSampleFileMgrTest" time="0.002" status="1" />
    <testcase name="PdxTrimmedSamplesShouldNotExportedAsInvalid" classname="Philips.PMP.Test.Auto.InvalidSampleFileMgrTest" time="0.002" status="1" />
    <system-out />
    <system-err />
  </testsuite>
  <testsuite name="Philips.PMP.Test.Auto.MobileDeviceResponseSenderTest" hostname="RESTORMEL" package="not available" id="537" tests="4" failures="0" errors="0" skipped="0" time="0.210" timestamp="2023-12-13T03:29:47">
    <properties />
    <testcase name="PhysioDataMdipFiltered (True)" classname="Philips.PMP.Test.Auto.MobileDeviceResponseSenderTest" time="0.022" status="1" />
    <testcase name="PhysioDataMdipFiltered (False)" classname="Philips.PMP.Test.Auto.MobileDeviceResponseSenderTest" time="0.003" status="1" />
    <testcase name="ProcessNotifications" classname="Philips.PMP.Test.Auto.MobileDeviceResponseSenderTest" time="0.175" status="1" />
    <testcase name="ProcessPatientUpdate" classname="Philips.PMP.Test.Auto.MobileDeviceResponseSenderTest" time="0.010" status="1" />
    <system-out />
    <system-err />
  </testsuite>
  <testsuite name="Philips.PIC.WebBridge.Test.AlertSaverTest" hostname="RESTORMEL" package="not available" id="538" tests="1" failures="0" errors="0" skipped="0" time="0.125" timestamp="2023-12-13T03:39:08">
    <properties />
    <testcase name="WillSaveNotableIntervalTest" classname="Philips.PIC.WebBridge.Test.AlertSaverTest" time="0.125" status="1" />
    <system-out />
    <system-err />
  </testsuite>
  <testsuite name="Philips.PMP.Test.Auto.DbAvailabilityTest" hostname="RESTORMEL" package="not available" id="539" tests="11" failures="0" errors="0" skipped="0" time="0.599" timestamp="2023-12-13T03:31:11">
    <properties />
    <testcase name="RestartAllProcessesWillNotHappenIfReconnectionModeIsManual" classname="Philips.PMP.Test.Auto.DbAvailabilityTest" time="0.001" status="1" />
    <testcase name="GetConnectedHostDevicesReturnsExpectedHosts (Connected,Connected,Connected)" classname="Philips.PMP.Test.Auto.DbAvailabilityTest" time="0.006" status="1" />
    <testcase name="GetConnectedHostDevicesReturnsExpectedHosts (Connected,ForcedLocal,Connected)" classname="Philips.PMP.Test.Auto.DbAvailabilityTest" time="0.001" status="1" />
    <testcase name="GetConnectedHostDevicesReturnsExpectedHosts (Unknown,Unknown,Unknown)" classname="Philips.PMP.Test.Auto.DbAvailabilityTest" time="0.001" status="1" />
    <testcase name="GetConnectionStatusChangesTest" classname="Philips.PMP.Test.Auto.DbAvailabilityTest" time="0.002" status="1" />
    <testcase name="RestartAllProcessesWillHappenIfConditionsAreMet" classname="Philips.PMP.Test.Auto.DbAvailabilityTest" time="0.005" status="1" />
    <testcase name="RestartAllProcessesWillHappenIfRecoonectModeIsAutoWithWarning" classname="Philips.PMP.Test.Auto.DbAvailabilityTest" time="0.006" status="1" />
    <testcase name="RestartAllProcessesWillNotHappenIfSyncNeeded" classname="Philips.PMP.Test.Auto.DbAvailabilityTest" time="0.004" status="1" />
    <testcase name="RestartAllProcessesWillNotHappenIfLicenseIsSurveillance" classname="Philips.PMP.Test.Auto.DbAvailabilityTest" time="0.001" status="1" />
    <testcase name="StoreMultipleConnectionStatusTest" classname="Philips.PMP.Test.Auto.DbAvailabilityTest" time="0.330" status="1" />
    <testcase name="UpdateMyStatusTest" classname="Philips.PMP.Test.Auto.DbAvailabilityTest" time="0.244" status="1" />
    <system-out />
    <system-err />
  </testsuite>
  <testsuite name="Philips.PMP.Test.Auto.ClinicalNotificationBedRepositoryTest" hostname="RESTORMEL" package="not available" id="540" tests="3" failures="0" errors="0" skipped="0" time="0.160" timestamp="2023-12-13T03:29:39">
    <properties />
    <testcase name="ClinicalNotificationBedRepositoryEnforcesNotificationBehavior (True)" classname="Philips.PMP.Test.Auto.ClinicalNotificationBedRepositoryTest" time="0.141" status="1" />
    <testcase name="ClinicalNotificationBedRepositoryEnforcesNotificationBehavior (False)" classname="Philips.PMP.Test.Auto.ClinicalNotificationBedRepositoryTest" time="0.005" status="1" />
    <testcase name="ClinicalNotificationBedRepositoryChangeBedTest" classname="Philips.PMP.Test.Auto.ClinicalNotificationBedRepositoryTest" time="0.013" status="1" />
    <system-out />
    <system-err />
  </testsuite>
  <testsuite name="Philips.PMP.Test.Auto.MobilityProviderTest" hostname="RESTORMEL" package="not available" id="541" tests="2" failures="0" errors="0" skipped="0" time="0.593" timestamp="2023-12-13T03:32:43">
    <properties />
    <testcase name="GetUsersAssignedToBedTest" classname="Philips.PMP.Test.Auto.MobilityProviderTest" time="0.258" status="1" />
    <testcase name="MobilityConfigTest" classname="Philips.PMP.Test.Auto.MobilityProviderTest" time="0.335" status="1" />
    <system-out />
    <system-err />
  </testsuite>
  <testsuite name="Philips.PMP.Test.Auto.SpotCheckDeviceValueCountProviderTest" hostname="RESTORMEL" package="not available" id="542" tests="4" failures="0" errors="0" skipped="0" time="0.064" timestamp="2023-12-13T03:33:28">
    <properties />
    <testcase name="SpotCheckDvcUpdateDvcCounterForDevice" classname="Philips.PMP.Test.Auto.SpotCheckDeviceValueCountProviderTest" time="0.015" status="1" />
    <testcase name="SpotCheckDvcUpdateDvcIdForDevice" classname="Philips.PMP.Test.Auto.SpotCheckDeviceValueCountProviderTest" time="0.019" status="1" />
    <testcase name="SpotCheckDvcStoreNewDvc" classname="Philips.PMP.Test.Auto.SpotCheckDeviceValueCountProviderTest" time="0.028" status="1" />
    <testcase name="SpotCheckDvcNotFound" classname="Philips.PMP.Test.Auto.SpotCheckDeviceValueCountProviderTest" time="0.002" status="1" />
    <system-out />
    <system-err />
  </testsuite>
  <testsuite name="Philips.PMP.Test.Auto.EventNotificationMgrTest" hostname="RESTORMEL" package="not available" id="543" tests="22" failures="0" errors="0" skipped="0" time="2.309" timestamp="2023-12-13T03:33:47">
    <properties />
    <testcase name="IsSharedRoleChangedShouldReturnTrueIfSharedRoleAdded" classname="Philips.PMP.Test.Auto.EventNotificationMgrTest" time="0.001" status="1" />
    <testcase name="GetPopUpBehaviorBasedOnMaxBedPerDomainTest" classname="Philips.PMP.Test.Auto.EventNotificationMgrTest" time="0.245" status="1" />
    <testcase name="ClearAssignmentIsCalledWhenRoleModified (True)" classname="Philips.PMP.Test.Auto.EventNotificationMgrTest" time="0.010" status="1" />
    <testcase name="ClearAssignmentIsCalledWhenRoleModified (False)" classname="Philips.PMP.Test.Auto.EventNotificationMgrTest" time="0.004" status="1" />
    <testcase name="IsSharedRoleChangedShouldReturnTrueIfSharedRoleIsSwapped" classname="Philips.PMP.Test.Auto.EventNotificationMgrTest" time="0.001" status="1" />
    <testcase name="GetAlarmBehaviorBasedOnMaxBedsForZoneTest" classname="Philips.PMP.Test.Auto.EventNotificationMgrTest" time="0.309" status="1" />
    <testcase name="GetRemovedNotificationRoleTest" classname="Philips.PMP.Test.Auto.EventNotificationMgrTest" time="0.003" status="1" />
    <testcase name="GetAlarmBehaviorBasedOnMaxBedsForZoneWhenMaxBedIsReachedTest" classname="Philips.PMP.Test.Auto.EventNotificationMgrTest" time="0.270" status="1" />
    <testcase name="DoNotCallClearRoleLockIfSharedAssignmentRoleIsNotAdded" classname="Philips.PMP.Test.Auto.EventNotificationMgrTest" time="0.002" status="1" />
    <testcase name="GetStatusBarBasedOnMaxBedPerDomainTest" classname="Philips.PMP.Test.Auto.EventNotificationMgrTest" time="0.248" status="1" />
    <testcase name="IsMaxBerPerDomainReachedFalseTest" classname="Philips.PMP.Test.Auto.EventNotificationMgrTest" time="0.251" status="1" />
    <testcase name="IsChargeRoleChangedFalseTest" classname="Philips.PMP.Test.Auto.EventNotificationMgrTest" time="0.003" status="1" />
    <testcase name="ClearRoleLockWhenSharedAssignmentIsAddedAndLocked (True)" classname="Philips.PMP.Test.Auto.EventNotificationMgrTest" time="0.014" status="1" />
    <testcase name="ClearRoleLockWhenSharedAssignmentIsAddedAndLocked (False)" classname="Philips.PMP.Test.Auto.EventNotificationMgrTest" time="0.003" status="1" />
    <testcase name="VerifyGetCaregiversWhoseAssignmentsAreCleared (True)" classname="Philips.PMP.Test.Auto.EventNotificationMgrTest" time="0.004" status="1" />
    <testcase name="VerifyGetCaregiversWhoseAssignmentsAreCleared (False)" classname="Philips.PMP.Test.Auto.EventNotificationMgrTest" time="0.002" status="1" />
    <testcase name="IsMaxBerPerDomainReachedTrueTest" classname="Philips.PMP.Test.Auto.EventNotificationMgrTest" time="0.311" status="1" />
    <testcase name="IsSharedRoleChangedReturnFalseIfSharedRoleNotAvailable" classname="Philips.PMP.Test.Auto.EventNotificationMgrTest" time="0.002" status="1" />
    <testcase name="GetStatusBarBasedOnMaxBedPerDomainWhenMaxBedIsReachedTest" classname="Philips.PMP.Test.Auto.EventNotificationMgrTest" time="0.314" status="1" />
    <testcase name="GetPopUpBehaviorBasedOnMaxBedPerDomainWhenMaxBedIsReachedTest" classname="Philips.PMP.Test.Auto.EventNotificationMgrTest" time="0.307" status="1" />
    <testcase name="GetAddedNotificationAndUnitNotificationRoles" classname="Philips.PMP.Test.Auto.EventNotificationMgrTest" time="0.004" status="1" />
    <testcase name="IsChargeRoleChangedTrueTest" classname="Philips.PMP.Test.Auto.EventNotificationMgrTest" time="0.002" status="1" />
    <system-out />
    <system-err />
  </testsuite>
  <testsuite name="Philips.PMP.Test.Auto.ComplexMetricHelperTest" hostname="RESTORMEL" package="not available" id="544" tests="2" failures="0" errors="0" skipped="0" time="0.028" timestamp="2023-12-13T03:29:38">
    <properties />
    <testcase name="ComplexMetricsShouldHaveEqualTimestampsInMetricValueAndDynamicAttribute" classname="Philips.PMP.Test.Auto.ComplexMetricHelperTest" time="0.007" status="1" />
    <testcase name="ComplexMetricsShouldHaveEqualTypesInMetricValueAndDynamicAttribute" classname="Philips.PMP.Test.Auto.ComplexMetricHelperTest" time="0.021" status="1" />
    <system-out />
    <system-err />
  </testsuite>
  <testsuite name="Philips.PMP.Test.Auto.PatientSelectionHelperTest" hostname="RESTORMEL" package="not available" id="545" tests="13" failures="0" errors="0" skipped="0" time="0.139" timestamp="2023-12-13T03:30:49">
    <properties />
    <testcase name="PatientSelectionHelperSearchNoEnterprisePortal" classname="Philips.PMP.Test.Auto.PatientSelectionHelperTest" time="0.011" status="1" />
    <testcase name="PatientSelectionHelperShouldQueryPortalTest (True,True,True)" classname="Philips.PMP.Test.Auto.PatientSelectionHelperTest" time="0.001" status="1" />
    <testcase name="PatientSelectionHelperShouldQueryPortalTest (True,False,False)" classname="Philips.PMP.Test.Auto.PatientSelectionHelperTest" time="0.001" status="1" />
    <testcase name="PatientSelectionHelperShouldQueryPortalTest (False,True,False)" classname="Philips.PMP.Test.Auto.PatientSelectionHelperTest" time="0.001" status="1" />
    <testcase name="PatientSelectionHelperShouldQueryPortalTest (False,False,False)" classname="Philips.PMP.Test.Auto.PatientSelectionHelperTest" time="0.001" status="1" />
    <testcase name="PortalServiceSearchTest" classname="Philips.PMP.Test.Auto.PatientSelectionHelperTest" time="0.067" status="1" />
    <testcase name="PatientSelectionHelperShouldAddPatientTest (True,True,True)" classname="Philips.PMP.Test.Auto.PatientSelectionHelperTest" time="0.001" status="1" />
    <testcase name="PatientSelectionHelperShouldAddPatientTest (True,False,False)" classname="Philips.PMP.Test.Auto.PatientSelectionHelperTest" time="0.000" status="1" />
    <testcase name="PatientSelectionHelperShouldAddPatientTest (False,True,True)" classname="Philips.PMP.Test.Auto.PatientSelectionHelperTest" time="0.000" status="1" />
    <testcase name="PatientSelectionHelperShouldAddPatientTest (False,False,True)" classname="Philips.PMP.Test.Auto.PatientSelectionHelperTest" time="0.000" status="1" />
    <testcase name="PatientSelectionHelperSearch (True)" classname="Philips.PMP.Test.Auto.PatientSelectionHelperTest" time="0.004" status="1" />
    <testcase name="PatientSelectionHelperSearch (False)" classname="Philips.PMP.Test.Auto.PatientSelectionHelperTest" time="0.003" status="1" />
    <testcase name="PatientSelectionHelperSortHisPatientsByChangeTriggerTypesTest" classname="Philips.PMP.Test.Auto.PatientSelectionHelperTest" time="0.050" status="1" />
    <system-out />
    <system-err />
  </testsuite>
  <testsuite name="Philips.PMP.Test.Auto.UnassignedDeviceMgrTest" hostname="RESTORMEL" package="not available" id="546" tests="13" failures="0" errors="0" skipped="0" time="1.041" timestamp="2023-12-13T03:36:57">
    <properties />
    <testcase name="UnassignedDeviceGetDeviceMergeInfoTest" classname="Philips.PMP.Test.Auto.UnassignedDeviceMgrTest" time="0.004" status="1" />
    <testcase name="UnassignedDeviceCanDeviceBeAssignedTest (False,False,False,False,False,True,False,True)" classname="Philips.PMP.Test.Auto.UnassignedDeviceMgrTest" time="0.120" status="1" />
    <testcase name="UnassignedDeviceCanDeviceBeAssignedTest (True,True,False,False,False,True,False,True)" classname="Philips.PMP.Test.Auto.UnassignedDeviceMgrTest" time="0.003" status="1" />
    <testcase name="UnassignedDeviceCanDeviceBeAssignedTest (True,True,True,False,False,True,False,True)" classname="Philips.PMP.Test.Auto.UnassignedDeviceMgrTest" time="0.001" status="1" />
    <testcase name="UnassignedDeviceCanDeviceBeAssignedTest (True,False,False,True,False,True,False,False)" classname="Philips.PMP.Test.Auto.UnassignedDeviceMgrTest" time="0.002" status="1" />
    <testcase name="UnassignedDeviceCanDeviceBeAssignedTest (False,True,False,False,True,True,False,True)" classname="Philips.PMP.Test.Auto.UnassignedDeviceMgrTest" time="0.003" status="1" />
    <testcase name="UnassignedDeviceCanDeviceBeAssignedTest (False,False,False,True,True,True,False,False)" classname="Philips.PMP.Test.Auto.UnassignedDeviceMgrTest" time="0.002" status="1" />
    <testcase name="UnassignedDeviceCanDeviceBeAssignedTest (False,False,True,False,True,True,False,True)" classname="Philips.PMP.Test.Auto.UnassignedDeviceMgrTest" time="0.001" status="1" />
    <testcase name="UnassignedDeviceCanDeviceBeAssignedTest (False,False,False,False,False,False,False,False)" classname="Philips.PMP.Test.Auto.UnassignedDeviceMgrTest" time="0.001" status="1" />
    <testcase name="UnassignedDeviceCanDeviceBeAssignedTest (False,False,False,False,False,False,True,False)" classname="Philips.PMP.Test.Auto.UnassignedDeviceMgrTest" time="0.001" status="1" />
    <testcase name="UnassignedDeviceUpdatePatientMgmtSettingsTest" classname="Philips.PMP.Test.Auto.UnassignedDeviceMgrTest" time="0.323" status="1" />
    <testcase name="UnassignedDeviceOrphanHandlingTest" classname="Philips.PMP.Test.Auto.UnassignedDeviceMgrTest" time="0.263" status="1" />
    <testcase name="UnassignedDeviceProcessShowConflictTest" classname="Philips.PMP.Test.Auto.UnassignedDeviceMgrTest" time="0.316" status="1" />
    <system-out />
    <system-err />
  </testsuite>
  <testsuite name="Philips.PMP.Test.Auto.Hl7OutboundServiceMgrTest" hostname="RESTORMEL" package="not available" id="547" tests="9" failures="0" errors="0" skipped="0" time="0.299" timestamp="2023-12-13T03:36:44">
    <properties />
    <testcase name="GetHl7DestinationWithGateWayTest" classname="Philips.PMP.Test.Auto.Hl7OutboundServiceMgrTest" time="0.002" status="1" />
    <testcase name="GetHl7DestinationWithNoGateWayTest" classname="Philips.PMP.Test.Auto.Hl7OutboundServiceMgrTest" time="0.252" status="1" />
    <testcase name="Hl7OutboundServiceMgrValidateTest (monitoringHost1,monitoringClient1,Success)" classname="Philips.PMP.Test.Auto.Hl7OutboundServiceMgrTest" time="0.006" status="1" />
    <testcase name="Hl7OutboundServiceMgrValidateTest (monitoringHost2,monitoringClient2,Success)" classname="Philips.PMP.Test.Auto.Hl7OutboundServiceMgrTest" time="0.002" status="1" />
    <testcase name="Hl7OutboundServiceMgrValidateTest (monitoringHost3,monitoringClient3,Failure)" classname="Philips.PMP.Test.Auto.Hl7OutboundServiceMgrTest" time="0.002" status="1" />
    <testcase name="Hl7OutboundServiceMgrProcesValidatedDataTest (True,True,monitoringHost)" classname="Philips.PMP.Test.Auto.Hl7OutboundServiceMgrTest" time="0.026" status="1" />
    <testcase name="Hl7OutboundServiceMgrProcesValidatedDataTest (True,False,monitoringHost)" classname="Philips.PMP.Test.Auto.Hl7OutboundServiceMgrTest" time="0.002" status="1" />
    <testcase name="Hl7OutboundServiceMgrProcesValidatedDataTest (False,False,monitoringHost)" classname="Philips.PMP.Test.Auto.Hl7OutboundServiceMgrTest" time="0.003" status="1" />
    <testcase name="Hl7OutboundServiceMgrProcesValidatedDataTest (False,True,gateway)" classname="Philips.PMP.Test.Auto.Hl7OutboundServiceMgrTest" time="0.002" status="1" />
    <system-out />
    <system-err />
  </testsuite>
  <testsuite name="Philips.PIC.WebBridge.Test.StripDataLicenseCheckerTest" hostname="RESTORMEL" package="not available" id="548" tests="1" failures="0" errors="0" skipped="0" time="0.005" timestamp="2023-12-13T03:39:10">
    <properties />
    <testcase name="WillGetSaveAndExportLicensingTest" classname="Philips.PIC.WebBridge.Test.StripDataLicenseCheckerTest" time="0.005" status="1" />
    <system-out />
    <system-err />
  </testsuite>
  <testsuite name="Philips.CareEvent.Test.OutboundWctpResponseTests" hostname="RESTORMEL" package="not available" id="549" tests="6" failures="0" errors="0" skipped="0" time="0.015" timestamp="2023-12-13T03:28:14">
    <properties />
    <testcase name="OutputWctpResponseGeneratesCorrectConfirmation (Acknowledged,wctp-Success)" classname="Philips.CareEvent.Test.OutboundWctpResponseTests" time="0.008" status="1" />
    <testcase name="OutputWctpResponseGeneratesCorrectConfirmation (InputCanNotBeParsed,wctp-Failure)" classname="Philips.CareEvent.Test.OutboundWctpResponseTests" time="0.003" status="1" />
    <testcase name="OutputWctpResponseGeneratesCorrectConfirmation (XmlValidationError,wctp-Failure)" classname="Philips.CareEvent.Test.OutboundWctpResponseTests" time="0.002" status="1" />
    <testcase name="OutputWctpResponseGeneratesCorrectConfirmation (UnknownMessageReference,wctp-Failure)" classname="Philips.CareEvent.Test.OutboundWctpResponseTests" time="0.000" status="1" />
    <testcase name="OutputWctpResponseGeneratesCorrectConfirmation (InternalServerError,wctp-Failure)" classname="Philips.CareEvent.Test.OutboundWctpResponseTests" time="0.000" status="1" />
    <testcase name="OutputWctpResponseGeneratesCorrectConfirmation (ServiceUnavailable,wctp-Failure)" classname="Philips.CareEvent.Test.OutboundWctpResponseTests" time="0.001" status="1" />
    <system-out />
    <system-err />
  </testsuite>
  <testsuite name="Philips.PIC.DataAcquisition.Test.MonitoringDeviceDaTest" hostname="RESTORMEL" package="not available" id="550" tests="20" failures="0" errors="0" skipped="0" time="0.817" timestamp="2023-12-13T03:28:55">
    <properties />
    <testcase name="MonitoringDeviceDaValidationUpdateTest (False,False,False)" classname="Philips.PIC.DataAcquisition.Test.MonitoringDeviceDaTest" time="0.069" status="1" />
    <testcase name="MonitoringDeviceDaValidationUpdateTest (True,False,False)" classname="Philips.PIC.DataAcquisition.Test.MonitoringDeviceDaTest" time="0.027" status="1" />
    <testcase name="MonitoringDeviceDaValidationUpdateTest (True,True,False)" classname="Philips.PIC.DataAcquisition.Test.MonitoringDeviceDaTest" time="0.016" status="1" />
    <testcase name="MonitoringDeviceDaValidationUpdateTest (True,False,True)" classname="Philips.PIC.DataAcquisition.Test.MonitoringDeviceDaTest" time="0.020" status="1" />
    <testcase name="MonitoringDeviceDaValidationUpdateTest (True,True,True)" classname="Philips.PIC.DataAcquisition.Test.MonitoringDeviceDaTest" time="0.015" status="1" />
    <testcase name="MonitoringDeviceDaRemoveTest" classname="Philips.PIC.DataAcquisition.Test.MonitoringDeviceDaTest" time="0.016" status="1" />
    <testcase name="MonitoringDeviceDaAddsSupportedDevices (Vs30,False,False,False)" classname="Philips.PIC.DataAcquisition.Test.MonitoringDeviceDaTest" time="0.026" status="1" />
    <testcase name="MonitoringDeviceDaAddsSupportedDevices (Vs30,True,False,False)" classname="Philips.PIC.DataAcquisition.Test.MonitoringDeviceDaTest" time="0.016" status="1" />
    <testcase name="MonitoringDeviceDaAddsSupportedDevices (Vs30,False,True,False)" classname="Philips.PIC.DataAcquisition.Test.MonitoringDeviceDaTest" time="0.019" status="1" />
    <testcase name="MonitoringDeviceDaAddsSupportedDevices (Vs30,True,True,True)" classname="Philips.PIC.DataAcquisition.Test.MonitoringDeviceDaTest" time="0.022" status="1" />
    <testcase name="MonitoringDeviceCheckConnectTest (False,True,Disconnected,1,0)" classname="Philips.PIC.DataAcquisition.Test.MonitoringDeviceDaTest" time="0.017" status="1" />
    <testcase name="MonitoringDeviceCheckConnectTest (False,True,DisconnectedFailure,1,0)" classname="Philips.PIC.DataAcquisition.Test.MonitoringDeviceDaTest" time="0.011" status="1" />
    <testcase name="MonitoringDeviceCheckConnectTest (False,True,Connected,0,0)" classname="Philips.PIC.DataAcquisition.Test.MonitoringDeviceDaTest" time="0.018" status="1" />
    <testcase name="MonitoringDeviceCheckConnectTest (True,False,Connected,0,1)" classname="Philips.PIC.DataAcquisition.Test.MonitoringDeviceDaTest" time="0.017" status="1" />
    <testcase name="MonitoringDeviceDaStartStopTest" classname="Philips.PIC.DataAcquisition.Test.MonitoringDeviceDaTest" time="0.443" status="1" />
    <testcase name="MonitoringDeviceConnectionStateChangeHandlerTest (Connected,Disconnected,0)" classname="Philips.PIC.DataAcquisition.Test.MonitoringDeviceDaTest" time="0.011" status="1" />
    <testcase name="MonitoringDeviceConnectionStateChangeHandlerTest (Connected,DisconnectedFailure,0)" classname="Philips.PIC.DataAcquisition.Test.MonitoringDeviceDaTest" time="0.012" status="1" />
    <testcase name="MonitoringDeviceConnectionStateChangeHandlerTest (Disconnected,Connected,1)" classname="Philips.PIC.DataAcquisition.Test.MonitoringDeviceDaTest" time="0.018" status="1" />
    <testcase name="MonitoringDeviceConnectionStateChangeHandlerTest (DisconnectedFailure,Connected,1)" classname="Philips.PIC.DataAcquisition.Test.MonitoringDeviceDaTest" time="0.008" status="1" />
    <testcase name="MonitoringDeviceUnknownDeviceTest" classname="Philips.PIC.DataAcquisition.Test.MonitoringDeviceDaTest" time="0.017" status="1" />
    <system-out />
    <system-err />
  </testsuite>
  <testsuite name="Philips.PMP.Test.Auto.AddLabelsFormTest" hostname="RESTORMEL" package="not available" id="551" tests="2" failures="0" errors="0" skipped="0" time="0.405" timestamp="2023-12-13T03:29:59">
    <properties />
    <testcase name="AddLabelsFormDefaultConstructorTest" classname="Philips.PMP.Test.Auto.AddLabelsFormTest" time="0.033" status="1" />
    <testcase name="AddLabelsFormConstructorTest" classname="Philips.PMP.Test.Auto.AddLabelsFormTest" time="0.372" status="1" />
    <system-out />
    <system-err />
  </testsuite>
  <testsuite name="Philips.PMP.Test.Auto.DefaultFeatureConfigurationHelperTest" hostname="RESTORMEL" package="not available" id="552" tests="4" failures="0" errors="0" skipped="0" time="0.013" timestamp="2023-12-13T03:29:58">
    <properties />
    <testcase name="GetUnitsEntitiesTest" classname="Philips.PMP.Test.Auto.DefaultFeatureConfigurationHelperTest" time="0.004" status="1" />
    <testcase name="GetMyZoneProfilesTest" classname="Philips.PMP.Test.Auto.DefaultFeatureConfigurationHelperTest" time="0.004" status="1" />
    <testcase name="GetHostDevicesEntitiesTest" classname="Philips.PMP.Test.Auto.DefaultFeatureConfigurationHelperTest" time="0.002" status="1" />
    <testcase name="GetMyHostProfilesTest" classname="Philips.PMP.Test.Auto.DefaultFeatureConfigurationHelperTest" time="0.003" status="1" />
    <system-out />
    <system-err />
  </testsuite>
  <testsuite name="Philips.PMP.Test.Auto.SetArchivePasswordControlTest" hostname="RESTORMEL" package="not available" id="553" tests="15" failures="0" errors="0" skipped="0" time="0.368" timestamp="2023-12-13T03:29:38">
    <properties />
    <testcase name="SetArchivePasswordControlValidatesPassword (,,False)" classname="Philips.PMP.Test.Auto.SetArchivePasswordControlTest" time="0.017" status="1" />
    <testcase name="SetArchivePasswordControlValidatesPassword (a,,False)" classname="Philips.PMP.Test.Auto.SetArchivePasswordControlTest" time="0.029" status="1" />
    <testcase name="SetArchivePasswordControlValidatesPassword (,a,False)" classname="Philips.PMP.Test.Auto.SetArchivePasswordControlTest" time="0.022" status="1" />
    <testcase name="SetArchivePasswordControlValidatesPassword (a,Q1w2e3r4t%,False)" classname="Philips.PMP.Test.Auto.SetArchivePasswordControlTest" time="0.039" status="1" />
    <testcase name="SetArchivePasswordControlValidatesPassword (a,a,False)" classname="Philips.PMP.Test.Auto.SetArchivePasswordControlTest" time="0.026" status="1" />
    <testcase name="SetArchivePasswordControlValidatesPassword (Q1w2e3r4t%,,False)" classname="Philips.PMP.Test.Auto.SetArchivePasswordControlTest" time="0.008" status="1" />
    <testcase name="SetArchivePasswordControlValidatesPassword (Q1w2e3r4t%,a,False)" classname="Philips.PMP.Test.Auto.SetArchivePasswordControlTest" time="0.018" status="1" />
    <testcase name="SetArchivePasswordControlValidatesPassword (Q1w2e3r4t%,Q1w2e3r4t%,True)" classname="Philips.PMP.Test.Auto.SetArchivePasswordControlTest" time="0.031" status="1" />
    <testcase name="SetArchivePasswordHideTooltip" classname="Philips.PMP.Test.Auto.SetArchivePasswordControlTest" time="0.015" status="1" />
    <testcase name="SetArchivePasswordControlClearsWhenDisabled (True)" classname="Philips.PMP.Test.Auto.SetArchivePasswordControlTest" time="0.011" status="1" />
    <testcase name="SetArchivePasswordControlClearsWhenDisabled (False)" classname="Philips.PMP.Test.Auto.SetArchivePasswordControlTest" time="0.014" status="1" />
    <testcase name="SetArchivePasswordControlClearsFieldsWhenDisabled" classname="Philips.PMP.Test.Auto.SetArchivePasswordControlTest" time="0.034" status="1" />
    <testcase name="SetArchivePasswordControlTextFieldsAreObfuscated" classname="Philips.PMP.Test.Auto.SetArchivePasswordControlTest" time="0.023" status="1" />
    <testcase name="SetArchivePasswordControlInitialization" classname="Philips.PMP.Test.Auto.SetArchivePasswordControlTest" time="0.033" status="1" />
    <testcase name="SetArchivePasswordShowTooltip" classname="Philips.PMP.Test.Auto.SetArchivePasswordControlTest" time="0.048" status="1" />
    <system-out />
    <system-err />
  </testsuite>
  <testsuite name="Philips.CareEvent.Test.RingtoneMgrTest" hostname="RESTORMEL" package="not available" id="554" tests="24" failures="0" errors="0" skipped="0" time="0.185" timestamp="2023-12-13T03:28:16">
    <properties />
    <testcase name="ValidateMultipleRingtoneErrorMessages (Parse,0,True,12,False)" classname="Philips.CareEvent.Test.RingtoneMgrTest" time="0.009" status="1" />
    <testcase name="ValidateMultipleRingtoneErrorMessages (Parse,0,False,8,False)" classname="Philips.CareEvent.Test.RingtoneMgrTest" time="0.002" status="1" />
    <testcase name="ValidateMultipleRingtoneErrorMessages (BitDepth,16,True,24,True)" classname="Philips.CareEvent.Test.RingtoneMgrTest" time="0.001" status="1" />
    <testcase name="ValidateMultipleRingtoneErrorMessages (BitDepth,16,False,8,True)" classname="Philips.CareEvent.Test.RingtoneMgrTest" time="0.001" status="1" />
    <testcase name="ValidateChangesShouldFailWhenMaxCountExceeded" classname="Philips.CareEvent.Test.RingtoneMgrTest" time="0.006" status="1" />
    <testcase name="LoadRingtonesShouldReturnArray" classname="Philips.CareEvent.Test.RingtoneMgrTest" time="0.009" status="1" />
    <testcase name="AddRingtoneToViewShouldReturnValidItem" classname="Philips.CareEvent.Test.RingtoneMgrTest" time="0.044" status="1" />
    <testcase name="ValidateChangesShouldFailWhenDeletedToneInUse (True,2)" classname="Philips.CareEvent.Test.RingtoneMgrTest" time="0.009" status="1" />
    <testcase name="ValidateChangesShouldFailWhenDeletedToneInUse (False,1)" classname="Philips.CareEvent.Test.RingtoneMgrTest" time="0.002" status="1" />
    <testcase name="ValidateChangesShouldFailWhenAddedDupe (True,1)" classname="Philips.CareEvent.Test.RingtoneMgrTest" time="0.001" status="1" />
    <testcase name="ValidateChangesShouldFailWhenAddedDupe (False,0)" classname="Philips.CareEvent.Test.RingtoneMgrTest" time="0.001" status="1" />
    <testcase name="BuildSaveChangesLogMessageShouldMatchChanges" classname="Philips.CareEvent.Test.RingtoneMgrTest" time="0.015" status="1" />
    <testcase name="ValidateChangesShouldFailWhenParseFails" classname="Philips.CareEvent.Test.RingtoneMgrTest" time="0.004" status="1" />
    <testcase name="ValidateChangesShouldFailWhenDepthExceeded (True,0)" classname="Philips.CareEvent.Test.RingtoneMgrTest" time="0.001" status="1" />
    <testcase name="ValidateChangesShouldFailWhenDepthExceeded (False,1)" classname="Philips.CareEvent.Test.RingtoneMgrTest" time="0.022" status="1" />
    <testcase name="ValidateChangesShouldPassHappyPath" classname="Philips.CareEvent.Test.RingtoneMgrTest" time="0.020" status="1" />
    <testcase name="ValidateChangesShouldFailWhenSizeExceeded (True,0)" classname="Philips.CareEvent.Test.RingtoneMgrTest" time="0.014" status="1" />
    <testcase name="ValidateChangesShouldFailWhenSizeExceeded (False,1)" classname="Philips.CareEvent.Test.RingtoneMgrTest" time="0.001" status="1" />
    <testcase name="ValidateChangesShouldFailWhenBitRateOutofRange (True,1411,-1)" classname="Philips.CareEvent.Test.RingtoneMgrTest" time="0.001" status="1" />
    <testcase name="ValidateChangesShouldFailWhenBitRateOutofRange (False,1411,1)" classname="Philips.CareEvent.Test.RingtoneMgrTest" time="0.005" status="1" />
    <testcase name="ValidateChangesShouldFailWhenBitRateOutofRange (True,128,1)" classname="Philips.CareEvent.Test.RingtoneMgrTest" time="0.003" status="1" />
    <testcase name="ValidateChangesShouldFailWhenBitRateOutofRange (False,128,-1)" classname="Philips.CareEvent.Test.RingtoneMgrTest" time="0.001" status="1" />
    <testcase name="ValidateChangesShouldFailWhenDurationExceeded (True,0)" classname="Philips.CareEvent.Test.RingtoneMgrTest" time="0.001" status="1" />
    <testcase name="ValidateChangesShouldFailWhenDurationExceeded (False,1)" classname="Philips.CareEvent.Test.RingtoneMgrTest" time="0.011" status="1" />
    <system-out />
    <system-err />
  </testsuite>
  <testsuite name="Philips.PMP.Test.Auto.MaintenanceServiceTest" hostname="RESTORMEL" package="not available" id="555" tests="2" failures="0" errors="0" skipped="0" time="0.209" timestamp="2023-12-13T03:29:56">
    <properties />
    <testcase name="MaintenanceServiceFifoTest" classname="Philips.PMP.Test.Auto.MaintenanceServiceTest" time="0.036" status="1" />
    <testcase name="MaintenanceServiceUpdateStatisticsTest" classname="Philips.PMP.Test.Auto.MaintenanceServiceTest" time="0.174" status="1" />
    <system-out />
    <system-err />
  </testsuite>
  <testsuite name="Philips.CareEvent.Test.MobileCarrierXmlProtocolSettingsTests" hostname="RESTORMEL" package="not available" id="556" tests="5" failures="0" errors="0" skipped="0" time="0.012" timestamp="2023-12-13T03:28:26">
    <properties />
    <testcase name="LedsCarrierTest" classname="Philips.CareEvent.Test.MobileCarrierXmlProtocolSettingsTests" time="0.004" status="1" />
    <testcase name="WctpCarrierTest" classname="Philips.CareEvent.Test.MobileCarrierXmlProtocolSettingsTests" time="0.002" status="1" />
    <testcase name="TapCarrierTest" classname="Philips.CareEvent.Test.MobileCarrierXmlProtocolSettingsTests" time="0.001" status="1" />
    <testcase name="EspaCarrierTest" classname="Philips.CareEvent.Test.MobileCarrierXmlProtocolSettingsTests" time="0.004" status="1" />
    <testcase name="CipsCarrierTest" classname="Philips.CareEvent.Test.MobileCarrierXmlProtocolSettingsTests" time="0.001" status="1" />
    <system-out />
    <system-err />
  </testsuite>
  <testsuite name="Philips.PMP.Test.Auto.IntelliBridgeLanDaTest" hostname="RESTORMEL" package="not available" id="557" tests="5" failures="0" errors="0" skipped="0" time="0.038" timestamp="2023-12-13T03:34:25">
    <properties />
    <testcase name="IntelliBridgeIheDriverName" classname="Philips.PMP.Test.Auto.IntelliBridgeLanDaTest" time="0.006" status="1" />
    <testcase name="IntelliBridgeLanDaAddUnknownDevice" classname="Philips.PMP.Test.Auto.IntelliBridgeLanDaTest" time="0.005" status="1" />
    <testcase name="IntelliBridgeLanDaArcomedProcessAlarmsTest" classname="Philips.PMP.Test.Auto.IntelliBridgeLanDaTest" time="0.012" status="1" />
    <testcase name="IntelliBridgeLanDaAddGetDeviceException" classname="Philips.PMP.Test.Auto.IntelliBridgeLanDaTest" time="0.006" status="1" />
    <testcase name="IntelliBridgeLanDaBBraunSpaceProcessAlarmsTest" classname="Philips.PMP.Test.Auto.IntelliBridgeLanDaTest" time="0.009" status="1" />
    <system-out />
    <system-err />
  </testsuite>
  <testsuite name="Philips.PMP.Test.Auto.ApmStatusMessageListenerTest" hostname="RESTORMEL" package="not available" id="558" tests="12" failures="0" errors="0" skipped="0" time="0.113" timestamp="2023-12-13T03:33:53">
    <properties />
    <testcase name="ApmStatusMessageListenerStartsAndStopsSubscriber" classname="Philips.PMP.Test.Auto.ApmStatusMessageListenerTest" time="0.083" status="1" />
    <testcase name="AreDictionaryEqualTest (,,False)" classname="Philips.PMP.Test.Auto.ApmStatusMessageListenerTest" time="0.005" status="1" />
    <testcase name="AreDictionaryEqualTest ({&quot;C&quot;:&quot;D&quot;,&quot;A&quot;:&quot;B&quot;},,False)" classname="Philips.PMP.Test.Auto.ApmStatusMessageListenerTest" time="0.003" status="1" />
    <testcase name="AreDictionaryEqualTest (,{&quot;C&quot;:&quot;D&quot;,&quot;A&quot;:&quot;B&quot;},False)" classname="Philips.PMP.Test.Auto.ApmStatusMessageListenerTest" time="0.001" status="1" />
    <testcase name="AreDictionaryEqualTest ({&quot;C&quot;:&quot;D&quot;},{&quot;C&quot;:&quot;D&quot;,&quot;A&quot;:&quot;B&quot;},False)" classname="Philips.PMP.Test.Auto.ApmStatusMessageListenerTest" time="0.001" status="1" />
    <testcase name="AreDictionaryEqualTest ({&quot;C&quot;:&quot;D&quot;,&quot;A&quot;:&quot;B&quot;},{&quot;C&quot;:&quot;D&quot;,&quot;A&quot;:&quot;B&quot;},True)" classname="Philips.PMP.Test.Auto.ApmStatusMessageListenerTest" time="0.000" status="1" />
    <testcase name="AreDictionaryEqualTest ({&quot;A&quot;:&quot;B&quot;,&quot;C&quot;:&quot;D&quot;},{&quot;C&quot;:&quot;D&quot;,&quot;A&quot;:&quot;B&quot;},True)" classname="Philips.PMP.Test.Auto.ApmStatusMessageListenerTest" time="0.000" status="1" />
    <testcase name="ApmStatusMessageListenerFiltersRedundantMessages" classname="Philips.PMP.Test.Auto.ApmStatusMessageListenerTest" time="0.005" status="1" />
    <testcase name="ApmStatusMessageListenerFiltersReportableMessages" classname="Philips.PMP.Test.Auto.ApmStatusMessageListenerTest" time="0.001" status="1" />
    <testcase name="ApmStatusMessageListenerFiltersTest" classname="Philips.PMP.Test.Auto.ApmStatusMessageListenerTest" time="0.006" status="1" />
    <testcase name="ApmStatusMessageListenerReportsNewMessages" classname="Philips.PMP.Test.Auto.ApmStatusMessageListenerTest" time="0.006" status="1" />
    <testcase name="ApmStatusMessageListenerClearsResolvedMessages" classname="Philips.PMP.Test.Auto.ApmStatusMessageListenerTest" time="0.003" status="1" />
    <system-out />
    <system-err />
  </testsuite>
  <testsuite name="Philips.PIC.CertificateRenewal.Test.OcspSyncServiceTest" hostname="RESTORMEL" package="not available" id="559" tests="2" failures="0" errors="0" skipped="0" time="0.050" timestamp="2023-12-13T03:28:47">
    <properties />
    <testcase name="OcspSyncServiceClearOcspCache (error)" classname="Philips.PIC.CertificateRenewal.Test.OcspSyncServiceTest" time="0.049" status="1" />
    <testcase name="OcspSyncServiceClearOcspCache ()" classname="Philips.PIC.CertificateRenewal.Test.OcspSyncServiceTest" time="0.001" status="1" />
    <system-out />
    <system-err />
  </testsuite>
  <testsuite name="Philips.PMP.Test.Auto.RoleConfigFormTest" hostname="RESTORMEL" package="not available" id="560" tests="4" failures="0" errors="0" skipped="0" time="0.113" timestamp="2023-12-13T03:36:14">
    <properties />
    <testcase name="RoleConfigFormConstructor (True,True,True,True)" classname="Philips.PMP.Test.Auto.RoleConfigFormTest" time="0.036" status="1" />
    <testcase name="RoleConfigFormConstructor (True,True,False,False)" classname="Philips.PMP.Test.Auto.RoleConfigFormTest" time="0.025" status="1" />
    <testcase name="RoleConfigFormConstructor (True,False,True,True)" classname="Philips.PMP.Test.Auto.RoleConfigFormTest" time="0.027" status="1" />
    <testcase name="RoleConfigFormConstructor (False,True,True,False)" classname="Philips.PMP.Test.Auto.RoleConfigFormTest" time="0.026" status="1" />
    <system-out />
    <system-err />
  </testsuite>
  <testsuite name="Philips.PMP.Test.Auto.MulticastHostDeviceHelperTest" hostname="RESTORMEL" package="not available" id="561" tests="16" failures="0" errors="0" skipped="0" time="0.235" timestamp="2023-12-13T03:29:48">
    <properties />
    <testcase name="MulticastHostDeviceHelperGetMasterHostBlockedHostDevicesTest (System.Int32[],System.Int32[])" classname="Philips.PMP.Test.Auto.MulticastHostDeviceHelperTest" time="0.011" status="1" />
    <testcase name="MulticastHostDeviceHelperGetMasterHostBlockedHostDevicesTest (System.Int32[],System.Int32[])" classname="Philips.PMP.Test.Auto.MulticastHostDeviceHelperTest" time="0.003" status="1" />
    <testcase name="MulticastHostDeviceHelperGetMasterHostBlockedHostDevicesTest (System.Int32[],System.Int32[])" classname="Philips.PMP.Test.Auto.MulticastHostDeviceHelperTest" time="0.011" status="1" />
    <testcase name="MulticastHostDeviceHelperGetMasterHostBlockedHostDevicesTest (System.Int32[],System.Int32[])" classname="Philips.PMP.Test.Auto.MulticastHostDeviceHelperTest" time="0.010" status="1" />
    <testcase name="MulticastHostDeviceHelperBlocklistDeviceTest (True)" classname="Philips.PMP.Test.Auto.MulticastHostDeviceHelperTest" time="0.019" status="1" />
    <testcase name="MulticastHostDeviceHelperBlocklistDeviceTest (False)" classname="Philips.PMP.Test.Auto.MulticastHostDeviceHelperTest" time="0.012" status="1" />
    <testcase name="MulticastHostDeviceHelperGetMasterHostServiceCandidateHostDevicesTest (7,System.Int32[],System.Int32[],False,4)" classname="Philips.PMP.Test.Auto.MulticastHostDeviceHelperTest" time="0.067" status="1" />
    <testcase name="MulticastHostDeviceHelperGetMasterHostServiceCandidateHostDevicesTest (7,System.Int32[],System.Int32[],True,7)" classname="Philips.PMP.Test.Auto.MulticastHostDeviceHelperTest" time="0.018" status="1" />
    <testcase name="MulticastHostDeviceHelperGetMasterHostServiceCandidateHostDevicesTest (7,System.Int32[],System.Int32[],False,0)" classname="Philips.PMP.Test.Auto.MulticastHostDeviceHelperTest" time="0.001" status="1" />
    <testcase name="MulticastHostDeviceHelperGetMasterHostServiceCandidateHostDevicesTest (7,System.Int32[],System.Int32[],True,0)" classname="Philips.PMP.Test.Auto.MulticastHostDeviceHelperTest" time="0.011" status="1" />
    <testcase name="MulticastHostDeviceHelperGetMasterHostServiceCandidateHostDevicesTest (7,System.Int32[],System.Int32[],False,4)" classname="Philips.PMP.Test.Auto.MulticastHostDeviceHelperTest" time="0.007" status="1" />
    <testcase name="MulticastHostDeviceHelperGetMasterHostServiceCandidateHostDevicesTest (7,System.Int32[],System.Int32[],True,4)" classname="Philips.PMP.Test.Auto.MulticastHostDeviceHelperTest" time="0.026" status="1" />
    <testcase name="MulticastHostDeviceHelperIsMyHostMasterHostServiceCandidateTest (True,False,True)" classname="Philips.PMP.Test.Auto.MulticastHostDeviceHelperTest" time="0.021" status="1" />
    <testcase name="MulticastHostDeviceHelperIsMyHostMasterHostServiceCandidateTest (True,True,False)" classname="Philips.PMP.Test.Auto.MulticastHostDeviceHelperTest" time="0.010" status="1" />
    <testcase name="MulticastHostDeviceHelperIsMyHostMasterHostServiceCandidateTest (False,True,False)" classname="Philips.PMP.Test.Auto.MulticastHostDeviceHelperTest" time="0.003" status="1" />
    <testcase name="MulticastHostDeviceHelperIsMyHostMasterHostServiceCandidateTest (False,False,False)" classname="Philips.PMP.Test.Auto.MulticastHostDeviceHelperTest" time="0.003" status="1" />
    <system-out />
    <system-err />
  </testsuite>
  <testsuite name="Philips.PMP.Test.Auto.BedComparerTest" hostname="RESTORMEL" package="not available" id="562" tests="1" failures="0" errors="0" skipped="0" time="0.001" timestamp="2023-12-13T03:29:48">
    <properties />
    <testcase name="CompareBedsTest" classname="Philips.PMP.Test.Auto.BedComparerTest" time="0.001" status="1" />
    <system-out />
    <system-err />
  </testsuite>
  <testsuite name="Philips.CareEvent.Test.MobileRequestMgrTests" hostname="RESTORMEL" package="not available" id="563" tests="26" failures="0" errors="0" skipped="0" time="0.654" timestamp="2023-12-13T03:28:16">
    <properties />
    <testcase name="GetGroupDetailsResponseWithMissingUserTest" classname="Philips.CareEvent.Test.MobileRequestMgrTests" time="0.013" status="1" />
    <testcase name="GetNeolookVideoResponseStatusCheck (myUrl,Success,Success)" classname="Philips.CareEvent.Test.MobileRequestMgrTests" time="0.021" status="1" />
    <testcase name="GetNeolookVideoResponseStatusCheck (AuthorizationError,Failure,NeolookAuthenticationError)" classname="Philips.CareEvent.Test.MobileRequestMgrTests" time="0.013" status="1" />
    <testcase name="GetNeolookVideoResponseStatusCheck (BedNotFoundError,Failure,NoMatchingBed)" classname="Philips.CareEvent.Test.MobileRequestMgrTests" time="0.017" status="1" />
    <testcase name="GetNeolookVideoResponseStatusCheck (PermissionError,Failure,NeolookAuthenticationError)" classname="Philips.CareEvent.Test.MobileRequestMgrTests" time="0.014" status="1" />
    <testcase name="GetNeolookVideoResponseStatusCheck (NoCameraAssignedError,Failure,NeolookCameraNotAvailable)" classname="Philips.CareEvent.Test.MobileRequestMgrTests" time="0.025" status="1" />
    <testcase name="GetNeolookVideoResponseStatusCheck (ServiceError,Failure,NeolookNotReachable)" classname="Philips.CareEvent.Test.MobileRequestMgrTests" time="0.014" status="1" />
    <testcase name="GetLiveViewActionForEvent" classname="Philips.CareEvent.Test.MobileRequestMgrTests" time="0.012" status="1" />
    <testcase name="BedInfoResponseCanFindBed" classname="Philips.CareEvent.Test.MobileRequestMgrTests" time="0.182" status="1" />
    <testcase name="ValidateUserSettingsRequest" classname="Philips.CareEvent.Test.MobileRequestMgrTests" time="0.015" status="1" />
    <testcase name="EscalationUnavailableForInformationalEvents" classname="Philips.CareEvent.Test.MobileRequestMgrTests" time="0.013" status="1" />
    <testcase name="UpdateUserSettingsTest" classname="Philips.CareEvent.Test.MobileRequestMgrTests" time="0.032" status="1" />
    <testcase name="AuthenticationWithPasswordRequiredTest (Success,True,True,True,False)" classname="Philips.CareEvent.Test.MobileRequestMgrTests" time="0.020" status="1" />
    <testcase name="AuthenticationWithPasswordRequiredTest (InvalidCredentials,False,True,True,False)" classname="Philips.CareEvent.Test.MobileRequestMgrTests" time="0.022" status="1" />
    <testcase name="AuthenticationWithPasswordRequiredTest (InvalidCredentials,False,True,True,True)" classname="Philips.CareEvent.Test.MobileRequestMgrTests" time="0.018" status="1" />
    <testcase name="AuthenticationWithPasswordRequiredTest (Success,False,False,True,False)" classname="Philips.CareEvent.Test.MobileRequestMgrTests" time="0.010" status="1" />
    <testcase name="AuthenticationWithPasswordRequiredTest (InvalidUserId,False,False,False,False)" classname="Philips.CareEvent.Test.MobileRequestMgrTests" time="0.010" status="1" />
    <testcase name="GetNeolookVideoResponseWithMissingBed" classname="Philips.CareEvent.Test.MobileRequestMgrTests" time="0.006" status="1" />
    <testcase name="GetCallbackActionForEvent" classname="Philips.CareEvent.Test.MobileRequestMgrTests" time="0.027" status="1" />
    <testcase name="GetTopologyResponseShouldHandleNullInstitution" classname="Philips.CareEvent.Test.MobileRequestMgrTests" time="0.012" status="1" />
    <testcase name="SaveWavestripActionShouldExistsForPatientAlerts" classname="Philips.CareEvent.Test.MobileRequestMgrTests" time="0.093" status="1" />
    <testcase name="GetLocationSettingsResponsePermissionTest (True,True,True)" classname="Philips.CareEvent.Test.MobileRequestMgrTests" time="0.018" status="1" />
    <testcase name="GetLocationSettingsResponsePermissionTest (False,True,False)" classname="Philips.CareEvent.Test.MobileRequestMgrTests" time="0.012" status="1" />
    <testcase name="GetLocationSettingsResponsePermissionTest (True,False,False)" classname="Philips.CareEvent.Test.MobileRequestMgrTests" time="0.008" status="1" />
    <testcase name="GetLocationSettingsResponsePermissionTest (False,False,False)" classname="Philips.CareEvent.Test.MobileRequestMgrTests" time="0.010" status="1" />
    <testcase name="GetEventPatient" classname="Philips.CareEvent.Test.MobileRequestMgrTests" time="0.016" status="1" />
    <system-out />
    <system-err />
  </testsuite>
  <testsuite name="Philips.PMP.Test.Auto.BootConfigurationDataEditorTest" hostname="RESTORMEL" package="not available" id="564" tests="4" failures="0" errors="0" skipped="0" time="0.006" timestamp="2023-12-13T03:36:15">
    <properties />
    <testcase name="BcdEditorHandlesErrorsDuringSettingsParsing" classname="Philips.PMP.Test.Auto.BootConfigurationDataEditorTest" time="0.001" status="1" />
    <testcase name="BcdEditorDoesNotSetRebootFlagIfNoChangeRequired" classname="Philips.PMP.Test.Auto.BootConfigurationDataEditorTest" time="0.001" status="1" />
    <testcase name="BcdEditorSetsRebootFlagOnDepPolicyChange" classname="Philips.PMP.Test.Auto.BootConfigurationDataEditorTest" time="0.002" status="1" />
    <testcase name="BcdEditorParsesDataExecutionPreventionSetting" classname="Philips.PMP.Test.Auto.BootConfigurationDataEditorTest" time="0.001" status="1" />
    <system-out />
    <system-err />
  </testsuite>
  <testsuite name="Philips.PMP.Test.Auto.PatientSubscriptionMgrTest" hostname="RESTORMEL" package="not available" id="565" tests="6" failures="0" errors="0" skipped="0" time="0.204" timestamp="2023-12-13T03:36:49">
    <properties />
    <testcase name="PatientSusbcriptionMgrCanSubscribeToSpecificUnits (2)" classname="Philips.PMP.Test.Auto.PatientSubscriptionMgrTest" time="0.177" status="1" />
    <testcase name="PatientSusbcriptionMgrCanSubscribeToSpecificUnits (4)" classname="Philips.PMP.Test.Auto.PatientSubscriptionMgrTest" time="0.007" status="1" />
    <testcase name="PatientSusbcriptionMgrCanAddNewSubscriber" classname="Philips.PMP.Test.Auto.PatientSubscriptionMgrTest" time="0.005" status="1" />
    <testcase name="PatientSusbcriptionMgrSusbcribesToPatientConnectionAndSurvellianceHosts" classname="Philips.PMP.Test.Auto.PatientSubscriptionMgrTest" time="0.003" status="1" />
    <testcase name="PatientSusbcriptionMgrCanSubscribeToAllUnits" classname="Philips.PMP.Test.Auto.PatientSubscriptionMgrTest" time="0.011" status="1" />
    <testcase name="PatientSusbcriptionMgrCanSubscribeToSpecificUnit" classname="Philips.PMP.Test.Auto.PatientSubscriptionMgrTest" time="0.001" status="1" />
    <system-out />
    <system-err />
  </testsuite>
  <testsuite name="Philips.iX.DataBridge.Common.Test.AcpmpTenantMgmtHandlerTest" hostname="RESTORMEL" package="not available" id="566" tests="3" failures="0" errors="0" skipped="0" time="1.253" timestamp="2023-12-13T03:27:41">
    <properties />
    <testcase name="TenantSetupTest (BadRequest,False)" classname="Philips.iX.DataBridge.Common.Test.AcpmpTenantMgmtHandlerTest" time="1.226" status="1" />
    <testcase name="TenantSetupTest (Unauthorized,False)" classname="Philips.iX.DataBridge.Common.Test.AcpmpTenantMgmtHandlerTest" time="0.005" status="1" />
    <testcase name="TenantSetupTest (OK,True)" classname="Philips.iX.DataBridge.Common.Test.AcpmpTenantMgmtHandlerTest" time="0.021" status="1" />
    <system-out />
    <system-err />
  </testsuite>
  <testsuite name="Philips.PMP.Test.Auto.SpotCheckTrendConnectionTest" hostname="RESTORMEL" package="not available" id="567" tests="38" failures="0" errors="0" skipped="0" time="0.942" timestamp="2023-12-13T03:37:00">
    <properties />
    <testcase name="SpotCheckTrendOnUpdateValidationData (False,False,True,False,True,True)" classname="Philips.PMP.Test.Auto.SpotCheckTrendConnectionTest" time="0.016" status="1" />
    <testcase name="SpotCheckTrendOnUpdateValidationData (True,False,True,False,True,True)" classname="Philips.PMP.Test.Auto.SpotCheckTrendConnectionTest" time="0.011" status="1" />
    <testcase name="SpotCheckTrendOnUpdateValidationData (True,False,True,False,False,True)" classname="Philips.PMP.Test.Auto.SpotCheckTrendConnectionTest" time="0.013" status="1" />
    <testcase name="SpotCheckTrendOnUpdateValidationData (True,True,True,False,True,True)" classname="Philips.PMP.Test.Auto.SpotCheckTrendConnectionTest" time="0.012" status="1" />
    <testcase name="SpotCheckTrendOnUpdateValidationData (True,False,True,False,True,False)" classname="Philips.PMP.Test.Auto.SpotCheckTrendConnectionTest" time="0.009" status="1" />
    <testcase name="SpotCheckTrendOnUpdateValidationData (True,False,False,False,True,True)" classname="Philips.PMP.Test.Auto.SpotCheckTrendConnectionTest" time="0.012" status="1" />
    <testcase name="SpotCheckTrendOnUpdateValidationData (True,False,True,True,True,True)" classname="Philips.PMP.Test.Auto.SpotCheckTrendConnectionTest" time="0.012" status="1" />
    <testcase name="SpotCheckTrendOnUpdateValidationData (True,False,False,True,True,True)" classname="Philips.PMP.Test.Auto.SpotCheckTrendConnectionTest" time="0.009" status="1" />
    <testcase name="SpotCheckTrendConnectionOnRecordReceived (123,456,System.Byte[],823,456,System.Byte[],1,1,False)" classname="Philips.PMP.Test.Auto.SpotCheckTrendConnectionTest" time="0.015" status="1" />
    <testcase name="SpotCheckTrendConnectionOnRecordReceived (123,456,System.Byte[],123,756,System.Byte[],1,1,False)" classname="Philips.PMP.Test.Auto.SpotCheckTrendConnectionTest" time="0.008" status="1" />
    <testcase name="SpotCheckTrendConnectionOnRecordReceived (123,456,System.Byte[],123,456,System.Byte[],1,1,False)" classname="Philips.PMP.Test.Auto.SpotCheckTrendConnectionTest" time="0.008" status="1" />
    <testcase name="SpotCheckTrendConnectionOnRecordReceived (123,456,System.Byte[],123,456,System.Byte[],0,0,False)" classname="Philips.PMP.Test.Auto.SpotCheckTrendConnectionTest" time="0.011" status="1" />
    <testcase name="SpotCheckTrendConnectionOnRecordReceived (123,456,System.Byte[],123,456,System.Byte[],1,0,False)" classname="Philips.PMP.Test.Auto.SpotCheckTrendConnectionTest" time="0.009" status="1" />
    <testcase name="SpotCheckTrendConnectionOnRecordReceived (123,456,System.Byte[],123,456,System.Byte[],0,1,False)" classname="Philips.PMP.Test.Auto.SpotCheckTrendConnectionTest" time="0.007" status="1" />
    <testcase name="SpotCheckTrendConnectionOnRecordReceived (123,456,System.Byte[],123,456,System.Byte[],2,0,False)" classname="Philips.PMP.Test.Auto.SpotCheckTrendConnectionTest" time="0.011" status="1" />
    <testcase name="SpotCheckTrendConnectionOnRecordReceived (123,456,System.Byte[],123,456,System.Byte[],0,2,False)" classname="Philips.PMP.Test.Auto.SpotCheckTrendConnectionTest" time="0.010" status="1" />
    <testcase name="SpotCheckTrendConnectionOnRecordReceived (123,456,System.Byte[],123,456,System.Byte[],1,1,False)" classname="Philips.PMP.Test.Auto.SpotCheckTrendConnectionTest" time="0.010" status="1" />
    <testcase name="SpotCheckTrendConnectionOnRecordReceived (123,456,System.Byte[],123,456,System.Byte[],1,1,True)" classname="Philips.PMP.Test.Auto.SpotCheckTrendConnectionTest" time="0.009" status="1" />
    <testcase name="SpotCheckTrendOnAllValidationDataUploaded" classname="Philips.PMP.Test.Auto.SpotCheckTrendConnectionTest" time="0.021" status="1" />
    <testcase name="SpotCheckTrendOnPhysioDataMultipleDevicesTest" classname="Philips.PMP.Test.Auto.SpotCheckTrendConnectionTest" time="0.017" status="1" />
    <testcase name="SpotCheckTrendUpdateValidationInfo" classname="Philips.PMP.Test.Auto.SpotCheckTrendConnectionTest" time="0.009" status="1" />
    <testcase name="SpotCheckTrendConnectionStop" classname="Philips.PMP.Test.Auto.SpotCheckTrendConnectionTest" time="0.011" status="1" />
    <testcase name="SpotCheckTrendConnectionOnRecordsRequested (123,456,System.Byte[],123,456,System.Byte[],1)" classname="Philips.PMP.Test.Auto.SpotCheckTrendConnectionTest" time="0.017" status="1" />
    <testcase name="SpotCheckTrendConnectionOnRecordsRequested (123,456,System.Byte[],823,456,System.Byte[],1)" classname="Philips.PMP.Test.Auto.SpotCheckTrendConnectionTest" time="0.010" status="1" />
    <testcase name="SpotCheckTrendConnectionOnRecordsRequested (123,456,System.Byte[],123,756,System.Byte[],1)" classname="Philips.PMP.Test.Auto.SpotCheckTrendConnectionTest" time="0.008" status="1" />
    <testcase name="SpotCheckTrendConnectionOnRecordsRequested (123,456,System.Byte[],123,456,System.Byte[],0)" classname="Philips.PMP.Test.Auto.SpotCheckTrendConnectionTest" time="0.008" status="1" />
    <testcase name="SpotCheckTrendOnPhysioDataReceivedTest" classname="Philips.PMP.Test.Auto.SpotCheckTrendConnectionTest" time="0.098" status="1" />
    <testcase name="SpotCheckTrendUpdateValidationInfoNotStartedTest" classname="Philips.PMP.Test.Auto.SpotCheckTrendConnectionTest" time="0.004" status="1" />
    <testcase name="SpotCheckTrendHandleHl7ConfigurationChangeTest (False,0)" classname="Philips.PMP.Test.Auto.SpotCheckTrendConnectionTest" time="0.006" status="1" />
    <testcase name="SpotCheckTrendHandleHl7ConfigurationChangeTest (True,1)" classname="Philips.PMP.Test.Auto.SpotCheckTrendConnectionTest" time="0.006" status="1" />
    <testcase name="SpotCheckTrendConnectionStart (False,False,True,False,True)" classname="Philips.PMP.Test.Auto.SpotCheckTrendConnectionTest" time="0.267" status="1" />
    <testcase name="SpotCheckTrendConnectionStart (True,False,True,False,True)" classname="Philips.PMP.Test.Auto.SpotCheckTrendConnectionTest" time="0.013" status="1" />
    <testcase name="SpotCheckTrendConnectionStart (True,True,True,False,True)" classname="Philips.PMP.Test.Auto.SpotCheckTrendConnectionTest" time="0.013" status="1" />
    <testcase name="SpotCheckTrendConnectionStart (True,True,False,True,True)" classname="Philips.PMP.Test.Auto.SpotCheckTrendConnectionTest" time="0.194" status="1" />
    <testcase name="SpotCheckTrendConnectionStart (True,True,False,True,False)" classname="Philips.PMP.Test.Auto.SpotCheckTrendConnectionTest" time="0.012" status="1" />
    <testcase name="SpotCheckTrendConnectionDisconnected" classname="Philips.PMP.Test.Auto.SpotCheckTrendConnectionTest" time="0.008" status="1" />
    <testcase name="SpotCheckTrendOnAllIDsUploaded" classname="Philips.PMP.Test.Auto.SpotCheckTrendConnectionTest" time="0.017" status="1" />
    <testcase name="SpotCheckTrendConnectionOnPatientUpdate" classname="Philips.PMP.Test.Auto.SpotCheckTrendConnectionTest" time="0.013" status="1" />
    <system-out />
    <system-err />
  </testsuite>
  <testsuite name="Philips.PMP.Test.Auto.ApmOsUpdateClientTest" hostname="RESTORMEL" package="not available" id="568" tests="4" failures="0" errors="0" skipped="0" time="0.262" timestamp="2023-12-13T03:36:21">
    <properties />
    <testcase name="ApmOsUpdateClientDownloadAndInstallOsUpdatesTest" classname="Philips.PMP.Test.Auto.ApmOsUpdateClientTest" time="0.009" status="1" />
    <testcase name="ApmOsUpdateClientConfigureTest" classname="Philips.PMP.Test.Auto.ApmOsUpdateClientTest" time="0.138" status="1" />
    <testcase name="ApmOsUpdateClientScanUpdateAndReportTest" classname="Philips.PMP.Test.Auto.ApmOsUpdateClientTest" time="0.091" status="1" />
    <testcase name="ApmOsUpdateClientStateTransitionTest" classname="Philips.PMP.Test.Auto.ApmOsUpdateClientTest" time="0.025" status="1" />
    <system-out />
    <system-err />
  </testsuite>
  <testsuite name="Philips.PMP.Test.Auto.AlertSoundsQualifierTest" hostname="RESTORMEL" package="not available" id="569" tests="5" failures="0" errors="0" skipped="0" time="0.008" timestamp="2023-12-13T03:34:07">
    <properties />
    <testcase name="AlertSoundsQualifierVerifyPlayAlertTonesShould" classname="Philips.PMP.Test.Auto.AlertSoundsQualifierTest" time="0.002" status="1" />
    <testcase name="AlertSoundsQualifierCorrectShould" classname="Philips.PMP.Test.Auto.AlertSoundsQualifierTest" time="0.001" status="1" />
    <testcase name="AlertSoundsQualifierIsCorrectShould" classname="Philips.PMP.Test.Auto.AlertSoundsQualifierTest" time="0.001" status="1" />
    <testcase name="AlertSoundsQualifierVerifyAudioShould" classname="Philips.PMP.Test.Auto.AlertSoundsQualifierTest" time="0.004" status="1" />
    <testcase name="AlertSoundsQualifierVerifyMasterMutedShould" classname="Philips.PMP.Test.Auto.AlertSoundsQualifierTest" time="0.001" status="1" />
    <system-out />
    <system-err />
  </testsuite>
  <testsuite name="Philips.CareEvent.Test.CipsSettingsControlTest" hostname="RESTORMEL" package="not available" id="570" tests="1" failures="0" errors="0" skipped="0" time="0.012" timestamp="2023-12-13T03:28:26">
    <properties />
    <testcase name="ValidateAndSaveSettingsTest" classname="Philips.CareEvent.Test.CipsSettingsControlTest" time="0.012" status="1" />
    <system-out />
    <system-err />
  </testsuite>
  <testsuite name="Philips.PMP.Test.Auto.PatientDeviceHandlerTest" hostname="RESTORMEL" package="not available" id="571" tests="5" failures="0" errors="0" skipped="0" time="0.301" timestamp="2023-12-13T03:34:51">
    <properties />
    <testcase name="PatientDeviceHandlerStop" classname="Philips.PMP.Test.Auto.PatientDeviceHandlerTest" time="0.003" status="1" />
    <testcase name="PatientDeviceHandlerUpdatePatient" classname="Philips.PMP.Test.Auto.PatientDeviceHandlerTest" time="0.221" status="1" />
    <testcase name="PatientDeviceHandlerStart" classname="Philips.PMP.Test.Auto.PatientDeviceHandlerTest" time="0.004" status="1" />
    <testcase name="PatientDeviceHandlerCtor" classname="Philips.PMP.Test.Auto.PatientDeviceHandlerTest" time="0.072" status="1" />
    <testcase name="PatientDeviceHandlerDispose" classname="Philips.PMP.Test.Auto.PatientDeviceHandlerTest" time="0.001" status="1" />
    <system-out />
    <system-err />
  </testsuite>
  <testsuite name="Philips.PMP.Test.Auto.PatientServiceSearchTest" hostname="RESTORMEL" package="not available" id="572" tests="4" failures="0" errors="0" skipped="0" time="0.144" timestamp="2023-12-13T03:36:49">
    <properties />
    <testcase name="PatientServiceGetHisPatientTest" classname="Philips.PMP.Test.Auto.PatientServiceSearchTest" time="0.010" status="1" />
    <testcase name="PatientServiceFindExactMatchInPpisTest" classname="Philips.PMP.Test.Auto.PatientServiceSearchTest" time="0.076" status="1" />
    <testcase name="PatientServiceUseMonitorPatientForTransferOrReadmitTest" classname="Philips.PMP.Test.Auto.PatientServiceSearchTest" time="0.051" status="1" />
    <testcase name="PatientServiceFindAnyMatchInPpisTest" classname="Philips.PMP.Test.Auto.PatientServiceSearchTest" time="0.006" status="1" />
    <system-out />
    <system-err />
  </testsuite>
  <testsuite name="Philips.PMP.Test.Auto.MasterHostSelectionClientConfigTest" hostname="RESTORMEL" package="not available" id="573" tests="2" failures="0" errors="0" skipped="0" time="0.003" timestamp="2023-12-13T03:38:04">
    <properties />
    <testcase name="MasterHostSelectionClientConfigChangesObjectReference" classname="Philips.PMP.Test.Auto.MasterHostSelectionClientConfigTest" time="0.001" status="1" />
    <testcase name="MasterHostSelectionClientConfigCanBeUsedToSetSubsciberConfig" classname="Philips.PMP.Test.Auto.MasterHostSelectionClientConfigTest" time="0.003" status="1" />
    <system-out />
    <system-err />
  </testsuite>
  <testsuite name="Philips.PMP.Test.Auto.ClockFileHelperTest" hostname="RESTORMEL" package="not available" id="574" tests="5" failures="0" errors="0" skipped="0" time="0.004" timestamp="2023-12-13T03:34:39">
    <properties />
    <testcase name="ClockFileHelperRowsAreOffsetWithMultipleWaves" classname="Philips.PMP.Test.Auto.ClockFileHelperTest" time="0.001" status="1" />
    <testcase name="ClockFileHelperRowsAreOffset" classname="Philips.PMP.Test.Auto.ClockFileHelperTest" time="0.001" status="1" />
    <testcase name="ClockFileHelperFirstRowIsZero" classname="Philips.PMP.Test.Auto.ClockFileHelperTest" time="0.002" status="1" />
    <testcase name="ClockFileHelperGeneratesEmptyFile (True)" classname="Philips.PMP.Test.Auto.ClockFileHelperTest" time="0.001" status="1" />
    <testcase name="ClockFileHelperGeneratesEmptyFile (False)" classname="Philips.PMP.Test.Auto.ClockFileHelperTest" time="0.000" status="1" />
    <system-out />
    <system-err />
  </testsuite>
  <testsuite name="Philips.PMP.Test.Auto.BedSubscriberTest" hostname="RESTORMEL" package="not available" id="575" tests="8" failures="0" errors="0" skipped="0" time="0.128" timestamp="2023-12-13T03:30:44">
    <properties />
    <testcase name="BedSubscriberCanExcludeSpotCheckData (True,1)" classname="Philips.PMP.Test.Auto.BedSubscriberTest" time="0.005" status="1" />
    <testcase name="BedSubscriberCanExcludeSpotCheckData (False,0)" classname="Philips.PMP.Test.Auto.BedSubscriberTest" time="0.003" status="1" />
    <testcase name="BedSubscriberWithNoBedIgnoresConfigChanges" classname="Philips.PMP.Test.Auto.BedSubscriberTest" time="0.002" status="1" />
    <testcase name="BedSubscriberWillSubcribeForConfigChangesOnEvent (True)" classname="Philips.PMP.Test.Auto.BedSubscriberTest" time="0.003" status="1" />
    <testcase name="BedSubscriberWillSubcribeForConfigChangesOnEvent (False)" classname="Philips.PMP.Test.Auto.BedSubscriberTest" time="0.003" status="1" />
    <testcase name="BedSubscriberCanCacheTimeWaves" classname="Philips.PMP.Test.Auto.BedSubscriberTest" time="0.005" status="1" />
    <testcase name="BedSubscriberCanCacheComplexMetrics" classname="Philips.PMP.Test.Auto.BedSubscriberTest" time="0.001" status="1" />
    <testcase name="IsDisconnectedEventFiredIfNeverConnected" classname="Philips.PMP.Test.Auto.BedSubscriberTest" time="0.106" status="1" />
    <system-out />
    <system-err />
  </testsuite>
  <testsuite name="Philips.PMP.Test.Auto.DemoTest" hostname="RESTORMEL" package="not available" id="576" tests="1" failures="0" errors="0" skipped="0" time="0.014" timestamp="2023-12-13T03:30:44">
    <properties />
    <testcase name="DemoDbFifoAgeTest" classname="Philips.PMP.Test.Auto.DemoTest" time="0.014" status="1" />
    <system-out />
    <system-err />
  </testsuite>
  <testsuite name="Philips.PMP.Test.Auto.AlarmLabelProviderTest" hostname="RESTORMEL" package="not available" id="577" tests="1" failures="0" errors="0" skipped="0" time="0.262" timestamp="2023-12-13T03:33:28">
    <properties />
    <testcase name="StripLabelSettingsTest" classname="Philips.PMP.Test.Auto.AlarmLabelProviderTest" time="0.262" status="1" />
    <system-out />
    <system-err />
  </testsuite>
  <testsuite name="Philips.PMP.Test.Auto.RmsTest" hostname="RESTORMEL" package="not available" id="578" tests="8" failures="0" errors="0" skipped="0" time="1.129" timestamp="2023-12-13T03:35:32">
    <properties />
    <testcase name="RmsStaticPatientId" classname="Philips.PMP.Test.Auto.RmsTest" time="0.327" status="1" />
    <testcase name="RmsStaticWave" classname="Philips.PMP.Test.Auto.RmsTest" time="0.131" status="1" />
    <testcase name="RmsStaticAlert" classname="Philips.PMP.Test.Auto.RmsTest" time="0.024" status="1" />
    <testcase name="RmsStaticInfoEvent" classname="Philips.PMP.Test.Auto.RmsTest" time="0.020" status="1" />
    <testcase name="RmsStaticDataRun" classname="Philips.PMP.Test.Auto.RmsTest" time="0.018" status="1" />
    <testcase name="RmsUniquePatientId" classname="Philips.PMP.Test.Auto.RmsTest" time="0.298" status="1" />
    <testcase name="RmsStaticPatientFieldId" classname="Philips.PMP.Test.Auto.RmsTest" time="0.274" status="1" />
    <testcase name="RmsStaticTimeWave" classname="Philips.PMP.Test.Auto.RmsTest" time="0.037" status="1" />
    <system-out />
    <system-err />
  </testsuite>
  <testsuite name="Philips.PMP.Test.Auto.EcgTroubleShootingControlTest" hostname="RESTORMEL" package="not available" id="579" tests="8" failures="0" errors="0" skipped="0" time="0.418" timestamp="2023-12-13T03:30:22">
    <properties />
    <testcase name="EcgTroubleShootingControlUserLogInOut" classname="Philips.PMP.Test.Auto.EcgTroubleShootingControlTest" time="0.058" status="1" />
    <testcase name="EcgTroubleShootingControlUpdateUI (True,False)" classname="Philips.PMP.Test.Auto.EcgTroubleShootingControlTest" time="0.092" status="1" />
    <testcase name="EcgTroubleShootingControlUpdateUI (True,True)" classname="Philips.PMP.Test.Auto.EcgTroubleShootingControlTest" time="0.067" status="1" />
    <testcase name="EcgTroubleShootingControlUpdateUI (False,False)" classname="Philips.PMP.Test.Auto.EcgTroubleShootingControlTest" time="0.053" status="1" />
    <testcase name="EcgTroubleShootingControlUpdateUI (False,True)" classname="Philips.PMP.Test.Auto.EcgTroubleShootingControlTest" time="0.053" status="1" />
    <testcase name="EcgTroubleShootingControlUpdateLeads" classname="Philips.PMP.Test.Auto.EcgTroubleShootingControlTest" time="0.056" status="1" />
    <testcase name="EcgTroubleShootingControlRelearnTest (True)" classname="Philips.PMP.Test.Auto.EcgTroubleShootingControlTest" time="0.019" status="1" />
    <testcase name="EcgTroubleShootingControlRelearnTest (False)" classname="Philips.PMP.Test.Auto.EcgTroubleShootingControlTest" time="0.020" status="1" />
    <system-out />
    <system-err />
  </testsuite>
  <testsuite name="Philips.PMP.LicenseService.Test.LicenseMigrationMgrTest" hostname="RESTORMEL" package="not available" id="580" tests="2" failures="0" errors="0" skipped="0" time="0.389" timestamp="2023-12-13T03:29:17">
    <properties />
    <testcase name="LicenseMigrationMgrIgnoresBlacklistedFeatures" classname="Philips.PMP.LicenseService.Test.LicenseMigrationMgrTest" time="0.002" status="1" />
    <testcase name="LicenseMigrationMgrAssignsNewDefaultFeatures" classname="Philips.PMP.LicenseService.Test.LicenseMigrationMgrTest" time="0.387" status="1" />
    <system-out />
    <system-err />
  </testsuite>
  <testsuite name="Philips.PMP.Test.Auto.DbProviderCacheTest" hostname="RESTORMEL" package="not available" id="581" tests="3" failures="0" errors="0" skipped="0" time="0.102" timestamp="2023-12-13T03:31:20">
    <properties />
    <testcase name="DbTransactionCacheThrowOnCommit" classname="Philips.PMP.Test.Auto.DbProviderCacheTest" time="0.012" status="1" />
    <testcase name="DbTransactionCacheCommit" classname="Philips.PMP.Test.Auto.DbProviderCacheTest" time="0.056" status="1" />
    <testcase name="DbTransactionCacheRollback" classname="Philips.PMP.Test.Auto.DbProviderCacheTest" time="0.033" status="1" />
    <system-out />
    <system-err />
  </testsuite>
  <testsuite name="Philips.PMP.Test.Auto.MobileRequestValidatorTest" hostname="RESTORMEL" package="not available" id="582" tests="15" failures="0" errors="0" skipped="0" time="0.157" timestamp="2023-12-13T03:29:47">
    <properties />
    <testcase name="AckAlarmNoAssociatedUserFailedResponseTest" classname="Philips.PMP.Test.Auto.MobileRequestValidatorTest" time="0.001" status="1" />
    <testcase name="MobileRequestIsRemoteControlEnableValidation (AcknowledgeAlarmRequest,True,Success)" classname="Philips.PMP.Test.Auto.MobileRequestValidatorTest" time="0.022" status="1" />
    <testcase name="MobileRequestIsRemoteControlEnableValidation (AcknowledgeAlarmRequest,False,PermissionError)" classname="Philips.PMP.Test.Auto.MobileRequestValidatorTest" time="0.002" status="1" />
    <testcase name="MobileRequestIsRemoteControlEnableValidation (NumericControlsRequest,True,Success)" classname="Philips.PMP.Test.Auto.MobileRequestValidatorTest" time="0.002" status="1" />
    <testcase name="MobileRequestIsRemoteControlEnableValidation (NumericControlsRequest,False,PermissionError)" classname="Philips.PMP.Test.Auto.MobileRequestValidatorTest" time="0.002" status="1" />
    <testcase name="MobileRequestValidateUserPermissionTest (True,True,True)" classname="Philips.PMP.Test.Auto.MobileRequestValidatorTest" time="0.008" status="1" />
    <testcase name="MobileRequestValidateUserPermissionTest (True,False,True)" classname="Philips.PMP.Test.Auto.MobileRequestValidatorTest" time="0.001" status="1" />
    <testcase name="MobileRequestValidateUserPermissionTest (False,True,True)" classname="Philips.PMP.Test.Auto.MobileRequestValidatorTest" time="0.026" status="1" />
    <testcase name="MobileRequestValidateUserPermissionTest (False,False,False)" classname="Philips.PMP.Test.Auto.MobileRequestValidatorTest" time="0.035" status="1" />
    <testcase name="MobileNuemericControlsInvalidRequestFailedResponseTest" classname="Philips.PMP.Test.Auto.MobileRequestValidatorTest" time="0.015" status="1" />
    <testcase name="AckAlarmInvalidRequestFailedResponseTest" classname="Philips.PMP.Test.Auto.MobileRequestValidatorTest" time="0.002" status="1" />
    <testcase name="MobileNumericControlRequestNoAssociatedUserFailedResponseTest" classname="Philips.PMP.Test.Auto.MobileRequestValidatorTest" time="0.021" status="1" />
    <testcase name="MobileNumericControlRequestInvalidBedIdFailedResponseTest" classname="Philips.PMP.Test.Auto.MobileRequestValidatorTest" time="0.007" status="1" />
    <testcase name="MobileRequestInvalidPatientFailedResponseTest (AcknowledgeAlarmRequest)" classname="Philips.PMP.Test.Auto.MobileRequestValidatorTest" time="0.011" status="1" />
    <testcase name="MobileRequestInvalidPatientFailedResponseTest (NumericControlsRequest)" classname="Philips.PMP.Test.Auto.MobileRequestValidatorTest" time="0.001" status="1" />
    <system-out />
    <system-err />
  </testsuite>
  <testsuite name="Philips.PMP.Test.Auto.AuditProviderTest" hostname="RESTORMEL" package="not available" id="583" tests="2" failures="0" errors="0" skipped="0" time="0.388" timestamp="2023-12-13T03:35:56">
    <properties />
    <testcase name="AuditQueryHistoryTest" classname="Philips.PMP.Test.Auto.AuditProviderTest" time="0.306" status="1" />
    <testcase name="AuditEntryStoreAndGetTest" classname="Philips.PMP.Test.Auto.AuditProviderTest" time="0.082" status="1" />
    <system-out />
    <system-err />
  </testsuite>
  <testsuite name="Philips.PMP.Test.Auto.EventCategoryFilterValueSynchronizerTest" hostname="RESTORMEL" package="not available" id="584" tests="3" failures="0" errors="0" skipped="0" time="0.644" timestamp="2023-12-13T03:29:42">
    <properties />
    <testcase name="SynchronizeParentStatusWithOneChildStatusIsOFF" classname="Philips.PMP.Test.Auto.EventCategoryFilterValueSynchronizerTest" time="0.010" status="1" />
    <testcase name="SkipSynchronizeIfParentFilterValueIsNotAvailable" classname="Philips.PMP.Test.Auto.EventCategoryFilterValueSynchronizerTest" time="0.001" status="1" />
    <testcase name="NotAvailableCategoriesShouldNotBeAddedDuringSynchronize" classname="Philips.PMP.Test.Auto.EventCategoryFilterValueSynchronizerTest" time="0.633" status="1" />
    <system-out />
    <system-err />
  </testsuite>
  <testsuite name="Philips.IX.UserManagement.Test.UserAuthenticationSessionFactoryTest" hostname="RESTORMEL" package="not available" id="585" tests="5" failures="0" errors="0" skipped="0" time="0.151" timestamp="2023-12-13T03:39:03">
    <properties />
    <testcase name="UserManagementActionDataFactoryCreatePasswordLocal" classname="Philips.IX.UserManagement.Test.UserAuthenticationSessionFactoryTest" time="0.002" status="1" />
    <testcase name="UserManagementActionDataFactoryCreatePasswordNoAd" classname="Philips.IX.UserManagement.Test.UserAuthenticationSessionFactoryTest" time="0.008" status="1" />
    <testcase name="UserManagementActionDataFactoryCreatePasswordAd" classname="Philips.IX.UserManagement.Test.UserAuthenticationSessionFactoryTest" time="0.011" status="1" />
    <testcase name="UserManagementActionDataFactoryCreatePasswordNoUser" classname="Philips.IX.UserManagement.Test.UserAuthenticationSessionFactoryTest" time="0.107" status="1" />
    <testcase name="UserManagementActionDataFactoryCreatePasswordImprivata" classname="Philips.IX.UserManagement.Test.UserAuthenticationSessionFactoryTest" time="0.024" status="1" />
    <system-out />
    <system-err />
  </testsuite>
  <testsuite name="Philips.PMP.Test.Auto.AlertNotificationServiceTest" hostname="RESTORMEL" package="not available" id="586" tests="25" failures="0" errors="0" skipped="0" time="0.367" timestamp="2023-12-13T03:36:16">
    <properties />
    <testcase name="StartAdiService (False,False,True,True,False)" classname="Philips.PMP.Test.Auto.AlertNotificationServiceTest" time="0.045" status="1" />
    <testcase name="StartAdiService (False,True,False,False,True)" classname="Philips.PMP.Test.Auto.AlertNotificationServiceTest" time="0.012" status="1" />
    <testcase name="StartAdiService (True,True,False,True,False)" classname="Philips.PMP.Test.Auto.AlertNotificationServiceTest" time="0.008" status="1" />
    <testcase name="StartAdiService (True,False,True,False,False)" classname="Philips.PMP.Test.Auto.AlertNotificationServiceTest" time="0.015" status="1" />
    <testcase name="StartAdiService (True,False,True,True,True)" classname="Philips.PMP.Test.Auto.AlertNotificationServiceTest" time="0.013" status="1" />
    <testcase name="ReportToApmService (True)" classname="Philips.PMP.Test.Auto.AlertNotificationServiceTest" time="0.125" status="1" />
    <testcase name="ReportToApmService (False)" classname="Philips.PMP.Test.Auto.AlertNotificationServiceTest" time="0.005" status="1" />
    <testcase name="AlertNotificationServiceCanConnectToClients" classname="Philips.PMP.Test.Auto.AlertNotificationServiceTest" time="0.015" status="1" />
    <testcase name="OnFilteredAlertReceivedShouldCallCopyIfPreviousAlertExists" classname="Philips.PMP.Test.Auto.AlertNotificationServiceTest" time="0.020" status="1" />
    <testcase name="AdiRespondsToTopologyChanges (LicenseChanged,True,True,True,True)" classname="Philips.PMP.Test.Auto.AlertNotificationServiceTest" time="0.002" status="1" />
    <testcase name="AdiRespondsToTopologyChanges (LicenseChanged,True,True,False,False)" classname="Philips.PMP.Test.Auto.AlertNotificationServiceTest" time="0.001" status="1" />
    <testcase name="AdiRespondsToTopologyChanges (LicenseChanged,True,False,False,False)" classname="Philips.PMP.Test.Auto.AlertNotificationServiceTest" time="0.001" status="1" />
    <testcase name="AdiRespondsToTopologyChanges (LicenseChanged,False,True,True,True)" classname="Philips.PMP.Test.Auto.AlertNotificationServiceTest" time="0.001" status="1" />
    <testcase name="AdiRespondsToTopologyChanges (LicenseChanged,False,False,False,False)" classname="Philips.PMP.Test.Auto.AlertNotificationServiceTest" time="0.001" status="1" />
    <testcase name="AdiRespondsToTopologyChanges (HostChanged,False,True,True,True)" classname="Philips.PMP.Test.Auto.AlertNotificationServiceTest" time="0.000" status="1" />
    <testcase name="AdiRespondsToTopologyChanges (HostDeleted,True,True,True,False)" classname="Philips.PMP.Test.Auto.AlertNotificationServiceTest" time="0.001" status="1" />
    <testcase name="AdiRespondsToTopologyChanges (BedsAdded,False,True,True,False)" classname="Philips.PMP.Test.Auto.AlertNotificationServiceTest" time="0.005" status="1" />
    <testcase name="AdiGetTopologyChanges (True,False,True,True)" classname="Philips.PMP.Test.Auto.AlertNotificationServiceTest" time="0.012" status="1" />
    <testcase name="AdiGetTopologyChanges (True,True,True,True)" classname="Philips.PMP.Test.Auto.AlertNotificationServiceTest" time="0.015" status="1" />
    <testcase name="AdiGetTopologyChanges (True,True,False,True)" classname="Philips.PMP.Test.Auto.AlertNotificationServiceTest" time="0.009" status="1" />
    <testcase name="AdiGetTopologyChanges (True,True,False,False)" classname="Philips.PMP.Test.Auto.AlertNotificationServiceTest" time="0.008" status="1" />
    <testcase name="AdiGetTopologyChanges (False,False,True,True)" classname="Philips.PMP.Test.Auto.AlertNotificationServiceTest" time="0.017" status="1" />
    <testcase name="AdiGetTopologyChanges (False,False,True,False)" classname="Philips.PMP.Test.Auto.AlertNotificationServiceTest" time="0.008" status="1" />
    <testcase name="AdiGetTopologyChanges (False,True,True,True)" classname="Philips.PMP.Test.Auto.AlertNotificationServiceTest" time="0.012" status="1" />
    <testcase name="AdiGetTopologyChanges (False,True,False,True)" classname="Philips.PMP.Test.Auto.AlertNotificationServiceTest" time="0.016" status="1" />
    <system-out />
    <system-err />
  </testsuite>
  <testsuite name="Philips.PMP.Test.Auto.IntelliBridgeLanDeviceAssignmentControlTest" hostname="RESTORMEL" package="not available" id="587" tests="3" failures="0" errors="0" skipped="0" time="0.357" timestamp="2023-12-13T03:34:26">
    <properties />
    <testcase name="DeletingConfigurationsPublishesChangeEvent" classname="Philips.PMP.Test.Auto.IntelliBridgeLanDeviceAssignmentControlTest" time="0.017" status="1" />
    <testcase name="PopulateDataTest" classname="Philips.PMP.Test.Auto.IntelliBridgeLanDeviceAssignmentControlTest" time="0.033" status="1" />
    <testcase name="LoadDeviceAllocationListViewTest" classname="Philips.PMP.Test.Auto.IntelliBridgeLanDeviceAssignmentControlTest" time="0.307" status="1" />
    <system-out />
    <system-err />
  </testsuite>
  <testsuite name="Philips.PMP.Test.Auto.SectorAssignmentControlCheckerTest" hostname="RESTORMEL" package="not available" id="588" tests="1" failures="0" errors="0" skipped="0" time="0.023" timestamp="2023-12-13T03:30:00">
    <properties />
    <testcase name="SectorAssignmentControlCheckerCanAssignBeds" classname="Philips.PMP.Test.Auto.SectorAssignmentControlCheckerTest" time="0.023" status="1" />
    <system-out />
    <system-err />
  </testsuite>
  <testsuite name="Philips.PMP.Test.Auto.AlertSoundInfoGetterTest" hostname="RESTORMEL" package="not available" id="589" tests="34" failures="0" errors="0" skipped="0" time="0.276" timestamp="2023-12-13T03:29:37">
    <properties />
    <testcase name="GetSoundInfoShouldNotReturnAnyIfSoundSchemeIsNotAnyTraditionalTest (Iso)" classname="Philips.PMP.Test.Auto.AlertSoundInfoGetterTest" time="0.004" status="1" />
    <testcase name="GetSoundInfoShouldNotReturnAnyIfSoundSchemeIsNotAnyTraditionalTest (IecIso2020)" classname="Philips.PMP.Test.Auto.AlertSoundInfoGetterTest" time="0.003" status="1" />
    <testcase name="GetIecTonesByAlertShouldReturnValidTone (IecIso2020,RedAlarm)" classname="Philips.PMP.Test.Auto.AlertSoundInfoGetterTest" time="0.004" status="1" />
    <testcase name="GetIecTonesByAlertShouldReturnValidTone (IecIso2020,YellowAlarm)" classname="Philips.PMP.Test.Auto.AlertSoundInfoGetterTest" time="0.003" status="1" />
    <testcase name="GetIecTonesByAlertShouldReturnValidTone (IecIso2020,ShortYellowAlarm)" classname="Philips.PMP.Test.Auto.AlertSoundInfoGetterTest" time="0.004" status="1" />
    <testcase name="GetIecTonesByAlertShouldReturnValidTone (IecIso2020,HardInop)" classname="Philips.PMP.Test.Auto.AlertSoundInfoGetterTest" time="0.007" status="1" />
    <testcase name="GetIecTonesByAlertShouldReturnValidTone (IecIso2020,SevereInop)" classname="Philips.PMP.Test.Auto.AlertSoundInfoGetterTest" time="0.007" status="1" />
    <testcase name="GetIecTonesByAlertShouldReturnValidTone (Iso,RedAlarm)" classname="Philips.PMP.Test.Auto.AlertSoundInfoGetterTest" time="0.014" status="1" />
    <testcase name="GetIecTonesByAlertShouldReturnValidTone (Iso,YellowAlarm)" classname="Philips.PMP.Test.Auto.AlertSoundInfoGetterTest" time="0.003" status="1" />
    <testcase name="GetIecTonesByAlertShouldReturnValidTone (Iso,ShortYellowAlarm)" classname="Philips.PMP.Test.Auto.AlertSoundInfoGetterTest" time="0.013" status="1" />
    <testcase name="GetIecTonesByAlertShouldReturnValidTone (Iso,HardInop)" classname="Philips.PMP.Test.Auto.AlertSoundInfoGetterTest" time="0.004" status="1" />
    <testcase name="GetIecTonesByAlertShouldReturnValidTone (Iso,SevereInop)" classname="Philips.PMP.Test.Auto.AlertSoundInfoGetterTest" time="0.003" status="1" />
    <testcase name="GetAnyTraditionalAlertSoundInfoTest (13,RedAlarm,Traditional,Red)" classname="Philips.PMP.Test.Auto.AlertSoundInfoGetterTest" time="0.098" status="1" />
    <testcase name="GetAnyTraditionalAlertSoundInfoTest (12,YellowAlarm,Traditional,Yellow)" classname="Philips.PMP.Test.Auto.AlertSoundInfoGetterTest" time="0.004" status="1" />
    <testcase name="GetAnyTraditionalAlertSoundInfoTest (12,ShortYellowAlarm,Traditional,Yellow)" classname="Philips.PMP.Test.Auto.AlertSoundInfoGetterTest" time="0.003" status="1" />
    <testcase name="GetAnyTraditionalAlertSoundInfoTest (11,SevereInop,Traditional,INOP)" classname="Philips.PMP.Test.Auto.AlertSoundInfoGetterTest" time="0.006" status="1" />
    <testcase name="GetAnyTraditionalAlertSoundInfoTest (11,HardInop,Traditional,INOP)" classname="Philips.PMP.Test.Auto.AlertSoundInfoGetterTest" time="0.003" status="1" />
    <testcase name="GetAnyTraditionalAlertSoundInfoTest (13,RedAlarm,Philips2021,Red)" classname="Philips.PMP.Test.Auto.AlertSoundInfoGetterTest" time="0.003" status="1" />
    <testcase name="GetAnyTraditionalAlertSoundInfoTest (12,YellowAlarm,Philips2021,Yellow)" classname="Philips.PMP.Test.Auto.AlertSoundInfoGetterTest" time="0.005" status="1" />
    <testcase name="GetAnyTraditionalAlertSoundInfoTest (12,ShortYellowAlarm,Philips2021,Yellow)" classname="Philips.PMP.Test.Auto.AlertSoundInfoGetterTest" time="0.003" status="1" />
    <testcase name="GetAnyTraditionalAlertSoundInfoTest (11,SevereInop,Philips2021,INOP)" classname="Philips.PMP.Test.Auto.AlertSoundInfoGetterTest" time="0.004" status="1" />
    <testcase name="GetAnyTraditionalAlertSoundInfoTest (11,HardInop,Philips2021,INOP)" classname="Philips.PMP.Test.Auto.AlertSoundInfoGetterTest" time="0.005" status="1" />
    <testcase name="GetIecTonesByAlertShouldNotReturnSoundIfSoundSchemeIsNotAnyIec (Traditional)" classname="Philips.PMP.Test.Auto.AlertSoundInfoGetterTest" time="0.004" status="1" />
    <testcase name="GetIecTonesByAlertShouldNotReturnSoundIfSoundSchemeIsNotAnyIec (Philips2021)" classname="Philips.PMP.Test.Auto.AlertSoundInfoGetterTest" time="0.003" status="1" />
    <testcase name="GetAnyIecAlertSoundInfoTest (13,RedAlarm,Iso,Red)" classname="Philips.PMP.Test.Auto.AlertSoundInfoGetterTest" time="0.008" status="1" />
    <testcase name="GetAnyIecAlertSoundInfoTest (12,YellowAlarm,Iso,Yellow)" classname="Philips.PMP.Test.Auto.AlertSoundInfoGetterTest" time="0.008" status="1" />
    <testcase name="GetAnyIecAlertSoundInfoTest (12,ShortYellowAlarm,Iso,Short Yellow)" classname="Philips.PMP.Test.Auto.AlertSoundInfoGetterTest" time="0.020" status="1" />
    <testcase name="GetAnyIecAlertSoundInfoTest (11,SevereInop,Iso,INOP)" classname="Philips.PMP.Test.Auto.AlertSoundInfoGetterTest" time="0.003" status="1" />
    <testcase name="GetAnyIecAlertSoundInfoTest (11,HardInop,Iso,INOP)" classname="Philips.PMP.Test.Auto.AlertSoundInfoGetterTest" time="0.003" status="1" />
    <testcase name="GetAnyIecAlertSoundInfoTest (13,RedAlarm,IecIso2020,Red)" classname="Philips.PMP.Test.Auto.AlertSoundInfoGetterTest" time="0.005" status="1" />
    <testcase name="GetAnyIecAlertSoundInfoTest (12,YellowAlarm,IecIso2020,Yellow)" classname="Philips.PMP.Test.Auto.AlertSoundInfoGetterTest" time="0.003" status="1" />
    <testcase name="GetAnyIecAlertSoundInfoTest (12,ShortYellowAlarm,IecIso2020,Short Yellow)" classname="Philips.PMP.Test.Auto.AlertSoundInfoGetterTest" time="0.005" status="1" />
    <testcase name="GetAnyIecAlertSoundInfoTest (11,SevereInop,IecIso2020,INOP)" classname="Philips.PMP.Test.Auto.AlertSoundInfoGetterTest" time="0.005" status="1" />
    <testcase name="GetAnyIecAlertSoundInfoTest (11,HardInop,IecIso2020,INOP)" classname="Philips.PMP.Test.Auto.AlertSoundInfoGetterTest" time="0.007" status="1" />
    <system-out />
    <system-err />
  </testsuite>
  <testsuite name="Philips.PMP.Test.Auto.ImprivataQualifierTest" hostname="RESTORMEL" package="not available" id="590" tests="7" failures="0" errors="0" skipped="0" time="0.570" timestamp="2023-12-13T03:34:09">
    <properties />
    <testcase name="ImprivataQualifierProperty" classname="Philips.PMP.Test.Auto.ImprivataQualifierTest" time="0.001" status="1" />
    <testcase name="ImprivataQualifierNoConfig" classname="Philips.PMP.Test.Auto.ImprivataQualifierTest" time="0.441" status="1" />
    <testcase name="ImprivataQualifierSucceed" classname="Philips.PMP.Test.Auto.ImprivataQualifierTest" time="0.117" status="1" />
    <testcase name="ImprivataQualifierSystem (Success,Success,Success)" classname="Philips.PMP.Test.Auto.ImprivataQualifierTest" time="0.004" status="1" />
    <testcase name="ImprivataQualifierSystem (Failure,Success,Failure)" classname="Philips.PMP.Test.Auto.ImprivataQualifierTest" time="0.002" status="1" />
    <testcase name="ImprivataQualifierSystem (Failure,Failure,Failure)" classname="Philips.PMP.Test.Auto.ImprivataQualifierTest" time="0.001" status="1" />
    <testcase name="ImprivataQualifierFail" classname="Philips.PMP.Test.Auto.ImprivataQualifierTest" time="0.006" status="1" />
    <system-out />
    <system-err />
  </testsuite>
  <testsuite name="Philips.PMP.Test.Auto.MonitoredBedTransferProcessorTest" hostname="RESTORMEL" package="not available" id="591" tests="8" failures="0" errors="0" skipped="0" time="0.066" timestamp="2023-12-13T03:29:38">
    <properties />
    <testcase name="MonitoredBedTransferProcessorCanThrowExceptionIfPatientNotReadmitted (True)" classname="Philips.PMP.Test.Auto.MonitoredBedTransferProcessorTest" time="0.002" status="1" />
    <testcase name="MonitoredBedTransferProcessorCanThrowExceptionIfPatientNotReadmitted (False)" classname="Philips.PMP.Test.Auto.MonitoredBedTransferProcessorTest" time="0.011" status="1" />
    <testcase name="MonitoredBedTransferProcessorOnlyTransfersPatientAfterSuccessfulRemoval (True,1)" classname="Philips.PMP.Test.Auto.MonitoredBedTransferProcessorTest" time="0.043" status="1" />
    <testcase name="MonitoredBedTransferProcessorOnlyTransfersPatientAfterSuccessfulRemoval (False,0)" classname="Philips.PMP.Test.Auto.MonitoredBedTransferProcessorTest" time="0.003" status="1" />
    <testcase name="MonitoredBedTransferProcessorCanSucceed (True,True,True)" classname="Philips.PMP.Test.Auto.MonitoredBedTransferProcessorTest" time="0.003" status="1" />
    <testcase name="MonitoredBedTransferProcessorCanSucceed (False,True,False)" classname="Philips.PMP.Test.Auto.MonitoredBedTransferProcessorTest" time="0.002" status="1" />
    <testcase name="MonitoredBedTransferProcessorCanSucceed (True,False,False)" classname="Philips.PMP.Test.Auto.MonitoredBedTransferProcessorTest" time="0.002" status="1" />
    <testcase name="MonitoredBedTransferProcessorCanSucceed (False,False,False)" classname="Philips.PMP.Test.Auto.MonitoredBedTransferProcessorTest" time="0.001" status="1" />
    <system-out />
    <system-err />
  </testsuite>
  <testsuite name="Philips.PMP.Test.Auto.MobileWaveConverterTest" hostname="RESTORMEL" package="not available" id="592" tests="5" failures="0" errors="0" skipped="0" time="0.045" timestamp="2023-12-13T03:30:46">
    <properties />
    <testcase name="WaveConvertCanFormatColors" classname="Philips.PMP.Test.Auto.MobileWaveConverterTest" time="0.001" status="1" />
    <testcase name="WaveConverterCreateMultiAttributesTest" classname="Philips.PMP.Test.Auto.MobileWaveConverterTest" time="0.001" status="1" />
    <testcase name="WaveConvertTest" classname="Philips.PMP.Test.Auto.MobileWaveConverterTest" time="0.003" status="1" />
    <testcase name="WaveConverterCreateSingleAttributesTest" classname="Philips.PMP.Test.Auto.MobileWaveConverterTest" time="0.002" status="1" />
    <testcase name="WaveConverterCreateDefaultAttributesTest" classname="Philips.PMP.Test.Auto.MobileWaveConverterTest" time="0.039" status="1" />
    <system-out />
    <system-err />
  </testsuite>
  <testsuite name="Philips.PMP.Test.Auto.DeviceControlProviderTest" hostname="RESTORMEL" package="not available" id="593" tests="15" failures="0" errors="0" skipped="0" time="5.433" timestamp="2023-12-13T03:31:32">
    <properties />
    <testcase name="MonitorControlsPatientSettingTest" classname="Philips.PMP.Test.Auto.DeviceControlProviderTest" time="0.295" status="1" />
    <testcase name="MeasurementControlsPatientSettingTest" classname="Philips.PMP.Test.Auto.DeviceControlProviderTest" time="0.476" status="1" />
    <testcase name="MeasurementControlsAddProfileTest" classname="Philips.PMP.Test.Auto.DeviceControlProviderTest" time="0.364" status="1" />
    <testcase name="DeviceControlProviderCopyProfileTest" classname="Philips.PMP.Test.Auto.DeviceControlProviderTest" time="0.576" status="1" />
    <testcase name="DeviceControlProviderCopyProfileToOtherUnitTest (False,-1)" classname="Philips.PMP.Test.Auto.DeviceControlProviderTest" time="0.599" status="1" />
    <testcase name="DeviceControlProviderCopyProfileToOtherUnitTest (True,1)" classname="Philips.PMP.Test.Auto.DeviceControlProviderTest" time="0.512" status="1" />
    <testcase name="MeasurementControlsPatientSettingSyncTest (True)" classname="Philips.PMP.Test.Auto.DeviceControlProviderTest" time="0.304" status="1" />
    <testcase name="MeasurementControlsPatientSettingSyncTest (False)" classname="Philips.PMP.Test.Auto.DeviceControlProviderTest" time="0.276" status="1" />
    <testcase name="MonitorControlsUnitSettingsTest" classname="Philips.PMP.Test.Auto.DeviceControlProviderTest" time="0.310" status="1" />
    <testcase name="StoreInvalidControlTest" classname="Philips.PMP.Test.Auto.DeviceControlProviderTest" time="0.251" status="1" />
    <testcase name="MeasurementControlsPatientSettingDeleteTest" classname="Philips.PMP.Test.Auto.DeviceControlProviderTest" time="0.393" status="1" />
    <testcase name="MeasurementControlsPatientSettingByPatientTypeTest" classname="Philips.PMP.Test.Auto.DeviceControlProviderTest" time="0.302" status="1" />
    <testcase name="DeviceControlProviderVerifyLeadsetUnplugged" classname="Philips.PMP.Test.Auto.DeviceControlProviderTest" time="0.253" status="1" />
    <testcase name="CopyProfileControlCopyTest" classname="Philips.PMP.Test.Auto.DeviceControlProviderTest" time="0.027" status="1" />
    <testcase name="MeasurementControlsRevertProtocolToFactoryTest" classname="Philips.PMP.Test.Auto.DeviceControlProviderTest" time="0.496" status="1" />
    <system-out />
    <system-err />
  </testsuite>
  <testsuite name="Philips.PIC.WebBridge.Test.InstitutionsControllerTest" hostname="RESTORMEL" package="not available" id="594" tests="3" failures="0" errors="0" skipped="0" time="0.004" timestamp="2023-12-13T03:39:09">
    <properties />
    <testcase name="GetInstitutionsTest" classname="Philips.PIC.WebBridge.Test.InstitutionsControllerTest" time="0.002" status="1" />
    <testcase name="InstitutionsControllerWillGetInstitutionForBedTest" classname="Philips.PIC.WebBridge.Test.InstitutionsControllerTest" time="0.002" status="1" />
    <testcase name="GetInstitutionsErrorTest" classname="Philips.PIC.WebBridge.Test.InstitutionsControllerTest" time="0.001" status="1" />
    <system-out />
    <system-err />
  </testsuite>
  <testsuite name="Philips.PMP.Test.Auto.ReportTableHelperTest" hostname="RESTORMEL" package="not available" id="595" tests="1" failures="0" errors="0" skipped="0" time="0.029" timestamp="2023-12-13T03:30:50">
    <properties />
    <testcase name="CreateReportTableTest" classname="Philips.PMP.Test.Auto.ReportTableHelperTest" time="0.029" status="1" />
    <system-out />
    <system-err />
  </testsuite>
  <testsuite name="Philips.PMP.Test.Auto.MobilityServiceHelperTest" hostname="RESTORMEL" package="not available" id="596" tests="12" failures="0" errors="0" skipped="0" time="0.094" timestamp="2023-12-13T03:36:46">
    <properties />
    <testcase name="GetFQDNTest" classname="Philips.PMP.Test.Auto.MobilityServiceHelperTest" time="0.004" status="1" />
    <testcase name="RhythmStatusIsNeededTest (False)" classname="Philips.PMP.Test.Auto.MobilityServiceHelperTest" time="0.002" status="1" />
    <testcase name="RhythmStatusIsNeededTest (True)" classname="Philips.PMP.Test.Auto.MobilityServiceHelperTest" time="0.001" status="1" />
    <testcase name="StoreRemoteControlFailedWhenNoPatientAvailable" classname="Philips.PMP.Test.Auto.MobilityServiceHelperTest" time="0.003" status="1" />
    <testcase name="RhythmStatusSequenceShouldBeSameAsPhysioData" classname="Philips.PMP.Test.Auto.MobilityServiceHelperTest" time="0.001" status="1" />
    <testcase name="MobilityServiceHelperTryGetWebServerFqdnTest (False)" classname="Philips.PMP.Test.Auto.MobilityServiceHelperTest" time="0.061" status="1" />
    <testcase name="MobilityServiceHelperTryGetWebServerFqdnTest (True)" classname="Philips.PMP.Test.Auto.MobilityServiceHelperTest" time="0.001" status="1" />
    <testcase name="GetControlStateById" classname="Philips.PMP.Test.Auto.MobilityServiceHelperTest" time="0.004" status="1" />
    <testcase name="StoreRemoteControlAuditValidAvailable" classname="Philips.PMP.Test.Auto.MobilityServiceHelperTest" time="0.006" status="1" />
    <testcase name="GetMobileUnitSort" classname="Philips.PMP.Test.Auto.MobilityServiceHelperTest" time="0.005" status="1" />
    <testcase name="MobilityServiceHelperCanAuthenticateUser (True,Success)" classname="Philips.PMP.Test.Auto.MobilityServiceHelperTest" time="0.004" status="1" />
    <testcase name="MobilityServiceHelperCanAuthenticateUser (False,InvalidCredentials)" classname="Philips.PMP.Test.Auto.MobilityServiceHelperTest" time="0.001" status="1" />
    <system-out />
    <system-err />
  </testsuite>
  <testsuite name="Philips.PMP.Test.Auto.HostLicenseProcessorTest" hostname="RESTORMEL" package="not available" id="597" tests="9" failures="0" errors="0" skipped="0" time="1.955" timestamp="2023-12-13T03:34:28">
    <properties />
    <testcase name="LicenseMgrIsLicensedForPatientNoMonitoringHost" classname="Philips.PMP.Test.Auto.HostLicenseProcessorTest" time="0.002" status="1" />
    <testcase name="GetInternalWebServerTest" classname="Philips.PMP.Test.Auto.HostLicenseProcessorTest" time="0.003" status="1" />
    <testcase name="GetWebServerTest" classname="Philips.PMP.Test.Auto.HostLicenseProcessorTest" time="0.004" status="1" />
    <testcase name="StandalonePatientLinkSystemTest" classname="Philips.PMP.Test.Auto.HostLicenseProcessorTest" time="1.668" status="1" />
    <testcase name="LicenseMgrIsServiceLicensedTest" classname="Philips.PMP.Test.Auto.HostLicenseProcessorTest" time="0.005" status="1" />
    <testcase name="LicenseMgrAreAllLicensed" classname="Philips.PMP.Test.Auto.HostLicenseProcessorTest" time="0.004" status="1" />
    <testcase name="TryGetGatewayTest" classname="Philips.PMP.Test.Auto.HostLicenseProcessorTest" time="0.242" status="1" />
    <testcase name="GetLicensedHostsByUnitTest" classname="Philips.PMP.Test.Auto.HostLicenseProcessorTest" time="0.003" status="1" />
    <testcase name="IsConfigurationFeatureLicensedWhenUnlicensedTest" classname="Philips.PMP.Test.Auto.HostLicenseProcessorTest" time="0.023" status="1" />
    <system-out />
    <system-err />
  </testsuite>
  <testsuite name="Philips.PMP.Test.Auto.PwmNbpControlMgrTest" hostname="RESTORMEL" package="not available" id="598" tests="1" failures="0" errors="0" skipped="0" time="0.065" timestamp="2023-12-13T03:29:41">
    <properties />
    <testcase name="PwmNbpControlMgrChangeTelemetryProfileTest" classname="Philips.PMP.Test.Auto.PwmNbpControlMgrTest" time="0.065" status="1" />
    <system-out />
    <system-err />
  </testsuite>
  <testsuite name="Philips.PIC.DataAcquisition.Test.MonitoringDevicePatientMgrTest" hostname="RESTORMEL" package="not available" id="599" tests="4" failures="0" errors="0" skipped="0" time="0.115" timestamp="2023-12-13T03:28:54">
    <properties />
    <testcase name="MonitoringDevicePatientMgrOnDemographicsChangedTest (True,False,0,PTAnnouncement_NeedsUpdate)" classname="Philips.PIC.DataAcquisition.Test.MonitoringDevicePatientMgrTest" time="0.078" status="1" />
    <testcase name="MonitoringDevicePatientMgrOnDemographicsChangedTest (False,False,0,PTAnnouncement_NeedsUpdate)" classname="Philips.PIC.DataAcquisition.Test.MonitoringDevicePatientMgrTest" time="0.004" status="1" />
    <testcase name="MonitoringDevicePatientMgrOnDemographicsChangedTest (False,True,0,Success)" classname="Philips.PIC.DataAcquisition.Test.MonitoringDevicePatientMgrTest" time="0.028" status="1" />
    <testcase name="MonitoringDevicePatientMgrOnDemographicsChangedTest (False,False,2,PTQueryMsg_MoreThanOneFound)" classname="Philips.PIC.DataAcquisition.Test.MonitoringDevicePatientMgrTest" time="0.004" status="1" />
    <system-out />
    <system-err />
  </testsuite>
  <testsuite name="Philips.PMP.Test.Auto.MobileAcknowledgeAlarmValidatorTest" hostname="RESTORMEL" package="not available" id="600" tests="7" failures="0" errors="0" skipped="0" time="0.051" timestamp="2023-12-13T03:34:34">
    <properties />
    <testcase name="AckAlarmIsValidWithAlreadySilencedRedAlarmButNoAccessTest" classname="Philips.PMP.Test.Auto.MobileAcknowledgeAlarmValidatorTest" time="0.005" status="1" />
    <testcase name="AckAlarmInValidIfNoAlertFoundForTheBedTest" classname="Philips.PMP.Test.Auto.MobileAcknowledgeAlarmValidatorTest" time="0.005" status="1" />
    <testcase name="FailAckAlarmIfNoAccessToUser" classname="Philips.PMP.Test.Auto.MobileAcknowledgeAlarmValidatorTest" time="0.011" status="1" />
    <testcase name="AckAlarmRequestIsValidWithNoAccessToRedAlarmTest" classname="Philips.PMP.Test.Auto.MobileAcknowledgeAlarmValidatorTest" time="0.007" status="1" />
    <testcase name="AckAlarmNoAssociatedUserFailedResponseTest" classname="Philips.PMP.Test.Auto.MobileAcknowledgeAlarmValidatorTest" time="0.002" status="1" />
    <testcase name="AckAlarmRequestIsValidWithAccessPassedTest" classname="Philips.PMP.Test.Auto.MobileAcknowledgeAlarmValidatorTest" time="0.017" status="1" />
    <testcase name="AckAlarmInvalidRequestFailedResponseTest" classname="Philips.PMP.Test.Auto.MobileAcknowledgeAlarmValidatorTest" time="0.005" status="1" />
    <system-out />
    <system-err />
  </testsuite>
  <testsuite name="Philips.PMP.Test.Auto.AlertNotificationDeviceControlTest" hostname="RESTORMEL" package="not available" id="601" tests="4" failures="0" errors="0" skipped="0" time="0.134" timestamp="2023-12-13T03:30:13">
    <properties />
    <testcase name="IsPhilipsXmlAlreadyConfiguredTest" classname="Philips.PMP.Test.Auto.AlertNotificationDeviceControlTest" time="0.029" status="1" />
    <testcase name="AddConnectionRowTest" classname="Philips.PMP.Test.Auto.AlertNotificationDeviceControlTest" time="0.048" status="1" />
    <testcase name="IsUnitConfiguredToConnectionTest" classname="Philips.PMP.Test.Auto.AlertNotificationDeviceControlTest" time="0.029" status="1" />
    <testcase name="AlertNotificationDeviceControlRefreshConnectionListControl" classname="Philips.PMP.Test.Auto.AlertNotificationDeviceControlTest" time="0.028" status="1" />
    <system-out />
    <system-err />
  </testsuite>
  <testsuite name="Philips.PMP.Test.Auto.UserRightsAssignmentQualifierTest" hostname="RESTORMEL" package="not available" id="602" tests="3" failures="0" errors="0" skipped="0" time="0.063" timestamp="2023-12-13T03:34:11">
    <properties />
    <testcase name="UserRightsAssignmentQualifierVerifyMissingPrimaryUserTest" classname="Philips.PMP.Test.Auto.UserRightsAssignmentQualifierTest" time="0.001" status="1" />
    <testcase name="UserRightsAssignmentQualifierCorrectTest" classname="Philips.PMP.Test.Auto.UserRightsAssignmentQualifierTest" time="0.005" status="1" />
    <testcase name="UserRightsAssignmentQualifierVerifyTest" classname="Philips.PMP.Test.Auto.UserRightsAssignmentQualifierTest" time="0.057" status="1" />
    <system-out />
    <system-err />
  </testsuite>
  <testsuite name="Philips.PIC.DevTools.Test.InHouseConfigurationTest" hostname="RESTORMEL" package="not available" id="603" tests="6" failures="0" errors="0" skipped="0" time="2.096" timestamp="2023-12-13T03:28:57">
    <properties />
    <testcase name="BuilderFollowsProvidedLocalizationSettings" classname="Philips.PIC.DevTools.Test.InHouseConfigurationTest" time="0.843" status="1" />
    <testcase name="DemoEntityGeneratorPatientValidation" classname="Philips.PIC.DevTools.Test.InHouseConfigurationTest" time="0.065" status="1" />
    <testcase name="DemoEntityGeneratorUserValidation" classname="Philips.PIC.DevTools.Test.InHouseConfigurationTest" time="0.024" status="1" />
    <testcase name="LicenseProcessorAssignsBasicFeatures" classname="Philips.PIC.DevTools.Test.InHouseConfigurationTest" time="0.689" status="1" />
    <testcase name="DemoDwcInterfaceIsEncrypted" classname="Philips.PIC.DevTools.Test.InHouseConfigurationTest" time="0.087" status="1" />
    <testcase name="DemoArchiveGeneratorFollowsLanguageList" classname="Philips.PIC.DevTools.Test.InHouseConfigurationTest" time="0.389" status="1" />
    <system-out />
    <system-err />
  </testsuite>
  <testsuite name="Philips.PMP.Test.Auto.ActiveDirectoryHelperTest" hostname="RESTORMEL" package="not available" id="604" tests="5" failures="0" errors="0" skipped="0" time="0.046" timestamp="2023-12-13T03:30:13">
    <properties />
    <testcase name="GetDomainFailTest" classname="Philips.PMP.Test.Auto.ActiveDirectoryHelperTest" time="0.037" status="1" />
    <testcase name="ActiveDirectoryHelperReloadsCacheWhenDirectoryConfigChanges" classname="Philips.PMP.Test.Auto.ActiveDirectoryHelperTest" time="0.003" status="1" />
    <testcase name="ActiveDirectoryHelperQueryCanTimeout" classname="Philips.PMP.Test.Auto.ActiveDirectoryHelperTest" time="0.002" status="1" />
    <testcase name="GetDomainSucceedTest2" classname="Philips.PMP.Test.Auto.ActiveDirectoryHelperTest" time="0.002" status="1" />
    <testcase name="GetDomainSucceedTest1" classname="Philips.PMP.Test.Auto.ActiveDirectoryHelperTest" time="0.002" status="1" />
    <system-out />
    <system-err />
  </testsuite>
  <testsuite name="Philips.PMP.Test.Auto.FurtherAuthenticationEntryControlTest" hostname="RESTORMEL" package="not available" id="605" tests="11" failures="0" errors="0" skipped="0" time="0.257" timestamp="2023-12-13T03:38:18">
    <properties />
    <testcase name="FurtherAuthenticationEntryControlUserLoggedIn" classname="Philips.PMP.Test.Auto.FurtherAuthenticationEntryControlTest" time="0.023" status="1" />
    <testcase name="FurtherAuthenticationEntryControlPrompt (Pin)" classname="Philips.PMP.Test.Auto.FurtherAuthenticationEntryControlTest" time="0.024" status="1" />
    <testcase name="FurtherAuthenticationEntryControlPrompt (Password)" classname="Philips.PMP.Test.Auto.FurtherAuthenticationEntryControlTest" time="0.026" status="1" />
    <testcase name="FurtherAuthenticationEntryControlKeyPress (A,False,False)" classname="Philips.PMP.Test.Auto.FurtherAuthenticationEntryControlTest" time="0.023" status="1" />
    <testcase name="FurtherAuthenticationEntryControlKeyPress (Escape,True,False)" classname="Philips.PMP.Test.Auto.FurtherAuthenticationEntryControlTest" time="0.021" status="1" />
    <testcase name="FurtherAuthenticationEntryControlKeyPress (Return,False,True)" classname="Philips.PMP.Test.Auto.FurtherAuthenticationEntryControlTest" time="0.027" status="1" />
    <testcase name="FurtherAuthenticationEntryControlMultipleCalls" classname="Philips.PMP.Test.Auto.FurtherAuthenticationEntryControlTest" time="0.023" status="1" />
    <testcase name="FurtherAuthenticationEntryControlProcessCredential (,AuthenticationFailed,,False)" classname="Philips.PMP.Test.Auto.FurtherAuthenticationEntryControlTest" time="0.021" status="1" />
    <testcase name="FurtherAuthenticationEntryControlProcessCredential (MyCredential,AuthenticationInvalidCredentials,Incorrect Credentials,False)" classname="Philips.PMP.Test.Auto.FurtherAuthenticationEntryControlTest" time="0.026" status="1" />
    <testcase name="FurtherAuthenticationEntryControlProcessCredential (MyCredential,CommunicationError,Authentication Error,False)" classname="Philips.PMP.Test.Auto.FurtherAuthenticationEntryControlTest" time="0.022" status="1" />
    <testcase name="FurtherAuthenticationEntryControlProcessCredential (MyCredential,AuthenticationSucceeded,,True)" classname="Philips.PMP.Test.Auto.FurtherAuthenticationEntryControlTest" time="0.021" status="1" />
    <system-out />
    <system-err />
  </testsuite>
  <testsuite name="Philips.PMP.Test.Auto.WindowsCrashDumpQualifierTest" hostname="RESTORMEL" package="not available" id="606" tests="6" failures="0" errors="0" skipped="0" time="0.583" timestamp="2023-12-13T03:29:43">
    <properties />
    <testcase name="WindowsCrashDumpQualifierVerifiesSystemDumpSettings (True,True,True,True,True)" classname="Philips.PMP.Test.Auto.WindowsCrashDumpQualifierTest" time="0.044" status="1" />
    <testcase name="WindowsCrashDumpQualifierVerifiesSystemDumpSettings (True,False,True,True,True)" classname="Philips.PMP.Test.Auto.WindowsCrashDumpQualifierTest" time="0.008" status="1" />
    <testcase name="WindowsCrashDumpQualifierVerifiesSystemDumpSettings (True,True,False,True,True)" classname="Philips.PMP.Test.Auto.WindowsCrashDumpQualifierTest" time="0.005" status="1" />
    <testcase name="WindowsCrashDumpQualifierVerifiesSystemDumpSettings (True,True,True,False,True)" classname="Philips.PMP.Test.Auto.WindowsCrashDumpQualifierTest" time="0.004" status="1" />
    <testcase name="WindowsCrashDumpQualifierVerifiesSystemDumpSettings (True,True,True,True,False)" classname="Philips.PMP.Test.Auto.WindowsCrashDumpQualifierTest" time="0.004" status="1" />
    <testcase name="WindowsCrashDumpQualifierConfiguresSystemDumps" classname="Philips.PMP.Test.Auto.WindowsCrashDumpQualifierTest" time="0.518" status="1" />
    <system-out />
    <system-err />
  </testsuite>
  <testsuite name="Philips.PMP.Test.Auto.EditSwitchSettingsControlTest" hostname="RESTORMEL" package="not available" id="607" tests="13" failures="0" errors="0" skipped="0" time="0.433" timestamp="2023-12-13T03:30:00">
    <properties />
    <testcase name="EditSwitchSettingsDelete (System.Int32[],None,16,0)" classname="Philips.PMP.Test.Auto.EditSwitchSettingsControlTest" time="0.019" status="1" />
    <testcase name="EditSwitchSettingsDelete (System.Int32[],No,16,1)" classname="Philips.PMP.Test.Auto.EditSwitchSettingsControlTest" time="0.028" status="1" />
    <testcase name="EditSwitchSettingsDelete (System.Int32[],Yes,13,1)" classname="Philips.PMP.Test.Auto.EditSwitchSettingsControlTest" time="0.056" status="1" />
    <testcase name="EditSwitchSettingsDelete (System.Int32[],Yes,0,1)" classname="Philips.PMP.Test.Auto.EditSwitchSettingsControlTest" time="0.046" status="1" />
    <testcase name="EditSwitchSettingsControlSortPorts (System.String[],port1,port2,port3,port10,port20,port300)" classname="Philips.PMP.Test.Auto.EditSwitchSettingsControlTest" time="0.024" status="1" />
    <testcase name="EditSwitchSettingsControlSortPorts (System.String[],Fa0/1,Fa0/2,Fa0/3,Fa0/4,Fa0/5,Fa0/6,Fa0/7,Fa0/8,Fa0/9,Fa0/10,Fa0/11,Fa0/12,Fa0/13,Fa0/14,Fa0/15,Fa0/16)" classname="Philips.PMP.Test.Auto.EditSwitchSettingsControlTest" time="0.030" status="1" />
    <testcase name="EditSwitchSettingsControlValidateChanges (,,System.String[],False)" classname="Philips.PMP.Test.Auto.EditSwitchSettingsControlTest" time="0.040" status="1" />
    <testcase name="EditSwitchSettingsControlValidateChanges (1234567890,,System.String[],False)" classname="Philips.PMP.Test.Auto.EditSwitchSettingsControlTest" time="0.029" status="1" />
    <testcase name="EditSwitchSettingsControlValidateChanges (,Switch,System.String[],False)" classname="Philips.PMP.Test.Auto.EditSwitchSettingsControlTest" time="0.041" status="1" />
    <testcase name="EditSwitchSettingsControlValidateChanges (1234567890,Switch,System.String[],False)" classname="Philips.PMP.Test.Auto.EditSwitchSettingsControlTest" time="0.030" status="1" />
    <testcase name="EditSwitchSettingsControlValidateChanges (1234567890,,System.String[],False)" classname="Philips.PMP.Test.Auto.EditSwitchSettingsControlTest" time="0.024" status="1" />
    <testcase name="EditSwitchSettingsControlValidateChanges (,Switch,System.String[],False)" classname="Philips.PMP.Test.Auto.EditSwitchSettingsControlTest" time="0.044" status="1" />
    <testcase name="EditSwitchSettingsControlValidateChanges (1234567890,Switch,System.String[],True)" classname="Philips.PMP.Test.Auto.EditSwitchSettingsControlTest" time="0.022" status="1" />
    <system-out />
    <system-err />
  </testsuite>
  <testsuite name="Philips.PMP.Test.Auto.SystemSetupMgrTest" hostname="RESTORMEL" package="not available" id="608" tests="2" failures="0" errors="0" skipped="0" time="0.018" timestamp="2023-12-13T03:29:58">
    <properties />
    <testcase name="SystemSetupMgrGetPasswordTest (True)" classname="Philips.PMP.Test.Auto.SystemSetupMgrTest" time="0.012" status="1" />
    <testcase name="SystemSetupMgrGetPasswordTest (False)" classname="Philips.PMP.Test.Auto.SystemSetupMgrTest" time="0.005" status="1" />
    <system-out />
    <system-err />
  </testsuite>
  <testsuite name="Philips.PMP.Test.Auto.ProtocolImportControlTest" hostname="RESTORMEL" package="not available" id="609" tests="15" failures="0" errors="0" skipped="0" time="0.360" timestamp="2023-12-13T03:36:09">
    <properties />
    <testcase name="ProtocolSetupHelperValidateconfiguratioFileTest (True,SampleEWSProtocols.xml,False,False)" classname="Philips.PMP.Test.Auto.ProtocolImportControlTest" time="0.002" status="1" />
    <testcase name="ProtocolSetupHelperValidateconfiguratioFileTest (True,,False,False)" classname="Philips.PMP.Test.Auto.ProtocolImportControlTest" time="0.001" status="1" />
    <testcase name="ProtocolSetupHelperValidateconfiguratioFileTest (True,NonExistent.cfg,False,False)" classname="Philips.PMP.Test.Auto.ProtocolImportControlTest" time="0.001" status="1" />
    <testcase name="ProtocolSetupHelperValidateconfiguratioFileTest (False,SampleEWSProtocols.cfg,False,False)" classname="Philips.PMP.Test.Auto.ProtocolImportControlTest" time="0.000" status="1" />
    <testcase name="ProtocolSetupHelperValidateconfiguratioFileTest (False,,False,False)" classname="Philips.PMP.Test.Auto.ProtocolImportControlTest" time="0.001" status="1" />
    <testcase name="ProtocolSetupHelperValidateconfiguratioFileTest (True,SampleEWSProtocols.cfg,True,True)" classname="Philips.PMP.Test.Auto.ProtocolImportControlTest" time="0.000" status="1" />
    <testcase name="ProtocolImportContolSaveTest" classname="Philips.PMP.Test.Auto.ProtocolImportControlTest" time="0.049" status="1" />
    <testcase name="ProtocolImportProtocolListTest" classname="Philips.PMP.Test.Auto.ProtocolImportControlTest" time="0.044" status="1" />
    <testcase name="ProtocolImportContolImportTest (True,SampleEWSProtocols.xml,False,1)" classname="Philips.PMP.Test.Auto.ProtocolImportControlTest" time="0.035" status="1" />
    <testcase name="ProtocolImportContolImportTest (True,,False,1)" classname="Philips.PMP.Test.Auto.ProtocolImportControlTest" time="0.032" status="1" />
    <testcase name="ProtocolImportContolImportTest (False,SampleEWSProtocols.cfg,False,1)" classname="Philips.PMP.Test.Auto.ProtocolImportControlTest" time="0.031" status="1" />
    <testcase name="ProtocolImportContolImportTest (False,,False,1)" classname="Philips.PMP.Test.Auto.ProtocolImportControlTest" time="0.029" status="1" />
    <testcase name="ProtocolImportContolImportTest (True,NonExistent.cfg,False,1)" classname="Philips.PMP.Test.Auto.ProtocolImportControlTest" time="0.033" status="1" />
    <testcase name="ProtocolImportContolImportTest (True,SampleEWSProtocols.cfg,True,0)" classname="Philips.PMP.Test.Auto.ProtocolImportControlTest" time="0.066" status="1" />
    <testcase name="ProtocolImportContolImportTest (True,Invalid.cfg,False,1)" classname="Philips.PMP.Test.Auto.ProtocolImportControlTest" time="0.035" status="1" />
    <system-out />
    <system-err />
  </testsuite>
  <testsuite name="Philips.PMP.Test.Auto.ProtocolSetupProviderTest" hostname="RESTORMEL" package="not available" id="610" tests="11" failures="0" errors="0" skipped="0" time="6.075" timestamp="2023-12-13T03:33:17">
    <properties />
    <testcase name="IsProtocolAssignedToUnitTest" classname="Philips.PMP.Test.Auto.ProtocolSetupProviderTest" time="0.341" status="1" />
    <testcase name="UnitAndPatientProtocolSettingTest" classname="Philips.PMP.Test.Auto.ProtocolSetupProviderTest" time="0.725" status="1" />
    <testcase name="PatientProtocolSettingTest" classname="Philips.PMP.Test.Auto.ProtocolSetupProviderTest" time="0.555" status="1" />
    <testcase name="GetProtocolDescriptionTest" classname="Philips.PMP.Test.Auto.ProtocolSetupProviderTest" time="0.414" status="1" />
    <testcase name="CustomProtocolAssignedTest" classname="Philips.PMP.Test.Auto.ProtocolSetupProviderTest" time="1.032" status="1" />
    <testcase name="ProfileProtocolTest (False,Off)" classname="Philips.PMP.Test.Auto.ProtocolSetupProviderTest" time="0.455" status="1" />
    <testcase name="ProfileProtocolTest (True,MEWS1)" classname="Philips.PMP.Test.Auto.ProtocolSetupProviderTest" time="0.534" status="1" />
    <testcase name="ProfileProtocolTest (True,Off)" classname="Philips.PMP.Test.Auto.ProtocolSetupProviderTest" time="0.508" status="1" />
    <testcase name="ProtocolListStoreTest" classname="Philips.PMP.Test.Auto.ProtocolSetupProviderTest" time="0.501" status="1" />
    <testcase name="GetUnitProfileProtocolsTest" classname="Philips.PMP.Test.Auto.ProtocolSetupProviderTest" time="0.685" status="1" />
    <testcase name="ProtocolAssignmentStoreAndGetTest" classname="Philips.PMP.Test.Auto.ProtocolSetupProviderTest" time="0.324" status="1" />
    <system-out />
    <system-err />
  </testsuite>
  <testsuite name="Philips.PMP.Test.Auto.EfficiaDaTest" hostname="RESTORMEL" package="not available" id="611" tests="4" failures="0" errors="0" skipped="0" time="2.512" timestamp="2023-12-13T03:29:43">
    <properties />
    <testcase name="EfficiaDaHandleNewConnectionTest (True,True)" classname="Philips.PMP.Test.Auto.EfficiaDaTest" time="0.201" status="1" />
    <testcase name="EfficiaDaHandleNewConnectionTest (True,False)" classname="Philips.PMP.Test.Auto.EfficiaDaTest" time="0.061" status="1" />
    <testcase name="EfficiaDaHandleNewConnectionTest (False,False)" classname="Philips.PMP.Test.Auto.EfficiaDaTest" time="0.014" status="1" />
    <testcase name="EfficiaDaTcpListenerTest" classname="Philips.PMP.Test.Auto.EfficiaDaTest" time="2.237" status="1" />
    <system-out />
    <system-err />
  </testsuite>
  <testsuite name="Philips.PMP.Test.Auto.ElectronicReportHelperTest" hostname="RESTORMEL" package="not available" id="612" tests="7" failures="0" errors="0" skipped="0" time="0.076" timestamp="2023-12-13T03:29:38">
    <properties />
    <testcase name="CheckPrintActionElectronicTest (True,True,True,True,True)" classname="Philips.PMP.Test.Auto.ElectronicReportHelperTest" time="0.051" status="1" />
    <testcase name="CheckPrintActionElectronicTest (True,True,True,False,False)" classname="Philips.PMP.Test.Auto.ElectronicReportHelperTest" time="0.012" status="1" />
    <testcase name="CheckPrintActionElectronicTest (True,True,False,True,True)" classname="Philips.PMP.Test.Auto.ElectronicReportHelperTest" time="0.003" status="1" />
    <testcase name="CheckPrintActionElectronicTest (True,False,True,True,True)" classname="Philips.PMP.Test.Auto.ElectronicReportHelperTest" time="0.003" status="1" />
    <testcase name="CheckPrintActionElectronicTest (True,False,False,True,False)" classname="Philips.PMP.Test.Auto.ElectronicReportHelperTest" time="0.003" status="1" />
    <testcase name="CheckPrintActionElectronicTest (False,True,True,True,False)" classname="Philips.PMP.Test.Auto.ElectronicReportHelperTest" time="0.002" status="1" />
    <testcase name="CheckPrintActionPaperTest" classname="Philips.PMP.Test.Auto.ElectronicReportHelperTest" time="0.002" status="1" />
    <system-out />
    <system-err />
  </testsuite>
  <testsuite name="Philips.PMP.Test.Auto.EnumLocalizationHelperTest" hostname="RESTORMEL" package="not available" id="613" tests="2" failures="0" errors="0" skipped="0" time="0.001" timestamp="2023-12-13T03:36:03">
    <properties />
    <testcase name="GetLocalizedValuesIgnoreUnknownTest" classname="Philips.PMP.Test.Auto.EnumLocalizationHelperTest" time="0.001" status="1" />
    <testcase name="GetLocalizedValuesTest" classname="Philips.PMP.Test.Auto.EnumLocalizationHelperTest" time="0.001" status="1" />
    <system-out />
    <system-err />
  </testsuite>
  <testsuite name="Philips.PMP.Test.Auto.Ecg12LeadServiceTest" hostname="RESTORMEL" package="not available" id="614" tests="9" failures="0" errors="0" skipped="0" time="0.561" timestamp="2023-12-13T03:36:23">
    <properties />
    <testcase name="UpSampleFrom250Spsto500Sps" classname="Philips.PMP.Test.Auto.Ecg12LeadServiceTest" time="0.005" status="1" />
    <testcase name="DxlAlgorithmPaceDetectionTest (PacedGen)" classname="Philips.PMP.Test.Auto.Ecg12LeadServiceTest" time="0.271" status="1" />
    <testcase name="DxlAlgorithmPaceDetectionTest (NotPaced)" classname="Philips.PMP.Test.Auto.Ecg12LeadServiceTest" time="0.255" status="1" />
    <testcase name="Ecg12LeadServiceExportPatientNotFoundTest" classname="Philips.PMP.Test.Auto.Ecg12LeadServiceTest" time="0.005" status="1" />
    <testcase name="Ecg12LeadServiceSaveExportDataCannotFind12Lead" classname="Philips.PMP.Test.Auto.Ecg12LeadServiceTest" time="0.004" status="1" />
    <testcase name="Ecg12LeadServiceRetrieveExportDataTest (False,False,False)" classname="Philips.PMP.Test.Auto.Ecg12LeadServiceTest" time="0.008" status="1" />
    <testcase name="Ecg12LeadServiceRetrieveExportDataTest (True,False,False)" classname="Philips.PMP.Test.Auto.Ecg12LeadServiceTest" time="0.003" status="1" />
    <testcase name="Ecg12LeadServiceRetrieveExportDataTest (True,True,True)" classname="Philips.PMP.Test.Auto.Ecg12LeadServiceTest" time="0.003" status="1" />
    <testcase name="MergeWaveDataFor250SpsWaves" classname="Philips.PMP.Test.Auto.Ecg12LeadServiceTest" time="0.006" status="1" />
    <system-out />
    <system-err />
  </testsuite>
  <testsuite name="Philips.PMP.Test.Auto.PatientDemographicChoiceFieldsValuesGeneratorTest" hostname="RESTORMEL" package="not available" id="615" tests="7" failures="0" errors="0" skipped="0" time="0.049" timestamp="2023-12-13T03:29:48">
    <properties />
    <testcase name="PatientDemographicChoiceFieldsValuesGeneratorGetPatientGenderValues" classname="Philips.PMP.Test.Auto.PatientDemographicChoiceFieldsValuesGeneratorTest" time="0.005" status="1" />
    <testcase name="PatientDemographicChoiceFieldsValuesGeneratorGetPatientPacedModeValues (Unconfirmed,3)" classname="Philips.PMP.Test.Auto.PatientDemographicChoiceFieldsValuesGeneratorTest" time="0.004" status="1" />
    <testcase name="PatientDemographicChoiceFieldsValuesGeneratorGetPatientPacedModeValues (Off,2)" classname="Philips.PMP.Test.Auto.PatientDemographicChoiceFieldsValuesGeneratorTest" time="0.006" status="1" />
    <testcase name="PatientDemographicChoiceFieldsValuesGeneratorGetPatientPacedModeValues (On,2)" classname="Philips.PMP.Test.Auto.PatientDemographicChoiceFieldsValuesGeneratorTest" time="0.008" status="1" />
    <testcase name="PatientDemographicChoiceFieldsValuesGeneratorGetPatientPacerValuesList" classname="Philips.PMP.Test.Auto.PatientDemographicChoiceFieldsValuesGeneratorTest" time="0.013" status="1" />
    <testcase name="PatientDemographicChoiceFieldsValuesGeneratorGetResuscitationValues" classname="Philips.PMP.Test.Auto.PatientDemographicChoiceFieldsValuesGeneratorTest" time="0.004" status="1" />
    <testcase name="PatientDemographicChoiceFieldsValuesGeneratorGetPriorIcuStayValues" classname="Philips.PMP.Test.Auto.PatientDemographicChoiceFieldsValuesGeneratorTest" time="0.008" status="1" />
    <system-out />
    <system-err />
  </testsuite>
  <testsuite name="Philips.PMP.Test.Auto.MultiSurveillanceMgrTest" hostname="RESTORMEL" package="not available" id="616" tests="6" failures="0" errors="0" skipped="0" time="0.276" timestamp="2023-12-13T03:30:25">
    <properties />
    <testcase name="MultiSurveilanceMgrHandlesChangeBed" classname="Philips.PMP.Test.Auto.MultiSurveillanceMgrTest" time="0.046" status="1" />
    <testcase name="MultiSurveillanceMgrMyHostModifiedWillRefreshHostSilencePermissions" classname="Philips.PMP.Test.Auto.MultiSurveillanceMgrTest" time="0.074" status="1" />
    <testcase name="MultiSurveillanceMgrMyHostNotModifiedWillNotRefreshHostSilencePermissions" classname="Philips.PMP.Test.Auto.MultiSurveillanceMgrTest" time="0.002" status="1" />
    <testcase name="MultiSurveilanceVerifySectorAssignments (True)" classname="Philips.PMP.Test.Auto.MultiSurveillanceMgrTest" time="0.090" status="1" />
    <testcase name="MultiSurveilanceVerifySectorAssignments (False)" classname="Philips.PMP.Test.Auto.MultiSurveillanceMgrTest" time="0.043" status="1" />
    <testcase name="MultiSurveilanceMgrUserChanged" classname="Philips.PMP.Test.Auto.MultiSurveillanceMgrTest" time="0.020" status="1" />
    <system-out />
    <system-err />
  </testsuite>
  <testsuite name="Philips.PMP.Test.Auto.CameraSystemConnectionTest" hostname="RESTORMEL" package="not available" id="617" tests="6" failures="0" errors="0" skipped="0" time="1.577" timestamp="2023-12-13T03:30:57">
    <properties />
    <testcase name="CameraSystemNoOrphanUserCredentialTest (4,True,False,False)" classname="Philips.PMP.Test.Auto.CameraSystemConnectionTest" time="0.314" status="1" />
    <testcase name="CameraSystemNoOrphanUserCredentialTest (1,False,True,False)" classname="Philips.PMP.Test.Auto.CameraSystemConnectionTest" time="0.349" status="1" />
    <testcase name="CameraSystemNoOrphanUserCredentialTest (1,False,False,True)" classname="Philips.PMP.Test.Auto.CameraSystemConnectionTest" time="0.266" status="1" />
    <testcase name="CameraSystemGetConnection" classname="Philips.PMP.Test.Auto.CameraSystemConnectionTest" time="0.256" status="1" />
    <testcase name="CameraSystemStoreAndEditTest" classname="Philips.PMP.Test.Auto.CameraSystemConnectionTest" time="0.387" status="1" />
    <testcase name="CameraSystemGetConnectionWithMissingUnit" classname="Philips.PMP.Test.Auto.CameraSystemConnectionTest" time="0.005" status="1" />
    <system-out />
    <system-err />
  </testsuite>
  <testsuite name="Philips.PMP.Test.Auto.MobilePhysioDataMdipFilterTest" hostname="RESTORMEL" package="not available" id="618" tests="1" failures="0" errors="0" skipped="0" time="0.048" timestamp="2023-12-13T03:29:47">
    <properties />
    <testcase name="FilterMdipDevicesTest" classname="Philips.PMP.Test.Auto.MobilePhysioDataMdipFilterTest" time="0.048" status="1" />
    <system-out />
    <system-err />
  </testsuite>
  <testsuite name="Philips.PMP.Test.Auto.ExportPhysioDataControlTest" hostname="RESTORMEL" package="not available" id="619" tests="7" failures="0" errors="0" skipped="0" time="3.215" timestamp="2023-12-13T03:33:43">
    <properties />
    <testcase name="ExportPhysioDataControlGetPhysioDataExportFilePath (Ecg12LeadCapture,C:\I1_Unit1_Bed1_3_26_2019_09_49_13.xml)" classname="Philips.PMP.Test.Auto.ExportPhysioDataControlTest" time="0.081" status="1" />
    <testcase name="ExportPhysioDataControlGetPhysioDataExportFilePath (PhysioData,C:\I1_Unit1_Bed1_3_1_2019_12_00_00_AM_3_1_2019_8_00_00_AM.ppd)" classname="Philips.PMP.Test.Auto.ExportPhysioDataControlTest" time="0.074" status="1" />
    <testcase name="ExportPhysioDataControlSelectBed" classname="Philips.PMP.Test.Auto.ExportPhysioDataControlTest" time="1.877" status="1" />
    <testcase name="ExportPhysioDataControlRefreshAvailableBeds" classname="Philips.PMP.Test.Auto.ExportPhysioDataControlTest" time="0.311" status="1" />
    <testcase name="ExportPhysioDataControlRefreshAvailableUnits" classname="Philips.PMP.Test.Auto.ExportPhysioDataControlTest" time="0.335" status="1" />
    <testcase name="ExportPhysioDataControlSelectPatientStays" classname="Philips.PMP.Test.Auto.ExportPhysioDataControlTest" time="0.480" status="1" />
    <testcase name="ExportPhysioDataControlHandlesPatientNull" classname="Philips.PMP.Test.Auto.ExportPhysioDataControlTest" time="0.056" status="1" />
    <system-out />
    <system-err />
  </testsuite>
  <testsuite name="Philips.PMP.Test.Auto.PatientCensusCallbackProcessorTest" hostname="RESTORMEL" package="not available" id="620" tests="2" failures="0" errors="0" skipped="0" time="0.176" timestamp="2023-12-13T03:29:39">
    <properties />
    <testcase name="PatientCensusCallbackProcessorUpdateSinglePatient" classname="Philips.PMP.Test.Auto.PatientCensusCallbackProcessorTest" time="0.011" status="1" />
    <testcase name="PatientCensusCallbackProcessorUpdatePatients" classname="Philips.PMP.Test.Auto.PatientCensusCallbackProcessorTest" time="0.165" status="1" />
    <system-out />
    <system-err />
  </testsuite>
  <testsuite name="Philips.PMP.Test.Auto.MobileRemoteControlMgrTest" hostname="RESTORMEL" package="not available" id="621" tests="4" failures="0" errors="0" skipped="0" time="0.117" timestamp="2023-12-13T03:29:47">
    <properties />
    <testcase name="InvokeRemoteControlsValid" classname="Philips.PMP.Test.Auto.MobileRemoteControlMgrTest" time="0.012" status="1" />
    <testcase name="GetControlsRequestValidationFailedErrorTest" classname="Philips.PMP.Test.Auto.MobileRemoteControlMgrTest" time="0.062" status="1" />
    <testcase name="GetControlsRequestTest" classname="Philips.PMP.Test.Auto.MobileRemoteControlMgrTest" time="0.030" status="1" />
    <testcase name="GetControlsReturnEmptyIfNBPGlobalSettingsIsDisableTest" classname="Philips.PMP.Test.Auto.MobileRemoteControlMgrTest" time="0.014" status="1" />
    <system-out />
    <system-err />
  </testsuite>
  <testsuite name="Philips.PMP.Test.Auto.DbInstallMgrTest" hostname="RESTORMEL" package="not available" id="622" tests="13" failures="0" errors="0" skipped="0" time="1.611" timestamp="2023-12-13T03:29:39">
    <properties />
    <testcase name="OtherDBInitializationTests (Philips.PIC.Primary)" classname="Philips.PMP.Test.Auto.DbInstallMgrTest" time="0.001" status="1" />
    <testcase name="OtherDBInitializationTests (Philips.PIC.Audit)" classname="Philips.PMP.Test.Auto.DbInstallMgrTest" time="0.001" status="1" />
    <testcase name="OtherDBInitializationTests (Philips.PIC.Diagnostics)" classname="Philips.PMP.Test.Auto.DbInstallMgrTest" time="0.008" status="1" />
    <testcase name="OtherDBInitializationTests (Philips.PIC.Factory)" classname="Philips.PMP.Test.Auto.DbInstallMgrTest" time="0.001" status="1" />
    <testcase name="OtherDBInitializationTests (Philips.PIC.Test)" classname="Philips.PMP.Test.Auto.DbInstallMgrTest" time="0.003" status="1" />
    <testcase name="GetReinstallableDatabasesReturnEventWorkflowDb (True,True)" classname="Philips.PMP.Test.Auto.DbInstallMgrTest" time="0.010" status="1" />
    <testcase name="GetReinstallableDatabasesReturnEventWorkflowDb (False,False)" classname="Philips.PMP.Test.Auto.DbInstallMgrTest" time="0.003" status="1" />
    <testcase name="ExportDBInitializationTest" classname="Philips.PMP.Test.Auto.DbInstallMgrTest" time="0.001" status="1" />
    <testcase name="DbIsntallMgrClearNonStaticTables" classname="Philips.PMP.Test.Auto.DbInstallMgrTest" time="1.359" status="1" />
    <testcase name="PdxDatabaseShouldHaveAutoCreateStatisticsIncrementalEnabled" classname="Philips.PMP.Test.Auto.DbInstallMgrTest" time="0.001" status="1" />
    <testcase name="NonPdxDatabasesShouldNotHaveAutoCreateStatisticsIncrementalEnabled" classname="Philips.PMP.Test.Auto.DbInstallMgrTest" time="0.216" status="1" />
    <testcase name="PhysioAndEventWorkflowDBInitializationTests (Philips.PIC.EventWorkflow)" classname="Philips.PMP.Test.Auto.DbInstallMgrTest" time="0.007" status="1" />
    <testcase name="PhysioAndEventWorkflowDBInitializationTests (Philips.PIC.Physio)" classname="Philips.PMP.Test.Auto.DbInstallMgrTest" time="0.001" status="1" />
    <system-out />
    <system-err />
  </testsuite>
  <testsuite name="Philips.iX.InboundDataBridge.Test.SdcTimeMgrTest" hostname="RESTORMEL" package="not available" id="623" tests="6" failures="0" errors="0" skipped="0" time="0.007" timestamp="2023-12-13T03:27:48">
    <properties />
    <testcase name="UpdatePdsTimeTest (2000,1000,900,2500,1400)" classname="Philips.iX.InboundDataBridge.Test.SdcTimeMgrTest" time="0.001" status="1" />
    <testcase name="UpdatePdsTimeTest (2000,1000,1100,2500,1600)" classname="Philips.iX.InboundDataBridge.Test.SdcTimeMgrTest" time="0.002" status="1" />
    <testcase name="GetPdsTimeTest (1000,1000,1000,1000)" classname="Philips.iX.InboundDataBridge.Test.SdcTimeMgrTest" time="0.002" status="1" />
    <testcase name="GetPdsTimeTest (0,0,1000,0)" classname="Philips.iX.InboundDataBridge.Test.SdcTimeMgrTest" time="0.000" status="1" />
    <testcase name="GetPdsTimeTest (2000,1000,1500,1000)" classname="Philips.iX.InboundDataBridge.Test.SdcTimeMgrTest" time="0.000" status="1" />
    <testcase name="GetPdsTimeTest (2000,1000,2500,1500)" classname="Philips.iX.InboundDataBridge.Test.SdcTimeMgrTest" time="0.000" status="1" />
    <system-out />
    <system-err />
  </testsuite>
  <testsuite name="Philips.PMP.Test.Auto.EquipmentMgrTest" hostname="RESTORMEL" package="not available" id="624" tests="7" failures="0" errors="0" skipped="0" time="0.005" timestamp="2023-12-13T03:36:23">
    <properties />
    <testcase name="EquipmentMgrLocalSystemIdMatchTest" classname="Philips.PMP.Test.Auto.EquipmentMgrTest" time="0.001" status="1" />
    <testcase name="EquipmentMgrLocalSystemIdTest (True,172.31.14.200)" classname="Philips.PMP.Test.Auto.EquipmentMgrTest" time="0.002" status="1" />
    <testcase name="EquipmentMgrLocalSystemIdTest (True,10.2.14.10)" classname="Philips.PMP.Test.Auto.EquipmentMgrTest" time="0.000" status="1" />
    <testcase name="EquipmentMgrLocalSystemIdTest (True,100.100.100.100)" classname="Philips.PMP.Test.Auto.EquipmentMgrTest" time="0.000" status="1" />
    <testcase name="EquipmentMgrLocalSystemIdTest (False,100.100.100.100)" classname="Philips.PMP.Test.Auto.EquipmentMgrTest" time="0.000" status="1" />
    <testcase name="EquipmentMgrLocalSystemIdTest (True,0.0.0.0)" classname="Philips.PMP.Test.Auto.EquipmentMgrTest" time="0.000" status="1" />
    <testcase name="EquipmentMgrLocalSystemIdTest (False,0.0.0.0)" classname="Philips.PMP.Test.Auto.EquipmentMgrTest" time="0.000" status="1" />
    <system-out />
    <system-err />
  </testsuite>
  <testsuite name="Philips.PMP.Test.Auto.CiDeviceUpdaterTest" hostname="RESTORMEL" package="not available" id="625" tests="5" failures="0" errors="0" skipped="0" time="0.126" timestamp="2023-12-13T03:29:39">
    <properties />
    <testcase name="CiDeviceUpdaterUpdateUnlabeledDevicesForLabelAssignmentTest (label,True)" classname="Philips.PMP.Test.Auto.CiDeviceUpdaterTest" time="0.077" status="1" />
    <testcase name="CiDeviceUpdaterUpdateUnlabeledDevicesForLabelAssignmentTest (label,False)" classname="Philips.PMP.Test.Auto.CiDeviceUpdaterTest" time="0.003" status="1" />
    <testcase name="CiDeviceUpdaterUpdateUnlabeledDevicesForLabelAssignmentTest (,True)" classname="Philips.PMP.Test.Auto.CiDeviceUpdaterTest" time="0.005" status="1" />
    <testcase name="CiDeviceUpdaterUpdateUnlabeledDevicesForLabelAssignmentTest (,False)" classname="Philips.PMP.Test.Auto.CiDeviceUpdaterTest" time="0.003" status="1" />
    <testcase name="UpdateDeviceInformationNewDeviceTest" classname="Philips.PMP.Test.Auto.CiDeviceUpdaterTest" time="0.038" status="1" />
    <system-out />
    <system-err />
  </testsuite>
  <testsuite name="Philips.PMP.Test.Auto.PortalTopologySourceDataTest" hostname="RESTORMEL" package="not available" id="626" tests="3" failures="0" errors="0" skipped="0" time="0.741" timestamp="2023-12-13T03:34:06">
    <properties />
    <testcase name="GetRootItemsTest" classname="Philips.PMP.Test.Auto.PortalTopologySourceDataTest" time="0.249" status="1" />
    <testcase name="GetChildItemsTest" classname="Philips.PMP.Test.Auto.PortalTopologySourceDataTest" time="0.248" status="1" />
    <testcase name="ClearTest" classname="Philips.PMP.Test.Auto.PortalTopologySourceDataTest" time="0.244" status="1" />
    <system-out />
    <system-err />
  </testsuite>
  <testsuite name="Philips.PMP.Test.Auto.DeviceTypeDeterminerTest" hostname="RESTORMEL" package="not available" id="627" tests="1" failures="0" errors="0" skipped="0" time="0.001" timestamp="2023-12-13T03:36:03">
    <properties />
    <testcase name="DeviceCompatibilityGetDeviceTypeTest" classname="Philips.PMP.Test.Auto.DeviceTypeDeterminerTest" time="0.001" status="1" />
    <system-out />
    <system-err />
  </testsuite>
  <testsuite name="Philips.PMP.Test.Auto.Hl7CareEventProxyTest" hostname="RESTORMEL" package="not available" id="628" tests="6" failures="0" errors="0" skipped="0" time="0.176" timestamp="2023-12-13T03:36:38">
    <properties />
    <testcase name="CareEventProxyCanIndicateIfProxyIsConnected (True)" classname="Philips.PMP.Test.Auto.Hl7CareEventProxyTest" time="0.007" status="1" />
    <testcase name="CareEventProxyCanIndicateIfProxyIsConnected (False)" classname="Philips.PMP.Test.Auto.Hl7CareEventProxyTest" time="0.001" status="1" />
    <testcase name="Hl7OnAlarmNotificationChangeTest" classname="Philips.PMP.Test.Auto.Hl7CareEventProxyTest" time="0.013" status="1" />
    <testcase name="CareEventOnConnectionErrorTest" classname="Philips.PMP.Test.Auto.Hl7CareEventProxyTest" time="0.003" status="1" />
    <testcase name="CareEventProxyStartStopThenCannotCreateProxyAfterStopCalledTest" classname="Philips.PMP.Test.Auto.Hl7CareEventProxyTest" time="0.146" status="1" />
    <testcase name="CareEventStartTest" classname="Philips.PMP.Test.Auto.Hl7CareEventProxyTest" time="0.006" status="1" />
    <system-out />
    <system-err />
  </testsuite>
  <testsuite name="Philips.PMP.Test.Auto.ServiceBaseExTest" hostname="RESTORMEL" package="not available" id="629" tests="7" failures="0" errors="0" skipped="0" time="0.258" timestamp="2023-12-13T03:36:15">
    <properties />
    <testcase name="ServiceBaseExCanDisablePubSub (True)" classname="Philips.PMP.Test.Auto.ServiceBaseExTest" time="0.077" status="1" />
    <testcase name="ServiceBaseExCanDisablePubSub (False)" classname="Philips.PMP.Test.Auto.ServiceBaseExTest" time="0.001" status="1" />
    <testcase name="ServiceStartupMgrDataRelayServiceBridgeIsVersionTolerant" classname="Philips.PMP.Test.Auto.ServiceBaseExTest" time="0.006" status="1" />
    <testcase name="ServiceBaseExCanStartServices (True,True,True,True)" classname="Philips.PMP.Test.Auto.ServiceBaseExTest" time="0.154" status="1" />
    <testcase name="ServiceBaseExCanStartServices (True,False,False,False)" classname="Philips.PMP.Test.Auto.ServiceBaseExTest" time="0.012" status="1" />
    <testcase name="ServiceBaseExCanStartServices (False,True,False,False)" classname="Philips.PMP.Test.Auto.ServiceBaseExTest" time="0.004" status="1" />
    <testcase name="ServiceBaseExCanStartServices (False,False,True,False)" classname="Philips.PMP.Test.Auto.ServiceBaseExTest" time="0.004" status="1" />
    <system-out />
    <system-err />
  </testsuite>
  <testsuite name="Philips.PMP.Test.Auto.AuditEntriesControlTest" hostname="RESTORMEL" package="not available" id="630" tests="1" failures="0" errors="0" skipped="0" time="0.057" timestamp="2023-12-13T03:30:20">
    <properties />
    <testcase name="AuditCreateExportTable" classname="Philips.PMP.Test.Auto.AuditEntriesControlTest" time="0.057" status="1" />
    <system-out />
    <system-err />
  </testsuite>
  <testsuite name="Philips.PIC.WebBridge.Test.TokenMgrTest" hostname="RESTORMEL" package="not available" id="631" tests="7" failures="0" errors="0" skipped="0" time="0.098" timestamp="2023-12-13T03:39:11">
    <properties />
    <testcase name="TryGetTokenNullEmptyStringTest" classname="Philips.PIC.WebBridge.Test.TokenMgrTest" time="0.002" status="1" />
    <testcase name="TryGetTokenNoPasswordTest" classname="Philips.PIC.WebBridge.Test.TokenMgrTest" time="0.001" status="1" />
    <testcase name="TryGetTokenNoSeperatorTest" classname="Philips.PIC.WebBridge.Test.TokenMgrTest" time="0.001" status="1" />
    <testcase name="TryGetTokenByPrincipalTest" classname="Philips.PIC.WebBridge.Test.TokenMgrTest" time="0.004" status="1" />
    <testcase name="TokenValidationParametersGetTest" classname="Philips.PIC.WebBridge.Test.TokenMgrTest" time="0.002" status="1" />
    <testcase name="TryGetTokenTest" classname="Philips.PIC.WebBridge.Test.TokenMgrTest" time="0.088" status="1" />
    <testcase name="TryGetTokenNoUserNameTest" classname="Philips.PIC.WebBridge.Test.TokenMgrTest" time="0.001" status="1" />
    <system-out />
    <system-err />
  </testsuite>
  <testsuite name="Philips.CareEvent.Test.LocationAliasManageControlTest" hostname="RESTORMEL" package="not available" id="632" tests="11" failures="0" errors="0" skipped="0" time="0.325" timestamp="2023-12-13T03:28:28">
    <properties />
    <testcase name="LocationAliasManageControlOnListViewMouseUp (1,1,False)" classname="Philips.CareEvent.Test.LocationAliasManageControlTest" time="0.031" status="1" />
    <testcase name="LocationAliasManageControlOnListViewMouseUp (437,35,False)" classname="Philips.CareEvent.Test.LocationAliasManageControlTest" time="0.029" status="1" />
    <testcase name="LocationAliasManageControlOnListViewMouseUp (337,35,True)" classname="Philips.CareEvent.Test.LocationAliasManageControlTest" time="0.038" status="1" />
    <testcase name="LocationAliasManageControlOnListViewMouseUp (337,135,False)" classname="Philips.CareEvent.Test.LocationAliasManageControlTest" time="0.032" status="1" />
    <testcase name="LocationAliasManageControlOnIndexChanging (True,True,0,False)" classname="Philips.CareEvent.Test.LocationAliasManageControlTest" time="0.033" status="1" />
    <testcase name="LocationAliasManageControlOnIndexChanging (True,False,0,False)" classname="Philips.CareEvent.Test.LocationAliasManageControlTest" time="0.017" status="1" />
    <testcase name="LocationAliasManageControlOnIndexChanging (False,True,1,True)" classname="Philips.CareEvent.Test.LocationAliasManageControlTest" time="0.019" status="1" />
    <testcase name="LocationAliasManageControlOnIndexChanging (False,False,0,False)" classname="Philips.CareEvent.Test.LocationAliasManageControlTest" time="0.022" status="1" />
    <testcase name="LocationAliasManageControlUpdateComboListViewItem" classname="Philips.CareEvent.Test.LocationAliasManageControlTest" time="0.038" status="1" />
    <testcase name="LocationAliasManageControlLoadMobileComboBox" classname="Philips.CareEvent.Test.LocationAliasManageControlTest" time="0.040" status="1" />
    <testcase name="LocationAliasManageControlOnComboLeave" classname="Philips.CareEvent.Test.LocationAliasManageControlTest" time="0.027" status="1" />
    <system-out />
    <system-err />
  </testsuite>
  <testsuite name="Philips.CareEvent.Test.AuditEntryRecorderTests" hostname="RESTORMEL" package="not available" id="633" tests="2" failures="0" errors="0" skipped="0" time="0.110" timestamp="2023-12-13T03:28:13">
    <properties />
    <testcase name="RecordAssignmentShouldUpdateAssigned" classname="Philips.CareEvent.Test.AuditEntryRecorderTests" time="0.102" status="1" />
    <testcase name="RecordAssignmentShouldUpdateUnassigned" classname="Philips.CareEvent.Test.AuditEntryRecorderTests" time="0.008" status="1" />
    <system-out />
    <system-err />
  </testsuite>
  <testsuite name="Philips.PMP.Test.Auto.FullDisclosureUploadConnectionTest" hostname="RESTORMEL" package="not available" id="634" tests="1" failures="0" errors="0" skipped="0" time="0.072" timestamp="2023-12-13T03:36:37">
    <properties />
    <testcase name="FullDisclosureUploadConnectionDoesNotAttemptConnectingToMonitor" classname="Philips.PMP.Test.Auto.FullDisclosureUploadConnectionTest" time="0.072" status="1" />
    <system-out />
    <system-err />
  </testsuite>
  <testsuite name="Philips.PMP.Test.Auto.TokenValidatorTest" hostname="RESTORMEL" package="not available" id="635" tests="4" failures="0" errors="0" skipped="0" time="0.029" timestamp="2023-12-13T03:29:59">
    <properties />
    <testcase name="TokenValidatorCanDetectInvlaidUser (True)" classname="Philips.PMP.Test.Auto.TokenValidatorTest" time="0.023" status="1" />
    <testcase name="TokenValidatorCanDetectInvlaidUser (False)" classname="Philips.PMP.Test.Auto.TokenValidatorTest" time="0.001" status="1" />
    <testcase name="TokenValidatorCanDetectInvalidToken (True)" classname="Philips.PMP.Test.Auto.TokenValidatorTest" time="0.003" status="1" />
    <testcase name="TokenValidatorCanDetectInvalidToken (False)" classname="Philips.PMP.Test.Auto.TokenValidatorTest" time="0.002" status="1" />
    <system-out />
    <system-err />
  </testsuite>
  <testsuite name="Philips.PIC.DataAcquisition.Test.MonitoringDeviceServiceMgrTest" hostname="RESTORMEL" package="not available" id="636" tests="2" failures="0" errors="0" skipped="0" time="0.042" timestamp="2023-12-13T03:28:54">
    <properties />
    <testcase name="MonitoringDeviceServiceMgrSubscribesForServiceEvents" classname="Philips.PIC.DataAcquisition.Test.MonitoringDeviceServiceMgrTest" time="0.002" status="1" />
    <testcase name="MonitoringDeviceServiceMgrLogsFailureToRetrieveDeviceService" classname="Philips.PIC.DataAcquisition.Test.MonitoringDeviceServiceMgrTest" time="0.040" status="1" />
    <system-out />
    <system-err />
  </testsuite>
  <testsuite name="Philips.PMP.Test.Auto.PatientServiceMonitoredBedTrackerTest" hostname="RESTORMEL" package="not available" id="637" tests="7" failures="0" errors="0" skipped="0" time="0.090" timestamp="2023-12-13T03:36:48">
    <properties />
    <testcase name="PatientServiceMonitoredBedTrackerMgrCanQuery" classname="Philips.PMP.Test.Auto.PatientServiceMonitoredBedTrackerTest" time="0.062" status="1" />
    <testcase name="PatientServiceMonitoredBedTrackerReturnsPatient (False)" classname="Philips.PMP.Test.Auto.PatientServiceMonitoredBedTrackerTest" time="0.003" status="1" />
    <testcase name="PatientServiceMonitoredBedTrackerReturnsPatient (True)" classname="Philips.PMP.Test.Auto.PatientServiceMonitoredBedTrackerTest" time="0.002" status="1" />
    <testcase name="PatientServiceMonitoredBedTrackerCanBeQueriedMoreThanOnce" classname="Philips.PMP.Test.Auto.PatientServiceMonitoredBedTrackerTest" time="0.013" status="1" />
    <testcase name="PatientServiceMonitoredBedTrackerMgrCanDetectBeds (False,False)" classname="Philips.PMP.Test.Auto.PatientServiceMonitoredBedTrackerTest" time="0.004" status="1" />
    <testcase name="PatientServiceMonitoredBedTrackerMgrCanDetectBeds (True,False)" classname="Philips.PMP.Test.Auto.PatientServiceMonitoredBedTrackerTest" time="0.004" status="1" />
    <testcase name="PatientServiceMonitoredBedTrackerMgrCanDetectBeds (True,True)" classname="Philips.PMP.Test.Auto.PatientServiceMonitoredBedTrackerTest" time="0.002" status="1" />
    <system-out />
    <system-err />
  </testsuite>
  <testsuite name="Philips.PMP.Test.Auto.RepositoryAlertTest" hostname="RESTORMEL" package="not available" id="638" tests="10" failures="0" errors="0" skipped="0" time="0.011" timestamp="2023-12-13T03:29:50">
    <properties />
    <testcase name="RepositoryAlertProcessHardInopTimeUpdateTest (10,5,False)" classname="Philips.PMP.Test.Auto.RepositoryAlertTest" time="0.003" status="1" />
    <testcase name="RepositoryAlertProcessHardInopTimeUpdateTest (10,15,True)" classname="Philips.PMP.Test.Auto.RepositoryAlertTest" time="0.002" status="1" />
    <testcase name="RepositoryAlertGetAudibleSoundTest (0,False,False,NoAlert)" classname="Philips.PMP.Test.Auto.RepositoryAlertTest" time="0.003" status="1" />
    <testcase name="RepositoryAlertGetAudibleSoundTest (CentralAudible,False,False,RedAlarm)" classname="Philips.PMP.Test.Auto.RepositoryAlertTest" time="0.001" status="1" />
    <testcase name="RepositoryAlertGetAudibleSoundTest (CentralAudible,True,False,RedAlarm)" classname="Philips.PMP.Test.Auto.RepositoryAlertTest" time="0.000" status="1" />
    <testcase name="RepositoryAlertGetAudibleSoundTest (VisualLatching,True,False,NoAlert)" classname="Philips.PMP.Test.Auto.RepositoryAlertTest" time="0.000" status="1" />
    <testcase name="RepositoryAlertGetAudibleSoundTest (0,False,True,NoAlert)" classname="Philips.PMP.Test.Auto.RepositoryAlertTest" time="0.000" status="1" />
    <testcase name="RepositoryAlertGetAudibleSoundTest (CentralAudible,False,True,RedAlarm)" classname="Philips.PMP.Test.Auto.RepositoryAlertTest" time="0.001" status="1" />
    <testcase name="RepositoryAlertGetAudibleSoundTest (CentralAudible,True,True,NoAlert)" classname="Philips.PMP.Test.Auto.RepositoryAlertTest" time="0.000" status="1" />
    <testcase name="RepositoryAlertGetAudibleSoundTest (VisualLatching,True,True,NoAlert)" classname="Philips.PMP.Test.Auto.RepositoryAlertTest" time="0.000" status="1" />
    <system-out />
    <system-err />
  </testsuite>
  <testsuite name="Philips.PMP.Test.Auto.MyLicenseTest" hostname="RESTORMEL" package="not available" id="639" tests="7" failures="0" errors="0" skipped="0" time="0.189" timestamp="2023-12-13T03:29:46">
    <properties />
    <testcase name="MyLicenseDeletesOrder" classname="Philips.PMP.Test.Auto.MyLicenseTest" time="0.013" status="1" />
    <testcase name="MyLicensePropogatesChanges" classname="Philips.PMP.Test.Auto.MyLicenseTest" time="0.004" status="1" />
    <testcase name="StoreAssignmentToCopyTest (True)" classname="Philips.PMP.Test.Auto.MyLicenseTest" time="0.036" status="1" />
    <testcase name="StoreDeviceAssignment (Host,True)" classname="Philips.PMP.Test.Auto.MyLicenseTest" time="0.097" status="1" />
    <testcase name="StoreDeviceAssignment (Unit,True)" classname="Philips.PMP.Test.Auto.MyLicenseTest" time="0.017" status="1" />
    <testcase name="StoreDeviceAssignment (Institution,False)" classname="Philips.PMP.Test.Auto.MyLicenseTest" time="0.015" status="1" />
    <testcase name="StoreDeviceAssignment (Enterprise,True)" classname="Philips.PMP.Test.Auto.MyLicenseTest" time="0.006" status="1" />
    <system-out />
    <system-err />
  </testsuite>
  <testsuite name="Philips.PMP.Test.Auto.ExportLogsHelperTest" hostname="RESTORMEL" package="not available" id="640" tests="16" failures="0" errors="0" skipped="0" time="0.979" timestamp="2023-12-13T03:29:42">
    <properties />
    <testcase name="ExportLogsHelperExportPatchInstallLogs (False,False,0)" classname="Philips.PMP.Test.Auto.ExportLogsHelperTest" time="0.007" status="1" />
    <testcase name="ExportLogsHelperExportPatchInstallLogs (True,False,0)" classname="Philips.PMP.Test.Auto.ExportLogsHelperTest" time="0.002" status="1" />
    <testcase name="ExportLogsHelperExportPatchInstallLogs (True,True,1)" classname="Philips.PMP.Test.Auto.ExportLogsHelperTest" time="0.002" status="1" />
    <testcase name="ExportLogsHelperExportInstallLogs (False,0)" classname="Philips.PMP.Test.Auto.ExportLogsHelperTest" time="0.009" status="1" />
    <testcase name="ExportLogsHelperExportInstallLogs (True,2)" classname="Philips.PMP.Test.Auto.ExportLogsHelperTest" time="0.003" status="1" />
    <testcase name="ExportLogsHelperGetDiagnosticLogDataTest (,,,)" classname="Philips.PMP.Test.Auto.ExportLogsHelperTest" time="0.028" status="1" />
    <testcase name="ExportLogsHelperGetDiagnosticLogDataTest (u$er,s3cr3t,Success.,)" classname="Philips.PMP.Test.Auto.ExportLogsHelperTest" time="0.013" status="1" />
    <testcase name="ExportLogsHelperGetDiagnosticLogDataTest (u$er,s3cr3t,Error.,BCP export error\:(\r*\n)\&quot;bcp\.exe\&quot; \&quot;EXEC \[Philips.PIC.Diagnostics\].dbo.Logging_GetByTime '(\d|-|\s|:|\w)+', '(\d|-|\s|:|\w)+'\&quot; queryout \&quot;(\w|:|\\|\/|\.|\s)+\&quot; -n -S server1\s+-U \&quot;u\$er\&quot; -P \*\*\*\*\*\*\*\*. Error.)" classname="Philips.PMP.Test.Auto.ExportLogsHelperTest" time="0.004" status="1" />
    <testcase name="ExportLogHelperConveysArchiveInformationToOtherHosts (True)" classname="Philips.PMP.Test.Auto.ExportLogsHelperTest" time="0.821" status="1" />
    <testcase name="ExportLogHelperConveysArchiveInformationToOtherHosts (False)" classname="Philips.PMP.Test.Auto.ExportLogsHelperTest" time="0.004" status="1" />
    <testcase name="ExportLogsHelperDoesntGenerateEmptyAuditFileExports" classname="Philips.PMP.Test.Auto.ExportLogsHelperTest" time="0.027" status="1" />
    <testcase name="ExportLogsHelperVerifyDiagnosticDbSchemaTest" classname="Philips.PMP.Test.Auto.ExportLogsHelperTest" time="0.014" status="1" />
    <testcase name="ExportLogsHelperGetAuthenticationParametersTest (,,-T)" classname="Philips.PMP.Test.Auto.ExportLogsHelperTest" time="0.022" status="1" />
    <testcase name="ExportLogsHelperGetAuthenticationParametersTest (,any,-T)" classname="Philips.PMP.Test.Auto.ExportLogsHelperTest" time="0.013" status="1" />
    <testcase name="ExportLogsHelperGetAuthenticationParametersTest (name,secret, -U &quot;name&quot; -P &quot;secret&quot;)" classname="Philips.PMP.Test.Auto.ExportLogsHelperTest" time="0.003" status="1" />
    <testcase name="ExportLogsHelperGetAuthenticationParametersTest (username,special$^&quot;@#%^&amp;*()_-+=characters!~`, -U &quot;username&quot; -P &quot;special$^&quot;&quot;@#%^&amp;*()_-+=characters!~`&quot;)" classname="Philips.PMP.Test.Auto.ExportLogsHelperTest" time="0.006" status="1" />
    <system-out />
    <system-err />
  </testsuite>
  <testsuite name="Philips.PMP.Test.Auto.AdtQualifierTest" hostname="RESTORMEL" package="not available" id="641" tests="8" failures="0" errors="0" skipped="0" time="0.096" timestamp="2023-12-13T03:29:42">
    <properties />
    <testcase name="AdtLicensedHostCallsValidate (InboundAdt)" classname="Philips.PMP.Test.Auto.AdtQualifierTest" time="0.002" status="1" />
    <testcase name="AdtLicensedHostCallsValidate (OutboundAdt)" classname="Philips.PMP.Test.Auto.AdtQualifierTest" time="0.001" status="1" />
    <testcase name="DoNotFailQualifierIfHIFIsConfiguredAndIfHostIsNotificationServerWithOption" classname="Philips.PMP.Test.Auto.AdtQualifierTest" time="0.004" status="1" />
    <testcase name="InboundAdtNoLicensedHostsNoDeviceSucceeds" classname="Philips.PMP.Test.Auto.AdtQualifierTest" time="0.034" status="1" />
    <testcase name="InboundAdtLicensedHostsWithNoDeviceWarns" classname="Philips.PMP.Test.Auto.AdtQualifierTest" time="0.014" status="1" />
    <testcase name="InboundAdtNoLicensedHostsWithADeviceWarns" classname="Philips.PMP.Test.Auto.AdtQualifierTest" time="0.023" status="1" />
    <testcase name="InboundAdtLicensedHostsWithDeviceCallsValidate" classname="Philips.PMP.Test.Auto.AdtQualifierTest" time="0.016" status="1" />
    <testcase name="OutboundAdtLicensedHostsCallsValidate" classname="Philips.PMP.Test.Auto.AdtQualifierTest" time="0.003" status="1" />
    <system-out />
    <system-err />
  </testsuite>
  <testsuite name="Philips.iX.FhirToPhysioDataConverter.Test.FhirToPhysioConverterTest" hostname="RESTORMEL" package="not available" id="642" tests="1" failures="0" errors="0" skipped="0" time="1.486" timestamp="2023-12-13T03:27:44">
    <properties />
    <testcase name="CanConvertFhirNumericToPhysioNumericValuesTest" classname="Philips.iX.FhirToPhysioDataConverter.Test.FhirToPhysioConverterTest" time="1.486" status="1" />
    <system-out />
    <system-err />
  </testsuite>
  <testsuite name="Philips.PMP.Test.Auto.DhcpProviderTest" hostname="RESTORMEL" package="not available" id="643" tests="11" failures="0" errors="0" skipped="0" time="1.451" timestamp="2023-12-13T03:31:36">
    <properties />
    <testcase name="DhcpScopeStore" classname="Philips.PMP.Test.Auto.DhcpProviderTest" time="0.022" status="1" />
    <testcase name="DhcpExtendLease" classname="Philips.PMP.Test.Auto.DhcpProviderTest" time="0.009" status="1" />
    <testcase name="NicRejectAndCreateNew" classname="Philips.PMP.Test.Auto.DhcpProviderTest" time="0.015" status="1" />
    <testcase name="DhcpScopeRangeFill" classname="Philips.PMP.Test.Auto.DhcpProviderTest" time="0.023" status="1" />
    <testcase name="NicGet" classname="Philips.PMP.Test.Auto.DhcpProviderTest" time="0.023" status="1" />
    <testcase name="IpRangeFill" classname="Philips.PMP.Test.Auto.DhcpProviderTest" time="0.350" status="1" />
    <testcase name="IpReuse" classname="Philips.PMP.Test.Auto.DhcpProviderTest" time="0.335" status="1" />
    <testcase name="NicGetByMacAndScope" classname="Philips.PMP.Test.Auto.DhcpProviderTest" time="0.009" status="1" />
    <testcase name="NicCreate" classname="Philips.PMP.Test.Auto.DhcpProviderTest" time="0.017" status="1" />
    <testcase name="IpNoAvailable" classname="Philips.PMP.Test.Auto.DhcpProviderTest" time="0.293" status="1" />
    <testcase name="DhcpScopeDelete" classname="Philips.PMP.Test.Auto.DhcpProviderTest" time="0.355" status="1" />
    <system-out />
    <system-err />
  </testsuite>
  <testsuite name="Philips.PMP.Test.Auto.BodyCalculationsControlHelperTest" hostname="RESTORMEL" package="not available" id="644" tests="6" failures="0" errors="0" skipped="0" time="0.014" timestamp="2023-12-13T03:34:43">
    <properties />
    <testcase name="BodyCalculationsHelperGetUnitsOfMeasureSetting (Centimeters,Kilograms,Boyd)" classname="Philips.PMP.Test.Auto.BodyCalculationsControlHelperTest" time="0.002" status="1" />
    <testcase name="BodyCalculationsHelperGetUnitsOfMeasureSetting (Inches,Pounds,Dubois)" classname="Philips.PMP.Test.Auto.BodyCalculationsControlHelperTest" time="0.001" status="1" />
    <testcase name="BodyCalculationsHelperGetUnitsOfMeasureSetting (Centimeters,Grams,Boyd)" classname="Philips.PMP.Test.Auto.BodyCalculationsControlHelperTest" time="0.001" status="1" />
    <testcase name="BodyCalculationsHelperGetPatientHeightChoices" classname="Philips.PMP.Test.Auto.BodyCalculationsControlHelperTest" time="0.004" status="1" />
    <testcase name="BodyCalculationsHelperGetPatientBsaFormulaChoices" classname="Philips.PMP.Test.Auto.BodyCalculationsControlHelperTest" time="0.004" status="1" />
    <testcase name="BodyCalculationsHelperGetPatientWeightChoices" classname="Philips.PMP.Test.Auto.BodyCalculationsControlHelperTest" time="0.003" status="1" />
    <system-out />
    <system-err />
  </testsuite>
  <testsuite name="Philips.PMP.Test.Auto.MultiLeadWindowControlCheckerTest" hostname="RESTORMEL" package="not available" id="645" tests="4" failures="0" errors="0" skipped="0" time="0.027" timestamp="2023-12-13T03:30:00">
    <properties />
    <testcase name="MultiLeadWindowControlCheckerShouldShowCapture (True,True,True,True)" classname="Philips.PMP.Test.Auto.MultiLeadWindowControlCheckerTest" time="0.013" status="1" />
    <testcase name="MultiLeadWindowControlCheckerShouldShowCapture (False,True,True,False)" classname="Philips.PMP.Test.Auto.MultiLeadWindowControlCheckerTest" time="0.006" status="1" />
    <testcase name="MultiLeadWindowControlCheckerShouldShowCapture (True,False,False,False)" classname="Philips.PMP.Test.Auto.MultiLeadWindowControlCheckerTest" time="0.006" status="1" />
    <testcase name="MultiLeadWindowControlCheckerShouldShowCapture (True,True,False,False)" classname="Philips.PMP.Test.Auto.MultiLeadWindowControlCheckerTest" time="0.003" status="1" />
    <system-out />
    <system-err />
  </testsuite>
  <testsuite name="Philips.PMP.Test.Auto.PhysioDataMgrTest" hostname="RESTORMEL" package="not available" id="646" tests="10" failures="0" errors="0" skipped="0" time="0.091" timestamp="2023-12-13T03:30:49">
    <properties />
    <testcase name="PhysioDataMgrWillRetryUponFailure" classname="Philips.PMP.Test.Auto.PhysioDataMgrTest" time="0.060" status="1" />
    <testcase name="IsWaveDataAvailableTest" classname="Philips.PMP.Test.Auto.PhysioDataMgrTest" time="0.003" status="1" />
    <testcase name="GetSpotCheckValidationCallsDuplexMgr" classname="Philips.PMP.Test.Auto.PhysioDataMgrTest" time="0.004" status="1" />
    <testcase name="GetDisposedPhyioDataMgr" classname="Philips.PMP.Test.Auto.PhysioDataMgrTest" time="0.004" status="1" />
    <testcase name="GetWaveStartTimeTest" classname="Philips.PMP.Test.Auto.PhysioDataMgrTest" time="0.000" status="1" />
    <testcase name="PhysioDataMgrGetsTimeMappingsWhenRequested (True)" classname="Philips.PMP.Test.Auto.PhysioDataMgrTest" time="0.002" status="1" />
    <testcase name="PhysioDataMgrGetsTimeMappingsWhenRequested (False)" classname="Philips.PMP.Test.Auto.PhysioDataMgrTest" time="0.002" status="1" />
    <testcase name="PhysioDataMgrModifiesNumericsTimesAsRequested (True,False)" classname="Philips.PMP.Test.Auto.PhysioDataMgrTest" time="0.003" status="1" />
    <testcase name="PhysioDataMgrModifiesNumericsTimesAsRequested (False,True)" classname="Philips.PMP.Test.Auto.PhysioDataMgrTest" time="0.002" status="1" />
    <testcase name="GetDefaultSpotCheckValidation" classname="Philips.PMP.Test.Auto.PhysioDataMgrTest" time="0.011" status="1" />
    <system-out />
    <system-err />
  </testsuite>
  <testsuite name="Philips.PMP.Test.Auto.FactoryAccountConfiguratorTest" hostname="RESTORMEL" package="not available" id="647" tests="4" failures="0" errors="0" skipped="0" time="0.037" timestamp="2023-12-13T03:30:00">
    <properties />
    <testcase name="Do (True,True)" classname="Philips.PMP.Test.Auto.FactoryAccountConfiguratorTest" time="0.017" status="1" />
    <testcase name="Do (True,False)" classname="Philips.PMP.Test.Auto.FactoryAccountConfiguratorTest" time="0.003" status="1" />
    <testcase name="Do (False,True)" classname="Philips.PMP.Test.Auto.FactoryAccountConfiguratorTest" time="0.016" status="1" />
    <testcase name="Do (False,False)" classname="Philips.PMP.Test.Auto.FactoryAccountConfiguratorTest" time="0.001" status="1" />
    <system-out />
    <system-err />
  </testsuite>
  <testsuite name="Philips.PMP.Test.Auto.DataAccessProtocolTest" hostname="RESTORMEL" package="not available" id="648" tests="3" failures="0" errors="0" skipped="0" time="0.275" timestamp="2023-12-13T03:29:51">
    <properties />
    <testcase name="DataAccessProtocolCacheTest" classname="Philips.PMP.Test.Auto.DataAccessProtocolTest" time="0.273" status="1" />
    <testcase name="ProtocolTextReceiverGetStringForTextIdTest" classname="Philips.PMP.Test.Auto.DataAccessProtocolTest" time="0.001" status="1" />
    <testcase name="ProtocolTransformationDirectoryTest" classname="Philips.PMP.Test.Auto.DataAccessProtocolTest" time="0.001" status="1" />
    <system-out />
    <system-err />
  </testsuite>
  <testsuite name="Philips.PMP.Test.Auto.LanDeviceAssignmentNotificationServiceTest" hostname="RESTORMEL" package="not available" id="649" tests="8" failures="0" errors="0" skipped="0" time="1.082" timestamp="2023-12-13T03:29:56">
    <properties />
    <testcase name="LanDeviceAssignmentNotificationServiceUsesFqdn (True)" classname="Philips.PMP.Test.Auto.LanDeviceAssignmentNotificationServiceTest" time="0.055" status="1" />
    <testcase name="LanDeviceAssignmentNotificationServiceUsesFqdn (False)" classname="Philips.PMP.Test.Auto.LanDeviceAssignmentNotificationServiceTest" time="0.044" status="1" />
    <testcase name="ServiceDoesNotSendUpdateIfNoPortIsSpecified" classname="Philips.PMP.Test.Auto.LanDeviceAssignmentNotificationServiceTest" time="0.047" status="1" />
    <testcase name="LanDeviceAssignmentNotificationServiceStartStop" classname="Philips.PMP.Test.Auto.LanDeviceAssignmentNotificationServiceTest" time="0.756" status="1" />
    <testcase name="LanDeviceAssignmentNotificationServiceUpdatesOnPatientAssignmentChange" classname="Philips.PMP.Test.Auto.LanDeviceAssignmentNotificationServiceTest" time="0.064" status="1" />
    <testcase name="ServiceSendsUpdateOnMdipCacheUpdate" classname="Philips.PMP.Test.Auto.LanDeviceAssignmentNotificationServiceTest" time="0.046" status="1" />
    <testcase name="ReportToApmService (True,1)" classname="Philips.PMP.Test.Auto.LanDeviceAssignmentNotificationServiceTest" time="0.033" status="1" />
    <testcase name="ReportToApmService (False,0)" classname="Philips.PMP.Test.Auto.LanDeviceAssignmentNotificationServiceTest" time="0.036" status="1" />
    <system-out />
    <system-err />
  </testsuite>
  <testsuite name="Philips.CareEvent.Test.RingtoneMetadataTest" hostname="RESTORMEL" package="not available" id="650" tests="13" failures="0" errors="0" skipped="0" time="0.091" timestamp="2023-12-13T03:28:16">
    <properties />
    <testcase name="RingtoneMetadataShouldParseWhenNormalFile" classname="Philips.CareEvent.Test.RingtoneMetadataTest" time="0.022" status="1" />
    <testcase name="RingtoneMetadataShouldParseSize (LargeSize,True)" classname="Philips.CareEvent.Test.RingtoneMetadataTest" time="0.009" status="1" />
    <testcase name="RingtoneMetadataShouldParseSize (NormalFile,False)" classname="Philips.CareEvent.Test.RingtoneMetadataTest" time="0.019" status="1" />
    <testcase name="RingtoneMetadataShouldParseHighBitRate (HighBitrate,True)" classname="Philips.CareEvent.Test.RingtoneMetadataTest" time="0.003" status="1" />
    <testcase name="RingtoneMetadataShouldParseHighBitRate (NormalFile,False)" classname="Philips.CareEvent.Test.RingtoneMetadataTest" time="0.001" status="1" />
    <testcase name="RingtoneMetadataShouldParseDuration (LargeDuration,True)" classname="Philips.CareEvent.Test.RingtoneMetadataTest" time="0.002" status="1" />
    <testcase name="RingtoneMetadataShouldParseDuration (NormalFile,False)" classname="Philips.CareEvent.Test.RingtoneMetadataTest" time="0.000" status="1" />
    <testcase name="RingtoneMetadataShouldParseBitDepth (_32bitFile,True)" classname="Philips.CareEvent.Test.RingtoneMetadataTest" time="0.013" status="1" />
    <testcase name="RingtoneMetadataShouldParseBitDepth (NormalFile,False)" classname="Philips.CareEvent.Test.RingtoneMetadataTest" time="0.000" status="1" />
    <testcase name="RingtoneMetadataShouldParseLowBitRate (LowBitRate,True)" classname="Philips.CareEvent.Test.RingtoneMetadataTest" time="0.014" status="1" />
    <testcase name="RingtoneMetadataShouldParseLowBitRate (NormalFile,False)" classname="Philips.CareEvent.Test.RingtoneMetadataTest" time="0.002" status="1" />
    <testcase name="RingtoneMetadataShouldFailParse (Mp3File)" classname="Philips.CareEvent.Test.RingtoneMetadataTest" time="0.002" status="1" />
    <testcase name="RingtoneMetadataShouldFailParse (EmptyFile)" classname="Philips.CareEvent.Test.RingtoneMetadataTest" time="0.003" status="1" />
    <system-out />
    <system-err />
  </testsuite>
  <testsuite name="Philips.PMP.Test.Auto.NlsCatalogServiceTest" hostname="RESTORMEL" package="not available" id="651" tests="9" failures="0" errors="0" skipped="0" time="1.567" timestamp="2023-12-13T03:29:56">
    <properties />
    <testcase name="NlsCatalogArbitrarySubstitutionsTest" classname="Philips.PMP.Test.Auto.NlsCatalogServiceTest" time="0.002" status="1" />
    <testcase name="NlsCatalogAlertTextBasedOnKindAndSeverityTest" classname="Philips.PMP.Test.Auto.NlsCatalogServiceTest" time="0.011" status="1" />
    <testcase name="NlsCatalogUnknownAlertGivesHelpText" classname="Philips.PMP.Test.Auto.NlsCatalogServiceTest" time="0.001" status="1" />
    <testcase name="NlsCatalogCheckRevisions" classname="Philips.PMP.Test.Auto.NlsCatalogServiceTest" time="1.490" status="1" />
    <testcase name="NlsCatalogVerifyFallbackWorks" classname="Philips.PMP.Test.Auto.NlsCatalogServiceTest" time="0.054" status="1" />
    <testcase name="NlsCatalogFoundAlertWithNoHelpTextGivesNoHelpText" classname="Philips.PMP.Test.Auto.NlsCatalogServiceTest" time="0.001" status="1" />
    <testcase name="NlsCatalogRelTimeAlarmSubstitutesCorrectlyAcousticResp" classname="Philips.PMP.Test.Auto.NlsCatalogServiceTest" time="0.004" status="1" />
    <testcase name="NlsCatalogAssertThatIfExtendedContextSubstitutionsCantBeFilledWeUseStandard" classname="Philips.PMP.Test.Auto.NlsCatalogServiceTest" time="0.003" status="1" />
    <testcase name="NlsCatalogMrxUnknownAlertTest" classname="Philips.PMP.Test.Auto.NlsCatalogServiceTest" time="0.001" status="1" />
    <system-out />
    <system-err />
  </testsuite>
  <testsuite name="Philips.PMP.Test.Auto.IheMessageProcessorTest" hostname="RESTORMEL" package="not available" id="652" tests="17" failures="0" errors="0" skipped="0" time="0.091" timestamp="2023-12-13T03:29:45">
    <properties />
    <testcase name="IntelliBridgeDeviceDataAlertSameCode" classname="Philips.PMP.Test.Auto.IheMessageProcessorTest" time="0.005" status="1" />
    <testcase name="IHEPCD01FollowedByPCD04SameChannelTest" classname="Philips.PMP.Test.Auto.IheMessageProcessorTest" time="0.001" status="1" />
    <testcase name="IHEMultipleChannelIsProcessedCorrectlyTest" classname="Philips.PMP.Test.Auto.IheMessageProcessorTest" time="0.014" status="1" />
    <testcase name="IHEMultipleChannelAlarmTest" classname="Philips.PMP.Test.Auto.IheMessageProcessorTest" time="0.002" status="1" />
    <testcase name="IheNbpBuildingTest (MSH|^~\&amp;|DATACAPTOR||||20230518171006.242-0400||ORU^R01^ORU_R01|Test_00021a76ecee0000005a|P|2.6|||NE|NE||UNICODE UTF-8|||IHE_PCD_001^IHE PCD^1.3.6.1.4.1.19376.1.6.1.1.1^ISO~IHEPCD0104_MDIL V1 EN Supp_11.6.0.247^CAPSULE|&#xD;&#xA;&#x9;&#x9;PID|||||^^^^^^U|&#xD;&#xA;&#x9;&#x9;PV1||I|NPBTest|OBX|114|NM|150022^MDC_PRESS_BLD_NONINV_DIA^MDC^^^^^^NBPd|1.9.1.2|100|265987^NOM_DIM_KPA^MDIL^^^^^^kPA|||||F|||20150120094100.000-0500||||NPBTest|&#xD;&#xA;&#x9;&#x9;OBR|1||55674645-9bb1-4228-a330-4c07b9b37237^CAPSULE^6D8F69E0C97743C9^EUI-64|182777000^monitoring of patient^SCT (PCD-1)|||20180731192651.000+0200|||Neuron|||Neuron||||||||BaxterIFMout_5.3.5_EV1000_Baxter_XYZ456&#xD;&#xA;&#x9;&#x9;OBX|1||69965^NOM_DEV_MON_PHYSIO_MULTI_PARAM_MDS^MDC|1.0.0.0|||||||X|||||||1234-56&#xD;&#xA;&#x9;&#x9;OBX|||70002^MDC_DEV_SYS_PT_VENT_VMD^MDC|1.1.0.0|||||||X|||||||DE12507943&#xD;&#xA;&#x9;&#x9;OBX|||70003^MDC_DEV_SYS_PT_VENT_CHAN^MDC|1.1.1.0|||||||X&#xD;&#xA;&#x9;&#x9;OBX||NM|150022^MDC_PRESS_BLD_NONINV_DIA^MDC^^^^^^NBPd|1.9.1.2|100|265987^NOM_DIM_KPA^MDIL^^^^^^kPA|20-120||||F|||20150120094100.000-0500||||NPBTest|&#xD;&#xA;&#x9;&#x9;OBX||NM|150021^MDC_PRESS_BLD_NONINV_SYS^MDC^^^^^^NBPs|1.9.1.3|120|265987^NOM_DIM_KPA^MDIL^^^^^^kPA|50-200||||F|||20150120094100.000-0500||||NPBTest|&#xD;&#xA;&#x9;&#x9;OBX||NM|150023^MDC_PRESS_BLD_NONINV_MEANL^MDC^^^^^^NBPd|1.9.1.4|80|265987^NOM_DIM_KPA^MDIL^^^^^^kPA|30-120||||F|||20150120094100.000-0500||||NPBTest|,3)" classname="Philips.PMP.Test.Auto.IheMessageProcessorTest" time="0.001" status="1" />
    <testcase name="IheNbpBuildingTest (MSH|^~\&amp;|DATACAPTOR||||20230518171006.242-0400||ORU^R01^ORU_R01|Test_00021a76ecee0000005a|P|2.6|||NE|NE||UNICODE UTF-8|||IHE_PCD_001^IHE PCD^1.3.6.1.4.1.19376.1.6.1.1.1^ISO~IHEPCD0104_MDIL V1 EN Supp_11.6.0.247^CAPSULE|&#xD;&#xA;&#x9;&#x9;PID|||||^^^^^^U|&#xD;&#xA;&#x9;&#x9;PV1||I|NPBTest|OBX|114|NM|150022^MDC_PRESS_BLD_NONINV_DIA^MDC^^^^^^NBPd|1.9.1.2|100|265987^NOM_DIM_KPA^MDIL^^^^^^kPA|||||F|||20150120094100.000-0500||||NPBTest|&#xD;&#xA;&#x9;&#x9;OBR|1||55674645-9bb1-4228-a330-4c07b9b37237^CAPSULE^6D8F69E0C97743C9^EUI-64|182777000^monitoring of patient^SCT (PCD-1)|||20180731192651.000+0200|||Neuron|||Neuron||||||||BaxterIFMout_5.3.5_EV1000_Baxter_XYZ456&#xD;&#xA;&#x9;&#x9;OBX|1||69965^NOM_DEV_MON_PHYSIO_MULTI_PARAM_MDS^MDC|1.0.0.0|||||||X|||||||1234-56&#xD;&#xA;&#x9;&#x9;OBX|||70002^MDC_DEV_SYS_PT_VENT_VMD^MDC|1.1.0.0|||||||X|||||||DE12507943&#xD;&#xA;&#x9;&#x9;OBX|||70003^MDC_DEV_SYS_PT_VENT_CHAN^MDC|1.1.1.0|||||||X&#xD;&#xA;&#x9;&#x9;OBX||NM|150022^MDC_PRESS_BLD_NONINV_DIA^MDC^^^^^^NBPd|1.9.1.2|100|265987^NOM_DIM_KPA^MDIL^^^^^^kPA|||||F|||20150120094100.000-0500||||NPBTest|&#xD;&#xA;&#x9;&#x9;OBX||NM|150021^MDC_PRESS_BLD_NONINV_SYS^MDC^^^^^^NBPs|1.9.1.3|120|265987^NOM_DIM_KPA^MDIL^^^^^^kPA|||||F|||20150120094100.000-0500||||NPBTest|&#xD;&#xA;&#x9;&#x9;OBX||NM|150023^MDC_PRESS_BLD_NONINV_MEANL^MDC^^^^^^NBPd|1.9.1.4|80|265987^NOM_DIM_KPA^MDIL^^^^^^kPA|30-120||||F|||20150120094100.000-0500||||NPBTest|,1)" classname="Philips.PMP.Test.Auto.IheMessageProcessorTest" time="0.001" status="1" />
    <testcase name="IHEMultipleDifferentChannelMultipleAlarmTest (MSH|^~\&amp;|DATACAPTOR||||20221216144425.351+0530||ORU^R40^ORU_R40|000119ad154900000144|P|2.6|||NE|NE||UNICODE UTF-8|||IHE_PCD_004^IHE PCD^1.3.6.1.4.1.19376.1.6.1.4.1^ISO~IHEPCD04_MDIL (genuine)_11.6.0.11595^CAPSULE|&#xD;&#xA;&#x9;&#x9;PID|||||^^^^^^U|&#xD;&#xA;&#x9;&#x9;PV1||I|{PV13Location}|&#xD;&#xA;&#x9;&#x9;OBR|1|1203^CAPSULE^3268B019E1B44157^EUI-64|1203^CAPSULE^3268B019E1B44157^EUI-64|196616^MDC_EVT_ALARM^MDC|||20221216144425.000+0530|||INGBTCPIC6MS057|||INGBTCPIC6MS057||||||||NellcorPuritanBennettE_5.4.10_NPB 840_Nellcor Puritan Bennett_{BD7662D2-3A26-4CE9-BE1C-568A8E479A28}||||||||^{796AE130-F582-4DCD-AD0B-8E7148C48229}&amp;CAPSULE&amp;3268B019E1B44157&amp;EUI-64|&#xD;&#xA;&#x9;&#x9;OBX|1||69985^MDC_DEV_PUMP_INFUS_MDS^MDC|1.0.0.0|||||||X|||||||Alaris neXus PK@5100-00074@1^AIC^ascom.com^DNS&#xD;&#xA;&#x9;&#x9;OBX|2||69986^MDC_DEV_PUMP_INFUS_VMD^MDC|1.1.0.0|||||||X&#xD;&#xA;&#x9;&#x9;OBX|16||69903^MDC_DEV_METER_TEMP_CHAN^^MDC|1.1.1.0|||||||X|||||||1&#xD;&#xA;&#x9;&#x9;OBX|4|CWE|196648^MDC_EVT_HI^MDIL|1.1.1.0.1|1073742880^NLS_DRV_GENERAL_ALERT_PHYS_ALERT_TOO_HIGH_PRIO_MEDIUM^NLS^^^^^^** Temp High| |||||F|||20180731192650.901+0200|&#xD;&#xA;&#x9;&#x9;OBX|17|NM|150344^MDC_TEMP^MDIL^^^^^^Temp|1.1.1.0.2|20|268192^MDC_DIM_DEGC^MDIL^^^^^^°C|||||F|||20180622133129.224+0200||||||1^NOM_BODY_LOCATION_SKIN^MDIL^^^^^^skin|1&#xD;&#xA;&#x9;&#x9;OBX|6|ST|68481^MDC_ATTR_EVENT_PHASE^MDC|1.1.1.0.3|start||||||F|||20180731192650.901+0200|&#xD;&#xA;&#x9;&#x9;OBX|7|ST|68482^MDC_ATTR_ALARM_STATE^MDC|1.1.1.0.4|active||||||F|||20180731192650.901+0200|&#xD;&#xA;&#x9;&#x9;OBX|8|ST|68483^MDC_ATTR_ALARM_INACTIVATION_STATE^MDC|1.1.1.0.5|enabled~enabled||||||F|||20180731192650.901+0200|&#xD;&#xA;&#x9;&#x9;OBX|9|ST|68484^MDC_ATTR_ALARM_PRIORITY^MDC|1.1.1.0.6|PM||||||F|||20180731192650.901+0200|&#xD;&#xA;&#x9;&#x9;OBX|10|ST|68485^MDC_ATTR_ALERT_TYPE^MDC|1.1.1.0.7|SP||||||F|||20180731192650.901+0200|,MSH|^~\&amp;|DATACAPTOR||||20221216144425.351+0530||ORU^R40^ORU_R40|000119ad154900000144|P|2.6|||NE|NE||UNICODE UTF-8|||IHE_PCD_004^IHE PCD^1.3.6.1.4.1.19376.1.6.1.4.1^ISO~IHEPCD04_MDIL (genuine)_11.6.0.11595^CAPSULE|&#xD;&#xA;&#x9;&#x9;PID|||||^^^^^^U|&#xD;&#xA;&#x9;&#x9;PV1||I|{PV13Location}|&#xD;&#xA;&#x9;&#x9;OBR|1|1203^CAPSULE^3268B019E1B44157^EUI-64|1203^CAPSULE^3268B019E1B44157^EUI-64|196616^MDC_EVT_ALARM^MDC|||20221216144425.000+0530|||INGBTCPIC6MS057|||INGBTCPIC6MS057||||||||NellcorPuritanBennettE_5.4.10_NPB 840_Nellcor Puritan Bennett_{BD7662D2-3A26-4CE9-BE1C-568A8E479A28}||||||||^{796AE130-F582-4DCD-AD0B-8E7148C48229}&amp;CAPSULE&amp;3268B019E1B44157&amp;EUI-64|&#xD;&#xA;&#x9;&#x9;OBX|1||69985^MDC_DEV_PUMP_INFUS_MDS^MDC|1.0.0.0|||||||X|||||||Alaris neXus PK@5100-00074@1^AIC^ascom.com^DNS&#xD;&#xA;&#x9;&#x9;OBX|2||69986^MDC_DEV_PUMP_INFUS_VMD^MDC|1.1.0.0|||||||X&#xD;&#xA;&#x9;&#x9;OBX|16||69903^MDC_DEV_METER_TEMP_CHAN^^MDC|1.1.1.0|||||||X|||||||2&#xD;&#xA;&#x9;&#x9;OBX|4|CWE|196648^MDC_EVT_HI^MDIL|1.1.1.0.1|1073742880^NLS_DRV_GENERAL_ALERT_PHYS_ALERT_TOO_HIGH_PRIO_MEDIUM^NLS^^^^^^** Temp Really High| |||||F|||20180731192650.901+0200|&#xD;&#xA;&#x9;&#x9;OBX|17|NM|150344^MDC_TEMP^MDIL^^^^^^Temp|1.1.1.0.2|20|268192^MDC_DIM_DEGC^MDIL^^^^^^°C|||||F|||20180622133129.224+0200||||||1^NOM_BODY_LOCATION_SKIN^MDIL^^^^^^skin|1&#xD;&#xA;&#x9;&#x9;OBX|6|ST|68481^MDC_ATTR_EVENT_PHASE^MDC|1.1.1.0.3|start||||||F|||20180731192650.901+0200|&#xD;&#xA;&#x9;&#x9;OBX|7|ST|68482^MDC_ATTR_ALARM_STATE^MDC|1.1.1.0.4|active||||||F|||20180731192650.901+0200|&#xD;&#xA;&#x9;&#x9;OBX|8|ST|68483^MDC_ATTR_ALARM_INACTIVATION_STATE^MDC|1.1.1.0.5|enabled~enabled||||||F|||20180731192650.901+0200|&#xD;&#xA;&#x9;&#x9;OBX|9|ST|68484^MDC_ATTR_ALARM_PRIORITY^MDC|1.1.1.0.6|PM||||||F|||20180731192650.901+0200|&#xD;&#xA;&#x9;&#x9;OBX|10|ST|68485^MDC_ATTR_ALERT_TYPE^MDC|1.1.1.0.7|SP||||||F|||20180731192650.901+0200|,2)" classname="Philips.PMP.Test.Auto.IheMessageProcessorTest" time="0.002" status="1" />
    <testcase name="IHEMultipleDifferentChannelMultipleAlarmTest (MSH|^~\&amp;|DATACAPTOR||||20221216144425.351+0530||ORU^R40^ORU_R40|000119ad154900000144|P|2.6|||NE|NE||UNICODE UTF-8|||IHE_PCD_004^IHE PCD^1.3.6.1.4.1.19376.1.6.1.4.1^ISO~IHEPCD04_MDIL (genuine)_11.6.0.11595^CAPSULE|&#xD;&#xA;&#x9;&#x9;PID|||||^^^^^^U|&#xD;&#xA;&#x9;&#x9;PV1||I|{PV13Location}|&#xD;&#xA;&#x9;&#x9;OBR|1|1203^CAPSULE^3268B019E1B44157^EUI-64|1203^CAPSULE^3268B019E1B44157^EUI-64|196616^MDC_EVT_ALARM^MDC|||20221216144425.000+0530|||INGBTCPIC6MS057|||INGBTCPIC6MS057||||||||NellcorPuritanBennettE_5.4.10_NPB 840_Nellcor Puritan Bennett_{BD7662D2-3A26-4CE9-BE1C-568A8E479A28}||||||||^{796AE130-F582-4DCD-AD0B-8E7148C48229}&amp;CAPSULE&amp;3268B019E1B44157&amp;EUI-64|&#xD;&#xA;&#x9;&#x9;OBX|1||69985^MDC_DEV_PUMP_INFUS_MDS^MDC|1.0.0.0|||||||X|||||||Alaris neXus PK@5100-00074@1^AIC^ascom.com^DNS&#xD;&#xA;&#x9;&#x9;OBX|2||69986^MDC_DEV_PUMP_INFUS_VMD^MDC|1.1.0.0|||||||X&#xD;&#xA;&#x9;&#x9;OBX|16||69903^MDC_DEV_METER_TEMP_CHAN^^MDC|1.1.1.0|||||||X|||||||1&#xD;&#xA;&#x9;&#x9;OBX|4|CWE|196648^MDC_EVT_HI^MDIL|1.1.1.0.1|1073742880^NLS_DRV_GENERAL_ALERT_PHYS_ALERT_TOO_HIGH_PRIO_MEDIUM^NLS^^^^^^** Temp High| |||||F|||20180731192650.901+0200|&#xD;&#xA;&#x9;&#x9;OBX|17|NM|150344^MDC_TEMP^MDIL^^^^^^Temp|1.1.1.0.2|20|268192^MDC_DIM_DEGC^MDIL^^^^^^°C|||||F|||20180622133129.224+0200||||||1^NOM_BODY_LOCATION_SKIN^MDIL^^^^^^skin|1&#xD;&#xA;&#x9;&#x9;OBX|6|ST|68481^MDC_ATTR_EVENT_PHASE^MDC|1.1.1.0.3|start||||||F|||20180731192650.901+0200|&#xD;&#xA;&#x9;&#x9;OBX|7|ST|68482^MDC_ATTR_ALARM_STATE^MDC|1.1.1.0.4|active||||||F|||20180731192650.901+0200|&#xD;&#xA;&#x9;&#x9;OBX|8|ST|68483^MDC_ATTR_ALARM_INACTIVATION_STATE^MDC|1.1.1.0.5|enabled~enabled||||||F|||20180731192650.901+0200|&#xD;&#xA;&#x9;&#x9;OBX|9|ST|68484^MDC_ATTR_ALARM_PRIORITY^MDC|1.1.1.0.6|PM||||||F|||20180731192650.901+0200|&#xD;&#xA;&#x9;&#x9;OBX|10|ST|68485^MDC_ATTR_ALERT_TYPE^MDC|1.1.1.0.7|SP||||||F|||20180731192650.901+0200|,MSH|^~\&amp;|DATACAPTOR||||20221216144425.351+0530||ORU^R40^ORU_R40|000119ad154900000144|P|2.6|||NE|NE||UNICODE UTF-8|||IHE_PCD_004^IHE PCD^1.3.6.1.4.1.19376.1.6.1.4.1^ISO~IHEPCD04_MDIL (genuine)_11.6.0.11595^CAPSULE|&#xD;&#xA;&#x9;&#x9;PID|||||^^^^^^U|&#xD;&#xA;&#x9;&#x9;PV1||I|{PV13Location}|&#xD;&#xA;&#x9;&#x9;OBR|1|1203^CAPSULE^3268B019E1B44157^EUI-64|1203^CAPSULE^3268B019E1B44157^EUI-64|196616^MDC_EVT_ALARM^MDC|||20221216144425.000+0530|||INGBTCPIC6MS057|||INGBTCPIC6MS057||||||||NellcorPuritanBennettE_5.4.10_NPB 840_Nellcor Puritan Bennett_{BD7662D2-3A26-4CE9-BE1C-568A8E479A28}||||||||^{796AE130-F582-4DCD-AD0B-8E7148C48229}&amp;CAPSULE&amp;3268B019E1B44157&amp;EUI-64|&#xD;&#xA;&#x9;&#x9;OBX|1||69985^MDC_DEV_PUMP_INFUS_MDS^MDC|1.0.0.0|||||||X|||||||Alaris neXus PK@5100-00074@1^AIC^ascom.com^DNS&#xD;&#xA;&#x9;&#x9;OBX|2||69986^MDC_DEV_PUMP_INFUS_VMD^MDC|1.1.0.0|||||||X&#xD;&#xA;&#x9;&#x9;OBX|16||69903^MDC_DEV_METER_TEMP_CHAN^^MDC|1.1.1.0|||||||X|||||||1&#xD;&#xA;&#x9;&#x9;OBX|4|CWE|196648^MDC_EVT_HI^MDIL|1.1.1.0.1|1073742880^NLS_DRV_GENERAL_ALERT_PHYS_ALERT_TOO_HIGH_PRIO_MEDIUM^NLS^^^^^^** Temp High| |||||F|||20180731192650.901+0200|&#xD;&#xA;&#x9;&#x9;OBX|17|NM|150344^MDC_TEMP^MDIL^^^^^^Temp|1.1.1.0.2|20|268192^MDC_DIM_DEGC^MDIL^^^^^^°C|||||F|||20180622133129.224+0200||||||1^NOM_BODY_LOCATION_SKIN^MDIL^^^^^^skin|1&#xD;&#xA;&#x9;&#x9;OBX|6|ST|68481^MDC_ATTR_EVENT_PHASE^MDC|1.1.1.0.3|start||||||F|||20180731192650.901+0200|&#xD;&#xA;&#x9;&#x9;OBX|7|ST|68482^MDC_ATTR_ALARM_STATE^MDC|1.1.1.0.4|active||||||F|||20180731192650.901+0200|&#xD;&#xA;&#x9;&#x9;OBX|8|ST|68483^MDC_ATTR_ALARM_INACTIVATION_STATE^MDC|1.1.1.0.5|enabled~enabled||||||F|||20180731192650.901+0200|&#xD;&#xA;&#x9;&#x9;OBX|9|ST|68484^MDC_ATTR_ALARM_PRIORITY^MDC|1.1.1.0.6|PM||||||F|||20180731192650.901+0200|&#xD;&#xA;&#x9;&#x9;OBX|10|ST|68485^MDC_ATTR_ALERT_TYPE^MDC|1.1.1.0.7|SP||||||F|||20180731192650.901+0200|,1)" classname="Philips.PMP.Test.Auto.IheMessageProcessorTest" time="0.004" status="1" />
    <testcase name="IHEMultipleDifferentChannelMultipleAlarmTest (MSH|^~\&amp;|DATACAPTOR||||20221216144425.351+0530||ORU^R40^ORU_R40|000119ad154900000144|P|2.6|||NE|NE||UNICODE UTF-8|||IHE_PCD_004^IHE PCD^1.3.6.1.4.1.19376.1.6.1.4.1^ISO~IHEPCD04_MDIL (genuine)_11.6.0.11595^CAPSULE|&#xD;&#xA;&#x9;&#x9;PID|||||^^^^^^U|&#xD;&#xA;&#x9;&#x9;PV1||I|{PV13Location}|&#xD;&#xA;&#x9;&#x9;OBR|1|1203^CAPSULE^3268B019E1B44157^EUI-64|1203^CAPSULE^3268B019E1B44157^EUI-64|196616^MDC_EVT_ALARM^MDC|||20221216144425.000+0530|||INGBTCPIC6MS057|||INGBTCPIC6MS057||||||||NellcorPuritanBennettE_5.4.10_NPB 840_Nellcor Puritan Bennett_{BD7662D2-3A26-4CE9-BE1C-568A8E479A28}||||||||^{796AE130-F582-4DCD-AD0B-8E7148C48229}&amp;CAPSULE&amp;3268B019E1B44157&amp;EUI-64|&#xD;&#xA;&#x9;&#x9;OBX|1||69985^MDC_DEV_PUMP_INFUS_MDS^MDC|1.0.0.0|||||||X|||||||Alaris neXus PK@5100-00074@1^AIC^ascom.com^DNS&#xD;&#xA;&#x9;&#x9;OBX|2||69986^MDC_DEV_PUMP_INFUS_VMD^MDC|1.1.0.0|||||||X&#xD;&#xA;&#x9;&#x9;OBX|16||69903^MDC_DEV_METER_TEMP_CHAN^^MDC|1.1.1.0|||||||X|||||||1&#xD;&#xA;&#x9;&#x9;OBX|4|CWE|196648^MDC_EVT_HI^MDIL|1.1.1.0.1|1073742880^NLS_DRV_GENERAL_ALERT_PHYS_ALERT_TOO_HIGH_PRIO_MEDIUM^NLS^^^^^^** Temp High| |||||F|||20180731192650.901+0200|&#xD;&#xA;&#x9;&#x9;OBX|17|NM|150344^MDC_TEMP^MDIL^^^^^^Temp|1.1.1.0.2|20|268192^MDC_DIM_DEGC^MDIL^^^^^^°C|||||F|||20180622133129.224+0200||||||1^NOM_BODY_LOCATION_SKIN^MDIL^^^^^^skin|1&#xD;&#xA;&#x9;&#x9;OBX|6|ST|68481^MDC_ATTR_EVENT_PHASE^MDC|1.1.1.0.3|start||||||F|||20180731192650.901+0200|&#xD;&#xA;&#x9;&#x9;OBX|7|ST|68482^MDC_ATTR_ALARM_STATE^MDC|1.1.1.0.4|active||||||F|||20180731192650.901+0200|&#xD;&#xA;&#x9;&#x9;OBX|8|ST|68483^MDC_ATTR_ALARM_INACTIVATION_STATE^MDC|1.1.1.0.5|enabled~enabled||||||F|||20180731192650.901+0200|&#xD;&#xA;&#x9;&#x9;OBX|9|ST|68484^MDC_ATTR_ALARM_PRIORITY^MDC|1.1.1.0.6|PM||||||F|||20180731192650.901+0200|&#xD;&#xA;&#x9;&#x9;OBX|10|ST|68485^MDC_ATTR_ALERT_TYPE^MDC|1.1.1.0.7|SP||||||F|||20180731192650.901+0200|,MSH|^~\&amp;|DATACAPTOR||||20221216144425.351+0530||ORU^R40^ORU_R40|000119ad154900000144|P|2.6|||NE|NE||UNICODE UTF-8|||IHE_PCD_004^IHE PCD^1.3.6.1.4.1.19376.1.6.1.4.1^ISO~IHEPCD04_MDIL (genuine)_11.6.0.11595^CAPSULE|&#xD;&#xA;&#x9;&#x9;PID|||||^^^^^^U|&#xD;&#xA;&#x9;&#x9;PV1||I|{PV13Location}|&#xD;&#xA;&#x9;&#x9;OBR|1|1203^CAPSULE^3268B019E1B44157^EUI-64|1203^CAPSULE^3268B019E1B44157^EUI-64|196616^MDC_EVT_ALARM^MDC|||20221216144425.000+0530|||INGBTCPIC6MS057|||INGBTCPIC6MS057||||||||NellcorPuritanBennettE_5.4.10_NPB 840_Nellcor Puritan Bennett_{BD7662D2-3A26-4CE9-BE1C-568A8E479A28}||||||||^{796AE130-F582-4DCD-AD0B-8E7148C48229}&amp;CAPSULE&amp;3268B019E1B44157&amp;EUI-64|&#xD;&#xA;&#x9;&#x9;OBX|1||69985^MDC_DEV_PUMP_INFUS_MDS^MDC|1.0.0.0|||||||X|||||||Alaris neXus PK@5100-00074@1^AIC^ascom.com^DNS&#xD;&#xA;&#x9;&#x9;OBX|2||129726^NOM_DEV_CONTEX_VMD^MDIL|1.1.0.0|||||||X|||||||840 1234567892|&#xD;&#xA;&#x9;&#x9;OBX|16||69903^MDC_DEV_METER_TEMP_CHAN^^MDC|1.1.1.0|||||||X|||||||1&#xD;&#xA;&#x9;&#x9;OBX|4|CWE|196648^MDC_EVT_HI^MDIL|1.1.1.0.1|1073742880^NLS_DRV_GENERAL_ALERT_PHYS_ALERT_TOO_HIGH_PRIO_MEDIUM^NLS^^^^^^** Temp High| |||||F|||20180731192650.901+0200|&#xD;&#xA;&#x9;&#x9;OBX|17|NM|150344^MDC_TEMP^MDIL^^^^^^Temp|1.1.1.0.2|20|268192^MDC_DIM_DEGC^MDIL^^^^^^°C|||||F|||20180622133129.224+0200||||||1^NOM_BODY_LOCATION_SKIN^MDIL^^^^^^skin|1&#xD;&#xA;&#x9;&#x9;OBX|6|ST|68481^MDC_ATTR_EVENT_PHASE^MDC|1.1.1.0.3|start||||||F|||20180731192650.901+0200|&#xD;&#xA;&#x9;&#x9;OBX|7|ST|68482^MDC_ATTR_ALARM_STATE^MDC|1.1.1.0.4|active||||||F|||20180731192650.901+0200|&#xD;&#xA;&#x9;&#x9;OBX|8|ST|68483^MDC_ATTR_ALARM_INACTIVATION_STATE^MDC|1.1.1.0.5|enabled~enabled||||||F|||20180731192650.901+0200|&#xD;&#xA;&#x9;&#x9;OBX|9|ST|68484^MDC_ATTR_ALARM_PRIORITY^MDC|1.1.1.0.6|PM||||||F|||20180731192650.901+0200|&#xD;&#xA;&#x9;&#x9;OBX|10|ST|68485^MDC_ATTR_ALERT_TYPE^MDC|1.1.1.0.7|SP||||||F|||20180731192650.901+0200|,2)" classname="Philips.PMP.Test.Auto.IheMessageProcessorTest" time="0.001" status="1" />
    <testcase name="IHEMessageProcessorTest (MSH|^~\&amp;|CONNECT|UMS|||20220614062102+0200||ORU^R01^ORU_R01|PCD-01_20220614042102219811|P|2.6|||AL|NE|||EN^English^ISO639||IHE_PCD_001^IHE PCD^1.3.6.1.4.1.19376.1.6.1.1.1^ISO&#xD;&#xA;&#x9;&#x9;PID|||Bed3^^^AIC^U||Bed3^^^^^^U&#xD;&#xA;&#x9;&#x9;PV1|2|I|{uniqueId}|1|&#xD;&#xA;&#x9;&#x9;OBR|1|ICU@Bed3@Alaris PK@8005-05758^AIC^ascom.com^DNS|ICU@Bed3@Alaris PK@8005-05758^AIC^ascom.com^DNS|ICU@Bed3@Alaris PK@8005-05758^Alfentanil|||20220614062100.108+0200&#xD;&#xA;&#x9;&#x9;OBX|1||69985^MDC_DEV_PUMP_INFUS_MDS^MDC|1.0.0.0|||||||X|||||||Alaris PK@8005-05758@1^AIC^ascom.com^DNS&#xD;&#xA;&#x9;&#x9;OBX|2||69986^MDC_DEV_PUMP_INFUS_VMD^MDC|1.1.0.0|||||||X&#xD;&#xA;&#x9;&#x9;OBX|4||126978^MDC_DEV_PUMP_INFUS_CHAN_DELIVERY^MDC|1.1.1.0|||||||X&#xD;&#xA;&#x9;&#x9;OBX|3|CWE|188772^MDC_COMM_STATUS^MDC|1.1.0.1|^comm-status-online^MDC||||||X&#xD;&#xA;&#x9;&#x9;OBX|5|CWE|184504^MDC_PUMP_MODE^MDC|1.1.1.11|^pump-mode-continuous^MDC||||||R&#xD;&#xA;&#x9;&#x9;OBX|6|CWE|184519^MDC_PUMP_INFUSING_STATUS^MDC|1.1.1.12|^pump-status-infusing^MDC||||||R&#xD;&#xA;&#x9;&#x9;OBX|7|NM|157784^MDC_FLOW_FLUID_PUMP^MDC|1.1.1.13|7.23|mL/h^mL/h^UCUM|||||R&#xD;&#xA;&#x9;&#x9;OBX|8|NM|157993^MDC_VOL_FLUID_DELIV_TOTAL^MDC|1.1.1.14|7.793|mL^mL^UCUM|||||R&#xD;&#xA;&#x9;&#x9;OBX|9|NM|0^MDCX_PUMP_PK_PC^MDC|1.1.1.16|19.9944|ng/mL^ng/mL^UCUM|||||R&#xD;&#xA;&#x9;&#x9;OBX|10|NM|0^MDCX_PUMP_PK_EC^MDC|1.1.1.17|19.9987|ng/mL^ng/mL^UCUM|||||R&#xD;&#xA;&#x9;&#x9;OBX|11|CWE|0^MDC_DEV_PUMP_ACTIVE_SOURCES^MDC|1.1.1.18|^pump-source-info-primary^MDC||||||R&#xD;&#xA;&#x9;&#x9;OBX|12||126977^MDC_DEV_PUMP_INFUS_CHAN_SOURCE^MDC|1.1.2.0|||||||X&#xD;&#xA;&#x9;&#x9;OBX|13|ST|184514^MDC_DRUG_NAME_LABEL^MDC|1.1.2.11|Alfentanil||||||R&#xD;&#xA;&#x9;&#x9;OBX|14|NM|157760^MDC_CONC_DRUG^MDC|1.1.2.12|100.00|mcg/mL^mcg/mL^UCUM|||||R&#xD;&#xA;&#x9;&#x9;OBX|15|NM|157784^MDC_FLOW_FLUID_PUMP^MDC|1.1.2.13|7.23|mL/h^mL/h^UCUM|||||R&#xD;&#xA;&#x9;&#x9;OBX|16|NM|157924^MDC_RATE_DOSE^MDC|1.1.2.14|0.17|mcg/kg/min^mcg/kg/min^UCUM|||||R&#xD;&#xA;&#x9;&#x9;OBX|17|NM|157864^MDC_VOL_FLUID_DELIV^MDC|1.1.2.15|0.010|mL^mL^UCUM|||||R&#xD;&#xA;&#x9;&#x9;OBX|18|NM|157993^MDC_VOL_FLUID_DELIV_TOTAL^MDC|1.1.2.16|7.793|mL^mL^UCUM|||||R&#xD;&#xA;&#x9;&#x9;OBX|19|NM|157872^MDC_VOL_FLUID_TBI_REMAIN^MDC|1.1.2.17||mL^mL^UCUM|||||X&#xD;&#xA;&#x9;&#x9;OBX|20|NM|157916^MDC_TIME_PD_REMAIN^MDC|1.1.2.18|314|min^min^UCUM|||||R&#xD;&#xA;&#x9;&#x9;OBX|21|NM|68063^MDC_ATTR_PT_WEIGHT^MDC|1.1.2.19|70.00|kg^kg^UCUM|||||R&#xD;&#xA;&#x9;&#x9;OBX|22|ST|0^MDCX_PUMP_PK_DRUGMODEL^MDC|1.1.2.21|Alfentanil_Maitre||||||R&#xD;&#xA;&#x9;&#x9;OBX|23|ST|0^MDCX_PUMP_PK_TARGETMODE^MDC|1.1.2.22|P||||||R&#xD;&#xA;&#x9;&#x9;OBX|24|NM|0^MDCX_PUMP_PK_TARGET^MDC|1.1.2.23|20.0000|ng/mL^ng/mL^UCUM|||||R&#xD;&#xA;&#x9;&#x9;OBX|25|ST|70055^MDC_DEV_PUMP_INFUS_SYRINGE_CHAN^MDC|1.1.4.0|||||||X&#xD;&#xA;&#x9;&#x9;OBX|26|ST|184488^MDC_SYRINGE_MANUFACTURER^MDC|1.1.4.10|IVAC||||||R&#xD;&#xA;&#x9;&#x9;OBX|27|NM|157880^MDC_VOL_SYRINGE^MDC|1.1.4.11|50|mL^mL^UCUM|||||R,BDAIC,1,6,6)" classname="Philips.PMP.Test.Auto.IheMessageProcessorTest" time="0.007" status="1" />
    <testcase name="IHEMessageProcessorTest (MSH|^~\&amp;|||||20201201141507.982-0500||ORU^R01^ORU_R01|HP1201141507.982PH2UA91414CR6|P|2.6|||AL|NE||8859/1|EN^English^ISO639||IHE_PCD_001^IHE PCD^1.3.6.1.4.1.19376.1.6.1.1.1^ISO&#xD;&#xA;&#x9;&#x9;PID|||&quot;^^^Philips^MR||&quot;^&quot;^&quot;^^^^L||&quot;|&quot;&#xD;&#xA;&#x9;&#x9;PV1||I|My Unit^^Be001&#xD;&#xA;&#x9;&#x9;OBR|||0009fbFFFF78373b^^^EUI-64|69965^MDC_DEV_MON_PHYSIO_MULTI_PARAM_MDS^MDC|||20201201141507.915-0500&#xD;&#xA;&#x9;&#x9;OBX|||69965^MDC_DEV_MON_PHYSIO_MULTI_PARAM_MDS^MDC|1.0.0.0|||||||X|||||||34f0c2ae-e930-4806-b7ed-b65e88cbeacb-IntelliVue MX800 - 865240&#xD;&#xA;&#x9;&#x9;OBX|||70002^MDC_DEV_SYS_PT_VENT_VMD^MDC|1.1.0.0|||||||X|||||||DE12507943&#xD;&#xA;&#x9;&#x9;OBX|||70003^MDC_DEV_SYS_PT_VENT_CHAN^MDC|1.1.1.0|||||||X&#xD;&#xA;&#x9;&#x9;OBX||NM|2158686310^NLS_VUELINK_FLX1_NPS_TEXT_NUM2^MDC^^^^^^breath|1.1.1.3|80|262656^MDC_DIM_DIMLESS^MDC|||||F&#xD;&#xA;&#x9;&#x9;OBX||ST|2158686308^NLS_VUELINK_FLX1_NPS_TEXT_NUM1^MDC^^^^^^PuStat|1.3.1.6|Infusing||||||R|||20180622133129.224+0200|,CapsuleMDIP,1,1,1)" classname="Philips.PMP.Test.Auto.IheMessageProcessorTest" time="0.001" status="1" />
    <testcase name="IHEMessageProcessorTest (MSH|^~\&amp;|CONNECT|UMS|||20220614062102+0200||ORU^R01^ORU_R01|PCD-01_20220614042102219811|P|2.6|||AL|NE|||EN^English^ISO639||IHE_PCD_001^IHE PCD^1.3.6.1.4.1.19376.1.6.1.1.1^ISO&#xD;&#xA;&#x9;&#x9;PID|||&quot;^^^Philips^MR||&quot;^&quot;^&quot;^^^^L||&quot;|&quot;&#xD;&#xA;&#x9;&#x9;PV1||I|My Unit^^Be001&#xD;&#xA;&#x9;&#x9;OBR|||0009fbFFFF78373b^^^EUI-64|69965^MDC_DEV_MON_PHYSIO_MULTI_PARAM_MDS^MDC|||20201201141507.915-0500&#xD;&#xA;&#x9;&#x9;OBX|||69965^MDC_DEV_MON_PHYSIO_MULTI_PARAM_MDS^MDC|1.0.0.0|||||||X|||||||34f0c2ae-e930-4806-b7ed-b65e88cbeacb-IntelliVue MX800 - 865240&#xD;&#xA;&#x9;&#x9;OBX|||70002^MDC_DEV_SYS_PT_VENT_VMD^MDC|1.1.0.0|||||||X|||||||DE12507943&#xD;&#xA;&#x9;&#x9;OBX|||70003^MDC_DEV_SYS_PT_VENT_CHAN^MDC|1.1.1.0|||||||X&#xD;&#xA;&#x9;&#x9;OBX||NM|wrong^MDC_RESP_TIME_CONSTANT_EXP^MDC|1.1.1.2|22|264320^MDC_DIM_SEC^MDC|&gt;10||||F &#xD;&#xA;&#x9;&#x9;OBX|18|NM|157916^MDC_TIME_PD_REMAIN^MDC|1.1.2.210|602|264352^MDC_DIM_MIN^MDC^min^min^UCUM|||||R,CapsuleMDIP,1,1,0)" classname="Philips.PMP.Test.Auto.IheMessageProcessorTest" time="0.001" status="1" />
    <testcase name="IHEMessageProcessorTest (MSH|^~\&amp;|CONNECT|UMS|||20220614062102+0200||ORU^R01^ORU_R01|PCD-01_20220614042102219811|P|2.6|||AL|NE|||EN^English^ISO639||IHE_PCD_001^IHE PCD^1.3.6.1.4.1.19376.1.6.1.1.1^ISO&#xD;&#xA;&#x9;&#x9;PID|||&quot;^^^Philips^MR||&quot;^&quot;^&quot;^^^^L||&quot;|&quot;&#xD;&#xA;&#x9;&#x9;PV1||I|My Unit^^Be001&#xD;&#xA;&#x9;&#x9;OBR|||0009fbFFFF78373b^^^EUI-64|69965^MDC_DEV_MON_PHYSIO_MULTI_PARAM_MDS^MDC|||20201201141507.915-0500,CapsuleMDIP,0,0,0)" classname="Philips.PMP.Test.Auto.IheMessageProcessorTest" time="0.009" status="1" />
    <testcase name="IHEMessageProcessorTest (MSH|^~\&amp;|PAT_DEVICE_BBRAUN^0012211839000001^EUI-64|BBRAUN|DOC_AM_TEST|BB1|20220523142113+0000||ORU^R01^ORU_R01|63788912473382465025|P|2.6|||AL|NE||ASCII|en^English^ISO639||IHE_PCD_001^IHE PCD^1.3.6.1.4.1.19376.1.6.4.1^ISO&#xD;&#xA;&#x9;&#x9;PID|||Unknown Patient^Unknown Patient||^^^^^^U||||||||||||||||||||||||||Y&#xD;&#xA;&#x9;&#x9;OBR|1|029d53e1-daa3-11ec-8487-c0ee400d168f^PAT_DEVICE_BBRAUN^0012211839000001^EUI-64|029d53e1-daa3-11ec-8487-c0ee400d168f^PAT_DEVICE_BBRAUN^0012211839000001^EUI-64|Dobutamine^Dobutamine|||20220523142039+0000&#xD;&#xA;&#x9;&#x9;OBX|1||70053^MDC_DEV_PUMP_INFUS_SYRINGE_MDS^MDC|1.0.0.0|||||||X|||||||P2450^^0012210000000000^EUI-64&#xD;&#xA;&#x9;&#x9;OBX|2||70054^MDC_DEV_PUMP_INFUS_SYRINGE_VMD^MDC|1.1.0.0|||||||X&#xD;&#xA;&#x9;&#x9;OBX|8||70067^MDC_DEV_PUMP_DELIVERY_INFO^MDC|1.1.1.0|||||||X&#xD;&#xA;&#x9;&#x9;OBX|9|ST|0^MDC_ATTR_PUMP_PILLAR_DETAILS^MDC|1.1.0.24|0^0||||||F|||||||{uniqueId}&#xD;&#xA;&#x9;&#x9;OBX|9|CWE|184519^MDC_PUMP_INFUSING_STATUS^MDC|1.1.1.1|^pump-status-infusing||||||R&#xD;&#xA;&#x9;&#x9;OBX|10|NM|158014^MDC_FLOW_FLUID_PUMP_CURRENT^MDC|1.1.1.2|18|265266^MDC_DIM_MILLI_L_PER_HR^MDC^mL/h^mL/h^UCUM|||||R&#xD;&#xA;&#x9;&#x9;OBX|11|CWE|158016^MDC_DEV_PUMP_ACTIVE_SOURCES^MDC|1.1.1.3|^pump-source-info-primary||||||R&#xD;&#xA;&#x9;&#x9;OBX|12||70071^MDC_DEV_PUMP_INFUSATE_SOURCE_PRIMARY^MDC|1.1.2.0|||||||X&#xD;&#xA;&#x9;&#x9;OBX|13|ST|158012^MDC_DEV_PUMP_SOURCE_CHANNEL_LABEL^MDC|1.1.2.1|Primary||||||R&#xD;&#xA;&#x9;&#x9;OBX|14|ST|184514^MDC_DRUG_NAME_LABEL^MDC|1.1.2.2|Dobutamine||||||R&#xD;&#xA;&#x9;&#x9;OBX|15|ST|184516^MDC_PUMP_DRUG_LIBRARY_CARE_AREA^MDC|1.1.2.4|Global Surgery||||||R&#xD;&#xA;&#x9;&#x9;OBX|16|NM|157784^MDC_FLOW_FLUID_PUMP^MDC|1.1.2.5|18|265266^MDC_DIM_MILLI_L_PER_HR^MDC^mL/h^mL/h^UCUM|||||R&#xD;&#xA;&#x9;&#x9;OBX|17|NM|157760^MDC_CONC_DRUG^MDC|1.1.2.7|5|264306^MDC_DIM_MILLI_G_PER_ML^MDC^mg/mL^mg/mL^UCUM|||||R&#xD;&#xA;&#x9;&#x9;OBX|18|NM|157884^MDC_VOL_FLUID_TBI^MDC|1.1.2.8|2|263762^MDC_DIM_MILLI_L^MDC^mL^mL^UCUM|||||R&#xD;&#xA;&#x9;&#x9;OBX|19|NM|157872^MDC_VOL_FLUID_TBI_REMAIN^MDC|1.1.2.9|0.9|263762^MDC_DIM_MILLI_L^MDC^mL^mL^UCUM|||||R&#xD;&#xA;&#x9;&#x9;OBX|20|NM|157993^MDC_VOL_FLUID_DELIV_TOTAL^MDC|1.1.2.11|1.1|263762^MDC_DIM_MILLI_L^MDC^mL^mL^UCUM|||||R&#xD;&#xA;&#x9;&#x9;OBX|21|NM|157999^MDC_DOSE_DRUG_TBI^MDC|1.1.2.12|10000|263891^MDC_DIM_MICRO_G^MDC^ug^ug^UCUM|||||R&#xD;&#xA;&#x9;&#x9;OBX|22|NM|158000^MDC_DOSE_DRUG_TBI_REMAIN^MDC|1.1.2.13|4480|263891^MDC_DIM_MICRO_G^MDC^ug^ug^UCUM|||||R&#xD;&#xA;&#x9;&#x9;OBX|23|NM|158001^MDC_DOSE_DRUG_DELIV_TOTAL^MDC|1.1.2.15|5520|263891^MDC_DIM_MICRO_G^MDC^ug^ug^UCUM|||||R&#xD;&#xA;&#x9;&#x9;OBX|24|NM|157996^MDC_TIME_PD_PROG^MDC|1.1.2.16|400|264320^MDC_DIM_X_SEC^MDC^s^s^UCUM|||||R&#xD;&#xA;&#x9;&#x9;OBX|25|NM|157916^MDC_TIME_PD_REMAIN^MDC|1.1.2.17|179|264320^MDC_DIM_X_SEC^MDC^s^s^UCUM|||||R&#xD;&#xA;&#x9;&#x9;OBX|26|NM|68063^MDC_ATTR_PT_WEIGHT^MDC|1.1.2.18|100|263875^MDC_DIM_KILO_G^MDC^kg^kg^UCUM|||||R&#xD;&#xA;&#x9;&#x9;OBX|27|CWE|158008^MDC_DEV_PUMP_PROGRAM_DELIVERY_MODE^MDC|1.1.2.21|^pump-program-delivery-mode-continuous||||||R&#xD;&#xA;&#x9;&#x9;OBX|28|CWE|158005^MDC_DEV_PUMP_CURRENT_DELIVERY_STATUS^MDC|1.1.2.22|^pump-delivery-status-delivering||||||R&#xD;&#xA;&#x9;&#x9;OBX|29||70091^MDC_DEV_PUMP_SYRINGE_INFO^MDC|1.1.6.0|||||||X&#xD;&#xA;&#x9;&#x9;OBX|30|NM|157880^MDC_VOL_SYRINGE^MDC|1.1.6.1|50|263762^MDC_DIM_MILLI_L^MDC^mL^mL^UCUM|||||R&#xD;&#xA;&#x9;&#x9;OBX|31|NM|157984^MDC_VOL_SYRINGE_ACTUAL^MDC|1.1.6.2|30.95|263762^MDC_DIM_MILLI_L^MDC^mL^mL^UCUM|||||R&#xD;&#xA;&#x9;&#x9;OBX|32|ST|184488^MDC_SYRINGE_MANUFACTURER^MDC|1.1.6.3|B.Braun OPS 50 mL||||||R,BBraunDoselinkPlus,1,13,8)" classname="Philips.PMP.Test.Auto.IheMessageProcessorTest" time="0.002" status="1" />
    <testcase name="IHEMultipleChannelIsCorrectTest" classname="Philips.PMP.Test.Auto.IheMessageProcessorTest" time="0.014" status="1" />
    <testcase name="IntelliBridgeDeviceDataAlertPriorityChange" classname="Philips.PMP.Test.Auto.IheMessageProcessorTest" time="0.013" status="1" />
    <testcase name="GetMDCTest" classname="Philips.PMP.Test.Auto.IheMessageProcessorTest" time="0.013" status="1" />
    <system-out />
    <system-err />
  </testsuite>
  <testsuite name="Philips.CareEvent.Test.CareTouchCommunicationMgrTests" hostname="RESTORMEL" package="not available" id="653" tests="2" failures="0" errors="0" skipped="0" time="0.903" timestamp="2023-12-13T03:28:08">
    <properties />
    <testcase name="FailedSslAuthenticationShouldLog" classname="Philips.CareEvent.Test.CareTouchCommunicationMgrTests" time="0.874" status="1" />
    <testcase name="SubmitToDisconnectedAndroidDeviceAndEventIsNotAvailable" classname="Philips.CareEvent.Test.CareTouchCommunicationMgrTests" time="0.029" status="1" />
    <system-out />
    <system-err />
  </testsuite>
  <testsuite name="Philips.PMP.Test.Auto.OutboundAdtMgrTest" hostname="RESTORMEL" package="not available" id="654" tests="9" failures="0" errors="0" skipped="0" time="0.281" timestamp="2023-12-13T03:36:46">
    <properties />
    <testcase name="Hl7AdtEncoderGetFormattedDob" classname="Philips.PMP.Test.Auto.OutboundAdtMgrTest" time="0.001" status="1" />
    <testcase name="OutboundAdtMgrSendDoesntCrash" classname="Philips.PMP.Test.Auto.OutboundAdtMgrTest" time="0.087" status="1" />
    <testcase name="OutboundAdtMgrCanStartMultipleTimes" classname="Philips.PMP.Test.Auto.OutboundAdtMgrTest" time="0.182" status="1" />
    <testcase name="OutboundAdtMgrDisposesTcpSender" classname="Philips.PMP.Test.Auto.OutboundAdtMgrTest" time="0.001" status="1" />
    <testcase name="Hl7AdtEncoderDateTimeToHL7DateTime" classname="Philips.PMP.Test.Auto.OutboundAdtMgrTest" time="0.001" status="1" />
    <testcase name="OutboundAdtMgrCanStopWhenNoConnection" classname="Philips.PMP.Test.Auto.OutboundAdtMgrTest" time="0.001" status="1" />
    <testcase name="OutboundAdtMgrCanStopMultipleTimes" classname="Philips.PMP.Test.Auto.OutboundAdtMgrTest" time="0.001" status="1" />
    <testcase name="OutboundAdtMgrCanDisposeMultipleTimes" classname="Philips.PMP.Test.Auto.OutboundAdtMgrTest" time="0.001" status="1" />
    <testcase name="OutboundAdtMgrConvertsToPiChange" classname="Philips.PMP.Test.Auto.OutboundAdtMgrTest" time="0.005" status="1" />
    <system-out />
    <system-err />
  </testsuite>
  <testsuite name="Philips.PMP.Test.Auto.HL7ProviderTest" hostname="RESTORMEL" package="not available" id="655" tests="12" failures="0" errors="0" skipped="0" time="1.543" timestamp="2023-12-13T03:32:40">
    <properties />
    <testcase name="HL7DeviceConnectionBedAssignmentTest" classname="Philips.PMP.Test.Auto.HL7ProviderTest" time="0.304" status="1" />
    <testcase name="HL7RequestCachedMessageTest" classname="Philips.PMP.Test.Auto.HL7ProviderTest" time="0.009" status="1" />
    <testcase name="HL7GetMinPendingMessageTest" classname="Philips.PMP.Test.Auto.HL7ProviderTest" time="0.027" status="1" />
    <testcase name="HL7DeviceConnectionByHostTest" classname="Philips.PMP.Test.Auto.HL7ProviderTest" time="0.298" status="1" />
    <testcase name="HL7DeviceConnectionTest" classname="Philips.PMP.Test.Auto.HL7ProviderTest" time="0.282" status="1" />
    <testcase name="GetHL7MessageSettings" classname="Philips.PMP.Test.Auto.HL7ProviderTest" time="0.528" status="1" />
    <testcase name="GetDeviceConnectionActiveValidationRecordTest" classname="Philips.PMP.Test.Auto.HL7ProviderTest" time="0.026" status="1" />
    <testcase name="Hl7ValidationRecordPurgeTest" classname="Philips.PMP.Test.Auto.HL7ProviderTest" time="0.022" status="1" />
    <testcase name="HL7PendingMessageTest" classname="Philips.PMP.Test.Auto.HL7ProviderTest" time="0.030" status="1" />
    <testcase name="Hl7ValidationRecordProgressStoreAndGetTest" classname="Philips.PMP.Test.Auto.HL7ProviderTest" time="0.007" status="1" />
    <testcase name="Hl7ValidationRecordProgressUpdateTest (C5EB4328-23B4-441F-82F4-C5E094DBFA8F,True,0)" classname="Philips.PMP.Test.Auto.HL7ProviderTest" time="0.006" status="1" />
    <testcase name="Hl7ValidationRecordProgressUpdateTest (2CBE506D-0F57-494C-9C8B-30BF56EDFDE4,False,1)" classname="Philips.PMP.Test.Auto.HL7ProviderTest" time="0.004" status="1" />
    <system-out />
    <system-err />
  </testsuite>
  <testsuite name="Philips.iX.InboundDataBridge.Test.GrpcServerFactoryTest" hostname="RESTORMEL" package="not available" id="656" tests="1" failures="0" errors="0" skipped="0" time="1.372" timestamp="2023-12-13T03:27:46">
    <properties />
    <testcase name="StartStopServerTest" classname="Philips.iX.InboundDataBridge.Test.GrpcServerFactoryTest" time="1.372" status="1" />
    <system-out />
    <system-err />
  </testsuite>
  <testsuite name="Philips.PMP.Test.Auto.FeatureAssignmentConfigControlTest" hostname="RESTORMEL" package="not available" id="657" tests="7" failures="0" errors="0" skipped="0" time="0.470" timestamp="2023-12-13T03:29:46">
    <properties />
    <testcase name="FilterDropdownVisibilityTest (Philips.PMP.InfoObjects.Enterprise,False)" classname="Philips.PMP.Test.Auto.FeatureAssignmentConfigControlTest" time="0.025" status="1" />
    <testcase name="FilterDropdownVisibilityTest (Philips.PMP.InfoObjects.Zone,False)" classname="Philips.PMP.Test.Auto.FeatureAssignmentConfigControlTest" time="0.011" status="1" />
    <testcase name="FilterDropdownVisibilityTest (Philips.PMP.InfoObjects.HostDevice,True)" classname="Philips.PMP.Test.Auto.FeatureAssignmentConfigControlTest" time="0.023" status="1" />
    <testcase name="CopyHostLicenseOptionsTest" classname="Philips.PMP.Test.Auto.FeatureAssignmentConfigControlTest" time="0.187" status="1" />
    <testcase name="GetDescriptionTest (ecg,abc,ecg)" classname="Philips.PMP.Test.Auto.FeatureAssignmentConfigControlTest" time="0.199" status="1" />
    <testcase name="GetDescriptionTest (,abc,abc)" classname="Philips.PMP.Test.Auto.FeatureAssignmentConfigControlTest" time="0.010" status="1" />
    <testcase name="GetDescriptionTest (,abc,abc)" classname="Philips.PMP.Test.Auto.FeatureAssignmentConfigControlTest" time="0.014" status="1" />
    <system-out />
    <system-err />
  </testsuite>
  <testsuite name="Philips.PMP.Test.Auto.ArcomedStateMachineTest" hostname="RESTORMEL" package="not available" id="658" tests="6" failures="0" errors="0" skipped="0" time="0.998" timestamp="2023-12-13T03:29:44">
    <properties />
    <testcase name="StateVersionSendTest" classname="Philips.PMP.Test.Auto.ArcomedStateMachineTest" time="0.035" status="1" />
    <testcase name="StateMemGetSendTest" classname="Philips.PMP.Test.Auto.ArcomedStateMachineTest" time="0.003" status="1" />
    <testcase name="IntelliBridgeDriverArcomedProcessMessageTest" classname="Philips.PMP.Test.Auto.ArcomedStateMachineTest" time="0.922" status="1" />
    <testcase name="StateMemGetTest" classname="Philips.PMP.Test.Auto.ArcomedStateMachineTest" time="0.011" status="1" />
    <testcase name="StateVersionMsgFailTest" classname="Philips.PMP.Test.Auto.ArcomedStateMachineTest" time="0.013" status="1" />
    <testcase name="StateVersionMsgSucceessTest" classname="Philips.PMP.Test.Auto.ArcomedStateMachineTest" time="0.014" status="1" />
    <system-out />
    <system-err />
  </testsuite>
  <testsuite name="Philips.PMP.Test.Auto.UserDataMgrTest" hostname="RESTORMEL" package="not available" id="659" tests="21" failures="0" errors="0" skipped="0" time="0.022" timestamp="2023-12-13T03:30:01">
    <properties />
    <testcase name="UserNameIsValidTest (\,False)" classname="Philips.PMP.Test.Auto.UserDataMgrTest" time="0.002" status="1" />
    <testcase name="UserNameIsValidTest (/,False)" classname="Philips.PMP.Test.Auto.UserDataMgrTest" time="0.002" status="1" />
    <testcase name="UserNameIsValidTest (&quot;,False)" classname="Philips.PMP.Test.Auto.UserDataMgrTest" time="0.001" status="1" />
    <testcase name="UserNameIsValidTest ([],False)" classname="Philips.PMP.Test.Auto.UserDataMgrTest" time="0.001" status="1" />
    <testcase name="UserNameIsValidTest (:,False)" classname="Philips.PMP.Test.Auto.UserDataMgrTest" time="0.000" status="1" />
    <testcase name="UserNameIsValidTest (|,False)" classname="Philips.PMP.Test.Auto.UserDataMgrTest" time="0.001" status="1" />
    <testcase name="UserNameIsValidTest (&lt;,False)" classname="Philips.PMP.Test.Auto.UserDataMgrTest" time="0.000" status="1" />
    <testcase name="UserNameIsValidTest (+,False)" classname="Philips.PMP.Test.Auto.UserDataMgrTest" time="0.005" status="1" />
    <testcase name="UserNameIsValidTest (=,False)" classname="Philips.PMP.Test.Auto.UserDataMgrTest" time="0.000" status="1" />
    <testcase name="UserNameIsValidTest (;,False)" classname="Philips.PMP.Test.Auto.UserDataMgrTest" time="0.000" status="1" />
    <testcase name="UserNameIsValidTest (,,False)" classname="Philips.PMP.Test.Auto.UserDataMgrTest" time="0.002" status="1" />
    <testcase name="UserNameIsValidTest (?,False)" classname="Philips.PMP.Test.Auto.UserDataMgrTest" time="0.001" status="1" />
    <testcase name="UserNameIsValidTest (*,False)" classname="Philips.PMP.Test.Auto.UserDataMgrTest" time="0.001" status="1" />
    <testcase name="UserNameIsValidTest (@,False)" classname="Philips.PMP.Test.Auto.UserDataMgrTest" time="0.001" status="1" />
    <testcase name="UserNameIsValidTest ( ,True)" classname="Philips.PMP.Test.Auto.UserDataMgrTest" time="0.001" status="1" />
    <testcase name="UserNameIsValidTest (abc123?,False)" classname="Philips.PMP.Test.Auto.UserDataMgrTest" time="0.001" status="1" />
    <testcase name="UserNameIsValidTest (abc,True)" classname="Philips.PMP.Test.Auto.UserDataMgrTest" time="0.001" status="1" />
    <testcase name="UserNameIsValidTest (ABC,True)" classname="Philips.PMP.Test.Auto.UserDataMgrTest" time="0.001" status="1" />
    <testcase name="UserNameIsValidTest (123,True)" classname="Philips.PMP.Test.Auto.UserDataMgrTest" time="0.000" status="1" />
    <testcase name="UserNameIsValidTest (aBc123,True)" classname="Philips.PMP.Test.Auto.UserDataMgrTest" time="0.000" status="1" />
    <testcase name="UserNameIsValidTest (Charge Nurse1,True)" classname="Philips.PMP.Test.Auto.UserDataMgrTest" time="0.001" status="1" />
    <system-out />
    <system-err />
  </testsuite>
  <testsuite name="Philips.PMP.Test.Auto.UnassignedPatientCacheTest" hostname="RESTORMEL" package="not available" id="660" tests="17" failures="0" errors="0" skipped="0" time="0.092" timestamp="2023-12-13T03:29:49">
    <properties />
    <testcase name="PatientUpdatesShouldUpdateUnassignedCache (Admit)" classname="Philips.PMP.Test.Auto.UnassignedPatientCacheTest" time="0.014" status="1" />
    <testcase name="PatientUpdatesShouldUpdateUnassignedCache (Discharge)" classname="Philips.PMP.Test.Auto.UnassignedPatientCacheTest" time="0.001" status="1" />
    <testcase name="UnassignedPatientCacheTryFindPatientByPpisIdTest (True,False,False)" classname="Philips.PMP.Test.Auto.UnassignedPatientCacheTest" time="0.036" status="1" />
    <testcase name="UnassignedPatientCacheTryFindPatientByPpisIdTest (False,False,False)" classname="Philips.PMP.Test.Auto.UnassignedPatientCacheTest" time="0.011" status="1" />
    <testcase name="UnassignedPatientCacheTryFindPatientByPpisIdTest (False,True,True)" classname="Philips.PMP.Test.Auto.UnassignedPatientCacheTest" time="0.001" status="1" />
    <testcase name="UnassignedPatientCacheTryFindPatientByPatientIdentifiers (001,visit1,True)" classname="Philips.PMP.Test.Auto.UnassignedPatientCacheTest" time="0.002" status="1" />
    <testcase name="UnassignedPatientCacheTryFindPatientByPatientIdentifiers (002,visit2,True)" classname="Philips.PMP.Test.Auto.UnassignedPatientCacheTest" time="0.001" status="1" />
    <testcase name="UnassignedPatientCacheTryFindPatientByPatientIdentifiers (,visit2,False)" classname="Philips.PMP.Test.Auto.UnassignedPatientCacheTest" time="0.001" status="1" />
    <testcase name="UnassignedPatientCacheTryFindPatientByPatientIdentifiers (,visit8,True)" classname="Philips.PMP.Test.Auto.UnassignedPatientCacheTest" time="0.001" status="1" />
    <testcase name="UnassignedPatientCacheTryFindPatientByPatientIdentifiers (005,,True)" classname="Philips.PMP.Test.Auto.UnassignedPatientCacheTest" time="0.001" status="1" />
    <testcase name="UnassignedPatientCacheTryFindPatientByLifetimeId (True,False,)" classname="Philips.PMP.Test.Auto.UnassignedPatientCacheTest" time="0.005" status="1" />
    <testcase name="UnassignedPatientCacheTryFindPatientByLifetimeId (False,False,123)" classname="Philips.PMP.Test.Auto.UnassignedPatientCacheTest" time="0.011" status="1" />
    <testcase name="UnassignedPatientCacheTryFindPatientByLifetimeId (False,True,123)" classname="Philips.PMP.Test.Auto.UnassignedPatientCacheTest" time="0.001" status="1" />
    <testcase name="UnassignedPatientCacheGetPatientByBed" classname="Philips.PMP.Test.Auto.UnassignedPatientCacheTest" time="0.002" status="1" />
    <testcase name="UnassignedPatientCacheTryFindPatientByBedTest (True,False,False)" classname="Philips.PMP.Test.Auto.UnassignedPatientCacheTest" time="0.002" status="1" />
    <testcase name="UnassignedPatientCacheTryFindPatientByBedTest (False,False,False)" classname="Philips.PMP.Test.Auto.UnassignedPatientCacheTest" time="0.001" status="1" />
    <testcase name="UnassignedPatientCacheTryFindPatientByBedTest (False,True,True)" classname="Philips.PMP.Test.Auto.UnassignedPatientCacheTest" time="0.001" status="1" />
    <system-out />
    <system-err />
  </testsuite>
  <testsuite name="Philips.PMP.Test.Auto.IntelliBridgeDeviceManagerTest" hostname="RESTORMEL" package="not available" id="661" tests="7" failures="0" errors="0" skipped="0" time="0.448" timestamp="2023-12-13T03:29:44">
    <properties />
    <testcase name="IntelliBridgeDeviceManagerDetectsInvalidPhysioDataTime (True)" classname="Philips.PMP.Test.Auto.IntelliBridgeDeviceManagerTest" time="0.040" status="1" />
    <testcase name="IntelliBridgeDeviceManagerDetectsInvalidPhysioDataTime (False)" classname="Philips.PMP.Test.Auto.IntelliBridgeDeviceManagerTest" time="0.002" status="1" />
    <testcase name="IntelliBridgeDeviceNoDeviceDataInopOnAssignmentTest" classname="Philips.PMP.Test.Auto.IntelliBridgeDeviceManagerTest" time="0.293" status="1" />
    <testcase name="IHEDeviceDataMgrClearsPhysioDataCachesWhenOffline" classname="Philips.PMP.Test.Auto.IntelliBridgeDeviceManagerTest" time="0.018" status="1" />
    <testcase name="IntelliBridgeDeviceMgrMonitorOnlineOffline" classname="Philips.PMP.Test.Auto.IntelliBridgeDeviceManagerTest" time="0.034" status="1" />
    <testcase name="UpdateDriverTest" classname="Philips.PMP.Test.Auto.IntelliBridgeDeviceManagerTest" time="0.017" status="1" />
    <testcase name="IntelliBridgeDeviceMgrUpdateAlertsTest" classname="Philips.PMP.Test.Auto.IntelliBridgeDeviceManagerTest" time="0.045" status="1" />
    <system-out />
    <system-err />
  </testsuite>
  <testsuite name="Philips.PMP.Test.Auto.EcgAnalysisTest" hostname="RESTORMEL" package="not available" id="662" tests="3" failures="0" errors="0" skipped="0" time="0.428" timestamp="2023-12-13T03:30:21">
    <properties />
    <testcase name="TroubleshooterTest" classname="Philips.PMP.Test.Auto.EcgAnalysisTest" time="0.401" status="1" />
    <testcase name="EcgAnalysisOptionsTest" classname="Philips.PMP.Test.Auto.EcgAnalysisTest" time="0.015" status="1" />
    <testcase name="EcgAnalysisHelpTest" classname="Philips.PMP.Test.Auto.EcgAnalysisTest" time="0.012" status="1" />
    <system-out />
    <system-err />
  </testsuite>
  <testsuite name="Philips.PMP.Test.Auto.IheDriverAlarmTest" hostname="RESTORMEL" package="not available" id="663" tests="15" failures="0" errors="0" skipped="0" time="0.174" timestamp="2023-12-13T03:29:45">
    <properties />
    <testcase name="IntelliBridgeDeviceDataAlertUpdateTimeTest (CapsuleMDIP,MSH|^~\&amp;|DATACAPTOR|Hospital1|||20180731192651.971+0200||ORU^R40^ORU_R40|8731192651980441|P|2.6|||AL|NE||8859/1|||IHE_PCD_004^IHE PCD^1.3.6.1.4.1.19376.1.6.1.4.1^ISO|&#xD;&#xA;&#x9;&#x9;PID|||PID3 ||Smith^John^^^^^L||20050415000000.000+0200|F|||||||FRENCH|||PID18|&#xD;&#xA;&#x9;&#x9;PV1||P|{PV13Location}|&#xD;&#xA;&#x9;&#x9;OBR|1|10564^CAPSULE^6D8F69E0C97743C9^EUI-64|10564^CAPSULE^6D8F69E0C97743C9^EUI-64|196616^MDC_EVT_ALARM^MDC|||20180731192651.000+0200|||Neuron |||Neuron|||||||NellcorPuritanBennettG_5.1.2_PB 980_Covidien &#xD;&#xA;&#x9;&#x9;OBX|||69965^MDC_DEV_MON_PHYSIO_MULTI_PARAM_MDS^MDC|1.0.0.0|||||||X|||||||cece00b3-a18a-4351-85a6-df6aea217c11-Puritan Bennett 840|&#xD;&#xA;&#x9;&#x9;OBX|||69966^MDC_DEV_MON_PHYSIO_MULTI_PARAM_VMD^MDC|1.1.0.0|||||||X|||||||&#xD;&#xA;&#x9;&#x9;OBX|||69967^MDC_DEV_MON_PHYSIO_MULTI_PARAM_CHAN^MDC|1.1.1.0|||||||X|&#xD;&#xA;&#x9;&#x9;OBX|4|CWE|196616^MDC_EVT_ALARM^MDC|1.1.1.0.1|1081082932^NLS_DRV_ED246_ALERT_VENT_BATTERY_LOW_PRIO_HIGH^NLS^^^^^^!!! Vent Batt. Low||||||F|||20050415000000.000+0200|    &#xD;&#xA;&#x9;&#x9;OBX||CWE|68480^MDC_ATTR_ALERT_SOURCE^MDC|1.1.1.1.2|160920^MDC_VENT_CONC_AWAY_O2_INSP^MDC||||||F|||20180731192650.901+0200|&#xD;&#xA;&#x9;&#x9;OBX||ST|68481^MDC_ATTR_EVENT_PHASE^MDC|1.1.1.1.3|continue||||||F|||20180731192650.901+0200|&#xD;&#xA;&#x9;&#x9;OBX||ST|68482^MDC_ATTR_ALARM_STATE^MDC|1.1.1.1.4|{AlarmStateTag}||||||F|||20180731192650.901+0200|&#xD;&#xA;&#x9;&#x9;OBX||ST|68483^MDC_ATTR_ALARM_INACTIVATION_STATE^MDC|1.1.1.1.5|{AlarmInactivationStateTag}||||||F|||20180731192650.901+0200|&#xD;&#xA;&#x9;&#x9;OBX||ST|68484^MDC_ATTR_ALARM_PRIORITY^MDC|1.1.1.1.6|PH||||||F|||20180731192650.901+0200|&#xD;&#xA;&#x9;&#x9;OBX|10|ST|68485^MDC_ATTR_ALERT_TYPE^MDC|1.1.1.0.7|ST||||||F|||20180731192650.901+0200|,7,4,active,enabled)" classname="Philips.PMP.Test.Auto.IheDriverAlarmTest" time="0.028" status="1" />
    <testcase name="IheBBraunDoselinkPlusAlarmTest (MSH|^~\&amp;|PAT_DEVICE_BBRAUN^0012211839000001^EUI-64|BBRAUN|DOC_AM_TEST|BB1|20220523142113+0000||ORU^R01^ORU_R01|63788912473382465025|P|2.6|||AL|NE||ASCII|en^English^ISO639||IHE_PCD_001^IHE PCD^1.3.6.1.4.1.19376.1.6.4.1^ISO&#xD;&#xA;PID|||Unknown Patient^Unknown Patient||^^^^^^U||||||||||||||||||||||||||Y&#xD;&#xA;OBR|1|029d53e1-daa3-11ec-8487-c0ee400d168f^PAT_DEVICE_BBRAUN^0012211839000001^EUI-64|029d53e1-daa3-11ec-8487-c0ee400d168f^PAT_DEVICE_BBRAUN^0012211839000001^EUI-64|Dobutamine^Dobutamine|||20220523142039+0000&#xD;&#xA;OBX|1||70053^MDC_DEV_PUMP_INFUS_SYRINGE_MDS^MDC|1.0.0.0|||||||X|||||||P2450^^0012210000000000^EUI-64&#xD;&#xA;OBX|2||70054^MDC_DEV_PUMP_INFUS_SYRINGE_VMD^MDC|1.1.0.0|||||||X&#xD;&#xA;OBX|3|CWE|68012^MDC_ATTR_AL_COND^MDC|1.1.0.5|197370^MDC_EVT_SYRINGE_NEAR_EMPTY^MDC||||||R&#xD;&#xA;OBX|8||70067^MDC_DEV_PUMP_DELIVERY_INFO^MDC|1.1.1.0|||||||X&#xD;&#xA;OBX|9|ST|0^MDC_ATTR_PUMP_PILLAR_DETAILS^MDC|1.1.0.24|0^0||||||F|||||||CA1~Rm1~Bed2~Fac1~~~Bldg1~Fl1^^0012210000000000^EUI-64&#xD;&#xA;OBX|9|CWE|184519^MDC_PUMP_INFUSING_STATUS^MDC|1.1.1.1|^pump-status-infusing||||||R&#xD;&#xA;OBX|10|NM|158014^MDC_FLOW_FLUID_PUMP_CURRENT^MDC|1.1.1.2|18|265266^MDC_DIM_MILLI_L_PER_HR^MDC^mL/h^mL/h^UCUM|||||R&#xD;&#xA;OBX|11|CWE|158016^MDC_DEV_PUMP_ACTIVE_SOURCES^MDC|1.1.1.3|^pump-source-info-primary||||||R&#xD;&#xA;OBX|12||70071^MDC_DEV_PUMP_INFUSATE_SOURCE_PRIMARY^MDC|1.1.2.0|||||||X&#xD;&#xA;OBX|13|ST|158012^MDC_DEV_PUMP_SOURCE_CHANNEL_LABEL^MDC|1.1.2.1|Primary||||||R&#xD;&#xA;OBX|14|ST|184514^MDC_DRUG_NAME_LABEL^MDC|1.1.2.2|Dobutamine||||||R,True,61719,4430,1082983454,CentralAudible,Technical,YellowAlarm,!!Syr Near Empty,,,,)" classname="Philips.PMP.Test.Auto.IheDriverAlarmTest" time="0.016" status="1" />
    <testcase name="IheBBraunDoselinkPlusAlarmTest (MSH|^~\&amp;|PAT_DEVICE_BBRAUN^0012211839000001^EUI-64|BBRAUN|DOC_AM_TEST|BB1|20220523142113+0000||ORU^R01^ORU_R01|63788912473382465025|P|2.6|||AL|NE||ASCII|en^English^ISO639||IHE_PCD_001^IHE PCD^1.3.6.1.4.1.19376.1.6.4.1^ISO&#xD;&#xA;PID|||Unknown Patient^Unknown Patient||^^^^^^U||||||||||||||||||||||||||Y&#xD;&#xA;OBR|1|029d53e1-daa3-11ec-8487-c0ee400d168f^PAT_DEVICE_BBRAUN^0012211839000001^EUI-64|029d53e1-daa3-11ec-8487-c0ee400d168f^PAT_DEVICE_BBRAUN^0012211839000001^EUI-64|Dobutamine^Dobutamine|||20220523142039+0000&#xD;&#xA;OBX|1||70053^MDC_DEV_PUMP_INFUS_SYRINGE_MDS^MDC|1.0.0.0|||||||X|||||||P2450^^0012210000000000^EUI-64&#xD;&#xA;OBX|2||70054^MDC_DEV_PUMP_INFUS_SYRINGE_VMD^MDC|1.1.0.0|||||||X&#xD;&#xA;OBX|8||70067^MDC_DEV_PUMP_DELIVERY_INFO^MDC|1.1.1.0|||||||X&#xD;&#xA;OBX|9|ST|0^MDC_ATTR_PUMP_PILLAR_DETAILS^MDC|1.1.0.24|0^0||||||F|||||||CA1~Rm1~Bed2~Fac1~~~Bldg1~Fl1^^0012210000000000^EUI-64&#xD;&#xA;OBX|9|CWE|184519^MDC_PUMP_INFUSING_STATUS^MDC|1.1.1.1|^pump-status-infusing||||||R&#xD;&#xA;OBX|10|NM|158014^MDC_FLOW_FLUID_PUMP_CURRENT^MDC|1.1.1.2|18|265266^MDC_DIM_MILLI_L_PER_HR^MDC^mL/h^mL/h^UCUM|||||R&#xD;&#xA;OBX|11|CWE|158016^MDC_DEV_PUMP_ACTIVE_SOURCES^MDC|1.1.1.3|^pump-source-info-primary||||||R&#xD;&#xA;OBX|12||70071^MDC_DEV_PUMP_INFUSATE_SOURCE_PRIMARY^MDC|1.1.2.0|||||||X&#xD;&#xA;OBX|13|ST|158012^MDC_DEV_PUMP_SOURCE_CHANNEL_LABEL^MDC|1.1.2.1|Primary||||||R&#xD;&#xA;OBX|14|ST|184514^MDC_DRUG_NAME_LABEL^MDC|1.1.2.2|Dobutamine||||||R,False,,,,,,,,,,,)" classname="Philips.PMP.Test.Auto.IheDriverAlarmTest" time="0.001" status="1" />
    <testcase name="IheBBraunDoselinkPlusAlarmTest (MSH|^~\&amp;|PAT_DEVICE_BBRAUN^0012211839000001^EUI-64|BBRAUN|DOC_AM_TEST|BB1|20220523142113+0000||ORU^R01^ORU_R01|63788912473382465025|P|2.6|||AL|NE||ASCII|en^English^ISO639||IHE_PCD_001^IHE PCD^1.3.6.1.4.1.19376.1.6.4.1^ISO&#xD;&#xA;PID|||Unknown Patient^Unknown Patient||^^^^^^U||||||||||||||||||||||||||Y&#xD;&#xA;OBR|1|029d53e1-daa3-11ec-8487-c0ee400d168f^PAT_DEVICE_BBRAUN^0012211839000001^EUI-64|029d53e1-daa3-11ec-8487-c0ee400d168f^PAT_DEVICE_BBRAUN^0012211839000001^EUI-64|Dobutamine^Dobutamine|||20220523142039+0000&#xD;&#xA;OBX|1||70053^MDC_DEV_PUMP_INFUS_SYRINGE_MDS^MDC|1.0.0.0|||||||X|||||||P2450^^0012210000000000^EUI-64&#xD;&#xA;OBX|2||70054^MDC_DEV_PUMP_INFUS_SYRINGE_VMD^MDC|1.1.0.0|||||||X&#xD;&#xA;OBX|3|CWE|68012^MDC_ATTR_AL_COND^MDC|1.1.0.5|197218^MDC_EVT_SYRINGE_BARREL_CAPTURE_FAULT^MDC~197370^MDC_EVT_SYRINGE_NEAR_EMPTY^MDC||||||R&#xD;&#xA;OBX|8||70067^MDC_DEV_PUMP_DELIVERY_INFO^MDC|1.1.1.0|||||||X&#xD;&#xA;OBX|9|ST|0^MDC_ATTR_PUMP_PILLAR_DETAILS^MDC|1.1.0.24|0^0||||||F|||||||CA1~Rm1~Bed2~Fac1~~~Bldg1~Fl1^^0012210000000000^EUI-64&#xD;&#xA;OBX|9|CWE|184519^MDC_PUMP_INFUSING_STATUS^MDC|1.1.1.1|^pump-status-infusing||||||R&#xD;&#xA;OBX|10|NM|158014^MDC_FLOW_FLUID_PUMP_CURRENT^MDC|1.1.1.2|18|265266^MDC_DIM_MILLI_L_PER_HR^MDC^mL/h^mL/h^UCUM|||||R&#xD;&#xA;OBX|11|CWE|158016^MDC_DEV_PUMP_ACTIVE_SOURCES^MDC|1.1.1.3|^pump-source-info-primary||||||R&#xD;&#xA;OBX|12||70071^MDC_DEV_PUMP_INFUSATE_SOURCE_PRIMARY^MDC|1.1.2.0|||||||X&#xD;&#xA;OBX|13|ST|158012^MDC_DEV_PUMP_SOURCE_CHANNEL_LABEL^MDC|1.1.2.1|Primary||||||R&#xD;&#xA;OBX|14|ST|184514^MDC_DRUG_NAME_LABEL^MDC|1.1.2.2|Dobutamine||||||R,True,61703,4430,1082983429,CentralAudible,Technical,YellowAlarm,!!Holder Open,61719,1082983454,YellowAlarm,!!Syr Near Empty)" classname="Philips.PMP.Test.Auto.IheDriverAlarmTest" time="0.001" status="1" />
    <testcase name="IntelliBridgeIHEDriverAlarmTest (BDAIC,MSH|^~\&amp;|PAT_DEVICE_BBRAUN^0012211839000001^EUI-64|BBRAUN|DOC_AM_TEST|BB2|20220511152405+0000||ORU^R40^ORU_R40|6378787944520857841|P|2.6|||AL|NE||ASCII|en^English^ISO639||IHE_PCD_ACM_001^IHE PCD^1.3.6.1.4.1.19376.1.6.4.4^ISO&#xD;&#xA;&#x9;&#x9;PID|||Bed1^^^AIC^U||Bed1^^^^^^U&#xD;&#xA;&#x9;&#x9;PV1||U|ICU^^Bed1&#xD;&#xA;&#x9;&#x9;OBR|1|ICU@Bed1@Alaris PK@8005-05758^AIC^unitedms.com^DNS|ICU@Bed1@Alaris PK@8005-05758^AIC^unitedms.com^DNS|ICU@Bed1@Alaris PK@8005-05758^Alfentanil|||20170601130206+0100&#xD;&#xA;&#x9;&#x9;OBX|1||69965^MDC_DEV_MON_PHYSIO_MULTI_PARAM_MDS^MDC|1.0.0.0|||||||X|||||||2449^^0012210000000000^EUI-64&#xD;&#xA;&#x9;&#x9;OBX|2||69966^MDC_DEV_MON_PHYSIO_MULTI_PARAM_VMD^MDC|1.1.0.0|||||||X&#xD;&#xA;&#x9;&#x9;OBX|3|CWE|196616^MDC_EVT_ALARM^MDC|1.1.0.0.1|||||||F|||20220511152402+0000&#xD;&#xA;&#x9;&#x9;OBX|4|CWE|68480^MDC_ATTR_ALERT_SOURCE^MDC|1.1.0.0.2|||||||F|||||||2449^^0012210000000000^EUI-64&#xD;&#xA;&#x9;&#x9;OBX|5|ST|68481^MDC_ATTR_EVENT_PHASE^MDC|1.1.0.0.3|||||||F&#xD;&#xA;&#x9;&#x9;OBX|6|ST|68482^MDC_ATTR_ALARM_STATE^MDC|1.1.0.0.4|{AlarmStateTag}||||||F&#xD;&#xA;&#x9;&#x9;OBX|7|ST|68483^MDC_ATTR_ALARM_INACTIVATION_STATE^MDC|1.1.0.0.5|{AlarmInactivationStateTag}||||||F&#xD;&#xA;&#x9;&#x9;OBX|8|ST|68484^MDC_ATTR_ALARM_PRIORITY^MDC|1.1.0.0.6|||||||F&#xD;&#xA;&#x9;&#x9;OBX|9|ST|68485^MDC_ATTR_ALERT_TYPE^MDC|1.1.0.0.7|||||||F,7,4,False,,0,0,0,False,,,CentralAudible,Unknown,NoAlert)" classname="Philips.PMP.Test.Auto.IheDriverAlarmTest" time="0.092" status="1" />
    <testcase name="IntelliBridgeIHEDriverAlarmTest (CapsuleMDIP,MSH|^~\&amp;|DATACAPTOR|Hospital1|||20180731192651.971+0200||ORU^R40^ORU_R40|8731192651980441|P|2.6|||AL|NE||8859/1|||IHE_PCD_004^IHE PCD^1.3.6.1.4.1.19376.1.6.1.4.1^ISO|&#xD;&#xA;&#x9;&#x9;PID|||PID3 ||Smith^John^^^^^L||20050415000000.000+0200|F|||||||FRENCH|||PID18|&#xD;&#xA;&#x9;&#x9;PV1||P|{PV13Location}|&#xD;&#xA;&#x9;&#x9;OBR|1|10564^CAPSULE^6D8F69E0C97743C9^EUI-64|10564^CAPSULE^6D8F69E0C97743C9^EUI-64|196616^MDC_EVT_ALARM^MDC|||20180731192651.000+0200|||Neuron |||Neuron|||||||NellcorPuritanBennettG_5.1.2_PB 980_Covidien &#xD;&#xA;&#x9;&#x9;OBX|||69965^MDC_DEV_MON_PHYSIO_MULTI_PARAM_MDS^MDC|1.0.0.0|||||||X|||||||cece00b3-a18a-4351-85a6-df6aea217c11-Puritan Bennett 840|&#xD;&#xA;&#x9;&#x9;OBX|||69966^MDC_DEV_MON_PHYSIO_MULTI_PARAM_VMD^MDC|1.1.0.0|||||||X|||||||&#xD;&#xA;&#x9;&#x9;OBX|||69967^MDC_DEV_MON_PHYSIO_MULTI_PARAM_CHAN^MDC|1.1.1.0|||||||X|&#xD;&#xA;&#x9;&#x9;OBX|4|CWE|196616^MDC_EVT_ALARM^MDC|1.1.1.0.1|1081082932^NLS_DRV_ED246_ALERT_VENT_BATTERY_LOW_PRIO_HIGH^NLS^^^^^^!!! Vent Batt. Low||||||F|||20050415000000.000+0200|    &#xD;&#xA;&#x9;&#x9;OBX||CWE|68480^MDC_ATTR_ALERT_SOURCE^MDC|1.1.1.1.2|160920^MDC_VENT_CONC_AWAY_O2_INSP^MDC||||||F|||20180731192650.901+0200|&#xD;&#xA;&#x9;&#x9;OBX||ST|68481^MDC_ATTR_EVENT_PHASE^MDC|1.1.1.1.3|continue||||||F|||20180731192650.901+0200|&#xD;&#xA;&#x9;&#x9;OBX||ST|68482^MDC_ATTR_ALARM_STATE^MDC|1.1.1.1.4|{AlarmStateTag}||||||F|||20180731192650.901+0200|&#xD;&#xA;&#x9;&#x9;OBX||ST|68483^MDC_ATTR_ALARM_INACTIVATION_STATE^MDC|1.1.1.1.5|{AlarmInactivationStateTag}||||||F|||20180731192650.901+0200|&#xD;&#xA;&#x9;&#x9;OBX||ST|68484^MDC_ATTR_ALARM_PRIORITY^MDC|1.1.1.1.6|PH||||||F|||20180731192650.901+0200|&#xD;&#xA;&#x9;&#x9;OBX|10|ST|68485^MDC_ATTR_ALERT_TYPE^MDC|1.1.1.0.7|ST||||||F|||20180731192650.901+0200|,7,4,True,!!! Vent Batt. Low,1081082932,160920,196616,True,active,enabled,CentralAudible,Technical,RedAlarm)" classname="Philips.PMP.Test.Auto.IheDriverAlarmTest" time="0.016" status="1" />
    <testcase name="IntelliBridgeIHEDriverAlarmTest (CapsuleMDIP,MSH|^~\&amp;|DATACAPTOR|Hospital1|||20180731192651.971+0200||ORU^R40^ORU_R40|8731192651980441|P|2.6|||AL|NE||8859/1|||IHE_PCD_004^IHE PCD^1.3.6.1.4.1.19376.1.6.1.4.1^ISO|&#xD;&#xA;&#x9;&#x9;PID|||PID3 ||Smith^John^^^^^L||20050415000000.000+0200|F|||||||FRENCH|||PID18|&#xD;&#xA;&#x9;&#x9;PV1||P|{PV13Location}|&#xD;&#xA;&#x9;&#x9;OBR|1|10564^CAPSULE^6D8F69E0C97743C9^EUI-64|10564^CAPSULE^6D8F69E0C97743C9^EUI-64|196616^MDC_EVT_ALARM^MDC|||20180731192651.000+0200|||Neuron |||Neuron|||||||NellcorPuritanBennettG_5.1.2_PB 980_Covidien &#xD;&#xA;&#x9;&#x9;OBX|||69965^MDC_DEV_MON_PHYSIO_MULTI_PARAM_MDS^MDC|1.0.0.0|||||||X|||||||cece00b3-a18a-4351-85a6-df6aea217c11-Puritan Bennett 840|&#xD;&#xA;&#x9;&#x9;OBX|||69966^MDC_DEV_MON_PHYSIO_MULTI_PARAM_VMD^MDC|1.1.0.0|||||||X|||||||&#xD;&#xA;&#x9;&#x9;OBX|||69967^MDC_DEV_MON_PHYSIO_MULTI_PARAM_CHAN^MDC|1.1.1.0|||||||X|&#xD;&#xA;&#x9;&#x9;OBX|4|CWE|196616^MDC_EVT_ALARM^MDC|1.1.1.0.1|1081082932^NLS_DRV_ED246_ALERT_VENT_BATTERY_LOW_PRIO_HIGH^NLS^^^^^^!!! Vent Batt. Low||||||F|||20050415000000.000+0200|    &#xD;&#xA;&#x9;&#x9;OBX||CWE|68480^MDC_ATTR_ALERT_SOURCE^MDC|1.1.1.1.2|160920^MDC_VENT_CONC_AWAY_O2_INSP^MDC||||||F|||20180731192650.901+0200|&#xD;&#xA;&#x9;&#x9;OBX||ST|68481^MDC_ATTR_EVENT_PHASE^MDC|1.1.1.1.3|continue||||||F|||20180731192650.901+0200|&#xD;&#xA;&#x9;&#x9;OBX||ST|68482^MDC_ATTR_ALARM_STATE^MDC|1.1.1.1.4|{AlarmStateTag}||||||F|||20180731192650.901+0200|&#xD;&#xA;&#x9;&#x9;OBX||ST|68483^MDC_ATTR_ALARM_INACTIVATION_STATE^MDC|1.1.1.1.5|{AlarmInactivationStateTag}||||||F|||20180731192650.901+0200|&#xD;&#xA;&#x9;&#x9;OBX||ST|68484^MDC_ATTR_ALARM_PRIORITY^MDC|1.1.1.1.6|PH||||||F|||20180731192650.901+0200|&#xD;&#xA;&#x9;&#x9;OBX|10|ST|68485^MDC_ATTR_ALERT_TYPE^MDC|1.1.1.0.7|ST||||||F|||20180731192650.901+0200|,7,4,True,!!! Vent Batt. Low,1081082931,160920,196616,False,active,audio-paused,0,Technical,RedAlarm)" classname="Philips.PMP.Test.Auto.IheDriverAlarmTest" time="0.007" status="1" />
    <testcase name="IntelliBridgeIHEDriverAlarmTest (CapsuleMDIP,MSH|^~\&amp;|DATACAPTOR|Hospital1|||20180731192651.971+0200||ORU^R40^ORU_R40|8731192651980441|P|2.6|||AL|NE||8859/1|||IHE_PCD_004^IHE PCD^1.3.6.1.4.1.19376.1.6.1.4.1^ISO|&#xD;&#xA;&#x9;&#x9;PID|||PID3 ||Smith^John^^^^^L||20050415000000.000+0200|F|||||||FRENCH|||PID18|&#xD;&#xA;&#x9;&#x9;PV1||P|{PV13Location}|&#xD;&#xA;&#x9;&#x9;OBR|1|10564^CAPSULE^6D8F69E0C97743C9^EUI-64|10564^CAPSULE^6D8F69E0C97743C9^EUI-64|196616^MDC_EVT_ALARM^MDC|||20180731192651.000+0200|||Neuron |||Neuron|||||||NellcorPuritanBennettG_5.1.2_PB 980_Covidien &#xD;&#xA;&#x9;&#x9;OBX|||69965^MDC_DEV_MON_PHYSIO_MULTI_PARAM_MDS^MDC|1.0.0.0|||||||X|||||||cece00b3-a18a-4351-85a6-df6aea217c11-Puritan Bennett 840|&#xD;&#xA;&#x9;&#x9;OBX|||69966^MDC_DEV_MON_PHYSIO_MULTI_PARAM_VMD^MDC|1.1.0.0|||||||X|||||||&#xD;&#xA;&#x9;&#x9;OBX|||69967^MDC_DEV_MON_PHYSIO_MULTI_PARAM_CHAN^MDC|1.1.1.0|||||||X|&#xD;&#xA;&#x9;&#x9;OBX|4|CWE|196616^MDC_EVT_ALARM^MDC|1.1.1.0.1|1081082932^NLS_DRV_ED246_ALERT_VENT_BATTERY_LOW_PRIO_HIGH^NLS^^^^^^!!! Vent Batt. Low||||||F|||20050415000000.000+0200|    &#xD;&#xA;&#x9;&#x9;OBX||CWE|68480^MDC_ATTR_ALERT_SOURCE^MDC|1.1.1.1.2|160920^MDC_VENT_CONC_AWAY_O2_INSP^MDC||||||F|||20180731192650.901+0200|&#xD;&#xA;&#x9;&#x9;OBX||ST|68481^MDC_ATTR_EVENT_PHASE^MDC|1.1.1.1.3|continue||||||F|||20180731192650.901+0200|&#xD;&#xA;&#x9;&#x9;OBX||ST|68482^MDC_ATTR_ALARM_STATE^MDC|1.1.1.1.4|{AlarmStateTag}||||||F|||20180731192650.901+0200|&#xD;&#xA;&#x9;&#x9;OBX||ST|68483^MDC_ATTR_ALARM_INACTIVATION_STATE^MDC|1.1.1.1.5|{AlarmInactivationStateTag}||||||F|||20180731192650.901+0200|&#xD;&#xA;&#x9;&#x9;OBX||ST|68484^MDC_ATTR_ALARM_PRIORITY^MDC|1.1.1.1.6|PH||||||F|||20180731192650.901+0200|&#xD;&#xA;&#x9;&#x9;OBX|10|ST|68485^MDC_ATTR_ALERT_TYPE^MDC|1.1.1.0.7|ST||||||F|||20180731192650.901+0200|,7,4,False,!!! Vent Batt. Low,1081082932,160920,196616,True,inactive,audio-paused,0,Technical,RedAlarm)" classname="Philips.PMP.Test.Auto.IheDriverAlarmTest" time="0.006" status="1" />
    <testcase name="IntelliBridgeIHEDriverAlarmTest (CapsuleMDIP,MSH|^~\&amp;|DATACAPTOR||||20221216144425.351+0530||ORU^R40^ORU_R40|000119ad154900000144|P|2.6|||NE|NE||UNICODE UTF-8|||IHE_PCD_004^IHE PCD^1.3.6.1.4.1.19376.1.6.1.4.1^ISO~IHEPCD04_MDIL (genuine)_11.6.0.11595^CAPSULE|&#xD;&#xA;PID|||||^^^^^^U|&#xD;&#xA;PV1||I|{PV13Location}|&#xD;&#xA;OBR|1|1203^CAPSULE^3268B019E1B44157^EUI-64|1203^CAPSULE^3268B019E1B44157^EUI-64|196616^MDC_EVT_ALARM^MDC|||20221216144425.000+0530|||INGBTCPIC6MS057|||INGBTCPIC6MS057||||||||NellcorPuritanBennettE_5.4.10_NPB 840_Nellcor Puritan Bennett_{BD7662D2-3A26-4CE9-BE1C-568A8E479A28}||||||||^{796AE130-F582-4DCD-AD0B-8E7148C48229}&amp;CAPSULE&amp;3268B019E1B44157&amp;EUI-64|&#xD;&#xA;OBX|1||70001^NOM_DEV_SYS_PT_VENT_MDS^MDIL|1.0.0.0|||||||X|||||||840 1234567890|&#xD;&#xA;OBX|2||129724^NOM_DEV_CONTEXT_VMD^MDIL|1.1.0.0|||||||X|||||||840 1234567891|&#xD;&#xA;OBX|3||129725^NOM_DEV_CONTEXT_CHAN^MDIL|1.1.1.0|||||||X|&#xD;&#xA;OBX|4|CWE|199680^NOM_EVT_APNEA^MDIL|1.1.1.1.1|1073742859^NLS_DRV_GENERAL_ALERT_APNEA_PRIO_HIGH^NLS^^^^^^Apnea Ventil||||||F|||20150120151100.000+0530||||INGBTCPIC6MS057|&#xD;&#xA;OBX|5||151586^NOM_VENT_RESP_RATE^MDIL^^^^^^RRaw|1.1.1.1.2|||||||F|||20221216144425.000+0530||||INGBTCPIC6MS057|&#xD;&#xA;OBX|6|ST|68481^MDC_ATTR_EVENT_PHASE^MDC|1.1.1.1.3|continue||||||F|||20150120151100.000+0530||||INGBTCPIC6MS057|&#xD;&#xA;OBX|7|ST|68482^MDC_ATTR_ALARM_STATE^MDC|1.1.1.1.4|{AlarmStateTag}||||||F|||20150120151100.000+0530||||INGBTCPIC6MS057|&#xD;&#xA;OBX|8|ST|68483^MDC_ATTR_ALARM_INACTIVATION_STATE^MDC|1.1.1.1.5|{AlarmInactivationStateTag}||||||F|||20150120151100.000+0530||||INGBTCPIC6MS057|&#xD;&#xA;OBX|9|ST|68484^MDC_ATTR_ALARM_PRIORITY^MDC|1.1.1.1.6|PH||||||F|||20150120151100.000+0530||||INGBTCPIC6MS057|&#xD;&#xA;OBX|10|ST|68485^MDC_ATTR_ALERT_TYPE^MDC|1.1.1.1.7|SP||||||F|||20150120151100.000+0530||||INGBTCPIC6MS057|&#xD;&#xA;,7,4,True, Apnea,1073742859,151586,199680,True,active,enabled,CentralAudible,Patient,RedAlarm)" classname="Philips.PMP.Test.Auto.IheDriverAlarmTest" time="0.001" status="1" />
    <testcase name="IntelliBridgeIHEDriverAlarmTest (CapsuleMDIP,MSH|^~\&amp;|DATACAPTOR||||20221216144425.351+0530||ORU^R40^ORU_R40|000119ad154900000144|P|2.6|||NE|NE||UNICODE UTF-8|||IHE_PCD_004^IHE PCD^1.3.6.1.4.1.19376.1.6.1.4.1^ISO~IHEPCD04_MDIL (genuine)_11.6.0.11595^CAPSULE|&#xD;&#xA;PID|||||^^^^^^U|&#xD;&#xA;PV1||I|{PV13Location}|&#xD;&#xA;OBR|1|1203^CAPSULE^3268B019E1B44157^EUI-64|1203^CAPSULE^3268B019E1B44157^EUI-64|196616^MDC_EVT_ALARM^MDC|||20221216144425.000+0530|||INGBTCPIC6MS057|||INGBTCPIC6MS057||||||||NellcorPuritanBennettE_5.4.10_NPB 840_Nellcor Puritan Bennett_{BD7662D2-3A26-4CE9-BE1C-568A8E479A28}||||||||^{796AE130-F582-4DCD-AD0B-8E7148C48229}&amp;CAPSULE&amp;3268B019E1B44157&amp;EUI-64|&#xD;&#xA;OBX|1||70001^NOM_DEV_SYS_PT_VENT_MDS^MDIL|1.0.0.0|||||||X|||||||840 1234567890|&#xD;&#xA;OBX|2||129724^NOM_DEV_CONTEXT_VMD^MDIL|1.1.0.0|||||||X|||||||840 1234567891|&#xD;&#xA;OBX|3||129725^NOM_DEV_CONTEXT_CHAN^MDIL|1.1.1.0|||||||X|&#xD;&#xA;OBX|4|CWE|199680^NOM_EVT_APNEA^MDIL|1.1.1.1.1|1089472800^NLS_DRV_ALERT_VENT_APNEA_VENTILATION^NLS^^^^^^Apnea Ventil||||||F|||20150120151100.000+0530||||INGBTCPIC6MS057|&#xD;&#xA;OBX|5||151586^NOM_VENT_RESP_RATE^MDIL^^^^^^RRaw|1.1.1.1.2|||||||F|||20221216144425.000+0530||||INGBTCPIC6MS057|&#xD;&#xA;OBX|6|ST|68481^MDC_ATTR_EVENT_PHASE^MDC|1.1.1.1.3|continue||||||F|||20150120151100.000+0530||||INGBTCPIC6MS057|&#xD;&#xA;OBX|7|ST|68482^MDC_ATTR_ALARM_STATE^MDC|1.1.1.1.4|{AlarmStateTag}||||||F|||20150120151100.000+0530||||INGBTCPIC6MS057|&#xD;&#xA;OBX|8|ST|68483^MDC_ATTR_ALARM_INACTIVATION_STATE^MDC|1.1.1.1.5|{AlarmInactivationStateTag}||||||F|||20150120151100.000+0530||||INGBTCPIC6MS057|&#xD;&#xA;OBX|9|ST|68484^MDC_ATTR_ALARM_PRIORITY^MDC|1.1.1.1.6|PH||||||F|||20150120151100.000+0530||||INGBTCPIC6MS057|&#xD;&#xA;OBX|10|ST|68485^MDC_ATTR_ALERT_TYPE^MDC|1.1.1.1.7|SP||||||F|||20150120151100.000+0530||||INGBTCPIC6MS057|&#xD;&#xA;,7,4,True,Apnea Ventil,1089472800,151586,199680,True,active,enabled,CentralAudible,Patient,RedAlarm)" classname="Philips.PMP.Test.Auto.IheDriverAlarmTest" time="0.002" status="1" />
    <testcase name="IntelliBridgeIHEDriverAlarmTest (CapsuleMDIP,MSH|^~\&amp;|DATACAPTOR|Hospital1|||20180731192651.971+0200||ORU^R40^ORU_R40|8731192651980441|P|2.6|||AL|NE||8859/1|||IHE_PCD_004^IHE PCD^1.3.6.1.4.1.19376.1.6.1.4.1^ISO|&#xD;&#xA;PID|||PID3 ||Smith^John^^^^^L||20050415000000.000+0200|F|||||||FRENCH|||PID18|&#xD;&#xA;PV1||P|{PV13Location}|&#xD;&#xA;OBR|1||55674645-9bb1-4228-a330-4c07b9b37237^CAPSULE^6D8F69E0C97743C9^EUI-64|196616^MDC_EVT_ALARM^MDC|||20180731192651.000+0200|||Neuron|||Neuron||||||||BaxterIFMout_5.3.5_EV1000_Baxter_XYZ456 &#xD;&#xA;OBX|1||69669^NOM_ DEV_ANALY_CARD_OUTPUT_MDS^MDC|1.0.0.0|||||||X|||||||1234-56&#xD;&#xA;OBX|2||69670^NOM_ DEV_ANALY_CARD_OUTPUT_VMD^MDC|1.1.0.0|||||||X|&#xD;&#xA;OBX|3||69671^MDC_ NOM_ DEV_ANALY_CARD_OUTPUT_CHN^MDC|1.1.1.0|||||||X|&#xD;&#xA;OBX|4|CWE|196648^MDC_EVT_HI^MDIL|1.1.1.1.1|1073807359^NLS_DRV_New^NLS^^^^^^** testLa High| |||||F|||20180731192650.901+0200|&#xD;&#xA;OBX|13|NM|67305466^NOM_NEW^MDC^^^^^^testLabelNum|1.1.1.1.2|100|262656^MDC_DIM_DIMLESS^MDC|||||R|||20180622133129.224+0200|&#xD;&#xA;OBX|6|ST|68481^MDC_ATTR_EVENT_PHASE^MDC|1.1.1.1.3|start||||||F|||20180731192650.901+0200|&#xD;&#xA;OBX||ST|68482^MDC_ATTR_ALARM_STATE^MDC|1.1.1.1.4|{AlarmStateTag}||||||F|||20180731192650.901+0200|&#xD;&#xA;&#x9;&#x9;OBX||ST|68483^MDC_ATTR_ALARM_INACTIVATION_STATE^MDC|1.1.1.1.5|{AlarmInactivationStateTag}||||||F|||20180731192650.901+0200|&#xD;&#xA;OBX|9|ST|68484^MDC_ATTR_ALARM_PRIORITY^MDC|1.1.1.1.6|PM||||||F|||20180731192650.901+0200|&#xD;&#xA;OBX|10|ST|68485^MDC_ATTR_ALERT_TYPE^MDC|1.1.1.1.7|SP||||||F|||20180731192650.901+0200|,7,4,True,** testLa High,1073807359,67305466,196648,True,active,enabled,CentralAudible,Patient,YellowAlarm)" classname="Philips.PMP.Test.Auto.IheDriverAlarmTest" time="0.001" status="1" />
    <testcase name="IntelliBridgeIHEDriverAlarmTest (CapsuleMDIP,MSH|^~\&amp;|DATACAPTOR|Hospital1|||20180731192651.971+0200||ORU^R40^ORU_R40|8731192651980441|P|2.6|||AL|NE||8859/1|||IHE_PCD_004^IHE PCD^1.3.6.1.4.1.19376.1.6.1.4.1^ISO|&#xD;&#xA;PID|||PID3 ||Smith^John^^^^^L||20050415000000.000+0200|F|||||||FRENCH|||PID18|&#xD;&#xA;PV1||P|{PV13Location}|&#xD;&#xA;OBR|1||55674645-9bb1-4228-a330-4c07b9b37237^CAPSULE^6D8F69E0C97743C9^EUI-64|196616^MDC_EVT_ALARM^MDC|||20180731192651.000+0200|||Neuron|||Neuron||||||||BaxterIFMout_5.3.5_EV1000_Baxter_XYZ456 &#xD;&#xA;OBX|1||69669^NOM_ DEV_ANALY_CARD_OUTPUT_MDS^MDC|1.0.0.0|||||||X|||||||1234-56&#xD;&#xA;OBX|2||69670^NOM_ DEV_ANALY_CARD_OUTPUT_VMD^MDC|1.1.0.0|||||||X|&#xD;&#xA;OBX|3||69671^MDC_ NOM_ DEV_ANALY_CARD_OUTPUT_CHN^MDC|1.1.1.0|||||||X|&#xD;&#xA;OBX|4|CWE|196648^MDC_EVT_HI^MDIL|1.1.1.0.1|1073807359^NLS_DRV_New^NLS^^^^^^** testLa High| |||||F|||20180731192650.901+0200|&#xD;&#xA;OBX|13|NM|67305466^NOM_NEW^MDC^^^^^^testLabelNum|1.1.1.1.2|100|262656^MDC_DIM_DIMLESS^MDC|||||R|||20180622133129.224+0200|&#xD;&#xA;OBX|6|ST|68481^MDC_ATTR_EVENT_PHASE^MDC|1.1.1.1.3|end||||||F|||20180731192650.901+0200|&#xD;&#xA;OBX||ST|68482^MDC_ATTR_ALARM_STATE^MDC|1.1.1.1.4|{AlarmStateTag}||||||F|||20180731192650.901+0200|&#xD;&#xA;OBX||ST|68483^MDC_ATTR_ALARM_INACTIVATION_STATE^MDC|1.1.1.1.5|{AlarmInactivationStateTag}||||||F|||20180731192650.901+0200|&#xD;&#xA;OBX|9|ST|68484^MDC_ATTR_ALARM_PRIORITY^MDC|1.1.1.1.6|PM||||||F|||20180731192650.901+0200|&#xD;&#xA;OBX|10|ST|68485^MDC_ATTR_ALERT_TYPE^MDC|1.1.1.1.7|SP||||||F|||20180731192650.901+0200|,7,4,False,** testLa High,1073807359,67305466,196648,True,inactive,enabled,CentralAudible,Patient,YellowAlarm)" classname="Philips.PMP.Test.Auto.IheDriverAlarmTest" time="0.001" status="1" />
    <testcase name="IntelliBridgeIHEDriverAlarmTest (CapsuleMDIP,MSH|^~\&amp;|DATACAPTOR|Hospital1|||20180731192651.971+0200||ORU^R40^ORU_R40|8731192651980441|P|2.6|||AL|NE||8859/1|||IHE_PCD_004^IHE PCD^1.3.6.1.4.1.19376.1.6.1.4.1^ISO|&#xD;&#xA;PID|||PID3 ||Smith^John^^^^^L||20050415000000.000+0200|F|||||||FRENCH|||PID18|&#xD;&#xA;PV1||P|{PV13Location}|&#xD;&#xA;OBR|1||55674645-9bb1-4228-a330-4c07b9b37237^CAPSULE^6D8F69E0C97743C9^EUI-64|196616^MDC_EVT_ALARM^MDC|||20180731192651.000+0200|||Neuron|||Neuron||||||||BaxterIFMout_5.3.5_EV1000_Baxter_XYZ456 &#xD;&#xA;OBX|1||69669^NOM_ DEV_ANALY_CARD_OUTPUT_MDS^MDC|1.0.0.0|||||||X|||||||1234-56&#xD;&#xA;OBX|2||69670^NOM_ DEV_ANALY_CARD_OUTPUT_VMD^MDC|1.1.0.0|||||||X|&#xD;&#xA;OBX|3||69671^MDC_ NOM_ DEV_ANALY_CARD_OUTPUT_CHN^MDC|1.1.1.0|||||||X|&#xD;&#xA;OBX|4|CWE|196648^MDC_EVT_HI^MDIL|1.1.1.0.1|1073742878^NLS_DRV_GENERAL_ALERT_GENERIC_PHYS_ALERT_PRIO_MEDIUM^NLS^^^^^^** Flex High| |||||F|||20180731192650.901+0200|&#xD;&#xA;OBX|5|NM|2158686308^NLS_VUELINK_FLX1_NPS_TEXT_NUM1^MDC^^^^^^Flex|1.1.1.0.2|10|265216^MDC_DIM_X_L_PER_MIN^MDIL^^^^^^l/min|LowerAlarmLimit-UpperAlarmLimit or &gt;LowerAlarmLimit or &lt;UpperAlarmLimit||||F|&#xD;&#xA;OBX|6|ST|68481^MDC_ATTR_EVENT_PHASE^MDC|1.1.1.0.3|start||||||F|||20180731192650.901+0200|&#xD;&#xA;OBX||ST|68482^MDC_ATTR_ALARM_STATE^MDC|1.1.1.1.4|{AlarmStateTag}||||||F|||20180731192650.901+0200|&#xD;&#xA;&#x9;&#x9;OBX||ST|68483^MDC_ATTR_ALARM_INACTIVATION_STATE^MDC|1.1.1.1.5|{AlarmInactivationStateTag}||||||F|||20180731192650.901+0200|&#xD;&#xA;OBX|9|ST|68484^MDC_ATTR_ALARM_PRIORITY^MDC|1.1.1.0.6|PM||||||F|||20180731192650.901+0200|&#xD;&#xA;OBX|10|ST|68485^MDC_ATTR_ALERT_TYPE^MDC|1.1.1.0.7|SP||||||F|||20180731192650.901+0200|,7,4,True, Flex   Alarm,1073742878,65535,196648,True,active,enabled,CentralAudible,Patient,YellowAlarm)" classname="Philips.PMP.Test.Auto.IheDriverAlarmTest" time="0.001" status="1" />
    <testcase name="IntelliBridgeIHEDriverAlarmTest (CapsuleMDIP,MSH|^~\&amp;|DATACAPTOR|Hospital1|||20180731192651.971+0200||ORU^R40^ORU_R40|8731192651980441|P|2.6|||AL|NE||8859/1|||IHE_PCD_004^IHE PCD^1.3.6.1.4.1.19376.1.6.1.4.1^ISO|&#xD;&#xA;PID|||PID3 ||Smith^John^^^^^L||20050415000000.000+0200|F|||||||FRENCH|||PID18|&#xD;&#xA;PV1||P|{PV13Location}|&#xD;&#xA;OBR|1||55674645-9bb1-4228-a330-4c07b9b37237^CAPSULE^6D8F69E0C97743C9^EUI-64|196616^MDC_EVT_ALARM^MDC|||20180731192651.000+0200|||Neuron|||Neuron||||||||BaxterIFMout_5.3.5_EV1000_Baxter_XYZ456 &#xD;&#xA;OBX|1||69669^NOM_ DEV_ANALY_CARD_OUTPUT_MDS^MDC|1.0.0.0|||||||X|||||||1234-56&#xD;&#xA;OBX|2||69670^NOM_ DEV_ANALY_CARD_OUTPUT_VMD^MDC|1.1.0.0|||||||X|&#xD;&#xA;OBX|3||69671^MDC_ NOM_ DEV_ANALY_CARD_OUTPUT_CHN^MDC|1.1.1.0|||||||X|&#xD;&#xA;OBX|4|CWE|196648^MDC_EVT_HI^MDIL|1.1.1.0.1|1073742878^NLS_DRV_GENERAL_ALERT_GENERIC_PHYS_ALERT_PRIO_MEDIUM^NLS^^^^^^** Flex High| |||||F|||20180731192650.901+0200|&#xD;&#xA;OBX|5|NM|2158686308^NLS_VUELINK_FLX1_NPS_TEXT_NUM1^MDC^^^^^^Flex|1.1.1.0.2|10|265216^MDC_DIM_X_L_PER_MIN^MDIL^^^^^^l/min|LowerAlarmLimit-UpperAlarmLimit or &gt;LowerAlarmLimit or &lt;UpperAlarmLimit||||F|&#xD;&#xA;OBX|6|ST|68481^MDC_ATTR_EVENT_PHASE^MDC|1.1.1.0.3|end||||||F|||20180731192650.901+0200|&#xD;&#xA;OBX||ST|68482^MDC_ATTR_ALARM_STATE^MDC|1.1.1.1.4|{AlarmStateTag}||||||F|||20180731192650.901+0200|&#xD;&#xA;&#x9;&#x9;OBX||ST|68483^MDC_ATTR_ALARM_INACTIVATION_STATE^MDC|1.1.1.1.5|{AlarmInactivationStateTag}||||||F|||20180731192650.901+0200|&#xD;&#xA;OBX|9|ST|68484^MDC_ATTR_ALARM_PRIORITY^MDC|1.1.1.0.6|PM||||||F|||20180731192650.901+0200|&#xD;&#xA;OBX|10|ST|68485^MDC_ATTR_ALERT_TYPE^MDC|1.1.1.0.7|SP||||||F|||20180731192650.901+0200|,7,4,False, Flex   Alarm,1073742878,65535,196648,True,inactive,enabled,CentralAudible,Patient,YellowAlarm)" classname="Philips.PMP.Test.Auto.IheDriverAlarmTest" time="0.001" status="1" />
    <testcase name="IntelliBridgeIHEDriverAlarmTest (CapsuleMDIP,MSH|^~\&amp;|DATACAPTOR|Hospital1|||20220531172338.101-0400||ORU^R40^ORU_R40|HP0531172338.101PH2UA91414CR1304|P|2.6|||AL|NE||8859/1|EN^English^ISO639||IHE_PCD_004^IHE PCD^1.3.6.1.4.1.19376.1.6.1.4.1^ISO|&#xD;&#xA;&#x9;&#x9;PID|1||&quot;^^^Philips^MR||&quot;^&quot;^&quot;^^^^L||20050415000000.000+0200|F|||||||FRENCH|||PID18|&#xD;&#xA;&#x9;&#x9;PV1|2|I|ICU1^^^Bed001|1|&#xD;&#xA;&#x9;&#x9;OBR|3||0009fbFFFF5de1a6^^^EUI-64~ffe7f638-3b5a-4b5b-8583-9e5b9e31538b~00dd8472-1995-4faa-8160-9599c51aa36e|196616^MDC_EVT_ALARM^MDC|||20220531172338.101-0400||||||||||||||BaxterIFMout_5.3.5_EV1000_Baxter_XYZ456 &#xD;&#xA;&#x9;&#x9;OBX|4||69669^NOM_DEV_ANALY_CARD_OUTPUT_MDS^MDC|1.0.0.0|||||||X|||||||e5680320-6475-4206-9647-3de604646ad3-IntelliBridge EC80 - IntelliBridge&#xD;&#xA;&#x9;&#x9;OBX|5||69670^NOM_DEV_ANALY_CARD_OUTPUT_VMD^MDC|1.1.0.0|||||||X|||||||SG51204377&#xD;&#xA;&#x9;&#x9;OBX|6||69671^MDC_NOM_DEV_ANALY_CARD_OUTPUT_CHAN^MDC|1.1.1.0|||||||X|&#xD;&#xA;&#x9;&#x9;OBX|7|CWE|196648^MDC_EVT_HI^MDC|1.1.1.1.1|1073742880^NLS_DRV_GENERAL_ALERT_PHYS_ALERT_TOO_HIGH_PRIO_MEDIUM^NLS^^^^^^** CCO High|||SP|||F|||20180731192650.901+0200||||&#xD;&#xA;&#x9;&#x9;OBX|8|NM|150492^MDC_OUTPUT_CARD_CTS^MDIL^^^^^^CCO|1.1.1.1.2|6.4|265216^MDC_DIM_X_L_PER_MIN^MDIL^^^^^^l/min|||||F|&#xD;&#xA;&#x9;&#x9;OBX|9|ST|68481^MDC_ATTR_EVENT_PHASE^MDC|1.1.1.1.3|present||||||F|||20180731192650.901+0200|&#xD;&#xA;&#x9;&#x9;OBX||ST|68482^MDC_ATTR_ALARM_STATE^MDC|1.1.1.1.4|{AlarmStateTag}||||||F|||20180731192650.901+0200|&#xD;&#xA;&#x9;&#x9;OBX||ST|68483^MDC_ATTR_ALARM_INACTIVATION_STATE^MDC|1.1.1.1.5|{AlarmInactivationStateTag}||||||F|||20180731192650.901+0200|&#xD;&#xA;&#x9;&#x9;OBX|12|ST|68484^MDC_ATTR_ALARM_PRIORITY^MDC|1.1.1.0.6|PM||||||F|||20180731192650.901+0200|&#xD;&#xA;&#x9;&#x9;OBX|10|ST|68485^MDC_ATTR_ALERT_TYPE^MDC|1.1.1.0.7|SP||||||F|||20180731192650.901+0200|,7,4,True,CCO    Alarm,1073742880,150492,196648,True,active,enabled,CentralAudible,Patient,YellowAlarm)" classname="Philips.PMP.Test.Auto.IheDriverAlarmTest" time="0.001" status="1" />
    <system-out />
    <system-err />
  </testsuite>
  <testsuite name="Philips.PMP.Test.Auto.AlarmSummaryControlTest" hostname="RESTORMEL" package="not available" id="664" tests="2" failures="0" errors="0" skipped="0" time="0.140" timestamp="2023-12-13T03:30:23">
    <properties />
    <testcase name="AlarmSummaryControlTryGetReportForPrint (True)" classname="Philips.PMP.Test.Auto.AlarmSummaryControlTest" time="0.106" status="1" />
    <testcase name="AlarmSummaryControlTryGetReportForPrint (False)" classname="Philips.PMP.Test.Auto.AlarmSummaryControlTest" time="0.034" status="1" />
    <system-out />
    <system-err />
  </testsuite>
  <testsuite name="Philips.PMP.Test.Auto.ExportLogsControlTest" hostname="RESTORMEL" package="not available" id="665" tests="8" failures="0" errors="0" skipped="0" time="0.484" timestamp="2023-12-13T03:37:28">
    <properties />
    <testcase name="LogExportExcludesPatientInformationByDefault" classname="Philips.PMP.Test.Auto.ExportLogsControlTest" time="0.050" status="1" />
    <testcase name="LogExportValidatesInputs (False,False,False,False,False,False)" classname="Philips.PMP.Test.Auto.ExportLogsControlTest" time="0.114" status="1" />
    <testcase name="LogExportValidatesInputs (True,False,False,False,False,False)" classname="Philips.PMP.Test.Auto.ExportLogsControlTest" time="0.057" status="1" />
    <testcase name="LogExportValidatesInputs (True,True,False,False,False,True)" classname="Philips.PMP.Test.Auto.ExportLogsControlTest" time="0.066" status="1" />
    <testcase name="LogExportValidatesInputs (True,True,True,False,False,False)" classname="Philips.PMP.Test.Auto.ExportLogsControlTest" time="0.044" status="1" />
    <testcase name="LogExportValidatesInputs (True,True,True,True,False,True)" classname="Philips.PMP.Test.Auto.ExportLogsControlTest" time="0.053" status="1" />
    <testcase name="LogExportValidatesInputs (True,True,True,True,True,True)" classname="Philips.PMP.Test.Auto.ExportLogsControlTest" time="0.055" status="1" />
    <testcase name="ExportLogsControlClearsPasswordWhenExcludingPatientInformation" classname="Philips.PMP.Test.Auto.ExportLogsControlTest" time="0.046" status="1" />
    <system-out />
    <system-err />
  </testsuite>
  <testsuite name="Philips.CareEvent.Test.EventNotificationServiceTest" hostname="RESTORMEL" package="not available" id="666" tests="5" failures="0" errors="0" skipped="0" time="0.204" timestamp="2023-12-13T03:28:15">
    <properties />
    <testcase name="EventNotificationServiceGetEventFromCacheTest" classname="Philips.CareEvent.Test.EventNotificationServiceTest" time="0.004" status="1" />
    <testcase name="EventNotificationServiceGetEventReturnNullTest" classname="Philips.CareEvent.Test.EventNotificationServiceTest" time="0.020" status="1" />
    <testcase name="EventNotificationServiceGetEventTest" classname="Philips.CareEvent.Test.EventNotificationServiceTest" time="0.022" status="1" />
    <testcase name="EventNotificationServiceUpdateEventStatusTest" classname="Philips.CareEvent.Test.EventNotificationServiceTest" time="0.008" status="1" />
    <testcase name="EventNotificationServiceUpdateEventStatusEmptyInputsTest" classname="Philips.CareEvent.Test.EventNotificationServiceTest" time="0.150" status="1" />
    <system-out />
    <system-err />
  </testsuite>
  <testsuite name="Philips.PMP.Test.Auto.EcgSqiHelperTest" hostname="RESTORMEL" package="not available" id="667" tests="3" failures="0" errors="0" skipped="0" time="0.010" timestamp="2023-12-13T03:29:49">
    <properties />
    <testcase name="ComputeSqiWeightedSumTest" classname="Philips.PMP.Test.Auto.EcgSqiHelperTest" time="0.002" status="1" />
    <testcase name="ComputeWeightedSqiSumValidSequenceTest" classname="Philips.PMP.Test.Auto.EcgSqiHelperTest" time="0.001" status="1" />
    <testcase name="ComputeWeightedSqiSumInvalidSequenceTest" classname="Philips.PMP.Test.Auto.EcgSqiHelperTest" time="0.006" status="1" />
    <system-out />
    <system-err />
  </testsuite>
  <testsuite name="Philips.PMP.Test.Auto.TrendUploadValueProcessorTest" hostname="RESTORMEL" package="not available" id="668" tests="10" failures="0" errors="0" skipped="0" time="0.217" timestamp="2023-12-13T03:36:56">
    <properties />
    <testcase name="CheckMetricCategoryIsSetCorrectly" classname="Philips.PMP.Test.Auto.TrendUploadValueProcessorTest" time="0.001" status="1" />
    <testcase name="OverflowExceptionInGetPhysioDataTimeAfterColdstartTest" classname="Philips.PMP.Test.Auto.TrendUploadValueProcessorTest" time="0.084" status="1" />
    <testcase name="CompoundValuesAreMarkedCompoundTest" classname="Philips.PMP.Test.Auto.TrendUploadValueProcessorTest" time="0.019" status="1" />
    <testcase name="TrendUploadValueProcessorMergesDoubleNumericsTest" classname="Philips.PMP.Test.Auto.TrendUploadValueProcessorTest" time="0.025" status="1" />
    <testcase name="PulseValuesAreReconstructedCorrectlyTest" classname="Philips.PMP.Test.Auto.TrendUploadValueProcessorTest" time="0.028" status="1" />
    <testcase name="EEGNumericsAreReconstructedCorrectlyTest" classname="Philips.PMP.Test.Auto.TrendUploadValueProcessorTest" time="0.015" status="1" />
    <testcase name="OverflowExceptionDoesntHappenOnOldNbpTest" classname="Philips.PMP.Test.Auto.TrendUploadValueProcessorTest" time="0.020" status="1" />
    <testcase name="UnitCodesAreSentTest" classname="Philips.PMP.Test.Auto.TrendUploadValueProcessorTest" time="0.002" status="1" />
    <testcase name="SinglesAreNotMarkedCompoundTest" classname="Philips.PMP.Test.Auto.TrendUploadValueProcessorTest" time="0.021" status="1" />
    <testcase name="TelemdilPathNumericsMarkedAperiodicTest" classname="Philips.PMP.Test.Auto.TrendUploadValueProcessorTest" time="0.002" status="1" />
    <system-out />
    <system-err />
  </testsuite>
  <testsuite name="Philips.PIC.PatientCenter.Test.ColumnConfigProviderTest" hostname="RESTORMEL" package="not available" id="669" tests="7" failures="0" errors="0" skipped="0" time="2.875" timestamp="2023-12-13T03:29:06">
    <properties />
    <testcase name="ColumnConfigStoreAndDeleteTest (True,False,False,100)" classname="Philips.PIC.PatientCenter.Test.ColumnConfigProviderTest" time="0.071" status="1" />
    <testcase name="ColumnConfigStoreAndDeleteTest (True,True,False,50)" classname="Philips.PIC.PatientCenter.Test.ColumnConfigProviderTest" time="0.035" status="1" />
    <testcase name="ColumnConfigStoreAndDeleteTest (True,True,True,50)" classname="Philips.PIC.PatientCenter.Test.ColumnConfigProviderTest" time="0.040" status="1" />
    <testcase name="ColumnConfigStoreAndDeleteTest (False,False,False,100)" classname="Philips.PIC.PatientCenter.Test.ColumnConfigProviderTest" time="0.040" status="1" />
    <testcase name="ColumnConfigStoreAndDeleteTest (False,True,False,50)" classname="Philips.PIC.PatientCenter.Test.ColumnConfigProviderTest" time="0.034" status="1" />
    <testcase name="ColumnConfigStoreAndDeleteTest (False,True,True,50)" classname="Philips.PIC.PatientCenter.Test.ColumnConfigProviderTest" time="0.036" status="1" />
    <testcase name="ColumnConfigParsePhysioIdTest" classname="Philips.PIC.PatientCenter.Test.ColumnConfigProviderTest" time="2.619" status="1" />
    <system-out />
    <system-err />
  </testsuite>
  <testsuite name="Philips.CareEvent.Test.EventBridgeTests" hostname="RESTORMEL" package="not available" id="670" tests="10" failures="0" errors="0" skipped="0" time="0.600" timestamp="2023-12-13T03:28:14">
    <properties />
    <testcase name="StandardMessageStatusTest" classname="Philips.CareEvent.Test.EventBridgeTests" time="0.037" status="1" />
    <testcase name="LedCarrierSettingsTest" classname="Philips.CareEvent.Test.EventBridgeTests" time="0.011" status="1" />
    <testcase name="BridgeStatusUpdateTest" classname="Philips.CareEvent.Test.EventBridgeTests" time="0.026" status="1" />
    <testcase name="CarrierPortVerificationTest" classname="Philips.CareEvent.Test.EventBridgeTests" time="0.009" status="1" />
    <testcase name="ParseEmerginMessageXmlTest" classname="Philips.CareEvent.Test.EventBridgeTests" time="0.040" status="1" />
    <testcase name="PortsTest" classname="Philips.CareEvent.Test.EventBridgeTests" time="0.016" status="1" />
    <testcase name="ServiceStartStopTest" classname="Philips.CareEvent.Test.EventBridgeTests" time="0.301" status="1" />
    <testcase name="DispatchPortVerificationTest" classname="Philips.CareEvent.Test.EventBridgeTests" time="0.013" status="1" />
    <testcase name="CommunicationServiceSenderTest" classname="Philips.CareEvent.Test.EventBridgeTests" time="0.051" status="1" />
    <testcase name="StandardMessageSubmitCancelTest" classname="Philips.CareEvent.Test.EventBridgeTests" time="0.096" status="1" />
    <system-out />
    <system-err />
  </testsuite>
  <testsuite name="Philips.PMP.Test.Auto.LogProviderTest" hostname="RESTORMEL" package="not available" id="671" tests="6" failures="0" errors="0" skipped="0" time="0.206" timestamp="2023-12-13T03:34:34">
    <properties />
    <testcase name="GetLogEntries" classname="Philips.PMP.Test.Auto.LogProviderTest" time="0.193" status="1" />
    <testcase name="DatabaseTargetExecutionLocationTest (Configuration,False,Server)" classname="Philips.PMP.Test.Auto.LogProviderTest" time="0.004" status="1" />
    <testcase name="DatabaseTargetExecutionLocationTest (Configuration,True,Local)" classname="Philips.PMP.Test.Auto.LogProviderTest" time="0.001" status="1" />
    <testcase name="DatabaseTargetExecutionLocationTest (Database,True,Local)" classname="Philips.PMP.Test.Auto.LogProviderTest" time="0.002" status="1" />
    <testcase name="DatabaseTargetExecutionLocationTest (Database,False,Local)" classname="Philips.PMP.Test.Auto.LogProviderTest" time="0.001" status="1" />
    <testcase name="LogProviderGetTest" classname="Philips.PMP.Test.Auto.LogProviderTest" time="0.004" status="1" />
    <system-out />
    <system-err />
  </testsuite>
  <testsuite name="Philips.PMP.Test.Auto.HolterWaveValidityTest" hostname="RESTORMEL" package="not available" id="672" tests="1" failures="0" errors="0" skipped="0" time="0.011" timestamp="2023-12-13T03:29:42">
    <properties />
    <testcase name="HolterWaveValidity" classname="Philips.PMP.Test.Auto.HolterWaveValidityTest" time="0.011" status="1" />
    <system-out />
    <system-err />
  </testsuite>
  <testsuite name="Philips.PMP.Test.Auto.DbOffloadProviderTest" hostname="RESTORMEL" package="not available" id="673" tests="6" failures="0" errors="0" skipped="0" time="0.502" timestamp="2023-12-13T03:31:20">
    <properties />
    <testcase name="DbOffloadProviderIsAnyDbOffloadedTest" classname="Philips.PMP.Test.Auto.DbOffloadProviderTest" time="0.004" status="1" />
    <testcase name="DbOffloadProviderIsRemoteSqlServerTest (True,Physio,False)" classname="Philips.PMP.Test.Auto.DbOffloadProviderTest" time="0.001" status="1" />
    <testcase name="DbOffloadProviderIsRemoteSqlServerTest (False,Export,True)" classname="Philips.PMP.Test.Auto.DbOffloadProviderTest" time="0.001" status="1" />
    <testcase name="RemoteSqlsettingUpdateTest" classname="Philips.PMP.Test.Auto.DbOffloadProviderTest" time="0.253" status="1" />
    <testcase name="RemoteSqlGetTest" classname="Philips.PMP.Test.Auto.DbOffloadProviderTest" time="0.240" status="1" />
    <testcase name="DbOffloadProviderGetConfiguredOffloadedDbNamesTest" classname="Philips.PMP.Test.Auto.DbOffloadProviderTest" time="0.003" status="1" />
    <system-out />
    <system-err />
  </testsuite>
  <testsuite name="Philips.PMP.Test.Auto.IheMessageTypeIdentifierTest" hostname="RESTORMEL" package="not available" id="674" tests="4" failures="0" errors="0" skipped="0" time="0.005" timestamp="2023-12-13T03:29:45">
    <properties />
    <testcase name="IHEMessageTypeIdentifierTest (MSH|^~\&amp;|CONNECT|UMS|||20220614062102+0200||ORU^R01^ORU_R01|PCD-01_20220614042102219811|P|2.6|||AL|NE|||EN^English^ISO639||IHE_PCD_001^IHE PCD^1.3.6.1.4.1.19376.1.6.1.1.1^ISO&#xD;&#xA;&#x9;&#x9;PID|||Bed3^^^AIC^U||Bed3^^^^^^U&#xD;&#xA;&#x9;&#x9;PV1|2|I|{uniqueId}|1|&#xD;&#xA;&#x9;&#x9;OBR|1|ICU@Bed3@Alaris PK@8005-05758^AIC^ascom.com^DNS|ICU@Bed3@Alaris PK@8005-05758^AIC^ascom.com^DNS|ICU@Bed3@Alaris PK@8005-05758^Alfentanil|||20220614062100.108+0200&#xD;&#xA;&#x9;&#x9;OBX|1||69985^MDC_DEV_PUMP_INFUS_MDS^MDC|1.0.0.0|||||||X|||||||Alaris PK@8005-05758@1^AIC^ascom.com^DNS&#xD;&#xA;&#x9;&#x9;OBX|2||69986^MDC_DEV_PUMP_INFUS_VMD^MDC|1.1.0.0|||||||X&#xD;&#xA;&#x9;&#x9;OBX|4||126978^MDC_DEV_PUMP_INFUS_CHAN_DELIVERY^MDC|1.1.1.0|||||||X&#xD;&#xA;&#x9;&#x9;OBX|3|CWE|188772^MDC_COMM_STATUS^MDC|1.1.0.1|^comm-status-online^MDC||||||X&#xD;&#xA;&#x9;&#x9;OBX|5|CWE|184504^MDC_PUMP_MODE^MDC|1.1.1.11|^pump-mode-continuous^MDC||||||R&#xD;&#xA;&#x9;&#x9;OBX|6|CWE|184519^MDC_PUMP_INFUSING_STATUS^MDC|1.1.1.12|^pump-status-infusing^MDC||||||R&#xD;&#xA;&#x9;&#x9;OBX|7|NM|157784^MDC_FLOW_FLUID_PUMP^MDC|1.1.1.13|7.23|mL/h^mL/h^UCUM|||||R&#xD;&#xA;&#x9;&#x9;OBX|8|NM|157993^MDC_VOL_FLUID_DELIV_TOTAL^MDC|1.1.1.14|7.793|mL^mL^UCUM|||||R&#xD;&#xA;&#x9;&#x9;OBX|9|NM|0^MDCX_PUMP_PK_PC^MDC|1.1.1.16|19.9944|ng/mL^ng/mL^UCUM|||||R&#xD;&#xA;&#x9;&#x9;OBX|10|NM|0^MDCX_PUMP_PK_EC^MDC|1.1.1.17|19.9987|ng/mL^ng/mL^UCUM|||||R&#xD;&#xA;&#x9;&#x9;OBX|11|CWE|0^MDC_DEV_PUMP_ACTIVE_SOURCES^MDC|1.1.1.18|^pump-source-info-primary^MDC||||||R&#xD;&#xA;&#x9;&#x9;OBX|12||126977^MDC_DEV_PUMP_INFUS_CHAN_SOURCE^MDC|1.1.2.0|||||||X&#xD;&#xA;&#x9;&#x9;OBX|13|ST|184514^MDC_DRUG_NAME_LABEL^MDC|1.1.2.11|Alfentanil||||||R&#xD;&#xA;&#x9;&#x9;OBX|14|NM|157760^MDC_CONC_DRUG^MDC|1.1.2.12|100.00|mcg/mL^mcg/mL^UCUM|||||R&#xD;&#xA;&#x9;&#x9;OBX|15|NM|157784^MDC_FLOW_FLUID_PUMP^MDC|1.1.2.13|7.23|mL/h^mL/h^UCUM|||||R&#xD;&#xA;&#x9;&#x9;OBX|16|NM|157924^MDC_RATE_DOSE^MDC|1.1.2.14|0.17|mcg/kg/min^mcg/kg/min^UCUM|||||R&#xD;&#xA;&#x9;&#x9;OBX|17|NM|157864^MDC_VOL_FLUID_DELIV^MDC|1.1.2.15|0.010|mL^mL^UCUM|||||R&#xD;&#xA;&#x9;&#x9;OBX|18|NM|157993^MDC_VOL_FLUID_DELIV_TOTAL^MDC|1.1.2.16|7.793|mL^mL^UCUM|||||R&#xD;&#xA;&#x9;&#x9;OBX|19|NM|157872^MDC_VOL_FLUID_TBI_REMAIN^MDC|1.1.2.17||mL^mL^UCUM|||||X&#xD;&#xA;&#x9;&#x9;OBX|20|NM|157916^MDC_TIME_PD_REMAIN^MDC|1.1.2.18|314|min^min^UCUM|||||R&#xD;&#xA;&#x9;&#x9;OBX|21|NM|68063^MDC_ATTR_PT_WEIGHT^MDC|1.1.2.19|70.00|kg^kg^UCUM|||||R&#xD;&#xA;&#x9;&#x9;OBX|22|ST|0^MDCX_PUMP_PK_DRUGMODEL^MDC|1.1.2.21|Alfentanil_Maitre||||||R&#xD;&#xA;&#x9;&#x9;OBX|23|ST|0^MDCX_PUMP_PK_TARGETMODE^MDC|1.1.2.22|P||||||R&#xD;&#xA;&#x9;&#x9;OBX|24|NM|0^MDCX_PUMP_PK_TARGET^MDC|1.1.2.23|20.0000|ng/mL^ng/mL^UCUM|||||R&#xD;&#xA;&#x9;&#x9;OBX|25|ST|70055^MDC_DEV_PUMP_INFUS_SYRINGE_CHAN^MDC|1.1.4.0|||||||X&#xD;&#xA;&#x9;&#x9;OBX|26|ST|184488^MDC_SYRINGE_MANUFACTURER^MDC|1.1.4.10|IVAC||||||R&#xD;&#xA;&#x9;&#x9;OBX|27|NM|157880^MDC_VOL_SYRINGE^MDC|1.1.4.11|50|mL^mL^UCUM|||||R,PCD01)" classname="Philips.PMP.Test.Auto.IheMessageTypeIdentifierTest" time="0.003" status="1" />
    <testcase name="IHEMessageTypeIdentifierTest (MSH|^~\&amp;|PAT_DEVICE_PUMPVENDOR^9999990000000000^EUI-64|PUMPVENDOR|DOC_VENDOR|DOC_VENDOR|20151015132107-0500||ORU^R42^ORU_R01|6358051206735492253|P|2.6|||AL|NE||ASCII|en^English^ISO5715 639||IHE_PCD_010^IHE PCD^ 1.3.6.1.4.1.19376.1.6.4.10^ISO&#xD;&#xA;&#x9;&#x9;PID|||HO2009002^^^IHE^PI||Hon^Charles^^^^^L|Brooks^^^^^^L|19610201000000-0600|M|||||||||||||||||||||||N&#xD;&#xA;&#x9;&#x9;PV1||I|3 West ICU^3002^1&#xD;&#xA;&#x9;&#x9;OBR|1|AB12345^PCD-03|CD12345^HL7^ACDE48234567ABCD^EUI-5720 64|2222^Dopamine|||20151015132106-0500&#xD;&#xA;&#x9;&#x9;OBX|1||70049^MDC_DEV_PUMP_INFUS_LVP_MDS^MDC|1.0.0.0|||||||X|||||N0002||E0002^^0012210000000000^EUI-64&#xD;&#xA;&#x9;&#x9;OBX|2|ST|184517^MDC_PUMP_DRUG_LIBRARY_VERSION^MDC|1.0.0.1|DL1||||||R&#xD;&#xA;&#x9;&#x9;OBX|3|CWE|68487^MDC_ATTR_EVT_COND^MDC|1.0.0.2|197288^MDC_EVT_PUMP_DELIV_START5725 ^MDC||||||R&#xD;&#xA;&#x9;&#x9;OBX|4|ST|68488^MDC_ATTR_EVT_SOURCE^MDC|1.0.0.3|1.1.2.0||||||R&#xD;&#xA;&#x9;&#x9;OBX|5||70050^MDC_DEV_PUMP_INFUS_LVP_VMD^MDC|1.1.0.0|||||||X&#xD;&#xA;&#x9;&#x9;OBX|6||70067^MDC_DEV_PUMP_DELIVERY_INFO^MDC|1.1.1.0|||||||X&#xD;&#xA;&#x9;&#x9;OBX|7|CWE|184519^MDC_PUMP_INFUSING_STATUS^MDC|1.1.1.1|^pump-status-5730 infusing||||||R&#xD;&#xA;&#x9;&#x9;OBX|8|NM|158014^MDC_FLOW_FLUID_PUMP_CURRENT^MDC|1.1.1.2|15.4|265266^MDC_DIM_MILLI_L_PER_HR^MDC^mL/h^mL/h^UCUM|||||R&#xD;&#xA;&#x9;&#x9;OBX|9|CWE|158016^MDC_DEV_PUMP_ACTIVE_SOURCES^MDC|1.1.1.3|^pump-source-info-primary||||||R 5735&#xD;&#xA;&#x9;&#x9;OBX|10||70071^MDC_DEV_PUMP_INFUSATE_SOURCE_PRIMARY^MDC|1.1.2.0|||||||X&#xD;&#xA;&#x9;&#x9;OBX|11|CWE|158005^MDC_DEV_PUMP_CURRENT_DELIVERY_STATUS^MDC|1.1.2.1|^pump-delivery-status-delivering||||||R&#xD;&#xA;&#x9;&#x9;OBX|12|CWE|158008^MDC_DEV_PUMP_PROGRAM_DELIVERY_MODE^MDC|1.1.2.2|^pump-program-delivery-mode-continuous||||||R 5740&#xD;&#xA;&#x9;&#x9;OBX|13|ST|158012^MDC_DEV_PUMP_SOURCE_CHANNEL_LABEL^MDC|1.1.2.3|Primary||||||R&#xD;&#xA;&#x9;&#x9;OBX|14|NM|157784^MDC_FLOW_FLUID_PUMP^MDC|1.1.2.4|15.4|265266^MDC_DIM_MILLI_L_PER_HR^MDC^mL/h^mL/h^UCUM|||||R&#xD;&#xA;&#x9;&#x9;OBX|15|NM|157924^MDC_RATE_DOSE^MDC|1.1.2.5|5.00|265619^MDC_DIM_MICRO_G_PER_KG_PER_MIN^MDC^ug/kg/min^ug/kg/min^UCUM|||||R 5745&#xD;&#xA;&#x9;&#x9;OBX|16|NM|157884^MDC_VOL_FLUID_TBI^MDC|1.1.2.6|250.0|263762^MDC_DIM_MILLI_L^MDC^mL^mL^UCUM|||||R&#xD;&#xA;&#x9;&#x9;OBX|17|NM|157993^MDC_VOL_FLUID_DELIV_TOTAL^MDC|1.1.2.7|0.0|263762^MDC_DIM_MILLI_L^MDC^mL^mL^UCUM|||||R&#xD;&#xA;&#x9;&#x9;OBX|18|NM|157872^MDC_VOL_FLUID_TBI_REMAIN^MDC|1.1.2.8|250.0|263762^MDC_DIM_MI5750 LLI_L^MDC^mL^mL^UCUM|||||R&#xD;&#xA;&#x9;&#x9;OBX|19|NM|157916^MDC_TIME_PD_REMAIN^MDC|1.1.2.9|974|264352^MDC_DIM_MIN^MDC^min^min^UCUM|||||R&#xD;&#xA;&#x9;&#x9;OBX|20|ST|184514^MDC_DRUG_NAME_LABEL^MDC|1.1.2.10|Dopamine||||||R&#xD;&#xA;&#x9;&#x9;OBX|21|NM|157760^MDC_CONC_DRUG^MDC|1.1.2.11|1.6|264306^MDC_DIM_MILLI_G_PER_ML5755 ^MDC^mg/mL^mg/mL^UCUM|||||R&#xD;&#xA;&#x9;&#x9;OBX|22|ST|184516^MDC_PUMP_DRUG_LIBRARY_CARE_AREA^MDC|1.1.2.12|Crit Care||||||R&#xD;&#xA;&#x9;&#x9;OBX|23|NM|68063^MDC_ATTR_PT_WEIGHT^MDC|1.1.2.13|82.0|263875^MDC_DIM_KILO_G^MDC^kg^kg^UCUM|||||R,PCD10)" classname="Philips.PMP.Test.Auto.IheMessageTypeIdentifierTest" time="0.001" status="1" />
    <testcase name="IHEMessageTypeIdentifierTest (MSH|^~\&amp;|DATACAPTOR|Hospital1|||20180731192651.971+0200||ORU^R40^ORU_R40|8731192651980441|P|2.6|||AL|NE||8859/1|||IHE_PCD_004^IHE PCD^1.3.6.1.4.1.19376.1.6.1.4.1^ISO|&#xD;&#xA;&#x9;&#x9;PID|||PID3 ||Smith^John^^^^^L||20050415000000.000+0200|F|||||||FRENCH|||PID18|&#xD;&#xA;&#x9;&#x9;PV1||P|{PV13Location}|&#xD;&#xA;&#x9;&#x9;OBR|1|10564^CAPSULE^6D8F69E0C97743C9^EUI-64|10564^CAPSULE^6D8F69E0C97743C9^EUI-64|196616^MDC_EVT_ALARM^MDC|||20180731192651.000+0200|||Neuron |||Neuron|||||||NellcorPuritanBennettG_5.1.2_PB 980_Covidien &#xD;&#xA;&#x9;&#x9;OBX|1||70657^MDC_DEV_GENERAL_MDS^MDC|1.0.0.0|||||||X|&#xD;&#xA;&#x9;&#x9;OBX|2||69642^MDC_DEV_ANALY_SAT_O2_VMD^MDC|1.12.0.0|||||||X|&#xD;&#xA;&#x9;&#x9;OBX|3||69643^MDC_DEV_ANALY_SAT_O2_CHAN^MDC|1.12.1.0|||||||X|,PCD04)" classname="Philips.PMP.Test.Auto.IheMessageTypeIdentifierTest" time="0.000" status="1" />
    <testcase name="IHEMessageTypeIdentifierTest (MSH|^~\&amp;|DATACAPTOR|Hospital1|||20180731192651.971+0200||ORU^R41^ORU_R40|8731192651980441|P|2.6|||AL|NE||8859/1|||IHE_PCD_041^IHE PCD^1.4.1^ISO|&#xD;&#xA;&#x9;&#x9;PID|||PID3 ||Smith^John^^^^^L||20050415000000.000+0200|F|||||||FRENCH|||PID18|&#xD;&#xA;&#x9;&#x9;PV1||P|{PV13Location}|,PCD01)" classname="Philips.PMP.Test.Auto.IheMessageTypeIdentifierTest" time="0.000" status="1" />
    <system-out />
    <system-err />
  </testsuite>
  <testsuite name="Philips.PMP.Test.Auto.CustomStripLabelsControlHelperTest" hostname="RESTORMEL" package="not available" id="675" tests="2" failures="0" errors="0" skipped="0" time="0.083" timestamp="2023-12-13T03:29:40">
    <properties />
    <testcase name="CustomStripLabelsControlHelperSaveCustomStripLabels" classname="Philips.PMP.Test.Auto.CustomStripLabelsControlHelperTest" time="0.012" status="1" />
    <testcase name="CustomStripLabelsControlHelperGetCustomStripLabels" classname="Philips.PMP.Test.Auto.CustomStripLabelsControlHelperTest" time="0.071" status="1" />
    <system-out />
    <system-err />
  </testsuite>
  <testsuite name="Philips.PMP.Test.Auto.ConnectionStatusMonitorTest" hostname="RESTORMEL" package="not available" id="676" tests="3" failures="0" errors="0" skipped="0" time="0.007" timestamp="2023-12-13T03:37:17">
    <properties />
    <testcase name="ConnectionStatusMonitorTicksQueueStatusUpdates" classname="Philips.PMP.Test.Auto.ConnectionStatusMonitorTest" time="0.001" status="1" />
    <testcase name="ConnectionStatusMonitorReflectsMostRecentStatusUpdate" classname="Philips.PMP.Test.Auto.ConnectionStatusMonitorTest" time="0.005" status="1" />
    <testcase name="ConnectionStatusMonitorStartsAndStopsTheUnderlyingTimer" classname="Philips.PMP.Test.Auto.ConnectionStatusMonitorTest" time="0.002" status="1" />
    <system-out />
    <system-err />
  </testsuite>
  <testsuite name="Philips.PMP.Test.Auto.RepositoryNumericTest" hostname="RESTORMEL" package="not available" id="677" tests="26" failures="0" errors="0" skipped="0" time="0.096" timestamp="2023-12-13T03:35:52">
    <properties />
    <testcase name="EasiDerivationInNumericsTest" classname="Philips.PMP.Test.Auto.RepositoryNumericTest" time="0.013" status="1" />
    <testcase name="NumericRepositoryCanDeleteSpotCheckData" classname="Philips.PMP.Test.Auto.RepositoryNumericTest" time="0.002" status="1" />
    <testcase name="RepositoryNumericCheckUsedTimeMappings" classname="Philips.PMP.Test.Auto.RepositoryNumericTest" time="0.006" status="1" />
    <testcase name="RepositoryNumericCanRetrieveAllApplicableValues" classname="Philips.PMP.Test.Auto.RepositoryNumericTest" time="0.001" status="1" />
    <testcase name="HexadDerivationInNumericsTest" classname="Philips.PMP.Test.Auto.RepositoryNumericTest" time="0.002" status="1" />
    <testcase name="NumericRepositoryCanFilterSpotCheckData (True,0)" classname="Philips.PMP.Test.Auto.RepositoryNumericTest" time="0.001" status="1" />
    <testcase name="NumericRepositoryCanFilterSpotCheckData (False,1)" classname="Philips.PMP.Test.Auto.RepositoryNumericTest" time="0.000" status="1" />
    <testcase name="EC4080MultidynamicBehaviorTest" classname="Philips.PMP.Test.Auto.RepositoryNumericTest" time="0.058" status="1" />
    <testcase name="QuicklyDeletedNumericsAreStillSentOutRepositoryTest" classname="Philips.PMP.Test.Auto.RepositoryNumericTest" time="0.001" status="1" />
    <testcase name="RepositoryNumericShouldAllowDisplay (DelphiHigh15In,True,147842,True,Unavailable,True)" classname="Philips.PMP.Test.Auto.RepositoryNumericTest" time="0.001" status="1" />
    <testcase name="RepositoryNumericShouldAllowDisplay (ExtDevServer,False,147842,True,0,True)" classname="Philips.PMP.Test.Auto.RepositoryNumericTest" time="0.001" status="1" />
    <testcase name="RepositoryNumericShouldAllowDisplay (IbridgeEc40Hub,False,147842,True,0,True)" classname="Philips.PMP.Test.Auto.RepositoryNumericTest" time="0.000" status="1" />
    <testcase name="RepositoryNumericShouldAllowDisplay (IbridgeEc48Hub,False,147842,True,0,True)" classname="Philips.PMP.Test.Auto.RepositoryNumericTest" time="0.001" status="1" />
    <testcase name="RepositoryNumericShouldAllowDisplay (DelphiHigh15In,True,2158686308,True,Unavailable,True)" classname="Philips.PMP.Test.Auto.RepositoryNumericTest" time="0.001" status="1" />
    <testcase name="RepositoryNumericShouldAllowDisplay (ExtDevServer,False,2158686308,True,0,False)" classname="Philips.PMP.Test.Auto.RepositoryNumericTest" time="0.001" status="1" />
    <testcase name="RepositoryNumericShouldAllowDisplay (IbridgeEc40Hub,False,2158686308,True,0,False)" classname="Philips.PMP.Test.Auto.RepositoryNumericTest" time="0.001" status="1" />
    <testcase name="RepositoryNumericShouldAllowDisplay (IbridgeEc48Hub,False,2158686308,True,0,False)" classname="Philips.PMP.Test.Auto.RepositoryNumericTest" time="0.000" status="1" />
    <testcase name="RepositoryNumericShouldAllowDisplay (DelphiHigh15In,True,147842,False,Unavailable,True)" classname="Philips.PMP.Test.Auto.RepositoryNumericTest" time="0.000" status="1" />
    <testcase name="RepositoryNumericShouldAllowDisplay (ExtDevServer,False,147842,False,0,False)" classname="Philips.PMP.Test.Auto.RepositoryNumericTest" time="0.001" status="1" />
    <testcase name="RepositoryNumericShouldAllowDisplay (IbridgeEc40Hub,False,147842,False,0,False)" classname="Philips.PMP.Test.Auto.RepositoryNumericTest" time="0.001" status="1" />
    <testcase name="RepositoryNumericShouldAllowDisplay (IbridgeEc48Hub,False,147842,False,0,False)" classname="Philips.PMP.Test.Auto.RepositoryNumericTest" time="0.001" status="1" />
    <testcase name="RepositoryNumericShouldAllowDisplay (ExtDevServer,False,147842,True,Unavailable,False)" classname="Philips.PMP.Test.Auto.RepositoryNumericTest" time="0.000" status="1" />
    <testcase name="RepositoryNumericShouldAllowDisplay (IbridgeEc40Hub,False,147842,True,Unavailable,False)" classname="Philips.PMP.Test.Auto.RepositoryNumericTest" time="0.000" status="1" />
    <testcase name="RepositoryNumericShouldAllowDisplay (IbridgeEc48Hub,False,147842,True,Unavailable,False)" classname="Philips.PMP.Test.Auto.RepositoryNumericTest" time="0.000" status="1" />
    <testcase name="RepositoryNumericShouldAllowDisplay (DelphiHigh15In,True,2158686308,False,Unavailable,True)" classname="Philips.PMP.Test.Auto.RepositoryNumericTest" time="0.001" status="1" />
    <testcase name="AddingRawDataTest" classname="Philips.PMP.Test.Auto.RepositoryNumericTest" time="0.001" status="1" />
    <system-out />
    <system-err />
  </testsuite>
  <testsuite name="Philips.PMP.Test.Auto.CertificateInstallStoreMgrTest" hostname="RESTORMEL" package="not available" id="678" tests="8" failures="0" errors="0" skipped="0" time="0.508" timestamp="2023-12-13T03:29:39">
    <properties />
    <testcase name="CertificateInstallStoreMgrEnsureClientCertInDb (True,False)" classname="Philips.PMP.Test.Auto.CertificateInstallStoreMgrTest" time="0.048" status="1" />
    <testcase name="CertificateInstallStoreMgrEnsureClientCertInDb (True,True)" classname="Philips.PMP.Test.Auto.CertificateInstallStoreMgrTest" time="0.038" status="1" />
    <testcase name="CertificateInstallStoreMgrEnsureClientCertInDb (False,True)" classname="Philips.PMP.Test.Auto.CertificateInstallStoreMgrTest" time="0.034" status="1" />
    <testcase name="CertificateInstallStoreMgrEnsureClientCertInDb (False,False)" classname="Philips.PMP.Test.Auto.CertificateInstallStoreMgrTest" time="0.033" status="1" />
    <testcase name="CertificateInstallStoreMgrEnsureRootCertInDb (True,False)" classname="Philips.PMP.Test.Auto.CertificateInstallStoreMgrTest" time="0.229" status="1" />
    <testcase name="CertificateInstallStoreMgrEnsureRootCertInDb (True,True)" classname="Philips.PMP.Test.Auto.CertificateInstallStoreMgrTest" time="0.052" status="1" />
    <testcase name="CertificateInstallStoreMgrEnsureRootCertInDb (False,True)" classname="Philips.PMP.Test.Auto.CertificateInstallStoreMgrTest" time="0.046" status="1" />
    <testcase name="CertificateInstallStoreMgrEnsureRootCertInDb (False,False)" classname="Philips.PMP.Test.Auto.CertificateInstallStoreMgrTest" time="0.028" status="1" />
    <system-out />
    <system-err />
  </testsuite>
  <testsuite name="Philips.PMP.Test.Auto.HistoricDataRetrieverTest" hostname="RESTORMEL" package="not available" id="679" tests="5" failures="0" errors="0" skipped="0" time="0.011" timestamp="2023-12-13T03:36:09">
    <properties />
    <testcase name="HistoricDataRetrieverGetDataTest (False,False,False,0)" classname="Philips.PMP.Test.Auto.HistoricDataRetrieverTest" time="0.001" status="1" />
    <testcase name="HistoricDataRetrieverGetDataTest (True,True,False,0)" classname="Philips.PMP.Test.Auto.HistoricDataRetrieverTest" time="0.001" status="1" />
    <testcase name="HistoricDataRetrieverGetDataTest (True,False,True,0)" classname="Philips.PMP.Test.Auto.HistoricDataRetrieverTest" time="0.001" status="1" />
    <testcase name="HistoricDataRetrieverGetDataTest (True,False,False,1)" classname="Philips.PMP.Test.Auto.HistoricDataRetrieverTest" time="0.001" status="1" />
    <testcase name="ShouldGetLatestDataIsTrue" classname="Philips.PMP.Test.Auto.HistoricDataRetrieverTest" time="0.006" status="1" />
    <system-out />
    <system-err />
  </testsuite>
  <testsuite name="Philips.RootMain.Test.CertificateInstallMgrTest" hostname="RESTORMEL" package="not available" id="680" tests="24" failures="0" errors="0" skipped="0" time="2.188" timestamp="2023-12-13T03:38:59">
    <properties />
    <testcase name="OtherHostCaNotConfiguredSucceedTest" classname="Philips.RootMain.Test.CertificateInstallMgrTest" time="0.014" status="1" />
    <testcase name="ImportedCertNoNewCertNeeded" classname="Philips.RootMain.Test.CertificateInstallMgrTest" time="0.004" status="1" />
    <testcase name="CertificateInDb" classname="Philips.RootMain.Test.CertificateInstallMgrTest" time="0.009" status="1" />
    <testcase name="ValidateCaThumbprintSucceedTest" classname="Philips.RootMain.Test.CertificateInstallMgrTest" time="0.006" status="1" />
    <testcase name="ValidateCaThumbprintFail3Test" classname="Philips.RootMain.Test.CertificateInstallMgrTest" time="0.004" status="1" />
    <testcase name="OtherHostCaNotConfiguredFailValidation2Test" classname="Philips.RootMain.Test.CertificateInstallMgrTest" time="0.007" status="1" />
    <testcase name="CanAttachPrivateKeysToCertificates (True)" classname="Philips.RootMain.Test.CertificateInstallMgrTest" time="0.972" status="1" />
    <testcase name="CanAttachPrivateKeysToCertificates (False)" classname="Philips.RootMain.Test.CertificateInstallMgrTest" time="0.489" status="1" />
    <testcase name="ThisHostCaNotConfiguredFailExport2Test" classname="Philips.RootMain.Test.CertificateInstallMgrTest" time="0.007" status="1" />
    <testcase name="ThisHostCaNotConfiguredFailExport1Test" classname="Philips.RootMain.Test.CertificateInstallMgrTest" time="0.007" status="1" />
    <testcase name="OtherHostCaNotConfiguredFailStoreClientTest" classname="Philips.RootMain.Test.CertificateInstallMgrTest" time="0.011" status="1" />
    <testcase name="ValidateCaThumbprintFail2Test" classname="Philips.RootMain.Test.CertificateInstallMgrTest" time="0.004" status="1" />
    <testcase name="OtherHostCaNotConfiguredWithSubjectAlternativeNameSucceeded" classname="Philips.RootMain.Test.CertificateInstallMgrTest" time="0.013" status="1" />
    <testcase name="ThisHostWithSubjectAlternateName" classname="Philips.RootMain.Test.CertificateInstallMgrTest" time="0.043" status="1" />
    <testcase name="CaCertificateInDbTest (True,0)" classname="Philips.RootMain.Test.CertificateInstallMgrTest" time="0.009" status="1" />
    <testcase name="CaCertificateInDbTest (False,1)" classname="Philips.RootMain.Test.CertificateInstallMgrTest" time="0.006" status="1" />
    <testcase name="ThisHostCaAlreadyConfiguredTest" classname="Philips.RootMain.Test.CertificateInstallMgrTest" time="0.284" status="1" />
    <testcase name="CertificateNotInDb" classname="Philips.RootMain.Test.CertificateInstallMgrTest" time="0.006" status="1" />
    <testcase name="ThisHostCaNotConfiguredFailGenerateClientTest" classname="Philips.RootMain.Test.CertificateInstallMgrTest" time="0.007" status="1" />
    <testcase name="ThisHostCaNotConfiguredSucceedTest" classname="Philips.RootMain.Test.CertificateInstallMgrTest" time="0.227" status="1" />
    <testcase name="OtherHostCaNotConfiguredFailValidation1Test" classname="Philips.RootMain.Test.CertificateInstallMgrTest" time="0.007" status="1" />
    <testcase name="ValidateCaThumbprintFail1Test" classname="Philips.RootMain.Test.CertificateInstallMgrTest" time="0.006" status="1" />
    <testcase name="ThisHostCaNotConfiguredFailGenerateCaTest" classname="Philips.RootMain.Test.CertificateInstallMgrTest" time="0.021" status="1" />
    <testcase name="OtherHostCaNotConfiguredFailStoreCaTest" classname="Philips.RootMain.Test.CertificateInstallMgrTest" time="0.024" status="1" />
    <system-out />
    <system-err />
  </testsuite>
  <testsuite name="Philips.IX.UserManagement.Test.ProveIdWebApiServerTest" hostname="RESTORMEL" package="not available" id="681" tests="8" failures="0" errors="0" skipped="0" time="0.190" timestamp="2023-12-13T03:39:03">
    <properties />
    <testcase name="TrySendMessageAuthenticationExceptionTest" classname="Philips.IX.UserManagement.Test.ProveIdWebApiServerTest" time="0.021" status="1" />
    <testcase name="IsAvailableTest" classname="Philips.IX.UserManagement.Test.ProveIdWebApiServerTest" time="0.008" status="1" />
    <testcase name="TrySendMessageServerTimeoutTest" classname="Philips.IX.UserManagement.Test.ProveIdWebApiServerTest" time="0.074" status="1" />
    <testcase name="TrySendMessageGeneralExceptionTest" classname="Philips.IX.UserManagement.Test.ProveIdWebApiServerTest" time="0.006" status="1" />
    <testcase name="TrySendMessageSucceedTest" classname="Philips.IX.UserManagement.Test.ProveIdWebApiServerTest" time="0.007" status="1" />
    <testcase name="DownServerFromStartTest" classname="Philips.IX.UserManagement.Test.ProveIdWebApiServerTest" time="0.003" status="1" />
    <testcase name="TrySendMessageCancelTest" classname="Philips.IX.UserManagement.Test.ProveIdWebApiServerTest" time="0.006" status="1" />
    <testcase name="ConstructDisposeTest" classname="Philips.IX.UserManagement.Test.ProveIdWebApiServerTest" time="0.065" status="1" />
    <system-out />
    <system-err />
  </testsuite>
  <testsuite name="Philips.PMP.Test.Auto.EventWorkflowServiceMgrTest" hostname="RESTORMEL" package="not available" id="682" tests="10" failures="0" errors="0" skipped="0" time="13.499" timestamp="2023-12-13T03:36:23">
    <properties />
    <testcase name="EventMonitorCallbackForBedsConfiguredInEventMonitor (True)" classname="Philips.PMP.Test.Auto.EventWorkflowServiceMgrTest" time="0.166" status="1" />
    <testcase name="EventMonitorCallbackForBedsConfiguredInEventMonitor (False)" classname="Philips.PMP.Test.Auto.EventWorkflowServiceMgrTest" time="0.001" status="1" />
    <testcase name="EventWorkflowServiceMgrCreateCorrectUri (True)" classname="Philips.PMP.Test.Auto.EventWorkflowServiceMgrTest" time="0.014" status="1" />
    <testcase name="EventWorkflowServiceMgrCreateCorrectUri (False)" classname="Philips.PMP.Test.Auto.EventWorkflowServiceMgrTest" time="0.003" status="1" />
    <testcase name="EventMonitorGetEventDetailsReturnsInfoAndDispatchDetails" classname="Philips.PMP.Test.Auto.EventWorkflowServiceMgrTest" time="0.091" status="1" />
    <testcase name="EventWorkflowServiceMgrCanCreateWithNoZone" classname="Philips.PMP.Test.Auto.EventWorkflowServiceMgrTest" time="0.155" status="1" />
    <testcase name="EventWorkflowServiceMgrCanValidate (False,Failure)" classname="Philips.PMP.Test.Auto.EventWorkflowServiceMgrTest" time="4.019" status="1" />
    <testcase name="EventWorkflowServiceMgrCanValidate (True,Success)" classname="Philips.PMP.Test.Auto.EventWorkflowServiceMgrTest" time="2.099" status="1" />
    <testcase name="EventWorkflowServiceMgrCanConnectToService (True)" classname="Philips.PMP.Test.Auto.EventWorkflowServiceMgrTest" time="3.911" status="1" />
    <testcase name="EventWorkflowServiceMgrCanConnectToService (False)" classname="Philips.PMP.Test.Auto.EventWorkflowServiceMgrTest" time="3.040" status="1" />
    <system-out />
    <system-err />
  </testsuite>
  <testsuite name="Philips.CareEvent.Test.ReportServicesQualifierTest" hostname="RESTORMEL" package="not available" id="683" tests="5" failures="0" errors="0" skipped="0" time="0.149" timestamp="2023-12-13T03:28:16">
    <properties />
    <testcase name="ReportingServicesQualifierTest (True,False,False,Failure)" classname="Philips.CareEvent.Test.ReportServicesQualifierTest" time="0.112" status="1" />
    <testcase name="ReportingServicesQualifierTest (False,True,False,Failure)" classname="Philips.CareEvent.Test.ReportServicesQualifierTest" time="0.002" status="1" />
    <testcase name="ReportingServicesQualifierTest (False,False,False,Success)" classname="Philips.CareEvent.Test.ReportServicesQualifierTest" time="0.005" status="1" />
    <testcase name="ReportingServicesQualifierTest (True,True,True,Failure)" classname="Philips.CareEvent.Test.ReportServicesQualifierTest" time="0.027" status="1" />
    <testcase name="ReportingServicesQualifierTest (False,False,True,Success)" classname="Philips.CareEvent.Test.ReportServicesQualifierTest" time="0.004" status="1" />
    <system-out />
    <system-err />
  </testsuite>
  <testsuite name="Philips.PMP.Test.Auto.RecordingProviderTest" hostname="RESTORMEL" package="not available" id="684" tests="2" failures="0" errors="0" skipped="0" time="0.377" timestamp="2023-12-13T03:33:18">
    <properties />
    <testcase name="UnitRecordingSettingTest" classname="Philips.PMP.Test.Auto.RecordingProviderTest" time="0.039" status="1" />
    <testcase name="UnitRecorderTopologyTest" classname="Philips.PMP.Test.Auto.RecordingProviderTest" time="0.337" status="1" />
    <system-out />
    <system-err />
  </testsuite>
  <testsuite name="Philips.PMP.Test.Auto.PatientIdTest" hostname="RESTORMEL" package="not available" id="685" tests="49" failures="0" errors="0" skipped="0" time="0.205" timestamp="2023-12-13T03:29:49">
    <properties />
    <testcase name="PatientIdTryConvertHifFieldTest" classname="Philips.PMP.Test.Auto.PatientIdTest" time="0.005" status="1" />
    <testcase name="PatientIdentityConvertEncounterIdTest (AccountNumber,True,AccountNumber,True)" classname="Philips.PMP.Test.Auto.PatientIdTest" time="0.002" status="1" />
    <testcase name="PatientIdentityConvertEncounterIdTest (VisitNumber,True,AccountNumber,False)" classname="Philips.PMP.Test.Auto.PatientIdTest" time="0.019" status="1" />
    <testcase name="PatientIdentityConvertEncounterIdTest (AccountNumber,True,VisitNumber,False)" classname="Philips.PMP.Test.Auto.PatientIdTest" time="0.001" status="1" />
    <testcase name="PatientIdentityConvertEncounterIdTest (VisitNumber,True,VisitNumber,True)" classname="Philips.PMP.Test.Auto.PatientIdTest" time="0.000" status="1" />
    <testcase name="PatientIdentityConvertEncounterIdTest (AccountNumber,False,AccountNumber,False)" classname="Philips.PMP.Test.Auto.PatientIdTest" time="0.000" status="1" />
    <testcase name="PatientIdentityConvertEncounterIdTest (VisitNumber,False,AccountNumber,False)" classname="Philips.PMP.Test.Auto.PatientIdTest" time="0.000" status="1" />
    <testcase name="PatientIdentityConvertLifetimeIdTest (MedicalRecordNumber,True,MRN,True)" classname="Philips.PMP.Test.Auto.PatientIdTest" time="0.003" status="1" />
    <testcase name="PatientIdentityConvertLifetimeIdTest (SocialSecurityNumber,True,SSN,True)" classname="Philips.PMP.Test.Auto.PatientIdTest" time="0.000" status="1" />
    <testcase name="PatientIdentityConvertLifetimeIdTest (PatientMedicaidNumber,True,MedicaidId,True)" classname="Philips.PMP.Test.Auto.PatientIdTest" time="0.000" status="1" />
    <testcase name="PatientIdentityConvertLifetimeIdTest (MilitaryIdNumber,True,MilitaryId,True)" classname="Philips.PMP.Test.Auto.PatientIdTest" time="0.008" status="1" />
    <testcase name="PatientIdentityConvertLifetimeIdTest (DriversLicenseNumber,True,DriversLicense,True)" classname="Philips.PMP.Test.Auto.PatientIdTest" time="0.001" status="1" />
    <testcase name="PatientIdentityConvertLifetimeIdTest (MedicalRecordNumber,True,SSN,False)" classname="Philips.PMP.Test.Auto.PatientIdTest" time="0.000" status="1" />
    <testcase name="PatientIdentityConvertLifetimeIdTest (SocialSecurityNumber,True,MRN,False)" classname="Philips.PMP.Test.Auto.PatientIdTest" time="0.000" status="1" />
    <testcase name="PatientIdentityConvertLifetimeIdTest (PatientMedicaidNumber,True,MRN,False)" classname="Philips.PMP.Test.Auto.PatientIdTest" time="0.000" status="1" />
    <testcase name="PatientIdentityConvertLifetimeIdTest (MilitaryIdNumber,True,MRN,False)" classname="Philips.PMP.Test.Auto.PatientIdTest" time="0.000" status="1" />
    <testcase name="PatientIdentityConvertLifetimeIdTest (DriversLicenseNumber,True,MRN,False)" classname="Philips.PMP.Test.Auto.PatientIdTest" time="0.000" status="1" />
    <testcase name="PatientIdentityConvertLifetimeIdTest (MedicalRecordNumber,False,MRN,False)" classname="Philips.PMP.Test.Auto.PatientIdTest" time="0.002" status="1" />
    <testcase name="PatientIdentityConvertLifetimeIdTest (SocialSecurityNumber,False,MRN,False)" classname="Philips.PMP.Test.Auto.PatientIdTest" time="0.002" status="1" />
    <testcase name="PatientIdentityConvertLifetimeIdTest (PatientMedicaidNumber,False,MRN,False)" classname="Philips.PMP.Test.Auto.PatientIdTest" time="0.000" status="1" />
    <testcase name="PatientIdentityConvertLifetimeIdTest (MilitaryIdNumber,False,MRN,False)" classname="Philips.PMP.Test.Auto.PatientIdTest" time="0.000" status="1" />
    <testcase name="PatientIdentityConvertLifetimeIdTest (DriversLicenseNumber,False,MRN,False)" classname="Philips.PMP.Test.Auto.PatientIdTest" time="0.001" status="1" />
    <testcase name="PatientIdSetIdsForPpisTest (True,True,True,True)" classname="Philips.PMP.Test.Auto.PatientIdTest" time="0.009" status="1" />
    <testcase name="PatientIdSetIdsForPpisTest (True,False,True,False)" classname="Philips.PMP.Test.Auto.PatientIdTest" time="0.002" status="1" />
    <testcase name="PatientIdSetIdsForPpisTest (False,True,False,True)" classname="Philips.PMP.Test.Auto.PatientIdTest" time="0.001" status="1" />
    <testcase name="PatientIdSetIdsForPpisTest (False,False,False,False)" classname="Philips.PMP.Test.Auto.PatientIdTest" time="0.023" status="1" />
    <testcase name="PatientIdCollectionsReturnCopiesTest" classname="Philips.PMP.Test.Auto.PatientIdTest" time="0.003" status="1" />
    <testcase name="PatientIdGetIdFromPpisTest (Unknown,Unknown,False,False)" classname="Philips.PMP.Test.Auto.PatientIdTest" time="0.013" status="1" />
    <testcase name="PatientIdGetIdFromPpisTest (DriversLicense,AccountNumber,True,True)" classname="Philips.PMP.Test.Auto.PatientIdTest" time="0.000" status="1" />
    <testcase name="PatientIdGetIdFromPpisTest (MedicaidId,VisitNumber,True,True)" classname="Philips.PMP.Test.Auto.PatientIdTest" time="0.000" status="1" />
    <testcase name="PatientIdGetIdFromPpisTest (MilitaryId,AccountNumber,True,False)" classname="Philips.PMP.Test.Auto.PatientIdTest" time="0.000" status="1" />
    <testcase name="PatientIdGetIdFromPpisTest (MilitaryId,AccountNumber,False,True)" classname="Philips.PMP.Test.Auto.PatientIdTest" time="0.003" status="1" />
    <testcase name="PatientIdGetIdFromPpisTest (SSN,VisitNumber,True,True)" classname="Philips.PMP.Test.Auto.PatientIdTest" time="0.002" status="1" />
    <testcase name="PatientIdentityGenderAttributeTest (SexUnspecified,SexUnknown)" classname="Philips.PMP.Test.Auto.PatientIdTest" time="0.013" status="1" />
    <testcase name="PatientIdentityGenderAttributeTest (SexUnknown,SexUnknown)" classname="Philips.PMP.Test.Auto.PatientIdTest" time="0.001" status="1" />
    <testcase name="PatientIdentityGenderAttributeTest (Male,Male)" classname="Philips.PMP.Test.Auto.PatientIdTest" time="0.001" status="1" />
    <testcase name="PatientIdentityGenderAttributeTest (Female,Female)" classname="Philips.PMP.Test.Auto.PatientIdTest" time="0.020" status="1" />
    <testcase name="PatientIdentityDobAttributeTest" classname="Philips.PMP.Test.Auto.PatientIdTest" time="0.001" status="1" />
    <testcase name="PatientIdentityAttributeTest (Smith,LastName)" classname="Philips.PMP.Test.Auto.PatientIdTest" time="0.003" status="1" />
    <testcase name="PatientIdentityAttributeTest (BellVue,MiddleName)" classname="Philips.PMP.Test.Auto.PatientIdTest" time="0.025" status="1" />
    <testcase name="PatientIdentityAttributeTest (Charles,FirstName)" classname="Philips.PMP.Test.Auto.PatientIdTest" time="0.001" status="1" />
    <testcase name="PatientIdentitySetAuthoritativeTest (True)" classname="Philips.PMP.Test.Auto.PatientIdTest" time="0.002" status="1" />
    <testcase name="PatientIdentitySetAuthoritativeTest (False)" classname="Philips.PMP.Test.Auto.PatientIdTest" time="0.017" status="1" />
    <testcase name="PatientIdentityNumberTest (123,MedicalRecordNumber)" classname="Philips.PMP.Test.Auto.PatientIdTest" time="0.002" status="1" />
    <testcase name="PatientIdentityNumberTest (321,SocialSecurityNumber)" classname="Philips.PMP.Test.Auto.PatientIdTest" time="0.004" status="1" />
    <testcase name="PatientIdentityNumberTest (456,DriversLicenseNumber)" classname="Philips.PMP.Test.Auto.PatientIdTest" time="0.002" status="1" />
    <testcase name="PatientIdentityNumberTest (654,AccountNumber)" classname="Philips.PMP.Test.Auto.PatientIdTest" time="0.003" status="1" />
    <testcase name="PatientIdentityNumberTest (789,VisitNumber)" classname="Philips.PMP.Test.Auto.PatientIdTest" time="0.004" status="1" />
    <testcase name="PatientIdentityNumberTest (987,PatientInternalIdentifier)" classname="Philips.PMP.Test.Auto.PatientIdTest" time="0.003" status="1" />
    <system-out />
    <system-err />
  </testsuite>
  <testsuite name="Philips.PMP.Test.Auto.MasterHostSelectionChannelMgrTest" hostname="RESTORMEL" package="not available" id="686" tests="9" failures="0" errors="0" skipped="0" time="0.738" timestamp="2023-12-13T03:29:47">
    <properties />
    <testcase name="MasterHostSelectionChannelMgrDoesNotThrowExceptionWhenRequestingSubscriberInZoneWithNoCanidates" classname="Philips.PMP.Test.Auto.MasterHostSelectionChannelMgrTest" time="0.004" status="1" />
    <testcase name="MasterHostSelectionChannelMgrCanCloseChannel" classname="Philips.PMP.Test.Auto.MasterHostSelectionChannelMgrTest" time="0.136" status="1" />
    <testcase name="MasterHostSelectionChannelMgrCanGetElectableZoneSubscribers (True,True,True,True)" classname="Philips.PMP.Test.Auto.MasterHostSelectionChannelMgrTest" time="0.020" status="1" />
    <testcase name="MasterHostSelectionChannelMgrCanGetElectableZoneSubscribers (False,True,True,False)" classname="Philips.PMP.Test.Auto.MasterHostSelectionChannelMgrTest" time="0.004" status="1" />
    <testcase name="MasterHostSelectionChannelMgrCanGetElectableZoneSubscribers (True,False,True,False)" classname="Philips.PMP.Test.Auto.MasterHostSelectionChannelMgrTest" time="0.007" status="1" />
    <testcase name="MasterHostSelectionChannelMgrCanGetElectableZoneSubscribers (True,True,False,False)" classname="Philips.PMP.Test.Auto.MasterHostSelectionChannelMgrTest" time="0.004" status="1" />
    <testcase name="MasterHostSelectionChannelMgrCanNotifyCLientWhenIsRemoved" classname="Philips.PMP.Test.Auto.MasterHostSelectionChannelMgrTest" time="0.474" status="1" />
    <testcase name="MasterHostSelectionChannelMgrCanGetSubscriberFromHostId (True)" classname="Philips.PMP.Test.Auto.MasterHostSelectionChannelMgrTest" time="0.072" status="1" />
    <testcase name="MasterHostSelectionChannelMgrCanGetSubscriberFromHostId (False)" classname="Philips.PMP.Test.Auto.MasterHostSelectionChannelMgrTest" time="0.017" status="1" />
    <system-out />
    <system-err />
  </testsuite>
  <testsuite name="Philips.PMP.Test.Auto.OrderHelperTest" hostname="RESTORMEL" package="not available" id="687" tests="7" failures="0" errors="0" skipped="0" time="0.025" timestamp="2023-12-13T03:29:45">
    <properties />
    <testcase name="GetHostCommercialPatientLinkValueTest2" classname="Philips.PMP.Test.Auto.OrderHelperTest" time="0.021" status="1" />
    <testcase name="GetHostCommercialPatientLinkValueTest (35N,8,1,8)" classname="Philips.PMP.Test.Auto.OrderHelperTest" time="0.002" status="1" />
    <testcase name="GetHostCommercialPatientLinkValueTest (25N,9,1,9)" classname="Philips.PMP.Test.Auto.OrderHelperTest" time="0.000" status="1" />
    <testcase name="GetHostCommercialPatientLinkValueTest (GTW,10,2,10)" classname="Philips.PMP.Test.Auto.OrderHelperTest" time="0.000" status="1" />
    <testcase name="GetHostCommercialPatientLinkValueTest (PLC,20,3,20)" classname="Philips.PMP.Test.Auto.OrderHelperTest" time="0.000" status="1" />
    <testcase name="GetHostCommercialPatientLinkValueTest (NLC,30,3,30)" classname="Philips.PMP.Test.Auto.OrderHelperTest" time="0.000" status="1" />
    <testcase name="GetHostCommercialPatientLinkValueTest (1XC,30,3,0)" classname="Philips.PMP.Test.Auto.OrderHelperTest" time="0.000" status="1" />
    <system-out />
    <system-err />
  </testsuite>
  <testsuite name="Philips.CareEvent.Test.EventPrefixHelperTests" hostname="RESTORMEL" package="not available" id="688" tests="26" failures="0" errors="0" skipped="0" time="0.080" timestamp="2023-12-13T03:28:15">
    <properties />
    <testcase name="EvaluateNonDeliverablePrefixesTests (UND: Test Event,Test Event,UND)" classname="Philips.CareEvent.Test.EventPrefixHelperTests" time="0.001" status="1" />
    <testcase name="EvaluateNonDeliverablePrefixesTests (Test Event,Test Event,)" classname="Philips.CareEvent.Test.EventPrefixHelperTests" time="0.000" status="1" />
    <testcase name="EvaluateNonDeliverablePrefixesTests (UNA: Test Event,Test Event,UNA)" classname="Philips.CareEvent.Test.EventPrefixHelperTests" time="0.000" status="1" />
    <testcase name="EvaluateEscalationPrefixTests (Test Event,Unknown,Test Event,Informational,False)" classname="Philips.CareEvent.Test.EventPrefixHelperTests" time="0.001" status="1" />
    <testcase name="EvaluateEscalationPrefixTests (Test Event,Second,Test Event,Informational,False)" classname="Philips.CareEvent.Test.EventPrefixHelperTests" time="0.000" status="1" />
    <testcase name="EvaluateEscalationPrefixTests (Test Event,First,Test Event,Assistance,False)" classname="Philips.CareEvent.Test.EventPrefixHelperTests" time="0.000" status="1" />
    <testcase name="EvaluateEscalationPrefixTests (ESC1: Test Event,Second,Test Event,Assistance,False)" classname="Philips.CareEvent.Test.EventPrefixHelperTests" time="0.014" status="1" />
    <testcase name="EvaluateEscalationPrefixTests (ESC2: Test Event,Third,Test Event,Assistance,False)" classname="Philips.CareEvent.Test.EventPrefixHelperTests" time="0.001" status="1" />
    <testcase name="EvaluateEscalationPrefixTests (ESC2: Test Event,Third,ESC1: Test Event,Assistance,False)" classname="Philips.CareEvent.Test.EventPrefixHelperTests" time="0.000" status="1" />
    <testcase name="EvaluateEscalationPrefixTests (ESC3: Test Event,Third,ESC2: Test Event,Assistance,True)" classname="Philips.CareEvent.Test.EventPrefixHelperTests" time="0.000" status="1" />
    <testcase name="EvaluateLabIdentifiersPrefixTests (,,)" classname="Philips.CareEvent.Test.EventPrefixHelperTests" time="0.001" status="1" />
    <testcase name="EvaluateLabIdentifiersPrefixTests (Test Event,Test Event,)" classname="Philips.CareEvent.Test.EventPrefixHelperTests" time="0.000" status="1" />
    <testcase name="EvaluateLabIdentifiersPrefixTests (LAB:Test Event,Test Event,LAB:)" classname="Philips.CareEvent.Test.EventPrefixHelperTests" time="0.000" status="1" />
    <testcase name="EvaluateEscalationIncludePrefixTests (Test Event,Unknown,Test Event,Informational,False,True)" classname="Philips.CareEvent.Test.EventPrefixHelperTests" time="0.007" status="1" />
    <testcase name="EvaluateEscalationIncludePrefixTests (Test Event,Unknown,Test Event,Informational,False,False)" classname="Philips.CareEvent.Test.EventPrefixHelperTests" time="0.004" status="1" />
    <testcase name="EvaluateEscalationIncludePrefixTests (Test Event,Second,Test Event,Informational,False,True)" classname="Philips.CareEvent.Test.EventPrefixHelperTests" time="0.004" status="1" />
    <testcase name="EvaluateEscalationIncludePrefixTests (Test Event,Second,Test Event,Informational,False,False)" classname="Philips.CareEvent.Test.EventPrefixHelperTests" time="0.004" status="1" />
    <testcase name="EvaluateEscalationIncludePrefixTests (Test Event,First,Test Event,Assistance,False,True)" classname="Philips.CareEvent.Test.EventPrefixHelperTests" time="0.003" status="1" />
    <testcase name="EvaluateEscalationIncludePrefixTests (ESC1: Test Event,Second,Test Event,Assistance,False,True)" classname="Philips.CareEvent.Test.EventPrefixHelperTests" time="0.004" status="1" />
    <testcase name="EvaluateEscalationIncludePrefixTests (Test Event,Second,Test Event,Assistance,False,False)" classname="Philips.CareEvent.Test.EventPrefixHelperTests" time="0.004" status="1" />
    <testcase name="EvaluateEscalationIncludePrefixTests (ESC2: Test Event,Third,Test Event,Assistance,False,True)" classname="Philips.CareEvent.Test.EventPrefixHelperTests" time="0.005" status="1" />
    <testcase name="EvaluateEscalationIncludePrefixTests (Test Event,Third,Test Event,Assistance,False,False)" classname="Philips.CareEvent.Test.EventPrefixHelperTests" time="0.005" status="1" />
    <testcase name="EvaluateEscalationIncludePrefixTests (ESC2: Test Event,Third,ESC1: Test Event,Assistance,False,True)" classname="Philips.CareEvent.Test.EventPrefixHelperTests" time="0.007" status="1" />
    <testcase name="EvaluateEscalationIncludePrefixTests (Test Event,Third,ESC1: Test Event,Assistance,False,False)" classname="Philips.CareEvent.Test.EventPrefixHelperTests" time="0.005" status="1" />
    <testcase name="EvaluateEscalationIncludePrefixTests (ESC3: Test Event,Third,ESC2: Test Event,Assistance,True,True)" classname="Philips.CareEvent.Test.EventPrefixHelperTests" time="0.005" status="1" />
    <testcase name="EvaluateEscalationIncludePrefixTests (Test Event,Third,ESC2: Test Event,Assistance,True,False)" classname="Philips.CareEvent.Test.EventPrefixHelperTests" time="0.005" status="1" />
    <system-out />
    <system-err />
  </testsuite>
  <testsuite name="Philips.PIC.RfidReader.Test.PcProxUsbValidatorTest" hostname="RESTORMEL" package="not available" id="689" tests="4" failures="0" errors="0" skipped="0" time="0.002" timestamp="2023-12-13T03:29:08">
    <properties />
    <testcase name="PcProxUsbValidatorValidate (USB^^VID_0C27&amp;PID_3BFA^^8&amp;352235C6&amp;0&amp;0000,False)" classname="Philips.PIC.RfidReader.Test.PcProxUsbValidatorTest" time="0.001" status="1" />
    <testcase name="PcProxUsbValidatorValidate (USB\\VID_0C27&amp;PID_3BFA\\8&amp;352235C6&amp;0&amp;0000,False)" classname="Philips.PIC.RfidReader.Test.PcProxUsbValidatorTest" time="0.000" status="1" />
    <testcase name="PcProxUsbValidatorValidate (HID\\VID_0123&amp;PID_3BFA\\8&amp;352235C6&amp;0&amp;0000,False)" classname="Philips.PIC.RfidReader.Test.PcProxUsbValidatorTest" time="0.000" status="1" />
    <testcase name="PcProxUsbValidatorValidate (HID\\VID_0C27&amp;PID_3BFA\\8&amp;352235C6&amp;0&amp;0000,True)" classname="Philips.PIC.RfidReader.Test.PcProxUsbValidatorTest" time="0.000" status="1" />
    <system-out />
    <system-err />
  </testsuite>
  <testsuite name="Philips.PMP.Test.Auto.AcpmpQualifierTest" hostname="RESTORMEL" package="not available" id="690" tests="10" failures="0" errors="0" skipped="0" time="0.329" timestamp="2023-12-13T03:29:42">
    <properties />
    <testcase name="AcpmpQualifierSystem (Success,Success,Success)" classname="Philips.PMP.Test.Auto.AcpmpQualifierTest" time="0.076" status="1" />
    <testcase name="AcpmpQualifierSystem (Failure,Success,Failure)" classname="Philips.PMP.Test.Auto.AcpmpQualifierTest" time="0.020" status="1" />
    <testcase name="AcpmpQualifierSystem (Success,Failure,Failure)" classname="Philips.PMP.Test.Auto.AcpmpQualifierTest" time="0.008" status="1" />
    <testcase name="AcpmpQualifierSystem (Failure,Failure,Failure)" classname="Philips.PMP.Test.Auto.AcpmpQualifierTest" time="0.012" status="1" />
    <testcase name="AcpmpQualifierSucceedsNotConfigured" classname="Philips.PMP.Test.Auto.AcpmpQualifierTest" time="0.011" status="1" />
    <testcase name="AcpmpQualifierAuthenticateTestIsFailure" classname="Philips.PMP.Test.Auto.AcpmpQualifierTest" time="0.021" status="1" />
    <testcase name="AcpmpQualifierHasCorrectDescription" classname="Philips.PMP.Test.Auto.AcpmpQualifierTest" time="0.001" status="1" />
    <testcase name="AcpmpQualifierAuthenticateTestIsSuccess" classname="Philips.PMP.Test.Auto.AcpmpQualifierTest" time="0.159" status="1" />
    <testcase name="AcpmpQualifierHasCorrectDisplayName" classname="Philips.PMP.Test.Auto.AcpmpQualifierTest" time="0.009" status="1" />
    <testcase name="AcpmpQualifierIsNotCorrectable" classname="Philips.PMP.Test.Auto.AcpmpQualifierTest" time="0.013" status="1" />
    <system-out />
    <system-err />
  </testsuite>
  <testsuite name="Philips.PMP.Test.Auto.AlertHelperTest" hostname="RESTORMEL" package="not available" id="691" tests="7" failures="0" errors="0" skipped="0" time="0.019" timestamp="2023-12-13T03:29:49">
    <properties />
    <testcase name="AlertHelperTryFindDeviceSupportingAudioStateTest (Efficia,True)" classname="Philips.PMP.Test.Auto.AlertHelperTest" time="0.002" status="1" />
    <testcase name="AlertHelperTryFindDeviceSupportingAudioStateTest (DelphiLow12In,False)" classname="Philips.PMP.Test.Auto.AlertHelperTest" time="0.000" status="1" />
    <testcase name="AlertHelperTryFindDeviceSupportingAudioStateTest (TelemAllegro,False)" classname="Philips.PMP.Test.Auto.AlertHelperTest" time="0.001" status="1" />
    <testcase name="AlertHelperTryFindDeviceSupportingAudioStateTest (Mrx,False)" classname="Philips.PMP.Test.Auto.AlertHelperTest" time="0.000" status="1" />
    <testcase name="AlertHelperTryFindDeviceSupportingAudioStateTest (Portal5000,True)" classname="Philips.PMP.Test.Auto.AlertHelperTest" time="0.000" status="1" />
    <testcase name="AlertHelperStatusAlarmsDontHaveAudioOffFlag" classname="Philips.PMP.Test.Auto.AlertHelperTest" time="0.012" status="1" />
    <testcase name="AlertHelperAreDeviceAlertConditionsDifferentTest" classname="Philips.PMP.Test.Auto.AlertHelperTest" time="0.004" status="1" />
    <system-out />
    <system-err />
  </testsuite>
  <testsuite name="Philips.PMP.Test.Auto.GatewayServiceMonitorTest" hostname="RESTORMEL" package="not available" id="692" tests="4" failures="0" errors="0" skipped="0" time="0.010" timestamp="2023-12-13T03:29:54">
    <properties />
    <testcase name="SystemStatusServiceMgrCheckGatewayIsThrottled" classname="Philips.PMP.Test.Auto.GatewayServiceMonitorTest" time="0.005" status="1" />
    <testcase name="SystemStatusServiceMgrCheckGatewayTransitionsFromFalseToTrue" classname="Philips.PMP.Test.Auto.GatewayServiceMonitorTest" time="0.002" status="1" />
    <testcase name="SystemStatusServiceMgrCheckGatewayNoGateway" classname="Philips.PMP.Test.Auto.GatewayServiceMonitorTest" time="0.001" status="1" />
    <testcase name="SystemStatusServiceMgrCheckGatewayMakesOneCallOnReturnTrue" classname="Philips.PMP.Test.Auto.GatewayServiceMonitorTest" time="0.002" status="1" />
    <system-out />
    <system-err />
  </testsuite>
  <testsuite name="Philips.PMP.Test.Auto.LegacyCryptoHelperTest" hostname="RESTORMEL" package="not available" id="693" tests="4" failures="0" errors="0" skipped="0" time="0.033" timestamp="2023-12-13T03:29:51">
    <properties />
    <testcase name="EncryptBytes" classname="Philips.PMP.Test.Auto.LegacyCryptoHelperTest" time="0.014" status="1" />
    <testcase name="HashBytes" classname="Philips.PMP.Test.Auto.LegacyCryptoHelperTest" time="0.002" status="1" />
    <testcase name="HexStrings" classname="Philips.PMP.Test.Auto.LegacyCryptoHelperTest" time="0.009" status="1" />
    <testcase name="EncryptObject" classname="Philips.PMP.Test.Auto.LegacyCryptoHelperTest" time="0.008" status="1" />
    <system-out />
    <system-err />
  </testsuite>
  <testsuite name="Philips.PMP.Test.Auto.Hl7ValidatedDataSenderTest" hostname="RESTORMEL" package="not available" id="694" tests="2" failures="0" errors="0" skipped="0" time="0.090" timestamp="2023-12-13T03:29:55">
    <properties />
    <testcase name="Hl7ValidatedDataReSendTest" classname="Philips.PMP.Test.Auto.Hl7ValidatedDataSenderTest" time="0.058" status="1" />
    <testcase name="Hl7ValidatedDataSendTest" classname="Philips.PMP.Test.Auto.Hl7ValidatedDataSenderTest" time="0.032" status="1" />
    <system-out />
    <system-err />
  </testsuite>
  <testsuite name="Philips.PMP.Test.Auto.SpotCheckValidationHelperTest" hostname="RESTORMEL" package="not available" id="695" tests="2" failures="0" errors="0" skipped="0" time="0.136" timestamp="2023-12-13T03:29:39">
    <properties />
    <testcase name="SpotCheckHelperExportTest (True)" classname="Philips.PMP.Test.Auto.SpotCheckValidationHelperTest" time="0.132" status="1" />
    <testcase name="SpotCheckHelperExportTest (False)" classname="Philips.PMP.Test.Auto.SpotCheckValidationHelperTest" time="0.004" status="1" />
    <system-out />
    <system-err />
  </testsuite>
  <testsuite name="Philips.PMP.Test.Auto.AlertGeneratorTest" hostname="RESTORMEL" package="not available" id="696" tests="4" failures="0" errors="0" skipped="0" time="0.549" timestamp="2023-12-13T03:29:36">
    <properties />
    <testcase name="AlertGeneratorSpO2AlarmAudibleTest (BuildHighAlertInfo,highLowLimit)" classname="Philips.PMP.Test.Auto.AlertGeneratorTest" time="0.015" status="1" />
    <testcase name="AlertGeneratorSpO2AlarmAudibleTest (BuildLowAlertInfo,highLowLimit)" classname="Philips.PMP.Test.Auto.AlertGeneratorTest" time="0.002" status="1" />
    <testcase name="AlertGeneratorSpO2AlarmAudibleTest (BuildDesatAlertInfo,desatLimit)" classname="Philips.PMP.Test.Auto.AlertGeneratorTest" time="0.005" status="1" />
    <testcase name="AlertGeneratorNbpAlarmAudibleTest" classname="Philips.PMP.Test.Auto.AlertGeneratorTest" time="0.527" status="1" />
    <system-out />
    <system-err />
  </testsuite>
  <testsuite name="Philips.PMP.Test.Auto.ExternalTimeServerQualifierTest" hostname="RESTORMEL" package="not available" id="697" tests="4" failures="0" errors="0" skipped="0" time="0.159" timestamp="2023-12-13T03:29:43">
    <properties />
    <testcase name="ExternalTimeServerQualifierIsNotCorrectable" classname="Philips.PMP.Test.Auto.ExternalTimeServerQualifierTest" time="0.049" status="1" />
    <testcase name="ExternalTimeServerQualifierVerifiesAllHosts (Failure,Warning,Success,Failure)" classname="Philips.PMP.Test.Auto.ExternalTimeServerQualifierTest" time="0.069" status="1" />
    <testcase name="ExternalTimeServerQualifierVerifiesAllHosts (Warning,Warning,Success,Success)" classname="Philips.PMP.Test.Auto.ExternalTimeServerQualifierTest" time="0.014" status="1" />
    <testcase name="ExternalTimeServerQualifierVerifiesAllHosts (Success,Success,Success,Success)" classname="Philips.PMP.Test.Auto.ExternalTimeServerQualifierTest" time="0.027" status="1" />
    <system-out />
    <system-err />
  </testsuite>
  <testsuite name="Philips.PMP.Test.Auto.Hl7IdGeneratorTest" hostname="RESTORMEL" package="not available" id="698" tests="3" failures="0" errors="0" skipped="0" time="0.011" timestamp="2023-12-13T03:29:54">
    <properties />
    <testcase name="Hl7MdsVmdIdGeneratorStartsMdsVmdAt1" classname="Philips.PMP.Test.Auto.Hl7IdGeneratorTest" time="0.001" status="1" />
    <testcase name="Hl7MdsVmdIdGeneratorResetsVmd" classname="Philips.PMP.Test.Auto.Hl7IdGeneratorTest" time="0.002" status="1" />
    <testcase name="Hl7IdGeneratorStartsAt1" classname="Philips.PMP.Test.Auto.Hl7IdGeneratorTest" time="0.008" status="1" />
    <system-out />
    <system-err />
  </testsuite>
  <testsuite name="Philips.PMP.Test.Auto.UriConfigControlTest" hostname="RESTORMEL" package="not available" id="699" tests="9" failures="0" errors="0" skipped="0" time="0.412" timestamp="2023-12-13T03:38:16">
    <properties />
    <testcase name="UriDevicePortConfiguration (Acpmp,True,True)" classname="Philips.PMP.Test.Auto.UriConfigControlTest" time="0.024" status="1" />
    <testcase name="UriDevicePortConfiguration (Acpmp,False,False)" classname="Philips.PMP.Test.Auto.UriConfigControlTest" time="0.021" status="1" />
    <testcase name="UriDevicePortConfiguration (IBE,True,True)" classname="Philips.PMP.Test.Auto.UriConfigControlTest" time="0.022" status="1" />
    <testcase name="UriDevicePortConfiguration (IBE,False,True)" classname="Philips.PMP.Test.Auto.UriConfigControlTest" time="0.025" status="1" />
    <testcase name="UriDevicePortConfiguration (PatientDataExportStorage,True,False)" classname="Philips.PMP.Test.Auto.UriConfigControlTest" time="0.022" status="1" />
    <testcase name="UriDevicePortConfiguration (PatientDataExportStorage,False,False)" classname="Philips.PMP.Test.Auto.UriConfigControlTest" time="0.021" status="1" />
    <testcase name="UriConfigControlDeleteDeviceTest (True,False)" classname="Philips.PMP.Test.Auto.UriConfigControlTest" time="0.188" status="1" />
    <testcase name="UriConfigControlDeleteDeviceTest (False,True)" classname="Philips.PMP.Test.Auto.UriConfigControlTest" time="0.050" status="1" />
    <testcase name="UriConfigControlDeleteDeviceTest (False,False)" classname="Philips.PMP.Test.Auto.UriConfigControlTest" time="0.037" status="1" />
    <system-out />
    <system-err />
  </testsuite>
  <testsuite name="Philips.PMP.Test.Auto.FeatureProviderTest" hostname="RESTORMEL" package="not available" id="700" tests="8" failures="0" errors="0" skipped="0" time="0.007" timestamp="2023-12-13T03:34:26">
    <properties />
    <testcase name="ValidateGetByConfigurationFeatureForMobilityFeatures" classname="Philips.PMP.Test.Auto.FeatureProviderTest" time="0.002" status="1" />
    <testcase name="EnterpriseNumericOptionsAutoPopulate" classname="Philips.PMP.Test.Auto.FeatureProviderTest" time="0.001" status="1" />
    <testcase name="GetByServiceTest (Philips.PIC.Services.SpotCheckTrendService,System.String[],System.String[],System.String[])" classname="Philips.PMP.Test.Auto.FeatureProviderTest" time="0.000" status="1" />
    <testcase name="GetByServiceTest (Philips.PIC.Services.IheGatewayNotificationService,System.String[],System.String[],System.String[])" classname="Philips.PMP.Test.Auto.FeatureProviderTest" time="0.000" status="1" />
    <testcase name="GetByServiceTest (Philips.PIC.PatientDataServices.PhysioDataStorageService,System.String[],System.String[],System.String[])" classname="Philips.PMP.Test.Auto.FeatureProviderTest" time="0.001" status="1" />
    <testcase name="GetByServiceTest (Philips.PIC.Services.SystemControlService,System.String[],System.String[],System.String[])" classname="Philips.PMP.Test.Auto.FeatureProviderTest" time="0.000" status="1" />
    <testcase name="GetByServiceTest (Philips.PMP.ExternalSystemInterfacing.HL7OutboundService,System.String[],System.String[],System.String[])" classname="Philips.PMP.Test.Auto.FeatureProviderTest" time="0.000" status="1" />
    <testcase name="FeatureProviderCanDetermineDefaultFeaturesByFilterType" classname="Philips.PMP.Test.Auto.FeatureProviderTest" time="0.002" status="1" />
    <system-out />
    <system-err />
  </testsuite>
  <testsuite name="Philips.PMP.Test.Auto.MobileWaveSegmentConverterTest" hostname="RESTORMEL" package="not available" id="701" tests="3" failures="0" errors="0" skipped="0" time="0.110" timestamp="2023-12-13T03:29:39">
    <properties />
    <testcase name="WaveConverterCreateSingleAttributesAndSegmentTest" classname="Philips.PMP.Test.Auto.MobileWaveSegmentConverterTest" time="0.016" status="1" />
    <testcase name="WaveConverterShouldNotAddWaveSegmentForEmptyWaveChunkTest" classname="Philips.PMP.Test.Auto.MobileWaveSegmentConverterTest" time="0.079" status="1" />
    <testcase name="WaveConverterCreateMultipleAttributesAndSegmentTest" classname="Philips.PMP.Test.Auto.MobileWaveSegmentConverterTest" time="0.015" status="1" />
    <system-out />
    <system-err />
  </testsuite>
  <testsuite name="Philips.PMP.Test.Auto.NumericPostProcessingTest" hostname="RESTORMEL" package="not available" id="702" tests="6" failures="0" errors="0" skipped="0" time="0.008" timestamp="2023-12-13T03:35:46">
    <properties />
    <testcase name="AperiodicDeDuplicatorDifferentPdtsTest" classname="Philips.PMP.Test.Auto.NumericPostProcessingTest" time="0.001" status="1" />
    <testcase name="AperiodicDeDuplicatorMultidynamicsTest" classname="Philips.PMP.Test.Auto.NumericPostProcessingTest" time="0.001" status="1" />
    <testcase name="AperiodicDeDuplicatorTest" classname="Philips.PMP.Test.Auto.NumericPostProcessingTest" time="0.003" status="1" />
    <testcase name="AperiodicDeDuplicatorRetainsPeriodicsTest" classname="Philips.PMP.Test.Auto.NumericPostProcessingTest" time="0.001" status="1" />
    <testcase name="AperiodicTimestampFixerTest" classname="Philips.PMP.Test.Auto.NumericPostProcessingTest" time="0.001" status="1" />
    <testcase name="TrendUploadTimestampFixerTest" classname="Philips.PMP.Test.Auto.NumericPostProcessingTest" time="0.001" status="1" />
    <system-out />
    <system-err />
  </testsuite>
  <testsuite name="Philips.iX.DataBridge.Common.Test.AcpmpNotificationServiceTest" hostname="RESTORMEL" package="not available" id="703" tests="2" failures="0" errors="0" skipped="0" time="0.234" timestamp="2023-12-13T03:27:38">
    <properties />
    <testcase name="AcpmpNotificationServiceStartStop" classname="Philips.iX.DataBridge.Common.Test.AcpmpNotificationServiceTest" time="0.229" status="1" />
    <testcase name="AcpmpNotificationServiceUsesDataMgr" classname="Philips.iX.DataBridge.Common.Test.AcpmpNotificationServiceTest" time="0.005" status="1" />
    <system-out />
    <system-err />
  </testsuite>
  <testsuite name="Philips.PMP.Test.Auto.TimeTest" hostname="RESTORMEL" package="not available" id="704" tests="5" failures="0" errors="0" skipped="0" time="3.093" timestamp="2023-12-13T03:35:37">
    <properties />
    <testcase name="TimeCompareByPhysioTimeSeed" classname="Philips.PMP.Test.Auto.TimeTest" time="0.001" status="1" />
    <testcase name="TimeExtractAvailTimeIntervalTest" classname="Philips.PMP.Test.Auto.TimeTest" time="1.113" status="1" />
    <testcase name="TimeConstrainToPurgeTimeTest" classname="Philips.PMP.Test.Auto.TimeTest" time="1.948" status="1" />
    <testcase name="TimeMappingDupicated" classname="Philips.PMP.Test.Auto.TimeTest" time="0.010" status="1" />
    <testcase name="TimeAvailableTimesTest" classname="Philips.PMP.Test.Auto.TimeTest" time="0.022" status="1" />
    <system-out />
    <system-err />
  </testsuite>
  <testsuite name="Philips.PMP.Test.Auto.PhysioDataServiceServiceMgrTest" hostname="RESTORMEL" package="not available" id="705" tests="4" failures="0" errors="0" skipped="0" time="0.603" timestamp="2023-12-13T03:29:57">
    <properties />
    <testcase name="PhysioDataServiceMetricMgrCanAddUpdateDeleteNewMetricsWithPatient" classname="Philips.PMP.Test.Auto.PhysioDataServiceServiceMgrTest" time="0.019" status="1" />
    <testcase name="PhysioDataServiceMetricMgrCanAddUpdateDeleteNewAlertsWithMonitorId" classname="Philips.PMP.Test.Auto.PhysioDataServiceServiceMgrTest" time="0.253" status="1" />
    <testcase name="PhysioDataServiceMetricMgrCanAddUpdateDeleteNewMetricsWithMonitorId" classname="Philips.PMP.Test.Auto.PhysioDataServiceServiceMgrTest" time="0.237" status="1" />
    <testcase name="PhysioDataServiceMetricMgrCanAddUpdateDeleteNewAlertsWithPatient" classname="Philips.PMP.Test.Auto.PhysioDataServiceServiceMgrTest" time="0.094" status="1" />
    <system-out />
    <system-err />
  </testsuite>
  <testsuite name="Philips.CareEvent.Test.SoapInputTests" hostname="RESTORMEL" package="not available" id="706" tests="6" failures="0" errors="0" skipped="0" time="1.727" timestamp="2023-12-13T03:28:15">
    <properties />
    <testcase name="ServiceStartStopTest" classname="Philips.CareEvent.Test.SoapInputTests" time="0.449" status="1" />
    <testcase name="CustomSoapPrefixTest" classname="Philips.CareEvent.Test.SoapInputTests" time="1.084" status="1" />
    <testcase name="SoapMessageXmlCallbackTest (Delivered,&lt;MsgStatus&gt;1&lt;/MsgStatus&gt;)" classname="Philips.CareEvent.Test.SoapInputTests" time="0.082" status="1" />
    <testcase name="SoapMessageXmlCallbackTest (Accepted,&lt;MsgStatus&gt;16&lt;/MsgStatus&gt;)" classname="Philips.CareEvent.Test.SoapInputTests" time="0.039" status="1" />
    <testcase name="SoapMessageSubmitCancelTest" classname="Philips.CareEvent.Test.SoapInputTests" time="0.051" status="1" />
    <testcase name="InterfaceMethodTest" classname="Philips.CareEvent.Test.SoapInputTests" time="0.021" status="1" />
    <system-out />
    <system-err />
  </testsuite>
  <testsuite name="Philips.PMP.Test.Auto.PriorityCatalogProviderTest" hostname="RESTORMEL" package="not available" id="707" tests="7" failures="0" errors="0" skipped="0" time="1.178" timestamp="2023-12-13T03:33:08">
    <properties />
    <testcase name="PriorityCopyProfile" classname="Philips.PMP.Test.Auto.PriorityCatalogProviderTest" time="0.186" status="1" />
    <testcase name="PriorityStoreAll" classname="Philips.PMP.Test.Auto.PriorityCatalogProviderTest" time="0.433" status="1" />
    <testcase name="PriorityStoreUnitProfile" classname="Philips.PMP.Test.Auto.PriorityCatalogProviderTest" time="0.123" status="1" />
    <testcase name="ContinuousNbpIsPressureTest" classname="Philips.PMP.Test.Auto.PriorityCatalogProviderTest" time="0.021" status="1" />
    <testcase name="PriorityGetFactoryProfile" classname="Philips.PMP.Test.Auto.PriorityCatalogProviderTest" time="0.131" status="1" />
    <testcase name="PatientCenterVitalConfigMatchAsPerPriorityCatalog" classname="Philips.PMP.Test.Auto.PriorityCatalogProviderTest" time="0.027" status="1" />
    <testcase name="PriorityRevertToFactory" classname="Philips.PMP.Test.Auto.PriorityCatalogProviderTest" time="0.256" status="1" />
    <system-out />
    <system-err />
  </testsuite>
  <testsuite name="Philips.PMP.Test.Auto.DbCertificateProviderTest" hostname="RESTORMEL" package="not available" id="708" tests="5" failures="0" errors="0" skipped="0" time="0.247" timestamp="2023-12-13T03:31:29">
    <properties />
    <testcase name="StoreAndGetCertificateTest" classname="Philips.PMP.Test.Auto.DbCertificateProviderTest" time="0.216" status="1" />
    <testcase name="RevokeCertificateTest" classname="Philips.PMP.Test.Auto.DbCertificateProviderTest" time="0.003" status="1" />
    <testcase name="RevokeCertificateWithinMultipleCertificatesTest" classname="Philips.PMP.Test.Auto.DbCertificateProviderTest" time="0.009" status="1" />
    <testcase name="CertificateFifoTest (False,False)" classname="Philips.PMP.Test.Auto.DbCertificateProviderTest" time="0.014" status="1" />
    <testcase name="CertificateFifoTest (True,True)" classname="Philips.PMP.Test.Auto.DbCertificateProviderTest" time="0.005" status="1" />
    <system-out />
    <system-err />
  </testsuite>
  <testsuite name="Philips.PMP.Test.Auto.SectorLayoutTest" hostname="RESTORMEL" package="not available" id="709" tests="5" failures="0" errors="0" skipped="0" time="0.843" timestamp="2023-12-13T03:30:31">
    <properties />
    <testcase name="ComplexTileLayoutsTest" classname="Philips.PMP.Test.Auto.SectorLayoutTest" time="0.186" status="1" />
    <testcase name="SectorWillShowAlarmLimitsIn1280x1024With6SectorsPerColumnTest" classname="Philips.PMP.Test.Auto.SectorLayoutTest" time="0.258" status="1" />
    <testcase name="SetTrendsInConfigModeTest" classname="Philips.PMP.Test.Auto.SectorLayoutTest" time="0.121" status="1" />
    <testcase name="SectorNumericMinimumSizesWithNoWavesTest" classname="Philips.PMP.Test.Auto.SectorLayoutTest" time="0.136" status="1" />
    <testcase name="LayoutPanelGetSubscriptionInfoTest" classname="Philips.PMP.Test.Auto.SectorLayoutTest" time="0.142" status="1" />
    <system-out />
    <system-err />
  </testsuite>
  <testsuite name="Philips.PMP.Test.Auto.LogsTest" hostname="RESTORMEL" package="not available" id="710" tests="5" failures="0" errors="0" skipped="0" time="0.486" timestamp="2023-12-13T03:29:46">
    <properties />
    <testcase name="LogVerifyLogsExist" classname="Philips.PMP.Test.Auto.LogsTest" time="0.004" status="1" />
    <testcase name="LogCanLogVerbose (True,1)" classname="Philips.PMP.Test.Auto.LogsTest" time="0.015" status="1" />
    <testcase name="LogCanLogVerbose (False,0)" classname="Philips.PMP.Test.Auto.LogsTest" time="0.006" status="1" />
    <testcase name="LogCanCreateLoggerInstances (ProtocolWatch)" classname="Philips.PMP.Test.Auto.LogsTest" time="0.445" status="1" />
    <testcase name="LogCanCreateLoggerInstances (DeviceDiscovery)" classname="Philips.PMP.Test.Auto.LogsTest" time="0.015" status="1" />
    <system-out />
    <system-err />
  </testsuite>
  <testsuite name="Philips.PMP.LicenseService.Test.LicensingSystemValidatorTest" hostname="RESTORMEL" package="not available" id="711" tests="6" failures="0" errors="0" skipped="0" time="0.403" timestamp="2023-12-13T03:29:16">
    <properties />
    <testcase name="LicenseSystemValidationBasicTest" classname="Philips.PMP.LicenseService.Test.LicensingSystemValidatorTest" time="0.348" status="1" />
    <testcase name="LicenseSystemValidationNotEnoughPhysioTest" classname="Philips.PMP.LicenseService.Test.LicensingSystemValidatorTest" time="0.009" status="1" />
    <testcase name="LicenseSystemValidationAutoAdtTest" classname="Philips.PMP.LicenseService.Test.LicensingSystemValidatorTest" time="0.012" status="1" />
    <testcase name="LicenseSystemValidationEventNotificationTest (1024,True)" classname="Philips.PMP.LicenseService.Test.LicensingSystemValidatorTest" time="0.011" status="1" />
    <testcase name="LicenseSystemValidationEventNotificationTest (2048,False)" classname="Philips.PMP.LicenseService.Test.LicensingSystemValidatorTest" time="0.013" status="1" />
    <testcase name="LicenseSystemValidationNotAllBedsLicensedTest" classname="Philips.PMP.LicenseService.Test.LicensingSystemValidatorTest" time="0.012" status="1" />
    <system-out />
    <system-err />
  </testsuite>
  <testsuite name="Philips.PMP.Test.Auto.MobileSessionInfoTest" hostname="RESTORMEL" package="not available" id="712" tests="1" failures="0" errors="0" skipped="0" time="0.004" timestamp="2023-12-13T03:29:47">
    <properties />
    <testcase name="MobileSessionInfoAddBedSubscription" classname="Philips.PMP.Test.Auto.MobileSessionInfoTest" time="0.004" status="1" />
    <system-out />
    <system-err />
  </testsuite>
  <testsuite name="Philips.PMP.LicenseService.Test.PatientConnectionValidatorTest" hostname="RESTORMEL" package="not available" id="713" tests="8" failures="0" errors="0" skipped="0" time="0.078" timestamp="2023-12-13T03:29:17">
    <properties />
    <testcase name="ValidateUnitLicenseWillReturnFalseIfPatientConnectionValueIsMoreThanItemOrder (15,False,True)" classname="Philips.PMP.LicenseService.Test.PatientConnectionValidatorTest" time="0.005" status="1" />
    <testcase name="ValidateUnitLicenseWillReturnFalseIfPatientConnectionValueIsMoreThanItemOrder (16,False,True)" classname="Philips.PMP.LicenseService.Test.PatientConnectionValidatorTest" time="0.001" status="1" />
    <testcase name="ValidateUnitLicenseWillReturnFalseIfPatientConnectionValueIsMoreThanItemOrder (17,False,False)" classname="Philips.PMP.LicenseService.Test.PatientConnectionValidatorTest" time="0.005" status="1" />
    <testcase name="ValidateUnitLicenseWillReturnFalseIfPatientConnectionValueIsMoreThanItemOrder (1,True,True)" classname="Philips.PMP.LicenseService.Test.PatientConnectionValidatorTest" time="0.001" status="1" />
    <testcase name="ValidateUnitLicenseWillReturnFalseIfPatientConnectionValueIsMoreThanItemOrder (6,True,True)" classname="Philips.PMP.LicenseService.Test.PatientConnectionValidatorTest" time="0.001" status="1" />
    <testcase name="ValidateUnitLicenseWillReturnFalseIfPatientConnectionValueIsMoreThanItemOrder (17,True,False)" classname="Philips.PMP.LicenseService.Test.PatientConnectionValidatorTest" time="0.001" status="1" />
    <testcase name="ValidateUnitLicenseWillReturnTrue" classname="Philips.PMP.LicenseService.Test.PatientConnectionValidatorTest" time="0.001" status="1" />
    <testcase name="ValidateUnitLicenseWillReturnFalseIfPatientConnectionValueIsLessThanAssignedBeds" classname="Philips.PMP.LicenseService.Test.PatientConnectionValidatorTest" time="0.065" status="1" />
    <system-out />
    <system-err />
  </testsuite>
  <testsuite name="Philips.PMP.Test.Auto.TreeNodeRemoverTest" hostname="RESTORMEL" package="not available" id="714" tests="5" failures="0" errors="0" skipped="0" time="0.019" timestamp="2023-12-13T03:29:41">
    <properties />
    <testcase name="DeleteEventCategoryShouldDelete (False,0,0)" classname="Philips.PMP.Test.Auto.TreeNodeRemoverTest" time="0.004" status="1" />
    <testcase name="DeleteEventCategoryShouldDelete (True,2,-1)" classname="Philips.PMP.Test.Auto.TreeNodeRemoverTest" time="0.003" status="1" />
    <testcase name="DeleteEventCategoryShouldDelete (True,3,0)" classname="Philips.PMP.Test.Auto.TreeNodeRemoverTest" time="0.004" status="1" />
    <testcase name="DeleteEventDefinitionShouldDelete (False,0,0)" classname="Philips.PMP.Test.Auto.TreeNodeRemoverTest" time="0.004" status="1" />
    <testcase name="DeleteEventDefinitionShouldDelete (True,1,-1)" classname="Philips.PMP.Test.Auto.TreeNodeRemoverTest" time="0.004" status="1" />
    <system-out />
    <system-err />
  </testsuite>
  <testsuite name="Philips.PMP.Test.Auto.SurveillanceUiControlsTest" hostname="RESTORMEL" package="not available" id="715" tests="8" failures="0" errors="0" skipped="0" time="0.329" timestamp="2023-12-13T03:37:15">
    <properties />
    <testcase name="AuditNotificationsNoPatientTest" classname="Philips.PMP.Test.Auto.SurveillanceUiControlsTest" time="0.033" status="1" />
    <testcase name="SectorHeaderAuditNotificationUserTest (True)" classname="Philips.PMP.Test.Auto.SurveillanceUiControlsTest" time="0.031" status="1" />
    <testcase name="SectorHeaderAuditNotificationUserTest (False)" classname="Philips.PMP.Test.Auto.SurveillanceUiControlsTest" time="0.039" status="1" />
    <testcase name="SectorHeaderGetLocationTextTest" classname="Philips.PMP.Test.Auto.SurveillanceUiControlsTest" time="0.036" status="1" />
    <testcase name="SurveillanceRespondsToControlClick (True,True)" classname="Philips.PMP.Test.Auto.SurveillanceUiControlsTest" time="0.045" status="1" />
    <testcase name="SurveillanceRespondsToControlClick (True,False)" classname="Philips.PMP.Test.Auto.SurveillanceUiControlsTest" time="0.042" status="1" />
    <testcase name="SurveillanceRespondsToControlClick (False,True)" classname="Philips.PMP.Test.Auto.SurveillanceUiControlsTest" time="0.042" status="1" />
    <testcase name="WaveBufferMgrIndexAdvancingTest" classname="Philips.PMP.Test.Auto.SurveillanceUiControlsTest" time="0.062" status="1" />
    <system-out />
    <system-err />
  </testsuite>
  <testsuite name="Philips.PMP.Test.Auto.PatientManagementHelperTest" hostname="RESTORMEL" package="not available" id="716" tests="3" failures="0" errors="0" skipped="0" time="0.535" timestamp="2023-12-13T03:34:55">
    <properties />
    <testcase name="PatientManagementHelperTryClearSectorOnDischarge" classname="Philips.PMP.Test.Auto.PatientManagementHelperTest" time="0.012" status="1" />
    <testcase name="DoesBedExistTest" classname="Philips.PMP.Test.Auto.PatientManagementHelperTest" time="0.273" status="1" />
    <testcase name="GetBedLabelTest" classname="Philips.PMP.Test.Auto.PatientManagementHelperTest" time="0.250" status="1" />
    <system-out />
    <system-err />
  </testsuite>
  <testsuite name="Philips.PMP.Test.Auto.DbMigrationMgrTest" hostname="RESTORMEL" package="not available" id="717" tests="8" failures="0" errors="0" skipped="0" time="0.463" timestamp="2023-12-13T03:30:39">
    <properties />
    <testcase name="DbMigrationValidateComparisonTool" classname="Philips.PMP.Test.Auto.DbMigrationMgrTest" time="0.077" status="1">
      <system-out>TestContext Messages:
Initializing directories for Philips.PMP.Test.Auto.DbMigrationMgrTest</system-out>
    </testcase>
    <testcase name="DbMigrationVerifyVersions" classname="Philips.PMP.Test.Auto.DbMigrationMgrTest" time="0.002" status="1" />
    <testcase name="DbMigrationValidateCopyIfNewer" classname="Philips.PMP.Test.Auto.DbMigrationMgrTest" time="0.012" status="1" />
    <testcase name="DbMigrationShouldMigrateDatabaseTest" classname="Philips.PMP.Test.Auto.DbMigrationMgrTest" time="0.002" status="1" />
    <testcase name="DbMigrationVerifyCurrentMigrationData" classname="Philips.PMP.Test.Auto.DbMigrationMgrTest" time="0.313" status="1" />
    <testcase name="DbMigrationVerifyDiagrams" classname="Philips.PMP.Test.Auto.DbMigrationMgrTest" time="0.017" status="1" />
    <testcase name="DbMigrationValidateSetupScripts" classname="Philips.PMP.Test.Auto.DbMigrationMgrTest" time="0.038" status="1" />
    <testcase name="DbMigrationValidateMigrationFolerFiles" classname="Philips.PMP.Test.Auto.DbMigrationMgrTest" time="0.002" status="1" />
    <system-out>TestContext Messages:
Initializing directories for Philips.PMP.Test.Auto.DbMigrationMgrTest</system-out>
    <system-err />
  </testsuite>
  <testsuite name="Philips.PMP.Test.Auto.SslAuthenticatorTest" hostname="RESTORMEL" package="not available" id="718" tests="3" failures="0" errors="0" skipped="0" time="0.311" timestamp="2023-12-13T03:29:51">
    <properties />
    <testcase name="SslAuthenticatorClient" classname="Philips.PMP.Test.Auto.SslAuthenticatorTest" time="0.044" status="1" />
    <testcase name="SslTrustedCertAuthenticator" classname="Philips.PMP.Test.Auto.SslAuthenticatorTest" time="0.029" status="1" />
    <testcase name="SslAuthenticatorServer" classname="Philips.PMP.Test.Auto.SslAuthenticatorTest" time="0.238" status="1" />
    <system-out />
    <system-err />
  </testsuite>
  <testsuite name="Philips.PMP.Test.Auto.IISInstallationQualifierTest" hostname="RESTORMEL" package="not available" id="719" tests="21" failures="0" errors="0" skipped="0" time="0.374" timestamp="2023-12-13T03:34:08">
    <properties />
    <testcase name="IISInstallationQualifierVerifyWithModules (True)" classname="Philips.PMP.Test.Auto.IISInstallationQualifierTest" time="0.001" status="1" />
    <testcase name="IISInstallationQualifierVerifyWithModules (False)" classname="Philips.PMP.Test.Auto.IISInstallationQualifierTest" time="0.001" status="1" />
    <testcase name="IISInstallationQualifierShouldNotInstallIIS (False,False)" classname="Philips.PMP.Test.Auto.IISInstallationQualifierTest" time="0.007" status="1" />
    <testcase name="IISInstallationQualifierShouldNotInstallIIS (True,False)" classname="Philips.PMP.Test.Auto.IISInstallationQualifierTest" time="0.001" status="1" />
    <testcase name="IISInstallationQualifierShouldNotInstallIIS (False,True)" classname="Philips.PMP.Test.Auto.IISInstallationQualifierTest" time="0.001" status="1" />
    <testcase name="IISInstallationQualifierShouldRemoveInstallIIS (False,False)" classname="Philips.PMP.Test.Auto.IISInstallationQualifierTest" time="0.001" status="1" />
    <testcase name="IISInstallationQualifierShouldRemoveInstallIIS (True,False)" classname="Philips.PMP.Test.Auto.IISInstallationQualifierTest" time="0.001" status="1" />
    <testcase name="IISInstallationQualifierShouldRemoveInstallIIS (False,True)" classname="Philips.PMP.Test.Auto.IISInstallationQualifierTest" time="0.001" status="1" />
    <testcase name="IISInstallationQualifierVerify (True,True,True,True,True)" classname="Philips.PMP.Test.Auto.IISInstallationQualifierTest" time="0.005" status="1" />
    <testcase name="IISInstallationQualifierVerify (True,True,False,True,True)" classname="Philips.PMP.Test.Auto.IISInstallationQualifierTest" time="0.002" status="1" />
    <testcase name="IISInstallationQualifierVerify (True,False,True,True,True)" classname="Philips.PMP.Test.Auto.IISInstallationQualifierTest" time="0.002" status="1" />
    <testcase name="IISInstallationQualifierVerify (True,False,False,True,True)" classname="Philips.PMP.Test.Auto.IISInstallationQualifierTest" time="0.001" status="1" />
    <testcase name="IISInstallationQualifierVerify (True,True,True,False,True)" classname="Philips.PMP.Test.Auto.IISInstallationQualifierTest" time="0.002" status="1" />
    <testcase name="IISInstallationQualifierVerify (True,True,True,True,False)" classname="Philips.PMP.Test.Auto.IISInstallationQualifierTest" time="0.002" status="1" />
    <testcase name="IISInstallationQualifierVerify (True,True,True,False,False)" classname="Philips.PMP.Test.Auto.IISInstallationQualifierTest" time="0.001" status="1" />
    <testcase name="IISInstallationQualifierCorrect (False,True,True,True,True)" classname="Philips.PMP.Test.Auto.IISInstallationQualifierTest" time="0.333" status="1" />
    <testcase name="IISInstallationQualifierCorrect (True,False,True,True,True)" classname="Philips.PMP.Test.Auto.IISInstallationQualifierTest" time="0.003" status="1" />
    <testcase name="IISInstallationQualifierCorrect (True,True,False,True,True)" classname="Philips.PMP.Test.Auto.IISInstallationQualifierTest" time="0.002" status="1" />
    <testcase name="IISInstallationQualifierCorrect (True,True,True,False,True)" classname="Philips.PMP.Test.Auto.IISInstallationQualifierTest" time="0.002" status="1" />
    <testcase name="IISInstallationQualifierCorrect (True,True,True,True,False)" classname="Philips.PMP.Test.Auto.IISInstallationQualifierTest" time="0.002" status="1" />
    <testcase name="IISInstallationQualifierIsCorrectable" classname="Philips.PMP.Test.Auto.IISInstallationQualifierTest" time="0.003" status="1" />
    <system-out />
    <system-err />
  </testsuite>
  <testsuite name="Philips.CareEvent.Test.LocationAliasMapControlTest" hostname="RESTORMEL" package="not available" id="720" tests="1" failures="0" errors="0" skipped="0" time="0.084" timestamp="2023-12-13T03:28:28">
    <properties />
    <testcase name="LocationAliasMapControlOnAssignClicked" classname="Philips.CareEvent.Test.LocationAliasMapControlTest" time="0.084" status="1" />
    <system-out />
    <system-err />
  </testsuite>
  <testsuite name="Philips.PMP.Test.Auto.BedSimFileFormatTest" hostname="RESTORMEL" package="not available" id="721" tests="1" failures="0" errors="0" skipped="0" time="0.411" timestamp="2023-12-13T03:29:38">
    <properties />
    <testcase name="SimFilesAreCompressed" classname="Philips.PMP.Test.Auto.BedSimFileFormatTest" time="0.411" status="1" />
    <system-out />
    <system-err />
  </testsuite>
  <testsuite name="Philips.PIC.SharedAssignment.Test.SharedAssignmentHelperTest" hostname="RESTORMEL" package="not available" id="722" tests="9" failures="0" errors="0" skipped="0" time="1.154" timestamp="2023-12-13T03:29:11">
    <properties />
    <testcase name="UserToRoleDictionaryChecksForMapping" classname="Philips.PIC.SharedAssignment.Test.SharedAssignmentHelperTest" time="0.001" status="1" />
    <testcase name="InitializeInstitutionToUnitsShouldChoseZoneName (True)" classname="Philips.PIC.SharedAssignment.Test.SharedAssignmentHelperTest" time="0.415" status="1" />
    <testcase name="InitializeInstitutionToUnitsShouldChoseZoneName (False)" classname="Philips.PIC.SharedAssignment.Test.SharedAssignmentHelperTest" time="0.001" status="1" />
    <testcase name="GetTopologyForSharedAssignmentRolesShouldReturnInstitutionToUnits (True,1)" classname="Philips.PIC.SharedAssignment.Test.SharedAssignmentHelperTest" time="0.696" status="1" />
    <testcase name="GetTopologyForSharedAssignmentRolesShouldReturnInstitutionToUnits (False,0)" classname="Philips.PIC.SharedAssignment.Test.SharedAssignmentHelperTest" time="0.003" status="1" />
    <testcase name="DoesSharedRoleConfigurationReturnCorrectRole" classname="Philips.PIC.SharedAssignment.Test.SharedAssignmentHelperTest" time="0.002" status="1" />
    <testcase name="UserExistanceChecksForUserName (False,True)" classname="Philips.PIC.SharedAssignment.Test.SharedAssignmentHelperTest" time="0.003" status="1" />
    <testcase name="UserExistanceChecksForUserName (True,False)" classname="Philips.PIC.SharedAssignment.Test.SharedAssignmentHelperTest" time="0.002" status="1" />
    <testcase name="IsPatientValidReturnsPatientWithCorrectIdentity" classname="Philips.PIC.SharedAssignment.Test.SharedAssignmentHelperTest" time="0.031" status="1" />
    <system-out />
    <system-err />
  </testsuite>
  <testsuite name="Philips.PMP.Test.Auto.MobileDataSubscriberMgrTest" hostname="RESTORMEL" package="not available" id="723" tests="1" failures="0" errors="0" skipped="0" time="0.053" timestamp="2023-12-13T03:29:47">
    <properties />
    <testcase name="MobileBedSubscriberMgrCanAddAndRemoveSubscribers" classname="Philips.PMP.Test.Auto.MobileDataSubscriberMgrTest" time="0.053" status="1" />
    <system-out />
    <system-err />
  </testsuite>
  <testsuite name="Philips.PMP.Test.Auto.Hl7AlertfilterServiceSubscriberMgrTest" hostname="RESTORMEL" package="not available" id="724" tests="3" failures="0" errors="0" skipped="0" time="0.259" timestamp="2023-12-13T03:36:37">
    <properties />
    <testcase name="DistributedConfigurationSubscribeToAlertFilterServiceTest" classname="Philips.PMP.Test.Auto.Hl7AlertfilterServiceSubscriberMgrTest" time="0.253" status="1" />
    <testcase name="StopSubscribingToAlertFilterServiceTest" classname="Philips.PMP.Test.Auto.Hl7AlertfilterServiceSubscriberMgrTest" time="0.001" status="1" />
    <testcase name="CentralizedConfigurationSubscribeToAlertFilterServiceTest" classname="Philips.PMP.Test.Auto.Hl7AlertfilterServiceSubscriberMgrTest" time="0.004" status="1" />
    <system-out />
    <system-err />
  </testsuite>
  <testsuite name="Philips.PMP.Test.Auto.PatientMgrTest" hostname="RESTORMEL" package="not available" id="725" tests="60" failures="0" errors="0" skipped="0" time="0.987" timestamp="2023-12-13T03:36:48">
    <properties />
    <testcase name="PatientMgrSetAdmitStateTest (NotAdmitted,False,True)" classname="Philips.PMP.Test.Auto.PatientMgrTest" time="0.003" status="1" />
    <testcase name="PatientMgrSetAdmitStateTest (NotAdmitted,True,False)" classname="Philips.PMP.Test.Auto.PatientMgrTest" time="0.000" status="1" />
    <testcase name="PatientMgrSetAdmitStateTest (Admitted,False,False)" classname="Philips.PMP.Test.Auto.PatientMgrTest" time="0.001" status="1" />
    <testcase name="PatientMgrSetAdmitStateTest (Admitted,True,False)" classname="Philips.PMP.Test.Auto.PatientMgrTest" time="0.001" status="1" />
    <testcase name="PatientMgrSendEquipmentMessageTest" classname="Philips.PMP.Test.Auto.PatientMgrTest" time="0.023" status="1" />
    <testcase name="PatientMgrIsUnsyncedEntryTest (3,False)" classname="Philips.PMP.Test.Auto.PatientMgrTest" time="0.001" status="1" />
    <testcase name="PatientMgrIsUnsyncedEntryTest (4,False)" classname="Philips.PMP.Test.Auto.PatientMgrTest" time="0.000" status="1" />
    <testcase name="PatientMgrIsUnsyncedEntryTest (5,True)" classname="Philips.PMP.Test.Auto.PatientMgrTest" time="0.000" status="1" />
    <testcase name="PatientMgrProcessShowConflictTest" classname="Philips.PMP.Test.Auto.PatientMgrTest" time="0.437" status="1" />
    <testcase name="PatientMgrDidConflictStateChangeShouldNotifyDevicesTest (False,False,0,False,0)" classname="Philips.PMP.Test.Auto.PatientMgrTest" time="0.073" status="1" />
    <testcase name="PatientMgrDidConflictStateChangeShouldNotifyDevicesTest (True,False,1,False,1)" classname="Philips.PMP.Test.Auto.PatientMgrTest" time="0.006" status="1" />
    <testcase name="PatientMgrDidConflictStateChangeShouldNotifyDevicesTest (False,True,1,True,1)" classname="Philips.PMP.Test.Auto.PatientMgrTest" time="0.004" status="1" />
    <testcase name="PatientMgrDidConflictStateChangeShouldNotifyDevicesTest (True,True,1,True,1)" classname="Philips.PMP.Test.Auto.PatientMgrTest" time="0.003" status="1" />
    <testcase name="PatientMgrSyncPatientTest" classname="Philips.PMP.Test.Auto.PatientMgrTest" time="0.299" status="1" />
    <testcase name="PatientMgrResetPatientForNewUnitTest (True,False,No)" classname="Philips.PMP.Test.Auto.PatientMgrTest" time="0.004" status="1" />
    <testcase name="PatientMgrResetPatientForNewUnitTest (False,False,No)" classname="Philips.PMP.Test.Auto.PatientMgrTest" time="0.002" status="1" />
    <testcase name="PatientMgrResetPatientForNewUnitTest (False,True,Yes)" classname="Philips.PMP.Test.Auto.PatientMgrTest" time="0.002" status="1" />
    <testcase name="PatientMgrUpdatePatientInfoStringsTest (FirstName,x,X,True,False,False,False,False,True)" classname="Philips.PMP.Test.Auto.PatientMgrTest" time="0.016" status="1" />
    <testcase name="PatientMgrUpdatePatientInfoStringsTest (FirstName,x,x,True,True,True,False,False,True)" classname="Philips.PMP.Test.Auto.PatientMgrTest" time="0.002" status="1" />
    <testcase name="PatientMgrUpdatePatientInfoStringsTest (FirstName,x,x,True,False,False,True,False,True)" classname="Philips.PMP.Test.Auto.PatientMgrTest" time="0.002" status="1" />
    <testcase name="PatientMgrUpdatePatientInfoStringsTest (FirstName,x,X,True,False,True,True,False,False)" classname="Philips.PMP.Test.Auto.PatientMgrTest" time="0.002" status="1" />
    <testcase name="PatientMgrUpdatePatientInfoStringsTest (MiddleName,x,X,True,False,False,False,False,True)" classname="Philips.PMP.Test.Auto.PatientMgrTest" time="0.002" status="1" />
    <testcase name="PatientMgrUpdatePatientInfoStringsTest (MiddleName,x,x,True,True,True,False,False,True)" classname="Philips.PMP.Test.Auto.PatientMgrTest" time="0.002" status="1" />
    <testcase name="PatientMgrUpdatePatientInfoStringsTest (MiddleName,x,x,True,False,False,True,False,True)" classname="Philips.PMP.Test.Auto.PatientMgrTest" time="0.002" status="1" />
    <testcase name="PatientMgrUpdatePatientInfoStringsTest (MiddleName,x,X,True,False,True,True,False,False)" classname="Philips.PMP.Test.Auto.PatientMgrTest" time="0.002" status="1" />
    <testcase name="PatientMgrUpdatePatientInfoStringsTest (LastName,x,X,True,False,False,False,False,True)" classname="Philips.PMP.Test.Auto.PatientMgrTest" time="0.005" status="1" />
    <testcase name="PatientMgrUpdatePatientInfoStringsTest (LastName,x,x,True,True,True,False,False,True)" classname="Philips.PMP.Test.Auto.PatientMgrTest" time="0.003" status="1" />
    <testcase name="PatientMgrUpdatePatientInfoStringsTest (LastName,x,x,True,False,False,True,False,True)" classname="Philips.PMP.Test.Auto.PatientMgrTest" time="0.002" status="1" />
    <testcase name="PatientMgrUpdatePatientInfoStringsTest (LastName,x,X,True,False,True,True,False,False)" classname="Philips.PMP.Test.Auto.PatientMgrTest" time="0.002" status="1" />
    <testcase name="PatientMgrUpdatePatientInfoStringsTest (Alias,x,X,True,False,False,False,False,True)" classname="Philips.PMP.Test.Auto.PatientMgrTest" time="0.002" status="1" />
    <testcase name="PatientMgrUpdatePatientInfoStringsTest (Alias,x,x,True,False,False,False,False,False)" classname="Philips.PMP.Test.Auto.PatientMgrTest" time="0.002" status="1" />
    <testcase name="PatientMgrUpdatePatientInfoStringsTest (ScreenNote1,x,X,True,False,False,False,False,True)" classname="Philips.PMP.Test.Auto.PatientMgrTest" time="0.002" status="1" />
    <testcase name="PatientMgrUpdatePatientInfoStringsTest (ScreenNote1,x,x,True,False,False,False,False,False)" classname="Philips.PMP.Test.Auto.PatientMgrTest" time="0.002" status="1" />
    <testcase name="PatientMgrUpdatePatientInfoStringsTest (ScreenNote2,x,X,True,False,False,False,False,True)" classname="Philips.PMP.Test.Auto.PatientMgrTest" time="0.002" status="1" />
    <testcase name="PatientMgrUpdatePatientInfoStringsTest (ScreenNote2,x,x,True,False,False,False,False,False)" classname="Philips.PMP.Test.Auto.PatientMgrTest" time="0.002" status="1" />
    <testcase name="PatientMgrUpdatePatientInfoStringsTest (FacilityId,x,y,True,False,False,False,False,True)" classname="Philips.PMP.Test.Auto.PatientMgrTest" time="0.002" status="1" />
    <testcase name="PatientMgrUpdatePatientInfoStringsTest (FacilityId,x,y,True,False,True,False,False,True)" classname="Philips.PMP.Test.Auto.PatientMgrTest" time="0.002" status="1" />
    <testcase name="PatientMgrUpdatePatientInfoStringsTest (FacilityId,x,x,True,False,True,True,False,False)" classname="Philips.PMP.Test.Auto.PatientMgrTest" time="0.002" status="1" />
    <testcase name="PatientMgrUpdatePatientInfoStringsTest (LifetimeId,x,X,True,False,False,False,False,True)" classname="Philips.PMP.Test.Auto.PatientMgrTest" time="0.002" status="1" />
    <testcase name="PatientMgrUpdatePatientInfoStringsTest (LifetimeId,x,x,True,False,False,True,False,True)" classname="Philips.PMP.Test.Auto.PatientMgrTest" time="0.002" status="1" />
    <testcase name="PatientMgrUpdatePatientInfoStringsTest (LifetimeId,x,X,True,True,False,False,False,True)" classname="Philips.PMP.Test.Auto.PatientMgrTest" time="0.002" status="1" />
    <testcase name="PatientMgrUpdatePatientInfoStringsTest (LifetimeId,x,X,True,False,True,False,False,False)" classname="Philips.PMP.Test.Auto.PatientMgrTest" time="0.002" status="1" />
    <testcase name="PatientMgrUpdatePatientInfoStringsTest (LifetimeId,x,X,False,False,False,False,False,False)" classname="Philips.PMP.Test.Auto.PatientMgrTest" time="0.002" status="1" />
    <testcase name="PatientMgrUpdatePatientInfoStringsTest (LifetimeId,x,x,True,True,True,False,False,True)" classname="Philips.PMP.Test.Auto.PatientMgrTest" time="0.003" status="1" />
    <testcase name="PatientMgrUpdatePatientInfoStringsTest (EncounterId,x,X,True,False,False,False,False,True)" classname="Philips.PMP.Test.Auto.PatientMgrTest" time="0.002" status="1" />
    <testcase name="PatientMgrUpdatePatientInfoStringsTest (EncounterId,x,x,True,False,False,True,False,True)" classname="Philips.PMP.Test.Auto.PatientMgrTest" time="0.002" status="1" />
    <testcase name="PatientMgrUpdatePatientInfoStringsTest (EncounterId,x,X,True,True,False,False,False,True)" classname="Philips.PMP.Test.Auto.PatientMgrTest" time="0.002" status="1" />
    <testcase name="PatientMgrUpdatePatientInfoStringsTest (EncounterId,x,X,True,False,True,False,False,False)" classname="Philips.PMP.Test.Auto.PatientMgrTest" time="0.002" status="1" />
    <testcase name="PatientMgrUpdatePatientInfoStringsTest (EncounterId,x,X,False,False,False,False,False,False)" classname="Philips.PMP.Test.Auto.PatientMgrTest" time="0.002" status="1" />
    <testcase name="PatientMgrUpdatePatientInfoStringsTest (EncounterId,x,x,True,True,True,False,False,True)" classname="Philips.PMP.Test.Auto.PatientMgrTest" time="0.002" status="1" />
    <testcase name="PatientMgrUpdatePatientInfoStringsTest (AlternateId,x,X,True,False,False,False,False,True)" classname="Philips.PMP.Test.Auto.PatientMgrTest" time="0.005" status="1" />
    <testcase name="PatientMgrUpdatePatientInfoStringsTest (AlternateId,x,x,True,False,False,True,False,True)" classname="Philips.PMP.Test.Auto.PatientMgrTest" time="0.003" status="1" />
    <testcase name="PatientMgrUpdatePatientInfoStringsTest (AlternateId,x,X,True,True,False,False,False,True)" classname="Philips.PMP.Test.Auto.PatientMgrTest" time="0.002" status="1" />
    <testcase name="PatientMgrUpdatePatientInfoStringsTest (AlternateId,x,X,True,False,True,False,False,False)" classname="Philips.PMP.Test.Auto.PatientMgrTest" time="0.002" status="1" />
    <testcase name="PatientMgrUpdatePatientInfoStringsTest (AlternateId,x,X,False,False,False,False,False,False)" classname="Philips.PMP.Test.Auto.PatientMgrTest" time="0.002" status="1" />
    <testcase name="PatientMgrUpdatePatientInfoStringsTest (AlternateId,x,x,True,True,True,False,False,True)" classname="Philips.PMP.Test.Auto.PatientMgrTest" time="0.002" status="1" />
    <testcase name="PatientMgrUpdatePatientInfoStringsTest (InternalId,123,456,True,True,True,False,True,True)" classname="Philips.PMP.Test.Auto.PatientMgrTest" time="0.002" status="1" />
    <testcase name="PatientMgrUpdatePatientInfoStringsTest (InternalId,123,456,True,True,True,False,False,False)" classname="Philips.PMP.Test.Auto.PatientMgrTest" time="0.002" status="1" />
    <testcase name="PatientMgrProcessesIpAddressUpdates (Mdil)" classname="Philips.PMP.Test.Auto.PatientMgrTest" time="0.015" status="1" />
    <testcase name="PatientMgrProcessesIpAddressUpdates (Telemdil)" classname="Philips.PMP.Test.Auto.PatientMgrTest" time="0.011" status="1" />
    <system-out />
    <system-err />
  </testsuite>
  <testsuite name="Philips.PMP.Test.Auto.SystemControlHandlerTest" hostname="RESTORMEL" package="not available" id="726" tests="64" failures="0" errors="0" skipped="0" time="0.790" timestamp="2023-12-13T03:36:53">
    <properties />
    <testcase name="SystemControlHandlerGetPatientIdForSearch" classname="Philips.PMP.Test.Auto.SystemControlHandlerTest" time="0.002" status="1" />
    <testcase name="SystemControlHandlerEcg12LeadTimeDueFormatTest (en-us,9/6/2021 10:55:24 AM)" classname="Philips.PMP.Test.Auto.SystemControlHandlerTest" time="0.004" status="1" />
    <testcase name="SystemControlHandlerEcg12LeadTimeDueFormatTest (en-au,6/09/2021 10:55:24 AM)" classname="Philips.PMP.Test.Auto.SystemControlHandlerTest" time="0.001" status="1" />
    <testcase name="SystemControlHandlerCreateColumnTypeListTest" classname="Philips.PMP.Test.Auto.SystemControlHandlerTest" time="0.007" status="1" />
    <testcase name="SystemControlHandlerGetOverviewPortTest (Unknown,24002)" classname="Philips.PMP.Test.Auto.SystemControlHandlerTest" time="0.001" status="1" />
    <testcase name="SystemControlHandlerGetOverviewPortTest (NotSecure,24002)" classname="Philips.PMP.Test.Auto.SystemControlHandlerTest" time="0.001" status="1" />
    <testcase name="SystemControlHandlerGetOverviewPortTest (SecurityOff,24002)" classname="Philips.PMP.Test.Auto.SystemControlHandlerTest" time="0.000" status="1" />
    <testcase name="SystemControlHandlerGetOverviewPortTest (AuthenticatedNotEncrypted,27002)" classname="Philips.PMP.Test.Auto.SystemControlHandlerTest" time="0.001" status="1" />
    <testcase name="SystemControlHandlerGetOverviewPortTest (AuthenticatedAndEncrypted,27002)" classname="Philips.PMP.Test.Auto.SystemControlHandlerTest" time="0.000" status="1" />
    <testcase name="SystemControlHandlerSetHidableControlOpStateTest (False,False,NotAvailable)" classname="Philips.PMP.Test.Auto.SystemControlHandlerTest" time="0.001" status="1" />
    <testcase name="SystemControlHandlerSetHidableControlOpStateTest (False,True,NotAvailable)" classname="Philips.PMP.Test.Auto.SystemControlHandlerTest" time="0.001" status="1" />
    <testcase name="SystemControlHandlerSetHidableControlOpStateTest (True,False,Enabled)" classname="Philips.PMP.Test.Auto.SystemControlHandlerTest" time="0.001" status="1" />
    <testcase name="SystemControlHandlerSetHidableControlOpStateTest (True,True,Disabled)" classname="Philips.PMP.Test.Auto.SystemControlHandlerTest" time="0.000" status="1" />
    <testcase name="SystemControlHandlerIsRequestToCloseWindowTest (False,False,False,False,False)" classname="Philips.PMP.Test.Auto.SystemControlHandlerTest" time="0.023" status="1" />
    <testcase name="SystemControlHandlerIsRequestToCloseWindowTest (True,False,False,False,False)" classname="Philips.PMP.Test.Auto.SystemControlHandlerTest" time="0.021" status="1" />
    <testcase name="SystemControlHandlerIsRequestToCloseWindowTest (True,True,False,False,False)" classname="Philips.PMP.Test.Auto.SystemControlHandlerTest" time="0.001" status="1" />
    <testcase name="SystemControlHandlerIsRequestToCloseWindowTest (True,True,True,False,True)" classname="Philips.PMP.Test.Auto.SystemControlHandlerTest" time="0.001" status="1" />
    <testcase name="SystemControlHandlerIsRequestToCloseWindowTest (True,True,False,True,True)" classname="Philips.PMP.Test.Auto.SystemControlHandlerTest" time="0.001" status="1" />
    <testcase name="GBCServiceWindowUnableToCreateTest (System.String[],OnSearchTextEntered,System.String[])" classname="Philips.PMP.Test.Auto.SystemControlHandlerTest" time="0.077" status="1" />
    <testcase name="GBCServiceWindowUnableToCreateTest (System.String[],OnSearchTextEntered,System.String[])" classname="Philips.PMP.Test.Auto.SystemControlHandlerTest" time="0.031" status="1" />
    <testcase name="GBCServiceWindowUnableToCreateTest (System.String[],OpenUnitListWindow,System.String[])" classname="Philips.PMP.Test.Auto.SystemControlHandlerTest" time="0.050" status="1" />
    <testcase name="GBCServiceWindowUnableToCreateTest (System.String[],OpenUnitListWindow,System.String[])" classname="Philips.PMP.Test.Auto.SystemControlHandlerTest" time="0.028" status="1" />
    <testcase name="GBCServiceWindowUnableToCreateTest (System.String[],OpenPatientListWindow,System.String[])" classname="Philips.PMP.Test.Auto.SystemControlHandlerTest" time="0.008" status="1" />
    <testcase name="GBCServiceWindowUnableToCreateTest (System.String[],OpenPatientListWindow,System.String[])" classname="Philips.PMP.Test.Auto.SystemControlHandlerTest" time="0.016" status="1" />
    <testcase name="GBCServiceWindowUnableToCreateTest (System.String[],OpenUnassignedBedListWindow,System.String[])" classname="Philips.PMP.Test.Auto.SystemControlHandlerTest" time="0.007" status="1" />
    <testcase name="GBCServiceWindowUnableToCreateTest (System.String[],OpenUnassignedBedListWindow,System.String[])" classname="Philips.PMP.Test.Auto.SystemControlHandlerTest" time="0.006" status="1" />
    <testcase name="GBCServiceWindowUnableToCreateTest (System.String[],OpenSoftKeyboardWindow,System.String[])" classname="Philips.PMP.Test.Auto.SystemControlHandlerTest" time="0.006" status="1" />
    <testcase name="GBCServiceWindowUnableToCreateTest (System.String[],OpenSoftKeyboardWindow,System.String[])" classname="Philips.PMP.Test.Auto.SystemControlHandlerTest" time="0.004" status="1" />
    <testcase name="GBCServiceWindowUnableToCreateTest (System.String[],OpenErrorWindow,System.String[])" classname="Philips.PMP.Test.Auto.SystemControlHandlerTest" time="0.003" status="1" />
    <testcase name="GBCServiceWindowUnableToCreateTest (System.String[],OpenErrorWindow,System.String[])" classname="Philips.PMP.Test.Auto.SystemControlHandlerTest" time="0.034" status="1" />
    <testcase name="GBCServiceWindowUnableToCreateTest (System.String[],OnCurrentUuidentAvailable,System.String[])" classname="Philips.PMP.Test.Auto.SystemControlHandlerTest" time="0.049" status="1" />
    <testcase name="GBCServiceWindowUnableToCreateTest (System.String[],OnCurrentUuidentAvailable,System.String[])" classname="Philips.PMP.Test.Auto.SystemControlHandlerTest" time="0.039" status="1" />
    <testcase name="GBCServiceWindowUnableToCreateTest (System.String[],OnCurrentUuidentAvailable,System.String[])" classname="Philips.PMP.Test.Auto.SystemControlHandlerTest" time="0.040" status="1" />
    <testcase name="GBCServiceWindowUnableToCreateTest (System.String[],OpenFieldExportSimpleWindow,System.String[])" classname="Philips.PMP.Test.Auto.SystemControlHandlerTest" time="0.014" status="1" />
    <testcase name="GBCServiceWindowUnableToCreateTest (System.String[],OpenFieldExportSimpleWindow,System.String[])" classname="Philips.PMP.Test.Auto.SystemControlHandlerTest" time="0.003" status="1" />
    <testcase name="GBCServiceWindowUnableToCreateTest (System.String[],OpenOrderListWindow,System.String[])" classname="Philips.PMP.Test.Auto.SystemControlHandlerTest" time="0.011" status="1" />
    <testcase name="GBCServiceWindowUnableToCreateTest (System.String[],OpenOrderListWindow,System.String[])" classname="Philips.PMP.Test.Auto.SystemControlHandlerTest" time="0.006" status="1" />
    <testcase name="GBCServiceWindowUnableToCreateTest (System.String[],OnAddEquipment,System.String[])" classname="Philips.PMP.Test.Auto.SystemControlHandlerTest" time="0.010" status="1" />
    <testcase name="GBCServiceWindowUnableToCreateTest (System.String[],OnAddEquipment,System.String[])" classname="Philips.PMP.Test.Auto.SystemControlHandlerTest" time="0.005" status="1" />
    <testcase name="GBCServiceWindowUnableToCreateTest (System.String[],OnSelectTempLocation,System.String[])" classname="Philips.PMP.Test.Auto.SystemControlHandlerTest" time="0.009" status="1" />
    <testcase name="GBCServiceWindowUnableToCreateTest (System.String[],OnSelectTempLocation,System.String[])" classname="Philips.PMP.Test.Auto.SystemControlHandlerTest" time="0.007" status="1" />
    <testcase name="GBCServiceWindowUnableToCreateTest (System.String[],OnSelectCareGiver,System.String[])" classname="Philips.PMP.Test.Auto.SystemControlHandlerTest" time="0.019" status="1" />
    <testcase name="GBCServiceWindowUnableToCreateTest (System.String[],OnSelectCareGiver,System.String[])" classname="Philips.PMP.Test.Auto.SystemControlHandlerTest" time="0.004" status="1" />
    <testcase name="GBCServiceWindowUnableToCreateTest (System.String[],OnCareGiverSelected,System.String[])" classname="Philips.PMP.Test.Auto.SystemControlHandlerTest" time="0.031" status="1" />
    <testcase name="GBCServiceWindowUnableToCreateTest (System.String[],OnCareGiverSelected,System.String[])" classname="Philips.PMP.Test.Auto.SystemControlHandlerTest" time="0.030" status="1" />
    <testcase name="GBCServiceWindowUnableToCreateTest (System.String[],OnPatientSelected,System.String[])" classname="Philips.PMP.Test.Auto.SystemControlHandlerTest" time="0.010" status="1" />
    <testcase name="GBCServiceWindowUnableToCreateTest (System.String[],OnPatientSelected,System.String[])" classname="Philips.PMP.Test.Auto.SystemControlHandlerTest" time="0.005" status="1" />
    <testcase name="GBCServiceWindowUnableToCreateTest (System.String[],OnAddEquipmentSelected,System.String[])" classname="Philips.PMP.Test.Auto.SystemControlHandlerTest" time="0.011" status="1" />
    <testcase name="GBCServiceWindowUnableToCreateTest (System.String[],OnAddEquipmentSelected,System.String[])" classname="Philips.PMP.Test.Auto.SystemControlHandlerTest" time="0.003" status="1" />
    <testcase name="GBCServiceWindowUnableToCreateTest (System.String[],OnTempLocationSelected,System.String[])" classname="Philips.PMP.Test.Auto.SystemControlHandlerTest" time="0.003" status="1" />
    <testcase name="GBCServiceWindowUnableToCreateTest (System.String[],OnTempLocationSelected,System.String[])" classname="Philips.PMP.Test.Auto.SystemControlHandlerTest" time="0.001" status="1" />
    <testcase name="GBCServiceWindowUnableToCreateTest (System.String[],OnUnassignedBedSelected,System.String[])" classname="Philips.PMP.Test.Auto.SystemControlHandlerTest" time="0.009" status="1" />
    <testcase name="GBCServiceWindowUnableToCreateTest (System.String[],OnUnassignedBedSelected,System.String[])" classname="Philips.PMP.Test.Auto.SystemControlHandlerTest" time="0.003" status="1" />
    <testcase name="GBCServiceWindowUnableToCreateTest (System.String[],OnBedInUnitSelected,System.String[])" classname="Philips.PMP.Test.Auto.SystemControlHandlerTest" time="0.015" status="1" />
    <testcase name="GBCServiceWindowUnableToCreateTest (System.String[],OnBedInUnitSelected,System.String[])" classname="Philips.PMP.Test.Auto.SystemControlHandlerTest" time="0.010" status="1" />
    <testcase name="GBCServiceWindowUnableToCreateTest (System.String[],OnExportFieldValueSelected,System.String[])" classname="Philips.PMP.Test.Auto.SystemControlHandlerTest" time="0.010" status="1" />
    <testcase name="GBCServiceWindowUnableToCreateTest (System.String[],OnExportFieldValueSelected,System.String[])" classname="Philips.PMP.Test.Auto.SystemControlHandlerTest" time="0.004" status="1" />
    <testcase name="SystemControlHandlerTryGetMonitorZoneTest (,False,False)" classname="Philips.PMP.Test.Auto.SystemControlHandlerTest" time="0.063" status="1" />
    <testcase name="SystemControlHandlerTryGetMonitorZoneTest (Unknown,True,True)" classname="Philips.PMP.Test.Auto.SystemControlHandlerTest" time="0.007" status="1" />
    <testcase name="SystemControlHandlerTryGetMonitorZoneTest (CentralSupply,True,True)" classname="Philips.PMP.Test.Auto.SystemControlHandlerTest" time="0.012" status="1" />
    <testcase name="SystemControlHandlerTryGetMonitorZoneTest (ClinicalUnit,True,True)" classname="Philips.PMP.Test.Auto.SystemControlHandlerTest" time="0.003" status="1" />
    <testcase name="SystemControlHandlerTryGetMonitorZoneTest (CareDomain,True,True)" classname="Philips.PMP.Test.Auto.SystemControlHandlerTest" time="0.003" status="1" />
    <testcase name="SystemControlHandlerTryGetMonitorZoneTest (WebPortal,True,True)" classname="Philips.PMP.Test.Auto.SystemControlHandlerTest" time="0.003" status="1" />
    <testcase name="SystemControlHandlerTryGetMonitorZoneTest (Multicast,True,True)" classname="Philips.PMP.Test.Auto.SystemControlHandlerTest" time="0.002" status="1" />
    <system-out />
    <system-err />
  </testsuite>
  <testsuite name="Philips.PMP.Test.Auto.SvgIconRendererTest" hostname="RESTORMEL" package="not available" id="727" tests="2" failures="0" errors="0" skipped="0" time="0.012" timestamp="2023-12-13T03:29:58">
    <properties />
    <testcase name="RenderSpsSvgIcon" classname="Philips.PMP.Test.Auto.SvgIconRendererTest" time="0.002" status="1" />
    <testcase name="RenderMewsSvgIcon" classname="Philips.PMP.Test.Auto.SvgIconRendererTest" time="0.010" status="1" />
    <system-out />
    <system-err />
  </testsuite>
  <testsuite name="Philips.PMP.Test.Auto.StandaloneOptionsQualifierTest" hostname="RESTORMEL" package="not available" id="728" tests="8" failures="0" errors="0" skipped="0" time="0.114" timestamp="2023-12-13T03:29:39">
    <properties />
    <testcase name="CorrectWillAssignLicenseToUnitWithHostDevice (2)" classname="Philips.PMP.Test.Auto.StandaloneOptionsQualifierTest" time="0.076" status="1" />
    <testcase name="CorrectWillAssignLicenseToUnitWithHostDevice (1)" classname="Philips.PMP.Test.Auto.StandaloneOptionsQualifierTest" time="0.002" status="1" />
    <testcase name="CorrectWillSaveWithUnitLicense" classname="Philips.PMP.Test.Auto.StandaloneOptionsQualifierTest" time="0.003" status="1" />
    <testcase name="MethodVerifyWillSucceedIfUnitIsAlreadyAssignedWithLicense" classname="Philips.PMP.Test.Auto.StandaloneOptionsQualifierTest" time="0.018" status="1" />
    <testcase name="CorrectWillDoNothingIfUnitIsAlreadyAssignedWithLicense" classname="Philips.PMP.Test.Auto.StandaloneOptionsQualifierTest" time="0.003" status="1" />
    <testcase name="MethodVerifyWillWarnIfUnitIsNotAlreadyAssignedWithLicense" classname="Philips.PMP.Test.Auto.StandaloneOptionsQualifierTest" time="0.001" status="1" />
    <testcase name="VerifyWillcheckLicenseToUnitWithHostDevice (2)" classname="Philips.PMP.Test.Auto.StandaloneOptionsQualifierTest" time="0.008" status="1" />
    <testcase name="VerifyWillcheckLicenseToUnitWithHostDevice (1)" classname="Philips.PMP.Test.Auto.StandaloneOptionsQualifierTest" time="0.003" status="1" />
    <system-out />
    <system-err />
  </testsuite>
  <testsuite name="Philips.PMP.Test.Auto.AlarisAGWDriverTest" hostname="RESTORMEL" package="not available" id="729" tests="11" failures="0" errors="0" skipped="0" time="0.152" timestamp="2023-12-13T03:34:12">
    <properties />
    <testcase name="AlarisGatewayMdsRemoveDeviceTest" classname="Philips.PMP.Test.Auto.AlarisAGWDriverTest" time="0.004" status="1" />
    <testcase name="AlarisGatewayMesssageExtractionTest (,,False)" classname="Philips.PMP.Test.Auto.AlarisAGWDriverTest" time="0.002" status="1" />
    <testcase name="AlarisGatewayMesssageExtractionTest (&lt;?xml version=&quot;1.0&quot;?&gt;&lt;Gateway sequence=&quot;537355&quot; time=&quot;16:56:23&quot; date=&quot;2016-06-24&quot;license=&quot;none&quot; xmlns=&quot;http://www.alarismed.com/XML/AsenaGateway.xsd&quot;&gt;&lt;Tiles&gt;&lt;Tile is_contactable=&quot;true&quot; pump_contactable=&quot;false&quot;pump_fitted=&quot;false&quot; upgrading=&quot;false&quot; sw_version=&quot;v1.1.44&quot; id=&quot;Tile-3&quot;free_memory=&quot;63&quot;/&gt;&lt;Tile is_contactable=&quot;true&quot; pump_contactable=&quot;true&quot; pump_fitted=&quot;true&quot;upgrading=&quot;false&quot; sw_version=&quot;v1.1.44&quot; id=&quot;Tile-1&quot; free_memory=&quot;63&quot;&gt;&lt;Pump sw_version=&quot;v3.4.5&quot; service_message=&quot;&quot; service_date=&quot;2018-09-11&quot;model=&quot;Alaris PK&quot; serial_no=&quot;1351-94763&quot;&gt;&lt;Status&gt;Hold&lt;/Status&gt;&lt;DetailedStatus infusion=&quot;Hold&quot; alarm=&quot;None&quot; mode=&quot;Hold&quot;/&gt;&lt;/Pump&gt;&lt;/Tile&gt;&lt;Tile is_contactable=&quot;true&quot; pump_contactable=&quot;false&quot;pump_fitted=&quot;false&quot; upgrading=&quot;false&quot; sw_version=&quot;v1.1.44&quot; id=&quot;Tile-4&quot;free_memory=&quot;65&quot;/&gt;&lt;Tile is_contactable=&quot;true&quot; pump_contactable=&quot;false&quot;pump_fitted=&quot;false&quot; upgrading=&quot;false&quot; sw_version=&quot;v1.1.44&quot; id=&quot;Tile-7&quot;free_memory=&quot;65&quot;/&gt;&lt;Tile is_contactable=&quot;true&quot; pump_contactable=&quot;false&quot;pump_fitted=&quot;false&quot; upgrading=&quot;false&quot; sw_version=&quot;v1.1.44&quot; id=&quot;Tile-2&quot;free_memory=&quot;63&quot;/&gt;&lt;Tile is_contactable=&quot;true&quot; pump_contactable=&quot;false&quot;pump_fitted=&quot;false&quot; upgrading=&quot;false&quot; sw_version=&quot;v1.1.44&quot; id=&quot;Tile-5&quot;free_memory=&quot;62&quot;/&gt;&lt;Tile is_contactable=&quot;true&quot; pump_contactable=&quot;false&quot;pump_fitted=&quot;false&quot; upgrading=&quot;false&quot; sw_version=&quot;v1.1.44&quot; id=&quot;Tile-6&quot;free_memory=&quot;63&quot;/&gt;&lt;Tile is_contactable=&quot;true&quot; pump_contactable=&quot;false&quot;pump_fitted=&quot;false&quot; upgrading=&quot;false&quot; sw_version=&quot;v1.1.44&quot; id=&quot;Tile-8&quot;free_memory=&quot;62&quot;/&gt;&lt;/Tiles&gt;&lt;Identification sw_version=&quot;v1.3.0&quot; serial_id=&quot;&quot; hospital_id=&quot; &quot;bed_id=&quot; &quot; ward_id=&quot; &quot; build_number=&quot;Build 11&quot;/&gt;&lt;Status battery_level=&quot;Full&quot; battery_capacity=&quot;96&quot; AC=&quot;true&quot;SFI=&quot;None&quot;/&gt;&lt;Memory load=&quot;72%&quot;&gt;&lt;Physical available=&quot;7816K&quot; total=&quot;26968K&quot;/&gt;&lt;Virtual available=&quot;18432K&quot; total=&quot;32768K&quot;/&gt;&lt;/Memory&gt;&lt;/Gateway&gt;,&lt;?xml version=&quot;1.0&quot;?&gt;&lt;Gateway sequence=&quot;537355&quot; time=&quot;16:56:23&quot; date=&quot;2016-06-24&quot;license=&quot;none&quot; xmlns=&quot;http://www.alarismed.com/XML/AsenaGateway.xsd&quot;&gt;&lt;Tiles&gt;&lt;Tile is_contactable=&quot;true&quot; pump_contactable=&quot;false&quot;pump_fitted=&quot;false&quot; upgrading=&quot;false&quot; sw_version=&quot;v1.1.44&quot; id=&quot;Tile-3&quot;free_memory=&quot;63&quot;/&gt;&lt;Tile is_contactable=&quot;true&quot; pump_contactable=&quot;true&quot; pump_fitted=&quot;true&quot;upgrading=&quot;false&quot; sw_version=&quot;v1.1.44&quot; id=&quot;Tile-1&quot; free_memory=&quot;63&quot;&gt;&lt;Pump sw_version=&quot;v3.4.5&quot; service_message=&quot;&quot; service_date=&quot;2018-09-11&quot;model=&quot;Alaris PK&quot; serial_no=&quot;1351-94763&quot;&gt;&lt;Status&gt;Hold&lt;/Status&gt;&lt;DetailedStatus infusion=&quot;Hold&quot; alarm=&quot;None&quot; mode=&quot;Hold&quot;/&gt;&lt;/Pump&gt;&lt;/Tile&gt;&lt;Tile is_contactable=&quot;true&quot; pump_contactable=&quot;false&quot;pump_fitted=&quot;false&quot; upgrading=&quot;false&quot; sw_version=&quot;v1.1.44&quot; id=&quot;Tile-4&quot;free_memory=&quot;65&quot;/&gt;&lt;Tile is_contactable=&quot;true&quot; pump_contactable=&quot;false&quot;pump_fitted=&quot;false&quot; upgrading=&quot;false&quot; sw_version=&quot;v1.1.44&quot; id=&quot;Tile-7&quot;free_memory=&quot;65&quot;/&gt;&lt;Tile is_contactable=&quot;true&quot; pump_contactable=&quot;false&quot;pump_fitted=&quot;false&quot; upgrading=&quot;false&quot; sw_version=&quot;v1.1.44&quot; id=&quot;Tile-2&quot;free_memory=&quot;63&quot;/&gt;&lt;Tile is_contactable=&quot;true&quot; pump_contactable=&quot;false&quot;pump_fitted=&quot;false&quot; upgrading=&quot;false&quot; sw_version=&quot;v1.1.44&quot; id=&quot;Tile-5&quot;free_memory=&quot;62&quot;/&gt;&lt;Tile is_contactable=&quot;true&quot; pump_contactable=&quot;false&quot;pump_fitted=&quot;false&quot; upgrading=&quot;false&quot; sw_version=&quot;v1.1.44&quot; id=&quot;Tile-6&quot;free_memory=&quot;63&quot;/&gt;&lt;Tile is_contactable=&quot;true&quot; pump_contactable=&quot;false&quot;pump_fitted=&quot;false&quot; upgrading=&quot;false&quot; sw_version=&quot;v1.1.44&quot; id=&quot;Tile-8&quot;free_memory=&quot;62&quot;/&gt;&lt;/Tiles&gt;&lt;Identification sw_version=&quot;v1.3.0&quot; serial_id=&quot;&quot; hospital_id=&quot; &quot;bed_id=&quot; &quot; ward_id=&quot; &quot; build_number=&quot;Build 11&quot;/&gt;&lt;Status battery_level=&quot;Full&quot; battery_capacity=&quot;96&quot; AC=&quot;true&quot;SFI=&quot;None&quot;/&gt;&lt;Memory load=&quot;72%&quot;&gt;&lt;Physical available=&quot;7816K&quot; total=&quot;26968K&quot;/&gt;&lt;Virtual available=&quot;18432K&quot; total=&quot;32768K&quot;/&gt;&lt;/Memory&gt;&lt;/Gateway&gt;,True)" classname="Philips.PMP.Test.Auto.AlarisAGWDriverTest" time="0.000" status="1" />
    <testcase name="AlarisGatewayMesssageExtractionTest (&lt;?xml version=&quot;1.0&quot;?&gt;&lt;Gateway sequence=&quot;537355&quot; time=&quot;16:56:23&quot; date=&quot;2016-06-24&quot;license=&quot;none&quot; xmlns=&quot;http://www.alarismed.com/XML/AsenaGateway.xsd&quot;&gt;&lt;Tiles&gt;&lt;Tile is_contactable=&quot;true&quot; pump_contactable=&quot;false&quot;pump_fitted=&quot;false&quot; upgrading=&quot;false&quot; sw_version=&quot;v1.1.44&quot; id=&quot;Tile-3&quot;free_memory=&quot;63&quot;/&gt;&lt;Tile is_contactable=&quot;true&quot; pump_contactable=&quot;true&quot; pump_fitted=&quot;true&quot;upgrading=&quot;false&quot; sw_version=&quot;v1.1.44&quot; id=&quot;Tile-1&quot; free_memory=&quot;63&quot;&gt;&lt;Pump sw_version=&quot;v3.4.5&quot; service_message=&quot;&quot; service_date=&quot;2018-09-11&quot;model=&quot;Alaris PK&quot; serial_no=&quot;1351-94763&quot;&gt;&lt;Status&gt;Hold&lt;/Status&gt;&lt;DetailedStatus infusion=&quot;Hold&quot; alarm=&quot;None&quot; mode=&quot;Hold&quot;/&gt;&lt;/Pump&gt;&lt;/Tile&gt;&lt;Tile is_contactable=&quot;true&quot; pump_contactable=&quot;false&quot;pump_fitted=&quot;false&quot; upgrading=&quot;false&quot; sw_version=&quot;v1.1.44&quot; id=&quot;Tile-4&quot;free_memory=&quot;65&quot;/&gt;&lt;Tile is_contactable=&quot;true&quot; pump_contactable=&quot;false&quot;pump_fitted=&quot;false&quot; upgrading=&quot;false&quot; sw_version=&quot;v1.1.44&quot; id=&quot;Tile-7&quot;free_memory=&quot;65&quot;/&gt;&lt;Tile is_contactable=&quot;true&quot; pump_contactable=&quot;false&quot;pump_fitted=&quot;false&quot; upgrading=&quot;false&quot; sw_version=&quot;v1.1.44&quot; id=&quot;Tile-2&quot;free_memory=&quot;63&quot;/&gt;&lt;Tile is_contactable=&quot;true&quot; pump_contactable=&quot;false&quot;pump_fitted=&quot;false&quot; upgrading=&quot;false&quot; sw_version=&quot;v1.1.44&quot; id=&quot;Tile-5&quot;free_memory=&quot;62&quot;/&gt;&lt;Tile is_contactable=&quot;true&quot; pump_contactable=&quot;false&quot;pump_fitted=&quot;false&quot; upgrading=&quot;false&quot; sw_version=&quot;v1.1.44&quot; id=&quot;Tile-6&quot;free_memory=&quot;63&quot;/&gt;&lt;Tile is_contactable=&quot;true&quot; pump_contactable=&quot;false&quot;pump_fitted=&quot;false&quot; upgrading=&quot;false&quot; sw_version=&quot;v1.1.44&quot; id=&quot;Tile-8&quot;free_memory=&quot;62&quot;/&gt;&lt;/Tiles&gt;&lt;Identification sw_version=&quot;v1.3.0&quot; serial_id=&quot;&quot; hospital_id=&quot; &quot;bed_id=&quot; &quot; ward_id=&quot; &quot; build_number=&quot;Build 11&quot;/&gt;&lt;Status battery_level=&quot;Full&quot; battery_capacity=&quot;96&quot; AC=&quot;true&quot;SFI=&quot;None&quot;/&gt;&lt;Memory load=&quot;72%&quot;&gt;&lt;Physical available=&quot;7816K&quot; total=&quot;26968K&quot;/&gt;&lt;Virtual available=&quot;18432K&quot; total=&quot;32768K&quot;/&gt;&lt;/Memory&gt;&lt;/Gateway&gt;&lt;?xml version=&quot;1.0&quot;?&gt;&lt;Gateway sequence=&quot;537355&quot;,&lt;?xml version=&quot;1.0&quot;?&gt;&lt;Gateway sequence=&quot;537355&quot; time=&quot;16:56:23&quot; date=&quot;2016-06-24&quot;license=&quot;none&quot; xmlns=&quot;http://www.alarismed.com/XML/AsenaGateway.xsd&quot;&gt;&lt;Tiles&gt;&lt;Tile is_contactable=&quot;true&quot; pump_contactable=&quot;false&quot;pump_fitted=&quot;false&quot; upgrading=&quot;false&quot; sw_version=&quot;v1.1.44&quot; id=&quot;Tile-3&quot;free_memory=&quot;63&quot;/&gt;&lt;Tile is_contactable=&quot;true&quot; pump_contactable=&quot;true&quot; pump_fitted=&quot;true&quot;upgrading=&quot;false&quot; sw_version=&quot;v1.1.44&quot; id=&quot;Tile-1&quot; free_memory=&quot;63&quot;&gt;&lt;Pump sw_version=&quot;v3.4.5&quot; service_message=&quot;&quot; service_date=&quot;2018-09-11&quot;model=&quot;Alaris PK&quot; serial_no=&quot;1351-94763&quot;&gt;&lt;Status&gt;Hold&lt;/Status&gt;&lt;DetailedStatus infusion=&quot;Hold&quot; alarm=&quot;None&quot; mode=&quot;Hold&quot;/&gt;&lt;/Pump&gt;&lt;/Tile&gt;&lt;Tile is_contactable=&quot;true&quot; pump_contactable=&quot;false&quot;pump_fitted=&quot;false&quot; upgrading=&quot;false&quot; sw_version=&quot;v1.1.44&quot; id=&quot;Tile-4&quot;free_memory=&quot;65&quot;/&gt;&lt;Tile is_contactable=&quot;true&quot; pump_contactable=&quot;false&quot;pump_fitted=&quot;false&quot; upgrading=&quot;false&quot; sw_version=&quot;v1.1.44&quot; id=&quot;Tile-7&quot;free_memory=&quot;65&quot;/&gt;&lt;Tile is_contactable=&quot;true&quot; pump_contactable=&quot;false&quot;pump_fitted=&quot;false&quot; upgrading=&quot;false&quot; sw_version=&quot;v1.1.44&quot; id=&quot;Tile-2&quot;free_memory=&quot;63&quot;/&gt;&lt;Tile is_contactable=&quot;true&quot; pump_contactable=&quot;false&quot;pump_fitted=&quot;false&quot; upgrading=&quot;false&quot; sw_version=&quot;v1.1.44&quot; id=&quot;Tile-5&quot;free_memory=&quot;62&quot;/&gt;&lt;Tile is_contactable=&quot;true&quot; pump_contactable=&quot;false&quot;pump_fitted=&quot;false&quot; upgrading=&quot;false&quot; sw_version=&quot;v1.1.44&quot; id=&quot;Tile-6&quot;free_memory=&quot;63&quot;/&gt;&lt;Tile is_contactable=&quot;true&quot; pump_contactable=&quot;false&quot;pump_fitted=&quot;false&quot; upgrading=&quot;false&quot; sw_version=&quot;v1.1.44&quot; id=&quot;Tile-8&quot;free_memory=&quot;62&quot;/&gt;&lt;/Tiles&gt;&lt;Identification sw_version=&quot;v1.3.0&quot; serial_id=&quot;&quot; hospital_id=&quot; &quot;bed_id=&quot; &quot; ward_id=&quot; &quot; build_number=&quot;Build 11&quot;/&gt;&lt;Status battery_level=&quot;Full&quot; battery_capacity=&quot;96&quot; AC=&quot;true&quot;SFI=&quot;None&quot;/&gt;&lt;Memory load=&quot;72%&quot;&gt;&lt;Physical available=&quot;7816K&quot; total=&quot;26968K&quot;/&gt;&lt;Virtual available=&quot;18432K&quot; total=&quot;32768K&quot;/&gt;&lt;/Memory&gt;&lt;/Gateway&gt;,True)" classname="Philips.PMP.Test.Auto.AlarisAGWDriverTest" time="0.002" status="1" />
    <testcase name="AlarisGatewayMesssageExtractionTest (&lt;/Gateway&gt;&lt;?xml version=&quot;1.0&quot;?&gt;&lt;Gateway sequence=&quot;537355,,False)" classname="Philips.PMP.Test.Auto.AlarisAGWDriverTest" time="0.001" status="1" />
    <testcase name="AlarisGatewayWorkstationDriverTest" classname="Philips.PMP.Test.Auto.AlarisAGWDriverTest" time="0.122" status="1" />
    <testcase name="AlarisGatewayMdsAddDeviceTest" classname="Philips.PMP.Test.Auto.AlarisAGWDriverTest" time="0.004" status="1" />
    <testcase name="AlarisGatewayTileHelperTest (Drive Disengaged,AlarmHigh)" classname="Philips.PMP.Test.Auto.AlarisAGWDriverTest" time="0.003" status="1" />
    <testcase name="AlarisGatewayTileHelperTest (Near End Of Infusion,CautionLow)" classname="Philips.PMP.Test.Auto.AlarisAGWDriverTest" time="0.000" status="1" />
    <testcase name="AlarisGatewayTileHelperTest (VTBI Done - Continue,Warning)" classname="Philips.PMP.Test.Auto.AlarisAGWDriverTest" time="0.001" status="1" />
    <testcase name="AlarisGatewayTileUpdateTest" classname="Philips.PMP.Test.Auto.AlarisAGWDriverTest" time="0.015" status="1" />
    <system-out />
    <system-err />
  </testsuite>
  <testsuite name="Philips.PIC.DataAcquisition.Test.SureSignsDataConverterTest" hostname="RESTORMEL" package="not available" id="730" tests="45" failures="0" errors="0" skipped="0" time="0.031" timestamp="2023-12-13T03:28:54">
    <properties />
    <testcase name="SureSignsDataConverterFromSureSignsTimeTest" classname="Philips.PIC.DataAcquisition.Test.SureSignsDataConverterTest" time="0.001" status="1" />
    <testcase name="SureSignsDataConverterFromMeasStateTest (Invalid,False,False,Invalid)" classname="Philips.PIC.DataAcquisition.Test.SureSignsDataConverterTest" time="0.003" status="1" />
    <testcase name="SureSignsDataConverterFromMeasStateTest (Questionable,False,False,Questionable)" classname="Philips.PIC.DataAcquisition.Test.SureSignsDataConverterTest" time="0.000" status="1" />
    <testcase name="SureSignsDataConverterFromMeasStateTest (Questionable,False,True,MsmtStateAlInhibited, Questionable)" classname="Philips.PIC.DataAcquisition.Test.SureSignsDataConverterTest" time="0.000" status="1" />
    <testcase name="SureSignsDataConverterFromMeasStateTest (Questionable,True,True,MsmtStateAlInhibited, DemoData, Questionable)" classname="Philips.PIC.DataAcquisition.Test.SureSignsDataConverterTest" time="0.000" status="1" />
    <testcase name="SureSignsDataConverterFromMeasStateTest (Unavailable,False,False,Unavailable)" classname="Philips.PIC.DataAcquisition.Test.SureSignsDataConverterTest" time="0.000" status="1" />
    <testcase name="SureSignsDataConverterFromMeasStateTest (Valid,False,True,MsmtStateAlInhibited)" classname="Philips.PIC.DataAcquisition.Test.SureSignsDataConverterTest" time="0.000" status="1" />
    <testcase name="SureSignsDataConverterFromMeasStateTest (Valid,True,False,DemoData)" classname="Philips.PIC.DataAcquisition.Test.SureSignsDataConverterTest" time="0.000" status="1" />
    <testcase name="SureSignsDataConverterFromMeasStateTest (Valid,True,True,MsmtStateAlInhibited, DemoData)" classname="Philips.PIC.DataAcquisition.Test.SureSignsDataConverterTest" time="0.000" status="1" />
    <testcase name="SureSignsDataConverterFromMeasStateTest (,False,False,Invalid)" classname="Philips.PIC.DataAcquisition.Test.SureSignsDataConverterTest" time="0.000" status="1" />
    <testcase name="SureSignsDataConverterFromMeasStateTest (,False,True,MsmtStateAlInhibited, Invalid)" classname="Philips.PIC.DataAcquisition.Test.SureSignsDataConverterTest" time="0.000" status="1" />
    <testcase name="SureSignsDataConverterFromSureSignsTriggerTest (Alert,MSMT_TRIGGER_ALERT)" classname="Philips.PIC.DataAcquisition.Test.SureSignsDataConverterTest" time="0.002" status="1" />
    <testcase name="SureSignsDataConverterFromSureSignsTriggerTest (Attended,MSMT_TRIGGER_MANUAL)" classname="Philips.PIC.DataAcquisition.Test.SureSignsDataConverterTest" time="0.000" status="1" />
    <testcase name="SureSignsDataConverterFromSureSignsTriggerTest (Unattended,MSMT_TRIGGER_AUTOMATIC)" classname="Philips.PIC.DataAcquisition.Test.SureSignsDataConverterTest" time="0.000" status="1" />
    <testcase name="SureSignsDataConverterFromSureSignsTriggerTest (,MSMT_TRIGGER_AUTOMATIC)" classname="Philips.PIC.DataAcquisition.Test.SureSignsDataConverterTest" time="0.000" status="1" />
    <testcase name="SureSignsDataConverterTryGetTextIdTest (150344,x,150344)" classname="Philips.PIC.DataAcquisition.Test.SureSignsDataConverterTest" time="0.005" status="1" />
    <testcase name="SureSignsDataConverterTryGetTextIdTest (150344,Tympanic,150392)" classname="Philips.PIC.DataAcquisition.Test.SureSignsDataConverterTest" time="0.000" status="1" />
    <testcase name="SureSignsDataConverterTryGetTextIdTest (150344,Rectal,188420)" classname="Philips.PIC.DataAcquisition.Test.SureSignsDataConverterTest" time="0.000" status="1" />
    <testcase name="SureSignsDataConverterTryGetTextIdTest (150344,Oral,192776)" classname="Philips.PIC.DataAcquisition.Test.SureSignsDataConverterTest" time="0.000" status="1" />
    <testcase name="SureSignsDataConverterTryGetTextIdTest (150344,Core,150368)" classname="Philips.PIC.DataAcquisition.Test.SureSignsDataConverterTest" time="0.000" status="1" />
    <testcase name="SureSignsDataConverterTryGetTextIdTest (150344,Axillary,192780)" classname="Philips.PIC.DataAcquisition.Test.SureSignsDataConverterTest" time="0.000" status="1" />
    <testcase name="SureSignsDataConverterTryGetTextIdTest (150344,Arterial,150352)" classname="Philips.PIC.DataAcquisition.Test.SureSignsDataConverterTest" time="0.000" status="1" />
    <testcase name="SureSignsDataConverterTryGetTextIdTest (150344,Aux,150344)" classname="Philips.PIC.DataAcquisition.Test.SureSignsDataConverterTest" time="0.000" status="1" />
    <testcase name="SureSignsDataConverterTryGetTextIdTest (149514,SPO2,149538)" classname="Philips.PIC.DataAcquisition.Test.SureSignsDataConverterTest" time="0.000" status="1" />
    <testcase name="SureSignsDataConverterTryGetTextIdTest (149514,NBP,192741)" classname="Philips.PIC.DataAcquisition.Test.SureSignsDataConverterTest" time="0.000" status="1" />
    <testcase name="SureSignsDataConverterParseTextIdTest (,False,0)" classname="Philips.PIC.DataAcquisition.Test.SureSignsDataConverterTest" time="0.002" status="1" />
    <testcase name="SureSignsDataConverterParseTextIdTest (0,False,0)" classname="Philips.PIC.DataAcquisition.Test.SureSignsDataConverterTest" time="0.000" status="1" />
    <testcase name="SureSignsDataConverterParseTextIdTest (2,True,2)" classname="Philips.PIC.DataAcquisition.Test.SureSignsDataConverterTest" time="0.000" status="1" />
    <testcase name="SureSignsDataConverterParseTextIdTest (0002-4822,True,149538)" classname="Philips.PIC.DataAcquisition.Test.SureSignsDataConverterTest" time="0.000" status="1" />
    <testcase name="SureSignsDataConverterParseTextIdTest (0002-4B78,True,150392)" classname="Philips.PIC.DataAcquisition.Test.SureSignsDataConverterTest" time="0.000" status="1" />
    <testcase name="SureSignsDataConverterGetParameterTimeTest" classname="Philips.PIC.DataAcquisition.Test.SureSignsDataConverterTest" time="0.001" status="1" />
    <testcase name="SureSignsDataConverterToFromSureSignsTimeTest" classname="Philips.PIC.DataAcquisition.Test.SureSignsDataConverterTest" time="0.003" status="1" />
    <testcase name="SureSignsDataConvertSureSignsNumericValueTest (,ValidatedData,NaN)" classname="Philips.PIC.DataAcquisition.Test.SureSignsDataConverterTest" time="0.002" status="1" />
    <testcase name="SureSignsDataConvertSureSignsNumericValueTest (NaN,ValidatedData,NaN)" classname="Philips.PIC.DataAcquisition.Test.SureSignsDataConverterTest" time="0.000" status="1" />
    <testcase name="SureSignsDataConvertSureSignsNumericValueTest (4.2,Invalid,NaN)" classname="Philips.PIC.DataAcquisition.Test.SureSignsDataConverterTest" time="0.000" status="1" />
    <testcase name="SureSignsDataConvertSureSignsNumericValueTest (4.2,0,4.2)" classname="Philips.PIC.DataAcquisition.Test.SureSignsDataConverterTest" time="0.001" status="1" />
    <testcase name="SureSignsDataConvertSureSignsNumericValueTest (4.21,0,4.21)" classname="Philips.PIC.DataAcquisition.Test.SureSignsDataConverterTest" time="0.000" status="1" />
    <testcase name="SureSignsDataConvertSureSignsNumericValueTest (4,0,4)" classname="Philips.PIC.DataAcquisition.Test.SureSignsDataConverterTest" time="0.000" status="1" />
    <testcase name="SureSignsDataConvertSureSignsNumericValueTest (.4,0,0.4)" classname="Philips.PIC.DataAcquisition.Test.SureSignsDataConverterTest" time="0.000" status="1" />
    <testcase name="SureSignsDataConvertSureSignsNumericValueTest (0.4,0,0.4)" classname="Philips.PIC.DataAcquisition.Test.SureSignsDataConverterTest" time="0.000" status="1" />
    <testcase name="SureSignsDataCalculateSureSignsValuePrecisionTest (4.2,-1)" classname="Philips.PIC.DataAcquisition.Test.SureSignsDataConverterTest" time="0.001" status="1" />
    <testcase name="SureSignsDataCalculateSureSignsValuePrecisionTest (4.21,-2)" classname="Philips.PIC.DataAcquisition.Test.SureSignsDataConverterTest" time="0.000" status="1" />
    <testcase name="SureSignsDataCalculateSureSignsValuePrecisionTest (4,0)" classname="Philips.PIC.DataAcquisition.Test.SureSignsDataConverterTest" time="0.000" status="1" />
    <testcase name="SureSignsDataCalculateSureSignsValuePrecisionTest (.4,-1)" classname="Philips.PIC.DataAcquisition.Test.SureSignsDataConverterTest" time="0.000" status="1" />
    <testcase name="SureSignsDataCalculateSureSignsValuePrecisionTest (0.4,-1)" classname="Philips.PIC.DataAcquisition.Test.SureSignsDataConverterTest" time="0.000" status="1" />
    <system-out />
    <system-err />
  </testsuite>
  <testsuite name="Philips.CareEvent.Test.EventMonitorProviderTests" hostname="RESTORMEL" package="not available" id="731" tests="4" failures="0" errors="0" skipped="0" time="1.109" timestamp="2023-12-13T03:28:21">
    <properties />
    <testcase name="StoreConfiguredLocationsForEventMonitorViaBedConfigurationControl" classname="Philips.CareEvent.Test.EventMonitorProviderTests" time="0.056" status="1" />
    <testcase name="PopulateEventDispatchDetailsShouldReturnCollections" classname="Philips.CareEvent.Test.EventMonitorProviderTests" time="0.341" status="1" />
    <testcase name="StoreConfiguredBedsForEventMonitorShouldReturnSuccess" classname="Philips.CareEvent.Test.EventMonitorProviderTests" time="0.012" status="1" />
    <testcase name="GetEventMonitorListShouldReturnEventInfoLists" classname="Philips.CareEvent.Test.EventMonitorProviderTests" time="0.700" status="1" />
    <system-out />
    <system-err />
  </testsuite>
  <testsuite name="Philips.CareEvent.Test.MobileBedLabelLimitCheckerTest" hostname="RESTORMEL" package="not available" id="732" tests="2" failures="0" errors="0" skipped="0" time="0.003" timestamp="2023-12-13T03:28:28">
    <properties />
    <testcase name="MobileBedLabelLimitCheckerIsExceedingMobileBedLabelLimit" classname="Philips.CareEvent.Test.MobileBedLabelLimitCheckerTest" time="0.002" status="1" />
    <testcase name="MobileBedLabelLimitCheckerMapIsExceedingMobileBedLabelLimit" classname="Philips.CareEvent.Test.MobileBedLabelLimitCheckerTest" time="0.001" status="1" />
    <system-out />
    <system-err />
  </testsuite>
  <testsuite name="Philips.PMP.Test.Auto.UdiElementRetrieverTest" hostname="RESTORMEL" package="not available" id="733" tests="1" failures="0" errors="0" skipped="0" time="0.001" timestamp="2023-12-13T03:37:31">
    <properties />
    <testcase name="UdiGetManufacturingDate" classname="Philips.PMP.Test.Auto.UdiElementRetrieverTest" time="0.001" status="1" />
    <system-out />
    <system-err />
  </testsuite>
  <testsuite name="Philips.PMP.Test.Auto.EcgDeviceMgrTest" hostname="RESTORMEL" package="not available" id="734" tests="16" failures="0" errors="0" skipped="0" time="0.160" timestamp="2023-12-13T03:35:45">
    <properties />
    <testcase name="EcgDeviceMgrCanDeriveBackfilledHexadWaves (ECG_ELEC_POTL_MCL1,ECG_ELEC_POTL_MCL3)" classname="Philips.PMP.Test.Auto.EcgDeviceMgrTest" time="0.018" status="1" />
    <testcase name="EcgDeviceMgrCanDeriveBackfilledHexadWaves (ECG_ELEC_POTL_MCL1,ECG_ELEC_POTL_MCL4)" classname="Philips.PMP.Test.Auto.EcgDeviceMgrTest" time="0.002" status="1" />
    <testcase name="EcgDeviceMgrCanDeriveBackfilledHexadWaves (ECG_ELEC_POTL_MCL1,ECG_ELEC_POTL_MCL5)" classname="Philips.PMP.Test.Auto.EcgDeviceMgrTest" time="0.002" status="1" />
    <testcase name="EcgDeviceMgrCanDeriveBackfilledHexadWaves (ECG_ELEC_POTL_MCL2,ECG_ELEC_POTL_MCL4)" classname="Philips.PMP.Test.Auto.EcgDeviceMgrTest" time="0.002" status="1" />
    <testcase name="EcgDeviceMgrCanDeriveBackfilledHexadWaves (ECG_ELEC_POTL_MCL2,ECG_ELEC_POTL_MCL5)" classname="Philips.PMP.Test.Auto.EcgDeviceMgrTest" time="0.002" status="1" />
    <testcase name="EcgDeviceMgrCanDeriveBackfilledHexadWaves (ECG_ELEC_POTL_MCL3,ECG_ELEC_POTL_MCL5)" classname="Philips.PMP.Test.Auto.EcgDeviceMgrTest" time="0.002" status="1" />
    <testcase name="EcgDeviceMgrCanDeriveBackfilledHexadWaves (ECG_ELEC_POTL_MCL3,ECG_ELEC_POTL_MCL6)" classname="Philips.PMP.Test.Auto.EcgDeviceMgrTest" time="0.004" status="1" />
    <testcase name="EcgDeviceMgrCanDeriveBackfilledStandardChestLeads" classname="Philips.PMP.Test.Auto.EcgDeviceMgrTest" time="0.123" status="1" />
    <testcase name="EcgDeviceMgrGetRequiredFeaturesTest (TelemPwm,True,True,False,True)" classname="Philips.PMP.Test.Auto.EcgDeviceMgrTest" time="0.001" status="1" />
    <testcase name="EcgDeviceMgrGetRequiredFeaturesTest (TelemAllegro,True,True,False,True)" classname="Philips.PMP.Test.Auto.EcgDeviceMgrTest" time="0.000" status="1" />
    <testcase name="EcgDeviceMgrGetRequiredFeaturesTest (Mrx,False,False,False,False)" classname="Philips.PMP.Test.Auto.EcgDeviceMgrTest" time="0.000" status="1" />
    <testcase name="EcgDeviceMgrGetRequiredFeaturesTest (Portal5000,False,False,False,False)" classname="Philips.PMP.Test.Auto.EcgDeviceMgrTest" time="0.000" status="1" />
    <testcase name="EcgDeviceMgrGetRequiredFeaturesTest (Efficia,True,False,False,True)" classname="Philips.PMP.Test.Auto.EcgDeviceMgrTest" time="0.000" status="1" />
    <testcase name="EcgDeviceMgrGetRequiredFeaturesTest (TelemCit,True,True,True,True)" classname="Philips.PMP.Test.Auto.EcgDeviceMgrTest" time="0.001" status="1" />
    <testcase name="EcgDeviceMgrGetRequiredFeaturesTest (DelphiHigh15In,True,True,False,False)" classname="Philips.PMP.Test.Auto.EcgDeviceMgrTest" time="0.000" status="1" />
    <testcase name="EcgDeviceMgrCanDeriveBackfilledEasi" classname="Philips.PMP.Test.Auto.EcgDeviceMgrTest" time="0.003" status="1" />
    <system-out />
    <system-err />
  </testsuite>
  <testsuite name="Philips.PMP.Test.Auto.OverviewSessionMgrTest" hostname="RESTORMEL" package="not available" id="735" tests="2" failures="0" errors="0" skipped="0" time="0.083" timestamp="2023-12-13T03:29:38">
    <properties />
    <testcase name="OverviewSessionMgrMoreWavesTest (False)" classname="Philips.PMP.Test.Auto.OverviewSessionMgrTest" time="0.080" status="1" />
    <testcase name="OverviewSessionMgrMoreWavesTest (True)" classname="Philips.PMP.Test.Auto.OverviewSessionMgrTest" time="0.003" status="1" />
    <system-out />
    <system-err />
  </testsuite>
  <testsuite name="Philips.PMP.Test.Auto.EventGroupProviderTest" hostname="RESTORMEL" package="not available" id="736" tests="2" failures="0" errors="0" skipped="0" time="0.024" timestamp="2023-12-13T03:32:39">
    <properties />
    <testcase name="EventGroupsTest" classname="Philips.PMP.Test.Auto.EventGroupProviderTest" time="0.018" status="1" />
    <testcase name="EventGroupsWithMultipleDefinitionsTest" classname="Philips.PMP.Test.Auto.EventGroupProviderTest" time="0.006" status="1" />
    <system-out />
    <system-err />
  </testsuite>
  <testsuite name="Philips.PMP.Test.Auto.ColorMgrTest" hostname="RESTORMEL" package="not available" id="737" tests="4" failures="0" errors="0" skipped="0" time="0.055" timestamp="2023-12-13T03:30:00">
    <properties />
    <testcase name="ColorMgrCanGetRetrospectiveColor (False,-11665330)" classname="Philips.PMP.Test.Auto.ColorMgrTest" time="0.003" status="1" />
    <testcase name="ColorMgrCanGetRetrospectiveColor (True,-7401329)" classname="Philips.PMP.Test.Auto.ColorMgrTest" time="0.025" status="1" />
    <testcase name="ColorMgrCanGetConnectionStatusColors" classname="Philips.PMP.Test.Auto.ColorMgrTest" time="0.024" status="1" />
    <testcase name="ColorMgrCanGetColor" classname="Philips.PMP.Test.Auto.ColorMgrTest" time="0.003" status="1" />
    <system-out />
    <system-err />
  </testsuite>
  <testsuite name="Philips.CareEvent.Test.MobileDeviceProviderTests" hostname="RESTORMEL" package="not available" id="738" tests="14" failures="0" errors="0" skipped="0" time="0.402" timestamp="2023-12-13T03:28:15">
    <properties />
    <testcase name="AddUpdateDeleteStandardDeviceTest" classname="Philips.CareEvent.Test.MobileDeviceProviderTests" time="0.080" status="1" />
    <testcase name="StandardMobileDeviceToUnitAssignmentTest" classname="Philips.CareEvent.Test.MobileDeviceProviderTests" time="0.052" status="1" />
    <testcase name="DeviceChangeUpdatesCacheTest" classname="Philips.CareEvent.Test.MobileDeviceProviderTests" time="0.015" status="1" />
    <testcase name="GetPhoneNumberAfterChangeUserPhoneNumber" classname="Philips.CareEvent.Test.MobileDeviceProviderTests" time="0.021" status="1" />
    <testcase name="UnassignUserShouldDeleteCorrectUserWhenMultiple" classname="Philips.CareEvent.Test.MobileDeviceProviderTests" time="0.033" status="1" />
    <testcase name="GetPhoneNumber (,)" classname="Philips.CareEvent.Test.MobileDeviceProviderTests" time="0.033" status="1" />
    <testcase name="GetPhoneNumber (,)" classname="Philips.CareEvent.Test.MobileDeviceProviderTests" time="0.007" status="1" />
    <testcase name="GetPhoneNumber (1111,)" classname="Philips.CareEvent.Test.MobileDeviceProviderTests" time="0.019" status="1" />
    <testcase name="GetPhoneNumber (1111,)" classname="Philips.CareEvent.Test.MobileDeviceProviderTests" time="0.010" status="1" />
    <testcase name="GetPhoneNumber (,1111)" classname="Philips.CareEvent.Test.MobileDeviceProviderTests" time="0.015" status="1" />
    <testcase name="GetPhoneNumber (,1111)" classname="Philips.CareEvent.Test.MobileDeviceProviderTests" time="0.009" status="1" />
    <testcase name="GetPhoneNumber (2222,1111)" classname="Philips.CareEvent.Test.MobileDeviceProviderTests" time="0.007" status="1" />
    <testcase name="DevicePhoneNumberUpdatesCacheTest" classname="Philips.CareEvent.Test.MobileDeviceProviderTests" time="0.013" status="1" />
    <testcase name="AssignUserTest" classname="Philips.CareEvent.Test.MobileDeviceProviderTests" time="0.088" status="1" />
    <system-out />
    <system-err />
  </testsuite>
  <testsuite name="Philips.PMP.Test.Auto.CallbackTokenMgrTest" hostname="RESTORMEL" package="not available" id="739" tests="7" failures="0" errors="0" skipped="0" time="0.015" timestamp="2023-12-13T03:34:53">
    <properties />
    <testcase name="CallbackTokenMgrTokenHandling (1,0,1)" classname="Philips.PMP.Test.Auto.CallbackTokenMgrTest" time="0.007" status="1" />
    <testcase name="CallbackTokenMgrTokenHandling (1,1,0)" classname="Philips.PMP.Test.Auto.CallbackTokenMgrTest" time="0.004" status="1" />
    <testcase name="CallbackTokenMgrTokenHandling (2,0,2)" classname="Philips.PMP.Test.Auto.CallbackTokenMgrTest" time="0.001" status="1" />
    <testcase name="CallbackTokenMgrTokenHandling (2,1,1)" classname="Philips.PMP.Test.Auto.CallbackTokenMgrTest" time="0.001" status="1" />
    <testcase name="CallbackTokenMgrTokenHandling (2,2,0)" classname="Philips.PMP.Test.Auto.CallbackTokenMgrTest" time="0.001" status="1" />
    <testcase name="CallbackTokenMgrTokenHandling (42,3,39)" classname="Philips.PMP.Test.Auto.CallbackTokenMgrTest" time="0.001" status="1" />
    <testcase name="CallbackTokenMgrTokenReuseHandling" classname="Philips.PMP.Test.Auto.CallbackTokenMgrTest" time="0.002" status="1" />
    <system-out />
    <system-err />
  </testsuite>
  <testsuite name="Philips.PMP.Test.Auto.WirelessDeviceStatisticsTest" hostname="RESTORMEL" package="not available" id="740" tests="8" failures="0" errors="0" skipped="0" time="0.104" timestamp="2023-12-13T03:36:59">
    <properties />
    <testcase name="OnSnmpDataReceivedTest (,0,1)" classname="Philips.PMP.Test.Auto.WirelessDeviceStatisticsTest" time="0.006" status="1" />
    <testcase name="OnSnmpDataReceivedTest (,0,1)" classname="Philips.PMP.Test.Auto.WirelessDeviceStatisticsTest" time="0.006" status="1" />
    <testcase name="OnSnmpDataReceivedTest ({&quot;RequestId&quot;:&quot;request 1&quot;,&quot;WirelessDeviceStats&quot;:[{&quot;DeviceId&quot;:&quot;a18d1fbd-d510-45a6-b602-da63ef36413d&quot;,&quot;StatDataList&quot;:[{&quot;ValueType&quot;:36865,&quot;Value&quot;:&quot;42754&quot;,&quot;TagName&quot;:&quot;WnmsTxFragCnt&quot;},{&quot;ValueType&quot;:36866,&quot;Value&quot;:&quot;109&quot;,&quot;TagName&quot;:&quot;WnmsMcTxFrmCnt&quot;},{&quot;ValueType&quot;:36867,&quot;Value&quot;:&quot;95&quot;,&quot;TagName&quot;:&quot;WnmsFailedCnt&quot;},{&quot;ValueType&quot;:36868,&quot;Value&quot;:&quot;2749&quot;,&quot;TagName&quot;:&quot;WnmsRetryCnt&quot;},{&quot;ValueType&quot;:36869,&quot;Value&quot;:&quot;914&quot;,&quot;TagName&quot;:&quot;WnmsMultRetryCnt&quot;},{&quot;ValueType&quot;:36870,&quot;Value&quot;:&quot;33&quot;,&quot;TagName&quot;:&quot;WnmsFrmDupCnt&quot;},{&quot;ValueType&quot;:36871,&quot;Value&quot;:&quot;0&quot;,&quot;TagName&quot;:&quot;WnmsRtsSuccCnt&quot;},{&quot;ValueType&quot;:36872,&quot;Value&quot;:&quot;0&quot;,&quot;TagName&quot;:&quot;WnmsRtsFailCnt&quot;},{&quot;ValueType&quot;:36873,&quot;Value&quot;:&quot;0&quot;,&quot;TagName&quot;:&quot;WnmsAckFailCnt&quot;},{&quot;ValueType&quot;:36874,&quot;Value&quot;:&quot;899&quot;,&quot;TagName&quot;:&quot;WnmsRcvFragCnt&quot;},{&quot;ValueType&quot;:36875,&quot;Value&quot;:&quot;589&quot;,&quot;TagName&quot;:&quot;WnmsMcRcvFrmCnt&quot;},{&quot;ValueType&quot;:36876,&quot;Value&quot;:&quot;256&quot;,&quot;TagName&quot;:&quot;WnmsFcsErrCnt&quot;},{&quot;ValueType&quot;:36877,&quot;Value&quot;:&quot;42754&quot;,&quot;TagName&quot;:&quot;WnmsTxFrmCnt&quot;},{&quot;ValueType&quot;:36878,&quot;Value&quot;:&quot;0&quot;,&quot;TagName&quot;:&quot;WnmsWepUndCnt&quot;},{&quot;ValueType&quot;:36879,&quot;Value&quot;:&quot;9425&quot;,&quot;TagName&quot;:&quot;WnmsRxFrms&quot;},{&quot;ValueType&quot;:36880,&quot;Value&quot;:&quot;1928595&quot;,&quot;TagName&quot;:&quot;WnmsRxTotalB&quot;},{&quot;ValueType&quot;:36881,&quot;Value&quot;:&quot;384&quot;,&quot;TagName&quot;:&quot;WnmsRxHwErr&quot;},{&quot;ValueType&quot;:36882,&quot;Value&quot;:&quot;0&quot;,&quot;TagName&quot;:&quot;WnmsRxMicFail&quot;},{&quot;ValueType&quot;:36883,&quot;Value&quot;:&quot;0&quot;,&quot;TagName&quot;:&quot;WnmsRxExclUnenc&quot;},{&quot;ValueType&quot;:36884,&quot;Value&quot;:&quot;0&quot;,&quot;TagName&quot;:&quot;WnmsRxDot1xDrop&quot;},{&quot;ValueType&quot;:36885,&quot;Value&quot;:&quot;0&quot;,&quot;TagName&quot;:&quot;WnmsRxCantReassem&quot;},{&quot;ValueType&quot;:36886,&quot;Value&quot;:&quot;0&quot;,&quot;TagName&quot;:&quot;WnmsRxBps&quot;},{&quot;ValueType&quot;:36887,&quot;Value&quot;:&quot;0&quot;,&quot;TagName&quot;:&quot;WnmsRxBps16&quot;},{&quot;ValueType&quot;:36888,&quot;Value&quot;:&quot;4263385&quot;,&quot;TagName&quot;:&quot;WnmsTxTotalB&quot;},{&quot;ValueType&quot;:36889,&quot;Value&quot;:&quot;95&quot;,&quot;TagName&quot;:&quot;WnmsTxHwErr&quot;},{&quot;ValueType&quot;:36890,&quot;Value&quot;:&quot;0&quot;,&quot;TagName&quot;:&quot;WnmsTxDot1xDrop&quot;},{&quot;ValueType&quot;:36891,&quot;Value&quot;:&quot;0&quot;,&quot;TagName&quot;:&quot;WnmsTxBps&quot;},{&quot;ValueType&quot;:36892,&quot;Value&quot;:&quot;0&quot;,&quot;TagName&quot;:&quot;WnmsTxBps16&quot;},{&quot;ValueType&quot;:36893,&quot;Value&quot;:&quot;0&quot;,&quot;TagName&quot;:&quot;WnmsTx4WaySucc&quot;},{&quot;ValueType&quot;:36894,&quot;Value&quot;:&quot;0&quot;,&quot;TagName&quot;:&quot;WnmsTx4WayFail&quot;},{&quot;ValueType&quot;:36895,&quot;Value&quot;:&quot;0&quot;,&quot;TagName&quot;:&quot;WnmsGrpExchSucc&quot;},{&quot;ValueType&quot;:36896,&quot;Value&quot;:&quot;0&quot;,&quot;TagName&quot;:&quot;WnmsGrpExchFail&quot;},{&quot;ValueType&quot;:36897,&quot;Value&quot;:&quot;30&quot;,&quot;TagName&quot;:&quot;WnmsRssi&quot;},{&quot;ValueType&quot;:36898,&quot;Value&quot;:&quot;0&quot;,&quot;TagName&quot;:&quot;WnmsNetType&quot;},{&quot;ValueType&quot;:36899,&quot;Value&quot;:&quot;72&quot;,&quot;TagName&quot;:&quot;WnmsDataRate&quot;},{&quot;ValueType&quot;:36900,&quot;Value&quot;:&quot;36&quot;,&quot;TagName&quot;:&quot;WnmsChan&quot;},{&quot;ValueType&quot;:36901,&quot;Value&quot;:&quot;f4cfe2485b7f&quot;,&quot;TagName&quot;:&quot;WnmsApMac&quot;},{&quot;ValueType&quot;:36902,&quot;Value&quot;:&quot;0&quot;,&quot;TagName&quot;:&quot;WnmsCxnStatus&quot;},{&quot;ValueType&quot;:36903,&quot;Value&quot;:&quot;0.036009137&quot;,&quot;TagName&quot;:&quot;WnmsFailedMsdu&quot;},{&quot;ValueType&quot;:36904,&quot;Value&quot;:&quot;0&quot;,&quot;TagName&quot;:&quot;WnmsFailedMpdu&quot;}],&quot;Success&quot;:true,&quot;ErrorMessage&quot;:null}]},1,0)" classname="Philips.PMP.Test.Auto.WirelessDeviceStatisticsTest" time="0.018" status="1" />
    <testcase name="OnSnmpDataReceivedTest ({&quot;RequestId&quot;:&quot;request 2&quot;,&quot;WirelessDeviceStats&quot;:[{&quot;DeviceId&quot;:&quot;a18d1fbd-d510-45a6-b602-da63ef36413d&quot;,&quot;StatDataList&quot;:[],&quot;Success&quot;:false,&quot;ErrorMessage&quot;:&quot;Connection timed out&quot;}]},0,0)" classname="Philips.PMP.Test.Auto.WirelessDeviceStatisticsTest" time="0.002" status="1" />
    <testcase name="StartTest (True)" classname="Philips.PMP.Test.Auto.WirelessDeviceStatisticsTest" time="0.007" status="1" />
    <testcase name="StartTest (False)" classname="Philips.PMP.Test.Auto.WirelessDeviceStatisticsTest" time="0.001" status="1" />
    <testcase name="OnGetSnmpDataTest" classname="Philips.PMP.Test.Auto.WirelessDeviceStatisticsTest" time="0.014" status="1" />
    <testcase name="WirelessDeviceStatisticsDataTest" classname="Philips.PMP.Test.Auto.WirelessDeviceStatisticsTest" time="0.050" status="1" />
    <system-out />
    <system-err />
  </testsuite>
  <testsuite name="Philips.PMP.Test.Auto.PatientAssignmentControlValidatorTest" hostname="RESTORMEL" package="not available" id="741" tests="45" failures="0" errors="0" skipped="0" time="0.050" timestamp="2023-12-13T03:34:49">
    <properties />
    <testcase name="PatientAssignmentControlValidatorValidate" classname="Philips.PMP.Test.Auto.PatientAssignmentControlValidatorTest" time="0.001" status="1" />
    <testcase name="PatientAssignmentControlValidatorValidatePatientWeightValues (,Kilograms,True)" classname="Philips.PMP.Test.Auto.PatientAssignmentControlValidatorTest" time="0.000" status="1" />
    <testcase name="PatientAssignmentControlValidatorValidatePatientWeightValues (-1,Kilograms,False)" classname="Philips.PMP.Test.Auto.PatientAssignmentControlValidatorTest" time="0.001" status="1" />
    <testcase name="PatientAssignmentControlValidatorValidatePatientWeightValues (0,Kilograms,True)" classname="Philips.PMP.Test.Auto.PatientAssignmentControlValidatorTest" time="0.003" status="1" />
    <testcase name="PatientAssignmentControlValidatorValidatePatientWeightValues (450,Kilograms,True)" classname="Philips.PMP.Test.Auto.PatientAssignmentControlValidatorTest" time="0.001" status="1" />
    <testcase name="PatientAssignmentControlValidatorValidatePatientWeightValues (451,Kilograms,False)" classname="Philips.PMP.Test.Auto.PatientAssignmentControlValidatorTest" time="0.002" status="1" />
    <testcase name="PatientAssignmentControlValidatorValidatePatientWeightValues (,Pounds,True)" classname="Philips.PMP.Test.Auto.PatientAssignmentControlValidatorTest" time="0.000" status="1" />
    <testcase name="PatientAssignmentControlValidatorValidatePatientWeightValues (-1,Pounds,False)" classname="Philips.PMP.Test.Auto.PatientAssignmentControlValidatorTest" time="0.000" status="1" />
    <testcase name="PatientAssignmentControlValidatorValidatePatientWeightValues (0,Pounds,True)" classname="Philips.PMP.Test.Auto.PatientAssignmentControlValidatorTest" time="0.000" status="1" />
    <testcase name="PatientAssignmentControlValidatorValidatePatientWeightValues (999,Pounds,True)" classname="Philips.PMP.Test.Auto.PatientAssignmentControlValidatorTest" time="0.001" status="1" />
    <testcase name="PatientAssignmentControlValidatorValidatePatientWeightValues (1000,Pounds,False)" classname="Philips.PMP.Test.Auto.PatientAssignmentControlValidatorTest" time="0.000" status="1" />
    <testcase name="PatientAssignmentControlValidatorValidatePatientWeightValues (,Grams,True)" classname="Philips.PMP.Test.Auto.PatientAssignmentControlValidatorTest" time="0.000" status="1" />
    <testcase name="PatientAssignmentControlValidatorValidatePatientWeightValues (-1,Grams,False)" classname="Philips.PMP.Test.Auto.PatientAssignmentControlValidatorTest" time="0.007" status="1" />
    <testcase name="PatientAssignmentControlValidatorValidatePatientWeightValues (0,Grams,True)" classname="Philips.PMP.Test.Auto.PatientAssignmentControlValidatorTest" time="0.001" status="1" />
    <testcase name="PatientAssignmentControlValidatorValidatePatientWeightValues (9999,Grams,True)" classname="Philips.PMP.Test.Auto.PatientAssignmentControlValidatorTest" time="0.001" status="1" />
    <testcase name="PatientAssignmentControlValidatorValidatePatientWeightValues (10000,Grams,False)" classname="Philips.PMP.Test.Auto.PatientAssignmentControlValidatorTest" time="0.001" status="1" />
    <testcase name="PatientAssignmentControlValidatorValidateUnitAdmitTime" classname="Philips.PMP.Test.Auto.PatientAssignmentControlValidatorTest" time="0.001" status="1" />
    <testcase name="PatientAssignmentControlValidatorValidateRequiredFields (Required,Optional,Optional,Optional,Optional,True)" classname="Philips.PMP.Test.Auto.PatientAssignmentControlValidatorTest" time="0.001" status="1" />
    <testcase name="PatientAssignmentControlValidatorValidateRequiredFields (Optional,Required,Optional,Optional,Optional,True)" classname="Philips.PMP.Test.Auto.PatientAssignmentControlValidatorTest" time="0.000" status="1" />
    <testcase name="PatientAssignmentControlValidatorValidateRequiredFields (Optional,Optional,Required,Optional,Optional,True)" classname="Philips.PMP.Test.Auto.PatientAssignmentControlValidatorTest" time="0.000" status="1" />
    <testcase name="PatientAssignmentControlValidatorValidateRequiredFields (Optional,Optional,Optional,Required,Optional,True)" classname="Philips.PMP.Test.Auto.PatientAssignmentControlValidatorTest" time="0.001" status="1" />
    <testcase name="PatientAssignmentControlValidatorValidateRequiredFields (Optional,Optional,Optional,Optional,Required,True)" classname="Philips.PMP.Test.Auto.PatientAssignmentControlValidatorTest" time="0.001" status="1" />
    <testcase name="PatientAssignmentControlValidatorValidateRequiredFields (Required,Optional,Optional,Optional,Optional,False)" classname="Philips.PMP.Test.Auto.PatientAssignmentControlValidatorTest" time="0.000" status="1" />
    <testcase name="PatientAssignmentControlValidatorValidateRequiredFields (Optional,Required,Optional,Optional,Optional,False)" classname="Philips.PMP.Test.Auto.PatientAssignmentControlValidatorTest" time="0.001" status="1" />
    <testcase name="PatientAssignmentControlValidatorValidateRequiredFields (Optional,Optional,Required,Optional,Optional,False)" classname="Philips.PMP.Test.Auto.PatientAssignmentControlValidatorTest" time="0.001" status="1" />
    <testcase name="PatientAssignmentControlValidatorValidateRequiredFields (Optional,Optional,Optional,Required,Optional,False)" classname="Philips.PMP.Test.Auto.PatientAssignmentControlValidatorTest" time="0.001" status="1" />
    <testcase name="PatientAssignmentControlValidatorValidateRequiredFields (Optional,Optional,Optional,Optional,Required,False)" classname="Philips.PMP.Test.Auto.PatientAssignmentControlValidatorTest" time="0.001" status="1" />
    <testcase name="PatientAssignmentControlValidatorValidateDob (True)" classname="Philips.PMP.Test.Auto.PatientAssignmentControlValidatorTest" time="0.004" status="1" />
    <testcase name="PatientAssignmentControlValidatorValidateDob (False)" classname="Philips.PMP.Test.Auto.PatientAssignmentControlValidatorTest" time="0.001" status="1" />
    <testcase name="PatientAssignmentControlValidatorValidatePatientHeightValues (,Centimeters,True)" classname="Philips.PMP.Test.Auto.PatientAssignmentControlValidatorTest" time="0.001" status="1" />
    <testcase name="PatientAssignmentControlValidatorValidatePatientHeightValues (-1,Centimeters,False)" classname="Philips.PMP.Test.Auto.PatientAssignmentControlValidatorTest" time="0.000" status="1" />
    <testcase name="PatientAssignmentControlValidatorValidatePatientHeightValues (0,Centimeters,True)" classname="Philips.PMP.Test.Auto.PatientAssignmentControlValidatorTest" time="0.001" status="1" />
    <testcase name="PatientAssignmentControlValidatorValidatePatientHeightValues (250,Centimeters,True)" classname="Philips.PMP.Test.Auto.PatientAssignmentControlValidatorTest" time="0.000" status="1" />
    <testcase name="PatientAssignmentControlValidatorValidatePatientHeightValues (251,Centimeters,False)" classname="Philips.PMP.Test.Auto.PatientAssignmentControlValidatorTest" time="0.001" status="1" />
    <testcase name="PatientAssignmentControlValidatorValidatePatientHeightValues (,Inches,True)" classname="Philips.PMP.Test.Auto.PatientAssignmentControlValidatorTest" time="0.000" status="1" />
    <testcase name="PatientAssignmentControlValidatorValidatePatientHeightValues (-1,Inches,False)" classname="Philips.PMP.Test.Auto.PatientAssignmentControlValidatorTest" time="0.000" status="1" />
    <testcase name="PatientAssignmentControlValidatorValidatePatientHeightValues (0,Inches,True)" classname="Philips.PMP.Test.Auto.PatientAssignmentControlValidatorTest" time="0.000" status="1" />
    <testcase name="PatientAssignmentControlValidatorValidatePatientHeightValues (99,Inches,True)" classname="Philips.PMP.Test.Auto.PatientAssignmentControlValidatorTest" time="0.000" status="1" />
    <testcase name="PatientAssignmentControlValidatorValidatePatientHeightValues (100,Inches,False)" classname="Philips.PMP.Test.Auto.PatientAssignmentControlValidatorTest" time="0.000" status="1" />
    <testcase name="PatientAssignmentControlValidatorValidatePatientHeightNoParse (Centimeters)" classname="Philips.PMP.Test.Auto.PatientAssignmentControlValidatorTest" time="0.004" status="1" />
    <testcase name="PatientAssignmentControlValidatorValidatePatientHeightNoParse (Inches)" classname="Philips.PMP.Test.Auto.PatientAssignmentControlValidatorTest" time="0.001" status="1" />
    <testcase name="PatientAssignmentControlValidatorValidatePatientWeightNoParse (Grams)" classname="Philips.PMP.Test.Auto.PatientAssignmentControlValidatorTest" time="0.002" status="1" />
    <testcase name="PatientAssignmentControlValidatorValidatePatientWeightNoParse (Kilograms)" classname="Philips.PMP.Test.Auto.PatientAssignmentControlValidatorTest" time="0.001" status="1" />
    <testcase name="PatientAssignmentControlValidatorValidatePatientWeightNoParse (Pounds)" classname="Philips.PMP.Test.Auto.PatientAssignmentControlValidatorTest" time="0.001" status="1" />
    <testcase name="PatientAssignmentControlValidatorValidateAdmittedPatientRequiredFieldsEmpty" classname="Philips.PMP.Test.Auto.PatientAssignmentControlValidatorTest" time="0.002" status="1" />
    <system-out />
    <system-err />
  </testsuite>
  <testsuite name="Philips.PMP.Test.Auto.MySoundSettingTest" hostname="RESTORMEL" package="not available" id="742" tests="2" failures="0" errors="0" skipped="0" time="0.009" timestamp="2023-12-13T03:37:04">
    <properties />
    <testcase name="IecSoundSettingTest" classname="Philips.PMP.Test.Auto.MySoundSettingTest" time="0.006" status="1" />
    <testcase name="TraditionalSoundSettingTest" classname="Philips.PMP.Test.Auto.MySoundSettingTest" time="0.004" status="1" />
    <system-out />
    <system-err />
  </testsuite>
  <testsuite name="Philips.PMP.Test.Auto.GraphicsCardResetHelperTest" hostname="RESTORMEL" package="not available" id="743" tests="3" failures="0" errors="0" skipped="0" time="0.264" timestamp="2023-12-13T03:29:59">
    <properties />
    <testcase name="TryToResetVideoCardTest (True)" classname="Philips.PMP.Test.Auto.GraphicsCardResetHelperTest" time="0.105" status="1" />
    <testcase name="TryToResetVideoCardTest (False)" classname="Philips.PMP.Test.Auto.GraphicsCardResetHelperTest" time="0.020" status="1" />
    <testcase name="TryToResetVideoCardNoDisplayAdaptersTest" classname="Philips.PMP.Test.Auto.GraphicsCardResetHelperTest" time="0.139" status="1" />
    <system-out />
    <system-err />
  </testsuite>
  <testsuite name="Philips.PMP.Test.Auto.MasterHostSelectionSubscriberTest" hostname="RESTORMEL" package="not available" id="744" tests="16" failures="0" errors="0" skipped="0" time="0.038" timestamp="2023-12-13T03:38:04">
    <properties />
    <testcase name="MasterHostSelectionSubscriberSetCiConfigDeepCopyTests (True,False,True)" classname="Philips.PMP.Test.Auto.MasterHostSelectionSubscriberTest" time="0.003" status="1" />
    <testcase name="MasterHostSelectionSubscriberSetCiConfigDeepCopyTests (True,True,False)" classname="Philips.PMP.Test.Auto.MasterHostSelectionSubscriberTest" time="0.002" status="1" />
    <testcase name="MasterHostSelectionSubscriberOnlyChecksForConfigurationChangesWhenNecessary (True,True)" classname="Philips.PMP.Test.Auto.MasterHostSelectionSubscriberTest" time="0.005" status="1" />
    <testcase name="MasterHostSelectionSubscriberOnlyChecksForConfigurationChangesWhenNecessary (False,True)" classname="Philips.PMP.Test.Auto.MasterHostSelectionSubscriberTest" time="0.003" status="1" />
    <testcase name="MasterHostSelectionSubscriberOnlyChecksForConfigurationChangesWhenNecessary (True,False)" classname="Philips.PMP.Test.Auto.MasterHostSelectionSubscriberTest" time="0.002" status="1" />
    <testcase name="MasterHostSelectionSubscriberOnlyChecksForConfigurationChangesWhenNecessary (False,False)" classname="Philips.PMP.Test.Auto.MasterHostSelectionSubscriberTest" time="0.002" status="1" />
    <testcase name="MasterHostSelectionSubscriberSendsMastershipStatusWhenNeeded (True,True,True)" classname="Philips.PMP.Test.Auto.MasterHostSelectionSubscriberTest" time="0.003" status="1" />
    <testcase name="MasterHostSelectionSubscriberSendsMastershipStatusWhenNeeded (True,True,False)" classname="Philips.PMP.Test.Auto.MasterHostSelectionSubscriberTest" time="0.003" status="1" />
    <testcase name="MasterHostSelectionSubscriberSendsMastershipStatusWhenNeeded (True,False,True)" classname="Philips.PMP.Test.Auto.MasterHostSelectionSubscriberTest" time="0.002" status="1" />
    <testcase name="MasterHostSelectionSubscriberSendsMastershipStatusWhenNeeded (True,False,False)" classname="Philips.PMP.Test.Auto.MasterHostSelectionSubscriberTest" time="0.002" status="1" />
    <testcase name="MasterHostSelectionSubscriberSendsMastershipStatusWhenNeeded (False,True,True)" classname="Philips.PMP.Test.Auto.MasterHostSelectionSubscriberTest" time="0.002" status="1" />
    <testcase name="MasterHostSelectionSubscriberSendsMastershipStatusWhenNeeded (False,True,False)" classname="Philips.PMP.Test.Auto.MasterHostSelectionSubscriberTest" time="0.002" status="1" />
    <testcase name="MasterHostSelectionSubscriberSendsMastershipStatusWhenNeeded (False,False,True)" classname="Philips.PMP.Test.Auto.MasterHostSelectionSubscriberTest" time="0.001" status="1" />
    <testcase name="MasterHostSelectionSubscriberSendsMastershipStatusWhenNeeded (False,False,False)" classname="Philips.PMP.Test.Auto.MasterHostSelectionSubscriberTest" time="0.001" status="1" />
    <testcase name="MasterHostSelectionSubscriberSetAlarmConfigDeepCopyTests (1,2,True)" classname="Philips.PMP.Test.Auto.MasterHostSelectionSubscriberTest" time="0.003" status="1" />
    <testcase name="MasterHostSelectionSubscriberSetAlarmConfigDeepCopyTests (1,1,False)" classname="Philips.PMP.Test.Auto.MasterHostSelectionSubscriberTest" time="0.002" status="1" />
    <system-out />
    <system-err />
  </testsuite>
  <testsuite name="Philips.PMP.Test.Auto.PowerQualifierTest" hostname="RESTORMEL" package="not available" id="745" tests="4" failures="0" errors="0" skipped="0" time="0.097" timestamp="2023-12-13T03:29:43">
    <properties />
    <testcase name="PowerQualifierVerifySleepPowerSettings (True,Success)" classname="Philips.PMP.Test.Auto.PowerQualifierTest" time="0.001" status="1" />
    <testcase name="PowerQualifierVerifySleepPowerSettings (False,Failure)" classname="Philips.PMP.Test.Auto.PowerQualifierTest" time="0.000" status="1" />
    <testcase name="PowerQualifierDoesSchemeExistTest (False,Failure,True)" classname="Philips.PMP.Test.Auto.PowerQualifierTest" time="0.075" status="1" />
    <testcase name="PowerQualifierDoesSchemeExistTest (True,Success,False)" classname="Philips.PMP.Test.Auto.PowerQualifierTest" time="0.021" status="1" />
    <system-out />
    <system-err />
  </testsuite>
  <testsuite name="Philips.PMP.Test.Auto.CiProcessorTest" hostname="RESTORMEL" package="not available" id="746" tests="25" failures="0" errors="0" skipped="0" time="0.633" timestamp="2023-12-13T03:29:40">
    <properties />
    <testcase name="CiProcessorProcessForNoMainAssocTest (False,True,0,0,0)" classname="Philips.PMP.Test.Auto.CiProcessorTest" time="0.015" status="1" />
    <testcase name="CiProcessorProcessForNoMainAssocTest (False,True,1,1,1)" classname="Philips.PMP.Test.Auto.CiProcessorTest" time="0.003" status="1" />
    <testcase name="CiProcessorProcessForNoMainAssocTest (False,True,2,2,1)" classname="Philips.PMP.Test.Auto.CiProcessorTest" time="0.003" status="1" />
    <testcase name="CiProcessorProcessForNoMainAssocTest (False,True,2,0,0)" classname="Philips.PMP.Test.Auto.CiProcessorTest" time="0.003" status="1" />
    <testcase name="CiProcessorProcessForNoMainAssocTest (False,False,2,1,0)" classname="Philips.PMP.Test.Auto.CiProcessorTest" time="0.003" status="1" />
    <testcase name="CiProcessorProcessForNoMainAssocTest (True,False,2,1,0)" classname="Philips.PMP.Test.Auto.CiProcessorTest" time="0.007" status="1" />
    <testcase name="CiProcessorShouldIgnoreOrForwardCiInLocalModeTest (False,False,False,False,False,False,0)" classname="Philips.PMP.Test.Auto.CiProcessorTest" time="0.545" status="1" />
    <testcase name="CiProcessorShouldIgnoreOrForwardCiInLocalModeTest (True,False,False,False,False,False,0)" classname="Philips.PMP.Test.Auto.CiProcessorTest" time="0.010" status="1" />
    <testcase name="CiProcessorShouldIgnoreOrForwardCiInLocalModeTest (True,False,True,False,False,False,0)" classname="Philips.PMP.Test.Auto.CiProcessorTest" time="0.004" status="1" />
    <testcase name="CiProcessorShouldIgnoreOrForwardCiInLocalModeTest (True,True,False,False,False,False,0)" classname="Philips.PMP.Test.Auto.CiProcessorTest" time="0.002" status="1" />
    <testcase name="CiProcessorShouldIgnoreOrForwardCiInLocalModeTest (True,True,False,True,False,False,0)" classname="Philips.PMP.Test.Auto.CiProcessorTest" time="0.002" status="1" />
    <testcase name="CiProcessorShouldIgnoreOrForwardCiInLocalModeTest (True,True,False,False,True,False,0)" classname="Philips.PMP.Test.Auto.CiProcessorTest" time="0.002" status="1" />
    <testcase name="CiProcessorShouldIgnoreOrForwardCiInLocalModeTest (True,True,False,False,False,True,0)" classname="Philips.PMP.Test.Auto.CiProcessorTest" time="0.002" status="1" />
    <testcase name="CiProcessorShouldIgnoreOrForwardCiInLocalModeTest (True,False,False,False,False,False,1)" classname="Philips.PMP.Test.Auto.CiProcessorTest" time="0.006" status="1" />
    <testcase name="CiProcessorShouldIgnoreOrForwardCiInLocalModeTest (True,False,True,False,False,False,1)" classname="Philips.PMP.Test.Auto.CiProcessorTest" time="0.013" status="1" />
    <testcase name="CiProcessorShouldIgnoreOrForwardCiInLocalModeTest (True,True,False,False,False,False,1)" classname="Philips.PMP.Test.Auto.CiProcessorTest" time="0.002" status="1" />
    <testcase name="CiProcessorShouldIgnoreOrForwardCiInLocalModeTest (True,True,False,True,False,False,1)" classname="Philips.PMP.Test.Auto.CiProcessorTest" time="0.002" status="1" />
    <testcase name="CiProcessorShouldIgnoreOrForwardCiInLocalModeTest (True,True,False,False,True,False,1)" classname="Philips.PMP.Test.Auto.CiProcessorTest" time="0.001" status="1" />
    <testcase name="CiProcessorShouldIgnoreOrForwardCiInLocalModeTest (True,True,False,False,False,True,1)" classname="Philips.PMP.Test.Auto.CiProcessorTest" time="0.001" status="1" />
    <testcase name="CiProcessorShouldIgnoreOrForwardCiInLocalModeTest (True,False,False,False,False,False,2)" classname="Philips.PMP.Test.Auto.CiProcessorTest" time="0.001" status="1" />
    <testcase name="CiProcessorShouldIgnoreOrForwardCiInLocalModeTest (True,False,True,False,False,False,2)" classname="Philips.PMP.Test.Auto.CiProcessorTest" time="0.001" status="1" />
    <testcase name="CiProcessorShouldIgnoreOrForwardCiInLocalModeTest (True,True,False,False,False,False,2)" classname="Philips.PMP.Test.Auto.CiProcessorTest" time="0.001" status="1" />
    <testcase name="CiProcessorShouldIgnoreOrForwardCiInLocalModeTest (True,True,False,True,False,False,2)" classname="Philips.PMP.Test.Auto.CiProcessorTest" time="0.001" status="1" />
    <testcase name="CiProcessorShouldIgnoreOrForwardCiInLocalModeTest (True,True,False,False,True,False,2)" classname="Philips.PMP.Test.Auto.CiProcessorTest" time="0.001" status="1" />
    <testcase name="CiProcessorShouldIgnoreOrForwardCiInLocalModeTest (True,True,False,False,False,True,2)" classname="Philips.PMP.Test.Auto.CiProcessorTest" time="0.002" status="1" />
    <system-out />
    <system-err />
  </testsuite>
  <testsuite name="Philips.PMP.Test.Auto.CopyHelperTest" hostname="RESTORMEL" package="not available" id="747" tests="2" failures="0" errors="0" skipped="0" time="0.007" timestamp="2023-12-13T03:29:50">
    <properties />
    <testcase name="DeepCopyTest" classname="Philips.PMP.Test.Auto.CopyHelperTest" time="0.004" status="1" />
    <testcase name="PropertyCopyTest" classname="Philips.PMP.Test.Auto.CopyHelperTest" time="0.003" status="1" />
    <system-out />
    <system-err />
  </testsuite>
  <testsuite name="Philips.iX.PatientDataBridge.Test.PatientDataTest" hostname="RESTORMEL" package="not available" id="748" tests="4" failures="0" errors="0" skipped="0" time="3.231" timestamp="2023-12-13T03:28:07">
    <properties />
    <testcase name="PostsReadmittedPatient" classname="Philips.iX.PatientDataBridge.Test.PatientDataTest" time="0.004" status="1" />
    <testcase name="StartStopServiceTest (False)" classname="Philips.iX.PatientDataBridge.Test.PatientDataTest" time="3.154" status="1" />
    <testcase name="StartStopServiceTest (True)" classname="Philips.iX.PatientDataBridge.Test.PatientDataTest" time="0.041" status="1" />
    <testcase name="PatientDataServiceOnPatientIdentityChangeTest" classname="Philips.iX.PatientDataBridge.Test.PatientDataTest" time="0.033" status="1" />
    <system-out />
    <system-err />
  </testsuite>
  <testsuite name="Philips.PIC.WebBridge.Test.InstitutionMgrTest" hostname="RESTORMEL" package="not available" id="749" tests="2" failures="0" errors="0" skipped="0" time="0.061" timestamp="2023-12-13T03:39:09">
    <properties />
    <testcase name="GetInstitutionTest" classname="Philips.PIC.WebBridge.Test.InstitutionMgrTest" time="0.060" status="1" />
    <testcase name="GetInstitutionsTest" classname="Philips.PIC.WebBridge.Test.InstitutionMgrTest" time="0.002" status="1" />
    <system-out />
    <system-err />
  </testsuite>
  <testsuite name="Philips.PMP.Test.Auto.SelectedUnitRetrieverTest" hostname="RESTORMEL" package="not available" id="750" tests="3" failures="0" errors="0" skipped="0" time="0.076" timestamp="2023-12-13T03:30:19">
    <properties />
    <testcase name="SelectedUnitRetrieverSetInitialUnitSelection (True)" classname="Philips.PMP.Test.Auto.SelectedUnitRetrieverTest" time="0.002" status="1" />
    <testcase name="SelectedUnitRetrieverSetInitialUnitSelection (False)" classname="Philips.PMP.Test.Auto.SelectedUnitRetrieverTest" time="0.001" status="1" />
    <testcase name="SelectedUnitRetrieverSetSelectedUnit" classname="Philips.PMP.Test.Auto.SelectedUnitRetrieverTest" time="0.073" status="1" />
    <system-out />
    <system-err />
  </testsuite>
  <testsuite name="Philips.PMP.Test.Auto.Hl7ValidatedDataMgrTest" hostname="RESTORMEL" package="not available" id="751" tests="2" failures="0" errors="0" skipped="0" time="0.132" timestamp="2023-12-13T03:36:45">
    <properties />
    <testcase name="Hl7ValidatedDataMgrProcessTimerTest" classname="Philips.PMP.Test.Auto.Hl7ValidatedDataMgrTest" time="0.003" status="1" />
    <testcase name="Hl7ValidatedDataMgrProcessValidatedDataTest" classname="Philips.PMP.Test.Auto.Hl7ValidatedDataMgrTest" time="0.128" status="1" />
    <system-out />
    <system-err />
  </testsuite>
  <testsuite name="Philips.PMP.Test.Auto.WaveStripExportTest" hostname="RESTORMEL" package="not available" id="752" tests="2" failures="0" errors="0" skipped="0" time="0.323" timestamp="2023-12-13T03:36:59">
    <properties />
    <testcase name="GetMyPatientsForExport" classname="Philips.PMP.Test.Auto.WaveStripExportTest" time="0.290" status="1" />
    <testcase name="ValidateExportSettingsTest" classname="Philips.PMP.Test.Auto.WaveStripExportTest" time="0.033" status="1" />
    <system-out />
    <system-err />
  </testsuite>
  <testsuite name="Philips.PMP.Test.Auto.PatientServiceDecisionHelperTest" hostname="RESTORMEL" package="not available" id="753" tests="14" failures="0" errors="0" skipped="0" time="0.090" timestamp="2023-12-13T03:29:56">
    <properties />
    <testcase name="PatientServiceDecisionHelperShouldSendUpdateInResponseToQueryTest (Unknown,False,True)" classname="Philips.PMP.Test.Auto.PatientServiceDecisionHelperTest" time="0.012" status="1" />
    <testcase name="PatientServiceDecisionHelperShouldSendUpdateInResponseToQueryTest (Unknown,True,True)" classname="Philips.PMP.Test.Auto.PatientServiceDecisionHelperTest" time="0.011" status="1" />
    <testcase name="PatientServiceDecisionHelperShouldSendUpdateInResponseToQueryTest (Success,False,False)" classname="Philips.PMP.Test.Auto.PatientServiceDecisionHelperTest" time="0.021" status="1" />
    <testcase name="PatientServiceDecisionHelperShouldSendUpdateInResponseToQueryTest (Success,True,True)" classname="Philips.PMP.Test.Auto.PatientServiceDecisionHelperTest" time="0.013" status="1" />
    <testcase name="PatientServiceDecisionHelperShouldReplaceDeviceTest (True,SystemLimit,True,False,False,False,False,False)" classname="Philips.PMP.Test.Auto.PatientServiceDecisionHelperTest" time="0.004" status="1" />
    <testcase name="PatientServiceDecisionHelperShouldReplaceDeviceTest (True,DeviceAssignedElsewhere,True,False,False,True,False,False)" classname="Philips.PMP.Test.Auto.PatientServiceDecisionHelperTest" time="0.026" status="1" />
    <testcase name="PatientServiceDecisionHelperShouldReplaceDeviceTest (True,DeviceAssignedElsewhere,True,False,False,False,True,False)" classname="Philips.PMP.Test.Auto.PatientServiceDecisionHelperTest" time="0.001" status="1" />
    <testcase name="PatientServiceDecisionHelperShouldReplaceDeviceTest (False,SystemLimit,True,True,False,False,False,False)" classname="Philips.PMP.Test.Auto.PatientServiceDecisionHelperTest" time="0.001" status="1" />
    <testcase name="PatientServiceDecisionHelperShouldReplaceDeviceTest (False,SystemLimit,True,False,False,False,True,True)" classname="Philips.PMP.Test.Auto.PatientServiceDecisionHelperTest" time="0.000" status="1" />
    <testcase name="PatientServiceDecisionHelperShouldReplaceDeviceTest (False,SystemLimit,True,False,True,False,True,True)" classname="Philips.PMP.Test.Auto.PatientServiceDecisionHelperTest" time="0.000" status="1" />
    <testcase name="PatientServiceDecisionHelperShouldReplaceDeviceTest (False,SystemLimit,False,True,True,False,False,False)" classname="Philips.PMP.Test.Auto.PatientServiceDecisionHelperTest" time="0.000" status="1" />
    <testcase name="PatientServiceDecisionHelperShouldReplaceDeviceTest (False,SystemLimit,False,False,True,False,False,False)" classname="Philips.PMP.Test.Auto.PatientServiceDecisionHelperTest" time="0.000" status="1" />
    <testcase name="PatientServiceDecisionHelperShouldReplaceDeviceTest (False,SystemLimit,False,True,False,False,False,False)" classname="Philips.PMP.Test.Auto.PatientServiceDecisionHelperTest" time="0.000" status="1" />
    <testcase name="PatientServiceDecisionHelperShouldReplaceDeviceTest (False,SystemLimit,False,False,False,False,True,True)" classname="Philips.PMP.Test.Auto.PatientServiceDecisionHelperTest" time="0.000" status="1" />
    <system-out />
    <system-err />
  </testsuite>
  <testsuite name="Philips.PMP.Test.Auto.TransportEventGeneratorTest" hostname="RESTORMEL" package="not available" id="754" tests="2" failures="0" errors="0" skipped="0" time="0.017" timestamp="2023-12-13T03:30:01">
    <properties />
    <testcase name="GetTransportEventsFromOverlappingIntervals" classname="Philips.PMP.Test.Auto.TransportEventGeneratorTest" time="0.008" status="1" />
    <testcase name="IsAlertRelevantToWaveTest" classname="Philips.PMP.Test.Auto.TransportEventGeneratorTest" time="0.009" status="1" />
    <system-out />
    <system-err />
  </testsuite>
  <testsuite name="Philips.PMP.Test.Auto.MyApplicationTest" hostname="RESTORMEL" package="not available" id="755" tests="1" failures="0" errors="0" skipped="0" time="0.001" timestamp="2023-12-13T03:29:50">
    <properties />
    <testcase name="MyApplicationSourcesFolderIsNotSubdirectoryOfProduct" classname="Philips.PMP.Test.Auto.MyApplicationTest" time="0.001" status="1" />
    <system-out />
    <system-err />
  </testsuite>
  <testsuite name="Philips.PMP.Test.Auto.MobileRemoteControlsValidatorTest" hostname="RESTORMEL" package="not available" id="756" tests="4" failures="0" errors="0" skipped="0" time="0.068" timestamp="2023-12-13T03:29:47">
    <properties />
    <testcase name="NumericControlsRequestRemoteControlAccessGrantedToUserTest (True,True,Success,Success)" classname="Philips.PMP.Test.Auto.MobileRemoteControlsValidatorTest" time="0.056" status="1" />
    <testcase name="NumericControlsRequestRemoteControlAccessGrantedToUserTest (True,False,Success,Success)" classname="Philips.PMP.Test.Auto.MobileRemoteControlsValidatorTest" time="0.004" status="1" />
    <testcase name="NumericControlsRequestRemoteControlAccessGrantedToUserTest (False,True,Success,Success)" classname="Philips.PMP.Test.Auto.MobileRemoteControlsValidatorTest" time="0.003" status="1" />
    <testcase name="NumericControlsRequestRemoteControlAccessGrantedToUserTest (False,False,Failed,PermissionError)" classname="Philips.PMP.Test.Auto.MobileRemoteControlsValidatorTest" time="0.005" status="1" />
    <system-out />
    <system-err />
  </testsuite>
  <testsuite name="Philips.PMP.Test.Auto.TimeMappingRepositoryTest" hostname="RESTORMEL" package="not available" id="757" tests="3" failures="0" errors="0" skipped="0" time="0.005" timestamp="2023-12-13T03:29:50">
    <properties />
    <testcase name="InitialPatientTimeIsNever0" classname="Philips.PMP.Test.Auto.TimeMappingRepositoryTest" time="0.004" status="1" />
    <testcase name="InitialPatientTimeDoesntGetSetBehindUtcNowTime" classname="Philips.PMP.Test.Auto.TimeMappingRepositoryTest" time="0.000" status="1" />
    <testcase name="TimeMappingRepositoryDeviceTimeOffsetFromReferenceTime" classname="Philips.PMP.Test.Auto.TimeMappingRepositoryTest" time="0.001" status="1" />
    <system-out />
    <system-err />
  </testsuite>
  <testsuite name="Philips.PMP.LicenseService.Test.MonitorDeviceAssignmentCheckerTest" hostname="RESTORMEL" package="not available" id="758" tests="23" failures="0" errors="0" skipped="0" time="0.205" timestamp="2023-12-13T03:29:16">
    <properties />
    <testcase name="DeviceConnectivityTest (DelphiHigh9In,MP0,True)" classname="Philips.PMP.LicenseService.Test.MonitorDeviceAssignmentCheckerTest" time="0.186" status="1" />
    <testcase name="DeviceConnectivityTest (DelphiHigh9In,MP1,True)" classname="Philips.PMP.LicenseService.Test.MonitorDeviceAssignmentCheckerTest" time="0.000" status="1" />
    <testcase name="DeviceConnectivityTest (DelphiHigh12In,MP1,True)" classname="Philips.PMP.LicenseService.Test.MonitorDeviceAssignmentCheckerTest" time="0.001" status="1" />
    <testcase name="DeviceConnectivityTest (DelphiHigh12In,MP0,False)" classname="Philips.PMP.LicenseService.Test.MonitorDeviceAssignmentCheckerTest" time="0.000" status="1" />
    <testcase name="DeviceConnectivityTest (EvolineMid,MP0,True)" classname="Philips.PMP.LicenseService.Test.MonitorDeviceAssignmentCheckerTest" time="0.000" status="1" />
    <testcase name="DeviceConnectivityTest (EvolineMid,MP1,True)" classname="Philips.PMP.LicenseService.Test.MonitorDeviceAssignmentCheckerTest" time="0.001" status="1" />
    <testcase name="DeviceConnectivityTest (EvolineMid,MP7,True)" classname="Philips.PMP.LicenseService.Test.MonitorDeviceAssignmentCheckerTest" time="0.000" status="1" />
    <testcase name="DeviceConnectivityTest (Efficia,MP0,False)" classname="Philips.PMP.LicenseService.Test.MonitorDeviceAssignmentCheckerTest" time="0.000" status="1" />
    <testcase name="DeviceConnectivityTest (Efficia,MP7,True)" classname="Philips.PMP.LicenseService.Test.MonitorDeviceAssignmentCheckerTest" time="0.000" status="1" />
    <testcase name="DeviceConnectivityTest (Portal5000,MP1,True)" classname="Philips.PMP.LicenseService.Test.MonitorDeviceAssignmentCheckerTest" time="0.001" status="1" />
    <testcase name="DeviceConnectivityTest (Portal5000,MP0,False)" classname="Philips.PMP.LicenseService.Test.MonitorDeviceAssignmentCheckerTest" time="0.000" status="1" />
    <testcase name="DeviceConnectivityTest (Mx750,MP2,True)" classname="Philips.PMP.LicenseService.Test.MonitorDeviceAssignmentCheckerTest" time="0.001" status="1" />
    <testcase name="DeviceConnectivityTest (Mx750,MP1,False)" classname="Philips.PMP.LicenseService.Test.MonitorDeviceAssignmentCheckerTest" time="0.000" status="1" />
    <testcase name="DeviceConnectivityTest (Mx850,MP3,True)" classname="Philips.PMP.LicenseService.Test.MonitorDeviceAssignmentCheckerTest" time="0.001" status="1" />
    <testcase name="DeviceConnectivityTest (Mx850,MP2,False)" classname="Philips.PMP.LicenseService.Test.MonitorDeviceAssignmentCheckerTest" time="0.000" status="1" />
    <testcase name="CanAssignDeviceTest (MP3,True,MP3,False)" classname="Philips.PMP.LicenseService.Test.MonitorDeviceAssignmentCheckerTest" time="0.005" status="1" />
    <testcase name="CanAssignDeviceTest (MP2,False,MP2,True)" classname="Philips.PMP.LicenseService.Test.MonitorDeviceAssignmentCheckerTest" time="0.001" status="1" />
    <testcase name="CanAssignDeviceTest (MP0,False,MP2,True)" classname="Philips.PMP.LicenseService.Test.MonitorDeviceAssignmentCheckerTest" time="0.001" status="1" />
    <testcase name="CanAssignDeviceTest (MP1,True,MP1,True)" classname="Philips.PMP.LicenseService.Test.MonitorDeviceAssignmentCheckerTest" time="0.001" status="1" />
    <testcase name="CanAssignDeviceTest (MP3,False,MP1,False)" classname="Philips.PMP.LicenseService.Test.MonitorDeviceAssignmentCheckerTest" time="0.001" status="1" />
    <testcase name="CanAssignDeviceTest (MP6,False,MP3,False)" classname="Philips.PMP.LicenseService.Test.MonitorDeviceAssignmentCheckerTest" time="0.001" status="1" />
    <testcase name="CanAssignDeviceTest (MP6,True,MP6,True)" classname="Philips.PMP.LicenseService.Test.MonitorDeviceAssignmentCheckerTest" time="0.001" status="1" />
    <testcase name="CanAssignDeviceTest (WLD,True,WLD,True)" classname="Philips.PMP.LicenseService.Test.MonitorDeviceAssignmentCheckerTest" time="0.001" status="1" />
    <system-out />
    <system-err />
  </testsuite>
  <testsuite name="Philips.PMP.Test.Auto.PhysioDataOptimizerTest" hostname="RESTORMEL" package="not available" id="759" tests="2" failures="0" errors="0" skipped="0" time="0.030" timestamp="2023-12-13T03:29:50">
    <properties />
    <testcase name="PhysioDataOptimizerAlwaysSendsStaticContextFirst" classname="Philips.PMP.Test.Auto.PhysioDataOptimizerTest" time="0.018" status="1" />
    <testcase name="PhysioDataDeoptimizerReconstructsFromStaticContext" classname="Philips.PMP.Test.Auto.PhysioDataOptimizerTest" time="0.013" status="1" />
    <system-out />
    <system-err />
  </testsuite>
  <testsuite name="Philips.iX.InboundDataBridge.Test.PhysioBridgeOutboundClientTest" hostname="RESTORMEL" package="not available" id="760" tests="1" failures="0" errors="0" skipped="0" time="0.719" timestamp="2023-12-13T03:27:46">
    <properties />
    <testcase name="CreateHttpContentWorksAsExpectedTest" classname="Philips.iX.InboundDataBridge.Test.PhysioBridgeOutboundClientTest" time="0.719" status="1" />
    <system-out />
    <system-err />
  </testsuite>
  <testsuite name="Philips.PMP.Test.Auto.SqlCrashReportMonitorTest" hostname="RESTORMEL" package="not available" id="761" tests="9" failures="0" errors="0" skipped="0" time="0.667" timestamp="2023-12-13T03:29:58">
    <properties />
    <testcase name="SqlCrashMonitorTriggersRestartAboveCrashThreshold (4,0)" classname="Philips.PMP.Test.Auto.SqlCrashReportMonitorTest" time="0.076" status="1" />
    <testcase name="SqlCrashMonitorTriggersRestartAboveCrashThreshold (5,1)" classname="Philips.PMP.Test.Auto.SqlCrashReportMonitorTest" time="0.041" status="1" />
    <testcase name="SqlCrashMonitorTriggersRestartAboveCrashThreshold (9,1)" classname="Philips.PMP.Test.Auto.SqlCrashReportMonitorTest" time="0.065" status="1" />
    <testcase name="SqlCrashMonitorStartsStopsFileWatcher" classname="Philips.PMP.Test.Auto.SqlCrashReportMonitorTest" time="0.079" status="1" />
    <testcase name="SqlCrashMonitorLoadsCrashesFromDiskOnFirstAccess" classname="Philips.PMP.Test.Auto.SqlCrashReportMonitorTest" time="0.181" status="1" />
    <testcase name="SqlCrashMonitorDoesntDuplicateFiles (True,False)" classname="Philips.PMP.Test.Auto.SqlCrashReportMonitorTest" time="0.097" status="1" />
    <testcase name="SqlCrashMonitorDoesntDuplicateFiles (False,False)" classname="Philips.PMP.Test.Auto.SqlCrashReportMonitorTest" time="0.075" status="1" />
    <testcase name="SqlCrashMonitorDoesntDuplicateFiles (True,True)" classname="Philips.PMP.Test.Auto.SqlCrashReportMonitorTest" time="0.024" status="1" />
    <testcase name="DbccMessageLogTest" classname="Philips.PMP.Test.Auto.SqlCrashReportMonitorTest" time="0.028" status="1" />
    <system-out />
    <system-err />
  </testsuite>
  <testsuite name="Philips.PMP.Test.Auto.RoleLockProviderTest" hostname="RESTORMEL" package="not available" id="762" tests="3" failures="0" errors="0" skipped="0" time="0.052" timestamp="2023-12-13T03:33:20">
    <properties />
    <testcase name="StoreAndGetUnitRoleAssignment" classname="Philips.PMP.Test.Auto.RoleLockProviderTest" time="0.009" status="1" />
    <testcase name="IsRoleLocked" classname="Philips.PMP.Test.Auto.RoleLockProviderTest" time="0.035" status="1" />
    <testcase name="ClearRoleLock" classname="Philips.PMP.Test.Auto.RoleLockProviderTest" time="0.008" status="1" />
    <system-out />
    <system-err />
  </testsuite>
  <testsuite name="Philips.PMP.Test.Auto.PatientReadmitterTest" hostname="RESTORMEL" package="not available" id="763" tests="2" failures="0" errors="0" skipped="0" time="0.014" timestamp="2023-12-13T03:30:21">
    <properties />
    <testcase name="PatientReadmitterTestTryReadmitPatient (True)" classname="Philips.PMP.Test.Auto.PatientReadmitterTest" time="0.010" status="1" />
    <testcase name="PatientReadmitterTestTryReadmitPatient (False)" classname="Philips.PMP.Test.Auto.PatientReadmitterTest" time="0.004" status="1" />
    <system-out />
    <system-err />
  </testsuite>
  <testsuite name="Philips.PMP.Test.Auto.ActiveDirectoryTimeSourceValidatorTest" hostname="RESTORMEL" package="not available" id="764" tests="6" failures="0" errors="0" skipped="0" time="0.031" timestamp="2023-12-13T03:29:19">
    <properties />
    <testcase name="IsTimeUpdateFromVerifiedSourceTest (Source: test1.ad.philips.local&#xD;&#xA;,NetBios,ad.philips.local,True)" classname="Philips.PMP.Test.Auto.ActiveDirectoryTimeSourceValidatorTest" time="0.018" status="1" />
    <testcase name="IsTimeUpdateFromVerifiedSourceTest (Source: test2.ad.philips.local&#xD;&#xA;,ad.philips.local,ad.philips.local,True)" classname="Philips.PMP.Test.Auto.ActiveDirectoryTimeSourceValidatorTest" time="0.003" status="1" />
    <testcase name="IsTimeUpdateFromVerifiedSourceTest (Source: test3.ad.philips.local&#xD;&#xA;,,ad.philips.com,False)" classname="Philips.PMP.Test.Auto.ActiveDirectoryTimeSourceValidatorTest" time="0.002" status="1" />
    <testcase name="IsTimeUpdateFromVerifiedSourceTest (Source: test4.local&#xD;&#xA;,,,False)" classname="Philips.PMP.Test.Auto.ActiveDirectoryTimeSourceValidatorTest" time="0.004" status="1" />
    <testcase name="IsTimeUpdateFromVerifiedSourceTest (,NetBios,ad.philips.local,False)" classname="Philips.PMP.Test.Auto.ActiveDirectoryTimeSourceValidatorTest" time="0.003" status="1" />
    <testcase name="IsTimeUpdateFromVerifiedSourceTest (,,,False)" classname="Philips.PMP.Test.Auto.ActiveDirectoryTimeSourceValidatorTest" time="0.001" status="1" />
    <system-out />
    <system-err />
  </testsuite>
  <testsuite name="Philips.PMP.Test.Auto.DbPerformanceUtils" hostname="RESTORMEL" package="not available" id="765" tests="1" failures="0" errors="0" skipped="0" time="0.043" timestamp="2023-12-13T03:35:01">
    <properties />
    <testcase name="GetPhysioDataByStayId" classname="Philips.PMP.Test.Auto.DbPerformanceUtils" time="0.043" status="1" />
    <system-out />
    <system-err />
  </testsuite>
  <testsuite name="Philips.PMP.Test.Auto.SpotCheckRecordSubscriberTest" hostname="RESTORMEL" package="not available" id="766" tests="1" failures="0" errors="0" skipped="0" time="0.249" timestamp="2023-12-13T03:29:57">
    <properties />
    <testcase name="SpotCheckRecordSubscriberChangeBedTest" classname="Philips.PMP.Test.Auto.SpotCheckRecordSubscriberTest" time="0.249" status="1" />
    <system-out />
    <system-err />
  </testsuite>
  <testsuite name="Philips.PMP.Test.Auto.NumericMedianHelperTest" hostname="RESTORMEL" package="not available" id="767" tests="2" failures="0" errors="0" skipped="0" time="0.018" timestamp="2023-12-13T03:29:50">
    <properties />
    <testcase name="NumericMedianHelperVerifyProcessMedians" classname="Philips.PMP.Test.Auto.NumericMedianHelperTest" time="0.017" status="1" />
    <testcase name="NumericMedianHelperVerifyIfNoMediansDynamicAttributesArePresent" classname="Philips.PMP.Test.Auto.NumericMedianHelperTest" time="0.001" status="1" />
    <system-out />
    <system-err />
  </testsuite>
  <testsuite name="Philips.PMP.Test.Auto.TimeWaveBaselineProviderTest" hostname="RESTORMEL" package="not available" id="768" tests="15" failures="0" errors="0" skipped="0" time="3.006" timestamp="2023-12-13T03:35:37">
    <properties />
    <testcase name="TimeWaveBaselinePatientList" classname="Philips.PMP.Test.Auto.TimeWaveBaselineProviderTest" time="0.350" status="1" />
    <testcase name="TimeWaveBaselineProviderPatientStayPreadmitAndReadmitWithBaseline" classname="Philips.PMP.Test.Auto.TimeWaveBaselineProviderTest" time="0.312" status="1" />
    <testcase name="TimeWaveBaselineProviderPatientStayPreadmitWithBaseline" classname="Philips.PMP.Test.Auto.TimeWaveBaselineProviderTest" time="0.382" status="1" />
    <testcase name="TimeWaveBaselineTwoSts" classname="Philips.PMP.Test.Auto.TimeWaveBaselineProviderTest" time="0.039" status="1" />
    <testcase name="TimeWaveBaselineOneQt" classname="Philips.PMP.Test.Auto.TimeWaveBaselineProviderTest" time="0.031" status="1" />
    <testcase name="TimeWaveBaselineOneStOneQt" classname="Philips.PMP.Test.Auto.TimeWaveBaselineProviderTest" time="0.034" status="1" />
    <testcase name="TimeWaveBaselineProviderPatientStayUnitTransfer" classname="Philips.PMP.Test.Auto.TimeWaveBaselineProviderTest" time="0.381" status="1" />
    <testcase name="TimeWaveBaselineOneSt" classname="Philips.PMP.Test.Auto.TimeWaveBaselineProviderTest" time="0.101" status="1" />
    <testcase name="TimeWaveSyncTest (True,True)" classname="Philips.PMP.Test.Auto.TimeWaveBaselineProviderTest" time="0.046" status="1" />
    <testcase name="TimeWaveSyncTest (False,False)" classname="Philips.PMP.Test.Auto.TimeWaveBaselineProviderTest" time="0.041" status="1" />
    <testcase name="TimeWaveBaselinePurge" classname="Philips.PMP.Test.Auto.TimeWaveBaselineProviderTest" time="0.283" status="1" />
    <testcase name="TimeWaveBaselineProviderPatientStayReadmitAndPreadmitWithoutBaseline" classname="Philips.PMP.Test.Auto.TimeWaveBaselineProviderTest" time="0.321" status="1" />
    <testcase name="TimeWaveBaselineProviderPatientStayReadmitWithoutPreadmit" classname="Philips.PMP.Test.Auto.TimeWaveBaselineProviderTest" time="0.339" status="1" />
    <testcase name="TimeWaveBaselineProviderPatientStayPreadmitWithoutBaseline" classname="Philips.PMP.Test.Auto.TimeWaveBaselineProviderTest" time="0.319" status="1" />
    <testcase name="TimeWaveBaselineSameStTwice" classname="Philips.PMP.Test.Auto.TimeWaveBaselineProviderTest" time="0.027" status="1" />
    <system-out />
    <system-err />
  </testsuite>
  <testsuite name="Philips.PMP.Test.Auto.DbParameterTest" hostname="RESTORMEL" package="not available" id="769" tests="4" failures="0" errors="0" skipped="0" time="0.090" timestamp="2023-12-13T03:31:20">
    <properties />
    <testcase name="GetDbNullTypeDbInputParameterValueTest" classname="Philips.PMP.Test.Auto.DbParameterTest" time="0.006" status="1" />
    <testcase name="GetOutputParameter" classname="Philips.PMP.Test.Auto.DbParameterTest" time="0.015" status="1" />
    <testcase name="GetDataTableTypeDbInputParameterValueTest" classname="Philips.PMP.Test.Auto.DbParameterTest" time="0.044" status="1" />
    <testcase name="GetEnumTypeDbInputParameterValueTest" classname="Philips.PMP.Test.Auto.DbParameterTest" time="0.025" status="1" />
    <system-out />
    <system-err />
  </testsuite>
  <testsuite name="Philips.PMP.Test.Auto.StripControlTest" hostname="RESTORMEL" package="not available" id="770" tests="1" failures="0" errors="0" skipped="0" time="0.011" timestamp="2023-12-13T03:31:10">
    <properties />
    <testcase name="UpdateCaliperTimeTest" classname="Philips.PMP.Test.Auto.StripControlTest" time="0.011" status="1" />
    <system-out />
    <system-err />
  </testsuite>
  <testsuite name="Philips.PMP.Test.Auto.SystemKeyAccessorTest" hostname="RESTORMEL" package="not available" id="771" tests="5" failures="0" errors="0" skipped="0" time="0.202" timestamp="2023-12-13T03:29:51">
    <properties />
    <testcase name="GetKeyBasedOnHostIfKeyDoesNotExistInTheService" classname="Philips.PMP.Test.Auto.SystemKeyAccessorTest" time="0.008" status="1" />
    <testcase name="CacheForAnyKey (0,1)" classname="Philips.PMP.Test.Auto.SystemKeyAccessorTest" time="0.017" status="1" />
    <testcase name="CacheForAnyKey (1,1)" classname="Philips.PMP.Test.Auto.SystemKeyAccessorTest" time="0.002" status="1" />
    <testcase name="SystemKeyAccessorChecksUserPermissions (True)" classname="Philips.PMP.Test.Auto.SystemKeyAccessorTest" time="0.155" status="1" />
    <testcase name="SystemKeyAccessorChecksUserPermissions (False)" classname="Philips.PMP.Test.Auto.SystemKeyAccessorTest" time="0.019" status="1" />
    <system-out />
    <system-err />
  </testsuite>
  <testsuite name="Philips.PMP.Test.Auto.Hl7ValidationConnectionCheckerTest" hostname="RESTORMEL" package="not available" id="772" tests="8" failures="0" errors="0" skipped="0" time="0.105" timestamp="2023-12-13T03:29:38">
    <properties />
    <testcase name="Hl7ValidationConnectionIsConnectionAssignedTest (False,True,False)" classname="Philips.PMP.Test.Auto.Hl7ValidationConnectionCheckerTest" time="0.077" status="1" />
    <testcase name="Hl7ValidationConnectionIsConnectionAssignedTest (True,False,False)" classname="Philips.PMP.Test.Auto.Hl7ValidationConnectionCheckerTest" time="0.024" status="1" />
    <testcase name="Hl7ValidationConnectionIsConnectionAssignedTest (True,True,True)" classname="Philips.PMP.Test.Auto.Hl7ValidationConnectionCheckerTest" time="0.002" status="1" />
    <testcase name="Hl7ValidationConnectionShouldExportTest (True,True,False,False,False)" classname="Philips.PMP.Test.Auto.Hl7ValidationConnectionCheckerTest" time="0.001" status="1" />
    <testcase name="Hl7ValidationConnectionShouldExportTest (False,False,False,False,False)" classname="Philips.PMP.Test.Auto.Hl7ValidationConnectionCheckerTest" time="0.000" status="1" />
    <testcase name="Hl7ValidationConnectionShouldExportTest (False,True,False,True,False)" classname="Philips.PMP.Test.Auto.Hl7ValidationConnectionCheckerTest" time="0.000" status="1" />
    <testcase name="Hl7ValidationConnectionShouldExportTest (False,True,True,True,True)" classname="Philips.PMP.Test.Auto.Hl7ValidationConnectionCheckerTest" time="0.000" status="1" />
    <testcase name="Hl7ValidationConnectionShouldExportTest (False,True,False,False,True)" classname="Philips.PMP.Test.Auto.Hl7ValidationConnectionCheckerTest" time="0.000" status="1" />
    <system-out />
    <system-err />
  </testsuite>
  <testsuite name="Philips.CareEvent.Test.LedsControlTest" hostname="RESTORMEL" package="not available" id="773" tests="1" failures="0" errors="0" skipped="0" time="0.140" timestamp="2023-12-13T03:28:26">
    <properties />
    <testcase name="ValidateAndSaveSettingsTest" classname="Philips.CareEvent.Test.LedsControlTest" time="0.140" status="1" />
    <system-out />
    <system-err />
  </testsuite>
  <testsuite name="Philips.PMP.Test.Auto.PatientDataExportStorageConfigControlTest" hostname="RESTORMEL" package="not available" id="774" tests="3" failures="0" errors="0" skipped="0" time="0.279" timestamp="2023-12-13T03:29:48">
    <properties />
    <testcase name="PdxConfigCatchesDbMissingError" classname="Philips.PMP.Test.Auto.PatientDataExportStorageConfigControlTest" time="0.069" status="1" />
    <testcase name="PdxConfigCatchesMaintenanceDisabledError" classname="Philips.PMP.Test.Auto.PatientDataExportStorageConfigControlTest" time="0.054" status="1" />
    <testcase name="PdxConfigCatchesCommunicationError" classname="Philips.PMP.Test.Auto.PatientDataExportStorageConfigControlTest" time="0.156" status="1" />
    <system-out />
    <system-err />
  </testsuite>
  <testsuite name="Philips.PMP.Test.Auto.BedTransferMgrTest" hostname="RESTORMEL" package="not available" id="775" tests="6" failures="0" errors="0" skipped="0" time="0.180" timestamp="2023-12-13T03:29:38">
    <properties />
    <testcase name="BedTransferMgrCanGetZoneUris" classname="Philips.PMP.Test.Auto.BedTransferMgrTest" time="0.003" status="1" />
    <testcase name="BedTransferMgrCanTransferBed (True,True,True)" classname="Philips.PMP.Test.Auto.BedTransferMgrTest" time="0.146" status="1" />
    <testcase name="BedTransferMgrCanTransferBed (True,False,False)" classname="Philips.PMP.Test.Auto.BedTransferMgrTest" time="0.004" status="1" />
    <testcase name="BedTransferMgrCanTransferBed (False,True,False)" classname="Philips.PMP.Test.Auto.BedTransferMgrTest" time="0.009" status="1" />
    <testcase name="BedTransferMgrCanTransferBed (False,False,False)" classname="Philips.PMP.Test.Auto.BedTransferMgrTest" time="0.014" status="1" />
    <testcase name="BedTransferMgrCanGetPatientServiceUri" classname="Philips.PMP.Test.Auto.BedTransferMgrTest" time="0.003" status="1" />
    <system-out />
    <system-err />
  </testsuite>
  <testsuite name="Philips.PMP.Test.Auto.HighAvailabilityQualifierTest" hostname="RESTORMEL" package="not available" id="776" tests="6" failures="0" errors="0" skipped="0" time="0.019" timestamp="2023-12-13T03:34:08">
    <properties />
    <testcase name="HighAvailabilityConfigFileUpdateTest (True,False,False)" classname="Philips.PMP.Test.Auto.HighAvailabilityQualifierTest" time="0.008" status="1" />
    <testcase name="HighAvailabilityConfigFileUpdateTest (True,True,True)" classname="Philips.PMP.Test.Auto.HighAvailabilityQualifierTest" time="0.003" status="1" />
    <testcase name="HighAvailabilityOffloadDatabaseTest (False,False)" classname="Philips.PMP.Test.Auto.HighAvailabilityQualifierTest" time="0.002" status="1" />
    <testcase name="HighAvailabilityOffloadDatabaseTest (True,True)" classname="Philips.PMP.Test.Auto.HighAvailabilityQualifierTest" time="0.002" status="1" />
    <testcase name="HighAvailabilityQualifierChecksForSubjectAlternateName (False,False)" classname="Philips.PMP.Test.Auto.HighAvailabilityQualifierTest" time="0.003" status="1" />
    <testcase name="HighAvailabilityQualifierChecksForSubjectAlternateName (True,True)" classname="Philips.PMP.Test.Auto.HighAvailabilityQualifierTest" time="0.001" status="1" />
    <system-out />
    <system-err />
  </testsuite>
  <testsuite name="Philips.PMP.Test.Auto.MySessionTest" hostname="RESTORMEL" package="not available" id="777" tests="3" failures="0" errors="0" skipped="0" time="0.003" timestamp="2023-12-13T03:36:08">
    <properties />
    <testcase name="IsUserLoggedOnShould" classname="Philips.PMP.Test.Auto.MySessionTest" time="0.001" status="1" />
    <testcase name="IsRemoteShould" classname="Philips.PMP.Test.Auto.MySessionTest" time="0.001" status="1" />
    <testcase name="IsWindowsServiceShould" classname="Philips.PMP.Test.Auto.MySessionTest" time="0.001" status="1" />
    <system-out />
    <system-err />
  </testsuite>
  <testsuite name="Philips.PIC.RfidReader.Test.PcProxReaderCommTest" hostname="RESTORMEL" package="not available" id="778" tests="6" failures="0" errors="0" skipped="0" time="0.371" timestamp="2023-12-13T03:29:07">
    <properties />
    <testcase name="PcProxReaderCommStartTest (False,1)" classname="Philips.PIC.RfidReader.Test.PcProxReaderCommTest" time="0.325" status="1" />
    <testcase name="PcProxReaderCommStartTest (False,0)" classname="Philips.PIC.RfidReader.Test.PcProxReaderCommTest" time="0.002" status="1" />
    <testcase name="PcProxReaderCommStartTest (False,2)" classname="Philips.PIC.RfidReader.Test.PcProxReaderCommTest" time="0.001" status="1" />
    <testcase name="PcProxReaderCommStartTest (True,1)" classname="Philips.PIC.RfidReader.Test.PcProxReaderCommTest" time="0.001" status="1" />
    <testcase name="PcProxReaderCommStartRfidDataReceivedTest" classname="Philips.PIC.RfidReader.Test.PcProxReaderCommTest" time="0.032" status="1" />
    <testcase name="PcProxReaderCommNoDuplicateRead" classname="Philips.PIC.RfidReader.Test.PcProxReaderCommTest" time="0.011" status="1" />
    <system-out />
    <system-err />
  </testsuite>
  <testsuite name="Philips.PMP.Test.Auto.CiProxyMgrTest" hostname="RESTORMEL" package="not available" id="779" tests="4" failures="0" errors="0" skipped="0" time="0.135" timestamp="2023-12-13T03:29:40">
    <properties />
    <testcase name="CiProxyMgrTryStartAssociationCallsOutOfZone (True,0)" classname="Philips.PMP.Test.Auto.CiProxyMgrTest" time="0.004" status="1" />
    <testcase name="CiProxyMgrTryStartAssociationCallsOutOfZone (False,1)" classname="Philips.PMP.Test.Auto.CiProxyMgrTest" time="0.004" status="1" />
    <testcase name="CiProxyMgrTryStartAssociationCallsInZone" classname="Philips.PMP.Test.Auto.CiProxyMgrTest" time="0.018" status="1" />
    <testcase name="CiProxyMgrSubscribesToHostsOnStartupAndUnsubscribesOnStop" classname="Philips.PMP.Test.Auto.CiProxyMgrTest" time="0.110" status="1" />
    <system-out />
    <system-err />
  </testsuite>
  <testsuite name="Philips.PMP.Test.Auto.Hl7PreviouslySentMessageValuesTest" hostname="RESTORMEL" package="not available" id="780" tests="16" failures="0" errors="0" skipped="0" time="0.045" timestamp="2023-12-13T03:29:54">
    <properties />
    <testcase name="Hl7PreviouslySentMessageValuesCanPurgeCache" classname="Philips.PMP.Test.Auto.Hl7PreviouslySentMessageValuesTest" time="0.005" status="1" />
    <testcase name="Hl7PreviouslySentMessageValuesShouldSendModelSegment" classname="Philips.PMP.Test.Auto.Hl7PreviouslySentMessageValuesTest" time="0.020" status="1" />
    <testcase name="Hl7PreviouslySentMessageValuesDetermineDevicesToSendRemovedConfigurationSegmentTest" classname="Philips.PMP.Test.Auto.Hl7PreviouslySentMessageValuesTest" time="0.002" status="1" />
    <testcase name="Hl7PreviouslySentMessageValuesDetermineEC10DeviceIsHandledCorrectlyWhenConnected" classname="Philips.PMP.Test.Auto.Hl7PreviouslySentMessageValuesTest" time="0.012" status="1" />
    <testcase name="Hl7PreviouslySentMessageValuesDetermineMonitorState (False,Unknown,False,False,Unknown)" classname="Philips.PMP.Test.Auto.Hl7PreviouslySentMessageValuesTest" time="0.003" status="1" />
    <testcase name="Hl7PreviouslySentMessageValuesDetermineMonitorState (False,Unknown,True,True,ConnectedObxMsgSent)" classname="Philips.PMP.Test.Auto.Hl7PreviouslySentMessageValuesTest" time="0.000" status="1" />
    <testcase name="Hl7PreviouslySentMessageValuesDetermineMonitorState (False,ConnectedObxMsgSent,False,True,DisconnectOBXMsgSent)" classname="Philips.PMP.Test.Auto.Hl7PreviouslySentMessageValuesTest" time="0.000" status="1" />
    <testcase name="Hl7PreviouslySentMessageValuesDetermineMonitorState (False,ConnectedObxMsgSent,True,False,ConnectedObxMsgSent)" classname="Philips.PMP.Test.Auto.Hl7PreviouslySentMessageValuesTest" time="0.000" status="1" />
    <testcase name="Hl7PreviouslySentMessageValuesDetermineMonitorState (False,DisconnectOBXMsgSent,False,False,DisconnectOBXMsgSent)" classname="Philips.PMP.Test.Auto.Hl7PreviouslySentMessageValuesTest" time="0.000" status="1" />
    <testcase name="Hl7PreviouslySentMessageValuesDetermineMonitorState (False,DisconnectOBXMsgSent,True,True,ConnectedObxMsgSent)" classname="Philips.PMP.Test.Auto.Hl7PreviouslySentMessageValuesTest" time="0.000" status="1" />
    <testcase name="Hl7PreviouslySentMessageValuesDetermineMonitorState (True,Unknown,False,True,ConnectedObxMsgSent)" classname="Philips.PMP.Test.Auto.Hl7PreviouslySentMessageValuesTest" time="0.000" status="1" />
    <testcase name="Hl7PreviouslySentMessageValuesDetermineMonitorState (True,Unknown,True,True,ConnectedObxMsgSent)" classname="Philips.PMP.Test.Auto.Hl7PreviouslySentMessageValuesTest" time="0.000" status="1" />
    <testcase name="Hl7PreviouslySentMessageValuesDetermineMonitorState (True,ConnectedObxMsgSent,False,False,ConnectedObxMsgSent)" classname="Philips.PMP.Test.Auto.Hl7PreviouslySentMessageValuesTest" time="0.000" status="1" />
    <testcase name="Hl7PreviouslySentMessageValuesDetermineMonitorState (True,ConnectedObxMsgSent,True,False,ConnectedObxMsgSent)" classname="Philips.PMP.Test.Auto.Hl7PreviouslySentMessageValuesTest" time="0.000" status="1" />
    <testcase name="Hl7PreviouslySentMessageValuesDetermineMonitorState (True,DisconnectOBXMsgSent,False,True,ConnectedObxMsgSent)" classname="Philips.PMP.Test.Auto.Hl7PreviouslySentMessageValuesTest" time="0.000" status="1" />
    <testcase name="Hl7PreviouslySentMessageValuesDetermineMonitorState (True,DisconnectOBXMsgSent,True,True,ConnectedObxMsgSent)" classname="Philips.PMP.Test.Auto.Hl7PreviouslySentMessageValuesTest" time="0.000" status="1" />
    <system-out />
    <system-err />
  </testsuite>
  <testsuite name="Philips.PMP.Test.Auto.DataViewPrintDocumentTest" hostname="RESTORMEL" package="not available" id="781" tests="1" failures="0" errors="0" skipped="0" time="0.052" timestamp="2023-12-13T03:36:13">
    <properties />
    <testcase name="ViewReportOnQueryPageSettingsTest" classname="Philips.PMP.Test.Auto.DataViewPrintDocumentTest" time="0.052" status="1" />
    <system-out />
    <system-err />
  </testsuite>
  <testsuite name="Philips.PMP.Test.Auto.DemoNicQualifierTest" hostname="RESTORMEL" package="not available" id="782" tests="54" failures="0" errors="0" skipped="0" time="0.706" timestamp="2023-12-13T03:29:43">
    <properties />
    <testcase name="DemoNicQualifierVerify (Dhcp,False,172.31.4.1,255.255.248.0,True,True)" classname="Philips.PMP.Test.Auto.DemoNicQualifierTest" time="0.042" status="1" />
    <testcase name="DemoNicQualifierVerify (Dhcp,False,10.0.0.4,255.255.248.0,True,False)" classname="Philips.PMP.Test.Auto.DemoNicQualifierTest" time="0.002" status="1" />
    <testcase name="DemoNicQualifierVerify (Dhcp,False,172.31.4.1,255.255.254.0,True,False)" classname="Philips.PMP.Test.Auto.DemoNicQualifierTest" time="0.016" status="1" />
    <testcase name="DemoNicQualifierVerify (Dhcp,False,10.0.0.4,255.255.254.0,True,False)" classname="Philips.PMP.Test.Auto.DemoNicQualifierTest" time="0.002" status="1" />
    <testcase name="DemoNicQualifierVerify (Dhcp,False,172.31.4.1,255.255.248.0,False,True)" classname="Philips.PMP.Test.Auto.DemoNicQualifierTest" time="0.002" status="1" />
    <testcase name="DemoNicQualifierVerify (Dhcp,False,10.0.0.4,255.255.248.0,False,True)" classname="Philips.PMP.Test.Auto.DemoNicQualifierTest" time="0.002" status="1" />
    <testcase name="DemoNicQualifierVerify (Dhcp,False,172.31.4.1,255.255.254.0,False,True)" classname="Philips.PMP.Test.Auto.DemoNicQualifierTest" time="0.002" status="1" />
    <testcase name="DemoNicQualifierVerify (Dhcp,False,10.0.0.4,255.255.254.0,False,True)" classname="Philips.PMP.Test.Auto.DemoNicQualifierTest" time="0.003" status="1" />
    <testcase name="DemoNicQualifierVerify (Dhcp,True,172.31.4.1,255.255.248.0,True,False)" classname="Philips.PMP.Test.Auto.DemoNicQualifierTest" time="0.007" status="1" />
    <testcase name="DemoNicQualifierVerify (Dhcp,True,10.0.0.4,255.255.248.0,True,False)" classname="Philips.PMP.Test.Auto.DemoNicQualifierTest" time="0.006" status="1" />
    <testcase name="DemoNicQualifierVerify (Dhcp,True,172.31.4.1,255.255.254.0,True,False)" classname="Philips.PMP.Test.Auto.DemoNicQualifierTest" time="0.007" status="1" />
    <testcase name="DemoNicQualifierVerify (Dhcp,True,10.0.0.4,255.255.254.0,True,False)" classname="Philips.PMP.Test.Auto.DemoNicQualifierTest" time="0.002" status="1" />
    <testcase name="DemoNicQualifierVerify (Dhcp,True,172.31.4.1,255.255.248.0,False,False)" classname="Philips.PMP.Test.Auto.DemoNicQualifierTest" time="0.004" status="1" />
    <testcase name="DemoNicQualifierVerify (Dhcp,True,10.0.0.4,255.255.248.0,False,False)" classname="Philips.PMP.Test.Auto.DemoNicQualifierTest" time="0.002" status="1" />
    <testcase name="DemoNicQualifierVerify (Dhcp,True,172.31.4.1,255.255.254.0,False,False)" classname="Philips.PMP.Test.Auto.DemoNicQualifierTest" time="0.002" status="1" />
    <testcase name="DemoNicQualifierVerify (Dhcp,True,10.0.0.4,255.255.254.0,False,False)" classname="Philips.PMP.Test.Auto.DemoNicQualifierTest" time="0.019" status="1" />
    <testcase name="DemoNicQualifierVerify (Loopback,False,172.31.4.1,255.255.248.0,True,False)" classname="Philips.PMP.Test.Auto.DemoNicQualifierTest" time="0.016" status="1" />
    <testcase name="DemoNicQualifierVerify (Loopback,False,10.0.0.4,255.255.248.0,True,False)" classname="Philips.PMP.Test.Auto.DemoNicQualifierTest" time="0.004" status="1" />
    <testcase name="DemoNicQualifierVerify (Loopback,False,172.31.4.1,255.255.254.0,True,False)" classname="Philips.PMP.Test.Auto.DemoNicQualifierTest" time="0.002" status="1" />
    <testcase name="DemoNicQualifierVerify (Loopback,False,172.31.4.1,255.255.254.0,True,False)" classname="Philips.PMP.Test.Auto.DemoNicQualifierTest" time="0.002" status="1" />
    <testcase name="DemoNicQualifierVerify (Loopback,False,172.31.4.1,255.255.248.0,False,False)" classname="Philips.PMP.Test.Auto.DemoNicQualifierTest" time="0.008" status="1" />
    <testcase name="DemoNicQualifierVerify (Loopback,False,10.0.0.4,255.255.248.0,False,False)" classname="Philips.PMP.Test.Auto.DemoNicQualifierTest" time="0.004" status="1" />
    <testcase name="DemoNicQualifierVerify (Loopback,False,172.31.4.1,255.255.254.0,False,False)" classname="Philips.PMP.Test.Auto.DemoNicQualifierTest" time="0.012" status="1" />
    <testcase name="DemoNicQualifierVerify (Loopback,False,172.31.4.1,255.255.254.0,False,False)" classname="Philips.PMP.Test.Auto.DemoNicQualifierTest" time="0.004" status="1" />
    <testcase name="DemoNicQualifierVerify (Loopback,True,172.31.4.1,255.255.248.0,True,True)" classname="Philips.PMP.Test.Auto.DemoNicQualifierTest" time="0.003" status="1" />
    <testcase name="DemoNicQualifierVerify (Loopback,True,10.0.0.4,255.255.248.0,True,False)" classname="Philips.PMP.Test.Auto.DemoNicQualifierTest" time="0.001" status="1" />
    <testcase name="DemoNicQualifierVerify (Loopback,True,172.31.4.1,255.255.254.0,True,False)" classname="Philips.PMP.Test.Auto.DemoNicQualifierTest" time="0.001" status="1" />
    <testcase name="DemoNicQualifierVerify (Loopback,True,172.31.4.1,255.255.254.0,True,False)" classname="Philips.PMP.Test.Auto.DemoNicQualifierTest" time="0.001" status="1" />
    <testcase name="DemoNicQualifierVerify (Loopback,True,172.31.4.1,255.255.248.0,False,True)" classname="Philips.PMP.Test.Auto.DemoNicQualifierTest" time="0.001" status="1" />
    <testcase name="DemoNicQualifierVerify (Loopback,True,10.0.0.4,255.255.248.0,False,False)" classname="Philips.PMP.Test.Auto.DemoNicQualifierTest" time="0.001" status="1" />
    <testcase name="DemoNicQualifierVerify (Loopback,True,172.31.4.1,255.255.254.0,False,False)" classname="Philips.PMP.Test.Auto.DemoNicQualifierTest" time="0.008" status="1" />
    <testcase name="DemoNicQualifierVerify (Loopback,True,172.31.4.1,255.255.254.0,False,False)" classname="Philips.PMP.Test.Auto.DemoNicQualifierTest" time="0.021" status="1" />
    <testcase name="DemoTestsUseWrongInformation" classname="Philips.PMP.Test.Auto.DemoNicQualifierTest" time="0.001" status="1" />
    <testcase name="DemoNicQualifierIsCorrectable" classname="Philips.PMP.Test.Auto.DemoNicQualifierTest" time="0.369" status="1" />
    <testcase name="DemoNicQualifierCorrect (Dhcp,False,172.31.4.1,255.255.248.0,False)" classname="Philips.PMP.Test.Auto.DemoNicQualifierTest" time="0.032" status="1" />
    <testcase name="DemoNicQualifierCorrect (Dhcp,False,10.0.0.4,255.255.248.0,True)" classname="Philips.PMP.Test.Auto.DemoNicQualifierTest" time="0.044" status="1" />
    <testcase name="DemoNicQualifierCorrect (Dhcp,False,172.31.4.1,255.255.254.0,True)" classname="Philips.PMP.Test.Auto.DemoNicQualifierTest" time="0.002" status="1" />
    <testcase name="DemoNicQualifierCorrect (Dhcp,False,10.0.0.4,255.255.254.0,True)" classname="Philips.PMP.Test.Auto.DemoNicQualifierTest" time="0.002" status="1" />
    <testcase name="DemoNicQualifierCorrect (Dhcp,True,172.31.4.1,255.255.248.0,False)" classname="Philips.PMP.Test.Auto.DemoNicQualifierTest" time="0.001" status="1" />
    <testcase name="DemoNicQualifierCorrect (Dhcp,True,10.0.0.4,255.255.248.0,True)" classname="Philips.PMP.Test.Auto.DemoNicQualifierTest" time="0.002" status="1" />
    <testcase name="DemoNicQualifierCorrect (Dhcp,True,172.31.4.1,255.255.254.0,True)" classname="Philips.PMP.Test.Auto.DemoNicQualifierTest" time="0.001" status="1" />
    <testcase name="DemoNicQualifierCorrect (Dhcp,True,10.0.0.4,255.255.254.0,True)" classname="Philips.PMP.Test.Auto.DemoNicQualifierTest" time="0.002" status="1" />
    <testcase name="DemoNicQualifierCorrect (Loopback,False,172.31.4.1,255.255.248.0,False)" classname="Philips.PMP.Test.Auto.DemoNicQualifierTest" time="0.002" status="1" />
    <testcase name="DemoNicQualifierCorrect (Loopback,False,10.0.0.4,255.255.248.0,True)" classname="Philips.PMP.Test.Auto.DemoNicQualifierTest" time="0.002" status="1" />
    <testcase name="DemoNicQualifierCorrect (Loopback,False,172.31.4.1,255.255.254.0,True)" classname="Philips.PMP.Test.Auto.DemoNicQualifierTest" time="0.002" status="1" />
    <testcase name="DemoNicQualifierCorrect (Loopback,False,172.31.4.1,255.255.254.0,True)" classname="Philips.PMP.Test.Auto.DemoNicQualifierTest" time="0.002" status="1" />
    <testcase name="DemoNicQualifierCorrect (Loopback,True,172.31.4.1,255.255.248.0,False)" classname="Philips.PMP.Test.Auto.DemoNicQualifierTest" time="0.002" status="1" />
    <testcase name="DemoNicQualifierCorrect (Loopback,True,10.0.0.4,255.255.248.0,True)" classname="Philips.PMP.Test.Auto.DemoNicQualifierTest" time="0.002" status="1" />
    <testcase name="DemoNicQualifierCorrect (Loopback,True,172.31.4.1,255.255.254.0,True)" classname="Philips.PMP.Test.Auto.DemoNicQualifierTest" time="0.002" status="1" />
    <testcase name="DemoNicQualifierCorrect (Loopback,True,172.31.4.1,255.255.254.0,True)" classname="Philips.PMP.Test.Auto.DemoNicQualifierTest" time="0.027" status="1" />
    <testcase name="DemoNicQualifierVerifyByQualificationGroup (ApplicationValidation,Loopback)" classname="Philips.PMP.Test.Auto.DemoNicQualifierTest" time="0.002" status="1" />
    <testcase name="DemoNicQualifierVerifyByQualificationGroup (ApplicationValidation,Dhcp)" classname="Philips.PMP.Test.Auto.DemoNicQualifierTest" time="0.001" status="1" />
    <testcase name="DemoNicQualifierVerifyByQualificationGroup (HostQualification,Loopback)" classname="Philips.PMP.Test.Auto.DemoNicQualifierTest" time="0.001" status="1" />
    <testcase name="DemoNicQualifierVerifyByQualificationGroup (HostQualification,Dhcp)" classname="Philips.PMP.Test.Auto.DemoNicQualifierTest" time="0.001" status="1" />
    <system-out />
    <system-err />
  </testsuite>
  <testsuite name="Philips.PMP.Test.Auto.DisplayControllerProviderTest" hostname="RESTORMEL" package="not available" id="783" tests="3" failures="0" errors="0" skipped="0" time="0.159" timestamp="2023-12-13T03:31:38">
    <properties />
    <testcase name="GetDisplaySettings" classname="Philips.PMP.Test.Auto.DisplayControllerProviderTest" time="0.098" status="1" />
    <testcase name="GetMultiPaientViewApplcation" classname="Philips.PMP.Test.Auto.DisplayControllerProviderTest" time="0.007" status="1" />
    <testcase name="ModifyDisplaySettings" classname="Philips.PMP.Test.Auto.DisplayControllerProviderTest" time="0.055" status="1" />
    <system-out />
    <system-err />
  </testsuite>
  <testsuite name="Philips.IX.UserManagement.Test.UserManagementDataTest" hostname="RESTORMEL" package="not available" id="784" tests="5" failures="0" errors="0" skipped="0" time="0.011" timestamp="2023-12-13T03:39:03">
    <properties />
    <testcase name="UserManagementPasswordDataTest1" classname="Philips.IX.UserManagement.Test.UserManagementDataTest" time="0.001" status="1" />
    <testcase name="UserManagementPasswordDataTest2" classname="Philips.IX.UserManagement.Test.UserManagementDataTest" time="0.001" status="1" />
    <testcase name="UserManagementActionDataTest" classname="Philips.IX.UserManagement.Test.UserManagementDataTest" time="0.009" status="1" />
    <testcase name="UserManagementPinDataTest" classname="Philips.IX.UserManagement.Test.UserManagementDataTest" time="0.001" status="1" />
    <testcase name="UserManagementUniqueIdDataTest" classname="Philips.IX.UserManagement.Test.UserManagementDataTest" time="0.001" status="1" />
    <system-out />
    <system-err />
  </testsuite>
  <testsuite name="Philips.PMP.Test.Auto.ReportWebHelperTests" hostname="RESTORMEL" package="not available" id="785" tests="1" failures="0" errors="0" skipped="0" time="0.100" timestamp="2023-12-13T03:29:42">
    <properties />
    <testcase name="RedirectOnInvalidSessionTests" classname="Philips.PMP.Test.Auto.ReportWebHelperTests" time="0.100" status="1" />
    <system-out />
    <system-err />
  </testsuite>
  <testsuite name="Philips.PMP.Test.Auto.PatientDataExportConfigControlTest" hostname="RESTORMEL" package="not available" id="786" tests="14" failures="0" errors="0" skipped="0" time="2.676" timestamp="2023-12-13T03:34:42">
    <properties />
    <testcase name="PdxConnectionConfigIsEncryptedEqualityTest (True,True,True)" classname="Philips.PMP.Test.Auto.PatientDataExportConfigControlTest" time="0.007" status="1" />
    <testcase name="PdxConnectionConfigIsEncryptedEqualityTest (True,False,False)" classname="Philips.PMP.Test.Auto.PatientDataExportConfigControlTest" time="0.008" status="1" />
    <testcase name="PdxConnectionConfigIsEncryptedEqualityTest (False,False,True)" classname="Philips.PMP.Test.Auto.PatientDataExportConfigControlTest" time="0.005" status="1" />
    <testcase name="PatientDataExportDisplayMultipleDestinationsTest (0)" classname="Philips.PMP.Test.Auto.PatientDataExportConfigControlTest" time="0.045" status="1" />
    <testcase name="PatientDataExportDisplayMultipleDestinationsTest (1)" classname="Philips.PMP.Test.Auto.PatientDataExportConfigControlTest" time="0.037" status="1" />
    <testcase name="PatientDataExportDisplayMultipleDestinationsTest (2)" classname="Philips.PMP.Test.Auto.PatientDataExportConfigControlTest" time="0.041" status="1" />
    <testcase name="PatientDataExportServerConfigByBedTest" classname="Philips.PMP.Test.Auto.PatientDataExportConfigControlTest" time="0.299" status="1" />
    <testcase name="PatientDataExportServerConfigByUnitTest" classname="Philips.PMP.Test.Auto.PatientDataExportConfigControlTest" time="0.312" status="1" />
    <testcase name="DisplayConfigDataTest" classname="Philips.PMP.Test.Auto.PatientDataExportConfigControlTest" time="0.395" status="1" />
    <testcase name="PatientDataExportServerConfigByHostTest" classname="Philips.PMP.Test.Auto.PatientDataExportConfigControlTest" time="0.405" status="1" />
    <testcase name="PdxConnectionConfigDoesNotSaveWhenValidationFailsAsync" classname="Philips.PMP.Test.Auto.PatientDataExportConfigControlTest" time="0.512" status="1" />
    <testcase name="DisplayConfigDataMultiInstitutionTest" classname="Philips.PMP.Test.Auto.PatientDataExportConfigControlTest" time="0.292" status="1" />
    <testcase name="PdxConnectionConfigAllowsEdittingOfExistingConnection" classname="Philips.PMP.Test.Auto.PatientDataExportConfigControlTest" time="0.062" status="1" />
    <testcase name="PatientDataExportServerConfigTest" classname="Philips.PMP.Test.Auto.PatientDataExportConfigControlTest" time="0.257" status="1" />
    <system-out />
    <system-err />
  </testsuite>
  <testsuite name="Philips.PMP.Test.Auto.FreseniusMultiFiltrateTest" hostname="RESTORMEL" package="not available" id="787" tests="12" failures="0" errors="0" skipped="0" time="4.722" timestamp="2023-12-13T03:34:17">
    <properties />
    <testcase name="FreseniusMultiFiltrateProDeviceAsyncTcpConnectorTest" classname="Philips.PMP.Test.Auto.FreseniusMultiFiltrateTest" time="0.002" status="1" />
    <testcase name="FreseniusMultiFiltrateDeviceAsyncTcpConnectorTest" classname="Philips.PMP.Test.Auto.FreseniusMultiFiltrateTest" time="0.003" status="1" />
    <testcase name="FreseniusMultiFiltrateCrcValidationTests (&lt;Rec crc=&quot;6FDE&quot;&gt;&lt;Ver&gt;1&lt;/Ver&gt;&lt;DtTm&gt;2017-07-18T10:25:57&lt;/DtTm&gt;&lt;Type&gt;1&lt;/Type&gt;&lt;Prm&gt;&lt;Id&gt;TSMFTH&lt;/Id&gt;&lt;Val&gt;e&lt;/Val&gt;&lt;/Prm&gt;&lt;Prm&gt;&lt;Id&gt;DSCCAC&lt;/Id&gt;&lt;Val&gt;1&lt;/Val&gt;&lt;/Prm&gt;&lt;Prm&gt;&lt;Id&gt;ADCAID&lt;/Id&gt;&lt;Val&gt;&lt;/Val&gt;&lt;/Prm&gt;&lt;Prm&gt;&lt;Id&gt;ADPUID&lt;/Id&gt;&lt;Val&gt;&lt;/Val&gt;&lt;/Prm&gt;&lt;Prm&gt;&lt;Id&gt;TSDVNM&lt;/Id&gt;&lt;Val&gt;multi&lt;/Val&gt;&lt;/Prm&gt;&lt;Prm&gt;&lt;Id&gt;TSSRNB&lt;/Id&gt;&lt;Val&gt;5FTG0175&lt;/Val&gt;&lt;/Prm&gt;&lt;__DelayInSecondsNext&gt;0&lt;/__DelayInSecondsNext&gt;&lt;__DtTm_RFC3339&gt;2017-07-18T10:25:57Z&lt;/__DtTm_RFC3339&gt;&lt;__SequenceNumber&gt;0&lt;/__SequenceNumber&gt;&lt;/Rec&gt;,multiFiltratePRO,True)" classname="Philips.PMP.Test.Auto.FreseniusMultiFiltrateTest" time="0.004" status="1" />
    <testcase name="FreseniusMultiFiltrateCrcValidationTests (&lt;Rec crc=&quot;5&quot;&gt;&lt;Ver&gt;1&lt;/Ver&gt;&lt;DtTm&gt;2017-07-18T10:17:15&lt;/DtTm&gt;&lt;Type&gt;1&lt;/Type&gt;&lt;Prm&gt;&lt;Id&gt;TSMFBA&lt;/Id&gt;&lt;Val&gt;r&lt;/Val&gt;&lt;/Prm&gt;&lt;Prm&gt;&lt;Id&gt;TSMFTH&lt;/Id&gt;&lt;Val&gt;a&lt;/Val&gt;&lt;/Prm&gt;&lt;Prm&gt;&lt;Id&gt;TSSRNB&lt;/Id&gt;&lt;Val&gt;0MUG0005&lt;/Val&gt;&lt;/Prm&gt;&lt;Prm&gt;&lt;Id&gt;TSSECO&lt;/Id&gt;&lt;Val&gt;EC:0007&lt;/Val&gt;&lt;/Prm&gt;&lt;Prm&gt;&lt;Id&gt;TSOPHR&lt;/Id&gt;&lt;Val&gt;552:05&lt;/Val&gt;&lt;/Prm&gt;&lt;Prm&gt;&lt;Id&gt;TSBSLB&lt;/Id&gt;&lt;Val&gt;133&lt;/Val&gt;&lt;/Prm&gt;&lt;/Rec&gt;,multiFiltratePRO,False)" classname="Philips.PMP.Test.Auto.FreseniusMultiFiltrateTest" time="0.002" status="1" />
    <testcase name="FreseniusMultiFiltrateCrcValidationTests (&lt;Rec crc=&quot;55E5&quot;&gt;&lt;Ver&gt;1&lt;/Ver&gt;&lt;DtTm&gt;2017-07-18T10:17:15&lt;/DtTm&gt;&lt;Type&gt;1&lt;/Type&gt;&lt;Prm&gt;&lt;Id&gt;TSMFBA&lt;/Id&gt;&lt;Val&gt;r&lt;/Val&gt;&lt;/Prm&gt;&lt;Prm&gt;&lt;Id&gt;TSMFTH&lt;/Id&gt;&lt;Val&gt;a&lt;/Val&gt;&lt;/Prm&gt;&lt;Prm&gt;&lt;Id&gt;TSSRNB&lt;/Id&gt;&lt;Val&gt;0MUG0005&lt;/Val&gt;&lt;/Prm&gt;&lt;Prm&gt;&lt;Id&gt;TSSECO&lt;/Id&gt;&lt;Val&gt;EC:0007&lt;/Val&gt;&lt;/Prm&gt;&lt;Prm&gt;&lt;Id&gt;TSOPHR&lt;/Id&gt;&lt;Val&gt;552:05&lt;/Val&gt;&lt;/Prm&gt;&lt;Prm&gt;&lt;Id&gt;TSBSLB&lt;/Id&gt;&lt;Val&gt;133&lt;/Val&gt;&lt;/Prm&gt;&lt;Prm&gt;&lt;Id&gt;TSBSLS&lt;/Id&gt;&lt;Val&gt;112&lt;/Val&gt;&lt;/Prm&gt;&lt;Prm&gt;&lt;Id&gt;ADPUID&lt;/Id&gt;&lt;Val&gt;&lt;/Val&gt;&lt;/Prm&gt;&lt;Prm&gt;&lt;Id&gt;ADCAID&lt;/Id&gt;&lt;Val&gt;&lt;/Val&gt;&lt;/Prm&gt;&lt;__DelayInSecondsNext&gt;24&lt;/__DelayInSecondsNext&gt;&lt;__DtTm_RFC3339&gt;2017-07-18T10:17:15Z&lt;/__DtTm_RFC3339&gt;&lt;__SequenceNumber&gt;1&lt;/__SequenceNumber&gt;&lt;/Rec&gt;,MultiFiltrate,True)" classname="Philips.PMP.Test.Auto.FreseniusMultiFiltrateTest" time="0.000" status="1" />
    <testcase name="FreseniusMultiFiltrateCrcValidationTests (&lt;Rec crc=&quot;&quot;&gt;&lt;Ver&gt;1&lt;/Ver&gt;&lt;DtTm&gt;2017-07-18T10:17:15&lt;/DtTm&gt;&lt;/Rec&gt;,MultiFiltrate,False)" classname="Philips.PMP.Test.Auto.FreseniusMultiFiltrateTest" time="0.001" status="1" />
    <testcase name="FreseniusMultiFiltrateUpdateAlert (True,7203)" classname="Philips.PMP.Test.Auto.FreseniusMultiFiltrateTest" time="0.073" status="1" />
    <testcase name="FreseniusMultiFiltrateUpdateAlert (False,66)" classname="Philips.PMP.Test.Auto.FreseniusMultiFiltrateTest" time="0.001" status="1" />
    <testcase name="FreseniusMultifiltrateExtractMesssageTest" classname="Philips.PMP.Test.Auto.FreseniusMultiFiltrateTest" time="0.002" status="1" />
    <testcase name="FreseniusMultiFiltrateEnumParseDataTest" classname="Philips.PMP.Test.Auto.FreseniusMultiFiltrateTest" time="0.002" status="1" />
    <testcase name="FreseniusMultifiltrateDriverTest (Philips.PIC.IbsDrivers.FreseniusMultifiltrateDriver)" classname="Philips.PMP.Test.Auto.FreseniusMultiFiltrateTest" time="2.251" status="1" />
    <testcase name="FreseniusMultifiltrateDriverTest (Philips.PIC.IbsDrivers.FreseniusMultifiltrateProDriver)" classname="Philips.PMP.Test.Auto.FreseniusMultiFiltrateTest" time="2.381" status="1" />
    <system-out />
    <system-err />
  </testsuite>
  <testsuite name="Philips.PMP.Test.Auto.HostAccessSettingsProviderTest" hostname="RESTORMEL" package="not available" id="788" tests="2" failures="0" errors="0" skipped="0" time="0.314" timestamp="2023-12-13T03:32:41">
    <properties />
    <testcase name="HostAcessCacheTest" classname="Philips.PMP.Test.Auto.HostAccessSettingsProviderTest" time="0.002" status="1" />
    <testcase name="HostAcessPortalAssignmentTest" classname="Philips.PMP.Test.Auto.HostAccessSettingsProviderTest" time="0.312" status="1" />
    <system-out />
    <system-err />
  </testsuite>
  <testsuite name="Philips.PMP.Test.Auto.MorbalPhysioUploadConnectionTest" hostname="RESTORMEL" package="not available" id="789" tests="4" failures="0" errors="0" skipped="0" time="0.043" timestamp="2023-12-13T03:36:46">
    <properties />
    <testcase name="MorbalPhysioUploadConnectionMultipleStops (False,False)" classname="Philips.PMP.Test.Auto.MorbalPhysioUploadConnectionTest" time="0.025" status="1" />
    <testcase name="MorbalPhysioUploadConnectionMultipleStops (True,False)" classname="Philips.PMP.Test.Auto.MorbalPhysioUploadConnectionTest" time="0.001" status="1" />
    <testcase name="MorbalPhysioUploadConnectionMultipleStops (True,True)" classname="Philips.PMP.Test.Auto.MorbalPhysioUploadConnectionTest" time="0.000" status="1" />
    <testcase name="DoesUnmappableTimeCauseCrash" classname="Philips.PMP.Test.Auto.MorbalPhysioUploadConnectionTest" time="0.017" status="1" />
    <system-out />
    <system-err />
  </testsuite>
  <testsuite name="Philips.PMP.Test.Auto.RfidInputMgrTest" hostname="RESTORMEL" package="not available" id="790" tests="7" failures="0" errors="0" skipped="0" time="0.793" timestamp="2023-12-13T03:38:23">
    <properties />
    <testcase name="RfidInputMgrInitializeSimulator (False)" classname="Philips.PMP.Test.Auto.RfidInputMgrTest" time="0.053" status="1" />
    <testcase name="RfidInputMgrInitializeSimulator (True)" classname="Philips.PMP.Test.Auto.RfidInputMgrTest" time="0.050" status="1" />
    <testcase name="RfidInputMgrInitializeRetry" classname="Philips.PMP.Test.Auto.RfidInputMgrTest" time="0.047" status="1" />
    <testcase name="RfidInputMgrConfigChange" classname="Philips.PMP.Test.Auto.RfidInputMgrTest" time="0.194" status="1" />
    <testcase name="RfidInputMgrInitialize (False,False,0,0,0)" classname="Philips.PMP.Test.Auto.RfidInputMgrTest" time="0.342" status="1" />
    <testcase name="RfidInputMgrInitialize (True,False,0,0,1)" classname="Philips.PMP.Test.Auto.RfidInputMgrTest" time="0.050" status="1" />
    <testcase name="RfidInputMgrInitialize (True,True,1,1,0)" classname="Philips.PMP.Test.Auto.RfidInputMgrTest" time="0.058" status="1" />
    <system-out />
    <system-err />
  </testsuite>
  <testsuite name="Philips.PMP.LicenseService.Test.UnitLicenseAssignmentDeterminerTest" hostname="RESTORMEL" package="not available" id="791" tests="4" failures="0" errors="0" skipped="0" time="0.041" timestamp="2023-12-13T03:29:17">
    <properties />
    <testcase name="GetAvailableBedCountsTest (0,0)" classname="Philips.PMP.LicenseService.Test.UnitLicenseAssignmentDeterminerTest" time="0.003" status="1" />
    <testcase name="GetAvailableBedCountsTest (32,10)" classname="Philips.PMP.LicenseService.Test.UnitLicenseAssignmentDeterminerTest" time="0.002" status="1" />
    <testcase name="CanAssignBedTest (32,True)" classname="Philips.PMP.LicenseService.Test.UnitLicenseAssignmentDeterminerTest" time="0.034" status="1" />
    <testcase name="CanAssignBedTest (2,False)" classname="Philips.PMP.LicenseService.Test.UnitLicenseAssignmentDeterminerTest" time="0.001" status="1" />
    <system-out />
    <system-err />
  </testsuite>
  <testsuite name="Philips.PMP.Test.Auto.DbSyncProviderTest" hostname="RESTORMEL" package="not available" id="792" tests="9" failures="0" errors="0" skipped="0" time="1.523" timestamp="2023-12-13T03:31:31">
    <properties />
    <testcase name="DbSyncIsNeeded (True,True,1,10,True)" classname="Philips.PMP.Test.Auto.DbSyncProviderTest" time="0.005" status="1" />
    <testcase name="DbSyncIsNeeded (True,True,1,1,False)" classname="Philips.PMP.Test.Auto.DbSyncProviderTest" time="0.001" status="1" />
    <testcase name="DbSyncIsNeeded (True,False,0,0,True)" classname="Philips.PMP.Test.Auto.DbSyncProviderTest" time="0.003" status="1" />
    <testcase name="DbSyncIsNeeded (False,True,0,0,False)" classname="Philips.PMP.Test.Auto.DbSyncProviderTest" time="0.001" status="1" />
    <testcase name="DbSyncIsNeeded (False,False,0,0,False)" classname="Philips.PMP.Test.Auto.DbSyncProviderTest" time="0.001" status="1" />
    <testcase name="DbSyncSettingsTest" classname="Philips.PMP.Test.Auto.DbSyncProviderTest" time="0.333" status="1" />
    <testcase name="PreparePhysioHistorySyncContextTest" classname="Philips.PMP.Test.Auto.DbSyncProviderTest" time="0.291" status="1" />
    <testcase name="DbSyncChaneTrackingTest (True)" classname="Philips.PMP.Test.Auto.DbSyncProviderTest" time="0.743" status="1" />
    <testcase name="DbSyncChaneTrackingTest (False)" classname="Philips.PMP.Test.Auto.DbSyncProviderTest" time="0.144" status="1" />
    <system-out />
    <system-err />
  </testsuite>
  <testsuite name="Philips.PMP.Test.Auto.LogonControlPasswordEditControlTest" hostname="RESTORMEL" package="not available" id="793" tests="8" failures="0" errors="0" skipped="0" time="0.186" timestamp="2023-12-13T03:38:18">
    <properties />
    <testcase name="PasswordEditTest (OG_Password,badguess,a,a,True,IncorrectOldPassword)" classname="Philips.PMP.Test.Auto.LogonControlPasswordEditControlTest" time="0.026" status="1" />
    <testcase name="PasswordEditTest (OG_Password,OG_Password,OG_Password,OG_Password,True,PasswordMustChange)" classname="Philips.PMP.Test.Auto.LogonControlPasswordEditControlTest" time="0.016" status="1" />
    <testcase name="PasswordEditTest (OG_Password,OG_Password,invalid,invalid,True,PasswordInvalid)" classname="Philips.PMP.Test.Auto.LogonControlPasswordEditControlTest" time="0.024" status="1" />
    <testcase name="PasswordEditTest (OG_Password,OG_Password,Val1dP@ssword,notmatching,True,PasswordsMustMatch)" classname="Philips.PMP.Test.Auto.LogonControlPasswordEditControlTest" time="0.024" status="1" />
    <testcase name="PasswordEditTest (OG_Password,OG_Password,Val1dP@ssword,Val1dP@ssword,True,Valid)" classname="Philips.PMP.Test.Auto.LogonControlPasswordEditControlTest" time="0.025" status="1" />
    <testcase name="PasswordEditTest (OG_Password,badguess,Val1dP@ssword,Val1dP@ssword,False,Valid)" classname="Philips.PMP.Test.Auto.LogonControlPasswordEditControlTest" time="0.029" status="1" />
    <testcase name="PasswordEditTest (OG_Password,badguess,invalid,invalid,False,PasswordInvalid)" classname="Philips.PMP.Test.Auto.LogonControlPasswordEditControlTest" time="0.019" status="1" />
    <testcase name="PasswordEditTest (OG_Password,badguess,Val1dP@ssword,notmatching,False,PasswordsMustMatch)" classname="Philips.PMP.Test.Auto.LogonControlPasswordEditControlTest" time="0.023" status="1" />
    <system-out />
    <system-err />
  </testsuite>
  <testsuite name="Philips.PMP.Test.Auto.SharedAssignmentCaregiverGetterTest" hostname="RESTORMEL" package="not available" id="794" tests="3" failures="0" errors="0" skipped="0" time="0.016" timestamp="2023-12-13T03:29:48">
    <properties />
    <testcase name="GetSharedAssignmentsForBedShouldGetCaregivers (0,False)" classname="Philips.PMP.Test.Auto.SharedAssignmentCaregiverGetterTest" time="0.005" status="1" />
    <testcase name="GetSharedAssignmentsForBedShouldGetCaregivers (1,True)" classname="Philips.PMP.Test.Auto.SharedAssignmentCaregiverGetterTest" time="0.004" status="1" />
    <testcase name="GetSharedAssignmentsForBedShouldGetCaregivers (4,True)" classname="Philips.PMP.Test.Auto.SharedAssignmentCaregiverGetterTest" time="0.007" status="1" />
    <system-out />
    <system-err />
  </testsuite>
  <testsuite name="Philips.PMP.Test.Auto.ScheduleProviderTest" hostname="RESTORMEL" package="not available" id="795" tests="1" failures="0" errors="0" skipped="0" time="0.016" timestamp="2023-12-13T03:33:26">
    <properties />
    <testcase name="ScheduleProviderStoreTest" classname="Philips.PMP.Test.Auto.ScheduleProviderTest" time="0.016" status="1" />
    <system-out />
    <system-err />
  </testsuite>
  <testsuite name="Philips.PMP.Test.Auto.ActiveDirectoryControlTest" hostname="RESTORMEL" package="not available" id="796" tests="3" failures="0" errors="0" skipped="0" time="0.161" timestamp="2023-12-13T03:30:12">
    <properties />
    <testcase name="ActiveDirectoryControlRefreshView" classname="Philips.PMP.Test.Auto.ActiveDirectoryControlTest" time="0.115" status="1" />
    <testcase name="ActiveDirectoryControlCanBeReadOnly (True)" classname="Philips.PMP.Test.Auto.ActiveDirectoryControlTest" time="0.021" status="1" />
    <testcase name="ActiveDirectoryControlCanBeReadOnly (False)" classname="Philips.PMP.Test.Auto.ActiveDirectoryControlTest" time="0.025" status="1" />
    <system-out />
    <system-err />
  </testsuite>
  <testsuite name="Philips.PIC.DevTools.Test.PatientTraffickerTest" hostname="RESTORMEL" package="not available" id="797" tests="8" failures="0" errors="0" skipped="0" time="0.709" timestamp="2023-12-13T03:28:57">
    <properties />
    <testcase name="PatientTraffickerConvertsAverageStayDuration" classname="Philips.PIC.DevTools.Test.PatientTraffickerTest" time="0.470" status="1" />
    <testcase name="PatientTraffickerDischargesRandomPatients" classname="Philips.PIC.DevTools.Test.PatientTraffickerTest" time="0.051" status="1" />
    <testcase name="PatientTraffickerUpdatesDueTimeBasedOnNumberOfPatients" classname="Philips.PIC.DevTools.Test.PatientTraffickerTest" time="0.002" status="1" />
    <testcase name="PatientTraffickerGetsPatients" classname="Philips.PIC.DevTools.Test.PatientTraffickerTest" time="0.145" status="1" />
    <testcase name="PatientTraffickerCustomizesNewPatient (True,True)" classname="Philips.PIC.DevTools.Test.PatientTraffickerTest" time="0.030" status="1" />
    <testcase name="PatientTraffickerCustomizesNewPatient (True,False)" classname="Philips.PIC.DevTools.Test.PatientTraffickerTest" time="0.004" status="1" />
    <testcase name="PatientTraffickerCustomizesNewPatient (False,True)" classname="Philips.PIC.DevTools.Test.PatientTraffickerTest" time="0.004" status="1" />
    <testcase name="PatientTraffickerCustomizesNewPatient (False,False)" classname="Philips.PIC.DevTools.Test.PatientTraffickerTest" time="0.003" status="1" />
    <system-out />
    <system-err />
  </testsuite>
  <testsuite name="Philips.PMP.Test.Auto.IheUnitDataHandlerTest" hostname="RESTORMEL" package="not available" id="798" tests="7" failures="0" errors="0" skipped="0" time="0.012" timestamp="2023-12-13T03:29:45">
    <properties />
    <testcase name="IntelliBridgeIHEUnitCodeTest (\u000bMSH|^~\&amp;|TrueVueConnect|PRISMAX301@192.168.0.201_3002|RecApp|RecvFacility|20141111213132||ORU^R01^ORU_R01|20141111213132|P|2.5|||AL|AL|&#xD;PID|1||123456|&#xD;PV1|1|R|^^^^^^^^PRISMAX_15|R||||||MED||||9|||||20190712040512^^^LOCAL^^^|&#xD;OBR|1|||37491^Message:Dialysis^LOINC|||20141111204238|||PRISMAX_15||||20141111213132||||||CVVHDF|TREATMENT|&#xD;OBX|8|NM|157784^MDC_FLOW_FLUID_PUMP^MDC|1.1.1.13|1.05|newUnit^newUnit^UCUM|||||\u001c&#xD;,BDAIC,0,0,)" classname="Philips.PMP.Test.Auto.IheUnitDataHandlerTest" time="0.001" status="1" />
    <testcase name="IntelliBridgeIHEUnitCodeTest (\u000bMSH|^~\&amp;|TrueVueConnect|PRISMAX301@192.168.0.201_3002|RecApp|RecvFacility|20141111213132||ORU^R01^ORU_R01|20141111213132|P|2.5|||AL|AL|&#xD;PID|1||123456|&#xD;PV1|1|R|^^^^^^^^PRISMAX_15|R||||||MED||||9|||||20190712040512^^^LOCAL^^^|&#xD;OBR|1|||37491^Message:Dialysis^LOINC|||20141111204238|||PRISMAX_15||||20141111213132||||||CVVHDF|TREATMENT|&#xD;OBX|8|NM|157784^MDC_FLOW_FLUID_PUMP^MDC|1.1.1.13|1.05|mL/h^mL/h^UCUM|||||\u001c&#xD;,BDAIC,3122,265266,)" classname="Philips.PMP.Test.Auto.IheUnitDataHandlerTest" time="0.000" status="1" />
    <testcase name="IntelliBridgeIHEUnitCodeTest (\u000bMSH|^~\&amp;|TrueVueConnect|PRISMAX301@192.168.0.201_3002|RecApp|RecvFacility|20141111213132||ORU^R01^ORU_R01|20141111213132|P|2.5|||AL|AL|&#xD;PID|1||123456|&#xD;PV1|1|R|^^^^^^^^PRISMAX_15|R||||||MED||||9|||||20190712040512^^^LOCAL^^^|&#xD;OBR|1|||37491^Message:Dialysis^LOINC|||20141111204238|||PRISMAX_15||||20141111213132||||||CVVHDF|TREATMENT|&#xD;OBX|8|NM|157784^MDC_FLOW_FLUID_PUMP^MDC|1.1.1.13|1.05|265266^MDC_DIM_MILLI_L_PER_HR^MDC^mL/h^mL/h^UCUM|||||\u001c&#xD;,BDAIC,3122,265266,)" classname="Philips.PMP.Test.Auto.IheUnitDataHandlerTest" time="0.001" status="1" />
    <testcase name="IntelliBridgeIHEUnitCodeTest (\u000bMSH|^~\&amp;|DATACAPTOR||||20230607225244.739+0530||ORU^R01^ORU_R01|jaiho_00031a919b3c00026487|P|2.6|||NE|NE||UNICODE UTF-8|||IHE_PCD_001^IHE PCD^1.3.6.1.4.1.19376.1.6.1.1.1^ISO~IHEPCD0104_MDIL V1 EN_11.6.0.247^CAPSULE|&#xD;PID|||||^^^^^^U|&#xD;PV1||I|Location4|&#xD;OBR|1||jaiho_00031a919b3b000264cb^CAPSULE^67F2B49882EC496A^EUI-64|182777000^monitoring of patient^SCT|||20230607225243.687+0530|||Location4|||Bed1||||||||DMMTesting_5.3.4.27_DMM Testing 1_  CapsuleTech internal testing  _{1EC7873B-4DFE-49BF-BDE5-A4EF1D6B96D6}|&#xD;OBX|4|NM|157784^NOM_RATE_INFUS^MDIL^^^^^^InRate|1.1.1.1|1|265266^NOM_DIM_MILLI_L_PER_HR^MDIL^^^^^^ml/h|||||F|||20230607225243.687+0530||||Bed1|\u001c&#xD;,CapsuleMDIP,3122,265266,)" classname="Philips.PMP.Test.Auto.IheUnitDataHandlerTest" time="0.001" status="1" />
    <testcase name="IntelliBridgeIHEUnitCodeTest (\u000bMSH|^~\&amp;|PAT_DEVICE_BBRAUN^0012211839000001^EUI-64|BBRAUN|DOC_AM_TEST|BB1|20220523142113+0000||ORU^R01^ORU_R01|63788912473382465025|P|2.6|||AL|NE||ASCII|en^English^ISO639||IHE_PCD_001^IHE PCD^1.3.6.1.4.1.19376.1.6.4.1^ISO&#xD;PID|||Unknown Patient^Unknown Patient||^^^^^^U||||||||||||||||||||||||||Y|&#xD;PV1|1|R|^^^^^^^^PRISMAX_15|R||||||MED||||9|||||20190712040512^^^LOCAL^^^|&#xD;OBR|1|029d53e1-daa3-11ec-8487-c0ee400d168f^PAT_DEVICE_BBRAUN^0012211839000001^EUI-64|029d53e1-daa3-11ec-8487-c0ee400d168f^PAT_DEVICE_BBRAUN^0012211839000001^EUI-64|Dobutamine^Dobutamine|||20220523142039+0000&#xD;OBX|16|NM|157784^MDC_FLOW_FLUID_PUMP^MDC|1.1.2.5|18|270499^MDC_DIM_KILO_CALORIE^MDC^kcal^kcal^UCUM|||||R\u001c&#xD;,BBraunDoselinkPlus,61571,323715,)" classname="Philips.PMP.Test.Auto.IheUnitDataHandlerTest" time="0.003" status="1" />
    <testcase name="IntelliBridgeIHEUnitCodeTest (\u000bMSH|^~\&amp;|PAT_DEVICE_BBRAUN^0012211839000001^EUI-64|BBRAUN|DOC_AM_TEST|BB1|20220523142113+0000||ORU^R01^ORU_R01|63788912473382465025|P|2.6|||AL|NE||ASCII|en^English^ISO639||IHE_PCD_001^IHE PCD^1.3.6.1.4.1.19376.1.6.4.1^ISO&#xD;PID|||Unknown Patient^Unknown Patient||^^^^^^U||||||||||||||||||||||||||Y|&#xD;PV1|1|R|^^^^^^^^PRISMAX_15|R||||||MED||||9|||||20190712040512^^^LOCAL^^^|&#xD;OBR|1|029d53e1-daa3-11ec-8487-c0ee400d168f^PAT_DEVICE_BBRAUN^0012211839000001^EUI-64|029d53e1-daa3-11ec-8487-c0ee400d168f^PAT_DEVICE_BBRAUN^0012211839000001^EUI-64|Dobutamine^Dobutamine|||20220523142039+0000&#xD;OBX|16|NM|157784^MDC_FLOW_FLUID_PUMP^MDC|1.1.2.5|18|269920^MDC_DIM_BOOLEAN^MDC^{bool}^{bool}^UCUM|||||R\u001c&#xD;,BBraunDoselinkPlus,7776,269920,)" classname="Philips.PMP.Test.Auto.IheUnitDataHandlerTest" time="0.006" status="1" />
    <testcase name="IntelliBridgeIHEUnitCodeTest (\u000bMSH|^~\&amp;|TrueVueConnect|PRISMAX301@192.168.0.201_3002|RecApp|RecvFacility|20141111213132||ORU^R01^ORU_R01|20141111213132|P|2.5|||AL|AL|&#xD;PID|1||123456|&#xD;PV1|1|R|^^^^^^^^PRISMAX_15|R||||||MED||||9|||||20190712040512^^^LOCAL^^^|&#xD;OBR|1|||37491^Message:Dialysis^LOINC|||20141111204238|||PRISMAX_15||||20141111213132||||||CVVHDF|TREATMENT|&#xD;OBX|8|NM|157784^MDC_FLOW_FLUID_PUMP^MDC|1.1.1.13|1.05|unknown string|||||\u001c&#xD;,BBraunDoselinkPlus,0,0,)" classname="Philips.PMP.Test.Auto.IheUnitDataHandlerTest" time="0.001" status="1" />
    <system-out />
    <system-err />
  </testsuite>
  <testsuite name="Philips.PMP.Test.Auto.HisPatientAdmitterTest" hostname="RESTORMEL" package="not available" id="799" tests="2" failures="0" errors="0" skipped="0" time="0.016" timestamp="2023-12-13T03:30:21">
    <properties />
    <testcase name="HisPatientAdmitterTestTryAdmitFromHis (True)" classname="Philips.PMP.Test.Auto.HisPatientAdmitterTest" time="0.013" status="1" />
    <testcase name="HisPatientAdmitterTestTryAdmitFromHis (False)" classname="Philips.PMP.Test.Auto.HisPatientAdmitterTest" time="0.003" status="1" />
    <system-out />
    <system-err />
  </testsuite>
  <testsuite name="Philips.PMP.Test.Auto.PatientDataExportQualifierTest" hostname="RESTORMEL" package="not available" id="800" tests="6" failures="0" errors="0" skipped="0" time="0.059" timestamp="2023-12-13T03:34:11">
    <properties />
    <testcase name="PatientDataExportIsValidExportDesinationTest (,False)" classname="Philips.PMP.Test.Auto.PatientDataExportQualifierTest" time="0.048" status="1" />
    <testcase name="PatientDataExportIsValidExportDesinationTest (doesNotMatter,True)" classname="Philips.PMP.Test.Auto.PatientDataExportQualifierTest" time="0.003" status="1" />
    <testcase name="PatientDataExportShouldVerifyExportDestinationsTest (0,0,Success)" classname="Philips.PMP.Test.Auto.PatientDataExportQualifierTest" time="0.004" status="1" />
    <testcase name="PatientDataExportShouldVerifyExportDestinationsTest (0,1,Warning)" classname="Philips.PMP.Test.Auto.PatientDataExportQualifierTest" time="0.001" status="1" />
    <testcase name="PatientDataExportShouldVerifyExportDestinationsTest (1,0,Warning)" classname="Philips.PMP.Test.Auto.PatientDataExportQualifierTest" time="0.002" status="1" />
    <testcase name="PatientDataExportShouldVerifyExportDestinationsTest (1,1,Failure)" classname="Philips.PMP.Test.Auto.PatientDataExportQualifierTest" time="0.002" status="1" />
    <system-out />
    <system-err />
  </testsuite>
  <testsuite name="Philips.CareEvent.Test.CipsControlTest" hostname="RESTORMEL" package="not available" id="801" tests="1" failures="0" errors="0" skipped="0" time="0.226" timestamp="2023-12-13T03:28:26">
    <properties />
    <testcase name="ValidateAndSaveSettingsTest" classname="Philips.CareEvent.Test.CipsControlTest" time="0.226" status="1" />
    <system-out />
    <system-err />
  </testsuite>
  <testsuite name="Philips.PMP.Test.Auto.DbSyncServiceTest" hostname="RESTORMEL" package="not available" id="802" tests="11" failures="0" errors="0" skipped="0" time="0.145" timestamp="2023-12-13T03:31:21">
    <properties />
    <testcase name="OnUploadArchiveScheduleDueTest (True,True,1)" classname="Philips.PMP.Test.Auto.DbSyncServiceTest" time="0.017" status="1" />
    <testcase name="OnUploadArchiveScheduleDueTest (True,False,0)" classname="Philips.PMP.Test.Auto.DbSyncServiceTest" time="0.009" status="1" />
    <testcase name="OnUploadArchiveScheduleDueTest (False,True,0)" classname="Philips.PMP.Test.Auto.DbSyncServiceTest" time="0.009" status="1" />
    <testcase name="OnUploadArchiveScheduleDueTest (False,False,0)" classname="Philips.PMP.Test.Auto.DbSyncServiceTest" time="0.009" status="1" />
    <testcase name="GetMaxAllowedArchiveDistributionCountTest (10,4)" classname="Philips.PMP.Test.Auto.DbSyncServiceTest" time="0.051" status="1" />
    <testcase name="GetMaxAllowedArchiveDistributionCountTest (513,16)" classname="Philips.PMP.Test.Auto.DbSyncServiceTest" time="0.003" status="1" />
    <testcase name="RequestArchiveLoadTest" classname="Philips.PMP.Test.Auto.DbSyncServiceTest" time="0.012" status="1" />
    <testcase name="RequestArchiveFromServerTestServerRecentArchive (Philips.PIC.Primary)" classname="Philips.PMP.Test.Auto.DbSyncServiceTest" time="0.014" status="1" />
    <testcase name="RequestArchiveFromServerTestServerRecentArchive (Philips.PIC.Ringtone)" classname="Philips.PMP.Test.Auto.DbSyncServiceTest" time="0.004" status="1" />
    <testcase name="DbSyncServiceUpdateArchiveTest (Philips.PIC.Primary)" classname="Philips.PMP.Test.Auto.DbSyncServiceTest" time="0.011" status="1" />
    <testcase name="DbSyncServiceUpdateArchiveTest (Philips.PIC.Ringtone)" classname="Philips.PMP.Test.Auto.DbSyncServiceTest" time="0.006" status="1" />
    <system-out />
    <system-err />
  </testsuite>
  <testsuite name="Philips.PMP.Test.Auto.LsaAccessServiceTest" hostname="RESTORMEL" package="not available" id="803" tests="3" failures="0" errors="0" skipped="0" time="0.081" timestamp="2023-12-13T03:29:56">
    <properties />
    <testcase name="LsaAccessServiceMgrRequestsLocalProxy (True)" classname="Philips.PMP.Test.Auto.LsaAccessServiceTest" time="0.066" status="1" />
    <testcase name="LsaAccessServiceMgrRequestsLocalProxy (False)" classname="Philips.PMP.Test.Auto.LsaAccessServiceTest" time="0.008" status="1" />
    <testcase name="LsaAccessServiceStartStop" classname="Philips.PMP.Test.Auto.LsaAccessServiceTest" time="0.007" status="1" />
    <system-out />
    <system-err />
  </testsuite>
  <testsuite name="Philips.PMP.Test.Auto.RepositoryEventEnumerationTest" hostname="RESTORMEL" package="not available" id="804" tests="5" failures="0" errors="0" skipped="0" time="0.018" timestamp="2023-12-13T03:35:52">
    <properties />
    <testcase name="EnumerationCreationOnCycleBoundaryTest" classname="Philips.PMP.Test.Auto.RepositoryEventEnumerationTest" time="0.012" status="1" />
    <testcase name="AttributesAndValuesAtStartOfMetricTest" classname="Philips.PMP.Test.Auto.RepositoryEventEnumerationTest" time="0.001" status="1" />
    <testcase name="OngoingEventOutOfSubscriptionTest" classname="Philips.PMP.Test.Auto.RepositoryEventEnumerationTest" time="0.004" status="1" />
    <testcase name="RepositoryEventEnumerationAlwaysReturnsOngoingEventsIfFlagIsSet" classname="Philips.PMP.Test.Auto.RepositoryEventEnumerationTest" time="0.001" status="1" />
    <testcase name="DuplicateStartEventTest" classname="Philips.PMP.Test.Auto.RepositoryEventEnumerationTest" time="0.001" status="1" />
    <system-out />
    <system-err />
  </testsuite>
  <testsuite name="Philips.PMP.Test.Auto.IheBodySiteHandlerTest" hostname="RESTORMEL" package="not available" id="805" tests="3" failures="0" errors="0" skipped="0" time="0.029" timestamp="2023-12-13T03:29:44">
    <properties />
    <testcase name="IntelliBridgeIHEBodySiteStoreInMetricTest" classname="Philips.PMP.Test.Auto.IheBodySiteHandlerTest" time="0.003" status="1" />
    <testcase name="IntelliBridgeIHEBodySiteTest (\u000bMSH|^~\&amp;|TrueVueConnect|PRISMAX301@192.168.0.201_3002|RecApp|RecvFacility|20141111213132||ORU^R01^ORU_R01|20141111213132|P|2.5|||AL|AL|&#xD;PID|1||123456|&#xD;PV1|1|R|^^^^^^^^PRISMAX_15|R||||||MED||||9|||||20190712040512^^^LOCAL^^^|&#xD;OBR|1|||37491^Message:Dialysis^LOINC|||20141111204238|||PRISMAX_15||||20141111213132||||||CVVHDF|TREATMENT|&#xD;OBX|8|NM|157784^MDC_FLOW_FLUID_PUMP^MDC|1.1.1.13|1.05|265266^MDC_DIM_MILLI_L_PER_HR^MDC^mL/h^mL/h^UCUM||||||||||||||131329^MDC_ECG_ELEC_POTL_I^MDC~459308^NOM_MUSC_ABDOM^MDIL^^^^^^Abdomen|\u001c&#xD;,257,556)" classname="Philips.PMP.Test.Auto.IheBodySiteHandlerTest" time="0.024" status="1" />
    <testcase name="IntelliBridgeIHEBodySiteTest (\u000bMSH|^~\&amp;|TrueVueConnect|PRISMAX301@192.168.0.201_3002|RecApp|RecvFacility|20141111213132||ORU^R01^ORU_R01|20141111213132|P|2.5|||AL|AL|&#xD;PID|1||123456|&#xD;PV1|1|R|^^^^^^^^PRISMAX_15|R||||||MED||||9|||||20190712040512^^^LOCAL^^^|&#xD;OBR|1|||37491^Message:Dialysis^LOINC|||20141111204238|||PRISMAX_15||||20141111213132||||||CVVHDF|TREATMENT|&#xD;OBX|8|NM|157784^MDC_FLOW_FLUID_PUMP^MDC|1.1.1.13|1.05|265266^MDC_DIM_MILLI_L_PER_HR^MDC^mL/h^mL/h^UCUM|||||||||||||||\u001c&#xD;,0,0)" classname="Philips.PMP.Test.Auto.IheBodySiteHandlerTest" time="0.002" status="1" />
    <system-out />
    <system-err />
  </testsuite>
  <testsuite name="Philips.PMP.Test.Auto.RetainedSpotCheckDataFormatterTest" hostname="RESTORMEL" package="not available" id="806" tests="3" failures="0" errors="0" skipped="0" time="0.017" timestamp="2023-12-13T03:29:50">
    <properties />
    <testcase name="RetainedSpotCheckDataFormatterCanSetTime" classname="Philips.PMP.Test.Auto.RetainedSpotCheckDataFormatterTest" time="0.002" status="1" />
    <testcase name="RetainedSpotCheckDataFormatterCanSetMetricId" classname="Philips.PMP.Test.Auto.RetainedSpotCheckDataFormatterTest" time="0.012" status="1" />
    <testcase name="RetainedSpotCheckDataFormatterOnlyRetainsAperiodics" classname="Philips.PMP.Test.Auto.RetainedSpotCheckDataFormatterTest" time="0.003" status="1" />
    <system-out />
    <system-err />
  </testsuite>
  <testsuite name="Philips.PMP.Test.Auto.IbsAlarmAudioDeterminerTest" hostname="RESTORMEL" package="not available" id="807" tests="5" failures="0" errors="0" skipped="0" time="0.235" timestamp="2023-12-13T03:29:50">
    <properties />
    <testcase name="IbsAlarmAudioDeterminerLoadSettingsTest" classname="Philips.PMP.Test.Auto.IbsAlarmAudioDeterminerTest" time="0.090" status="1" />
    <testcase name="IbsAlarmAudioDeterminerIsAudioOffNullTest (RedAlarm,Off,False)" classname="Philips.PMP.Test.Auto.IbsAlarmAudioDeterminerTest" time="0.002" status="1" />
    <testcase name="IbsAlarmAudioDeterminerIsAudioOffTest (RedAlarm,Off,True,True)" classname="Philips.PMP.Test.Auto.IbsAlarmAudioDeterminerTest" time="0.139" status="1" />
    <testcase name="IbsAlarmAudioDeterminerIsAudioOffTest (RedAlarm,Off,False,False)" classname="Philips.PMP.Test.Auto.IbsAlarmAudioDeterminerTest" time="0.002" status="1" />
    <testcase name="IbsAlarmAudioDeterminerIsAudioOffTest (RedAlarm,On,True,False)" classname="Philips.PMP.Test.Auto.IbsAlarmAudioDeterminerTest" time="0.001" status="1" />
    <system-out />
    <system-err />
  </testsuite>
  <testsuite name="Philips.PMP.Test.Auto.DataRelayServiceClientTest" hostname="RESTORMEL" package="not available" id="808" tests="3" failures="0" errors="0" skipped="0" time="0.060" timestamp="2023-12-13T03:29:53">
    <properties />
    <testcase name="DataRelayServiceClientWillCallBridgeApi" classname="Philips.PMP.Test.Auto.DataRelayServiceClientTest" time="0.017" status="1" />
    <testcase name="DataRelayServiceClientWillNotSendNullMappingResults (True)" classname="Philips.PMP.Test.Auto.DataRelayServiceClientTest" time="0.034" status="1" />
    <testcase name="DataRelayServiceClientWillNotSendNullMappingResults (False)" classname="Philips.PMP.Test.Auto.DataRelayServiceClientTest" time="0.009" status="1" />
    <system-out />
    <system-err />
  </testsuite>
  <testsuite name="Philips.PMP.Test.Auto.HL7Test" hostname="RESTORMEL" package="not available" id="809" tests="23" failures="0" errors="0" skipped="0" time="5.282" timestamp="2023-12-13T03:33:57">
    <properties />
    <testcase name="HL7PdsDataProcessingTest" classname="Philips.PMP.Test.Auto.HL7Test" time="0.025" status="1" />
    <testcase name="HL7DeviceControlSaveTests (True,QueryServer,False,1,True,True,True,False)" classname="Philips.PMP.Test.Auto.HL7Test" time="1.674" status="1" />
    <testcase name="HL7DeviceControlSaveTests (True,AlarmClient,True,1,True,True,True,True)" classname="Philips.PMP.Test.Auto.HL7Test" time="0.065" status="1" />
    <testcase name="HL7DeviceControlSaveTests (True,AlarmClient,True,0,False,True,True,True)" classname="Philips.PMP.Test.Auto.HL7Test" time="0.062" status="1" />
    <testcase name="HL7DeviceControlSaveTests (True,ValidateDataClient,True,0,False,False,False,True)" classname="Philips.PMP.Test.Auto.HL7Test" time="0.058" status="1" />
    <testcase name="HL7DeviceControlSaveTests (True,ValidateDataClient,True,1,True,False,False,True)" classname="Philips.PMP.Test.Auto.HL7Test" time="0.081" status="1" />
    <testcase name="HL7DeviceControlSaveTests (True,ValidateDataClient,True,1,False,True,False,True)" classname="Philips.PMP.Test.Auto.HL7Test" time="0.064" status="1" />
    <testcase name="HL7DeviceControlSaveTests (True,ValidateDataClient,True,1,False,False,True,True)" classname="Philips.PMP.Test.Auto.HL7Test" time="0.062" status="1" />
    <testcase name="HL7DeviceControlSaveTests (True,ValidateDataClient,True,1,True,True,True,True)" classname="Philips.PMP.Test.Auto.HL7Test" time="0.062" status="1" />
    <testcase name="HL7DeviceControlSaveTests (False,ValidateDataClient,False,1,True,True,True,False)" classname="Philips.PMP.Test.Auto.HL7Test" time="0.063" status="1" />
    <testcase name="HL7DeviceControlSaveTests (False,AlarmClient,False,1,True,True,True,False)" classname="Philips.PMP.Test.Auto.HL7Test" time="0.062" status="1" />
    <testcase name="HL7DeviceControlSaveTests (False,QueryServer,False,0,True,True,True,True)" classname="Philips.PMP.Test.Auto.HL7Test" time="0.060" status="1" />
    <testcase name="GetMaxCentralizedHl7BedsTest (100,True)" classname="Philips.PMP.Test.Auto.HL7Test" time="0.002" status="1" />
    <testcase name="GetMaxCentralizedHl7BedsTest (1024,True)" classname="Philips.PMP.Test.Auto.HL7Test" time="0.003" status="1" />
    <testcase name="GetMaxCentralizedHl7BedsTest (1025,False)" classname="Philips.PMP.Test.Auto.HL7Test" time="0.001" status="1" />
    <testcase name="BasicHL7ConfigurationTest" classname="Philips.PMP.Test.Auto.HL7Test" time="0.378" status="1" />
    <testcase name="Hl7HelperIsProblemWithPdsDataTest (0,0,0,0,False,True)" classname="Philips.PMP.Test.Auto.HL7Test" time="0.001" status="1" />
    <testcase name="Hl7HelperIsProblemWithPdsDataTest (1,0,0,0,False,False)" classname="Philips.PMP.Test.Auto.HL7Test" time="0.000" status="1" />
    <testcase name="Hl7HelperIsProblemWithPdsDataTest (0,1,0,0,False,False)" classname="Philips.PMP.Test.Auto.HL7Test" time="0.000" status="1" />
    <testcase name="Hl7HelperIsProblemWithPdsDataTest (0,0,1,0,False,False)" classname="Philips.PMP.Test.Auto.HL7Test" time="0.000" status="1" />
    <testcase name="Hl7HelperIsProblemWithPdsDataTest (0,0,0,1,True,False)" classname="Philips.PMP.Test.Auto.HL7Test" time="0.002" status="1" />
    <testcase name="Hl7HelperIsProblemWithPdsDataTest (0,0,0,1,False,True)" classname="Philips.PMP.Test.Auto.HL7Test" time="0.001" status="1" />
    <testcase name="GetMaxHl7BedAssignmentTest" classname="Philips.PMP.Test.Auto.HL7Test" time="2.554" status="1" />
    <system-out />
    <system-err />
  </testsuite>
  <testsuite name="Philips.PMP.Test.Auto.W32TimeStatusTest" hostname="RESTORMEL" package="not available" id="810" tests="8" failures="0" errors="0" skipped="0" time="0.019" timestamp="2023-12-13T03:36:09">
    <properties />
    <testcase name="ParseNonEnglishStatusString (Indicateur de dérive : 3(La dernière minute comprend 61 secondes.)&#xA;Couche : 0 (Non spécifié)&#xA;Précision : -6 (15.625ms par battement)&#xA;Délai de racine : 0.0000000s&#xA;Dispersion de racine : 0.0000000s&#xA;ID de référence : 0x00000000 (Non spécifié)&#xA;Heure de la dernière synchronisation réussie : Non spécifié&#xA;Source : Local CMOS Clock&#xA;Intervalle d'interrogation : 6 (64s))" classname="Philips.PMP.Test.Auto.W32TimeStatusTest" time="0.001" status="1" />
    <testcase name="ParseNonEnglishStatusString (Leap ???: 3(????? 61 ?)&#xA;??: 0 (???)&#xA;??: -6 (??? 15.625ms)&#xA;???: 0.0064598s&#xA;???: 11.4694403s&#xA;?? ID: 0x00000000 (???)&#xA;????????: 2018/4/6 17:24:20&#xA;?: time,0x9&#xA;????: 6 (64s))" classname="Philips.PMP.Test.Auto.W32TimeStatusTest" time="0.000" status="1" />
    <testcase name="ParseDisabledServiceError" classname="Philips.PMP.Test.Auto.W32TimeStatusTest" time="0.001" status="1" />
    <testcase name="ParseErrorStrings" classname="Philips.PMP.Test.Auto.W32TimeStatusTest" time="0.012" status="1" />
    <testcase name="ParseOneOrManyTimeSources" classname="Philips.PMP.Test.Auto.W32TimeStatusTest" time="0.001" status="1" />
    <testcase name="ParseValidStatusStrings" classname="Philips.PMP.Test.Auto.W32TimeStatusTest" time="0.003" status="1" />
    <testcase name="ParseNullOrWhitespace" classname="Philips.PMP.Test.Auto.W32TimeStatusTest" time="0.001" status="1" />
    <testcase name="ParseNoTimeSync" classname="Philips.PMP.Test.Auto.W32TimeStatusTest" time="0.001" status="1" />
    <system-out />
    <system-err />
  </testsuite>
  <testsuite name="Philips.PMP.Test.Auto.ClinicalUnitControlTest" hostname="RESTORMEL" package="not available" id="811" tests="4" failures="0" errors="0" skipped="0" time="0.160" timestamp="2023-12-13T03:38:03">
    <properties />
    <testcase name="ClinicalUnitControlSaveCorrectUnitInfo" classname="Philips.PMP.Test.Auto.ClinicalUnitControlTest" time="0.045" status="1" />
    <testcase name="ClinicalUnitControlPopulateUnitTypesSelectedItem (Unknown,Unspecified)" classname="Philips.PMP.Test.Auto.ClinicalUnitControlTest" time="0.044" status="1" />
    <testcase name="ClinicalUnitControlPopulateUnitTypesSelectedItem (Icu,Icu)" classname="Philips.PMP.Test.Auto.ClinicalUnitControlTest" time="0.036" status="1" />
    <testcase name="ClinicalUnitControlPopulateUnitTypesCount" classname="Philips.PMP.Test.Auto.ClinicalUnitControlTest" time="0.035" status="1" />
    <system-out />
    <system-err />
  </testsuite>
  <testsuite name="Philips.CareEvent.Test.ApnsCommunicationMgrTests" hostname="RESTORMEL" package="not available" id="812" tests="3" failures="0" errors="0" skipped="0" time="0.561" timestamp="2023-12-13T03:28:13">
    <properties />
    <testcase name="ApnsPushNotificationPerformance" classname="Philips.CareEvent.Test.ApnsCommunicationMgrTests" time="0.015" status="1" />
    <testcase name="HandleApnsNetworkException" classname="Philips.CareEvent.Test.ApnsCommunicationMgrTests" time="0.489" status="1" />
    <testcase name="HandleApnsBadToken" classname="Philips.CareEvent.Test.ApnsCommunicationMgrTests" time="0.058" status="1" />
    <system-out />
    <system-err />
  </testsuite>
  <testsuite name="Philips.PMP.LicenseService.Test.UnitLicenseFeaturesDeterminerTest" hostname="RESTORMEL" package="not available" id="813" tests="5" failures="0" errors="0" skipped="0" time="0.048" timestamp="2023-12-13T03:29:17">
    <properties />
    <testcase name="GetRemainingUnitFeaturesWillNotGetFeaturesIfThereAreNoUnitsSaved" classname="Philips.PMP.LicenseService.Test.UnitLicenseFeaturesDeterminerTest" time="0.003" status="1" />
    <testcase name="GetRemainingUnitFeaturesWillGetFeaturesFromAllUnits" classname="Philips.PMP.LicenseService.Test.UnitLicenseFeaturesDeterminerTest" time="0.002" status="1" />
    <testcase name="GetRemainingUnitFeaturesWillNotGetFeaturesIfTheCodeDoNotMatchWIthItemOrder" classname="Philips.PMP.LicenseService.Test.UnitLicenseFeaturesDeterminerTest" time="0.001" status="1" />
    <testcase name="GetUnitFeaturesWillGetDefaultIfThereAreNoFeatureValues" classname="Philips.PMP.LicenseService.Test.UnitLicenseFeaturesDeterminerTest" time="0.034" status="1" />
    <testcase name="GetUnitFeaturesWillAddDefaultIfThereAreMissingFeatureValues" classname="Philips.PMP.LicenseService.Test.UnitLicenseFeaturesDeterminerTest" time="0.007" status="1" />
    <system-out />
    <system-err />
  </testsuite>
  <testsuite name="Philips.PMP.Test.Auto.FactoryUserConfigControlTest" hostname="RESTORMEL" package="not available" id="814" tests="4" failures="0" errors="0" skipped="0" time="0.095" timestamp="2023-12-13T03:38:18">
    <properties />
    <testcase name="FactoryUserConfigControlPopulatesUserName (True)" classname="Philips.PMP.Test.Auto.FactoryUserConfigControlTest" time="0.025" status="1" />
    <testcase name="FactoryUserConfigControlPopulatesUserName (False)" classname="Philips.PMP.Test.Auto.FactoryUserConfigControlTest" time="0.022" status="1" />
    <testcase name="FactoryUserConfigControlDetectsRequiredChanges (True)" classname="Philips.PMP.Test.Auto.FactoryUserConfigControlTest" time="0.025" status="1" />
    <testcase name="FactoryUserConfigControlDetectsRequiredChanges (False)" classname="Philips.PMP.Test.Auto.FactoryUserConfigControlTest" time="0.023" status="1" />
    <system-out />
    <system-err />
  </testsuite>
  <testsuite name="Philips.PMP.Test.Auto.DeviceCompatibilityDeterminerTest" hostname="RESTORMEL" package="not available" id="815" tests="34" failures="0" errors="0" skipped="0" time="0.073" timestamp="2023-12-13T03:30:44">
    <properties />
    <testcase name="DeviceCompatibilitySecurityTest" classname="Philips.PMP.Test.Auto.DeviceCompatibilityDeterminerTest" time="0.002" status="1" />
    <testcase name="DeviceCompatibilityDeviceTypeTest (Efficia,False,Ok)" classname="Philips.PMP.Test.Auto.DeviceCompatibilityDeterminerTest" time="0.039" status="1" />
    <testcase name="DeviceCompatibilityDeviceTypeTest (ExtDevServer,False,Ok)" classname="Philips.PMP.Test.Auto.DeviceCompatibilityDeterminerTest" time="0.001" status="1" />
    <testcase name="DeviceCompatibilityDeviceTypeTest (Vs30,False,ConnectionlessDevice)" classname="Philips.PMP.Test.Auto.DeviceCompatibilityDeterminerTest" time="0.001" status="1" />
    <testcase name="DeviceCompatibilityDeviceTypeTest (X3,False,Ok)" classname="Philips.PMP.Test.Auto.DeviceCompatibilityDeterminerTest" time="0.001" status="1" />
    <testcase name="DeviceCompatibilityDeviceTypeTest (X3,True,Ok)" classname="Philips.PMP.Test.Auto.DeviceCompatibilityDeterminerTest" time="0.003" status="1" />
    <testcase name="DeviceCompatibilityDeviceTypeTest (Mx100,True,Ok)" classname="Philips.PMP.Test.Auto.DeviceCompatibilityDeterminerTest" time="0.001" status="1" />
    <testcase name="DeviceCompatibilityDeviceTypeTest (Mx750,True,Ok)" classname="Philips.PMP.Test.Auto.DeviceCompatibilityDeterminerTest" time="0.001" status="1" />
    <testcase name="DeviceCompatibilityDeviceTypeTest (Mx850,True,Ok)" classname="Philips.PMP.Test.Auto.DeviceCompatibilityDeterminerTest" time="0.001" status="1" />
    <testcase name="DeviceCompatibilityDeviceTypeTest (TelemAllegro,True,Ok)" classname="Philips.PMP.Test.Auto.DeviceCompatibilityDeterminerTest" time="0.001" status="1" />
    <testcase name="DeviceCompatibilityDeviceTypeTest (Portal5000,True,Ok)" classname="Philips.PMP.Test.Auto.DeviceCompatibilityDeterminerTest" time="0.001" status="1" />
    <testcase name="DeviceCompatibilityDeviceTypeTest (EvolineBase,True,Ok)" classname="Philips.PMP.Test.Auto.DeviceCompatibilityDeterminerTest" time="0.001" status="1" />
    <testcase name="DeviceCompatibilityDeviceTypeTest (EvolineMid,True,Ok)" classname="Philips.PMP.Test.Auto.DeviceCompatibilityDeterminerTest" time="0.001" status="1" />
    <testcase name="DeviceCompatibilityDeviceTypeTest (EvolineHigh,True,Ok)" classname="Philips.PMP.Test.Auto.DeviceCompatibilityDeterminerTest" time="0.001" status="1" />
    <testcase name="DeviceCompatibilityDeviceTypeTest (SrrTitan,True,NotSupported)" classname="Philips.PMP.Test.Auto.DeviceCompatibilityDeterminerTest" time="0.001" status="1" />
    <testcase name="DeviceCompatibilityDeviceTypeTest (Telesto,True,NotSupported)" classname="Philips.PMP.Test.Auto.DeviceCompatibilityDeterminerTest" time="0.001" status="1" />
    <testcase name="DeviceCompatibilityDeviceTypeTest (TelemCit,True,NotSupported)" classname="Philips.PMP.Test.Auto.DeviceCompatibilityDeterminerTest" time="0.001" status="1" />
    <testcase name="DeviceCompatibilityManagementAssociationTest" classname="Philips.PMP.Test.Auto.DeviceCompatibilityDeterminerTest" time="0.002" status="1" />
    <testcase name="DeviceCompatibilityNoPrincipalSectorTest" classname="Philips.PMP.Test.Auto.DeviceCompatibilityDeterminerTest" time="0.001" status="1" />
    <testcase name="DeviceCompatibilityCompatibilityTest" classname="Philips.PMP.Test.Auto.DeviceCompatibilityDeterminerTest" time="0.002" status="1" />
    <testcase name="DeviceCompatibilityIsUnsupportedDeviceTypeTest (AntaresModular,True,False)" classname="Philips.PMP.Test.Auto.DeviceCompatibilityDeterminerTest" time="0.001" status="1" />
    <testcase name="DeviceCompatibilityIsUnsupportedDeviceTypeTest (Junior,True,False)" classname="Philips.PMP.Test.Auto.DeviceCompatibilityDeterminerTest" time="0.001" status="1" />
    <testcase name="DeviceCompatibilityIsUnsupportedDeviceTypeTest (Dasher,True,False)" classname="Philips.PMP.Test.Auto.DeviceCompatibilityDeterminerTest" time="0.001" status="1" />
    <testcase name="DeviceCompatibilityIsUnsupportedDeviceTypeTest (AntaresLight,True,False)" classname="Philips.PMP.Test.Auto.DeviceCompatibilityDeterminerTest" time="0.001" status="1" />
    <testcase name="DeviceCompatibilityIsUnsupportedDeviceTypeTest (SrrHyperion,True,False)" classname="Philips.PMP.Test.Auto.DeviceCompatibilityDeterminerTest" time="0.001" status="1" />
    <testcase name="DeviceCompatibilityIsUnsupportedDeviceTypeTest (SrrTitan,True,False)" classname="Philips.PMP.Test.Auto.DeviceCompatibilityDeterminerTest" time="0.001" status="1" />
    <testcase name="DeviceCompatibilityIsUnsupportedDeviceTypeTest (SrrAtlas,True,False)" classname="Philips.PMP.Test.Auto.DeviceCompatibilityDeterminerTest" time="0.001" status="1" />
    <testcase name="DeviceCompatibilityIsUnsupportedDeviceTypeTest (Telesto,True,False)" classname="Philips.PMP.Test.Auto.DeviceCompatibilityDeterminerTest" time="0.001" status="1" />
    <testcase name="DeviceCompatibilityIsUnsupportedDeviceTypeTest (TelemCit,True,False)" classname="Philips.PMP.Test.Auto.DeviceCompatibilityDeterminerTest" time="0.001" status="1" />
    <testcase name="DeviceCompatibilityIsUnsupportedDeviceTypeTest (TelemCitSpo2,True,False)" classname="Philips.PMP.Test.Auto.DeviceCompatibilityDeterminerTest" time="0.001" status="1" />
    <testcase name="DeviceCompatibilityIsUnsupportedDeviceTypeTest (Mx850,False,False)" classname="Philips.PMP.Test.Auto.DeviceCompatibilityDeterminerTest" time="0.001" status="1" />
    <testcase name="DeviceCompatibilityIsUnsupportedDeviceTypeTest (Dasher,True,True)" classname="Philips.PMP.Test.Auto.DeviceCompatibilityDeterminerTest" time="0.001" status="1" />
    <testcase name="DeviceCompatibilityIsUnsupportedDeviceTypeTest (AntaresLight,False,True)" classname="Philips.PMP.Test.Auto.DeviceCompatibilityDeterminerTest" time="0.001" status="1" />
    <testcase name="DeviceCompatibilityIsUnsupportedDeviceTypeTest (Junior,False,True)" classname="Philips.PMP.Test.Auto.DeviceCompatibilityDeterminerTest" time="0.001" status="1" />
    <system-out />
    <system-err />
  </testsuite>
  <testsuite name="Philips.PMP.Test.Auto.CultureControlTest" hostname="RESTORMEL" package="not available" id="816" tests="1" failures="0" errors="0" skipped="0" time="0.017" timestamp="2023-12-13T03:38:03">
    <properties />
    <testcase name="OnKeyboardChanged" classname="Philips.PMP.Test.Auto.CultureControlTest" time="0.017" status="1" />
    <system-out />
    <system-err />
  </testsuite>
  <testsuite name="Philips.PMP.Test.Auto.ClinicalNotificationServiceMgrTest" hostname="RESTORMEL" package="not available" id="817" tests="6" failures="0" errors="0" skipped="0" time="0.078" timestamp="2023-12-13T03:29:39">
    <properties />
    <testcase name="ClinicalNotificationServiceMgrGetProxyTest (True,1,0)" classname="Philips.PMP.Test.Auto.ClinicalNotificationServiceMgrTest" time="0.014" status="1" />
    <testcase name="ClinicalNotificationServiceMgrGetProxyTest (False,0,1)" classname="Philips.PMP.Test.Auto.ClinicalNotificationServiceMgrTest" time="0.025" status="1" />
    <testcase name="ClinicalNotificationServiceMgrGetDaProxyCacheTest (0,0)" classname="Philips.PMP.Test.Auto.ClinicalNotificationServiceMgrTest" time="0.023" status="1" />
    <testcase name="ClinicalNotificationServiceMgrGetDaProxyCacheTest (1,1)" classname="Philips.PMP.Test.Auto.ClinicalNotificationServiceMgrTest" time="0.011" status="1" />
    <testcase name="ClinicalNotificationServiceMgrGetDaProxyCacheTest (2,1)" classname="Philips.PMP.Test.Auto.ClinicalNotificationServiceMgrTest" time="0.003" status="1" />
    <testcase name="ClinicalNotificationServiceMgrGetDaProxyCacheTest (6,1)" classname="Philips.PMP.Test.Auto.ClinicalNotificationServiceMgrTest" time="0.002" status="1" />
    <system-out />
    <system-err />
  </testsuite>
  <testsuite name="Philips.PMP.Test.Auto.SwitchDeviceControlTest" hostname="RESTORMEL" package="not available" id="818" tests="45" failures="0" errors="0" skipped="0" time="1.987" timestamp="2023-12-13T03:38:06">
    <properties />
    <testcase name="SwitchDeviceControlAddPortsToListViewTest (True)" classname="Philips.PMP.Test.Auto.SwitchDeviceControlTest" time="0.052" status="1" />
    <testcase name="SwitchDeviceControlAddPortsToListViewTest (False)" classname="Philips.PMP.Test.Auto.SwitchDeviceControlTest" time="0.039" status="1" />
    <testcase name="SwitchDeviceSystemNameChecker (Switch,0,False)" classname="Philips.PMP.Test.Auto.SwitchDeviceControlTest" time="0.045" status="1" />
    <testcase name="SwitchDeviceSystemNameChecker (Cisco,1,False)" classname="Philips.PMP.Test.Auto.SwitchDeviceControlTest" time="0.038" status="1" />
    <testcase name="SwitchDeviceSystemNameChecker (01234567890123456789,0,False)" classname="Philips.PMP.Test.Auto.SwitchDeviceControlTest" time="0.041" status="1" />
    <testcase name="SwitchDeviceSystemNameChecker (01234567890123456789,1,False)" classname="Philips.PMP.Test.Auto.SwitchDeviceControlTest" time="0.037" status="1" />
    <testcase name="SwitchDeviceSystemNameChecker (CiscoVeryLongSwitchName,0,False)" classname="Philips.PMP.Test.Auto.SwitchDeviceControlTest" time="0.041" status="1" />
    <testcase name="SwitchDeviceSystemNameChecker (CiscoVeryLongSwitchName,1,True)" classname="Philips.PMP.Test.Auto.SwitchDeviceControlTest" time="0.038" status="1" />
    <testcase name="SwitchDevicePortMismatch (System.String[],1)" classname="Philips.PMP.Test.Auto.SwitchDeviceControlTest" time="0.056" status="1" />
    <testcase name="SwitchDevicePortMismatch (System.String[],1)" classname="Philips.PMP.Test.Auto.SwitchDeviceControlTest" time="0.041" status="1" />
    <testcase name="SwitchDevicePortMismatch (System.String[],1)" classname="Philips.PMP.Test.Auto.SwitchDeviceControlTest" time="0.044" status="1" />
    <testcase name="SwitchDevicePortMismatch (System.String[],0)" classname="Philips.PMP.Test.Auto.SwitchDeviceControlTest" time="0.044" status="1" />
    <testcase name="SwitchDeviceControlCheck (001122334455,Switch1,0,False)" classname="Philips.PMP.Test.Auto.SwitchDeviceControlTest" time="0.042" status="1" />
    <testcase name="SwitchDeviceControlCheck (001122334455,Switch1,1,True)" classname="Philips.PMP.Test.Auto.SwitchDeviceControlTest" time="0.037" status="1" />
    <testcase name="SwitchDeviceControlCheck (112233445566,Switch1,0,True)" classname="Philips.PMP.Test.Auto.SwitchDeviceControlTest" time="0.041" status="1" />
    <testcase name="SwitchDeviceControlCheck (001122334455,Switch2,0,False)" classname="Philips.PMP.Test.Auto.SwitchDeviceControlTest" time="0.036" status="1" />
    <testcase name="SwitchDeviceControlCheck (001122334455,Switch2,1,True)" classname="Philips.PMP.Test.Auto.SwitchDeviceControlTest" time="0.057" status="1" />
    <testcase name="SwitchDeviceControlCheck (,Switch1,0,True)" classname="Philips.PMP.Test.Auto.SwitchDeviceControlTest" time="0.041" status="1" />
    <testcase name="SwitchDeviceControlCheck (,Switch1,1,True)" classname="Philips.PMP.Test.Auto.SwitchDeviceControlTest" time="0.037" status="1" />
    <testcase name="SwitchDeviceControlCheck (001122334455,,0,False)" classname="Philips.PMP.Test.Auto.SwitchDeviceControlTest" time="0.042" status="1" />
    <testcase name="SwitchDeviceControlCheck (001122334455,,1,True)" classname="Philips.PMP.Test.Auto.SwitchDeviceControlTest" time="0.042" status="1" />
    <testcase name="AddPortsToListViewTest (System.String[],1,False)" classname="Philips.PMP.Test.Auto.SwitchDeviceControlTest" time="0.037" status="1" />
    <testcase name="AddPortsToListViewTest (System.String[],2,False)" classname="Philips.PMP.Test.Auto.SwitchDeviceControlTest" time="0.046" status="1" />
    <testcase name="AddPortsToListViewTest (System.String[],3,True)" classname="Philips.PMP.Test.Auto.SwitchDeviceControlTest" time="0.044" status="1" />
    <testcase name="SwitchDeviceValidationDetectsDuplicates (True,True)" classname="Philips.PMP.Test.Auto.SwitchDeviceControlTest" time="0.052" status="1" />
    <testcase name="SwitchDeviceValidationDetectsDuplicates (True,False)" classname="Philips.PMP.Test.Auto.SwitchDeviceControlTest" time="0.049" status="1" />
    <testcase name="SwitchDeviceValidationDetectsDuplicates (False,True)" classname="Philips.PMP.Test.Auto.SwitchDeviceControlTest" time="0.048" status="1" />
    <testcase name="SwitchDeviceValidationDetectsDuplicates (False,False)" classname="Philips.PMP.Test.Auto.SwitchDeviceControlTest" time="0.043" status="1" />
    <testcase name="SwitchDeviceLocationChanged (0,0,False,False,False,None,1,0,0,0)" classname="Philips.PMP.Test.Auto.SwitchDeviceControlTest" time="0.045" status="1" />
    <testcase name="SwitchDeviceLocationChanged (0,0,True,True,False,None,1,0,0,0)" classname="Philips.PMP.Test.Auto.SwitchDeviceControlTest" time="0.047" status="1" />
    <testcase name="SwitchDeviceLocationChanged (0,1,True,True,False,None,1,0,0,0)" classname="Philips.PMP.Test.Auto.SwitchDeviceControlTest" time="0.047" status="1" />
    <testcase name="SwitchDeviceLocationChanged (1,0,True,True,False,None,1,0,0,0)" classname="Philips.PMP.Test.Auto.SwitchDeviceControlTest" time="0.039" status="1" />
    <testcase name="SwitchDeviceLocationChanged (1,1,True,True,False,None,1,0,0,0)" classname="Philips.PMP.Test.Auto.SwitchDeviceControlTest" time="0.044" status="1" />
    <testcase name="SwitchDeviceLocationChanged (0,0,True,True,True,None,1,0,0,0)" classname="Philips.PMP.Test.Auto.SwitchDeviceControlTest" time="0.045" status="1" />
    <testcase name="SwitchDeviceLocationChanged (0,1,True,True,True,No,0,0,1,0)" classname="Philips.PMP.Test.Auto.SwitchDeviceControlTest" time="0.039" status="1" />
    <testcase name="SwitchDeviceLocationChanged (0,1,True,True,True,Yes,1,1,1,0)" classname="Philips.PMP.Test.Auto.SwitchDeviceControlTest" time="0.049" status="1" />
    <testcase name="SwitchDeviceLocationChanged (1,0,True,True,True,No,0,0,1,0)" classname="Philips.PMP.Test.Auto.SwitchDeviceControlTest" time="0.039" status="1" />
    <testcase name="SwitchDeviceLocationChanged (1,0,True,True,True,Yes,1,1,1,0)" classname="Philips.PMP.Test.Auto.SwitchDeviceControlTest" time="0.048" status="1" />
    <testcase name="SwitchDeviceLocationChanged (1,1,True,True,True,None,1,0,0,0)" classname="Philips.PMP.Test.Auto.SwitchDeviceControlTest" time="0.058" status="1" />
    <testcase name="SwitchDeviceLocationChanged (0,0,True,False,True,No,0,0,1,0)" classname="Philips.PMP.Test.Auto.SwitchDeviceControlTest" time="0.048" status="1" />
    <testcase name="SwitchDeviceLocationChanged (0,0,True,False,True,Yes,1,0,1,0)" classname="Philips.PMP.Test.Auto.SwitchDeviceControlTest" time="0.048" status="1" />
    <testcase name="SwitchDeviceLocationChanged (1,0,True,False,True,No,0,0,1,0)" classname="Philips.PMP.Test.Auto.SwitchDeviceControlTest" time="0.047" status="1" />
    <testcase name="SwitchDeviceLocationChanged (1,0,True,False,True,Yes,1,0,1,0)" classname="Philips.PMP.Test.Auto.SwitchDeviceControlTest" time="0.041" status="1" />
    <testcase name="SwitchDeviceLocationChanged (0,0,False,True,False,None,1,0,0,0)" classname="Philips.PMP.Test.Auto.SwitchDeviceControlTest" time="0.047" status="1" />
    <testcase name="SwitchDeviceLocationChanged (0,1,False,True,False,None,1,0,0,0)" classname="Philips.PMP.Test.Auto.SwitchDeviceControlTest" time="0.048" status="1" />
    <system-out />
    <system-err />
  </testsuite>
  <testsuite name="Philips.PIC.WebBridge.Test.ResouresMgrTest" hostname="RESTORMEL" package="not available" id="819" tests="1" failures="0" errors="0" skipped="0" time="0.009" timestamp="2023-12-13T03:39:10">
    <properties />
    <testcase name="ResouresMgrTryGetResourceTest" classname="Philips.PIC.WebBridge.Test.ResouresMgrTest" time="0.009" status="1" />
    <system-out />
    <system-err />
  </testsuite>
  <testsuite name="Philips.PMP.Test.Auto.AlarmBannerIconRetrieverTest" hostname="RESTORMEL" package="not available" id="820" tests="15" failures="0" errors="0" skipped="0" time="0.140" timestamp="2023-12-13T03:29:58">
    <properties />
    <testcase name="AlarmBannerIconRetrieverTryGetBannerImageTest (RedAlarm,False,True,False,False)" classname="Philips.PMP.Test.Auto.AlarmBannerIconRetrieverTest" time="0.007" status="1" />
    <testcase name="AlarmBannerIconRetrieverTryGetBannerImageTest (RedAlarm,True,True,False,True)" classname="Philips.PMP.Test.Auto.AlarmBannerIconRetrieverTest" time="0.057" status="1" />
    <testcase name="AlarmBannerIconRetrieverTryGetBannerImageTest (YellowAlarm,True,True,False,True)" classname="Philips.PMP.Test.Auto.AlarmBannerIconRetrieverTest" time="0.016" status="1" />
    <testcase name="AlarmBannerIconRetrieverTryGetBannerImageTest (ShortYellowAlarm,True,True,False,True)" classname="Philips.PMP.Test.Auto.AlarmBannerIconRetrieverTest" time="0.001" status="1" />
    <testcase name="AlarmBannerIconRetrieverTryGetBannerImageTest (SevereInop,True,True,False,True)" classname="Philips.PMP.Test.Auto.AlarmBannerIconRetrieverTest" time="0.005" status="1" />
    <testcase name="AlarmBannerIconRetrieverTryGetBannerImageTest (HardInop,True,True,False,True)" classname="Philips.PMP.Test.Auto.AlarmBannerIconRetrieverTest" time="0.008" status="1" />
    <testcase name="AlarmBannerIconRetrieverTryGetBannerImageTest (SoftInop,True,True,False,True)" classname="Philips.PMP.Test.Auto.AlarmBannerIconRetrieverTest" time="0.001" status="1" />
    <testcase name="AlarmBannerIconRetrieverTryGetBannerImageTest (RedAlarm,False,False,False,True)" classname="Philips.PMP.Test.Auto.AlarmBannerIconRetrieverTest" time="0.036" status="1" />
    <testcase name="AlarmBannerIconRetrieverTryGetBannerImageTest (YellowAlarm,False,False,False,True)" classname="Philips.PMP.Test.Auto.AlarmBannerIconRetrieverTest" time="0.002" status="1" />
    <testcase name="AlarmBannerIconRetrieverTryGetBannerImageTest (ShortYellowAlarm,False,False,False,True)" classname="Philips.PMP.Test.Auto.AlarmBannerIconRetrieverTest" time="0.001" status="1" />
    <testcase name="AlarmBannerIconRetrieverTryGetBannerImageTest (SevereInop,False,False,False,True)" classname="Philips.PMP.Test.Auto.AlarmBannerIconRetrieverTest" time="0.001" status="1" />
    <testcase name="AlarmBannerIconRetrieverTryGetBannerImageTest (HardInop,False,False,False,True)" classname="Philips.PMP.Test.Auto.AlarmBannerIconRetrieverTest" time="0.001" status="1" />
    <testcase name="AlarmBannerIconRetrieverTryGetBannerImageTest (SoftInop,False,False,False,False)" classname="Philips.PMP.Test.Auto.AlarmBannerIconRetrieverTest" time="0.002" status="1" />
    <testcase name="AlarmBannerIconRetrieverTryGetBannerImageTest (RedAlarm,False,True,True,True)" classname="Philips.PMP.Test.Auto.AlarmBannerIconRetrieverTest" time="0.001" status="1" />
    <testcase name="AlarmBannerIconRetrieverTryGetBannerImageTest (RedAlarm,True,False,True,True)" classname="Philips.PMP.Test.Auto.AlarmBannerIconRetrieverTest" time="0.001" status="1" />
    <system-out />
    <system-err />
  </testsuite>
  <testsuite name="Philips.CareEvent.Test.ProductProviderTests" hostname="RESTORMEL" package="not available" id="821" tests="7" failures="0" errors="0" skipped="0" time="0.374" timestamp="2023-12-13T03:28:27">
    <properties />
    <testcase name="IsProductEnabledForAnyUnitShouldFindEnabledUnit (True)" classname="Philips.CareEvent.Test.ProductProviderTests" time="0.025" status="1" />
    <testcase name="IsProductEnabledForAnyUnitShouldFindEnabledUnit (False)" classname="Philips.CareEvent.Test.ProductProviderTests" time="0.003" status="1" />
    <testcase name="RenamingCustomProductShouldRenameTopLevelCategory" classname="Philips.CareEvent.Test.ProductProviderTests" time="0.110" status="1" />
    <testcase name="DeleteCustomProductShouldReturnSuccess" classname="Philips.CareEvent.Test.ProductProviderTests" time="0.027" status="1" />
    <testcase name="EnableAndDiablePPMProductImmediatelyShouldNotCreateDuplicateRecords" classname="Philips.CareEvent.Test.ProductProviderTests" time="0.009" status="1" />
    <testcase name="StoreNewCustomProductShouldReturnSuccess" classname="Philips.CareEvent.Test.ProductProviderTests" time="0.032" status="1" />
    <testcase name="StoreNewCustomProductShouldCreateDefaultCategories" classname="Philips.CareEvent.Test.ProductProviderTests" time="0.168" status="1" />
    <system-out />
    <system-err />
  </testsuite>
  <testsuite name="Philips.PMP.Test.Auto.EnterprisePortalServiceTest" hostname="RESTORMEL" package="not available" id="822" tests="7" failures="0" errors="0" skipped="0" time="0.018" timestamp="2023-12-13T03:36:23">
    <properties />
    <testcase name="BuildPatientUriListTest" classname="Philips.PMP.Test.Auto.EnterprisePortalServiceTest" time="0.008" status="1" />
    <testcase name="ShouldAddToSearchResultsTest (True,False,False,False,False,False,0)" classname="Philips.PMP.Test.Auto.EnterprisePortalServiceTest" time="0.003" status="1" />
    <testcase name="ShouldAddToSearchResultsTest (False,True,False,False,False,True,0)" classname="Philips.PMP.Test.Auto.EnterprisePortalServiceTest" time="0.001" status="1" />
    <testcase name="ShouldAddToSearchResultsTest (False,True,True,False,False,False,1)" classname="Philips.PMP.Test.Auto.EnterprisePortalServiceTest" time="0.001" status="1" />
    <testcase name="ShouldAddToSearchResultsTest (False,True,True,True,False,False,1)" classname="Philips.PMP.Test.Auto.EnterprisePortalServiceTest" time="0.001" status="1" />
    <testcase name="ShouldAddToSearchResultsTest (False,True,True,False,False,False,1)" classname="Philips.PMP.Test.Auto.EnterprisePortalServiceTest" time="0.002" status="1" />
    <testcase name="ShouldAddToSearchResultsTest (False,True,True,False,True,True,1)" classname="Philips.PMP.Test.Auto.EnterprisePortalServiceTest" time="0.001" status="1" />
    <system-out />
    <system-err />
  </testsuite>
  <testsuite name="Philips.PMP.Test.Auto.LanServerToIheGatewayConverterTest" hostname="RESTORMEL" package="not available" id="823" tests="5" failures="0" errors="0" skipped="0" time="0.041" timestamp="2023-12-13T03:29:44">
    <properties />
    <testcase name="ConvertToIheConfigurationTest (CapsuleMDIP,TCPServer,MDIP,Server,True)" classname="Philips.PMP.Test.Auto.LanServerToIheGatewayConverterTest" time="0.020" status="1" />
    <testcase name="ConvertToIheConfigurationTest (BBraunDoselinkPlus,TCPClient,BBraun,Client,False)" classname="Philips.PMP.Test.Auto.LanServerToIheGatewayConverterTest" time="0.001" status="1" />
    <testcase name="ConvertToIheConfigurationTest (BDAIC,TCPClient,BDAIC,Client,False)" classname="Philips.PMP.Test.Auto.LanServerToIheGatewayConverterTest" time="0.017" status="1" />
    <testcase name="ConvertNonIheLanServerToIheConfigurationTest (True,True)" classname="Philips.PMP.Test.Auto.LanServerToIheGatewayConverterTest" time="0.002" status="1" />
    <testcase name="ConvertNonIheLanServerToIheConfigurationTest (False,False)" classname="Philips.PMP.Test.Auto.LanServerToIheGatewayConverterTest" time="0.001" status="1" />
    <system-out />
    <system-err />
  </testsuite>
  <testsuite name="Philips.iX.DataBridge.Common.Test.HttpResponseMessageProcessorTest" hostname="RESTORMEL" package="not available" id="824" tests="11" failures="0" errors="0" skipped="0" time="0.200" timestamp="2023-12-13T03:27:40">
    <properties />
    <testcase name="ProcessorRetriesBasedOnStatusCodeClass (Continue,1)" classname="Philips.iX.DataBridge.Common.Test.HttpResponseMessageProcessorTest" time="0.183" status="1" />
    <testcase name="ProcessorRetriesBasedOnStatusCodeClass (OK,2)" classname="Philips.iX.DataBridge.Common.Test.HttpResponseMessageProcessorTest" time="0.000" status="1" />
    <testcase name="ProcessorRetriesBasedOnStatusCodeClass (Created,2)" classname="Philips.iX.DataBridge.Common.Test.HttpResponseMessageProcessorTest" time="0.000" status="1" />
    <testcase name="ProcessorRetriesBasedOnStatusCodeClass (NoContent,2)" classname="Philips.iX.DataBridge.Common.Test.HttpResponseMessageProcessorTest" time="0.000" status="1" />
    <testcase name="ProcessorRetriesBasedOnStatusCodeClass (NotModified,3)" classname="Philips.iX.DataBridge.Common.Test.HttpResponseMessageProcessorTest" time="0.005" status="1" />
    <testcase name="ProcessorRetriesBasedOnStatusCodeClass (BadRequest,4)" classname="Philips.iX.DataBridge.Common.Test.HttpResponseMessageProcessorTest" time="0.002" status="1" />
    <testcase name="ProcessorRetriesBasedOnStatusCodeClass (Unauthorized,4)" classname="Philips.iX.DataBridge.Common.Test.HttpResponseMessageProcessorTest" time="0.002" status="1" />
    <testcase name="ProcessorRetriesBasedOnStatusCodeClass (Forbidden,4)" classname="Philips.iX.DataBridge.Common.Test.HttpResponseMessageProcessorTest" time="0.002" status="1" />
    <testcase name="ProcessorRetriesBasedOnStatusCodeClass (NotFound,4)" classname="Philips.iX.DataBridge.Common.Test.HttpResponseMessageProcessorTest" time="0.002" status="1" />
    <testcase name="ProcessorRetriesBasedOnStatusCodeClass (Conflict,4)" classname="Philips.iX.DataBridge.Common.Test.HttpResponseMessageProcessorTest" time="0.002" status="1" />
    <testcase name="ProcessorRetriesBasedOnStatusCodeClass (InternalServerError,5)" classname="Philips.iX.DataBridge.Common.Test.HttpResponseMessageProcessorTest" time="0.002" status="1" />
    <system-out />
    <system-err />
  </testsuite>
  <testsuite name="Philips.PMP.Test.Auto.SnippetHelperTest" hostname="RESTORMEL" package="not available" id="825" tests="2" failures="0" errors="0" skipped="0" time="0.006" timestamp="2023-12-13T03:31:10">
    <properties />
    <testcase name="SnippetHelperNoBaselineTest" classname="Philips.PMP.Test.Auto.SnippetHelperTest" time="0.004" status="1" />
    <testcase name="SnippetHelperGetBaselineTimeStampTest" classname="Philips.PMP.Test.Auto.SnippetHelperTest" time="0.001" status="1" />
    <system-out />
    <system-err />
  </testsuite>
  <testsuite name="Philips.PMP.Test.Auto.InstitutionLabelHelperTest" hostname="RESTORMEL" package="not available" id="826" tests="2" failures="0" errors="0" skipped="0" time="0.278" timestamp="2023-12-13T03:30:46">
    <properties />
    <testcase name="InstitutionLabelFormatPatientNameWithInstitutionMyInstitutionNull" classname="Philips.PMP.Test.Auto.InstitutionLabelHelperTest" time="0.003" status="1" />
    <testcase name="InstitutionLabelTest" classname="Philips.PMP.Test.Auto.InstitutionLabelHelperTest" time="0.275" status="1" />
    <system-out />
    <system-err />
  </testsuite>
  <testsuite name="Philips.PMP.Test.Auto.ServiceQualifierTest" hostname="RESTORMEL" package="not available" id="827" tests="7" failures="0" errors="0" skipped="0" time="0.097" timestamp="2023-12-13T03:30:50">
    <properties />
    <testcase name="WatchdogQualifierTest" classname="Philips.PMP.Test.Auto.ServiceQualifierTest" time="0.001" status="1" />
    <testcase name="RemoteRegistryQualifierShouldNotBeDrivenStart" classname="Philips.PMP.Test.Auto.ServiceQualifierTest" time="0.002" status="1" />
    <testcase name="PrintSpoolerQualifier" classname="Philips.PMP.Test.Auto.ServiceQualifierTest" time="0.002" status="1" />
    <testcase name="WatchdogQualifierAutoStart (True,True)" classname="Philips.PMP.Test.Auto.ServiceQualifierTest" time="0.090" status="1" />
    <testcase name="WatchdogQualifierAutoStart (True,False)" classname="Philips.PMP.Test.Auto.ServiceQualifierTest" time="0.001" status="1" />
    <testcase name="WatchdogQualifierAutoStart (False,False)" classname="Philips.PMP.Test.Auto.ServiceQualifierTest" time="0.001" status="1" />
    <testcase name="WatchdogQualifierAutoStart (False,True)" classname="Philips.PMP.Test.Auto.ServiceQualifierTest" time="0.000" status="1" />
    <system-out />
    <system-err />
  </testsuite>
  <testsuite name="Philips.PMP.Test.Auto.UnitConversionHelperTest" hostname="RESTORMEL" package="not available" id="828" tests="24" failures="0" errors="0" skipped="0" time="0.043" timestamp="2023-12-13T03:29:39">
    <properties />
    <testcase name="ConversionTest (HECTO_PASCAL,KILO_PASCAL,0.1,5)" classname="Philips.PMP.Test.Auto.UnitConversionHelperTest" time="0.023" status="1" />
    <testcase name="ConversionTest (HECTO_PASCAL,MMHG,0.7501,4)" classname="Philips.PMP.Test.Auto.UnitConversionHelperTest" time="0.001" status="1" />
    <testcase name="ConversionTest (HECTO_PASCAL,CM_H2O,1.0197,4)" classname="Philips.PMP.Test.Auto.UnitConversionHelperTest" time="0.001" status="1" />
    <testcase name="ConversionTest (HECTO_PASCAL,MILLI_BAR,1,4)" classname="Philips.PMP.Test.Auto.UnitConversionHelperTest" time="0.001" status="1" />
    <testcase name="ConversionTest (KILO_PASCAL,HECTO_PASCAL,10,3)" classname="Philips.PMP.Test.Auto.UnitConversionHelperTest" time="0.001" status="1" />
    <testcase name="ConversionTest (KILO_PASCAL,MMHG,7.501,3)" classname="Philips.PMP.Test.Auto.UnitConversionHelperTest" time="0.001" status="1" />
    <testcase name="ConversionTest (KILO_PASCAL,CM_H2O,10.197,3)" classname="Philips.PMP.Test.Auto.UnitConversionHelperTest" time="0.001" status="1" />
    <testcase name="ConversionTest (KILO_PASCAL,MILLI_BAR,10,3)" classname="Philips.PMP.Test.Auto.UnitConversionHelperTest" time="0.001" status="1" />
    <testcase name="ConversionTest (MMHG,HECTO_PASCAL,1.3332,4)" classname="Philips.PMP.Test.Auto.UnitConversionHelperTest" time="0.001" status="1" />
    <testcase name="ConversionTest (MMHG,KILO_PASCAL,0.13332,5)" classname="Philips.PMP.Test.Auto.UnitConversionHelperTest" time="0.001" status="1" />
    <testcase name="ConversionTest (MMHG,CM_H2O,1.3595,4)" classname="Philips.PMP.Test.Auto.UnitConversionHelperTest" time="0.001" status="1" />
    <testcase name="ConversionTest (MMHG,MILLI_BAR,1.3332,4)" classname="Philips.PMP.Test.Auto.UnitConversionHelperTest" time="0.001" status="1" />
    <testcase name="ConversionTest (MILLI_BAR,HECTO_PASCAL,1,4)" classname="Philips.PMP.Test.Auto.UnitConversionHelperTest" time="0.001" status="1" />
    <testcase name="ConversionTest (MILLI_BAR,KILO_PASCAL,0.1,5)" classname="Philips.PMP.Test.Auto.UnitConversionHelperTest" time="0.001" status="1" />
    <testcase name="ConversionTest (MILLI_BAR,MMHG,0.7501,4)" classname="Philips.PMP.Test.Auto.UnitConversionHelperTest" time="0.001" status="1" />
    <testcase name="ConversionTest (MILLI_BAR,CM_H2O,1.0197,4)" classname="Philips.PMP.Test.Auto.UnitConversionHelperTest" time="0.001" status="1" />
    <testcase name="ConversionTest (CM_H2O,HECTO_PASCAL,0.9807,4)" classname="Philips.PMP.Test.Auto.UnitConversionHelperTest" time="0.001" status="1" />
    <testcase name="ConversionTest (CM_H2O,KILO_PASCAL,0.09807,5)" classname="Philips.PMP.Test.Auto.UnitConversionHelperTest" time="0.001" status="1" />
    <testcase name="ConversionTest (CM_H2O,MMHG,0.7356,4)" classname="Philips.PMP.Test.Auto.UnitConversionHelperTest" time="0.002" status="1" />
    <testcase name="ConversionTest (CM_H2O,MILLI_BAR,0.9807,4)" classname="Philips.PMP.Test.Auto.UnitConversionHelperTest" time="0.001" status="1" />
    <testcase name="ConversionTest (FAHR,DEGC,-17.2222,4)" classname="Philips.PMP.Test.Auto.UnitConversionHelperTest" time="0.001" status="1" />
    <testcase name="ConversionTest (DEGC,FAHR,33.8,4)" classname="Philips.PMP.Test.Auto.UnitConversionHelperTest" time="0.001" status="1" />
    <testcase name="ConversionTest (MILLI_L,X_L,0.001,7)" classname="Philips.PMP.Test.Auto.UnitConversionHelperTest" time="0.001" status="1" />
    <testcase name="ConversionTest (X_L,MILLI_L,1000,1)" classname="Philips.PMP.Test.Auto.UnitConversionHelperTest" time="0.001" status="1" />
    <system-out />
    <system-err />
  </testsuite>
  <testsuite name="Philips.PMP.Test.Auto.IntellibridgeDeviceDataTest" hostname="RESTORMEL" package="not available" id="829" tests="6" failures="0" errors="0" skipped="0" time="0.187" timestamp="2023-12-13T03:34:18">
    <properties />
    <testcase name="IntelliBridgeHelpDriverFilesTest" classname="Philips.PMP.Test.Auto.IntellibridgeDeviceDataTest" time="0.001" status="1" />
    <testcase name="IntelliBridgeDriverAcromedMessageInvariantCultureParseFloatTest" classname="Philips.PMP.Test.Auto.IntellibridgeDeviceDataTest" time="0.006" status="1" />
    <testcase name="IntelliBridgeHelpVersionTest" classname="Philips.PMP.Test.Auto.IntellibridgeDeviceDataTest" time="0.092" status="1" />
    <testcase name="IntelliBridgeDriverBBraunMessageInvariantCultureParseFloatTest" classname="Philips.PMP.Test.Auto.IntellibridgeDeviceDataTest" time="0.002" status="1" />
    <testcase name="IntelliBridgeDriverVerificationTest" classname="Philips.PMP.Test.Auto.IntellibridgeDeviceDataTest" time="0.086" status="1" />
    <testcase name="IntelliBridgeDriverArcomedClientMessageExtractionTest" classname="Philips.PMP.Test.Auto.IntellibridgeDeviceDataTest" time="0.001" status="1" />
    <system-out />
    <system-err />
  </testsuite>
  <testsuite name="Philips.PMP.Test.Auto.IheDeviceDataHelperTest" hostname="RESTORMEL" package="not available" id="830" tests="4" failures="0" errors="0" skipped="0" time="0.038" timestamp="2023-12-13T03:29:44">
    <properties />
    <testcase name="GetDataValueWithPrecisionTest" classname="Philips.PMP.Test.Auto.IheDeviceDataHelperTest" time="0.004" status="1" />
    <testcase name="UpdateNumericTest (131328,False)" classname="Philips.PMP.Test.Auto.IheDeviceDataHelperTest" time="0.031" status="1" />
    <testcase name="UpdateNumericTest (150017,True)" classname="Philips.PMP.Test.Auto.IheDeviceDataHelperTest" time="0.001" status="1" />
    <testcase name="GetObservationTimeTest" classname="Philips.PMP.Test.Auto.IheDeviceDataHelperTest" time="0.003" status="1" />
    <system-out />
    <system-err />
  </testsuite>
  <testsuite name="Philips.PMP.Test.Auto.PatientDataExportStorageQualifierTest" hostname="RESTORMEL" package="not available" id="831" tests="2" failures="0" errors="0" skipped="0" time="8.157" timestamp="2023-12-13T03:29:48">
    <properties />
    <testcase name="PatientDataExportStorageQualifierHostQualificationVerify (HostQualification,Success)" classname="Philips.PMP.Test.Auto.PatientDataExportStorageQualifierTest" time="0.129" status="1" />
    <testcase name="PatientDataExportStorageQualifierHostQualificationVerify (SystemValidation,Failure)" classname="Philips.PMP.Test.Auto.PatientDataExportStorageQualifierTest" time="8.028" status="1" />
    <system-out />
    <system-err />
  </testsuite>
  <testsuite name="Philips.PMP.Test.Auto.Ecg12LeadExportHelperTest" hostname="RESTORMEL" package="not available" id="832" tests="8" failures="0" errors="0" skipped="0" time="0.229" timestamp="2023-12-13T03:29:41">
    <properties />
    <testcase name="PhilipsExportDeviceTest (Philips.PMP.InfoObjects.Ecg12LeadExportSetting,True)" classname="Philips.PMP.Test.Auto.Ecg12LeadExportHelperTest" time="0.166" status="1" />
    <testcase name="PhilipsExportDeviceTest (Philips.PMP.InfoObjects.Ecg12LeadExportSetting,False)" classname="Philips.PMP.Test.Auto.Ecg12LeadExportHelperTest" time="0.001" status="1" />
    <testcase name="PhilipsExportDeviceTest (,False)" classname="Philips.PMP.Test.Auto.Ecg12LeadExportHelperTest" time="0.001" status="1" />
    <testcase name="GetHighLowWaveFiltersTest (Philips.IPM.MdilTypes.SaSignalFrequency,Philips.PMP.InfoObjects.Ecg12LeadExportSetting,False)" classname="Philips.PMP.Test.Auto.Ecg12LeadExportHelperTest" time="0.050" status="1" />
    <testcase name="GetHighLowWaveFiltersTest (Philips.IPM.MdilTypes.SaSignalFrequency,Philips.PMP.InfoObjects.Ecg12LeadExportSetting,True)" classname="Philips.PMP.Test.Auto.Ecg12LeadExportHelperTest" time="0.003" status="1" />
    <testcase name="GetEcg12ExportDeviceNameTest (,Not Configured)" classname="Philips.PMP.Test.Auto.Ecg12LeadExportHelperTest" time="0.005" status="1" />
    <testcase name="GetEcg12ExportDeviceNameTest (Philips.PMP.InfoObjects.Ecg12LeadExportSetting,Not Configured)" classname="Philips.PMP.Test.Auto.Ecg12LeadExportHelperTest" time="0.001" status="1" />
    <testcase name="GetEcg12ExportDeviceNameTest (Philips.PMP.InfoObjects.Ecg12LeadExportSetting,www.google.com)" classname="Philips.PMP.Test.Auto.Ecg12LeadExportHelperTest" time="0.001" status="1" />
    <system-out />
    <system-err />
  </testsuite>
  <testsuite name="Philips.PMP.Test.Auto.WebProxyProviderTest" hostname="RESTORMEL" package="not available" id="833" tests="3" failures="0" errors="0" skipped="0" time="0.145" timestamp="2023-12-13T03:33:34">
    <properties />
    <testcase name="WebProxyDeviceReturnsDnsName" classname="Philips.PMP.Test.Auto.WebProxyProviderTest" time="0.006" status="1" />
    <testcase name="WebProxyDeviceReturnsIpAddress" classname="Philips.PMP.Test.Auto.WebProxyProviderTest" time="0.006" status="1" />
    <testcase name="WebProxyDeviceTest" classname="Philips.PMP.Test.Auto.WebProxyProviderTest" time="0.134" status="1" />
    <system-out />
    <system-err />
  </testsuite>
  <testsuite name="Philips.PMP.Test.Auto.SpotCheckHelperTest" hostname="RESTORMEL" package="not available" id="834" tests="19" failures="0" errors="0" skipped="0" time="0.007" timestamp="2023-12-13T03:29:39">
    <properties />
    <testcase name="SpotCheckHelperIsScoreEnumerationWithDeteriorationTest (194954,True,True)" classname="Philips.PMP.Test.Auto.SpotCheckHelperTest" time="0.001" status="1" />
    <testcase name="SpotCheckHelperIsScoreEnumerationWithDeteriorationTest (195058,True,True)" classname="Philips.PMP.Test.Auto.SpotCheckHelperTest" time="0.000" status="1" />
    <testcase name="SpotCheckHelperIsScoreEnumerationWithDeteriorationTest (195057,True,True)" classname="Philips.PMP.Test.Auto.SpotCheckHelperTest" time="0.000" status="1" />
    <testcase name="SpotCheckHelperIsScoreEnumerationWithDeteriorationTest (193134,True,True)" classname="Philips.PMP.Test.Auto.SpotCheckHelperTest" time="0.000" status="1" />
    <testcase name="SpotCheckHelperIsScoreEnumerationWithDeteriorationTest (195135,True,True)" classname="Philips.PMP.Test.Auto.SpotCheckHelperTest" time="0.000" status="1" />
    <testcase name="SpotCheckHelperIsScoreEnumerationWithDeteriorationTest (195136,True,True)" classname="Philips.PMP.Test.Auto.SpotCheckHelperTest" time="0.000" status="1" />
    <testcase name="SpotCheckHelperIsScoreEnumerationWithDeteriorationTest (194954,False,True)" classname="Philips.PMP.Test.Auto.SpotCheckHelperTest" time="0.000" status="1" />
    <testcase name="SpotCheckHelperIsScoreEnumerationWithDeteriorationTest (195058,False,True)" classname="Philips.PMP.Test.Auto.SpotCheckHelperTest" time="0.000" status="1" />
    <testcase name="SpotCheckHelperIsScoreEnumerationWithDeteriorationTest (195057,False,True)" classname="Philips.PMP.Test.Auto.SpotCheckHelperTest" time="0.000" status="1" />
    <testcase name="SpotCheckHelperIsScoreEnumerationWithDeteriorationTest (193134,False,False)" classname="Philips.PMP.Test.Auto.SpotCheckHelperTest" time="0.000" status="1" />
    <testcase name="SpotCheckHelperIsScoreEnumerationWithDeteriorationTest (195135,False,False)" classname="Philips.PMP.Test.Auto.SpotCheckHelperTest" time="0.000" status="1" />
    <testcase name="SpotCheckHelperIsScoreEnumerationWithDeteriorationTest (195136,False,False)" classname="Philips.PMP.Test.Auto.SpotCheckHelperTest" time="0.000" status="1" />
    <testcase name="SpotCheckHelperIsScoreEnumerationTest (194954,True)" classname="Philips.PMP.Test.Auto.SpotCheckHelperTest" time="0.001" status="1" />
    <testcase name="SpotCheckHelperIsScoreEnumerationTest (195058,True)" classname="Philips.PMP.Test.Auto.SpotCheckHelperTest" time="0.000" status="1" />
    <testcase name="SpotCheckHelperIsScoreEnumerationTest (195057,True)" classname="Philips.PMP.Test.Auto.SpotCheckHelperTest" time="0.000" status="1" />
    <testcase name="SpotCheckHelperIsScoreEnumerationTest (193134,True)" classname="Philips.PMP.Test.Auto.SpotCheckHelperTest" time="0.000" status="1" />
    <testcase name="SpotCheckHelperIsScoreEnumerationTest (195135,True)" classname="Philips.PMP.Test.Auto.SpotCheckHelperTest" time="0.000" status="1" />
    <testcase name="SpotCheckHelperIsScoreEnumerationTest (195136,True)" classname="Philips.PMP.Test.Auto.SpotCheckHelperTest" time="0.000" status="1" />
    <testcase name="SpotCheckHelperIsScoreEnumerationTest (195694,False)" classname="Philips.PMP.Test.Auto.SpotCheckHelperTest" time="0.000" status="1" />
    <system-out />
    <system-err />
  </testsuite>
  <testsuite name="Philips.PMP.Test.Auto.WirelessQualifierTest" hostname="RESTORMEL" package="not available" id="835" tests="1" failures="0" errors="0" skipped="0" time="0.006" timestamp="2023-12-13T03:34:12">
    <properties />
    <testcase name="WirelessQualiferTest" classname="Philips.PMP.Test.Auto.WirelessQualifierTest" time="0.006" status="1" />
    <system-out />
    <system-err />
  </testsuite>
  <testsuite name="Philips.PMP.Test.Auto.PhysioDataTest" hostname="RESTORMEL" package="not available" id="836" tests="9" failures="0" errors="0" skipped="0" time="0.317" timestamp="2023-12-13T03:35:52">
    <properties />
    <testcase name="PhysioDataNumericIsNotEwsScore" classname="Philips.PMP.Test.Auto.PhysioDataTest" time="0.003" status="1" />
    <testcase name="PhysioDataEnumIsEwsScore (63882,True)" classname="Philips.PMP.Test.Auto.PhysioDataTest" time="0.001" status="1" />
    <testcase name="PhysioDataEnumIsEwsScore (63986,True)" classname="Philips.PMP.Test.Auto.PhysioDataTest" time="0.000" status="1" />
    <testcase name="PhysioDataEnumIsEwsScore (63882,True)" classname="Philips.PMP.Test.Auto.PhysioDataTest" time="0.000" status="1" />
    <testcase name="PhysioDataEnumIsEwsScore (62062,True)" classname="Philips.PMP.Test.Auto.PhysioDataTest" time="0.000" status="1" />
    <testcase name="PhysioDataEnumIsEwsScore (64063,True)" classname="Philips.PMP.Test.Auto.PhysioDataTest" time="0.000" status="1" />
    <testcase name="PhysioDataEnumIsEwsScore (64064,True)" classname="Philips.PMP.Test.Auto.PhysioDataTest" time="0.001" status="1" />
    <testcase name="PhysioDataEnumIsEwsScore (63881,False)" classname="Philips.PMP.Test.Auto.PhysioDataTest" time="0.000" status="1" />
    <testcase name="PhysioDataFindAllPdtLocations" classname="Philips.PMP.Test.Auto.PhysioDataTest" time="0.310" status="1" />
    <system-out />
    <system-err />
  </testsuite>
  <testsuite name="Philips.PMP.Test.Auto.InputCommunicationTcpConnectionTests" hostname="RESTORMEL" package="not available" id="837" tests="7" failures="0" errors="0" skipped="0" time="0.644" timestamp="2023-12-13T03:29:36">
    <properties />
    <testcase name="AlertDispatcherInitializingTcpClientAuthenticatesAsClient" classname="Philips.PMP.Test.Auto.InputCommunicationTcpConnectionTests" time="0.516" status="1" />
    <testcase name="InboundXmlMessageMgrTestOnTcpConnectionAuthenticatesAsServer" classname="Philips.PMP.Test.Auto.InputCommunicationTcpConnectionTests" time="0.099" status="1" />
    <testcase name="InitializingTcpClientVerifyWithAuthentication (True,False,True)" classname="Philips.PMP.Test.Auto.InputCommunicationTcpConnectionTests" time="0.005" status="1" />
    <testcase name="InitializingTcpClientVerifyWithAuthentication (False,False,False)" classname="Philips.PMP.Test.Auto.InputCommunicationTcpConnectionTests" time="0.005" status="1" />
    <testcase name="InitializingTcpClientVerifyWithAuthentication (False,True,False)" classname="Philips.PMP.Test.Auto.InputCommunicationTcpConnectionTests" time="0.010" status="1" />
    <testcase name="InitializingTcpClientVerifyWithAuthentication (True,True,False)" classname="Philips.PMP.Test.Auto.InputCommunicationTcpConnectionTests" time="0.003" status="1" />
    <testcase name="InboundXmlMessageMgrTestConnectionPerformanceCounter" classname="Philips.PMP.Test.Auto.InputCommunicationTcpConnectionTests" time="0.007" status="1" />
    <system-out />
    <system-err />
  </testsuite>
  <testsuite name="Philips.PMP.Test.Auto.RemoteDataServiceTest" hostname="RESTORMEL" package="not available" id="838" tests="1" failures="0" errors="0" skipped="0" time="0.205" timestamp="2023-12-13T03:36:53">
    <properties />
    <testcase name="RemoteDataServicePatientChangeTest" classname="Philips.PMP.Test.Auto.RemoteDataServiceTest" time="0.205" status="1" />
    <system-out />
    <system-err />
  </testsuite>
  <testsuite name="Philips.PMP.Test.Auto.EventInfoExTest" hostname="RESTORMEL" package="not available" id="839" tests="1" failures="0" errors="0" skipped="0" time="0.018" timestamp="2023-12-13T03:29:42">
    <properties />
    <testcase name="ToDeidentifiedXmlStringShouldNotReturnPii" classname="Philips.PMP.Test.Auto.EventInfoExTest" time="0.018" status="1" />
    <system-out />
    <system-err />
  </testsuite>
  <testsuite name="Philips.iX.DataBridge.Common.Test.AcpmpCleanupMgrTest" hostname="RESTORMEL" package="not available" id="840" tests="2" failures="0" errors="0" skipped="0" time="0.289" timestamp="2023-12-13T03:27:38">
    <properties />
    <testcase name="AcpmpCleanupMgrDoesCleanup (True)" classname="Philips.iX.DataBridge.Common.Test.AcpmpCleanupMgrTest" time="0.226" status="1" />
    <testcase name="AcpmpCleanupMgrDoesCleanup (False)" classname="Philips.iX.DataBridge.Common.Test.AcpmpCleanupMgrTest" time="0.063" status="1" />
    <system-out />
    <system-err />
  </testsuite>
  <testsuite name="Philips.PIC.WebBridge.Test.ResourceHelperTest" hostname="RESTORMEL" package="not available" id="841" tests="4" failures="0" errors="0" skipped="0" time="0.126" timestamp="2023-12-13T03:39:10">
    <properties />
    <testcase name="GetAdditioanlRetrospectiveResourcesTest" classname="Philips.PIC.WebBridge.Test.ResourceHelperTest" time="0.007" status="1" />
    <testcase name="GetAdditioanlSinglePatientViewResources" classname="Philips.PIC.WebBridge.Test.ResourceHelperTest" time="0.107" status="1" />
    <testcase name="GetAdditioanlUdiResourcesTest" classname="Philips.PIC.WebBridge.Test.ResourceHelperTest" time="0.007" status="1" />
    <testcase name="GetAdditioanlUnitLicensingResourcesTest" classname="Philips.PIC.WebBridge.Test.ResourceHelperTest" time="0.005" status="1" />
    <system-out />
    <system-err />
  </testsuite>
  <testsuite name="Philips.PMP.Test.Auto.PatientSyncProviderTest" hostname="RESTORMEL" package="not available" id="842" tests="18" failures="0" errors="0" skipped="0" time="0.617" timestamp="2023-12-13T03:33:07">
    <properties />
    <testcase name="DbSyncHelperAddPatientSettingsToSyncTest (True,False,False,False)" classname="Philips.PMP.Test.Auto.PatientSyncProviderTest" time="0.024" status="1" />
    <testcase name="DbSyncHelperAddPatientSettingsToSyncTest (False,True,False,False)" classname="Philips.PMP.Test.Auto.PatientSyncProviderTest" time="0.050" status="1" />
    <testcase name="DbSyncHelperAddPatientSettingsToSyncTest (True,True,False,False)" classname="Philips.PMP.Test.Auto.PatientSyncProviderTest" time="0.045" status="1" />
    <testcase name="DbSyncHelperAddPatientSettingsToSyncTest (True,True,True,True)" classname="Philips.PMP.Test.Auto.PatientSyncProviderTest" time="0.234" status="1" />
    <testcase name="DbSyncDischargePatientTest (False,False,False,False,False,1)" classname="Philips.PMP.Test.Auto.PatientSyncProviderTest" time="0.015" status="1" />
    <testcase name="DbSyncDischargePatientTest (True,True,False,True,False,1)" classname="Philips.PMP.Test.Auto.PatientSyncProviderTest" time="0.004" status="1" />
    <testcase name="DbSyncDischargePatientTest (True,True,False,False,False,1)" classname="Philips.PMP.Test.Auto.PatientSyncProviderTest" time="0.003" status="1" />
    <testcase name="DbSyncDischargePatientTest (True,True,True,True,False,0)" classname="Philips.PMP.Test.Auto.PatientSyncProviderTest" time="0.006" status="1" />
    <testcase name="DbSyncDischargePatientTest (True,True,True,True,False,0)" classname="Philips.PMP.Test.Auto.PatientSyncProviderTest" time="0.005" status="1" />
    <testcase name="DbSyncDischargePatientTest (True,False,False,True,False,1)" classname="Philips.PMP.Test.Auto.PatientSyncProviderTest" time="0.003" status="1" />
    <testcase name="DbSyncDischargePatientTest (True,False,True,True,False,1)" classname="Philips.PMP.Test.Auto.PatientSyncProviderTest" time="0.003" status="1" />
    <testcase name="DbSyncDischargePatientTest (True,False,True,False,True,0)" classname="Philips.PMP.Test.Auto.PatientSyncProviderTest" time="0.004" status="1" />
    <testcase name="DbSyncDischargePatientTest (True,False,True,False,False,0)" classname="Philips.PMP.Test.Auto.PatientSyncProviderTest" time="0.004" status="1" />
    <testcase name="DbSyncDischargePatientTest (True,False,True,False,False,0)" classname="Philips.PMP.Test.Auto.PatientSyncProviderTest" time="0.004" status="1" />
    <testcase name="DbSyncDischargePatientTest (True,False,False,False,False,0)" classname="Philips.PMP.Test.Auto.PatientSyncProviderTest" time="0.004" status="1" />
    <testcase name="PatientProviderCanSyncPatientTest" classname="Philips.PMP.Test.Auto.PatientSyncProviderTest" time="0.020" status="1" />
    <testcase name="PatientProviderSyncPatientTest (True,False,True)" classname="Philips.PMP.Test.Auto.PatientSyncProviderTest" time="0.122" status="1" />
    <testcase name="PatientProviderSyncPatientTest (False,True,False)" classname="Philips.PMP.Test.Auto.PatientSyncProviderTest" time="0.067" status="1" />
    <system-out />
    <system-err />
  </testsuite>
  <testsuite name="Philips.CareEvent.Test.EventWorkflowServiceMgrTests" hostname="RESTORMEL" package="not available" id="843" tests="3" failures="0" errors="0" skipped="0" time="0.274" timestamp="2023-12-13T03:28:15">
    <properties />
    <testcase name="UpdatePartitionsReturnsFalseOnNoNotificationserverTest" classname="Philips.CareEvent.Test.EventWorkflowServiceMgrTests" time="0.090" status="1" />
    <testcase name="CheckNotificationServerIsCalledForEventWorkflowProxy" classname="Philips.CareEvent.Test.EventWorkflowServiceMgrTests" time="0.181" status="1" />
    <testcase name="UpdatePartitionsTest" classname="Philips.CareEvent.Test.EventWorkflowServiceMgrTests" time="0.003" status="1" />
    <system-out />
    <system-err />
  </testsuite>
  <testsuite name="Philips.PMP.Test.Auto.HardwareCompatibilityQualifierTest" hostname="RESTORMEL" package="not available" id="844" tests="4" failures="0" errors="0" skipped="0" time="0.058" timestamp="2023-12-13T03:29:43">
    <properties />
    <testcase name="HardwareCompatibilityQualifierBlocksDb1Rp5810 (Philips rp5810 Desktop,True,Warning)" classname="Philips.PMP.Test.Auto.HardwareCompatibilityQualifierTest" time="0.025" status="1" />
    <testcase name="HardwareCompatibilityQualifierBlocksDb1Rp5810 (Philips rp5810 Desktop,False,Failure)" classname="Philips.PMP.Test.Auto.HardwareCompatibilityQualifierTest" time="0.027" status="1" />
    <testcase name="HardwareCompatibilityQualifierBlocksDb1Rp5810 (HP Engagle Flex Pro,True,Success)" classname="Philips.PMP.Test.Auto.HardwareCompatibilityQualifierTest" time="0.002" status="1" />
    <testcase name="HardwareCompatibilityQualifierBlocksDb1Rp5810 (HP Engagle Flex Pro,False,Success)" classname="Philips.PMP.Test.Auto.HardwareCompatibilityQualifierTest" time="0.003" status="1" />
    <system-out />
    <system-err />
  </testsuite>
  <testsuite name="Philips.PMP.Test.Auto.PriorityCatalogHelperTest" hostname="RESTORMEL" package="not available" id="845" tests="20" failures="0" errors="0" skipped="0" time="0.019" timestamp="2023-12-13T03:29:39">
    <properties />
    <testcase name="PriorityCatalogHelperIdentifiesColorConfigurableEntries (131074,True,True)" classname="Philips.PMP.Test.Auto.PriorityCatalogHelperTest" time="0.005" status="1" />
    <testcase name="PriorityCatalogHelperIdentifiesColorConfigurableEntries (131840,True,False)" classname="Philips.PMP.Test.Auto.PriorityCatalogHelperTest" time="0.001" status="1" />
    <testcase name="PriorityCatalogHelperIdentifiesColorConfigurableEntries (147232,True,False)" classname="Philips.PMP.Test.Auto.PriorityCatalogHelperTest" time="0.000" status="1" />
    <testcase name="PriorityCatalogHelperIdentifiesColorConfigurableEntries (2169263179,True,False)" classname="Philips.PMP.Test.Auto.PriorityCatalogHelperTest" time="0.000" status="1" />
    <testcase name="PriorityCatalogHelperIdentifiesColorConfigurableEntries (192723,True,False)" classname="Philips.PMP.Test.Auto.PriorityCatalogHelperTest" time="0.001" status="1" />
    <testcase name="PriorityCatalogHelperIdentifiesColorConfigurableEntries (192715,True,False)" classname="Philips.PMP.Test.Auto.PriorityCatalogHelperTest" time="0.000" status="1" />
    <testcase name="PriorityCatalogHelperIdentifiesColorConfigurableEntries (192719,True,False)" classname="Philips.PMP.Test.Auto.PriorityCatalogHelperTest" time="0.000" status="1" />
    <testcase name="PriorityCatalogHelperIdentifiesColorConfigurableEntries (2169263154,True,False)" classname="Philips.PMP.Test.Auto.PriorityCatalogHelperTest" time="0.000" status="1" />
    <testcase name="PriorityCatalogHelperIdentifiesColorConfigurableEntries (2169263156,True,False)" classname="Philips.PMP.Test.Auto.PriorityCatalogHelperTest" time="0.000" status="1" />
    <testcase name="PriorityCatalogHelperIdentifiesColorConfigurableEntries (2169263158,True,False)" classname="Philips.PMP.Test.Auto.PriorityCatalogHelperTest" time="0.002" status="1" />
    <testcase name="PriorityCatalogHelperIdentifiesColorConfigurableEntries (2169263105,True,False)" classname="Philips.PMP.Test.Auto.PriorityCatalogHelperTest" time="0.001" status="1" />
    <testcase name="PriorityCatalogHelperIdentifiesColorConfigurableEntries (2169263107,True,False)" classname="Philips.PMP.Test.Auto.PriorityCatalogHelperTest" time="0.002" status="1" />
    <testcase name="PriorityCatalogHelperIdentifiesColorConfigurableEntries (2169263109,True,False)" classname="Philips.PMP.Test.Auto.PriorityCatalogHelperTest" time="0.002" status="1" />
    <testcase name="PriorityCatalogHelperIdentifiesColorConfigurableEntries (2155172867,True,False)" classname="Philips.PMP.Test.Auto.PriorityCatalogHelperTest" time="0.000" status="1" />
    <testcase name="PriorityCatalogHelperIdentifiesColorConfigurableEntries (2155172868,True,False)" classname="Philips.PMP.Test.Auto.PriorityCatalogHelperTest" time="0.000" status="1" />
    <testcase name="PriorityCatalogHelperIdentifiesColorConfigurableEntries (2155172950,True,False)" classname="Philips.PMP.Test.Auto.PriorityCatalogHelperTest" time="0.000" status="1" />
    <testcase name="PriorityCatalogHelperIdentifiesColorConfigurableEntries (2155172873,True,False)" classname="Philips.PMP.Test.Auto.PriorityCatalogHelperTest" time="0.000" status="1" />
    <testcase name="PriorityCatalogHelperIdentifiesColorConfigurableEntries (192593,True,False)" classname="Philips.PMP.Test.Auto.PriorityCatalogHelperTest" time="0.000" status="1" />
    <testcase name="PriorityCatalogHelperIdentifiesColorConfigurableEntries (147236,True,False)" classname="Philips.PMP.Test.Auto.PriorityCatalogHelperTest" time="0.000" status="1" />
    <testcase name="PriorityCatalogHelperIdentifiesColorConfigurableEntries (192854,True,False)" classname="Philips.PMP.Test.Auto.PriorityCatalogHelperTest" time="0.000" status="1" />
    <system-out />
    <system-err />
  </testsuite>
  <testsuite name="Philips.PMP.Test.Auto.PhysioDataPurgeTest" hostname="RESTORMEL" package="not available" id="846" tests="3" failures="0" errors="0" skipped="0" time="0.154" timestamp="2023-12-13T03:35:25">
    <properties />
    <testcase name="UpdatedTimesPurgeTest" classname="Philips.PMP.Test.Auto.PhysioDataPurgeTest" time="0.039" status="1" />
    <testcase name="PhysioProviderPurgeAfterEndAllAlerts" classname="Philips.PMP.Test.Auto.PhysioDataPurgeTest" time="0.070" status="1" />
    <testcase name="PhysioProviderGetOrphanStayTest" classname="Philips.PMP.Test.Auto.PhysioDataPurgeTest" time="0.045" status="1" />
    <system-out />
    <system-err />
  </testsuite>
  <testsuite name="Philips.PMP.Test.Auto.RfidAuthenticationProcessorTest" hostname="RESTORMEL" package="not available" id="847" tests="1" failures="0" errors="0" skipped="0" time="0.520" timestamp="2023-12-13T03:30:00">
    <properties />
    <testcase name="RfidAuthenticationProcessorRfidDataReceived" classname="Philips.PMP.Test.Auto.RfidAuthenticationProcessorTest" time="0.520" status="1" />
    <system-out />
    <system-err />
  </testsuite>
  <testsuite name="Philips.PMP.Test.Auto.DisplayControllerFormTest" hostname="RESTORMEL" package="not available" id="848" tests="2" failures="0" errors="0" skipped="0" time="0.020" timestamp="2023-12-13T03:30:19">
    <properties />
    <testcase name="KeyboardUnlockedAlertContainsUserInfo (True)" classname="Philips.PMP.Test.Auto.DisplayControllerFormTest" time="0.013" status="1" />
    <testcase name="KeyboardUnlockedAlertContainsUserInfo (False)" classname="Philips.PMP.Test.Auto.DisplayControllerFormTest" time="0.007" status="1" />
    <system-out />
    <system-err />
  </testsuite>
  <testsuite name="Philips.CareEvent.Test.DisconnectEventReporterTests" hostname="RESTORMEL" package="not available" id="849" tests="1" failures="0" errors="0" skipped="0" time="0.277" timestamp="2023-12-13T03:28:08">
    <properties />
    <testcase name="CreateDisconnectEventTest" classname="Philips.CareEvent.Test.DisconnectEventReporterTests" time="0.277" status="1" />
    <system-out />
    <system-err />
  </testsuite>
  <testsuite name="Philips.CareEvent.Test.MobileCarrierSettingsControlTest" hostname="RESTORMEL" package="not available" id="850" tests="6" failures="0" errors="0" skipped="0" time="0.049" timestamp="2023-12-13T03:28:26">
    <properties />
    <testcase name="ValidateAndSaveSettingsTest (,False,Empty name test)" classname="Philips.CareEvent.Test.MobileCarrierSettingsControlTest" time="0.010" status="1" />
    <testcase name="ValidateAndSaveSettingsTest (TestCarrier&lt;&gt;,False,Illegal character in name test)" classname="Philips.CareEvent.Test.MobileCarrierSettingsControlTest" time="0.008" status="1" />
    <testcase name="ValidateAndSaveSettingsTest (TestCarrier1,True,Name not changed test)" classname="Philips.CareEvent.Test.MobileCarrierSettingsControlTest" time="0.008" status="1" />
    <testcase name="ValidateAndSaveSettingsTest (TestCarrier2,False,Existing name test)" classname="Philips.CareEvent.Test.MobileCarrierSettingsControlTest" time="0.008" status="1" />
    <testcase name="ValidateAndSaveSettingsTest (TestCarrier3,True,New valid name test)" classname="Philips.CareEvent.Test.MobileCarrierSettingsControlTest" time="0.008" status="1" />
    <testcase name="TextFieldLengthTest" classname="Philips.CareEvent.Test.MobileCarrierSettingsControlTest" time="0.007" status="1" />
    <system-out />
    <system-err />
  </testsuite>
  <testsuite name="Philips.PMP.Test.Auto.DeviceServiceTest" hostname="RESTORMEL" package="not available" id="851" tests="15" failures="0" errors="0" skipped="0" time="0.465" timestamp="2023-12-13T03:33:36">
    <properties />
    <testcase name="DeviceServiceCloseSecureConnectionTest" classname="Philips.PMP.Test.Auto.DeviceServiceTest" time="0.003" status="1" />
    <testcase name="DeviceServiceUpdateDaNonSecureChannelTest (False,False,False,True)" classname="Philips.PMP.Test.Auto.DeviceServiceTest" time="0.056" status="1" />
    <testcase name="DeviceServiceUpdateDaNonSecureChannelTest (True,False,False,True)" classname="Philips.PMP.Test.Auto.DeviceServiceTest" time="0.009" status="1" />
    <testcase name="DeviceServiceUpdateDaNonSecureChannelTest (True,True,True,True)" classname="Philips.PMP.Test.Auto.DeviceServiceTest" time="0.007" status="1" />
    <testcase name="DeviceServiceUpdateDaNonSecureChannelTest (True,True,False,False)" classname="Philips.PMP.Test.Auto.DeviceServiceTest" time="0.008" status="1" />
    <testcase name="DeviceServiceGetDeviceSecureChannelInfoTest (2,True)" classname="Philips.PMP.Test.Auto.DeviceServiceTest" time="0.002" status="1" />
    <testcase name="DeviceServiceGetDeviceSecureChannelInfoTest (2,False)" classname="Philips.PMP.Test.Auto.DeviceServiceTest" time="0.001" status="1" />
    <testcase name="DeviceServiceGetDeviceSecureChannelInfoTest (6,True)" classname="Philips.PMP.Test.Auto.DeviceServiceTest" time="0.002" status="1" />
    <testcase name="DeviceServiceGetDeviceSecureChannelInfoTest (6,False)" classname="Philips.PMP.Test.Auto.DeviceServiceTest" time="0.001" status="1" />
    <testcase name="DeviceServiceWriteOutboundSecureMessageTest" classname="Philips.PMP.Test.Auto.DeviceServiceTest" time="0.126" status="1" />
    <testcase name="DeviceServicesUpdateRunningCdsProtocolsTest" classname="Philips.PMP.Test.Auto.DeviceServiceTest" time="0.004" status="1" />
    <testcase name="UpdateDaPrintersOnSecurityConfigChange" classname="Philips.PMP.Test.Auto.DeviceServiceTest" time="0.201" status="1" />
    <testcase name="DeviceServiceStartSecureChannelTest (True)" classname="Philips.PMP.Test.Auto.DeviceServiceTest" time="0.026" status="1" />
    <testcase name="DeviceServiceStartSecureChannelTest (False)" classname="Philips.PMP.Test.Auto.DeviceServiceTest" time="0.011" status="1" />
    <testcase name="DeviceServiceBrokenNetworkInopAudibleTest" classname="Philips.PMP.Test.Auto.DeviceServiceTest" time="0.007" status="1" />
    <system-out />
    <system-err />
  </testsuite>
  <testsuite name="Philips.PMP.Test.Auto.DbConnectionStatusMgrTest" hostname="RESTORMEL" package="not available" id="852" tests="19" failures="0" errors="0" skipped="0" time="0.714" timestamp="2023-12-13T03:29:40">
    <properties />
    <testcase name="DbConnectionStatusDiscoverTest (True,True,localHost,True,Unknown,Connected)" classname="Philips.PMP.Test.Auto.DbConnectionStatusMgrTest" time="0.301" status="1" />
    <testcase name="DbConnectionStatusDiscoverTest (True,False,localHost,True,Connected,Connected)" classname="Philips.PMP.Test.Auto.DbConnectionStatusMgrTest" time="0.030" status="1" />
    <testcase name="DbConnectionStatusDiscoverTest (False,False,X,True,MaintenanceMode,MaintenanceMode)" classname="Philips.PMP.Test.Auto.DbConnectionStatusMgrTest" time="0.013" status="1" />
    <testcase name="DbConnectionStatusDiscoverTest (False,False,X,True,Local,Unreachable)" classname="Philips.PMP.Test.Auto.DbConnectionStatusMgrTest" time="0.016" status="1" />
    <testcase name="DbConnectionStatusDiscoverTest (False,True,localHost,True,MaintenanceMode,MaintenanceMode)" classname="Philips.PMP.Test.Auto.DbConnectionStatusMgrTest" time="0.019" status="1" />
    <testcase name="DbConnectionStatusDiscoverTest (False,True,localHost,True,Connected,Connected)" classname="Philips.PMP.Test.Auto.DbConnectionStatusMgrTest" time="0.004" status="1" />
    <testcase name="DbConnectionStatusDiscoverTest (False,True,X,True,MaintenanceMode,MaintenanceMode)" classname="Philips.PMP.Test.Auto.DbConnectionStatusMgrTest" time="0.008" status="1" />
    <testcase name="DbConnectionStatusDiscoverTest (False,True,X,True,Local,Unreachable)" classname="Philips.PMP.Test.Auto.DbConnectionStatusMgrTest" time="0.016" status="1" />
    <testcase name="DbConnectionStatusDiscoverTest (False,True,localHost,False,Connected,Unreachable)" classname="Philips.PMP.Test.Auto.DbConnectionStatusMgrTest" time="0.007" status="1" />
    <testcase name="DbConnectionStatusDiscoverTest (False,True,localHost,False,LocalButServerAvailable,Unreachable)" classname="Philips.PMP.Test.Auto.DbConnectionStatusMgrTest" time="0.003" status="1" />
    <testcase name="DbConnectionStatusDiscoverTest (False,True,localHost,False,ForcedLocal,ForcedLocal)" classname="Philips.PMP.Test.Auto.DbConnectionStatusMgrTest" time="0.003" status="1" />
    <testcase name="DbConnectionStatusDiscoverTest (False,True,localHost,True,ForcedLocal,ForcedLocal)" classname="Philips.PMP.Test.Auto.DbConnectionStatusMgrTest" time="0.003" status="1" />
    <testcase name="DbConnectionStatusDiscoverTest (False,True,localHost,True,Local,LocalButServerAvailable)" classname="Philips.PMP.Test.Auto.DbConnectionStatusMgrTest" time="0.002" status="1" />
    <testcase name="DbConnectionStatusDiscoverTest (False,True,localHost,True,Connected,Connected)" classname="Philips.PMP.Test.Auto.DbConnectionStatusMgrTest" time="0.003" status="1" />
    <testcase name="DbConnectionStatusDetermineTest (False)" classname="Philips.PMP.Test.Auto.DbConnectionStatusMgrTest" time="0.264" status="1" />
    <testcase name="DbConnectionStatusDetermineTest (True)" classname="Philips.PMP.Test.Auto.DbConnectionStatusMgrTest" time="0.022" status="1" />
    <testcase name="DbConnectionStatusIsServiceModeTest (MaintenanceMode,True)" classname="Philips.PMP.Test.Auto.DbConnectionStatusMgrTest" time="0.001" status="1" />
    <testcase name="DbConnectionStatusIsServiceModeTest (Connected,False)" classname="Philips.PMP.Test.Auto.DbConnectionStatusMgrTest" time="0.000" status="1" />
    <testcase name="DbConnectionStatusIsServiceModeTest (ForcedLocal,True)" classname="Philips.PMP.Test.Auto.DbConnectionStatusMgrTest" time="0.000" status="1" />
    <system-out />
    <system-err />
  </testsuite>
  <testsuite name="Philips.PMP.Test.Auto.MobileDataSubscriptionTest" hostname="RESTORMEL" package="not available" id="853" tests="4" failures="0" errors="0" skipped="0" time="0.258" timestamp="2023-12-13T03:29:38">
    <properties />
    <testcase name="MobileDataSubscriptionBridgeSubscriptionFiltersNumericsEnumerationsOnly" classname="Philips.PMP.Test.Auto.MobileDataSubscriptionTest" time="0.072" status="1" />
    <testcase name="MobileDataSubscriptionBridgeSubscriptionFillsSpecificsFirst" classname="Philips.PMP.Test.Auto.MobileDataSubscriptionTest" time="0.011" status="1" />
    <testcase name="MobileDataSubscriptionBridgeSubscriptionFiltersNumerics" classname="Philips.PMP.Test.Auto.MobileDataSubscriptionTest" time="0.167" status="1" />
    <testcase name="MobileDataSubscriptionBridgeSubscriptionSupportsGroupsNumerics" classname="Philips.PMP.Test.Auto.MobileDataSubscriptionTest" time="0.009" status="1" />
    <system-out />
    <system-err />
  </testsuite>
  <testsuite name="Philips.PMP.Test.Auto.DbExecutionMgrTest" hostname="RESTORMEL" package="not available" id="854" tests="14" failures="0" errors="0" skipped="0" time="0.528" timestamp="2023-12-13T03:29:40">
    <properties />
    <testcase name="DbExecutionMgrLocalWhenConfigurationServer (False,True,1,0)" classname="Philips.PMP.Test.Auto.DbExecutionMgrTest" time="0.430" status="1" />
    <testcase name="DbExecutionMgrLocalWhenConfigurationServer (False,False,0,1)" classname="Philips.PMP.Test.Auto.DbExecutionMgrTest" time="0.022" status="1" />
    <testcase name="DbExecutionMgrLocalWhenConfigurationServer (True,False,1,0)" classname="Philips.PMP.Test.Auto.DbExecutionMgrTest" time="0.018" status="1" />
    <testcase name="DbExecutionMgrDoesProcessResultsForLocalQueries (False,False,False)" classname="Philips.PMP.Test.Auto.DbExecutionMgrTest" time="0.015" status="1" />
    <testcase name="DbExecutionMgrDoesProcessResultsForLocalQueries (False,True,False)" classname="Philips.PMP.Test.Auto.DbExecutionMgrTest" time="0.003" status="1" />
    <testcase name="DbExecutionMgrDoesProcessResultsForLocalQueries (True,False,False)" classname="Philips.PMP.Test.Auto.DbExecutionMgrTest" time="0.002" status="1" />
    <testcase name="DbExecutionMgrDoesProcessResultsForLocalQueries (True,True,False)" classname="Philips.PMP.Test.Auto.DbExecutionMgrTest" time="0.002" status="1" />
    <testcase name="DbExecutionMgrDoesProcessResultsForLocalQueries (False,False,True)" classname="Philips.PMP.Test.Auto.DbExecutionMgrTest" time="0.010" status="1" />
    <testcase name="DbExecutionMgrDoesProcessResultsForLocalQueries (False,True,True)" classname="Philips.PMP.Test.Auto.DbExecutionMgrTest" time="0.003" status="1" />
    <testcase name="DbExecutionMgrDoesProcessResultsForLocalQueries (True,False,True)" classname="Philips.PMP.Test.Auto.DbExecutionMgrTest" time="0.003" status="1" />
    <testcase name="DbExecutionMgrDoesProcessResultsForLocalQueries (True,True,True)" classname="Philips.PMP.Test.Auto.DbExecutionMgrTest" time="0.003" status="1" />
    <testcase name="DbExecutionMgrDoesProcessResultsForRemoteHost (False,False)" classname="Philips.PMP.Test.Auto.DbExecutionMgrTest" time="0.003" status="1" />
    <testcase name="DbExecutionMgrDoesProcessResultsForRemoteHost (True,False)" classname="Philips.PMP.Test.Auto.DbExecutionMgrTest" time="0.012" status="1" />
    <testcase name="DbExecutionMgrDoesProcessResultsForRemoteHost (False,True)" classname="Philips.PMP.Test.Auto.DbExecutionMgrTest" time="0.003" status="1" />
    <system-out />
    <system-err />
  </testsuite>
  <testsuite name="Philips.PMP.Test.Auto.TeleMdilDaTest" hostname="RESTORMEL" package="not available" id="855" tests="12" failures="0" errors="0" skipped="0" time="0.012" timestamp="2023-12-13T03:29:41">
    <properties />
    <testcase name="TeleMdilDaGetDeviceAssociateTimeoutValueTest (TypePhilipsAbg,False)" classname="Philips.PMP.Test.Auto.TeleMdilDaTest" time="0.003" status="1" />
    <testcase name="TeleMdilDaGetDeviceAssociateTimeoutValueTest (TypePhilipsIts,False)" classname="Philips.PMP.Test.Auto.TeleMdilDaTest" time="0.000" status="1" />
    <testcase name="TeleMdilDaGetDeviceAssociateTimeoutValueTest (TypePhilipsItsWmts,False)" classname="Philips.PMP.Test.Auto.TeleMdilDaTest" time="0.001" status="1" />
    <testcase name="TeleMdilDaGetDeviceAssociateTimeoutValueTest (TypePhilipsItsRow,False)" classname="Philips.PMP.Test.Auto.TeleMdilDaTest" time="0.001" status="1" />
    <testcase name="TeleMdilDaGetDeviceAssociateTimeoutValueTest (TypePhilipsItsRowSh2,False)" classname="Philips.PMP.Test.Auto.TeleMdilDaTest" time="0.001" status="1" />
    <testcase name="TeleMdilDaGetDeviceAssociateTimeoutValueTest (TypePhilipsItsWmtsSh2,False)" classname="Philips.PMP.Test.Auto.TeleMdilDaTest" time="0.000" status="1" />
    <testcase name="TeleMdilDaGetDeviceAssociateTimeoutValueTest (TypePhilipsAbg,True)" classname="Philips.PMP.Test.Auto.TeleMdilDaTest" time="0.001" status="1" />
    <testcase name="TeleMdilDaGetDeviceAssociateTimeoutValueTest (TypePhilipsIts,True)" classname="Philips.PMP.Test.Auto.TeleMdilDaTest" time="0.001" status="1" />
    <testcase name="TeleMdilDaGetDeviceAssociateTimeoutValueTest (TypePhilipsItsWmts,True)" classname="Philips.PMP.Test.Auto.TeleMdilDaTest" time="0.002" status="1" />
    <testcase name="TeleMdilDaGetDeviceAssociateTimeoutValueTest (TypePhilipsItsRow,True)" classname="Philips.PMP.Test.Auto.TeleMdilDaTest" time="0.001" status="1" />
    <testcase name="TeleMdilDaGetDeviceAssociateTimeoutValueTest (TypePhilipsItsRowSh2,True)" classname="Philips.PMP.Test.Auto.TeleMdilDaTest" time="0.000" status="1" />
    <testcase name="TeleMdilDaGetDeviceAssociateTimeoutValueTest (TypePhilipsItsWmtsSh2,True)" classname="Philips.PMP.Test.Auto.TeleMdilDaTest" time="0.000" status="1" />
    <system-out />
    <system-err />
  </testsuite>
  <testsuite name="Philips.PMP.Test.Auto.DisplayControlTest" hostname="RESTORMEL" package="not available" id="856" tests="1" failures="0" errors="0" skipped="0" time="0.029" timestamp="2023-12-13T03:33:43">
    <properties />
    <testcase name="DisplayControlUpdateSelectedApplications" classname="Philips.PMP.Test.Auto.DisplayControlTest" time="0.029" status="1" />
    <system-out />
    <system-err />
  </testsuite>
  <testsuite name="Philips.PMP.Test.Auto.DelimitedMessageExtractorTest" hostname="RESTORMEL" package="not available" id="857" tests="2" failures="0" errors="0" skipped="0" time="0.003" timestamp="2023-12-13T03:34:12">
    <properties />
    <testcase name="ExtractMessageElementTest" classname="Philips.PMP.Test.Auto.DelimitedMessageExtractorTest" time="0.002" status="1" />
    <testcase name="ExtractMultipleMessageElementTest" classname="Philips.PMP.Test.Auto.DelimitedMessageExtractorTest" time="0.002" status="1" />
    <system-out />
    <system-err />
  </testsuite>
  <testsuite name="Philips.PMP.Test.Auto.AddLabelsControlTest" hostname="RESTORMEL" package="not available" id="858" tests="7" failures="0" errors="0" skipped="0" time="0.110" timestamp="2023-12-13T03:38:01">
    <properties />
    <testcase name="AddLabelsControlAddPorts (False,1,600,0,Fa0/1/,Fa0/2/,Fa0/3/,Fa0/4/,Fa0/5/,Fa0/6/,Fa0/7/,Fa0/8/,Fa0/9/,Fa0/10/,Fa0/11/,Fa0/12/,Fa0/13/,Fa0/14/,Fa0/15/,Fa0/16/,Fa0/17/,Fa0/18/,Fa0/19/,Fa0/20/,Fa0/21/,Fa0/22/,Fa0/23/,Fa0/24/)" classname="Philips.PMP.Test.Auto.AddLabelsControlTest" time="0.019" status="1" />
    <testcase name="AddLabelsControlAddPorts (False,1,24,1,Fa0/1/,Fa0/2/,Fa0/3/,Fa0/4/,Fa0/5/,Fa0/6/,Fa0/7/,Fa0/8/,Fa0/9/,Fa0/10/,Fa0/11/,Fa0/12/,Fa0/13/,Fa0/14/,Fa0/15/,Fa0/16/,Fa0/17/,Fa0/18/,Fa0/19/,Fa0/20/,Fa0/21/,Fa0/22/,Fa0/23/,Fa0/24/)" classname="Philips.PMP.Test.Auto.AddLabelsControlTest" time="0.015" status="1" />
    <testcase name="AddLabelsControlAddPorts (True,1,24,0,)" classname="Philips.PMP.Test.Auto.AddLabelsControlTest" time="0.013" status="1" />
    <testcase name="AddLabelsControlAddPorts (False,a,24,1,Fa0/a/,Fa0/b/,Fa0/c/,Fa0/d/,Fa0/e/,Fa0/f/,Fa0/g/,Fa0/h/,Fa0/i/,Fa0/j/,Fa0/k/,Fa0/l/,Fa0/m/,Fa0/n/,Fa0/o/,Fa0/p/,Fa0/q/,Fa0/r/,Fa0/s/,Fa0/t/,Fa0/u/,Fa0/v/,Fa0/w/,Fa0/x/)" classname="Philips.PMP.Test.Auto.AddLabelsControlTest" time="0.020" status="1" />
    <testcase name="AddLabelsControlAddPorts (False,,24,0,)" classname="Philips.PMP.Test.Auto.AddLabelsControlTest" time="0.014" status="1" />
    <testcase name="AddLabelsControlAddPorts (False,-,24,0,)" classname="Philips.PMP.Test.Auto.AddLabelsControlTest" time="0.013" status="1" />
    <testcase name="InitializeControlTest" classname="Philips.PMP.Test.Auto.AddLabelsControlTest" time="0.016" status="1" />
    <system-out />
    <system-err />
  </testsuite>
  <testsuite name="Philips.PMP.Test.Auto.TopologyProviderMappingTest" hostname="RESTORMEL" package="not available" id="859" tests="6" failures="0" errors="0" skipped="0" time="0.061" timestamp="2023-12-13T03:38:09">
    <properties />
    <testcase name="IsLocationMappedToBedTest (68bdab1c1d80,Fa0/21,Cisco,True,16B22266-6906-483F-B855-AB94BE570B01)" classname="Philips.PMP.Test.Auto.TopologyProviderMappingTest" time="0.054" status="1" />
    <testcase name="IsLocationMappedToBedTest (001122334455,Fa0/21,Cisco,False,00000000-0000-0000-0000-000000000000)" classname="Philips.PMP.Test.Auto.TopologyProviderMappingTest" time="0.002" status="1" />
    <testcase name="IsLocationMappedToBedTest (68bdab1c1d80,Fa0/2,Cisco,False,00000000-0000-0000-0000-000000000000)" classname="Philips.PMP.Test.Auto.TopologyProviderMappingTest" time="0.001" status="1" />
    <testcase name="IsLocationMappedToBedTest (68bdab1c1d80,Fa0/3,Switch,True,16B22266-6906-483F-B855-ab94be570b00)" classname="Philips.PMP.Test.Auto.TopologyProviderMappingTest" time="0.001" status="1" />
    <testcase name="IsLocationMappedToBedTest (001122334455,Fa0/3,Switch,True,16B22266-6906-483F-B855-AB94BE570B02)" classname="Philips.PMP.Test.Auto.TopologyProviderMappingTest" time="0.001" status="1" />
    <testcase name="IsLocationMappedToBedTest (001122334455,Fa0/3,Switch1,False,00000000-0000-0000-0000-000000000000)" classname="Philips.PMP.Test.Auto.TopologyProviderMappingTest" time="0.002" status="1" />
    <system-out />
    <system-err />
  </testsuite>
  <testsuite name="Philips.PMP.Test.Auto.UserManagementHelperTest" hostname="RESTORMEL" package="not available" id="860" tests="1" failures="0" errors="0" skipped="0" time="0.092" timestamp="2023-12-13T03:29:40">
    <properties />
    <testcase name="UserPermittedToChangeEquipmentAssignment" classname="Philips.PMP.Test.Auto.UserManagementHelperTest" time="0.092" status="1" />
    <system-out />
    <system-err />
  </testsuite>
  <testsuite name="Philips.PMP.Test.Auto.LoadBalancingControllerTest" hostname="RESTORMEL" package="not available" id="861" tests="14" failures="0" errors="0" skipped="0" time="0.049" timestamp="2023-12-13T03:34:33">
    <properties />
    <testcase name="LoadBalancerControllerCanSaveDevice (True,hostname,True,True,True)" classname="Philips.PMP.Test.Auto.LoadBalancingControllerTest" time="0.003" status="1" />
    <testcase name="LoadBalancerControllerCanSaveDevice (True,hostname,False,False,False)" classname="Philips.PMP.Test.Auto.LoadBalancingControllerTest" time="0.002" status="1" />
    <testcase name="LoadBalancerControllerCanSaveDevice (True,,True,False,False)" classname="Philips.PMP.Test.Auto.LoadBalancingControllerTest" time="0.003" status="1" />
    <testcase name="LoadBalancerControllerCanSaveDevice (True,,False,False,False)" classname="Philips.PMP.Test.Auto.LoadBalancingControllerTest" time="0.003" status="1" />
    <testcase name="LoadBalancerControllerCanSaveDevice (False,,True,True,True)" classname="Philips.PMP.Test.Auto.LoadBalancingControllerTest" time="0.002" status="1" />
    <testcase name="LoadBalancerControllerCanDeleteDevice (True,DatabaseClusterHost,1)" classname="Philips.PMP.Test.Auto.LoadBalancingControllerTest" time="0.004" status="1" />
    <testcase name="LoadBalancerControllerCanDeleteDevice (True,DnsServer,0)" classname="Philips.PMP.Test.Auto.LoadBalancingControllerTest" time="0.002" status="1" />
    <testcase name="LoadBalancerControllerCanDeleteDevice (False,DnsServer,0)" classname="Philips.PMP.Test.Auto.LoadBalancingControllerTest" time="0.011" status="1" />
    <testcase name="LoadBalancerControllerCanDeleteDevice (False,DatabaseClusterHost,0)" classname="Philips.PMP.Test.Auto.LoadBalancingControllerTest" time="0.002" status="1" />
    <testcase name="LoadBalancerControllerChecksForDbEngineClusterHost (True,True,1)" classname="Philips.PMP.Test.Auto.LoadBalancingControllerTest" time="0.006" status="1" />
    <testcase name="LoadBalancerControllerChecksForDbEngineClusterHost (False,False,0)" classname="Philips.PMP.Test.Auto.LoadBalancingControllerTest" time="0.003" status="1" />
    <testcase name="LoadBalancerControllerCanGetDevice (DatabaseClusterHost,0,False)" classname="Philips.PMP.Test.Auto.LoadBalancingControllerTest" time="0.004" status="1" />
    <testcase name="LoadBalancerControllerCanGetDevice (WebClusterHost,1,True)" classname="Philips.PMP.Test.Auto.LoadBalancingControllerTest" time="0.001" status="1" />
    <testcase name="LoadBalancerControllerCanGetDevice (DatabaseClusterHost,1,True)" classname="Philips.PMP.Test.Auto.LoadBalancingControllerTest" time="0.002" status="1" />
    <system-out />
    <system-err />
  </testsuite>
  <testsuite name="Philips.iX.UserManagement.Test.AuthenticationHelperTest" hostname="RESTORMEL" package="not available" id="862" tests="3" failures="0" errors="0" skipped="0" time="0.319" timestamp="2023-12-13T03:39:01">
    <properties />
    <testcase name="AuthenticationHelperUnknownUser" classname="Philips.iX.UserManagement.Test.AuthenticationHelperTest" time="0.308" status="1" />
    <testcase name="AuthenticationHelperAuthenticate (True)" classname="Philips.iX.UserManagement.Test.AuthenticationHelperTest" time="0.007" status="1" />
    <testcase name="AuthenticationHelperAuthenticate (False)" classname="Philips.iX.UserManagement.Test.AuthenticationHelperTest" time="0.005" status="1" />
    <system-out />
    <system-err />
  </testsuite>
  <testsuite name="Philips.CareEvent.Test.DeviceAssignmentMgrTests" hostname="RESTORMEL" package="not available" id="863" tests="1" failures="0" errors="0" skipped="0" time="0.115" timestamp="2023-12-13T03:28:14">
    <properties />
    <testcase name="AssignmentTests" classname="Philips.CareEvent.Test.DeviceAssignmentMgrTests" time="0.115" status="1" />
    <system-out />
    <system-err />
  </testsuite>
  <testsuite name="Philips.CareEvent.Test.CeQualificationProviderTest" hostname="RESTORMEL" package="not available" id="864" tests="6" failures="0" errors="0" skipped="0" time="0.273" timestamp="2023-12-13T03:28:28">
    <properties />
    <testcase name="ValidateEventWorkflowDbQualifierVerify" classname="Philips.CareEvent.Test.CeQualificationProviderTest" time="0.115" status="1" />
    <testcase name="ValidateEventWorkflowDbQualifierCulture" classname="Philips.CareEvent.Test.CeQualificationProviderTest" time="0.022" status="1" />
    <testcase name="GetBridgeServiceHostQualiersTest" classname="Philips.CareEvent.Test.CeQualificationProviderTest" time="0.002" status="1" />
    <testcase name="ValidateEventWorkflowDbQualifierCorrect" classname="Philips.CareEvent.Test.CeQualificationProviderTest" time="0.125" status="1" />
    <testcase name="GetServiceHostQualiersTest (True,5)" classname="Philips.CareEvent.Test.CeQualificationProviderTest" time="0.008" status="1" />
    <testcase name="GetServiceHostQualiersTest (False,0)" classname="Philips.CareEvent.Test.CeQualificationProviderTest" time="0.001" status="1" />
    <system-out />
    <system-err />
  </testsuite>
  <testsuite name="Philips.PMP.Test.Auto.LldpInfoTest" hostname="RESTORMEL" package="not available" id="865" tests="14" failures="0" errors="0" skipped="0" time="0.020" timestamp="2023-12-13T03:29:59">
    <properties />
    <testcase name="MonitorPortIdentifierParser (,,,)" classname="Philips.PMP.Test.Auto.LldpInfoTest" time="0.011" status="1" />
    <testcase name="MonitorPortIdentifierParser (68bdab1c1d80:Fa0/13:Switch,,,)" classname="Philips.PMP.Test.Auto.LldpInfoTest" time="0.001" status="1" />
    <testcase name="MonitorPortIdentifierParser (68bdab1c1d80   Fa0/13   Switch,,,)" classname="Philips.PMP.Test.Auto.LldpInfoTest" time="0.000" status="1" />
    <testcase name="MonitorPortIdentifierParser (68bdab1c1d80 : Fa0/13 : Switch,68bdab1c1d80,Fa0/13,Switch)" classname="Philips.PMP.Test.Auto.LldpInfoTest" time="0.000" status="1" />
    <testcase name="MonitorPortIdentifierParser (68bdab1c1d80 : Fa0/13,68bdab1c1d80,Fa0/13,)" classname="Philips.PMP.Test.Auto.LldpInfoTest" time="0.000" status="1" />
    <testcase name="MonitorPortIdentifierParser ( : Fa0/13 : Switch,,Fa0/13,Switch)" classname="Philips.PMP.Test.Auto.LldpInfoTest" time="0.000" status="1" />
    <testcase name="MonitorPortIdentifierParser ( : Fa0/13 : VeryLongSwitchNameIdentifier,,Fa0/13,VeryLongSwitchNameId)" classname="Philips.PMP.Test.Auto.LldpInfoTest" time="0.000" status="1" />
    <testcase name="MonitorPortIdentifierGetter (68bdab1c1d80,Fa0/13,Switch,68bdab1c1d80 : Fa0/13 : Switch)" classname="Philips.PMP.Test.Auto.LldpInfoTest" time="0.001" status="1" />
    <testcase name="MonitorPortIdentifierGetter (68bdab1c1d80,Fa0/13,,68bdab1c1d80 : Fa0/13 : )" classname="Philips.PMP.Test.Auto.LldpInfoTest" time="0.000" status="1" />
    <testcase name="MonitorPortIdentifierGetter (68bdab1c1d80,Fa0/13,VeryLongSwitchNameIdentifier,68bdab1c1d80 : Fa0/13 : VeryLongSwitchNameId)" classname="Philips.PMP.Test.Auto.LldpInfoTest" time="0.001" status="1" />
    <testcase name="MonitorPortIdentifierIdentifierType (68bdab1c1d80,Fa0/13,Switch,0,68bdab1c1d80 : Fa0/13 : *)" classname="Philips.PMP.Test.Auto.LldpInfoTest" time="0.003" status="1" />
    <testcase name="MonitorPortIdentifierIdentifierType (68bdab1c1d80,Fa0/13,VeryLongSwitchNameIdentifier,0,68bdab1c1d80 : Fa0/13 : *)" classname="Philips.PMP.Test.Auto.LldpInfoTest" time="0.001" status="1" />
    <testcase name="MonitorPortIdentifierIdentifierType (68bdab1c1d80,Fa0/13,Switch,1,* : Fa0/13 : Switch)" classname="Philips.PMP.Test.Auto.LldpInfoTest" time="0.000" status="1" />
    <testcase name="MonitorPortIdentifierIdentifierType (68bdab1c1d80,Fa0/13,VeryLongSwitchNameIdentifier,1,* : Fa0/13 : VeryLongSwitchNameId)" classname="Philips.PMP.Test.Auto.LldpInfoTest" time="0.000" status="1" />
    <system-out />
    <system-err />
  </testsuite>
  <testsuite name="Philips.PMP.Test.Auto.MdilDriverHelperTest" hostname="RESTORMEL" package="not available" id="866" tests="1" failures="0" errors="0" skipped="0" time="0.002" timestamp="2023-12-13T03:29:44">
    <properties />
    <testcase name="MdilDriverHelperNullListTest" classname="Philips.PMP.Test.Auto.MdilDriverHelperTest" time="0.002" status="1" />
    <system-out />
    <system-err />
  </testsuite>
  <testsuite name="Philips.PMP.Test.Auto.LocalizationTests" hostname="RESTORMEL" package="not available" id="867" tests="13" failures="0" errors="0" skipped="0" time="0.625" timestamp="2023-12-13T03:34:34">
    <properties />
    <testcase name="CultureValidateTest (cs-CZ,cs-CZ,cs-CZ,True,)" classname="Philips.PMP.Test.Auto.LocalizationTests" time="0.025" status="1" />
    <testcase name="CultureValidateTest (af-ZA,cs-CZ,cs-CZ,False,Invalid Service Culture)" classname="Philips.PMP.Test.Auto.LocalizationTests" time="0.008" status="1" />
    <testcase name="CultureValidateTest (cs-CZ,af-ZA,cs-CZ,False,Invalid Clinical Culture)" classname="Philips.PMP.Test.Auto.LocalizationTests" time="0.008" status="1" />
    <testcase name="CultureValidateTest (cs-CZ,cs-CZ,en,False,Invalid Regional Settings)" classname="Philips.PMP.Test.Auto.LocalizationTests" time="0.008" status="1" />
    <testcase name="CultureCacheTest" classname="Philips.PMP.Test.Auto.LocalizationTests" time="0.010" status="1" />
    <testcase name="LocalizedKeyColumnTest (Philips.PIC.Primary,Philips.PMP.PlatformServices.DbLocalizationHelper)" classname="Philips.PMP.Test.Auto.LocalizationTests" time="0.302" status="1" />
    <testcase name="LocalizedKeyColumnTest (Philips.PIC.Diagnostics,Philips.PMP.PlatformServices.DbLocalizationHelper)" classname="Philips.PMP.Test.Auto.LocalizationTests" time="0.025" status="1" />
    <testcase name="LocalizedKeyColumnTest (Philips.PIC.Physio,Philips.PMP.PlatformServices.DbLocalizationHelper)" classname="Philips.PMP.Test.Auto.LocalizationTests" time="0.022" status="1" />
    <testcase name="LocalizedKeyColumnTest (Philips.PIC.Audit,Philips.PMP.PlatformServices.DbLocalizationHelper)" classname="Philips.PMP.Test.Auto.LocalizationTests" time="0.021" status="1" />
    <testcase name="LocalizedKeyColumnTest (Philips.PIC.Ringtone,Philips.PMP.PlatformServices.DbLocalizationHelper)" classname="Philips.PMP.Test.Auto.LocalizationTests" time="0.021" status="1" />
    <testcase name="LocalizedKeyColumnTest (Philips.PIC.EventWorkflow,Philips.PMP.PlatformServices.DbLocalizationHelper)" classname="Philips.PMP.Test.Auto.LocalizationTests" time="0.039" status="1" />
    <testcase name="LocalizedReportNamesTest" classname="Philips.PMP.Test.Auto.LocalizationTests" time="0.121" status="1" />
    <testcase name="CultureGetTest" classname="Philips.PMP.Test.Auto.LocalizationTests" time="0.014" status="1" />
    <system-out />
    <system-err />
  </testsuite>
  <testsuite name="Philips.PMP.Test.Auto.SyncSettingsBackwardCompatibilityGetterTest" hostname="RESTORMEL" package="not available" id="868" tests="4" failures="0" errors="0" skipped="0" time="0.003" timestamp="2023-12-13T03:29:57">
    <properties />
    <testcase name="GetBackwardCompatibleAlarmTonesTest (2149780580,2149780581)" classname="Philips.PMP.Test.Auto.SyncSettingsBackwardCompatibilityGetterTest" time="0.002" status="1" />
    <testcase name="GetBackwardCompatibleAlarmTonesTest (2149780581,2149780580)" classname="Philips.PMP.Test.Auto.SyncSettingsBackwardCompatibilityGetterTest" time="0.000" status="1" />
    <testcase name="GetBackwardCompatibleAlarmTonesTest (2149780565,2149780581)" classname="Philips.PMP.Test.Auto.SyncSettingsBackwardCompatibilityGetterTest" time="0.000" status="1" />
    <testcase name="GetBackwardCompatibleAlarmTonesTest (2149780566,2149780580)" classname="Philips.PMP.Test.Auto.SyncSettingsBackwardCompatibilityGetterTest" time="0.000" status="1" />
    <system-out />
    <system-err />
  </testsuite>
  <testsuite name="Philips.PMP.Test.Auto.EfficiaMessageParserTest" hostname="RESTORMEL" package="not available" id="869" tests="1" failures="0" errors="0" skipped="0" time="0.003" timestamp="2023-12-13T03:29:41">
    <properties />
    <testcase name="EfficiaMessageParserExtractMessageWithInvalidPayloadLengthTest" classname="Philips.PMP.Test.Auto.EfficiaMessageParserTest" time="0.003" status="1" />
    <system-out />
    <system-err />
  </testsuite>
  <testsuite name="Philips.PMP.Test.Auto.EcgFallbackMgrTest" hostname="RESTORMEL" package="not available" id="870" tests="2" failures="0" errors="0" skipped="0" time="0.484" timestamp="2023-12-13T03:35:45">
    <properties />
    <testcase name="PwdFallbackWorksTest" classname="Philips.PMP.Test.Auto.EcgFallbackMgrTest" time="0.255" status="1" />
    <testcase name="PwmFallbackWorksTest" classname="Philips.PMP.Test.Auto.EcgFallbackMgrTest" time="0.229" status="1" />
    <system-out />
    <system-err />
  </testsuite>
  <testsuite name="Philips.PMP.Test.Auto.MaquetCardiosaveHelperTest" hostname="RESTORMEL" package="not available" id="871" tests="1" failures="0" errors="0" skipped="0" time="0.018" timestamp="2023-12-13T03:34:26">
    <properties />
    <testcase name="ValidateMapContents" classname="Philips.PMP.Test.Auto.MaquetCardiosaveHelperTest" time="0.018" status="1" />
    <system-out />
    <system-err />
  </testsuite>
  <testsuite name="Philips.PMP.Test.Auto.SpotCheckTrendMgrTest" hostname="RESTORMEL" package="not available" id="872" tests="4" failures="0" errors="0" skipped="0" time="0.812" timestamp="2023-12-13T03:29:58">
    <properties />
    <testcase name="SpotCheckTrendMgrOnValidationInfoUpdate (False,False,0)" classname="Philips.PMP.Test.Auto.SpotCheckTrendMgrTest" time="0.737" status="1" />
    <testcase name="SpotCheckTrendMgrOnValidationInfoUpdate (True,False,0)" classname="Philips.PMP.Test.Auto.SpotCheckTrendMgrTest" time="0.021" status="1" />
    <testcase name="SpotCheckTrendMgrOnValidationInfoUpdate (True,True,1)" classname="Philips.PMP.Test.Auto.SpotCheckTrendMgrTest" time="0.022" status="1" />
    <testcase name="SpotCheckTrendMgrOnHl7ConfigurationChanged" classname="Philips.PMP.Test.Auto.SpotCheckTrendMgrTest" time="0.033" status="1" />
    <system-out />
    <system-err />
  </testsuite>
  <testsuite name="Philips.PMP.Test.Auto.WavePrioritizationTest" hostname="RESTORMEL" package="not available" id="873" tests="1" failures="0" errors="0" skipped="0" time="0.011" timestamp="2023-12-13T03:30:35">
    <properties />
    <testcase name="LayoutSurveillanceWavesTest" classname="Philips.PMP.Test.Auto.WavePrioritizationTest" time="0.011" status="1" />
    <system-out />
    <system-err />
  </testsuite>
  <testsuite name="Philips.PMP.Test.Auto.MorbalHelperTest" hostname="RESTORMEL" package="not available" id="874" tests="4" failures="0" errors="0" skipped="0" time="0.152" timestamp="2023-12-13T03:30:47">
    <properties />
    <testcase name="MorbalHelperTryGetDeviceServiceNoDevice" classname="Philips.PMP.Test.Auto.MorbalHelperTest" time="0.001" status="1" />
    <testcase name="MorbalHelperTryGetDeviceServiceNoSerivce" classname="Philips.PMP.Test.Auto.MorbalHelperTest" time="0.002" status="1" />
    <testcase name="MorbalHelperTryGetDeviceService" classname="Philips.PMP.Test.Auto.MorbalHelperTest" time="0.122" status="1" />
    <testcase name="MorbalMonitoringDeviceAdapterFactoryCreate" classname="Philips.PMP.Test.Auto.MorbalHelperTest" time="0.026" status="1" />
    <system-out />
    <system-err />
  </testsuite>
  <testsuite name="Philips.PMP.Test.Auto.NetworkShareProviderTest" hostname="RESTORMEL" package="not available" id="875" tests="1" failures="0" errors="0" skipped="0" time="0.029" timestamp="2023-12-13T03:32:44">
    <properties />
    <testcase name="NetworkShareTest" classname="Philips.PMP.Test.Auto.NetworkShareProviderTest" time="0.029" status="1" />
    <system-out />
    <system-err />
  </testsuite>
  <testsuite name="Philips.PMP.Test.Auto.MaintenanceModeTransitionMgrTest" hostname="RESTORMEL" package="not available" id="876" tests="9" failures="0" errors="0" skipped="0" time="0.155" timestamp="2023-12-13T03:29:59">
    <properties />
    <testcase name="MaintenanceModeTransitionMgrSupportedTest (False,0,0,False)" classname="Philips.PMP.Test.Auto.MaintenanceModeTransitionMgrTest" time="0.017" status="1" />
    <testcase name="MaintenanceModeTransitionMgrSupportedTest (True,0,0,False)" classname="Philips.PMP.Test.Auto.MaintenanceModeTransitionMgrTest" time="0.006" status="1" />
    <testcase name="MaintenanceModeTransitionMgrSupportedTest (True,10,5,True)" classname="Philips.PMP.Test.Auto.MaintenanceModeTransitionMgrTest" time="0.002" status="1" />
    <testcase name="MaintenanceModeTransitionMgrSupportedTest (False,10,5,False)" classname="Philips.PMP.Test.Auto.MaintenanceModeTransitionMgrTest" time="0.006" status="1" />
    <testcase name="MaintenanceModeTransitionMgrSupportedTest (True,5,10,False)" classname="Philips.PMP.Test.Auto.MaintenanceModeTransitionMgrTest" time="0.037" status="1" />
    <testcase name="MaintenanceModeTransitionMgrCanMoveHosts (True,Success,1,Success)" classname="Philips.PMP.Test.Auto.MaintenanceModeTransitionMgrTest" time="0.056" status="1" />
    <testcase name="MaintenanceModeTransitionMgrCanMoveHosts (True,Unknown,1,Unknown)" classname="Philips.PMP.Test.Auto.MaintenanceModeTransitionMgrTest" time="0.028" status="1" />
    <testcase name="MaintenanceModeTransitionMgrCanMoveHosts (False,Success,0,Unknown)" classname="Philips.PMP.Test.Auto.MaintenanceModeTransitionMgrTest" time="0.002" status="1" />
    <testcase name="MaintenanceModeTransitionMgrCanMoveHosts (False,Unknown,0,Unknown)" classname="Philips.PMP.Test.Auto.MaintenanceModeTransitionMgrTest" time="0.002" status="1" />
    <system-out />
    <system-err />
  </testsuite>
  <testsuite name="Philips.PMP.Test.Auto.LocationMappingTest" hostname="RESTORMEL" package="not available" id="877" tests="1" failures="0" errors="0" skipped="0" time="0.311" timestamp="2023-12-13T03:33:28">
    <properties />
    <testcase name="SwitchPortAssignmentTest" classname="Philips.PMP.Test.Auto.LocationMappingTest" time="0.311" status="1" />
    <system-out />
    <system-err />
  </testsuite>
  <testsuite name="Philips.PMP.Test.Auto.SoundSchemeMapperTest" hostname="RESTORMEL" package="not available" id="878" tests="14" failures="0" errors="0" skipped="0" time="0.022" timestamp="2023-12-13T03:29:39">
    <properties />
    <testcase name="GetTextIdBySoundSchemeTest (Iso,2149780580)" classname="Philips.PMP.Test.Auto.SoundSchemeMapperTest" time="0.001" status="1" />
    <testcase name="GetTextIdBySoundSchemeTest (Traditional,2149780581)" classname="Philips.PMP.Test.Auto.SoundSchemeMapperTest" time="0.000" status="1" />
    <testcase name="GetTextIdBySoundSchemeTest (IecIso2020,2149780565)" classname="Philips.PMP.Test.Auto.SoundSchemeMapperTest" time="0.000" status="1" />
    <testcase name="GetTextIdBySoundSchemeTest (Philips2021,2149780566)" classname="Philips.PMP.Test.Auto.SoundSchemeMapperTest" time="0.000" status="1" />
    <testcase name="GetSelectionBasedOnSoundScheme (Iso,0)" classname="Philips.PMP.Test.Auto.SoundSchemeMapperTest" time="0.011" status="1" />
    <testcase name="GetSelectionBasedOnSoundScheme (Traditional,1)" classname="Philips.PMP.Test.Auto.SoundSchemeMapperTest" time="0.000" status="1" />
    <testcase name="GetSelectionBasedOnSoundScheme (IecIso2020,2)" classname="Philips.PMP.Test.Auto.SoundSchemeMapperTest" time="0.000" status="1" />
    <testcase name="GetSelectionBasedOnSoundScheme (Philips2021,3)" classname="Philips.PMP.Test.Auto.SoundSchemeMapperTest" time="0.000" status="1" />
    <testcase name="SoundSchemeToTextIdMappingShouldReturn" classname="Philips.PMP.Test.Auto.SoundSchemeMapperTest" time="0.003" status="1" />
    <testcase name="GetSoundSchemeByTextId (Iso,2149780580)" classname="Philips.PMP.Test.Auto.SoundSchemeMapperTest" time="0.003" status="1" />
    <testcase name="GetSoundSchemeByTextId (Traditional,2149780581)" classname="Philips.PMP.Test.Auto.SoundSchemeMapperTest" time="0.000" status="1" />
    <testcase name="GetSoundSchemeByTextId (IecIso2020,2149780565)" classname="Philips.PMP.Test.Auto.SoundSchemeMapperTest" time="0.000" status="1" />
    <testcase name="GetSoundSchemeByTextId (Philips2021,2149780566)" classname="Philips.PMP.Test.Auto.SoundSchemeMapperTest" time="0.000" status="1" />
    <testcase name="GetSoundSchemeByTextId (Unknown,2149780123)" classname="Philips.PMP.Test.Auto.SoundSchemeMapperTest" time="0.000" status="1" />
    <system-out />
    <system-err />
  </testsuite>
  <testsuite name="Philips.PIC.DataAcquisition.Test.SureSignsNotificationTest" hostname="RESTORMEL" package="not available" id="879" tests="7" failures="0" errors="0" skipped="0" time="0.154" timestamp="2023-12-13T03:28:55">
    <properties />
    <testcase name="SureSignsNotificationBuilderTryFindScoreInfoTest (False,False,False)" classname="Philips.PIC.DataAcquisition.Test.SureSignsNotificationTest" time="0.016" status="1" />
    <testcase name="SureSignsNotificationBuilderTryFindScoreInfoTest (True,False,False)" classname="Philips.PIC.DataAcquisition.Test.SureSignsNotificationTest" time="0.011" status="1" />
    <testcase name="SureSignsNotificationBuilderTryFindScoreInfoTest (True,True,True)" classname="Philips.PIC.DataAcquisition.Test.SureSignsNotificationTest" time="0.002" status="1" />
    <testcase name="SureSignsNotificationProcessorGetNotificationAndPublishTest (False,0)" classname="Philips.PIC.DataAcquisition.Test.SureSignsNotificationTest" time="0.073" status="1" />
    <testcase name="SureSignsNotificationProcessorGetNotificationAndPublishTest (True,1)" classname="Philips.PIC.DataAcquisition.Test.SureSignsNotificationTest" time="0.004" status="1" />
    <testcase name="SureSignsNotificationBuilderCreateNotificationTest (True)" classname="Philips.PIC.DataAcquisition.Test.SureSignsNotificationTest" time="0.047" status="1" />
    <testcase name="SureSignsNotificationBuilderCreateNotificationTest (False)" classname="Philips.PIC.DataAcquisition.Test.SureSignsNotificationTest" time="0.000" status="1" />
    <system-out />
    <system-err />
  </testsuite>
  <testsuite name="Philips.PMP.Test.Auto.LabDataProviderTest" hostname="RESTORMEL" package="not available" id="880" tests="3" failures="0" errors="0" skipped="0" time="0.043" timestamp="2023-12-13T03:32:43">
    <properties />
    <testcase name="GetLatestLabDataTest (1,1)" classname="Philips.PMP.Test.Auto.LabDataProviderTest" time="0.011" status="1" />
    <testcase name="GetLatestLabDataTest (-8,0)" classname="Philips.PMP.Test.Auto.LabDataProviderTest" time="0.004" status="1" />
    <testcase name="GetLabDataTest" classname="Philips.PMP.Test.Auto.LabDataProviderTest" time="0.029" status="1" />
    <system-out />
    <system-err />
  </testsuite>
  <testsuite name="Philips.PMP.Test.Auto.DataRelayServiceBridgeTest" hostname="RESTORMEL" package="not available" id="881" tests="7" failures="0" errors="0" skipped="0" time="0.409" timestamp="2023-12-13T03:29:53">
    <properties />
    <testcase name="DataRelayServiceBridgeNotifiesWhenClientsDisconnect" classname="Philips.PMP.Test.Auto.DataRelayServiceBridgeTest" time="0.064" status="1" />
    <testcase name="DataRelayServiceBridgeConfigNotificationsSendMappings" classname="Philips.PMP.Test.Auto.DataRelayServiceBridgeTest" time="0.014" status="1" />
    <testcase name="DataRelayServiceBridgeMapsSubscriptionToParameters" classname="Philips.PMP.Test.Auto.DataRelayServiceBridgeTest" time="0.041" status="1" />
    <testcase name="DataRelayServiceBridgeCanSubscribeUnsubscribe (,False,False,False)" classname="Philips.PMP.Test.Auto.DataRelayServiceBridgeTest" time="0.245" status="1" />
    <testcase name="DataRelayServiceBridgeCanSubscribeUnsubscribe (,True,False,False)" classname="Philips.PMP.Test.Auto.DataRelayServiceBridgeTest" time="0.038" status="1" />
    <testcase name="DataRelayServiceBridgeCanSubscribeUnsubscribe (token,True,True,True)" classname="Philips.PMP.Test.Auto.DataRelayServiceBridgeTest" time="0.006" status="1" />
    <testcase name="DataRelayServiceBridgeCanSubscribeUnsubscribe (wrongToken,True,False,False)" classname="Philips.PMP.Test.Auto.DataRelayServiceBridgeTest" time="0.001" status="1" />
    <system-out />
    <system-err />
  </testsuite>
  <testsuite name="Philips.PMP.Test.Auto.EfficiaAlarmMgrTest" hostname="RESTORMEL" package="not available" id="882" tests="2" failures="0" errors="0" skipped="0" time="0.137" timestamp="2023-12-13T03:33:36">
    <properties />
    <testcase name="EfficiaAlarmMgrDisposeTest" classname="Philips.PMP.Test.Auto.EfficiaAlarmMgrTest" time="0.047" status="1" />
    <testcase name="EfficiaAlarmMgrSilenceAlarmTest" classname="Philips.PMP.Test.Auto.EfficiaAlarmMgrTest" time="0.090" status="1" />
    <system-out />
    <system-err />
  </testsuite>
  <testsuite name="Philips.PMP.Test.Auto.OverviewMdilPackagerTest" hostname="RESTORMEL" package="not available" id="883" tests="1" failures="0" errors="0" skipped="0" time="0.015" timestamp="2023-12-13T03:29:38">
    <properties />
    <testcase name="OverviewMdilPackagerNumericLabelTest" classname="Philips.PMP.Test.Auto.OverviewMdilPackagerTest" time="0.015" status="1" />
    <system-out />
    <system-err />
  </testsuite>
  <testsuite name="Philips.PMP.Test.Auto.AlertCategorizerTest" hostname="RESTORMEL" package="not available" id="884" tests="12" failures="0" errors="0" skipped="0" time="0.075" timestamp="2023-12-13T03:35:42">
    <properties />
    <testcase name="AlertCategorizerByTextId (Philips.Platform.UintHashSet,HeartRate)" classname="Philips.PMP.Test.Auto.AlertCategorizerTest" time="0.002" status="1" />
    <testcase name="AlertCategorizerByTextId (Philips.Platform.UintHashSet,SpO2)" classname="Philips.PMP.Test.Auto.AlertCategorizerTest" time="0.002" status="1" />
    <testcase name="AlertCategorizerByTextId (Philips.Platform.UintHashSet,Resp)" classname="Philips.PMP.Test.Auto.AlertCategorizerTest" time="0.002" status="1" />
    <testcase name="AlertCategorizerByTextId (Philips.Platform.UintHashSet,Pvc)" classname="Philips.PMP.Test.Auto.AlertCategorizerTest" time="0.002" status="1" />
    <testcase name="AlertCategorizerAlerts" classname="Philips.PMP.Test.Auto.AlertCategorizerTest" time="0.002" status="1" />
    <testcase name="AlertCategorizerValueTest (Philips.Platform.UshortHashSet,HeartRate)" classname="Philips.PMP.Test.Auto.AlertCategorizerTest" time="0.054" status="1" />
    <testcase name="AlertCategorizerValueTest (Philips.Platform.UshortHashSet,SpO2)" classname="Philips.PMP.Test.Auto.AlertCategorizerTest" time="0.002" status="1" />
    <testcase name="AlertCategorizerValueTest (Philips.Platform.UshortHashSet,Resp)" classname="Philips.PMP.Test.Auto.AlertCategorizerTest" time="0.002" status="1" />
    <testcase name="AlertCategorizerValueTest (Philips.Platform.UshortHashSet,Nbp)" classname="Philips.PMP.Test.Auto.AlertCategorizerTest" time="0.002" status="1" />
    <testcase name="AlertCategorizerValueTest (Philips.Platform.UshortHashSet,Bp)" classname="Philips.PMP.Test.Auto.AlertCategorizerTest" time="0.003" status="1" />
    <testcase name="AlertCategorizerValueTest (Philips.Platform.UshortHashSet,St)" classname="Philips.PMP.Test.Auto.AlertCategorizerTest" time="0.002" status="1" />
    <testcase name="AlertCategorizerTechnical" classname="Philips.PMP.Test.Auto.AlertCategorizerTest" time="0.002" status="1" />
    <system-out />
    <system-err />
  </testsuite>
  <testsuite name="Philips.PMP.Test.Auto.IhedriverValidatorTest" hostname="RESTORMEL" package="not available" id="885" tests="8" failures="0" errors="0" skipped="0" time="0.389" timestamp="2023-12-13T03:29:44">
    <properties />
    <testcase name="IheDriverIsIheLanDeviceConfiguredTest (True)" classname="Philips.PMP.Test.Auto.IhedriverValidatorTest" time="0.012" status="1" />
    <testcase name="IheDriverIsIheLanDeviceConfiguredTest (False)" classname="Philips.PMP.Test.Auto.IhedriverValidatorTest" time="0.002" status="1" />
    <testcase name="IheDriverGetMonitoringHostsTest" classname="Philips.PMP.Test.Auto.IhedriverValidatorTest" time="0.340" status="1" />
    <testcase name="IheDriverValidateLanDeviceConnectionTest (Success,have connected successfully)" classname="Philips.PMP.Test.Auto.IhedriverValidatorTest" time="0.010" status="1" />
    <testcase name="IheDriverValidateLanDeviceConnectionTest (Failure,Connection test failed)" classname="Philips.PMP.Test.Auto.IhedriverValidatorTest" time="0.002" status="1" />
    <testcase name="IheDriverValidateAllTest" classname="Philips.PMP.Test.Auto.IhedriverValidatorTest" time="0.012" status="1" />
    <testcase name="IheDriverTestMdipClusterAsyncTest (True,Failure)" classname="Philips.PMP.Test.Auto.IhedriverValidatorTest" time="0.009" status="1" />
    <testcase name="IheDriverTestMdipClusterAsyncTest (False,Success)" classname="Philips.PMP.Test.Auto.IhedriverValidatorTest" time="0.002" status="1" />
    <system-out />
    <system-err />
  </testsuite>
  <testsuite name="Philips.PMP.Test.Auto.TileLayoutPanelControlTest" hostname="RESTORMEL" package="not available" id="886" tests="10" failures="0" errors="0" skipped="0" time="0.189" timestamp="2023-12-13T03:30:32">
    <properties />
    <testcase name="TileLayoutPanelControlWillRemoveMessageWhenDataArrives" classname="Philips.PMP.Test.Auto.TileLayoutPanelControlTest" time="0.011" status="1" />
    <testcase name="TileLayoutPanelControlWillRemoveMessage" classname="Philips.PMP.Test.Auto.TileLayoutPanelControlTest" time="0.011" status="1" />
    <testcase name="TileLayoutPanelControlWillUpdateMessage" classname="Philips.PMP.Test.Auto.TileLayoutPanelControlTest" time="0.011" status="1" />
    <testcase name="TileLayoutPanelControlWillShowDeviceStatusMessageWhenNoData" classname="Philips.PMP.Test.Auto.TileLayoutPanelControlTest" time="0.009" status="1" />
    <testcase name="TileLayoutPanelControlLayoutNoWaves (True,True)" classname="Philips.PMP.Test.Auto.TileLayoutPanelControlTest" time="0.013" status="1" />
    <testcase name="TileLayoutPanelControlLayoutNoWaves (True,False)" classname="Philips.PMP.Test.Auto.TileLayoutPanelControlTest" time="0.012" status="1" />
    <testcase name="TileLayoutPanelControlLayoutNoWaves (False,True)" classname="Philips.PMP.Test.Auto.TileLayoutPanelControlTest" time="0.016" status="1" />
    <testcase name="TileLayoutPanelControlLayoutNoWaves (False,False)" classname="Philips.PMP.Test.Auto.TileLayoutPanelControlTest" time="0.013" status="1" />
    <testcase name="TileLayoutPanelControlDoesNotHidePhysioDataWithMessage (True)" classname="Philips.PMP.Test.Auto.TileLayoutPanelControlTest" time="0.082" status="1" />
    <testcase name="TileLayoutPanelControlDoesNotHidePhysioDataWithMessage (False)" classname="Philips.PMP.Test.Auto.TileLayoutPanelControlTest" time="0.010" status="1" />
    <system-out />
    <system-err />
  </testsuite>
  <testsuite name="Philips.PMP.Test.Auto.WindowsActivationQualifierTest" hostname="RESTORMEL" package="not available" id="887" tests="10" failures="0" errors="0" skipped="0" time="0.014" timestamp="2023-12-13T03:34:12">
    <properties />
    <testcase name="WindowsActivationQualifierIsWindowsLicenseStatusAllowedTest (1,False,True)" classname="Philips.PMP.Test.Auto.WindowsActivationQualifierTest" time="0.004" status="1" />
    <testcase name="WindowsActivationQualifierIsWindowsLicenseStatusAllowedTest (1,True,True)" classname="Philips.PMP.Test.Auto.WindowsActivationQualifierTest" time="0.001" status="1" />
    <testcase name="WindowsActivationQualifierIsWindowsLicenseStatusAllowedTest (5,False,True)" classname="Philips.PMP.Test.Auto.WindowsActivationQualifierTest" time="0.002" status="1" />
    <testcase name="WindowsActivationQualifierIsWindowsLicenseStatusAllowedTest (5,False,True)" classname="Philips.PMP.Test.Auto.WindowsActivationQualifierTest" time="0.001" status="1" />
    <testcase name="WindowsActivationQualifierIsWindowsLicenseStatusAllowedTest (5,True,False)" classname="Philips.PMP.Test.Auto.WindowsActivationQualifierTest" time="0.001" status="1" />
    <testcase name="WindowsActivationQualifierIsWindowsLicenseStatusAllowedTest (5,True,False)" classname="Philips.PMP.Test.Auto.WindowsActivationQualifierTest" time="0.001" status="1" />
    <testcase name="WindowsActivationQualifierIsWindowsLicenseStatusAllowedTest (2,False,False)" classname="Philips.PMP.Test.Auto.WindowsActivationQualifierTest" time="0.001" status="1" />
    <testcase name="WindowsActivationQualifierIsWindowsLicenseStatusAllowedTest (2,False,False)" classname="Philips.PMP.Test.Auto.WindowsActivationQualifierTest" time="0.001" status="1" />
    <testcase name="WindowsActivationQualifierIsWindowsLicenseStatusAllowedTest (2,True,False)" classname="Philips.PMP.Test.Auto.WindowsActivationQualifierTest" time="0.001" status="1" />
    <testcase name="WindowsActivationQualifierIsWindowsLicenseStatusAllowedTest (2,True,False)" classname="Philips.PMP.Test.Auto.WindowsActivationQualifierTest" time="0.001" status="1" />
    <system-out />
    <system-err />
  </testsuite>
  <testsuite name="Philips.PMP.Test.Auto.FeatureConfigurationControlTest" hostname="RESTORMEL" package="not available" id="888" tests="1" failures="0" errors="0" skipped="0" time="0.053" timestamp="2023-12-13T03:29:58">
    <properties />
    <testcase name="FeatureConfigurationControlFindNodeByEntity" classname="Philips.PMP.Test.Auto.FeatureConfigurationControlTest" time="0.053" status="1" />
    <system-out />
    <system-err />
  </testsuite>
  <testsuite name="Philips.PMP.Test.Auto.EventLogQualifierTest" hostname="RESTORMEL" package="not available" id="889" tests="4" failures="0" errors="0" skipped="0" time="0.600" timestamp="2023-12-13T03:34:07">
    <properties />
    <testcase name="EventLogQualifierIsCorrectableShould" classname="Philips.PMP.Test.Auto.EventLogQualifierTest" time="0.001" status="1" />
    <testcase name="EventLogQualifierVerifySuccessShould" classname="Philips.PMP.Test.Auto.EventLogQualifierTest" time="0.128" status="1" />
    <testcase name="EventLogQualifierVerifyFailShould" classname="Philips.PMP.Test.Auto.EventLogQualifierTest" time="0.172" status="1" />
    <testcase name="EventLogQualifierCorrectShould" classname="Philips.PMP.Test.Auto.EventLogQualifierTest" time="0.299" status="1" />
    <system-out />
    <system-err />
  </testsuite>
  <testsuite name="Philips.PMP.Test.Auto.EventReceiptResponseTest" hostname="RESTORMEL" package="not available" id="890" tests="2" failures="0" errors="0" skipped="0" time="0.010" timestamp="2023-12-13T03:29:42">
    <properties />
    <testcase name="ParseEventReceiptResponseWithPatientId" classname="Philips.PMP.Test.Auto.EventReceiptResponseTest" time="0.001" status="1" />
    <testcase name="ParseEventReceiptResponseWithNoPatientId" classname="Philips.PMP.Test.Auto.EventReceiptResponseTest" time="0.009" status="1" />
    <system-out />
    <system-err />
  </testsuite>
  <testsuite name="Philips.CareEvent.Test.EventCommunicationProviderTests" hostname="RESTORMEL" package="not available" id="891" tests="2" failures="0" errors="0" skipped="0" time="0.130" timestamp="2023-12-13T03:28:14">
    <properties />
    <testcase name="DefaultCommunicationEncryptionSettingIsEnabled" classname="Philips.CareEvent.Test.EventCommunicationProviderTests" time="0.008" status="1" />
    <testcase name="EventCommunicationSettingTests" classname="Philips.CareEvent.Test.EventCommunicationProviderTests" time="0.122" status="1" />
    <system-out />
    <system-err />
  </testsuite>
  <testsuite name="Philips.PMP.Test.Auto.PostgresDatabaseBackendFactoryTest" hostname="RESTORMEL" package="not available" id="892" tests="4" failures="0" errors="0" skipped="0" time="0.098" timestamp="2023-12-13T03:31:21">
    <properties />
    <testcase name="PostgresBackendFactoryPrepareCommandContext (testTable,Json)" classname="Philips.PMP.Test.Auto.PostgresDatabaseBackendFactoryTest" time="0.083" status="1" />
    <testcase name="PostgresBackendFactoryPrepareCommandContext (strVal,Text)" classname="Philips.PMP.Test.Auto.PostgresDatabaseBackendFactoryTest" time="0.001" status="1" />
    <testcase name="PostgresBackendFactoryPrepareCommandContext (updatedId,Uuid)" classname="Philips.PMP.Test.Auto.PostgresDatabaseBackendFactoryTest" time="0.001" status="1" />
    <testcase name="PostgresBackendFactoryJsonConversionTest" classname="Philips.PMP.Test.Auto.PostgresDatabaseBackendFactoryTest" time="0.014" status="1" />
    <system-out />
    <system-err />
  </testsuite>
  <testsuite name="Philips.PMP.Test.Auto.WaveStripProviderTest" hostname="RESTORMEL" package="not available" id="893" tests="2" failures="0" errors="0" skipped="0" time="0.316" timestamp="2023-12-13T03:33:34">
    <properties />
    <testcase name="WaveStripSettingTest" classname="Philips.PMP.Test.Auto.WaveStripProviderTest" time="0.031" status="1" />
    <testcase name="ExportTest" classname="Philips.PMP.Test.Auto.WaveStripProviderTest" time="0.285" status="1" />
    <system-out />
    <system-err />
  </testsuite>
  <testsuite name="Philips.PMP.Test.Auto.MenuTimeoutMgrTest" hostname="RESTORMEL" package="not available" id="894" tests="2" failures="0" errors="0" skipped="0" time="0.019" timestamp="2023-12-13T03:37:04">
    <properties />
    <testcase name="MenuTimeoutMgrConfigChange" classname="Philips.PMP.Test.Auto.MenuTimeoutMgrTest" time="0.008" status="1" />
    <testcase name="MenuTimeoutMgrCtor" classname="Philips.PMP.Test.Auto.MenuTimeoutMgrTest" time="0.011" status="1" />
    <system-out />
    <system-err />
  </testsuite>
  <testsuite name="Philips.PMP.Test.Auto.BodyCalculationsControlTest" hostname="RESTORMEL" package="not available" id="895" tests="2" failures="0" errors="0" skipped="0" time="0.072" timestamp="2023-12-13T03:34:43">
    <properties />
    <testcase name="BodyCalculationsControlUpdateControls" classname="Philips.PMP.Test.Auto.BodyCalculationsControlTest" time="0.063" status="1" />
    <testcase name="BodyCalculationsControlPopulateSetting" classname="Philips.PMP.Test.Auto.BodyCalculationsControlTest" time="0.009" status="1" />
    <system-out />
    <system-err />
  </testsuite>
  <testsuite name="Philips.PMP.Test.Auto.ObservationIdBuilderTest" hostname="RESTORMEL" package="not available" id="896" tests="3" failures="0" errors="0" skipped="0" time="0.005" timestamp="2023-12-13T03:29:50">
    <properties />
    <testcase name="BuildObservationIdTest (False)" classname="Philips.PMP.Test.Auto.ObservationIdBuilderTest" time="0.002" status="1" />
    <testcase name="BuildObservationIdTest (True)" classname="Philips.PMP.Test.Auto.ObservationIdBuilderTest" time="0.001" status="1" />
    <testcase name="RemoveMonitorTest" classname="Philips.PMP.Test.Auto.ObservationIdBuilderTest" time="0.002" status="1" />
    <system-out />
    <system-err />
  </testsuite>
  <testsuite name="Philips.PMP.Test.Auto.PwmControlMgrTest" hostname="RESTORMEL" package="not available" id="897" tests="1" failures="0" errors="0" skipped="0" time="0.002" timestamp="2023-12-13T03:36:53">
    <properties />
    <testcase name="QrsDetectionControlTest" classname="Philips.PMP.Test.Auto.PwmControlMgrTest" time="0.002" status="1" />
    <system-out />
    <system-err />
  </testsuite>
  <testsuite name="Philips.PMP.Test.Auto.PatientUnitAdmitTimeHelperTest" hostname="RESTORMEL" package="not available" id="898" tests="13" failures="0" errors="0" skipped="0" time="0.012" timestamp="2023-12-13T03:29:50">
    <properties />
    <testcase name="PatientUnitAdmitTimeHelperIsValidUnitAdmitTimeSingle" classname="Philips.PMP.Test.Auto.PatientUnitAdmitTimeHelperTest" time="0.001" status="1" />
    <testcase name="PatientUnitAdmitTimeHelperLengthOfStayTest (0,-10,0,False)" classname="Philips.PMP.Test.Auto.PatientUnitAdmitTimeHelperTest" time="0.002" status="1" />
    <testcase name="PatientUnitAdmitTimeHelperLengthOfStayTest (0,-30,1,True)" classname="Philips.PMP.Test.Auto.PatientUnitAdmitTimeHelperTest" time="0.001" status="1" />
    <testcase name="PatientUnitAdmitTimeHelperLengthOfStayTest (-25,-10,25,False)" classname="Philips.PMP.Test.Auto.PatientUnitAdmitTimeHelperTest" time="0.001" status="1" />
    <testcase name="PatientUnitAdmitTimeHelperLengthOfStayTest (-300,-36,301,False)" classname="Philips.PMP.Test.Auto.PatientUnitAdmitTimeHelperTest" time="0.001" status="1" />
    <testcase name="PatientUnitAdmitTimeHelperLengthOfStayTest (-800,-10,800,False)" classname="Philips.PMP.Test.Auto.PatientUnitAdmitTimeHelperTest" time="0.002" status="1" />
    <testcase name="PatientUnitAdmitTimeHelperGetInitialUnitAdmitTimeValues" classname="Philips.PMP.Test.Auto.PatientUnitAdmitTimeHelperTest" time="0.002" status="1" />
    <testcase name="PatientDateTimeHelperMaximumAdmitTimeTest (0,True)" classname="Philips.PMP.Test.Auto.PatientUnitAdmitTimeHelperTest" time="0.000" status="1" />
    <testcase name="PatientDateTimeHelperMaximumAdmitTimeTest (7,True)" classname="Philips.PMP.Test.Auto.PatientUnitAdmitTimeHelperTest" time="0.000" status="1" />
    <testcase name="PatientDateTimeHelperMaximumAdmitTimeTest (-20,True)" classname="Philips.PMP.Test.Auto.PatientUnitAdmitTimeHelperTest" time="0.001" status="1" />
    <testcase name="PatientDateTimeHelperMaximumAdmitTimeTest (10,False)" classname="Philips.PMP.Test.Auto.PatientUnitAdmitTimeHelperTest" time="0.000" status="1" />
    <testcase name="PatientDateTimeHelperMaximumAdmitTimeTest (500,False)" classname="Philips.PMP.Test.Auto.PatientUnitAdmitTimeHelperTest" time="0.000" status="1" />
    <testcase name="PatientUnitAdmitTimeHelperIsValidUnitAdmitTime" classname="Philips.PMP.Test.Auto.PatientUnitAdmitTimeHelperTest" time="0.000" status="1" />
    <system-out />
    <system-err />
  </testsuite>
  <testsuite name="Philips.PMP.Test.Auto.LabelAssignmentControlTest" hostname="RESTORMEL" package="not available" id="899" tests="1" failures="0" errors="0" skipped="0" time="0.085" timestamp="2023-12-13T03:38:04">
    <properties />
    <testcase name="InitializeControlTest" classname="Philips.PMP.Test.Auto.LabelAssignmentControlTest" time="0.085" status="1" />
    <system-out />
    <system-err />
  </testsuite>
  <testsuite name="Philips.PMP.Test.Auto.WeightConversionHelperTest" hostname="RESTORMEL" package="not available" id="900" tests="10" failures="0" errors="0" skipped="0" time="0.007" timestamp="2023-12-13T03:36:09">
    <properties />
    <testcase name="WeightConversionHelperLimitsTest (-1,Grams)" classname="Philips.PMP.Test.Auto.WeightConversionHelperTest" time="0.001" status="1" />
    <testcase name="WeightConversionHelperLimitsTest (-1,Kilograms)" classname="Philips.PMP.Test.Auto.WeightConversionHelperTest" time="0.001" status="1" />
    <testcase name="WeightConversionHelperLimitsTest (-1,Pounds)" classname="Philips.PMP.Test.Auto.WeightConversionHelperTest" time="0.000" status="1" />
    <testcase name="WeightConversionHelperLimitsTest (-1,Unknown)" classname="Philips.PMP.Test.Auto.WeightConversionHelperTest" time="0.001" status="1" />
    <testcase name="WeightConversionHelperLimitsTest (10000,Grams)" classname="Philips.PMP.Test.Auto.WeightConversionHelperTest" time="0.000" status="1" />
    <testcase name="WeightConversionHelperLimitsTest (451,Kilograms)" classname="Philips.PMP.Test.Auto.WeightConversionHelperTest" time="0.000" status="1" />
    <testcase name="WeightConversionHelperLimitsTest (1000,Pounds)" classname="Philips.PMP.Test.Auto.WeightConversionHelperTest" time="0.001" status="1" />
    <testcase name="WeightConversionHelperLimitsTest (10000,Unknown)" classname="Philips.PMP.Test.Auto.WeightConversionHelperTest" time="0.001" status="1" />
    <testcase name="WeightConversionHelperConversionTest" classname="Philips.PMP.Test.Auto.WeightConversionHelperTest" time="0.001" status="1" />
    <testcase name="WeightConversionHelperConvertTest" classname="Philips.PMP.Test.Auto.WeightConversionHelperTest" time="0.001" status="1" />
    <system-out />
    <system-err />
  </testsuite>
  <testsuite name="Philips.PMP.Test.Auto.RemoteSupportHelperTest" hostname="RESTORMEL" package="not available" id="901" tests="2" failures="0" errors="0" skipped="0" time="0.019" timestamp="2023-12-13T03:30:49">
    <properties />
    <testcase name="UltraVncBuiltinAdminAccessTest" classname="Philips.PMP.Test.Auto.RemoteSupportHelperTest" time="0.002" status="1" />
    <testcase name="UltraVncMsLogOnSettingTest" classname="Philips.PMP.Test.Auto.RemoteSupportHelperTest" time="0.016" status="1" />
    <system-out />
    <system-err />
  </testsuite>
  <testsuite name="Philips.CareEvent.Test.WctpPriorityConfigControlTest" hostname="RESTORMEL" package="not available" id="902" tests="1" failures="0" errors="0" skipped="0" time="0.017" timestamp="2023-12-13T03:28:27">
    <properties />
    <testcase name="ValidateAndSaveSettingsTest" classname="Philips.CareEvent.Test.WctpPriorityConfigControlTest" time="0.017" status="1" />
    <system-out />
    <system-err />
  </testsuite>
  <testsuite name="Philips.PMP.Test.Auto.AlertStatusInfoTest" hostname="RESTORMEL" package="not available" id="903" tests="2" failures="0" errors="0" skipped="0" time="0.013" timestamp="2023-12-13T03:29:49">
    <properties />
    <testcase name="AlertStatusInfoAddDefaultTest" classname="Philips.PMP.Test.Auto.AlertStatusInfoTest" time="0.001" status="1" />
    <testcase name="AlertStatusInfoDeepCopyTest" classname="Philips.PMP.Test.Auto.AlertStatusInfoTest" time="0.012" status="1" />
    <system-out />
    <system-err />
  </testsuite>
  <testsuite name="Philips.PMP.Test.Auto.DataSubstitutionMgrTest" hostname="RESTORMEL" package="not available" id="904" tests="4" failures="0" errors="0" skipped="0" time="0.029" timestamp="2023-12-13T03:29:38">
    <properties />
    <testcase name="DataSubstitutionMgrGetHighestPriorityWaveTest" classname="Philips.PMP.Test.Auto.DataSubstitutionMgrTest" time="0.005" status="1" />
    <testcase name="DataSubstitutionMgrHandlesGroups (147842,True,False)" classname="Philips.PMP.Test.Auto.DataSubstitutionMgrTest" time="0.023" status="1" />
    <testcase name="DataSubstitutionMgrHandlesGroups (150344,True,True)" classname="Philips.PMP.Test.Auto.DataSubstitutionMgrTest" time="0.001" status="1" />
    <testcase name="DataSubstitutionMgrHandlesGroups (150352,True,True)" classname="Philips.PMP.Test.Auto.DataSubstitutionMgrTest" time="0.001" status="1" />
    <system-out />
    <system-err />
  </testsuite>
  <testsuite name="Philips.PMP.Test.Auto.IheDriverTest" hostname="RESTORMEL" package="not available" id="905" tests="13" failures="0" errors="0" skipped="0" time="0.876" timestamp="2023-12-13T03:29:45">
    <properties />
    <testcase name="IheDriverMdipAsAlwaysServerTest (CapsuleMDIP,TCPServer)" classname="Philips.PMP.Test.Auto.IheDriverTest" time="0.055" status="1" />
    <testcase name="IheDriverMdipAsAlwaysServerTest (CapsuleMDIP,TCPClient)" classname="Philips.PMP.Test.Auto.IheDriverTest" time="0.040" status="1" />
    <testcase name="IntelliBridgeIHEDriverTest" classname="Philips.PMP.Test.Auto.IheDriverTest" time="0.304" status="1" />
    <testcase name="IntelliBridgeIHEDeviceChecksTcpClientPrerequisites (True,True,1)" classname="Philips.PMP.Test.Auto.IheDriverTest" time="0.057" status="1" />
    <testcase name="IntelliBridgeIHEDeviceChecksTcpClientPrerequisites (True,False,1)" classname="Philips.PMP.Test.Auto.IheDriverTest" time="0.001" status="1" />
    <testcase name="IntelliBridgeIHEDeviceChecksTcpClientPrerequisites (False,True,1)" classname="Philips.PMP.Test.Auto.IheDriverTest" time="0.023" status="1" />
    <testcase name="IntelliBridgeIHEDeviceChecksTcpClientPrerequisites (False,False,0)" classname="Philips.PMP.Test.Auto.IheDriverTest" time="0.006" status="1" />
    <testcase name="IHEDeviceTestConnectionTest (CapsuleMDIP,TCPServer,3004,True,True,True)" classname="Philips.PMP.Test.Auto.IheDriverTest" time="0.042" status="1" />
    <testcase name="IHEDeviceTestConnectionTest (CapsuleMDIP,TCPServer,5000,True,True,True)" classname="Philips.PMP.Test.Auto.IheDriverTest" time="0.047" status="1" />
    <testcase name="IHEDeviceTestConnectionTest (CapsuleMDIP,TCPServer,5000,True,False,False)" classname="Philips.PMP.Test.Auto.IheDriverTest" time="0.057" status="1" />
    <testcase name="IHEDeviceTestConnectionTest (CapsuleMDIP,TCPServer,5000,False,True,False)" classname="Philips.PMP.Test.Auto.IheDriverTest" time="0.121" status="1" />
    <testcase name="IHEDeviceTestConnectionTest (BBraunDoselinkPlus,TCPServer,3005,True,True,True)" classname="Philips.PMP.Test.Auto.IheDriverTest" time="0.082" status="1" />
    <testcase name="IHEDeviceTestConnectionTest (BBraunDoselinkPlus,TCPServer,5000,False,True,False)" classname="Philips.PMP.Test.Auto.IheDriverTest" time="0.042" status="1" />
    <system-out />
    <system-err />
  </testsuite>
  <testsuite name="Philips.PMP.Test.Auto.WebPortalViewControllerTest" hostname="RESTORMEL" package="not available" id="906" tests="6" failures="0" errors="0" skipped="0" time="0.019" timestamp="2023-12-13T03:34:07">
    <properties />
    <testcase name="WebPortalViewControllerGetPortalData" classname="Philips.PMP.Test.Auto.WebPortalViewControllerTest" time="0.002" status="1" />
    <testcase name="WebPortalViewControllerSetView" classname="Philips.PMP.Test.Auto.WebPortalViewControllerTest" time="0.003" status="1" />
    <testcase name="WebPortalViewControllerGetEnabledPortalItems" classname="Philips.PMP.Test.Auto.WebPortalViewControllerTest" time="0.005" status="1" />
    <testcase name="WebPortalViewControllerGetUnitsIdsToCheck" classname="Philips.PMP.Test.Auto.WebPortalViewControllerTest" time="0.005" status="1" />
    <testcase name="WebPortalViewControllerRefresh" classname="Philips.PMP.Test.Auto.WebPortalViewControllerTest" time="0.002" status="1" />
    <testcase name="WebPortalViewControllerSetPortalTopologySourceData" classname="Philips.PMP.Test.Auto.WebPortalViewControllerTest" time="0.002" status="1" />
    <system-out />
    <system-err />
  </testsuite>
  <testsuite name="Philips.CareEvent.Test.NewMobileCarrierControlTests" hostname="RESTORMEL" package="not available" id="907" tests="1" failures="0" errors="0" skipped="0" time="0.016" timestamp="2023-12-13T03:28:27">
    <properties />
    <testcase name="InvalidInputTest" classname="Philips.CareEvent.Test.NewMobileCarrierControlTests" time="0.016" status="1" />
    <system-out />
    <system-err />
  </testsuite>
  <testsuite name="Philips.PMP.Test.Auto.UnitPermissionsControlHelperTest" hostname="RESTORMEL" package="not available" id="908" tests="4" failures="0" errors="0" skipped="0" time="0.023" timestamp="2023-12-13T03:38:13">
    <properties />
    <testcase name="UnitPermissionsControlHelperRevertToFactory" classname="Philips.PMP.Test.Auto.UnitPermissionsControlHelperTest" time="0.004" status="1" />
    <testcase name="UnitPermissionsControlHelperSave" classname="Philips.PMP.Test.Auto.UnitPermissionsControlHelperTest" time="0.005" status="1" />
    <testcase name="UnitPermissionsControlHelperInitialize" classname="Philips.PMP.Test.Auto.UnitPermissionsControlHelperTest" time="0.003" status="1" />
    <testcase name="UnitPermissionsControlHelperCopySettings" classname="Philips.PMP.Test.Auto.UnitPermissionsControlHelperTest" time="0.012" status="1" />
    <system-out />
    <system-err />
  </testsuite>
  <testsuite name="Philips.iX.InboundDataBridge.Test.ProtobufSerializationHelperTest" hostname="RESTORMEL" package="not available" id="909" tests="1" failures="0" errors="0" skipped="0" time="0.489" timestamp="2023-12-13T03:27:48">
    <properties />
    <testcase name="SerializeTest" classname="Philips.iX.InboundDataBridge.Test.ProtobufSerializationHelperTest" time="0.489" status="1" />
    <system-out />
    <system-err />
  </testsuite>
  <testsuite name="Philips.PIC.WebBridge.Test.MobilePhysioDataRetrievalMgrTest" hostname="RESTORMEL" package="not available" id="910" tests="4" failures="0" errors="0" skipped="0" time="0.362" timestamp="2023-12-13T03:39:10">
    <properties />
    <testcase name="PhysioDataRetrievalMgrTryGetPhysioDataTest" classname="Philips.PIC.WebBridge.Test.MobilePhysioDataRetrievalMgrTest" time="0.310" status="1" />
    <testcase name="WillConvertMobilePhysioDataWithAlarmSortingTest" classname="Philips.PIC.WebBridge.Test.MobilePhysioDataRetrievalMgrTest" time="0.046" status="1" />
    <testcase name="WillNotGetPhysioDataForDischargedPatientTest" classname="Philips.PIC.WebBridge.Test.MobilePhysioDataRetrievalMgrTest" time="0.002" status="1" />
    <testcase name="WillGetPhysioDataForTimeSequenceTest" classname="Philips.PIC.WebBridge.Test.MobilePhysioDataRetrievalMgrTest" time="0.004" status="1" />
    <system-out />
    <system-err />
  </testsuite>
  <testsuite name="Philips.PMP.Test.Auto.PhysioDataStorageServiceTest" hostname="RESTORMEL" package="not available" id="911" tests="10" failures="0" errors="0" skipped="0" time="1.235" timestamp="2023-12-13T03:35:27">
    <properties />
    <testcase name="PhysioDataMaintenanceTest (False,False,0)" classname="Philips.PMP.Test.Auto.PhysioDataStorageServiceTest" time="0.421" status="1" />
    <testcase name="PhysioDataMaintenanceTest (True,False,0)" classname="Philips.PMP.Test.Auto.PhysioDataStorageServiceTest" time="0.046" status="1" />
    <testcase name="PhysioDataMaintenanceTest (True,True,1)" classname="Philips.PMP.Test.Auto.PhysioDataStorageServiceTest" time="0.057" status="1" />
    <testcase name="PhysioDataStorageServiceSubscribesWithCorrectCriteriaFlags" classname="Philips.PMP.Test.Auto.PhysioDataStorageServiceTest" time="0.168" status="1" />
    <testcase name="DiskSpaceErrorStatusMessageContainsExpectedHosts" classname="Philips.PMP.Test.Auto.PhysioDataStorageServiceTest" time="0.267" status="1" />
    <testcase name="LocalTimeMappingCombineTest (False,2,2)" classname="Philips.PMP.Test.Auto.PhysioDataStorageServiceTest" time="0.014" status="1" />
    <testcase name="LocalTimeMappingCombineTest (True,3,2)" classname="Philips.PMP.Test.Auto.PhysioDataStorageServiceTest" time="0.003" status="1" />
    <testcase name="StorageErrorDoesNotThrowException" classname="Philips.PMP.Test.Auto.PhysioDataStorageServiceTest" time="0.243" status="1" />
    <testcase name="TimeMappingLocalStorageQueueTest (False,1)" classname="Philips.PMP.Test.Auto.PhysioDataStorageServiceTest" time="0.012" status="1" />
    <testcase name="TimeMappingLocalStorageQueueTest (True,0)" classname="Philips.PMP.Test.Auto.PhysioDataStorageServiceTest" time="0.005" status="1" />
    <system-out />
    <system-err />
  </testsuite>
  <testsuite name="Philips.PMP.Test.Auto.SharedIconMgrTest" hostname="RESTORMEL" package="not available" id="912" tests="18" failures="0" errors="0" skipped="0" time="0.031" timestamp="2023-12-13T03:37:05">
    <properties />
    <testcase name="RetrieveSharedSvgIconTest" classname="Philips.PMP.Test.Auto.SharedIconMgrTest" time="0.015" status="1" />
    <testcase name="SharedIconMgrGetIconTypeTest (194954,Numeric,Mews)" classname="Philips.PMP.Test.Auto.SharedIconMgrTest" time="0.002" status="1" />
    <testcase name="SharedIconMgrGetIconTypeTest (194954,0,Sps)" classname="Philips.PMP.Test.Auto.SharedIconMgrTest" time="0.001" status="1" />
    <testcase name="SharedIconMgrGetIconTypeTest (195057,Numeric,Mews)" classname="Philips.PMP.Test.Auto.SharedIconMgrTest" time="0.000" status="1" />
    <testcase name="SharedIconMgrGetIconTypeTest (195058,0,Sps)" classname="Philips.PMP.Test.Auto.SharedIconMgrTest" time="0.001" status="1" />
    <testcase name="SharedIconMgrGetIconTypeTest (193134,Numeric,EwsDeteriorationScore)" classname="Philips.PMP.Test.Auto.SharedIconMgrTest" time="0.001" status="1" />
    <testcase name="SharedIconMgrGetIconTypeTest (193134,0,SpsDeteriorationScore)" classname="Philips.PMP.Test.Auto.SharedIconMgrTest" time="0.000" status="1" />
    <testcase name="SharedIconMgrGetIconTypeTest (195135,Numeric,EwsDeteriorationScore)" classname="Philips.PMP.Test.Auto.SharedIconMgrTest" time="0.001" status="1" />
    <testcase name="SharedIconMgrGetIconTypeTest (195136,0,SpsDeteriorationScore)" classname="Philips.PMP.Test.Auto.SharedIconMgrTest" time="0.000" status="1" />
    <testcase name="SharedIconMgrGetIconTypeTest (194955,0,PatientConcern)" classname="Philips.PMP.Test.Auto.SharedIconMgrTest" time="0.000" status="1" />
    <testcase name="SharedIconMgrGetIconTypeTest (195241,0,PatientConcern)" classname="Philips.PMP.Test.Auto.SharedIconMgrTest" time="0.001" status="1" />
    <testcase name="SharedIconMgrGetIconTypeTest (195245,0,PatientConcern)" classname="Philips.PMP.Test.Auto.SharedIconMgrTest" time="0.000" status="1" />
    <testcase name="SharedIconMgrGetIconTypeTest (147842,0,NoIcon)" classname="Philips.PMP.Test.Auto.SharedIconMgrTest" time="0.000" status="1" />
    <testcase name="SharedIconMgrGetEwsIconTest (Mews,32)" classname="Philips.PMP.Test.Auto.SharedIconMgrTest" time="0.002" status="1" />
    <testcase name="SharedIconMgrGetEwsIconTest (Sps,32)" classname="Philips.PMP.Test.Auto.SharedIconMgrTest" time="0.002" status="1" />
    <testcase name="SharedIconMgrGetEwsIconTest (EwsDeterioration,32)" classname="Philips.PMP.Test.Auto.SharedIconMgrTest" time="0.001" status="1" />
    <testcase name="SharedIconMgrGetEwsIconTest (EwsDeteriorationScore,22)" classname="Philips.PMP.Test.Auto.SharedIconMgrTest" time="0.002" status="1" />
    <testcase name="SharedIconMgrGetEwsIconTest (SpsDeteriorationScore,22)" classname="Philips.PMP.Test.Auto.SharedIconMgrTest" time="0.001" status="1" />
    <system-out />
    <system-err />
  </testsuite>
  <testsuite name="Philips.PIC.DeviceUserManagement.Test.DeviceUserManagementConfigProviderTest" hostname="RESTORMEL" package="not available" id="913" tests="4" failures="0" errors="0" skipped="0" time="0.169" timestamp="2023-12-13T03:29:02">
    <properties />
    <testcase name="DeviceUserManagementConfigProviderGetUserPermissions" classname="Philips.PIC.DeviceUserManagement.Test.DeviceUserManagementConfigProviderTest" time="0.005" status="1" />
    <testcase name="DeviceUserManagementConfigProviderCaching" classname="Philips.PIC.DeviceUserManagement.Test.DeviceUserManagementConfigProviderTest" time="0.004" status="1" />
    <testcase name="DeviceUserManagementConfigProviderGetConfig (True,PinPswd,SsoActivated)" classname="Philips.PIC.DeviceUserManagement.Test.DeviceUserManagementConfigProviderTest" time="0.159" status="1" />
    <testcase name="DeviceUserManagementConfigProviderGetConfig (False,PswdOnly,None)" classname="Philips.PIC.DeviceUserManagement.Test.DeviceUserManagementConfigProviderTest" time="0.001" status="1" />
    <system-out />
    <system-err />
  </testsuite>
  <testsuite name="Philips.PMP.Test.Auto.HostAccessAndPermissionsCheckerTest" hostname="RESTORMEL" package="not available" id="914" tests="5" failures="0" errors="0" skipped="0" time="0.031" timestamp="2023-12-13T03:30:00">
    <properties />
    <testcase name="HostAccessAndPermissionsCheckerShouldEnableList (False,AccessToDeskTop,True,SilenceRedAlarms,True)" classname="Philips.PMP.Test.Auto.HostAccessAndPermissionsCheckerTest" time="0.004" status="1" />
    <testcase name="HostAccessAndPermissionsCheckerShouldEnableList (True,AccessToDeskTop,True,SilenceRedAlarms,True)" classname="Philips.PMP.Test.Auto.HostAccessAndPermissionsCheckerTest" time="0.005" status="1" />
    <testcase name="HostAccessAndPermissionsCheckerShouldEnableList (True,AccessToDeskTop,False,SilenceRedAlarms,True)" classname="Philips.PMP.Test.Auto.HostAccessAndPermissionsCheckerTest" time="0.005" status="1" />
    <testcase name="HostAccessAndPermissionsCheckerShouldEnableList (True,AccessToDeskTop,True,SilenceRedAlarms,False)" classname="Philips.PMP.Test.Auto.HostAccessAndPermissionsCheckerTest" time="0.003" status="1" />
    <testcase name="HostAccessAndPermissionsCheckerShouldEnable" classname="Philips.PMP.Test.Auto.HostAccessAndPermissionsCheckerTest" time="0.014" status="1" />
    <system-out />
    <system-err />
  </testsuite>
  <testsuite name="Philips.PMP.Test.Auto.ConflictResolutionControlTest" hostname="RESTORMEL" package="not available" id="915" tests="6" failures="0" errors="0" skipped="0" time="0.171" timestamp="2023-12-13T03:29:48">
    <properties />
    <testcase name="ConflictResolutionControlEnableUi (True)" classname="Philips.PMP.Test.Auto.ConflictResolutionControlTest" time="0.032" status="1" />
    <testcase name="ConflictResolutionControlEnableUi (False)" classname="Philips.PMP.Test.Auto.ConflictResolutionControlTest" time="0.022" status="1" />
    <testcase name="ConflictResolutionControlGetColumnWidth (1)" classname="Philips.PMP.Test.Auto.ConflictResolutionControlTest" time="0.021" status="1" />
    <testcase name="ConflictResolutionControlGetColumnWidth (2)" classname="Philips.PMP.Test.Auto.ConflictResolutionControlTest" time="0.036" status="1" />
    <testcase name="ConflictResolutionControlGetColumnWidth (3)" classname="Philips.PMP.Test.Auto.ConflictResolutionControlTest" time="0.042" status="1" />
    <testcase name="ConflictResolutionControlGetColumnWidth (4)" classname="Philips.PMP.Test.Auto.ConflictResolutionControlTest" time="0.017" status="1" />
    <system-out />
    <system-err />
  </testsuite>
  <testsuite name="Philips.PMP.Test.Auto.TwelveLeadCaptureWindowControlCheckerTest" hostname="RESTORMEL" package="not available" id="916" tests="10" failures="0" errors="0" skipped="0" time="0.028" timestamp="2023-12-13T03:30:00">
    <properties />
    <testcase name="TwelveLeadCaptureWindowControlCheckerShouldEnableOrDisableNextAndPreviousPage" classname="Philips.PMP.Test.Auto.TwelveLeadCaptureWindowControlCheckerTest" time="0.001" status="1" />
    <testcase name="TwelveLeadCaptureWindowControlCheckerShouldEnableOrDisableExportAndRefine" classname="Philips.PMP.Test.Auto.TwelveLeadCaptureWindowControlCheckerTest" time="0.002" status="1" />
    <testcase name="TwelveLeadCaptureWindowControlCheckerShouldEnableLock (True,0,False)" classname="Philips.PMP.Test.Auto.TwelveLeadCaptureWindowControlCheckerTest" time="0.003" status="1" />
    <testcase name="TwelveLeadCaptureWindowControlCheckerShouldEnableLock (False,0,False)" classname="Philips.PMP.Test.Auto.TwelveLeadCaptureWindowControlCheckerTest" time="0.004" status="1" />
    <testcase name="TwelveLeadCaptureWindowControlCheckerShouldEnableLock (True,1,True)" classname="Philips.PMP.Test.Auto.TwelveLeadCaptureWindowControlCheckerTest" time="0.002" status="1" />
    <testcase name="TwelveLeadCaptureWindowControlCheckerShouldEnableLock (False,1,False)" classname="Philips.PMP.Test.Auto.TwelveLeadCaptureWindowControlCheckerTest" time="0.002" status="1" />
    <testcase name="TwelveLeadCaptureWindowControlCheckerShouldEnableDelete (True,0,False)" classname="Philips.PMP.Test.Auto.TwelveLeadCaptureWindowControlCheckerTest" time="0.004" status="1" />
    <testcase name="TwelveLeadCaptureWindowControlCheckerShouldEnableDelete (False,0,False)" classname="Philips.PMP.Test.Auto.TwelveLeadCaptureWindowControlCheckerTest" time="0.006" status="1" />
    <testcase name="TwelveLeadCaptureWindowControlCheckerShouldEnableDelete (True,1,True)" classname="Philips.PMP.Test.Auto.TwelveLeadCaptureWindowControlCheckerTest" time="0.002" status="1" />
    <testcase name="TwelveLeadCaptureWindowControlCheckerShouldEnableDelete (False,1,False)" classname="Philips.PMP.Test.Auto.TwelveLeadCaptureWindowControlCheckerTest" time="0.003" status="1" />
    <system-out />
    <system-err />
  </testsuite>
  <testsuite name="Philips.PMP.Test.Auto.Hl7SegmentCounterTest" hostname="RESTORMEL" package="not available" id="917" tests="1" failures="0" errors="0" skipped="0" time="0.001" timestamp="2023-12-13T03:29:55">
    <properties />
    <testcase name="MessageCountIsUpdatedCorrectlyTest" classname="Philips.PMP.Test.Auto.Hl7SegmentCounterTest" time="0.001" status="1" />
    <system-out />
    <system-err />
  </testsuite>
  <testsuite name="Philips.PMP.Test.Auto.EventCategorySettingsControlTest" hostname="RESTORMEL" package="not available" id="918" tests="2" failures="0" errors="0" skipped="0" time="0.436" timestamp="2023-12-13T03:29:41">
    <properties />
    <testcase name="ValidateSelectedNodeSave (1)" classname="Philips.PMP.Test.Auto.EventCategorySettingsControlTest" time="0.326" status="1" />
    <testcase name="ValidateSelectedNodeSave (2)" classname="Philips.PMP.Test.Auto.EventCategorySettingsControlTest" time="0.110" status="1" />
    <system-out />
    <system-err />
  </testsuite>
  <testsuite name="Philips.CareEvent.Test.EventManagementProviderTests" hostname="RESTORMEL" package="not available" id="919" tests="4" failures="0" errors="0" skipped="0" time="0.020" timestamp="2023-12-13T03:28:15">
    <properties />
    <testcase name="MobileDeviceCacheTest" classname="Philips.CareEvent.Test.EventManagementProviderTests" time="0.013" status="1" />
    <testcase name="AddDeviceForEventsTest" classname="Philips.CareEvent.Test.EventManagementProviderTests" time="0.002" status="1" />
    <testcase name="MobileDeviceLevelAndPrefixTest" classname="Philips.CareEvent.Test.EventManagementProviderTests" time="0.003" status="1" />
    <testcase name="EventCacheTest" classname="Philips.CareEvent.Test.EventManagementProviderTests" time="0.001" status="1" />
    <system-out />
    <system-err />
  </testsuite>
  <testsuite name="Philips.PMP.Test.Auto.TrendUploadHelperTest" hostname="RESTORMEL" package="not available" id="920" tests="1" failures="0" errors="0" skipped="0" time="0.006" timestamp="2023-12-13T03:36:56">
    <properties />
    <testcase name="UploadInfoQueryIsSuppressedWhenMmsUploadInProgressTest" classname="Philips.PMP.Test.Auto.TrendUploadHelperTest" time="0.006" status="1" />
    <system-out />
    <system-err />
  </testsuite>
  <testsuite name="Philips.CareEvent.Test.ProductBuilderTest" hostname="RESTORMEL" package="not available" id="921" tests="4" failures="0" errors="0" skipped="0" time="0.011" timestamp="2023-12-13T03:28:16">
    <properties />
    <testcase name="ValidateGetProductType (SOAP,NurseCall)" classname="Philips.CareEvent.Test.ProductBuilderTest" time="0.005" status="1" />
    <testcase name="ValidateGetProductType (TAP,NurseCall)" classname="Philips.CareEvent.Test.ProductBuilderTest" time="0.005" status="1" />
    <testcase name="ValidateGetProductType (XML,Other)" classname="Philips.CareEvent.Test.ProductBuilderTest" time="0.001" status="1" />
    <testcase name="ValidateGetProductType (Unknown,Unknown)" classname="Philips.CareEvent.Test.ProductBuilderTest" time="0.000" status="1" />
    <system-out />
    <system-err />
  </testsuite>
  <testsuite name="Philips.PIC.CertificateRenewal.Test.CertificateRenewalHelperTest" hostname="RESTORMEL" package="not available" id="922" tests="17" failures="0" errors="0" skipped="0" time="2.030" timestamp="2023-12-13T03:28:47">
    <properties />
    <testcase name="CertificateRenewalHelperCanGetKeyFactory (True,Philips.iX.Certificates.EccNist256KeyFactory)" classname="Philips.PIC.CertificateRenewal.Test.CertificateRenewalHelperTest" time="0.073" status="1" />
    <testcase name="CertificateRenewalHelperCanGetKeyFactory (False,Philips.iX.Certificates.RsaKeyFactory)" classname="Philips.PIC.CertificateRenewal.Test.CertificateRenewalHelperTest" time="0.041" status="1" />
    <testcase name="CertificateRenewalHelperCanGetScepServer (True,True)" classname="Philips.PIC.CertificateRenewal.Test.CertificateRenewalHelperTest" time="1.492" status="1" />
    <testcase name="CertificateRenewalHelperCanGetScepServer (True,False)" classname="Philips.PIC.CertificateRenewal.Test.CertificateRenewalHelperTest" time="0.006" status="1" />
    <testcase name="CertificateRenewalHelperCanGetScepServer (False,True)" classname="Philips.PIC.CertificateRenewal.Test.CertificateRenewalHelperTest" time="0.003" status="1" />
    <testcase name="CertificateRenewalHelperCanGetScepServer (False,False)" classname="Philips.PIC.CertificateRenewal.Test.CertificateRenewalHelperTest" time="0.002" status="1" />
    <testcase name="CertificateRenewalHelperCanDetermineWhenCertifcateShouldBeRenewed (-10,5,True)" classname="Philips.PIC.CertificateRenewal.Test.CertificateRenewalHelperTest" time="0.322" status="1" />
    <testcase name="CertificateRenewalHelperCanDetermineWhenCertifcateShouldBeRenewed (-10,15,False)" classname="Philips.PIC.CertificateRenewal.Test.CertificateRenewalHelperTest" time="0.021" status="1" />
    <testcase name="CertificateRenewalHelperCanDetermineWhenCertifcateShouldBeRenewed (-365,150,True)" classname="Philips.PIC.CertificateRenewal.Test.CertificateRenewalHelperTest" time="0.047" status="1" />
    <testcase name="CertificateRenewalHelperRenewalAvailability (True,True,True,True,Available,ExternalServer)" classname="Philips.PIC.CertificateRenewal.Test.CertificateRenewalHelperTest" time="0.006" status="1" />
    <testcase name="CertificateRenewalHelperRenewalAvailability (True,False,True,True,Available,ExternalServer)" classname="Philips.PIC.CertificateRenewal.Test.CertificateRenewalHelperTest" time="0.002" status="1" />
    <testcase name="CertificateRenewalHelperRenewalAvailability (False,False,True,True,Available,ExternalServer)" classname="Philips.PIC.CertificateRenewal.Test.CertificateRenewalHelperTest" time="0.002" status="1" />
    <testcase name="CertificateRenewalHelperRenewalAvailability (True,True,True,False,Available,PrimaryServer)" classname="Philips.PIC.CertificateRenewal.Test.CertificateRenewalHelperTest" time="0.002" status="1" />
    <testcase name="CertificateRenewalHelperRenewalAvailability (True,True,False,False,Available,PrimaryServer)" classname="Philips.PIC.CertificateRenewal.Test.CertificateRenewalHelperTest" time="0.002" status="1" />
    <testcase name="CertificateRenewalHelperRenewalAvailability (False,False,False,False,Unknown,)" classname="Philips.PIC.CertificateRenewal.Test.CertificateRenewalHelperTest" time="0.002" status="1" />
    <testcase name="CertificateRenewalHelperRenewalAvailability (False,False,True,False,Unknown,)" classname="Philips.PIC.CertificateRenewal.Test.CertificateRenewalHelperTest" time="0.002" status="1" />
    <testcase name="CertificateRenewalHelperRenewalAvailability (True,False,True,False,Unavailable,)" classname="Philips.PIC.CertificateRenewal.Test.CertificateRenewalHelperTest" time="0.002" status="1" />
    <system-out />
    <system-err />
  </testsuite>
  <testsuite name="Philips.PIC.DataAcquisition.Test.SureSignsValidationMgrTest" hostname="RESTORMEL" package="not available" id="923" tests="4" failures="0" errors="0" skipped="0" time="0.228" timestamp="2023-12-13T03:28:55">
    <properties />
    <testcase name="SureSignsSpotCheckMgrProcessValidationRequestTest (False,0)" classname="Philips.PIC.DataAcquisition.Test.SureSignsValidationMgrTest" time="0.005" status="1" />
    <testcase name="SureSignsSpotCheckMgrProcessValidationRequestTest (True,1)" classname="Philips.PIC.DataAcquisition.Test.SureSignsValidationMgrTest" time="0.004" status="1" />
    <testcase name="SureSignsSpotCheckMgrProcessValidationUpdateFromHl7Test" classname="Philips.PIC.DataAcquisition.Test.SureSignsValidationMgrTest" time="0.006" status="1" />
    <testcase name="SureSignsSpotCheckMgrOnSpotCheckUpdateRequestTest" classname="Philips.PIC.DataAcquisition.Test.SureSignsValidationMgrTest" time="0.213" status="1" />
    <system-out />
    <system-err />
  </testsuite>
  <testsuite name="Philips.PMP.Test.Auto.EventRolesHelperTest" hostname="RESTORMEL" package="not available" id="924" tests="5" failures="0" errors="0" skipped="0" time="0.073" timestamp="2023-12-13T03:29:42">
    <properties />
    <testcase name="ShouldDisplayNotificationTest (False,False,False)" classname="Philips.PMP.Test.Auto.EventRolesHelperTest" time="0.005" status="1" />
    <testcase name="ShouldDisplayNotificationTest (False,True,True)" classname="Philips.PMP.Test.Auto.EventRolesHelperTest" time="0.002" status="1" />
    <testcase name="ShouldDisplayNotificationTest (True,False,True)" classname="Philips.PMP.Test.Auto.EventRolesHelperTest" time="0.002" status="1" />
    <testcase name="ShouldDisplayNotificationTest (True,True,True)" classname="Philips.PMP.Test.Auto.EventRolesHelperTest" time="0.002" status="1" />
    <testcase name="CorrectEventRolesParentChild" classname="Philips.PMP.Test.Auto.EventRolesHelperTest" time="0.062" status="1" />
    <system-out />
    <system-err />
  </testsuite>
  <testsuite name="Philips.PIC.WebBridge.Test.WatchdogHostedServiceTest" hostname="RESTORMEL" package="not available" id="925" tests="2" failures="0" errors="0" skipped="0" time="0.023" timestamp="2023-12-13T03:39:11">
    <properties />
    <testcase name="HostedServiceStartTestAsync" classname="Philips.PIC.WebBridge.Test.WatchdogHostedServiceTest" time="0.020" status="1" />
    <testcase name="DisposeTest" classname="Philips.PIC.WebBridge.Test.WatchdogHostedServiceTest" time="0.003" status="1" />
    <system-out />
    <system-err />
  </testsuite>
  <testsuite name="Philips.PMP.Test.Auto.CaregiverAssignmentHelperTest" hostname="RESTORMEL" package="not available" id="926" tests="4" failures="0" errors="0" skipped="0" time="1.025" timestamp="2023-12-13T03:35:56">
    <properties />
    <testcase name="PopUpIsEmptyIfCategoryNotAvailable" classname="Philips.PMP.Test.Auto.CaregiverAssignmentHelperTest" time="0.243" status="1" />
    <testcase name="GetPopInfoIfUnitRoleAssignmentIsAvailableAndPopUpBehaviorIsByUnit (Unit)" classname="Philips.PMP.Test.Auto.CaregiverAssignmentHelperTest" time="0.251" status="1" />
    <testcase name="GetPopInfoIfUnitRoleAssignmentIsAvailableAndPopUpBehaviorIsByUnit (Caregiver)" classname="Philips.PMP.Test.Auto.CaregiverAssignmentHelperTest" time="0.271" status="1" />
    <testcase name="GetPopInfoIfUnitRoleAssignmentIsAvailableAndPopUpBehaviorIsByUnit (None)" classname="Philips.PMP.Test.Auto.CaregiverAssignmentHelperTest" time="0.260" status="1" />
    <system-out />
    <system-err />
  </testsuite>
  <testsuite name="Philips.PMP.Test.Auto.ZonePermissionCheckerTest" hostname="RESTORMEL" package="not available" id="927" tests="2" failures="0" errors="0" skipped="0" time="0.021" timestamp="2023-12-13T03:30:00">
    <properties />
    <testcase name="ZonePermissionCheckerShouldEnableAction (True)" classname="Philips.PMP.Test.Auto.ZonePermissionCheckerTest" time="0.008" status="1" />
    <testcase name="ZonePermissionCheckerShouldEnableAction (False)" classname="Philips.PMP.Test.Auto.ZonePermissionCheckerTest" time="0.012" status="1" />
    <system-out />
    <system-err />
  </testsuite>
  <testsuite name="Philips.PMP.Test.Auto.WatchdogComponentReportingRecorderTest" hostname="RESTORMEL" package="not available" id="928" tests="4" failures="0" errors="0" skipped="0" time="0.027" timestamp="2023-12-13T03:30:01">
    <properties />
    <testcase name="WatchdogComponentReportingRecorderCanHandleRequestForComponentThatIsNotReporting" classname="Philips.PMP.Test.Auto.WatchdogComponentReportingRecorderTest" time="0.001" status="1" />
    <testcase name="WatchdogComponentReportingRecorderCanGetPreviousReportingTime" classname="Philips.PMP.Test.Auto.WatchdogComponentReportingRecorderTest" time="0.007" status="1" />
    <testcase name="WatchdogComponentReportingRecorderCanRetainReportingRecord" classname="Philips.PMP.Test.Auto.WatchdogComponentReportingRecorderTest" time="0.003" status="1" />
    <testcase name="WatchdogComponentReportingRecorderCanRemoveComponent" classname="Philips.PMP.Test.Auto.WatchdogComponentReportingRecorderTest" time="0.016" status="1" />
    <system-out />
    <system-err />
  </testsuite>
  <testsuite name="Philips.PMP.Test.Auto.ECGStatisticsTest" hostname="RESTORMEL" package="not available" id="929" tests="1" failures="0" errors="0" skipped="0" time="0.245" timestamp="2023-12-13T03:31:08">
    <properties />
    <testcase name="PrintEcgStatisticsTest" classname="Philips.PMP.Test.Auto.ECGStatisticsTest" time="0.245" status="1" />
    <system-out />
    <system-err />
  </testsuite>
  <testsuite name="Philips.PMP.Test.Auto.BitlockerQualifierTest" hostname="RESTORMEL" package="not available" id="930" tests="11" failures="0" errors="0" skipped="0" time="0.020" timestamp="2023-12-13T03:34:07">
    <properties />
    <testcase name="BitlockerQualiferCorrectTest (True,True)" classname="Philips.PMP.Test.Auto.BitlockerQualifierTest" time="0.002" status="1" />
    <testcase name="BitlockerQualiferCorrectTest (True,False)" classname="Philips.PMP.Test.Auto.BitlockerQualifierTest" time="0.000" status="1" />
    <testcase name="BitlockerQualiferCorrectTest (False,True)" classname="Philips.PMP.Test.Auto.BitlockerQualifierTest" time="0.001" status="1" />
    <testcase name="BitlockerQualiferCorrectTest (False,False)" classname="Philips.PMP.Test.Auto.BitlockerQualifierTest" time="0.000" status="1" />
    <testcase name="BitlockerQualiferVerifyShould (True,True,True,True,True)" classname="Philips.PMP.Test.Auto.BitlockerQualifierTest" time="0.004" status="1" />
    <testcase name="BitlockerQualiferVerifyShould (False,True,False,True,True)" classname="Philips.PMP.Test.Auto.BitlockerQualifierTest" time="0.001" status="1" />
    <testcase name="BitlockerQualiferVerifyShould (False,True,True,False,True)" classname="Philips.PMP.Test.Auto.BitlockerQualifierTest" time="0.004" status="1" />
    <testcase name="BitlockerQualiferVerifyShould (False,True,True,True,False)" classname="Philips.PMP.Test.Auto.BitlockerQualifierTest" time="0.004" status="1" />
    <testcase name="BitlockerQualiferVerifyShould (False,True,True,True,True)" classname="Philips.PMP.Test.Auto.BitlockerQualifierTest" time="0.001" status="1" />
    <testcase name="BitlockerQualiferVerifyShould (False,True,True,False,False)" classname="Philips.PMP.Test.Auto.BitlockerQualifierTest" time="0.001" status="1" />
    <testcase name="BitlockerQualifierIsCorrectableShould" classname="Philips.PMP.Test.Auto.BitlockerQualifierTest" time="0.001" status="1" />
    <system-out />
    <system-err />
  </testsuite>
  <testsuite name="Philips.PMP.Test.Auto.SqlServerOffloadQualifierTest" hostname="RESTORMEL" package="not available" id="931" tests="7" failures="0" errors="0" skipped="0" time="0.024" timestamp="2023-12-13T03:34:11">
    <properties />
    <testcase name="OffloadStoredCorrectly" classname="Philips.PMP.Test.Auto.SqlServerOffloadQualifierTest" time="0.002" status="1" />
    <testcase name="SurveillenceNotOffloaded" classname="Philips.PMP.Test.Auto.SqlServerOffloadQualifierTest" time="0.002" status="1" />
    <testcase name="HostNotInTopology" classname="Philips.PMP.Test.Auto.SqlServerOffloadQualifierTest" time="0.002" status="1" />
    <testcase name="OffloadShouldBeStored" classname="Philips.PMP.Test.Auto.SqlServerOffloadQualifierTest" time="0.009" status="1" />
    <testcase name="OffloadShouldBeUpdated" classname="Philips.PMP.Test.Auto.SqlServerOffloadQualifierTest" time="0.002" status="1" />
    <testcase name="CorrectOffloadConfig" classname="Philips.PMP.Test.Auto.SqlServerOffloadQualifierTest" time="0.004" status="1" />
    <testcase name="OneSqlInstancePerHost" classname="Philips.PMP.Test.Auto.SqlServerOffloadQualifierTest" time="0.003" status="1" />
    <system-out />
    <system-err />
  </testsuite>
  <testsuite name="Philips.PMP.Test.Auto.UserAuthenticationControlTest" hostname="RESTORMEL" package="not available" id="932" tests="1" failures="0" errors="0" skipped="0" time="0.077" timestamp="2023-12-13T03:38:23">
    <properties />
    <testcase name="UserAuthenticationControlLogonClick" classname="Philips.PMP.Test.Auto.UserAuthenticationControlTest" time="0.077" status="1" />
    <system-out />
    <system-err />
  </testsuite>
  <testsuite name="Philips.PMP.Test.Auto.EcgGainMgrTest" hostname="RESTORMEL" package="not available" id="933" tests="1" failures="0" errors="0" skipped="0" time="0.055" timestamp="2023-12-13T03:35:45">
    <properties />
    <testcase name="EcgGainMgrSetsWaveGain" classname="Philips.PMP.Test.Auto.EcgGainMgrTest" time="0.055" status="1" />
    <system-out />
    <system-err />
  </testsuite>
  <testsuite name="Philips.CareEvent.Test.LogonPageTests" hostname="RESTORMEL" package="not available" id="934" tests="1" failures="0" errors="0" skipped="0" time="0.038" timestamp="2023-12-13T03:28:26">
    <properties />
    <testcase name="CheckAllowAllPermissionForViewEventReports" classname="Philips.CareEvent.Test.LogonPageTests" time="0.038" status="1" />
    <system-out />
    <system-err />
  </testsuite>
  <testsuite name="Philips.PMP.LicenseService.Test.UnitLicenseDefaultAssignerTest" hostname="RESTORMEL" package="not available" id="935" tests="3" failures="0" errors="0" skipped="0" time="0.050" timestamp="2023-12-13T03:29:17">
    <properties />
    <testcase name="AssignDefaultLicenseWillSaveWithUnitLicense (32,16,0)" classname="Philips.PMP.LicenseService.Test.UnitLicenseDefaultAssignerTest" time="0.046" status="1" />
    <testcase name="AssignDefaultLicenseWillSaveWithUnitLicense (32,32,32)" classname="Philips.PMP.LicenseService.Test.UnitLicenseDefaultAssignerTest" time="0.002" status="1" />
    <testcase name="AssignDefaultLicenseWillSaveWithUnitLicense (32,64,32)" classname="Philips.PMP.LicenseService.Test.UnitLicenseDefaultAssignerTest" time="0.002" status="1" />
    <system-out />
    <system-err />
  </testsuite>
  <testsuite name="Philips.PMP.Test.Auto.EntityToFeatureMapTest" hostname="RESTORMEL" package="not available" id="936" tests="1" failures="0" errors="0" skipped="0" time="0.003" timestamp="2023-12-13T03:30:45">
    <properties />
    <testcase name="GetUnitFeatureTest" classname="Philips.PMP.Test.Auto.EntityToFeatureMapTest" time="0.003" status="1" />
    <system-out />
    <system-err />
  </testsuite>
  <testsuite name="Philips.PMP.Test.Auto.PatientDataExportConfigValidatorTest" hostname="RESTORMEL" package="not available" id="937" tests="9" failures="0" errors="0" skipped="0" time="0.027" timestamp="2023-12-13T03:34:42">
    <properties />
    <testcase name="PatientDataExportAreBedAssignmentsValidTest (False,False,False)" classname="Philips.PMP.Test.Auto.PatientDataExportConfigValidatorTest" time="0.007" status="1" />
    <testcase name="PatientDataExportAreBedAssignmentsValidTest (True,True,True)" classname="Philips.PMP.Test.Auto.PatientDataExportConfigValidatorTest" time="0.003" status="1" />
    <testcase name="PatientDataExportAreBedAssignmentsLicensedTest (8,False,False)" classname="Philips.PMP.Test.Auto.PatientDataExportConfigValidatorTest" time="0.003" status="1" />
    <testcase name="PatientDataExportAreBedAssignmentsLicensedTest (7,True,True)" classname="Philips.PMP.Test.Auto.PatientDataExportConfigValidatorTest" time="0.002" status="1" />
    <testcase name="PatientDataExportAreBedAssignmentsLicensedTest (2,True,True)" classname="Philips.PMP.Test.Auto.PatientDataExportConfigValidatorTest" time="0.002" status="1" />
    <testcase name="PatientDataExportMaxBedsPerDestinationTests (1024,True)" classname="Philips.PMP.Test.Auto.PatientDataExportConfigValidatorTest" time="0.001" status="1" />
    <testcase name="PatientDataExportMaxBedsPerDestinationTests (1025,False)" classname="Philips.PMP.Test.Auto.PatientDataExportConfigValidatorTest" time="0.001" status="1" />
    <testcase name="PatientDataExportAreUnitAutoAssignmentSettingsValidTest (False,False,False)" classname="Philips.PMP.Test.Auto.PatientDataExportConfigValidatorTest" time="0.005" status="1" />
    <testcase name="PatientDataExportAreUnitAutoAssignmentSettingsValidTest (True,True,True)" classname="Philips.PMP.Test.Auto.PatientDataExportConfigValidatorTest" time="0.002" status="1" />
    <system-out />
    <system-err />
  </testsuite>
  <testsuite name="Philips.PMP.Test.Auto.MobileSaveWavestripMgrTest" hostname="RESTORMEL" package="not available" id="938" tests="4" failures="0" errors="0" skipped="0" time="0.073" timestamp="2023-12-13T03:34:34">
    <properties />
    <testcase name="AuditFailsWithUnknownResultWhenSaveUserWavestripFails" classname="Philips.PMP.Test.Auto.MobileSaveWavestripMgrTest" time="0.004" status="1" />
    <testcase name="SaveAlarmWavestripsSucessTest" classname="Philips.PMP.Test.Auto.MobileSaveWavestripMgrTest" time="0.003" status="1" />
    <testcase name="AuditFailsWithPatientNotAvailableErrorResultWhenPatientNotFound" classname="Philips.PMP.Test.Auto.MobileSaveWavestripMgrTest" time="0.002" status="1" />
    <testcase name="AuditPassesWithSuccessResultWhenSaveUserWavestripSucceeds" classname="Philips.PMP.Test.Auto.MobileSaveWavestripMgrTest" time="0.063" status="1" />
    <system-out />
    <system-err />
  </testsuite>
  <testsuite name="Philips.PMP.Test.Auto.MyPrinterTest" hostname="RESTORMEL" package="not available" id="939" tests="2" failures="0" errors="0" skipped="0" time="0.122" timestamp="2023-12-13T03:36:08">
    <properties />
    <testcase name="GetInstalledPrinterNamesShould" classname="Philips.PMP.Test.Auto.MyPrinterTest" time="0.007" status="1" />
    <testcase name="GetWindowsDefaultPrinterForCurrentUserShould" classname="Philips.PMP.Test.Auto.MyPrinterTest" time="0.115" status="1" />
    <system-out />
    <system-err />
  </testsuite>
  <testsuite name="Philips.PMP.Test.Auto.MobileTopologyMgrTest" hostname="RESTORMEL" package="not available" id="940" tests="9" failures="0" errors="0" skipped="0" time="0.018" timestamp="2023-12-13T03:29:47">
    <properties />
    <testcase name="GetMobileAvailableBedWithPatientAndNoBed (True,True,True)" classname="Philips.PMP.Test.Auto.MobileTopologyMgrTest" time="0.008" status="1" />
    <testcase name="GetMobileAvailableBedWithPatientAndNoBed (True,True,False)" classname="Philips.PMP.Test.Auto.MobileTopologyMgrTest" time="0.001" status="1" />
    <testcase name="GetMobileAvailableBedWithPatientAndNoBed (False,True,True)" classname="Philips.PMP.Test.Auto.MobileTopologyMgrTest" time="0.001" status="1" />
    <testcase name="GetMobileAvailableBedWithPatientAndNoBed (True,False,True)" classname="Philips.PMP.Test.Auto.MobileTopologyMgrTest" time="0.001" status="1" />
    <testcase name="GetMobileAvailableBedWithPatientAndNoBed (False,False,True)" classname="Philips.PMP.Test.Auto.MobileTopologyMgrTest" time="0.001" status="1" />
    <testcase name="GetMobileTopology (0,0,0)" classname="Philips.PMP.Test.Auto.MobileTopologyMgrTest" time="0.003" status="1" />
    <testcase name="GetMobileTopology (1,0,0)" classname="Philips.PMP.Test.Auto.MobileTopologyMgrTest" time="0.001" status="1" />
    <testcase name="GetMobileTopology (1,1,0)" classname="Philips.PMP.Test.Auto.MobileTopologyMgrTest" time="0.001" status="1" />
    <testcase name="GetMobileTopology (1,1,1)" classname="Philips.PMP.Test.Auto.MobileTopologyMgrTest" time="0.001" status="1" />
    <system-out />
    <system-err />
  </testsuite>
  <testsuite name="Philips.CareEvent.Test.CancelKeysControlTest" hostname="RESTORMEL" package="not available" id="941" tests="1" failures="0" errors="0" skipped="0" time="0.038" timestamp="2023-12-13T03:28:27">
    <properties />
    <testcase name="InitializeAndGetKeyTests" classname="Philips.CareEvent.Test.CancelKeysControlTest" time="0.038" status="1" />
    <system-out />
    <system-err />
  </testsuite>
  <testsuite name="Philips.PMP.Test.Auto.OptionListHelperTest" hostname="RESTORMEL" package="not available" id="942" tests="4" failures="0" errors="0" skipped="0" time="0.014" timestamp="2023-12-13T03:29:39">
    <properties />
    <testcase name="OptionListHelperGetOptionListTest (1,Mp5sc,0)" classname="Philips.PMP.Test.Auto.OptionListHelperTest" time="0.013" status="1" />
    <testcase name="OptionListHelperGetOptionListTest (81,Mp5sc,308479)" classname="Philips.PMP.Test.Auto.OptionListHelperTest" time="0.001" status="1" />
    <testcase name="OptionListHelperGetOptionListTest (1,DelphiLow12In,0)" classname="Philips.PMP.Test.Auto.OptionListHelperTest" time="0.000" status="1" />
    <testcase name="OptionListHelperGetOptionListTest (81,DelphiLow12In,49345)" classname="Philips.PMP.Test.Auto.OptionListHelperTest" time="0.000" status="1" />
    <system-out />
    <system-err />
  </testsuite>
  <testsuite name="Philips.PMP.Test.Auto.NotificationControlTest" hostname="RESTORMEL" package="not available" id="943" tests="2" failures="0" errors="0" skipped="0" time="0.451" timestamp="2023-12-13T03:29:37">
    <properties />
    <testcase name="NotificationControlSetPermission" classname="Philips.PMP.Test.Auto.NotificationControlTest" time="0.026" status="1" />
    <testcase name="NotificationControlGetMeasurementActionButton" classname="Philips.PMP.Test.Auto.NotificationControlTest" time="0.425" status="1" />
    <system-out />
    <system-err />
  </testsuite>
  <testsuite name="Philips.PMP.Test.Auto.FileExportServiceMgrTest" hostname="RESTORMEL" package="not available" id="944" tests="2" failures="0" errors="0" skipped="0" time="0.042" timestamp="2023-12-13T03:29:54">
    <properties />
    <testcase name="FileExportServiceMgrReturnsSuccessOrFailure (Success,True)" classname="Philips.PMP.Test.Auto.FileExportServiceMgrTest" time="0.041" status="1" />
    <testcase name="FileExportServiceMgrReturnsSuccessOrFailure (Failure,False)" classname="Philips.PMP.Test.Auto.FileExportServiceMgrTest" time="0.001" status="1" />
    <system-out />
    <system-err />
  </testsuite>
  <testsuite name="Philips.PMP.Test.Auto.EcgFilterMgrTest" hostname="RESTORMEL" package="not available" id="945" tests="2" failures="0" errors="0" skipped="0" time="0.039" timestamp="2023-12-13T03:35:45">
    <properties />
    <testcase name="EcgFilterMgrTestBedsideFiltersCorrectlyComputed" classname="Philips.PMP.Test.Auto.EcgFilterMgrTest" time="0.035" status="1" />
    <testcase name="EcgMgrTestLineFilterIsSetOnDataPath" classname="Philips.PMP.Test.Auto.EcgFilterMgrTest" time="0.004" status="1" />
    <system-out />
    <system-err />
  </testsuite>
  <testsuite name="Philips.PMP.Test.Auto.TokenSecretMgrTest" hostname="RESTORMEL" package="not available" id="946" tests="6" failures="0" errors="0" skipped="0" time="0.215" timestamp="2023-12-13T03:29:59">
    <properties />
    <testcase name="TokenSecretInstall" classname="Philips.PMP.Test.Auto.TokenSecretMgrTest" time="0.032" status="1" />
    <testcase name="TokenSecretInstallationNeeded (False,False,False,False)" classname="Philips.PMP.Test.Auto.TokenSecretMgrTest" time="0.132" status="1" />
    <testcase name="TokenSecretInstallationNeeded (True,False,False,True)" classname="Philips.PMP.Test.Auto.TokenSecretMgrTest" time="0.015" status="1" />
    <testcase name="TokenSecretInstallationNeeded (True,True,False,True)" classname="Philips.PMP.Test.Auto.TokenSecretMgrTest" time="0.002" status="1" />
    <testcase name="TokenSecretInstallationNeeded (True,True,True,False)" classname="Philips.PMP.Test.Auto.TokenSecretMgrTest" time="0.001" status="1" />
    <testcase name="TokenSecretInitialize" classname="Philips.PMP.Test.Auto.TokenSecretMgrTest" time="0.033" status="1" />
    <system-out />
    <system-err />
  </testsuite>
  <testsuite name="Philips.PMP.Test.Auto.PatientMgmtConfigurationTest" hostname="RESTORMEL" package="not available" id="947" tests="5" failures="0" errors="0" skipped="0" time="0.015" timestamp="2023-12-13T03:34:55">
    <properties />
    <testcase name="PatientMgmtDidFieldConfigurationChangeTest" classname="Philips.PMP.Test.Auto.PatientMgmtConfigurationTest" time="0.002" status="1" />
    <testcase name="PatientMgmtPatientIdTypesConfigurationTest" classname="Philips.PMP.Test.Auto.PatientMgmtConfigurationTest" time="0.001" status="1" />
    <testcase name="PatientMgmtHiddenPatientFieldsConfigurationTest" classname="Philips.PMP.Test.Auto.PatientMgmtConfigurationTest" time="0.003" status="1" />
    <testcase name="PatientMgmtAdtWorkflowConfigurationTest" classname="Philips.PMP.Test.Auto.PatientMgmtConfigurationTest" time="0.008" status="1" />
    <testcase name="PatientMgmtRequiredPatientFieldsConfigurationTest" classname="Philips.PMP.Test.Auto.PatientMgmtConfigurationTest" time="0.001" status="1" />
    <system-out />
    <system-err />
  </testsuite>
  <testsuite name="Philips.PMP.Test.Auto.EfficiaTimeMgrTest" hostname="RESTORMEL" package="not available" id="948" tests="1" failures="0" errors="0" skipped="0" time="0.001" timestamp="2023-12-13T03:33:39">
    <properties />
    <testcase name="EfficiaTimeMgrComputesCorrectlyTest" classname="Philips.PMP.Test.Auto.EfficiaTimeMgrTest" time="0.001" status="1" />
    <system-out />
    <system-err />
  </testsuite>
  <testsuite name="Philips.CareEvent.Test.EventReviewProviderTests" hostname="RESTORMEL" package="not available" id="949" tests="1" failures="0" errors="0" skipped="0" time="0.247" timestamp="2023-12-13T03:28:22">
    <properties />
    <testcase name="GetEventsForPatientReviewMustReturnEventsForGivenPatient" classname="Philips.CareEvent.Test.EventReviewProviderTests" time="0.247" status="1" />
    <system-out />
    <system-err />
  </testsuite>
  <testsuite name="Philips.PMP.Test.Auto.CiReceiverTest" hostname="RESTORMEL" package="not available" id="950" tests="7" failures="0" errors="0" skipped="0" time="0.166" timestamp="2023-12-13T03:29:40">
    <properties />
    <testcase name="CiReceiverDoesNotCrashOnDisposeWithEnqueueFailure" classname="Philips.PMP.Test.Auto.CiReceiverTest" time="0.025" status="1" />
    <testcase name="CiReceiverStartTest (True)" classname="Philips.PMP.Test.Auto.CiReceiverTest" time="0.105" status="1" />
    <testcase name="CiReceiverStartTest (False)" classname="Philips.PMP.Test.Auto.CiReceiverTest" time="0.010" status="1" />
    <testcase name="CiReceiverShutsDownReceiverThread" classname="Philips.PMP.Test.Auto.CiReceiverTest" time="0.011" status="1" />
    <testcase name="CiReceiverReceiveDataTest (0)" classname="Philips.PMP.Test.Auto.CiReceiverTest" time="0.007" status="1" />
    <testcase name="CiReceiverReceiveDataTest (1)" classname="Philips.PMP.Test.Auto.CiReceiverTest" time="0.004" status="1" />
    <testcase name="CiReceiverReceiveDataTest (2)" classname="Philips.PMP.Test.Auto.CiReceiverTest" time="0.004" status="1" />
    <system-out />
    <system-err />
  </testsuite>
  <testsuite name="Philips.PMP.Test.Auto.PatientSettingProviderTest" hostname="RESTORMEL" package="not available" id="951" tests="2" failures="0" errors="0" skipped="0" time="0.054" timestamp="2023-12-13T03:29:48">
    <properties />
    <testcase name="PatientSetttingProviderGetAutoAdtSetting" classname="Philips.PMP.Test.Auto.PatientSettingProviderTest" time="0.008" status="1" />
    <testcase name="PatientSetttingProviderCreatesDeepyCopyOfSettings" classname="Philips.PMP.Test.Auto.PatientSettingProviderTest" time="0.045" status="1" />
    <system-out />
    <system-err />
  </testsuite>
  <testsuite name="Philips.PMP.Test.Auto.SoftwareUpdateControlTest" hostname="RESTORMEL" package="not available" id="952" tests="5" failures="0" errors="0" skipped="0" time="0.369" timestamp="2023-12-13T03:37:30">
    <properties />
    <testcase name="SoftwareUpdateControlRetractsUpdate (True,Success)" classname="Philips.PMP.Test.Auto.SoftwareUpdateControlTest" time="0.036" status="1" />
    <testcase name="SoftwareUpdateControlRetractsUpdate (False,Failure)" classname="Philips.PMP.Test.Auto.SoftwareUpdateControlTest" time="0.032" status="1" />
    <testcase name="SoftwareUpdateControlAnnouncesUpdate (False,False,Warning)" classname="Philips.PMP.Test.Auto.SoftwareUpdateControlTest" time="0.042" status="1" />
    <testcase name="SoftwareUpdateControlAnnouncesUpdate (True,False,Failure)" classname="Philips.PMP.Test.Auto.SoftwareUpdateControlTest" time="0.231" status="1" />
    <testcase name="SoftwareUpdateControlAnnouncesUpdate (True,True,Success)" classname="Philips.PMP.Test.Auto.SoftwareUpdateControlTest" time="0.027" status="1" />
    <system-out />
    <system-err />
  </testsuite>
  <testsuite name="Philips.PMP.Test.Auto.VersionFileProviderTest" hostname="RESTORMEL" package="not available" id="953" tests="13" failures="0" errors="0" skipped="0" time="0.017" timestamp="2023-12-13T03:36:59">
    <properties />
    <testcase name="ParseVersionFileDataTest" classname="Philips.PMP.Test.Auto.VersionFileProviderTest" time="0.004" status="1" />
    <testcase name="VersionVerify" classname="Philips.PMP.Test.Auto.VersionFileProviderTest" time="0.002" status="1" />
    <testcase name="VersionIsCurrentVersionCompatibleWithServer (A,A,True)" classname="Philips.PMP.Test.Auto.VersionFileProviderTest" time="0.002" status="1" />
    <testcase name="VersionIsCurrentVersionCompatibleWithServer (A,B,False)" classname="Philips.PMP.Test.Auto.VersionFileProviderTest" time="0.001" status="1" />
    <testcase name="VersionIsCurrentVersionCompatibleWithServer (A,1,True)" classname="Philips.PMP.Test.Auto.VersionFileProviderTest" time="0.001" status="1" />
    <testcase name="VersionIsCurrentVersionCompatibleWithServer (A,2,False)" classname="Philips.PMP.Test.Auto.VersionFileProviderTest" time="0.001" status="1" />
    <testcase name="VersionIsCurrentVersionCompatibleWithServer (1,A,True)" classname="Philips.PMP.Test.Auto.VersionFileProviderTest" time="0.001" status="1" />
    <testcase name="VersionIsCurrentVersionCompatibleWithServer (1,B,False)" classname="Philips.PMP.Test.Auto.VersionFileProviderTest" time="0.001" status="1" />
    <testcase name="VersionIsCurrentVersionCompatibleWithServer (1,1,True)" classname="Philips.PMP.Test.Auto.VersionFileProviderTest" time="0.002" status="1" />
    <testcase name="VersionIsCurrentVersionCompatibleWithServer (1,2,False)" classname="Philips.PMP.Test.Auto.VersionFileProviderTest" time="0.001" status="1" />
    <testcase name="VersionIsCurrentVersionCompatibleWithServer (2,C,False)" classname="Philips.PMP.Test.Auto.VersionFileProviderTest" time="0.001" status="1" />
    <testcase name="VersionIsCurrentVersionCompatibleWithServer (3,C,True)" classname="Philips.PMP.Test.Auto.VersionFileProviderTest" time="0.000" status="1" />
    <testcase name="VersionIsCurrentVersionCompatibleWithServer (4,C,False)" classname="Philips.PMP.Test.Auto.VersionFileProviderTest" time="0.001" status="1" />
    <system-out />
    <system-err />
  </testsuite>
  <testsuite name="Philips.PMP.Test.Auto.WebBrowserHelperTest" hostname="RESTORMEL" package="not available" id="954" tests="6" failures="0" errors="0" skipped="0" time="0.222" timestamp="2023-12-13T03:30:02">
    <properties />
    <testcase name="WillReturnNullForNullDeviceTest" classname="Philips.PMP.Test.Auto.WebBrowserHelperTest" time="0.002" status="1" />
    <testcase name="WillReturnUriTest" classname="Philips.PMP.Test.Auto.WebBrowserHelperTest" time="0.028" status="1" />
    <testcase name="GetFQDNTest" classname="Philips.PMP.Test.Auto.WebBrowserHelperTest" time="0.061" status="1" />
    <testcase name="IsCertIssuedToMeTest" classname="Philips.PMP.Test.Auto.WebBrowserHelperTest" time="0.056" status="1" />
    <testcase name="CanConfigureCertificateTest" classname="Philips.PMP.Test.Auto.WebBrowserHelperTest" time="0.072" status="1" />
    <testcase name="WillReturnNullForBadTokenStateTest" classname="Philips.PMP.Test.Auto.WebBrowserHelperTest" time="0.002" status="1" />
    <system-out />
    <system-err />
  </testsuite>
  <testsuite name="Philips.PIC.DeviceUserManagement.Test.DeviceUserManagementRequestProcessorTest" hostname="RESTORMEL" package="not available" id="955" tests="9" failures="0" errors="0" skipped="0" time="0.494" timestamp="2023-12-13T03:29:00">
    <properties />
    <testcase name="DeviceUserManagementRequestProcessorValidateCard (00000000000000000000000000000000000000000000000000000000A5789C09,Password,True,password,Valid,AuthenticateFurther,AuthenticationSucceeded)" classname="Philips.PIC.DeviceUserManagement.Test.DeviceUserManagementRequestProcessorTest" time="0.431" status="1" />
    <testcase name="DeviceUserManagementRequestProcessorValidateCard (00000000000000000000000000000000000000000000000000000000A5789C09,Password,False,password,Valid,AuthenticateFurther,AuthenticationSucceeded)" classname="Philips.PIC.DeviceUserManagement.Test.DeviceUserManagementRequestProcessorTest" time="0.004" status="1" />
    <testcase name="DeviceUserManagementRequestProcessorValidateUser (jomama,Unknown,None,,AuthenticationFailed)" classname="Philips.PIC.DeviceUserManagement.Test.DeviceUserManagementRequestProcessorTest" time="0.007" status="1" />
    <testcase name="DeviceUserManagementRequestProcessorValidateUser (jomama,LocalDirectory,None,,AuthenticationFailed)" classname="Philips.PIC.DeviceUserManagement.Test.DeviceUserManagementRequestProcessorTest" time="0.005" status="1" />
    <testcase name="DeviceUserManagementRequestProcessorValidateUser (jomama,ActiveDirectory,Pin,,AuthenticationFailed)" classname="Philips.PIC.DeviceUserManagement.Test.DeviceUserManagementRequestProcessorTest" time="0.005" status="1" />
    <testcase name="DeviceUserManagementRequestProcessorValidateUser (jomama,ActiveDirectory,Pin,1234,AuthenticationFailed)" classname="Philips.PIC.DeviceUserManagement.Test.DeviceUserManagementRequestProcessorTest" time="0.005" status="1" />
    <testcase name="DeviceUserManagementRequestProcessorValidateUser (jomama,ActiveDirectory,Password,,AuthenticationFailed)" classname="Philips.PIC.DeviceUserManagement.Test.DeviceUserManagementRequestProcessorTest" time="0.004" status="1" />
    <testcase name="DeviceUserManagementRequestProcessorValidateUser (jomama,ActiveDirectory,Password,password,AuthenticationSucceeded)" classname="Philips.PIC.DeviceUserManagement.Test.DeviceUserManagementRequestProcessorTest" time="0.014" status="1" />
    <testcase name="DeviceUserManagementRequestProcessorMapCard" classname="Philips.PIC.DeviceUserManagement.Test.DeviceUserManagementRequestProcessorTest" time="0.019" status="1" />
    <system-out />
    <system-err />
  </testsuite>
  <testsuite name="Philips.PMP.Test.Auto.SurveillanceLayoutTest" hostname="RESTORMEL" package="not available" id="956" tests="5" failures="0" errors="0" skipped="0" time="0.929" timestamp="2023-12-13T03:37:08">
    <properties />
    <testcase name="AlertListSortingTest" classname="Philips.PMP.Test.Auto.SurveillanceLayoutTest" time="0.003" status="1" />
    <testcase name="LayoutOverOrUndersizedDisplaysTest" classname="Philips.PMP.Test.Auto.SurveillanceLayoutTest" time="0.155" status="1" />
    <testcase name="LayoutBasicDisplaysTest" classname="Philips.PMP.Test.Auto.SurveillanceLayoutTest" time="0.419" status="1" />
    <testcase name="LayoutMinimizedDisplaysTest" classname="Philips.PMP.Test.Auto.SurveillanceLayoutTest" time="0.242" status="1" />
    <testcase name="LayoutLargeHalfScreenDisplayTest" classname="Philips.PMP.Test.Auto.SurveillanceLayoutTest" time="0.110" status="1" />
    <system-out />
    <system-err />
  </testsuite>
  <testsuite name="Philips.PMP.Test.Auto.VersionExTest" hostname="RESTORMEL" package="not available" id="957" tests="3" failures="0" errors="0" skipped="0" time="0.003" timestamp="2023-12-13T03:30:01">
    <properties />
    <testcase name="NullTests" classname="Philips.PMP.Test.Auto.VersionExTest" time="0.001" status="1" />
    <testcase name="CompareToTest" classname="Philips.PMP.Test.Auto.VersionExTest" time="0.001" status="1" />
    <testcase name="VersionStringTests" classname="Philips.PMP.Test.Auto.VersionExTest" time="0.001" status="1" />
    <system-out />
    <system-err />
  </testsuite>
  <testsuite name="Philips.PMP.Test.Auto.UserTimeoutTest" hostname="RESTORMEL" package="not available" id="958" tests="2" failures="0" errors="0" skipped="0" time="0.222" timestamp="2023-12-13T03:38:23">
    <properties />
    <testcase name="UserTimeoutLogin" classname="Philips.PMP.Test.Auto.UserTimeoutTest" time="0.221" status="1" />
    <testcase name="UserTimeoutLogout" classname="Philips.PMP.Test.Auto.UserTimeoutTest" time="0.001" status="1" />
    <system-out />
    <system-err />
  </testsuite>
  <testsuite name="Philips.PMP.Test.Auto.PhysioDataXmlHelperTest" hostname="RESTORMEL" package="not available" id="959" tests="5" failures="0" errors="0" skipped="0" time="0.007" timestamp="2023-12-13T03:29:49">
    <properties />
    <testcase name="PhysioDataXmlHelperExtendedLimitRangeNullExtendedNumericLimitsList" classname="Philips.PMP.Test.Auto.PhysioDataXmlHelperTest" time="0.004" status="1" />
    <testcase name="PhysioDataXmlHelperExtendedLimitRange (AutoLimitSup, HighLimitSup, LowLimitSup,25600)" classname="Philips.PMP.Test.Auto.PhysioDataXmlHelperTest" time="0.002" status="1" />
    <testcase name="PhysioDataXmlHelperExtendedLimitRange (0,0)" classname="Philips.PMP.Test.Auto.PhysioDataXmlHelperTest" time="0.001" status="1" />
    <testcase name="PhysioDataXmlHelperExtendedLimitRange (LimOnOffSup,32)" classname="Philips.PMP.Test.Auto.PhysioDataXmlHelperTest" time="0.000" status="1" />
    <testcase name="PhysioDataXmlHelperExtendedLimitRange (LimOnOffSup, HighLimOnOffSup, LowLimOnOffSup, AutoLimitSup, HighLimitSup, LowLimitSup,25824)" classname="Philips.PMP.Test.Auto.PhysioDataXmlHelperTest" time="0.000" status="1" />
    <system-out />
    <system-err />
  </testsuite>
  <testsuite name="Philips.PMP.Test.Auto.ColorProviderTest" hostname="RESTORMEL" package="not available" id="960" tests="6" failures="0" errors="0" skipped="0" time="0.018" timestamp="2023-12-13T03:29:40">
    <properties />
    <testcase name="GetSimpleColorFromIconCatalog (Blue,-13083137)" classname="Philips.PMP.Test.Auto.ColorProviderTest" time="0.005" status="1" />
    <testcase name="GetSimpleColorFromIconCatalog (SystemTbl40,-16776961)" classname="Philips.PMP.Test.Auto.ColorProviderTest" time="0.002" status="1" />
    <testcase name="GetSimpleColorFromIconCatalog (65534,-2105377)" classname="Philips.PMP.Test.Auto.ColorProviderTest" time="0.002" status="1" />
    <testcase name="GetCaregiverColors" classname="Philips.PMP.Test.Auto.ColorProviderTest" time="0.005" status="1" />
    <testcase name="GetColor" classname="Philips.PMP.Test.Auto.ColorProviderTest" time="0.003" status="1" />
    <testcase name="GetSimpleColor" classname="Philips.PMP.Test.Auto.ColorProviderTest" time="0.002" status="1" />
    <system-out />
    <system-err />
  </testsuite>
  <testsuite name="Philips.PMP.Test.Auto.LogSeverityConverterTest" hostname="RESTORMEL" package="not available" id="961" tests="8" failures="0" errors="0" skipped="0" time="0.004" timestamp="2023-12-13T03:29:46">
    <properties />
    <testcase name="LogDataConverterMapsLogLevelsToLogSeverities (None,Unknown)" classname="Philips.PMP.Test.Auto.LogSeverityConverterTest" time="0.001" status="1" />
    <testcase name="LogDataConverterMapsLogLevelsToLogSeverities (Trace,Verbose)" classname="Philips.PMP.Test.Auto.LogSeverityConverterTest" time="0.000" status="1" />
    <testcase name="LogDataConverterMapsLogLevelsToLogSeverities (Debug,Verbose)" classname="Philips.PMP.Test.Auto.LogSeverityConverterTest" time="0.000" status="1" />
    <testcase name="LogDataConverterMapsLogLevelsToLogSeverities (Information,Information)" classname="Philips.PMP.Test.Auto.LogSeverityConverterTest" time="0.000" status="1" />
    <testcase name="LogDataConverterMapsLogLevelsToLogSeverities (Warning,Warning)" classname="Philips.PMP.Test.Auto.LogSeverityConverterTest" time="0.000" status="1" />
    <testcase name="LogDataConverterMapsLogLevelsToLogSeverities (Error,Error)" classname="Philips.PMP.Test.Auto.LogSeverityConverterTest" time="0.000" status="1" />
    <testcase name="LogDataConverterMapsLogLevelsToLogSeverities (Critical,Error)" classname="Philips.PMP.Test.Auto.LogSeverityConverterTest" time="0.000" status="1" />
    <testcase name="LogDataConverterDetectsUnknownLogLevelMappings" classname="Philips.PMP.Test.Auto.LogSeverityConverterTest" time="0.001" status="1" />
    <system-out />
    <system-err />
  </testsuite>
  <testsuite name="Philips.PMP.Test.Auto.LogSettingProviderTest" hostname="RESTORMEL" package="not available" id="962" tests="2" failures="0" errors="0" skipped="0" time="0.039" timestamp="2023-12-13T03:34:34">
    <properties />
    <testcase name="StoreLogSettings" classname="Philips.PMP.Test.Auto.LogSettingProviderTest" time="0.025" status="1" />
    <testcase name="GetDefaultLogSettings" classname="Philips.PMP.Test.Auto.LogSettingProviderTest" time="0.014" status="1" />
    <system-out />
    <system-err />
  </testsuite>
  <testsuite name="Philips.PMP.Test.Auto.AllMeasurementsControlTest" hostname="RESTORMEL" package="not available" id="963" tests="1" failures="0" errors="0" skipped="0" time="0.440" timestamp="2023-12-13T03:30:23">
    <properties />
    <testcase name="AllMeasurementsControlUserChanged" classname="Philips.PMP.Test.Auto.AllMeasurementsControlTest" time="0.440" status="1" />
    <system-out />
    <system-err />
  </testsuite>
  <testsuite name="Philips.PIC.WebBridge.Test.UserMgrTest" hostname="RESTORMEL" package="not available" id="964" tests="3" failures="0" errors="0" skipped="0" time="0.011" timestamp="2023-12-13T03:39:11">
    <properties />
    <testcase name="DoesUserHaveAccessToUnitActionTest (UnitSettings,True)" classname="Philips.PIC.WebBridge.Test.UserMgrTest" time="0.005" status="1" />
    <testcase name="DoesUserHaveAccessToUnitActionTest (TopologyConfiguration,False)" classname="Philips.PIC.WebBridge.Test.UserMgrTest" time="0.003" status="1" />
    <testcase name="ValidateCredentialTest" classname="Philips.PIC.WebBridge.Test.UserMgrTest" time="0.004" status="1" />
    <system-out />
    <system-err />
  </testsuite>
  <testsuite name="Philips.CareEvent.Test.CaregiverCareAssignmentControlTests" hostname="RESTORMEL" package="not available" id="965" tests="1" failures="0" errors="0" skipped="0" time="0.061" timestamp="2023-12-13T03:28:19">
    <properties />
    <testcase name="OverviewRoleTest" classname="Philips.CareEvent.Test.CaregiverCareAssignmentControlTests" time="0.061" status="1" />
    <system-out />
    <system-err />
  </testsuite>
  <testsuite name="Philips.CareEvent.Test.WctpSettingsControlTest" hostname="RESTORMEL" package="not available" id="966" tests="1" failures="0" errors="0" skipped="0" time="0.010" timestamp="2023-12-13T03:28:27">
    <properties />
    <testcase name="ValidateAndSaveSettingsTest" classname="Philips.CareEvent.Test.WctpSettingsControlTest" time="0.010" status="1" />
    <system-out />
    <system-err />
  </testsuite>
  <testsuite name="Philips.PMP.Test.Auto.AlertFlashingMgrTest" hostname="RESTORMEL" package="not available" id="967" tests="2" failures="0" errors="0" skipped="0" time="0.261" timestamp="2023-12-13T03:37:04">
    <properties />
    <testcase name="FlashingAlarmsTest" classname="Philips.PMP.Test.Auto.AlertFlashingMgrTest" time="0.142" status="1" />
    <testcase name="FlashingAlarmSettingsTest" classname="Philips.PMP.Test.Auto.AlertFlashingMgrTest" time="0.119" status="1" />
    <system-out />
    <system-err />
  </testsuite>
  <testsuite name="Philips.PMP.Test.Auto.PatientManagedGatewayTest" hostname="RESTORMEL" package="not available" id="968" tests="16" failures="0" errors="0" skipped="0" time="0.111" timestamp="2023-12-13T03:29:48">
    <properties />
    <testcase name="PatientManagedGatewayReceiveSimpleAdtMessageTest" classname="Philips.PMP.Test.Auto.PatientManagedGatewayTest" time="0.044" status="1" />
    <testcase name="PatientManagedGatewayFeatureSupportTest (1,1,1,1,1,1,1,1,1,1,1,1,1,1)" classname="Philips.PMP.Test.Auto.PatientManagedGatewayTest" time="0.008" status="1" />
    <testcase name="PatientManagedGatewayFeatureSupportTest (1,0,0,0,0,0,0,0,0,0,0,0,0,0)" classname="Philips.PMP.Test.Auto.PatientManagedGatewayTest" time="0.003" status="1" />
    <testcase name="PatientManagedGatewayFeatureSupportTest (0,1,0,0,0,0,0,0,0,0,0,0,0,0)" classname="Philips.PMP.Test.Auto.PatientManagedGatewayTest" time="0.013" status="1" />
    <testcase name="PatientManagedGatewayFeatureSupportTest (0,0,1,0,0,0,0,0,0,0,0,0,0,0)" classname="Philips.PMP.Test.Auto.PatientManagedGatewayTest" time="0.003" status="1" />
    <testcase name="PatientManagedGatewayFeatureSupportTest (0,0,0,1,0,0,0,0,0,0,0,0,0,0)" classname="Philips.PMP.Test.Auto.PatientManagedGatewayTest" time="0.003" status="1" />
    <testcase name="PatientManagedGatewayFeatureSupportTest (0,0,0,0,1,0,0,0,0,0,0,0,0,0)" classname="Philips.PMP.Test.Auto.PatientManagedGatewayTest" time="0.003" status="1" />
    <testcase name="PatientManagedGatewayFeatureSupportTest (0,0,0,0,0,1,0,0,0,0,0,0,0,0)" classname="Philips.PMP.Test.Auto.PatientManagedGatewayTest" time="0.003" status="1" />
    <testcase name="PatientManagedGatewayFeatureSupportTest (0,0,0,0,0,0,1,0,0,0,0,0,0,0)" classname="Philips.PMP.Test.Auto.PatientManagedGatewayTest" time="0.002" status="1" />
    <testcase name="PatientManagedGatewayFeatureSupportTest (0,0,0,0,0,0,0,1,0,0,0,0,0,0)" classname="Philips.PMP.Test.Auto.PatientManagedGatewayTest" time="0.003" status="1" />
    <testcase name="PatientManagedGatewayFeatureSupportTest (0,0,0,0,0,0,0,0,1,0,0,0,0,0)" classname="Philips.PMP.Test.Auto.PatientManagedGatewayTest" time="0.003" status="1" />
    <testcase name="PatientManagedGatewayFeatureSupportTest (0,0,0,0,0,0,0,0,0,1,0,0,0,0)" classname="Philips.PMP.Test.Auto.PatientManagedGatewayTest" time="0.005" status="1" />
    <testcase name="PatientManagedGatewayFeatureSupportTest (0,0,0,0,0,0,0,0,0,0,1,0,0,0)" classname="Philips.PMP.Test.Auto.PatientManagedGatewayTest" time="0.005" status="1" />
    <testcase name="PatientManagedGatewayFeatureSupportTest (0,0,0,0,0,0,0,0,0,0,0,1,0,0)" classname="Philips.PMP.Test.Auto.PatientManagedGatewayTest" time="0.003" status="1" />
    <testcase name="PatientManagedGatewayFeatureSupportTest (0,0,0,0,0,0,0,0,0,0,0,0,1,0)" classname="Philips.PMP.Test.Auto.PatientManagedGatewayTest" time="0.006" status="1" />
    <testcase name="PatientManagedGatewayFeatureSupportTest (0,0,0,0,0,0,0,0,0,0,0,0,0,1)" classname="Philips.PMP.Test.Auto.PatientManagedGatewayTest" time="0.007" status="1" />
    <system-out />
    <system-err />
  </testsuite>
  <testsuite name="Philips.PMP.Test.Auto.Hl7StoreForwardHandlerTest" hostname="RESTORMEL" package="not available" id="969" tests="14" failures="0" errors="0" skipped="0" time="0.111" timestamp="2023-12-13T03:29:55">
    <properties />
    <testcase name="Hl7TryGetNextMessageFromDbTest (True,True,1,True)" classname="Philips.PMP.Test.Auto.Hl7StoreForwardHandlerTest" time="0.006" status="1" />
    <testcase name="Hl7TryGetNextMessageFromDbTest (False,True,1,False)" classname="Philips.PMP.Test.Auto.Hl7StoreForwardHandlerTest" time="0.003" status="1" />
    <testcase name="Hl7TryGetNextMessageFromDbTest (True,False,0,False)" classname="Philips.PMP.Test.Auto.Hl7StoreForwardHandlerTest" time="0.005" status="1" />
    <testcase name="Hl7WriteMessageToDbTest" classname="Philips.PMP.Test.Auto.Hl7StoreForwardHandlerTest" time="0.046" status="1" />
    <testcase name="Hl7ClientResponseMsgReceivedUpdateSendStatusTest (True,True,True,True,1)" classname="Philips.PMP.Test.Auto.Hl7StoreForwardHandlerTest" time="0.023" status="1" />
    <testcase name="Hl7ClientResponseMsgReceivedUpdateSendStatusTest (True,True,False,False,0)" classname="Philips.PMP.Test.Auto.Hl7StoreForwardHandlerTest" time="0.002" status="1" />
    <testcase name="Hl7ClientResponseMsgReceivedUpdateSendStatusTest (False,True,False,False,0)" classname="Philips.PMP.Test.Auto.Hl7StoreForwardHandlerTest" time="0.002" status="1" />
    <testcase name="Hl7HandleMessageSendTest (True,False,1)" classname="Philips.PMP.Test.Auto.Hl7StoreForwardHandlerTest" time="0.002" status="1" />
    <testcase name="Hl7HandleMessageSendTest (True,True,0)" classname="Philips.PMP.Test.Auto.Hl7StoreForwardHandlerTest" time="0.001" status="1" />
    <testcase name="MshMsaSegmentsTest" classname="Philips.PMP.Test.Auto.Hl7StoreForwardHandlerTest" time="0.001" status="1" />
    <testcase name="Hl7CheckIfStoreToDbTest (True,False,0)" classname="Philips.PMP.Test.Auto.Hl7StoreForwardHandlerTest" time="0.002" status="1" />
    <testcase name="Hl7CheckIfStoreToDbTest (True,True,1)" classname="Philips.PMP.Test.Auto.Hl7StoreForwardHandlerTest" time="0.002" status="1" />
    <testcase name="Hl7VerifyAckMessageTest (True,True,MSGID12349876,Accept)" classname="Philips.PMP.Test.Auto.Hl7StoreForwardHandlerTest" time="0.008" status="1" />
    <testcase name="Hl7VerifyAckMessageTest (True,False,MSGID12349876,Error)" classname="Philips.PMP.Test.Auto.Hl7StoreForwardHandlerTest" time="0.009" status="1" />
    <system-out />
    <system-err />
  </testsuite>
  <testsuite name="Philips.PMP.Test.Auto.AlertDisplayControlTest" hostname="RESTORMEL" package="not available" id="970" tests="1" failures="0" errors="0" skipped="0" time="0.139" timestamp="2023-12-13T03:37:04">
    <properties />
    <testcase name="AlertDisplayControlRedrawAlertsTest" classname="Philips.PMP.Test.Auto.AlertDisplayControlTest" time="0.139" status="1" />
    <system-out />
    <system-err />
  </testsuite>
  <testsuite name="Philips.PMP.Test.Auto.PatientFieldsTest" hostname="RESTORMEL" package="not available" id="971" tests="2" failures="0" errors="0" skipped="0" time="0.015" timestamp="2023-12-13T03:29:48">
    <properties />
    <testcase name="PatientFieldsMergeTest" classname="Philips.PMP.Test.Auto.PatientFieldsTest" time="0.003" status="1" />
    <testcase name="PatientFieldsBitMapTest" classname="Philips.PMP.Test.Auto.PatientFieldsTest" time="0.012" status="1" />
    <system-out />
    <system-err />
  </testsuite>
  <testsuite name="Philips.CareEvent.Test.DeviceAssignmentControlTests" hostname="RESTORMEL" package="not available" id="972" tests="1" failures="0" errors="0" skipped="0" time="1.065" timestamp="2023-12-13T03:28:14">
    <properties />
    <testcase name="StandardDeviceEventTests" classname="Philips.CareEvent.Test.DeviceAssignmentControlTests" time="1.065" status="1" />
    <system-out />
    <system-err />
  </testsuite>
  <testsuite name="Philips.PMP.Test.Auto.LldpMessageHelperTest" hostname="RESTORMEL" package="not available" id="973" tests="4" failures="0" errors="0" skipped="0" time="0.007" timestamp="2023-12-13T03:36:46">
    <properties />
    <testcase name="LldpHelperGetPortIdStringTest" classname="Philips.PMP.Test.Auto.LldpMessageHelperTest" time="0.001" status="1" />
    <testcase name="TryParseLldpFieldsTest (02070468bdab1c1d800406054661302f31060200780a065377697463680cf3436973636f20494f5320536f6674776172652c20433239363020536f667477617265202843323936302d4c414e424153454b392d4d292c2056657273696f6e2031322e322835352953452c2052454c4541534520534f4654574152452028666332290a546563686e6963616c20537570706f72743a20687474703a2f2f7777772e636973636f2e636f6d2f74656368737570706f72740a436f707972696768742028632920313938362d3230313020627920436973636f2053797374656d732c20496e632e0a436f6d70696c6564205361742030372d4175672d31302032333a30342062792070726f645f72656c5f7465616d080f4661737445746865726e6574302f310e0400040004100c0501ac1f00c7030000019500fe070012bb01002704fe230012bb0557532d43323936302d323454542d4c2028506f7765725043343035293a4a30fe0e0012bb0731322e32283535295345fe170012bb09436973636f2053797374656d732c20496e632efe130012bb0a57532d43323936302d323454542d4cfe080012bb0201800000fe080012bb0202800000fe090012bb030203022020fe060080c2010195fe0900120f01036c0000100000,16,68bdab1c1d80,Fa0/1,Switch)" classname="Philips.PMP.Test.Auto.LldpMessageHelperTest" time="0.003" status="1" />
    <testcase name="TryParseLldpFieldsTest (020704b827ebbfaa09040703b827ebbfaa09060200780815496e746572666163652020203220617320657468300a0b72617370626572727970690c4b4c696e757820726173706265727279706920352e31302e31372d76372b20233134313420534d5020467269204170722033302031333a31383a33352042535420323032312061726d76376c0e0400800080100c0501ac1f001f020000000200fe090012bb0103000400100000,0,b827ebbfaa09,b827ebbfaa09,raspberrypi)" classname="Philips.PMP.Test.Auto.LldpMessageHelperTest" time="0.001" status="1" />
    <testcase name="LldpHelperGetChassisIdStringTest" classname="Philips.PMP.Test.Auto.LldpMessageHelperTest" time="0.002" status="1" />
    <system-out />
    <system-err />
  </testsuite>
  <testsuite name="Philips.PMP.Test.Auto.UserTimeoutMgrTest" hostname="RESTORMEL" package="not available" id="974" tests="1" failures="0" errors="0" skipped="0" time="0.141" timestamp="2023-12-13T03:30:19">
    <properties />
    <testcase name="UserTimeoutMgrTimeout" classname="Philips.PMP.Test.Auto.UserTimeoutMgrTest" time="0.141" status="1" />
    <system-out />
    <system-err />
  </testsuite>
  <testsuite name="Philips.PMP.LicenseService.Test.FeatureAssignmentCleanupHelperTest" hostname="RESTORMEL" package="not available" id="975" tests="1" failures="0" errors="0" skipped="0" time="0.234" timestamp="2023-12-13T03:29:13">
    <properties />
    <testcase name="FeatureAssignmentCleanupHelperRemovesObsoleteAssignments" classname="Philips.PMP.LicenseService.Test.FeatureAssignmentCleanupHelperTest" time="0.234" status="1" />
    <system-out />
    <system-err />
  </testsuite>
  <testsuite name="Philips.PMP.Test.Auto.UriDeviceFormTest" hostname="RESTORMEL" package="not available" id="976" tests="4" failures="0" errors="0" skipped="0" time="0.190" timestamp="2023-12-13T03:30:00">
    <properties />
    <testcase name="UriDeviceFormOkButtonOnIdle (True,True,False)" classname="Philips.PMP.Test.Auto.UriDeviceFormTest" time="0.083" status="1" />
    <testcase name="UriDeviceFormOkButtonOnIdle (True,False,True)" classname="Philips.PMP.Test.Auto.UriDeviceFormTest" time="0.038" status="1" />
    <testcase name="UriDeviceFormOkButtonOnIdle (False,True,False)" classname="Philips.PMP.Test.Auto.UriDeviceFormTest" time="0.034" status="1" />
    <testcase name="UriDeviceFormOkButtonOnIdle (False,False,False)" classname="Philips.PMP.Test.Auto.UriDeviceFormTest" time="0.034" status="1" />
    <system-out />
    <system-err />
  </testsuite>
  <testsuite name="Philips.PMP.Test.Auto.UnitSettingsControlTest" hostname="RESTORMEL" package="not available" id="977" tests="2" failures="0" errors="0" skipped="0" time="0.743" timestamp="2023-12-13T03:29:37">
    <properties />
    <testcase name="UnitSettingsControlUserLoggedInOut (True)" classname="Philips.PMP.Test.Auto.UnitSettingsControlTest" time="0.663" status="1" />
    <testcase name="UnitSettingsControlUserLoggedInOut (False)" classname="Philips.PMP.Test.Auto.UnitSettingsControlTest" time="0.081" status="1" />
    <system-out />
    <system-err />
  </testsuite>
  <testsuite name="Philips.CareEvent.Test.EventCommunicationSettingsControlTests" hostname="RESTORMEL" package="not available" id="978" tests="1" failures="0" errors="0" skipped="0" time="0.066" timestamp="2023-12-13T03:28:29">
    <properties />
    <testcase name="NoPasswordConfiguredWarningTest" classname="Philips.CareEvent.Test.EventCommunicationSettingsControlTests" time="0.066" status="1" />
    <system-out />
    <system-err />
  </testsuite>
  <testsuite name="Philips.PIC.WebBridge.Test.StatusControllerTest" hostname="RESTORMEL" package="not available" id="979" tests="1" failures="0" errors="0" skipped="0" time="0.002" timestamp="2023-12-13T03:39:10">
    <properties />
    <testcase name="GetToken" classname="Philips.PIC.WebBridge.Test.StatusControllerTest" time="0.002" status="1" />
    <system-out />
    <system-err />
  </testsuite>
  <testsuite name="Philips.PMP.Test.Auto.ApmCollectorServiceDuplexMgrTest" hostname="RESTORMEL" package="not available" id="980" tests="1" failures="0" errors="0" skipped="0" time="0.298" timestamp="2023-12-13T03:36:16">
    <properties />
    <testcase name="ReportToApmCollectorServiceOnProxyCreation" classname="Philips.PMP.Test.Auto.ApmCollectorServiceDuplexMgrTest" time="0.298" status="1" />
    <system-out />
    <system-err />
  </testsuite>
  <testsuite name="Philips.PMP.Test.Auto.MobileSubscriptionMgrTest" hostname="RESTORMEL" package="not available" id="981" tests="1" failures="0" errors="0" skipped="0" time="0.104" timestamp="2023-12-13T03:29:48">
    <properties />
    <testcase name="MobileSubscriptionMgrCanCreateSubscriber" classname="Philips.PMP.Test.Auto.MobileSubscriptionMgrTest" time="0.104" status="1" />
    <system-out />
    <system-err />
  </testsuite>
  <testsuite name="Philips.PMP.Test.Auto.AnnotationFormCheckerTest" hostname="RESTORMEL" package="not available" id="982" tests="12" failures="0" errors="0" skipped="0" time="0.021" timestamp="2023-12-13T03:38:13">
    <properties />
    <testcase name="AnnotationFormCheckerShouldShowWaveStripWorkflow (False,True,False,False,False)" classname="Philips.PMP.Test.Auto.AnnotationFormCheckerTest" time="0.004" status="1" />
    <testcase name="AnnotationFormCheckerShouldShowWaveStripWorkflow (False,False,False,False,False)" classname="Philips.PMP.Test.Auto.AnnotationFormCheckerTest" time="0.001" status="1" />
    <testcase name="AnnotationFormCheckerShouldShowWaveStripWorkflow (False,False,True,False,False)" classname="Philips.PMP.Test.Auto.AnnotationFormCheckerTest" time="0.001" status="1" />
    <testcase name="AnnotationFormCheckerShouldShowWaveStripWorkflow (False,False,True,True,False)" classname="Philips.PMP.Test.Auto.AnnotationFormCheckerTest" time="0.001" status="1" />
    <testcase name="AnnotationFormCheckerShouldShowWaveStripWorkflow (True,True,False,True,True)" classname="Philips.PMP.Test.Auto.AnnotationFormCheckerTest" time="0.001" status="1" />
    <testcase name="AnnotationFormCheckerShouldShowWaveStripWorkflow (True,False,False,False,False)" classname="Philips.PMP.Test.Auto.AnnotationFormCheckerTest" time="0.001" status="1" />
    <testcase name="AnnotationFormCheckerShouldShowWaveStripWorkflow (True,False,True,False,False)" classname="Philips.PMP.Test.Auto.AnnotationFormCheckerTest" time="0.001" status="1" />
    <testcase name="AnnotationFormCheckerShouldShowWaveStripWorkflow (True,False,True,True,True)" classname="Philips.PMP.Test.Auto.AnnotationFormCheckerTest" time="0.001" status="1" />
    <testcase name="AnnotationFormCheckerShouldAllowSaveAnnotation (True,False,True,True)" classname="Philips.PMP.Test.Auto.AnnotationFormCheckerTest" time="0.005" status="1" />
    <testcase name="AnnotationFormCheckerShouldAllowSaveAnnotation (False,False,False,False)" classname="Philips.PMP.Test.Auto.AnnotationFormCheckerTest" time="0.002" status="1" />
    <testcase name="AnnotationFormCheckerShouldAllowSaveAnnotation (False,True,False,False)" classname="Philips.PMP.Test.Auto.AnnotationFormCheckerTest" time="0.001" status="1" />
    <testcase name="AnnotationFormCheckerShouldAllowSaveAnnotation (False,True,True,True)" classname="Philips.PMP.Test.Auto.AnnotationFormCheckerTest" time="0.001" status="1" />
    <system-out />
    <system-err />
  </testsuite>
  <testsuite name="Philips.PMP.Test.Auto.EditSwitchSettingsFormTest" hostname="RESTORMEL" package="not available" id="983" tests="3" failures="0" errors="0" skipped="0" time="0.183" timestamp="2023-12-13T03:29:59">
    <properties />
    <testcase name="EditSwitchSettingsFormDefaultConstructorTest" classname="Philips.PMP.Test.Auto.EditSwitchSettingsFormTest" time="0.039" status="1" />
    <testcase name="EditSwitchSettingsFormConstructor1Test" classname="Philips.PMP.Test.Auto.EditSwitchSettingsFormTest" time="0.070" status="1" />
    <testcase name="EditSwitchSettingsFormConstructor2Test" classname="Philips.PMP.Test.Auto.EditSwitchSettingsFormTest" time="0.074" status="1" />
    <system-out />
    <system-err />
  </testsuite>
  <testsuite name="Philips.PIC.CertificateRenewal.Test.WebsiteCertificateUpdaterTest" hostname="RESTORMEL" package="not available" id="984" tests="2" failures="0" errors="0" skipped="0" time="0.258" timestamp="2023-12-13T03:28:48">
    <properties />
    <testcase name="WebsiteCertificateUpdaterCanUpdateCerticate (True)" classname="Philips.PIC.CertificateRenewal.Test.WebsiteCertificateUpdaterTest" time="0.218" status="1" />
    <testcase name="WebsiteCertificateUpdaterCanUpdateCerticate (False)" classname="Philips.PIC.CertificateRenewal.Test.WebsiteCertificateUpdaterTest" time="0.040" status="1" />
    <system-out />
    <system-err />
  </testsuite>
  <testsuite name="Philips.PMP.Test.Auto.MobileAcknowledgeAlarmMgrTest" hostname="RESTORMEL" package="not available" id="985" tests="8" failures="0" errors="0" skipped="0" time="0.065" timestamp="2023-12-13T03:34:34">
    <properties />
    <testcase name="IsMobileAckAlarmReponseObjectRequired (AcknowledgeAlarmRequest,PermissionError,True)" classname="Philips.PMP.Test.Auto.MobileAcknowledgeAlarmMgrTest" time="0.001" status="1" />
    <testcase name="IsMobileAckAlarmReponseObjectRequired (AcknowledgeAlarmRequest,AcknowledgeAlarmFailedError,True)" classname="Philips.PMP.Test.Auto.MobileAcknowledgeAlarmMgrTest" time="0.001" status="1" />
    <testcase name="IsMobileAckAlarmReponseObjectRequired (AcknowledgeAlarmRequest,Success,True)" classname="Philips.PMP.Test.Auto.MobileAcknowledgeAlarmMgrTest" time="0.000" status="1" />
    <testcase name="IsMobileAckAlarmReponseObjectRequired (AcknowledgeAlarmRequest,TotalSubscriptionsExceeded,False)" classname="Philips.PMP.Test.Auto.MobileAcknowledgeAlarmMgrTest" time="0.000" status="1" />
    <testcase name="IsMobileAckAlarmReponseObjectRequired (AuthenticateRequest,SessionRestoreFailed,False)" classname="Philips.PMP.Test.Auto.MobileAcknowledgeAlarmMgrTest" time="0.000" status="1" />
    <testcase name="AcknowledgeAlarmFailedWhenRequestValidationFailedTest" classname="Philips.PMP.Test.Auto.MobileAcknowledgeAlarmMgrTest" time="0.056" status="1" />
    <testcase name="AuditInformationAfterAckAlarmSuccessTest" classname="Philips.PMP.Test.Auto.MobileAcknowledgeAlarmMgrTest" time="0.004" status="1" />
    <testcase name="AcknowledgeAlarmFailedWhenControlServiceFailedToSilenceTest" classname="Philips.PMP.Test.Auto.MobileAcknowledgeAlarmMgrTest" time="0.003" status="1" />
    <system-out />
    <system-err />
  </testsuite>
  <testsuite name="Philips.PMP.Test.Auto.MobileControlConverterTest" hostname="RESTORMEL" package="not available" id="986" tests="1" failures="0" errors="0" skipped="0" time="0.006" timestamp="2023-12-13T03:29:46">
    <properties />
    <testcase name="ConvertMobileNumericControlTest" classname="Philips.PMP.Test.Auto.MobileControlConverterTest" time="0.006" status="1" />
    <system-out />
    <system-err />
  </testsuite>
  <testsuite name="Philips.PMP.Test.Auto.SignalQualityAlgorithmTest" hostname="RESTORMEL" package="not available" id="987" tests="1" failures="0" errors="0" skipped="0" time="0.008" timestamp="2023-12-13T03:29:57">
    <properties />
    <testcase name="TwelveLeadTransitionTest" classname="Philips.PMP.Test.Auto.SignalQualityAlgorithmTest" time="0.008" status="1" />
    <system-out />
    <system-err />
  </testsuite>
  <testsuite name="Philips.PMP.Test.Auto.AlarmAuditorTest" hostname="RESTORMEL" package="not available" id="988" tests="6" failures="0" errors="0" skipped="0" time="0.023" timestamp="2023-12-13T03:29:38">
    <properties />
    <testcase name="AlarmAuditorAddEnhancedTextTest (Technical,False,False,TelemPwm,Mdil,True)" classname="Philips.PMP.Test.Auto.AlarmAuditorTest" time="0.007" status="1" />
    <testcase name="AlarmAuditorAddEnhancedTextTest (Patient,False,False,TelemPwm,Mdil,True)" classname="Philips.PMP.Test.Auto.AlarmAuditorTest" time="0.001" status="1" />
    <testcase name="AlarmAuditorAddEnhancedTextTest (Patient,True,False,TelemPwm,Mdil,True)" classname="Philips.PMP.Test.Auto.AlarmAuditorTest" time="0.001" status="1" />
    <testcase name="AlarmAuditorAddEnhancedTextTest (Patient,True,False,Mx950,Mdil,True)" classname="Philips.PMP.Test.Auto.AlarmAuditorTest" time="0.000" status="1" />
    <testcase name="AlarmAuditorAddEnhancedTextTest (Patient,True,False,Mx950,Telemdil,True)" classname="Philips.PMP.Test.Auto.AlarmAuditorTest" time="0.001" status="1" />
    <testcase name="AlarmAuditorAddEnhancedTextTest (Patient,True,True,Mx950,Telemdil,False)" classname="Philips.PMP.Test.Auto.AlarmAuditorTest" time="0.012" status="1" />
    <system-out />
    <system-err />
  </testsuite>
  <testsuite name="Philips.PMP.Test.Auto.PersonalCertificateSyncServiceTest" hostname="RESTORMEL" package="not available" id="989" tests="7" failures="0" errors="0" skipped="0" time="0.401" timestamp="2023-12-13T03:29:39">
    <properties />
    <testcase name="PersonalCertificateSyncServiceCanDetectNewCertificate (RestartNonEssentialServices)" classname="Philips.PMP.Test.Auto.PersonalCertificateSyncServiceTest" time="0.144" status="1" />
    <testcase name="PersonalCertificateSyncServiceCanDetectNewCertificate (ReopenServiceHosts)" classname="Philips.PMP.Test.Auto.PersonalCertificateSyncServiceTest" time="0.117" status="1" />
    <testcase name="PersonalCertificateSyncServiceCanDetectNewCertificate (All)" classname="Philips.PMP.Test.Auto.PersonalCertificateSyncServiceTest" time="0.105" status="1" />
    <testcase name="PersonalCertificateSyncServiceOnlyStartsTimerForCorrectOperatingMode (Off)" classname="Philips.PMP.Test.Auto.PersonalCertificateSyncServiceTest" time="0.028" status="1" />
    <testcase name="PersonalCertificateSyncServiceOnlyStartsTimerForCorrectOperatingMode (RestartNonEssentialServices)" classname="Philips.PMP.Test.Auto.PersonalCertificateSyncServiceTest" time="0.004" status="1" />
    <testcase name="PersonalCertificateSyncServiceOnlyStartsTimerForCorrectOperatingMode (ReopenServiceHosts)" classname="Philips.PMP.Test.Auto.PersonalCertificateSyncServiceTest" time="0.003" status="1" />
    <testcase name="PersonalCertificateSyncServiceOnlyStartsTimerForCorrectOperatingMode (All)" classname="Philips.PMP.Test.Auto.PersonalCertificateSyncServiceTest" time="0.002" status="1" />
    <system-out />
    <system-err />
  </testsuite>
  <testsuite name="Philips.PMP.Test.Auto.DeviceLocationControlTest" hostname="RESTORMEL" package="not available" id="990" tests="4" failures="0" errors="0" skipped="0" time="1.113" timestamp="2023-12-13T03:33:35">
    <properties />
    <testcase name="LoadClinicalUnitsMultiInstitutionTest" classname="Philips.PMP.Test.Auto.DeviceLocationControlTest" time="0.282" status="1" />
    <testcase name="DisplayDeviceHistoryDataTest" classname="Philips.PMP.Test.Auto.DeviceLocationControlTest" time="0.274" status="1" />
    <testcase name="LoadClinicalUnitsTest" classname="Philips.PMP.Test.Auto.DeviceLocationControlTest" time="0.275" status="1" />
    <testcase name="DisplayDeviceHistoryDataMultiInstitutionTest" classname="Philips.PMP.Test.Auto.DeviceLocationControlTest" time="0.281" status="1" />
    <system-out />
    <system-err />
  </testsuite>
  <testsuite name="Philips.PMP.Test.Auto.BedAssignmentProviderTest" hostname="RESTORMEL" package="not available" id="991" tests="3" failures="0" errors="0" skipped="0" time="0.779" timestamp="2023-12-13T03:38:02">
    <properties />
    <testcase name="GetAssignedBedsToHostsTest" classname="Philips.PMP.Test.Auto.BedAssignmentProviderTest" time="0.257" status="1" />
    <testcase name="AssignmentCountByUnitTest" classname="Philips.PMP.Test.Auto.BedAssignmentProviderTest" time="0.270" status="1" />
    <testcase name="GetUnitBedAssignmentCountTest" classname="Philips.PMP.Test.Auto.BedAssignmentProviderTest" time="0.252" status="1" />
    <system-out />
    <system-err />
  </testsuite>
  <testsuite name="Philips.PMP.Test.Auto.ArchiveProviderTest" hostname="RESTORMEL" package="not available" id="992" tests="1" failures="0" errors="0" skipped="0" time="0.348" timestamp="2023-12-13T03:29:37">
    <properties />
    <testcase name="ArchiveProviderDeleteBackUpFile" classname="Philips.PMP.Test.Auto.ArchiveProviderTest" time="0.348" status="1" />
    <system-out />
    <system-err />
  </testsuite>
  <testsuite name="Philips.PMP.Test.Auto.LabMgrTest" hostname="RESTORMEL" package="not available" id="993" tests="19" failures="0" errors="0" skipped="0" time="0.706" timestamp="2023-12-13T03:29:56">
    <properties />
    <testcase name="LabDataServiceOnPatientAssignmentChangeTest (False,False,False,False,False)" classname="Philips.PMP.Test.Auto.LabMgrTest" time="0.038" status="1" />
    <testcase name="LabDataServiceOnPatientAssignmentChangeTest (True,False,False,False,False)" classname="Philips.PMP.Test.Auto.LabMgrTest" time="0.001" status="1" />
    <testcase name="LabDataServiceOnPatientAssignmentChangeTest (True,True,False,False,False)" classname="Philips.PMP.Test.Auto.LabMgrTest" time="0.001" status="1" />
    <testcase name="LabDataServiceOnPatientAssignmentChangeTest (True,True,True,False,False)" classname="Philips.PMP.Test.Auto.LabMgrTest" time="0.002" status="1" />
    <testcase name="LabDataServiceOnPatientAssignmentChangeTest (True,True,True,False,True)" classname="Philips.PMP.Test.Auto.LabMgrTest" time="0.005" status="1" />
    <testcase name="LabDataServiceOnPatientAssignmentChangeTest (True,True,True,True,True)" classname="Philips.PMP.Test.Auto.LabMgrTest" time="0.010" status="1" />
    <testcase name="LabDataServiceProcessNewObservationTest" classname="Philips.PMP.Test.Auto.LabMgrTest" time="0.504" status="1" />
    <testcase name="LabDataServicePopulateCacheTest" classname="Philips.PMP.Test.Auto.LabMgrTest" time="0.004" status="1" />
    <testcase name="LabDataServiceOnPatientIdentityChangeTest (False,False,False,False)" classname="Philips.PMP.Test.Auto.LabMgrTest" time="0.011" status="1" />
    <testcase name="LabDataServiceOnPatientIdentityChangeTest (True,False,False,False)" classname="Philips.PMP.Test.Auto.LabMgrTest" time="0.016" status="1" />
    <testcase name="LabDataServiceOnPatientIdentityChangeTest (True,True,False,False)" classname="Philips.PMP.Test.Auto.LabMgrTest" time="0.002" status="1" />
    <testcase name="LabDataServiceOnPatientIdentityChangeTest (True,True,False,True)" classname="Philips.PMP.Test.Auto.LabMgrTest" time="0.002" status="1" />
    <testcase name="LabDataServiceOnPatientIdentityChangeTest (True,True,True,False)" classname="Philips.PMP.Test.Auto.LabMgrTest" time="0.002" status="1" />
    <testcase name="LabDataServiceOnPatientIdentityChangeTest (True,True,True,True)" classname="Philips.PMP.Test.Auto.LabMgrTest" time="0.002" status="1" />
    <testcase name="LabDataServiceShouldRestartTest (False,False,False,ZoneChanged,False)" classname="Philips.PMP.Test.Auto.LabMgrTest" time="0.004" status="1" />
    <testcase name="LabDataServiceShouldRestartTest (False,True,False,InstitutionChanged,False)" classname="Philips.PMP.Test.Auto.LabMgrTest" time="0.023" status="1" />
    <testcase name="LabDataServiceShouldRestartTest (False,True,True,InstitutionChanged,True)" classname="Philips.PMP.Test.Auto.LabMgrTest" time="0.034" status="1" />
    <testcase name="LabDataServiceShouldRestartTest (True,True,False,InstitutionChanged,True)" classname="Philips.PMP.Test.Auto.LabMgrTest" time="0.043" status="1" />
    <testcase name="LabDataServiceShouldRestartTest (True,True,True,InstitutionChanged,True)" classname="Philips.PMP.Test.Auto.LabMgrTest" time="0.001" status="1" />
    <system-out />
    <system-err />
  </testsuite>
  <testsuite name="Philips.PIC.DeviceUserManagement.Test.DeviceUserManagementServiceTest" hostname="RESTORMEL" package="not available" id="994" tests="7" failures="0" errors="0" skipped="0" time="0.535" timestamp="2023-12-13T03:29:02">
    <properties />
    <testcase name="DeviceUserManagementServiceTimerTick" classname="Philips.PIC.DeviceUserManagement.Test.DeviceUserManagementServiceTest" time="0.071" status="1" />
    <testcase name="DeviceUserManagementServiceStop" classname="Philips.PIC.DeviceUserManagement.Test.DeviceUserManagementServiceTest" time="0.003" status="1" />
    <testcase name="DeviceUserManagementServiceStart" classname="Philips.PIC.DeviceUserManagement.Test.DeviceUserManagementServiceTest" time="0.435" status="1" />
    <testcase name="DeviceUserManagementServiceRestart" classname="Philips.PIC.DeviceUserManagement.Test.DeviceUserManagementServiceTest" time="0.004" status="1" />
    <testcase name="DeviceUserManagementServiceSecurityConfigChange" classname="Philips.PIC.DeviceUserManagement.Test.DeviceUserManagementServiceTest" time="0.011" status="1" />
    <testcase name="DeviceUserManagementServicePermissionsChange" classname="Philips.PIC.DeviceUserManagement.Test.DeviceUserManagementServiceTest" time="0.005" status="1" />
    <testcase name="DeviceUserManagementServiceDirectoryChange" classname="Philips.PIC.DeviceUserManagement.Test.DeviceUserManagementServiceTest" time="0.005" status="1" />
    <system-out />
    <system-err />
  </testsuite>
  <testsuite name="Philips.PMP.Test.Auto.UriDeviceProviderTest" hostname="RESTORMEL" package="not available" id="995" tests="6" failures="0" errors="0" skipped="0" time="0.067" timestamp="2023-12-13T03:33:29">
    <properties />
    <testcase name="UriDeviceTypesTest (Ppis)" classname="Philips.PMP.Test.Auto.UriDeviceProviderTest" time="0.011" status="1" />
    <testcase name="UriDeviceTypesTest (Lab)" classname="Philips.PMP.Test.Auto.UriDeviceProviderTest" time="0.013" status="1" />
    <testcase name="UriDeviceTypesTest (Order)" classname="Philips.PMP.Test.Auto.UriDeviceProviderTest" time="0.010" status="1" />
    <testcase name="UriDeviceTypesTest (IBE)" classname="Philips.PMP.Test.Auto.UriDeviceProviderTest" time="0.010" status="1" />
    <testcase name="UriDeviceTypesTest (Apm)" classname="Philips.PMP.Test.Auto.UriDeviceProviderTest" time="0.012" status="1" />
    <testcase name="UriDeviceTypesTest (Acpmp)" classname="Philips.PMP.Test.Auto.UriDeviceProviderTest" time="0.011" status="1" />
    <system-out />
    <system-err />
  </testsuite>
  <testsuite name="Philips.PMP.Test.Auto.HolterWaveSupportTest" hostname="RESTORMEL" package="not available" id="996" tests="2" failures="0" errors="0" skipped="0" time="0.032" timestamp="2023-12-13T03:29:42">
    <properties />
    <testcase name="HolterWaveSupportEquality" classname="Philips.PMP.Test.Auto.HolterWaveSupportTest" time="0.007" status="1" />
    <testcase name="HolterWaveSupportDuplicates" classname="Philips.PMP.Test.Auto.HolterWaveSupportTest" time="0.025" status="1" />
    <system-out />
    <system-err />
  </testsuite>
  <testsuite name="Philips.PMP.Test.Auto.PerfMonitorControlTest" hostname="RESTORMEL" package="not available" id="997" tests="2" failures="0" errors="0" skipped="0" time="2.094" timestamp="2023-12-13T03:37:33">
    <properties />
    <testcase name="PerfMonitorControlExportAvailabilityUpdatesByTab" classname="Philips.PMP.Test.Auto.PerfMonitorControlTest" time="0.975" status="1" />
    <testcase name="PerfMonitorControlExportAvailabilitySetByDefault" classname="Philips.PMP.Test.Auto.PerfMonitorControlTest" time="1.118" status="1" />
    <system-out />
    <system-err />
  </testsuite>
  <testsuite name="Philips.PMP.Test.Auto.ProtocolWatchSyncAlgorithmTest" hostname="RESTORMEL" package="not available" id="998" tests="10" failures="0" errors="0" skipped="0" time="2.576" timestamp="2023-12-13T03:29:51">
    <properties />
    <testcase name="ProtocolWatchSyncUpdateIpmRunningSyncToIpmTest (,,MEWS,True,True,True,MEWS,0,0)" classname="Philips.PMP.Test.Auto.ProtocolWatchSyncAlgorithmTest" time="0.013" status="1" />
    <testcase name="ProtocolWatchSyncUpdateIpmRunningSyncToIpmTest (MEWS,MEWS,MEWS,False,True,False,,0,0)" classname="Philips.PMP.Test.Auto.ProtocolWatchSyncAlgorithmTest" time="0.004" status="1" />
    <testcase name="ProtocolWatchSyncUpdateIpmRunningSyncToIpmTest (MEWS,MEWS,PEWS,False,True,True,PEWS,0,0)" classname="Philips.PMP.Test.Auto.ProtocolWatchSyncAlgorithmTest" time="0.004" status="1" />
    <testcase name="ProtocolWatchSyncUpdateIpmRunningSyncToIpmTest (MEWS,MEWS,PEWS,False,False,True,PEWS,1,0)" classname="Philips.PMP.Test.Auto.ProtocolWatchSyncAlgorithmTest" time="0.002" status="1" />
    <testcase name="ProtocolWatchSyncUpdateIpmRunningSyncToIpmTest (MEWS,MEWS,NEWS,False,False,False,,0,1)" classname="Philips.PMP.Test.Auto.ProtocolWatchSyncAlgorithmTest" time="2.534" status="1" />
    <testcase name="ProtocolWatchSyncUpdateIpmRunningNoiXSupportedTest" classname="Philips.PMP.Test.Auto.ProtocolWatchSyncAlgorithmTest" time="0.005" status="1" />
    <testcase name="ProtocolWatchSyncUpdateIxRunningSyncToIxTest (MEWS,MEWS,True,0,0,0)" classname="Philips.PMP.Test.Auto.ProtocolWatchSyncAlgorithmTest" time="0.007" status="1" />
    <testcase name="ProtocolWatchSyncUpdateIxRunningSyncToIxTest (MEWS,NEWS,False,1,0,1)" classname="Philips.PMP.Test.Auto.ProtocolWatchSyncAlgorithmTest" time="0.005" status="1" />
    <testcase name="ProtocolWatchSyncUpdateIxRunningSyncToIxTest (MEWS,PEWS,True,1,0,0)" classname="Philips.PMP.Test.Auto.ProtocolWatchSyncAlgorithmTest" time="0.002" status="1" />
    <testcase name="ProtocolWatchSyncUpdateIxRunningSyncToIxTest (,PEWS,False,1,1,0)" classname="Philips.PMP.Test.Auto.ProtocolWatchSyncAlgorithmTest" time="0.002" status="1" />
    <system-out />
    <system-err />
  </testsuite>
  <testsuite name="Philips.CareEvent.Test.MobileDeviceConfigurationControlTests" hostname="RESTORMEL" package="not available" id="999" tests="3" failures="0" errors="0" skipped="0" time="0.271" timestamp="2023-12-13T03:28:23">
    <properties />
    <testcase name="ValidateUnassignMultipleDevicesAndDeleteMultipleDevices" classname="Philips.CareEvent.Test.MobileDeviceConfigurationControlTests" time="0.145" status="1" />
    <testcase name="DevicesUpdateGeneratesPendingUpdate" classname="Philips.CareEvent.Test.MobileDeviceConfigurationControlTests" time="0.099" status="1" />
    <testcase name="EditingDeviceNumberShouldUpdateUserPhoneNumberIfExists" classname="Philips.CareEvent.Test.MobileDeviceConfigurationControlTests" time="0.027" status="1" />
    <system-out />
    <system-err />
  </testsuite>
  <testsuite name="Philips.PMP.Test.Auto.ClinicalNotificationHelperTest" hostname="RESTORMEL" package="not available" id="1000" tests="1" failures="0" errors="0" skipped="0" time="0.002" timestamp="2023-12-13T03:30:44">
    <properties />
    <testcase name="TryGetDisableControlForNotificationTest" classname="Philips.PMP.Test.Auto.ClinicalNotificationHelperTest" time="0.002" status="1" />
    <system-out />
    <system-err />
  </testsuite>
  <testsuite name="Philips.CareEvent.Test.AssignmentUpdateNotifierTests" hostname="RESTORMEL" package="not available" id="1001" tests="3" failures="0" errors="0" skipped="0" time="0.144" timestamp="2023-12-13T03:28:13">
    <properties />
    <testcase name="CreateRecipientMessage" classname="Philips.CareEvent.Test.AssignmentUpdateNotifierTests" time="0.132" status="1" />
    <testcase name="NotifyAssignedAndDroppedCaregiversAsAnonymousUserTest (True)" classname="Philips.CareEvent.Test.AssignmentUpdateNotifierTests" time="0.009" status="1" />
    <testcase name="NotifyAssignedAndDroppedCaregiversAsAnonymousUserTest (False)" classname="Philips.CareEvent.Test.AssignmentUpdateNotifierTests" time="0.003" status="1" />
    <system-out />
    <system-err />
  </testsuite>
  <testsuite name="Philips.PMP.Test.Auto.DemoBedSimQualifierTest" hostname="RESTORMEL" package="not available" id="1002" tests="1" failures="0" errors="0" skipped="0" time="0.007" timestamp="2023-12-13T03:34:07">
    <properties />
    <testcase name="BedSimProcessShouldRun" classname="Philips.PMP.Test.Auto.DemoBedSimQualifierTest" time="0.007" status="1" />
    <system-out />
    <system-err />
  </testsuite>
  <testsuite name="Philips.PMP.Test.Auto.WatchdogQualifierTest" hostname="RESTORMEL" package="not available" id="1003" tests="19" failures="0" errors="0" skipped="0" time="0.077" timestamp="2023-12-13T03:34:11">
    <properties />
    <testcase name="QualifierIsCorrectableTest" classname="Philips.PMP.Test.Auto.WatchdogQualifierTest" time="0.002" status="1" />
    <testcase name="QualifierVerifyExceptionTest" classname="Philips.PMP.Test.Auto.WatchdogQualifierTest" time="0.003" status="1" />
    <testcase name="QualifierVerifyTest (False,False,False,False,False,True,True,True,True,True,Failure)" classname="Philips.PMP.Test.Auto.WatchdogQualifierTest" time="0.006" status="1" />
    <testcase name="QualifierVerifyTest (False,True,False,False,False,True,True,True,True,True,Failure)" classname="Philips.PMP.Test.Auto.WatchdogQualifierTest" time="0.002" status="1" />
    <testcase name="QualifierVerifyTest (False,True,True,False,False,True,True,True,True,True,Failure)" classname="Philips.PMP.Test.Auto.WatchdogQualifierTest" time="0.002" status="1" />
    <testcase name="QualifierVerifyTest (False,True,True,True,False,True,True,True,True,True,Failure)" classname="Philips.PMP.Test.Auto.WatchdogQualifierTest" time="0.002" status="1" />
    <testcase name="QualifierVerifyTest (False,True,True,True,True,True,True,True,True,True,Success)" classname="Philips.PMP.Test.Auto.WatchdogQualifierTest" time="0.003" status="1" />
    <testcase name="QualifierVerifyTest (False,True,True,True,True,True,True,True,False,True,Failure)" classname="Philips.PMP.Test.Auto.WatchdogQualifierTest" time="0.003" status="1" />
    <testcase name="QualifierVerifyTest (False,True,True,True,True,False,False,False,True,True,Failure)" classname="Philips.PMP.Test.Auto.WatchdogQualifierTest" time="0.002" status="1" />
    <testcase name="QualifierVerifyTest (False,True,True,True,True,True,True,True,True,False,Failure)" classname="Philips.PMP.Test.Auto.WatchdogQualifierTest" time="0.002" status="1" />
    <testcase name="QualifierVerifyTest (True,False,False,False,False,False,False,False,False,True,Failure)" classname="Philips.PMP.Test.Auto.WatchdogQualifierTest" time="0.002" status="1" />
    <testcase name="QualifierVerifyTest (True,False,False,False,False,False,True,False,False,False,Failure)" classname="Philips.PMP.Test.Auto.WatchdogQualifierTest" time="0.002" status="1" />
    <testcase name="QualifierVerifyTest (True,False,False,False,False,False,False,False,False,False,Success)" classname="Philips.PMP.Test.Auto.WatchdogQualifierTest" time="0.002" status="1" />
    <testcase name="QualifierCorrectTest (True,True,True)" classname="Philips.PMP.Test.Auto.WatchdogQualifierTest" time="0.009" status="1" />
    <testcase name="QualifierCorrectTest (True,True,False)" classname="Philips.PMP.Test.Auto.WatchdogQualifierTest" time="0.006" status="1" />
    <testcase name="QualifierCorrectTest (True,False,True)" classname="Philips.PMP.Test.Auto.WatchdogQualifierTest" time="0.005" status="1" />
    <testcase name="QualifierCorrectTest (False,True,True)" classname="Philips.PMP.Test.Auto.WatchdogQualifierTest" time="0.010" status="1" />
    <testcase name="QualifierCorrectTest (False,True,False)" classname="Philips.PMP.Test.Auto.WatchdogQualifierTest" time="0.007" status="1" />
    <testcase name="QualifierCorrectTest (False,False,True)" classname="Philips.PMP.Test.Auto.WatchdogQualifierTest" time="0.006" status="1" />
    <system-out />
    <system-err />
  </testsuite>
  <testsuite name="Philips.PIC.DataAcquisition.Test.SureSignsUserRequestProcessorTest" hostname="RESTORMEL" package="not available" id="1004" tests="4" failures="0" errors="0" skipped="0" time="0.257" timestamp="2023-12-13T03:28:55">
    <properties />
    <testcase name="SureSignsProcessUserRequestTest (False,True,x,True,Success)" classname="Philips.PIC.DataAcquisition.Test.SureSignsUserRequestProcessorTest" time="0.250" status="1" />
    <testcase name="SureSignsProcessUserRequestTest (False,False,,True,UserAuth_InvalidAccountOrPassword)" classname="Philips.PIC.DataAcquisition.Test.SureSignsUserRequestProcessorTest" time="0.002" status="1" />
    <testcase name="SureSignsProcessUserRequestTest (True,False,x,True,UserAuth_InvalidAccountOrPassword)" classname="Philips.PIC.DataAcquisition.Test.SureSignsUserRequestProcessorTest" time="0.001" status="1" />
    <testcase name="SureSignsProcessUserRequestTest (False,True,x,False,UserAuth_InvalidAccountOrPassword)" classname="Philips.PIC.DataAcquisition.Test.SureSignsUserRequestProcessorTest" time="0.003" status="1" />
    <system-out />
    <system-err />
  </testsuite>
  <testsuite name="Philips.PMP.Test.Auto.PwmSpO2ControlMgrTest" hostname="RESTORMEL" package="not available" id="1005" tests="7" failures="0" errors="0" skipped="0" time="0.038" timestamp="2023-12-13T03:33:40">
    <properties />
    <testcase name="PwmSpO2ControlMgrDeviceUpdateTest (True,False,False,False,False,2)" classname="Philips.PMP.Test.Auto.PwmSpO2ControlMgrTest" time="0.006" status="1" />
    <testcase name="PwmSpO2ControlMgrDeviceUpdateTest (False,True,False,False,False,2)" classname="Philips.PMP.Test.Auto.PwmSpO2ControlMgrTest" time="0.004" status="1" />
    <testcase name="PwmSpO2ControlMgrDeviceUpdateTest (False,False,True,False,False,2)" classname="Philips.PMP.Test.Auto.PwmSpO2ControlMgrTest" time="0.003" status="1" />
    <testcase name="PwmSpO2ControlMgrDeviceUpdateTest (False,False,False,True,False,2)" classname="Philips.PMP.Test.Auto.PwmSpO2ControlMgrTest" time="0.003" status="1" />
    <testcase name="PwmSpO2ControlMgrDeviceUpdateTest (False,False,False,False,True,0)" classname="Philips.PMP.Test.Auto.PwmSpO2ControlMgrTest" time="0.002" status="1" />
    <testcase name="PwmSpO2ControlMgrTeleMonConnectedTest" classname="Philips.PMP.Test.Auto.PwmSpO2ControlMgrTest" time="0.015" status="1" />
    <testcase name="PwmSpO2ControlMgrUpdatePatientTest" classname="Philips.PMP.Test.Auto.PwmSpO2ControlMgrTest" time="0.005" status="1" />
    <system-out />
    <system-err />
  </testsuite>
  <testsuite name="Philips.PMP.Test.Auto.RecorderAssignmentControlTest" hostname="RESTORMEL" package="not available" id="1006" tests="1" failures="0" errors="0" skipped="0" time="0.038" timestamp="2023-12-13T03:36:13">
    <properties />
    <testcase name="RefreshRecordersTreeTest" classname="Philips.PMP.Test.Auto.RecorderAssignmentControlTest" time="0.038" status="1" />
    <system-out />
    <system-err />
  </testsuite>
  <testsuite name="Philips.PMP.Test.Auto.ExportPhysioDataFilePathGeneratorTest" hostname="RESTORMEL" package="not available" id="1007" tests="2" failures="0" errors="0" skipped="0" time="0.032" timestamp="2023-12-13T03:33:43">
    <properties />
    <testcase name="ExportPhysioDataFilePathGeneratorGetExportFileName (Ecg12LeadCapture)" classname="Philips.PMP.Test.Auto.ExportPhysioDataFilePathGeneratorTest" time="0.016" status="1" />
    <testcase name="ExportPhysioDataFilePathGeneratorGetExportFileName (PhysioData)" classname="Philips.PMP.Test.Auto.ExportPhysioDataFilePathGeneratorTest" time="0.016" status="1" />
    <system-out />
    <system-err />
  </testsuite>
  <testsuite name="Philips.PMP.Test.Auto.StripWindowControlTest" hostname="RESTORMEL" package="not available" id="1008" tests="4" failures="0" errors="0" skipped="0" time="0.289" timestamp="2023-12-13T03:37:03">
    <properties />
    <testcase name="StripWindowControlUpdateData (True,True)" classname="Philips.PMP.Test.Auto.StripWindowControlTest" time="0.138" status="1" />
    <testcase name="StripWindowControlUpdateData (True,False)" classname="Philips.PMP.Test.Auto.StripWindowControlTest" time="0.048" status="1" />
    <testcase name="StripWindowControlUpdateData (False,True)" classname="Philips.PMP.Test.Auto.StripWindowControlTest" time="0.052" status="1" />
    <testcase name="StripWindowControlUpdateData (False,False)" classname="Philips.PMP.Test.Auto.StripWindowControlTest" time="0.051" status="1" />
    <system-out />
    <system-err />
  </testsuite>
  <testsuite name="Philips.PIC.WebBridge.Test.UdiInfoMgrTest" hostname="RESTORMEL" package="not available" id="1009" tests="1" failures="0" errors="0" skipped="0" time="0.009" timestamp="2023-12-13T03:39:11">
    <properties />
    <testcase name="GetUdiInfoTest" classname="Philips.PIC.WebBridge.Test.UdiInfoMgrTest" time="0.009" status="1" />
    <system-out />
    <system-err />
  </testsuite>
  <testsuite name="Philips.PMP.Test.Auto.LogonStatusDisplayMgrTest" hostname="RESTORMEL" package="not available" id="1010" tests="5" failures="0" errors="0" skipped="0" time="0.428" timestamp="2023-12-13T03:30:01">
    <properties />
    <testcase name="LogonStatusDisplayMgrUserAuthorized" classname="Philips.PMP.Test.Auto.LogonStatusDisplayMgrTest" time="0.027" status="1" />
    <testcase name="LogonStatusDisplayMgrAuthenticateFinishError" classname="Philips.PMP.Test.Auto.LogonStatusDisplayMgrTest" time="0.027" status="1" />
    <testcase name="LogonStatusDisplayMgrAuthenticateStart" classname="Philips.PMP.Test.Auto.LogonStatusDisplayMgrTest" time="0.235" status="1" />
    <testcase name="LogonStatusDisplayMgrAuthenticateFinishWithUser" classname="Philips.PMP.Test.Auto.LogonStatusDisplayMgrTest" time="0.070" status="1" />
    <testcase name="LogonStatusDisplayMgrAuthenticateFinishNoUser" classname="Philips.PMP.Test.Auto.LogonStatusDisplayMgrTest" time="0.068" status="1" />
    <system-out />
    <system-err />
  </testsuite>
  <testsuite name="Philips.PMP.Test.Auto.PatientCensusServiceBridgeTest" hostname="RESTORMEL" package="not available" id="1011" tests="7" failures="0" errors="0" skipped="0" time="0.511" timestamp="2023-12-13T03:29:57">
    <properties />
    <testcase name="PatientCensuBridgeCanSubscribeMultipleUnit" classname="Philips.PMP.Test.Auto.PatientCensusServiceBridgeTest" time="0.012" status="1" />
    <testcase name="PatientCensuBridgeCanSubscribeUnsubscribe (,False,False,False,False)" classname="Philips.PMP.Test.Auto.PatientCensusServiceBridgeTest" time="0.386" status="1" />
    <testcase name="PatientCensuBridgeCanSubscribeUnsubscribe (,True,False,False,False)" classname="Philips.PMP.Test.Auto.PatientCensusServiceBridgeTest" time="0.045" status="1" />
    <testcase name="PatientCensuBridgeCanSubscribeUnsubscribe (token,True,True,True,True)" classname="Philips.PMP.Test.Auto.PatientCensusServiceBridgeTest" time="0.029" status="1" />
    <testcase name="PatientCensuBridgeCanSubscribeUnsubscribe (token,True,True,False,False)" classname="Philips.PMP.Test.Auto.PatientCensusServiceBridgeTest" time="0.013" status="1" />
    <testcase name="PatientCensuBridgeCanSubscribeUnsubscribe (token,False,True,True,False)" classname="Philips.PMP.Test.Auto.PatientCensusServiceBridgeTest" time="0.016" status="1" />
    <testcase name="PatientCensuBridgeCanSubscribeUnsubscribe (wrongToken,True,False,True,False)" classname="Philips.PMP.Test.Auto.PatientCensusServiceBridgeTest" time="0.009" status="1" />
    <system-out />
    <system-err />
  </testsuite>
  <testsuite name="Philips.PIC.DataAcquisition.Test.MonitoringDeviceServiceCollectionTest" hostname="RESTORMEL" package="not available" id="1012" tests="2" failures="0" errors="0" skipped="0" time="0.081" timestamp="2023-12-13T03:28:52">
    <properties />
    <testcase name="MonitoringDeviceServiceCollectionOnlyInstantiatesSupportedServices" classname="Philips.PIC.DataAcquisition.Test.MonitoringDeviceServiceCollectionTest" time="0.021" status="1" />
    <testcase name="MonitoringDeviceServiceCollectionCallsMethodsForCollection" classname="Philips.PIC.DataAcquisition.Test.MonitoringDeviceServiceCollectionTest" time="0.059" status="1" />
    <system-out />
    <system-err />
  </testsuite>
  <testsuite name="Philips.iX.InboundDataBridge.Test.LabDataTest" hostname="RESTORMEL" package="not available" id="1013" tests="5" failures="0" errors="0" skipped="0" time="2.506" timestamp="2023-12-13T03:27:48">
    <properties />
    <testcase name="StartStopServiceTest (False)" classname="Philips.iX.InboundDataBridge.Test.LabDataTest" time="0.013" status="1" />
    <testcase name="StartStopServiceTest (True)" classname="Philips.iX.InboundDataBridge.Test.LabDataTest" time="1.184" status="1" />
    <testcase name="LabDataClientTestAsync" classname="Philips.iX.InboundDataBridge.Test.LabDataTest" time="0.054" status="1" />
    <testcase name="LabDataCallBackMethodTest (True,1)" classname="Philips.iX.InboundDataBridge.Test.LabDataTest" time="1.185" status="1" />
    <testcase name="LabDataCallBackMethodTest (False,0)" classname="Philips.iX.InboundDataBridge.Test.LabDataTest" time="0.071" status="1" />
    <system-out />
    <system-err />
  </testsuite>
  <testsuite name="Philips.PMP.Test.Auto.DeviceControlTest" hostname="RESTORMEL" package="not available" id="1014" tests="2" failures="0" errors="0" skipped="0" time="0.002" timestamp="2023-12-13T03:35:44">
    <properties />
    <testcase name="LimitControlTryGetHighTest" classname="Philips.PMP.Test.Auto.DeviceControlTest" time="0.001" status="1" />
    <testcase name="LimitControlTryGetLowTest" classname="Philips.PMP.Test.Auto.DeviceControlTest" time="0.001" status="1" />
    <system-out />
    <system-err />
  </testsuite>
  <testsuite name="Philips.PIC.WebBridge.Test.PatientCheckerTest" hostname="RESTORMEL" package="not available" id="1015" tests="3" failures="0" errors="0" skipped="0" time="0.026" timestamp="2023-12-13T03:39:10">
    <properties />
    <testcase name="CheckAccessTest" classname="Philips.PIC.WebBridge.Test.PatientCheckerTest" time="0.004" status="1" />
    <testcase name="GetUnitForPatientStayTest" classname="Philips.PIC.WebBridge.Test.PatientCheckerTest" time="0.021" status="1" />
    <testcase name="GetPatientTest" classname="Philips.PIC.WebBridge.Test.PatientCheckerTest" time="0.001" status="1" />
    <system-out />
    <system-err />
  </testsuite>
  <testsuite name="Philips.PMP.Test.Auto.AppAvailabilityDeterminerTest" hostname="RESTORMEL" package="not available" id="1016" tests="1" failures="0" errors="0" skipped="0" time="0.001" timestamp="2023-12-13T03:30:13">
    <properties />
    <testcase name="IsApplicationLicensedTest" classname="Philips.PMP.Test.Auto.AppAvailabilityDeterminerTest" time="0.001" status="1" />
    <system-out />
    <system-err />
  </testsuite>
  <testsuite name="Philips.PMP.Test.Auto.SpotCheckVitalsFilterTest" hostname="RESTORMEL" package="not available" id="1017" tests="2" failures="0" errors="0" skipped="0" time="0.143" timestamp="2023-12-13T03:29:57">
    <properties />
    <testcase name="FilterVitalsTest" classname="Philips.PMP.Test.Auto.SpotCheckVitalsFilterTest" time="0.012" status="1" />
    <testcase name="SpotCheckVitalsFilterMultipleTest" classname="Philips.PMP.Test.Auto.SpotCheckVitalsFilterTest" time="0.131" status="1" />
    <system-out />
    <system-err />
  </testsuite>
  <testsuite name="Philips.PMP.Test.Auto.MdilCodeParserTest" hostname="RESTORMEL" package="not available" id="1018" tests="16" failures="0" errors="0" skipped="0" time="0.344" timestamp="2023-12-13T03:29:56">
    <properties />
    <testcase name="ParseMdilCodeTest (a00024182,0)" classname="Philips.PMP.Test.Auto.MdilCodeParserTest" time="0.235" status="1" />
    <testcase name="ParseMdilCodeTest (00024182,147842)" classname="Philips.PMP.Test.Auto.MdilCodeParserTest" time="0.016" status="1" />
    <testcase name="ParseMdilCodeTest (0002-4182,147842)" classname="Philips.PMP.Test.Auto.MdilCodeParserTest" time="0.001" status="1" />
    <testcase name="TryDeterminMdilCodeTest (a00024182,Mdil,True,False,False,False,0)" classname="Philips.PMP.Test.Auto.MdilCodeParserTest" time="0.017" status="1" />
    <testcase name="TryDeterminMdilCodeTest (0002-4182,Mdil,True,False,True,False,147842)" classname="Philips.PMP.Test.Auto.MdilCodeParserTest" time="0.002" status="1" />
    <testcase name="TryDeterminMdilCodeTest (0004-0AA0,Mdil,True,False,False,False,264864)" classname="Philips.PMP.Test.Auto.MdilCodeParserTest" time="0.001" status="1" />
    <testcase name="TryDeterminMdilCodeTest (0002-4182,MDC,True,False,False,True,0)" classname="Philips.PMP.Test.Auto.MdilCodeParserTest" time="0.013" status="1" />
    <testcase name="TryDeterminMdilCodeTest (0004-0AA0,Mdil,True,True,True,False,264864)" classname="Philips.PMP.Test.Auto.MdilCodeParserTest" time="0.002" status="1" />
    <testcase name="TryDeterminMdilCodeTest (0002-4182,Mdil,True,True,False,False,147842)" classname="Philips.PMP.Test.Auto.MdilCodeParserTest" time="0.001" status="1" />
    <testcase name="TryDeterminMdilCodeTest (0004-0AA0,Mdil,False,True,False,True,0)" classname="Philips.PMP.Test.Auto.MdilCodeParserTest" time="0.010" status="1" />
    <testcase name="TryDeterminMdilCodeTest (0002-4182,Mdil,False,False,False,True,0)" classname="Philips.PMP.Test.Auto.MdilCodeParserTest" time="0.003" status="1" />
    <testcase name="TryConvertEnumValueCodesTest (F002-F009^NOM_SCORE_AVNPU_PAIN^Mdil,True,4026724361)" classname="Philips.PMP.Test.Auto.MdilCodeParserTest" time="0.029" status="1" />
    <testcase name="TryConvertEnumValueCodesTest (F002-F009^NOM_SCORE_AVNPU_PAIN^MDIL,True,4026724361)" classname="Philips.PMP.Test.Auto.MdilCodeParserTest" time="0.013" status="1" />
    <testcase name="TryConvertEnumValueCodesTest (F002-F009^MDC_SCORE_AVNPU_PAIN^MDC,False,0)" classname="Philips.PMP.Test.Auto.MdilCodeParserTest" time="0.001" status="1" />
    <testcase name="TryConvertEnumValueCodesTest (F002-F009^Mdil,False,0)" classname="Philips.PMP.Test.Auto.MdilCodeParserTest" time="0.000" status="1" />
    <testcase name="TryConvertEnumValueCodesTest (,False,0)" classname="Philips.PMP.Test.Auto.MdilCodeParserTest" time="0.000" status="1" />
    <system-out />
    <system-err />
  </testsuite>
  <testsuite name="Philips.PMP.Test.Auto.DeviceStatusListViewTest" hostname="RESTORMEL" package="not available" id="1019" tests="2" failures="0" errors="0" skipped="0" time="0.022" timestamp="2023-12-13T03:29:58">
    <properties />
    <testcase name="DeviceStatusListViewCanIdentifyHostInternalName (Host)" classname="Philips.PMP.Test.Auto.DeviceStatusListViewTest" time="0.015" status="1" />
    <testcase name="DeviceStatusListViewCanIdentifyHostInternalName (Apc)" classname="Philips.PMP.Test.Auto.DeviceStatusListViewTest" time="0.006" status="1" />
    <system-out />
    <system-err />
  </testsuite>
  <testsuite name="Philips.CareEvent.Test.EventWorkflowReportsHelperTests" hostname="RESTORMEL" package="not available" id="1020" tests="1" failures="0" errors="0" skipped="0" time="0.005" timestamp="2023-12-13T03:28:26">
    <properties />
    <testcase name="MoveEmptyToEndOfListTest" classname="Philips.CareEvent.Test.EventWorkflowReportsHelperTests" time="0.005" status="1" />
    <system-out />
    <system-err />
  </testsuite>
  <testsuite name="Philips.PMP.Test.Auto.UshortHandleGeneratorTest" hostname="RESTORMEL" package="not available" id="1021" tests="2" failures="0" errors="0" skipped="0" time="0.003" timestamp="2023-12-13T03:33:40">
    <properties />
    <testcase name="UshortHandleGeneratorAssignedHandleChecksTest" classname="Philips.PMP.Test.Auto.UshortHandleGeneratorTest" time="0.000" status="1" />
    <testcase name="UshortHandleGeneratorGetHandleTest" classname="Philips.PMP.Test.Auto.UshortHandleGeneratorTest" time="0.003" status="1" />
    <system-out />
    <system-err />
  </testsuite>
  <testsuite name="Philips.PMP.Test.Auto.EcgTroubleshootingControlCheckerTest" hostname="RESTORMEL" package="not available" id="1022" tests="3" failures="0" errors="0" skipped="0" time="0.038" timestamp="2023-12-13T03:30:00">
    <properties />
    <testcase name="EcgTroubleshootingControlCheckerPatientCheck" classname="Philips.PMP.Test.Auto.EcgTroubleshootingControlCheckerTest" time="0.025" status="1" />
    <testcase name="EcgTroubleshootingControlCheckerShouldEnableAction (True)" classname="Philips.PMP.Test.Auto.EcgTroubleshootingControlCheckerTest" time="0.012" status="1" />
    <testcase name="EcgTroubleshootingControlCheckerShouldEnableAction (False)" classname="Philips.PMP.Test.Auto.EcgTroubleshootingControlCheckerTest" time="0.001" status="1" />
    <system-out />
    <system-err />
  </testsuite>
  <testsuite name="Philips.PMP.Test.Auto.HL7QualifierTest" hostname="RESTORMEL" package="not available" id="1023" tests="8" failures="0" errors="0" skipped="0" time="0.019" timestamp="2023-12-13T03:34:08">
    <properties />
    <testcase name="Hl7CentralizedConfigQualifierErrorTest (True,False,True,Warning)" classname="Philips.PMP.Test.Auto.HL7QualifierTest" time="0.007" status="1" />
    <testcase name="Hl7CentralizedConfigQualifierErrorTest (True,True,False,Warning)" classname="Philips.PMP.Test.Auto.HL7QualifierTest" time="0.002" status="1" />
    <testcase name="Hl7CentralizedConfigQualifierErrorTest (True,False,False,Success)" classname="Philips.PMP.Test.Auto.HL7QualifierTest" time="0.002" status="1" />
    <testcase name="Hl7CentralizedConfigQualifierErrorTest (False,True,True,Warning)" classname="Philips.PMP.Test.Auto.HL7QualifierTest" time="0.003" status="1" />
    <testcase name="AlarmClientEventTest (True,Emergin,False)" classname="Philips.PMP.Test.Auto.HL7QualifierTest" time="0.005" status="1" />
    <testcase name="AlarmClientEventTest (True,EventInfo,True)" classname="Philips.PMP.Test.Auto.HL7QualifierTest" time="0.001" status="1" />
    <testcase name="AlarmClientEventTest (False,Emergin,True)" classname="Philips.PMP.Test.Auto.HL7QualifierTest" time="0.001" status="1" />
    <testcase name="AlarmClientEventTest (False,EventInfo,True)" classname="Philips.PMP.Test.Auto.HL7QualifierTest" time="0.001" status="1" />
    <system-out />
    <system-err />
  </testsuite>
  <testsuite name="Philips.PMP.Test.Auto.MulticastHostDeviceTest" hostname="RESTORMEL" package="not available" id="1024" tests="1" failures="0" errors="0" skipped="0" time="0.019" timestamp="2023-12-13T03:29:48">
    <properties />
    <testcase name="MulticastHostDeviceEqualsTest" classname="Philips.PMP.Test.Auto.MulticastHostDeviceTest" time="0.019" status="1" />
    <system-out />
    <system-err />
  </testsuite>
  <testsuite name="Philips.PMP.Test.Auto.AlertNotificationDataMgrTest" hostname="RESTORMEL" package="not available" id="1025" tests="1" failures="0" errors="0" skipped="0" time="0.015" timestamp="2023-12-13T03:29:36">
    <properties />
    <testcase name="AlertNotificationDataMgrDisposeShouldClearUnitToClientMgrCollection" classname="Philips.PMP.Test.Auto.AlertNotificationDataMgrTest" time="0.015" status="1" />
    <system-out />
    <system-err />
  </testsuite>
  <testsuite name="Philips.PMP.Test.Auto.RfidLogonMgrTest" hostname="RESTORMEL" package="not available" id="1026" tests="1" failures="0" errors="0" skipped="0" time="0.706" timestamp="2023-12-13T03:30:00">
    <properties />
    <testcase name="RfidLogonMgrFurtherAuthRequired" classname="Philips.PMP.Test.Auto.RfidLogonMgrTest" time="0.706" status="1" />
    <system-out />
    <system-err />
  </testsuite>
  <testsuite name="Philips.PIC.WebBridge.Test.AlertCreatorTest" hostname="RESTORMEL" package="not available" id="1027" tests="3" failures="0" errors="0" skipped="0" time="0.174" timestamp="2023-12-13T03:39:08">
    <properties />
    <testcase name="WillConvertToCaliperMeasurementTest" classname="Philips.PIC.WebBridge.Test.AlertCreatorTest" time="0.017" status="1" />
    <testcase name="WillGetAlertTest" classname="Philips.PIC.WebBridge.Test.AlertCreatorTest" time="0.150" status="1" />
    <testcase name="WillCreateAlertTest" classname="Philips.PIC.WebBridge.Test.AlertCreatorTest" time="0.008" status="1" />
    <system-out />
    <system-err />
  </testsuite>
  <testsuite name="Philips.PMP.Test.Auto.BedTransferProcessorTest" hostname="RESTORMEL" package="not available" id="1028" tests="2" failures="0" errors="0" skipped="0" time="0.124" timestamp="2023-12-13T03:29:38">
    <properties />
    <testcase name="BedTransferProcessorCanDetectNetworkFailure (True)" classname="Philips.PMP.Test.Auto.BedTransferProcessorTest" time="0.119" status="1" />
    <testcase name="BedTransferProcessorCanDetectNetworkFailure (False)" classname="Philips.PMP.Test.Auto.BedTransferProcessorTest" time="0.005" status="1" />
    <system-out />
    <system-err />
  </testsuite>
  <testsuite name="Philips.PMP.Test.Auto.ConfigurationServerQualifierTest" hostname="RESTORMEL" package="not available" id="1029" tests="9" failures="0" errors="0" skipped="0" time="0.020" timestamp="2023-12-13T03:34:07">
    <properties />
    <testcase name="ConfigurationServerQualifierVerifyShould (Unknown,Offline,False)" classname="Philips.PMP.Test.Auto.ConfigurationServerQualifierTest" time="0.005" status="1" />
    <testcase name="ConfigurationServerQualifierVerifyShould (Unknown,Offline,True)" classname="Philips.PMP.Test.Auto.ConfigurationServerQualifierTest" time="0.002" status="1" />
    <testcase name="ConfigurationServerQualifierVerifyShould (Unknown,Connected,False)" classname="Philips.PMP.Test.Auto.ConfigurationServerQualifierTest" time="0.002" status="1" />
    <testcase name="ConfigurationServerQualifierVerifyShould (Unknown,Connected,True)" classname="Philips.PMP.Test.Auto.ConfigurationServerQualifierTest" time="0.002" status="1" />
    <testcase name="ConfigurationServerQualifierVerifyShould (Success,Offline,False)" classname="Philips.PMP.Test.Auto.ConfigurationServerQualifierTest" time="0.002" status="1" />
    <testcase name="ConfigurationServerQualifierVerifyShould (Success,Offline,True)" classname="Philips.PMP.Test.Auto.ConfigurationServerQualifierTest" time="0.002" status="1" />
    <testcase name="ConfigurationServerQualifierVerifyShould (Success,Connected,False)" classname="Philips.PMP.Test.Auto.ConfigurationServerQualifierTest" time="0.002" status="1" />
    <testcase name="ConfigurationServerQualifierVerifyShould (Success,Connected,True)" classname="Philips.PMP.Test.Auto.ConfigurationServerQualifierTest" time="0.002" status="1" />
    <testcase name="ConfigurationServerIsCorrectableShould" classname="Philips.PMP.Test.Auto.ConfigurationServerQualifierTest" time="0.001" status="1" />
    <system-out />
    <system-err />
  </testsuite>
  <testsuite name="Philips.PMP.Test.Auto.IntelliBridgeDeviceDataHelperTest" hostname="RESTORMEL" package="not available" id="1030" tests="5" failures="0" errors="0" skipped="0" time="0.005" timestamp="2023-12-13T03:34:18">
    <properties />
    <testcase name="IntelliBridgeDeviceAlarmLimitsDataHelperTest (10,20,20514,5,12,True,True,True)" classname="Philips.PMP.Test.Auto.IntelliBridgeDeviceDataHelperTest" time="0.003" status="1" />
    <testcase name="IntelliBridgeDeviceAlarmLimitsDataHelperTest (10,20,20514,10,20,True,True,False)" classname="Philips.PMP.Test.Auto.IntelliBridgeDeviceDataHelperTest" time="0.001" status="1" />
    <testcase name="IntelliBridgeDeviceAlarmLimitsDataHelperTest (10,20,20514,10,20,True,False,True)" classname="Philips.PMP.Test.Auto.IntelliBridgeDeviceDataHelperTest" time="0.000" status="1" />
    <testcase name="IntelliBridgeDeviceAlarmLimitsDataHelperTest (10,20,20514,10,20,False,True,True)" classname="Philips.PMP.Test.Auto.IntelliBridgeDeviceDataHelperTest" time="0.001" status="1" />
    <testcase name="IntelliBridgeDeviceAlarmLimitsDataHelperTest (10,20,20514,10,20,False,False,False)" classname="Philips.PMP.Test.Auto.IntelliBridgeDeviceDataHelperTest" time="0.001" status="1" />
    <system-out />
    <system-err />
  </testsuite>
  <testsuite name="Philips.PMP.Test.Auto.HL7MdcCodesHelperTest" hostname="RESTORMEL" package="not available" id="1031" tests="2" failures="0" errors="0" skipped="0" time="0.634" timestamp="2023-12-13T03:29:42">
    <properties />
    <testcase name="Hl7MdcLoadTest" classname="Philips.PMP.Test.Auto.HL7MdcCodesHelperTest" time="0.339" status="1" />
    <testcase name="Hl7MdcInvalidAndUnmatchedMappingTest" classname="Philips.PMP.Test.Auto.HL7MdcCodesHelperTest" time="0.295" status="1" />
    <system-out />
    <system-err />
  </testsuite>
  <testsuite name="Philips.PMP.Test.Auto.SpotCheckGuidCorrectorTest" hostname="RESTORMEL" package="not available" id="1032" tests="4" failures="0" errors="0" skipped="0" time="0.014" timestamp="2023-12-13T03:29:57">
    <properties />
    <testcase name="SpotCheckGuidCorrectorCorrectValInfoIdTest (False)" classname="Philips.PMP.Test.Auto.SpotCheckGuidCorrectorTest" time="0.004" status="1" />
    <testcase name="SpotCheckGuidCorrectorCorrectValInfoIdTest (True)" classname="Philips.PMP.Test.Auto.SpotCheckGuidCorrectorTest" time="0.001" status="1" />
    <testcase name="SpotCheckGuidCorrectorCorrectRecordIdTest (False)" classname="Philips.PMP.Test.Auto.SpotCheckGuidCorrectorTest" time="0.009" status="1" />
    <testcase name="SpotCheckGuidCorrectorCorrectRecordIdTest (True)" classname="Philips.PMP.Test.Auto.SpotCheckGuidCorrectorTest" time="0.001" status="1" />
    <system-out />
    <system-err />
  </testsuite>
  <testsuite name="Philips.PMP.Test.Auto.PatientWorkflowControlHelperTest" hostname="RESTORMEL" package="not available" id="1033" tests="4" failures="0" errors="0" skipped="0" time="0.007" timestamp="2023-12-13T03:34:52">
    <properties />
    <testcase name="PatientWorkflowControlHelperGetAdtWorkflow" classname="Philips.PMP.Test.Auto.PatientWorkflowControlHelperTest" time="0.002" status="1" />
    <testcase name="PatientWorkflowControlHelperGetAllAdtWorkflowOptions" classname="Philips.PMP.Test.Auto.PatientWorkflowControlHelperTest" time="0.003" status="1" />
    <testcase name="PatientWorkflowControlHelperIsOrphanDeviceConfigured (True)" classname="Philips.PMP.Test.Auto.PatientWorkflowControlHelperTest" time="0.001" status="1" />
    <testcase name="PatientWorkflowControlHelperIsOrphanDeviceConfigured (False)" classname="Philips.PMP.Test.Auto.PatientWorkflowControlHelperTest" time="0.001" status="1" />
    <system-out />
    <system-err />
  </testsuite>
  <testsuite name="Philips.PIC.WebBridge.Test.ConnectionSubscriptionMgrTest" hostname="RESTORMEL" package="not available" id="1034" tests="3" failures="0" errors="0" skipped="0" time="0.048" timestamp="2023-12-13T03:39:09">
    <properties />
    <testcase name="ConnectionSubscriptionMgrWillAddNewSubscriptions" classname="Philips.PIC.WebBridge.Test.ConnectionSubscriptionMgrTest" time="0.033" status="1" />
    <testcase name="ConnectionSubscriptionMgrFactoryWillCreateMgr" classname="Philips.PIC.WebBridge.Test.ConnectionSubscriptionMgrTest" time="0.011" status="1" />
    <testcase name="ConnectionSubscriptionMgrWillRemoveExistingConnections" classname="Philips.PIC.WebBridge.Test.ConnectionSubscriptionMgrTest" time="0.004" status="1" />
    <system-out />
    <system-err />
  </testsuite>
  <testsuite name="Philips.CareEvent.Test.CaregiverSetupControlTests" hostname="RESTORMEL" package="not available" id="1035" tests="3" failures="0" errors="0" skipped="0" time="0.292" timestamp="2023-12-13T03:28:19">
    <properties />
    <testcase name="CheckColorboxAndPromptToneCheckButtonForCaregiversWithRoles (True,False,True,Nurse)" classname="Philips.CareEvent.Test.CaregiverSetupControlTests" time="0.271" status="1" />
    <testcase name="CheckColorboxAndPromptToneCheckButtonForCaregiversWithRoles (False,False,True,Biomed)" classname="Philips.CareEvent.Test.CaregiverSetupControlTests" time="0.010" status="1" />
    <testcase name="CheckColorboxAndPromptToneCheckButtonForCaregiversWithRoles (True,False,False,Nurse)" classname="Philips.CareEvent.Test.CaregiverSetupControlTests" time="0.011" status="1" />
    <system-out />
    <system-err />
  </testsuite>
  <testsuite name="Philips.PMP.Test.Auto.MulticastAddressProviderTest" hostname="RESTORMEL" package="not available" id="1036" tests="2" failures="0" errors="0" skipped="0" time="0.360" timestamp="2023-12-13T03:32:43">
    <properties />
    <testcase name="StaleZoneMulticastStoreTest" classname="Philips.PMP.Test.Auto.MulticastAddressProviderTest" time="0.268" status="1" />
    <testcase name="GetMulticastAddresses" classname="Philips.PMP.Test.Auto.MulticastAddressProviderTest" time="0.092" status="1" />
    <system-out />
    <system-err />
  </testsuite>
  <testsuite name="Philips.RootMain.Test.ProjectConfigTest" hostname="RESTORMEL" package="not available" id="1037" tests="1" failures="0" errors="0" skipped="0" time="0.438" timestamp="2023-12-13T03:38:57">
    <properties />
    <testcase name="ProjectConfigNewProjectsUsePackageReference" classname="Philips.RootMain.Test.ProjectConfigTest" time="0.438" status="1" />
    <system-out />
    <system-err />
  </testsuite>
  <testsuite name="Philips.CareEvent.Test.ClientConfigurationProviderTest" hostname="RESTORMEL" package="not available" id="1038" tests="2" failures="0" errors="0" skipped="0" time="0.109" timestamp="2023-12-13T03:28:13">
    <properties />
    <testcase name="ClientConfigurationZoneTests (True)" classname="Philips.CareEvent.Test.ClientConfigurationProviderTest" time="0.108" status="1" />
    <testcase name="ClientConfigurationZoneTests (False)" classname="Philips.CareEvent.Test.ClientConfigurationProviderTest" time="0.001" status="1" />
    <system-out />
    <system-err />
  </testsuite>
  <testsuite name="Philips.PMP.Test.Auto.MobilityDataConsumerTest" hostname="RESTORMEL" package="not available" id="1039" tests="2" failures="0" errors="0" skipped="0" time="0.151" timestamp="2023-12-13T03:29:39">
    <properties />
    <testcase name="MobilityDataConsumerExitsEarlyWhenNoData" classname="Philips.PMP.Test.Auto.MobilityDataConsumerTest" time="0.001" status="1" />
    <testcase name="MobilityDataConsumerDeduplicatesConfigs" classname="Philips.PMP.Test.Auto.MobilityDataConsumerTest" time="0.149" status="1" />
    <system-out />
    <system-err />
  </testsuite>
  <testsuite name="Philips.PMP.Test.Auto.CompressedAlarmsWindowControlTest" hostname="RESTORMEL" package="not available" id="1040" tests="1" failures="0" errors="0" skipped="0" time="0.063" timestamp="2023-12-13T03:29:40">
    <properties />
    <testcase name="CompressedAlarmsWindowControlCreateAlarmReviewStripControl" classname="Philips.PMP.Test.Auto.CompressedAlarmsWindowControlTest" time="0.063" status="1" />
    <system-out />
    <system-err />
  </testsuite>
  <testsuite name="Philips.PMP.Test.Auto.ArchiveExportControlTest" hostname="RESTORMEL" package="not available" id="1041" tests="3" failures="0" errors="0" skipped="0" time="0.139" timestamp="2023-12-13T03:30:35">
    <properties />
    <testcase name="ArchiveExportControlCanBeReadOnly (True)" classname="Philips.PMP.Test.Auto.ArchiveExportControlTest" time="0.080" status="1" />
    <testcase name="ArchiveExportControlCanBeReadOnly (False)" classname="Philips.PMP.Test.Auto.ArchiveExportControlTest" time="0.021" status="1" />
    <testcase name="ArchiveExportControlValidation" classname="Philips.PMP.Test.Auto.ArchiveExportControlTest" time="0.037" status="1" />
    <system-out />
    <system-err />
  </testsuite>
  <testsuite name="Philips.PMP.Test.Auto.PatientServiceMgrTest" hostname="RESTORMEL" package="not available" id="1042" tests="3" failures="0" errors="0" skipped="0" time="0.068" timestamp="2023-12-13T03:29:48">
    <properties />
    <testcase name="PatientServiceFromNotificationServerGetNonMonitoredPatients" classname="Philips.PMP.Test.Auto.PatientServiceMgrTest" time="0.005" status="1" />
    <testcase name="PatientServiceMgrReadmitTest (True,DestinationInvalid)" classname="Philips.PMP.Test.Auto.PatientServiceMgrTest" time="0.056" status="1" />
    <testcase name="PatientServiceMgrReadmitTest (False,Success)" classname="Philips.PMP.Test.Auto.PatientServiceMgrTest" time="0.008" status="1" />
    <system-out />
    <system-err />
  </testsuite>
  <testsuite name="Philips.CareEvent.Test.AddMobileDevicesControlTests" hostname="RESTORMEL" package="not available" id="1043" tests="1" failures="0" errors="0" skipped="0" time="0.051" timestamp="2023-12-13T03:28:27">
    <properties />
    <testcase name="InvalidInputTest" classname="Philips.CareEvent.Test.AddMobileDevicesControlTests" time="0.051" status="1" />
    <system-out />
    <system-err />
  </testsuite>
  <testsuite name="Philips.PMP.Test.Auto.PingReplyCaptureTest" hostname="RESTORMEL" package="not available" id="1044" tests="4" failures="0" errors="0" skipped="0" time="0.173" timestamp="2023-12-13T03:29:57">
    <properties />
    <testcase name="PingReplyCaptureStartCaptureTest (False,False)" classname="Philips.PMP.Test.Auto.PingReplyCaptureTest" time="0.169" status="1" />
    <testcase name="PingReplyCaptureStartCaptureTest (False,True)" classname="Philips.PMP.Test.Auto.PingReplyCaptureTest" time="0.001" status="1" />
    <testcase name="PingReplyCaptureStartCaptureTest (True,False)" classname="Philips.PMP.Test.Auto.PingReplyCaptureTest" time="0.002" status="1" />
    <testcase name="PingReplyCaptureStartCaptureTest (True,True)" classname="Philips.PMP.Test.Auto.PingReplyCaptureTest" time="0.001" status="1" />
    <system-out />
    <system-err />
  </testsuite>
  <testsuite name="Philips.PMP.Test.Auto.CustomStripLabelsReverterTest" hostname="RESTORMEL" package="not available" id="1045" tests="1" failures="0" errors="0" skipped="0" time="0.004" timestamp="2023-12-13T03:29:58">
    <properties />
    <testcase name="CustomStripLabelsReverterRevertToDefaults" classname="Philips.PMP.Test.Auto.CustomStripLabelsReverterTest" time="0.004" status="1" />
    <system-out />
    <system-err />
  </testsuite>
  <testsuite name="Philips.CareEvent.Test.MobileCarrierProviderTests" hostname="RESTORMEL" package="not available" id="1046" tests="1" failures="0" errors="0" skipped="0" time="0.046" timestamp="2023-12-13T03:28:15">
    <properties />
    <testcase name="GetStoreAndDeleteTest" classname="Philips.CareEvent.Test.MobileCarrierProviderTests" time="0.046" status="1" />
    <system-out />
    <system-err />
  </testsuite>
  <testsuite name="Philips.PMP.Test.Auto.TelemdilTrendUploadMgrTest" hostname="RESTORMEL" package="not available" id="1047" tests="7" failures="0" errors="0" skipped="0" time="0.059" timestamp="2023-12-13T03:36:54">
    <properties />
    <testcase name="TelemdilPhysioUploadConnectionAfterDeviceDisassociationDoesntCrash" classname="Philips.PMP.Test.Auto.TelemdilTrendUploadMgrTest" time="0.008" status="1" />
    <testcase name="TelemdilTrendUploadErrorHandlerDoesntParseInfinitely" classname="Philips.PMP.Test.Auto.TelemdilTrendUploadMgrTest" time="0.001" status="1" />
    <testcase name="TelemdilTrendUploadReconstructsInvalidHRSingleTest" classname="Philips.PMP.Test.Auto.TelemdilTrendUploadMgrTest" time="0.001" status="1" />
    <testcase name="TelemdilTrendUploadReconstructsValidNbpValueAndDisplayResolutionTest" classname="Philips.PMP.Test.Auto.TelemdilTrendUploadMgrTest" time="0.003" status="1" />
    <testcase name="TelemdilTrendUploadReconstructsValidHRSingleTest" classname="Philips.PMP.Test.Auto.TelemdilTrendUploadMgrTest" time="0.012" status="1" />
    <testcase name="PhysioDataTypeEnumMappingTest" classname="Philips.PMP.Test.Auto.TelemdilTrendUploadMgrTest" time="0.032" status="1" />
    <testcase name="TelemdilTrendUploadReconstructsValidNbpValueTest" classname="Philips.PMP.Test.Auto.TelemdilTrendUploadMgrTest" time="0.001" status="1" />
    <system-out />
    <system-err />
  </testsuite>
  <testsuite name="Philips.iX.DataBridge.Common.Test.DataBridgeHttpClientTest" hostname="RESTORMEL" package="not available" id="1048" tests="2" failures="0" errors="0" skipped="0" time="0.228" timestamp="2023-12-13T03:27:38">
    <properties />
    <testcase name="FactoryChecksTargetUri (http://localhost:1235/,/api/test)" classname="Philips.iX.DataBridge.Common.Test.DataBridgeHttpClientTest" time="0.226" status="1" />
    <testcase name="FactoryChecksTargetUri (,)" classname="Philips.iX.DataBridge.Common.Test.DataBridgeHttpClientTest" time="0.002" status="1" />
    <system-out />
    <system-err />
  </testsuite>
  <testsuite name="Philips.PMP.Test.Auto.PatientLocationResolverTest" hostname="RESTORMEL" package="not available" id="1049" tests="4" failures="0" errors="0" skipped="0" time="0.019" timestamp="2023-12-13T03:34:59">
    <properties />
    <testcase name="PatientUnitResolverCanGetPatientUnit (False)" classname="Philips.PMP.Test.Auto.PatientLocationResolverTest" time="0.003" status="1" />
    <testcase name="PatientUnitResolverCanGetPatientUnit (True)" classname="Philips.PMP.Test.Auto.PatientLocationResolverTest" time="0.001" status="1" />
    <testcase name="PatientUnitResolverIncludesMyUnitWhenIHaveNoPatients" classname="Philips.PMP.Test.Auto.PatientLocationResolverTest" time="0.001" status="1" />
    <testcase name="PatientUnitResolverCanGetMyPatientAndSectorAssignmentClinicalUnits" classname="Philips.PMP.Test.Auto.PatientLocationResolverTest" time="0.014" status="1" />
    <system-out />
    <system-err />
  </testsuite>
  <testsuite name="Philips.PMP.Test.Auto.DeviceAssociationMgrTest" hostname="RESTORMEL" package="not available" id="1050" tests="26" failures="0" errors="0" skipped="0" time="0.128" timestamp="2023-12-13T03:36:22">
    <properties />
    <testcase name="DeviceAssociationMgrCheckForDevicesToAbortTest (False,True,1,False,False)" classname="Philips.PMP.Test.Auto.DeviceAssociationMgrTest" time="0.002" status="1" />
    <testcase name="DeviceAssociationMgrCheckForDevicesToAbortTest (False,True,0,True,True)" classname="Philips.PMP.Test.Auto.DeviceAssociationMgrTest" time="0.001" status="1" />
    <testcase name="DeviceAssociationMgrCheckForDevicesToAbortTest (True,True,1,False,False)" classname="Philips.PMP.Test.Auto.DeviceAssociationMgrTest" time="0.001" status="1" />
    <testcase name="DeviceAssociationMgrCheckForDevicesToAbortTest (True,True,0,True,False)" classname="Philips.PMP.Test.Auto.DeviceAssociationMgrTest" time="0.001" status="1" />
    <testcase name="DeviceAssociationMgrCheckForDevicesToAbortTest (True,False,1,True,False)" classname="Philips.PMP.Test.Auto.DeviceAssociationMgrTest" time="0.001" status="1" />
    <testcase name="DeviceAssociationMgrCheckForDevicesToAbortTest (True,False,0,True,False)" classname="Philips.PMP.Test.Auto.DeviceAssociationMgrTest" time="0.001" status="1" />
    <testcase name="DeviceAssociationMgrCheckForDevicesToAbortTest (False,False,0,True,True)" classname="Philips.PMP.Test.Auto.DeviceAssociationMgrTest" time="0.001" status="1" />
    <testcase name="DeviceAssociationMgrCheckForDevicesToAbortTest (False,False,1,True,True)" classname="Philips.PMP.Test.Auto.DeviceAssociationMgrTest" time="0.001" status="1" />
    <testcase name="DeviceAssociationMgrAssociateTest (AntaresLight,True,True,Ok,Ok,Ok)" classname="Philips.PMP.Test.Auto.DeviceAssociationMgrTest" time="0.099" status="1" />
    <testcase name="DeviceAssociationMgrAssociateTest (AntaresLight,False,True,Ok,NotSupportedWithoutPrincipalView,NotSupportedWithoutPrincipalView)" classname="Philips.PMP.Test.Auto.DeviceAssociationMgrTest" time="0.002" status="1" />
    <testcase name="DeviceAssociationMgrAssociateTest (AntaresLight,True,False,Error,Error,Error)" classname="Philips.PMP.Test.Auto.DeviceAssociationMgrTest" time="0.001" status="1" />
    <testcase name="DeviceAssociationMgrAssociateTest (Mrx,True,True,Ok,Ok,Ok)" classname="Philips.PMP.Test.Auto.DeviceAssociationMgrTest" time="0.001" status="1" />
    <testcase name="DeviceAssociationMgrAssociateTest (Mrx,False,True,Ok,NotSupportedWithoutPrincipalView,NotSupportedWithoutPrincipalView)" classname="Philips.PMP.Test.Auto.DeviceAssociationMgrTest" time="0.001" status="1" />
    <testcase name="DeviceAssociationMgrAssociateTest (Mrx,True,False,Error,Error,Error)" classname="Philips.PMP.Test.Auto.DeviceAssociationMgrTest" time="0.001" status="1" />
    <testcase name="DeviceAssociationMgrAssociateTest (TelemPwm,True,True,Ok,NotSupportedWithoutPrincipalView,NotSupportedWithoutPrincipalView)" classname="Philips.PMP.Test.Auto.DeviceAssociationMgrTest" time="0.001" status="1" />
    <testcase name="DeviceAssociationMgrAssociateTest (TelemPwm,False,True,Ok,NotSupportedWithoutPrincipalView,NotSupportedWithoutPrincipalView)" classname="Philips.PMP.Test.Auto.DeviceAssociationMgrTest" time="0.001" status="1" />
    <testcase name="DeviceAssociationMgrAssociateTest (TelemPwm,True,False,Error,NotSupportedWithoutPrincipalView,NotSupportedWithoutPrincipalView)" classname="Philips.PMP.Test.Auto.DeviceAssociationMgrTest" time="0.001" status="1" />
    <testcase name="DeviceAssociationMgrAssociateTest (Efficia,True,True,Ok,Ok,Ok)" classname="Philips.PMP.Test.Auto.DeviceAssociationMgrTest" time="0.001" status="1" />
    <testcase name="DeviceAssociationMgrAssociateTest (Efficia,False,True,Ok,NotSupportedWithoutPrincipalView,NotSupportedWithoutPrincipalView)" classname="Philips.PMP.Test.Auto.DeviceAssociationMgrTest" time="0.001" status="1" />
    <testcase name="DeviceAssociationMgrAssociateTest (Efficia,True,False,Error,Error,Error)" classname="Philips.PMP.Test.Auto.DeviceAssociationMgrTest" time="0.001" status="1" />
    <testcase name="DeviceAssociationMgrAssociateTest (IbridgeEc40Hub,True,True,Ok,Ok,Ok)" classname="Philips.PMP.Test.Auto.DeviceAssociationMgrTest" time="0.001" status="1" />
    <testcase name="DeviceAssociationMgrAssociateTest (IbridgeEc40Hub,False,True,Ok,Ok,Ok)" classname="Philips.PMP.Test.Auto.DeviceAssociationMgrTest" time="0.002" status="1" />
    <testcase name="DeviceAssociationMgrAssociateTest (IbridgeEc40Hub,True,False,Error,Error,Error)" classname="Philips.PMP.Test.Auto.DeviceAssociationMgrTest" time="0.001" status="1" />
    <testcase name="DeviceAssociationMgrAssociateTest (ExtDevServer,True,True,Ok,Ok,Ok)" classname="Philips.PMP.Test.Auto.DeviceAssociationMgrTest" time="0.001" status="1" />
    <testcase name="DeviceAssociationMgrAssociateTest (ExtDevServer,False,True,Ok,Ok,Ok)" classname="Philips.PMP.Test.Auto.DeviceAssociationMgrTest" time="0.001" status="1" />
    <testcase name="DeviceAssociationMgrAssociateTest (ExtDevServer,True,False,Error,Error,Error)" classname="Philips.PMP.Test.Auto.DeviceAssociationMgrTest" time="0.001" status="1" />
    <system-out />
    <system-err />
  </testsuite>
  <testsuite name="Philips.CareEvent.Test.ConnectionPoolingControlTest" hostname="RESTORMEL" package="not available" id="1051" tests="1" failures="0" errors="0" skipped="0" time="0.011" timestamp="2023-12-13T03:28:27">
    <properties />
    <testcase name="ValidateAndSaveSettingsTest" classname="Philips.CareEvent.Test.ConnectionPoolingControlTest" time="0.011" status="1" />
    <system-out />
    <system-err />
  </testsuite>
  <testsuite name="Philips.PMP.Test.Auto.InstitutionControlValidatorTest" hostname="RESTORMEL" package="not available" id="1052" tests="2" failures="0" errors="0" skipped="0" time="0.004" timestamp="2023-12-13T03:38:04">
    <properties />
    <testcase name="InstitutionControlValidatorValidateName" classname="Philips.PMP.Test.Auto.InstitutionControlValidatorTest" time="0.002" status="1" />
    <testcase name="InstitutionControlValidatorValidateFacilityId" classname="Philips.PMP.Test.Auto.InstitutionControlValidatorTest" time="0.002" status="1" />
    <system-out />
    <system-err />
  </testsuite>
  <testsuite name="Philips.PMP.Test.Auto.AuthenticationServiceBridgeTest" hostname="RESTORMEL" package="not available" id="1053" tests="2" failures="0" errors="0" skipped="0" time="0.157" timestamp="2023-12-13T03:29:52">
    <properties />
    <testcase name="AuthenticationServiceBridgeCanRestart" classname="Philips.PMP.Test.Auto.AuthenticationServiceBridgeTest" time="0.114" status="1" />
    <testcase name="AuthenticateUserTest" classname="Philips.PMP.Test.Auto.AuthenticationServiceBridgeTest" time="0.043" status="1" />
    <system-out />
    <system-err />
  </testsuite>
  <testsuite name="Philips.PIC.WebBridge.Test.LogsControllerTest" hostname="RESTORMEL" package="not available" id="1054" tests="5" failures="0" errors="0" skipped="0" time="0.018" timestamp="2023-12-13T03:39:10">
    <properties />
    <testcase name="MessageInBodyWithSeverityTest (information)" classname="Philips.PIC.WebBridge.Test.LogsControllerTest" time="0.003" status="1" />
    <testcase name="MessageInBodyWithSeverityTest (warning)" classname="Philips.PIC.WebBridge.Test.LogsControllerTest" time="0.003" status="1" />
    <testcase name="MessageInBodyWithSeverityTest (error)" classname="Philips.PIC.WebBridge.Test.LogsControllerTest" time="0.002" status="1" />
    <testcase name="MessageInBodyWithSeverityTest (trace)" classname="Philips.PIC.WebBridge.Test.LogsControllerTest" time="0.001" status="1" />
    <testcase name="NoMessageInBodyTest" classname="Philips.PIC.WebBridge.Test.LogsControllerTest" time="0.009" status="1" />
    <system-out />
    <system-err />
  </testsuite>
  <testsuite name="Philips.PMP.Test.Auto.MdilHelperTest" hostname="RESTORMEL" package="not available" id="1055" tests="19" failures="0" errors="0" skipped="0" time="0.068" timestamp="2023-12-13T03:29:50">
    <properties />
    <testcase name="MdilHelperInitializeIdDateTimeNow" classname="Philips.PMP.Test.Auto.MdilHelperTest" time="0.046" status="1" />
    <testcase name="MdilHelperCanCreateInternalPatientIds (2018-01-01T08:15:05.0000000-05:00,True)" classname="Philips.PMP.Test.Auto.MdilHelperTest" time="0.002" status="1" />
    <testcase name="MdilHelperCanCreateInternalPatientIds (2019-01-01T08:58:59.0000000-05:00,True)" classname="Philips.PMP.Test.Auto.MdilHelperTest" time="0.001" status="1" />
    <testcase name="MdilHelperCanCreateInternalPatientIds (2019-12-31T12:01:00.0000000-05:00,True)" classname="Philips.PMP.Test.Auto.MdilHelperTest" time="0.001" status="1" />
    <testcase name="MdilHelperCanCreateInternalPatientIds (2028-12-31T23:49:45.0000000-05:00,True)" classname="Philips.PMP.Test.Auto.MdilHelperTest" time="0.001" status="1" />
    <testcase name="MdilHelperCanCreateInternalPatientIds (2099-12-31T23:59:58.0000000-05:00,True)" classname="Philips.PMP.Test.Auto.MdilHelperTest" time="0.001" status="1" />
    <testcase name="MdilHelperCanCreateInternalPatientIds (2038-12-31T12:00:30.0000000-05:00,True)" classname="Philips.PMP.Test.Auto.MdilHelperTest" time="0.001" status="1" />
    <testcase name="MdilHelperCanCreateInternalPatientIds (2018-01-01T08:15:05.0000000-05:00,False)" classname="Philips.PMP.Test.Auto.MdilHelperTest" time="0.005" status="1" />
    <testcase name="MdilHelperCanCreateInternalPatientIds (2019-01-01T08:58:59.0000000-05:00,False)" classname="Philips.PMP.Test.Auto.MdilHelperTest" time="0.001" status="1" />
    <testcase name="MdilHelperCanCreateInternalPatientIds (2019-12-31T12:01:00.0000000-05:00,False)" classname="Philips.PMP.Test.Auto.MdilHelperTest" time="0.001" status="1" />
    <testcase name="MdilHelperCanCreateInternalPatientIds (2028-12-31T23:49:45.0000000-05:00,False)" classname="Philips.PMP.Test.Auto.MdilHelperTest" time="0.001" status="1" />
    <testcase name="MdilHelperCanCreateInternalPatientIds (2099-12-31T23:59:58.0000000-05:00,False)" classname="Philips.PMP.Test.Auto.MdilHelperTest" time="0.001" status="1" />
    <testcase name="MdilHelperCanCreateInternalPatientIds (2038-12-31T12:00:30.0000000-05:00,False)" classname="Philips.PMP.Test.Auto.MdilHelperTest" time="0.001" status="1" />
    <testcase name="MdilHelperSeedWithSpecificDateTimes (2018-01-01T08:15:05.0000000-05:00)" classname="Philips.PMP.Test.Auto.MdilHelperTest" time="0.001" status="1" />
    <testcase name="MdilHelperSeedWithSpecificDateTimes (2019-01-01T08:58:59.0000000-05:00)" classname="Philips.PMP.Test.Auto.MdilHelperTest" time="0.001" status="1" />
    <testcase name="MdilHelperSeedWithSpecificDateTimes (2019-12-31T12:01:00.0000000-05:00)" classname="Philips.PMP.Test.Auto.MdilHelperTest" time="0.001" status="1" />
    <testcase name="MdilHelperSeedWithSpecificDateTimes (2028-12-31T23:49:45.0000000-05:00)" classname="Philips.PMP.Test.Auto.MdilHelperTest" time="0.001" status="1" />
    <testcase name="MdilHelperSeedWithSpecificDateTimes (2099-12-31T23:59:58.0000000-05:00)" classname="Philips.PMP.Test.Auto.MdilHelperTest" time="0.001" status="1" />
    <testcase name="MdilHelperSeedWithSpecificDateTimes (2038-12-31T12:00:30.0000000-05:00)" classname="Philips.PMP.Test.Auto.MdilHelperTest" time="0.001" status="1" />
    <system-out />
    <system-err />
  </testsuite>
  <testsuite name="Philips.PMP.Test.Auto.TopologyProviderCacheTest" hostname="RESTORMEL" package="not available" id="1056" tests="1" failures="0" errors="0" skipped="0" time="0.530" timestamp="2023-12-13T03:29:59">
    <properties />
    <testcase name="TopologyProviderCacheMaintainsListOfAllBeds" classname="Philips.PMP.Test.Auto.TopologyProviderCacheTest" time="0.530" status="1" />
    <system-out />
    <system-err />
  </testsuite>
  <testsuite name="Philips.PIC.WebBridge.Test.ResourcesControllerTest" hostname="RESTORMEL" package="not available" id="1057" tests="2" failures="0" errors="0" skipped="0" time="0.041" timestamp="2023-12-13T03:39:10">
    <properties />
    <testcase name="ResourcesControllerGetLoginViewResourceTest" classname="Philips.PIC.WebBridge.Test.ResourcesControllerTest" time="0.034" status="1" />
    <testcase name="ResourcesControllerGetResourceTest" classname="Philips.PIC.WebBridge.Test.ResourcesControllerTest" time="0.007" status="1" />
    <system-out />
    <system-err />
  </testsuite>
  <testsuite name="Philips.PMP.Test.Auto.EventNotificationPatientLookUpTest" hostname="RESTORMEL" package="not available" id="1058" tests="15" failures="0" errors="0" skipped="0" time="0.055" timestamp="2023-12-13T03:33:47">
    <properties />
    <testcase name="TryFindPatientByLifetimeIdShouldReturnTrueIfPatientFound (True,False)" classname="Philips.PMP.Test.Auto.EventNotificationPatientLookUpTest" time="0.004" status="1" />
    <testcase name="TryFindPatientByLifetimeIdShouldReturnTrueIfPatientFound (False,True)" classname="Philips.PMP.Test.Auto.EventNotificationPatientLookUpTest" time="0.002" status="1" />
    <testcase name="TryFindPatientByLifetimeIdShouldReturnTrueIfPatientFound (False,False)" classname="Philips.PMP.Test.Auto.EventNotificationPatientLookUpTest" time="0.001" status="1" />
    <testcase name="TryFindPatientByBedShouldRetryOnException (True)" classname="Philips.PMP.Test.Auto.EventNotificationPatientLookUpTest" time="0.002" status="1" />
    <testcase name="TryFindPatientByBedShouldRetryOnException (False)" classname="Philips.PMP.Test.Auto.EventNotificationPatientLookUpTest" time="0.001" status="1" />
    <testcase name="TryFindPatientByBedShouldReturnTrueIfPatientFound (True,False)" classname="Philips.PMP.Test.Auto.EventNotificationPatientLookUpTest" time="0.003" status="1" />
    <testcase name="TryFindPatientByBedShouldReturnTrueIfPatientFound (False,True)" classname="Philips.PMP.Test.Auto.EventNotificationPatientLookUpTest" time="0.003" status="1" />
    <testcase name="TryFindPatientByBedShouldReturnTrueIfPatientFound (False,False)" classname="Philips.PMP.Test.Auto.EventNotificationPatientLookUpTest" time="0.000" status="1" />
    <testcase name="IsPatientValid (111,v1,True)" classname="Philips.PMP.Test.Auto.EventNotificationPatientLookUpTest" time="0.008" status="1" />
    <testcase name="IsPatientValid (222,v2,True)" classname="Philips.PMP.Test.Auto.EventNotificationPatientLookUpTest" time="0.005" status="1" />
    <testcase name="IsPatientValid (,v2,False)" classname="Philips.PMP.Test.Auto.EventNotificationPatientLookUpTest" time="0.005" status="1" />
    <testcase name="IsPatientValid (,v8,True)" classname="Philips.PMP.Test.Auto.EventNotificationPatientLookUpTest" time="0.005" status="1" />
    <testcase name="IsPatientValid (,v7,True)" classname="Philips.PMP.Test.Auto.EventNotificationPatientLookUpTest" time="0.005" status="1" />
    <testcase name="IsPatientValid (555,,True)" classname="Philips.PMP.Test.Auto.EventNotificationPatientLookUpTest" time="0.007" status="1" />
    <testcase name="TryFindPatientByLifetimeIdShouldReturnNonMonitoredPatientIfSectorIsCleared" classname="Philips.PMP.Test.Auto.EventNotificationPatientLookUpTest" time="0.005" status="1" />
    <system-out />
    <system-err />
  </testsuite>
  <testsuite name="Philips.CareEvent.Test.EventWorkflowPartitionProviderTests" hostname="RESTORMEL" package="not available" id="1059" tests="4" failures="0" errors="0" skipped="0" time="2.131" timestamp="2023-12-13T03:28:14">
    <properties />
    <testcase name="ManipulatePartitions" classname="Philips.CareEvent.Test.EventWorkflowPartitionProviderTests" time="1.005" status="1" />
    <testcase name="InformationTest" classname="Philips.CareEvent.Test.EventWorkflowPartitionProviderTests" time="0.318" status="1" />
    <testcase name="ResetViews" classname="Philips.CareEvent.Test.EventWorkflowPartitionProviderTests" time="0.581" status="1" />
    <testcase name="PurgeTables" classname="Philips.CareEvent.Test.EventWorkflowPartitionProviderTests" time="0.227" status="1" />
    <system-out />
    <system-err />
  </testsuite>
  <testsuite name="Philips.CareEvent.Test.DemoEventNotificationQualifierTest" hostname="RESTORMEL" package="not available" id="1060" tests="4" failures="0" errors="0" skipped="0" time="0.048" timestamp="2023-12-13T03:28:16">
    <properties />
    <testcase name="DemoEventNotificationQualifierCorrect (True)" classname="Philips.CareEvent.Test.DemoEventNotificationQualifierTest" time="0.002" status="1" />
    <testcase name="DemoEventNotificationQualifierCorrect (False)" classname="Philips.CareEvent.Test.DemoEventNotificationQualifierTest" time="0.014" status="1" />
    <testcase name="DemoEventNotificationQualifierVerify (True)" classname="Philips.CareEvent.Test.DemoEventNotificationQualifierTest" time="0.008" status="1" />
    <testcase name="DemoEventNotificationQualifierVerify (False)" classname="Philips.CareEvent.Test.DemoEventNotificationQualifierTest" time="0.025" status="1" />
    <system-out />
    <system-err />
  </testsuite>
  <testsuite name="Philips.PIC.DevTools.Test.UpdateCatalogToolTest" hostname="RESTORMEL" package="not available" id="1061" tests="24" failures="0" errors="0" skipped="0" time="1.101" timestamp="2023-12-13T03:28:57">
    <properties />
    <testcase name="SupportedNlsLanguageCodesAreMapped (ENG,True)" classname="Philips.PIC.DevTools.Test.UpdateCatalogToolTest" time="0.010" status="1" />
    <testcase name="SupportedNlsLanguageCodesAreMapped (TS1,True)" classname="Philips.PIC.DevTools.Test.UpdateCatalogToolTest" time="0.001" status="1" />
    <testcase name="SupportedNlsLanguageCodesAreMapped (ENK,False)" classname="Philips.PIC.DevTools.Test.UpdateCatalogToolTest" time="0.000" status="1" />
    <testcase name="SupportedNlsLanguageCodesAreMapped (CZE,True)" classname="Philips.PIC.DevTools.Test.UpdateCatalogToolTest" time="0.000" status="1" />
    <testcase name="SupportedNlsLanguageCodesAreMapped (DAN,True)" classname="Philips.PIC.DevTools.Test.UpdateCatalogToolTest" time="0.000" status="1" />
    <testcase name="SupportedNlsLanguageCodesAreMapped (DCH,True)" classname="Philips.PIC.DevTools.Test.UpdateCatalogToolTest" time="0.000" status="1" />
    <testcase name="SupportedNlsLanguageCodesAreMapped (FIN,True)" classname="Philips.PIC.DevTools.Test.UpdateCatalogToolTest" time="0.000" status="1" />
    <testcase name="SupportedNlsLanguageCodesAreMapped (FRC,True)" classname="Philips.PIC.DevTools.Test.UpdateCatalogToolTest" time="0.000" status="1" />
    <testcase name="SupportedNlsLanguageCodesAreMapped (GER,True)" classname="Philips.PIC.DevTools.Test.UpdateCatalogToolTest" time="0.001" status="1" />
    <testcase name="SupportedNlsLanguageCodesAreMapped (GRK,True)" classname="Philips.PIC.DevTools.Test.UpdateCatalogToolTest" time="0.000" status="1" />
    <testcase name="SupportedNlsLanguageCodesAreMapped (HUN,True)" classname="Philips.PIC.DevTools.Test.UpdateCatalogToolTest" time="0.000" status="1" />
    <testcase name="SupportedNlsLanguageCodesAreMapped (ITA,True)" classname="Philips.PIC.DevTools.Test.UpdateCatalogToolTest" time="0.000" status="1" />
    <testcase name="SupportedNlsLanguageCodesAreMapped (JAP,True)" classname="Philips.PIC.DevTools.Test.UpdateCatalogToolTest" time="0.000" status="1" />
    <testcase name="SupportedNlsLanguageCodesAreMapped (NOR,True)" classname="Philips.PIC.DevTools.Test.UpdateCatalogToolTest" time="0.000" status="1" />
    <testcase name="SupportedNlsLanguageCodesAreMapped (POL,True)" classname="Philips.PIC.DevTools.Test.UpdateCatalogToolTest" time="0.011" status="1" />
    <testcase name="SupportedNlsLanguageCodesAreMapped (POR,True)" classname="Philips.PIC.DevTools.Test.UpdateCatalogToolTest" time="0.001" status="1" />
    <testcase name="SupportedNlsLanguageCodesAreMapped (PRC,True)" classname="Philips.PIC.DevTools.Test.UpdateCatalogToolTest" time="0.000" status="1" />
    <testcase name="SupportedNlsLanguageCodesAreMapped (ROC,True)" classname="Philips.PIC.DevTools.Test.UpdateCatalogToolTest" time="0.000" status="1" />
    <testcase name="SupportedNlsLanguageCodesAreMapped (RUM,True)" classname="Philips.PIC.DevTools.Test.UpdateCatalogToolTest" time="0.000" status="1" />
    <testcase name="SupportedNlsLanguageCodesAreMapped (RUS,True)" classname="Philips.PIC.DevTools.Test.UpdateCatalogToolTest" time="0.000" status="1" />
    <testcase name="SupportedNlsLanguageCodesAreMapped (SPA,True)" classname="Philips.PIC.DevTools.Test.UpdateCatalogToolTest" time="0.002" status="1" />
    <testcase name="SupportedNlsLanguageCodesAreMapped (SWE,True)" classname="Philips.PIC.DevTools.Test.UpdateCatalogToolTest" time="0.000" status="1" />
    <testcase name="SupportedNlsLanguageCodesAreMapped (TRK,True)" classname="Philips.PIC.DevTools.Test.UpdateCatalogToolTest" time="0.000" status="1" />
    <testcase name="CatalogUpdateStartPageValidatesInputs" classname="Philips.PIC.DevTools.Test.UpdateCatalogToolTest" time="1.071" status="1" />
    <system-out />
    <system-err />
  </testsuite>
  <testsuite name="Philips.PMP.Test.Auto.DbSyncConflictControlGeneratorTest" hostname="RESTORMEL" package="not available" id="1062" tests="4" failures="0" errors="0" skipped="0" time="0.166" timestamp="2023-12-13T03:29:48">
    <properties />
    <testcase name="DbSyncConflictControlGeneratorGetPatientConflictControlInfo (True,DuplicateBed)" classname="Philips.PMP.Test.Auto.DbSyncConflictControlGeneratorTest" time="0.095" status="1" />
    <testcase name="DbSyncConflictControlGeneratorGetPatientConflictControlInfo (False,DuplicateBed)" classname="Philips.PMP.Test.Auto.DbSyncConflictControlGeneratorTest" time="0.020" status="1" />
    <testcase name="DbSyncConflictControlGeneratorGetPatientConflictControlInfo (True,DuplicatePatient)" classname="Philips.PMP.Test.Auto.DbSyncConflictControlGeneratorTest" time="0.023" status="1" />
    <testcase name="DbSyncConflictControlGeneratorGetPatientConflictControlInfo (False,DuplicatePatient)" classname="Philips.PMP.Test.Auto.DbSyncConflictControlGeneratorTest" time="0.028" status="1" />
    <system-out />
    <system-err />
  </testsuite>
  <testsuite name="Philips.PMP.Test.Auto.SurveillanceConfigProviderTest" hostname="RESTORMEL" package="not available" id="1063" tests="2" failures="0" errors="0" skipped="0" time="0.104" timestamp="2023-12-13T03:33:28">
    <properties />
    <testcase name="PatientSurveillanceSectorSettingTest" classname="Philips.PMP.Test.Auto.SurveillanceConfigProviderTest" time="0.048" status="1" />
    <testcase name="HostSurveillanceConfigSettingTest" classname="Philips.PMP.Test.Auto.SurveillanceConfigProviderTest" time="0.056" status="1" />
    <system-out />
    <system-err />
  </testsuite>
  <testsuite name="Philips.PMP.Test.Auto.PeripheralConfigurationPageTest" hostname="RESTORMEL" package="not available" id="1064" tests="1" failures="0" errors="0" skipped="0" time="0.039" timestamp="2023-12-13T03:37:30">
    <properties />
    <testcase name="WindowsDefaultPrinterForCurrentUserShould" classname="Philips.PMP.Test.Auto.PeripheralConfigurationPageTest" time="0.039" status="1" />
    <system-out />
    <system-err />
  </testsuite>
  <testsuite name="Philips.PMP.Test.Auto.DbExtendedPropertyHelperTest" hostname="RESTORMEL" package="not available" id="1065" tests="47" failures="0" errors="0" skipped="0" time="0.136" timestamp="2023-12-13T03:29:38">
    <properties />
    <testcase name="DbExtendedPropertyGetLocalizeColKeyPair (Primary,_UserManagement.Role_,2)" classname="Philips.PMP.Test.Auto.DbExtendedPropertyHelperTest" time="0.004" status="1" />
    <testcase name="DbExtendedPropertyGetLocalizeColKeyPair (Philips.PIC.Primary.Migration,_UserManagement.Role_,2)" classname="Philips.PMP.Test.Auto.DbExtendedPropertyHelperTest" time="0.001" status="1" />
    <testcase name="DbExtendedPropertyGetLocalizeColKeyPair (Primary,_Adt.TransportLocationSetting_,1)" classname="Philips.PMP.Test.Auto.DbExtendedPropertyHelperTest" time="0.001" status="1" />
    <testcase name="DbExtendedPropertyGetLocalizeColKeyPair (Physio,dummyTable,0)" classname="Philips.PMP.Test.Auto.DbExtendedPropertyHelperTest" time="0.002" status="1" />
    <testcase name="DbExtendedPropertyGetLocalizeColKeyPair (Audit,dummyTable,0)" classname="Philips.PMP.Test.Auto.DbExtendedPropertyHelperTest" time="0.021" status="1" />
    <testcase name="DbExtendedPropertyGetLocalizeColKeyPair (Philips.PIC.Audit.Migration,_Control.WorkflowGroupToActionsMap_,1)" classname="Philips.PMP.Test.Auto.DbExtendedPropertyHelperTest" time="0.018" status="1" />
    <testcase name="DbExtendedPropertyGetLocalizeColKeyPair (Diagnostic,dummyTable,0)" classname="Philips.PMP.Test.Auto.DbExtendedPropertyHelperTest" time="0.013" status="1" />
    <testcase name="DbExtendedPropertyGetLocalizeColKeyPair (EventWorkflow,dummyTable,0)" classname="Philips.PMP.Test.Auto.DbExtendedPropertyHelperTest" time="0.001" status="1" />
    <testcase name="DbExtendedPropertyGetLocalizeColKeyPair (Philips.PIC.EventWorkflow.Migration,dbo.DisplaySeverity,1)" classname="Philips.PMP.Test.Auto.DbExtendedPropertyHelperTest" time="0.000" status="1" />
    <testcase name="DbExtendedPropertyGetLocalizeColKeyPair (PatientDataExport,dummyTable,0)" classname="Philips.PMP.Test.Auto.DbExtendedPropertyHelperTest" time="0.015" status="1" />
    <testcase name="DbExtendedPropertyGetLocalizeColKeyPair (Philips.PIC.Ringtone.Migration,_EventMgmt.Ringtone_,1)" classname="Philips.PMP.Test.Auto.DbExtendedPropertyHelperTest" time="0.001" status="1" />
    <testcase name="DbExtendedPropertyGetChangeTrackingTables (Primary,True)" classname="Philips.PMP.Test.Auto.DbExtendedPropertyHelperTest" time="0.002" status="1" />
    <testcase name="DbExtendedPropertyGetChangeTrackingTables (Physio,False)" classname="Philips.PMP.Test.Auto.DbExtendedPropertyHelperTest" time="0.001" status="1" />
    <testcase name="DbExtendedPropertyGetChangeTrackingTables (Audit,False)" classname="Philips.PMP.Test.Auto.DbExtendedPropertyHelperTest" time="0.002" status="1" />
    <testcase name="DbExtendedPropertyGetChangeTrackingTables (Diagnostic,False)" classname="Philips.PMP.Test.Auto.DbExtendedPropertyHelperTest" time="0.003" status="1" />
    <testcase name="DbExtendedPropertyGetChangeTrackingTables (EventWorkflow,False)" classname="Philips.PMP.Test.Auto.DbExtendedPropertyHelperTest" time="0.001" status="1" />
    <testcase name="DbExtendedPropertyGetChangeTrackingTables (PatientDataExport,False)" classname="Philips.PMP.Test.Auto.DbExtendedPropertyHelperTest" time="0.001" status="1" />
    <testcase name="DbExtendedPropertyIsStaticTable (Primary,_Control.Control_,True)" classname="Philips.PMP.Test.Auto.DbExtendedPropertyHelperTest" time="0.002" status="1" />
    <testcase name="DbExtendedPropertyIsStaticTable (Primary,dummyTable,False)" classname="Philips.PMP.Test.Auto.DbExtendedPropertyHelperTest" time="0.003" status="1" />
    <testcase name="DbExtendedPropertyIsStaticTable (Physio,dummyTable,False)" classname="Philips.PMP.Test.Auto.DbExtendedPropertyHelperTest" time="0.001" status="1" />
    <testcase name="DbExtendedPropertyIsStaticTable (Audit,dummyTable,False)" classname="Philips.PMP.Test.Auto.DbExtendedPropertyHelperTest" time="0.001" status="1" />
    <testcase name="DbExtendedPropertyIsStaticTable (Diagnostic,dummyTable,False)" classname="Philips.PMP.Test.Auto.DbExtendedPropertyHelperTest" time="0.000" status="1" />
    <testcase name="DbExtendedPropertyIsStaticTable (EventWorkflow,dummyTable,False)" classname="Philips.PMP.Test.Auto.DbExtendedPropertyHelperTest" time="0.001" status="1" />
    <testcase name="DbExtendedPropertyIsStaticTable (PatientDataExport,dummyTable,False)" classname="Philips.PMP.Test.Auto.DbExtendedPropertyHelperTest" time="0.001" status="1" />
    <testcase name="DbExtendedPropertyIsArchivableTable (Primary,dummyTable,True)" classname="Philips.PMP.Test.Auto.DbExtendedPropertyHelperTest" time="0.001" status="1" />
    <testcase name="DbExtendedPropertyIsArchivableTable (Physio,dummyTable,True)" classname="Philips.PMP.Test.Auto.DbExtendedPropertyHelperTest" time="0.001" status="1" />
    <testcase name="DbExtendedPropertyIsArchivableTable (Audit,dummyTable,True)" classname="Philips.PMP.Test.Auto.DbExtendedPropertyHelperTest" time="0.001" status="1" />
    <testcase name="DbExtendedPropertyIsArchivableTable (Audit,_Control.Data_,False)" classname="Philips.PMP.Test.Auto.DbExtendedPropertyHelperTest" time="0.001" status="1" />
    <testcase name="DbExtendedPropertyIsArchivableTable (Diagnostic,dummyTable,True)" classname="Philips.PMP.Test.Auto.DbExtendedPropertyHelperTest" time="0.000" status="1" />
    <testcase name="DbExtendedPropertyIsArchivableTable (EventWorkflow,dummyTable,True)" classname="Philips.PMP.Test.Auto.DbExtendedPropertyHelperTest" time="0.000" status="1" />
    <testcase name="DbExtendedPropertyIsArchivableTable (PatientDataExport,dummyTable,True)" classname="Philips.PMP.Test.Auto.DbExtendedPropertyHelperTest" time="0.001" status="1" />
    <testcase name="DbExtendedPropertyHasPatientDataColumn (Primary,_Patient.MonitoringAssignment_,True,PatientId)" classname="Philips.PMP.Test.Auto.DbExtendedPropertyHelperTest" time="0.010" status="1" />
    <testcase name="DbExtendedPropertyHasPatientDataColumn (Primary,dummyTable,False,)" classname="Philips.PMP.Test.Auto.DbExtendedPropertyHelperTest" time="0.002" status="1" />
    <testcase name="DbExtendedPropertyHasPatientDataColumn (Physio,dummyTable,False,)" classname="Philips.PMP.Test.Auto.DbExtendedPropertyHelperTest" time="0.003" status="1" />
    <testcase name="DbExtendedPropertyHasPatientDataColumn (Audit,dummyTable,False,)" classname="Philips.PMP.Test.Auto.DbExtendedPropertyHelperTest" time="0.000" status="1" />
    <testcase name="DbExtendedPropertyHasPatientDataColumn (Diagnostic,dummyTable,False,)" classname="Philips.PMP.Test.Auto.DbExtendedPropertyHelperTest" time="0.000" status="1" />
    <testcase name="DbExtendedPropertyHasPatientDataColumn (EventWorkflow,dummyTable,False,)" classname="Philips.PMP.Test.Auto.DbExtendedPropertyHelperTest" time="0.010" status="1" />
    <testcase name="DbExtendedPropertyHasPatientDataColumn (PatientDataExport,dummyTable,False,)" classname="Philips.PMP.Test.Auto.DbExtendedPropertyHelperTest" time="0.001" status="1" />
    <testcase name="DbExtendedPropertyIsPatientData (Primary,_Patient.Patient_,True)" classname="Philips.PMP.Test.Auto.DbExtendedPropertyHelperTest" time="0.006" status="1" />
    <testcase name="DbExtendedPropertyIsPatientData (Primary,dummyTable,False)" classname="Philips.PMP.Test.Auto.DbExtendedPropertyHelperTest" time="0.002" status="1" />
    <testcase name="DbExtendedPropertyIsPatientData (Physio,dummyTable,False)" classname="Philips.PMP.Test.Auto.DbExtendedPropertyHelperTest" time="0.000" status="1" />
    <testcase name="DbExtendedPropertyIsPatientData (Audit,dummyTable,False)" classname="Philips.PMP.Test.Auto.DbExtendedPropertyHelperTest" time="0.000" status="1" />
    <testcase name="DbExtendedPropertyIsPatientData (Diagnostic,dummyTable,False)" classname="Philips.PMP.Test.Auto.DbExtendedPropertyHelperTest" time="0.000" status="1" />
    <testcase name="DbExtendedPropertyIsPatientData (EventWorkflow,dummyTable,False)" classname="Philips.PMP.Test.Auto.DbExtendedPropertyHelperTest" time="0.000" status="1" />
    <testcase name="DbExtendedPropertyIsPatientData (PatientDataExport,dummyTable,False)" classname="Philips.PMP.Test.Auto.DbExtendedPropertyHelperTest" time="0.000" status="1" />
    <testcase name="DbExtendedPropertyGetObsoleteColumnsTest (Primary,_Topology.Device_,3)" classname="Philips.PMP.Test.Auto.DbExtendedPropertyHelperTest" time="0.001" status="1" />
    <testcase name="DbExtendedPropertyGetObsoleteColumnsTest (Primary,_Adt.TransportLocationSetting_,0)" classname="Philips.PMP.Test.Auto.DbExtendedPropertyHelperTest" time="0.000" status="1" />
    <system-out />
    <system-err />
  </testsuite>
  <testsuite name="Philips.PMP.Test.Auto.FindPatientPatientIdBuilderTest" hostname="RESTORMEL" package="not available" id="1066" tests="8" failures="0" errors="0" skipped="0" time="0.049" timestamp="2023-12-13T03:29:48">
    <properties />
    <testcase name="FindPatientPatientIdBuilderGetPatientId (True,True,True)" classname="Philips.PMP.Test.Auto.FindPatientPatientIdBuilderTest" time="0.043" status="1" />
    <testcase name="FindPatientPatientIdBuilderGetPatientId (True,True,False)" classname="Philips.PMP.Test.Auto.FindPatientPatientIdBuilderTest" time="0.001" status="1" />
    <testcase name="FindPatientPatientIdBuilderGetPatientId (True,False,True)" classname="Philips.PMP.Test.Auto.FindPatientPatientIdBuilderTest" time="0.001" status="1" />
    <testcase name="FindPatientPatientIdBuilderGetPatientId (True,False,False)" classname="Philips.PMP.Test.Auto.FindPatientPatientIdBuilderTest" time="0.001" status="1" />
    <testcase name="FindPatientPatientIdBuilderGetPatientId (False,True,True)" classname="Philips.PMP.Test.Auto.FindPatientPatientIdBuilderTest" time="0.001" status="1" />
    <testcase name="FindPatientPatientIdBuilderGetPatientId (False,True,False)" classname="Philips.PMP.Test.Auto.FindPatientPatientIdBuilderTest" time="0.001" status="1" />
    <testcase name="FindPatientPatientIdBuilderGetPatientId (False,False,True)" classname="Philips.PMP.Test.Auto.FindPatientPatientIdBuilderTest" time="0.001" status="1" />
    <testcase name="FindPatientPatientIdBuilderGetPatientId (False,False,False)" classname="Philips.PMP.Test.Auto.FindPatientPatientIdBuilderTest" time="0.001" status="1" />
    <system-out />
    <system-err />
  </testsuite>
  <testsuite name="Philips.PMP.Test.Auto.SurveillancePermissionsHelperTest" hostname="RESTORMEL" package="not available" id="1067" tests="1" failures="0" errors="0" skipped="0" time="0.001" timestamp="2023-12-13T03:30:32">
    <properties />
    <testcase name="SurveillancePermissionsHelperConvertActionNamesToPermissions" classname="Philips.PMP.Test.Auto.SurveillancePermissionsHelperTest" time="0.001" status="1" />
    <system-out />
    <system-err />
  </testsuite>
  <testsuite name="Philips.PMP.Test.Auto.Hl7DiagnosticsMgrTest" hostname="RESTORMEL" package="not available" id="1068" tests="3" failures="0" errors="0" skipped="0" time="0.021" timestamp="2023-12-13T03:36:38">
    <properties />
    <testcase name="Hl7DiagnosticsMgrReportsActiveConnections" classname="Philips.PMP.Test.Auto.Hl7DiagnosticsMgrTest" time="0.004" status="1" />
    <testcase name="Hl7DiagnosticsMgrReceivesServiceCalls" classname="Philips.PMP.Test.Auto.Hl7DiagnosticsMgrTest" time="0.014" status="1" />
    <testcase name="Hl7DiagnosticsMgrReportsActiveConnectionsIfSet" classname="Philips.PMP.Test.Auto.Hl7DiagnosticsMgrTest" time="0.003" status="1" />
    <system-out />
    <system-err />
  </testsuite>
  <testsuite name="Philips.CareEvent.Test.EventReportConfigurationTests" hostname="RESTORMEL" package="not available" id="1069" tests="3" failures="0" errors="0" skipped="0" time="0.129" timestamp="2023-12-13T03:28:26">
    <properties />
    <testcase name="StorageLengthWarningTest (2,No,1)" classname="Philips.CareEvent.Test.EventReportConfigurationTests" time="0.087" status="1" />
    <testcase name="StorageLengthWarningTest (4,Yes,1)" classname="Philips.CareEvent.Test.EventReportConfigurationTests" time="0.023" status="1" />
    <testcase name="StorageLengthWarningTest (4,No,0)" classname="Philips.CareEvent.Test.EventReportConfigurationTests" time="0.019" status="1" />
    <system-out />
    <system-err />
  </testsuite>
  <testsuite name="Philips.PMP.Test.Auto.PatientDemographicsUpdaterTest" hostname="RESTORMEL" package="not available" id="1070" tests="23" failures="0" errors="0" skipped="0" time="0.014" timestamp="2023-12-13T03:34:51">
    <properties />
    <testcase name="PatientDemographicsUpdaterUpdateGetText (a,b,a,b,False,True,True)" classname="Philips.PMP.Test.Auto.PatientDemographicsUpdaterTest" time="0.001" status="1" />
    <testcase name="PatientDemographicsUpdaterUpdateGetText (a,b,c,c,False,True,False)" classname="Philips.PMP.Test.Auto.PatientDemographicsUpdaterTest" time="0.000" status="1" />
    <testcase name="PatientDemographicsUpdaterUpdateGetText (a,b,c,c,True,True,False)" classname="Philips.PMP.Test.Auto.PatientDemographicsUpdaterTest" time="0.000" status="1" />
    <testcase name="PatientDemographicsUpdaterUpdateGetText (a,a,a,a,False,True,False)" classname="Philips.PMP.Test.Auto.PatientDemographicsUpdaterTest" time="0.001" status="1" />
    <testcase name="PatientDemographicsUpdaterUpdateGetText (a,a,a,a,True,False,False)" classname="Philips.PMP.Test.Auto.PatientDemographicsUpdaterTest" time="0.000" status="1" />
    <testcase name="PatientDemographicsUpdaterUpdateGetText (a,a,c,c,True,False,False)" classname="Philips.PMP.Test.Auto.PatientDemographicsUpdaterTest" time="0.000" status="1" />
    <testcase name="PatientDemographicsUpdaterUpdateGetText (a,a,a,a,False,False,False)" classname="Philips.PMP.Test.Auto.PatientDemographicsUpdaterTest" time="0.000" status="1" />
    <testcase name="PatientDemographicsUpdaterUpdateGetText (a,a,c,c,False,False,False)" classname="Philips.PMP.Test.Auto.PatientDemographicsUpdaterTest" time="0.000" status="1" />
    <testcase name="PatientDemographicsUpdaterUpdate (StringA,StringB,StringA,True,False,False,True,StringA,StringB,False,True)" classname="Philips.PMP.Test.Auto.PatientDemographicsUpdaterTest" time="0.003" status="1" />
    <testcase name="PatientDemographicsUpdaterUpdate (StringA,StringB,StringC,True,False,False,True,StringC,StringC,False,False)" classname="Philips.PMP.Test.Auto.PatientDemographicsUpdaterTest" time="0.001" status="1" />
    <testcase name="PatientDemographicsUpdaterUpdate (StringA,StringB,StringC,False,True,True,False,StringC,StringC,False,False)" classname="Philips.PMP.Test.Auto.PatientDemographicsUpdaterTest" time="0.001" status="1" />
    <testcase name="PatientDemographicsUpdaterUpdate (StringA,StringB,StringC,False,True,False,False,StringC,StringC,False,False)" classname="Philips.PMP.Test.Auto.PatientDemographicsUpdaterTest" time="0.001" status="1" />
    <testcase name="PatientDemographicsUpdaterUpdate (StringA,StringB,StringC,True,True,False,False,StringC,StringC,False,False)" classname="Philips.PMP.Test.Auto.PatientDemographicsUpdaterTest" time="0.001" status="1" />
    <testcase name="PatientDemographicsUpdaterUpdate (StringA,StringA,StringA,True,True,False,False,StringA,StringA,False,False)" classname="Philips.PMP.Test.Auto.PatientDemographicsUpdaterTest" time="0.001" status="1" />
    <testcase name="PatientDemographicsUpdaterUpdate (StringA,StringA,StringA,False,True,False,False,StringA,StringA,False,False)" classname="Philips.PMP.Test.Auto.PatientDemographicsUpdaterTest" time="0.000" status="1" />
    <testcase name="PatientDemographicsUpdaterUpdate (StringA,StringB,StringA,True,True,False,False,StringA,StringA,False,False)" classname="Philips.PMP.Test.Auto.PatientDemographicsUpdaterTest" time="0.000" status="1" />
    <testcase name="PatientDemographicsUpdaterUpdate (StringA,StringB,StringA,False,True,False,False,StringA,StringA,False,False)" classname="Philips.PMP.Test.Auto.PatientDemographicsUpdaterTest" time="0.000" status="1" />
    <testcase name="PatientDemographicsUpdaterUpdate (StringA,StringB,StringC,False,False,False,False,StringC,StringC,False,False)" classname="Philips.PMP.Test.Auto.PatientDemographicsUpdaterTest" time="0.000" status="1" />
    <testcase name="PatientDemographicsUpdaterUpdate (StringA,StringB,StringC,True,False,False,False,StringC,StringC,False,False)" classname="Philips.PMP.Test.Auto.PatientDemographicsUpdaterTest" time="0.000" status="1" />
    <testcase name="PatientDemographicsUpdaterUpdate (StringA,StringA,StringA,True,False,False,False,StringA,StringA,False,False)" classname="Philips.PMP.Test.Auto.PatientDemographicsUpdaterTest" time="0.000" status="1" />
    <testcase name="PatientDemographicsUpdaterUpdate (StringA,StringA,StringA,False,False,False,False,StringA,StringA,False,False)" classname="Philips.PMP.Test.Auto.PatientDemographicsUpdaterTest" time="0.000" status="1" />
    <testcase name="PatientDemographicsUpdaterUpdate (StringA,StringB,StringA,True,False,False,False,StringB,StringB,True,True)" classname="Philips.PMP.Test.Auto.PatientDemographicsUpdaterTest" time="0.000" status="1" />
    <testcase name="PatientDemographicsUpdaterUpdate (StringA,StringB,StringA,False,False,False,False,StringA,StringA,False,False)" classname="Philips.PMP.Test.Auto.PatientDemographicsUpdaterTest" time="0.000" status="1" />
    <system-out />
    <system-err />
  </testsuite>
  <testsuite name="Philips.PMP.Test.Auto.CommonComConverterTest" hostname="RESTORMEL" package="not available" id="1071" tests="3" failures="0" errors="0" skipped="0" time="0.089" timestamp="2023-12-13T03:29:52">
    <properties />
    <testcase name="ComConverterConvertEquipmentMgmt" classname="Philips.PMP.Test.Auto.CommonComConverterTest" time="0.017" status="1" />
    <testcase name="ComConverterDeviceControlActionControl" classname="Philips.PMP.Test.Auto.CommonComConverterTest" time="0.057" status="1" />
    <testcase name="ComConverterConvertEquipmentAction" classname="Philips.PMP.Test.Auto.CommonComConverterTest" time="0.015" status="1" />
    <system-out />
    <system-err />
  </testsuite>
  <testsuite name="Philips.PMP.Test.Auto.ApmProviderTest" hostname="RESTORMEL" package="not available" id="1072" tests="2" failures="0" errors="0" skipped="0" time="0.007" timestamp="2023-12-13T03:31:21">
    <properties />
    <testcase name="GetApmConfigurationItemsTest" classname="Philips.PMP.Test.Auto.ApmProviderTest" time="0.004" status="1" />
    <testcase name="ApmNotificationTestInvalidHostDoesntThrowExceptionOrReturnTrue" classname="Philips.PMP.Test.Auto.ApmProviderTest" time="0.002" status="1" />
    <system-out />
    <system-err />
  </testsuite>
  <testsuite name="Philips.PMP.Test.Auto.AlertFilterServiceDuplexTest" hostname="RESTORMEL" package="not available" id="1073" tests="2" failures="0" errors="0" skipped="0" time="0.158" timestamp="2023-12-13T03:36:16">
    <properties />
    <testcase name="AlertFilterServiceDuplexNotifyClients" classname="Philips.PMP.Test.Auto.AlertFilterServiceDuplexTest" time="0.154" status="1" />
    <testcase name="AlertFilterServiceDuplexGetInterestedSubscriptions" classname="Philips.PMP.Test.Auto.AlertFilterServiceDuplexTest" time="0.004" status="1" />
    <system-out />
    <system-err />
  </testsuite>
  <testsuite name="Philips.PMP.Test.Auto.DevicePropertiesControlTest" hostname="RESTORMEL" package="not available" id="1074" tests="4" failures="0" errors="0" skipped="0" time="0.064" timestamp="2023-12-13T03:38:03">
    <properties />
    <testcase name="InitializeControlTest" classname="Philips.PMP.Test.Auto.DevicePropertiesControlTest" time="0.016" status="1" />
    <testcase name="IBEDevicePropertiesControlInitializeControl" classname="Philips.PMP.Test.Auto.DevicePropertiesControlTest" time="0.014" status="1" />
    <testcase name="GetSelectedZoneTest" classname="Philips.PMP.Test.Auto.DevicePropertiesControlTest" time="0.015" status="1" />
    <testcase name="DevicePropertiesControlInitializeControl" classname="Philips.PMP.Test.Auto.DevicePropertiesControlTest" time="0.019" status="1" />
    <system-out />
    <system-err />
  </testsuite>
  <testsuite name="Philips.PMP.Test.Auto.Hl7TcpServerConnectionValidatorTest" hostname="RESTORMEL" package="not available" id="1075" tests="3" failures="0" errors="0" skipped="0" time="0.004" timestamp="2023-12-13T03:29:55">
    <properties />
    <testcase name="Hl7TcpServerConnectionValidateDeviceConnection (0,16777343,localhost,False)" classname="Philips.PMP.Test.Auto.Hl7TcpServerConnectionValidatorTest" time="0.003" status="1" />
    <testcase name="Hl7TcpServerConnectionValidateDeviceConnection (16777343,16777343,,False)" classname="Philips.PMP.Test.Auto.Hl7TcpServerConnectionValidatorTest" time="0.001" status="1" />
    <testcase name="Hl7TcpServerConnectionValidateDeviceConnection (16777343,16777343,localhost,True)" classname="Philips.PMP.Test.Auto.Hl7TcpServerConnectionValidatorTest" time="0.001" status="1" />
    <system-out />
    <system-err />
  </testsuite>
  <testsuite name="Philips.PMP.Test.Auto.PatientBodyCalculationsHelperTest" hostname="RESTORMEL" package="not available" id="1076" tests="2" failures="0" errors="0" skipped="0" time="0.003" timestamp="2023-12-13T03:30:25">
    <properties />
    <testcase name="PatientBodyCalculationsHelperGetBodySurfaceArea" classname="Philips.PMP.Test.Auto.PatientBodyCalculationsHelperTest" time="0.001" status="1" />
    <testcase name="PatientBodyCalculationsHelperGetBodyMassIndex" classname="Philips.PMP.Test.Auto.PatientBodyCalculationsHelperTest" time="0.001" status="1" />
    <system-out />
    <system-err />
  </testsuite>
  <testsuite name="Philips.PMP.Test.Auto.AnnotationControlTest" hostname="RESTORMEL" package="not available" id="1077" tests="1" failures="0" errors="0" skipped="0" time="0.072" timestamp="2023-12-13T03:30:20">
    <properties />
    <testcase name="AddRelabelItemTest" classname="Philips.PMP.Test.Auto.AnnotationControlTest" time="0.072" status="1" />
    <system-out />
    <system-err />
  </testsuite>
  <testsuite name="Philips.PMP.Test.Auto.IheMetricDataHandlerHelperTest" hostname="RESTORMEL" package="not available" id="1078" tests="2" failures="0" errors="0" skipped="0" time="0.024" timestamp="2023-12-13T03:29:45">
    <properties />
    <testcase name="IheEnumValueTest (BBraunDoselinkPlus,MSH|^~\&amp;|PAT_DEVICE_BBRAUN^0012211839000001^EUI-64|BBRAUN|DOC_AM_TEST|BB1|20220523142113+0000||ORU^R01^ORU_R01|63788912473382465025|P|2.6|||AL|NE||ASCII|en^English^ISO639||IHE_PCD_001^IHE PCD^1.3.6.1.4.1.19376.1.6.4.1^ISO&#xD;&#xA;&#x9;&#x9;PID|||Unknown Patient^Unknown Patient||^^^^^^U||||||||||||||||||||||||||Y&#xD;&#xA;&#x9;&#x9;OBR|1|029d53e1-daa3-11ec-8487-c0ee400d168f^PAT_DEVICE_BBRAUN^0012211839000001^EUI-64|029d53e1-daa3-11ec-8487-c0ee400d168f^PAT_DEVICE_BBRAUN^0012211839000001^EUI-64|Dobutamine^Dobutamine|||20220523142039+0000&#xD;&#xA;&#x9;&#x9;OBX|1||70053^MDC_DEV_PUMP_INFUS_SYRINGE_MDS^MDC|1.0.0.0|||||||X|||||||P2450^^0012210000000000^EUI-64&#xD;&#xA;&#x9;&#x9;OBX|2||70054^MDC_DEV_PUMP_INFUS_SYRINGE_VMD^MDC|1.1.0.0|||||||X&#xD;&#xA;&#x9;&#x9;OBX|8||70067^MDC_DEV_PUMP_DELIVERY_INFO^MDC|1.1.1.0|||||||X&#xD;&#xA;&#x9;&#x9;OBX|9|ST|0^MDC_ATTR_PUMP_PILLAR_DETAILS^MDC|1.1.0.24|0^0||||||F|||||||{uniqueId}&#xD;&#xA;&#x9;&#x9;OBX|9|CWE|184519^MDC_PUMP_INFUSING_STATUS^MDC|1.1.1.1|^pump-status-infusing||||||R&#xD;&#xA;&#x9;&#x9;OBX|10|NM|158014^MDC_FLOW_FLUID_PUMP_CURRENT^MDC|1.1.1.2|18|265266^MDC_DIM_MILLI_L_PER_HR^MDC^mL/h^mL/h^UCUM|||||R&#xD;&#xA;&#x9;&#x9;OBX|11|CWE|158016^MDC_DEV_PUMP_ACTIVE_SOURCES^MDC|1.1.1.3|^pump-source-info-primary||||||R&#xD;&#xA;&#x9;&#x9;OBX|12||70071^MDC_DEV_PUMP_INFUSATE_SOURCE_PRIMARY^MDC|1.1.2.0|||||||X&#xD;&#xA;&#x9;&#x9;OBX|13|ST|158012^MDC_DEV_PUMP_SOURCE_CHANNEL_LABEL^MDC|1.1.2.1|Primary||||||R&#xD;&#xA;&#x9;&#x9;OBX|14|ST|184514^MDC_DRUG_NAME_LABEL^MDC|1.1.2.2|Dobutamine||||||R&#xD;&#xA;&#x9;&#x9;OBX|15|ST|184516^MDC_PUMP_DRUG_LIBRARY_CARE_AREA^MDC|1.1.2.4|Global Surgery||||||R&#xD;&#xA;&#x9;&#x9;OBX|16|NM|157784^MDC_FLOW_FLUID_PUMP^MDC|1.1.2.5|18|265266^MDC_DIM_MILLI_L_PER_HR^MDC^mL/h^mL/h^UCUM|||||R&#xD;&#xA;&#x9;&#x9;OBX|17|NM|157760^MDC_CONC_DRUG^MDC|1.1.2.7|5|264306^MDC_DIM_MILLI_G_PER_ML^MDC^mg/mL^mg/mL^UCUM|||||R&#xD;&#xA;&#x9;&#x9;OBX|18|NM|157884^MDC_VOL_FLUID_TBI^MDC|1.1.2.8|2|263762^MDC_DIM_MILLI_L^MDC^mL^mL^UCUM|||||R&#xD;&#xA;&#x9;&#x9;OBX|19|NM|157872^MDC_VOL_FLUID_TBI_REMAIN^MDC|1.1.2.9|0.9|263762^MDC_DIM_MILLI_L^MDC^mL^mL^UCUM|||||R&#xD;&#xA;&#x9;&#x9;OBX|20|NM|157993^MDC_VOL_FLUID_DELIV_TOTAL^MDC|1.1.2.11|1.1|263762^MDC_DIM_MILLI_L^MDC^mL^mL^UCUM|||||R&#xD;&#xA;&#x9;&#x9;OBX|21|NM|157999^MDC_DOSE_DRUG_TBI^MDC|1.1.2.12|10000|263891^MDC_DIM_MICRO_G^MDC^ug^ug^UCUM|||||R&#xD;&#xA;&#x9;&#x9;OBX|22|NM|158000^MDC_DOSE_DRUG_TBI_REMAIN^MDC|1.1.2.13|4480|263891^MDC_DIM_MICRO_G^MDC^ug^ug^UCUM|||||R&#xD;&#xA;&#x9;&#x9;OBX|23|NM|158001^MDC_DOSE_DRUG_DELIV_TOTAL^MDC|1.1.2.15|5520|263891^MDC_DIM_MICRO_G^MDC^ug^ug^UCUM|||||R&#xD;&#xA;&#x9;&#x9;OBX|24|NM|157996^MDC_TIME_PD_PROG^MDC|1.1.2.16|400|264320^MDC_DIM_X_SEC^MDC^s^s^UCUM|||||R&#xD;&#xA;&#x9;&#x9;OBX|25|NM|157916^MDC_TIME_PD_REMAIN^MDC|1.1.2.17|179|264320^MDC_DIM_X_SEC^MDC^s^s^UCUM|||||R&#xD;&#xA;&#x9;&#x9;OBX|26|NM|68063^MDC_ATTR_PT_WEIGHT^MDC|1.1.2.18|100|263875^MDC_DIM_KILO_G^MDC^kg^kg^UCUM|||||R&#xD;&#xA;&#x9;&#x9;OBX|27|CWE|158008^MDC_DEV_PUMP_PROGRAM_DELIVERY_MODE^MDC|1.1.2.21|^pump-program-delivery-mode-continuous||||||R&#xD;&#xA;&#x9;&#x9;OBX|28|CWE|158005^MDC_DEV_PUMP_CURRENT_DELIVERY_STATUS^MDC|1.1.2.22|^pump-delivery-status-delivering||||||R&#xD;&#xA;&#x9;&#x9;OBX|29||70091^MDC_DEV_PUMP_SYRINGE_INFO^MDC|1.1.6.0|||||||X&#xD;&#xA;&#x9;&#x9;OBX|30|NM|157880^MDC_VOL_SYRINGE^MDC|1.1.6.1|50|263762^MDC_DIM_MILLI_L^MDC^mL^mL^UCUM|||||R&#xD;&#xA;&#x9;&#x9;OBX|31|NM|157984^MDC_VOL_SYRINGE_ACTUAL^MDC|1.1.6.2|30.95|263762^MDC_DIM_MILLI_L^MDC^mL^mL^UCUM|||||R&#xD;&#xA;&#x9;&#x9;OBX|32|ST|184488^MDC_SYRINGE_MANUFACTURER^MDC|1.1.6.3|B.Braun OPS 50 mL||||||R,7,pump-status-infusing)" classname="Philips.PMP.Test.Auto.IheMetricDataHandlerHelperTest" time="0.021" status="1" />
    <testcase name="IheEnumValueTest (CapsuleMDIP,MSH|^~\&amp;|||||20220720013516.038-0400||ORU^R01^ORU_R01|HP0720013516.038PHMXL02238QJ322|P|2.6|||AL|NE||8859/1|EN^English^ISO639||IHE_PCD_001^IHE PCD^1.3.6.1.4.1.19376.1.6.1.1.1^ISO|&#xD;&#xA;&#x9;&#x9;PID|1||&quot;^^^Philips^MR||&quot;^&quot;^&quot;^^^^L||20050415000000.000+0200|F|||||||FRENCH|||PID18|&#xD;&#xA;&#x9;&#x9;PV1|2|I|{uniqueId}|1|&#xD;&#xA;&#x9;&#x9;OBR|||0009fbFFFF07f06a^^^EUI-64|69669^MDC_DEV_ANALY_CARD_OUTPUT_MDS^MDC|||20220720013513.935-0400|||ABC-123|||ABC-123|||||||| BaxterIFMout_5.3.5_EV1000_Baxter_XYZ456&#xD;&#xA;&#x9;&#x9;OBX|4||69669^NOM_DEV_ANALY_CARD_OUTPUT_MDS^MDC|1.0.0.0|||||||X|||||||718cbcf4-c374-4c31-9041-6cbd3c46aeaf-Edwards EV1000&#xD;&#xA;&#x9;&#x9;OBX|5||69670^NOM_DEV_ANALY_CARD_OUTPUT_VMD^MDC|1.1.0.0|||||||X|||||||&#xD;&#xA;&#x9;&#x9;OBX|6||69671^MDC_NOM_DEV_ANALY_CARD_OUTPUT_CHAN^MDC|1.1.1.0|||||||X|&#xD;&#xA;&#x9;&#x9;OBX|7|CWE|12345678^UNKNOWN^UNKNOWN^^^^^^tMode|1.1.1.41|1076259847^NLS_DRV_ED711_ENUM_VV_SENSOR^MDC^^^^^^VolView||||||R|||20180622133129.224+0200|&#xD;&#xA;&#x9;&#x9;OBX|8|CWE|67303669^NOM_SETT_MODE_MSMT^MDC^^^^^^sMode|1.1.1.41|1076259847^NLS_DRV_ED711_ENUM_VV_SENSOR^MDC^^^^^^VolView||||||R||SETTING|20180622133304.394+0200|||||&#xD;&#xA;&#x9;&#x9;OBX|9|CWE|67305467^NOM_SETT_MODE_MSMT^MDC^^^^^^testLabelEnum|1.1.1.41|1076259847^NLS_DRV_ED711_ENUM_VV_SENSOR^MDC^^^^^^VolView||||||R|||20180622133129.224+0200|&#xD;&#xA;&#x9;&#x9;OBX|10|CWE|67305468^NOM_NEW^MDC^^^^^^sMode|1.1.1.41|1076259847^NLS_DRV_ED711_ENUM_VV_SENSOR^CAPSULE^^^^^^VolView||||||R|||20180622133129.224+0200|&#xD;&#xA;&#x9;&#x9;OBX|11|CWE|67305469^NOM_NEW^MDC^^^^^^sMode|1.1.1.41|1076297727^UNKNOWN^UNKNOWN^^^^^^VolView||||||R|||20180622133129.224+0200|&#xD;&#xA;&#x9;&#x9;OBX|12|ST|67293194^NOM_SETT_DRUG_NAME_TYPE^MDC|1.4.1.5|RandomDrug||||||R||&#xD;&#xA;&#x9;&#x9;OBX|13|NM|67305466^NOM_NEW^MDC^^^^^^testLabelNum|1.1.1.41|100|262656^MDC_DIM_DIMLESS^MDC|||||R|||20180622133129.224+0200|&#xD;&#xA;&#x9;&#x9;OBX|14|NM|67305465^NOM_NEW^UNKNOWN^^^^^^testLabelNum2|1.1.1.41|100|262656^MDC_DIM_DIMLESS^MDC|||||R|||20180622133129.224+0200|&#xD;&#xA;&#x9;&#x9;OBX|15|NM|67305464^NOM_NEW^MDC^^^^^^testLabelNum3|1.1.1.41|100|262656^MDC_DIM_DIMLESS^MDC|||||R|||20180622133129.224+0200|&#xD;&#xA;&#x9;&#x9;OBX|16|NM|67305463^NOM_NEW^MDC^^^^^^testLabelNum4|1.1.1.41|100|262656^MDC_DIM_DIMLESS^UNKNOWN|||||R|||20180622133129.224+0200|&#xD;&#xA;&#x9;&#x9;OBX|17|NM|67305462^NOM_NEW^MDC^^^^^^testLabelNum5|1.1.1.41|100.0|327679^MDC_DIM_DIMLESS^MDIL^^^^^^NewUnit|||||R|||20180622133129.224+0200|&#xD;&#xA;&#x9;&#x9;OBX|18|NM|67305461^NOM_NEW^MDC^^^^^^testLabelNum6|1.1.1.41|100.00|327679^MDC_DIM_DIMLESS^MDIL^^^^^^NewUnit|||||R||APERIODIC|20180622133129.224+0200|&#xD;&#xA;&#x9;&#x9;OBX|19|CE|67305460^NOM_NEW^MDC^^^^^^testLabelNum7|1.1.1.41|100.00|327679^MDC_DIM_DIMLESS^MDIL^^^^^^NewUnit|||||R|||20180622133129.224+0200|&#xD;&#xA;&#x9;&#x9;OBX|20|NM|NAN^NOM_NEW^MDC^^^^^^testLabelNum8|1.1.1.41|100.00|327679^MDC_DIM_DIMLESS^MDIL^^^^^^NewUnit|||||R|||20180622133129.224+0200|&#xD;&#xA;&#x9;&#x9;OBX|21|CWE|67305468^NOM_NEW^MDC^^^^^^sMode|1.1.1.41|NAN^NLS_DRV_ED711_ENUM_VV_SENSOR^CAPSULE^^^^^^VolView||||||R|||20180622133129.224+0200|&#xD;&#xA;&#x9;&#x9;OBX|22|CWE|67305459^NOM_NEW^MDC^^^^^^testLabelNum9|1.1.1.41|1076297727^NEW_PARAM^MDIL^^^^^^NewEnum||||||R|||20180622133129.224+0200|&#xD;&#xA;&#x9;&#x9;OBX|23|CWE|67305458^NOM_NEW^MDC^^^^^^testLabelNum10|1.1.1.41|NAN^NEW_PARAM^MDIL^^^^^^NewEnum2||||||R|||20180622133129.224+0200|&#xD;&#xA;&#x9;&#x9;OBX|24|CWE|67305458^NOM_NEW^MDC^^^^^^testLabelNum11|1.1.1.41|1076297727^NEW_PARAM^MDIL^^^^^^機器情報||||||R|||20180622133129.224+0200|,7,VolView)" classname="Philips.PMP.Test.Auto.IheMetricDataHandlerHelperTest" time="0.003" status="1" />
    <system-out />
    <system-err />
  </testsuite>
  <testsuite name="Philips.PMP.Test.Auto.ConnectionStatusMessageMgrTest" hostname="RESTORMEL" package="not available" id="1079" tests="2" failures="0" errors="0" skipped="0" time="0.124" timestamp="2023-12-13T03:30:21">
    <properties />
    <testcase name="StatusCounterTest" classname="Philips.PMP.Test.Auto.ConnectionStatusMessageMgrTest" time="0.119" status="1" />
    <testcase name="ConnectionStatusUiTest" classname="Philips.PMP.Test.Auto.ConnectionStatusMessageMgrTest" time="0.005" status="1" />
    <system-out />
    <system-err />
  </testsuite>
  <testsuite name="Philips.PMP.Test.Auto.PatientWindowControlTest" hostname="RESTORMEL" package="not available" id="1080" tests="1" failures="0" errors="0" skipped="0" time="0.070" timestamp="2023-12-13T03:30:29">
    <properties />
    <testcase name="PatientWindowControlUserChanged" classname="Philips.PMP.Test.Auto.PatientWindowControlTest" time="0.070" status="1" />
    <system-out />
    <system-err />
  </testsuite>
  <testsuite name="Philips.PMP.Test.Auto.IntelliBridgeDeviceWaveTest" hostname="RESTORMEL" package="not available" id="1081" tests="2" failures="0" errors="0" skipped="0" time="0.009" timestamp="2023-12-13T03:29:45">
    <properties />
    <testcase name="IntelliBridgeDeviceWaveCompleteTest (8,-35.0,35.0,AWF,151764,l/min,265216,0,4095)" classname="Philips.PMP.Test.Auto.IntelliBridgeDeviceWaveTest" time="0.008" status="1" />
    <testcase name="IntelliBridgeDeviceWaveOutOfRangeValueTest (8,-35.0,35.0,AWF,151764,l/min,265216,0,4095)" classname="Philips.PMP.Test.Auto.IntelliBridgeDeviceWaveTest" time="0.001" status="1" />
    <system-out />
    <system-err />
  </testsuite>
  <testsuite name="Philips.PMP.Test.Auto.GraphicTrendRendererTest" hostname="RESTORMEL" package="not available" id="1082" tests="2" failures="0" errors="0" skipped="0" time="0.091" timestamp="2023-12-13T03:29:38">
    <properties />
    <testcase name="GraphicTrendRendererCreateAperiodicPlot (True)" classname="Philips.PMP.Test.Auto.GraphicTrendRendererTest" time="0.057" status="1" />
    <testcase name="GraphicTrendRendererCreateAperiodicPlot (False)" classname="Philips.PMP.Test.Auto.GraphicTrendRendererTest" time="0.035" status="1" />
    <system-out />
    <system-err />
  </testsuite>
  <testsuite name="Philips.PMP.Test.Auto.MeasurementsPermissionCheckerTest" hostname="RESTORMEL" package="not available" id="1083" tests="1" failures="0" errors="0" skipped="0" time="0.007" timestamp="2023-12-13T03:30:00">
    <properties />
    <testcase name="MeasurementsPermissionCheckerCanChangeMeasurements" classname="Philips.PMP.Test.Auto.MeasurementsPermissionCheckerTest" time="0.007" status="1" />
    <system-out />
    <system-err />
  </testsuite>
  <testsuite name="Philips.PMP.Test.Auto.EnumLocalizationTest" hostname="RESTORMEL" package="not available" id="1084" tests="1" failures="0" errors="0" skipped="0" time="4.768" timestamp="2023-12-13T03:36:03">
    <properties />
    <testcase name="EnumResxTest" classname="Philips.PMP.Test.Auto.EnumLocalizationTest" time="4.768" status="1" />
    <system-out />
    <system-err />
  </testsuite>
  <testsuite name="Philips.PMP.Test.Auto.MdipDeviceCacheTest" hostname="RESTORMEL" package="not available" id="1085" tests="6" failures="0" errors="0" skipped="0" time="0.212" timestamp="2023-12-13T03:29:44">
    <properties />
    <testcase name="MdipDeviceCachePortTest (True,3005)" classname="Philips.PMP.Test.Auto.MdipDeviceCacheTest" time="0.020" status="1" />
    <testcase name="MdipDeviceCachePortTest (False,0)" classname="Philips.PMP.Test.Auto.MdipDeviceCacheTest" time="0.017" status="1" />
    <testcase name="MdipDeviceCacheIdentifiesDevices (3,1,1)" classname="Philips.PMP.Test.Auto.MdipDeviceCacheTest" time="0.171" status="1" />
    <testcase name="MdipDeviceCacheIdentifiesDevices (1,0,0)" classname="Philips.PMP.Test.Auto.MdipDeviceCacheTest" time="0.002" status="1" />
    <testcase name="MdipDeviceCacheIdentifiesDevices (0,1,0)" classname="Philips.PMP.Test.Auto.MdipDeviceCacheTest" time="0.001" status="1" />
    <testcase name="MdipDeviceCacheIdentifiesDevices (0,0,1)" classname="Philips.PMP.Test.Auto.MdipDeviceCacheTest" time="0.001" status="1" />
    <system-out />
    <system-err />
  </testsuite>
  <testsuite name="Philips.PMP.Test.Auto.UiCheckerTest" hostname="RESTORMEL" package="not available" id="1086" tests="6" failures="0" errors="0" skipped="0" time="0.090" timestamp="2023-12-13T03:30:00">
    <properties />
    <testcase name="UiCheckerShouldEnableActionForPatient (True,True)" classname="Philips.PMP.Test.Auto.UiCheckerTest" time="0.003" status="1" />
    <testcase name="UiCheckerShouldEnableActionForPatient (False,False)" classname="Philips.PMP.Test.Auto.UiCheckerTest" time="0.002" status="1" />
    <testcase name="UiCheckerShouldEnableAction (True)" classname="Philips.PMP.Test.Auto.UiCheckerTest" time="0.045" status="1" />
    <testcase name="UiCheckerShouldEnableAction (False)" classname="Philips.PMP.Test.Auto.UiCheckerTest" time="0.002" status="1" />
    <testcase name="UiCheckerShouldEnableActionForZone (True)" classname="Philips.PMP.Test.Auto.UiCheckerTest" time="0.003" status="1" />
    <testcase name="UiCheckerShouldEnableActionForZone (False)" classname="Philips.PMP.Test.Auto.UiCheckerTest" time="0.035" status="1" />
    <system-out />
    <system-err />
  </testsuite>
  <testsuite name="Philips.CareEvent.Test.WorkstationTest" hostname="RESTORMEL" package="not available" id="1087" tests="1" failures="0" errors="0" skipped="0" time="0.002" timestamp="2023-12-13T03:28:18">
    <properties />
    <testcase name="WorkstationShouldNotPerformDbRecoveryAndThrowException" classname="Philips.CareEvent.Test.WorkstationTest" time="0.002" status="1" />
    <system-out />
    <system-err />
  </testsuite>
  <testsuite name="Philips.PMP.Test.Auto.QTSetupControlTest" hostname="RESTORMEL" package="not available" id="1088" tests="4" failures="0" errors="0" skipped="0" time="0.421" timestamp="2023-12-13T03:29:37">
    <properties />
    <testcase name="QTSetupControlSetPermission (True,True,True)" classname="Philips.PMP.Test.Auto.QTSetupControlTest" time="0.294" status="1" />
    <testcase name="QTSetupControlSetPermission (True,False,False)" classname="Philips.PMP.Test.Auto.QTSetupControlTest" time="0.059" status="1" />
    <testcase name="QTSetupControlSetPermission (False,False,False)" classname="Philips.PMP.Test.Auto.QTSetupControlTest" time="0.037" status="1" />
    <testcase name="QTSetupControlSetPermission (False,True,False)" classname="Philips.PMP.Test.Auto.QTSetupControlTest" time="0.031" status="1" />
    <system-out />
    <system-err />
  </testsuite>
  <testsuite name="Philips.PMP.Test.Auto.MobileDataProessorTest" hostname="RESTORMEL" package="not available" id="1089" tests="12" failures="0" errors="0" skipped="0" time="0.260" timestamp="2023-12-13T03:29:46">
    <properties />
    <testcase name="TryProcessRequestMessageTest (NumericControlsRequest)" classname="Philips.PMP.Test.Auto.MobileDataProessorTest" time="0.113" status="1" />
    <testcase name="TryProcessRequestMessageTest (GetAvailableEquipmentRequest)" classname="Philips.PMP.Test.Auto.MobileDataProessorTest" time="0.023" status="1" />
    <testcase name="TryProcessRequestMessageTest (LocationSettingsRequest)" classname="Philips.PMP.Test.Auto.MobileDataProessorTest" time="0.031" status="1" />
    <testcase name="TryProcessRequestMessageTest (ChangeAssignedEquipmentRequest)" classname="Philips.PMP.Test.Auto.MobileDataProessorTest" time="0.008" status="1" />
    <testcase name="TryProcessRequestMessageTest (GetAvailableBeds)" classname="Philips.PMP.Test.Auto.MobileDataProessorTest" time="0.008" status="1" />
    <testcase name="TryProcessRequestMessageTest (TopologyRequest)" classname="Philips.PMP.Test.Auto.MobileDataProessorTest" time="0.004" status="1" />
    <testcase name="TryProcessRequestMessageTest (AdtSettingsRequest)" classname="Philips.PMP.Test.Auto.MobileDataProessorTest" time="0.012" status="1" />
    <testcase name="TryProcessRequestMessageTest (PatientLookupRequest)" classname="Philips.PMP.Test.Auto.MobileDataProessorTest" time="0.016" status="1" />
    <testcase name="TryProcessRequestMessageTest (AdmitRequest)" classname="Philips.PMP.Test.Auto.MobileDataProessorTest" time="0.019" status="1" />
    <testcase name="TryProcessRequestMessageTest (DischargeRequest)" classname="Philips.PMP.Test.Auto.MobileDataProessorTest" time="0.004" status="1" />
    <testcase name="TryProcessRequestMessageTest (TransferRequest)" classname="Philips.PMP.Test.Auto.MobileDataProessorTest" time="0.004" status="1" />
    <testcase name="ProcessJsonVsXmlRequestMessage" classname="Philips.PMP.Test.Auto.MobileDataProessorTest" time="0.019" status="1" />
    <system-out />
    <system-err />
  </testsuite>
  <testsuite name="Philips.PMP.Test.Auto.EventLogWatcherAdapterTest" hostname="RESTORMEL" package="not available" id="1090" tests="2" failures="0" errors="0" skipped="0" time="0.102" timestamp="2023-12-13T03:29:59">
    <properties />
    <testcase name="EventRecordWrittenTest (True,1)" classname="Philips.PMP.Test.Auto.EventLogWatcherAdapterTest" time="0.093" status="1" />
    <testcase name="EventRecordWrittenTest (False,0)" classname="Philips.PMP.Test.Auto.EventLogWatcherAdapterTest" time="0.009" status="1" />
    <system-out />
    <system-err />
  </testsuite>
  <testsuite name="Philips.PMP.Test.Auto.EfficiaDeviceCommunicatorTest" hostname="RESTORMEL" package="not available" id="1091" tests="3" failures="0" errors="0" skipped="0" time="0.215" timestamp="2023-12-13T03:29:41">
    <properties />
    <testcase name="EfficiaDeviceCommunicatorReceiveMessagesThrowExceptionTest" classname="Philips.PMP.Test.Auto.EfficiaDeviceCommunicatorTest" time="0.206" status="1" />
    <testcase name="EfficiaDeviceCommunicatorParseMonitorDeviceInfoMessageTest (True)" classname="Philips.PMP.Test.Auto.EfficiaDeviceCommunicatorTest" time="0.009" status="1" />
    <testcase name="EfficiaDeviceCommunicatorParseMonitorDeviceInfoMessageTest (False)" classname="Philips.PMP.Test.Auto.EfficiaDeviceCommunicatorTest" time="0.001" status="1" />
    <system-out />
    <system-err />
  </testsuite>
  <testsuite name="Philips.PMP.Test.Auto.FeatureOptionEntityControlTest" hostname="RESTORMEL" package="not available" id="1092" tests="4" failures="0" errors="0" skipped="0" time="0.951" timestamp="2023-12-13T03:29:45">
    <properties />
    <testcase name="FeatureOptionEntityControlShowsTabByVersion (1,1,2,2,1)" classname="Philips.PMP.Test.Auto.FeatureOptionEntityControlTest" time="0.665" status="1" />
    <testcase name="FeatureOptionEntityControlShowsTabByVersion (2,1,3,1,1)" classname="Philips.PMP.Test.Auto.FeatureOptionEntityControlTest" time="0.085" status="1" />
    <testcase name="FeatureOptionEntityControlShowsTabByVersion (3,1,7,5,1)" classname="Philips.PMP.Test.Auto.FeatureOptionEntityControlTest" time="0.065" status="1" />
    <testcase name="FeatureOptionEntityControlShowsTabByVersion (4,3,4,4,2)" classname="Philips.PMP.Test.Auto.FeatureOptionEntityControlTest" time="0.136" status="1" />
    <system-out />
    <system-err />
  </testsuite>
  <testsuite name="Philips.PMP.Test.Auto.LicensingQualifierTest" hostname="RESTORMEL" package="not available" id="1093" tests="1" failures="0" errors="0" skipped="0" time="1.215" timestamp="2023-12-13T03:34:09">
    <properties />
    <testcase name="LicenseValidationTest" classname="Philips.PMP.Test.Auto.LicensingQualifierTest" time="1.215" status="1" />
    <system-out />
    <system-err />
  </testsuite>
  <testsuite name="Philips.PMP.Test.Auto.PacedPulsesFileMgrTest" hostname="RESTORMEL" package="not available" id="1094" tests="2" failures="0" errors="0" skipped="0" time="0.001" timestamp="2023-12-13T03:34:39">
    <properties />
    <testcase name="PdxPacedPulsesCorrectFileCount" classname="Philips.PMP.Test.Auto.PacedPulsesFileMgrTest" time="0.001" status="1" />
    <testcase name="PdxPacedPulsesFilesAreCorrect" classname="Philips.PMP.Test.Auto.PacedPulsesFileMgrTest" time="0.001" status="1" />
    <system-out />
    <system-err />
  </testsuite>
  <testsuite name="Philips.PMP.Test.Auto.BedsimAperiodicTimestampConverterTest" hostname="RESTORMEL" package="not available" id="1095" tests="5" failures="0" errors="0" skipped="0" time="0.020" timestamp="2023-12-13T03:29:49">
    <properties />
    <testcase name="RemoveMonitorTest" classname="Philips.PMP.Test.Auto.BedsimAperiodicTimestampConverterTest" time="0.001" status="1" />
    <testcase name="ConvertTest (0,0,0,0,0,0,0,0,0,0,0,0,2019,10,1,23,45,59,2021,4,29,10,27,5,2021,4,29,10,27,5,False)" classname="Philips.PMP.Test.Auto.BedsimAperiodicTimestampConverterTest" time="0.005" status="1" />
    <testcase name="ConvertTest (2019,10,1,23,45,59,2021,4,29,9,29,3,2019,10,1,23,45,59,2021,4,29,10,27,5,2021,4,29,9,29,3,True)" classname="Philips.PMP.Test.Auto.BedsimAperiodicTimestampConverterTest" time="0.002" status="1" />
    <testcase name="ConvertTest (2017,2,12,9,3,14,2021,4,29,9,29,3,2019,10,1,23,45,59,2021,4,29,10,27,5,2021,4,29,10,27,5,True)" classname="Philips.PMP.Test.Auto.BedsimAperiodicTimestampConverterTest" time="0.002" status="1" />
    <testcase name="ConvertTest (2019,10,2,23,45,59,2021,4,29,9,29,3,2019,10,2,23,45,59,2021,4,29,10,27,5,2021,4,29,9,29,3,True)" classname="Philips.PMP.Test.Auto.BedsimAperiodicTimestampConverterTest" time="0.010" status="1" />
    <system-out />
    <system-err />
  </testsuite>
  <testsuite name="Philips.PMP.Test.Auto.DiscardAlarmCheckerTest" hostname="RESTORMEL" package="not available" id="1096" tests="4" failures="0" errors="0" skipped="0" time="0.015" timestamp="2023-12-13T03:38:13">
    <properties />
    <testcase name="DiscardAlarmCheckerShouldAllowDiscardAlarm (True,False,False,False)" classname="Philips.PMP.Test.Auto.DiscardAlarmCheckerTest" time="0.002" status="1" />
    <testcase name="DiscardAlarmCheckerShouldAllowDiscardAlarm (False,False,False,False)" classname="Philips.PMP.Test.Auto.DiscardAlarmCheckerTest" time="0.007" status="1" />
    <testcase name="DiscardAlarmCheckerShouldAllowDiscardAlarm (False,True,False,False)" classname="Philips.PMP.Test.Auto.DiscardAlarmCheckerTest" time="0.002" status="1" />
    <testcase name="DiscardAlarmCheckerShouldAllowDiscardAlarm (False,True,True,True)" classname="Philips.PMP.Test.Auto.DiscardAlarmCheckerTest" time="0.003" status="1" />
    <system-out />
    <system-err />
  </testsuite>
  <testsuite name="Philips.PMP.Test.Auto.DbLocalizationHelperTest" hostname="RESTORMEL" package="not available" id="1097" tests="4" failures="0" errors="0" skipped="0" time="0.315" timestamp="2023-12-13T03:29:38">
    <properties />
    <testcase name="DbLocalizationHelperGetValueTest (NlsCatalog_147842,en-US,True)" classname="Philips.PMP.Test.Auto.DbLocalizationHelperTest" time="0.063" status="1" />
    <testcase name="DbLocalizationHelperGetValueTest (NlsCatalog_147842,nl-NL,True)" classname="Philips.PMP.Test.Auto.DbLocalizationHelperTest" time="0.078" status="1" />
    <testcase name="DbLocalizationHelperGetValueTest (NlsCatalog_000001,en-US,True)" classname="Philips.PMP.Test.Auto.DbLocalizationHelperTest" time="0.114" status="1" />
    <testcase name="DbLocalizationHelperGetValueTest (AdultEnhanced,en-US,True)" classname="Philips.PMP.Test.Auto.DbLocalizationHelperTest" time="0.060" status="1" />
    <system-out />
    <system-err />
  </testsuite>
  <testsuite name="Philips.PIC.DevTools.Test.SqlConstantsHelperTest" hostname="RESTORMEL" package="not available" id="1098" tests="1" failures="0" errors="0" skipped="0" time="1.156" timestamp="2023-12-13T03:28:57">
    <properties />
    <testcase name="DbScriptValidateSqlConstantFilesOutputTest" classname="Philips.PIC.DevTools.Test.SqlConstantsHelperTest" time="1.156" status="1" />
    <system-out />
    <system-err />
  </testsuite>
  <testsuite name="Philips.PMP.Test.Auto.EnumerationFileMgrTest" hostname="RESTORMEL" package="not available" id="1099" tests="2" failures="0" errors="0" skipped="0" time="0.001" timestamp="2023-12-13T03:34:39">
    <properties />
    <testcase name="PdxCorrectEnumerationFilesWithWaves" classname="Philips.PMP.Test.Auto.EnumerationFileMgrTest" time="0.001" status="1" />
    <testcase name="PdxCorrectEnumerationFilesWithoutWaves" classname="Philips.PMP.Test.Auto.EnumerationFileMgrTest" time="0.001" status="1" />
    <system-out />
    <system-err />
  </testsuite>
  <testsuite name="Philips.PMP.Test.Auto.PatientServiceCallbackMgrTest" hostname="RESTORMEL" package="not available" id="1100" tests="2" failures="0" errors="0" skipped="0" time="0.028" timestamp="2023-12-13T03:34:55">
    <properties />
    <testcase name="CallbackMgrFunctionsWithBatchingTest" classname="Philips.PMP.Test.Auto.PatientServiceCallbackMgrTest" time="0.006" status="1" />
    <testcase name="CallbackMgrFunctionsTest" classname="Philips.PMP.Test.Auto.PatientServiceCallbackMgrTest" time="0.022" status="1" />
    <system-out />
    <system-err />
  </testsuite>
  <testsuite name="Philips.PMP.Test.Auto.DbExecutionServiceTest" hostname="RESTORMEL" package="not available" id="1101" tests="2" failures="0" errors="0" skipped="0" time="0.671" timestamp="2023-12-13T03:29:40">
    <properties />
    <testcase name="RestartOnCertificateChangeEvent (True,1)" classname="Philips.PMP.Test.Auto.DbExecutionServiceTest" time="0.657" status="1" />
    <testcase name="RestartOnCertificateChangeEvent (False,0)" classname="Philips.PMP.Test.Auto.DbExecutionServiceTest" time="0.014" status="1" />
    <system-out />
    <system-err />
  </testsuite>
  <testsuite name="Philips.PMP.Test.Auto.DbSyncServiceMgrTest" hostname="RESTORMEL" package="not available" id="1102" tests="6" failures="0" errors="0" skipped="0" time="0.497" timestamp="2023-12-13T03:29:40">
    <properties />
    <testcase name="DbSyncServiceMgrReturnsFalseIfForeverBusy" classname="Philips.PMP.Test.Auto.DbSyncServiceMgrTest" time="0.084" status="1" />
    <testcase name="DbSyncServiceMgrSleepOnBusy (False,True,False,False)" classname="Philips.PMP.Test.Auto.DbSyncServiceMgrTest" time="0.021" status="1" />
    <testcase name="DbSyncServiceMgrSleepOnBusy (False,False,False,False)" classname="Philips.PMP.Test.Auto.DbSyncServiceMgrTest" time="0.003" status="1" />
    <testcase name="DbSyncServiceMgrSleepOnBusy (True,True,True,True)" classname="Philips.PMP.Test.Auto.DbSyncServiceMgrTest" time="0.015" status="1" />
    <testcase name="DbSyncServiceMgrSleepOnBusy (True,False,False,False)" classname="Philips.PMP.Test.Auto.DbSyncServiceMgrTest" time="0.002" status="1" />
    <testcase name="DbSyncServiceMgrDoesNotSleepOnSuccess" classname="Philips.PMP.Test.Auto.DbSyncServiceMgrTest" time="0.372" status="1" />
    <system-out />
    <system-err />
  </testsuite>
  <testsuite name="Philips.PMP.Test.Auto.EmbeddedBrowserInitializerTest" hostname="RESTORMEL" package="not available" id="1103" tests="5" failures="0" errors="0" skipped="0" time="0.053" timestamp="2023-12-13T03:29:40">
    <properties />
    <testcase name="EmbeddedBrowserShowDebugConsoleTest (True,False,False)" classname="Philips.PMP.Test.Auto.EmbeddedBrowserInitializerTest" time="0.040" status="1" />
    <testcase name="EmbeddedBrowserShowDebugConsoleTest (True,True,True)" classname="Philips.PMP.Test.Auto.EmbeddedBrowserInitializerTest" time="0.001" status="1" />
    <testcase name="EmbeddedBrowserShowDebugConsoleTest (False,True,False)" classname="Philips.PMP.Test.Auto.EmbeddedBrowserInitializerTest" time="0.001" status="1" />
    <testcase name="EmbeddedBrowserShowDebugConsoleTest (False,False,False)" classname="Philips.PMP.Test.Auto.EmbeddedBrowserInitializerTest" time="0.001" status="1" />
    <testcase name="EmbeddedBrowserInitializeDebuggingTest" classname="Philips.PMP.Test.Auto.EmbeddedBrowserInitializerTest" time="0.010" status="1" />
    <system-out />
    <system-err />
  </testsuite>
  <testsuite name="Philips.PMP.Test.Auto.HubPasswordControlTest" hostname="RESTORMEL" package="not available" id="1104" tests="7" failures="0" errors="0" skipped="0" time="0.067" timestamp="2023-12-13T03:34:17">
    <properties />
    <testcase name="TryHassPassTest (Gen@1pass)" classname="Philips.PMP.Test.Auto.HubPasswordControlTest" time="0.002" status="1" />
    <testcase name="TryHassPassTest (test)" classname="Philips.PMP.Test.Auto.HubPasswordControlTest" time="0.000" status="1" />
    <testcase name="TryGetPasswordTest (,,Password cannot be blank. Please set a password.)" classname="Philips.PMP.Test.Auto.HubPasswordControlTest" time="0.013" status="1" />
    <testcase name="TryGetPasswordTest (test,TEST,Passwords don't match. Please confirm password.)" classname="Philips.PMP.Test.Auto.HubPasswordControlTest" time="0.009" status="1" />
    <testcase name="TryGetPasswordTest (test,test,)" classname="Philips.PMP.Test.Auto.HubPasswordControlTest" time="0.026" status="1" />
    <testcase name="TryGetPasswordTest (    test,test       ,)" classname="Philips.PMP.Test.Auto.HubPasswordControlTest" time="0.014" status="1" />
    <testcase name="DeploymentTest" classname="Philips.PMP.Test.Auto.HubPasswordControlTest" time="0.003" status="1" />
    <system-out />
    <system-err />
  </testsuite>
  <testsuite name="Philips.PMP.Test.Auto.NetworkQualifierTest" hostname="RESTORMEL" package="not available" id="1105" tests="6" failures="0" errors="0" skipped="0" time="0.164" timestamp="2023-12-13T03:29:43">
    <properties />
    <testcase name="NetworkQualifierQueriesDns (True,True,True,True)" classname="Philips.PMP.Test.Auto.NetworkQualifierTest" time="0.109" status="1" />
    <testcase name="NetworkQualifierQueriesDns (False,True,True,True)" classname="Philips.PMP.Test.Auto.NetworkQualifierTest" time="0.028" status="1" />
    <testcase name="NetworkQualifierQueriesDns (False,True,False,True)" classname="Philips.PMP.Test.Auto.NetworkQualifierTest" time="0.003" status="1" />
    <testcase name="NetworkQualifierQueriesDns (False,False,True,True)" classname="Philips.PMP.Test.Auto.NetworkQualifierTest" time="0.008" status="1" />
    <testcase name="NetworkQualifierQueriesDns (False,False,True,False)" classname="Philips.PMP.Test.Auto.NetworkQualifierTest" time="0.012" status="1" />
    <testcase name="NetworkQualifierQueriesDns (False,False,False,True)" classname="Philips.PMP.Test.Auto.NetworkQualifierTest" time="0.005" status="1" />
    <system-out />
    <system-err />
  </testsuite>
  <testsuite name="Philips.PMP.Test.Auto.AutoDeviceSetupTest" hostname="RESTORMEL" package="not available" id="1106" tests="1" failures="0" errors="0" skipped="0" time="0.446" timestamp="2023-12-13T03:36:21">
    <properties />
    <testcase name="AutoDeviceSetupBedLabelConflictHandlingTest" classname="Philips.PMP.Test.Auto.AutoDeviceSetupTest" time="0.446" status="1" />
    <system-out />
    <system-err />
  </testsuite>
  <testsuite name="Philips.PMP.Test.Auto.DisplayHelperTest" hostname="RESTORMEL" package="not available" id="1107" tests="1" failures="0" errors="0" skipped="0" time="0.166" timestamp="2023-12-13T03:30:19">
    <properties />
    <testcase name="CreateDisplayLayoutTest" classname="Philips.PMP.Test.Auto.DisplayHelperTest" time="0.166" status="1" />
    <system-out />
    <system-err />
  </testsuite>
  <testsuite name="Philips.PMP.Test.Auto.PhysioHelperTest" hostname="RESTORMEL" package="not available" id="1108" tests="14" failures="0" errors="0" skipped="0" time="0.017" timestamp="2023-12-13T03:29:49">
    <properties />
    <testcase name="PopulateTimeMappingListTable (0)" classname="Philips.PMP.Test.Auto.PhysioHelperTest" time="0.002" status="1" />
    <testcase name="PopulateTimeMappingListTable (1)" classname="Philips.PMP.Test.Auto.PhysioHelperTest" time="0.001" status="1" />
    <testcase name="PopulateTimeMappingListTable (2)" classname="Philips.PMP.Test.Auto.PhysioHelperTest" time="0.000" status="1" />
    <testcase name="PopulateTimeMappingListTable (4)" classname="Philips.PMP.Test.Auto.PhysioHelperTest" time="0.000" status="1" />
    <testcase name="PopulateTimeMappingListTable (8)" classname="Philips.PMP.Test.Auto.PhysioHelperTest" time="0.000" status="1" />
    <testcase name="PopulateTimeMappingListTable (16)" classname="Philips.PMP.Test.Auto.PhysioHelperTest" time="0.000" status="1" />
    <testcase name="PopulateTimeMappingListTable (32)" classname="Philips.PMP.Test.Auto.PhysioHelperTest" time="0.000" status="1" />
    <testcase name="PopulateTimeMappingListTable (64)" classname="Philips.PMP.Test.Auto.PhysioHelperTest" time="0.000" status="1" />
    <testcase name="PopulateTimeMappingListTable (128)" classname="Philips.PMP.Test.Auto.PhysioHelperTest" time="0.000" status="1" />
    <testcase name="PopulateTimeMappingListTable (256)" classname="Philips.PMP.Test.Auto.PhysioHelperTest" time="0.001" status="1" />
    <testcase name="PopulateTimeMappingListTable (512)" classname="Philips.PMP.Test.Auto.PhysioHelperTest" time="0.001" status="1" />
    <testcase name="PopulateTimeMappingListTable (1024)" classname="Philips.PMP.Test.Auto.PhysioHelperTest" time="0.001" status="1" />
    <testcase name="PopulateTimeMappingListTable (2048)" classname="Philips.PMP.Test.Auto.PhysioHelperTest" time="0.005" status="1" />
    <testcase name="PopulateTimeMappingListTable (4096)" classname="Philips.PMP.Test.Auto.PhysioHelperTest" time="0.005" status="1" />
    <system-out />
    <system-err />
  </testsuite>
  <testsuite name="Philips.PMP.LicenseService.Test.EnterpriseLicenseProcessorTest" hostname="RESTORMEL" package="not available" id="1109" tests="2" failures="0" errors="0" skipped="0" time="0.292" timestamp="2023-12-13T03:29:13">
    <properties />
    <testcase name="GetRemainingEnterpriseFeaturesWillGetRemainingFeaturesTest" classname="Philips.PMP.LicenseService.Test.EnterpriseLicenseProcessorTest" time="0.290" status="1" />
    <testcase name="GetRemainingEnterpriseFeaturesWontCrashWithNoLicense" classname="Philips.PMP.LicenseService.Test.EnterpriseLicenseProcessorTest" time="0.002" status="1" />
    <system-out />
    <system-err />
  </testsuite>
  <testsuite name="Philips.CareEvent.Test.EventInputConfigurationValidatorTest" hostname="RESTORMEL" package="not available" id="1110" tests="3" failures="0" errors="0" skipped="0" time="0.066" timestamp="2023-12-13T03:28:14">
    <properties />
    <testcase name="SystemShouldNotAllowMoreThanMaxInputSettings" classname="Philips.CareEvent.Test.EventInputConfigurationValidatorTest" time="0.039" status="1" />
    <testcase name="DuplicatePortShouldNotBeAllowed" classname="Philips.CareEvent.Test.EventInputConfigurationValidatorTest" time="0.017" status="1" />
    <testcase name="DeletedConfigurationShouldNotBeCountedAsDuplicate" classname="Philips.CareEvent.Test.EventInputConfigurationValidatorTest" time="0.010" status="1" />
    <system-out />
    <system-err />
  </testsuite>
  <testsuite name="Philips.CareEvent.Test.ProductValidatorTests" hostname="RESTORMEL" package="not available" id="1111" tests="10" failures="0" errors="0" skipped="0" time="0.066" timestamp="2023-12-13T03:28:16">
    <properties />
    <testcase name="NCProductCheckForBedEnablementTest (AllBeds,Navicare Nurse Call (NNC),True,True)" classname="Philips.CareEvent.Test.ProductValidatorTests" time="0.007" status="1" />
    <testcase name="NCProductCheckForBedEnablementTest (BedAssignment,Navicare Nurse Call (NNC),True,True)" classname="Philips.CareEvent.Test.ProductValidatorTests" time="0.019" status="1" />
    <testcase name="NCProductCheckForBedEnablementTest (MonitoredBeds,Philips Patient Monitoring,True,True)" classname="Philips.CareEvent.Test.ProductValidatorTests" time="0.005" status="1" />
    <testcase name="NCProductCheckForBedEnablementTest (MonitoredBeds,Philips Guardian,True,False)" classname="Philips.CareEvent.Test.ProductValidatorTests" time="0.015" status="1" />
    <testcase name="NCProductCheckForBedEnablementTest (MonitoredBeds,Navicare Nurse Call (NNC),False,True)" classname="Philips.CareEvent.Test.ProductValidatorTests" time="0.002" status="1" />
    <testcase name="NCProductCheckForBedEnablementTest (MonitoredBeds,Navicare Nurse Call (NNC),True,False)" classname="Philips.CareEvent.Test.ProductValidatorTests" time="0.006" status="1" />
    <testcase name="ProductNameTakeByDifferentProduct (Space Laser,2C8066C0-8F27-4C6E-9706-0B660EB23FBA,False)" classname="Philips.CareEvent.Test.ProductValidatorTests" time="0.002" status="1" />
    <testcase name="ProductNameTakeByDifferentProduct (Forest Fireinator 3000,11111111-1111-1111-1111-111111111111,False)" classname="Philips.CareEvent.Test.ProductValidatorTests" time="0.009" status="1" />
    <testcase name="ProductNameTakeByDifferentProduct (Space Laser,11111111-1111-1111-1111-111111111111,True)" classname="Philips.CareEvent.Test.ProductValidatorTests" time="0.001" status="1" />
    <testcase name="ProductNameTakeByDifferentProduct (Forest Fireinator 3000,11111111-1111-1111-1111-111111111111,False)" classname="Philips.CareEvent.Test.ProductValidatorTests" time="0.000" status="1" />
    <system-out />
    <system-err />
  </testsuite>
  <testsuite name="Philips.PMP.Test.Auto.PubSubBridgeTest" hostname="RESTORMEL" package="not available" id="1112" tests="1" failures="0" errors="0" skipped="0" time="0.010" timestamp="2023-12-13T03:29:57">
    <properties />
    <testcase name="PublishScopelessPicPubSubEventTest" classname="Philips.PMP.Test.Auto.PubSubBridgeTest" time="0.010" status="1" />
    <system-out />
    <system-err />
  </testsuite>
  <testsuite name="Philips.PMP.Test.Auto.MobilePatientTransferMgrTest" hostname="RESTORMEL" package="not available" id="1113" tests="11" failures="0" errors="0" skipped="0" time="0.079" timestamp="2023-12-13T03:29:47">
    <properties />
    <testcase name="TransferPatient (True,True,True,True)" classname="Philips.PMP.Test.Auto.MobilePatientTransferMgrTest" time="0.007" status="1" />
    <testcase name="TransferPatient (False,True,True,False)" classname="Philips.PMP.Test.Auto.MobilePatientTransferMgrTest" time="0.003" status="1" />
    <testcase name="TransferPatient (True,False,False,False)" classname="Philips.PMP.Test.Auto.MobilePatientTransferMgrTest" time="0.008" status="1" />
    <testcase name="TransferPatient (True,True,False,False)" classname="Philips.PMP.Test.Auto.MobilePatientTransferMgrTest" time="0.005" status="1" />
    <testcase name="InvalidDataReturnMobileTransferResultCodesAsError (,cf3f4ec9-ba70-48f9-9a4e-592cde7c9a7b,False,False,False,False)" classname="Philips.PMP.Test.Auto.MobilePatientTransferMgrTest" time="0.021" status="1" />
    <testcase name="InvalidDataReturnMobileTransferResultCodesAsError (6B29FC40-CA47-1067-B31D-00DD010662DA,cf3f4ec9-ba70-48f9-9a4e-592cde7c9a7b,False,False,False,False)" classname="Philips.PMP.Test.Auto.MobilePatientTransferMgrTest" time="0.003" status="1" />
    <testcase name="InvalidDataReturnMobileTransferResultCodesAsError (6B29FC40-CA47-1067-B31D-00DD010662DA,cf3f4ec9-ba70-48f9-9a4e-592cde7c9a7b,True,False,False,False)" classname="Philips.PMP.Test.Auto.MobilePatientTransferMgrTest" time="0.006" status="1" />
    <testcase name="InvalidDataReturnMobileTransferResultCodesAsError (6B29FC40-CA47-1067-B31D-00DD010662DA,cf3f4ec9-ba70-48f9-9a4e-592cde7c9a7b,True,True,False,False)" classname="Philips.PMP.Test.Auto.MobilePatientTransferMgrTest" time="0.005" status="1" />
    <testcase name="InvalidDataReturnMobileTransferResultCodesAsError (6B29FC40-CA47-1067-B31D-00DD010662DA,,True,True,True,False)" classname="Philips.PMP.Test.Auto.MobilePatientTransferMgrTest" time="0.009" status="1" />
    <testcase name="InvalidDataReturnMobileTransferResultCodesAsError (6B29FC40-CA47-1067-B31D-00DD010662DA,cf3f4ec9-ba70-48f9-9a4e-592cde7c9a7b,True,True,True,False)" classname="Philips.PMP.Test.Auto.MobilePatientTransferMgrTest" time="0.005" status="1" />
    <testcase name="InvalidDataReturnMobileTransferResultCodesAsError (6B29FC40-CA47-1067-B31D-00DD010662DA,cf3f4ec9-ba70-48f9-9a4e-592cde7c9a7b,True,True,True,True)" classname="Philips.PMP.Test.Auto.MobilePatientTransferMgrTest" time="0.008" status="1" />
    <system-out />
    <system-err />
  </testsuite>
  <testsuite name="Philips.PMP.Test.Auto.ConnectToServerControlTest" hostname="RESTORMEL" package="not available" id="1114" tests="6" failures="0" errors="0" skipped="0" time="0.240" timestamp="2023-12-13T03:29:58">
    <properties />
    <testcase name="ConnectToServerControlUpdateOcspUri (True,1)" classname="Philips.PMP.Test.Auto.ConnectToServerControlTest" time="0.052" status="1" />
    <testcase name="ConnectToServerControlUpdateOcspUri (False,0)" classname="Philips.PMP.Test.Auto.ConnectToServerControlTest" time="0.039" status="1" />
    <testcase name="ConnectToServerControlUpdatesExternalCertificateAuthority (False,False)" classname="Philips.PMP.Test.Auto.ConnectToServerControlTest" time="0.044" status="1" />
    <testcase name="ConnectToServerControlUpdatesExternalCertificateAuthority (False,True)" classname="Philips.PMP.Test.Auto.ConnectToServerControlTest" time="0.033" status="1" />
    <testcase name="ConnectToServerControlUpdatesExternalCertificateAuthority (True,False)" classname="Philips.PMP.Test.Auto.ConnectToServerControlTest" time="0.040" status="1" />
    <testcase name="ConnectToServerControlUpdatesExternalCertificateAuthority (True,True)" classname="Philips.PMP.Test.Auto.ConnectToServerControlTest" time="0.032" status="1" />
    <system-out />
    <system-err />
  </testsuite>
  <testsuite name="Philips.PMP.Test.Auto.NumericTileTest" hostname="RESTORMEL" package="not available" id="1115" tests="2" failures="0" errors="0" skipped="0" time="0.057" timestamp="2023-12-13T03:30:25">
    <properties />
    <testcase name="EfficiaPressureAlarmLimitTest" classname="Philips.PMP.Test.Auto.NumericTileTest" time="0.055" status="1" />
    <testcase name="GetNumPotentiallyValidLimitsTest" classname="Philips.PMP.Test.Auto.NumericTileTest" time="0.003" status="1" />
    <system-out />
    <system-err />
  </testsuite>
  <testsuite name="Philips.PMP.Test.Auto.NumericDataHelperTester" hostname="RESTORMEL" package="not available" id="1116" tests="1" failures="0" errors="0" skipped="0" time="0.023" timestamp="2023-12-13T03:35:46">
    <properties />
    <testcase name="CorrectNumericTimesTest" classname="Philips.PMP.Test.Auto.NumericDataHelperTester" time="0.023" status="1" />
    <system-out />
    <system-err />
  </testsuite>
  <testsuite name="Philips.PMP.Test.Auto.MobilePatientTest" hostname="RESTORMEL" package="not available" id="1117" tests="1" failures="0" errors="0" skipped="0" time="0.002" timestamp="2023-12-13T03:30:46">
    <properties />
    <testcase name="MobilePatientTestWillCompareAllProperties" classname="Philips.PMP.Test.Auto.MobilePatientTest" time="0.002" status="1" />
    <system-out />
    <system-err />
  </testsuite>
  <testsuite name="Philips.PMP.Test.Auto.RegistryHelperTest" hostname="RESTORMEL" package="not available" id="1118" tests="1" failures="0" errors="0" skipped="0" time="0.005" timestamp="2023-12-13T03:38:00">
    <properties />
    <testcase name="RegistryTest" classname="Philips.PMP.Test.Auto.RegistryHelperTest" time="0.005" status="1" />
    <system-out />
    <system-err />
  </testsuite>
  <testsuite name="Philips.PMP.Test.Auto.NetworkShareSelectionControlTest" hostname="RESTORMEL" package="not available" id="1119" tests="2" failures="0" errors="0" skipped="0" time="0.033" timestamp="2023-12-13T03:37:30">
    <properties />
    <testcase name="NetworkShareSelectionControlCanBeReadOnly (True)" classname="Philips.PMP.Test.Auto.NetworkShareSelectionControlTest" time="0.018" status="1" />
    <testcase name="NetworkShareSelectionControlCanBeReadOnly (False)" classname="Philips.PMP.Test.Auto.NetworkShareSelectionControlTest" time="0.015" status="1" />
    <system-out />
    <system-err />
  </testsuite>
  <testsuite name="Philips.PIC.CertificateSync.Test.CertificateSyncronizerTest" hostname="RESTORMEL" package="not available" id="1120" tests="3" failures="0" errors="0" skipped="0" time="0.212" timestamp="2023-12-13T03:28:49">
    <properties />
    <testcase name="CertificateSyncronizerSync (True,True,False)" classname="Philips.PIC.CertificateSync.Test.CertificateSyncronizerTest" time="0.181" status="1" />
    <testcase name="CertificateSyncronizerSync (False,True,True)" classname="Philips.PIC.CertificateSync.Test.CertificateSyncronizerTest" time="0.023" status="1" />
    <testcase name="CertificateSyncronizerSync (True,False,True)" classname="Philips.PIC.CertificateSync.Test.CertificateSyncronizerTest" time="0.008" status="1" />
    <system-out />
    <system-err />
  </testsuite>
  <testsuite name="Philips.PMP.Test.Auto.DbEngineDiagnosticsMgrTest" hostname="RESTORMEL" package="not available" id="1121" tests="12" failures="0" errors="0" skipped="0" time="0.170" timestamp="2023-12-13T03:29:40">
    <properties />
    <testcase name="DbEngineDiagnosticMgrReportsLengthyQueries (Philips.PIC.Primary,dbo.Patient_Get,True,True,True)" classname="Philips.PMP.Test.Auto.DbEngineDiagnosticsMgrTest" time="0.115" status="1" />
    <testcase name="DbEngineDiagnosticMgrReportsLengthyQueries (Philips.PIC.Primary,dbo.Patient_Get,True,False,True)" classname="Philips.PMP.Test.Auto.DbEngineDiagnosticsMgrTest" time="0.010" status="1" />
    <testcase name="DbEngineDiagnosticMgrReportsLengthyQueries (Philips.PIC.Primary,dbo.PriorityCatalog_Get,False,True,True)" classname="Philips.PMP.Test.Auto.DbEngineDiagnosticsMgrTest" time="0.029" status="1" />
    <testcase name="DbEngineDiagnosticMgrReportsLengthyQueries (Philips.PIC.Primary,dbo.PriorityCatalog_Get,False,False,True)" classname="Philips.PMP.Test.Auto.DbEngineDiagnosticsMgrTest" time="0.002" status="1" />
    <testcase name="DbEngineDiagnosticMgrReportsLengthyQueries (Philips.PIC.Physio,dbo.Patient_Get,False,True,True)" classname="Philips.PMP.Test.Auto.DbEngineDiagnosticsMgrTest" time="0.002" status="1" />
    <testcase name="DbEngineDiagnosticMgrReportsLengthyQueries (Philips.PIC.Physio,dbo.Patient_Get,False,False,True)" classname="Philips.PMP.Test.Auto.DbEngineDiagnosticsMgrTest" time="0.002" status="1" />
    <testcase name="DbEngineDiagnosticMgrReportsLengthyQueries (Philips.PIC.Physio,dbo.PriorityCatalog_Get,False,True,True)" classname="Philips.PMP.Test.Auto.DbEngineDiagnosticsMgrTest" time="0.002" status="1" />
    <testcase name="DbEngineDiagnosticMgrReportsLengthyQueries (Philips.PIC.Physio,dbo.PriorityCatalog_Get,False,False,True)" classname="Philips.PMP.Test.Auto.DbEngineDiagnosticsMgrTest" time="0.003" status="1" />
    <testcase name="DbEngineDiagnosticMgrReportsLengthyQueries (Philips.PIC.Diagnostics,dbo.Patient_Get,False,True,True)" classname="Philips.PMP.Test.Auto.DbEngineDiagnosticsMgrTest" time="0.001" status="1" />
    <testcase name="DbEngineDiagnosticMgrReportsLengthyQueries (Philips.PIC.Diagnostics,dbo.Patient_Get,False,False,True)" classname="Philips.PMP.Test.Auto.DbEngineDiagnosticsMgrTest" time="0.002" status="1" />
    <testcase name="DbEngineDiagnosticMgrReportsLengthyQueries (Philips.PIC.Diagnostics,dbo.PriorityCatalog_Get,False,True,True)" classname="Philips.PMP.Test.Auto.DbEngineDiagnosticsMgrTest" time="0.001" status="1" />
    <testcase name="DbEngineDiagnosticMgrReportsLengthyQueries (Philips.PIC.Diagnostics,dbo.PriorityCatalog_Get,False,False,True)" classname="Philips.PMP.Test.Auto.DbEngineDiagnosticsMgrTest" time="0.002" status="1" />
    <system-out />
    <system-err />
  </testsuite>
  <testsuite name="Philips.PMP.Test.Auto.Ecg12LeadExportControlTest" hostname="RESTORMEL" package="not available" id="1122" tests="1" failures="0" errors="0" skipped="0" time="0.057" timestamp="2023-12-13T03:33:43">
    <properties />
    <testcase name="Ecg12LeadExportControlExportTest" classname="Philips.PMP.Test.Auto.Ecg12LeadExportControlTest" time="0.057" status="1" />
    <system-out />
    <system-err />
  </testsuite>
  <testsuite name="Philips.PMP.Test.Auto.PatientConflictControlGeneratorTest" hostname="RESTORMEL" package="not available" id="1123" tests="2" failures="0" errors="0" skipped="0" time="0.033" timestamp="2023-12-13T03:29:48">
    <properties />
    <testcase name="PatientConflictControlGeneratorGetPatientConflictControlInfo (True)" classname="Philips.PMP.Test.Auto.PatientConflictControlGeneratorTest" time="0.018" status="1" />
    <testcase name="PatientConflictControlGeneratorGetPatientConflictControlInfo (False)" classname="Philips.PMP.Test.Auto.PatientConflictControlGeneratorTest" time="0.015" status="1" />
    <system-out />
    <system-err />
  </testsuite>
  <testsuite name="Philips.PMP.Test.Auto.DbSyncConflictResolutionControlTest" hostname="RESTORMEL" package="not available" id="1124" tests="2" failures="0" errors="0" skipped="0" time="0.112" timestamp="2023-12-13T03:29:48">
    <properties />
    <testcase name="DbSyncConflictResolutionControlUpdateUi (DuplicateBed,DuplicatePatient)" classname="Philips.PMP.Test.Auto.DbSyncConflictResolutionControlTest" time="0.081" status="1" />
    <testcase name="DbSyncConflictResolutionControlUpdateUi (DuplicatePatient,DuplicatePatient)" classname="Philips.PMP.Test.Auto.DbSyncConflictResolutionControlTest" time="0.031" status="1" />
    <system-out />
    <system-err />
  </testsuite>
  <testsuite name="Philips.PMP.Test.Auto.FileExportDestinationConfigControlTest" hostname="RESTORMEL" package="not available" id="1125" tests="2" failures="0" errors="0" skipped="0" time="0.076" timestamp="2023-12-13T03:37:29">
    <properties />
    <testcase name="Do (True)" classname="Philips.PMP.Test.Auto.FileExportDestinationConfigControlTest" time="0.042" status="1" />
    <testcase name="Do (False)" classname="Philips.PMP.Test.Auto.FileExportDestinationConfigControlTest" time="0.034" status="1" />
    <system-out />
    <system-err />
  </testsuite>
  <testsuite name="Philips.PMP.Test.Auto.DataTileWebHelperTest" hostname="RESTORMEL" package="not available" id="1126" tests="2" failures="0" errors="0" skipped="0" time="1.282" timestamp="2023-12-13T03:30:01">
    <properties />
    <testcase name="GetAlarmStripDataTest" classname="Philips.PMP.Test.Auto.DataTileWebHelperTest" time="1.277" status="1" />
    <testcase name="CreateStripTileTest" classname="Philips.PMP.Test.Auto.DataTileWebHelperTest" time="0.005" status="1" />
    <system-out />
    <system-err />
  </testsuite>
  <testsuite name="Philips.PMP.Test.Auto.SystemInfoPageTest" hostname="RESTORMEL" package="not available" id="1127" tests="4" failures="0" errors="0" skipped="0" time="0.274" timestamp="2023-12-13T03:29:58">
    <properties />
    <testcase name="SystemInfoPageValidateComputerNameIPAddressTest (True,True,True)" classname="Philips.PMP.Test.Auto.SystemInfoPageTest" time="0.099" status="1" />
    <testcase name="SystemInfoPageValidateComputerNameIPAddressTest (True,False,False)" classname="Philips.PMP.Test.Auto.SystemInfoPageTest" time="0.052" status="1" />
    <testcase name="SystemInfoPageValidateComputerNameIPAddressTest (False,True,False)" classname="Philips.PMP.Test.Auto.SystemInfoPageTest" time="0.064" status="1" />
    <testcase name="SystemInfoPageValidateComputerNameIPAddressTest (False,False,False)" classname="Philips.PMP.Test.Auto.SystemInfoPageTest" time="0.058" status="1" />
    <system-out />
    <system-err />
  </testsuite>
  <testsuite name="Philips.PMP.Test.Auto.CodeAnalysisRulesTest" hostname="RESTORMEL" package="not available" id="1128" tests="1" failures="0" errors="0" skipped="0" time="0.002" timestamp="2023-12-13T03:29:58">
    <properties />
    <testcase name="CaRulesEnabled" classname="Philips.PMP.Test.Auto.CodeAnalysisRulesTest" time="0.002" status="1" />
    <system-out />
    <system-err />
  </testsuite>
  <testsuite name="Philips.PMP.Test.Auto.ClinicalNotificationsManagedGatewayTest" hostname="RESTORMEL" package="not available" id="1129" tests="4" failures="0" errors="0" skipped="0" time="0.130" timestamp="2023-12-13T03:29:40">
    <properties />
    <testcase name="ClinicalNotificationManagedGatewaySimFileTest (1,0)" classname="Philips.PMP.Test.Auto.ClinicalNotificationsManagedGatewayTest" time="0.120" status="1" />
    <testcase name="ClinicalNotificationManagedGatewaySimFileTest (1,1)" classname="Philips.PMP.Test.Auto.ClinicalNotificationsManagedGatewayTest" time="0.004" status="1" />
    <testcase name="ClinicalNotificationManagedGatewaySimFileTest (0,0)" classname="Philips.PMP.Test.Auto.ClinicalNotificationsManagedGatewayTest" time="0.003" status="1" />
    <testcase name="ClinicalNotificationManagedGatewaySimFileTest (0,1)" classname="Philips.PMP.Test.Auto.ClinicalNotificationsManagedGatewayTest" time="0.002" status="1" />
    <system-out />
    <system-err />
  </testsuite>
  <testsuite name="Philips.PMP.Test.Auto.EventCategoryFiltersTreeHelperTest" hostname="RESTORMEL" package="not available" id="1130" tests="5" failures="0" errors="0" skipped="0" time="0.077" timestamp="2023-12-13T03:29:42">
    <properties />
    <testcase name="EventCategoryFilterTreeBuildTestForEventFilters" classname="Philips.PMP.Test.Auto.EventCategoryFiltersTreeHelperTest" time="0.006" status="1" />
    <testcase name="EventCategoryFilterTreeBuildTestForEventFiltersPatientViewUI" classname="Philips.PMP.Test.Auto.EventCategoryFiltersTreeHelperTest" time="0.031" status="1" />
    <testcase name="EventCategoryFiltersUpdateTreeTest" classname="Philips.PMP.Test.Auto.EventCategoryFiltersTreeHelperTest" time="0.021" status="1" />
    <testcase name="NestedCategoryUpdateToVarious" classname="Philips.PMP.Test.Auto.EventCategoryFiltersTreeHelperTest" time="0.004" status="1" />
    <testcase name="UpdateInopIGSToOFFChangeParentStateToOFFNotToVarious" classname="Philips.PMP.Test.Auto.EventCategoryFiltersTreeHelperTest" time="0.015" status="1" />
    <system-out />
    <system-err />
  </testsuite>
  <testsuite name="Philips.PMP.Test.Auto.EventCategoryFilterPatientCacheMgrTest" hostname="RESTORMEL" package="not available" id="1131" tests="1" failures="0" errors="0" skipped="0" time="0.010" timestamp="2023-12-13T03:30:45">
    <properties />
    <testcase name="GetEventCategoryFilterTest" classname="Philips.PMP.Test.Auto.EventCategoryFilterPatientCacheMgrTest" time="0.010" status="1" />
    <system-out />
    <system-err />
  </testsuite>
  <testsuite name="Philips.PIC.WebBridge.Test.AlarmLabelsControllerTest" hostname="RESTORMEL" package="not available" id="1132" tests="1" failures="0" errors="0" skipped="0" time="0.396" timestamp="2023-12-13T03:39:05">
    <properties />
    <testcase name="AlarmLabelsControllerGetTest" classname="Philips.PIC.WebBridge.Test.AlarmLabelsControllerTest" time="0.396" status="1" />
    <system-out />
    <system-err />
  </testsuite>
  <testsuite name="Philips.PMP.Test.Auto.WpcapCaptureTest" hostname="RESTORMEL" package="not available" id="1133" tests="1" failures="0" errors="0" skipped="0" time="0.033" timestamp="2023-12-13T03:36:59">
    <properties />
    <testcase name="WpcapCaptureDisposeTest" classname="Philips.PMP.Test.Auto.WpcapCaptureTest" time="0.033" status="1" />
    <system-out />
    <system-err />
  </testsuite>
  <testsuite name="Philips.PMP.Test.Auto.IntelliBridgeDeviceChannelCacheTest" hostname="RESTORMEL" package="not available" id="1134" tests="1" failures="0" errors="0" skipped="0" time="0.002" timestamp="2023-12-13T03:29:45">
    <properties />
    <testcase name="IntelliBridgeDeviceChannelCacheDetectsDuplicateChannels" classname="Philips.PMP.Test.Auto.IntelliBridgeDeviceChannelCacheTest" time="0.002" status="1" />
    <system-out />
    <system-err />
  </testsuite>
  <testsuite name="Philips.PMP.Test.Auto.DbArchiveHelperTest" hostname="RESTORMEL" package="not available" id="1135" tests="7" failures="0" errors="0" skipped="0" time="0.334" timestamp="2023-12-13T03:29:37">
    <properties />
    <testcase name="DbArchiveHelperDefinesInstallParameters" classname="Philips.PMP.Test.Auto.DbArchiveHelperTest" time="0.283" status="1" />
    <testcase name="DbArchiveHelperDoesArchiveRequirePassword (0.0.0.0,True,False)" classname="Philips.PMP.Test.Auto.DbArchiveHelperTest" time="0.001" status="1" />
    <testcase name="DbArchiveHelperDoesArchiveRequirePassword (0.0.0.0,False,False)" classname="Philips.PMP.Test.Auto.DbArchiveHelperTest" time="0.001" status="1" />
    <testcase name="DbArchiveHelperDoesArchiveRequirePassword (4.1.0.0,True,True)" classname="Philips.PMP.Test.Auto.DbArchiveHelperTest" time="0.016" status="1" />
    <testcase name="DbArchiveHelperDoesArchiveRequirePassword (4.1.0.0,False,False)" classname="Philips.PMP.Test.Auto.DbArchiveHelperTest" time="0.001" status="1" />
    <testcase name="DbArchiveHelperDoesArchiveRequirePassword (4.1.2.3,True,True)" classname="Philips.PMP.Test.Auto.DbArchiveHelperTest" time="0.015" status="1" />
    <testcase name="DbArchiveHelperDoesArchiveRequirePassword (4.1.2.3,False,False)" classname="Philips.PMP.Test.Auto.DbArchiveHelperTest" time="0.017" status="1" />
    <system-out />
    <system-err />
  </testsuite>
  <testsuite name="Philips.PMP.Test.Auto.DeviceHelperTest" hostname="RESTORMEL" package="not available" id="1136" tests="1" failures="0" errors="0" skipped="0" time="0.002" timestamp="2023-12-13T03:30:45">
    <properties />
    <testcase name="GetDeviceAssignmentTimeStringTest" classname="Philips.PMP.Test.Auto.DeviceHelperTest" time="0.002" status="1" />
    <system-out />
    <system-err />
  </testsuite>
  <testsuite name="Philips.PMP.Test.Auto.PhysioDataUpdateTimerTest" hostname="RESTORMEL" package="not available" id="1137" tests="1" failures="0" errors="0" skipped="0" time="0.058" timestamp="2023-12-13T03:29:50">
    <properties />
    <testcase name="PhysioDataTimeUpdateTimerStartStop" classname="Philips.PMP.Test.Auto.PhysioDataUpdateTimerTest" time="0.058" status="1" />
    <system-out />
    <system-err />
  </testsuite>
  <testsuite name="Philips.PMP.Test.Auto.WebsiteRequestFilteringTest" hostname="RESTORMEL" package="not available" id="1138" tests="1" failures="0" errors="0" skipped="0" time="0.309" timestamp="2023-12-13T03:38:37">
    <properties />
    <testcase name="WebsiteRequestFilteringExtensionTest" classname="Philips.PMP.Test.Auto.WebsiteRequestFilteringTest" time="0.309" status="1" />
    <system-out />
    <system-err />
  </testsuite>
  <testsuite name="Philips.PMP.Test.Auto.MobileDataConverterTest" hostname="RESTORMEL" package="not available" id="1139" tests="3" failures="0" errors="0" skipped="0" time="0.042" timestamp="2023-12-13T03:30:46">
    <properties />
    <testcase name="MobileDataConverterConvertAlert" classname="Philips.PMP.Test.Auto.MobileDataConverterTest" time="0.001" status="1" />
    <testcase name="MobileDataConverterEnumerationTimeTest" classname="Philips.PMP.Test.Auto.MobileDataConverterTest" time="0.002" status="1" />
    <testcase name="MobileDataConverterSourceDeviceExportLogsAsExpected" classname="Philips.PMP.Test.Auto.MobileDataConverterTest" time="0.039" status="1" />
    <system-out />
    <system-err />
  </testsuite>
  <testsuite name="Philips.PMP.Test.Auto.SectorBatchMoverTest" hostname="RESTORMEL" package="not available" id="1140" tests="1" failures="0" errors="0" skipped="0" time="0.511" timestamp="2023-12-13T03:37:04">
    <properties />
    <testcase name="SectorBatchMoverCalculateMoveBatchTest" classname="Philips.PMP.Test.Auto.SectorBatchMoverTest" time="0.511" status="1" />
    <system-out />
    <system-err />
  </testsuite>
  <testsuite name="Philips.PMP.Test.Auto.ProductSupportControlTest" hostname="RESTORMEL" package="not available" id="1141" tests="3" failures="0" errors="0" skipped="0" time="0.709" timestamp="2023-12-13T03:37:03">
    <properties />
    <testcase name="LicenseExportEnabledTest (True,True,False,True)" classname="Philips.PMP.Test.Auto.ProductSupportControlTest" time="0.300" status="1" />
    <testcase name="LicenseExportEnabledTest (False,False,True,False)" classname="Philips.PMP.Test.Auto.ProductSupportControlTest" time="0.212" status="1" />
    <testcase name="LicenseExportEnabledTest (False,False,True,True)" classname="Philips.PMP.Test.Auto.ProductSupportControlTest" time="0.198" status="1" />
    <system-out />
    <system-err />
  </testsuite>
  <testsuite name="Philips.PMP.Test.Auto.UnassignedListSorterTest" hostname="RESTORMEL" package="not available" id="1142" tests="1" failures="0" errors="0" skipped="0" time="0.004" timestamp="2023-12-13T03:29:41">
    <properties />
    <testcase name="SortShouldPlaceEventsInCorrectOrder" classname="Philips.PMP.Test.Auto.UnassignedListSorterTest" time="0.004" status="1" />
    <system-out />
    <system-err />
  </testsuite>
  <testsuite name="Philips.PMP.Test.Auto.Hl7StatusMessageMgrTest" hostname="RESTORMEL" package="not available" id="1143" tests="7" failures="0" errors="0" skipped="0" time="0.186" timestamp="2023-12-13T03:29:55">
    <properties />
    <testcase name="SystemStatusBarGetCorrectMessageTest (ReporterClient,No HL7 electronic charting)" classname="Philips.PMP.Test.Auto.Hl7StatusMessageMgrTest" time="0.170" status="1" />
    <testcase name="SystemStatusBarGetCorrectMessageTest (ReporterServer,No HL7 electronic charting)" classname="Philips.PMP.Test.Auto.Hl7StatusMessageMgrTest" time="0.003" status="1" />
    <testcase name="SystemStatusBarGetCorrectMessageTest (TrendClient,No HL7 electronic charting)" classname="Philips.PMP.Test.Auto.Hl7StatusMessageMgrTest" time="0.003" status="1" />
    <testcase name="SystemStatusBarGetCorrectMessageTest (TrendServer,No HL7 electronic charting)" classname="Philips.PMP.Test.Auto.Hl7StatusMessageMgrTest" time="0.002" status="1" />
    <testcase name="SystemStatusBarGetCorrectMessageTest (QueryServer,No HL7 electronic charting)" classname="Philips.PMP.Test.Auto.Hl7StatusMessageMgrTest" time="0.003" status="1" />
    <testcase name="SystemStatusBarGetCorrectMessageTest (AlarmClient,No HL7 alarm export)" classname="Philips.PMP.Test.Auto.Hl7StatusMessageMgrTest" time="0.002" status="1" />
    <testcase name="SystemStatusBarGetCorrectMessageTest (ValidateDataClient,No HL7 electronic charting)" classname="Philips.PMP.Test.Auto.Hl7StatusMessageMgrTest" time="0.002" status="1" />
    <system-out />
    <system-err />
  </testsuite>
  <testsuite name="Philips.PMP.LicenseService.Test.UnitFeatureMapTest" hostname="RESTORMEL" package="not available" id="1144" tests="28" failures="0" errors="0" skipped="0" time="0.009" timestamp="2023-12-13T03:29:17">
    <properties />
    <testcase name="UnitFeatureMapIdentifiesUnitFeatures (PCX,True)" classname="Philips.PMP.LicenseService.Test.UnitFeatureMapTest" time="0.000" status="1" />
    <testcase name="UnitFeatureMapIdentifiesUnitFeatures (RE1,True)" classname="Philips.PMP.LicenseService.Test.UnitFeatureMapTest" time="0.000" status="1" />
    <testcase name="UnitFeatureMapIdentifiesUnitFeatures (RE2,True)" classname="Philips.PMP.LicenseService.Test.UnitFeatureMapTest" time="0.000" status="1" />
    <testcase name="UnitFeatureMapIdentifiesUnitFeatures (D07,True)" classname="Philips.PMP.LicenseService.Test.UnitFeatureMapTest" time="0.000" status="1" />
    <testcase name="UnitFeatureMapIdentifiesUnitFeatures (12L,True)" classname="Philips.PMP.LicenseService.Test.UnitFeatureMapTest" time="0.000" status="1" />
    <testcase name="UnitFeatureMapIdentifiesUnitFeatures (12S,True)" classname="Philips.PMP.LicenseService.Test.UnitFeatureMapTest" time="0.000" status="1" />
    <testcase name="UnitFeatureMapIdentifiesUnitFeatures (FDC,True)" classname="Philips.PMP.LicenseService.Test.UnitFeatureMapTest" time="0.000" status="1" />
    <testcase name="UnitFeatureMapIdentifiesUnitFeatures (E01,True)" classname="Philips.PMP.LicenseService.Test.UnitFeatureMapTest" time="0.000" status="1" />
    <testcase name="UnitFeatureMapIdentifiesUnitFeatures (HXD,True)" classname="Philips.PMP.LicenseService.Test.UnitFeatureMapTest" time="0.000" status="1" />
    <testcase name="UnitFeatureMapIdentifiesUnitFeatures (CX2,True)" classname="Philips.PMP.LicenseService.Test.UnitFeatureMapTest" time="0.000" status="1" />
    <testcase name="UnitFeatureMapIdentifiesUnitFeatures (C14,True)" classname="Philips.PMP.LicenseService.Test.UnitFeatureMapTest" time="0.000" status="1" />
    <testcase name="UnitFeatureMapIdentifiesUnitFeatures (C67,True)" classname="Philips.PMP.LicenseService.Test.UnitFeatureMapTest" time="0.000" status="1" />
    <testcase name="UnitFeatureMapIdentifiesUnitFeatures (C17,True)" classname="Philips.PMP.LicenseService.Test.UnitFeatureMapTest" time="0.000" status="1" />
    <testcase name="UnitFeatureMapIdentifiesUnitFeatures (ORD,True)" classname="Philips.PMP.LicenseService.Test.UnitFeatureMapTest" time="0.000" status="1" />
    <testcase name="UnitFeatureMapIdentifiesUnitFeatures (LAB,True)" classname="Philips.PMP.LicenseService.Test.UnitFeatureMapTest" time="0.000" status="1" />
    <testcase name="UnitFeatureMapIdentifiesUnitFeatures (RPT,True)" classname="Philips.PMP.LicenseService.Test.UnitFeatureMapTest" time="0.000" status="1" />
    <testcase name="UnitFeatureMapIdentifiesUnitFeatures (GBC,True)" classname="Philips.PMP.LicenseService.Test.UnitFeatureMapTest" time="0.000" status="1" />
    <testcase name="UnitFeatureMapIdentifiesUnitFeatures (HDX,True)" classname="Philips.PMP.LicenseService.Test.UnitFeatureMapTest" time="0.000" status="1" />
    <testcase name="UnitFeatureMapIdentifiesUnitFeatures (WSX,True)" classname="Philips.PMP.LicenseService.Test.UnitFeatureMapTest" time="0.000" status="1" />
    <testcase name="UnitFeatureMapIdentifiesUnitFeatures (MWS,True)" classname="Philips.PMP.LicenseService.Test.UnitFeatureMapTest" time="0.000" status="1" />
    <testcase name="UnitFeatureMapIdentifiesUnitFeatures (ALA,True)" classname="Philips.PMP.LicenseService.Test.UnitFeatureMapTest" time="0.000" status="1" />
    <testcase name="UnitFeatureMapIdentifiesUnitFeatures (CX3,True)" classname="Philips.PMP.LicenseService.Test.UnitFeatureMapTest" time="0.000" status="1" />
    <testcase name="UnitFeatureMapIdentifiesUnitFeatures (SEC,True)" classname="Philips.PMP.LicenseService.Test.UnitFeatureMapTest" time="0.000" status="1" />
    <testcase name="UnitFeatureMapIdentifiesUnitFeatures (ACU,True)" classname="Philips.PMP.LicenseService.Test.UnitFeatureMapTest" time="0.000" status="1" />
    <testcase name="UnitFeatureMapIdentifiesUnitFeatures (GEN,True)" classname="Philips.PMP.LicenseService.Test.UnitFeatureMapTest" time="0.000" status="1" />
    <testcase name="UnitFeatureMapIdentifiesUnitFeatures (WLK,True)" classname="Philips.PMP.LicenseService.Test.UnitFeatureMapTest" time="0.000" status="1" />
    <testcase name="UnitFeatureMapIdentifiesUnitFeatures (WSM,True)" classname="Philips.PMP.LicenseService.Test.UnitFeatureMapTest" time="0.000" status="1" />
    <testcase name="UnitFeatureMapIdentifiesUnitFeatures (PCV,False)" classname="Philips.PMP.LicenseService.Test.UnitFeatureMapTest" time="0.000" status="1" />
    <system-out />
    <system-err />
  </testsuite>
  <testsuite name="Philips.PMP.Test.Auto.MeasurementsControlTest" hostname="RESTORMEL" package="not available" id="1145" tests="1" failures="0" errors="0" skipped="0" time="0.054" timestamp="2023-12-13T03:30:24">
    <properties />
    <testcase name="MeasurementControlPatientChangeClosesMenu" classname="Philips.PMP.Test.Auto.MeasurementsControlTest" time="0.054" status="1" />
    <system-out />
    <system-err />
  </testsuite>
  <testsuite name="Philips.CareEvent.Test.MobileDeviceManagementControlTests" hostname="RESTORMEL" package="not available" id="1146" tests="2" failures="0" errors="0" skipped="0" time="0.077" timestamp="2023-12-13T03:28:27">
    <properties />
    <testcase name="SendTestMessageTest" classname="Philips.CareEvent.Test.MobileDeviceManagementControlTests" time="0.032" status="1" />
    <testcase name="FilterTest" classname="Philips.CareEvent.Test.MobileDeviceManagementControlTests" time="0.045" status="1" />
    <system-out />
    <system-err />
  </testsuite>
  <testsuite name="Philips.PIC.DataAcquisition.Test.ProtocolInfoRetrieverTest" hostname="RESTORMEL" package="not available" id="1147" tests="9" failures="0" errors="0" skipped="0" time="0.125" timestamp="2023-12-13T03:28:54">
    <properties />
    <testcase name="ProtocolInfoRetrieverGetProtocolParametersTest (True,True,1)" classname="Philips.PIC.DataAcquisition.Test.ProtocolInfoRetrieverTest" time="0.007" status="1" />
    <testcase name="ProtocolInfoRetrieverGetProtocolParametersTest (True,True,1)" classname="Philips.PIC.DataAcquisition.Test.ProtocolInfoRetrieverTest" time="0.001" status="1" />
    <testcase name="ProtocolInfoRetrieverGetProtocolParametersTest (False,False,0)" classname="Philips.PIC.DataAcquisition.Test.ProtocolInfoRetrieverTest" time="0.001" status="1" />
    <testcase name="ProtocolInfoRetrieverGetProtocolInfoTest (True,True,True,False,False,False)" classname="Philips.PIC.DataAcquisition.Test.ProtocolInfoRetrieverTest" time="0.107" status="1" />
    <testcase name="ProtocolInfoRetrieverGetProtocolInfoTest (False,True,True,False,False,False)" classname="Philips.PIC.DataAcquisition.Test.ProtocolInfoRetrieverTest" time="0.003" status="1" />
    <testcase name="ProtocolInfoRetrieverGetProtocolInfoTest (False,True,True,False,False,False)" classname="Philips.PIC.DataAcquisition.Test.ProtocolInfoRetrieverTest" time="0.001" status="1" />
    <testcase name="ProtocolInfoRetrieverGetProtocolInfoTest (False,False,True,False,False,False)" classname="Philips.PIC.DataAcquisition.Test.ProtocolInfoRetrieverTest" time="0.003" status="1" />
    <testcase name="ProtocolInfoRetrieverGetProtocolInfoTest (False,False,False,True,False,False)" classname="Philips.PIC.DataAcquisition.Test.ProtocolInfoRetrieverTest" time="0.001" status="1" />
    <testcase name="ProtocolInfoRetrieverGetProtocolInfoTest (False,False,False,False,True,True)" classname="Philips.PIC.DataAcquisition.Test.ProtocolInfoRetrieverTest" time="0.002" status="1" />
    <system-out />
    <system-err />
  </testsuite>
  <testsuite name="Philips.PMP.Test.Auto.UnassignedEventListFilterTest" hostname="RESTORMEL" package="not available" id="1148" tests="14" failures="0" errors="0" skipped="0" time="0.009" timestamp="2023-12-13T03:29:41">
    <properties />
    <testcase name="FilterShouldFilter (2,Unknown,-1,-1,)" classname="Philips.PMP.Test.Auto.UnassignedEventListFilterTest" time="0.004" status="1" />
    <testcase name="FilterShouldFilter (0,Unknown,-1,-1,applesauce)" classname="Philips.PMP.Test.Auto.UnassignedEventListFilterTest" time="0.000" status="1" />
    <testcase name="FilterShouldFilter (1,Unknown,-1,-1,name1)" classname="Philips.PMP.Test.Auto.UnassignedEventListFilterTest" time="0.000" status="1" />
    <testcase name="FilterShouldFilter (1,Yellow,-1,-1,)" classname="Philips.PMP.Test.Auto.UnassignedEventListFilterTest" time="0.001" status="1" />
    <testcase name="FilterShouldFilter (1,Yellow,-1,-1,name)" classname="Philips.PMP.Test.Auto.UnassignedEventListFilterTest" time="0.000" status="1" />
    <testcase name="FilterShouldFilter (0,Cyan,-1,-1,)" classname="Philips.PMP.Test.Auto.UnassignedEventListFilterTest" time="0.000" status="1" />
    <testcase name="FilterShouldFilter (1,Unknown,Technical,-1,)" classname="Philips.PMP.Test.Auto.UnassignedEventListFilterTest" time="0.000" status="1" />
    <testcase name="FilterShouldFilter (0,Unknown,Technical,-1,name2)" classname="Philips.PMP.Test.Auto.UnassignedEventListFilterTest" time="0.000" status="1" />
    <testcase name="FilterShouldFilter (1,Unknown,Patient,-1,name2)" classname="Philips.PMP.Test.Auto.UnassignedEventListFilterTest" time="0.000" status="1" />
    <testcase name="FilterShouldFilter (0,Unknown,Notification,-1,)" classname="Philips.PMP.Test.Auto.UnassignedEventListFilterTest" time="0.000" status="1" />
    <testcase name="FilterShouldFilter (1,Unknown,-1,User,name2)" classname="Philips.PMP.Test.Auto.UnassignedEventListFilterTest" time="0.000" status="1" />
    <testcase name="FilterShouldFilter (0,Unknown,-1,Factory,name2)" classname="Philips.PMP.Test.Auto.UnassignedEventListFilterTest" time="0.000" status="1" />
    <testcase name="FilterShouldFilter (1,Unknown,-1,Factory,)" classname="Philips.PMP.Test.Auto.UnassignedEventListFilterTest" time="0.000" status="1" />
    <testcase name="FilterShouldFilter (1,Red,Patient,User,name2)" classname="Philips.PMP.Test.Auto.UnassignedEventListFilterTest" time="0.000" status="1" />
    <system-out />
    <system-err />
  </testsuite>
  <testsuite name="Philips.PMP.Test.Auto.DbQueryToStringTest" hostname="RESTORMEL" package="not available" id="1149" tests="2" failures="0" errors="0" skipped="0" time="0.009" timestamp="2023-12-13T03:29:40">
    <properties />
    <testcase name="DbContextToStringTest (5,5)" classname="Philips.PMP.Test.Auto.DbQueryToStringTest" time="0.008" status="1" />
    <testcase name="DbContextToStringTest (5,2)" classname="Philips.PMP.Test.Auto.DbQueryToStringTest" time="0.000" status="1" />
    <system-out />
    <system-err />
  </testsuite>
  <testsuite name="Philips.PIC.WebBridge.Test.JsonFormatterTest" hostname="RESTORMEL" package="not available" id="1150" tests="2" failures="0" errors="0" skipped="0" time="0.102" timestamp="2023-12-13T03:39:09">
    <properties />
    <testcase name="JsonFormatterCamelTest" classname="Philips.PIC.WebBridge.Test.JsonFormatterTest" time="0.004" status="1" />
    <testcase name="JsonFormatterNoCamelTest" classname="Philips.PIC.WebBridge.Test.JsonFormatterTest" time="0.098" status="1" />
    <system-out />
    <system-err />
  </testsuite>
  <testsuite name="Philips.PMP.Test.Auto.SoundsQualifierTest" hostname="RESTORMEL" package="not available" id="1151" tests="4" failures="0" errors="0" skipped="0" time="0.795" timestamp="2023-12-13T03:29:43">
    <properties />
    <testcase name="SoundsQualifierVerify (ApplicationValidation)" classname="Philips.PMP.Test.Auto.SoundsQualifierTest" time="0.779" status="1" />
    <testcase name="SoundsQualifierVerify (HostQualification)" classname="Philips.PMP.Test.Auto.SoundsQualifierTest" time="0.004" status="1" />
    <testcase name="SoundsQualifierCorrect (ApplicationValidation)" classname="Philips.PMP.Test.Auto.SoundsQualifierTest" time="0.011" status="1" />
    <testcase name="SoundsQualifierCorrect (HostQualification)" classname="Philips.PMP.Test.Auto.SoundsQualifierTest" time="0.001" status="1" />
    <system-out />
    <system-err />
  </testsuite>
  <testsuite name="Philips.PMP.Test.Auto.Ecg12leadXmlHelperTest" hostname="RESTORMEL" package="not available" id="1152" tests="3" failures="0" errors="0" skipped="0" time="0.011" timestamp="2023-12-13T03:29:41">
    <properties />
    <testcase name="Ecg12LeadRepBeatXmlConversionTest (Philips.PMP.InfoObjects.RepBeat)" classname="Philips.PMP.Test.Auto.Ecg12leadXmlHelperTest" time="0.010" status="1" />
    <testcase name="Ecg12LeadRepBeatXmlConversionTest (Philips.PMP.InfoObjects.RepBeat)" classname="Philips.PMP.Test.Auto.Ecg12leadXmlHelperTest" time="0.001" status="1" />
    <testcase name="Ecg12LeadFromXmlEmptyStringTest" classname="Philips.PMP.Test.Auto.Ecg12leadXmlHelperTest" time="0.001" status="1" />
    <system-out />
    <system-err />
  </testsuite>
  <testsuite name="Philips.PIC.CertificateSync.Test.CertificateSyncProviderTest" hostname="RESTORMEL" package="not available" id="1153" tests="1" failures="0" errors="0" skipped="0" time="1.778" timestamp="2023-12-13T03:28:49">
    <properties />
    <testcase name="CertificateSyncProviderStoreDelete" classname="Philips.PIC.CertificateSync.Test.CertificateSyncProviderTest" time="1.778" status="1" />
    <system-out />
    <system-err />
  </testsuite>
  <testsuite name="Philips.PMP.Test.Auto.SpotCheckTrendConverterTest" hostname="RESTORMEL" package="not available" id="1154" tests="3" failures="0" errors="0" skipped="0" time="0.033" timestamp="2023-12-13T03:29:58">
    <properties />
    <testcase name="SpotCheckTrendRecordConverterTrimTest" classname="Philips.PMP.Test.Auto.SpotCheckTrendConverterTest" time="0.009" status="1" />
    <testcase name="SpotCheckTrendRecordConverterTest" classname="Philips.PMP.Test.Auto.SpotCheckTrendConverterTest" time="0.023" status="1" />
    <testcase name="SpotCheckTrendRecordConverterSortTest" classname="Philips.PMP.Test.Auto.SpotCheckTrendConverterTest" time="0.002" status="1" />
    <system-out />
    <system-err />
  </testsuite>
  <testsuite name="Philips.PMP.Test.Auto.DefaultFeatureConfigurationTest" hostname="RESTORMEL" package="not available" id="1155" tests="1" failures="0" errors="0" skipped="0" time="0.014" timestamp="2023-12-13T03:29:58">
    <properties />
    <testcase name="DefaultFeatureConfigurationVerifyDefaults" classname="Philips.PMP.Test.Auto.DefaultFeatureConfigurationTest" time="0.014" status="1" />
    <system-out />
    <system-err />
  </testsuite>
  <testsuite name="Philips.CareEvent.Test.CareTouchResponseSenderTests" hostname="RESTORMEL" package="not available" id="1156" tests="1" failures="0" errors="0" skipped="0" time="0.013" timestamp="2023-12-13T03:28:20">
    <properties />
    <testcase name="PerfCounterChangesOnEvents" classname="Philips.CareEvent.Test.CareTouchResponseSenderTests" time="0.013" status="1" />
    <system-out />
    <system-err />
  </testsuite>
  <testsuite name="Philips.PMP.Test.Auto.ShortcutsQualifierTest" hostname="RESTORMEL" package="not available" id="1157" tests="3" failures="0" errors="0" skipped="0" time="0.694" timestamp="2023-12-13T03:29:43">
    <properties />
    <testcase name="ShortcutsQualifierCreatesShortcutsByFeature (DMO)" classname="Philips.PMP.Test.Auto.ShortcutsQualifierTest" time="0.657" status="1" />
    <testcase name="ShortcutsQualifierCreatesShortcutsByFeature (Developer)" classname="Philips.PMP.Test.Auto.ShortcutsQualifierTest" time="0.033" status="1" />
    <testcase name="ShortcutsQualifierCreatesShortcutsByFeature (PXX)" classname="Philips.PMP.Test.Auto.ShortcutsQualifierTest" time="0.003" status="1" />
    <system-out />
    <system-err />
  </testsuite>
  <testsuite name="Philips.PMP.Test.Auto.DBInfoLoggingTest" hostname="RESTORMEL" package="not available" id="1158" tests="1" failures="0" errors="0" skipped="0" time="0.475" timestamp="2023-12-13T03:31:19">
    <properties />
    <testcase name="InfoMessageTestUndefinedSP" classname="Philips.PMP.Test.Auto.DBInfoLoggingTest" time="0.475" status="1">
      <system-out>TestContext Messages:
Initializing database procedures for Philips.PMP.Test.Auto.DBInfoLoggingTest</system-out>
    </testcase>
    <system-out>TestContext Messages:
Initializing database procedures for Philips.PMP.Test.Auto.DBInfoLoggingTest</system-out>
    <system-err />
  </testsuite>
  <testsuite name="Philips.PMP.Test.Auto.AcknowledgeAlarmsRequestTest" hostname="RESTORMEL" package="not available" id="1159" tests="1" failures="0" errors="0" skipped="0" time="0.005" timestamp="2023-12-13T03:34:34">
    <properties />
    <testcase name="ParseAcknowledgeRequestInfoObjects" classname="Philips.PMP.Test.Auto.AcknowledgeAlarmsRequestTest" time="0.005" status="1" />
    <system-out />
    <system-err />
  </testsuite>
  <testsuite name="Philips.CareEvent.Test.CipsVibrateConfigControlTest" hostname="RESTORMEL" package="not available" id="1160" tests="1" failures="0" errors="0" skipped="0" time="0.137" timestamp="2023-12-13T03:28:26">
    <properties />
    <testcase name="ValidateAndSaveSettingsTest" classname="Philips.CareEvent.Test.CipsVibrateConfigControlTest" time="0.137" status="1" />
    <system-out />
    <system-err />
  </testsuite>
  <testsuite name="Philips.PMP.Test.Auto.DeviceStatusHelperTest" hostname="RESTORMEL" package="not available" id="1161" tests="1" failures="0" errors="0" skipped="0" time="0.007" timestamp="2023-12-13T03:38:03">
    <properties />
    <testcase name="GetFilterValuesTest" classname="Philips.PMP.Test.Auto.DeviceStatusHelperTest" time="0.007" status="1" />
    <system-out />
    <system-err />
  </testsuite>
  <testsuite name="Philips.PMP.Test.Auto.PatientInfoObjectTest" hostname="RESTORMEL" package="not available" id="1162" tests="5" failures="0" errors="0" skipped="0" time="0.008" timestamp="2023-12-13T03:34:54">
    <properties />
    <testcase name="PatientInfoObjectPatientStayListTest" classname="Philips.PMP.Test.Auto.PatientInfoObjectTest" time="0.002" status="1" />
    <testcase name="PatientInfoObjectIdentifiesSignalSourceWithTeleProfile (DelphiHigh15In)" classname="Philips.PMP.Test.Auto.PatientInfoObjectTest" time="0.004" status="1" />
    <testcase name="PatientInfoObjectIdentifiesSignalSourceWithTeleProfile (TelemPwm)" classname="Philips.PMP.Test.Auto.PatientInfoObjectTest" time="0.001" status="1" />
    <testcase name="PatientInfoObjectIdentifiesSignalSourceWithTeleProfile (X3)" classname="Philips.PMP.Test.Auto.PatientInfoObjectTest" time="0.000" status="1" />
    <testcase name="PatientInfoObjectIdentifiesSignalSourceWithTeleProfile (IbridgeEc40Hub)" classname="Philips.PMP.Test.Auto.PatientInfoObjectTest" time="0.000" status="1" />
    <system-out />
    <system-err />
  </testsuite>
  <testsuite name="Philips.PMP.Test.Auto.ProtocolWatchManagedGatewayTest" hostname="RESTORMEL" package="not available" id="1163" tests="2" failures="0" errors="0" skipped="0" time="0.043" timestamp="2023-12-13T03:29:51">
    <properties />
    <testcase name="ProtocolWatchManagedGatewayUpdatedRunningProtocolsTest" classname="Philips.PMP.Test.Auto.ProtocolWatchManagedGatewayTest" time="0.004" status="1" />
    <testcase name="ProtocolWatchManagedGatewayUpdatedSupportedProtocolsTest" classname="Philips.PMP.Test.Auto.ProtocolWatchManagedGatewayTest" time="0.038" status="1" />
    <system-out />
    <system-err />
  </testsuite>
  <testsuite name="Philips.iX.DataBridge.Common.Test.AsyncRetryHelperTest" hostname="RESTORMEL" package="not available" id="1164" tests="2" failures="0" errors="0" skipped="0" time="0.042" timestamp="2023-12-13T03:27:38">
    <properties />
    <testcase name="RetryTest (True)" classname="Philips.iX.DataBridge.Common.Test.AsyncRetryHelperTest" time="0.034" status="1" />
    <testcase name="RetryTest (False)" classname="Philips.iX.DataBridge.Common.Test.AsyncRetryHelperTest" time="0.009" status="1" />
    <system-out />
    <system-err />
  </testsuite>
  <testsuite name="Philips.PMP.Test.Auto.NetworkAlertMgrTest" hostname="RESTORMEL" package="not available" id="1165" tests="2" failures="0" errors="0" skipped="0" time="0.029" timestamp="2023-12-13T03:29:56">
    <properties />
    <testcase name="NetworkAlertMgrOnWmtsAlertsAcknowledgedTest" classname="Philips.PMP.Test.Auto.NetworkAlertMgrTest" time="0.027" status="1" />
    <testcase name="NetworkAlertMgrUpdateDeviceListTest" classname="Philips.PMP.Test.Auto.NetworkAlertMgrTest" time="0.002" status="1" />
    <system-out />
    <system-err />
  </testsuite>
  <testsuite name="Philips.PMP.Test.Auto.MobileApiKeyJsonConverterTest" hostname="RESTORMEL" package="not available" id="1166" tests="2" failures="0" errors="0" skipped="0" time="0.010" timestamp="2023-12-13T03:34:34">
    <properties />
    <testcase name="DeserializeSuccessfullyWithAdditionalAttributeInAPIKeyFromMobile" classname="Philips.PMP.Test.Auto.MobileApiKeyJsonConverterTest" time="0.001" status="1" />
    <testcase name="DeserializeSuccessfullyWithMissingAttributeInAPIKeyFromMobile" classname="Philips.PMP.Test.Auto.MobileApiKeyJsonConverterTest" time="0.009" status="1" />
    <system-out />
    <system-err />
  </testsuite>
  <testsuite name="Philips.PMP.Test.Auto.PagingMessageTypeTest" hostname="RESTORMEL" package="not available" id="1167" tests="1" failures="0" errors="0" skipped="0" time="0.002" timestamp="2023-12-13T03:30:13">
    <properties />
    <testcase name="PagingMessageTypeValidationTest" classname="Philips.PMP.Test.Auto.PagingMessageTypeTest" time="0.002" status="1" />
    <system-out />
    <system-err />
  </testsuite>
  <testsuite name="Philips.PMP.Test.Auto.SystemControlServiceTest" hostname="RESTORMEL" package="not available" id="1168" tests="2" failures="0" errors="0" skipped="0" time="0.112" timestamp="2023-12-13T03:29:57">
    <properties />
    <testcase name="SystemControlServiceHandlesGtcNotifications (1a3c4700-2a6e-4066-b158-9fa8482b3d32,1)" classname="Philips.PMP.Test.Auto.SystemControlServiceTest" time="0.111" status="1" />
    <testcase name="SystemControlServiceHandlesGtcNotifications (42366773-f727-4efc-9567-7b695b6384d1,0)" classname="Philips.PMP.Test.Auto.SystemControlServiceTest" time="0.001" status="1" />
    <system-out />
    <system-err />
  </testsuite>
  <testsuite name="Philips.PMP.Test.Auto.Hl7SegmentHelperTest" hostname="RESTORMEL" package="not available" id="1169" tests="1" failures="0" errors="0" skipped="0" time="0.002" timestamp="2023-12-13T03:29:55">
    <properties />
    <testcase name="Hl7SegmentHelperWillInsertFields" classname="Philips.PMP.Test.Auto.Hl7SegmentHelperTest" time="0.002" status="1" />
    <system-out />
    <system-err />
  </testsuite>
  <testsuite name="Philips.PMP.Test.Auto.MyHostPatientSubscriptionMgrTest" hostname="RESTORMEL" package="not available" id="1170" tests="1" failures="0" errors="0" skipped="0" time="0.050" timestamp="2023-12-13T03:34:53">
    <properties />
    <testcase name="MyHostPatientSubscriptionMgrCanSubscribe" classname="Philips.PMP.Test.Auto.MyHostPatientSubscriptionMgrTest" time="0.050" status="1" />
    <system-out />
    <system-err />
  </testsuite>
  <testsuite name="Philips.PMP.Test.Auto.IntelliBridgeAllowedNumericsTest" hostname="RESTORMEL" package="not available" id="1171" tests="1164" failures="0" errors="0" skipped="0" time="1.707" timestamp="2023-12-13T03:29:53">
    <properties />
    <testcase name="IntelliBridgeAllowedNumericsIsAllowedTest2 (192893,True)" classname="Philips.PMP.Test.Auto.IntelliBridgeAllowedNumericsTest" time="0.011" status="1" />
    <testcase name="IntelliBridgeAllowedNumericsIsAllowedTest2 (192915,False)" classname="Philips.PMP.Test.Auto.IntelliBridgeAllowedNumericsTest" time="0.001" status="1" />
    <testcase name="IntelliBridgeAllowedNumericsIsAllowedTest2 (192880,False)" classname="Philips.PMP.Test.Auto.IntelliBridgeAllowedNumericsTest" time="0.001" status="1" />
    <testcase name="IntelliBridgeAllowedNumericsIsAllowedTest2 (192881,False)" classname="Philips.PMP.Test.Auto.IntelliBridgeAllowedNumericsTest" time="0.001" status="1" />
    <testcase name="IntelliBridgeAllowedNumericsIsAllowedTest2 (192899,False)" classname="Philips.PMP.Test.Auto.IntelliBridgeAllowedNumericsTest" time="0.001" status="1" />
    <testcase name="IntelliBridgeAllowedNumericsIsAllowedTest2 (192926,False)" classname="Philips.PMP.Test.Auto.IntelliBridgeAllowedNumericsTest" time="0.000" status="1" />
    <testcase name="IntelliBridgeAllowedNumericsIsAllowedTest2 (151856,True)" classname="Philips.PMP.Test.Auto.IntelliBridgeAllowedNumericsTest" time="0.001" status="1" />
    <testcase name="IntelliBridgeAllowedNumericsIsAllowedTest2 (151904,False)" classname="Philips.PMP.Test.Auto.IntelliBridgeAllowedNumericsTest" time="0.012" status="1" />
    <testcase name="IntelliBridgeAllowedNumericsIsAllowedTest2 (194932,False)" classname="Philips.PMP.Test.Auto.IntelliBridgeAllowedNumericsTest" time="0.002" status="1" />
    <testcase name="IntelliBridgeAllowedNumericsIsAllowedTest2 (194933,False)" classname="Philips.PMP.Test.Auto.IntelliBridgeAllowedNumericsTest" time="0.000" status="1" />
    <testcase name="IntelliBridgeAllowedNumericsIsAllowedTest2 (194934,False)" classname="Philips.PMP.Test.Auto.IntelliBridgeAllowedNumericsTest" time="0.000" status="1" />
    <testcase name="IntelliBridgeAllowedNumericsIsAllowedTest2 (194935,False)" classname="Philips.PMP.Test.Auto.IntelliBridgeAllowedNumericsTest" time="0.001" status="1" />
    <testcase name="IntelliBridgeAllowedNumericsIsAllowedTest2 (194936,False)" classname="Philips.PMP.Test.Auto.IntelliBridgeAllowedNumericsTest" time="0.001" status="1" />
    <testcase name="IntelliBridgeAllowedNumericsIsAllowedTest2 (194937,False)" classname="Philips.PMP.Test.Auto.IntelliBridgeAllowedNumericsTest" time="0.001" status="1" />
    <testcase name="IntelliBridgeAllowedNumericsIsAllowedTest2 (194920,True)" classname="Philips.PMP.Test.Auto.IntelliBridgeAllowedNumericsTest" time="0.000" status="1" />
    <testcase name="IntelliBridgeAllowedNumericsIsAllowedTest2 (194924,True)" classname="Philips.PMP.Test.Auto.IntelliBridgeAllowedNumericsTest" time="0.001" status="1" />
    <testcase name="IntelliBridgeAllowedNumericsIsAllowedTest2 (194928,True)" classname="Philips.PMP.Test.Auto.IntelliBridgeAllowedNumericsTest" time="0.000" status="1" />
    <testcase name="IntelliBridgeAllowedNumericsIsAllowedTest2 (194938,False)" classname="Philips.PMP.Test.Auto.IntelliBridgeAllowedNumericsTest" time="0.000" status="1" />
    <testcase name="IntelliBridgeAllowedNumericsIsAllowedTest2 (194939,False)" classname="Philips.PMP.Test.Auto.IntelliBridgeAllowedNumericsTest" time="0.000" status="1" />
    <testcase name="IntelliBridgeAllowedNumericsIsAllowedTest2 (194940,False)" classname="Philips.PMP.Test.Auto.IntelliBridgeAllowedNumericsTest" time="0.001" status="1" />
    <testcase name="IntelliBridgeAllowedNumericsIsAllowedTest2 (194941,False)" classname="Philips.PMP.Test.Auto.IntelliBridgeAllowedNumericsTest" time="0.001" status="1" />
    <testcase name="IntelliBridgeAllowedNumericsIsAllowedTest2 (194942,False)" classname="Philips.PMP.Test.Auto.IntelliBridgeAllowedNumericsTest" time="0.000" status="1" />
    <testcase name="IntelliBridgeAllowedNumericsIsAllowedTest2 (194943,False)" classname="Philips.PMP.Test.Auto.IntelliBridgeAllowedNumericsTest" time="0.000" status="1" />
    <testcase name="IntelliBridgeAllowedNumericsIsAllowedTest2 (194944,False)" classname="Philips.PMP.Test.Auto.IntelliBridgeAllowedNumericsTest" time="0.000" status="1" />
    <testcase name="IntelliBridgeAllowedNumericsIsAllowedTest2 (194945,False)" classname="Philips.PMP.Test.Auto.IntelliBridgeAllowedNumericsTest" time="0.000" status="1" />
    <testcase name="IntelliBridgeAllowedNumericsIsAllowedTest2 (194946,False)" classname="Philips.PMP.Test.Auto.IntelliBridgeAllowedNumericsTest" time="0.001" status="1" />
    <testcase name="IntelliBridgeAllowedNumericsIsAllowedTest2 (194947,False)" classname="Philips.PMP.Test.Auto.IntelliBridgeAllowedNumericsTest" time="0.000" status="1" />
    <testcase name="IntelliBridgeAllowedNumericsIsAllowedTest2 (194948,False)" classname="Philips.PMP.Test.Auto.IntelliBridgeAllowedNumericsTest" time="0.001" status="1" />
    <testcase name="IntelliBridgeAllowedNumericsIsAllowedTest2 (194949,False)" classname="Philips.PMP.Test.Auto.IntelliBridgeAllowedNumericsTest" time="0.001" status="1" />
    <testcase name="IntelliBridgeAllowedNumericsIsAllowedTest2 (194950,False)" classname="Philips.PMP.Test.Auto.IntelliBridgeAllowedNumericsTest" time="0.001" status="1" />
    <testcase name="IntelliBridgeAllowedNumericsIsAllowedTest2 (194951,False)" classname="Philips.PMP.Test.Auto.IntelliBridgeAllowedNumericsTest" time="0.000" status="1" />
    <testcase name="IntelliBridgeAllowedNumericsIsAllowedTest2 (194952,False)" classname="Philips.PMP.Test.Auto.IntelliBridgeAllowedNumericsTest" time="0.001" status="1" />
    <testcase name="IntelliBridgeAllowedNumericsIsAllowedTest2 (194912,True)" classname="Philips.PMP.Test.Auto.IntelliBridgeAllowedNumericsTest" time="0.013" status="1" />
    <testcase name="IntelliBridgeAllowedNumericsIsAllowedTest2 (194913,False)" classname="Philips.PMP.Test.Auto.IntelliBridgeAllowedNumericsTest" time="0.002" status="1" />
    <testcase name="IntelliBridgeAllowedNumericsIsAllowedTest2 (194960,True)" classname="Philips.PMP.Test.Auto.IntelliBridgeAllowedNumericsTest" time="0.000" status="1" />
    <testcase name="IntelliBridgeAllowedNumericsIsAllowedTest2 (152424,False)" classname="Philips.PMP.Test.Auto.IntelliBridgeAllowedNumericsTest" time="0.001" status="1" />
    <testcase name="IntelliBridgeAllowedNumericsIsAllowedTest2 (194961,True)" classname="Philips.PMP.Test.Auto.IntelliBridgeAllowedNumericsTest" time="0.041" status="1" />
    <testcase name="IntelliBridgeAllowedNumericsIsAllowedTest2 (194962,False)" classname="Philips.PMP.Test.Auto.IntelliBridgeAllowedNumericsTest" time="0.011" status="1" />
    <testcase name="IntelliBridgeAllowedNumericsIsAllowedTest2 (194965,False)" classname="Philips.PMP.Test.Auto.IntelliBridgeAllowedNumericsTest" time="0.004" status="1" />
    <testcase name="IntelliBridgeAllowedNumericsIsAllowedTest2 (194963,False)" classname="Philips.PMP.Test.Auto.IntelliBridgeAllowedNumericsTest" time="0.012" status="1" />
    <testcase name="IntelliBridgeAllowedNumericsIsAllowedTest2 (194964,True)" classname="Philips.PMP.Test.Auto.IntelliBridgeAllowedNumericsTest" time="0.006" status="1" />
    <testcase name="IntelliBridgeAllowedNumericsIsAllowedTest2 (194966,True)" classname="Philips.PMP.Test.Auto.IntelliBridgeAllowedNumericsTest" time="0.032" status="1" />
    <testcase name="IntelliBridgeAllowedNumericsIsAllowedTest2 (194908,True)" classname="Philips.PMP.Test.Auto.IntelliBridgeAllowedNumericsTest" time="0.015" status="1" />
    <testcase name="IntelliBridgeAllowedNumericsIsAllowedTest2 (194909,True)" classname="Philips.PMP.Test.Auto.IntelliBridgeAllowedNumericsTest" time="0.001" status="1" />
    <testcase name="IntelliBridgeAllowedNumericsIsAllowedTest2 (194910,True)" classname="Philips.PMP.Test.Auto.IntelliBridgeAllowedNumericsTest" time="0.000" status="1" />
    <testcase name="IntelliBridgeAllowedNumericsIsAllowedTest2 (194911,True)" classname="Philips.PMP.Test.Auto.IntelliBridgeAllowedNumericsTest" time="0.001" status="1" />
    <testcase name="IntelliBridgeAllowedNumericsIsAllowedTest2 (195477,True)" classname="Philips.PMP.Test.Auto.IntelliBridgeAllowedNumericsTest" time="0.000" status="1" />
    <testcase name="IntelliBridgeAllowedNumericsIsAllowedTest2 (195478,True)" classname="Philips.PMP.Test.Auto.IntelliBridgeAllowedNumericsTest" time="0.014" status="1" />
    <testcase name="IntelliBridgeAllowedNumericsIsAllowedTest2 (195493,False)" classname="Philips.PMP.Test.Auto.IntelliBridgeAllowedNumericsTest" time="0.001" status="1" />
    <testcase name="IntelliBridgeAllowedNumericsIsAllowedTest2 (195494,False)" classname="Philips.PMP.Test.Auto.IntelliBridgeAllowedNumericsTest" time="0.000" status="1" />
    <testcase name="IntelliBridgeAllowedNumericsIsAllowedTest2 (195495,False)" classname="Philips.PMP.Test.Auto.IntelliBridgeAllowedNumericsTest" time="0.001" status="1" />
    <testcase name="IntelliBridgeAllowedNumericsIsAllowedTest2 (195496,False)" classname="Philips.PMP.Test.Auto.IntelliBridgeAllowedNumericsTest" time="0.001" status="1" />
    <testcase name="IntelliBridgeAllowedNumericsIsAllowedTest2 (195497,False)" classname="Philips.PMP.Test.Auto.IntelliBridgeAllowedNumericsTest" time="0.001" status="1" />
    <testcase name="IntelliBridgeAllowedNumericsIsAllowedTest2 (195498,False)" classname="Philips.PMP.Test.Auto.IntelliBridgeAllowedNumericsTest" time="0.001" status="1" />
    <testcase name="IntelliBridgeAllowedNumericsIsAllowedTest2 (195067,True)" classname="Philips.PMP.Test.Auto.IntelliBridgeAllowedNumericsTest" time="0.000" status="1" />
    <testcase name="IntelliBridgeAllowedNumericsIsAllowedTest2 (195459,False)" classname="Philips.PMP.Test.Auto.IntelliBridgeAllowedNumericsTest" time="0.001" status="1" />
    <testcase name="IntelliBridgeAllowedNumericsIsAllowedTest2 (195068,True)" classname="Philips.PMP.Test.Auto.IntelliBridgeAllowedNumericsTest" time="0.000" status="1" />
    <testcase name="IntelliBridgeAllowedNumericsIsAllowedTest2 (195455,True)" classname="Philips.PMP.Test.Auto.IntelliBridgeAllowedNumericsTest" time="0.001" status="1" />
    <testcase name="IntelliBridgeAllowedNumericsIsAllowedTest2 (195456,True)" classname="Philips.PMP.Test.Auto.IntelliBridgeAllowedNumericsTest" time="0.000" status="1" />
    <testcase name="IntelliBridgeAllowedNumericsIsAllowedTest2 (195074,False)" classname="Philips.PMP.Test.Auto.IntelliBridgeAllowedNumericsTest" time="0.000" status="1" />
    <testcase name="IntelliBridgeAllowedNumericsIsAllowedTest2 (195075,False)" classname="Philips.PMP.Test.Auto.IntelliBridgeAllowedNumericsTest" time="0.001" status="1" />
    <testcase name="IntelliBridgeAllowedNumericsIsAllowedTest2 (195077,True)" classname="Philips.PMP.Test.Auto.IntelliBridgeAllowedNumericsTest" time="0.001" status="1" />
    <testcase name="IntelliBridgeAllowedNumericsIsAllowedTest2 (195078,True)" classname="Philips.PMP.Test.Auto.IntelliBridgeAllowedNumericsTest" time="0.001" status="1" />
    <testcase name="IntelliBridgeAllowedNumericsIsAllowedTest2 (195008,True)" classname="Philips.PMP.Test.Auto.IntelliBridgeAllowedNumericsTest" time="0.000" status="1" />
    <testcase name="IntelliBridgeAllowedNumericsIsAllowedTest2 (195065,True)" classname="Philips.PMP.Test.Auto.IntelliBridgeAllowedNumericsTest" time="0.000" status="1" />
    <testcase name="IntelliBridgeAllowedNumericsIsAllowedTest2 (195066,False)" classname="Philips.PMP.Test.Auto.IntelliBridgeAllowedNumericsTest" time="0.021" status="1" />
    <testcase name="IntelliBridgeAllowedNumericsIsAllowedTest2 (195070,False)" classname="Philips.PMP.Test.Auto.IntelliBridgeAllowedNumericsTest" time="0.001" status="1" />
    <testcase name="IntelliBridgeAllowedNumericsIsAllowedTest2 (195084,False)" classname="Philips.PMP.Test.Auto.IntelliBridgeAllowedNumericsTest" time="0.000" status="1" />
    <testcase name="IntelliBridgeAllowedNumericsIsAllowedTest2 (195085,False)" classname="Philips.PMP.Test.Auto.IntelliBridgeAllowedNumericsTest" time="0.001" status="1" />
    <testcase name="IntelliBridgeAllowedNumericsIsAllowedTest2 (195390,True)" classname="Philips.PMP.Test.Auto.IntelliBridgeAllowedNumericsTest" time="0.001" status="1" />
    <testcase name="IntelliBridgeAllowedNumericsIsAllowedTest2 (195088,False)" classname="Philips.PMP.Test.Auto.IntelliBridgeAllowedNumericsTest" time="0.000" status="1" />
    <testcase name="IntelliBridgeAllowedNumericsIsAllowedTest2 (195451,False)" classname="Philips.PMP.Test.Auto.IntelliBridgeAllowedNumericsTest" time="0.000" status="1" />
    <testcase name="IntelliBridgeAllowedNumericsIsAllowedTest2 (194880,True)" classname="Philips.PMP.Test.Auto.IntelliBridgeAllowedNumericsTest" time="0.000" status="1" />
    <testcase name="IntelliBridgeAllowedNumericsIsAllowedTest2 (194862,True)" classname="Philips.PMP.Test.Auto.IntelliBridgeAllowedNumericsTest" time="0.000" status="1" />
    <testcase name="IntelliBridgeAllowedNumericsIsAllowedTest2 (194861,True)" classname="Philips.PMP.Test.Auto.IntelliBridgeAllowedNumericsTest" time="0.001" status="1" />
    <testcase name="IntelliBridgeAllowedNumericsIsAllowedTest2 (195113,True)" classname="Philips.PMP.Test.Auto.IntelliBridgeAllowedNumericsTest" time="0.001" status="1" />
    <testcase name="IntelliBridgeAllowedNumericsIsAllowedTest2 (195111,False)" classname="Philips.PMP.Test.Auto.IntelliBridgeAllowedNumericsTest" time="0.001" status="1" />
    <testcase name="IntelliBridgeAllowedNumericsIsAllowedTest2 (195110,False)" classname="Philips.PMP.Test.Auto.IntelliBridgeAllowedNumericsTest" time="0.000" status="1" />
    <testcase name="IntelliBridgeAllowedNumericsIsAllowedTest2 (195109,False)" classname="Philips.PMP.Test.Auto.IntelliBridgeAllowedNumericsTest" time="0.000" status="1" />
    <testcase name="IntelliBridgeAllowedNumericsIsAllowedTest2 (195112,False)" classname="Philips.PMP.Test.Auto.IntelliBridgeAllowedNumericsTest" time="0.000" status="1" />
    <testcase name="IntelliBridgeAllowedNumericsIsAllowedTest2 (195117,False)" classname="Philips.PMP.Test.Auto.IntelliBridgeAllowedNumericsTest" time="0.000" status="1" />
    <testcase name="IntelliBridgeAllowedNumericsIsAllowedTest2 (195116,False)" classname="Philips.PMP.Test.Auto.IntelliBridgeAllowedNumericsTest" time="0.001" status="1" />
    <testcase name="IntelliBridgeAllowedNumericsIsAllowedTest2 (195115,False)" classname="Philips.PMP.Test.Auto.IntelliBridgeAllowedNumericsTest" time="0.001" status="1" />
    <testcase name="IntelliBridgeAllowedNumericsIsAllowedTest2 (195114,False)" classname="Philips.PMP.Test.Auto.IntelliBridgeAllowedNumericsTest" time="0.004" status="1" />
    <testcase name="IntelliBridgeAllowedNumericsIsAllowedTest2 (195236,False)" classname="Philips.PMP.Test.Auto.IntelliBridgeAllowedNumericsTest" time="0.001" status="1" />
    <testcase name="IntelliBridgeAllowedNumericsIsAllowedTest2 (195462,False)" classname="Philips.PMP.Test.Auto.IntelliBridgeAllowedNumericsTest" time="0.000" status="1" />
    <testcase name="IntelliBridgeAllowedNumericsIsAllowedTest2 (195316,False)" classname="Philips.PMP.Test.Auto.IntelliBridgeAllowedNumericsTest" time="0.001" status="1" />
    <testcase name="IntelliBridgeAllowedNumericsIsAllowedTest2 (195317,False)" classname="Philips.PMP.Test.Auto.IntelliBridgeAllowedNumericsTest" time="0.001" status="1" />
    <testcase name="IntelliBridgeAllowedNumericsIsAllowedTest2 (195284,True)" classname="Philips.PMP.Test.Auto.IntelliBridgeAllowedNumericsTest" time="0.001" status="1" />
    <testcase name="IntelliBridgeAllowedNumericsIsAllowedTest2 (195312,False)" classname="Philips.PMP.Test.Auto.IntelliBridgeAllowedNumericsTest" time="0.000" status="1" />
    <testcase name="IntelliBridgeAllowedNumericsIsAllowedTest2 (195313,False)" classname="Philips.PMP.Test.Auto.IntelliBridgeAllowedNumericsTest" time="0.000" status="1" />
    <testcase name="IntelliBridgeAllowedNumericsIsAllowedTest2 (2155172959,False)" classname="Philips.PMP.Test.Auto.IntelliBridgeAllowedNumericsTest" time="0.000" status="1" />
    <testcase name="IntelliBridgeAllowedNumericsIsAllowedTest2 (195424,False)" classname="Philips.PMP.Test.Auto.IntelliBridgeAllowedNumericsTest" time="0.000" status="1" />
    <testcase name="IntelliBridgeAllowedNumericsIsAllowedTest2 (195425,False)" classname="Philips.PMP.Test.Auto.IntelliBridgeAllowedNumericsTest" time="0.000" status="1" />
    <testcase name="IntelliBridgeAllowedNumericsIsAllowedTest2 (195426,False)" classname="Philips.PMP.Test.Auto.IntelliBridgeAllowedNumericsTest" time="0.001" status="1" />
    <testcase name="IntelliBridgeAllowedNumericsIsAllowedTest2 (195432,False)" classname="Philips.PMP.Test.Auto.IntelliBridgeAllowedNumericsTest" time="0.000" status="1" />
    <testcase name="IntelliBridgeAllowedNumericsIsAllowedTest2 (195535,False)" classname="Philips.PMP.Test.Auto.IntelliBridgeAllowedNumericsTest" time="0.000" status="1" />
    <testcase name="IntelliBridgeAllowedNumericsIsAllowedTest2 (195427,False)" classname="Philips.PMP.Test.Auto.IntelliBridgeAllowedNumericsTest" time="0.000" status="1" />
    <testcase name="IntelliBridgeAllowedNumericsIsAllowedTest2 (195428,False)" classname="Philips.PMP.Test.Auto.IntelliBridgeAllowedNumericsTest" time="0.000" status="1" />
    <testcase name="IntelliBridgeAllowedNumericsIsAllowedTest2 (195536,False)" classname="Philips.PMP.Test.Auto.IntelliBridgeAllowedNumericsTest" time="0.000" status="1" />
    <testcase name="IntelliBridgeAllowedNumericsIsAllowedTest2 (195429,False)" classname="Philips.PMP.Test.Auto.IntelliBridgeAllowedNumericsTest" time="0.001" status="1" />
    <testcase name="IntelliBridgeAllowedNumericsIsAllowedTest2 (195430,False)" classname="Philips.PMP.Test.Auto.IntelliBridgeAllowedNumericsTest" time="0.000" status="1" />
    <testcase name="IntelliBridgeAllowedNumericsIsAllowedTest2 (195431,False)" classname="Philips.PMP.Test.Auto.IntelliBridgeAllowedNumericsTest" time="0.000" status="1" />
    <testcase name="IntelliBridgeAllowedNumericsIsAllowedTest2 (195525,False)" classname="Philips.PMP.Test.Auto.IntelliBridgeAllowedNumericsTest" time="0.000" status="1" />
    <testcase name="IntelliBridgeAllowedNumericsIsAllowedTest2 (195526,False)" classname="Philips.PMP.Test.Auto.IntelliBridgeAllowedNumericsTest" time="0.001" status="1" />
    <testcase name="IntelliBridgeAllowedNumericsIsAllowedTest2 (188752,False)" classname="Philips.PMP.Test.Auto.IntelliBridgeAllowedNumericsTest" time="0.000" status="1" />
    <testcase name="IntelliBridgeAllowedNumericsIsAllowedTest2 (195538,True)" classname="Philips.PMP.Test.Auto.IntelliBridgeAllowedNumericsTest" time="0.000" status="1" />
    <testcase name="IntelliBridgeAllowedNumericsIsAllowedTest2 (195562,True)" classname="Philips.PMP.Test.Auto.IntelliBridgeAllowedNumericsTest" time="0.000" status="1" />
    <testcase name="IntelliBridgeAllowedNumericsIsAllowedTest2 (195557,True)" classname="Philips.PMP.Test.Auto.IntelliBridgeAllowedNumericsTest" time="0.000" status="1" />
    <testcase name="IntelliBridgeAllowedNumericsIsAllowedTest2 (195539,True)" classname="Philips.PMP.Test.Auto.IntelliBridgeAllowedNumericsTest" time="0.001" status="1" />
    <testcase name="IntelliBridgeAllowedNumericsIsAllowedTest2 (195555,True)" classname="Philips.PMP.Test.Auto.IntelliBridgeAllowedNumericsTest" time="0.000" status="1" />
    <testcase name="IntelliBridgeAllowedNumericsIsAllowedTest2 (195550,True)" classname="Philips.PMP.Test.Auto.IntelliBridgeAllowedNumericsTest" time="0.001" status="1" />
    <testcase name="IntelliBridgeAllowedNumericsIsAllowedTest2 (195549,True)" classname="Philips.PMP.Test.Auto.IntelliBridgeAllowedNumericsTest" time="0.001" status="1" />
    <testcase name="IntelliBridgeAllowedNumericsIsAllowedTest2 (195553,True)" classname="Philips.PMP.Test.Auto.IntelliBridgeAllowedNumericsTest" time="0.000" status="1" />
    <testcase name="IntelliBridgeAllowedNumericsIsAllowedTest2 (195546,True)" classname="Philips.PMP.Test.Auto.IntelliBridgeAllowedNumericsTest" time="0.000" status="1" />
    <testcase name="IntelliBridgeAllowedNumericsIsAllowedTest2 (195545,True)" classname="Philips.PMP.Test.Auto.IntelliBridgeAllowedNumericsTest" time="0.000" status="1" />
    <testcase name="IntelliBridgeAllowedNumericsIsAllowedTest2 (195541,True)" classname="Philips.PMP.Test.Auto.IntelliBridgeAllowedNumericsTest" time="0.000" status="1" />
    <testcase name="IntelliBridgeAllowedNumericsIsAllowedTest2 (195559,True)" classname="Philips.PMP.Test.Auto.IntelliBridgeAllowedNumericsTest" time="0.000" status="1" />
    <testcase name="IntelliBridgeAllowedNumericsIsAllowedTest2 (195556,True)" classname="Philips.PMP.Test.Auto.IntelliBridgeAllowedNumericsTest" time="0.000" status="1" />
    <testcase name="IntelliBridgeAllowedNumericsIsAllowedTest2 (195542,True)" classname="Philips.PMP.Test.Auto.IntelliBridgeAllowedNumericsTest" time="0.001" status="1" />
    <testcase name="IntelliBridgeAllowedNumericsIsAllowedTest2 (195558,True)" classname="Philips.PMP.Test.Auto.IntelliBridgeAllowedNumericsTest" time="0.001" status="1" />
    <testcase name="IntelliBridgeAllowedNumericsIsAllowedTest2 (195560,True)" classname="Philips.PMP.Test.Auto.IntelliBridgeAllowedNumericsTest" time="0.001" status="1" />
    <testcase name="IntelliBridgeAllowedNumericsIsAllowedTest2 (195554,True)" classname="Philips.PMP.Test.Auto.IntelliBridgeAllowedNumericsTest" time="0.000" status="1" />
    <testcase name="IntelliBridgeAllowedNumericsIsAllowedTest2 (195548,True)" classname="Philips.PMP.Test.Auto.IntelliBridgeAllowedNumericsTest" time="0.000" status="1" />
    <testcase name="IntelliBridgeAllowedNumericsIsAllowedTest2 (195547,True)" classname="Philips.PMP.Test.Auto.IntelliBridgeAllowedNumericsTest" time="0.000" status="1" />
    <testcase name="IntelliBridgeAllowedNumericsIsAllowedTest2 (195552,True)" classname="Philips.PMP.Test.Auto.IntelliBridgeAllowedNumericsTest" time="0.000" status="1" />
    <testcase name="IntelliBridgeAllowedNumericsIsAllowedTest2 (195551,True)" classname="Philips.PMP.Test.Auto.IntelliBridgeAllowedNumericsTest" time="0.001" status="1" />
    <testcase name="IntelliBridgeAllowedNumericsIsAllowedTest2 (195561,True)" classname="Philips.PMP.Test.Auto.IntelliBridgeAllowedNumericsTest" time="0.000" status="1" />
    <testcase name="IntelliBridgeAllowedNumericsIsAllowedTest2 (195544,True)" classname="Philips.PMP.Test.Auto.IntelliBridgeAllowedNumericsTest" time="0.000" status="1" />
    <testcase name="IntelliBridgeAllowedNumericsIsAllowedTest2 (195543,True)" classname="Philips.PMP.Test.Auto.IntelliBridgeAllowedNumericsTest" time="0.000" status="1" />
    <testcase name="IntelliBridgeAllowedNumericsIsAllowedTest2 (195472,True)" classname="Philips.PMP.Test.Auto.IntelliBridgeAllowedNumericsTest" time="0.000" status="1" />
    <testcase name="IntelliBridgeAllowedNumericsIsAllowedTest2 (195473,True)" classname="Philips.PMP.Test.Auto.IntelliBridgeAllowedNumericsTest" time="0.000" status="1" />
    <testcase name="IntelliBridgeAllowedNumericsIsAllowedTest2 (195474,True)" classname="Philips.PMP.Test.Auto.IntelliBridgeAllowedNumericsTest" time="0.000" status="1" />
    <testcase name="IntelliBridgeAllowedNumericsIsAllowedTest2 (195475,True)" classname="Philips.PMP.Test.Auto.IntelliBridgeAllowedNumericsTest" time="0.000" status="1" />
    <testcase name="IntelliBridgeAllowedNumericsIsAllowedTest2 (192672,False)" classname="Philips.PMP.Test.Auto.IntelliBridgeAllowedNumericsTest" time="0.000" status="1" />
    <testcase name="IntelliBridgeAllowedNumericsIsAllowedTest2 (192673,False)" classname="Philips.PMP.Test.Auto.IntelliBridgeAllowedNumericsTest" time="0.000" status="1" />
    <testcase name="IntelliBridgeAllowedNumericsIsAllowedTest2 (192674,False)" classname="Philips.PMP.Test.Auto.IntelliBridgeAllowedNumericsTest" time="0.000" status="1" />
    <testcase name="IntelliBridgeAllowedNumericsIsAllowedTest2 (192675,False)" classname="Philips.PMP.Test.Auto.IntelliBridgeAllowedNumericsTest" time="0.000" status="1" />
    <testcase name="IntelliBridgeAllowedNumericsIsAllowedTest2 (195168,True)" classname="Philips.PMP.Test.Auto.IntelliBridgeAllowedNumericsTest" time="0.000" status="1" />
    <testcase name="IntelliBridgeAllowedNumericsIsAllowedTest2 (195343,False)" classname="Philips.PMP.Test.Auto.IntelliBridgeAllowedNumericsTest" time="0.000" status="1" />
    <testcase name="IntelliBridgeAllowedNumericsIsAllowedTest2 (195379,False)" classname="Philips.PMP.Test.Auto.IntelliBridgeAllowedNumericsTest" time="0.000" status="1" />
    <testcase name="IntelliBridgeAllowedNumericsIsAllowedTest2 (195378,False)" classname="Philips.PMP.Test.Auto.IntelliBridgeAllowedNumericsTest" time="0.000" status="1" />
    <testcase name="IntelliBridgeAllowedNumericsIsAllowedTest2 (195140,False)" classname="Philips.PMP.Test.Auto.IntelliBridgeAllowedNumericsTest" time="0.000" status="1" />
    <testcase name="IntelliBridgeAllowedNumericsIsAllowedTest2 (195275,True)" classname="Philips.PMP.Test.Auto.IntelliBridgeAllowedNumericsTest" time="0.000" status="1" />
    <testcase name="IntelliBridgeAllowedNumericsIsAllowedTest2 (195276,True)" classname="Philips.PMP.Test.Auto.IntelliBridgeAllowedNumericsTest" time="0.000" status="1" />
    <testcase name="IntelliBridgeAllowedNumericsIsAllowedTest2 (195278,True)" classname="Philips.PMP.Test.Auto.IntelliBridgeAllowedNumericsTest" time="0.001" status="1" />
    <testcase name="IntelliBridgeAllowedNumericsIsAllowedTest2 (195279,True)" classname="Philips.PMP.Test.Auto.IntelliBridgeAllowedNumericsTest" time="0.001" status="1" />
    <testcase name="IntelliBridgeAllowedNumericsIsAllowedTest2 (195148,False)" classname="Philips.PMP.Test.Auto.IntelliBridgeAllowedNumericsTest" time="0.001" status="1" />
    <testcase name="IntelliBridgeAllowedNumericsIsAllowedTest2 (195342,False)" classname="Philips.PMP.Test.Auto.IntelliBridgeAllowedNumericsTest" time="0.001" status="1" />
    <testcase name="IntelliBridgeAllowedNumericsIsAllowedTest2 (195156,False)" classname="Philips.PMP.Test.Auto.IntelliBridgeAllowedNumericsTest" time="0.003" status="1" />
    <testcase name="IntelliBridgeAllowedNumericsIsAllowedTest2 (195144,False)" classname="Philips.PMP.Test.Auto.IntelliBridgeAllowedNumericsTest" time="0.008" status="1" />
    <testcase name="IntelliBridgeAllowedNumericsIsAllowedTest2 (195164,False)" classname="Philips.PMP.Test.Auto.IntelliBridgeAllowedNumericsTest" time="0.015" status="1" />
    <testcase name="IntelliBridgeAllowedNumericsIsAllowedTest2 (195160,False)" classname="Philips.PMP.Test.Auto.IntelliBridgeAllowedNumericsTest" time="0.010" status="1" />
    <testcase name="IntelliBridgeAllowedNumericsIsAllowedTest2 (195289,False)" classname="Philips.PMP.Test.Auto.IntelliBridgeAllowedNumericsTest" time="0.004" status="1" />
    <testcase name="IntelliBridgeAllowedNumericsIsAllowedTest2 (195341,False)" classname="Philips.PMP.Test.Auto.IntelliBridgeAllowedNumericsTest" time="0.018" status="1" />
    <testcase name="IntelliBridgeAllowedNumericsIsAllowedTest2 (195353,False)" classname="Philips.PMP.Test.Auto.IntelliBridgeAllowedNumericsTest" time="0.014" status="1" />
    <testcase name="IntelliBridgeAllowedNumericsIsAllowedTest2 (195352,False)" classname="Philips.PMP.Test.Auto.IntelliBridgeAllowedNumericsTest" time="0.004" status="1" />
    <testcase name="IntelliBridgeAllowedNumericsIsAllowedTest2 (195197,True)" classname="Philips.PMP.Test.Auto.IntelliBridgeAllowedNumericsTest" time="0.006" status="1" />
    <testcase name="IntelliBridgeAllowedNumericsIsAllowedTest2 (195199,True)" classname="Philips.PMP.Test.Auto.IntelliBridgeAllowedNumericsTest" time="0.004" status="1" />
    <testcase name="IntelliBridgeAllowedNumericsIsAllowedTest2 (195198,True)" classname="Philips.PMP.Test.Auto.IntelliBridgeAllowedNumericsTest" time="0.006" status="1" />
    <testcase name="IntelliBridgeAllowedNumericsIsAllowedTest2 (195200,True)" classname="Philips.PMP.Test.Auto.IntelliBridgeAllowedNumericsTest" time="0.005" status="1" />
    <testcase name="IntelliBridgeAllowedNumericsIsAllowedTest2 (195201,True)" classname="Philips.PMP.Test.Auto.IntelliBridgeAllowedNumericsTest" time="0.001" status="1" />
    <testcase name="IntelliBridgeAllowedNumericsIsAllowedTest2 (195202,True)" classname="Philips.PMP.Test.Auto.IntelliBridgeAllowedNumericsTest" time="0.002" status="1" />
    <testcase name="IntelliBridgeAllowedNumericsIsAllowedTest2 (195344,False)" classname="Philips.PMP.Test.Auto.IntelliBridgeAllowedNumericsTest" time="0.002" status="1" />
    <testcase name="IntelliBridgeAllowedNumericsIsAllowedTest2 (195334,False)" classname="Philips.PMP.Test.Auto.IntelliBridgeAllowedNumericsTest" time="0.005" status="1" />
    <testcase name="IntelliBridgeAllowedNumericsIsAllowedTest2 (195333,False)" classname="Philips.PMP.Test.Auto.IntelliBridgeAllowedNumericsTest" time="0.010" status="1" />
    <testcase name="IntelliBridgeAllowedNumericsIsAllowedTest2 (195350,False)" classname="Philips.PMP.Test.Auto.IntelliBridgeAllowedNumericsTest" time="0.005" status="1" />
    <testcase name="IntelliBridgeAllowedNumericsIsAllowedTest2 (195351,False)" classname="Philips.PMP.Test.Auto.IntelliBridgeAllowedNumericsTest" time="0.005" status="1" />
    <testcase name="IntelliBridgeAllowedNumericsIsAllowedTest2 (195349,False)" classname="Philips.PMP.Test.Auto.IntelliBridgeAllowedNumericsTest" time="0.003" status="1" />
    <testcase name="IntelliBridgeAllowedNumericsIsAllowedTest2 (195348,False)" classname="Philips.PMP.Test.Auto.IntelliBridgeAllowedNumericsTest" time="0.001" status="1" />
    <testcase name="IntelliBridgeAllowedNumericsIsAllowedTest2 (195347,False)" classname="Philips.PMP.Test.Auto.IntelliBridgeAllowedNumericsTest" time="0.001" status="1" />
    <testcase name="IntelliBridgeAllowedNumericsIsAllowedTest2 (195346,False)" classname="Philips.PMP.Test.Auto.IntelliBridgeAllowedNumericsTest" time="0.008" status="1" />
    <testcase name="IntelliBridgeAllowedNumericsIsAllowedTest2 (195152,False)" classname="Philips.PMP.Test.Auto.IntelliBridgeAllowedNumericsTest" time="0.011" status="1" />
    <testcase name="IntelliBridgeAllowedNumericsIsAllowedTest2 (195345,False)" classname="Philips.PMP.Test.Auto.IntelliBridgeAllowedNumericsTest" time="0.030" status="1" />
    <testcase name="IntelliBridgeAllowedNumericsIsAllowedTest2 (195203,True)" classname="Philips.PMP.Test.Auto.IntelliBridgeAllowedNumericsTest" time="0.001" status="1" />
    <testcase name="IntelliBridgeAllowedNumericsIsAllowedTest2 (195210,True)" classname="Philips.PMP.Test.Auto.IntelliBridgeAllowedNumericsTest" time="0.019" status="1" />
    <testcase name="IntelliBridgeAllowedNumericsIsAllowedTest2 (195367,True)" classname="Philips.PMP.Test.Auto.IntelliBridgeAllowedNumericsTest" time="0.011" status="1" />
    <testcase name="IntelliBridgeAllowedNumericsIsAllowedTest2 (195366,True)" classname="Philips.PMP.Test.Auto.IntelliBridgeAllowedNumericsTest" time="0.001" status="1" />
    <testcase name="IntelliBridgeAllowedNumericsIsAllowedTest2 (195368,True)" classname="Philips.PMP.Test.Auto.IntelliBridgeAllowedNumericsTest" time="0.014" status="1" />
    <testcase name="IntelliBridgeAllowedNumericsIsAllowedTest2 (195309,True)" classname="Philips.PMP.Test.Auto.IntelliBridgeAllowedNumericsTest" time="0.010" status="1" />
    <testcase name="IntelliBridgeAllowedNumericsIsAllowedTest2 (195211,True)" classname="Philips.PMP.Test.Auto.IntelliBridgeAllowedNumericsTest" time="0.002" status="1" />
    <testcase name="IntelliBridgeAllowedNumericsIsAllowedTest2 (195377,True)" classname="Philips.PMP.Test.Auto.IntelliBridgeAllowedNumericsTest" time="0.000" status="1" />
    <testcase name="IntelliBridgeAllowedNumericsIsAllowedTest2 (195338,False)" classname="Philips.PMP.Test.Auto.IntelliBridgeAllowedNumericsTest" time="0.000" status="1" />
    <testcase name="IntelliBridgeAllowedNumericsIsAllowedTest2 (195337,False)" classname="Philips.PMP.Test.Auto.IntelliBridgeAllowedNumericsTest" time="0.001" status="1" />
    <testcase name="IntelliBridgeAllowedNumericsIsAllowedTest2 (195332,False)" classname="Philips.PMP.Test.Auto.IntelliBridgeAllowedNumericsTest" time="0.000" status="1" />
    <testcase name="IntelliBridgeAllowedNumericsIsAllowedTest2 (195331,False)" classname="Philips.PMP.Test.Auto.IntelliBridgeAllowedNumericsTest" time="0.000" status="1" />
    <testcase name="IntelliBridgeAllowedNumericsIsAllowedTest2 (195206,True)" classname="Philips.PMP.Test.Auto.IntelliBridgeAllowedNumericsTest" time="0.003" status="1" />
    <testcase name="IntelliBridgeAllowedNumericsIsAllowedTest2 (195208,True)" classname="Philips.PMP.Test.Auto.IntelliBridgeAllowedNumericsTest" time="0.001" status="1" />
    <testcase name="IntelliBridgeAllowedNumericsIsAllowedTest2 (195207,True)" classname="Philips.PMP.Test.Auto.IntelliBridgeAllowedNumericsTest" time="0.001" status="1" />
    <testcase name="IntelliBridgeAllowedNumericsIsAllowedTest2 (195205,True)" classname="Philips.PMP.Test.Auto.IntelliBridgeAllowedNumericsTest" time="0.001" status="1" />
    <testcase name="IntelliBridgeAllowedNumericsIsAllowedTest2 (195204,True)" classname="Philips.PMP.Test.Auto.IntelliBridgeAllowedNumericsTest" time="0.001" status="1" />
    <testcase name="IntelliBridgeAllowedNumericsIsAllowedTest2 (195209,True)" classname="Philips.PMP.Test.Auto.IntelliBridgeAllowedNumericsTest" time="0.000" status="1" />
    <testcase name="IntelliBridgeAllowedNumericsIsAllowedTest2 (195226,True)" classname="Philips.PMP.Test.Auto.IntelliBridgeAllowedNumericsTest" time="0.000" status="1" />
    <testcase name="IntelliBridgeAllowedNumericsIsAllowedTest2 (195336,False)" classname="Philips.PMP.Test.Auto.IntelliBridgeAllowedNumericsTest" time="0.001" status="1" />
    <testcase name="IntelliBridgeAllowedNumericsIsAllowedTest2 (195335,False)" classname="Philips.PMP.Test.Auto.IntelliBridgeAllowedNumericsTest" time="0.001" status="1" />
    <testcase name="IntelliBridgeAllowedNumericsIsAllowedTest2 (195340,False)" classname="Philips.PMP.Test.Auto.IntelliBridgeAllowedNumericsTest" time="0.000" status="1" />
    <testcase name="IntelliBridgeAllowedNumericsIsAllowedTest2 (195339,False)" classname="Philips.PMP.Test.Auto.IntelliBridgeAllowedNumericsTest" time="0.000" status="1" />
    <testcase name="IntelliBridgeAllowedNumericsIsAllowedTest2 (195899,False)" classname="Philips.PMP.Test.Auto.IntelliBridgeAllowedNumericsTest" time="0.000" status="1" />
    <testcase name="IntelliBridgeAllowedNumericsIsAllowedTest2 (195900,False)" classname="Philips.PMP.Test.Auto.IntelliBridgeAllowedNumericsTest" time="0.001" status="1" />
    <testcase name="IntelliBridgeAllowedNumericsIsAllowedTest (147842,True)" classname="Philips.PMP.Test.Auto.IntelliBridgeAllowedNumericsTest" time="0.021" status="1" />
    <testcase name="IntelliBridgeAllowedNumericsIsAllowedTest (148066,True)" classname="Philips.PMP.Test.Auto.IntelliBridgeAllowedNumericsTest" time="0.000" status="1" />
    <testcase name="IntelliBridgeAllowedNumericsIsAllowedTest (131840,True)" classname="Philips.PMP.Test.Auto.IntelliBridgeAllowedNumericsTest" time="0.000" status="1" />
    <testcase name="IntelliBridgeAllowedNumericsIsAllowedTest (131841,True)" classname="Philips.PMP.Test.Auto.IntelliBridgeAllowedNumericsTest" time="0.002" status="1" />
    <testcase name="IntelliBridgeAllowedNumericsIsAllowedTest (131842,True)" classname="Philips.PMP.Test.Auto.IntelliBridgeAllowedNumericsTest" time="0.000" status="1" />
    <testcase name="IntelliBridgeAllowedNumericsIsAllowedTest (131901,True)" classname="Philips.PMP.Test.Auto.IntelliBridgeAllowedNumericsTest" time="0.000" status="1" />
    <testcase name="IntelliBridgeAllowedNumericsIsAllowedTest (131902,True)" classname="Philips.PMP.Test.Auto.IntelliBridgeAllowedNumericsTest" time="0.000" status="1" />
    <testcase name="IntelliBridgeAllowedNumericsIsAllowedTest (131903,True)" classname="Philips.PMP.Test.Auto.IntelliBridgeAllowedNumericsTest" time="0.000" status="1" />
    <testcase name="IntelliBridgeAllowedNumericsIsAllowedTest (131904,True)" classname="Philips.PMP.Test.Auto.IntelliBridgeAllowedNumericsTest" time="0.000" status="1" />
    <testcase name="IntelliBridgeAllowedNumericsIsAllowedTest (131907,True)" classname="Philips.PMP.Test.Auto.IntelliBridgeAllowedNumericsTest" time="0.000" status="1" />
    <testcase name="IntelliBridgeAllowedNumericsIsAllowedTest (131915,True)" classname="Philips.PMP.Test.Auto.IntelliBridgeAllowedNumericsTest" time="0.000" status="1" />
    <testcase name="IntelliBridgeAllowedNumericsIsAllowedTest (131843,True)" classname="Philips.PMP.Test.Auto.IntelliBridgeAllowedNumericsTest" time="0.000" status="1" />
    <testcase name="IntelliBridgeAllowedNumericsIsAllowedTest (131844,True)" classname="Philips.PMP.Test.Auto.IntelliBridgeAllowedNumericsTest" time="0.000" status="1" />
    <testcase name="IntelliBridgeAllowedNumericsIsAllowedTest (131845,True)" classname="Philips.PMP.Test.Auto.IntelliBridgeAllowedNumericsTest" time="0.000" status="1" />
    <testcase name="IntelliBridgeAllowedNumericsIsAllowedTest (131846,True)" classname="Philips.PMP.Test.Auto.IntelliBridgeAllowedNumericsTest" time="0.000" status="1" />
    <testcase name="IntelliBridgeAllowedNumericsIsAllowedTest (131847,True)" classname="Philips.PMP.Test.Auto.IntelliBridgeAllowedNumericsTest" time="0.000" status="1" />
    <testcase name="IntelliBridgeAllowedNumericsIsAllowedTest (131848,True)" classname="Philips.PMP.Test.Auto.IntelliBridgeAllowedNumericsTest" time="0.000" status="1" />
    <testcase name="IntelliBridgeAllowedNumericsIsAllowedTest (131849,True)" classname="Philips.PMP.Test.Auto.IntelliBridgeAllowedNumericsTest" time="0.000" status="1" />
    <testcase name="IntelliBridgeAllowedNumericsIsAllowedTest (131911,True)" classname="Philips.PMP.Test.Auto.IntelliBridgeAllowedNumericsTest" time="0.000" status="1" />
    <testcase name="IntelliBridgeAllowedNumericsIsAllowedTest (132092,True)" classname="Philips.PMP.Test.Auto.IntelliBridgeAllowedNumericsTest" time="0.000" status="1" />
    <testcase name="IntelliBridgeAllowedNumericsIsAllowedTest (131851,True)" classname="Philips.PMP.Test.Auto.IntelliBridgeAllowedNumericsTest" time="0.000" status="1" />
    <testcase name="IntelliBridgeAllowedNumericsIsAllowedTest (131852,True)" classname="Philips.PMP.Test.Auto.IntelliBridgeAllowedNumericsTest" time="0.000" status="1" />
    <testcase name="IntelliBridgeAllowedNumericsIsAllowedTest (131853,True)" classname="Philips.PMP.Test.Auto.IntelliBridgeAllowedNumericsTest" time="0.000" status="1" />
    <testcase name="IntelliBridgeAllowedNumericsIsAllowedTest (131854,True)" classname="Philips.PMP.Test.Auto.IntelliBridgeAllowedNumericsTest" time="0.003" status="1" />
    <testcase name="IntelliBridgeAllowedNumericsIsAllowedTest (131941,True)" classname="Philips.PMP.Test.Auto.IntelliBridgeAllowedNumericsTest" time="0.000" status="1" />
    <testcase name="IntelliBridgeAllowedNumericsIsAllowedTest (131940,True)" classname="Philips.PMP.Test.Auto.IntelliBridgeAllowedNumericsTest" time="0.000" status="1" />
    <testcase name="IntelliBridgeAllowedNumericsIsAllowedTest (131942,True)" classname="Philips.PMP.Test.Auto.IntelliBridgeAllowedNumericsTest" time="0.000" status="1" />
    <testcase name="IntelliBridgeAllowedNumericsIsAllowedTest (192573,True)" classname="Philips.PMP.Test.Auto.IntelliBridgeAllowedNumericsTest" time="0.000" status="1" />
    <testcase name="IntelliBridgeAllowedNumericsIsAllowedTest (147236,True)" classname="Philips.PMP.Test.Auto.IntelliBridgeAllowedNumericsTest" time="0.000" status="1" />
    <testcase name="IntelliBridgeAllowedNumericsIsAllowedTest (192854,True)" classname="Philips.PMP.Test.Auto.IntelliBridgeAllowedNumericsTest" time="0.000" status="1" />
    <testcase name="IntelliBridgeAllowedNumericsIsAllowedTest (147232,True)" classname="Philips.PMP.Test.Auto.IntelliBridgeAllowedNumericsTest" time="0.000" status="1" />
    <testcase name="IntelliBridgeAllowedNumericsIsAllowedTest (192852,True)" classname="Philips.PMP.Test.Auto.IntelliBridgeAllowedNumericsTest" time="0.000" status="1" />
    <testcase name="IntelliBridgeAllowedNumericsIsAllowedTest (195888,True)" classname="Philips.PMP.Test.Auto.IntelliBridgeAllowedNumericsTest" time="0.000" status="1" />
    <testcase name="IntelliBridgeAllowedNumericsIsAllowedTest (149514,True)" classname="Philips.PMP.Test.Auto.IntelliBridgeAllowedNumericsTest" time="0.000" status="1" />
    <testcase name="IntelliBridgeAllowedNumericsIsAllowedTest (150456,True)" classname="Philips.PMP.Test.Auto.IntelliBridgeAllowedNumericsTest" time="0.000" status="1" />
    <testcase name="IntelliBridgeAllowedNumericsIsAllowedTest (149538,True)" classname="Philips.PMP.Test.Auto.IntelliBridgeAllowedNumericsTest" time="0.000" status="1" />
    <testcase name="IntelliBridgeAllowedNumericsIsAllowedTest (192960,False)" classname="Philips.PMP.Test.Auto.IntelliBridgeAllowedNumericsTest" time="0.000" status="1" />
    <testcase name="IntelliBridgeAllowedNumericsIsAllowedTest (2148881469,False)" classname="Philips.PMP.Test.Auto.IntelliBridgeAllowedNumericsTest" time="0.000" status="1" />
    <testcase name="IntelliBridgeAllowedNumericsIsAllowedTest (192980,False)" classname="Philips.PMP.Test.Auto.IntelliBridgeAllowedNumericsTest" time="0.000" status="1" />
    <testcase name="IntelliBridgeAllowedNumericsIsAllowedTest (2148881472,False)" classname="Philips.PMP.Test.Auto.IntelliBridgeAllowedNumericsTest" time="0.000" status="1" />
    <testcase name="IntelliBridgeAllowedNumericsIsAllowedTest (192668,False)" classname="Philips.PMP.Test.Auto.IntelliBridgeAllowedNumericsTest" time="0.004" status="1" />
    <testcase name="IntelliBridgeAllowedNumericsIsAllowedTest (150476,False)" classname="Philips.PMP.Test.Auto.IntelliBridgeAllowedNumericsTest" time="0.000" status="1" />
    <testcase name="IntelliBridgeAllowedNumericsIsAllowedTest (2148881410,False)" classname="Philips.PMP.Test.Auto.IntelliBridgeAllowedNumericsTest" time="0.000" status="1" />
    <testcase name="IntelliBridgeAllowedNumericsIsAllowedTest (150472,False)" classname="Philips.PMP.Test.Auto.IntelliBridgeAllowedNumericsTest" time="0.000" status="1" />
    <testcase name="IntelliBridgeAllowedNumericsIsAllowedTest (2148881409,False)" classname="Philips.PMP.Test.Auto.IntelliBridgeAllowedNumericsTest" time="0.000" status="1" />
    <testcase name="IntelliBridgeAllowedNumericsIsAllowedTest (150468,False)" classname="Philips.PMP.Test.Auto.IntelliBridgeAllowedNumericsTest" time="0.000" status="1" />
    <testcase name="IntelliBridgeAllowedNumericsIsAllowedTest (150448,True)" classname="Philips.PMP.Test.Auto.IntelliBridgeAllowedNumericsTest" time="0.000" status="1" />
    <testcase name="IntelliBridgeAllowedNumericsIsAllowedTest (193068,False)" classname="Philips.PMP.Test.Auto.IntelliBridgeAllowedNumericsTest" time="0.000" status="1" />
    <testcase name="IntelliBridgeAllowedNumericsIsAllowedTest (192988,False)" classname="Philips.PMP.Test.Auto.IntelliBridgeAllowedNumericsTest" time="0.000" status="1" />
    <testcase name="IntelliBridgeAllowedNumericsIsAllowedTest (192812,False)" classname="Philips.PMP.Test.Auto.IntelliBridgeAllowedNumericsTest" time="0.000" status="1" />
    <testcase name="IntelliBridgeAllowedNumericsIsAllowedTest (192651,False)" classname="Philips.PMP.Test.Auto.IntelliBridgeAllowedNumericsTest" time="0.000" status="1" />
    <testcase name="IntelliBridgeAllowedNumericsIsAllowedTest (192650,False)" classname="Philips.PMP.Test.Auto.IntelliBridgeAllowedNumericsTest" time="0.000" status="1" />
    <testcase name="IntelliBridgeAllowedNumericsIsAllowedTest (192996,False)" classname="Philips.PMP.Test.Auto.IntelliBridgeAllowedNumericsTest" time="0.000" status="1" />
    <testcase name="IntelliBridgeAllowedNumericsIsAllowedTest (2148881524,False)" classname="Philips.PMP.Test.Auto.IntelliBridgeAllowedNumericsTest" time="0.012" status="1" />
    <testcase name="IntelliBridgeAllowedNumericsIsAllowedTest (2148881527,False)" classname="Philips.PMP.Test.Auto.IntelliBridgeAllowedNumericsTest" time="0.015" status="1" />
    <testcase name="IntelliBridgeAllowedNumericsIsAllowedTest (2148881521,False)" classname="Philips.PMP.Test.Auto.IntelliBridgeAllowedNumericsTest" time="0.016" status="1" />
    <testcase name="IntelliBridgeAllowedNumericsIsAllowedTest (2148881518,False)" classname="Philips.PMP.Test.Auto.IntelliBridgeAllowedNumericsTest" time="0.000" status="1" />
    <testcase name="IntelliBridgeAllowedNumericsIsAllowedTest (2148881530,False)" classname="Philips.PMP.Test.Auto.IntelliBridgeAllowedNumericsTest" time="0.000" status="1" />
    <testcase name="IntelliBridgeAllowedNumericsIsAllowedTest (192816,False)" classname="Philips.PMP.Test.Auto.IntelliBridgeAllowedNumericsTest" time="0.000" status="1" />
    <testcase name="IntelliBridgeAllowedNumericsIsAllowedTest (192818,False)" classname="Philips.PMP.Test.Auto.IntelliBridgeAllowedNumericsTest" time="0.000" status="1" />
    <testcase name="IntelliBridgeAllowedNumericsIsAllowedTest (192817,False)" classname="Philips.PMP.Test.Auto.IntelliBridgeAllowedNumericsTest" time="0.000" status="1" />
    <testcase name="IntelliBridgeAllowedNumericsIsAllowedTest (2148881475,False)" classname="Philips.PMP.Test.Auto.IntelliBridgeAllowedNumericsTest" time="0.000" status="1" />
    <testcase name="IntelliBridgeAllowedNumericsIsAllowedTest (2148881478,False)" classname="Philips.PMP.Test.Auto.IntelliBridgeAllowedNumericsTest" time="0.000" status="1" />
    <testcase name="IntelliBridgeAllowedNumericsIsAllowedTest (2148881481,False)" classname="Philips.PMP.Test.Auto.IntelliBridgeAllowedNumericsTest" time="0.000" status="1" />
    <testcase name="IntelliBridgeAllowedNumericsIsAllowedTest (2148881484,False)" classname="Philips.PMP.Test.Auto.IntelliBridgeAllowedNumericsTest" time="0.002" status="1" />
    <testcase name="IntelliBridgeAllowedNumericsIsAllowedTest (2148881487,False)" classname="Philips.PMP.Test.Auto.IntelliBridgeAllowedNumericsTest" time="0.000" status="1" />
    <testcase name="IntelliBridgeAllowedNumericsIsAllowedTest (2148881490,False)" classname="Philips.PMP.Test.Auto.IntelliBridgeAllowedNumericsTest" time="0.000" status="1" />
    <testcase name="IntelliBridgeAllowedNumericsIsAllowedTest (2148881442,False)" classname="Philips.PMP.Test.Auto.IntelliBridgeAllowedNumericsTest" time="0.000" status="1" />
    <testcase name="IntelliBridgeAllowedNumericsIsAllowedTest (2148881445,False)" classname="Philips.PMP.Test.Auto.IntelliBridgeAllowedNumericsTest" time="0.000" status="1" />
    <testcase name="IntelliBridgeAllowedNumericsIsAllowedTest (2148881448,False)" classname="Philips.PMP.Test.Auto.IntelliBridgeAllowedNumericsTest" time="0.000" status="1" />
    <testcase name="IntelliBridgeAllowedNumericsIsAllowedTest (2148881460,False)" classname="Philips.PMP.Test.Auto.IntelliBridgeAllowedNumericsTest" time="0.000" status="1" />
    <testcase name="IntelliBridgeAllowedNumericsIsAllowedTest (2148881463,False)" classname="Philips.PMP.Test.Auto.IntelliBridgeAllowedNumericsTest" time="0.000" status="1" />
    <testcase name="IntelliBridgeAllowedNumericsIsAllowedTest (2148881466,False)" classname="Philips.PMP.Test.Auto.IntelliBridgeAllowedNumericsTest" time="0.000" status="1" />
    <testcase name="IntelliBridgeAllowedNumericsIsAllowedTest (2148881451,False)" classname="Philips.PMP.Test.Auto.IntelliBridgeAllowedNumericsTest" time="0.000" status="1" />
    <testcase name="IntelliBridgeAllowedNumericsIsAllowedTest (2148881454,False)" classname="Philips.PMP.Test.Auto.IntelliBridgeAllowedNumericsTest" time="0.000" status="1" />
    <testcase name="IntelliBridgeAllowedNumericsIsAllowedTest (2148881457,False)" classname="Philips.PMP.Test.Auto.IntelliBridgeAllowedNumericsTest" time="0.000" status="1" />
    <testcase name="IntelliBridgeAllowedNumericsIsAllowedTest (150020,True)" classname="Philips.PMP.Test.Auto.IntelliBridgeAllowedNumericsTest" time="0.000" status="1" />
    <testcase name="IntelliBridgeAllowedNumericsIsAllowedTest (150021,True)" classname="Philips.PMP.Test.Auto.IntelliBridgeAllowedNumericsTest" time="0.000" status="1" />
    <testcase name="IntelliBridgeAllowedNumericsIsAllowedTest (150022,True)" classname="Philips.PMP.Test.Auto.IntelliBridgeAllowedNumericsTest" time="0.000" status="1" />
    <testcase name="IntelliBridgeAllowedNumericsIsAllowedTest (150023,True)" classname="Philips.PMP.Test.Auto.IntelliBridgeAllowedNumericsTest" time="0.000" status="1" />
    <testcase name="IntelliBridgeAllowedNumericsIsAllowedTest (192741,True)" classname="Philips.PMP.Test.Auto.IntelliBridgeAllowedNumericsTest" time="0.000" status="1" />
    <testcase name="IntelliBridgeAllowedNumericsIsAllowedTest (150036,True)" classname="Philips.PMP.Test.Auto.IntelliBridgeAllowedNumericsTest" time="0.000" status="1" />
    <testcase name="IntelliBridgeAllowedNumericsIsAllowedTest (150037,True)" classname="Philips.PMP.Test.Auto.IntelliBridgeAllowedNumericsTest" time="0.000" status="1" />
    <testcase name="IntelliBridgeAllowedNumericsIsAllowedTest (150038,True)" classname="Philips.PMP.Test.Auto.IntelliBridgeAllowedNumericsTest" time="0.000" status="1" />
    <testcase name="IntelliBridgeAllowedNumericsIsAllowedTest (150039,True)" classname="Philips.PMP.Test.Auto.IntelliBridgeAllowedNumericsTest" time="0.000" status="1" />
    <testcase name="IntelliBridgeAllowedNumericsIsAllowedTest (2147701762,True)" classname="Philips.PMP.Test.Auto.IntelliBridgeAllowedNumericsTest" time="0.000" status="1" />
    <testcase name="IntelliBridgeAllowedNumericsIsAllowedTest (150032,True)" classname="Philips.PMP.Test.Auto.IntelliBridgeAllowedNumericsTest" time="0.000" status="1" />
    <testcase name="IntelliBridgeAllowedNumericsIsAllowedTest (150033,True)" classname="Philips.PMP.Test.Auto.IntelliBridgeAllowedNumericsTest" time="0.000" status="1" />
    <testcase name="IntelliBridgeAllowedNumericsIsAllowedTest (150034,True)" classname="Philips.PMP.Test.Auto.IntelliBridgeAllowedNumericsTest" time="0.000" status="1" />
    <testcase name="IntelliBridgeAllowedNumericsIsAllowedTest (150035,True)" classname="Philips.PMP.Test.Auto.IntelliBridgeAllowedNumericsTest" time="0.000" status="1" />
    <testcase name="IntelliBridgeAllowedNumericsIsAllowedTest (2147701763,True)" classname="Philips.PMP.Test.Auto.IntelliBridgeAllowedNumericsTest" time="0.000" status="1" />
    <testcase name="IntelliBridgeAllowedNumericsIsAllowedTest (150028,True)" classname="Philips.PMP.Test.Auto.IntelliBridgeAllowedNumericsTest" time="0.000" status="1" />
    <testcase name="IntelliBridgeAllowedNumericsIsAllowedTest (150029,True)" classname="Philips.PMP.Test.Auto.IntelliBridgeAllowedNumericsTest" time="0.000" status="1" />
    <testcase name="IntelliBridgeAllowedNumericsIsAllowedTest (150030,True)" classname="Philips.PMP.Test.Auto.IntelliBridgeAllowedNumericsTest" time="0.000" status="1" />
    <testcase name="IntelliBridgeAllowedNumericsIsAllowedTest (150031,True)" classname="Philips.PMP.Test.Auto.IntelliBridgeAllowedNumericsTest" time="0.000" status="1" />
    <testcase name="IntelliBridgeAllowedNumericsIsAllowedTest (2147701764,True)" classname="Philips.PMP.Test.Auto.IntelliBridgeAllowedNumericsTest" time="0.000" status="1" />
    <testcase name="IntelliBridgeAllowedNumericsIsAllowedTest (150044,True)" classname="Philips.PMP.Test.Auto.IntelliBridgeAllowedNumericsTest" time="0.000" status="1" />
    <testcase name="IntelliBridgeAllowedNumericsIsAllowedTest (150045,True)" classname="Philips.PMP.Test.Auto.IntelliBridgeAllowedNumericsTest" time="0.003" status="1" />
    <testcase name="IntelliBridgeAllowedNumericsIsAllowedTest (150046,True)" classname="Philips.PMP.Test.Auto.IntelliBridgeAllowedNumericsTest" time="0.000" status="1" />
    <testcase name="IntelliBridgeAllowedNumericsIsAllowedTest (150047,True)" classname="Philips.PMP.Test.Auto.IntelliBridgeAllowedNumericsTest" time="0.012" status="1" />
    <testcase name="IntelliBridgeAllowedNumericsIsAllowedTest (2147701765,True)" classname="Philips.PMP.Test.Auto.IntelliBridgeAllowedNumericsTest" time="0.000" status="1" />
    <testcase name="IntelliBridgeAllowedNumericsIsAllowedTest (150084,True)" classname="Philips.PMP.Test.Auto.IntelliBridgeAllowedNumericsTest" time="0.000" status="1" />
    <testcase name="IntelliBridgeAllowedNumericsIsAllowedTest (150085,True)" classname="Philips.PMP.Test.Auto.IntelliBridgeAllowedNumericsTest" time="0.000" status="1" />
    <testcase name="IntelliBridgeAllowedNumericsIsAllowedTest (150086,True)" classname="Philips.PMP.Test.Auto.IntelliBridgeAllowedNumericsTest" time="0.000" status="1" />
    <testcase name="IntelliBridgeAllowedNumericsIsAllowedTest (150087,True)" classname="Philips.PMP.Test.Auto.IntelliBridgeAllowedNumericsTest" time="0.000" status="1" />
    <testcase name="IntelliBridgeAllowedNumericsIsAllowedTest (2147701766,True)" classname="Philips.PMP.Test.Auto.IntelliBridgeAllowedNumericsTest" time="0.000" status="1" />
    <testcase name="IntelliBridgeAllowedNumericsIsAllowedTest (150068,True)" classname="Philips.PMP.Test.Auto.IntelliBridgeAllowedNumericsTest" time="0.000" status="1" />
    <testcase name="IntelliBridgeAllowedNumericsIsAllowedTest (150069,True)" classname="Philips.PMP.Test.Auto.IntelliBridgeAllowedNumericsTest" time="0.000" status="1" />
    <testcase name="IntelliBridgeAllowedNumericsIsAllowedTest (150070,True)" classname="Philips.PMP.Test.Auto.IntelliBridgeAllowedNumericsTest" time="0.000" status="1" />
    <testcase name="IntelliBridgeAllowedNumericsIsAllowedTest (150071,True)" classname="Philips.PMP.Test.Auto.IntelliBridgeAllowedNumericsTest" time="0.000" status="1" />
    <testcase name="IntelliBridgeAllowedNumericsIsAllowedTest (2147701767,True)" classname="Philips.PMP.Test.Auto.IntelliBridgeAllowedNumericsTest" time="0.000" status="1" />
    <testcase name="IntelliBridgeAllowedNumericsIsAllowedTest (150064,True)" classname="Philips.PMP.Test.Auto.IntelliBridgeAllowedNumericsTest" time="0.000" status="1" />
    <testcase name="IntelliBridgeAllowedNumericsIsAllowedTest (150065,True)" classname="Philips.PMP.Test.Auto.IntelliBridgeAllowedNumericsTest" time="0.002" status="1" />
    <testcase name="IntelliBridgeAllowedNumericsIsAllowedTest (150066,True)" classname="Philips.PMP.Test.Auto.IntelliBridgeAllowedNumericsTest" time="0.002" status="1" />
    <testcase name="IntelliBridgeAllowedNumericsIsAllowedTest (150067,True)" classname="Philips.PMP.Test.Auto.IntelliBridgeAllowedNumericsTest" time="0.000" status="1" />
    <testcase name="IntelliBridgeAllowedNumericsIsAllowedTest (2147701768,True)" classname="Philips.PMP.Test.Auto.IntelliBridgeAllowedNumericsTest" time="0.000" status="1" />
    <testcase name="IntelliBridgeAllowedNumericsIsAllowedTest (153608,True)" classname="Philips.PMP.Test.Auto.IntelliBridgeAllowedNumericsTest" time="0.000" status="1" />
    <testcase name="IntelliBridgeAllowedNumericsIsAllowedTest (153609,True)" classname="Philips.PMP.Test.Auto.IntelliBridgeAllowedNumericsTest" time="0.000" status="1" />
    <testcase name="IntelliBridgeAllowedNumericsIsAllowedTest (153610,True)" classname="Philips.PMP.Test.Auto.IntelliBridgeAllowedNumericsTest" time="0.000" status="1" />
    <testcase name="IntelliBridgeAllowedNumericsIsAllowedTest (153611,True)" classname="Philips.PMP.Test.Auto.IntelliBridgeAllowedNumericsTest" time="0.000" status="1" />
    <testcase name="IntelliBridgeAllowedNumericsIsAllowedTest (2147701769,True)" classname="Philips.PMP.Test.Auto.IntelliBridgeAllowedNumericsTest" time="0.000" status="1" />
    <testcase name="IntelliBridgeAllowedNumericsIsAllowedTest (150056,True)" classname="Philips.PMP.Test.Auto.IntelliBridgeAllowedNumericsTest" time="0.000" status="1" />
    <testcase name="IntelliBridgeAllowedNumericsIsAllowedTest (150057,True)" classname="Philips.PMP.Test.Auto.IntelliBridgeAllowedNumericsTest" time="0.000" status="1" />
    <testcase name="IntelliBridgeAllowedNumericsIsAllowedTest (150058,True)" classname="Philips.PMP.Test.Auto.IntelliBridgeAllowedNumericsTest" time="0.000" status="1" />
    <testcase name="IntelliBridgeAllowedNumericsIsAllowedTest (150059,True)" classname="Philips.PMP.Test.Auto.IntelliBridgeAllowedNumericsTest" time="0.001" status="1" />
    <testcase name="IntelliBridgeAllowedNumericsIsAllowedTest (2147701770,True)" classname="Philips.PMP.Test.Auto.IntelliBridgeAllowedNumericsTest" time="0.001" status="1" />
    <testcase name="IntelliBridgeAllowedNumericsIsAllowedTest (150088,True)" classname="Philips.PMP.Test.Auto.IntelliBridgeAllowedNumericsTest" time="0.000" status="1" />
    <testcase name="IntelliBridgeAllowedNumericsIsAllowedTest (150089,True)" classname="Philips.PMP.Test.Auto.IntelliBridgeAllowedNumericsTest" time="0.000" status="1" />
    <testcase name="IntelliBridgeAllowedNumericsIsAllowedTest (150090,True)" classname="Philips.PMP.Test.Auto.IntelliBridgeAllowedNumericsTest" time="0.000" status="1" />
    <testcase name="IntelliBridgeAllowedNumericsIsAllowedTest (150091,True)" classname="Philips.PMP.Test.Auto.IntelliBridgeAllowedNumericsTest" time="0.000" status="1" />
    <testcase name="IntelliBridgeAllowedNumericsIsAllowedTest (2147701771,True)" classname="Philips.PMP.Test.Auto.IntelliBridgeAllowedNumericsTest" time="0.000" status="1" />
    <testcase name="IntelliBridgeAllowedNumericsIsAllowedTest (193540,True)" classname="Philips.PMP.Test.Auto.IntelliBridgeAllowedNumericsTest" time="0.000" status="1" />
    <testcase name="IntelliBridgeAllowedNumericsIsAllowedTest (193541,True)" classname="Philips.PMP.Test.Auto.IntelliBridgeAllowedNumericsTest" time="0.000" status="1" />
    <testcase name="IntelliBridgeAllowedNumericsIsAllowedTest (193542,True)" classname="Philips.PMP.Test.Auto.IntelliBridgeAllowedNumericsTest" time="0.000" status="1" />
    <testcase name="IntelliBridgeAllowedNumericsIsAllowedTest (193543,True)" classname="Philips.PMP.Test.Auto.IntelliBridgeAllowedNumericsTest" time="0.000" status="1" />
    <testcase name="IntelliBridgeAllowedNumericsIsAllowedTest (2147701780,True)" classname="Philips.PMP.Test.Auto.IntelliBridgeAllowedNumericsTest" time="0.000" status="1" />
    <testcase name="IntelliBridgeAllowedNumericsIsAllowedTest (192700,True)" classname="Philips.PMP.Test.Auto.IntelliBridgeAllowedNumericsTest" time="0.000" status="1" />
    <testcase name="IntelliBridgeAllowedNumericsIsAllowedTest (192701,True)" classname="Philips.PMP.Test.Auto.IntelliBridgeAllowedNumericsTest" time="0.000" status="1" />
    <testcase name="IntelliBridgeAllowedNumericsIsAllowedTest (192702,True)" classname="Philips.PMP.Test.Auto.IntelliBridgeAllowedNumericsTest" time="0.000" status="1" />
    <testcase name="IntelliBridgeAllowedNumericsIsAllowedTest (192703,True)" classname="Philips.PMP.Test.Auto.IntelliBridgeAllowedNumericsTest" time="0.000" status="1" />
    <testcase name="IntelliBridgeAllowedNumericsIsAllowedTest (2147701812,True)" classname="Philips.PMP.Test.Auto.IntelliBridgeAllowedNumericsTest" time="0.014" status="1" />
    <testcase name="IntelliBridgeAllowedNumericsIsAllowedTest (195740,True)" classname="Philips.PMP.Test.Auto.IntelliBridgeAllowedNumericsTest" time="0.000" status="1" />
    <testcase name="IntelliBridgeAllowedNumericsIsAllowedTest (195741,True)" classname="Philips.PMP.Test.Auto.IntelliBridgeAllowedNumericsTest" time="0.000" status="1" />
    <testcase name="IntelliBridgeAllowedNumericsIsAllowedTest (195742,True)" classname="Philips.PMP.Test.Auto.IntelliBridgeAllowedNumericsTest" time="0.000" status="1" />
    <testcase name="IntelliBridgeAllowedNumericsIsAllowedTest (195743,True)" classname="Philips.PMP.Test.Auto.IntelliBridgeAllowedNumericsTest" time="0.000" status="1" />
    <testcase name="IntelliBridgeAllowedNumericsIsAllowedTest (2147701778,True)" classname="Philips.PMP.Test.Auto.IntelliBridgeAllowedNumericsTest" time="0.000" status="1" />
    <testcase name="IntelliBridgeAllowedNumericsIsAllowedTest (195744,True)" classname="Philips.PMP.Test.Auto.IntelliBridgeAllowedNumericsTest" time="0.000" status="1" />
    <testcase name="IntelliBridgeAllowedNumericsIsAllowedTest (195745,True)" classname="Philips.PMP.Test.Auto.IntelliBridgeAllowedNumericsTest" time="0.000" status="1" />
    <testcase name="IntelliBridgeAllowedNumericsIsAllowedTest (195746,True)" classname="Philips.PMP.Test.Auto.IntelliBridgeAllowedNumericsTest" time="0.000" status="1" />
    <testcase name="IntelliBridgeAllowedNumericsIsAllowedTest (195747,True)" classname="Philips.PMP.Test.Auto.IntelliBridgeAllowedNumericsTest" time="0.000" status="1" />
    <testcase name="IntelliBridgeAllowedNumericsIsAllowedTest (2147701776,True)" classname="Philips.PMP.Test.Auto.IntelliBridgeAllowedNumericsTest" time="0.003" status="1" />
    <testcase name="IntelliBridgeAllowedNumericsIsAllowedTest (192704,True)" classname="Philips.PMP.Test.Auto.IntelliBridgeAllowedNumericsTest" time="0.000" status="1" />
    <testcase name="IntelliBridgeAllowedNumericsIsAllowedTest (192705,True)" classname="Philips.PMP.Test.Auto.IntelliBridgeAllowedNumericsTest" time="0.000" status="1" />
    <testcase name="IntelliBridgeAllowedNumericsIsAllowedTest (192706,True)" classname="Philips.PMP.Test.Auto.IntelliBridgeAllowedNumericsTest" time="0.000" status="1" />
    <testcase name="IntelliBridgeAllowedNumericsIsAllowedTest (192707,True)" classname="Philips.PMP.Test.Auto.IntelliBridgeAllowedNumericsTest" time="0.000" status="1" />
    <testcase name="IntelliBridgeAllowedNumericsIsAllowedTest (2147701815,True)" classname="Philips.PMP.Test.Auto.IntelliBridgeAllowedNumericsTest" time="0.002" status="1" />
    <testcase name="IntelliBridgeAllowedNumericsIsAllowedTest (192692,False)" classname="Philips.PMP.Test.Auto.IntelliBridgeAllowedNumericsTest" time="0.001" status="1" />
    <testcase name="IntelliBridgeAllowedNumericsIsAllowedTest (192693,False)" classname="Philips.PMP.Test.Auto.IntelliBridgeAllowedNumericsTest" time="0.000" status="1" />
    <testcase name="IntelliBridgeAllowedNumericsIsAllowedTest (192694,False)" classname="Philips.PMP.Test.Auto.IntelliBridgeAllowedNumericsTest" time="0.000" status="1" />
    <testcase name="IntelliBridgeAllowedNumericsIsAllowedTest (192695,False)" classname="Philips.PMP.Test.Auto.IntelliBridgeAllowedNumericsTest" time="0.000" status="1" />
    <testcase name="IntelliBridgeAllowedNumericsIsAllowedTest (2147701806,False)" classname="Philips.PMP.Test.Auto.IntelliBridgeAllowedNumericsTest" time="0.000" status="1" />
    <testcase name="IntelliBridgeAllowedNumericsIsAllowedTest (192696,False)" classname="Philips.PMP.Test.Auto.IntelliBridgeAllowedNumericsTest" time="0.000" status="1" />
    <testcase name="IntelliBridgeAllowedNumericsIsAllowedTest (192697,False)" classname="Philips.PMP.Test.Auto.IntelliBridgeAllowedNumericsTest" time="0.000" status="1" />
    <testcase name="IntelliBridgeAllowedNumericsIsAllowedTest (192698,False)" classname="Philips.PMP.Test.Auto.IntelliBridgeAllowedNumericsTest" time="0.000" status="1" />
    <testcase name="IntelliBridgeAllowedNumericsIsAllowedTest (192699,False)" classname="Philips.PMP.Test.Auto.IntelliBridgeAllowedNumericsTest" time="0.000" status="1" />
    <testcase name="IntelliBridgeAllowedNumericsIsAllowedTest (2147701809,False)" classname="Philips.PMP.Test.Auto.IntelliBridgeAllowedNumericsTest" time="0.000" status="1" />
    <testcase name="IntelliBridgeAllowedNumericsIsAllowedTest (195784,False)" classname="Philips.PMP.Test.Auto.IntelliBridgeAllowedNumericsTest" time="0.000" status="1" />
    <testcase name="IntelliBridgeAllowedNumericsIsAllowedTest (195785,False)" classname="Philips.PMP.Test.Auto.IntelliBridgeAllowedNumericsTest" time="0.000" status="1" />
    <testcase name="IntelliBridgeAllowedNumericsIsAllowedTest (195786,False)" classname="Philips.PMP.Test.Auto.IntelliBridgeAllowedNumericsTest" time="0.000" status="1" />
    <testcase name="IntelliBridgeAllowedNumericsIsAllowedTest (195787,False)" classname="Philips.PMP.Test.Auto.IntelliBridgeAllowedNumericsTest" time="0.000" status="1" />
    <testcase name="IntelliBridgeAllowedNumericsIsAllowedTest (2147701782,False)" classname="Philips.PMP.Test.Auto.IntelliBridgeAllowedNumericsTest" time="0.000" status="1" />
    <testcase name="IntelliBridgeAllowedNumericsIsAllowedTest (195780,True)" classname="Philips.PMP.Test.Auto.IntelliBridgeAllowedNumericsTest" time="0.000" status="1" />
    <testcase name="IntelliBridgeAllowedNumericsIsAllowedTest (195781,True)" classname="Philips.PMP.Test.Auto.IntelliBridgeAllowedNumericsTest" time="0.000" status="1" />
    <testcase name="IntelliBridgeAllowedNumericsIsAllowedTest (195782,True)" classname="Philips.PMP.Test.Auto.IntelliBridgeAllowedNumericsTest" time="0.016" status="1" />
    <testcase name="IntelliBridgeAllowedNumericsIsAllowedTest (195783,True)" classname="Philips.PMP.Test.Auto.IntelliBridgeAllowedNumericsTest" time="0.000" status="1" />
    <testcase name="IntelliBridgeAllowedNumericsIsAllowedTest (2147701784,True)" classname="Philips.PMP.Test.Auto.IntelliBridgeAllowedNumericsTest" time="0.000" status="1" />
    <testcase name="IntelliBridgeAllowedNumericsIsAllowedTest (195732,True)" classname="Philips.PMP.Test.Auto.IntelliBridgeAllowedNumericsTest" time="0.000" status="1" />
    <testcase name="IntelliBridgeAllowedNumericsIsAllowedTest (195733,True)" classname="Philips.PMP.Test.Auto.IntelliBridgeAllowedNumericsTest" time="0.000" status="1" />
    <testcase name="IntelliBridgeAllowedNumericsIsAllowedTest (195734,True)" classname="Philips.PMP.Test.Auto.IntelliBridgeAllowedNumericsTest" time="0.000" status="1" />
    <testcase name="IntelliBridgeAllowedNumericsIsAllowedTest (195735,True)" classname="Philips.PMP.Test.Auto.IntelliBridgeAllowedNumericsTest" time="0.000" status="1" />
    <testcase name="IntelliBridgeAllowedNumericsIsAllowedTest (2147701779,True)" classname="Philips.PMP.Test.Auto.IntelliBridgeAllowedNumericsTest" time="0.000" status="1" />
    <testcase name="IntelliBridgeAllowedNumericsIsAllowedTest (195736,True)" classname="Philips.PMP.Test.Auto.IntelliBridgeAllowedNumericsTest" time="0.000" status="1" />
    <testcase name="IntelliBridgeAllowedNumericsIsAllowedTest (195737,True)" classname="Philips.PMP.Test.Auto.IntelliBridgeAllowedNumericsTest" time="0.000" status="1" />
    <testcase name="IntelliBridgeAllowedNumericsIsAllowedTest (195738,True)" classname="Philips.PMP.Test.Auto.IntelliBridgeAllowedNumericsTest" time="0.000" status="1" />
    <testcase name="IntelliBridgeAllowedNumericsIsAllowedTest (195739,True)" classname="Philips.PMP.Test.Auto.IntelliBridgeAllowedNumericsTest" time="0.000" status="1" />
    <testcase name="IntelliBridgeAllowedNumericsIsAllowedTest (2147701773,True)" classname="Philips.PMP.Test.Auto.IntelliBridgeAllowedNumericsTest" time="0.000" status="1" />
    <testcase name="IntelliBridgeAllowedNumericsIsAllowedTest (195748,True)" classname="Philips.PMP.Test.Auto.IntelliBridgeAllowedNumericsTest" time="0.000" status="1" />
    <testcase name="IntelliBridgeAllowedNumericsIsAllowedTest (195749,True)" classname="Philips.PMP.Test.Auto.IntelliBridgeAllowedNumericsTest" time="0.000" status="1" />
    <testcase name="IntelliBridgeAllowedNumericsIsAllowedTest (195750,True)" classname="Philips.PMP.Test.Auto.IntelliBridgeAllowedNumericsTest" time="0.005" status="1" />
    <testcase name="IntelliBridgeAllowedNumericsIsAllowedTest (195751,True)" classname="Philips.PMP.Test.Auto.IntelliBridgeAllowedNumericsTest" time="0.009" status="1" />
    <testcase name="IntelliBridgeAllowedNumericsIsAllowedTest (2147701775,True)" classname="Philips.PMP.Test.Auto.IntelliBridgeAllowedNumericsTest" time="0.006" status="1" />
    <testcase name="IntelliBridgeAllowedNumericsIsAllowedTest (195752,True)" classname="Philips.PMP.Test.Auto.IntelliBridgeAllowedNumericsTest" time="0.007" status="1" />
    <testcase name="IntelliBridgeAllowedNumericsIsAllowedTest (195753,True)" classname="Philips.PMP.Test.Auto.IntelliBridgeAllowedNumericsTest" time="0.013" status="1" />
    <testcase name="IntelliBridgeAllowedNumericsIsAllowedTest (195754,True)" classname="Philips.PMP.Test.Auto.IntelliBridgeAllowedNumericsTest" time="0.019" status="1" />
    <testcase name="IntelliBridgeAllowedNumericsIsAllowedTest (195755,True)" classname="Philips.PMP.Test.Auto.IntelliBridgeAllowedNumericsTest" time="0.005" status="1" />
    <testcase name="IntelliBridgeAllowedNumericsIsAllowedTest (2147701774,True)" classname="Philips.PMP.Test.Auto.IntelliBridgeAllowedNumericsTest" time="0.009" status="1" />
    <testcase name="IntelliBridgeAllowedNumericsIsAllowedTest (195756,True)" classname="Philips.PMP.Test.Auto.IntelliBridgeAllowedNumericsTest" time="0.002" status="1" />
    <testcase name="IntelliBridgeAllowedNumericsIsAllowedTest (195757,True)" classname="Philips.PMP.Test.Auto.IntelliBridgeAllowedNumericsTest" time="0.004" status="1" />
    <testcase name="IntelliBridgeAllowedNumericsIsAllowedTest (195758,True)" classname="Philips.PMP.Test.Auto.IntelliBridgeAllowedNumericsTest" time="0.005" status="1" />
    <testcase name="IntelliBridgeAllowedNumericsIsAllowedTest (195759,True)" classname="Philips.PMP.Test.Auto.IntelliBridgeAllowedNumericsTest" time="0.001" status="1" />
    <testcase name="IntelliBridgeAllowedNumericsIsAllowedTest (2147701777,True)" classname="Philips.PMP.Test.Auto.IntelliBridgeAllowedNumericsTest" time="0.003" status="1" />
    <testcase name="IntelliBridgeAllowedNumericsIsAllowedTest (195760,True)" classname="Philips.PMP.Test.Auto.IntelliBridgeAllowedNumericsTest" time="0.005" status="1" />
    <testcase name="IntelliBridgeAllowedNumericsIsAllowedTest (195761,True)" classname="Philips.PMP.Test.Auto.IntelliBridgeAllowedNumericsTest" time="0.003" status="1" />
    <testcase name="IntelliBridgeAllowedNumericsIsAllowedTest (195762,True)" classname="Philips.PMP.Test.Auto.IntelliBridgeAllowedNumericsTest" time="0.005" status="1" />
    <testcase name="IntelliBridgeAllowedNumericsIsAllowedTest (195763,True)" classname="Philips.PMP.Test.Auto.IntelliBridgeAllowedNumericsTest" time="0.001" status="1" />
    <testcase name="IntelliBridgeAllowedNumericsIsAllowedTest (2147701772,True)" classname="Philips.PMP.Test.Auto.IntelliBridgeAllowedNumericsTest" time="0.000" status="1" />
    <testcase name="IntelliBridgeAllowedNumericsIsAllowedTest (195764,True)" classname="Philips.PMP.Test.Auto.IntelliBridgeAllowedNumericsTest" time="0.007" status="1" />
    <testcase name="IntelliBridgeAllowedNumericsIsAllowedTest (195765,True)" classname="Philips.PMP.Test.Auto.IntelliBridgeAllowedNumericsTest" time="0.001" status="1" />
    <testcase name="IntelliBridgeAllowedNumericsIsAllowedTest (195766,True)" classname="Philips.PMP.Test.Auto.IntelliBridgeAllowedNumericsTest" time="0.004" status="1" />
    <testcase name="IntelliBridgeAllowedNumericsIsAllowedTest (195767,True)" classname="Philips.PMP.Test.Auto.IntelliBridgeAllowedNumericsTest" time="0.002" status="1" />
    <testcase name="IntelliBridgeAllowedNumericsIsAllowedTest (2147701788,True)" classname="Philips.PMP.Test.Auto.IntelliBridgeAllowedNumericsTest" time="0.000" status="1" />
    <testcase name="IntelliBridgeAllowedNumericsIsAllowedTest (195768,True)" classname="Philips.PMP.Test.Auto.IntelliBridgeAllowedNumericsTest" time="0.001" status="1" />
    <testcase name="IntelliBridgeAllowedNumericsIsAllowedTest (195769,True)" classname="Philips.PMP.Test.Auto.IntelliBridgeAllowedNumericsTest" time="0.015" status="1" />
    <testcase name="IntelliBridgeAllowedNumericsIsAllowedTest (195770,True)" classname="Philips.PMP.Test.Auto.IntelliBridgeAllowedNumericsTest" time="0.033" status="1" />
    <testcase name="IntelliBridgeAllowedNumericsIsAllowedTest (195771,True)" classname="Philips.PMP.Test.Auto.IntelliBridgeAllowedNumericsTest" time="0.001" status="1" />
    <testcase name="IntelliBridgeAllowedNumericsIsAllowedTest (2147701790,True)" classname="Philips.PMP.Test.Auto.IntelliBridgeAllowedNumericsTest" time="0.000" status="1" />
    <testcase name="IntelliBridgeAllowedNumericsIsAllowedTest (195772,True)" classname="Philips.PMP.Test.Auto.IntelliBridgeAllowedNumericsTest" time="0.001" status="1" />
    <testcase name="IntelliBridgeAllowedNumericsIsAllowedTest (195773,True)" classname="Philips.PMP.Test.Auto.IntelliBridgeAllowedNumericsTest" time="0.001" status="1" />
    <testcase name="IntelliBridgeAllowedNumericsIsAllowedTest (195774,True)" classname="Philips.PMP.Test.Auto.IntelliBridgeAllowedNumericsTest" time="0.004" status="1" />
    <testcase name="IntelliBridgeAllowedNumericsIsAllowedTest (195775,True)" classname="Philips.PMP.Test.Auto.IntelliBridgeAllowedNumericsTest" time="0.006" status="1" />
    <testcase name="IntelliBridgeAllowedNumericsIsAllowedTest (2147701789,True)" classname="Philips.PMP.Test.Auto.IntelliBridgeAllowedNumericsTest" time="0.007" status="1" />
    <testcase name="IntelliBridgeAllowedNumericsIsAllowedTest (195776,True)" classname="Philips.PMP.Test.Auto.IntelliBridgeAllowedNumericsTest" time="0.007" status="1" />
    <testcase name="IntelliBridgeAllowedNumericsIsAllowedTest (195777,True)" classname="Philips.PMP.Test.Auto.IntelliBridgeAllowedNumericsTest" time="0.003" status="1" />
    <testcase name="IntelliBridgeAllowedNumericsIsAllowedTest (195778,True)" classname="Philips.PMP.Test.Auto.IntelliBridgeAllowedNumericsTest" time="0.008" status="1" />
    <testcase name="IntelliBridgeAllowedNumericsIsAllowedTest (195779,True)" classname="Philips.PMP.Test.Auto.IntelliBridgeAllowedNumericsTest" time="0.007" status="1" />
    <testcase name="IntelliBridgeAllowedNumericsIsAllowedTest (2147701787,True)" classname="Philips.PMP.Test.Auto.IntelliBridgeAllowedNumericsTest" time="0.006" status="1" />
    <testcase name="IntelliBridgeAllowedNumericsIsAllowedTest (150016,True)" classname="Philips.PMP.Test.Auto.IntelliBridgeAllowedNumericsTest" time="0.006" status="1" />
    <testcase name="IntelliBridgeAllowedNumericsIsAllowedTest (150017,True)" classname="Philips.PMP.Test.Auto.IntelliBridgeAllowedNumericsTest" time="0.001" status="1" />
    <testcase name="IntelliBridgeAllowedNumericsIsAllowedTest (150018,True)" classname="Philips.PMP.Test.Auto.IntelliBridgeAllowedNumericsTest" time="0.003" status="1" />
    <testcase name="IntelliBridgeAllowedNumericsIsAllowedTest (150019,True)" classname="Philips.PMP.Test.Auto.IntelliBridgeAllowedNumericsTest" time="0.008" status="1" />
    <testcase name="IntelliBridgeAllowedNumericsIsAllowedTest (2147701761,True)" classname="Philips.PMP.Test.Auto.IntelliBridgeAllowedNumericsTest" time="0.002" status="1" />
    <testcase name="IntelliBridgeAllowedNumericsIsAllowedTest (192676,True)" classname="Philips.PMP.Test.Auto.IntelliBridgeAllowedNumericsTest" time="0.003" status="1" />
    <testcase name="IntelliBridgeAllowedNumericsIsAllowedTest (192677,True)" classname="Philips.PMP.Test.Auto.IntelliBridgeAllowedNumericsTest" time="0.011" status="1" />
    <testcase name="IntelliBridgeAllowedNumericsIsAllowedTest (192678,True)" classname="Philips.PMP.Test.Auto.IntelliBridgeAllowedNumericsTest" time="0.007" status="1" />
    <testcase name="IntelliBridgeAllowedNumericsIsAllowedTest (192679,True)" classname="Philips.PMP.Test.Auto.IntelliBridgeAllowedNumericsTest" time="0.016" status="1" />
    <testcase name="IntelliBridgeAllowedNumericsIsAllowedTest (2147701794,True)" classname="Philips.PMP.Test.Auto.IntelliBridgeAllowedNumericsTest" time="0.002" status="1" />
    <testcase name="IntelliBridgeAllowedNumericsIsAllowedTest (192680,True)" classname="Philips.PMP.Test.Auto.IntelliBridgeAllowedNumericsTest" time="0.001" status="1" />
    <testcase name="IntelliBridgeAllowedNumericsIsAllowedTest (192681,True)" classname="Philips.PMP.Test.Auto.IntelliBridgeAllowedNumericsTest" time="0.002" status="1" />
    <testcase name="IntelliBridgeAllowedNumericsIsAllowedTest (192682,True)" classname="Philips.PMP.Test.Auto.IntelliBridgeAllowedNumericsTest" time="0.000" status="1" />
    <testcase name="IntelliBridgeAllowedNumericsIsAllowedTest (192683,True)" classname="Philips.PMP.Test.Auto.IntelliBridgeAllowedNumericsTest" time="0.000" status="1" />
    <testcase name="IntelliBridgeAllowedNumericsIsAllowedTest (2147701797,True)" classname="Philips.PMP.Test.Auto.IntelliBridgeAllowedNumericsTest" time="0.000" status="1" />
    <testcase name="IntelliBridgeAllowedNumericsIsAllowedTest (192684,True)" classname="Philips.PMP.Test.Auto.IntelliBridgeAllowedNumericsTest" time="0.000" status="1" />
    <testcase name="IntelliBridgeAllowedNumericsIsAllowedTest (192685,True)" classname="Philips.PMP.Test.Auto.IntelliBridgeAllowedNumericsTest" time="0.000" status="1" />
    <testcase name="IntelliBridgeAllowedNumericsIsAllowedTest (192686,True)" classname="Philips.PMP.Test.Auto.IntelliBridgeAllowedNumericsTest" time="0.000" status="1" />
    <testcase name="IntelliBridgeAllowedNumericsIsAllowedTest (192687,True)" classname="Philips.PMP.Test.Auto.IntelliBridgeAllowedNumericsTest" time="0.005" status="1" />
    <testcase name="IntelliBridgeAllowedNumericsIsAllowedTest (2147701800,True)" classname="Philips.PMP.Test.Auto.IntelliBridgeAllowedNumericsTest" time="0.000" status="1" />
    <testcase name="IntelliBridgeAllowedNumericsIsAllowedTest (192688,True)" classname="Philips.PMP.Test.Auto.IntelliBridgeAllowedNumericsTest" time="0.000" status="1" />
    <testcase name="IntelliBridgeAllowedNumericsIsAllowedTest (192689,True)" classname="Philips.PMP.Test.Auto.IntelliBridgeAllowedNumericsTest" time="0.000" status="1" />
    <testcase name="IntelliBridgeAllowedNumericsIsAllowedTest (192690,True)" classname="Philips.PMP.Test.Auto.IntelliBridgeAllowedNumericsTest" time="0.000" status="1" />
    <testcase name="IntelliBridgeAllowedNumericsIsAllowedTest (192691,True)" classname="Philips.PMP.Test.Auto.IntelliBridgeAllowedNumericsTest" time="0.000" status="1" />
    <testcase name="IntelliBridgeAllowedNumericsIsAllowedTest (2147701803,True)" classname="Philips.PMP.Test.Auto.IntelliBridgeAllowedNumericsTest" time="0.000" status="1" />
    <testcase name="IntelliBridgeAllowedNumericsIsAllowedTest (192632,False)" classname="Philips.PMP.Test.Auto.IntelliBridgeAllowedNumericsTest" time="0.000" status="1" />
    <testcase name="IntelliBridgeAllowedNumericsIsAllowedTest (150052,True)" classname="Philips.PMP.Test.Auto.IntelliBridgeAllowedNumericsTest" time="0.000" status="1" />
    <testcase name="IntelliBridgeAllowedNumericsIsAllowedTest (153604,True)" classname="Philips.PMP.Test.Auto.IntelliBridgeAllowedNumericsTest" time="0.000" status="1" />
    <testcase name="IntelliBridgeAllowedNumericsIsAllowedTest (192739,False)" classname="Philips.PMP.Test.Auto.IntelliBridgeAllowedNumericsTest" time="0.000" status="1" />
    <testcase name="IntelliBridgeAllowedNumericsIsAllowedTest (195569,False)" classname="Philips.PMP.Test.Auto.IntelliBridgeAllowedNumericsTest" time="0.000" status="1" />
    <testcase name="IntelliBridgeAllowedNumericsIsAllowedTest (150492,True)" classname="Philips.PMP.Test.Auto.IntelliBridgeAllowedNumericsTest" time="0.000" status="1" />
    <testcase name="IntelliBridgeAllowedNumericsIsAllowedTest (192583,True)" classname="Philips.PMP.Test.Auto.IntelliBridgeAllowedNumericsTest" time="0.000" status="1" />
    <testcase name="IntelliBridgeAllowedNumericsIsAllowedTest (150404,True)" classname="Philips.PMP.Test.Auto.IntelliBridgeAllowedNumericsTest" time="0.000" status="1" />
    <testcase name="IntelliBridgeAllowedNumericsIsAllowedTest (192584,True)" classname="Philips.PMP.Test.Auto.IntelliBridgeAllowedNumericsTest" time="0.000" status="1" />
    <testcase name="IntelliBridgeAllowedNumericsIsAllowedTest (192585,True)" classname="Philips.PMP.Test.Auto.IntelliBridgeAllowedNumericsTest" time="0.000" status="1" />
    <testcase name="IntelliBridgeAllowedNumericsIsAllowedTest (150565,False)" classname="Philips.PMP.Test.Auto.IntelliBridgeAllowedNumericsTest" time="0.000" status="1" />
    <testcase name="IntelliBridgeAllowedNumericsIsAllowedTest (150276,True)" classname="Philips.PMP.Test.Auto.IntelliBridgeAllowedNumericsTest" time="0.000" status="1" />
    <testcase name="IntelliBridgeAllowedNumericsIsAllowedTest (149772,True)" classname="Philips.PMP.Test.Auto.IntelliBridgeAllowedNumericsTest" time="0.000" status="1" />
    <testcase name="IntelliBridgeAllowedNumericsIsAllowedTest (192576,False)" classname="Philips.PMP.Test.Auto.IntelliBridgeAllowedNumericsTest" time="0.000" status="1" />
    <testcase name="IntelliBridgeAllowedNumericsIsAllowedTest (192577,False)" classname="Philips.PMP.Test.Auto.IntelliBridgeAllowedNumericsTest" time="0.000" status="1" />
    <testcase name="IntelliBridgeAllowedNumericsIsAllowedTest (192578,False)" classname="Philips.PMP.Test.Auto.IntelliBridgeAllowedNumericsTest" time="0.000" status="1" />
    <testcase name="IntelliBridgeAllowedNumericsIsAllowedTest (192579,False)" classname="Philips.PMP.Test.Auto.IntelliBridgeAllowedNumericsTest" time="0.000" status="1" />
    <testcase name="IntelliBridgeAllowedNumericsIsAllowedTest (192580,True)" classname="Philips.PMP.Test.Auto.IntelliBridgeAllowedNumericsTest" time="0.000" status="1" />
    <testcase name="IntelliBridgeAllowedNumericsIsAllowedTest (192581,True)" classname="Philips.PMP.Test.Auto.IntelliBridgeAllowedNumericsTest" time="0.000" status="1" />
    <testcase name="IntelliBridgeAllowedNumericsIsAllowedTest (192582,True)" classname="Philips.PMP.Test.Auto.IntelliBridgeAllowedNumericsTest" time="0.000" status="1" />
    <testcase name="IntelliBridgeAllowedNumericsIsAllowedTest (192774,True)" classname="Philips.PMP.Test.Auto.IntelliBridgeAllowedNumericsTest" time="0.000" status="1" />
    <testcase name="IntelliBridgeAllowedNumericsIsAllowedTest (192773,True)" classname="Philips.PMP.Test.Auto.IntelliBridgeAllowedNumericsTest" time="0.000" status="1" />
    <testcase name="IntelliBridgeAllowedNumericsIsAllowedTest (195595,False)" classname="Philips.PMP.Test.Auto.IntelliBridgeAllowedNumericsTest" time="0.000" status="1" />
    <testcase name="IntelliBridgeAllowedNumericsIsAllowedTest (195596,False)" classname="Philips.PMP.Test.Auto.IntelliBridgeAllowedNumericsTest" time="0.000" status="1" />
    <testcase name="IntelliBridgeAllowedNumericsIsAllowedTest (192769,False)" classname="Philips.PMP.Test.Auto.IntelliBridgeAllowedNumericsTest" time="0.000" status="1" />
    <testcase name="IntelliBridgeAllowedNumericsIsAllowedTest (192842,False)" classname="Philips.PMP.Test.Auto.IntelliBridgeAllowedNumericsTest" time="0.000" status="1" />
    <testcase name="IntelliBridgeAllowedNumericsIsAllowedTest (150324,True)" classname="Philips.PMP.Test.Auto.IntelliBridgeAllowedNumericsTest" time="0.000" status="1" />
    <testcase name="IntelliBridgeAllowedNumericsIsAllowedTest (150332,True)" classname="Philips.PMP.Test.Auto.IntelliBridgeAllowedNumericsTest" time="0.000" status="1" />
    <testcase name="IntelliBridgeAllowedNumericsIsAllowedTest (192768,False)" classname="Philips.PMP.Test.Auto.IntelliBridgeAllowedNumericsTest" time="0.000" status="1" />
    <testcase name="IntelliBridgeAllowedNumericsIsAllowedTest (150316,True)" classname="Philips.PMP.Test.Auto.IntelliBridgeAllowedNumericsTest" time="0.001" status="1" />
    <testcase name="IntelliBridgeAllowedNumericsIsAllowedTest (194717,False)" classname="Philips.PMP.Test.Auto.IntelliBridgeAllowedNumericsTest" time="0.000" status="1" />
    <testcase name="IntelliBridgeAllowedNumericsIsAllowedTest (194718,False)" classname="Philips.PMP.Test.Auto.IntelliBridgeAllowedNumericsTest" time="0.000" status="1" />
    <testcase name="IntelliBridgeAllowedNumericsIsAllowedTest (194914,False)" classname="Philips.PMP.Test.Auto.IntelliBridgeAllowedNumericsTest" time="0.000" status="1" />
    <testcase name="IntelliBridgeAllowedNumericsIsAllowedTest (194915,False)" classname="Philips.PMP.Test.Auto.IntelliBridgeAllowedNumericsTest" time="0.000" status="1" />
    <testcase name="IntelliBridgeAllowedNumericsIsAllowedTest (194916,False)" classname="Philips.PMP.Test.Auto.IntelliBridgeAllowedNumericsTest" time="0.000" status="1" />
    <testcase name="IntelliBridgeAllowedNumericsIsAllowedTest (194917,False)" classname="Philips.PMP.Test.Auto.IntelliBridgeAllowedNumericsTest" time="0.000" status="1" />
    <testcase name="IntelliBridgeAllowedNumericsIsAllowedTest (192626,False)" classname="Philips.PMP.Test.Auto.IntelliBridgeAllowedNumericsTest" time="0.000" status="1" />
    <testcase name="IntelliBridgeAllowedNumericsIsAllowedTest (192627,False)" classname="Philips.PMP.Test.Auto.IntelliBridgeAllowedNumericsTest" time="0.017" status="1" />
    <testcase name="IntelliBridgeAllowedNumericsIsAllowedTest (192629,False)" classname="Philips.PMP.Test.Auto.IntelliBridgeAllowedNumericsTest" time="0.001" status="1" />
    <testcase name="IntelliBridgeAllowedNumericsIsAllowedTest (192628,False)" classname="Philips.PMP.Test.Auto.IntelliBridgeAllowedNumericsTest" time="0.001" status="1" />
    <testcase name="IntelliBridgeAllowedNumericsIsAllowedTest (192621,False)" classname="Philips.PMP.Test.Auto.IntelliBridgeAllowedNumericsTest" time="0.000" status="1" />
    <testcase name="IntelliBridgeAllowedNumericsIsAllowedTest (192622,False)" classname="Philips.PMP.Test.Auto.IntelliBridgeAllowedNumericsTest" time="0.000" status="1" />
    <testcase name="IntelliBridgeAllowedNumericsIsAllowedTest (192623,False)" classname="Philips.PMP.Test.Auto.IntelliBridgeAllowedNumericsTest" time="0.000" status="1" />
    <testcase name="IntelliBridgeAllowedNumericsIsAllowedTest (192624,False)" classname="Philips.PMP.Test.Auto.IntelliBridgeAllowedNumericsTest" time="0.000" status="1" />
    <testcase name="IntelliBridgeAllowedNumericsIsAllowedTest (150336,False)" classname="Philips.PMP.Test.Auto.IntelliBridgeAllowedNumericsTest" time="0.000" status="1" />
    <testcase name="IntelliBridgeAllowedNumericsIsAllowedTest (192620,False)" classname="Philips.PMP.Test.Auto.IntelliBridgeAllowedNumericsTest" time="0.000" status="1" />
    <testcase name="IntelliBridgeAllowedNumericsIsAllowedTest (195835,True)" classname="Philips.PMP.Test.Auto.IntelliBridgeAllowedNumericsTest" time="0.000" status="1" />
    <testcase name="IntelliBridgeAllowedNumericsIsAllowedTest (195836,True)" classname="Philips.PMP.Test.Auto.IntelliBridgeAllowedNumericsTest" time="0.000" status="1" />
    <testcase name="IntelliBridgeAllowedNumericsIsAllowedTest (195837,True)" classname="Philips.PMP.Test.Auto.IntelliBridgeAllowedNumericsTest" time="0.011" status="1" />
    <testcase name="IntelliBridgeAllowedNumericsIsAllowedTest (195838,True)" classname="Philips.PMP.Test.Auto.IntelliBridgeAllowedNumericsTest" time="0.000" status="1" />
    <testcase name="IntelliBridgeAllowedNumericsIsAllowedTest (195843,False)" classname="Philips.PMP.Test.Auto.IntelliBridgeAllowedNumericsTest" time="0.000" status="1" />
    <testcase name="IntelliBridgeAllowedNumericsIsAllowedTest (195844,False)" classname="Philips.PMP.Test.Auto.IntelliBridgeAllowedNumericsTest" time="0.000" status="1" />
    <testcase name="IntelliBridgeAllowedNumericsIsAllowedTest (195845,False)" classname="Philips.PMP.Test.Auto.IntelliBridgeAllowedNumericsTest" time="0.000" status="1" />
    <testcase name="IntelliBridgeAllowedNumericsIsAllowedTest (195846,False)" classname="Philips.PMP.Test.Auto.IntelliBridgeAllowedNumericsTest" time="0.000" status="1" />
    <testcase name="IntelliBridgeAllowedNumericsIsAllowedTest (195847,False)" classname="Philips.PMP.Test.Auto.IntelliBridgeAllowedNumericsTest" time="0.000" status="1" />
    <testcase name="IntelliBridgeAllowedNumericsIsAllowedTest (195848,False)" classname="Philips.PMP.Test.Auto.IntelliBridgeAllowedNumericsTest" time="0.000" status="1" />
    <testcase name="IntelliBridgeAllowedNumericsIsAllowedTest (195849,False)" classname="Philips.PMP.Test.Auto.IntelliBridgeAllowedNumericsTest" time="0.000" status="1" />
    <testcase name="IntelliBridgeAllowedNumericsIsAllowedTest (195850,False)" classname="Philips.PMP.Test.Auto.IntelliBridgeAllowedNumericsTest" time="0.000" status="1" />
    <testcase name="IntelliBridgeAllowedNumericsIsAllowedTest (195839,False)" classname="Philips.PMP.Test.Auto.IntelliBridgeAllowedNumericsTest" time="0.000" status="1" />
    <testcase name="IntelliBridgeAllowedNumericsIsAllowedTest (195840,False)" classname="Philips.PMP.Test.Auto.IntelliBridgeAllowedNumericsTest" time="0.000" status="1" />
    <testcase name="IntelliBridgeAllowedNumericsIsAllowedTest (195841,False)" classname="Philips.PMP.Test.Auto.IntelliBridgeAllowedNumericsTest" time="0.000" status="1" />
    <testcase name="IntelliBridgeAllowedNumericsIsAllowedTest (195842,False)" classname="Philips.PMP.Test.Auto.IntelliBridgeAllowedNumericsTest" time="0.000" status="1" />
    <testcase name="IntelliBridgeAllowedNumericsIsAllowedTest (192593,True)" classname="Philips.PMP.Test.Auto.IntelliBridgeAllowedNumericsTest" time="0.000" status="1" />
    <testcase name="IntelliBridgeAllowedNumericsIsAllowedTest (151760,True)" classname="Philips.PMP.Test.Auto.IntelliBridgeAllowedNumericsTest" time="0.000" status="1" />
    <testcase name="IntelliBridgeAllowedNumericsIsAllowedTest (151756,True)" classname="Philips.PMP.Test.Auto.IntelliBridgeAllowedNumericsTest" time="0.011" status="1" />
    <testcase name="IntelliBridgeAllowedNumericsIsAllowedTest (192574,False)" classname="Philips.PMP.Test.Auto.IntelliBridgeAllowedNumericsTest" time="0.000" status="1" />
    <testcase name="IntelliBridgeAllowedNumericsIsAllowedTest (192575,False)" classname="Philips.PMP.Test.Auto.IntelliBridgeAllowedNumericsTest" time="0.000" status="1" />
    <testcase name="IntelliBridgeAllowedNumericsIsAllowedTest (192630,False)" classname="Philips.PMP.Test.Auto.IntelliBridgeAllowedNumericsTest" time="0.000" status="1" />
    <testcase name="IntelliBridgeAllowedNumericsIsAllowedTest (151724,True)" classname="Philips.PMP.Test.Auto.IntelliBridgeAllowedNumericsTest" time="0.000" status="1" />
    <testcase name="IntelliBridgeAllowedNumericsIsAllowedTest (151728,True)" classname="Philips.PMP.Test.Auto.IntelliBridgeAllowedNumericsTest" time="0.000" status="1" />
    <testcase name="IntelliBridgeAllowedNumericsIsAllowedTest (151738,True)" classname="Philips.PMP.Test.Auto.IntelliBridgeAllowedNumericsTest" time="0.000" status="1" />
    <testcase name="IntelliBridgeAllowedNumericsIsAllowedTest (192738,True)" classname="Philips.PMP.Test.Auto.IntelliBridgeAllowedNumericsTest" time="0.000" status="1" />
    <testcase name="IntelliBridgeAllowedNumericsIsAllowedTest (151570,True)" classname="Philips.PMP.Test.Auto.IntelliBridgeAllowedNumericsTest" time="0.000" status="1" />
    <testcase name="IntelliBridgeAllowedNumericsIsAllowedTest (151908,True)" classname="Philips.PMP.Test.Auto.IntelliBridgeAllowedNumericsTest" time="0.013" status="1" />
    <testcase name="IntelliBridgeAllowedNumericsIsAllowedTest (152440,True)" classname="Philips.PMP.Test.Auto.IntelliBridgeAllowedNumericsTest" time="0.001" status="1" />
    <testcase name="IntelliBridgeAllowedNumericsIsAllowedTest (152196,True)" classname="Philips.PMP.Test.Auto.IntelliBridgeAllowedNumericsTest" time="0.000" status="1" />
    <testcase name="IntelliBridgeAllowedNumericsIsAllowedTest (160920,True)" classname="Philips.PMP.Test.Auto.IntelliBridgeAllowedNumericsTest" time="0.000" status="1" />
    <testcase name="IntelliBridgeAllowedNumericsIsAllowedTest (195417,False)" classname="Philips.PMP.Test.Auto.IntelliBridgeAllowedNumericsTest" time="0.000" status="1" />
    <testcase name="IntelliBridgeAllowedNumericsIsAllowedTest (151562,True)" classname="Philips.PMP.Test.Auto.IntelliBridgeAllowedNumericsTest" time="0.014" status="1" />
    <testcase name="IntelliBridgeAllowedNumericsIsAllowedTest (151780,False)" classname="Philips.PMP.Test.Auto.IntelliBridgeAllowedNumericsTest" time="0.000" status="1" />
    <testcase name="IntelliBridgeAllowedNumericsIsAllowedTest (195423,False)" classname="Philips.PMP.Test.Auto.IntelliBridgeAllowedNumericsTest" time="0.001" status="1" />
    <testcase name="IntelliBridgeAllowedNumericsIsAllowedTest (195124,False)" classname="Philips.PMP.Test.Auto.IntelliBridgeAllowedNumericsTest" time="0.000" status="1" />
    <testcase name="IntelliBridgeAllowedNumericsIsAllowedTest (151776,False)" classname="Philips.PMP.Test.Auto.IntelliBridgeAllowedNumericsTest" time="0.000" status="1" />
    <testcase name="IntelliBridgeAllowedNumericsIsAllowedTest (194690,False)" classname="Philips.PMP.Test.Auto.IntelliBridgeAllowedNumericsTest" time="0.000" status="1" />
    <testcase name="IntelliBridgeAllowedNumericsIsAllowedTest (151784,False)" classname="Philips.PMP.Test.Auto.IntelliBridgeAllowedNumericsTest" time="0.000" status="1" />
    <testcase name="IntelliBridgeAllowedNumericsIsAllowedTest (195510,False)" classname="Philips.PMP.Test.Auto.IntelliBridgeAllowedNumericsTest" time="0.000" status="1" />
    <testcase name="IntelliBridgeAllowedNumericsIsAllowedTest (151792,True)" classname="Philips.PMP.Test.Auto.IntelliBridgeAllowedNumericsTest" time="0.000" status="1" />
    <testcase name="IntelliBridgeAllowedNumericsIsAllowedTest (151794,True)" classname="Philips.PMP.Test.Auto.IntelliBridgeAllowedNumericsTest" time="0.000" status="1" />
    <testcase name="IntelliBridgeAllowedNumericsIsAllowedTest (151796,True)" classname="Philips.PMP.Test.Auto.IntelliBridgeAllowedNumericsTest" time="0.000" status="1" />
    <testcase name="IntelliBridgeAllowedNumericsIsAllowedTest (151808,True)" classname="Philips.PMP.Test.Auto.IntelliBridgeAllowedNumericsTest" time="0.000" status="1" />
    <testcase name="IntelliBridgeAllowedNumericsIsAllowedTest (151816,True)" classname="Philips.PMP.Test.Auto.IntelliBridgeAllowedNumericsTest" time="0.000" status="1" />
    <testcase name="IntelliBridgeAllowedNumericsIsAllowedTest (151817,True)" classname="Philips.PMP.Test.Auto.IntelliBridgeAllowedNumericsTest" time="0.003" status="1" />
    <testcase name="IntelliBridgeAllowedNumericsIsAllowedTest (151819,True)" classname="Philips.PMP.Test.Auto.IntelliBridgeAllowedNumericsTest" time="0.000" status="1" />
    <testcase name="IntelliBridgeAllowedNumericsIsAllowedTest (151832,True)" classname="Philips.PMP.Test.Auto.IntelliBridgeAllowedNumericsTest" time="0.000" status="1" />
    <testcase name="IntelliBridgeAllowedNumericsIsAllowedTest (195452,True)" classname="Philips.PMP.Test.Auto.IntelliBridgeAllowedNumericsTest" time="0.000" status="1" />
    <testcase name="IntelliBridgeAllowedNumericsIsAllowedTest (195453,True)" classname="Philips.PMP.Test.Auto.IntelliBridgeAllowedNumericsTest" time="0.000" status="1" />
    <testcase name="IntelliBridgeAllowedNumericsIsAllowedTest (151836,False)" classname="Philips.PMP.Test.Auto.IntelliBridgeAllowedNumericsTest" time="0.000" status="1" />
    <testcase name="IntelliBridgeAllowedNumericsIsAllowedTest (151840,True)" classname="Philips.PMP.Test.Auto.IntelliBridgeAllowedNumericsTest" time="0.000" status="1" />
    <testcase name="IntelliBridgeAllowedNumericsIsAllowedTest (151868,True)" classname="Philips.PMP.Test.Auto.IntelliBridgeAllowedNumericsTest" time="0.002" status="1" />
    <testcase name="IntelliBridgeAllowedNumericsIsAllowedTest (192737,True)" classname="Philips.PMP.Test.Auto.IntelliBridgeAllowedNumericsTest" time="0.003" status="1" />
    <testcase name="IntelliBridgeAllowedNumericsIsAllowedTest (192736,True)" classname="Philips.PMP.Test.Auto.IntelliBridgeAllowedNumericsTest" time="0.000" status="1" />
    <testcase name="IntelliBridgeAllowedNumericsIsAllowedTest (151880,True)" classname="Philips.PMP.Test.Auto.IntelliBridgeAllowedNumericsTest" time="0.000" status="1" />
    <testcase name="IntelliBridgeAllowedNumericsIsAllowedTest (151884,True)" classname="Philips.PMP.Test.Auto.IntelliBridgeAllowedNumericsTest" time="0.000" status="1" />
    <testcase name="IntelliBridgeAllowedNumericsIsAllowedTest (151888,True)" classname="Philips.PMP.Test.Auto.IntelliBridgeAllowedNumericsTest" time="0.000" status="1" />
    <testcase name="IntelliBridgeAllowedNumericsIsAllowedTest (192767,False)" classname="Philips.PMP.Test.Auto.IntelliBridgeAllowedNumericsTest" time="0.002" status="1" />
    <testcase name="IntelliBridgeAllowedNumericsIsAllowedTest (192657,True)" classname="Philips.PMP.Test.Auto.IntelliBridgeAllowedNumericsTest" time="0.000" status="1" />
    <testcase name="IntelliBridgeAllowedNumericsIsAllowedTest (195355,True)" classname="Philips.PMP.Test.Auto.IntelliBridgeAllowedNumericsTest" time="0.000" status="1" />
    <testcase name="IntelliBridgeAllowedNumericsIsAllowedTest (151912,False)" classname="Philips.PMP.Test.Auto.IntelliBridgeAllowedNumericsTest" time="0.003" status="1" />
    <testcase name="IntelliBridgeAllowedNumericsIsAllowedTest (151932,False)" classname="Philips.PMP.Test.Auto.IntelliBridgeAllowedNumericsTest" time="0.011" status="1" />
    <testcase name="IntelliBridgeAllowedNumericsIsAllowedTest (151948,True)" classname="Philips.PMP.Test.Auto.IntelliBridgeAllowedNumericsTest" time="0.000" status="1" />
    <testcase name="IntelliBridgeAllowedNumericsIsAllowedTest (151952,False)" classname="Philips.PMP.Test.Auto.IntelliBridgeAllowedNumericsTest" time="0.000" status="1" />
    <testcase name="IntelliBridgeAllowedNumericsIsAllowedTest (151964,True)" classname="Philips.PMP.Test.Auto.IntelliBridgeAllowedNumericsTest" time="0.000" status="1" />
    <testcase name="IntelliBridgeAllowedNumericsIsAllowedTest (151976,True)" classname="Philips.PMP.Test.Auto.IntelliBridgeAllowedNumericsTest" time="0.000" status="1" />
    <testcase name="IntelliBridgeAllowedNumericsIsAllowedTest (151984,True)" classname="Philips.PMP.Test.Auto.IntelliBridgeAllowedNumericsTest" time="0.002" status="1" />
    <testcase name="IntelliBridgeAllowedNumericsIsAllowedTest (151988,True)" classname="Philips.PMP.Test.Auto.IntelliBridgeAllowedNumericsTest" time="0.000" status="1" />
    <testcase name="IntelliBridgeAllowedNumericsIsAllowedTest (151992,True)" classname="Philips.PMP.Test.Auto.IntelliBridgeAllowedNumericsTest" time="0.000" status="1" />
    <testcase name="IntelliBridgeAllowedNumericsIsAllowedTest (152432,True)" classname="Philips.PMP.Test.Auto.IntelliBridgeAllowedNumericsTest" time="0.000" status="1" />
    <testcase name="IntelliBridgeAllowedNumericsIsAllowedTest (152436,False)" classname="Philips.PMP.Test.Auto.IntelliBridgeAllowedNumericsTest" time="0.000" status="1" />
    <testcase name="IntelliBridgeAllowedNumericsIsAllowedTest (151680,True)" classname="Philips.PMP.Test.Auto.IntelliBridgeAllowedNumericsTest" time="0.000" status="1" />
    <testcase name="IntelliBridgeAllowedNumericsIsAllowedTest (151688,True)" classname="Philips.PMP.Test.Auto.IntelliBridgeAllowedNumericsTest" time="0.000" status="1" />
    <testcase name="IntelliBridgeAllowedNumericsIsAllowedTest (151692,True)" classname="Philips.PMP.Test.Auto.IntelliBridgeAllowedNumericsTest" time="0.000" status="1" />
    <testcase name="IntelliBridgeAllowedNumericsIsAllowedTest (151696,True)" classname="Philips.PMP.Test.Auto.IntelliBridgeAllowedNumericsTest" time="0.000" status="1" />
    <testcase name="IntelliBridgeAllowedNumericsIsAllowedTest (151773,True)" classname="Philips.PMP.Test.Auto.IntelliBridgeAllowedNumericsTest" time="0.000" status="1" />
    <testcase name="IntelliBridgeAllowedNumericsIsAllowedTest (151769,True)" classname="Philips.PMP.Test.Auto.IntelliBridgeAllowedNumericsTest" time="0.009" status="1" />
    <testcase name="IntelliBridgeAllowedNumericsIsAllowedTest (192948,True)" classname="Philips.PMP.Test.Auto.IntelliBridgeAllowedNumericsTest" time="0.002" status="1" />
    <testcase name="IntelliBridgeAllowedNumericsIsAllowedTest (192944,True)" classname="Philips.PMP.Test.Auto.IntelliBridgeAllowedNumericsTest" time="0.000" status="1" />
    <testcase name="IntelliBridgeAllowedNumericsIsAllowedTest (151872,True)" classname="Philips.PMP.Test.Auto.IntelliBridgeAllowedNumericsTest" time="0.000" status="1" />
    <testcase name="IntelliBridgeAllowedNumericsIsAllowedTest (192952,True)" classname="Philips.PMP.Test.Auto.IntelliBridgeAllowedNumericsTest" time="0.000" status="1" />
    <testcase name="IntelliBridgeAllowedNumericsIsAllowedTest (195460,True)" classname="Philips.PMP.Test.Auto.IntelliBridgeAllowedNumericsTest" time="0.000" status="1" />
    <testcase name="IntelliBridgeAllowedNumericsIsAllowedTest (195461,True)" classname="Philips.PMP.Test.Auto.IntelliBridgeAllowedNumericsTest" time="0.000" status="1" />
    <testcase name="IntelliBridgeAllowedNumericsIsAllowedTest (151828,True)" classname="Philips.PMP.Test.Auto.IntelliBridgeAllowedNumericsTest" time="0.000" status="1" />
    <testcase name="IntelliBridgeAllowedNumericsIsAllowedTest (192932,True)" classname="Philips.PMP.Test.Auto.IntelliBridgeAllowedNumericsTest" time="0.000" status="1" />
    <testcase name="IntelliBridgeAllowedNumericsIsAllowedTest (192933,True)" classname="Philips.PMP.Test.Auto.IntelliBridgeAllowedNumericsTest" time="0.000" status="1" />
    <testcase name="IntelliBridgeAllowedNumericsIsAllowedTest (192590,True)" classname="Philips.PMP.Test.Auto.IntelliBridgeAllowedNumericsTest" time="0.000" status="1" />
    <testcase name="IntelliBridgeAllowedNumericsIsAllowedTest (195262,True)" classname="Philips.PMP.Test.Auto.IntelliBridgeAllowedNumericsTest" time="0.000" status="1" />
    <testcase name="IntelliBridgeAllowedNumericsIsAllowedTest (195263,True)" classname="Philips.PMP.Test.Auto.IntelliBridgeAllowedNumericsTest" time="0.001" status="1" />
    <testcase name="IntelliBridgeAllowedNumericsIsAllowedTest (192589,True)" classname="Philips.PMP.Test.Auto.IntelliBridgeAllowedNumericsTest" time="0.000" status="1" />
    <testcase name="IntelliBridgeAllowedNumericsIsAllowedTest (195266,True)" classname="Philips.PMP.Test.Auto.IntelliBridgeAllowedNumericsTest" time="0.000" status="1" />
    <testcase name="IntelliBridgeAllowedNumericsIsAllowedTest (195267,True)" classname="Philips.PMP.Test.Auto.IntelliBridgeAllowedNumericsTest" time="0.000" status="1" />
    <testcase name="IntelliBridgeAllowedNumericsIsAllowedTest (153660,True)" classname="Philips.PMP.Test.Auto.IntelliBridgeAllowedNumericsTest" time="0.000" status="1" />
    <testcase name="IntelliBridgeAllowedNumericsIsAllowedTest (153916,True)" classname="Philips.PMP.Test.Auto.IntelliBridgeAllowedNumericsTest" time="0.000" status="1" />
    <testcase name="IntelliBridgeAllowedNumericsIsAllowedTest (195264,True)" classname="Philips.PMP.Test.Auto.IntelliBridgeAllowedNumericsTest" time="0.000" status="1" />
    <testcase name="IntelliBridgeAllowedNumericsIsAllowedTest (195265,True)" classname="Philips.PMP.Test.Auto.IntelliBridgeAllowedNumericsTest" time="0.000" status="1" />
    <testcase name="IntelliBridgeAllowedNumericsIsAllowedTest (195280,True)" classname="Philips.PMP.Test.Auto.IntelliBridgeAllowedNumericsTest" time="0.006" status="1" />
    <testcase name="IntelliBridgeAllowedNumericsIsAllowedTest (195532,True)" classname="Philips.PMP.Test.Auto.IntelliBridgeAllowedNumericsTest" time="0.000" status="1" />
    <testcase name="IntelliBridgeAllowedNumericsIsAllowedTest (195533,True)" classname="Philips.PMP.Test.Auto.IntelliBridgeAllowedNumericsTest" time="0.000" status="1" />
    <testcase name="IntelliBridgeAllowedNumericsIsAllowedTest (192586,True)" classname="Philips.PMP.Test.Auto.IntelliBridgeAllowedNumericsTest" time="0.000" status="1" />
    <testcase name="IntelliBridgeAllowedNumericsIsAllowedTest (195268,True)" classname="Philips.PMP.Test.Auto.IntelliBridgeAllowedNumericsTest" time="0.000" status="1" />
    <testcase name="IntelliBridgeAllowedNumericsIsAllowedTest (195269,True)" classname="Philips.PMP.Test.Auto.IntelliBridgeAllowedNumericsTest" time="0.000" status="1" />
    <testcase name="IntelliBridgeAllowedNumericsIsAllowedTest (154028,True)" classname="Philips.PMP.Test.Auto.IntelliBridgeAllowedNumericsTest" time="0.000" status="1" />
    <testcase name="IntelliBridgeAllowedNumericsIsAllowedTest (195270,True)" classname="Philips.PMP.Test.Auto.IntelliBridgeAllowedNumericsTest" time="0.000" status="1" />
    <testcase name="IntelliBridgeAllowedNumericsIsAllowedTest (195271,True)" classname="Philips.PMP.Test.Auto.IntelliBridgeAllowedNumericsTest" time="0.000" status="1" />
    <testcase name="IntelliBridgeAllowedNumericsIsAllowedTest (154040,True)" classname="Philips.PMP.Test.Auto.IntelliBridgeAllowedNumericsTest" time="0.000" status="1" />
    <testcase name="IntelliBridgeAllowedNumericsIsAllowedTest (194673,True)" classname="Philips.PMP.Test.Auto.IntelliBridgeAllowedNumericsTest" time="0.000" status="1" />
    <testcase name="IntelliBridgeAllowedNumericsIsAllowedTest (194674,True)" classname="Philips.PMP.Test.Auto.IntelliBridgeAllowedNumericsTest" time="0.000" status="1" />
    <testcase name="IntelliBridgeAllowedNumericsIsAllowedTest (192592,True)" classname="Philips.PMP.Test.Auto.IntelliBridgeAllowedNumericsTest" time="0.000" status="1" />
    <testcase name="IntelliBridgeAllowedNumericsIsAllowedTest (153992,True)" classname="Philips.PMP.Test.Auto.IntelliBridgeAllowedNumericsTest" time="0.000" status="1" />
    <testcase name="IntelliBridgeAllowedNumericsIsAllowedTest (194643,True)" classname="Philips.PMP.Test.Auto.IntelliBridgeAllowedNumericsTest" time="0.000" status="1" />
    <testcase name="IntelliBridgeAllowedNumericsIsAllowedTest (194644,True)" classname="Philips.PMP.Test.Auto.IntelliBridgeAllowedNumericsTest" time="0.000" status="1" />
    <testcase name="IntelliBridgeAllowedNumericsIsAllowedTest (153980,True)" classname="Philips.PMP.Test.Auto.IntelliBridgeAllowedNumericsTest" time="0.000" status="1" />
    <testcase name="IntelliBridgeAllowedNumericsIsAllowedTest (153988,True)" classname="Philips.PMP.Test.Auto.IntelliBridgeAllowedNumericsTest" time="0.000" status="1" />
    <testcase name="IntelliBridgeAllowedNumericsIsAllowedTest (195642,True)" classname="Philips.PMP.Test.Auto.IntelliBridgeAllowedNumericsTest" time="0.000" status="1" />
    <testcase name="IntelliBridgeAllowedNumericsIsAllowedTest (2148488195,True)" classname="Philips.PMP.Test.Auto.IntelliBridgeAllowedNumericsTest" time="0.000" status="1" />
    <testcase name="IntelliBridgeAllowedNumericsIsAllowedTest (2148488196,True)" classname="Philips.PMP.Test.Auto.IntelliBridgeAllowedNumericsTest" time="0.000" status="1" />
    <testcase name="IntelliBridgeAllowedNumericsIsAllowedTest (2148488246,True)" classname="Philips.PMP.Test.Auto.IntelliBridgeAllowedNumericsTest" time="0.000" status="1" />
    <testcase name="IntelliBridgeAllowedNumericsIsAllowedTest (2148488248,True)" classname="Philips.PMP.Test.Auto.IntelliBridgeAllowedNumericsTest" time="0.000" status="1" />
    <testcase name="IntelliBridgeAllowedNumericsIsAllowedTest (2148488211,True)" classname="Philips.PMP.Test.Auto.IntelliBridgeAllowedNumericsTest" time="0.000" status="1" />
    <testcase name="IntelliBridgeAllowedNumericsIsAllowedTest (2148488197,True)" classname="Philips.PMP.Test.Auto.IntelliBridgeAllowedNumericsTest" time="0.000" status="1" />
    <testcase name="IntelliBridgeAllowedNumericsIsAllowedTest (2148488199,True)" classname="Philips.PMP.Test.Auto.IntelliBridgeAllowedNumericsTest" time="0.000" status="1" />
    <testcase name="IntelliBridgeAllowedNumericsIsAllowedTest (2148488201,True)" classname="Philips.PMP.Test.Auto.IntelliBridgeAllowedNumericsTest" time="0.009" status="1" />
    <testcase name="IntelliBridgeAllowedNumericsIsAllowedTest (2148488212,True)" classname="Philips.PMP.Test.Auto.IntelliBridgeAllowedNumericsTest" time="0.014" status="1" />
    <testcase name="IntelliBridgeAllowedNumericsIsAllowedTest (2148488198,True)" classname="Philips.PMP.Test.Auto.IntelliBridgeAllowedNumericsTest" time="0.000" status="1" />
    <testcase name="IntelliBridgeAllowedNumericsIsAllowedTest (2148488200,True)" classname="Philips.PMP.Test.Auto.IntelliBridgeAllowedNumericsTest" time="0.000" status="1" />
    <testcase name="IntelliBridgeAllowedNumericsIsAllowedTest (2148488202,True)" classname="Philips.PMP.Test.Auto.IntelliBridgeAllowedNumericsTest" time="0.000" status="1" />
    <testcase name="IntelliBridgeAllowedNumericsIsAllowedTest (2148488278,True)" classname="Philips.PMP.Test.Auto.IntelliBridgeAllowedNumericsTest" time="0.000" status="1" />
    <testcase name="IntelliBridgeAllowedNumericsIsAllowedTest (2148488250,True)" classname="Philips.PMP.Test.Auto.IntelliBridgeAllowedNumericsTest" time="0.000" status="1" />
    <testcase name="IntelliBridgeAllowedNumericsIsAllowedTest (2148488254,True)" classname="Philips.PMP.Test.Auto.IntelliBridgeAllowedNumericsTest" time="0.000" status="1" />
    <testcase name="IntelliBridgeAllowedNumericsIsAllowedTest (2148488258,True)" classname="Philips.PMP.Test.Auto.IntelliBridgeAllowedNumericsTest" time="0.000" status="1" />
    <testcase name="IntelliBridgeAllowedNumericsIsAllowedTest (2148488280,True)" classname="Philips.PMP.Test.Auto.IntelliBridgeAllowedNumericsTest" time="0.000" status="1" />
    <testcase name="IntelliBridgeAllowedNumericsIsAllowedTest (2148488252,True)" classname="Philips.PMP.Test.Auto.IntelliBridgeAllowedNumericsTest" time="0.000" status="1" />
    <testcase name="IntelliBridgeAllowedNumericsIsAllowedTest (2148488256,True)" classname="Philips.PMP.Test.Auto.IntelliBridgeAllowedNumericsTest" time="0.000" status="1" />
    <testcase name="IntelliBridgeAllowedNumericsIsAllowedTest (2148488260,True)" classname="Philips.PMP.Test.Auto.IntelliBridgeAllowedNumericsTest" time="0.000" status="1" />
    <testcase name="IntelliBridgeAllowedNumericsIsAllowedTest (2148488213,True)" classname="Philips.PMP.Test.Auto.IntelliBridgeAllowedNumericsTest" time="0.000" status="1" />
    <testcase name="IntelliBridgeAllowedNumericsIsAllowedTest (2148488203,True)" classname="Philips.PMP.Test.Auto.IntelliBridgeAllowedNumericsTest" time="0.000" status="1" />
    <testcase name="IntelliBridgeAllowedNumericsIsAllowedTest (2148488205,True)" classname="Philips.PMP.Test.Auto.IntelliBridgeAllowedNumericsTest" time="0.000" status="1" />
    <testcase name="IntelliBridgeAllowedNumericsIsAllowedTest (2148488209,True)" classname="Philips.PMP.Test.Auto.IntelliBridgeAllowedNumericsTest" time="0.000" status="1" />
    <testcase name="IntelliBridgeAllowedNumericsIsAllowedTest (2148488207,True)" classname="Philips.PMP.Test.Auto.IntelliBridgeAllowedNumericsTest" time="0.000" status="1" />
    <testcase name="IntelliBridgeAllowedNumericsIsAllowedTest (2148488214,True)" classname="Philips.PMP.Test.Auto.IntelliBridgeAllowedNumericsTest" time="0.000" status="1" />
    <testcase name="IntelliBridgeAllowedNumericsIsAllowedTest (2148488204,True)" classname="Philips.PMP.Test.Auto.IntelliBridgeAllowedNumericsTest" time="0.000" status="1" />
    <testcase name="IntelliBridgeAllowedNumericsIsAllowedTest (2148488206,True)" classname="Philips.PMP.Test.Auto.IntelliBridgeAllowedNumericsTest" time="0.000" status="1" />
    <testcase name="IntelliBridgeAllowedNumericsIsAllowedTest (2148488210,True)" classname="Philips.PMP.Test.Auto.IntelliBridgeAllowedNumericsTest" time="0.000" status="1" />
    <testcase name="IntelliBridgeAllowedNumericsIsAllowedTest (2148488208,True)" classname="Philips.PMP.Test.Auto.IntelliBridgeAllowedNumericsTest" time="0.000" status="1" />
    <testcase name="IntelliBridgeAllowedNumericsIsAllowedTest (2148488282,True)" classname="Philips.PMP.Test.Auto.IntelliBridgeAllowedNumericsTest" time="0.000" status="1" />
    <testcase name="IntelliBridgeAllowedNumericsIsAllowedTest (2148488262,True)" classname="Philips.PMP.Test.Auto.IntelliBridgeAllowedNumericsTest" time="0.000" status="1" />
    <testcase name="IntelliBridgeAllowedNumericsIsAllowedTest (2148488266,True)" classname="Philips.PMP.Test.Auto.IntelliBridgeAllowedNumericsTest" time="0.000" status="1" />
    <testcase name="IntelliBridgeAllowedNumericsIsAllowedTest (2148488274,True)" classname="Philips.PMP.Test.Auto.IntelliBridgeAllowedNumericsTest" time="0.008" status="1" />
    <testcase name="IntelliBridgeAllowedNumericsIsAllowedTest (2148488270,True)" classname="Philips.PMP.Test.Auto.IntelliBridgeAllowedNumericsTest" time="0.000" status="1" />
    <testcase name="IntelliBridgeAllowedNumericsIsAllowedTest (2148488284,True)" classname="Philips.PMP.Test.Auto.IntelliBridgeAllowedNumericsTest" time="0.000" status="1" />
    <testcase name="IntelliBridgeAllowedNumericsIsAllowedTest (2148488264,True)" classname="Philips.PMP.Test.Auto.IntelliBridgeAllowedNumericsTest" time="0.000" status="1" />
    <testcase name="IntelliBridgeAllowedNumericsIsAllowedTest (2148488268,True)" classname="Philips.PMP.Test.Auto.IntelliBridgeAllowedNumericsTest" time="0.000" status="1" />
    <testcase name="IntelliBridgeAllowedNumericsIsAllowedTest (2148488276,True)" classname="Philips.PMP.Test.Auto.IntelliBridgeAllowedNumericsTest" time="0.000" status="1" />
    <testcase name="IntelliBridgeAllowedNumericsIsAllowedTest (2148488272,True)" classname="Philips.PMP.Test.Auto.IntelliBridgeAllowedNumericsTest" time="0.000" status="1" />
    <testcase name="IntelliBridgeAllowedNumericsIsAllowedTest (154068,True)" classname="Philips.PMP.Test.Auto.IntelliBridgeAllowedNumericsTest" time="0.000" status="1" />
    <testcase name="IntelliBridgeAllowedNumericsIsAllowedTest (154072,True)" classname="Philips.PMP.Test.Auto.IntelliBridgeAllowedNumericsTest" time="0.000" status="1" />
    <testcase name="IntelliBridgeAllowedNumericsIsAllowedTest (154076,True)" classname="Philips.PMP.Test.Auto.IntelliBridgeAllowedNumericsTest" time="0.000" status="1" />
    <testcase name="IntelliBridgeAllowedNumericsIsAllowedTest (154080,True)" classname="Philips.PMP.Test.Auto.IntelliBridgeAllowedNumericsTest" time="0.000" status="1" />
    <testcase name="IntelliBridgeAllowedNumericsIsAllowedTest (192587,True)" classname="Philips.PMP.Test.Auto.IntelliBridgeAllowedNumericsTest" time="0.000" status="1" />
    <testcase name="IntelliBridgeAllowedNumericsIsAllowedTest (195272,True)" classname="Philips.PMP.Test.Auto.IntelliBridgeAllowedNumericsTest" time="0.000" status="1" />
    <testcase name="IntelliBridgeAllowedNumericsIsAllowedTest (195273,True)" classname="Philips.PMP.Test.Auto.IntelliBridgeAllowedNumericsTest" time="0.000" status="1" />
    <testcase name="IntelliBridgeAllowedNumericsIsAllowedTest (2148488290,True)" classname="Philips.PMP.Test.Auto.IntelliBridgeAllowedNumericsTest" time="0.000" status="1" />
    <testcase name="IntelliBridgeAllowedNumericsIsAllowedTest (2148488292,True)" classname="Philips.PMP.Test.Auto.IntelliBridgeAllowedNumericsTest" time="0.000" status="1" />
    <testcase name="IntelliBridgeAllowedNumericsIsAllowedTest (2148488294,True)" classname="Philips.PMP.Test.Auto.IntelliBridgeAllowedNumericsTest" time="0.000" status="1" />
    <testcase name="IntelliBridgeAllowedNumericsIsAllowedTest (2148488296,True)" classname="Philips.PMP.Test.Auto.IntelliBridgeAllowedNumericsTest" time="0.000" status="1" />
    <testcase name="IntelliBridgeAllowedNumericsIsAllowedTest (2148488298,True)" classname="Philips.PMP.Test.Auto.IntelliBridgeAllowedNumericsTest" time="0.000" status="1" />
    <testcase name="IntelliBridgeAllowedNumericsIsAllowedTest (2148488300,True)" classname="Philips.PMP.Test.Auto.IntelliBridgeAllowedNumericsTest" time="0.000" status="1" />
    <testcase name="IntelliBridgeAllowedNumericsIsAllowedTest (2148488302,True)" classname="Philips.PMP.Test.Auto.IntelliBridgeAllowedNumericsTest" time="0.000" status="1" />
    <testcase name="IntelliBridgeAllowedNumericsIsAllowedTest (2148488304,True)" classname="Philips.PMP.Test.Auto.IntelliBridgeAllowedNumericsTest" time="0.000" status="1" />
    <testcase name="IntelliBridgeAllowedNumericsIsAllowedTest (194675,True)" classname="Philips.PMP.Test.Auto.IntelliBridgeAllowedNumericsTest" time="0.000" status="1" />
    <testcase name="IntelliBridgeAllowedNumericsIsAllowedTest (194624,True)" classname="Philips.PMP.Test.Auto.IntelliBridgeAllowedNumericsTest" time="0.000" status="1" />
    <testcase name="IntelliBridgeAllowedNumericsIsAllowedTest (194731,False)" classname="Philips.PMP.Test.Auto.IntelliBridgeAllowedNumericsTest" time="0.000" status="1" />
    <testcase name="IntelliBridgeAllowedNumericsIsAllowedTest (194711,False)" classname="Philips.PMP.Test.Auto.IntelliBridgeAllowedNumericsTest" time="0.000" status="1" />
    <testcase name="IntelliBridgeAllowedNumericsIsAllowedTest (194732,False)" classname="Philips.PMP.Test.Auto.IntelliBridgeAllowedNumericsTest" time="0.000" status="1" />
    <testcase name="IntelliBridgeAllowedNumericsIsAllowedTest (194699,False)" classname="Philips.PMP.Test.Auto.IntelliBridgeAllowedNumericsTest" time="0.000" status="1" />
    <testcase name="IntelliBridgeAllowedNumericsIsAllowedTest (194720,False)" classname="Philips.PMP.Test.Auto.IntelliBridgeAllowedNumericsTest" time="0.000" status="1" />
    <testcase name="IntelliBridgeAllowedNumericsIsAllowedTest (194672,False)" classname="Philips.PMP.Test.Auto.IntelliBridgeAllowedNumericsTest" time="0.000" status="1" />
    <testcase name="IntelliBridgeAllowedNumericsIsAllowedTest (194727,False)" classname="Philips.PMP.Test.Auto.IntelliBridgeAllowedNumericsTest" time="0.006" status="1" />
    <testcase name="IntelliBridgeAllowedNumericsIsAllowedTest (194728,False)" classname="Philips.PMP.Test.Auto.IntelliBridgeAllowedNumericsTest" time="0.001" status="1" />
    <testcase name="IntelliBridgeAllowedNumericsIsAllowedTest (194729,False)" classname="Philips.PMP.Test.Auto.IntelliBridgeAllowedNumericsTest" time="0.000" status="1" />
    <testcase name="IntelliBridgeAllowedNumericsIsAllowedTest (194730,False)" classname="Philips.PMP.Test.Auto.IntelliBridgeAllowedNumericsTest" time="0.014" status="1" />
    <testcase name="IntelliBridgeAllowedNumericsIsAllowedTest (194668,False)" classname="Philips.PMP.Test.Auto.IntelliBridgeAllowedNumericsTest" time="0.000" status="1" />
    <testcase name="IntelliBridgeAllowedNumericsIsAllowedTest (194667,False)" classname="Philips.PMP.Test.Auto.IntelliBridgeAllowedNumericsTest" time="0.000" status="1" />
    <testcase name="IntelliBridgeAllowedNumericsIsAllowedTest (195192,False)" classname="Philips.PMP.Test.Auto.IntelliBridgeAllowedNumericsTest" time="0.000" status="1" />
    <testcase name="IntelliBridgeAllowedNumericsIsAllowedTest (195193,False)" classname="Philips.PMP.Test.Auto.IntelliBridgeAllowedNumericsTest" time="0.000" status="1" />
    <testcase name="IntelliBridgeAllowedNumericsIsAllowedTest (195194,False)" classname="Philips.PMP.Test.Auto.IntelliBridgeAllowedNumericsTest" time="0.000" status="1" />
    <testcase name="IntelliBridgeAllowedNumericsIsAllowedTest (195195,False)" classname="Philips.PMP.Test.Auto.IntelliBridgeAllowedNumericsTest" time="0.003" status="1" />
    <testcase name="IntelliBridgeAllowedNumericsIsAllowedTest (195196,False)" classname="Philips.PMP.Test.Auto.IntelliBridgeAllowedNumericsTest" time="0.001" status="1" />
    <testcase name="IntelliBridgeAllowedNumericsIsAllowedTest (150344,True)" classname="Philips.PMP.Test.Auto.IntelliBridgeAllowedNumericsTest" time="0.000" status="1" />
    <testcase name="IntelliBridgeAllowedNumericsIsAllowedTest (188420,True)" classname="Philips.PMP.Test.Auto.IntelliBridgeAllowedNumericsTest" time="0.000" status="1" />
    <testcase name="IntelliBridgeAllowedNumericsIsAllowedTest (188436,True)" classname="Philips.PMP.Test.Auto.IntelliBridgeAllowedNumericsTest" time="0.000" status="1" />
    <testcase name="IntelliBridgeAllowedNumericsIsAllowedTest (150368,True)" classname="Philips.PMP.Test.Auto.IntelliBridgeAllowedNumericsTest" time="0.000" status="1" />
    <testcase name="IntelliBridgeAllowedNumericsIsAllowedTest (150388,True)" classname="Philips.PMP.Test.Auto.IntelliBridgeAllowedNumericsTest" time="0.000" status="1" />
    <testcase name="IntelliBridgeAllowedNumericsIsAllowedTest (150372,True)" classname="Philips.PMP.Test.Auto.IntelliBridgeAllowedNumericsTest" time="0.001" status="1" />
    <testcase name="IntelliBridgeAllowedNumericsIsAllowedTest (150380,True)" classname="Philips.PMP.Test.Auto.IntelliBridgeAllowedNumericsTest" time="0.001" status="1" />
    <testcase name="IntelliBridgeAllowedNumericsIsAllowedTest (150352,True)" classname="Philips.PMP.Test.Auto.IntelliBridgeAllowedNumericsTest" time="0.000" status="1" />
    <testcase name="IntelliBridgeAllowedNumericsIsAllowedTest (150396,True)" classname="Philips.PMP.Test.Auto.IntelliBridgeAllowedNumericsTest" time="0.000" status="1" />
    <testcase name="IntelliBridgeAllowedNumericsIsAllowedTest (195729,True)" classname="Philips.PMP.Test.Auto.IntelliBridgeAllowedNumericsTest" time="0.000" status="1" />
    <testcase name="IntelliBridgeAllowedNumericsIsAllowedTest (192708,True)" classname="Philips.PMP.Test.Auto.IntelliBridgeAllowedNumericsTest" time="0.004" status="1" />
    <testcase name="IntelliBridgeAllowedNumericsIsAllowedTest (150348,True)" classname="Philips.PMP.Test.Auto.IntelliBridgeAllowedNumericsTest" time="0.000" status="1" />
    <testcase name="IntelliBridgeAllowedNumericsIsAllowedTest (150392,True)" classname="Philips.PMP.Test.Auto.IntelliBridgeAllowedNumericsTest" time="0.000" status="1" />
    <testcase name="IntelliBridgeAllowedNumericsIsAllowedTest (192709,True)" classname="Philips.PMP.Test.Auto.IntelliBridgeAllowedNumericsTest" time="0.000" status="1" />
    <testcase name="IntelliBridgeAllowedNumericsIsAllowedTest (192710,True)" classname="Philips.PMP.Test.Auto.IntelliBridgeAllowedNumericsTest" time="0.000" status="1" />
    <testcase name="IntelliBridgeAllowedNumericsIsAllowedTest (150356,True)" classname="Philips.PMP.Test.Auto.IntelliBridgeAllowedNumericsTest" time="0.000" status="1" />
    <testcase name="IntelliBridgeAllowedNumericsIsAllowedTest (150376,True)" classname="Philips.PMP.Test.Auto.IntelliBridgeAllowedNumericsTest" time="0.000" status="1" />
    <testcase name="IntelliBridgeAllowedNumericsIsAllowedTest (194918,True)" classname="Philips.PMP.Test.Auto.IntelliBridgeAllowedNumericsTest" time="0.000" status="1" />
    <testcase name="IntelliBridgeAllowedNumericsIsAllowedTest (194919,True)" classname="Philips.PMP.Test.Auto.IntelliBridgeAllowedNumericsTest" time="0.000" status="1" />
    <testcase name="IntelliBridgeAllowedNumericsIsAllowedTest (188440,True)" classname="Philips.PMP.Test.Auto.IntelliBridgeAllowedNumericsTest" time="0.000" status="1" />
    <testcase name="IntelliBridgeAllowedNumericsIsAllowedTest (150364,True)" classname="Philips.PMP.Test.Auto.IntelliBridgeAllowedNumericsTest" time="0.000" status="1" />
    <testcase name="IntelliBridgeAllowedNumericsIsAllowedTest (192788,True)" classname="Philips.PMP.Test.Auto.IntelliBridgeAllowedNumericsTest" time="0.001" status="1" />
    <testcase name="IntelliBridgeAllowedNumericsIsAllowedTest (192784,True)" classname="Philips.PMP.Test.Auto.IntelliBridgeAllowedNumericsTest" time="0.000" status="1" />
    <testcase name="IntelliBridgeAllowedNumericsIsAllowedTest (192792,True)" classname="Philips.PMP.Test.Auto.IntelliBridgeAllowedNumericsTest" time="0.000" status="1" />
    <testcase name="IntelliBridgeAllowedNumericsIsAllowedTest (195402,True)" classname="Philips.PMP.Test.Auto.IntelliBridgeAllowedNumericsTest" time="0.000" status="1" />
    <testcase name="IntelliBridgeAllowedNumericsIsAllowedTest (195407,True)" classname="Philips.PMP.Test.Auto.IntelliBridgeAllowedNumericsTest" time="0.000" status="1" />
    <testcase name="IntelliBridgeAllowedNumericsIsAllowedTest (195406,True)" classname="Philips.PMP.Test.Auto.IntelliBridgeAllowedNumericsTest" time="0.000" status="1" />
    <testcase name="IntelliBridgeAllowedNumericsIsAllowedTest (195404,True)" classname="Philips.PMP.Test.Auto.IntelliBridgeAllowedNumericsTest" time="0.000" status="1" />
    <testcase name="IntelliBridgeAllowedNumericsIsAllowedTest (195403,True)" classname="Philips.PMP.Test.Auto.IntelliBridgeAllowedNumericsTest" time="0.000" status="1" />
    <testcase name="IntelliBridgeAllowedNumericsIsAllowedTest (195405,True)" classname="Philips.PMP.Test.Auto.IntelliBridgeAllowedNumericsTest" time="0.000" status="1" />
    <testcase name="IntelliBridgeAllowedNumericsIsAllowedTest (195602,True)" classname="Philips.PMP.Test.Auto.IntelliBridgeAllowedNumericsTest" time="0.000" status="1" />
    <testcase name="IntelliBridgeAllowedNumericsIsAllowedTest (192711,True)" classname="Philips.PMP.Test.Auto.IntelliBridgeAllowedNumericsTest" time="0.000" status="1" />
    <testcase name="IntelliBridgeAllowedNumericsIsAllowedTest (192712,True)" classname="Philips.PMP.Test.Auto.IntelliBridgeAllowedNumericsTest" time="0.000" status="1" />
    <testcase name="IntelliBridgeAllowedNumericsIsAllowedTest (192713,True)" classname="Philips.PMP.Test.Auto.IntelliBridgeAllowedNumericsTest" time="0.000" status="1" />
    <testcase name="IntelliBridgeAllowedNumericsIsAllowedTest (192714,True)" classname="Philips.PMP.Test.Auto.IntelliBridgeAllowedNumericsTest" time="0.000" status="1" />
    <testcase name="IntelliBridgeAllowedNumericsIsAllowedTest (152444,True)" classname="Philips.PMP.Test.Auto.IntelliBridgeAllowedNumericsTest" time="0.000" status="1" />
    <testcase name="IntelliBridgeAllowedNumericsIsAllowedTest (152448,True)" classname="Philips.PMP.Test.Auto.IntelliBridgeAllowedNumericsTest" time="0.000" status="1" />
    <testcase name="IntelliBridgeAllowedNumericsIsAllowedTest (152452,True)" classname="Philips.PMP.Test.Auto.IntelliBridgeAllowedNumericsTest" time="0.000" status="1" />
    <testcase name="IntelliBridgeAllowedNumericsIsAllowedTest (152048,True)" classname="Philips.PMP.Test.Auto.IntelliBridgeAllowedNumericsTest" time="0.000" status="1" />
    <testcase name="IntelliBridgeAllowedNumericsIsAllowedTest (152108,True)" classname="Philips.PMP.Test.Auto.IntelliBridgeAllowedNumericsTest" time="0.000" status="1" />
    <testcase name="IntelliBridgeAllowedNumericsIsAllowedTest (152192,True)" classname="Philips.PMP.Test.Auto.IntelliBridgeAllowedNumericsTest" time="0.000" status="1" />
    <testcase name="IntelliBridgeAllowedNumericsIsAllowedTest (152040,False)" classname="Philips.PMP.Test.Auto.IntelliBridgeAllowedNumericsTest" time="0.000" status="1" />
    <testcase name="IntelliBridgeAllowedNumericsIsAllowedTest (152100,False)" classname="Philips.PMP.Test.Auto.IntelliBridgeAllowedNumericsTest" time="0.000" status="1" />
    <testcase name="IntelliBridgeAllowedNumericsIsAllowedTest (152184,False)" classname="Philips.PMP.Test.Auto.IntelliBridgeAllowedNumericsTest" time="0.000" status="1" />
    <testcase name="IntelliBridgeAllowedNumericsIsAllowedTest (152036,False)" classname="Philips.PMP.Test.Auto.IntelliBridgeAllowedNumericsTest" time="0.000" status="1" />
    <testcase name="IntelliBridgeAllowedNumericsIsAllowedTest (152096,False)" classname="Philips.PMP.Test.Auto.IntelliBridgeAllowedNumericsTest" time="0.000" status="1" />
    <testcase name="IntelliBridgeAllowedNumericsIsAllowedTest (152180,False)" classname="Philips.PMP.Test.Auto.IntelliBridgeAllowedNumericsTest" time="0.000" status="1" />
    <testcase name="IntelliBridgeAllowedNumericsIsAllowedTest (152028,False)" classname="Philips.PMP.Test.Auto.IntelliBridgeAllowedNumericsTest" time="0.000" status="1" />
    <testcase name="IntelliBridgeAllowedNumericsIsAllowedTest (152088,False)" classname="Philips.PMP.Test.Auto.IntelliBridgeAllowedNumericsTest" time="0.000" status="1" />
    <testcase name="IntelliBridgeAllowedNumericsIsAllowedTest (152172,False)" classname="Philips.PMP.Test.Auto.IntelliBridgeAllowedNumericsTest" time="0.000" status="1" />
    <testcase name="IntelliBridgeAllowedNumericsIsAllowedTest (152032,False)" classname="Philips.PMP.Test.Auto.IntelliBridgeAllowedNumericsTest" time="0.000" status="1" />
    <testcase name="IntelliBridgeAllowedNumericsIsAllowedTest (152092,False)" classname="Philips.PMP.Test.Auto.IntelliBridgeAllowedNumericsTest" time="0.000" status="1" />
    <testcase name="IntelliBridgeAllowedNumericsIsAllowedTest (152176,False)" classname="Philips.PMP.Test.Auto.IntelliBridgeAllowedNumericsTest" time="0.019" status="1" />
    <testcase name="IntelliBridgeAllowedNumericsIsAllowedTest (152024,False)" classname="Philips.PMP.Test.Auto.IntelliBridgeAllowedNumericsTest" time="0.000" status="1" />
    <testcase name="IntelliBridgeAllowedNumericsIsAllowedTest (152084,False)" classname="Philips.PMP.Test.Auto.IntelliBridgeAllowedNumericsTest" time="0.000" status="1" />
    <testcase name="IntelliBridgeAllowedNumericsIsAllowedTest (152168,False)" classname="Philips.PMP.Test.Auto.IntelliBridgeAllowedNumericsTest" time="0.000" status="1" />
    <testcase name="IntelliBridgeAllowedNumericsIsAllowedTest (152456,False)" classname="Philips.PMP.Test.Auto.IntelliBridgeAllowedNumericsTest" time="0.000" status="1" />
    <testcase name="IntelliBridgeAllowedNumericsIsAllowedTest (152460,False)" classname="Philips.PMP.Test.Auto.IntelliBridgeAllowedNumericsTest" time="0.000" status="1" />
    <testcase name="IntelliBridgeAllowedNumericsIsAllowedTest (152464,False)" classname="Philips.PMP.Test.Auto.IntelliBridgeAllowedNumericsTest" time="0.000" status="1" />
    <testcase name="IntelliBridgeAllowedNumericsIsAllowedTest (2153403393,False)" classname="Philips.PMP.Test.Auto.IntelliBridgeAllowedNumericsTest" time="0.000" status="1" />
    <testcase name="IntelliBridgeAllowedNumericsIsAllowedTest (2153403396,False)" classname="Philips.PMP.Test.Auto.IntelliBridgeAllowedNumericsTest" time="0.000" status="1" />
    <testcase name="IntelliBridgeAllowedNumericsIsAllowedTest (2153403397,False)" classname="Philips.PMP.Test.Auto.IntelliBridgeAllowedNumericsTest" time="0.000" status="1" />
    <testcase name="IntelliBridgeAllowedNumericsIsAllowedTest (2153403394,False)" classname="Philips.PMP.Test.Auto.IntelliBridgeAllowedNumericsTest" time="0.000" status="1" />
    <testcase name="IntelliBridgeAllowedNumericsIsAllowedTest (2153403398,False)" classname="Philips.PMP.Test.Auto.IntelliBridgeAllowedNumericsTest" time="0.000" status="1" />
    <testcase name="IntelliBridgeAllowedNumericsIsAllowedTest (2153403399,False)" classname="Philips.PMP.Test.Auto.IntelliBridgeAllowedNumericsTest" time="0.000" status="1" />
    <testcase name="IntelliBridgeAllowedNumericsIsAllowedTest (192665,False)" classname="Philips.PMP.Test.Auto.IntelliBridgeAllowedNumericsTest" time="0.000" status="1" />
    <testcase name="IntelliBridgeAllowedNumericsIsAllowedTest (192605,False)" classname="Philips.PMP.Test.Auto.IntelliBridgeAllowedNumericsTest" time="0.000" status="1" />
    <testcase name="IntelliBridgeAllowedNumericsIsAllowedTest (192614,False)" classname="Philips.PMP.Test.Auto.IntelliBridgeAllowedNumericsTest" time="0.011" status="1" />
    <testcase name="IntelliBridgeAllowedNumericsIsAllowedTest (192606,False)" classname="Philips.PMP.Test.Auto.IntelliBridgeAllowedNumericsTest" time="0.002" status="1" />
    <testcase name="IntelliBridgeAllowedNumericsIsAllowedTest (192607,False)" classname="Philips.PMP.Test.Auto.IntelliBridgeAllowedNumericsTest" time="0.000" status="1" />
    <testcase name="IntelliBridgeAllowedNumericsIsAllowedTest (150312,True)" classname="Philips.PMP.Test.Auto.IntelliBridgeAllowedNumericsTest" time="0.000" status="1" />
    <testcase name="IntelliBridgeAllowedNumericsIsAllowedTest (149760,True)" classname="Philips.PMP.Test.Auto.IntelliBridgeAllowedNumericsTest" time="0.006" status="1" />
    <testcase name="IntelliBridgeAllowedNumericsIsAllowedTest (150428,True)" classname="Philips.PMP.Test.Auto.IntelliBridgeAllowedNumericsTest" time="0.001" status="1" />
    <testcase name="IntelliBridgeAllowedNumericsIsAllowedTest (149764,True)" classname="Philips.PMP.Test.Auto.IntelliBridgeAllowedNumericsTest" time="0.000" status="1" />
    <testcase name="IntelliBridgeAllowedNumericsIsAllowedTest (150436,True)" classname="Philips.PMP.Test.Auto.IntelliBridgeAllowedNumericsTest" time="0.003" status="1" />
    <testcase name="IntelliBridgeAllowedNumericsIsAllowedTest (149768,True)" classname="Philips.PMP.Test.Auto.IntelliBridgeAllowedNumericsTest" time="0.001" status="1" />
    <testcase name="IntelliBridgeAllowedNumericsIsAllowedTest (150308,True)" classname="Philips.PMP.Test.Auto.IntelliBridgeAllowedNumericsTest" time="0.001" status="1" />
    <testcase name="IntelliBridgeAllowedNumericsIsAllowedTest (192615,True)" classname="Philips.PMP.Test.Auto.IntelliBridgeAllowedNumericsTest" time="0.005" status="1" />
    <testcase name="IntelliBridgeAllowedNumericsIsAllowedTest (150416,True)" classname="Philips.PMP.Test.Auto.IntelliBridgeAllowedNumericsTest" time="0.000" status="1" />
    <testcase name="IntelliBridgeAllowedNumericsIsAllowedTest (192616,True)" classname="Philips.PMP.Test.Auto.IntelliBridgeAllowedNumericsTest" time="0.000" status="1" />
    <testcase name="IntelliBridgeAllowedNumericsIsAllowedTest (150420,True)" classname="Philips.PMP.Test.Auto.IntelliBridgeAllowedNumericsTest" time="0.000" status="1" />
    <testcase name="IntelliBridgeAllowedNumericsIsAllowedTest (192617,True)" classname="Philips.PMP.Test.Auto.IntelliBridgeAllowedNumericsTest" time="0.000" status="1" />
    <testcase name="IntelliBridgeAllowedNumericsIsAllowedTest (150272,True)" classname="Philips.PMP.Test.Auto.IntelliBridgeAllowedNumericsTest" time="0.000" status="1" />
    <testcase name="IntelliBridgeAllowedNumericsIsAllowedTest (150568,False)" classname="Philips.PMP.Test.Auto.IntelliBridgeAllowedNumericsTest" time="0.000" status="1" />
    <testcase name="IntelliBridgeAllowedNumericsIsAllowedTest (150572,False)" classname="Philips.PMP.Test.Auto.IntelliBridgeAllowedNumericsTest" time="0.000" status="1" />
    <testcase name="IntelliBridgeAllowedNumericsIsAllowedTest (150576,False)" classname="Philips.PMP.Test.Auto.IntelliBridgeAllowedNumericsTest" time="0.000" status="1" />
    <testcase name="IntelliBridgeAllowedNumericsIsAllowedTest (2148881502,False)" classname="Philips.PMP.Test.Auto.IntelliBridgeAllowedNumericsTest" time="0.014" status="1" />
    <testcase name="IntelliBridgeAllowedNumericsIsAllowedTest (2148881505,False)" classname="Philips.PMP.Test.Auto.IntelliBridgeAllowedNumericsTest" time="0.001" status="1" />
    <testcase name="IntelliBridgeAllowedNumericsIsAllowedTest (2148881508,False)" classname="Philips.PMP.Test.Auto.IntelliBridgeAllowedNumericsTest" time="0.001" status="1" />
    <testcase name="IntelliBridgeAllowedNumericsIsAllowedTest (2148881493,False)" classname="Philips.PMP.Test.Auto.IntelliBridgeAllowedNumericsTest" time="0.000" status="1" />
    <testcase name="IntelliBridgeAllowedNumericsIsAllowedTest (2148881496,False)" classname="Philips.PMP.Test.Auto.IntelliBridgeAllowedNumericsTest" time="0.000" status="1" />
    <testcase name="IntelliBridgeAllowedNumericsIsAllowedTest (2148881499,False)" classname="Philips.PMP.Test.Auto.IntelliBridgeAllowedNumericsTest" time="0.000" status="1" />
    <testcase name="IntelliBridgeAllowedNumericsIsAllowedTest (2148881433,False)" classname="Philips.PMP.Test.Auto.IntelliBridgeAllowedNumericsTest" time="0.004" status="1" />
    <testcase name="IntelliBridgeAllowedNumericsIsAllowedTest (2148881436,False)" classname="Philips.PMP.Test.Auto.IntelliBridgeAllowedNumericsTest" time="0.002" status="1" />
    <testcase name="IntelliBridgeAllowedNumericsIsAllowedTest (2148881439,False)" classname="Philips.PMP.Test.Auto.IntelliBridgeAllowedNumericsTest" time="0.000" status="1" />
    <testcase name="IntelliBridgeAllowedNumericsIsAllowedTest (2148881424,False)" classname="Philips.PMP.Test.Auto.IntelliBridgeAllowedNumericsTest" time="0.000" status="1" />
    <testcase name="IntelliBridgeAllowedNumericsIsAllowedTest (2148881427,False)" classname="Philips.PMP.Test.Auto.IntelliBridgeAllowedNumericsTest" time="0.000" status="1" />
    <testcase name="IntelliBridgeAllowedNumericsIsAllowedTest (2148881430,False)" classname="Philips.PMP.Test.Auto.IntelliBridgeAllowedNumericsTest" time="0.000" status="1" />
    <testcase name="IntelliBridgeAllowedNumericsIsAllowedTest (2148881415,False)" classname="Philips.PMP.Test.Auto.IntelliBridgeAllowedNumericsTest" time="0.000" status="1" />
    <testcase name="IntelliBridgeAllowedNumericsIsAllowedTest (2148881418,False)" classname="Philips.PMP.Test.Auto.IntelliBridgeAllowedNumericsTest" time="0.000" status="1" />
    <testcase name="IntelliBridgeAllowedNumericsIsAllowedTest (2148881421,False)" classname="Philips.PMP.Test.Auto.IntelliBridgeAllowedNumericsTest" time="0.000" status="1" />
    <testcase name="IntelliBridgeAllowedNumericsIsAllowedTest (153728,False)" classname="Philips.PMP.Test.Auto.IntelliBridgeAllowedNumericsTest" time="0.019" status="1" />
    <testcase name="IntelliBridgeAllowedNumericsIsAllowedTest (153730,False)" classname="Philips.PMP.Test.Auto.IntelliBridgeAllowedNumericsTest" time="0.000" status="1" />
    <testcase name="IntelliBridgeAllowedNumericsIsAllowedTest (153731,False)" classname="Philips.PMP.Test.Auto.IntelliBridgeAllowedNumericsTest" time="0.001" status="1" />
    <testcase name="IntelliBridgeAllowedNumericsIsAllowedTest (153732,False)" classname="Philips.PMP.Test.Auto.IntelliBridgeAllowedNumericsTest" time="0.000" status="1" />
    <testcase name="IntelliBridgeAllowedNumericsIsAllowedTest (153856,False)" classname="Philips.PMP.Test.Auto.IntelliBridgeAllowedNumericsTest" time="0.000" status="1" />
    <testcase name="IntelliBridgeAllowedNumericsIsAllowedTest (153892,False)" classname="Philips.PMP.Test.Auto.IntelliBridgeAllowedNumericsTest" time="0.000" status="1" />
    <testcase name="IntelliBridgeAllowedNumericsIsAllowedTest (153896,False)" classname="Philips.PMP.Test.Auto.IntelliBridgeAllowedNumericsTest" time="0.004" status="1" />
    <testcase name="IntelliBridgeAllowedNumericsIsAllowedTest (159748,False)" classname="Philips.PMP.Test.Auto.IntelliBridgeAllowedNumericsTest" time="0.000" status="1" />
    <testcase name="IntelliBridgeAllowedNumericsIsAllowedTest (159752,False)" classname="Philips.PMP.Test.Auto.IntelliBridgeAllowedNumericsTest" time="0.000" status="1" />
    <testcase name="IntelliBridgeAllowedNumericsIsAllowedTest (159756,False)" classname="Philips.PMP.Test.Auto.IntelliBridgeAllowedNumericsTest" time="0.000" status="1" />
    <testcase name="IntelliBridgeAllowedNumericsIsAllowedTest (159764,False)" classname="Philips.PMP.Test.Auto.IntelliBridgeAllowedNumericsTest" time="0.001" status="1" />
    <testcase name="IntelliBridgeAllowedNumericsIsAllowedTest (159768,False)" classname="Philips.PMP.Test.Auto.IntelliBridgeAllowedNumericsTest" time="0.002" status="1" />
    <testcase name="IntelliBridgeAllowedNumericsIsAllowedTest (159796,False)" classname="Philips.PMP.Test.Auto.IntelliBridgeAllowedNumericsTest" time="0.006" status="1" />
    <testcase name="IntelliBridgeAllowedNumericsIsAllowedTest (159800,False)" classname="Philips.PMP.Test.Auto.IntelliBridgeAllowedNumericsTest" time="0.000" status="1" />
    <testcase name="IntelliBridgeAllowedNumericsIsAllowedTest (159804,False)" classname="Philips.PMP.Test.Auto.IntelliBridgeAllowedNumericsTest" time="0.002" status="1" />
    <testcase name="IntelliBridgeAllowedNumericsIsAllowedTest (159816,False)" classname="Philips.PMP.Test.Auto.IntelliBridgeAllowedNumericsTest" time="0.004" status="1" />
    <testcase name="IntelliBridgeAllowedNumericsIsAllowedTest (159852,False)" classname="Philips.PMP.Test.Auto.IntelliBridgeAllowedNumericsTest" time="0.002" status="1" />
    <testcase name="IntelliBridgeAllowedNumericsIsAllowedTest (159960,False)" classname="Philips.PMP.Test.Auto.IntelliBridgeAllowedNumericsTest" time="0.000" status="1" />
    <testcase name="IntelliBridgeAllowedNumericsIsAllowedTest (160004,False)" classname="Philips.PMP.Test.Auto.IntelliBridgeAllowedNumericsTest" time="0.000" status="1" />
    <testcase name="IntelliBridgeAllowedNumericsIsAllowedTest (160008,False)" classname="Philips.PMP.Test.Auto.IntelliBridgeAllowedNumericsTest" time="0.003" status="1" />
    <testcase name="IntelliBridgeAllowedNumericsIsAllowedTest (160012,False)" classname="Philips.PMP.Test.Auto.IntelliBridgeAllowedNumericsTest" time="0.001" status="1" />
    <testcase name="IntelliBridgeAllowedNumericsIsAllowedTest (160016,False)" classname="Philips.PMP.Test.Auto.IntelliBridgeAllowedNumericsTest" time="0.004" status="1" />
    <testcase name="IntelliBridgeAllowedNumericsIsAllowedTest (160020,False)" classname="Philips.PMP.Test.Auto.IntelliBridgeAllowedNumericsTest" time="0.000" status="1" />
    <testcase name="IntelliBridgeAllowedNumericsIsAllowedTest (160064,False)" classname="Philips.PMP.Test.Auto.IntelliBridgeAllowedNumericsTest" time="0.003" status="1" />
    <testcase name="IntelliBridgeAllowedNumericsIsAllowedTest (160116,False)" classname="Philips.PMP.Test.Auto.IntelliBridgeAllowedNumericsTest" time="0.001" status="1" />
    <testcase name="IntelliBridgeAllowedNumericsIsAllowedTest (160132,False)" classname="Philips.PMP.Test.Auto.IntelliBridgeAllowedNumericsTest" time="0.008" status="1" />
    <testcase name="IntelliBridgeAllowedNumericsIsAllowedTest (160108,False)" classname="Philips.PMP.Test.Auto.IntelliBridgeAllowedNumericsTest" time="0.000" status="1" />
    <testcase name="IntelliBridgeAllowedNumericsIsAllowedTest (192618,False)" classname="Philips.PMP.Test.Auto.IntelliBridgeAllowedNumericsTest" time="0.001" status="1" />
    <testcase name="IntelliBridgeAllowedNumericsIsAllowedTest (192619,False)" classname="Philips.PMP.Test.Auto.IntelliBridgeAllowedNumericsTest" time="0.000" status="1" />
    <testcase name="IntelliBridgeAllowedNumericsIsAllowedTest (192633,False)" classname="Philips.PMP.Test.Auto.IntelliBridgeAllowedNumericsTest" time="0.020" status="1" />
    <testcase name="IntelliBridgeAllowedNumericsIsAllowedTest (192634,False)" classname="Philips.PMP.Test.Auto.IntelliBridgeAllowedNumericsTest" time="0.001" status="1" />
    <testcase name="IntelliBridgeAllowedNumericsIsAllowedTest (192635,False)" classname="Philips.PMP.Test.Auto.IntelliBridgeAllowedNumericsTest" time="0.001" status="1" />
    <testcase name="IntelliBridgeAllowedNumericsIsAllowedTest (160104,False)" classname="Philips.PMP.Test.Auto.IntelliBridgeAllowedNumericsTest" time="0.000" status="1" />
    <testcase name="IntelliBridgeAllowedNumericsIsAllowedTest (192655,False)" classname="Philips.PMP.Test.Auto.IntelliBridgeAllowedNumericsTest" time="0.000" status="1" />
    <testcase name="IntelliBridgeAllowedNumericsIsAllowedTest (192656,False)" classname="Philips.PMP.Test.Auto.IntelliBridgeAllowedNumericsTest" time="0.000" status="1" />
    <testcase name="IntelliBridgeAllowedNumericsIsAllowedTest (192658,False)" classname="Philips.PMP.Test.Auto.IntelliBridgeAllowedNumericsTest" time="0.000" status="1" />
    <testcase name="IntelliBridgeAllowedNumericsIsAllowedTest (192636,False)" classname="Philips.PMP.Test.Auto.IntelliBridgeAllowedNumericsTest" time="0.000" status="1" />
    <testcase name="IntelliBridgeAllowedNumericsIsAllowedTest (192625,False)" classname="Philips.PMP.Test.Auto.IntelliBridgeAllowedNumericsTest" time="0.000" status="1" />
    <testcase name="IntelliBridgeAllowedNumericsIsAllowedTest (192659,False)" classname="Philips.PMP.Test.Auto.IntelliBridgeAllowedNumericsTest" time="0.000" status="1" />
    <testcase name="IntelliBridgeAllowedNumericsIsAllowedTest (192660,False)" classname="Philips.PMP.Test.Auto.IntelliBridgeAllowedNumericsTest" time="0.000" status="1" />
    <testcase name="IntelliBridgeAllowedNumericsIsAllowedTest (193524,False)" classname="Philips.PMP.Test.Auto.IntelliBridgeAllowedNumericsTest" time="0.000" status="1" />
    <testcase name="IntelliBridgeAllowedNumericsIsAllowedTest (193525,False)" classname="Philips.PMP.Test.Auto.IntelliBridgeAllowedNumericsTest" time="0.000" status="1" />
    <testcase name="IntelliBridgeAllowedNumericsIsAllowedTest (193526,False)" classname="Philips.PMP.Test.Auto.IntelliBridgeAllowedNumericsTest" time="0.000" status="1" />
    <testcase name="IntelliBridgeAllowedNumericsIsAllowedTest (193527,False)" classname="Philips.PMP.Test.Auto.IntelliBridgeAllowedNumericsTest" time="0.000" status="1" />
    <testcase name="IntelliBridgeAllowedNumericsIsAllowedTest (193528,False)" classname="Philips.PMP.Test.Auto.IntelliBridgeAllowedNumericsTest" time="0.000" status="1" />
    <testcase name="IntelliBridgeAllowedNumericsIsAllowedTest (193529,False)" classname="Philips.PMP.Test.Auto.IntelliBridgeAllowedNumericsTest" time="0.000" status="1" />
    <testcase name="IntelliBridgeAllowedNumericsIsAllowedTest (193530,False)" classname="Philips.PMP.Test.Auto.IntelliBridgeAllowedNumericsTest" time="0.000" status="1" />
    <testcase name="IntelliBridgeAllowedNumericsIsAllowedTest (193531,False)" classname="Philips.PMP.Test.Auto.IntelliBridgeAllowedNumericsTest" time="0.000" status="1" />
    <testcase name="IntelliBridgeAllowedNumericsIsAllowedTest (193532,False)" classname="Philips.PMP.Test.Auto.IntelliBridgeAllowedNumericsTest" time="0.000" status="1" />
    <testcase name="IntelliBridgeAllowedNumericsIsAllowedTest (193533,False)" classname="Philips.PMP.Test.Auto.IntelliBridgeAllowedNumericsTest" time="0.000" status="1" />
    <testcase name="IntelliBridgeAllowedNumericsIsAllowedTest (193534,False)" classname="Philips.PMP.Test.Auto.IntelliBridgeAllowedNumericsTest" time="0.000" status="1" />
    <testcase name="IntelliBridgeAllowedNumericsIsAllowedTest (193535,False)" classname="Philips.PMP.Test.Auto.IntelliBridgeAllowedNumericsTest" time="0.000" status="1" />
    <testcase name="IntelliBridgeAllowedNumericsIsAllowedTest (193536,False)" classname="Philips.PMP.Test.Auto.IntelliBridgeAllowedNumericsTest" time="0.000" status="1" />
    <testcase name="IntelliBridgeAllowedNumericsIsAllowedTest (193537,False)" classname="Philips.PMP.Test.Auto.IntelliBridgeAllowedNumericsTest" time="0.000" status="1" />
    <testcase name="IntelliBridgeAllowedNumericsIsAllowedTest (193538,False)" classname="Philips.PMP.Test.Auto.IntelliBridgeAllowedNumericsTest" time="0.000" status="1" />
    <testcase name="IntelliBridgeAllowedNumericsIsAllowedTest (193539,False)" classname="Philips.PMP.Test.Auto.IntelliBridgeAllowedNumericsTest" time="0.000" status="1" />
    <testcase name="IntelliBridgeAllowedNumericsIsAllowedTest (194703,False)" classname="Philips.PMP.Test.Auto.IntelliBridgeAllowedNumericsTest" time="0.000" status="1" />
    <testcase name="IntelliBridgeAllowedNumericsIsAllowedTest (194757,False)" classname="Philips.PMP.Test.Auto.IntelliBridgeAllowedNumericsTest" time="0.000" status="1" />
    <testcase name="IntelliBridgeAllowedNumericsIsAllowedTest (194758,False)" classname="Philips.PMP.Test.Auto.IntelliBridgeAllowedNumericsTest" time="0.000" status="1" />
    <testcase name="IntelliBridgeAllowedNumericsIsAllowedTest (194697,False)" classname="Philips.PMP.Test.Auto.IntelliBridgeAllowedNumericsTest" time="0.000" status="1" />
    <testcase name="IntelliBridgeAllowedNumericsIsAllowedTest (194588,False)" classname="Philips.PMP.Test.Auto.IntelliBridgeAllowedNumericsTest" time="0.000" status="1" />
    <testcase name="IntelliBridgeAllowedNumericsIsAllowedTest (194692,False)" classname="Philips.PMP.Test.Auto.IntelliBridgeAllowedNumericsTest" time="0.000" status="1" />
    <testcase name="IntelliBridgeAllowedNumericsIsAllowedTest (194623,False)" classname="Philips.PMP.Test.Auto.IntelliBridgeAllowedNumericsTest" time="0.000" status="1" />
    <testcase name="IntelliBridgeAllowedNumericsIsAllowedTest (192876,False)" classname="Philips.PMP.Test.Auto.IntelliBridgeAllowedNumericsTest" time="0.000" status="1" />
    <testcase name="IntelliBridgeAllowedNumericsIsAllowedTest (192916,False)" classname="Philips.PMP.Test.Auto.IntelliBridgeAllowedNumericsTest" time="0.000" status="1" />
    <testcase name="IntelliBridgeAllowedNumericsIsAllowedTest (184362,False)" classname="Philips.PMP.Test.Auto.IntelliBridgeAllowedNumericsTest" time="0.000" status="1" />
    <testcase name="IntelliBridgeAllowedNumericsIsAllowedTest (192875,False)" classname="Philips.PMP.Test.Auto.IntelliBridgeAllowedNumericsTest" time="0.000" status="1" />
    <testcase name="IntelliBridgeAllowedNumericsIsAllowedTest (194599,False)" classname="Philips.PMP.Test.Auto.IntelliBridgeAllowedNumericsTest" time="0.000" status="1" />
    <testcase name="IntelliBridgeAllowedNumericsIsAllowedTest (194712,False)" classname="Philips.PMP.Test.Auto.IntelliBridgeAllowedNumericsTest" time="0.000" status="1" />
    <testcase name="IntelliBridgeAllowedNumericsIsAllowedTest (194706,False)" classname="Philips.PMP.Test.Auto.IntelliBridgeAllowedNumericsTest" time="0.000" status="1" />
    <testcase name="IntelliBridgeAllowedNumericsIsAllowedTest (192918,False)" classname="Philips.PMP.Test.Auto.IntelliBridgeAllowedNumericsTest" time="0.000" status="1" />
    <testcase name="IntelliBridgeAllowedNumericsIsAllowedTest (192919,False)" classname="Philips.PMP.Test.Auto.IntelliBridgeAllowedNumericsTest" time="0.000" status="1" />
    <testcase name="IntelliBridgeAllowedNumericsIsAllowedTest (192920,False)" classname="Philips.PMP.Test.Auto.IntelliBridgeAllowedNumericsTest" time="0.014" status="1" />
    <testcase name="IntelliBridgeAllowedNumericsIsAllowedTest (194707,False)" classname="Philips.PMP.Test.Auto.IntelliBridgeAllowedNumericsTest" time="0.000" status="1" />
    <testcase name="IntelliBridgeAllowedNumericsIsAllowedTest (194608,False)" classname="Philips.PMP.Test.Auto.IntelliBridgeAllowedNumericsTest" time="0.000" status="1" />
    <testcase name="IntelliBridgeAllowedNumericsIsAllowedTest (192921,False)" classname="Philips.PMP.Test.Auto.IntelliBridgeAllowedNumericsTest" time="0.000" status="1" />
    <testcase name="IntelliBridgeAllowedNumericsIsAllowedTest (157732,False)" classname="Philips.PMP.Test.Auto.IntelliBridgeAllowedNumericsTest" time="0.000" status="1" />
    <testcase name="IntelliBridgeAllowedNumericsIsAllowedTest (195728,False)" classname="Philips.PMP.Test.Auto.IntelliBridgeAllowedNumericsTest" time="0.000" status="1" />
    <testcase name="IntelliBridgeAllowedNumericsIsAllowedTest (195712,False)" classname="Philips.PMP.Test.Auto.IntelliBridgeAllowedNumericsTest" time="0.000" status="1" />
    <testcase name="IntelliBridgeAllowedNumericsIsAllowedTest (195719,False)" classname="Philips.PMP.Test.Auto.IntelliBridgeAllowedNumericsTest" time="0.000" status="1" />
    <testcase name="IntelliBridgeAllowedNumericsIsAllowedTest (195720,False)" classname="Philips.PMP.Test.Auto.IntelliBridgeAllowedNumericsTest" time="0.000" status="1" />
    <testcase name="IntelliBridgeAllowedNumericsIsAllowedTest (195723,False)" classname="Philips.PMP.Test.Auto.IntelliBridgeAllowedNumericsTest" time="0.000" status="1" />
    <testcase name="IntelliBridgeAllowedNumericsIsAllowedTest (192877,False)" classname="Philips.PMP.Test.Auto.IntelliBridgeAllowedNumericsTest" time="0.000" status="1" />
    <testcase name="IntelliBridgeAllowedNumericsIsAllowedTest (194584,False)" classname="Philips.PMP.Test.Auto.IntelliBridgeAllowedNumericsTest" time="0.000" status="1" />
    <testcase name="IntelliBridgeAllowedNumericsIsAllowedTest (194577,False)" classname="Philips.PMP.Test.Auto.IntelliBridgeAllowedNumericsTest" time="0.000" status="1" />
    <testcase name="IntelliBridgeAllowedNumericsIsAllowedTest (194578,False)" classname="Philips.PMP.Test.Auto.IntelliBridgeAllowedNumericsTest" time="0.000" status="1" />
    <testcase name="IntelliBridgeAllowedNumericsIsAllowedTest (194579,False)" classname="Philips.PMP.Test.Auto.IntelliBridgeAllowedNumericsTest" time="0.000" status="1" />
    <testcase name="IntelliBridgeAllowedNumericsIsAllowedTest (194748,False)" classname="Philips.PMP.Test.Auto.IntelliBridgeAllowedNumericsTest" time="0.000" status="1" />
    <testcase name="IntelliBridgeAllowedNumericsIsAllowedTest (194713,True)" classname="Philips.PMP.Test.Auto.IntelliBridgeAllowedNumericsTest" time="0.000" status="1" />
    <testcase name="IntelliBridgeAllowedNumericsIsAllowedTest (195457,True)" classname="Philips.PMP.Test.Auto.IntelliBridgeAllowedNumericsTest" time="0.000" status="1" />
    <testcase name="IntelliBridgeAllowedNumericsIsAllowedTest (195458,True)" classname="Philips.PMP.Test.Auto.IntelliBridgeAllowedNumericsTest" time="0.010" status="1" />
    <testcase name="IntelliBridgeAllowedNumericsIsAllowedTest (195476,True)" classname="Philips.PMP.Test.Auto.IntelliBridgeAllowedNumericsTest" time="0.000" status="1" />
    <testcase name="IntelliBridgeAllowedNumericsIsAllowedTest (151801,True)" classname="Philips.PMP.Test.Auto.IntelliBridgeAllowedNumericsTest" time="0.000" status="1" />
    <testcase name="IntelliBridgeAllowedNumericsIsAllowedTest (194685,True)" classname="Philips.PMP.Test.Auto.IntelliBridgeAllowedNumericsTest" time="0.000" status="1" />
    <testcase name="IntelliBridgeAllowedNumericsIsAllowedTest (194581,True)" classname="Philips.PMP.Test.Auto.IntelliBridgeAllowedNumericsTest" time="0.000" status="1" />
    <testcase name="IntelliBridgeAllowedNumericsIsAllowedTest (194701,True)" classname="Philips.PMP.Test.Auto.IntelliBridgeAllowedNumericsTest" time="0.000" status="1" />
    <testcase name="IntelliBridgeAllowedNumericsIsAllowedTest (194678,True)" classname="Philips.PMP.Test.Auto.IntelliBridgeAllowedNumericsTest" time="0.000" status="1" />
    <testcase name="IntelliBridgeAllowedNumericsIsAllowedTest (194677,True)" classname="Philips.PMP.Test.Auto.IntelliBridgeAllowedNumericsTest" time="0.000" status="1" />
    <testcase name="IntelliBridgeAllowedNumericsIsAllowedTest (194715,True)" classname="Philips.PMP.Test.Auto.IntelliBridgeAllowedNumericsTest" time="0.000" status="1" />
    <testcase name="IntelliBridgeAllowedNumericsIsAllowedTest (150528,True)" classname="Philips.PMP.Test.Auto.IntelliBridgeAllowedNumericsTest" time="0.000" status="1" />
    <testcase name="IntelliBridgeAllowedNumericsIsAllowedTest (150532,True)" classname="Philips.PMP.Test.Auto.IntelliBridgeAllowedNumericsTest" time="0.003" status="1" />
    <testcase name="IntelliBridgeAllowedNumericsIsAllowedTest (194768,True)" classname="Philips.PMP.Test.Auto.IntelliBridgeAllowedNumericsTest" time="0.010" status="1" />
    <testcase name="IntelliBridgeAllowedNumericsIsAllowedTest (194769,True)" classname="Philips.PMP.Test.Auto.IntelliBridgeAllowedNumericsTest" time="0.016" status="1" />
    <testcase name="IntelliBridgeAllowedNumericsIsAllowedTest (194749,True)" classname="Philips.PMP.Test.Auto.IntelliBridgeAllowedNumericsTest" time="0.000" status="1" />
    <testcase name="IntelliBridgeAllowedNumericsIsAllowedTest (194737,True)" classname="Philips.PMP.Test.Auto.IntelliBridgeAllowedNumericsTest" time="0.000" status="1" />
    <testcase name="IntelliBridgeAllowedNumericsIsAllowedTest (192917,False)" classname="Philips.PMP.Test.Auto.IntelliBridgeAllowedNumericsTest" time="0.000" status="1" />
    <testcase name="IntelliBridgeAllowedNumericsIsAllowedTest (159844,False)" classname="Philips.PMP.Test.Auto.IntelliBridgeAllowedNumericsTest" time="0.015" status="1" />
    <testcase name="IntelliBridgeAllowedNumericsIsAllowedTest (194597,True)" classname="Philips.PMP.Test.Auto.IntelliBridgeAllowedNumericsTest" time="0.017" status="1" />
    <testcase name="IntelliBridgeAllowedNumericsIsAllowedTest (192887,True)" classname="Philips.PMP.Test.Auto.IntelliBridgeAllowedNumericsTest" time="0.001" status="1" />
    <testcase name="IntelliBridgeAllowedNumericsIsAllowedTest (194602,False)" classname="Philips.PMP.Test.Auto.IntelliBridgeAllowedNumericsTest" time="0.001" status="1" />
    <testcase name="IntelliBridgeAllowedNumericsIsAllowedTest (192927,False)" classname="Philips.PMP.Test.Auto.IntelliBridgeAllowedNumericsTest" time="0.001" status="1" />
    <testcase name="IntelliBridgeAllowedNumericsIsAllowedTest (192890,False)" classname="Philips.PMP.Test.Auto.IntelliBridgeAllowedNumericsTest" time="0.000" status="1" />
    <testcase name="IntelliBridgeAllowedNumericsIsAllowedTest (194596,False)" classname="Philips.PMP.Test.Auto.IntelliBridgeAllowedNumericsTest" time="0.000" status="1" />
    <testcase name="IntelliBridgeAllowedNumericsIsAllowedTest (192861,False)" classname="Philips.PMP.Test.Auto.IntelliBridgeAllowedNumericsTest" time="0.000" status="1" />
    <testcase name="IntelliBridgeAllowedNumericsIsAllowedTest (192860,False)" classname="Philips.PMP.Test.Auto.IntelliBridgeAllowedNumericsTest" time="0.000" status="1" />
    <testcase name="IntelliBridgeAllowedNumericsIsAllowedTest (192862,False)" classname="Philips.PMP.Test.Auto.IntelliBridgeAllowedNumericsTest" time="0.000" status="1" />
    <testcase name="IntelliBridgeAllowedNumericsIsAllowedTest (194607,False)" classname="Philips.PMP.Test.Auto.IntelliBridgeAllowedNumericsTest" time="0.000" status="1" />
    <testcase name="IntelliBridgeAllowedNumericsIsAllowedTest (192863,False)" classname="Philips.PMP.Test.Auto.IntelliBridgeAllowedNumericsTest" time="0.000" status="1" />
    <testcase name="IntelliBridgeAllowedNumericsIsAllowedTest (192867,False)" classname="Philips.PMP.Test.Auto.IntelliBridgeAllowedNumericsTest" time="0.000" status="1" />
    <testcase name="IntelliBridgeAllowedNumericsIsAllowedTest (192922,False)" classname="Philips.PMP.Test.Auto.IntelliBridgeAllowedNumericsTest" time="0.000" status="1" />
    <testcase name="IntelliBridgeAllowedNumericsIsAllowedTest (194601,False)" classname="Philips.PMP.Test.Auto.IntelliBridgeAllowedNumericsTest" time="0.000" status="1" />
    <testcase name="IntelliBridgeAllowedNumericsIsAllowedTest (192888,False)" classname="Philips.PMP.Test.Auto.IntelliBridgeAllowedNumericsTest" time="0.000" status="1" />
    <testcase name="IntelliBridgeAllowedNumericsIsAllowedTest (194733,False)" classname="Philips.PMP.Test.Auto.IntelliBridgeAllowedNumericsTest" time="0.000" status="1" />
    <testcase name="IntelliBridgeAllowedNumericsIsAllowedTest (192872,False)" classname="Philips.PMP.Test.Auto.IntelliBridgeAllowedNumericsTest" time="0.000" status="1" />
    <testcase name="IntelliBridgeAllowedNumericsIsAllowedTest (192873,False)" classname="Philips.PMP.Test.Auto.IntelliBridgeAllowedNumericsTest" time="0.000" status="1" />
    <testcase name="IntelliBridgeAllowedNumericsIsAllowedTest (192871,False)" classname="Philips.PMP.Test.Auto.IntelliBridgeAllowedNumericsTest" time="0.000" status="1" />
    <testcase name="IntelliBridgeAllowedNumericsIsAllowedTest (195571,False)" classname="Philips.PMP.Test.Auto.IntelliBridgeAllowedNumericsTest" time="0.000" status="1" />
    <testcase name="IntelliBridgeAllowedNumericsIsAllowedTest (194756,False)" classname="Philips.PMP.Test.Auto.IntelliBridgeAllowedNumericsTest" time="0.000" status="1" />
    <testcase name="IntelliBridgeAllowedNumericsIsAllowedTest (194693,False)" classname="Philips.PMP.Test.Auto.IntelliBridgeAllowedNumericsTest" time="0.000" status="1" />
    <testcase name="IntelliBridgeAllowedNumericsIsAllowedTest (194604,False)" classname="Philips.PMP.Test.Auto.IntelliBridgeAllowedNumericsTest" time="0.000" status="1" />
    <testcase name="IntelliBridgeAllowedNumericsIsAllowedTest (194725,False)" classname="Philips.PMP.Test.Auto.IntelliBridgeAllowedNumericsTest" time="0.000" status="1" />
    <testcase name="IntelliBridgeAllowedNumericsIsAllowedTest (192907,False)" classname="Philips.PMP.Test.Auto.IntelliBridgeAllowedNumericsTest" time="0.000" status="1" />
    <testcase name="IntelliBridgeAllowedNumericsIsAllowedTest (192913,False)" classname="Philips.PMP.Test.Auto.IntelliBridgeAllowedNumericsTest" time="0.000" status="1" />
    <testcase name="IntelliBridgeAllowedNumericsIsAllowedTest (192901,False)" classname="Philips.PMP.Test.Auto.IntelliBridgeAllowedNumericsTest" time="0.000" status="1" />
    <testcase name="IntelliBridgeAllowedNumericsIsAllowedTest (192902,False)" classname="Philips.PMP.Test.Auto.IntelliBridgeAllowedNumericsTest" time="0.005" status="1" />
    <testcase name="IntelliBridgeAllowedNumericsIsAllowedTest (192898,False)" classname="Philips.PMP.Test.Auto.IntelliBridgeAllowedNumericsTest" time="0.000" status="1" />
    <testcase name="IntelliBridgeAllowedNumericsIsAllowedTest (192896,False)" classname="Philips.PMP.Test.Auto.IntelliBridgeAllowedNumericsTest" time="0.000" status="1" />
    <testcase name="IntelliBridgeAllowedNumericsIsAllowedTest (192897,False)" classname="Philips.PMP.Test.Auto.IntelliBridgeAllowedNumericsTest" time="0.000" status="1" />
    <testcase name="IntelliBridgeAllowedNumericsIsAllowedTest (192895,False)" classname="Philips.PMP.Test.Auto.IntelliBridgeAllowedNumericsTest" time="0.000" status="1" />
    <testcase name="IntelliBridgeAllowedNumericsIsAllowedTest (192905,False)" classname="Philips.PMP.Test.Auto.IntelliBridgeAllowedNumericsTest" time="0.000" status="1" />
    <testcase name="IntelliBridgeAllowedNumericsIsAllowedTest (192904,False)" classname="Philips.PMP.Test.Auto.IntelliBridgeAllowedNumericsTest" time="0.000" status="1" />
    <testcase name="IntelliBridgeAllowedNumericsIsAllowedTest (192903,False)" classname="Philips.PMP.Test.Auto.IntelliBridgeAllowedNumericsTest" time="0.000" status="1" />
    <testcase name="IntelliBridgeAllowedNumericsIsAllowedTest (192864,False)" classname="Philips.PMP.Test.Auto.IntelliBridgeAllowedNumericsTest" time="0.000" status="1" />
    <testcase name="IntelliBridgeAllowedNumericsIsAllowedTest (192878,False)" classname="Philips.PMP.Test.Auto.IntelliBridgeAllowedNumericsTest" time="0.000" status="1" />
    <testcase name="IntelliBridgeAllowedNumericsIsAllowedTest (192879,False)" classname="Philips.PMP.Test.Auto.IntelliBridgeAllowedNumericsTest" time="0.000" status="1" />
    <testcase name="IntelliBridgeAllowedNumericsIsAllowedTest (192923,False)" classname="Philips.PMP.Test.Auto.IntelliBridgeAllowedNumericsTest" time="0.000" status="1" />
    <testcase name="IntelliBridgeAllowedNumericsIsAllowedTest (192924,False)" classname="Philips.PMP.Test.Auto.IntelliBridgeAllowedNumericsTest" time="0.000" status="1" />
    <testcase name="IntelliBridgeAllowedNumericsIsAllowedTest (160128,False)" classname="Philips.PMP.Test.Auto.IntelliBridgeAllowedNumericsTest" time="0.000" status="1" />
    <testcase name="IntelliBridgeAllowedNumericsIsAllowedTest (192869,False)" classname="Philips.PMP.Test.Auto.IntelliBridgeAllowedNumericsTest" time="0.001" status="1" />
    <testcase name="IntelliBridgeAllowedNumericsIsAllowedTest (160124,False)" classname="Philips.PMP.Test.Auto.IntelliBridgeAllowedNumericsTest" time="0.001" status="1" />
    <testcase name="IntelliBridgeAllowedNumericsIsAllowedTest (192889,False)" classname="Philips.PMP.Test.Auto.IntelliBridgeAllowedNumericsTest" time="0.000" status="1" />
    <testcase name="IntelliBridgeAllowedNumericsIsAllowedTest (192891,False)" classname="Philips.PMP.Test.Auto.IntelliBridgeAllowedNumericsTest" time="0.000" status="1" />
    <testcase name="IntelliBridgeAllowedNumericsIsAllowedTest (192900,False)" classname="Philips.PMP.Test.Auto.IntelliBridgeAllowedNumericsTest" time="0.000" status="1" />
    <testcase name="IntelliBridgeAllowedNumericsIsAllowedTest (194589,False)" classname="Philips.PMP.Test.Auto.IntelliBridgeAllowedNumericsTest" time="0.000" status="1" />
    <testcase name="IntelliBridgeAllowedNumericsIsAllowedTest (192874,False)" classname="Philips.PMP.Test.Auto.IntelliBridgeAllowedNumericsTest" time="0.000" status="1" />
    <testcase name="IntelliBridgeAllowedNumericsIsAllowedTest (192914,False)" classname="Philips.PMP.Test.Auto.IntelliBridgeAllowedNumericsTest" time="0.000" status="1" />
    <testcase name="IntelliBridgeAllowedNumericsIsAllowedTest (192892,False)" classname="Philips.PMP.Test.Auto.IntelliBridgeAllowedNumericsTest" time="0.000" status="1" />
    <testcase name="IntelliBridgeAllowedNumericsIsAllowedTest (194724,False)" classname="Philips.PMP.Test.Auto.IntelliBridgeAllowedNumericsTest" time="0.000" status="1" />
    <testcase name="IntelliBridgeAllowedNumericsIsAllowedTest (151844,True)" classname="Philips.PMP.Test.Auto.IntelliBridgeAllowedNumericsTest" time="0.001" status="1" />
    <testcase name="IntelliBridgeAllowedNumericsIsAllowedTest (194721,True)" classname="Philips.PMP.Test.Auto.IntelliBridgeAllowedNumericsTest" time="0.000" status="1" />
    <testcase name="IntelliBridgeAllowedNumericsIsAllowedTest (151848,True)" classname="Philips.PMP.Test.Auto.IntelliBridgeAllowedNumericsTest" time="0.000" status="1" />
    <testcase name="IntelliBridgeAllowedNumericsIsAllowedTest (194682,True)" classname="Philips.PMP.Test.Auto.IntelliBridgeAllowedNumericsTest" time="0.001" status="1" />
    <testcase name="IntelliBridgeAllowedNumericsIsAllowedTest (194747,True)" classname="Philips.PMP.Test.Auto.IntelliBridgeAllowedNumericsTest" time="0.002" status="1" />
    <testcase name="IntelliBridgeAllowedNumericsIsAllowedTest (194587,True)" classname="Philips.PMP.Test.Auto.IntelliBridgeAllowedNumericsTest" time="0.001" status="1" />
    <testcase name="IntelliBridgeAllowedNumericsIsAllowedTest (150040,True)" classname="Philips.PMP.Test.Auto.IntelliBridgeAllowedNumericsTest" time="0.019" status="1" />
    <testcase name="IntelliBridgeAllowedNumericsIsAllowedTest (195300,True)" classname="Philips.PMP.Test.Auto.IntelliBridgeAllowedNumericsTest" time="0.001" status="1" />
    <testcase name="IntelliBridgeAllowedNumericsIsAllowedTest (195301,True)" classname="Philips.PMP.Test.Auto.IntelliBridgeAllowedNumericsTest" time="0.000" status="1" />
    <testcase name="IntelliBridgeAllowedNumericsIsAllowedTest (195302,True)" classname="Philips.PMP.Test.Auto.IntelliBridgeAllowedNumericsTest" time="0.000" status="1" />
    <testcase name="IntelliBridgeAllowedNumericsIsAllowedTest (195303,True)" classname="Philips.PMP.Test.Auto.IntelliBridgeAllowedNumericsTest" time="0.000" status="1" />
    <testcase name="IntelliBridgeAllowedNumericsIsAllowedTest (157948,False)" classname="Philips.PMP.Test.Auto.IntelliBridgeAllowedNumericsTest" time="0.005" status="1" />
    <testcase name="IntelliBridgeAllowedNumericsIsAllowedTest (194743,False)" classname="Philips.PMP.Test.Auto.IntelliBridgeAllowedNumericsTest" time="0.001" status="1" />
    <testcase name="IntelliBridgeAllowedNumericsIsAllowedTest (194741,False)" classname="Philips.PMP.Test.Auto.IntelliBridgeAllowedNumericsTest" time="0.000" status="1" />
    <testcase name="IntelliBridgeAllowedNumericsIsAllowedTest (194740,False)" classname="Philips.PMP.Test.Auto.IntelliBridgeAllowedNumericsTest" time="0.000" status="1" />
    <testcase name="IntelliBridgeAllowedNumericsIsAllowedTest (194742,False)" classname="Philips.PMP.Test.Auto.IntelliBridgeAllowedNumericsTest" time="0.000" status="1" />
    <testcase name="IntelliBridgeAllowedNumericsIsAllowedTest (194745,False)" classname="Philips.PMP.Test.Auto.IntelliBridgeAllowedNumericsTest" time="0.000" status="1" />
    <testcase name="IntelliBridgeAllowedNumericsIsAllowedTest (194739,False)" classname="Philips.PMP.Test.Auto.IntelliBridgeAllowedNumericsTest" time="0.000" status="1" />
    <testcase name="IntelliBridgeAllowedNumericsIsAllowedTest (194738,False)" classname="Philips.PMP.Test.Auto.IntelliBridgeAllowedNumericsTest" time="0.000" status="1" />
    <testcase name="IntelliBridgeAllowedNumericsIsAllowedTest (194744,False)" classname="Philips.PMP.Test.Auto.IntelliBridgeAllowedNumericsTest" time="0.000" status="1" />
    <testcase name="IntelliBridgeAllowedNumericsIsAllowedTest (152012,True)" classname="Philips.PMP.Test.Auto.IntelliBridgeAllowedNumericsTest" time="0.000" status="1" />
    <testcase name="IntelliBridgeAllowedNumericsIsAllowedTest (151586,True)" classname="Philips.PMP.Test.Auto.IntelliBridgeAllowedNumericsTest" time="0.000" status="1" />
    <testcase name="IntelliBridgeAllowedNumericsIsAllowedTest (194765,True)" classname="Philips.PMP.Test.Auto.IntelliBridgeAllowedNumericsTest" time="0.000" status="1" />
    <testcase name="IntelliBridgeAllowedNumericsIsAllowedTest (152020,False)" classname="Philips.PMP.Test.Auto.IntelliBridgeAllowedNumericsTest" time="0.000" status="1" />
    <testcase name="IntelliBridgeAllowedNumericsIsAllowedTest (192755,True)" classname="Philips.PMP.Test.Auto.IntelliBridgeAllowedNumericsTest" time="0.000" status="1" />
    <testcase name="IntelliBridgeAllowedNumericsIsAllowedTest (194754,True)" classname="Philips.PMP.Test.Auto.IntelliBridgeAllowedNumericsTest" time="0.000" status="1" />
    <testcase name="IntelliBridgeAllowedNumericsIsAllowedTest (195358,True)" classname="Philips.PMP.Test.Auto.IntelliBridgeAllowedNumericsTest" time="0.000" status="1" />
    <testcase name="IntelliBridgeAllowedNumericsIsAllowedTest (192754,True)" classname="Philips.PMP.Test.Auto.IntelliBridgeAllowedNumericsTest" time="0.000" status="1" />
    <testcase name="IntelliBridgeAllowedNumericsIsAllowedTest (195360,True)" classname="Philips.PMP.Test.Auto.IntelliBridgeAllowedNumericsTest" time="0.000" status="1" />
    <testcase name="IntelliBridgeAllowedNumericsIsAllowedTest (195359,True)" classname="Philips.PMP.Test.Auto.IntelliBridgeAllowedNumericsTest" time="0.000" status="1" />
    <testcase name="IntelliBridgeAllowedNumericsIsAllowedTest (194750,True)" classname="Philips.PMP.Test.Auto.IntelliBridgeAllowedNumericsTest" time="0.000" status="1" />
    <testcase name="IntelliBridgeAllowedNumericsIsAllowedTest (194751,True)" classname="Philips.PMP.Test.Auto.IntelliBridgeAllowedNumericsTest" time="0.000" status="1" />
    <testcase name="IntelliBridgeAllowedNumericsIsAllowedTest (193553,False)" classname="Philips.PMP.Test.Auto.IntelliBridgeAllowedNumericsTest" time="0.000" status="1" />
    <testcase name="IntelliBridgeAllowedNumericsIsAllowedTest (193554,False)" classname="Philips.PMP.Test.Auto.IntelliBridgeAllowedNumericsTest" time="0.000" status="1" />
    <testcase name="IntelliBridgeAllowedNumericsIsAllowedTest (193613,False)" classname="Philips.PMP.Test.Auto.IntelliBridgeAllowedNumericsTest" time="0.000" status="1" />
    <testcase name="IntelliBridgeAllowedNumericsIsAllowedTest (193614,False)" classname="Philips.PMP.Test.Auto.IntelliBridgeAllowedNumericsTest" time="0.000" status="1" />
    <testcase name="IntelliBridgeAllowedNumericsIsAllowedTest (193615,False)" classname="Philips.PMP.Test.Auto.IntelliBridgeAllowedNumericsTest" time="0.000" status="1" />
    <testcase name="IntelliBridgeAllowedNumericsIsAllowedTest (193616,False)" classname="Philips.PMP.Test.Auto.IntelliBridgeAllowedNumericsTest" time="0.000" status="1" />
    <testcase name="IntelliBridgeAllowedNumericsIsAllowedTest (193555,False)" classname="Philips.PMP.Test.Auto.IntelliBridgeAllowedNumericsTest" time="0.000" status="1" />
    <testcase name="IntelliBridgeAllowedNumericsIsAllowedTest (193556,False)" classname="Philips.PMP.Test.Auto.IntelliBridgeAllowedNumericsTest" time="0.000" status="1" />
    <testcase name="IntelliBridgeAllowedNumericsIsAllowedTest (193557,False)" classname="Philips.PMP.Test.Auto.IntelliBridgeAllowedNumericsTest" time="0.000" status="1" />
    <testcase name="IntelliBridgeAllowedNumericsIsAllowedTest (193558,False)" classname="Philips.PMP.Test.Auto.IntelliBridgeAllowedNumericsTest" time="0.000" status="1" />
    <testcase name="IntelliBridgeAllowedNumericsIsAllowedTest (193559,False)" classname="Philips.PMP.Test.Auto.IntelliBridgeAllowedNumericsTest" time="0.000" status="1" />
    <testcase name="IntelliBridgeAllowedNumericsIsAllowedTest (193560,False)" classname="Philips.PMP.Test.Auto.IntelliBridgeAllowedNumericsTest" time="0.000" status="1" />
    <testcase name="IntelliBridgeAllowedNumericsIsAllowedTest (194649,True)" classname="Philips.PMP.Test.Auto.IntelliBridgeAllowedNumericsTest" time="0.000" status="1" />
    <testcase name="IntelliBridgeAllowedNumericsIsAllowedTest (194655,True)" classname="Philips.PMP.Test.Auto.IntelliBridgeAllowedNumericsTest" time="0.000" status="1" />
    <testcase name="IntelliBridgeAllowedNumericsIsAllowedTest (194663,True)" classname="Philips.PMP.Test.Auto.IntelliBridgeAllowedNumericsTest" time="0.000" status="1" />
    <testcase name="IntelliBridgeAllowedNumericsIsAllowedTest (194669,True)" classname="Philips.PMP.Test.Auto.IntelliBridgeAllowedNumericsTest" time="0.000" status="1" />
    <testcase name="IntelliBridgeAllowedNumericsIsAllowedTest (194645,True)" classname="Philips.PMP.Test.Auto.IntelliBridgeAllowedNumericsTest" time="0.000" status="1" />
    <testcase name="IntelliBridgeAllowedNumericsIsAllowedTest (194651,True)" classname="Philips.PMP.Test.Auto.IntelliBridgeAllowedNumericsTest" time="0.000" status="1" />
    <testcase name="IntelliBridgeAllowedNumericsIsAllowedTest (194659,True)" classname="Philips.PMP.Test.Auto.IntelliBridgeAllowedNumericsTest" time="0.000" status="1" />
    <testcase name="IntelliBridgeAllowedNumericsIsAllowedTest (194665,True)" classname="Philips.PMP.Test.Auto.IntelliBridgeAllowedNumericsTest" time="0.000" status="1" />
    <testcase name="IntelliBridgeAllowedNumericsIsAllowedTest (194633,True)" classname="Philips.PMP.Test.Auto.IntelliBridgeAllowedNumericsTest" time="0.000" status="1" />
    <testcase name="IntelliBridgeAllowedNumericsIsAllowedTest (194635,True)" classname="Philips.PMP.Test.Auto.IntelliBridgeAllowedNumericsTest" time="0.000" status="1" />
    <testcase name="IntelliBridgeAllowedNumericsIsAllowedTest (194639,True)" classname="Philips.PMP.Test.Auto.IntelliBridgeAllowedNumericsTest" time="0.000" status="1" />
    <testcase name="IntelliBridgeAllowedNumericsIsAllowedTest (194625,True)" classname="Philips.PMP.Test.Auto.IntelliBridgeAllowedNumericsTest" time="0.000" status="1" />
    <testcase name="IntelliBridgeAllowedNumericsIsAllowedTest (194650,True)" classname="Philips.PMP.Test.Auto.IntelliBridgeAllowedNumericsTest" time="0.000" status="1" />
    <testcase name="IntelliBridgeAllowedNumericsIsAllowedTest (194656,True)" classname="Philips.PMP.Test.Auto.IntelliBridgeAllowedNumericsTest" time="0.000" status="1" />
    <testcase name="IntelliBridgeAllowedNumericsIsAllowedTest (194664,True)" classname="Philips.PMP.Test.Auto.IntelliBridgeAllowedNumericsTest" time="0.000" status="1" />
    <testcase name="IntelliBridgeAllowedNumericsIsAllowedTest (194670,True)" classname="Philips.PMP.Test.Auto.IntelliBridgeAllowedNumericsTest" time="0.000" status="1" />
    <testcase name="IntelliBridgeAllowedNumericsIsAllowedTest (194646,True)" classname="Philips.PMP.Test.Auto.IntelliBridgeAllowedNumericsTest" time="0.000" status="1" />
    <testcase name="IntelliBridgeAllowedNumericsIsAllowedTest (194652,True)" classname="Philips.PMP.Test.Auto.IntelliBridgeAllowedNumericsTest" time="0.000" status="1" />
    <testcase name="IntelliBridgeAllowedNumericsIsAllowedTest (194660,True)" classname="Philips.PMP.Test.Auto.IntelliBridgeAllowedNumericsTest" time="0.000" status="1" />
    <testcase name="IntelliBridgeAllowedNumericsIsAllowedTest (194666,True)" classname="Philips.PMP.Test.Auto.IntelliBridgeAllowedNumericsTest" time="0.000" status="1" />
    <testcase name="IntelliBridgeAllowedNumericsIsAllowedTest (194634,True)" classname="Philips.PMP.Test.Auto.IntelliBridgeAllowedNumericsTest" time="0.000" status="1" />
    <testcase name="IntelliBridgeAllowedNumericsIsAllowedTest (194636,True)" classname="Philips.PMP.Test.Auto.IntelliBridgeAllowedNumericsTest" time="0.000" status="1" />
    <testcase name="IntelliBridgeAllowedNumericsIsAllowedTest (194640,True)" classname="Philips.PMP.Test.Auto.IntelliBridgeAllowedNumericsTest" time="0.000" status="1" />
    <testcase name="IntelliBridgeAllowedNumericsIsAllowedTest (194626,True)" classname="Philips.PMP.Test.Auto.IntelliBridgeAllowedNumericsTest" time="0.000" status="1" />
    <testcase name="IntelliBridgeAllowedNumericsIsAllowedTest (152416,False)" classname="Philips.PMP.Test.Auto.IntelliBridgeAllowedNumericsTest" time="0.000" status="1" />
    <testcase name="IntelliBridgeAllowedNumericsIsAllowedTest (194714,True)" classname="Philips.PMP.Test.Auto.IntelliBridgeAllowedNumericsTest" time="0.000" status="1" />
    <testcase name="IntelliBridgeAllowedNumericsIsAllowedTest (194680,False)" classname="Philips.PMP.Test.Auto.IntelliBridgeAllowedNumericsTest" time="0.000" status="1" />
    <testcase name="IntelliBridgeAllowedNumericsIsAllowedTest (194688,False)" classname="Philips.PMP.Test.Auto.IntelliBridgeAllowedNumericsTest" time="0.000" status="1" />
    <testcase name="IntelliBridgeAllowedNumericsIsAllowedTest (194683,False)" classname="Philips.PMP.Test.Auto.IntelliBridgeAllowedNumericsTest" time="0.000" status="1" />
    <testcase name="IntelliBridgeAllowedNumericsIsAllowedTest (194681,False)" classname="Philips.PMP.Test.Auto.IntelliBridgeAllowedNumericsTest" time="0.000" status="1" />
    <testcase name="IntelliBridgeAllowedNumericsIsAllowedTest (194684,False)" classname="Philips.PMP.Test.Auto.IntelliBridgeAllowedNumericsTest" time="0.000" status="1" />
    <testcase name="IntelliBridgeAllowedNumericsIsAllowedTest (194686,False)" classname="Philips.PMP.Test.Auto.IntelliBridgeAllowedNumericsTest" time="0.000" status="1" />
    <testcase name="IntelliBridgeAllowedNumericsIsAllowedTest (194687,True)" classname="Philips.PMP.Test.Auto.IntelliBridgeAllowedNumericsTest" time="0.000" status="1" />
    <testcase name="IntelliBridgeAllowedNumericsIsAllowedTest (194679,True)" classname="Philips.PMP.Test.Auto.IntelliBridgeAllowedNumericsTest" time="0.000" status="1" />
    <testcase name="IntelliBridgeAllowedNumericsIsAllowedTest (194689,True)" classname="Philips.PMP.Test.Auto.IntelliBridgeAllowedNumericsTest" time="0.000" status="1" />
    <testcase name="IntelliBridgeAllowedNumericsIsAllowedTest (194759,False)" classname="Philips.PMP.Test.Auto.IntelliBridgeAllowedNumericsTest" time="0.000" status="1" />
    <testcase name="IntelliBridgeAllowedNumericsIsAllowedTest (194763,False)" classname="Philips.PMP.Test.Auto.IntelliBridgeAllowedNumericsTest" time="0.000" status="1" />
    <testcase name="IntelliBridgeAllowedNumericsIsAllowedTest (194761,False)" classname="Philips.PMP.Test.Auto.IntelliBridgeAllowedNumericsTest" time="0.000" status="1" />
    <testcase name="IntelliBridgeAllowedNumericsIsAllowedTest (194762,False)" classname="Philips.PMP.Test.Auto.IntelliBridgeAllowedNumericsTest" time="0.000" status="1" />
    <testcase name="IntelliBridgeAllowedNumericsIsAllowedTest (194760,False)" classname="Philips.PMP.Test.Auto.IntelliBridgeAllowedNumericsTest" time="0.000" status="1" />
    <testcase name="IntelliBridgeAllowedNumericsIsAllowedTest (194764,False)" classname="Philips.PMP.Test.Auto.IntelliBridgeAllowedNumericsTest" time="0.000" status="1" />
    <testcase name="IntelliBridgeAllowedNumericsIsAllowedTest (195479,True)" classname="Philips.PMP.Test.Auto.IntelliBridgeAllowedNumericsTest" time="0.000" status="1" />
    <testcase name="IntelliBridgeAllowedNumericsIsAllowedTest (195480,True)" classname="Philips.PMP.Test.Auto.IntelliBridgeAllowedNumericsTest" time="0.000" status="1" />
    <testcase name="IntelliBridgeAllowedNumericsIsAllowedTest (194767,False)" classname="Philips.PMP.Test.Auto.IntelliBridgeAllowedNumericsTest" time="0.000" status="1" />
    <testcase name="IntelliBridgeAllowedNumericsIsAllowedTest (157708,False)" classname="Philips.PMP.Test.Auto.IntelliBridgeAllowedNumericsTest" time="0.000" status="1" />
    <testcase name="IntelliBridgeAllowedNumericsIsAllowedTest (160024,False)" classname="Philips.PMP.Test.Auto.IntelliBridgeAllowedNumericsTest" time="0.000" status="1" />
    <testcase name="IntelliBridgeAllowedNumericsIsAllowedTest (194603,False)" classname="Philips.PMP.Test.Auto.IntelliBridgeAllowedNumericsTest" time="0.000" status="1" />
    <testcase name="IntelliBridgeAllowedNumericsIsAllowedTest (192856,False)" classname="Philips.PMP.Test.Auto.IntelliBridgeAllowedNumericsTest" time="0.000" status="1" />
    <testcase name="IntelliBridgeAllowedNumericsIsAllowedTest (194616,False)" classname="Philips.PMP.Test.Auto.IntelliBridgeAllowedNumericsTest" time="0.000" status="1" />
    <testcase name="IntelliBridgeAllowedNumericsIsAllowedTest (194614,False)" classname="Philips.PMP.Test.Auto.IntelliBridgeAllowedNumericsTest" time="0.000" status="1" />
    <testcase name="IntelliBridgeAllowedNumericsIsAllowedTest (194617,False)" classname="Philips.PMP.Test.Auto.IntelliBridgeAllowedNumericsTest" time="0.000" status="1" />
    <testcase name="IntelliBridgeAllowedNumericsIsAllowedTest (194615,False)" classname="Philips.PMP.Test.Auto.IntelliBridgeAllowedNumericsTest" time="0.000" status="1" />
    <testcase name="IntelliBridgeAllowedNumericsIsAllowedTest (192858,False)" classname="Philips.PMP.Test.Auto.IntelliBridgeAllowedNumericsTest" time="0.000" status="1" />
    <testcase name="IntelliBridgeAllowedNumericsIsAllowedTest (194621,False)" classname="Philips.PMP.Test.Auto.IntelliBridgeAllowedNumericsTest" time="0.000" status="1" />
    <testcase name="IntelliBridgeAllowedNumericsIsAllowedTest (194619,False)" classname="Philips.PMP.Test.Auto.IntelliBridgeAllowedNumericsTest" time="0.000" status="1" />
    <testcase name="IntelliBridgeAllowedNumericsIsAllowedTest (194622,False)" classname="Philips.PMP.Test.Auto.IntelliBridgeAllowedNumericsTest" time="0.000" status="1" />
    <testcase name="IntelliBridgeAllowedNumericsIsAllowedTest (194620,False)" classname="Philips.PMP.Test.Auto.IntelliBridgeAllowedNumericsTest" time="0.000" status="1" />
    <testcase name="IntelliBridgeAllowedNumericsIsAllowedTest (192857,False)" classname="Philips.PMP.Test.Auto.IntelliBridgeAllowedNumericsTest" time="0.000" status="1" />
    <testcase name="IntelliBridgeAllowedNumericsIsAllowedTest (194612,False)" classname="Philips.PMP.Test.Auto.IntelliBridgeAllowedNumericsTest" time="0.000" status="1" />
    <testcase name="IntelliBridgeAllowedNumericsIsAllowedTest (194610,False)" classname="Philips.PMP.Test.Auto.IntelliBridgeAllowedNumericsTest" time="0.000" status="1" />
    <testcase name="IntelliBridgeAllowedNumericsIsAllowedTest (194613,False)" classname="Philips.PMP.Test.Auto.IntelliBridgeAllowedNumericsTest" time="0.000" status="1" />
    <testcase name="IntelliBridgeAllowedNumericsIsAllowedTest (194611,False)" classname="Philips.PMP.Test.Auto.IntelliBridgeAllowedNumericsTest" time="0.000" status="1" />
    <testcase name="IntelliBridgeAllowedNumericsIsAllowedTest (194598,False)" classname="Philips.PMP.Test.Auto.IntelliBridgeAllowedNumericsTest" time="0.008" status="1" />
    <testcase name="IntelliBridgeAllowedNumericsIsAllowedTest (194716,False)" classname="Philips.PMP.Test.Auto.IntelliBridgeAllowedNumericsTest" time="0.001" status="1" />
    <testcase name="IntelliBridgeAllowedNumericsIsAllowedTest (192868,False)" classname="Philips.PMP.Test.Auto.IntelliBridgeAllowedNumericsTest" time="0.000" status="1" />
    <testcase name="IntelliBridgeAllowedNumericsIsAllowedTest (192870,False)" classname="Philips.PMP.Test.Auto.IntelliBridgeAllowedNumericsTest" time="0.000" status="1" />
    <testcase name="IntelliBridgeAllowedNumericsIsAllowedTest (192928,False)" classname="Philips.PMP.Test.Auto.IntelliBridgeAllowedNumericsTest" time="0.000" status="1" />
    <testcase name="IntelliBridgeAllowedNumericsIsAllowedTest (194606,False)" classname="Philips.PMP.Test.Auto.IntelliBridgeAllowedNumericsTest" time="0.000" status="1" />
    <testcase name="IntelliBridgeAllowedNumericsIsAllowedTest (194593,False)" classname="Philips.PMP.Test.Auto.IntelliBridgeAllowedNumericsTest" time="0.000" status="1" />
    <testcase name="IntelliBridgeAllowedNumericsIsAllowedTest (192929,False)" classname="Philips.PMP.Test.Auto.IntelliBridgeAllowedNumericsTest" time="0.000" status="1" />
    <testcase name="IntelliBridgeAllowedNumericsIsAllowedTest (192882,False)" classname="Philips.PMP.Test.Auto.IntelliBridgeAllowedNumericsTest" time="0.000" status="1" />
    <testcase name="IntelliBridgeAllowedNumericsIsAllowedTest (194583,False)" classname="Philips.PMP.Test.Auto.IntelliBridgeAllowedNumericsTest" time="0.000" status="1" />
    <testcase name="IntelliBridgeAllowedNumericsIsAllowedTest (192859,False)" classname="Philips.PMP.Test.Auto.IntelliBridgeAllowedNumericsTest" time="0.000" status="1" />
    <testcase name="IntelliBridgeAllowedNumericsIsAllowedTest (192883,False)" classname="Philips.PMP.Test.Auto.IntelliBridgeAllowedNumericsTest" time="0.000" status="1" />
    <testcase name="IntelliBridgeAllowedNumericsIsAllowedTest (194704,False)" classname="Philips.PMP.Test.Auto.IntelliBridgeAllowedNumericsTest" time="0.000" status="1" />
    <testcase name="IntelliBridgeAllowedNumericsIsAllowedTest (194705,False)" classname="Philips.PMP.Test.Auto.IntelliBridgeAllowedNumericsTest" time="0.000" status="1" />
    <testcase name="IntelliBridgeAllowedNumericsIsAllowedTest (192884,False)" classname="Philips.PMP.Test.Auto.IntelliBridgeAllowedNumericsTest" time="0.000" status="1" />
    <testcase name="IntelliBridgeAllowedNumericsIsAllowedTest (194722,False)" classname="Philips.PMP.Test.Auto.IntelliBridgeAllowedNumericsTest" time="0.000" status="1" />
    <testcase name="IntelliBridgeAllowedNumericsIsAllowedTest (192810,True)" classname="Philips.PMP.Test.Auto.IntelliBridgeAllowedNumericsTest" time="0.000" status="1" />
    <testcase name="IntelliBridgeAllowedNumericsIsAllowedTest (192771,True)" classname="Philips.PMP.Test.Auto.IntelliBridgeAllowedNumericsTest" time="0.000" status="1" />
    <testcase name="IntelliBridgeAllowedNumericsIsAllowedTest (194694,True)" classname="Philips.PMP.Test.Auto.IntelliBridgeAllowedNumericsTest" time="0.000" status="1" />
    <testcase name="IntelliBridgeAllowedNumericsIsAllowedTest (194771,False)" classname="Philips.PMP.Test.Auto.IntelliBridgeAllowedNumericsTest" time="0.000" status="1" />
    <testcase name="IntelliBridgeAllowedNumericsIsAllowedTest (194766,False)" classname="Philips.PMP.Test.Auto.IntelliBridgeAllowedNumericsTest" time="0.000" status="1" />
    <testcase name="IntelliBridgeAllowedNumericsIsAllowedTest (192925,False)" classname="Philips.PMP.Test.Auto.IntelliBridgeAllowedNumericsTest" time="0.000" status="1" />
    <testcase name="IntelliBridgeAllowedNumericsIsAllowedTest (194576,False)" classname="Philips.PMP.Test.Auto.IntelliBridgeAllowedNumericsTest" time="0.000" status="1" />
    <testcase name="IntelliBridgeAllowedNumericsIsAllowedTest (157716,False)" classname="Philips.PMP.Test.Auto.IntelliBridgeAllowedNumericsTest" time="0.000" status="1" />
    <testcase name="IntelliBridgeAllowedNumericsIsAllowedTest (194691,False)" classname="Philips.PMP.Test.Auto.IntelliBridgeAllowedNumericsTest" time="0.000" status="1" />
    <testcase name="IntelliBridgeAllowedNumericsIsAllowedTest (157744,False)" classname="Philips.PMP.Test.Auto.IntelliBridgeAllowedNumericsTest" time="0.000" status="1" />
    <testcase name="IntelliBridgeAllowedNumericsIsAllowedTest (157712,False)" classname="Philips.PMP.Test.Auto.IntelliBridgeAllowedNumericsTest" time="0.000" status="1" />
    <testcase name="IntelliBridgeAllowedNumericsIsAllowedTest (194736,False)" classname="Philips.PMP.Test.Auto.IntelliBridgeAllowedNumericsTest" time="0.000" status="1" />
    <testcase name="IntelliBridgeAllowedNumericsIsAllowedTest (67304349,False)" classname="Philips.PMP.Test.Auto.IntelliBridgeAllowedNumericsTest" time="0.000" status="1" />
    <testcase name="IntelliBridgeAllowedNumericsIsAllowedTest (195508,True)" classname="Philips.PMP.Test.Auto.IntelliBridgeAllowedNumericsTest" time="0.000" status="1" />
    <testcase name="IntelliBridgeAllowedNumericsIsAllowedTest (194708,False)" classname="Philips.PMP.Test.Auto.IntelliBridgeAllowedNumericsTest" time="0.000" status="1" />
    <testcase name="IntelliBridgeAllowedNumericsIsAllowedTest (194600,True)" classname="Philips.PMP.Test.Auto.IntelliBridgeAllowedNumericsTest" time="0.000" status="1" />
    <testcase name="IntelliBridgeAllowedNumericsIsAllowedTest (195886,True)" classname="Philips.PMP.Test.Auto.IntelliBridgeAllowedNumericsTest" time="0.000" status="1" />
    <testcase name="IntelliBridgeAllowedNumericsIsAllowedTest (192753,True)" classname="Philips.PMP.Test.Auto.IntelliBridgeAllowedNumericsTest" time="0.000" status="1" />
    <testcase name="IntelliBridgeAllowedNumericsIsAllowedTest (194592,False)" classname="Philips.PMP.Test.Auto.IntelliBridgeAllowedNumericsTest" time="0.000" status="1" />
    <testcase name="IntelliBridgeAllowedNumericsIsAllowedTest (194591,False)" classname="Philips.PMP.Test.Auto.IntelliBridgeAllowedNumericsTest" time="0.000" status="1" />
    <testcase name="IntelliBridgeAllowedNumericsIsAllowedTest (194590,False)" classname="Philips.PMP.Test.Auto.IntelliBridgeAllowedNumericsTest" time="0.000" status="1" />
    <testcase name="IntelliBridgeAllowedNumericsIsAllowedTest (195257,True)" classname="Philips.PMP.Test.Auto.IntelliBridgeAllowedNumericsTest" time="0.000" status="1" />
    <testcase name="IntelliBridgeAllowedNumericsIsAllowedTest (195260,True)" classname="Philips.PMP.Test.Auto.IntelliBridgeAllowedNumericsTest" time="0.000" status="1" />
    <testcase name="IntelliBridgeAllowedNumericsIsAllowedTest (195315,True)" classname="Philips.PMP.Test.Auto.IntelliBridgeAllowedNumericsTest" time="0.000" status="1" />
    <testcase name="IntelliBridgeAllowedNumericsIsAllowedTest (195573,True)" classname="Philips.PMP.Test.Auto.IntelliBridgeAllowedNumericsTest" time="0.000" status="1" />
    <testcase name="IntelliBridgeAllowedNumericsIsAllowedTest (195574,True)" classname="Philips.PMP.Test.Auto.IntelliBridgeAllowedNumericsTest" time="0.000" status="1" />
    <testcase name="IntelliBridgeAllowedNumericsIsAllowedTest (195575,True)" classname="Philips.PMP.Test.Auto.IntelliBridgeAllowedNumericsTest" time="0.000" status="1" />
    <testcase name="IntelliBridgeAllowedNumericsIsAllowedTest (195576,True)" classname="Philips.PMP.Test.Auto.IntelliBridgeAllowedNumericsTest" time="0.000" status="1" />
    <testcase name="IntelliBridgeAllowedNumericsIsAllowedTest (195577,True)" classname="Philips.PMP.Test.Auto.IntelliBridgeAllowedNumericsTest" time="0.000" status="1" />
    <testcase name="IntelliBridgeAllowedNumericsIsAllowedTest (195708,True)" classname="Philips.PMP.Test.Auto.IntelliBridgeAllowedNumericsTest" time="0.004" status="1" />
    <testcase name="IntelliBridgeAllowedNumericsIsAllowedTest (195709,True)" classname="Philips.PMP.Test.Auto.IntelliBridgeAllowedNumericsTest" time="0.001" status="1" />
    <testcase name="IntelliBridgeAllowedNumericsIsAllowedTest (195710,True)" classname="Philips.PMP.Test.Auto.IntelliBridgeAllowedNumericsTest" time="0.000" status="1" />
    <testcase name="IntelliBridgeAllowedNumericsIsAllowedTest (195897,True)" classname="Philips.PMP.Test.Auto.IntelliBridgeAllowedNumericsTest" time="0.000" status="1" />
    <testcase name="IntelliBridgeAllowedNumericsIsAllowedTest (195898,True)" classname="Philips.PMP.Test.Auto.IntelliBridgeAllowedNumericsTest" time="0.000" status="1" />
    <testcase name="IntelliBridgeAllowedNumericsIsAllowedTest (195922,True)" classname="Philips.PMP.Test.Auto.IntelliBridgeAllowedNumericsTest" time="0.000" status="1" />
    <testcase name="IntelliBridgeAllowedNumericsIsAllowedTest (195582,True)" classname="Philips.PMP.Test.Auto.IntelliBridgeAllowedNumericsTest" time="0.000" status="1" />
    <testcase name="IntelliBridgeAllowedNumericsIsAllowedTest (195583,True)" classname="Philips.PMP.Test.Auto.IntelliBridgeAllowedNumericsTest" time="0.000" status="1" />
    <testcase name="IntelliBridgeAllowedNumericsIsAllowedTest (195584,True)" classname="Philips.PMP.Test.Auto.IntelliBridgeAllowedNumericsTest" time="0.000" status="1" />
    <testcase name="IntelliBridgeAllowedNumericsIsAllowedTest (195585,True)" classname="Philips.PMP.Test.Auto.IntelliBridgeAllowedNumericsTest" time="0.000" status="1" />
    <testcase name="IntelliBridgeAllowedNumericsIsAllowedTest (195589,True)" classname="Philips.PMP.Test.Auto.IntelliBridgeAllowedNumericsTest" time="0.000" status="1" />
    <testcase name="IntelliBridgeAllowedNumericsIsAllowedTest (195590,True)" classname="Philips.PMP.Test.Auto.IntelliBridgeAllowedNumericsTest" time="0.000" status="1" />
    <testcase name="IntelliBridgeAllowedNumericsIsAllowedTest (195586,True)" classname="Philips.PMP.Test.Auto.IntelliBridgeAllowedNumericsTest" time="0.000" status="1" />
    <testcase name="IntelliBridgeAllowedNumericsIsAllowedTest (195588,True)" classname="Philips.PMP.Test.Auto.IntelliBridgeAllowedNumericsTest" time="0.000" status="1" />
    <testcase name="IntelliBridgeAllowedNumericsIsAllowedTest (192906,False)" classname="Philips.PMP.Test.Auto.IntelliBridgeAllowedNumericsTest" time="0.000" status="1" />
    <testcase name="IntelliBridgeAllowedNumericsIsAllowedTest (192909,False)" classname="Philips.PMP.Test.Auto.IntelliBridgeAllowedNumericsTest" time="0.000" status="1" />
    <testcase name="IntelliBridgeAllowedNumericsIsAllowedTest (192910,False)" classname="Philips.PMP.Test.Auto.IntelliBridgeAllowedNumericsTest" time="0.000" status="1" />
    <testcase name="IntelliBridgeAllowedNumericsIsAllowedTest (194710,False)" classname="Philips.PMP.Test.Auto.IntelliBridgeAllowedNumericsTest" time="0.001" status="1" />
    <testcase name="IntelliBridgeAllowedNumericsIsAllowedTest (192911,False)" classname="Philips.PMP.Test.Auto.IntelliBridgeAllowedNumericsTest" time="0.001" status="1" />
    <testcase name="IntelliBridgeAllowedNumericsIsAllowedTest (192912,False)" classname="Philips.PMP.Test.Auto.IntelliBridgeAllowedNumericsTest" time="0.001" status="1" />
    <testcase name="IntelliBridgeAllowedNumericsIsAllowedTest (194709,False)" classname="Philips.PMP.Test.Auto.IntelliBridgeAllowedNumericsTest" time="0.001" status="1" />
    <testcase name="IntelliBridgeAllowedNumericsIsAllowedTest (192908,False)" classname="Philips.PMP.Test.Auto.IntelliBridgeAllowedNumericsTest" time="0.001" status="1" />
    <testcase name="IntelliBridgeAllowedNumericsIsAllowedTest (192756,False)" classname="Philips.PMP.Test.Auto.IntelliBridgeAllowedNumericsTest" time="0.000" status="1" />
    <testcase name="IntelliBridgeAllowedNumericsIsAllowedTest (195089,False)" classname="Philips.PMP.Test.Auto.IntelliBridgeAllowedNumericsTest" time="0.000" status="1" />
    <testcase name="IntelliBridgeAllowedNumericsIsAllowedTest (192757,False)" classname="Philips.PMP.Test.Auto.IntelliBridgeAllowedNumericsTest" time="0.000" status="1" />
    <testcase name="IntelliBridgeAllowedNumericsIsAllowedTest (192758,True)" classname="Philips.PMP.Test.Auto.IntelliBridgeAllowedNumericsTest" time="0.001" status="1" />
    <testcase name="IntelliBridgeAllowedNumericsIsAllowedTest (194723,True)" classname="Philips.PMP.Test.Auto.IntelliBridgeAllowedNumericsTest" time="0.002" status="1" />
    <testcase name="IntelliBridgeAllowedNumericsIsAllowedTest (194586,True)" classname="Philips.PMP.Test.Auto.IntelliBridgeAllowedNumericsTest" time="0.006" status="1" />
    <testcase name="IntelliBridgeAllowedNumericsIsAllowedTest (194582,True)" classname="Philips.PMP.Test.Auto.IntelliBridgeAllowedNumericsTest" time="0.001" status="1" />
    <testcase name="IntelliBridgeAllowedNumericsIsAllowedTest (194580,False)" classname="Philips.PMP.Test.Auto.IntelliBridgeAllowedNumericsTest" time="0.000" status="1" />
    <testcase name="IntelliBridgeAllowedNumericsIsAllowedTest (194702,True)" classname="Philips.PMP.Test.Auto.IntelliBridgeAllowedNumericsTest" time="0.001" status="1" />
    <testcase name="IntelliBridgeAllowedNumericsIsAllowedTest (194594,True)" classname="Philips.PMP.Test.Auto.IntelliBridgeAllowedNumericsTest" time="0.001" status="1" />
    <testcase name="IntelliBridgeAllowedNumericsIsAllowedTest (194755,True)" classname="Philips.PMP.Test.Auto.IntelliBridgeAllowedNumericsTest" time="0.000" status="1" />
    <testcase name="IntelliBridgeAllowedNumericsIsAllowedTest (194585,True)" classname="Philips.PMP.Test.Auto.IntelliBridgeAllowedNumericsTest" time="0.002" status="1" />
    <testcase name="IntelliBridgeAllowedNumericsIsAllowedTest (194595,True)" classname="Philips.PMP.Test.Auto.IntelliBridgeAllowedNumericsTest" time="0.001" status="1" />
    <testcase name="IntelliBridgeAllowedNumericsIsAllowedTest (195454,True)" classname="Philips.PMP.Test.Auto.IntelliBridgeAllowedNumericsTest" time="0.000" status="1" />
    <testcase name="IntelliBridgeAllowedNumericsIsAllowedTest (195516,True)" classname="Philips.PMP.Test.Auto.IntelliBridgeAllowedNumericsTest" time="0.000" status="1" />
    <testcase name="IntelliBridgeAllowedNumericsIsAllowedTest (195517,True)" classname="Philips.PMP.Test.Auto.IntelliBridgeAllowedNumericsTest" time="0.002" status="1" />
    <testcase name="IntelliBridgeAllowedNumericsIsAllowedTest (67303722,True)" classname="Philips.PMP.Test.Auto.IntelliBridgeAllowedNumericsTest" time="0.001" status="1" />
    <testcase name="IntelliBridgeAllowedNumericsIsAllowedTest (67303721,True)" classname="Philips.PMP.Test.Auto.IntelliBridgeAllowedNumericsTest" time="0.001" status="1" />
    <testcase name="IntelliBridgeAllowedNumericsIsAllowedTest (67303742,True)" classname="Philips.PMP.Test.Auto.IntelliBridgeAllowedNumericsTest" time="0.001" status="1" />
    <testcase name="IntelliBridgeAllowedNumericsIsAllowedTest (67303741,True)" classname="Philips.PMP.Test.Auto.IntelliBridgeAllowedNumericsTest" time="0.001" status="1" />
    <testcase name="IntelliBridgeAllowedNumericsIsAllowedTest (194746,True)" classname="Philips.PMP.Test.Auto.IntelliBridgeAllowedNumericsTest" time="0.000" status="1" />
    <testcase name="IntelliBridgeAllowedNumericsIsAllowedTest (2155172874,False)" classname="Philips.PMP.Test.Auto.IntelliBridgeAllowedNumericsTest" time="0.002" status="1" />
    <testcase name="IntelliBridgeAllowedNumericsIsAllowedTest (2158686308,False)" classname="Philips.PMP.Test.Auto.IntelliBridgeAllowedNumericsTest" time="0.001" status="1" />
    <testcase name="IntelliBridgeAllowedNumericsIsAllowedTest (2158686310,False)" classname="Philips.PMP.Test.Auto.IntelliBridgeAllowedNumericsTest" time="0.001" status="1" />
    <testcase name="IntelliBridgeAllowedNumericsIsAllowedTest (2158686312,False)" classname="Philips.PMP.Test.Auto.IntelliBridgeAllowedNumericsTest" time="0.001" status="1" />
    <testcase name="IntelliBridgeAllowedNumericsIsAllowedTest (2158686314,False)" classname="Philips.PMP.Test.Auto.IntelliBridgeAllowedNumericsTest" time="0.000" status="1" />
    <testcase name="IntelliBridgeAllowedNumericsIsAllowedTest (2158686316,False)" classname="Philips.PMP.Test.Auto.IntelliBridgeAllowedNumericsTest" time="0.000" status="1" />
    <testcase name="IntelliBridgeAllowedNumericsIsAllowedTest (2158686318,False)" classname="Philips.PMP.Test.Auto.IntelliBridgeAllowedNumericsTest" time="0.000" status="1" />
    <testcase name="IntelliBridgeAllowedNumericsIsAllowedTest (2158686320,False)" classname="Philips.PMP.Test.Auto.IntelliBridgeAllowedNumericsTest" time="0.001" status="1" />
    <testcase name="IntelliBridgeAllowedNumericsIsAllowedTest (2158686322,False)" classname="Philips.PMP.Test.Auto.IntelliBridgeAllowedNumericsTest" time="0.002" status="1" />
    <testcase name="IntelliBridgeAllowedNumericsIsAllowedTest (2158686324,False)" classname="Philips.PMP.Test.Auto.IntelliBridgeAllowedNumericsTest" time="0.001" status="1" />
    <testcase name="IntelliBridgeAllowedNumericsIsAllowedTest (2158686326,False)" classname="Philips.PMP.Test.Auto.IntelliBridgeAllowedNumericsTest" time="0.000" status="1" />
    <testcase name="IntelliBridgeAllowedNumericsIsAllowedTest (2158686328,False)" classname="Philips.PMP.Test.Auto.IntelliBridgeAllowedNumericsTest" time="0.001" status="1" />
    <testcase name="IntelliBridgeAllowedNumericsIsAllowedTest (2158686330,False)" classname="Philips.PMP.Test.Auto.IntelliBridgeAllowedNumericsTest" time="0.003" status="1" />
    <testcase name="IntelliBridgeAllowedNumericsIsAllowedTest (2158686332,False)" classname="Philips.PMP.Test.Auto.IntelliBridgeAllowedNumericsTest" time="0.004" status="1" />
    <testcase name="IntelliBridgeAllowedNumericsIsAllowedTest (2158686334,False)" classname="Philips.PMP.Test.Auto.IntelliBridgeAllowedNumericsTest" time="0.001" status="1" />
    <testcase name="IntelliBridgeAllowedNumericsIsAllowedTest (2158686336,False)" classname="Philips.PMP.Test.Auto.IntelliBridgeAllowedNumericsTest" time="0.001" status="1" />
    <testcase name="IntelliBridgeAllowedNumericsIsAllowedTest (2158686338,False)" classname="Philips.PMP.Test.Auto.IntelliBridgeAllowedNumericsTest" time="0.000" status="1" />
    <testcase name="IntelliBridgeAllowedNumericsIsAllowedTest (2158686340,False)" classname="Philips.PMP.Test.Auto.IntelliBridgeAllowedNumericsTest" time="0.000" status="1" />
    <testcase name="IntelliBridgeAllowedNumericsIsAllowedTest (2158686342,False)" classname="Philips.PMP.Test.Auto.IntelliBridgeAllowedNumericsTest" time="0.001" status="1" />
    <testcase name="IntelliBridgeAllowedNumericsIsAllowedTest (2158686344,False)" classname="Philips.PMP.Test.Auto.IntelliBridgeAllowedNumericsTest" time="0.001" status="1" />
    <testcase name="IntelliBridgeAllowedNumericsIsAllowedTest (2158686346,False)" classname="Philips.PMP.Test.Auto.IntelliBridgeAllowedNumericsTest" time="0.001" status="1" />
    <testcase name="IntelliBridgeAllowedNumericsIsAllowedTest (2158686348,False)" classname="Philips.PMP.Test.Auto.IntelliBridgeAllowedNumericsTest" time="0.008" status="1" />
    <testcase name="IntelliBridgeAllowedNumericsIsAllowedTest (2158686350,False)" classname="Philips.PMP.Test.Auto.IntelliBridgeAllowedNumericsTest" time="0.020" status="1" />
    <testcase name="IntelliBridgeAllowedNumericsIsAllowedTest (2158686352,False)" classname="Philips.PMP.Test.Auto.IntelliBridgeAllowedNumericsTest" time="0.001" status="1" />
    <testcase name="IntelliBridgeAllowedNumericsIsAllowedTest (2158686354,False)" classname="Philips.PMP.Test.Auto.IntelliBridgeAllowedNumericsTest" time="0.003" status="1" />
    <system-out />
    <system-err />
  </testsuite>
  <testsuite name="Philips.PMP.Test.Auto.CertificateThumbprintProviderTest" hostname="RESTORMEL" package="not available" id="1172" tests="1" failures="0" errors="0" skipped="0" time="0.266" timestamp="2023-12-13T03:31:29">
    <properties />
    <testcase name="CertificateThumbprintGetAndStoreTest" classname="Philips.PMP.Test.Auto.CertificateThumbprintProviderTest" time="0.266" status="1" />
    <system-out />
    <system-err />
  </testsuite>
  <testsuite name="Philips.CareEvent.Test.CallNumberManageControlTests" hostname="RESTORMEL" package="not available" id="1173" tests="2" failures="0" errors="0" skipped="0" time="0.172" timestamp="2023-12-13T03:28:28">
    <properties />
    <testcase name="InitializeZoneTest" classname="Philips.CareEvent.Test.CallNumberManageControlTests" time="0.160" status="1" />
    <testcase name="InitializeInstitutionTest" classname="Philips.CareEvent.Test.CallNumberManageControlTests" time="0.012" status="1" />
    <system-out />
    <system-err />
  </testsuite>
  <testsuite name="Philips.PIC.CertificateSync.Test.TrustedCertificateCacheTest" hostname="RESTORMEL" package="not available" id="1174" tests="1" failures="0" errors="0" skipped="0" time="0.062" timestamp="2023-12-13T03:28:49">
    <properties />
    <testcase name="TrustedCertificatesAreCached" classname="Philips.PIC.CertificateSync.Test.TrustedCertificateCacheTest" time="0.062" status="1" />
    <system-out />
    <system-err />
  </testsuite>
  <testsuite name="Philips.PMP.Test.Auto.PatientEquipmentManagementHelperTest" hostname="RESTORMEL" package="not available" id="1175" tests="7" failures="0" errors="0" skipped="0" time="0.639" timestamp="2023-12-13T03:29:42">
    <properties />
    <testcase name="PatientEquipmentManagementHelperIsSupportedDevice (Ok,True)" classname="Philips.PMP.Test.Auto.PatientEquipmentManagementHelperTest" time="0.025" status="1" />
    <testcase name="PatientEquipmentManagementHelperIsSupportedDevice (Unknown,False)" classname="Philips.PMP.Test.Auto.PatientEquipmentManagementHelperTest" time="0.003" status="1" />
    <testcase name="PatientEquipmentManagementHelperIsSupportedDevice (NotSupportedLicense,False)" classname="Philips.PMP.Test.Auto.PatientEquipmentManagementHelperTest" time="0.002" status="1" />
    <testcase name="PatientEquipmentManagementHelperIsSupportedDevice (NotSupportedSecurityConfiguration,False)" classname="Philips.PMP.Test.Auto.PatientEquipmentManagementHelperTest" time="0.002" status="1" />
    <testcase name="PatientEquipmentManagementHelperIsSupportedDevice (NotSupportedWithoutPrincipalView,False)" classname="Philips.PMP.Test.Auto.PatientEquipmentManagementHelperTest" time="0.002" status="1" />
    <testcase name="PatientEquipmentManagementHelperGetUnassignedDevices" classname="Philips.PMP.Test.Auto.PatientEquipmentManagementHelperTest" time="0.043" status="1" />
    <testcase name="PatientEquipmentManagementHelperGetUnassignedDevicesForPatientAssignment" classname="Philips.PMP.Test.Auto.PatientEquipmentManagementHelperTest" time="0.563" status="1" />
    <system-out />
    <system-err />
  </testsuite>
  <testsuite name="Philips.PMP.Test.Auto.ServiceMgrTest" hostname="RESTORMEL" package="not available" id="1176" tests="1" failures="0" errors="0" skipped="0" time="0.579" timestamp="2023-12-13T03:29:50">
    <properties />
    <testcase name="AllServiceHaveDefaultConstructorTest" classname="Philips.PMP.Test.Auto.ServiceMgrTest" time="0.579" status="1" />
    <system-out />
    <system-err />
  </testsuite>
  <testsuite name="Philips.PIC.WebBridge.Test.BedsHubTest" hostname="RESTORMEL" package="not available" id="1177" tests="1" failures="0" errors="0" skipped="0" time="0.092" timestamp="2023-12-13T03:39:09">
    <properties />
    <testcase name="BedsHubConnectTest" classname="Philips.PIC.WebBridge.Test.BedsHubTest" time="0.092" status="1" />
    <system-out />
    <system-err />
  </testsuite>
  <testsuite name="Philips.PMP.Test.Auto.Ecg12LeadExportTest" hostname="RESTORMEL" package="not available" id="1178" tests="1" failures="0" errors="0" skipped="0" time="0.268" timestamp="2023-12-13T03:29:53">
    <properties />
    <testcase name="Ecg12LeadXmlExportTest" classname="Philips.PMP.Test.Auto.Ecg12LeadExportTest" time="0.268" status="1" />
    <system-out />
    <system-err />
  </testsuite>
  <testsuite name="Philips.PMP.Test.Auto.PrincipalViewMgrTest" hostname="RESTORMEL" package="not available" id="1179" tests="15" failures="0" errors="0" skipped="0" time="0.365" timestamp="2023-12-13T03:36:53">
    <properties />
    <testcase name="PrincipalViewMgrOnlyNotifiesClientWhenExsistingConnectionCloses" classname="Philips.PMP.Test.Auto.PrincipalViewMgrTest" time="0.001" status="1" />
    <testcase name="PrincipalViewMgrSendsChangesOnStart" classname="Philips.PMP.Test.Auto.PrincipalViewMgrTest" time="0.346" status="1" />
    <testcase name="PrincipalViewMgrHandlesExceptionInSubscribe" classname="Philips.PMP.Test.Auto.PrincipalViewMgrTest" time="0.003" status="1" />
    <testcase name="PrincipalViewMgrConnectionErrorPublishesEvent (Faulted,True)" classname="Philips.PMP.Test.Auto.PrincipalViewMgrTest" time="0.002" status="1" />
    <testcase name="PrincipalViewMgrConnectionErrorPublishesEvent (InitialAttempt,False)" classname="Philips.PMP.Test.Auto.PrincipalViewMgrTest" time="0.001" status="1" />
    <testcase name="PrincipalViewMgrConnectionErrorPublishesEvent (SubsequentAttempt,False)" classname="Philips.PMP.Test.Auto.PrincipalViewMgrTest" time="0.001" status="1" />
    <testcase name="PrincipalViewMgrConnectionErrorPublishesEvent (Unknown,False)" classname="Philips.PMP.Test.Auto.PrincipalViewMgrTest" time="0.001" status="1" />
    <testcase name="PrincipalViewMgrGetConnectedPrincipalViewCount (True,0,0,0)" classname="Philips.PMP.Test.Auto.PrincipalViewMgrTest" time="0.002" status="1" />
    <testcase name="PrincipalViewMgrGetConnectedPrincipalViewCount (True,1,0,1)" classname="Philips.PMP.Test.Auto.PrincipalViewMgrTest" time="0.002" status="1" />
    <testcase name="PrincipalViewMgrGetConnectedPrincipalViewCount (True,0,1,0)" classname="Philips.PMP.Test.Auto.PrincipalViewMgrTest" time="0.001" status="1" />
    <testcase name="PrincipalViewMgrGetConnectedPrincipalViewCount (True,1,1,1)" classname="Philips.PMP.Test.Auto.PrincipalViewMgrTest" time="0.001" status="1" />
    <testcase name="PrincipalViewMgrGetConnectedPrincipalViewCount (False,0,0,0)" classname="Philips.PMP.Test.Auto.PrincipalViewMgrTest" time="0.001" status="1" />
    <testcase name="PrincipalViewMgrGetConnectedPrincipalViewCount (False,1,0,0)" classname="Philips.PMP.Test.Auto.PrincipalViewMgrTest" time="0.001" status="1" />
    <testcase name="PrincipalViewMgrGetConnectedPrincipalViewCount (False,0,1,0)" classname="Philips.PMP.Test.Auto.PrincipalViewMgrTest" time="0.004" status="1" />
    <testcase name="PrincipalViewMgrGetConnectedPrincipalViewCount (False,1,1,0)" classname="Philips.PMP.Test.Auto.PrincipalViewMgrTest" time="0.001" status="1" />
    <system-out />
    <system-err />
  </testsuite>
  <testsuite name="Philips.PMP.Test.Auto.NoConnectionInopTest" hostname="RESTORMEL" package="not available" id="1180" tests="3" failures="0" errors="0" skipped="0" time="0.002" timestamp="2023-12-13T03:37:04">
    <properties />
    <testcase name="NoConnectionInopAcknowledgeTest (True)" classname="Philips.PMP.Test.Auto.NoConnectionInopTest" time="0.001" status="1" />
    <testcase name="NoConnectionInopAcknowledgeTest (False)" classname="Philips.PMP.Test.Auto.NoConnectionInopTest" time="0.000" status="1" />
    <testcase name="NoConnectionInopCreateTest" classname="Philips.PMP.Test.Auto.NoConnectionInopTest" time="0.001" status="1" />
    <system-out />
    <system-err />
  </testsuite>
  <testsuite name="Philips.PMP.Test.Auto.InfoEventRepositoryTest" hostname="RESTORMEL" package="not available" id="1181" tests="2" failures="0" errors="0" skipped="0" time="0.004" timestamp="2023-12-13T03:35:46">
    <properties />
    <testcase name="InfoEventRepositoryCheckUsedTimeMappings" classname="Philips.PMP.Test.Auto.InfoEventRepositoryTest" time="0.001" status="1" />
    <testcase name="InfoEventRepositoryCanAddEvents" classname="Philips.PMP.Test.Auto.InfoEventRepositoryTest" time="0.003" status="1" />
    <system-out />
    <system-err />
  </testsuite>
  <testsuite name="Philips.PMP.Test.Auto.ZymedConfigControlTest" hostname="RESTORMEL" package="not available" id="1182" tests="2" failures="0" errors="0" skipped="0" time="0.254" timestamp="2023-12-13T03:37:31">
    <properties />
    <testcase name="NetworkShareSelectionControlCanBeReadOnly (True)" classname="Philips.PMP.Test.Auto.ZymedConfigControlTest" time="0.197" status="1" />
    <testcase name="NetworkShareSelectionControlCanBeReadOnly (False)" classname="Philips.PMP.Test.Auto.ZymedConfigControlTest" time="0.057" status="1" />
    <system-out />
    <system-err />
  </testsuite>
  <testsuite name="Philips.CareEvent.Test.MobileDevicePropertiesControlTests" hostname="RESTORMEL" package="not available" id="1183" tests="1" failures="0" errors="0" skipped="0" time="0.020" timestamp="2023-12-13T03:28:27">
    <properties />
    <testcase name="InvalidInputTest" classname="Philips.CareEvent.Test.MobileDevicePropertiesControlTests" time="0.020" status="1" />
    <system-out />
    <system-err />
  </testsuite>
  <testsuite name="Philips.PMP.Test.Auto.NumericFileMgrTest" hostname="RESTORMEL" package="not available" id="1184" tests="1" failures="0" errors="0" skipped="0" time="0.003" timestamp="2023-12-13T03:34:39">
    <properties />
    <testcase name="PdxEmptyNumericSubLabelsAreIgnored" classname="Philips.PMP.Test.Auto.NumericFileMgrTest" time="0.003" status="1" />
    <system-out />
    <system-err />
  </testsuite>
  <testsuite name="Philips.PIC.DevTools.Test.ObjectConverterHelperTest" hostname="RESTORMEL" package="not available" id="1185" tests="1" failures="0" errors="0" skipped="0" time="0.018" timestamp="2023-12-13T03:28:57">
    <properties />
    <testcase name="GetFormattersTest" classname="Philips.PIC.DevTools.Test.ObjectConverterHelperTest" time="0.018" status="1" />
    <system-out />
    <system-err />
  </testsuite>
  <testsuite name="Philips.PMP.Test.Auto.AlertImageHelperTest" hostname="RESTORMEL" package="not available" id="1186" tests="3" failures="0" errors="0" skipped="0" time="0.304" timestamp="2023-12-13T03:29:52">
    <properties />
    <testcase name="NumericAndWaveOrderForSTAlertTest" classname="Philips.PMP.Test.Auto.AlertImageHelperTest" time="0.060" status="1" />
    <testcase name="NumericAndWaveOrderForSimpleAlertsTest" classname="Philips.PMP.Test.Auto.AlertImageHelperTest" time="0.202" status="1" />
    <testcase name="NumericAndWaveOrderForPulseAlertTest" classname="Philips.PMP.Test.Auto.AlertImageHelperTest" time="0.043" status="1" />
    <system-out />
    <system-err />
  </testsuite>
  <testsuite name="Philips.PMP.Test.Auto.STSetupControlTest" hostname="RESTORMEL" package="not available" id="1187" tests="4" failures="0" errors="0" skipped="0" time="0.095" timestamp="2023-12-13T03:30:24">
    <properties />
    <testcase name="STSetupControlSetPermission (True,True,True)" classname="Philips.PMP.Test.Auto.STSetupControlTest" time="0.025" status="1" />
    <testcase name="STSetupControlSetPermission (True,False,False)" classname="Philips.PMP.Test.Auto.STSetupControlTest" time="0.029" status="1" />
    <testcase name="STSetupControlSetPermission (False,False,False)" classname="Philips.PMP.Test.Auto.STSetupControlTest" time="0.020" status="1" />
    <testcase name="STSetupControlSetPermission (False,True,False)" classname="Philips.PMP.Test.Auto.STSetupControlTest" time="0.021" status="1" />
    <system-out />
    <system-err />
  </testsuite>
  <testsuite name="Philips.PMP.Test.Auto.UptimeTrackingOutboundHL7DataTest" hostname="RESTORMEL" package="not available" id="1188" tests="2" failures="0" errors="0" skipped="0" time="0.082" timestamp="2023-12-13T03:33:54">
    <properties />
    <testcase name="QueryServerStatusChangesAreTracked" classname="Philips.PMP.Test.Auto.UptimeTrackingOutboundHL7DataTest" time="0.010" status="1" />
    <testcase name="QueryServerMessageCountsAreTracked" classname="Philips.PMP.Test.Auto.UptimeTrackingOutboundHL7DataTest" time="0.073" status="1" />
    <system-out />
    <system-err />
  </testsuite>
  <testsuite name="Philips.PMP.Test.Auto.SurveillanceAssignmentMgrTest" hostname="RESTORMEL" package="not available" id="1189" tests="1" failures="0" errors="0" skipped="0" time="0.387" timestamp="2023-12-13T03:37:05">
    <properties />
    <testcase name="AssignPatientTest" classname="Philips.PMP.Test.Auto.SurveillanceAssignmentMgrTest" time="0.387" status="1" />
    <system-out />
    <system-err />
  </testsuite>
  <testsuite name="Philips.PMP.Test.Auto.WaveHelperTest" hostname="RESTORMEL" package="not available" id="1190" tests="1" failures="0" errors="0" skipped="0" time="0.001" timestamp="2023-12-13T03:35:55">
    <properties />
    <testcase name="ShouldMergeWaveChunksTest" classname="Philips.PMP.Test.Auto.WaveHelperTest" time="0.001" status="1" />
    <system-out />
    <system-err />
  </testsuite>
  <testsuite name="Philips.PMP.Test.Auto.MyAudioTest" hostname="RESTORMEL" package="not available" id="1191" tests="3" failures="0" errors="0" skipped="0" time="0.023" timestamp="2023-12-13T03:30:00">
    <properties />
    <testcase name="MyAudioDisablesBuiltInDisplaySpeakers" classname="Philips.PMP.Test.Auto.MyAudioTest" time="0.002" status="1" />
    <testcase name="MyAudioDetectBuiltInDisplaySpeakers (True)" classname="Philips.PMP.Test.Auto.MyAudioTest" time="0.016" status="1" />
    <testcase name="MyAudioDetectBuiltInDisplaySpeakers (False)" classname="Philips.PMP.Test.Auto.MyAudioTest" time="0.005" status="1" />
    <system-out />
    <system-err />
  </testsuite>
  <testsuite name="Philips.PMP.Test.Auto.HostAccessDataTableFactoryTest" hostname="RESTORMEL" package="not available" id="1192" tests="2" failures="0" errors="0" skipped="0" time="0.003" timestamp="2023-12-13T03:38:18">
    <properties />
    <testcase name="CreateHostUnitAccessSettingTable" classname="Philips.PMP.Test.Auto.HostAccessDataTableFactoryTest" time="0.001" status="1" />
    <testcase name="CreateDefaultHostAccessSettings" classname="Philips.PMP.Test.Auto.HostAccessDataTableFactoryTest" time="0.002" status="1" />
    <system-out />
    <system-err />
  </testsuite>
  <testsuite name="Philips.PMP.Test.Auto.WatchdogServiceTest" hostname="RESTORMEL" package="not available" id="1193" tests="1" failures="0" errors="0" skipped="0" time="0.217" timestamp="2023-12-13T03:38:25">
    <properties />
    <testcase name="ProcessFailureDetectionTest" classname="Philips.PMP.Test.Auto.WatchdogServiceTest" time="0.217" status="1" />
    <system-out />
    <system-err />
  </testsuite>
  <testsuite name="Philips.PMP.Test.Auto.PerfCounterQualifierTest" hostname="RESTORMEL" package="not available" id="1194" tests="4" failures="0" errors="0" skipped="0" time="0.024" timestamp="2023-12-13T03:34:11">
    <properties />
    <testcase name="PerfCounterQualiferTest (Success,PerfCountersUnnecessary,False,True,False)" classname="Philips.PMP.Test.Auto.PerfCounterQualifierTest" time="0.006" status="1" />
    <testcase name="PerfCounterQualiferTest (Failure,PerfCountersError,True,False,False)" classname="Philips.PMP.Test.Auto.PerfCounterQualifierTest" time="0.014" status="1" />
    <testcase name="PerfCounterQualiferTest (Success,PerfCountersDetails,True,True,False)" classname="Philips.PMP.Test.Auto.PerfCounterQualifierTest" time="0.001" status="1" />
    <testcase name="PerfCounterQualiferTest (Warning,PerfCountersCorrupt,True,,True)" classname="Philips.PMP.Test.Auto.PerfCounterQualifierTest" time="0.003" status="1" />
    <system-out />
    <system-err />
  </testsuite>
  <testsuite name="Philips.PIC.DataAcquisition.Test.SureSignsValidationProcessorTest" hostname="RESTORMEL" package="not available" id="1195" tests="15" failures="0" errors="0" skipped="0" time="1.420" timestamp="2023-12-13T03:28:56">
    <properties />
    <testcase name="SureSignsProcessUpdateRequestTest (True,False,False,False,False,True,True,False,True,SpotCheck_RecordUnknown)" classname="Philips.PIC.DataAcquisition.Test.SureSignsValidationProcessorTest" time="0.005" status="1" />
    <testcase name="SureSignsProcessUpdateRequestTest (False,True,False,False,False,True,True,False,True,SpotCheck_RecordUnknown)" classname="Philips.PIC.DataAcquisition.Test.SureSignsValidationProcessorTest" time="0.005" status="1" />
    <testcase name="SureSignsProcessUpdateRequestTest (False,True,False,False,False,True,True,True,True,SpotCheck_RecordUnknown)" classname="Philips.PIC.DataAcquisition.Test.SureSignsValidationProcessorTest" time="0.004" status="1" />
    <testcase name="SureSignsProcessUpdateRequestTest (False,True,False,True,False,True,False,True,True,SpotCheck_RecordUnknown)" classname="Philips.PIC.DataAcquisition.Test.SureSignsValidationProcessorTest" time="0.011" status="1" />
    <testcase name="SureSignsProcessUpdateRequestTest (False,True,False,True,True,True,False,True,True,SpotCheck_RecordUnknown)" classname="Philips.PIC.DataAcquisition.Test.SureSignsValidationProcessorTest" time="0.006" status="1" />
    <testcase name="SureSignsProcessUpdateRequestTest (False,True,False,True,False,True,True,False,True,SpotCheck_MissingValidationPermission)" classname="Philips.PIC.DataAcquisition.Test.SureSignsValidationProcessorTest" time="0.004" status="1" />
    <testcase name="SureSignsProcessUpdateRequestTest (False,True,True,True,True,True,False,True,False,SpotCheck_RecordUpdateStateNotCurrent)" classname="Philips.PIC.DataAcquisition.Test.SureSignsValidationProcessorTest" time="0.005" status="1" />
    <testcase name="SureSignsProcessUpdateRequestTest (False,True,True,True,True,True,True,False,False,Success)" classname="Philips.PIC.DataAcquisition.Test.SureSignsValidationProcessorTest" time="0.004" status="1" />
    <testcase name="SureSignsProcessUpdateRequestTest (False,True,True,True,True,True,True,True,True,Success)" classname="Philips.PIC.DataAcquisition.Test.SureSignsValidationProcessorTest" time="0.004" status="1" />
    <testcase name="SureSignsProcessValidationRequestTest (,False,True,False,Sent)" classname="Philips.PIC.DataAcquisition.Test.SureSignsValidationProcessorTest" time="1.340" status="1" />
    <testcase name="SureSignsProcessValidationRequestTest (Created,False,True,False,Sent)" classname="Philips.PIC.DataAcquisition.Test.SureSignsValidationProcessorTest" time="0.007" status="1" />
    <testcase name="SureSignsProcessValidationRequestTest (Created,False,False,True,Created)" classname="Philips.PIC.DataAcquisition.Test.SureSignsValidationProcessorTest" time="0.005" status="1" />
    <testcase name="SureSignsProcessValidationRequestTest (Validated,True,True,False,Sent)" classname="Philips.PIC.DataAcquisition.Test.SureSignsValidationProcessorTest" time="0.007" status="1" />
    <testcase name="SureSignsProcessValidationRequestTest (Validated,False,False,True,Validated)" classname="Philips.PIC.DataAcquisition.Test.SureSignsValidationProcessorTest" time="0.005" status="1" />
    <testcase name="SureSignsProcessValidationRequestTest (Validated,True,True,True,Validated)" classname="Philips.PIC.DataAcquisition.Test.SureSignsValidationProcessorTest" time="0.005" status="1" />
    <system-out />
    <system-err />
  </testsuite>
  <testsuite name="Philips.PMP.Test.Auto.MultiSelectControlTests" hostname="RESTORMEL" package="not available" id="1196" tests="1" failures="0" errors="0" skipped="0" time="0.008" timestamp="2023-12-13T03:29:42">
    <properties />
    <testcase name="EmptyZoneNameShouldAuthorize" classname="Philips.PMP.Test.Auto.MultiSelectControlTests" time="0.008" status="1" />
    <system-out />
    <system-err />
  </testsuite>
  <testsuite name="Philips.PMP.Test.Auto.IheMdilDriverHelperTest" hostname="RESTORMEL" package="not available" id="1197" tests="1" failures="0" errors="0" skipped="0" time="0.003" timestamp="2023-12-13T03:29:46">
    <properties />
    <testcase name="CreateSimpleNumericTest" classname="Philips.PMP.Test.Auto.IheMdilDriverHelperTest" time="0.003" status="1" />
    <system-out />
    <system-err />
  </testsuite>
  <testsuite name="Philips.CareEvent.Test.StandardDeviceDelegationControlTests" hostname="RESTORMEL" package="not available" id="1198" tests="1" failures="0" errors="0" skipped="0" time="0.596" timestamp="2023-12-13T03:28:14">
    <properties />
    <testcase name="IsModifiedTest" classname="Philips.CareEvent.Test.StandardDeviceDelegationControlTests" time="0.596" status="1" />
    <system-out />
    <system-err />
  </testsuite>
  <testsuite name="Philips.PMP.Test.Auto.HospiraDriverTest" hostname="RESTORMEL" package="not available" id="1199" tests="4" failures="0" errors="0" skipped="0" time="0.087" timestamp="2023-12-13T03:34:17">
    <properties />
    <testcase name="HospiraDriverSerializationTest" classname="Philips.PMP.Test.Auto.HospiraDriverTest" time="0.077" status="1" />
    <testcase name="HospiraDriverHelperTest (197226,HIGH,True)" classname="Philips.PMP.Test.Auto.HospiraDriverTest" time="0.009" status="1" />
    <testcase name="HospiraDriverHelperTest (197348,LOW,False)" classname="Philips.PMP.Test.Auto.HospiraDriverTest" time="0.001" status="1" />
    <testcase name="HospiraDriverHelperTest (197349,LOW,False)" classname="Philips.PMP.Test.Auto.HospiraDriverTest" time="0.000" status="1" />
    <system-out />
    <system-err />
  </testsuite>
  <testsuite name="Philips.CareEvent.Test.CustomProductControlTests" hostname="RESTORMEL" package="not available" id="1200" tests="1" failures="0" errors="0" skipped="0" time="0.078" timestamp="2023-12-13T03:28:28">
    <properties />
    <testcase name="CancelKeyTest" classname="Philips.CareEvent.Test.CustomProductControlTests" time="0.078" status="1" />
    <system-out />
    <system-err />
  </testsuite>
  <testsuite name="Philips.PMP.Test.Auto.EfficiaWaveMgrTest" hostname="RESTORMEL" package="not available" id="1201" tests="1" failures="0" errors="0" skipped="0" time="0.044" timestamp="2023-12-13T03:33:39">
    <properties />
    <testcase name="EfficiaWaveMgrProcessSentAbilityTest" classname="Philips.PMP.Test.Auto.EfficiaWaveMgrTest" time="0.044" status="1" />
    <system-out />
    <system-err />
  </testsuite>
  <testsuite name="Philips.PMP.Test.Auto.MobileClinicalNotificationConverterTest" hostname="RESTORMEL" package="not available" id="1202" tests="1" failures="0" errors="0" skipped="0" time="0.068" timestamp="2023-12-13T03:30:46">
    <properties />
    <testcase name="ConvertClinicalNotificationToMobileClinicalNotification" classname="Philips.PMP.Test.Auto.MobileClinicalNotificationConverterTest" time="0.068" status="1" />
    <system-out />
    <system-err />
  </testsuite>
  <testsuite name="Philips.PIC.WebBridge.Test.DataHubHelperTest" hostname="RESTORMEL" package="not available" id="1203" tests="1" failures="0" errors="0" skipped="0" time="0.013" timestamp="2023-12-13T03:39:09">
    <properties />
    <testcase name="TryGetTokenWillGetTokenTest" classname="Philips.PIC.WebBridge.Test.DataHubHelperTest" time="0.013" status="1" />
    <system-out />
    <system-err />
  </testsuite>
  <testsuite name="Philips.PIC.DataAcquisition.Test.SureSignsUserMgrTest" hostname="RESTORMEL" package="not available" id="1204" tests="2" failures="0" errors="0" skipped="0" time="0.256" timestamp="2023-12-13T03:28:55">
    <properties />
    <testcase name="SureSignsOnUserAuthrorizationRequestTest (Success,1,0)" classname="Philips.PIC.DataAcquisition.Test.SureSignsUserMgrTest" time="0.240" status="1" />
    <testcase name="SureSignsOnUserAuthrorizationRequestTest (UserAuth_InvalidAccountOrPassword,0,1)" classname="Philips.PIC.DataAcquisition.Test.SureSignsUserMgrTest" time="0.016" status="1" />
    <system-out />
    <system-err />
  </testsuite>
  <testsuite name="Philips.PMP.Test.Auto.SpotCheckVitalsProcessorTest" hostname="RESTORMEL" package="not available" id="1205" tests="2" failures="0" errors="0" skipped="0" time="0.291" timestamp="2023-12-13T03:29:57">
    <properties />
    <testcase name="SpotCheckVitalsMultipleNumericCreationTest" classname="Philips.PMP.Test.Auto.SpotCheckVitalsProcessorTest" time="0.280" status="1" />
    <testcase name="SpotCheckVitalsMetricTest" classname="Philips.PMP.Test.Auto.SpotCheckVitalsProcessorTest" time="0.011" status="1" />
    <system-out />
    <system-err />
  </testsuite>
  <testsuite name="Philips.PMP.Test.Auto.Ecg12LeadSettingProviderTest" hostname="RESTORMEL" package="not available" id="1206" tests="2" failures="0" errors="0" skipped="0" time="0.425" timestamp="2023-12-13T03:31:38">
    <properties />
    <testcase name="Ecg12LeadExportSettingTest" classname="Philips.PMP.Test.Auto.Ecg12LeadSettingProviderTest" time="0.348" status="1" />
    <testcase name="Ecg12LeadSettingTest" classname="Philips.PMP.Test.Auto.Ecg12LeadSettingProviderTest" time="0.077" status="1" />
    <system-out />
    <system-err />
  </testsuite>
  <testsuite name="Philips.PMP.Test.Auto.FormClosingConfirmerTest" hostname="RESTORMEL" package="not available" id="1207" tests="7" failures="0" errors="0" skipped="0" time="0.227" timestamp="2023-12-13T03:33:54">
    <properties />
    <testcase name="FormClosingConfirmerConfirmOnCloseRegister" classname="Philips.PMP.Test.Auto.FormClosingConfirmerTest" time="0.022" status="1" />
    <testcase name="FormClosingConfirmerFormClosingEventHandler (True,Cancel)" classname="Philips.PMP.Test.Auto.FormClosingConfirmerTest" time="0.016" status="1" />
    <testcase name="FormClosingConfirmerFormClosingEventHandler (False,Cancel)" classname="Philips.PMP.Test.Auto.FormClosingConfirmerTest" time="0.002" status="1" />
    <testcase name="FormClosingConfirmerFormClosingEventHandler (True,Yes)" classname="Philips.PMP.Test.Auto.FormClosingConfirmerTest" time="0.002" status="1" />
    <testcase name="FormClosingConfirmerFormClosingEventHandler (False,Yes)" classname="Philips.PMP.Test.Auto.FormClosingConfirmerTest" time="0.183" status="1" />
    <testcase name="FormClosingConfirmerFormClosingEventHandler (True,No)" classname="Philips.PMP.Test.Auto.FormClosingConfirmerTest" time="0.002" status="1" />
    <testcase name="FormClosingConfirmerFormClosingEventHandler (False,No)" classname="Philips.PMP.Test.Auto.FormClosingConfirmerTest" time="0.001" status="1" />
    <system-out />
    <system-err />
  </testsuite>
  <testsuite name="Philips.CareEvent.Test.NurseCallMgrTest" hostname="RESTORMEL" package="not available" id="1208" tests="1" failures="0" errors="0" skipped="0" time="0.012" timestamp="2023-12-13T03:28:15">
    <properties />
    <testcase name="EventPreprocessingTests" classname="Philips.CareEvent.Test.NurseCallMgrTest" time="0.012" status="1" />
    <system-out />
    <system-err />
  </testsuite>
  <testsuite name="Philips.PIC.DataAcquisition.Test.SureSignsSpotCheckMgrTest" hostname="RESTORMEL" package="not available" id="1209" tests="5" failures="0" errors="0" skipped="0" time="0.103" timestamp="2023-12-13T03:28:55">
    <properties />
    <testcase name="SureSignsSpotCheckMgrOnSpotCheckTransferRequestTest (1,,,False,VersionNotSupported)" classname="Philips.PIC.DataAcquisition.Test.SureSignsSpotCheckMgrTest" time="0.043" status="1" />
    <testcase name="SureSignsSpotCheckMgrOnSpotCheckTransferRequestTest (2,,,False,PTAnnouncement_InsufficentData)" classname="Philips.PIC.DataAcquisition.Test.SureSignsSpotCheckMgrTest" time="0.016" status="1" />
    <testcase name="SureSignsSpotCheckMgrOnSpotCheckTransferRequestTest (2,x,y,False,SpotCheck_DataInsufficientOrInvalid)" classname="Philips.PIC.DataAcquisition.Test.SureSignsSpotCheckMgrTest" time="0.016" status="1" />
    <testcase name="SureSignsSpotCheckMgrOnSpotCheckTransferRequestTest (2,x,y,True,Success)" classname="Philips.PIC.DataAcquisition.Test.SureSignsSpotCheckMgrTest" time="0.015" status="1" />
    <testcase name="SureSignsSpotCheckMgrOnSpotCheckTransferRequestTest (2,x,y,False,Success)" classname="Philips.PIC.DataAcquisition.Test.SureSignsSpotCheckMgrTest" time="0.012" status="1" />
    <system-out />
    <system-err />
  </testsuite>
  <testsuite name="Philips.PMP.Test.Auto.DhcpLeaseStatusCheckerTest" hostname="RESTORMEL" package="not available" id="1210" tests="7" failures="0" errors="0" skipped="0" time="0.031" timestamp="2023-12-13T03:36:22">
    <properties />
    <testcase name="IsDhcpLeaseInformationChangedTest (System.Double[],False,Philips.PMP.Definitions.StatusMessageTypes[])" classname="Philips.PMP.Test.Auto.DhcpLeaseStatusCheckerTest" time="0.010" status="1" />
    <testcase name="IsDhcpLeaseInformationChangedTest (System.Double[],False,Philips.PMP.Definitions.StatusMessageTypes[])" classname="Philips.PMP.Test.Auto.DhcpLeaseStatusCheckerTest" time="0.001" status="1" />
    <testcase name="IsDhcpLeaseInformationChangedTest (System.Double[],True,Philips.PMP.Definitions.StatusMessageTypes[])" classname="Philips.PMP.Test.Auto.DhcpLeaseStatusCheckerTest" time="0.005" status="1" />
    <testcase name="IsDhcpLeaseInformationChangedTest (System.Double[],True,Philips.PMP.Definitions.StatusMessageTypes[])" classname="Philips.PMP.Test.Auto.DhcpLeaseStatusCheckerTest" time="0.003" status="1" />
    <testcase name="IsDhcpLeaseInformationChangedTest (System.Double[],True,Philips.PMP.Definitions.StatusMessageTypes[])" classname="Philips.PMP.Test.Auto.DhcpLeaseStatusCheckerTest" time="0.003" status="1" />
    <testcase name="IsDhcpLeaseInformationChangedTest (System.Double[],True,Philips.PMP.Definitions.StatusMessageTypes[])" classname="Philips.PMP.Test.Auto.DhcpLeaseStatusCheckerTest" time="0.003" status="1" />
    <testcase name="IsDhcpLeaseInformationChangedScenarioTest" classname="Philips.PMP.Test.Auto.DhcpLeaseStatusCheckerTest" time="0.006" status="1" />
    <system-out />
    <system-err />
  </testsuite>
  <testsuite name="Philips.PMP.Test.Auto.FileExportHelperTest" hostname="RESTORMEL" package="not available" id="1211" tests="1" failures="0" errors="0" skipped="0" time="0.009" timestamp="2023-12-13T03:29:54">
    <properties />
    <testcase name="GetAlertDetails" classname="Philips.PMP.Test.Auto.FileExportHelperTest" time="0.009" status="1" />
    <system-out />
    <system-err />
  </testsuite>
  <testsuite name="Philips.PMP.Test.Auto.SureSignsDeviceQualifierTest" hostname="RESTORMEL" package="not available" id="1212" tests="4" failures="0" errors="0" skipped="0" time="0.012" timestamp="2023-12-13T03:29:39">
    <properties />
    <testcase name="SureSignsQualifierVerifyTest (False,False,Success)" classname="Philips.PMP.Test.Auto.SureSignsDeviceQualifierTest" time="0.007" status="1" />
    <testcase name="SureSignsQualifierVerifyTest (False,True,Success)" classname="Philips.PMP.Test.Auto.SureSignsDeviceQualifierTest" time="0.001" status="1" />
    <testcase name="SureSignsQualifierVerifyTest (True,False,Failure)" classname="Philips.PMP.Test.Auto.SureSignsDeviceQualifierTest" time="0.003" status="1" />
    <testcase name="SureSignsQualifierVerifyTest (True,True,Success)" classname="Philips.PMP.Test.Auto.SureSignsDeviceQualifierTest" time="0.001" status="1" />
    <system-out />
    <system-err />
  </testsuite>
  <testsuite name="Philips.PMP.Test.Auto.NetworkDeviceDiscoveryTest" hostname="RESTORMEL" package="not available" id="1213" tests="4" failures="0" errors="0" skipped="0" time="0.081" timestamp="2023-12-13T03:29:58">
    <properties />
    <testcase name="NetworkDeviceDiscoveryValidateRemoteSystemTest (True,True,UserCredentialRequired)" classname="Philips.PMP.Test.Auto.NetworkDeviceDiscoveryTest" time="0.062" status="1" />
    <testcase name="NetworkDeviceDiscoveryValidateRemoteSystemTest (True,False,UserCredentialRequired)" classname="Philips.PMP.Test.Auto.NetworkDeviceDiscoveryTest" time="0.006" status="1" />
    <testcase name="NetworkDeviceDiscoveryValidateRemoteSystemTest (False,True,NoError)" classname="Philips.PMP.Test.Auto.NetworkDeviceDiscoveryTest" time="0.006" status="1" />
    <testcase name="NetworkDeviceDiscoveryValidateRemoteSystemTest (False,False,NoWebServerRunning)" classname="Philips.PMP.Test.Auto.NetworkDeviceDiscoveryTest" time="0.007" status="1" />
    <system-out />
    <system-err />
  </testsuite>
  <testsuite name="Philips.CareEvent.Test.ConnectionSettingsControlTest" hostname="RESTORMEL" package="not available" id="1214" tests="1" failures="0" errors="0" skipped="0" time="0.109" timestamp="2023-12-13T03:28:26">
    <properties />
    <testcase name="ValidateAndSaveSettingsTest" classname="Philips.CareEvent.Test.ConnectionSettingsControlTest" time="0.109" status="1" />
    <system-out />
    <system-err />
  </testsuite>
  <testsuite name="Philips.PMP.Test.Auto.UriDeviceControlTest" hostname="RESTORMEL" package="not available" id="1215" tests="4" failures="0" errors="0" skipped="0" time="0.259" timestamp="2023-12-13T03:30:00">
    <properties />
    <testcase name="UriDeviceControlSaveTestAsync (True,True,True,False)" classname="Philips.PMP.Test.Auto.UriDeviceControlTest" time="0.163" status="1" />
    <testcase name="UriDeviceControlSaveTestAsync (True,False,True,False)" classname="Philips.PMP.Test.Auto.UriDeviceControlTest" time="0.028" status="1" />
    <testcase name="UriDeviceControlSaveTestAsync (False,True,True,False)" classname="Philips.PMP.Test.Auto.UriDeviceControlTest" time="0.031" status="1" />
    <testcase name="UriDeviceControlSaveTestAsync (False,False,False,True)" classname="Philips.PMP.Test.Auto.UriDeviceControlTest" time="0.037" status="1" />
    <system-out />
    <system-err />
  </testsuite>
  <testsuite name="Philips.PMP.Test.Auto.MobileInfoPatientTest" hostname="RESTORMEL" package="not available" id="1216" tests="1" failures="0" errors="0" skipped="0" time="0.002" timestamp="2023-12-13T03:30:46">
    <properties />
    <testcase name="MobilePatientInfoTestWillCompareIsPacedConflict" classname="Philips.PMP.Test.Auto.MobileInfoPatientTest" time="0.002" status="1" />
    <system-out />
    <system-err />
  </testsuite>
  <testsuite name="Philips.PMP.Test.Auto.DeviceControlSubscriptionMgrTest" hostname="RESTORMEL" package="not available" id="1217" tests="5" failures="0" errors="0" skipped="0" time="0.269" timestamp="2023-12-13T03:30:45">
    <properties />
    <testcase name="ControlSusbcriptionMgrCanAddNewSubscriber" classname="Philips.PMP.Test.Auto.DeviceControlSubscriptionMgrTest" time="0.040" status="1" />
    <testcase name="MultiHostSubscriberSubscribesToControlService (True)" classname="Philips.PMP.Test.Auto.DeviceControlSubscriptionMgrTest" time="0.224" status="1" />
    <testcase name="MultiHostSubscriberSubscribesToControlService (False)" classname="Philips.PMP.Test.Auto.DeviceControlSubscriptionMgrTest" time="0.001" status="1" />
    <testcase name="ControlSusbcriptionMgrCanAddAllHostForUnitSubscriber (1)" classname="Philips.PMP.Test.Auto.DeviceControlSubscriptionMgrTest" time="0.002" status="1" />
    <testcase name="ControlSusbcriptionMgrCanAddAllHostForUnitSubscriber (2)" classname="Philips.PMP.Test.Auto.DeviceControlSubscriptionMgrTest" time="0.001" status="1" />
    <system-out />
    <system-err />
  </testsuite>
  <testsuite name="Philips.PMP.Test.Auto.PwmStarControlMgrTest" hostname="RESTORMEL" package="not available" id="1218" tests="1" failures="0" errors="0" skipped="0" time="0.051" timestamp="2023-12-13T03:29:41">
    <properties />
    <testcase name="PwmStarControlMgrUpdatePatientTest" classname="Philips.PMP.Test.Auto.PwmStarControlMgrTest" time="0.051" status="1" />
    <system-out />
    <system-err />
  </testsuite>
  <testsuite name="Philips.PMP.Test.Auto.ProductInitializationHelperTest" hostname="RESTORMEL" package="not available" id="1219" tests="2" failures="0" errors="0" skipped="0" time="0.180" timestamp="2023-12-13T03:29:39">
    <properties />
    <testcase name="ProductInitializeShouldNotInitializeCatalogByDefault" classname="Philips.PMP.Test.Auto.ProductInitializationHelperTest" time="0.179" status="1" />
    <testcase name="ProductInitializeShouldInitializeAll" classname="Philips.PMP.Test.Auto.ProductInitializationHelperTest" time="0.001" status="1" />
    <system-out />
    <system-err />
  </testsuite>
  <testsuite name="Philips.PMP.Test.Auto.DeviceToPatientUriInfosBuilderTest" hostname="RESTORMEL" package="not available" id="1220" tests="1" failures="0" errors="0" skipped="0" time="0.004" timestamp="2023-12-13T03:29:37">
    <properties />
    <testcase name="DeviceToPatientUriInfosBuilderBuildDeviceToPatientUriInfos" classname="Philips.PMP.Test.Auto.DeviceToPatientUriInfosBuilderTest" time="0.004" status="1" />
    <system-out />
    <system-err />
  </testsuite>
  <testsuite name="Philips.PMP.Test.Auto.FeatureAssignmentInformationControlTest" hostname="RESTORMEL" package="not available" id="1221" tests="3" failures="0" errors="0" skipped="0" time="1.294" timestamp="2023-12-13T03:29:46">
    <properties />
    <testcase name="LoadLicenseInformationTest (Philips.PMP.InfoObjects.Enterprise,1,False,False)" classname="Philips.PMP.Test.Auto.FeatureAssignmentInformationControlTest" time="0.975" status="1" />
    <testcase name="LoadLicenseInformationTest (Philips.PMP.InfoObjects.Zone,2,True,False)" classname="Philips.PMP.Test.Auto.FeatureAssignmentInformationControlTest" time="0.207" status="1" />
    <testcase name="LoadLicenseInformationTest (Philips.PMP.InfoObjects.HostDevice,3,True,True)" classname="Philips.PMP.Test.Auto.FeatureAssignmentInformationControlTest" time="0.112" status="1" />
    <system-out />
    <system-err />
  </testsuite>
  <testsuite name="Philips.PMP.Test.Auto.TopologyAggregationHelperTest" hostname="RESTORMEL" package="not available" id="1222" tests="9" failures="0" errors="0" skipped="0" time="0.011" timestamp="2023-12-13T03:38:09">
    <properties />
    <testcase name="TopologyAggregationHelperShouldProcessCacheReloadRequestTest (True,True,True)" classname="Philips.PMP.Test.Auto.TopologyAggregationHelperTest" time="0.002" status="1" />
    <testcase name="TopologyAggregationHelperShouldProcessCacheReloadRequestTest (True,False,False)" classname="Philips.PMP.Test.Auto.TopologyAggregationHelperTest" time="0.002" status="1" />
    <testcase name="TopologyAggregationHelperShouldProcessCacheReloadRequestTest (False,True,True)" classname="Philips.PMP.Test.Auto.TopologyAggregationHelperTest" time="0.001" status="1" />
    <testcase name="TopologyAggregationHelperShouldProcessCacheReloadRequestTest (False,False,True)" classname="Philips.PMP.Test.Auto.TopologyAggregationHelperTest" time="0.000" status="1" />
    <testcase name="TopologyAggregationHelperShouldAggregateEventsTest (True,True,True)" classname="Philips.PMP.Test.Auto.TopologyAggregationHelperTest" time="0.001" status="1" />
    <testcase name="TopologyAggregationHelperShouldAggregateEventsTest (True,False,True)" classname="Philips.PMP.Test.Auto.TopologyAggregationHelperTest" time="0.001" status="1" />
    <testcase name="TopologyAggregationHelperShouldAggregateEventsTest (False,True,True)" classname="Philips.PMP.Test.Auto.TopologyAggregationHelperTest" time="0.001" status="1" />
    <testcase name="TopologyAggregationHelperShouldAggregateEventsTest (False,False,False)" classname="Philips.PMP.Test.Auto.TopologyAggregationHelperTest" time="0.001" status="1" />
    <testcase name="TopologyAggregationHelperShouldAggregateEventsTest (True,True,True)" classname="Philips.PMP.Test.Auto.TopologyAggregationHelperTest" time="0.003" status="1" />
    <system-out />
    <system-err />
  </testsuite>
  <testsuite name="Philips.PMP.Test.Auto.MobileLocationSettingsMgrTest" hostname="RESTORMEL" package="not available" id="1223" tests="6" failures="0" errors="0" skipped="0" time="0.054" timestamp="2023-12-13T03:29:47">
    <properties />
    <testcase name="GetLocationSettingsRequestTest (True,True,True,True)" classname="Philips.PMP.Test.Auto.MobileLocationSettingsMgrTest" time="0.030" status="1" />
    <testcase name="GetLocationSettingsRequestTest (True,True,True,False)" classname="Philips.PMP.Test.Auto.MobileLocationSettingsMgrTest" time="0.006" status="1" />
    <testcase name="GetLocationSettingsRequestTest (True,True,False,True)" classname="Philips.PMP.Test.Auto.MobileLocationSettingsMgrTest" time="0.002" status="1" />
    <testcase name="GetLocationSettingsRequestTest (False,True,True,False)" classname="Philips.PMP.Test.Auto.MobileLocationSettingsMgrTest" time="0.012" status="1" />
    <testcase name="GetLocationSettingsRequestTest (True,False,False,True)" classname="Philips.PMP.Test.Auto.MobileLocationSettingsMgrTest" time="0.002" status="1" />
    <testcase name="GetLocationSettingsRequestTest (False,False,False,False)" classname="Philips.PMP.Test.Auto.MobileLocationSettingsMgrTest" time="0.003" status="1" />
    <system-out />
    <system-err />
  </testsuite>
  <testsuite name="Philips.PMP.Test.Auto.IheMetricDataHandlerTest" hostname="RESTORMEL" package="not available" id="1224" tests="48" failures="0" errors="0" skipped="0" time="0.128" timestamp="2023-12-13T03:29:45">
    <properties />
    <testcase name="IHEMetricDataHandlerTest (BDAIC,MSH|^~\&amp;|||||20201201141507.982-0500||ORU^R01^ORU_R01|HP1201141507.982PH2UA91414CR6|P|2.6|||AL|NE||8859/1|EN^English^ISO639||IHE_PCD_001^IHE PCD^1.3.6.1.4.1.19376.1.6.1.1.1^ISO&#xD;&#xA;&#x9;&#x9;PID|||&quot;^^^Philips^MR||&quot;^&quot;^&quot;^^^^L||&quot;|&quot;&#xD;&#xA;&#x9;&#x9;PV1||I|My Unit^^Be001&#xD;&#xA;&#x9;&#x9;OBR|||0009fbFFFF78373b^^^EUI-64|69965^MDC_DEV_MON_PHYSIO_MULTI_PARAM_MDS^MDC|||20201201141507.915-0500&#xD;&#xA;&#x9;&#x9;OBX|||69965^MDC_DEV_MON_PHYSIO_MULTI_PARAM_MDS^MDC|1.0.0.0|||||||X|||||||34f0c2ae-e930-4806-b7ed-b65e88cbeacb-IntelliVue MX800 - 865240&#xD;&#xA;&#x9;&#x9;OBX|||70002^MDC_DEV_SYS_PT_VENT_VMD^MDC|1.1.0.0|||||||X|||||||DE12507943&#xD;&#xA;&#x9;&#x9;OBX|||70003^MDC_DEV_SYS_PT_VENT_CHAN^MDC|1.1.1.0|||||||X&#xD;&#xA;&#x9;&#x9;OBX||NM|153316^MDC_RESP_TIME_CONSTANT_EXP^MDC|1.1.1.2|22|264320^MDC_DIM_SEC^MDC|&gt;10||||F &#xD;&#xA;&#x9;&#x9;OBX|18|NM|157916^MDC_TIME_PD_REMAIN^MDC|1.1.2.210|602|264352^MDC_DIM_MIN^MDC^min^min^UCUM|||||R&#xD;&#xA;&#x9;&#x9;OBX||NM|194585^NOM_BREATH_RAPID_SHALLOW_INDEX^MDC|1.1.1.3|80|262656^MDC_DIM_DIMLESS^MDC|2-12||||F&#xD;&#xA;&#x9;&#x9;OBX||CWE|0^MDC_DEV_PUMP_ACTIVE_SOURCES^MDC|1.1.1.18|^pump-source-info-primary^MDC||||||R&#xD;&#xA;&#x9;&#x9;OBX|8|NM|157924^MDC_RATE_DOSE^MDC|1.1.1.3|1.3|265266^MDC_DIM_MILLI_L_PER_HR^MDC^mL/h^mL/h^UCUM|&lt;14||||R&#xD;&#xA;&#x9;&#x9;OBX|9|NM|67266788^MDC_RATE_DOSE^MDC|1.1.1.4|2.3|265266^MDC_DIM_MILLI_L_PER_HR^MDC^mL/h^mL/h^UCUM|||||R&#xD;&#xA;&#x9;&#x9;OBX|10|NM|67305461^NOM_NEW^MDC^^^^^^testLabelNum6|1.1.1.41|100.00|265266^MDC_DIM_MILLI_L_PER_HR^MDC^mL/h^mL/h^UCUM|0-0||||R||APERIODIC||,7,True,,22,264320,,UpdPeriodic,True,10,0,True,)" classname="Philips.PMP.Test.Auto.IheMetricDataHandlerTest" time="0.008" status="1" />
    <testcase name="IHEMetricDataHandlerTest (BDAIC,MSH|^~\&amp;|||||20201201141507.982-0500||ORU^R01^ORU_R01|HP1201141507.982PH2UA91414CR6|P|2.6|||AL|NE||8859/1|EN^English^ISO639||IHE_PCD_001^IHE PCD^1.3.6.1.4.1.19376.1.6.1.1.1^ISO&#xD;&#xA;&#x9;&#x9;PID|||&quot;^^^Philips^MR||&quot;^&quot;^&quot;^^^^L||&quot;|&quot;&#xD;&#xA;&#x9;&#x9;PV1||I|My Unit^^Be001&#xD;&#xA;&#x9;&#x9;OBR|||0009fbFFFF78373b^^^EUI-64|69965^MDC_DEV_MON_PHYSIO_MULTI_PARAM_MDS^MDC|||20201201141507.915-0500&#xD;&#xA;&#x9;&#x9;OBX|||69965^MDC_DEV_MON_PHYSIO_MULTI_PARAM_MDS^MDC|1.0.0.0|||||||X|||||||34f0c2ae-e930-4806-b7ed-b65e88cbeacb-IntelliVue MX800 - 865240&#xD;&#xA;&#x9;&#x9;OBX|||70002^MDC_DEV_SYS_PT_VENT_VMD^MDC|1.1.0.0|||||||X|||||||DE12507943&#xD;&#xA;&#x9;&#x9;OBX|||70003^MDC_DEV_SYS_PT_VENT_CHAN^MDC|1.1.1.0|||||||X&#xD;&#xA;&#x9;&#x9;OBX||NM|153316^MDC_RESP_TIME_CONSTANT_EXP^MDC|1.1.1.2|22|264320^MDC_DIM_SEC^MDC|&gt;10||||F &#xD;&#xA;&#x9;&#x9;OBX|18|NM|157916^MDC_TIME_PD_REMAIN^MDC|1.1.2.210|602|264352^MDC_DIM_MIN^MDC^min^min^UCUM|||||R&#xD;&#xA;&#x9;&#x9;OBX||NM|194585^NOM_BREATH_RAPID_SHALLOW_INDEX^MDC|1.1.1.3|80|262656^MDC_DIM_DIMLESS^MDC|2-12||||F&#xD;&#xA;&#x9;&#x9;OBX||CWE|0^MDC_DEV_PUMP_ACTIVE_SOURCES^MDC|1.1.1.18|^pump-source-info-primary^MDC||||||R&#xD;&#xA;&#x9;&#x9;OBX|8|NM|157924^MDC_RATE_DOSE^MDC|1.1.1.3|1.3|265266^MDC_DIM_MILLI_L_PER_HR^MDC^mL/h^mL/h^UCUM|&lt;14||||R&#xD;&#xA;&#x9;&#x9;OBX|9|NM|67266788^MDC_RATE_DOSE^MDC|1.1.1.4|2.3|265266^MDC_DIM_MILLI_L_PER_HR^MDC^mL/h^mL/h^UCUM|||||R&#xD;&#xA;&#x9;&#x9;OBX|10|NM|67305461^NOM_NEW^MDC^^^^^^testLabelNum6|1.1.1.41|100.00|265266^MDC_DIM_MILLI_L_PER_HR^MDC^mL/h^mL/h^UCUM|0-0||||R||APERIODIC||,9,True,,80,262656,,UpdPeriodic,True,2,12,True,)" classname="Philips.PMP.Test.Auto.IheMetricDataHandlerTest" time="0.003" status="1" />
    <testcase name="IHEMetricDataHandlerTest (BDAIC,MSH|^~\&amp;|||||20201201141507.982-0500||ORU^R01^ORU_R01|HP1201141507.982PH2UA91414CR6|P|2.6|||AL|NE||8859/1|EN^English^ISO639||IHE_PCD_001^IHE PCD^1.3.6.1.4.1.19376.1.6.1.1.1^ISO&#xD;&#xA;&#x9;&#x9;PID|||&quot;^^^Philips^MR||&quot;^&quot;^&quot;^^^^L||&quot;|&quot;&#xD;&#xA;&#x9;&#x9;PV1||I|My Unit^^Be001&#xD;&#xA;&#x9;&#x9;OBR|||0009fbFFFF78373b^^^EUI-64|69965^MDC_DEV_MON_PHYSIO_MULTI_PARAM_MDS^MDC|||20201201141507.915-0500&#xD;&#xA;&#x9;&#x9;OBX|||69965^MDC_DEV_MON_PHYSIO_MULTI_PARAM_MDS^MDC|1.0.0.0|||||||X|||||||34f0c2ae-e930-4806-b7ed-b65e88cbeacb-IntelliVue MX800 - 865240&#xD;&#xA;&#x9;&#x9;OBX|||70002^MDC_DEV_SYS_PT_VENT_VMD^MDC|1.1.0.0|||||||X|||||||DE12507943&#xD;&#xA;&#x9;&#x9;OBX|||70003^MDC_DEV_SYS_PT_VENT_CHAN^MDC|1.1.1.0|||||||X&#xD;&#xA;&#x9;&#x9;OBX||NM|153316^MDC_RESP_TIME_CONSTANT_EXP^MDC|1.1.1.2|22|264320^MDC_DIM_SEC^MDC|&gt;10||||F &#xD;&#xA;&#x9;&#x9;OBX|18|NM|157916^MDC_TIME_PD_REMAIN^MDC|1.1.2.210|602|264352^MDC_DIM_MIN^MDC^min^min^UCUM|||||R&#xD;&#xA;&#x9;&#x9;OBX||NM|194585^NOM_BREATH_RAPID_SHALLOW_INDEX^MDC|1.1.1.3|80|262656^MDC_DIM_DIMLESS^MDC|3-13||||F&#xD;&#xA;&#x9;&#x9;OBX||CWE|0^MDC_DEV_PUMP_ACTIVE_SOURCES^MDC|1.1.1.18|^pump-source-info-primary^MDC||||||R&#xD;&#xA;&#x9;&#x9;OBX|8|NM|157924^MDC_RATE_DOSE^MDC|1.1.1.3|1.3|265266^MDC_DIM_MILLI_L_PER_HR^MDC^mL/h^mL/h^UCUM|&lt;14||||R&#xD;&#xA;&#x9;&#x9;OBX|9|NM|67266788^MDC_RATE_DOSE^MDC|1.1.1.4|2.3|265266^MDC_DIM_MILLI_L_PER_HR^MDC^mL/h^mL/h^UCUM|||||R,9,True,,80,262656,,UpdPeriodic,True,3,13,True,)" classname="Philips.PMP.Test.Auto.IheMetricDataHandlerTest" time="0.006" status="1" />
    <testcase name="IHEMetricDataHandlerTest (BDAIC,MSH|^~\&amp;|||||20201201141507.982-0500||ORU^R01^ORU_R01|HP1201141507.982PH2UA91414CR6|P|2.6|||AL|NE||8859/1|EN^English^ISO639||IHE_PCD_001^IHE PCD^1.3.6.1.4.1.19376.1.6.1.1.1^ISO&#xD;&#xA;&#x9;&#x9;PID|||&quot;^^^Philips^MR||&quot;^&quot;^&quot;^^^^L||&quot;|&quot;&#xD;&#xA;&#x9;&#x9;PV1||I|My Unit^^Be001&#xD;&#xA;&#x9;&#x9;OBR|||0009fbFFFF78373b^^^EUI-64|69965^MDC_DEV_MON_PHYSIO_MULTI_PARAM_MDS^MDC|||20201201141507.915-0500&#xD;&#xA;&#x9;&#x9;OBX|||69965^MDC_DEV_MON_PHYSIO_MULTI_PARAM_MDS^MDC|1.0.0.0|||||||X|||||||34f0c2ae-e930-4806-b7ed-b65e88cbeacb-IntelliVue MX800 - 865240&#xD;&#xA;&#x9;&#x9;OBX|||70002^MDC_DEV_SYS_PT_VENT_VMD^MDC|1.1.0.0|||||||X|||||||DE12507943&#xD;&#xA;&#x9;&#x9;OBX|||70003^MDC_DEV_SYS_PT_VENT_CHAN^MDC|1.1.1.0|||||||X&#xD;&#xA;&#x9;&#x9;OBX||NM|153316^MDC_RESP_TIME_CONSTANT_EXP^MDC|1.1.1.2|22|264320^MDC_DIM_SEC^MDC|&gt;10||||F &#xD;&#xA;&#x9;&#x9;OBX|18|NM|157916^MDC_TIME_PD_REMAIN^MDC|1.1.2.210|602|264352^MDC_DIM_MIN^MDC^min^min^UCUM|||||R&#xD;&#xA;&#x9;&#x9;OBX||NM|194585^NOM_BREATH_RAPID_SHALLOW_INDEX^MDC|1.1.1.3|80|262656^MDC_DIM_DIMLESS^MDC|2-12||||F&#xD;&#xA;&#x9;&#x9;OBX||CWE|0^MDC_DEV_PUMP_ACTIVE_SOURCES^MDC|1.1.1.18|^pump-source-info-primary^MDC||||||R&#xD;&#xA;&#x9;&#x9;OBX|8|NM|157924^MDC_RATE_DOSE^MDC|1.1.1.3|1.3|265266^MDC_DIM_MILLI_L_PER_HR^MDC^mL/h^mL/h^UCUM|&lt;14||||R&#xD;&#xA;&#x9;&#x9;OBX|9|NM|67266788^MDC_RATE_DOSE^MDC|1.1.1.4|2.3|265266^MDC_DIM_MILLI_L_PER_HR^MDC^mL/h^mL/h^UCUM|||||R&#xD;&#xA;&#x9;&#x9;OBX|10|NM|67305461^NOM_NEW^MDC^^^^^^testLabelNum6|1.1.1.41|100.00|265266^MDC_DIM_MILLI_L_PER_HR^MDC^mL/h^mL/h^UCUM|0-0||||R||APERIODIC||,11,True,,1.3,265266,,UpdPeriodic,True,0,14,True,)" classname="Philips.PMP.Test.Auto.IheMetricDataHandlerTest" time="0.001" status="1" />
    <testcase name="IHEMetricDataHandlerTest (BDAIC,MSH|^~\&amp;|||||20201201141507.982-0500||ORU^R01^ORU_R01|HP1201141507.982PH2UA91414CR6|P|2.6|||AL|NE||8859/1|EN^English^ISO639||IHE_PCD_001^IHE PCD^1.3.6.1.4.1.19376.1.6.1.1.1^ISO&#xD;&#xA;&#x9;&#x9;PID|||&quot;^^^Philips^MR||&quot;^&quot;^&quot;^^^^L||&quot;|&quot;&#xD;&#xA;&#x9;&#x9;PV1||I|My Unit^^Be001&#xD;&#xA;&#x9;&#x9;OBR|||0009fbFFFF78373b^^^EUI-64|69965^MDC_DEV_MON_PHYSIO_MULTI_PARAM_MDS^MDC|||20201201141507.915-0500&#xD;&#xA;&#x9;&#x9;OBX|||69965^MDC_DEV_MON_PHYSIO_MULTI_PARAM_MDS^MDC|1.0.0.0|||||||X|||||||34f0c2ae-e930-4806-b7ed-b65e88cbeacb-IntelliVue MX800 - 865240&#xD;&#xA;&#x9;&#x9;OBX|||70002^MDC_DEV_SYS_PT_VENT_VMD^MDC|1.1.0.0|||||||X|||||||DE12507943&#xD;&#xA;&#x9;&#x9;OBX|||70003^MDC_DEV_SYS_PT_VENT_CHAN^MDC|1.1.1.0|||||||X&#xD;&#xA;&#x9;&#x9;OBX||NM|153316^MDC_RESP_TIME_CONSTANT_EXP^MDC|1.1.1.2|22|264320^MDC_DIM_SEC^MDC|&gt;10||||F &#xD;&#xA;&#x9;&#x9;OBX|18|NM|157916^MDC_TIME_PD_REMAIN^MDC|1.1.2.210|602|264352^MDC_DIM_MIN^MDC^min^min^UCUM|||||R&#xD;&#xA;&#x9;&#x9;OBX||NM|194585^NOM_BREATH_RAPID_SHALLOW_INDEX^MDC|1.1.1.3|80|262656^MDC_DIM_DIMLESS^MDC|2-12||||F&#xD;&#xA;&#x9;&#x9;OBX||CWE|0^MDC_DEV_PUMP_ACTIVE_SOURCES^MDC|1.1.1.18|^pump-source-info-primary^MDC||||||R&#xD;&#xA;&#x9;&#x9;OBX|8|NM|157924^MDC_RATE_DOSE^MDC|1.1.1.3|1.3|265266^MDC_DIM_MILLI_L_PER_HR^MDC^mL/h^mL/h^UCUM|&lt;14||||R&#xD;&#xA;&#x9;&#x9;OBX|9|NM|67266788^MDC_RATE_DOSE^MDC|1.1.1.4|2.3|265266^MDC_DIM_MILLI_L_PER_HR^MDC^mL/h^mL/h^UCUM|||||R&#xD;&#xA;&#x9;&#x9;OBX|10|NM|67305461^NOM_NEW^MDC^^^^^^testLabelNum6|1.1.1.41|100.00|265266^MDC_DIM_MILLI_L_PER_HR^MDC^mL/h^mL/h^UCUM|0-0||||R||APERIODIC||,11,True,,1.3,265266,,UpdPeriodic,False,1,14,True,)" classname="Philips.PMP.Test.Auto.IheMetricDataHandlerTest" time="0.004" status="1" />
    <testcase name="IHEMetricDataHandlerTest (BDAIC,MSH|^~\&amp;|||||20201201141507.982-0500||ORU^R01^ORU_R01|HP1201141507.982PH2UA91414CR6|P|2.6|||AL|NE||8859/1|EN^English^ISO639||IHE_PCD_001^IHE PCD^1.3.6.1.4.1.19376.1.6.1.1.1^ISO&#xD;&#xA;&#x9;&#x9;PID|||&quot;^^^Philips^MR||&quot;^&quot;^&quot;^^^^L||&quot;|&quot;&#xD;&#xA;&#x9;&#x9;PV1||I|My Unit^^Be001&#xD;&#xA;&#x9;&#x9;OBR|||0009fbFFFF78373b^^^EUI-64|69965^MDC_DEV_MON_PHYSIO_MULTI_PARAM_MDS^MDC|||20201201141507.915-0500&#xD;&#xA;&#x9;&#x9;OBX|||69965^MDC_DEV_MON_PHYSIO_MULTI_PARAM_MDS^MDC|1.0.0.0|||||||X|||||||34f0c2ae-e930-4806-b7ed-b65e88cbeacb-IntelliVue MX800 - 865240&#xD;&#xA;&#x9;&#x9;OBX|||70002^MDC_DEV_SYS_PT_VENT_VMD^MDC|1.1.0.0|||||||X|||||||DE12507943&#xD;&#xA;&#x9;&#x9;OBX|||70003^MDC_DEV_SYS_PT_VENT_CHAN^MDC|1.1.1.0|||||||X&#xD;&#xA;&#x9;&#x9;OBX||NM|153316^MDC_RESP_TIME_CONSTANT_EXP^MDC|1.1.1.2|22|264320^MDC_DIM_SEC^MDC|&gt;10||||F &#xD;&#xA;&#x9;&#x9;OBX|18|NM|157916^MDC_TIME_PD_REMAIN^MDC|1.1.2.210|602|264352^MDC_DIM_MIN^MDC^min^min^UCUM|||||R&#xD;&#xA;&#x9;&#x9;OBX||NM|194585^NOM_BREATH_RAPID_SHALLOW_INDEX^MDC|1.1.1.3|80|262656^MDC_DIM_DIMLESS^MDC|2-12||||F&#xD;&#xA;&#x9;&#x9;OBX||CWE|0^MDC_DEV_PUMP_ACTIVE_SOURCES^MDC|1.1.1.18|^pump-source-info-primary^MDC||||||R&#xD;&#xA;&#x9;&#x9;OBX|8|NM|157924^MDC_RATE_DOSE^MDC|1.1.1.3|1.3|265266^MDC_DIM_MILLI_L_PER_HR^MDC^mL/h^mL/h^UCUM|&lt;14||||R&#xD;&#xA;&#x9;&#x9;OBX|9|NM|67266788^MDC_RATE_DOSE^MDC|1.1.1.4|2.3|265266^MDC_DIM_MILLI_L_PER_HR^MDC^mL/h^mL/h^UCUM|||||R&#xD;&#xA;&#x9;&#x9;OBX|10|NM|67305461^NOM_NEW^MDC^^^^^^testLabelNum6|1.1.1.41|100.00|265266^MDC_DIM_MILLI_L_PER_HR^MDC^mL/h^mL/h^UCUM|0-0||||R||APERIODIC||,13,True,testLabelNum6,100.00,265266,,UpdPeriodic,False,0,0,True,)" classname="Philips.PMP.Test.Auto.IheMetricDataHandlerTest" time="0.002" status="1" />
    <testcase name="IHEMetricDataHandlerTest (BDAIC,MSH|^~\&amp;|||||20201201141507.982-0500||ORU^R01^ORU_R01|HP1201141507.982PH2UA91414CR6|P|2.6|||AL|NE||8859/1|EN^English^ISO639||IHE_PCD_001^IHE PCD^1.3.6.1.4.1.19376.1.6.1.1.1^ISO&#xD;&#xA;&#x9;&#x9;PID|||&quot;^^^Philips^MR||&quot;^&quot;^&quot;^^^^L||&quot;|&quot;&#xD;&#xA;&#x9;&#x9;PV1||I|My Unit^^Be001&#xD;&#xA;&#x9;&#x9;OBR|||0009fbFFFF78373b^^^EUI-64|69965^MDC_DEV_MON_PHYSIO_MULTI_PARAM_MDS^MDC|||20201201141507.915-0500&#xD;&#xA;&#x9;&#x9;OBX|||69965^MDC_DEV_MON_PHYSIO_MULTI_PARAM_MDS^MDC|1.0.0.0|||||||X|||||||34f0c2ae-e930-4806-b7ed-b65e88cbeacb-IntelliVue MX800 - 865240&#xD;&#xA;&#x9;&#x9;OBX|||70002^MDC_DEV_SYS_PT_VENT_VMD^MDC|1.1.0.0|||||||X|||||||DE12507943&#xD;&#xA;&#x9;&#x9;OBX|||70003^MDC_DEV_SYS_PT_VENT_CHAN^MDC|1.1.1.0|||||||X&#xD;&#xA;&#x9;&#x9;OBX||NM|153316^MDC_RESP_TIME_CONSTANT_EXP^MDC|1.1.1.2|22|264320^MDC_DIM_SEC^MDC|&gt;10||||F &#xD;&#xA;&#x9;&#x9;OBX|18|NM|157916^MDC_TIME_PD_REMAIN^MDC|1.1.2.210|602|264352^MDC_DIM_MIN^MDC^min^min^UCUM|||||R&#xD;&#xA;&#x9;&#x9;OBX||NM|194585^NOM_BREATH_RAPID_SHALLOW_INDEX^MDC|1.1.1.3|80|262656^MDC_DIM_DIMLESS^MDC|2-12||||F&#xD;&#xA;&#x9;&#x9;OBX||CWE|0^MDC_DEV_PUMP_ACTIVE_SOURCES^MDC|1.1.1.18|^pump-source-info-primary^MDC||||||R&#xD;&#xA;&#x9;&#x9;OBX|8|NM|157924^MDC_RATE_DOSE^MDC|1.1.1.3|1.3|265266^MDC_DIM_MILLI_L_PER_HR^MDC^mL/h^mL/h^UCUM|&lt;14||||R&#xD;&#xA;&#x9;&#x9;OBX|9|NM|67266788^MDC_RATE_DOSE^MDC|1.1.1.4|2.3|265266^MDC_DIM_MILLI_L_PER_HR^MDC^mL/h^mL/h^UCUM|||||R&#xD;&#xA;&#x9;&#x9;OBX|10|NM|67305461^NOM_NEW^MDC^^^^^^testLabelNum6|1.1.1.41|100.00|265266^MDC_DIM_MILLI_L_PER_HR^MDC^mL/h^mL/h^UCUM|0-0||||R||APERIODIC||,13,True,,100.00,265266,,UpdPeriodic,False,0,0,True,)" classname="Philips.PMP.Test.Auto.IheMetricDataHandlerTest" time="0.004" status="1" />
    <testcase name="IHEMetricDataHandlerTest (BDAIC,MSH|^~\&amp;|||||20201201141507.982-0500||ORU^R01^ORU_R01|HP1201141507.982PH2UA91414CR6|P|2.6|||AL|NE||8859/1|EN^English^ISO639||IHE_PCD_001^IHE PCD^1.3.6.1.4.1.19376.1.6.1.1.1^ISO&#xD;&#xA;&#x9;&#x9;PID|||&quot;^^^Philips^MR||&quot;^&quot;^&quot;^^^^L||&quot;|&quot;&#xD;&#xA;&#x9;&#x9;PV1||I|My Unit^^Be001&#xD;&#xA;&#x9;&#x9;OBR|||0009fbFFFF78373b^^^EUI-64|69965^MDC_DEV_MON_PHYSIO_MULTI_PARAM_MDS^MDC|||20201201141507.915-0500&#xD;&#xA;&#x9;&#x9;OBX|||69965^MDC_DEV_MON_PHYSIO_MULTI_PARAM_MDS^MDC|1.0.0.0|||||||X|||||||34f0c2ae-e930-4806-b7ed-b65e88cbeacb-IntelliVue MX800 - 865240&#xD;&#xA;&#x9;&#x9;OBX|||70002^MDC_DEV_SYS_PT_VENT_VMD^MDC|1.1.0.0|||||||X|||||||DE12507943&#xD;&#xA;&#x9;&#x9;OBX|||70003^MDC_DEV_SYS_PT_VENT_CHAN^MDC|1.1.1.0|||||||X&#xD;&#xA;&#x9;&#x9;OBX||NM|153316^MDC_RESP_TIME_CONSTANT_EXP^MDC|1.1.1.2|22|264320^MDC_DIM_SEC^MDC|&gt;10||||F &#xD;&#xA;&#x9;&#x9;OBX|18|NM|157916^MDC_TIME_PD_REMAIN^MDC|1.1.2.210|602|264352^MDC_DIM_MIN^MDC^min^min^UCUM|||||R&#xD;&#xA;&#x9;&#x9;OBX||NM|194585^NOM_BREATH_RAPID_SHALLOW_INDEX^MDC|1.1.1.3|80|262656^MDC_DIM_DIMLESS^MDC|2-12||||F&#xD;&#xA;&#x9;&#x9;OBX||CWE|0^MDC_DEV_PUMP_ACTIVE_SOURCES^MDC|1.1.1.18|^pump-source-info-primary^MDC||||||R&#xD;&#xA;&#x9;&#x9;OBX|8|NM|157924^MDC_RATE_DOSE^MDC|1.1.1.3|1.3|265266^MDC_DIM_MILLI_L_PER_HR^MDC^mL/h^mL/h^UCUM|&lt;14||||R&#xD;&#xA;&#x9;&#x9;OBX|9|NM|67266788^MDC_RATE_DOSE^MDC|1.1.1.4|2.3|265266^MDC_DIM_MILLI_L_PER_HR^MDC^mL/h^mL/h^UCUM|||||R&#xD;&#xA;&#x9;&#x9;OBX|10|NM|67305461^NOM_NEW^MDC^^^^^^testLabelNum6|1.1.1.41|100.00|265266^MDC_DIM_MILLI_L_PER_HR^MDC^mL/h^mL/h^UCUM|0-0||||R||APERIODIC||,11,True,,1.3,265266,,UpdPeriodic,False,0,12,True,)" classname="Philips.PMP.Test.Auto.IheMetricDataHandlerTest" time="0.001" status="1" />
    <testcase name="IHEMetricDataHandlerTest (BDAIC,MSH|^~\&amp;|||||20201201141507.982-0500||ORU^R01^ORU_R01|HP1201141507.982PH2UA91414CR6|P|2.6|||AL|NE||8859/1|EN^English^ISO639||IHE_PCD_001^IHE PCD^1.3.6.1.4.1.19376.1.6.1.1.1^ISO&#xD;&#xA;&#x9;&#x9;PID|||&quot;^^^Philips^MR||&quot;^&quot;^&quot;^^^^L||&quot;|&quot;&#xD;&#xA;&#x9;&#x9;PV1||I|My Unit^^Be001&#xD;&#xA;&#x9;&#x9;OBR|||0009fbFFFF78373b^^^EUI-64|69965^MDC_DEV_MON_PHYSIO_MULTI_PARAM_MDS^MDC|||20201201141507.915-0500&#xD;&#xA;&#x9;&#x9;OBX|||69965^MDC_DEV_MON_PHYSIO_MULTI_PARAM_MDS^MDC|1.0.0.0|||||||X|||||||34f0c2ae-e930-4806-b7ed-b65e88cbeacb-IntelliVue MX800 - 865240&#xD;&#xA;&#x9;&#x9;OBX|||70002^MDC_DEV_SYS_PT_VENT_VMD^MDC|1.1.0.0|||||||X|||||||DE12507943&#xD;&#xA;&#x9;&#x9;OBX|||70003^MDC_DEV_SYS_PT_VENT_CHAN^MDC|1.1.1.0|||||||X&#xD;&#xA;&#x9;&#x9;OBX||NM|153316^MDC_RESP_TIME_CONSTANT_EXP^MDC|1.1.1.2|22|264320^MDC_DIM_SEC^MDC|&gt;10||||F &#xD;&#xA;&#x9;&#x9;OBX|18|NM|157916^MDC_TIME_PD_REMAIN^MDC|1.1.2.210|602|264352^MDC_DIM_MIN^MDC^min^min^UCUM|||||R&#xD;&#xA;&#x9;&#x9;OBX||NM|194585^NOM_BREATH_RAPID_SHALLOW_INDEX^MDC|1.1.1.3|80|262656^MDC_DIM_DIMLESS^MDC|2-12||||F&#xD;&#xA;&#x9;&#x9;OBX||CWE|0^MDC_DEV_PUMP_ACTIVE_SOURCES^MDC|1.1.1.18|^pump-source-info-primary^MDC||||||R&#xD;&#xA;&#x9;&#x9;OBX|8|NM|157924^MDC_RATE_DOSE^MDC|1.1.1.3|1.3|265266^MDC_DIM_MILLI_L_PER_HR^MDC^mL/h^mL/h^UCUM|&lt;14||||R&#xD;&#xA;&#x9;&#x9;OBX|9|NM|67266788^MDC_RATE_DOSE^MDC|1.1.1.4|2.3|265266^MDC_DIM_MILLI_L_PER_HR^MDC^mL/h^mL/h^UCUM|||||R&#xD;&#xA;&#x9;&#x9;OBX|10|NM|67305461^NOM_NEW^MDC^^^^^^testLabelNum6|1.1.1.41|100.00|265266^MDC_DIM_MILLI_L_PER_HR^MDC^mL/h^mL/h^UCUM|0-0||||R||APERIODIC||,10,False,,pump-source-info-primary,0,,UpdPeriodic,True,,,False,)" classname="Philips.PMP.Test.Auto.IheMetricDataHandlerTest" time="0.001" status="1" />
    <testcase name="IHEMetricDataHandlerTest (BDAIC,MSH|^~\&amp;|||||20201201141507.982-0500||ORU^R01^ORU_R01|HP1201141507.982PH2UA91414CR6|P|2.6|||AL|NE||8859/1|EN^English^ISO639||IHE_PCD_001^IHE PCD^1.3.6.1.4.1.19376.1.6.1.1.1^ISO&#xD;&#xA;&#x9;&#x9;PID|||&quot;^^^Philips^MR||&quot;^&quot;^&quot;^^^^L||&quot;|&quot;&#xD;&#xA;&#x9;&#x9;PV1||I|My Unit^^Be001&#xD;&#xA;&#x9;&#x9;OBR|||0009fbFFFF78373b^^^EUI-64|69965^MDC_DEV_MON_PHYSIO_MULTI_PARAM_MDS^MDC|||20201201141507.915-0500&#xD;&#xA;&#x9;&#x9;OBX|||69965^MDC_DEV_MON_PHYSIO_MULTI_PARAM_MDS^MDC|1.0.0.0|||||||X|||||||34f0c2ae-e930-4806-b7ed-b65e88cbeacb-IntelliVue MX800 - 865240&#xD;&#xA;&#x9;&#x9;OBX|||70002^MDC_DEV_SYS_PT_VENT_VMD^MDC|1.1.0.0|||||||X|||||||DE12507943&#xD;&#xA;&#x9;&#x9;OBX|||70003^MDC_DEV_SYS_PT_VENT_CHAN^MDC|1.1.1.0|||||||X&#xD;&#xA;&#x9;&#x9;OBX||NM|153316^MDC_RESP_TIME_CONSTANT_EXP^MDC|1.1.1.2|22|264320^MDC_DIM_SEC^MDC|&gt;10||||F &#xD;&#xA;&#x9;&#x9;OBX|18|NM|157916^MDC_TIME_PD_REMAIN^MDC|1.1.2.210|602|264352^MDC_DIM_MIN^MDC^min^min^UCUM|||||R&#xD;&#xA;&#x9;&#x9;OBX||NM|194585^NOM_BREATH_RAPID_SHALLOW_INDEX^MDC|1.1.1.3|80|262656^MDC_DIM_DIMLESS^MDC|2-12||||F&#xD;&#xA;&#x9;&#x9;OBX||CWE|0^MDC_DEV_PUMP_ACTIVE_SOURCES^MDC|1.1.1.18|^pump-source-info-primary^MDC||||||R&#xD;&#xA;&#x9;&#x9;OBX|8|NM|157924^MDC_RATE_DOSE^MDC|1.1.1.3|1.3|265266^MDC_DIM_MILLI_L_PER_HR^MDC^mL/h^mL/h^UCUM|&lt;14||||R&#xD;&#xA;&#x9;&#x9;OBX|9|NM|67266788^MDC_RATE_DOSE^MDC|1.1.1.4|2.3|265266^MDC_DIM_MILLI_L_PER_HR^MDC^mL/h^mL/h^UCUM|||||R&#xD;&#xA;&#x9;&#x9;OBX|10|NM|67305461^NOM_NEW^MDC^^^^^^testLabelNum6|1.1.1.41|100.00|265266^MDC_DIM_MILLI_L_PER_HR^MDC^mL/h^mL/h^UCUM|0-0||||R||APERIODIC||,10,False,,pump-source-info-primary,0,,UpdEpisodic,False,,,False,)" classname="Philips.PMP.Test.Auto.IheMetricDataHandlerTest" time="0.001" status="1" />
    <testcase name="IHEMetricDataHandlerTest (BDAIC,MSH|^~\&amp;|PAT_DEVICE_PUMPVENDOR^9999990000000000^EUI-64|PUMPVENDOR|DOC_VENDOR|DOC_VENDOR|20151015132107-0500||ORU^R42^ORU_R01|6358051206735492253|P|2.6|||AL|NE||ASCII|en^English^ISO5715 639||IHE_PCD_010^IHE PCD^ 1.3.6.1.4.1.19376.1.6.4.10^ISO&#xD;&#xA;&#x9;&#x9;PID|||HO2009002^^^IHE^PI||Hon^Charles^^^^^L|Brooks^^^^^^L|19610201000000-0600|M|||||||||||||||||||||||N&#xD;&#xA;&#x9;&#x9;PV1||I|3 West ICU^3002^1&#xD;&#xA;&#x9;&#x9;OBR|1|AB12345^PCD-03|CD12345^HL7^ACDE48234567ABCD^EUI-5720 64|2222^Dopamine|||20151015132106-0500&#xD;&#xA;&#x9;&#x9;OBX|1||70049^MDC_DEV_PUMP_INFUS_LVP_MDS^MDC|1.0.0.0|||||||X|||||N0002||E0002^^0012210000000000^EUI-64&#xD;&#xA;&#x9;&#x9;OBX|2|ST|184517^MDC_PUMP_DRUG_LIBRARY_VERSION^MDC|1.0.0.1|DL1||||||R&#xD;&#xA;&#x9;&#x9;OBX|3|CWE|68487^MDC_ATTR_EVT_COND^MDC|1.0.0.2|197288^MDC_EVT_PUMP_DELIV_START5725 ^MDC||||||R&#xD;&#xA;&#x9;&#x9;OBX|4|ST|68488^MDC_ATTR_EVT_SOURCE^MDC|1.0.0.3|1.1.2.0||||||R&#xD;&#xA;&#x9;&#x9;OBX|5||70050^MDC_DEV_PUMP_INFUS_LVP_VMD^MDC|1.1.0.0|||||||X&#xD;&#xA;&#x9;&#x9;OBX|6||70067^MDC_DEV_PUMP_DELIVERY_INFO^MDC|1.1.1.0|||||||X&#xD;&#xA;&#x9;&#x9;OBX|7|CWE|184519^MDC_PUMP_INFUSING_STATUS^MDC|1.1.1.1|^pump-status-5730 infusing||||||R&#xD;&#xA;&#x9;&#x9;OBX|8|NM|158014^MDC_FLOW_FLUID_PUMP_CURRENT^MDC|1.1.1.2|15.4|265266^MDC_DIM_MILLI_L_PER_HR^MDC^mL/h^mL/h^UCUM|||||R&#xD;&#xA;&#x9;&#x9;OBX|9|CWE|158016^MDC_DEV_PUMP_ACTIVE_SOURCES^MDC|1.1.1.3|^pump-source-info-primary||||||R 5735&#xD;&#xA;&#x9;&#x9;OBX|10||70071^MDC_DEV_PUMP_INFUSATE_SOURCE_PRIMARY^MDC|1.1.2.0|||||||X&#xD;&#xA;&#x9;&#x9;OBX|11|CWE|158005^MDC_DEV_PUMP_CURRENT_DELIVERY_STATUS^MDC|1.1.2.1|^pump-delivery-status-delivering||||||R&#xD;&#xA;&#x9;&#x9;OBX|12|CWE|158008^MDC_DEV_PUMP_PROGRAM_DELIVERY_MODE^MDC|1.1.2.2|^pump-program-delivery-mode-continuous||||||R 5740&#xD;&#xA;&#x9;&#x9;OBX|13|ST|158012^MDC_DEV_PUMP_SOURCE_CHANNEL_LABEL^MDC|1.1.2.3|Primary||||||R&#xD;&#xA;&#x9;&#x9;OBX|14|NM|157784^MDC_FLOW_FLUID_PUMP^MDC|1.1.2.4|15.4|265266^MDC_DIM_MILLI_L_PER_HR^MDC^mL/h^mL/h^UCUM|||||R&#xD;&#xA;&#x9;&#x9;OBX|15|NM|157924^MDC_RATE_DOSE^MDC|1.1.2.5|5.00|265619^MDC_DIM_MICRO_G_PER_KG_PER_MIN^MDC^ug/kg/min^ug/kg/min^UCUM|||||R 5745&#xD;&#xA;&#x9;&#x9;OBX|16|NM|157884^MDC_VOL_FLUID_TBI^MDC|1.1.2.6|250.0|263762^MDC_DIM_MILLI_L^MDC^mL^mL^UCUM|||||R&#xD;&#xA;&#x9;&#x9;OBX|17|NM|157993^MDC_VOL_FLUID_DELIV_TOTAL^MDC|1.1.2.7|0.0|263762^MDC_DIM_MILLI_L^MDC^mL^mL^UCUM|||||R&#xD;&#xA;&#x9;&#x9;OBX|18|NM|157872^MDC_VOL_FLUID_TBI_REMAIN^MDC|1.1.2.8|250.0|263762^MDC_DIM_MI5750 LLI_L^MDC^mL^mL^UCUM|||||R&#xD;&#xA;&#x9;&#x9;OBX|19|NM|157916^MDC_TIME_PD_REMAIN^MDC|1.1.2.9|974|264352^MDC_DIM_MIN^MDC^min^min^UCUM|||||R&#xD;&#xA;&#x9;&#x9;OBX|20|ST|184514^MDC_DRUG_NAME_LABEL^MDC|1.1.2.10|Dopamine||||||R&#xD;&#xA;&#x9;&#x9;OBX|21|NM|157760^MDC_CONC_DRUG^MDC|1.1.2.11|1.6|264306^MDC_DIM_MILLI_G_PER_ML5755 ^MDC^mg/mL^mg/mL^UCUM|||||R&#xD;&#xA;&#x9;&#x9;OBX|22|ST|184516^MDC_PUMP_DRUG_LIBRARY_CARE_AREA^MDC|1.1.2.12|Crit Care||||||R&#xD;&#xA;&#x9;&#x9;OBX|23|NM|68063^MDC_ATTR_PT_WEIGHT^MDC|1.1.2.13|82.0|263875^MDC_DIM_KILO_G^MDC^kg^kg^UCUM|||||R,11,True,,15.4,265266,,UpdPeriodic,True,,,False,)" classname="Philips.PMP.Test.Auto.IheMetricDataHandlerTest" time="0.004" status="1" />
    <testcase name="IHEMetricDataHandlerTest (BDAIC,MSH|^~\&amp;|PAT_DEVICE_PUMPVENDOR^9999990000000000^EUI-64|PUMPVENDOR|DOC_VENDOR|DOC_VENDOR|20151015132107-0500||ORU^R42^ORU_R01|6358051206735492253|P|2.6|||AL|NE||ASCII|en^English^ISO5715 639||IHE_PCD_010^IHE PCD^ 1.3.6.1.4.1.19376.1.6.4.10^ISO&#xD;&#xA;&#x9;&#x9;PID|||HO2009002^^^IHE^PI||Hon^Charles^^^^^L|Brooks^^^^^^L|19610201000000-0600|M|||||||||||||||||||||||N&#xD;&#xA;&#x9;&#x9;PV1||I|3 West ICU^3002^1&#xD;&#xA;&#x9;&#x9;OBR|1|AB12345^PCD-03|CD12345^HL7^ACDE48234567ABCD^EUI-5720 64|2222^Dopamine|||20151015132106-0500&#xD;&#xA;&#x9;&#x9;OBX|1||70049^MDC_DEV_PUMP_INFUS_LVP_MDS^MDC|1.0.0.0|||||||X|||||N0002||E0002^^0012210000000000^EUI-64&#xD;&#xA;&#x9;&#x9;OBX|2|ST|184517^MDC_PUMP_DRUG_LIBRARY_VERSION^MDC|1.0.0.1|DL1||||||R&#xD;&#xA;&#x9;&#x9;OBX|3|CWE|68487^MDC_ATTR_EVT_COND^MDC|1.0.0.2|197288^MDC_EVT_PUMP_DELIV_START5725 ^MDC||||||R&#xD;&#xA;&#x9;&#x9;OBX|4|ST|68488^MDC_ATTR_EVT_SOURCE^MDC|1.0.0.3|1.1.2.0||||||R&#xD;&#xA;&#x9;&#x9;OBX|5||70050^MDC_DEV_PUMP_INFUS_LVP_VMD^MDC|1.1.0.0|||||||X&#xD;&#xA;&#x9;&#x9;OBX|6||70067^MDC_DEV_PUMP_DELIVERY_INFO^MDC|1.1.1.0|||||||X&#xD;&#xA;&#x9;&#x9;OBX|7|CWE|184519^MDC_PUMP_INFUSING_STATUS^MDC|1.1.1.1|^pump-status-5730 infusing||||||R&#xD;&#xA;&#x9;&#x9;OBX|8|NM|158014^MDC_FLOW_FLUID_PUMP_CURRENT^MDC|1.1.1.2|15.4|265266^MDC_DIM_MILLI_L_PER_HR^MDC^mL/h^mL/h^UCUM|||||R&#xD;&#xA;&#x9;&#x9;OBX|9|CWE|158016^MDC_DEV_PUMP_ACTIVE_SOURCES^MDC|1.1.1.3|^pump-source-info-primary||||||R 5735&#xD;&#xA;&#x9;&#x9;OBX|10||70071^MDC_DEV_PUMP_INFUSATE_SOURCE_PRIMARY^MDC|1.1.2.0|||||||X&#xD;&#xA;&#x9;&#x9;OBX|11|CWE|158005^MDC_DEV_PUMP_CURRENT_DELIVERY_STATUS^MDC|1.1.2.1|^pump-delivery-status-delivering||||||R&#xD;&#xA;&#x9;&#x9;OBX|12|CWE|158008^MDC_DEV_PUMP_PROGRAM_DELIVERY_MODE^MDC|1.1.2.2|^pump-program-delivery-mode-continuous||||||R 5740&#xD;&#xA;&#x9;&#x9;OBX|13|ST|158012^MDC_DEV_PUMP_SOURCE_CHANNEL_LABEL^MDC|1.1.2.3|Primary||||||R&#xD;&#xA;&#x9;&#x9;OBX|14|NM|157784^MDC_FLOW_FLUID_PUMP^MDC|1.1.2.4|15.4|265266^MDC_DIM_MILLI_L_PER_HR^MDC^mL/h^mL/h^UCUM|||||R&#xD;&#xA;&#x9;&#x9;OBX|15|NM|157924^MDC_RATE_DOSE^MDC|1.1.2.5|5.00|265619^MDC_DIM_MICRO_G_PER_KG_PER_MIN^MDC^ug/kg/min^ug/kg/min^UCUM|||||R 5745&#xD;&#xA;&#x9;&#x9;OBX|16|NM|157884^MDC_VOL_FLUID_TBI^MDC|1.1.2.6|250.0|263762^MDC_DIM_MILLI_L^MDC^mL^mL^UCUM|||||R&#xD;&#xA;&#x9;&#x9;OBX|17|NM|157993^MDC_VOL_FLUID_DELIV_TOTAL^MDC|1.1.2.7|0.0|263762^MDC_DIM_MILLI_L^MDC^mL^mL^UCUM|||||R&#xD;&#xA;&#x9;&#x9;OBX|18|NM|157872^MDC_VOL_FLUID_TBI_REMAIN^MDC|1.1.2.8|250.0|263762^MDC_DIM_MI5750 LLI_L^MDC^mL^mL^UCUM|||||R&#xD;&#xA;&#x9;&#x9;OBX|19|NM|157916^MDC_TIME_PD_REMAIN^MDC|1.1.2.9|974|264352^MDC_DIM_MIN^MDC^min^min^UCUM|||||R&#xD;&#xA;&#x9;&#x9;OBX|20|ST|184514^MDC_DRUG_NAME_LABEL^MDC|1.1.2.10|Dopamine||||||R&#xD;&#xA;&#x9;&#x9;OBX|21|NM|157760^MDC_CONC_DRUG^MDC|1.1.2.11|1.6|264306^MDC_DIM_MILLI_G_PER_ML5755 ^MDC^mg/mL^mg/mL^UCUM|||||R&#xD;&#xA;&#x9;&#x9;OBX|22|ST|184516^MDC_PUMP_DRUG_LIBRARY_CARE_AREA^MDC|1.1.2.12|Crit Care||||||R&#xD;&#xA;&#x9;&#x9;OBX|23|NM|68063^MDC_ATTR_PT_WEIGHT^MDC|1.1.2.13|82.0|263875^MDC_DIM_KILO_G^MDC^kg^kg^UCUM|||||R,23,False,,Dopamine,0,,UpdPeriodic,True,,,False,)" classname="Philips.PMP.Test.Auto.IheMetricDataHandlerTest" time="0.001" status="1" />
    <testcase name="IHEMetricDataHandlerTest (CapsuleMDIP,MSH|^~\&amp;|||||20220720013516.038-0400||ORU^R01^ORU_R01|HP0720013516.038PHMXL02238QJ322|P|2.6|||AL|NE||8859/1|EN^English^ISO639||IHE_PCD_001^IHE PCD^1.3.6.1.4.1.19376.1.6.1.1.1^ISO|&#xD;&#xA;&#x9;&#x9;PID|1||&quot;^^^Philips^MR||&quot;^&quot;^&quot;^^^^L||20050415000000.000+0200|F|||||||FRENCH|||PID18|&#xD;&#xA;&#x9;&#x9;PV1|2|I|{uniqueId}|1|&#xD;&#xA;&#x9;&#x9;OBR|||0009fbFFFF07f06a^^^EUI-64|69669^MDC_DEV_ANALY_CARD_OUTPUT_MDS^MDC|||20220720013513.935-0400|||ABC-123|||ABC-123|||||||| BaxterIFMout_5.3.5_EV1000_Baxter_XYZ456&#xD;&#xA;&#x9;&#x9;OBX|4||69669^NOM_DEV_ANALY_CARD_OUTPUT_MDS^MDC|1.0.0.0|||||||X|||||||718cbcf4-c374-4c31-9041-6cbd3c46aeaf-Edwards EV1000&#xD;&#xA;&#x9;&#x9;OBX|5||69670^NOM_DEV_ANALY_CARD_OUTPUT_VMD^MDC|1.1.0.0|||||||X|||||||&#xD;&#xA;&#x9;&#x9;OBX|6||69671^MDC_NOM_DEV_ANALY_CARD_OUTPUT_CHAN^MDC|1.1.1.0|||||||X|&#xD;&#xA;&#x9;&#x9;OBX|7|CWE|12345678^UNKNOWN^UNKNOWN^^^^^^tMode|1.1.1.41|1076259847^NLS_DRV_ED711_ENUM_VV_SENSOR^MDC^^^^^^VolView||||||R|||20180622133129.224+0200|&#xD;&#xA;&#x9;&#x9;OBX|8|CWE|67303669^NOM_SETT_MODE_MSMT^MDC^^^^^^sMode|1.1.1.41|1076259847^NLS_DRV_ED711_ENUM_VV_SENSOR^MDC^^^^^^VolView||||||R||SETTING|20180622133304.394+0200|||||&#xD;&#xA;&#x9;&#x9;OBX|9|CWE|67305467^NOM_SETT_MODE_MSMT^MDC^^^^^^testLabelEnum|1.1.1.41|1076259847^NLS_DRV_ED711_ENUM_VV_SENSOR^MDC^^^^^^VolView||||||R|||20180622133129.224+0200|&#xD;&#xA;&#x9;&#x9;OBX|10|CWE|67305468^NOM_NEW^MDC^^^^^^sMode|1.1.1.41|1076259847^NLS_DRV_ED711_ENUM_VV_SENSOR^CAPSULE^^^^^^VolView||||||R|||20180622133129.224+0200|&#xD;&#xA;&#x9;&#x9;OBX|11|CWE|67305469^NOM_NEW^MDC^^^^^^sMode|1.1.1.41|1076297727^UNKNOWN^UNKNOWN^^^^^^VolView||||||R|||20180622133129.224+0200|&#xD;&#xA;&#x9;&#x9;OBX|12|ST|67293194^NOM_SETT_DRUG_NAME_TYPE^MDC|1.4.1.5|RandomDrug||||||R||&#xD;&#xA;&#x9;&#x9;OBX|13|NM|67305466^NOM_NEW^MDC^^^^^^testLabelNum|1.1.1.41|100|262656^MDC_DIM_DIMLESS^MDC|||||R|||20180622133129.224+0200|&#xD;&#xA;&#x9;&#x9;OBX|14|NM|67305465^NOM_NEW^UNKNOWN^^^^^^testLabelNum2|1.1.1.41|100|262656^MDC_DIM_DIMLESS^MDC|||||R|||20180622133129.224+0200|&#xD;&#xA;&#x9;&#x9;OBX|15|NM|67305464^NOM_NEW^MDC^^^^^^testLabelNum3|1.1.1.41|100|262656^MDC_DIM_DIMLESS^MDC|||||R|||20180622133129.224+0200|&#xD;&#xA;&#x9;&#x9;OBX|16|NM|67305463^NOM_NEW^MDC^^^^^^testLabelNum4|1.1.1.41|100|262656^MDC_DIM_DIMLESS^UNKNOWN|||||R|||20180622133129.224+0200|&#xD;&#xA;&#x9;&#x9;OBX|17|NM|67305462^NOM_NEW^MDC^^^^^^testLabelNum5|1.1.1.41|100.0|327679^MDC_DIM_DIMLESS^MDIL^^^^^^NewUnit|||||R|||20180622133129.224+0200|&#xD;&#xA;&#x9;&#x9;OBX|18|NM|67305461^NOM_NEW^MDC^^^^^^testLabelNum6|1.1.1.41|100.00|327679^MDC_DIM_DIMLESS^MDIL^^^^^^NewUnit|||||R||APERIODIC|20180622133129.224+0200|&#xD;&#xA;&#x9;&#x9;OBX|19|CE|67305460^NOM_NEW^MDC^^^^^^testLabelNum7|1.1.1.41|100.00|327679^MDC_DIM_DIMLESS^MDIL^^^^^^NewUnit|||||R|||20180622133129.224+0200|&#xD;&#xA;&#x9;&#x9;OBX|20|NM|NAN^NOM_NEW^MDC^^^^^^testLabelNum8|1.1.1.41|100.00|327679^MDC_DIM_DIMLESS^MDIL^^^^^^NewUnit|||||R|||20180622133129.224+0200|&#xD;&#xA;&#x9;&#x9;OBX|21|CWE|67305468^NOM_NEW^MDC^^^^^^sMode|1.1.1.41|NAN^NLS_DRV_ED711_ENUM_VV_SENSOR^CAPSULE^^^^^^VolView||||||R|||20180622133129.224+0200|&#xD;&#xA;&#x9;&#x9;OBX|22|CWE|67305459^NOM_NEW^MDC^^^^^^testLabelNum9|1.1.1.41|1076297727^NEW_PARAM^MDIL^^^^^^NewEnum||||||R|||20180622133129.224+0200|&#xD;&#xA;&#x9;&#x9;OBX|23|CWE|67305458^NOM_NEW^MDC^^^^^^testLabelNum10|1.1.1.41|NAN^NEW_PARAM^MDIL^^^^^^NewEnum2||||||R|||20180622133129.224+0200|&#xD;&#xA;&#x9;&#x9;OBX|24|CWE|67305458^NOM_NEW^MDC^^^^^^testLabelNum11|1.1.1.41|1076297727^NEW_PARAM^MDIL^^^^^^機器情報||||||R|||20180622133129.224+0200|,7,False,,VolView,0,,UpdPeriodic,False,,,False,)" classname="Philips.PMP.Test.Auto.IheMetricDataHandlerTest" time="0.002" status="1" />
    <testcase name="IHEMetricDataHandlerTest (CapsuleMDIP,MSH|^~\&amp;|||||20220720013516.038-0400||ORU^R01^ORU_R01|HP0720013516.038PHMXL02238QJ322|P|2.6|||AL|NE||8859/1|EN^English^ISO639||IHE_PCD_001^IHE PCD^1.3.6.1.4.1.19376.1.6.1.1.1^ISO|&#xD;&#xA;&#x9;&#x9;PID|1||&quot;^^^Philips^MR||&quot;^&quot;^&quot;^^^^L||20050415000000.000+0200|F|||||||FRENCH|||PID18|&#xD;&#xA;&#x9;&#x9;PV1|2|I|{uniqueId}|1|&#xD;&#xA;&#x9;&#x9;OBR|||0009fbFFFF07f06a^^^EUI-64|69669^MDC_DEV_ANALY_CARD_OUTPUT_MDS^MDC|||20220720013513.935-0400|||ABC-123|||ABC-123|||||||| BaxterIFMout_5.3.5_EV1000_Baxter_XYZ456&#xD;&#xA;&#x9;&#x9;OBX|4||69669^NOM_DEV_ANALY_CARD_OUTPUT_MDS^MDC|1.0.0.0|||||||X|||||||718cbcf4-c374-4c31-9041-6cbd3c46aeaf-Edwards EV1000&#xD;&#xA;&#x9;&#x9;OBX|5||69670^NOM_DEV_ANALY_CARD_OUTPUT_VMD^MDC|1.1.0.0|||||||X|||||||&#xD;&#xA;&#x9;&#x9;OBX|6||69671^MDC_NOM_DEV_ANALY_CARD_OUTPUT_CHAN^MDC|1.1.1.0|||||||X|&#xD;&#xA;&#x9;&#x9;OBX|7|CWE|12345678^UNKNOWN^UNKNOWN^^^^^^tMode|1.1.1.41|1076259847^NLS_DRV_ED711_ENUM_VV_SENSOR^MDC^^^^^^VolView||||||R|||20180622133129.224+0200|&#xD;&#xA;&#x9;&#x9;OBX|8|CWE|67303669^NOM_SETT_MODE_MSMT^MDC^^^^^^sMode|1.1.1.41|1076259847^NLS_DRV_ED711_ENUM_VV_SENSOR^MDC^^^^^^VolView||||||R||SETTING|20180622133304.394+0200|||||&#xD;&#xA;&#x9;&#x9;OBX|9|CWE|67305467^NOM_SETT_MODE_MSMT^MDC^^^^^^testLabelEnum|1.1.1.41|1076259847^NLS_DRV_ED711_ENUM_VV_SENSOR^MDC^^^^^^VolView||||||R|||20180622133129.224+0200|&#xD;&#xA;&#x9;&#x9;OBX|10|CWE|67305468^NOM_NEW^MDC^^^^^^sMode|1.1.1.41|1076259847^NLS_DRV_ED711_ENUM_VV_SENSOR^CAPSULE^^^^^^VolView||||||R|||20180622133129.224+0200|&#xD;&#xA;&#x9;&#x9;OBX|11|CWE|67305469^NOM_NEW^MDC^^^^^^sMode|1.1.1.41|1076297727^UNKNOWN^UNKNOWN^^^^^^VolView||||||R|||20180622133129.224+0200|&#xD;&#xA;&#x9;&#x9;OBX|12|ST|67293194^NOM_SETT_DRUG_NAME_TYPE^MDC|1.4.1.5|RandomDrug||||||R||&#xD;&#xA;&#x9;&#x9;OBX|13|NM|67305466^NOM_NEW^MDC^^^^^^testLabelNum|1.1.1.41|100|262656^MDC_DIM_DIMLESS^MDC|||||R|||20180622133129.224+0200|&#xD;&#xA;&#x9;&#x9;OBX|14|NM|67305465^NOM_NEW^UNKNOWN^^^^^^testLabelNum2|1.1.1.41|100|262656^MDC_DIM_DIMLESS^MDC|||||R|||20180622133129.224+0200|&#xD;&#xA;&#x9;&#x9;OBX|15|NM|67305464^NOM_NEW^MDC^^^^^^testLabelNum3|1.1.1.41|100|262656^MDC_DIM_DIMLESS^MDC|||||R|||20180622133129.224+0200|&#xD;&#xA;&#x9;&#x9;OBX|16|NM|67305463^NOM_NEW^MDC^^^^^^testLabelNum4|1.1.1.41|100|262656^MDC_DIM_DIMLESS^UNKNOWN|||||R|||20180622133129.224+0200|&#xD;&#xA;&#x9;&#x9;OBX|17|NM|67305462^NOM_NEW^MDC^^^^^^testLabelNum5|1.1.1.41|100.0|327679^MDC_DIM_DIMLESS^MDIL^^^^^^NewUnit|||||R|||20180622133129.224+0200|&#xD;&#xA;&#x9;&#x9;OBX|18|NM|67305461^NOM_NEW^MDC^^^^^^testLabelNum6|1.1.1.41|100.00|327679^MDC_DIM_DIMLESS^MDIL^^^^^^NewUnit|||||R||APERIODIC|20180622133129.224+0200|&#xD;&#xA;&#x9;&#x9;OBX|19|CE|67305460^NOM_NEW^MDC^^^^^^testLabelNum7|1.1.1.41|100.00|327679^MDC_DIM_DIMLESS^MDIL^^^^^^NewUnit|||||R|||20180622133129.224+0200|&#xD;&#xA;&#x9;&#x9;OBX|20|NM|NAN^NOM_NEW^MDC^^^^^^testLabelNum8|1.1.1.41|100.00|327679^MDC_DIM_DIMLESS^MDIL^^^^^^NewUnit|||||R|||20180622133129.224+0200|&#xD;&#xA;&#x9;&#x9;OBX|21|CWE|67305468^NOM_NEW^MDC^^^^^^sMode|1.1.1.41|NAN^NLS_DRV_ED711_ENUM_VV_SENSOR^CAPSULE^^^^^^VolView||||||R|||20180622133129.224+0200|&#xD;&#xA;&#x9;&#x9;OBX|22|CWE|67305459^NOM_NEW^MDC^^^^^^testLabelNum9|1.1.1.41|1076297727^NEW_PARAM^MDIL^^^^^^NewEnum||||||R|||20180622133129.224+0200|&#xD;&#xA;&#x9;&#x9;OBX|23|CWE|67305458^NOM_NEW^MDC^^^^^^testLabelNum10|1.1.1.41|NAN^NEW_PARAM^MDIL^^^^^^NewEnum2||||||R|||20180622133129.224+0200|&#xD;&#xA;&#x9;&#x9;OBX|24|CWE|67305458^NOM_NEW^MDC^^^^^^testLabelNum11|1.1.1.41|1076297727^NEW_PARAM^MDIL^^^^^^機器情報||||||R|||20180622133129.224+0200|,8,False,,VolView,0,,UpdPeriodic,True,,,False,)" classname="Philips.PMP.Test.Auto.IheMetricDataHandlerTest" time="0.003" status="1" />
    <testcase name="IHEMetricDataHandlerTest (CapsuleMDIP,MSH|^~\&amp;|||||20220720013516.038-0400||ORU^R01^ORU_R01|HP0720013516.038PHMXL02238QJ322|P|2.6|||AL|NE||8859/1|EN^English^ISO639||IHE_PCD_001^IHE PCD^1.3.6.1.4.1.19376.1.6.1.1.1^ISO|&#xD;&#xA;&#x9;&#x9;PID|1||&quot;^^^Philips^MR||&quot;^&quot;^&quot;^^^^L||20050415000000.000+0200|F|||||||FRENCH|||PID18|&#xD;&#xA;&#x9;&#x9;PV1|2|I|{uniqueId}|1|&#xD;&#xA;&#x9;&#x9;OBR|||0009fbFFFF07f06a^^^EUI-64|69669^MDC_DEV_ANALY_CARD_OUTPUT_MDS^MDC|||20220720013513.935-0400|||ABC-123|||ABC-123|||||||| BaxterIFMout_5.3.5_EV1000_Baxter_XYZ456&#xD;&#xA;&#x9;&#x9;OBX|4||69669^NOM_DEV_ANALY_CARD_OUTPUT_MDS^MDC|1.0.0.0|||||||X|||||||718cbcf4-c374-4c31-9041-6cbd3c46aeaf-Edwards EV1000&#xD;&#xA;&#x9;&#x9;OBX|5||69670^NOM_DEV_ANALY_CARD_OUTPUT_VMD^MDC|1.1.0.0|||||||X|||||||&#xD;&#xA;&#x9;&#x9;OBX|6||69671^MDC_NOM_DEV_ANALY_CARD_OUTPUT_CHAN^MDC|1.1.1.0|||||||X|&#xD;&#xA;&#x9;&#x9;OBX|7|CWE|12345678^UNKNOWN^UNKNOWN^^^^^^tMode|1.1.1.41|1076259847^NLS_DRV_ED711_ENUM_VV_SENSOR^MDC^^^^^^VolView||||||R|||20180622133129.224+0200|&#xD;&#xA;&#x9;&#x9;OBX|8|CWE|67303669^NOM_SETT_MODE_MSMT^MDC^^^^^^sMode|1.1.1.41|1076259847^NLS_DRV_ED711_ENUM_VV_SENSOR^MDC^^^^^^VolView||||||R||SETTING|20180622133304.394+0200|||||&#xD;&#xA;&#x9;&#x9;OBX|9|CWE|67305467^NOM_SETT_MODE_MSMT^MDC^^^^^^testLabelEnum|1.1.1.41|1076259847^NLS_DRV_ED711_ENUM_VV_SENSOR^MDC^^^^^^VolView||||||R|||20180622133129.224+0200|&#xD;&#xA;&#x9;&#x9;OBX|10|CWE|67305468^NOM_NEW^MDC^^^^^^sMode|1.1.1.41|1076259847^NLS_DRV_ED711_ENUM_VV_SENSOR^CAPSULE^^^^^^VolView||||||R|||20180622133129.224+0200|&#xD;&#xA;&#x9;&#x9;OBX|11|CWE|67305469^NOM_NEW^MDC^^^^^^sMode|1.1.1.41|1076297727^UNKNOWN^UNKNOWN^^^^^^VolView||||||R|||20180622133129.224+0200|&#xD;&#xA;&#x9;&#x9;OBX|12|ST|67293194^NOM_SETT_DRUG_NAME_TYPE^MDC|1.4.1.5|RandomDrug||||||R||&#xD;&#xA;&#x9;&#x9;OBX|13|NM|67305466^NOM_NEW^MDC^^^^^^testLabelNum|1.1.1.41|100|262656^MDC_DIM_DIMLESS^MDC|||||R|||20180622133129.224+0200|&#xD;&#xA;&#x9;&#x9;OBX|14|NM|67305465^NOM_NEW^UNKNOWN^^^^^^testLabelNum2|1.1.1.41|100|262656^MDC_DIM_DIMLESS^MDC|||||R|||20180622133129.224+0200|&#xD;&#xA;&#x9;&#x9;OBX|15|NM|67305464^NOM_NEW^MDC^^^^^^testLabelNum3|1.1.1.41|100|262656^MDC_DIM_DIMLESS^MDC|||||R|||20180622133129.224+0200|&#xD;&#xA;&#x9;&#x9;OBX|16|NM|67305463^NOM_NEW^MDC^^^^^^testLabelNum4|1.1.1.41|100|262656^MDC_DIM_DIMLESS^UNKNOWN|||||R|||20180622133129.224+0200|&#xD;&#xA;&#x9;&#x9;OBX|17|NM|67305462^NOM_NEW^MDC^^^^^^testLabelNum5|1.1.1.41|100.0|327679^MDC_DIM_DIMLESS^MDIL^^^^^^NewUnit|||||R|||20180622133129.224+0200|&#xD;&#xA;&#x9;&#x9;OBX|18|NM|67305461^NOM_NEW^MDC^^^^^^testLabelNum6|1.1.1.41|100.00|327679^MDC_DIM_DIMLESS^MDIL^^^^^^NewUnit|||||R||APERIODIC|20180622133129.224+0200|&#xD;&#xA;&#x9;&#x9;OBX|19|CE|67305460^NOM_NEW^MDC^^^^^^testLabelNum7|1.1.1.41|100.00|327679^MDC_DIM_DIMLESS^MDIL^^^^^^NewUnit|||||R|||20180622133129.224+0200|&#xD;&#xA;&#x9;&#x9;OBX|20|NM|NAN^NOM_NEW^MDC^^^^^^testLabelNum8|1.1.1.41|100.00|327679^MDC_DIM_DIMLESS^MDIL^^^^^^NewUnit|||||R|||20180622133129.224+0200|&#xD;&#xA;&#x9;&#x9;OBX|21|CWE|67305468^NOM_NEW^MDC^^^^^^sMode|1.1.1.41|NAN^NLS_DRV_ED711_ENUM_VV_SENSOR^CAPSULE^^^^^^VolView||||||R|||20180622133129.224+0200|&#xD;&#xA;&#x9;&#x9;OBX|22|CWE|67305459^NOM_NEW^MDC^^^^^^testLabelNum9|1.1.1.41|1076297727^NEW_PARAM^MDIL^^^^^^NewEnum||||||R|||20180622133129.224+0200|&#xD;&#xA;&#x9;&#x9;OBX|23|CWE|67305458^NOM_NEW^MDC^^^^^^testLabelNum10|1.1.1.41|NAN^NEW_PARAM^MDIL^^^^^^NewEnum2||||||R|||20180622133129.224+0200|&#xD;&#xA;&#x9;&#x9;OBX|24|CWE|67305458^NOM_NEW^MDC^^^^^^testLabelNum11|1.1.1.41|1076297727^NEW_PARAM^MDIL^^^^^^機器情報||||||R|||20180622133129.224+0200|,8,False,,WrongValue,0,,UpdPeriodic,False,,,False,20190622133304.394+0200)" classname="Philips.PMP.Test.Auto.IheMetricDataHandlerTest" time="0.003" status="1" />
    <testcase name="IHEMetricDataHandlerTest (CapsuleMDIP,MSH|^~\&amp;|||||20220720013516.038-0400||ORU^R01^ORU_R01|HP0720013516.038PHMXL02238QJ322|P|2.6|||AL|NE||8859/1|EN^English^ISO639||IHE_PCD_001^IHE PCD^1.3.6.1.4.1.19376.1.6.1.1.1^ISO|&#xD;&#xA;&#x9;&#x9;PID|1||&quot;^^^Philips^MR||&quot;^&quot;^&quot;^^^^L||20050415000000.000+0200|F|||||||FRENCH|||PID18|&#xD;&#xA;&#x9;&#x9;PV1|2|I|{uniqueId}|1|&#xD;&#xA;&#x9;&#x9;OBR|||0009fbFFFF07f06a^^^EUI-64|69669^MDC_DEV_ANALY_CARD_OUTPUT_MDS^MDC|||20220720013513.935-0400|||ABC-123|||ABC-123|||||||| BaxterIFMout_5.3.5_EV1000_Baxter_XYZ456&#xD;&#xA;&#x9;&#x9;OBX|4||69669^NOM_DEV_ANALY_CARD_OUTPUT_MDS^MDC|1.0.0.0|||||||X|||||||718cbcf4-c374-4c31-9041-6cbd3c46aeaf-Edwards EV1000&#xD;&#xA;&#x9;&#x9;OBX|5||69670^NOM_DEV_ANALY_CARD_OUTPUT_VMD^MDC|1.1.0.0|||||||X|||||||&#xD;&#xA;&#x9;&#x9;OBX|6||69671^MDC_NOM_DEV_ANALY_CARD_OUTPUT_CHAN^MDC|1.1.1.0|||||||X|&#xD;&#xA;&#x9;&#x9;OBX|7|CWE|12345678^UNKNOWN^UNKNOWN^^^^^^tMode|1.1.1.41|1076259847^NLS_DRV_ED711_ENUM_VV_SENSOR^MDC^^^^^^VolView||||||R|||20180622133129.224+0200|&#xD;&#xA;&#x9;&#x9;OBX|8|CWE|67303669^NOM_SETT_MODE_MSMT^MDC^^^^^^sMode|1.1.1.41|1076259847^NLS_DRV_ED711_ENUM_VV_SENSOR^MDC^^^^^^VolView||||||R||SETTING|20180622133304.394+0200|||||&#xD;&#xA;&#x9;&#x9;OBX|9|CWE|67305467^NOM_SETT_MODE_MSMT^MDC^^^^^^testLabelEnum|1.1.1.41|1076259847^NLS_DRV_ED711_ENUM_VV_SENSOR^MDC^^^^^^VolView||||||R|||20180622133129.224+0200|&#xD;&#xA;&#x9;&#x9;OBX|10|CWE|67305468^NOM_NEW^MDC^^^^^^sMode|1.1.1.41|1076259847^NLS_DRV_ED711_ENUM_VV_SENSOR^CAPSULE^^^^^^VolView||||||R|||20180622133129.224+0200|&#xD;&#xA;&#x9;&#x9;OBX|11|CWE|67305469^NOM_NEW^MDC^^^^^^sMode|1.1.1.41|1076297727^UNKNOWN^UNKNOWN^^^^^^VolView||||||R|||20180622133129.224+0200|&#xD;&#xA;&#x9;&#x9;OBX|12|ST|67293194^NOM_SETT_DRUG_NAME_TYPE^MDC|1.4.1.5|RandomDrug||||||R||&#xD;&#xA;&#x9;&#x9;OBX|13|NM|67305466^NOM_NEW^MDC^^^^^^testLabelNum|1.1.1.41|100|262656^MDC_DIM_DIMLESS^MDC|||||R|||20180622133129.224+0200|&#xD;&#xA;&#x9;&#x9;OBX|14|NM|67305465^NOM_NEW^UNKNOWN^^^^^^testLabelNum2|1.1.1.41|100|262656^MDC_DIM_DIMLESS^MDC|||||R|||20180622133129.224+0200|&#xD;&#xA;&#x9;&#x9;OBX|15|NM|67305464^NOM_NEW^MDC^^^^^^testLabelNum3|1.1.1.41|100|262656^MDC_DIM_DIMLESS^MDC|||||R|||20180622133129.224+0200|&#xD;&#xA;&#x9;&#x9;OBX|16|NM|67305463^NOM_NEW^MDC^^^^^^testLabelNum4|1.1.1.41|100|262656^MDC_DIM_DIMLESS^UNKNOWN|||||R|||20180622133129.224+0200|&#xD;&#xA;&#x9;&#x9;OBX|17|NM|67305462^NOM_NEW^MDC^^^^^^testLabelNum5|1.1.1.41|100.0|327679^MDC_DIM_DIMLESS^MDIL^^^^^^NewUnit|||||R|||20180622133129.224+0200|&#xD;&#xA;&#x9;&#x9;OBX|18|NM|67305461^NOM_NEW^MDC^^^^^^testLabelNum6|1.1.1.41|100.00|327679^MDC_DIM_DIMLESS^MDIL^^^^^^NewUnit|||||R||APERIODIC|20180622133129.224+0200|&#xD;&#xA;&#x9;&#x9;OBX|19|CE|67305460^NOM_NEW^MDC^^^^^^testLabelNum7|1.1.1.41|100.00|327679^MDC_DIM_DIMLESS^MDIL^^^^^^NewUnit|||||R|||20180622133129.224+0200|&#xD;&#xA;&#x9;&#x9;OBX|20|NM|NAN^NOM_NEW^MDC^^^^^^testLabelNum8|1.1.1.41|100.00|327679^MDC_DIM_DIMLESS^MDIL^^^^^^NewUnit|||||R|||20180622133129.224+0200|&#xD;&#xA;&#x9;&#x9;OBX|21|CWE|67305468^NOM_NEW^MDC^^^^^^sMode|1.1.1.41|NAN^NLS_DRV_ED711_ENUM_VV_SENSOR^CAPSULE^^^^^^VolView||||||R|||20180622133129.224+0200|&#xD;&#xA;&#x9;&#x9;OBX|22|CWE|67305459^NOM_NEW^MDC^^^^^^testLabelNum9|1.1.1.41|1076297727^NEW_PARAM^MDIL^^^^^^NewEnum||||||R|||20180622133129.224+0200|&#xD;&#xA;&#x9;&#x9;OBX|23|CWE|67305458^NOM_NEW^MDC^^^^^^testLabelNum10|1.1.1.41|NAN^NEW_PARAM^MDIL^^^^^^NewEnum2||||||R|||20180622133129.224+0200|&#xD;&#xA;&#x9;&#x9;OBX|24|CWE|67305458^NOM_NEW^MDC^^^^^^testLabelNum11|1.1.1.41|1076297727^NEW_PARAM^MDIL^^^^^^機器情報||||||R|||20180622133129.224+0200|,9,False,testLabelEnum,VolView,0,,UpdPeriodic,True,,,False,)" classname="Philips.PMP.Test.Auto.IheMetricDataHandlerTest" time="0.002" status="1" />
    <testcase name="IHEMetricDataHandlerTest (CapsuleMDIP,MSH|^~\&amp;|||||20220720013516.038-0400||ORU^R01^ORU_R01|HP0720013516.038PHMXL02238QJ322|P|2.6|||AL|NE||8859/1|EN^English^ISO639||IHE_PCD_001^IHE PCD^1.3.6.1.4.1.19376.1.6.1.1.1^ISO|&#xD;&#xA;&#x9;&#x9;PID|1||&quot;^^^Philips^MR||&quot;^&quot;^&quot;^^^^L||20050415000000.000+0200|F|||||||FRENCH|||PID18|&#xD;&#xA;&#x9;&#x9;PV1|2|I|{uniqueId}|1|&#xD;&#xA;&#x9;&#x9;OBR|||0009fbFFFF07f06a^^^EUI-64|69669^MDC_DEV_ANALY_CARD_OUTPUT_MDS^MDC|||20220720013513.935-0400|||ABC-123|||ABC-123|||||||| BaxterIFMout_5.3.5_EV1000_Baxter_XYZ456&#xD;&#xA;&#x9;&#x9;OBX|4||69669^NOM_DEV_ANALY_CARD_OUTPUT_MDS^MDC|1.0.0.0|||||||X|||||||718cbcf4-c374-4c31-9041-6cbd3c46aeaf-Edwards EV1000&#xD;&#xA;&#x9;&#x9;OBX|5||69670^NOM_DEV_ANALY_CARD_OUTPUT_VMD^MDC|1.1.0.0|||||||X|||||||&#xD;&#xA;&#x9;&#x9;OBX|6||69671^MDC_NOM_DEV_ANALY_CARD_OUTPUT_CHAN^MDC|1.1.1.0|||||||X|&#xD;&#xA;&#x9;&#x9;OBX|7|CWE|12345678^UNKNOWN^UNKNOWN^^^^^^tMode|1.1.1.41|1076259847^NLS_DRV_ED711_ENUM_VV_SENSOR^MDC^^^^^^VolView||||||R|||20180622133129.224+0200|&#xD;&#xA;&#x9;&#x9;OBX|8|CWE|67303669^NOM_SETT_MODE_MSMT^MDC^^^^^^sMode|1.1.1.41|1076259847^NLS_DRV_ED711_ENUM_VV_SENSOR^MDC^^^^^^VolView||||||R||SETTING|20180622133304.394+0200|||||&#xD;&#xA;&#x9;&#x9;OBX|9|CWE|67305467^NOM_SETT_MODE_MSMT^MDC^^^^^^testLabelEnum|1.1.1.41|1076259847^NLS_DRV_ED711_ENUM_VV_SENSOR^MDC^^^^^^VolView||||||R|||20180622133129.224+0200|&#xD;&#xA;&#x9;&#x9;OBX|10|CWE|67305468^NOM_NEW^MDC^^^^^^sMode|1.1.1.41|1076259847^NLS_DRV_ED711_ENUM_VV_SENSOR^CAPSULE^^^^^^VolView||||||R|||20180622133129.224+0200|&#xD;&#xA;&#x9;&#x9;OBX|11|CWE|67305469^NOM_NEW^MDC^^^^^^sMode|1.1.1.41|1076297727^UNKNOWN^UNKNOWN^^^^^^VolView||||||R|||20180622133129.224+0200|&#xD;&#xA;&#x9;&#x9;OBX|12|ST|67293194^NOM_SETT_DRUG_NAME_TYPE^MDC|1.4.1.5|RandomDrug||||||R||&#xD;&#xA;&#x9;&#x9;OBX|13|NM|67305466^NOM_NEW^MDC^^^^^^testLabelNum|1.1.1.41|100|262656^MDC_DIM_DIMLESS^MDC|||||R|||20180622133129.224+0200|&#xD;&#xA;&#x9;&#x9;OBX|14|NM|67305465^NOM_NEW^UNKNOWN^^^^^^testLabelNum2|1.1.1.41|100|262656^MDC_DIM_DIMLESS^MDC|||||R|||20180622133129.224+0200|&#xD;&#xA;&#x9;&#x9;OBX|15|NM|67305464^NOM_NEW^MDC^^^^^^testLabelNum3|1.1.1.41|100|262656^MDC_DIM_DIMLESS^MDC|||||R|||20180622133129.224+0200|&#xD;&#xA;&#x9;&#x9;OBX|16|NM|67305463^NOM_NEW^MDC^^^^^^testLabelNum4|1.1.1.41|100|262656^MDC_DIM_DIMLESS^UNKNOWN|||||R|||20180622133129.224+0200|&#xD;&#xA;&#x9;&#x9;OBX|17|NM|67305462^NOM_NEW^MDC^^^^^^testLabelNum5|1.1.1.41|100.0|327679^MDC_DIM_DIMLESS^MDIL^^^^^^NewUnit|||||R|||20180622133129.224+0200|&#xD;&#xA;&#x9;&#x9;OBX|18|NM|67305461^NOM_NEW^MDC^^^^^^testLabelNum6|1.1.1.41|100.00|327679^MDC_DIM_DIMLESS^MDIL^^^^^^NewUnit|||||R||APERIODIC|20180622133129.224+0200|&#xD;&#xA;&#x9;&#x9;OBX|19|CE|67305460^NOM_NEW^MDC^^^^^^testLabelNum7|1.1.1.41|100.00|327679^MDC_DIM_DIMLESS^MDIL^^^^^^NewUnit|||||R|||20180622133129.224+0200|&#xD;&#xA;&#x9;&#x9;OBX|20|NM|NAN^NOM_NEW^MDC^^^^^^testLabelNum8|1.1.1.41|100.00|327679^MDC_DIM_DIMLESS^MDIL^^^^^^NewUnit|||||R|||20180622133129.224+0200|&#xD;&#xA;&#x9;&#x9;OBX|21|CWE|67305468^NOM_NEW^MDC^^^^^^sMode|1.1.1.41|NAN^NLS_DRV_ED711_ENUM_VV_SENSOR^CAPSULE^^^^^^VolView||||||R|||20180622133129.224+0200|&#xD;&#xA;&#x9;&#x9;OBX|22|CWE|67305459^NOM_NEW^MDC^^^^^^testLabelNum9|1.1.1.41|1076297727^NEW_PARAM^MDIL^^^^^^NewEnum||||||R|||20180622133129.224+0200|&#xD;&#xA;&#x9;&#x9;OBX|23|CWE|67305458^NOM_NEW^MDC^^^^^^testLabelNum10|1.1.1.41|NAN^NEW_PARAM^MDIL^^^^^^NewEnum2||||||R|||20180622133129.224+0200|&#xD;&#xA;&#x9;&#x9;OBX|24|CWE|67305458^NOM_NEW^MDC^^^^^^testLabelNum11|1.1.1.41|1076297727^NEW_PARAM^MDIL^^^^^^機器情報||||||R|||20180622133129.224+0200|,10,False,sMode,,0,,UpdPeriodic,True,,,False,)" classname="Philips.PMP.Test.Auto.IheMetricDataHandlerTest" time="0.001" status="1" />
    <testcase name="IHEMetricDataHandlerTest (CapsuleMDIP,MSH|^~\&amp;|||||20220720013516.038-0400||ORU^R01^ORU_R01|HP0720013516.038PHMXL02238QJ322|P|2.6|||AL|NE||8859/1|EN^English^ISO639||IHE_PCD_001^IHE PCD^1.3.6.1.4.1.19376.1.6.1.1.1^ISO|&#xD;&#xA;&#x9;&#x9;PID|1||&quot;^^^Philips^MR||&quot;^&quot;^&quot;^^^^L||20050415000000.000+0200|F|||||||FRENCH|||PID18|&#xD;&#xA;&#x9;&#x9;PV1|2|I|{uniqueId}|1|&#xD;&#xA;&#x9;&#x9;OBR|||0009fbFFFF07f06a^^^EUI-64|69669^MDC_DEV_ANALY_CARD_OUTPUT_MDS^MDC|||20220720013513.935-0400|||ABC-123|||ABC-123|||||||| BaxterIFMout_5.3.5_EV1000_Baxter_XYZ456&#xD;&#xA;&#x9;&#x9;OBX|4||69669^NOM_DEV_ANALY_CARD_OUTPUT_MDS^MDC|1.0.0.0|||||||X|||||||718cbcf4-c374-4c31-9041-6cbd3c46aeaf-Edwards EV1000&#xD;&#xA;&#x9;&#x9;OBX|5||69670^NOM_DEV_ANALY_CARD_OUTPUT_VMD^MDC|1.1.0.0|||||||X|||||||&#xD;&#xA;&#x9;&#x9;OBX|6||69671^MDC_NOM_DEV_ANALY_CARD_OUTPUT_CHAN^MDC|1.1.1.0|||||||X|&#xD;&#xA;&#x9;&#x9;OBX|7|CWE|12345678^UNKNOWN^UNKNOWN^^^^^^tMode|1.1.1.41|1076259847^NLS_DRV_ED711_ENUM_VV_SENSOR^MDC^^^^^^VolView||||||R|||20180622133129.224+0200|&#xD;&#xA;&#x9;&#x9;OBX|8|CWE|67303669^NOM_SETT_MODE_MSMT^MDC^^^^^^sMode|1.1.1.41|1076259847^NLS_DRV_ED711_ENUM_VV_SENSOR^MDC^^^^^^VolView||||||R||SETTING|20180622133304.394+0200|||||&#xD;&#xA;&#x9;&#x9;OBX|9|CWE|67305467^NOM_SETT_MODE_MSMT^MDC^^^^^^testLabelEnum|1.1.1.41|1076259847^NLS_DRV_ED711_ENUM_VV_SENSOR^MDC^^^^^^VolView||||||R|||20180622133129.224+0200|&#xD;&#xA;&#x9;&#x9;OBX|10|CWE|67305468^NOM_NEW^MDC^^^^^^sMode|1.1.1.41|1076259847^NLS_DRV_ED711_ENUM_VV_SENSOR^CAPSULE^^^^^^VolView||||||R|||20180622133129.224+0200|&#xD;&#xA;&#x9;&#x9;OBX|11|CWE|67305469^NOM_NEW^MDC^^^^^^sMode|1.1.1.41|1076297727^UNKNOWN^UNKNOWN^^^^^^VolView||||||R|||20180622133129.224+0200|&#xD;&#xA;&#x9;&#x9;OBX|12|ST|67293194^NOM_SETT_DRUG_NAME_TYPE^MDC|1.4.1.5|RandomDrug||||||R||&#xD;&#xA;&#x9;&#x9;OBX|13|NM|67305466^NOM_NEW^MDC^^^^^^testLabelNum|1.1.1.41|100|262656^MDC_DIM_DIMLESS^MDC|||||R|||20180622133129.224+0200|&#xD;&#xA;&#x9;&#x9;OBX|14|NM|67305465^NOM_NEW^UNKNOWN^^^^^^testLabelNum2|1.1.1.41|100|262656^MDC_DIM_DIMLESS^MDC|||||R|||20180622133129.224+0200|&#xD;&#xA;&#x9;&#x9;OBX|15|NM|67305464^NOM_NEW^MDC^^^^^^testLabelNum3|1.1.1.41|100|262656^MDC_DIM_DIMLESS^MDC|||||R|||20180622133129.224+0200|&#xD;&#xA;&#x9;&#x9;OBX|16|NM|67305463^NOM_NEW^MDC^^^^^^testLabelNum4|1.1.1.41|100|262656^MDC_DIM_DIMLESS^UNKNOWN|||||R|||20180622133129.224+0200|&#xD;&#xA;&#x9;&#x9;OBX|17|NM|67305462^NOM_NEW^MDC^^^^^^testLabelNum5|1.1.1.41|100.0|327679^MDC_DIM_DIMLESS^MDIL^^^^^^NewUnit|||||R|||20180622133129.224+0200|&#xD;&#xA;&#x9;&#x9;OBX|18|NM|67305461^NOM_NEW^MDC^^^^^^testLabelNum6|1.1.1.41|100.00|327679^MDC_DIM_DIMLESS^MDIL^^^^^^NewUnit|||||R||APERIODIC|20180622133129.224+0200|&#xD;&#xA;&#x9;&#x9;OBX|19|CE|67305460^NOM_NEW^MDC^^^^^^testLabelNum7|1.1.1.41|100.00|327679^MDC_DIM_DIMLESS^MDIL^^^^^^NewUnit|||||R|||20180622133129.224+0200|&#xD;&#xA;&#x9;&#x9;OBX|20|NM|NAN^NOM_NEW^MDC^^^^^^testLabelNum8|1.1.1.41|100.00|327679^MDC_DIM_DIMLESS^MDIL^^^^^^NewUnit|||||R|||20180622133129.224+0200|&#xD;&#xA;&#x9;&#x9;OBX|21|CWE|67305468^NOM_NEW^MDC^^^^^^sMode|1.1.1.41|NAN^NLS_DRV_ED711_ENUM_VV_SENSOR^CAPSULE^^^^^^VolView||||||R|||20180622133129.224+0200|&#xD;&#xA;&#x9;&#x9;OBX|22|CWE|67305459^NOM_NEW^MDC^^^^^^testLabelNum9|1.1.1.41|1076297727^NEW_PARAM^MDIL^^^^^^NewEnum||||||R|||20180622133129.224+0200|&#xD;&#xA;&#x9;&#x9;OBX|23|CWE|67305458^NOM_NEW^MDC^^^^^^testLabelNum10|1.1.1.41|NAN^NEW_PARAM^MDIL^^^^^^NewEnum2||||||R|||20180622133129.224+0200|&#xD;&#xA;&#x9;&#x9;OBX|24|CWE|67305458^NOM_NEW^MDC^^^^^^testLabelNum11|1.1.1.41|1076297727^NEW_PARAM^MDIL^^^^^^機器情報||||||R|||20180622133129.224+0200|,10,False,sMode,VolView,0,,UpdPeriodic,False,,,False,)" classname="Philips.PMP.Test.Auto.IheMetricDataHandlerTest" time="0.001" status="1" />
    <testcase name="IHEMetricDataHandlerTest (CapsuleMDIP,MSH|^~\&amp;|||||20220720013516.038-0400||ORU^R01^ORU_R01|HP0720013516.038PHMXL02238QJ322|P|2.6|||AL|NE||8859/1|EN^English^ISO639||IHE_PCD_001^IHE PCD^1.3.6.1.4.1.19376.1.6.1.1.1^ISO|&#xD;&#xA;&#x9;&#x9;PID|1||&quot;^^^Philips^MR||&quot;^&quot;^&quot;^^^^L||20050415000000.000+0200|F|||||||FRENCH|||PID18|&#xD;&#xA;&#x9;&#x9;PV1|2|I|{uniqueId}|1|&#xD;&#xA;&#x9;&#x9;OBR|||0009fbFFFF07f06a^^^EUI-64|69669^MDC_DEV_ANALY_CARD_OUTPUT_MDS^MDC|||20220720013513.935-0400|||ABC-123|||ABC-123|||||||| BaxterIFMout_5.3.5_EV1000_Baxter_XYZ456&#xD;&#xA;&#x9;&#x9;OBX|4||69669^NOM_DEV_ANALY_CARD_OUTPUT_MDS^MDC|1.0.0.0|||||||X|||||||718cbcf4-c374-4c31-9041-6cbd3c46aeaf-Edwards EV1000&#xD;&#xA;&#x9;&#x9;OBX|5||69670^NOM_DEV_ANALY_CARD_OUTPUT_VMD^MDC|1.1.0.0|||||||X|||||||&#xD;&#xA;&#x9;&#x9;OBX|6||69671^MDC_NOM_DEV_ANALY_CARD_OUTPUT_CHAN^MDC|1.1.1.0|||||||X|&#xD;&#xA;&#x9;&#x9;OBX|7|CWE|12345678^UNKNOWN^UNKNOWN^^^^^^tMode|1.1.1.41|1076259847^NLS_DRV_ED711_ENUM_VV_SENSOR^MDC^^^^^^VolView||||||R|||20180622133129.224+0200|&#xD;&#xA;&#x9;&#x9;OBX|8|CWE|67303669^NOM_SETT_MODE_MSMT^MDC^^^^^^sMode|1.1.1.41|1076259847^NLS_DRV_ED711_ENUM_VV_SENSOR^MDC^^^^^^VolView||||||R||SETTING|20180622133304.394+0200|||||&#xD;&#xA;&#x9;&#x9;OBX|9|CWE|67305467^NOM_SETT_MODE_MSMT^MDC^^^^^^testLabelEnum|1.1.1.41|1076259847^NLS_DRV_ED711_ENUM_VV_SENSOR^MDC^^^^^^VolView||||||R|||20180622133129.224+0200|&#xD;&#xA;&#x9;&#x9;OBX|10|CWE|67305468^NOM_NEW^MDC^^^^^^sMode|1.1.1.41|1076259847^NLS_DRV_ED711_ENUM_VV_SENSOR^CAPSULE^^^^^^VolView||||||R|||20180622133129.224+0200|&#xD;&#xA;&#x9;&#x9;OBX|11|CWE|67305469^NOM_NEW^MDC^^^^^^sMode|1.1.1.41|1076297727^UNKNOWN^UNKNOWN^^^^^^VolView||||||R|||20180622133129.224+0200|&#xD;&#xA;&#x9;&#x9;OBX|12|ST|67293194^NOM_SETT_DRUG_NAME_TYPE^MDC|1.4.1.5|RandomDrug||||||R||&#xD;&#xA;&#x9;&#x9;OBX|13|NM|67305466^NOM_NEW^MDC^^^^^^testLabelNum|1.1.1.41|100|262656^MDC_DIM_DIMLESS^MDC|||||R|||20180622133129.224+0200|&#xD;&#xA;&#x9;&#x9;OBX|14|NM|67305465^NOM_NEW^UNKNOWN^^^^^^testLabelNum2|1.1.1.41|100|262656^MDC_DIM_DIMLESS^MDC|||||R|||20180622133129.224+0200|&#xD;&#xA;&#x9;&#x9;OBX|15|NM|67305464^NOM_NEW^MDC^^^^^^testLabelNum3|1.1.1.41|100|262656^MDC_DIM_DIMLESS^MDC|||||R|||20180622133129.224+0200|&#xD;&#xA;&#x9;&#x9;OBX|16|NM|67305463^NOM_NEW^MDC^^^^^^testLabelNum4|1.1.1.41|100|262656^MDC_DIM_DIMLESS^UNKNOWN|||||R|||20180622133129.224+0200|&#xD;&#xA;&#x9;&#x9;OBX|17|NM|67305462^NOM_NEW^MDC^^^^^^testLabelNum5|1.1.1.41|100.0|327679^MDC_DIM_DIMLESS^MDIL^^^^^^NewUnit|||||R|||20180622133129.224+0200|&#xD;&#xA;&#x9;&#x9;OBX|18|NM|67305461^NOM_NEW^MDC^^^^^^testLabelNum6|1.1.1.41|100.00|327679^MDC_DIM_DIMLESS^MDIL^^^^^^NewUnit|||||R||APERIODIC|20180622133129.224+0200|&#xD;&#xA;&#x9;&#x9;OBX|19|CE|67305460^NOM_NEW^MDC^^^^^^testLabelNum7|1.1.1.41|100.00|327679^MDC_DIM_DIMLESS^MDIL^^^^^^NewUnit|||||R|||20180622133129.224+0200|&#xD;&#xA;&#x9;&#x9;OBX|20|NM|NAN^NOM_NEW^MDC^^^^^^testLabelNum8|1.1.1.41|100.00|327679^MDC_DIM_DIMLESS^MDIL^^^^^^NewUnit|||||R|||20180622133129.224+0200|&#xD;&#xA;&#x9;&#x9;OBX|21|CWE|67305468^NOM_NEW^MDC^^^^^^sMode|1.1.1.41|NAN^NLS_DRV_ED711_ENUM_VV_SENSOR^CAPSULE^^^^^^VolView||||||R|||20180622133129.224+0200|&#xD;&#xA;&#x9;&#x9;OBX|22|CWE|67305459^NOM_NEW^MDC^^^^^^testLabelNum9|1.1.1.41|1076297727^NEW_PARAM^MDIL^^^^^^NewEnum||||||R|||20180622133129.224+0200|&#xD;&#xA;&#x9;&#x9;OBX|23|CWE|67305458^NOM_NEW^MDC^^^^^^testLabelNum10|1.1.1.41|NAN^NEW_PARAM^MDIL^^^^^^NewEnum2||||||R|||20180622133129.224+0200|&#xD;&#xA;&#x9;&#x9;OBX|24|CWE|67305458^NOM_NEW^MDC^^^^^^testLabelNum11|1.1.1.41|1076297727^NEW_PARAM^MDIL^^^^^^機器情報||||||R|||20180622133129.224+0200|,11,False,sMode,VolView,0,,UpdPeriodic,False,,,False,)" classname="Philips.PMP.Test.Auto.IheMetricDataHandlerTest" time="0.001" status="1" />
    <testcase name="IHEMetricDataHandlerTest (CapsuleMDIP,MSH|^~\&amp;|||||20220720013516.038-0400||ORU^R01^ORU_R01|HP0720013516.038PHMXL02238QJ322|P|2.6|||AL|NE||8859/1|EN^English^ISO639||IHE_PCD_001^IHE PCD^1.3.6.1.4.1.19376.1.6.1.1.1^ISO|&#xD;&#xA;&#x9;&#x9;PID|1||&quot;^^^Philips^MR||&quot;^&quot;^&quot;^^^^L||20050415000000.000+0200|F|||||||FRENCH|||PID18|&#xD;&#xA;&#x9;&#x9;PV1|2|I|{uniqueId}|1|&#xD;&#xA;&#x9;&#x9;OBR|||0009fbFFFF07f06a^^^EUI-64|69669^MDC_DEV_ANALY_CARD_OUTPUT_MDS^MDC|||20220720013513.935-0400|||ABC-123|||ABC-123|||||||| BaxterIFMout_5.3.5_EV1000_Baxter_XYZ456&#xD;&#xA;&#x9;&#x9;OBX|4||69669^NOM_DEV_ANALY_CARD_OUTPUT_MDS^MDC|1.0.0.0|||||||X|||||||718cbcf4-c374-4c31-9041-6cbd3c46aeaf-Edwards EV1000&#xD;&#xA;&#x9;&#x9;OBX|5||69670^NOM_DEV_ANALY_CARD_OUTPUT_VMD^MDC|1.1.0.0|||||||X|||||||&#xD;&#xA;&#x9;&#x9;OBX|6||69671^MDC_NOM_DEV_ANALY_CARD_OUTPUT_CHAN^MDC|1.1.1.0|||||||X|&#xD;&#xA;&#x9;&#x9;OBX|7|CWE|12345678^UNKNOWN^UNKNOWN^^^^^^tMode|1.1.1.41|1076259847^NLS_DRV_ED711_ENUM_VV_SENSOR^MDC^^^^^^VolView||||||R|||20180622133129.224+0200|&#xD;&#xA;&#x9;&#x9;OBX|8|CWE|67303669^NOM_SETT_MODE_MSMT^MDC^^^^^^sMode|1.1.1.41|1076259847^NLS_DRV_ED711_ENUM_VV_SENSOR^MDC^^^^^^VolView||||||R||SETTING|20180622133304.394+0200|||||&#xD;&#xA;&#x9;&#x9;OBX|9|CWE|67305467^NOM_SETT_MODE_MSMT^MDC^^^^^^testLabelEnum|1.1.1.41|1076259847^NLS_DRV_ED711_ENUM_VV_SENSOR^MDC^^^^^^VolView||||||R|||20180622133129.224+0200|&#xD;&#xA;&#x9;&#x9;OBX|10|CWE|67305468^NOM_NEW^MDC^^^^^^sMode|1.1.1.41|1076259847^NLS_DRV_ED711_ENUM_VV_SENSOR^CAPSULE^^^^^^VolView||||||R|||20180622133129.224+0200|&#xD;&#xA;&#x9;&#x9;OBX|11|CWE|67305469^NOM_NEW^MDC^^^^^^sMode|1.1.1.41|1076297727^UNKNOWN^UNKNOWN^^^^^^VolView||||||R|||20180622133129.224+0200|&#xD;&#xA;&#x9;&#x9;OBX|12|ST|67293194^NOM_SETT_DRUG_NAME_TYPE^MDC|1.4.1.5|RandomDrug||||||R||&#xD;&#xA;&#x9;&#x9;OBX|13|NM|67305466^NOM_NEW^MDC^^^^^^testLabelNum|1.1.1.41|100|262656^MDC_DIM_DIMLESS^MDC|||||R|||20180622133129.224+0200|&#xD;&#xA;&#x9;&#x9;OBX|14|NM|67305465^NOM_NEW^UNKNOWN^^^^^^testLabelNum2|1.1.1.41|100|262656^MDC_DIM_DIMLESS^MDC|||||R|||20180622133129.224+0200|&#xD;&#xA;&#x9;&#x9;OBX|15|NM|67305464^NOM_NEW^MDC^^^^^^testLabelNum3|1.1.1.41|100|262656^MDC_DIM_DIMLESS^MDC|||||R|||20180622133129.224+0200|&#xD;&#xA;&#x9;&#x9;OBX|16|NM|67305463^NOM_NEW^MDC^^^^^^testLabelNum4|1.1.1.41|100|262656^MDC_DIM_DIMLESS^UNKNOWN|||||R|||20180622133129.224+0200|&#xD;&#xA;&#x9;&#x9;OBX|17|NM|67305462^NOM_NEW^MDC^^^^^^testLabelNum5|1.1.1.41|100.0|327679^MDC_DIM_DIMLESS^MDIL^^^^^^NewUnit|||||R|||20180622133129.224+0200|&#xD;&#xA;&#x9;&#x9;OBX|18|NM|67305461^NOM_NEW^MDC^^^^^^testLabelNum6|1.1.1.41|100.00|327679^MDC_DIM_DIMLESS^MDIL^^^^^^NewUnit|||||R||APERIODIC|20180622133129.224+0200|&#xD;&#xA;&#x9;&#x9;OBX|19|CE|67305460^NOM_NEW^MDC^^^^^^testLabelNum7|1.1.1.41|100.00|327679^MDC_DIM_DIMLESS^MDIL^^^^^^NewUnit|||||R|||20180622133129.224+0200|&#xD;&#xA;&#x9;&#x9;OBX|20|NM|NAN^NOM_NEW^MDC^^^^^^testLabelNum8|1.1.1.41|100.00|327679^MDC_DIM_DIMLESS^MDIL^^^^^^NewUnit|||||R|||20180622133129.224+0200|&#xD;&#xA;&#x9;&#x9;OBX|21|CWE|67305468^NOM_NEW^MDC^^^^^^sMode|1.1.1.41|NAN^NLS_DRV_ED711_ENUM_VV_SENSOR^CAPSULE^^^^^^VolView||||||R|||20180622133129.224+0200|&#xD;&#xA;&#x9;&#x9;OBX|22|CWE|67305459^NOM_NEW^MDC^^^^^^testLabelNum9|1.1.1.41|1076297727^NEW_PARAM^MDIL^^^^^^NewEnum||||||R|||20180622133129.224+0200|&#xD;&#xA;&#x9;&#x9;OBX|23|CWE|67305458^NOM_NEW^MDC^^^^^^testLabelNum10|1.1.1.41|NAN^NEW_PARAM^MDIL^^^^^^NewEnum2||||||R|||20180622133129.224+0200|&#xD;&#xA;&#x9;&#x9;OBX|24|CWE|67305458^NOM_NEW^MDC^^^^^^testLabelNum11|1.1.1.41|1076297727^NEW_PARAM^MDIL^^^^^^機器情報||||||R|||20180622133129.224+0200|,12,False,,RandomDrug,0,,UpdPeriodic,True,,,False,)" classname="Philips.PMP.Test.Auto.IheMetricDataHandlerTest" time="0.001" status="1" />
    <testcase name="IHEMetricDataHandlerTest (CapsuleMDIP,MSH|^~\&amp;|||||20220720013516.038-0400||ORU^R01^ORU_R01|HP0720013516.038PHMXL02238QJ322|P|2.6|||AL|NE||8859/1|EN^English^ISO639||IHE_PCD_001^IHE PCD^1.3.6.1.4.1.19376.1.6.1.1.1^ISO|&#xD;&#xA;&#x9;&#x9;PID|1||&quot;^^^Philips^MR||&quot;^&quot;^&quot;^^^^L||20050415000000.000+0200|F|||||||FRENCH|||PID18|&#xD;&#xA;&#x9;&#x9;PV1|2|I|{uniqueId}|1|&#xD;&#xA;&#x9;&#x9;OBR|||0009fbFFFF07f06a^^^EUI-64|69669^MDC_DEV_ANALY_CARD_OUTPUT_MDS^MDC|||20220720013513.935-0400|||ABC-123|||ABC-123|||||||| BaxterIFMout_5.3.5_EV1000_Baxter_XYZ456&#xD;&#xA;&#x9;&#x9;OBX|4||69669^NOM_DEV_ANALY_CARD_OUTPUT_MDS^MDC|1.0.0.0|||||||X|||||||718cbcf4-c374-4c31-9041-6cbd3c46aeaf-Edwards EV1000&#xD;&#xA;&#x9;&#x9;OBX|5||69670^NOM_DEV_ANALY_CARD_OUTPUT_VMD^MDC|1.1.0.0|||||||X|||||||&#xD;&#xA;&#x9;&#x9;OBX|6||69671^MDC_NOM_DEV_ANALY_CARD_OUTPUT_CHAN^MDC|1.1.1.0|||||||X|&#xD;&#xA;&#x9;&#x9;OBX|7|CWE|12345678^UNKNOWN^UNKNOWN^^^^^^tMode|1.1.1.41|1076259847^NLS_DRV_ED711_ENUM_VV_SENSOR^MDC^^^^^^VolView||||||R|||20180622133129.224+0200|&#xD;&#xA;&#x9;&#x9;OBX|8|CWE|67303669^NOM_SETT_MODE_MSMT^MDC^^^^^^sMode|1.1.1.41|1076259847^NLS_DRV_ED711_ENUM_VV_SENSOR^MDC^^^^^^VolView||||||R||SETTING|20180622133304.394+0200|||||&#xD;&#xA;&#x9;&#x9;OBX|9|CWE|67305467^NOM_SETT_MODE_MSMT^MDC^^^^^^testLabelEnum|1.1.1.41|1076259847^NLS_DRV_ED711_ENUM_VV_SENSOR^MDC^^^^^^VolView||||||R|||20180622133129.224+0200|&#xD;&#xA;&#x9;&#x9;OBX|10|CWE|67305468^NOM_NEW^MDC^^^^^^sMode|1.1.1.41|1076259847^NLS_DRV_ED711_ENUM_VV_SENSOR^CAPSULE^^^^^^VolView||||||R|||20180622133129.224+0200|&#xD;&#xA;&#x9;&#x9;OBX|11|CWE|67305469^NOM_NEW^MDC^^^^^^sMode|1.1.1.41|1076297727^UNKNOWN^UNKNOWN^^^^^^VolView||||||R|||20180622133129.224+0200|&#xD;&#xA;&#x9;&#x9;OBX|12|ST|67293194^NOM_SETT_DRUG_NAME_TYPE^MDC|1.4.1.5|RandomDrug||||||R||&#xD;&#xA;&#x9;&#x9;OBX|13|NM|67305466^NOM_NEW^MDC^^^^^^testLabelNum|1.1.1.41|100|262656^MDC_DIM_DIMLESS^MDC|||||R|||20180622133129.224+0200|&#xD;&#xA;&#x9;&#x9;OBX|14|NM|67305465^NOM_NEW^UNKNOWN^^^^^^testLabelNum2|1.1.1.41|100|262656^MDC_DIM_DIMLESS^MDC|||||R|||20180622133129.224+0200|&#xD;&#xA;&#x9;&#x9;OBX|15|NM|67305464^NOM_NEW^MDC^^^^^^testLabelNum3|1.1.1.41|100|262656^MDC_DIM_DIMLESS^MDC|||||R|||20180622133129.224+0200|&#xD;&#xA;&#x9;&#x9;OBX|16|NM|67305463^NOM_NEW^MDC^^^^^^testLabelNum4|1.1.1.41|100|262656^MDC_DIM_DIMLESS^UNKNOWN|||||R|||20180622133129.224+0200|&#xD;&#xA;&#x9;&#x9;OBX|17|NM|67305462^NOM_NEW^MDC^^^^^^testLabelNum5|1.1.1.41|100.0|327679^MDC_DIM_DIMLESS^MDIL^^^^^^NewUnit|||||R|||20180622133129.224+0200|&#xD;&#xA;&#x9;&#x9;OBX|18|NM|67305461^NOM_NEW^MDC^^^^^^testLabelNum6|1.1.1.41|100.00|327679^MDC_DIM_DIMLESS^MDIL^^^^^^NewUnit|||||R||APERIODIC|20180622133129.224+0200|&#xD;&#xA;&#x9;&#x9;OBX|19|CE|67305460^NOM_NEW^MDC^^^^^^testLabelNum7|1.1.1.41|100.00|327679^MDC_DIM_DIMLESS^MDIL^^^^^^NewUnit|||||R|||20180622133129.224+0200|&#xD;&#xA;&#x9;&#x9;OBX|20|NM|NAN^NOM_NEW^MDC^^^^^^testLabelNum8|1.1.1.41|100.00|327679^MDC_DIM_DIMLESS^MDIL^^^^^^NewUnit|||||R|||20180622133129.224+0200|&#xD;&#xA;&#x9;&#x9;OBX|21|CWE|67305468^NOM_NEW^MDC^^^^^^sMode|1.1.1.41|NAN^NLS_DRV_ED711_ENUM_VV_SENSOR^CAPSULE^^^^^^VolView||||||R|||20180622133129.224+0200|&#xD;&#xA;&#x9;&#x9;OBX|22|CWE|67305459^NOM_NEW^MDC^^^^^^testLabelNum9|1.1.1.41|1076297727^NEW_PARAM^MDIL^^^^^^NewEnum||||||R|||20180622133129.224+0200|&#xD;&#xA;&#x9;&#x9;OBX|23|CWE|67305458^NOM_NEW^MDC^^^^^^testLabelNum10|1.1.1.41|NAN^NEW_PARAM^MDIL^^^^^^NewEnum2||||||R|||20180622133129.224+0200|&#xD;&#xA;&#x9;&#x9;OBX|24|CWE|67305458^NOM_NEW^MDC^^^^^^testLabelNum11|1.1.1.41|1076297727^NEW_PARAM^MDIL^^^^^^機器情報||||||R|||20180622133129.224+0200|,13,True,testLabelNum,100,262656,,UpdPeriodic,True,,,False,)" classname="Philips.PMP.Test.Auto.IheMetricDataHandlerTest" time="0.001" status="1" />
    <testcase name="IHEMetricDataHandlerTest (CapsuleMDIP,MSH|^~\&amp;|||||20220720013516.038-0400||ORU^R01^ORU_R01|HP0720013516.038PHMXL02238QJ322|P|2.6|||AL|NE||8859/1|EN^English^ISO639||IHE_PCD_001^IHE PCD^1.3.6.1.4.1.19376.1.6.1.1.1^ISO|&#xD;&#xA;&#x9;&#x9;PID|1||&quot;^^^Philips^MR||&quot;^&quot;^&quot;^^^^L||20050415000000.000+0200|F|||||||FRENCH|||PID18|&#xD;&#xA;&#x9;&#x9;PV1|2|I|{uniqueId}|1|&#xD;&#xA;&#x9;&#x9;OBR|||0009fbFFFF07f06a^^^EUI-64|69669^MDC_DEV_ANALY_CARD_OUTPUT_MDS^MDC|||20220720013513.935-0400|||ABC-123|||ABC-123|||||||| BaxterIFMout_5.3.5_EV1000_Baxter_XYZ456&#xD;&#xA;&#x9;&#x9;OBX|4||69669^NOM_DEV_ANALY_CARD_OUTPUT_MDS^MDC|1.0.0.0|||||||X|||||||718cbcf4-c374-4c31-9041-6cbd3c46aeaf-Edwards EV1000&#xD;&#xA;&#x9;&#x9;OBX|5||69670^NOM_DEV_ANALY_CARD_OUTPUT_VMD^MDC|1.1.0.0|||||||X|||||||&#xD;&#xA;&#x9;&#x9;OBX|6||69671^MDC_NOM_DEV_ANALY_CARD_OUTPUT_CHAN^MDC|1.1.1.0|||||||X|&#xD;&#xA;&#x9;&#x9;OBX|7|CWE|12345678^UNKNOWN^UNKNOWN^^^^^^tMode|1.1.1.41|1076259847^NLS_DRV_ED711_ENUM_VV_SENSOR^MDC^^^^^^VolView||||||R|||20180622133129.224+0200|&#xD;&#xA;&#x9;&#x9;OBX|8|CWE|67303669^NOM_SETT_MODE_MSMT^MDC^^^^^^sMode|1.1.1.41|1076259847^NLS_DRV_ED711_ENUM_VV_SENSOR^MDC^^^^^^VolView||||||R||SETTING|20180622133304.394+0200|||||&#xD;&#xA;&#x9;&#x9;OBX|9|CWE|67305467^NOM_SETT_MODE_MSMT^MDC^^^^^^testLabelEnum|1.1.1.41|1076259847^NLS_DRV_ED711_ENUM_VV_SENSOR^MDC^^^^^^VolView||||||R|||20180622133129.224+0200|&#xD;&#xA;&#x9;&#x9;OBX|10|CWE|67305468^NOM_NEW^MDC^^^^^^sMode|1.1.1.41|1076259847^NLS_DRV_ED711_ENUM_VV_SENSOR^CAPSULE^^^^^^VolView||||||R|||20180622133129.224+0200|&#xD;&#xA;&#x9;&#x9;OBX|11|CWE|67305469^NOM_NEW^MDC^^^^^^sMode|1.1.1.41|1076297727^UNKNOWN^UNKNOWN^^^^^^VolView||||||R|||20180622133129.224+0200|&#xD;&#xA;&#x9;&#x9;OBX|12|ST|67293194^NOM_SETT_DRUG_NAME_TYPE^MDC|1.4.1.5|RandomDrug||||||R||&#xD;&#xA;&#x9;&#x9;OBX|13|NM|67305466^NOM_NEW^MDC^^^^^^testLabelNum|1.1.1.41|100|262656^MDC_DIM_DIMLESS^MDC|||||R|||20180622133129.224+0200|&#xD;&#xA;&#x9;&#x9;OBX|14|NM|67305465^NOM_NEW^UNKNOWN^^^^^^testLabelNum2|1.1.1.41|100|262656^MDC_DIM_DIMLESS^MDC|||||R|||20180622133129.224+0200|&#xD;&#xA;&#x9;&#x9;OBX|15|NM|67305464^NOM_NEW^MDC^^^^^^testLabelNum3|1.1.1.41|100|262656^MDC_DIM_DIMLESS^MDC|||||R|||20180622133129.224+0200|&#xD;&#xA;&#x9;&#x9;OBX|16|NM|67305463^NOM_NEW^MDC^^^^^^testLabelNum4|1.1.1.41|100|262656^MDC_DIM_DIMLESS^UNKNOWN|||||R|||20180622133129.224+0200|&#xD;&#xA;&#x9;&#x9;OBX|17|NM|67305462^NOM_NEW^MDC^^^^^^testLabelNum5|1.1.1.41|100.0|327679^MDC_DIM_DIMLESS^MDIL^^^^^^NewUnit|||||R|||20180622133129.224+0200|&#xD;&#xA;&#x9;&#x9;OBX|18|NM|67305461^NOM_NEW^MDC^^^^^^testLabelNum6|1.1.1.41|100.00|327679^MDC_DIM_DIMLESS^MDIL^^^^^^NewUnit|||||R||APERIODIC|20180622133129.224+0200|&#xD;&#xA;&#x9;&#x9;OBX|19|CE|67305460^NOM_NEW^MDC^^^^^^testLabelNum7|1.1.1.41|100.00|327679^MDC_DIM_DIMLESS^MDIL^^^^^^NewUnit|||||R|||20180622133129.224+0200|&#xD;&#xA;&#x9;&#x9;OBX|20|NM|NAN^NOM_NEW^MDC^^^^^^testLabelNum8|1.1.1.41|100.00|327679^MDC_DIM_DIMLESS^MDIL^^^^^^NewUnit|||||R|||20180622133129.224+0200|&#xD;&#xA;&#x9;&#x9;OBX|21|CWE|67305468^NOM_NEW^MDC^^^^^^sMode|1.1.1.41|NAN^NLS_DRV_ED711_ENUM_VV_SENSOR^CAPSULE^^^^^^VolView||||||R|||20180622133129.224+0200|&#xD;&#xA;&#x9;&#x9;OBX|22|CWE|67305459^NOM_NEW^MDC^^^^^^testLabelNum9|1.1.1.41|1076297727^NEW_PARAM^MDIL^^^^^^NewEnum||||||R|||20180622133129.224+0200|&#xD;&#xA;&#x9;&#x9;OBX|23|CWE|67305458^NOM_NEW^MDC^^^^^^testLabelNum10|1.1.1.41|NAN^NEW_PARAM^MDIL^^^^^^NewEnum2||||||R|||20180622133129.224+0200|&#xD;&#xA;&#x9;&#x9;OBX|24|CWE|67305458^NOM_NEW^MDC^^^^^^testLabelNum11|1.1.1.41|1076297727^NEW_PARAM^MDIL^^^^^^機器情報||||||R|||20180622133129.224+0200|,14,True,testLabelNum2,100,262656,,UpdPeriodic,False,,,False,)" classname="Philips.PMP.Test.Auto.IheMetricDataHandlerTest" time="0.003" status="1" />
    <testcase name="IHEMetricDataHandlerTest (CapsuleMDIP,MSH|^~\&amp;|||||20220720013516.038-0400||ORU^R01^ORU_R01|HP0720013516.038PHMXL02238QJ322|P|2.6|||AL|NE||8859/1|EN^English^ISO639||IHE_PCD_001^IHE PCD^1.3.6.1.4.1.19376.1.6.1.1.1^ISO|&#xD;&#xA;&#x9;&#x9;PID|1||&quot;^^^Philips^MR||&quot;^&quot;^&quot;^^^^L||20050415000000.000+0200|F|||||||FRENCH|||PID18|&#xD;&#xA;&#x9;&#x9;PV1|2|I|{uniqueId}|1|&#xD;&#xA;&#x9;&#x9;OBR|||0009fbFFFF07f06a^^^EUI-64|69669^MDC_DEV_ANALY_CARD_OUTPUT_MDS^MDC|||20220720013513.935-0400|||ABC-123|||ABC-123|||||||| BaxterIFMout_5.3.5_EV1000_Baxter_XYZ456&#xD;&#xA;&#x9;&#x9;OBX|4||69669^NOM_DEV_ANALY_CARD_OUTPUT_MDS^MDC|1.0.0.0|||||||X|||||||718cbcf4-c374-4c31-9041-6cbd3c46aeaf-Edwards EV1000&#xD;&#xA;&#x9;&#x9;OBX|5||69670^NOM_DEV_ANALY_CARD_OUTPUT_VMD^MDC|1.1.0.0|||||||X|||||||&#xD;&#xA;&#x9;&#x9;OBX|6||69671^MDC_NOM_DEV_ANALY_CARD_OUTPUT_CHAN^MDC|1.1.1.0|||||||X|&#xD;&#xA;&#x9;&#x9;OBX|7|CWE|12345678^UNKNOWN^UNKNOWN^^^^^^tMode|1.1.1.41|1076259847^NLS_DRV_ED711_ENUM_VV_SENSOR^MDC^^^^^^VolView||||||R|||20180622133129.224+0200|&#xD;&#xA;&#x9;&#x9;OBX|8|CWE|67303669^NOM_SETT_MODE_MSMT^MDC^^^^^^sMode|1.1.1.41|1076259847^NLS_DRV_ED711_ENUM_VV_SENSOR^MDC^^^^^^VolView||||||R||SETTING|20180622133304.394+0200|||||&#xD;&#xA;&#x9;&#x9;OBX|9|CWE|67305467^NOM_SETT_MODE_MSMT^MDC^^^^^^testLabelEnum|1.1.1.41|1076259847^NLS_DRV_ED711_ENUM_VV_SENSOR^MDC^^^^^^VolView||||||R|||20180622133129.224+0200|&#xD;&#xA;&#x9;&#x9;OBX|10|CWE|67305468^NOM_NEW^MDC^^^^^^sMode|1.1.1.41|1076259847^NLS_DRV_ED711_ENUM_VV_SENSOR^CAPSULE^^^^^^VolView||||||R|||20180622133129.224+0200|&#xD;&#xA;&#x9;&#x9;OBX|11|CWE|67305469^NOM_NEW^MDC^^^^^^sMode|1.1.1.41|1076297727^UNKNOWN^UNKNOWN^^^^^^VolView||||||R|||20180622133129.224+0200|&#xD;&#xA;&#x9;&#x9;OBX|12|ST|67293194^NOM_SETT_DRUG_NAME_TYPE^MDC|1.4.1.5|RandomDrug||||||R||&#xD;&#xA;&#x9;&#x9;OBX|13|NM|67305466^NOM_NEW^MDC^^^^^^testLabelNum|1.1.1.41|100|262656^MDC_DIM_DIMLESS^MDC|||||R|||20180622133129.224+0200|&#xD;&#xA;&#x9;&#x9;OBX|14|NM|67305465^NOM_NEW^UNKNOWN^^^^^^testLabelNum2|1.1.1.41|100|262656^MDC_DIM_DIMLESS^MDC|||||R|||20180622133129.224+0200|&#xD;&#xA;&#x9;&#x9;OBX|15|NM|67305464^NOM_NEW^MDC^^^^^^testLabelNum3|1.1.1.41|100|262656^MDC_DIM_DIMLESS^MDC|||||R|||20180622133129.224+0200|&#xD;&#xA;&#x9;&#x9;OBX|16|NM|67305463^NOM_NEW^MDC^^^^^^testLabelNum4|1.1.1.41|100|262656^MDC_DIM_DIMLESS^UNKNOWN|||||R|||20180622133129.224+0200|&#xD;&#xA;&#x9;&#x9;OBX|17|NM|67305462^NOM_NEW^MDC^^^^^^testLabelNum5|1.1.1.41|100.0|327679^MDC_DIM_DIMLESS^MDIL^^^^^^NewUnit|||||R|||20180622133129.224+0200|&#xD;&#xA;&#x9;&#x9;OBX|18|NM|67305461^NOM_NEW^MDC^^^^^^testLabelNum6|1.1.1.41|100.00|327679^MDC_DIM_DIMLESS^MDIL^^^^^^NewUnit|||||R||APERIODIC|20180622133129.224+0200|&#xD;&#xA;&#x9;&#x9;OBX|19|CE|67305460^NOM_NEW^MDC^^^^^^testLabelNum7|1.1.1.41|100.00|327679^MDC_DIM_DIMLESS^MDIL^^^^^^NewUnit|||||R|||20180622133129.224+0200|&#xD;&#xA;&#x9;&#x9;OBX|20|NM|NAN^NOM_NEW^MDC^^^^^^testLabelNum8|1.1.1.41|100.00|327679^MDC_DIM_DIMLESS^MDIL^^^^^^NewUnit|||||R|||20180622133129.224+0200|&#xD;&#xA;&#x9;&#x9;OBX|21|CWE|67305468^NOM_NEW^MDC^^^^^^sMode|1.1.1.41|NAN^NLS_DRV_ED711_ENUM_VV_SENSOR^CAPSULE^^^^^^VolView||||||R|||20180622133129.224+0200|&#xD;&#xA;&#x9;&#x9;OBX|22|CWE|67305459^NOM_NEW^MDC^^^^^^testLabelNum9|1.1.1.41|1076297727^NEW_PARAM^MDIL^^^^^^NewEnum||||||R|||20180622133129.224+0200|&#xD;&#xA;&#x9;&#x9;OBX|23|CWE|67305458^NOM_NEW^MDC^^^^^^testLabelNum10|1.1.1.41|NAN^NEW_PARAM^MDIL^^^^^^NewEnum2||||||R|||20180622133129.224+0200|&#xD;&#xA;&#x9;&#x9;OBX|24|CWE|67305458^NOM_NEW^MDC^^^^^^testLabelNum11|1.1.1.41|1076297727^NEW_PARAM^MDIL^^^^^^機器情報||||||R|||20180622133129.224+0200|,15,True,testLabelNum3,100,262656,,UpdPeriodic,True,,,False,)" classname="Philips.PMP.Test.Auto.IheMetricDataHandlerTest" time="0.014" status="1" />
    <testcase name="IHEMetricDataHandlerTest (CapsuleMDIP,MSH|^~\&amp;|||||20220720013516.038-0400||ORU^R01^ORU_R01|HP0720013516.038PHMXL02238QJ322|P|2.6|||AL|NE||8859/1|EN^English^ISO639||IHE_PCD_001^IHE PCD^1.3.6.1.4.1.19376.1.6.1.1.1^ISO|&#xD;&#xA;&#x9;&#x9;PID|1||&quot;^^^Philips^MR||&quot;^&quot;^&quot;^^^^L||20050415000000.000+0200|F|||||||FRENCH|||PID18|&#xD;&#xA;&#x9;&#x9;PV1|2|I|{uniqueId}|1|&#xD;&#xA;&#x9;&#x9;OBR|||0009fbFFFF07f06a^^^EUI-64|69669^MDC_DEV_ANALY_CARD_OUTPUT_MDS^MDC|||20220720013513.935-0400|||ABC-123|||ABC-123|||||||| BaxterIFMout_5.3.5_EV1000_Baxter_XYZ456&#xD;&#xA;&#x9;&#x9;OBX|4||69669^NOM_DEV_ANALY_CARD_OUTPUT_MDS^MDC|1.0.0.0|||||||X|||||||718cbcf4-c374-4c31-9041-6cbd3c46aeaf-Edwards EV1000&#xD;&#xA;&#x9;&#x9;OBX|5||69670^NOM_DEV_ANALY_CARD_OUTPUT_VMD^MDC|1.1.0.0|||||||X|||||||&#xD;&#xA;&#x9;&#x9;OBX|6||69671^MDC_NOM_DEV_ANALY_CARD_OUTPUT_CHAN^MDC|1.1.1.0|||||||X|&#xD;&#xA;&#x9;&#x9;OBX|7|CWE|12345678^UNKNOWN^UNKNOWN^^^^^^tMode|1.1.1.41|1076259847^NLS_DRV_ED711_ENUM_VV_SENSOR^MDC^^^^^^VolView||||||R|||20180622133129.224+0200|&#xD;&#xA;&#x9;&#x9;OBX|8|CWE|67303669^NOM_SETT_MODE_MSMT^MDC^^^^^^sMode|1.1.1.41|1076259847^NLS_DRV_ED711_ENUM_VV_SENSOR^MDC^^^^^^VolView||||||R||SETTING|20180622133304.394+0200|||||&#xD;&#xA;&#x9;&#x9;OBX|9|CWE|67305467^NOM_SETT_MODE_MSMT^MDC^^^^^^testLabelEnum|1.1.1.41|1076259847^NLS_DRV_ED711_ENUM_VV_SENSOR^MDC^^^^^^VolView||||||R|||20180622133129.224+0200|&#xD;&#xA;&#x9;&#x9;OBX|10|CWE|67305468^NOM_NEW^MDC^^^^^^sMode|1.1.1.41|1076259847^NLS_DRV_ED711_ENUM_VV_SENSOR^CAPSULE^^^^^^VolView||||||R|||20180622133129.224+0200|&#xD;&#xA;&#x9;&#x9;OBX|11|CWE|67305469^NOM_NEW^MDC^^^^^^sMode|1.1.1.41|1076297727^UNKNOWN^UNKNOWN^^^^^^VolView||||||R|||20180622133129.224+0200|&#xD;&#xA;&#x9;&#x9;OBX|12|ST|67293194^NOM_SETT_DRUG_NAME_TYPE^MDC|1.4.1.5|RandomDrug||||||R||&#xD;&#xA;&#x9;&#x9;OBX|13|NM|67305466^NOM_NEW^MDC^^^^^^testLabelNum|1.1.1.41|100|262656^MDC_DIM_DIMLESS^MDC|||||R|||20180622133129.224+0200|&#xD;&#xA;&#x9;&#x9;OBX|14|NM|67305465^NOM_NEW^UNKNOWN^^^^^^testLabelNum2|1.1.1.41|100|262656^MDC_DIM_DIMLESS^MDC|||||R|||20180622133129.224+0200|&#xD;&#xA;&#x9;&#x9;OBX|15|NM|67305464^NOM_NEW^MDC^^^^^^testLabelNum3|1.1.1.41|100|262656^MDC_DIM_DIMLESS^MDC|||||R|||20180622133129.224+0200|&#xD;&#xA;&#x9;&#x9;OBX|16|NM|67305463^NOM_NEW^MDC^^^^^^testLabelNum4|1.1.1.41|100|262656^MDC_DIM_DIMLESS^UNKNOWN|||||R|||20180622133129.224+0200|&#xD;&#xA;&#x9;&#x9;OBX|17|NM|67305462^NOM_NEW^MDC^^^^^^testLabelNum5|1.1.1.41|100.0|327679^MDC_DIM_DIMLESS^MDIL^^^^^^NewUnit|||||R|||20180622133129.224+0200|&#xD;&#xA;&#x9;&#x9;OBX|18|NM|67305461^NOM_NEW^MDC^^^^^^testLabelNum6|1.1.1.41|100.00|327679^MDC_DIM_DIMLESS^MDIL^^^^^^NewUnit|||||R||APERIODIC|20180622133129.224+0200|&#xD;&#xA;&#x9;&#x9;OBX|19|CE|67305460^NOM_NEW^MDC^^^^^^testLabelNum7|1.1.1.41|100.00|327679^MDC_DIM_DIMLESS^MDIL^^^^^^NewUnit|||||R|||20180622133129.224+0200|&#xD;&#xA;&#x9;&#x9;OBX|20|NM|NAN^NOM_NEW^MDC^^^^^^testLabelNum8|1.1.1.41|100.00|327679^MDC_DIM_DIMLESS^MDIL^^^^^^NewUnit|||||R|||20180622133129.224+0200|&#xD;&#xA;&#x9;&#x9;OBX|21|CWE|67305468^NOM_NEW^MDC^^^^^^sMode|1.1.1.41|NAN^NLS_DRV_ED711_ENUM_VV_SENSOR^CAPSULE^^^^^^VolView||||||R|||20180622133129.224+0200|&#xD;&#xA;&#x9;&#x9;OBX|22|CWE|67305459^NOM_NEW^MDC^^^^^^testLabelNum9|1.1.1.41|1076297727^NEW_PARAM^MDIL^^^^^^NewEnum||||||R|||20180622133129.224+0200|&#xD;&#xA;&#x9;&#x9;OBX|23|CWE|67305458^NOM_NEW^MDC^^^^^^testLabelNum10|1.1.1.41|NAN^NEW_PARAM^MDIL^^^^^^NewEnum2||||||R|||20180622133129.224+0200|&#xD;&#xA;&#x9;&#x9;OBX|24|CWE|67305458^NOM_NEW^MDC^^^^^^testLabelNum11|1.1.1.41|1076297727^NEW_PARAM^MDIL^^^^^^機器情報||||||R|||20180622133129.224+0200|,16,True,testLabelNum4,100,262656,,UpdPeriodic,False,,,False,)" classname="Philips.PMP.Test.Auto.IheMetricDataHandlerTest" time="0.002" status="1" />
    <testcase name="IHEMetricDataHandlerTest (CapsuleMDIP,MSH|^~\&amp;|||||20220720013516.038-0400||ORU^R01^ORU_R01|HP0720013516.038PHMXL02238QJ322|P|2.6|||AL|NE||8859/1|EN^English^ISO639||IHE_PCD_001^IHE PCD^1.3.6.1.4.1.19376.1.6.1.1.1^ISO|&#xD;&#xA;&#x9;&#x9;PID|1||&quot;^^^Philips^MR||&quot;^&quot;^&quot;^^^^L||20050415000000.000+0200|F|||||||FRENCH|||PID18|&#xD;&#xA;&#x9;&#x9;PV1|2|I|{uniqueId}|1|&#xD;&#xA;&#x9;&#x9;OBR|||0009fbFFFF07f06a^^^EUI-64|69669^MDC_DEV_ANALY_CARD_OUTPUT_MDS^MDC|||20220720013513.935-0400|||ABC-123|||ABC-123|||||||| BaxterIFMout_5.3.5_EV1000_Baxter_XYZ456&#xD;&#xA;&#x9;&#x9;OBX|4||69669^NOM_DEV_ANALY_CARD_OUTPUT_MDS^MDC|1.0.0.0|||||||X|||||||718cbcf4-c374-4c31-9041-6cbd3c46aeaf-Edwards EV1000&#xD;&#xA;&#x9;&#x9;OBX|5||69670^NOM_DEV_ANALY_CARD_OUTPUT_VMD^MDC|1.1.0.0|||||||X|||||||&#xD;&#xA;&#x9;&#x9;OBX|6||69671^MDC_NOM_DEV_ANALY_CARD_OUTPUT_CHAN^MDC|1.1.1.0|||||||X|&#xD;&#xA;&#x9;&#x9;OBX|7|CWE|12345678^UNKNOWN^UNKNOWN^^^^^^tMode|1.1.1.41|1076259847^NLS_DRV_ED711_ENUM_VV_SENSOR^MDC^^^^^^VolView||||||R|||20180622133129.224+0200|&#xD;&#xA;&#x9;&#x9;OBX|8|CWE|67303669^NOM_SETT_MODE_MSMT^MDC^^^^^^sMode|1.1.1.41|1076259847^NLS_DRV_ED711_ENUM_VV_SENSOR^MDC^^^^^^VolView||||||R||SETTING|20180622133304.394+0200|||||&#xD;&#xA;&#x9;&#x9;OBX|9|CWE|67305467^NOM_SETT_MODE_MSMT^MDC^^^^^^testLabelEnum|1.1.1.41|1076259847^NLS_DRV_ED711_ENUM_VV_SENSOR^MDC^^^^^^VolView||||||R|||20180622133129.224+0200|&#xD;&#xA;&#x9;&#x9;OBX|10|CWE|67305468^NOM_NEW^MDC^^^^^^sMode|1.1.1.41|1076259847^NLS_DRV_ED711_ENUM_VV_SENSOR^CAPSULE^^^^^^VolView||||||R|||20180622133129.224+0200|&#xD;&#xA;&#x9;&#x9;OBX|11|CWE|67305469^NOM_NEW^MDC^^^^^^sMode|1.1.1.41|1076297727^UNKNOWN^UNKNOWN^^^^^^VolView||||||R|||20180622133129.224+0200|&#xD;&#xA;&#x9;&#x9;OBX|12|ST|67293194^NOM_SETT_DRUG_NAME_TYPE^MDC|1.4.1.5|RandomDrug||||||R||&#xD;&#xA;&#x9;&#x9;OBX|13|NM|67305466^NOM_NEW^MDC^^^^^^testLabelNum|1.1.1.41|100|262656^MDC_DIM_DIMLESS^MDC|||||R|||20180622133129.224+0200|&#xD;&#xA;&#x9;&#x9;OBX|14|NM|67305465^NOM_NEW^UNKNOWN^^^^^^testLabelNum2|1.1.1.41|100|262656^MDC_DIM_DIMLESS^MDC|||||R|||20180622133129.224+0200|&#xD;&#xA;&#x9;&#x9;OBX|15|NM|67305464^NOM_NEW^MDC^^^^^^testLabelNum3|1.1.1.41|100|262656^MDC_DIM_DIMLESS^MDC|||||R|||20180622133129.224+0200|&#xD;&#xA;&#x9;&#x9;OBX|16|NM|67305463^NOM_NEW^MDC^^^^^^testLabelNum4|1.1.1.41|100|262656^MDC_DIM_DIMLESS^UNKNOWN|||||R|||20180622133129.224+0200|&#xD;&#xA;&#x9;&#x9;OBX|17|NM|67305462^NOM_NEW^MDC^^^^^^testLabelNum5|1.1.1.41|100.0|327679^MDC_DIM_DIMLESS^MDIL^^^^^^NewUnit|||||R|||20180622133129.224+0200|&#xD;&#xA;&#x9;&#x9;OBX|18|NM|67305461^NOM_NEW^MDC^^^^^^testLabelNum6|1.1.1.41|100.00|327679^MDC_DIM_DIMLESS^MDIL^^^^^^NewUnit|||||R||APERIODIC|20180622133129.224+0200|&#xD;&#xA;&#x9;&#x9;OBX|19|CE|67305460^NOM_NEW^MDC^^^^^^testLabelNum7|1.1.1.41|100.00|327679^MDC_DIM_DIMLESS^MDIL^^^^^^NewUnit|||||R|||20180622133129.224+0200|&#xD;&#xA;&#x9;&#x9;OBX|20|NM|NAN^NOM_NEW^MDC^^^^^^testLabelNum8|1.1.1.41|100.00|327679^MDC_DIM_DIMLESS^MDIL^^^^^^NewUnit|||||R|||20180622133129.224+0200|&#xD;&#xA;&#x9;&#x9;OBX|21|CWE|67305468^NOM_NEW^MDC^^^^^^sMode|1.1.1.41|NAN^NLS_DRV_ED711_ENUM_VV_SENSOR^CAPSULE^^^^^^VolView||||||R|||20180622133129.224+0200|&#xD;&#xA;&#x9;&#x9;OBX|22|CWE|67305459^NOM_NEW^MDC^^^^^^testLabelNum9|1.1.1.41|1076297727^NEW_PARAM^MDIL^^^^^^NewEnum||||||R|||20180622133129.224+0200|&#xD;&#xA;&#x9;&#x9;OBX|23|CWE|67305458^NOM_NEW^MDC^^^^^^testLabelNum10|1.1.1.41|NAN^NEW_PARAM^MDIL^^^^^^NewEnum2||||||R|||20180622133129.224+0200|&#xD;&#xA;&#x9;&#x9;OBX|24|CWE|67305458^NOM_NEW^MDC^^^^^^testLabelNum11|1.1.1.41|1076297727^NEW_PARAM^MDIL^^^^^^機器情報||||||R|||20180622133129.224+0200|,17,True,testLabelNum5,100.0,327679,NewUnit,UpdPeriodic,True,,,False,)" classname="Philips.PMP.Test.Auto.IheMetricDataHandlerTest" time="0.004" status="1" />
    <testcase name="IHEMetricDataHandlerTest (CapsuleMDIP,MSH|^~\&amp;|||||20220720013516.038-0400||ORU^R01^ORU_R01|HP0720013516.038PHMXL02238QJ322|P|2.6|||AL|NE||8859/1|EN^English^ISO639||IHE_PCD_001^IHE PCD^1.3.6.1.4.1.19376.1.6.1.1.1^ISO|&#xD;&#xA;&#x9;&#x9;PID|1||&quot;^^^Philips^MR||&quot;^&quot;^&quot;^^^^L||20050415000000.000+0200|F|||||||FRENCH|||PID18|&#xD;&#xA;&#x9;&#x9;PV1|2|I|{uniqueId}|1|&#xD;&#xA;&#x9;&#x9;OBR|||0009fbFFFF07f06a^^^EUI-64|69669^MDC_DEV_ANALY_CARD_OUTPUT_MDS^MDC|||20220720013513.935-0400|||ABC-123|||ABC-123|||||||| BaxterIFMout_5.3.5_EV1000_Baxter_XYZ456&#xD;&#xA;&#x9;&#x9;OBX|4||69669^NOM_DEV_ANALY_CARD_OUTPUT_MDS^MDC|1.0.0.0|||||||X|||||||718cbcf4-c374-4c31-9041-6cbd3c46aeaf-Edwards EV1000&#xD;&#xA;&#x9;&#x9;OBX|5||69670^NOM_DEV_ANALY_CARD_OUTPUT_VMD^MDC|1.1.0.0|||||||X|||||||&#xD;&#xA;&#x9;&#x9;OBX|6||69671^MDC_NOM_DEV_ANALY_CARD_OUTPUT_CHAN^MDC|1.1.1.0|||||||X|&#xD;&#xA;&#x9;&#x9;OBX|7|CWE|12345678^UNKNOWN^UNKNOWN^^^^^^tMode|1.1.1.41|1076259847^NLS_DRV_ED711_ENUM_VV_SENSOR^MDC^^^^^^VolView||||||R|||20180622133129.224+0200|&#xD;&#xA;&#x9;&#x9;OBX|8|CWE|67303669^NOM_SETT_MODE_MSMT^MDC^^^^^^sMode|1.1.1.41|1076259847^NLS_DRV_ED711_ENUM_VV_SENSOR^MDC^^^^^^VolView||||||R||SETTING|20180622133304.394+0200|||||&#xD;&#xA;&#x9;&#x9;OBX|9|CWE|67305467^NOM_SETT_MODE_MSMT^MDC^^^^^^testLabelEnum|1.1.1.41|1076259847^NLS_DRV_ED711_ENUM_VV_SENSOR^MDC^^^^^^VolView||||||R|||20180622133129.224+0200|&#xD;&#xA;&#x9;&#x9;OBX|10|CWE|67305468^NOM_NEW^MDC^^^^^^sMode|1.1.1.41|1076259847^NLS_DRV_ED711_ENUM_VV_SENSOR^CAPSULE^^^^^^VolView||||||R|||20180622133129.224+0200|&#xD;&#xA;&#x9;&#x9;OBX|11|CWE|67305469^NOM_NEW^MDC^^^^^^sMode|1.1.1.41|1076297727^UNKNOWN^UNKNOWN^^^^^^VolView||||||R|||20180622133129.224+0200|&#xD;&#xA;&#x9;&#x9;OBX|12|ST|67293194^NOM_SETT_DRUG_NAME_TYPE^MDC|1.4.1.5|RandomDrug||||||R||&#xD;&#xA;&#x9;&#x9;OBX|13|NM|67305466^NOM_NEW^MDC^^^^^^testLabelNum|1.1.1.41|100|262656^MDC_DIM_DIMLESS^MDC|||||R|||20180622133129.224+0200|&#xD;&#xA;&#x9;&#x9;OBX|14|NM|67305465^NOM_NEW^UNKNOWN^^^^^^testLabelNum2|1.1.1.41|100|262656^MDC_DIM_DIMLESS^MDC|||||R|||20180622133129.224+0200|&#xD;&#xA;&#x9;&#x9;OBX|15|NM|67305464^NOM_NEW^MDC^^^^^^testLabelNum3|1.1.1.41|100|262656^MDC_DIM_DIMLESS^MDC|||||R|||20180622133129.224+0200|&#xD;&#xA;&#x9;&#x9;OBX|16|NM|67305463^NOM_NEW^MDC^^^^^^testLabelNum4|1.1.1.41|100|262656^MDC_DIM_DIMLESS^UNKNOWN|||||R|||20180622133129.224+0200|&#xD;&#xA;&#x9;&#x9;OBX|17|NM|67305462^NOM_NEW^MDC^^^^^^testLabelNum5|1.1.1.41|100.0|327679^MDC_DIM_DIMLESS^MDIL^^^^^^NewUnit|||||R|||20180622133129.224+0200|&#xD;&#xA;&#x9;&#x9;OBX|18|NM|67305461^NOM_NEW^MDC^^^^^^testLabelNum6|1.1.1.41|100.00|327679^MDC_DIM_DIMLESS^MDIL^^^^^^NewUnit|||||R||APERIODIC|20180622133129.224+0200|&#xD;&#xA;&#x9;&#x9;OBX|19|CE|67305460^NOM_NEW^MDC^^^^^^testLabelNum7|1.1.1.41|100.00|327679^MDC_DIM_DIMLESS^MDIL^^^^^^NewUnit|||||R|||20180622133129.224+0200|&#xD;&#xA;&#x9;&#x9;OBX|20|NM|NAN^NOM_NEW^MDC^^^^^^testLabelNum8|1.1.1.41|100.00|327679^MDC_DIM_DIMLESS^MDIL^^^^^^NewUnit|||||R|||20180622133129.224+0200|&#xD;&#xA;&#x9;&#x9;OBX|21|CWE|67305468^NOM_NEW^MDC^^^^^^sMode|1.1.1.41|NAN^NLS_DRV_ED711_ENUM_VV_SENSOR^CAPSULE^^^^^^VolView||||||R|||20180622133129.224+0200|&#xD;&#xA;&#x9;&#x9;OBX|22|CWE|67305459^NOM_NEW^MDC^^^^^^testLabelNum9|1.1.1.41|1076297727^NEW_PARAM^MDIL^^^^^^NewEnum||||||R|||20180622133129.224+0200|&#xD;&#xA;&#x9;&#x9;OBX|23|CWE|67305458^NOM_NEW^MDC^^^^^^testLabelNum10|1.1.1.41|NAN^NEW_PARAM^MDIL^^^^^^NewEnum2||||||R|||20180622133129.224+0200|&#xD;&#xA;&#x9;&#x9;OBX|24|CWE|67305458^NOM_NEW^MDC^^^^^^testLabelNum11|1.1.1.41|1076297727^NEW_PARAM^MDIL^^^^^^機器情報||||||R|||20180622133129.224+0200|,18,True,testLabelNum6,100.00,327679,NewUnit,UpdEpisodic,True,,,False,20180622133129.224+0200)" classname="Philips.PMP.Test.Auto.IheMetricDataHandlerTest" time="0.002" status="1" />
    <testcase name="IHEMetricDataHandlerTest (CapsuleMDIP,MSH|^~\&amp;|||||20220720013516.038-0400||ORU^R01^ORU_R01|HP0720013516.038PHMXL02238QJ322|P|2.6|||AL|NE||8859/1|EN^English^ISO639||IHE_PCD_001^IHE PCD^1.3.6.1.4.1.19376.1.6.1.1.1^ISO|&#xD;&#xA;&#x9;&#x9;PID|1||&quot;^^^Philips^MR||&quot;^&quot;^&quot;^^^^L||20050415000000.000+0200|F|||||||FRENCH|||PID18|&#xD;&#xA;&#x9;&#x9;PV1|2|I|{uniqueId}|1|&#xD;&#xA;&#x9;&#x9;OBR|||0009fbFFFF07f06a^^^EUI-64|69669^MDC_DEV_ANALY_CARD_OUTPUT_MDS^MDC|||20220720013513.935-0400|||ABC-123|||ABC-123|||||||| BaxterIFMout_5.3.5_EV1000_Baxter_XYZ456&#xD;&#xA;&#x9;&#x9;OBX|4||69669^NOM_DEV_ANALY_CARD_OUTPUT_MDS^MDC|1.0.0.0|||||||X|||||||718cbcf4-c374-4c31-9041-6cbd3c46aeaf-Edwards EV1000&#xD;&#xA;&#x9;&#x9;OBX|5||69670^NOM_DEV_ANALY_CARD_OUTPUT_VMD^MDC|1.1.0.0|||||||X|||||||&#xD;&#xA;&#x9;&#x9;OBX|6||69671^MDC_NOM_DEV_ANALY_CARD_OUTPUT_CHAN^MDC|1.1.1.0|||||||X|&#xD;&#xA;&#x9;&#x9;OBX|7|CWE|12345678^UNKNOWN^UNKNOWN^^^^^^tMode|1.1.1.41|1076259847^NLS_DRV_ED711_ENUM_VV_SENSOR^MDC^^^^^^VolView||||||R|||20180622133129.224+0200|&#xD;&#xA;&#x9;&#x9;OBX|8|CWE|67303669^NOM_SETT_MODE_MSMT^MDC^^^^^^sMode|1.1.1.41|1076259847^NLS_DRV_ED711_ENUM_VV_SENSOR^MDC^^^^^^VolView||||||R||SETTING|20180622133304.394+0200|||||&#xD;&#xA;&#x9;&#x9;OBX|9|CWE|67305467^NOM_SETT_MODE_MSMT^MDC^^^^^^testLabelEnum|1.1.1.41|1076259847^NLS_DRV_ED711_ENUM_VV_SENSOR^MDC^^^^^^VolView||||||R|||20180622133129.224+0200|&#xD;&#xA;&#x9;&#x9;OBX|10|CWE|67305468^NOM_NEW^MDC^^^^^^sMode|1.1.1.41|1076259847^NLS_DRV_ED711_ENUM_VV_SENSOR^CAPSULE^^^^^^VolView||||||R|||20180622133129.224+0200|&#xD;&#xA;&#x9;&#x9;OBX|11|CWE|67305469^NOM_NEW^MDC^^^^^^sMode|1.1.1.41|1076297727^UNKNOWN^UNKNOWN^^^^^^VolView||||||R|||20180622133129.224+0200|&#xD;&#xA;&#x9;&#x9;OBX|12|ST|67293194^NOM_SETT_DRUG_NAME_TYPE^MDC|1.4.1.5|RandomDrug||||||R||&#xD;&#xA;&#x9;&#x9;OBX|13|NM|67305466^NOM_NEW^MDC^^^^^^testLabelNum|1.1.1.41|100|262656^MDC_DIM_DIMLESS^MDC|||||R|||20180622133129.224+0200|&#xD;&#xA;&#x9;&#x9;OBX|14|NM|67305465^NOM_NEW^UNKNOWN^^^^^^testLabelNum2|1.1.1.41|100|262656^MDC_DIM_DIMLESS^MDC|||||R|||20180622133129.224+0200|&#xD;&#xA;&#x9;&#x9;OBX|15|NM|67305464^NOM_NEW^MDC^^^^^^testLabelNum3|1.1.1.41|100|262656^MDC_DIM_DIMLESS^MDC|||||R|||20180622133129.224+0200|&#xD;&#xA;&#x9;&#x9;OBX|16|NM|67305463^NOM_NEW^MDC^^^^^^testLabelNum4|1.1.1.41|100|262656^MDC_DIM_DIMLESS^UNKNOWN|||||R|||20180622133129.224+0200|&#xD;&#xA;&#x9;&#x9;OBX|17|NM|67305462^NOM_NEW^MDC^^^^^^testLabelNum5|1.1.1.41|100.0|327679^MDC_DIM_DIMLESS^MDIL^^^^^^NewUnit|||||R|||20180622133129.224+0200|&#xD;&#xA;&#x9;&#x9;OBX|18|NM|67305461^NOM_NEW^MDC^^^^^^testLabelNum6|1.1.1.41|100.00|327679^MDC_DIM_DIMLESS^MDIL^^^^^^NewUnit|||||R||APERIODIC|20180622133129.224+0200|&#xD;&#xA;&#x9;&#x9;OBX|19|CE|67305460^NOM_NEW^MDC^^^^^^testLabelNum7|1.1.1.41|100.00|327679^MDC_DIM_DIMLESS^MDIL^^^^^^NewUnit|||||R|||20180622133129.224+0200|&#xD;&#xA;&#x9;&#x9;OBX|20|NM|NAN^NOM_NEW^MDC^^^^^^testLabelNum8|1.1.1.41|100.00|327679^MDC_DIM_DIMLESS^MDIL^^^^^^NewUnit|||||R|||20180622133129.224+0200|&#xD;&#xA;&#x9;&#x9;OBX|21|CWE|67305468^NOM_NEW^MDC^^^^^^sMode|1.1.1.41|NAN^NLS_DRV_ED711_ENUM_VV_SENSOR^CAPSULE^^^^^^VolView||||||R|||20180622133129.224+0200|&#xD;&#xA;&#x9;&#x9;OBX|22|CWE|67305459^NOM_NEW^MDC^^^^^^testLabelNum9|1.1.1.41|1076297727^NEW_PARAM^MDIL^^^^^^NewEnum||||||R|||20180622133129.224+0200|&#xD;&#xA;&#x9;&#x9;OBX|23|CWE|67305458^NOM_NEW^MDC^^^^^^testLabelNum10|1.1.1.41|NAN^NEW_PARAM^MDIL^^^^^^NewEnum2||||||R|||20180622133129.224+0200|&#xD;&#xA;&#x9;&#x9;OBX|24|CWE|67305458^NOM_NEW^MDC^^^^^^testLabelNum11|1.1.1.41|1076297727^NEW_PARAM^MDIL^^^^^^機器情報||||||R|||20180622133129.224+0200|,18,True,testLabelNum6,100.00,327679,NewUnit,UpdPeriodic,False,,,False,20180622133129.224+0200)" classname="Philips.PMP.Test.Auto.IheMetricDataHandlerTest" time="0.001" status="1" />
    <testcase name="IHEMetricDataHandlerTest (CapsuleMDIP,MSH|^~\&amp;|||||20220720013516.038-0400||ORU^R01^ORU_R01|HP0720013516.038PHMXL02238QJ322|P|2.6|||AL|NE||8859/1|EN^English^ISO639||IHE_PCD_001^IHE PCD^1.3.6.1.4.1.19376.1.6.1.1.1^ISO|&#xD;&#xA;&#x9;&#x9;PID|1||&quot;^^^Philips^MR||&quot;^&quot;^&quot;^^^^L||20050415000000.000+0200|F|||||||FRENCH|||PID18|&#xD;&#xA;&#x9;&#x9;PV1|2|I|{uniqueId}|1|&#xD;&#xA;&#x9;&#x9;OBR|||0009fbFFFF07f06a^^^EUI-64|69669^MDC_DEV_ANALY_CARD_OUTPUT_MDS^MDC|||20220720013513.935-0400|||ABC-123|||ABC-123|||||||| BaxterIFMout_5.3.5_EV1000_Baxter_XYZ456&#xD;&#xA;&#x9;&#x9;OBX|4||69669^NOM_DEV_ANALY_CARD_OUTPUT_MDS^MDC|1.0.0.0|||||||X|||||||718cbcf4-c374-4c31-9041-6cbd3c46aeaf-Edwards EV1000&#xD;&#xA;&#x9;&#x9;OBX|5||69670^NOM_DEV_ANALY_CARD_OUTPUT_VMD^MDC|1.1.0.0|||||||X|||||||&#xD;&#xA;&#x9;&#x9;OBX|6||69671^MDC_NOM_DEV_ANALY_CARD_OUTPUT_CHAN^MDC|1.1.1.0|||||||X|&#xD;&#xA;&#x9;&#x9;OBX|7|CWE|12345678^UNKNOWN^UNKNOWN^^^^^^tMode|1.1.1.41|1076259847^NLS_DRV_ED711_ENUM_VV_SENSOR^MDC^^^^^^VolView||||||R|||20180622133129.224+0200|&#xD;&#xA;&#x9;&#x9;OBX|8|CWE|67303669^NOM_SETT_MODE_MSMT^MDC^^^^^^sMode|1.1.1.41|1076259847^NLS_DRV_ED711_ENUM_VV_SENSOR^MDC^^^^^^VolView||||||R||SETTING|20180622133304.394+0200|||||&#xD;&#xA;&#x9;&#x9;OBX|9|CWE|67305467^NOM_SETT_MODE_MSMT^MDC^^^^^^testLabelEnum|1.1.1.41|1076259847^NLS_DRV_ED711_ENUM_VV_SENSOR^MDC^^^^^^VolView||||||R|||20180622133129.224+0200|&#xD;&#xA;&#x9;&#x9;OBX|10|CWE|67305468^NOM_NEW^MDC^^^^^^sMode|1.1.1.41|1076259847^NLS_DRV_ED711_ENUM_VV_SENSOR^CAPSULE^^^^^^VolView||||||R|||20180622133129.224+0200|&#xD;&#xA;&#x9;&#x9;OBX|11|CWE|67305469^NOM_NEW^MDC^^^^^^sMode|1.1.1.41|1076297727^UNKNOWN^UNKNOWN^^^^^^VolView||||||R|||20180622133129.224+0200|&#xD;&#xA;&#x9;&#x9;OBX|12|ST|67293194^NOM_SETT_DRUG_NAME_TYPE^MDC|1.4.1.5|RandomDrug||||||R||&#xD;&#xA;&#x9;&#x9;OBX|13|NM|67305466^NOM_NEW^MDC^^^^^^testLabelNum|1.1.1.41|100|262656^MDC_DIM_DIMLESS^MDC|||||R|||20180622133129.224+0200|&#xD;&#xA;&#x9;&#x9;OBX|14|NM|67305465^NOM_NEW^UNKNOWN^^^^^^testLabelNum2|1.1.1.41|100|262656^MDC_DIM_DIMLESS^MDC|||||R|||20180622133129.224+0200|&#xD;&#xA;&#x9;&#x9;OBX|15|NM|67305464^NOM_NEW^MDC^^^^^^testLabelNum3|1.1.1.41|100|262656^MDC_DIM_DIMLESS^MDC|||||R|||20180622133129.224+0200|&#xD;&#xA;&#x9;&#x9;OBX|16|NM|67305463^NOM_NEW^MDC^^^^^^testLabelNum4|1.1.1.41|100|262656^MDC_DIM_DIMLESS^UNKNOWN|||||R|||20180622133129.224+0200|&#xD;&#xA;&#x9;&#x9;OBX|17|NM|67305462^NOM_NEW^MDC^^^^^^testLabelNum5|1.1.1.41|100.0|327679^MDC_DIM_DIMLESS^MDIL^^^^^^NewUnit|||||R|||20180622133129.224+0200|&#xD;&#xA;&#x9;&#x9;OBX|18|NM|67305461^NOM_NEW^MDC^^^^^^testLabelNum6|1.1.1.41|100.00|327679^MDC_DIM_DIMLESS^MDIL^^^^^^NewUnit|||||R||APERIODIC|20180622133129.224+0200|&#xD;&#xA;&#x9;&#x9;OBX|19|CE|67305460^NOM_NEW^MDC^^^^^^testLabelNum7|1.1.1.41|100.00|327679^MDC_DIM_DIMLESS^MDIL^^^^^^NewUnit|||||R|||20180622133129.224+0200|&#xD;&#xA;&#x9;&#x9;OBX|20|NM|NAN^NOM_NEW^MDC^^^^^^testLabelNum8|1.1.1.41|100.00|327679^MDC_DIM_DIMLESS^MDIL^^^^^^NewUnit|||||R|||20180622133129.224+0200|&#xD;&#xA;&#x9;&#x9;OBX|21|CWE|67305468^NOM_NEW^MDC^^^^^^sMode|1.1.1.41|NAN^NLS_DRV_ED711_ENUM_VV_SENSOR^CAPSULE^^^^^^VolView||||||R|||20180622133129.224+0200|&#xD;&#xA;&#x9;&#x9;OBX|22|CWE|67305459^NOM_NEW^MDC^^^^^^testLabelNum9|1.1.1.41|1076297727^NEW_PARAM^MDIL^^^^^^NewEnum||||||R|||20180622133129.224+0200|&#xD;&#xA;&#x9;&#x9;OBX|23|CWE|67305458^NOM_NEW^MDC^^^^^^testLabelNum10|1.1.1.41|NAN^NEW_PARAM^MDIL^^^^^^NewEnum2||||||R|||20180622133129.224+0200|&#xD;&#xA;&#x9;&#x9;OBX|24|CWE|67305458^NOM_NEW^MDC^^^^^^testLabelNum11|1.1.1.41|1076297727^NEW_PARAM^MDIL^^^^^^機器情報||||||R|||20180622133129.224+0200|,19,True,testLabelNum7,100.00,327679,NewUnit,UpdPeriodic,False,,,False,20180622133129.224+0200)" classname="Philips.PMP.Test.Auto.IheMetricDataHandlerTest" time="0.003" status="1" />
    <testcase name="IHEMetricDataHandlerTest (CapsuleMDIP,MSH|^~\&amp;|||||20220720013516.038-0400||ORU^R01^ORU_R01|HP0720013516.038PHMXL02238QJ322|P|2.6|||AL|NE||8859/1|EN^English^ISO639||IHE_PCD_001^IHE PCD^1.3.6.1.4.1.19376.1.6.1.1.1^ISO|&#xD;&#xA;&#x9;&#x9;PID|1||&quot;^^^Philips^MR||&quot;^&quot;^&quot;^^^^L||20050415000000.000+0200|F|||||||FRENCH|||PID18|&#xD;&#xA;&#x9;&#x9;PV1|2|I|{uniqueId}|1|&#xD;&#xA;&#x9;&#x9;OBR|||0009fbFFFF07f06a^^^EUI-64|69669^MDC_DEV_ANALY_CARD_OUTPUT_MDS^MDC|||20220720013513.935-0400|||ABC-123|||ABC-123|||||||| BaxterIFMout_5.3.5_EV1000_Baxter_XYZ456&#xD;&#xA;&#x9;&#x9;OBX|4||69669^NOM_DEV_ANALY_CARD_OUTPUT_MDS^MDC|1.0.0.0|||||||X|||||||718cbcf4-c374-4c31-9041-6cbd3c46aeaf-Edwards EV1000&#xD;&#xA;&#x9;&#x9;OBX|5||69670^NOM_DEV_ANALY_CARD_OUTPUT_VMD^MDC|1.1.0.0|||||||X|||||||&#xD;&#xA;&#x9;&#x9;OBX|6||69671^MDC_NOM_DEV_ANALY_CARD_OUTPUT_CHAN^MDC|1.1.1.0|||||||X|&#xD;&#xA;&#x9;&#x9;OBX|7|CWE|12345678^UNKNOWN^UNKNOWN^^^^^^tMode|1.1.1.41|1076259847^NLS_DRV_ED711_ENUM_VV_SENSOR^MDC^^^^^^VolView||||||R|||20180622133129.224+0200|&#xD;&#xA;&#x9;&#x9;OBX|8|CWE|67303669^NOM_SETT_MODE_MSMT^MDC^^^^^^sMode|1.1.1.41|1076259847^NLS_DRV_ED711_ENUM_VV_SENSOR^MDC^^^^^^VolView||||||R||SETTING|20180622133304.394+0200|||||&#xD;&#xA;&#x9;&#x9;OBX|9|CWE|67305467^NOM_SETT_MODE_MSMT^MDC^^^^^^testLabelEnum|1.1.1.41|1076259847^NLS_DRV_ED711_ENUM_VV_SENSOR^MDC^^^^^^VolView||||||R|||20180622133129.224+0200|&#xD;&#xA;&#x9;&#x9;OBX|10|CWE|67305468^NOM_NEW^MDC^^^^^^sMode|1.1.1.41|1076259847^NLS_DRV_ED711_ENUM_VV_SENSOR^CAPSULE^^^^^^VolView||||||R|||20180622133129.224+0200|&#xD;&#xA;&#x9;&#x9;OBX|11|CWE|67305469^NOM_NEW^MDC^^^^^^sMode|1.1.1.41|1076297727^UNKNOWN^UNKNOWN^^^^^^VolView||||||R|||20180622133129.224+0200|&#xD;&#xA;&#x9;&#x9;OBX|12|ST|67293194^NOM_SETT_DRUG_NAME_TYPE^MDC|1.4.1.5|RandomDrug||||||R||&#xD;&#xA;&#x9;&#x9;OBX|13|NM|67305466^NOM_NEW^MDC^^^^^^testLabelNum|1.1.1.41|100|262656^MDC_DIM_DIMLESS^MDC|||||R|||20180622133129.224+0200|&#xD;&#xA;&#x9;&#x9;OBX|14|NM|67305465^NOM_NEW^UNKNOWN^^^^^^testLabelNum2|1.1.1.41|100|262656^MDC_DIM_DIMLESS^MDC|||||R|||20180622133129.224+0200|&#xD;&#xA;&#x9;&#x9;OBX|15|NM|67305464^NOM_NEW^MDC^^^^^^testLabelNum3|1.1.1.41|100|262656^MDC_DIM_DIMLESS^MDC|||||R|||20180622133129.224+0200|&#xD;&#xA;&#x9;&#x9;OBX|16|NM|67305463^NOM_NEW^MDC^^^^^^testLabelNum4|1.1.1.41|100|262656^MDC_DIM_DIMLESS^UNKNOWN|||||R|||20180622133129.224+0200|&#xD;&#xA;&#x9;&#x9;OBX|17|NM|67305462^NOM_NEW^MDC^^^^^^testLabelNum5|1.1.1.41|100.0|327679^MDC_DIM_DIMLESS^MDIL^^^^^^NewUnit|||||R|||20180622133129.224+0200|&#xD;&#xA;&#x9;&#x9;OBX|18|NM|67305461^NOM_NEW^MDC^^^^^^testLabelNum6|1.1.1.41|100.00|327679^MDC_DIM_DIMLESS^MDIL^^^^^^NewUnit|||||R||APERIODIC|20180622133129.224+0200|&#xD;&#xA;&#x9;&#x9;OBX|19|CE|67305460^NOM_NEW^MDC^^^^^^testLabelNum7|1.1.1.41|100.00|327679^MDC_DIM_DIMLESS^MDIL^^^^^^NewUnit|||||R|||20180622133129.224+0200|&#xD;&#xA;&#x9;&#x9;OBX|20|NM|NAN^NOM_NEW^MDC^^^^^^testLabelNum8|1.1.1.41|100.00|327679^MDC_DIM_DIMLESS^MDIL^^^^^^NewUnit|||||R|||20180622133129.224+0200|&#xD;&#xA;&#x9;&#x9;OBX|21|CWE|67305468^NOM_NEW^MDC^^^^^^sMode|1.1.1.41|NAN^NLS_DRV_ED711_ENUM_VV_SENSOR^CAPSULE^^^^^^VolView||||||R|||20180622133129.224+0200|&#xD;&#xA;&#x9;&#x9;OBX|22|CWE|67305459^NOM_NEW^MDC^^^^^^testLabelNum9|1.1.1.41|1076297727^NEW_PARAM^MDIL^^^^^^NewEnum||||||R|||20180622133129.224+0200|&#xD;&#xA;&#x9;&#x9;OBX|23|CWE|67305458^NOM_NEW^MDC^^^^^^testLabelNum10|1.1.1.41|NAN^NEW_PARAM^MDIL^^^^^^NewEnum2||||||R|||20180622133129.224+0200|&#xD;&#xA;&#x9;&#x9;OBX|24|CWE|67305458^NOM_NEW^MDC^^^^^^testLabelNum11|1.1.1.41|1076297727^NEW_PARAM^MDIL^^^^^^機器情報||||||R|||20180622133129.224+0200|,20,True,testLabelNum8,100.00,327679,NewUnit,UpdPeriodic,False,,,False,20180622133129.224+0200)" classname="Philips.PMP.Test.Auto.IheMetricDataHandlerTest" time="0.002" status="1" />
    <testcase name="IHEMetricDataHandlerTest (CapsuleMDIP,MSH|^~\&amp;|||||20220720013516.038-0400||ORU^R01^ORU_R01|HP0720013516.038PHMXL02238QJ322|P|2.6|||AL|NE||8859/1|EN^English^ISO639||IHE_PCD_001^IHE PCD^1.3.6.1.4.1.19376.1.6.1.1.1^ISO|&#xD;&#xA;&#x9;&#x9;PID|1||&quot;^^^Philips^MR||&quot;^&quot;^&quot;^^^^L||20050415000000.000+0200|F|||||||FRENCH|||PID18|&#xD;&#xA;&#x9;&#x9;PV1|2|I|{uniqueId}|1|&#xD;&#xA;&#x9;&#x9;OBR|||0009fbFFFF07f06a^^^EUI-64|69669^MDC_DEV_ANALY_CARD_OUTPUT_MDS^MDC|||20220720013513.935-0400|||ABC-123|||ABC-123|||||||| BaxterIFMout_5.3.5_EV1000_Baxter_XYZ456&#xD;&#xA;&#x9;&#x9;OBX|4||69669^NOM_DEV_ANALY_CARD_OUTPUT_MDS^MDC|1.0.0.0|||||||X|||||||718cbcf4-c374-4c31-9041-6cbd3c46aeaf-Edwards EV1000&#xD;&#xA;&#x9;&#x9;OBX|5||69670^NOM_DEV_ANALY_CARD_OUTPUT_VMD^MDC|1.1.0.0|||||||X|||||||&#xD;&#xA;&#x9;&#x9;OBX|6||69671^MDC_NOM_DEV_ANALY_CARD_OUTPUT_CHAN^MDC|1.1.1.0|||||||X|&#xD;&#xA;&#x9;&#x9;OBX|7|CWE|12345678^UNKNOWN^UNKNOWN^^^^^^tMode|1.1.1.41|1076259847^NLS_DRV_ED711_ENUM_VV_SENSOR^MDC^^^^^^VolView||||||R|||20180622133129.224+0200|&#xD;&#xA;&#x9;&#x9;OBX|8|CWE|67303669^NOM_SETT_MODE_MSMT^MDC^^^^^^sMode|1.1.1.41|1076259847^NLS_DRV_ED711_ENUM_VV_SENSOR^MDC^^^^^^VolView||||||R||SETTING|20180622133304.394+0200|||||&#xD;&#xA;&#x9;&#x9;OBX|9|CWE|67305467^NOM_SETT_MODE_MSMT^MDC^^^^^^testLabelEnum|1.1.1.41|1076259847^NLS_DRV_ED711_ENUM_VV_SENSOR^MDC^^^^^^VolView||||||R|||20180622133129.224+0200|&#xD;&#xA;&#x9;&#x9;OBX|10|CWE|67305468^NOM_NEW^MDC^^^^^^sMode|1.1.1.41|1076259847^NLS_DRV_ED711_ENUM_VV_SENSOR^CAPSULE^^^^^^VolView||||||R|||20180622133129.224+0200|&#xD;&#xA;&#x9;&#x9;OBX|11|CWE|67305469^NOM_NEW^MDC^^^^^^sMode|1.1.1.41|1076297727^UNKNOWN^UNKNOWN^^^^^^VolView||||||R|||20180622133129.224+0200|&#xD;&#xA;&#x9;&#x9;OBX|12|ST|67293194^NOM_SETT_DRUG_NAME_TYPE^MDC|1.4.1.5|RandomDrug||||||R||&#xD;&#xA;&#x9;&#x9;OBX|13|NM|67305466^NOM_NEW^MDC^^^^^^testLabelNum|1.1.1.41|100|262656^MDC_DIM_DIMLESS^MDC|||||R|||20180622133129.224+0200|&#xD;&#xA;&#x9;&#x9;OBX|14|NM|67305465^NOM_NEW^UNKNOWN^^^^^^testLabelNum2|1.1.1.41|100|262656^MDC_DIM_DIMLESS^MDC|||||R|||20180622133129.224+0200|&#xD;&#xA;&#x9;&#x9;OBX|15|NM|67305464^NOM_NEW^MDC^^^^^^testLabelNum3|1.1.1.41|100|262656^MDC_DIM_DIMLESS^MDC|||||R|||20180622133129.224+0200|&#xD;&#xA;&#x9;&#x9;OBX|16|NM|67305463^NOM_NEW^MDC^^^^^^testLabelNum4|1.1.1.41|100|262656^MDC_DIM_DIMLESS^UNKNOWN|||||R|||20180622133129.224+0200|&#xD;&#xA;&#x9;&#x9;OBX|17|NM|67305462^NOM_NEW^MDC^^^^^^testLabelNum5|1.1.1.41|100.0|327679^MDC_DIM_DIMLESS^MDIL^^^^^^NewUnit|||||R|||20180622133129.224+0200|&#xD;&#xA;&#x9;&#x9;OBX|18|NM|67305461^NOM_NEW^MDC^^^^^^testLabelNum6|1.1.1.41|100.00|327679^MDC_DIM_DIMLESS^MDIL^^^^^^NewUnit|||||R||APERIODIC|20180622133129.224+0200|&#xD;&#xA;&#x9;&#x9;OBX|19|CE|67305460^NOM_NEW^MDC^^^^^^testLabelNum7|1.1.1.41|100.00|327679^MDC_DIM_DIMLESS^MDIL^^^^^^NewUnit|||||R|||20180622133129.224+0200|&#xD;&#xA;&#x9;&#x9;OBX|20|NM|NAN^NOM_NEW^MDC^^^^^^testLabelNum8|1.1.1.41|100.00|327679^MDC_DIM_DIMLESS^MDIL^^^^^^NewUnit|||||R|||20180622133129.224+0200|&#xD;&#xA;&#x9;&#x9;OBX|21|CWE|67305468^NOM_NEW^MDC^^^^^^sMode|1.1.1.41|NAN^NLS_DRV_ED711_ENUM_VV_SENSOR^CAPSULE^^^^^^VolView||||||R|||20180622133129.224+0200|&#xD;&#xA;&#x9;&#x9;OBX|22|CWE|67305459^NOM_NEW^MDC^^^^^^testLabelNum9|1.1.1.41|1076297727^NEW_PARAM^MDIL^^^^^^NewEnum||||||R|||20180622133129.224+0200|&#xD;&#xA;&#x9;&#x9;OBX|23|CWE|67305458^NOM_NEW^MDC^^^^^^testLabelNum10|1.1.1.41|NAN^NEW_PARAM^MDIL^^^^^^NewEnum2||||||R|||20180622133129.224+0200|&#xD;&#xA;&#x9;&#x9;OBX|24|CWE|67305458^NOM_NEW^MDC^^^^^^testLabelNum11|1.1.1.41|1076297727^NEW_PARAM^MDIL^^^^^^機器情報||||||R|||20180622133129.224+0200|,21,False,sMode,VolView,0,,UpdPeriodic,False,,,False,)" classname="Philips.PMP.Test.Auto.IheMetricDataHandlerTest" time="0.003" status="1" />
    <testcase name="IHEMetricDataHandlerTest (CapsuleMDIP,MSH|^~\&amp;|||||20220720013516.038-0400||ORU^R01^ORU_R01|HP0720013516.038PHMXL02238QJ322|P|2.6|||AL|NE||8859/1|EN^English^ISO639||IHE_PCD_001^IHE PCD^1.3.6.1.4.1.19376.1.6.1.1.1^ISO|&#xD;&#xA;&#x9;&#x9;PID|1||&quot;^^^Philips^MR||&quot;^&quot;^&quot;^^^^L||20050415000000.000+0200|F|||||||FRENCH|||PID18|&#xD;&#xA;&#x9;&#x9;PV1|2|I|{uniqueId}|1|&#xD;&#xA;&#x9;&#x9;OBR|||0009fbFFFF07f06a^^^EUI-64|69669^MDC_DEV_ANALY_CARD_OUTPUT_MDS^MDC|||20220720013513.935-0400|||ABC-123|||ABC-123|||||||| BaxterIFMout_5.3.5_EV1000_Baxter_XYZ456&#xD;&#xA;&#x9;&#x9;OBX|4||69669^NOM_DEV_ANALY_CARD_OUTPUT_MDS^MDC|1.0.0.0|||||||X|||||||718cbcf4-c374-4c31-9041-6cbd3c46aeaf-Edwards EV1000&#xD;&#xA;&#x9;&#x9;OBX|5||69670^NOM_DEV_ANALY_CARD_OUTPUT_VMD^MDC|1.1.0.0|||||||X|||||||&#xD;&#xA;&#x9;&#x9;OBX|6||69671^MDC_NOM_DEV_ANALY_CARD_OUTPUT_CHAN^MDC|1.1.1.0|||||||X|&#xD;&#xA;&#x9;&#x9;OBX|7|CWE|12345678^UNKNOWN^UNKNOWN^^^^^^tMode|1.1.1.41|1076259847^NLS_DRV_ED711_ENUM_VV_SENSOR^MDC^^^^^^VolView||||||R|||20180622133129.224+0200|&#xD;&#xA;&#x9;&#x9;OBX|8|CWE|67303669^NOM_SETT_MODE_MSMT^MDC^^^^^^sMode|1.1.1.41|1076259847^NLS_DRV_ED711_ENUM_VV_SENSOR^MDC^^^^^^VolView||||||R||SETTING|20180622133304.394+0200|||||&#xD;&#xA;&#x9;&#x9;OBX|9|CWE|67305467^NOM_SETT_MODE_MSMT^MDC^^^^^^testLabelEnum|1.1.1.41|1076259847^NLS_DRV_ED711_ENUM_VV_SENSOR^MDC^^^^^^VolView||||||R|||20180622133129.224+0200|&#xD;&#xA;&#x9;&#x9;OBX|10|CWE|67305468^NOM_NEW^MDC^^^^^^sMode|1.1.1.41|1076259847^NLS_DRV_ED711_ENUM_VV_SENSOR^CAPSULE^^^^^^VolView||||||R|||20180622133129.224+0200|&#xD;&#xA;&#x9;&#x9;OBX|11|CWE|67305469^NOM_NEW^MDC^^^^^^sMode|1.1.1.41|1076297727^UNKNOWN^UNKNOWN^^^^^^VolView||||||R|||20180622133129.224+0200|&#xD;&#xA;&#x9;&#x9;OBX|12|ST|67293194^NOM_SETT_DRUG_NAME_TYPE^MDC|1.4.1.5|RandomDrug||||||R||&#xD;&#xA;&#x9;&#x9;OBX|13|NM|67305466^NOM_NEW^MDC^^^^^^testLabelNum|1.1.1.41|100|262656^MDC_DIM_DIMLESS^MDC|||||R|||20180622133129.224+0200|&#xD;&#xA;&#x9;&#x9;OBX|14|NM|67305465^NOM_NEW^UNKNOWN^^^^^^testLabelNum2|1.1.1.41|100|262656^MDC_DIM_DIMLESS^MDC|||||R|||20180622133129.224+0200|&#xD;&#xA;&#x9;&#x9;OBX|15|NM|67305464^NOM_NEW^MDC^^^^^^testLabelNum3|1.1.1.41|100|262656^MDC_DIM_DIMLESS^MDC|||||R|||20180622133129.224+0200|&#xD;&#xA;&#x9;&#x9;OBX|16|NM|67305463^NOM_NEW^MDC^^^^^^testLabelNum4|1.1.1.41|100|262656^MDC_DIM_DIMLESS^UNKNOWN|||||R|||20180622133129.224+0200|&#xD;&#xA;&#x9;&#x9;OBX|17|NM|67305462^NOM_NEW^MDC^^^^^^testLabelNum5|1.1.1.41|100.0|327679^MDC_DIM_DIMLESS^MDIL^^^^^^NewUnit|||||R|||20180622133129.224+0200|&#xD;&#xA;&#x9;&#x9;OBX|18|NM|67305461^NOM_NEW^MDC^^^^^^testLabelNum6|1.1.1.41|100.00|327679^MDC_DIM_DIMLESS^MDIL^^^^^^NewUnit|||||R||APERIODIC|20180622133129.224+0200|&#xD;&#xA;&#x9;&#x9;OBX|19|CE|67305460^NOM_NEW^MDC^^^^^^testLabelNum7|1.1.1.41|100.00|327679^MDC_DIM_DIMLESS^MDIL^^^^^^NewUnit|||||R|||20180622133129.224+0200|&#xD;&#xA;&#x9;&#x9;OBX|20|NM|NAN^NOM_NEW^MDC^^^^^^testLabelNum8|1.1.1.41|100.00|327679^MDC_DIM_DIMLESS^MDIL^^^^^^NewUnit|||||R|||20180622133129.224+0200|&#xD;&#xA;&#x9;&#x9;OBX|21|CWE|67305468^NOM_NEW^MDC^^^^^^sMode|1.1.1.41|NAN^NLS_DRV_ED711_ENUM_VV_SENSOR^CAPSULE^^^^^^VolView||||||R|||20180622133129.224+0200|&#xD;&#xA;&#x9;&#x9;OBX|22|CWE|67305459^NOM_NEW^MDC^^^^^^testLabelNum9|1.1.1.41|1076297727^NEW_PARAM^MDIL^^^^^^NewEnum||||||R|||20180622133129.224+0200|&#xD;&#xA;&#x9;&#x9;OBX|23|CWE|67305458^NOM_NEW^MDC^^^^^^testLabelNum10|1.1.1.41|NAN^NEW_PARAM^MDIL^^^^^^NewEnum2||||||R|||20180622133129.224+0200|&#xD;&#xA;&#x9;&#x9;OBX|24|CWE|67305458^NOM_NEW^MDC^^^^^^testLabelNum11|1.1.1.41|1076297727^NEW_PARAM^MDIL^^^^^^機器情報||||||R|||20180622133129.224+0200|,22,False,testLabelNum9,NewEnum,0,,UpdPeriodic,True,,,False,)" classname="Philips.PMP.Test.Auto.IheMetricDataHandlerTest" time="0.001" status="1" />
    <testcase name="IHEMetricDataHandlerTest (CapsuleMDIP,MSH|^~\&amp;|||||20220720013516.038-0400||ORU^R01^ORU_R01|HP0720013516.038PHMXL02238QJ322|P|2.6|||AL|NE||8859/1|EN^English^ISO639||IHE_PCD_001^IHE PCD^1.3.6.1.4.1.19376.1.6.1.1.1^ISO|&#xD;&#xA;&#x9;&#x9;PID|1||&quot;^^^Philips^MR||&quot;^&quot;^&quot;^^^^L||20050415000000.000+0200|F|||||||FRENCH|||PID18|&#xD;&#xA;&#x9;&#x9;PV1|2|I|{uniqueId}|1|&#xD;&#xA;&#x9;&#x9;OBR|||0009fbFFFF07f06a^^^EUI-64|69669^MDC_DEV_ANALY_CARD_OUTPUT_MDS^MDC|||20220720013513.935-0400|||ABC-123|||ABC-123|||||||| BaxterIFMout_5.3.5_EV1000_Baxter_XYZ456&#xD;&#xA;&#x9;&#x9;OBX|4||69669^NOM_DEV_ANALY_CARD_OUTPUT_MDS^MDC|1.0.0.0|||||||X|||||||718cbcf4-c374-4c31-9041-6cbd3c46aeaf-Edwards EV1000&#xD;&#xA;&#x9;&#x9;OBX|5||69670^NOM_DEV_ANALY_CARD_OUTPUT_VMD^MDC|1.1.0.0|||||||X|||||||&#xD;&#xA;&#x9;&#x9;OBX|6||69671^MDC_NOM_DEV_ANALY_CARD_OUTPUT_CHAN^MDC|1.1.1.0|||||||X|&#xD;&#xA;&#x9;&#x9;OBX|7|CWE|12345678^UNKNOWN^UNKNOWN^^^^^^tMode|1.1.1.41|1076259847^NLS_DRV_ED711_ENUM_VV_SENSOR^MDC^^^^^^VolView||||||R|||20180622133129.224+0200|&#xD;&#xA;&#x9;&#x9;OBX|8|CWE|67303669^NOM_SETT_MODE_MSMT^MDC^^^^^^sMode|1.1.1.41|1076259847^NLS_DRV_ED711_ENUM_VV_SENSOR^MDC^^^^^^VolView||||||R||SETTING|20180622133304.394+0200|||||&#xD;&#xA;&#x9;&#x9;OBX|9|CWE|67305467^NOM_SETT_MODE_MSMT^MDC^^^^^^testLabelEnum|1.1.1.41|1076259847^NLS_DRV_ED711_ENUM_VV_SENSOR^MDC^^^^^^VolView||||||R|||20180622133129.224+0200|&#xD;&#xA;&#x9;&#x9;OBX|10|CWE|67305468^NOM_NEW^MDC^^^^^^sMode|1.1.1.41|1076259847^NLS_DRV_ED711_ENUM_VV_SENSOR^CAPSULE^^^^^^VolView||||||R|||20180622133129.224+0200|&#xD;&#xA;&#x9;&#x9;OBX|11|CWE|67305469^NOM_NEW^MDC^^^^^^sMode|1.1.1.41|1076297727^UNKNOWN^UNKNOWN^^^^^^VolView||||||R|||20180622133129.224+0200|&#xD;&#xA;&#x9;&#x9;OBX|12|ST|67293194^NOM_SETT_DRUG_NAME_TYPE^MDC|1.4.1.5|RandomDrug||||||R||&#xD;&#xA;&#x9;&#x9;OBX|13|NM|67305466^NOM_NEW^MDC^^^^^^testLabelNum|1.1.1.41|100|262656^MDC_DIM_DIMLESS^MDC|||||R|||20180622133129.224+0200|&#xD;&#xA;&#x9;&#x9;OBX|14|NM|67305465^NOM_NEW^UNKNOWN^^^^^^testLabelNum2|1.1.1.41|100|262656^MDC_DIM_DIMLESS^MDC|||||R|||20180622133129.224+0200|&#xD;&#xA;&#x9;&#x9;OBX|15|NM|67305464^NOM_NEW^MDC^^^^^^testLabelNum3|1.1.1.41|100|262656^MDC_DIM_DIMLESS^MDC|||||R|||20180622133129.224+0200|&#xD;&#xA;&#x9;&#x9;OBX|16|NM|67305463^NOM_NEW^MDC^^^^^^testLabelNum4|1.1.1.41|100|262656^MDC_DIM_DIMLESS^UNKNOWN|||||R|||20180622133129.224+0200|&#xD;&#xA;&#x9;&#x9;OBX|17|NM|67305462^NOM_NEW^MDC^^^^^^testLabelNum5|1.1.1.41|100.0|327679^MDC_DIM_DIMLESS^MDIL^^^^^^NewUnit|||||R|||20180622133129.224+0200|&#xD;&#xA;&#x9;&#x9;OBX|18|NM|67305461^NOM_NEW^MDC^^^^^^testLabelNum6|1.1.1.41|100.00|327679^MDC_DIM_DIMLESS^MDIL^^^^^^NewUnit|||||R||APERIODIC|20180622133129.224+0200|&#xD;&#xA;&#x9;&#x9;OBX|19|CE|67305460^NOM_NEW^MDC^^^^^^testLabelNum7|1.1.1.41|100.00|327679^MDC_DIM_DIMLESS^MDIL^^^^^^NewUnit|||||R|||20180622133129.224+0200|&#xD;&#xA;&#x9;&#x9;OBX|20|NM|NAN^NOM_NEW^MDC^^^^^^testLabelNum8|1.1.1.41|100.00|327679^MDC_DIM_DIMLESS^MDIL^^^^^^NewUnit|||||R|||20180622133129.224+0200|&#xD;&#xA;&#x9;&#x9;OBX|21|CWE|67305468^NOM_NEW^MDC^^^^^^sMode|1.1.1.41|NAN^NLS_DRV_ED711_ENUM_VV_SENSOR^CAPSULE^^^^^^VolView||||||R|||20180622133129.224+0200|&#xD;&#xA;&#x9;&#x9;OBX|22|CWE|67305459^NOM_NEW^MDC^^^^^^testLabelNum9|1.1.1.41|1076297727^NEW_PARAM^MDIL^^^^^^NewEnum||||||R|||20180622133129.224+0200|&#xD;&#xA;&#x9;&#x9;OBX|23|CWE|67305458^NOM_NEW^MDC^^^^^^testLabelNum10|1.1.1.41|NAN^NEW_PARAM^MDIL^^^^^^NewEnum2||||||R|||20180622133129.224+0200|&#xD;&#xA;&#x9;&#x9;OBX|24|CWE|67305458^NOM_NEW^MDC^^^^^^testLabelNum11|1.1.1.41|1076297727^NEW_PARAM^MDIL^^^^^^機器情報||||||R|||20180622133129.224+0200|,23,False,testLabelNum10,NewEnum,0,,UpdPeriodic,False,,,False,)" classname="Philips.PMP.Test.Auto.IheMetricDataHandlerTest" time="0.001" status="1" />
    <testcase name="IHEMetricDataHandlerTest (CapsuleMDIP,MSH|^~\&amp;|||||20220720013516.038-0400||ORU^R01^ORU_R01|HP0720013516.038PHMXL02238QJ322|P|2.6|||AL|NE||8859/1|EN^English^ISO639||IHE_PCD_001^IHE PCD^1.3.6.1.4.1.19376.1.6.1.1.1^ISO|&#xD;&#xA;&#x9;&#x9;PID|1||&quot;^^^Philips^MR||&quot;^&quot;^&quot;^^^^L||20050415000000.000+0200|F|||||||FRENCH|||PID18|&#xD;&#xA;&#x9;&#x9;PV1|2|I|{uniqueId}|1|&#xD;&#xA;&#x9;&#x9;OBR|||0009fbFFFF07f06a^^^EUI-64|69669^MDC_DEV_ANALY_CARD_OUTPUT_MDS^MDC|||20220720013513.935-0400|||ABC-123|||ABC-123|||||||| BaxterIFMout_5.3.5_EV1000_Baxter_XYZ456&#xD;&#xA;&#x9;&#x9;OBX|4||69669^NOM_DEV_ANALY_CARD_OUTPUT_MDS^MDC|1.0.0.0|||||||X|||||||718cbcf4-c374-4c31-9041-6cbd3c46aeaf-Edwards EV1000&#xD;&#xA;&#x9;&#x9;OBX|5||69670^NOM_DEV_ANALY_CARD_OUTPUT_VMD^MDC|1.1.0.0|||||||X|||||||&#xD;&#xA;&#x9;&#x9;OBX|6||69671^MDC_NOM_DEV_ANALY_CARD_OUTPUT_CHAN^MDC|1.1.1.0|||||||X|&#xD;&#xA;&#x9;&#x9;OBX|7|CWE|12345678^UNKNOWN^UNKNOWN^^^^^^tMode|1.1.1.41|1076259847^NLS_DRV_ED711_ENUM_VV_SENSOR^MDC^^^^^^VolView||||||R|||20180622133129.224+0200|&#xD;&#xA;&#x9;&#x9;OBX|8|CWE|67303669^NOM_SETT_MODE_MSMT^MDC^^^^^^sMode|1.1.1.41|1076259847^NLS_DRV_ED711_ENUM_VV_SENSOR^MDC^^^^^^VolView||||||R||SETTING|20180622133304.394+0200|||||&#xD;&#xA;&#x9;&#x9;OBX|9|CWE|67305467^NOM_SETT_MODE_MSMT^MDC^^^^^^testLabelEnum|1.1.1.41|1076259847^NLS_DRV_ED711_ENUM_VV_SENSOR^MDC^^^^^^VolView||||||R|||20180622133129.224+0200|&#xD;&#xA;&#x9;&#x9;OBX|10|CWE|67305468^NOM_NEW^MDC^^^^^^sMode|1.1.1.41|1076259847^NLS_DRV_ED711_ENUM_VV_SENSOR^CAPSULE^^^^^^VolView||||||R|||20180622133129.224+0200|&#xD;&#xA;&#x9;&#x9;OBX|11|CWE|67305469^NOM_NEW^MDC^^^^^^sMode|1.1.1.41|1076297727^UNKNOWN^UNKNOWN^^^^^^VolView||||||R|||20180622133129.224+0200|&#xD;&#xA;&#x9;&#x9;OBX|12|ST|67293194^NOM_SETT_DRUG_NAME_TYPE^MDC|1.4.1.5|RandomDrug||||||R||&#xD;&#xA;&#x9;&#x9;OBX|13|NM|67305466^NOM_NEW^MDC^^^^^^testLabelNum|1.1.1.41|100|262656^MDC_DIM_DIMLESS^MDC|||||R|||20180622133129.224+0200|&#xD;&#xA;&#x9;&#x9;OBX|14|NM|67305465^NOM_NEW^UNKNOWN^^^^^^testLabelNum2|1.1.1.41|100|262656^MDC_DIM_DIMLESS^MDC|||||R|||20180622133129.224+0200|&#xD;&#xA;&#x9;&#x9;OBX|15|NM|67305464^NOM_NEW^MDC^^^^^^testLabelNum3|1.1.1.41|100|262656^MDC_DIM_DIMLESS^MDC|||||R|||20180622133129.224+0200|&#xD;&#xA;&#x9;&#x9;OBX|16|NM|67305463^NOM_NEW^MDC^^^^^^testLabelNum4|1.1.1.41|100|262656^MDC_DIM_DIMLESS^UNKNOWN|||||R|||20180622133129.224+0200|&#xD;&#xA;&#x9;&#x9;OBX|17|NM|67305462^NOM_NEW^MDC^^^^^^testLabelNum5|1.1.1.41|100.0|327679^MDC_DIM_DIMLESS^MDIL^^^^^^NewUnit|||||R|||20180622133129.224+0200|&#xD;&#xA;&#x9;&#x9;OBX|18|NM|67305461^NOM_NEW^MDC^^^^^^testLabelNum6|1.1.1.41|100.00|327679^MDC_DIM_DIMLESS^MDIL^^^^^^NewUnit|||||R||APERIODIC|20180622133129.224+0200|&#xD;&#xA;&#x9;&#x9;OBX|19|CE|67305460^NOM_NEW^MDC^^^^^^testLabelNum7|1.1.1.41|100.00|327679^MDC_DIM_DIMLESS^MDIL^^^^^^NewUnit|||||R|||20180622133129.224+0200|&#xD;&#xA;&#x9;&#x9;OBX|20|NM|NAN^NOM_NEW^MDC^^^^^^testLabelNum8|1.1.1.41|100.00|327679^MDC_DIM_DIMLESS^MDIL^^^^^^NewUnit|||||R|||20180622133129.224+0200|&#xD;&#xA;&#x9;&#x9;OBX|21|CWE|67305468^NOM_NEW^MDC^^^^^^sMode|1.1.1.41|NAN^NLS_DRV_ED711_ENUM_VV_SENSOR^CAPSULE^^^^^^VolView||||||R|||20180622133129.224+0200|&#xD;&#xA;&#x9;&#x9;OBX|22|CWE|67305459^NOM_NEW^MDC^^^^^^testLabelNum9|1.1.1.41|1076297727^NEW_PARAM^MDIL^^^^^^NewEnum||||||R|||20180622133129.224+0200|&#xD;&#xA;&#x9;&#x9;OBX|23|CWE|67305458^NOM_NEW^MDC^^^^^^testLabelNum10|1.1.1.41|NAN^NEW_PARAM^MDIL^^^^^^NewEnum2||||||R|||20180622133129.224+0200|&#xD;&#xA;&#x9;&#x9;OBX|24|CWE|67305458^NOM_NEW^MDC^^^^^^testLabelNum11|1.1.1.41|1076297727^NEW_PARAM^MDIL^^^^^^機器情報||||||R|||20180622133129.224+0200|,24,False,testLabelNum11,機器情報,0,,UpdPeriodic,True,,,False,)" classname="Philips.PMP.Test.Auto.IheMetricDataHandlerTest" time="0.004" status="1" />
    <testcase name="IHEMetricDataHandlerTest (BDAIC,MSH|^~\&amp;|||||20201201141507.982-0500||ORU^R01^ORU_R01|HP1201141507.982PH2UA91414CR6|P|2.6|||AL|NE||8859/1|EN^English^ISO639||IHE_PCD_001^IHE PCD^1.3.6.1.4.1.19376.1.6.1.1.1^ISO&#xD;&#xA;&#x9;&#x9;PID|||&quot;^^^Philips^MR||&quot;^&quot;^&quot;^^^^L||&quot;|&quot;&#xD;&#xA;&#x9;&#x9;PV1||I|My Unit^^Be001&#xD;&#xA;&#x9;&#x9;OBR|||0009fbFFFF78373b^^^EUI-64|69965^MDC_DEV_MON_PHYSIO_MULTI_PARAM_MDS^MDC|||20201201141507.915-0500&#xD;&#xA;&#x9;&#x9;OBX|||69965^MDC_DEV_MON_PHYSIO_MULTI_PARAM_MDS^MDC|1.0.0.0|||||||X|||||||34f0c2ae-e930-4806-b7ed-b65e88cbeacb-IntelliVue MX800 - 865240&#xD;&#xA;&#x9;&#x9;OBX|||70002^MDC_DEV_SYS_PT_VENT_VMD^MDC|1.1.0.0|||||||X|||||||DE12507943&#xD;&#xA;&#x9;&#x9;OBX|||70003^MDC_DEV_SYS_PT_VENT_CHAN^MDC|1.1.1.0|||||||X&#xD;&#xA;&#x9;&#x9;OBX||NM|153316^MDC_RESP_TIME_CONSTANT_EXP^MDC|1.1.1.2|22|264320^MDC_DIM_SEC^MDC|&gt;10||||F &#xD;&#xA;&#x9;&#x9;OBX|18|NM|157916^MDC_TIME_PD_REMAIN^MDC|1.1.2.210|602|264352^MDC_DIM_MIN^MDC^min^min^UCUM|||||R&#xD;&#xA;&#x9;&#x9;OBX||NM|194585^NOM_BREATH_RAPID_SHALLOW_INDEX^MDC|1.1.1.3|80|262656^MDC_DIM_DIMLESS^MDC|2-12||||F&#xD;&#xA;&#x9;&#x9;OBX||CWE|0^MDC_DEV_PUMP_ACTIVE_SOURCES^MDC|1.1.1.18|^pump-source-info-primary^MDC||||||R&#xD;&#xA;&#x9;&#x9;OBX|8|NM|157924^MDC_RATE_DOSE^MDC|1.1.1.3|1.3|265266^MDC_DIM_MILLI_L_PER_HR^MDC^mL/h^mL/h^UCUM|&lt;14||||R&#xD;&#xA;&#x9;&#x9;OBX|9|NM|67266788^MDC_RATE_DOSE^MDC|1.1.1.4|2.3|265266^MDC_DIM_MILLI_L_PER_HR^MDC^mL/h^mL/h^UCUM|||||R&#xD;&#xA;&#x9;&#x9;OBX|10|NM|67305461^NOM_NEW^MDC^^^^^^testLabelNum6|1.1.1.41|100.00|265266^MDC_DIM_MILLI_L_PER_HR^MDC^mL/h^mL/h^UCUM|0-0||||R||APERIODIC||,11,True,,1.3,265266,,UpdPeriodic,True,,,False,)" classname="Philips.PMP.Test.Auto.IheMetricDataHandlerTest" time="0.002" status="1" />
    <testcase name="IHEMetricDataHandlerTest (BDAIC,MSH|^~\&amp;|||||20201201141507.982-0500||ORU^R01^ORU_R01|HP1201141507.982PH2UA91414CR6|P|2.6|||AL|NE||8859/1|EN^English^ISO639||IHE_PCD_001^IHE PCD^1.3.6.1.4.1.19376.1.6.1.1.1^ISO&#xD;&#xA;&#x9;&#x9;PID|||&quot;^^^Philips^MR||&quot;^&quot;^&quot;^^^^L||&quot;|&quot;&#xD;&#xA;&#x9;&#x9;PV1||I|My Unit^^Be001&#xD;&#xA;&#x9;&#x9;OBR|||0009fbFFFF78373b^^^EUI-64|69965^MDC_DEV_MON_PHYSIO_MULTI_PARAM_MDS^MDC|||20201201141507.915-0500&#xD;&#xA;&#x9;&#x9;OBX|||69965^MDC_DEV_MON_PHYSIO_MULTI_PARAM_MDS^MDC|1.0.0.0|||||||X|||||||34f0c2ae-e930-4806-b7ed-b65e88cbeacb-IntelliVue MX800 - 865240&#xD;&#xA;&#x9;&#x9;OBX|||70002^MDC_DEV_SYS_PT_VENT_VMD^MDC|1.1.0.0|||||||X|||||||DE12507943&#xD;&#xA;&#x9;&#x9;OBX|||70003^MDC_DEV_SYS_PT_VENT_CHAN^MDC|1.1.1.0|||||||X&#xD;&#xA;&#x9;&#x9;OBX||NM|153316^MDC_RESP_TIME_CONSTANT_EXP^MDC|1.1.1.2|22|264320^MDC_DIM_SEC^MDC|&gt;10||||F &#xD;&#xA;&#x9;&#x9;OBX|18|NM|157916^MDC_TIME_PD_REMAIN^MDC|1.1.2.210|602|264352^MDC_DIM_MIN^MDC^min^min^UCUM|||||R&#xD;&#xA;&#x9;&#x9;OBX||NM|194585^NOM_BREATH_RAPID_SHALLOW_INDEX^MDC|1.1.1.3|80|262656^MDC_DIM_DIMLESS^MDC|2-12||||F&#xD;&#xA;&#x9;&#x9;OBX||CWE|0^MDC_DEV_PUMP_ACTIVE_SOURCES^MDC|1.1.1.18|^pump-source-info-primary^MDC||||||R&#xD;&#xA;&#x9;&#x9;OBX|8|NM|157924^MDC_RATE_DOSE^MDC|1.1.1.3|1.3|265266^MDC_DIM_MILLI_L_PER_HR^MDC^mL/h^mL/h^UCUM|&lt;14||||R&#xD;&#xA;&#x9;&#x9;OBX|9|NM|67266788^MDC_RATE_DOSE^MDC|1.1.1.4|2.3|265266^MDC_DIM_MILLI_L_PER_HR^MDC^mL/h^mL/h^UCUM|||||R&#xD;&#xA;&#x9;&#x9;OBX|10|NM|67305461^NOM_NEW^MDC^^^^^^testLabelNum6|1.1.1.41|100.00|265266^MDC_DIM_MILLI_L_PER_HR^MDC^mL/h^mL/h^UCUM|0-0||||R||APERIODIC||,12,True,,2.3,265266,,UpdPeriodic,True,,,False,)" classname="Philips.PMP.Test.Auto.IheMetricDataHandlerTest" time="0.001" status="1" />
    <testcase name="IHEMetricDataHandlerTest (CapsuleMDIP,MSH|^~\&amp;|||||20201201141507.982-0500||ORU^R01^ORU_R01|HP1201141507.982PH2UA91414CR6|P|2.6|||AL|NE||8859/1|EN^English^ISO639||IHE_PCD_001^IHE PCD^1.3.6.1.4.1.19376.1.6.1.1.1^ISO&#xD;&#xA;&#x9;&#x9;PID|||&quot;^^^Philips^MR||&quot;^&quot;^&quot;^^^^L||&quot;|&quot;&#xD;&#xA;&#x9;&#x9;PV1||I|My Unit^^Be001&#xD;&#xA;&#x9;&#x9;OBR|||0009fbFFFF78373b^^^EUI-64|69965^MDC_DEV_MON_PHYSIO_MULTI_PARAM_MDS^MDC|||20201201141507.915-0500&#xD;&#xA;&#x9;&#x9;OBX|||69965^MDC_DEV_MON_PHYSIO_MULTI_PARAM_MDS^MDC|1.0.0.0|||||||X|||||||34f0c2ae-e930-4806-b7ed-b65e88cbeacb-IntelliVue MX800 - 865240&#xD;&#xA;&#x9;&#x9;OBX|||70002^MDC_DEV_SYS_PT_VENT_VMD^MDC|1.1.0.0|||||||X|||||||DE12507943&#xD;&#xA;&#x9;&#x9;OBX|||70003^MDC_DEV_SYS_PT_VENT_CHAN^MDC|1.1.1.0|||||||X&#xD;&#xA;&#x9;&#x9;OBX||NM|^MDC_RESP_TIME_CONSTANT_EXP^MDC|1.1.1.2|22|264320^MDC_DIM_SEC^MDC|||||F,7,True,,22,264320,,UpdPeriodic,False,,,False,)" classname="Philips.PMP.Test.Auto.IheMetricDataHandlerTest" time="0.000" status="1" />
    <testcase name="IHEMetricDataHandlerTest (BDAIC,MSH|^~\&amp;|||||20201201141507.982-0500||ORU^R01^ORU_R01|HP1201141507.982PH2UA91414CR6|P|2.6|||AL|NE||8859/1|EN^English^ISO639||IHE_PCD_001^IHE PCD^1.3.6.1.4.1.19376.1.6.1.1.1^ISO&#xD;&#xA;&#x9;&#x9;PID|||&quot;^^^Philips^MR||&quot;^&quot;^&quot;^^^^L||&quot;|&quot;&#xD;&#xA;&#x9;&#x9;PV1||I|My Unit^^Be001&#xD;&#xA;&#x9;&#x9;OBR|||0009fbFFFF78373b^^^EUI-64|69965^MDC_DEV_MON_PHYSIO_MULTI_PARAM_MDS^MDC|||20201201141507.915-0500&#xD;&#xA;&#x9;&#x9;OBX|||69965^MDC_DEV_MON_PHYSIO_MULTI_PARAM_MDS^MDC|1.0.0.0|||||||X|||||||34f0c2ae-e930-4806-b7ed-b65e88cbeacb-IntelliVue MX800 - 865240&#xD;&#xA;&#x9;&#x9;OBX|||70002^MDC_DEV_SYS_PT_VENT_VMD^MDC|1.1.0.0|||||||X|||||||DE12507943&#xD;&#xA;&#x9;&#x9;OBX|||70003^MDC_DEV_SYS_PT_VENT_CHAN^MDC|1.1.1.0|||||||X&#xD;&#xA;&#x9;&#x9;OBX||NM|153316^MDC_RESP_TIME_CONSTANT_EXP^MDC|1.1.1.2|22|264320^MDC_DIM_SEC^MDC|&gt;10||||F &#xD;&#xA;&#x9;&#x9;OBX|18|NM|157916^MDC_TIME_PD_REMAIN^MDC|1.1.2.210|602|264352^MDC_DIM_MIN^MDC^min^min^UCUM|||||R&#xD;&#xA;&#x9;&#x9;OBX||NM|194585^NOM_BREATH_RAPID_SHALLOW_INDEX^MDC|1.1.1.3|80|262656^MDC_DIM_DIMLESS^MDC|2-12||||F&#xD;&#xA;&#x9;&#x9;OBX||CWE|0^MDC_DEV_PUMP_ACTIVE_SOURCES^MDC|1.1.1.18|^pump-source-info-primary^MDC||||||R&#xD;&#xA;&#x9;&#x9;OBX|8|NM|157924^MDC_RATE_DOSE^MDC|1.1.1.3|1.3|265266^MDC_DIM_MILLI_L_PER_HR^MDC^mL/h^mL/h^UCUM|&lt;14||||R&#xD;&#xA;&#x9;&#x9;OBX|9|NM|67266788^MDC_RATE_DOSE^MDC|1.1.1.4|2.3|265266^MDC_DIM_MILLI_L_PER_HR^MDC^mL/h^mL/h^UCUM|||||R&#xD;&#xA;&#x9;&#x9;OBX|10|NM|67305461^NOM_NEW^MDC^^^^^^testLabelNum6|1.1.1.41|100.00|265266^MDC_DIM_MILLI_L_PER_HR^MDC^mL/h^mL/h^UCUM|0-0||||R||APERIODIC||,11,True,,1.3,265266,,UpdPeriodic,False,0,12,True,)" classname="Philips.PMP.Test.Auto.IheMetricDataHandlerTest" time="0.008" status="1" />
    <testcase name="IHEMetricDataHandlerTest (CapsuleMDIP,MSH|^~\&amp;|DATACAPTOR|Hospital1|||20220801043310.279-0400||ORU^R01^ORU_R01|HP0801043310.279PHMXL02238QJ420|P|2.6|||AL|NE||UNICODE UTF-8|EN^English^ISO639||IHE_PCD_001^IHE PCD^1.3.6.1.4.1.19376.1.6.1.1.1^ISO|&#xD;&#xA;&#x9;&#x9;PID|||PID3-EXAMPLE||Smith^John^^^^^L||19470331000000.000+0200|M|||||||ENGLISH|||PID18-EXAMPLE|&#xD;&#xA;&#x9;&#x9;PV1||I|My Unit^^Be001&#xD;&#xA;&#x9;&#x9;OBR|||0009fbFFFF07f06a^^^EUI-64|69669^MDC_DEV_ANALY_CARD_OUTPUT_MDS^MDC|||20220601093616.050-0400||||||||||||| |BaxterIFMout_5.3.5_EV1000_Baxter_XYZ456&#xD;&#xA;&#x9;&#x9;OBX|||69669^MDC_DEV_ANALY_CARD_OUTPUT_MDS^MDC|1.0.0.0|||||||X|||||||1dab297c-9f89-4f0d-949a-d6dd01f49307-Edwards EV1000|&#xD;&#xA;&#x9;&#x9;OBX|5||69670^NOM_DEV_ANALY_CARD_OUTPUT_VMD^MDC|1.1.0.0|||||||X|||||||&#xD;&#xA;&#x9;&#x9;OBX|6||69671^MDC_NOM_DEV_ANALY_CARD_OUTPUT_CHAN^MDC|1.1.1.0|||||||X|&#xD;&#xA;&#x9;&#x9;OBX||NM|188436^MDC_TEMP_BLD^MDC|1.1.1.1|1|268192^MDC_DIM_DEGC^MDC|0-12||||R|&#xD;&#xA;&#x9;&#x9;OBX||NM|150276^NOM_OUTPUT_CARD^MDIL^^^^^^C.O.|1.1.1.3|5|265216^MDC_DIM_X_L_PER_MIN^MDIL^^^^^^l/min|0-12||||R||APERIODIC|20180622133304.394+0200|||||&#xD;&#xA;&#x9;&#x9;OBX||CWE|0^MDC_DEV_PUMP_ACTIVE_SOURCES^MDC|1.1.1.4|^pump-source-info-primary^MDC||||||R||&#xD;&#xA;&#x9;&#x9;OBX||NM||1.1.1.5|^pump-source-info-primary^MDC||||||R||,8,True,,5,265216,,UpdEpisodic,False,,,False,20190622133304.394+0200)" classname="Philips.PMP.Test.Auto.IheMetricDataHandlerTest" time="0.001" status="1" />
    <testcase name="IHEMetricDataHandlerTest (CapsuleMDIP,MSH|^~\&amp;|DATACAPTOR|Hospital1|||20220801043310.279-0400||ORU^R01^ORU_R01|HP0801043310.279PHMXL02238QJ420|P|2.6|||AL|NE||UNICODE UTF-8|EN^English^ISO639||IHE_PCD_001^IHE PCD^1.3.6.1.4.1.19376.1.6.1.1.1^ISO|&#xD;&#xA;&#x9;&#x9;PID|||PID3-EXAMPLE||Smith^John^^^^^L||19470331000000.000+0200|M|||||||ENGLISH|||PID18-EXAMPLE|&#xD;&#xA;&#x9;&#x9;PV1||I|My Unit^^Be001&#xD;&#xA;&#x9;&#x9;OBR|||0009fbFFFF07f06a^^^EUI-64|69669^MDC_DEV_ANALY_CARD_OUTPUT_MDS^MDC|||20220601093616.050-0400||||||||||||| |BaxterIFMout_5.3.5_EV1000_Baxter_XYZ456&#xD;&#xA;&#x9;&#x9;OBX|||69669^MDC_DEV_ANALY_CARD_OUTPUT_MDS^MDC|1.0.0.0|||||||X|||||||1dab297c-9f89-4f0d-949a-d6dd01f49307-Edwards EV1000|&#xD;&#xA;&#x9;&#x9;OBX|5||69670^NOM_DEV_ANALY_CARD_OUTPUT_VMD^MDC|1.1.0.0|||||||X|||||||&#xD;&#xA;&#x9;&#x9;OBX|6||69671^MDC_NOM_DEV_ANALY_CARD_OUTPUT_CHAN^MDC|1.1.1.0|||||||X|&#xD;&#xA;&#x9;&#x9;OBX||NM|188436^MDC_TEMP_BLD^MDC|1.1.1.1|1|268192^MDC_DIM_DEGC^MDC|0-12||||R|&#xD;&#xA;&#x9;&#x9;OBX||NM|150276^NOM_OUTPUT_CARD^MDIL^^^^^^C.O.|1.1.1.3|5|265216^MDC_DIM_X_L_PER_MIN^MDIL^^^^^^l/min|0-12||||R||APERIODIC|20180622133304.394+0200|||||&#xD;&#xA;&#x9;&#x9;OBX||CWE|0^MDC_DEV_PUMP_ACTIVE_SOURCES^MDC|1.1.1.4|^pump-source-info-primary^MDC||||||R||&#xD;&#xA;&#x9;&#x9;OBX||NM||1.1.1.5|^pump-source-info-primary^MDC||||||R||,9,False,,pump-source-info-primary,0,,UpdEpisodic,False,,,False,)" classname="Philips.PMP.Test.Auto.IheMetricDataHandlerTest" time="0.000" status="1" />
    <testcase name="IHEMetricDataHandlerTest (CapsuleMDIP,MSH|^~\&amp;|||||20220720013516.038-0400||ORU^R01^ORU_R01|HP0720013516.038PHMXL02238QJ322|P|2.6|||AL|NE||8859/1|EN^English^ISO639||IHE_PCD_001^IHE PCD^1.3.6.1.4.1.19376.1.6.1.1.1^ISO|&#xD;&#xA;&#x9;&#x9;PID|1||&quot;^^^Philips^MR||&quot;^&quot;^&quot;^^^^L||20050415000000.000+0200|F|||||||FRENCH|||PID18|&#xD;&#xA;&#x9;&#x9;PV1|2|I|ICU1^^^Bed002|1|&#xD;&#xA;&#x9;&#x9;OBR|||0009fbFFFF07f06a^^^EUI-64|69669^MDC_DEV_ANALY_CARD_OUTPUT_MDS^MDC|||20220720013513.935-0400|||ABC-123|||ABC-123|||||||| BaxterIFMout_5.3.5_EV1000_Baxter_XYZ456&#xD;&#xA;&#x9;&#x9;OBX|4||69669^NOM_DEV_ANALY_CARD_OUTPUT_MDS^MDC|1.0.0.0|||||||X|||||||718cbcf4-c374-4c31-9041-6cbd3c46aeaf-Edwards EV1000&#xD;&#xA;&#x9;&#x9;OBX|5||69670^NOM_DEV_ANALY_CARD_OUTPUT_VMD^MDC|1.1.0.0|||||||X|||||||&#xD;&#xA;&#x9;&#x9;OBX|6||69671^MDC_NOM_DEV_ANALY_CARD_OUTPUT_CHAN^MDC|1.1.1.0|||||||X|&#xD;&#xA;&#x9;&#x9;OBX|7|NM|67305461^NOM_NEW^MDC^^^^^^testLabelNum6|1.1.1.41|100.00|327679^MDC_DIM_DIMLESS^MDIL^^^^^^NewUnit|||||R||APERIODIC|20190622133304.394+0200|,7,True,testLabelNum6,100.00,327679,NewUnit,UpdEpisodic,True,,,False,20190622133304.394+0200)" classname="Philips.PMP.Test.Auto.IheMetricDataHandlerTest" time="0.001" status="1" />
    <testcase name="IHEMetricDataHandlerTest (BBraunDoselinkPlus,MSH|^~\&amp;|PAT_DEVICE_BBRAUN^0012211839000001^EUI-64|BBRAUN|DOC_AM_TEST|BB1|20220523142113+0000||ORU^R01^ORU_R01|63788912473382465025|P|2.6|||AL|NE||ASCII|en^English^ISO639||IHE_PCD_001^IHE PCD^1.3.6.1.4.1.19376.1.6.4.1^ISO&#xD;&#xA;&#x9;&#x9;PID|||Unknown Patient^Unknown Patient||^^^^^^U||||||||||||||||||||||||||Y&#xD;&#xA;&#x9;&#x9;OBR|1|029d53e1-daa3-11ec-8487-c0ee400d168f^PAT_DEVICE_BBRAUN^0012211839000001^EUI-64|029d53e1-daa3-11ec-8487-c0ee400d168f^PAT_DEVICE_BBRAUN^0012211839000001^EUI-64|Dobutamine^Dobutamine|||20220523142039+0000&#xD;&#xA;&#x9;&#x9;OBX|1||70053^MDC_DEV_PUMP_INFUS_SYRINGE_MDS^MDC|1.0.0.0|||||||X|||||||P2450^^0012210000000000^EUI-64&#xD;&#xA;&#x9;&#x9;OBX|2||70054^MDC_DEV_PUMP_INFUS_SYRINGE_VMD^MDC|1.1.0.0|||||||X&#xD;&#xA;&#x9;&#x9;OBX|8||70067^MDC_DEV_PUMP_DELIVERY_INFO^MDC|1.1.1.0|||||||X&#xD;&#xA;&#x9;&#x9;OBX|9|ST|0^MDC_ATTR_PUMP_PILLAR_DETAILS^MDC|1.1.0.24|0^0||||||F|||||||{uniqueId}&#xD;&#xA;&#x9;&#x9;OBX|9|CWE|184519^MDC_PUMP_INFUSING_STATUS^MDC|1.1.1.1|^pump-status-infusing||||||R&#xD;&#xA;&#x9;&#x9;OBX|10|NM|158014^MDC_FLOW_FLUID_PUMP_CURRENT^MDC|1.1.1.2|18|265266^MDC_DIM_MILLI_L_PER_HR^MDC^mL/h^mL/h^UCUM|||||R&#xD;&#xA;&#x9;&#x9;OBX|11|CWE|158016^MDC_DEV_PUMP_ACTIVE_SOURCES^MDC|1.1.1.3|^pump-source-info-primary||||||R&#xD;&#xA;&#x9;&#x9;OBX|12||70071^MDC_DEV_PUMP_INFUSATE_SOURCE_PRIMARY^MDC|1.1.2.0|||||||X&#xD;&#xA;&#x9;&#x9;OBX|13|ST|158012^MDC_DEV_PUMP_SOURCE_CHANNEL_LABEL^MDC|1.1.2.1|Primary||||||R&#xD;&#xA;&#x9;&#x9;OBX|14|ST|184514^MDC_DRUG_NAME_LABEL^MDC|1.1.2.2|Dobutamine||||||R&#xD;&#xA;&#x9;&#x9;OBX|15|ST|184516^MDC_PUMP_DRUG_LIBRARY_CARE_AREA^MDC|1.1.2.4|Global Surgery||||||R&#xD;&#xA;&#x9;&#x9;OBX|16|NM|157784^MDC_FLOW_FLUID_PUMP^MDC|1.1.2.5|18|265266^MDC_DIM_MILLI_L_PER_HR^MDC^mL/h^mL/h^UCUM|||||R&#xD;&#xA;&#x9;&#x9;OBX|17|NM|157760^MDC_CONC_DRUG^MDC|1.1.2.7|5|264306^MDC_DIM_MILLI_G_PER_ML^MDC^mg/mL^mg/mL^UCUM|||||R&#xD;&#xA;&#x9;&#x9;OBX|18|NM|157884^MDC_VOL_FLUID_TBI^MDC|1.1.2.8|2|263762^MDC_DIM_MILLI_L^MDC^mL^mL^UCUM|||||R&#xD;&#xA;&#x9;&#x9;OBX|19|NM|157872^MDC_VOL_FLUID_TBI_REMAIN^MDC|1.1.2.9|0.9|263762^MDC_DIM_MILLI_L^MDC^mL^mL^UCUM|||||R&#xD;&#xA;&#x9;&#x9;OBX|20|NM|157993^MDC_VOL_FLUID_DELIV_TOTAL^MDC|1.1.2.11|1.1|263762^MDC_DIM_MILLI_L^MDC^mL^mL^UCUM|||||R&#xD;&#xA;&#x9;&#x9;OBX|21|NM|157999^MDC_DOSE_DRUG_TBI^MDC|1.1.2.12|10000|263891^MDC_DIM_MICRO_G^MDC^ug^ug^UCUM|||||R&#xD;&#xA;&#x9;&#x9;OBX|22|NM|158000^MDC_DOSE_DRUG_TBI_REMAIN^MDC|1.1.2.13|4480|263891^MDC_DIM_MICRO_G^MDC^ug^ug^UCUM|||||R&#xD;&#xA;&#x9;&#x9;OBX|23|NM|158001^MDC_DOSE_DRUG_DELIV_TOTAL^MDC|1.1.2.15|5520|263891^MDC_DIM_MICRO_G^MDC^ug^ug^UCUM|||||R&#xD;&#xA;&#x9;&#x9;OBX|24|NM|157996^MDC_TIME_PD_PROG^MDC|1.1.2.16|400|264320^MDC_DIM_X_SEC^MDC^s^s^UCUM|||||R&#xD;&#xA;&#x9;&#x9;OBX|25|NM|157916^MDC_TIME_PD_REMAIN^MDC|1.1.2.17|179|264320^MDC_DIM_X_SEC^MDC^s^s^UCUM|||||R&#xD;&#xA;&#x9;&#x9;OBX|26|NM|68063^MDC_ATTR_PT_WEIGHT^MDC|1.1.2.18|100|263875^MDC_DIM_KILO_G^MDC^kg^kg^UCUM|||||R&#xD;&#xA;&#x9;&#x9;OBX|27|CWE|158008^MDC_DEV_PUMP_PROGRAM_DELIVERY_MODE^MDC|1.1.2.21|^pump-program-delivery-mode-continuous||||||R&#xD;&#xA;&#x9;&#x9;OBX|28|CWE|158005^MDC_DEV_PUMP_CURRENT_DELIVERY_STATUS^MDC|1.1.2.22|^pump-delivery-status-delivering||||||R&#xD;&#xA;&#x9;&#x9;OBX|29||70091^MDC_DEV_PUMP_SYRINGE_INFO^MDC|1.1.6.0|||||||X&#xD;&#xA;&#x9;&#x9;OBX|30|NM|157880^MDC_VOL_SYRINGE^MDC|1.1.6.1|50|263762^MDC_DIM_MILLI_L^MDC^mL^mL^UCUM|||||R&#xD;&#xA;&#x9;&#x9;OBX|31|NM|157984^MDC_VOL_SYRINGE_ACTUAL^MDC|1.1.6.2|30.95|263762^MDC_DIM_MILLI_L^MDC^mL^mL^UCUM|||||R&#xD;&#xA;&#x9;&#x9;OBX|32|ST|184488^MDC_SYRINGE_MANUFACTURER^MDC|1.1.6.3|B.Braun OPS 50 mL||||||R,8,True,,18,265266,,UpdPeriodic,True,,,False,)" classname="Philips.PMP.Test.Auto.IheMetricDataHandlerTest" time="0.004" status="1" />
    <testcase name="IHEMetricDataHandlerTest (BBraunDoselinkPlus,MSH|^~\&amp;|PAT_DEVICE_BBRAUN^0012211839000001^EUI-64|BBRAUN|DOC_AM_TEST|BB1|20220523142113+0000||ORU^R01^ORU_R01|63788912473382465025|P|2.6|||AL|NE||ASCII|en^English^ISO639||IHE_PCD_001^IHE PCD^1.3.6.1.4.1.19376.1.6.4.1^ISO&#xD;&#xA;&#x9;&#x9;PID|||Unknown Patient^Unknown Patient||^^^^^^U||||||||||||||||||||||||||Y&#xD;&#xA;&#x9;&#x9;OBR|1|029d53e1-daa3-11ec-8487-c0ee400d168f^PAT_DEVICE_BBRAUN^0012211839000001^EUI-64|029d53e1-daa3-11ec-8487-c0ee400d168f^PAT_DEVICE_BBRAUN^0012211839000001^EUI-64|Dobutamine^Dobutamine|||20220523142039+0000&#xD;&#xA;&#x9;&#x9;OBX|1||70053^MDC_DEV_PUMP_INFUS_SYRINGE_MDS^MDC|1.0.0.0|||||||X|||||||P2450^^0012210000000000^EUI-64&#xD;&#xA;&#x9;&#x9;OBX|2||70054^MDC_DEV_PUMP_INFUS_SYRINGE_VMD^MDC|1.1.0.0|||||||X&#xD;&#xA;&#x9;&#x9;OBX|8||70067^MDC_DEV_PUMP_DELIVERY_INFO^MDC|1.1.1.0|||||||X&#xD;&#xA;&#x9;&#x9;OBX|9|ST|0^MDC_ATTR_PUMP_PILLAR_DETAILS^MDC|1.1.0.24|0^0||||||F|||||||{uniqueId}&#xD;&#xA;&#x9;&#x9;OBX|9|CWE|184519^MDC_PUMP_INFUSING_STATUS^MDC|1.1.1.1|^pump-status-infusing||||||R&#xD;&#xA;&#x9;&#x9;OBX|10|NM|158014^MDC_FLOW_FLUID_PUMP_CURRENT^MDC|1.1.1.2|18|265266^MDC_DIM_MILLI_L_PER_HR^MDC^mL/h^mL/h^UCUM|||||R&#xD;&#xA;&#x9;&#x9;OBX|11|CWE|158016^MDC_DEV_PUMP_ACTIVE_SOURCES^MDC|1.1.1.3|^pump-source-info-primary||||||R&#xD;&#xA;&#x9;&#x9;OBX|12||70071^MDC_DEV_PUMP_INFUSATE_SOURCE_PRIMARY^MDC|1.1.2.0|||||||X&#xD;&#xA;&#x9;&#x9;OBX|13|ST|158012^MDC_DEV_PUMP_SOURCE_CHANNEL_LABEL^MDC|1.1.2.1|Primary||||||R&#xD;&#xA;&#x9;&#x9;OBX|14|ST|184514^MDC_DRUG_NAME_LABEL^MDC|1.1.2.2|Dobutamine||||||R&#xD;&#xA;&#x9;&#x9;OBX|15|ST|184516^MDC_PUMP_DRUG_LIBRARY_CARE_AREA^MDC|1.1.2.4|Global Surgery||||||R&#xD;&#xA;&#x9;&#x9;OBX|16|NM|157784^MDC_FLOW_FLUID_PUMP^MDC|1.1.2.5|18|265266^MDC_DIM_MILLI_L_PER_HR^MDC^mL/h^mL/h^UCUM|||||R&#xD;&#xA;&#x9;&#x9;OBX|17|NM|157760^MDC_CONC_DRUG^MDC|1.1.2.7|5|264306^MDC_DIM_MILLI_G_PER_ML^MDC^mg/mL^mg/mL^UCUM|||||R&#xD;&#xA;&#x9;&#x9;OBX|18|NM|157884^MDC_VOL_FLUID_TBI^MDC|1.1.2.8|2|263762^MDC_DIM_MILLI_L^MDC^mL^mL^UCUM|||||R&#xD;&#xA;&#x9;&#x9;OBX|19|NM|157872^MDC_VOL_FLUID_TBI_REMAIN^MDC|1.1.2.9|0.9|263762^MDC_DIM_MILLI_L^MDC^mL^mL^UCUM|||||R&#xD;&#xA;&#x9;&#x9;OBX|20|NM|157993^MDC_VOL_FLUID_DELIV_TOTAL^MDC|1.1.2.11|1.1|263762^MDC_DIM_MILLI_L^MDC^mL^mL^UCUM|||||R&#xD;&#xA;&#x9;&#x9;OBX|21|NM|157999^MDC_DOSE_DRUG_TBI^MDC|1.1.2.12|10000|263891^MDC_DIM_MICRO_G^MDC^ug^ug^UCUM|||||R&#xD;&#xA;&#x9;&#x9;OBX|22|NM|158000^MDC_DOSE_DRUG_TBI_REMAIN^MDC|1.1.2.13|4480|263891^MDC_DIM_MICRO_G^MDC^ug^ug^UCUM|||||R&#xD;&#xA;&#x9;&#x9;OBX|23|NM|158001^MDC_DOSE_DRUG_DELIV_TOTAL^MDC|1.1.2.15|5520|263891^MDC_DIM_MICRO_G^MDC^ug^ug^UCUM|||||R&#xD;&#xA;&#x9;&#x9;OBX|24|NM|157996^MDC_TIME_PD_PROG^MDC|1.1.2.16|400|264320^MDC_DIM_X_SEC^MDC^s^s^UCUM|||||R&#xD;&#xA;&#x9;&#x9;OBX|25|NM|157916^MDC_TIME_PD_REMAIN^MDC|1.1.2.17|179|264320^MDC_DIM_X_SEC^MDC^s^s^UCUM|||||R&#xD;&#xA;&#x9;&#x9;OBX|26|NM|68063^MDC_ATTR_PT_WEIGHT^MDC|1.1.2.18|100|263875^MDC_DIM_KILO_G^MDC^kg^kg^UCUM|||||R&#xD;&#xA;&#x9;&#x9;OBX|27|CWE|158008^MDC_DEV_PUMP_PROGRAM_DELIVERY_MODE^MDC|1.1.2.21|^pump-program-delivery-mode-continuous||||||R&#xD;&#xA;&#x9;&#x9;OBX|28|CWE|158005^MDC_DEV_PUMP_CURRENT_DELIVERY_STATUS^MDC|1.1.2.22|^pump-delivery-status-delivering||||||R&#xD;&#xA;&#x9;&#x9;OBX|29||70091^MDC_DEV_PUMP_SYRINGE_INFO^MDC|1.1.6.0|||||||X&#xD;&#xA;&#x9;&#x9;OBX|30|NM|157880^MDC_VOL_SYRINGE^MDC|1.1.6.1|50|263762^MDC_DIM_MILLI_L^MDC^mL^mL^UCUM|||||R&#xD;&#xA;&#x9;&#x9;OBX|31|NM|157984^MDC_VOL_SYRINGE_ACTUAL^MDC|1.1.6.2|30.95|263762^MDC_DIM_MILLI_L^MDC^mL^mL^UCUM|||||R&#xD;&#xA;&#x9;&#x9;OBX|32|ST|184488^MDC_SYRINGE_MANUFACTURER^MDC|1.1.6.3|B.Braun OPS 50 mL||||||R,9,False,,pump-source-info-primary,0,,UpdPeriodic,True,,,False,)" classname="Philips.PMP.Test.Auto.IheMetricDataHandlerTest" time="0.001" status="1" />
    <testcase name="IHEMetricDataHandlerTest (BBraunDoselinkPlus,MSH|^~\&amp;|PAT_DEVICE_BBRAUN^0012211839000001^EUI-64|BBRAUN|DOC_AM_TEST|BB1|20220523142113+0000||ORU^R01^ORU_R01|63788912473382465025|P|2.6|||AL|NE||ASCII|en^English^ISO639||IHE_PCD_001^IHE PCD^1.3.6.1.4.1.19376.1.6.4.1^ISO&#xD;&#xA;&#x9;&#x9;PID|||Unknown Patient^Unknown Patient||^^^^^^U||||||||||||||||||||||||||Y&#xD;&#xA;&#x9;&#x9;OBR|1|029d53e1-daa3-11ec-8487-c0ee400d168f^PAT_DEVICE_BBRAUN^0012211839000001^EUI-64|029d53e1-daa3-11ec-8487-c0ee400d168f^PAT_DEVICE_BBRAUN^0012211839000001^EUI-64|Dobutamine^Dobutamine|||20220523142039+0000&#xD;&#xA;&#x9;&#x9;OBX|1||70053^MDC_DEV_PUMP_INFUS_SYRINGE_MDS^MDC|1.0.0.0|||||||X|||||||P2450^^0012210000000000^EUI-64&#xD;&#xA;&#x9;&#x9;OBX|2||70054^MDC_DEV_PUMP_INFUS_SYRINGE_VMD^MDC|1.1.0.0|||||||X&#xD;&#xA;&#x9;&#x9;OBX|8||70067^MDC_DEV_PUMP_DELIVERY_INFO^MDC|1.1.1.0|||||||X&#xD;&#xA;&#x9;&#x9;OBX|9|ST|0^MDC_ATTR_PUMP_PILLAR_DETAILS^MDC|1.1.0.24|0^0||||||F|||||||{uniqueId}&#xD;&#xA;&#x9;&#x9;OBX|9|CWE|184519^MDC_PUMP_INFUSING_STATUS^MDC|1.1.1.1|^pump-status-infusing||||||R&#xD;&#xA;&#x9;&#x9;OBX|10|NM|158014^MDC_FLOW_FLUID_PUMP_CURRENT^MDC|1.1.1.2|18|265266^MDC_DIM_MILLI_L_PER_HR^MDC^mL/h^mL/h^UCUM|||||R&#xD;&#xA;&#x9;&#x9;OBX|11|CWE|158016^MDC_DEV_PUMP_ACTIVE_SOURCES^MDC|1.1.1.3|^pump-source-info-primary||||||R&#xD;&#xA;&#x9;&#x9;OBX|12||70071^MDC_DEV_PUMP_INFUSATE_SOURCE_PRIMARY^MDC|1.1.2.0|||||||X&#xD;&#xA;&#x9;&#x9;OBX|13|ST|158012^MDC_DEV_PUMP_SOURCE_CHANNEL_LABEL^MDC|1.1.2.1|Primary||||||R&#xD;&#xA;&#x9;&#x9;OBX|14|ST|184514^MDC_DRUG_NAME_LABEL^MDC|1.1.2.2|Dobutamine||||||R&#xD;&#xA;&#x9;&#x9;OBX|15|ST|184516^MDC_PUMP_DRUG_LIBRARY_CARE_AREA^MDC|1.1.2.4|Global Surgery||||||R&#xD;&#xA;&#x9;&#x9;OBX|16|NM|157784^MDC_FLOW_FLUID_PUMP^MDC|1.1.2.5|18|265266^MDC_DIM_MILLI_L_PER_HR^MDC^mL/h^mL/h^UCUM|||||R&#xD;&#xA;&#x9;&#x9;OBX|17|NM|157760^MDC_CONC_DRUG^MDC|1.1.2.7|5|264306^MDC_DIM_MILLI_G_PER_ML^MDC^mg/mL^mg/mL^UCUM|||||R&#xD;&#xA;&#x9;&#x9;OBX|18|NM|157884^MDC_VOL_FLUID_TBI^MDC|1.1.2.8|2|263762^MDC_DIM_MILLI_L^MDC^mL^mL^UCUM|||||R&#xD;&#xA;&#x9;&#x9;OBX|19|NM|157872^MDC_VOL_FLUID_TBI_REMAIN^MDC|1.1.2.9|0.9|263762^MDC_DIM_MILLI_L^MDC^mL^mL^UCUM|||||R&#xD;&#xA;&#x9;&#x9;OBX|20|NM|157993^MDC_VOL_FLUID_DELIV_TOTAL^MDC|1.1.2.11|1.1|263762^MDC_DIM_MILLI_L^MDC^mL^mL^UCUM|||||R&#xD;&#xA;&#x9;&#x9;OBX|21|NM|157999^MDC_DOSE_DRUG_TBI^MDC|1.1.2.12|10000|263891^MDC_DIM_MICRO_G^MDC^ug^ug^UCUM|||||R&#xD;&#xA;&#x9;&#x9;OBX|22|NM|158000^MDC_DOSE_DRUG_TBI_REMAIN^MDC|1.1.2.13|4480|263891^MDC_DIM_MICRO_G^MDC^ug^ug^UCUM|||||R&#xD;&#xA;&#x9;&#x9;OBX|23|NM|158001^MDC_DOSE_DRUG_DELIV_TOTAL^MDC|1.1.2.15|5520|263891^MDC_DIM_MICRO_G^MDC^ug^ug^UCUM|||||R&#xD;&#xA;&#x9;&#x9;OBX|24|NM|157996^MDC_TIME_PD_PROG^MDC|1.1.2.16|400|264320^MDC_DIM_X_SEC^MDC^s^s^UCUM|||||R&#xD;&#xA;&#x9;&#x9;OBX|25|NM|157916^MDC_TIME_PD_REMAIN^MDC|1.1.2.17|179|264320^MDC_DIM_X_SEC^MDC^s^s^UCUM|||||R&#xD;&#xA;&#x9;&#x9;OBX|26|NM|68063^MDC_ATTR_PT_WEIGHT^MDC|1.1.2.18|100|263875^MDC_DIM_KILO_G^MDC^kg^kg^UCUM|||||R&#xD;&#xA;&#x9;&#x9;OBX|27|CWE|158008^MDC_DEV_PUMP_PROGRAM_DELIVERY_MODE^MDC|1.1.2.21|^pump-program-delivery-mode-continuous||||||R&#xD;&#xA;&#x9;&#x9;OBX|28|CWE|158005^MDC_DEV_PUMP_CURRENT_DELIVERY_STATUS^MDC|1.1.2.22|^pump-delivery-status-delivering||||||R&#xD;&#xA;&#x9;&#x9;OBX|29||70091^MDC_DEV_PUMP_SYRINGE_INFO^MDC|1.1.6.0|||||||X&#xD;&#xA;&#x9;&#x9;OBX|30|NM|157880^MDC_VOL_SYRINGE^MDC|1.1.6.1|50|263762^MDC_DIM_MILLI_L^MDC^mL^mL^UCUM|||||R&#xD;&#xA;&#x9;&#x9;OBX|31|NM|157984^MDC_VOL_SYRINGE_ACTUAL^MDC|1.1.6.2|30.95|263762^MDC_DIM_MILLI_L^MDC^mL^mL^UCUM|||||R&#xD;&#xA;&#x9;&#x9;OBX|32|ST|184488^MDC_SYRINGE_MANUFACTURER^MDC|1.1.6.3|B.Braun OPS 50 mL||||||R,12,False,,Dobutamine,0,,UpdPeriodic,True,,,False,)" classname="Philips.PMP.Test.Auto.IheMetricDataHandlerTest" time="0.001" status="1" />
    <testcase name="IHEMetricDataHandlerTest (BBraunDoselinkPlus,MSH|^~\&amp;|PAT_DEVICE_BBRAUN^0012211839000001^EUI-64|BBRAUN|DOC_AM_TEST|BB1|20220523142113+0000||ORU^R01^ORU_R01|63788912473382465025|P|2.6|||AL|NE||ASCII|en^English^ISO639||IHE_PCD_001^IHE PCD^1.3.6.1.4.1.19376.1.6.4.1^ISO&#xD;&#xA;&#x9;&#x9;PID|||Unknown Patient^Unknown Patient||^^^^^^U||||||||||||||||||||||||||Y&#xD;&#xA;&#x9;&#x9;OBR|1|029d53e1-daa3-11ec-8487-c0ee400d168f^PAT_DEVICE_BBRAUN^0012211839000001^EUI-64|029d53e1-daa3-11ec-8487-c0ee400d168f^PAT_DEVICE_BBRAUN^0012211839000001^EUI-64|Dobutamine^Dobutamine|||20220523142039+0000&#xD;&#xA;&#x9;&#x9;OBX|1||70053^MDC_DEV_PUMP_INFUS_SYRINGE_MDS^MDC|1.0.0.0|||||||X|||||||P2450^^0012210000000000^EUI-64&#xD;&#xA;&#x9;&#x9;OBX|2||70054^MDC_DEV_PUMP_INFUS_SYRINGE_VMD^MDC|1.1.0.0|||||||X&#xD;&#xA;&#x9;&#x9;OBX|8||70067^MDC_DEV_PUMP_DELIVERY_INFO^MDC|1.1.1.0|||||||X&#xD;&#xA;&#x9;&#x9;OBX|9|ST|0^MDC_ATTR_PUMP_PILLAR_DETAILS^MDC|1.1.0.24|0^0||||||F|||||||{uniqueId}&#xD;&#xA;&#x9;&#x9;OBX|9|CWE|184519^MDC_PUMP_INFUSING_STATUS^MDC|1.1.1.1|^pump-status-infusing||||||R&#xD;&#xA;&#x9;&#x9;OBX|10|NM|158014^MDC_FLOW_FLUID_PUMP_CURRENT^MDC|1.1.1.2|18|265266^MDC_DIM_MILLI_L_PER_HR^MDC^mL/h^mL/h^UCUM|||||R&#xD;&#xA;&#x9;&#x9;OBX|11|CWE|158016^MDC_DEV_PUMP_ACTIVE_SOURCES^MDC|1.1.1.3|^pump-source-info-primary||||||R&#xD;&#xA;&#x9;&#x9;OBX|12||70071^MDC_DEV_PUMP_INFUSATE_SOURCE_PRIMARY^MDC|1.1.2.0|||||||X&#xD;&#xA;&#x9;&#x9;OBX|13|ST|158012^MDC_DEV_PUMP_SOURCE_CHANNEL_LABEL^MDC|1.1.2.1|Primary||||||R&#xD;&#xA;&#x9;&#x9;OBX|14|ST|184514^MDC_DRUG_NAME_LABEL^MDC|1.1.2.2|Dobutamine||||||R&#xD;&#xA;&#x9;&#x9;OBX|15|ST|184516^MDC_PUMP_DRUG_LIBRARY_CARE_AREA^MDC|1.1.2.4|Global Surgery||||||R&#xD;&#xA;&#x9;&#x9;OBX|16|NM|157784^MDC_FLOW_FLUID_PUMP^MDC|1.1.2.5|18|265266^MDC_DIM_MILLI_L_PER_HR^MDC^mL/h^mL/h^UCUM|||||R&#xD;&#xA;&#x9;&#x9;OBX|17|NM|157760^MDC_CONC_DRUG^MDC|1.1.2.7|5|264306^MDC_DIM_MILLI_G_PER_ML^MDC^mg/mL^mg/mL^UCUM|||||R&#xD;&#xA;&#x9;&#x9;OBX|18|NM|157884^MDC_VOL_FLUID_TBI^MDC|1.1.2.8|2|263762^MDC_DIM_MILLI_L^MDC^mL^mL^UCUM|||||R&#xD;&#xA;&#x9;&#x9;OBX|19|NM|157872^MDC_VOL_FLUID_TBI_REMAIN^MDC|1.1.2.9|0.9|263762^MDC_DIM_MILLI_L^MDC^mL^mL^UCUM|||||R&#xD;&#xA;&#x9;&#x9;OBX|20|NM|157993^MDC_VOL_FLUID_DELIV_TOTAL^MDC|1.1.2.11|1.1|263762^MDC_DIM_MILLI_L^MDC^mL^mL^UCUM|||||R&#xD;&#xA;&#x9;&#x9;OBX|21|NM|157999^MDC_DOSE_DRUG_TBI^MDC|1.1.2.12|10000|263891^MDC_DIM_MICRO_G^MDC^ug^ug^UCUM|||||R&#xD;&#xA;&#x9;&#x9;OBX|22|NM|158000^MDC_DOSE_DRUG_TBI_REMAIN^MDC|1.1.2.13|4480|263891^MDC_DIM_MICRO_G^MDC^ug^ug^UCUM|||||R&#xD;&#xA;&#x9;&#x9;OBX|23|NM|158001^MDC_DOSE_DRUG_DELIV_TOTAL^MDC|1.1.2.15|5520|263891^MDC_DIM_MICRO_G^MDC^ug^ug^UCUM|||||R&#xD;&#xA;&#x9;&#x9;OBX|24|NM|157996^MDC_TIME_PD_PROG^MDC|1.1.2.16|400|264320^MDC_DIM_X_SEC^MDC^s^s^UCUM|||||R&#xD;&#xA;&#x9;&#x9;OBX|25|NM|157916^MDC_TIME_PD_REMAIN^MDC|1.1.2.17|179|264320^MDC_DIM_X_SEC^MDC^s^s^UCUM|||||R&#xD;&#xA;&#x9;&#x9;OBX|26|NM|68063^MDC_ATTR_PT_WEIGHT^MDC|1.1.2.18|100|263875^MDC_DIM_KILO_G^MDC^kg^kg^UCUM|||||R&#xD;&#xA;&#x9;&#x9;OBX|27|CWE|158008^MDC_DEV_PUMP_PROGRAM_DELIVERY_MODE^MDC|1.1.2.21|^pump-program-delivery-mode-continuous||||||R&#xD;&#xA;&#x9;&#x9;OBX|28|CWE|158005^MDC_DEV_PUMP_CURRENT_DELIVERY_STATUS^MDC|1.1.2.22|^pump-delivery-status-delivering||||||R&#xD;&#xA;&#x9;&#x9;OBX|29||70091^MDC_DEV_PUMP_SYRINGE_INFO^MDC|1.1.6.0|||||||X&#xD;&#xA;&#x9;&#x9;OBX|30|NM|157880^MDC_VOL_SYRINGE^MDC|1.1.6.1|50|263762^MDC_DIM_MILLI_L^MDC^mL^mL^UCUM|||||R&#xD;&#xA;&#x9;&#x9;OBX|31|NM|157984^MDC_VOL_SYRINGE_ACTUAL^MDC|1.1.6.2|30.95|263762^MDC_DIM_MILLI_L^MDC^mL^mL^UCUM|||||R&#xD;&#xA;&#x9;&#x9;OBX|32|ST|184488^MDC_SYRINGE_MANUFACTURER^MDC|1.1.6.3|B.Braun OPS 50 mL||||||R,12,False,,WrongValue,0,,UpdPeriodic,False,,,False,)" classname="Philips.PMP.Test.Auto.IheMetricDataHandlerTest" time="0.001" status="1" />
    <testcase name="IHEMetricDataHandlerTest (BBraunDoselinkPlus,MSH|^~\&amp;|PAT_DEVICE_BBRAUN^0012211839000001^EUI-64|BBRAUN|DOC_AM_TEST|BB1|20220523142113+0000||ORU^R01^ORU_R01|63788912473382465025|P|2.6|||AL|NE||ASCII|en^English^ISO639||IHE_PCD_001^IHE PCD^1.3.6.1.4.1.19376.1.6.4.1^ISO&#xD;&#xA;&#x9;&#x9;PID|||Unknown Patient^Unknown Patient||^^^^^^U||||||||||||||||||||||||||Y&#xD;&#xA;&#x9;&#x9;OBR|1|029d53e1-daa3-11ec-8487-c0ee400d168f^PAT_DEVICE_BBRAUN^0012211839000001^EUI-64|029d53e1-daa3-11ec-8487-c0ee400d168f^PAT_DEVICE_BBRAUN^0012211839000001^EUI-64|Dobutamine^Dobutamine|||20220523142039+0000&#xD;&#xA;&#x9;&#x9;OBX|1||70053^MDC_DEV_PUMP_INFUS_SYRINGE_MDS^MDC|1.0.0.0|||||||X|||||||P2450^^0012210000000000^EUI-64&#xD;&#xA;&#x9;&#x9;OBX|2||70054^MDC_DEV_PUMP_INFUS_SYRINGE_VMD^MDC|1.1.0.0|||||||X&#xD;&#xA;&#x9;&#x9;OBX|8||70067^MDC_DEV_PUMP_DELIVERY_INFO^MDC|1.1.1.0|||||||X&#xD;&#xA;&#x9;&#x9;OBX|9|ST|0^MDC_ATTR_PUMP_PILLAR_DETAILS^MDC|1.1.0.24|0^0||||||F|||||||{uniqueId}&#xD;&#xA;&#x9;&#x9;OBX|9|CWE|184519^MDC_PUMP_INFUSING_STATUS^MDC|1.1.1.1|^pump-status-infusing||||||R&#xD;&#xA;&#x9;&#x9;OBX|10|NM|158014^MDC_FLOW_FLUID_PUMP_CURRENT^MDC|1.1.1.2|18|265266^MDC_DIM_MILLI_L_PER_HR^MDC^mL/h^mL/h^UCUM|||||R&#xD;&#xA;&#x9;&#x9;OBX|11|CWE|158016^MDC_DEV_PUMP_ACTIVE_SOURCES^MDC|1.1.1.3|^pump-source-info-primary||||||R&#xD;&#xA;&#x9;&#x9;OBX|12||70071^MDC_DEV_PUMP_INFUSATE_SOURCE_PRIMARY^MDC|1.1.2.0|||||||X&#xD;&#xA;&#x9;&#x9;OBX|13|ST|158012^MDC_DEV_PUMP_SOURCE_CHANNEL_LABEL^MDC|1.1.2.1|Primary||||||R&#xD;&#xA;&#x9;&#x9;OBX|14|ST|184514^MDC_DRUG_NAME_LABEL^MDC|1.1.2.2|Dobutamine||||||R&#xD;&#xA;&#x9;&#x9;OBX|15|ST|184516^MDC_PUMP_DRUG_LIBRARY_CARE_AREA^MDC|1.1.2.4|Global Surgery||||||R&#xD;&#xA;&#x9;&#x9;OBX|16|NM|157784^MDC_FLOW_FLUID_PUMP^MDC|1.1.2.5|18|265266^MDC_DIM_MILLI_L_PER_HR^MDC^mL/h^mL/h^UCUM|||||R&#xD;&#xA;&#x9;&#x9;OBX|17|NM|157760^MDC_CONC_DRUG^MDC|1.1.2.7|5|264306^MDC_DIM_MILLI_G_PER_ML^MDC^mg/mL^mg/mL^UCUM|||||R&#xD;&#xA;&#x9;&#x9;OBX|18|NM|157884^MDC_VOL_FLUID_TBI^MDC|1.1.2.8|2|263762^MDC_DIM_MILLI_L^MDC^mL^mL^UCUM|||||R&#xD;&#xA;&#x9;&#x9;OBX|19|NM|157872^MDC_VOL_FLUID_TBI_REMAIN^MDC|1.1.2.9|0.9|263762^MDC_DIM_MILLI_L^MDC^mL^mL^UCUM|||||R&#xD;&#xA;&#x9;&#x9;OBX|20|NM|157993^MDC_VOL_FLUID_DELIV_TOTAL^MDC|1.1.2.11|1.1|263762^MDC_DIM_MILLI_L^MDC^mL^mL^UCUM|||||R&#xD;&#xA;&#x9;&#x9;OBX|21|NM|157999^MDC_DOSE_DRUG_TBI^MDC|1.1.2.12|10000|263891^MDC_DIM_MICRO_G^MDC^ug^ug^UCUM|||||R&#xD;&#xA;&#x9;&#x9;OBX|22|NM|158000^MDC_DOSE_DRUG_TBI_REMAIN^MDC|1.1.2.13|4480|263891^MDC_DIM_MICRO_G^MDC^ug^ug^UCUM|||||R&#xD;&#xA;&#x9;&#x9;OBX|23|NM|158001^MDC_DOSE_DRUG_DELIV_TOTAL^MDC|1.1.2.15|5520|263891^MDC_DIM_MICRO_G^MDC^ug^ug^UCUM|||||R&#xD;&#xA;&#x9;&#x9;OBX|24|NM|157996^MDC_TIME_PD_PROG^MDC|1.1.2.16|400|264320^MDC_DIM_X_SEC^MDC^s^s^UCUM|||||R&#xD;&#xA;&#x9;&#x9;OBX|25|NM|157916^MDC_TIME_PD_REMAIN^MDC|1.1.2.17|179|264320^MDC_DIM_X_SEC^MDC^s^s^UCUM|||||R&#xD;&#xA;&#x9;&#x9;OBX|26|NM|68063^MDC_ATTR_PT_WEIGHT^MDC|1.1.2.18|100|263875^MDC_DIM_KILO_G^MDC^kg^kg^UCUM|||||R&#xD;&#xA;&#x9;&#x9;OBX|27|CWE|158008^MDC_DEV_PUMP_PROGRAM_DELIVERY_MODE^MDC|1.1.2.21|^pump-program-delivery-mode-continuous||||||R&#xD;&#xA;&#x9;&#x9;OBX|28|CWE|158005^MDC_DEV_PUMP_CURRENT_DELIVERY_STATUS^MDC|1.1.2.22|^pump-delivery-status-delivering||||||R&#xD;&#xA;&#x9;&#x9;OBX|29||70091^MDC_DEV_PUMP_SYRINGE_INFO^MDC|1.1.6.0|||||||X&#xD;&#xA;&#x9;&#x9;OBX|30|NM|157880^MDC_VOL_SYRINGE^MDC|1.1.6.1|50|263762^MDC_DIM_MILLI_L^MDC^mL^mL^UCUM|||||R&#xD;&#xA;&#x9;&#x9;OBX|31|NM|157984^MDC_VOL_SYRINGE_ACTUAL^MDC|1.1.6.2|30.95|263762^MDC_DIM_MILLI_L^MDC^mL^mL^UCUM|||||R&#xD;&#xA;&#x9;&#x9;OBX|32|ST|184488^MDC_SYRINGE_MANUFACTURER^MDC|1.1.6.3|B.Braun OPS 50 mL||||||R,13,False,,Dobutamine,0,,UpdPeriodic,False,,,False,)" classname="Philips.PMP.Test.Auto.IheMetricDataHandlerTest" time="0.004" status="1" />
    <testcase name="IHEMetricDataHandlerTest (BBraunDoselinkPlus,MSH|^~\&amp;|PAT_DEVICE_BBRAUN^0012211839000001^EUI-64|BBRAUN|DOC_AM_TEST|BB1|20220523142113+0000||ORU^R01^ORU_R01|63788912473382465025|P|2.6|||AL|NE||ASCII|en^English^ISO639||IHE_PCD_001^IHE PCD^1.3.6.1.4.1.19376.1.6.4.1^ISO&#xD;&#xA;&#x9;&#x9;PID|||Unknown Patient^Unknown Patient||^^^^^^U||||||||||||||||||||||||||Y&#xD;&#xA;&#x9;&#x9;OBR|1|029d53e1-daa3-11ec-8487-c0ee400d168f^PAT_DEVICE_BBRAUN^0012211839000001^EUI-64|029d53e1-daa3-11ec-8487-c0ee400d168f^PAT_DEVICE_BBRAUN^0012211839000001^EUI-64|Dobutamine^Dobutamine|||20220523142039+0000&#xD;&#xA;&#x9;&#x9;OBX|1||70053^MDC_DEV_PUMP_INFUS_SYRINGE_MDS^MDC|1.0.0.0|||||||X|||||||P2450^^0012210000000000^EUI-64&#xD;&#xA;&#x9;&#x9;OBX|2||70054^MDC_DEV_PUMP_INFUS_SYRINGE_VMD^MDC|1.1.0.0|||||||X&#xD;&#xA;&#x9;&#x9;OBX|8||70067^MDC_DEV_PUMP_DELIVERY_INFO^MDC|1.1.1.0|||||||X&#xD;&#xA;&#x9;&#x9;OBX|9|ST|0^MDC_ATTR_PUMP_PILLAR_DETAILS^MDC|1.1.0.24|0^0||||||F|||||||{uniqueId}&#xD;&#xA;&#x9;&#x9;OBX|9|CWE|184519^MDC_PUMP_INFUSING_STATUS^MDC|1.1.1.1|^pump-status-infusing||||||R&#xD;&#xA;&#x9;&#x9;OBX|10|NM|158014^MDC_FLOW_FLUID_PUMP_CURRENT^MDC|1.1.1.2|18|265266^MDC_DIM_MILLI_L_PER_HR^MDC^mL/h^mL/h^UCUM|||||R&#xD;&#xA;&#x9;&#x9;OBX|11|CWE|158016^MDC_DEV_PUMP_ACTIVE_SOURCES^MDC|1.1.1.3|^pump-source-info-primary||||||R&#xD;&#xA;&#x9;&#x9;OBX|12||70071^MDC_DEV_PUMP_INFUSATE_SOURCE_PRIMARY^MDC|1.1.2.0|||||||X&#xD;&#xA;&#x9;&#x9;OBX|13|ST|158012^MDC_DEV_PUMP_SOURCE_CHANNEL_LABEL^MDC|1.1.2.1|Primary||||||R&#xD;&#xA;&#x9;&#x9;OBX|14|ST|184514^MDC_DRUG_NAME_LABEL^MDC|1.1.2.2|Dobutamine||||||R&#xD;&#xA;&#x9;&#x9;OBX|15|ST|184516^MDC_PUMP_DRUG_LIBRARY_CARE_AREA^MDC|1.1.2.4|Global Surgery||||||R&#xD;&#xA;&#x9;&#x9;OBX|16|NM|157784^MDC_FLOW_FLUID_PUMP^MDC|1.1.2.5|18|265266^MDC_DIM_MILLI_L_PER_HR^MDC^mL/h^mL/h^UCUM|||||R&#xD;&#xA;&#x9;&#x9;OBX|17|NM|157760^MDC_CONC_DRUG^MDC|1.1.2.7|5|264306^MDC_DIM_MILLI_G_PER_ML^MDC^mg/mL^mg/mL^UCUM|||||R&#xD;&#xA;&#x9;&#x9;OBX|18|NM|157884^MDC_VOL_FLUID_TBI^MDC|1.1.2.8|2|263762^MDC_DIM_MILLI_L^MDC^mL^mL^UCUM|||||R&#xD;&#xA;&#x9;&#x9;OBX|19|NM|157872^MDC_VOL_FLUID_TBI_REMAIN^MDC|1.1.2.9|0.9|263762^MDC_DIM_MILLI_L^MDC^mL^mL^UCUM|||||R&#xD;&#xA;&#x9;&#x9;OBX|20|NM|157993^MDC_VOL_FLUID_DELIV_TOTAL^MDC|1.1.2.11|1.1|263762^MDC_DIM_MILLI_L^MDC^mL^mL^UCUM|||||R&#xD;&#xA;&#x9;&#x9;OBX|21|NM|157999^MDC_DOSE_DRUG_TBI^MDC|1.1.2.12|10000|263891^MDC_DIM_MICRO_G^MDC^ug^ug^UCUM|||||R&#xD;&#xA;&#x9;&#x9;OBX|22|NM|158000^MDC_DOSE_DRUG_TBI_REMAIN^MDC|1.1.2.13|4480|263891^MDC_DIM_MICRO_G^MDC^ug^ug^UCUM|||||R&#xD;&#xA;&#x9;&#x9;OBX|23|NM|158001^MDC_DOSE_DRUG_DELIV_TOTAL^MDC|1.1.2.15|5520|263891^MDC_DIM_MICRO_G^MDC^ug^ug^UCUM|||||R&#xD;&#xA;&#x9;&#x9;OBX|24|NM|157996^MDC_TIME_PD_PROG^MDC|1.1.2.16|400|264320^MDC_DIM_X_SEC^MDC^s^s^UCUM|||||R&#xD;&#xA;&#x9;&#x9;OBX|25|NM|157916^MDC_TIME_PD_REMAIN^MDC|1.1.2.17|179|264320^MDC_DIM_X_SEC^MDC^s^s^UCUM|||||R&#xD;&#xA;&#x9;&#x9;OBX|26|NM|68063^MDC_ATTR_PT_WEIGHT^MDC|1.1.2.18|100|263875^MDC_DIM_KILO_G^MDC^kg^kg^UCUM|||||R&#xD;&#xA;&#x9;&#x9;OBX|27|CWE|158008^MDC_DEV_PUMP_PROGRAM_DELIVERY_MODE^MDC|1.1.2.21|^pump-program-delivery-mode-continuous||||||R&#xD;&#xA;&#x9;&#x9;OBX|28|CWE|158005^MDC_DEV_PUMP_CURRENT_DELIVERY_STATUS^MDC|1.1.2.22|^pump-delivery-status-delivering||||||R&#xD;&#xA;&#x9;&#x9;OBX|29||70091^MDC_DEV_PUMP_SYRINGE_INFO^MDC|1.1.6.0|||||||X&#xD;&#xA;&#x9;&#x9;OBX|30|NM|157880^MDC_VOL_SYRINGE^MDC|1.1.6.1|50|263762^MDC_DIM_MILLI_L^MDC^mL^mL^UCUM|||||R&#xD;&#xA;&#x9;&#x9;OBX|31|NM|157984^MDC_VOL_SYRINGE_ACTUAL^MDC|1.1.6.2|30.95|263762^MDC_DIM_MILLI_L^MDC^mL^mL^UCUM|||||R&#xD;&#xA;&#x9;&#x9;OBX|32|ST|184488^MDC_SYRINGE_MANUFACTURER^MDC|1.1.6.3|B.Braun OPS 50 mL||||||R,13,False,,Dobutamine,0,,UpdPeriodic,False,,,False,)" classname="Philips.PMP.Test.Auto.IheMetricDataHandlerTest" time="0.002" status="1" />
    <testcase name="IHEMetricDataHandlerTest (BBraunDoselinkPlus,MSH|^~\&amp;|PAT_DEVICE_BBRAUN^0012211839000001^EUI-64|BBRAUN|DOC_AM_TEST|BB1|20220523142410+0000||ORU^R42^ORU_R01|63788912650705286129|P|2.6|||AL|NE||ASCII|en^English^ISO639||IHE_PCD_010^IHE PCD^1.3.6.1.4.1.19376.1.6.4.10^ISO&#xD;&#xA;&#x9;&#x9;PID|||Unknown Patient^Unknown Patient||^^^^^^U||||||||||||||||||||||||||Y&#xD;&#xA;&#x9;&#x9;OBR|1|029d53e1-daa3-11ec-8487-c0ee400d168f^PAT_DEVICE_BBRAUN^0012211839000001^EUI-64|029d53e1-daa3-11ec-8487-c0ee400d168f^PAT_DEVICE_BBRAUN^0012211839000001^EUI-64|Dobutamine^Dobutamine|||20220523142339+0000&#xD;&#xA;&#x9;&#x9;OBX|1||70053^MDC_DEV_PUMP_INFUS_SYRINGE_MDS^MDC|1.0.0.0|||||||X|||||||P2449^^0012210000000000^EUI-64&#xD;&#xA;&#x9;&#x9;OBX|2||70054^MDC_DEV_PUMP_INFUS_SYRINGE_VMD^MDC|1.1.0.0|||||||X&#xD;&#xA;&#x9;&#x9;OBX|3|ST|184520^MDC_PUMP_DRUG_LIBRARY_NAME^MDC|1.1.0.1|druglib||||||R&#xD;&#xA;&#x9;&#x9;OBX|4|CWE|68487^MDC_ATTR_EVT_COND^MDC|1.1.0.3|197292^MDC_EVT_PUMP_DELIV_COMP^MDC|||||R&#xD;&#xA;&#x9;&#x9;OBX|5|ST|68488^MDC_ATTR_EVT_SOURCE^MDC|1.1.0.4|1.1.2.0||||||R&#xD;&#xA;&#x9;&#x9;OBX|6|ST|67880^MDC_ATTR_ID_MODEL^MDC|1.1.0.8|B Braun SpacePlus Perfusor||||||F&#xD;&#xA;&#x9;&#x9;OBX|7|ST|67972^MDC_ATTR_SYS_ID^MDC|1.1.0.9|ee794b2a-5e04-56b4-91e6-b4d637f1d894||||||F&#xD;&#xA;&#x9;&#x9;OBX|9|ST|0^MDC_ATTR_PUMP_PILLAR_DETAILS^MDC|1.1.0.24|0^0||||||F|||||||CA1~Rm1~Bed2~Fac1~~~Bldg1~Fl1^^0012210000000000^EUI-64&#xD;&#xA;&#x9;&#x9;OBX|8||70067^MDC_DEV_PUMP_DELIVERY_INFO^MDC|1.1.1.0|||||||X&#xD;&#xA;&#x9;&#x9;OBX|9|CWE|184519^MDC_PUMP_INFUSING_STATUS^MDC|1.1.1.1|^pump-status-not-infusing||||||R&#xD;&#xA;&#x9;&#x9;OBX|10|NM|158014^MDC_FLOW_FLUID_PUMP_CURRENT^MDC|1.1.1.2|0|265266^MDC_DIM_MILLI_L_PER_HR^MDC^mL/h^mL/h^UCUM|||||R&#xD;&#xA;&#x9;&#x9;OBX|11|CWE|158016^MDC_DEV_PUMP_ACTIVE_SOURCES^MDC|1.1.1.3|^pump-source-info-primary||||||R&#xD;&#xA;&#x9;&#x9;OBX|12||70071^MDC_DEV_PUMP_INFUSATE_SOURCE_PRIMARY^MDC|1.1.2.0|||||||X&#xD;&#xA;&#x9;&#x9;OBX|13|ST|158012^MDC_DEV_PUMP_SOURCE_CHANNEL_LABEL^MDC|1.1.2.1|Primary||||||R&#xD;&#xA;&#x9;&#x9;OBX|14|ST|184514^MDC_DRUG_NAME_LABEL^MDC|1.1.2.2|Dobutamine||||||R&#xD;&#xA;&#x9;&#x9;OBX|15|ST|184516^MDC_PUMP_DRUG_LIBRARY_CARE_AREA^MDC|1.1.2.4|Global Surgery||||||R&#xD;&#xA;&#x9;&#x9;OBX|16|NM|157784^MDC_FLOW_FLUID_PUMP^MDC|1.1.2.5|18|265266^MDC_DIM_MILLI_L_PER_HR^MDC^mL/h^mL/h^UCUM|||||R&#xD;&#xA;&#x9;&#x9;OBX|17|NM|157760^MDC_CONC_DRUG^MDC|1.1.2.7|5|264306^MDC_DIM_MILLI_G_PER_ML^MDC^mg/mL^mg/mL^UCUM|||||R&#xD;&#xA;&#x9;&#x9;OBX|18|NM|157884^MDC_VOL_FLUID_TBI^MDC|1.1.2.8|2|263762^MDC_DIM_MILLI_L^MDC^mL^mL^UCUM|||||R&#xD;&#xA;&#x9;&#x9;OBX|19|NM|157872^MDC_VOL_FLUID_TBI_REMAIN^MDC|1.1.2.9|0|263762^MDC_DIM_MILLI_L^MDC^mL^mL^UCUM|||||R&#xD;&#xA;&#x9;&#x9;OBX|20|NM|157992^MDC_VOL_FLUID_DELIV_SEGMENT^MDC|1.1.2.10|2|263762^MDC_DIM_MILLI_L^MDC^mL^mL^UCUM|||||R&#xD;&#xA;&#x9;&#x9;OBX|21|NM|157993^MDC_VOL_FLUID_DELIV_TOTAL^MDC|1.1.2.11|2|263762^MDC_DIM_MILLI_L^MDC^mL^mL^UCUM|||||R&#xD;&#xA;&#x9;&#x9;OBX|22|NM|157999^MDC_DOSE_DRUG_TBI^MDC|1.1.2.12|10000|263891^MDC_DIM_MICRO_G^MDC^ug^ug^UCUM|||||R&#xD;&#xA;&#x9;&#x9;OBX|23|NM|158000^MDC_DOSE_DRUG_TBI_REMAIN^MDC|1.1.2.13|0|263891^MDC_DIM_MICRO_G^MDC^ug^ug^UCUM|||||R&#xD;&#xA;&#x9;&#x9;OBX|24|NM|158003^MDC_DOSE_DRUG_DELIV_SEGMENT^MDC|1.1.2.14|10000|263891^MDC_DIM_MICRO_G^MDC^ug^ug^UCUM|||||R&#xD;&#xA;&#x9;&#x9;OBX|25|NM|158001^MDC_DOSE_DRUG_DELIV_TOTAL^MDC|1.1.2.15|10000|263891^MDC_DIM_MICRO_G^MDC^ug^ug^UCUM|||||R&#xD;&#xA;&#x9;&#x9;OBX|26|NM|157996^MDC_TIME_PD_PROG^MDC|1.1.2.16|400|264320^MDC_DIM_X_SEC^MDC^s^s^UCUM|||||R&#xD;&#xA;&#x9;&#x9;OBX|27|NM|157916^MDC_TIME_PD_REMAIN^MDC|1.1.2.17|0|264320^MDC_DIM_X_SEC^MDC^s^s^UCUM|||||R&#xD;&#xA;&#x9;&#x9;OBX|28|NM|68063^MDC_ATTR_PT_WEIGHT^MDC|1.1.2.18|100|263875^MDC_DIM_KILO_G^MDC^kg^kg^UCUM|||||R&#xD;&#xA;&#x9;&#x9;OBX|29|CWE|158008^MDC_DEV_PUMP_PROGRAM_DELIVERY_MODE^MDC|1.1.2.21|^pump-program-delivery-mode-continuous||||||R&#xD;&#xA;&#x9;&#x9;OBX|30|CWE|158005^MDC_DEV_PUMP_CURRENT_DELIVERY_STATUS^MDC|1.1.2.22|^pump-delivery-status-not-delivering||||||R&#xD;&#xA;&#x9;&#x9;OBX|31|CWE|158006^MDC_DEV_PUMP_NOT_DELIVERING_REASON^MDC|1.1.2.23|^pump-stopped-alarming||||||R&#xD;&#xA;&#x9;&#x9;OBX|32||70091^MDC_DEV_PUMP_SYRINGE_INFO^MDC|1.1.6.0|||||||X&#xD;&#xA;&#x9;&#x9;OBX|33|NM|157880^MDC_VOL_SYRINGE^MDC|1.1.6.1|50|263762^MDC_DIM_MILLI_L^MDC^mL^mL^UCUM|||||R&#xD;&#xA;&#x9;&#x9;OBX|34|NM|157984^MDC_VOL_SYRINGE_ACTUAL^MDC|1.1.6.2|30.05|263762^MDC_DIM_MILLI_L^MDC^mL^mL^UCUM|||||R&#xD;&#xA;&#x9;&#x9;OBX|35|ST|184488^MDC_SYRINGE_MANUFACTURER^MDC|1.1.6.3|B.Braun OPS 50 mL||||||R,24,True,,2,263762,,UpdPeriodic,True,,,False,)" classname="Philips.PMP.Test.Auto.IheMetricDataHandlerTest" time="0.004" status="1" />
    <testcase name="IHEMetricDataHandlerTest (BBraunDoselinkPlus,MSH|^~\&amp;|PAT_DEVICE_BBRAUN^0012211839000001^EUI-64|BBRAUN|DOC_AM_TEST|BB1|20220523142410+0000||ORU^R42^ORU_R01|63788912650705286129|P|2.6|||AL|NE||ASCII|en^English^ISO639||IHE_PCD_010^IHE PCD^1.3.6.1.4.1.19376.1.6.4.10^ISO&#xD;&#xA;&#x9;&#x9;PID|||Unknown Patient^Unknown Patient||^^^^^^U||||||||||||||||||||||||||Y&#xD;&#xA;&#x9;&#x9;OBR|1|029d53e1-daa3-11ec-8487-c0ee400d168f^PAT_DEVICE_BBRAUN^0012211839000001^EUI-64|029d53e1-daa3-11ec-8487-c0ee400d168f^PAT_DEVICE_BBRAUN^0012211839000001^EUI-64|Dobutamine^Dobutamine|||20220523142339+0000&#xD;&#xA;&#x9;&#x9;OBX|1||70053^MDC_DEV_PUMP_INFUS_SYRINGE_MDS^MDC|1.0.0.0|||||||X|||||||P2449^^0012210000000000^EUI-64&#xD;&#xA;&#x9;&#x9;OBX|2||70054^MDC_DEV_PUMP_INFUS_SYRINGE_VMD^MDC|1.1.0.0|||||||X&#xD;&#xA;&#x9;&#x9;OBX|3|ST|184520^MDC_PUMP_DRUG_LIBRARY_NAME^MDC|1.1.0.1|druglib||||||R&#xD;&#xA;&#x9;&#x9;OBX|4|CWE|68487^MDC_ATTR_EVT_COND^MDC|1.1.0.3|197292^MDC_EVT_PUMP_DELIV_COMP^MDC|||||R&#xD;&#xA;&#x9;&#x9;OBX|5|ST|68488^MDC_ATTR_EVT_SOURCE^MDC|1.1.0.4|1.1.2.0||||||R&#xD;&#xA;&#x9;&#x9;OBX|6|ST|67880^MDC_ATTR_ID_MODEL^MDC|1.1.0.8|B Braun SpacePlus Perfusor||||||F&#xD;&#xA;&#x9;&#x9;OBX|7|ST|67972^MDC_ATTR_SYS_ID^MDC|1.1.0.9|ee794b2a-5e04-56b4-91e6-b4d637f1d894||||||F&#xD;&#xA;&#x9;&#x9;OBX|9|ST|0^MDC_ATTR_PUMP_PILLAR_DETAILS^MDC|1.1.0.24|0^0||||||F|||||||CA1~Rm1~Bed2~Fac1~~~Bldg1~Fl1^^0012210000000000^EUI-64&#xD;&#xA;&#x9;&#x9;OBX|8||70067^MDC_DEV_PUMP_DELIVERY_INFO^MDC|1.1.1.0|||||||X&#xD;&#xA;&#x9;&#x9;OBX|9|CWE|184519^MDC_PUMP_INFUSING_STATUS^MDC|1.1.1.1|^pump-status-not-infusing||||||R&#xD;&#xA;&#x9;&#x9;OBX|10|NM|158014^MDC_FLOW_FLUID_PUMP_CURRENT^MDC|1.1.1.2|0|265266^MDC_DIM_MILLI_L_PER_HR^MDC^mL/h^mL/h^UCUM|||||R&#xD;&#xA;&#x9;&#x9;OBX|11|CWE|158016^MDC_DEV_PUMP_ACTIVE_SOURCES^MDC|1.1.1.3|^pump-source-info-primary||||||R&#xD;&#xA;&#x9;&#x9;OBX|12||70071^MDC_DEV_PUMP_INFUSATE_SOURCE_PRIMARY^MDC|1.1.2.0|||||||X&#xD;&#xA;&#x9;&#x9;OBX|13|ST|158012^MDC_DEV_PUMP_SOURCE_CHANNEL_LABEL^MDC|1.1.2.1|Primary||||||R&#xD;&#xA;&#x9;&#x9;OBX|14|ST|184514^MDC_DRUG_NAME_LABEL^MDC|1.1.2.2|Dobutamine||||||R&#xD;&#xA;&#x9;&#x9;OBX|15|ST|184516^MDC_PUMP_DRUG_LIBRARY_CARE_AREA^MDC|1.1.2.4|Global Surgery||||||R&#xD;&#xA;&#x9;&#x9;OBX|16|NM|157784^MDC_FLOW_FLUID_PUMP^MDC|1.1.2.5|18|265266^MDC_DIM_MILLI_L_PER_HR^MDC^mL/h^mL/h^UCUM|||||R&#xD;&#xA;&#x9;&#x9;OBX|17|NM|157760^MDC_CONC_DRUG^MDC|1.1.2.7|5|264306^MDC_DIM_MILLI_G_PER_ML^MDC^mg/mL^mg/mL^UCUM|||||R&#xD;&#xA;&#x9;&#x9;OBX|18|NM|157884^MDC_VOL_FLUID_TBI^MDC|1.1.2.8|2|263762^MDC_DIM_MILLI_L^MDC^mL^mL^UCUM|||||R&#xD;&#xA;&#x9;&#x9;OBX|19|NM|157872^MDC_VOL_FLUID_TBI_REMAIN^MDC|1.1.2.9|0|263762^MDC_DIM_MILLI_L^MDC^mL^mL^UCUM|||||R&#xD;&#xA;&#x9;&#x9;OBX|20|NM|157992^MDC_VOL_FLUID_DELIV_SEGMENT^MDC|1.1.2.10|2|263762^MDC_DIM_MILLI_L^MDC^mL^mL^UCUM|||||R&#xD;&#xA;&#x9;&#x9;OBX|21|NM|157993^MDC_VOL_FLUID_DELIV_TOTAL^MDC|1.1.2.11|2|263762^MDC_DIM_MILLI_L^MDC^mL^mL^UCUM|||||R&#xD;&#xA;&#x9;&#x9;OBX|22|NM|157999^MDC_DOSE_DRUG_TBI^MDC|1.1.2.12|10000|263891^MDC_DIM_MICRO_G^MDC^ug^ug^UCUM|||||R&#xD;&#xA;&#x9;&#x9;OBX|23|NM|158000^MDC_DOSE_DRUG_TBI_REMAIN^MDC|1.1.2.13|0|263891^MDC_DIM_MICRO_G^MDC^ug^ug^UCUM|||||R&#xD;&#xA;&#x9;&#x9;OBX|24|NM|158003^MDC_DOSE_DRUG_DELIV_SEGMENT^MDC|1.1.2.14|10000|263891^MDC_DIM_MICRO_G^MDC^ug^ug^UCUM|||||R&#xD;&#xA;&#x9;&#x9;OBX|25|NM|158001^MDC_DOSE_DRUG_DELIV_TOTAL^MDC|1.1.2.15|10000|263891^MDC_DIM_MICRO_G^MDC^ug^ug^UCUM|||||R&#xD;&#xA;&#x9;&#x9;OBX|26|NM|157996^MDC_TIME_PD_PROG^MDC|1.1.2.16|400|264320^MDC_DIM_X_SEC^MDC^s^s^UCUM|||||R&#xD;&#xA;&#x9;&#x9;OBX|27|NM|157916^MDC_TIME_PD_REMAIN^MDC|1.1.2.17|0|264320^MDC_DIM_X_SEC^MDC^s^s^UCUM|||||R&#xD;&#xA;&#x9;&#x9;OBX|28|NM|68063^MDC_ATTR_PT_WEIGHT^MDC|1.1.2.18|100|263875^MDC_DIM_KILO_G^MDC^kg^kg^UCUM|||||R&#xD;&#xA;&#x9;&#x9;OBX|29|CWE|158008^MDC_DEV_PUMP_PROGRAM_DELIVERY_MODE^MDC|1.1.2.21|^pump-program-delivery-mode-continuous||||||R&#xD;&#xA;&#x9;&#x9;OBX|30|CWE|158005^MDC_DEV_PUMP_CURRENT_DELIVERY_STATUS^MDC|1.1.2.22|^pump-delivery-status-not-delivering||||||R&#xD;&#xA;&#x9;&#x9;OBX|31|CWE|158006^MDC_DEV_PUMP_NOT_DELIVERING_REASON^MDC|1.1.2.23|^pump-stopped-alarming||||||R&#xD;&#xA;&#x9;&#x9;OBX|32||70091^MDC_DEV_PUMP_SYRINGE_INFO^MDC|1.1.6.0|||||||X&#xD;&#xA;&#x9;&#x9;OBX|33|NM|157880^MDC_VOL_SYRINGE^MDC|1.1.6.1|50|263762^MDC_DIM_MILLI_L^MDC^mL^mL^UCUM|||||R&#xD;&#xA;&#x9;&#x9;OBX|34|NM|157984^MDC_VOL_SYRINGE_ACTUAL^MDC|1.1.6.2|30.05|263762^MDC_DIM_MILLI_L^MDC^mL^mL^UCUM|||||R&#xD;&#xA;&#x9;&#x9;OBX|35|ST|184488^MDC_SYRINGE_MANUFACTURER^MDC|1.1.6.3|B.Braun OPS 50 mL||||||R,28,True,,10000,263891,,UpdPeriodic,True,,,False,)" classname="Philips.PMP.Test.Auto.IheMetricDataHandlerTest" time="0.007" status="1" />
    <system-out />
    <system-err />
  </testsuite>
  <testsuite name="Philips.PMP.Test.Auto.ShortRangeRadioProviderTest" hostname="RESTORMEL" package="not available" id="1225" tests="1" failures="0" errors="0" skipped="0" time="0.078" timestamp="2023-12-13T03:33:28">
    <properties />
    <testcase name="UnitShortRangeRadioSettingTest" classname="Philips.PMP.Test.Auto.ShortRangeRadioProviderTest" time="0.078" status="1" />
    <system-out />
    <system-err />
  </testsuite>
  <testsuite name="Philips.PMP.Test.Auto.WaveProcessorTest" hostname="RESTORMEL" package="not available" id="1226" tests="1" failures="0" errors="0" skipped="0" time="0.164" timestamp="2023-12-13T03:29:58">
    <properties />
    <testcase name="WaveProcessorSedlineArtifactTest" classname="Philips.PMP.Test.Auto.WaveProcessorTest" time="0.164" status="1" />
    <system-out />
    <system-err />
  </testsuite>
  <testsuite name="Philips.PIC.SharedAssignment.Test.SharedAssignmentJsonCollectorTest" hostname="RESTORMEL" package="not available" id="1227" tests="8" failures="0" errors="0" skipped="0" time="0.048" timestamp="2023-12-13T03:29:12">
    <properties />
    <testcase name="SharedAssignmentCollectorRaisesEventOnValidDelimiters (SampleBundleWithoutDelimiters.json,False,0)" classname="Philips.PIC.SharedAssignment.Test.SharedAssignmentJsonCollectorTest" time="0.033" status="1" />
    <testcase name="SharedAssignmentCollectorRaisesEventOnValidDelimiters (SampleIncompleteStartChar.json,False,0)" classname="Philips.PIC.SharedAssignment.Test.SharedAssignmentJsonCollectorTest" time="0.001" status="1" />
    <testcase name="SharedAssignmentCollectorRaisesEventOnValidDelimiters (SampleIncompleteEndChar.json,False,0)" classname="Philips.PIC.SharedAssignment.Test.SharedAssignmentJsonCollectorTest" time="0.001" status="1" />
    <testcase name="SharedAssignmentCollectorRaisesEventOnValidDelimiters (SampleIBEWithStartEndChar.json,True,1)" classname="Philips.PIC.SharedAssignment.Test.SharedAssignmentJsonCollectorTest" time="0.005" status="1" />
    <testcase name="SharedAssignmentCollectorRaisesEventOnValidDelimiters (SampleMultipleBundles.json,True,2)" classname="Philips.PIC.SharedAssignment.Test.SharedAssignmentJsonCollectorTest" time="0.001" status="1" />
    <testcase name="SharedAssignmentCollectorRaisesEventOnValidDelimiters (SampleMultipleBundlesWithStaleData.json,True,2)" classname="Philips.PIC.SharedAssignment.Test.SharedAssignmentJsonCollectorTest" time="0.001" status="1" />
    <testcase name="SharedAssignmentCollectorRaisesEventOnValidDelimiters (SampleMultipleBundlesWithStaleStartDelimiter.json,True,1)" classname="Philips.PIC.SharedAssignment.Test.SharedAssignmentJsonCollectorTest" time="0.004" status="1" />
    <testcase name="SharedAssignmentCollectorRaisesEventOnValidDelimiters (SampleMultipleBundlesWithStaleEndDelimiter.json,True,2)" classname="Philips.PIC.SharedAssignment.Test.SharedAssignmentJsonCollectorTest" time="0.001" status="1" />
    <system-out />
    <system-err />
  </testsuite>
  <testsuite name="Philips.PMP.Test.Auto.CertificateRegistryMgrTest" hostname="RESTORMEL" package="not available" id="1228" tests="1" failures="0" errors="0" skipped="0" time="0.096" timestamp="2023-12-13T03:29:39">
    <properties />
    <testcase name="CertificateRegistryMgrCanDisableCertificateMapping" classname="Philips.PMP.Test.Auto.CertificateRegistryMgrTest" time="0.096" status="1" />
    <system-out />
    <system-err />
  </testsuite>
  <testsuite name="Philips.PMP.Test.Auto.AlarmReflectionMdilParserTest" hostname="RESTORMEL" package="not available" id="1229" tests="3" failures="0" errors="0" skipped="0" time="0.020" timestamp="2023-12-13T03:29:19">
    <properties />
    <testcase name="AlarmReflectionMdilParserParse (AwAABwACAdYAAAAYAAFFdgA0AAEByPM5AcQAHAHAAQIAAAAAAAAAAAAAAAEAAAICAAAAAAIAAAAAAAAAAAADAwBIAAAAAAAAAAAAAAAABAEASAAAAAAAAAAAAAAAAAUBAEgAAAAAAAAAAAACAAAGAgBIAAAAAAAAAAAAAAAABwIASAAAAAAAAAAAAAAAAAgCAAAAAAIAAAAAAAAAAAAJBQBIAAAAAAAAAAAAAgACCgEASAAAAAAAAAAAAAAAAAsDAEgAAAAAAAAAAAACAAAMAgBIAAAAAAAAAAAAAgAADQEASAAAAAAAAAAAAAAAAA4BAEgAAAAAAAAAAAAAAAAPAgBIAAAAAAAAAAAAAgAAEAMASAAAAAAAAAAAAAAAABECAEgAAAAAAAAAAAACAAASAgAAAAACAAAAAAAAAAAAEwIAAAAAAgAAAAAAAAAAABQDAEgAAAAAAAAAAAAAAAAVAQAAAAACAAAAAAAAAAAAFgEAAAAAAgAAAAAAAAAAABcDAEgAAAAAAAAAAAAAAAAYAQBIAAAAAAAAAAAAAAAAGQMASAAAAAAAAAAAAAAAABoBAEgAAAAAAAABAAAAAAAbAQBIAAAAAAAAAAAAAAAAHAIASAAAAAAAAAAAAAAAAA==,7,1,System.UInt16[])" classname="Philips.PMP.Test.Auto.AlarmReflectionMdilParserTest" time="0.017" status="1" />
    <testcase name="AlarmReflectionMdilParserParse (AwAABgACAdYAAAAYAAFFdgA0AAEByPM5AcQAHAHAAQIAAAAAAAAAAAAAAAEAAAICAAAAAAIAAAAAAAAAAAADAwBIAAAAAAAAAAAAAAAABAEASAAAAAAAAAAAAAAAAAUBAEgAAAAAAAAAAAACAAAGAgBIAAAAAAAAAAAAAAAABwIASAAAAAAAAAAAAAAAAAgCAAAAAAIAAAAAAAAAAAAJBQBIAAAAAAAAAAAAAgACCgEASAAAAAAAAAAAAAAAAAsDAEgAAAAAAAAAAAACAAAMAgBIAAAAAAAAAAAAAgAADQEASAAAAAAAAAAAAAAAAA4BAEgAAAAAAAAAAAAAAAAPAgBIAAAAAAAAAAAAAgAAEAMASAAAAAAAAAAAAAAAABECAEgAAAAAAAAAAAACAAASAgAAAAACAAAAAAAAAAAAEwIAAAAAAgAAAAAAAAAAABQDAEgAAAAAAAAAAAAAAAAVAQAAAAACAAAAAAAAAAAAFgEAAAAAAgAAAAAAAAAAABcDAEgAAAAAAAAAAAAAAAAYAQBIAAAAAAAAAAAAAAAAGQMASAAAAAAAAAAAAAAAABoBAEgAAAAAAAABAAAAAAAbAQBIAAAAAAAAAAAAAAAAHAIASAAAAAAAAAAAAAAAAA==,6,1,System.UInt16[])" classname="Philips.PMP.Test.Auto.AlarmReflectionMdilParserTest" time="0.003" status="1" />
    <testcase name="AlarmReflectionMdilParserParse (AwAABQACAdYAAAAYAAdFdgA0AAEByPM5AcQAHAHAAQIAAAAAAAAAAAAAAAEAAAICAAAAAAIAAAAAAAAAAAADAwBIAAAAAAAAAAAAAAAABAEASAAAAAAAAAAAAAAAAAUBAEgAAAAAAAAAAAACAAAGAgBIAAAAAAAAAAAAAAAABwIASAAAAAAAAAAAAAAAAAgCAAAAAAIAAAAAAAAAAAAJBQBIAAAAAAAAAAAAAgACCgEASAAAAAAAAAAAAAAAAAsDAEgAAAAAAAAAAAACAAAMAgBIAAAAAAAAAAAAAgAADQEASAAAAAAAAAAAAAAAAA4BAEgAAAAAAAAAAAAAAAAPAgBIAAAAAAAAAAAAAgAAEAMASAAAAAAAAAAAAAAAABECAEgAAAAAAAAAAAACAAASAgAAAAACAAAAAAAAAAAAEwIAAAAAAgAAAAAAAAAAABQDAEgAAAAAAAAAAAAAAAAVAQAAAAACAAAAAAAAAAAAFgEAAAAAAgAAAAAAAAAAABcDAEgAAAAAAAAAAAAAAAAYAQBIAAAAAAAAAAAAAAAAGQMASAAAAAAAAAAAAAAAABoBAEgAAAAAAAABAAAAAAAbAQBIAAAAAAAAAAAAAAAAHAIASAAAAAAAAAAAAAAAAA==,5,7,System.UInt16[])" classname="Philips.PMP.Test.Auto.AlarmReflectionMdilParserTest" time="0.001" status="1" />
    <system-out />
    <system-err />
  </testsuite>
  <testsuite name="Philips.CareEvent.Test.LedsSettingsControlTest" hostname="RESTORMEL" package="not available" id="1230" tests="1" failures="0" errors="0" skipped="0" time="0.010" timestamp="2023-12-13T03:28:27">
    <properties />
    <testcase name="ValidateAndSaveSettingsTest" classname="Philips.CareEvent.Test.LedsSettingsControlTest" time="0.010" status="1" />
    <system-out />
    <system-err />
  </testsuite>
  <testsuite name="Philips.PIC.WebBridge.Test.PhysioDataUpdateMgrTest" hostname="RESTORMEL" package="not available" id="1231" tests="1" failures="0" errors="0" skipped="0" time="0.003" timestamp="2023-12-13T03:39:10">
    <properties />
    <testcase name="WillSaveUserStripTest" classname="Philips.PIC.WebBridge.Test.PhysioDataUpdateMgrTest" time="0.003" status="1" />
    <system-out />
    <system-err />
  </testsuite>
  <testsuite name="Philips.PMP.Test.Auto.MulticastZoneQualifierTest" hostname="RESTORMEL" package="not available" id="1232" tests="8" failures="0" errors="0" skipped="0" time="0.335" timestamp="2023-12-13T03:29:43">
    <properties />
    <testcase name="MulticastZoneQualifierValidationTest (False,False,False,False,False)" classname="Philips.PMP.Test.Auto.MulticastZoneQualifierTest" time="0.288" status="1" />
    <testcase name="MulticastZoneQualifierValidationTest (True,False,False,False,False)" classname="Philips.PMP.Test.Auto.MulticastZoneQualifierTest" time="0.012" status="1" />
    <testcase name="MulticastZoneQualifierValidationTest (False,True,False,False,False)" classname="Philips.PMP.Test.Auto.MulticastZoneQualifierTest" time="0.004" status="1" />
    <testcase name="MulticastZoneQualifierValidationTest (False,False,True,False,False)" classname="Philips.PMP.Test.Auto.MulticastZoneQualifierTest" time="0.003" status="1" />
    <testcase name="MulticastZoneQualifierValidationTest (True,False,True,False,False)" classname="Philips.PMP.Test.Auto.MulticastZoneQualifierTest" time="0.019" status="1" />
    <testcase name="MulticastZoneQualifierValidationTest (False,False,False,False,True)" classname="Philips.PMP.Test.Auto.MulticastZoneQualifierTest" time="0.003" status="1" />
    <testcase name="MulticastZoneQualifierValidationTest (False,False,False,True,False)" classname="Philips.PMP.Test.Auto.MulticastZoneQualifierTest" time="0.003" status="1" />
    <testcase name="MulticastZoneQualifierValidationTest (False,False,False,True,True)" classname="Philips.PMP.Test.Auto.MulticastZoneQualifierTest" time="0.003" status="1" />
    <system-out />
    <system-err />
  </testsuite>
  <testsuite name="Philips.PMP.Test.Auto.DeviceToBedButtonsStateCheckerTest" hostname="RESTORMEL" package="not available" id="1233" tests="1" failures="0" errors="0" skipped="0" time="0.001" timestamp="2023-12-13T03:38:03">
    <properties />
    <testcase name="DeviceToBedButtonsStateCheckerGetButtonsStatesTest" classname="Philips.PMP.Test.Auto.DeviceToBedButtonsStateCheckerTest" time="0.001" status="1" />
    <system-out />
    <system-err />
  </testsuite>
  <testsuite name="Philips.PMP.Test.Auto.PatientCenterFormTest" hostname="RESTORMEL" package="not available" id="1234" tests="1" failures="0" errors="0" skipped="0" time="1.228" timestamp="2023-12-13T03:30:25">
    <properties />
    <testcase name="PatientCenterFormGoBack" classname="Philips.PMP.Test.Auto.PatientCenterFormTest" time="1.228" status="1" />
    <system-out />
    <system-err />
  </testsuite>
  <testsuite name="Philips.PMP.Test.Auto.AcknowledgeAlarmsResponseTest" hostname="RESTORMEL" package="not available" id="1235" tests="1" failures="0" errors="0" skipped="0" time="0.002" timestamp="2023-12-13T03:34:34">
    <properties />
    <testcase name="ParseAcknowledgeResponseInfoObjects" classname="Philips.PMP.Test.Auto.AcknowledgeAlarmsResponseTest" time="0.002" status="1" />
    <system-out />
    <system-err />
  </testsuite>
  <testsuite name="Philips.PMP.Test.Auto.HostDeviceTest" hostname="RESTORMEL" package="not available" id="1236" tests="1" failures="0" errors="0" skipped="0" time="0.001" timestamp="2023-12-13T03:29:58">
    <properties />
    <testcase name="CheckEquality" classname="Philips.PMP.Test.Auto.HostDeviceTest" time="0.001" status="1" />
    <system-out />
    <system-err />
  </testsuite>
  <testsuite name="Philips.PMP.Test.Auto.SharedLimitTest" hostname="RESTORMEL" package="not available" id="1237" tests="1" failures="0" errors="0" skipped="0" time="0.002" timestamp="2023-12-13T03:30:50">
    <properties />
    <testcase name="LimitTest" classname="Philips.PMP.Test.Auto.SharedLimitTest" time="0.002" status="1" />
    <system-out />
    <system-err />
  </testsuite>
  <testsuite name="Philips.PMP.Test.Auto.ProximMessageParserTest" hostname="RESTORMEL" package="not available" id="1238" tests="4" failures="0" errors="0" skipped="0" time="0.003" timestamp="2023-12-13T03:29:57">
    <properties />
    <testcase name="ProximMessageParserConvertToInt32Test (2,True,0)" classname="Philips.PMP.Test.Auto.ProximMessageParserTest" time="0.001" status="1" />
    <testcase name="ProximMessageParserConvertToInt32Test (2,False,2)" classname="Philips.PMP.Test.Auto.ProximMessageParserTest" time="0.000" status="1" />
    <testcase name="ProximMessageParserConvertToInt32Test (3,True,0)" classname="Philips.PMP.Test.Auto.ProximMessageParserTest" time="0.001" status="1" />
    <testcase name="ProximMessageParserConvertToInt32Test (3,False,3)" classname="Philips.PMP.Test.Auto.ProximMessageParserTest" time="0.000" status="1" />
    <system-out />
    <system-err />
  </testsuite>
  <testsuite name="Philips.PMP.Test.Auto.TransferRequestValidatorTest" hostname="RESTORMEL" package="not available" id="1239" tests="4" failures="0" errors="0" skipped="0" time="0.296" timestamp="2023-12-13T03:37:02">
    <properties />
    <testcase name="TransferRequestValidatorCanValidateUrl (https://localhost:8098/file/path/filename,file/path,filename,True)" classname="Philips.PMP.Test.Auto.TransferRequestValidatorTest" time="0.294" status="1" />
    <testcase name="TransferRequestValidatorCanValidateUrl (https://localhost:8098/path/filename,path,filename,True)" classname="Philips.PMP.Test.Auto.TransferRequestValidatorTest" time="0.001" status="1" />
    <testcase name="TransferRequestValidatorCanValidateUrl (https://localhost:8098/filename,,,False)" classname="Philips.PMP.Test.Auto.TransferRequestValidatorTest" time="0.001" status="1" />
    <testcase name="TransferRequestValidatorCanValidateUrl (https://localhost:8098,,,False)" classname="Philips.PMP.Test.Auto.TransferRequestValidatorTest" time="0.000" status="1" />
    <system-out />
    <system-err />
  </testsuite>
  <testsuite name="Philips.PMP.Test.Auto.PatientControlHelperTest" hostname="RESTORMEL" package="not available" id="1240" tests="1" failures="0" errors="0" skipped="0" time="0.004" timestamp="2023-12-13T03:30:27">
    <properties />
    <testcase name="ShouldPromptForGenderTest" classname="Philips.PMP.Test.Auto.PatientControlHelperTest" time="0.004" status="1" />
    <system-out />
    <system-err />
  </testsuite>
  <testsuite name="Philips.PMP.Test.Auto.HolterStreamTest" hostname="RESTORMEL" package="not available" id="1241" tests="1" failures="0" errors="0" skipped="0" time="0.137" timestamp="2023-12-13T03:29:42">
    <properties />
    <testcase name="HolterStreamRfvTest" classname="Philips.PMP.Test.Auto.HolterStreamTest" time="0.137" status="1" />
    <system-out />
    <system-err />
  </testsuite>
  <testsuite name="Philips.CareEvent.Test.CertificateAuthorizationHelperTest" hostname="RESTORMEL" package="not available" id="1242" tests="2" failures="0" errors="0" skipped="0" time="0.111" timestamp="2023-12-13T03:28:18">
    <properties />
    <testcase name="AllowAuthenticatedUsersGroupToReadCertificate (False)" classname="Philips.CareEvent.Test.CertificateAuthorizationHelperTest" time="0.110" status="1" />
    <testcase name="AllowAuthenticatedUsersGroupToReadCertificate (True)" classname="Philips.CareEvent.Test.CertificateAuthorizationHelperTest" time="0.001" status="1" />
    <system-out />
    <system-err />
  </testsuite>
  <testsuite name="Philips.PMP.Test.Auto.UiCheckersPatientGeneratorTest" hostname="RESTORMEL" package="not available" id="1243" tests="2" failures="0" errors="0" skipped="0" time="0.002" timestamp="2023-12-13T03:30:00">
    <properties />
    <testcase name="UiCheckersPatientGeneratorIsPatientUnassigned (True)" classname="Philips.PMP.Test.Auto.UiCheckersPatientGeneratorTest" time="0.001" status="1" />
    <testcase name="UiCheckersPatientGeneratorIsPatientUnassigned (False)" classname="Philips.PMP.Test.Auto.UiCheckersPatientGeneratorTest" time="0.001" status="1" />
    <system-out />
    <system-err />
  </testsuite>
  <testsuite name="Philips.PMP.Test.Auto.MdilFloatHelperTest" hostname="RESTORMEL" package="not available" id="1244" tests="7" failures="0" errors="0" skipped="0" time="0.005" timestamp="2023-12-13T03:29:50">
    <properties />
    <testcase name="ConvertTest (10,10)" classname="Philips.PMP.Test.Auto.MdilFloatHelperTest" time="0.001" status="1" />
    <testcase name="ConvertTest (4278190090,4278190090)" classname="Philips.PMP.Test.Auto.MdilFloatHelperTest" time="0.000" status="1" />
    <testcase name="ConvertTest (1241841754,8388607)" classname="Philips.PMP.Test.Auto.MdilFloatHelperTest" time="0.001" status="1" />
    <testcase name="ConvertTest (8388607,8388607)" classname="Philips.PMP.Test.Auto.MdilFloatHelperTest" time="0.002" status="1" />
    <testcase name="ConvertTest (8388606,8388606)" classname="Philips.PMP.Test.Auto.MdilFloatHelperTest" time="0.000" status="1" />
    <testcase name="ConvertTest (8388608,8388608)" classname="Philips.PMP.Test.Auto.MdilFloatHelperTest" time="0.000" status="1" />
    <testcase name="ConvertTest (8388610,8388610)" classname="Philips.PMP.Test.Auto.MdilFloatHelperTest" time="0.000" status="1" />
    <system-out />
    <system-err />
  </testsuite>
  <testsuite name="Philips.PMP.Test.Auto.AlertGeneratorServiceTest" hostname="RESTORMEL" package="not available" id="1245" tests="2" failures="0" errors="0" skipped="0" time="0.564" timestamp="2023-12-13T03:29:19">
    <properties />
    <testcase name="AlertGeneratorServiceSubscribeToPdsTest (False)" classname="Philips.PMP.Test.Auto.AlertGeneratorServiceTest" time="0.561" status="1" />
    <testcase name="AlertGeneratorServiceSubscribeToPdsTest (True)" classname="Philips.PMP.Test.Auto.AlertGeneratorServiceTest" time="0.003" status="1" />
    <system-out />
    <system-err />
  </testsuite>
  <testsuite name="Philips.PMP.Test.Auto.UnitsOfMeasureTest" hostname="RESTORMEL" package="not available" id="1246" tests="12" failures="0" errors="0" skipped="0" time="0.006" timestamp="2023-12-13T03:30:56">
    <properties />
    <testcase name="UnitsOfMeasureEqualsTest (Unknown,Unknown,Unknown,Unknown,False)" classname="Philips.PMP.Test.Auto.UnitsOfMeasureTest" time="0.001" status="1" />
    <testcase name="UnitsOfMeasureEqualsTest (Centimeters,Unknown,Unknown,Unknown,True)" classname="Philips.PMP.Test.Auto.UnitsOfMeasureTest" time="0.000" status="1" />
    <testcase name="UnitsOfMeasureEqualsTest (Inches,Unknown,Unknown,Unknown,True)" classname="Philips.PMP.Test.Auto.UnitsOfMeasureTest" time="0.000" status="1" />
    <testcase name="UnitsOfMeasureEqualsTest (Unknown,Pounds,Unknown,Unknown,True)" classname="Philips.PMP.Test.Auto.UnitsOfMeasureTest" time="0.000" status="1" />
    <testcase name="UnitsOfMeasureEqualsTest (Unknown,Kilograms,Unknown,Unknown,True)" classname="Philips.PMP.Test.Auto.UnitsOfMeasureTest" time="0.000" status="1" />
    <testcase name="UnitsOfMeasureEqualsTest (Unknown,Grams,Unknown,Unknown,True)" classname="Philips.PMP.Test.Auto.UnitsOfMeasureTest" time="0.000" status="1" />
    <testcase name="UnitsOfMeasureEqualsTest (Unknown,Pounds,KiloPascal,Unknown,True)" classname="Philips.PMP.Test.Auto.UnitsOfMeasureTest" time="0.000" status="1" />
    <testcase name="UnitsOfMeasureEqualsTest (Unknown,Pounds,MillimeterOfMercury,Unknown,True)" classname="Philips.PMP.Test.Auto.UnitsOfMeasureTest" time="0.000" status="1" />
    <testcase name="UnitsOfMeasureEqualsTest (Unknown,Pounds,Unknown,Boyd,True)" classname="Philips.PMP.Test.Auto.UnitsOfMeasureTest" time="0.000" status="1" />
    <testcase name="UnitsOfMeasureEqualsTest (Unknown,Pounds,Unknown,Dubois,True)" classname="Philips.PMP.Test.Auto.UnitsOfMeasureTest" time="0.000" status="1" />
    <testcase name="UnitsOfMeasureEqualsTest (Centimeters,Pounds,KiloPascal,Dubois,True)" classname="Philips.PMP.Test.Auto.UnitsOfMeasureTest" time="0.000" status="1" />
    <testcase name="UnitsOfMeasureEqualsTest (Inches,Kilograms,MillimeterOfMercury,Boyd,True)" classname="Philips.PMP.Test.Auto.UnitsOfMeasureTest" time="0.001" status="1" />
    <system-out />
    <system-err />
  </testsuite>
  <testsuite name="Philips.PMP.Test.Auto.TwelveLeadCaptureControlTest" hostname="RESTORMEL" package="not available" id="1247" tests="3" failures="0" errors="0" skipped="0" time="0.250" timestamp="2023-12-13T03:31:10">
    <properties />
    <testcase name="TwelveLeadStoreWaveSettingsTest (True,True)" classname="Philips.PMP.Test.Auto.TwelveLeadCaptureControlTest" time="0.218" status="1" />
    <testcase name="TwelveLeadStoreWaveSettingsTest (False,True)" classname="Philips.PMP.Test.Auto.TwelveLeadCaptureControlTest" time="0.017" status="1" />
    <testcase name="TwelveLeadStoreWaveSettingsTest (True,False)" classname="Philips.PMP.Test.Auto.TwelveLeadCaptureControlTest" time="0.015" status="1" />
    <system-out />
    <system-err />
  </testsuite>
  <testsuite name="Philips.PMP.Test.Auto.PatientChangeTest" hostname="RESTORMEL" package="not available" id="1248" tests="2" failures="0" errors="0" skipped="0" time="0.005" timestamp="2023-12-13T03:34:54">
    <properties />
    <testcase name="PatientChangeIsPatientOnHostTest" classname="Philips.PMP.Test.Auto.PatientChangeTest" time="0.001" status="1" />
    <testcase name="PatientChangeEquipmentAddedAndRemovedTest" classname="Philips.PMP.Test.Auto.PatientChangeTest" time="0.005" status="1" />
    <system-out />
    <system-err />
  </testsuite>
  <testsuite name="Philips.PMP.Test.Auto.PhysioCallbackProcessorTest" hostname="RESTORMEL" package="not available" id="1249" tests="4" failures="0" errors="0" skipped="0" time="0.141" timestamp="2023-12-13T03:29:56">
    <properties />
    <testcase name="PhysioCallbackProcessorWillNotifyOfNewBed (True,True,1)" classname="Philips.PMP.Test.Auto.PhysioCallbackProcessorTest" time="0.038" status="1" />
    <testcase name="PhysioCallbackProcessorWillNotifyOfNewBed (False,True,1)" classname="Philips.PMP.Test.Auto.PhysioCallbackProcessorTest" time="0.005" status="1" />
    <testcase name="PhysioCallbackProcessorWillNotifyOfNewBed (True,False,0)" classname="Philips.PMP.Test.Auto.PhysioCallbackProcessorTest" time="0.046" status="1" />
    <testcase name="PhysioCallbackProcessorWillNotifyOfNewBed (False,False,0)" classname="Philips.PMP.Test.Auto.PhysioCallbackProcessorTest" time="0.051" status="1" />
    <system-out />
    <system-err />
  </testsuite>
  <testsuite name="Philips.PMP.Test.Auto.ClinicalNotificationBuilderTest" hostname="RESTORMEL" package="not available" id="1250" tests="3" failures="0" errors="0" skipped="0" time="0.008" timestamp="2023-12-13T03:29:38">
    <properties />
    <testcase name="ClinicalNotificationBuilderBuildNotificationIconTest (Gray,True,Mews,value_icon_chosen)" classname="Philips.PMP.Test.Auto.ClinicalNotificationBuilderTest" time="0.005" status="1" />
    <testcase name="ClinicalNotificationBuilderBuildNotificationIconTest (Red,False,Sps,simple_icon_chosen)" classname="Philips.PMP.Test.Auto.ClinicalNotificationBuilderTest" time="0.001" status="1" />
    <testcase name="ClinicalNotificationBuilderBuildClinicalNotificationTest" classname="Philips.PMP.Test.Auto.ClinicalNotificationBuilderTest" time="0.002" status="1" />
    <system-out />
    <system-err />
  </testsuite>
  <testsuite name="Philips.CareEvent.Test.DeviceInterfaceManageFormTests" hostname="RESTORMEL" package="not available" id="1251" tests="1" failures="0" errors="0" skipped="0" time="0.118" timestamp="2023-12-13T03:28:23">
    <properties />
    <testcase name="SaveDataTest" classname="Philips.CareEvent.Test.DeviceInterfaceManageFormTests" time="0.118" status="1" />
    <system-out />
    <system-err />
  </testsuite>
  <testsuite name="Philips.PMP.Test.Auto.LogonControlCredentialsControlTest" hostname="RESTORMEL" package="not available" id="1252" tests="9" failures="0" errors="0" skipped="0" time="0.352" timestamp="2023-12-13T03:38:18">
    <properties />
    <testcase name="LogonControlLogon (False,NoAuthenticatorAvailable,False)" classname="Philips.PMP.Test.Auto.LogonControlCredentialsControlTest" time="0.053" status="1" />
    <testcase name="LogonControlLogon (True,AuthenticationSucceeded,True)" classname="Philips.PMP.Test.Auto.LogonControlCredentialsControlTest" time="0.031" status="1" />
    <testcase name="LogonControlLogon (True,AuthenticationSucceeded,False)" classname="Philips.PMP.Test.Auto.LogonControlCredentialsControlTest" time="0.043" status="1" />
    <testcase name="LogonControlLogon (True,AuthenticationCancelled,False)" classname="Philips.PMP.Test.Auto.LogonControlCredentialsControlTest" time="0.034" status="1" />
    <testcase name="LogonControlLogon (True,AuthenticationFailed,False)" classname="Philips.PMP.Test.Auto.LogonControlCredentialsControlTest" time="0.056" status="1" />
    <testcase name="LogonControlLogon (True,AuthenticationInvalidCredentials,False)" classname="Philips.PMP.Test.Auto.LogonControlCredentialsControlTest" time="0.034" status="1" />
    <testcase name="LogonControlLogon (True,AuthenticationNotSupported,False)" classname="Philips.PMP.Test.Auto.LogonControlCredentialsControlTest" time="0.029" status="1" />
    <testcase name="LogonControlLogon (True,NoAuthenticatorAvailable,False)" classname="Philips.PMP.Test.Auto.LogonControlCredentialsControlTest" time="0.040" status="1" />
    <testcase name="LogonControlLogon (True,CommunicationError,False)" classname="Philips.PMP.Test.Auto.LogonControlCredentialsControlTest" time="0.032" status="1" />
    <system-out />
    <system-err />
  </testsuite>
  <testsuite name="Philips.PMP.Test.Auto.MobileSettingsRequestTest" hostname="RESTORMEL" package="not available" id="1253" tests="1" failures="0" errors="0" skipped="0" time="0.002" timestamp="2023-12-13T03:34:34">
    <properties />
    <testcase name="ParseMobileSettingsRequestInfoObjects" classname="Philips.PMP.Test.Auto.MobileSettingsRequestTest" time="0.002" status="1" />
    <system-out />
    <system-err />
  </testsuite>
  <testsuite name="Philips.PMP.Test.Auto.PatientZoneFinderTest" hostname="RESTORMEL" package="not available" id="1254" tests="1" failures="0" errors="0" skipped="0" time="0.001" timestamp="2023-12-13T03:34:59">
    <properties />
    <testcase name="PatientZoneFinderGetZone" classname="Philips.PMP.Test.Auto.PatientZoneFinderTest" time="0.001" status="1" />
    <system-out />
    <system-err />
  </testsuite>
  <testsuite name="Philips.CareEvent.Test.LedsPriorityControlTest" hostname="RESTORMEL" package="not available" id="1255" tests="1" failures="0" errors="0" skipped="0" time="0.107" timestamp="2023-12-13T03:28:27">
    <properties />
    <testcase name="ValidateAndSaveSettingsTest" classname="Philips.CareEvent.Test.LedsPriorityControlTest" time="0.107" status="1" />
    <system-out />
    <system-err />
  </testsuite>
  <testsuite name="Philips.PMP.Test.Auto.IconTooltipTest" hostname="RESTORMEL" package="not available" id="1256" tests="4" failures="0" errors="0" skipped="0" time="1.255" timestamp="2023-12-13T03:31:08">
    <properties />
    <testcase name="IconTooltipManagesEventSubscriptions (False,False)" classname="Philips.PMP.Test.Auto.IconTooltipTest" time="1.251" status="1" />
    <testcase name="IconTooltipManagesEventSubscriptions (False,True)" classname="Philips.PMP.Test.Auto.IconTooltipTest" time="0.001" status="1" />
    <testcase name="IconTooltipManagesEventSubscriptions (True,False)" classname="Philips.PMP.Test.Auto.IconTooltipTest" time="0.002" status="1" />
    <testcase name="IconTooltipManagesEventSubscriptions (True,True)" classname="Philips.PMP.Test.Auto.IconTooltipTest" time="0.001" status="1" />
    <system-out />
    <system-err />
  </testsuite>
  <testsuite name="Philips.PMP.Test.Auto.EcgAnalysisControlTest" hostname="RESTORMEL" package="not available" id="1257" tests="7" failures="0" errors="0" skipped="0" time="0.295" timestamp="2023-12-13T03:33:43">
    <properties />
    <testcase name="EcgAnalysisControlIsEcgAnalysisAvailable (True,False,True)" classname="Philips.PMP.Test.Auto.EcgAnalysisControlTest" time="0.051" status="1" />
    <testcase name="EcgAnalysisControlIsEcgAnalysisAvailable (False,True,True)" classname="Philips.PMP.Test.Auto.EcgAnalysisControlTest" time="0.038" status="1" />
    <testcase name="EcgAnalysisControlIsEcgAnalysisAvailable (True,True,True)" classname="Philips.PMP.Test.Auto.EcgAnalysisControlTest" time="0.045" status="1" />
    <testcase name="EcgAnalysisControlIsEcgAnalysisAvailable (True,True,False)" classname="Philips.PMP.Test.Auto.EcgAnalysisControlTest" time="0.041" status="1" />
    <testcase name="EcgAnalysisControlIsEcgAnalysisAvailable (True,False,False)" classname="Philips.PMP.Test.Auto.EcgAnalysisControlTest" time="0.040" status="1" />
    <testcase name="EcgAnalysisControlIsEcgAnalysisAvailable (False,True,False)" classname="Philips.PMP.Test.Auto.EcgAnalysisControlTest" time="0.038" status="1" />
    <testcase name="EcgAnalysisControlIsEcgAnalysisAvailable (False,False,False)" classname="Philips.PMP.Test.Auto.EcgAnalysisControlTest" time="0.042" status="1" />
    <system-out />
    <system-err />
  </testsuite>
  <testsuite name="Philips.PMP.Test.Auto.DataMigrationQualifierTest" hostname="RESTORMEL" package="not available" id="1258" tests="4" failures="0" errors="0" skipped="0" time="0.078" timestamp="2023-12-13T03:29:43">
    <properties />
    <testcase name="DataMigrationForOcspUrlTest (True,False,1,Warning)" classname="Philips.PMP.Test.Auto.DataMigrationQualifierTest" time="0.062" status="1" />
    <testcase name="DataMigrationForOcspUrlTest (True,True,0,Success)" classname="Philips.PMP.Test.Auto.DataMigrationQualifierTest" time="0.013" status="1" />
    <testcase name="DataMigrationForOcspUrlTest (False,True,0,Success)" classname="Philips.PMP.Test.Auto.DataMigrationQualifierTest" time="0.001" status="1" />
    <testcase name="DataMigrationForOcspUrlTest (False,False,0,Success)" classname="Philips.PMP.Test.Auto.DataMigrationQualifierTest" time="0.003" status="1" />
    <system-out />
    <system-err />
  </testsuite>
  <testsuite name="Philips.PMP.Test.Auto.MultiLeadWindowControlTest" hostname="RESTORMEL" package="not available" id="1259" tests="1" failures="0" errors="0" skipped="0" time="0.272" timestamp="2023-12-13T03:29:40">
    <properties />
    <testcase name="MultiLeadWindowControlRegisterAndUnregister" classname="Philips.PMP.Test.Auto.MultiLeadWindowControlTest" time="0.272" status="1" />
    <system-out />
    <system-err />
  </testsuite>
  <testsuite name="Philips.PMP.LicenseService.Test.GeneralCareCompatibilityDeterminerTest" hostname="RESTORMEL" package="not available" id="1260" tests="2" failures="0" errors="0" skipped="0" time="0.034" timestamp="2023-12-13T03:29:13">
    <properties />
    <testcase name="ContainsUnassignableOptionsTest" classname="Philips.PMP.LicenseService.Test.GeneralCareCompatibilityDeterminerTest" time="0.027" status="1" />
    <testcase name="FilterIncompatibleOptionsTest" classname="Philips.PMP.LicenseService.Test.GeneralCareCompatibilityDeterminerTest" time="0.007" status="1" />
    <system-out />
    <system-err />
  </testsuite>
  <testsuite name="Philips.PMP.Test.Auto.PerformanceAreaGridControlTest" hostname="RESTORMEL" package="not available" id="1261" tests="1" failures="0" errors="0" skipped="0" time="0.173" timestamp="2023-12-13T03:37:34">
    <properties />
    <testcase name="PerformanceAreaGridControlAnalyzeCannotBeCanceled" classname="Philips.PMP.Test.Auto.PerformanceAreaGridControlTest" time="0.173" status="1" />
    <system-out />
    <system-err />
  </testsuite>
  <testsuite name="Philips.PMP.Test.Auto.DomainHandlerTest" hostname="RESTORMEL" package="not available" id="1262" tests="1" failures="0" errors="0" skipped="0" time="2.132" timestamp="2023-12-13T03:29:19">
    <properties />
    <testcase name="DomainHandlerProcessTopoContextRequest (8,19200,601)" classname="Philips.PMP.Test.Auto.DomainHandlerTest" time="2.132" status="1" />
    <system-out />
    <system-err />
  </testsuite>
  <testsuite name="Philips.PMP.Test.Auto.TopologyDistributorTest" hostname="RESTORMEL" package="not available" id="1263" tests="1" failures="0" errors="0" skipped="0" time="0.451" timestamp="2023-12-13T03:29:19">
    <properties />
    <testcase name="TopologyDistributorReceiveDataTest" classname="Philips.PMP.Test.Auto.TopologyDistributorTest" time="0.451" status="1" />
    <system-out />
    <system-err />
  </testsuite>
  <testsuite name="Philips.PMP.Test.Auto.Ecg12LeadInterfaceControlTest" hostname="RESTORMEL" package="not available" id="1264" tests="1" failures="0" errors="0" skipped="0" time="0.033" timestamp="2023-12-13T03:33:43">
    <properties />
    <testcase name="Ecg12LeadInterfaceControlRefreshUnitsTest" classname="Philips.PMP.Test.Auto.Ecg12LeadInterfaceControlTest" time="0.033" status="1" />
    <system-out />
    <system-err />
  </testsuite>
  <testsuite name="Philips.PIC.CertificateRenewal.Test.PersonalCertificateRenewalServiceTest" hostname="RESTORMEL" package="not available" id="1265" tests="2" failures="0" errors="0" skipped="0" time="0.317" timestamp="2023-12-13T03:28:47">
    <properties />
    <testcase name="CertificateRenewalHelperCanDetermineWhenTheScepHelperIsCapableOfRenewal (True)" classname="Philips.PIC.CertificateRenewal.Test.PersonalCertificateRenewalServiceTest" time="0.211" status="1" />
    <testcase name="CertificateRenewalHelperCanDetermineWhenTheScepHelperIsCapableOfRenewal (False)" classname="Philips.PIC.CertificateRenewal.Test.PersonalCertificateRenewalServiceTest" time="0.105" status="1" />
    <system-out />
    <system-err />
  </testsuite>
  <testsuite name="Philips.PMP.Test.Auto.WindowsSecurityPolicyReaderTest" hostname="RESTORMEL" package="not available" id="1266" tests="2" failures="0" errors="0" skipped="0" time="0.022" timestamp="2023-12-13T03:29:51">
    <properties />
    <testcase name="WindowsSecurityPolicyReaderMinimumPasswordAge (True,1)" classname="Philips.PMP.Test.Auto.WindowsSecurityPolicyReaderTest" time="0.018" status="1" />
    <testcase name="WindowsSecurityPolicyReaderMinimumPasswordAge (False,0)" classname="Philips.PMP.Test.Auto.WindowsSecurityPolicyReaderTest" time="0.004" status="1" />
    <system-out />
    <system-err />
  </testsuite>
  <testsuite name="Philips.PMP.Test.Auto.ListAlarmsWindowControlHelperTest" hostname="RESTORMEL" package="not available" id="1267" tests="2" failures="0" errors="0" skipped="0" time="0.006" timestamp="2023-12-13T03:31:10">
    <properties />
    <testcase name="ListAlarmsWindowControlCreateGridRow (True)" classname="Philips.PMP.Test.Auto.ListAlarmsWindowControlHelperTest" time="0.006" status="1" />
    <testcase name="ListAlarmsWindowControlCreateGridRow (False)" classname="Philips.PMP.Test.Auto.ListAlarmsWindowControlHelperTest" time="0.001" status="1" />
    <system-out />
    <system-err />
  </testsuite>
  <testsuite name="Philips.PMP.Test.Auto.LoadBalancingControlTest" hostname="RESTORMEL" package="not available" id="1268" tests="4" failures="0" errors="0" skipped="0" time="0.125" timestamp="2023-12-13T03:34:33">
    <properties />
    <testcase name="LoadBalancerControlCanSaveDifferentDeviceTypes (True,True,True,0,1)" classname="Philips.PMP.Test.Auto.LoadBalancingControlTest" time="0.068" status="1" />
    <testcase name="LoadBalancerControlCanSaveDifferentDeviceTypes (False,True,False,1,1)" classname="Philips.PMP.Test.Auto.LoadBalancingControlTest" time="0.034" status="1" />
    <testcase name="LoadBalancerControlCanSaveDifferentDeviceTypes (True,False,True,0,0)" classname="Philips.PMP.Test.Auto.LoadBalancingControlTest" time="0.009" status="1" />
    <testcase name="LoadBalancerControlCanSaveDifferentDeviceTypes (False,False,True,0,0)" classname="Philips.PMP.Test.Auto.LoadBalancingControlTest" time="0.014" status="1" />
    <system-out />
    <system-err />
  </testsuite>
  <testsuite name="Philips.PMP.Test.Auto.AlertNotificationConnectionControlTest" hostname="RESTORMEL" package="not available" id="1269" tests="1" failures="0" errors="0" skipped="0" time="0.031" timestamp="2023-12-13T03:30:13">
    <properties />
    <testcase name="PopulateUnitListTest" classname="Philips.PMP.Test.Auto.AlertNotificationConnectionControlTest" time="0.031" status="1" />
    <system-out />
    <system-err />
  </testsuite>
  <testsuite name="Philips.PMP.Test.Auto.IntelliBridgeConnectionSettingFormTest" hostname="RESTORMEL" package="not available" id="1270" tests="6" failures="0" errors="0" skipped="0" time="0.169" timestamp="2023-12-13T03:34:18">
    <properties />
    <testcase name="ConnectionSettingFormOnFormClosingTest (True,False,1,CapsuleMDIP)" classname="Philips.PMP.Test.Auto.IntelliBridgeConnectionSettingFormTest" time="0.039" status="1" />
    <testcase name="ConnectionSettingFormOnFormClosingTest (True,True,0,CapsuleMDIP)" classname="Philips.PMP.Test.Auto.IntelliBridgeConnectionSettingFormTest" time="0.028" status="1" />
    <testcase name="ConnectionSettingFormOnFormClosingTest (False,False,1,CapsuleMDIP)" classname="Philips.PMP.Test.Auto.IntelliBridgeConnectionSettingFormTest" time="0.026" status="1" />
    <testcase name="ConnectionSettingFormOnFormClosingTest (True,False,1,BBraunDoselinkPlus)" classname="Philips.PMP.Test.Auto.IntelliBridgeConnectionSettingFormTest" time="0.023" status="1" />
    <testcase name="ConnectionSettingFormOnFormClosingTest (True,True,0,BBraunDoselinkPlus)" classname="Philips.PMP.Test.Auto.IntelliBridgeConnectionSettingFormTest" time="0.030" status="1" />
    <testcase name="ConnectionSettingFormOnFormClosingTest (False,False,1,BBraunDoselinkPlus)" classname="Philips.PMP.Test.Auto.IntelliBridgeConnectionSettingFormTest" time="0.024" status="1" />
    <system-out />
    <system-err />
  </testsuite>
  <testsuite name="Philips.iX.DataBridge.Common.Test.TestHttpClientTest" hostname="RESTORMEL" package="not available" id="1271" tests="1" failures="0" errors="0" skipped="0" time="0.182" timestamp="2023-12-13T03:27:40">
    <properties />
    <testcase name="HttpClientCreatesHttpContext" classname="Philips.iX.DataBridge.Common.Test.TestHttpClientTest" time="0.182" status="1" />
    <system-out />
    <system-err />
  </testsuite>
  <testsuite name="Philips.PMP.Test.Auto.ThresholdDropdownControlTest" hostname="RESTORMEL" package="not available" id="1272" tests="1" failures="0" errors="0" skipped="0" time="0.026" timestamp="2023-12-13T03:30:32">
    <properties />
    <testcase name="ThresholdDropdownUiTest" classname="Philips.PMP.Test.Auto.ThresholdDropdownControlTest" time="0.026" status="1" />
    <system-out />
    <system-err />
  </testsuite>
  <testsuite name="Philips.PMP.Test.Auto.AlarmLimitsRendererTest" hostname="RESTORMEL" package="not available" id="1273" tests="1" failures="0" errors="0" skipped="0" time="0.043" timestamp="2023-12-13T03:29:38">
    <properties />
    <testcase name="AlarmLimitsRendererDisplayAlarmLimits" classname="Philips.PMP.Test.Auto.AlarmLimitsRendererTest" time="0.043" status="1" />
    <system-out />
    <system-err />
  </testsuite>
</testsuites>
