<?xml version="1.0" encoding="UTF-8"?>
<testsuites xmlns:a="http://microsoft.com/schemas/VisualStudio/TeamTest/2006"
            xmlns:b="http://microsoft.com/schemas/VisualStudio/TeamTest/2010">
   <testsuite name="MSTestSuite" tests="14404" time="0" failures="0" errors="0" skipped="0">
      <testcase classname="Philips.PIC.DevTools.Test.SqlConstantsHelperTest" name="DbScriptValidateSqlConstantFilesOutputTest" time="1.1555286"/>
      <testcase classname="Philips.PMP.Test.Auto.ApmDataConverterTest" name="DoNotConvertRemoteAntennaIfInAccessPointHasNoRemoteAntennas" time="0.0006477"/>
      <testcase classname="Philips.IX.UserManagement.Test.ProveIdWebApiMessageTest" name="DomainsMessageTest" time="0.0149637"/>
      <testcase classname="Philips.PMP.Test.Auto.RemoteDataServiceMgrTest"
                name="MultiPatientViewCancelLogonTest"
                time="0.3072289"/>
      <testcase classname="Philips.PMP.Test.Auto.PhysioDataHelperTest"
                name="PhysioDataHelperFindCorrectComplexDynamicAttributeElementTest"
                time="0.000591"/>
      <testcase classname="Philips.PMP.Test.Auto.WatchdogCommandsTest"
                name="WatchdogRebootCommandFunctionality"
                time="0.0015627"/>
      <testcase classname="Philips.PIC.SharedAssignment.Test.SharedAssignmentMgrTest"
                name="ManualSyncShouldWriteToStream (True,1) row 1"
                time="0.2231288"/>
      <testcase classname="Philips.PIC.SharedAssignment.Test.SharedAssignmentMgrTest"
                name="ManualSyncShouldWriteToStream (False,0) row 2"
                time="0.0027957"/>
      <testcase classname="Philips.PMP.Test.Auto.PhysioDataResponseTest"
                name="ParsePhysioDataResponseInfoObjects"
                time="0.0137884"/>
      <testcase classname="Philips.PMP.Test.Auto.WaveProviderTest"
                name="WaveBeginningWaveData"
                time="0.0331922"/>
      <testcase classname="Philips.PMP.Test.Auto.DtlsTest"
                name="DtlsInitiateDtlsConnectionTest"
                time="0.0111443"/>
      <testcase classname="Philips.CareEvent.Test.AuthenticationRequestProcessorTests"
                name="IsUserAllowedForTextMessagingReturnFalseIfUserDoNotHaveRole"
                time="0.0197171"/>
      <testcase classname="Philips.CareEvent.Test.EventMonitorFilterTests"
                name="EventMonitorFilterOnPiicAlarms"
                time="0.0267769"/>
      <testcase classname="Philips.iX.InboundDataBridge.Test.PhysioDataInboundBridgeServiceTest"
                name="StartServiceTest (False) row 1"
                time="1.2443214"/>
      <testcase classname="Philips.iX.InboundDataBridge.Test.PhysioDataInboundBridgeServiceTest"
                name="StartServiceTest (True) row 2"
                time="0.0594101"/>
      <testcase classname="Philips.PMP.Test.Auto.NumericProviderTest"
                name="NumericProviderGetLatest"
                time="0.3429225"/>
      <testcase classname="Philips.PIC.DataAcquisition.Test.MonitoringDeviceCommunicatorTest"
                name="MonitoringDeviceCommunicatorDoesNotSendMessagesWhenDisconnected"
                time="0.0013565"/>
      <testcase classname="Philips.CareEvent.Test.WctpParseHelperTests"
                name="ParseWctpXml (&lt;?xml version=&#34;1.0&#34; encoding=&#34;UTF-8&#34; standalone=&#34;yes&#34;?&gt;&lt;!DOCTYPE wctp-Operation SYSTEM &#34;http://www.wctp.org/archive/wctpv1-0.dtd&#34;&gt;&lt;wctp-Operation wctpVersion=&#34;wctp-dtd-v1r1&#34; wctpToken=&#34;11AA&#34;&gt;&lt;wctp-StatusInfo&gt;&lt;wctp-ResponseHeader responseToMessageID=&#34;46264399&#34; responseTimestamp=&#34;1999-03-31T18:19:00&#34; respondingToTimestamp=&#34;1999-03-31T18:18:00&#34;&gt;&lt;/wctp-ResponseHeader&gt;&lt;wctp-Notification type=&#34;DELIVERED&#34; /&gt;&lt;/wctp-StatusInfo&gt;&lt;/wctp-Operation&gt;,StatusInfo) row 1"
                time="0.0104862"/>
      <testcase classname="Philips.CareEvent.Test.WctpParseHelperTests"
                name="ParseWctpXml (&lt;?xml version=&#34;1.0&#34; encoding=&#34;UTF-8&#34; standalone=&#34;yes&#34;?&gt;&lt;!DOCTYPE wctp-Operation SYSTEM &#34;http://www.wctp.org/archive/wctpv1-0.dtd&#34;&gt;&lt;wctp-Operation&gt;&lt;wctp-MessageReply MCRMessageReply=&#34;true&#34;&gt;&lt;wctp-ResponseHeader responseToMessageID=&#34;-1&#34; responseTimestamp=&#34;2020-05-01T16:57:05&#34; respondingToTimestamp=&#34;2020-05-01T16:55:49&#34;&gt;&lt;wctp-Originator senderID=&#34; securityCode=&#34;/&gt;&lt;wctp-Recipient recipientID=&#34;http://192.168.201.132/Philips_WCTP/wowctp.dll&#34;/&gt;&lt;/wctp-ResponseHeader&gt;&lt;wctp-Payload&gt;&lt;wctp-Alphanumeric&gt;*ACK&lt;/wctp-Alphanumeric&gt;&lt;/wctp-Payload&gt;&lt;/wctp-MessageReply&gt;&lt;/wctp-Operation&gt;,MessageReply) row 2"
                time="0.001743"/>
      <testcase classname="Philips.PIC.DataAcquisition.Test.SureSignsUserMgrTest"
                name="SureSignsOnUserAuthrorizationRequestTest (Success,1,0) row 1"
                time="0.240152"/>
      <testcase classname="Philips.PIC.DataAcquisition.Test.SureSignsUserMgrTest"
                name="SureSignsOnUserAuthrorizationRequestTest (UserAuth_InvalidAccountOrPassword,0,1) row 2"
                time="0.01604"/>
      <testcase classname="Philips.PMP.Test.Auto.TopLevelCategoryFormatterTest"
                name="FormatShouldReturnExpectedResult (I bless the rains down in Africa,DAAC56C7-7A7D-4444-9BB3-B9B22B48A228,Toto - I bless the rains down in Africa) row 1"
                time="0.0008068"/>
      <testcase classname="Philips.PMP.Test.Auto.TopLevelCategoryFormatterTest"
                name="FormatShouldReturnExpectedResult (I bless the rains down in Africa,00000000-0000-0000-0000-000000000000,I bless the rains down in Africa) row 2"
                time="0.0004144"/>
      <testcase classname="Philips.PMP.Test.Auto.TopLevelCategoryFormatterTest"
                name="FormatShouldReturnExpectedResult (Toto,DAAC56C7-7A7D-4444-9BB3-B9B22B48A228,Toto) row 3"
                time="0.0005214"/>
      <testcase classname="Philips.PMP.Test.Auto.TopLevelCategoryFormatterTest"
                name="FormatShouldReturnExpectedResult (Toto - I bless the rains down in Africa,DAAC56C7-7A7D-4444-9BB3-B9B22B48A228,Toto - I bless the rains down in Africa) row 4"
                time="0.000442"/>
      <testcase classname="Philips.PMP.Test.Auto.DbEngineTest"
                name="ErrorHandlingNoRecoverError"
                time="0.0085249"/>
      <testcase classname="Philips.PMP.Test.Auto.CameraSystemUnitAssignmentControlTest"
                name="CameraSystemUnitAssignmentControlCredentialAndUnitStore"
                time="0.0394941"/>
      <testcase classname="Philips.PMP.Test.Auto.HostAccessViewControllerTest"
                name="HostAccessViewControllerHostAccessSettings"
                time="0.0045554"/>
      <testcase classname="Philips.CareEvent.Test.MobileRequestMgrTests"
                name="EscalationUnavailableForInformationalEvents"
                time="0.012571"/>
      <testcase classname="Philips.PMP.Test.Auto.WatchdogProviderTest"
                name="GetWatchedProcessesTest"
                time="0.0273847"/>
      <testcase classname="Philips.PMP.Test.Auto.Hl7OruEncoderTest"
                name="DuplicateEC10ValueIsFilteredOutWhenSameValueIsOnBedsideDisplayTest"
                time="0.0225754"/>
      <testcase classname="Philips.PMP.Test.Auto.PhysioDataServiceTest"
                name="MetricRepositoryDeletesRetainedMetricsWithDuplicateLabelTextIds (150020) row 1"
                time="0.001332"/>
      <testcase classname="Philips.PMP.Test.Auto.PhysioDataServiceTest"
                name="MetricRepositoryDeletesRetainedMetricsWithDuplicateLabelTextIds (194954) row 2"
                time="0.0012264"/>
      <testcase classname="Philips.PIC.DataAcquisition.Test.MonitoringDeviceFactoryMgrTest"
                name="MonitoringDeviceTryGetServiceListTest (Vs30,True) row 1"
                time="0.2646554"/>
      <testcase classname="Philips.PIC.DataAcquisition.Test.MonitoringDeviceFactoryMgrTest"
                name="MonitoringDeviceTryGetServiceListTest (Mx750,False) row 2"
                time="0.0047172"/>
      <testcase classname="Philips.PMP.Test.Auto.CameraSystemUnitAssignmentControlTest"
                name="CameraSystemUnitAssignmentControlTestConnection (Success) row 1"
                time="0.0573269"/>
      <testcase classname="Philips.PMP.Test.Auto.CameraSystemUnitAssignmentControlTest"
                name="CameraSystemUnitAssignmentControlTestConnection (Failure) row 2"
                time="0.0182961"/>
      <testcase classname="Philips.PMP.Test.Auto.CameraSystemUnitAssignmentControlTest"
                name="CameraSystemUnitAssignmentControlTestConnection (Unknown) row 3"
                time="0.0201854"/>
      <testcase classname="Philips.PMP.Test.Auto.DataRelayServiceTest"
                name="DataRelayGetPatients (True) row 1"
                time="0.1430599"/>
      <testcase classname="Philips.PMP.Test.Auto.DataRelayServiceTest"
                name="DataRelayGetPatients (False) row 2"
                time="0.0052726"/>
      <testcase classname="Philips.CareEvent.Test.MobileRequestMgrTests"
                name="GetCallbackActionForEvent"
                time="0.0269725"/>
      <testcase classname="Philips.PMP.Test.Auto.EventNotificationValidatorTest"
                name="ValidateErrorWhenChargeRoleAndNurseRoleAreSameTest"
                time="0.2516319"/>
      <testcase classname="Philips.PMP.Test.Auto.MobilePatientConverterTest"
                name="GetPatientSexTest (Male,Male) row 1"
                time="0.0006379"/>
      <testcase classname="Philips.PMP.Test.Auto.MobilePatientConverterTest"
                name="GetPatientSexTest (Female,Female) row 2"
                time="0.0005016"/>
      <testcase classname="Philips.PMP.Test.Auto.MobilePatientConverterTest"
                name="GetPatientSexTest (Unknown,SexUnknown) row 3"
                time="0.0004655"/>
      <testcase classname="Philips.PMP.Test.Auto.MobilePatientConverterTest"
                name="GetPatientSexTest (Unspecified,SexUnspecified) row 4"
                time="0.0004678"/>
      <testcase classname="Philips.PMP.Test.Auto.PatientServiceHelperTest"
                name="PatientServiceHelperApplyIdPatientChangesTest"
                time="0.0010925"/>
      <testcase classname="Philips.PMP.Test.Auto.ExtendedNumericLimitsTest"
                name="TryGetUpperValueTest"
                time="0.0007117"/>
      <testcase classname="Philips.PMP.Test.Auto.RfidInputMgrTest"
                name="RfidInputMgrInitializeSimulator (False) row 1"
                time="0.0527657"/>
      <testcase classname="Philips.PMP.Test.Auto.RfidInputMgrTest"
                name="RfidInputMgrInitializeSimulator (True) row 2"
                time="0.0495194"/>
      <testcase classname="Philips.CareEvent.Test.EventWorkflowProviderTests"
                name="GetChatMessageGroupIdTest"
                time="0.0761441"/>
      <testcase classname="Philips.PMP.Test.Auto.IheDeviceTest"
                name="IheBBraunDoselinkPlusUniqueIdTest (BBraunDoselinkPlus,MSH|^~\&amp;|PAT_DEVICE_BBRAUN^0012211839000001^EUI-64|BBRAUN|DOC_AM_TEST|BB1|20220523142113+0000||ORU^R01^ORU_R01|63788912473382465025|P|2.6|||AL|NE||ASCII|en^English^ISO639||IHE_PCD_001^IHE PCD^1.3.6.1.4.1.19376.1.6.4.1^ISO&#xD;&#xA;&#x9;&#x9;PID|||Unknown Patient^Unknown Patient||^^^^^^U||||||||||||||||||||||||||Y&#xD;&#xA;&#x9;&#x9;OBR|1|029d53e1-daa3-11ec-8487-c0ee400d168f^PAT_DEVICE_BBRAUN^0012211839000001^EUI-64|029d53e1-daa3-11ec-8487-c0ee400d168f^PAT_DEVICE_BBRAUN^0012211839000001^EUI-64|Dobutamine^Dobutamine|||20220523142039+0000&#xD;&#xA;&#x9;&#x9;OBX|1||70053^MDC_DEV_PUMP_INFUS_SYRINGE_MDS^MDC|1.0.0.0|||||||X|||||||P2450^^0012210000000000^EUI-64&#xD;&#xA;&#x9;&#x9;OBX|2||70054^MDC_DEV_PUMP_INFUS_SYRINGE_VMD^MDC|1.1.0.0|||||||X&#xD;&#xA;&#x9;&#x9;OBX|8||70067^MDC_DEV_PUMP_DELIVERY_INFO^MDC|1.1.1.0|||||||X&#xD;&#xA;&#x9;&#x9;OBX|9|ST|0^MDC_ATTR_PUMP_PILLAR_DETAILS^MDC|1.1.0.24|0^0||||||F|||||||{uniqueId}&#xD;&#xA;&#x9;&#x9;OBX|9|CWE|184519^MDC_PUMP_INFUSING_STATUS^MDC|1.1.1.1|^pump-status-infusing||||||R&#xD;&#xA;&#x9;&#x9;OBX|10|NM|158014^MDC_FLOW_FLUID_PUMP_CURRENT^MDC|1.1.1.2|18|265266^MDC_DIM_MILLI_L_PER_HR^MDC^mL/h^mL/h^UCUM|||||R&#xD;&#xA;&#x9;&#x9;OBX|11|CWE|158016^MDC_DEV_PUMP_ACTIVE_SOURCES^MDC|1.1.1.3|^pump-source-info-primary||||||R&#xD;&#xA;&#x9;&#x9;OBX|12||70071^MDC_DEV_PUMP_INFUSATE_SOURCE_PRIMARY^MDC|1.1.2.0|||||||X&#xD;&#xA;&#x9;&#x9;OBX|13|ST|158012^MDC_DEV_PUMP_SOURCE_CHANNEL_LABEL^MDC|1.1.2.1|Primary||||||R&#xD;&#xA;&#x9;&#x9;OBX|14|ST|184514^MDC_DRUG_NAME_LABEL^MDC|1.1.2.2|Dobutamine||||||R&#xD;&#xA;&#x9;&#x9;OBX|15|ST|184516^MDC_PUMP_DRUG_LIBRARY_CARE_AREA^MDC|1.1.2.4|Global Surgery||||||R&#xD;&#xA;&#x9;&#x9;OBX|16|NM|157784^MDC_FLOW_FLUID_PUMP^MDC|1.1.2.5|18|265266^MDC_DIM_MILLI_L_PER_HR^MDC^mL/h^mL/h^UCUM|||||R&#xD;&#xA;&#x9;&#x9;OBX|17|NM|157760^MDC_CONC_DRUG^MDC|1.1.2.7|5|264306^MDC_DIM_MILLI_G_PER_ML^MDC^mg/mL^mg/mL^UCUM|||||R&#xD;&#xA;&#x9;&#x9;OBX|18|NM|157884^MDC_VOL_FLUID_TBI^MDC|1.1.2.8|2|263762^MDC_DIM_MILLI_L^MDC^mL^mL^UCUM|||||R&#xD;&#xA;&#x9;&#x9;OBX|19|NM|157872^MDC_VOL_FLUID_TBI_REMAIN^MDC|1.1.2.9|0.9|263762^MDC_DIM_MILLI_L^MDC^mL^mL^UCUM|||||R&#xD;&#xA;&#x9;&#x9;OBX|20|NM|157993^MDC_VOL_FLUID_DELIV_TOTAL^MDC|1.1.2.11|1.1|263762^MDC_DIM_MILLI_L^MDC^mL^mL^UCUM|||||R&#xD;&#xA;&#x9;&#x9;OBX|21|NM|157999^MDC_DOSE_DRUG_TBI^MDC|1.1.2.12|10000|263891^MDC_DIM_MICRO_G^MDC^ug^ug^UCUM|||||R&#xD;&#xA;&#x9;&#x9;OBX|22|NM|158000^MDC_DOSE_DRUG_TBI_REMAIN^MDC|1.1.2.13|4480|263891^MDC_DIM_MICRO_G^MDC^ug^ug^UCUM|||||R&#xD;&#xA;&#x9;&#x9;OBX|23|NM|158001^MDC_DOSE_DRUG_DELIV_TOTAL^MDC|1.1.2.15|5520|263891^MDC_DIM_MICRO_G^MDC^ug^ug^UCUM|||||R&#xD;&#xA;&#x9;&#x9;OBX|24|NM|157996^MDC_TIME_PD_PROG^MDC|1.1.2.16|400|264320^MDC_DIM_X_SEC^MDC^s^s^UCUM|||||R&#xD;&#xA;&#x9;&#x9;OBX|25|NM|157916^MDC_TIME_PD_REMAIN^MDC|1.1.2.17|179|264320^MDC_DIM_X_SEC^MDC^s^s^UCUM|||||R&#xD;&#xA;&#x9;&#x9;OBX|26|NM|68063^MDC_ATTR_PT_WEIGHT^MDC|1.1.2.18|100|263875^MDC_DIM_KILO_G^MDC^kg^kg^UCUM|||||R&#xD;&#xA;&#x9;&#x9;OBX|27|CWE|158008^MDC_DEV_PUMP_PROGRAM_DELIVERY_MODE^MDC|1.1.2.21|^pump-program-delivery-mode-continuous||||||R&#xD;&#xA;&#x9;&#x9;OBX|28|CWE|158005^MDC_DEV_PUMP_CURRENT_DELIVERY_STATUS^MDC|1.1.2.22|^pump-delivery-status-delivering||||||R&#xD;&#xA;&#x9;&#x9;OBX|29||70091^MDC_DEV_PUMP_SYRINGE_INFO^MDC|1.1.6.0|||||||X&#xD;&#xA;&#x9;&#x9;OBX|30|NM|157880^MDC_VOL_SYRINGE^MDC|1.1.6.1|50|263762^MDC_DIM_MILLI_L^MDC^mL^mL^UCUM|||||R&#xD;&#xA;&#x9;&#x9;OBX|31|NM|157984^MDC_VOL_SYRINGE_ACTUAL^MDC|1.1.6.2|30.95|263762^MDC_DIM_MILLI_L^MDC^mL^mL^UCUM|||||R&#xD;&#xA;&#x9;&#x9;OBX|32|ST|184488^MDC_SYRINGE_MANUFACTURER^MDC|1.1.6.3|B.Braun OPS 50 mL||||||R,CA1~Rm1~Bed2~Fac1~~~Bldg1~Fl1^^0012210000000000^EUI-64,CA1^RM1^BED2^FAC1^^^BLDG1^FL1) row 1"
                time="0.0059358"/>
      <testcase classname="Philips.PMP.Test.Auto.IheDeviceTest"
                name="IheBBraunDoselinkPlusUniqueIdTest (BBraunDoselinkPlus,MSH|^~\&amp;|PAT_DEVICE_BBRAUN^0012211839000001^EUI-64|BBRAUN|DOC_AM_TEST|BB1|20220523142113+0000||ORU^R01^ORU_R01|63788912473382465025|P|2.6|||AL|NE||ASCII|en^English^ISO639||IHE_PCD_001^IHE PCD^1.3.6.1.4.1.19376.1.6.4.1^ISO&#xD;&#xA;&#x9;&#x9;PID|||Unknown Patient^Unknown Patient||^^^^^^U||||||||||||||||||||||||||Y&#xD;&#xA;&#x9;&#x9;OBR|1|029d53e1-daa3-11ec-8487-c0ee400d168f^PAT_DEVICE_BBRAUN^0012211839000001^EUI-64|029d53e1-daa3-11ec-8487-c0ee400d168f^PAT_DEVICE_BBRAUN^0012211839000001^EUI-64|Dobutamine^Dobutamine|||20220523142039+0000&#xD;&#xA;&#x9;&#x9;OBX|1||70053^MDC_DEV_PUMP_INFUS_SYRINGE_MDS^MDC|1.0.0.0|||||||X|||||||P2450^^0012210000000000^EUI-64&#xD;&#xA;&#x9;&#x9;OBX|2||70054^MDC_DEV_PUMP_INFUS_SYRINGE_VMD^MDC|1.1.0.0|||||||X&#xD;&#xA;&#x9;&#x9;OBX|8||70067^MDC_DEV_PUMP_DELIVERY_INFO^MDC|1.1.1.0|||||||X&#xD;&#xA;&#x9;&#x9;OBX|9|ST|0^MDC_ATTR_PUMP_PILLAR_DETAILS^MDC|1.1.0.24|0^0||||||F|||||||{uniqueId}&#xD;&#xA;&#x9;&#x9;OBX|9|CWE|184519^MDC_PUMP_INFUSING_STATUS^MDC|1.1.1.1|^pump-status-infusing||||||R&#xD;&#xA;&#x9;&#x9;OBX|10|NM|158014^MDC_FLOW_FLUID_PUMP_CURRENT^MDC|1.1.1.2|18|265266^MDC_DIM_MILLI_L_PER_HR^MDC^mL/h^mL/h^UCUM|||||R&#xD;&#xA;&#x9;&#x9;OBX|11|CWE|158016^MDC_DEV_PUMP_ACTIVE_SOURCES^MDC|1.1.1.3|^pump-source-info-primary||||||R&#xD;&#xA;&#x9;&#x9;OBX|12||70071^MDC_DEV_PUMP_INFUSATE_SOURCE_PRIMARY^MDC|1.1.2.0|||||||X&#xD;&#xA;&#x9;&#x9;OBX|13|ST|158012^MDC_DEV_PUMP_SOURCE_CHANNEL_LABEL^MDC|1.1.2.1|Primary||||||R&#xD;&#xA;&#x9;&#x9;OBX|14|ST|184514^MDC_DRUG_NAME_LABEL^MDC|1.1.2.2|Dobutamine||||||R&#xD;&#xA;&#x9;&#x9;OBX|15|ST|184516^MDC_PUMP_DRUG_LIBRARY_CARE_AREA^MDC|1.1.2.4|Global Surgery||||||R&#xD;&#xA;&#x9;&#x9;OBX|16|NM|157784^MDC_FLOW_FLUID_PUMP^MDC|1.1.2.5|18|265266^MDC_DIM_MILLI_L_PER_HR^MDC^mL/h^mL/h^UCUM|||||R&#xD;&#xA;&#x9;&#x9;OBX|17|NM|157760^MDC_CONC_DRUG^MDC|1.1.2.7|5|264306^MDC_DIM_MILLI_G_PER_ML^MDC^mg/mL^mg/mL^UCUM|||||R&#xD;&#xA;&#x9;&#x9;OBX|18|NM|157884^MDC_VOL_FLUID_TBI^MDC|1.1.2.8|2|263762^MDC_DIM_MILLI_L^MDC^mL^mL^UCUM|||||R&#xD;&#xA;&#x9;&#x9;OBX|19|NM|157872^MDC_VOL_FLUID_TBI_REMAIN^MDC|1.1.2.9|0.9|263762^MDC_DIM_MILLI_L^MDC^mL^mL^UCUM|||||R&#xD;&#xA;&#x9;&#x9;OBX|20|NM|157993^MDC_VOL_FLUID_DELIV_TOTAL^MDC|1.1.2.11|1.1|263762^MDC_DIM_MILLI_L^MDC^mL^mL^UCUM|||||R&#xD;&#xA;&#x9;&#x9;OBX|21|NM|157999^MDC_DOSE_DRUG_TBI^MDC|1.1.2.12|10000|263891^MDC_DIM_MICRO_G^MDC^ug^ug^UCUM|||||R&#xD;&#xA;&#x9;&#x9;OBX|22|NM|158000^MDC_DOSE_DRUG_TBI_REMAIN^MDC|1.1.2.13|4480|263891^MDC_DIM_MICRO_G^MDC^ug^ug^UCUM|||||R&#xD;&#xA;&#x9;&#x9;OBX|23|NM|158001^MDC_DOSE_DRUG_DELIV_TOTAL^MDC|1.1.2.15|5520|263891^MDC_DIM_MICRO_G^MDC^ug^ug^UCUM|||||R&#xD;&#xA;&#x9;&#x9;OBX|24|NM|157996^MDC_TIME_PD_PROG^MDC|1.1.2.16|400|264320^MDC_DIM_X_SEC^MDC^s^s^UCUM|||||R&#xD;&#xA;&#x9;&#x9;OBX|25|NM|157916^MDC_TIME_PD_REMAIN^MDC|1.1.2.17|179|264320^MDC_DIM_X_SEC^MDC^s^s^UCUM|||||R&#xD;&#xA;&#x9;&#x9;OBX|26|NM|68063^MDC_ATTR_PT_WEIGHT^MDC|1.1.2.18|100|263875^MDC_DIM_KILO_G^MDC^kg^kg^UCUM|||||R&#xD;&#xA;&#x9;&#x9;OBX|27|CWE|158008^MDC_DEV_PUMP_PROGRAM_DELIVERY_MODE^MDC|1.1.2.21|^pump-program-delivery-mode-continuous||||||R&#xD;&#xA;&#x9;&#x9;OBX|28|CWE|158005^MDC_DEV_PUMP_CURRENT_DELIVERY_STATUS^MDC|1.1.2.22|^pump-delivery-status-delivering||||||R&#xD;&#xA;&#x9;&#x9;OBX|29||70091^MDC_DEV_PUMP_SYRINGE_INFO^MDC|1.1.6.0|||||||X&#xD;&#xA;&#x9;&#x9;OBX|30|NM|157880^MDC_VOL_SYRINGE^MDC|1.1.6.1|50|263762^MDC_DIM_MILLI_L^MDC^mL^mL^UCUM|||||R&#xD;&#xA;&#x9;&#x9;OBX|31|NM|157984^MDC_VOL_SYRINGE_ACTUAL^MDC|1.1.6.2|30.95|263762^MDC_DIM_MILLI_L^MDC^mL^mL^UCUM|||||R&#xD;&#xA;&#x9;&#x9;OBX|32|ST|184488^MDC_SYRINGE_MANUFACTURER^MDC|1.1.6.3|B.Braun OPS 50 mL||||||R,,^^^^^^^) row 2"
                time="0.0017902"/>
      <testcase classname="Philips.PMP.Test.Auto.IheDeviceTest"
                name="IheBBraunDoselinkPlusUniqueIdTest (BBraunDoselinkPlus,MSH|^~\&amp;|PAT_DEVICE_BBRAUN^0012211839000001^EUI-64|BBRAUN|BBRAUN_DOC_AM_TEST|BBRAUN|20230712155314+0000||ORU^R40^ORU_R40|63824773994760285721|P|2.6|||AL|NE||ASCII|en^English^ISO639||IHE_PCD_ACM_001^IHE PCD^1.3.6.1.4.1.19376.1.6.4.4^ISO&#xD;&#xA;&#x9;&#x9;PID|||Unknown Patient^Unknown Patient||^^^^^^U||||||||||||||||||||||||||Y&#xD;&#xA;&#x9;&#x9;PV1||N|{uniqueId}&#xD;&#xA;&#x9;&#x9;OBR|1|638247739947605255^PAT_DEVICE_BBRAUN^0012211839000001^EUI-64|P2444_e945c379-2018-11ee-8398-c0ee400dea7d_12_1^PAT_DEVICE_BBRAUN^0012211839000001^EUI-64|196616^MDC_EVT_ALARM^MDC|||20230712155314+0000||||||||||||||||||||||^P2444_e945c379-2018-11ee-8398-c0ee400dea7d_12_0&amp;PAT_DEVICE_BBRAUN&amp;0012211839000001&amp;EUI-64&#xD;&#xA;&#x9;&#x9;OBX|1||70053^MDC_DEV_PUMP_INFUS_SYRINGE_MDS^MDC|1.0.0.0|||||||X|||||||P2444^^0012210000000000^EUI-64&#xD;&#xA;&#x9;&#x9;OBX|2||70054^MDC_DEV_PUMP_INFUS_SYRINGE_VMD^MDC|1.1.0.0|||||||X&#xD;&#xA;&#x9;&#x9;OBX|3|CWE|196616^MDC_EVT_ALARM^MDC|1.1.0.0.1|196678^MDC_EVT_MALF^MDC||||||F|||20230711182948+0000&#xD;&#xA;&#x9;&#x9;OBX|4|CWE|68480^MDC_ATTR_ALERT_SOURCE^MDC|1.1.0.0.2|70053^MDC_DEV_PUMP_INFUS_SYRINGE_MDS^MDC||||||F|||||||P2444^^0012210000000000^EUI-64&#xD;&#xA;&#x9;&#x9;OBX|5|ST|68481^MDC_ATTR_EVENT_PHASE^MDC|1.1.0.0.3|update||||||F&#xD;&#xA;&#x9;&#x9;OBX|6|ST|68482^MDC_ATTR_ALARM_STATE^MDC|1.1.0.0.4|active||||||F&#xD;&#xA;&#x9;&#x9;OBX|7|ST|68483^MDC_ATTR_ALARM_INACTIVATION_STATE^MDC|1.1.0.0.5|audio-paused||||||F&#xD;&#xA;&#x9;&#x9;OBX|8|ST|68484^MDC_ATTR_ALARM_PRIORITY^MDC|1.1.0.0.6|PH||||||F&#xD;&#xA;&#x9;&#x9;OBX|9|ST|68485^MDC_ATTR_ALERT_TYPE^MDC|1.1.0.0.7|ST||||||F&#xD;&#xA;&#x9;&#x9;OBX|10|ST|68546^MDC_ATTR_ALERT_TEXT^MDC|1.1.0.0.8|Contact with Syringe Lost||||||F,,) row 3"
                time="0.0015663"/>
      <testcase classname="Philips.PMP.Test.Auto.IheDeviceTest"
                name="IheBBraunDoselinkPlusUniqueIdTest (CapsuleMDIP,MSH|^~\&amp;|||||20220720013516.038-0400||ORU^R01^ORU_R01|HP0720013516.038PHMXL02238QJ322|P|2.6|||AL|NE||8859/1|EN^English^ISO639||IHE_PCD_001^IHE PCD^1.3.6.1.4.1.19376.1.6.1.1.1^ISO|&#xD;&#xA;&#x9;&#x9;PID|1||&#34;^^^Philips^MR||&#34;^&#34;^&#34;^^^^L||20050415000000.000+0200|F|||||||FRENCH|||PID18|&#xD;&#xA;&#x9;&#x9;PV1|2|I|{uniqueId}|1|&#xD;&#xA;&#x9;&#x9;OBR|||0009fbFFFF07f06a^^^EUI-64|69669^MDC_DEV_ANALY_CARD_OUTPUT_MDS^MDC|||20220720013513.935-0400|||ABC-123|||ABC-123|||||||| BaxterIFMout_5.3.5_EV1000_Baxter_XYZ456&#xD;&#xA;&#x9;&#x9;OBX|4||69669^NOM_DEV_ANALY_CARD_OUTPUT_MDS^MDC|1.0.0.0|||||||X|||||||718cbcf4-c374-4c31-9041-6cbd3c46aeaf-Edwards EV1000&#xD;&#xA;&#x9;&#x9;OBX|5||69670^NOM_DEV_ANALY_CARD_OUTPUT_VMD^MDC|1.1.0.0|||||||X|||||||&#xD;&#xA;&#x9;&#x9;OBX|6||69671^MDC_NOM_DEV_ANALY_CARD_OUTPUT_CHAN^MDC|1.1.1.0|||||||X|&#xD;&#xA;&#x9;&#x9;OBX|7|CWE|12345678^UNKNOWN^UNKNOWN^^^^^^tMode|1.1.1.41|1076259847^NLS_DRV_ED711_ENUM_VV_SENSOR^MDC^^^^^^VolView||||||R|||20180622133129.224+0200|&#xD;&#xA;&#x9;&#x9;OBX|8|CWE|67303669^NOM_SETT_MODE_MSMT^MDC^^^^^^sMode|1.1.1.41|1076259847^NLS_DRV_ED711_ENUM_VV_SENSOR^MDC^^^^^^VolView||||||R||SETTING|20180622133304.394+0200|||||&#xD;&#xA;&#x9;&#x9;OBX|9|CWE|67305467^NOM_SETT_MODE_MSMT^MDC^^^^^^testLabelEnum|1.1.1.41|1076259847^NLS_DRV_ED711_ENUM_VV_SENSOR^MDC^^^^^^VolView||||||R|||20180622133129.224+0200|&#xD;&#xA;&#x9;&#x9;OBX|10|CWE|67305468^NOM_NEW^MDC^^^^^^sMode|1.1.1.41|1076259847^NLS_DRV_ED711_ENUM_VV_SENSOR^CAPSULE^^^^^^VolView||||||R|||20180622133129.224+0200|&#xD;&#xA;&#x9;&#x9;OBX|11|CWE|67305469^NOM_NEW^MDC^^^^^^sMode|1.1.1.41|1076297727^UNKNOWN^UNKNOWN^^^^^^VolView||||||R|||20180622133129.224+0200|&#xD;&#xA;&#x9;&#x9;OBX|12|ST|67293194^NOM_SETT_DRUG_NAME_TYPE^MDC|1.4.1.5|RandomDrug||||||R||&#xD;&#xA;&#x9;&#x9;OBX|13|NM|67305466^NOM_NEW^MDC^^^^^^testLabelNum|1.1.1.41|100|262656^MDC_DIM_DIMLESS^MDC|||||R|||20180622133129.224+0200|&#xD;&#xA;&#x9;&#x9;OBX|14|NM|67305465^NOM_NEW^UNKNOWN^^^^^^testLabelNum2|1.1.1.41|100|262656^MDC_DIM_DIMLESS^MDC|||||R|||20180622133129.224+0200|&#xD;&#xA;&#x9;&#x9;OBX|15|NM|67305464^NOM_NEW^MDC^^^^^^testLabelNum3|1.1.1.41|100|262656^MDC_DIM_DIMLESS^MDC|||||R|||20180622133129.224+0200|&#xD;&#xA;&#x9;&#x9;OBX|16|NM|67305463^NOM_NEW^MDC^^^^^^testLabelNum4|1.1.1.41|100|262656^MDC_DIM_DIMLESS^UNKNOWN|||||R|||20180622133129.224+0200|&#xD;&#xA;&#x9;&#x9;OBX|17|NM|67305462^NOM_NEW^MDC^^^^^^testLabelNum5|1.1.1.41|100.0|327679^MDC_DIM_DIMLESS^MDIL^^^^^^NewUnit|||||R|||20180622133129.224+0200|&#xD;&#xA;&#x9;&#x9;OBX|18|NM|67305461^NOM_NEW^MDC^^^^^^testLabelNum6|1.1.1.41|100.00|327679^MDC_DIM_DIMLESS^MDIL^^^^^^NewUnit|||||R||APERIODIC|20180622133129.224+0200|&#xD;&#xA;&#x9;&#x9;OBX|19|CE|67305460^NOM_NEW^MDC^^^^^^testLabelNum7|1.1.1.41|100.00|327679^MDC_DIM_DIMLESS^MDIL^^^^^^NewUnit|||||R|||20180622133129.224+0200|&#xD;&#xA;&#x9;&#x9;OBX|20|NM|NAN^NOM_NEW^MDC^^^^^^testLabelNum8|1.1.1.41|100.00|327679^MDC_DIM_DIMLESS^MDIL^^^^^^NewUnit|||||R|||20180622133129.224+0200|&#xD;&#xA;&#x9;&#x9;OBX|21|CWE|67305468^NOM_NEW^MDC^^^^^^sMode|1.1.1.41|NAN^NLS_DRV_ED711_ENUM_VV_SENSOR^CAPSULE^^^^^^VolView||||||R|||20180622133129.224+0200|&#xD;&#xA;&#x9;&#x9;OBX|22|CWE|67305459^NOM_NEW^MDC^^^^^^testLabelNum9|1.1.1.41|1076297727^NEW_PARAM^MDIL^^^^^^NewEnum||||||R|||20180622133129.224+0200|&#xD;&#xA;&#x9;&#x9;OBX|23|CWE|67305458^NOM_NEW^MDC^^^^^^testLabelNum10|1.1.1.41|NAN^NEW_PARAM^MDIL^^^^^^NewEnum2||||||R|||20180622133129.224+0200|&#xD;&#xA;&#x9;&#x9;OBX|24|CWE|67305458^NOM_NEW^MDC^^^^^^testLabelNum11|1.1.1.41|1076297727^NEW_PARAM^MDIL^^^^^^機器情報||||||R|||20180622133129.224+0200|,ICU1^^^BED002,ICU1^^^BED002) row 4"
                time="0.0083276"/>
      <testcase classname="Philips.PMP.Test.Auto.IheDeviceTest"
                name="IheBBraunDoselinkPlusUniqueIdTest (BDAIC,MSH|^~\&amp;|CONNECT|UMS|||20220614062102+0200||ORU^R01^ORU_R01|PCD-01_20220614042102219811|P|2.6|||AL|NE|||EN^English^ISO639||IHE_PCD_001^IHE PCD^1.3.6.1.4.1.19376.1.6.1.1.1^ISO&#xD;&#xA;&#x9;&#x9;PID|||Bed3^^^AIC^U||Bed3^^^^^^U&#xD;&#xA;&#x9;&#x9;PV1|2|I|{uniqueId}|1|&#xD;&#xA;&#x9;&#x9;OBR|1|ICU@Bed3@Alaris PK@8005-05758^AIC^ascom.com^DNS|ICU@Bed3@Alaris PK@8005-05758^AIC^ascom.com^DNS|ICU@Bed3@Alaris PK@8005-05758^Alfentanil|||20220614062100.108+0200&#xD;&#xA;&#x9;&#x9;OBX|1||69985^MDC_DEV_PUMP_INFUS_MDS^MDC|1.0.0.0|||||||X|||||||Alaris PK@8005-05758@1^AIC^ascom.com^DNS&#xD;&#xA;&#x9;&#x9;OBX|2||69986^MDC_DEV_PUMP_INFUS_VMD^MDC|1.1.0.0|||||||X&#xD;&#xA;&#x9;&#x9;OBX|4||126978^MDC_DEV_PUMP_INFUS_CHAN_DELIVERY^MDC|1.1.1.0|||||||X&#xD;&#xA;&#x9;&#x9;OBX|3|CWE|188772^MDC_COMM_STATUS^MDC|1.1.0.1|^comm-status-online^MDC||||||X&#xD;&#xA;&#x9;&#x9;OBX|5|CWE|184504^MDC_PUMP_MODE^MDC|1.1.1.11|^pump-mode-continuous^MDC||||||R&#xD;&#xA;&#x9;&#x9;OBX|6|CWE|184519^MDC_PUMP_INFUSING_STATUS^MDC|1.1.1.12|^pump-status-infusing^MDC||||||R&#xD;&#xA;&#x9;&#x9;OBX|7|NM|157784^MDC_FLOW_FLUID_PUMP^MDC|1.1.1.13|7.23|mL/h^mL/h^UCUM|||||R&#xD;&#xA;&#x9;&#x9;OBX|8|NM|157993^MDC_VOL_FLUID_DELIV_TOTAL^MDC|1.1.1.14|7.793|mL^mL^UCUM|||||R&#xD;&#xA;&#x9;&#x9;OBX|9|NM|0^MDCX_PUMP_PK_PC^MDC|1.1.1.16|19.9944|ng/mL^ng/mL^UCUM|||||R&#xD;&#xA;&#x9;&#x9;OBX|10|NM|0^MDCX_PUMP_PK_EC^MDC|1.1.1.17|19.9987|ng/mL^ng/mL^UCUM|||||R&#xD;&#xA;&#x9;&#x9;OBX|11|CWE|0^MDC_DEV_PUMP_ACTIVE_SOURCES^MDC|1.1.1.18|^pump-source-info-primary^MDC||||||R&#xD;&#xA;&#x9;&#x9;OBX|12||126977^MDC_DEV_PUMP_INFUS_CHAN_SOURCE^MDC|1.1.2.0|||||||X&#xD;&#xA;&#x9;&#x9;OBX|13|ST|184514^MDC_DRUG_NAME_LABEL^MDC|1.1.2.11|Alfentanil||||||R&#xD;&#xA;&#x9;&#x9;OBX|14|NM|157760^MDC_CONC_DRUG^MDC|1.1.2.12|100.00|mcg/mL^mcg/mL^UCUM|||||R&#xD;&#xA;&#x9;&#x9;OBX|15|NM|157784^MDC_FLOW_FLUID_PUMP^MDC|1.1.2.13|7.23|mL/h^mL/h^UCUM|||||R&#xD;&#xA;&#x9;&#x9;OBX|16|NM|157924^MDC_RATE_DOSE^MDC|1.1.2.14|0.17|mcg/kg/min^mcg/kg/min^UCUM|||||R&#xD;&#xA;&#x9;&#x9;OBX|17|NM|157864^MDC_VOL_FLUID_DELIV^MDC|1.1.2.15|0.010|mL^mL^UCUM|||||R&#xD;&#xA;&#x9;&#x9;OBX|18|NM|157993^MDC_VOL_FLUID_DELIV_TOTAL^MDC|1.1.2.16|7.793|mL^mL^UCUM|||||R&#xD;&#xA;&#x9;&#x9;OBX|19|NM|157872^MDC_VOL_FLUID_TBI_REMAIN^MDC|1.1.2.17||mL^mL^UCUM|||||X&#xD;&#xA;&#x9;&#x9;OBX|20|NM|157916^MDC_TIME_PD_REMAIN^MDC|1.1.2.18|314|min^min^UCUM|||||R&#xD;&#xA;&#x9;&#x9;OBX|21|NM|68063^MDC_ATTR_PT_WEIGHT^MDC|1.1.2.19|70.00|kg^kg^UCUM|||||R&#xD;&#xA;&#x9;&#x9;OBX|22|ST|0^MDCX_PUMP_PK_DRUGMODEL^MDC|1.1.2.21|Alfentanil_Maitre||||||R&#xD;&#xA;&#x9;&#x9;OBX|23|ST|0^MDCX_PUMP_PK_TARGETMODE^MDC|1.1.2.22|P||||||R&#xD;&#xA;&#x9;&#x9;OBX|24|NM|0^MDCX_PUMP_PK_TARGET^MDC|1.1.2.23|20.0000|ng/mL^ng/mL^UCUM|||||R&#xD;&#xA;&#x9;&#x9;OBX|25|ST|70055^MDC_DEV_PUMP_INFUS_SYRINGE_CHAN^MDC|1.1.4.0|||||||X&#xD;&#xA;&#x9;&#x9;OBX|26|ST|184488^MDC_SYRINGE_MANUFACTURER^MDC|1.1.4.10|IVAC||||||R&#xD;&#xA;&#x9;&#x9;OBX|27|NM|157880^MDC_VOL_SYRINGE^MDC|1.1.4.11|50|mL^mL^UCUM|||||R,ICU2^^^BED002,ICU2^^^BED002) row 5"
                time="0.0028346"/>
      <testcase classname="Philips.PMP.Test.Auto.Hl7OruEncoderTest"
                name="SpsRiskbandExistsInComplexIheHl7Output"
                time="0.0035544"/>
      <testcase classname="Philips.PMP.Test.Auto.SurveillanceHelperTest"
                name="SetTrendTileTest"
                time="0.0195076"/>
      <testcase classname="Philips.PMP.LicenseService.Test.MonitorDeviceAssignmentCheckerTest"
                name="CanAssignDeviceTest (MP3,True,MP3,False) row 1"
                time="0.0049189"/>
      <testcase classname="Philips.PMP.LicenseService.Test.MonitorDeviceAssignmentCheckerTest"
                name="CanAssignDeviceTest (MP2,False,MP2,True) row 2"
                time="0.0007942"/>
      <testcase classname="Philips.PMP.LicenseService.Test.MonitorDeviceAssignmentCheckerTest"
                name="CanAssignDeviceTest (MP0,False,MP2,True) row 3"
                time="0.0007276"/>
      <testcase classname="Philips.PMP.LicenseService.Test.MonitorDeviceAssignmentCheckerTest"
                name="CanAssignDeviceTest (MP1,True,MP1,True) row 4"
                time="0.0008962"/>
      <testcase classname="Philips.PMP.LicenseService.Test.MonitorDeviceAssignmentCheckerTest"
                name="CanAssignDeviceTest (MP3,False,MP1,False) row 5"
                time="0.0008456"/>
      <testcase classname="Philips.PMP.LicenseService.Test.MonitorDeviceAssignmentCheckerTest"
                name="CanAssignDeviceTest (MP6,False,MP3,False) row 6"
                time="0.0006664"/>
      <testcase classname="Philips.PMP.LicenseService.Test.MonitorDeviceAssignmentCheckerTest"
                name="CanAssignDeviceTest (MP6,True,MP6,True) row 7"
                time="0.0011061"/>
      <testcase classname="Philips.PMP.LicenseService.Test.MonitorDeviceAssignmentCheckerTest"
                name="CanAssignDeviceTest (WLD,True,WLD,True) row 8"
                time="0.0008227"/>
      <testcase classname="Philips.PMP.Test.Auto.ImprivataQualifierTest"
                name="ImprivataQualifierSucceed"
                time="0.1166657"/>
      <testcase classname="Philips.PIC.SharedAssignment.Test.SharedAssignmentDataConsistencyCheckerTests"
                name="BedRuleNoViolationWithImplicitUnAssignmentForOnlyOneSharedRoleAssignmentExistForTheBed"
                time="0.0021814"/>
      <testcase classname="Philips.PMP.Test.Auto.LegacyCryptoHelperTest"
                name="EncryptBytes"
                time="0.0139233"/>
      <testcase classname="Philips.PMP.Test.Auto.Hl7OruEncoderTest"
                name="TwoAbnormalRiskBandEncoderTest (61440,True,N) row 1"
                time="0.0015514"/>
      <testcase classname="Philips.PMP.Test.Auto.Hl7OruEncoderTest"
                name="TwoAbnormalRiskBandEncoderTest (61440,False,N) row 2"
                time="0.0009534"/>
      <testcase classname="Philips.PMP.Test.Auto.Hl7OruEncoderTest"
                name="TwoAbnormalRiskBandEncoderTest (61441,True,A) row 3"
                time="0.0008716"/>
      <testcase classname="Philips.PMP.Test.Auto.Hl7OruEncoderTest"
                name="TwoAbnormalRiskBandEncoderTest (61441,False,A) row 4"
                time="0.0007411"/>
      <testcase classname="Philips.PMP.Test.Auto.Hl7OruEncoderTest"
                name="TwoAbnormalRiskBandEncoderTest (61442,True,AA) row 5"
                time="0.0007028"/>
      <testcase classname="Philips.PMP.Test.Auto.Hl7OruEncoderTest"
                name="TwoAbnormalRiskBandEncoderTest (61442,False,AA) row 6"
                time="0.0004056"/>
      <testcase classname="Philips.PMP.Test.Auto.Hl7OruEncoderTest"
                name="TwoAbnormalRiskBandEncoderTest (61443,True,W) row 7"
                time="0.0003495"/>
      <testcase classname="Philips.PMP.Test.Auto.Hl7OruEncoderTest"
                name="TwoAbnormalRiskBandEncoderTest (61443,False,W) row 8"
                time="0.0010732"/>
      <testcase classname="Philips.PMP.Test.Auto.Hl7OruEncoderTest"
                name="TwoAbnormalRiskBandEncoderTest (169,True,N) row 9"
                time="0.0004639"/>
      <testcase classname="Philips.PMP.Test.Auto.Hl7OruEncoderTest"
                name="TwoAbnormalRiskBandEncoderTest (169,False,R1) row 10"
                time="0.0003659"/>
      <testcase classname="Philips.PMP.Test.Auto.Hl7OruEncoderTest"
                name="TwoAbnormalRiskBandEncoderTest (103,True,N) row 11"
                time="0.00095"/>
      <testcase classname="Philips.PMP.Test.Auto.Hl7OruEncoderTest"
                name="TwoAbnormalRiskBandEncoderTest (103,False,R1) row 12"
                time="0.0004846"/>
      <testcase classname="Philips.PMP.Test.Auto.Hl7OruEncoderTest"
                name="TwoAbnormalRiskBandEncoderTest (307,True,N) row 13"
                time="0.0003801"/>
      <testcase classname="Philips.PMP.Test.Auto.Hl7OruEncoderTest"
                name="TwoAbnormalRiskBandEncoderTest (307,False,R1) row 14"
                time="0.000373"/>
      <testcase classname="Philips.PMP.Test.Auto.Hl7OruEncoderTest"
                name="TwoAbnormalRiskBandEncoderTest (321,True,N) row 15"
                time="0.0004161"/>
      <testcase classname="Philips.PMP.Test.Auto.Hl7OruEncoderTest"
                name="TwoAbnormalRiskBandEncoderTest (321,False,R1) row 16"
                time="0.0005032"/>
      <testcase classname="Philips.PMP.Test.Auto.Hl7OruEncoderTest"
                name="TwoAbnormalRiskBandEncoderTest (335,True,N) row 17"
                time="0.0003646"/>
      <testcase classname="Philips.PMP.Test.Auto.Hl7OruEncoderTest"
                name="TwoAbnormalRiskBandEncoderTest (335,False,R1) row 18"
                time="0.0007326"/>
      <testcase classname="Philips.PMP.Test.Auto.Hl7OruEncoderTest"
                name="TwoAbnormalRiskBandEncoderTest (349,True,N) row 19"
                time="0.0003608"/>
      <testcase classname="Philips.PMP.Test.Auto.Hl7OruEncoderTest"
                name="TwoAbnormalRiskBandEncoderTest (349,False,R1) row 20"
                time="0.0003337"/>
      <testcase classname="Philips.PMP.Test.Auto.Hl7OruEncoderTest"
                name="TwoAbnormalRiskBandEncoderTest (363,True,N) row 21"
                time="0.0003459"/>
      <testcase classname="Philips.PMP.Test.Auto.Hl7OruEncoderTest"
                name="TwoAbnormalRiskBandEncoderTest (363,False,R1) row 22"
                time="0.0004819"/>
      <testcase classname="Philips.PMP.Test.Auto.Hl7OruEncoderTest"
                name="TwoAbnormalRiskBandEncoderTest (300,True,N) row 23"
                time="0.000743"/>
      <testcase classname="Philips.PMP.Test.Auto.Hl7OruEncoderTest"
                name="TwoAbnormalRiskBandEncoderTest (300,False,R1) row 24"
                time="0.0004222"/>
      <testcase classname="Philips.PMP.Test.Auto.Hl7OruEncoderTest"
                name="TwoAbnormalRiskBandEncoderTest (314,True,N) row 25"
                time="0.000718"/>
      <testcase classname="Philips.PMP.Test.Auto.Hl7OruEncoderTest"
                name="TwoAbnormalRiskBandEncoderTest (314,False,R1) row 26"
                time="0.0005776"/>
      <testcase classname="Philips.PMP.Test.Auto.Hl7OruEncoderTest"
                name="TwoAbnormalRiskBandEncoderTest (328,True,N) row 27"
                time="0.0003998"/>
      <testcase classname="Philips.PMP.Test.Auto.Hl7OruEncoderTest"
                name="TwoAbnormalRiskBandEncoderTest (328,False,R1) row 28"
                time="0.0003546"/>
      <testcase classname="Philips.PMP.Test.Auto.Hl7OruEncoderTest"
                name="TwoAbnormalRiskBandEncoderTest (342,True,N) row 29"
                time="0.0003643"/>
      <testcase classname="Philips.PMP.Test.Auto.Hl7OruEncoderTest"
                name="TwoAbnormalRiskBandEncoderTest (342,False,R1) row 30"
                time="0.000409"/>
      <testcase classname="Philips.PMP.Test.Auto.Hl7OruEncoderTest"
                name="TwoAbnormalRiskBandEncoderTest (356,True,N) row 31"
                time="0.0008075"/>
      <testcase classname="Philips.PMP.Test.Auto.Hl7OruEncoderTest"
                name="TwoAbnormalRiskBandEncoderTest (356,False,R1) row 32"
                time="0.0003639"/>
      <testcase classname="Philips.PMP.Test.Auto.Hl7OruEncoderTest"
                name="TwoAbnormalRiskBandEncoderTest (174,True,N) row 33"
                time="0.0003646"/>
      <testcase classname="Philips.PMP.Test.Auto.Hl7OruEncoderTest"
                name="TwoAbnormalRiskBandEncoderTest (174,False,R2) row 34"
                time="0.0008598"/>
      <testcase classname="Philips.PMP.Test.Auto.Hl7OruEncoderTest"
                name="TwoAbnormalRiskBandEncoderTest (171,True,N) row 35"
                time="0.0007054"/>
      <testcase classname="Philips.PMP.Test.Auto.Hl7OruEncoderTest"
                name="TwoAbnormalRiskBandEncoderTest (171,False,R2) row 36"
                time="0.0004418"/>
      <testcase classname="Philips.PMP.Test.Auto.Hl7OruEncoderTest"
                name="TwoAbnormalRiskBandEncoderTest (308,True,N) row 37"
                time="0.0007198"/>
      <testcase classname="Philips.PMP.Test.Auto.Hl7OruEncoderTest"
                name="TwoAbnormalRiskBandEncoderTest (308,False,R2) row 38"
                time="0.0007491"/>
      <testcase classname="Philips.PMP.Test.Auto.Hl7OruEncoderTest"
                name="TwoAbnormalRiskBandEncoderTest (322,True,N) row 39"
                time="0.001543"/>
      <testcase classname="Philips.PMP.Test.Auto.Hl7OruEncoderTest"
                name="TwoAbnormalRiskBandEncoderTest (322,False,R2) row 40"
                time="0.0004697"/>
      <testcase classname="Philips.PMP.Test.Auto.Hl7OruEncoderTest"
                name="TwoAbnormalRiskBandEncoderTest (336,True,N) row 41"
                time="0.0003573"/>
      <testcase classname="Philips.PMP.Test.Auto.Hl7OruEncoderTest"
                name="TwoAbnormalRiskBandEncoderTest (336,False,R2) row 42"
                time="0.0003482"/>
      <testcase classname="Philips.PMP.Test.Auto.Hl7OruEncoderTest"
                name="TwoAbnormalRiskBandEncoderTest (350,True,N) row 43"
                time="0.0004324"/>
      <testcase classname="Philips.PMP.Test.Auto.Hl7OruEncoderTest"
                name="TwoAbnormalRiskBandEncoderTest (350,False,R2) row 44"
                time="0.0017267"/>
      <testcase classname="Philips.PMP.Test.Auto.Hl7OruEncoderTest"
                name="TwoAbnormalRiskBandEncoderTest (364,True,N) row 45"
                time="0.0004273"/>
      <testcase classname="Philips.PMP.Test.Auto.Hl7OruEncoderTest"
                name="TwoAbnormalRiskBandEncoderTest (364,False,R2) row 46"
                time="0.0007119"/>
      <testcase classname="Philips.PMP.Test.Auto.Hl7OruEncoderTest"
                name="TwoAbnormalRiskBandEncoderTest (301,True,N) row 47"
                time="0.0003568"/>
      <testcase classname="Philips.PMP.Test.Auto.Hl7OruEncoderTest"
                name="TwoAbnormalRiskBandEncoderTest (301,False,R2) row 48"
                time="0.0003371"/>
      <testcase classname="Philips.PMP.Test.Auto.Hl7OruEncoderTest"
                name="TwoAbnormalRiskBandEncoderTest (315,True,N) row 49"
                time="0.0004061"/>
      <testcase classname="Philips.PMP.Test.Auto.Hl7OruEncoderTest"
                name="TwoAbnormalRiskBandEncoderTest (315,False,R2) row 50"
                time="0.0007323"/>
      <testcase classname="Philips.PMP.Test.Auto.Hl7OruEncoderTest"
                name="TwoAbnormalRiskBandEncoderTest (329,True,N) row 51"
                time="0.0006992"/>
      <testcase classname="Philips.PMP.Test.Auto.Hl7OruEncoderTest"
                name="TwoAbnormalRiskBandEncoderTest (329,False,R2) row 52"
                time="0.0006737"/>
      <testcase classname="Philips.PMP.Test.Auto.Hl7OruEncoderTest"
                name="TwoAbnormalRiskBandEncoderTest (343,True,N) row 53"
                time="0.0007035"/>
      <testcase classname="Philips.PMP.Test.Auto.Hl7OruEncoderTest"
                name="TwoAbnormalRiskBandEncoderTest (343,False,R2) row 54"
                time="0.0007746"/>
      <testcase classname="Philips.PMP.Test.Auto.Hl7OruEncoderTest"
                name="TwoAbnormalRiskBandEncoderTest (357,True,N) row 55"
                time="0.0029597"/>
      <testcase classname="Philips.PMP.Test.Auto.Hl7OruEncoderTest"
                name="TwoAbnormalRiskBandEncoderTest (357,False,R2) row 56"
                time="0.0009256"/>
      <testcase classname="Philips.PMP.Test.Auto.Hl7OruEncoderTest"
                name="TwoAbnormalRiskBandEncoderTest (168,True,A) row 57"
                time="0.0004162"/>
      <testcase classname="Philips.PMP.Test.Auto.Hl7OruEncoderTest"
                name="TwoAbnormalRiskBandEncoderTest (168,False,R3) row 58"
                time="0.0003527"/>
      <testcase classname="Philips.PMP.Test.Auto.Hl7OruEncoderTest"
                name="TwoAbnormalRiskBandEncoderTest (102,True,A) row 59"
                time="0.0003357"/>
      <testcase classname="Philips.PMP.Test.Auto.Hl7OruEncoderTest"
                name="TwoAbnormalRiskBandEncoderTest (102,False,R3) row 60"
                time="0.0003799"/>
      <testcase classname="Philips.PMP.Test.Auto.Hl7OruEncoderTest"
                name="TwoAbnormalRiskBandEncoderTest (309,True,A) row 61"
                time="0.0003536"/>
      <testcase classname="Philips.PMP.Test.Auto.Hl7OruEncoderTest"
                name="TwoAbnormalRiskBandEncoderTest (309,False,R3) row 62"
                time="0.0003312"/>
      <testcase classname="Philips.PMP.Test.Auto.Hl7OruEncoderTest"
                name="TwoAbnormalRiskBandEncoderTest (323,True,A) row 63"
                time="0.0007757"/>
      <testcase classname="Philips.PMP.Test.Auto.Hl7OruEncoderTest"
                name="TwoAbnormalRiskBandEncoderTest (323,False,R3) row 64"
                time="0.0007033"/>
      <testcase classname="Philips.PMP.Test.Auto.Hl7OruEncoderTest"
                name="TwoAbnormalRiskBandEncoderTest (337,True,A) row 65"
                time="0.0003517"/>
      <testcase classname="Philips.PMP.Test.Auto.Hl7OruEncoderTest"
                name="TwoAbnormalRiskBandEncoderTest (337,False,R3) row 66"
                time="0.0003264"/>
      <testcase classname="Philips.PMP.Test.Auto.Hl7OruEncoderTest"
                name="TwoAbnormalRiskBandEncoderTest (351,True,A) row 67"
                time="0.0009047"/>
      <testcase classname="Philips.PMP.Test.Auto.Hl7OruEncoderTest"
                name="TwoAbnormalRiskBandEncoderTest (351,False,R3) row 68"
                time="0.0006992"/>
      <testcase classname="Philips.PMP.Test.Auto.Hl7OruEncoderTest"
                name="TwoAbnormalRiskBandEncoderTest (365,True,A) row 69"
                time="0.0003545"/>
      <testcase classname="Philips.PMP.Test.Auto.Hl7OruEncoderTest"
                name="TwoAbnormalRiskBandEncoderTest (365,False,R3) row 70"
                time="0.000457"/>
      <testcase classname="Philips.PMP.Test.Auto.Hl7OruEncoderTest"
                name="TwoAbnormalRiskBandEncoderTest (302,True,A) row 71"
                time="0.0007389"/>
      <testcase classname="Philips.PMP.Test.Auto.Hl7OruEncoderTest"
                name="TwoAbnormalRiskBandEncoderTest (302,False,R3) row 72"
                time="0.0004343"/>
      <testcase classname="Philips.PMP.Test.Auto.Hl7OruEncoderTest"
                name="TwoAbnormalRiskBandEncoderTest (316,True,A) row 73"
                time="0.0003816"/>
      <testcase classname="Philips.PMP.Test.Auto.Hl7OruEncoderTest"
                name="TwoAbnormalRiskBandEncoderTest (316,False,R3) row 74"
                time="0.0003357"/>
      <testcase classname="Philips.PMP.Test.Auto.Hl7OruEncoderTest"
                name="TwoAbnormalRiskBandEncoderTest (330,True,A) row 75"
                time="0.0007228"/>
      <testcase classname="Philips.PMP.Test.Auto.Hl7OruEncoderTest"
                name="TwoAbnormalRiskBandEncoderTest (330,False,R3) row 76"
                time="0.0004649"/>
      <testcase classname="Philips.PMP.Test.Auto.Hl7OruEncoderTest"
                name="TwoAbnormalRiskBandEncoderTest (344,True,A) row 77"
                time="0.0004144"/>
      <testcase classname="Philips.PMP.Test.Auto.Hl7OruEncoderTest"
                name="TwoAbnormalRiskBandEncoderTest (344,False,R3) row 78"
                time="0.0006925"/>
      <testcase classname="Philips.PMP.Test.Auto.Hl7OruEncoderTest"
                name="TwoAbnormalRiskBandEncoderTest (358,True,A) row 79"
                time="0.0003739"/>
      <testcase classname="Philips.PMP.Test.Auto.Hl7OruEncoderTest"
                name="TwoAbnormalRiskBandEncoderTest (358,False,R3) row 80"
                time="0.0004117"/>
      <testcase classname="Philips.PMP.Test.Auto.Hl7OruEncoderTest"
                name="TwoAbnormalRiskBandEncoderTest (175,True,AA) row 81"
                time="0.0007666"/>
      <testcase classname="Philips.PMP.Test.Auto.Hl7OruEncoderTest"
                name="TwoAbnormalRiskBandEncoderTest (175,False,R4) row 82"
                time="0.0004825"/>
      <testcase classname="Philips.PMP.Test.Auto.Hl7OruEncoderTest"
                name="TwoAbnormalRiskBandEncoderTest (172,True,AA) row 83"
                time="0.0004166"/>
      <testcase classname="Philips.PMP.Test.Auto.Hl7OruEncoderTest"
                name="TwoAbnormalRiskBandEncoderTest (172,False,R4) row 84"
                time="0.0006897"/>
      <testcase classname="Philips.PMP.Test.Auto.Hl7OruEncoderTest"
                name="TwoAbnormalRiskBandEncoderTest (310,True,AA) row 85"
                time="0.0003618"/>
      <testcase classname="Philips.PMP.Test.Auto.Hl7OruEncoderTest"
                name="TwoAbnormalRiskBandEncoderTest (310,False,R4) row 86"
                time="0.0003423"/>
      <testcase classname="Philips.PMP.Test.Auto.Hl7OruEncoderTest"
                name="TwoAbnormalRiskBandEncoderTest (324,True,AA) row 87"
                time="0.0007136"/>
      <testcase classname="Philips.PMP.Test.Auto.Hl7OruEncoderTest"
                name="TwoAbnormalRiskBandEncoderTest (324,False,R4) row 88"
                time="0.000365"/>
      <testcase classname="Philips.PMP.Test.Auto.Hl7OruEncoderTest"
                name="TwoAbnormalRiskBandEncoderTest (338,True,AA) row 89"
                time="0.0004593"/>
      <testcase classname="Philips.PMP.Test.Auto.Hl7OruEncoderTest"
                name="TwoAbnormalRiskBandEncoderTest (338,False,R4) row 90"
                time="0.0007304"/>
      <testcase classname="Philips.PMP.Test.Auto.Hl7OruEncoderTest"
                name="TwoAbnormalRiskBandEncoderTest (352,True,AA) row 91"
                time="0.000366"/>
      <testcase classname="Philips.PMP.Test.Auto.Hl7OruEncoderTest"
                name="TwoAbnormalRiskBandEncoderTest (352,False,R4) row 92"
                time="0.000353"/>
      <testcase classname="Philips.PMP.Test.Auto.Hl7OruEncoderTest"
                name="TwoAbnormalRiskBandEncoderTest (366,True,AA) row 93"
                time="0.000676"/>
      <testcase classname="Philips.PMP.Test.Auto.Hl7OruEncoderTest"
                name="TwoAbnormalRiskBandEncoderTest (366,False,R4) row 94"
                time="0.000428"/>
      <testcase classname="Philips.PMP.Test.Auto.Hl7OruEncoderTest"
                name="TwoAbnormalRiskBandEncoderTest (303,True,AA) row 95"
                time="0.0006972"/>
      <testcase classname="Philips.PMP.Test.Auto.Hl7OruEncoderTest"
                name="TwoAbnormalRiskBandEncoderTest (303,False,R4) row 96"
                time="0.0006661"/>
      <testcase classname="Philips.PMP.Test.Auto.Hl7OruEncoderTest"
                name="TwoAbnormalRiskBandEncoderTest (317,True,AA) row 97"
                time="0.0007481"/>
      <testcase classname="Philips.PMP.Test.Auto.Hl7OruEncoderTest"
                name="TwoAbnormalRiskBandEncoderTest (317,False,R4) row 98"
                time="0.0003635"/>
      <testcase classname="Philips.PMP.Test.Auto.Hl7OruEncoderTest"
                name="TwoAbnormalRiskBandEncoderTest (331,True,AA) row 99"
                time="0.0003269"/>
      <testcase classname="Philips.PMP.Test.Auto.Hl7OruEncoderTest"
                name="TwoAbnormalRiskBandEncoderTest (331,False,R4) row 100"
                time="0.0007471"/>
      <testcase classname="Philips.PMP.Test.Auto.Hl7OruEncoderTest"
                name="TwoAbnormalRiskBandEncoderTest (345,True,AA) row 101"
                time="0.0003839"/>
      <testcase classname="Philips.PMP.Test.Auto.Hl7OruEncoderTest"
                name="TwoAbnormalRiskBandEncoderTest (345,False,R4) row 102"
                time="0.0007174"/>
      <testcase classname="Philips.PMP.Test.Auto.Hl7OruEncoderTest"
                name="TwoAbnormalRiskBandEncoderTest (359,True,AA) row 103"
                time="0.0003792"/>
      <testcase classname="Philips.PMP.Test.Auto.Hl7OruEncoderTest"
                name="TwoAbnormalRiskBandEncoderTest (359,False,R4) row 104"
                time="0.000346"/>
      <testcase classname="Philips.PMP.Test.Auto.Hl7OruEncoderTest"
                name="TwoAbnormalRiskBandEncoderTest (167,True,AA) row 105"
                time="0.0003272"/>
      <testcase classname="Philips.PMP.Test.Auto.Hl7OruEncoderTest"
                name="TwoAbnormalRiskBandEncoderTest (167,False,R5) row 106"
                time="0.000346"/>
      <testcase classname="Philips.PMP.Test.Auto.Hl7OruEncoderTest"
                name="TwoAbnormalRiskBandEncoderTest (101,True,AA) row 107"
                time="0.0007056"/>
      <testcase classname="Philips.PMP.Test.Auto.Hl7OruEncoderTest"
                name="TwoAbnormalRiskBandEncoderTest (101,False,R5) row 108"
                time="0.000385"/>
      <testcase classname="Philips.PMP.Test.Auto.Hl7OruEncoderTest"
                name="TwoAbnormalRiskBandEncoderTest (311,True,AA) row 109"
                time="0.0003573"/>
      <testcase classname="Philips.PMP.Test.Auto.Hl7OruEncoderTest"
                name="TwoAbnormalRiskBandEncoderTest (311,False,R5) row 110"
                time="0.0007521"/>
      <testcase classname="Philips.PMP.Test.Auto.Hl7OruEncoderTest"
                name="TwoAbnormalRiskBandEncoderTest (325,True,AA) row 111"
                time="0.000724"/>
      <testcase classname="Philips.PMP.Test.Auto.Hl7OruEncoderTest"
                name="TwoAbnormalRiskBandEncoderTest (325,False,R5) row 112"
                time="0.0006954"/>
      <testcase classname="Philips.PMP.Test.Auto.Hl7OruEncoderTest"
                name="TwoAbnormalRiskBandEncoderTest (339,True,AA) row 113"
                time="0.0003857"/>
      <testcase classname="Philips.PMP.Test.Auto.Hl7OruEncoderTest"
                name="TwoAbnormalRiskBandEncoderTest (339,False,R5) row 114"
                time="0.000677"/>
      <testcase classname="Philips.PMP.Test.Auto.Hl7OruEncoderTest"
                name="TwoAbnormalRiskBandEncoderTest (353,True,AA) row 115"
                time="0.0007093"/>
      <testcase classname="Philips.PMP.Test.Auto.Hl7OruEncoderTest"
                name="TwoAbnormalRiskBandEncoderTest (353,False,R5) row 116"
                time="0.0003886"/>
      <testcase classname="Philips.PMP.Test.Auto.Hl7OruEncoderTest"
                name="TwoAbnormalRiskBandEncoderTest (367,True,AA) row 117"
                time="0.0007488"/>
      <testcase classname="Philips.PMP.Test.Auto.Hl7OruEncoderTest"
                name="TwoAbnormalRiskBandEncoderTest (367,False,R5) row 118"
                time="0.0003703"/>
      <testcase classname="Philips.PMP.Test.Auto.Hl7OruEncoderTest"
                name="TwoAbnormalRiskBandEncoderTest (304,True,AA) row 119"
                time="0.0003408"/>
      <testcase classname="Philips.PMP.Test.Auto.Hl7OruEncoderTest"
                name="TwoAbnormalRiskBandEncoderTest (304,False,R5) row 120"
                time="0.0003347"/>
      <testcase classname="Philips.PMP.Test.Auto.Hl7OruEncoderTest"
                name="TwoAbnormalRiskBandEncoderTest (318,True,AA) row 121"
                time="0.0003409"/>
      <testcase classname="Philips.PMP.Test.Auto.Hl7OruEncoderTest"
                name="TwoAbnormalRiskBandEncoderTest (318,False,R5) row 122"
                time="0.0007714"/>
      <testcase classname="Philips.PMP.Test.Auto.Hl7OruEncoderTest"
                name="TwoAbnormalRiskBandEncoderTest (332,True,AA) row 123"
                time="0.0007516"/>
      <testcase classname="Philips.PMP.Test.Auto.Hl7OruEncoderTest"
                name="TwoAbnormalRiskBandEncoderTest (332,False,R5) row 124"
                time="0.0003982"/>
      <testcase classname="Philips.PMP.Test.Auto.Hl7OruEncoderTest"
                name="TwoAbnormalRiskBandEncoderTest (346,True,AA) row 125"
                time="0.0004113"/>
      <testcase classname="Philips.PMP.Test.Auto.Hl7OruEncoderTest"
                name="TwoAbnormalRiskBandEncoderTest (346,False,R5) row 126"
                time="0.0003564"/>
      <testcase classname="Philips.PMP.Test.Auto.Hl7OruEncoderTest"
                name="TwoAbnormalRiskBandEncoderTest (360,True,AA) row 127"
                time="0.0003631"/>
      <testcase classname="Philips.PMP.Test.Auto.Hl7OruEncoderTest"
                name="TwoAbnormalRiskBandEncoderTest (360,False,R5) row 128"
                time="0.0003319"/>
      <testcase classname="Philips.PMP.Test.Auto.Hl7OruEncoderTest"
                name="TwoAbnormalRiskBandEncoderTest (176,True,W) row 129"
                time="0.000319"/>
      <testcase classname="Philips.PMP.Test.Auto.Hl7OruEncoderTest"
                name="TwoAbnormalRiskBandEncoderTest (176,False,R6) row 130"
                time="0.0007059"/>
      <testcase classname="Philips.PMP.Test.Auto.Hl7OruEncoderTest"
                name="TwoAbnormalRiskBandEncoderTest (173,True,W) row 131"
                time="0.0003457"/>
      <testcase classname="Philips.PMP.Test.Auto.Hl7OruEncoderTest"
                name="TwoAbnormalRiskBandEncoderTest (173,False,R6) row 132"
                time="0.0003467"/>
      <testcase classname="Philips.PMP.Test.Auto.Hl7OruEncoderTest"
                name="TwoAbnormalRiskBandEncoderTest (312,True,W) row 133"
                time="0.0004442"/>
      <testcase classname="Philips.PMP.Test.Auto.Hl7OruEncoderTest"
                name="TwoAbnormalRiskBandEncoderTest (312,False,R6) row 134"
                time="0.0007208"/>
      <testcase classname="Philips.PMP.Test.Auto.Hl7OruEncoderTest"
                name="TwoAbnormalRiskBandEncoderTest (326,True,W) row 135"
                time="0.0003523"/>
      <testcase classname="Philips.PMP.Test.Auto.Hl7OruEncoderTest"
                name="TwoAbnormalRiskBandEncoderTest (326,False,R6) row 136"
                time="0.000347"/>
      <testcase classname="Philips.PMP.Test.Auto.Hl7OruEncoderTest"
                name="TwoAbnormalRiskBandEncoderTest (340,True,W) row 137"
                time="0.0004471"/>
      <testcase classname="Philips.PMP.Test.Auto.Hl7OruEncoderTest"
                name="TwoAbnormalRiskBandEncoderTest (340,False,R6) row 138"
                time="0.0003332"/>
      <testcase classname="Philips.PMP.Test.Auto.Hl7OruEncoderTest"
                name="TwoAbnormalRiskBandEncoderTest (354,True,W) row 139"
                time="0.0003312"/>
      <testcase classname="Philips.PMP.Test.Auto.Hl7OruEncoderTest"
                name="TwoAbnormalRiskBandEncoderTest (354,False,R6) row 140"
                time="0.0003225"/>
      <testcase classname="Philips.PMP.Test.Auto.Hl7OruEncoderTest"
                name="TwoAbnormalRiskBandEncoderTest (368,True,W) row 141"
                time="0.0007473"/>
      <testcase classname="Philips.PMP.Test.Auto.Hl7OruEncoderTest"
                name="TwoAbnormalRiskBandEncoderTest (368,False,R6) row 142"
                time="0.0003469"/>
      <testcase classname="Philips.PMP.Test.Auto.Hl7OruEncoderTest"
                name="TwoAbnormalRiskBandEncoderTest (305,True,W) row 143"
                time="0.0006789"/>
      <testcase classname="Philips.PMP.Test.Auto.Hl7OruEncoderTest"
                name="TwoAbnormalRiskBandEncoderTest (305,False,R6) row 144"
                time="0.0003405"/>
      <testcase classname="Philips.PMP.Test.Auto.Hl7OruEncoderTest"
                name="TwoAbnormalRiskBandEncoderTest (319,True,W) row 145"
                time="0.0014627"/>
      <testcase classname="Philips.PMP.Test.Auto.Hl7OruEncoderTest"
                name="TwoAbnormalRiskBandEncoderTest (319,False,R6) row 146"
                time="0.0021809"/>
      <testcase classname="Philips.PMP.Test.Auto.Hl7OruEncoderTest"
                name="TwoAbnormalRiskBandEncoderTest (333,True,W) row 147"
                time="0.0003571"/>
      <testcase classname="Philips.PMP.Test.Auto.Hl7OruEncoderTest"
                name="TwoAbnormalRiskBandEncoderTest (333,False,R6) row 148"
                time="0.000343"/>
      <testcase classname="Philips.PMP.Test.Auto.Hl7OruEncoderTest"
                name="TwoAbnormalRiskBandEncoderTest (347,True,W) row 149"
                time="0.0003332"/>
      <testcase classname="Philips.PMP.Test.Auto.Hl7OruEncoderTest"
                name="TwoAbnormalRiskBandEncoderTest (347,False,R6) row 150"
                time="0.000316"/>
      <testcase classname="Philips.PMP.Test.Auto.Hl7OruEncoderTest"
                name="TwoAbnormalRiskBandEncoderTest (361,True,W) row 151"
                time="0.0011199"/>
      <testcase classname="Philips.PMP.Test.Auto.Hl7OruEncoderTest"
                name="TwoAbnormalRiskBandEncoderTest (361,False,R6) row 152"
                time="0.0003352"/>
      <testcase classname="Philips.PMP.Test.Auto.Hl7OruEncoderTest"
                name="TwoAbnormalRiskBandEncoderTest (166,True,W) row 153"
                time="0.0003419"/>
      <testcase classname="Philips.PMP.Test.Auto.Hl7OruEncoderTest"
                name="TwoAbnormalRiskBandEncoderTest (166,False,R7) row 154"
                time="0.0003424"/>
      <testcase classname="Philips.PMP.Test.Auto.Hl7OruEncoderTest"
                name="TwoAbnormalRiskBandEncoderTest (100,True,W) row 155"
                time="0.0003365"/>
      <testcase classname="Philips.PMP.Test.Auto.Hl7OruEncoderTest"
                name="TwoAbnormalRiskBandEncoderTest (100,False,R7) row 156"
                time="0.0007151"/>
      <testcase classname="Philips.PMP.Test.Auto.Hl7OruEncoderTest"
                name="TwoAbnormalRiskBandEncoderTest (313,True,W) row 157"
                time="0.0007158"/>
      <testcase classname="Philips.PMP.Test.Auto.Hl7OruEncoderTest"
                name="TwoAbnormalRiskBandEncoderTest (313,False,R7) row 158"
                time="0.0004063"/>
      <testcase classname="Philips.PMP.Test.Auto.Hl7OruEncoderTest"
                name="TwoAbnormalRiskBandEncoderTest (327,True,W) row 159"
                time="0.000349"/>
      <testcase classname="Philips.PMP.Test.Auto.Hl7OruEncoderTest"
                name="TwoAbnormalRiskBandEncoderTest (327,False,R7) row 160"
                time="0.0003321"/>
      <testcase classname="Philips.PMP.Test.Auto.Hl7OruEncoderTest"
                name="TwoAbnormalRiskBandEncoderTest (341,True,W) row 161"
                time="0.0006758"/>
      <testcase classname="Philips.PMP.Test.Auto.Hl7OruEncoderTest"
                name="TwoAbnormalRiskBandEncoderTest (341,False,R7) row 162"
                time="0.0006513"/>
      <testcase classname="Philips.PMP.Test.Auto.Hl7OruEncoderTest"
                name="TwoAbnormalRiskBandEncoderTest (355,True,W) row 163"
                time="0.0004426"/>
      <testcase classname="Philips.PMP.Test.Auto.Hl7OruEncoderTest"
                name="TwoAbnormalRiskBandEncoderTest (355,False,R7) row 164"
                time="0.0003471"/>
      <testcase classname="Philips.PMP.Test.Auto.Hl7OruEncoderTest"
                name="TwoAbnormalRiskBandEncoderTest (369,True,W) row 165"
                time="0.0005636"/>
      <testcase classname="Philips.PMP.Test.Auto.Hl7OruEncoderTest"
                name="TwoAbnormalRiskBandEncoderTest (369,False,R7) row 166"
                time="0.0003438"/>
      <testcase classname="Philips.PMP.Test.Auto.Hl7OruEncoderTest"
                name="TwoAbnormalRiskBandEncoderTest (306,True,W) row 167"
                time="0.0004231"/>
      <testcase classname="Philips.PMP.Test.Auto.Hl7OruEncoderTest"
                name="TwoAbnormalRiskBandEncoderTest (306,False,R7) row 168"
                time="0.0003923"/>
      <testcase classname="Philips.PMP.Test.Auto.Hl7OruEncoderTest"
                name="TwoAbnormalRiskBandEncoderTest (320,True,W) row 169"
                time="0.0004626"/>
      <testcase classname="Philips.PMP.Test.Auto.Hl7OruEncoderTest"
                name="TwoAbnormalRiskBandEncoderTest (320,False,R7) row 170"
                time="0.0005026"/>
      <testcase classname="Philips.PMP.Test.Auto.Hl7OruEncoderTest"
                name="TwoAbnormalRiskBandEncoderTest (334,True,W) row 171"
                time="0.0007909"/>
      <testcase classname="Philips.PMP.Test.Auto.Hl7OruEncoderTest"
                name="TwoAbnormalRiskBandEncoderTest (334,False,R7) row 172"
                time="0.0003536"/>
      <testcase classname="Philips.PMP.Test.Auto.Hl7OruEncoderTest"
                name="TwoAbnormalRiskBandEncoderTest (348,True,W) row 173"
                time="0.0003371"/>
      <testcase classname="Philips.PMP.Test.Auto.Hl7OruEncoderTest"
                name="TwoAbnormalRiskBandEncoderTest (348,False,R7) row 174"
                time="0.0006964"/>
      <testcase classname="Philips.PMP.Test.Auto.Hl7OruEncoderTest"
                name="TwoAbnormalRiskBandEncoderTest (362,True,W) row 175"
                time="0.0004253"/>
      <testcase classname="Philips.PMP.Test.Auto.Hl7OruEncoderTest"
                name="TwoAbnormalRiskBandEncoderTest (362,False,R7) row 176"
                time="0.000779"/>
      <testcase classname="Philips.PIC.WebBridge.Test.ConnectionSubscriptionMgrTest"
                name="ConnectionSubscriptionMgrWillRemoveExistingConnections"
                time="0.0036295"/>
      <testcase classname="Philips.PMP.Test.Auto.DbFifoTest"
                name="DbMaintenanceUpdateStatsTest (100,1) row 1"
                time="3.1825939"/>
      <testcase classname="Philips.PMP.Test.Auto.DbFifoTest"
                name="DbMaintenanceUpdateStatsTest (1,0) row 2"
                time="0.054989"/>
      <testcase classname="Philips.CareEvent.Test.MobileDeviceConfigurationControlTests"
                name="EditingDeviceNumberShouldUpdateUserPhoneNumberIfExists"
                time="0.0265558"/>
      <testcase classname="Philips.PIC.WebBridge.Test.LicenseControllerTest"
                name="GetCanDisplayCopyWillSendOkResult"
                time="0.0022724"/>
      <testcase classname="Philips.PMP.Test.Auto.BitLockerEditorTest"
                name="SetBitLockerTest (True,True) row 1"
                time="0.0057009"/>
      <testcase classname="Philips.PMP.Test.Auto.BitLockerEditorTest"
                name="SetBitLockerTest (True,False) row 2"
                time="0.0026076"/>
      <testcase classname="Philips.PMP.Test.Auto.BitLockerEditorTest"
                name="SetBitLockerTest (False,True) row 3"
                time="0.0025787"/>
      <testcase classname="Philips.PMP.Test.Auto.BitLockerEditorTest"
                name="SetBitLockerTest (False,False) row 4"
                time="0.0029061"/>
      <testcase classname="Philips.PMP.Test.Auto.StripReviewTest"
                name="StripReviewNotPostBackTest (12345678123456781234567812345678,10,87654321876543218765432187654321,/retrospectivephysioview/retrospective-view/12345678-1234-5678-1234-567812345678/10?alarmid=87654321876543218765432187654321) row 1"
                time="0.1125754"/>
      <testcase classname="Philips.PMP.Test.Auto.StripReviewTest"
                name="StripReviewNotPostBackTest (12345678123456781234567812345678,10,&lt;script&gt;alert(1);&lt;/script&gt;,/retrospectivephysioview/retrospective-view/12345678-1234-5678-1234-567812345678/10?alarmid=) row 2"
                time="0.0010414"/>
      <testcase classname="Philips.PMP.Test.Auto.StripReviewTest"
                name="StripReviewNotPostBackTest (12345678123456781234567812345678,&lt;script&gt;alert(1);&lt;/script&gt;,87654321876543218765432187654321,/retrospectivephysioview/retrospective-view/12345678-1234-5678-1234-567812345678/?alarmid=87654321876543218765432187654321) row 3"
                time="0.000791"/>
      <testcase classname="Philips.PMP.Test.Auto.StripReviewTest"
                name="StripReviewNotPostBackTest (12345678123456781234567812345678,&lt;script&gt;alert(1);&lt;/script&gt;,&lt;script&gt;alert(1);&lt;/script&gt;,/retrospectivephysioview/retrospective-view/12345678-1234-5678-1234-567812345678/?alarmid=) row 4"
                time="0.0006611"/>
      <testcase classname="Philips.PMP.Test.Auto.HighAvailabilityQualifierTest"
                name="HighAvailabilityOffloadDatabaseTest (False,False) row 1"
                time="0.0017935"/>
      <testcase classname="Philips.PMP.Test.Auto.HighAvailabilityQualifierTest"
                name="HighAvailabilityOffloadDatabaseTest (True,True) row 2"
                time="0.0015172"/>
      <testcase classname="Philips.PMP.Test.Auto.SegmentedListTest"
                name="EnumeratorsWorkTest"
                time="0.002594"/>
      <testcase classname="Philips.PMP.Test.Auto.StripReviewTest"
                name="StripReviewIsValidUlongTest (True,100) row 1"
                time="0.5418014"/>
      <testcase classname="Philips.PMP.Test.Auto.StripReviewTest"
                name="StripReviewIsValidUlongTest (False,a string) row 2"
                time="0.010022"/>
      <testcase classname="Philips.PMP.Test.Auto.StripReviewTest"
                name="StripReviewIsValidUlongTest (False,100 a string containing numbers) row 3"
                time="0.0008646"/>
      <testcase classname="Philips.PMP.Test.Auto.StripReviewTest"
                name="StripReviewIsValidUlongTest (False,a string containing numbers 100) row 4"
                time="0.0007246"/>
      <testcase classname="Philips.PMP.Test.Auto.StripReviewTest"
                name="StripReviewIsValidUlongTest (False,-100) row 5"
                time="0.0006389"/>
      <testcase classname="Philips.PMP.Test.Auto.StripReviewTest"
                name="StripReviewIsValidUlongTest (False,0x100) row 6"
                time="0.0006539"/>
      <testcase classname="Philips.PMP.Test.Auto.StripReviewTest"
                name="StripReviewIsValidUlongTest (False,&#34;&gt;&lt;script&gt;alert(1);&lt;/script&gt;&#34;) row 7"
                time="0.0006283"/>
      <testcase classname="Philips.PMP.Test.Auto.StripReviewTest"
                name="StripReviewIsValidUlongTest (False,null) row 8"
                time="0.0189073"/>
      <testcase classname="Philips.PMP.Test.Auto.StripReviewTest"
                name="StripReviewIsValidUlongTest (True,0) row 9"
                time="0.0012283"/>
      <testcase classname="Philips.PMP.Test.Auto.EnumLocalizationHelperTest"
                name="GetLocalizedValuesTest"
                time="0.000517"/>
      <testcase classname="Philips.PMP.Test.Auto.StitchTest"
                name="StitchPhysioDataTime"
                time="0.0051925"/>
      <testcase classname="Philips.PIC.SharedAssignment.Test.SharedAssignmentMgrTest"
                name="OnTcpConnectionClosedShouldSetTheIsConnectedFlagToFalse"
                time="0.0148048"/>
      <testcase classname="Philips.PMP.Test.Auto.ColorProviderTest"
                name="GetColor"
                time="0.0027303"/>
      <testcase classname="Philips.PMP.Test.Auto.DtlsTest"
                name="DtlsConvertToDtlsPacketTest"
                time="0.0042846"/>
      <testcase classname="Philips.PMP.Test.Auto.MeasurementsControlTest"
                name="MeasurementControlPatientChangeClosesMenu"
                time="0.0539417"/>
      <testcase classname="Philips.PMP.Test.Auto.ProtocolWatchControlMgrTest"
                name="ProtocolWatchControlMgrCheckForProfileProtocolConfigChange (False,1) row 1"
                time="0.0086844"/>
      <testcase classname="Philips.PMP.Test.Auto.ProtocolWatchControlMgrTest"
                name="ProtocolWatchControlMgrCheckForProfileProtocolConfigChange (True,1) row 2"
                time="0.0033555"/>
      <testcase classname="Philips.PMP.Test.Auto.Hl7OruEncoderTest"
                name="FilterCompoundsCorrectlyClassicProfileOnly"
                time="0.0006964"/>
      <testcase classname="Philips.PIC.DataAcquisition.Test.MonitoringDeviceCommunicatorTest"
                name="MonitoringDeviceCommunicatorRetriesFailedMessageAttempts (0,1) row 1"
                time="0.0083896"/>
      <testcase classname="Philips.PIC.DataAcquisition.Test.MonitoringDeviceCommunicatorTest"
                name="MonitoringDeviceCommunicatorRetriesFailedMessageAttempts (1,2) row 2"
                time="0.0017231"/>
      <testcase classname="Philips.PIC.DataAcquisition.Test.MonitoringDeviceCommunicatorTest"
                name="MonitoringDeviceCommunicatorRetriesFailedMessageAttempts (2,3) row 3"
                time="0.0064905"/>
      <testcase classname="Philips.PMP.Test.Auto.Hl7ConnectionMgrTest"
                name="Hl7ConnectionMgrReportsActiveConnections"
                time="0.0030591"/>
      <testcase classname="Philips.PMP.Test.Auto.MobilityProviderTest"
                name="GetUsersAssignedToBedTest"
                time="0.2577444"/>
      <testcase classname="Philips.PMP.Test.Auto.MdilConverterTest"
                name="MdilConverterAlertIntegrationTest (True,False,0) row 1"
                time="0.0062894"/>
      <testcase classname="Philips.PMP.Test.Auto.MdilConverterTest"
                name="MdilConverterAlertIntegrationTest (False,True,0) row 2"
                time="0.0013496"/>
      <testcase classname="Philips.PMP.Test.Auto.MdilConverterTest"
                name="MdilConverterAlertIntegrationTest (False,False,2) row 3"
                time="0.0004672"/>
      <testcase classname="Philips.PMP.Test.Auto.MdilConverterTest"
                name="MdilConverterAlertIntegrationTest (True,True,2) row 4"
                time="0.0003637"/>
      <testcase classname="Philips.PMP.Test.Auto.MdilConverterTest"
                name="MdilConverterAlertIntegrationTest (True,True,4) row 5"
                time="0.0011854"/>
      <testcase classname="Philips.PMP.Test.Auto.TreeNodeDupeFinderTest"
                name="GetUniqueEventDefinitionNameShouldGetAUniqueName (3,False) row 1"
                time="0.0049862"/>
      <testcase classname="Philips.PMP.Test.Auto.TreeNodeDupeFinderTest"
                name="GetUniqueEventDefinitionNameShouldGetAUniqueName (4,False) row 2"
                time="0.0039181"/>
      <testcase classname="Philips.PMP.Test.Auto.TreeNodeDupeFinderTest"
                name="GetUniqueEventDefinitionNameShouldGetAUniqueName (1,False) row 3"
                time="0.0041193"/>
      <testcase classname="Philips.PMP.Test.Auto.TreeNodeDupeFinderTest"
                name="GetUniqueEventDefinitionNameShouldGetAUniqueName (4,True) row 4"
                time="0.0046433"/>
      <testcase classname="Philips.PMP.Test.Auto.WaveFileMgrTest"
                name="PdxGapBetweenSegmentsAreFilled"
                time="0.0015476"/>
      <testcase classname="Philips.PMP.Test.Auto.SystemPerformanceTest"
                name="DeleteSettingAndCounterConfigA"
                time="0.7455712"/>
      <testcase classname="Philips.PMP.Test.Auto.MdilDaTest"
                name="NgnDeviceTablesVerifyCanTuneDetuneMaxNumberOfDevices"
                time="0.4942226"/>
      <testcase classname="Philips.PMP.Test.Auto.LogonFormTest"
                name="LogonFormDoLogonSucceed (True) row 1"
                time="2.5535251"/>
      <testcase classname="Philips.PMP.Test.Auto.LogonFormTest"
                name="LogonFormDoLogonSucceed (False) row 2"
                time="0.16393"/>
      <testcase classname="Philips.PMP.Test.Auto.TokenSecretMgrTest"
                name="TokenSecretInstall"
                time="0.0322699"/>
      <testcase classname="Philips.PMP.Test.Auto.PatientServiceTest"
                name="PatientServiceHandleChangeBedLabelTest (True,False,False,False,True) row 1"
                time="0.2030822"/>
      <testcase classname="Philips.PMP.Test.Auto.PatientServiceTest"
                name="PatientServiceHandleChangeBedLabelTest (False,True,True,False,True) row 2"
                time="0.0045007"/>
      <testcase classname="Philips.PMP.Test.Auto.PatientServiceTest"
                name="PatientServiceHandleChangeBedLabelTest (False,False,True,False,True) row 3"
                time="0.0021292"/>
      <testcase classname="Philips.PMP.Test.Auto.PatientServiceTest"
                name="PatientServiceHandleChangeBedLabelTest (False,True,False,False,False) row 4"
                time="0.0075779"/>
      <testcase classname="Philips.PMP.Test.Auto.PatientServiceTest"
                name="PatientServiceHandleChangeBedLabelTest (False,False,False,True,False) row 5"
                time="0.0049048"/>
      <testcase classname="Philips.PMP.Test.Auto.PatientAssignmentControlTest"
                name="PatientAssignmentControlSetResuscitationSelection (Full) row 1"
                time="0.0621029"/>
      <testcase classname="Philips.PMP.Test.Auto.PatientAssignmentControlTest"
                name="PatientAssignmentControlSetResuscitationSelection (ModifiedResuscitation) row 2"
                time="0.0612319"/>
      <testcase classname="Philips.PMP.Test.Auto.PatientAssignmentControlTest"
                name="PatientAssignmentControlSetResuscitationSelection (NoResuscitation) row 3"
                time="0.0595118"/>
      <testcase classname="Philips.PMP.Test.Auto.PwmNbpControlMgrTest"
                name="PwmNbpControlMgrChangeTelemetryProfileTest"
                time="0.0652004"/>
      <testcase classname="Philips.PMP.Test.Auto.CameraSystemUnitAssignmentControlTest"
                name="CameraSystemUnitAssignmentControlTreeViewUnitSelection"
                time="0.0252616"/>
      <testcase classname="Philips.PMP.Test.Auto.PubSubBridgeTest"
                name="PublishScopelessPicPubSubEventTest"
                time="0.0096019"/>
      <testcase classname="Philips.PIC.DataAcquisition.Test.MonitoringDevicePatientQueryHelperTest"
                name="MonitoringDeviceTryGetIdFromCriteriaTest (,,False,False,False) row 1"
                time="0.0210103"/>
      <testcase classname="Philips.PIC.DataAcquisition.Test.MonitoringDevicePatientQueryHelperTest"
                name="MonitoringDeviceTryGetIdFromCriteriaTest (,x,True,True,True) row 2"
                time="0.003173"/>
      <testcase classname="Philips.PIC.DataAcquisition.Test.MonitoringDevicePatientQueryHelperTest"
                name="MonitoringDeviceTryGetIdFromCriteriaTest (y,,True,True,True) row 3"
                time="0.0004131"/>
      <testcase classname="Philips.PIC.DataAcquisition.Test.MonitoringDevicePatientQueryHelperTest"
                name="MonitoringDeviceTryGetIdFromCriteriaTest (y,x,True,True,True) row 4"
                time="0.0003274"/>
      <testcase classname="Philips.PIC.DataAcquisition.Test.MonitoringDevicePatientQueryHelperTest"
                name="MonitoringDeviceTryGetIdFromCriteriaTest (y,x,False,False,False) row 5"
                time="0.0002964"/>
      <testcase classname="Philips.PMP.Test.Auto.PatientDataExportTierTwoTest"
                name="ClearSystemStatusIsCalledOnSuccessfulTierTwoCopy"
                time="0.0028862"/>
      <testcase classname="Philips.PMP.Test.Auto.PatientDataExportServiceTest"
                name="WillReturnEmptyDeviceConnectionIfUriDeviceIsNull"
                time="0.0007785"/>
      <testcase classname="Philips.PMP.Test.Auto.StitchTest"
                name="StitchRemoveEmptyWaveAttributesTest"
                time="0.0059323"/>
      <testcase classname="Philips.PIC.DataAcquisition.Test.SureSignsDataConverterTest"
                name="SureSignsDataConverterFromSureSignsTriggerTest (Alert,MSMT_TRIGGER_ALERT) row 1"
                time="0.0021146"/>
      <testcase classname="Philips.PIC.DataAcquisition.Test.SureSignsDataConverterTest"
                name="SureSignsDataConverterFromSureSignsTriggerTest (Attended,MSMT_TRIGGER_MANUAL) row 2"
                time="0.0003656"/>
      <testcase classname="Philips.PIC.DataAcquisition.Test.SureSignsDataConverterTest"
                name="SureSignsDataConverterFromSureSignsTriggerTest (Unattended,MSMT_TRIGGER_AUTOMATIC) row 3"
                time="0.0003132"/>
      <testcase classname="Philips.PIC.DataAcquisition.Test.SureSignsDataConverterTest"
                name="SureSignsDataConverterFromSureSignsTriggerTest (,MSMT_TRIGGER_AUTOMATIC) row 4"
                time="0.0003376"/>
      <testcase classname="Philips.PMP.Test.Auto.AlertCategorizerTest"
                name="AlertCategorizerTechnical"
                time="0.0018852"/>
      <testcase classname="Philips.CareEvent.Test.CareAssignmentHelperTests"
                name="GetAssignedRolesForUndeliverable (UndeliverableEvents,1) row 1"
                time="0.0708299"/>
      <testcase classname="Philips.CareEvent.Test.CareAssignmentHelperTests"
                name="GetAssignedRolesForUndeliverable (UnassignedLocations,1) row 2"
                time="0.0069585"/>
      <testcase classname="Philips.CareEvent.Test.CareAssignmentHelperTests"
                name="GetAssignedRolesForUndeliverable (IdlePort,3) row 3"
                time="0.0044897"/>
      <testcase classname="Philips.CareEvent.Test.CareAssignmentHelperTests"
                name="GetAssignedRolesForUndeliverable (SystemConnectivityEvents,3) row 4"
                time="0.0037754"/>
      <testcase classname="Philips.CareEvent.Test.EventMonitorProviderTests"
                name="GetEventMonitorListShouldReturnEventInfoLists"
                time="0.7001214"/>
      <testcase classname="Philips.PMP.Test.Auto.RfidReaderTest"
                name="RfidReaderSimulatorTapTest"
                time="0.0014849"/>
      <testcase classname="Philips.PMP.Test.Auto.WatchdogTest"
                name="WatchdogEngineRequestMemoryDumpWhileAlreadyDumpingTest"
                time="0.0165084"/>
      <testcase classname="Philips.PMP.Test.Auto.EnterpriseProviderTest"
                name="GetZone"
                time="0.2526645"/>
      <testcase classname="Philips.CareEvent.Test.WctpListenerTests"
                name="WctpListenerHttpsTest"
                time="0.0522077"/>
      <testcase classname="Philips.PIC.SharedAssignment.Test.SharedAssignmentMgrTest"
                name="SharedAssignmentReconnectShouldGetTheLatestHostNameForReconnection"
                time="0.0060127"/>
      <testcase classname="Philips.PMP.Test.Auto.IheDeviceDataMgrTest"
                name="IHEDeviceDataMgrClearsPhysioDataCachesWhenOffline"
                time="0.0453335"/>
      <testcase classname="Philips.PMP.Test.Auto.DataBackIntegrationTest"
                name="DataBackIntegrationContainmentTreeRemoveNodeTest"
                time="0.0027229"/>
      <testcase classname="Philips.PMP.Test.Auto.EventNotificationMgrTest"
                name="GetAlarmBehaviorBasedOnMaxBedsForZoneWhenMaxBedIsReachedTest"
                time="0.2699979"/>
      <testcase classname="Philips.PMP.Test.Auto.AutoAdtConfigControlTest"
                name="OnTransferIndexChangedTest"
                time="0.0127332"/>
      <testcase classname="Philips.PMP.Test.Auto.PatientIdTest"
                name="PatientIdentityDobAttributeTest"
                time="0.0006253"/>
      <testcase classname="Philips.PMP.Test.Auto.LabDataHelperTest"
                name="LabDataHelperProcessSpotCheckResultsTest (F,True,1) row 1"
                time="0.009335"/>
      <testcase classname="Philips.PMP.Test.Auto.LabDataHelperTest"
                name="LabDataHelperProcessSpotCheckResultsTest (X,True,0) row 2"
                time="0.005273"/>
      <testcase classname="Philips.PMP.Test.Auto.LabDataHelperTest"
                name="LabDataHelperProcessSpotCheckResultsTest (F,False,1) row 3"
                time="0.0056709"/>
      <testcase classname="Philips.PMP.Test.Auto.LabDataHelperTest"
                name="LabDataHelperProcessSpotCheckResultsTest (X,False,0) row 4"
                time="0.0066992"/>
      <testcase classname="Philips.PMP.Test.Auto.PatientFieldsValidatorTest"
                name="PatientFieldsValidatorValidateEncounterLastNameAndId"
                time="0.0012365"/>
      <testcase classname="Philips.PMP.Test.Auto.AlertNotificationThreadQueueTest"
                name="ThreadQueueDoesntAllowMoreThan1KeepAlive"
                time="0.0046437"/>
      <testcase classname="Philips.PMP.Test.Auto.WaveGapFinderTest"
                name="FindWaveGapsSelectedPhysioIdsTest"
                time="0.0118475"/>
      <testcase classname="Philips.CareEvent.Test.MobileRequestMgrTests"
                name="GetNeolookVideoResponseStatusCheck (myUrl,Success,Success) row 1"
                time="0.0205465"/>
      <testcase classname="Philips.CareEvent.Test.MobileRequestMgrTests"
                name="GetNeolookVideoResponseStatusCheck (AuthorizationError,Failure,NeolookAuthenticationError) row 2"
                time="0.0132847"/>
      <testcase classname="Philips.CareEvent.Test.MobileRequestMgrTests"
                name="GetNeolookVideoResponseStatusCheck (BedNotFoundError,Failure,NoMatchingBed) row 3"
                time="0.0173865"/>
      <testcase classname="Philips.CareEvent.Test.MobileRequestMgrTests"
                name="GetNeolookVideoResponseStatusCheck (PermissionError,Failure,NeolookAuthenticationError) row 4"
                time="0.0144047"/>
      <testcase classname="Philips.CareEvent.Test.MobileRequestMgrTests"
                name="GetNeolookVideoResponseStatusCheck (NoCameraAssignedError,Failure,NeolookCameraNotAvailable) row 5"
                time="0.0247352"/>
      <testcase classname="Philips.CareEvent.Test.MobileRequestMgrTests"
                name="GetNeolookVideoResponseStatusCheck (ServiceError,Failure,NeolookNotReachable) row 6"
                time="0.0138474"/>
      <testcase classname="Philips.PMP.Test.Auto.HL7ProviderTest"
                name="HL7DeviceConnectionBedAssignmentTest"
                time="0.3042348"/>
      <testcase classname="Philips.PMP.Test.Auto.HL7QualifierTest"
                name="AlarmClientEventTest (True,Emergin,False) row 1"
                time="0.0046137"/>
      <testcase classname="Philips.PMP.Test.Auto.HL7QualifierTest"
                name="AlarmClientEventTest (True,EventInfo,True) row 2"
                time="0.0008498"/>
      <testcase classname="Philips.PMP.Test.Auto.HL7QualifierTest"
                name="AlarmClientEventTest (False,Emergin,True) row 3"
                time="0.0005626"/>
      <testcase classname="Philips.PMP.Test.Auto.HL7QualifierTest"
                name="AlarmClientEventTest (False,EventInfo,True) row 4"
                time="0.0005056"/>
      <testcase classname="Philips.PMP.Test.Auto.LicenseViewerXmlProviderTest"
                name="LicenseXmlProviderLoadRevA"
                time="0.0817056"/>
      <testcase classname="Philips.PMP.LicenseService.Test.LicensingSystemValidatorTest"
                name="LicenseSystemValidationNotEnoughPhysioTest"
                time="0.0085717"/>
      <testcase classname="Philips.PMP.Test.Auto.TopologyHelperTest"
                name="IsZoneApplicableTest"
                time="0.0014865"/>
      <testcase classname="Philips.PMP.Test.Auto.DbConnectionMgrTest"
                name="DbConnectionMgrGetConnectionTest (False,False,True) row 1"
                time="0.0616665"/>
      <testcase classname="Philips.PMP.Test.Auto.DbConnectionMgrTest"
                name="DbConnectionMgrGetConnectionTest (False,False,False) row 2"
                time="0.0038982"/>
      <testcase classname="Philips.PMP.Test.Auto.DbConnectionMgrTest"
                name="DbConnectionMgrGetConnectionTest (True,True,True) row 3"
                time="0.0036908"/>
      <testcase classname="Philips.PMP.Test.Auto.DbConnectionMgrTest"
                name="DbConnectionMgrGetConnectionTest (True,True,False) row 4"
                time="0.0075148"/>
      <testcase classname="Philips.PMP.Test.Auto.DbConnectionMgrTest"
                name="DbConnectionMgrGetConnectionTest (False,True,False) row 5"
                time="0.010948"/>
      <testcase classname="Philips.PMP.Test.Auto.DbConnectionMgrTest"
                name="DbConnectionMgrGetConnectionTest (True,False,False) row 6"
                time="0.0019819"/>
      <testcase classname="Philips.CareEvent.Test.MessageRecipientMgrTest"
                name="GetStandardDeviceAndUsersToSendMessageShouldNotReturnUserIfDeviceNotAssignedTest"
                time="0.0009532"/>
      <testcase classname="Philips.PMP.Test.Auto.PatientEquipmentManagementHelperTest"
                name="PatientEquipmentManagementHelperGetUnassignedDevices"
                time="0.042529"/>
      <testcase classname="Philips.PMP.Test.Auto.Hl7ConnectionTest"
                name="SendValidatedDataMsgEmptyMsgListReturnsFalse"
                time="0.0020578"/>
      <testcase classname="Philips.PMP.Test.Auto.SurveillanceCollectionTest"
                name="GetSectorByIdTest"
                time="0.9708891"/>
      <testcase classname="Philips.PMP.Test.Auto.SystemControlHandlerTest"
                name="SystemControlHandlerSetHidableControlOpStateTest (False,False,NotAvailable) row 1"
                time="0.0010749"/>
      <testcase classname="Philips.PMP.Test.Auto.SystemControlHandlerTest"
                name="SystemControlHandlerSetHidableControlOpStateTest (False,True,NotAvailable) row 2"
                time="0.0010305"/>
      <testcase classname="Philips.PMP.Test.Auto.SystemControlHandlerTest"
                name="SystemControlHandlerSetHidableControlOpStateTest (True,False,Enabled) row 3"
                time="0.000578"/>
      <testcase classname="Philips.PMP.Test.Auto.SystemControlHandlerTest"
                name="SystemControlHandlerSetHidableControlOpStateTest (True,True,Disabled) row 4"
                time="0.000401"/>
      <testcase classname="Philips.PMP.Test.Auto.DeviceControlProviderTest"
                name="MeasurementControlsPatientSettingSyncTest (True) row 1"
                time="0.3043489"/>
      <testcase classname="Philips.PMP.Test.Auto.DeviceControlProviderTest"
                name="MeasurementControlsPatientSettingSyncTest (False) row 2"
                time="0.2755448"/>
      <testcase classname="Philips.PMP.Test.Auto.ColorMgrTest"
                name="ColorMgrCanGetRetrospectiveColor (False,-11665330) row 1"
                time="0.0028155"/>
      <testcase classname="Philips.PMP.Test.Auto.ColorMgrTest"
                name="ColorMgrCanGetRetrospectiveColor (True,-7401329) row 2"
                time="0.0246148"/>
      <testcase classname="Philips.PIC.WebBridge.Test.TokenMgrTest"
                name="TryGetTokenNullEmptyStringTest"
                time="0.0021153"/>
      <testcase classname="Philips.PMP.Test.Auto.LicenseViewerXmlProviderTest"
                name="FeatureValueSettingsXmlProviderLoad"
                time="0.0039581"/>
      <testcase classname="Philips.PMP.Test.Auto.WatchedProcessTest"
                name="WatchedProcessFailsToStart"
                time="0.0040708"/>
      <testcase classname="Philips.PMP.Test.Auto.TrustedCertificateConfigHelperTest"
                name="TrustedCertificateConfigHelperAddAlreadyLoaded"
                time="0.0230745"/>
      <testcase classname="Philips.PMP.Test.Auto.PatientIdHelperTest"
                name="GetMyRecorderPatientDisplayIdTest"
                time="0.2443005"/>
      <testcase classname="Philips.PMP.Test.Auto.MobileRemoteControlMgrTest"
                name="GetControlsReturnEmptyIfNBPGlobalSettingsIsDisableTest"
                time="0.0139937"/>
      <testcase classname="Philips.PMP.Test.Auto.UserAuthenticationControlTest"
                name="UserAuthenticationControlLogonClick"
                time="0.0766063"/>
      <testcase classname="Philips.PMP.Test.Auto.CommonComConverterTest"
                name="ComConverterDeviceControlActionControl"
                time="0.0565101"/>
      <testcase classname="Philips.PMP.Test.Auto.PatientProviderTest"
                name="PatientProviderReadmitSamePatientTest"
                time="0.3300289"/>
      <testcase classname="Philips.PMP.Test.Auto.PatientCensusHandlerTest"
                name="PatientCensusHandlerDoesNotPublishEmptyCache"
                time="0.0245232"/>
      <testcase classname="Philips.PMP.Test.Auto.CiParserTest"
                name="CiParserVerifyAttributesTest"
                time="0.0111756"/>
      <testcase classname="Philips.PMP.Test.Auto.RepositoryWaveTest"
                name="GetBeginningDataDoesntThrowNonNegativeNumberRequiredlongTest"
                time="0.2925441"/>
      <testcase classname="Philips.PMP.Test.Auto.PatientAssignmentControlTest"
                name="PatientAssignmentControlOnUserLoggedIn (True) row 1"
                time="0.2558613"/>
      <testcase classname="Philips.PMP.Test.Auto.PatientAssignmentControlTest"
                name="PatientAssignmentControlOnUserLoggedIn (False) row 2"
                time="0.1255142"/>
      <testcase classname="Philips.PMP.LicenseService.Test.UnitLicenseFeaturesDeterminerTest"
                name="GetUnitFeaturesWillAddDefaultIfThereAreMissingFeatureValues"
                time="0.0072183"/>
      <testcase classname="Philips.PIC.DeviceUserManagement.Test.DeviceUserManagementConfigProviderTest"
                name="DeviceUserManagementConfigProviderGetUserPermissions"
                time="0.0047555"/>
      <testcase classname="Philips.PMP.Test.Auto.DiskSpaceQualifierTest"
                name="DiskSpaceQualifierVerifyIsPotentialPhysioServer (False,False,False,True,False,False) row 1"
                time="0.0148947"/>
      <testcase classname="Philips.PMP.Test.Auto.DiskSpaceQualifierTest"
                name="DiskSpaceQualifierVerifyIsPotentialPhysioServer (True,False,False,False,False,False) row 2"
                time="0.0034852"/>
      <testcase classname="Philips.PMP.Test.Auto.PwmSpO2ControlMgrTest"
                name="PwmSpO2ControlMgrTeleMonConnectedTest"
                time="0.015075"/>
      <testcase classname="Philips.PIC.DataAcquisition.Test.SureSignsProtocolConverterTest"
                name="ProtocolConverterScoreFlagsTest (COLORED_BUBBLE,SingleParamScore) row 1"
                time="0.0018705"/>
      <testcase classname="Philips.PIC.DataAcquisition.Test.SureSignsProtocolConverterTest"
                name="ProtocolConverterScoreFlagsTest (SCORE_NUMBER,MultiParamScore) row 2"
                time="0.0019414"/>
      <testcase classname="Philips.PMP.Test.Auto.PatientLocationResolverTest"
                name="PatientUnitResolverIncludesMyUnitWhenIHaveNoPatients"
                time="0.0009083"/>
      <testcase classname="Philips.PMP.Test.Auto.EcgDeriverTest"
                name="LimbLeadDerivationTest"
                time="0.0099998"/>
      <testcase classname="Philips.CareEvent.Test.CareAssignmentControlTests"
                name="BedStatusFiltersSetByDefaultOnChangeUnit"
                time="0.066359"/>
      <testcase classname="Philips.CareEvent.Test.CustomProductDefaultCategoryBuilderTests"
                name="StoreShouldSetEventSchemaBasedOnProductType (EmerginEvent,XML) row 1"
                time="0.0137691"/>
      <testcase classname="Philips.CareEvent.Test.CustomProductDefaultCategoryBuilderTests"
                name="StoreShouldSetEventSchemaBasedOnProductType (PhilipsEvent,TAP) row 2"
                time="0.0025759"/>
      <testcase classname="Philips.CareEvent.Test.CustomProductDefaultCategoryBuilderTests"
                name="StoreShouldSetEventSchemaBasedOnProductType (EmerginSoap,SOAP) row 3"
                time="0.0014834"/>
      <testcase classname="Philips.CareEvent.Test.CustomProductDefaultCategoryBuilderTests"
                name="StoreShouldSetEventSchemaBasedOnProductType (PhilipsEvent,Unknown) row 4"
                time="0.0018529"/>
      <testcase classname="Philips.PMP.Test.Auto.DeviceCompatibilityDeterminerTest"
                name="DeviceCompatibilityIsUnsupportedDeviceTypeTest (AntaresModular,True,False) row 1"
                time="0.0009414"/>
      <testcase classname="Philips.PMP.Test.Auto.DeviceCompatibilityDeterminerTest"
                name="DeviceCompatibilityIsUnsupportedDeviceTypeTest (Junior,True,False) row 2"
                time="0.0008312"/>
      <testcase classname="Philips.PMP.Test.Auto.DeviceCompatibilityDeterminerTest"
                name="DeviceCompatibilityIsUnsupportedDeviceTypeTest (Dasher,True,False) row 3"
                time="0.0008289"/>
      <testcase classname="Philips.PMP.Test.Auto.DeviceCompatibilityDeterminerTest"
                name="DeviceCompatibilityIsUnsupportedDeviceTypeTest (AntaresLight,True,False) row 4"
                time="0.0008413"/>
      <testcase classname="Philips.PMP.Test.Auto.DeviceCompatibilityDeterminerTest"
                name="DeviceCompatibilityIsUnsupportedDeviceTypeTest (SrrHyperion,True,False) row 5"
                time="0.0007468"/>
      <testcase classname="Philips.PMP.Test.Auto.DeviceCompatibilityDeterminerTest"
                name="DeviceCompatibilityIsUnsupportedDeviceTypeTest (SrrTitan,True,False) row 6"
                time="0.0008906"/>
      <testcase classname="Philips.PMP.Test.Auto.DeviceCompatibilityDeterminerTest"
                name="DeviceCompatibilityIsUnsupportedDeviceTypeTest (SrrAtlas,True,False) row 7"
                time="0.0007718"/>
      <testcase classname="Philips.PMP.Test.Auto.DeviceCompatibilityDeterminerTest"
                name="DeviceCompatibilityIsUnsupportedDeviceTypeTest (Telesto,True,False) row 8"
                time="0.0007881"/>
      <testcase classname="Philips.PMP.Test.Auto.DeviceCompatibilityDeterminerTest"
                name="DeviceCompatibilityIsUnsupportedDeviceTypeTest (TelemCit,True,False) row 9"
                time="0.0008189"/>
      <testcase classname="Philips.PMP.Test.Auto.DeviceCompatibilityDeterminerTest"
                name="DeviceCompatibilityIsUnsupportedDeviceTypeTest (TelemCitSpo2,True,False) row 10"
                time="0.0007909"/>
      <testcase classname="Philips.PMP.Test.Auto.DeviceCompatibilityDeterminerTest"
                name="DeviceCompatibilityIsUnsupportedDeviceTypeTest (Mx850,False,False) row 11"
                time="0.0007672"/>
      <testcase classname="Philips.PMP.Test.Auto.DeviceCompatibilityDeterminerTest"
                name="DeviceCompatibilityIsUnsupportedDeviceTypeTest (Dasher,True,True) row 12"
                time="0.0007808"/>
      <testcase classname="Philips.PMP.Test.Auto.DeviceCompatibilityDeterminerTest"
                name="DeviceCompatibilityIsUnsupportedDeviceTypeTest (AntaresLight,False,True) row 13"
                time="0.0008152"/>
      <testcase classname="Philips.PMP.Test.Auto.DeviceCompatibilityDeterminerTest"
                name="DeviceCompatibilityIsUnsupportedDeviceTypeTest (Junior,False,True) row 14"
                time="0.0008614"/>
      <testcase classname="Philips.PMP.Test.Auto.W32TimeStatusTest"
                name="ParseDisabledServiceError"
                time="0.0005238"/>
      <testcase classname="Philips.PMP.Test.Auto.ExportLogsHelperTest"
                name="ExportLogsHelperVerifyDiagnosticDbSchemaTest"
                time="0.0137355"/>
      <testcase classname="Philips.PIC.WebBridge.Test.HubClientConnectionTest"
                name="HubConnectionMgrWillUpdatePatientForAConnectionId"
                time="0.0357766"/>
      <testcase classname="Philips.PMP.Test.Auto.BaxterPrismaxTest"
                name="ShouldSendAckTest"
                time="0.002252"/>
      <testcase classname="Philips.PMP.Test.Auto.NumericProviderTest"
                name="NumericProviderAperiodicStoreOutOfOrder"
                time="0.3886061"/>
      <testcase classname="Philips.PMP.Test.Auto.ConnectToServerControlTest"
                name="ConnectToServerControlUpdatesExternalCertificateAuthority (False,False) row 1"
                time="0.0440641"/>
      <testcase classname="Philips.PMP.Test.Auto.ConnectToServerControlTest"
                name="ConnectToServerControlUpdatesExternalCertificateAuthority (False,True) row 2"
                time="0.0332363"/>
      <testcase classname="Philips.PMP.Test.Auto.ConnectToServerControlTest"
                name="ConnectToServerControlUpdatesExternalCertificateAuthority (True,False) row 3"
                time="0.0395495"/>
      <testcase classname="Philips.PMP.Test.Auto.ConnectToServerControlTest"
                name="ConnectToServerControlUpdatesExternalCertificateAuthority (True,True) row 4"
                time="0.0323002"/>
      <testcase classname="Philips.PMP.Test.Auto.StitchTest"
                name="StitchEventEnumerationTest"
                time="0.0143142"/>
      <testcase classname="Philips.PMP.Test.Auto.DbOffloadProviderTest"
                name="RemoteSqlsettingUpdateTest"
                time="0.2529402"/>
      <testcase classname="Philips.PMP.Test.Auto.ControlServiceHelperTest"
                name="ControlServiceHelperQrsDetectionSettingTest"
                time="0.0127498"/>
      <testcase classname="Philips.CareEvent.Test.EventMonitorFilterTests"
                name="EventMonitorFilterOnNurseCallFromBed1"
                time="0.0303542"/>
      <testcase classname="Philips.PMP.Test.Auto.DynamicTopologySourceDataTest"
                name="RemoveInstitutionTest"
                time="0.2402609"/>
      <testcase classname="Philips.PMP.Test.Auto.IntelliBridgeLanDaTest"
                name="IntelliBridgeIheDriverName"
                time="0.0063524"/>
      <testcase classname="Philips.PMP.Test.Auto.RepositoryTest"
                name="RepositoryDelayBeatLabelsTest"
                time="0.0007161"/>
      <testcase classname="Philips.PMP.Test.Auto.NotificationSettingProviderTest"
                name="ResetToFactoryDefaultTest"
                time="0.0841786"/>
      <testcase classname="Philips.PMP.Test.Auto.DataTileHelperTest"
                name="DataTileHelperUpdateGainTest"
                time="0.006977"/>
      <testcase classname="Philips.PMP.Test.Auto.EventLogShutdownAnalyzerTest"
                name="AnalyzerDefaultsToSystemEventLog"
                time="0.0023669"/>
      <testcase classname="Philips.PMP.Test.Auto.PatientDataExportTest"
                name="AperiodicEnumerationsSendOnChangeTest"
                time="0.0061287"/>
      <testcase classname="Philips.PMP.Test.Auto.EfficiaInstrumentTest"
                name="EfficiaInstrumentGasN2oUomIsParsed (Mac,DIMLESS) row 1"
                time="0.0025168"/>
      <testcase classname="Philips.PMP.Test.Auto.EfficiaInstrumentTest"
                name="EfficiaInstrumentGasN2oUomIsParsed (Percent,PERCENT) row 2"
                time="0.001728"/>
      <testcase classname="Philips.PMP.Test.Auto.EfficiaInstrumentTest"
                name="EfficiaInstrumentGasN2oUomIsParsed (Invalid,PERCENT) row 3"
                time="0.0016822"/>
      <testcase classname="Philips.PMP.Test.Auto.Ecg12LeadExportFormCheckerTest"
                name="Ecg12LeadExportFormCheckerShouldAllowSave (NotExported,False) row 1"
                time="0.0841676"/>
      <testcase classname="Philips.PMP.Test.Auto.Ecg12LeadExportFormCheckerTest"
                name="Ecg12LeadExportFormCheckerShouldAllowSave (NotExported,True) row 2"
                time="0.0082188"/>
      <testcase classname="Philips.PMP.Test.Auto.Ecg12LeadExportFormCheckerTest"
                name="Ecg12LeadExportFormCheckerShouldAllowSave (Exported,False) row 3"
                time="0.0108585"/>
      <testcase classname="Philips.PMP.Test.Auto.RepositoryDropoutCounterTest"
                name="RepositoryDropoutCounterWontThrowOverflowExceptionIfTimeGoesBackwards"
                time="0.0004227"/>
      <testcase classname="Philips.IX.UserManagement.Test.UserAuthenticationSessionFactoryTest"
                name="UserManagementActionDataFactoryCreatePasswordNoAd"
                time="0.0078476"/>
      <testcase classname="Philips.PMP.Test.Auto.PhysioDataServiceTest"
                name="MetricRepositoryRetainSpotCheckTest (False,-2,150020) row 1"
                time="0.0012357"/>
      <testcase classname="Philips.PMP.Test.Auto.PhysioDataServiceTest"
                name="MetricRepositoryRetainSpotCheckTest (True,-2,150020) row 2"
                time="0.0010083"/>
      <testcase classname="Philips.PMP.Test.Auto.PhysioDataServiceTest"
                name="MetricRepositoryRetainSpotCheckTest (True,-5,150020) row 3"
                time="0.0010251"/>
      <testcase classname="Philips.PMP.Test.Auto.PhysioDataServiceTest"
                name="MetricRepositoryRetainSpotCheckTest (False,-2,194954) row 4"
                time="0.000487"/>
      <testcase classname="Philips.PMP.Test.Auto.PhysioDataServiceTest"
                name="MetricRepositoryRetainSpotCheckTest (True,-2,194954) row 5"
                time="0.0009563"/>
      <testcase classname="Philips.PMP.Test.Auto.PhysioDataServiceTest"
                name="MetricRepositoryRetainSpotCheckTest (True,-5,194954) row 6"
                time="0.0010779"/>
      <testcase classname="Philips.PMP.Test.Auto.AuthenticatableUserPasswordUpdaterTest"
                name="PasswordUpdaterCanValidatePasswordProperties (a!Bc#d12rw40e9-3sf,True,True) row 1"
                time="0.0386571"/>
      <testcase classname="Philips.PMP.Test.Auto.AuthenticatableUserPasswordUpdaterTest"
                name="PasswordUpdaterCanValidatePasswordProperties (a!Bc#d12,False,True) row 2"
                time="0.0077768"/>
      <testcase classname="Philips.PMP.Test.Auto.AuthenticatableUserPasswordUpdaterTest"
                name="PasswordUpdaterCanValidatePasswordProperties (password123,True,False) row 3"
                time="0.0206338"/>
      <testcase classname="Philips.PMP.Test.Auto.AuthenticatableUserPasswordUpdaterTest"
                name="PasswordUpdaterCanValidatePasswordProperties (password,False,False) row 4"
                time="0.014511"/>
      <testcase classname="Philips.PMP.Test.Auto.SolutionSettingsTest"
                name="SolutionSettingsAllProjectsCommonReferences (Microsoft.Build.Evaluation.Project) row 1"
                time="0.0045169"/>
      <testcase classname="Philips.PMP.Test.Auto.SolutionSettingsTest"
                name="SolutionSettingsAllProjectsCommonReferences (Microsoft.Build.Evaluation.Project) row 2"
                time="0.0006424"/>
      <testcase classname="Philips.PMP.Test.Auto.SolutionSettingsTest"
                name="SolutionSettingsAllProjectsCommonReferences (Microsoft.Build.Evaluation.Project) row 3"
                time="0.0005778"/>
      <testcase classname="Philips.PMP.Test.Auto.SolutionSettingsTest"
                name="SolutionSettingsAllProjectsCommonReferences (Microsoft.Build.Evaluation.Project) row 4"
                time="0.0006983"/>
      <testcase classname="Philips.PMP.Test.Auto.SolutionSettingsTest"
                name="SolutionSettingsAllProjectsCommonReferences (Microsoft.Build.Evaluation.Project) row 5"
                time="0.0006115"/>
      <testcase classname="Philips.PMP.Test.Auto.SolutionSettingsTest"
                name="SolutionSettingsAllProjectsCommonReferences (Microsoft.Build.Evaluation.Project) row 6"
                time="0.0005393"/>
      <testcase classname="Philips.PMP.Test.Auto.SolutionSettingsTest"
                name="SolutionSettingsAllProjectsCommonReferences (Microsoft.Build.Evaluation.Project) row 7"
                time="0.0005564"/>
      <testcase classname="Philips.PMP.Test.Auto.SolutionSettingsTest"
                name="SolutionSettingsAllProjectsCommonReferences (Microsoft.Build.Evaluation.Project) row 8"
                time="0.0010813"/>
      <testcase classname="Philips.PMP.Test.Auto.SolutionSettingsTest"
                name="SolutionSettingsAllProjectsCommonReferences (Microsoft.Build.Evaluation.Project) row 9"
                time="0.0006981"/>
      <testcase classname="Philips.PMP.Test.Auto.SolutionSettingsTest"
                name="SolutionSettingsAllProjectsCommonReferences (Microsoft.Build.Evaluation.Project) row 10"
                time="0.0010272"/>
      <testcase classname="Philips.PMP.Test.Auto.SolutionSettingsTest"
                name="SolutionSettingsAllProjectsCommonReferences (Microsoft.Build.Evaluation.Project) row 11"
                time="0.0005773"/>
      <testcase classname="Philips.PMP.Test.Auto.SolutionSettingsTest"
                name="SolutionSettingsAllProjectsCommonReferences (Microsoft.Build.Evaluation.Project) row 12"
                time="0.0004968"/>
      <testcase classname="Philips.PMP.Test.Auto.SolutionSettingsTest"
                name="SolutionSettingsAllProjectsCommonReferences (Microsoft.Build.Evaluation.Project) row 13"
                time="0.0006269"/>
      <testcase classname="Philips.PMP.Test.Auto.SolutionSettingsTest"
                name="SolutionSettingsAllProjectsCommonReferences (Microsoft.Build.Evaluation.Project) row 14"
                time="0.0005935"/>
      <testcase classname="Philips.PMP.Test.Auto.SolutionSettingsTest"
                name="SolutionSettingsAllProjectsCommonReferences (Microsoft.Build.Evaluation.Project) row 15"
                time="0.0007259"/>
      <testcase classname="Philips.PMP.Test.Auto.SolutionSettingsTest"
                name="SolutionSettingsAllProjectsCommonReferences (Microsoft.Build.Evaluation.Project) row 16"
                time="0.0005026"/>
      <testcase classname="Philips.PMP.Test.Auto.SolutionSettingsTest"
                name="SolutionSettingsAllProjectsCommonReferences (Microsoft.Build.Evaluation.Project) row 17"
                time="0.0005589"/>
      <testcase classname="Philips.PMP.Test.Auto.SolutionSettingsTest"
                name="SolutionSettingsAllProjectsCommonReferences (Microsoft.Build.Evaluation.Project) row 18"
                time="0.0005038"/>
      <testcase classname="Philips.PMP.Test.Auto.SolutionSettingsTest"
                name="SolutionSettingsAllProjectsCommonReferences (Microsoft.Build.Evaluation.Project) row 19"
                time="0.0005704"/>
      <testcase classname="Philips.PMP.Test.Auto.SolutionSettingsTest"
                name="SolutionSettingsAllProjectsCommonReferences (Microsoft.Build.Evaluation.Project) row 20"
                time="0.0006158"/>
      <testcase classname="Philips.PMP.Test.Auto.SolutionSettingsTest"
                name="SolutionSettingsAllProjectsCommonReferences (Microsoft.Build.Evaluation.Project) row 21"
                time="0.0004344"/>
      <testcase classname="Philips.PMP.Test.Auto.SolutionSettingsTest"
                name="SolutionSettingsAllProjectsCommonReferences (Microsoft.Build.Evaluation.Project) row 22"
                time="0.0006615"/>
      <testcase classname="Philips.PMP.Test.Auto.SolutionSettingsTest"
                name="SolutionSettingsAllProjectsCommonReferences (Microsoft.Build.Evaluation.Project) row 23"
                time="0.0005787"/>
      <testcase classname="Philips.PMP.Test.Auto.SolutionSettingsTest"
                name="SolutionSettingsAllProjectsCommonReferences (Microsoft.Build.Evaluation.Project) row 24"
                time="0.000539"/>
      <testcase classname="Philips.PMP.Test.Auto.SolutionSettingsTest"
                name="SolutionSettingsAllProjectsCommonReferences (Microsoft.Build.Evaluation.Project) row 25"
                time="0.0005185"/>
      <testcase classname="Philips.PMP.Test.Auto.SolutionSettingsTest"
                name="SolutionSettingsAllProjectsCommonReferences (Microsoft.Build.Evaluation.Project) row 26"
                time="0.0005182"/>
      <testcase classname="Philips.PMP.Test.Auto.SolutionSettingsTest"
                name="SolutionSettingsAllProjectsCommonReferences (Microsoft.Build.Evaluation.Project) row 27"
                time="0.0004044"/>
      <testcase classname="Philips.PMP.Test.Auto.SolutionSettingsTest"
                name="SolutionSettingsAllProjectsCommonReferences (Microsoft.Build.Evaluation.Project) row 28"
                time="0.0006271"/>
      <testcase classname="Philips.PMP.Test.Auto.SolutionSettingsTest"
                name="SolutionSettingsAllProjectsCommonReferences (Microsoft.Build.Evaluation.Project) row 29"
                time="0.0004228"/>
      <testcase classname="Philips.PMP.Test.Auto.SolutionSettingsTest"
                name="SolutionSettingsAllProjectsCommonReferences (Microsoft.Build.Evaluation.Project) row 30"
                time="0.0009256"/>
      <testcase classname="Philips.PMP.Test.Auto.SolutionSettingsTest"
                name="SolutionSettingsAllProjectsCommonReferences (Microsoft.Build.Evaluation.Project) row 31"
                time="0.0004802"/>
      <testcase classname="Philips.PMP.Test.Auto.SolutionSettingsTest"
                name="SolutionSettingsAllProjectsCommonReferences (Microsoft.Build.Evaluation.Project) row 32"
                time="0.0006069"/>
      <testcase classname="Philips.PMP.Test.Auto.SolutionSettingsTest"
                name="SolutionSettingsAllProjectsCommonReferences (Microsoft.Build.Evaluation.Project) row 33"
                time="0.0006134"/>
      <testcase classname="Philips.PMP.Test.Auto.SolutionSettingsTest"
                name="SolutionSettingsAllProjectsCommonReferences (Microsoft.Build.Evaluation.Project) row 34"
                time="0.0009444"/>
      <testcase classname="Philips.PMP.Test.Auto.SolutionSettingsTest"
                name="SolutionSettingsAllProjectsCommonReferences (Microsoft.Build.Evaluation.Project) row 35"
                time="0.0005707"/>
      <testcase classname="Philips.PMP.Test.Auto.SolutionSettingsTest"
                name="SolutionSettingsAllProjectsCommonReferences (Microsoft.Build.Evaluation.Project) row 36"
                time="0.0005581"/>
      <testcase classname="Philips.PMP.Test.Auto.SolutionSettingsTest"
                name="SolutionSettingsAllProjectsCommonReferences (Microsoft.Build.Evaluation.Project) row 37"
                time="0.0004991"/>
      <testcase classname="Philips.PMP.Test.Auto.SolutionSettingsTest"
                name="SolutionSettingsAllProjectsCommonReferences (Microsoft.Build.Evaluation.Project) row 38"
                time="0.0005083"/>
      <testcase classname="Philips.PMP.Test.Auto.SolutionSettingsTest"
                name="SolutionSettingsAllProjectsCommonReferences (Microsoft.Build.Evaluation.Project) row 39"
                time="0.0004956"/>
      <testcase classname="Philips.PMP.Test.Auto.SolutionSettingsTest"
                name="SolutionSettingsAllProjectsCommonReferences (Microsoft.Build.Evaluation.Project) row 40"
                time="0.000509"/>
      <testcase classname="Philips.PMP.Test.Auto.SolutionSettingsTest"
                name="SolutionSettingsAllProjectsCommonReferences (Microsoft.Build.Evaluation.Project) row 41"
                time="0.0005078"/>
      <testcase classname="Philips.PMP.Test.Auto.SolutionSettingsTest"
                name="SolutionSettingsAllProjectsCommonReferences (Microsoft.Build.Evaluation.Project) row 42"
                time="0.0005154"/>
      <testcase classname="Philips.PMP.Test.Auto.SolutionSettingsTest"
                name="SolutionSettingsAllProjectsCommonReferences (Microsoft.Build.Evaluation.Project) row 43"
                time="0.0005026"/>
      <testcase classname="Philips.PMP.Test.Auto.SolutionSettingsTest"
                name="SolutionSettingsAllProjectsCommonReferences (Microsoft.Build.Evaluation.Project) row 44"
                time="0.0005801"/>
      <testcase classname="Philips.PMP.Test.Auto.SolutionSettingsTest"
                name="SolutionSettingsAllProjectsCommonReferences (Microsoft.Build.Evaluation.Project) row 45"
                time="0.0005559"/>
      <testcase classname="Philips.PMP.Test.Auto.SolutionSettingsTest"
                name="SolutionSettingsAllProjectsCommonReferences (Microsoft.Build.Evaluation.Project) row 46"
                time="0.0006361"/>
      <testcase classname="Philips.PMP.Test.Auto.SolutionSettingsTest"
                name="SolutionSettingsAllProjectsCommonReferences (Microsoft.Build.Evaluation.Project) row 47"
                time="0.0005201"/>
      <testcase classname="Philips.PMP.Test.Auto.SolutionSettingsTest"
                name="SolutionSettingsAllProjectsCommonReferences (Microsoft.Build.Evaluation.Project) row 48"
                time="0.0005516"/>
      <testcase classname="Philips.PMP.Test.Auto.SolutionSettingsTest"
                name="SolutionSettingsAllProjectsCommonReferences (Microsoft.Build.Evaluation.Project) row 49"
                time="0.0005043"/>
      <testcase classname="Philips.PMP.Test.Auto.SolutionSettingsTest"
                name="SolutionSettingsAllProjectsCommonReferences (Microsoft.Build.Evaluation.Project) row 50"
                time="0.0004982"/>
      <testcase classname="Philips.PMP.Test.Auto.SolutionSettingsTest"
                name="SolutionSettingsAllProjectsCommonReferences (Microsoft.Build.Evaluation.Project) row 51"
                time="0.0005804"/>
      <testcase classname="Philips.PMP.Test.Auto.SolutionSettingsTest"
                name="SolutionSettingsAllProjectsCommonReferences (Microsoft.Build.Evaluation.Project) row 52"
                time="0.0005498"/>
      <testcase classname="Philips.PMP.Test.Auto.SolutionSettingsTest"
                name="SolutionSettingsAllProjectsCommonReferences (Microsoft.Build.Evaluation.Project) row 53"
                time="0.0005165"/>
      <testcase classname="Philips.PMP.Test.Auto.SolutionSettingsTest"
                name="SolutionSettingsAllProjectsCommonReferences (Microsoft.Build.Evaluation.Project) row 54"
                time="0.000519"/>
      <testcase classname="Philips.PMP.Test.Auto.SolutionSettingsTest"
                name="SolutionSettingsAllProjectsCommonReferences (Microsoft.Build.Evaluation.Project) row 55"
                time="0.0004761"/>
      <testcase classname="Philips.PMP.Test.Auto.SolutionSettingsTest"
                name="SolutionSettingsAllProjectsCommonReferences (Microsoft.Build.Evaluation.Project) row 56"
                time="0.0004893"/>
      <testcase classname="Philips.PMP.Test.Auto.SolutionSettingsTest"
                name="SolutionSettingsAllProjectsCommonReferences (Microsoft.Build.Evaluation.Project) row 57"
                time="0.0004918"/>
      <testcase classname="Philips.PMP.Test.Auto.SolutionSettingsTest"
                name="SolutionSettingsAllProjectsCommonReferences (Microsoft.Build.Evaluation.Project) row 58"
                time="0.0005159"/>
      <testcase classname="Philips.PMP.Test.Auto.SolutionSettingsTest"
                name="SolutionSettingsAllProjectsCommonReferences (Microsoft.Build.Evaluation.Project) row 59"
                time="0.0005179"/>
      <testcase classname="Philips.PMP.Test.Auto.SolutionSettingsTest"
                name="SolutionSettingsAllProjectsCommonReferences (Microsoft.Build.Evaluation.Project) row 60"
                time="0.0005663"/>
      <testcase classname="Philips.PMP.Test.Auto.SolutionSettingsTest"
                name="SolutionSettingsAllProjectsCommonReferences (Microsoft.Build.Evaluation.Project) row 61"
                time="0.0005062"/>
      <testcase classname="Philips.PMP.Test.Auto.SolutionSettingsTest"
                name="SolutionSettingsAllProjectsCommonReferences (Microsoft.Build.Evaluation.Project) row 62"
                time="0.000532"/>
      <testcase classname="Philips.PMP.Test.Auto.SolutionSettingsTest"
                name="SolutionSettingsAllProjectsCommonReferences (Microsoft.Build.Evaluation.Project) row 63"
                time="0.0004681"/>
      <testcase classname="Philips.PMP.Test.Auto.SolutionSettingsTest"
                name="SolutionSettingsAllProjectsCommonReferences (Microsoft.Build.Evaluation.Project) row 64"
                time="0.0003935"/>
      <testcase classname="Philips.PMP.Test.Auto.SolutionSettingsTest"
                name="SolutionSettingsAllProjectsCommonReferences (Microsoft.Build.Evaluation.Project) row 65"
                time="0.0005132"/>
      <testcase classname="Philips.PMP.Test.Auto.SolutionSettingsTest"
                name="SolutionSettingsAllProjectsCommonReferences (Microsoft.Build.Evaluation.Project) row 66"
                time="0.0004827"/>
      <testcase classname="Philips.PMP.Test.Auto.SolutionSettingsTest"
                name="SolutionSettingsAllProjectsCommonReferences (Microsoft.Build.Evaluation.Project) row 67"
                time="0.0004777"/>
      <testcase classname="Philips.PMP.Test.Auto.SolutionSettingsTest"
                name="SolutionSettingsAllProjectsCommonReferences (Microsoft.Build.Evaluation.Project) row 68"
                time="0.0011685"/>
      <testcase classname="Philips.PMP.Test.Auto.SolutionSettingsTest"
                name="SolutionSettingsAllProjectsCommonReferences (Microsoft.Build.Evaluation.Project) row 69"
                time="0.0005438"/>
      <testcase classname="Philips.PMP.Test.Auto.SolutionSettingsTest"
                name="SolutionSettingsAllProjectsCommonReferences (Microsoft.Build.Evaluation.Project) row 70"
                time="0.0005318"/>
      <testcase classname="Philips.PMP.Test.Auto.SolutionSettingsTest"
                name="SolutionSettingsAllProjectsCommonReferences (Microsoft.Build.Evaluation.Project) row 71"
                time="0.0005749"/>
      <testcase classname="Philips.PMP.Test.Auto.SolutionSettingsTest"
                name="SolutionSettingsAllProjectsCommonReferences (Microsoft.Build.Evaluation.Project) row 72"
                time="0.0007975"/>
      <testcase classname="Philips.PMP.Test.Auto.SolutionSettingsTest"
                name="SolutionSettingsAllProjectsCommonReferences (Microsoft.Build.Evaluation.Project) row 73"
                time="0.0005044"/>
      <testcase classname="Philips.PMP.Test.Auto.SolutionSettingsTest"
                name="SolutionSettingsAllProjectsCommonReferences (Microsoft.Build.Evaluation.Project) row 74"
                time="0.0005076"/>
      <testcase classname="Philips.PMP.Test.Auto.SolutionSettingsTest"
                name="SolutionSettingsAllProjectsCommonReferences (Microsoft.Build.Evaluation.Project) row 75"
                time="0.0004849"/>
      <testcase classname="Philips.PMP.Test.Auto.SolutionSettingsTest"
                name="SolutionSettingsAllProjectsCommonReferences (Microsoft.Build.Evaluation.Project) row 76"
                time="0.0005047"/>
      <testcase classname="Philips.PMP.Test.Auto.SolutionSettingsTest"
                name="SolutionSettingsAllProjectsCommonReferences (Microsoft.Build.Evaluation.Project) row 77"
                time="0.0005076"/>
      <testcase classname="Philips.PMP.Test.Auto.SolutionSettingsTest"
                name="SolutionSettingsAllProjectsCommonReferences (Microsoft.Build.Evaluation.Project) row 78"
                time="0.000499"/>
      <testcase classname="Philips.PMP.Test.Auto.SolutionSettingsTest"
                name="SolutionSettingsAllProjectsCommonReferences (Microsoft.Build.Evaluation.Project) row 79"
                time="0.0004983"/>
      <testcase classname="Philips.PMP.Test.Auto.SolutionSettingsTest"
                name="SolutionSettingsAllProjectsCommonReferences (Microsoft.Build.Evaluation.Project) row 80"
                time="0.0005016"/>
      <testcase classname="Philips.PMP.Test.Auto.SolutionSettingsTest"
                name="SolutionSettingsAllProjectsCommonReferences (Microsoft.Build.Evaluation.Project) row 81"
                time="0.0017923"/>
      <testcase classname="Philips.PMP.Test.Auto.SolutionSettingsTest"
                name="SolutionSettingsAllProjectsCommonReferences (Microsoft.Build.Evaluation.Project) row 82"
                time="0.0024489"/>
      <testcase classname="Philips.PMP.Test.Auto.SolutionSettingsTest"
                name="SolutionSettingsAllProjectsCommonReferences (Microsoft.Build.Evaluation.Project) row 83"
                time="0.0005712"/>
      <testcase classname="Philips.PMP.Test.Auto.SolutionSettingsTest"
                name="SolutionSettingsAllProjectsCommonReferences (Microsoft.Build.Evaluation.Project) row 84"
                time="0.0005505"/>
      <testcase classname="Philips.PMP.Test.Auto.SolutionSettingsTest"
                name="SolutionSettingsAllProjectsCommonReferences (Microsoft.Build.Evaluation.Project) row 85"
                time="0.0005347"/>
      <testcase classname="Philips.PMP.Test.Auto.SolutionSettingsTest"
                name="SolutionSettingsAllProjectsCommonReferences (Microsoft.Build.Evaluation.Project) row 86"
                time="0.0008304"/>
      <testcase classname="Philips.PMP.Test.Auto.SolutionSettingsTest"
                name="SolutionSettingsAllProjectsCommonReferences (Microsoft.Build.Evaluation.Project) row 87"
                time="0.0005254"/>
      <testcase classname="Philips.PMP.Test.Auto.SolutionSettingsTest"
                name="SolutionSettingsAllProjectsCommonReferences (Microsoft.Build.Evaluation.Project) row 88"
                time="0.0005202"/>
      <testcase classname="Philips.PMP.Test.Auto.SolutionSettingsTest"
                name="SolutionSettingsAllProjectsCommonReferences (Microsoft.Build.Evaluation.Project) row 89"
                time="0.0005087"/>
      <testcase classname="Philips.PMP.Test.Auto.SolutionSettingsTest"
                name="SolutionSettingsAllProjectsCommonReferences (Microsoft.Build.Evaluation.Project) row 90"
                time="0.0005114"/>
      <testcase classname="Philips.PMP.Test.Auto.SolutionSettingsTest"
                name="SolutionSettingsAllProjectsCommonReferences (Microsoft.Build.Evaluation.Project) row 91"
                time="0.0005043"/>
      <testcase classname="Philips.PMP.Test.Auto.SolutionSettingsTest"
                name="SolutionSettingsAllProjectsCommonReferences (Microsoft.Build.Evaluation.Project) row 92"
                time="0.0005062"/>
      <testcase classname="Philips.PMP.Test.Auto.SolutionSettingsTest"
                name="SolutionSettingsAllProjectsCommonReferences (Microsoft.Build.Evaluation.Project) row 93"
                time="0.0005124"/>
      <testcase classname="Philips.PMP.Test.Auto.SolutionSettingsTest"
                name="SolutionSettingsAllProjectsCommonReferences (Microsoft.Build.Evaluation.Project) row 94"
                time="0.0005647"/>
      <testcase classname="Philips.PMP.Test.Auto.SolutionSettingsTest"
                name="SolutionSettingsAllProjectsCommonReferences (Microsoft.Build.Evaluation.Project) row 95"
                time="0.0005274"/>
      <testcase classname="Philips.PMP.Test.Auto.BBraunStateMachineTest"
                name="StateAdminAliveSendTest"
                time="0.0076351"/>
      <testcase classname="Philips.PMP.Test.Auto.MobileAcknowledgeAlarmValidatorTest"
                name="AckAlarmRequestIsValidWithNoAccessToRedAlarmTest"
                time="0.0069587"/>
      <testcase classname="Philips.PMP.LicenseService.Test.EnterpriseFeatureMapTest"
                name="IsDeveloperEnterpriseFeatureTest (NonDedicated,True) row 1"
                time="0.0008058"/>
      <testcase classname="Philips.PMP.LicenseService.Test.EnterpriseFeatureMapTest"
                name="IsDeveloperEnterpriseFeatureTest (Developer,True) row 2"
                time="0.0003724"/>
      <testcase classname="Philips.PMP.LicenseService.Test.EnterpriseFeatureMapTest"
                name="IsDeveloperEnterpriseFeatureTest (ACL,False) row 3"
                time="0.0003787"/>
      <testcase classname="Philips.PMP.LicenseService.Test.EnterpriseFeatureMapTest"
                name="IsDeveloperEnterpriseFeatureTest (C14,False) row 4"
                time="0.0003065"/>
      <testcase classname="Philips.PMP.Test.Auto.RepositoryWaveTest"
                name="WaveRepositoryAllowsFillingGapWithGapsOnBothEndsTest"
                time="0.0013728"/>
      <testcase classname="Philips.PMP.Test.Auto.ClockFileHelperTest"
                name="ClockFileHelperRowsAreOffsetWithMultipleWaves"
                time="0.0005073"/>
      <testcase classname="Philips.PMP.Test.Auto.MulticastZoneControlTest"
                name="OnZonesContextMenuOpeningTest (,,False,True) row 1"
                time="0.0317014"/>
      <testcase classname="Philips.PMP.Test.Auto.MulticastZoneControlTest"
                name="OnZonesContextMenuOpeningTest (Unit1,Host11,False,False) row 2"
                time="0.0488163"/>
      <testcase classname="Philips.PMP.Test.Auto.MulticastZoneControlTest"
                name="OnZonesContextMenuOpeningTest (Unit1,,False,False) row 3"
                time="0.0305571"/>
      <testcase classname="Philips.PMP.Test.Auto.MulticastZoneControlTest"
                name="OnZonesContextMenuOpeningTest (Multicast Zone2,,False,False) row 4"
                time="0.3393869"/>
      <testcase classname="Philips.PMP.Test.Auto.MulticastZoneControlTest"
                name="OnZonesContextMenuOpeningTest (My institution,,False,True) row 5"
                time="0.0338008"/>
      <testcase classname="Philips.PMP.Test.Auto.MulticastZoneControlTest"
                name="OnZonesContextMenuOpeningTest (Unit4,,True,True) row 6"
                time="0.0379342"/>
      <testcase classname="Philips.PMP.Test.Auto.AlertSoundsQualifierTest"
                name="AlertSoundsQualifierVerifyMasterMutedShould"
                time="0.0006337"/>
      <testcase classname="Philips.PMP.Test.Auto.SectorLayoutTest"
                name="SectorNumericMinimumSizesWithNoWavesTest"
                time="0.1357179"/>
      <testcase classname="Philips.PMP.Test.Auto.DynamicAttributeTest"
                name="DynamicAttributeBufferRemovesOldTest"
                time="0.0181846"/>
      <testcase classname="Philips.PMP.Test.Auto.TopologyHelperTest"
                name="TopologyHelperIsThisALinkUnitTest (False,True,True,False) row 1"
                time="0.0029546"/>
      <testcase classname="Philips.PMP.Test.Auto.TopologyHelperTest"
                name="TopologyHelperIsThisALinkUnitTest (True,False,True,True) row 2"
                time="0.0017124"/>
      <testcase classname="Philips.PMP.Test.Auto.TopologyHelperTest"
                name="TopologyHelperIsThisALinkUnitTest (True,False,True,False) row 3"
                time="0.0012243"/>
      <testcase classname="Philips.PMP.Test.Auto.TopologyHelperTest"
                name="TopologyHelperIsThisALinkUnitTest (True,True,True,False) row 4"
                time="0.001212"/>
      <testcase classname="Philips.PMP.Test.Auto.TopologyHelperTest"
                name="TopologyHelperIsThisALinkUnitTest (True,False,False,False) row 5"
                time="0.0012342"/>
      <testcase classname="Philips.PMP.Test.Auto.TopologyHelperTest"
                name="TopologyHelperIsThisALinkUnitTest (False,False,True,False) row 6"
                time="0.0012297"/>
      <testcase classname="Philips.PMP.Test.Auto.EventCatalogProviderTest"
                name="GetEventCatagoryTest (PRESS_BLD_ART_PULM,WAVE_OSCIL_ABSENT,2147681284,Cyan,Patient,FAE33DDE-C7A9-4FB3-994C-AAADD4FEDEB1) row 1"
                time="0.1201037"/>
      <testcase classname="Philips.PMP.Test.Auto.EventCatalogProviderTest"
                name="GetEventCatagoryTest (65535,65535,4294967295,Cyan,Technical,DC3C632C-A0BD-4542-BC8E-42A4410FA5F8) row 2"
                time="0.1053949"/>
      <testcase classname="Philips.PMP.Test.Auto.EventCatalogProviderTest"
                name="GetEventCatagoryTest (65535,65535,4294967295,Yellow,Technical,750E9762-E3E0-42F6-B082-C02AB5A92268) row 3"
                time="0.1003455"/>
      <testcase classname="Philips.PMP.Test.Auto.EventCatalogProviderTest"
                name="GetEventCatagoryTest (65535,65535,4294967295,Red,Technical,B3E89798-1DA6-4D8E-954C-4FDBB8AD6D65) row 4"
                time="0.1088964"/>
      <testcase classname="Philips.PMP.Test.Auto.EventCatalogProviderTest"
                name="GetEventCatagoryTest (65535,65535,4294967295,ShortYellow,Patient,05192A1D-4586-4C84-843E-444B12527AEF) row 5"
                time="0.0995521"/>
      <testcase classname="Philips.PMP.Test.Auto.EventCatalogProviderTest"
                name="GetEventCatagoryTest (65535,65535,4294967295,Yellow,Patient,05192A1D-4586-4C84-843E-444B12527AEF) row 6"
                time="0.0940997"/>
      <testcase classname="Philips.PMP.Test.Auto.EventCatalogProviderTest"
                name="GetEventCatagoryTest (65535,65535,4294967295,Red,Patient,EFA5EBB3-B1CA-414E-AE62-E153A9BE391C) row 7"
                time="0.1038008"/>
      <testcase classname="Philips.PMP.Test.Auto.EventCatalogProviderTest"
                name="GetEventCatagoryTest (ECG_CARD_BEAT_RATE,HI,196648,Yellow,Patient,1390CF09-034E-47EE-AF3A-B646A3477641) row 8"
                time="0.0954312"/>
      <testcase classname="Philips.PMP.Test.Auto.EventCatalogProviderTest"
                name="GetEventCatagoryTest (MOC_BATT,195,2155152614,Cyan,Technical,DF0362D5-93F4-4898-B2C4-13C2B7E1885A) row 9"
                time="0.3312587"/>
      <testcase classname="Philips.PMP.Test.Auto.Hl7MessageSenderTest"
                name="Hl7SendMessageIsStoppingTest"
                time="0.0087488"/>
      <testcase classname="Philips.PMP.Test.Auto.HL7ConnectionPropertyControlTest"
                name="ShouldSendAlarmsTest (Numerics,False) row 1"
                time="0.024491"/>
      <testcase classname="Philips.PMP.Test.Auto.HL7ConnectionPropertyControlTest"
                name="ShouldSendAlarmsTest (Alarms,True) row 2"
                time="0.0274798"/>
      <testcase classname="Philips.PMP.Test.Auto.HL7ConnectionPropertyControlTest"
                name="ShouldSendAlarmsTest (Numerics and Alarms,True) row 3"
                time="0.0197985"/>
      <testcase classname="Philips.PMP.Test.Auto.DataValidationProviderTest"
                name="StoreSpotCheckValidations"
                time="0.0232478"/>
      <testcase classname="Philips.PMP.Test.Auto.ExtendedNumericLimitsTest"
                name="TryGetLowerValueTest"
                time="0.0061514"/>
      <testcase classname="Philips.PMP.Test.Auto.EcgDeriverTest"
                name="HexadLimbLeadsAreDerivableEvenIfChestLeadsAreNot"
                time="0.0028499"/>
      <testcase classname="Philips.PMP.Test.Auto.DynamicTopologySourceDataTest"
                name="GetRootItemsTest"
                time="0.2494237"/>
      <testcase classname="Philips.PMP.Test.Auto.UptimeTrackingAlertNotificationTest"
                name="AlertDispatcherStatusChangesAreTracked"
                time="0.0034582"/>
      <testcase classname="Philips.PIC.DataAcquisition.Test.MonitoringDeviceStatusMgrTest"
                name="MonitoringDeviceProcessStatusChangeTest (True,False,False,Unknown,Unknown,OpmodeUnspec,0) row 1"
                time="0.1206786"/>
      <testcase classname="Philips.PIC.DataAcquisition.Test.MonitoringDeviceStatusMgrTest"
                name="MonitoringDeviceProcessStatusChangeTest (False,False,False,Connected,Associated,Monitoring,1) row 2"
                time="0.0276856"/>
      <testcase classname="Philips.PIC.DataAcquisition.Test.MonitoringDeviceStatusMgrTest"
                name="MonitoringDeviceProcessStatusChangeTest (False,True,False,Connected,Managed,Demo,1) row 3"
                time="0.0017521"/>
      <testcase classname="Philips.PIC.DataAcquisition.Test.MonitoringDeviceStatusMgrTest"
                name="MonitoringDeviceProcessStatusChangeTest (False,True,False,Disconnected,Offline,Config,1) row 4"
                time="0.0015678"/>
      <testcase classname="Philips.PIC.DataAcquisition.Test.MonitoringDeviceStatusMgrTest"
                name="MonitoringDeviceProcessStatusChangeTest (True,False,True,DisconnectedFailure,Offline,OpmodeUnspec,1) row 5"
                time="0.001736"/>
      <testcase classname="Philips.PIC.DataAcquisition.Test.MonitoringDeviceStatusMgrTest"
                name="MonitoringDeviceProcessStatusChangeTest (True,True,True,DisconnectedFailure,Offline,OpmodeUnspec,1) row 6"
                time="0.0018731"/>
      <testcase classname="Philips.PMP.Test.Auto.EventReceiptResponseTest"
                name="ParseEventReceiptResponseWithPatientId"
                time="0.0008611"/>
      <testcase classname="Philips.PMP.Test.Auto.TopologyHelperTest"
                name="BedCallNumberAssignmentTest"
                time="0.9030497"/>
      <testcase classname="Philips.PMP.Test.Auto.PatientAssignmentHelperTest"
                name="GetPatPacedModeTest"
                time="0.0004936"/>
      <testcase classname="Philips.PMP.Test.Auto.PatientProviderTest"
                name="GetUnassignedDevicesAndBeds"
                time="0.3820828"/>
      <testcase classname="Philips.PMP.Test.Auto.WatchdogTest"
                name="WatchdogEnginePerformsCorrectRecoveryOption (RestartMe) row 1"
                time="0.2243134"/>
      <testcase classname="Philips.PMP.Test.Auto.WatchdogTest"
                name="WatchdogEnginePerformsCorrectRecoveryOption (RestartAll) row 2"
                time="0.0421914"/>
      <testcase classname="Philips.PMP.Test.Auto.ConnectToServerInstallMgrTest"
                name="OtherHostPrimarySoftwareUpdateFail2Test"
                time="0.007943"/>
      <testcase classname="Philips.PMP.Test.Auto.CiServiceTest"
                name="CiServiceDoesNotCrashOnTopologyChange"
                time="0.3820473"/>
      <testcase classname="Philips.PMP.Test.Auto.MedianCalculatorTest"
                name="MedianCalculatorTimeChangesTest"
                time="0.0072717"/>
      <testcase classname="Philips.PMP.Test.Auto.DynamicAttributesComparerTest"
                name="DynamicAttributeComparerNoPhysioDataChangeTest"
                time="0.0041903"/>
      <testcase classname="Philips.PMP.Test.Auto.RepositoryTest"
                name="ComplexMetricRepositoryDoesNotAgeNullMetrics"
                time="0.1872797"/>
      <testcase classname="Philips.PMP.Test.Auto.PhysioDataTimeOffsetProcessorTest"
                name="OffsetProcessorCanOffsetComplexMetric"
                time="0.0030781"/>
      <testcase classname="Philips.PMP.Test.Auto.TopologyHelperTest"
                name="HostSectorAssignmentTypeTest"
                time="0.9322394"/>
      <testcase classname="Philips.PMP.Test.Auto.NumericProviderTest"
                name="NumericProviderAperiodicTwoDAsOneValue"
                time="0.2969617"/>
      <testcase classname="Philips.PMP.Test.Auto.SystemPerformanceTest"
                name="PerformanceCounterLoadRunTimeInstanceCounters"
                time="0.0193755"/>
      <testcase classname="Philips.PMP.Test.Auto.PatientAssignmentHelperTest"
                name="GetPatientLocationDisplayStringTest"
                time="0.0004893"/>
      <testcase classname="Philips.PMP.Test.Auto.EventRolesHelperTest"
                name="ShouldDisplayNotificationTest (False,False,False) row 1"
                time="0.0052625"/>
      <testcase classname="Philips.PMP.Test.Auto.EventRolesHelperTest"
                name="ShouldDisplayNotificationTest (False,True,True) row 2"
                time="0.0017817"/>
      <testcase classname="Philips.PMP.Test.Auto.EventRolesHelperTest"
                name="ShouldDisplayNotificationTest (True,False,True) row 3"
                time="0.0016923"/>
      <testcase classname="Philips.PMP.Test.Auto.EventRolesHelperTest"
                name="ShouldDisplayNotificationTest (True,True,True) row 4"
                time="0.0021035"/>
      <testcase classname="Philips.PMP.Test.Auto.WaveAndNumericSorterTest"
                name="SortWithMaxValuesTest"
                time="0.0006488"/>
      <testcase classname="Philips.PMP.Test.Auto.UnassignedDeviceMgrTest"
                name="UnassignedDeviceUpdatePatientMgmtSettingsTest"
                time="0.3227087"/>
      <testcase classname="Philips.PMP.Test.Auto.WebPortalViewControllerTest"
                name="WebPortalViewControllerGetEnabledPortalItems"
                time="0.0051309"/>
      <testcase classname="Philips.PMP.Test.Auto.EventCatalogProviderTest"
                name="GetUnassignedEventsShouldNotReturnInValidSeverities"
                time="0.1217016"/>
      <testcase classname="Philips.PMP.Test.Auto.DataTileWebHelperTest"
                name="GetAlarmStripDataTest"
                time="1.2772917"/>
      <testcase classname="Philips.PMP.Test.Auto.MaintenanceModeTransitionMgrTest"
                name="MaintenanceModeTransitionMgrCanMoveHosts (True,Success,1,Success) row 1"
                time="0.0559375"/>
      <testcase classname="Philips.PMP.Test.Auto.MaintenanceModeTransitionMgrTest"
                name="MaintenanceModeTransitionMgrCanMoveHosts (True,Unknown,1,Unknown) row 2"
                time="0.027748"/>
      <testcase classname="Philips.PMP.Test.Auto.MaintenanceModeTransitionMgrTest"
                name="MaintenanceModeTransitionMgrCanMoveHosts (False,Success,0,Unknown) row 3"
                time="0.0016888"/>
      <testcase classname="Philips.PMP.Test.Auto.MaintenanceModeTransitionMgrTest"
                name="MaintenanceModeTransitionMgrCanMoveHosts (False,Unknown,0,Unknown) row 4"
                time="0.0017763"/>
      <testcase classname="Philips.PMP.Test.Auto.AppUserMgrTest"
                name="SwitchUserTest (True) row 1"
                time="0.0082661"/>
      <testcase classname="Philips.PMP.Test.Auto.AppUserMgrTest"
                name="SwitchUserTest (False) row 2"
                time="0.0012663"/>
      <testcase classname="Philips.PMP.Test.Auto.WorkflowMgrTest"
                name="StopEarlyWorkflowTest"
                time="0.0009952"/>
      <testcase classname="Philips.PMP.Test.Auto.DeviceControlProviderTest"
                name="MeasurementControlsAddProfileTest"
                time="0.3642153"/>
      <testcase classname="Philips.PMP.Test.Auto.DeviceControlHelperTest"
                name="DeviceControlHelperIsAlwaysStoredTest"
                time="0.0019048"/>
      <testcase classname="Philips.PMP.Test.Auto.CiProxyMgrTest"
                name="CiProxyMgrTryStartAssociationCallsOutOfZone (True,0) row 1"
                time="0.0044185"/>
      <testcase classname="Philips.PMP.Test.Auto.CiProxyMgrTest"
                name="CiProxyMgrTryStartAssociationCallsOutOfZone (False,1) row 2"
                time="0.0038974"/>
      <testcase classname="Philips.PMP.Test.Auto.SystemPerformanceTest"
                name="StoreValueConfigA"
                time="0.9084719"/>
      <testcase classname="Philips.PMP.Test.Auto.Hl7HelperTest"
                name="Hl7HelperGetPhysioIdWithPartitionTest (False,AWAY_RESP_RATE,151570) row 1"
                time="0.0010871"/>
      <testcase classname="Philips.PMP.Test.Auto.Hl7HelperTest"
                name="Hl7HelperGetPhysioIdWithPartitionTest (True,AWAY_RESP_RATE,67260434) row 2"
                time="0.0006218"/>
      <testcase classname="Philips.PMP.Test.Auto.LsaAccessServiceTest"
                name="LsaAccessServiceStartStop"
                time="0.0066096"/>
      <testcase classname="Philips.PMP.Test.Auto.BedSubscriberTest"
                name="BedSubscriberCanCacheComplexMetrics"
                time="0.0012429"/>
      <testcase classname="Philips.PMP.Test.Auto.EcgIpmFilterTest"
                name="EcgSignalFiltersAdultMonitorExt05HzTest"
                time="0.0045607"/>
      <testcase classname="Philips.PMP.Test.Auto.AlertNotificationDeviceControlTest"
                name="IsPhilipsXmlAlreadyConfiguredTest"
                time="0.0290499"/>
      <testcase classname="Philips.PIC.SharedAssignment.Test.SharedAssignmentDataConsistencyCheckerTests"
                name="BedRuleViolationFromInputData"
                time="0.0045272"/>
      <testcase classname="Philips.PMP.Test.Auto.SystemPerformanceTest"
                name="StoreInsertCategoryConfigA"
                time="0.7625432"/>
      <testcase classname="Philips.PMP.Test.Auto.PacedPulsesFileMgrTest"
                name="PdxPacedPulsesCorrectFileCount"
                time="0.0006477"/>
      <testcase classname="Philips.PMP.Test.Auto.CatalogHelperTest"
                name="FindUnsavedCategory"
                time="0.001887"/>
      <testcase classname="Philips.PMP.Test.Auto.PhysioDataDisplayHelperTest"
                name="PhysioDataDisplayHelperGetEnumerationValueStringFromString (enum_text_string_chosen,FreeText,3,FreeText) row 1"
                time="0.0005408"/>
      <testcase classname="Philips.PMP.Test.Auto.PhysioDataDisplayHelperTest"
                name="PhysioDataDisplayHelperGetEnumerationValueStringFromString (enum_text_string_val_chosen,FreeText,3,FreeText 3) row 2"
                time="0.0009239"/>
      <testcase classname="Philips.IX.UserManagement.Test.ProveIdWebApiServerSequencerTest"
                name="GetServersWithFailedNotTimedOut"
                time="0.063229"/>
      <testcase classname="Philips.PMP.Test.Auto.PatientManagedGatewayTest"
                name="PatientManagedGatewayReceiveSimpleAdtMessageTest"
                time="0.0436202"/>
      <testcase classname="Philips.PMP.Test.Auto.LinkedListTest"
                name="LinkedListRemoveTailOnEmptyList"
                time="0.0018533"/>
      <testcase classname="Philips.PMP.Test.Auto.IHEDriverConnectionSettingControlTest"
                name="ConnectionSettingControlOnSelectedIndexChangedTest (True) row 1"
                time="0.0302665"/>
      <testcase classname="Philips.PMP.Test.Auto.IHEDriverConnectionSettingControlTest"
                name="ConnectionSettingControlOnSelectedIndexChangedTest (False) row 2"
                time="0.0346081"/>
      <testcase classname="Philips.PMP.Test.Auto.EcgIpmFilterTest"
                name="EcgIpmNotch60FilterTest"
                time="0.0014523"/>
      <testcase classname="Philips.PMP.Test.Auto.PatientUnitCacheTest"
                name="PatientUnitCacheCanTransferPatient"
                time="0.0087925"/>
      <testcase classname="Philips.CareEvent.Test.MessageRecipientMgrTest"
                name="GetStandardDeviceAndUsersToSendMessageShouldNotReturnSenderTest"
                time="0.0050594"/>
      <testcase classname="Philips.PMP.Test.Auto.RepositoryTest"
                name="TimeRepositoryCurrentTimeInNotLastMapping"
                time="0.0011297"/>
      <testcase classname="Philips.PMP.Test.Auto.TrendUploadValueProcessorTest"
                name="TelemdilPathNumericsMarkedAperiodicTest"
                time="0.0020718"/>
      <testcase classname="Philips.PMP.Test.Auto.QuickReviewControlTest"
                name="QuickReviewControlDoNoPageSoftInopAlert"
                time="0.1230361"/>
      <testcase classname="Philips.PMP.Test.Auto.LogSettingProviderTest"
                name="StoreLogSettings"
                time="0.0253596"/>
      <testcase classname="Philips.PMP.Test.Auto.LicenseTest"
                name="LicenseGetSoftwareSerialNumber"
                time="0.000863"/>
      <testcase classname="Philips.PMP.Test.Auto.Hl7ConnectionTest"
                name="Hl7ConnectionSendTimeSyncTest (False,1) row 1"
                time="0.0822889"/>
      <testcase classname="Philips.PMP.Test.Auto.Hl7ConnectionTest"
                name="Hl7ConnectionSendTimeSyncTest (True,0) row 2"
                time="0.0052084"/>
      <testcase classname="Philips.PMP.Test.Auto.DynamicTopologySourceDataTest"
                name="RemoveClinicalUnitTest"
                time="0.241329"/>
      <testcase classname="Philips.CareEvent.Test.CareAssignmentOverviewRoleCheckerTest"
                name="ValidateUserSettingsRequest"
                time="0.0024829"/>
      <testcase classname="Philips.PMP.Test.Auto.EventCategorySettingsProviderTest"
                name="SetNotConfiguredRingtonShouldStoreSettingsSuccessfully"
                time="0.3882318"/>
      <testcase classname="Philips.PMP.Test.Auto.PrinterInstallationQualifierTest"
                name="PrinterInstalledQualifierShould"
                time="0.0161831"/>
      <testcase classname="Philips.PMP.Test.Auto.AlertFilterServiceTest"
                name="AlertFilterGetValueListTest (True,On,Off,On,Off,Off,Off,On) row 1"
                time="0.005716"/>
      <testcase classname="Philips.PMP.Test.Auto.AlertFilterServiceTest"
                name="AlertFilterGetValueListTest (True,Off,Off,On,Off,Off,Off,On) row 2"
                time="0.003129"/>
      <testcase classname="Philips.PMP.Test.Auto.AlertFilterServiceTest"
                name="AlertFilterGetValueListTest (True,Off,On,Off,On,On,On,Off) row 3"
                time="0.0074437"/>
      <testcase classname="Philips.PMP.Test.Auto.AlertFilterServiceTest"
                name="AlertFilterGetValueListTest (False,Off,On,Off,On,Off,On,Off) row 4"
                time="0.0019853"/>
      <testcase classname="Philips.PMP.Test.Auto.EntityLicenseTest"
                name="EntityLicenseAreAllLicensed"
                time="0.0007202"/>
      <testcase classname="Philips.PMP.Test.Auto.DbSyncProviderTest"
                name="DbSyncChaneTrackingTest (True) row 1"
                time="0.7432734"/>
      <testcase classname="Philips.PMP.Test.Auto.DbSyncProviderTest"
                name="DbSyncChaneTrackingTest (False) row 2"
                time="0.1443228"/>
      <testcase classname="Philips.PMP.Test.Auto.DataTileHelperTest"
                name="DataTileHelperContainsWaveIdTest"
                time="0.0065638"/>
      <testcase classname="Philips.PMP.Test.Auto.ApmDataConverterTest"
                name="GetMyHostConfigurationTest"
                time="0.4765471"/>
      <testcase classname="Philips.PMP.Test.Auto.ImprivataQualifierTest"
                name="ImprivataQualifierSystem (Success,Success,Success) row 1"
                time="0.0036826"/>
      <testcase classname="Philips.PMP.Test.Auto.ImprivataQualifierTest"
                name="ImprivataQualifierSystem (Failure,Success,Failure) row 2"
                time="0.0015445"/>
      <testcase classname="Philips.PMP.Test.Auto.ImprivataQualifierTest"
                name="ImprivataQualifierSystem (Failure,Failure,Failure) row 3"
                time="0.0011871"/>
      <testcase classname="Philips.PMP.Test.Auto.TelemdilTrendUploadMgrTest"
                name="TelemdilTrendUploadReconstructsValidNbpValueAndDisplayResolutionTest"
                time="0.0032878"/>
      <testcase classname="Philips.PMP.Test.Auto.NotificationSettingProviderTest"
                name="AddConnectionDroppedAndNoDataCategoryWhenNotificationRoleIsAdded"
                time="0.0279824"/>
      <testcase classname="Philips.PMP.Test.Auto.TeleProfileHelperTest"
                name="GetPacedEntryTest"
                time="0.0019776"/>
      <testcase classname="Philips.PMP.Test.Auto.AlarmLimitsRendererTest"
                name="AlarmLimitsRendererDisplayAlarmLimits"
                time="0.0430423"/>
      <testcase classname="Philips.PMP.Test.Auto.ServiceStartupMgrTest"
                name="ServiceStartupMgrThreadPoolDefaultTest"
                time="0.0170068"/>
      <testcase classname="Philips.PMP.Test.Auto.MobileRequestValidatorTest"
                name="MobileRequestValidateUserPermissionTest (True,True,True) row 1"
                time="0.0084847"/>
      <testcase classname="Philips.PMP.Test.Auto.MobileRequestValidatorTest"
                name="MobileRequestValidateUserPermissionTest (True,False,True) row 2"
                time="0.0012356"/>
      <testcase classname="Philips.PMP.Test.Auto.MobileRequestValidatorTest"
                name="MobileRequestValidateUserPermissionTest (False,True,True) row 3"
                time="0.0256384"/>
      <testcase classname="Philips.PMP.Test.Auto.MobileRequestValidatorTest"
                name="MobileRequestValidateUserPermissionTest (False,False,False) row 4"
                time="0.0354629"/>
      <testcase classname="Philips.PMP.Test.Auto.DbExecutionMgrTest"
                name="DbExecutionMgrDoesProcessResultsForLocalQueries (False,False,False) row 1"
                time="0.01509"/>
      <testcase classname="Philips.PMP.Test.Auto.DbExecutionMgrTest"
                name="DbExecutionMgrDoesProcessResultsForLocalQueries (False,True,False) row 2"
                time="0.0032833"/>
      <testcase classname="Philips.PMP.Test.Auto.DbExecutionMgrTest"
                name="DbExecutionMgrDoesProcessResultsForLocalQueries (True,False,False) row 3"
                time="0.0021942"/>
      <testcase classname="Philips.PMP.Test.Auto.DbExecutionMgrTest"
                name="DbExecutionMgrDoesProcessResultsForLocalQueries (True,True,False) row 4"
                time="0.0020354"/>
      <testcase classname="Philips.PMP.Test.Auto.DbExecutionMgrTest"
                name="DbExecutionMgrDoesProcessResultsForLocalQueries (False,False,True) row 5"
                time="0.0099828"/>
      <testcase classname="Philips.PMP.Test.Auto.DbExecutionMgrTest"
                name="DbExecutionMgrDoesProcessResultsForLocalQueries (False,True,True) row 6"
                time="0.0028437"/>
      <testcase classname="Philips.PMP.Test.Auto.DbExecutionMgrTest"
                name="DbExecutionMgrDoesProcessResultsForLocalQueries (True,False,True) row 7"
                time="0.0026144"/>
      <testcase classname="Philips.PMP.Test.Auto.DbExecutionMgrTest"
                name="DbExecutionMgrDoesProcessResultsForLocalQueries (True,True,True) row 8"
                time="0.0029314"/>
      <testcase classname="Philips.PMP.Test.Auto.AlertSoundInfoGetterTest"
                name="GetAnyTraditionalAlertSoundInfoTest (13,RedAlarm,Traditional,Red) row 1"
                time="0.0975782"/>
      <testcase classname="Philips.PMP.Test.Auto.AlertSoundInfoGetterTest"
                name="GetAnyTraditionalAlertSoundInfoTest (12,YellowAlarm,Traditional,Yellow) row 2"
                time="0.0038596"/>
      <testcase classname="Philips.PMP.Test.Auto.AlertSoundInfoGetterTest"
                name="GetAnyTraditionalAlertSoundInfoTest (12,ShortYellowAlarm,Traditional,Yellow) row 3"
                time="0.0028766"/>
      <testcase classname="Philips.PMP.Test.Auto.AlertSoundInfoGetterTest"
                name="GetAnyTraditionalAlertSoundInfoTest (11,SevereInop,Traditional,INOP) row 4"
                time="0.0061863"/>
      <testcase classname="Philips.PMP.Test.Auto.AlertSoundInfoGetterTest"
                name="GetAnyTraditionalAlertSoundInfoTest (11,HardInop,Traditional,INOP) row 5"
                time="0.0028225"/>
      <testcase classname="Philips.PMP.Test.Auto.AlertSoundInfoGetterTest"
                name="GetAnyTraditionalAlertSoundInfoTest (13,RedAlarm,Philips2021,Red) row 6"
                time="0.0032752"/>
      <testcase classname="Philips.PMP.Test.Auto.AlertSoundInfoGetterTest"
                name="GetAnyTraditionalAlertSoundInfoTest (12,YellowAlarm,Philips2021,Yellow) row 7"
                time="0.0053777"/>
      <testcase classname="Philips.PMP.Test.Auto.AlertSoundInfoGetterTest"
                name="GetAnyTraditionalAlertSoundInfoTest (12,ShortYellowAlarm,Philips2021,Yellow) row 8"
                time="0.0028987"/>
      <testcase classname="Philips.PMP.Test.Auto.AlertSoundInfoGetterTest"
                name="GetAnyTraditionalAlertSoundInfoTest (11,SevereInop,Philips2021,INOP) row 9"
                time="0.0035419"/>
      <testcase classname="Philips.PMP.Test.Auto.AlertSoundInfoGetterTest"
                name="GetAnyTraditionalAlertSoundInfoTest (11,HardInop,Philips2021,INOP) row 10"
                time="0.0054436"/>
      <testcase classname="Philips.PMP.Test.Auto.PatientServiceMgrTest"
                name="PatientServiceMgrReadmitTest (True,DestinationInvalid) row 1"
                time="0.0555218"/>
      <testcase classname="Philips.PMP.Test.Auto.PatientServiceMgrTest"
                name="PatientServiceMgrReadmitTest (False,Success) row 2"
                time="0.0076964"/>
      <testcase classname="Philips.PMP.Test.Auto.EventCategoryFilterProviderTest"
                name="GetPatientEventCategoryFilterSetting"
                time="0.5478722"/>
      <testcase classname="Philips.PMP.Test.Auto.DataViewLayoutProviderTest"
                name="DataViewLayoutTest"
                time="0.0417966"/>
      <testcase classname="Philips.PMP.Test.Auto.EnumerationProviderTest"
                name="EnumerationProviderEventFilterByPurgeCutoffTime"
                time="0.0354794"/>
      <testcase classname="Philips.PMP.Test.Auto.RepositoryWaveTest"
                name="WaveRepositoryAllowsFillingGapAtEndOfGapTest"
                time="0.0012675"/>
      <testcase classname="Philips.PMP.Test.Auto.WaveFileMgrTest"
                name="PdxLeftTrimWaveUpdatesPacePulseSamples"
                time="0.0005108"/>
      <testcase classname="Philips.PMP.Test.Auto.EfficiaHelperTest"
                name="EfficiaHelperIsMaskSetTest (8388608,8388608,True) row 1"
                time="0.0014881"/>
      <testcase classname="Philips.PMP.Test.Auto.EfficiaHelperTest"
                name="EfficiaHelperIsMaskSetTest (8388608,4194304,False) row 2"
                time="0.0004705"/>
      <testcase classname="Philips.PMP.Test.Auto.EfficiaHelperTest"
                name="EfficiaHelperIsMaskSetTest (117440513,117440513,True) row 3"
                time="0.0003786"/>
      <testcase classname="Philips.PMP.Test.Auto.EfficiaHelperTest"
                name="EfficiaHelperIsMaskSetTest (50331649,117440513,False) row 4"
                time="0.0005508"/>
      <testcase classname="Philips.PMP.Test.Auto.QualificationProviderTest"
                name="SystemQualifierTest"
                time="0.0024648"/>
      <testcase classname="Philips.PMP.Test.Auto.RepositoryTest"
                name="AlertsAreDelayedWhenBitsSetTest"
                time="0.0103171"/>
      <testcase classname="Philips.PMP.Test.Auto.CaregiverPaginatorTest"
                name="ToEndShouldReturnToLastPage"
                time="0.0007988"/>
      <testcase classname="Philips.PMP.Test.Auto.AuthenticationServiceBridgeTest"
                name="AuthenticationServiceBridgeCanRestart"
                time="0.1140197"/>
      <testcase classname="Philips.PMP.Test.Auto.RepositoryWaveTest"
                name="WaveRepositoryAllowsSimpleBackfilledDataTest"
                time="0.0024762"/>
      <testcase classname="Philips.PMP.Test.Auto.UploadedDataDisplayHelperTest"
                name="GetVisibleWaveChunksTest"
                time="0.0033029"/>
      <testcase classname="Philips.PMP.Test.Auto.LabelCreationHelperTest"
                name="SwitchPortLabelCreationHelperValidateNewPorts (System.String[],0,,) row 1"
                time="0.0045376"/>
      <testcase classname="Philips.PMP.Test.Auto.LabelCreationHelperTest"
                name="SwitchPortLabelCreationHelperValidateNewPorts (System.String[],1,,port1) row 2"
                time="0.0071131"/>
      <testcase classname="Philips.PMP.Test.Auto.LabelCreationHelperTest"
                name="SwitchPortLabelCreationHelperValidateNewPorts (System.String[],2,,port1,port2) row 3"
                time="0.000772"/>
      <testcase classname="Philips.PMP.Test.Auto.LabelCreationHelperTest"
                name="SwitchPortLabelCreationHelperValidateNewPorts (System.String[],1,port1,port1) row 4"
                time="0.0005159"/>
      <testcase classname="Philips.PMP.Test.Auto.LabelCreationHelperTest"
                name="SwitchPortLabelCreationHelperValidateNewPorts (System.String[],2,port2,port2,port1) row 5"
                time="0.0004721"/>
      <testcase classname="Philips.PMP.Test.Auto.UploadedDataDisplayHelperTest"
                name="GetDistinctToolTipIntervalsTest"
                time="0.0019161"/>
      <testcase classname="Philips.PIC.DeviceUserManagement.Test.DeviceUserManagementConnectionTest"
                name="DeviceUserManagementConnectionRequestReceived"
                time="0.0272707"/>
      <testcase classname="Philips.PMP.Test.Auto.RolesControlHelperTest"
                name="RolesControlHelperShouldAllowDelete"
                time="0.0008402"/>
      <testcase classname="Philips.PMP.Test.Auto.MobileDeviceResponseSenderTest"
                name="ProcessPatientUpdate"
                time="0.009858"/>
      <testcase classname="Philips.PMP.Test.Auto.PatientProviderTest"
                name="GetMatch"
                time="0.4312644"/>
      <testcase classname="Philips.PMP.Test.Auto.PatientProviderTest"
                name="GetPatientsForExport"
                time="0.3360695"/>
      <testcase classname="Philips.PMP.Test.Auto.DbEngineTest"
                name="ErrorHandlingExtraParameter"
                time="0.0085565"/>
      <testcase classname="Philips.PMP.Test.Auto.MdilHelperTest"
                name="MdilHelperInitializeIdDateTimeNow"
                time="0.0459812"/>
      <testcase classname="Philips.CareEvent.Test.EventWorkflowServiceTests"
                name="ValidateOnXmlDocumentReceived (1, ***xBrady 39 &lt;40 ) row 1"
                time="0.0021494"/>
      <testcase classname="Philips.CareEvent.Test.EventWorkflowServiceTests"
                name="ValidateOnXmlDocumentReceived (1,***xTachy 289&gt;140 ) row 2"
                time="0.0007445"/>
      <testcase classname="Philips.CareEvent.Test.EventWorkflowServiceTests"
                name="ValidateOnXmlDocumentReceived (1,***xTachy 289&gt; 140 ) row 3"
                time="0.000667"/>
      <testcase classname="Philips.CareEvent.Test.EventWorkflowServiceTests"
                name="ValidateOnXmlDocumentReceived (1,✱✱✱极﻿过﻿缓﻿80 &lt;250) row 4"
                time="0.0007039"/>
      <testcase classname="Philips.CareEvent.Test.EventWorkflowServiceTests"
                name="ValidateOnXmlDocumentReceived (1,✱✱✱极﻿过﻿速﻿80 &gt;40 ) row 5"
                time="0.0006751"/>
      <testcase classname="Philips.CareEvent.Test.EventWorkflowServiceTests"
                name="ValidateOnXmlDocumentReceived (1,✱✱✱高﻿徐﻿脈﻿80 &lt;270) row 6"
                time="0.0006989"/>
      <testcase classname="Philips.CareEvent.Test.EventWorkflowServiceTests"
                name="ValidateOnXmlDocumentReceived (1,✱✱✱高﻿頻﻿脈﻿80 &gt;75 ) row 7"
                time="0.000661"/>
      <testcase classname="Philips.CareEvent.Test.EventWorkflowServiceTests"
                name="ValidateOnXmlDocumentReceived (1,✱✱✱极﻿过﻿缓﻿ 80 &lt;250) row 8"
                time="0.0006663"/>
      <testcase classname="Philips.CareEvent.Test.EventWorkflowServiceTests"
                name="ValidateOnXmlDocumentReceived (1,✱✱✱极﻿过﻿速﻿ 80 &gt;40 ) row 9"
                time="0.0006633"/>
      <testcase classname="Philips.CareEvent.Test.EventWorkflowServiceTests"
                name="ValidateOnXmlDocumentReceived (1,✱✱✱高﻿徐﻿脈﻿     80 &lt;270) row 10"
                time="0.0006571"/>
      <testcase classname="Philips.CareEvent.Test.EventWorkflowServiceTests"
                name="ValidateOnXmlDocumentReceived (1,✱✱✱高﻿頻﻿脈﻿ 80 &gt;75 ) row 11"
                time="0.0006688"/>
      <testcase classname="Philips.CareEvent.Test.EventWorkflowServiceTests"
                name="ValidateOnXmlDocumentReceived (0,✱✱✱高﻿頻﻿脈﻿) row 12"
                time="0.0006597"/>
      <testcase classname="Philips.CareEvent.Test.EventWorkflowServiceTests"
                name="ValidateOnXmlDocumentReceived (0,✱✱✱APB高﻿頻﻿3脈﻿) row 13"
                time="0.0006487"/>
      <testcase classname="Philips.CareEvent.Test.EventWorkflowServiceTests"
                name="ValidateOnXmlDocumentReceived (0,**ST Multi xx,xx) row 14"
                time="0.0006582"/>
      <testcase classname="Philips.CareEvent.Test.EventWorkflowServiceTests"
                name="ValidateOnXmlDocumentReceived (1,** P1s 91 &gt; 90) row 15"
                time="0.0006804"/>
      <testcase classname="Philips.CareEvent.Test.EventWorkflowServiceTests"
                name="ValidateOnXmlDocumentReceived (0,Vent ASB&gt;1.5s) row 16"
                time="0.0006583"/>
      <testcase classname="Philips.CareEvent.Test.EventWorkflowServiceTests"
                name="ValidateOnXmlDocumentReceived (0,***Apnea 0:31) row 17"
                time="0.0006547"/>
      <testcase classname="Philips.CareEvent.Test.EventWorkflowServiceTests"
                name="ValidateOnXmlDocumentReceived (0,**ST Multi I, aVR) row 18"
                time="0.0006748"/>
      <testcase classname="Philips.CareEvent.Test.EventWorkflowServiceTests"
                name="ValidateOnXmlDocumentReceived (1,SpO2 L 86 &lt; 90) row 19"
                time="0.000686"/>
      <testcase classname="Philips.CareEvent.Test.EventWorkflowServiceTests"
                name="ValidateOnXmlDocumentReceived (1,Spo2 84 &lt; 88) row 20"
                time="0.000659"/>
      <testcase classname="Philips.CareEvent.Test.EventWorkflowServiceTests"
                name="ValidateOnXmlDocumentReceived (1,HR     40 &lt; 50) row 21"
                time="0.0006543"/>
      <testcase classname="Philips.CareEvent.Test.EventWorkflowServiceTests"
                name="ValidateOnXmlDocumentReceived (1,*** SpO2T 76 &lt; 85) row 22"
                time="0.0006749"/>
      <testcase classname="Philips.PMP.Test.Auto.EventCategorySettingsProviderTest"
                name="LoadCacheForEnabledUnitsWithNewEventCategoryAndDefaultSettingsIsNotAvailable"
                time="0.8882255"/>
      <testcase classname="Philips.PMP.Test.Auto.NumericProviderTest"
                name="NumericProviderAperiodicOneParameterTwoMonitorsSamePatientDuplicateValue"
                time="0.2870131"/>
      <testcase classname="Philips.PMP.Test.Auto.CameraSystemUnitAssignmentControlTest"
                name="CameraSystemUnitAssignmentControlValidateRequiredFieldsTest (True,test,testpwd) row 1"
                time="0.020978"/>
      <testcase classname="Philips.PMP.Test.Auto.CameraSystemUnitAssignmentControlTest"
                name="CameraSystemUnitAssignmentControlValidateRequiredFieldsTest (False,,) row 2"
                time="0.0206358"/>
      <testcase classname="Philips.PMP.Test.Auto.CameraSystemUnitAssignmentControlTest"
                name="CameraSystemUnitAssignmentControlValidateRequiredFieldsTest (False,test,) row 3"
                time="0.0234213"/>
      <testcase classname="Philips.PMP.Test.Auto.WorkflowActionMgrTest"
                name="WorkflowActionMgrCreateAuditEntryTest"
                time="0.0020352"/>
      <testcase classname="Philips.CareEvent.Test.EventMgrTest"
                name="SendNotificationForConfirmedDeliveryTest (1,True,True) row 1"
                time="0.0162347"/>
      <testcase classname="Philips.CareEvent.Test.EventMgrTest"
                name="SendNotificationForConfirmedDeliveryTest (10,True,False) row 2"
                time="0.0091641"/>
      <testcase classname="Philips.CareEvent.Test.EventMgrTest"
                name="SendNotificationForConfirmedDeliveryTest (20,False,False) row 3"
                time="0.0084862"/>
      <testcase classname="Philips.PMP.Test.Auto.BBraunStateMachineTest"
                name="IntelliBridgeDriverBBraunStateRestartTest"
                time="0.0054591"/>
      <testcase classname="Philips.PMP.Test.Auto.BitLockerEditorTest"
                name="IsTpmAvailableTest (True) row 1"
                time="0.0021818"/>
      <testcase classname="Philips.PMP.Test.Auto.BitLockerEditorTest"
                name="IsTpmAvailableTest (False) row 2"
                time="0.0013177"/>
      <testcase classname="Philips.PMP.Test.Auto.IntellibridgeDeviceDataTest"
                name="IntelliBridgeDriverVerificationTest"
                time="0.0859829"/>
      <testcase classname="Philips.PMP.Test.Auto.EventLogsTest"
                name="CreateAndDeleteValidEventLog"
                time="0.8636128"/>
      <testcase classname="Philips.PMP.Test.Auto.AlarmReflectionServiceTest"
                name="UnsubscribeFromEventsTest (False,0) row 1"
                time="0.0018334"/>
      <testcase classname="Philips.PMP.Test.Auto.AlarmReflectionServiceTest"
                name="UnsubscribeFromEventsTest (True,1) row 2"
                time="0.0008553"/>
      <testcase classname="Philips.PMP.Test.Auto.MulticastZoneRuleHelperTest"
                name="MulticastZoneRuleHelperCanBlockTest (False,False,False) row 1"
                time="0.039216"/>
      <testcase classname="Philips.PMP.Test.Auto.MulticastZoneRuleHelperTest"
                name="MulticastZoneRuleHelperCanBlockTest (True,False,False) row 2"
                time="0.0050838"/>
      <testcase classname="Philips.PMP.Test.Auto.MulticastZoneRuleHelperTest"
                name="MulticastZoneRuleHelperCanBlockTest (False,True,False) row 3"
                time="0.0028533"/>
      <testcase classname="Philips.PMP.Test.Auto.MulticastZoneRuleHelperTest"
                name="MulticastZoneRuleHelperCanBlockTest (False,False,True) row 4"
                time="0.0236961"/>
      <testcase classname="Philips.PMP.Test.Auto.PhysioDataDisplayHelperTest"
                name="PhysioDataDisplayHelperGetEnumerationValueTextIdFromObjId (enum_obj_id_chosen,48059,2,179131) row 1"
                time="0.0047124"/>
      <testcase classname="Philips.PMP.Test.Auto.PhysioDataDisplayHelperTest"
                name="PhysioDataDisplayHelperGetEnumerationValueTextIdFromObjId (enum_obj_id_val_chosen,65535,1026,67305471) row 2"
                time="0.0012448"/>
      <testcase classname="Philips.PMP.Test.Auto.PhysioDataDisplayHelperTest"
                name="PhysioDataDisplayHelperGetEnumerationValueTextIdFromObjId (enum_obj_id_idx_chosen,1,32778,2148139009) row 3"
                time="0.0004029"/>
      <testcase classname="Philips.PMP.LicenseService.Test.LicenseHostValidatorTest"
                name="LicenseValidatorValidatePhysioDeveloperStandaloneNoPatientLinkAcquisition"
                time="0.0013451"/>
      <testcase classname="Philips.PMP.Test.Auto.MobileSaveWavestripMgrTest"
                name="AuditFailsWithPatientNotAvailableErrorResultWhenPatientNotFound"
                time="0.0022242"/>
      <testcase classname="Philips.PMP.Test.Auto.StarHelperTest"
                name="InitializeStarWavesValidateArrayLengths"
                time="0.0012738"/>
      <testcase classname="Philips.PMP.Test.Auto.IntelliBridgeLanDeviceAssignmentControlTest"
                name="DeletingConfigurationsPublishesChangeEvent"
                time="0.0168893"/>
      <testcase classname="Philips.PMP.Test.Auto.TopologyHelperTest"
                name="AssociateLocationsToZoneListTest"
                time="0.0031493"/>
      <testcase classname="Philips.PMP.Test.Auto.SystemPerformanceTest"
                name="StoreInsertSettingConfigA"
                time="0.796351"/>
      <testcase classname="Philips.PMP.Test.Auto.RetainedSpotCheckDataFormatterTest"
                name="RetainedSpotCheckDataFormatterCanSetTime"
                time="0.0019992"/>
      <testcase classname="Philips.PMP.Test.Auto.LinkedListTest"
                name="LinkedListCanBecomeEmptyViaRemoveTail"
                time="0.0021615"/>
      <testcase classname="Philips.PMP.Test.Auto.EventCatalogProviderTest"
                name="StoreEventCatalogShouldBringIsCatchAllToNewProfile"
                time="2.1177168"/>
      <testcase classname="Philips.PIC.DataAcquisition.Test.SureSignsComplexMetricBuilderTest"
                name="SureSignsComplexMetricBuilderAddProtocolCompoundElementsTest"
                time="0.1437154"/>
      <testcase classname="Philips.PMP.Test.Auto.EventCategorySettingsProviderTest"
                name="GetDefaultSettingsForNewCategory"
                time="0.7582869"/>
      <testcase classname="Philips.PMP.Test.Auto.ZoneEntityControlTest"
                name="DeleteTest (DB3,True,True,False,None,0) row 1"
                time="0.0477603"/>
      <testcase classname="Philips.PMP.Test.Auto.ZoneEntityControlTest"
                name="DeleteTest (DB3,True,False,False,None,0) row 2"
                time="0.0394388"/>
      <testcase classname="Philips.PMP.Test.Auto.ZoneEntityControlTest"
                name="DeleteTest (PXX,True,False,False,None,0) row 3"
                time="0.0513219"/>
      <testcase classname="Philips.PMP.Test.Auto.ZoneEntityControlTest"
                name="DeleteTest (PPX,True,False,False,None,0) row 4"
                time="0.0414203"/>
      <testcase classname="Philips.PMP.Test.Auto.ZoneEntityControlTest"
                name="DeleteTest (PPX,True,True,False,None,1) row 5"
                time="0.0530159"/>
      <testcase classname="Philips.PMP.Test.Auto.ZoneEntityControlTest"
                name="DeleteTest (PPX,False,True,False,None,1) row 6"
                time="0.0440501"/>
      <testcase classname="Philips.PMP.Test.Auto.ZoneEntityControlTest"
                name="DeleteTest (PPX,False,False,False,None,1) row 7"
                time="0.050789"/>
      <testcase classname="Philips.PMP.Test.Auto.ZoneEntityControlTest"
                name="DeleteTest (PPX,True,True,True,Yes,1) row 8"
                time="0.0551901"/>
      <testcase classname="Philips.PMP.Test.Auto.ZoneEntityControlTest"
                name="DeleteTest (PPX,True,True,True,No,0) row 9"
                time="0.0404917"/>
      <testcase classname="Philips.CareEvent.Test.CareTouchCommunicatorTests"
                name="EventMessagesChangePasswordRequestFailures"
                time="0.0140777"/>
      <testcase classname="Philips.PMP.Test.Auto.WebQualifierTest"
                name="FailGetDisallowOverlappingRotationTest (False,True) row 1"
                time="0.0081294"/>
      <testcase classname="Philips.PMP.Test.Auto.WebQualifierTest"
                name="FailGetDisallowOverlappingRotationTest (True,False) row 2"
                time="0.0050849"/>
      <testcase classname="Philips.PMP.Test.Auto.MobileDataProessorTest"
                name="ProcessJsonVsXmlRequestMessage"
                time="0.0189243"/>
      <testcase classname="Philips.PMP.Test.Auto.AlertFlashingMgrTest"
                name="FlashingAlarmsTest"
                time="0.1421859"/>
      <testcase classname="Philips.PMP.Test.Auto.TokenRenewalServiceTest"
                name="TryValidateAndCreateTokenReturnsFalseOnMissingUserContext"
                time="0.0011541"/>
      <testcase classname="Philips.CareEvent.Test.EventMgrTest"
                name="RemoveEventWithNoDevicesTest"
                time="0.0143791"/>
      <testcase classname="Philips.PMP.Test.Auto.HeightConversionHelperTest"
                name="HeightConversionHelperConversionTest"
                time="0.0007023"/>
      <testcase classname="Philips.PIC.PatientCenter.Test.ColumnConfigProviderTest"
                name="ColumnConfigParsePhysioIdTest"
                time="2.6190477"/>
      <testcase classname="Philips.PMP.Test.Auto.PhysioDataHelperTest"
                name="GetStandbyInfoEventsWithinDurationTest"
                time="0.0012762"/>
      <testcase classname="Philips.PMP.Test.Auto.UploadedDataDisplayHelperTest"
                name="GetUploadedWaveDataPeriodsTest"
                time="0.0014316"/>
      <testcase classname="Philips.PMP.Test.Auto.DbArchiveMgrTablePropertyTest"
                name="ClearPatientDataTestNoPatientData (False) row 1"
                time="0.0181156"/>
      <testcase classname="Philips.PMP.Test.Auto.DbArchiveMgrTablePropertyTest"
                name="ClearPatientDataTestNoPatientData (True) row 2"
                time="0.0352447"/>
      <testcase classname="Philips.PMP.Test.Auto.EventNotificationMgrTest"
                name="GetAddedNotificationAndUnitNotificationRoles"
                time="0.0036133"/>
      <testcase classname="Philips.PIC.DataAcquisition.Test.MonitoringDevicePatientLookupMgrTest"
                name="MonitoringDevicePatientLookupErrorTest (,,,0) row 1"
                time="0.0309252"/>
      <testcase classname="Philips.PIC.DataAcquisition.Test.MonitoringDevicePatientLookupMgrTest"
                name="MonitoringDevicePatientLookupErrorTest (x,y,b,0) row 2"
                time="0.008362"/>
      <testcase classname="Philips.PIC.DataAcquisition.Test.MonitoringDevicePatientLookupMgrTest"
                name="MonitoringDevicePatientLookupErrorTest (x,y,b,2) row 3"
                time="0.0021315"/>
      <testcase classname="Philips.CareEvent.Test.CareAssignmentMgrTest"
                name="ModifyingLockStatusShouldAddToPendingCaregiverLockCache"
                time="0.0014341"/>
      <testcase classname="Philips.CareEvent.Test.MobileRequestMgrTests"
                name="SaveWavestripActionShouldExistsForPatientAlerts"
                time="0.0931477"/>
      <testcase classname="Philips.PMP.Test.Auto.SectorSetupCommonControlTest"
                name="AuthorizationTest"
                time="0.052685"/>
      <testcase classname="Philips.PMP.Test.Auto.NotificationSettingProviderTest"
                name="AddingTheChargeRoleAgainWhichHasTheSupervisoryAlarmsUnselected"
                time="0.3263898"/>
      <testcase classname="Philips.PMP.Test.Auto.IISInstallationQualifierTest"
                name="IISInstallationQualifierCorrect (False,True,True,True,True) row 1"
                time="0.3330632"/>
      <testcase classname="Philips.PMP.Test.Auto.IISInstallationQualifierTest"
                name="IISInstallationQualifierCorrect (True,False,True,True,True) row 2"
                time="0.0028942"/>
      <testcase classname="Philips.PMP.Test.Auto.IISInstallationQualifierTest"
                name="IISInstallationQualifierCorrect (True,True,False,True,True) row 3"
                time="0.0023422"/>
      <testcase classname="Philips.PMP.Test.Auto.IISInstallationQualifierTest"
                name="IISInstallationQualifierCorrect (True,True,True,False,True) row 4"
                time="0.0020523"/>
      <testcase classname="Philips.PMP.Test.Auto.IISInstallationQualifierTest"
                name="IISInstallationQualifierCorrect (True,True,True,True,False) row 5"
                time="0.0021206"/>
      <testcase classname="Philips.PMP.Test.Auto.BedSubscriberTest"
                name="BedSubscriberWillSubcribeForConfigChangesOnEvent (True) row 1"
                time="0.0034947"/>
      <testcase classname="Philips.PMP.Test.Auto.BedSubscriberTest"
                name="BedSubscriberWillSubcribeForConfigChangesOnEvent (False) row 2"
                time="0.0028099"/>
      <testcase classname="Philips.PMP.Test.Auto.PatientAssignmentControlCheckerTest"
                name="PatientAssignmentControlCheckerGetButtonsStates"
                time="0.0112938"/>
      <testcase classname="Philips.PMP.Test.Auto.PatientAdtHelperTest"
                name="GetReadmitPatientOrTransferWarningsTest (True,True) row 1"
                time="0.0518921"/>
      <testcase classname="Philips.PMP.Test.Auto.PatientAdtHelperTest"
                name="GetReadmitPatientOrTransferWarningsTest (True,False) row 2"
                time="0.0028044"/>
      <testcase classname="Philips.PMP.Test.Auto.PatientAdtHelperTest"
                name="GetReadmitPatientOrTransferWarningsTest (False,True) row 3"
                time="0.0037464"/>
      <testcase classname="Philips.PMP.Test.Auto.PatientAdtHelperTest"
                name="GetReadmitPatientOrTransferWarningsTest (False,False) row 4"
                time="0.01363"/>
      <testcase classname="Philips.PIC.WebBridge.Test.StripDataControllerTest"
                name="WillPutNotableIntervalTest (False) row 1"
                time="0.0034106"/>
      <testcase classname="Philips.PIC.WebBridge.Test.StripDataControllerTest"
                name="WillPutNotableIntervalTest (True) row 2"
                time="0.0017671"/>
      <testcase classname="Philips.PMP.Test.Auto.PatientDataExportTierTwoTest"
                name="TierTwoTimerStartUpTest"
                time="0.0076619"/>
      <testcase classname="Philips.PMP.Test.Auto.TreeNodeRemoverTest"
                name="DeleteEventCategoryShouldDelete (False,0,0) row 1"
                time="0.0038252"/>
      <testcase classname="Philips.PMP.Test.Auto.TreeNodeRemoverTest"
                name="DeleteEventCategoryShouldDelete (True,2,-1) row 2"
                time="0.0034131"/>
      <testcase classname="Philips.PMP.Test.Auto.TreeNodeRemoverTest"
                name="DeleteEventCategoryShouldDelete (True,3,0) row 3"
                time="0.0036073"/>
      <testcase classname="Philips.PMP.Test.Auto.RetainedSpotCheckDataFormatterTest"
                name="RetainedSpotCheckDataFormatterOnlyRetainsAperiodics"
                time="0.0025147"/>
      <testcase classname="Philips.PMP.Test.Auto.HL7ConnectionPropertyListViewControlTest"
                name="RefreshValidateDataClientRow"
                time="0.040645"/>
      <testcase classname="Philips.CareEvent.Test.EventMonitorFilterTests"
                name="EventMonitorFilterOnCyan"
                time="0.0298148"/>
      <testcase classname="Philips.PMP.Test.Auto.TopologyProviderTest"
                name="GetInstitutionIdByBedId"
                time="0.2546078"/>
      <testcase classname="Philips.PMP.Test.Auto.SectorSetupCommonControlTest"
                name="SectorSetupCommonControlPubSubHandling"
                time="0.0534737"/>
      <testcase classname="Philips.PMP.Test.Auto.PatientFieldsValidatorTest"
                name="PatientFieldsValidatorValidateEncounterLastNameOnly"
                time="0.0005083"/>
      <testcase classname="Philips.PMP.Test.Auto.EventNotificationPatientLookUpTest"
                name="IsPatientValid (111,v1,True) row 1"
                time="0.0079616"/>
      <testcase classname="Philips.PMP.Test.Auto.EventNotificationPatientLookUpTest"
                name="IsPatientValid (222,v2,True) row 2"
                time="0.0048725"/>
      <testcase classname="Philips.PMP.Test.Auto.EventNotificationPatientLookUpTest"
                name="IsPatientValid (,v2,False) row 3"
                time="0.0053731"/>
      <testcase classname="Philips.PMP.Test.Auto.EventNotificationPatientLookUpTest"
                name="IsPatientValid (,v8,True) row 4"
                time="0.0047685"/>
      <testcase classname="Philips.PMP.Test.Auto.EventNotificationPatientLookUpTest"
                name="IsPatientValid (,v7,True) row 5"
                time="0.0048457"/>
      <testcase classname="Philips.PMP.Test.Auto.EventNotificationPatientLookUpTest"
                name="IsPatientValid (555,,True) row 6"
                time="0.0073595"/>
      <testcase classname="Philips.PMP.Test.Auto.Hl7StoreForwardHandlerTest"
                name="Hl7CheckIfStoreToDbTest (True,False,0) row 1"
                time="0.0021087"/>
      <testcase classname="Philips.PMP.Test.Auto.Hl7StoreForwardHandlerTest"
                name="Hl7CheckIfStoreToDbTest (True,True,1) row 2"
                time="0.0018094"/>
      <testcase classname="Philips.PMP.Test.Auto.PatientFieldsValidatorTest"
                name="PatientFieldsValidatorValidateBsaHeightAndWeightOptional"
                time="0.0009177"/>
      <testcase classname="Philips.PMP.Test.Auto.NumericPostProcessingTest"
                name="AperiodicDeDuplicatorMultidynamicsTest"
                time="0.0010218"/>
      <testcase classname="Philips.PMP.Test.Auto.MobileBedSubscriberTest"
                name="WillProcessPatientUpdate"
                time="0.0573961"/>
      <testcase classname="Philips.PMP.Test.Auto.MultiPatientViewTest"
                name="MultiPatientViewKioskTest (ServerName,True) row 1"
                time="0.2161969"/>
      <testcase classname="Philips.PMP.Test.Auto.MultiPatientViewTest"
                name="MultiPatientViewKioskTest (ServerName,False) row 2"
                time="0.0630021"/>
      <testcase classname="Philips.PMP.Test.Auto.CareAssignmentAuditTrailWriterTest"
                name="WriteAuditCaregiverClearedFromUnitsShouldWriteAssignments (True) row 1"
                time="0.0131813"/>
      <testcase classname="Philips.PMP.Test.Auto.CareAssignmentAuditTrailWriterTest"
                name="WriteAuditCaregiverClearedFromUnitsShouldWriteAssignments (False) row 2"
                time="0.0020371"/>
      <testcase classname="Philips.PMP.Test.Auto.SoundSchemeMapperTest"
                name="SoundSchemeToTextIdMappingShouldReturn"
                time="0.0030201"/>
      <testcase classname="Philips.PMP.Test.Auto.MobileRequestValidatorTest"
                name="MobileNuemericControlsInvalidRequestFailedResponseTest"
                time="0.015337"/>
      <testcase classname="Philips.PMP.Test.Auto.Hl7HelperTest"
                name="Hl7HelperIsComplexMetricValueASettingTest (IsSetting,True) row 1"
                time="0.0010931"/>
      <testcase classname="Philips.PMP.Test.Auto.Hl7HelperTest"
                name="Hl7HelperIsComplexMetricValueASettingTest (MsmtManual,False) row 2"
                time="0.0005873"/>
      <testcase classname="Philips.PMP.Test.Auto.Hl7HelperTest"
                name="Hl7HelperIsComplexMetricValueASettingTest (MsmtManual, IsSetting,True) row 3"
                time="0.000459"/>
      <testcase classname="Philips.PIC.DevTools.Test.StarPhysioDataConverterTest"
                name="PhysioDataConverterTryGetLabelTest (0,,False) row 1"
                time="0.0033182"/>
      <testcase classname="Philips.PIC.DevTools.Test.StarPhysioDataConverterTest"
                name="PhysioDataConverterTryGetLabelTest (1,Unknwn,False) row 2"
                time="1.387258"/>
      <testcase classname="Philips.PIC.DevTools.Test.StarPhysioDataConverterTest"
                name="PhysioDataConverterTryGetLabelTest (131329,I,True) row 3"
                time="0.0013212"/>
      <testcase classname="Philips.PMP.Test.Auto.ReportHelperTest"
                name="GetReportNameFromHeaderDataTest"
                time="0.004499"/>
      <testcase classname="Philips.PMP.Test.Auto.PatientDataExportStorageWorkerTest"
                name="ReportSystemStatusIsCalledOnFailedNumericStorage"
                time="0.0203337"/>
      <testcase classname="Philips.CareEvent.Test.EventManagementProviderTests"
                name="MobileDeviceCacheTest"
                time="0.0129059"/>
      <testcase classname="Philips.PMP.Test.Auto.UiCheckerTest"
                name="UiCheckerShouldEnableAction (True) row 1"
                time="0.045191"/>
      <testcase classname="Philips.PMP.Test.Auto.UiCheckerTest"
                name="UiCheckerShouldEnableAction (False) row 2"
                time="0.0016617"/>
      <testcase classname="Philips.PMP.Test.Auto.DisplayControllerTest"
                name="ApplicationWindowEnabledTest"
                time="0.0005776"/>
      <testcase classname="Philips.PIC.CertificateSync.Test.CertificateSyncNotificationMgrTest"
                name="CertificateSyncNotificationMgrUnsubscribe"
                time="0.003472"/>
      <testcase classname="Philips.PMP.Test.Auto.PatientDataExportConfigControlTest"
                name="PatientDataExportServerConfigByUnitTest"
                time="0.3121843"/>
      <testcase classname="Philips.PMP.Test.Auto.HL7MdcCodesHelperTest"
                name="Hl7MdcLoadTest"
                time="0.3392877"/>
      <testcase classname="Philips.PMP.Test.Auto.MonitoringDeviceTimeMgrTest"
                name="MonitoringDeviceTimeMgrSyncsMasterPhysioDataTimeUpdates"
                time="0.0011746"/>
      <testcase classname="Philips.PIC.DevTools.Test.PatientTraffickerTest"
                name="PatientTraffickerCustomizesNewPatient (True,True) row 1"
                time="0.030354"/>
      <testcase classname="Philips.PIC.DevTools.Test.PatientTraffickerTest"
                name="PatientTraffickerCustomizesNewPatient (True,False) row 2"
                time="0.0036468"/>
      <testcase classname="Philips.PIC.DevTools.Test.PatientTraffickerTest"
                name="PatientTraffickerCustomizesNewPatient (False,True) row 3"
                time="0.0035669"/>
      <testcase classname="Philips.PIC.DevTools.Test.PatientTraffickerTest"
                name="PatientTraffickerCustomizesNewPatient (False,False) row 4"
                time="0.0032702"/>
      <testcase classname="Philips.PMP.Test.Auto.EnterpriseProviderTest"
                name="InstitutionStoreUpdateDelete"
                time="0.2164112"/>
      <testcase classname="Philips.PMP.Test.Auto.PatientDataExportConfigValidatorTest"
                name="PatientDataExportAreBedAssignmentsValidTest (False,False,False) row 1"
                time="0.0073036"/>
      <testcase classname="Philips.PMP.Test.Auto.PatientDataExportConfigValidatorTest"
                name="PatientDataExportAreBedAssignmentsValidTest (True,True,True) row 2"
                time="0.0028281"/>
      <testcase classname="Philips.PMP.Test.Auto.Hl7ClientMgrTest"
                name="StartHL7Test"
                time="0.2741997"/>
      <testcase classname="Philips.PMP.Test.Auto.ProtocolWatchEngineWrapperTest"
                name="ProtocolWatchInputDataToEngineShouldBeFilteredByRequestedMetrics"
                time="0.0757744"/>
      <testcase classname="Philips.PMP.Test.Auto.MyHostPatientSubscriptionMgrTest"
                name="MyHostPatientSubscriptionMgrCanSubscribe"
                time="0.0503196"/>
      <testcase classname="Philips.CareEvent.Test.OruFieldMappingProviderTests"
                name="StoreGetFilterTest"
                time="0.0158798"/>
      <testcase classname="Philips.CareEvent.Test.OruControlTests"
                name="LabsToEventCreationTests"
                time="0.0331728"/>
      <testcase classname="Philips.PMP.Test.Auto.RfidReaderTest"
                name="RfidReaderUsbEvent"
                time="0.3235468"/>
      <testcase classname="Philips.PMP.Test.Auto.FeatureAssignmentConfigControlTest"
                name="GetDescriptionTest (ecg,abc,ecg) row 1"
                time="0.1993537"/>
      <testcase classname="Philips.PMP.Test.Auto.FeatureAssignmentConfigControlTest"
                name="GetDescriptionTest (,abc,abc) row 2"
                time="0.0103606"/>
      <testcase classname="Philips.PMP.Test.Auto.FeatureAssignmentConfigControlTest"
                name="GetDescriptionTest (,abc,abc) row 3"
                time="0.0135513"/>
      <testcase classname="Philips.PMP.Test.Auto.MobileBedSubscriberTest"
                name="MobileBedSubscriberWillSubscribeByNlsId"
                time="0.545294"/>
      <testcase classname="Philips.PMP.Test.Auto.EventCatalogProviderTest"
                name="GetMatchingEventDefinitionShouldFindName (*** Extreme Brady,*** Extreme Brady) row 1"
                time="0.0905746"/>
      <testcase classname="Philips.PMP.Test.Auto.EventCatalogProviderTest"
                name="GetMatchingEventDefinitionShouldFindName (Extreme Brady,Miscellaneous Nurse Call - TB12) row 2"
                time="0.0983085"/>
      <testcase classname="Philips.PMP.Test.Auto.EventCatalogProviderTest"
                name="GetMatchingEventDefinitionShouldFindName (*** Extreme Brady waffles puppies underpants,*** Extreme Brady) row 3"
                time="0.0963347"/>
      <testcase classname="Philips.PMP.Test.Auto.EventCatalogProviderTest"
                name="GetMatchingEventDefinitionShouldFindName (*** Extreme Tom Brady waffles puppies underpants,Miscellaneous Nurse Call - TB12) row 4"
                time="0.0916726"/>
      <testcase classname="Philips.PMP.Test.Auto.EventCatalogProviderTest"
                name="GetMatchingEventDefinitionShouldFindName (Football *** Extreme Brady waffles puppies underpants,*** Extreme Brady) row 5"
                time="0.0998009"/>
      <testcase classname="Philips.PMP.Test.Auto.EventCatalogProviderTest"
                name="GetMatchingEventDefinitionShouldFindName (Football *** Extreme Tom Brady waffles puppies underpants,Miscellaneous Nurse Call - TB12) row 6"
                time="0.0988202"/>
      <testcase classname="Philips.PMP.Test.Auto.SystemPerformanceTest"
                name="DeleteCategoryConfigB"
                time="0.8020977"/>
      <testcase classname="Philips.PMP.Test.Auto.PatientDataExportFileTest"
                name="PdxCorrectWaveCountIsExported"
                time="0.2488194"/>
      <testcase classname="Philips.PMP.Test.Auto.TimeWaveProviderTest"
                name="TimeWaveMergeLabelTextIds"
                time="0.0579867"/>
      <testcase classname="Philips.PMP.Test.Auto.PriorityCatalogHelperTest"
                name="PriorityCatalogHelperIdentifiesColorConfigurableEntries (131074,True,True) row 1"
                time="0.0051347"/>
      <testcase classname="Philips.PMP.Test.Auto.PriorityCatalogHelperTest"
                name="PriorityCatalogHelperIdentifiesColorConfigurableEntries (131840,True,False) row 2"
                time="0.0006382"/>
      <testcase classname="Philips.PMP.Test.Auto.PriorityCatalogHelperTest"
                name="PriorityCatalogHelperIdentifiesColorConfigurableEntries (147232,True,False) row 3"
                time="0.0004106"/>
      <testcase classname="Philips.PMP.Test.Auto.PriorityCatalogHelperTest"
                name="PriorityCatalogHelperIdentifiesColorConfigurableEntries (2169263179,True,False) row 4"
                time="0.0003917"/>
      <testcase classname="Philips.PMP.Test.Auto.PriorityCatalogHelperTest"
                name="PriorityCatalogHelperIdentifiesColorConfigurableEntries (192723,True,False) row 5"
                time="0.0012378"/>
      <testcase classname="Philips.PMP.Test.Auto.PriorityCatalogHelperTest"
                name="PriorityCatalogHelperIdentifiesColorConfigurableEntries (192715,True,False) row 6"
                time="0.0004179"/>
      <testcase classname="Philips.PMP.Test.Auto.PriorityCatalogHelperTest"
                name="PriorityCatalogHelperIdentifiesColorConfigurableEntries (192719,True,False) row 7"
                time="0.0003552"/>
      <testcase classname="Philips.PMP.Test.Auto.PriorityCatalogHelperTest"
                name="PriorityCatalogHelperIdentifiesColorConfigurableEntries (2169263154,True,False) row 8"
                time="0.0004378"/>
      <testcase classname="Philips.PMP.Test.Auto.PriorityCatalogHelperTest"
                name="PriorityCatalogHelperIdentifiesColorConfigurableEntries (2169263156,True,False) row 9"
                time="0.0002759"/>
      <testcase classname="Philips.PMP.Test.Auto.PriorityCatalogHelperTest"
                name="PriorityCatalogHelperIdentifiesColorConfigurableEntries (2169263158,True,False) row 10"
                time="0.0020503"/>
      <testcase classname="Philips.PMP.Test.Auto.PriorityCatalogHelperTest"
                name="PriorityCatalogHelperIdentifiesColorConfigurableEntries (2169263105,True,False) row 11"
                time="0.0005208"/>
      <testcase classname="Philips.PMP.Test.Auto.PriorityCatalogHelperTest"
                name="PriorityCatalogHelperIdentifiesColorConfigurableEntries (2169263107,True,False) row 12"
                time="0.0020752"/>
      <testcase classname="Philips.PMP.Test.Auto.PriorityCatalogHelperTest"
                name="PriorityCatalogHelperIdentifiesColorConfigurableEntries (2169263109,True,False) row 13"
                time="0.0018569"/>
      <testcase classname="Philips.PMP.Test.Auto.PriorityCatalogHelperTest"
                name="PriorityCatalogHelperIdentifiesColorConfigurableEntries (2155172867,True,False) row 14"
                time="0.000446"/>
      <testcase classname="Philips.PMP.Test.Auto.PriorityCatalogHelperTest"
                name="PriorityCatalogHelperIdentifiesColorConfigurableEntries (2155172868,True,False) row 15"
                time="0.0003577"/>
      <testcase classname="Philips.PMP.Test.Auto.PriorityCatalogHelperTest"
                name="PriorityCatalogHelperIdentifiesColorConfigurableEntries (2155172950,True,False) row 16"
                time="0.0003758"/>
      <testcase classname="Philips.PMP.Test.Auto.PriorityCatalogHelperTest"
                name="PriorityCatalogHelperIdentifiesColorConfigurableEntries (2155172873,True,False) row 17"
                time="0.0004277"/>
      <testcase classname="Philips.PMP.Test.Auto.PriorityCatalogHelperTest"
                name="PriorityCatalogHelperIdentifiesColorConfigurableEntries (192593,True,False) row 18"
                time="0.000432"/>
      <testcase classname="Philips.PMP.Test.Auto.PriorityCatalogHelperTest"
                name="PriorityCatalogHelperIdentifiesColorConfigurableEntries (147236,True,False) row 19"
                time="0.000404"/>
      <testcase classname="Philips.PMP.Test.Auto.PriorityCatalogHelperTest"
                name="PriorityCatalogHelperIdentifiesColorConfigurableEntries (192854,True,False) row 20"
                time="0.0003926"/>
      <testcase classname="Philips.PMP.Test.Auto.WaveProviderTest"
                name="WaveDynamicAttributesNonEcg"
                time="0.0312838"/>
      <testcase classname="Philips.PMP.Test.Auto.EcgIpmFilterTest"
                name="EcgIpmLowPassFilterTest60Hz"
                time="0.0011118"/>
      <testcase classname="Philips.PMP.Test.Auto.StitchTest"
                name="StitchReceivedDvcLogicThreeNonContinuousTest"
                time="0.0050296"/>
      <testcase classname="Philips.PMP.Test.Auto.NumericProviderTest"
                name="NumericProviderAperiodicTooFarInPast"
                time="0.2847299"/>
      <testcase classname="Philips.PMP.Test.Auto.PatientAssignmentControlTest"
                name="PatientAssignmentControlOnValidatingWeight (True) row 1"
                time="0.0615546"/>
      <testcase classname="Philips.PMP.Test.Auto.PatientAssignmentControlTest"
                name="PatientAssignmentControlOnValidatingWeight (False) row 2"
                time="0.066357"/>
      <testcase classname="Philips.PMP.Test.Auto.IntelliBridgeAllowedNumericsTest"
                name="IntelliBridgeAllowedNumericsIsAllowedTest (147842,True) row 1"
                time="0.0212028"/>
      <testcase classname="Philips.PMP.Test.Auto.IntelliBridgeAllowedNumericsTest"
                name="IntelliBridgeAllowedNumericsIsAllowedTest (148066,True) row 2"
                time="0.000444"/>
      <testcase classname="Philips.PMP.Test.Auto.IntelliBridgeAllowedNumericsTest"
                name="IntelliBridgeAllowedNumericsIsAllowedTest (131840,True) row 3"
                time="0.0003751"/>
      <testcase classname="Philips.PMP.Test.Auto.IntelliBridgeAllowedNumericsTest"
                name="IntelliBridgeAllowedNumericsIsAllowedTest (131841,True) row 4"
                time="0.0021821"/>
      <testcase classname="Philips.PMP.Test.Auto.IntelliBridgeAllowedNumericsTest"
                name="IntelliBridgeAllowedNumericsIsAllowedTest (131842,True) row 5"
                time="0.0003504"/>
      <testcase classname="Philips.PMP.Test.Auto.IntelliBridgeAllowedNumericsTest"
                name="IntelliBridgeAllowedNumericsIsAllowedTest (131901,True) row 6"
                time="0.000327"/>
      <testcase classname="Philips.PMP.Test.Auto.IntelliBridgeAllowedNumericsTest"
                name="IntelliBridgeAllowedNumericsIsAllowedTest (131902,True) row 7"
                time="0.0003578"/>
      <testcase classname="Philips.PMP.Test.Auto.IntelliBridgeAllowedNumericsTest"
                name="IntelliBridgeAllowedNumericsIsAllowedTest (131903,True) row 8"
                time="0.0003694"/>
      <testcase classname="Philips.PMP.Test.Auto.IntelliBridgeAllowedNumericsTest"
                name="IntelliBridgeAllowedNumericsIsAllowedTest (131904,True) row 9"
                time="0.000297"/>
      <testcase classname="Philips.PMP.Test.Auto.IntelliBridgeAllowedNumericsTest"
                name="IntelliBridgeAllowedNumericsIsAllowedTest (131907,True) row 10"
                time="0.0002783"/>
      <testcase classname="Philips.PMP.Test.Auto.IntelliBridgeAllowedNumericsTest"
                name="IntelliBridgeAllowedNumericsIsAllowedTest (131915,True) row 11"
                time="0.0002683"/>
      <testcase classname="Philips.PMP.Test.Auto.IntelliBridgeAllowedNumericsTest"
                name="IntelliBridgeAllowedNumericsIsAllowedTest (131843,True) row 12"
                time="0.0002775"/>
      <testcase classname="Philips.PMP.Test.Auto.IntelliBridgeAllowedNumericsTest"
                name="IntelliBridgeAllowedNumericsIsAllowedTest (131844,True) row 13"
                time="0.0002766"/>
      <testcase classname="Philips.PMP.Test.Auto.IntelliBridgeAllowedNumericsTest"
                name="IntelliBridgeAllowedNumericsIsAllowedTest (131845,True) row 14"
                time="0.0002763"/>
      <testcase classname="Philips.PMP.Test.Auto.IntelliBridgeAllowedNumericsTest"
                name="IntelliBridgeAllowedNumericsIsAllowedTest (131846,True) row 15"
                time="0.0002717"/>
      <testcase classname="Philips.PMP.Test.Auto.IntelliBridgeAllowedNumericsTest"
                name="IntelliBridgeAllowedNumericsIsAllowedTest (131847,True) row 16"
                time="0.0002646"/>
      <testcase classname="Philips.PMP.Test.Auto.IntelliBridgeAllowedNumericsTest"
                name="IntelliBridgeAllowedNumericsIsAllowedTest (131848,True) row 17"
                time="0.000258"/>
      <testcase classname="Philips.PMP.Test.Auto.IntelliBridgeAllowedNumericsTest"
                name="IntelliBridgeAllowedNumericsIsAllowedTest (131849,True) row 18"
                time="0.0002747"/>
      <testcase classname="Philips.PMP.Test.Auto.IntelliBridgeAllowedNumericsTest"
                name="IntelliBridgeAllowedNumericsIsAllowedTest (131911,True) row 19"
                time="0.0002722"/>
      <testcase classname="Philips.PMP.Test.Auto.IntelliBridgeAllowedNumericsTest"
                name="IntelliBridgeAllowedNumericsIsAllowedTest (132092,True) row 20"
                time="0.0002657"/>
      <testcase classname="Philips.PMP.Test.Auto.IntelliBridgeAllowedNumericsTest"
                name="IntelliBridgeAllowedNumericsIsAllowedTest (131851,True) row 21"
                time="0.0002645"/>
      <testcase classname="Philips.PMP.Test.Auto.IntelliBridgeAllowedNumericsTest"
                name="IntelliBridgeAllowedNumericsIsAllowedTest (131852,True) row 22"
                time="0.0002545"/>
      <testcase classname="Philips.PMP.Test.Auto.IntelliBridgeAllowedNumericsTest"
                name="IntelliBridgeAllowedNumericsIsAllowedTest (131853,True) row 23"
                time="0.0002534"/>
      <testcase classname="Philips.PMP.Test.Auto.IntelliBridgeAllowedNumericsTest"
                name="IntelliBridgeAllowedNumericsIsAllowedTest (131854,True) row 24"
                time="0.0025025"/>
      <testcase classname="Philips.PMP.Test.Auto.IntelliBridgeAllowedNumericsTest"
                name="IntelliBridgeAllowedNumericsIsAllowedTest (131941,True) row 25"
                time="0.000317"/>
      <testcase classname="Philips.PMP.Test.Auto.IntelliBridgeAllowedNumericsTest"
                name="IntelliBridgeAllowedNumericsIsAllowedTest (131940,True) row 26"
                time="0.0002848"/>
      <testcase classname="Philips.PMP.Test.Auto.IntelliBridgeAllowedNumericsTest"
                name="IntelliBridgeAllowedNumericsIsAllowedTest (131942,True) row 27"
                time="0.0002822"/>
      <testcase classname="Philips.PMP.Test.Auto.IntelliBridgeAllowedNumericsTest"
                name="IntelliBridgeAllowedNumericsIsAllowedTest (192573,True) row 28"
                time="0.0002667"/>
      <testcase classname="Philips.PMP.Test.Auto.IntelliBridgeAllowedNumericsTest"
                name="IntelliBridgeAllowedNumericsIsAllowedTest (147236,True) row 29"
                time="0.0002582"/>
      <testcase classname="Philips.PMP.Test.Auto.IntelliBridgeAllowedNumericsTest"
                name="IntelliBridgeAllowedNumericsIsAllowedTest (192854,True) row 30"
                time="0.0002703"/>
      <testcase classname="Philips.PMP.Test.Auto.IntelliBridgeAllowedNumericsTest"
                name="IntelliBridgeAllowedNumericsIsAllowedTest (147232,True) row 31"
                time="0.0002695"/>
      <testcase classname="Philips.PMP.Test.Auto.IntelliBridgeAllowedNumericsTest"
                name="IntelliBridgeAllowedNumericsIsAllowedTest (192852,True) row 32"
                time="0.0002743"/>
      <testcase classname="Philips.PMP.Test.Auto.IntelliBridgeAllowedNumericsTest"
                name="IntelliBridgeAllowedNumericsIsAllowedTest (195888,True) row 33"
                time="0.000268"/>
      <testcase classname="Philips.PMP.Test.Auto.IntelliBridgeAllowedNumericsTest"
                name="IntelliBridgeAllowedNumericsIsAllowedTest (149514,True) row 34"
                time="0.0002572"/>
      <testcase classname="Philips.PMP.Test.Auto.IntelliBridgeAllowedNumericsTest"
                name="IntelliBridgeAllowedNumericsIsAllowedTest (150456,True) row 35"
                time="0.0002515"/>
      <testcase classname="Philips.PMP.Test.Auto.IntelliBridgeAllowedNumericsTest"
                name="IntelliBridgeAllowedNumericsIsAllowedTest (149538,True) row 36"
                time="0.0002704"/>
      <testcase classname="Philips.PMP.Test.Auto.IntelliBridgeAllowedNumericsTest"
                name="IntelliBridgeAllowedNumericsIsAllowedTest (192960,False) row 37"
                time="0.0002742"/>
      <testcase classname="Philips.PMP.Test.Auto.IntelliBridgeAllowedNumericsTest"
                name="IntelliBridgeAllowedNumericsIsAllowedTest (2148881469,False) row 38"
                time="0.0002628"/>
      <testcase classname="Philips.PMP.Test.Auto.IntelliBridgeAllowedNumericsTest"
                name="IntelliBridgeAllowedNumericsIsAllowedTest (192980,False) row 39"
                time="0.0002729"/>
      <testcase classname="Philips.PMP.Test.Auto.IntelliBridgeAllowedNumericsTest"
                name="IntelliBridgeAllowedNumericsIsAllowedTest (2148881472,False) row 40"
                time="0.0002565"/>
      <testcase classname="Philips.PMP.Test.Auto.IntelliBridgeAllowedNumericsTest"
                name="IntelliBridgeAllowedNumericsIsAllowedTest (192668,False) row 41"
                time="0.0036703"/>
      <testcase classname="Philips.PMP.Test.Auto.IntelliBridgeAllowedNumericsTest"
                name="IntelliBridgeAllowedNumericsIsAllowedTest (150476,False) row 42"
                time="0.0003875"/>
      <testcase classname="Philips.PMP.Test.Auto.IntelliBridgeAllowedNumericsTest"
                name="IntelliBridgeAllowedNumericsIsAllowedTest (2148881410,False) row 43"
                time="0.0003412"/>
      <testcase classname="Philips.PMP.Test.Auto.IntelliBridgeAllowedNumericsTest"
                name="IntelliBridgeAllowedNumericsIsAllowedTest (150472,False) row 44"
                time="0.0002955"/>
      <testcase classname="Philips.PMP.Test.Auto.IntelliBridgeAllowedNumericsTest"
                name="IntelliBridgeAllowedNumericsIsAllowedTest (2148881409,False) row 45"
                time="0.0002825"/>
      <testcase classname="Philips.PMP.Test.Auto.IntelliBridgeAllowedNumericsTest"
                name="IntelliBridgeAllowedNumericsIsAllowedTest (150468,False) row 46"
                time="0.0002634"/>
      <testcase classname="Philips.PMP.Test.Auto.IntelliBridgeAllowedNumericsTest"
                name="IntelliBridgeAllowedNumericsIsAllowedTest (150448,True) row 47"
                time="0.0002521"/>
      <testcase classname="Philips.PMP.Test.Auto.IntelliBridgeAllowedNumericsTest"
                name="IntelliBridgeAllowedNumericsIsAllowedTest (193068,False) row 48"
                time="0.0002814"/>
      <testcase classname="Philips.PMP.Test.Auto.IntelliBridgeAllowedNumericsTest"
                name="IntelliBridgeAllowedNumericsIsAllowedTest (192988,False) row 49"
                time="0.0002702"/>
      <testcase classname="Philips.PMP.Test.Auto.IntelliBridgeAllowedNumericsTest"
                name="IntelliBridgeAllowedNumericsIsAllowedTest (192812,False) row 50"
                time="0.0002692"/>
      <testcase classname="Philips.PMP.Test.Auto.IntelliBridgeAllowedNumericsTest"
                name="IntelliBridgeAllowedNumericsIsAllowedTest (192651,False) row 51"
                time="0.0002611"/>
      <testcase classname="Philips.PMP.Test.Auto.IntelliBridgeAllowedNumericsTest"
                name="IntelliBridgeAllowedNumericsIsAllowedTest (192650,False) row 52"
                time="0.0002574"/>
      <testcase classname="Philips.PMP.Test.Auto.IntelliBridgeAllowedNumericsTest"
                name="IntelliBridgeAllowedNumericsIsAllowedTest (192996,False) row 53"
                time="0.0003196"/>
      <testcase classname="Philips.PMP.Test.Auto.IntelliBridgeAllowedNumericsTest"
                name="IntelliBridgeAllowedNumericsIsAllowedTest (2148881524,False) row 54"
                time="0.0123157"/>
      <testcase classname="Philips.PMP.Test.Auto.IntelliBridgeAllowedNumericsTest"
                name="IntelliBridgeAllowedNumericsIsAllowedTest (2148881527,False) row 55"
                time="0.015145"/>
      <testcase classname="Philips.PMP.Test.Auto.IntelliBridgeAllowedNumericsTest"
                name="IntelliBridgeAllowedNumericsIsAllowedTest (2148881521,False) row 56"
                time="0.0158316"/>
      <testcase classname="Philips.PMP.Test.Auto.IntelliBridgeAllowedNumericsTest"
                name="IntelliBridgeAllowedNumericsIsAllowedTest (2148881518,False) row 57"
                time="0.0004093"/>
      <testcase classname="Philips.PMP.Test.Auto.IntelliBridgeAllowedNumericsTest"
                name="IntelliBridgeAllowedNumericsIsAllowedTest (2148881530,False) row 58"
                time="0.000372"/>
      <testcase classname="Philips.PMP.Test.Auto.IntelliBridgeAllowedNumericsTest"
                name="IntelliBridgeAllowedNumericsIsAllowedTest (192816,False) row 59"
                time="0.0003335"/>
      <testcase classname="Philips.PMP.Test.Auto.IntelliBridgeAllowedNumericsTest"
                name="IntelliBridgeAllowedNumericsIsAllowedTest (192818,False) row 60"
                time="0.0002995"/>
      <testcase classname="Philips.PMP.Test.Auto.IntelliBridgeAllowedNumericsTest"
                name="IntelliBridgeAllowedNumericsIsAllowedTest (192817,False) row 61"
                time="0.0002671"/>
      <testcase classname="Philips.PMP.Test.Auto.IntelliBridgeAllowedNumericsTest"
                name="IntelliBridgeAllowedNumericsIsAllowedTest (2148881475,False) row 62"
                time="0.0003111"/>
      <testcase classname="Philips.PMP.Test.Auto.IntelliBridgeAllowedNumericsTest"
                name="IntelliBridgeAllowedNumericsIsAllowedTest (2148881478,False) row 63"
                time="0.0003189"/>
      <testcase classname="Philips.PMP.Test.Auto.IntelliBridgeAllowedNumericsTest"
                name="IntelliBridgeAllowedNumericsIsAllowedTest (2148881481,False) row 64"
                time="0.00029"/>
      <testcase classname="Philips.PMP.Test.Auto.IntelliBridgeAllowedNumericsTest"
                name="IntelliBridgeAllowedNumericsIsAllowedTest (2148881484,False) row 65"
                time="0.0022885"/>
      <testcase classname="Philips.PMP.Test.Auto.IntelliBridgeAllowedNumericsTest"
                name="IntelliBridgeAllowedNumericsIsAllowedTest (2148881487,False) row 66"
                time="0.0003818"/>
      <testcase classname="Philips.PMP.Test.Auto.IntelliBridgeAllowedNumericsTest"
                name="IntelliBridgeAllowedNumericsIsAllowedTest (2148881490,False) row 67"
                time="0.0003328"/>
      <testcase classname="Philips.PMP.Test.Auto.IntelliBridgeAllowedNumericsTest"
                name="IntelliBridgeAllowedNumericsIsAllowedTest (2148881442,False) row 68"
                time="0.000328"/>
      <testcase classname="Philips.PMP.Test.Auto.IntelliBridgeAllowedNumericsTest"
                name="IntelliBridgeAllowedNumericsIsAllowedTest (2148881445,False) row 69"
                time="0.0003052"/>
      <testcase classname="Philips.PMP.Test.Auto.IntelliBridgeAllowedNumericsTest"
                name="IntelliBridgeAllowedNumericsIsAllowedTest (2148881448,False) row 70"
                time="0.0002893"/>
      <testcase classname="Philips.PMP.Test.Auto.IntelliBridgeAllowedNumericsTest"
                name="IntelliBridgeAllowedNumericsIsAllowedTest (2148881460,False) row 71"
                time="0.0003125"/>
      <testcase classname="Philips.PMP.Test.Auto.IntelliBridgeAllowedNumericsTest"
                name="IntelliBridgeAllowedNumericsIsAllowedTest (2148881463,False) row 72"
                time="0.0003342"/>
      <testcase classname="Philips.PMP.Test.Auto.IntelliBridgeAllowedNumericsTest"
                name="IntelliBridgeAllowedNumericsIsAllowedTest (2148881466,False) row 73"
                time="0.0003102"/>
      <testcase classname="Philips.PMP.Test.Auto.IntelliBridgeAllowedNumericsTest"
                name="IntelliBridgeAllowedNumericsIsAllowedTest (2148881451,False) row 74"
                time="0.0002974"/>
      <testcase classname="Philips.PMP.Test.Auto.IntelliBridgeAllowedNumericsTest"
                name="IntelliBridgeAllowedNumericsIsAllowedTest (2148881454,False) row 75"
                time="0.0003069"/>
      <testcase classname="Philips.PMP.Test.Auto.IntelliBridgeAllowedNumericsTest"
                name="IntelliBridgeAllowedNumericsIsAllowedTest (2148881457,False) row 76"
                time="0.0002987"/>
      <testcase classname="Philips.PMP.Test.Auto.IntelliBridgeAllowedNumericsTest"
                name="IntelliBridgeAllowedNumericsIsAllowedTest (150020,True) row 77"
                time="0.0003078"/>
      <testcase classname="Philips.PMP.Test.Auto.IntelliBridgeAllowedNumericsTest"
                name="IntelliBridgeAllowedNumericsIsAllowedTest (150021,True) row 78"
                time="0.0002985"/>
      <testcase classname="Philips.PMP.Test.Auto.IntelliBridgeAllowedNumericsTest"
                name="IntelliBridgeAllowedNumericsIsAllowedTest (150022,True) row 79"
                time="0.0002832"/>
      <testcase classname="Philips.PMP.Test.Auto.IntelliBridgeAllowedNumericsTest"
                name="IntelliBridgeAllowedNumericsIsAllowedTest (150023,True) row 80"
                time="0.0003678"/>
      <testcase classname="Philips.PMP.Test.Auto.IntelliBridgeAllowedNumericsTest"
                name="IntelliBridgeAllowedNumericsIsAllowedTest (192741,True) row 81"
                time="0.0003373"/>
      <testcase classname="Philips.PMP.Test.Auto.IntelliBridgeAllowedNumericsTest"
                name="IntelliBridgeAllowedNumericsIsAllowedTest (150036,True) row 82"
                time="0.0003065"/>
      <testcase classname="Philips.PMP.Test.Auto.IntelliBridgeAllowedNumericsTest"
                name="IntelliBridgeAllowedNumericsIsAllowedTest (150037,True) row 83"
                time="0.0003618"/>
      <testcase classname="Philips.PMP.Test.Auto.IntelliBridgeAllowedNumericsTest"
                name="IntelliBridgeAllowedNumericsIsAllowedTest (150038,True) row 84"
                time="0.0003592"/>
      <testcase classname="Philips.PMP.Test.Auto.IntelliBridgeAllowedNumericsTest"
                name="IntelliBridgeAllowedNumericsIsAllowedTest (150039,True) row 85"
                time="0.00029"/>
      <testcase classname="Philips.PMP.Test.Auto.IntelliBridgeAllowedNumericsTest"
                name="IntelliBridgeAllowedNumericsIsAllowedTest (2147701762,True) row 86"
                time="0.0002583"/>
      <testcase classname="Philips.PMP.Test.Auto.IntelliBridgeAllowedNumericsTest"
                name="IntelliBridgeAllowedNumericsIsAllowedTest (150032,True) row 87"
                time="0.0003359"/>
      <testcase classname="Philips.PMP.Test.Auto.IntelliBridgeAllowedNumericsTest"
                name="IntelliBridgeAllowedNumericsIsAllowedTest (150033,True) row 88"
                time="0.0003387"/>
      <testcase classname="Philips.PMP.Test.Auto.IntelliBridgeAllowedNumericsTest"
                name="IntelliBridgeAllowedNumericsIsAllowedTest (150034,True) row 89"
                time="0.0003289"/>
      <testcase classname="Philips.PMP.Test.Auto.IntelliBridgeAllowedNumericsTest"
                name="IntelliBridgeAllowedNumericsIsAllowedTest (150035,True) row 90"
                time="0.0003363"/>
      <testcase classname="Philips.PMP.Test.Auto.IntelliBridgeAllowedNumericsTest"
                name="IntelliBridgeAllowedNumericsIsAllowedTest (2147701763,True) row 91"
                time="0.0003154"/>
      <testcase classname="Philips.PMP.Test.Auto.IntelliBridgeAllowedNumericsTest"
                name="IntelliBridgeAllowedNumericsIsAllowedTest (150028,True) row 92"
                time="0.0003033"/>
      <testcase classname="Philips.PMP.Test.Auto.IntelliBridgeAllowedNumericsTest"
                name="IntelliBridgeAllowedNumericsIsAllowedTest (150029,True) row 93"
                time="0.0002903"/>
      <testcase classname="Philips.PMP.Test.Auto.IntelliBridgeAllowedNumericsTest"
                name="IntelliBridgeAllowedNumericsIsAllowedTest (150030,True) row 94"
                time="0.0003289"/>
      <testcase classname="Philips.PMP.Test.Auto.IntelliBridgeAllowedNumericsTest"
                name="IntelliBridgeAllowedNumericsIsAllowedTest (150031,True) row 95"
                time="0.0003043"/>
      <testcase classname="Philips.PMP.Test.Auto.IntelliBridgeAllowedNumericsTest"
                name="IntelliBridgeAllowedNumericsIsAllowedTest (2147701764,True) row 96"
                time="0.0003744"/>
      <testcase classname="Philips.PMP.Test.Auto.IntelliBridgeAllowedNumericsTest"
                name="IntelliBridgeAllowedNumericsIsAllowedTest (150044,True) row 97"
                time="0.0003082"/>
      <testcase classname="Philips.PMP.Test.Auto.IntelliBridgeAllowedNumericsTest"
                name="IntelliBridgeAllowedNumericsIsAllowedTest (150045,True) row 98"
                time="0.0028051"/>
      <testcase classname="Philips.PMP.Test.Auto.IntelliBridgeAllowedNumericsTest"
                name="IntelliBridgeAllowedNumericsIsAllowedTest (150046,True) row 99"
                time="0.000476"/>
      <testcase classname="Philips.PMP.Test.Auto.IntelliBridgeAllowedNumericsTest"
                name="IntelliBridgeAllowedNumericsIsAllowedTest (150047,True) row 100"
                time="0.0119375"/>
      <testcase classname="Philips.PMP.Test.Auto.IntelliBridgeAllowedNumericsTest"
                name="IntelliBridgeAllowedNumericsIsAllowedTest (2147701765,True) row 101"
                time="0.0004292"/>
      <testcase classname="Philips.PMP.Test.Auto.IntelliBridgeAllowedNumericsTest"
                name="IntelliBridgeAllowedNumericsIsAllowedTest (150084,True) row 102"
                time="0.0003164"/>
      <testcase classname="Philips.PMP.Test.Auto.IntelliBridgeAllowedNumericsTest"
                name="IntelliBridgeAllowedNumericsIsAllowedTest (150085,True) row 103"
                time="0.0002806"/>
      <testcase classname="Philips.PMP.Test.Auto.IntelliBridgeAllowedNumericsTest"
                name="IntelliBridgeAllowedNumericsIsAllowedTest (150086,True) row 104"
                time="0.0002913"/>
      <testcase classname="Philips.PMP.Test.Auto.IntelliBridgeAllowedNumericsTest"
                name="IntelliBridgeAllowedNumericsIsAllowedTest (150087,True) row 105"
                time="0.0002706"/>
      <testcase classname="Philips.PMP.Test.Auto.IntelliBridgeAllowedNumericsTest"
                name="IntelliBridgeAllowedNumericsIsAllowedTest (2147701766,True) row 106"
                time="0.0002694"/>
      <testcase classname="Philips.PMP.Test.Auto.IntelliBridgeAllowedNumericsTest"
                name="IntelliBridgeAllowedNumericsIsAllowedTest (150068,True) row 107"
                time="0.0002747"/>
      <testcase classname="Philips.PMP.Test.Auto.IntelliBridgeAllowedNumericsTest"
                name="IntelliBridgeAllowedNumericsIsAllowedTest (150069,True) row 108"
                time="0.0003146"/>
      <testcase classname="Philips.PMP.Test.Auto.IntelliBridgeAllowedNumericsTest"
                name="IntelliBridgeAllowedNumericsIsAllowedTest (150070,True) row 109"
                time="0.000271"/>
      <testcase classname="Philips.PMP.Test.Auto.IntelliBridgeAllowedNumericsTest"
                name="IntelliBridgeAllowedNumericsIsAllowedTest (150071,True) row 110"
                time="0.000273"/>
      <testcase classname="Philips.PMP.Test.Auto.IntelliBridgeAllowedNumericsTest"
                name="IntelliBridgeAllowedNumericsIsAllowedTest (2147701767,True) row 111"
                time="0.0004398"/>
      <testcase classname="Philips.PMP.Test.Auto.IntelliBridgeAllowedNumericsTest"
                name="IntelliBridgeAllowedNumericsIsAllowedTest (150064,True) row 112"
                time="0.0002774"/>
      <testcase classname="Philips.PMP.Test.Auto.IntelliBridgeAllowedNumericsTest"
                name="IntelliBridgeAllowedNumericsIsAllowedTest (150065,True) row 113"
                time="0.0016046"/>
      <testcase classname="Philips.PMP.Test.Auto.IntelliBridgeAllowedNumericsTest"
                name="IntelliBridgeAllowedNumericsIsAllowedTest (150066,True) row 114"
                time="0.0023205"/>
      <testcase classname="Philips.PMP.Test.Auto.IntelliBridgeAllowedNumericsTest"
                name="IntelliBridgeAllowedNumericsIsAllowedTest (150067,True) row 115"
                time="0.0003492"/>
      <testcase classname="Philips.PMP.Test.Auto.IntelliBridgeAllowedNumericsTest"
                name="IntelliBridgeAllowedNumericsIsAllowedTest (2147701768,True) row 116"
                time="0.0003168"/>
      <testcase classname="Philips.PMP.Test.Auto.IntelliBridgeAllowedNumericsTest"
                name="IntelliBridgeAllowedNumericsIsAllowedTest (153608,True) row 117"
                time="0.0004866"/>
      <testcase classname="Philips.PMP.Test.Auto.IntelliBridgeAllowedNumericsTest"
                name="IntelliBridgeAllowedNumericsIsAllowedTest (153609,True) row 118"
                time="0.0002849"/>
      <testcase classname="Philips.PMP.Test.Auto.IntelliBridgeAllowedNumericsTest"
                name="IntelliBridgeAllowedNumericsIsAllowedTest (153610,True) row 119"
                time="0.0002997"/>
      <testcase classname="Philips.PMP.Test.Auto.IntelliBridgeAllowedNumericsTest"
                name="IntelliBridgeAllowedNumericsIsAllowedTest (153611,True) row 120"
                time="0.0002904"/>
      <testcase classname="Philips.PMP.Test.Auto.IntelliBridgeAllowedNumericsTest"
                name="IntelliBridgeAllowedNumericsIsAllowedTest (2147701769,True) row 121"
                time="0.0002911"/>
      <testcase classname="Philips.PMP.Test.Auto.IntelliBridgeAllowedNumericsTest"
                name="IntelliBridgeAllowedNumericsIsAllowedTest (150056,True) row 122"
                time="0.0003325"/>
      <testcase classname="Philips.PMP.Test.Auto.IntelliBridgeAllowedNumericsTest"
                name="IntelliBridgeAllowedNumericsIsAllowedTest (150057,True) row 123"
                time="0.0004781"/>
      <testcase classname="Philips.PMP.Test.Auto.IntelliBridgeAllowedNumericsTest"
                name="IntelliBridgeAllowedNumericsIsAllowedTest (150058,True) row 124"
                time="0.0003153"/>
      <testcase classname="Philips.PMP.Test.Auto.IntelliBridgeAllowedNumericsTest"
                name="IntelliBridgeAllowedNumericsIsAllowedTest (150059,True) row 125"
                time="0.0007421"/>
      <testcase classname="Philips.PMP.Test.Auto.IntelliBridgeAllowedNumericsTest"
                name="IntelliBridgeAllowedNumericsIsAllowedTest (2147701770,True) row 126"
                time="0.0006725"/>
      <testcase classname="Philips.PMP.Test.Auto.IntelliBridgeAllowedNumericsTest"
                name="IntelliBridgeAllowedNumericsIsAllowedTest (150088,True) row 127"
                time="0.0003005"/>
      <testcase classname="Philips.PMP.Test.Auto.IntelliBridgeAllowedNumericsTest"
                name="IntelliBridgeAllowedNumericsIsAllowedTest (150089,True) row 128"
                time="0.0002847"/>
      <testcase classname="Philips.PMP.Test.Auto.IntelliBridgeAllowedNumericsTest"
                name="IntelliBridgeAllowedNumericsIsAllowedTest (150090,True) row 129"
                time="0.0002891"/>
      <testcase classname="Philips.PMP.Test.Auto.IntelliBridgeAllowedNumericsTest"
                name="IntelliBridgeAllowedNumericsIsAllowedTest (150091,True) row 130"
                time="0.0002975"/>
      <testcase classname="Philips.PMP.Test.Auto.IntelliBridgeAllowedNumericsTest"
                name="IntelliBridgeAllowedNumericsIsAllowedTest (2147701771,True) row 131"
                time="0.0003214"/>
      <testcase classname="Philips.PMP.Test.Auto.IntelliBridgeAllowedNumericsTest"
                name="IntelliBridgeAllowedNumericsIsAllowedTest (193540,True) row 132"
                time="0.0003018"/>
      <testcase classname="Philips.PMP.Test.Auto.IntelliBridgeAllowedNumericsTest"
                name="IntelliBridgeAllowedNumericsIsAllowedTest (193541,True) row 133"
                time="0.0002923"/>
      <testcase classname="Philips.PMP.Test.Auto.IntelliBridgeAllowedNumericsTest"
                name="IntelliBridgeAllowedNumericsIsAllowedTest (193542,True) row 134"
                time="0.0003287"/>
      <testcase classname="Philips.PMP.Test.Auto.IntelliBridgeAllowedNumericsTest"
                name="IntelliBridgeAllowedNumericsIsAllowedTest (193543,True) row 135"
                time="0.0003983"/>
      <testcase classname="Philips.PMP.Test.Auto.IntelliBridgeAllowedNumericsTest"
                name="IntelliBridgeAllowedNumericsIsAllowedTest (2147701780,True) row 136"
                time="0.0003"/>
      <testcase classname="Philips.PMP.Test.Auto.IntelliBridgeAllowedNumericsTest"
                name="IntelliBridgeAllowedNumericsIsAllowedTest (192700,True) row 137"
                time="0.0002936"/>
      <testcase classname="Philips.PMP.Test.Auto.IntelliBridgeAllowedNumericsTest"
                name="IntelliBridgeAllowedNumericsIsAllowedTest (192701,True) row 138"
                time="0.000364"/>
      <testcase classname="Philips.PMP.Test.Auto.IntelliBridgeAllowedNumericsTest"
                name="IntelliBridgeAllowedNumericsIsAllowedTest (192702,True) row 139"
                time="0.0003251"/>
      <testcase classname="Philips.PMP.Test.Auto.IntelliBridgeAllowedNumericsTest"
                name="IntelliBridgeAllowedNumericsIsAllowedTest (192703,True) row 140"
                time="0.0003187"/>
      <testcase classname="Philips.PMP.Test.Auto.IntelliBridgeAllowedNumericsTest"
                name="IntelliBridgeAllowedNumericsIsAllowedTest (2147701812,True) row 141"
                time="0.0136099"/>
      <testcase classname="Philips.PMP.Test.Auto.IntelliBridgeAllowedNumericsTest"
                name="IntelliBridgeAllowedNumericsIsAllowedTest (195740,True) row 142"
                time="0.0004392"/>
      <testcase classname="Philips.PMP.Test.Auto.IntelliBridgeAllowedNumericsTest"
                name="IntelliBridgeAllowedNumericsIsAllowedTest (195741,True) row 143"
                time="0.0004864"/>
      <testcase classname="Philips.PMP.Test.Auto.IntelliBridgeAllowedNumericsTest"
                name="IntelliBridgeAllowedNumericsIsAllowedTest (195742,True) row 144"
                time="0.0002914"/>
      <testcase classname="Philips.PMP.Test.Auto.IntelliBridgeAllowedNumericsTest"
                name="IntelliBridgeAllowedNumericsIsAllowedTest (195743,True) row 145"
                time="0.000297"/>
      <testcase classname="Philips.PMP.Test.Auto.IntelliBridgeAllowedNumericsTest"
                name="IntelliBridgeAllowedNumericsIsAllowedTest (2147701778,True) row 146"
                time="0.000275"/>
      <testcase classname="Philips.PMP.Test.Auto.IntelliBridgeAllowedNumericsTest"
                name="IntelliBridgeAllowedNumericsIsAllowedTest (195744,True) row 147"
                time="0.0002689"/>
      <testcase classname="Philips.PMP.Test.Auto.IntelliBridgeAllowedNumericsTest"
                name="IntelliBridgeAllowedNumericsIsAllowedTest (195745,True) row 148"
                time="0.0003094"/>
      <testcase classname="Philips.PMP.Test.Auto.IntelliBridgeAllowedNumericsTest"
                name="IntelliBridgeAllowedNumericsIsAllowedTest (195746,True) row 149"
                time="0.0002786"/>
      <testcase classname="Philips.PMP.Test.Auto.IntelliBridgeAllowedNumericsTest"
                name="IntelliBridgeAllowedNumericsIsAllowedTest (195747,True) row 150"
                time="0.0002875"/>
      <testcase classname="Philips.PMP.Test.Auto.IntelliBridgeAllowedNumericsTest"
                name="IntelliBridgeAllowedNumericsIsAllowedTest (2147701776,True) row 151"
                time="0.0027552"/>
      <testcase classname="Philips.PMP.Test.Auto.IntelliBridgeAllowedNumericsTest"
                name="IntelliBridgeAllowedNumericsIsAllowedTest (192704,True) row 152"
                time="0.0004054"/>
      <testcase classname="Philips.PMP.Test.Auto.IntelliBridgeAllowedNumericsTest"
                name="IntelliBridgeAllowedNumericsIsAllowedTest (192705,True) row 153"
                time="0.0003086"/>
      <testcase classname="Philips.PMP.Test.Auto.IntelliBridgeAllowedNumericsTest"
                name="IntelliBridgeAllowedNumericsIsAllowedTest (192706,True) row 154"
                time="0.0004409"/>
      <testcase classname="Philips.PMP.Test.Auto.IntelliBridgeAllowedNumericsTest"
                name="IntelliBridgeAllowedNumericsIsAllowedTest (192707,True) row 155"
                time="0.000278"/>
      <testcase classname="Philips.PMP.Test.Auto.IntelliBridgeAllowedNumericsTest"
                name="IntelliBridgeAllowedNumericsIsAllowedTest (2147701815,True) row 156"
                time="0.0015581"/>
      <testcase classname="Philips.PMP.Test.Auto.IntelliBridgeAllowedNumericsTest"
                name="IntelliBridgeAllowedNumericsIsAllowedTest (192692,False) row 157"
                time="0.0014762"/>
      <testcase classname="Philips.PMP.Test.Auto.IntelliBridgeAllowedNumericsTest"
                name="IntelliBridgeAllowedNumericsIsAllowedTest (192693,False) row 158"
                time="0.0003293"/>
      <testcase classname="Philips.PMP.Test.Auto.IntelliBridgeAllowedNumericsTest"
                name="IntelliBridgeAllowedNumericsIsAllowedTest (192694,False) row 159"
                time="0.0002909"/>
      <testcase classname="Philips.PMP.Test.Auto.IntelliBridgeAllowedNumericsTest"
                name="IntelliBridgeAllowedNumericsIsAllowedTest (192695,False) row 160"
                time="0.0002925"/>
      <testcase classname="Philips.PMP.Test.Auto.IntelliBridgeAllowedNumericsTest"
                name="IntelliBridgeAllowedNumericsIsAllowedTest (2147701806,False) row 161"
                time="0.0002833"/>
      <testcase classname="Philips.PMP.Test.Auto.IntelliBridgeAllowedNumericsTest"
                name="IntelliBridgeAllowedNumericsIsAllowedTest (192696,False) row 162"
                time="0.0002915"/>
      <testcase classname="Philips.PMP.Test.Auto.IntelliBridgeAllowedNumericsTest"
                name="IntelliBridgeAllowedNumericsIsAllowedTest (192697,False) row 163"
                time="0.0003027"/>
      <testcase classname="Philips.PMP.Test.Auto.IntelliBridgeAllowedNumericsTest"
                name="IntelliBridgeAllowedNumericsIsAllowedTest (192698,False) row 164"
                time="0.0003237"/>
      <testcase classname="Philips.PMP.Test.Auto.IntelliBridgeAllowedNumericsTest"
                name="IntelliBridgeAllowedNumericsIsAllowedTest (192699,False) row 165"
                time="0.0003315"/>
      <testcase classname="Philips.PMP.Test.Auto.IntelliBridgeAllowedNumericsTest"
                name="IntelliBridgeAllowedNumericsIsAllowedTest (2147701809,False) row 166"
                time="0.0004601"/>
      <testcase classname="Philips.PMP.Test.Auto.IntelliBridgeAllowedNumericsTest"
                name="IntelliBridgeAllowedNumericsIsAllowedTest (195784,False) row 167"
                time="0.0002923"/>
      <testcase classname="Philips.PMP.Test.Auto.IntelliBridgeAllowedNumericsTest"
                name="IntelliBridgeAllowedNumericsIsAllowedTest (195785,False) row 168"
                time="0.0002941"/>
      <testcase classname="Philips.PMP.Test.Auto.IntelliBridgeAllowedNumericsTest"
                name="IntelliBridgeAllowedNumericsIsAllowedTest (195786,False) row 169"
                time="0.0002861"/>
      <testcase classname="Philips.PMP.Test.Auto.IntelliBridgeAllowedNumericsTest"
                name="IntelliBridgeAllowedNumericsIsAllowedTest (195787,False) row 170"
                time="0.0002774"/>
      <testcase classname="Philips.PMP.Test.Auto.IntelliBridgeAllowedNumericsTest"
                name="IntelliBridgeAllowedNumericsIsAllowedTest (2147701782,False) row 171"
                time="0.0002658"/>
      <testcase classname="Philips.PMP.Test.Auto.IntelliBridgeAllowedNumericsTest"
                name="IntelliBridgeAllowedNumericsIsAllowedTest (195780,True) row 172"
                time="0.0002495"/>
      <testcase classname="Philips.PMP.Test.Auto.IntelliBridgeAllowedNumericsTest"
                name="IntelliBridgeAllowedNumericsIsAllowedTest (195781,True) row 173"
                time="0.0002994"/>
      <testcase classname="Philips.PMP.Test.Auto.IntelliBridgeAllowedNumericsTest"
                name="IntelliBridgeAllowedNumericsIsAllowedTest (195782,True) row 174"
                time="0.0159477"/>
      <testcase classname="Philips.PMP.Test.Auto.IntelliBridgeAllowedNumericsTest"
                name="IntelliBridgeAllowedNumericsIsAllowedTest (195783,True) row 175"
                time="0.0004874"/>
      <testcase classname="Philips.PMP.Test.Auto.IntelliBridgeAllowedNumericsTest"
                name="IntelliBridgeAllowedNumericsIsAllowedTest (2147701784,True) row 176"
                time="0.0004016"/>
      <testcase classname="Philips.PMP.Test.Auto.IntelliBridgeAllowedNumericsTest"
                name="IntelliBridgeAllowedNumericsIsAllowedTest (195732,True) row 177"
                time="0.0003206"/>
      <testcase classname="Philips.PMP.Test.Auto.IntelliBridgeAllowedNumericsTest"
                name="IntelliBridgeAllowedNumericsIsAllowedTest (195733,True) row 178"
                time="0.000278"/>
      <testcase classname="Philips.PMP.Test.Auto.IntelliBridgeAllowedNumericsTest"
                name="IntelliBridgeAllowedNumericsIsAllowedTest (195734,True) row 179"
                time="0.0002833"/>
      <testcase classname="Philips.PMP.Test.Auto.IntelliBridgeAllowedNumericsTest"
                name="IntelliBridgeAllowedNumericsIsAllowedTest (195735,True) row 180"
                time="0.0002811"/>
      <testcase classname="Philips.PMP.Test.Auto.IntelliBridgeAllowedNumericsTest"
                name="IntelliBridgeAllowedNumericsIsAllowedTest (2147701779,True) row 181"
                time="0.0002726"/>
      <testcase classname="Philips.PMP.Test.Auto.IntelliBridgeAllowedNumericsTest"
                name="IntelliBridgeAllowedNumericsIsAllowedTest (195736,True) row 182"
                time="0.0002667"/>
      <testcase classname="Philips.PMP.Test.Auto.IntelliBridgeAllowedNumericsTest"
                name="IntelliBridgeAllowedNumericsIsAllowedTest (195737,True) row 183"
                time="0.0002657"/>
      <testcase classname="Philips.PMP.Test.Auto.IntelliBridgeAllowedNumericsTest"
                name="IntelliBridgeAllowedNumericsIsAllowedTest (195738,True) row 184"
                time="0.0002569"/>
      <testcase classname="Philips.PMP.Test.Auto.IntelliBridgeAllowedNumericsTest"
                name="IntelliBridgeAllowedNumericsIsAllowedTest (195739,True) row 185"
                time="0.0002798"/>
      <testcase classname="Philips.PMP.Test.Auto.IntelliBridgeAllowedNumericsTest"
                name="IntelliBridgeAllowedNumericsIsAllowedTest (2147701773,True) row 186"
                time="0.0002735"/>
      <testcase classname="Philips.PMP.Test.Auto.IntelliBridgeAllowedNumericsTest"
                name="IntelliBridgeAllowedNumericsIsAllowedTest (195748,True) row 187"
                time="0.0002784"/>
      <testcase classname="Philips.PMP.Test.Auto.IntelliBridgeAllowedNumericsTest"
                name="IntelliBridgeAllowedNumericsIsAllowedTest (195749,True) row 188"
                time="0.0002831"/>
      <testcase classname="Philips.PMP.Test.Auto.IntelliBridgeAllowedNumericsTest"
                name="IntelliBridgeAllowedNumericsIsAllowedTest (195750,True) row 189"
                time="0.0050578"/>
      <testcase classname="Philips.PMP.Test.Auto.IntelliBridgeAllowedNumericsTest"
                name="IntelliBridgeAllowedNumericsIsAllowedTest (195751,True) row 190"
                time="0.0087168"/>
      <testcase classname="Philips.PMP.Test.Auto.IntelliBridgeAllowedNumericsTest"
                name="IntelliBridgeAllowedNumericsIsAllowedTest (2147701775,True) row 191"
                time="0.006077"/>
      <testcase classname="Philips.PMP.Test.Auto.IntelliBridgeAllowedNumericsTest"
                name="IntelliBridgeAllowedNumericsIsAllowedTest (195752,True) row 192"
                time="0.007358"/>
      <testcase classname="Philips.PMP.Test.Auto.IntelliBridgeAllowedNumericsTest"
                name="IntelliBridgeAllowedNumericsIsAllowedTest (195753,True) row 193"
                time="0.0126383"/>
      <testcase classname="Philips.PMP.Test.Auto.IntelliBridgeAllowedNumericsTest"
                name="IntelliBridgeAllowedNumericsIsAllowedTest (195754,True) row 194"
                time="0.0192618"/>
      <testcase classname="Philips.PMP.Test.Auto.IntelliBridgeAllowedNumericsTest"
                name="IntelliBridgeAllowedNumericsIsAllowedTest (195755,True) row 195"
                time="0.0051812"/>
      <testcase classname="Philips.PMP.Test.Auto.IntelliBridgeAllowedNumericsTest"
                name="IntelliBridgeAllowedNumericsIsAllowedTest (2147701774,True) row 196"
                time="0.0085098"/>
      <testcase classname="Philips.PMP.Test.Auto.IntelliBridgeAllowedNumericsTest"
                name="IntelliBridgeAllowedNumericsIsAllowedTest (195756,True) row 197"
                time="0.0017486"/>
      <testcase classname="Philips.PMP.Test.Auto.IntelliBridgeAllowedNumericsTest"
                name="IntelliBridgeAllowedNumericsIsAllowedTest (195757,True) row 198"
                time="0.0044752"/>
      <testcase classname="Philips.PMP.Test.Auto.IntelliBridgeAllowedNumericsTest"
                name="IntelliBridgeAllowedNumericsIsAllowedTest (195758,True) row 199"
                time="0.0052018"/>
      <testcase classname="Philips.PMP.Test.Auto.IntelliBridgeAllowedNumericsTest"
                name="IntelliBridgeAllowedNumericsIsAllowedTest (195759,True) row 200"
                time="0.0009376"/>
      <testcase classname="Philips.PMP.Test.Auto.IntelliBridgeAllowedNumericsTest"
                name="IntelliBridgeAllowedNumericsIsAllowedTest (2147701777,True) row 201"
                time="0.0026851"/>
      <testcase classname="Philips.PMP.Test.Auto.IntelliBridgeAllowedNumericsTest"
                name="IntelliBridgeAllowedNumericsIsAllowedTest (195760,True) row 202"
                time="0.0050336"/>
      <testcase classname="Philips.PMP.Test.Auto.IntelliBridgeAllowedNumericsTest"
                name="IntelliBridgeAllowedNumericsIsAllowedTest (195761,True) row 203"
                time="0.0033481"/>
      <testcase classname="Philips.PMP.Test.Auto.IntelliBridgeAllowedNumericsTest"
                name="IntelliBridgeAllowedNumericsIsAllowedTest (195762,True) row 204"
                time="0.0047657"/>
      <testcase classname="Philips.PMP.Test.Auto.IntelliBridgeAllowedNumericsTest"
                name="IntelliBridgeAllowedNumericsIsAllowedTest (195763,True) row 205"
                time="0.0007087"/>
      <testcase classname="Philips.PMP.Test.Auto.IntelliBridgeAllowedNumericsTest"
                name="IntelliBridgeAllowedNumericsIsAllowedTest (2147701772,True) row 206"
                time="0.0004535"/>
      <testcase classname="Philips.PMP.Test.Auto.IntelliBridgeAllowedNumericsTest"
                name="IntelliBridgeAllowedNumericsIsAllowedTest (195764,True) row 207"
                time="0.0073505"/>
      <testcase classname="Philips.PMP.Test.Auto.IntelliBridgeAllowedNumericsTest"
                name="IntelliBridgeAllowedNumericsIsAllowedTest (195765,True) row 208"
                time="0.0007325"/>
      <testcase classname="Philips.PMP.Test.Auto.IntelliBridgeAllowedNumericsTest"
                name="IntelliBridgeAllowedNumericsIsAllowedTest (195766,True) row 209"
                time="0.0044617"/>
      <testcase classname="Philips.PMP.Test.Auto.IntelliBridgeAllowedNumericsTest"
                name="IntelliBridgeAllowedNumericsIsAllowedTest (195767,True) row 210"
                time="0.0020958"/>
      <testcase classname="Philips.PMP.Test.Auto.IntelliBridgeAllowedNumericsTest"
                name="IntelliBridgeAllowedNumericsIsAllowedTest (2147701788,True) row 211"
                time="0.0004743"/>
      <testcase classname="Philips.PMP.Test.Auto.IntelliBridgeAllowedNumericsTest"
                name="IntelliBridgeAllowedNumericsIsAllowedTest (195768,True) row 212"
                time="0.0008381"/>
      <testcase classname="Philips.PMP.Test.Auto.IntelliBridgeAllowedNumericsTest"
                name="IntelliBridgeAllowedNumericsIsAllowedTest (195769,True) row 213"
                time="0.0148746"/>
      <testcase classname="Philips.PMP.Test.Auto.IntelliBridgeAllowedNumericsTest"
                name="IntelliBridgeAllowedNumericsIsAllowedTest (195770,True) row 214"
                time="0.0330801"/>
      <testcase classname="Philips.PMP.Test.Auto.IntelliBridgeAllowedNumericsTest"
                name="IntelliBridgeAllowedNumericsIsAllowedTest (195771,True) row 215"
                time="0.0008389"/>
      <testcase classname="Philips.PMP.Test.Auto.IntelliBridgeAllowedNumericsTest"
                name="IntelliBridgeAllowedNumericsIsAllowedTest (2147701790,True) row 216"
                time="0.0004515"/>
      <testcase classname="Philips.PMP.Test.Auto.IntelliBridgeAllowedNumericsTest"
                name="IntelliBridgeAllowedNumericsIsAllowedTest (195772,True) row 217"
                time="0.0013603"/>
      <testcase classname="Philips.PMP.Test.Auto.IntelliBridgeAllowedNumericsTest"
                name="IntelliBridgeAllowedNumericsIsAllowedTest (195773,True) row 218"
                time="0.0006631"/>
      <testcase classname="Philips.PMP.Test.Auto.IntelliBridgeAllowedNumericsTest"
                name="IntelliBridgeAllowedNumericsIsAllowedTest (195774,True) row 219"
                time="0.0037874"/>
      <testcase classname="Philips.PMP.Test.Auto.IntelliBridgeAllowedNumericsTest"
                name="IntelliBridgeAllowedNumericsIsAllowedTest (195775,True) row 220"
                time="0.006467"/>
      <testcase classname="Philips.PMP.Test.Auto.IntelliBridgeAllowedNumericsTest"
                name="IntelliBridgeAllowedNumericsIsAllowedTest (2147701789,True) row 221"
                time="0.0071017"/>
      <testcase classname="Philips.PMP.Test.Auto.IntelliBridgeAllowedNumericsTest"
                name="IntelliBridgeAllowedNumericsIsAllowedTest (195776,True) row 222"
                time="0.0067912"/>
      <testcase classname="Philips.PMP.Test.Auto.IntelliBridgeAllowedNumericsTest"
                name="IntelliBridgeAllowedNumericsIsAllowedTest (195777,True) row 223"
                time="0.0028215"/>
      <testcase classname="Philips.PMP.Test.Auto.IntelliBridgeAllowedNumericsTest"
                name="IntelliBridgeAllowedNumericsIsAllowedTest (195778,True) row 224"
                time="0.008221"/>
      <testcase classname="Philips.PMP.Test.Auto.IntelliBridgeAllowedNumericsTest"
                name="IntelliBridgeAllowedNumericsIsAllowedTest (195779,True) row 225"
                time="0.0071826"/>
      <testcase classname="Philips.PMP.Test.Auto.IntelliBridgeAllowedNumericsTest"
                name="IntelliBridgeAllowedNumericsIsAllowedTest (2147701787,True) row 226"
                time="0.0056916"/>
      <testcase classname="Philips.PMP.Test.Auto.IntelliBridgeAllowedNumericsTest"
                name="IntelliBridgeAllowedNumericsIsAllowedTest (150016,True) row 227"
                time="0.0063254"/>
      <testcase classname="Philips.PMP.Test.Auto.IntelliBridgeAllowedNumericsTest"
                name="IntelliBridgeAllowedNumericsIsAllowedTest (150017,True) row 228"
                time="0.0012825"/>
      <testcase classname="Philips.PMP.Test.Auto.IntelliBridgeAllowedNumericsTest"
                name="IntelliBridgeAllowedNumericsIsAllowedTest (150018,True) row 229"
                time="0.0028914"/>
      <testcase classname="Philips.PMP.Test.Auto.IntelliBridgeAllowedNumericsTest"
                name="IntelliBridgeAllowedNumericsIsAllowedTest (150019,True) row 230"
                time="0.0080013"/>
      <testcase classname="Philips.PMP.Test.Auto.IntelliBridgeAllowedNumericsTest"
                name="IntelliBridgeAllowedNumericsIsAllowedTest (2147701761,True) row 231"
                time="0.0022275"/>
      <testcase classname="Philips.PMP.Test.Auto.IntelliBridgeAllowedNumericsTest"
                name="IntelliBridgeAllowedNumericsIsAllowedTest (192676,True) row 232"
                time="0.0032037"/>
      <testcase classname="Philips.PMP.Test.Auto.IntelliBridgeAllowedNumericsTest"
                name="IntelliBridgeAllowedNumericsIsAllowedTest (192677,True) row 233"
                time="0.0109728"/>
      <testcase classname="Philips.PMP.Test.Auto.IntelliBridgeAllowedNumericsTest"
                name="IntelliBridgeAllowedNumericsIsAllowedTest (192678,True) row 234"
                time="0.0069176"/>
      <testcase classname="Philips.PMP.Test.Auto.IntelliBridgeAllowedNumericsTest"
                name="IntelliBridgeAllowedNumericsIsAllowedTest (192679,True) row 235"
                time="0.015509"/>
      <testcase classname="Philips.PMP.Test.Auto.IntelliBridgeAllowedNumericsTest"
                name="IntelliBridgeAllowedNumericsIsAllowedTest (2147701794,True) row 236"
                time="0.0021471"/>
      <testcase classname="Philips.PMP.Test.Auto.IntelliBridgeAllowedNumericsTest"
                name="IntelliBridgeAllowedNumericsIsAllowedTest (192680,True) row 237"
                time="0.0007488"/>
      <testcase classname="Philips.PMP.Test.Auto.IntelliBridgeAllowedNumericsTest"
                name="IntelliBridgeAllowedNumericsIsAllowedTest (192681,True) row 238"
                time="0.002333"/>
      <testcase classname="Philips.PMP.Test.Auto.IntelliBridgeAllowedNumericsTest"
                name="IntelliBridgeAllowedNumericsIsAllowedTest (192682,True) row 239"
                time="0.0004377"/>
      <testcase classname="Philips.PMP.Test.Auto.IntelliBridgeAllowedNumericsTest"
                name="IntelliBridgeAllowedNumericsIsAllowedTest (192683,True) row 240"
                time="0.0003469"/>
      <testcase classname="Philips.PMP.Test.Auto.IntelliBridgeAllowedNumericsTest"
                name="IntelliBridgeAllowedNumericsIsAllowedTest (2147701797,True) row 241"
                time="0.0003306"/>
      <testcase classname="Philips.PMP.Test.Auto.IntelliBridgeAllowedNumericsTest"
                name="IntelliBridgeAllowedNumericsIsAllowedTest (192684,True) row 242"
                time="0.0002988"/>
      <testcase classname="Philips.PMP.Test.Auto.IntelliBridgeAllowedNumericsTest"
                name="IntelliBridgeAllowedNumericsIsAllowedTest (192685,True) row 243"
                time="0.0002701"/>
      <testcase classname="Philips.PMP.Test.Auto.IntelliBridgeAllowedNumericsTest"
                name="IntelliBridgeAllowedNumericsIsAllowedTest (192686,True) row 244"
                time="0.0003308"/>
      <testcase classname="Philips.PMP.Test.Auto.IntelliBridgeAllowedNumericsTest"
                name="IntelliBridgeAllowedNumericsIsAllowedTest (192687,True) row 245"
                time="0.0048563"/>
      <testcase classname="Philips.PMP.Test.Auto.IntelliBridgeAllowedNumericsTest"
                name="IntelliBridgeAllowedNumericsIsAllowedTest (2147701800,True) row 246"
                time="0.0003797"/>
      <testcase classname="Philips.PMP.Test.Auto.IntelliBridgeAllowedNumericsTest"
                name="IntelliBridgeAllowedNumericsIsAllowedTest (192688,True) row 247"
                time="0.0003152"/>
      <testcase classname="Philips.PMP.Test.Auto.IntelliBridgeAllowedNumericsTest"
                name="IntelliBridgeAllowedNumericsIsAllowedTest (192689,True) row 248"
                time="0.0002867"/>
      <testcase classname="Philips.PMP.Test.Auto.IntelliBridgeAllowedNumericsTest"
                name="IntelliBridgeAllowedNumericsIsAllowedTest (192690,True) row 249"
                time="0.000292"/>
      <testcase classname="Philips.PMP.Test.Auto.IntelliBridgeAllowedNumericsTest"
                name="IntelliBridgeAllowedNumericsIsAllowedTest (192691,True) row 250"
                time="0.0002806"/>
      <testcase classname="Philips.PMP.Test.Auto.IntelliBridgeAllowedNumericsTest"
                name="IntelliBridgeAllowedNumericsIsAllowedTest (2147701803,True) row 251"
                time="0.000271"/>
      <testcase classname="Philips.PMP.Test.Auto.IntelliBridgeAllowedNumericsTest"
                name="IntelliBridgeAllowedNumericsIsAllowedTest (192632,False) row 252"
                time="0.0002736"/>
      <testcase classname="Philips.PMP.Test.Auto.IntelliBridgeAllowedNumericsTest"
                name="IntelliBridgeAllowedNumericsIsAllowedTest (150052,True) row 253"
                time="0.0002671"/>
      <testcase classname="Philips.PMP.Test.Auto.IntelliBridgeAllowedNumericsTest"
                name="IntelliBridgeAllowedNumericsIsAllowedTest (153604,True) row 254"
                time="0.0002657"/>
      <testcase classname="Philips.PMP.Test.Auto.IntelliBridgeAllowedNumericsTest"
                name="IntelliBridgeAllowedNumericsIsAllowedTest (192739,False) row 255"
                time="0.0002928"/>
      <testcase classname="Philips.PMP.Test.Auto.IntelliBridgeAllowedNumericsTest"
                name="IntelliBridgeAllowedNumericsIsAllowedTest (195569,False) row 256"
                time="0.0002778"/>
      <testcase classname="Philips.PMP.Test.Auto.IntelliBridgeAllowedNumericsTest"
                name="IntelliBridgeAllowedNumericsIsAllowedTest (150492,True) row 257"
                time="0.000426"/>
      <testcase classname="Philips.PMP.Test.Auto.IntelliBridgeAllowedNumericsTest"
                name="IntelliBridgeAllowedNumericsIsAllowedTest (192583,True) row 258"
                time="0.0003489"/>
      <testcase classname="Philips.PMP.Test.Auto.IntelliBridgeAllowedNumericsTest"
                name="IntelliBridgeAllowedNumericsIsAllowedTest (150404,True) row 259"
                time="0.0004841"/>
      <testcase classname="Philips.PMP.Test.Auto.IntelliBridgeAllowedNumericsTest"
                name="IntelliBridgeAllowedNumericsIsAllowedTest (192584,True) row 260"
                time="0.0003318"/>
      <testcase classname="Philips.PMP.Test.Auto.IntelliBridgeAllowedNumericsTest"
                name="IntelliBridgeAllowedNumericsIsAllowedTest (192585,True) row 261"
                time="0.0002865"/>
      <testcase classname="Philips.PMP.Test.Auto.IntelliBridgeAllowedNumericsTest"
                name="IntelliBridgeAllowedNumericsIsAllowedTest (150565,False) row 262"
                time="0.0003175"/>
      <testcase classname="Philips.PMP.Test.Auto.IntelliBridgeAllowedNumericsTest"
                name="IntelliBridgeAllowedNumericsIsAllowedTest (150276,True) row 263"
                time="0.00036"/>
      <testcase classname="Philips.PMP.Test.Auto.IntelliBridgeAllowedNumericsTest"
                name="IntelliBridgeAllowedNumericsIsAllowedTest (149772,True) row 264"
                time="0.0003307"/>
      <testcase classname="Philips.PMP.Test.Auto.IntelliBridgeAllowedNumericsTest"
                name="IntelliBridgeAllowedNumericsIsAllowedTest (192576,False) row 265"
                time="0.0003187"/>
      <testcase classname="Philips.PMP.Test.Auto.IntelliBridgeAllowedNumericsTest"
                name="IntelliBridgeAllowedNumericsIsAllowedTest (192577,False) row 266"
                time="0.0003155"/>
      <testcase classname="Philips.PMP.Test.Auto.IntelliBridgeAllowedNumericsTest"
                name="IntelliBridgeAllowedNumericsIsAllowedTest (192578,False) row 267"
                time="0.0002956"/>
      <testcase classname="Philips.PMP.Test.Auto.IntelliBridgeAllowedNumericsTest"
                name="IntelliBridgeAllowedNumericsIsAllowedTest (192579,False) row 268"
                time="0.0002853"/>
      <testcase classname="Philips.PMP.Test.Auto.IntelliBridgeAllowedNumericsTest"
                name="IntelliBridgeAllowedNumericsIsAllowedTest (192580,True) row 269"
                time="0.0002906"/>
      <testcase classname="Philips.PMP.Test.Auto.IntelliBridgeAllowedNumericsTest"
                name="IntelliBridgeAllowedNumericsIsAllowedTest (192581,True) row 270"
                time="0.0002827"/>
      <testcase classname="Philips.PMP.Test.Auto.IntelliBridgeAllowedNumericsTest"
                name="IntelliBridgeAllowedNumericsIsAllowedTest (192582,True) row 271"
                time="0.0002822"/>
      <testcase classname="Philips.PMP.Test.Auto.IntelliBridgeAllowedNumericsTest"
                name="IntelliBridgeAllowedNumericsIsAllowedTest (192774,True) row 272"
                time="0.000284"/>
      <testcase classname="Philips.PMP.Test.Auto.IntelliBridgeAllowedNumericsTest"
                name="IntelliBridgeAllowedNumericsIsAllowedTest (192773,True) row 273"
                time="0.0002944"/>
      <testcase classname="Philips.PMP.Test.Auto.IntelliBridgeAllowedNumericsTest"
                name="IntelliBridgeAllowedNumericsIsAllowedTest (195595,False) row 274"
                time="0.0002859"/>
      <testcase classname="Philips.PMP.Test.Auto.IntelliBridgeAllowedNumericsTest"
                name="IntelliBridgeAllowedNumericsIsAllowedTest (195596,False) row 275"
                time="0.0002908"/>
      <testcase classname="Philips.PMP.Test.Auto.IntelliBridgeAllowedNumericsTest"
                name="IntelliBridgeAllowedNumericsIsAllowedTest (192769,False) row 276"
                time="0.0003724"/>
      <testcase classname="Philips.PMP.Test.Auto.IntelliBridgeAllowedNumericsTest"
                name="IntelliBridgeAllowedNumericsIsAllowedTest (192842,False) row 277"
                time="0.0003713"/>
      <testcase classname="Philips.PMP.Test.Auto.IntelliBridgeAllowedNumericsTest"
                name="IntelliBridgeAllowedNumericsIsAllowedTest (150324,True) row 278"
                time="0.000294"/>
      <testcase classname="Philips.PMP.Test.Auto.IntelliBridgeAllowedNumericsTest"
                name="IntelliBridgeAllowedNumericsIsAllowedTest (150332,True) row 279"
                time="0.0002907"/>
      <testcase classname="Philips.PMP.Test.Auto.IntelliBridgeAllowedNumericsTest"
                name="IntelliBridgeAllowedNumericsIsAllowedTest (192768,False) row 280"
                time="0.0002639"/>
      <testcase classname="Philips.PMP.Test.Auto.IntelliBridgeAllowedNumericsTest"
                name="IntelliBridgeAllowedNumericsIsAllowedTest (150316,True) row 281"
                time="0.0005685"/>
      <testcase classname="Philips.PMP.Test.Auto.IntelliBridgeAllowedNumericsTest"
                name="IntelliBridgeAllowedNumericsIsAllowedTest (194717,False) row 282"
                time="0.000305"/>
      <testcase classname="Philips.PMP.Test.Auto.IntelliBridgeAllowedNumericsTest"
                name="IntelliBridgeAllowedNumericsIsAllowedTest (194718,False) row 283"
                time="0.0003004"/>
      <testcase classname="Philips.PMP.Test.Auto.IntelliBridgeAllowedNumericsTest"
                name="IntelliBridgeAllowedNumericsIsAllowedTest (194914,False) row 284"
                time="0.000336"/>
      <testcase classname="Philips.PMP.Test.Auto.IntelliBridgeAllowedNumericsTest"
                name="IntelliBridgeAllowedNumericsIsAllowedTest (194915,False) row 285"
                time="0.0002935"/>
      <testcase classname="Philips.PMP.Test.Auto.IntelliBridgeAllowedNumericsTest"
                name="IntelliBridgeAllowedNumericsIsAllowedTest (194916,False) row 286"
                time="0.0002872"/>
      <testcase classname="Philips.PMP.Test.Auto.IntelliBridgeAllowedNumericsTest"
                name="IntelliBridgeAllowedNumericsIsAllowedTest (194917,False) row 287"
                time="0.0004015"/>
      <testcase classname="Philips.PMP.Test.Auto.IntelliBridgeAllowedNumericsTest"
                name="IntelliBridgeAllowedNumericsIsAllowedTest (192626,False) row 288"
                time="0.0004083"/>
      <testcase classname="Philips.PMP.Test.Auto.IntelliBridgeAllowedNumericsTest"
                name="IntelliBridgeAllowedNumericsIsAllowedTest (192627,False) row 289"
                time="0.0167017"/>
      <testcase classname="Philips.PMP.Test.Auto.IntelliBridgeAllowedNumericsTest"
                name="IntelliBridgeAllowedNumericsIsAllowedTest (192629,False) row 290"
                time="0.0005112"/>
      <testcase classname="Philips.PMP.Test.Auto.IntelliBridgeAllowedNumericsTest"
                name="IntelliBridgeAllowedNumericsIsAllowedTest (192628,False) row 291"
                time="0.0012144"/>
      <testcase classname="Philips.PMP.Test.Auto.IntelliBridgeAllowedNumericsTest"
                name="IntelliBridgeAllowedNumericsIsAllowedTest (192621,False) row 292"
                time="0.0003605"/>
      <testcase classname="Philips.PMP.Test.Auto.IntelliBridgeAllowedNumericsTest"
                name="IntelliBridgeAllowedNumericsIsAllowedTest (192622,False) row 293"
                time="0.0003298"/>
      <testcase classname="Philips.PMP.Test.Auto.IntelliBridgeAllowedNumericsTest"
                name="IntelliBridgeAllowedNumericsIsAllowedTest (192623,False) row 294"
                time="0.0003278"/>
      <testcase classname="Philips.PMP.Test.Auto.IntelliBridgeAllowedNumericsTest"
                name="IntelliBridgeAllowedNumericsIsAllowedTest (192624,False) row 295"
                time="0.0003402"/>
      <testcase classname="Philips.PMP.Test.Auto.IntelliBridgeAllowedNumericsTest"
                name="IntelliBridgeAllowedNumericsIsAllowedTest (150336,False) row 296"
                time="0.0003108"/>
      <testcase classname="Philips.PMP.Test.Auto.IntelliBridgeAllowedNumericsTest"
                name="IntelliBridgeAllowedNumericsIsAllowedTest (192620,False) row 297"
                time="0.0002986"/>
      <testcase classname="Philips.PMP.Test.Auto.IntelliBridgeAllowedNumericsTest"
                name="IntelliBridgeAllowedNumericsIsAllowedTest (195835,True) row 298"
                time="0.000332"/>
      <testcase classname="Philips.PMP.Test.Auto.IntelliBridgeAllowedNumericsTest"
                name="IntelliBridgeAllowedNumericsIsAllowedTest (195836,True) row 299"
                time="0.0003194"/>
      <testcase classname="Philips.PMP.Test.Auto.IntelliBridgeAllowedNumericsTest"
                name="IntelliBridgeAllowedNumericsIsAllowedTest (195837,True) row 300"
                time="0.0112237"/>
      <testcase classname="Philips.PMP.Test.Auto.IntelliBridgeAllowedNumericsTest"
                name="IntelliBridgeAllowedNumericsIsAllowedTest (195838,True) row 301"
                time="0.0004569"/>
      <testcase classname="Philips.PMP.Test.Auto.IntelliBridgeAllowedNumericsTest"
                name="IntelliBridgeAllowedNumericsIsAllowedTest (195843,False) row 302"
                time="0.0003333"/>
      <testcase classname="Philips.PMP.Test.Auto.IntelliBridgeAllowedNumericsTest"
                name="IntelliBridgeAllowedNumericsIsAllowedTest (195844,False) row 303"
                time="0.00029"/>
      <testcase classname="Philips.PMP.Test.Auto.IntelliBridgeAllowedNumericsTest"
                name="IntelliBridgeAllowedNumericsIsAllowedTest (195845,False) row 304"
                time="0.0002686"/>
      <testcase classname="Philips.PMP.Test.Auto.IntelliBridgeAllowedNumericsTest"
                name="IntelliBridgeAllowedNumericsIsAllowedTest (195846,False) row 305"
                time="0.0002904"/>
      <testcase classname="Philips.PMP.Test.Auto.IntelliBridgeAllowedNumericsTest"
                name="IntelliBridgeAllowedNumericsIsAllowedTest (195847,False) row 306"
                time="0.0002919"/>
      <testcase classname="Philips.PMP.Test.Auto.IntelliBridgeAllowedNumericsTest"
                name="IntelliBridgeAllowedNumericsIsAllowedTest (195848,False) row 307"
                time="0.0002848"/>
      <testcase classname="Philips.PMP.Test.Auto.IntelliBridgeAllowedNumericsTest"
                name="IntelliBridgeAllowedNumericsIsAllowedTest (195849,False) row 308"
                time="0.0002737"/>
      <testcase classname="Philips.PMP.Test.Auto.IntelliBridgeAllowedNumericsTest"
                name="IntelliBridgeAllowedNumericsIsAllowedTest (195850,False) row 309"
                time="0.0003077"/>
      <testcase classname="Philips.PMP.Test.Auto.IntelliBridgeAllowedNumericsTest"
                name="IntelliBridgeAllowedNumericsIsAllowedTest (195839,False) row 310"
                time="0.000439"/>
      <testcase classname="Philips.PMP.Test.Auto.IntelliBridgeAllowedNumericsTest"
                name="IntelliBridgeAllowedNumericsIsAllowedTest (195840,False) row 311"
                time="0.0002973"/>
      <testcase classname="Philips.PMP.Test.Auto.IntelliBridgeAllowedNumericsTest"
                name="IntelliBridgeAllowedNumericsIsAllowedTest (195841,False) row 312"
                time="0.0002943"/>
      <testcase classname="Philips.PMP.Test.Auto.IntelliBridgeAllowedNumericsTest"
                name="IntelliBridgeAllowedNumericsIsAllowedTest (195842,False) row 313"
                time="0.0003165"/>
      <testcase classname="Philips.PMP.Test.Auto.IntelliBridgeAllowedNumericsTest"
                name="IntelliBridgeAllowedNumericsIsAllowedTest (192593,True) row 314"
                time="0.000292"/>
      <testcase classname="Philips.PMP.Test.Auto.IntelliBridgeAllowedNumericsTest"
                name="IntelliBridgeAllowedNumericsIsAllowedTest (151760,True) row 315"
                time="0.0002967"/>
      <testcase classname="Philips.PMP.Test.Auto.IntelliBridgeAllowedNumericsTest"
                name="IntelliBridgeAllowedNumericsIsAllowedTest (151756,True) row 316"
                time="0.0105697"/>
      <testcase classname="Philips.PMP.Test.Auto.IntelliBridgeAllowedNumericsTest"
                name="IntelliBridgeAllowedNumericsIsAllowedTest (192574,False) row 317"
                time="0.0004328"/>
      <testcase classname="Philips.PMP.Test.Auto.IntelliBridgeAllowedNumericsTest"
                name="IntelliBridgeAllowedNumericsIsAllowedTest (192575,False) row 318"
                time="0.0003266"/>
      <testcase classname="Philips.PMP.Test.Auto.IntelliBridgeAllowedNumericsTest"
                name="IntelliBridgeAllowedNumericsIsAllowedTest (192630,False) row 319"
                time="0.0003118"/>
      <testcase classname="Philips.PMP.Test.Auto.IntelliBridgeAllowedNumericsTest"
                name="IntelliBridgeAllowedNumericsIsAllowedTest (151724,True) row 320"
                time="0.0002934"/>
      <testcase classname="Philips.PMP.Test.Auto.IntelliBridgeAllowedNumericsTest"
                name="IntelliBridgeAllowedNumericsIsAllowedTest (151728,True) row 321"
                time="0.0002763"/>
      <testcase classname="Philips.PMP.Test.Auto.IntelliBridgeAllowedNumericsTest"
                name="IntelliBridgeAllowedNumericsIsAllowedTest (151738,True) row 322"
                time="0.000307"/>
      <testcase classname="Philips.PMP.Test.Auto.IntelliBridgeAllowedNumericsTest"
                name="IntelliBridgeAllowedNumericsIsAllowedTest (192738,True) row 323"
                time="0.0002605"/>
      <testcase classname="Philips.PMP.Test.Auto.IntelliBridgeAllowedNumericsTest"
                name="IntelliBridgeAllowedNumericsIsAllowedTest (151570,True) row 324"
                time="0.000354"/>
      <testcase classname="Philips.PMP.Test.Auto.IntelliBridgeAllowedNumericsTest"
                name="IntelliBridgeAllowedNumericsIsAllowedTest (151908,True) row 325"
                time="0.0131279"/>
      <testcase classname="Philips.PMP.Test.Auto.IntelliBridgeAllowedNumericsTest"
                name="IntelliBridgeAllowedNumericsIsAllowedTest (152440,True) row 326"
                time="0.0005589"/>
      <testcase classname="Philips.PMP.Test.Auto.IntelliBridgeAllowedNumericsTest"
                name="IntelliBridgeAllowedNumericsIsAllowedTest (152196,True) row 327"
                time="0.0003706"/>
      <testcase classname="Philips.PMP.Test.Auto.IntelliBridgeAllowedNumericsTest"
                name="IntelliBridgeAllowedNumericsIsAllowedTest (160920,True) row 328"
                time="0.0003299"/>
      <testcase classname="Philips.PMP.Test.Auto.IntelliBridgeAllowedNumericsTest"
                name="IntelliBridgeAllowedNumericsIsAllowedTest (195417,False) row 329"
                time="0.0003234"/>
      <testcase classname="Philips.PMP.Test.Auto.IntelliBridgeAllowedNumericsTest"
                name="IntelliBridgeAllowedNumericsIsAllowedTest (151562,True) row 330"
                time="0.0136807"/>
      <testcase classname="Philips.PMP.Test.Auto.IntelliBridgeAllowedNumericsTest"
                name="IntelliBridgeAllowedNumericsIsAllowedTest (151780,False) row 331"
                time="0.0004976"/>
      <testcase classname="Philips.PMP.Test.Auto.IntelliBridgeAllowedNumericsTest"
                name="IntelliBridgeAllowedNumericsIsAllowedTest (195423,False) row 332"
                time="0.0005538"/>
      <testcase classname="Philips.PMP.Test.Auto.IntelliBridgeAllowedNumericsTest"
                name="IntelliBridgeAllowedNumericsIsAllowedTest (195124,False) row 333"
                time="0.0003562"/>
      <testcase classname="Philips.PMP.Test.Auto.IntelliBridgeAllowedNumericsTest"
                name="IntelliBridgeAllowedNumericsIsAllowedTest (151776,False) row 334"
                time="0.0003114"/>
      <testcase classname="Philips.PMP.Test.Auto.IntelliBridgeAllowedNumericsTest"
                name="IntelliBridgeAllowedNumericsIsAllowedTest (194690,False) row 335"
                time="0.0002916"/>
      <testcase classname="Philips.PMP.Test.Auto.IntelliBridgeAllowedNumericsTest"
                name="IntelliBridgeAllowedNumericsIsAllowedTest (151784,False) row 336"
                time="0.000368"/>
      <testcase classname="Philips.PMP.Test.Auto.IntelliBridgeAllowedNumericsTest"
                name="IntelliBridgeAllowedNumericsIsAllowedTest (195510,False) row 337"
                time="0.0003168"/>
      <testcase classname="Philips.PMP.Test.Auto.IntelliBridgeAllowedNumericsTest"
                name="IntelliBridgeAllowedNumericsIsAllowedTest (151792,True) row 338"
                time="0.0003108"/>
      <testcase classname="Philips.PMP.Test.Auto.IntelliBridgeAllowedNumericsTest"
                name="IntelliBridgeAllowedNumericsIsAllowedTest (151794,True) row 339"
                time="0.0003243"/>
      <testcase classname="Philips.PMP.Test.Auto.IntelliBridgeAllowedNumericsTest"
                name="IntelliBridgeAllowedNumericsIsAllowedTest (151796,True) row 340"
                time="0.0003058"/>
      <testcase classname="Philips.PMP.Test.Auto.IntelliBridgeAllowedNumericsTest"
                name="IntelliBridgeAllowedNumericsIsAllowedTest (151808,True) row 341"
                time="0.0002911"/>
      <testcase classname="Philips.PMP.Test.Auto.IntelliBridgeAllowedNumericsTest"
                name="IntelliBridgeAllowedNumericsIsAllowedTest (151816,True) row 342"
                time="0.000324"/>
      <testcase classname="Philips.PMP.Test.Auto.IntelliBridgeAllowedNumericsTest"
                name="IntelliBridgeAllowedNumericsIsAllowedTest (151817,True) row 343"
                time="0.0027354"/>
      <testcase classname="Philips.PMP.Test.Auto.IntelliBridgeAllowedNumericsTest"
                name="IntelliBridgeAllowedNumericsIsAllowedTest (151819,True) row 344"
                time="0.0003671"/>
      <testcase classname="Philips.PMP.Test.Auto.IntelliBridgeAllowedNumericsTest"
                name="IntelliBridgeAllowedNumericsIsAllowedTest (151832,True) row 345"
                time="0.00032"/>
      <testcase classname="Philips.PMP.Test.Auto.IntelliBridgeAllowedNumericsTest"
                name="IntelliBridgeAllowedNumericsIsAllowedTest (195452,True) row 346"
                time="0.0003112"/>
      <testcase classname="Philips.PMP.Test.Auto.IntelliBridgeAllowedNumericsTest"
                name="IntelliBridgeAllowedNumericsIsAllowedTest (195453,True) row 347"
                time="0.0003749"/>
      <testcase classname="Philips.PMP.Test.Auto.IntelliBridgeAllowedNumericsTest"
                name="IntelliBridgeAllowedNumericsIsAllowedTest (151836,False) row 348"
                time="0.0003288"/>
      <testcase classname="Philips.PMP.Test.Auto.IntelliBridgeAllowedNumericsTest"
                name="IntelliBridgeAllowedNumericsIsAllowedTest (151840,True) row 349"
                time="0.0003231"/>
      <testcase classname="Philips.PMP.Test.Auto.IntelliBridgeAllowedNumericsTest"
                name="IntelliBridgeAllowedNumericsIsAllowedTest (151868,True) row 350"
                time="0.0015316"/>
      <testcase classname="Philips.PMP.Test.Auto.IntelliBridgeAllowedNumericsTest"
                name="IntelliBridgeAllowedNumericsIsAllowedTest (192737,True) row 351"
                time="0.0027626"/>
      <testcase classname="Philips.PMP.Test.Auto.IntelliBridgeAllowedNumericsTest"
                name="IntelliBridgeAllowedNumericsIsAllowedTest (192736,True) row 352"
                time="0.0003807"/>
      <testcase classname="Philips.PMP.Test.Auto.IntelliBridgeAllowedNumericsTest"
                name="IntelliBridgeAllowedNumericsIsAllowedTest (151880,True) row 353"
                time="0.0003389"/>
      <testcase classname="Philips.PMP.Test.Auto.IntelliBridgeAllowedNumericsTest"
                name="IntelliBridgeAllowedNumericsIsAllowedTest (151884,True) row 354"
                time="0.0004629"/>
      <testcase classname="Philips.PMP.Test.Auto.IntelliBridgeAllowedNumericsTest"
                name="IntelliBridgeAllowedNumericsIsAllowedTest (151888,True) row 355"
                time="0.0003336"/>
      <testcase classname="Philips.PMP.Test.Auto.IntelliBridgeAllowedNumericsTest"
                name="IntelliBridgeAllowedNumericsIsAllowedTest (192767,False) row 356"
                time="0.001789"/>
      <testcase classname="Philips.PMP.Test.Auto.IntelliBridgeAllowedNumericsTest"
                name="IntelliBridgeAllowedNumericsIsAllowedTest (192657,True) row 357"
                time="0.0004493"/>
      <testcase classname="Philips.PMP.Test.Auto.IntelliBridgeAllowedNumericsTest"
                name="IntelliBridgeAllowedNumericsIsAllowedTest (195355,True) row 358"
                time="0.0003769"/>
      <testcase classname="Philips.PMP.Test.Auto.IntelliBridgeAllowedNumericsTest"
                name="IntelliBridgeAllowedNumericsIsAllowedTest (151912,False) row 359"
                time="0.0025657"/>
      <testcase classname="Philips.PMP.Test.Auto.IntelliBridgeAllowedNumericsTest"
                name="IntelliBridgeAllowedNumericsIsAllowedTest (151932,False) row 360"
                time="0.0107384"/>
      <testcase classname="Philips.PMP.Test.Auto.IntelliBridgeAllowedNumericsTest"
                name="IntelliBridgeAllowedNumericsIsAllowedTest (151948,True) row 361"
                time="0.0004983"/>
      <testcase classname="Philips.PMP.Test.Auto.IntelliBridgeAllowedNumericsTest"
                name="IntelliBridgeAllowedNumericsIsAllowedTest (151952,False) row 362"
                time="0.0003807"/>
      <testcase classname="Philips.PMP.Test.Auto.IntelliBridgeAllowedNumericsTest"
                name="IntelliBridgeAllowedNumericsIsAllowedTest (151964,True) row 363"
                time="0.0004614"/>
      <testcase classname="Philips.PMP.Test.Auto.IntelliBridgeAllowedNumericsTest"
                name="IntelliBridgeAllowedNumericsIsAllowedTest (151976,True) row 364"
                time="0.0003773"/>
      <testcase classname="Philips.PMP.Test.Auto.IntelliBridgeAllowedNumericsTest"
                name="IntelliBridgeAllowedNumericsIsAllowedTest (151984,True) row 365"
                time="0.0019846"/>
      <testcase classname="Philips.PMP.Test.Auto.IntelliBridgeAllowedNumericsTest"
                name="IntelliBridgeAllowedNumericsIsAllowedTest (151988,True) row 366"
                time="0.0004159"/>
      <testcase classname="Philips.PMP.Test.Auto.IntelliBridgeAllowedNumericsTest"
                name="IntelliBridgeAllowedNumericsIsAllowedTest (151992,True) row 367"
                time="0.0003597"/>
      <testcase classname="Philips.PMP.Test.Auto.IntelliBridgeAllowedNumericsTest"
                name="IntelliBridgeAllowedNumericsIsAllowedTest (152432,True) row 368"
                time="0.0003318"/>
      <testcase classname="Philips.PMP.Test.Auto.IntelliBridgeAllowedNumericsTest"
                name="IntelliBridgeAllowedNumericsIsAllowedTest (152436,False) row 369"
                time="0.0003116"/>
      <testcase classname="Philips.PMP.Test.Auto.IntelliBridgeAllowedNumericsTest"
                name="IntelliBridgeAllowedNumericsIsAllowedTest (151680,True) row 370"
                time="0.0002982"/>
      <testcase classname="Philips.PMP.Test.Auto.IntelliBridgeAllowedNumericsTest"
                name="IntelliBridgeAllowedNumericsIsAllowedTest (151688,True) row 371"
                time="0.0003034"/>
      <testcase classname="Philips.PMP.Test.Auto.IntelliBridgeAllowedNumericsTest"
                name="IntelliBridgeAllowedNumericsIsAllowedTest (151692,True) row 372"
                time="0.000293"/>
      <testcase classname="Philips.PMP.Test.Auto.IntelliBridgeAllowedNumericsTest"
                name="IntelliBridgeAllowedNumericsIsAllowedTest (151696,True) row 373"
                time="0.0002792"/>
      <testcase classname="Philips.PMP.Test.Auto.IntelliBridgeAllowedNumericsTest"
                name="IntelliBridgeAllowedNumericsIsAllowedTest (151773,True) row 374"
                time="0.0002837"/>
      <testcase classname="Philips.PMP.Test.Auto.IntelliBridgeAllowedNumericsTest"
                name="IntelliBridgeAllowedNumericsIsAllowedTest (151769,True) row 375"
                time="0.009174"/>
      <testcase classname="Philips.PMP.Test.Auto.IntelliBridgeAllowedNumericsTest"
                name="IntelliBridgeAllowedNumericsIsAllowedTest (192948,True) row 376"
                time="0.0016235"/>
      <testcase classname="Philips.PMP.Test.Auto.IntelliBridgeAllowedNumericsTest"
                name="IntelliBridgeAllowedNumericsIsAllowedTest (192944,True) row 377"
                time="0.0004057"/>
      <testcase classname="Philips.PMP.Test.Auto.IntelliBridgeAllowedNumericsTest"
                name="IntelliBridgeAllowedNumericsIsAllowedTest (151872,True) row 378"
                time="0.0003289"/>
      <testcase classname="Philips.PMP.Test.Auto.IntelliBridgeAllowedNumericsTest"
                name="IntelliBridgeAllowedNumericsIsAllowedTest (192952,True) row 379"
                time="0.0003355"/>
      <testcase classname="Philips.PMP.Test.Auto.IntelliBridgeAllowedNumericsTest"
                name="IntelliBridgeAllowedNumericsIsAllowedTest (195460,True) row 380"
                time="0.0003195"/>
      <testcase classname="Philips.PMP.Test.Auto.IntelliBridgeAllowedNumericsTest"
                name="IntelliBridgeAllowedNumericsIsAllowedTest (195461,True) row 381"
                time="0.0003504"/>
      <testcase classname="Philips.PMP.Test.Auto.IntelliBridgeAllowedNumericsTest"
                name="IntelliBridgeAllowedNumericsIsAllowedTest (151828,True) row 382"
                time="0.0003435"/>
      <testcase classname="Philips.PMP.Test.Auto.IntelliBridgeAllowedNumericsTest"
                name="IntelliBridgeAllowedNumericsIsAllowedTest (192932,True) row 383"
                time="0.0003449"/>
      <testcase classname="Philips.PMP.Test.Auto.IntelliBridgeAllowedNumericsTest"
                name="IntelliBridgeAllowedNumericsIsAllowedTest (192933,True) row 384"
                time="0.0003633"/>
      <testcase classname="Philips.PMP.Test.Auto.IntelliBridgeAllowedNumericsTest"
                name="IntelliBridgeAllowedNumericsIsAllowedTest (192590,True) row 385"
                time="0.0003345"/>
      <testcase classname="Philips.PMP.Test.Auto.IntelliBridgeAllowedNumericsTest"
                name="IntelliBridgeAllowedNumericsIsAllowedTest (195262,True) row 386"
                time="0.0003738"/>
      <testcase classname="Philips.PMP.Test.Auto.IntelliBridgeAllowedNumericsTest"
                name="IntelliBridgeAllowedNumericsIsAllowedTest (195263,True) row 387"
                time="0.0009285"/>
      <testcase classname="Philips.PMP.Test.Auto.IntelliBridgeAllowedNumericsTest"
                name="IntelliBridgeAllowedNumericsIsAllowedTest (192589,True) row 388"
                time="0.0004539"/>
      <testcase classname="Philips.PMP.Test.Auto.IntelliBridgeAllowedNumericsTest"
                name="IntelliBridgeAllowedNumericsIsAllowedTest (195266,True) row 389"
                time="0.000318"/>
      <testcase classname="Philips.PMP.Test.Auto.IntelliBridgeAllowedNumericsTest"
                name="IntelliBridgeAllowedNumericsIsAllowedTest (195267,True) row 390"
                time="0.000464"/>
      <testcase classname="Philips.PMP.Test.Auto.IntelliBridgeAllowedNumericsTest"
                name="IntelliBridgeAllowedNumericsIsAllowedTest (153660,True) row 391"
                time="0.0004908"/>
      <testcase classname="Philips.PMP.Test.Auto.IntelliBridgeAllowedNumericsTest"
                name="IntelliBridgeAllowedNumericsIsAllowedTest (153916,True) row 392"
                time="0.000388"/>
      <testcase classname="Philips.PMP.Test.Auto.IntelliBridgeAllowedNumericsTest"
                name="IntelliBridgeAllowedNumericsIsAllowedTest (195264,True) row 393"
                time="0.0004409"/>
      <testcase classname="Philips.PMP.Test.Auto.IntelliBridgeAllowedNumericsTest"
                name="IntelliBridgeAllowedNumericsIsAllowedTest (195265,True) row 394"
                time="0.000397"/>
      <testcase classname="Philips.PMP.Test.Auto.IntelliBridgeAllowedNumericsTest"
                name="IntelliBridgeAllowedNumericsIsAllowedTest (195280,True) row 395"
                time="0.0056347"/>
      <testcase classname="Philips.PMP.Test.Auto.IntelliBridgeAllowedNumericsTest"
                name="IntelliBridgeAllowedNumericsIsAllowedTest (195532,True) row 396"
                time="0.0004424"/>
      <testcase classname="Philips.PMP.Test.Auto.IntelliBridgeAllowedNumericsTest"
                name="IntelliBridgeAllowedNumericsIsAllowedTest (195533,True) row 397"
                time="0.0003508"/>
      <testcase classname="Philips.PMP.Test.Auto.IntelliBridgeAllowedNumericsTest"
                name="IntelliBridgeAllowedNumericsIsAllowedTest (192586,True) row 398"
                time="0.0003394"/>
      <testcase classname="Philips.PMP.Test.Auto.IntelliBridgeAllowedNumericsTest"
                name="IntelliBridgeAllowedNumericsIsAllowedTest (195268,True) row 399"
                time="0.000316"/>
      <testcase classname="Philips.PMP.Test.Auto.IntelliBridgeAllowedNumericsTest"
                name="IntelliBridgeAllowedNumericsIsAllowedTest (195269,True) row 400"
                time="0.0003157"/>
      <testcase classname="Philips.PMP.Test.Auto.IntelliBridgeAllowedNumericsTest"
                name="IntelliBridgeAllowedNumericsIsAllowedTest (154028,True) row 401"
                time="0.0002902"/>
      <testcase classname="Philips.PMP.Test.Auto.IntelliBridgeAllowedNumericsTest"
                name="IntelliBridgeAllowedNumericsIsAllowedTest (195270,True) row 402"
                time="0.0002725"/>
      <testcase classname="Philips.PMP.Test.Auto.IntelliBridgeAllowedNumericsTest"
                name="IntelliBridgeAllowedNumericsIsAllowedTest (195271,True) row 403"
                time="0.0002968"/>
      <testcase classname="Philips.PMP.Test.Auto.IntelliBridgeAllowedNumericsTest"
                name="IntelliBridgeAllowedNumericsIsAllowedTest (154040,True) row 404"
                time="0.0003152"/>
      <testcase classname="Philips.PMP.Test.Auto.IntelliBridgeAllowedNumericsTest"
                name="IntelliBridgeAllowedNumericsIsAllowedTest (194673,True) row 405"
                time="0.0002807"/>
      <testcase classname="Philips.PMP.Test.Auto.IntelliBridgeAllowedNumericsTest"
                name="IntelliBridgeAllowedNumericsIsAllowedTest (194674,True) row 406"
                time="0.000304"/>
      <testcase classname="Philips.PMP.Test.Auto.IntelliBridgeAllowedNumericsTest"
                name="IntelliBridgeAllowedNumericsIsAllowedTest (192592,True) row 407"
                time="0.0003173"/>
      <testcase classname="Philips.PMP.Test.Auto.IntelliBridgeAllowedNumericsTest"
                name="IntelliBridgeAllowedNumericsIsAllowedTest (153992,True) row 408"
                time="0.0003262"/>
      <testcase classname="Philips.PMP.Test.Auto.IntelliBridgeAllowedNumericsTest"
                name="IntelliBridgeAllowedNumericsIsAllowedTest (194643,True) row 409"
                time="0.000304"/>
      <testcase classname="Philips.PMP.Test.Auto.IntelliBridgeAllowedNumericsTest"
                name="IntelliBridgeAllowedNumericsIsAllowedTest (194644,True) row 410"
                time="0.0002863"/>
      <testcase classname="Philips.PMP.Test.Auto.IntelliBridgeAllowedNumericsTest"
                name="IntelliBridgeAllowedNumericsIsAllowedTest (153980,True) row 411"
                time="0.0002713"/>
      <testcase classname="Philips.PMP.Test.Auto.IntelliBridgeAllowedNumericsTest"
                name="IntelliBridgeAllowedNumericsIsAllowedTest (153988,True) row 412"
                time="0.0002818"/>
      <testcase classname="Philips.PMP.Test.Auto.IntelliBridgeAllowedNumericsTest"
                name="IntelliBridgeAllowedNumericsIsAllowedTest (195642,True) row 413"
                time="0.0002701"/>
      <testcase classname="Philips.PMP.Test.Auto.IntelliBridgeAllowedNumericsTest"
                name="IntelliBridgeAllowedNumericsIsAllowedTest (2148488195,True) row 414"
                time="0.0002651"/>
      <testcase classname="Philips.PMP.Test.Auto.IntelliBridgeAllowedNumericsTest"
                name="IntelliBridgeAllowedNumericsIsAllowedTest (2148488196,True) row 415"
                time="0.0002696"/>
      <testcase classname="Philips.PMP.Test.Auto.IntelliBridgeAllowedNumericsTest"
                name="IntelliBridgeAllowedNumericsIsAllowedTest (2148488246,True) row 416"
                time="0.0002699"/>
      <testcase classname="Philips.PMP.Test.Auto.IntelliBridgeAllowedNumericsTest"
                name="IntelliBridgeAllowedNumericsIsAllowedTest (2148488248,True) row 417"
                time="0.0002653"/>
      <testcase classname="Philips.PMP.Test.Auto.IntelliBridgeAllowedNumericsTest"
                name="IntelliBridgeAllowedNumericsIsAllowedTest (2148488211,True) row 418"
                time="0.000259"/>
      <testcase classname="Philips.PMP.Test.Auto.IntelliBridgeAllowedNumericsTest"
                name="IntelliBridgeAllowedNumericsIsAllowedTest (2148488197,True) row 419"
                time="0.0002597"/>
      <testcase classname="Philips.PMP.Test.Auto.IntelliBridgeAllowedNumericsTest"
                name="IntelliBridgeAllowedNumericsIsAllowedTest (2148488199,True) row 420"
                time="0.000261"/>
      <testcase classname="Philips.PMP.Test.Auto.IntelliBridgeAllowedNumericsTest"
                name="IntelliBridgeAllowedNumericsIsAllowedTest (2148488201,True) row 421"
                time="0.0089008"/>
      <testcase classname="Philips.PMP.Test.Auto.IntelliBridgeAllowedNumericsTest"
                name="IntelliBridgeAllowedNumericsIsAllowedTest (2148488212,True) row 422"
                time="0.0141384"/>
      <testcase classname="Philips.PMP.Test.Auto.IntelliBridgeAllowedNumericsTest"
                name="IntelliBridgeAllowedNumericsIsAllowedTest (2148488198,True) row 423"
                time="0.0003887"/>
      <testcase classname="Philips.PMP.Test.Auto.IntelliBridgeAllowedNumericsTest"
                name="IntelliBridgeAllowedNumericsIsAllowedTest (2148488200,True) row 424"
                time="0.0003587"/>
      <testcase classname="Philips.PMP.Test.Auto.IntelliBridgeAllowedNumericsTest"
                name="IntelliBridgeAllowedNumericsIsAllowedTest (2148488202,True) row 425"
                time="0.0003123"/>
      <testcase classname="Philips.PMP.Test.Auto.IntelliBridgeAllowedNumericsTest"
                name="IntelliBridgeAllowedNumericsIsAllowedTest (2148488278,True) row 426"
                time="0.0002924"/>
      <testcase classname="Philips.PMP.Test.Auto.IntelliBridgeAllowedNumericsTest"
                name="IntelliBridgeAllowedNumericsIsAllowedTest (2148488250,True) row 427"
                time="0.000326"/>
      <testcase classname="Philips.PMP.Test.Auto.IntelliBridgeAllowedNumericsTest"
                name="IntelliBridgeAllowedNumericsIsAllowedTest (2148488254,True) row 428"
                time="0.0003047"/>
      <testcase classname="Philips.PMP.Test.Auto.IntelliBridgeAllowedNumericsTest"
                name="IntelliBridgeAllowedNumericsIsAllowedTest (2148488258,True) row 429"
                time="0.0002877"/>
      <testcase classname="Philips.PMP.Test.Auto.IntelliBridgeAllowedNumericsTest"
                name="IntelliBridgeAllowedNumericsIsAllowedTest (2148488280,True) row 430"
                time="0.0002869"/>
      <testcase classname="Philips.PMP.Test.Auto.IntelliBridgeAllowedNumericsTest"
                name="IntelliBridgeAllowedNumericsIsAllowedTest (2148488252,True) row 431"
                time="0.0003941"/>
      <testcase classname="Philips.PMP.Test.Auto.IntelliBridgeAllowedNumericsTest"
                name="IntelliBridgeAllowedNumericsIsAllowedTest (2148488256,True) row 432"
                time="0.0003148"/>
      <testcase classname="Philips.PMP.Test.Auto.IntelliBridgeAllowedNumericsTest"
                name="IntelliBridgeAllowedNumericsIsAllowedTest (2148488260,True) row 433"
                time="0.0002958"/>
      <testcase classname="Philips.PMP.Test.Auto.IntelliBridgeAllowedNumericsTest"
                name="IntelliBridgeAllowedNumericsIsAllowedTest (2148488213,True) row 434"
                time="0.0002894"/>
      <testcase classname="Philips.PMP.Test.Auto.IntelliBridgeAllowedNumericsTest"
                name="IntelliBridgeAllowedNumericsIsAllowedTest (2148488203,True) row 435"
                time="0.0003334"/>
      <testcase classname="Philips.PMP.Test.Auto.IntelliBridgeAllowedNumericsTest"
                name="IntelliBridgeAllowedNumericsIsAllowedTest (2148488205,True) row 436"
                time="0.0003549"/>
      <testcase classname="Philips.PMP.Test.Auto.IntelliBridgeAllowedNumericsTest"
                name="IntelliBridgeAllowedNumericsIsAllowedTest (2148488209,True) row 437"
                time="0.0003003"/>
      <testcase classname="Philips.PMP.Test.Auto.IntelliBridgeAllowedNumericsTest"
                name="IntelliBridgeAllowedNumericsIsAllowedTest (2148488207,True) row 438"
                time="0.0002937"/>
      <testcase classname="Philips.PMP.Test.Auto.IntelliBridgeAllowedNumericsTest"
                name="IntelliBridgeAllowedNumericsIsAllowedTest (2148488214,True) row 439"
                time="0.0002873"/>
      <testcase classname="Philips.PMP.Test.Auto.IntelliBridgeAllowedNumericsTest"
                name="IntelliBridgeAllowedNumericsIsAllowedTest (2148488204,True) row 440"
                time="0.0002822"/>
      <testcase classname="Philips.PMP.Test.Auto.IntelliBridgeAllowedNumericsTest"
                name="IntelliBridgeAllowedNumericsIsAllowedTest (2148488206,True) row 441"
                time="0.0002948"/>
      <testcase classname="Philips.PMP.Test.Auto.IntelliBridgeAllowedNumericsTest"
                name="IntelliBridgeAllowedNumericsIsAllowedTest (2148488210,True) row 442"
                time="0.0003317"/>
      <testcase classname="Philips.PMP.Test.Auto.IntelliBridgeAllowedNumericsTest"
                name="IntelliBridgeAllowedNumericsIsAllowedTest (2148488208,True) row 443"
                time="0.0003055"/>
      <testcase classname="Philips.PMP.Test.Auto.IntelliBridgeAllowedNumericsTest"
                name="IntelliBridgeAllowedNumericsIsAllowedTest (2148488282,True) row 444"
                time="0.000306"/>
      <testcase classname="Philips.PMP.Test.Auto.IntelliBridgeAllowedNumericsTest"
                name="IntelliBridgeAllowedNumericsIsAllowedTest (2148488262,True) row 445"
                time="0.0004302"/>
      <testcase classname="Philips.PMP.Test.Auto.IntelliBridgeAllowedNumericsTest"
                name="IntelliBridgeAllowedNumericsIsAllowedTest (2148488266,True) row 446"
                time="0.0002816"/>
      <testcase classname="Philips.PMP.Test.Auto.IntelliBridgeAllowedNumericsTest"
                name="IntelliBridgeAllowedNumericsIsAllowedTest (2148488274,True) row 447"
                time="0.0076808"/>
      <testcase classname="Philips.PMP.Test.Auto.IntelliBridgeAllowedNumericsTest"
                name="IntelliBridgeAllowedNumericsIsAllowedTest (2148488270,True) row 448"
                time="0.0003696"/>
      <testcase classname="Philips.PMP.Test.Auto.IntelliBridgeAllowedNumericsTest"
                name="IntelliBridgeAllowedNumericsIsAllowedTest (2148488284,True) row 449"
                time="0.0004602"/>
      <testcase classname="Philips.PMP.Test.Auto.IntelliBridgeAllowedNumericsTest"
                name="IntelliBridgeAllowedNumericsIsAllowedTest (2148488264,True) row 450"
                time="0.000317"/>
      <testcase classname="Philips.PMP.Test.Auto.IntelliBridgeAllowedNumericsTest"
                name="IntelliBridgeAllowedNumericsIsAllowedTest (2148488268,True) row 451"
                time="0.0002853"/>
      <testcase classname="Philips.PMP.Test.Auto.IntelliBridgeAllowedNumericsTest"
                name="IntelliBridgeAllowedNumericsIsAllowedTest (2148488276,True) row 452"
                time="0.0002868"/>
      <testcase classname="Philips.PMP.Test.Auto.IntelliBridgeAllowedNumericsTest"
                name="IntelliBridgeAllowedNumericsIsAllowedTest (2148488272,True) row 453"
                time="0.0003332"/>
      <testcase classname="Philips.PMP.Test.Auto.IntelliBridgeAllowedNumericsTest"
                name="IntelliBridgeAllowedNumericsIsAllowedTest (154068,True) row 454"
                time="0.0003059"/>
      <testcase classname="Philips.PMP.Test.Auto.IntelliBridgeAllowedNumericsTest"
                name="IntelliBridgeAllowedNumericsIsAllowedTest (154072,True) row 455"
                time="0.000285"/>
      <testcase classname="Philips.PMP.Test.Auto.IntelliBridgeAllowedNumericsTest"
                name="IntelliBridgeAllowedNumericsIsAllowedTest (154076,True) row 456"
                time="0.0002695"/>
      <testcase classname="Philips.PMP.Test.Auto.IntelliBridgeAllowedNumericsTest"
                name="IntelliBridgeAllowedNumericsIsAllowedTest (154080,True) row 457"
                time="0.0002761"/>
      <testcase classname="Philips.PMP.Test.Auto.IntelliBridgeAllowedNumericsTest"
                name="IntelliBridgeAllowedNumericsIsAllowedTest (192587,True) row 458"
                time="0.0002565"/>
      <testcase classname="Philips.PMP.Test.Auto.IntelliBridgeAllowedNumericsTest"
                name="IntelliBridgeAllowedNumericsIsAllowedTest (195272,True) row 459"
                time="0.0002666"/>
      <testcase classname="Philips.PMP.Test.Auto.IntelliBridgeAllowedNumericsTest"
                name="IntelliBridgeAllowedNumericsIsAllowedTest (195273,True) row 460"
                time="0.000285"/>
      <testcase classname="Philips.PMP.Test.Auto.IntelliBridgeAllowedNumericsTest"
                name="IntelliBridgeAllowedNumericsIsAllowedTest (2148488290,True) row 461"
                time="0.0003955"/>
      <testcase classname="Philips.PMP.Test.Auto.IntelliBridgeAllowedNumericsTest"
                name="IntelliBridgeAllowedNumericsIsAllowedTest (2148488292,True) row 462"
                time="0.0002945"/>
      <testcase classname="Philips.PMP.Test.Auto.IntelliBridgeAllowedNumericsTest"
                name="IntelliBridgeAllowedNumericsIsAllowedTest (2148488294,True) row 463"
                time="0.0002931"/>
      <testcase classname="Philips.PMP.Test.Auto.IntelliBridgeAllowedNumericsTest"
                name="IntelliBridgeAllowedNumericsIsAllowedTest (2148488296,True) row 464"
                time="0.0002852"/>
      <testcase classname="Philips.PMP.Test.Auto.IntelliBridgeAllowedNumericsTest"
                name="IntelliBridgeAllowedNumericsIsAllowedTest (2148488298,True) row 465"
                time="0.0002804"/>
      <testcase classname="Philips.PMP.Test.Auto.IntelliBridgeAllowedNumericsTest"
                name="IntelliBridgeAllowedNumericsIsAllowedTest (2148488300,True) row 466"
                time="0.0002814"/>
      <testcase classname="Philips.PMP.Test.Auto.IntelliBridgeAllowedNumericsTest"
                name="IntelliBridgeAllowedNumericsIsAllowedTest (2148488302,True) row 467"
                time="0.000284"/>
      <testcase classname="Philips.PMP.Test.Auto.IntelliBridgeAllowedNumericsTest"
                name="IntelliBridgeAllowedNumericsIsAllowedTest (2148488304,True) row 468"
                time="0.0003589"/>
      <testcase classname="Philips.PMP.Test.Auto.IntelliBridgeAllowedNumericsTest"
                name="IntelliBridgeAllowedNumericsIsAllowedTest (194675,True) row 469"
                time="0.0002717"/>
      <testcase classname="Philips.PMP.Test.Auto.IntelliBridgeAllowedNumericsTest"
                name="IntelliBridgeAllowedNumericsIsAllowedTest (194624,True) row 470"
                time="0.0003297"/>
      <testcase classname="Philips.PMP.Test.Auto.IntelliBridgeAllowedNumericsTest"
                name="IntelliBridgeAllowedNumericsIsAllowedTest (194731,False) row 471"
                time="0.000318"/>
      <testcase classname="Philips.PMP.Test.Auto.IntelliBridgeAllowedNumericsTest"
                name="IntelliBridgeAllowedNumericsIsAllowedTest (194711,False) row 472"
                time="0.0002944"/>
      <testcase classname="Philips.PMP.Test.Auto.IntelliBridgeAllowedNumericsTest"
                name="IntelliBridgeAllowedNumericsIsAllowedTest (194732,False) row 473"
                time="0.0002955"/>
      <testcase classname="Philips.PMP.Test.Auto.IntelliBridgeAllowedNumericsTest"
                name="IntelliBridgeAllowedNumericsIsAllowedTest (194699,False) row 474"
                time="0.0003127"/>
      <testcase classname="Philips.PMP.Test.Auto.IntelliBridgeAllowedNumericsTest"
                name="IntelliBridgeAllowedNumericsIsAllowedTest (194720,False) row 475"
                time="0.0003102"/>
      <testcase classname="Philips.PMP.Test.Auto.IntelliBridgeAllowedNumericsTest"
                name="IntelliBridgeAllowedNumericsIsAllowedTest (194672,False) row 476"
                time="0.0003176"/>
      <testcase classname="Philips.PMP.Test.Auto.IntelliBridgeAllowedNumericsTest"
                name="IntelliBridgeAllowedNumericsIsAllowedTest (194727,False) row 477"
                time="0.0064653"/>
      <testcase classname="Philips.PMP.Test.Auto.IntelliBridgeAllowedNumericsTest"
                name="IntelliBridgeAllowedNumericsIsAllowedTest (194728,False) row 478"
                time="0.0006999"/>
      <testcase classname="Philips.PMP.Test.Auto.IntelliBridgeAllowedNumericsTest"
                name="IntelliBridgeAllowedNumericsIsAllowedTest (194729,False) row 479"
                time="0.0003539"/>
      <testcase classname="Philips.PMP.Test.Auto.IntelliBridgeAllowedNumericsTest"
                name="IntelliBridgeAllowedNumericsIsAllowedTest (194730,False) row 480"
                time="0.0143015"/>
      <testcase classname="Philips.PMP.Test.Auto.IntelliBridgeAllowedNumericsTest"
                name="IntelliBridgeAllowedNumericsIsAllowedTest (194668,False) row 481"
                time="0.0003483"/>
      <testcase classname="Philips.PMP.Test.Auto.IntelliBridgeAllowedNumericsTest"
                name="IntelliBridgeAllowedNumericsIsAllowedTest (194667,False) row 482"
                time="0.0003871"/>
      <testcase classname="Philips.PMP.Test.Auto.IntelliBridgeAllowedNumericsTest"
                name="IntelliBridgeAllowedNumericsIsAllowedTest (195192,False) row 483"
                time="0.0003332"/>
      <testcase classname="Philips.PMP.Test.Auto.IntelliBridgeAllowedNumericsTest"
                name="IntelliBridgeAllowedNumericsIsAllowedTest (195193,False) row 484"
                time="0.0004808"/>
      <testcase classname="Philips.PMP.Test.Auto.IntelliBridgeAllowedNumericsTest"
                name="IntelliBridgeAllowedNumericsIsAllowedTest (195194,False) row 485"
                time="0.0003104"/>
      <testcase classname="Philips.PMP.Test.Auto.IntelliBridgeAllowedNumericsTest"
                name="IntelliBridgeAllowedNumericsIsAllowedTest (195195,False) row 486"
                time="0.0028274"/>
      <testcase classname="Philips.PMP.Test.Auto.IntelliBridgeAllowedNumericsTest"
                name="IntelliBridgeAllowedNumericsIsAllowedTest (195196,False) row 487"
                time="0.0008601"/>
      <testcase classname="Philips.PMP.Test.Auto.IntelliBridgeAllowedNumericsTest"
                name="IntelliBridgeAllowedNumericsIsAllowedTest (150344,True) row 488"
                time="0.0003483"/>
      <testcase classname="Philips.PMP.Test.Auto.IntelliBridgeAllowedNumericsTest"
                name="IntelliBridgeAllowedNumericsIsAllowedTest (188420,True) row 489"
                time="0.0003043"/>
      <testcase classname="Philips.PMP.Test.Auto.IntelliBridgeAllowedNumericsTest"
                name="IntelliBridgeAllowedNumericsIsAllowedTest (188436,True) row 490"
                time="0.0004185"/>
      <testcase classname="Philips.PMP.Test.Auto.IntelliBridgeAllowedNumericsTest"
                name="IntelliBridgeAllowedNumericsIsAllowedTest (150368,True) row 491"
                time="0.0003875"/>
      <testcase classname="Philips.PMP.Test.Auto.IntelliBridgeAllowedNumericsTest"
                name="IntelliBridgeAllowedNumericsIsAllowedTest (150388,True) row 492"
                time="0.0004024"/>
      <testcase classname="Philips.PMP.Test.Auto.IntelliBridgeAllowedNumericsTest"
                name="IntelliBridgeAllowedNumericsIsAllowedTest (150372,True) row 493"
                time="0.0014701"/>
      <testcase classname="Philips.PMP.Test.Auto.IntelliBridgeAllowedNumericsTest"
                name="IntelliBridgeAllowedNumericsIsAllowedTest (150380,True) row 494"
                time="0.0011832"/>
      <testcase classname="Philips.PMP.Test.Auto.IntelliBridgeAllowedNumericsTest"
                name="IntelliBridgeAllowedNumericsIsAllowedTest (150352,True) row 495"
                time="0.0002967"/>
      <testcase classname="Philips.PMP.Test.Auto.IntelliBridgeAllowedNumericsTest"
                name="IntelliBridgeAllowedNumericsIsAllowedTest (150396,True) row 496"
                time="0.0002731"/>
      <testcase classname="Philips.PMP.Test.Auto.IntelliBridgeAllowedNumericsTest"
                name="IntelliBridgeAllowedNumericsIsAllowedTest (195729,True) row 497"
                time="0.0002623"/>
      <testcase classname="Philips.PMP.Test.Auto.IntelliBridgeAllowedNumericsTest"
                name="IntelliBridgeAllowedNumericsIsAllowedTest (192708,True) row 498"
                time="0.0041208"/>
      <testcase classname="Philips.PMP.Test.Auto.IntelliBridgeAllowedNumericsTest"
                name="IntelliBridgeAllowedNumericsIsAllowedTest (150348,True) row 499"
                time="0.0004265"/>
      <testcase classname="Philips.PMP.Test.Auto.IntelliBridgeAllowedNumericsTest"
                name="IntelliBridgeAllowedNumericsIsAllowedTest (150392,True) row 500"
                time="0.0004911"/>
      <testcase classname="Philips.PMP.Test.Auto.IntelliBridgeAllowedNumericsTest"
                name="IntelliBridgeAllowedNumericsIsAllowedTest (192709,True) row 501"
                time="0.0002892"/>
      <testcase classname="Philips.PMP.Test.Auto.IntelliBridgeAllowedNumericsTest"
                name="IntelliBridgeAllowedNumericsIsAllowedTest (192710,True) row 502"
                time="0.0002901"/>
      <testcase classname="Philips.PMP.Test.Auto.IntelliBridgeAllowedNumericsTest"
                name="IntelliBridgeAllowedNumericsIsAllowedTest (150356,True) row 503"
                time="0.0002841"/>
      <testcase classname="Philips.PMP.Test.Auto.IntelliBridgeAllowedNumericsTest"
                name="IntelliBridgeAllowedNumericsIsAllowedTest (150376,True) row 504"
                time="0.0002594"/>
      <testcase classname="Philips.PMP.Test.Auto.IntelliBridgeAllowedNumericsTest"
                name="IntelliBridgeAllowedNumericsIsAllowedTest (194918,True) row 505"
                time="0.0002696"/>
      <testcase classname="Philips.PMP.Test.Auto.IntelliBridgeAllowedNumericsTest"
                name="IntelliBridgeAllowedNumericsIsAllowedTest (194919,True) row 506"
                time="0.0002725"/>
      <testcase classname="Philips.PMP.Test.Auto.IntelliBridgeAllowedNumericsTest"
                name="IntelliBridgeAllowedNumericsIsAllowedTest (188440,True) row 507"
                time="0.0002723"/>
      <testcase classname="Philips.PMP.Test.Auto.IntelliBridgeAllowedNumericsTest"
                name="IntelliBridgeAllowedNumericsIsAllowedTest (150364,True) row 508"
                time="0.0002862"/>
      <testcase classname="Philips.PMP.Test.Auto.IntelliBridgeAllowedNumericsTest"
                name="IntelliBridgeAllowedNumericsIsAllowedTest (192788,True) row 509"
                time="0.0005447"/>
      <testcase classname="Philips.PMP.Test.Auto.IntelliBridgeAllowedNumericsTest"
                name="IntelliBridgeAllowedNumericsIsAllowedTest (192784,True) row 510"
                time="0.0003187"/>
      <testcase classname="Philips.PMP.Test.Auto.IntelliBridgeAllowedNumericsTest"
                name="IntelliBridgeAllowedNumericsIsAllowedTest (192792,True) row 511"
                time="0.0002927"/>
      <testcase classname="Philips.PMP.Test.Auto.IntelliBridgeAllowedNumericsTest"
                name="IntelliBridgeAllowedNumericsIsAllowedTest (195402,True) row 512"
                time="0.0002766"/>
      <testcase classname="Philips.PMP.Test.Auto.IntelliBridgeAllowedNumericsTest"
                name="IntelliBridgeAllowedNumericsIsAllowedTest (195407,True) row 513"
                time="0.0002811"/>
      <testcase classname="Philips.PMP.Test.Auto.IntelliBridgeAllowedNumericsTest"
                name="IntelliBridgeAllowedNumericsIsAllowedTest (195406,True) row 514"
                time="0.0002756"/>
      <testcase classname="Philips.PMP.Test.Auto.IntelliBridgeAllowedNumericsTest"
                name="IntelliBridgeAllowedNumericsIsAllowedTest (195404,True) row 515"
                time="0.0002621"/>
      <testcase classname="Philips.PMP.Test.Auto.IntelliBridgeAllowedNumericsTest"
                name="IntelliBridgeAllowedNumericsIsAllowedTest (195403,True) row 516"
                time="0.0002695"/>
      <testcase classname="Philips.PMP.Test.Auto.IntelliBridgeAllowedNumericsTest"
                name="IntelliBridgeAllowedNumericsIsAllowedTest (195405,True) row 517"
                time="0.0002701"/>
      <testcase classname="Philips.PMP.Test.Auto.IntelliBridgeAllowedNumericsTest"
                name="IntelliBridgeAllowedNumericsIsAllowedTest (195602,True) row 518"
                time="0.0002651"/>
      <testcase classname="Philips.PMP.Test.Auto.IntelliBridgeAllowedNumericsTest"
                name="IntelliBridgeAllowedNumericsIsAllowedTest (192711,True) row 519"
                time="0.00029"/>
      <testcase classname="Philips.PMP.Test.Auto.IntelliBridgeAllowedNumericsTest"
                name="IntelliBridgeAllowedNumericsIsAllowedTest (192712,True) row 520"
                time="0.0002656"/>
      <testcase classname="Philips.PMP.Test.Auto.IntelliBridgeAllowedNumericsTest"
                name="IntelliBridgeAllowedNumericsIsAllowedTest (192713,True) row 521"
                time="0.0002547"/>
      <testcase classname="Philips.PMP.Test.Auto.IntelliBridgeAllowedNumericsTest"
                name="IntelliBridgeAllowedNumericsIsAllowedTest (192714,True) row 522"
                time="0.0002718"/>
      <testcase classname="Philips.PMP.Test.Auto.IntelliBridgeAllowedNumericsTest"
                name="IntelliBridgeAllowedNumericsIsAllowedTest (152444,True) row 523"
                time="0.0002658"/>
      <testcase classname="Philips.PMP.Test.Auto.IntelliBridgeAllowedNumericsTest"
                name="IntelliBridgeAllowedNumericsIsAllowedTest (152448,True) row 524"
                time="0.0002627"/>
      <testcase classname="Philips.PMP.Test.Auto.IntelliBridgeAllowedNumericsTest"
                name="IntelliBridgeAllowedNumericsIsAllowedTest (152452,True) row 525"
                time="0.0002816"/>
      <testcase classname="Philips.PMP.Test.Auto.IntelliBridgeAllowedNumericsTest"
                name="IntelliBridgeAllowedNumericsIsAllowedTest (152048,True) row 526"
                time="0.0002601"/>
      <testcase classname="Philips.PMP.Test.Auto.IntelliBridgeAllowedNumericsTest"
                name="IntelliBridgeAllowedNumericsIsAllowedTest (152108,True) row 527"
                time="0.0002504"/>
      <testcase classname="Philips.PMP.Test.Auto.IntelliBridgeAllowedNumericsTest"
                name="IntelliBridgeAllowedNumericsIsAllowedTest (152192,True) row 528"
                time="0.0002674"/>
      <testcase classname="Philips.PMP.Test.Auto.IntelliBridgeAllowedNumericsTest"
                name="IntelliBridgeAllowedNumericsIsAllowedTest (152040,False) row 529"
                time="0.000265"/>
      <testcase classname="Philips.PMP.Test.Auto.IntelliBridgeAllowedNumericsTest"
                name="IntelliBridgeAllowedNumericsIsAllowedTest (152100,False) row 530"
                time="0.0002696"/>
      <testcase classname="Philips.PMP.Test.Auto.IntelliBridgeAllowedNumericsTest"
                name="IntelliBridgeAllowedNumericsIsAllowedTest (152184,False) row 531"
                time="0.0002652"/>
      <testcase classname="Philips.PMP.Test.Auto.IntelliBridgeAllowedNumericsTest"
                name="IntelliBridgeAllowedNumericsIsAllowedTest (152036,False) row 532"
                time="0.0002508"/>
      <testcase classname="Philips.PMP.Test.Auto.IntelliBridgeAllowedNumericsTest"
                name="IntelliBridgeAllowedNumericsIsAllowedTest (152096,False) row 533"
                time="0.0002598"/>
      <testcase classname="Philips.PMP.Test.Auto.IntelliBridgeAllowedNumericsTest"
                name="IntelliBridgeAllowedNumericsIsAllowedTest (152180,False) row 534"
                time="0.0002762"/>
      <testcase classname="Philips.PMP.Test.Auto.IntelliBridgeAllowedNumericsTest"
                name="IntelliBridgeAllowedNumericsIsAllowedTest (152028,False) row 535"
                time="0.0003886"/>
      <testcase classname="Philips.PMP.Test.Auto.IntelliBridgeAllowedNumericsTest"
                name="IntelliBridgeAllowedNumericsIsAllowedTest (152088,False) row 536"
                time="0.0002836"/>
      <testcase classname="Philips.PMP.Test.Auto.IntelliBridgeAllowedNumericsTest"
                name="IntelliBridgeAllowedNumericsIsAllowedTest (152172,False) row 537"
                time="0.0002865"/>
      <testcase classname="Philips.PMP.Test.Auto.IntelliBridgeAllowedNumericsTest"
                name="IntelliBridgeAllowedNumericsIsAllowedTest (152032,False) row 538"
                time="0.000212"/>
      <testcase classname="Philips.PMP.Test.Auto.IntelliBridgeAllowedNumericsTest"
                name="IntelliBridgeAllowedNumericsIsAllowedTest (152092,False) row 539"
                time="0.0002949"/>
      <testcase classname="Philips.PMP.Test.Auto.IntelliBridgeAllowedNumericsTest"
                name="IntelliBridgeAllowedNumericsIsAllowedTest (152176,False) row 540"
                time="0.0185361"/>
      <testcase classname="Philips.PMP.Test.Auto.IntelliBridgeAllowedNumericsTest"
                name="IntelliBridgeAllowedNumericsIsAllowedTest (152024,False) row 541"
                time="0.0004289"/>
      <testcase classname="Philips.PMP.Test.Auto.IntelliBridgeAllowedNumericsTest"
                name="IntelliBridgeAllowedNumericsIsAllowedTest (152084,False) row 542"
                time="0.0003215"/>
      <testcase classname="Philips.PMP.Test.Auto.IntelliBridgeAllowedNumericsTest"
                name="IntelliBridgeAllowedNumericsIsAllowedTest (152168,False) row 543"
                time="0.0003153"/>
      <testcase classname="Philips.PMP.Test.Auto.IntelliBridgeAllowedNumericsTest"
                name="IntelliBridgeAllowedNumericsIsAllowedTest (152456,False) row 544"
                time="0.0003249"/>
      <testcase classname="Philips.PMP.Test.Auto.IntelliBridgeAllowedNumericsTest"
                name="IntelliBridgeAllowedNumericsIsAllowedTest (152460,False) row 545"
                time="0.0003323"/>
      <testcase classname="Philips.PMP.Test.Auto.IntelliBridgeAllowedNumericsTest"
                name="IntelliBridgeAllowedNumericsIsAllowedTest (152464,False) row 546"
                time="0.0003031"/>
      <testcase classname="Philips.PMP.Test.Auto.IntelliBridgeAllowedNumericsTest"
                name="IntelliBridgeAllowedNumericsIsAllowedTest (2153403393,False) row 547"
                time="0.000304"/>
      <testcase classname="Philips.PMP.Test.Auto.IntelliBridgeAllowedNumericsTest"
                name="IntelliBridgeAllowedNumericsIsAllowedTest (2153403396,False) row 548"
                time="0.0002979"/>
      <testcase classname="Philips.PMP.Test.Auto.IntelliBridgeAllowedNumericsTest"
                name="IntelliBridgeAllowedNumericsIsAllowedTest (2153403397,False) row 549"
                time="0.0002892"/>
      <testcase classname="Philips.PMP.Test.Auto.IntelliBridgeAllowedNumericsTest"
                name="IntelliBridgeAllowedNumericsIsAllowedTest (2153403394,False) row 550"
                time="0.0003024"/>
      <testcase classname="Philips.PMP.Test.Auto.IntelliBridgeAllowedNumericsTest"
                name="IntelliBridgeAllowedNumericsIsAllowedTest (2153403398,False) row 551"
                time="0.0004262"/>
      <testcase classname="Philips.PMP.Test.Auto.IntelliBridgeAllowedNumericsTest"
                name="IntelliBridgeAllowedNumericsIsAllowedTest (2153403399,False) row 552"
                time="0.0004573"/>
      <testcase classname="Philips.PMP.Test.Auto.IntelliBridgeAllowedNumericsTest"
                name="IntelliBridgeAllowedNumericsIsAllowedTest (192665,False) row 553"
                time="0.000394"/>
      <testcase classname="Philips.PMP.Test.Auto.IntelliBridgeAllowedNumericsTest"
                name="IntelliBridgeAllowedNumericsIsAllowedTest (192605,False) row 554"
                time="0.0002719"/>
      <testcase classname="Philips.PMP.Test.Auto.IntelliBridgeAllowedNumericsTest"
                name="IntelliBridgeAllowedNumericsIsAllowedTest (192614,False) row 555"
                time="0.0106893"/>
      <testcase classname="Philips.PMP.Test.Auto.IntelliBridgeAllowedNumericsTest"
                name="IntelliBridgeAllowedNumericsIsAllowedTest (192606,False) row 556"
                time="0.0018713"/>
      <testcase classname="Philips.PMP.Test.Auto.IntelliBridgeAllowedNumericsTest"
                name="IntelliBridgeAllowedNumericsIsAllowedTest (192607,False) row 557"
                time="0.000361"/>
      <testcase classname="Philips.PMP.Test.Auto.IntelliBridgeAllowedNumericsTest"
                name="IntelliBridgeAllowedNumericsIsAllowedTest (150312,True) row 558"
                time="0.0004844"/>
      <testcase classname="Philips.PMP.Test.Auto.IntelliBridgeAllowedNumericsTest"
                name="IntelliBridgeAllowedNumericsIsAllowedTest (149760,True) row 559"
                time="0.0056435"/>
      <testcase classname="Philips.PMP.Test.Auto.IntelliBridgeAllowedNumericsTest"
                name="IntelliBridgeAllowedNumericsIsAllowedTest (150428,True) row 560"
                time="0.0005304"/>
      <testcase classname="Philips.PMP.Test.Auto.IntelliBridgeAllowedNumericsTest"
                name="IntelliBridgeAllowedNumericsIsAllowedTest (149764,True) row 561"
                time="0.0003448"/>
      <testcase classname="Philips.PMP.Test.Auto.IntelliBridgeAllowedNumericsTest"
                name="IntelliBridgeAllowedNumericsIsAllowedTest (150436,True) row 562"
                time="0.0032385"/>
      <testcase classname="Philips.PMP.Test.Auto.IntelliBridgeAllowedNumericsTest"
                name="IntelliBridgeAllowedNumericsIsAllowedTest (149768,True) row 563"
                time="0.0006733"/>
      <testcase classname="Philips.PMP.Test.Auto.IntelliBridgeAllowedNumericsTest"
                name="IntelliBridgeAllowedNumericsIsAllowedTest (150308,True) row 564"
                time="0.000688"/>
      <testcase classname="Philips.PMP.Test.Auto.IntelliBridgeAllowedNumericsTest"
                name="IntelliBridgeAllowedNumericsIsAllowedTest (192615,True) row 565"
                time="0.005271"/>
      <testcase classname="Philips.PMP.Test.Auto.IntelliBridgeAllowedNumericsTest"
                name="IntelliBridgeAllowedNumericsIsAllowedTest (150416,True) row 566"
                time="0.0003908"/>
      <testcase classname="Philips.PMP.Test.Auto.IntelliBridgeAllowedNumericsTest"
                name="IntelliBridgeAllowedNumericsIsAllowedTest (192616,True) row 567"
                time="0.0003119"/>
      <testcase classname="Philips.PMP.Test.Auto.IntelliBridgeAllowedNumericsTest"
                name="IntelliBridgeAllowedNumericsIsAllowedTest (150420,True) row 568"
                time="0.0003281"/>
      <testcase classname="Philips.PMP.Test.Auto.IntelliBridgeAllowedNumericsTest"
                name="IntelliBridgeAllowedNumericsIsAllowedTest (192617,True) row 569"
                time="0.0002981"/>
      <testcase classname="Philips.PMP.Test.Auto.IntelliBridgeAllowedNumericsTest"
                name="IntelliBridgeAllowedNumericsIsAllowedTest (150272,True) row 570"
                time="0.0002952"/>
      <testcase classname="Philips.PMP.Test.Auto.IntelliBridgeAllowedNumericsTest"
                name="IntelliBridgeAllowedNumericsIsAllowedTest (150568,False) row 571"
                time="0.0003265"/>
      <testcase classname="Philips.PMP.Test.Auto.IntelliBridgeAllowedNumericsTest"
                name="IntelliBridgeAllowedNumericsIsAllowedTest (150572,False) row 572"
                time="0.0002974"/>
      <testcase classname="Philips.PMP.Test.Auto.IntelliBridgeAllowedNumericsTest"
                name="IntelliBridgeAllowedNumericsIsAllowedTest (150576,False) row 573"
                time="0.0003845"/>
      <testcase classname="Philips.PMP.Test.Auto.IntelliBridgeAllowedNumericsTest"
                name="IntelliBridgeAllowedNumericsIsAllowedTest (2148881502,False) row 574"
                time="0.0144708"/>
      <testcase classname="Philips.PMP.Test.Auto.IntelliBridgeAllowedNumericsTest"
                name="IntelliBridgeAllowedNumericsIsAllowedTest (2148881505,False) row 575"
                time="0.0005129"/>
      <testcase classname="Philips.PMP.Test.Auto.IntelliBridgeAllowedNumericsTest"
                name="IntelliBridgeAllowedNumericsIsAllowedTest (2148881508,False) row 576"
                time="0.0012476"/>
      <testcase classname="Philips.PMP.Test.Auto.IntelliBridgeAllowedNumericsTest"
                name="IntelliBridgeAllowedNumericsIsAllowedTest (2148881493,False) row 577"
                time="0.0003671"/>
      <testcase classname="Philips.PMP.Test.Auto.IntelliBridgeAllowedNumericsTest"
                name="IntelliBridgeAllowedNumericsIsAllowedTest (2148881496,False) row 578"
                time="0.0003223"/>
      <testcase classname="Philips.PMP.Test.Auto.IntelliBridgeAllowedNumericsTest"
                name="IntelliBridgeAllowedNumericsIsAllowedTest (2148881499,False) row 579"
                time="0.0002958"/>
      <testcase classname="Philips.PMP.Test.Auto.IntelliBridgeAllowedNumericsTest"
                name="IntelliBridgeAllowedNumericsIsAllowedTest (2148881433,False) row 580"
                time="0.0036652"/>
      <testcase classname="Philips.PMP.Test.Auto.IntelliBridgeAllowedNumericsTest"
                name="IntelliBridgeAllowedNumericsIsAllowedTest (2148881436,False) row 581"
                time="0.0019896"/>
      <testcase classname="Philips.PMP.Test.Auto.IntelliBridgeAllowedNumericsTest"
                name="IntelliBridgeAllowedNumericsIsAllowedTest (2148881439,False) row 582"
                time="0.000367"/>
      <testcase classname="Philips.PMP.Test.Auto.IntelliBridgeAllowedNumericsTest"
                name="IntelliBridgeAllowedNumericsIsAllowedTest (2148881424,False) row 583"
                time="0.000386"/>
      <testcase classname="Philips.PMP.Test.Auto.IntelliBridgeAllowedNumericsTest"
                name="IntelliBridgeAllowedNumericsIsAllowedTest (2148881427,False) row 584"
                time="0.0004315"/>
      <testcase classname="Philips.PMP.Test.Auto.IntelliBridgeAllowedNumericsTest"
                name="IntelliBridgeAllowedNumericsIsAllowedTest (2148881430,False) row 585"
                time="0.0003903"/>
      <testcase classname="Philips.PMP.Test.Auto.IntelliBridgeAllowedNumericsTest"
                name="IntelliBridgeAllowedNumericsIsAllowedTest (2148881415,False) row 586"
                time="0.000291"/>
      <testcase classname="Philips.PMP.Test.Auto.IntelliBridgeAllowedNumericsTest"
                name="IntelliBridgeAllowedNumericsIsAllowedTest (2148881418,False) row 587"
                time="0.0003499"/>
      <testcase classname="Philips.PMP.Test.Auto.IntelliBridgeAllowedNumericsTest"
                name="IntelliBridgeAllowedNumericsIsAllowedTest (2148881421,False) row 588"
                time="0.0003114"/>
      <testcase classname="Philips.PMP.Test.Auto.IntelliBridgeAllowedNumericsTest"
                name="IntelliBridgeAllowedNumericsIsAllowedTest (153728,False) row 589"
                time="0.0185092"/>
      <testcase classname="Philips.PMP.Test.Auto.IntelliBridgeAllowedNumericsTest"
                name="IntelliBridgeAllowedNumericsIsAllowedTest (153730,False) row 590"
                time="0.0003808"/>
      <testcase classname="Philips.PMP.Test.Auto.IntelliBridgeAllowedNumericsTest"
                name="IntelliBridgeAllowedNumericsIsAllowedTest (153731,False) row 591"
                time="0.0007466"/>
      <testcase classname="Philips.PMP.Test.Auto.IntelliBridgeAllowedNumericsTest"
                name="IntelliBridgeAllowedNumericsIsAllowedTest (153732,False) row 592"
                time="0.0003011"/>
      <testcase classname="Philips.PMP.Test.Auto.IntelliBridgeAllowedNumericsTest"
                name="IntelliBridgeAllowedNumericsIsAllowedTest (153856,False) row 593"
                time="0.000327"/>
      <testcase classname="Philips.PMP.Test.Auto.IntelliBridgeAllowedNumericsTest"
                name="IntelliBridgeAllowedNumericsIsAllowedTest (153892,False) row 594"
                time="0.000368"/>
      <testcase classname="Philips.PMP.Test.Auto.IntelliBridgeAllowedNumericsTest"
                name="IntelliBridgeAllowedNumericsIsAllowedTest (153896,False) row 595"
                time="0.0039"/>
      <testcase classname="Philips.PMP.Test.Auto.IntelliBridgeAllowedNumericsTest"
                name="IntelliBridgeAllowedNumericsIsAllowedTest (159748,False) row 596"
                time="0.0003467"/>
      <testcase classname="Philips.PMP.Test.Auto.IntelliBridgeAllowedNumericsTest"
                name="IntelliBridgeAllowedNumericsIsAllowedTest (159752,False) row 597"
                time="0.0003081"/>
      <testcase classname="Philips.PMP.Test.Auto.IntelliBridgeAllowedNumericsTest"
                name="IntelliBridgeAllowedNumericsIsAllowedTest (159756,False) row 598"
                time="0.0002827"/>
      <testcase classname="Philips.PMP.Test.Auto.IntelliBridgeAllowedNumericsTest"
                name="IntelliBridgeAllowedNumericsIsAllowedTest (159764,False) row 599"
                time="0.000751"/>
      <testcase classname="Philips.PMP.Test.Auto.IntelliBridgeAllowedNumericsTest"
                name="IntelliBridgeAllowedNumericsIsAllowedTest (159768,False) row 600"
                time="0.0016302"/>
      <testcase classname="Philips.PMP.Test.Auto.IntelliBridgeAllowedNumericsTest"
                name="IntelliBridgeAllowedNumericsIsAllowedTest (159796,False) row 601"
                time="0.0056466"/>
      <testcase classname="Philips.PMP.Test.Auto.IntelliBridgeAllowedNumericsTest"
                name="IntelliBridgeAllowedNumericsIsAllowedTest (159800,False) row 602"
                time="0.0004062"/>
      <testcase classname="Philips.PMP.Test.Auto.IntelliBridgeAllowedNumericsTest"
                name="IntelliBridgeAllowedNumericsIsAllowedTest (159804,False) row 603"
                time="0.0018772"/>
      <testcase classname="Philips.PMP.Test.Auto.IntelliBridgeAllowedNumericsTest"
                name="IntelliBridgeAllowedNumericsIsAllowedTest (159816,False) row 604"
                time="0.003721"/>
      <testcase classname="Philips.PMP.Test.Auto.IntelliBridgeAllowedNumericsTest"
                name="IntelliBridgeAllowedNumericsIsAllowedTest (159852,False) row 605"
                time="0.0019699"/>
      <testcase classname="Philips.PMP.Test.Auto.IntelliBridgeAllowedNumericsTest"
                name="IntelliBridgeAllowedNumericsIsAllowedTest (159960,False) row 606"
                time="0.0003762"/>
      <testcase classname="Philips.PMP.Test.Auto.IntelliBridgeAllowedNumericsTest"
                name="IntelliBridgeAllowedNumericsIsAllowedTest (160004,False) row 607"
                time="0.0003204"/>
      <testcase classname="Philips.PMP.Test.Auto.IntelliBridgeAllowedNumericsTest"
                name="IntelliBridgeAllowedNumericsIsAllowedTest (160008,False) row 608"
                time="0.002991"/>
      <testcase classname="Philips.PMP.Test.Auto.IntelliBridgeAllowedNumericsTest"
                name="IntelliBridgeAllowedNumericsIsAllowedTest (160012,False) row 609"
                time="0.0005139"/>
      <testcase classname="Philips.PMP.Test.Auto.IntelliBridgeAllowedNumericsTest"
                name="IntelliBridgeAllowedNumericsIsAllowedTest (160016,False) row 610"
                time="0.0043094"/>
      <testcase classname="Philips.PMP.Test.Auto.IntelliBridgeAllowedNumericsTest"
                name="IntelliBridgeAllowedNumericsIsAllowedTest (160020,False) row 611"
                time="0.0003259"/>
      <testcase classname="Philips.PMP.Test.Auto.IntelliBridgeAllowedNumericsTest"
                name="IntelliBridgeAllowedNumericsIsAllowedTest (160064,False) row 612"
                time="0.0032558"/>
      <testcase classname="Philips.PMP.Test.Auto.IntelliBridgeAllowedNumericsTest"
                name="IntelliBridgeAllowedNumericsIsAllowedTest (160116,False) row 613"
                time="0.0005106"/>
      <testcase classname="Philips.PMP.Test.Auto.IntelliBridgeAllowedNumericsTest"
                name="IntelliBridgeAllowedNumericsIsAllowedTest (160132,False) row 614"
                time="0.007537"/>
      <testcase classname="Philips.PMP.Test.Auto.IntelliBridgeAllowedNumericsTest"
                name="IntelliBridgeAllowedNumericsIsAllowedTest (160108,False) row 615"
                time="0.000464"/>
      <testcase classname="Philips.PMP.Test.Auto.IntelliBridgeAllowedNumericsTest"
                name="IntelliBridgeAllowedNumericsIsAllowedTest (192618,False) row 616"
                time="0.0010592"/>
      <testcase classname="Philips.PMP.Test.Auto.IntelliBridgeAllowedNumericsTest"
                name="IntelliBridgeAllowedNumericsIsAllowedTest (192619,False) row 617"
                time="0.0003628"/>
      <testcase classname="Philips.PMP.Test.Auto.IntelliBridgeAllowedNumericsTest"
                name="IntelliBridgeAllowedNumericsIsAllowedTest (192633,False) row 618"
                time="0.0195745"/>
      <testcase classname="Philips.PMP.Test.Auto.IntelliBridgeAllowedNumericsTest"
                name="IntelliBridgeAllowedNumericsIsAllowedTest (192634,False) row 619"
                time="0.0007918"/>
      <testcase classname="Philips.PMP.Test.Auto.IntelliBridgeAllowedNumericsTest"
                name="IntelliBridgeAllowedNumericsIsAllowedTest (192635,False) row 620"
                time="0.000804"/>
      <testcase classname="Philips.PMP.Test.Auto.IntelliBridgeAllowedNumericsTest"
                name="IntelliBridgeAllowedNumericsIsAllowedTest (160104,False) row 621"
                time="0.0003701"/>
      <testcase classname="Philips.PMP.Test.Auto.IntelliBridgeAllowedNumericsTest"
                name="IntelliBridgeAllowedNumericsIsAllowedTest (192655,False) row 622"
                time="0.0003125"/>
      <testcase classname="Philips.PMP.Test.Auto.IntelliBridgeAllowedNumericsTest"
                name="IntelliBridgeAllowedNumericsIsAllowedTest (192656,False) row 623"
                time="0.0003045"/>
      <testcase classname="Philips.PMP.Test.Auto.IntelliBridgeAllowedNumericsTest"
                name="IntelliBridgeAllowedNumericsIsAllowedTest (192658,False) row 624"
                time="0.0003525"/>
      <testcase classname="Philips.PMP.Test.Auto.IntelliBridgeAllowedNumericsTest"
                name="IntelliBridgeAllowedNumericsIsAllowedTest (192636,False) row 625"
                time="0.0004873"/>
      <testcase classname="Philips.PMP.Test.Auto.IntelliBridgeAllowedNumericsTest"
                name="IntelliBridgeAllowedNumericsIsAllowedTest (192625,False) row 626"
                time="0.0004092"/>
      <testcase classname="Philips.PMP.Test.Auto.IntelliBridgeAllowedNumericsTest"
                name="IntelliBridgeAllowedNumericsIsAllowedTest (192659,False) row 627"
                time="0.000397"/>
      <testcase classname="Philips.PMP.Test.Auto.IntelliBridgeAllowedNumericsTest"
                name="IntelliBridgeAllowedNumericsIsAllowedTest (192660,False) row 628"
                time="0.0002502"/>
      <testcase classname="Philips.PMP.Test.Auto.IntelliBridgeAllowedNumericsTest"
                name="IntelliBridgeAllowedNumericsIsAllowedTest (193524,False) row 629"
                time="0.0004335"/>
      <testcase classname="Philips.PMP.Test.Auto.IntelliBridgeAllowedNumericsTest"
                name="IntelliBridgeAllowedNumericsIsAllowedTest (193525,False) row 630"
                time="0.0003236"/>
      <testcase classname="Philips.PMP.Test.Auto.IntelliBridgeAllowedNumericsTest"
                name="IntelliBridgeAllowedNumericsIsAllowedTest (193526,False) row 631"
                time="0.000333"/>
      <testcase classname="Philips.PMP.Test.Auto.IntelliBridgeAllowedNumericsTest"
                name="IntelliBridgeAllowedNumericsIsAllowedTest (193527,False) row 632"
                time="0.0002153"/>
      <testcase classname="Philips.PMP.Test.Auto.IntelliBridgeAllowedNumericsTest"
                name="IntelliBridgeAllowedNumericsIsAllowedTest (193528,False) row 633"
                time="0.0002819"/>
      <testcase classname="Philips.PMP.Test.Auto.IntelliBridgeAllowedNumericsTest"
                name="IntelliBridgeAllowedNumericsIsAllowedTest (193529,False) row 634"
                time="0.0002743"/>
      <testcase classname="Philips.PMP.Test.Auto.IntelliBridgeAllowedNumericsTest"
                name="IntelliBridgeAllowedNumericsIsAllowedTest (193530,False) row 635"
                time="0.0002688"/>
      <testcase classname="Philips.PMP.Test.Auto.IntelliBridgeAllowedNumericsTest"
                name="IntelliBridgeAllowedNumericsIsAllowedTest (193531,False) row 636"
                time="0.0002714"/>
      <testcase classname="Philips.PMP.Test.Auto.IntelliBridgeAllowedNumericsTest"
                name="IntelliBridgeAllowedNumericsIsAllowedTest (193532,False) row 637"
                time="0.0002673"/>
      <testcase classname="Philips.PMP.Test.Auto.IntelliBridgeAllowedNumericsTest"
                name="IntelliBridgeAllowedNumericsIsAllowedTest (193533,False) row 638"
                time="0.0002967"/>
      <testcase classname="Philips.PMP.Test.Auto.IntelliBridgeAllowedNumericsTest"
                name="IntelliBridgeAllowedNumericsIsAllowedTest (193534,False) row 639"
                time="0.0002611"/>
      <testcase classname="Philips.PMP.Test.Auto.IntelliBridgeAllowedNumericsTest"
                name="IntelliBridgeAllowedNumericsIsAllowedTest (193535,False) row 640"
                time="0.0002585"/>
      <testcase classname="Philips.PMP.Test.Auto.IntelliBridgeAllowedNumericsTest"
                name="IntelliBridgeAllowedNumericsIsAllowedTest (193536,False) row 641"
                time="0.0002463"/>
      <testcase classname="Philips.PMP.Test.Auto.IntelliBridgeAllowedNumericsTest"
                name="IntelliBridgeAllowedNumericsIsAllowedTest (193537,False) row 642"
                time="0.000255"/>
      <testcase classname="Philips.PMP.Test.Auto.IntelliBridgeAllowedNumericsTest"
                name="IntelliBridgeAllowedNumericsIsAllowedTest (193538,False) row 643"
                time="0.000263"/>
      <testcase classname="Philips.PMP.Test.Auto.IntelliBridgeAllowedNumericsTest"
                name="IntelliBridgeAllowedNumericsIsAllowedTest (193539,False) row 644"
                time="0.0002661"/>
      <testcase classname="Philips.PMP.Test.Auto.IntelliBridgeAllowedNumericsTest"
                name="IntelliBridgeAllowedNumericsIsAllowedTest (194703,False) row 645"
                time="0.0002623"/>
      <testcase classname="Philips.PMP.Test.Auto.IntelliBridgeAllowedNumericsTest"
                name="IntelliBridgeAllowedNumericsIsAllowedTest (194757,False) row 646"
                time="0.000264"/>
      <testcase classname="Philips.PMP.Test.Auto.IntelliBridgeAllowedNumericsTest"
                name="IntelliBridgeAllowedNumericsIsAllowedTest (194758,False) row 647"
                time="0.0002584"/>
      <testcase classname="Philips.PMP.Test.Auto.IntelliBridgeAllowedNumericsTest"
                name="IntelliBridgeAllowedNumericsIsAllowedTest (194697,False) row 648"
                time="0.0002626"/>
      <testcase classname="Philips.PMP.Test.Auto.IntelliBridgeAllowedNumericsTest"
                name="IntelliBridgeAllowedNumericsIsAllowedTest (194588,False) row 649"
                time="0.0002663"/>
      <testcase classname="Philips.PMP.Test.Auto.IntelliBridgeAllowedNumericsTest"
                name="IntelliBridgeAllowedNumericsIsAllowedTest (194692,False) row 650"
                time="0.0002665"/>
      <testcase classname="Philips.PMP.Test.Auto.IntelliBridgeAllowedNumericsTest"
                name="IntelliBridgeAllowedNumericsIsAllowedTest (194623,False) row 651"
                time="0.0002666"/>
      <testcase classname="Philips.PMP.Test.Auto.IntelliBridgeAllowedNumericsTest"
                name="IntelliBridgeAllowedNumericsIsAllowedTest (192876,False) row 652"
                time="0.0002586"/>
      <testcase classname="Philips.PMP.Test.Auto.IntelliBridgeAllowedNumericsTest"
                name="IntelliBridgeAllowedNumericsIsAllowedTest (192916,False) row 653"
                time="0.00025"/>
      <testcase classname="Philips.PMP.Test.Auto.IntelliBridgeAllowedNumericsTest"
                name="IntelliBridgeAllowedNumericsIsAllowedTest (184362,False) row 654"
                time="0.0002737"/>
      <testcase classname="Philips.PMP.Test.Auto.IntelliBridgeAllowedNumericsTest"
                name="IntelliBridgeAllowedNumericsIsAllowedTest (192875,False) row 655"
                time="0.0003448"/>
      <testcase classname="Philips.PMP.Test.Auto.IntelliBridgeAllowedNumericsTest"
                name="IntelliBridgeAllowedNumericsIsAllowedTest (194599,False) row 656"
                time="0.0002792"/>
      <testcase classname="Philips.PMP.Test.Auto.IntelliBridgeAllowedNumericsTest"
                name="IntelliBridgeAllowedNumericsIsAllowedTest (194712,False) row 657"
                time="0.0002674"/>
      <testcase classname="Philips.PMP.Test.Auto.IntelliBridgeAllowedNumericsTest"
                name="IntelliBridgeAllowedNumericsIsAllowedTest (194706,False) row 658"
                time="0.000293"/>
      <testcase classname="Philips.PMP.Test.Auto.IntelliBridgeAllowedNumericsTest"
                name="IntelliBridgeAllowedNumericsIsAllowedTest (192918,False) row 659"
                time="0.0002982"/>
      <testcase classname="Philips.PMP.Test.Auto.IntelliBridgeAllowedNumericsTest"
                name="IntelliBridgeAllowedNumericsIsAllowedTest (192919,False) row 660"
                time="0.0001996"/>
      <testcase classname="Philips.PMP.Test.Auto.IntelliBridgeAllowedNumericsTest"
                name="IntelliBridgeAllowedNumericsIsAllowedTest (192920,False) row 661"
                time="0.014145"/>
      <testcase classname="Philips.PMP.Test.Auto.IntelliBridgeAllowedNumericsTest"
                name="IntelliBridgeAllowedNumericsIsAllowedTest (194707,False) row 662"
                time="0.0003639"/>
      <testcase classname="Philips.PMP.Test.Auto.IntelliBridgeAllowedNumericsTest"
                name="IntelliBridgeAllowedNumericsIsAllowedTest (194608,False) row 663"
                time="0.0002938"/>
      <testcase classname="Philips.PMP.Test.Auto.IntelliBridgeAllowedNumericsTest"
                name="IntelliBridgeAllowedNumericsIsAllowedTest (192921,False) row 664"
                time="0.000302"/>
      <testcase classname="Philips.PMP.Test.Auto.IntelliBridgeAllowedNumericsTest"
                name="IntelliBridgeAllowedNumericsIsAllowedTest (157732,False) row 665"
                time="0.0002905"/>
      <testcase classname="Philips.PMP.Test.Auto.IntelliBridgeAllowedNumericsTest"
                name="IntelliBridgeAllowedNumericsIsAllowedTest (195728,False) row 666"
                time="0.0003204"/>
      <testcase classname="Philips.PMP.Test.Auto.IntelliBridgeAllowedNumericsTest"
                name="IntelliBridgeAllowedNumericsIsAllowedTest (195712,False) row 667"
                time="0.000282"/>
      <testcase classname="Philips.PMP.Test.Auto.IntelliBridgeAllowedNumericsTest"
                name="IntelliBridgeAllowedNumericsIsAllowedTest (195719,False) row 668"
                time="0.0002951"/>
      <testcase classname="Philips.PMP.Test.Auto.IntelliBridgeAllowedNumericsTest"
                name="IntelliBridgeAllowedNumericsIsAllowedTest (195720,False) row 669"
                time="0.0003105"/>
      <testcase classname="Philips.PMP.Test.Auto.IntelliBridgeAllowedNumericsTest"
                name="IntelliBridgeAllowedNumericsIsAllowedTest (195723,False) row 670"
                time="0.0003049"/>
      <testcase classname="Philips.PMP.Test.Auto.IntelliBridgeAllowedNumericsTest"
                name="IntelliBridgeAllowedNumericsIsAllowedTest (192877,False) row 671"
                time="0.0002913"/>
      <testcase classname="Philips.PMP.Test.Auto.IntelliBridgeAllowedNumericsTest"
                name="IntelliBridgeAllowedNumericsIsAllowedTest (194584,False) row 672"
                time="0.0004046"/>
      <testcase classname="Philips.PMP.Test.Auto.IntelliBridgeAllowedNumericsTest"
                name="IntelliBridgeAllowedNumericsIsAllowedTest (194577,False) row 673"
                time="0.0002855"/>
      <testcase classname="Philips.PMP.Test.Auto.IntelliBridgeAllowedNumericsTest"
                name="IntelliBridgeAllowedNumericsIsAllowedTest (194578,False) row 674"
                time="0.0003072"/>
      <testcase classname="Philips.PMP.Test.Auto.IntelliBridgeAllowedNumericsTest"
                name="IntelliBridgeAllowedNumericsIsAllowedTest (194579,False) row 675"
                time="0.0003521"/>
      <testcase classname="Philips.PMP.Test.Auto.IntelliBridgeAllowedNumericsTest"
                name="IntelliBridgeAllowedNumericsIsAllowedTest (194748,False) row 676"
                time="0.0003627"/>
      <testcase classname="Philips.PMP.Test.Auto.IntelliBridgeAllowedNumericsTest"
                name="IntelliBridgeAllowedNumericsIsAllowedTest (194713,True) row 677"
                time="0.0003155"/>
      <testcase classname="Philips.PMP.Test.Auto.IntelliBridgeAllowedNumericsTest"
                name="IntelliBridgeAllowedNumericsIsAllowedTest (195457,True) row 678"
                time="0.0002991"/>
      <testcase classname="Philips.PMP.Test.Auto.IntelliBridgeAllowedNumericsTest"
                name="IntelliBridgeAllowedNumericsIsAllowedTest (195458,True) row 679"
                time="0.009707"/>
      <testcase classname="Philips.PMP.Test.Auto.IntelliBridgeAllowedNumericsTest"
                name="IntelliBridgeAllowedNumericsIsAllowedTest (195476,True) row 680"
                time="0.0003288"/>
      <testcase classname="Philips.PMP.Test.Auto.IntelliBridgeAllowedNumericsTest"
                name="IntelliBridgeAllowedNumericsIsAllowedTest (151801,True) row 681"
                time="0.0002968"/>
      <testcase classname="Philips.PMP.Test.Auto.IntelliBridgeAllowedNumericsTest"
                name="IntelliBridgeAllowedNumericsIsAllowedTest (194685,True) row 682"
                time="0.0002766"/>
      <testcase classname="Philips.PMP.Test.Auto.IntelliBridgeAllowedNumericsTest"
                name="IntelliBridgeAllowedNumericsIsAllowedTest (194581,True) row 683"
                time="0.0002795"/>
      <testcase classname="Philips.PMP.Test.Auto.IntelliBridgeAllowedNumericsTest"
                name="IntelliBridgeAllowedNumericsIsAllowedTest (194701,True) row 684"
                time="0.0002682"/>
      <testcase classname="Philips.PMP.Test.Auto.IntelliBridgeAllowedNumericsTest"
                name="IntelliBridgeAllowedNumericsIsAllowedTest (194678,True) row 685"
                time="0.0002696"/>
      <testcase classname="Philips.PMP.Test.Auto.IntelliBridgeAllowedNumericsTest"
                name="IntelliBridgeAllowedNumericsIsAllowedTest (194677,True) row 686"
                time="0.0002734"/>
      <testcase classname="Philips.PMP.Test.Auto.IntelliBridgeAllowedNumericsTest"
                name="IntelliBridgeAllowedNumericsIsAllowedTest (194715,True) row 687"
                time="0.0002772"/>
      <testcase classname="Philips.PMP.Test.Auto.IntelliBridgeAllowedNumericsTest"
                name="IntelliBridgeAllowedNumericsIsAllowedTest (150528,True) row 688"
                time="0.0002722"/>
      <testcase classname="Philips.PMP.Test.Auto.IntelliBridgeAllowedNumericsTest"
                name="IntelliBridgeAllowedNumericsIsAllowedTest (150532,True) row 689"
                time="0.0030851"/>
      <testcase classname="Philips.PMP.Test.Auto.IntelliBridgeAllowedNumericsTest"
                name="IntelliBridgeAllowedNumericsIsAllowedTest (194768,True) row 690"
                time="0.009798"/>
      <testcase classname="Philips.PMP.Test.Auto.IntelliBridgeAllowedNumericsTest"
                name="IntelliBridgeAllowedNumericsIsAllowedTest (194769,True) row 691"
                time="0.0157241"/>
      <testcase classname="Philips.PMP.Test.Auto.IntelliBridgeAllowedNumericsTest"
                name="IntelliBridgeAllowedNumericsIsAllowedTest (194749,True) row 692"
                time="0.0004454"/>
      <testcase classname="Philips.PMP.Test.Auto.IntelliBridgeAllowedNumericsTest"
                name="IntelliBridgeAllowedNumericsIsAllowedTest (194737,True) row 693"
                time="0.0003143"/>
      <testcase classname="Philips.PMP.Test.Auto.IntelliBridgeAllowedNumericsTest"
                name="IntelliBridgeAllowedNumericsIsAllowedTest (192917,False) row 694"
                time="0.0002555"/>
      <testcase classname="Philips.PMP.Test.Auto.IntelliBridgeAllowedNumericsTest"
                name="IntelliBridgeAllowedNumericsIsAllowedTest (159844,False) row 695"
                time="0.0145312"/>
      <testcase classname="Philips.PMP.Test.Auto.IntelliBridgeAllowedNumericsTest"
                name="IntelliBridgeAllowedNumericsIsAllowedTest (194597,True) row 696"
                time="0.0167788"/>
      <testcase classname="Philips.PMP.Test.Auto.IntelliBridgeAllowedNumericsTest"
                name="IntelliBridgeAllowedNumericsIsAllowedTest (192887,True) row 697"
                time="0.0011422"/>
      <testcase classname="Philips.PMP.Test.Auto.IntelliBridgeAllowedNumericsTest"
                name="IntelliBridgeAllowedNumericsIsAllowedTest (194602,False) row 698"
                time="0.0007871"/>
      <testcase classname="Philips.PMP.Test.Auto.IntelliBridgeAllowedNumericsTest"
                name="IntelliBridgeAllowedNumericsIsAllowedTest (192927,False) row 699"
                time="0.0005078"/>
      <testcase classname="Philips.PMP.Test.Auto.IntelliBridgeAllowedNumericsTest"
                name="IntelliBridgeAllowedNumericsIsAllowedTest (192890,False) row 700"
                time="0.0003713"/>
      <testcase classname="Philips.PMP.Test.Auto.IntelliBridgeAllowedNumericsTest"
                name="IntelliBridgeAllowedNumericsIsAllowedTest (194596,False) row 701"
                time="0.0003189"/>
      <testcase classname="Philips.PMP.Test.Auto.IntelliBridgeAllowedNumericsTest"
                name="IntelliBridgeAllowedNumericsIsAllowedTest (192861,False) row 702"
                time="0.0003329"/>
      <testcase classname="Philips.PMP.Test.Auto.IntelliBridgeAllowedNumericsTest"
                name="IntelliBridgeAllowedNumericsIsAllowedTest (192860,False) row 703"
                time="0.0003281"/>
      <testcase classname="Philips.PMP.Test.Auto.IntelliBridgeAllowedNumericsTest"
                name="IntelliBridgeAllowedNumericsIsAllowedTest (192862,False) row 704"
                time="0.0002865"/>
      <testcase classname="Philips.PMP.Test.Auto.IntelliBridgeAllowedNumericsTest"
                name="IntelliBridgeAllowedNumericsIsAllowedTest (194607,False) row 705"
                time="0.0002893"/>
      <testcase classname="Philips.PMP.Test.Auto.IntelliBridgeAllowedNumericsTest"
                name="IntelliBridgeAllowedNumericsIsAllowedTest (192863,False) row 706"
                time="0.0002956"/>
      <testcase classname="Philips.PMP.Test.Auto.IntelliBridgeAllowedNumericsTest"
                name="IntelliBridgeAllowedNumericsIsAllowedTest (192867,False) row 707"
                time="0.0003066"/>
      <testcase classname="Philips.PMP.Test.Auto.IntelliBridgeAllowedNumericsTest"
                name="IntelliBridgeAllowedNumericsIsAllowedTest (192922,False) row 708"
                time="0.0002918"/>
      <testcase classname="Philips.PMP.Test.Auto.IntelliBridgeAllowedNumericsTest"
                name="IntelliBridgeAllowedNumericsIsAllowedTest (194601,False) row 709"
                time="0.0004139"/>
      <testcase classname="Philips.PMP.Test.Auto.IntelliBridgeAllowedNumericsTest"
                name="IntelliBridgeAllowedNumericsIsAllowedTest (192888,False) row 710"
                time="0.000338"/>
      <testcase classname="Philips.PMP.Test.Auto.IntelliBridgeAllowedNumericsTest"
                name="IntelliBridgeAllowedNumericsIsAllowedTest (194733,False) row 711"
                time="0.000335"/>
      <testcase classname="Philips.PMP.Test.Auto.IntelliBridgeAllowedNumericsTest"
                name="IntelliBridgeAllowedNumericsIsAllowedTest (192872,False) row 712"
                time="0.0003634"/>
      <testcase classname="Philips.PMP.Test.Auto.IntelliBridgeAllowedNumericsTest"
                name="IntelliBridgeAllowedNumericsIsAllowedTest (192873,False) row 713"
                time="0.0004576"/>
      <testcase classname="Philips.PMP.Test.Auto.IntelliBridgeAllowedNumericsTest"
                name="IntelliBridgeAllowedNumericsIsAllowedTest (192871,False) row 714"
                time="0.0003602"/>
      <testcase classname="Philips.PMP.Test.Auto.IntelliBridgeAllowedNumericsTest"
                name="IntelliBridgeAllowedNumericsIsAllowedTest (195571,False) row 715"
                time="0.0002821"/>
      <testcase classname="Philips.PMP.Test.Auto.IntelliBridgeAllowedNumericsTest"
                name="IntelliBridgeAllowedNumericsIsAllowedTest (194756,False) row 716"
                time="0.0003028"/>
      <testcase classname="Philips.PMP.Test.Auto.IntelliBridgeAllowedNumericsTest"
                name="IntelliBridgeAllowedNumericsIsAllowedTest (194693,False) row 717"
                time="0.0003331"/>
      <testcase classname="Philips.PMP.Test.Auto.IntelliBridgeAllowedNumericsTest"
                name="IntelliBridgeAllowedNumericsIsAllowedTest (194604,False) row 718"
                time="0.0003008"/>
      <testcase classname="Philips.PMP.Test.Auto.IntelliBridgeAllowedNumericsTest"
                name="IntelliBridgeAllowedNumericsIsAllowedTest (194725,False) row 719"
                time="0.0003113"/>
      <testcase classname="Philips.PMP.Test.Auto.IntelliBridgeAllowedNumericsTest"
                name="IntelliBridgeAllowedNumericsIsAllowedTest (192907,False) row 720"
                time="0.0003781"/>
      <testcase classname="Philips.PMP.Test.Auto.IntelliBridgeAllowedNumericsTest"
                name="IntelliBridgeAllowedNumericsIsAllowedTest (192913,False) row 721"
                time="0.0004492"/>
      <testcase classname="Philips.PMP.Test.Auto.IntelliBridgeAllowedNumericsTest"
                name="IntelliBridgeAllowedNumericsIsAllowedTest (192901,False) row 722"
                time="0.0003603"/>
      <testcase classname="Philips.PMP.Test.Auto.IntelliBridgeAllowedNumericsTest"
                name="IntelliBridgeAllowedNumericsIsAllowedTest (192902,False) row 723"
                time="0.0053239"/>
      <testcase classname="Philips.PMP.Test.Auto.IntelliBridgeAllowedNumericsTest"
                name="IntelliBridgeAllowedNumericsIsAllowedTest (192898,False) row 724"
                time="0.0004209"/>
      <testcase classname="Philips.PMP.Test.Auto.IntelliBridgeAllowedNumericsTest"
                name="IntelliBridgeAllowedNumericsIsAllowedTest (192896,False) row 725"
                time="0.0003596"/>
      <testcase classname="Philips.PMP.Test.Auto.IntelliBridgeAllowedNumericsTest"
                name="IntelliBridgeAllowedNumericsIsAllowedTest (192897,False) row 726"
                time="0.0003312"/>
      <testcase classname="Philips.PMP.Test.Auto.IntelliBridgeAllowedNumericsTest"
                name="IntelliBridgeAllowedNumericsIsAllowedTest (192895,False) row 727"
                time="0.0003029"/>
      <testcase classname="Philips.PMP.Test.Auto.IntelliBridgeAllowedNumericsTest"
                name="IntelliBridgeAllowedNumericsIsAllowedTest (192905,False) row 728"
                time="0.0003055"/>
      <testcase classname="Philips.PMP.Test.Auto.IntelliBridgeAllowedNumericsTest"
                name="IntelliBridgeAllowedNumericsIsAllowedTest (192904,False) row 729"
                time="0.0002982"/>
      <testcase classname="Philips.PMP.Test.Auto.IntelliBridgeAllowedNumericsTest"
                name="IntelliBridgeAllowedNumericsIsAllowedTest (192903,False) row 730"
                time="0.0003062"/>
      <testcase classname="Philips.PMP.Test.Auto.IntelliBridgeAllowedNumericsTest"
                name="IntelliBridgeAllowedNumericsIsAllowedTest (192864,False) row 731"
                time="0.0003159"/>
      <testcase classname="Philips.PMP.Test.Auto.IntelliBridgeAllowedNumericsTest"
                name="IntelliBridgeAllowedNumericsIsAllowedTest (192878,False) row 732"
                time="0.0003193"/>
      <testcase classname="Philips.PMP.Test.Auto.IntelliBridgeAllowedNumericsTest"
                name="IntelliBridgeAllowedNumericsIsAllowedTest (192879,False) row 733"
                time="0.0004555"/>
      <testcase classname="Philips.PMP.Test.Auto.IntelliBridgeAllowedNumericsTest"
                name="IntelliBridgeAllowedNumericsIsAllowedTest (192923,False) row 734"
                time="0.0003508"/>
      <testcase classname="Philips.PMP.Test.Auto.IntelliBridgeAllowedNumericsTest"
                name="IntelliBridgeAllowedNumericsIsAllowedTest (192924,False) row 735"
                time="0.000329"/>
      <testcase classname="Philips.PMP.Test.Auto.IntelliBridgeAllowedNumericsTest"
                name="IntelliBridgeAllowedNumericsIsAllowedTest (160128,False) row 736"
                time="0.000482"/>
      <testcase classname="Philips.PMP.Test.Auto.IntelliBridgeAllowedNumericsTest"
                name="IntelliBridgeAllowedNumericsIsAllowedTest (192869,False) row 737"
                time="0.0005863"/>
      <testcase classname="Philips.PMP.Test.Auto.IntelliBridgeAllowedNumericsTest"
                name="IntelliBridgeAllowedNumericsIsAllowedTest (160124,False) row 738"
                time="0.0005606"/>
      <testcase classname="Philips.PMP.Test.Auto.IntelliBridgeAllowedNumericsTest"
                name="IntelliBridgeAllowedNumericsIsAllowedTest (192889,False) row 739"
                time="0.000368"/>
      <testcase classname="Philips.PMP.Test.Auto.IntelliBridgeAllowedNumericsTest"
                name="IntelliBridgeAllowedNumericsIsAllowedTest (192891,False) row 740"
                time="0.0003647"/>
      <testcase classname="Philips.PMP.Test.Auto.IntelliBridgeAllowedNumericsTest"
                name="IntelliBridgeAllowedNumericsIsAllowedTest (192900,False) row 741"
                time="0.0003349"/>
      <testcase classname="Philips.PMP.Test.Auto.IntelliBridgeAllowedNumericsTest"
                name="IntelliBridgeAllowedNumericsIsAllowedTest (194589,False) row 742"
                time="0.0003675"/>
      <testcase classname="Philips.PMP.Test.Auto.IntelliBridgeAllowedNumericsTest"
                name="IntelliBridgeAllowedNumericsIsAllowedTest (192874,False) row 743"
                time="0.0004997"/>
      <testcase classname="Philips.PMP.Test.Auto.IntelliBridgeAllowedNumericsTest"
                name="IntelliBridgeAllowedNumericsIsAllowedTest (192914,False) row 744"
                time="0.000265"/>
      <testcase classname="Philips.PMP.Test.Auto.IntelliBridgeAllowedNumericsTest"
                name="IntelliBridgeAllowedNumericsIsAllowedTest (192892,False) row 745"
                time="0.0004331"/>
      <testcase classname="Philips.PMP.Test.Auto.IntelliBridgeAllowedNumericsTest"
                name="IntelliBridgeAllowedNumericsIsAllowedTest (194724,False) row 746"
                time="0.0004773"/>
      <testcase classname="Philips.PMP.Test.Auto.IntelliBridgeAllowedNumericsTest"
                name="IntelliBridgeAllowedNumericsIsAllowedTest (151844,True) row 747"
                time="0.0005764"/>
      <testcase classname="Philips.PMP.Test.Auto.IntelliBridgeAllowedNumericsTest"
                name="IntelliBridgeAllowedNumericsIsAllowedTest (194721,True) row 748"
                time="0.0004497"/>
      <testcase classname="Philips.PMP.Test.Auto.IntelliBridgeAllowedNumericsTest"
                name="IntelliBridgeAllowedNumericsIsAllowedTest (151848,True) row 749"
                time="0.0004474"/>
      <testcase classname="Philips.PMP.Test.Auto.IntelliBridgeAllowedNumericsTest"
                name="IntelliBridgeAllowedNumericsIsAllowedTest (194682,True) row 750"
                time="0.0014049"/>
      <testcase classname="Philips.PMP.Test.Auto.IntelliBridgeAllowedNumericsTest"
                name="IntelliBridgeAllowedNumericsIsAllowedTest (194747,True) row 751"
                time="0.0015159"/>
      <testcase classname="Philips.PMP.Test.Auto.IntelliBridgeAllowedNumericsTest"
                name="IntelliBridgeAllowedNumericsIsAllowedTest (194587,True) row 752"
                time="0.000589"/>
      <testcase classname="Philips.PMP.Test.Auto.IntelliBridgeAllowedNumericsTest"
                name="IntelliBridgeAllowedNumericsIsAllowedTest (150040,True) row 753"
                time="0.0193539"/>
      <testcase classname="Philips.PMP.Test.Auto.IntelliBridgeAllowedNumericsTest"
                name="IntelliBridgeAllowedNumericsIsAllowedTest (195300,True) row 754"
                time="0.0005713"/>
      <testcase classname="Philips.PMP.Test.Auto.IntelliBridgeAllowedNumericsTest"
                name="IntelliBridgeAllowedNumericsIsAllowedTest (195301,True) row 755"
                time="0.0003741"/>
      <testcase classname="Philips.PMP.Test.Auto.IntelliBridgeAllowedNumericsTest"
                name="IntelliBridgeAllowedNumericsIsAllowedTest (195302,True) row 756"
                time="0.000355"/>
      <testcase classname="Philips.PMP.Test.Auto.IntelliBridgeAllowedNumericsTest"
                name="IntelliBridgeAllowedNumericsIsAllowedTest (195303,True) row 757"
                time="0.0004733"/>
      <testcase classname="Philips.PMP.Test.Auto.IntelliBridgeAllowedNumericsTest"
                name="IntelliBridgeAllowedNumericsIsAllowedTest (157948,False) row 758"
                time="0.0045836"/>
      <testcase classname="Philips.PMP.Test.Auto.IntelliBridgeAllowedNumericsTest"
                name="IntelliBridgeAllowedNumericsIsAllowedTest (194743,False) row 759"
                time="0.0005915"/>
      <testcase classname="Philips.PMP.Test.Auto.IntelliBridgeAllowedNumericsTest"
                name="IntelliBridgeAllowedNumericsIsAllowedTest (194741,False) row 760"
                time="0.0004073"/>
      <testcase classname="Philips.PMP.Test.Auto.IntelliBridgeAllowedNumericsTest"
                name="IntelliBridgeAllowedNumericsIsAllowedTest (194740,False) row 761"
                time="0.0003638"/>
      <testcase classname="Philips.PMP.Test.Auto.IntelliBridgeAllowedNumericsTest"
                name="IntelliBridgeAllowedNumericsIsAllowedTest (194742,False) row 762"
                time="0.000323"/>
      <testcase classname="Philips.PMP.Test.Auto.IntelliBridgeAllowedNumericsTest"
                name="IntelliBridgeAllowedNumericsIsAllowedTest (194745,False) row 763"
                time="0.0002863"/>
      <testcase classname="Philips.PMP.Test.Auto.IntelliBridgeAllowedNumericsTest"
                name="IntelliBridgeAllowedNumericsIsAllowedTest (194739,False) row 764"
                time="0.0003178"/>
      <testcase classname="Philips.PMP.Test.Auto.IntelliBridgeAllowedNumericsTest"
                name="IntelliBridgeAllowedNumericsIsAllowedTest (194738,False) row 765"
                time="0.0002919"/>
      <testcase classname="Philips.PMP.Test.Auto.IntelliBridgeAllowedNumericsTest"
                name="IntelliBridgeAllowedNumericsIsAllowedTest (194744,False) row 766"
                time="0.0002947"/>
      <testcase classname="Philips.PMP.Test.Auto.IntelliBridgeAllowedNumericsTest"
                name="IntelliBridgeAllowedNumericsIsAllowedTest (152012,True) row 767"
                time="0.0002716"/>
      <testcase classname="Philips.PMP.Test.Auto.IntelliBridgeAllowedNumericsTest"
                name="IntelliBridgeAllowedNumericsIsAllowedTest (151586,True) row 768"
                time="0.0002683"/>
      <testcase classname="Philips.PMP.Test.Auto.IntelliBridgeAllowedNumericsTest"
                name="IntelliBridgeAllowedNumericsIsAllowedTest (194765,True) row 769"
                time="0.0002648"/>
      <testcase classname="Philips.PMP.Test.Auto.IntelliBridgeAllowedNumericsTest"
                name="IntelliBridgeAllowedNumericsIsAllowedTest (152020,False) row 770"
                time="0.0002789"/>
      <testcase classname="Philips.PMP.Test.Auto.IntelliBridgeAllowedNumericsTest"
                name="IntelliBridgeAllowedNumericsIsAllowedTest (192755,True) row 771"
                time="0.0002609"/>
      <testcase classname="Philips.PMP.Test.Auto.IntelliBridgeAllowedNumericsTest"
                name="IntelliBridgeAllowedNumericsIsAllowedTest (194754,True) row 772"
                time="0.0002603"/>
      <testcase classname="Philips.PMP.Test.Auto.IntelliBridgeAllowedNumericsTest"
                name="IntelliBridgeAllowedNumericsIsAllowedTest (195358,True) row 773"
                time="0.000259"/>
      <testcase classname="Philips.PMP.Test.Auto.IntelliBridgeAllowedNumericsTest"
                name="IntelliBridgeAllowedNumericsIsAllowedTest (192754,True) row 774"
                time="0.0002546"/>
      <testcase classname="Philips.PMP.Test.Auto.IntelliBridgeAllowedNumericsTest"
                name="IntelliBridgeAllowedNumericsIsAllowedTest (195360,True) row 775"
                time="0.0002742"/>
      <testcase classname="Philips.PMP.Test.Auto.IntelliBridgeAllowedNumericsTest"
                name="IntelliBridgeAllowedNumericsIsAllowedTest (195359,True) row 776"
                time="0.0002637"/>
      <testcase classname="Philips.PMP.Test.Auto.IntelliBridgeAllowedNumericsTest"
                name="IntelliBridgeAllowedNumericsIsAllowedTest (194750,True) row 777"
                time="0.0002473"/>
      <testcase classname="Philips.PMP.Test.Auto.IntelliBridgeAllowedNumericsTest"
                name="IntelliBridgeAllowedNumericsIsAllowedTest (194751,True) row 778"
                time="0.0003408"/>
      <testcase classname="Philips.PMP.Test.Auto.IntelliBridgeAllowedNumericsTest"
                name="IntelliBridgeAllowedNumericsIsAllowedTest (193553,False) row 779"
                time="0.0002821"/>
      <testcase classname="Philips.PMP.Test.Auto.IntelliBridgeAllowedNumericsTest"
                name="IntelliBridgeAllowedNumericsIsAllowedTest (193554,False) row 780"
                time="0.0003191"/>
      <testcase classname="Philips.PMP.Test.Auto.IntelliBridgeAllowedNumericsTest"
                name="IntelliBridgeAllowedNumericsIsAllowedTest (193613,False) row 781"
                time="0.0002781"/>
      <testcase classname="Philips.PMP.Test.Auto.IntelliBridgeAllowedNumericsTest"
                name="IntelliBridgeAllowedNumericsIsAllowedTest (193614,False) row 782"
                time="0.000288"/>
      <testcase classname="Philips.PMP.Test.Auto.IntelliBridgeAllowedNumericsTest"
                name="IntelliBridgeAllowedNumericsIsAllowedTest (193615,False) row 783"
                time="0.0003176"/>
      <testcase classname="Philips.PMP.Test.Auto.IntelliBridgeAllowedNumericsTest"
                name="IntelliBridgeAllowedNumericsIsAllowedTest (193616,False) row 784"
                time="0.0003569"/>
      <testcase classname="Philips.PMP.Test.Auto.IntelliBridgeAllowedNumericsTest"
                name="IntelliBridgeAllowedNumericsIsAllowedTest (193555,False) row 785"
                time="0.000308"/>
      <testcase classname="Philips.PMP.Test.Auto.IntelliBridgeAllowedNumericsTest"
                name="IntelliBridgeAllowedNumericsIsAllowedTest (193556,False) row 786"
                time="0.0003294"/>
      <testcase classname="Philips.PMP.Test.Auto.IntelliBridgeAllowedNumericsTest"
                name="IntelliBridgeAllowedNumericsIsAllowedTest (193557,False) row 787"
                time="0.000301"/>
      <testcase classname="Philips.PMP.Test.Auto.IntelliBridgeAllowedNumericsTest"
                name="IntelliBridgeAllowedNumericsIsAllowedTest (193558,False) row 788"
                time="0.0003076"/>
      <testcase classname="Philips.PMP.Test.Auto.IntelliBridgeAllowedNumericsTest"
                name="IntelliBridgeAllowedNumericsIsAllowedTest (193559,False) row 789"
                time="0.000315"/>
      <testcase classname="Philips.PMP.Test.Auto.IntelliBridgeAllowedNumericsTest"
                name="IntelliBridgeAllowedNumericsIsAllowedTest (193560,False) row 790"
                time="0.0002823"/>
      <testcase classname="Philips.PMP.Test.Auto.IntelliBridgeAllowedNumericsTest"
                name="IntelliBridgeAllowedNumericsIsAllowedTest (194649,True) row 791"
                time="0.0002845"/>
      <testcase classname="Philips.PMP.Test.Auto.IntelliBridgeAllowedNumericsTest"
                name="IntelliBridgeAllowedNumericsIsAllowedTest (194655,True) row 792"
                time="0.0002693"/>
      <testcase classname="Philips.PMP.Test.Auto.IntelliBridgeAllowedNumericsTest"
                name="IntelliBridgeAllowedNumericsIsAllowedTest (194663,True) row 793"
                time="0.0002783"/>
      <testcase classname="Philips.PMP.Test.Auto.IntelliBridgeAllowedNumericsTest"
                name="IntelliBridgeAllowedNumericsIsAllowedTest (194669,True) row 794"
                time="0.000279"/>
      <testcase classname="Philips.PMP.Test.Auto.IntelliBridgeAllowedNumericsTest"
                name="IntelliBridgeAllowedNumericsIsAllowedTest (194645,True) row 795"
                time="0.0003"/>
      <testcase classname="Philips.PMP.Test.Auto.IntelliBridgeAllowedNumericsTest"
                name="IntelliBridgeAllowedNumericsIsAllowedTest (194651,True) row 796"
                time="0.0003453"/>
      <testcase classname="Philips.PMP.Test.Auto.IntelliBridgeAllowedNumericsTest"
                name="IntelliBridgeAllowedNumericsIsAllowedTest (194659,True) row 797"
                time="0.0003051"/>
      <testcase classname="Philips.PMP.Test.Auto.IntelliBridgeAllowedNumericsTest"
                name="IntelliBridgeAllowedNumericsIsAllowedTest (194665,True) row 798"
                time="0.0002898"/>
      <testcase classname="Philips.PMP.Test.Auto.IntelliBridgeAllowedNumericsTest"
                name="IntelliBridgeAllowedNumericsIsAllowedTest (194633,True) row 799"
                time="0.0002768"/>
      <testcase classname="Philips.PMP.Test.Auto.IntelliBridgeAllowedNumericsTest"
                name="IntelliBridgeAllowedNumericsIsAllowedTest (194635,True) row 800"
                time="0.0002821"/>
      <testcase classname="Philips.PMP.Test.Auto.IntelliBridgeAllowedNumericsTest"
                name="IntelliBridgeAllowedNumericsIsAllowedTest (194639,True) row 801"
                time="0.0002902"/>
      <testcase classname="Philips.PMP.Test.Auto.IntelliBridgeAllowedNumericsTest"
                name="IntelliBridgeAllowedNumericsIsAllowedTest (194625,True) row 802"
                time="0.0002864"/>
      <testcase classname="Philips.PMP.Test.Auto.IntelliBridgeAllowedNumericsTest"
                name="IntelliBridgeAllowedNumericsIsAllowedTest (194650,True) row 803"
                time="0.0003225"/>
      <testcase classname="Philips.PMP.Test.Auto.IntelliBridgeAllowedNumericsTest"
                name="IntelliBridgeAllowedNumericsIsAllowedTest (194656,True) row 804"
                time="0.0003481"/>
      <testcase classname="Philips.PMP.Test.Auto.IntelliBridgeAllowedNumericsTest"
                name="IntelliBridgeAllowedNumericsIsAllowedTest (194664,True) row 805"
                time="0.00033"/>
      <testcase classname="Philips.PMP.Test.Auto.IntelliBridgeAllowedNumericsTest"
                name="IntelliBridgeAllowedNumericsIsAllowedTest (194670,True) row 806"
                time="0.0002966"/>
      <testcase classname="Philips.PMP.Test.Auto.IntelliBridgeAllowedNumericsTest"
                name="IntelliBridgeAllowedNumericsIsAllowedTest (194646,True) row 807"
                time="0.0002919"/>
      <testcase classname="Philips.PMP.Test.Auto.IntelliBridgeAllowedNumericsTest"
                name="IntelliBridgeAllowedNumericsIsAllowedTest (194652,True) row 808"
                time="0.0003169"/>
      <testcase classname="Philips.PMP.Test.Auto.IntelliBridgeAllowedNumericsTest"
                name="IntelliBridgeAllowedNumericsIsAllowedTest (194660,True) row 809"
                time="0.0003376"/>
      <testcase classname="Philips.PMP.Test.Auto.IntelliBridgeAllowedNumericsTest"
                name="IntelliBridgeAllowedNumericsIsAllowedTest (194666,True) row 810"
                time="0.0002853"/>
      <testcase classname="Philips.PMP.Test.Auto.IntelliBridgeAllowedNumericsTest"
                name="IntelliBridgeAllowedNumericsIsAllowedTest (194634,True) row 811"
                time="0.0002905"/>
      <testcase classname="Philips.PMP.Test.Auto.IntelliBridgeAllowedNumericsTest"
                name="IntelliBridgeAllowedNumericsIsAllowedTest (194636,True) row 812"
                time="0.0002732"/>
      <testcase classname="Philips.PMP.Test.Auto.IntelliBridgeAllowedNumericsTest"
                name="IntelliBridgeAllowedNumericsIsAllowedTest (194640,True) row 813"
                time="0.0002847"/>
      <testcase classname="Philips.PMP.Test.Auto.IntelliBridgeAllowedNumericsTest"
                name="IntelliBridgeAllowedNumericsIsAllowedTest (194626,True) row 814"
                time="0.000291"/>
      <testcase classname="Philips.PMP.Test.Auto.IntelliBridgeAllowedNumericsTest"
                name="IntelliBridgeAllowedNumericsIsAllowedTest (152416,False) row 815"
                time="0.0002836"/>
      <testcase classname="Philips.PMP.Test.Auto.IntelliBridgeAllowedNumericsTest"
                name="IntelliBridgeAllowedNumericsIsAllowedTest (194714,True) row 816"
                time="0.0002716"/>
      <testcase classname="Philips.PMP.Test.Auto.IntelliBridgeAllowedNumericsTest"
                name="IntelliBridgeAllowedNumericsIsAllowedTest (194680,False) row 817"
                time="0.000279"/>
      <testcase classname="Philips.PMP.Test.Auto.IntelliBridgeAllowedNumericsTest"
                name="IntelliBridgeAllowedNumericsIsAllowedTest (194688,False) row 818"
                time="0.0002693"/>
      <testcase classname="Philips.PMP.Test.Auto.IntelliBridgeAllowedNumericsTest"
                name="IntelliBridgeAllowedNumericsIsAllowedTest (194683,False) row 819"
                time="0.0002777"/>
      <testcase classname="Philips.PMP.Test.Auto.IntelliBridgeAllowedNumericsTest"
                name="IntelliBridgeAllowedNumericsIsAllowedTest (194681,False) row 820"
                time="0.0003012"/>
      <testcase classname="Philips.PMP.Test.Auto.IntelliBridgeAllowedNumericsTest"
                name="IntelliBridgeAllowedNumericsIsAllowedTest (194684,False) row 821"
                time="0.0002882"/>
      <testcase classname="Philips.PMP.Test.Auto.IntelliBridgeAllowedNumericsTest"
                name="IntelliBridgeAllowedNumericsIsAllowedTest (194686,False) row 822"
                time="0.000276"/>
      <testcase classname="Philips.PMP.Test.Auto.IntelliBridgeAllowedNumericsTest"
                name="IntelliBridgeAllowedNumericsIsAllowedTest (194687,True) row 823"
                time="0.0002816"/>
      <testcase classname="Philips.PMP.Test.Auto.IntelliBridgeAllowedNumericsTest"
                name="IntelliBridgeAllowedNumericsIsAllowedTest (194679,True) row 824"
                time="0.0002709"/>
      <testcase classname="Philips.PMP.Test.Auto.IntelliBridgeAllowedNumericsTest"
                name="IntelliBridgeAllowedNumericsIsAllowedTest (194689,True) row 825"
                time="0.0002826"/>
      <testcase classname="Philips.PMP.Test.Auto.IntelliBridgeAllowedNumericsTest"
                name="IntelliBridgeAllowedNumericsIsAllowedTest (194759,False) row 826"
                time="0.0002746"/>
      <testcase classname="Philips.PMP.Test.Auto.IntelliBridgeAllowedNumericsTest"
                name="IntelliBridgeAllowedNumericsIsAllowedTest (194763,False) row 827"
                time="0.000288"/>
      <testcase classname="Philips.PMP.Test.Auto.IntelliBridgeAllowedNumericsTest"
                name="IntelliBridgeAllowedNumericsIsAllowedTest (194761,False) row 828"
                time="0.0003065"/>
      <testcase classname="Philips.PMP.Test.Auto.IntelliBridgeAllowedNumericsTest"
                name="IntelliBridgeAllowedNumericsIsAllowedTest (194762,False) row 829"
                time="0.0002937"/>
      <testcase classname="Philips.PMP.Test.Auto.IntelliBridgeAllowedNumericsTest"
                name="IntelliBridgeAllowedNumericsIsAllowedTest (194760,False) row 830"
                time="0.0003089"/>
      <testcase classname="Philips.PMP.Test.Auto.IntelliBridgeAllowedNumericsTest"
                name="IntelliBridgeAllowedNumericsIsAllowedTest (194764,False) row 831"
                time="0.0003164"/>
      <testcase classname="Philips.PMP.Test.Auto.IntelliBridgeAllowedNumericsTest"
                name="IntelliBridgeAllowedNumericsIsAllowedTest (195479,True) row 832"
                time="0.0002785"/>
      <testcase classname="Philips.PMP.Test.Auto.IntelliBridgeAllowedNumericsTest"
                name="IntelliBridgeAllowedNumericsIsAllowedTest (195480,True) row 833"
                time="0.000361"/>
      <testcase classname="Philips.PMP.Test.Auto.IntelliBridgeAllowedNumericsTest"
                name="IntelliBridgeAllowedNumericsIsAllowedTest (194767,False) row 834"
                time="0.0002993"/>
      <testcase classname="Philips.PMP.Test.Auto.IntelliBridgeAllowedNumericsTest"
                name="IntelliBridgeAllowedNumericsIsAllowedTest (157708,False) row 835"
                time="0.0003394"/>
      <testcase classname="Philips.PMP.Test.Auto.IntelliBridgeAllowedNumericsTest"
                name="IntelliBridgeAllowedNumericsIsAllowedTest (160024,False) row 836"
                time="0.0003299"/>
      <testcase classname="Philips.PMP.Test.Auto.IntelliBridgeAllowedNumericsTest"
                name="IntelliBridgeAllowedNumericsIsAllowedTest (194603,False) row 837"
                time="0.0002914"/>
      <testcase classname="Philips.PMP.Test.Auto.IntelliBridgeAllowedNumericsTest"
                name="IntelliBridgeAllowedNumericsIsAllowedTest (192856,False) row 838"
                time="0.0002933"/>
      <testcase classname="Philips.PMP.Test.Auto.IntelliBridgeAllowedNumericsTest"
                name="IntelliBridgeAllowedNumericsIsAllowedTest (194616,False) row 839"
                time="0.0003038"/>
      <testcase classname="Philips.PMP.Test.Auto.IntelliBridgeAllowedNumericsTest"
                name="IntelliBridgeAllowedNumericsIsAllowedTest (194614,False) row 840"
                time="0.0003222"/>
      <testcase classname="Philips.PMP.Test.Auto.IntelliBridgeAllowedNumericsTest"
                name="IntelliBridgeAllowedNumericsIsAllowedTest (194617,False) row 841"
                time="0.0002995"/>
      <testcase classname="Philips.PMP.Test.Auto.IntelliBridgeAllowedNumericsTest"
                name="IntelliBridgeAllowedNumericsIsAllowedTest (194615,False) row 842"
                time="0.0003184"/>
      <testcase classname="Philips.PMP.Test.Auto.IntelliBridgeAllowedNumericsTest"
                name="IntelliBridgeAllowedNumericsIsAllowedTest (192858,False) row 843"
                time="0.0003226"/>
      <testcase classname="Philips.PMP.Test.Auto.IntelliBridgeAllowedNumericsTest"
                name="IntelliBridgeAllowedNumericsIsAllowedTest (194621,False) row 844"
                time="0.0003147"/>
      <testcase classname="Philips.PMP.Test.Auto.IntelliBridgeAllowedNumericsTest"
                name="IntelliBridgeAllowedNumericsIsAllowedTest (194619,False) row 845"
                time="0.0003172"/>
      <testcase classname="Philips.PMP.Test.Auto.IntelliBridgeAllowedNumericsTest"
                name="IntelliBridgeAllowedNumericsIsAllowedTest (194622,False) row 846"
                time="0.0002908"/>
      <testcase classname="Philips.PMP.Test.Auto.IntelliBridgeAllowedNumericsTest"
                name="IntelliBridgeAllowedNumericsIsAllowedTest (194620,False) row 847"
                time="0.0002887"/>
      <testcase classname="Philips.PMP.Test.Auto.IntelliBridgeAllowedNumericsTest"
                name="IntelliBridgeAllowedNumericsIsAllowedTest (192857,False) row 848"
                time="0.0003739"/>
      <testcase classname="Philips.PMP.Test.Auto.IntelliBridgeAllowedNumericsTest"
                name="IntelliBridgeAllowedNumericsIsAllowedTest (194612,False) row 849"
                time="0.0003127"/>
      <testcase classname="Philips.PMP.Test.Auto.IntelliBridgeAllowedNumericsTest"
                name="IntelliBridgeAllowedNumericsIsAllowedTest (194610,False) row 850"
                time="0.0003277"/>
      <testcase classname="Philips.PMP.Test.Auto.IntelliBridgeAllowedNumericsTest"
                name="IntelliBridgeAllowedNumericsIsAllowedTest (194613,False) row 851"
                time="0.0003109"/>
      <testcase classname="Philips.PMP.Test.Auto.IntelliBridgeAllowedNumericsTest"
                name="IntelliBridgeAllowedNumericsIsAllowedTest (194611,False) row 852"
                time="0.0003126"/>
      <testcase classname="Philips.PMP.Test.Auto.IntelliBridgeAllowedNumericsTest"
                name="IntelliBridgeAllowedNumericsIsAllowedTest (194598,False) row 853"
                time="0.0079115"/>
      <testcase classname="Philips.PMP.Test.Auto.IntelliBridgeAllowedNumericsTest"
                name="IntelliBridgeAllowedNumericsIsAllowedTest (194716,False) row 854"
                time="0.0005676"/>
      <testcase classname="Philips.PMP.Test.Auto.IntelliBridgeAllowedNumericsTest"
                name="IntelliBridgeAllowedNumericsIsAllowedTest (192868,False) row 855"
                time="0.0003558"/>
      <testcase classname="Philips.PMP.Test.Auto.IntelliBridgeAllowedNumericsTest"
                name="IntelliBridgeAllowedNumericsIsAllowedTest (192870,False) row 856"
                time="0.0002922"/>
      <testcase classname="Philips.PMP.Test.Auto.IntelliBridgeAllowedNumericsTest"
                name="IntelliBridgeAllowedNumericsIsAllowedTest (192928,False) row 857"
                time="0.0003505"/>
      <testcase classname="Philips.PMP.Test.Auto.IntelliBridgeAllowedNumericsTest"
                name="IntelliBridgeAllowedNumericsIsAllowedTest (194606,False) row 858"
                time="0.0003195"/>
      <testcase classname="Philips.PMP.Test.Auto.IntelliBridgeAllowedNumericsTest"
                name="IntelliBridgeAllowedNumericsIsAllowedTest (194593,False) row 859"
                time="0.0004557"/>
      <testcase classname="Philips.PMP.Test.Auto.IntelliBridgeAllowedNumericsTest"
                name="IntelliBridgeAllowedNumericsIsAllowedTest (192929,False) row 860"
                time="0.0003843"/>
      <testcase classname="Philips.PMP.Test.Auto.IntelliBridgeAllowedNumericsTest"
                name="IntelliBridgeAllowedNumericsIsAllowedTest (192882,False) row 861"
                time="0.0003467"/>
      <testcase classname="Philips.PMP.Test.Auto.IntelliBridgeAllowedNumericsTest"
                name="IntelliBridgeAllowedNumericsIsAllowedTest (194583,False) row 862"
                time="0.0003274"/>
      <testcase classname="Philips.PMP.Test.Auto.IntelliBridgeAllowedNumericsTest"
                name="IntelliBridgeAllowedNumericsIsAllowedTest (192859,False) row 863"
                time="0.0003043"/>
      <testcase classname="Philips.PMP.Test.Auto.IntelliBridgeAllowedNumericsTest"
                name="IntelliBridgeAllowedNumericsIsAllowedTest (192883,False) row 864"
                time="0.0003011"/>
      <testcase classname="Philips.PMP.Test.Auto.IntelliBridgeAllowedNumericsTest"
                name="IntelliBridgeAllowedNumericsIsAllowedTest (194704,False) row 865"
                time="0.0003128"/>
      <testcase classname="Philips.PMP.Test.Auto.IntelliBridgeAllowedNumericsTest"
                name="IntelliBridgeAllowedNumericsIsAllowedTest (194705,False) row 866"
                time="0.0003498"/>
      <testcase classname="Philips.PMP.Test.Auto.IntelliBridgeAllowedNumericsTest"
                name="IntelliBridgeAllowedNumericsIsAllowedTest (192884,False) row 867"
                time="0.0002899"/>
      <testcase classname="Philips.PMP.Test.Auto.IntelliBridgeAllowedNumericsTest"
                name="IntelliBridgeAllowedNumericsIsAllowedTest (194722,False) row 868"
                time="0.0003357"/>
      <testcase classname="Philips.PMP.Test.Auto.IntelliBridgeAllowedNumericsTest"
                name="IntelliBridgeAllowedNumericsIsAllowedTest (192810,True) row 869"
                time="0.0003616"/>
      <testcase classname="Philips.PMP.Test.Auto.IntelliBridgeAllowedNumericsTest"
                name="IntelliBridgeAllowedNumericsIsAllowedTest (192771,True) row 870"
                time="0.0002982"/>
      <testcase classname="Philips.PMP.Test.Auto.IntelliBridgeAllowedNumericsTest"
                name="IntelliBridgeAllowedNumericsIsAllowedTest (194694,True) row 871"
                time="0.000314"/>
      <testcase classname="Philips.PMP.Test.Auto.IntelliBridgeAllowedNumericsTest"
                name="IntelliBridgeAllowedNumericsIsAllowedTest (194771,False) row 872"
                time="0.0003751"/>
      <testcase classname="Philips.PMP.Test.Auto.IntelliBridgeAllowedNumericsTest"
                name="IntelliBridgeAllowedNumericsIsAllowedTest (194766,False) row 873"
                time="0.0003254"/>
      <testcase classname="Philips.PMP.Test.Auto.IntelliBridgeAllowedNumericsTest"
                name="IntelliBridgeAllowedNumericsIsAllowedTest (192925,False) row 874"
                time="0.0002996"/>
      <testcase classname="Philips.PMP.Test.Auto.IntelliBridgeAllowedNumericsTest"
                name="IntelliBridgeAllowedNumericsIsAllowedTest (194576,False) row 875"
                time="0.0003324"/>
      <testcase classname="Philips.PMP.Test.Auto.IntelliBridgeAllowedNumericsTest"
                name="IntelliBridgeAllowedNumericsIsAllowedTest (157716,False) row 876"
                time="0.0002847"/>
      <testcase classname="Philips.PMP.Test.Auto.IntelliBridgeAllowedNumericsTest"
                name="IntelliBridgeAllowedNumericsIsAllowedTest (194691,False) row 877"
                time="0.0002714"/>
      <testcase classname="Philips.PMP.Test.Auto.IntelliBridgeAllowedNumericsTest"
                name="IntelliBridgeAllowedNumericsIsAllowedTest (157744,False) row 878"
                time="0.0002794"/>
      <testcase classname="Philips.PMP.Test.Auto.IntelliBridgeAllowedNumericsTest"
                name="IntelliBridgeAllowedNumericsIsAllowedTest (157712,False) row 879"
                time="0.0003033"/>
      <testcase classname="Philips.PMP.Test.Auto.IntelliBridgeAllowedNumericsTest"
                name="IntelliBridgeAllowedNumericsIsAllowedTest (194736,False) row 880"
                time="0.0002935"/>
      <testcase classname="Philips.PMP.Test.Auto.IntelliBridgeAllowedNumericsTest"
                name="IntelliBridgeAllowedNumericsIsAllowedTest (67304349,False) row 881"
                time="0.0002743"/>
      <testcase classname="Philips.PMP.Test.Auto.IntelliBridgeAllowedNumericsTest"
                name="IntelliBridgeAllowedNumericsIsAllowedTest (195508,True) row 882"
                time="0.0003351"/>
      <testcase classname="Philips.PMP.Test.Auto.IntelliBridgeAllowedNumericsTest"
                name="IntelliBridgeAllowedNumericsIsAllowedTest (194708,False) row 883"
                time="0.0003518"/>
      <testcase classname="Philips.PMP.Test.Auto.IntelliBridgeAllowedNumericsTest"
                name="IntelliBridgeAllowedNumericsIsAllowedTest (194600,True) row 884"
                time="0.0003593"/>
      <testcase classname="Philips.PMP.Test.Auto.IntelliBridgeAllowedNumericsTest"
                name="IntelliBridgeAllowedNumericsIsAllowedTest (195886,True) row 885"
                time="0.0003449"/>
      <testcase classname="Philips.PMP.Test.Auto.IntelliBridgeAllowedNumericsTest"
                name="IntelliBridgeAllowedNumericsIsAllowedTest (192753,True) row 886"
                time="0.0003007"/>
      <testcase classname="Philips.PMP.Test.Auto.IntelliBridgeAllowedNumericsTest"
                name="IntelliBridgeAllowedNumericsIsAllowedTest (194592,False) row 887"
                time="0.0003069"/>
      <testcase classname="Philips.PMP.Test.Auto.IntelliBridgeAllowedNumericsTest"
                name="IntelliBridgeAllowedNumericsIsAllowedTest (194591,False) row 888"
                time="0.0003356"/>
      <testcase classname="Philips.PMP.Test.Auto.IntelliBridgeAllowedNumericsTest"
                name="IntelliBridgeAllowedNumericsIsAllowedTest (194590,False) row 889"
                time="0.0003146"/>
      <testcase classname="Philips.PMP.Test.Auto.IntelliBridgeAllowedNumericsTest"
                name="IntelliBridgeAllowedNumericsIsAllowedTest (195257,True) row 890"
                time="0.0003504"/>
      <testcase classname="Philips.PMP.Test.Auto.IntelliBridgeAllowedNumericsTest"
                name="IntelliBridgeAllowedNumericsIsAllowedTest (195260,True) row 891"
                time="0.0003601"/>
      <testcase classname="Philips.PMP.Test.Auto.IntelliBridgeAllowedNumericsTest"
                name="IntelliBridgeAllowedNumericsIsAllowedTest (195315,True) row 892"
                time="0.000324"/>
      <testcase classname="Philips.PMP.Test.Auto.IntelliBridgeAllowedNumericsTest"
                name="IntelliBridgeAllowedNumericsIsAllowedTest (195573,True) row 893"
                time="0.0002918"/>
      <testcase classname="Philips.PMP.Test.Auto.IntelliBridgeAllowedNumericsTest"
                name="IntelliBridgeAllowedNumericsIsAllowedTest (195574,True) row 894"
                time="0.0003781"/>
      <testcase classname="Philips.PMP.Test.Auto.IntelliBridgeAllowedNumericsTest"
                name="IntelliBridgeAllowedNumericsIsAllowedTest (195575,True) row 895"
                time="0.000369"/>
      <testcase classname="Philips.PMP.Test.Auto.IntelliBridgeAllowedNumericsTest"
                name="IntelliBridgeAllowedNumericsIsAllowedTest (195576,True) row 896"
                time="0.0003624"/>
      <testcase classname="Philips.PMP.Test.Auto.IntelliBridgeAllowedNumericsTest"
                name="IntelliBridgeAllowedNumericsIsAllowedTest (195577,True) row 897"
                time="0.0004085"/>
      <testcase classname="Philips.PMP.Test.Auto.IntelliBridgeAllowedNumericsTest"
                name="IntelliBridgeAllowedNumericsIsAllowedTest (195708,True) row 898"
                time="0.0041417"/>
      <testcase classname="Philips.PMP.Test.Auto.IntelliBridgeAllowedNumericsTest"
                name="IntelliBridgeAllowedNumericsIsAllowedTest (195709,True) row 899"
                time="0.0005946"/>
      <testcase classname="Philips.PMP.Test.Auto.IntelliBridgeAllowedNumericsTest"
                name="IntelliBridgeAllowedNumericsIsAllowedTest (195710,True) row 900"
                time="0.0003811"/>
      <testcase classname="Philips.PMP.Test.Auto.IntelliBridgeAllowedNumericsTest"
                name="IntelliBridgeAllowedNumericsIsAllowedTest (195897,True) row 901"
                time="0.0003355"/>
      <testcase classname="Philips.PMP.Test.Auto.IntelliBridgeAllowedNumericsTest"
                name="IntelliBridgeAllowedNumericsIsAllowedTest (195898,True) row 902"
                time="0.0002972"/>
      <testcase classname="Philips.PMP.Test.Auto.IntelliBridgeAllowedNumericsTest"
                name="IntelliBridgeAllowedNumericsIsAllowedTest (195922,True) row 903"
                time="0.0002874"/>
      <testcase classname="Philips.PMP.Test.Auto.IntelliBridgeAllowedNumericsTest"
                name="IntelliBridgeAllowedNumericsIsAllowedTest (195582,True) row 904"
                time="0.0003162"/>
      <testcase classname="Philips.PMP.Test.Auto.IntelliBridgeAllowedNumericsTest"
                name="IntelliBridgeAllowedNumericsIsAllowedTest (195583,True) row 905"
                time="0.0002869"/>
      <testcase classname="Philips.PMP.Test.Auto.IntelliBridgeAllowedNumericsTest"
                name="IntelliBridgeAllowedNumericsIsAllowedTest (195584,True) row 906"
                time="0.0002855"/>
      <testcase classname="Philips.PMP.Test.Auto.IntelliBridgeAllowedNumericsTest"
                name="IntelliBridgeAllowedNumericsIsAllowedTest (195585,True) row 907"
                time="0.0002886"/>
      <testcase classname="Philips.PMP.Test.Auto.IntelliBridgeAllowedNumericsTest"
                name="IntelliBridgeAllowedNumericsIsAllowedTest (195589,True) row 908"
                time="0.0002991"/>
      <testcase classname="Philips.PMP.Test.Auto.IntelliBridgeAllowedNumericsTest"
                name="IntelliBridgeAllowedNumericsIsAllowedTest (195590,True) row 909"
                time="0.000301"/>
      <testcase classname="Philips.PMP.Test.Auto.IntelliBridgeAllowedNumericsTest"
                name="IntelliBridgeAllowedNumericsIsAllowedTest (195586,True) row 910"
                time="0.0003132"/>
      <testcase classname="Philips.PMP.Test.Auto.IntelliBridgeAllowedNumericsTest"
                name="IntelliBridgeAllowedNumericsIsAllowedTest (195588,True) row 911"
                time="0.0004005"/>
      <testcase classname="Philips.PMP.Test.Auto.IntelliBridgeAllowedNumericsTest"
                name="IntelliBridgeAllowedNumericsIsAllowedTest (192906,False) row 912"
                time="0.0003172"/>
      <testcase classname="Philips.PMP.Test.Auto.IntelliBridgeAllowedNumericsTest"
                name="IntelliBridgeAllowedNumericsIsAllowedTest (192909,False) row 913"
                time="0.0003491"/>
      <testcase classname="Philips.PMP.Test.Auto.IntelliBridgeAllowedNumericsTest"
                name="IntelliBridgeAllowedNumericsIsAllowedTest (192910,False) row 914"
                time="0.0003953"/>
      <testcase classname="Philips.PMP.Test.Auto.IntelliBridgeAllowedNumericsTest"
                name="IntelliBridgeAllowedNumericsIsAllowedTest (194710,False) row 915"
                time="0.0005025"/>
      <testcase classname="Philips.PMP.Test.Auto.IntelliBridgeAllowedNumericsTest"
                name="IntelliBridgeAllowedNumericsIsAllowedTest (192911,False) row 916"
                time="0.0005023"/>
      <testcase classname="Philips.PMP.Test.Auto.IntelliBridgeAllowedNumericsTest"
                name="IntelliBridgeAllowedNumericsIsAllowedTest (192912,False) row 917"
                time="0.0008972"/>
      <testcase classname="Philips.PMP.Test.Auto.IntelliBridgeAllowedNumericsTest"
                name="IntelliBridgeAllowedNumericsIsAllowedTest (194709,False) row 918"
                time="0.0008211"/>
      <testcase classname="Philips.PMP.Test.Auto.IntelliBridgeAllowedNumericsTest"
                name="IntelliBridgeAllowedNumericsIsAllowedTest (192908,False) row 919"
                time="0.0009517"/>
      <testcase classname="Philips.PMP.Test.Auto.IntelliBridgeAllowedNumericsTest"
                name="IntelliBridgeAllowedNumericsIsAllowedTest (192756,False) row 920"
                time="0.0004657"/>
      <testcase classname="Philips.PMP.Test.Auto.IntelliBridgeAllowedNumericsTest"
                name="IntelliBridgeAllowedNumericsIsAllowedTest (195089,False) row 921"
                time="0.0004221"/>
      <testcase classname="Philips.PMP.Test.Auto.IntelliBridgeAllowedNumericsTest"
                name="IntelliBridgeAllowedNumericsIsAllowedTest (192757,False) row 922"
                time="0.0003601"/>
      <testcase classname="Philips.PMP.Test.Auto.IntelliBridgeAllowedNumericsTest"
                name="IntelliBridgeAllowedNumericsIsAllowedTest (192758,True) row 923"
                time="0.0008207"/>
      <testcase classname="Philips.PMP.Test.Auto.IntelliBridgeAllowedNumericsTest"
                name="IntelliBridgeAllowedNumericsIsAllowedTest (194723,True) row 924"
                time="0.001936"/>
      <testcase classname="Philips.PMP.Test.Auto.IntelliBridgeAllowedNumericsTest"
                name="IntelliBridgeAllowedNumericsIsAllowedTest (194586,True) row 925"
                time="0.0059043"/>
      <testcase classname="Philips.PMP.Test.Auto.IntelliBridgeAllowedNumericsTest"
                name="IntelliBridgeAllowedNumericsIsAllowedTest (194582,True) row 926"
                time="0.0006801"/>
      <testcase classname="Philips.PMP.Test.Auto.IntelliBridgeAllowedNumericsTest"
                name="IntelliBridgeAllowedNumericsIsAllowedTest (194580,False) row 927"
                time="0.0004682"/>
      <testcase classname="Philips.PMP.Test.Auto.IntelliBridgeAllowedNumericsTest"
                name="IntelliBridgeAllowedNumericsIsAllowedTest (194702,True) row 928"
                time="0.0005462"/>
      <testcase classname="Philips.PMP.Test.Auto.IntelliBridgeAllowedNumericsTest"
                name="IntelliBridgeAllowedNumericsIsAllowedTest (194594,True) row 929"
                time="0.0005374"/>
      <testcase classname="Philips.PMP.Test.Auto.IntelliBridgeAllowedNumericsTest"
                name="IntelliBridgeAllowedNumericsIsAllowedTest (194755,True) row 930"
                time="0.0003546"/>
      <testcase classname="Philips.PMP.Test.Auto.IntelliBridgeAllowedNumericsTest"
                name="IntelliBridgeAllowedNumericsIsAllowedTest (194585,True) row 931"
                time="0.0016522"/>
      <testcase classname="Philips.PMP.Test.Auto.IntelliBridgeAllowedNumericsTest"
                name="IntelliBridgeAllowedNumericsIsAllowedTest (194595,True) row 932"
                time="0.0005293"/>
      <testcase classname="Philips.PMP.Test.Auto.IntelliBridgeAllowedNumericsTest"
                name="IntelliBridgeAllowedNumericsIsAllowedTest (195454,True) row 933"
                time="0.0004204"/>
      <testcase classname="Philips.PMP.Test.Auto.IntelliBridgeAllowedNumericsTest"
                name="IntelliBridgeAllowedNumericsIsAllowedTest (195516,True) row 934"
                time="0.0003356"/>
      <testcase classname="Philips.PMP.Test.Auto.IntelliBridgeAllowedNumericsTest"
                name="IntelliBridgeAllowedNumericsIsAllowedTest (195517,True) row 935"
                time="0.0015628"/>
      <testcase classname="Philips.PMP.Test.Auto.IntelliBridgeAllowedNumericsTest"
                name="IntelliBridgeAllowedNumericsIsAllowedTest (67303722,True) row 936"
                time="0.0014189"/>
      <testcase classname="Philips.PMP.Test.Auto.IntelliBridgeAllowedNumericsTest"
                name="IntelliBridgeAllowedNumericsIsAllowedTest (67303721,True) row 937"
                time="0.0009748"/>
      <testcase classname="Philips.PMP.Test.Auto.IntelliBridgeAllowedNumericsTest"
                name="IntelliBridgeAllowedNumericsIsAllowedTest (67303742,True) row 938"
                time="0.0009036"/>
      <testcase classname="Philips.PMP.Test.Auto.IntelliBridgeAllowedNumericsTest"
                name="IntelliBridgeAllowedNumericsIsAllowedTest (67303741,True) row 939"
                time="0.0008981"/>
      <testcase classname="Philips.PMP.Test.Auto.IntelliBridgeAllowedNumericsTest"
                name="IntelliBridgeAllowedNumericsIsAllowedTest (194746,True) row 940"
                time="0.0004502"/>
      <testcase classname="Philips.PMP.Test.Auto.IntelliBridgeAllowedNumericsTest"
                name="IntelliBridgeAllowedNumericsIsAllowedTest (2155172874,False) row 941"
                time="0.0024751"/>
      <testcase classname="Philips.PMP.Test.Auto.IntelliBridgeAllowedNumericsTest"
                name="IntelliBridgeAllowedNumericsIsAllowedTest (2158686308,False) row 942"
                time="0.000659"/>
      <testcase classname="Philips.PMP.Test.Auto.IntelliBridgeAllowedNumericsTest"
                name="IntelliBridgeAllowedNumericsIsAllowedTest (2158686310,False) row 943"
                time="0.0009586"/>
      <testcase classname="Philips.PMP.Test.Auto.IntelliBridgeAllowedNumericsTest"
                name="IntelliBridgeAllowedNumericsIsAllowedTest (2158686312,False) row 944"
                time="0.0005964"/>
      <testcase classname="Philips.PMP.Test.Auto.IntelliBridgeAllowedNumericsTest"
                name="IntelliBridgeAllowedNumericsIsAllowedTest (2158686314,False) row 945"
                time="0.000409"/>
      <testcase classname="Philips.PMP.Test.Auto.IntelliBridgeAllowedNumericsTest"
                name="IntelliBridgeAllowedNumericsIsAllowedTest (2158686316,False) row 946"
                time="0.000386"/>
      <testcase classname="Philips.PMP.Test.Auto.IntelliBridgeAllowedNumericsTest"
                name="IntelliBridgeAllowedNumericsIsAllowedTest (2158686318,False) row 947"
                time="0.0003546"/>
      <testcase classname="Philips.PMP.Test.Auto.IntelliBridgeAllowedNumericsTest"
                name="IntelliBridgeAllowedNumericsIsAllowedTest (2158686320,False) row 948"
                time="0.0013721"/>
      <testcase classname="Philips.PMP.Test.Auto.IntelliBridgeAllowedNumericsTest"
                name="IntelliBridgeAllowedNumericsIsAllowedTest (2158686322,False) row 949"
                time="0.0018427"/>
      <testcase classname="Philips.PMP.Test.Auto.IntelliBridgeAllowedNumericsTest"
                name="IntelliBridgeAllowedNumericsIsAllowedTest (2158686324,False) row 950"
                time="0.0005405"/>
      <testcase classname="Philips.PMP.Test.Auto.IntelliBridgeAllowedNumericsTest"
                name="IntelliBridgeAllowedNumericsIsAllowedTest (2158686326,False) row 951"
                time="0.0004028"/>
      <testcase classname="Philips.PMP.Test.Auto.IntelliBridgeAllowedNumericsTest"
                name="IntelliBridgeAllowedNumericsIsAllowedTest (2158686328,False) row 952"
                time="0.0006682"/>
      <testcase classname="Philips.PMP.Test.Auto.IntelliBridgeAllowedNumericsTest"
                name="IntelliBridgeAllowedNumericsIsAllowedTest (2158686330,False) row 953"
                time="0.0027113"/>
      <testcase classname="Philips.PMP.Test.Auto.IntelliBridgeAllowedNumericsTest"
                name="IntelliBridgeAllowedNumericsIsAllowedTest (2158686332,False) row 954"
                time="0.0043929"/>
      <testcase classname="Philips.PMP.Test.Auto.IntelliBridgeAllowedNumericsTest"
                name="IntelliBridgeAllowedNumericsIsAllowedTest (2158686334,False) row 955"
                time="0.0011933"/>
      <testcase classname="Philips.PMP.Test.Auto.IntelliBridgeAllowedNumericsTest"
                name="IntelliBridgeAllowedNumericsIsAllowedTest (2158686336,False) row 956"
                time="0.0005671"/>
      <testcase classname="Philips.PMP.Test.Auto.IntelliBridgeAllowedNumericsTest"
                name="IntelliBridgeAllowedNumericsIsAllowedTest (2158686338,False) row 957"
                time="0.0004208"/>
      <testcase classname="Philips.PMP.Test.Auto.IntelliBridgeAllowedNumericsTest"
                name="IntelliBridgeAllowedNumericsIsAllowedTest (2158686340,False) row 958"
                time="0.0003537"/>
      <testcase classname="Philips.PMP.Test.Auto.IntelliBridgeAllowedNumericsTest"
                name="IntelliBridgeAllowedNumericsIsAllowedTest (2158686342,False) row 959"
                time="0.0007044"/>
      <testcase classname="Philips.PMP.Test.Auto.IntelliBridgeAllowedNumericsTest"
                name="IntelliBridgeAllowedNumericsIsAllowedTest (2158686344,False) row 960"
                time="0.0007536"/>
      <testcase classname="Philips.PMP.Test.Auto.IntelliBridgeAllowedNumericsTest"
                name="IntelliBridgeAllowedNumericsIsAllowedTest (2158686346,False) row 961"
                time="0.0011717"/>
      <testcase classname="Philips.PMP.Test.Auto.IntelliBridgeAllowedNumericsTest"
                name="IntelliBridgeAllowedNumericsIsAllowedTest (2158686348,False) row 962"
                time="0.0080512"/>
      <testcase classname="Philips.PMP.Test.Auto.IntelliBridgeAllowedNumericsTest"
                name="IntelliBridgeAllowedNumericsIsAllowedTest (2158686350,False) row 963"
                time="0.0196501"/>
      <testcase classname="Philips.PMP.Test.Auto.IntelliBridgeAllowedNumericsTest"
                name="IntelliBridgeAllowedNumericsIsAllowedTest (2158686352,False) row 964"
                time="0.0005553"/>
      <testcase classname="Philips.PMP.Test.Auto.IntelliBridgeAllowedNumericsTest"
                name="IntelliBridgeAllowedNumericsIsAllowedTest (2158686354,False) row 965"
                time="0.0033304"/>
      <testcase classname="Philips.PMP.Test.Auto.IntelliBridgeProviderTest"
                name="IHEDriverAddRemoveTest"
                time="0.1075514"/>
      <testcase classname="Philips.PMP.Test.Auto.EfficiaInstrumentTest"
                name="EfficiaInstrumentSphbUomIsParsed (GPerDL,X_G_PER_DL) row 1"
                time="0.0036281"/>
      <testcase classname="Philips.PMP.Test.Auto.EfficiaInstrumentTest"
                name="EfficiaInstrumentSphbUomIsParsed (MilliMolePerL,MILLI_MOLE_PER_L) row 2"
                time="0.0018106"/>
      <testcase classname="Philips.PMP.Test.Auto.EfficiaInstrumentTest"
                name="EfficiaInstrumentSphbUomIsParsed (Invalid,X_G_PER_DL) row 3"
                time="0.0016934"/>
      <testcase classname="Philips.PMP.Test.Auto.PdsManagedGatewayTest"
                name="PdsManagedGatewayAlarmLimitsTest"
                time="0.0049525"/>
      <testcase classname="Philips.PMP.Test.Auto.LicenseExtensionsTest"
                name="LicenseExtensionsIsTopologyDiacap"
                time="0.0010361"/>
      <testcase classname="Philips.CareEvent.Test.ProductBuilderTest"
                name="ValidateGetProductType (SOAP,NurseCall) row 1"
                time="0.004706"/>
      <testcase classname="Philips.CareEvent.Test.ProductBuilderTest"
                name="ValidateGetProductType (TAP,NurseCall) row 2"
                time="0.0052757"/>
      <testcase classname="Philips.CareEvent.Test.ProductBuilderTest"
                name="ValidateGetProductType (XML,Other) row 3"
                time="0.0009237"/>
      <testcase classname="Philips.CareEvent.Test.ProductBuilderTest"
                name="ValidateGetProductType (Unknown,Unknown) row 4"
                time="0.0003039"/>
      <testcase classname="Philips.CareEvent.Test.LogonPageTests"
                name="CheckAllowAllPermissionForViewEventReports"
                time="0.037842"/>
      <testcase classname="Philips.PMP.Test.Auto.IntelliBridgeLanConfigurationControlTest"
                name="DataBrokerSettingTest (True,False,True,1) row 1"
                time="0.052528"/>
      <testcase classname="Philips.PMP.Test.Auto.IntelliBridgeLanConfigurationControlTest"
                name="DataBrokerSettingTest (True,True,True,0) row 2"
                time="0.0668369"/>
      <testcase classname="Philips.PMP.Test.Auto.IntelliBridgeLanConfigurationControlTest"
                name="DataBrokerSettingTest (True,True,False,0) row 3"
                time="0.0678498"/>
      <testcase classname="Philips.PMP.Test.Auto.IntelliBridgeLanConfigurationControlTest"
                name="DataBrokerSettingTest (False,True,True,0) row 4"
                time="0.0474162"/>
      <testcase classname="Philips.PMP.Test.Auto.WaveFrequencyConverterTest"
                name="WaveConvertLengthMismatchTest (8,2,True,0,8223,) row 1"
                time="0.0036494"/>
      <testcase classname="Philips.PMP.Test.Auto.WaveFrequencyConverterTest"
                name="WaveConvertLengthMismatchTest (9,2,False,0,8223,Wave Converter: Error converting wave data to 125 because length 9 was not a correct multiple of 4.) row 2"
                time="0.0022893"/>
      <testcase classname="Philips.PMP.Test.Auto.WaveFrequencyConverterTest"
                name="WaveConvertLengthMismatchTest (10,2,False,0,8223,Wave Converter: Error converting wave data to 125 because length 10 was not a correct multiple of 4.) row 3"
                time="0.0004574"/>
      <testcase classname="Philips.PMP.Test.Auto.WaveFrequencyConverterTest"
                name="WaveConvertLengthMismatchTest (11,2,False,0,8223,Wave Converter: Error converting wave data to 125 because length 11 was not a correct multiple of 4.) row 4"
                time="0.0003837"/>
      <testcase classname="Philips.PMP.Test.Auto.WaveFrequencyConverterTest"
                name="WaveConvertLengthMismatchTest (12,3,True,0,8223,8227,) row 5"
                time="0.0004589"/>
      <testcase classname="Philips.PMP.Test.Auto.WaveFrequencyConverterTest"
                name="WaveConvertLengthMismatchTest (13,3,False,0,8223,8227,Wave Converter: Error converting wave data to 125 because length 13 was not a correct multiple of 4.) row 6"
                time="0.0003669"/>
      <testcase classname="Philips.PMP.Test.Auto.WaveFrequencyConverterTest"
                name="WaveConvertLengthMismatchTest (14,3,False,0,8223,8227,Wave Converter: Error converting wave data to 125 because length 14 was not a correct multiple of 4.) row 7"
                time="0.0003669"/>
      <testcase classname="Philips.PMP.Test.Auto.WaveFrequencyConverterTest"
                name="WaveConvertLengthMismatchTest (15,3,False,0,8223,8227,Wave Converter: Error converting wave data to 125 because length 15 was not a correct multiple of 4.) row 8"
                time="0.0003482"/>
      <testcase classname="Philips.PMP.Test.Auto.WaveFrequencyConverterTest"
                name="WaveConvertLengthMismatchTest (16,4,True,0,8223,8227,8231,) row 9"
                time="0.0003162"/>
      <testcase classname="Philips.PMP.Test.Auto.WaveFrequencyConverterTest"
                name="WaveConvertLengthMismatchTest (17,4,False,0,8223,8227,8231,Wave Converter: Error converting wave data to 125 because length 17 was not a correct multiple of 4.) row 10"
                time="0.0003345"/>
      <testcase classname="Philips.PMP.Test.Auto.WaveFrequencyConverterTest"
                name="WaveConvertLengthMismatchTest (18,4,False,0,8223,8227,8231,Wave Converter: Error converting wave data to 125 because length 18 was not a correct multiple of 4.) row 11"
                time="0.0003491"/>
      <testcase classname="Philips.PMP.Test.Auto.WaveFrequencyConverterTest"
                name="WaveConvertLengthMismatchTest (26,6,False,0,8223,8227,8231,8235,8239,Wave Converter: Error converting wave data to 125 because length 26 was not a correct multiple of 4.) row 12"
                time="0.0003633"/>
      <testcase classname="Philips.PMP.Test.Auto.WaveFrequencyConverterTest"
                name="WaveConvertLengthMismatchTest (27,6,False,0,8223,8227,8231,8235,8239,Wave Converter: Error converting wave data to 125 because length 27 was not a correct multiple of 4.) row 13"
                time="0.0037527"/>
      <testcase classname="Philips.PMP.Test.Auto.WaveFrequencyConverterTest"
                name="WaveConvertLengthMismatchTest (28,7,True,0,8223,8227,8231,8235,8239,8243,) row 14"
                time="0.0006589"/>
      <testcase classname="Philips.PMP.Test.Auto.WaveFrequencyConverterTest"
                name="WaveConvertLengthMismatchTest (29,7,False,0,8223,8227,8231,8235,8239,8243,Wave Converter: Error converting wave data to 125 because length 29 was not a correct multiple of 4.) row 15"
                time="0.0003478"/>
      <testcase classname="Philips.PMP.Test.Auto.WaveFrequencyConverterTest"
                name="WaveConvertLengthMismatchTest (30,7,False,0,8223,8227,8231,8235,8239,8243,Wave Converter: Error converting wave data to 125 because length 30 was not a correct multiple of 4.) row 16"
                time="0.0007028"/>
      <testcase classname="Philips.PMP.LicenseService.Test.UnitLicenseValidatorTest"
                name="ValidateUnitLicensesTest (False) row 1"
                time="0.0295878"/>
      <testcase classname="Philips.PMP.LicenseService.Test.UnitLicenseValidatorTest"
                name="ValidateUnitLicensesTest (True) row 2"
                time="0.0014419"/>
      <testcase classname="Philips.PMP.Test.Auto.OutboundAdtMgrTest"
                name="OutboundAdtMgrConvertsToPiChange"
                time="0.0054565"/>
      <testcase classname="Philips.CareEvent.Test.OruControlTests"
                name="LabsProcessingUsingPatientServiceCache"
                time="0.0485759"/>
      <testcase classname="Philips.PMP.Test.Auto.PpisMgrTest"
                name="PpisMgrAddLocationToSearchTest (False,False,False) row 1"
                time="0.0101432"/>
      <testcase classname="Philips.PMP.Test.Auto.PpisMgrTest"
                name="PpisMgrAddLocationToSearchTest (True,False,False) row 2"
                time="0.0050574"/>
      <testcase classname="Philips.PMP.Test.Auto.PpisMgrTest"
                name="PpisMgrAddLocationToSearchTest (True,False,True) row 3"
                time="0.004467"/>
      <testcase classname="Philips.PMP.Test.Auto.PpisMgrTest"
                name="PpisMgrAddLocationToSearchTest (False,True,False) row 4"
                time="0.0042416"/>
      <testcase classname="Philips.PMP.Test.Auto.PpisMgrTest"
                name="PpisMgrAddLocationToSearchTest (True,True,False) row 5"
                time="0.0041439"/>
      <testcase classname="Philips.PMP.Test.Auto.PpisMgrTest"
                name="PpisMgrAddLocationToSearchTest (True,True,True) row 6"
                time="0.0045638"/>
      <testcase classname="Philips.PMP.Test.Auto.IbsAlarmAudioDeterminerTest"
                name="IbsAlarmAudioDeterminerIsAudioOffTest (RedAlarm,Off,True,True) row 1"
                time="0.1391291"/>
      <testcase classname="Philips.PMP.Test.Auto.IbsAlarmAudioDeterminerTest"
                name="IbsAlarmAudioDeterminerIsAudioOffTest (RedAlarm,Off,False,False) row 2"
                time="0.0019892"/>
      <testcase classname="Philips.PMP.Test.Auto.IbsAlarmAudioDeterminerTest"
                name="IbsAlarmAudioDeterminerIsAudioOffTest (RedAlarm,On,True,False) row 3"
                time="0.001416"/>
      <testcase classname="Philips.PMP.Test.Auto.ServiceProviderTest"
                name="GetAllFactoryServicesTest"
                time="0.0030066"/>
      <testcase classname="Philips.PMP.Test.Auto.Hl7OutboundServiceTest"
                name="Hl7ShouldStopServiceTest (True,False,False,True,True) row 1"
                time="0.002768"/>
      <testcase classname="Philips.PMP.Test.Auto.Hl7OutboundServiceTest"
                name="Hl7ShouldStopServiceTest (True,False,True,True,False) row 2"
                time="0.0011104"/>
      <testcase classname="Philips.PMP.Test.Auto.Hl7OutboundServiceTest"
                name="Hl7ShouldStopServiceTest (False,True,False,False,True) row 3"
                time="0.0042186"/>
      <testcase classname="Philips.PMP.Test.Auto.Hl7OutboundServiceTest"
                name="Hl7ShouldStopServiceTest (False,True,False,False,True) row 4"
                time="0.0023012"/>
      <testcase classname="Philips.PMP.Test.Auto.Hl7OutboundServiceTest"
                name="Hl7ShouldStopServiceTest (False,True,False,True,False) row 5"
                time="0.0011528"/>
      <testcase classname="Philips.PMP.Test.Auto.IheBodySiteHandlerTest"
                name="IntelliBridgeIHEBodySiteStoreInMetricTest"
                time="0.0031275"/>
      <testcase classname="Philips.PMP.Test.Auto.EventRolesProviderTest"
                name="GetEventRoleByUnitIsValid"
                time="0.007271"/>
      <testcase classname="Philips.PMP.Test.Auto.IntelliBridgeDeviceManagerTest"
                name="IntelliBridgeDeviceMgrMonitorOnlineOffline"
                time="0.0339235"/>
      <testcase classname="Philips.PMP.Test.Auto.AlertNotificationDeviceControlTest"
                name="AlertNotificationDeviceControlRefreshConnectionListControl"
                time="0.0279834"/>
      <testcase classname="Philips.PMP.Test.Auto.ControlServiceTest"
                name="ControlServiceSwappingDeviceTest"
                time="0.1327753"/>
      <testcase classname="Philips.PMP.Test.Auto.EnterpriseProviderTest"
                name="DoesBedExistTest"
                time="0.2693012"/>
      <testcase classname="Philips.PMP.Test.Auto.Hl7OruEncoderTest"
                name="SpsCustomDeteriorationExistsInClassicHl7Output"
                time="0.0011344"/>
      <testcase classname="Philips.PMP.LicenseService.Test.LicensingSystemValidatorTest"
                name="LicenseSystemValidationBasicTest"
                time="0.3475738"/>
      <testcase classname="Philips.PMP.Test.Auto.PatientDateTimePickerFormatHelperTest"
                name="PatientDateOfBirthTimePickerInValid"
                time="0.0049665"/>
      <testcase classname="Philips.PMP.Test.Auto.EventCatalogProviderTest"
                name="UnitDefinitionCategoryCacheCacheShouldBeLoadedBeforeBeingUsed"
                time="0.0982935"/>
      <testcase classname="Philips.PIC.DataAcquisition.Test.ProtocolInfoRetrieverTest"
                name="ProtocolInfoRetrieverGetProtocolParametersTest (True,True,1) row 1"
                time="0.0067623"/>
      <testcase classname="Philips.PIC.DataAcquisition.Test.ProtocolInfoRetrieverTest"
                name="ProtocolInfoRetrieverGetProtocolParametersTest (True,True,1) row 2"
                time="0.0006215"/>
      <testcase classname="Philips.PIC.DataAcquisition.Test.ProtocolInfoRetrieverTest"
                name="ProtocolInfoRetrieverGetProtocolParametersTest (False,False,0) row 3"
                time="0.000582"/>
      <testcase classname="Philips.PMP.Test.Auto.TopologyHelperTest"
                name="ShouldAddBedsToHostBasedOnDeploymentType (False,True,0) row 1"
                time="0.0032795"/>
      <testcase classname="Philips.PMP.Test.Auto.TopologyHelperTest"
                name="ShouldAddBedsToHostBasedOnDeploymentType (True,False,0) row 2"
                time="0.0010848"/>
      <testcase classname="Philips.PMP.Test.Auto.AuthenticatableUserPasswordUpdaterTest"
                name="PasswordUpdaterConveysOsPasswordRequirements (15,15) row 1"
                time="0.0036741"/>
      <testcase classname="Philips.PMP.Test.Auto.AuthenticatableUserPasswordUpdaterTest"
                name="PasswordUpdaterConveysOsPasswordRequirements (14,14) row 2"
                time="0.0022814"/>
      <testcase classname="Philips.PMP.Test.Auto.AuthenticatableUserPasswordUpdaterTest"
                name="PasswordUpdaterConveysOsPasswordRequirements (1,1) row 3"
                time="0.0012188"/>
      <testcase classname="Philips.PMP.Test.Auto.AuthenticatableUserPasswordUpdaterTest"
                name="PasswordUpdaterConveysOsPasswordRequirements (0,14) row 4"
                time="0.019036"/>
      <testcase classname="Philips.PMP.Test.Auto.AuthenticatableUserPasswordUpdaterTest"
                name="PasswordUpdaterConveysOsPasswordRequirements (-1,14) row 5"
                time="0.0020998"/>
      <testcase classname="Philips.PMP.Test.Auto.IheDeviceTest"
                name="ProcessIgnoredParameters (BBraunDoselinkPlus,MSH|^~\&amp;|PAT_DEVICE_BBRAUN^0012211839000001^EUI-64|BBRAUN|DOC_AM_TEST|BB1|20220523142113+0000||ORU^R01^ORU_R01|63788912473382465025|P|2.6|||AL|NE||ASCII|en^English^ISO639||IHE_PCD_001^IHE PCD^1.3.6.1.4.1.19376.1.6.4.1^ISO&#xD;&#xA;&#x9;&#x9;PID|||Unknown Patient^Unknown Patient||^^^^^^U||||||||||||||||||||||||||Y&#xD;&#xA;&#x9;&#x9;OBR|1|029d53e1-daa3-11ec-8487-c0ee400d168f^PAT_DEVICE_BBRAUN^0012211839000001^EUI-64|029d53e1-daa3-11ec-8487-c0ee400d168f^PAT_DEVICE_BBRAUN^0012211839000001^EUI-64|Dobutamine^Dobutamine|||20220523142039+0000&#xD;&#xA;&#x9;&#x9;OBX|1||70053^MDC_DEV_PUMP_INFUS_SYRINGE_MDS^MDC|1.0.0.0|||||||X|||||||P2450^^0012210000000000^EUI-64&#xD;&#xA;&#x9;&#x9;OBX|2||70054^MDC_DEV_PUMP_INFUS_SYRINGE_VMD^MDC|1.1.0.0|||||||X&#xD;&#xA;&#x9;&#x9;OBX|8||70067^MDC_DEV_PUMP_DELIVERY_INFO^MDC|1.1.1.0|||||||X&#xD;&#xA;&#x9;&#x9;OBX|31|NM|157984^MDC_VOL_SYRINGE_ACTUAL^MDC|1.1.6.2|30.95|263762^MDC_DIM_MILLI_L^MDC^mL^mL^UCUM|||||R&#xD;&#xA;&#x9;&#x9;OBX|9|ST|0^MDC_ATTR_PUMP_PILLAR_DETAILS^MDC|1.1.0.24|0^0||||||F|||||||CA1~Rm1~Bed2~Fac1~~~Bldg1~Fl1^^0012210000000000^EUI-64&#xD;&#xA;&#x9;&#x9;OBX|32|ST|184488^MDC_SYRINGE_MANUFACTURER^MDC|1.1.6.3|B.Braun OPS 50 mL||||||R,P2450^^0012210000000000^EUI-64) row 1"
                time="0.0124222"/>
      <testcase classname="Philips.CareEvent.Test.RingtoneMgrTest"
                name="ValidateChangesShouldFailWhenMaxCountExceeded"
                time="0.0064717"/>
      <testcase classname="Philips.PMP.Test.Auto.NumericValueHelperTest"
                name="NumericValueNbpInfoTest (NbpVenipunctActive,MsmtOngoing,Ongoing) row 1"
                time="0.0004656"/>
      <testcase classname="Philips.PMP.Test.Auto.NumericValueHelperTest"
                name="NumericValueNbpInfoTest (NbpVenipunctActive,Invalid,VP) row 2"
                time="0.0003992"/>
      <testcase classname="Philips.PMP.Test.Auto.NumericValueHelperTest"
                name="NumericValueNbpInfoTest (NbpStat,Invalid,STAT) row 3"
                time="0.0003346"/>
      <testcase classname="Philips.PMP.Test.Auto.NumericValueHelperTest"
                name="NumericValueNbpInfoTest (NbpAutoCycleActive,Invalid,Auto) row 4"
                time="0.0003281"/>
      <testcase classname="Philips.PMP.Test.Auto.NumericValueHelperTest"
                name="NumericValueNbpInfoTest (NbpAuto,Invalid,Auto) row 5"
                time="0.0003207"/>
      <testcase classname="Philips.PMP.Test.Auto.NumericValueHelperTest"
                name="NumericValueNbpInfoTest (NbpManual,Invalid,Man) row 6"
                time="0.0003137"/>
      <testcase classname="Philips.PMP.Test.Auto.NumericValueHelperTest"
                name="NumericValueNbpInfoTest (EcgFilter,Invalid,Seq.) row 7"
                time="0.0003136"/>
      <testcase classname="Philips.PMP.Test.Auto.SurveillanceHelperTest"
                name="EnumerationRhythmStatusResetsCorrectlyIpmTest"
                time="0.0043456"/>
      <testcase classname="Philips.PMP.Test.Auto.PatientConflictControlGeneratorTest"
                name="PatientConflictControlGeneratorGetPatientConflictControlInfo (True) row 1"
                time="0.0177685"/>
      <testcase classname="Philips.PMP.Test.Auto.PatientConflictControlGeneratorTest"
                name="PatientConflictControlGeneratorGetPatientConflictControlInfo (False) row 2"
                time="0.0150415"/>
      <testcase classname="Philips.PMP.Test.Auto.PatientIdentityConverterTest"
                name="PatientIdentityConverterRetrievesBedIfPassedInNull"
                time="0.0023242"/>
      <testcase classname="Philips.PMP.Test.Auto.PatientAssignmentHelperTest"
                name="GetBatteryImageTest"
                time="0.0241397"/>
      <testcase classname="Philips.PMP.Test.Auto.Hl7StoreForwardHandlerTest"
                name="Hl7VerifyAckMessageTest (True,True,MSGID12349876,Accept) row 1"
                time="0.0077208"/>
      <testcase classname="Philips.PMP.Test.Auto.Hl7StoreForwardHandlerTest"
                name="Hl7VerifyAckMessageTest (True,False,MSGID12349876,Error) row 2"
                time="0.0087645"/>
      <testcase classname="Philips.PMP.Test.Auto.PatientAdtHelperTest"
                name="GetUpdatePatientWarningsTest (True,DDDD,True) row 1"
                time="0.0028796"/>
      <testcase classname="Philips.PMP.Test.Auto.PatientAdtHelperTest"
                name="GetUpdatePatientWarningsTest (True,DDDD,False) row 2"
                time="0.0164216"/>
      <testcase classname="Philips.PMP.Test.Auto.PatientAdtHelperTest"
                name="GetUpdatePatientWarningsTest (False,EEEE,True) row 3"
                time="0.0275335"/>
      <testcase classname="Philips.PMP.Test.Auto.PatientAdtHelperTest"
                name="GetUpdatePatientWarningsTest (False,EEEE,False) row 4"
                time="0.0053873"/>
      <testcase classname="Philips.CareEvent.Test.EventMonitorProviderTests"
                name="StoreConfiguredBedsForEventMonitorShouldReturnSuccess"
                time="0.0123332"/>
      <testcase classname="Philips.PMP.Test.Auto.MyPrinterTest"
                name="GetWindowsDefaultPrinterForCurrentUserShould"
                time="0.1151586"/>
      <testcase classname="Philips.PMP.Test.Auto.FirewallProviderTest"
                name="FirewallExclusionForLicenseTest (DB1,DHCP,Mobility Client) row 1"
                time="0.0029691"/>
      <testcase classname="Philips.PMP.Test.Auto.FirewallProviderTest"
                name="FirewallExclusionForLicenseTest (unknownCode,PubSub,DHCP) row 2"
                time="0.0042969"/>
      <testcase classname="Philips.PMP.Test.Auto.AlertProviderTest"
                name="AlertProviderDischarge"
                time="0.0228776"/>
      <testcase classname="Philips.PMP.Test.Auto.UiCheckerTest"
                name="UiCheckerShouldEnableActionForZone (True) row 1"
                time="0.0027409"/>
      <testcase classname="Philips.PMP.Test.Auto.UiCheckerTest"
                name="UiCheckerShouldEnableActionForZone (False) row 2"
                time="0.0351678"/>
      <testcase classname="Philips.PMP.Test.Auto.AlertNotificationHelperTest"
                name="EventInfoTextBasedOnAlarmInfo (REM: *** Alarm,*** Alarm,*** AlarmPrint,True,SilencedReminder,Unicode) row 1"
                time="0.0846974"/>
      <testcase classname="Philips.PMP.Test.Auto.AlertNotificationHelperTest"
                name="EventInfoTextBasedOnAlarmInfo (*** SPO2Print,*** SPO2,*** SPO2Print,False,SecondLevelUnsilenced,ASCII) row 2"
                time="0.0054186"/>
      <testcase classname="Philips.PMP.Test.Auto.EventCatalogProviderTest"
                name="SetEventDefinitionWithDisplayNameAndShouldMatch (Red lights,Display Red Light) row 1"
                time="0.4698023"/>
      <testcase classname="Philips.PMP.Test.Auto.EventCatalogProviderTest"
                name="SetEventDefinitionWithDisplayNameAndShouldMatch (Yello Light,) row 2"
                time="0.491734"/>
      <testcase classname="Philips.PMP.Test.Auto.EventCatalogProviderTest"
                name="SetEventDefinitionWithDisplayNameAndShouldMatch (Yello Light Empty,) row 3"
                time="0.5804837"/>
      <testcase classname="Philips.PMP.Test.Auto.RepositoryTest"
                name="RespositoryAddAndDeleteSpotCheckDataTest (True) row 1"
                time="0.022438"/>
      <testcase classname="Philips.PMP.Test.Auto.RepositoryTest"
                name="RespositoryAddAndDeleteSpotCheckDataTest (False) row 2"
                time="0.0056277"/>
      <testcase classname="Philips.PIC.DataAcquisition.Test.SureSignsProtocolConverterTest"
                name="ProtocolConverterGetEnumVisualGridLabelTest (1,RISKBAND_1,x,False,1,PW_P1_EWS_RISKBAND_1) row 1"
                time="0.0042162"/>
      <testcase classname="Philips.PIC.DataAcquisition.Test.SureSignsProtocolConverterTest"
                name="ProtocolConverterGetEnumVisualGridLabelTest (2,RISKBAND_3,,False,2,PW_P2_EWS_RISKBAND_3) row 2"
                time="0.003124"/>
      <testcase classname="Philips.PIC.DataAcquisition.Test.SureSignsProtocolConverterTest"
                name="ProtocolConverterGetEnumVisualGridLabelTest (4,RISKBAND_7,x,True,2,PW_P4_EWS_RISKBAND_7) row 3"
                time="0.0003532"/>
      <testcase classname="Philips.PIC.DataAcquisition.Test.SureSignsProtocolConverterTest"
                name="ProtocolConverterGetEnumVisualGridLabelTest (3,RISKBAND_5,x,False,1,PW_P3_EWS_RISKBAND_5) row 4"
                time="0.0018003"/>
      <testcase classname="Philips.PIC.DataAcquisition.Test.SureSignsProtocolConverterTest"
                name="ProtocolConverterGetEnumVisualGridLabelTest (5,RISKBAND_6,x,False,1,PW_P5_EWS_RISKBAND_6) row 5"
                time="0.0002479"/>
      <testcase classname="Philips.PIC.DataAcquisition.Test.SureSignsProtocolConverterTest"
                name="ProtocolConverterGetEnumVisualGridLabelTest (0,RISKBAND_6,x,False,1,PW_P1_EWS_RISKBAND_1) row 6"
                time="0.000275"/>
      <testcase classname="Philips.PIC.DataAcquisition.Test.SureSignsProtocolConverterTest"
                name="ProtocolConverterGetEnumVisualGridLabelTest (6,RISKBAND_6,x,False,1,PW_P1_EWS_RISKBAND_1) row 7"
                time="0.0004563"/>
      <testcase classname="Philips.PMP.Test.Auto.AlertFilterServiceTest"
                name="AlertFilterGetEventCategoryFilterSettingTest"
                time="0.0021814"/>
      <testcase classname="Philips.PMP.Test.Auto.AppAvailabilityDeterminerTest"
                name="IsApplicationLicensedTest"
                time="0.0013775"/>
      <testcase classname="Philips.PMP.Test.Auto.CodeAnalysisRulesTest"
                name="CaRulesEnabled"
                time="0.0017822"/>
      <testcase classname="Philips.PMP.Test.Auto.UserCredentialProcessorTest"
                name="UserCredentialProcessorEncryptsAndDecrypts"
                time="0.0014929"/>
      <testcase classname="Philips.IX.UserManagement.Test.UserAuthenticationSessionFactoryTest"
                name="UserManagementActionDataFactoryCreatePasswordAd"
                time="0.0109045"/>
      <testcase classname="Philips.PMP.Test.Auto.TrendUploadDvcTest"
                name="FifoImplementationKeepsUpToXDvcsTest"
                time="0.0166264"/>
      <testcase classname="Philips.PMP.Test.Auto.WebQualifierTest"
                name="FailOnSiteNotStartedTest"
                time="0.0063931"/>
      <testcase classname="Philips.PMP.Test.Auto.MulticastHostDeviceHelperTest"
                name="MulticastHostDeviceHelperGetMasterHostBlockedHostDevicesTest (System.Int32[],System.Int32[]) row 1"
                time="0.0105665"/>
      <testcase classname="Philips.PMP.Test.Auto.MulticastHostDeviceHelperTest"
                name="MulticastHostDeviceHelperGetMasterHostBlockedHostDevicesTest (System.Int32[],System.Int32[]) row 2"
                time="0.0032179"/>
      <testcase classname="Philips.PMP.Test.Auto.MulticastHostDeviceHelperTest"
                name="MulticastHostDeviceHelperGetMasterHostBlockedHostDevicesTest (System.Int32[],System.Int32[]) row 3"
                time="0.0111388"/>
      <testcase classname="Philips.PMP.Test.Auto.MulticastHostDeviceHelperTest"
                name="MulticastHostDeviceHelperGetMasterHostBlockedHostDevicesTest (System.Int32[],System.Int32[]) row 4"
                time="0.0102038"/>
      <testcase classname="Philips.PMP.Test.Auto.IntellibridgeDeviceDataTest"
                name="IntelliBridgeDriverBBraunMessageInvariantCultureParseFloatTest"
                time="0.002324"/>
      <testcase classname="Philips.PMP.Test.Auto.TileLayoutPanelControlTest"
                name="TileLayoutPanelControlWillRemoveMessage"
                time="0.0107691"/>
      <testcase classname="Philips.PMP.Test.Auto.PhysioDataStorageQueuesTest"
                name="QueuesGetPhysioDataReturnsNull"
                time="0.0004585"/>
      <testcase classname="Philips.PMP.Test.Auto.UserAccountQualifierTest"
                name="UserAccountQualifierShouldEnableAutoLogon (True,True) row 1"
                time="0.0068832"/>
      <testcase classname="Philips.PMP.Test.Auto.UserAccountQualifierTest"
                name="UserAccountQualifierShouldEnableAutoLogon (True,False) row 2"
                time="0.0133822"/>
      <testcase classname="Philips.PMP.Test.Auto.UserAccountQualifierTest"
                name="UserAccountQualifierShouldEnableAutoLogon (False,True) row 3"
                time="0.0023012"/>
      <testcase classname="Philips.PMP.Test.Auto.UserAccountQualifierTest"
                name="UserAccountQualifierShouldEnableAutoLogon (False,False) row 4"
                time="0.0019122"/>
      <testcase classname="Philips.PMP.Test.Auto.EventCatalogProviderTest"
                name="InitializeTest"
                time="0.0024792"/>
      <testcase classname="Philips.PMP.Test.Auto.DataValidationProviderTest"
                name="UpdateSpotCheckValidations"
                time="0.0114959"/>
      <testcase classname="Philips.PMP.Test.Auto.HighAvailabilityQualifierTest"
                name="HighAvailabilityConfigFileUpdateTest (True,False,False) row 1"
                time="0.0077736"/>
      <testcase classname="Philips.PMP.Test.Auto.HighAvailabilityQualifierTest"
                name="HighAvailabilityConfigFileUpdateTest (True,True,True) row 2"
                time="0.0027472"/>
      <testcase classname="Philips.PMP.Test.Auto.SystemStatusMessageHandlerTest"
                name="ReportStatusMessageIsCalled"
                time="0.0027195"/>
      <testcase classname="Philips.PMP.Test.Auto.Hl7DiagnosticsMgrTest"
                name="Hl7DiagnosticsMgrReceivesServiceCalls"
                time="0.0137922"/>
      <testcase classname="Philips.PMP.Test.Auto.LabDataProviderTest"
                name="GetLabDataTest"
                time="0.0288661"/>
      <testcase classname="Philips.PMP.Test.Auto.SystemStatusMessageHandlerTest"
                name="ClearStatusMessageIsCalledWithCorrectStatus"
                time="0.0017565"/>
      <testcase classname="Philips.PMP.Test.Auto.DbExtendedPropertyHelperTest"
                name="DbExtendedPropertyGetObsoleteColumnsTest (Primary,_Topology.Device_,3) row 1"
                time="0.0008226"/>
      <testcase classname="Philips.PMP.Test.Auto.DbExtendedPropertyHelperTest"
                name="DbExtendedPropertyGetObsoleteColumnsTest (Primary,_Adt.TransportLocationSetting_,0) row 2"
                time="0.0004477"/>
      <testcase classname="Philips.PMP.Test.Auto.PrincipalViewMgrTest"
                name="PrincipalViewMgrConnectionErrorPublishesEvent (Faulted,True) row 1"
                time="0.0017444"/>
      <testcase classname="Philips.PMP.Test.Auto.PrincipalViewMgrTest"
                name="PrincipalViewMgrConnectionErrorPublishesEvent (InitialAttempt,False) row 2"
                time="0.0007404"/>
      <testcase classname="Philips.PMP.Test.Auto.PrincipalViewMgrTest"
                name="PrincipalViewMgrConnectionErrorPublishesEvent (SubsequentAttempt,False) row 3"
                time="0.0006314"/>
      <testcase classname="Philips.PMP.Test.Auto.PrincipalViewMgrTest"
                name="PrincipalViewMgrConnectionErrorPublishesEvent (Unknown,False) row 4"
                time="0.0007816"/>
      <testcase classname="Philips.PIC.WebBridge.Test.InstitutionsControllerTest"
                name="GetInstitutionsTest"
                time="0.0017047"/>
      <testcase classname="Philips.RootMain.Test.CertificateInstallMgrTest"
                name="ValidateCaThumbprintSucceedTest"
                time="0.0056724"/>
      <testcase classname="Philips.PMP.Test.Auto.RepositoryDropoutCounterTest"
                name="RepositoryDropoutCounterUpdateWaveBackfillCounterTestWithSampleInBothCounters"
                time="0.0004825"/>
      <testcase classname="Philips.PMP.Test.Auto.MyLicenseTest"
                name="StoreAssignmentToCopyTest (True) row 1"
                time="0.036249"/>
      <testcase classname="Philips.PMP.Test.Auto.CiServiceTest"
                name="CiServiceDoesNotCrashOnTimerTick"
                time="0.243131"/>
      <testcase classname="Philips.PMP.Test.Auto.DeviceToBedButtonsStateCheckerTest"
                name="DeviceToBedButtonsStateCheckerGetButtonsStatesTest"
                time="0.0011949"/>
      <testcase classname="Philips.PMP.Test.Auto.PatientAdtActionFinderTest"
                name="PatientAdtActionFinderTryGetMatchingPatientsHisAdmit"
                time="0.0353724"/>
      <testcase classname="Philips.PMP.Test.Auto.IheDeviceTest"
                name="IheDeviceMessageQueueSizeTest (1,3,False) row 1"
                time="0.0636719"/>
      <testcase classname="Philips.PMP.Test.Auto.IheDeviceTest"
                name="IheDeviceMessageQueueSizeTest (3,3,False) row 2"
                time="0.0237112"/>
      <testcase classname="Philips.PMP.Test.Auto.IheDeviceTest"
                name="IheDeviceMessageQueueSizeTest (4,3,True) row 3"
                time="0.0327494"/>
      <testcase classname="Philips.PMP.Test.Auto.DbFifoTest"
                name="FileFifoTest"
                time="0.0210033"/>
      <testcase classname="Philips.PMP.Test.Auto.WatchdogTest"
                name="WatchdogEngineCommandsWhileRebootingTest"
                time="0.0105801"/>
      <testcase classname="Philips.CareEvent.Test.CareTouchCommunicationMgrTests"
                name="FailedSslAuthenticationShouldLog"
                time="0.8735988"/>
      <testcase classname="Philips.PMP.Test.Auto.IbsAlarmAudioDeterminerTest"
                name="IbsAlarmAudioDeterminerIsAudioOffNullTest (RedAlarm,Off,False) row 1"
                time="0.0023563"/>
      <testcase classname="Philips.PMP.Test.Auto.LimitCounterTest"
                name="NewLimitCounterHasCount0"
                time="0.0008281"/>
      <testcase classname="Philips.PMP.Test.Auto.DataTileHelperTest"
                name="DataTileHelperGetPDSTimeFromSpeedTest"
                time="0.0062977"/>
      <testcase classname="Philips.PMP.Test.Auto.TrendUploadMgrTest"
                name="CannotUploadWhenInPatientConflictTest"
                time="0.02684"/>
      <testcase classname="Philips.PMP.Test.Auto.PatientDataExportFileTest"
                name="PdxPacedPulsesOnlyEcgFilesAreExported"
                time="0.1055875"/>
      <testcase classname="Philips.PMP.Test.Auto.ExportHelperTest"
                name="ExportDefaultEncodingIsUtf8WithoutBom"
                time="0.0044624"/>
      <testcase classname="Philips.PMP.Test.Auto.DeviceLocationControlTest"
                name="LoadClinicalUnitsTest"
                time="0.2754658"/>
      <testcase classname="Philips.PMP.Test.Auto.DhcpProviderTest"
                name="NicRejectAndCreateNew"
                time="0.014692"/>
      <testcase classname="Philips.PMP.Test.Auto.AlertSoundInfoGetterTest"
                name="GetAnyIecAlertSoundInfoTest (13,RedAlarm,Iso,Red) row 1"
                time="0.0080653"/>
      <testcase classname="Philips.PMP.Test.Auto.AlertSoundInfoGetterTest"
                name="GetAnyIecAlertSoundInfoTest (12,YellowAlarm,Iso,Yellow) row 2"
                time="0.0083836"/>
      <testcase classname="Philips.PMP.Test.Auto.AlertSoundInfoGetterTest"
                name="GetAnyIecAlertSoundInfoTest (12,ShortYellowAlarm,Iso,Short Yellow) row 3"
                time="0.0202239"/>
      <testcase classname="Philips.PMP.Test.Auto.AlertSoundInfoGetterTest"
                name="GetAnyIecAlertSoundInfoTest (11,SevereInop,Iso,INOP) row 4"
                time="0.0034626"/>
      <testcase classname="Philips.PMP.Test.Auto.AlertSoundInfoGetterTest"
                name="GetAnyIecAlertSoundInfoTest (11,HardInop,Iso,INOP) row 5"
                time="0.0029091"/>
      <testcase classname="Philips.PMP.Test.Auto.AlertSoundInfoGetterTest"
                name="GetAnyIecAlertSoundInfoTest (13,RedAlarm,IecIso2020,Red) row 6"
                time="0.0048773"/>
      <testcase classname="Philips.PMP.Test.Auto.AlertSoundInfoGetterTest"
                name="GetAnyIecAlertSoundInfoTest (12,YellowAlarm,IecIso2020,Yellow) row 7"
                time="0.0028672"/>
      <testcase classname="Philips.PMP.Test.Auto.AlertSoundInfoGetterTest"
                name="GetAnyIecAlertSoundInfoTest (12,ShortYellowAlarm,IecIso2020,Short Yellow) row 8"
                time="0.0046052"/>
      <testcase classname="Philips.PMP.Test.Auto.AlertSoundInfoGetterTest"
                name="GetAnyIecAlertSoundInfoTest (11,SevereInop,IecIso2020,INOP) row 9"
                time="0.0046884"/>
      <testcase classname="Philips.PMP.Test.Auto.AlertSoundInfoGetterTest"
                name="GetAnyIecAlertSoundInfoTest (11,HardInop,IecIso2020,INOP) row 10"
                time="0.0069255"/>
      <testcase classname="Philips.PMP.Test.Auto.RepositoryNumericTest"
                name="EC4080MultidynamicBehaviorTest"
                time="0.0584037"/>
      <testcase classname="Philips.PMP.Test.Auto.CustomPerfCounterTest"
                name="CustomPerfCounterMgrOneHourPerfCounters"
                time="0.0033408"/>
      <testcase classname="Philips.PMP.Test.Auto.DtlsTest"
                name="DtlsGetLastSequenceNumberOfHandshakeFlightTest"
                time="0.0005813"/>
      <testcase classname="Philips.PMP.Test.Auto.ProtocolWatchServiceMgrTest"
                name="ProtocolWatchServiceMgrUpdatedSupportedProtocolsTest"
                time="0.0143313"/>
      <testcase classname="Philips.PMP.Test.Auto.MobilePatientConverterTest"
                name="MobileEquipmentIconTypesShouldMatch"
                time="0.0029359"/>
      <testcase classname="Philips.PMP.Test.Auto.BedTransferMgrTest"
                name="BedTransferMgrCanGetPatientServiceUri"
                time="0.0029584"/>
      <testcase classname="Philips.PMP.Test.Auto.CatalogHelperTest"
                name="FindParentEventCategory"
                time="0.0043509"/>
      <testcase classname="Philips.PMP.Test.Auto.HostAccessSettingsProviderTest"
                name="HostAcessPortalAssignmentTest"
                time="0.3119218"/>
      <testcase classname="Philips.PMP.Test.Auto.WaveProviderTest"
                name="WaveDynamicAttributesEcg"
                time="0.0295636"/>
      <testcase classname="Philips.PMP.Test.Auto.W32TimeServiceAdapterTest"
                name="DoNotReconfigureTimeSyncIfNoChangesAreRequired"
                time="0.0025055"/>
      <testcase classname="Philips.PMP.Test.Auto.NumericProviderTest"
                name="NumericProviderPeriodicMeasStateFiltering"
                time="0.2762712"/>
      <testcase classname="Philips.PMP.Test.Auto.MasterHostSelectionClientConfigTest"
                name="MasterHostSelectionClientConfigCanBeUsedToSetSubsciberConfig"
                time="0.0028094"/>
      <testcase classname="Philips.PMP.Test.Auto.BedLabelValidatorTest"
                name="AddBedFailsWhenViolatingMaxBedsForAlarmReflectionByOverviewRole (True) row 1"
                time="0.0061249"/>
      <testcase classname="Philips.PMP.Test.Auto.BedLabelValidatorTest"
                name="AddBedFailsWhenViolatingMaxBedsForAlarmReflectionByOverviewRole (False) row 2"
                time="0.0581938"/>
      <testcase classname="Philips.PMP.Test.Auto.ThirdPartyAppQualifierTest"
                name="ThirdPartyAppsDebugDiagInstallation"
                time="0.0253607"/>
      <testcase classname="Philips.PMP.Test.Auto.DataRelayServiceBridgeTest"
                name="DataRelayServiceBridgeMapsSubscriptionToParameters"
                time="0.0414495"/>
      <testcase classname="Philips.PMP.Test.Auto.DbSyncProviderTest"
                name="PreparePhysioHistorySyncContextTest"
                time="0.2913679"/>
      <testcase classname="Philips.PMP.Test.Auto.RestoreControlTest"
                name="RestoreControlGetArchiveDetailsTest (TwoDbArchive.rkv,2) row 1"
                time="0.7969878"/>
      <testcase classname="Philips.PMP.Test.Auto.RestoreControlTest"
                name="RestoreControlGetArchiveDetailsTest (PrimaryOnlyArchive.rkv,1) row 2"
                time="0.5905123"/>
      <testcase classname="Philips.PMP.Test.Auto.RestoreControlTest"
                name="RestoreControlGetArchiveDetailsTest (C03BaseArchive.rkv,1) row 3"
                time="0.4478304"/>
      <testcase classname="Philips.PMP.Test.Auto.Hl7SegmentHelperTest"
                name="Hl7SegmentHelperWillInsertFields"
                time="0.0018343"/>
      <testcase classname="Philips.PMP.Test.Auto.CustomStripLabelsControlHelperTest"
                name="CustomStripLabelsControlHelperSaveCustomStripLabels"
                time="0.0119084"/>
      <testcase classname="Philips.PMP.Test.Auto.EventNotificationValidatorTest"
                name="ValidateMaxUnitNotificationRolesTest"
                time="0.2455791"/>
      <testcase classname="Philips.CareEvent.Test.EventMgrTest"
                name="ProcessShouldDispatchToSingleUnitWhenOnlyOnePresent (0) row 1"
                time="0.0011404"/>
      <testcase classname="Philips.CareEvent.Test.EventMgrTest"
                name="ProcessShouldDispatchToSingleUnitWhenOnlyOnePresent (1) row 2"
                time="0.0050758"/>
      <testcase classname="Philips.CareEvent.Test.EventMgrTest"
                name="ProcessShouldDispatchToSingleUnitWhenOnlyOnePresent (2) row 3"
                time="0.0075448"/>
      <testcase classname="Philips.CareEvent.Test.EventMgrTest"
                name="ProcessShouldDispatchToSingleUnitWhenOnlyOnePresent (3) row 4"
                time="0.013856"/>
      <testcase classname="Philips.PMP.Test.Auto.MasterHostSelectionChannelMgrTest"
                name="MasterHostSelectionChannelMgrCanGetElectableZoneSubscribers (True,True,True,True) row 1"
                time="0.019532"/>
      <testcase classname="Philips.PMP.Test.Auto.MasterHostSelectionChannelMgrTest"
                name="MasterHostSelectionChannelMgrCanGetElectableZoneSubscribers (False,True,True,False) row 2"
                time="0.0044316"/>
      <testcase classname="Philips.PMP.Test.Auto.MasterHostSelectionChannelMgrTest"
                name="MasterHostSelectionChannelMgrCanGetElectableZoneSubscribers (True,False,True,False) row 3"
                time="0.0071918"/>
      <testcase classname="Philips.PMP.Test.Auto.MasterHostSelectionChannelMgrTest"
                name="MasterHostSelectionChannelMgrCanGetElectableZoneSubscribers (True,True,False,False) row 4"
                time="0.0035995"/>
      <testcase classname="Philips.CareEvent.Test.ProductProviderTests"
                name="DeleteCustomProductShouldReturnSuccess"
                time="0.0274761"/>
      <testcase classname="Philips.PMP.Test.Auto.AlarisAGWDriverTest"
                name="AlarisGatewayMdsAddDeviceTest"
                time="0.0035691"/>
      <testcase classname="Philips.PMP.Test.Auto.SoftwareUpdateHelperTest"
                name="SoftwareUpdateHelperIsServerUpdateNeeded (True,False,True,False) row 1"
                time="0.0058873"/>
      <testcase classname="Philips.PMP.Test.Auto.SoftwareUpdateHelperTest"
                name="SoftwareUpdateHelperIsServerUpdateNeeded (True,False,False,False) row 2"
                time="0.0033522"/>
      <testcase classname="Philips.PMP.Test.Auto.SoftwareUpdateHelperTest"
                name="SoftwareUpdateHelperIsServerUpdateNeeded (False,True,True,False) row 3"
                time="0.0041424"/>
      <testcase classname="Philips.PMP.Test.Auto.SoftwareUpdateHelperTest"
                name="SoftwareUpdateHelperIsServerUpdateNeeded (False,False,True,False) row 4"
                time="0.0027115"/>
      <testcase classname="Philips.PMP.Test.Auto.SoftwareUpdateHelperTest"
                name="SoftwareUpdateHelperIsServerUpdateNeeded (False,False,False,True) row 5"
                time="0.0025016"/>
      <testcase classname="Philips.PMP.Test.Auto.AlertNotificationThreadQueueTest"
                name="ThreadQueueStopWithFailures (1) row 1"
                time="0.0010889"/>
      <testcase classname="Philips.PMP.Test.Auto.AlertNotificationThreadQueueTest"
                name="ThreadQueueStopWithFailures (2) row 2"
                time="0.0156643"/>
      <testcase classname="Philips.PMP.Test.Auto.AlertNotificationThreadQueueTest"
                name="ThreadQueueStopWithFailures (25) row 3"
                time="0.0025954"/>
      <testcase classname="Philips.PMP.Test.Auto.ClinicalNotificationBedRepositoryTest"
                name="ClinicalNotificationBedRepositoryChangeBedTest"
                time="0.0131603"/>
      <testcase classname="Philips.PMP.Test.Auto.NotificationControlTest"
                name="NotificationControlGetMeasurementActionButton"
                time="0.4245567"/>
      <testcase classname="Philips.PMP.Test.Auto.AdtQualifierTest"
                name="DoNotFailQualifierIfHIFIsConfiguredAndIfHostIsNotificationServerWithOption"
                time="0.0037928"/>
      <testcase classname="Philips.PMP.Test.Auto.BedToBedOverviewTest"
                name="BedToBedOverviewEasiUpdateTest"
                time="0.1072058"/>
      <testcase classname="Philips.PMP.Test.Auto.BaxterPrismaxTest"
                name="BaxterPrismaxGetNumericInfoTest"
                time="0.0005403"/>
      <testcase classname="Philips.PMP.Test.Auto.MulticastZoneRuleHelperTest"
                name="MulticastZoneRuleHelperHasNoActiveMasterTest"
                time="0.002365"/>
      <testcase classname="Philips.PMP.Test.Auto.TopologyHelperTest"
                name="IsUnitLabelLengthValidTest"
                time="0.000701"/>
      <testcase classname="Philips.PMP.Test.Auto.CaregiverAssignmentProviderTest"
                name="ClearMobileStaffAssignmentShouldNotClearSharedAssignment"
                time="0.0661496"/>
      <testcase classname="Philips.PMP.Test.Auto.EventLogQualifierTest"
                name="EventLogQualifierVerifySuccessShould"
                time="0.1275332"/>
      <testcase classname="Philips.iX.PatientDataBridge.Test.PatientDataTest"
                name="PatientDataServiceOnPatientIdentityChangeTest"
                time="0.0325409"/>
      <testcase classname="Philips.PMP.Test.Auto.EnumerationProviderTest"
                name="EnumerationProviderStoreThree"
                time="0.0501617"/>
      <testcase classname="Philips.PMP.Test.Auto.PatientDataExportStorageTest"
                name="PdxGetEnumerationTest"
                time="0.0276962"/>
      <testcase classname="Philips.iX.InboundDataBridge.Test.PhysioDataBridgeServiceTest"
                name="StartStopServiceTest (False) row 1"
                time="0.0079295"/>
      <testcase classname="Philips.iX.InboundDataBridge.Test.PhysioDataBridgeServiceTest"
                name="StartStopServiceTest (True) row 2"
                time="0.0096666"/>
      <testcase classname="Philips.PMP.Test.Auto.PatientHandlerTest"
                name="PatientHandlerUpdateDeviceStatus"
                time="0.0017555"/>
      <testcase classname="Philips.PMP.Test.Auto.EcgDeriverTest"
                name="SomeUnavailableNumericValuesDontMarkAllDataUnavailableTest"
                time="0.0056039"/>
      <testcase classname="Philips.PMP.Test.Auto.MobilityPasswordChangeMgrTest"
                name="ProcessChangePasswordRequestPass"
                time="0.0041692"/>
      <testcase classname="Philips.PMP.Test.Auto.TileLayoutPanelTest"
                name="TileLayoutPanelConfigControlTest (True) row 1"
                time="0.1250737"/>
      <testcase classname="Philips.PMP.Test.Auto.TileLayoutPanelTest"
                name="TileLayoutPanelConfigControlTest (False) row 2"
                time="0.0967543"/>
      <testcase classname="Philips.PMP.Test.Auto.LanDeviceAssignmentNotificationServiceTest"
                name="LanDeviceAssignmentNotificationServiceUpdatesOnPatientAssignmentChange"
                time="0.0635446"/>
      <testcase classname="Philips.PMP.Test.Auto.EfficiaInstrumentTest"
                name="EfficiaInstrumentDisconnectTest"
                time="0.5208071"/>
      <testcase classname="Philips.PMP.Test.Auto.MobileDataHelperTest"
                name="MobileDataHelperSourceDeviceStringsAreTrimmed"
                time="0.000671"/>
      <testcase classname="Philips.PMP.Test.Auto.DynamicTopologySourceDataTest"
                name="GetClinicalUnitsTest"
                time="0.2445807"/>
      <testcase classname="Philips.PMP.Test.Auto.WaveGapFinderTest"
                name="FindAlertIntervalsTest"
                time="0.0059427"/>
      <testcase classname="Philips.PMP.Test.Auto.LinkedListTest"
                name="LinkedListCanAddToEmptyListFromHead"
                time="0.0017272"/>
      <testcase classname="Philips.PIC.DataAcquisition.Test.SureSignsProtocolConverterTest"
                name="ProtocolConverterSetPresentationHintsTest (False,True) row 1"
                time="0.0012971"/>
      <testcase classname="Philips.PIC.DataAcquisition.Test.SureSignsProtocolConverterTest"
                name="ProtocolConverterSetPresentationHintsTest (True,False) row 2"
                time="0.0002432"/>
      <testcase classname="Philips.PIC.DataAcquisition.Test.SureSignsProtocolConverterTest"
                name="ProtocolConverterSetPresentationHintsTest (True,True) row 3"
                time="0.000216"/>
      <testcase classname="Philips.PMP.Test.Auto.StreamNotificationCallbackChannelMgrTest"
                name="StreamNotificationCallbackChannelMgrCanCloseClientConnection"
                time="0.3675278"/>
      <testcase classname="Philips.PMP.Test.Auto.PatientAssignmentHelperTest"
                name="GetPatientDobTest"
                time="0.0009138"/>
      <testcase classname="Philips.PMP.Test.Auto.IheDriverSecureCommTest"
                name="IHEConnectionSecureFailureTest"
                time="0.0139551"/>
      <testcase classname="Philips.iX.FhirToPhysioDataConverter.Test.FhirToPhysioConverterTest"
                name="CanConvertFhirNumericToPhysioNumericValuesTest"
                time="1.4860294"/>
      <testcase classname="Philips.CareEvent.Test.CareTouchCommunicatorTests"
                name="CreateEventInfoForReportsShouldCreateEvent"
                time="0.0095855"/>
      <testcase classname="Philips.PMP.Test.Auto.PatientAssignmentHelperTest"
                name="GetMinumumPatientDOBTest"
                time="0.0004476"/>
      <testcase classname="Philips.CareEvent.Test.WctpSettingsControlTest"
                name="ValidateAndSaveSettingsTest"
                time="0.0102695"/>
      <testcase classname="Philips.PMP.Test.Auto.DeviceBatteryProcessorTest"
                name="DeviceBatteryLevelTest (40,True,True) row 1"
                time="0.0009529"/>
      <testcase classname="Philips.PMP.Test.Auto.DeviceBatteryProcessorTest"
                name="DeviceBatteryLevelTest (59,False,True) row 2"
                time="0.0007792"/>
      <testcase classname="Philips.PMP.Test.Auto.DeviceBatteryProcessorTest"
                name="DeviceBatteryLevelTest (60,False,False) row 3"
                time="0.0006239"/>
      <testcase classname="Philips.PMP.Test.Auto.AlertMgrHelperTest"
                name="AlertMgrHelperAlertNotificationChangeTest"
                time="0.0031308"/>
      <testcase classname="Philips.PMP.Test.Auto.FeatureAssignmentHelperTest"
                name="FeatureAssignmentHelperWillAssignBasicFeatures (False,False,False) row 1"
                time="0.0070608"/>
      <testcase classname="Philips.PMP.Test.Auto.FeatureAssignmentHelperTest"
                name="FeatureAssignmentHelperWillAssignBasicFeatures (True,False,False) row 2"
                time="0.0034287"/>
      <testcase classname="Philips.PMP.Test.Auto.FeatureAssignmentHelperTest"
                name="FeatureAssignmentHelperWillAssignBasicFeatures (False,True,False) row 3"
                time="0.0046276"/>
      <testcase classname="Philips.PMP.Test.Auto.FeatureAssignmentHelperTest"
                name="FeatureAssignmentHelperWillAssignBasicFeatures (False,False,True) row 4"
                time="0.0035743"/>
      <testcase classname="Philips.PMP.Test.Auto.FeatureAssignmentHelperTest"
                name="FeatureAssignmentHelperWillAssignBasicFeatures (True,True,False) row 5"
                time="0.0032205"/>
      <testcase classname="Philips.PMP.Test.Auto.FeatureAssignmentHelperTest"
                name="FeatureAssignmentHelperWillAssignBasicFeatures (True,False,True) row 6"
                time="0.0032123"/>
      <testcase classname="Philips.PMP.Test.Auto.FeatureAssignmentHelperTest"
                name="FeatureAssignmentHelperWillAssignBasicFeatures (False,True,True) row 7"
                time="0.0037207"/>
      <testcase classname="Philips.PMP.Test.Auto.FeatureAssignmentHelperTest"
                name="FeatureAssignmentHelperWillAssignBasicFeatures (True,True,True) row 8"
                time="0.0031268"/>
      <testcase classname="Philips.PMP.Test.Auto.WaveDataTest"
                name="WaveIntervalsSortTest"
                time="0.0009879"/>
      <testcase classname="Philips.PMP.Test.Auto.PatientProviderTest"
                name="PatientStoreSettingsAutoAdt"
                time="0.3367908"/>
      <testcase classname="Philips.PMP.Test.Auto.EcgTroubleShootingControlTest"
                name="EcgTroubleShootingControlUpdateLeads"
                time="0.0558153"/>
      <testcase classname="Philips.PMP.Test.Auto.WebHostHelperTest"
                name="GetSelectedWavesNlsIdsTest (Label,1000,True) row 1"
                time="0.0063506"/>
      <testcase classname="Philips.PMP.Test.Auto.WebHostHelperTest"
                name="GetSelectedWavesNlsIdsTest (Label,1000,False) row 2"
                time="0.0009575"/>
      <testcase classname="Philips.PMP.Test.Auto.EnterpriseProviderTest"
                name="MoveMonitoringBedTest"
                time="0.3123664"/>
      <testcase classname="Philips.PMP.Test.Auto.PatientDataExportFileTest"
                name="PdxWaveFileHasExpectedName (8c37fcfb-37e8-4f8d-a030-972da0dcfbab,Model,SerialNumber) row 1"
                time="0.0835472"/>
      <testcase classname="Philips.PMP.Test.Auto.PatientDataExportFileTest"
                name="PdxWaveFileHasExpectedName (782c29ae-76a6-44b8-9566-f772cecd5852,ChildModel,ChildSerialNumber) row 2"
                time="0.0829815"/>
      <testcase classname="Philips.PIC.DataAcquisition.Test.MonitoringDeviceServiceCollectionTest"
                name="MonitoringDeviceServiceCollectionOnlyInstantiatesSupportedServices"
                time="0.0213088"/>
      <testcase classname="Philips.PMP.Test.Auto.PatientDataExportTierTwoTest"
                name="TierTwoTimerFinishFasterTest"
                time="0.0011347"/>
      <testcase classname="Philips.PMP.Test.Auto.TrendUploadHelperTest"
                name="UploadInfoQueryIsSuppressedWhenMmsUploadInProgressTest"
                time="0.0061876"/>
      <testcase classname="Philips.PMP.Test.Auto.ThresholdDropdownControlTest"
                name="ThresholdDropdownUiTest"
                time="0.0264176"/>
      <testcase classname="Philips.PMP.Test.Auto.WavePrioritizationTest"
                name="LayoutSurveillanceWavesTest"
                time="0.0112521"/>
      <testcase classname="Philips.PMP.Test.Auto.WebQualifierTest"
                name="FailSiteSecurityNotConfiguredTest"
                time="0.0048419"/>
      <testcase classname="Philips.PMP.Test.Auto.ControlGroupHelperTest"
                name="ControlGroupHelperGetControlGroups"
                time="0.0063168"/>
      <testcase classname="Philips.PMP.Test.Auto.AlertFilterServiceTest"
                name="AlertFilterStoreEventCategoryFilterSettingTest"
                time="0.0052544"/>
      <testcase classname="Philips.PMP.Test.Auto.AlertProviderTest"
                name="AlertProviderOrderByAnnounceTime"
                time="0.008013"/>
      <testcase classname="Philips.PMP.Test.Auto.ApmOsUpdateProcessorTest"
                name="ApmOsUpdateProcessorScanWsusOsUpdateInfoTest"
                time="0.0832844"/>
      <testcase classname="Philips.PMP.Test.Auto.PhysioDataComparisonTest"
                name="ComplexMetricQueryEqualityTest"
                time="0.0005375"/>
      <testcase classname="Philips.PMP.Test.Auto.EfficiaWaveStreamReaderTest"
                name="PacePulsesAreNotInterpolatedTest"
                time="0.0017078"/>
      <testcase classname="Philips.PMP.Test.Auto.AutoAdtConfigControlHelperTest"
                name="GetProfilesTest"
                time="0.0040282"/>
      <testcase classname="Philips.PMP.Test.Auto.AlertMgrHelperTest"
                name="AlertMgrHelperControlsAreCached"
                time="0.0053384"/>
      <testcase classname="Philips.PMP.Test.Auto.MobileEquipmentMgrTest"
                name="GetSupportedAvailableEquipments (Mx850,True) row 1"
                time="0.0069136"/>
      <testcase classname="Philips.PMP.Test.Auto.MobileEquipmentMgrTest"
                name="GetSupportedAvailableEquipments (TelemTuhfman,True) row 2"
                time="0.009495"/>
      <testcase classname="Philips.PMP.Test.Auto.MobileEquipmentMgrTest"
                name="GetSupportedAvailableEquipments (AntaresModular,False) row 3"
                time="0.0097646"/>
      <testcase classname="Philips.PMP.Test.Auto.MobileEquipmentMgrTest"
                name="GetSupportedAvailableEquipments (Junior,False) row 4"
                time="0.0015946"/>
      <testcase classname="Philips.PMP.Test.Auto.RepositoryDropoutCounterTest"
                name="RepositoryDropoutCounterUpdateWaveUnavailableCounterTestWithConsecutiveUnavilableWaveSamplesInTheMiddle"
                time="0.0005975"/>
      <testcase classname="Philips.PMP.Test.Auto.AppDomainSectorFactoryMgrTest"
                name="AppDomainSectorFactoryAllowsNewVersions (B.03.01.00) row 1"
                time="0.0010298"/>
      <testcase classname="Philips.PMP.Test.Auto.AppDomainSectorFactoryMgrTest"
                name="AppDomainSectorFactoryAllowsNewVersions (C.02.01.00) row 2"
                time="0.0007985"/>
      <testcase classname="Philips.PMP.Test.Auto.AppDomainSectorFactoryMgrTest"
                name="AppDomainSectorFactoryAllowsNewVersions (C.03.00.00) row 3"
                time="0.0007341"/>
      <testcase classname="Philips.PMP.Test.Auto.ApmCollectorServiceTest"
                name="ApmReportsDeletedDevicesTest"
                time="0.0946906"/>
      <testcase classname="Philips.PMP.LicenseService.Test.UnitLicenseValidatorTest"
                name="ValidateGeneralCareLicense"
                time="0.0031138"/>
      <testcase classname="Philips.PMP.Test.Auto.PatientAssignmentControlTest"
                name="PatientAssignmentControlSaveUnitAdmitTime (Hidden,True,True) row 1"
                time="0.0611171"/>
      <testcase classname="Philips.PMP.Test.Auto.PatientAssignmentControlTest"
                name="PatientAssignmentControlSaveUnitAdmitTime (Hidden,True,False) row 2"
                time="0.0592435"/>
      <testcase classname="Philips.PMP.Test.Auto.PatientAssignmentControlTest"
                name="PatientAssignmentControlSaveUnitAdmitTime (Hidden,False,True) row 3"
                time="0.0571731"/>
      <testcase classname="Philips.PMP.Test.Auto.PatientAssignmentControlTest"
                name="PatientAssignmentControlSaveUnitAdmitTime (Hidden,False,False) row 4"
                time="0.0638985"/>
      <testcase classname="Philips.PMP.Test.Auto.PatientAssignmentControlTest"
                name="PatientAssignmentControlSaveUnitAdmitTime (Optional,True,True) row 5"
                time="0.056752"/>
      <testcase classname="Philips.PMP.Test.Auto.PatientAssignmentControlTest"
                name="PatientAssignmentControlSaveUnitAdmitTime (Optional,True,False) row 6"
                time="0.0600123"/>
      <testcase classname="Philips.PMP.Test.Auto.PatientAssignmentControlTest"
                name="PatientAssignmentControlSaveUnitAdmitTime (Optional,False,True) row 7"
                time="0.0573794"/>
      <testcase classname="Philips.PMP.Test.Auto.PatientAssignmentControlTest"
                name="PatientAssignmentControlSaveUnitAdmitTime (Optional,False,False) row 8"
                time="0.0609569"/>
      <testcase classname="Philips.PIC.WebBridge.Test.LogsControllerTest"
                name="MessageInBodyWithSeverityTest (information) row 1"
                time="0.0027497"/>
      <testcase classname="Philips.PIC.WebBridge.Test.LogsControllerTest"
                name="MessageInBodyWithSeverityTest (warning) row 2"
                time="0.0026379"/>
      <testcase classname="Philips.PIC.WebBridge.Test.LogsControllerTest"
                name="MessageInBodyWithSeverityTest (error) row 3"
                time="0.0024525"/>
      <testcase classname="Philips.PIC.WebBridge.Test.LogsControllerTest"
                name="MessageInBodyWithSeverityTest (trace) row 4"
                time="0.0011773"/>
      <testcase classname="Philips.PMP.Test.Auto.StitchTest"
                name="StitchCombineMetricDictsWithUniqueKeysTest"
                time="0.0173135"/>
      <testcase classname="Philips.PMP.Test.Auto.EfficiaInstrumentTest"
                name="EfficiaInstrumentPressureCvpUomIsParsed (MmHg,MMHG) row 1"
                time="0.0032573"/>
      <testcase classname="Philips.PMP.Test.Auto.EfficiaInstrumentTest"
                name="EfficiaInstrumentPressureCvpUomIsParsed (Kpa,KILO_PASCAL) row 2"
                time="0.0017943"/>
      <testcase classname="Philips.PMP.Test.Auto.EfficiaInstrumentTest"
                name="EfficiaInstrumentPressureCvpUomIsParsed (CmH2o,CM_H2O) row 3"
                time="0.0017894"/>
      <testcase classname="Philips.PMP.Test.Auto.EfficiaInstrumentTest"
                name="EfficiaInstrumentPressureCvpUomIsParsed (Invalid,MMHG) row 4"
                time="0.0016746"/>
      <testcase classname="Philips.PMP.Test.Auto.TeleProfileHelperTest"
                name="GetPacerDisplayStateTest"
                time="0.0018522"/>
      <testcase classname="Philips.PMP.Test.Auto.CiProcessorTest"
                name="CiProcessorProcessForNoMainAssocTest (False,True,0,0,0) row 1"
                time="0.0149309"/>
      <testcase classname="Philips.PMP.Test.Auto.CiProcessorTest"
                name="CiProcessorProcessForNoMainAssocTest (False,True,1,1,1) row 2"
                time="0.0033038"/>
      <testcase classname="Philips.PMP.Test.Auto.CiProcessorTest"
                name="CiProcessorProcessForNoMainAssocTest (False,True,2,2,1) row 3"
                time="0.00296"/>
      <testcase classname="Philips.PMP.Test.Auto.CiProcessorTest"
                name="CiProcessorProcessForNoMainAssocTest (False,True,2,0,0) row 4"
                time="0.0028835"/>
      <testcase classname="Philips.PMP.Test.Auto.CiProcessorTest"
                name="CiProcessorProcessForNoMainAssocTest (False,False,2,1,0) row 5"
                time="0.0029006"/>
      <testcase classname="Philips.PMP.Test.Auto.CiProcessorTest"
                name="CiProcessorProcessForNoMainAssocTest (True,False,2,1,0) row 6"
                time="0.0065497"/>
      <testcase classname="Philips.PMP.Test.Auto.SystemPerformanceTest"
                name="StoreValueFor2Profiles"
                time="0.6411025"/>
      <testcase classname="Philips.PMP.Test.Auto.WirelessDeviceStatisticsTest"
                name="WirelessDeviceStatisticsDataTest"
                time="0.0503347"/>
      <testcase classname="Philips.PIC.SharedAssignment.Test.SharedAssignmentMgrTest"
                name="ProcessBundleShouldReturnPopulatedSharedAssignmentResourceCollection"
                time="0.0420639"/>
      <testcase classname="Philips.PMP.Test.Auto.CaregiverAssignmentProviderTest"
                name="BedAliasAssignmentUpdatesShouldClearUserAssignmentCache"
                time="0.005854"/>
      <testcase classname="Philips.PMP.Test.Auto.PatientEquipmentManagementHelperTest"
                name="PatientEquipmentManagementHelperIsSupportedDevice (Ok,True) row 1"
                time="0.0249679"/>
      <testcase classname="Philips.PMP.Test.Auto.PatientEquipmentManagementHelperTest"
                name="PatientEquipmentManagementHelperIsSupportedDevice (Unknown,False) row 2"
                time="0.0028479"/>
      <testcase classname="Philips.PMP.Test.Auto.PatientEquipmentManagementHelperTest"
                name="PatientEquipmentManagementHelperIsSupportedDevice (NotSupportedLicense,False) row 3"
                time="0.0018224"/>
      <testcase classname="Philips.PMP.Test.Auto.PatientEquipmentManagementHelperTest"
                name="PatientEquipmentManagementHelperIsSupportedDevice (NotSupportedSecurityConfiguration,False) row 4"
                time="0.0018928"/>
      <testcase classname="Philips.PMP.Test.Auto.PatientEquipmentManagementHelperTest"
                name="PatientEquipmentManagementHelperIsSupportedDevice (NotSupportedWithoutPrincipalView,False) row 5"
                time="0.0023478"/>
      <testcase classname="Philips.PMP.Test.Auto.EcgIpmFilterTest"
                name="EcgSignalFiltersPedMonitorExt05HzTest"
                time="0.007533"/>
      <testcase classname="Philips.PMP.Test.Auto.DtlsTest"
                name="DtlsProceessHandshakePacketTest"
                time="0.201639"/>
      <testcase classname="Philips.CareEvent.Test.LocationRoleCareAssignmentControlTests"
                name="GetPatientButtonShouldReturnPatientButtonIfLocationIsValid (a2d6be69-759f-4617-a58d-9d45bcbb69f7) row 1"
                time="0.0138693"/>
      <testcase classname="Philips.CareEvent.Test.LocationRoleCareAssignmentControlTests"
                name="GetPatientButtonShouldReturnPatientButtonIfLocationIsValid (95fc7399-b4b5-4f63-9173-0b574c91b07c) row 2"
                time="0.0104083"/>
      <testcase classname="Philips.CareEvent.Test.LocationRoleCareAssignmentControlTests"
                name="GetPatientButtonShouldReturnPatientButtonIfLocationIsValid (d3b60ea2-8ed4-49ac-9237-ff2a625abf63) row 3"
                time="0.0100991"/>
      <testcase classname="Philips.PMP.Test.Auto.DeviceProviderTest"
                name="StoreDevice"
                time="0.3511055"/>
      <testcase classname="Philips.PIC.WebBridge.Test.JsonFormatterTest"
                name="JsonFormatterCamelTest"
                time="0.0038009"/>
      <testcase classname="Philips.PMP.Test.Auto.DeviceControlProviderTest"
                name="DeviceControlProviderVerifyLeadsetUnplugged"
                time="0.2526787"/>
      <testcase classname="Philips.PMP.Test.Auto.CareAssignmentAuditTrailWriterTest"
                name="WriteAuditTrailShouldWriteNoEntriesWhenListAreEmpty"
                time="0.0633645"/>
      <testcase classname="Philips.PMP.Test.Auto.PatientServiceMonitoredBedTrackerTest"
                name="PatientServiceMonitoredBedTrackerCanBeQueriedMoreThanOnce"
                time="0.0132576"/>
      <testcase classname="Philips.PIC.WebBridge.Test.TokensControllerTest"
                name="TokenCreateNonBasicAuthenticationHeaderTest"
                time="0.0008006"/>
      <testcase classname="Philips.PMP.Test.Auto.EnterpriseProviderTest"
                name="ZoneAndUnitsAssignment"
                time="0.4161434"/>
      <testcase classname="Philips.PMP.Test.Auto.RepositoryDropoutCounterTest"
                name="RepositoryDropoutCounterUpdateWaveUnavailableCounterTestWithoutUnavilableWaveSample"
                time="0.0016464"/>
      <testcase classname="Philips.CareEvent.Test.CareTouchCommunicatorTests"
                name="ProcessNeolookVideoGetRequestShouldCallEnqueueResponse"
                time="0.0078868"/>
      <testcase classname="Philips.PMP.Test.Auto.HostAccessViewControllerTest"
                name="HostAccessViewControllerMoveRemainingUnitsToNoAccessFromFullAccess"
                time="0.0073324"/>
      <testcase classname="Philips.PIC.WebBridge.Test.TokenMgrTest"
                name="TryGetTokenTest"
                time="0.0875794"/>
      <testcase classname="Philips.PMP.Test.Auto.EventCategorySettingsProviderTest"
                name="GetPPMEventCategorySettingEventProductIsNotEnabled"
                time="0.3136116"/>
      <testcase classname="Philips.PMP.Test.Auto.ComConverterTest"
                name="ComConverterCanConvertArray"
                time="0.0011657"/>
      <testcase classname="Philips.PMP.Test.Auto.LegacyCryptoHelperTest"
                name="HexStrings"
                time="0.0087004"/>
      <testcase classname="Philips.PMP.Test.Auto.EfficiaPatientMgrTest"
                name="EfficiaPatientMgrSendPatientMessageOnlyAfterAdtSync"
                time="0.0152254"/>
      <testcase classname="Philips.PMP.Test.Auto.EnterprisePortalServiceMgrTest"
                name="EnterprisePortalServiceMgrFindPatient (,,,0) row 1"
                time="0.0062037"/>
      <testcase classname="Philips.PMP.Test.Auto.EnterprisePortalServiceMgrTest"
                name="EnterprisePortalServiceMgrFindPatient (inst,unit,bed,1) row 2"
                time="0.0028705"/>
      <testcase classname="Philips.PMP.Test.Auto.EnterprisePortalServiceMgrTest"
                name="EnterprisePortalServiceMgrFindPatient (,,,2) row 3"
                time="0.0017184"/>
      <testcase classname="Philips.PMP.Test.Auto.EnterprisePortalServiceMgrTest"
                name="EnterprisePortalServiceMgrFindPatient (inst,unit,bed,3) row 4"
                time="0.0034014"/>
      <testcase classname="Philips.PMP.Test.Auto.EfficiaAlarmMgrTest"
                name="EfficiaAlarmMgrSilenceAlarmTest"
                time="0.0902412"/>
      <testcase classname="Philips.PMP.Test.Auto.PatientServiceSearchTest"
                name="PatientServiceUseMonitorPatientForTransferOrReadmitTest"
                time="0.0513364"/>
      <testcase classname="Philips.PMP.Test.Auto.HostAccessSettingsProviderTest"
                name="HostAcessCacheTest"
                time="0.0022939"/>
      <testcase classname="Philips.PMP.Test.Auto.IheDriverQualifierTest"
                name="IheDriverQualifierSucceedsNotConfigured"
                time="0.0091222"/>
      <testcase classname="Philips.PMP.Test.Auto.SectorAlertStateTest"
                name="SectorAlertStateIsActivePatientAlarmLessThanShortYellowAlarm"
                time="0.0101809"/>
      <testcase classname="Philips.PMP.Test.Auto.ControlGroupHelperTest"
                name="ControlGroupHelperSpO2ModeShouldAuditTest"
                time="0.0023331"/>
      <testcase classname="Philips.PMP.Test.Auto.Hl7TcpClientConnectionTest"
                name="Hl7TcpClientConnectionStart"
                time="0.5727783"/>
      <testcase classname="Philips.PMP.Test.Auto.CaregiverAssignmentProviderTest"
                name="GetCareAssignmentsReadFromCacheIfAvailable (True) row 1"
                time="0.3074122"/>
      <testcase classname="Philips.PMP.Test.Auto.CaregiverAssignmentProviderTest"
                name="GetCareAssignmentsReadFromCacheIfAvailable (False) row 2"
                time="0.3223054"/>
      <testcase classname="Philips.PMP.Test.Auto.AlertSoundMgrTest"
                name="CheckAlertSoundForAnyIecScheme (Iso,RedAlarm) row 1"
                time="0.1083264"/>
      <testcase classname="Philips.PMP.Test.Auto.AlertSoundMgrTest"
                name="CheckAlertSoundForAnyIecScheme (Iso,YellowAlarm) row 2"
                time="0.0494764"/>
      <testcase classname="Philips.PMP.Test.Auto.AlertSoundMgrTest"
                name="CheckAlertSoundForAnyIecScheme (Iso,ShortYellowAlarm) row 3"
                time="0.067057"/>
      <testcase classname="Philips.PMP.Test.Auto.AlertSoundMgrTest"
                name="CheckAlertSoundForAnyIecScheme (Iso,HardInop) row 4"
                time="0.0709962"/>
      <testcase classname="Philips.PMP.Test.Auto.AlertSoundMgrTest"
                name="CheckAlertSoundForAnyIecScheme (IecIso2020,RedAlarm) row 5"
                time="0.0719734"/>
      <testcase classname="Philips.PMP.Test.Auto.AlertSoundMgrTest"
                name="CheckAlertSoundForAnyIecScheme (IecIso2020,YellowAlarm) row 6"
                time="0.084473"/>
      <testcase classname="Philips.PMP.Test.Auto.AlertSoundMgrTest"
                name="CheckAlertSoundForAnyIecScheme (IecIso2020,ShortYellowAlarm) row 7"
                time="0.0498071"/>
      <testcase classname="Philips.PMP.Test.Auto.AlertSoundMgrTest"
                name="CheckAlertSoundForAnyIecScheme (IecIso2020,HardInop) row 8"
                time="0.0548755"/>
      <testcase classname="Philips.PMP.Test.Auto.PatientDataExportStorageTestNoDb"
                name="PdxFloatConversionTest"
                time="0.0025064"/>
      <testcase classname="Philips.PMP.Test.Auto.PatientDataExportConfigControlTest"
                name="PatientDataExportServerConfigTest"
                time="0.2569808"/>
      <testcase classname="Philips.PIC.WebBridge.Test.DataRelaySetupMgrTest"
                name="DataRelaySetUpWillUseLocalHostName"
                time="0.0068962"/>
      <testcase classname="Philips.PMP.Test.Auto.CustomStripLabelsCopierTest"
                name="CustomStripLabelsCopierCopy"
                time="0.0380545"/>
      <testcase classname="Philips.PMP.Test.Auto.PhysioHelperTest"
                name="PopulateTimeMappingListTable (0) row 1"
                time="0.0022301"/>
      <testcase classname="Philips.PMP.Test.Auto.PhysioHelperTest"
                name="PopulateTimeMappingListTable (1) row 2"
                time="0.0006084"/>
      <testcase classname="Philips.PMP.Test.Auto.PhysioHelperTest"
                name="PopulateTimeMappingListTable (2) row 3"
                time="0.0003256"/>
      <testcase classname="Philips.PMP.Test.Auto.PhysioHelperTest"
                name="PopulateTimeMappingListTable (4) row 4"
                time="0.0002916"/>
      <testcase classname="Philips.PMP.Test.Auto.PhysioHelperTest"
                name="PopulateTimeMappingListTable (8) row 5"
                time="0.000316"/>
      <testcase classname="Philips.PMP.Test.Auto.PhysioHelperTest"
                name="PopulateTimeMappingListTable (16) row 6"
                time="0.0003003"/>
      <testcase classname="Philips.PMP.Test.Auto.PhysioHelperTest"
                name="PopulateTimeMappingListTable (32) row 7"
                time="0.0003088"/>
      <testcase classname="Philips.PMP.Test.Auto.PhysioHelperTest"
                name="PopulateTimeMappingListTable (64) row 8"
                time="0.0003351"/>
      <testcase classname="Philips.PMP.Test.Auto.PhysioHelperTest"
                name="PopulateTimeMappingListTable (128) row 9"
                time="0.0003942"/>
      <testcase classname="Philips.PMP.Test.Auto.PhysioHelperTest"
                name="PopulateTimeMappingListTable (256) row 10"
                time="0.000524"/>
      <testcase classname="Philips.PMP.Test.Auto.PhysioHelperTest"
                name="PopulateTimeMappingListTable (512) row 11"
                time="0.0007888"/>
      <testcase classname="Philips.PMP.Test.Auto.PhysioHelperTest"
                name="PopulateTimeMappingListTable (1024) row 12"
                time="0.0013082"/>
      <testcase classname="Philips.PMP.Test.Auto.PhysioHelperTest"
                name="PopulateTimeMappingListTable (2048) row 13"
                time="0.0045472"/>
      <testcase classname="Philips.PMP.Test.Auto.PhysioHelperTest"
                name="PopulateTimeMappingListTable (4096) row 14"
                time="0.0047754"/>
      <testcase classname="Philips.PIC.WebBridge.Test.MobilePhysioDataRetrievalMgrTest"
                name="WillNotGetPhysioDataForDischargedPatientTest"
                time="0.0019661"/>
      <testcase classname="Philips.PMP.Test.Auto.PatientServiceHelperTest"
                name="PatientServiceHelperIsNullProfileTest (False) row 1"
                time="0.000707"/>
      <testcase classname="Philips.PMP.Test.Auto.PatientServiceHelperTest"
                name="PatientServiceHelperIsNullProfileTest (True) row 2"
                time="0.0016609"/>
      <testcase classname="Philips.PMP.Test.Auto.WebHostHelperTest"
                name="TryGetPatientDischarged"
                time="0.2755824"/>
      <testcase classname="Philips.PMP.Test.Auto.EventLogConverterTest"
                name="AppRestartReasonConversionHandlesOverflow"
                time="0.0031988"/>
      <testcase classname="Philips.PMP.Test.Auto.WatchdogCommandsTest"
                name="WatchdogAlertCommandFunctionality"
                time="0.0040406"/>
      <testcase classname="Philips.PMP.Test.Auto.PhysioDataHelperTest"
                name="IntervalEqualsIsNotRecursive"
                time="0.0010493"/>
      <testcase classname="Philips.PIC.DeviceUserManagement.Test.DeviceUserManagementServiceTest"
                name="DeviceUserManagementServiceDirectoryChange"
                time="0.0046855"/>
      <testcase classname="Philips.iX.InboundDataBridge.Test.ProtobufSerializationHelperTest"
                name="SerializeTest"
                time="0.4888047"/>
      <testcase classname="Philips.PMP.Test.Auto.EventNotificationMgrTest"
                name="IsSharedRoleChangedShouldReturnTrueIfSharedRoleAdded"
                time="0.0007437"/>
      <testcase classname="Philips.PMP.Test.Auto.CameraSystemMgrTest"
                name="GetUrlWithValidUser"
                time="0.1295905"/>
      <testcase classname="Philips.PMP.Test.Auto.ScheduleTest"
                name="ScheduleIntervalGreaterThanOneDayCanCalculateNext"
                time="0.0015085"/>
      <testcase classname="Philips.PMP.Test.Auto.TopologyProviderTest"
                name="GetInstitutionNameByZoneId"
                time="0.2419957"/>
      <testcase classname="Philips.PMP.Test.Auto.EventLogShutdownAnalyzerTest"
                name="DetectLastShutdownWasWatchdogPendingReboot"
                time="0.0011767"/>
      <testcase classname="Philips.PMP.Test.Auto.RemoteDataServiceMgrTest"
                name="PluggableSectorControlAssignTest"
                time="0.3721559"/>
      <testcase classname="Philips.PMP.Test.Auto.EcgIpmFilterTest"
                name="EcgSignalFiltersPedDiag005HzTest"
                time="0.0220554"/>
      <testcase classname="Philips.PIC.SharedAssignment.Test.SharedAssignmentDeserializerTest"
                name="SharedAssignmentDoesNotDeserializeRandomJson"
                time="0.0024217"/>
      <testcase classname="Philips.PMP.Test.Auto.EventLogAppRestartAnalyzerTest"
                name="DetectLastAppRestartWasManualStop"
                time="0.000837"/>
      <testcase classname="Philips.PMP.Test.Auto.MobileBedSubscriberTest"
                name="MobileBedSubscriberDeduplicatesConfigurationSubscriptions"
                time="0.0358727"/>
      <testcase classname="Philips.PMP.Test.Auto.SchedulerServiceTest"
                name="TryGetNextScheduledEventTest"
                time="0.0076075"/>
      <testcase classname="Philips.CareEvent.Test.EventWorkflowServiceTests"
                name="CanSetBedForUpdatesViaBedName"
                time="0.004638"/>
      <testcase classname="Philips.PMP.Test.Auto.RepositoryTest"
                name="RepositoryRunMedianCalculation (TwelveSecondMedian,False) row 1"
                time="0.0161544"/>
      <testcase classname="Philips.PMP.Test.Auto.RepositoryTest"
                name="RepositoryRunMedianCalculation (SixtySecondMedian,False) row 2"
                time="0.0181972"/>
      <testcase classname="Philips.PMP.Test.Auto.RepositoryTest"
                name="RepositoryRunMedianCalculation (ThreeHundredSecondMedian,True) row 3"
                time="0.0119363"/>
      <testcase classname="Philips.PMP.Test.Auto.RepositoryNumericTest"
                name="HexadDerivationInNumericsTest"
                time="0.0019477"/>
      <testcase classname="Philips.PMP.Test.Auto.PatientServiceTest"
                name="PatientServiceOnlyStartsDeviceAssociationMgrForPatientConnectedHosts (True) row 1"
                time="0.316625"/>
      <testcase classname="Philips.PMP.Test.Auto.PatientServiceTest"
                name="PatientServiceOnlyStartsDeviceAssociationMgrForPatientConnectedHosts (False) row 2"
                time="0.249701"/>
      <testcase classname="Philips.PMP.Test.Auto.HostAccessViewControllerTest"
                name="HostAccessViewControllerDoesFullSelectionMatch"
                time="0.0046184"/>
      <testcase classname="Philips.PMP.Test.Auto.NetworkAlertTest"
                name="NetworkAlertRaIncompatibleMessageTest (36629) row 1"
                time="0.0019185"/>
      <testcase classname="Philips.PMP.Test.Auto.NetworkAlertTest"
                name="NetworkAlertRaIncompatibleMessageTest (36630) row 2"
                time="0.0004813"/>
      <testcase classname="Philips.PMP.Test.Auto.RepositoryWaveTest"
                name="GettingWaveDataTest"
                time="0.0015652"/>
      <testcase classname="Philips.PMP.Test.Auto.EfficiaWaveStreamReaderTest"
                name="WaveInterpolationCombinations2Test"
                time="0.0076679"/>
      <testcase classname="Philips.IX.UserManagement.Test.UserAuthenticatorsTest"
                name="UserAuthenticatorProveIdWebApiUniqueIdFail2Test"
                time="0.049512"/>
      <testcase classname="Philips.PMP.Test.Auto.CiServiceTest"
                name="CiServiceShouldProcessCiTest"
                time="1.0103255"/>
      <testcase classname="Philips.PMP.Test.Auto.PatientAssignmentControlTest"
                name="PatientAssignmentControlOnIdle"
                time="0.0617509"/>
      <testcase classname="Philips.PMP.Test.Auto.ZymedConfigControlTest"
                name="NetworkShareSelectionControlCanBeReadOnly (True) row 1"
                time="0.1973945"/>
      <testcase classname="Philips.PMP.Test.Auto.ZymedConfigControlTest"
                name="NetworkShareSelectionControlCanBeReadOnly (False) row 2"
                time="0.0569512"/>
      <testcase classname="Philips.PMP.Test.Auto.TrendUploadMgrTest"
                name="IPMDevicesCanTransitionFromTelemdilToMdilTest"
                time="0.0130595"/>
      <testcase classname="Philips.PMP.Test.Auto.WaveFileMgrTest"
                name="PdxWavesWithDifferentSourcesAreDifferent"
                time="0.0032637"/>
      <testcase classname="Philips.PMP.Test.Auto.MobileSaveWavestripMgrTest"
                name="AuditFailsWithUnknownResultWhenSaveUserWavestripFails"
                time="0.0044294"/>
      <testcase classname="Philips.PMP.Test.Auto.WebHostHelperTest"
                name="WebConnectSetPatientTest (True) row 1"
                time="0.9070201"/>
      <testcase classname="Philips.PMP.Test.Auto.WebHostHelperTest"
                name="WebConnectSetPatientTest (False) row 2"
                time="0.0127289"/>
      <testcase classname="Philips.PIC.WebBridge.Test.TokenMgrTest"
                name="TryGetTokenByPrincipalTest"
                time="0.003703"/>
      <testcase classname="Philips.PMP.Test.Auto.EcgDeriverTest"
                name="RealTimeWaveEcgDeriverEmptyWaveChunkDoesntCrash"
                time="0.0157362"/>
      <testcase classname="Philips.CareEvent.Test.RingtoneProviderTests"
                name="GetRawDataForCustomRingtoneDuringGetCall"
                time="0.0126396"/>
      <testcase classname="Philips.PMP.Test.Auto.EnumerationProviderTest"
                name="EnumerationProviderEventMultipleTimesInQuantum"
                time="0.0237478"/>
      <testcase classname="Philips.PMP.Test.Auto.WatchdogHelperTest"
                name="WatchdogHelperShouldDisablePrimaryDbCall"
                time="0.0031954"/>
      <testcase classname="Philips.PMP.Test.Auto.DelimitedMessageExtractorTest"
                name="ExtractMultipleMessageElementTest"
                time="0.0016064"/>
      <testcase classname="Philips.PMP.Test.Auto.TrendUploadDvcTest"
                name="AddingSameDVCTest"
                time="0.001924"/>
      <testcase classname="Philips.PIC.DeviceUserManagement.Test.DeviceUserManagementRequestProcessorTest"
                name="DeviceUserManagementRequestProcessorValidateCard (00000000000000000000000000000000000000000000000000000000A5789C09,Password,True,password,Valid,AuthenticateFurther,AuthenticationSucceeded) row 1"
                time="0.4311478"/>
      <testcase classname="Philips.PIC.DeviceUserManagement.Test.DeviceUserManagementRequestProcessorTest"
                name="DeviceUserManagementRequestProcessorValidateCard (00000000000000000000000000000000000000000000000000000000A5789C09,Password,False,password,Valid,AuthenticateFurther,AuthenticationSucceeded) row 2"
                time="0.0044173"/>
      <testcase classname="Philips.PMP.Test.Auto.UriConfigControlTest"
                name="UriDevicePortConfiguration (Acpmp,True,True) row 1"
                time="0.0238958"/>
      <testcase classname="Philips.PMP.Test.Auto.UriConfigControlTest"
                name="UriDevicePortConfiguration (Acpmp,False,False) row 2"
                time="0.0214053"/>
      <testcase classname="Philips.PMP.Test.Auto.UriConfigControlTest"
                name="UriDevicePortConfiguration (IBE,True,True) row 3"
                time="0.0224578"/>
      <testcase classname="Philips.PMP.Test.Auto.UriConfigControlTest"
                name="UriDevicePortConfiguration (IBE,False,True) row 4"
                time="0.0254599"/>
      <testcase classname="Philips.PMP.Test.Auto.UriConfigControlTest"
                name="UriDevicePortConfiguration (PatientDataExportStorage,True,False) row 5"
                time="0.0221333"/>
      <testcase classname="Philips.PMP.Test.Auto.UriConfigControlTest"
                name="UriDevicePortConfiguration (PatientDataExportStorage,False,False) row 6"
                time="0.0214873"/>
      <testcase classname="Philips.PMP.Test.Auto.AlertNotificationHelperTest"
                name="PopulateEventDetails"
                time="0.553209"/>
      <testcase classname="Philips.PMP.Test.Auto.RepositoryComplexMetricTest"
                name="RepositoryComplexMetricHexadSTAreDerivedCorrectly"
                time="0.0006624"/>
      <testcase classname="Philips.PMP.Test.Auto.DbExtendedPropertyHelperTest"
                name="DbExtendedPropertyIsStaticTable (Primary,_Control.Control_,True) row 1"
                time="0.0018937"/>
      <testcase classname="Philips.PMP.Test.Auto.DbExtendedPropertyHelperTest"
                name="DbExtendedPropertyIsStaticTable (Primary,dummyTable,False) row 2"
                time="0.0029525"/>
      <testcase classname="Philips.PMP.Test.Auto.DbExtendedPropertyHelperTest"
                name="DbExtendedPropertyIsStaticTable (Physio,dummyTable,False) row 3"
                time="0.001469"/>
      <testcase classname="Philips.PMP.Test.Auto.DbExtendedPropertyHelperTest"
                name="DbExtendedPropertyIsStaticTable (Audit,dummyTable,False) row 4"
                time="0.0005723"/>
      <testcase classname="Philips.PMP.Test.Auto.DbExtendedPropertyHelperTest"
                name="DbExtendedPropertyIsStaticTable (Diagnostic,dummyTable,False) row 5"
                time="0.0004539"/>
      <testcase classname="Philips.PMP.Test.Auto.DbExtendedPropertyHelperTest"
                name="DbExtendedPropertyIsStaticTable (EventWorkflow,dummyTable,False) row 6"
                time="0.0006001"/>
      <testcase classname="Philips.PMP.Test.Auto.DbExtendedPropertyHelperTest"
                name="DbExtendedPropertyIsStaticTable (PatientDataExport,dummyTable,False) row 7"
                time="0.0005035"/>
      <testcase classname="Philips.PMP.Test.Auto.DeviceLocationControlTest"
                name="DisplayDeviceHistoryDataMultiInstitutionTest"
                time="0.2810274"/>
      <testcase classname="Philips.PMP.Test.Auto.PatientProviderTest"
                name="PatientDefaultsTest"
                time="0.005088"/>
      <testcase classname="Philips.PIC.DataAcquisition.Test.SureSignsDataConverterTest"
                name="SureSignsDataConverterTryGetTextIdTest (150344,x,150344) row 1"
                time="0.0052935"/>
      <testcase classname="Philips.PIC.DataAcquisition.Test.SureSignsDataConverterTest"
                name="SureSignsDataConverterTryGetTextIdTest (150344,Tympanic,150392) row 2"
                time="0.0004751"/>
      <testcase classname="Philips.PIC.DataAcquisition.Test.SureSignsDataConverterTest"
                name="SureSignsDataConverterTryGetTextIdTest (150344,Rectal,188420) row 3"
                time="0.0002976"/>
      <testcase classname="Philips.PIC.DataAcquisition.Test.SureSignsDataConverterTest"
                name="SureSignsDataConverterTryGetTextIdTest (150344,Oral,192776) row 4"
                time="0.0002636"/>
      <testcase classname="Philips.PIC.DataAcquisition.Test.SureSignsDataConverterTest"
                name="SureSignsDataConverterTryGetTextIdTest (150344,Core,150368) row 5"
                time="0.0002186"/>
      <testcase classname="Philips.PIC.DataAcquisition.Test.SureSignsDataConverterTest"
                name="SureSignsDataConverterTryGetTextIdTest (150344,Axillary,192780) row 6"
                time="0.0002507"/>
      <testcase classname="Philips.PIC.DataAcquisition.Test.SureSignsDataConverterTest"
                name="SureSignsDataConverterTryGetTextIdTest (150344,Arterial,150352) row 7"
                time="0.0003009"/>
      <testcase classname="Philips.PIC.DataAcquisition.Test.SureSignsDataConverterTest"
                name="SureSignsDataConverterTryGetTextIdTest (150344,Aux,150344) row 8"
                time="0.0002355"/>
      <testcase classname="Philips.PIC.DataAcquisition.Test.SureSignsDataConverterTest"
                name="SureSignsDataConverterTryGetTextIdTest (149514,SPO2,149538) row 9"
                time="0.0002366"/>
      <testcase classname="Philips.PIC.DataAcquisition.Test.SureSignsDataConverterTest"
                name="SureSignsDataConverterTryGetTextIdTest (149514,NBP,192741) row 10"
                time="0.0002417"/>
      <testcase classname="Philips.PIC.WebBridge.Test.WaveStripReportGeneratorTest"
                name="WillConvertToWaveSpeedEnumsTest (25,Speed625) row 1"
                time="0.0007377"/>
      <testcase classname="Philips.PIC.WebBridge.Test.WaveStripReportGeneratorTest"
                name="WillConvertToWaveSpeedEnumsTest (50,Speed125) row 2"
                time="0.0004836"/>
      <testcase classname="Philips.PIC.WebBridge.Test.WaveStripReportGeneratorTest"
                name="WillConvertToWaveSpeedEnumsTest (100,Speed25) row 3"
                time="0.0004786"/>
      <testcase classname="Philips.PIC.WebBridge.Test.WaveStripReportGeneratorTest"
                name="WillConvertToWaveSpeedEnumsTest (200,Speed50) row 4"
                time="0.0005204"/>
      <testcase classname="Philips.PMP.Test.Auto.DataTileHelperTest"
                name="DataTileHelperGetCaptureStartTimeTest"
                time="0.006015"/>
      <testcase classname="Philips.CareEvent.Test.RingtoneMgrTest"
                name="ValidateChangesShouldFailWhenDeletedToneInUse (True,2) row 1"
                time="0.008954"/>
      <testcase classname="Philips.CareEvent.Test.RingtoneMgrTest"
                name="ValidateChangesShouldFailWhenDeletedToneInUse (False,1) row 2"
                time="0.0016185"/>
      <testcase classname="Philips.PMP.Test.Auto.BedTransferTopologyMgrTest"
                name="BedTransferTopologyMgrCanGetTransferProcessors (1) row 1"
                time="0.0021669"/>
      <testcase classname="Philips.PMP.Test.Auto.BedTransferTopologyMgrTest"
                name="BedTransferTopologyMgrCanGetTransferProcessors (2) row 2"
                time="0.000815"/>
      <testcase classname="Philips.PMP.Test.Auto.AlertNotificationClientMgrTest"
                name="DoNotGenerateNoMobileInop (NoCaregiversAssignedToEvent) row 1"
                time="0.0030736"/>
      <testcase classname="Philips.PMP.Test.Auto.AlertNotificationClientMgrTest"
                name="DoNotGenerateNoMobileInop (CategoryNotConfigured) row 2"
                time="0.0037849"/>
      <testcase classname="Philips.PMP.Test.Auto.AlertNotificationClientMgrTest"
                name="DoNotGenerateNoMobileInop (CategoryNotEnabled) row 3"
                time="0.0049526"/>
      <testcase classname="Philips.PMP.Test.Auto.AlertNotificationClientMgrTest"
                name="DoNotGenerateNoMobileInop (ReportOnly) row 4"
                time="0.0024097"/>
      <testcase classname="Philips.PMP.Test.Auto.AuthenticatableUserPasswordUpdaterTest"
                name="UpdatePasswordStoresPassword"
                time="0.0548702"/>
      <testcase classname="Philips.IX.UserManagement.Test.UserAuthenticatorsTest"
                name="UserAuthenticatorProveIdWebApiPasswordFail1Test"
                time="0.0468156"/>
      <testcase classname="Philips.PIC.DataAcquisition.Test.SureSignsCompoundElementBuilderTest"
                name="SureSignsCompoundElementBuilderAddNumericsTest (1) row 1"
                time="0.146567"/>
      <testcase classname="Philips.PIC.DataAcquisition.Test.SureSignsCompoundElementBuilderTest"
                name="SureSignsCompoundElementBuilderAddNumericsTest (3) row 2"
                time="0.0005503"/>
      <testcase classname="Philips.PMP.Test.Auto.EnterprisePortalServiceTest"
                name="BuildPatientUriListTest"
                time="0.0079378"/>
      <testcase classname="Philips.PMP.Test.Auto.SystemInfoPageTest"
                name="SystemInfoPageValidateComputerNameIPAddressTest (True,True,True) row 1"
                time="0.0991646"/>
      <testcase classname="Philips.PMP.Test.Auto.SystemInfoPageTest"
                name="SystemInfoPageValidateComputerNameIPAddressTest (True,False,False) row 2"
                time="0.0519693"/>
      <testcase classname="Philips.PMP.Test.Auto.SystemInfoPageTest"
                name="SystemInfoPageValidateComputerNameIPAddressTest (False,True,False) row 3"
                time="0.0640984"/>
      <testcase classname="Philips.PMP.Test.Auto.SystemInfoPageTest"
                name="SystemInfoPageValidateComputerNameIPAddressTest (False,False,False) row 4"
                time="0.0584916"/>
      <testcase classname="Philips.PMP.Test.Auto.ProtocolWatchTest"
                name="ProtocolWatchReloadProtocolsOnNewPatient"
                time="0.0069146"/>
      <testcase classname="Philips.PIC.WebBridge.Test.UdiControllerTest"
                name="GetUdiInfo"
                time="0.0510849"/>
      <testcase classname="Philips.PMP.Test.Auto.ExportPhysioDataFilePathGeneratorTest"
                name="ExportPhysioDataFilePathGeneratorGetExportFileName (Ecg12LeadCapture) row 1"
                time="0.0160071"/>
      <testcase classname="Philips.PMP.Test.Auto.ExportPhysioDataFilePathGeneratorTest"
                name="ExportPhysioDataFilePathGeneratorGetExportFileName (PhysioData) row 2"
                time="0.0156469"/>
      <testcase classname="Philips.PMP.Test.Auto.WaveProviderTest"
                name="WaveNoDynamicAttribute"
                time="0.0222285"/>
      <testcase classname="Philips.PMP.Test.Auto.AlarmReviewUiTest"
                name="MoveToPreviousPageTest"
                time="0.0016917"/>
      <testcase classname="Philips.PMP.Test.Auto.CiServiceHelperTest"
                name="AlarmReflectionConfigurationBedLabelChangeEqualityTest"
                time="0.0007215"/>
      <testcase classname="Philips.PMP.Test.Auto.HttpTransferServiceTest"
                name="HttpTransferServiceCanStartStopAndRestart"
                time="0.1170516"/>
      <testcase classname="Philips.PMP.Test.Auto.MyHostPerPatientHandlerTest"
                name="MyHostPerPatientHandlerAssignmentChange"
                time="0.0094304"/>
      <testcase classname="Philips.IX.UserManagement.Test.ProveIdWebApiServerSequencerTest"
                name="GetServersAllAvailableRoundRobinTest"
                time="0.0882369"/>
      <testcase classname="Philips.PMP.Test.Auto.PatientLocationResolverTest"
                name="PatientUnitResolverCanGetPatientUnit (False) row 1"
                time="0.002586"/>
      <testcase classname="Philips.PMP.Test.Auto.PatientLocationResolverTest"
                name="PatientUnitResolverCanGetPatientUnit (True) row 2"
                time="0.0009722"/>
      <testcase classname="Philips.PMP.Test.Auto.Ecg12LeadProviderTest"
                name="Ecg12LeadProviderUpdate"
                time="0.0919468"/>
      <testcase classname="Philips.PMP.Test.Auto.LinkedListTest"
                name="LinkedListCanAddToEmptyListFromTail"
                time="0.0021946"/>
      <testcase classname="Philips.PMP.Test.Auto.PatientWorkflowControlTest"
                name="PatientWorkflowControlPopulateSettings"
                time="0.0237721"/>
      <testcase classname="Philips.PMP.Test.Auto.PatientAssignmentControlTest"
                name="PatientAssignmentControlOnPatientIdentityCheckNurseAssignment (True) row 1"
                time="0.0709153"/>
      <testcase classname="Philips.PMP.Test.Auto.PatientAssignmentControlTest"
                name="PatientAssignmentControlOnPatientIdentityCheckNurseAssignment (False) row 2"
                time="0.0683171"/>
      <testcase classname="Philips.PIC.WebBridge.Test.ResourceHelperTest"
                name="GetAdditioanlUnitLicensingResourcesTest"
                time="0.0054774"/>
      <testcase classname="Philips.PMP.Test.Auto.RepositoryEnumerationTest"
                name="RepositoryEnumerationCheckUsedTimeMappings"
                time="0.0053528"/>
      <testcase classname="Philips.PMP.Test.Auto.Hl7DiagnosticsMgrTest"
                name="Hl7DiagnosticsMgrReportsActiveConnectionsIfSet"
                time="0.0034834"/>
      <testcase classname="Philips.PMP.Test.Auto.ReassuranceMeasurementHandlerTest"
                name="RequestMultipleSpo2ReassuranceMeasurementsWithinShortTimePeriodExpectOneTriggeredControl"
                time="0.0027461"/>
      <testcase classname="Philips.PMP.Test.Auto.PatientFieldsControlTest"
                name="PatientFieldsControlSetPatientIdAndCareFieldsValues"
                time="0.0204811"/>
      <testcase classname="Philips.PMP.Test.Auto.Hl7OruEncoderTest"
                name="EncodeUniqueIdInIheAlarmMessageTest (NewAlert) row 1"
                time="0.0061972"/>
      <testcase classname="Philips.PMP.Test.Auto.Hl7OruEncoderTest"
                name="EncodeUniqueIdInIheAlarmMessageTest (EndAlert) row 2"
                time="0.0074745"/>
      <testcase classname="Philips.PMP.Test.Auto.Hl7OruEncoderTest"
                name="EncodeUniqueIdInIheAlarmMessageTest (SilencedAlert) row 3"
                time="0.0046462"/>
      <testcase classname="Philips.PMP.Test.Auto.Hl7OruEncoderTest"
                name="EncodeUniqueIdInIheAlarmMessageTest (Unknown) row 4"
                time="0.0041325"/>
      <testcase classname="Philips.PMP.Test.Auto.ProtocolWatchConversionsTest"
                name="ProtocolWatchRetrieveScoreLabelFromEnumeration"
                time="0.0005052"/>
      <testcase classname="Philips.PMP.Test.Auto.MedianCalculatorTest"
                name="NumericMedianCalculatorVerifyNoMedianPossibleForTestMean"
                time="0.0246049"/>
      <testcase classname="Philips.PMP.Test.Auto.W32TimeServiceAdapterTest"
                name="InitializingTimeSyncDetectsUnconfiguredTimeService"
                time="0.0034406"/>
      <testcase classname="Philips.PMP.Test.Auto.ProxyTest"
                name="SingleUseProxyMgrExceptionsAreModifiedWithUri (ThrowBasicError,False) row 1"
                time="0.0388085"/>
      <testcase classname="Philips.PMP.Test.Auto.ProxyTest"
                name="SingleUseProxyMgrExceptionsAreModifiedWithUri (ThrowNetworkError,True) row 2"
                time="0.0083492"/>
      <testcase classname="Philips.PMP.Test.Auto.EventCatalogProviderTest"
                name="SupervisoryAlarmsShowOnDisappearOnCustomCategoriesSave"
                time="0.9597053"/>
      <testcase classname="Philips.PMP.Test.Auto.ComplexMetricHelperTest"
                name="ComplexMetricsShouldHaveEqualTypesInMetricValueAndDynamicAttribute"
                time="0.0214711"/>
      <testcase classname="Philips.PMP.Test.Auto.ClinicalAuditHelperTest"
                name="ClinicalAuditHelperCreateAuditExportWithInvalidFileNameCharacter (BedLabel,iDemo1_) row 1"
                time="0.0005488"/>
      <testcase classname="Philips.PMP.Test.Auto.ClinicalAuditHelperTest"
                name="ClinicalAuditHelperCreateAuditExportWithInvalidFileNameCharacter (Unit,My__Institution ICU_PCU) row 2"
                time="0.0004892"/>
      <testcase classname="Philips.PMP.Test.Auto.ClinicalAuditHelperTest"
                name="ClinicalAuditHelperCreateAuditExportWithInvalidFileNameCharacter (Unknown,) row 3"
                time="0.0004374"/>
      <testcase classname="Philips.PMP.Test.Auto.WebQualifierTest"
                name="WebsiteInstallIsCorrectable"
                time="0.0047094"/>
      <testcase classname="Philips.PMP.Test.Auto.EfficiaHelperTest"
                name="EfficiaHelperMapEfficiaIdToMdilAlarmTest"
                time="0.028705"/>
      <testcase classname="Philips.PIC.DevTools.Test.StarPhysioDataConverterTest"
                name="PhysioDataConverterGetNumericValueStringTest (0,80) row 1"
                time="0.003457"/>
      <testcase classname="Philips.PIC.DevTools.Test.StarPhysioDataConverterTest"
                name="PhysioDataConverterGetNumericValueStringTest (Invalid,?) row 2"
                time="0.0003549"/>
      <testcase classname="Philips.PIC.DevTools.Test.StarPhysioDataConverterTest"
                name="PhysioDataConverterGetNumericValueStringTest (Unavailable,-) row 3"
                time="0.0002734"/>
      <testcase classname="Philips.PIC.DevTools.Test.StarPhysioDataConverterTest"
                name="PhysioDataConverterGetNumericValueStringTest (Questionable,80?) row 4"
                time="0.0002391"/>
      <testcase classname="Philips.PIC.DevTools.Test.StarPhysioDataConverterTest"
                name="PhysioDataConverterGetNumericValueStringTest (MsmtStateAlInhibited,80) row 5"
                time="0.0002277"/>
      <testcase classname="Philips.PIC.DevTools.Test.StarPhysioDataConverterTest"
                name="PhysioDataConverterGetNumericValueStringTest (MsmtStateAlInhibited, Invalid,?) row 6"
                time="0.0002277"/>
      <testcase classname="Philips.PMP.Test.Auto.HostUnitAccessControlTest"
                name="HostUnitAccessControlInitializeUi"
                time="0.070016"/>
      <testcase classname="Philips.PMP.Test.Auto.MyLicenseTest"
                name="MyLicenseDeletesOrder"
                time="0.0131104"/>
      <testcase classname="Philips.PMP.Test.Auto.IheDeviceDataHelperTest"
                name="GetObservationTimeTest"
                time="0.0026579"/>
      <testcase classname="Philips.PMP.Test.Auto.EfficiaWaveStreamReaderTest"
                name="EfficiaWaveWithUnknownWaveTest"
                time="0.0006533"/>
      <testcase classname="Philips.PMP.Test.Auto.EventInfoExTest"
                name="ToDeidentifiedXmlStringShouldNotReturnPii"
                time="0.0184479"/>
      <testcase classname="Philips.PMP.LicenseService.Test.UnitLicenseProcessorTest"
                name="AreAnyLicensedForPatientTest"
                time="0.0223004"/>
      <testcase classname="Philips.PMP.Test.Auto.TaggedIntervalBufferTest"
                name="InsertIntoMiddleTest"
                time="0.0023928"/>
      <testcase classname="Philips.PMP.Test.Auto.ScheduleTest"
                name="ScheduleSkipsUnusedDays (86400,1209600) row 1"
                time="0.0026266"/>
      <testcase classname="Philips.PMP.Test.Auto.ScheduleTest"
                name="ScheduleSkipsUnusedDays (3600,608400) row 2"
                time="0.0009337"/>
      <testcase classname="Philips.PMP.Test.Auto.SectorAlertStateTest"
                name="SectorAlertStateHasActivePatientAlarm (NoAlert,Patient,0,False,False) row 1"
                time="0.0039598"/>
      <testcase classname="Philips.PMP.Test.Auto.SectorAlertStateTest"
                name="SectorAlertStateHasActivePatientAlarm (RedAlarm,Patient,0,True,False) row 2"
                time="0.0007513"/>
      <testcase classname="Philips.PMP.Test.Auto.SectorAlertStateTest"
                name="SectorAlertStateHasActivePatientAlarm (YellowAlarm,Patient,0,True,False) row 3"
                time="0.0005401"/>
      <testcase classname="Philips.PMP.Test.Auto.SectorAlertStateTest"
                name="SectorAlertStateHasActivePatientAlarm (ShortYellowAlarm,Patient,0,True,False) row 4"
                time="0.0007276"/>
      <testcase classname="Philips.PMP.Test.Auto.SectorAlertStateTest"
                name="SectorAlertStateHasActivePatientAlarm (RedAlarm,Technical,0,False,True) row 5"
                time="0.0003888"/>
      <testcase classname="Philips.PMP.Test.Auto.SectorAlertStateTest"
                name="SectorAlertStateHasActivePatientAlarm (YellowAlarm,Technical,0,False,True) row 6"
                time="0.0004154"/>
      <testcase classname="Philips.PMP.Test.Auto.SectorAlertStateTest"
                name="SectorAlertStateHasActivePatientAlarm (SoftInop,Technical,0,False,False) row 7"
                time="0.0003393"/>
      <testcase classname="Philips.PMP.Test.Auto.SectorAlertStateTest"
                name="SectorAlertStateHasActivePatientAlarm (HardInop,Technical,0,False,True) row 8"
                time="0.0003617"/>
      <testcase classname="Philips.PMP.Test.Auto.SectorAlertStateTest"
                name="SectorAlertStateHasActivePatientAlarm (SevereInop,Technical,0,False,True) row 9"
                time="0.0003778"/>
      <testcase classname="Philips.PMP.Test.Auto.SectorAlertStateTest"
                name="SectorAlertStateHasActivePatientAlarm (RedAlarm,Technical,AlSuspended,False,False) row 10"
                time="0.0122561"/>
      <testcase classname="Philips.PMP.Test.Auto.SectorAlertStateTest"
                name="SectorAlertStateHasActivePatientAlarm (RedAlarm,Technical,AlInhibited,False,False) row 11"
                time="0.0005847"/>
      <testcase classname="Philips.PMP.Test.Auto.SectorAlertStateTest"
                name="SectorAlertStateHasActivePatientAlarm (RedAlarm,Technical,AlYellowSuspended,False,True) row 12"
                time="0.0004122"/>
      <testcase classname="Philips.PMP.Test.Auto.SectorAlertStateTest"
                name="SectorAlertStateHasActivePatientAlarm (RedAlarm,Technical,AlYellowInhibited,False,True) row 13"
                time="0.0004119"/>
      <testcase classname="Philips.PMP.Test.Auto.SectorAlertStateTest"
                name="SectorAlertStateHasActivePatientAlarm (YellowAlarm,Technical,AlSuspended,False,False) row 14"
                time="0.0003559"/>
      <testcase classname="Philips.PMP.Test.Auto.SectorAlertStateTest"
                name="SectorAlertStateHasActivePatientAlarm (YellowAlarm,Technical,AlInhibited,False,False) row 15"
                time="0.0002833"/>
      <testcase classname="Philips.PMP.Test.Auto.SectorAlertStateTest"
                name="SectorAlertStateHasActivePatientAlarm (YellowAlarm,Technical,AlYellowSuspended,False,False) row 16"
                time="0.0008594"/>
      <testcase classname="Philips.PMP.Test.Auto.SectorAlertStateTest"
                name="SectorAlertStateHasActivePatientAlarm (YellowAlarm,Technical,AlYellowInhibited,False,False) row 17"
                time="0.0008209"/>
      <testcase classname="Philips.PMP.Test.Auto.SectorAlertStateTest"
                name="SectorAlertStateHasActivePatientAlarm (HardInop,Technical,AlSuspended,False,False) row 18"
                time="0.0112919"/>
      <testcase classname="Philips.PMP.Test.Auto.SectorAlertStateTest"
                name="SectorAlertStateHasActivePatientAlarm (HardInop,Technical,AlInhibited,False,False) row 19"
                time="0.00042"/>
      <testcase classname="Philips.PMP.Test.Auto.SectorAlertStateTest"
                name="SectorAlertStateHasActivePatientAlarm (HardInop,Technical,AlYellowSuspended,False,False) row 20"
                time="0.000375"/>
      <testcase classname="Philips.PMP.Test.Auto.SectorAlertStateTest"
                name="SectorAlertStateHasActivePatientAlarm (HardInop,Technical,AlYellowInhibited,False,False) row 21"
                time="0.0003428"/>
      <testcase classname="Philips.PMP.Test.Auto.LoadBalancingControlTest"
                name="LoadBalancerControlCanSaveDifferentDeviceTypes (True,True,True,0,1) row 1"
                time="0.0681944"/>
      <testcase classname="Philips.PMP.Test.Auto.LoadBalancingControlTest"
                name="LoadBalancerControlCanSaveDifferentDeviceTypes (False,True,False,1,1) row 2"
                time="0.0335057"/>
      <testcase classname="Philips.PMP.Test.Auto.LoadBalancingControlTest"
                name="LoadBalancerControlCanSaveDifferentDeviceTypes (True,False,True,0,0) row 3"
                time="0.0085301"/>
      <testcase classname="Philips.PMP.Test.Auto.LoadBalancingControlTest"
                name="LoadBalancerControlCanSaveDifferentDeviceTypes (False,False,True,0,0) row 4"
                time="0.0143368"/>
      <testcase classname="Philips.PMP.Test.Auto.MedianCalculatorTest"
                name="MedianEndDataTest"
                time="0.0075349"/>
      <testcase classname="Philips.PMP.Test.Auto.SpotCheckDeviceValueCountProviderTest"
                name="SpotCheckDvcNotFound"
                time="0.0018097"/>
      <testcase classname="Philips.PMP.Test.Auto.PatientSubscriptionMgrTest"
                name="PatientSusbcriptionMgrCanSubscribeToSpecificUnit"
                time="0.00149"/>
      <testcase classname="Philips.PMP.Test.Auto.ProtocolWatchTest"
                name="ProtocolWatchPatientMgrOnProtocolConfigChangedTest"
                time="0.0122714"/>
      <testcase classname="Philips.PMP.Test.Auto.EfficiaInstrumentTest"
                name="EfficiaInstrumentProcessSetCcoTest"
                time="0.0019525"/>
      <testcase classname="Philips.PMP.Test.Auto.PatientAssignmentControlTest"
                name="PatientAssignmentControlNullPatientSave"
                time="0.0938711"/>
      <testcase classname="Philips.PMP.Test.Auto.BitlockerQualifierTest"
                name="BitlockerQualiferVerifyShould (True,True,True,True,True) row 1"
                time="0.0043274"/>
      <testcase classname="Philips.PMP.Test.Auto.BitlockerQualifierTest"
                name="BitlockerQualiferVerifyShould (False,True,False,True,True) row 2"
                time="0.0011898"/>
      <testcase classname="Philips.PMP.Test.Auto.BitlockerQualifierTest"
                name="BitlockerQualiferVerifyShould (False,True,True,False,True) row 3"
                time="0.0035252"/>
      <testcase classname="Philips.PMP.Test.Auto.BitlockerQualifierTest"
                name="BitlockerQualiferVerifyShould (False,True,True,True,False) row 4"
                time="0.0038742"/>
      <testcase classname="Philips.PMP.Test.Auto.BitlockerQualifierTest"
                name="BitlockerQualiferVerifyShould (False,True,True,True,True) row 5"
                time="0.0010391"/>
      <testcase classname="Philips.PMP.Test.Auto.BitlockerQualifierTest"
                name="BitlockerQualiferVerifyShould (False,True,True,False,False) row 6"
                time="0.0008677"/>
      <testcase classname="Philips.CareEvent.Test.MessageRecipientControlTests"
                name="UpdateLocationRolesMappingTest"
                time="0.0280487"/>
      <testcase classname="Philips.IX.UserManagement.Test.UserContextTest"
                name="IsSameUserLoggedInTest"
                time="0.0030305"/>
      <testcase classname="Philips.PMP.Test.Auto.WatchdogBridgeServiceTest"
                name="RestartOnCertificateChangeEvent (True,1) row 1"
                time="0.5989215"/>
      <testcase classname="Philips.PMP.Test.Auto.WatchdogBridgeServiceTest"
                name="RestartOnCertificateChangeEvent (False,0) row 2"
                time="0.0314811"/>
      <testcase classname="Philips.IX.UserManagement.Test.UserAuthenticatorsTest"
                name="UserAuthenticatorActiveDirectoryPasswordFail4Test"
                time="0.0014776"/>
      <testcase classname="Philips.PMP.LicenseService.Test.UnitLicenseProcessorTest"
                name="GetHostsForClinicalUnitsByFeatureWillReturenAllHostsForUnitsLicensedForFeature"
                time="0.0068402"/>
      <testcase classname="Philips.PMP.Test.Auto.PatientPerDeviceHandlerTest"
                name="PatientPerDeviceHandlerStart"
                time="0.0485511"/>
      <testcase classname="Philips.PMP.Test.Auto.LogonFormTest"
                name="LogonFormUserLoggedIn"
                time="0.1642727"/>
      <testcase classname="Philips.PMP.Test.Auto.DataTileHelperTest"
                name="DataTileHelperConvertInchesToPixelsTest"
                time="0.0060264"/>
      <testcase classname="Philips.PIC.DataAcquisition.Test.SureSignsDataCacheTest"
                name="SureSignsDataCacheIsValidationUpdateTest (False,False,False,False) row 1"
                time="0.0082642"/>
      <testcase classname="Philips.PIC.DataAcquisition.Test.SureSignsDataCacheTest"
                name="SureSignsDataCacheIsValidationUpdateTest (True,False,False,False) row 2"
                time="0.0037729"/>
      <testcase classname="Philips.PIC.DataAcquisition.Test.SureSignsDataCacheTest"
                name="SureSignsDataCacheIsValidationUpdateTest (True,True,False,True) row 3"
                time="0.0054394"/>
      <testcase classname="Philips.PIC.DataAcquisition.Test.SureSignsDataCacheTest"
                name="SureSignsDataCacheIsValidationUpdateTest (True,False,True,True) row 4"
                time="0.0008467"/>
      <testcase classname="Philips.PIC.DataAcquisition.Test.SureSignsDataCacheTest"
                name="SureSignsDataCacheIsValidationUpdateTest (True,True,True,True) row 5"
                time="0.0003376"/>
      <testcase classname="Philips.PMP.Test.Auto.WatchdogCommandsTest"
                name="WatchdogStartCommandFunctionality"
                time="0.0037726"/>
      <testcase classname="Philips.PMP.Test.Auto.NumericPostProcessingTest"
                name="TrendUploadTimestampFixerTest"
                time="0.0010147"/>
      <testcase classname="Philips.PMP.Test.Auto.DbInstallMgrTest"
                name="PhysioAndEventWorkflowDBInitializationTests (Philips.PIC.EventWorkflow) row 1"
                time="0.0067587"/>
      <testcase classname="Philips.PMP.Test.Auto.DbInstallMgrTest"
                name="PhysioAndEventWorkflowDBInitializationTests (Philips.PIC.Physio) row 2"
                time="0.0012192"/>
      <testcase classname="Philips.PMP.Test.Auto.HL7MdcCodesHelperTest"
                name="Hl7MdcInvalidAndUnmatchedMappingTest"
                time="0.2952079"/>
      <testcase classname="Philips.PMP.Test.Auto.PatientDataExportFileTest"
                name="PdxValueChangingHeaderFile"
                time="0.1045248"/>
      <testcase classname="Philips.PMP.Test.Auto.MobileAcknowledgeAlarmValidatorTest"
                name="AckAlarmInvalidRequestFailedResponseTest"
                time="0.0051792"/>
      <testcase classname="Philips.PMP.Test.Auto.MobileDataHelperTest"
                name="MobileDataHelperGetMobileWallTime"
                time="0.0005479"/>
      <testcase classname="Philips.PMP.Test.Auto.EnumLocalizationHelperTest"
                name="GetLocalizedValuesIgnoreUnknownTest"
                time="0.0006104"/>
      <testcase classname="Philips.PMP.Test.Auto.RingtoneSyncMgrTest"
                name="RingtoneSyncMgrRestoreArchiveOnStartTest"
                time="0.009245"/>
      <testcase classname="Philips.PMP.Test.Auto.TimeWaveProviderTest"
                name="TimeWaveStoreOneQT"
                time="0.0221282"/>
      <testcase classname="Philips.PMP.Test.Auto.SetArchivePasswordControlTest"
                name="SetArchivePasswordControlClearsWhenDisabled (True) row 1"
                time="0.0114707"/>
      <testcase classname="Philips.PMP.Test.Auto.SetArchivePasswordControlTest"
                name="SetArchivePasswordControlClearsWhenDisabled (False) row 2"
                time="0.0136559"/>
      <testcase classname="Philips.CareEvent.Test.WctpPriorityConfigControlTest"
                name="ValidateAndSaveSettingsTest"
                time="0.0171439"/>
      <testcase classname="Philips.CareEvent.Test.EventMonitorFilterTests"
                name="EventMonitorFilterOnNurseCall"
                time="0.0316176"/>
      <testcase classname="Philips.PMP.Test.Auto.HL7ConnectionPropertyListViewControlTest"
                name="AddValidateDataClientConnectionPropertyToListView"
                time="0.0336986"/>
      <testcase classname="Philips.PMP.Test.Auto.WebProxyProviderTest"
                name="WebProxyDeviceReturnsDnsName"
                time="0.0058052"/>
      <testcase classname="Philips.PMP.Test.Auto.PhysioDataComparisonTest"
                name="PhysioDataQueryEqualityTest"
                time="0.0006325"/>
      <testcase classname="Philips.PMP.Test.Auto.DeviceAssociationMgrTest"
                name="DeviceAssociationMgrAssociateTest (AntaresLight,True,True,Ok,Ok,Ok) row 1"
                time="0.0988992"/>
      <testcase classname="Philips.PMP.Test.Auto.DeviceAssociationMgrTest"
                name="DeviceAssociationMgrAssociateTest (AntaresLight,False,True,Ok,NotSupportedWithoutPrincipalView,NotSupportedWithoutPrincipalView) row 2"
                time="0.0019322"/>
      <testcase classname="Philips.PMP.Test.Auto.DeviceAssociationMgrTest"
                name="DeviceAssociationMgrAssociateTest (AntaresLight,True,False,Error,Error,Error) row 3"
                time="0.0013024"/>
      <testcase classname="Philips.PMP.Test.Auto.DeviceAssociationMgrTest"
                name="DeviceAssociationMgrAssociateTest (Mrx,True,True,Ok,Ok,Ok) row 4"
                time="0.0013542"/>
      <testcase classname="Philips.PMP.Test.Auto.DeviceAssociationMgrTest"
                name="DeviceAssociationMgrAssociateTest (Mrx,False,True,Ok,NotSupportedWithoutPrincipalView,NotSupportedWithoutPrincipalView) row 5"
                time="0.0011466"/>
      <testcase classname="Philips.PMP.Test.Auto.DeviceAssociationMgrTest"
                name="DeviceAssociationMgrAssociateTest (Mrx,True,False,Error,Error,Error) row 6"
                time="0.0011624"/>
      <testcase classname="Philips.PMP.Test.Auto.DeviceAssociationMgrTest"
                name="DeviceAssociationMgrAssociateTest (TelemPwm,True,True,Ok,NotSupportedWithoutPrincipalView,NotSupportedWithoutPrincipalView) row 7"
                time="0.0013432"/>
      <testcase classname="Philips.PMP.Test.Auto.DeviceAssociationMgrTest"
                name="DeviceAssociationMgrAssociateTest (TelemPwm,False,True,Ok,NotSupportedWithoutPrincipalView,NotSupportedWithoutPrincipalView) row 8"
                time="0.0011594"/>
      <testcase classname="Philips.PMP.Test.Auto.DeviceAssociationMgrTest"
                name="DeviceAssociationMgrAssociateTest (TelemPwm,True,False,Error,NotSupportedWithoutPrincipalView,NotSupportedWithoutPrincipalView) row 9"
                time="0.0012012"/>
      <testcase classname="Philips.PMP.Test.Auto.DeviceAssociationMgrTest"
                name="DeviceAssociationMgrAssociateTest (Efficia,True,True,Ok,Ok,Ok) row 10"
                time="0.0011758"/>
      <testcase classname="Philips.PMP.Test.Auto.DeviceAssociationMgrTest"
                name="DeviceAssociationMgrAssociateTest (Efficia,False,True,Ok,NotSupportedWithoutPrincipalView,NotSupportedWithoutPrincipalView) row 11"
                time="0.001116"/>
      <testcase classname="Philips.PMP.Test.Auto.DeviceAssociationMgrTest"
                name="DeviceAssociationMgrAssociateTest (Efficia,True,False,Error,Error,Error) row 12"
                time="0.001191"/>
      <testcase classname="Philips.PMP.Test.Auto.DeviceAssociationMgrTest"
                name="DeviceAssociationMgrAssociateTest (IbridgeEc40Hub,True,True,Ok,Ok,Ok) row 13"
                time="0.0011849"/>
      <testcase classname="Philips.PMP.Test.Auto.DeviceAssociationMgrTest"
                name="DeviceAssociationMgrAssociateTest (IbridgeEc40Hub,False,True,Ok,Ok,Ok) row 14"
                time="0.0016304"/>
      <testcase classname="Philips.PMP.Test.Auto.DeviceAssociationMgrTest"
                name="DeviceAssociationMgrAssociateTest (IbridgeEc40Hub,True,False,Error,Error,Error) row 15"
                time="0.0012674"/>
      <testcase classname="Philips.PMP.Test.Auto.DeviceAssociationMgrTest"
                name="DeviceAssociationMgrAssociateTest (ExtDevServer,True,True,Ok,Ok,Ok) row 16"
                time="0.0011931"/>
      <testcase classname="Philips.PMP.Test.Auto.DeviceAssociationMgrTest"
                name="DeviceAssociationMgrAssociateTest (ExtDevServer,False,True,Ok,Ok,Ok) row 17"
                time="0.001172"/>
      <testcase classname="Philips.PMP.Test.Auto.DeviceAssociationMgrTest"
                name="DeviceAssociationMgrAssociateTest (ExtDevServer,True,False,Error,Error,Error) row 18"
                time="0.0011396"/>
      <testcase classname="Philips.PMP.Test.Auto.DhcpProviderTest"
                name="DhcpExtendLease"
                time="0.0093887"/>
      <testcase classname="Philips.PMP.Test.Auto.TimeServiceTest"
                name="ExternalTimeSyncMismatchCheckIsCaseInsensitive"
                time="0.004111"/>
      <testcase classname="Philips.PMP.Test.Auto.MyHostPerPatientHandlerTest"
                name="MyHostPerPatientHandlerEquipmentChange"
                time="0.0046231"/>
      <testcase classname="Philips.PMP.Test.Auto.EventCategoryFilterProviderTest"
                name="GetEventCategoryFiltersForMobilityInRightOrder"
                time="0.3582084"/>
      <testcase classname="Philips.PMP.Test.Auto.MobileSessionInfoTest"
                name="MobileSessionInfoAddBedSubscription"
                time="0.0038258"/>
      <testcase classname="Philips.PMP.Test.Auto.EfficiaControlMgrTest"
                name="EfficiaControlAllowAlarmDisableTest"
                time="0.0185834"/>
      <testcase classname="Philips.CareEvent.Test.EventMgrTest"
                name="ClearUnitRolesForAssignedBedsBedEnablementType (BedAssignment) row 1"
                time="0.0083746"/>
      <testcase classname="Philips.CareEvent.Test.EventMgrTest"
                name="ClearUnitRolesForAssignedBedsBedEnablementType (AllBeds) row 2"
                time="0.002904"/>
      <testcase classname="Philips.PMP.Test.Auto.CustomStripLabelsControlHelperTest"
                name="CustomStripLabelsControlHelperGetCustomStripLabels"
                time="0.0708239"/>
      <testcase classname="Philips.PMP.Test.Auto.PrincipalViewMgrTest"
                name="PrincipalViewMgrOnlyNotifiesClientWhenExsistingConnectionCloses"
                time="0.0007844"/>
      <testcase classname="Philips.PMP.Test.Auto.BootConfigurationDataEditorTest"
                name="BcdEditorHandlesErrorsDuringSettingsParsing"
                time="0.0011665"/>
      <testcase classname="Philips.PMP.Test.Auto.LegacyCryptoHelperTest"
                name="HashBytes"
                time="0.002294"/>
      <testcase classname="Philips.PMP.Test.Auto.ExportLogsHelperTest"
                name="ExportLogsHelperExportPatchInstallLogs (False,False,0) row 1"
                time="0.0065425"/>
      <testcase classname="Philips.PMP.Test.Auto.ExportLogsHelperTest"
                name="ExportLogsHelperExportPatchInstallLogs (True,False,0) row 2"
                time="0.0018548"/>
      <testcase classname="Philips.PMP.Test.Auto.ExportLogsHelperTest"
                name="ExportLogsHelperExportPatchInstallLogs (True,True,1) row 3"
                time="0.0019906"/>
      <testcase classname="Philips.PMP.Test.Auto.PatientMgmtConfigurationTest"
                name="PatientMgmtHiddenPatientFieldsConfigurationTest"
                time="0.0032484"/>
      <testcase classname="Philips.CareEvent.Test.EventManagementProviderTests"
                name="EventCacheTest"
                time="0.0014602"/>
      <testcase classname="Philips.PMP.Test.Auto.LldpMessageHelperTest"
                name="TryParseLldpFieldsTest (02070468bdab1c1d800406054661302f31060200780a065377697463680cf3436973636f20494f5320536f6674776172652c20433239363020536f667477617265202843323936302d4c414e424153454b392d4d292c2056657273696f6e2031322e322835352953452c2052454c4541534520534f4654574152452028666332290a546563686e6963616c20537570706f72743a20687474703a2f2f7777772e636973636f2e636f6d2f74656368737570706f72740a436f707972696768742028632920313938362d3230313020627920436973636f2053797374656d732c20496e632e0a436f6d70696c6564205361742030372d4175672d31302032333a30342062792070726f645f72656c5f7465616d080f4661737445746865726e6574302f310e0400040004100c0501ac1f00c7030000019500fe070012bb01002704fe230012bb0557532d43323936302d323454542d4c2028506f7765725043343035293a4a30fe0e0012bb0731322e32283535295345fe170012bb09436973636f2053797374656d732c20496e632efe130012bb0a57532d43323936302d323454542d4cfe080012bb0201800000fe080012bb0202800000fe090012bb030203022020fe060080c2010195fe0900120f01036c0000100000,16,68bdab1c1d80,Fa0/1,Switch) row 1"
                time="0.0034571"/>
      <testcase classname="Philips.PMP.Test.Auto.LldpMessageHelperTest"
                name="TryParseLldpFieldsTest (020704b827ebbfaa09040703b827ebbfaa09060200780815496e746572666163652020203220617320657468300a0b72617370626572727970690c4b4c696e757820726173706265727279706920352e31302e31372d76372b20233134313420534d5020467269204170722033302031333a31383a33352042535420323032312061726d76376c0e0400800080100c0501ac1f001f020000000200fe090012bb0103000400100000,0,b827ebbfaa09,b827ebbfaa09,raspberrypi) row 2"
                time="0.0005633"/>
      <testcase classname="Philips.PMP.Test.Auto.SolutionSettingsTest"
                name="ProjectFileSettingsAreCorrect"
                time="0.6119921"/>
      <testcase classname="Philips.PMP.Test.Auto.EnumerationProviderTest"
                name="EnumerationProviderEndAllEventsOnDbs"
                time="0.0262679"/>
      <testcase classname="Philips.PMP.Test.Auto.PatientServiceTest"
                name="PatientServiceSendPatientAssignmentChangeTest (False,False) row 1"
                time="0.0616306"/>
      <testcase classname="Philips.PMP.Test.Auto.PatientServiceTest"
                name="PatientServiceSendPatientAssignmentChangeTest (True,False) row 2"
                time="0.0050718"/>
      <testcase classname="Philips.PMP.Test.Auto.PatientServiceTest"
                name="PatientServiceSendPatientAssignmentChangeTest (False,True) row 3"
                time="0.0042054"/>
      <testcase classname="Philips.PMP.Test.Auto.PatientServiceTest"
                name="PatientServiceSendPatientAssignmentChangeTest (False,True) row 4"
                time="0.0018446"/>
      <testcase classname="Philips.PMP.Test.Auto.Hl7HelperTest"
                name="Hl7HelperIsMetricASettingTest (AutoSetting,True) row 1"
                time="0.0015818"/>
      <testcase classname="Philips.PMP.Test.Auto.Hl7HelperTest"
                name="Hl7HelperIsMetricASettingTest (ManualSetting,True) row 2"
                time="0.0004609"/>
      <testcase classname="Philips.PMP.Test.Auto.Hl7HelperTest"
                name="Hl7HelperIsMetricASettingTest (ManualMeasurement,False) row 3"
                time="0.0003359"/>
      <testcase classname="Philips.PMP.Test.Auto.CatalogConfigControlTest"
                name="CopyCustomSubCategoryTwiceShouldNotResetCategoryId"
                time="0.0402764"/>
      <testcase classname="Philips.PMP.Test.Auto.PatientServiceTest"
                name="PatientServiceCopySectorAttributesTest (True,True,True) row 1"
                time="0.0013199"/>
      <testcase classname="Philips.PMP.Test.Auto.PatientServiceTest"
                name="PatientServiceCopySectorAttributesTest (True,True,False) row 2"
                time="0.000858"/>
      <testcase classname="Philips.PMP.Test.Auto.PatientServiceTest"
                name="PatientServiceCopySectorAttributesTest (True,False,True) row 3"
                time="0.0006635"/>
      <testcase classname="Philips.PMP.Test.Auto.PatientServiceTest"
                name="PatientServiceCopySectorAttributesTest (True,False,False) row 4"
                time="0.0005788"/>
      <testcase classname="Philips.PMP.Test.Auto.PatientServiceTest"
                name="PatientServiceCopySectorAttributesTest (False,True,True) row 5"
                time="0.0015372"/>
      <testcase classname="Philips.PMP.Test.Auto.PatientServiceTest"
                name="PatientServiceCopySectorAttributesTest (False,True,False) row 6"
                time="0.0009183"/>
      <testcase classname="Philips.PMP.Test.Auto.PatientServiceTest"
                name="PatientServiceCopySectorAttributesTest (False,False,True) row 7"
                time="0.0005865"/>
      <testcase classname="Philips.PMP.Test.Auto.PatientServiceTest"
                name="PatientServiceCopySectorAttributesTest (False,False,False) row 8"
                time="0.0005605"/>
      <testcase classname="Philips.PMP.Test.Auto.PatientServiceMonitoredBedTrackerTest"
                name="PatientServiceMonitoredBedTrackerMgrCanQuery"
                time="0.0615775"/>
      <testcase classname="Philips.CareEvent.Test.MobileDeviceProviderTests"
                name="DeviceChangeUpdatesCacheTest"
                time="0.014709"/>
      <testcase classname="Philips.PMP.Test.Auto.InboundAdtPatientConfigQualifierTest"
                name="InboundAdtPatientConfigQualifierHasCorrectDescription"
                time="0.0005743"/>
      <testcase classname="Philips.PMP.Test.Auto.HostAccessViewControllerTest"
                name="HostAccessViewControllerSetViewNull"
                time="0.011153"/>
      <testcase classname="Philips.PMP.Test.Auto.IheMessageProcessorTest"
                name="IheNbpBuildingTest (MSH|^~\&amp;|DATACAPTOR||||20230518171006.242-0400||ORU^R01^ORU_R01|Test_00021a76ecee0000005a|P|2.6|||NE|NE||UNICODE UTF-8|||IHE_PCD_001^IHE PCD^1.3.6.1.4.1.19376.1.6.1.1.1^ISO~IHEPCD0104_MDIL V1 EN Supp_11.6.0.247^CAPSULE|&#xD;&#xA;&#x9;&#x9;PID|||||^^^^^^U|&#xD;&#xA;&#x9;&#x9;PV1||I|NPBTest|OBX|114|NM|150022^MDC_PRESS_BLD_NONINV_DIA^MDC^^^^^^NBPd|1.9.1.2|100|265987^NOM_DIM_KPA^MDIL^^^^^^kPA|||||F|||20150120094100.000-0500||||NPBTest|&#xD;&#xA;&#x9;&#x9;OBR|1||55674645-9bb1-4228-a330-4c07b9b37237^CAPSULE^6D8F69E0C97743C9^EUI-64|182777000^monitoring of patient^SCT (PCD-1)|||20180731192651.000+0200|||Neuron|||Neuron||||||||BaxterIFMout_5.3.5_EV1000_Baxter_XYZ456&#xD;&#xA;&#x9;&#x9;OBX|1||69965^NOM_DEV_MON_PHYSIO_MULTI_PARAM_MDS^MDC|1.0.0.0|||||||X|||||||1234-56&#xD;&#xA;&#x9;&#x9;OBX|||70002^MDC_DEV_SYS_PT_VENT_VMD^MDC|1.1.0.0|||||||X|||||||DE12507943&#xD;&#xA;&#x9;&#x9;OBX|||70003^MDC_DEV_SYS_PT_VENT_CHAN^MDC|1.1.1.0|||||||X&#xD;&#xA;&#x9;&#x9;OBX||NM|150022^MDC_PRESS_BLD_NONINV_DIA^MDC^^^^^^NBPd|1.9.1.2|100|265987^NOM_DIM_KPA^MDIL^^^^^^kPA|20-120||||F|||20150120094100.000-0500||||NPBTest|&#xD;&#xA;&#x9;&#x9;OBX||NM|150021^MDC_PRESS_BLD_NONINV_SYS^MDC^^^^^^NBPs|1.9.1.3|120|265987^NOM_DIM_KPA^MDIL^^^^^^kPA|50-200||||F|||20150120094100.000-0500||||NPBTest|&#xD;&#xA;&#x9;&#x9;OBX||NM|150023^MDC_PRESS_BLD_NONINV_MEANL^MDC^^^^^^NBPd|1.9.1.4|80|265987^NOM_DIM_KPA^MDIL^^^^^^kPA|30-120||||F|||20150120094100.000-0500||||NPBTest|,3) row 1"
                time="0.0010941"/>
      <testcase classname="Philips.PMP.Test.Auto.IheMessageProcessorTest"
                name="IheNbpBuildingTest (MSH|^~\&amp;|DATACAPTOR||||20230518171006.242-0400||ORU^R01^ORU_R01|Test_00021a76ecee0000005a|P|2.6|||NE|NE||UNICODE UTF-8|||IHE_PCD_001^IHE PCD^1.3.6.1.4.1.19376.1.6.1.1.1^ISO~IHEPCD0104_MDIL V1 EN Supp_11.6.0.247^CAPSULE|&#xD;&#xA;&#x9;&#x9;PID|||||^^^^^^U|&#xD;&#xA;&#x9;&#x9;PV1||I|NPBTest|OBX|114|NM|150022^MDC_PRESS_BLD_NONINV_DIA^MDC^^^^^^NBPd|1.9.1.2|100|265987^NOM_DIM_KPA^MDIL^^^^^^kPA|||||F|||20150120094100.000-0500||||NPBTest|&#xD;&#xA;&#x9;&#x9;OBR|1||55674645-9bb1-4228-a330-4c07b9b37237^CAPSULE^6D8F69E0C97743C9^EUI-64|182777000^monitoring of patient^SCT (PCD-1)|||20180731192651.000+0200|||Neuron|||Neuron||||||||BaxterIFMout_5.3.5_EV1000_Baxter_XYZ456&#xD;&#xA;&#x9;&#x9;OBX|1||69965^NOM_DEV_MON_PHYSIO_MULTI_PARAM_MDS^MDC|1.0.0.0|||||||X|||||||1234-56&#xD;&#xA;&#x9;&#x9;OBX|||70002^MDC_DEV_SYS_PT_VENT_VMD^MDC|1.1.0.0|||||||X|||||||DE12507943&#xD;&#xA;&#x9;&#x9;OBX|||70003^MDC_DEV_SYS_PT_VENT_CHAN^MDC|1.1.1.0|||||||X&#xD;&#xA;&#x9;&#x9;OBX||NM|150022^MDC_PRESS_BLD_NONINV_DIA^MDC^^^^^^NBPd|1.9.1.2|100|265987^NOM_DIM_KPA^MDIL^^^^^^kPA|||||F|||20150120094100.000-0500||||NPBTest|&#xD;&#xA;&#x9;&#x9;OBX||NM|150021^MDC_PRESS_BLD_NONINV_SYS^MDC^^^^^^NBPs|1.9.1.3|120|265987^NOM_DIM_KPA^MDIL^^^^^^kPA|||||F|||20150120094100.000-0500||||NPBTest|&#xD;&#xA;&#x9;&#x9;OBX||NM|150023^MDC_PRESS_BLD_NONINV_MEANL^MDC^^^^^^NBPd|1.9.1.4|80|265987^NOM_DIM_KPA^MDIL^^^^^^kPA|30-120||||F|||20150120094100.000-0500||||NPBTest|,1) row 2"
                time="0.0006438"/>
      <testcase classname="Philips.PMP.Test.Auto.ReportingServiceTest"
                name="PrintBedsideReportTest (TabularTrend,Philips.PMP.InfoObjects.TabularTrendReport) row 1"
                time="0.0081071"/>
      <testcase classname="Philips.PMP.Test.Auto.ReportingServiceTest"
                name="PrintBedsideReportTest (EcgStatistics,Philips.PMP.InfoObjects.EcgStatisticsReport) row 2"
                time="0.0021756"/>
      <testcase classname="Philips.PMP.Test.Auto.ReportingServiceTest"
                name="PrintBedsideReportTest (Alarm,Philips.PMP.InfoObjects.AlarmReport) row 3"
                time="0.0016683"/>
      <testcase classname="Philips.PMP.Test.Auto.ReportingServiceTest"
                name="PrintBedsideReportTest (PatientSummary,Philips.PMP.InfoObjects.PatientReport) row 4"
                time="0.0016055"/>
      <testcase classname="Philips.PMP.Test.Auto.ReportingServiceTest"
                name="PrintBedsideReportTest (StripInterval,Philips.PMP.InfoObjects.StripIntervalReport) row 5"
                time="0.0020093"/>
      <testcase classname="Philips.PMP.Test.Auto.ReportingServiceTest"
                name="PrintBedsideReportTest (AlarmSummary,Philips.PMP.InfoObjects.AlarmSummaryReport) row 6"
                time="0.0015445"/>
      <testcase classname="Philips.CareEvent.Test.EventWorkflowServiceTests"
                name="EventMonitorOnStartupMustSetDefaultZoneBedsForMonitoring"
                time="0.0103243"/>
      <testcase classname="Philips.PMP.Test.Auto.DeviceProviderTest"
                name="DeviceProviderDeleteSwitchBedMapping"
                time="0.3210646"/>
      <testcase classname="Philips.PMP.Test.Auto.Hl7CareEventProxyTest"
                name="CareEventProxyStartStopThenCannotCreateProxyAfterStopCalledTest"
                time="0.1463549"/>
      <testcase classname="Philips.PMP.Test.Auto.IISInstallationQualifierTest"
                name="IISInstallationQualifierShouldNotInstallIIS (False,False) row 1"
                time="0.0066553"/>
      <testcase classname="Philips.PMP.Test.Auto.IISInstallationQualifierTest"
                name="IISInstallationQualifierShouldNotInstallIIS (True,False) row 2"
                time="0.000895"/>
      <testcase classname="Philips.PMP.Test.Auto.IISInstallationQualifierTest"
                name="IISInstallationQualifierShouldNotInstallIIS (False,True) row 3"
                time="0.0008066"/>
      <testcase classname="Philips.PMP.Test.Auto.ExportHelperTest"
                name="ExportEncodingMatchesGivenEncoding"
                time="0.0076099"/>
      <testcase classname="Philips.PMP.Test.Auto.DBInfoLoggingTest"
                name="InfoMessageTestUndefinedSP"
                time="0.4745817">
         <system-out>TestContext Messages:
Initializing database procedures for Philips.PMP.Test.Auto.DBInfoLoggingTest
</system-out>
      </testcase>
      <testcase classname="Philips.CareEvent.Test.WorkflowDatabaseTests"
                name="SynchronizeCaregiversTest"
                time="0.0169946"/>
      <testcase classname="Philips.PMP.Test.Auto.PatientFieldsValidatorTest"
                name="PatientFieldsValidatorValidateLifetimeLastNameOnly"
                time="0.0004585"/>
      <testcase classname="Philips.PMP.Test.Auto.CaregiverAssignmentProviderTest"
                name="LoadCaregiverAssignmentCacheForEnabledUnit"
                time="0.3203376"/>
      <testcase classname="Philips.PMP.Test.Auto.ColorMgrTest"
                name="ColorMgrCanGetColor"
                time="0.0033419"/>
      <testcase classname="Philips.PMP.Test.Auto.SystemPerformanceTest"
                name="StoreUpdateSettingConfigA"
                time="0.6565404"/>
      <testcase classname="Philips.PMP.Test.Auto.HL7ProviderTest"
                name="Hl7ValidationRecordPurgeTest"
                time="0.0221745"/>
      <testcase classname="Philips.CareEvent.Test.ServerConfigurationFormTest"
                name="ValidateInputTest (localhost,True) row 1"
                time="0.0459282"/>
      <testcase classname="Philips.CareEvent.Test.ServerConfigurationFormTest"
                name="ValidateInputTest (,False) row 2"
                time="0.0091454"/>
      <testcase classname="Philips.CareEvent.Test.ServerConfigurationFormTest"
                name="ValidateInputTest (,False) row 3"
                time="0.0085679"/>
      <testcase classname="Philips.PMP.Test.Auto.PhysioDataStorageDuplexMgrTest"
                name="PhysioDataStorageDuplexMgrGetSpotCheckValidation"
                time="0.009786"/>
      <testcase classname="Philips.PIC.DataAcquisition.Test.SureSignsComplexMetricBuilderTest"
                name="SureSignsComplexMetricBuilderAddCompoundElementsTest (False) row 1"
                time="0.0116126"/>
      <testcase classname="Philips.PIC.DataAcquisition.Test.SureSignsComplexMetricBuilderTest"
                name="SureSignsComplexMetricBuilderAddCompoundElementsTest (True) row 2"
                time="0.004499"/>
      <testcase classname="Philips.PMP.Test.Auto.PatientDataExportStorageConfigControlTest"
                name="PdxConfigCatchesCommunicationError"
                time="0.1560022"/>
      <testcase classname="Philips.PMP.Test.Auto.PatientServiceHelperTest"
                name="PatientServiceHelperAreAnyPatientInfoFieldsChangedTest"
                time="0.0350019"/>
      <testcase classname="Philips.CareEvent.Test.CareTouchCommunicatorTests"
                name="ProcessStaffAssignmentUpdateRequestShouldCallEnqueueResponse"
                time="0.0078692"/>
      <testcase classname="Philips.PMP.Test.Auto.TokenRenewalServiceTest"
                name="TryValidateAndCreateTokenReturnsFalseOnInvalidToken"
                time="0.0017199"/>
      <testcase classname="Philips.PMP.Test.Auto.Hl7PreviouslySentMessageValuesTest"
                name="Hl7PreviouslySentMessageValuesCanPurgeCache"
                time="0.0054929"/>
      <testcase classname="Philips.CareEvent.Test.CareAssignmentControlTests"
                name="CareAssignmentCacheChanged"
                time="0.0457135"/>
      <testcase classname="Philips.IX.UserManagement.Test.UserAuthenticatorsTest"
                name="UserAuthenticatorActiveDirectoryPasswordFail1Test"
                time="0.0050118"/>
      <testcase classname="Philips.PMP.Test.Auto.CaregiverAssignmentProviderTest"
                name="GetCaregiverForRoleDefault"
                time="0.0068163"/>
      <testcase classname="Philips.PMP.Test.Auto.MulticastHostDeviceHelperTest"
                name="MulticastHostDeviceHelperGetMasterHostServiceCandidateHostDevicesTest (7,System.Int32[],System.Int32[],False,4) row 1"
                time="0.0668984"/>
      <testcase classname="Philips.PMP.Test.Auto.MulticastHostDeviceHelperTest"
                name="MulticastHostDeviceHelperGetMasterHostServiceCandidateHostDevicesTest (7,System.Int32[],System.Int32[],True,7) row 2"
                time="0.0177561"/>
      <testcase classname="Philips.PMP.Test.Auto.MulticastHostDeviceHelperTest"
                name="MulticastHostDeviceHelperGetMasterHostServiceCandidateHostDevicesTest (7,System.Int32[],System.Int32[],False,0) row 3"
                time="0.0014579"/>
      <testcase classname="Philips.PMP.Test.Auto.MulticastHostDeviceHelperTest"
                name="MulticastHostDeviceHelperGetMasterHostServiceCandidateHostDevicesTest (7,System.Int32[],System.Int32[],True,0) row 4"
                time="0.0111251"/>
      <testcase classname="Philips.PMP.Test.Auto.MulticastHostDeviceHelperTest"
                name="MulticastHostDeviceHelperGetMasterHostServiceCandidateHostDevicesTest (7,System.Int32[],System.Int32[],False,4) row 5"
                time="0.0071169"/>
      <testcase classname="Philips.PMP.Test.Auto.MulticastHostDeviceHelperTest"
                name="MulticastHostDeviceHelperGetMasterHostServiceCandidateHostDevicesTest (7,System.Int32[],System.Int32[],True,4) row 6"
                time="0.0258293"/>
      <testcase classname="Philips.PMP.Test.Auto.Ecg12LeadProviderTest"
                name="Ecg12LeadProviderStoreOneAscent"
                time="0.0542036"/>
      <testcase classname="Philips.CareEvent.Test.CallNumberManageControlTests"
                name="InitializeInstitutionTest"
                time="0.0120946"/>
      <testcase classname="Philips.PMP.Test.Auto.RolesControlHelperTest"
                name="RolesControlHelperGetPermanentForeColor"
                time="0.0009152"/>
      <testcase classname="Philips.PMP.Test.Auto.WebQualifierTest"
                name="GetConfigurationBasedOnLicenseTest (True,True,True,True,False,False,False) row 1"
                time="0.00714"/>
      <testcase classname="Philips.PMP.Test.Auto.WebQualifierTest"
                name="GetConfigurationBasedOnLicenseTest (True,True,False,True,False,False,False) row 2"
                time="0.0052192"/>
      <testcase classname="Philips.PMP.Test.Auto.WebQualifierTest"
                name="GetConfigurationBasedOnLicenseTest (True,False,False,True,False,False,False) row 3"
                time="0.005104"/>
      <testcase classname="Philips.PMP.Test.Auto.WebQualifierTest"
                name="GetConfigurationBasedOnLicenseTest (True,False,True,False,False,False,False) row 4"
                time="0.0045288"/>
      <testcase classname="Philips.PMP.Test.Auto.WebQualifierTest"
                name="GetConfigurationBasedOnLicenseTest (False,False,True,False,False,False,False) row 5"
                time="0.0043227"/>
      <testcase classname="Philips.PMP.Test.Auto.WebQualifierTest"
                name="GetConfigurationBasedOnLicenseTest (False,False,False,False,False,False,False) row 6"
                time="0.0044919"/>
      <testcase classname="Philips.PMP.Test.Auto.WebQualifierTest"
                name="GetConfigurationBasedOnLicenseTest (True,True,True,True,True,False,False) row 7"
                time="0.0044792"/>
      <testcase classname="Philips.PMP.Test.Auto.WebQualifierTest"
                name="GetConfigurationBasedOnLicenseTest (True,True,True,True,False,True,False) row 8"
                time="0.0043613"/>
      <testcase classname="Philips.PMP.Test.Auto.WebQualifierTest"
                name="GetConfigurationBasedOnLicenseTest (True,True,True,True,True,True,False) row 9"
                time="0.007677"/>
      <testcase classname="Philips.PMP.Test.Auto.WebQualifierTest"
                name="GetConfigurationBasedOnLicenseTest (True,True,True,True,True,True,False) row 10"
                time="0.0047689"/>
      <testcase classname="Philips.PMP.Test.Auto.WebQualifierTest"
                name="GetConfigurationBasedOnLicenseTest (True,True,True,True,True,True,True) row 11"
                time="0.0044271"/>
      <testcase classname="Philips.PMP.Test.Auto.FreseniusMultiFiltrateTest"
                name="FreseniusMultiFiltrateCrcValidationTests (&lt;Rec crc=&#34;6FDE&#34;&gt;&lt;Ver&gt;1&lt;/Ver&gt;&lt;DtTm&gt;2017-07-18T10:25:57&lt;/DtTm&gt;&lt;Type&gt;1&lt;/Type&gt;&lt;Prm&gt;&lt;Id&gt;TSMFTH&lt;/Id&gt;&lt;Val&gt;e&lt;/Val&gt;&lt;/Prm&gt;&lt;Prm&gt;&lt;Id&gt;DSCCAC&lt;/Id&gt;&lt;Val&gt;1&lt;/Val&gt;&lt;/Prm&gt;&lt;Prm&gt;&lt;Id&gt;ADCAID&lt;/Id&gt;&lt;Val&gt;&lt;/Val&gt;&lt;/Prm&gt;&lt;Prm&gt;&lt;Id&gt;ADPUID&lt;/Id&gt;&lt;Val&gt;&lt;/Val&gt;&lt;/Prm&gt;&lt;Prm&gt;&lt;Id&gt;TSDVNM&lt;/Id&gt;&lt;Val&gt;multi&lt;/Val&gt;&lt;/Prm&gt;&lt;Prm&gt;&lt;Id&gt;TSSRNB&lt;/Id&gt;&lt;Val&gt;5FTG0175&lt;/Val&gt;&lt;/Prm&gt;&lt;__DelayInSecondsNext&gt;0&lt;/__DelayInSecondsNext&gt;&lt;__DtTm_RFC3339&gt;2017-07-18T10:25:57Z&lt;/__DtTm_RFC3339&gt;&lt;__SequenceNumber&gt;0&lt;/__SequenceNumber&gt;&lt;/Rec&gt;,multiFiltratePRO,True) row 1"
                time="0.0036516"/>
      <testcase classname="Philips.PMP.Test.Auto.FreseniusMultiFiltrateTest"
                name="FreseniusMultiFiltrateCrcValidationTests (&lt;Rec crc=&#34;5&#34;&gt;&lt;Ver&gt;1&lt;/Ver&gt;&lt;DtTm&gt;2017-07-18T10:17:15&lt;/DtTm&gt;&lt;Type&gt;1&lt;/Type&gt;&lt;Prm&gt;&lt;Id&gt;TSMFBA&lt;/Id&gt;&lt;Val&gt;r&lt;/Val&gt;&lt;/Prm&gt;&lt;Prm&gt;&lt;Id&gt;TSMFTH&lt;/Id&gt;&lt;Val&gt;a&lt;/Val&gt;&lt;/Prm&gt;&lt;Prm&gt;&lt;Id&gt;TSSRNB&lt;/Id&gt;&lt;Val&gt;0MUG0005&lt;/Val&gt;&lt;/Prm&gt;&lt;Prm&gt;&lt;Id&gt;TSSECO&lt;/Id&gt;&lt;Val&gt;EC:0007&lt;/Val&gt;&lt;/Prm&gt;&lt;Prm&gt;&lt;Id&gt;TSOPHR&lt;/Id&gt;&lt;Val&gt;552:05&lt;/Val&gt;&lt;/Prm&gt;&lt;Prm&gt;&lt;Id&gt;TSBSLB&lt;/Id&gt;&lt;Val&gt;133&lt;/Val&gt;&lt;/Prm&gt;&lt;/Rec&gt;,multiFiltratePRO,False) row 2"
                time="0.001776"/>
      <testcase classname="Philips.PMP.Test.Auto.FreseniusMultiFiltrateTest"
                name="FreseniusMultiFiltrateCrcValidationTests (&lt;Rec crc=&#34;55E5&#34;&gt;&lt;Ver&gt;1&lt;/Ver&gt;&lt;DtTm&gt;2017-07-18T10:17:15&lt;/DtTm&gt;&lt;Type&gt;1&lt;/Type&gt;&lt;Prm&gt;&lt;Id&gt;TSMFBA&lt;/Id&gt;&lt;Val&gt;r&lt;/Val&gt;&lt;/Prm&gt;&lt;Prm&gt;&lt;Id&gt;TSMFTH&lt;/Id&gt;&lt;Val&gt;a&lt;/Val&gt;&lt;/Prm&gt;&lt;Prm&gt;&lt;Id&gt;TSSRNB&lt;/Id&gt;&lt;Val&gt;0MUG0005&lt;/Val&gt;&lt;/Prm&gt;&lt;Prm&gt;&lt;Id&gt;TSSECO&lt;/Id&gt;&lt;Val&gt;EC:0007&lt;/Val&gt;&lt;/Prm&gt;&lt;Prm&gt;&lt;Id&gt;TSOPHR&lt;/Id&gt;&lt;Val&gt;552:05&lt;/Val&gt;&lt;/Prm&gt;&lt;Prm&gt;&lt;Id&gt;TSBSLB&lt;/Id&gt;&lt;Val&gt;133&lt;/Val&gt;&lt;/Prm&gt;&lt;Prm&gt;&lt;Id&gt;TSBSLS&lt;/Id&gt;&lt;Val&gt;112&lt;/Val&gt;&lt;/Prm&gt;&lt;Prm&gt;&lt;Id&gt;ADPUID&lt;/Id&gt;&lt;Val&gt;&lt;/Val&gt;&lt;/Prm&gt;&lt;Prm&gt;&lt;Id&gt;ADCAID&lt;/Id&gt;&lt;Val&gt;&lt;/Val&gt;&lt;/Prm&gt;&lt;__DelayInSecondsNext&gt;24&lt;/__DelayInSecondsNext&gt;&lt;__DtTm_RFC3339&gt;2017-07-18T10:17:15Z&lt;/__DtTm_RFC3339&gt;&lt;__SequenceNumber&gt;1&lt;/__SequenceNumber&gt;&lt;/Rec&gt;,MultiFiltrate,True) row 3"
                time="0.0004581"/>
      <testcase classname="Philips.PMP.Test.Auto.FreseniusMultiFiltrateTest"
                name="FreseniusMultiFiltrateCrcValidationTests (&lt;Rec crc=&#34;&#34;&gt;&lt;Ver&gt;1&lt;/Ver&gt;&lt;DtTm&gt;2017-07-18T10:17:15&lt;/DtTm&gt;&lt;/Rec&gt;,MultiFiltrate,False) row 4"
                time="0.0014505"/>
      <testcase classname="Philips.PMP.Test.Auto.MyAudioTest"
                name="MyAudioDisablesBuiltInDisplaySpeakers"
                time="0.0021503"/>
      <testcase classname="Philips.PMP.Test.Auto.MobileWaveConverterTest"
                name="WaveConverterCreateDefaultAttributesTest"
                time="0.0386121"/>
      <testcase classname="Philips.PMP.Test.Auto.DbEngineTest"
                name="AbortTransaction"
                time="0.0113221"/>
      <testcase classname="Philips.PMP.Test.Auto.BBraunStateMachineTest"
                name="ChecksumVerificationTest"
                time="0.0047016"/>
      <testcase classname="Philips.PMP.Test.Auto.UptimeTrackingAlertNotificationTest"
                name="AlertDispatcherMessageCountsAreTracked"
                time="0.1146864"/>
      <testcase classname="Philips.PMP.Test.Auto.BedToBedOverviewTest"
                name="BedToBedMoreWavesTest"
                time="0.0015201"/>
      <testcase classname="Philips.PMP.Test.Auto.EnterpriseProviderTest"
                name="GetInstitutionByZoneTest"
                time="0.2501625"/>
      <testcase classname="Philips.PMP.Test.Auto.WaveFrequencyConverterTest"
                name="WaveConvertMultipleChunksDisallowDownSampleTest"
                time="0.0006913"/>
      <testcase classname="Philips.PMP.Test.Auto.WatchdogHelperTest"
                name="ProcessCommandsNoCommands"
                time="0.1262188"/>
      <testcase classname="Philips.PMP.Test.Auto.TrendUploadDvcTest"
                name="DvcsUpToMaximumAreDetectedCorrectlyTest"
                time="0.0005286"/>
      <testcase classname="Philips.PMP.Test.Auto.MeasurementsPermissionCheckerTest"
                name="MeasurementsPermissionCheckerCanChangeMeasurements"
                time="0.006506"/>
      <testcase classname="Philips.PIC.DataAcquisition.Test.SureSignsNotificationTest"
                name="SureSignsNotificationBuilderCreateNotificationTest (True) row 1"
                time="0.0469681"/>
      <testcase classname="Philips.PIC.DataAcquisition.Test.SureSignsNotificationTest"
                name="SureSignsNotificationBuilderCreateNotificationTest (False) row 2"
                time="0.0004877"/>
      <testcase classname="Philips.PMP.Test.Auto.PatientServiceTest"
                name="PatientServiceVerifySimpleAdtUpdateBlockedWithoutIdMatchTest"
                time="0.0303885"/>
      <testcase classname="Philips.PMP.Test.Auto.PriorDataTest"
                name="PriorDataGetDataQueryListTest"
                time="1.119467"/>
      <testcase classname="Philips.PMP.Test.Auto.TeleProfileHelperTest"
                name="GetPacerTextTest"
                time="0.0007322"/>
      <testcase classname="Philips.PMP.Test.Auto.ConnectToServerInstallMgrTest"
                name="OtherHostPrimarySoftwareUpdateFail3Test"
                time="0.0091341"/>
      <testcase classname="Philips.PMP.Test.Auto.StitchTest"
                name="EnumerationStitchTest"
                time="0.0069683"/>
      <testcase classname="Philips.PMP.LicenseService.Test.PatientConnectionValidatorTest"
                name="ValidateUnitLicenseWillReturnFalseIfPatientConnectionValueIsMoreThanItemOrder (15,False,True) row 1"
                time="0.005461"/>
      <testcase classname="Philips.PMP.LicenseService.Test.PatientConnectionValidatorTest"
                name="ValidateUnitLicenseWillReturnFalseIfPatientConnectionValueIsMoreThanItemOrder (16,False,True) row 2"
                time="0.0005381"/>
      <testcase classname="Philips.PMP.LicenseService.Test.PatientConnectionValidatorTest"
                name="ValidateUnitLicenseWillReturnFalseIfPatientConnectionValueIsMoreThanItemOrder (17,False,False) row 3"
                time="0.0052965"/>
      <testcase classname="Philips.PMP.LicenseService.Test.PatientConnectionValidatorTest"
                name="ValidateUnitLicenseWillReturnFalseIfPatientConnectionValueIsMoreThanItemOrder (1,True,True) row 4"
                time="0.0008003"/>
      <testcase classname="Philips.PMP.LicenseService.Test.PatientConnectionValidatorTest"
                name="ValidateUnitLicenseWillReturnFalseIfPatientConnectionValueIsMoreThanItemOrder (6,True,True) row 5"
                time="0.0005737"/>
      <testcase classname="Philips.PMP.LicenseService.Test.PatientConnectionValidatorTest"
                name="ValidateUnitLicenseWillReturnFalseIfPatientConnectionValueIsMoreThanItemOrder (17,True,False) row 6"
                time="0.0005267"/>
      <testcase classname="Philips.PMP.Test.Auto.AlertProviderTest"
                name="AlertProviderFilterEndedBeforeQueryTime"
                time="0.047904"/>
      <testcase classname="Philips.PMP.Test.Auto.IntelliBridgeLanConfigurationControlTest"
                name="IsHostIpListModifiedTest (True,False,False,False) row 1"
                time="0.0886683"/>
      <testcase classname="Philips.PMP.Test.Auto.IntelliBridgeLanConfigurationControlTest"
                name="IsHostIpListModifiedTest (False,True,False,True) row 2"
                time="0.0891126"/>
      <testcase classname="Philips.PMP.Test.Auto.IntelliBridgeLanConfigurationControlTest"
                name="IsHostIpListModifiedTest (False,False,True,True) row 3"
                time="0.0872746"/>
      <testcase classname="Philips.PMP.Test.Auto.PatientSyncProviderTest"
                name="PatientProviderSyncPatientTest (True,False,True) row 1"
                time="0.1217734"/>
      <testcase classname="Philips.PMP.Test.Auto.PatientSyncProviderTest"
                name="PatientProviderSyncPatientTest (False,True,False) row 2"
                time="0.0665136"/>
      <testcase classname="Philips.PMP.Test.Auto.WatchdogServiceMgrTest"
                name="StartWatchdogAlreadyRunningSucceedTest"
                time="0.0817697"/>
      <testcase classname="Philips.PMP.Test.Auto.UdiElementRetrieverTest"
                name="UdiGetManufacturingDate"
                time="0.001348"/>
      <testcase classname="Philips.PMP.Test.Auto.ProxyTest"
                name="ProxyMgrCallsRemoveIdleProxiesTest"
                time="0.0689704"/>
      <testcase classname="Philips.iX.InboundDataBridge.Test.GrpcServerFactoryTest"
                name="StartStopServerTest"
                time="1.3724595"/>
      <testcase classname="Philips.PMP.Test.Auto.EfficiaInstrumentTest"
                name="EfficiaInstrumentProcessSetBarometricPressureTest"
                time="0.0670018"/>
      <testcase classname="Philips.PMP.Test.Auto.IheDriverQualifierTest"
                name="IheDriverQualifierValidateIheLANDeviceTest (Success,Success,Success) row 1"
                time="0.0297876"/>
      <testcase classname="Philips.PMP.Test.Auto.IheDriverQualifierTest"
                name="IheDriverQualifierValidateIheLANDeviceTest (Success,Failure,Failure) row 2"
                time="0.002476"/>
      <testcase classname="Philips.PMP.Test.Auto.IheDriverQualifierTest"
                name="IheDriverQualifierValidateIheLANDeviceTest (Failure,Success,Failure) row 3"
                time="0.0048921"/>
      <testcase classname="Philips.PMP.Test.Auto.IheDriverQualifierTest"
                name="IheDriverQualifierValidateIheLANDeviceTest (Success,Failure,Failure) row 4"
                time="0.0022308"/>
      <testcase classname="Philips.PMP.Test.Auto.EventLogConverterTest"
                name="GetEventIdFromInstanceId"
                time="0.0012536"/>
      <testcase classname="Philips.PMP.Test.Auto.TimeWaveBaselineProviderTest"
                name="TimeWaveBaselineProviderPatientStayUnitTransfer"
                time="0.3814062"/>
      <testcase classname="Philips.PMP.Test.Auto.EventNotificationMgrTest"
                name="DoNotCallClearRoleLockIfSharedAssignmentRoleIsNotAdded"
                time="0.0016753"/>
      <testcase classname="Philips.CareEvent.Test.EventMgrTest"
                name="ShouldReturnSuccessWhenDeliveredTest"
                time="0.0684436"/>
      <testcase classname="Philips.PMP.Test.Auto.DbConnectionMgrTest"
                name="DbConnectionMgrSubscribesToClusterChangesWhenInitialized"
                time="0.0063388"/>
      <testcase classname="Philips.PMP.Test.Auto.EventCatalogTreePopulatorTests"
                name="PopulateAssignedEventsTreeShouldNotContainOtherCategory"
                time="0.0032159"/>
      <testcase classname="Philips.PMP.Test.Auto.Hl7HelperTest"
                name="Hl7HelperIsAlarmSourceInObjectPartiion (509,True) row 1"
                time="0.0009676"/>
      <testcase classname="Philips.PMP.Test.Auto.Hl7HelperTest"
                name="Hl7HelperIsAlarmSourceInObjectPartiion (40,False) row 2"
                time="0.0005005"/>
      <testcase classname="Philips.PMP.Test.Auto.DataRelayServiceBridgeTest"
                name="DataRelayServiceBridgeConfigNotificationsSendMappings"
                time="0.0140536"/>
      <testcase classname="Philips.PMP.Test.Auto.PhysioDataServiceServiceMgrTest"
                name="PhysioDataServiceMetricMgrCanAddUpdateDeleteNewMetricsWithMonitorId"
                time="0.2368339"/>
      <testcase classname="Philips.PMP.Test.Auto.PatientServiceTest"
                name="PatientServiceStopMgmtAssociationTest (True) row 1"
                time="0.0140569"/>
      <testcase classname="Philips.PMP.Test.Auto.PatientServiceTest"
                name="PatientServiceStopMgmtAssociationTest (False) row 2"
                time="0.0021398"/>
      <testcase classname="Philips.PMP.Test.Auto.AlarmReviewUiTest"
                name="MoveToSelectedAlarmTest"
                time="0.0011638"/>
      <testcase classname="Philips.PMP.Test.Auto.Hl7StoreForwardHandlerTest"
                name="MshMsaSegmentsTest"
                time="0.0009733"/>
      <testcase classname="Philips.PMP.Test.Auto.PatientDataExportStorageTest"
                name="PdxWhenEnumerationCompoundSequenceIsZeroStoreMobilePhysioDataSequence"
                time="0.0230772"/>
      <testcase classname="Philips.PMP.Test.Auto.EventLogAppRestartAnalyzerTest"
                name="AnalyzerIgnoresUnrelatedLogs"
                time="0.0010614"/>
      <testcase classname="Philips.PMP.Test.Auto.ProtocolWatchConversionsTest"
                name="ConvertMetricRequestToMdilControlIdsExpectEmptyResult"
                time="0.0005278"/>
      <testcase classname="Philips.PMP.Test.Auto.StreamNotificationServiceTest"
                name="StreamNotificationServiceCanUnsubscribe (True,1) row 1"
                time="0.0036045"/>
      <testcase classname="Philips.PMP.Test.Auto.StreamNotificationServiceTest"
                name="StreamNotificationServiceCanUnsubscribe (False,0) row 2"
                time="0.0014998"/>
      <testcase classname="Philips.PMP.Test.Auto.LabelCreationHelperTest"
                name="BedLabelCreationHelperValidateLabelLengthTest (bed1,,True) row 1"
                time="0.3284431"/>
      <testcase classname="Philips.PMP.Test.Auto.LabelCreationHelperTest"
                name="BedLabelCreationHelperValidateLabelLengthTest (longbed1,,True) row 2"
                time="0.0256068"/>
      <testcase classname="Philips.PMP.Test.Auto.LabelCreationHelperTest"
                name="BedLabelCreationHelperValidateLabelLengthTest (verylongbed1,The label exceeds the maximum length of 8 characters.,False) row 3"
                time="0.0011268"/>
      <testcase classname="Philips.CareEvent.Test.EventNotificationServiceTest"
                name="EventNotificationServiceGetEventReturnNullTest"
                time="0.0198177"/>
      <testcase classname="Philips.PMP.Test.Auto.ApplicationMgrTest"
                name="ApplicationMgrInitializeProduct (867141,Philips Medizin Systeme&#xA;Böblingen GmbH,Hewlett-Packard Strasse 2&#xA;71034 Böblingen&#xA;GERMANY,) row 1"
                time="0.1357609"/>
      <testcase classname="Philips.PMP.Test.Auto.ApplicationMgrTest"
                name="ApplicationMgrInitializeProduct (867093,Philips Medizin Systeme&#xA;Böblingen GmbH,Hewlett-Packard Strasse 2&#xA;71034 Böblingen&#xA;GERMANY,) row 2"
                time="0.0021179"/>
      <testcase classname="Philips.PMP.Test.Auto.HL7ProviderTest"
                name="GetDeviceConnectionActiveValidationRecordTest"
                time="0.025746"/>
      <testcase classname="Philips.PMP.Test.Auto.LogonFormTest"
                name="LogonFormDoNotLogon"
                time="0.1659726"/>
      <testcase classname="Philips.PMP.Test.Auto.PatientDataExportTest"
                name="PhysioDataHelperIgnoresNumericsWithoutNumericAttributes (True,0) row 1"
                time="0.0058557"/>
      <testcase classname="Philips.PMP.Test.Auto.PatientDataExportTest"
                name="PhysioDataHelperIgnoresNumericsWithoutNumericAttributes (False,5) row 2"
                time="0.0005408"/>
      <testcase classname="Philips.PMP.Test.Auto.DynamicAttributeTest"
                name="DynamicAttributeMeasureemntSiteListTest"
                time="0.0012606"/>
      <testcase classname="Philips.PMP.Test.Auto.EventCatalogTreePopulatorTests"
                name="GetCategoriesShouldFindOtherCategoriesExactlyOnce"
                time="0.0074037"/>
      <testcase classname="Philips.PMP.Test.Auto.TransportEventGeneratorTest"
                name="GetTransportEventsFromOverlappingIntervals"
                time="0.0079505"/>
      <testcase classname="Philips.PMP.Test.Auto.CopyHelperTest"
                name="PropertyCopyTest"
                time="0.0028249"/>
      <testcase classname="Philips.PMP.Test.Auto.MdilAdtEnumTest"
                name="MdilPriorIcuStayValuesEnumTest"
                time="0.0005785"/>
      <testcase classname="Philips.PMP.Test.Auto.DataValidationProviderTest"
                name="GettingNonExistingSpotCheckValidationReturnsEmptyList"
                time="0.0031752"/>
      <testcase classname="Philips.PIC.DataAcquisition.Test.SureSignsDataCacheTest"
                name="SureSignsDataCacheIsValidDeviceUpdateTest (False,0,VALIDATED,False) row 1"
                time="0.0008459"/>
      <testcase classname="Philips.PIC.DataAcquisition.Test.SureSignsDataCacheTest"
                name="SureSignsDataCacheIsValidDeviceUpdateTest (True,0,EXPORTED_TO_EMR_SUCCESS,False) row 2"
                time="0.0003309"/>
      <testcase classname="Philips.PIC.DataAcquisition.Test.SureSignsDataCacheTest"
                name="SureSignsDataCacheIsValidDeviceUpdateTest (True,0,VALIDATED,True) row 3"
                time="0.0003288"/>
      <testcase classname="Philips.PIC.DataAcquisition.Test.SureSignsDataCacheTest"
                name="SureSignsDataCacheIsValidDeviceUpdateTest (True,TRANSFER_FAIL,VALIDATED,True) row 4"
                time="0.000294"/>
      <testcase classname="Philips.PIC.DataAcquisition.Test.SureSignsDataCacheTest"
                name="SureSignsDataCacheIsValidDeviceUpdateTest (True,TRANSFER_FAIL,0,False) row 5"
                time="0.0003154"/>
      <testcase classname="Philips.PIC.DataAcquisition.Test.SureSignsDataCacheTest"
                name="SureSignsDataCacheIsValidDeviceUpdateTest (True,VALIDATED,VALIDATED,False) row 6"
                time="0.0002936"/>
      <testcase classname="Philips.PIC.DataAcquisition.Test.SureSignsDataCacheTest"
                name="SureSignsDataCacheIsValidDeviceUpdateTest (True,VALIDATED,0,False) row 7"
                time="0.0002877"/>
      <testcase classname="Philips.PIC.DataAcquisition.Test.SureSignsDataCacheTest"
                name="SureSignsDataCacheIsValidDeviceUpdateTest (True,EXPORTED_TO_EMR_SUCCESS,VALIDATED,False) row 8"
                time="0.0002856"/>
      <testcase classname="Philips.PIC.DataAcquisition.Test.SureSignsDataCacheTest"
                name="SureSignsDataCacheIsValidDeviceUpdateTest (True,EXPORTED_TO_EMR_SUCCESS,0,False) row 9"
                time="0.0002893"/>
      <testcase classname="Philips.CareEvent.Test.MobileStaffAssignmentMgrTests"
                name="ClearRequestShouldReturnLatestAssignmentData"
                time="0.0486421"/>
      <testcase classname="Philips.PMP.Test.Auto.MdilAdtEnumTest"
                name="MdilAdtFieldsEnumTest"
                time="0.0045754"/>
      <testcase classname="Philips.PMP.Test.Auto.PhysioDataDisplayHelperTest"
                name="GetTabularNumericValueStringTest"
                time="0.0035892"/>
      <testcase classname="Philips.PMP.Test.Auto.ProtocolAssignmentControlTest"
                name="ProtocolAssignmentControlSaveSettingsTest"
                time="0.0425239"/>
      <testcase classname="Philips.PMP.Test.Auto.UserManagementHelperTest"
                name="UserPermittedToChangeEquipmentAssignment"
                time="0.0917335"/>
      <testcase classname="Philips.CareEvent.Test.OruControlTests"
                name="GetPatientDisplayPerPatientIdFormatter"
                time="0.0037286"/>
      <testcase classname="Philips.CareEvent.Test.EventWorkflowProviderTests"
                name="GetChatGroupMembersTest"
                time="0.0656212"/>
      <testcase classname="Philips.PMP.Test.Auto.UnitPermissionsControlTest"
                name="UnitPermissionsControlLoadSettings"
                time="0.0192905"/>
      <testcase classname="Philips.PMP.Test.Auto.ProtocolWatchTest"
                name="ProtocolWatchMgrOnTelemetryProfileProtocolChangedTest"
                time="0.0030269"/>
      <testcase classname="Philips.PMP.LicenseService.Test.LicenseHostValidatorTest"
                name="LicenseValidatorValidatePhysioDeveloperStandalone65PatientLinkAcquisition"
                time="0.0011846"/>
      <testcase classname="Philips.PMP.Test.Auto.EventCatalogProviderTest"
                name="GetEventCategoryForClinicalNotifications"
                time="0.1019676"/>
      <testcase classname="Philips.IX.UserManagement.Test.UserAuthenticatorsTest"
                name="UserAuthenticatorProveIdWebApiPasswordSucceedTest"
                time="0.1073013"/>
      <testcase classname="Philips.PMP.Test.Auto.ExportLogsHelperTest"
                name="ExportLogsHelperExportInstallLogs (False,0) row 1"
                time="0.0090635"/>
      <testcase classname="Philips.PMP.Test.Auto.ExportLogsHelperTest"
                name="ExportLogsHelperExportInstallLogs (True,2) row 2"
                time="0.0032903"/>
      <testcase classname="Philips.PMP.LicenseService.Test.UnitLicenseProcessorTest"
                name="SaveLicenseWillNotSaveFeaturesWithZeroLicense"
                time="0.0224837"/>
      <testcase classname="Philips.PMP.Test.Auto.SystemPerformanceTest"
                name="GetValuesByHostAndSettingNoInstanceNameConfig"
                time="0.7421051"/>
      <testcase classname="Philips.PMP.Test.Auto.PatientAssignmentControlTest"
                name="PatientAssignmentControlIsChangeBedSectorLocked"
                time="0.0624986"/>
      <testcase classname="Philips.PMP.Test.Auto.PatientPerDeviceHandlerTest"
                name="PatientPerDeviceHandlerUpdateDeviceStatus"
                time="0.0017713"/>
      <testcase classname="Philips.PMP.Test.Auto.EfficiaWaveStreamReaderTest"
                name="WaveInterpolationCombinations3Test"
                time="0.0005114"/>
      <testcase classname="Philips.PMP.Test.Auto.EventCategorySettingsProviderTest"
                name="ResetFactoryDefaults"
                time="0.4388935"/>
      <testcase classname="Philips.PMP.Test.Auto.EmbeddedBrowserInitializerTest"
                name="EmbeddedBrowserInitializeDebuggingTest"
                time="0.0103645"/>
      <testcase classname="Philips.PMP.Test.Auto.MorbalHelperTest"
                name="MorbalHelperTryGetDeviceServiceNoDevice"
                time="0.0013642"/>
      <testcase classname="Philips.PMP.Test.Auto.FurtherAuthenticationEntryControlTest"
                name="FurtherAuthenticationEntryControlKeyPress (A,False,False) row 1"
                time="0.0226532"/>
      <testcase classname="Philips.PMP.Test.Auto.FurtherAuthenticationEntryControlTest"
                name="FurtherAuthenticationEntryControlKeyPress (Escape,True,False) row 2"
                time="0.0214618"/>
      <testcase classname="Philips.PMP.Test.Auto.FurtherAuthenticationEntryControlTest"
                name="FurtherAuthenticationEntryControlKeyPress (Return,False,True) row 3"
                time="0.0267756"/>
      <testcase classname="Philips.PMP.Test.Auto.EfficiaAlarmMgrTest"
                name="EfficiaAlarmMgrDisposeTest"
                time="0.0470881"/>
      <testcase classname="Philips.PMP.Test.Auto.FindPatientPatientIdBuilderTest"
                name="FindPatientPatientIdBuilderGetPatientId (True,True,True) row 1"
                time="0.0426311"/>
      <testcase classname="Philips.PMP.Test.Auto.FindPatientPatientIdBuilderTest"
                name="FindPatientPatientIdBuilderGetPatientId (True,True,False) row 2"
                time="0.0009944"/>
      <testcase classname="Philips.PMP.Test.Auto.FindPatientPatientIdBuilderTest"
                name="FindPatientPatientIdBuilderGetPatientId (True,False,True) row 3"
                time="0.0007953"/>
      <testcase classname="Philips.PMP.Test.Auto.FindPatientPatientIdBuilderTest"
                name="FindPatientPatientIdBuilderGetPatientId (True,False,False) row 4"
                time="0.0009631"/>
      <testcase classname="Philips.PMP.Test.Auto.FindPatientPatientIdBuilderTest"
                name="FindPatientPatientIdBuilderGetPatientId (False,True,True) row 5"
                time="0.0007197"/>
      <testcase classname="Philips.PMP.Test.Auto.FindPatientPatientIdBuilderTest"
                name="FindPatientPatientIdBuilderGetPatientId (False,True,False) row 6"
                time="0.0007194"/>
      <testcase classname="Philips.PMP.Test.Auto.FindPatientPatientIdBuilderTest"
                name="FindPatientPatientIdBuilderGetPatientId (False,False,True) row 7"
                time="0.0009123"/>
      <testcase classname="Philips.PMP.Test.Auto.FindPatientPatientIdBuilderTest"
                name="FindPatientPatientIdBuilderGetPatientId (False,False,False) row 8"
                time="0.0008977"/>
      <testcase classname="Philips.PMP.Test.Auto.EventCatalogProviderTest"
                name="StoreShouldFindCatchallEventsInNewProfile"
                time="1.9932078"/>
      <testcase classname="Philips.PMP.Test.Auto.TopologyHelperTest"
                name="TopologyHelperGetUnitToAcqHostsHandlesNoMulticastZone"
                time="0.0009647"/>
      <testcase classname="Philips.PMP.Test.Auto.PatientFieldsValidatorTest"
                name="PatientFieldsValidatorValidateNoRequiredFields"
                time="0.0036515"/>
      <testcase classname="Philips.PMP.Test.Auto.W32TimeServiceAdapterTest"
                name="EnabledActiveDirectoryFails1"
                time="0.0033065"/>
      <testcase classname="Philips.PMP.Test.Auto.ExternalTimeServerQualifierTest"
                name="ExternalTimeServerQualifierIsNotCorrectable"
                time="0.0485968"/>
      <testcase classname="Philips.PMP.Test.Auto.SpotCheckVitalsProcessorTest"
                name="SpotCheckVitalsMetricTest"
                time="0.0110317"/>
      <testcase classname="Philips.PMP.Test.Auto.EventNotificationMgrTest"
                name="GetAlarmBehaviorBasedOnMaxBedsForZoneTest"
                time="0.3092731"/>
      <testcase classname="Philips.PMP.Test.Auto.EventGroupProviderTest"
                name="EventGroupsTest"
                time="0.0182092"/>
      <testcase classname="Philips.PIC.WebBridge.Test.PatientCheckerTest"
                name="GetUnitForPatientStayTest"
                time="0.0206891"/>
      <testcase classname="Philips.PMP.Test.Auto.IheDeviceHelperTest"
                name="IheMessageUpdateTimeTest (BBraunDoselinkPlus,PCD01,True,True) row 1"
                time="0.0024403"/>
      <testcase classname="Philips.PMP.Test.Auto.IheDeviceHelperTest"
                name="IheMessageUpdateTimeTest (BBraunDoselinkPlus,PCD04,False,True) row 2"
                time="0.001437"/>
      <testcase classname="Philips.PMP.Test.Auto.IheDeviceHelperTest"
                name="IheMessageUpdateTimeTest (CapsuleMDIP,PCD04,False,True) row 3"
                time="0.0037672"/>
      <testcase classname="Philips.PMP.Test.Auto.IheDeviceHelperTest"
                name="IheMessageUpdateTimeTest (BDAIC,PCD01,True,False) row 4"
                time="0.0007541"/>
      <testcase classname="Philips.PMP.Test.Auto.IheDeviceDataMgrTest"
                name="IHEDeviceDataMgrUpdatesAlerts"
                time="0.0293993"/>
      <testcase classname="Philips.PMP.Test.Auto.AlertFilterServiceTest"
                name="AlertFilterGetReminderStateTest (False,False,0,0,NoAlert,NoAlert,NoAlert,NoAlert) row 1"
                time="0.0023291"/>
      <testcase classname="Philips.PMP.Test.Auto.AlertFilterServiceTest"
                name="AlertFilterGetReminderStateTest (True,True,0,0,RedAlarm,RedAlarm,NoAlert,NoAlert) row 2"
                time="0.0007129"/>
      <testcase classname="Philips.PMP.Test.Auto.AlertFilterServiceTest"
                name="AlertFilterGetReminderStateTest (True,False,AlReminder,0,RedAlarm,NoAlert,RedAlarm,NoAlert) row 3"
                time="0.0005716"/>
      <testcase classname="Philips.PMP.Test.Auto.AlertFilterServiceTest"
                name="AlertFilterGetReminderStateTest (True,False,AlRealarm,0,RedAlarm,NoAlert,NoAlert,RedAlarm) row 4"
                time="0.0005336"/>
      <testcase classname="Philips.PMP.Test.Auto.AlertFilterServiceTest"
                name="AlertFilterGetReminderStateTest (False,True,0,AlRealarm,NoAlert,RedAlarm,NoAlert,RedAlarm) row 5"
                time="0.0005411"/>
      <testcase classname="Philips.PMP.Test.Auto.AlertFilterServiceTest"
                name="AlertFilterGetReminderStateTest (False,True,0,AlRealarm,NoAlert,RedAlarm,NoAlert,RedAlarm) row 6"
                time="0.0005324"/>
      <testcase classname="Philips.PMP.Test.Auto.AlertFilterServiceTest"
                name="AlertFilterGetReminderStateTest (True,True,AlReminder,AlReminder,HardInop,YellowAlarm,YellowAlarm,NoAlert) row 7"
                time="0.0005212"/>
      <testcase classname="Philips.PMP.Test.Auto.AlertFilterServiceTest"
                name="AlertFilterGetReminderStateTest (True,True,AlRealarm,AlRealarm,RedAlarm,YellowAlarm,NoAlert,RedAlarm) row 8"
                time="0.0005193"/>
      <testcase classname="Philips.PMP.Test.Auto.DynamicAttributeTest"
                name="DynamicAttributeDeviceTypeSetByRepositoryNumerics"
                time="0.0010135"/>
      <testcase classname="Philips.PMP.Test.Auto.EfficiaInstrumentTest"
                name="EfficiaInstrumentPressureUomIsParsed (MmHg,MMHG) row 1"
                time="0.0066786"/>
      <testcase classname="Philips.PMP.Test.Auto.EfficiaInstrumentTest"
                name="EfficiaInstrumentPressureUomIsParsed (Kpa,KILO_PASCAL) row 2"
                time="0.0027166"/>
      <testcase classname="Philips.PMP.Test.Auto.EfficiaInstrumentTest"
                name="EfficiaInstrumentPressureUomIsParsed (CmH2o,CM_H2O) row 3"
                time="0.0018166"/>
      <testcase classname="Philips.PMP.Test.Auto.EfficiaInstrumentTest"
                name="EfficiaInstrumentPressureUomIsParsed (Invalid,MMHG) row 4"
                time="0.0016648"/>
      <testcase classname="Philips.PMP.Test.Auto.TokenSecretMgrTest"
                name="TokenSecretInitialize"
                time="0.0326363"/>
      <testcase classname="Philips.PMP.Test.Auto.WebHostHelperTest"
                name="TryGetPatientByBedIdUrlParameter"
                time="0.00398"/>
      <testcase classname="Philips.PMP.Test.Auto.RepositoryNumericTest"
                name="NumericRepositoryCanFilterSpotCheckData (True,0) row 1"
                time="0.0013966"/>
      <testcase classname="Philips.PMP.Test.Auto.RepositoryNumericTest"
                name="NumericRepositoryCanFilterSpotCheckData (False,1) row 2"
                time="0.0004735"/>
      <testcase classname="Philips.PMP.Test.Auto.MobileAcknowledgeAlarmValidatorTest"
                name="AckAlarmInValidIfNoAlertFoundForTheBedTest"
                time="0.0049089"/>
      <testcase classname="Philips.PMP.Test.Auto.WaveAnnotationHelperTest"
                name="SetupStarWaveValidateProperties"
                time="0.0010675"/>
      <testcase classname="Philips.PIC.DataAcquisition.Test.SureSignsDataConverterTest"
                name="SureSignsDataConverterFromMeasStateTest (Invalid,False,False,Invalid) row 1"
                time="0.0032771"/>
      <testcase classname="Philips.PIC.DataAcquisition.Test.SureSignsDataConverterTest"
                name="SureSignsDataConverterFromMeasStateTest (Questionable,False,False,Questionable) row 2"
                time="0.0002932"/>
      <testcase classname="Philips.PIC.DataAcquisition.Test.SureSignsDataConverterTest"
                name="SureSignsDataConverterFromMeasStateTest (Questionable,False,True,MsmtStateAlInhibited, Questionable) row 3"
                time="0.0002309"/>
      <testcase classname="Philips.PIC.DataAcquisition.Test.SureSignsDataConverterTest"
                name="SureSignsDataConverterFromMeasStateTest (Questionable,True,True,MsmtStateAlInhibited, DemoData, Questionable) row 4"
                time="0.0002158"/>
      <testcase classname="Philips.PIC.DataAcquisition.Test.SureSignsDataConverterTest"
                name="SureSignsDataConverterFromMeasStateTest (Unavailable,False,False,Unavailable) row 5"
                time="0.0001995"/>
      <testcase classname="Philips.PIC.DataAcquisition.Test.SureSignsDataConverterTest"
                name="SureSignsDataConverterFromMeasStateTest (Valid,False,True,MsmtStateAlInhibited) row 6"
                time="0.0002449"/>
      <testcase classname="Philips.PIC.DataAcquisition.Test.SureSignsDataConverterTest"
                name="SureSignsDataConverterFromMeasStateTest (Valid,True,False,DemoData) row 7"
                time="0.0002369"/>
      <testcase classname="Philips.PIC.DataAcquisition.Test.SureSignsDataConverterTest"
                name="SureSignsDataConverterFromMeasStateTest (Valid,True,True,MsmtStateAlInhibited, DemoData) row 8"
                time="0.0002968"/>
      <testcase classname="Philips.PIC.DataAcquisition.Test.SureSignsDataConverterTest"
                name="SureSignsDataConverterFromMeasStateTest (,False,False,Invalid) row 9"
                time="0.0003736"/>
      <testcase classname="Philips.PIC.DataAcquisition.Test.SureSignsDataConverterTest"
                name="SureSignsDataConverterFromMeasStateTest (,False,True,MsmtStateAlInhibited, Invalid) row 10"
                time="0.0002989"/>
      <testcase classname="Philips.PMP.Test.Auto.SnmpConnectionFormTest"
                name="SnmpConnectionFormDefaultConstructor2Test"
                time="0.0897694"/>
      <testcase classname="Philips.PMP.Test.Auto.RepositoryTest"
                name="BtbMetricMetricsDoNotTriggerScanReportIssueTest"
                time="0.0401238"/>
      <testcase classname="Philips.PMP.Test.Auto.DeviceServiceTest"
                name="DeviceServiceGetDeviceSecureChannelInfoTest (2,True) row 1"
                time="0.0017507"/>
      <testcase classname="Philips.PMP.Test.Auto.DeviceServiceTest"
                name="DeviceServiceGetDeviceSecureChannelInfoTest (2,False) row 2"
                time="0.0009846"/>
      <testcase classname="Philips.PMP.Test.Auto.DeviceServiceTest"
                name="DeviceServiceGetDeviceSecureChannelInfoTest (6,True) row 3"
                time="0.0018642"/>
      <testcase classname="Philips.PMP.Test.Auto.DeviceServiceTest"
                name="DeviceServiceGetDeviceSecureChannelInfoTest (6,False) row 4"
                time="0.00089"/>
      <testcase classname="Philips.PMP.LicenseService.Test.UnitLicenseFeaturesDeterminerTest"
                name="GetRemainingUnitFeaturesWillGetFeaturesFromAllUnits"
                time="0.0024761"/>
      <testcase classname="Philips.PMP.Test.Auto.NtAccountAdapterTest"
                name="NtAccountAdapterReturnsSid (Local,S-1-2-0) row 1"
                time="0.0008097"/>
      <testcase classname="Philips.PMP.Test.Auto.NtAccountAdapterTest"
                name="NtAccountAdapterReturnsSid (Everyone,S-1-1-0) row 2"
                time="0.0004645"/>
      <testcase classname="Philips.PMP.Test.Auto.NtAccountAdapterTest"
                name="NtAccountAdapterReturnsSid (Service,S-1-5-6) row 3"
                time="0.0004737"/>
      <testcase classname="Philips.PMP.Test.Auto.DeviceServiceTest"
                name="DeviceServiceWriteOutboundSecureMessageTest"
                time="0.1255677"/>
      <testcase classname="Philips.PMP.Test.Auto.InboundAdtPatientConfigQualifierTest"
                name="InboundAdtPatientConfigQualifierNoFacilityInHif"
                time="0.0365672"/>
      <testcase classname="Philips.PMP.Test.Auto.DataTileHelperTest"
                name="DataTileHelperConvertDisplayUnitsToPixelsTest"
                time="0.006081"/>
      <testcase classname="Philips.PMP.Test.Auto.Hl7AlarmClientMgrTest"
                name="AlarmClientOnAlarmReceivedHandlerTest (0,0) row 1"
                time="0.3145897"/>
      <testcase classname="Philips.PMP.Test.Auto.Hl7AlarmClientMgrTest"
                name="AlarmClientOnAlarmReceivedHandlerTest (1,1) row 2"
                time="0.0042671"/>
      <testcase classname="Philips.PMP.Test.Auto.Hl7AlarmClientMgrTest"
                name="AlarmClientOnAlarmReceivedHandlerTest (2,1) row 3"
                time="0.0017538"/>
      <testcase classname="Philips.PMP.Test.Auto.Hl7AlarmClientMgrTest"
                name="AlarmClientOnAlarmReceivedHandlerTest (0,0) row 4"
                time="0.0037007"/>
      <testcase classname="Philips.PMP.Test.Auto.Hl7AlarmClientMgrTest"
                name="AlarmClientOnAlarmReceivedHandlerTest (1,1) row 5"
                time="0.0017959"/>
      <testcase classname="Philips.PMP.Test.Auto.Hl7AlarmClientMgrTest"
                name="AlarmClientOnAlarmReceivedHandlerTest (2,1) row 6"
                time="0.0026124"/>
      <testcase classname="Philips.PMP.Test.Auto.HostLicenseProcessorTest"
                name="StandalonePatientLinkSystemTest"
                time="1.667946"/>
      <testcase classname="Philips.PMP.Test.Auto.LabMgrTest"
                name="LabDataServicePopulateCacheTest"
                time="0.0039225"/>
      <testcase classname="Philips.PMP.Test.Auto.NumericProviderTest"
                name="NumericProviderAperiodicDisassociation"
                time="0.2714295"/>
      <testcase classname="Philips.CareEvent.Test.LocationAliasMapControlTest"
                name="LocationAliasMapControlOnAssignClicked"
                time="0.0841164"/>
      <testcase classname="Philips.iX.InboundDataBridge.Test.PhysioDataInboundBridgeServiceTest"
                name="RestartServiceTest (False,True,True) row 1"
                time="0.0034213"/>
      <testcase classname="Philips.iX.InboundDataBridge.Test.PhysioDataInboundBridgeServiceTest"
                name="RestartServiceTest (True,False,False) row 2"
                time="0.0046763"/>
      <testcase classname="Philips.iX.DataBridge.Common.Test.AsyncRetryHelperTest"
                name="RetryTest (True) row 1"
                time="0.0337724"/>
      <testcase classname="Philips.iX.DataBridge.Common.Test.AsyncRetryHelperTest"
                name="RetryTest (False) row 2"
                time="0.0085125"/>
      <testcase classname="Philips.PMP.Test.Auto.OrderHelperTest"
                name="GetHostCommercialPatientLinkValueTest2"
                time="0.0214223"/>
      <testcase classname="Philips.PIC.DataAcquisition.Test.SureSignsSpotCheckProcessorTest"
                name="SureSignsSpotCheckProcessorGetMeasurementsTest (True,1,0) row 1"
                time="0.0082721"/>
      <testcase classname="Philips.PIC.DataAcquisition.Test.SureSignsSpotCheckProcessorTest"
                name="SureSignsSpotCheckProcessorGetMeasurementsTest (False,0,1) row 2"
                time="0.0056946"/>
      <testcase classname="Philips.PMP.Test.Auto.EcgIpmFilterTest"
                name="EcgSignalQuality12LeadNotchFilterTest"
                time="0.01412"/>
      <testcase classname="Philips.PMP.Test.Auto.PatientAssignmentControlValidatorTest"
                name="PatientAssignmentControlValidatorValidateDob (True) row 1"
                time="0.0042074"/>
      <testcase classname="Philips.PMP.Test.Auto.PatientAssignmentControlValidatorTest"
                name="PatientAssignmentControlValidatorValidateDob (False) row 2"
                time="0.0013246"/>
      <testcase classname="Philips.PMP.Test.Auto.EfficiaNumericMgrTest"
                name="EfficiaNumericMgrProcessSetParamVisibilityTest"
                time="0.4080307"/>
      <testcase classname="Philips.PMP.Test.Auto.SoftwareUpdateHelperTest"
                name="PrepareForUpdateOlderExecutable"
                time="0.0159655"/>
      <testcase classname="Philips.PMP.Test.Auto.GraphicsCardResetHelperTest"
                name="TryToResetVideoCardNoDisplayAdaptersTest"
                time="0.1388137"/>
      <testcase classname="Philips.PMP.Test.Auto.Hl7OutboundServiceMgrTest"
                name="Hl7OutboundServiceMgrValidateTest (monitoringHost1,monitoringClient1,Success) row 1"
                time="0.006357"/>
      <testcase classname="Philips.PMP.Test.Auto.Hl7OutboundServiceMgrTest"
                name="Hl7OutboundServiceMgrValidateTest (monitoringHost2,monitoringClient2,Success) row 2"
                time="0.0023321"/>
      <testcase classname="Philips.PMP.Test.Auto.Hl7OutboundServiceMgrTest"
                name="Hl7OutboundServiceMgrValidateTest (monitoringHost3,monitoringClient3,Failure) row 3"
                time="0.0024228"/>
      <testcase classname="Philips.IX.UserManagement.Test.ProveIdWebApiConfigurationProviderTest"
                name="GetDomainsTest"
                time="0.0295053"/>
      <testcase classname="Philips.PMP.Test.Auto.AlertSoundsQualifierTest"
                name="AlertSoundsQualifierVerifyPlayAlertTonesShould"
                time="0.0018506"/>
      <testcase classname="Philips.PMP.Test.Auto.MasterHostSelectionServiceTest"
                name="MasterHostSelectionServiceOnTopologyChangedTest (Unknown,False,,False,False,False,False,0) row 1"
                time="0.0127105"/>
      <testcase classname="Philips.PMP.Test.Auto.MasterHostSelectionServiceTest"
                name="MasterHostSelectionServiceOnTopologyChangedTest (ZoneChanged,False,,True,True,True,True,0) row 2"
                time="0.0010334"/>
      <testcase classname="Philips.PMP.Test.Auto.MasterHostSelectionServiceTest"
                name="MasterHostSelectionServiceOnTopologyChangedTest (HostMoved,False,,True,True,True,True,0) row 3"
                time="0.0037502"/>
      <testcase classname="Philips.PMP.Test.Auto.MasterHostSelectionServiceTest"
                name="MasterHostSelectionServiceOnTopologyChangedTest (MulticastZoneChanged,False,,True,True,True,True,0) row 4"
                time="0.0196807"/>
      <testcase classname="Philips.PMP.Test.Auto.MasterHostSelectionServiceTest"
                name="MasterHostSelectionServiceOnTopologyChangedTest (HostChanged,False,,True,True,True,True,0) row 5"
                time="0.0078487"/>
      <testcase classname="Philips.PMP.Test.Auto.MasterHostSelectionServiceTest"
                name="MasterHostSelectionServiceOnTopologyChangedTest (HostDeleted,False,,True,True,True,True,0) row 6"
                time="0.0014866"/>
      <testcase classname="Philips.PMP.Test.Auto.MasterHostSelectionServiceTest"
                name="MasterHostSelectionServiceOnTopologyChangedTest (ZoneDeleted,False,,True,True,True,True,0) row 7"
                time="0.0151557"/>
      <testcase classname="Philips.PMP.Test.Auto.MasterHostSelectionServiceTest"
                name="MasterHostSelectionServiceOnTopologyChangedTest (BedsAdded,False,,True,True,True,True,0) row 8"
                time="0.0238927"/>
      <testcase classname="Philips.PMP.Test.Auto.MasterHostSelectionServiceTest"
                name="MasterHostSelectionServiceOnTopologyChangedTest (BedsDeleted,False,,True,True,True,True,0) row 9"
                time="0.0008036"/>
      <testcase classname="Philips.PMP.Test.Auto.MasterHostSelectionServiceTest"
                name="MasterHostSelectionServiceOnTopologyChangedTest (BedRenamed,False,,True,True,True,True,0) row 10"
                time="0.0006495"/>
      <testcase classname="Philips.PMP.Test.Auto.MasterHostSelectionServiceTest"
                name="MasterHostSelectionServiceOnTopologyChangedTest (LicenseChanged,False,,True,False,False,False,0) row 11"
                time="0.0036734"/>
      <testcase classname="Philips.PMP.Test.Auto.MasterHostSelectionServiceTest"
                name="MasterHostSelectionServiceOnTopologyChangedTest (LicenseChanged,True,,True,True,True,True,0) row 12"
                time="0.0009526"/>
      <testcase classname="Philips.PMP.Test.Auto.MasterHostSelectionServiceTest"
                name="MasterHostSelectionServiceOnTopologyChangedTest (MonitorRenamed,False,,True,True,False,False,0) row 13"
                time="0.0008505"/>
      <testcase classname="Philips.PMP.Test.Auto.MasterHostSelectionServiceTest"
                name="MasterHostSelectionServiceOnTopologyChangedTest (MonitorsAdded,False,,True,True,False,False,0) row 14"
                time="0.0007525"/>
      <testcase classname="Philips.PMP.Test.Auto.MasterHostSelectionServiceTest"
                name="MasterHostSelectionServiceOnTopologyChangedTest (MonitorsDeleted,False,,True,True,False,False,0) row 15"
                time="0.016845"/>
      <testcase classname="Philips.PMP.Test.Auto.MasterHostSelectionServiceTest"
                name="MasterHostSelectionServiceOnTopologyChangedTest (MulticastBlockHostChanged,True,False,False,False,False,False,1) row 16"
                time="0.0125704"/>
      <testcase classname="Philips.PMP.Test.Auto.MasterHostSelectionServiceTest"
                name="MasterHostSelectionServiceOnTopologyChangedTest (MulticastBlockHostChanged,True,True,False,False,False,False,-1) row 17"
                time="0.0062695"/>
      <testcase classname="Philips.PIC.DevTools.Test.PatientTraffickerTest"
                name="PatientTraffickerConvertsAverageStayDuration"
                time="0.4702074"/>
      <testcase classname="Philips.PMP.Test.Auto.EventLogShutdownAnalyzerTest"
                name="DetectLastShutdownWasWatchdogManual"
                time="0.0013477"/>
      <testcase classname="Philips.PMP.Test.Auto.SqlCrashReportMonitorTest"
                name="SqlCrashMonitorTriggersRestartAboveCrashThreshold (4,0) row 1"
                time="0.0760927"/>
      <testcase classname="Philips.PMP.Test.Auto.SqlCrashReportMonitorTest"
                name="SqlCrashMonitorTriggersRestartAboveCrashThreshold (5,1) row 2"
                time="0.0410254"/>
      <testcase classname="Philips.PMP.Test.Auto.SqlCrashReportMonitorTest"
                name="SqlCrashMonitorTriggersRestartAboveCrashThreshold (9,1) row 3"
                time="0.0651237"/>
      <testcase classname="Philips.PMP.Test.Auto.DbAvailabilityTest"
                name="RestartAllProcessesWillNotHappenIfReconnectionModeIsManual"
                time="0.0010243"/>
      <testcase classname="Philips.CareEvent.Test.CeQualificationProviderTest"
                name="ValidateEventWorkflowDbQualifierVerify"
                time="0.1154169"/>
      <testcase classname="Philips.PMP.Test.Auto.IheDriverQualifierTest"
                name="IheDriverQualifierFailsServiceNotRunningTest"
                time="0.3000922"/>
      <testcase classname="Philips.PMP.Test.Auto.PatientMgrTest"
                name="PatientMgrIsUnsyncedEntryTest (3,False) row 1"
                time="0.0009379"/>
      <testcase classname="Philips.PMP.Test.Auto.PatientMgrTest"
                name="PatientMgrIsUnsyncedEntryTest (4,False) row 2"
                time="0.0004057"/>
      <testcase classname="Philips.PMP.Test.Auto.PatientMgrTest"
                name="PatientMgrIsUnsyncedEntryTest (5,True) row 3"
                time="0.0004799"/>
      <testcase classname="Philips.PMP.Test.Auto.NotificationSettingProviderTest"
                name="ChangeOverviewRoleToCareTechAfterRoleAssignmentPerformFactoryReset"
                time="0.2811249"/>
      <testcase classname="Philips.PMP.Test.Auto.SectorLayoutTest"
                name="LayoutPanelGetSubscriptionInfoTest"
                time="0.1419454"/>
      <testcase classname="Philips.PMP.Test.Auto.ColorProviderTest"
                name="GetCaregiverColors"
                time="0.0049854"/>
      <testcase classname="Philips.PMP.Test.Auto.EcgDeriverTest"
                name="EasiCoefficientsAgainstSTARTest"
                time="0.0069332"/>
      <testcase classname="Philips.PMP.Test.Auto.WebHostHelperTest"
                name="CheckExactMatchForPatientIDTest (1232,True) row 1"
                time="0.0045102"/>
      <testcase classname="Philips.PMP.Test.Auto.WebHostHelperTest"
                name="CheckExactMatchForPatientIDTest (12,False) row 2"
                time="0.0007154"/>
      <testcase classname="Philips.PMP.Test.Auto.WebHostHelperTest"
                name="CheckExactMatchForPatientIDTest (12345,False) row 3"
                time="0.000448"/>
      <testcase classname="Philips.PMP.Test.Auto.SolutionSettingsTest"
                name="SolutionSettingsVerifyCopyIfNewerOnly (Microsoft.Build.Evaluation.Project) row 1"
                time="0.0027356"/>
      <testcase classname="Philips.PMP.Test.Auto.SolutionSettingsTest"
                name="SolutionSettingsVerifyCopyIfNewerOnly (Microsoft.Build.Evaluation.Project) row 2"
                time="0.0006379"/>
      <testcase classname="Philips.PMP.Test.Auto.SolutionSettingsTest"
                name="SolutionSettingsVerifyCopyIfNewerOnly (Microsoft.Build.Evaluation.Project) row 3"
                time="0.0005053"/>
      <testcase classname="Philips.PMP.Test.Auto.SolutionSettingsTest"
                name="SolutionSettingsVerifyCopyIfNewerOnly (Microsoft.Build.Evaluation.Project) row 4"
                time="0.0005311"/>
      <testcase classname="Philips.PMP.Test.Auto.SolutionSettingsTest"
                name="SolutionSettingsVerifyCopyIfNewerOnly (Microsoft.Build.Evaluation.Project) row 5"
                time="0.0005837"/>
      <testcase classname="Philips.PMP.Test.Auto.SolutionSettingsTest"
                name="SolutionSettingsVerifyCopyIfNewerOnly (Microsoft.Build.Evaluation.Project) row 6"
                time="0.000418"/>
      <testcase classname="Philips.PMP.Test.Auto.SolutionSettingsTest"
                name="SolutionSettingsVerifyCopyIfNewerOnly (Microsoft.Build.Evaluation.Project) row 7"
                time="0.0004079"/>
      <testcase classname="Philips.PMP.Test.Auto.SolutionSettingsTest"
                name="SolutionSettingsVerifyCopyIfNewerOnly (Microsoft.Build.Evaluation.Project) row 8"
                time="0.0015848"/>
      <testcase classname="Philips.PMP.Test.Auto.SolutionSettingsTest"
                name="SolutionSettingsVerifyCopyIfNewerOnly (Microsoft.Build.Evaluation.Project) row 9"
                time="0.0004725"/>
      <testcase classname="Philips.PMP.Test.Auto.SolutionSettingsTest"
                name="SolutionSettingsVerifyCopyIfNewerOnly (Microsoft.Build.Evaluation.Project) row 10"
                time="0.0011341"/>
      <testcase classname="Philips.PMP.Test.Auto.SolutionSettingsTest"
                name="SolutionSettingsVerifyCopyIfNewerOnly (Microsoft.Build.Evaluation.Project) row 11"
                time="0.0005951"/>
      <testcase classname="Philips.PMP.Test.Auto.SolutionSettingsTest"
                name="SolutionSettingsVerifyCopyIfNewerOnly (Microsoft.Build.Evaluation.Project) row 12"
                time="0.0004504"/>
      <testcase classname="Philips.PMP.Test.Auto.SolutionSettingsTest"
                name="SolutionSettingsVerifyCopyIfNewerOnly (Microsoft.Build.Evaluation.Project) row 13"
                time="0.0005551"/>
      <testcase classname="Philips.PMP.Test.Auto.SolutionSettingsTest"
                name="SolutionSettingsVerifyCopyIfNewerOnly (Microsoft.Build.Evaluation.Project) row 14"
                time="0.0004803"/>
      <testcase classname="Philips.PMP.Test.Auto.SolutionSettingsTest"
                name="SolutionSettingsVerifyCopyIfNewerOnly (Microsoft.Build.Evaluation.Project) row 15"
                time="0.0006048"/>
      <testcase classname="Philips.PMP.Test.Auto.SolutionSettingsTest"
                name="SolutionSettingsVerifyCopyIfNewerOnly (Microsoft.Build.Evaluation.Project) row 16"
                time="0.0005228"/>
      <testcase classname="Philips.PMP.Test.Auto.SolutionSettingsTest"
                name="SolutionSettingsVerifyCopyIfNewerOnly (Microsoft.Build.Evaluation.Project) row 17"
                time="0.0005122"/>
      <testcase classname="Philips.PMP.Test.Auto.SolutionSettingsTest"
                name="SolutionSettingsVerifyCopyIfNewerOnly (Microsoft.Build.Evaluation.Project) row 18"
                time="0.0004387"/>
      <testcase classname="Philips.PMP.Test.Auto.SolutionSettingsTest"
                name="SolutionSettingsVerifyCopyIfNewerOnly (Microsoft.Build.Evaluation.Project) row 19"
                time="0.0005184"/>
      <testcase classname="Philips.PMP.Test.Auto.SolutionSettingsTest"
                name="SolutionSettingsVerifyCopyIfNewerOnly (Microsoft.Build.Evaluation.Project) row 20"
                time="0.0008604"/>
      <testcase classname="Philips.PMP.Test.Auto.SolutionSettingsTest"
                name="SolutionSettingsVerifyCopyIfNewerOnly (Microsoft.Build.Evaluation.Project) row 21"
                time="0.0004937"/>
      <testcase classname="Philips.PMP.Test.Auto.SolutionSettingsTest"
                name="SolutionSettingsVerifyCopyIfNewerOnly (Microsoft.Build.Evaluation.Project) row 22"
                time="0.0005712"/>
      <testcase classname="Philips.PMP.Test.Auto.SolutionSettingsTest"
                name="SolutionSettingsVerifyCopyIfNewerOnly (Microsoft.Build.Evaluation.Project) row 23"
                time="0.0026111"/>
      <testcase classname="Philips.PMP.Test.Auto.SolutionSettingsTest"
                name="SolutionSettingsVerifyCopyIfNewerOnly (Microsoft.Build.Evaluation.Project) row 24"
                time="0.0005344"/>
      <testcase classname="Philips.PMP.Test.Auto.SolutionSettingsTest"
                name="SolutionSettingsVerifyCopyIfNewerOnly (Microsoft.Build.Evaluation.Project) row 25"
                time="0.0004504"/>
      <testcase classname="Philips.PMP.Test.Auto.SolutionSettingsTest"
                name="SolutionSettingsVerifyCopyIfNewerOnly (Microsoft.Build.Evaluation.Project) row 26"
                time="0.000462"/>
      <testcase classname="Philips.PMP.Test.Auto.SolutionSettingsTest"
                name="SolutionSettingsVerifyCopyIfNewerOnly (Microsoft.Build.Evaluation.Project) row 27"
                time="0.0004112"/>
      <testcase classname="Philips.PMP.Test.Auto.SolutionSettingsTest"
                name="SolutionSettingsVerifyCopyIfNewerOnly (Microsoft.Build.Evaluation.Project) row 28"
                time="0.0006794"/>
      <testcase classname="Philips.PMP.Test.Auto.SolutionSettingsTest"
                name="SolutionSettingsVerifyCopyIfNewerOnly (Microsoft.Build.Evaluation.Project) row 29"
                time="0.0005651"/>
      <testcase classname="Philips.PMP.Test.Auto.SolutionSettingsTest"
                name="SolutionSettingsVerifyCopyIfNewerOnly (Microsoft.Build.Evaluation.Project) row 30"
                time="0.0006472"/>
      <testcase classname="Philips.PMP.Test.Auto.SolutionSettingsTest"
                name="SolutionSettingsVerifyCopyIfNewerOnly (Microsoft.Build.Evaluation.Project) row 31"
                time="0.0005521"/>
      <testcase classname="Philips.PMP.Test.Auto.SolutionSettingsTest"
                name="SolutionSettingsVerifyCopyIfNewerOnly (Microsoft.Build.Evaluation.Project) row 32"
                time="0.0006234"/>
      <testcase classname="Philips.PMP.Test.Auto.SolutionSettingsTest"
                name="SolutionSettingsVerifyCopyIfNewerOnly (Microsoft.Build.Evaluation.Project) row 33"
                time="0.0005293"/>
      <testcase classname="Philips.PMP.Test.Auto.SolutionSettingsTest"
                name="SolutionSettingsVerifyCopyIfNewerOnly (Microsoft.Build.Evaluation.Project) row 34"
                time="0.0008309"/>
      <testcase classname="Philips.PMP.Test.Auto.SolutionSettingsTest"
                name="SolutionSettingsVerifyCopyIfNewerOnly (Microsoft.Build.Evaluation.Project) row 35"
                time="0.0006971"/>
      <testcase classname="Philips.PMP.Test.Auto.SolutionSettingsTest"
                name="SolutionSettingsVerifyCopyIfNewerOnly (Microsoft.Build.Evaluation.Project) row 36"
                time="0.0005658"/>
      <testcase classname="Philips.PMP.Test.Auto.SolutionSettingsTest"
                name="SolutionSettingsVerifyCopyIfNewerOnly (Microsoft.Build.Evaluation.Project) row 37"
                time="0.0004999"/>
      <testcase classname="Philips.PMP.Test.Auto.SolutionSettingsTest"
                name="SolutionSettingsVerifyCopyIfNewerOnly (Microsoft.Build.Evaluation.Project) row 38"
                time="0.0004742"/>
      <testcase classname="Philips.PMP.Test.Auto.SolutionSettingsTest"
                name="SolutionSettingsVerifyCopyIfNewerOnly (Microsoft.Build.Evaluation.Project) row 39"
                time="0.0003999"/>
      <testcase classname="Philips.PMP.Test.Auto.SolutionSettingsTest"
                name="SolutionSettingsVerifyCopyIfNewerOnly (Microsoft.Build.Evaluation.Project) row 40"
                time="0.0004954"/>
      <testcase classname="Philips.PMP.Test.Auto.SolutionSettingsTest"
                name="SolutionSettingsVerifyCopyIfNewerOnly (Microsoft.Build.Evaluation.Project) row 41"
                time="0.0005017"/>
      <testcase classname="Philips.PMP.Test.Auto.SolutionSettingsTest"
                name="SolutionSettingsVerifyCopyIfNewerOnly (Microsoft.Build.Evaluation.Project) row 42"
                time="0.0004204"/>
      <testcase classname="Philips.PMP.Test.Auto.SolutionSettingsTest"
                name="SolutionSettingsVerifyCopyIfNewerOnly (Microsoft.Build.Evaluation.Project) row 43"
                time="0.0005117"/>
      <testcase classname="Philips.PMP.Test.Auto.SolutionSettingsTest"
                name="SolutionSettingsVerifyCopyIfNewerOnly (Microsoft.Build.Evaluation.Project) row 44"
                time="0.0005261"/>
      <testcase classname="Philips.PMP.Test.Auto.SolutionSettingsTest"
                name="SolutionSettingsVerifyCopyIfNewerOnly (Microsoft.Build.Evaluation.Project) row 45"
                time="0.0005993"/>
      <testcase classname="Philips.PMP.Test.Auto.SolutionSettingsTest"
                name="SolutionSettingsVerifyCopyIfNewerOnly (Microsoft.Build.Evaluation.Project) row 46"
                time="0.0006362"/>
      <testcase classname="Philips.PMP.Test.Auto.SolutionSettingsTest"
                name="SolutionSettingsVerifyCopyIfNewerOnly (Microsoft.Build.Evaluation.Project) row 47"
                time="0.0005556"/>
      <testcase classname="Philips.PMP.Test.Auto.SolutionSettingsTest"
                name="SolutionSettingsVerifyCopyIfNewerOnly (Microsoft.Build.Evaluation.Project) row 48"
                time="0.0006001"/>
      <testcase classname="Philips.PMP.Test.Auto.SolutionSettingsTest"
                name="SolutionSettingsVerifyCopyIfNewerOnly (Microsoft.Build.Evaluation.Project) row 49"
                time="0.0005119"/>
      <testcase classname="Philips.PMP.Test.Auto.SolutionSettingsTest"
                name="SolutionSettingsVerifyCopyIfNewerOnly (Microsoft.Build.Evaluation.Project) row 50"
                time="0.0005106"/>
      <testcase classname="Philips.PMP.Test.Auto.SolutionSettingsTest"
                name="SolutionSettingsVerifyCopyIfNewerOnly (Microsoft.Build.Evaluation.Project) row 51"
                time="0.0006218"/>
      <testcase classname="Philips.PMP.Test.Auto.SolutionSettingsTest"
                name="SolutionSettingsVerifyCopyIfNewerOnly (Microsoft.Build.Evaluation.Project) row 52"
                time="0.0006315"/>
      <testcase classname="Philips.PMP.Test.Auto.SolutionSettingsTest"
                name="SolutionSettingsVerifyCopyIfNewerOnly (Microsoft.Build.Evaluation.Project) row 53"
                time="0.0005104"/>
      <testcase classname="Philips.PMP.Test.Auto.SolutionSettingsTest"
                name="SolutionSettingsVerifyCopyIfNewerOnly (Microsoft.Build.Evaluation.Project) row 54"
                time="0.0005436"/>
      <testcase classname="Philips.PMP.Test.Auto.SolutionSettingsTest"
                name="SolutionSettingsVerifyCopyIfNewerOnly (Microsoft.Build.Evaluation.Project) row 55"
                time="0.0004628"/>
      <testcase classname="Philips.PMP.Test.Auto.SolutionSettingsTest"
                name="SolutionSettingsVerifyCopyIfNewerOnly (Microsoft.Build.Evaluation.Project) row 56"
                time="0.0005177"/>
      <testcase classname="Philips.PMP.Test.Auto.SolutionSettingsTest"
                name="SolutionSettingsVerifyCopyIfNewerOnly (Microsoft.Build.Evaluation.Project) row 57"
                time="0.0005073"/>
      <testcase classname="Philips.PMP.Test.Auto.SolutionSettingsTest"
                name="SolutionSettingsVerifyCopyIfNewerOnly (Microsoft.Build.Evaluation.Project) row 58"
                time="0.0005309"/>
      <testcase classname="Philips.PMP.Test.Auto.SolutionSettingsTest"
                name="SolutionSettingsVerifyCopyIfNewerOnly (Microsoft.Build.Evaluation.Project) row 59"
                time="0.0005029"/>
      <testcase classname="Philips.PMP.Test.Auto.SolutionSettingsTest"
                name="SolutionSettingsVerifyCopyIfNewerOnly (Microsoft.Build.Evaluation.Project) row 60"
                time="0.0005088"/>
      <testcase classname="Philips.PMP.Test.Auto.SolutionSettingsTest"
                name="SolutionSettingsVerifyCopyIfNewerOnly (Microsoft.Build.Evaluation.Project) row 61"
                time="0.0005439"/>
      <testcase classname="Philips.PMP.Test.Auto.SolutionSettingsTest"
                name="SolutionSettingsVerifyCopyIfNewerOnly (Microsoft.Build.Evaluation.Project) row 62"
                time="0.0005733"/>
      <testcase classname="Philips.PMP.Test.Auto.SolutionSettingsTest"
                name="SolutionSettingsVerifyCopyIfNewerOnly (Microsoft.Build.Evaluation.Project) row 63"
                time="0.0004983"/>
      <testcase classname="Philips.PMP.Test.Auto.SolutionSettingsTest"
                name="SolutionSettingsVerifyCopyIfNewerOnly (Microsoft.Build.Evaluation.Project) row 64"
                time="0.000444"/>
      <testcase classname="Philips.PMP.Test.Auto.SolutionSettingsTest"
                name="SolutionSettingsVerifyCopyIfNewerOnly (Microsoft.Build.Evaluation.Project) row 65"
                time="0.0004228"/>
      <testcase classname="Philips.PMP.Test.Auto.SolutionSettingsTest"
                name="SolutionSettingsVerifyCopyIfNewerOnly (Microsoft.Build.Evaluation.Project) row 66"
                time="0.0004735"/>
      <testcase classname="Philips.PMP.Test.Auto.SolutionSettingsTest"
                name="SolutionSettingsVerifyCopyIfNewerOnly (Microsoft.Build.Evaluation.Project) row 67"
                time="0.0004296"/>
      <testcase classname="Philips.PMP.Test.Auto.SolutionSettingsTest"
                name="SolutionSettingsVerifyCopyIfNewerOnly (Microsoft.Build.Evaluation.Project) row 68"
                time="0.0016968"/>
      <testcase classname="Philips.PMP.Test.Auto.SolutionSettingsTest"
                name="SolutionSettingsVerifyCopyIfNewerOnly (Microsoft.Build.Evaluation.Project) row 69"
                time="0.0007723"/>
      <testcase classname="Philips.PMP.Test.Auto.SolutionSettingsTest"
                name="SolutionSettingsVerifyCopyIfNewerOnly (Microsoft.Build.Evaluation.Project) row 70"
                time="0.0007155"/>
      <testcase classname="Philips.PMP.Test.Auto.SolutionSettingsTest"
                name="SolutionSettingsVerifyCopyIfNewerOnly (Microsoft.Build.Evaluation.Project) row 71"
                time="0.0006725"/>
      <testcase classname="Philips.PMP.Test.Auto.SolutionSettingsTest"
                name="SolutionSettingsVerifyCopyIfNewerOnly (Microsoft.Build.Evaluation.Project) row 72"
                time="0.0033075"/>
      <testcase classname="Philips.PMP.Test.Auto.SolutionSettingsTest"
                name="SolutionSettingsVerifyCopyIfNewerOnly (Microsoft.Build.Evaluation.Project) row 73"
                time="0.0005764"/>
      <testcase classname="Philips.PMP.Test.Auto.SolutionSettingsTest"
                name="SolutionSettingsVerifyCopyIfNewerOnly (Microsoft.Build.Evaluation.Project) row 74"
                time="0.0006257"/>
      <testcase classname="Philips.PMP.Test.Auto.SolutionSettingsTest"
                name="SolutionSettingsVerifyCopyIfNewerOnly (Microsoft.Build.Evaluation.Project) row 75"
                time="0.0010542"/>
      <testcase classname="Philips.PMP.Test.Auto.SolutionSettingsTest"
                name="SolutionSettingsVerifyCopyIfNewerOnly (Microsoft.Build.Evaluation.Project) row 76"
                time="0.0005015"/>
      <testcase classname="Philips.PMP.Test.Auto.SolutionSettingsTest"
                name="SolutionSettingsVerifyCopyIfNewerOnly (Microsoft.Build.Evaluation.Project) row 77"
                time="0.0004936"/>
      <testcase classname="Philips.PMP.Test.Auto.SolutionSettingsTest"
                name="SolutionSettingsVerifyCopyIfNewerOnly (Microsoft.Build.Evaluation.Project) row 78"
                time="0.0004803"/>
      <testcase classname="Philips.PMP.Test.Auto.SolutionSettingsTest"
                name="SolutionSettingsVerifyCopyIfNewerOnly (Microsoft.Build.Evaluation.Project) row 79"
                time="0.0004588"/>
      <testcase classname="Philips.PMP.Test.Auto.SolutionSettingsTest"
                name="SolutionSettingsVerifyCopyIfNewerOnly (Microsoft.Build.Evaluation.Project) row 80"
                time="0.0005278"/>
      <testcase classname="Philips.PMP.Test.Auto.SolutionSettingsTest"
                name="SolutionSettingsVerifyCopyIfNewerOnly (Microsoft.Build.Evaluation.Project) row 81"
                time="0.0021151"/>
      <testcase classname="Philips.PMP.Test.Auto.SolutionSettingsTest"
                name="SolutionSettingsVerifyCopyIfNewerOnly (Microsoft.Build.Evaluation.Project) row 82"
                time="0.001136"/>
      <testcase classname="Philips.PMP.Test.Auto.SolutionSettingsTest"
                name="SolutionSettingsVerifyCopyIfNewerOnly (Microsoft.Build.Evaluation.Project) row 83"
                time="0.0005367"/>
      <testcase classname="Philips.PMP.Test.Auto.SolutionSettingsTest"
                name="SolutionSettingsVerifyCopyIfNewerOnly (Microsoft.Build.Evaluation.Project) row 84"
                time="0.0005365"/>
      <testcase classname="Philips.PMP.Test.Auto.SolutionSettingsTest"
                name="SolutionSettingsVerifyCopyIfNewerOnly (Microsoft.Build.Evaluation.Project) row 85"
                time="0.0005159"/>
      <testcase classname="Philips.PMP.Test.Auto.SolutionSettingsTest"
                name="SolutionSettingsVerifyCopyIfNewerOnly (Microsoft.Build.Evaluation.Project) row 86"
                time="0.0010157"/>
      <testcase classname="Philips.PMP.Test.Auto.SolutionSettingsTest"
                name="SolutionSettingsVerifyCopyIfNewerOnly (Microsoft.Build.Evaluation.Project) row 87"
                time="0.0005103"/>
      <testcase classname="Philips.PMP.Test.Auto.SolutionSettingsTest"
                name="SolutionSettingsVerifyCopyIfNewerOnly (Microsoft.Build.Evaluation.Project) row 88"
                time="0.0004953"/>
      <testcase classname="Philips.PMP.Test.Auto.SolutionSettingsTest"
                name="SolutionSettingsVerifyCopyIfNewerOnly (Microsoft.Build.Evaluation.Project) row 89"
                time="0.0005606"/>
      <testcase classname="Philips.PMP.Test.Auto.SolutionSettingsTest"
                name="SolutionSettingsVerifyCopyIfNewerOnly (Microsoft.Build.Evaluation.Project) row 90"
                time="0.0004609"/>
      <testcase classname="Philips.PMP.Test.Auto.SolutionSettingsTest"
                name="SolutionSettingsVerifyCopyIfNewerOnly (Microsoft.Build.Evaluation.Project) row 91"
                time="0.0004416"/>
      <testcase classname="Philips.PMP.Test.Auto.SolutionSettingsTest"
                name="SolutionSettingsVerifyCopyIfNewerOnly (Microsoft.Build.Evaluation.Project) row 92"
                time="0.0004353"/>
      <testcase classname="Philips.PMP.Test.Auto.SolutionSettingsTest"
                name="SolutionSettingsVerifyCopyIfNewerOnly (Microsoft.Build.Evaluation.Project) row 93"
                time="0.0004412"/>
      <testcase classname="Philips.PMP.Test.Auto.SolutionSettingsTest"
                name="SolutionSettingsVerifyCopyIfNewerOnly (Microsoft.Build.Evaluation.Project) row 94"
                time="0.0004467"/>
      <testcase classname="Philips.PMP.Test.Auto.SolutionSettingsTest"
                name="SolutionSettingsVerifyCopyIfNewerOnly (Microsoft.Build.Evaluation.Project) row 95"
                time="0.0004553"/>
      <testcase classname="Philips.CareEvent.Test.WorkflowDatabaseTests"
                name="SynchronizeEventCategoriesTest"
                time="0.4746381"/>
      <testcase classname="Philips.PMP.Test.Auto.NotificationSettingProviderTest"
                name="SettingsTextHelperTestShouldReturnDefaultAlarmReflectionSettings"
                time="0.0109985"/>
      <testcase classname="Philips.PMP.Test.Auto.DbEngineTest"
                name="TransactionTestOuterOkInnerFailDBZ"
                time="0.0111178"/>
      <testcase classname="Philips.PMP.Test.Auto.UserManagementProviderTest"
                name="UserManagementProviderRetrievesFactoryOperatingSystemUsers"
                time="0.0067195"/>
      <testcase classname="Philips.PMP.Test.Auto.SpotCheckTrendConnectionTest"
                name="SpotCheckTrendUpdateValidationInfo"
                time="0.0089879"/>
      <testcase classname="Philips.IX.UserManagement.Test.UserAuthenticatorsTest"
                name="UserAuthenticatorActiveDirectoryPasswordFail2Test"
                time="0.0043106"/>
      <testcase classname="Philips.PMP.Test.Auto.ProtocolWatchConversionsTest"
                name="ConvertPatientToPatientDemographicsWithMissingFields"
                time="0.0014872"/>
      <testcase classname="Philips.PMP.Test.Auto.IntelliBridgeDeviceManagerTest"
                name="IntelliBridgeDeviceManagerDetectsInvalidPhysioDataTime (True) row 1"
                time="0.0404141"/>
      <testcase classname="Philips.PMP.Test.Auto.IntelliBridgeDeviceManagerTest"
                name="IntelliBridgeDeviceManagerDetectsInvalidPhysioDataTime (False) row 2"
                time="0.0015106"/>
      <testcase classname="Philips.PMP.Test.Auto.RepositoryTest"
                name="RepositoryFillSubscriptionIntellibridgeNumericTest (DelphiHigh15In,147842,False,1) row 1"
                time="0.0005769"/>
      <testcase classname="Philips.PMP.Test.Auto.RepositoryTest"
                name="RepositoryFillSubscriptionIntellibridgeNumericTest (ExtDevServer,147842,False,1) row 2"
                time="0.0003917"/>
      <testcase classname="Philips.PMP.Test.Auto.RepositoryTest"
                name="RepositoryFillSubscriptionIntellibridgeNumericTest (IbridgeEc40Hub,147842,False,1) row 3"
                time="0.0011704"/>
      <testcase classname="Philips.PMP.Test.Auto.RepositoryTest"
                name="RepositoryFillSubscriptionIntellibridgeNumericTest (IbridgeEc48Hub,147842,False,1) row 4"
                time="0.0003818"/>
      <testcase classname="Philips.PMP.Test.Auto.RepositoryTest"
                name="RepositoryFillSubscriptionIntellibridgeNumericTest (DelphiHigh15In,2158686308,False,1) row 5"
                time="0.0003387"/>
      <testcase classname="Philips.PMP.Test.Auto.RepositoryTest"
                name="RepositoryFillSubscriptionIntellibridgeNumericTest (ExtDevServer,2158686308,False,0) row 6"
                time="0.0003627"/>
      <testcase classname="Philips.PMP.Test.Auto.RepositoryTest"
                name="RepositoryFillSubscriptionIntellibridgeNumericTest (IbridgeEc40Hub,2158686308,False,0) row 7"
                time="0.0003458"/>
      <testcase classname="Philips.PMP.Test.Auto.RepositoryTest"
                name="RepositoryFillSubscriptionIntellibridgeNumericTest (IbridgeEc48Hub,2158686308,False,0) row 8"
                time="0.0003285"/>
      <testcase classname="Philips.PMP.Test.Auto.RepositoryTest"
                name="RepositoryFillSubscriptionIntellibridgeNumericTest (DelphiHigh15In,2158686308,True,1) row 9"
                time="0.0005116"/>
      <testcase classname="Philips.PMP.Test.Auto.RepositoryTest"
                name="RepositoryFillSubscriptionIntellibridgeNumericTest (ExtDevServer,2158686308,True,1) row 10"
                time="0.0005292"/>
      <testcase classname="Philips.PMP.Test.Auto.RepositoryTest"
                name="RepositoryFillSubscriptionIntellibridgeNumericTest (IbridgeEc40Hub,2158686308,True,1) row 11"
                time="0.0003528"/>
      <testcase classname="Philips.PMP.Test.Auto.RepositoryTest"
                name="RepositoryFillSubscriptionIntellibridgeNumericTest (IbridgeEc48Hub,2158686308,True,1) row 12"
                time="0.0003664"/>
      <testcase classname="Philips.PMP.Test.Auto.PhysioDataStorageQueuesTest"
                name="QueuesGetQueueCreatesNewQueue"
                time="0.0015517"/>
      <testcase classname="Philips.PMP.Test.Auto.InstitutionTreeControlTest"
                name="InstitutionTreeControlSaveSelectedUnit"
                time="0.0076288"/>
      <testcase classname="Philips.PMP.Test.Auto.HostAccessViewControllerTest"
                name="HostAccessViewControllerAddNoAccessToReadOnlyAccess"
                time="0.0061935"/>
      <testcase classname="Philips.PMP.Test.Auto.IheDeviceDataMgrTest"
                name="IHEDeviceDataMgrMonitorOnlineOffline"
                time="0.0151173"/>
      <testcase classname="Philips.PMP.Test.Auto.ActiveDirectoryHelperTest"
                name="GetDomainSucceedTest1"
                time="0.0015253"/>
      <testcase classname="Philips.PMP.Test.Auto.PriorityCatalogProviderTest"
                name="ContinuousNbpIsPressureTest"
                time="0.021388"/>
      <testcase classname="Philips.PMP.Test.Auto.QuickReviewControlTest"
                name="GetNotAdmittedPatientDisplayNameTest"
                time="0.1289391"/>
      <testcase classname="Philips.PMP.Test.Auto.AlertMgrTest"
                name="AlertMgrCanFillSubscriptionsForRemovedPatients"
                time="0.0041707"/>
      <testcase classname="Philips.PMP.Test.Auto.LabMgrTest"
                name="LabDataServiceOnPatientIdentityChangeTest (False,False,False,False) row 1"
                time="0.0111639"/>
      <testcase classname="Philips.PMP.Test.Auto.LabMgrTest"
                name="LabDataServiceOnPatientIdentityChangeTest (True,False,False,False) row 2"
                time="0.0160229"/>
      <testcase classname="Philips.PMP.Test.Auto.LabMgrTest"
                name="LabDataServiceOnPatientIdentityChangeTest (True,True,False,False) row 3"
                time="0.0020308"/>
      <testcase classname="Philips.PMP.Test.Auto.LabMgrTest"
                name="LabDataServiceOnPatientIdentityChangeTest (True,True,False,True) row 4"
                time="0.0020539"/>
      <testcase classname="Philips.PMP.Test.Auto.LabMgrTest"
                name="LabDataServiceOnPatientIdentityChangeTest (True,True,True,False) row 5"
                time="0.0015742"/>
      <testcase classname="Philips.PMP.Test.Auto.LabMgrTest"
                name="LabDataServiceOnPatientIdentityChangeTest (True,True,True,True) row 6"
                time="0.0018786"/>
      <testcase classname="Philips.PMP.Test.Auto.PatientAssignmentControlValidatorTest"
                name="PatientAssignmentControlValidatorValidateRequiredFields (Required,Optional,Optional,Optional,Optional,True) row 1"
                time="0.0009907"/>
      <testcase classname="Philips.PMP.Test.Auto.PatientAssignmentControlValidatorTest"
                name="PatientAssignmentControlValidatorValidateRequiredFields (Optional,Required,Optional,Optional,Optional,True) row 2"
                time="0.000447"/>
      <testcase classname="Philips.PMP.Test.Auto.PatientAssignmentControlValidatorTest"
                name="PatientAssignmentControlValidatorValidateRequiredFields (Optional,Optional,Required,Optional,Optional,True) row 3"
                time="0.0004268"/>
      <testcase classname="Philips.PMP.Test.Auto.PatientAssignmentControlValidatorTest"
                name="PatientAssignmentControlValidatorValidateRequiredFields (Optional,Optional,Optional,Required,Optional,True) row 4"
                time="0.0009543"/>
      <testcase classname="Philips.PMP.Test.Auto.PatientAssignmentControlValidatorTest"
                name="PatientAssignmentControlValidatorValidateRequiredFields (Optional,Optional,Optional,Optional,Required,True) row 5"
                time="0.0013669"/>
      <testcase classname="Philips.PMP.Test.Auto.PatientAssignmentControlValidatorTest"
                name="PatientAssignmentControlValidatorValidateRequiredFields (Required,Optional,Optional,Optional,Optional,False) row 6"
                time="0.0004139"/>
      <testcase classname="Philips.PMP.Test.Auto.PatientAssignmentControlValidatorTest"
                name="PatientAssignmentControlValidatorValidateRequiredFields (Optional,Required,Optional,Optional,Optional,False) row 7"
                time="0.0005201"/>
      <testcase classname="Philips.PMP.Test.Auto.PatientAssignmentControlValidatorTest"
                name="PatientAssignmentControlValidatorValidateRequiredFields (Optional,Optional,Required,Optional,Optional,False) row 8"
                time="0.0005704"/>
      <testcase classname="Philips.PMP.Test.Auto.PatientAssignmentControlValidatorTest"
                name="PatientAssignmentControlValidatorValidateRequiredFields (Optional,Optional,Optional,Required,Optional,False) row 9"
                time="0.000621"/>
      <testcase classname="Philips.PMP.Test.Auto.PatientAssignmentControlValidatorTest"
                name="PatientAssignmentControlValidatorValidateRequiredFields (Optional,Optional,Optional,Optional,Required,False) row 10"
                time="0.0010764"/>
      <testcase classname="Philips.PMP.Test.Auto.AlertNotificationProviderTest"
                name="StoreSettingsAndGetAllClientsShouldReturnEncryptionField"
                time="0.0303289"/>
      <testcase classname="Philips.PMP.Test.Auto.TimeServiceTest"
                name="ActiveDirectoryConfiguredVerifyFails2"
                time="0.0088131"/>
      <testcase classname="Philips.CareEvent.Test.CareAssignmentOverviewRoleCheckerTest"
                name="IsOverviewRoleAvailableFalseWhenWeThereAreMoreThanMaxBedAssignments"
                time="0.0009063"/>
      <testcase classname="Philips.PMP.Test.Auto.FullDisclosureUploadConnectionTest"
                name="FullDisclosureUploadConnectionDoesNotAttemptConnectingToMonitor"
                time="0.072393"/>
      <testcase classname="Philips.RootMain.Test.CertificateInstallMgrTest"
                name="ThisHostCaNotConfiguredFailExport1Test"
                time="0.0067403"/>
      <testcase classname="Philips.PMP.Test.Auto.SpotCheckDeviceValueCountProviderTest"
                name="SpotCheckDvcUpdateDvcCounterForDevice"
                time="0.0146253"/>
      <testcase classname="Philips.PMP.Test.Auto.DeviceProviderTest"
                name="DeviceProviderGetClinicalUnitByHostNameTest"
                time="0.2579405"/>
      <testcase classname="Philips.CareEvent.Test.EventWorkflowServiceMgrTests"
                name="UpdatePartitionsTest"
                time="0.0027497"/>
      <testcase classname="Philips.PMP.Test.Auto.ControlGroupHelperTest"
                name="ControlGroupHelperGetCciControlsTest"
                time="0.0005718"/>
      <testcase classname="Philips.PMP.Test.Auto.EfficiaControlMgrTest"
                name="EfficiaControlMgrInN2oProcessAlarmRangesTest"
                time="0.1199321"/>
      <testcase classname="Philips.PMP.Test.Auto.WebProxyConfigControlTest"
                name="NetworkShareSelectionControlCanBeReadOnly (True) row 1"
                time="0.1216039"/>
      <testcase classname="Philips.PMP.Test.Auto.WebProxyConfigControlTest"
                name="NetworkShareSelectionControlCanBeReadOnly (False) row 2"
                time="0.0340537"/>
      <testcase classname="Philips.PMP.Test.Auto.WaveProviderTest"
                name="WaveDynamicAttributesOutsidePDT"
                time="0.0251467"/>
      <testcase classname="Philips.PMP.Test.Auto.SoundSchemeMapperTest"
                name="GetSoundSchemeByTextId (Iso,2149780580) row 1"
                time="0.0028214"/>
      <testcase classname="Philips.PMP.Test.Auto.SoundSchemeMapperTest"
                name="GetSoundSchemeByTextId (Traditional,2149780581) row 2"
                time="0.000374"/>
      <testcase classname="Philips.PMP.Test.Auto.SoundSchemeMapperTest"
                name="GetSoundSchemeByTextId (IecIso2020,2149780565) row 3"
                time="0.0003149"/>
      <testcase classname="Philips.PMP.Test.Auto.SoundSchemeMapperTest"
                name="GetSoundSchemeByTextId (Philips2021,2149780566) row 4"
                time="0.0002669"/>
      <testcase classname="Philips.PMP.Test.Auto.SoundSchemeMapperTest"
                name="GetSoundSchemeByTextId (Unknown,2149780123) row 5"
                time="0.0002859"/>
      <testcase classname="Philips.PMP.Test.Auto.DhcpProviderTest"
                name="DhcpScopeStore"
                time="0.0221436"/>
      <testcase classname="Philips.PMP.Test.Auto.RecordingWavesTest"
                name="IsRealTimeWaveContiguousTest"
                time="0.0016138"/>
      <testcase classname="Philips.PMP.Test.Auto.UtilitiesServiceMgrTest"
                name="UtilitiesServiceMgrGetsLogData"
                time="0.0409468"/>
      <testcase classname="Philips.PIC.WebBridge.Test.UserMgrTest"
                name="ValidateCredentialTest"
                time="0.0035517"/>
      <testcase classname="Philips.PIC.WebBridge.Test.StripDataLicenseCheckerTest"
                name="WillGetSaveAndExportLicensingTest"
                time="0.005276"/>
      <testcase classname="Philips.PMP.Test.Auto.DataTileHelperTest"
                name="DataTileHelperGetTimeFocusBoxTest"
                time="0.0062905"/>
      <testcase classname="Philips.PMP.Test.Auto.EnumerationProviderTest"
                name="EnumerationProviderParameter"
                time="0.1591976"/>
      <testcase classname="Philips.PMP.Test.Auto.Hl7OruEncoderTest"
                name="NumericsFromSeparateDevicesHaveDifferentAdjustedVmdInstanceValuesAndResultStatusIsCorrectlyLocatedTest"
                time="0.003924"/>
      <testcase classname="Philips.PMP.Test.Auto.ExportPhysioDataControlTest"
                name="ExportPhysioDataControlHandlesPatientNull"
                time="0.0559722"/>
      <testcase classname="Philips.PMP.Test.Auto.Hl7HelperTest"
                name="Hl7HelperAdjustAlarmCodeAndAddPartition (40,40,196648) row 1"
                time="0.0009372"/>
      <testcase classname="Philips.PMP.Test.Auto.Hl7HelperTest"
                name="Hl7HelperAdjustAlarmCodeAndAddPartition (6679,6678,203286) row 2"
                time="0.0058936"/>
      <testcase classname="Philips.PMP.Test.Auto.BedsimAperiodicTimestampConverterTest"
                name="ConvertTest (0,0,0,0,0,0,0,0,0,0,0,0,2019,10,1,23,45,59,2021,4,29,10,27,5,2021,4,29,10,27,5,False) row 1"
                time="0.0048171"/>
      <testcase classname="Philips.PMP.Test.Auto.BedsimAperiodicTimestampConverterTest"
                name="ConvertTest (2019,10,1,23,45,59,2021,4,29,9,29,3,2019,10,1,23,45,59,2021,4,29,10,27,5,2021,4,29,9,29,3,True) row 2"
                time="0.0022287"/>
      <testcase classname="Philips.PMP.Test.Auto.BedsimAperiodicTimestampConverterTest"
                name="ConvertTest (2017,2,12,9,3,14,2021,4,29,9,29,3,2019,10,1,23,45,59,2021,4,29,10,27,5,2021,4,29,10,27,5,True) row 3"
                time="0.0016474"/>
      <testcase classname="Philips.PMP.Test.Auto.BedsimAperiodicTimestampConverterTest"
                name="ConvertTest (2019,10,2,23,45,59,2021,4,29,9,29,3,2019,10,2,23,45,59,2021,4,29,10,27,5,2021,4,29,9,29,3,True) row 4"
                time="0.0102726"/>
      <testcase classname="Philips.PMP.Test.Auto.PpisMgrTest"
                name="PpisMgrCreateHisConflictTest"
                time="0.5670216"/>
      <testcase classname="Philips.PMP.Test.Auto.PhysioUploadProviderTest"
                name="DeviceValueCountStoretwice"
                time="0.0276736"/>
      <testcase classname="Philips.CareEvent.Test.MobileDeviceProviderTests"
                name="UnassignUserShouldDeleteCorrectUserWhenMultiple"
                time="0.0334593"/>
      <testcase classname="Philips.PMP.Test.Auto.TopologyProviderTest"
                name="GetMyInstitutionById"
                time="0.2493923"/>
      <testcase classname="Philips.PMP.Test.Auto.AnnotationControlTest"
                name="AddRelabelItemTest"
                time="0.07205"/>
      <testcase classname="Philips.PIC.DeviceUserManagement.Test.DeviceUserManagementServiceTest"
                name="DeviceUserManagementServiceStart"
                time="0.43507"/>
      <testcase classname="Philips.PMP.Test.Auto.TimeWaveProviderTest"
                name="TimeWaveOneStOneQt"
                time="0.0463155"/>
      <testcase classname="Philips.PMP.Test.Auto.PhysioDataDisplayHelperTest"
                name="PhysioDataDisplayHelperGetEnumerationValueStringFromTextIdAndIdx (enum_obj_id_idx_chosen,4042322160,3,3) row 1"
                time="0.0008067"/>
      <testcase classname="Philips.PMP.Test.Auto.PhysioDataDisplayHelperTest"
                name="PhysioDataDisplayHelperGetEnumerationValueStringFromTextIdAndIdx (enum_text_id_idx_chosen,194954,3,EWS) row 2"
                time="0.0003879"/>
      <testcase classname="Philips.PMP.Test.Auto.IHEDriverConnectionSettingControlTest"
                name="ConnectionSettingControlOnLoadBrokerEnabledTest (True) row 1"
                time="0.0232957"/>
      <testcase classname="Philips.PMP.Test.Auto.IHEDriverConnectionSettingControlTest"
                name="ConnectionSettingControlOnLoadBrokerEnabledTest (False) row 2"
                time="0.0170249"/>
      <testcase classname="Philips.PMP.Test.Auto.SqlServerOffloadQualifierTest"
                name="SurveillenceNotOffloaded"
                time="0.0020044"/>
      <testcase classname="Philips.PMP.LicenseService.Test.LicenseHostValidatorTest"
                name="LicenseValidatorValidatePhysioCountNoPhysioDbNoPatientConnections"
                time="0.0016322"/>
      <testcase classname="Philips.PIC.CertificateRenewal.Test.CertificateRenewalHelperTest"
                name="CertificateRenewalHelperCanGetKeyFactory (True,Philips.iX.Certificates.EccNist256KeyFactory) row 1"
                time="0.0727341"/>
      <testcase classname="Philips.PIC.CertificateRenewal.Test.CertificateRenewalHelperTest"
                name="CertificateRenewalHelperCanGetKeyFactory (False,Philips.iX.Certificates.RsaKeyFactory) row 2"
                time="0.0413191"/>
      <testcase classname="Philips.PMP.Test.Auto.TopologyHelperTest"
                name="TopologyHelperGetUnitToAcqHostsTestForSurveillance2"
                time="0.0064774"/>
      <testcase classname="Philips.PMP.Test.Auto.OutboundAdtMgrTest"
                name="OutboundAdtMgrCanStartMultipleTimes"
                time="0.1818211"/>
      <testcase classname="Philips.PMP.Test.Auto.RecordingProviderTest"
                name="UnitRecorderTopologyTest"
                time="0.3370301"/>
      <testcase classname="Philips.PMP.Test.Auto.ApmCollectorServiceTest"
                name="ApmCollectorServiceWillResendExternalInterfaceConfigurations"
                time="0.0028982"/>
      <testcase classname="Philips.PMP.Test.Auto.DeviceProviderTest"
                name="GetDeviceStatusTest"
                time="0.2599827"/>
      <testcase classname="Philips.PMP.Test.Auto.SystemPerformanceTest"
                name="CloneProfileSettingsConfigA"
                time="0.78553"/>
      <testcase classname="Philips.PMP.LicenseService.Test.UnitLicenseValidatorTest"
                name="ValidateNoProductsSelected"
                time="0.0011416"/>
      <testcase classname="Philips.PMP.Test.Auto.PatientServiceHelperTest"
                name="PatientServiceHelperSamePatientMergeTest"
                time="0.0069331"/>
      <testcase classname="Philips.PMP.Test.Auto.DataRelayServiceTest"
                name="DataRelayServiceOpenUri (True) row 1"
                time="0.078558"/>
      <testcase classname="Philips.PMP.Test.Auto.DataRelayServiceTest"
                name="DataRelayServiceOpenUri (False) row 2"
                time="0.003843"/>
      <testcase classname="Philips.PMP.Test.Auto.DbExecutionServiceTest"
                name="RestartOnCertificateChangeEvent (True,1) row 1"
                time="0.657028"/>
      <testcase classname="Philips.PMP.Test.Auto.DbExecutionServiceTest"
                name="RestartOnCertificateChangeEvent (False,0) row 2"
                time="0.0142577"/>
      <testcase classname="Philips.iX.InboundFhirService.Test.InboundFhirServiceTest"
                name="StartStopServiceSubscriptionTest (False) row 1"
                time="2.0822523"/>
      <testcase classname="Philips.iX.InboundFhirService.Test.InboundFhirServiceTest"
                name="StartStopServiceSubscriptionTest (True) row 2"
                time="1.1986407"/>
      <testcase classname="Philips.PMP.Test.Auto.WebBrowserHelperTest"
                name="WillReturnUriTest"
                time="0.027883"/>
      <testcase classname="Philips.PMP.Test.Auto.DbArchiveMgrTablePropertyTest"
                name="ShouldRestoreTest (Philips.PIC.Primary,_Control.Control_,False,False) row 1"
                time="0.0134558"/>
      <testcase classname="Philips.PMP.Test.Auto.DbArchiveMgrTablePropertyTest"
                name="ShouldRestoreTest (Philips.PIC.Primary,_Control.Control_,True,True) row 2"
                time="0.0124691"/>
      <testcase classname="Philips.PMP.Test.Auto.DbArchiveMgrTablePropertyTest"
                name="ShouldRestoreTest (Philips.PIC.Primary,_Control.ValueSetting_,False,True) row 3"
                time="0.0043552"/>
      <testcase classname="Philips.PMP.Test.Auto.DbArchiveMgrTablePropertyTest"
                name="ShouldRestoreTest (Philips.PIC.Primary,_Control.ValueSetting_,True,True) row 4"
                time="0.005452"/>
      <testcase classname="Philips.PMP.Test.Auto.DbArchiveMgrTablePropertyTest"
                name="ShouldRestoreTest (Philips.PIC.Ringtone,_EventMgmt.Ringtone_,False,True) row 5"
                time="0.0030877"/>
      <testcase classname="Philips.PMP.Test.Auto.EventWorkflowServiceMgrTest"
                name="EventWorkflowServiceMgrCanCreateWithNoZone"
                time="0.154936"/>
      <testcase classname="Philips.PMP.Test.Auto.DbAvailabilityTest"
                name="RestartAllProcessesWillNotHappenIfLicenseIsSurveillance"
                time="0.0011868"/>
      <testcase classname="Philips.PMP.Test.Auto.WatchdogHelperTest"
                name="ProcessCommandsOnlyLowPriority"
                time="0.0012522"/>
      <testcase classname="Philips.PMP.Test.Auto.EventNotificationControlTest"
                name="CheckPemittedUnitsForEventNotificationControl (True) row 1"
                time="0.1366614"/>
      <testcase classname="Philips.PMP.Test.Auto.EventNotificationControlTest"
                name="CheckPemittedUnitsForEventNotificationControl (False) row 2"
                time="0.112802"/>
      <testcase classname="Philips.PIC.DeviceUserManagement.Test.DeviceUserManagementServiceTest"
                name="DeviceUserManagementServiceRestart"
                time="0.0040678"/>
      <testcase classname="Philips.PIC.RfidReader.Test.PcProxReaderWrapperTest"
                name="PcProxReaderWrapperInitializeDeviceConfigurationFailureTest (True,False,False) row 1"
                time="0.0057395"/>
      <testcase classname="Philips.PIC.RfidReader.Test.PcProxReaderWrapperTest"
                name="PcProxReaderWrapperInitializeDeviceConfigurationFailureTest (False,True,False) row 2"
                time="0.0035588"/>
      <testcase classname="Philips.PIC.RfidReader.Test.PcProxReaderWrapperTest"
                name="PcProxReaderWrapperInitializeDeviceConfigurationFailureTest (False,False,True) row 3"
                time="0.0061149"/>
      <testcase classname="Philips.PMP.Test.Auto.ConnectToServerInstallMgrTest"
                name="ThisHostPrimaryAlreadyConfiguredTest"
                time="0.1488894"/>
      <testcase classname="Philips.PMP.Test.Auto.DbMigrationMgrTest"
                name="DbMigrationValidateMigrationFolerFiles"
                time="0.0022047"/>
      <testcase classname="Philips.PMP.Test.Auto.ScheduleTest"
                name="ScheduleLongIntervalPeriodic"
                time="0.000906"/>
      <testcase classname="Philips.PMP.Test.Auto.PdsManagedGatewayTest"
                name="BaselineShouldIgnoreUnsetNumericValues"
                time="0.0148312"/>
      <testcase classname="Philips.PMP.Test.Auto.DataBackIntegrationTest"
                name="DataBackIntegrationRemoveBedTest"
                time="0.0009147"/>
      <testcase classname="Philips.PMP.Test.Auto.PatientIdHelperTest"
                name="ShouldEnableNurseAssignment (True,True,True) row 1"
                time="0.0035747"/>
      <testcase classname="Philips.PMP.Test.Auto.PatientIdHelperTest"
                name="ShouldEnableNurseAssignment (True,False,False) row 2"
                time="0.0017573"/>
      <testcase classname="Philips.PMP.Test.Auto.PatientIdHelperTest"
                name="ShouldEnableNurseAssignment (False,True,False) row 3"
                time="0.0016677"/>
      <testcase classname="Philips.PMP.Test.Auto.PatientIdHelperTest"
                name="ShouldEnableNurseAssignment (False,False,False) row 4"
                time="0.001686"/>
      <testcase classname="Philips.PMP.Test.Auto.DbEngineTest"
                name="TransactionCommitInnerRollbackOuter"
                time="0.0327821"/>
      <testcase classname="Philips.PMP.Test.Auto.WorkflowMgrTest"
                name="ShortCircuitWorkflowTest"
                time="0.0011361"/>
      <testcase classname="Philips.PMP.Test.Auto.ActiveDirectoryConfiguratorTest"
                name="ActiveDirectoryConfigurator (True) row 1"
                time="0.0025469"/>
      <testcase classname="Philips.PMP.Test.Auto.ActiveDirectoryConfiguratorTest"
                name="ActiveDirectoryConfigurator (False) row 2"
                time="0.0009893"/>
      <testcase classname="Philips.PMP.Test.Auto.WatchdogTest"
                name="WatchdogProcessComponentReportsBeforeFailureDetection"
                time="0.0303131"/>
      <testcase classname="Philips.PMP.Test.Auto.ClinicalAuditHelperTest"
                name="PopulateInstitutionsTest"
                time="0.2709924"/>
      <testcase classname="Philips.PMP.Test.Auto.PatientPerDeviceHandlerTest"
                name="PatientPerDeviceHandlerStop"
                time="0.0012206"/>
      <testcase classname="Philips.PMP.Test.Auto.AcpmpQualifierTest"
                name="AcpmpQualifierSystem (Success,Success,Success) row 1"
                time="0.0756265"/>
      <testcase classname="Philips.PMP.Test.Auto.AcpmpQualifierTest"
                name="AcpmpQualifierSystem (Failure,Success,Failure) row 2"
                time="0.0195848"/>
      <testcase classname="Philips.PMP.Test.Auto.AcpmpQualifierTest"
                name="AcpmpQualifierSystem (Success,Failure,Failure) row 3"
                time="0.0082972"/>
      <testcase classname="Philips.PMP.Test.Auto.AcpmpQualifierTest"
                name="AcpmpQualifierSystem (Failure,Failure,Failure) row 4"
                time="0.0122544"/>
      <testcase classname="Philips.PMP.Test.Auto.PatientIdentityConverterTest"
                name="PatientIdentityConverterReturnsNullIfPassedNull"
                time="0.0007173"/>
      <testcase classname="Philips.PMP.Test.Auto.PhysioDataStorageServiceTest"
                name="PhysioDataMaintenanceTest (False,False,0) row 1"
                time="0.4212158"/>
      <testcase classname="Philips.PMP.Test.Auto.PhysioDataStorageServiceTest"
                name="PhysioDataMaintenanceTest (True,False,0) row 2"
                time="0.0456075"/>
      <testcase classname="Philips.PMP.Test.Auto.PhysioDataStorageServiceTest"
                name="PhysioDataMaintenanceTest (True,True,1) row 3"
                time="0.0566176"/>
      <testcase classname="Philips.CareEvent.Test.ReportServicesQualifierTest"
                name="ReportingServicesQualifierTest (True,False,False,Failure) row 1"
                time="0.1115269"/>
      <testcase classname="Philips.CareEvent.Test.ReportServicesQualifierTest"
                name="ReportingServicesQualifierTest (False,True,False,Failure) row 2"
                time="0.0021879"/>
      <testcase classname="Philips.CareEvent.Test.ReportServicesQualifierTest"
                name="ReportingServicesQualifierTest (False,False,False,Success) row 3"
                time="0.0045007"/>
      <testcase classname="Philips.CareEvent.Test.ReportServicesQualifierTest"
                name="ReportingServicesQualifierTest (True,True,True,Failure) row 4"
                time="0.0268649"/>
      <testcase classname="Philips.CareEvent.Test.ReportServicesQualifierTest"
                name="ReportingServicesQualifierTest (False,False,True,Success) row 5"
                time="0.0042919"/>
      <testcase classname="Philips.PMP.Test.Auto.Ecg12leadXmlHelperTest"
                name="Ecg12LeadRepBeatXmlConversionTest (Philips.PMP.InfoObjects.RepBeat) row 1"
                time="0.0102209"/>
      <testcase classname="Philips.PMP.Test.Auto.Ecg12leadXmlHelperTest"
                name="Ecg12LeadRepBeatXmlConversionTest (Philips.PMP.InfoObjects.RepBeat) row 2"
                time="0.0005332"/>
      <testcase classname="Philips.PMP.Test.Auto.DisplayControllerTest"
                name="OnDisplaySettingChangedTest"
                time="0.0245385"/>
      <testcase classname="Philips.PMP.Test.Auto.ProtocolWatchConversionsTest"
                name="ProtocolWatchRetrieveScoreLabelFromClinicalNotification"
                time="0.0009349"/>
      <testcase classname="Philips.PMP.Test.Auto.UnassignedDeviceMgrTest"
                name="UnassignedDeviceGetDeviceMergeInfoTest"
                time="0.0042699"/>
      <testcase classname="Philips.PMP.Test.Auto.TeleProfileHelperTest"
                name="GetProfileDescriptionTest"
                time="0.0023095"/>
      <testcase classname="Philips.PIC.WebBridge.Test.StripDataControllerTest"
                name="WillPostNotableIntervalTest (False) row 1"
                time="0.0042118"/>
      <testcase classname="Philips.PIC.WebBridge.Test.StripDataControllerTest"
                name="WillPostNotableIntervalTest (True) row 2"
                time="0.0018861"/>
      <testcase classname="Philips.PMP.Test.Auto.MobileRequestValidatorTest"
                name="MobileNumericControlRequestNoAssociatedUserFailedResponseTest"
                time="0.021391"/>
      <testcase classname="Philips.PMP.Test.Auto.NumericValueHelperTest"
                name="GetArrayStatisticsTest"
                time="0.0025043"/>
      <testcase classname="Philips.PMP.Test.Auto.ProtocolWatchTest"
                name="ProtocolWatchInvokeControl (System.String[],False,System.String[],True,True,False) row 1"
                time="0.0047542"/>
      <testcase classname="Philips.PMP.Test.Auto.ProtocolWatchTest"
                name="ProtocolWatchInvokeControl (System.String[],False,System.String[],True,True,True) row 2"
                time="0.0038253"/>
      <testcase classname="Philips.PMP.Test.Auto.ProtocolWatchTest"
                name="ProtocolWatchInvokeControl (System.String[],False,System.String[],False,False,False) row 3"
                time="0.0020889"/>
      <testcase classname="Philips.PMP.Test.Auto.ProtocolWatchTest"
                name="ProtocolWatchInvokeControl (System.String[],False,System.String[],True,True,True) row 4"
                time="0.0037317"/>
      <testcase classname="Philips.PMP.Test.Auto.ProtocolWatchTest"
                name="ProtocolWatchInvokeControl (System.String[],True,System.String[],True,True,False) row 5"
                time="0.0021631"/>
      <testcase classname="Philips.PMP.Test.Auto.PhysioDataOptimizerTest"
                name="PhysioDataOptimizerAlwaysSendsStaticContextFirst"
                time="0.0178676"/>
      <testcase classname="Philips.PMP.Test.Auto.PhysioDataMgrTest"
                name="GetSpotCheckValidationCallsDuplexMgr"
                time="0.0040418"/>
      <testcase classname="Philips.PMP.Test.Auto.LocalizationTests"
                name="CultureCacheTest"
                time="0.0098456"/>
      <testcase classname="Philips.CareEvent.Test.ServerConfigurationFormTest"
                name="ValidateConnect (192.168.0.1,False) row 1"
                time="0.0108803"/>
      <testcase classname="Philips.CareEvent.Test.ServerConfigurationFormTest"
                name="ValidateConnect (,False) row 2"
                time="0.0086635"/>
      <testcase classname="Philips.CareEvent.Test.ServerConfigurationFormTest"
                name="ValidateConnect (,False) row 3"
                time="0.008581"/>
      <testcase classname="Philips.PMP.Test.Auto.PatientFieldsValidatorTest"
                name="PatientFieldsValidatorValidateBmiHeightAndWeightOptional"
                time="0.0011195"/>
      <testcase classname="Philips.PMP.Test.Auto.Hl7TcpClientConnectionTest"
                name="Hl7TcpClientConnectionConnected"
                time="0.0505659"/>
      <testcase classname="Philips.PMP.Test.Auto.DbInstallMgrTest"
                name="NonPdxDatabasesShouldNotHaveAutoCreateStatisticsIncrementalEnabled"
                time="0.2158389"/>
      <testcase classname="Philips.PMP.Test.Auto.DataTileHelperTest"
                name="DataTileHelperCalculateTickDistanceTest"
                time="0.0076565"/>
      <testcase classname="Philips.PMP.Test.Auto.WaveStripExportTest"
                name="ValidateExportSettingsTest"
                time="0.0330119"/>
      <testcase classname="Philips.PMP.Test.Auto.PhysioDataComparisonTest"
                name="EcgMetricPresentationDifferentTest"
                time="0.0006131"/>
      <testcase classname="Philips.PMP.Test.Auto.PatientWorkflowControlTest"
                name="UpdateControlsShouldHandleNotificationSettings (2,) row 1"
                time="0.0179643"/>
      <testcase classname="Philips.PMP.Test.Auto.PatientWorkflowControlTest"
                name="UpdateControlsShouldHandleNotificationSettings (3,ABCDEFU) row 2"
                time="0.0215284"/>
      <testcase classname="Philips.PMP.Test.Auto.SslAuthenticatorTest"
                name="SslTrustedCertAuthenticator"
                time="0.029051"/>
      <testcase classname="Philips.PMP.Test.Auto.SoftwareUpdateHelperTest"
                name="PrepareForUpdateNoExecutableInUpdates"
                time="0.0042042"/>
      <testcase classname="Philips.PMP.Test.Auto.DbConnectionMgrTest"
                name="DbConnectionMgrCanGetSqlConnection (False,hostname,InstanceName,hostname) row 1"
                time="0.0339316"/>
      <testcase classname="Philips.PMP.Test.Auto.DbConnectionMgrTest"
                name="DbConnectionMgrCanGetSqlConnection (False,,InstanceName,ServerName) row 2"
                time="0.0029441"/>
      <testcase classname="Philips.PMP.Test.Auto.DbConnectionMgrTest"
                name="DbConnectionMgrCanGetSqlConnection (True,hostname,OffloadedInstanceName,hostname) row 3"
                time="0.0020119"/>
      <testcase classname="Philips.PMP.Test.Auto.DbConnectionMgrTest"
                name="DbConnectionMgrCanGetSqlConnection (True,,OffloadedInstanceName,OffloadedServerName) row 4"
                time="0.0020678"/>
      <testcase classname="Philips.PMP.Test.Auto.MobileApiKeyJsonConverterTest"
                name="DeserializeSuccessfullyWithMissingAttributeInAPIKeyFromMobile"
                time="0.00885"/>
      <testcase classname="Philips.PMP.Test.Auto.EntityLicenseExtensionsTest"
                name="EntityLicenseExtensionsIsConfigurationDatabaseServer"
                time="0.0029079"/>
      <testcase classname="Philips.PMP.Test.Auto.SslAuthenticatorTest"
                name="SslAuthenticatorServer"
                time="0.2382928"/>
      <testcase classname="Philips.CareEvent.Test.RingtoneMetadataTest"
                name="RingtoneMetadataShouldParseHighBitRate (HighBitrate,True) row 1"
                time="0.0030081"/>
      <testcase classname="Philips.CareEvent.Test.RingtoneMetadataTest"
                name="RingtoneMetadataShouldParseHighBitRate (NormalFile,False) row 2"
                time="0.0007042"/>
      <testcase classname="Philips.CareEvent.Test.CareTouchCommunicatorTests"
                name="ProcessSettingsRequest (Global,0) row 1"
                time="0.022018"/>
      <testcase classname="Philips.CareEvent.Test.CareTouchCommunicatorTests"
                name="ProcessSettingsRequest (DeviceSettings,5) row 2"
                time="0.0108027"/>
      <testcase classname="Philips.CareEvent.Test.CareTouchCommunicatorTests"
                name="ProcessSettingsRequest (UpdateSettings,5) row 3"
                time="0.0072236"/>
      <testcase classname="Philips.PMP.Test.Auto.LocalizedResourcesTest"
                name="AssemblyResourceFileValidation (Philips.Platform.StringList,Philips.Platform.StringHashSet) row 1"
                time="0.1331845"/>
      <testcase classname="Philips.IX.UserManagement.Test.UserAuthenticatorsTest"
                name="UserAuthenticatorActiveDirectoryPasswordFail3Test"
                time="0.0043266"/>
      <testcase classname="Philips.PMP.Test.Auto.MasterHostSelectionSubscriberTest"
                name="MasterHostSelectionSubscriberSendsMastershipStatusWhenNeeded (True,True,True) row 1"
                time="0.0033456"/>
      <testcase classname="Philips.PMP.Test.Auto.MasterHostSelectionSubscriberTest"
                name="MasterHostSelectionSubscriberSendsMastershipStatusWhenNeeded (True,True,False) row 2"
                time="0.0025655"/>
      <testcase classname="Philips.PMP.Test.Auto.MasterHostSelectionSubscriberTest"
                name="MasterHostSelectionSubscriberSendsMastershipStatusWhenNeeded (True,False,True) row 3"
                time="0.002269"/>
      <testcase classname="Philips.PMP.Test.Auto.MasterHostSelectionSubscriberTest"
                name="MasterHostSelectionSubscriberSendsMastershipStatusWhenNeeded (True,False,False) row 4"
                time="0.0021276"/>
      <testcase classname="Philips.PMP.Test.Auto.MasterHostSelectionSubscriberTest"
                name="MasterHostSelectionSubscriberSendsMastershipStatusWhenNeeded (False,True,True) row 5"
                time="0.002014"/>
      <testcase classname="Philips.PMP.Test.Auto.MasterHostSelectionSubscriberTest"
                name="MasterHostSelectionSubscriberSendsMastershipStatusWhenNeeded (False,True,False) row 6"
                time="0.0024993"/>
      <testcase classname="Philips.PMP.Test.Auto.MasterHostSelectionSubscriberTest"
                name="MasterHostSelectionSubscriberSendsMastershipStatusWhenNeeded (False,False,True) row 7"
                time="0.0009221"/>
      <testcase classname="Philips.PMP.Test.Auto.MasterHostSelectionSubscriberTest"
                name="MasterHostSelectionSubscriberSendsMastershipStatusWhenNeeded (False,False,False) row 8"
                time="0.0007879"/>
      <testcase classname="Philips.PMP.Test.Auto.DbEngineTest"
                name="TransactionTestAppTransOkOuterOkInnerOk"
                time="0.0131318"/>
      <testcase classname="Philips.PMP.Test.Auto.EfficiaControlMgrTest"
                name="EfficiaControlMgrMonitorOfflineTest"
                time="0.0044374"/>
      <testcase classname="Philips.PMP.Test.Auto.LanServerToIheGatewayConverterTest"
                name="ConvertNonIheLanServerToIheConfigurationTest (True,True) row 1"
                time="0.0016726"/>
      <testcase classname="Philips.PMP.Test.Auto.LanServerToIheGatewayConverterTest"
                name="ConvertNonIheLanServerToIheConfigurationTest (False,False) row 2"
                time="0.0013336"/>
      <testcase classname="Philips.PIC.WebBridge.Test.InstitutionsControllerTest"
                name="InstitutionsControllerWillGetInstitutionForBedTest"
                time="0.0016318"/>
      <testcase classname="Philips.PMP.Test.Auto.DbOffloadProviderTest"
                name="RemoteSqlGetTest"
                time="0.2395303"/>
      <testcase classname="Philips.PMP.Test.Auto.DeepCopyTest"
                name="DeepCopyAlertTest"
                time="0.0015849"/>
      <testcase classname="Philips.PMP.Test.Auto.BedAssignmentProviderTest"
                name="GetUnitBedAssignmentCountTest"
                time="0.2518163"/>
      <testcase classname="Philips.PMP.Test.Auto.Hl7OruEncoderTest"
                name="CanIheParameterBeCategorizedTest"
                time="0.0010535"/>
      <testcase classname="Philips.PMP.Test.Auto.StitchTest"
                name="StitchReceivedDvcLogicOneEmptyInputTest"
                time="0.0049643"/>
      <testcase classname="Philips.PMP.Test.Auto.W32TimeServiceAdapterTest"
                name="EnabledActiveDirectoryPasses"
                time="0.0009788"/>
      <testcase classname="Philips.PMP.Test.Auto.LinkedListTest"
                name="LinkedListCanAppendToTail"
                time="0.0005508"/>
      <testcase classname="Philips.PMP.Test.Auto.Hl7AlertfilterServiceSubscriberMgrTest"
                name="StopSubscribingToAlertFilterServiceTest"
                time="0.0011334"/>
      <testcase classname="Philips.PMP.Test.Auto.ApplicationNavigationControlTest"
                name="ApplicationNavigationOnSizeChanged (0,0,False,False) row 1"
                time="0.0118774"/>
      <testcase classname="Philips.PMP.Test.Auto.ApplicationNavigationControlTest"
                name="ApplicationNavigationOnSizeChanged (2,1,False,False) row 2"
                time="0.013629"/>
      <testcase classname="Philips.PMP.Test.Auto.ApplicationNavigationControlTest"
                name="ApplicationNavigationOnSizeChanged (2,1,False,True) row 3"
                time="0.0201612"/>
      <testcase classname="Philips.PMP.Test.Auto.ApplicationNavigationControlTest"
                name="ApplicationNavigationOnSizeChanged (2,1,True,False) row 4"
                time="0.0142908"/>
      <testcase classname="Philips.PMP.Test.Auto.ApplicationNavigationControlTest"
                name="ApplicationNavigationOnSizeChanged (7,4,False,False) row 5"
                time="0.0221097"/>
      <testcase classname="Philips.PMP.Test.Auto.ApplicationNavigationControlTest"
                name="ApplicationNavigationOnSizeChanged (7,4,False,True) row 6"
                time="0.022701"/>
      <testcase classname="Philips.PMP.Test.Auto.ApplicationNavigationControlTest"
                name="ApplicationNavigationOnSizeChanged (7,4,True,False) row 7"
                time="0.0224394"/>
      <testcase classname="Philips.PMP.Test.Auto.TopologyProviderTest"
                name="GetInstitutionNameTest"
                time="0.2426427"/>
      <testcase classname="Philips.PMP.Test.Auto.PhysioDataUpdateTimerTest"
                name="PhysioDataTimeUpdateTimerStartStop"
                time="0.0583211"/>
      <testcase classname="Philips.CareEvent.Test.EventBridgeTests"
                name="StandardMessageStatusTest"
                time="0.0370425"/>
      <testcase classname="Philips.PMP.Test.Auto.SystemStatusMessageHandlerTest"
                name="ReportStatusMessageIsOnlyCalledOnce"
                time="0.0010262"/>
      <testcase classname="Philips.PMP.Test.Auto.PatientIdTest"
                name="PatientIdentityConvertEncounterIdTest (AccountNumber,True,AccountNumber,True) row 1"
                time="0.0020541"/>
      <testcase classname="Philips.PMP.Test.Auto.PatientIdTest"
                name="PatientIdentityConvertEncounterIdTest (VisitNumber,True,AccountNumber,False) row 2"
                time="0.0189471"/>
      <testcase classname="Philips.PMP.Test.Auto.PatientIdTest"
                name="PatientIdentityConvertEncounterIdTest (AccountNumber,True,VisitNumber,False) row 3"
                time="0.0006788"/>
      <testcase classname="Philips.PMP.Test.Auto.PatientIdTest"
                name="PatientIdentityConvertEncounterIdTest (VisitNumber,True,VisitNumber,True) row 4"
                time="0.0003182"/>
      <testcase classname="Philips.PMP.Test.Auto.PatientIdTest"
                name="PatientIdentityConvertEncounterIdTest (AccountNumber,False,AccountNumber,False) row 5"
                time="0.0003231"/>
      <testcase classname="Philips.PMP.Test.Auto.PatientIdTest"
                name="PatientIdentityConvertEncounterIdTest (VisitNumber,False,AccountNumber,False) row 6"
                time="0.000326"/>
      <testcase classname="Philips.PIC.SharedAssignment.Test.SharedAssignmentServiceTest"
                name="ServiceManualSyncShouldMakeMgrCall"
                time="0.0121184"/>
      <testcase classname="Philips.PMP.Test.Auto.Hl7OruEncoderTest"
                name="Hl7OruEncoderReferenceRangeTest (False,False,) row 1"
                time="0.0007357"/>
      <testcase classname="Philips.PMP.Test.Auto.Hl7OruEncoderTest"
                name="Hl7OruEncoderReferenceRangeTest (True,False,) row 2"
                time="0.0004381"/>
      <testcase classname="Philips.PMP.Test.Auto.Hl7OruEncoderTest"
                name="Hl7OruEncoderReferenceRangeTest (True,True,50-120) row 3"
                time="0.0008939"/>
      <testcase classname="Philips.PIC.CertificateRenewal.Test.CertificateRenewalHelperTest"
                name="CertificateRenewalHelperCanGetScepServer (True,True) row 1"
                time="1.4921637"/>
      <testcase classname="Philips.PIC.CertificateRenewal.Test.CertificateRenewalHelperTest"
                name="CertificateRenewalHelperCanGetScepServer (True,False) row 2"
                time="0.0059993"/>
      <testcase classname="Philips.PIC.CertificateRenewal.Test.CertificateRenewalHelperTest"
                name="CertificateRenewalHelperCanGetScepServer (False,True) row 3"
                time="0.0026663"/>
      <testcase classname="Philips.PIC.CertificateRenewal.Test.CertificateRenewalHelperTest"
                name="CertificateRenewalHelperCanGetScepServer (False,False) row 4"
                time="0.0023722"/>
      <testcase classname="Philips.PMP.Test.Auto.DataTileHelperTest"
                name="GetCaliperMeasurementStrings"
                time="0.0076469"/>
      <testcase classname="Philips.PMP.Test.Auto.ApcDiscoveryMgrTest"
                name="ApcDiscoveryMgrConvertRaHwRevisionToStringTest"
                time="0.002306"/>
      <testcase classname="Philips.iX.InboundDataBridge.Test.DataQueryTest"
                name="GetLabResultTest"
                time="1.3673053"/>
      <testcase classname="Philips.PMP.Test.Auto.ProtocolSetupProviderTest"
                name="ProfileProtocolTest (False,Off) row 1"
                time="0.455248"/>
      <testcase classname="Philips.PMP.Test.Auto.ProtocolSetupProviderTest"
                name="ProfileProtocolTest (True,MEWS1) row 2"
                time="0.5338497"/>
      <testcase classname="Philips.PMP.Test.Auto.ProtocolSetupProviderTest"
                name="ProfileProtocolTest (True,Off) row 3"
                time="0.50809"/>
      <testcase classname="Philips.PMP.Test.Auto.PhysioDataStorageServiceTest"
                name="TimeMappingLocalStorageQueueTest (False,1) row 1"
                time="0.0118244"/>
      <testcase classname="Philips.PMP.Test.Auto.PhysioDataStorageServiceTest"
                name="TimeMappingLocalStorageQueueTest (True,0) row 2"
                time="0.0046032"/>
      <testcase classname="Philips.PMP.Test.Auto.PatientCensusHandlerTest"
                name="PatientCensusHandlerUnsubscibeTopoEventTest"
                time="0.2861342"/>
      <testcase classname="Philips.PIC.DevTools.Test.PatientTraffickerTest"
                name="PatientTraffickerUpdatesDueTimeBasedOnNumberOfPatients"
                time="0.0018411"/>
      <testcase classname="Philips.PMP.Test.Auto.MySessionTest"
                name="IsUserLoggedOnShould"
                time="0.0011853"/>
      <testcase classname="Philips.PMP.Test.Auto.SpotCheckValidationStorerTest"
                name="StoreListOfSpotCheckValidations"
                time="0.0279681"/>
      <testcase classname="Philips.PMP.Test.Auto.EventNotificationMgrTest"
                name="GetStatusBarBasedOnMaxBedPerDomainWhenMaxBedIsReachedTest"
                time="0.3137332"/>
      <testcase classname="Philips.PIC.SharedAssignment.Test.SharedAssignmentHelperTest"
                name="UserExistanceChecksForUserName (False,True) row 1"
                time="0.0027609"/>
      <testcase classname="Philips.PIC.SharedAssignment.Test.SharedAssignmentHelperTest"
                name="UserExistanceChecksForUserName (True,False) row 2"
                time="0.0018665"/>
      <testcase classname="Philips.CareEvent.Test.EventInitializerTests"
                name="SendEventToEventMonitorAsNotSendWhenProcessingAtEscalationLevel"
                time="0.0734598"/>
      <testcase classname="Philips.PMP.Test.Auto.PatientIdHelperTest"
                name="GetPrimaryIdValueTest"
                time="0.2406459"/>
      <testcase classname="Philips.PMP.Test.Auto.SpotCheckTrendConnectionTest"
                name="SpotCheckTrendConnectionOnRecordsRequested (123,456,System.Byte[],123,456,System.Byte[],1) row 1"
                time="0.0172229"/>
      <testcase classname="Philips.PMP.Test.Auto.SpotCheckTrendConnectionTest"
                name="SpotCheckTrendConnectionOnRecordsRequested (123,456,System.Byte[],823,456,System.Byte[],1) row 2"
                time="0.0099239"/>
      <testcase classname="Philips.PMP.Test.Auto.SpotCheckTrendConnectionTest"
                name="SpotCheckTrendConnectionOnRecordsRequested (123,456,System.Byte[],123,756,System.Byte[],1) row 3"
                time="0.0080791"/>
      <testcase classname="Philips.PMP.Test.Auto.SpotCheckTrendConnectionTest"
                name="SpotCheckTrendConnectionOnRecordsRequested (123,456,System.Byte[],123,456,System.Byte[],0) row 4"
                time="0.0082584"/>
      <testcase classname="Philips.PMP.Test.Auto.DeviceProviderTest"
                name="EquipmentManagementSettingTest"
                time="0.2652554"/>
      <testcase classname="Philips.PMP.Test.Auto.BaxterPrismaxTest"
                name="BaxterPrismaxCheckAlertExistsTest (1614,True) row 1"
                time="0.0005189"/>
      <testcase classname="Philips.PMP.Test.Auto.BaxterPrismaxTest"
                name="BaxterPrismaxCheckAlertExistsTest (0,False) row 2"
                time="0.000384"/>
      <testcase classname="Philips.PMP.Test.Auto.Hl7AdtEncoderTest"
                name="Hl7EncodeMsgCheckforCorrectDobTest (1/1/2010,20100101,True) row 1"
                time="0.0356246"/>
      <testcase classname="Philips.PMP.Test.Auto.Hl7AdtEncoderTest"
                name="Hl7EncodeMsgCheckforCorrectDobTest (12/1/2010,20101201,True) row 2"
                time="0.0165856"/>
      <testcase classname="Philips.PMP.Test.Auto.Hl7AdtEncoderTest"
                name="Hl7EncodeMsgCheckforCorrectDobTest (12/16/2010,20101216,True) row 3"
                time="0.020649"/>
      <testcase classname="Philips.PMP.Test.Auto.Hl7AdtEncoderTest"
                name="Hl7EncodeMsgCheckforCorrectDobTest (1/1/1,PID|||||^^||||,False) row 4"
                time="0.0166154"/>
      <testcase classname="Philips.PMP.Test.Auto.DbEngineTest"
                name="TransactionInnerThrowsOuterCommits"
                time="0.033789"/>
      <testcase classname="Philips.PMP.Test.Auto.ServiceBaseExTest"
                name="ServiceBaseExCanStartServices (True,True,True,True) row 1"
                time="0.1539637"/>
      <testcase classname="Philips.PMP.Test.Auto.ServiceBaseExTest"
                name="ServiceBaseExCanStartServices (True,False,False,False) row 2"
                time="0.0118196"/>
      <testcase classname="Philips.PMP.Test.Auto.ServiceBaseExTest"
                name="ServiceBaseExCanStartServices (False,True,False,False) row 3"
                time="0.0039014"/>
      <testcase classname="Philips.PMP.Test.Auto.ServiceBaseExTest"
                name="ServiceBaseExCanStartServices (False,False,True,False) row 4"
                time="0.0043732"/>
      <testcase classname="Philips.CareEvent.Test.MobileStaffAssignmentMgrTests"
                name="ReplaceLocationAssignmentIfMaxCaregiverIsSetToOne"
                time="0.0524046"/>
      <testcase classname="Philips.RootMain.Test.CertificateInstallMgrTest"
                name="ThisHostWithSubjectAlternateName"
                time="0.0425105"/>
      <testcase classname="Philips.PMP.Test.Auto.ComplexMetricProviderTest"
                name="ComplexMetricProviderMixTwoQuanta"
                time="0.0319706"/>
      <testcase classname="Philips.PMP.Test.Auto.Hl7OruEncoderTest"
                name="ComplexMetricEnumerationMissingAttributesTest"
                time="0.0040483"/>
      <testcase classname="Philips.PMP.LicenseService.Test.LicenseHostValidatorTest"
                name="LicenseValidatorValidatePhysioDeveloperStandaloneNoSurveillance"
                time="0.0013699"/>
      <testcase classname="Philips.IX.UserManagement.Test.UserAuthenticatorsTest"
                name="UserAuthenticatorFactoryTest"
                time="0.0092861"/>
      <testcase classname="Philips.PMP.Test.Auto.RepositoryTest"
                name="DeletedMetricsReturnAperiodicValuesWhenUsingAllAperiodicValuesTest"
                time="0.0062812"/>
      <testcase classname="Philips.PMP.Test.Auto.AlertMgrTest"
                name="AlertMgrAlarmAuditProcessAlertsTest"
                time="0.0226411"/>
      <testcase classname="Philips.PMP.Test.Auto.CiServiceHelperTest"
                name="AlarmReflectionConfigurationBedEqualityTest"
                time="0.0057005"/>
      <testcase classname="Philips.PIC.SharedAssignment.Test.SharedAssignmentMgrTest"
                name="MapSharedAssignmentResourcesShouldFilterOutDuplicateParticipants"
                time="0.0051582"/>
      <testcase classname="Philips.PMP.Test.Auto.AlarmIntegrationMgrTest"
                name="AlarmIntegrationMgrCreateIntegrationDataInopTest (True,True,True,1,0) row 1"
                time="0.0007722"/>
      <testcase classname="Philips.PMP.Test.Auto.AlarmIntegrationMgrTest"
                name="AlarmIntegrationMgrCreateIntegrationDataInopTest (False,False,False,0,0) row 2"
                time="0.0011112"/>
      <testcase classname="Philips.PMP.Test.Auto.AlarmIntegrationMgrTest"
                name="AlarmIntegrationMgrCreateIntegrationDataInopTest (False,True,True,6,4) row 3"
                time="0.0120937"/>
      <testcase classname="Philips.PMP.Test.Auto.AlarmIntegrationMgrTest"
                name="AlarmIntegrationMgrCreateIntegrationDataInopTest (False,False,False,6,2) row 4"
                time="0.0142683"/>
      <testcase classname="Philips.PMP.Test.Auto.AlarmIntegrationMgrTest"
                name="AlarmIntegrationMgrCreateIntegrationDataInopTest (False,True,False,1,2) row 5"
                time="0.0016253"/>
      <testcase classname="Philips.PMP.Test.Auto.AlarmIntegrationMgrTest"
                name="AlarmIntegrationMgrCreateIntegrationDataInopTest (False,False,True,2,3) row 6"
                time="0.0007352"/>
      <testcase classname="Philips.PMP.Test.Auto.PatientFieldsValidatorTest"
                name="PatientFieldsValidatorValidateLifetimeLastNameAndId"
                time="0.0013159"/>
      <testcase classname="Philips.PMP.Test.Auto.PhysioDataStorageServiceTest"
                name="PhysioDataStorageServiceSubscribesWithCorrectCriteriaFlags"
                time="0.1680465"/>
      <testcase classname="Philips.PMP.Test.Auto.TileLayoutPanelTest"
                name="GetReservedNumericIdsTest"
                time="0.0407921"/>
      <testcase classname="Philips.PMP.Test.Auto.PatientDataExportStorageTest"
                name="PdxNumericAttributesWithEarlierTimeAreReturned"
                time="0.0307199"/>
      <testcase classname="Philips.PMP.Test.Auto.WatchedComponentTest"
                name="WatchedComponentFunctionality"
                time="0.0176561"/>
      <testcase classname="Philips.PMP.Test.Auto.RepositoryComplexMetricTest"
                name="RepositoryComplexMetricAreAgedOutAfterBufferLength"
                time="0.0007181"/>
      <testcase classname="Philips.PMP.Test.Auto.InboundAdtPatientConfigQualifierTest"
                name="InboundAdtPatientConfigQualifierMultipleHifFacilityMatch (My HIF Institution,Failure,True) row 1"
                time="0.0013948"/>
      <testcase classname="Philips.PMP.Test.Auto.InboundAdtPatientConfigQualifierTest"
                name="InboundAdtPatientConfigQualifierMultipleHifFacilityMatch (My Institution,Success,True) row 2"
                time="0.0011384"/>
      <testcase classname="Philips.PMP.Test.Auto.InboundAdtPatientConfigQualifierTest"
                name="InboundAdtPatientConfigQualifierMultipleHifFacilityMatch (My Institution,Failure,False) row 3"
                time="0.0010832"/>
      <testcase classname="Philips.PMP.Test.Auto.Ecg12LeadServiceTest"
                name="MergeWaveDataFor250SpsWaves"
                time="0.0062395"/>
      <testcase classname="Philips.PMP.Test.Auto.TimeServiceTest"
                name="TimeServiceSyncAlertsHandleBadTimestamps"
                time="0.0058885"/>
      <testcase classname="Philips.PMP.Test.Auto.NetworkDeviceDiscoveryTest"
                name="NetworkDeviceDiscoveryValidateRemoteSystemTest (True,True,UserCredentialRequired) row 1"
                time="0.0622903"/>
      <testcase classname="Philips.PMP.Test.Auto.NetworkDeviceDiscoveryTest"
                name="NetworkDeviceDiscoveryValidateRemoteSystemTest (True,False,UserCredentialRequired) row 2"
                time="0.0063596"/>
      <testcase classname="Philips.PMP.Test.Auto.NetworkDeviceDiscoveryTest"
                name="NetworkDeviceDiscoveryValidateRemoteSystemTest (False,True,NoError) row 3"
                time="0.0055234"/>
      <testcase classname="Philips.PMP.Test.Auto.NetworkDeviceDiscoveryTest"
                name="NetworkDeviceDiscoveryValidateRemoteSystemTest (False,False,NoWebServerRunning) row 4"
                time="0.00659"/>
      <testcase classname="Philips.PMP.Test.Auto.EditSwitchSettingsControlTest"
                name="EditSwitchSettingsDelete (System.Int32[],None,16,0) row 1"
                time="0.0188448"/>
      <testcase classname="Philips.PMP.Test.Auto.EditSwitchSettingsControlTest"
                name="EditSwitchSettingsDelete (System.Int32[],No,16,1) row 2"
                time="0.0283856"/>
      <testcase classname="Philips.PMP.Test.Auto.EditSwitchSettingsControlTest"
                name="EditSwitchSettingsDelete (System.Int32[],Yes,13,1) row 3"
                time="0.0557577"/>
      <testcase classname="Philips.PMP.Test.Auto.EditSwitchSettingsControlTest"
                name="EditSwitchSettingsDelete (System.Int32[],Yes,0,1) row 4"
                time="0.0463157"/>
      <testcase classname="Philips.PMP.LicenseService.Test.UnitLicenseValidatorTest"
                name="ValidateOnlyOneCareTypeAssigned (0,0,False) row 1"
                time="0.0026435"/>
      <testcase classname="Philips.PMP.LicenseService.Test.UnitLicenseValidatorTest"
                name="ValidateOnlyOneCareTypeAssigned (10,0,True) row 2"
                time="0.0013436"/>
      <testcase classname="Philips.PMP.LicenseService.Test.UnitLicenseValidatorTest"
                name="ValidateOnlyOneCareTypeAssigned (0,10,True) row 3"
                time="0.0013518"/>
      <testcase classname="Philips.PMP.LicenseService.Test.UnitLicenseValidatorTest"
                name="ValidateOnlyOneCareTypeAssigned (10,10,False) row 4"
                time="0.0012777"/>
      <testcase classname="Philips.PMP.Test.Auto.RolePermissionsControlTest"
                name="ViewByPermittedActionsTest"
                time="0.0594964"/>
      <testcase classname="Philips.PMP.Test.Auto.HL7ConnectionPropertyControlTest"
                name="HL7InitializeOutputTypeTest"
                time="0.0270094"/>
      <testcase classname="Philips.PMP.Test.Auto.EcgDerivationMgrTest"
                name="AnalysisAndSpecificWavesWorksTest"
                time="0.0352424"/>
      <testcase classname="Philips.PMP.Test.Auto.SwitchDeviceControlTest"
                name="SwitchDeviceControlCheck (001122334455,Switch1,0,False) row 1"
                time="0.0424799"/>
      <testcase classname="Philips.PMP.Test.Auto.SwitchDeviceControlTest"
                name="SwitchDeviceControlCheck (001122334455,Switch1,1,True) row 2"
                time="0.0366304"/>
      <testcase classname="Philips.PMP.Test.Auto.SwitchDeviceControlTest"
                name="SwitchDeviceControlCheck (112233445566,Switch1,0,True) row 3"
                time="0.0409957"/>
      <testcase classname="Philips.PMP.Test.Auto.SwitchDeviceControlTest"
                name="SwitchDeviceControlCheck (001122334455,Switch2,0,False) row 4"
                time="0.0360274"/>
      <testcase classname="Philips.PMP.Test.Auto.SwitchDeviceControlTest"
                name="SwitchDeviceControlCheck (001122334455,Switch2,1,True) row 5"
                time="0.0571898"/>
      <testcase classname="Philips.PMP.Test.Auto.SwitchDeviceControlTest"
                name="SwitchDeviceControlCheck (,Switch1,0,True) row 6"
                time="0.0410325"/>
      <testcase classname="Philips.PMP.Test.Auto.SwitchDeviceControlTest"
                name="SwitchDeviceControlCheck (,Switch1,1,True) row 7"
                time="0.0365023"/>
      <testcase classname="Philips.PMP.Test.Auto.SwitchDeviceControlTest"
                name="SwitchDeviceControlCheck (001122334455,,0,False) row 8"
                time="0.0418994"/>
      <testcase classname="Philips.PMP.Test.Auto.SwitchDeviceControlTest"
                name="SwitchDeviceControlCheck (001122334455,,1,True) row 9"
                time="0.0417195"/>
      <testcase classname="Philips.PIC.RfidReader.Test.PcProxReaderWrapperTest"
                name="PcProxReaderWrapperInitializeConnectedWithWriteCfgTest"
                time="0.0121464"/>
      <testcase classname="Philips.PMP.Test.Auto.PhysioDataStorageQueuesTest"
                name="QueuesCapacityFlagTrueWhenFull"
                time="0.003346"/>
      <testcase classname="Philips.PMP.LicenseService.Test.UnitLicenseValidatorTest"
                name="ValidateLConfiguredUnitsAreLicensed (,,) row 1"
                time="0.0013922"/>
      <testcase classname="Philips.PMP.LicenseService.Test.UnitLicenseValidatorTest"
                name="ValidateLConfiguredUnitsAreLicensed (Unit 1,Unit 2,Unit 1,) row 2"
                time="0.0020512"/>
      <testcase classname="Philips.PMP.LicenseService.Test.UnitLicenseValidatorTest"
                name="ValidateLConfiguredUnitsAreLicensed (Unit 2,Unit 3,Unit 1,The following units are configured for this feature, but are not licensed:    Unit 1) row 3"
                time="0.0041614"/>
      <testcase classname="Philips.PMP.LicenseService.Test.UnitLicenseValidatorTest"
                name="ValidateLConfiguredUnitsAreLicensed (Unit 3,Unit 1,Unit 2,The following units are configured for this feature, but are not licensed:    Unit 1    Unit 2) row 4"
                time="0.0004089"/>
      <testcase classname="Philips.CareEvent.Test.CareAssignmentOverviewRoleCheckerTest"
                name="IsOverviewRoleAvailableFalseWhenItIsPartOfOtherUnit"
                time="0.0024085"/>
      <testcase classname="Philips.PMP.Test.Auto.Hl7PreviouslySentMessageValuesTest"
                name="Hl7PreviouslySentMessageValuesDetermineDevicesToSendRemovedConfigurationSegmentTest"
                time="0.0017861"/>
      <testcase classname="Philips.IX.UserManagement.Test.UserAuthenticationSessionFactoryTest"
                name="UserManagementActionDataFactoryCreatePasswordLocal"
                time="0.0021051"/>
      <testcase classname="Philips.PMP.Test.Auto.DataBackIntegrationTest"
                name="DataBackIntegrationNoValuesObservedValueBuilderTest"
                time="0.0023334"/>
      <testcase classname="Philips.PMP.Test.Auto.NotificationSettingProviderTest"
                name="GetDefaultNotificationSettingsShouldReturnValues"
                time="0.0053765"/>
      <testcase classname="Philips.CareEvent.Test.MobileRequestMgrTests"
                name="GetNeolookVideoResponseWithMissingBed"
                time="0.0062749"/>
      <testcase classname="Philips.PMP.Test.Auto.SystemSetupMgrTest"
                name="SystemSetupMgrGetPasswordTest (True) row 1"
                time="0.0123905"/>
      <testcase classname="Philips.PMP.Test.Auto.SystemSetupMgrTest"
                name="SystemSetupMgrGetPasswordTest (False) row 2"
                time="0.005337"/>
      <testcase classname="Philips.PMP.Test.Auto.Hl7StoreForwardHandlerTest"
                name="Hl7TryGetNextMessageFromDbTest (True,True,1,True) row 1"
                time="0.0059836"/>
      <testcase classname="Philips.PMP.Test.Auto.Hl7StoreForwardHandlerTest"
                name="Hl7TryGetNextMessageFromDbTest (False,True,1,False) row 2"
                time="0.0025516"/>
      <testcase classname="Philips.PMP.Test.Auto.Hl7StoreForwardHandlerTest"
                name="Hl7TryGetNextMessageFromDbTest (True,False,0,False) row 3"
                time="0.0051348"/>
      <testcase classname="Philips.PMP.Test.Auto.DemoNicQualifierTest"
                name="DemoTestsUseWrongInformation"
                time="0.0006803"/>
      <testcase classname="Philips.PMP.Test.Auto.StarHelperTest"
                name="GetNormalizationValidWaveInvalidUpperLower"
                time="0.0012848"/>
      <testcase classname="Philips.PMP.Test.Auto.WirelessQualifierTest"
                name="WirelessQualiferTest"
                time="0.0061169"/>
      <testcase classname="Philips.PMP.Test.Auto.RepositoryTest"
                name="RealTimeWaveRepositoryDoesNotAgeNullMetrics"
                time="0.1793148"/>
      <testcase classname="Philips.PMP.Test.Auto.EnumerationProviderTest"
                name="EnumerationProviderStoreOne"
                time="0.1566589"/>
      <testcase classname="Philips.PMP.Test.Auto.WaveProviderTest"
                name="WaveDataRuns2"
                time="0.0331"/>
      <testcase classname="Philips.PMP.Test.Auto.IheBodySiteHandlerTest"
                name="IntelliBridgeIHEBodySiteTest (\u000bMSH|^~\&amp;|TrueVueConnect|PRISMAX301@192.168.0.201_3002|RecApp|RecvFacility|20141111213132||ORU^R01^ORU_R01|20141111213132|P|2.5|||AL|AL|&#xD;PID|1||123456|&#xD;PV1|1|R|^^^^^^^^PRISMAX_15|R||||||MED||||9|||||20190712040512^^^LOCAL^^^|&#xD;OBR|1|||37491^Message:Dialysis^LOINC|||20141111204238|||PRISMAX_15||||20141111213132||||||CVVHDF|TREATMENT|&#xD;OBX|8|NM|157784^MDC_FLOW_FLUID_PUMP^MDC|1.1.1.13|1.05|265266^MDC_DIM_MILLI_L_PER_HR^MDC^mL/h^mL/h^UCUM||||||||||||||131329^MDC_ECG_ELEC_POTL_I^MDC~459308^NOM_MUSC_ABDOM^MDIL^^^^^^Abdomen|\u001c&#xD;,257,556) row 1"
                time="0.0243648"/>
      <testcase classname="Philips.PMP.Test.Auto.IheBodySiteHandlerTest"
                name="IntelliBridgeIHEBodySiteTest (\u000bMSH|^~\&amp;|TrueVueConnect|PRISMAX301@192.168.0.201_3002|RecApp|RecvFacility|20141111213132||ORU^R01^ORU_R01|20141111213132|P|2.5|||AL|AL|&#xD;PID|1||123456|&#xD;PV1|1|R|^^^^^^^^PRISMAX_15|R||||||MED||||9|||||20190712040512^^^LOCAL^^^|&#xD;OBR|1|||37491^Message:Dialysis^LOINC|||20141111204238|||PRISMAX_15||||20141111213132||||||CVVHDF|TREATMENT|&#xD;OBX|8|NM|157784^MDC_FLOW_FLUID_PUMP^MDC|1.1.1.13|1.05|265266^MDC_DIM_MILLI_L_PER_HR^MDC^mL/h^mL/h^UCUM|||||||||||||||\u001c&#xD;,0,0) row 2"
                time="0.0018118"/>
      <testcase classname="Philips.PMP.Test.Auto.HL7ProviderTest"
                name="Hl7ValidationRecordProgressStoreAndGetTest"
                time="0.0072727"/>
      <testcase classname="Philips.CareEvent.Test.EventBridgeTests"
                name="CarrierPortVerificationTest"
                time="0.0087446"/>
      <testcase classname="Philips.CareEvent.Test.TapSettingsControlTest"
                name="ValidateAndSaveSettingsTest"
                time="0.0179201"/>
      <testcase classname="Philips.PMP.Test.Auto.WatchdogTest"
                name="WatchdogEngineStartStopBasic"
                time="0.2067831"/>
      <testcase classname="Philips.PMP.Test.Auto.LogonStatusDisplayMgrTest"
                name="LogonStatusDisplayMgrAuthenticateFinishError"
                time="0.0269436"/>
      <testcase classname="Philips.PMP.Test.Auto.UtilitiesServiceMgrTest"
                name="TryGetConfigurationServerShouldGetPath"
                time="0.1298388"/>
      <testcase classname="Philips.PMP.Test.Auto.MobileRemoteControlMgrTest"
                name="GetControlsRequestValidationFailedErrorTest"
                time="0.0616584"/>
      <testcase classname="Philips.PMP.Test.Auto.PatientCensusHandlerTest"
                name="PatientCensusHandlerSubscribeTest (True,False) row 1"
                time="0.2253968"/>
      <testcase classname="Philips.PMP.Test.Auto.PatientCensusHandlerTest"
                name="PatientCensusHandlerSubscribeTest (True,True) row 2"
                time="0.0034921"/>
      <testcase classname="Philips.PIC.RfidReader.Test.PcProxReaderWrapperTest"
                name="PcProxReaderWrapperInitializReadCfgFailedTest"
                time="0.0038889"/>
      <testcase classname="Philips.PMP.Test.Auto.ProtocolImportControlTest"
                name="ProtocolImportContolSaveTest"
                time="0.0486391"/>
      <testcase classname="Philips.PMP.Test.Auto.PhysioDataStorageQueuesTest"
                name="QueuesGetPhysioDataFromFront"
                time="0.0005864"/>
      <testcase classname="Philips.CareEvent.Test.RingtoneMgrTest"
                name="ValidateChangesShouldFailWhenParseFails"
                time="0.0043581"/>
      <testcase classname="Philips.CareEvent.Test.CareAssignmentOverviewRoleCheckerTest"
                name="NumberOfBedAssignments"
                time="0.2618757"/>
      <testcase classname="Philips.PMP.Test.Auto.PatientAdtActionFinderTest"
                name="PatientAdtActionFinderTryGetMatchingPatientsUpdate"
                time="0.0355884"/>
      <testcase classname="Philips.PMP.Test.Auto.ProtocolWatchTest"
                name="ProtocolWatchPatientAssignmentChanged"
                time="0.2097927"/>
      <testcase classname="Philips.PMP.Test.Auto.UnitPermissionsControlTest"
                name="UnitPermissionsControlInitializeTree"
                time="0.0233148"/>
      <testcase classname="Philips.PMP.Test.Auto.WatchdogComponentReportingRecorderTest"
                name="WatchdogComponentReportingRecorderCanHandleRequestForComponentThatIsNotReporting"
                time="0.00129"/>
      <testcase classname="Philips.PMP.Test.Auto.MobilePatientAdmitMgrTest"
                name="InvalidDataReturnMobileAdmitResultCodesAsError (,False,False,False) row 1"
                time="0.0807365"/>
      <testcase classname="Philips.PMP.Test.Auto.MobilePatientAdmitMgrTest"
                name="InvalidDataReturnMobileAdmitResultCodesAsError (6B29FC40-CA47-1067-B31D-00DD010662DA,False,False,False) row 2"
                time="0.0091643"/>
      <testcase classname="Philips.PMP.Test.Auto.MobilePatientAdmitMgrTest"
                name="InvalidDataReturnMobileAdmitResultCodesAsError (6B29FC40-CA47-1067-B31D-00DD010662DA,True,False,False) row 3"
                time="0.0078533"/>
      <testcase classname="Philips.PMP.Test.Auto.MobilePatientAdmitMgrTest"
                name="InvalidDataReturnMobileAdmitResultCodesAsError (6B29FC40-CA47-1067-B31D-00DD010662DA,True,True,False) row 4"
                time="0.0050224"/>
      <testcase classname="Philips.PMP.Test.Auto.MobilePatientAdmitMgrTest"
                name="InvalidDataReturnMobileAdmitResultCodesAsError (6B29FC40-CA47-1067-B31D-00DD010662DA,True,True,True) row 5"
                time="0.0096275"/>
      <testcase classname="Philips.PMP.Test.Auto.EcgIpmFilterTest"
                name="EcgIpmNotch50FilterTest"
                time="0.0013309"/>
      <testcase classname="Philips.PMP.Test.Auto.DbInstallMgrTest"
                name="GetReinstallableDatabasesReturnEventWorkflowDb (True,True) row 1"
                time="0.0100053"/>
      <testcase classname="Philips.PMP.Test.Auto.DbInstallMgrTest"
                name="GetReinstallableDatabasesReturnEventWorkflowDb (False,False) row 2"
                time="0.0030336"/>
      <testcase classname="Philips.PMP.Test.Auto.EventLogsTest"
                name="ApplicationEventLogsAreRetrievable"
                time="0.0135729"/>
      <testcase classname="Philips.PMP.Test.Auto.WaveProviderTest"
                name="WaveProviderQueryEndTimeAtWaveDataStartTimeTest"
                time="0.0389577"/>
      <testcase classname="Philips.PMP.Test.Auto.DeviceSettingsControlTest"
                name="DeviceSettingsControlCopySettings"
                time="0.1150575"/>
      <testcase classname="Philips.CareEvent.Test.EventMonitorFilterTests"
                name="EventMonitorFilterOnEventText"
                time="0.0982971"/>
      <testcase classname="Philips.PMP.Test.Auto.ReportHelperTest"
                name="GetPatientFromHeaderDataTest"
                time="0.3325833"/>
      <testcase classname="Philips.PMP.Test.Auto.DtlsTest"
                name="DtlsHandshakeStateCheckTest"
                time="0.0032459"/>
      <testcase classname="Philips.PMP.Test.Auto.EventLogsTest"
                name="GettingEventLogByNameReturnsCorrectLog"
                time="0.0103893"/>
      <testcase classname="Philips.PMP.Test.Auto.PeripheralConfigurationPageTest"
                name="WindowsDefaultPrinterForCurrentUserShould"
                time="0.0394108"/>
      <testcase classname="Philips.PMP.Test.Auto.PortalTopologySourceDataTest"
                name="GetChildItemsTest"
                time="0.2480369"/>
      <testcase classname="Philips.PMP.Test.Auto.RepositoryNumericTest"
                name="RepositoryNumericShouldAllowDisplay (DelphiHigh15In,True,147842,True,Unavailable,True) row 1"
                time="0.0011696"/>
      <testcase classname="Philips.PMP.Test.Auto.RepositoryNumericTest"
                name="RepositoryNumericShouldAllowDisplay (ExtDevServer,False,147842,True,0,True) row 2"
                time="0.0005267"/>
      <testcase classname="Philips.PMP.Test.Auto.RepositoryNumericTest"
                name="RepositoryNumericShouldAllowDisplay (IbridgeEc40Hub,False,147842,True,0,True) row 3"
                time="0.0004433"/>
      <testcase classname="Philips.PMP.Test.Auto.RepositoryNumericTest"
                name="RepositoryNumericShouldAllowDisplay (IbridgeEc48Hub,False,147842,True,0,True) row 4"
                time="0.0008934"/>
      <testcase classname="Philips.PMP.Test.Auto.RepositoryNumericTest"
                name="RepositoryNumericShouldAllowDisplay (DelphiHigh15In,True,2158686308,True,Unavailable,True) row 5"
                time="0.0006004"/>
      <testcase classname="Philips.PMP.Test.Auto.RepositoryNumericTest"
                name="RepositoryNumericShouldAllowDisplay (ExtDevServer,False,2158686308,True,0,False) row 6"
                time="0.0011652"/>
      <testcase classname="Philips.PMP.Test.Auto.RepositoryNumericTest"
                name="RepositoryNumericShouldAllowDisplay (IbridgeEc40Hub,False,2158686308,True,0,False) row 7"
                time="0.0006208"/>
      <testcase classname="Philips.PMP.Test.Auto.RepositoryNumericTest"
                name="RepositoryNumericShouldAllowDisplay (IbridgeEc48Hub,False,2158686308,True,0,False) row 8"
                time="0.0003847"/>
      <testcase classname="Philips.PMP.Test.Auto.RepositoryNumericTest"
                name="RepositoryNumericShouldAllowDisplay (DelphiHigh15In,True,147842,False,Unavailable,True) row 9"
                time="0.0004134"/>
      <testcase classname="Philips.PMP.Test.Auto.RepositoryNumericTest"
                name="RepositoryNumericShouldAllowDisplay (ExtDevServer,False,147842,False,0,False) row 10"
                time="0.0006524"/>
      <testcase classname="Philips.PMP.Test.Auto.RepositoryNumericTest"
                name="RepositoryNumericShouldAllowDisplay (IbridgeEc40Hub,False,147842,False,0,False) row 11"
                time="0.0008028"/>
      <testcase classname="Philips.PMP.Test.Auto.RepositoryNumericTest"
                name="RepositoryNumericShouldAllowDisplay (IbridgeEc48Hub,False,147842,False,0,False) row 12"
                time="0.0007212"/>
      <testcase classname="Philips.PMP.Test.Auto.RepositoryNumericTest"
                name="RepositoryNumericShouldAllowDisplay (ExtDevServer,False,147842,True,Unavailable,False) row 13"
                time="0.0004057"/>
      <testcase classname="Philips.PMP.Test.Auto.RepositoryNumericTest"
                name="RepositoryNumericShouldAllowDisplay (IbridgeEc40Hub,False,147842,True,Unavailable,False) row 14"
                time="0.0003788"/>
      <testcase classname="Philips.PMP.Test.Auto.RepositoryNumericTest"
                name="RepositoryNumericShouldAllowDisplay (IbridgeEc48Hub,False,147842,True,Unavailable,False) row 15"
                time="0.00036"/>
      <testcase classname="Philips.PMP.Test.Auto.RepositoryNumericTest"
                name="RepositoryNumericShouldAllowDisplay (DelphiHigh15In,True,2158686308,False,Unavailable,True) row 16"
                time="0.0008002"/>
      <testcase classname="Philips.PMP.Test.Auto.WorkflowMgrTest"
                name="ExecuteAllWorkflowTest"
                time="0.0051182"/>
      <testcase classname="Philips.PMP.Test.Auto.SolutionSettingsTest"
                name="DefaultProjectConfigSettingsAreCorrect"
                time="0.0123373"/>
      <testcase classname="Philips.PMP.Test.Auto.LogonFormTest"
                name="LogonControlBypassesPasswordResetForDevelopers (PhilipsBD,**************,False,False,False) row 1"
                time="0.0417313"/>
      <testcase classname="Philips.PMP.Test.Auto.LogonFormTest"
                name="LogonControlBypassesPasswordResetForDevelopers (PhilipsBD,**************,True,False,True) row 2"
                time="0.0368512"/>
      <testcase classname="Philips.PMP.Test.Auto.LogonFormTest"
                name="LogonControlBypassesPasswordResetForDevelopers (A,**************,True,False,False) row 3"
                time="0.0435441"/>
      <testcase classname="Philips.PMP.Test.Auto.LogonFormTest"
                name="LogonControlBypassesPasswordResetForDevelopers (PhilipsBD,A,True,False,False) row 4"
                time="0.0409183"/>
      <testcase classname="Philips.PMP.Test.Auto.LogonFormTest"
                name="LogonControlBypassesPasswordResetForDevelopers (PhilipsBD,**************,False,True,True) row 5"
                time="0.0397107"/>
      <testcase classname="Philips.PMP.Test.Auto.LogonFormTest"
                name="LogonControlBypassesPasswordResetForDevelopers (A,**************,False,True,False) row 6"
                time="0.0408529"/>
      <testcase classname="Philips.PMP.Test.Auto.LogonFormTest"
                name="LogonControlBypassesPasswordResetForDevelopers (PhilipsBD,A,False,True,False) row 7"
                time="0.0388705"/>
      <testcase classname="Philips.PMP.Test.Auto.LogonFormTest"
                name="LogonControlBypassesPasswordResetForDevelopers (PhilipsBD,**************,True,True,True) row 8"
                time="0.0449266"/>
      <testcase classname="Philips.PMP.Test.Auto.LogonFormTest"
                name="LogonControlBypassesPasswordResetForDevelopers (A,**************,True,True,False) row 9"
                time="0.0393194"/>
      <testcase classname="Philips.PMP.Test.Auto.LogonFormTest"
                name="LogonControlBypassesPasswordResetForDevelopers (PhilipsBD,A,True,True,False) row 10"
                time="0.0478572"/>
      <testcase classname="Philips.PIC.RfidReader.Test.PcProxReaderWrapperTest"
                name="PcProxReaderWrapperInitializeDeviceConfigurationSetCardTypePriorityWithDifferentPriorityTest"
                time="0.004965"/>
      <testcase classname="Philips.PMP.Test.Auto.RolePermissionsControlTest"
                name="RolePermissionPageSetupUserDataMgr"
                time="0.0533842"/>
      <testcase classname="Philips.PMP.Test.Auto.PatientDateTimePickerFormatHelperTest"
                name="PatientDateTimePickerFormatHelperIsFormatBlank"
                time="0.0119825"/>
      <testcase classname="Philips.PMP.Test.Auto.IheDriverWaveTest"
                name="ProcessIHEMessageTest (MSH|^~\&amp;|DATACAPTOR||||20230620110428.768+0200||ORU^R01^ORU_R01|IHEPCD0104_00021aa218bc00000954|P|2.6|||NE|NE||8859/1|||IHE_PCD_001^IHE PCD^1.3.6.1.4.1.19376.1.6.1.1.1^ISO~IHEPCD0104_MDIL V1 EN_11.6.0.13378^CAPSULE|&#xD;&#xA; PID|||||^^^^^^U|&#xD;&#xA; PV1||I|{PV13Location}|&#xD;&#xA; OBR|1||IHEPCD0104_00021aa218bc00001f18^CAPSULE^CED3526DCF764EB9^EUI-64|69121^MDC_OBS_WAVE_CTS^MDC|||20230620110426.524+0200|20230620110426.624+0200||CardinalWF|||CardinalWF||||||||CardinalA_5.4.2_LTV Series 1000_Cardinal Health_{E9373FB7-D119-4F3C-A8D9-19A56478DC79}|&#xD;&#xA; OBX|1||70001^NOM_DEV_SYS_PT_VENT_MDS^MDIL^^^^^^Vent|1.0.0.0|||||||X|||||||  E31674|&#xD;&#xA; OBX|2||69682^NOM_DEV_ANALY_AWAY_MULTI_PARAM_VMD^MDIL^^^^^^Spiro|1.1.0.0|||||||X|&#xD;&#xA; OBX|3||69667^NOM_DEV_ANALY_FLOW_AWAY_CHAN^MDIL^^^^^^AWF|1.1.1.0|||||||X|&#xD;&#xA; OBX|4|NA|151764^NLS_NOM_FLOW_AWAY^MDC^^^^^^AWF|1.1.1.1|0.75^-0.25^0.625^-0.125^0.5^-0.0625^0.3125^0.0625^0.1875^0.1875|265216^NOM_DIM_X_L_PER_MIN^MDIL^^^^^^l/min|||||F|||20230620110426.524+0200||||CardinalWF|&#xD;&#xA; OBX|5|NM|67981^MDC_ATTR_TIME_PD_SAMP^MDC|1.1.1.1.1|10|264338^NOM_DIM_MILLI_SEC^MDIL^^^^^^msec|||||F|||20230620110426.524+0200||||CardinalWF|&#xD;&#xA; OBX|6|NR|68328^MDC_ATTR_PHYS_RANGE^MDC|1.1.1.1.2|-100^100|265216^NOM_DIM_X_L_PER_MIN^MDIL^^^^^^l/min|||||F|||20230620110426.524+0200||||CardinalWF|,3,7,1) row 1"
                time="0.0145019"/>
      <testcase classname="Philips.PMP.Test.Auto.IheDriverWaveTest"
                name="ProcessIHEMessageTest (MSH|^~\&amp;|DATACAPTOR||||20230620110428.768+0200||ORU^R01^ORU_R01|IHEPCD0104_00021aa218bc00000954|P|2.6|||NE|NE||8859/1|||IHE_PCD_001^IHE PCD^1.3.6.1.4.1.19376.1.6.1.1.1^ISO~IHEPCD0104_MDIL V1 EN_11.6.0.13378^CAPSULE|&#xD;&#xA;    PID|||||^^^^^^U|&#xD;&#xA;    PV1||I|{PV13Location}|&#xD;&#xA;    OBR|1||IHEPCD0104_00021aa218bc00001f18^CAPSULE^CED3526DCF764EB9^EUI-64|69121^MDC_OBS_WAVE_CTS^MDC|||20230620110426.524+0200|20230620110426.624+0200||CardinalWF|||CardinalWF||||||||CardinalA_5.4.2_LTV Series 1000_Cardinal Health_{E9373FB7-D119-4F3C-A8D9-19A56478DC79}|&#xD;&#xA;    OBX|1||70001^NOM_DEV_SYS_PT_VENT_MDS^MDIL^^^^^^Vent|1.0.0.0|||||||X|||||||  E31674|&#xD;&#xA;    OBX|2||69682^NOM_DEV_ANALY_AWAY_MULTI_PARAM_VMD^MDIL^^^^^^Spiro|1.1.0.0|||||||X|&#xD;&#xA;    OBX|3||69667^NOM_DEV_ANALY_FLOW_AWAY_CHAN^MDIL^^^^^^AWF|1.1.1.0|||||||X|&#xD;&#xA;    OBX|4|NA|151724^NOM_AWAY_CO2^MDIL^^^^^^CO₂|1.1.1.1|32511^32511^32511^32511^32511^32511^32511^32511^32511^32511^32511^32511^32511^32511^32511^32511^32511^32511^32511^32511^32511^32511^32511^32511^32511^32511^32511^32511|262688^NOM_DIM_PERCENT^MDIL^^^^^^%|||||X|||20230620110426.524+0200||||CardinalWF|&#xD;&#xA;    OBX|5|NM|67981^MDC_ATTR_TIME_PD_SAMP^MDC|1.1.1.1.1|20|264338^NOM_DIM_MILLI_SEC^MDIL^^^^^^msec|||||F|||20230620110426.524+0200||||CardinalWF|&#xD;&#xA;    OBX|6|NR|68328^MDC_ATTR_PHYS_RANGE^MDC|1.1.1.1.2|0^15|262688^NOM_DIM_PERCENT^MDIL^^^^^^%|||||F|||20230620110426.524+0200||||CardinalWF|&#xD;&#xA;    OBR|2||IHEPCD0104_00021aa218bc00001f1a^CAPSULE^CED3526DCF764EB9^EUI-64|69121^MDC_OBS_WAVE_CTS^MDC|||20230620110426.524+0200|20230620110426.624+0200||CardinalWF|||CardinalWF||||||||CardinalA_5.4.2_LTV Series 1000_Cardinal Health_{E9373FB7-D119-4F3C-A8D9-19A56478DC79}|&#xD;&#xA;    OBX|7||70001^NOM_DEV_SYS_PT_VENT_MDS^MDIL^^^^^^Vent|1.0.0.0|||||||X|||||||  E31674|&#xD;&#xA;    OBX|8||69682^NOM_DEV_ANALY_AWAY_MULTI_PARAM_VMD^MDIL^^^^^^Spiro|1.1.0.0|||||||X|&#xD;&#xA;    OBX|9||69707^NOM_DEV_ANALY_PRESS_AWAY_CHAN^MDIL^^^^^^AWP|1.1.1.0|||||||X|&#xD;&#xA;    OBX|10|NA|151792^NLS_NOM_PRESS_AWAY^MDC^^^^^^AWP|1.1.1.1|14.8125^14.8125^14.8125^14.8125^14.8125^14.8125^14.8125^14.8125^14.8125^14.8125|266048^NOM_DIM_CM_H2O^MDIL^^^^^^cmHツO|||||X|||20230620110426.524+0200||||CardinalWF|&#xD;&#xA;    OBX|11|NM|67981^MDC_ATTR_TIME_PD_SAMP^MDC|1.1.1.1.1|10|264338^NOM_DIM_MILLI_SEC^MDIL^^^^^^msec|||||F|||20230620110426.524+0200||||CardinalWF|&#xD;&#xA;    OBX|12|NR|68328^MDC_ATTR_PHYS_RANGE^MDC|1.1.1.1.2|-200^40|266048^NOM_DIM_CM_H2O^MDIL^^^^^^cmHツO|||||F|||20230620110426.524+0200||||CardinalWF|,3,14,2) row 2"
                time="0.0010175"/>
      <testcase classname="Philips.CareEvent.Test.CareTouchCommunicatorTests"
                name="ProcessDeviceSettingsRequestShouldNotProcessForInvalidDevice"
                time="0.0117555"/>
      <testcase classname="Philips.PMP.Test.Auto.MyHostPerPatientHandlerTest"
                name="MyHostPerPatientHandlerStart"
                time="0.1386022"/>
      <testcase classname="Philips.PMP.Test.Auto.PowerQualifierTest"
                name="PowerQualifierVerifySleepPowerSettings (True,Success) row 1"
                time="0.0006286"/>
      <testcase classname="Philips.PMP.Test.Auto.PowerQualifierTest"
                name="PowerQualifierVerifySleepPowerSettings (False,Failure) row 2"
                time="0.0004317"/>
      <testcase classname="Philips.PMP.Test.Auto.SolutionSettingsTest"
                name="StrongNameKeyDeployedTest"
                time="0.0009423"/>
      <testcase classname="Philips.PMP.Test.Auto.DtlsTest"
                name="DtlsProcessInitialConnectRequestTest"
                time="0.0062392"/>
      <testcase classname="Philips.PMP.Test.Auto.PatientDataExportFileTest"
                name="PdxInvalidSamplesFileHasExpectedName"
                time="0.1447119"/>
      <testcase classname="Philips.PMP.Test.Auto.PatientIdHelperTest"
                name="ShouldEnableNurseAssignmentTest"
                time="0.2570312"/>
      <testcase classname="Philips.PMP.Test.Auto.QualificationProviderTest"
                name="GetHeartBeatOnlyQualiersTest"
                time="0.0012621"/>
      <testcase classname="Philips.PMP.Test.Auto.EnumerationProviderTest"
                name="EnumerationProviderEvents"
                time="0.0319094"/>
      <testcase classname="Philips.PMP.Test.Auto.PhysioUploadProviderTest"
                name="DeviceValueCountTwoPatients"
                time="0.0186886"/>
      <testcase classname="Philips.iX.PatientDataBridge.Test.PatientDataTest"
                name="StartStopServiceTest (False) row 1"
                time="3.1538584"/>
      <testcase classname="Philips.iX.PatientDataBridge.Test.PatientDataTest"
                name="StartStopServiceTest (True) row 2"
                time="0.0410625"/>
      <testcase classname="Philips.PIC.DevTools.Test.StarPhysioDataConverterTest"
                name="PhysioDataConverterGetOffsetTimeTest (1000,0) row 1"
                time="0.5915501"/>
      <testcase classname="Philips.PIC.DevTools.Test.StarPhysioDataConverterTest"
                name="PhysioDataConverterGetOffsetTimeTest (10000,7500) row 2"
                time="0.0333103"/>
      <testcase classname="Philips.PMP.Test.Auto.SelectedUnitRetrieverTest"
                name="SelectedUnitRetrieverSetSelectedUnit"
                time="0.0728267"/>
      <testcase classname="Philips.PMP.Test.Auto.TrendUploadDvcTest"
                name="NotReceivedIntervalInMiddleCorrectlyHandledTest"
                time="0.0005007"/>
      <testcase classname="Philips.PMP.Test.Auto.SetArchivePasswordControlTest"
                name="SetArchivePasswordControlInitialization"
                time="0.0328469"/>
      <testcase classname="Philips.PMP.Test.Auto.MaintenanceServiceTest"
                name="MaintenanceServiceFifoTest"
                time="0.035644"/>
      <testcase classname="Philips.PMP.Test.Auto.AlertProviderTest"
                name="AlertProviderStoreOne"
                time="0.1669999"/>
      <testcase classname="Philips.PMP.Test.Auto.OutboundAdtMgrTest"
                name="OutboundAdtMgrCanStopMultipleTimes"
                time="0.0012402"/>
      <testcase classname="Philips.PMP.Test.Auto.MobileAcknowledgeAlarmValidatorTest"
                name="AckAlarmIsValidWithAlreadySilencedRedAlarmButNoAccessTest"
                time="0.004897"/>
      <testcase classname="Philips.PMP.Test.Auto.PatientAssignmentControlTest"
                name="PatientAssignmentControlShouldDisableNurseAssignmentIfRoleIsShared (True) row 1"
                time="0.0836836"/>
      <testcase classname="Philips.PMP.Test.Auto.PatientAssignmentControlTest"
                name="PatientAssignmentControlShouldDisableNurseAssignmentIfRoleIsShared (False) row 2"
                time="0.0593386"/>
      <testcase classname="Philips.PMP.Test.Auto.TokenValidatorTest"
                name="TokenValidatorCanDetectInvalidToken (True) row 1"
                time="0.0025197"/>
      <testcase classname="Philips.PMP.Test.Auto.TokenValidatorTest"
                name="TokenValidatorCanDetectInvalidToken (False) row 2"
                time="0.0022736"/>
      <testcase classname="Philips.PMP.Test.Auto.CameraSystemQualifierTest"
                name="CameraSystemQualifierFailsWhenUserAuthenticateFails"
                time="0.0034806"/>
      <testcase classname="Philips.PMP.Test.Auto.EventLogShutdownAnalyzerTest"
                name="DetectLastShutdownWasPowerButtonPressed"
                time="0.0011897"/>
      <testcase classname="Philips.PMP.Test.Auto.OutboundAdtMgrTest"
                name="Hl7AdtEncoderGetFormattedDob"
                time="0.0011811"/>
      <testcase classname="Philips.PMP.Test.Auto.InputCommunicationTcpConnectionTests"
                name="InitializingTcpClientVerifyWithAuthentication (True,False,True) row 1"
                time="0.0048516"/>
      <testcase classname="Philips.PMP.Test.Auto.InputCommunicationTcpConnectionTests"
                name="InitializingTcpClientVerifyWithAuthentication (False,False,False) row 2"
                time="0.0046737"/>
      <testcase classname="Philips.PMP.Test.Auto.InputCommunicationTcpConnectionTests"
                name="InitializingTcpClientVerifyWithAuthentication (False,True,False) row 3"
                time="0.0095489"/>
      <testcase classname="Philips.PMP.Test.Auto.InputCommunicationTcpConnectionTests"
                name="InitializingTcpClientVerifyWithAuthentication (True,True,False) row 4"
                time="0.003471"/>
      <testcase classname="Philips.PMP.Test.Auto.WatchdogHelperTest"
                name="ProcessCommandsPrioritySorting (False) row 1"
                time="0.003352"/>
      <testcase classname="Philips.PMP.Test.Auto.WatchdogHelperTest"
                name="ProcessCommandsPrioritySorting (True) row 2"
                time="0.0010501"/>
      <testcase classname="Philips.PMP.Test.Auto.CaregiverPaginatorTest"
                name="NextPageShouldAdvanceToNextPage"
                time="0.0038617"/>
      <testcase classname="Philips.CareEvent.Test.ServerConfigurationFormTest"
                name="ValidateHostnameTest (localhost,True) row 1"
                time="0.0089487"/>
      <testcase classname="Philips.CareEvent.Test.ServerConfigurationFormTest"
                name="ValidateHostnameTest (ROYAL-9N5CC3K77,True) row 2"
                time="0.0085733"/>
      <testcase classname="Philips.CareEvent.Test.ServerConfigurationFormTest"
                name="ValidateHostnameTest (192.168.0.1,False) row 3"
                time="0.0086568"/>
      <testcase classname="Philips.CareEvent.Test.ServerConfigurationFormTest"
                name="ValidateHostnameTest (,False) row 4"
                time="0.0085063"/>
      <testcase classname="Philips.CareEvent.Test.ServerConfigurationFormTest"
                name="ValidateHostnameTest (,False) row 5"
                time="0.008681"/>
      <testcase classname="Philips.PMP.Test.Auto.PatientDataExportStorageTest"
                name="PdxCheckWhenAttributesAreTheSame"
                time="0.0269069"/>
      <testcase classname="Philips.PMP.Test.Auto.PatientFieldsValidatorTest"
                name="PatientFieldsValidatorValidateLastNameHiddenLastNameOnlyFormat"
                time="0.0005808"/>
      <testcase classname="Philips.PMP.Test.Auto.BedToBedOverviewWavePriorityProviderTest"
                name="DeletingZoneDeletesWavePrioritySetting"
                time="0.1150126"/>
      <testcase classname="Philips.PMP.Test.Auto.MobileEnumerationConverterTest"
                name="MobileEnumerationConverterConvertEnumerationValue"
                time="0.0273689"/>
      <testcase classname="Philips.PMP.Test.Auto.PatientDataExportTierTwoTest"
                name="TierTwoExportTruncateTableTest"
                time="0.028891"/>
      <testcase classname="Philips.PMP.Test.Auto.InboundAdtPatientConfigQualifierTest"
                name="InboundAdtPatientConfigQualifierSingleUnitTest (Optional,Success) row 1"
                time="0.0157738"/>
      <testcase classname="Philips.PMP.Test.Auto.InboundAdtPatientConfigQualifierTest"
                name="InboundAdtPatientConfigQualifierSingleUnitTest (Required,Failure) row 2"
                time="0.0035799"/>
      <testcase classname="Philips.PMP.Test.Auto.EventNotificationSettingControlTest"
                name="ValidateSingleCaregiverRuleTest (True,True) row 1"
                time="0.029587"/>
      <testcase classname="Philips.PMP.Test.Auto.EventNotificationSettingControlTest"
                name="ValidateSingleCaregiverRuleTest (True,False) row 2"
                time="0.0231085"/>
      <testcase classname="Philips.PMP.Test.Auto.EventNotificationSettingControlTest"
                name="ValidateSingleCaregiverRuleTest (False,True) row 3"
                time="0.0223943"/>
      <testcase classname="Philips.PMP.Test.Auto.EventNotificationSettingControlTest"
                name="ValidateSingleCaregiverRuleTest (False,False) row 4"
                time="0.0312461"/>
      <testcase classname="Philips.PMP.Test.Auto.MasterHostSelectionChannelMgrTest"
                name="MasterHostSelectionChannelMgrCanNotifyCLientWhenIsRemoved"
                time="0.4740437"/>
      <testcase classname="Philips.PMP.Test.Auto.PatientDataExportFileTest"
                name="PdxCheckConsolidatedAlerts"
                time="0.1501632"/>
      <testcase classname="Philips.CareEvent.Test.EventManagementHelperTest"
                name="DoNotReturnHostIfLabIsNotEnabled"
                time="0.2977799"/>
      <testcase classname="Philips.PMP.Test.Auto.MonitorStreamSubscriptionTest"
                name="SetSubscriptionsTest (False,PRN1,,PRN2,) row 1"
                time="0.0013391"/>
      <testcase classname="Philips.PMP.Test.Auto.MonitorStreamSubscriptionTest"
                name="SetSubscriptionsTest (True,Monitor/Reports,1,Monitor/Reports,2) row 2"
                time="0.0009911"/>
      <testcase classname="Philips.PMP.Test.Auto.TreeNodeRemoverTest"
                name="DeleteEventDefinitionShouldDelete (False,0,0) row 1"
                time="0.0039907"/>
      <testcase classname="Philips.PMP.Test.Auto.TreeNodeRemoverTest"
                name="DeleteEventDefinitionShouldDelete (True,1,-1) row 2"
                time="0.0036777"/>
      <testcase classname="Philips.PMP.Test.Auto.EventCategorySettingsProviderTest"
                name="PopulateFactoryEventCategorySettings (True,1) row 1"
                time="0.0545199"/>
      <testcase classname="Philips.PMP.Test.Auto.EventCategorySettingsProviderTest"
                name="PopulateFactoryEventCategorySettings (False,0) row 2"
                time="0.0011594"/>
      <testcase classname="Philips.PMP.Test.Auto.EventCatalogProviderTest"
                name="GetEventNamesFromDataTablesShowReturnNames (True,*** Extreme Brady) row 1"
                time="0.1027697"/>
      <testcase classname="Philips.PMP.Test.Auto.EventCatalogProviderTest"
                name="GetEventNamesFromDataTablesShowReturnNames (False,*** Extreme Tom Brady) row 2"
                time="0.0965967"/>
      <testcase classname="Philips.PMP.Test.Auto.CaregiverAssignmentProviderTest"
                name="ClearBedAssignmentsShouldNotClearLockedAssignments"
                time="0.3436034"/>
      <testcase classname="Philips.PMP.Test.Auto.CultureControlTest"
                name="OnKeyboardChanged"
                time="0.0168333"/>
      <testcase classname="Philips.PMP.Test.Auto.ProtocolWatchTest"
                name="ProtocolWatchDeleteControl"
                time="0.0052776"/>
      <testcase classname="Philips.PMP.Test.Auto.IheDeviceDataMgrTest"
                name="IHEDeviceDataMgrDetectsInvalidPhysioDataTime (True) row 1"
                time="0.0403004"/>
      <testcase classname="Philips.PMP.Test.Auto.IheDeviceDataMgrTest"
                name="IHEDeviceDataMgrDetectsInvalidPhysioDataTime (False) row 2"
                time="0.014005"/>
      <testcase classname="Philips.PMP.Test.Auto.ClientSubscriptionHelperTest"
                name="ClientSubscriptionHelperCreateEnterpriseSubscriptionTest (False) row 1"
                time="0.0074606"/>
      <testcase classname="Philips.PMP.Test.Auto.ClientSubscriptionHelperTest"
                name="ClientSubscriptionHelperCreateEnterpriseSubscriptionTest (True) row 2"
                time="0.0006037"/>
      <testcase classname="Philips.PMP.Test.Auto.VersionExTest"
                name="NullTests"
                time="0.0008648"/>
      <testcase classname="Philips.PMP.Test.Auto.TrustedCertificateConfigHelperTest"
                name="TrustedCertificateConfigHelperAddCurrentCa"
                time="0.0368388"/>
      <testcase classname="Philips.PMP.Test.Auto.TopologyHelperTest"
                name="ValidateFqdnTest"
                time="0.0010623"/>
      <testcase classname="Philips.PMP.Test.Auto.UserManagementProviderTest"
                name="UserManagemenAllActionsHaveTypes"
                time="0.0015063"/>
      <testcase classname="Philips.PMP.Test.Auto.EventRolesProviderTest"
                name="LookupRolesFindsRightRoles"
                time="0.0148735"/>
      <testcase classname="Philips.PMP.Test.Auto.PatientIdentityConverterTest"
                name="PatientIdentityConverterDoesCallTopologyProviderIfBedProvidedWithNoUnit"
                time="0.0018122"/>
      <testcase classname="Philips.PMP.Test.Auto.TrendUploadValueProcessorTest"
                name="OverflowExceptionDoesntHappenOnOldNbpTest"
                time="0.0203828"/>
      <testcase classname="Philips.PMP.Test.Auto.PrincipalViewMgrTest"
                name="PrincipalViewMgrHandlesExceptionInSubscribe"
                time="0.0025158"/>
      <testcase classname="Philips.PMP.Test.Auto.TimeMgrTest"
                name="AllowPhysioTimeUpdatesAfterFiveSecondsTest"
                time="0.0005684"/>
      <testcase classname="Philips.PMP.Test.Auto.PhysioDataComparisonTest"
                name="AlertEqualityTest"
                time="0.0009528"/>
      <testcase classname="Philips.PMP.Test.Auto.MobilePatientMgrTest"
                name="GetMobileLifetimeIdTypesTest (Unknown,Unknown) row 1"
                time="0.0170149"/>
      <testcase classname="Philips.PMP.Test.Auto.MobilePatientMgrTest"
                name="GetMobileLifetimeIdTypesTest (MRN,MRN) row 2"
                time="0.0069014"/>
      <testcase classname="Philips.PMP.Test.Auto.MobilePatientMgrTest"
                name="GetMobileLifetimeIdTypesTest (SSN,SSN) row 3"
                time="0.0039367"/>
      <testcase classname="Philips.PMP.Test.Auto.MobilePatientMgrTest"
                name="GetMobileLifetimeIdTypesTest (MilitaryId,MilitaryId) row 4"
                time="0.0008612"/>
      <testcase classname="Philips.PMP.Test.Auto.MobilePatientMgrTest"
                name="GetMobileLifetimeIdTypesTest (MedicaidId,MedicaidId) row 5"
                time="0.0005823"/>
      <testcase classname="Philips.PMP.Test.Auto.MobilePatientMgrTest"
                name="GetMobileLifetimeIdTypesTest (DriversLicense,DriversLicense) row 6"
                time="0.000522"/>
      <testcase classname="Philips.PMP.Test.Auto.Hl7MessageBuilderTest"
                name="Hl7ProcessIheRealTimeAlarmTest (5,Technical) row 1"
                time="0.2052469"/>
      <testcase classname="Philips.PMP.Test.Auto.Hl7MessageBuilderTest"
                name="Hl7ProcessIheRealTimeAlarmTest (5,Patient) row 2"
                time="0.0287364"/>
      <testcase classname="Philips.PMP.Test.Auto.Hl7OruEncoderTest"
                name="SpsCustomLabelExistsInComplexClassicHl7Output"
                time="0.0033488"/>
      <testcase classname="Philips.PMP.Test.Auto.RepositoryWaveTest"
                name="RepositoryWaveCheckUsedTimeMappings"
                time="0.0013634"/>
      <testcase classname="Philips.PMP.Test.Auto.PatientFieldsValidatorTest"
                name="PatientFieldsValidatorValidateLastNameHiddenLastNameAndFirstNameFormat"
                time="0.0010295"/>
      <testcase classname="Philips.CareEvent.Test.RingtoneMetadataTest"
                name="RingtoneMetadataShouldParseWhenNormalFile"
                time="0.0224097"/>
      <testcase classname="Philips.PMP.Test.Auto.StitchTest"
                name="StitchRemoveDuplicateAdjacentDynamicAttributesTest"
                time="0.0060291"/>
      <testcase classname="Philips.PMP.Test.Auto.AlertMgrHelperTest"
                name="AlertMgrHelperThrowsOnMissingControl"
                time="0.0013188"/>
      <testcase classname="Philips.PMP.Test.Auto.DxEcgTypeConverterTest"
                name="PopulateDxlMeasurementsTest"
                time="0.0225855"/>
      <testcase classname="Philips.PMP.Test.Auto.PatientAdtHelperTest"
                name="PatientADTHelperShouldSavePreadmitDataTest (False,False,Admit,False,False,warn) row 1"
                time="0.0055633"/>
      <testcase classname="Philips.PMP.Test.Auto.PatientAdtHelperTest"
                name="PatientADTHelperShouldSavePreadmitDataTest (True,False,PullTransfer,True,False,warn) row 2"
                time="0.0046177"/>
      <testcase classname="Philips.PMP.Test.Auto.PatientAdtHelperTest"
                name="PatientADTHelperShouldSavePreadmitDataTest (True,False,PushTransfer,False,False,warn) row 3"
                time="0.0034503"/>
      <testcase classname="Philips.PMP.Test.Auto.PatientAdtHelperTest"
                name="PatientADTHelperShouldSavePreadmitDataTest (False,False,Readmit,False,False,) row 4"
                time="0.0021379"/>
      <testcase classname="Philips.PMP.Test.Auto.PatientAdtHelperTest"
                name="PatientADTHelperShouldSavePreadmitDataTest (True,True,PullTransfer,True,False,warn) row 5"
                time="0.0014186"/>
      <testcase classname="Philips.PMP.Test.Auto.PatientAdtHelperTest"
                name="PatientADTHelperShouldSavePreadmitDataTest (False,False,PullTransfer,False,False,) row 6"
                time="0.0042312"/>
      <testcase classname="Philips.PMP.Test.Auto.PatientAdtHelperTest"
                name="PatientADTHelperShouldSavePreadmitDataTest (False,True,Readmit,False,True,) row 7"
                time="0.0071858"/>
      <testcase classname="Philips.PMP.Test.Auto.PatientAdtHelperTest"
                name="PatientADTHelperShouldSavePreadmitDataTest (False,True,PullTransfer,False,True,) row 8"
                time="0.0181335"/>
      <testcase classname="Philips.PMP.Test.Auto.BedLabelValidatorTest"
                name="DoNotRunBedLabelLimitValidationIfPatientConnectionNotAvailable"
                time="0.0302613"/>
      <testcase classname="Philips.PMP.Test.Auto.PatientFieldsValidatorTest"
                name="PatientFieldsValidatorValidateBsaHeightHidden"
                time="0.0010132"/>
      <testcase classname="Philips.PMP.Test.Auto.AlertMgrHelperTest"
                name="AlertMgrHelperLeadsetUnpluggedTest (0,HardInop,2155152598) row 1"
                time="0.2489075"/>
      <testcase classname="Philips.PMP.Test.Auto.AlertMgrHelperTest"
                name="AlertMgrHelperLeadsetUnpluggedTest (1,YellowAlarm,2161247234) row 2"
                time="0.2399925"/>
      <testcase classname="Philips.PMP.Test.Auto.AlertMgrHelperTest"
                name="AlertMgrHelperLeadsetUnpluggedTest (2,RedAlarm,2161247235) row 3"
                time="0.2474539"/>
      <testcase classname="Philips.PMP.Test.Auto.EntityLicenseTest"
                name="EntityLicenseAreAnyLicensed"
                time="0.0009113"/>
      <testcase classname="Philips.PMP.Test.Auto.EventWorkflowServiceMgrTest"
                name="EventWorkflowServiceMgrCanConnectToService (True) row 1"
                time="3.9109329"/>
      <testcase classname="Philips.PMP.Test.Auto.EventWorkflowServiceMgrTest"
                name="EventWorkflowServiceMgrCanConnectToService (False) row 2"
                time="3.0395214"/>
      <testcase classname="Philips.PIC.CertificateRenewal.Test.CertificateRenewalHelperTest"
                name="CertificateRenewalHelperCanDetermineWhenCertifcateShouldBeRenewed (-10,5,True) row 1"
                time="0.3223612"/>
      <testcase classname="Philips.PIC.CertificateRenewal.Test.CertificateRenewalHelperTest"
                name="CertificateRenewalHelperCanDetermineWhenCertifcateShouldBeRenewed (-10,15,False) row 2"
                time="0.0214359"/>
      <testcase classname="Philips.PIC.CertificateRenewal.Test.CertificateRenewalHelperTest"
                name="CertificateRenewalHelperCanDetermineWhenCertifcateShouldBeRenewed (-365,150,True) row 3"
                time="0.0465994"/>
      <testcase classname="Philips.PMP.Test.Auto.IxConfigFileProviderTest"
                name="SlowProcessStartAllowedTest"
                time="0.0020274"/>
      <testcase classname="Philips.PMP.Test.Auto.EnterpriseProviderTest"
                name="TopologyProviderCreateZoneTest"
                time="0.2560486"/>
      <testcase classname="Philips.PMP.Test.Auto.ClinicalNotificationBuilderTest"
                name="ClinicalNotificationBuilderBuildNotificationIconTest (Gray,True,Mews,value_icon_chosen) row 1"
                time="0.0048835"/>
      <testcase classname="Philips.PMP.Test.Auto.ClinicalNotificationBuilderTest"
                name="ClinicalNotificationBuilderBuildNotificationIconTest (Red,False,Sps,simple_icon_chosen) row 2"
                time="0.0005019"/>
      <testcase classname="Philips.PMP.Test.Auto.MobileNumericConverterTest"
                name="MobileNumericConverterCreateDefaultAttributesTest"
                time="0.0051365"/>
      <testcase classname="Philips.PIC.WebBridge.Test.HeartbeatMgrTest"
                name="StartWatchdogHeartbeatTest"
                time="0.0573906"/>
      <testcase classname="Philips.CareEvent.Test.ApnsCommunicationMgrTests"
                name="HandleApnsNetworkException"
                time="0.4888227"/>
      <testcase classname="Philips.PIC.SharedAssignment.Test.SharedAssignmentMgrTest"
                name="TouchContactPointInfoObject"
                time="0.0010014"/>
      <testcase classname="Philips.PMP.Test.Auto.StitchTest"
                name="StitchReceivedDvcLogicTwoContiguousTest"
                time="0.0054452"/>
      <testcase classname="Philips.PMP.Test.Auto.PatientDataExportFileTest"
                name="PdxCorrectNumericCountIsExported"
                time="0.2081528"/>
      <testcase classname="Philips.PMP.Test.Auto.EventCategorySettingsMgrTest"
                name="GetLabelTest"
                time="0.0104863"/>
      <testcase classname="Philips.PMP.Test.Auto.EnumerationProviderTest"
                name="EnumerationProviderUpdatedTimePurge"
                time="0.1027978"/>
      <testcase classname="Philips.PMP.Test.Auto.SelectedUnitRetrieverTest"
                name="SelectedUnitRetrieverSetInitialUnitSelection (True) row 1"
                time="0.0020604"/>
      <testcase classname="Philips.PMP.Test.Auto.SelectedUnitRetrieverTest"
                name="SelectedUnitRetrieverSetInitialUnitSelection (False) row 2"
                time="0.000794"/>
      <testcase classname="Philips.CareEvent.Test.EventWorkflowPartitionProviderTests"
                name="ResetViews"
                time="0.5806547"/>
      <testcase classname="Philips.PMP.Test.Auto.StreamNotificationClientConnectionTest"
                name="StreamNotificationClientConnectionCanSububscribeToTransferNotifications"
                time="0.0074783"/>
      <testcase classname="Philips.PMP.Test.Auto.PatientFieldsValidatorTest"
                name="PatientFieldsValidatorValidateBsaWeightHidden"
                time="0.0008845"/>
      <testcase classname="Philips.PMP.Test.Auto.TerumoTerufusionTest"
                name="ParseMessageTest"
                time="0.00058"/>
      <testcase classname="Philips.PMP.Test.Auto.IHEDriverConnectionSettingControlTest"
                name="ConnectionSettingControlOnLoadNoDetailsTest"
                time="0.0409194"/>
      <testcase classname="Philips.PMP.Test.Auto.Hl7ValidatedDataSenderTest"
                name="Hl7ValidatedDataReSendTest"
                time="0.0578057"/>
      <testcase classname="Philips.PMP.Test.Auto.TimeTest"
                name="TimeMappingDupicated"
                time="0.0096614"/>
      <testcase classname="Philips.PMP.Test.Auto.ProtocolWatchControlMgrTest"
                name="ProtocolWatchControlMgrUpdateRunningProtocolsTest"
                time="0.0181747"/>
      <testcase classname="Philips.PIC.WebBridge.Test.AlarmLabelsControllerTest"
                name="AlarmLabelsControllerGetTest"
                time="0.3959436"/>
      <testcase classname="Philips.PMP.Test.Auto.MedianCalculatorTest"
                name="NumericMedianCalculatorMarksNumericsAsIsTrendUploaded (TwelveSeconds) row 1"
                time="0.005097"/>
      <testcase classname="Philips.PMP.Test.Auto.MedianCalculatorTest"
                name="NumericMedianCalculatorMarksNumericsAsIsTrendUploaded (SixtySeconds) row 2"
                time="0.0050477"/>
      <testcase classname="Philips.PMP.Test.Auto.MedianCalculatorTest"
                name="NumericMedianCalculatorMarksNumericsAsIsTrendUploaded (ThreeHundredSeconds) row 3"
                time="0.00749"/>
      <testcase classname="Philips.PMP.Test.Auto.HostAccessViewControllerTest"
                name="HostAccessViewControllerDoesSourceHaveData"
                time="0.0058046"/>
      <testcase classname="Philips.PMP.Test.Auto.TerumoTerufusionTest"
                name="TerumoPumpWrapperTest"
                time="0.0009287"/>
      <testcase classname="Philips.PMP.Test.Auto.DataTileHelperTest"
                name="DataTileHelperGetStripNextPageTimeTest"
                time="0.0074041"/>
      <testcase classname="Philips.CareEvent.Test.MobileDeviceConfigurationControlTests"
                name="ValidateUnassignMultipleDevicesAndDeleteMultipleDevices"
                time="0.1450183"/>
      <testcase classname="Philips.PMP.Test.Auto.DynamicAttributesComparerTest"
                name="DynamicAttributeComparerNoOldAttributesChangeTest"
                time="0.0048742"/>
      <testcase classname="Philips.PMP.Test.Auto.NetworkAlertTest"
                name="NetworkAlertDuplicateIpMessageTest"
                time="0.0043821"/>
      <testcase classname="Philips.PMP.Test.Auto.Hl7OruEncoderTest"
                name="GmtOffsetHl7OutputTest"
                time="0.0007487"/>
      <testcase classname="Philips.PMP.Test.Auto.EventCatalogProviderTest"
                name="GetAssignedEventsShouldNotReturnInValidSeverities"
                time="0.2054662"/>
      <testcase classname="Philips.PMP.Test.Auto.LabDataProviderTest"
                name="GetLatestLabDataTest (1,1) row 1"
                time="0.0105377"/>
      <testcase classname="Philips.PMP.Test.Auto.LabDataProviderTest"
                name="GetLatestLabDataTest (-8,0) row 2"
                time="0.003757"/>
      <testcase classname="Philips.PMP.Test.Auto.PatientMgmtConfigurationTest"
                name="PatientMgmtPatientIdTypesConfigurationTest"
                time="0.0008655"/>
      <testcase classname="Philips.PMP.Test.Auto.WatchdogTest"
                name="WatchdogEngineStartStopWithIgnore"
                time="0.0289195"/>
      <testcase classname="Philips.PMP.Test.Auto.MultiPatientViewTest"
                name="MultiPatientViewCaptionTest (ServerName,-1) row 1"
                time="0.0533156"/>
      <testcase classname="Philips.PMP.Test.Auto.MultiPatientViewTest"
                name="MultiPatientViewCaptionTest (ServerName,0) row 2"
                time="0.0540821"/>
      <testcase classname="Philips.PMP.Test.Auto.InfoEventProviderTest"
                name="InfoEventUnEndedPurged"
                time="0.0226633"/>
      <testcase classname="Philips.PIC.RfidReader.Test.PcProxReaderWrapperTest"
                name="PcProxReaderWrapperReadTest (32,True,4) row 1"
                time="0.0155115"/>
      <testcase classname="Philips.PIC.RfidReader.Test.PcProxReaderWrapperTest"
                name="PcProxReaderWrapperReadTest (33,True,5) row 2"
                time="0.0031665"/>
      <testcase classname="Philips.PIC.RfidReader.Test.PcProxReaderWrapperTest"
                name="PcProxReaderWrapperReadTest (0,False,0) row 3"
                time="0.0023083"/>
      <testcase classname="Philips.PMP.Test.Auto.EcgPacerTest"
                name="PacerReinsertionNoPreviousSampleDoesntCrashTest"
                time="0.0005928"/>
      <testcase classname="Philips.PMP.Test.Auto.EfficiaInstrumentTest"
                name="EfficiaInstrumentProcessMessageThrowExceptionTest"
                time="0.0160486"/>
      <testcase classname="Philips.PMP.Test.Auto.IntelliBridgeLanDaTest"
                name="IntelliBridgeLanDaArcomedProcessAlarmsTest"
                time="0.0120713"/>
      <testcase classname="Philips.PMP.Test.Auto.Ecg12LeadProviderTest"
                name="Ecg12LeadProviderDelete"
                time="0.0650164"/>
      <testcase classname="Philips.PMP.Test.Auto.BedSubscriberTest"
                name="BedSubscriberCanExcludeSpotCheckData (True,1) row 1"
                time="0.004881"/>
      <testcase classname="Philips.PMP.Test.Auto.BedSubscriberTest"
                name="BedSubscriberCanExcludeSpotCheckData (False,0) row 2"
                time="0.0028337"/>
      <testcase classname="Philips.PMP.Test.Auto.Ecg12LeadExportHelperTest"
                name="GetEcg12ExportDeviceNameTest (,Not Configured) row 1"
                time="0.0054599"/>
      <testcase classname="Philips.PMP.Test.Auto.Ecg12LeadExportHelperTest"
                name="GetEcg12ExportDeviceNameTest (Philips.PMP.InfoObjects.Ecg12LeadExportSetting,Not Configured) row 2"
                time="0.0012091"/>
      <testcase classname="Philips.PMP.Test.Auto.Ecg12LeadExportHelperTest"
                name="GetEcg12ExportDeviceNameTest (Philips.PMP.InfoObjects.Ecg12LeadExportSetting,www.google.com) row 3"
                time="0.0010037"/>
      <testcase classname="Philips.PMP.Test.Auto.DbSyncConflictControlGeneratorTest"
                name="DbSyncConflictControlGeneratorGetPatientConflictControlInfo (True,DuplicateBed) row 1"
                time="0.0947321"/>
      <testcase classname="Philips.PMP.Test.Auto.DbSyncConflictControlGeneratorTest"
                name="DbSyncConflictControlGeneratorGetPatientConflictControlInfo (False,DuplicateBed) row 2"
                time="0.0203014"/>
      <testcase classname="Philips.PMP.Test.Auto.DbSyncConflictControlGeneratorTest"
                name="DbSyncConflictControlGeneratorGetPatientConflictControlInfo (True,DuplicatePatient) row 3"
                time="0.0234454"/>
      <testcase classname="Philips.PMP.Test.Auto.DbSyncConflictControlGeneratorTest"
                name="DbSyncConflictControlGeneratorGetPatientConflictControlInfo (False,DuplicatePatient) row 4"
                time="0.0279381"/>
      <testcase classname="Philips.PMP.Test.Auto.Ecg12LeadOrderMgrTest"
                name="Ecg12LeadOrderMgrGetStudyIdTest"
                time="0.0017709"/>
      <testcase classname="Philips.PMP.Test.Auto.PwmStarControlMgrTest"
                name="PwmStarControlMgrUpdatePatientTest"
                time="0.0509689"/>
      <testcase classname="Philips.PMP.Test.Auto.SoftwareUpdateHelperTest"
                name="DeleteSoftwareUpdateFilesTest"
                time="0.0060668"/>
      <testcase classname="Philips.PMP.Test.Auto.AlertSoundsQualifierTest"
                name="AlertSoundsQualifierCorrectShould"
                time="0.0013489"/>
      <testcase classname="Philips.CareEvent.Test.EventMgrTest"
                name="ShouldStoreDeliveredWhenOneWayDeviceTest (AcceptedByCarrier,True) row 1"
                time="0.0068406"/>
      <testcase classname="Philips.CareEvent.Test.EventMgrTest"
                name="ShouldStoreDeliveredWhenOneWayDeviceTest (Delivered,True) row 2"
                time="0.0060229"/>
      <testcase classname="Philips.CareEvent.Test.EventMgrTest"
                name="ShouldStoreDeliveredWhenOneWayDeviceTest (Canceled,False) row 3"
                time="0.0055491"/>
      <testcase classname="Philips.PMP.Test.Auto.Hl7ConnectionTest"
                name="Hl7NoNeedsTimeSyncTest (ReporterClient) row 1"
                time="0.0013155"/>
      <testcase classname="Philips.PMP.Test.Auto.Hl7ConnectionTest"
                name="Hl7NoNeedsTimeSyncTest (AlarmClient) row 2"
                time="0.000947"/>
      <testcase classname="Philips.PMP.Test.Auto.Hl7ConnectionTest"
                name="Hl7NoNeedsTimeSyncTest (ValidateDataClient) row 3"
                time="0.0007815"/>
      <testcase classname="Philips.PMP.Test.Auto.DeviceProviderTest"
                name="DefaultPrinterTest"
                time="0.2845197"/>
      <testcase classname="Philips.PMP.Test.Auto.WaveFileMgrTest"
                name="PdxGapBetweenGivenStartTimeAndWaveStartTimeAreFilled"
                time="0.1177053"/>
      <testcase classname="Philips.PMP.Test.Auto.PatientDataExportStorageWorkerTest"
                name="ClearSystemStatusIsCalledOnSuccessfulNumericStorage"
                time="0.0308854"/>
      <testcase classname="Philips.PMP.Test.Auto.TimeWaveBaselineProviderTest"
                name="TimeWaveBaselinePurge"
                time="0.2829388"/>
      <testcase classname="Philips.PMP.Test.Auto.EditSwitchSettingsFormTest"
                name="EditSwitchSettingsFormDefaultConstructorTest"
                time="0.0387088"/>
      <testcase classname="Philips.PMP.Test.Auto.Hl7ValidatedDataConnectionMgrTest"
                name="Hl7ValidatedDataRetrySendTest"
                time="0.0126603"/>
      <testcase classname="Philips.PMP.LicenseService.Test.LicenseMigrationMgrTest"
                name="LicenseMigrationMgrAssignsNewDefaultFeatures"
                time="0.3865287"/>
      <testcase classname="Philips.PMP.Test.Auto.DynamicAttributesComparerTest"
                name="DynamicAttributeComparerGuidChangeTest"
                time="0.0014775"/>
      <testcase classname="Philips.PMP.Test.Auto.HL7ProviderTest"
                name="HL7RequestCachedMessageTest"
                time="0.009287"/>
      <testcase classname="Philips.PMP.Test.Auto.UriConfigControlTest"
                name="UriConfigControlDeleteDeviceTest (True,False) row 1"
                time="0.1879922"/>
      <testcase classname="Philips.PMP.Test.Auto.UriConfigControlTest"
                name="UriConfigControlDeleteDeviceTest (False,True) row 2"
                time="0.0495004"/>
      <testcase classname="Philips.PMP.Test.Auto.UriConfigControlTest"
                name="UriConfigControlDeleteDeviceTest (False,False) row 3"
                time="0.0372183"/>
      <testcase classname="Philips.PMP.Test.Auto.PriorityCatalogProviderTest"
                name="PriorityStoreAll"
                time="0.4331816"/>
      <testcase classname="Philips.PMP.Test.Auto.VersionFileProviderTest"
                name="ParseVersionFileDataTest"
                time="0.0044848"/>
      <testcase classname="Philips.PMP.Test.Auto.Hl7AlarmClientMgrTest"
                name="AlarmClientCareProxyCreatedAlarmSentProxyDisconnectedAlarmNotSentTest"
                time="0.0031646"/>
      <testcase classname="Philips.PMP.Test.Auto.PatientDataExportStorageTest"
                name="PdxStoreLongEnumerationLabels"
                time="0.0243586"/>
      <testcase classname="Philips.PMP.Test.Auto.RolesControlHelperTest"
                name="RolesControlHelperIsRoleInUse"
                time="0.00393"/>
      <testcase classname="Philips.PMP.Test.Auto.CatalogHelperTest"
                name="FindCategory"
                time="0.0020947"/>
      <testcase classname="Philips.PMP.Test.Auto.AlertGeneratorTest"
                name="AlertGeneratorSpO2AlarmAudibleTest (BuildHighAlertInfo,highLowLimit) row 1"
                time="0.0148137"/>
      <testcase classname="Philips.PMP.Test.Auto.AlertGeneratorTest"
                name="AlertGeneratorSpO2AlarmAudibleTest (BuildLowAlertInfo,highLowLimit) row 2"
                time="0.001935"/>
      <testcase classname="Philips.PMP.Test.Auto.AlertGeneratorTest"
                name="AlertGeneratorSpO2AlarmAudibleTest (BuildDesatAlertInfo,desatLimit) row 3"
                time="0.0054708"/>
      <testcase classname="Philips.PMP.Test.Auto.SurveillanceCollectionTest"
                name="SettingsTextHelperTest"
                time="0.0133601"/>
      <testcase classname="Philips.PMP.Test.Auto.PatientWindowControlTest"
                name="PatientWindowControlUserChanged"
                time="0.0700002"/>
      <testcase classname="Philips.PMP.LicenseService.Test.GeneralCareCompatibilityDeterminerTest"
                name="FilterIncompatibleOptionsTest"
                time="0.0066071"/>
      <testcase classname="Philips.CareEvent.Test.ServerConfigurationFormTest"
                name="ServerConfigurationFormCancelButton"
                time="0.0177262"/>
      <testcase classname="Philips.PMP.Test.Auto.RepositoryEventEnumerationTest"
                name="EnumerationCreationOnCycleBoundaryTest"
                time="0.0122882"/>
      <testcase classname="Philips.PMP.Test.Auto.PatientManagementHelperTest"
                name="DoesBedExistTest"
                time="0.272969"/>
      <testcase classname="Philips.PMP.Test.Auto.DeviceControlSubscriptionMgrTest"
                name="MultiHostSubscriberSubscribesToControlService (True) row 1"
                time="0.2244815"/>
      <testcase classname="Philips.PMP.Test.Auto.DeviceControlSubscriptionMgrTest"
                name="MultiHostSubscriberSubscribesToControlService (False) row 2"
                time="0.0013724"/>
      <testcase classname="Philips.PMP.Test.Auto.WatchdogQualifierTest"
                name="QualifierVerifyTest (False,False,False,False,False,True,True,True,True,True,Failure) row 1"
                time="0.0062323"/>
      <testcase classname="Philips.PMP.Test.Auto.WatchdogQualifierTest"
                name="QualifierVerifyTest (False,True,False,False,False,True,True,True,True,True,Failure) row 2"
                time="0.0023741"/>
      <testcase classname="Philips.PMP.Test.Auto.WatchdogQualifierTest"
                name="QualifierVerifyTest (False,True,True,False,False,True,True,True,True,True,Failure) row 3"
                time="0.0022466"/>
      <testcase classname="Philips.PMP.Test.Auto.WatchdogQualifierTest"
                name="QualifierVerifyTest (False,True,True,True,False,True,True,True,True,True,Failure) row 4"
                time="0.0022877"/>
      <testcase classname="Philips.PMP.Test.Auto.WatchdogQualifierTest"
                name="QualifierVerifyTest (False,True,True,True,True,True,True,True,True,True,Success) row 5"
                time="0.0033626"/>
      <testcase classname="Philips.PMP.Test.Auto.WatchdogQualifierTest"
                name="QualifierVerifyTest (False,True,True,True,True,True,True,True,False,True,Failure) row 6"
                time="0.0025136"/>
      <testcase classname="Philips.PMP.Test.Auto.WatchdogQualifierTest"
                name="QualifierVerifyTest (False,True,True,True,True,False,False,False,True,True,Failure) row 7"
                time="0.0023554"/>
      <testcase classname="Philips.PMP.Test.Auto.WatchdogQualifierTest"
                name="QualifierVerifyTest (False,True,True,True,True,True,True,True,True,False,Failure) row 8"
                time="0.0023342"/>
      <testcase classname="Philips.PMP.Test.Auto.WatchdogQualifierTest"
                name="QualifierVerifyTest (True,False,False,False,False,False,False,False,False,True,Failure) row 9"
                time="0.0022315"/>
      <testcase classname="Philips.PMP.Test.Auto.WatchdogQualifierTest"
                name="QualifierVerifyTest (True,False,False,False,False,False,True,False,False,False,Failure) row 10"
                time="0.0022025"/>
      <testcase classname="Philips.PMP.Test.Auto.WatchdogQualifierTest"
                name="QualifierVerifyTest (True,False,False,False,False,False,False,False,False,False,Success) row 11"
                time="0.0023051"/>
      <testcase classname="Philips.PMP.Test.Auto.PermissionChangesEventArgsTest"
                name="PermissionChangesEventArgsShouldNotUpdateIfMyHostsHasNotChangedTest"
                time="0.0010346"/>
      <testcase classname="Philips.PMP.Test.Auto.IheDriverTest"
                name="IntelliBridgeIHEDeviceChecksTcpClientPrerequisites (True,True,1) row 1"
                time="0.0570705"/>
      <testcase classname="Philips.PMP.Test.Auto.IheDriverTest"
                name="IntelliBridgeIHEDeviceChecksTcpClientPrerequisites (True,False,1) row 2"
                time="0.0013418"/>
      <testcase classname="Philips.PMP.Test.Auto.IheDriverTest"
                name="IntelliBridgeIHEDeviceChecksTcpClientPrerequisites (False,True,1) row 3"
                time="0.0225071"/>
      <testcase classname="Philips.PMP.Test.Auto.IheDriverTest"
                name="IntelliBridgeIHEDeviceChecksTcpClientPrerequisites (False,False,0) row 4"
                time="0.0060203"/>
      <testcase classname="Philips.PMP.Test.Auto.SystemStatusMessageHandlerTest"
                name="ClearStatusMessageIsCalled"
                time="0.0020387"/>
      <testcase classname="Philips.PMP.Test.Auto.StarTypeConverterTest"
                name="GetPatientTypeValidateConversions"
                time="0.0139136"/>
      <testcase classname="Philips.PMP.Test.Auto.InfoEventProviderTest"
                name="InfoEventStoreTwo"
                time="0.034245"/>
      <testcase classname="Philips.PMP.Test.Auto.PatientDataExportStorageWorkerTest"
                name="ReportSystemStatusIsCalledOnFailedWaveStorage"
                time="0.0199217"/>
      <testcase classname="Philips.PMP.Test.Auto.PatientDataExportFileTest"
                name="PdxCorrectInfoFileIsExported (8c37fcfb-37e8-4f8d-a030-972da0dcfbab,Model,SerialNumber) row 1"
                time="0.109875"/>
      <testcase classname="Philips.PMP.Test.Auto.PatientDataExportFileTest"
                name="PdxCorrectInfoFileIsExported (782c29ae-76a6-44b8-9566-f772cecd5852,ChildModel,ChildSerialNumber) row 2"
                time="0.1603655"/>
      <testcase classname="Philips.PMP.Test.Auto.RepositoryTest"
                name="RepositoryOnlyRetrievesSpotCheckDataWhenLicensed (True) row 1"
                time="0.1137146"/>
      <testcase classname="Philips.PMP.Test.Auto.RepositoryTest"
                name="RepositoryOnlyRetrievesSpotCheckDataWhenLicensed (False) row 2"
                time="0.0029308"/>
      <testcase classname="Philips.PMP.Test.Auto.AcknowledgeAlertsHelperTest"
                name="AcknowledgeAlertsHelperTryGetActionNamesForHighestPatientAlertAndHighestTechnicalAlertUnsupported"
                time="0.001321"/>
      <testcase classname="Philips.PMP.Test.Auto.ApmCrashSummaryDirectoryMonitorTest"
                name="ApmCrashSummaryDirectoryMonitorStartsStopsFileWatcher"
                time="0.0028828"/>
      <testcase classname="Philips.PMP.Test.Auto.ConfigurationServerQualifierTest"
                name="ConfigurationServerQualifierVerifyShould (Unknown,Offline,False) row 1"
                time="0.0050163"/>
      <testcase classname="Philips.PMP.Test.Auto.ConfigurationServerQualifierTest"
                name="ConfigurationServerQualifierVerifyShould (Unknown,Offline,True) row 2"
                time="0.0019526"/>
      <testcase classname="Philips.PMP.Test.Auto.ConfigurationServerQualifierTest"
                name="ConfigurationServerQualifierVerifyShould (Unknown,Connected,False) row 3"
                time="0.001931"/>
      <testcase classname="Philips.PMP.Test.Auto.ConfigurationServerQualifierTest"
                name="ConfigurationServerQualifierVerifyShould (Unknown,Connected,True) row 4"
                time="0.001925"/>
      <testcase classname="Philips.PMP.Test.Auto.ConfigurationServerQualifierTest"
                name="ConfigurationServerQualifierVerifyShould (Success,Offline,False) row 5"
                time="0.001939"/>
      <testcase classname="Philips.PMP.Test.Auto.ConfigurationServerQualifierTest"
                name="ConfigurationServerQualifierVerifyShould (Success,Offline,True) row 6"
                time="0.0021156"/>
      <testcase classname="Philips.PMP.Test.Auto.ConfigurationServerQualifierTest"
                name="ConfigurationServerQualifierVerifyShould (Success,Connected,False) row 7"
                time="0.0020837"/>
      <testcase classname="Philips.PMP.Test.Auto.ConfigurationServerQualifierTest"
                name="ConfigurationServerQualifierVerifyShould (Success,Connected,True) row 8"
                time="0.0020359"/>
      <testcase classname="Philips.PMP.LicenseService.Test.UnitLicenseProcessorTest"
                name="AreAnyLicensedForMyUnitTest"
                time="0.0024123"/>
      <testcase classname="Philips.PMP.Test.Auto.PatientMgrMapTest"
                name="PatientMgrMapTryFindByMonitorId"
                time="0.0324252"/>
      <testcase classname="Philips.PMP.Test.Auto.ECGStatisticsTest"
                name="PrintEcgStatisticsTest"
                time="0.2451019"/>
      <testcase classname="Philips.PMP.Test.Auto.CameraSystemUnitAssignmentControlTest"
                name="CameraSystemUnitAssignmentControlValidateCredentialInputTest (,,False,False) row 1"
                time="0.0888328"/>
      <testcase classname="Philips.PMP.Test.Auto.CameraSystemUnitAssignmentControlTest"
                name="CameraSystemUnitAssignmentControlValidateCredentialInputTest (,,True,False) row 2"
                time="0.0142747"/>
      <testcase classname="Philips.PMP.Test.Auto.CameraSystemUnitAssignmentControlTest"
                name="CameraSystemUnitAssignmentControlValidateCredentialInputTest (test,,False,False) row 3"
                time="0.0186976"/>
      <testcase classname="Philips.PMP.Test.Auto.CameraSystemUnitAssignmentControlTest"
                name="CameraSystemUnitAssignmentControlValidateCredentialInputTest (,test2,False,False) row 4"
                time="0.0126987"/>
      <testcase classname="Philips.PMP.Test.Auto.CameraSystemUnitAssignmentControlTest"
                name="CameraSystemUnitAssignmentControlValidateCredentialInputTest (test,test2,False,False) row 5"
                time="0.0180061"/>
      <testcase classname="Philips.PMP.Test.Auto.CameraSystemUnitAssignmentControlTest"
                name="CameraSystemUnitAssignmentControlValidateCredentialInputTest (test,test2,True,True) row 6"
                time="0.0134688"/>
      <testcase classname="Philips.PMP.Test.Auto.ProtocolWatchTest"
                name="ProtocolWatchStartTest"
                time="0.0088605"/>
      <testcase classname="Philips.PMP.Test.Auto.Hl7OruEncoderTest"
                name="EC10AlarmLimitsNotInClassicTest"
                time="0.0059547"/>
      <testcase classname="Philips.PMP.Test.Auto.NetworkScanTest"
                name="GetFmIdFromIPAddress"
                time="0.0058334"/>
      <testcase classname="Philips.PMP.Test.Auto.CaregiverAssignmentProviderTest"
                name="GetCaregiverAssignmentsForSameUnit"
                time="0.6372381"/>
      <testcase classname="Philips.PMP.Test.Auto.NumericProviderTest"
                name="NumericProviderPeriodicQuantumPDT"
                time="0.2879794"/>
      <testcase classname="Philips.PMP.Test.Auto.ExportLogsHelperTest"
                name="ExportLogHelperConveysArchiveInformationToOtherHosts (True) row 1"
                time="0.8214655"/>
      <testcase classname="Philips.PMP.Test.Auto.ExportLogsHelperTest"
                name="ExportLogHelperConveysArchiveInformationToOtherHosts (False) row 2"
                time="0.0044941"/>
      <testcase classname="Philips.PMP.Test.Auto.UnitPermissionsControlTest"
                name="UnitPermissionsControlSaveSettings"
                time="0.0168418"/>
      <testcase classname="Philips.PMP.Test.Auto.PatientDataExportStorageTest"
                name="PdxAttributesWithDifferentSourcesAreDifferent"
                time="0.0312898"/>
      <testcase classname="Philips.PMP.Test.Auto.DataTileHelperTest"
                name="DataTileHelperGetPixelsPerMMIntTest"
                time="0.0058864"/>
      <testcase classname="Philips.IX.UserManagement.Test.ProveIdWebApiMessageTest"
                name="MessageWrongMimeTypeTest"
                time="0.0084865"/>
      <testcase classname="Philips.PMP.Test.Auto.FurtherAuthenticationEntryControlTest"
                name="FurtherAuthenticationEntryControlUserLoggedIn"
                time="0.0226047"/>
      <testcase classname="Philips.PMP.Test.Auto.PhysioDataHelperTest"
                name="IsUnavailableDataInopAlertTest"
                time="0.0053867"/>
      <testcase classname="Philips.PMP.Test.Auto.NumericProviderTest"
                name="NumericProviderPeriodicMergeLabelTextId2"
                time="0.383276"/>
      <testcase classname="Philips.PMP.Test.Auto.MultiSurveillanceMgrTest"
                name="MultiSurveillanceMgrMyHostNotModifiedWillNotRefreshHostSilencePermissions"
                time="0.0020505"/>
      <testcase classname="Philips.PMP.Test.Auto.AdtQualifierTest"
                name="InboundAdtLicensedHostsWithNoDeviceWarns"
                time="0.0138837"/>
      <testcase classname="Philips.PMP.Test.Auto.MobilePatientMgrTest"
                name="PatientLookupByBarcode (LifetimeId,1) row 1"
                time="0.0146792"/>
      <testcase classname="Philips.PMP.Test.Auto.MobilePatientMgrTest"
                name="PatientLookupByBarcode (EncounterId,1) row 2"
                time="0.0159603"/>
      <testcase classname="Philips.PMP.Test.Auto.MobilePatientMgrTest"
                name="PatientLookupByBarcode (None,0) row 3"
                time="0.0095635"/>
      <testcase classname="Philips.PMP.Test.Auto.MobilePatientMgrTest"
                name="PatientLookupByBarcode (Unknown,0) row 4"
                time="0.009312"/>
      <testcase classname="Philips.PMP.Test.Auto.TopologyTreeControlTest"
                name="TopologyTreeControlSelectMyHost"
                time="0.2807379"/>
      <testcase classname="Philips.CareEvent.Test.CareAssignmentOverviewRoleCheckerTest"
                name="FilterPotentialDelegates"
                time="0.0054395"/>
      <testcase classname="Philips.PMP.Test.Auto.Hl7AlarmClientMgrTest"
                name="AlarmClientStartStopTest"
                time="0.003407"/>
      <testcase classname="Philips.CareEvent.Test.CareTouchCommunicationMgrTest"
                name="AddAndRemoveUndeliverableEvents"
                time="0.0049079"/>
      <testcase classname="Philips.CareEvent.Test.MessageRecipientMgrTest"
                name="GetNonStandardDeviceUsersToSendMessageSuccessTest"
                time="0.0027226"/>
      <testcase classname="Philips.PMP.Test.Auto.ProtocolWatchEngineWrapperTest"
                name="ProtocolWatchVerifyUnitCodeForNumericTest"
                time="0.0087221"/>
      <testcase classname="Philips.PMP.Test.Auto.InboundAdtPatientConfigQualifierTest"
                name="InboundAdtPatientConfigQualifierPassesWhenNoDeviceConfigured"
                time="0.0170222"/>
      <testcase classname="Philips.PMP.Test.Auto.RepositoryTest"
                name="MetricRepositoryCanRetrieveByBasePhysioId"
                time="0.0048611"/>
      <testcase classname="Philips.PMP.Test.Auto.EventCategorySettingsMgrTest"
                name="RingtoneTest"
                time="0.0184153"/>
      <testcase classname="Philips.PMP.Test.Auto.IntellibridgeDeviceDataTest"
                name="IntelliBridgeDriverArcomedClientMessageExtractionTest"
                time="0.0005326"/>
      <testcase classname="Philips.PMP.Test.Auto.LabelAssignmentControlTest"
                name="InitializeControlTest"
                time="0.0846975"/>
      <testcase classname="Philips.PMP.LicenseService.Test.LicenseHostValidatorTest"
                name="NotificationOnPrimaryValidation (128,128,True) row 1"
                time="0.0021999"/>
      <testcase classname="Philips.PMP.LicenseService.Test.LicenseHostValidatorTest"
                name="NotificationOnPrimaryValidation (128,129,False) row 2"
                time="0.0010968"/>
      <testcase classname="Philips.PMP.LicenseService.Test.LicenseHostValidatorTest"
                name="NotificationOnPrimaryValidation (256,32,True) row 3"
                time="0.0010567"/>
      <testcase classname="Philips.PMP.LicenseService.Test.LicenseHostValidatorTest"
                name="NotificationOnPrimaryValidation (256,33,False) row 4"
                time="0.0012105"/>
      <testcase classname="Philips.PMP.LicenseService.Test.LicenseHostValidatorTest"
                name="NotificationOnPrimaryValidation (1024,16,True) row 5"
                time="0.0010133"/>
      <testcase classname="Philips.PMP.LicenseService.Test.LicenseHostValidatorTest"
                name="NotificationOnPrimaryValidation (1024,17,False) row 6"
                time="0.0010133"/>
      <testcase classname="Philips.PMP.LicenseService.Test.LicenseHostValidatorTest"
                name="NotificationOnPrimaryValidation (1025,1,False) row 7"
                time="0.0010466"/>
      <testcase classname="Philips.PMP.Test.Auto.LldpInfoTest"
                name="MonitorPortIdentifierGetter (68bdab1c1d80,Fa0/13,Switch,68bdab1c1d80 : Fa0/13 : Switch) row 1"
                time="0.0005613"/>
      <testcase classname="Philips.PMP.Test.Auto.LldpInfoTest"
                name="MonitorPortIdentifierGetter (68bdab1c1d80,Fa0/13,,68bdab1c1d80 : Fa0/13 : ) row 2"
                time="0.0004459"/>
      <testcase classname="Philips.PMP.Test.Auto.LldpInfoTest"
                name="MonitorPortIdentifierGetter (68bdab1c1d80,Fa0/13,VeryLongSwitchNameIdentifier,68bdab1c1d80 : Fa0/13 : VeryLongSwitchNameId) row 3"
                time="0.0005554"/>
      <testcase classname="Philips.PMP.Test.Auto.RolesControlTest"
                name="RoleControlInitialize"
                time="0.1381682"/>
      <testcase classname="Philips.PMP.Test.Auto.UnitSettingsTest"
                name="StoreXmlTest"
                time="0.9576774"/>
      <testcase classname="Philips.PMP.Test.Auto.WaveChunkerTest"
                name="WaveChunkerWith1WaveChunkTest"
                time="0.0028389"/>
      <testcase classname="Philips.PMP.Test.Auto.BitLockerEditorTest"
                name="IsTpmEnabledTest (True) row 1"
                time="0.0709274"/>
      <testcase classname="Philips.PMP.Test.Auto.BitLockerEditorTest"
                name="IsTpmEnabledTest (False) row 2"
                time="0.0047734"/>
      <testcase classname="Philips.PMP.Test.Auto.CaregiverPaginatorTest"
                name="MaxCaregiversToDisplayShouldReturnNumCaregiversWhenLessThanAPage (0) row 1"
                time="0.0012018"/>
      <testcase classname="Philips.PMP.Test.Auto.CaregiverPaginatorTest"
                name="MaxCaregiversToDisplayShouldReturnNumCaregiversWhenLessThanAPage (1) row 2"
                time="0.0017954"/>
      <testcase classname="Philips.PMP.Test.Auto.CaregiverPaginatorTest"
                name="MaxCaregiversToDisplayShouldReturnNumCaregiversWhenLessThanAPage (50) row 3"
                time="0.0007226"/>
      <testcase classname="Philips.PMP.Test.Auto.CaregiverPaginatorTest"
                name="MaxCaregiversToDisplayShouldReturnNumCaregiversWhenLessThanAPage (99) row 4"
                time="0.0028901"/>
      <testcase classname="Philips.PMP.Test.Auto.CaregiverPaginatorTest"
                name="MaxCaregiversToDisplayShouldReturnNumCaregiversWhenLessThanAPage (100) row 5"
                time="0.001018"/>
      <testcase classname="Philips.PMP.Test.Auto.PhysioDataHelperTest"
                name="GetDataChangeIntervalsSingleWaveTest"
                time="0.0055067"/>
      <testcase classname="Philips.PMP.Test.Auto.InboundAdtPatientConfigQualifierTest"
                name="InboundAdtPatientConfigQualifierFailsWhenHifNotRunning"
                time="0.0652685"/>
      <testcase classname="Philips.PMP.Test.Auto.EventCategorySettingsProviderTest"
                name="CopyEventCategorySettings"
                time="0.5083198"/>
      <testcase classname="Philips.PMP.Test.Auto.HubPasswordControlTest"
                name="TryHassPassTest (Gen@1pass) row 1"
                time="0.0021368"/>
      <testcase classname="Philips.PMP.Test.Auto.HubPasswordControlTest"
                name="TryHassPassTest (test) row 2"
                time="0.0004006"/>
      <testcase classname="Philips.PIC.SharedAssignment.Test.SharedAssignmentJsonCollectorTest"
                name="SharedAssignmentCollectorRaisesEventOnValidDelimiters (SampleBundleWithoutDelimiters.json,False,0) row 1"
                time="0.0328624"/>
      <testcase classname="Philips.PIC.SharedAssignment.Test.SharedAssignmentJsonCollectorTest"
                name="SharedAssignmentCollectorRaisesEventOnValidDelimiters (SampleIncompleteStartChar.json,False,0) row 2"
                time="0.0010932"/>
      <testcase classname="Philips.PIC.SharedAssignment.Test.SharedAssignmentJsonCollectorTest"
                name="SharedAssignmentCollectorRaisesEventOnValidDelimiters (SampleIncompleteEndChar.json,False,0) row 3"
                time="0.0011562"/>
      <testcase classname="Philips.PIC.SharedAssignment.Test.SharedAssignmentJsonCollectorTest"
                name="SharedAssignmentCollectorRaisesEventOnValidDelimiters (SampleIBEWithStartEndChar.json,True,1) row 4"
                time="0.0054714"/>
      <testcase classname="Philips.PIC.SharedAssignment.Test.SharedAssignmentJsonCollectorTest"
                name="SharedAssignmentCollectorRaisesEventOnValidDelimiters (SampleMultipleBundles.json,True,2) row 5"
                time="0.0011442"/>
      <testcase classname="Philips.PIC.SharedAssignment.Test.SharedAssignmentJsonCollectorTest"
                name="SharedAssignmentCollectorRaisesEventOnValidDelimiters (SampleMultipleBundlesWithStaleData.json,True,2) row 6"
                time="0.0009187"/>
      <testcase classname="Philips.PIC.SharedAssignment.Test.SharedAssignmentJsonCollectorTest"
                name="SharedAssignmentCollectorRaisesEventOnValidDelimiters (SampleMultipleBundlesWithStaleStartDelimiter.json,True,1) row 7"
                time="0.0039571"/>
      <testcase classname="Philips.PIC.SharedAssignment.Test.SharedAssignmentJsonCollectorTest"
                name="SharedAssignmentCollectorRaisesEventOnValidDelimiters (SampleMultipleBundlesWithStaleEndDelimiter.json,True,2) row 8"
                time="0.0009761"/>
      <testcase classname="Philips.PMP.Test.Auto.WatchdogServiceTest"
                name="ProcessFailureDetectionTest"
                time="0.2165567"/>
      <testcase classname="Philips.PMP.Test.Auto.HL7Test"
                name="HL7PdsDataProcessingTest"
                time="0.0254958"/>
      <testcase classname="Philips.PMP.Test.Auto.IntelliBridgeLanDaTest"
                name="IntelliBridgeLanDaBBraunSpaceProcessAlarmsTest"
                time="0.0086239"/>
      <testcase classname="Philips.IX.UserManagement.Test.ProveIdWebApiServerSequencerTest"
                name="GetServersAllUnavailableTest"
                time="0.0681243"/>
      <testcase classname="Philips.PMP.Test.Auto.DemoNicQualifierTest"
                name="DemoNicQualifierVerify (Dhcp,False,172.31.4.1,255.255.248.0,True,True) row 1"
                time="0.0415422"/>
      <testcase classname="Philips.PMP.Test.Auto.DemoNicQualifierTest"
                name="DemoNicQualifierVerify (Dhcp,False,10.0.0.4,255.255.248.0,True,False) row 2"
                time="0.0015444"/>
      <testcase classname="Philips.PMP.Test.Auto.DemoNicQualifierTest"
                name="DemoNicQualifierVerify (Dhcp,False,172.31.4.1,255.255.254.0,True,False) row 3"
                time="0.0156889"/>
      <testcase classname="Philips.PMP.Test.Auto.DemoNicQualifierTest"
                name="DemoNicQualifierVerify (Dhcp,False,10.0.0.4,255.255.254.0,True,False) row 4"
                time="0.0017135"/>
      <testcase classname="Philips.PMP.Test.Auto.DemoNicQualifierTest"
                name="DemoNicQualifierVerify (Dhcp,False,172.31.4.1,255.255.248.0,False,True) row 5"
                time="0.001559"/>
      <testcase classname="Philips.PMP.Test.Auto.DemoNicQualifierTest"
                name="DemoNicQualifierVerify (Dhcp,False,10.0.0.4,255.255.248.0,False,True) row 6"
                time="0.001745"/>
      <testcase classname="Philips.PMP.Test.Auto.DemoNicQualifierTest"
                name="DemoNicQualifierVerify (Dhcp,False,172.31.4.1,255.255.254.0,False,True) row 7"
                time="0.0017562"/>
      <testcase classname="Philips.PMP.Test.Auto.DemoNicQualifierTest"
                name="DemoNicQualifierVerify (Dhcp,False,10.0.0.4,255.255.254.0,False,True) row 8"
                time="0.002622"/>
      <testcase classname="Philips.PMP.Test.Auto.DemoNicQualifierTest"
                name="DemoNicQualifierVerify (Dhcp,True,172.31.4.1,255.255.248.0,True,False) row 9"
                time="0.0073103"/>
      <testcase classname="Philips.PMP.Test.Auto.DemoNicQualifierTest"
                name="DemoNicQualifierVerify (Dhcp,True,10.0.0.4,255.255.248.0,True,False) row 10"
                time="0.0062565"/>
      <testcase classname="Philips.PMP.Test.Auto.DemoNicQualifierTest"
                name="DemoNicQualifierVerify (Dhcp,True,172.31.4.1,255.255.254.0,True,False) row 11"
                time="0.0071583"/>
      <testcase classname="Philips.PMP.Test.Auto.DemoNicQualifierTest"
                name="DemoNicQualifierVerify (Dhcp,True,10.0.0.4,255.255.254.0,True,False) row 12"
                time="0.0017092"/>
      <testcase classname="Philips.PMP.Test.Auto.DemoNicQualifierTest"
                name="DemoNicQualifierVerify (Dhcp,True,172.31.4.1,255.255.248.0,False,False) row 13"
                time="0.0041339"/>
      <testcase classname="Philips.PMP.Test.Auto.DemoNicQualifierTest"
                name="DemoNicQualifierVerify (Dhcp,True,10.0.0.4,255.255.248.0,False,False) row 14"
                time="0.0016696"/>
      <testcase classname="Philips.PMP.Test.Auto.DemoNicQualifierTest"
                name="DemoNicQualifierVerify (Dhcp,True,172.31.4.1,255.255.254.0,False,False) row 15"
                time="0.0016046"/>
      <testcase classname="Philips.PMP.Test.Auto.DemoNicQualifierTest"
                name="DemoNicQualifierVerify (Dhcp,True,10.0.0.4,255.255.254.0,False,False) row 16"
                time="0.0192118"/>
      <testcase classname="Philips.PMP.Test.Auto.DemoNicQualifierTest"
                name="DemoNicQualifierVerify (Loopback,False,172.31.4.1,255.255.248.0,True,False) row 17"
                time="0.0157691"/>
      <testcase classname="Philips.PMP.Test.Auto.DemoNicQualifierTest"
                name="DemoNicQualifierVerify (Loopback,False,10.0.0.4,255.255.248.0,True,False) row 18"
                time="0.0036561"/>
      <testcase classname="Philips.PMP.Test.Auto.DemoNicQualifierTest"
                name="DemoNicQualifierVerify (Loopback,False,172.31.4.1,255.255.254.0,True,False) row 19"
                time="0.0015766"/>
      <testcase classname="Philips.PMP.Test.Auto.DemoNicQualifierTest"
                name="DemoNicQualifierVerify (Loopback,False,172.31.4.1,255.255.254.0,True,False) row 20"
                time="0.0016053"/>
      <testcase classname="Philips.PMP.Test.Auto.DemoNicQualifierTest"
                name="DemoNicQualifierVerify (Loopback,False,172.31.4.1,255.255.248.0,False,False) row 21"
                time="0.0078934"/>
      <testcase classname="Philips.PMP.Test.Auto.DemoNicQualifierTest"
                name="DemoNicQualifierVerify (Loopback,False,10.0.0.4,255.255.248.0,False,False) row 22"
                time="0.0040463"/>
      <testcase classname="Philips.PMP.Test.Auto.DemoNicQualifierTest"
                name="DemoNicQualifierVerify (Loopback,False,172.31.4.1,255.255.254.0,False,False) row 23"
                time="0.0122292"/>
      <testcase classname="Philips.PMP.Test.Auto.DemoNicQualifierTest"
                name="DemoNicQualifierVerify (Loopback,False,172.31.4.1,255.255.254.0,False,False) row 24"
                time="0.0039343"/>
      <testcase classname="Philips.PMP.Test.Auto.DemoNicQualifierTest"
                name="DemoNicQualifierVerify (Loopback,True,172.31.4.1,255.255.248.0,True,True) row 25"
                time="0.002827"/>
      <testcase classname="Philips.PMP.Test.Auto.DemoNicQualifierTest"
                name="DemoNicQualifierVerify (Loopback,True,10.0.0.4,255.255.248.0,True,False) row 26"
                time="0.0014965"/>
      <testcase classname="Philips.PMP.Test.Auto.DemoNicQualifierTest"
                name="DemoNicQualifierVerify (Loopback,True,172.31.4.1,255.255.254.0,True,False) row 27"
                time="0.0014678"/>
      <testcase classname="Philips.PMP.Test.Auto.DemoNicQualifierTest"
                name="DemoNicQualifierVerify (Loopback,True,172.31.4.1,255.255.254.0,True,False) row 28"
                time="0.0013699"/>
      <testcase classname="Philips.PMP.Test.Auto.DemoNicQualifierTest"
                name="DemoNicQualifierVerify (Loopback,True,172.31.4.1,255.255.248.0,False,True) row 29"
                time="0.0012864"/>
      <testcase classname="Philips.PMP.Test.Auto.DemoNicQualifierTest"
                name="DemoNicQualifierVerify (Loopback,True,10.0.0.4,255.255.248.0,False,False) row 30"
                time="0.0013109"/>
      <testcase classname="Philips.PMP.Test.Auto.DemoNicQualifierTest"
                name="DemoNicQualifierVerify (Loopback,True,172.31.4.1,255.255.254.0,False,False) row 31"
                time="0.0076176"/>
      <testcase classname="Philips.PMP.Test.Auto.DemoNicQualifierTest"
                name="DemoNicQualifierVerify (Loopback,True,172.31.4.1,255.255.254.0,False,False) row 32"
                time="0.0211629"/>
      <testcase classname="Philips.PMP.Test.Auto.PatientServiceDecisionHelperTest"
                name="PatientServiceDecisionHelperShouldSendUpdateInResponseToQueryTest (Unknown,False,True) row 1"
                time="0.0117493"/>
      <testcase classname="Philips.PMP.Test.Auto.PatientServiceDecisionHelperTest"
                name="PatientServiceDecisionHelperShouldSendUpdateInResponseToQueryTest (Unknown,True,True) row 2"
                time="0.0112339"/>
      <testcase classname="Philips.PMP.Test.Auto.PatientServiceDecisionHelperTest"
                name="PatientServiceDecisionHelperShouldSendUpdateInResponseToQueryTest (Success,False,False) row 3"
                time="0.0207888"/>
      <testcase classname="Philips.PMP.Test.Auto.PatientServiceDecisionHelperTest"
                name="PatientServiceDecisionHelperShouldSendUpdateInResponseToQueryTest (Success,True,True) row 4"
                time="0.012573"/>
      <testcase classname="Philips.PMP.Test.Auto.Ecg12LeadServiceTest"
                name="Ecg12LeadServiceExportPatientNotFoundTest"
                time="0.0053907"/>
      <testcase classname="Philips.PMP.Test.Auto.AppDomainSectorFactoryMgrTest"
                name="AppDomainSectorFactoryMgrCreatesAppDomainSectorFactory (B.03.01.00) row 1"
                time="0.0030181"/>
      <testcase classname="Philips.PMP.Test.Auto.AppDomainSectorFactoryMgrTest"
                name="AppDomainSectorFactoryMgrCreatesAppDomainSectorFactory (C.02.01.00) row 2"
                time="0.0009026"/>
      <testcase classname="Philips.PMP.Test.Auto.AppDomainSectorFactoryMgrTest"
                name="AppDomainSectorFactoryMgrCreatesAppDomainSectorFactory (C.03.00.00) row 3"
                time="0.0008636"/>
      <testcase classname="Philips.PMP.Test.Auto.AppDomainSectorFactoryMgrTest"
                name="AppDomainSectorFactoryMgrCreatesAppDomainSectorFactory (D.00.00.00) row 4"
                time="0.0008404"/>
      <testcase classname="Philips.PMP.Test.Auto.AcpmpQualifierTest"
                name="AcpmpQualifierSucceedsNotConfigured"
                time="0.0105228"/>
      <testcase classname="Philips.PMP.Test.Auto.SharedIconMgrTest"
                name="SharedIconMgrGetEwsIconTest (Mews,32) row 1"
                time="0.0022336"/>
      <testcase classname="Philips.PMP.Test.Auto.SharedIconMgrTest"
                name="SharedIconMgrGetEwsIconTest (Sps,32) row 2"
                time="0.0019651"/>
      <testcase classname="Philips.PMP.Test.Auto.SharedIconMgrTest"
                name="SharedIconMgrGetEwsIconTest (EwsDeterioration,32) row 3"
                time="0.0014831"/>
      <testcase classname="Philips.PMP.Test.Auto.SharedIconMgrTest"
                name="SharedIconMgrGetEwsIconTest (EwsDeteriorationScore,22) row 4"
                time="0.0020248"/>
      <testcase classname="Philips.PMP.Test.Auto.SharedIconMgrTest"
                name="SharedIconMgrGetEwsIconTest (SpsDeteriorationScore,22) row 5"
                time="0.0011705"/>
      <testcase classname="Philips.PMP.Test.Auto.StitchTest"
                name="StitchAlertPhysioDataTest"
                time="0.0080921"/>
      <testcase classname="Philips.PMP.Test.Auto.VersionExTest"
                name="CompareToTest"
                time="0.0009745"/>
      <testcase classname="Philips.PMP.Test.Auto.WaveHelperTest"
                name="ShouldMergeWaveChunksTest"
                time="0.0006027"/>
      <testcase classname="Philips.PMP.Test.Auto.AlertNotificationConnectionControlTest"
                name="PopulateUnitListTest"
                time="0.0313876"/>
      <testcase classname="Philips.CareEvent.Test.MessageRecipientControlTests"
                name="ValidateTest"
                time="0.0202212"/>
      <testcase classname="Philips.PMP.Test.Auto.Hl7MonitorDeviceCacheTest"
                name="Hl7MonitorDeviceCacheTryGetMonitorDeviceTest (True,False,False,False) row 1"
                time="0.0087435"/>
      <testcase classname="Philips.PMP.Test.Auto.Hl7MonitorDeviceCacheTest"
                name="Hl7MonitorDeviceCacheTryGetMonitorDeviceTest (False,False,False,False) row 2"
                time="0.0012354"/>
      <testcase classname="Philips.PMP.Test.Auto.Hl7MonitorDeviceCacheTest"
                name="Hl7MonitorDeviceCacheTryGetMonitorDeviceTest (False,False,True,True) row 3"
                time="0.0024754"/>
      <testcase classname="Philips.PMP.Test.Auto.Hl7MonitorDeviceCacheTest"
                name="Hl7MonitorDeviceCacheTryGetMonitorDeviceTest (False,True,True,True) row 4"
                time="0.0011028"/>
      <testcase classname="Philips.PMP.Test.Auto.TeleProfileHelperTest"
                name="IsCategoryAdultTest"
                time="0.001108"/>
      <testcase classname="Philips.PMP.Test.Auto.SectorAssignmentControlHelperTest"
                name="SectorAssignmentControlHelperTryAssignSectorIsOverviewLink (True,ExceedMaxBedForUnitLimit,Unknown,Unknown,True) row 1"
                time="0.0174852"/>
      <testcase classname="Philips.PMP.Test.Auto.SectorAssignmentControlHelperTest"
                name="SectorAssignmentControlHelperTryAssignSectorIsOverviewLink (False,Success,Success,Unknown,True) row 2"
                time="0.0081575"/>
      <testcase classname="Philips.PMP.Test.Auto.SectorAssignmentControlHelperTest"
                name="SectorAssignmentControlHelperTryAssignSectorIsOverviewLink (False,Success,Success,Success,False) row 3"
                time="0.0051443"/>
      <testcase classname="Philips.PMP.Test.Auto.SectorAssignmentControlHelperTest"
                name="SectorAssignmentControlHelperTryAssignSectorIsOverviewLink (True,Unknown,Unknown,Success,True) row 4"
                time="0.007447"/>
      <testcase classname="Philips.PMP.Test.Auto.SectorAssignmentControlHelperTest"
                name="SectorAssignmentControlHelperTryAssignSectorIsOverviewLink (True,Unknown,Success,Success,True) row 5"
                time="0.0064474"/>
      <testcase classname="Philips.PMP.Test.Auto.SectorAssignmentControlHelperTest"
                name="SectorAssignmentControlHelperTryAssignSectorIsOverviewLink (True,Success,BedAlreadyAssigned,Success,True) row 6"
                time="0.0065033"/>
      <testcase classname="Philips.PMP.Test.Auto.SectorAssignmentControlHelperTest"
                name="SectorAssignmentControlHelperTryAssignSectorIsOverviewLink (True,Success,ExceedMaxOverviewSectors,Success,True) row 7"
                time="0.0089758"/>
      <testcase classname="Philips.PMP.Test.Auto.SectorAssignmentControlHelperTest"
                name="SectorAssignmentControlHelperTryAssignSectorIsOverviewLink (True,Success,Success,Success,False) row 8"
                time="0.0044161"/>
      <testcase classname="Philips.PMP.Test.Auto.PatientSelectionHelperTest"
                name="PatientSelectionHelperSortHisPatientsByChangeTriggerTypesTest"
                time="0.0495176"/>
      <testcase classname="Philips.PMP.Test.Auto.NumericDataHelperTester"
                name="CorrectNumericTimesTest"
                time="0.0230151"/>
      <testcase classname="Philips.PMP.Test.Auto.NotificationSettingProviderTest"
                name="GetAlarmReflectionSettingsTest"
                time="0.0079876"/>
      <testcase classname="Philips.PMP.Test.Auto.HeartbeatQualifierTest"
                name="HeartBeatQualifierWillSleepBetweenReports"
                time="0.0103521"/>
      <testcase classname="Philips.PMP.Test.Auto.RepositoryTest"
                name="PdsMgrSplitsDictionaries"
                time="0.0197396"/>
      <testcase classname="Philips.CareEvent.Test.MobileRequestMgrTests"
                name="UpdateUserSettingsTest"
                time="0.0324958"/>
      <testcase classname="Philips.PMP.Test.Auto.PhysioDataDisplayHelperTest"
                name="TryGetGuidByWaveIdTimeRangeTest"
                time="0.002533"/>
      <testcase classname="Philips.PMP.Test.Auto.NumericProviderTest"
                name="NumericProviderPeriodicMergeLabelTextId1"
                time="0.4287294"/>
      <testcase classname="Philips.PMP.Test.Auto.SolutionSettingsTest"
                name="HintPathTest"
                time="0.3145414"/>
      <testcase classname="Philips.PMP.Test.Auto.LicenseViewerXmlProviderTest"
                name="InstitutionXmlProviderLoad"
                time="0.0106463"/>
      <testcase classname="Philips.PMP.Test.Auto.DeviceSettingsControlTest"
                name="DeviceSettingsControlSaveWavePriority"
                time="0.8928021"/>
      <testcase classname="Philips.PMP.Test.Auto.RepositoryTest"
                name="IfScanReportsStopBeingReceivedPdsStopsSourcingMetricDataTest"
                time="0.0656539"/>
      <testcase classname="Philips.PIC.DataAcquisition.Test.MonitoringDevicePatientLookupMgrTest"
                name="MonitoringDevicePatientLookupSuccessTest"
                time="0.1232793"/>
      <testcase classname="Philips.PMP.Test.Auto.SurveillanceLayoutTest"
                name="LayoutMinimizedDisplaysTest"
                time="0.2424925"/>
      <testcase classname="Philips.PMP.Test.Auto.SectorAlertStateTest"
                name="SectorAlertStateUpdateHighestUnacknowledgedAlertTypes"
                time="0.0306699"/>
      <testcase classname="Philips.PMP.Test.Auto.IntelliBridgeDeviceWaveTest"
                name="IntelliBridgeDeviceWaveOutOfRangeValueTest (8,-35.0,35.0,AWF,151764,l/min,265216,0,4095) row 1"
                time="0.0007896"/>
      <testcase classname="Philips.PMP.Test.Auto.RmsTest"
                name="RmsStaticWave"
                time="0.1310227"/>
      <testcase classname="Philips.PMP.Test.Auto.SqlCrashReportMonitorTest"
                name="DbccMessageLogTest"
                time="0.0278896"/>
      <testcase classname="Philips.iX.InboundDataBridge.Test.PhysioDataInboundBridgeServiceTest"
                name="StopServiceTest (False) row 1"
                time="0.006081"/>
      <testcase classname="Philips.iX.InboundDataBridge.Test.PhysioDataInboundBridgeServiceTest"
                name="StopServiceTest (True) row 2"
                time="0.0254491"/>
      <testcase classname="Philips.PMP.Test.Auto.IheDeviceTest"
                name="ProcessPC01MessageAddRemoveVMDChannel"
                time="0.0134592"/>
      <testcase classname="Philips.PMP.Test.Auto.PatientDemographicChoiceFieldsValuesGeneratorTest"
                name="PatientDemographicChoiceFieldsValuesGeneratorGetResuscitationValues"
                time="0.0041005"/>
      <testcase classname="Philips.PMP.Test.Auto.PatientBodyCalculationsHelperTest"
                name="PatientBodyCalculationsHelperGetBodySurfaceArea"
                time="0.0014017"/>
      <testcase classname="Philips.PMP.Test.Auto.ServiceQualifierTest"
                name="RemoteRegistryQualifierShouldNotBeDrivenStart"
                time="0.0020013"/>
      <testcase classname="Philips.PMP.Test.Auto.ProfileProviderTest"
                name="StoreInsertInheritedProfile"
                time="0.0089935"/>
      <testcase classname="Philips.PMP.Test.Auto.ProtocolWatchControlMgrTest"
                name="ProtocolWatchGetAssignedProtocolsTest"
                time="0.2685808"/>
      <testcase classname="Philips.PMP.Test.Auto.WaveProviderTest"
                name="WaveMergeInAQuantum"
                time="0.0413932"/>
      <testcase classname="Philips.PMP.Test.Auto.ApmOsUpdateProcessorTest"
                name="ApmOsUpdateProcessorDownloadOsUpdatesTest"
                time="0.0557646"/>
      <testcase classname="Philips.PMP.Test.Auto.SqlServerOffloadQualifierTest"
                name="OffloadShouldBeStored"
                time="0.0090784"/>
      <testcase classname="Philips.PMP.Test.Auto.BBraunStateMachineTest"
                name="StateMemGetDelayTest"
                time="0.0068906"/>
      <testcase classname="Philips.PMP.Test.Auto.EnterpriseProviderTest"
                name="GetMyInstitution"
                time="0.2590408"/>
      <testcase classname="Philips.PMP.Test.Auto.SystemPerformanceTest"
                name="DeleteProfile"
                time="0.8332525"/>
      <testcase classname="Philips.PMP.Test.Auto.StitchTest"
                name="StitchReceivedDvcLogicTwoEqualTest"
                time="0.0070318"/>
      <testcase classname="Philips.PMP.Test.Auto.DeviceCompatibilityDeterminerTest"
                name="DeviceCompatibilityNoPrincipalSectorTest"
                time="0.0010509"/>
      <testcase classname="Philips.IX.UserManagement.Test.ProveIdWebApiServerSequencerTest"
                name="GetServersWithFailedAndTimedOut"
                time="0.0720493"/>
      <testcase classname="Philips.PMP.Test.Auto.EcgFilterHelperTest"
                name="UndershootOnlyRemovedFromPassedInDataTest"
                time="0.016743"/>
      <testcase classname="Philips.PMP.Test.Auto.PhysioDataHelperTest"
                name="RRacIsSlowWaveTest"
                time="0.0205558"/>
      <testcase classname="Philips.PMP.Test.Auto.WatchdogHelperTest"
                name="GenerateDumpFilenameTest"
                time="0.3993412"/>
      <testcase classname="Philips.CareEvent.Test.ConnectionSettingsControlTest"
                name="ValidateAndSaveSettingsTest"
                time="0.1086049"/>
      <testcase classname="Philips.PMP.Test.Auto.SqlServerQualifierTest"
                name="SqlSeverQualifer2019OrHigherTest (True,Unknown,False) row 1"
                time="0.0042151"/>
      <testcase classname="Philips.PMP.Test.Auto.SqlServerQualifierTest"
                name="SqlSeverQualifer2019OrHigherTest (False,Failure,False) row 2"
                time="0.0043633"/>
      <testcase classname="Philips.PMP.Test.Auto.SqlServerQualifierTest"
                name="SqlSeverQualifer2019OrHigherTest (False,Warning,True) row 3"
                time="0.0135822"/>
      <testcase classname="Philips.PMP.Test.Auto.CaregiverAssignmentProviderTest"
                name="PreserveCaregiverAssignmentLockAreSavedSuccessfully"
                time="0.3088259"/>
      <testcase classname="Philips.CareEvent.Test.CeQualificationProviderTest"
                name="GetServiceHostQualiersTest (True,5) row 1"
                time="0.0084253"/>
      <testcase classname="Philips.CareEvent.Test.CeQualificationProviderTest"
                name="GetServiceHostQualiersTest (False,0) row 2"
                time="0.0006806"/>
      <testcase classname="Philips.PMP.Test.Auto.DeviceControlSubscriptionMgrTest"
                name="ControlSusbcriptionMgrCanAddNewSubscriber"
                time="0.0402574"/>
      <testcase classname="Philips.CareEvent.Test.CustomProductControlTests"
                name="CancelKeyTest"
                time="0.0777062"/>
      <testcase classname="Philips.PMP.Test.Auto.EcgDerivationMgrTest"
                name="PadsPaddlesCorrectlyPassThroughEcgDerivationMgrTest"
                time="0.0131976"/>
      <testcase classname="Philips.PMP.Test.Auto.BodyCalculationsControlTest"
                name="BodyCalculationsControlPopulateSetting"
                time="0.0085277"/>
      <testcase classname="Philips.PMP.Test.Auto.DynamicAttributesComparerTest"
                name="DynamicAttributeComparerNoOldDataChangeTest"
                time="0.000489"/>
      <testcase classname="Philips.PMP.Test.Auto.SpotCheckTrendConverterTest"
                name="SpotCheckTrendRecordConverterTest"
                time="0.0229016"/>
      <testcase classname="Philips.CareEvent.Test.EventWorkflowPartitionProviderTests"
                name="PurgeTables"
                time="0.2273528"/>
      <testcase classname="Philips.IX.UserManagement.Test.UserAuthenticatorsTest"
                name="UserAuthenticatorLocalDirectoryPasswordSucceedTest (True,True,True) row 1"
                time="0.0362952"/>
      <testcase classname="Philips.IX.UserManagement.Test.UserAuthenticatorsTest"
                name="UserAuthenticatorLocalDirectoryPasswordSucceedTest (False,True,True) row 2"
                time="0.0023765"/>
      <testcase classname="Philips.IX.UserManagement.Test.UserAuthenticatorsTest"
                name="UserAuthenticatorLocalDirectoryPasswordSucceedTest (True,False,True) row 3"
                time="0.0010316"/>
      <testcase classname="Philips.IX.UserManagement.Test.UserAuthenticatorsTest"
                name="UserAuthenticatorLocalDirectoryPasswordSucceedTest (False,False,False) row 4"
                time="0.0018465"/>
      <testcase classname="Philips.PMP.Test.Auto.AuthenticationServiceBridgeTest"
                name="AuthenticateUserTest"
                time="0.0432713"/>
      <testcase classname="Philips.PMP.Test.Auto.ControlServiceTest"
                name="ControlServiceProcessExisitingNewPatientEventTest"
                time="0.0586929"/>
      <testcase classname="Philips.PMP.Test.Auto.PatientAssignmentControlTest"
                name="PatientAssignmentControGetPatientIdForFindPatient"
                time="0.0606118"/>
      <testcase classname="Philips.PMP.LicenseService.Test.UnitLicenseProcessorTest"
                name="AreAllLicensedTest"
                time="0.0018337"/>
      <testcase classname="Philips.IX.UserManagement.Test.ProveIdWebApiMessageTest"
                name="MessageMissingMimeTypeTest"
                time="0.0010074"/>
      <testcase classname="Philips.PMP.Test.Auto.Hl7ConnectionTest"
                name="Hl7NeedsDataTest (ReporterClient,5) row 1"
                time="0.1526508"/>
      <testcase classname="Philips.PMP.Test.Auto.Hl7ConnectionTest"
                name="Hl7NeedsDataTest (ReporterServer,5) row 2"
                time="0.0318809"/>
      <testcase classname="Philips.PMP.Test.Auto.Hl7ConnectionTest"
                name="Hl7NeedsDataTest (TrendClient,30) row 3"
                time="0.0041486"/>
      <testcase classname="Philips.PMP.Test.Auto.Hl7ConnectionTest"
                name="Hl7NeedsDataTest (TrendServer,30) row 4"
                time="0.0064965"/>
      <testcase classname="Philips.PMP.Test.Auto.EventNotificationPatientLookUpTest"
                name="TryFindPatientByBedShouldRetryOnException (True) row 1"
                time="0.0015188"/>
      <testcase classname="Philips.PMP.Test.Auto.EventNotificationPatientLookUpTest"
                name="TryFindPatientByBedShouldRetryOnException (False) row 2"
                time="0.0009826"/>
      <testcase classname="Philips.PMP.Test.Auto.AlertMgrTest"
                name="AlertMgrAlarmAuditSetMonitoredEquipmentTest"
                time="0.0046319"/>
      <testcase classname="Philips.PMP.Test.Auto.MdilDaTest"
                name="MdilDaDetuneWithLabDataAndCvSyncServersTest"
                time="0.0087283"/>
      <testcase classname="Philips.PMP.Test.Auto.DtlsTest"
                name="DtlsIsClientHelloMessageTest"
                time="0.0006094"/>
      <testcase classname="Philips.PMP.Test.Auto.FindPatientControllerTest"
                name="FindPatientControllerGetDisplayResults"
                time="0.0015898"/>
      <testcase classname="Philips.PMP.Test.Auto.TopologyProviderMappingTest"
                name="IsLocationMappedToBedTest (68bdab1c1d80,Fa0/21,Cisco,True,16B22266-6906-483F-B855-AB94BE570B01) row 1"
                time="0.0538884"/>
      <testcase classname="Philips.PMP.Test.Auto.TopologyProviderMappingTest"
                name="IsLocationMappedToBedTest (001122334455,Fa0/21,Cisco,False,00000000-0000-0000-0000-000000000000) row 2"
                time="0.0015886"/>
      <testcase classname="Philips.PMP.Test.Auto.TopologyProviderMappingTest"
                name="IsLocationMappedToBedTest (68bdab1c1d80,Fa0/2,Cisco,False,00000000-0000-0000-0000-000000000000) row 3"
                time="0.0014213"/>
      <testcase classname="Philips.PMP.Test.Auto.TopologyProviderMappingTest"
                name="IsLocationMappedToBedTest (68bdab1c1d80,Fa0/3,Switch,True,16B22266-6906-483F-B855-ab94be570b00) row 4"
                time="0.0013944"/>
      <testcase classname="Philips.PMP.Test.Auto.TopologyProviderMappingTest"
                name="IsLocationMappedToBedTest (001122334455,Fa0/3,Switch,True,16B22266-6906-483F-B855-AB94BE570B02) row 5"
                time="0.0014474"/>
      <testcase classname="Philips.PMP.Test.Auto.TopologyProviderMappingTest"
                name="IsLocationMappedToBedTest (001122334455,Fa0/3,Switch1,False,00000000-0000-0000-0000-000000000000) row 6"
                time="0.0016269"/>
      <testcase classname="Philips.CareEvent.Test.MobileRequestMgrTests"
                name="BedInfoResponseCanFindBed"
                time="0.1815102"/>
      <testcase classname="Philips.PMP.Test.Auto.PatientIdTest"
                name="PatientIdGetIdFromPpisTest (Unknown,Unknown,False,False) row 1"
                time="0.0134043"/>
      <testcase classname="Philips.PMP.Test.Auto.PatientIdTest"
                name="PatientIdGetIdFromPpisTest (DriversLicense,AccountNumber,True,True) row 2"
                time="0.0004031"/>
      <testcase classname="Philips.PMP.Test.Auto.PatientIdTest"
                name="PatientIdGetIdFromPpisTest (MedicaidId,VisitNumber,True,True) row 3"
                time="0.0003553"/>
      <testcase classname="Philips.PMP.Test.Auto.PatientIdTest"
                name="PatientIdGetIdFromPpisTest (MilitaryId,AccountNumber,True,False) row 4"
                time="0.0003263"/>
      <testcase classname="Philips.PMP.Test.Auto.PatientIdTest"
                name="PatientIdGetIdFromPpisTest (MilitaryId,AccountNumber,False,True) row 5"
                time="0.0025187"/>
      <testcase classname="Philips.PMP.Test.Auto.PatientIdTest"
                name="PatientIdGetIdFromPpisTest (SSN,VisitNumber,True,True) row 6"
                time="0.0015023"/>
      <testcase classname="Philips.PMP.Test.Auto.AlertNotificationServiceTest"
                name="AdiGetTopologyChanges (True,False,True,True) row 1"
                time="0.0118368"/>
      <testcase classname="Philips.PMP.Test.Auto.AlertNotificationServiceTest"
                name="AdiGetTopologyChanges (True,True,True,True) row 2"
                time="0.0150176"/>
      <testcase classname="Philips.PMP.Test.Auto.AlertNotificationServiceTest"
                name="AdiGetTopologyChanges (True,True,False,True) row 3"
                time="0.008525"/>
      <testcase classname="Philips.PMP.Test.Auto.AlertNotificationServiceTest"
                name="AdiGetTopologyChanges (True,True,False,False) row 4"
                time="0.0080509"/>
      <testcase classname="Philips.PMP.Test.Auto.AlertNotificationServiceTest"
                name="AdiGetTopologyChanges (False,False,True,True) row 5"
                time="0.0171641"/>
      <testcase classname="Philips.PMP.Test.Auto.AlertNotificationServiceTest"
                name="AdiGetTopologyChanges (False,False,True,False) row 6"
                time="0.008043"/>
      <testcase classname="Philips.PMP.Test.Auto.AlertNotificationServiceTest"
                name="AdiGetTopologyChanges (False,True,True,True) row 7"
                time="0.0119575"/>
      <testcase classname="Philips.PMP.Test.Auto.AlertNotificationServiceTest"
                name="AdiGetTopologyChanges (False,True,False,True) row 8"
                time="0.0161536"/>
      <testcase classname="Philips.PMP.Test.Auto.WpcapCaptureTest"
                name="WpcapCaptureDisposeTest"
                time="0.0327657"/>
      <testcase classname="Philips.PMP.Test.Auto.Hl7ClientConnectionMgrTest"
                name="Hl7ClientConnectionMgrStartStopTest (ReporterClient,True,Philips.PMP.ExternalSystemInterfacing.Hl7TcpClientConnection) row 1"
                time="0.0098366"/>
      <testcase classname="Philips.PMP.Test.Auto.Hl7ClientConnectionMgrTest"
                name="Hl7ClientConnectionMgrStartStopTest (ReporterServer,True,Philips.PMP.ExternalSystemInterfacing.Hl7TcpServerConnection) row 2"
                time="0.0024691"/>
      <testcase classname="Philips.PMP.Test.Auto.Hl7ClientConnectionMgrTest"
                name="Hl7ClientConnectionMgrStartStopTest (TrendClient,True,Philips.PMP.ExternalSystemInterfacing.Hl7TcpClientConnection) row 3"
                time="0.0004505"/>
      <testcase classname="Philips.PMP.Test.Auto.Hl7ClientConnectionMgrTest"
                name="Hl7ClientConnectionMgrStartStopTest (TrendServer,True,Philips.PMP.ExternalSystemInterfacing.Hl7TcpServerConnection) row 4"
                time="0.0003725"/>
      <testcase classname="Philips.PMP.Test.Auto.Hl7ClientConnectionMgrTest"
                name="Hl7ClientConnectionMgrStartStopTest (ValidateDataClient,True,Philips.PMP.ExternalSystemInterfacing.Hl7TcpClientConnection) row 5"
                time="0.0003289"/>
      <testcase classname="Philips.PMP.Test.Auto.Hl7ClientConnectionMgrTest"
                name="Hl7ClientConnectionMgrStartStopTest (QueryServer,False,Philips.PMP.ExternalSystemInterfacing.HL7QueryServerMgr) row 6"
                time="0.0002781"/>
      <testcase classname="Philips.PMP.Test.Auto.Ecg12LeadExportHelperTest"
                name="GetHighLowWaveFiltersTest (Philips.IPM.MdilTypes.SaSignalFrequency,Philips.PMP.InfoObjects.Ecg12LeadExportSetting,False) row 1"
                time="0.0499521"/>
      <testcase classname="Philips.PMP.Test.Auto.Ecg12LeadExportHelperTest"
                name="GetHighLowWaveFiltersTest (Philips.IPM.MdilTypes.SaSignalFrequency,Philips.PMP.InfoObjects.Ecg12LeadExportSetting,True) row 2"
                time="0.003052"/>
      <testcase classname="Philips.PIC.CertificateRenewal.Test.CertificateRenewalHelperTest"
                name="CertificateRenewalHelperRenewalAvailability (True,True,True,True,Available,ExternalServer) row 1"
                time="0.0056218"/>
      <testcase classname="Philips.PIC.CertificateRenewal.Test.CertificateRenewalHelperTest"
                name="CertificateRenewalHelperRenewalAvailability (True,False,True,True,Available,ExternalServer) row 2"
                time="0.0023427"/>
      <testcase classname="Philips.PIC.CertificateRenewal.Test.CertificateRenewalHelperTest"
                name="CertificateRenewalHelperRenewalAvailability (False,False,True,True,Available,ExternalServer) row 3"
                time="0.0023291"/>
      <testcase classname="Philips.PIC.CertificateRenewal.Test.CertificateRenewalHelperTest"
                name="CertificateRenewalHelperRenewalAvailability (True,True,True,False,Available,PrimaryServer) row 4"
                time="0.0023699"/>
      <testcase classname="Philips.PIC.CertificateRenewal.Test.CertificateRenewalHelperTest"
                name="CertificateRenewalHelperRenewalAvailability (True,True,False,False,Available,PrimaryServer) row 5"
                time="0.0023423"/>
      <testcase classname="Philips.PIC.CertificateRenewal.Test.CertificateRenewalHelperTest"
                name="CertificateRenewalHelperRenewalAvailability (False,False,False,False,Unknown,) row 6"
                time="0.0023086"/>
      <testcase classname="Philips.PIC.CertificateRenewal.Test.CertificateRenewalHelperTest"
                name="CertificateRenewalHelperRenewalAvailability (False,False,True,False,Unknown,) row 7"
                time="0.0023468"/>
      <testcase classname="Philips.PIC.CertificateRenewal.Test.CertificateRenewalHelperTest"
                name="CertificateRenewalHelperRenewalAvailability (True,False,True,False,Unavailable,) row 8"
                time="0.0023101"/>
      <testcase classname="Philips.PMP.Test.Auto.TaggedIntervalBufferTest"
                name="InsertIntoBeginningTest"
                time="0.0026225"/>
      <testcase classname="Philips.PMP.Test.Auto.EventNotificationMgrTest"
                name="ClearAssignmentIsCalledWhenRoleModified (True) row 1"
                time="0.0095584"/>
      <testcase classname="Philips.PMP.Test.Auto.EventNotificationMgrTest"
                name="ClearAssignmentIsCalledWhenRoleModified (False) row 2"
                time="0.0043723"/>
      <testcase classname="Philips.PMP.Test.Auto.ControlServiceTest"
                name="ControlServiceInvokeControlsTest (DataAcquisition) row 1"
                time="0.043714"/>
      <testcase classname="Philips.PMP.Test.Auto.ControlServiceTest"
                name="ControlServiceInvokeControlsTest (Device) row 2"
                time="0.0162304"/>
      <testcase classname="Philips.PMP.Test.Auto.ControlServiceTest"
                name="ControlServiceInvokeControlsTest (PhysioData) row 3"
                time="0.0138815"/>
      <testcase classname="Philips.PMP.Test.Auto.ControlServiceTest"
                name="ControlServiceInvokeControlsTest (Star) row 4"
                time="0.0175485"/>
      <testcase classname="Philips.PMP.Test.Auto.ControlServiceTest"
                name="ControlServiceInvokeControlsTest (AlertGenerator) row 5"
                time="0.0152"/>
      <testcase classname="Philips.PMP.Test.Auto.ControlServiceTest"
                name="ControlServiceInvokeControlsTest (ProtocolWatchService) row 6"
                time="0.0336487"/>
      <testcase classname="Philips.PMP.Test.Auto.FileExportDestinationConfigControlTest"
                name="Do (True) row 1"
                time="0.0415149"/>
      <testcase classname="Philips.PMP.Test.Auto.FileExportDestinationConfigControlTest"
                name="Do (False) row 2"
                time="0.0342308"/>
      <testcase classname="Philips.PMP.Test.Auto.RepositoryNumericTest"
                name="RepositoryNumericCanRetrieveAllApplicableValues"
                time="0.0007771"/>
      <testcase classname="Philips.PMP.Test.Auto.EventLogConverterTest"
                name="ShutdownReasonConversionHandlesOverflow"
                time="0.0014293"/>
      <testcase classname="Philips.PMP.Test.Auto.SurveillanceHelperTest"
                name="SurveillanceHelperHasAlertChangedTest (alert,alert,False,False,CentralAudible,CentralAudible,False) row 1"
                time="0.0012409"/>
      <testcase classname="Philips.PMP.Test.Auto.SurveillanceHelperTest"
                name="SurveillanceHelperHasAlertChangedTest (alert,alert,True,True,CentralAudible,CentralAudible,False) row 2"
                time="0.0007902"/>
      <testcase classname="Philips.PMP.Test.Auto.SurveillanceHelperTest"
                name="SurveillanceHelperHasAlertChangedTest (oldAlert,newAlert,False,False,CentralAudible,CentralAudible,True) row 3"
                time="0.0007057"/>
      <testcase classname="Philips.PMP.Test.Auto.SurveillanceHelperTest"
                name="SurveillanceHelperHasAlertChangedTest (alert,alert,True,False,CentralAudible,CentralAudible,True) row 4"
                time="0.0006896"/>
      <testcase classname="Philips.PMP.Test.Auto.SurveillanceHelperTest"
                name="SurveillanceHelperHasAlertChangedTest (alert,alert,True,False,CentralAudible,CentralAudible,True) row 5"
                time="0.0007295"/>
      <testcase classname="Philips.PMP.Test.Auto.SurveillanceHelperTest"
                name="SurveillanceHelperHasAlertChangedTest (alert,alert,False,False,CentralAudible,CentralAudible,False) row 6"
                time="0.0006602"/>
      <testcase classname="Philips.PMP.Test.Auto.SurveillanceHelperTest"
                name="SurveillanceHelperHasAlertChangedTest (alert,alert,True,True,PrimarySilenced,CentralAudible,True) row 7"
                time="0.0006508"/>
      <testcase classname="Philips.PMP.Test.Auto.AlertMgrTest"
                name="AlertMgrAlarmAuditPauseAndResumeTest"
                time="0.0148707"/>
      <testcase classname="Philips.PMP.Test.Auto.PatientMgrMapTest"
                name="PatientMgrMapTryFindByPpisId"
                time="0.0013774"/>
      <testcase classname="Philips.PMP.Test.Auto.PatientHandlerTest"
                name="PatientHandlerStart"
                time="0.0029378"/>
      <testcase classname="Philips.PMP.Test.Auto.Hl7TcpConnectionTest"
                name="Hl7TcpConnectionConnectedSecure"
                time="0.006338"/>
      <testcase classname="Philips.PMP.Test.Auto.ControlServiceHelperTest"
                name="AlarmSoundSettingsSync (Iso,2149780580,2149780581) row 1"
                time="0.0008758"/>
      <testcase classname="Philips.PMP.Test.Auto.ControlServiceHelperTest"
                name="AlarmSoundSettingsSync (Traditional,2149780581,2149780580) row 2"
                time="0.0007043"/>
      <testcase classname="Philips.PMP.Test.Auto.ControlServiceHelperTest"
                name="AlarmSoundSettingsSync (IecIso2020,2149780565,2149780581) row 3"
                time="0.0016693"/>
      <testcase classname="Philips.PMP.Test.Auto.ControlServiceHelperTest"
                name="AlarmSoundSettingsSync (Philips2021,2149780566,2149780580) row 4"
                time="0.0006417"/>
      <testcase classname="Philips.PMP.Test.Auto.EnumerationProviderTest"
                name="EnumerationProviderGetOnGoing"
                time="0.0261047"/>
      <testcase classname="Philips.PMP.Test.Auto.UserAccountQualifierTest"
                name="UserAccountQualifierShouldDisableLockScreen (True,True) row 1"
                time="0.006391"/>
      <testcase classname="Philips.PMP.Test.Auto.UserAccountQualifierTest"
                name="UserAccountQualifierShouldDisableLockScreen (True,False) row 2"
                time="0.0166678"/>
      <testcase classname="Philips.PMP.Test.Auto.UserAccountQualifierTest"
                name="UserAccountQualifierShouldDisableLockScreen (False,True) row 3"
                time="0.0023657"/>
      <testcase classname="Philips.PMP.Test.Auto.UserAccountQualifierTest"
                name="UserAccountQualifierShouldDisableLockScreen (False,False) row 4"
                time="0.0020256"/>
      <testcase classname="Philips.PMP.Test.Auto.IntelliBridgeProviderTest"
                name="IntelliBridgeProviderHubDeviceAssignmentTest"
                time="0.3269463"/>
      <testcase classname="Philips.PMP.Test.Auto.MobilePatientMgrTest"
                name="GetMobileAdtSettingsResponse"
                time="0.0324422"/>
      <testcase classname="Philips.PMP.Test.Auto.PatientFieldsValidatorTest"
                name="PatientFieldsValidatorValidateLifetimeLastNameFirstName"
                time="0.0009522"/>
      <testcase classname="Philips.CareEvent.Test.NotificationQualifierTests"
                name="NotificationQualiferVerifyTest (Success,PerformanceFeatureCountersSetupOk,True) row 1"
                time="0.0030953"/>
      <testcase classname="Philips.CareEvent.Test.NotificationQualifierTests"
                name="NotificationQualiferVerifyTest (Failure,PerformanceFeatureCountersSetupError,False) row 2"
                time="0.0005374"/>
      <testcase classname="Philips.PMP.Test.Auto.IheDeviceTest"
                name="IheDeviceAndDataMgrUseSameQueue (CapsuleMDIP) row 1"
                time="0.0734902"/>
      <testcase classname="Philips.PMP.Test.Auto.IheDeviceTest"
                name="IheDeviceAndDataMgrUseSameQueue (BBraunDoselinkPlus) row 2"
                time="0.0286867"/>
      <testcase classname="Philips.PMP.Test.Auto.IheMessageProcessorTest"
                name="IntelliBridgeDeviceDataAlertSameCode"
                time="0.0050325"/>
      <testcase classname="Philips.PMP.Test.Auto.PatientIdHelperTest"
                name="PatientIdentityMultipleStoreTest"
                time="0.2562567"/>
      <testcase classname="Philips.PMP.Test.Auto.TeleProfileHelperTest"
                name="HideNeoProfileTest"
                time="0.2369231"/>
      <testcase classname="Philips.PMP.Test.Auto.HeightConversionHelperTest"
                name="HeightConversionHelperLimitsTest (-1,Inches) row 1"
                time="0.001275"/>
      <testcase classname="Philips.PMP.Test.Auto.HeightConversionHelperTest"
                name="HeightConversionHelperLimitsTest (-1,Centimeters) row 2"
                time="0.0009235"/>
      <testcase classname="Philips.PMP.Test.Auto.HeightConversionHelperTest"
                name="HeightConversionHelperLimitsTest (-1,Unknown) row 3"
                time="0.0009837"/>
      <testcase classname="Philips.PMP.Test.Auto.HeightConversionHelperTest"
                name="HeightConversionHelperLimitsTest (100,Inches) row 4"
                time="0.0006883"/>
      <testcase classname="Philips.PMP.Test.Auto.HeightConversionHelperTest"
                name="HeightConversionHelperLimitsTest (251,Centimeters) row 5"
                time="0.000879"/>
      <testcase classname="Philips.PMP.Test.Auto.HeightConversionHelperTest"
                name="HeightConversionHelperLimitsTest (100,Unknown) row 6"
                time="0.0007921"/>
      <testcase classname="Philips.CareEvent.Test.MobileDeviceConfigurationControlTests"
                name="DevicesUpdateGeneratesPendingUpdate"
                time="0.0994278"/>
      <testcase classname="Philips.PMP.Test.Auto.MobilePatientConverterTest"
                name="MobilePatientConverterNoDataReasonWillGetStandbyLocationTest"
                time="0.0127601"/>
      <testcase classname="Philips.PMP.Test.Auto.ApmStatusMessageListenerTest"
                name="ApmStatusMessageListenerFiltersReportableMessages"
                time="0.0011363"/>
      <testcase classname="Philips.PMP.Test.Auto.StreamNotificationServiceTest"
                name="StreamNotificationServiceCanRestart"
                time="0.0869915"/>
      <testcase classname="Philips.PMP.Test.Auto.DataTileHelperTest"
                name="DataTileHelperGetRangeValuesTest"
                time="0.007584"/>
      <testcase classname="Philips.iX.InboundDataBridge.Test.PhysioDataInboundMgrTest"
                name="UpdateStateTest"
                time="0.005605"/>
      <testcase classname="Philips.PMP.Test.Auto.EventLogShutdownAnalyzerTest"
                name="DoNotParseInvalidShutdownReasonEventIds"
                time="0.0015159"/>
      <testcase classname="Philips.PMP.Test.Auto.RecordingWavesTest"
                name="WaveFrequencyAdaptTest"
                time="0.007468"/>
      <testcase classname="Philips.PMP.Test.Auto.RfidLogonMgrTest"
                name="RfidLogonMgrFurtherAuthRequired"
                time="0.7062207"/>
      <testcase classname="Philips.PMP.Test.Auto.MobileEquipmentMgrTest"
                name="ChangeAssignedEquipmentRequest (False,False,True,True,False,True,True,True,False,False,True,False) row 1"
                time="0.0132855"/>
      <testcase classname="Philips.PMP.Test.Auto.MobileEquipmentMgrTest"
                name="ChangeAssignedEquipmentRequest (True,True,False,True,False,True,True,True,False,False,True,False) row 2"
                time="0.0052464"/>
      <testcase classname="Philips.PMP.Test.Auto.MobileEquipmentMgrTest"
                name="ChangeAssignedEquipmentRequest (True,True,True,False,False,True,True,True,False,False,True,False) row 3"
                time="0.0038649"/>
      <testcase classname="Philips.PMP.Test.Auto.MobileEquipmentMgrTest"
                name="ChangeAssignedEquipmentRequest (True,True,True,True,True,True,True,True,False,False,True,False) row 4"
                time="0.005683"/>
      <testcase classname="Philips.PMP.Test.Auto.MobileEquipmentMgrTest"
                name="ChangeAssignedEquipmentRequest (True,False,True,True,False,True,True,True,False,False,True,False) row 5"
                time="0.0187882"/>
      <testcase classname="Philips.PMP.Test.Auto.MobileEquipmentMgrTest"
                name="ChangeAssignedEquipmentRequest (True,True,True,False,False,False,True,True,False,False,True,False) row 6"
                time="0.0041244"/>
      <testcase classname="Philips.PMP.Test.Auto.MobileEquipmentMgrTest"
                name="ChangeAssignedEquipmentRequest (True,True,True,True,True,False,True,True,False,False,True,True) row 7"
                time="0.0105325"/>
      <testcase classname="Philips.PMP.Test.Auto.MobileEquipmentMgrTest"
                name="ChangeAssignedEquipmentRequest (True,True,True,True,False,True,False,True,False,False,True,False) row 8"
                time="0.0059527"/>
      <testcase classname="Philips.PMP.Test.Auto.MobileEquipmentMgrTest"
                name="ChangeAssignedEquipmentRequest (True,True,True,True,False,True,True,False,False,False,True,False) row 9"
                time="0.0048552"/>
      <testcase classname="Philips.PMP.Test.Auto.MobileEquipmentMgrTest"
                name="ChangeAssignedEquipmentRequest (True,True,True,True,False,False,True,False,False,False,True,False) row 10"
                time="0.0035747"/>
      <testcase classname="Philips.PMP.Test.Auto.MobileEquipmentMgrTest"
                name="ChangeAssignedEquipmentRequest (True,True,True,True,False,True,True,False,True,False,True,False) row 11"
                time="0.0047181"/>
      <testcase classname="Philips.PMP.Test.Auto.MobileEquipmentMgrTest"
                name="ChangeAssignedEquipmentRequest (True,True,True,True,False,False,True,False,True,False,True,False) row 12"
                time="0.0094603"/>
      <testcase classname="Philips.PMP.Test.Auto.MobileEquipmentMgrTest"
                name="ChangeAssignedEquipmentRequest (True,True,True,True,False,False,True,False,False,False,True,False) row 13"
                time="0.0190594"/>
      <testcase classname="Philips.PMP.Test.Auto.MobileEquipmentMgrTest"
                name="ChangeAssignedEquipmentRequest (True,True,True,True,False,False,True,True,False,True,True,False) row 14"
                time="0.0100586"/>
      <testcase classname="Philips.PMP.Test.Auto.MobileEquipmentMgrTest"
                name="ChangeAssignedEquipmentRequest (True,True,True,True,False,False,True,True,False,False,True,True) row 15"
                time="0.0074855"/>
      <testcase classname="Philips.PMP.Test.Auto.MobileEquipmentMgrTest"
                name="ChangeAssignedEquipmentRequest (True,True,True,True,False,True,True,True,False,False,False,False) row 16"
                time="0.0053167"/>
      <testcase classname="Philips.PMP.Test.Auto.MobileEquipmentMgrTest"
                name="ChangeAssignedEquipmentRequest (True,True,True,True,False,True,True,True,False,False,True,True) row 17"
                time="0.003201"/>
      <testcase classname="Philips.PMP.Test.Auto.DataTileHelperTest"
                name="GetMinWaveSpacingTest"
                time="0.0107477"/>
      <testcase classname="Philips.PMP.Test.Auto.LinkedListTest"
                name="LinkedListCanRemoveAnyNodeByNode (0) row 1"
                time="0.0038009"/>
      <testcase classname="Philips.PMP.Test.Auto.LinkedListTest"
                name="LinkedListCanRemoveAnyNodeByNode (1) row 2"
                time="0.0336934"/>
      <testcase classname="Philips.PMP.Test.Auto.LinkedListTest"
                name="LinkedListCanRemoveAnyNodeByNode (2) row 3"
                time="0.0011779"/>
      <testcase classname="Philips.PMP.Test.Auto.LinkedListTest"
                name="LinkedListCanRemoveAnyNodeByNode (3) row 4"
                time="0.0014138"/>
      <testcase classname="Philips.PMP.Test.Auto.LinkedListTest"
                name="LinkedListCanRemoveAnyNodeByNode (4) row 5"
                time="0.0011587"/>
      <testcase classname="Philips.PMP.Test.Auto.FeatureConfigurationControlTest"
                name="FeatureConfigurationControlFindNodeByEntity"
                time="0.053464"/>
      <testcase classname="Philips.PIC.DataAcquisition.Test.SureSignsProtocolConverterTest"
                name="ProtocolConverterGetRiskBandPriorityTest (SCORE_MEWS_RISKBAND_NORMAL,Priority1) row 1"
                time="0.0022447"/>
      <testcase classname="Philips.PIC.DataAcquisition.Test.SureSignsProtocolConverterTest"
                name="ProtocolConverterGetRiskBandPriorityTest (PW_P1_EWS_RISKBAND_1,Priority1) row 2"
                time="0.0063727"/>
      <testcase classname="Philips.PIC.DataAcquisition.Test.SureSignsProtocolConverterTest"
                name="ProtocolConverterGetRiskBandPriorityTest (PW_P1_EWS_RISKBAND_2,Priority2) row 3"
                time="0.001257"/>
      <testcase classname="Philips.PIC.DataAcquisition.Test.SureSignsProtocolConverterTest"
                name="ProtocolConverterGetRiskBandPriorityTest (SCORE_MEWS_RISKBAND_OBSERVE,Priority3) row 4"
                time="0.0003062"/>
      <testcase classname="Philips.PIC.DataAcquisition.Test.SureSignsProtocolConverterTest"
                name="ProtocolConverterGetRiskBandPriorityTest (PW_P1_EWS_RISKBAND_3,Priority3) row 5"
                time="0.0104132"/>
      <testcase classname="Philips.PIC.DataAcquisition.Test.SureSignsProtocolConverterTest"
                name="ProtocolConverterGetRiskBandPriorityTest (PW_P1_EWS_RISKBAND_4,Priority4) row 6"
                time="0.0033121"/>
      <testcase classname="Philips.PIC.DataAcquisition.Test.SureSignsProtocolConverterTest"
                name="ProtocolConverterGetRiskBandPriorityTest (SCORE_MEWS_RISKBAND_WARNING,Priority5) row 7"
                time="0.0026878"/>
      <testcase classname="Philips.PIC.DataAcquisition.Test.SureSignsProtocolConverterTest"
                name="ProtocolConverterGetRiskBandPriorityTest (PW_P1_EWS_RISKBAND_5,Priority5) row 8"
                time="0.0009335"/>
      <testcase classname="Philips.PIC.DataAcquisition.Test.SureSignsProtocolConverterTest"
                name="ProtocolConverterGetRiskBandPriorityTest (PW_P1_EWS_RISKBAND_6,Priority6) row 9"
                time="0.0003004"/>
      <testcase classname="Philips.PIC.DataAcquisition.Test.SureSignsProtocolConverterTest"
                name="ProtocolConverterGetRiskBandPriorityTest (SCORE_MEWS_RISKBAND_URGENT,Priority7) row 10"
                time="0.0004788"/>
      <testcase classname="Philips.PIC.DataAcquisition.Test.SureSignsProtocolConverterTest"
                name="ProtocolConverterGetRiskBandPriorityTest (PW_P1_EWS_RISKBAND_7,Priority7) row 11"
                time="0.0020806"/>
      <testcase classname="Philips.PIC.DataAcquisition.Test.SureSignsProtocolConverterTest"
                name="ProtocolConverterGetRiskBandPriorityTest (ADVIS_SILENCE_COUNT_HI,Unknown) row 12"
                time="0.0012005"/>
      <testcase classname="Philips.CareEvent.Test.EventWorkflowServiceTests"
                name="PopulateEventInfoWithRingtonesTest (True,2000) row 1"
                time="0.0356242"/>
      <testcase classname="Philips.CareEvent.Test.EventWorkflowServiceTests"
                name="PopulateEventInfoWithRingtonesTest (False,0) row 2"
                time="0.001837"/>
      <testcase classname="Philips.PMP.Test.Auto.PhysioUploadProviderTest"
                name="DeviceValueCountStoreOne"
                time="0.0281175"/>
      <testcase classname="Philips.PMP.Test.Auto.RepositoryWaveTest"
                name="GettingUnalignedDataTest"
                time="0.0006073"/>
      <testcase classname="Philips.PMP.Test.Auto.EcgFilterHelperTest"
                name="EcgFilterDoesntFilterUncheckedDiagnosticTest"
                time="0.004346"/>
      <testcase classname="Philips.PMP.Test.Auto.ClinicalNotificationServiceMgrTest"
                name="ClinicalNotificationServiceMgrGetDaProxyCacheTest (0,0) row 1"
                time="0.0231919"/>
      <testcase classname="Philips.PMP.Test.Auto.ClinicalNotificationServiceMgrTest"
                name="ClinicalNotificationServiceMgrGetDaProxyCacheTest (1,1) row 2"
                time="0.011263"/>
      <testcase classname="Philips.PMP.Test.Auto.ClinicalNotificationServiceMgrTest"
                name="ClinicalNotificationServiceMgrGetDaProxyCacheTest (2,1) row 3"
                time="0.0033282"/>
      <testcase classname="Philips.PMP.Test.Auto.ClinicalNotificationServiceMgrTest"
                name="ClinicalNotificationServiceMgrGetDaProxyCacheTest (6,1) row 4"
                time="0.0016119"/>
      <testcase classname="Philips.PMP.Test.Auto.InboundEventMessageMgrTest"
                name="ValidateOnXmlDocumentReceived (&lt;?xml version=&#34;1.0&#34; encoding=&#34;utf-8&#34;?&gt;&lt;PingRequest v=&#34;1.0&#34;&gt;&lt;RequestId /&gt;&lt;/PingRequest&gt;,0) row 1"
                time="0.1585597"/>
      <testcase classname="Philips.PMP.Test.Auto.InboundEventMessageMgrTest"
                name="ValidateOnXmlDocumentReceived (&lt;EventStatusUpdate v=&#34;1.0&#34;&gt;&lt;RequestId&gt;364c06bd&lt;/RequestId&gt;&lt;SessionKey&gt;&lt;/SessionKey&gt;&lt;EventId&gt;beb4c917-8ada-4d52-8dcb-731929445b2&lt;/EventId&gt;&lt;Action&gt;5&lt;/Action&gt;&lt;Domain&gt;hostpital1&lt;/Domain&gt;&lt;Username&gt;username&lt;/Username&gt;&lt;DeviceDisplayName&gt;server1&lt;/DeviceDisplayName&gt;&lt;/EventStatusUpdate&gt;,0) row 2"
                time="0.0139849"/>
      <testcase classname="Philips.PMP.Test.Auto.InboundEventMessageMgrTest"
                name="ValidateOnXmlDocumentReceived (&lt;?xml version=&#34;1.0&#34; encoding=&#34;utf-8&#34;?&gt;&lt;Event version=&#34;1.0&#34;&gt;&lt;EventId&gt;ba986876-0d18-4437-be93-783a49d81f65&lt;/EventId&gt;&lt;Text&gt;Bed1 Code Blue&lt;/Text&gt;&lt;DateTime&gt;2018-10-02T14:40:51.6940000-05:00&lt;/DateTime&gt;&lt;Severity&gt;4&lt;/Severity&gt;&lt;Kind&gt;-1&lt;/Kind&gt;&lt;SubtypeId/&gt;&lt;Source/&gt;&lt;Code/&gt;&lt;Location&gt;&lt;/Location&gt;&lt;Zone&gt;&lt;/Zone&gt;&lt;Institution&gt;My Institution&lt;/Institution&gt;&lt;PatientDisplayName&gt;&lt;/PatientDisplayName&gt;&lt;AllowDelay /&gt;&lt;Origin&gt;&lt;Product&gt;Rauland Responder&lt;/Product&gt;&lt;Vendor&gt;Rauland&lt;/Vendor&gt;&lt;DeviceInternalName/&gt;&lt;DeviceDisplayName/&gt;&lt;Operator/&gt;&lt;/Origin&gt;&lt;PatientIds/&gt;&lt;EventDetails/&gt;&lt;Ringtone/&gt;&lt;VibrateDuration /&gt;&lt;/Event&gt;,1) row 3"
                time="0.0256544"/>
      <testcase classname="Philips.PMP.Test.Auto.InboundEventMessageMgrTest"
                name="ValidateOnXmlDocumentReceived (&lt;Emergin version=&#34;7.0&#34;&gt;&lt;MessageID&gt;b20f8308-9a18-467c-b581-0c08d1f029d0&lt;/MessageID&gt;&lt;Command&gt;Set&lt;/Command&gt;&lt;SourceID&gt;ICU1&lt;/SourceID&gt;&lt;Sensitivity&gt;[A_HCT_04_R1]&lt;/Sensitivity&gt;&lt;Text&gt;HCT 1.0% charted @ 2:00 PM (Low, 21.0%&lt;/Text&gt;&lt;TimeStamp&gt;2018-08-03T14:40:00&lt;/TimeStamp&gt;&lt;GuestName&gt;Monroe, James&lt;/GuestName&gt;&lt;GuestPhysicalLocation&gt;&lt;/GuestPhysicalLocation&gt;&lt;Parameters&gt;&lt;/Parameters&gt;&lt;ImageList&gt;&lt;Image&gt;&lt;Data&gt;&lt;/Data&gt;&lt;/Image&gt;&lt;Image&gt;&lt;Data&gt;&lt;/Data&gt;&lt;/Image&gt;&lt;/ImageList&gt;&lt;DestinationList/&gt;&lt;/Emergin&gt;,1) row 4"
                time="0.0215635"/>
      <testcase classname="Philips.PIC.WebBridge.Test.LogsControllerTest"
                name="NoMessageInBodyTest"
                time="0.0090751"/>
      <testcase classname="Philips.PMP.Test.Auto.InboundAdtPatientConfigQualifierTest"
                name="InboundAdtPatientConfigQualifierDifferentLifetimeId (DriversLicenseNumber,MRN,Failure) row 1"
                time="0.002559"/>
      <testcase classname="Philips.PMP.Test.Auto.InboundAdtPatientConfigQualifierTest"
                name="InboundAdtPatientConfigQualifierDifferentLifetimeId (DriversLicenseNumber,DriversLicense,Success) row 2"
                time="0.0011198"/>
      <testcase classname="Philips.PMP.Test.Auto.InboundAdtPatientConfigQualifierTest"
                name="InboundAdtPatientConfigQualifierDifferentLifetimeId (SocialSecurityNumber,MRN,Failure) row 3"
                time="0.0011058"/>
      <testcase classname="Philips.PMP.Test.Auto.InboundAdtPatientConfigQualifierTest"
                name="InboundAdtPatientConfigQualifierDifferentLifetimeId (SocialSecurityNumber,SSN,Success) row 4"
                time="0.0010667"/>
      <testcase classname="Philips.PMP.Test.Auto.InboundAdtPatientConfigQualifierTest"
                name="InboundAdtPatientConfigQualifierDifferentLifetimeId (MedicalRecordNumber,MedicaidId,Failure) row 5"
                time="0.0013693"/>
      <testcase classname="Philips.PMP.Test.Auto.InboundAdtPatientConfigQualifierTest"
                name="InboundAdtPatientConfigQualifierDifferentLifetimeId (MedicalRecordNumber,MRN,Success) row 6"
                time="0.001512"/>
      <testcase classname="Philips.CareEvent.Test.CareAssignmentHelperTests"
                name="GetNonMonitoredPatientName"
                time="0.4973304"/>
      <testcase classname="Philips.PMP.Test.Auto.DbEngineTest"
                name="TransactionTestOuterOkInnerFailOverflowError"
                time="0.010829"/>
      <testcase classname="Philips.PMP.Test.Auto.EntityLicenseExtensionsTest"
                name="EntityLicenseExtensionsIsEfficia"
                time="0.001435"/>
      <testcase classname="Philips.PIC.SharedAssignment.Test.SharedAssignmentHelperTest"
                name="UserToRoleDictionaryChecksForMapping"
                time="0.000617"/>
      <testcase classname="Philips.PMP.LicenseService.Test.PatientConnectionValidatorTest"
                name="ValidateUnitLicenseWillReturnTrue"
                time="0.0006075"/>
      <testcase classname="Philips.PMP.Test.Auto.TelemdilTrendUploadMgrTest"
                name="TelemdilTrendUploadReconstructsInvalidHRSingleTest"
                time="0.0009168"/>
      <testcase classname="Philips.PMP.Test.Auto.WebQualifierTest"
                name="WebsiteInstallationQualifierCanRemoveWebsiteFromPort (True,True,False) row 1"
                time="0.0047003"/>
      <testcase classname="Philips.PMP.Test.Auto.WebQualifierTest"
                name="WebsiteInstallationQualifierCanRemoveWebsiteFromPort (False,True,False) row 2"
                time="0.0044542"/>
      <testcase classname="Philips.PMP.Test.Auto.WebQualifierTest"
                name="WebsiteInstallationQualifierCanRemoveWebsiteFromPort (True,False,True) row 3"
                time="0.0044623"/>
      <testcase classname="Philips.PMP.Test.Auto.WebQualifierTest"
                name="WebsiteInstallationQualifierCanRemoveWebsiteFromPort (False,False,True) row 4"
                time="0.0044336"/>
      <testcase classname="Philips.PMP.Test.Auto.WebQualifierTest"
                name="WebsiteInstallationQualifierCanRemoveWebsiteFromPort (False,False,False) row 5"
                time="0.0045142"/>
      <testcase classname="Philips.PMP.Test.Auto.EntityLicenseTest"
                name="EntityLicenseGetFeatures"
                time="0.0010017"/>
      <testcase classname="Philips.PMP.Test.Auto.EventLogShutdownAnalyzerTest"
                name="DetectLastShutdownWasUnexpected"
                time="0.0045474"/>
      <testcase classname="Philips.PMP.Test.Auto.NumericProviderTest"
                name="NumericProviderMergeTrendData"
                time="0.3037852"/>
      <testcase classname="Philips.PMP.Test.Auto.DynamicAttributeTest"
                name="DynamicAttributeDeviceTypeSetByRepositoryWaves"
                time="0.0008436"/>
      <testcase classname="Philips.PMP.Test.Auto.CatalogConfigControlTest"
                name="SetDefaultProductShouldSetPhilipsPatientMonitoring"
                time="0.0510159"/>
      <testcase classname="Philips.PMP.Test.Auto.PatientIdHelperTest"
                name="CheckIfLifetimeIdIsHiddenTest"
                time="0.2532273"/>
      <testcase classname="Philips.PMP.Test.Auto.TimeWaveProviderTest"
                name="TimeWaveSameTimeSTs"
                time="0.0258273"/>
      <testcase classname="Philips.PMP.Test.Auto.EventNotificationMgrTest"
                name="IsChargeRoleChangedFalseTest"
                time="0.0031432"/>
      <testcase classname="Philips.PMP.Test.Auto.DbFifoTest"
                name="Fifo"
                time="3.215527"/>
      <testcase classname="Philips.PMP.Test.Auto.SurveillanceHelperTest"
                name="GetTileConfigStringTest"
                time="0.0185752"/>
      <testcase classname="Philips.PMP.Test.Auto.WaveProviderTest"
                name="WaveDataRuns1"
                time="0.0294458"/>
      <testcase classname="Philips.PMP.Test.Auto.TopologyProviderTest"
                name="GetInstitutionNameByBedInfo"
                time="0.2430147"/>
      <testcase classname="Philips.PMP.Test.Auto.Hl7OruEncoderTest"
                name="SpsRiskbandExistsInComplexClassicHl7Output"
                time="0.0020741"/>
      <testcase classname="Philips.PMP.Test.Auto.AlertProviderTest"
                name="AlertProviderFilterByPurgeCutoffTime"
                time="0.0238295"/>
      <testcase classname="Philips.PMP.Test.Auto.SystemPerformanceTest"
                name="CloneProfileSettingsWithInheritance"
                time="0.614774"/>
      <testcase classname="Philips.PMP.Test.Auto.PatientAssignmentHelperTest"
                name="GetCurrentOrLastAdmittedUnitTest"
                time="0.2532772"/>
      <testcase classname="Philips.PMP.Test.Auto.IntelliBridgeProviderTest"
                name="IntelliBridgeProviderGetAllUnitOfConversionTest"
                time="0.0062032"/>
      <testcase classname="Philips.PMP.Test.Auto.HeartbeatQualifierTest"
                name="HeartBeatQualifierWillReport"
                time="0.0398022"/>
      <testcase classname="Philips.PMP.Test.Auto.PpisMgrTest"
                name="PpisMgrFilterByFacilityTest (True,False,False,0) row 1"
                time="0.0055454"/>
      <testcase classname="Philips.PMP.Test.Auto.PpisMgrTest"
                name="PpisMgrFilterByFacilityTest (False,True,False,1) row 2"
                time="0.0088457"/>
      <testcase classname="Philips.PMP.Test.Auto.PpisMgrTest"
                name="PpisMgrFilterByFacilityTest (False,False,True,1) row 3"
                time="0.0065539"/>
      <testcase classname="Philips.PMP.Test.Auto.PpisMgrTest"
                name="PpisMgrFilterByFacilityTest (False,False,False,0) row 4"
                time="0.0043349"/>
      <testcase classname="Philips.PMP.Test.Auto.DbConnectionMgrTest"
                name="DbConnectionMgrGetSqlServerInstanceTest (True) row 1"
                time="0.1016521"/>
      <testcase classname="Philips.PMP.Test.Auto.DbConnectionMgrTest"
                name="DbConnectionMgrGetSqlServerInstanceTest (False) row 2"
                time="0.0033568"/>
      <testcase classname="Philips.PMP.Test.Auto.W32TimeServiceAdapterTest"
                name="DisabledTimeServicePassesForUnconfiguredSource"
                time="0.0027637"/>
      <testcase classname="Philips.PMP.Test.Auto.MdilCodeParserTest"
                name="TryConvertEnumValueCodesTest (F002-F009^NOM_SCORE_AVNPU_PAIN^Mdil,True,4026724361) row 1"
                time="0.0290589"/>
      <testcase classname="Philips.PMP.Test.Auto.MdilCodeParserTest"
                name="TryConvertEnumValueCodesTest (F002-F009^NOM_SCORE_AVNPU_PAIN^MDIL,True,4026724361) row 2"
                time="0.0134008"/>
      <testcase classname="Philips.PMP.Test.Auto.MdilCodeParserTest"
                name="TryConvertEnumValueCodesTest (F002-F009^MDC_SCORE_AVNPU_PAIN^MDC,False,0) row 3"
                time="0.000608"/>
      <testcase classname="Philips.PMP.Test.Auto.MdilCodeParserTest"
                name="TryConvertEnumValueCodesTest (F002-F009^Mdil,False,0) row 4"
                time="0.0004274"/>
      <testcase classname="Philips.PMP.Test.Auto.MdilCodeParserTest"
                name="TryConvertEnumValueCodesTest (,False,0) row 5"
                time="0.0003232"/>
      <testcase classname="Philips.PMP.Test.Auto.PatientAdtHelperTest"
                name="GetTransferParameters (True,True,True,True) row 1"
                time="0.014683"/>
      <testcase classname="Philips.PMP.Test.Auto.PatientAdtHelperTest"
                name="GetTransferParameters (False,True,True,True) row 2"
                time="0.0030698"/>
      <testcase classname="Philips.PMP.Test.Auto.PatientAdtHelperTest"
                name="GetTransferParameters (True,False,True,True) row 3"
                time="0.0056234"/>
      <testcase classname="Philips.PMP.Test.Auto.PatientAdtHelperTest"
                name="GetTransferParameters (True,True,False,True) row 4"
                time="0.0110785"/>
      <testcase classname="Philips.PMP.Test.Auto.PatientAdtHelperTest"
                name="GetTransferParameters (True,True,True,False) row 5"
                time="0.0031567"/>
      <testcase classname="Philips.PMP.Test.Auto.SystemPerformanceTest"
                name="CloneProfileSettingsConfigB"
                time="0.7809172"/>
      <testcase classname="Philips.PMP.Test.Auto.PatientCensusCallbackProcessorTest"
                name="PatientCensusCallbackProcessorUpdateSinglePatient"
                time="0.0108611"/>
      <testcase classname="Philips.PMP.Test.Auto.IheDeviceHelperTest"
                name="IheRestoreIntelliBridgeDeviceDataTest (BBraunDoselinkPlus,P2450^^0012210000000000^EUI-64,0) row 1"
                time="0.0090326"/>
      <testcase classname="Philips.PMP.Test.Auto.IheDeviceHelperTest"
                name="IheRestoreIntelliBridgeDeviceDataTest (BDAIC,P2450^^0012210000000000^EUI-64,0) row 2"
                time="0.0008549"/>
      <testcase classname="Philips.PMP.Test.Auto.IheDeviceHelperTest"
                name="IheRestoreIntelliBridgeDeviceDataTest (CapsuleMDIP,P2450^^0012210000000000^EUI-64,1) row 3"
                time="0.0088498"/>
      <testcase classname="Philips.PMP.Test.Auto.MeasControlsHelperTest"
                name="MeasControlsHelperPopulateWaveformMenuListControlTest"
                time="0.003003"/>
      <testcase classname="Philips.PMP.Test.Auto.MobilePatientMgrTest"
                name="PatientLookupByInternalId (True) row 1"
                time="0.0080068"/>
      <testcase classname="Philips.PMP.Test.Auto.MobilePatientMgrTest"
                name="PatientLookupByInternalId (False) row 2"
                time="0.0169276"/>
      <testcase classname="Philips.PMP.Test.Auto.HL7ProviderTest"
                name="HL7GetMinPendingMessageTest"
                time="0.026549"/>
      <testcase classname="Philips.PMP.Test.Auto.Hl7ValidationConnectionCheckerTest"
                name="Hl7ValidationConnectionShouldExportTest (True,True,False,False,False) row 1"
                time="0.0010556"/>
      <testcase classname="Philips.PMP.Test.Auto.Hl7ValidationConnectionCheckerTest"
                name="Hl7ValidationConnectionShouldExportTest (False,False,False,False,False) row 2"
                time="0.0004017"/>
      <testcase classname="Philips.PMP.Test.Auto.Hl7ValidationConnectionCheckerTest"
                name="Hl7ValidationConnectionShouldExportTest (False,True,False,True,False) row 3"
                time="0.0003033"/>
      <testcase classname="Philips.PMP.Test.Auto.Hl7ValidationConnectionCheckerTest"
                name="Hl7ValidationConnectionShouldExportTest (False,True,True,True,True) row 4"
                time="0.0002823"/>
      <testcase classname="Philips.PMP.Test.Auto.Hl7ValidationConnectionCheckerTest"
                name="Hl7ValidationConnectionShouldExportTest (False,True,False,False,True) row 5"
                time="0.0003335"/>
      <testcase classname="Philips.PMP.Test.Auto.PatientAdtHelperTest"
                name="PatientADTHelperOrganizeWarnings (,B,C,B,C) row 1"
                time="0.0139969"/>
      <testcase classname="Philips.PMP.Test.Auto.PatientAdtHelperTest"
                name="PatientADTHelperOrganizeWarnings (A,,C,Warning:  A,C) row 2"
                time="0.0011359"/>
      <testcase classname="Philips.PMP.Test.Auto.PatientAdtHelperTest"
                name="PatientADTHelperOrganizeWarnings (A,B,,Warning:  A,B) row 3"
                time="0.0006154"/>
      <testcase classname="Philips.PMP.Test.Auto.PatientAdtHelperTest"
                name="PatientADTHelperOrganizeWarnings (A,B,C,Warning:  A,B C) row 4"
                time="0.0005795"/>
      <testcase classname="Philips.PMP.Test.Auto.WaveGapFinderTest"
                name="FindWaveGapsTest"
                time="0.0074063"/>
      <testcase classname="Philips.PMP.Test.Auto.MultiSelectControlTests"
                name="EmptyZoneNameShouldAuthorize"
                time="0.0082138"/>
      <testcase classname="Philips.PMP.Test.Auto.EventRolesProviderTest"
                name="GetAssignedRolesMustLookupForCategoryToNotificationRolesAssignment"
                time="0.014787"/>
      <testcase classname="Philips.CareEvent.Test.EventMonitorFilterTests"
                name="EventMonitorFilterOnYellowFromBed2"
                time="0.0272606"/>
      <testcase classname="Philips.PMP.Test.Auto.DefaultFeatureConfigurationHelperTest"
                name="GetMyHostProfilesTest"
                time="0.0034641"/>
      <testcase classname="Philips.PMP.LicenseService.Test.PatientConnectionValidatorTest"
                name="ValidateUnitLicenseWillReturnFalseIfPatientConnectionValueIsLessThanAssignedBeds"
                time="0.0645514"/>
      <testcase classname="Philips.PMP.Test.Auto.BedLabelValidatorTest"
                name="AddBedFailsWhenViolatingMaxBedsPerCareDomain"
                time="0.0160287"/>
      <testcase classname="Philips.PMP.Test.Auto.EnumerationFileMgrTest"
                name="PdxCorrectEnumerationFilesWithoutWaves"
                time="0.0006149"/>
      <testcase classname="Philips.PMP.Test.Auto.TimeServiceTest"
                name="TimeServiceReinitializedIfInWrongState"
                time="0.1293444"/>
      <testcase classname="Philips.PMP.Test.Auto.WebQualifierTest"
                name="FailIfTokenSecretIsNotInstalled"
                time="0.086454"/>
      <testcase classname="Philips.PMP.Test.Auto.ApmCollectorServiceTest"
                name="ApmCollectorServiceReportsCrashesWithContext"
                time="0.0153947"/>
      <testcase classname="Philips.PMP.Test.Auto.PatientAssignmentHelperTest"
                name="GetDeviceLocationTest"
                time="0.0009381"/>
      <testcase classname="Philips.PIC.WebBridge.Test.AlertCreatorTest"
                name="WillGetAlertTest"
                time="0.1497535"/>
      <testcase classname="Philips.PMP.Test.Auto.UserAccountQualifierTest"
                name="UserAccountQualifierFactoryDetectsDemo (True) row 1"
                time="0.0225034"/>
      <testcase classname="Philips.PMP.Test.Auto.UserAccountQualifierTest"
                name="UserAccountQualifierFactoryDetectsDemo (False) row 2"
                time="0.0059353"/>
      <testcase classname="Philips.PMP.Test.Auto.Ecg12LeadProviderTest"
                name="Ecg12LeadProviderStoreOneSedici"
                time="0.316182"/>
      <testcase classname="Philips.CareEvent.Test.EventWorkflowServiceTests"
                name="NullSettingsWillNotPupulateRingtones"
                time="0.0017777"/>
      <testcase classname="Philips.PMP.Test.Auto.WaveDataTest"
                name="WaveCollectionSerializationRoundTripsCorrectlyTest (0,0) row 1"
                time="0.0006541"/>
      <testcase classname="Philips.PMP.Test.Auto.WaveDataTest"
                name="WaveCollectionSerializationRoundTripsCorrectlyTest (1,1) row 2"
                time="0.0007764"/>
      <testcase classname="Philips.PMP.Test.Auto.WaveDataTest"
                name="WaveCollectionSerializationRoundTripsCorrectlyTest (65535,255) row 3"
                time="0.0003833"/>
      <testcase classname="Philips.PMP.Test.Auto.WaveDataTest"
                name="WaveCollectionSerializationRoundTripsCorrectlyTest (65278,170) row 4"
                time="0.0003717"/>
      <testcase classname="Philips.PMP.Test.Auto.SoftwareUpdateControlTest"
                name="SoftwareUpdateControlRetractsUpdate (True,Success) row 1"
                time="0.0355219"/>
      <testcase classname="Philips.PMP.Test.Auto.SoftwareUpdateControlTest"
                name="SoftwareUpdateControlRetractsUpdate (False,Failure) row 2"
                time="0.0322574"/>
      <testcase classname="Philips.PMP.Test.Auto.PatientFieldsHelperTest"
                name="PatientFieldsHelperGetPrimaryId (LifetimeId) row 1"
                time="0.0013255"/>
      <testcase classname="Philips.PMP.Test.Auto.PatientFieldsHelperTest"
                name="PatientFieldsHelperGetPrimaryId (EncounterId) row 2"
                time="0.0007754"/>
      <testcase classname="Philips.PMP.Test.Auto.MultiLeadWindowControlCheckerTest"
                name="MultiLeadWindowControlCheckerShouldShowCapture (True,True,True,True) row 1"
                time="0.0132884"/>
      <testcase classname="Philips.PMP.Test.Auto.MultiLeadWindowControlCheckerTest"
                name="MultiLeadWindowControlCheckerShouldShowCapture (False,True,True,False) row 2"
                time="0.0057487"/>
      <testcase classname="Philips.PMP.Test.Auto.MultiLeadWindowControlCheckerTest"
                name="MultiLeadWindowControlCheckerShouldShowCapture (True,False,False,False) row 3"
                time="0.0058087"/>
      <testcase classname="Philips.PMP.Test.Auto.MultiLeadWindowControlCheckerTest"
                name="MultiLeadWindowControlCheckerShouldShowCapture (True,True,False,False) row 4"
                time="0.0026523"/>
      <testcase classname="Philips.PMP.Test.Auto.TopologyTreeControlTest"
                name="TopologyTreeControlTopologyTreeChecked"
                time="0.2566507"/>
      <testcase classname="Philips.PMP.Test.Auto.DbCertificateProviderTest"
                name="RevokeCertificateTest"
                time="0.0034525"/>
      <testcase classname="Philips.PMP.Test.Auto.LinkedListTest"
                name="LinkedListCanAddAfterHead"
                time="0.0008435"/>
      <testcase classname="Philips.PMP.Test.Auto.ProfileProviderTest"
                name="AssignLoggingProfileTwice"
                time="0.0197723"/>
      <testcase classname="Philips.PMP.Test.Auto.EfficiaInstrumentTest"
                name="EfficiaInstrumentProcessUomTest"
                time="0.0168562"/>
      <testcase classname="Philips.PMP.Test.Auto.MeasControlsHelperTest"
                name="TryFindControlTest"
                time="0.0417908"/>
      <testcase classname="Philips.PMP.Test.Auto.DelimitedMessageExtractorTest"
                name="ExtractMessageElementTest"
                time="0.0017314"/>
      <testcase classname="Philips.PMP.Test.Auto.FeatureAssignmentHelperTest"
                name="FeatureAssignmentHelperGetAssignedFeaturesTest"
                time="0.0368148"/>
      <testcase classname="Philips.PMP.Test.Auto.DeviceControlProviderTest"
                name="DeviceControlProviderCopyProfileToOtherUnitTest (False,-1) row 1"
                time="0.5985625"/>
      <testcase classname="Philips.PMP.Test.Auto.DeviceControlProviderTest"
                name="DeviceControlProviderCopyProfileToOtherUnitTest (True,1) row 2"
                time="0.5116123"/>
      <testcase classname="Philips.PMP.Test.Auto.RepositoryDropoutCounterTest"
                name="RepositoryDropoutCounterUpdateWaveBackfillCounterTest"
                time="0.0021584"/>
      <testcase classname="Philips.PMP.Test.Auto.HL7ProviderTest"
                name="HL7PendingMessageTest"
                time="0.0296738"/>
      <testcase classname="Philips.PMP.Test.Auto.SetArchivePasswordControlTest"
                name="SetArchivePasswordControlTextFieldsAreObfuscated"
                time="0.0230571"/>
      <testcase classname="Philips.PMP.Test.Auto.DeviceControlSubscriptionMgrTest"
                name="ControlSusbcriptionMgrCanAddAllHostForUnitSubscriber (1) row 1"
                time="0.0015109"/>
      <testcase classname="Philips.PMP.Test.Auto.DeviceControlSubscriptionMgrTest"
                name="ControlSusbcriptionMgrCanAddAllHostForUnitSubscriber (2) row 2"
                time="0.0012451"/>
      <testcase classname="Philips.PMP.Test.Auto.StitchTest"
                name="SitchSpotCheckValidations (VALIDATED,TRANSFER_FAIL,TRANSFER_FAIL) row 1"
                time="0.0103281"/>
      <testcase classname="Philips.PMP.Test.Auto.StitchTest"
                name="SitchSpotCheckValidations (VALIDATED,EXPORTED_TO_EMR_SUCCESS,EXPORTED_TO_EMR_SUCCESS) row 2"
                time="0.005043"/>
      <testcase classname="Philips.PMP.Test.Auto.StitchTest"
                name="SitchSpotCheckValidations (VALIDATED,VALIDATED,VALIDATED) row 3"
                time="0.0049674"/>
      <testcase classname="Philips.PMP.Test.Auto.StitchTest"
                name="SitchSpotCheckValidations (TRANSFER_FAIL,EXPORTED_TO_EMR_SUCCESS,EXPORTED_TO_EMR_SUCCESS) row 4"
                time="0.0049178"/>
      <testcase classname="Philips.PMP.Test.Auto.StitchTest"
                name="SitchSpotCheckValidations (VALIDATED, TRANSFER_FAIL,EXPORTED_TO_EMR_SUCCESS,EXPORTED_TO_EMR_SUCCESS) row 5"
                time="0.0072644"/>
      <testcase classname="Philips.PMP.Test.Auto.StitchTest"
                name="SitchSpotCheckValidations (VALIDATED, EXPORTED_TO_EMR_SUCCESS,TRANSFER_FAIL,EXPORTED_TO_EMR_SUCCESS) row 6"
                time="0.0048551"/>
      <testcase classname="Philips.PMP.Test.Auto.StitchTest"
                name="SitchSpotCheckValidations (EXPORTED_TO_EMR_SUCCESS, TRANSFER_FAIL,VALIDATED,EXPORTED_TO_EMR_SUCCESS) row 7"
                time="0.0050011"/>
      <testcase classname="Philips.PMP.Test.Auto.SendTimeoutDuplexServiceTest"
                name="MethodCallsTimeoutConnectedProxyMgrTest"
                time="6.333853"/>
      <testcase classname="Philips.PMP.Test.Auto.IntelliBridgeLanConfigurationControlTest"
                name="ValidateControlTest (True,,False) row 1"
                time="0.0748086"/>
      <testcase classname="Philips.PMP.Test.Auto.IntelliBridgeLanConfigurationControlTest"
                name="ValidateControlTest (True,0.0.0.0,False) row 2"
                time="0.0734806"/>
      <testcase classname="Philips.PMP.Test.Auto.IntelliBridgeLanConfigurationControlTest"
                name="ValidateControlTest (True,172.31.1.1,True) row 3"
                time="0.0786066"/>
      <testcase classname="Philips.PMP.Test.Auto.IntelliBridgeLanConfigurationControlTest"
                name="ValidateControlTest (False,,False) row 4"
                time="0.0738977"/>
      <testcase classname="Philips.PMP.Test.Auto.StreamNotificationServiceTest"
                name="StreamNotificationServiceCanRegisterCallback"
                time="0.0027864"/>
      <testcase classname="Philips.PMP.Test.Auto.ColorProviderTest"
                name="GetSimpleColorFromIconCatalog (Blue,-13083137) row 1"
                time="0.0050664"/>
      <testcase classname="Philips.PMP.Test.Auto.ColorProviderTest"
                name="GetSimpleColorFromIconCatalog (SystemTbl40,-16776961) row 2"
                time="0.0019047"/>
      <testcase classname="Philips.PMP.Test.Auto.ColorProviderTest"
                name="GetSimpleColorFromIconCatalog (65534,-2105377) row 3"
                time="0.0016917"/>
      <testcase classname="Philips.CareEvent.Test.MobileStaffAssignmentMgrTests"
                name="GetStaffAssignmentFailIfUserDoNotHaveRolesAssigned"
                time="0.3370808"/>
      <testcase classname="Philips.PMP.Test.Auto.QuickReviewControlTest"
                name="QuickReviewControlAnnotationFormHasCorrectPatientSetAlertFocus"
                time="0.2568378"/>
      <testcase classname="Philips.PMP.Test.Auto.PatientDataExportTest"
                name="EnumerationsOnGoingMeasurementTest"
                time="0.004913"/>
      <testcase classname="Philips.PMP.Test.Auto.SpotCheckHelperTest"
                name="SpotCheckHelperIsScoreEnumerationTest (194954,True) row 1"
                time="0.0005741"/>
      <testcase classname="Philips.PMP.Test.Auto.SpotCheckHelperTest"
                name="SpotCheckHelperIsScoreEnumerationTest (195058,True) row 2"
                time="0.0003645"/>
      <testcase classname="Philips.PMP.Test.Auto.SpotCheckHelperTest"
                name="SpotCheckHelperIsScoreEnumerationTest (195057,True) row 3"
                time="0.0003458"/>
      <testcase classname="Philips.PMP.Test.Auto.SpotCheckHelperTest"
                name="SpotCheckHelperIsScoreEnumerationTest (193134,True) row 4"
                time="0.00031"/>
      <testcase classname="Philips.PMP.Test.Auto.SpotCheckHelperTest"
                name="SpotCheckHelperIsScoreEnumerationTest (195135,True) row 5"
                time="0.00028"/>
      <testcase classname="Philips.PMP.Test.Auto.SpotCheckHelperTest"
                name="SpotCheckHelperIsScoreEnumerationTest (195136,True) row 6"
                time="0.0002796"/>
      <testcase classname="Philips.PMP.Test.Auto.SpotCheckHelperTest"
                name="SpotCheckHelperIsScoreEnumerationTest (195694,False) row 7"
                time="0.0003121"/>
      <testcase classname="Philips.IX.UserManagement.Test.UserAuthenticationSessionFactoryTest"
                name="UserManagementActionDataFactoryCreatePasswordImprivata"
                time="0.0236808"/>
      <testcase classname="Philips.PIC.SharedAssignment.Test.SharedAssignmentDataConsistencyCheckerTests"
                name="SharedAssignmentCoalesceTestForAssignments (BedAssignment,EventManagement,2) row 1"
                time="0.0772394"/>
      <testcase classname="Philips.PIC.SharedAssignment.Test.SharedAssignmentDataConsistencyCheckerTests"
                name="SharedAssignmentCoalesceTestForAssignments (BedAssignment,Unknown,3) row 2"
                time="0.0014858"/>
      <testcase classname="Philips.PIC.SharedAssignment.Test.SharedAssignmentDataConsistencyCheckerTests"
                name="SharedAssignmentCoalesceTestForAssignments (AllBeds,EventManagement,3) row 3"
                time="0.0011363"/>
      <testcase classname="Philips.PMP.Test.Auto.IheMessageProcessorTest"
                name="IHEMultipleChannelAlarmTest"
                time="0.0021569"/>
      <testcase classname="Philips.PMP.Test.Auto.CatalogConfigControlTest"
                name="UpdateCustomCategoryIdShouldChangeCategoryId"
                time="0.036294"/>
      <testcase classname="Philips.PMP.Test.Auto.PatientServiceHelperTest"
                name="PatientServiceHelperDidRequiredFieldsMissingChangeTest"
                time="0.0014931"/>
      <testcase classname="Philips.PMP.LicenseService.Test.LicenseHostValidatorTest"
                name="LicenseValidatorValidatePhysioNonDeveloperWithNoHostNoPatientConnections"
                time="0.2937509"/>
      <testcase classname="Philips.PMP.Test.Auto.AlertFilterServiceTest"
                name="InopAlertsShouldBeNotifiedAsReportOnly"
                time="0.0049642"/>
      <testcase classname="Philips.PMP.Test.Auto.MobilePatientMgrTest"
                name="ParseInvalidBedIdReturnResultCodeError"
                time="0.0173261"/>
      <testcase classname="Philips.PMP.Test.Auto.PatientAssignmentHelperTest"
                name="BuildNgsPatientDictionaryTest"
                time="0.2537379"/>
      <testcase classname="Philips.PMP.LicenseService.Test.EnterpriseLicenseProcessorTest"
                name="GetRemainingEnterpriseFeaturesWillGetRemainingFeaturesTest"
                time="0.2899951"/>
      <testcase classname="Philips.PMP.Test.Auto.ProtocolWatchConversionsTest"
                name="EnumerationCompoundValueAndDynamicAttributeShouldHaveEqualPdt"
                time="0.0011717"/>
      <testcase classname="Philips.PMP.Test.Auto.AlertMgrTest"
                name="AlertMgrAlarmAuditAcknowledgeTest"
                time="0.0080872"/>
      <testcase classname="Philips.CareEvent.Test.EventWorkflowProviderTests"
                name="ReportManagementTest"
                time="0.0262716"/>
      <testcase classname="Philips.PMP.Test.Auto.EfficiaTimeMgrTest"
                name="EfficiaTimeMgrComputesCorrectlyTest"
                time="0.0007835"/>
      <testcase classname="Philips.CareEvent.Test.CareAssignmentControlTests"
                name="GetUnitToSelectShouldReturnCorrectValueForUnit (True,) row 1"
                time="0.0469069"/>
      <testcase classname="Philips.CareEvent.Test.CareAssignmentControlTests"
                name="GetUnitToSelectShouldReturnCorrectValueForUnit (False,abc) row 2"
                time="0.0445372"/>
      <testcase classname="Philips.PMP.Test.Auto.IntellibridgeDeviceDataTest"
                name="IntelliBridgeHelpDriverFilesTest"
                time="0.0013561"/>
      <testcase classname="Philips.PMP.Test.Auto.AlertFileMgrTest"
                name="PdxCorrectAlertCountIsExported"
                time="0.001361"/>
      <testcase classname="Philips.PMP.Test.Auto.DbMigrationMgrTest"
                name="DbMigrationShouldMigrateDatabaseTest"
                time="0.0018021"/>
      <testcase classname="Philips.PMP.Test.Auto.IheUnitDataHandlerTest"
                name="IntelliBridgeIHEUnitCodeTest (\u000bMSH|^~\&amp;|TrueVueConnect|PRISMAX301@192.168.0.201_3002|RecApp|RecvFacility|20141111213132||ORU^R01^ORU_R01|20141111213132|P|2.5|||AL|AL|&#xD;PID|1||123456|&#xD;PV1|1|R|^^^^^^^^PRISMAX_15|R||||||MED||||9|||||20190712040512^^^LOCAL^^^|&#xD;OBR|1|||37491^Message:Dialysis^LOINC|||20141111204238|||PRISMAX_15||||20141111213132||||||CVVHDF|TREATMENT|&#xD;OBX|8|NM|157784^MDC_FLOW_FLUID_PUMP^MDC|1.1.1.13|1.05|newUnit^newUnit^UCUM|||||\u001c&#xD;,BDAIC,0,0,) row 1"
                time="0.0006681"/>
      <testcase classname="Philips.PMP.Test.Auto.IheUnitDataHandlerTest"
                name="IntelliBridgeIHEUnitCodeTest (\u000bMSH|^~\&amp;|TrueVueConnect|PRISMAX301@192.168.0.201_3002|RecApp|RecvFacility|20141111213132||ORU^R01^ORU_R01|20141111213132|P|2.5|||AL|AL|&#xD;PID|1||123456|&#xD;PV1|1|R|^^^^^^^^PRISMAX_15|R||||||MED||||9|||||20190712040512^^^LOCAL^^^|&#xD;OBR|1|||37491^Message:Dialysis^LOINC|||20141111204238|||PRISMAX_15||||20141111213132||||||CVVHDF|TREATMENT|&#xD;OBX|8|NM|157784^MDC_FLOW_FLUID_PUMP^MDC|1.1.1.13|1.05|mL/h^mL/h^UCUM|||||\u001c&#xD;,BDAIC,3122,265266,) row 2"
                time="0.0004932"/>
      <testcase classname="Philips.PMP.Test.Auto.IheUnitDataHandlerTest"
                name="IntelliBridgeIHEUnitCodeTest (\u000bMSH|^~\&amp;|TrueVueConnect|PRISMAX301@192.168.0.201_3002|RecApp|RecvFacility|20141111213132||ORU^R01^ORU_R01|20141111213132|P|2.5|||AL|AL|&#xD;PID|1||123456|&#xD;PV1|1|R|^^^^^^^^PRISMAX_15|R||||||MED||||9|||||20190712040512^^^LOCAL^^^|&#xD;OBR|1|||37491^Message:Dialysis^LOINC|||20141111204238|||PRISMAX_15||||20141111213132||||||CVVHDF|TREATMENT|&#xD;OBX|8|NM|157784^MDC_FLOW_FLUID_PUMP^MDC|1.1.1.13|1.05|265266^MDC_DIM_MILLI_L_PER_HR^MDC^mL/h^mL/h^UCUM|||||\u001c&#xD;,BDAIC,3122,265266,) row 3"
                time="0.0006372"/>
      <testcase classname="Philips.PMP.Test.Auto.IheUnitDataHandlerTest"
                name="IntelliBridgeIHEUnitCodeTest (\u000bMSH|^~\&amp;|DATACAPTOR||||20230607225244.739+0530||ORU^R01^ORU_R01|jaiho_00031a919b3c00026487|P|2.6|||NE|NE||UNICODE UTF-8|||IHE_PCD_001^IHE PCD^1.3.6.1.4.1.19376.1.6.1.1.1^ISO~IHEPCD0104_MDIL V1 EN_11.6.0.247^CAPSULE|&#xD;PID|||||^^^^^^U|&#xD;PV1||I|Location4|&#xD;OBR|1||jaiho_00031a919b3b000264cb^CAPSULE^67F2B49882EC496A^EUI-64|182777000^monitoring of patient^SCT|||20230607225243.687+0530|||Location4|||Bed1||||||||DMMTesting_5.3.4.27_DMM Testing 1_  CapsuleTech internal testing  _{1EC7873B-4DFE-49BF-BDE5-A4EF1D6B96D6}|&#xD;OBX|4|NM|157784^NOM_RATE_INFUS^MDIL^^^^^^InRate|1.1.1.1|1|265266^NOM_DIM_MILLI_L_PER_HR^MDIL^^^^^^ml/h|||||F|||20230607225243.687+0530||||Bed1|\u001c&#xD;,CapsuleMDIP,3122,265266,) row 4"
                time="0.0005509"/>
      <testcase classname="Philips.PMP.Test.Auto.IheUnitDataHandlerTest"
                name="IntelliBridgeIHEUnitCodeTest (\u000bMSH|^~\&amp;|PAT_DEVICE_BBRAUN^0012211839000001^EUI-64|BBRAUN|DOC_AM_TEST|BB1|20220523142113+0000||ORU^R01^ORU_R01|63788912473382465025|P|2.6|||AL|NE||ASCII|en^English^ISO639||IHE_PCD_001^IHE PCD^1.3.6.1.4.1.19376.1.6.4.1^ISO&#xD;PID|||Unknown Patient^Unknown Patient||^^^^^^U||||||||||||||||||||||||||Y|&#xD;PV1|1|R|^^^^^^^^PRISMAX_15|R||||||MED||||9|||||20190712040512^^^LOCAL^^^|&#xD;OBR|1|029d53e1-daa3-11ec-8487-c0ee400d168f^PAT_DEVICE_BBRAUN^0012211839000001^EUI-64|029d53e1-daa3-11ec-8487-c0ee400d168f^PAT_DEVICE_BBRAUN^0012211839000001^EUI-64|Dobutamine^Dobutamine|||20220523142039+0000&#xD;OBX|16|NM|157784^MDC_FLOW_FLUID_PUMP^MDC|1.1.2.5|18|270499^MDC_DIM_KILO_CALORIE^MDC^kcal^kcal^UCUM|||||R\u001c&#xD;,BBraunDoselinkPlus,61571,323715,) row 5"
                time="0.0025234"/>
      <testcase classname="Philips.PMP.Test.Auto.IheUnitDataHandlerTest"
                name="IntelliBridgeIHEUnitCodeTest (\u000bMSH|^~\&amp;|PAT_DEVICE_BBRAUN^0012211839000001^EUI-64|BBRAUN|DOC_AM_TEST|BB1|20220523142113+0000||ORU^R01^ORU_R01|63788912473382465025|P|2.6|||AL|NE||ASCII|en^English^ISO639||IHE_PCD_001^IHE PCD^1.3.6.1.4.1.19376.1.6.4.1^ISO&#xD;PID|||Unknown Patient^Unknown Patient||^^^^^^U||||||||||||||||||||||||||Y|&#xD;PV1|1|R|^^^^^^^^PRISMAX_15|R||||||MED||||9|||||20190712040512^^^LOCAL^^^|&#xD;OBR|1|029d53e1-daa3-11ec-8487-c0ee400d168f^PAT_DEVICE_BBRAUN^0012211839000001^EUI-64|029d53e1-daa3-11ec-8487-c0ee400d168f^PAT_DEVICE_BBRAUN^0012211839000001^EUI-64|Dobutamine^Dobutamine|||20220523142039+0000&#xD;OBX|16|NM|157784^MDC_FLOW_FLUID_PUMP^MDC|1.1.2.5|18|269920^MDC_DIM_BOOLEAN^MDC^{bool}^{bool}^UCUM|||||R\u001c&#xD;,BBraunDoselinkPlus,7776,269920,) row 6"
                time="0.0059802"/>
      <testcase classname="Philips.PMP.Test.Auto.IheUnitDataHandlerTest"
                name="IntelliBridgeIHEUnitCodeTest (\u000bMSH|^~\&amp;|TrueVueConnect|PRISMAX301@192.168.0.201_3002|RecApp|RecvFacility|20141111213132||ORU^R01^ORU_R01|20141111213132|P|2.5|||AL|AL|&#xD;PID|1||123456|&#xD;PV1|1|R|^^^^^^^^PRISMAX_15|R||||||MED||||9|||||20190712040512^^^LOCAL^^^|&#xD;OBR|1|||37491^Message:Dialysis^LOINC|||20141111204238|||PRISMAX_15||||20141111213132||||||CVVHDF|TREATMENT|&#xD;OBX|8|NM|157784^MDC_FLOW_FLUID_PUMP^MDC|1.1.1.13|1.05|unknown string|||||\u001c&#xD;,BBraunDoselinkPlus,0,0,) row 7"
                time="0.0009548"/>
      <testcase classname="Philips.PMP.Test.Auto.EventLogShutdownAnalyzerTest"
                name="DetectLastShutdownWasWatchdogOperatingSystemPatching"
                time="0.0012413"/>
      <testcase classname="Philips.PMP.Test.Auto.NetworkAlertTest"
                name="NetworkAlertExcessiveBackupApcMessageTest"
                time="0.0013941"/>
      <testcase classname="Philips.PMP.Test.Auto.PatientDataExportStorageTest"
                name="PdxWaveAttributesWithEarlierTimeAreReturned"
                time="0.0275458"/>
      <testcase classname="Philips.PMP.Test.Auto.SegmentedListTest"
                name="CopyAddressesEveryValueTest"
                time="0.0124879"/>
      <testcase classname="Philips.PMP.Test.Auto.NumericProviderTest"
                name="NumericProviderTrendUploadNumericsRoundTripPhysioDataTimeTest"
                time="0.2895384"/>
      <testcase classname="Philips.PMP.Test.Auto.ScaleProviderTest"
                name="PatientParameterScalesPurgeTest"
                time="1.2717325"/>
      <testcase classname="Philips.PMP.Test.Auto.BodyCalculationsControlHelperTest"
                name="BodyCalculationsHelperGetPatientBsaFormulaChoices"
                time="0.0039302"/>
      <testcase classname="Philips.PMP.Test.Auto.Hl7DiagnosticsMgrTest"
                name="Hl7DiagnosticsMgrReportsActiveConnections"
                time="0.0041489"/>
      <testcase classname="Philips.PMP.Test.Auto.WebPortalViewControlTest"
                name="WebPortalViewControlSetView"
                time="0.0185089"/>
      <testcase classname="Philips.PMP.Test.Auto.SectorAlertStateTest"
                name="SectorAlertStateTestSilencedAndEnded"
                time="0.0012361"/>
      <testcase classname="Philips.PMP.Test.Auto.EcgFilterHelperTest"
                name="WaveChunksWithZeroSamplesDontCrashTest"
                time="0.0086138"/>
      <testcase classname="Philips.PMP.Test.Auto.DbConnectionStatusMgrTest"
                name="DbConnectionStatusIsServiceModeTest (MaintenanceMode,True) row 1"
                time="0.0007256"/>
      <testcase classname="Philips.PMP.Test.Auto.DbConnectionStatusMgrTest"
                name="DbConnectionStatusIsServiceModeTest (Connected,False) row 2"
                time="0.0003507"/>
      <testcase classname="Philips.PMP.Test.Auto.DbConnectionStatusMgrTest"
                name="DbConnectionStatusIsServiceModeTest (ForcedLocal,True) row 3"
                time="0.0004281"/>
      <testcase classname="Philips.PMP.Test.Auto.RepositoryComplexMetricTest"
                name="RepositoryComplexMetricReturnSpotCheckDataOnlyIfInternalPatientIdMatches (1) row 1"
                time="0.001005"/>
      <testcase classname="Philips.PMP.Test.Auto.RepositoryComplexMetricTest"
                name="RepositoryComplexMetricReturnSpotCheckDataOnlyIfInternalPatientIdMatches (0) row 2"
                time="0.0004256"/>
      <testcase classname="Philips.PMP.Test.Auto.TimeServiceTest"
                name="ActiveDirectoryConfiguredVerifyFails1"
                time="0.017342"/>
      <testcase classname="Philips.PMP.Test.Auto.EventNotificationSettingControlTest"
                name="CopyShouldEnforceSingCaregiverRule (True) row 1"
                time="0.0270482"/>
      <testcase classname="Philips.PMP.Test.Auto.EventNotificationSettingControlTest"
                name="CopyShouldEnforceSingCaregiverRule (False) row 2"
                time="0.0216546"/>
      <testcase classname="Philips.PMP.Test.Auto.PatientServiceSearchTest"
                name="PatientServiceFindAnyMatchInPpisTest"
                time="0.0057137"/>
      <testcase classname="Philips.IX.UserManagement.Test.ProveIdWebApiMessageTest"
                name="ServersMessageTest"
                time="0.206997"/>
      <testcase classname="Philips.PMP.Test.Auto.ProxyTest"
                name="ConnectedProxyMgrClosesProxyGracefully"
                time="0.0116056"/>
      <testcase classname="Philips.PMP.Test.Auto.Ecg12LeadHelperTest"
                name="Ecg12LeadHelperGetOrdersMatchedToOrderRequestsShouldAddWhenCodesMatch"
                time="0.0523033"/>
      <testcase classname="Philips.PMP.Test.Auto.DbEngineTest"
                name="AutomaticRetryFail"
                time="0.0123361"/>
      <testcase classname="Philips.PMP.Test.Auto.LocalizedResourcesTest"
                name="UiControlResourceValidation"
                time="0.871074"/>
      <testcase classname="Philips.PMP.Test.Auto.UshortHandleGeneratorTest"
                name="UshortHandleGeneratorGetHandleTest"
                time="0.0028392"/>
      <testcase classname="Philips.PMP.Test.Auto.UserTimeoutTest"
                name="UserTimeoutLogin"
                time="0.2205632"/>
      <testcase classname="Philips.PMP.Test.Auto.ServiceProviderTest"
                name="GetShutdownPriorityTest (False) row 1"
                time="0.0019298"/>
      <testcase classname="Philips.PMP.Test.Auto.ServiceProviderTest"
                name="GetShutdownPriorityTest (True) row 2"
                time="0.0015016"/>
      <testcase classname="Philips.PMP.Test.Auto.NumericProviderTest"
                name="NumericProviderAperiodicMeasurementTrigger"
                time="0.2917185"/>
      <testcase classname="Philips.PMP.Test.Auto.TopologyHelperTest"
                name="IsAssignmentAllowedTest"
                time="0.000744"/>
      <testcase classname="Philips.PMP.Test.Auto.MedianCalculatorTest"
                name="TripleOrderingStableTest"
                time="0.024103"/>
      <testcase classname="Philips.PMP.Test.Auto.DatabaseTypeConverterTest"
                name="DatabaseTypeConverterEnumVerifyTest"
                time="0.0007534"/>
      <testcase classname="Philips.PIC.DevTools.Test.InHouseConfigurationTest"
                name="DemoEntityGeneratorUserValidation"
                time="0.0240683"/>
      <testcase classname="Philips.PMP.Test.Auto.TeleProfileHelperTest"
                name="StoreTest"
                time="0.0304151"/>
      <testcase classname="Philips.PMP.Test.Auto.PhysioDataServiceTest"
                name="MetricRepositoryDeletesRetainedMetricsOnSettingsChange"
                time="0.0023514"/>
      <testcase classname="Philips.PMP.Test.Auto.WaveFrequencyConverterTest"
                name="WaveConvertMultipleChunksDisallowUpSampleTest"
                time="0.0006989"/>
      <testcase classname="Philips.PMP.Test.Auto.SpotCheckGuidCorrectorTest"
                name="SpotCheckGuidCorrectorCorrectRecordIdTest (False) row 1"
                time="0.0093033"/>
      <testcase classname="Philips.PMP.Test.Auto.SpotCheckGuidCorrectorTest"
                name="SpotCheckGuidCorrectorCorrectRecordIdTest (True) row 2"
                time="0.0005303"/>
      <testcase classname="Philips.PMP.Test.Auto.WatchedProcessTest"
                name="WatchedProcessDelayedTest (True) row 1"
                time="3.1380704"/>
      <testcase classname="Philips.PMP.Test.Auto.WatchedProcessTest"
                name="WatchedProcessDelayedTest (False) row 2"
                time="0.0057152"/>
      <testcase classname="Philips.PMP.Test.Auto.OutboundAdtMgrTest"
                name="OutboundAdtMgrCanDisposeMultipleTimes"
                time="0.0011116"/>
      <testcase classname="Philips.PMP.Test.Auto.ApmCollectorServiceDuplexMgrTest"
                name="ReportToApmCollectorServiceOnProxyCreation"
                time="0.2984772"/>
      <testcase classname="Philips.PMP.Test.Auto.WaveFileMgrTest"
                name="PdxNoWaveTrimWhenWaveSizeMatchesDateBounds"
                time="0.0005016"/>
      <testcase classname="Philips.CareEvent.Test.CareAssignmentOverviewRoleCheckerTest"
                name="NumberOfOverviewCaregroupAssignments"
                time="0.0165815"/>
      <testcase classname="Philips.PMP.Test.Auto.EquipmentManagementControlTest"
                name="SetPatientMonitorsTest"
                time="0.1230568"/>
      <testcase classname="Philips.PMP.Test.Auto.ReportWebHelperTests"
                name="RedirectOnInvalidSessionTests"
                time="0.0999436"/>
      <testcase classname="Philips.PMP.Test.Auto.SectorAlertStateTest"
                name="SectorAlertStateNoAlertsGetHighestTechnicalAlertReturnsNoAlert"
                time="0.0004934"/>
      <testcase classname="Philips.PMP.Test.Auto.LogonFormTest"
                name="LogonFormUserLoggedInDifferentThread"
                time="0.1627171"/>
      <testcase classname="Philips.PMP.Test.Auto.TopologyChangeAggregatorTest"
                name="TopologyChangeAggregatorPubSubEventAggregationTest (5,1) row 1"
                time="0.099298"/>
      <testcase classname="Philips.PMP.Test.Auto.TopologyChangeAggregatorTest"
                name="TopologyChangeAggregatorPubSubEventAggregationTest (1,0) row 2"
                time="0.0046456"/>
      <testcase classname="Philips.CareEvent.Test.TopologyAliasProviderTests"
                name="TopologyAliasProviderTryGetBedTest (False,False) row 1"
                time="0.034275"/>
      <testcase classname="Philips.CareEvent.Test.TopologyAliasProviderTests"
                name="TopologyAliasProviderTryGetBedTest (False,True) row 2"
                time="0.0314226"/>
      <testcase classname="Philips.CareEvent.Test.TopologyAliasProviderTests"
                name="TopologyAliasProviderTryGetBedTest (True,False) row 3"
                time="0.0296651"/>
      <testcase classname="Philips.CareEvent.Test.TopologyAliasProviderTests"
                name="TopologyAliasProviderTryGetBedTest (True,True) row 4"
                time="0.027436"/>
      <testcase classname="Philips.PMP.Test.Auto.PatientFieldsHelperTest"
                name="PatientFieldsHelperGetAllNotUnknownDisplayModeChoices"
                time="0.0006611"/>
      <testcase classname="Philips.PMP.Test.Auto.ApmDataConverterTest"
                name="ApmDataConverterConvertTest"
                time="0.0077149"/>
      <testcase classname="Philips.PMP.Test.Auto.DeviceControlProviderTest"
                name="MeasurementControlsPatientSettingTest"
                time="0.4760522"/>
      <testcase classname="Philips.CareEvent.Test.RingtoneProviderTests"
                name="RingtoneFileVerificationTest"
                time="0.0058531"/>
      <testcase classname="Philips.PMP.Test.Auto.ClinicalNotificationAutoAcknowledgerTest"
                name="NotificationAutoAckOnlyOneNotificationShouldNotAutoAckNotification"
                time="0.0015778"/>
      <testcase classname="Philips.PMP.Test.Auto.ClockFileHelperTest"
                name="ClockFileHelperRowsAreOffset"
                time="0.0005797"/>
      <testcase classname="Philips.PMP.Test.Auto.NumericProviderTest"
                name="NumericProviderPeriodicTwoDataruns"
                time="0.2719369"/>
      <testcase classname="Philips.PMP.Test.Auto.PhysioDataTest"
                name="PhysioDataFindAllPdtLocations"
                time="0.3099537"/>
      <testcase classname="Philips.PMP.Test.Auto.DeviceServiceTest"
                name="DeviceServicesUpdateRunningCdsProtocolsTest"
                time="0.0042377"/>
      <testcase classname="Philips.PMP.Test.Auto.MobileBedSubscriberTest"
                name="MobileBedSubscriberCanSubscriberForGapsOnDischarge (True) row 1"
                time="0.0238353"/>
      <testcase classname="Philips.PMP.Test.Auto.MobileBedSubscriberTest"
                name="MobileBedSubscriberCanSubscriberForGapsOnDischarge (False) row 2"
                time="0.0290189"/>
      <testcase classname="Philips.PMP.Test.Auto.DbSyncServiceTest"
                name="OnUploadArchiveScheduleDueTest (True,True,1) row 1"
                time="0.0171417"/>
      <testcase classname="Philips.PMP.Test.Auto.DbSyncServiceTest"
                name="OnUploadArchiveScheduleDueTest (True,False,0) row 2"
                time="0.0091303"/>
      <testcase classname="Philips.PMP.Test.Auto.DbSyncServiceTest"
                name="OnUploadArchiveScheduleDueTest (False,True,0) row 3"
                time="0.0089651"/>
      <testcase classname="Philips.PMP.Test.Auto.DbSyncServiceTest"
                name="OnUploadArchiveScheduleDueTest (False,False,0) row 4"
                time="0.0089824"/>
      <testcase classname="Philips.PMP.Test.Auto.CameraSystemConnectionTest"
                name="CameraSystemStoreAndEditTest"
                time="0.3865668"/>
      <testcase classname="Philips.PMP.Test.Auto.IheDriverAlarmTest"
                name="IntelliBridgeIHEDriverAlarmTest (BDAIC,MSH|^~\&amp;|PAT_DEVICE_BBRAUN^0012211839000001^EUI-64|BBRAUN|DOC_AM_TEST|BB2|20220511152405+0000||ORU^R40^ORU_R40|6378787944520857841|P|2.6|||AL|NE||ASCII|en^English^ISO639||IHE_PCD_ACM_001^IHE PCD^1.3.6.1.4.1.19376.1.6.4.4^ISO&#xD;&#xA;&#x9;&#x9;PID|||Bed1^^^AIC^U||Bed1^^^^^^U&#xD;&#xA;&#x9;&#x9;PV1||U|ICU^^Bed1&#xD;&#xA;&#x9;&#x9;OBR|1|ICU@Bed1@Alaris PK@8005-05758^AIC^unitedms.com^DNS|ICU@Bed1@Alaris PK@8005-05758^AIC^unitedms.com^DNS|ICU@Bed1@Alaris PK@8005-05758^Alfentanil|||20170601130206+0100&#xD;&#xA;&#x9;&#x9;OBX|1||69965^MDC_DEV_MON_PHYSIO_MULTI_PARAM_MDS^MDC|1.0.0.0|||||||X|||||||2449^^0012210000000000^EUI-64&#xD;&#xA;&#x9;&#x9;OBX|2||69966^MDC_DEV_MON_PHYSIO_MULTI_PARAM_VMD^MDC|1.1.0.0|||||||X&#xD;&#xA;&#x9;&#x9;OBX|3|CWE|196616^MDC_EVT_ALARM^MDC|1.1.0.0.1|||||||F|||20220511152402+0000&#xD;&#xA;&#x9;&#x9;OBX|4|CWE|68480^MDC_ATTR_ALERT_SOURCE^MDC|1.1.0.0.2|||||||F|||||||2449^^0012210000000000^EUI-64&#xD;&#xA;&#x9;&#x9;OBX|5|ST|68481^MDC_ATTR_EVENT_PHASE^MDC|1.1.0.0.3|||||||F&#xD;&#xA;&#x9;&#x9;OBX|6|ST|68482^MDC_ATTR_ALARM_STATE^MDC|1.1.0.0.4|{AlarmStateTag}||||||F&#xD;&#xA;&#x9;&#x9;OBX|7|ST|68483^MDC_ATTR_ALARM_INACTIVATION_STATE^MDC|1.1.0.0.5|{AlarmInactivationStateTag}||||||F&#xD;&#xA;&#x9;&#x9;OBX|8|ST|68484^MDC_ATTR_ALARM_PRIORITY^MDC|1.1.0.0.6|||||||F&#xD;&#xA;&#x9;&#x9;OBX|9|ST|68485^MDC_ATTR_ALERT_TYPE^MDC|1.1.0.0.7|||||||F,7,4,False,,0,0,0,False,,,CentralAudible,Unknown,NoAlert) row 1"
                time="0.0915367"/>
      <testcase classname="Philips.PMP.Test.Auto.IheDriverAlarmTest"
                name="IntelliBridgeIHEDriverAlarmTest (CapsuleMDIP,MSH|^~\&amp;|DATACAPTOR|Hospital1|||20180731192651.971+0200||ORU^R40^ORU_R40|8731192651980441|P|2.6|||AL|NE||8859/1|||IHE_PCD_004^IHE PCD^1.3.6.1.4.1.19376.1.6.1.4.1^ISO|&#xD;&#xA;&#x9;&#x9;PID|||PID3 ||Smith^John^^^^^L||20050415000000.000+0200|F|||||||FRENCH|||PID18|&#xD;&#xA;&#x9;&#x9;PV1||P|{PV13Location}|&#xD;&#xA;&#x9;&#x9;OBR|1|10564^CAPSULE^6D8F69E0C97743C9^EUI-64|10564^CAPSULE^6D8F69E0C97743C9^EUI-64|196616^MDC_EVT_ALARM^MDC|||20180731192651.000+0200|||Neuron |||Neuron|||||||NellcorPuritanBennettG_5.1.2_PB 980_Covidien &#xD;&#xA;&#x9;&#x9;OBX|||69965^MDC_DEV_MON_PHYSIO_MULTI_PARAM_MDS^MDC|1.0.0.0|||||||X|||||||cece00b3-a18a-4351-85a6-df6aea217c11-Puritan Bennett 840|&#xD;&#xA;&#x9;&#x9;OBX|||69966^MDC_DEV_MON_PHYSIO_MULTI_PARAM_VMD^MDC|1.1.0.0|||||||X|||||||&#xD;&#xA;&#x9;&#x9;OBX|||69967^MDC_DEV_MON_PHYSIO_MULTI_PARAM_CHAN^MDC|1.1.1.0|||||||X|&#xD;&#xA;&#x9;&#x9;OBX|4|CWE|196616^MDC_EVT_ALARM^MDC|1.1.1.0.1|1081082932^NLS_DRV_ED246_ALERT_VENT_BATTERY_LOW_PRIO_HIGH^NLS^^^^^^!!! Vent Batt. Low||||||F|||20050415000000.000+0200|    &#xD;&#xA;&#x9;&#x9;OBX||CWE|68480^MDC_ATTR_ALERT_SOURCE^MDC|1.1.1.1.2|160920^MDC_VENT_CONC_AWAY_O2_INSP^MDC||||||F|||20180731192650.901+0200|&#xD;&#xA;&#x9;&#x9;OBX||ST|68481^MDC_ATTR_EVENT_PHASE^MDC|1.1.1.1.3|continue||||||F|||20180731192650.901+0200|&#xD;&#xA;&#x9;&#x9;OBX||ST|68482^MDC_ATTR_ALARM_STATE^MDC|1.1.1.1.4|{AlarmStateTag}||||||F|||20180731192650.901+0200|&#xD;&#xA;&#x9;&#x9;OBX||ST|68483^MDC_ATTR_ALARM_INACTIVATION_STATE^MDC|1.1.1.1.5|{AlarmInactivationStateTag}||||||F|||20180731192650.901+0200|&#xD;&#xA;&#x9;&#x9;OBX||ST|68484^MDC_ATTR_ALARM_PRIORITY^MDC|1.1.1.1.6|PH||||||F|||20180731192650.901+0200|&#xD;&#xA;&#x9;&#x9;OBX|10|ST|68485^MDC_ATTR_ALERT_TYPE^MDC|1.1.1.0.7|ST||||||F|||20180731192650.901+0200|,7,4,True,!!! Vent Batt. Low,1081082932,160920,196616,True,active,enabled,CentralAudible,Technical,RedAlarm) row 2"
                time="0.0159522"/>
      <testcase classname="Philips.PMP.Test.Auto.IheDriverAlarmTest"
                name="IntelliBridgeIHEDriverAlarmTest (CapsuleMDIP,MSH|^~\&amp;|DATACAPTOR|Hospital1|||20180731192651.971+0200||ORU^R40^ORU_R40|8731192651980441|P|2.6|||AL|NE||8859/1|||IHE_PCD_004^IHE PCD^1.3.6.1.4.1.19376.1.6.1.4.1^ISO|&#xD;&#xA;&#x9;&#x9;PID|||PID3 ||Smith^John^^^^^L||20050415000000.000+0200|F|||||||FRENCH|||PID18|&#xD;&#xA;&#x9;&#x9;PV1||P|{PV13Location}|&#xD;&#xA;&#x9;&#x9;OBR|1|10564^CAPSULE^6D8F69E0C97743C9^EUI-64|10564^CAPSULE^6D8F69E0C97743C9^EUI-64|196616^MDC_EVT_ALARM^MDC|||20180731192651.000+0200|||Neuron |||Neuron|||||||NellcorPuritanBennettG_5.1.2_PB 980_Covidien &#xD;&#xA;&#x9;&#x9;OBX|||69965^MDC_DEV_MON_PHYSIO_MULTI_PARAM_MDS^MDC|1.0.0.0|||||||X|||||||cece00b3-a18a-4351-85a6-df6aea217c11-Puritan Bennett 840|&#xD;&#xA;&#x9;&#x9;OBX|||69966^MDC_DEV_MON_PHYSIO_MULTI_PARAM_VMD^MDC|1.1.0.0|||||||X|||||||&#xD;&#xA;&#x9;&#x9;OBX|||69967^MDC_DEV_MON_PHYSIO_MULTI_PARAM_CHAN^MDC|1.1.1.0|||||||X|&#xD;&#xA;&#x9;&#x9;OBX|4|CWE|196616^MDC_EVT_ALARM^MDC|1.1.1.0.1|1081082932^NLS_DRV_ED246_ALERT_VENT_BATTERY_LOW_PRIO_HIGH^NLS^^^^^^!!! Vent Batt. Low||||||F|||20050415000000.000+0200|    &#xD;&#xA;&#x9;&#x9;OBX||CWE|68480^MDC_ATTR_ALERT_SOURCE^MDC|1.1.1.1.2|160920^MDC_VENT_CONC_AWAY_O2_INSP^MDC||||||F|||20180731192650.901+0200|&#xD;&#xA;&#x9;&#x9;OBX||ST|68481^MDC_ATTR_EVENT_PHASE^MDC|1.1.1.1.3|continue||||||F|||20180731192650.901+0200|&#xD;&#xA;&#x9;&#x9;OBX||ST|68482^MDC_ATTR_ALARM_STATE^MDC|1.1.1.1.4|{AlarmStateTag}||||||F|||20180731192650.901+0200|&#xD;&#xA;&#x9;&#x9;OBX||ST|68483^MDC_ATTR_ALARM_INACTIVATION_STATE^MDC|1.1.1.1.5|{AlarmInactivationStateTag}||||||F|||20180731192650.901+0200|&#xD;&#xA;&#x9;&#x9;OBX||ST|68484^MDC_ATTR_ALARM_PRIORITY^MDC|1.1.1.1.6|PH||||||F|||20180731192650.901+0200|&#xD;&#xA;&#x9;&#x9;OBX|10|ST|68485^MDC_ATTR_ALERT_TYPE^MDC|1.1.1.0.7|ST||||||F|||20180731192650.901+0200|,7,4,True,!!! Vent Batt. Low,1081082931,160920,196616,False,active,audio-paused,0,Technical,RedAlarm) row 3"
                time="0.0074598"/>
      <testcase classname="Philips.PMP.Test.Auto.IheDriverAlarmTest"
                name="IntelliBridgeIHEDriverAlarmTest (CapsuleMDIP,MSH|^~\&amp;|DATACAPTOR|Hospital1|||20180731192651.971+0200||ORU^R40^ORU_R40|8731192651980441|P|2.6|||AL|NE||8859/1|||IHE_PCD_004^IHE PCD^1.3.6.1.4.1.19376.1.6.1.4.1^ISO|&#xD;&#xA;&#x9;&#x9;PID|||PID3 ||Smith^John^^^^^L||20050415000000.000+0200|F|||||||FRENCH|||PID18|&#xD;&#xA;&#x9;&#x9;PV1||P|{PV13Location}|&#xD;&#xA;&#x9;&#x9;OBR|1|10564^CAPSULE^6D8F69E0C97743C9^EUI-64|10564^CAPSULE^6D8F69E0C97743C9^EUI-64|196616^MDC_EVT_ALARM^MDC|||20180731192651.000+0200|||Neuron |||Neuron|||||||NellcorPuritanBennettG_5.1.2_PB 980_Covidien &#xD;&#xA;&#x9;&#x9;OBX|||69965^MDC_DEV_MON_PHYSIO_MULTI_PARAM_MDS^MDC|1.0.0.0|||||||X|||||||cece00b3-a18a-4351-85a6-df6aea217c11-Puritan Bennett 840|&#xD;&#xA;&#x9;&#x9;OBX|||69966^MDC_DEV_MON_PHYSIO_MULTI_PARAM_VMD^MDC|1.1.0.0|||||||X|||||||&#xD;&#xA;&#x9;&#x9;OBX|||69967^MDC_DEV_MON_PHYSIO_MULTI_PARAM_CHAN^MDC|1.1.1.0|||||||X|&#xD;&#xA;&#x9;&#x9;OBX|4|CWE|196616^MDC_EVT_ALARM^MDC|1.1.1.0.1|1081082932^NLS_DRV_ED246_ALERT_VENT_BATTERY_LOW_PRIO_HIGH^NLS^^^^^^!!! Vent Batt. Low||||||F|||20050415000000.000+0200|    &#xD;&#xA;&#x9;&#x9;OBX||CWE|68480^MDC_ATTR_ALERT_SOURCE^MDC|1.1.1.1.2|160920^MDC_VENT_CONC_AWAY_O2_INSP^MDC||||||F|||20180731192650.901+0200|&#xD;&#xA;&#x9;&#x9;OBX||ST|68481^MDC_ATTR_EVENT_PHASE^MDC|1.1.1.1.3|continue||||||F|||20180731192650.901+0200|&#xD;&#xA;&#x9;&#x9;OBX||ST|68482^MDC_ATTR_ALARM_STATE^MDC|1.1.1.1.4|{AlarmStateTag}||||||F|||20180731192650.901+0200|&#xD;&#xA;&#x9;&#x9;OBX||ST|68483^MDC_ATTR_ALARM_INACTIVATION_STATE^MDC|1.1.1.1.5|{AlarmInactivationStateTag}||||||F|||20180731192650.901+0200|&#xD;&#xA;&#x9;&#x9;OBX||ST|68484^MDC_ATTR_ALARM_PRIORITY^MDC|1.1.1.1.6|PH||||||F|||20180731192650.901+0200|&#xD;&#xA;&#x9;&#x9;OBX|10|ST|68485^MDC_ATTR_ALERT_TYPE^MDC|1.1.1.0.7|ST||||||F|||20180731192650.901+0200|,7,4,False,!!! Vent Batt. Low,1081082932,160920,196616,True,inactive,audio-paused,0,Technical,RedAlarm) row 4"
                time="0.0063152"/>
      <testcase classname="Philips.PMP.Test.Auto.IheDriverAlarmTest"
                name="IntelliBridgeIHEDriverAlarmTest (CapsuleMDIP,MSH|^~\&amp;|DATACAPTOR||||20221216144425.351+0530||ORU^R40^ORU_R40|000119ad154900000144|P|2.6|||NE|NE||UNICODE UTF-8|||IHE_PCD_004^IHE PCD^1.3.6.1.4.1.19376.1.6.1.4.1^ISO~IHEPCD04_MDIL (genuine)_11.6.0.11595^CAPSULE|&#xD;&#xA;PID|||||^^^^^^U|&#xD;&#xA;PV1||I|{PV13Location}|&#xD;&#xA;OBR|1|1203^CAPSULE^3268B019E1B44157^EUI-64|1203^CAPSULE^3268B019E1B44157^EUI-64|196616^MDC_EVT_ALARM^MDC|||20221216144425.000+0530|||INGBTCPIC6MS057|||INGBTCPIC6MS057||||||||NellcorPuritanBennettE_5.4.10_NPB 840_Nellcor Puritan Bennett_{BD7662D2-3A26-4CE9-BE1C-568A8E479A28}||||||||^{796AE130-F582-4DCD-AD0B-8E7148C48229}&amp;CAPSULE&amp;3268B019E1B44157&amp;EUI-64|&#xD;&#xA;OBX|1||70001^NOM_DEV_SYS_PT_VENT_MDS^MDIL|1.0.0.0|||||||X|||||||840 1234567890|&#xD;&#xA;OBX|2||129724^NOM_DEV_CONTEXT_VMD^MDIL|1.1.0.0|||||||X|||||||840 1234567891|&#xD;&#xA;OBX|3||129725^NOM_DEV_CONTEXT_CHAN^MDIL|1.1.1.0|||||||X|&#xD;&#xA;OBX|4|CWE|199680^NOM_EVT_APNEA^MDIL|1.1.1.1.1|1073742859^NLS_DRV_GENERAL_ALERT_APNEA_PRIO_HIGH^NLS^^^^^^Apnea Ventil||||||F|||20150120151100.000+0530||||INGBTCPIC6MS057|&#xD;&#xA;OBX|5||151586^NOM_VENT_RESP_RATE^MDIL^^^^^^RRaw|1.1.1.1.2|||||||F|||20221216144425.000+0530||||INGBTCPIC6MS057|&#xD;&#xA;OBX|6|ST|68481^MDC_ATTR_EVENT_PHASE^MDC|1.1.1.1.3|continue||||||F|||20150120151100.000+0530||||INGBTCPIC6MS057|&#xD;&#xA;OBX|7|ST|68482^MDC_ATTR_ALARM_STATE^MDC|1.1.1.1.4|{AlarmStateTag}||||||F|||20150120151100.000+0530||||INGBTCPIC6MS057|&#xD;&#xA;OBX|8|ST|68483^MDC_ATTR_ALARM_INACTIVATION_STATE^MDC|1.1.1.1.5|{AlarmInactivationStateTag}||||||F|||20150120151100.000+0530||||INGBTCPIC6MS057|&#xD;&#xA;OBX|9|ST|68484^MDC_ATTR_ALARM_PRIORITY^MDC|1.1.1.1.6|PH||||||F|||20150120151100.000+0530||||INGBTCPIC6MS057|&#xD;&#xA;OBX|10|ST|68485^MDC_ATTR_ALERT_TYPE^MDC|1.1.1.1.7|SP||||||F|||20150120151100.000+0530||||INGBTCPIC6MS057|&#xD;&#xA;,7,4,True, Apnea,1073742859,151586,199680,True,active,enabled,CentralAudible,Patient,RedAlarm) row 5"
                time="0.0008179"/>
      <testcase classname="Philips.PMP.Test.Auto.IheDriverAlarmTest"
                name="IntelliBridgeIHEDriverAlarmTest (CapsuleMDIP,MSH|^~\&amp;|DATACAPTOR||||20221216144425.351+0530||ORU^R40^ORU_R40|000119ad154900000144|P|2.6|||NE|NE||UNICODE UTF-8|||IHE_PCD_004^IHE PCD^1.3.6.1.4.1.19376.1.6.1.4.1^ISO~IHEPCD04_MDIL (genuine)_11.6.0.11595^CAPSULE|&#xD;&#xA;PID|||||^^^^^^U|&#xD;&#xA;PV1||I|{PV13Location}|&#xD;&#xA;OBR|1|1203^CAPSULE^3268B019E1B44157^EUI-64|1203^CAPSULE^3268B019E1B44157^EUI-64|196616^MDC_EVT_ALARM^MDC|||20221216144425.000+0530|||INGBTCPIC6MS057|||INGBTCPIC6MS057||||||||NellcorPuritanBennettE_5.4.10_NPB 840_Nellcor Puritan Bennett_{BD7662D2-3A26-4CE9-BE1C-568A8E479A28}||||||||^{796AE130-F582-4DCD-AD0B-8E7148C48229}&amp;CAPSULE&amp;3268B019E1B44157&amp;EUI-64|&#xD;&#xA;OBX|1||70001^NOM_DEV_SYS_PT_VENT_MDS^MDIL|1.0.0.0|||||||X|||||||840 1234567890|&#xD;&#xA;OBX|2||129724^NOM_DEV_CONTEXT_VMD^MDIL|1.1.0.0|||||||X|||||||840 1234567891|&#xD;&#xA;OBX|3||129725^NOM_DEV_CONTEXT_CHAN^MDIL|1.1.1.0|||||||X|&#xD;&#xA;OBX|4|CWE|199680^NOM_EVT_APNEA^MDIL|1.1.1.1.1|1089472800^NLS_DRV_ALERT_VENT_APNEA_VENTILATION^NLS^^^^^^Apnea Ventil||||||F|||20150120151100.000+0530||||INGBTCPIC6MS057|&#xD;&#xA;OBX|5||151586^NOM_VENT_RESP_RATE^MDIL^^^^^^RRaw|1.1.1.1.2|||||||F|||20221216144425.000+0530||||INGBTCPIC6MS057|&#xD;&#xA;OBX|6|ST|68481^MDC_ATTR_EVENT_PHASE^MDC|1.1.1.1.3|continue||||||F|||20150120151100.000+0530||||INGBTCPIC6MS057|&#xD;&#xA;OBX|7|ST|68482^MDC_ATTR_ALARM_STATE^MDC|1.1.1.1.4|{AlarmStateTag}||||||F|||20150120151100.000+0530||||INGBTCPIC6MS057|&#xD;&#xA;OBX|8|ST|68483^MDC_ATTR_ALARM_INACTIVATION_STATE^MDC|1.1.1.1.5|{AlarmInactivationStateTag}||||||F|||20150120151100.000+0530||||INGBTCPIC6MS057|&#xD;&#xA;OBX|9|ST|68484^MDC_ATTR_ALARM_PRIORITY^MDC|1.1.1.1.6|PH||||||F|||20150120151100.000+0530||||INGBTCPIC6MS057|&#xD;&#xA;OBX|10|ST|68485^MDC_ATTR_ALERT_TYPE^MDC|1.1.1.1.7|SP||||||F|||20150120151100.000+0530||||INGBTCPIC6MS057|&#xD;&#xA;,7,4,True,Apnea Ventil,1089472800,151586,199680,True,active,enabled,CentralAudible,Patient,RedAlarm) row 6"
                time="0.001729"/>
      <testcase classname="Philips.PMP.Test.Auto.IheDriverAlarmTest"
                name="IntelliBridgeIHEDriverAlarmTest (CapsuleMDIP,MSH|^~\&amp;|DATACAPTOR|Hospital1|||20180731192651.971+0200||ORU^R40^ORU_R40|8731192651980441|P|2.6|||AL|NE||8859/1|||IHE_PCD_004^IHE PCD^1.3.6.1.4.1.19376.1.6.1.4.1^ISO|&#xD;&#xA;PID|||PID3 ||Smith^John^^^^^L||20050415000000.000+0200|F|||||||FRENCH|||PID18|&#xD;&#xA;PV1||P|{PV13Location}|&#xD;&#xA;OBR|1||55674645-9bb1-4228-a330-4c07b9b37237^CAPSULE^6D8F69E0C97743C9^EUI-64|196616^MDC_EVT_ALARM^MDC|||20180731192651.000+0200|||Neuron|||Neuron||||||||BaxterIFMout_5.3.5_EV1000_Baxter_XYZ456 &#xD;&#xA;OBX|1||69669^NOM_ DEV_ANALY_CARD_OUTPUT_MDS^MDC|1.0.0.0|||||||X|||||||1234-56&#xD;&#xA;OBX|2||69670^NOM_ DEV_ANALY_CARD_OUTPUT_VMD^MDC|1.1.0.0|||||||X|&#xD;&#xA;OBX|3||69671^MDC_ NOM_ DEV_ANALY_CARD_OUTPUT_CHN^MDC|1.1.1.0|||||||X|&#xD;&#xA;OBX|4|CWE|196648^MDC_EVT_HI^MDIL|1.1.1.1.1|1073807359^NLS_DRV_New^NLS^^^^^^** testLa High| |||||F|||20180731192650.901+0200|&#xD;&#xA;OBX|13|NM|67305466^NOM_NEW^MDC^^^^^^testLabelNum|1.1.1.1.2|100|262656^MDC_DIM_DIMLESS^MDC|||||R|||20180622133129.224+0200|&#xD;&#xA;OBX|6|ST|68481^MDC_ATTR_EVENT_PHASE^MDC|1.1.1.1.3|start||||||F|||20180731192650.901+0200|&#xD;&#xA;OBX||ST|68482^MDC_ATTR_ALARM_STATE^MDC|1.1.1.1.4|{AlarmStateTag}||||||F|||20180731192650.901+0200|&#xD;&#xA;&#x9;&#x9;OBX||ST|68483^MDC_ATTR_ALARM_INACTIVATION_STATE^MDC|1.1.1.1.5|{AlarmInactivationStateTag}||||||F|||20180731192650.901+0200|&#xD;&#xA;OBX|9|ST|68484^MDC_ATTR_ALARM_PRIORITY^MDC|1.1.1.1.6|PM||||||F|||20180731192650.901+0200|&#xD;&#xA;OBX|10|ST|68485^MDC_ATTR_ALERT_TYPE^MDC|1.1.1.1.7|SP||||||F|||20180731192650.901+0200|,7,4,True,** testLa High,1073807359,67305466,196648,True,active,enabled,CentralAudible,Patient,YellowAlarm) row 7"
                time="0.0013124"/>
      <testcase classname="Philips.PMP.Test.Auto.IheDriverAlarmTest"
                name="IntelliBridgeIHEDriverAlarmTest (CapsuleMDIP,MSH|^~\&amp;|DATACAPTOR|Hospital1|||20180731192651.971+0200||ORU^R40^ORU_R40|8731192651980441|P|2.6|||AL|NE||8859/1|||IHE_PCD_004^IHE PCD^1.3.6.1.4.1.19376.1.6.1.4.1^ISO|&#xD;&#xA;PID|||PID3 ||Smith^John^^^^^L||20050415000000.000+0200|F|||||||FRENCH|||PID18|&#xD;&#xA;PV1||P|{PV13Location}|&#xD;&#xA;OBR|1||55674645-9bb1-4228-a330-4c07b9b37237^CAPSULE^6D8F69E0C97743C9^EUI-64|196616^MDC_EVT_ALARM^MDC|||20180731192651.000+0200|||Neuron|||Neuron||||||||BaxterIFMout_5.3.5_EV1000_Baxter_XYZ456 &#xD;&#xA;OBX|1||69669^NOM_ DEV_ANALY_CARD_OUTPUT_MDS^MDC|1.0.0.0|||||||X|||||||1234-56&#xD;&#xA;OBX|2||69670^NOM_ DEV_ANALY_CARD_OUTPUT_VMD^MDC|1.1.0.0|||||||X|&#xD;&#xA;OBX|3||69671^MDC_ NOM_ DEV_ANALY_CARD_OUTPUT_CHN^MDC|1.1.1.0|||||||X|&#xD;&#xA;OBX|4|CWE|196648^MDC_EVT_HI^MDIL|1.1.1.0.1|1073807359^NLS_DRV_New^NLS^^^^^^** testLa High| |||||F|||20180731192650.901+0200|&#xD;&#xA;OBX|13|NM|67305466^NOM_NEW^MDC^^^^^^testLabelNum|1.1.1.1.2|100|262656^MDC_DIM_DIMLESS^MDC|||||R|||20180622133129.224+0200|&#xD;&#xA;OBX|6|ST|68481^MDC_ATTR_EVENT_PHASE^MDC|1.1.1.1.3|end||||||F|||20180731192650.901+0200|&#xD;&#xA;OBX||ST|68482^MDC_ATTR_ALARM_STATE^MDC|1.1.1.1.4|{AlarmStateTag}||||||F|||20180731192650.901+0200|&#xD;&#xA;OBX||ST|68483^MDC_ATTR_ALARM_INACTIVATION_STATE^MDC|1.1.1.1.5|{AlarmInactivationStateTag}||||||F|||20180731192650.901+0200|&#xD;&#xA;OBX|9|ST|68484^MDC_ATTR_ALARM_PRIORITY^MDC|1.1.1.1.6|PM||||||F|||20180731192650.901+0200|&#xD;&#xA;OBX|10|ST|68485^MDC_ATTR_ALERT_TYPE^MDC|1.1.1.1.7|SP||||||F|||20180731192650.901+0200|,7,4,False,** testLa High,1073807359,67305466,196648,True,inactive,enabled,CentralAudible,Patient,YellowAlarm) row 8"
                time="0.0006638"/>
      <testcase classname="Philips.PMP.Test.Auto.IheDriverAlarmTest"
                name="IntelliBridgeIHEDriverAlarmTest (CapsuleMDIP,MSH|^~\&amp;|DATACAPTOR|Hospital1|||20180731192651.971+0200||ORU^R40^ORU_R40|8731192651980441|P|2.6|||AL|NE||8859/1|||IHE_PCD_004^IHE PCD^1.3.6.1.4.1.19376.1.6.1.4.1^ISO|&#xD;&#xA;PID|||PID3 ||Smith^John^^^^^L||20050415000000.000+0200|F|||||||FRENCH|||PID18|&#xD;&#xA;PV1||P|{PV13Location}|&#xD;&#xA;OBR|1||55674645-9bb1-4228-a330-4c07b9b37237^CAPSULE^6D8F69E0C97743C9^EUI-64|196616^MDC_EVT_ALARM^MDC|||20180731192651.000+0200|||Neuron|||Neuron||||||||BaxterIFMout_5.3.5_EV1000_Baxter_XYZ456 &#xD;&#xA;OBX|1||69669^NOM_ DEV_ANALY_CARD_OUTPUT_MDS^MDC|1.0.0.0|||||||X|||||||1234-56&#xD;&#xA;OBX|2||69670^NOM_ DEV_ANALY_CARD_OUTPUT_VMD^MDC|1.1.0.0|||||||X|&#xD;&#xA;OBX|3||69671^MDC_ NOM_ DEV_ANALY_CARD_OUTPUT_CHN^MDC|1.1.1.0|||||||X|&#xD;&#xA;OBX|4|CWE|196648^MDC_EVT_HI^MDIL|1.1.1.0.1|1073742878^NLS_DRV_GENERAL_ALERT_GENERIC_PHYS_ALERT_PRIO_MEDIUM^NLS^^^^^^** Flex High| |||||F|||20180731192650.901+0200|&#xD;&#xA;OBX|5|NM|2158686308^NLS_VUELINK_FLX1_NPS_TEXT_NUM1^MDC^^^^^^Flex|1.1.1.0.2|10|265216^MDC_DIM_X_L_PER_MIN^MDIL^^^^^^l/min|LowerAlarmLimit-UpperAlarmLimit or &gt;LowerAlarmLimit or &lt;UpperAlarmLimit||||F|&#xD;&#xA;OBX|6|ST|68481^MDC_ATTR_EVENT_PHASE^MDC|1.1.1.0.3|start||||||F|||20180731192650.901+0200|&#xD;&#xA;OBX||ST|68482^MDC_ATTR_ALARM_STATE^MDC|1.1.1.1.4|{AlarmStateTag}||||||F|||20180731192650.901+0200|&#xD;&#xA;&#x9;&#x9;OBX||ST|68483^MDC_ATTR_ALARM_INACTIVATION_STATE^MDC|1.1.1.1.5|{AlarmInactivationStateTag}||||||F|||20180731192650.901+0200|&#xD;&#xA;OBX|9|ST|68484^MDC_ATTR_ALARM_PRIORITY^MDC|1.1.1.0.6|PM||||||F|||20180731192650.901+0200|&#xD;&#xA;OBX|10|ST|68485^MDC_ATTR_ALERT_TYPE^MDC|1.1.1.0.7|SP||||||F|||20180731192650.901+0200|,7,4,True, Flex   Alarm,1073742878,65535,196648,True,active,enabled,CentralAudible,Patient,YellowAlarm) row 9"
                time="0.0009715"/>
      <testcase classname="Philips.PMP.Test.Auto.IheDriverAlarmTest"
                name="IntelliBridgeIHEDriverAlarmTest (CapsuleMDIP,MSH|^~\&amp;|DATACAPTOR|Hospital1|||20180731192651.971+0200||ORU^R40^ORU_R40|8731192651980441|P|2.6|||AL|NE||8859/1|||IHE_PCD_004^IHE PCD^1.3.6.1.4.1.19376.1.6.1.4.1^ISO|&#xD;&#xA;PID|||PID3 ||Smith^John^^^^^L||20050415000000.000+0200|F|||||||FRENCH|||PID18|&#xD;&#xA;PV1||P|{PV13Location}|&#xD;&#xA;OBR|1||55674645-9bb1-4228-a330-4c07b9b37237^CAPSULE^6D8F69E0C97743C9^EUI-64|196616^MDC_EVT_ALARM^MDC|||20180731192651.000+0200|||Neuron|||Neuron||||||||BaxterIFMout_5.3.5_EV1000_Baxter_XYZ456 &#xD;&#xA;OBX|1||69669^NOM_ DEV_ANALY_CARD_OUTPUT_MDS^MDC|1.0.0.0|||||||X|||||||1234-56&#xD;&#xA;OBX|2||69670^NOM_ DEV_ANALY_CARD_OUTPUT_VMD^MDC|1.1.0.0|||||||X|&#xD;&#xA;OBX|3||69671^MDC_ NOM_ DEV_ANALY_CARD_OUTPUT_CHN^MDC|1.1.1.0|||||||X|&#xD;&#xA;OBX|4|CWE|196648^MDC_EVT_HI^MDIL|1.1.1.0.1|1073742878^NLS_DRV_GENERAL_ALERT_GENERIC_PHYS_ALERT_PRIO_MEDIUM^NLS^^^^^^** Flex High| |||||F|||20180731192650.901+0200|&#xD;&#xA;OBX|5|NM|2158686308^NLS_VUELINK_FLX1_NPS_TEXT_NUM1^MDC^^^^^^Flex|1.1.1.0.2|10|265216^MDC_DIM_X_L_PER_MIN^MDIL^^^^^^l/min|LowerAlarmLimit-UpperAlarmLimit or &gt;LowerAlarmLimit or &lt;UpperAlarmLimit||||F|&#xD;&#xA;OBX|6|ST|68481^MDC_ATTR_EVENT_PHASE^MDC|1.1.1.0.3|end||||||F|||20180731192650.901+0200|&#xD;&#xA;OBX||ST|68482^MDC_ATTR_ALARM_STATE^MDC|1.1.1.1.4|{AlarmStateTag}||||||F|||20180731192650.901+0200|&#xD;&#xA;&#x9;&#x9;OBX||ST|68483^MDC_ATTR_ALARM_INACTIVATION_STATE^MDC|1.1.1.1.5|{AlarmInactivationStateTag}||||||F|||20180731192650.901+0200|&#xD;&#xA;OBX|9|ST|68484^MDC_ATTR_ALARM_PRIORITY^MDC|1.1.1.0.6|PM||||||F|||20180731192650.901+0200|&#xD;&#xA;OBX|10|ST|68485^MDC_ATTR_ALERT_TYPE^MDC|1.1.1.0.7|SP||||||F|||20180731192650.901+0200|,7,4,False, Flex   Alarm,1073742878,65535,196648,True,inactive,enabled,CentralAudible,Patient,YellowAlarm) row 10"
                time="0.0005768"/>
      <testcase classname="Philips.PMP.Test.Auto.IheDriverAlarmTest"
                name="IntelliBridgeIHEDriverAlarmTest (CapsuleMDIP,MSH|^~\&amp;|DATACAPTOR|Hospital1|||20220531172338.101-0400||ORU^R40^ORU_R40|HP0531172338.101PH2UA91414CR1304|P|2.6|||AL|NE||8859/1|EN^English^ISO639||IHE_PCD_004^IHE PCD^1.3.6.1.4.1.19376.1.6.1.4.1^ISO|&#xD;&#xA;&#x9;&#x9;PID|1||&#34;^^^Philips^MR||&#34;^&#34;^&#34;^^^^L||20050415000000.000+0200|F|||||||FRENCH|||PID18|&#xD;&#xA;&#x9;&#x9;PV1|2|I|ICU1^^^Bed001|1|&#xD;&#xA;&#x9;&#x9;OBR|3||0009fbFFFF5de1a6^^^EUI-64~ffe7f638-3b5a-4b5b-8583-9e5b9e31538b~00dd8472-1995-4faa-8160-9599c51aa36e|196616^MDC_EVT_ALARM^MDC|||20220531172338.101-0400||||||||||||||BaxterIFMout_5.3.5_EV1000_Baxter_XYZ456 &#xD;&#xA;&#x9;&#x9;OBX|4||69669^NOM_DEV_ANALY_CARD_OUTPUT_MDS^MDC|1.0.0.0|||||||X|||||||e5680320-6475-4206-9647-3de604646ad3-IntelliBridge EC80 - IntelliBridge&#xD;&#xA;&#x9;&#x9;OBX|5||69670^NOM_DEV_ANALY_CARD_OUTPUT_VMD^MDC|1.1.0.0|||||||X|||||||SG51204377&#xD;&#xA;&#x9;&#x9;OBX|6||69671^MDC_NOM_DEV_ANALY_CARD_OUTPUT_CHAN^MDC|1.1.1.0|||||||X|&#xD;&#xA;&#x9;&#x9;OBX|7|CWE|196648^MDC_EVT_HI^MDC|1.1.1.1.1|1073742880^NLS_DRV_GENERAL_ALERT_PHYS_ALERT_TOO_HIGH_PRIO_MEDIUM^NLS^^^^^^** CCO High|||SP|||F|||20180731192650.901+0200||||&#xD;&#xA;&#x9;&#x9;OBX|8|NM|150492^MDC_OUTPUT_CARD_CTS^MDIL^^^^^^CCO|1.1.1.1.2|6.4|265216^MDC_DIM_X_L_PER_MIN^MDIL^^^^^^l/min|||||F|&#xD;&#xA;&#x9;&#x9;OBX|9|ST|68481^MDC_ATTR_EVENT_PHASE^MDC|1.1.1.1.3|present||||||F|||20180731192650.901+0200|&#xD;&#xA;&#x9;&#x9;OBX||ST|68482^MDC_ATTR_ALARM_STATE^MDC|1.1.1.1.4|{AlarmStateTag}||||||F|||20180731192650.901+0200|&#xD;&#xA;&#x9;&#x9;OBX||ST|68483^MDC_ATTR_ALARM_INACTIVATION_STATE^MDC|1.1.1.1.5|{AlarmInactivationStateTag}||||||F|||20180731192650.901+0200|&#xD;&#xA;&#x9;&#x9;OBX|12|ST|68484^MDC_ATTR_ALARM_PRIORITY^MDC|1.1.1.0.6|PM||||||F|||20180731192650.901+0200|&#xD;&#xA;&#x9;&#x9;OBX|10|ST|68485^MDC_ATTR_ALERT_TYPE^MDC|1.1.1.0.7|SP||||||F|||20180731192650.901+0200|,7,4,True,CCO    Alarm,1073742880,150492,196648,True,active,enabled,CentralAudible,Patient,YellowAlarm) row 11"
                time="0.0006152"/>
      <testcase classname="Philips.CareEvent.Test.CareTouchCommunicatorTests"
                name="ProcessGenericRequestShouldCallProcessTopologyResponse"
                time="0.007512"/>
      <testcase classname="Philips.PMP.Test.Auto.CiParserTest"
                name="CiParserParseProductSpecificationTest"
                time="0.0044866"/>
      <testcase classname="Philips.PMP.Test.Auto.WeightConversionHelperTest"
                name="WeightConversionHelperConvertTest"
                time="0.0008788"/>
      <testcase classname="Philips.PMP.Test.Auto.InstitutionTreeControlTest"
                name="InstitutionTreeControlLoadingHandlesNullHost"
                time="0.0100655"/>
      <testcase classname="Philips.PMP.Test.Auto.RegistryHelperTest"
                name="RegistryTest"
                time="0.0050914"/>
      <testcase classname="Philips.PMP.Test.Auto.FactoryAccountConfigurationTest"
                name="FactoryAccountConfigurationPageDetectsPasswordResets (True) row 1"
                time="0.0760489"/>
      <testcase classname="Philips.PMP.Test.Auto.FactoryAccountConfigurationTest"
                name="FactoryAccountConfigurationPageDetectsPasswordResets (False) row 2"
                time="0.0639489"/>
      <testcase classname="Philips.iX.DataBridge.Common.Test.AcpmpDataMgrTest"
                name="AcpmpDataMgrUsesHttpClient"
                time="0.0670127"/>
      <testcase classname="Philips.CareEvent.Test.CareAssignmentOverviewRoleCheckerTest"
                name="CheckNullOverViewRoleOnValidate"
                time="0.0013004"/>
      <testcase classname="Philips.PMP.Test.Auto.TimeWaveBaselineProviderTest"
                name="TimeWaveSyncTest (True,True) row 1"
                time="0.0456335"/>
      <testcase classname="Philips.PMP.Test.Auto.TimeWaveBaselineProviderTest"
                name="TimeWaveSyncTest (False,False) row 2"
                time="0.0409397"/>
      <testcase classname="Philips.CareEvent.Test.CareAssignmentControlTests"
                name="InitializeComboBoxShouldLoadDefault"
                time="0.0437776"/>
      <testcase classname="Philips.PMP.Test.Auto.DbQueryToStringTest"
                name="DbContextToStringTest (5,5) row 1"
                time="0.0083101"/>
      <testcase classname="Philips.PMP.Test.Auto.DbQueryToStringTest"
                name="DbContextToStringTest (5,2) row 2"
                time="0.0004298"/>
      <testcase classname="Philips.PMP.Test.Auto.EntityLicenseExtensionsTest"
                name="EntityLicenseExtensionsIsPhysioDbServer"
                time="0.0010926"/>
      <testcase classname="Philips.PMP.Test.Auto.IISInstallationQualifierTest"
                name="IISInstallationQualifierVerify (True,True,True,True,True) row 1"
                time="0.0045422"/>
      <testcase classname="Philips.PMP.Test.Auto.IISInstallationQualifierTest"
                name="IISInstallationQualifierVerify (True,True,False,True,True) row 2"
                time="0.0016461"/>
      <testcase classname="Philips.PMP.Test.Auto.IISInstallationQualifierTest"
                name="IISInstallationQualifierVerify (True,False,True,True,True) row 3"
                time="0.0015731"/>
      <testcase classname="Philips.PMP.Test.Auto.IISInstallationQualifierTest"
                name="IISInstallationQualifierVerify (True,False,False,True,True) row 4"
                time="0.0014434"/>
      <testcase classname="Philips.PMP.Test.Auto.IISInstallationQualifierTest"
                name="IISInstallationQualifierVerify (True,True,True,False,True) row 5"
                time="0.0015127"/>
      <testcase classname="Philips.PMP.Test.Auto.IISInstallationQualifierTest"
                name="IISInstallationQualifierVerify (True,True,True,True,False) row 6"
                time="0.0015189"/>
      <testcase classname="Philips.PMP.Test.Auto.IISInstallationQualifierTest"
                name="IISInstallationQualifierVerify (True,True,True,False,False) row 7"
                time="0.0014573"/>
      <testcase classname="Philips.PMP.Test.Auto.RepositoryTest"
                name="GetDataConfigHasNullTimeProcessorTest"
                time="0.0047315"/>
      <testcase classname="Philips.PMP.Test.Auto.RepositoryTest"
                name="RepositoryReportsIfMonitorIsOnline"
                time="0.0088521"/>
      <testcase classname="Philips.PMP.Test.Auto.WebQualifierTest"
                name="FailOnIsDedicatedWithNoSupportAccountTest"
                time="0.0074642"/>
      <testcase classname="Philips.PMP.Test.Auto.SoftwareUpdateHelperTest"
                name="PrepareForUpdateDifferentPatchVersion"
                time="0.0160845"/>
      <testcase classname="Philips.PMP.Test.Auto.EventNotificationValidatorTest"
                name="ValidateErrorWhenNotificationAndUnitNotificationRolesAreSameTest"
                time="0.2434397"/>
      <testcase classname="Philips.PMP.Test.Auto.DisplayControllerProviderTest"
                name="GetMultiPaientViewApplcation"
                time="0.0071"/>
      <testcase classname="Philips.PMP.Test.Auto.Hl7OruEncoderTest"
                name="QueryServerMessageReceivedReturnsWithNoExceptionIfConnectedClientNotPresent"
                time="0.0054562"/>
      <testcase classname="Philips.PMP.Test.Auto.TrustedCertificateConfigHelperTest"
                name="TrustedCertificateConfigHelperAddBadCert"
                time="0.0236718"/>
      <testcase classname="Philips.PMP.Test.Auto.PatientDataExportStorageTest"
                name="PdxPartitionMaintenanceSetsPerfCounter"
                time="0.0748922"/>
      <testcase classname="Philips.PMP.Test.Auto.PatientSubscriptionMgrTest"
                name="PatientSusbcriptionMgrSusbcribesToPatientConnectionAndSurvellianceHosts"
                time="0.0026107"/>
      <testcase classname="Philips.PMP.Test.Auto.SectorProviderTest"
                name="GetSectors"
                time="0.4042862"/>
      <testcase classname="Philips.PMP.Test.Auto.PatientServiceMonitoredBedTrackerTest"
                name="PatientServiceMonitoredBedTrackerReturnsPatient (False) row 1"
                time="0.0025632"/>
      <testcase classname="Philips.PMP.Test.Auto.PatientServiceMonitoredBedTrackerTest"
                name="PatientServiceMonitoredBedTrackerReturnsPatient (True) row 2"
                time="0.0022086"/>
      <testcase classname="Philips.PMP.Test.Auto.RolePermissionsControlTest"
                name="AddRoleEntityActionTest"
                time="0.1161584"/>
      <testcase classname="Philips.PMP.Test.Auto.WebBrowserHelperTest"
                name="IsCertIssuedToMeTest"
                time="0.0559773"/>
      <testcase classname="Philips.PMP.Test.Auto.W32TimeServiceAdapterTest"
                name="EnabledTimeServicePassesForConfiguredSource"
                time="0.0008249"/>
      <testcase classname="Philips.PMP.Test.Auto.NlsCatalogServiceTest"
                name="NlsCatalogUnknownAlertGivesHelpText"
                time="0.0007189"/>
      <testcase classname="Philips.PMP.Test.Auto.UnitSettingsTest"
                name="ValidateDeviceControlArchiveInfoNewVersion"
                time="0.0118262"/>
      <testcase classname="Philips.PMP.Test.Auto.LabQualifierTest"
                name="LabQualifierIsCorrectableShould"
                time="0.0011105"/>
      <testcase classname="Philips.PMP.Test.Auto.SqlCrashReportMonitorTest"
                name="SqlCrashMonitorStartsStopsFileWatcher"
                time="0.0793906"/>
      <testcase classname="Philips.PMP.Test.Auto.CiProxyMgrTest"
                name="CiProxyMgrSubscribesToHostsOnStartupAndUnsubscribesOnStop"
                time="0.1095269"/>
      <testcase classname="Philips.PMP.Test.Auto.AlertNotificationClientMgrTest"
                name="NotifyMobilityConnectionChange"
                time="0.962165"/>
      <testcase classname="Philips.PMP.Test.Auto.PhysioDataStorageDuplexMgrTest"
                name="PhysioDataStorageDuplexMgrGetDataListDuplexTest"
                time="0.0155085"/>
      <testcase classname="Philips.PIC.DevTools.Test.UpdateCatalogToolTest"
                name="CatalogUpdateStartPageValidatesInputs"
                time="1.070698"/>
      <testcase classname="Philips.CareEvent.Test.CareAssignmentMgrTest"
                name="AssignCaregiversTest (False) row 1"
                time="0.0066553"/>
      <testcase classname="Philips.CareEvent.Test.CareAssignmentMgrTest"
                name="AssignCaregiversTest (True) row 2"
                time="0.0006196"/>
      <testcase classname="Philips.PMP.Test.Auto.RepositoryDropoutCounterTest"
                name="RepositoryDropoutCounterUpdateWaveBackfillCounterTestWithoutPreviousCounter"
                time="0.000452"/>
      <testcase classname="Philips.PIC.DataAcquisition.Test.MonitoringDevicePatientQueryHelperTest"
                name="MonitoringDeviceQueryPatientByBedTest (True,False,False,False,False) row 1"
                time="0.0460223"/>
      <testcase classname="Philips.PIC.DataAcquisition.Test.MonitoringDevicePatientQueryHelperTest"
                name="MonitoringDeviceQueryPatientByBedTest (False,True,False,False,False) row 2"
                time="0.0015094"/>
      <testcase classname="Philips.PIC.DataAcquisition.Test.MonitoringDevicePatientQueryHelperTest"
                name="MonitoringDeviceQueryPatientByBedTest (False,False,True,False,False) row 3"
                time="0.0017032"/>
      <testcase classname="Philips.PIC.DataAcquisition.Test.MonitoringDevicePatientQueryHelperTest"
                name="MonitoringDeviceQueryPatientByBedTest (False,False,False,False,False) row 4"
                time="0.0011537"/>
      <testcase classname="Philips.PIC.DataAcquisition.Test.MonitoringDevicePatientQueryHelperTest"
                name="MonitoringDeviceQueryPatientByBedTest (False,False,False,True,False) row 5"
                time="0.0011651"/>
      <testcase classname="Philips.PIC.DataAcquisition.Test.MonitoringDevicePatientQueryHelperTest"
                name="MonitoringDeviceQueryPatientByBedTest (False,False,False,True,True) row 6"
                time="0.0017517"/>
      <testcase classname="Philips.PMP.Test.Auto.Ecg12LeadSettingProviderTest"
                name="Ecg12LeadExportSettingTest"
                time="0.3476111"/>
      <testcase classname="Philips.PMP.Test.Auto.NotificationSettingProviderTest"
                name="IsStatusBarOrPopUpByCaregiverTest (True) row 1"
                time="0.0054226"/>
      <testcase classname="Philips.PMP.Test.Auto.NotificationSettingProviderTest"
                name="IsStatusBarOrPopUpByCaregiverTest (False) row 2"
                time="0.0050316"/>
      <testcase classname="Philips.PMP.Test.Auto.AlertNotificationDeviceControlTest"
                name="IsUnitConfiguredToConnectionTest"
                time="0.0294358"/>
      <testcase classname="Philips.PMP.Test.Auto.MonitoredBedTransferProcessorTest"
                name="MonitoredBedTransferProcessorOnlyTransfersPatientAfterSuccessfulRemoval (True,1) row 1"
                time="0.0428729"/>
      <testcase classname="Philips.PMP.Test.Auto.MonitoredBedTransferProcessorTest"
                name="MonitoredBedTransferProcessorOnlyTransfersPatientAfterSuccessfulRemoval (False,0) row 2"
                time="0.0029653"/>
      <testcase classname="Philips.PMP.Test.Auto.NumericProviderTest"
                name="NumericProviderTwoDAsOnePdt"
                time="0.3165335"/>
      <testcase classname="Philips.PMP.Test.Auto.SnippetHelperTest"
                name="SnippetHelperNoBaselineTest"
                time="0.0040896"/>
      <testcase classname="Philips.PIC.RfidReader.Test.PcProxUsbValidatorTest"
                name="PcProxUsbValidatorValidate (USB^^VID_0C27&amp;PID_3BFA^^8&amp;352235C6&amp;0&amp;0000,False) row 1"
                time="0.0011126"/>
      <testcase classname="Philips.PIC.RfidReader.Test.PcProxUsbValidatorTest"
                name="PcProxUsbValidatorValidate (USB\\VID_0C27&amp;PID_3BFA\\8&amp;352235C6&amp;0&amp;0000,False) row 2"
                time="0.0003641"/>
      <testcase classname="Philips.PIC.RfidReader.Test.PcProxUsbValidatorTest"
                name="PcProxUsbValidatorValidate (HID\\VID_0123&amp;PID_3BFA\\8&amp;352235C6&amp;0&amp;0000,False) row 3"
                time="0.0004641"/>
      <testcase classname="Philips.PIC.RfidReader.Test.PcProxUsbValidatorTest"
                name="PcProxUsbValidatorValidate (HID\\VID_0C27&amp;PID_3BFA\\8&amp;352235C6&amp;0&amp;0000,True) row 4"
                time="0.0003742"/>
      <testcase classname="Philips.PMP.Test.Auto.ProtocolSetupProviderTest"
                name="UnitAndPatientProtocolSettingTest"
                time="0.7249217"/>
      <testcase classname="Philips.PMP.Test.Auto.DataTileHelperTest"
                name="DataTileHelperConvertPointsToPixelsTest"
                time="0.0061333"/>
      <testcase classname="Philips.PMP.Test.Auto.AdtQualifierTest"
                name="InboundAdtNoLicensedHostsWithADeviceWarns"
                time="0.0227141"/>
      <testcase classname="Philips.PMP.Test.Auto.PatientDataExportConfigControlTest"
                name="PatientDataExportServerConfigByBedTest"
                time="0.2991631"/>
      <testcase classname="Philips.PMP.Test.Auto.DeviceProviderTest"
                name="TryGetDevices"
                time="0.0075698"/>
      <testcase classname="Philips.PMP.Test.Auto.RoleLockProviderTest"
                name="StoreAndGetUnitRoleAssignment"
                time="0.0087062"/>
      <testcase classname="Philips.PMP.Test.Auto.PortalTopologySourceDataTest"
                name="ClearTest"
                time="0.2442278"/>
      <testcase classname="Philips.CareEvent.Test.TopologyAliasProviderTests"
                name="TopologyAliasProviderTryGetBedErrorTest (False,True,True,False,False,False,False) row 1"
                time="0.0284757"/>
      <testcase classname="Philips.CareEvent.Test.TopologyAliasProviderTests"
                name="TopologyAliasProviderTryGetBedErrorTest (True,True,True,False,False,False,False) row 2"
                time="0.0319681"/>
      <testcase classname="Philips.CareEvent.Test.TopologyAliasProviderTests"
                name="TopologyAliasProviderTryGetBedErrorTest (False,True,False,True,False,False,False) row 3"
                time="0.0263724"/>
      <testcase classname="Philips.CareEvent.Test.TopologyAliasProviderTests"
                name="TopologyAliasProviderTryGetBedErrorTest (False,True,False,False,False,False,False) row 4"
                time="0.0262297"/>
      <testcase classname="Philips.CareEvent.Test.TopologyAliasProviderTests"
                name="TopologyAliasProviderTryGetBedErrorTest (False,True,False,False,True,False,False) row 5"
                time="0.0335609"/>
      <testcase classname="Philips.CareEvent.Test.TopologyAliasProviderTests"
                name="TopologyAliasProviderTryGetBedErrorTest (False,False,True,False,True,True,True) row 6"
                time="0.0302041"/>
      <testcase classname="Philips.CareEvent.Test.TopologyAliasProviderTests"
                name="TopologyAliasProviderTryGetBedErrorTest (False,True,False,False,True,True,True) row 7"
                time="0.0433262"/>
      <testcase classname="Philips.PMP.Test.Auto.EventNotificationSettingControlTest"
                name="Save (ByCaregiver,ByCaregiver) row 1"
                time="0.2737351"/>
      <testcase classname="Philips.PMP.Test.Auto.EventNotificationSettingControlTest"
                name="Save (ByUnit,ByCaregiver) row 2"
                time="0.0469696"/>
      <testcase classname="Philips.PMP.Test.Auto.EventNotificationSettingControlTest"
                name="Save (ByCaregiver,Off) row 3"
                time="0.0252008"/>
      <testcase classname="Philips.PMP.Test.Auto.EventNotificationSettingControlTest"
                name="Save (Off,ByUnit) row 4"
                time="0.0220985"/>
      <testcase classname="Philips.PMP.Test.Auto.DbMigrationMgrTest"
                name="DbMigrationVerifyDiagrams"
                time="0.0170855"/>
      <testcase classname="Philips.PMP.Test.Auto.DataTileHelperTest"
                name="DataTileHelperGetPixelsPerMMTest"
                time="0.0058656"/>
      <testcase classname="Philips.PMP.Test.Auto.DefaultFeatureConfigurationHelperTest"
                name="GetHostDevicesEntitiesTest"
                time="0.0024722"/>
      <testcase classname="Philips.CareEvent.Test.EventMonitorFilterTests"
                name="EventMonitorFilterOnPriorityLow"
                time="0.0302203"/>
      <testcase classname="Philips.PMP.Test.Auto.LoadBalancedDbEngineServiceTest"
                name="LoadBalancedDbEngineOnlyStartOnDbClusterHost (True) row 1"
                time="0.0010381"/>
      <testcase classname="Philips.PMP.Test.Auto.LoadBalancedDbEngineServiceTest"
                name="LoadBalancedDbEngineOnlyStartOnDbClusterHost (False) row 2"
                time="0.0007725"/>
      <testcase classname="Philips.PMP.LicenseService.Test.LicenseHostValidatorTest"
                name="SoloServerValidation"
                time="0.0082675"/>
      <testcase classname="Philips.IX.UserManagement.Test.ProveIdWebApiConfigurationProviderTest"
                name="GetRfIdeasConfigTest"
                time="0.0498374"/>
      <testcase classname="Philips.PMP.Test.Auto.PhysioDataDisplayHelperTest"
                name="PhysioDataDisplayHelperGetEnumerationValueStringFromDefault"
                time="0.0005392"/>
      <testcase classname="Philips.PMP.Test.Auto.EntityLicenseTest"
                name="EntityLicenseGetFeatureCodes"
                time="0.0010451"/>
      <testcase classname="Philips.PMP.Test.Auto.BedAssignmentProviderTest"
                name="GetAssignedBedsToHostsTest"
                time="0.2573507"/>
      <testcase classname="Philips.PMP.Test.Auto.PhysioDataServiceTest"
                name="MetricRepositoryMultipleSpotCheckTest (150020,150020) row 1"
                time="0.0022695"/>
      <testcase classname="Philips.PMP.Test.Auto.PhysioDataServiceTest"
                name="MetricRepositoryMultipleSpotCheckTest (195057,194954) row 2"
                time="0.0017175"/>
      <testcase classname="Philips.PMP.Test.Auto.Hl7StatusMessageMgrTest"
                name="SystemStatusBarGetCorrectMessageTest (ReporterClient,No HL7 electronic charting) row 1"
                time="0.1703138"/>
      <testcase classname="Philips.PMP.Test.Auto.Hl7StatusMessageMgrTest"
                name="SystemStatusBarGetCorrectMessageTest (ReporterServer,No HL7 electronic charting) row 2"
                time="0.0030384"/>
      <testcase classname="Philips.PMP.Test.Auto.Hl7StatusMessageMgrTest"
                name="SystemStatusBarGetCorrectMessageTest (TrendClient,No HL7 electronic charting) row 3"
                time="0.0025266"/>
      <testcase classname="Philips.PMP.Test.Auto.Hl7StatusMessageMgrTest"
                name="SystemStatusBarGetCorrectMessageTest (TrendServer,No HL7 electronic charting) row 4"
                time="0.0024007"/>
      <testcase classname="Philips.PMP.Test.Auto.Hl7StatusMessageMgrTest"
                name="SystemStatusBarGetCorrectMessageTest (QueryServer,No HL7 electronic charting) row 5"
                time="0.0028106"/>
      <testcase classname="Philips.PMP.Test.Auto.Hl7StatusMessageMgrTest"
                name="SystemStatusBarGetCorrectMessageTest (AlarmClient,No HL7 alarm export) row 6"
                time="0.0024227"/>
      <testcase classname="Philips.PMP.Test.Auto.Hl7StatusMessageMgrTest"
                name="SystemStatusBarGetCorrectMessageTest (ValidateDataClient,No HL7 electronic charting) row 7"
                time="0.0024546"/>
      <testcase classname="Philips.PMP.Test.Auto.PhysioDataMgrHelperTest"
                name="GetStripDataGetsPhysioDataFromPdsWhenAvailable"
                time="0.011802"/>
      <testcase classname="Philips.PMP.Test.Auto.DataTileHelperTest"
                name="DataTileHelperGetRectSizeInGridsTest"
                time="0.0058822"/>
      <testcase classname="Philips.PMP.Test.Auto.PatientControlHelperTest"
                name="ShouldPromptForGenderTest"
                time="0.0042679"/>
      <testcase classname="Philips.PMP.Test.Auto.TimeServiceTest"
                name="ExternalTimeServerConfiguredVerifySucceeds"
                time="0.0064719"/>
      <testcase classname="Philips.PIC.SharedAssignment.Test.SharedAssignmentProviderTest"
                name="NotifyOnlyNewlyAddedUsers"
                time="0.059908"/>
      <testcase classname="Philips.PMP.Test.Auto.Hl7OruEncoderTest"
                name="EC10ComplexWithZeroPhysioIdOutputHL7Test"
                time="0.007758"/>
      <testcase classname="Philips.PMP.Test.Auto.DynamicTopologySourceDataTest"
                name="GetChildItemsTest"
                time="0.2471473"/>
      <testcase classname="Philips.PMP.Test.Auto.DhcpProviderTest"
                name="DhcpScopeDelete"
                time="0.3554936"/>
      <testcase classname="Philips.PMP.Test.Auto.PatientProviderTest"
                name="GetPatientByStayIdTest"
                time="0.2696739"/>
      <testcase classname="Philips.PMP.Test.Auto.Hl7OutboundServiceTest"
                name="HL7DiagnosticsCheckForNullClients"
                time="0.0005941"/>
      <testcase classname="Philips.PMP.Test.Auto.OrphanDeviceMgrTest"
                name="OrphanDeviceMgrDeleteDeviceTest (False,False,False,False) row 1"
                time="0.0161679"/>
      <testcase classname="Philips.PMP.Test.Auto.OrphanDeviceMgrTest"
                name="OrphanDeviceMgrDeleteDeviceTest (True,False,False,False) row 2"
                time="0.0017139"/>
      <testcase classname="Philips.PMP.Test.Auto.OrphanDeviceMgrTest"
                name="OrphanDeviceMgrDeleteDeviceTest (True,True,False,False) row 3"
                time="0.0016244"/>
      <testcase classname="Philips.PMP.Test.Auto.OrphanDeviceMgrTest"
                name="OrphanDeviceMgrDeleteDeviceTest (False,True,False,False) row 4"
                time="0.0081167"/>
      <testcase classname="Philips.PMP.Test.Auto.OrphanDeviceMgrTest"
                name="OrphanDeviceMgrDeleteDeviceTest (True,False,False,True) row 5"
                time="0.0018511"/>
      <testcase classname="Philips.PMP.Test.Auto.OrphanDeviceMgrTest"
                name="OrphanDeviceMgrDeleteDeviceTest (True,True,False,True) row 6"
                time="0.0047208"/>
      <testcase classname="Philips.PMP.Test.Auto.OrphanDeviceMgrTest"
                name="OrphanDeviceMgrDeleteDeviceTest (False,True,False,True) row 7"
                time="0.0060188"/>
      <testcase classname="Philips.PMP.Test.Auto.OrphanDeviceMgrTest"
                name="OrphanDeviceMgrDeleteDeviceTest (True,False,True,False) row 8"
                time="0.0030739"/>
      <testcase classname="Philips.PMP.Test.Auto.OrphanDeviceMgrTest"
                name="OrphanDeviceMgrDeleteDeviceTest (True,True,True,False) row 9"
                time="0.0036986"/>
      <testcase classname="Philips.PMP.Test.Auto.PhysioDataDisplayHelperTest"
                name="AperiodicDurationLimitTest"
                time="0.001494"/>
      <testcase classname="Philips.PMP.Test.Auto.IHEDriverConnectionSettingControlTest"
                name="ConnectionSettingControlOnLoadBrokerDisabledTest (True,connected successfully) row 1"
                time="0.0228993"/>
      <testcase classname="Philips.PMP.Test.Auto.IHEDriverConnectionSettingControlTest"
                name="ConnectionSettingControlOnLoadBrokerDisabledTest (False,Connection test failed) row 2"
                time="0.0236552"/>
      <testcase classname="Philips.PMP.Test.Auto.DomainHandlerTest"
                name="DomainHandlerProcessTopoContextRequest (8,19200,601) row 1"
                time="2.1318045"/>
      <testcase classname="Philips.PMP.Test.Auto.PhysioDataTimeOffsetProcessorTest"
                name="OffsetProcessorCanOffsetAlert"
                time="0.0021267"/>
      <testcase classname="Philips.PMP.Test.Auto.InstitutionControlValidatorTest"
                name="InstitutionControlValidatorValidateName"
                time="0.001867"/>
      <testcase classname="Philips.PMP.Test.Auto.EcgIpmFilterTest"
                name="EcgSignalFiltersPedEcgMonitor05HzTest"
                time="0.0052048"/>
      <testcase classname="Philips.PMP.LicenseService.Test.UnitLicenseValidatorTest"
                name="ValidateGeneralCareLicenseIfMPDevicesExist"
                time="0.0012114"/>
      <testcase classname="Philips.PMP.Test.Auto.BaxterPrismaxTest"
                name="BaxterPrismaxDriverOnClientConnectedTest"
                time="0.0366547"/>
      <testcase classname="Philips.PMP.Test.Auto.PwmSpO2ControlMgrTest"
                name="PwmSpO2ControlMgrUpdatePatientTest"
                time="0.004646"/>
      <testcase classname="Philips.PMP.Test.Auto.NetworkAlertTest"
                name="NetworkAlertLossOfApTest"
                time="0.0115226"/>
      <testcase classname="Philips.PMP.Test.Auto.TopologyHelperTest"
                name="ValidateInternalNameTest"
                time="0.0022967"/>
      <testcase classname="Philips.PMP.Test.Auto.PatientDateTimeHelperTest"
                name="PatientDateTimeHelperDobToAge"
                time="0.0032727"/>
      <testcase classname="Philips.PMP.Test.Auto.PostgresDatabaseBackendFactoryTest"
                name="PostgresBackendFactoryPrepareCommandContext (testTable,Json) row 1"
                time="0.0829397"/>
      <testcase classname="Philips.PMP.Test.Auto.PostgresDatabaseBackendFactoryTest"
                name="PostgresBackendFactoryPrepareCommandContext (strVal,Text) row 2"
                time="0.0006952"/>
      <testcase classname="Philips.PMP.Test.Auto.PostgresDatabaseBackendFactoryTest"
                name="PostgresBackendFactoryPrepareCommandContext (updatedId,Uuid) row 3"
                time="0.0005363"/>
      <testcase classname="Philips.PMP.Test.Auto.QuickReviewControlTest"
                name="GetNotMyAdmittedPatientMultiInstitutionDisplayNameTest"
                time="0.4269759"/>
      <testcase classname="Philips.CareEvent.Test.CeQualificationProviderTest"
                name="ValidateEventWorkflowDbQualifierCorrect"
                time="0.1250003"/>
      <testcase classname="Philips.PMP.Test.Auto.DbEngineTest"
                name="TransactionRollbackInnerAndOuter"
                time="0.0294107"/>
      <testcase classname="Philips.PMP.Test.Auto.EventNotificationValidatorTest"
                name="ValidateForWarningAvailableTest"
                time="0.0052079"/>
      <testcase classname="Philips.IX.UserManagement.Test.UserManagementDataTest"
                name="UserManagementPasswordDataTest1"
                time="0.0009578"/>
      <testcase classname="Philips.PMP.Test.Auto.ReassuranceMeasurementHandlerTest"
                name="RequestSpo2AndNbpReassuranceMeasurementsExpectTwoTriggeredControls"
                time="0.0021616"/>
      <testcase classname="Philips.PMP.Test.Auto.Ecg12LeadProviderTest"
                name="Ecg12LeadProviderStitchCapture"
                time="0.0156573"/>
      <testcase classname="Philips.PMP.Test.Auto.EcgDerivationMgrTest"
                name="HexadFromBedsideWithNonStandardLimbLeadsUsesCorrectCoefficientsTest"
                time="0.0154284"/>
      <testcase classname="Philips.PMP.Test.Auto.ComplexMetricProviderTest"
                name="ComplexMetricProviderNotStore"
                time="0.0137368"/>
      <testcase classname="Philips.PMP.Test.Auto.SolutionSettingsTest"
                name="SolutionSettingsProjectFilesHaveResxActions (Microsoft.Build.Evaluation.Project) row 1"
                time="0.0015187"/>
      <testcase classname="Philips.PMP.Test.Auto.SolutionSettingsTest"
                name="SolutionSettingsProjectFilesHaveResxActions (Microsoft.Build.Evaluation.Project) row 2"
                time="0.001267"/>
      <testcase classname="Philips.PMP.Test.Auto.SolutionSettingsTest"
                name="SolutionSettingsProjectFilesHaveResxActions (Microsoft.Build.Evaluation.Project) row 3"
                time="0.0005846"/>
      <testcase classname="Philips.PMP.Test.Auto.SolutionSettingsTest"
                name="SolutionSettingsProjectFilesHaveResxActions (Microsoft.Build.Evaluation.Project) row 4"
                time="0.000744"/>
      <testcase classname="Philips.PMP.Test.Auto.SolutionSettingsTest"
                name="SolutionSettingsProjectFilesHaveResxActions (Microsoft.Build.Evaluation.Project) row 5"
                time="0.0006729"/>
      <testcase classname="Philips.PMP.Test.Auto.SolutionSettingsTest"
                name="SolutionSettingsProjectFilesHaveResxActions (Microsoft.Build.Evaluation.Project) row 6"
                time="0.0006225"/>
      <testcase classname="Philips.PMP.Test.Auto.SolutionSettingsTest"
                name="SolutionSettingsProjectFilesHaveResxActions (Microsoft.Build.Evaluation.Project) row 7"
                time="0.0005864"/>
      <testcase classname="Philips.PMP.Test.Auto.SolutionSettingsTest"
                name="SolutionSettingsProjectFilesHaveResxActions (Microsoft.Build.Evaluation.Project) row 8"
                time="0.0008766"/>
      <testcase classname="Philips.PMP.Test.Auto.SolutionSettingsTest"
                name="SolutionSettingsProjectFilesHaveResxActions (Microsoft.Build.Evaluation.Project) row 9"
                time="0.0006138"/>
      <testcase classname="Philips.PMP.Test.Auto.SolutionSettingsTest"
                name="SolutionSettingsProjectFilesHaveResxActions (Microsoft.Build.Evaluation.Project) row 10"
                time="0.0011488"/>
      <testcase classname="Philips.PMP.Test.Auto.SolutionSettingsTest"
                name="SolutionSettingsProjectFilesHaveResxActions (Microsoft.Build.Evaluation.Project) row 11"
                time="0.0006324"/>
      <testcase classname="Philips.PMP.Test.Auto.SolutionSettingsTest"
                name="SolutionSettingsProjectFilesHaveResxActions (Microsoft.Build.Evaluation.Project) row 12"
                time="0.0005624"/>
      <testcase classname="Philips.PMP.Test.Auto.SolutionSettingsTest"
                name="SolutionSettingsProjectFilesHaveResxActions (Microsoft.Build.Evaluation.Project) row 13"
                time="0.0006946"/>
      <testcase classname="Philips.PMP.Test.Auto.SolutionSettingsTest"
                name="SolutionSettingsProjectFilesHaveResxActions (Microsoft.Build.Evaluation.Project) row 14"
                time="0.0005939"/>
      <testcase classname="Philips.PMP.Test.Auto.SolutionSettingsTest"
                name="SolutionSettingsProjectFilesHaveResxActions (Microsoft.Build.Evaluation.Project) row 15"
                time="0.0007829"/>
      <testcase classname="Philips.PMP.Test.Auto.SolutionSettingsTest"
                name="SolutionSettingsProjectFilesHaveResxActions (Microsoft.Build.Evaluation.Project) row 16"
                time="0.0005259"/>
      <testcase classname="Philips.PMP.Test.Auto.SolutionSettingsTest"
                name="SolutionSettingsProjectFilesHaveResxActions (Microsoft.Build.Evaluation.Project) row 17"
                time="0.0005793"/>
      <testcase classname="Philips.PMP.Test.Auto.SolutionSettingsTest"
                name="SolutionSettingsProjectFilesHaveResxActions (Microsoft.Build.Evaluation.Project) row 18"
                time="0.0005565"/>
      <testcase classname="Philips.PMP.Test.Auto.SolutionSettingsTest"
                name="SolutionSettingsProjectFilesHaveResxActions (Microsoft.Build.Evaluation.Project) row 19"
                time="0.0006037"/>
      <testcase classname="Philips.PMP.Test.Auto.SolutionSettingsTest"
                name="SolutionSettingsProjectFilesHaveResxActions (Microsoft.Build.Evaluation.Project) row 20"
                time="0.0007225"/>
      <testcase classname="Philips.PMP.Test.Auto.SolutionSettingsTest"
                name="SolutionSettingsProjectFilesHaveResxActions (Microsoft.Build.Evaluation.Project) row 21"
                time="0.0006114"/>
      <testcase classname="Philips.PMP.Test.Auto.SolutionSettingsTest"
                name="SolutionSettingsProjectFilesHaveResxActions (Microsoft.Build.Evaluation.Project) row 22"
                time="0.0006722"/>
      <testcase classname="Philips.PMP.Test.Auto.SolutionSettingsTest"
                name="SolutionSettingsProjectFilesHaveResxActions (Microsoft.Build.Evaluation.Project) row 23"
                time="0.0006295"/>
      <testcase classname="Philips.PMP.Test.Auto.SolutionSettingsTest"
                name="SolutionSettingsProjectFilesHaveResxActions (Microsoft.Build.Evaluation.Project) row 24"
                time="0.0005605"/>
      <testcase classname="Philips.PMP.Test.Auto.SolutionSettingsTest"
                name="SolutionSettingsProjectFilesHaveResxActions (Microsoft.Build.Evaluation.Project) row 25"
                time="0.0005486"/>
      <testcase classname="Philips.PMP.Test.Auto.SolutionSettingsTest"
                name="SolutionSettingsProjectFilesHaveResxActions (Microsoft.Build.Evaluation.Project) row 26"
                time="0.000555"/>
      <testcase classname="Philips.PMP.Test.Auto.SolutionSettingsTest"
                name="SolutionSettingsProjectFilesHaveResxActions (Microsoft.Build.Evaluation.Project) row 27"
                time="0.0005071"/>
      <testcase classname="Philips.PMP.Test.Auto.SolutionSettingsTest"
                name="SolutionSettingsProjectFilesHaveResxActions (Microsoft.Build.Evaluation.Project) row 28"
                time="0.00065"/>
      <testcase classname="Philips.PMP.Test.Auto.SolutionSettingsTest"
                name="SolutionSettingsProjectFilesHaveResxActions (Microsoft.Build.Evaluation.Project) row 29"
                time="0.000613"/>
      <testcase classname="Philips.PMP.Test.Auto.SolutionSettingsTest"
                name="SolutionSettingsProjectFilesHaveResxActions (Microsoft.Build.Evaluation.Project) row 30"
                time="0.0009573"/>
      <testcase classname="Philips.PMP.Test.Auto.SolutionSettingsTest"
                name="SolutionSettingsProjectFilesHaveResxActions (Microsoft.Build.Evaluation.Project) row 31"
                time="0.0005458"/>
      <testcase classname="Philips.PMP.Test.Auto.SolutionSettingsTest"
                name="SolutionSettingsProjectFilesHaveResxActions (Microsoft.Build.Evaluation.Project) row 32"
                time="0.000746"/>
      <testcase classname="Philips.PMP.Test.Auto.SolutionSettingsTest"
                name="SolutionSettingsProjectFilesHaveResxActions (Microsoft.Build.Evaluation.Project) row 33"
                time="0.0006009"/>
      <testcase classname="Philips.PMP.Test.Auto.SolutionSettingsTest"
                name="SolutionSettingsProjectFilesHaveResxActions (Microsoft.Build.Evaluation.Project) row 34"
                time="0.0009087"/>
      <testcase classname="Philips.PMP.Test.Auto.SolutionSettingsTest"
                name="SolutionSettingsProjectFilesHaveResxActions (Microsoft.Build.Evaluation.Project) row 35"
                time="0.0006241"/>
      <testcase classname="Philips.PMP.Test.Auto.SolutionSettingsTest"
                name="SolutionSettingsProjectFilesHaveResxActions (Microsoft.Build.Evaluation.Project) row 36"
                time="0.0005813"/>
      <testcase classname="Philips.PMP.Test.Auto.SolutionSettingsTest"
                name="SolutionSettingsProjectFilesHaveResxActions (Microsoft.Build.Evaluation.Project) row 37"
                time="0.0005668"/>
      <testcase classname="Philips.PMP.Test.Auto.SolutionSettingsTest"
                name="SolutionSettingsProjectFilesHaveResxActions (Microsoft.Build.Evaluation.Project) row 38"
                time="0.0005106"/>
      <testcase classname="Philips.PMP.Test.Auto.SolutionSettingsTest"
                name="SolutionSettingsProjectFilesHaveResxActions (Microsoft.Build.Evaluation.Project) row 39"
                time="0.0005336"/>
      <testcase classname="Philips.PMP.Test.Auto.SolutionSettingsTest"
                name="SolutionSettingsProjectFilesHaveResxActions (Microsoft.Build.Evaluation.Project) row 40"
                time="0.0005213"/>
      <testcase classname="Philips.PMP.Test.Auto.SolutionSettingsTest"
                name="SolutionSettingsProjectFilesHaveResxActions (Microsoft.Build.Evaluation.Project) row 41"
                time="0.0005139"/>
      <testcase classname="Philips.PMP.Test.Auto.SolutionSettingsTest"
                name="SolutionSettingsProjectFilesHaveResxActions (Microsoft.Build.Evaluation.Project) row 42"
                time="0.0005161"/>
      <testcase classname="Philips.PMP.Test.Auto.SolutionSettingsTest"
                name="SolutionSettingsProjectFilesHaveResxActions (Microsoft.Build.Evaluation.Project) row 43"
                time="0.0005204"/>
      <testcase classname="Philips.PMP.Test.Auto.SolutionSettingsTest"
                name="SolutionSettingsProjectFilesHaveResxActions (Microsoft.Build.Evaluation.Project) row 44"
                time="0.0006183"/>
      <testcase classname="Philips.PMP.Test.Auto.SolutionSettingsTest"
                name="SolutionSettingsProjectFilesHaveResxActions (Microsoft.Build.Evaluation.Project) row 45"
                time="0.000617"/>
      <testcase classname="Philips.PMP.Test.Auto.SolutionSettingsTest"
                name="SolutionSettingsProjectFilesHaveResxActions (Microsoft.Build.Evaluation.Project) row 46"
                time="0.000661"/>
      <testcase classname="Philips.PMP.Test.Auto.SolutionSettingsTest"
                name="SolutionSettingsProjectFilesHaveResxActions (Microsoft.Build.Evaluation.Project) row 47"
                time="0.0005122"/>
      <testcase classname="Philips.PMP.Test.Auto.SolutionSettingsTest"
                name="SolutionSettingsProjectFilesHaveResxActions (Microsoft.Build.Evaluation.Project) row 48"
                time="0.0005886"/>
      <testcase classname="Philips.PMP.Test.Auto.SolutionSettingsTest"
                name="SolutionSettingsProjectFilesHaveResxActions (Microsoft.Build.Evaluation.Project) row 49"
                time="0.0005279"/>
      <testcase classname="Philips.PMP.Test.Auto.SolutionSettingsTest"
                name="SolutionSettingsProjectFilesHaveResxActions (Microsoft.Build.Evaluation.Project) row 50"
                time="0.0005597"/>
      <testcase classname="Philips.PMP.Test.Auto.SolutionSettingsTest"
                name="SolutionSettingsProjectFilesHaveResxActions (Microsoft.Build.Evaluation.Project) row 51"
                time="0.0006688"/>
      <testcase classname="Philips.PMP.Test.Auto.SolutionSettingsTest"
                name="SolutionSettingsProjectFilesHaveResxActions (Microsoft.Build.Evaluation.Project) row 52"
                time="0.0006257"/>
      <testcase classname="Philips.PMP.Test.Auto.SolutionSettingsTest"
                name="SolutionSettingsProjectFilesHaveResxActions (Microsoft.Build.Evaluation.Project) row 53"
                time="0.0005181"/>
      <testcase classname="Philips.PMP.Test.Auto.SolutionSettingsTest"
                name="SolutionSettingsProjectFilesHaveResxActions (Microsoft.Build.Evaluation.Project) row 54"
                time="0.0005823"/>
      <testcase classname="Philips.PMP.Test.Auto.SolutionSettingsTest"
                name="SolutionSettingsProjectFilesHaveResxActions (Microsoft.Build.Evaluation.Project) row 55"
                time="0.000523"/>
      <testcase classname="Philips.PMP.Test.Auto.SolutionSettingsTest"
                name="SolutionSettingsProjectFilesHaveResxActions (Microsoft.Build.Evaluation.Project) row 56"
                time="0.0005568"/>
      <testcase classname="Philips.PMP.Test.Auto.SolutionSettingsTest"
                name="SolutionSettingsProjectFilesHaveResxActions (Microsoft.Build.Evaluation.Project) row 57"
                time="0.0005364"/>
      <testcase classname="Philips.PMP.Test.Auto.SolutionSettingsTest"
                name="SolutionSettingsProjectFilesHaveResxActions (Microsoft.Build.Evaluation.Project) row 58"
                time="0.0005718"/>
      <testcase classname="Philips.PMP.Test.Auto.SolutionSettingsTest"
                name="SolutionSettingsProjectFilesHaveResxActions (Microsoft.Build.Evaluation.Project) row 59"
                time="0.0005245"/>
      <testcase classname="Philips.PMP.Test.Auto.SolutionSettingsTest"
                name="SolutionSettingsProjectFilesHaveResxActions (Microsoft.Build.Evaluation.Project) row 60"
                time="0.0005566"/>
      <testcase classname="Philips.PMP.Test.Auto.SolutionSettingsTest"
                name="SolutionSettingsProjectFilesHaveResxActions (Microsoft.Build.Evaluation.Project) row 61"
                time="0.0005215"/>
      <testcase classname="Philips.PMP.Test.Auto.SolutionSettingsTest"
                name="SolutionSettingsProjectFilesHaveResxActions (Microsoft.Build.Evaluation.Project) row 62"
                time="0.0005695"/>
      <testcase classname="Philips.PMP.Test.Auto.SolutionSettingsTest"
                name="SolutionSettingsProjectFilesHaveResxActions (Microsoft.Build.Evaluation.Project) row 63"
                time="0.0005277"/>
      <testcase classname="Philips.PMP.Test.Auto.SolutionSettingsTest"
                name="SolutionSettingsProjectFilesHaveResxActions (Microsoft.Build.Evaluation.Project) row 64"
                time="0.0005461"/>
      <testcase classname="Philips.PMP.Test.Auto.SolutionSettingsTest"
                name="SolutionSettingsProjectFilesHaveResxActions (Microsoft.Build.Evaluation.Project) row 65"
                time="0.0005468"/>
      <testcase classname="Philips.PMP.Test.Auto.SolutionSettingsTest"
                name="SolutionSettingsProjectFilesHaveResxActions (Microsoft.Build.Evaluation.Project) row 66"
                time="0.0005423"/>
      <testcase classname="Philips.PMP.Test.Auto.SolutionSettingsTest"
                name="SolutionSettingsProjectFilesHaveResxActions (Microsoft.Build.Evaluation.Project) row 67"
                time="0.0005154"/>
      <testcase classname="Philips.PMP.Test.Auto.SolutionSettingsTest"
                name="SolutionSettingsProjectFilesHaveResxActions (Microsoft.Build.Evaluation.Project) row 68"
                time="0.000829"/>
      <testcase classname="Philips.PMP.Test.Auto.SolutionSettingsTest"
                name="SolutionSettingsProjectFilesHaveResxActions (Microsoft.Build.Evaluation.Project) row 69"
                time="0.0006319"/>
      <testcase classname="Philips.PMP.Test.Auto.SolutionSettingsTest"
                name="SolutionSettingsProjectFilesHaveResxActions (Microsoft.Build.Evaluation.Project) row 70"
                time="0.000551"/>
      <testcase classname="Philips.PMP.Test.Auto.SolutionSettingsTest"
                name="SolutionSettingsProjectFilesHaveResxActions (Microsoft.Build.Evaluation.Project) row 71"
                time="0.0005913"/>
      <testcase classname="Philips.PMP.Test.Auto.SolutionSettingsTest"
                name="SolutionSettingsProjectFilesHaveResxActions (Microsoft.Build.Evaluation.Project) row 72"
                time="0.0007426"/>
      <testcase classname="Philips.PMP.Test.Auto.SolutionSettingsTest"
                name="SolutionSettingsProjectFilesHaveResxActions (Microsoft.Build.Evaluation.Project) row 73"
                time="0.0005553"/>
      <testcase classname="Philips.PMP.Test.Auto.SolutionSettingsTest"
                name="SolutionSettingsProjectFilesHaveResxActions (Microsoft.Build.Evaluation.Project) row 74"
                time="0.0005395"/>
      <testcase classname="Philips.PMP.Test.Auto.SolutionSettingsTest"
                name="SolutionSettingsProjectFilesHaveResxActions (Microsoft.Build.Evaluation.Project) row 75"
                time="0.0005159"/>
      <testcase classname="Philips.PMP.Test.Auto.SolutionSettingsTest"
                name="SolutionSettingsProjectFilesHaveResxActions (Microsoft.Build.Evaluation.Project) row 76"
                time="0.0005798"/>
      <testcase classname="Philips.PMP.Test.Auto.SolutionSettingsTest"
                name="SolutionSettingsProjectFilesHaveResxActions (Microsoft.Build.Evaluation.Project) row 77"
                time="0.0005331"/>
      <testcase classname="Philips.PMP.Test.Auto.SolutionSettingsTest"
                name="SolutionSettingsProjectFilesHaveResxActions (Microsoft.Build.Evaluation.Project) row 78"
                time="0.0005422"/>
      <testcase classname="Philips.PMP.Test.Auto.SolutionSettingsTest"
                name="SolutionSettingsProjectFilesHaveResxActions (Microsoft.Build.Evaluation.Project) row 79"
                time="0.0005365"/>
      <testcase classname="Philips.PMP.Test.Auto.SolutionSettingsTest"
                name="SolutionSettingsProjectFilesHaveResxActions (Microsoft.Build.Evaluation.Project) row 80"
                time="0.0005021"/>
      <testcase classname="Philips.PMP.Test.Auto.SolutionSettingsTest"
                name="SolutionSettingsProjectFilesHaveResxActions (Microsoft.Build.Evaluation.Project) row 81"
                time="0.0010727"/>
      <testcase classname="Philips.PMP.Test.Auto.SolutionSettingsTest"
                name="SolutionSettingsProjectFilesHaveResxActions (Microsoft.Build.Evaluation.Project) row 82"
                time="0.0006904"/>
      <testcase classname="Philips.PMP.Test.Auto.SolutionSettingsTest"
                name="SolutionSettingsProjectFilesHaveResxActions (Microsoft.Build.Evaluation.Project) row 83"
                time="0.0005219"/>
      <testcase classname="Philips.PMP.Test.Auto.SolutionSettingsTest"
                name="SolutionSettingsProjectFilesHaveResxActions (Microsoft.Build.Evaluation.Project) row 84"
                time="0.0005262"/>
      <testcase classname="Philips.PMP.Test.Auto.SolutionSettingsTest"
                name="SolutionSettingsProjectFilesHaveResxActions (Microsoft.Build.Evaluation.Project) row 85"
                time="0.0005409"/>
      <testcase classname="Philips.PMP.Test.Auto.SolutionSettingsTest"
                name="SolutionSettingsProjectFilesHaveResxActions (Microsoft.Build.Evaluation.Project) row 86"
                time="0.0006533"/>
      <testcase classname="Philips.PMP.Test.Auto.SolutionSettingsTest"
                name="SolutionSettingsProjectFilesHaveResxActions (Microsoft.Build.Evaluation.Project) row 87"
                time="0.0005389"/>
      <testcase classname="Philips.PMP.Test.Auto.SolutionSettingsTest"
                name="SolutionSettingsProjectFilesHaveResxActions (Microsoft.Build.Evaluation.Project) row 88"
                time="0.000517"/>
      <testcase classname="Philips.PMP.Test.Auto.SolutionSettingsTest"
                name="SolutionSettingsProjectFilesHaveResxActions (Microsoft.Build.Evaluation.Project) row 89"
                time="0.0005219"/>
      <testcase classname="Philips.PMP.Test.Auto.SolutionSettingsTest"
                name="SolutionSettingsProjectFilesHaveResxActions (Microsoft.Build.Evaluation.Project) row 90"
                time="0.0005302"/>
      <testcase classname="Philips.PMP.Test.Auto.SolutionSettingsTest"
                name="SolutionSettingsProjectFilesHaveResxActions (Microsoft.Build.Evaluation.Project) row 91"
                time="0.0005531"/>
      <testcase classname="Philips.PMP.Test.Auto.SolutionSettingsTest"
                name="SolutionSettingsProjectFilesHaveResxActions (Microsoft.Build.Evaluation.Project) row 92"
                time="0.0005229"/>
      <testcase classname="Philips.PMP.Test.Auto.SolutionSettingsTest"
                name="SolutionSettingsProjectFilesHaveResxActions (Microsoft.Build.Evaluation.Project) row 93"
                time="0.0005238"/>
      <testcase classname="Philips.PMP.Test.Auto.SolutionSettingsTest"
                name="SolutionSettingsProjectFilesHaveResxActions (Microsoft.Build.Evaluation.Project) row 94"
                time="0.0005266"/>
      <testcase classname="Philips.PMP.Test.Auto.SolutionSettingsTest"
                name="SolutionSettingsProjectFilesHaveResxActions (Microsoft.Build.Evaluation.Project) row 95"
                time="0.0005296"/>
      <testcase classname="Philips.IX.UserManagement.Test.ProveIdWebApiMessageTest"
                name="AuthenticatePasswordRequestTest"
                time="0.0125368"/>
      <testcase classname="Philips.CareEvent.Test.EventWorkflowProviderTests"
                name="SyncEventsWithAcceptanceRequiredTest"
                time="0.3148134"/>
      <testcase classname="Philips.PMP.Test.Auto.DataTileHelperTest"
                name="GetWaveGapDisplayStringTest"
                time="0.0111803"/>
      <testcase classname="Philips.PMP.Test.Auto.WaveProviderTest"
                name="WaveTwiceInAQuantum"
                time="0.0262998"/>
      <testcase classname="Philips.PMP.Test.Auto.MobilePatientConverterTest"
                name="GetPatientPaceStateTest (Paced,PacedGen) row 1"
                time="0.0016635"/>
      <testcase classname="Philips.PMP.Test.Auto.MobilePatientConverterTest"
                name="GetPatientPaceStateTest (NotPaced,NotPaced) row 2"
                time="0.0004987"/>
      <testcase classname="Philips.PMP.Test.Auto.MobilePatientConverterTest"
                name="GetPatientPaceStateTest (Unconfirmed,PacedUnconfirmed) row 3"
                time="0.0004575"/>
      <testcase classname="Philips.PMP.Test.Auto.SurveillanceSectorMgrTest"
                name="SurveillanceRefreshInstitutionsTest"
                time="4.8083538"/>
      <testcase classname="Philips.PIC.WebBridge.Test.AlertSaverTest"
                name="WillSaveNotableIntervalTest"
                time="0.1248175"/>
      <testcase classname="Philips.iX.InboundDataBridge.Test.PhysioDataInboundBridgeServiceTest"
                name="IsServiceRunningTest (False,True) row 1"
                time="0.0020325"/>
      <testcase classname="Philips.iX.InboundDataBridge.Test.PhysioDataInboundBridgeServiceTest"
                name="IsServiceRunningTest (True,False) row 2"
                time="0.0036667"/>
      <testcase classname="Philips.PMP.Test.Auto.DataTileHelperTest"
                name="DataTileHelperGenerateSpotCheckEntriesComplexMetricTest"
                time="0.0084502"/>
      <testcase classname="Philips.PMP.Test.Auto.PatientDataExportFileTest"
                name="PdxConsolidatedAlertsAreNotExportedWithEmptyTimeRange"
                time="0.0395366"/>
      <testcase classname="Philips.PMP.Test.Auto.WaveFrequencyConverterTest"
                name="WaveConvertBadFrequency (500,True,True,False,) row 1"
                time="0.0003704"/>
      <testcase classname="Philips.PMP.Test.Auto.WaveFrequencyConverterTest"
                name="WaveConvertBadFrequency (125,True,True,False,Wave Converter: Chunk length (2) less than ConversionMultiple (4).) row 2"
                time="0.000314"/>
      <testcase classname="Philips.PMP.Test.Auto.WaveFrequencyConverterTest"
                name="WaveConvertBadFrequency (1000,False,True,False,) row 3"
                time="0.0002704"/>
      <testcase classname="Philips.PMP.Test.Auto.ControlGroupHelperTest"
                name="ControlGroupHelperGetQtControlsTest"
                time="0.0007869"/>
      <testcase classname="Philips.PMP.Test.Auto.SegmentedListTest"
                name="CountConstructorSetsValuesCorrectlyTest"
                time="0.004223"/>
      <testcase classname="Philips.PMP.Test.Auto.PatientUnitAdmitTimeHelperTest"
                name="PatientUnitAdmitTimeHelperLengthOfStayTest (0,-10,0,False) row 1"
                time="0.0018262"/>
      <testcase classname="Philips.PMP.Test.Auto.PatientUnitAdmitTimeHelperTest"
                name="PatientUnitAdmitTimeHelperLengthOfStayTest (0,-30,1,True) row 2"
                time="0.000616"/>
      <testcase classname="Philips.PMP.Test.Auto.PatientUnitAdmitTimeHelperTest"
                name="PatientUnitAdmitTimeHelperLengthOfStayTest (-25,-10,25,False) row 3"
                time="0.0005945"/>
      <testcase classname="Philips.PMP.Test.Auto.PatientUnitAdmitTimeHelperTest"
                name="PatientUnitAdmitTimeHelperLengthOfStayTest (-300,-36,301,False) row 4"
                time="0.0005444"/>
      <testcase classname="Philips.PMP.Test.Auto.PatientUnitAdmitTimeHelperTest"
                name="PatientUnitAdmitTimeHelperLengthOfStayTest (-800,-10,800,False) row 5"
                time="0.0021947"/>
      <testcase classname="Philips.PMP.Test.Auto.PatientDataExportServiceTest"
                name="ReportToApmService (True) row 1"
                time="0.0118203"/>
      <testcase classname="Philips.PMP.Test.Auto.PatientDataExportServiceTest"
                name="ReportToApmService (False) row 2"
                time="0.0030718"/>
      <testcase classname="Philips.CareEvent.Test.MobileRequestMgrTests"
                name="ValidateUserSettingsRequest"
                time="0.0154981"/>
      <testcase classname="Philips.PMP.Test.Auto.ActiveDirectoryQualifierTest"
                name="VerifySystem (False,False) row 1"
                time="0.00587"/>
      <testcase classname="Philips.PMP.Test.Auto.ActiveDirectoryQualifierTest"
                name="VerifySystem (True,False) row 2"
                time="0.001779"/>
      <testcase classname="Philips.PMP.Test.Auto.ActiveDirectoryQualifierTest"
                name="VerifySystem (True,True) row 3"
                time="0.001022"/>
      <testcase classname="Philips.PMP.Test.Auto.SnmpConnectionControlTest"
                name="SnmpConnectionControlManualInputV3Test (,,,SHA256,,,,,,,,,False,Username is required.&#xD;&#xA;Password is required.&#xD;&#xA;) row 1"
                time="0.0803656"/>
      <testcase classname="Philips.PMP.Test.Auto.SnmpConnectionControlTest"
                name="SnmpConnectionControlManualInputV3Test (cisco,cisco,,SHA256,,,,,,,,,False,Username is required.&#xD;&#xA;Password is required.&#xD;&#xA;) row 2"
                time="0.0822075"/>
      <testcase classname="Philips.PMP.Test.Auto.SnmpConnectionControlTest"
                name="SnmpConnectionControlManualInputV3Test ( ,,,SHA256,,,,,,,,,False,Username is required.&#xD;&#xA;Password is required.&#xD;&#xA;) row 3"
                time="0.0791814"/>
      <testcase classname="Philips.PMP.Test.Auto.SnmpConnectionControlTest"
                name="SnmpConnectionControlManualInputV3Test ( aabbcc     ,aabbcc,,SHA256,,,,,,,,,False,Username is required.&#xD;&#xA;Password is required.&#xD;&#xA;) row 4"
                time="0.079297"/>
      <testcase classname="Philips.PMP.Test.Auto.SnmpConnectionControlTest"
                name="SnmpConnectionControlManualInputV3Test (  cisco   switch    ,cisco   switch,,SHA256,,,,,,,,,False,Username is required.&#xD;&#xA;Password is required.&#xD;&#xA;) row 5"
                time="0.0828984"/>
      <testcase classname="Philips.PMP.Test.Auto.SnmpConnectionControlTest"
                name="SnmpConnectionControlManualInputV3Test (,,SHA256,SHA256,,,,,,,,,False,Username is required.&#xD;&#xA;Password is required.&#xD;&#xA;) row 6"
                time="0.0790732"/>
      <testcase classname="Philips.PMP.Test.Auto.SnmpConnectionControlTest"
                name="SnmpConnectionControlManualInputV3Test (,,SHA256,SHA256,,,,,,,,,False,Username is required.&#xD;&#xA;Password is required.&#xD;&#xA;) row 7"
                time="0.0862222"/>
      <testcase classname="Philips.PMP.Test.Auto.SnmpConnectionControlTest"
                name="SnmpConnectionControlManualInputV3Test (,,SHA512,SHA512,philips-user,philips-user,,,,,,,False,Password is required.&#xD;&#xA;) row 8"
                time="0.0834559"/>
      <testcase classname="Philips.PMP.Test.Auto.SnmpConnectionControlTest"
                name="SnmpConnectionControlManualInputV3Test (,,SHA512,SHA512,philips-user ,philips-user,,,,,,,False,Password is required.&#xD;&#xA;) row 9"
                time="0.0820407"/>
      <testcase classname="Philips.PMP.Test.Auto.SnmpConnectionControlTest"
                name="SnmpConnectionControlManualInputV3Test (,,SHA384,SHA384,philips-user ,philips-user,secret,secret,,,,,True,) row 10"
                time="0.0993776"/>
      <testcase classname="Philips.PMP.Test.Auto.SnmpConnectionControlTest"
                name="SnmpConnectionControlManualInputV3Test (,,SHA384,SHA384,philips-user ,philips-user,   secret  ,secret,,,,,True,) row 11"
                time="0.0806882"/>
      <testcase classname="Philips.PMP.Test.Auto.SnmpConnectionControlTest"
                name="SnmpConnectionControlManualInputV3Test (,,SHA256,SHA256,,,,,AES192,AES192,,,False,Username is required.&#xD;&#xA;Password is required.&#xD;&#xA;Privacy key is required.&#xD;&#xA;) row 12"
                time="0.0880769"/>
      <testcase classname="Philips.PMP.Test.Auto.SnmpConnectionControlTest"
                name="SnmpConnectionControlManualInputV3Test (,,SHA256,SHA256,,,,,AES192,AES192,private,private,False,Username is required.&#xD;&#xA;Password is required.&#xD;&#xA;) row 13"
                time="0.0851964"/>
      <testcase classname="Philips.PMP.Test.Auto.SnmpConnectionControlTest"
                name="SnmpConnectionControlManualInputV3Test (,,SHA256,SHA256,,,,,AES192,AES192,  private   ,private,False,Username is required.&#xD;&#xA;Password is required.&#xD;&#xA;) row 14"
                time="0.0794315"/>
      <testcase classname="Philips.PMP.Test.Auto.SnmpConnectionControlTest"
                name="SnmpConnectionControlManualInputV3Test (,,SHA256,SHA256,philips-user,philips-user,secret,secret,AES128,AES128,private,private,True,) row 15"
                time="0.0856051"/>
      <testcase classname="Philips.PMP.Test.Auto.EventNotificationSettingControlTest"
                name="ResetShouldEnforceLicenseCheck (True) row 1"
                time="0.0318905"/>
      <testcase classname="Philips.PMP.Test.Auto.EventNotificationSettingControlTest"
                name="ResetShouldEnforceLicenseCheck (False) row 2"
                time="0.0319473"/>
      <testcase classname="Philips.PMP.Test.Auto.CameraSystemQualifierTest"
                name="CameraSystemQualifierPassesWhenUserAuthenticateSucceeds"
                time="0.0239763"/>
      <testcase classname="Philips.PMP.Test.Auto.ProtocolWatchControlMgrTest"
                name="ProtocolWatchDeleteControlTest"
                time="0.0095582"/>
      <testcase classname="Philips.PMP.Test.Auto.NotificationControlTest"
                name="NotificationControlSetPermission"
                time="0.0262107"/>
      <testcase classname="Philips.PMP.Test.Auto.AlertImageHelperTest"
                name="NumericAndWaveOrderForSTAlertTest"
                time="0.0597531"/>
      <testcase classname="Philips.PMP.Test.Auto.TopologyChangeAggregatorTest"
                name="DeviceChangeAggregatorOnlyPublishValidEventsTest (True,1) row 1"
                time="0.0073136"/>
      <testcase classname="Philips.PMP.Test.Auto.TopologyChangeAggregatorTest"
                name="DeviceChangeAggregatorOnlyPublishValidEventsTest (False,0) row 2"
                time="0.0038766"/>
      <testcase classname="Philips.PMP.Test.Auto.EcgDeviceMgrTest"
                name="EcgDeviceMgrCanDeriveBackfilledStandardChestLeads"
                time="0.1232444"/>
      <testcase classname="Philips.PMP.Test.Auto.WebPortalViewControllerTest"
                name="WebPortalViewControllerRefresh"
                time="0.0019265"/>
      <testcase classname="Philips.PMP.Test.Auto.DynamicTopologySourceDataTest"
                name="ClearTest"
                time="0.2510077"/>
      <testcase classname="Philips.PMP.Test.Auto.PatientAssignmentControlTest"
                name="PatientAssignmentControlOnPatientIdentityDoesNotCheckPermissions"
                time="0.0919025"/>
      <testcase classname="Philips.PMP.Test.Auto.RoleConfigFormTest"
                name="RoleConfigFormConstructor (True,True,True,True) row 1"
                time="0.0356464"/>
      <testcase classname="Philips.PMP.Test.Auto.RoleConfigFormTest"
                name="RoleConfigFormConstructor (True,True,False,False) row 2"
                time="0.0245981"/>
      <testcase classname="Philips.PMP.Test.Auto.RoleConfigFormTest"
                name="RoleConfigFormConstructor (True,False,True,True) row 3"
                time="0.0273071"/>
      <testcase classname="Philips.PMP.Test.Auto.RoleConfigFormTest"
                name="RoleConfigFormConstructor (False,True,True,False) row 4"
                time="0.0257971"/>
      <testcase classname="Philips.PMP.Test.Auto.EcgFilterHelperTest"
                name="EcgFilterAttrAtGreaterThanEndTimeTest"
                time="0.0200822"/>
      <testcase classname="Philips.PMP.Test.Auto.MobileBedSubscriberTest"
                name="MobileBedSubscriberWillSubscribeToAllData (True) row 1"
                time="0.0438066"/>
      <testcase classname="Philips.PMP.Test.Auto.MobileBedSubscriberTest"
                name="MobileBedSubscriberWillSubscribeToAllData (False) row 2"
                time="0.0181165"/>
      <testcase classname="Philips.PMP.Test.Auto.HospiraDriverTest"
                name="HospiraDriverHelperTest (197226,HIGH,True) row 1"
                time="0.0093282"/>
      <testcase classname="Philips.PMP.Test.Auto.HospiraDriverTest"
                name="HospiraDriverHelperTest (197348,LOW,False) row 2"
                time="0.0008931"/>
      <testcase classname="Philips.PMP.Test.Auto.HospiraDriverTest"
                name="HospiraDriverHelperTest (197349,LOW,False) row 3"
                time="0.0004523"/>
      <testcase classname="Philips.CareEvent.Test.CareAssignmentMgrTest"
                name="CareAssignmentMgrShouldReturnErrorMessageWhenUserNotAuthorizedOrDbNotAvailable (True,True,True) row 1"
                time="0.003244"/>
      <testcase classname="Philips.CareEvent.Test.CareAssignmentMgrTest"
                name="CareAssignmentMgrShouldReturnErrorMessageWhenUserNotAuthorizedOrDbNotAvailable (False,True,False) row 2"
                time="0.0021631"/>
      <testcase classname="Philips.CareEvent.Test.CareAssignmentMgrTest"
                name="CareAssignmentMgrShouldReturnErrorMessageWhenUserNotAuthorizedOrDbNotAvailable (True,False,False) row 3"
                time="0.0077302"/>
      <testcase classname="Philips.PMP.Test.Auto.SoftwareUpdateHelperTest"
                name="SoftwareUpdateHelperIsMyHostCompatibleTest"
                time="0.0067048"/>
      <testcase classname="Philips.PMP.Test.Auto.WebQualifierTest"
                name="FailOnPortInUseTest"
                time="0.0047039"/>
      <testcase classname="Philips.PIC.DataAcquisition.Test.MonitoringDeviceServiceCollectionTest"
                name="MonitoringDeviceServiceCollectionCallsMethodsForCollection"
                time="0.0593143"/>
      <testcase classname="Philips.PMP.Test.Auto.DataTileHelperTest"
                name="DataTileHelperGetOneSecWidthTest"
                time="0.0058506"/>
      <testcase classname="Philips.PMP.Test.Auto.TaggedIntervalBufferTest"
                name="TaggedIntervalEquality (one,two,False) row 1"
                time="0.0004045"/>
      <testcase classname="Philips.PMP.Test.Auto.TaggedIntervalBufferTest"
                name="TaggedIntervalEquality (one,one,True) row 2"
                time="0.0002475"/>
      <testcase classname="Philips.PMP.Test.Auto.TaggedIntervalBufferTest"
                name="TaggedIntervalEquality (two,two,True) row 3"
                time="0.0005156"/>
      <testcase classname="Philips.PMP.Test.Auto.TaggedIntervalBufferTest"
                name="TaggedIntervalEquality (one,,False) row 4"
                time="0.007499"/>
      <testcase classname="Philips.PMP.Test.Auto.TaggedIntervalBufferTest"
                name="TaggedIntervalEquality (,two,False) row 5"
                time="0.0004867"/>
      <testcase classname="Philips.PMP.Test.Auto.TaggedIntervalBufferTest"
                name="TaggedIntervalEquality (,,True) row 6"
                time="0.0004388"/>
      <testcase classname="Philips.PMP.Test.Auto.DataTileHelperTest"
                name="DataTileHelperGetPixelsPerGridIntTest"
                time="0.0058214"/>
      <testcase classname="Philips.PMP.Test.Auto.ApplicationMgrTest"
                name="ApplicationWindowControlTest"
                time="0.0999626"/>
      <testcase classname="Philips.PMP.Test.Auto.MenuTimeoutMgrTest"
                name="MenuTimeoutMgrCtor"
                time="0.0110633"/>
      <testcase classname="Philips.PMP.Test.Auto.RepositoryTest"
                name="FromWaveFalseDoesntPushTimeForwardUnless2SecondsHavePassedTest"
                time="0.0011975"/>
      <testcase classname="Philips.PMP.Test.Auto.WebQualifierTest"
                name="FailOnIsAppPoolConfiguredTest"
                time="0.0073739"/>
      <testcase classname="Philips.PMP.Test.Auto.TrendUploadValueProcessorTest"
                name="TrendUploadValueProcessorMergesDoubleNumericsTest"
                time="0.0249884"/>
      <testcase classname="Philips.PMP.Test.Auto.WatchdogHelperTest"
                name="ProcessCommandsWithDumpAll"
                time="0.0013848"/>
      <testcase classname="Philips.PMP.Test.Auto.LicensingProviderTest"
                name="StoreMultipleAssignmentsTest"
                time="1.4963938"/>
      <testcase classname="Philips.PMP.Test.Auto.DataBackIntegrationFilterTest"
                name="DataBackIntegrationFilterIgnoreSpecificMetricsTest (17424,True) row 1"
                time="0.0005143"/>
      <testcase classname="Philips.PMP.Test.Auto.DataBackIntegrationFilterTest"
                name="DataBackIntegrationFilterIgnoreSpecificMetricsTest (53249,True) row 2"
                time="0.0008261"/>
      <testcase classname="Philips.PMP.Test.Auto.DataBackIntegrationFilterTest"
                name="DataBackIntegrationFilterIgnoreSpecificMetricsTest (64351,False) row 3"
                time="0.0007019"/>
      <testcase classname="Philips.PMP.Test.Auto.ConfigurationProviderTest"
                name="ConfigurationProviderGetDevicesByFeatureTest"
                time="0.0661392"/>
      <testcase classname="Philips.PIC.SharedAssignment.Test.SharedAssignmentHelperTest"
                name="DoesSharedRoleConfigurationReturnCorrectRole"
                time="0.0016687"/>
      <testcase classname="Philips.PMP.Test.Auto.PatientIdHelperTest"
                name="GetPatientDisplayIdWithNoUnit (True) row 1"
                time="0.0013174"/>
      <testcase classname="Philips.PMP.Test.Auto.PatientIdHelperTest"
                name="GetPatientDisplayIdWithNoUnit (False) row 2"
                time="0.0010438"/>
      <testcase classname="Philips.PIC.WebBridge.Test.WaveStripReportGeneratorTest"
                name="WillTryCreateWaveStripReportTest"
                time="0.0385606"/>
      <testcase classname="Philips.PMP.Test.Auto.IheDeviceTest"
                name="ProcessPC01MessageSerialNumber"
                time="0.0016423"/>
      <testcase classname="Philips.IX.UserManagement.Test.ProveIdWebApiServerTest"
                name="TrySendMessageSucceedTest"
                time="0.007274"/>
      <testcase classname="Philips.PMP.Test.Auto.TeleProfileHelperTest"
                name="GetDefaultProfileNameTest"
                time="0.2366916"/>
      <testcase classname="Philips.PMP.Test.Auto.ScaleProviderTest"
                name="PatientParameterScalesTest"
                time="1.5409529"/>
      <testcase classname="Philips.PMP.Test.Auto.ThirdPartyAppQualifierTest"
                name="ThirdPartyAppsDebugToolsInstallation"
                time="0.0059804"/>
      <testcase classname="Philips.PMP.Test.Auto.IheDeviceDataMgrTest"
                name="IheDeviceDataMgrChecksMetricAndAlarmRegistration (False) row 1"
                time="0.0240996"/>
      <testcase classname="Philips.PMP.Test.Auto.IheDeviceDataMgrTest"
                name="IheDeviceDataMgrChecksMetricAndAlarmRegistration (True) row 2"
                time="0.0127671"/>
      <testcase classname="Philips.PMP.Test.Auto.MobileDataConverterTest"
                name="MobileDataConverterEnumerationTimeTest"
                time="0.0016443"/>
      <testcase classname="Philips.PMP.Test.Auto.PatientDemographicChoiceFieldsValuesGeneratorTest"
                name="PatientDemographicChoiceFieldsValuesGeneratorGetPatientPacerValuesList"
                time="0.0134806"/>
      <testcase classname="Philips.PMP.Test.Auto.TeleProfileHelperTest"
                name="TeleProfileHelperProtocolWatchGetMenuEntriesForPatientTest"
                time="0.0095403"/>
      <testcase classname="Philips.PMP.Test.Auto.WatchdogHelperTest"
                name="ShouldWatchRDistTest (False,True,True,False) row 1"
                time="0.0035258"/>
      <testcase classname="Philips.PMP.Test.Auto.WatchdogHelperTest"
                name="ShouldWatchRDistTest (True,True,True,False) row 2"
                time="0.0018228"/>
      <testcase classname="Philips.PMP.Test.Auto.WatchdogHelperTest"
                name="ShouldWatchRDistTest (True,False,True,False) row 3"
                time="0.0012251"/>
      <testcase classname="Philips.PMP.Test.Auto.WatchdogHelperTest"
                name="ShouldWatchRDistTest (True,False,False,True) row 4"
                time="0.0011645"/>
      <testcase classname="Philips.PMP.Test.Auto.WebQualifierTest"
                name="FailOnSiteNotConfiguredTest"
                time="0.009902"/>
      <testcase classname="Philips.PMP.Test.Auto.EventCategorySettingsProviderTest"
                name="GetEventCategorySettingsInSettingsTextHelperMustReturnCorrectFormat"
                time="0.0063521"/>
      <testcase classname="Philips.PMP.Test.Auto.TopologyProviderTest"
                name="StoreBedsTest"
                time="0.2600146"/>
      <testcase classname="Philips.PMP.Test.Auto.LogonStatusDisplayMgrTest"
                name="LogonStatusDisplayMgrUserAuthorized"
                time="0.0271972"/>
      <testcase classname="Philips.PMP.Test.Auto.FindPatientControllerTest"
                name="FindPatientControllerGetSearchCriteriaFields"
                time="0.0019416"/>
      <testcase classname="Philips.PMP.Test.Auto.EventCategoryFiltersTreeHelperTest"
                name="NestedCategoryUpdateToVarious"
                time="0.0043676"/>
      <testcase classname="Philips.PMP.Test.Auto.WatchdogQualifierTest"
                name="QualifierVerifyExceptionTest"
                time="0.0027"/>
      <testcase classname="Philips.PMP.Test.Auto.RingtoneSyncMgrTest"
                name="RingtoneSyncMgrStopTest (True,False,0) row 1"
                time="0.0129695"/>
      <testcase classname="Philips.PMP.Test.Auto.RingtoneSyncMgrTest"
                name="RingtoneSyncMgrStopTest (True,True,0) row 2"
                time="0.0114013"/>
      <testcase classname="Philips.PMP.Test.Auto.RingtoneSyncMgrTest"
                name="RingtoneSyncMgrStopTest (False,True,1) row 3"
                time="0.0254421"/>
      <testcase classname="Philips.PMP.Test.Auto.RingtoneSyncMgrTest"
                name="RingtoneSyncMgrStopTest (False,False,0) row 4"
                time="0.0071492"/>
      <testcase classname="Philips.PIC.WebBridge.Test.DataRelaySetupMgrTest"
                name="DataRelaySetUpFailedAuthenticateWillNotSubscribeDataRelay"
                time="0.0015713"/>
      <testcase classname="Philips.PMP.Test.Auto.PhysioDataHelperTest"
                name="GetMinOrMaxSampleTest"
                time="0.0016467"/>
      <testcase classname="Philips.PMP.Test.Auto.FileExportServiceMgrTest"
                name="FileExportServiceMgrReturnsSuccessOrFailure (Success,True) row 1"
                time="0.0412336"/>
      <testcase classname="Philips.PMP.Test.Auto.FileExportServiceMgrTest"
                name="FileExportServiceMgrReturnsSuccessOrFailure (Failure,False) row 2"
                time="0.0009273"/>
      <testcase classname="Philips.CareEvent.Test.AssignmentUpdateNotifierTests"
                name="NotifyAssignedAndDroppedCaregiversAsAnonymousUserTest (True) row 1"
                time="0.0085802"/>
      <testcase classname="Philips.CareEvent.Test.AssignmentUpdateNotifierTests"
                name="NotifyAssignedAndDroppedCaregiversAsAnonymousUserTest (False) row 2"
                time="0.0029434"/>
      <testcase classname="Philips.PIC.WebBridge.Test.LicenseControllerTest"
                name="PostUnitValidation (False,False) row 1"
                time="0.037346"/>
      <testcase classname="Philips.PIC.WebBridge.Test.LicenseControllerTest"
                name="PostUnitValidation (False,True) row 2"
                time="0.0024601"/>
      <testcase classname="Philips.PIC.WebBridge.Test.LicenseControllerTest"
                name="PostUnitValidation (True,False) row 3"
                time="0.0028267"/>
      <testcase classname="Philips.PIC.WebBridge.Test.LicenseControllerTest"
                name="PostUnitValidation (True,True) row 4"
                time="0.0024798"/>
      <testcase classname="Philips.PMP.Test.Auto.SystemEncryptionInstallMgrTest"
                name="PrimaryServerExistingSaltNoKey (True,True,False) row 1"
                time="0.0053757"/>
      <testcase classname="Philips.PMP.Test.Auto.SystemEncryptionInstallMgrTest"
                name="PrimaryServerExistingSaltNoKey (True,False,True) row 2"
                time="0.0044925"/>
      <testcase classname="Philips.PMP.Test.Auto.SystemEncryptionInstallMgrTest"
                name="PrimaryServerExistingSaltNoKey (True,False,False) row 3"
                time="0.002372"/>
      <testcase classname="Philips.PMP.Test.Auto.SystemEncryptionInstallMgrTest"
                name="PrimaryServerExistingSaltNoKey (False,False,False) row 4"
                time="0.0016771"/>
      <testcase classname="Philips.PMP.Test.Auto.PhysioDataStorageServiceTest"
                name="DiskSpaceErrorStatusMessageContainsExpectedHosts"
                time="0.2674544"/>
      <testcase classname="Philips.CareEvent.Test.SoapInputTests"
                name="ServiceStartStopTest"
                time="0.4493029"/>
      <testcase classname="Philips.PMP.Test.Auto.SolutionSettingsTest"
                name="SolutionSettingsNoAssemblyReferencesToProjects (Microsoft.Build.Evaluation.Project) row 1"
                time="0.0094676"/>
      <testcase classname="Philips.PMP.Test.Auto.SolutionSettingsTest"
                name="SolutionSettingsNoAssemblyReferencesToProjects (Microsoft.Build.Evaluation.Project) row 2"
                time="0.0027272"/>
      <testcase classname="Philips.PMP.Test.Auto.SolutionSettingsTest"
                name="SolutionSettingsNoAssemblyReferencesToProjects (Microsoft.Build.Evaluation.Project) row 3"
                time="0.0025729"/>
      <testcase classname="Philips.PMP.Test.Auto.SolutionSettingsTest"
                name="SolutionSettingsNoAssemblyReferencesToProjects (Microsoft.Build.Evaluation.Project) row 4"
                time="0.002626"/>
      <testcase classname="Philips.PMP.Test.Auto.SolutionSettingsTest"
                name="SolutionSettingsNoAssemblyReferencesToProjects (Microsoft.Build.Evaluation.Project) row 5"
                time="0.0024586"/>
      <testcase classname="Philips.PMP.Test.Auto.SolutionSettingsTest"
                name="SolutionSettingsNoAssemblyReferencesToProjects (Microsoft.Build.Evaluation.Project) row 6"
                time="0.0025175"/>
      <testcase classname="Philips.PMP.Test.Auto.SolutionSettingsTest"
                name="SolutionSettingsNoAssemblyReferencesToProjects (Microsoft.Build.Evaluation.Project) row 7"
                time="0.0024153"/>
      <testcase classname="Philips.PMP.Test.Auto.SolutionSettingsTest"
                name="SolutionSettingsNoAssemblyReferencesToProjects (Microsoft.Build.Evaluation.Project) row 8"
                time="0.0024366"/>
      <testcase classname="Philips.PMP.Test.Auto.SolutionSettingsTest"
                name="SolutionSettingsNoAssemblyReferencesToProjects (Microsoft.Build.Evaluation.Project) row 9"
                time="0.0024086"/>
      <testcase classname="Philips.PMP.Test.Auto.SolutionSettingsTest"
                name="SolutionSettingsNoAssemblyReferencesToProjects (Microsoft.Build.Evaluation.Project) row 10"
                time="0.0025333"/>
      <testcase classname="Philips.PMP.Test.Auto.SolutionSettingsTest"
                name="SolutionSettingsNoAssemblyReferencesToProjects (Microsoft.Build.Evaluation.Project) row 11"
                time="0.0023609"/>
      <testcase classname="Philips.PMP.Test.Auto.SolutionSettingsTest"
                name="SolutionSettingsNoAssemblyReferencesToProjects (Microsoft.Build.Evaluation.Project) row 12"
                time="0.0023724"/>
      <testcase classname="Philips.PMP.Test.Auto.SolutionSettingsTest"
                name="SolutionSettingsNoAssemblyReferencesToProjects (Microsoft.Build.Evaluation.Project) row 13"
                time="0.0023393"/>
      <testcase classname="Philips.PMP.Test.Auto.SolutionSettingsTest"
                name="SolutionSettingsNoAssemblyReferencesToProjects (Microsoft.Build.Evaluation.Project) row 14"
                time="0.002307"/>
      <testcase classname="Philips.PMP.Test.Auto.SolutionSettingsTest"
                name="SolutionSettingsNoAssemblyReferencesToProjects (Microsoft.Build.Evaluation.Project) row 15"
                time="0.0023898"/>
      <testcase classname="Philips.PMP.Test.Auto.SolutionSettingsTest"
                name="SolutionSettingsNoAssemblyReferencesToProjects (Microsoft.Build.Evaluation.Project) row 16"
                time="0.0023645"/>
      <testcase classname="Philips.PMP.Test.Auto.SolutionSettingsTest"
                name="SolutionSettingsNoAssemblyReferencesToProjects (Microsoft.Build.Evaluation.Project) row 17"
                time="0.0024299"/>
      <testcase classname="Philips.PMP.Test.Auto.SolutionSettingsTest"
                name="SolutionSettingsNoAssemblyReferencesToProjects (Microsoft.Build.Evaluation.Project) row 18"
                time="0.0024263"/>
      <testcase classname="Philips.PMP.Test.Auto.SolutionSettingsTest"
                name="SolutionSettingsNoAssemblyReferencesToProjects (Microsoft.Build.Evaluation.Project) row 19"
                time="0.0023393"/>
      <testcase classname="Philips.PMP.Test.Auto.SolutionSettingsTest"
                name="SolutionSettingsNoAssemblyReferencesToProjects (Microsoft.Build.Evaluation.Project) row 20"
                time="0.0023342"/>
      <testcase classname="Philips.PMP.Test.Auto.SolutionSettingsTest"
                name="SolutionSettingsNoAssemblyReferencesToProjects (Microsoft.Build.Evaluation.Project) row 21"
                time="0.0023905"/>
      <testcase classname="Philips.PMP.Test.Auto.SolutionSettingsTest"
                name="SolutionSettingsNoAssemblyReferencesToProjects (Microsoft.Build.Evaluation.Project) row 22"
                time="0.0023688"/>
      <testcase classname="Philips.PMP.Test.Auto.SolutionSettingsTest"
                name="SolutionSettingsNoAssemblyReferencesToProjects (Microsoft.Build.Evaluation.Project) row 23"
                time="0.0023762"/>
      <testcase classname="Philips.PMP.Test.Auto.SolutionSettingsTest"
                name="SolutionSettingsNoAssemblyReferencesToProjects (Microsoft.Build.Evaluation.Project) row 24"
                time="0.0023239"/>
      <testcase classname="Philips.PMP.Test.Auto.SolutionSettingsTest"
                name="SolutionSettingsNoAssemblyReferencesToProjects (Microsoft.Build.Evaluation.Project) row 25"
                time="0.0022864"/>
      <testcase classname="Philips.PMP.Test.Auto.SolutionSettingsTest"
                name="SolutionSettingsNoAssemblyReferencesToProjects (Microsoft.Build.Evaluation.Project) row 26"
                time="0.0023199"/>
      <testcase classname="Philips.PMP.Test.Auto.SolutionSettingsTest"
                name="SolutionSettingsNoAssemblyReferencesToProjects (Microsoft.Build.Evaluation.Project) row 27"
                time="0.0023697"/>
      <testcase classname="Philips.PMP.Test.Auto.SolutionSettingsTest"
                name="SolutionSettingsNoAssemblyReferencesToProjects (Microsoft.Build.Evaluation.Project) row 28"
                time="0.0023284"/>
      <testcase classname="Philips.PMP.Test.Auto.SolutionSettingsTest"
                name="SolutionSettingsNoAssemblyReferencesToProjects (Microsoft.Build.Evaluation.Project) row 29"
                time="0.002368"/>
      <testcase classname="Philips.PMP.Test.Auto.SolutionSettingsTest"
                name="SolutionSettingsNoAssemblyReferencesToProjects (Microsoft.Build.Evaluation.Project) row 30"
                time="0.0026293"/>
      <testcase classname="Philips.PMP.Test.Auto.SolutionSettingsTest"
                name="SolutionSettingsNoAssemblyReferencesToProjects (Microsoft.Build.Evaluation.Project) row 31"
                time="0.0027433"/>
      <testcase classname="Philips.PMP.Test.Auto.SolutionSettingsTest"
                name="SolutionSettingsNoAssemblyReferencesToProjects (Microsoft.Build.Evaluation.Project) row 32"
                time="0.0026467"/>
      <testcase classname="Philips.PMP.Test.Auto.SolutionSettingsTest"
                name="SolutionSettingsNoAssemblyReferencesToProjects (Microsoft.Build.Evaluation.Project) row 33"
                time="0.0024913"/>
      <testcase classname="Philips.PMP.Test.Auto.SolutionSettingsTest"
                name="SolutionSettingsNoAssemblyReferencesToProjects (Microsoft.Build.Evaluation.Project) row 34"
                time="0.0025462"/>
      <testcase classname="Philips.PMP.Test.Auto.SolutionSettingsTest"
                name="SolutionSettingsNoAssemblyReferencesToProjects (Microsoft.Build.Evaluation.Project) row 35"
                time="0.0024184"/>
      <testcase classname="Philips.PMP.Test.Auto.SolutionSettingsTest"
                name="SolutionSettingsNoAssemblyReferencesToProjects (Microsoft.Build.Evaluation.Project) row 36"
                time="0.0024402"/>
      <testcase classname="Philips.PMP.Test.Auto.SolutionSettingsTest"
                name="SolutionSettingsNoAssemblyReferencesToProjects (Microsoft.Build.Evaluation.Project) row 37"
                time="0.0023472"/>
      <testcase classname="Philips.PMP.Test.Auto.SolutionSettingsTest"
                name="SolutionSettingsNoAssemblyReferencesToProjects (Microsoft.Build.Evaluation.Project) row 38"
                time="0.0023487"/>
      <testcase classname="Philips.PMP.Test.Auto.SolutionSettingsTest"
                name="SolutionSettingsNoAssemblyReferencesToProjects (Microsoft.Build.Evaluation.Project) row 39"
                time="0.0025913"/>
      <testcase classname="Philips.PMP.Test.Auto.SolutionSettingsTest"
                name="SolutionSettingsNoAssemblyReferencesToProjects (Microsoft.Build.Evaluation.Project) row 40"
                time="0.0024857"/>
      <testcase classname="Philips.PMP.Test.Auto.SolutionSettingsTest"
                name="SolutionSettingsNoAssemblyReferencesToProjects (Microsoft.Build.Evaluation.Project) row 41"
                time="0.0024482"/>
      <testcase classname="Philips.PMP.Test.Auto.SolutionSettingsTest"
                name="SolutionSettingsNoAssemblyReferencesToProjects (Microsoft.Build.Evaluation.Project) row 42"
                time="0.0024132"/>
      <testcase classname="Philips.PMP.Test.Auto.SolutionSettingsTest"
                name="SolutionSettingsNoAssemblyReferencesToProjects (Microsoft.Build.Evaluation.Project) row 43"
                time="0.0024003"/>
      <testcase classname="Philips.PMP.Test.Auto.SolutionSettingsTest"
                name="SolutionSettingsNoAssemblyReferencesToProjects (Microsoft.Build.Evaluation.Project) row 44"
                time="0.0024068"/>
      <testcase classname="Philips.PMP.Test.Auto.SolutionSettingsTest"
                name="SolutionSettingsNoAssemblyReferencesToProjects (Microsoft.Build.Evaluation.Project) row 45"
                time="0.0024285"/>
      <testcase classname="Philips.PMP.Test.Auto.SolutionSettingsTest"
                name="SolutionSettingsNoAssemblyReferencesToProjects (Microsoft.Build.Evaluation.Project) row 46"
                time="0.0024423"/>
      <testcase classname="Philips.PMP.Test.Auto.SolutionSettingsTest"
                name="SolutionSettingsNoAssemblyReferencesToProjects (Microsoft.Build.Evaluation.Project) row 47"
                time="0.0024113"/>
      <testcase classname="Philips.PMP.Test.Auto.SolutionSettingsTest"
                name="SolutionSettingsNoAssemblyReferencesToProjects (Microsoft.Build.Evaluation.Project) row 48"
                time="0.0023922"/>
      <testcase classname="Philips.PMP.Test.Auto.SolutionSettingsTest"
                name="SolutionSettingsNoAssemblyReferencesToProjects (Microsoft.Build.Evaluation.Project) row 49"
                time="0.0024611"/>
      <testcase classname="Philips.PMP.Test.Auto.SolutionSettingsTest"
                name="SolutionSettingsNoAssemblyReferencesToProjects (Microsoft.Build.Evaluation.Project) row 50"
                time="0.0024548"/>
      <testcase classname="Philips.PMP.Test.Auto.SolutionSettingsTest"
                name="SolutionSettingsNoAssemblyReferencesToProjects (Microsoft.Build.Evaluation.Project) row 51"
                time="0.0024957"/>
      <testcase classname="Philips.PMP.Test.Auto.SolutionSettingsTest"
                name="SolutionSettingsNoAssemblyReferencesToProjects (Microsoft.Build.Evaluation.Project) row 52"
                time="0.0024647"/>
      <testcase classname="Philips.PMP.Test.Auto.SolutionSettingsTest"
                name="SolutionSettingsNoAssemblyReferencesToProjects (Microsoft.Build.Evaluation.Project) row 53"
                time="0.0024368"/>
      <testcase classname="Philips.PMP.Test.Auto.SolutionSettingsTest"
                name="SolutionSettingsNoAssemblyReferencesToProjects (Microsoft.Build.Evaluation.Project) row 54"
                time="0.0023934"/>
      <testcase classname="Philips.PMP.Test.Auto.SolutionSettingsTest"
                name="SolutionSettingsNoAssemblyReferencesToProjects (Microsoft.Build.Evaluation.Project) row 55"
                time="0.0023606"/>
      <testcase classname="Philips.PMP.Test.Auto.SolutionSettingsTest"
                name="SolutionSettingsNoAssemblyReferencesToProjects (Microsoft.Build.Evaluation.Project) row 56"
                time="0.0024584"/>
      <testcase classname="Philips.PMP.Test.Auto.SolutionSettingsTest"
                name="SolutionSettingsNoAssemblyReferencesToProjects (Microsoft.Build.Evaluation.Project) row 57"
                time="0.002422"/>
      <testcase classname="Philips.PMP.Test.Auto.SolutionSettingsTest"
                name="SolutionSettingsNoAssemblyReferencesToProjects (Microsoft.Build.Evaluation.Project) row 58"
                time="0.002447"/>
      <testcase classname="Philips.PMP.Test.Auto.SolutionSettingsTest"
                name="SolutionSettingsNoAssemblyReferencesToProjects (Microsoft.Build.Evaluation.Project) row 59"
                time="0.002423"/>
      <testcase classname="Philips.PMP.Test.Auto.SolutionSettingsTest"
                name="SolutionSettingsNoAssemblyReferencesToProjects (Microsoft.Build.Evaluation.Project) row 60"
                time="0.002393"/>
      <testcase classname="Philips.PMP.Test.Auto.SolutionSettingsTest"
                name="SolutionSettingsNoAssemblyReferencesToProjects (Microsoft.Build.Evaluation.Project) row 61"
                time="0.0023014"/>
      <testcase classname="Philips.PMP.Test.Auto.SolutionSettingsTest"
                name="SolutionSettingsNoAssemblyReferencesToProjects (Microsoft.Build.Evaluation.Project) row 62"
                time="0.0024458"/>
      <testcase classname="Philips.PMP.Test.Auto.SolutionSettingsTest"
                name="SolutionSettingsNoAssemblyReferencesToProjects (Microsoft.Build.Evaluation.Project) row 63"
                time="0.0023972"/>
      <testcase classname="Philips.PMP.Test.Auto.SolutionSettingsTest"
                name="SolutionSettingsNoAssemblyReferencesToProjects (Microsoft.Build.Evaluation.Project) row 64"
                time="0.0024184"/>
      <testcase classname="Philips.PMP.Test.Auto.SolutionSettingsTest"
                name="SolutionSettingsNoAssemblyReferencesToProjects (Microsoft.Build.Evaluation.Project) row 65"
                time="0.0024804"/>
      <testcase classname="Philips.PMP.Test.Auto.SolutionSettingsTest"
                name="SolutionSettingsNoAssemblyReferencesToProjects (Microsoft.Build.Evaluation.Project) row 66"
                time="0.0023866"/>
      <testcase classname="Philips.PMP.Test.Auto.SolutionSettingsTest"
                name="SolutionSettingsNoAssemblyReferencesToProjects (Microsoft.Build.Evaluation.Project) row 67"
                time="0.0022935"/>
      <testcase classname="Philips.PMP.Test.Auto.SolutionSettingsTest"
                name="SolutionSettingsNoAssemblyReferencesToProjects (Microsoft.Build.Evaluation.Project) row 68"
                time="0.0043191"/>
      <testcase classname="Philips.PMP.Test.Auto.SolutionSettingsTest"
                name="SolutionSettingsNoAssemblyReferencesToProjects (Microsoft.Build.Evaluation.Project) row 69"
                time="0.002541"/>
      <testcase classname="Philips.PMP.Test.Auto.SolutionSettingsTest"
                name="SolutionSettingsNoAssemblyReferencesToProjects (Microsoft.Build.Evaluation.Project) row 70"
                time="0.002507"/>
      <testcase classname="Philips.PMP.Test.Auto.SolutionSettingsTest"
                name="SolutionSettingsNoAssemblyReferencesToProjects (Microsoft.Build.Evaluation.Project) row 71"
                time="0.0024466"/>
      <testcase classname="Philips.PMP.Test.Auto.SolutionSettingsTest"
                name="SolutionSettingsNoAssemblyReferencesToProjects (Microsoft.Build.Evaluation.Project) row 72"
                time="0.0024393"/>
      <testcase classname="Philips.PMP.Test.Auto.SolutionSettingsTest"
                name="SolutionSettingsNoAssemblyReferencesToProjects (Microsoft.Build.Evaluation.Project) row 73"
                time="0.0023793"/>
      <testcase classname="Philips.PMP.Test.Auto.SolutionSettingsTest"
                name="SolutionSettingsNoAssemblyReferencesToProjects (Microsoft.Build.Evaluation.Project) row 74"
                time="0.0024284"/>
      <testcase classname="Philips.PMP.Test.Auto.SolutionSettingsTest"
                name="SolutionSettingsNoAssemblyReferencesToProjects (Microsoft.Build.Evaluation.Project) row 75"
                time="0.0024271"/>
      <testcase classname="Philips.PMP.Test.Auto.SolutionSettingsTest"
                name="SolutionSettingsNoAssemblyReferencesToProjects (Microsoft.Build.Evaluation.Project) row 76"
                time="0.002427"/>
      <testcase classname="Philips.PMP.Test.Auto.SolutionSettingsTest"
                name="SolutionSettingsNoAssemblyReferencesToProjects (Microsoft.Build.Evaluation.Project) row 77"
                time="0.0024217"/>
      <testcase classname="Philips.PMP.Test.Auto.SolutionSettingsTest"
                name="SolutionSettingsNoAssemblyReferencesToProjects (Microsoft.Build.Evaluation.Project) row 78"
                time="0.0023912"/>
      <testcase classname="Philips.PMP.Test.Auto.SolutionSettingsTest"
                name="SolutionSettingsNoAssemblyReferencesToProjects (Microsoft.Build.Evaluation.Project) row 79"
                time="0.0023583"/>
      <testcase classname="Philips.PMP.Test.Auto.SolutionSettingsTest"
                name="SolutionSettingsNoAssemblyReferencesToProjects (Microsoft.Build.Evaluation.Project) row 80"
                time="0.0023769"/>
      <testcase classname="Philips.PMP.Test.Auto.SolutionSettingsTest"
                name="SolutionSettingsNoAssemblyReferencesToProjects (Microsoft.Build.Evaluation.Project) row 81"
                time="0.0027292"/>
      <testcase classname="Philips.PMP.Test.Auto.SolutionSettingsTest"
                name="SolutionSettingsNoAssemblyReferencesToProjects (Microsoft.Build.Evaluation.Project) row 82"
                time="0.0025213"/>
      <testcase classname="Philips.PMP.Test.Auto.SolutionSettingsTest"
                name="SolutionSettingsNoAssemblyReferencesToProjects (Microsoft.Build.Evaluation.Project) row 83"
                time="0.0024101"/>
      <testcase classname="Philips.PMP.Test.Auto.SolutionSettingsTest"
                name="SolutionSettingsNoAssemblyReferencesToProjects (Microsoft.Build.Evaluation.Project) row 84"
                time="0.0023979"/>
      <testcase classname="Philips.PMP.Test.Auto.SolutionSettingsTest"
                name="SolutionSettingsNoAssemblyReferencesToProjects (Microsoft.Build.Evaluation.Project) row 85"
                time="0.0023685"/>
      <testcase classname="Philips.PMP.Test.Auto.SolutionSettingsTest"
                name="SolutionSettingsNoAssemblyReferencesToProjects (Microsoft.Build.Evaluation.Project) row 86"
                time="0.0024406"/>
      <testcase classname="Philips.PMP.Test.Auto.SolutionSettingsTest"
                name="SolutionSettingsNoAssemblyReferencesToProjects (Microsoft.Build.Evaluation.Project) row 87"
                time="0.0023222"/>
      <testcase classname="Philips.PMP.Test.Auto.SolutionSettingsTest"
                name="SolutionSettingsNoAssemblyReferencesToProjects (Microsoft.Build.Evaluation.Project) row 88"
                time="0.0024338"/>
      <testcase classname="Philips.PMP.Test.Auto.SolutionSettingsTest"
                name="SolutionSettingsNoAssemblyReferencesToProjects (Microsoft.Build.Evaluation.Project) row 89"
                time="0.0023796"/>
      <testcase classname="Philips.PMP.Test.Auto.SolutionSettingsTest"
                name="SolutionSettingsNoAssemblyReferencesToProjects (Microsoft.Build.Evaluation.Project) row 90"
                time="0.0023764"/>
      <testcase classname="Philips.PMP.Test.Auto.SolutionSettingsTest"
                name="SolutionSettingsNoAssemblyReferencesToProjects (Microsoft.Build.Evaluation.Project) row 91"
                time="0.0022809"/>
      <testcase classname="Philips.PMP.Test.Auto.SolutionSettingsTest"
                name="SolutionSettingsNoAssemblyReferencesToProjects (Microsoft.Build.Evaluation.Project) row 92"
                time="0.002399"/>
      <testcase classname="Philips.PMP.Test.Auto.SolutionSettingsTest"
                name="SolutionSettingsNoAssemblyReferencesToProjects (Microsoft.Build.Evaluation.Project) row 93"
                time="0.0023968"/>
      <testcase classname="Philips.PMP.Test.Auto.SolutionSettingsTest"
                name="SolutionSettingsNoAssemblyReferencesToProjects (Microsoft.Build.Evaluation.Project) row 94"
                time="0.0024688"/>
      <testcase classname="Philips.PMP.Test.Auto.SolutionSettingsTest"
                name="SolutionSettingsNoAssemblyReferencesToProjects (Microsoft.Build.Evaluation.Project) row 95"
                time="0.0023897"/>
      <testcase classname="Philips.iX.InboundDataBridge.Test.PhysioDataInboundMgrTest"
                name="StartStopServerTest"
                time="0.5322376"/>
      <testcase classname="Philips.PMP.Test.Auto.DeviceServiceTest"
                name="DeviceServiceUpdateDaNonSecureChannelTest (False,False,False,True) row 1"
                time="0.0564759"/>
      <testcase classname="Philips.PMP.Test.Auto.DeviceServiceTest"
                name="DeviceServiceUpdateDaNonSecureChannelTest (True,False,False,True) row 2"
                time="0.009284"/>
      <testcase classname="Philips.PMP.Test.Auto.DeviceServiceTest"
                name="DeviceServiceUpdateDaNonSecureChannelTest (True,True,True,True) row 3"
                time="0.0074444"/>
      <testcase classname="Philips.PMP.Test.Auto.DeviceServiceTest"
                name="DeviceServiceUpdateDaNonSecureChannelTest (True,True,False,False) row 4"
                time="0.0076593"/>
      <testcase classname="Philips.PMP.Test.Auto.WaveFileMgrTest"
                name="PdxLeftTrimWaveUpdatesInvalidSamples"
                time="0.0010163"/>
      <testcase classname="Philips.PMP.Test.Auto.AutoAdtConfigControlTest"
                name="UpdateUiTest (True,True,True,True,True) row 1"
                time="0.0189636"/>
      <testcase classname="Philips.PMP.Test.Auto.AutoAdtConfigControlTest"
                name="UpdateUiTest (True,True,False,False,False) row 2"
                time="0.0112721"/>
      <testcase classname="Philips.PMP.Test.Auto.AutoAdtConfigControlTest"
                name="UpdateUiTest (False,False,False,False,False) row 3"
                time="0.0114791"/>
      <testcase classname="Philips.PMP.Test.Auto.AutoAdtConfigControlTest"
                name="UpdateUiTest (True,False,False,False,False) row 4"
                time="0.0113933"/>
      <testcase classname="Philips.PMP.Test.Auto.AutoAdtConfigControlTest"
                name="UpdateUiTest (True,True,True,False,False) row 5"
                time="0.0159198"/>
      <testcase classname="Philips.PMP.Test.Auto.AutoAdtConfigControlTest"
                name="UpdateUiTest (True,True,False,False,False) row 6"
                time="0.0113428"/>
      <testcase classname="Philips.PMP.Test.Auto.AutoAdtConfigControlTest"
                name="UpdateUiTest (True,True,True,False,False) row 7"
                time="0.0112746"/>
      <testcase classname="Philips.PMP.Test.Auto.WindowsCrashDumpQualifierTest"
                name="WindowsCrashDumpQualifierVerifiesSystemDumpSettings (True,True,True,True,True) row 1"
                time="0.0438217"/>
      <testcase classname="Philips.PMP.Test.Auto.WindowsCrashDumpQualifierTest"
                name="WindowsCrashDumpQualifierVerifiesSystemDumpSettings (True,False,True,True,True) row 2"
                time="0.0075895"/>
      <testcase classname="Philips.PMP.Test.Auto.WindowsCrashDumpQualifierTest"
                name="WindowsCrashDumpQualifierVerifiesSystemDumpSettings (True,True,False,True,True) row 3"
                time="0.004657"/>
      <testcase classname="Philips.PMP.Test.Auto.WindowsCrashDumpQualifierTest"
                name="WindowsCrashDumpQualifierVerifiesSystemDumpSettings (True,True,True,False,True) row 4"
                time="0.0043508"/>
      <testcase classname="Philips.PMP.Test.Auto.WindowsCrashDumpQualifierTest"
                name="WindowsCrashDumpQualifierVerifiesSystemDumpSettings (True,True,True,True,False) row 5"
                time="0.0044506"/>
      <testcase classname="Philips.PMP.Test.Auto.PhysioDataDisplayHelperTest"
                name="PhysioDataDisplayHelperGetEnumerationValueStringFromTextId (enum_obj_id_val_chosen,147474,Sinus Rhythm) row 1"
                time="0.0021005"/>
      <testcase classname="Philips.PMP.Test.Auto.PhysioDataDisplayHelperTest"
                name="PhysioDataDisplayHelperGetEnumerationValueStringFromTextId (enum_text_id_val_chosen,4026724361,Pain) row 2"
                time="0.0009329"/>
      <testcase classname="Philips.PMP.Test.Auto.ServiceProviderTest"
                name="ObsoleteServiceTableTest (Philips.PMP.DbEngineHost.exe,2) row 1"
                time="0.0177457"/>
      <testcase classname="Philips.PMP.Test.Auto.ServiceProviderTest"
                name="ObsoleteServiceTableTest (Philips.PMP.WatchdogHost.exe,2) row 2"
                time="0.0032551"/>
      <testcase classname="Philips.PMP.Test.Auto.ServiceProviderTest"
                name="ObsoleteServiceTableTest (Philips.PMP.ServiceHostCore.exe,11) row 3"
                time="0.0028897"/>
      <testcase classname="Philips.PMP.Test.Auto.ServiceProviderTest"
                name="ObsoleteServiceTableTest (Philips.PMP.ServiceHost.exe,44) row 4"
                time="0.0031629"/>
      <testcase classname="Philips.PMP.Test.Auto.ServiceProviderTest"
                name="ObsoleteServiceTableTest (Philips.PIC.SharedAssignmentHost.exe,1) row 5"
                time="0.0027868"/>
      <testcase classname="Philips.PMP.Test.Auto.ServiceProviderTest"
                name="ObsoleteServiceTableTest (Philips.iX.DataBridgeHost.exe,0) row 6"
                time="0.0027574"/>
      <testcase classname="Philips.PMP.Test.Auto.ClinicalNotificationAutoAcknowledgerTest"
                name="ResolvedNotificationsShouldBeEnded"
                time="0.0039489"/>
      <testcase classname="Philips.PMP.Test.Auto.NumericProviderTest"
                name="NumericProviderNumericGetByLabelTextId"
                time="0.3583178"/>
      <testcase classname="Philips.PIC.SharedAssignment.Test.SharedAssignmentDataConsistencyCheckerTests"
                name="BedRuleViolationWithDb"
                time="0.0041535"/>
      <testcase classname="Philips.PMP.Test.Auto.DataTileHelperTest"
                name="DataTileHelperGetPrettyDurationTest"
                time="0.005771"/>
      <testcase classname="Philips.CareEvent.Test.MobileStaffAssignmentMgrTests"
                name="MobileStaffAssignmentUnitRoles"
                time="0.2001219"/>
      <testcase classname="Philips.PMP.Test.Auto.PpisMgrTest"
                name="PpisMgrProcessHisPatientTest (True,False,False,My Institution,False,0,0) row 1"
                time="0.0239031"/>
      <testcase classname="Philips.PMP.Test.Auto.PpisMgrTest"
                name="PpisMgrProcessHisPatientTest (False,False,False,My Institution,False,0,0) row 2"
                time="0.0050853"/>
      <testcase classname="Philips.PMP.Test.Auto.PpisMgrTest"
                name="PpisMgrProcessHisPatientTest (False,False,True,My Institution,False,1,0) row 3"
                time="0.0058264"/>
      <testcase classname="Philips.PMP.Test.Auto.PpisMgrTest"
                name="PpisMgrProcessHisPatientTest (False,False,True,My Institution,True,1,0) row 4"
                time="0.0050032"/>
      <testcase classname="Philips.PMP.Test.Auto.PpisMgrTest"
                name="PpisMgrProcessHisPatientTest (False,True,True,other,False,1,0) row 5"
                time="0.0164138"/>
      <testcase classname="Philips.PMP.Test.Auto.PpisMgrTest"
                name="PpisMgrProcessHisPatientTest (False,True,True,My Institution,False,1,0) row 6"
                time="0.0066647"/>
      <testcase classname="Philips.PMP.Test.Auto.PpisMgrTest"
                name="PpisMgrProcessHisPatientTest (False,True,True,,False,1,0) row 7"
                time="0.0052376"/>
      <testcase classname="Philips.PMP.Test.Auto.PpisMgrTest"
                name="PpisMgrProcessHisPatientTest (False,True,True,My Institution,True,0,1) row 8"
                time="0.0059847"/>
      <testcase classname="Philips.PMP.Test.Auto.TimeWaveBaselineProviderTest"
                name="TimeWaveBaselineOneSt"
                time="0.100593"/>
      <testcase classname="Philips.PMP.Test.Auto.Hl7MessageBuilderTest"
                name="Hl7CreateNumericMessageNotOkToProcessTest"
                time="0.000869"/>
      <testcase classname="Philips.PMP.Test.Auto.AlertMgrTest"
                name="AlertMgrCreatesNewPatientObjectReferenceForControlServiceCalls"
                time="0.3954452"/>
      <testcase classname="Philips.PMP.Test.Auto.ExportPhysioDataControlTest"
                name="ExportPhysioDataControlGetPhysioDataExportFilePath (Ecg12LeadCapture,C:\I1_Unit1_Bed1_3_26_2019_09_49_13.xml) row 1"
                time="0.0813027"/>
      <testcase classname="Philips.PMP.Test.Auto.ExportPhysioDataControlTest"
                name="ExportPhysioDataControlGetPhysioDataExportFilePath (PhysioData,C:\I1_Unit1_Bed1_3_1_2019_12_00_00_AM_3_1_2019_8_00_00_AM.ppd) row 2"
                time="0.0742867"/>
      <testcase classname="Philips.iX.DataBridge.Common.Test.DataBridgeHttpClientTest"
                name="FactoryChecksTargetUri (http://localhost:1235/,/api/test) row 1"
                time="0.2258611"/>
      <testcase classname="Philips.iX.DataBridge.Common.Test.DataBridgeHttpClientTest"
                name="FactoryChecksTargetUri (,) row 2"
                time="0.0022654"/>
      <testcase classname="Philips.PMP.Test.Auto.ConnectionStatusMessageMgrTest"
                name="ConnectionStatusUiTest"
                time="0.005192"/>
      <testcase classname="Philips.PMP.Test.Auto.BedAssignmentProviderTest"
                name="AssignmentCountByUnitTest"
                time="0.2697628"/>
      <testcase classname="Philips.PMP.Test.Auto.WebQualifierTest"
                name="SuccesssOnUnlicensedHost"
                time="0.0048186"/>
      <testcase classname="Philips.PMP.Test.Auto.SectorControlTest"
                name="SectorControlTileDataCountCheck (True) row 1"
                time="0.0319514"/>
      <testcase classname="Philips.PMP.Test.Auto.SectorControlTest"
                name="SectorControlTileDataCountCheck (False) row 2"
                time="0.0331643"/>
      <testcase classname="Philips.PMP.Test.Auto.IheGatewayNotificationServiceTest"
                name="IheGatewayNotificationServiceStartStop"
                time="0.3089901"/>
      <testcase classname="Philips.CareEvent.Test.EventManagementProviderTests"
                name="MobileDeviceLevelAndPrefixTest"
                time="0.0032188"/>
      <testcase classname="Philips.PMP.Test.Auto.UnitSettingsTest"
                name="WriteXmlTest"
                time="0.5092472"/>
      <testcase classname="Philips.PMP.Test.Auto.LimitCounterTest"
                name="LimitCounterResetRestartsCounter"
                time="0.0006821"/>
      <testcase classname="Philips.PMP.Test.Auto.PerformanceAreaGridControlTest"
                name="PerformanceAreaGridControlAnalyzeCannotBeCanceled"
                time="0.1733222"/>
      <testcase classname="Philips.PMP.Test.Auto.WaveProviderTest"
                name="WaveLabelTextIds3"
                time="0.0299379"/>
      <testcase classname="Philips.CareEvent.Test.EventWorkflowServiceMgrTests"
                name="UpdatePartitionsReturnsFalseOnNoNotificationserverTest"
                time="0.0902695"/>
      <testcase classname="Philips.PMP.Test.Auto.ActiveDirectorySyncScheduleTest"
                name="ActiveDirectorySyncScheduleCreateWithSchedule"
                time="0.0008643"/>
      <testcase classname="Philips.PMP.Test.Auto.Hl7ValidatedDataConnectionMgrTest"
                name="Hl7ValidatedDataMgrProcessTimerSendsValidatedData"
                time="0.0116373"/>
      <testcase classname="Philips.PMP.Test.Auto.PatientProviderTest"
                name="GetPhysioHistoryTest"
                time="0.5157757"/>
      <testcase classname="Philips.PMP.Test.Auto.TopologyHelperTest"
                name="GenerateLabelsTest"
                time="0.0006353"/>
      <testcase classname="Philips.CareEvent.Test.EventInitializerTests"
                name="ReturnCategoryNotEnabledWhenFilterOff (True,Navicare Nurse Call (NNC)) row 1"
                time="0.0246077"/>
      <testcase classname="Philips.CareEvent.Test.EventInitializerTests"
                name="ReturnCategoryNotEnabledWhenFilterOff (False,Navicare Nurse Call (NNC)) row 2"
                time="0.0046803"/>
      <testcase classname="Philips.CareEvent.Test.EventInitializerTests"
                name="ReturnCategoryNotEnabledWhenFilterOff (False,Philips Patient Monitoring) row 3"
                time="0.0047141"/>
      <testcase classname="Philips.PMP.Test.Auto.DataTileHelperTest"
                name="DataTileHelperGetTimeFromPosXTest"
                time="0.0061329"/>
      <testcase classname="Philips.PMP.Test.Auto.ExportLogsHelperTest"
                name="ExportLogsHelperDoesntGenerateEmptyAuditFileExports"
                time="0.0273701"/>
      <testcase classname="Philips.PMP.Test.Auto.SystemPerformanceTest"
                name="DeleteCategory2ConfigB"
                time="0.7248815"/>
      <testcase classname="Philips.PMP.Test.Auto.EcgSqiHelperTest"
                name="ComputeWeightedSqiSumValidSequenceTest"
                time="0.0011281"/>
      <testcase classname="Philips.RootMain.Test.CertificateInstallMgrTest"
                name="CanAttachPrivateKeysToCertificates (True) row 1"
                time="0.9716463"/>
      <testcase classname="Philips.RootMain.Test.CertificateInstallMgrTest"
                name="CanAttachPrivateKeysToCertificates (False) row 2"
                time="0.4894114"/>
      <testcase classname="Philips.CareEvent.Test.MobileStaffAssignmentMgrTests"
                name="StoreMobileStaffAssignmentIfMaxCaregiverViolatedThenFail"
                time="0.0763609"/>
      <testcase classname="Philips.PMP.Test.Auto.DisplayControllerTest"
                name="ApplicationWindowDisabledTest"
                time="0.0014816"/>
      <testcase classname="Philips.PMP.Test.Auto.AcknowledgeAlarmsResponseTest"
                name="ParseAcknowledgeResponseInfoObjects"
                time="0.0021711"/>
      <testcase classname="Philips.PMP.Test.Auto.EventCatalogProviderTest"
                name="StoreEventCatalogWithAssignedEventAddToExistingCategory"
                time="1.990422"/>
      <testcase classname="Philips.PMP.Test.Auto.ApmStatusMessageListenerTest"
                name="ApmStatusMessageListenerFiltersRedundantMessages"
                time="0.0046076"/>
      <testcase classname="Philips.PMP.Test.Auto.PriorDataTest"
                name="PriorDataGetRetrospectiveDataTest"
                time="1.2829409"/>
      <testcase classname="Philips.PMP.Test.Auto.RemoteDataServiceMgrTest"
                name="PluggableSectorControlChangePatientTest (True,False) row 1"
                time="0.0351977"/>
      <testcase classname="Philips.PMP.Test.Auto.RemoteDataServiceMgrTest"
                name="PluggableSectorControlChangePatientTest (False,False) row 2"
                time="0.0387925"/>
      <testcase classname="Philips.PMP.Test.Auto.RemoteDataServiceMgrTest"
                name="PluggableSectorControlChangePatientTest (False,True) row 3"
                time="0.0336984"/>
      <testcase classname="Philips.CareEvent.Test.AuthenticationRequestProcessorTests"
                name="AuthenticationRequestProcessorIntegration"
                time="0.7715878"/>
      <testcase classname="Philips.PMP.Test.Auto.AlertStatusInfoTest"
                name="AlertStatusInfoDeepCopyTest"
                time="0.0116906"/>
      <testcase classname="Philips.PMP.Test.Auto.BBraunStateMachineTest"
                name="CheckforTCPClientRestart"
                time="6.0099152"/>
      <testcase classname="Philips.PMP.Test.Auto.RepositoryTest"
                name="RepositoryCheckUsedTimeMappings"
                time="0.0009792"/>
      <testcase classname="Philips.PMP.Test.Auto.MobileDataHelperTest"
                name="WillConvertMobileDataIntervalTest"
                time="0.0036362"/>
      <testcase classname="Philips.PMP.Test.Auto.ApmStatusMessageListenerTest"
                name="ApmStatusMessageListenerStartsAndStopsSubscriber"
                time="0.0827005"/>
      <testcase classname="Philips.PIC.WebBridge.Test.HubClientConnectionTest"
                name="HubConnectionMgrWillUpdatePhysioDataConfigForAConnectionId"
                time="0.0017793"/>
      <testcase classname="Philips.PIC.DataAcquisition.Test.MonitoringDeviceCommunicatorTest"
                name="MonitoringDeviceCommunicatorDisconnectsOnMessageFailures"
                time="0.0028657"/>
      <testcase classname="Philips.PMP.Test.Auto.PriorityCatalogProviderTest"
                name="PriorityCopyProfile"
                time="0.1857146"/>
      <testcase classname="Philips.PMP.Test.Auto.TopologyHelperTest"
                name="GetPatientSelectionUnitsTest"
                time="1.1036032"/>
      <testcase classname="Philips.PMP.Test.Auto.WatchdogCommandsTest"
                name="WatchdogRestartCommandFunctionality"
                time="0.0035352"/>
      <testcase classname="Philips.PMP.Test.Auto.PatientDemographicChoiceFieldsValuesGeneratorTest"
                name="PatientDemographicChoiceFieldsValuesGeneratorGetPatientGenderValues"
                time="0.0054663"/>
      <testcase classname="Philips.PMP.Test.Auto.ConflictResolutionControlTest"
                name="ConflictResolutionControlGetColumnWidth (1) row 1"
                time="0.0211084"/>
      <testcase classname="Philips.PMP.Test.Auto.ConflictResolutionControlTest"
                name="ConflictResolutionControlGetColumnWidth (2) row 2"
                time="0.0362244"/>
      <testcase classname="Philips.PMP.Test.Auto.ConflictResolutionControlTest"
                name="ConflictResolutionControlGetColumnWidth (3) row 3"
                time="0.0421448"/>
      <testcase classname="Philips.PMP.Test.Auto.ConflictResolutionControlTest"
                name="ConflictResolutionControlGetColumnWidth (4) row 4"
                time="0.0169881"/>
      <testcase classname="Philips.PMP.Test.Auto.NetworkAlertMgrTest"
                name="NetworkAlertMgrOnWmtsAlertsAcknowledgedTest"
                time="0.0267959"/>
      <testcase classname="Philips.PMP.Test.Auto.PatientProviderTest"
                name="PatientPurgeTest"
                time="0.6537079"/>
      <testcase classname="Philips.CareEvent.Test.CareTouchCommunicatorTests"
                name="ProcessSettingsRequestVerifyUpdateDeviceExecution"
                time="0.0077215"/>
      <testcase classname="Philips.PMP.Test.Auto.ControlServiceHelperTest"
                name="ControlServiceHelperLoadBisEegWaveBluePrintTest"
                time="0.0045794"/>
      <testcase classname="Philips.iX.InboundDataBridge.Test.PhysioDataInboundMgrTest"
                name="PhysioDataInboundMgrUsesFqdn (True) row 1"
                time="0.0091952"/>
      <testcase classname="Philips.iX.InboundDataBridge.Test.PhysioDataInboundMgrTest"
                name="PhysioDataInboundMgrUsesFqdn (False) row 2"
                time="0.0026887"/>
      <testcase classname="Philips.PMP.Test.Auto.AlertNotificationHelperTest"
                name="PopulateEventDetailsWithAlertInfo (REM: *** Alarm,*** Alarm,True,SilencedReminder) row 1"
                time="0.0148473"/>
      <testcase classname="Philips.PMP.Test.Auto.AlertNotificationHelperTest"
                name="PopulateEventDetailsWithAlertInfo (*** SPO2,*** SPO2,False,SilencedReminder) row 2"
                time="0.0056888"/>
      <testcase classname="Philips.PMP.Test.Auto.SharedAssignmentCaregiverGetterTest"
                name="GetSharedAssignmentsForBedShouldGetCaregivers (0,False) row 1"
                time="0.0052519"/>
      <testcase classname="Philips.PMP.Test.Auto.SharedAssignmentCaregiverGetterTest"
                name="GetSharedAssignmentsForBedShouldGetCaregivers (1,True) row 2"
                time="0.0036437"/>
      <testcase classname="Philips.PMP.Test.Auto.SharedAssignmentCaregiverGetterTest"
                name="GetSharedAssignmentsForBedShouldGetCaregivers (4,True) row 3"
                time="0.0071481"/>
      <testcase classname="Philips.PMP.Test.Auto.ApplicationMgrTest"
                name="AppMgrEnableDesktopAccessTest (True) row 1"
                time="0.0507009"/>
      <testcase classname="Philips.PMP.Test.Auto.ApplicationMgrTest"
                name="AppMgrEnableDesktopAccessTest (False) row 2"
                time="0.0041721"/>
      <testcase classname="Philips.PMP.Test.Auto.ReportHelperTest"
                name="GetAddressographRectangleTest"
                time="0.0020786"/>
      <testcase classname="Philips.PMP.Test.Auto.FeatureAssignmentHelperTest"
                name="FeatureAssignmentHelperAssignsEnterpriseFeatures (True,True) row 1"
                time="0.0032013"/>
      <testcase classname="Philips.PMP.Test.Auto.FeatureAssignmentHelperTest"
                name="FeatureAssignmentHelperAssignsEnterpriseFeatures (True,False) row 2"
                time="0.0010654"/>
      <testcase classname="Philips.PMP.Test.Auto.FeatureAssignmentHelperTest"
                name="FeatureAssignmentHelperAssignsEnterpriseFeatures (False,True) row 3"
                time="0.0013405"/>
      <testcase classname="Philips.PMP.Test.Auto.FeatureAssignmentHelperTest"
                name="FeatureAssignmentHelperAssignsEnterpriseFeatures (False,False) row 4"
                time="0.0013309"/>
      <testcase classname="Philips.PMP.Test.Auto.PatientAssignmentControlCheckerTest"
                name="PatientAssignmentControlCheckerHasFullHostAccessAndPermissionDoesNotCheckConflict (True) row 1"
                time="0.00197"/>
      <testcase classname="Philips.PMP.Test.Auto.PatientAssignmentControlCheckerTest"
                name="PatientAssignmentControlCheckerHasFullHostAccessAndPermissionDoesNotCheckConflict (False) row 2"
                time="0.0024151"/>
      <testcase classname="Philips.PMP.Test.Auto.MorbalHelperTest"
                name="MorbalHelperTryGetDeviceServiceNoSerivce"
                time="0.0016176"/>
      <testcase classname="Philips.PMP.Test.Auto.UnassignedDeviceMgrTest"
                name="UnassignedDeviceCanDeviceBeAssignedTest (False,False,False,False,False,True,False,True) row 1"
                time="0.1197471"/>
      <testcase classname="Philips.PMP.Test.Auto.UnassignedDeviceMgrTest"
                name="UnassignedDeviceCanDeviceBeAssignedTest (True,True,False,False,False,True,False,True) row 2"
                time="0.0026951"/>
      <testcase classname="Philips.PMP.Test.Auto.UnassignedDeviceMgrTest"
                name="UnassignedDeviceCanDeviceBeAssignedTest (True,True,True,False,False,True,False,True) row 3"
                time="0.0011973"/>
      <testcase classname="Philips.PMP.Test.Auto.UnassignedDeviceMgrTest"
                name="UnassignedDeviceCanDeviceBeAssignedTest (True,False,False,True,False,True,False,False) row 4"
                time="0.0024014"/>
      <testcase classname="Philips.PMP.Test.Auto.UnassignedDeviceMgrTest"
                name="UnassignedDeviceCanDeviceBeAssignedTest (False,True,False,False,True,True,False,True) row 5"
                time="0.0031606"/>
      <testcase classname="Philips.PMP.Test.Auto.UnassignedDeviceMgrTest"
                name="UnassignedDeviceCanDeviceBeAssignedTest (False,False,False,True,True,True,False,False) row 6"
                time="0.0020812"/>
      <testcase classname="Philips.PMP.Test.Auto.UnassignedDeviceMgrTest"
                name="UnassignedDeviceCanDeviceBeAssignedTest (False,False,True,False,True,True,False,True) row 7"
                time="0.0011527"/>
      <testcase classname="Philips.PMP.Test.Auto.UnassignedDeviceMgrTest"
                name="UnassignedDeviceCanDeviceBeAssignedTest (False,False,False,False,False,False,False,False) row 8"
                time="0.0012416"/>
      <testcase classname="Philips.PMP.Test.Auto.UnassignedDeviceMgrTest"
                name="UnassignedDeviceCanDeviceBeAssignedTest (False,False,False,False,False,False,True,False) row 9"
                time="0.0011528"/>
      <testcase classname="Philips.CareEvent.Test.AuditEntryRecorderTests"
                name="RecordAssignmentShouldUpdateAssigned"
                time="0.1024909"/>
      <testcase classname="Philips.PMP.Test.Auto.Hl7ValidatedDataConnectionMgrTest"
                name="ConnectionMgrOnHl7ConnectionActiveTest (False,False,True,0,0,0,0,0,True,0,0,0) row 1"
                time="0.1902244"/>
      <testcase classname="Philips.PMP.Test.Auto.Hl7ValidatedDataConnectionMgrTest"
                name="ConnectionMgrOnHl7ConnectionActiveTest (False,True,True,1,1,1,1,1,False,1,0,0) row 2"
                time="0.0106845"/>
      <testcase classname="Philips.PMP.Test.Auto.Hl7ValidatedDataConnectionMgrTest"
                name="ConnectionMgrOnHl7ConnectionActiveTest (False,True,True,1,1,1,0,0,True,1,1,1) row 3"
                time="0.0054044"/>
      <testcase classname="Philips.PMP.Test.Auto.Hl7ValidatedDataConnectionMgrTest"
                name="ConnectionMgrOnHl7ConnectionActiveTest (True,False,True,1,1,1,0,0,True,1,1,1) row 4"
                time="0.0079511"/>
      <testcase classname="Philips.PMP.Test.Auto.Hl7ValidatedDataConnectionMgrTest"
                name="ConnectionMgrOnHl7ConnectionActiveTest (True,False,True,1,1,1,1,1,False,1,0,0) row 5"
                time="0.0055787"/>
      <testcase classname="Philips.PMP.Test.Auto.Hl7ValidatedDataConnectionMgrTest"
                name="ConnectionMgrOnHl7ConnectionActiveTest (True,True,True,1,1,1,1,1,False,1,0,0) row 6"
                time="0.0071115"/>
      <testcase classname="Philips.PMP.Test.Auto.Hl7ValidatedDataConnectionMgrTest"
                name="ConnectionMgrOnHl7ConnectionActiveTest (True,True,False,1,1,1,1,1,False,1,1,1) row 7"
                time="0.0084577"/>
      <testcase classname="Philips.PMP.Test.Auto.DbArchiveMgrTest"
                name="RestoreDatabasesDoesNotThrowExceptions (Philips.PIC.Primary) row 1"
                time="0.0534529"/>
      <testcase classname="Philips.PMP.Test.Auto.DbArchiveMgrTest"
                name="RestoreDatabasesDoesNotThrowExceptions (Philips.PIC.Ringtone) row 2"
                time="0.030812"/>
      <testcase classname="Philips.PMP.Test.Auto.LabQualifierTest"
                name="LabQualifierVerifyShouldBeWarn2"
                time="0.0010801"/>
      <testcase classname="Philips.PMP.Test.Auto.ProtocolWatchConversionsTest"
                name="ProtocolWatchConversionTestEnumForDeterioration"
                time="0.001134"/>
      <testcase classname="Philips.PMP.Test.Auto.SurveillanceAssignmentMgrTest"
                name="AssignPatientTest"
                time="0.387067"/>
      <testcase classname="Philips.PMP.Test.Auto.PatientServiceHelperTest"
                name="PatientServiceHelperApplyNonIdPatientChangesTest"
                time="0.0010102"/>
      <testcase classname="Philips.PMP.Test.Auto.RepositoryNumericTest"
                name="RepositoryNumericCheckUsedTimeMappings"
                time="0.0058113"/>
      <testcase classname="Philips.CareEvent.Test.EventManagementHelperTest"
                name="GetHostDevicesForNonBaseNotificationServer"
                time="0.0033169"/>
      <testcase classname="Philips.PMP.Test.Auto.PatientDataExportTest"
                name="MobilePhysioDataAdjustSequence"
                time="1.6277387"/>
      <testcase classname="Philips.PIC.DataAcquisition.Test.MonitoringDeviceCommunicatorTest"
                name="MonitoringDeviceCommunicatorDisconnectsOnCallbackFailures"
                time="0.0019881"/>
      <testcase classname="Philips.PMP.Test.Auto.MaquetCardiosaveHelperTest"
                name="ValidateMapContents"
                time="0.0175265"/>
      <testcase classname="Philips.PIC.WebBridge.Test.TokensControllerTest"
                name="TokenCreateUnsuccessfulAuthenticationTest"
                time="0.0013406"/>
      <testcase classname="Philips.PMP.Test.Auto.StreamNotificationServiceTest"
                name="StreamNotificationServiceCanStop"
                time="0.0008202"/>
      <testcase classname="Philips.PMP.Test.Auto.CiServiceTest"
                name="CiServiceCanUpdateDeviceRemotely"
                time="0.3847486"/>
      <testcase classname="Philips.PMP.Test.Auto.PatientDataExportServiceTest"
                name="ValidationTestForStorageServiceAvailability (False,Failure) row 1"
                time="0.0190958"/>
      <testcase classname="Philips.PMP.Test.Auto.PatientDataExportServiceTest"
                name="ValidationTestForStorageServiceAvailability (True,Success) row 2"
                time="0.0073493"/>
      <testcase classname="Philips.PMP.Test.Auto.HisPatientAdmitterTest"
                name="HisPatientAdmitterTestTryAdmitFromHis (True) row 1"
                time="0.0127213"/>
      <testcase classname="Philips.PMP.Test.Auto.HisPatientAdmitterTest"
                name="HisPatientAdmitterTestTryAdmitFromHis (False) row 2"
                time="0.0030769"/>
      <testcase classname="Philips.PMP.Test.Auto.SignalQualityAlgorithmTest"
                name="TwelveLeadTransitionTest"
                time="0.0079781"/>
      <testcase classname="Philips.PMP.Test.Auto.W32TimeServiceAdapterTest"
                name="InitializingTimeSyncDetectsDisabledTimeService"
                time="0.0025019"/>
      <testcase classname="Philips.PIC.CertificateRenewal.Test.OcspSyncServiceTest"
                name="OcspSyncServiceClearOcspCache (error) row 1"
                time="0.0490583"/>
      <testcase classname="Philips.PIC.CertificateRenewal.Test.OcspSyncServiceTest"
                name="OcspSyncServiceClearOcspCache () row 2"
                time="0.0010731"/>
      <testcase classname="Philips.PMP.Test.Auto.UtilitiesServiceTest"
                name="UtilitiesServiceIsServiceCheckRun (True) row 1"
                time="0.0082417"/>
      <testcase classname="Philips.PMP.Test.Auto.UtilitiesServiceTest"
                name="UtilitiesServiceIsServiceCheckRun (False) row 2"
                time="0.0042063"/>
      <testcase classname="Philips.PMP.Test.Auto.DisplayControllerTest"
                name="SendDisplayInfoTest"
                time="0.2316916"/>
      <testcase classname="Philips.PMP.Test.Auto.TokenSecretMgrTest"
                name="TokenSecretInstallationNeeded (False,False,False,False) row 1"
                time="0.1322475"/>
      <testcase classname="Philips.PMP.Test.Auto.TokenSecretMgrTest"
                name="TokenSecretInstallationNeeded (True,False,False,True) row 2"
                time="0.0146101"/>
      <testcase classname="Philips.PMP.Test.Auto.TokenSecretMgrTest"
                name="TokenSecretInstallationNeeded (True,True,False,True) row 3"
                time="0.0020245"/>
      <testcase classname="Philips.PMP.Test.Auto.TokenSecretMgrTest"
                name="TokenSecretInstallationNeeded (True,True,True,False) row 4"
                time="0.0012008"/>
      <testcase classname="Philips.PMP.Test.Auto.Hl7OruEncoderTest"
                name="TrendDoesNotFilterOutOlderAperiodicsByAperiodicTimeTest"
                time="0.0114035"/>
      <testcase classname="Philips.PMP.Test.Auto.AlertStatusInfoTest"
                name="AlertStatusInfoAddDefaultTest"
                time="0.0013546"/>
      <testcase classname="Philips.PMP.Test.Auto.SpotCheckTrendServiceTest"
                name="SpotCheckTrendServiceStartTest"
                time="0.0868361"/>
      <testcase classname="Philips.PMP.Test.Auto.ApplicationFrameworkHelperTest"
                name="ShouldShowReviewApplicationTest"
                time="0.2826043"/>
      <testcase classname="Philips.PMP.Test.Auto.PhysioDataServiceTest"
                name="PhysioDataServiceAddSpotCheckDataTest"
                time="0.1591784"/>
      <testcase classname="Philips.PMP.Test.Auto.MobileAcknowledgeAlarmValidatorTest"
                name="AckAlarmNoAssociatedUserFailedResponseTest"
                time="0.0017812"/>
      <testcase classname="Philips.PMP.Test.Auto.SpotCheckTrendConverterTest"
                name="SpotCheckTrendRecordConverterSortTest"
                time="0.0019419"/>
      <testcase classname="Philips.PMP.Test.Auto.WindowsActivationQualifierTest"
                name="WindowsActivationQualifierIsWindowsLicenseStatusAllowedTest (1,False,True) row 1"
                time="0.00405"/>
      <testcase classname="Philips.PMP.Test.Auto.WindowsActivationQualifierTest"
                name="WindowsActivationQualifierIsWindowsLicenseStatusAllowedTest (1,True,True) row 2"
                time="0.0011004"/>
      <testcase classname="Philips.PMP.Test.Auto.WindowsActivationQualifierTest"
                name="WindowsActivationQualifierIsWindowsLicenseStatusAllowedTest (5,False,True) row 3"
                time="0.0017517"/>
      <testcase classname="Philips.PMP.Test.Auto.WindowsActivationQualifierTest"
                name="WindowsActivationQualifierIsWindowsLicenseStatusAllowedTest (5,False,True) row 4"
                time="0.0010172"/>
      <testcase classname="Philips.PMP.Test.Auto.WindowsActivationQualifierTest"
                name="WindowsActivationQualifierIsWindowsLicenseStatusAllowedTest (5,True,False) row 5"
                time="0.0010629"/>
      <testcase classname="Philips.PMP.Test.Auto.WindowsActivationQualifierTest"
                name="WindowsActivationQualifierIsWindowsLicenseStatusAllowedTest (5,True,False) row 6"
                time="0.0010088"/>
      <testcase classname="Philips.PMP.Test.Auto.WindowsActivationQualifierTest"
                name="WindowsActivationQualifierIsWindowsLicenseStatusAllowedTest (2,False,False) row 7"
                time="0.0009924"/>
      <testcase classname="Philips.PMP.Test.Auto.WindowsActivationQualifierTest"
                name="WindowsActivationQualifierIsWindowsLicenseStatusAllowedTest (2,False,False) row 8"
                time="0.000983"/>
      <testcase classname="Philips.PMP.Test.Auto.WindowsActivationQualifierTest"
                name="WindowsActivationQualifierIsWindowsLicenseStatusAllowedTest (2,True,False) row 9"
                time="0.0009795"/>
      <testcase classname="Philips.PMP.Test.Auto.WindowsActivationQualifierTest"
                name="WindowsActivationQualifierIsWindowsLicenseStatusAllowedTest (2,True,False) row 10"
                time="0.0009919"/>
      <testcase classname="Philips.PMP.Test.Auto.RecordingProviderTest"
                name="UnitRecordingSettingTest"
                time="0.0394873"/>
      <testcase classname="Philips.CareEvent.Test.MessageRecipientMgrTest"
                name="GetStandardDeviceAndUsersToSendMessageShouldNotReturnUserIfDeviceIsNotStandardDeviceTest"
                time="0.0021146"/>
      <testcase classname="Philips.PMP.Test.Auto.EcgDeriverTest"
                name="Mcl6RCanBeUsedForDerivationTest"
                time="0.0005098"/>
      <testcase classname="Philips.PMP.Test.Auto.PatientDataExportStorageTest"
                name="PdxTierTwoCopySetsPerfCounter"
                time="0.2743116"/>
      <testcase classname="Philips.PMP.Test.Auto.WaveFileMgrTest"
                name="PdxWaveFileMgrReturnsOneWave"
                time="0.0005959"/>
      <testcase classname="Philips.PMP.Test.Auto.AlarmReflectionMdilParserTest"
                name="AlarmReflectionMdilParserParse (AwAABwACAdYAAAAYAAFFdgA0AAEByPM5AcQAHAHAAQIAAAAAAAAAAAAAAAEAAAICAAAAAAIAAAAAAAAAAAADAwBIAAAAAAAAAAAAAAAABAEASAAAAAAAAAAAAAAAAAUBAEgAAAAAAAAAAAACAAAGAgBIAAAAAAAAAAAAAAAABwIASAAAAAAAAAAAAAAAAAgCAAAAAAIAAAAAAAAAAAAJBQBIAAAAAAAAAAAAAgACCgEASAAAAAAAAAAAAAAAAAsDAEgAAAAAAAAAAAACAAAMAgBIAAAAAAAAAAAAAgAADQEASAAAAAAAAAAAAAAAAA4BAEgAAAAAAAAAAAAAAAAPAgBIAAAAAAAAAAAAAgAAEAMASAAAAAAAAAAAAAAAABECAEgAAAAAAAAAAAACAAASAgAAAAACAAAAAAAAAAAAEwIAAAAAAgAAAAAAAAAAABQDAEgAAAAAAAAAAAAAAAAVAQAAAAACAAAAAAAAAAAAFgEAAAAAAgAAAAAAAAAAABcDAEgAAAAAAAAAAAAAAAAYAQBIAAAAAAAAAAAAAAAAGQMASAAAAAAAAAAAAAAAABoBAEgAAAAAAAABAAAAAAAbAQBIAAAAAAAAAAAAAAAAHAIASAAAAAAAAAAAAAAAAA==,7,1,System.UInt16[]) row 1"
                time="0.0165969"/>
      <testcase classname="Philips.PMP.Test.Auto.AlarmReflectionMdilParserTest"
                name="AlarmReflectionMdilParserParse (AwAABgACAdYAAAAYAAFFdgA0AAEByPM5AcQAHAHAAQIAAAAAAAAAAAAAAAEAAAICAAAAAAIAAAAAAAAAAAADAwBIAAAAAAAAAAAAAAAABAEASAAAAAAAAAAAAAAAAAUBAEgAAAAAAAAAAAACAAAGAgBIAAAAAAAAAAAAAAAABwIASAAAAAAAAAAAAAAAAAgCAAAAAAIAAAAAAAAAAAAJBQBIAAAAAAAAAAAAAgACCgEASAAAAAAAAAAAAAAAAAsDAEgAAAAAAAAAAAACAAAMAgBIAAAAAAAAAAAAAgAADQEASAAAAAAAAAAAAAAAAA4BAEgAAAAAAAAAAAAAAAAPAgBIAAAAAAAAAAAAAgAAEAMASAAAAAAAAAAAAAAAABECAEgAAAAAAAAAAAACAAASAgAAAAACAAAAAAAAAAAAEwIAAAAAAgAAAAAAAAAAABQDAEgAAAAAAAAAAAAAAAAVAQAAAAACAAAAAAAAAAAAFgEAAAAAAgAAAAAAAAAAABcDAEgAAAAAAAAAAAAAAAAYAQBIAAAAAAAAAAAAAAAAGQMASAAAAAAAAAAAAAAAABoBAEgAAAAAAAABAAAAAAAbAQBIAAAAAAAAAAAAAAAAHAIASAAAAAAAAAAAAAAAAA==,6,1,System.UInt16[]) row 2"
                time="0.0025499"/>
      <testcase classname="Philips.PMP.Test.Auto.AlarmReflectionMdilParserTest"
                name="AlarmReflectionMdilParserParse (AwAABQACAdYAAAAYAAdFdgA0AAEByPM5AcQAHAHAAQIAAAAAAAAAAAAAAAEAAAICAAAAAAIAAAAAAAAAAAADAwBIAAAAAAAAAAAAAAAABAEASAAAAAAAAAAAAAAAAAUBAEgAAAAAAAAAAAACAAAGAgBIAAAAAAAAAAAAAAAABwIASAAAAAAAAAAAAAAAAAgCAAAAAAIAAAAAAAAAAAAJBQBIAAAAAAAAAAAAAgACCgEASAAAAAAAAAAAAAAAAAsDAEgAAAAAAAAAAAACAAAMAgBIAAAAAAAAAAAAAgAADQEASAAAAAAAAAAAAAAAAA4BAEgAAAAAAAAAAAAAAAAPAgBIAAAAAAAAAAAAAgAAEAMASAAAAAAAAAAAAAAAABECAEgAAAAAAAAAAAACAAASAgAAAAACAAAAAAAAAAAAEwIAAAAAAgAAAAAAAAAAABQDAEgAAAAAAAAAAAAAAAAVAQAAAAACAAAAAAAAAAAAFgEAAAAAAgAAAAAAAAAAABcDAEgAAAAAAAAAAAAAAAAYAQBIAAAAAAAAAAAAAAAAGQMASAAAAAAAAAAAAAAAABoBAEgAAAAAAAABAAAAAAAbAQBIAAAAAAAAAAAAAAAAHAIASAAAAAAAAAAAAAAAAA==,5,7,System.UInt16[]) row 3"
                time="0.0005887"/>
      <testcase classname="Philips.PIC.DataAcquisition.Test.MonitoringDeviceDaTest"
                name="MonitoringDeviceDaValidationUpdateTest (False,False,False) row 1"
                time="0.0690776"/>
      <testcase classname="Philips.PIC.DataAcquisition.Test.MonitoringDeviceDaTest"
                name="MonitoringDeviceDaValidationUpdateTest (True,False,False) row 2"
                time="0.0273299"/>
      <testcase classname="Philips.PIC.DataAcquisition.Test.MonitoringDeviceDaTest"
                name="MonitoringDeviceDaValidationUpdateTest (True,True,False) row 3"
                time="0.0156397"/>
      <testcase classname="Philips.PIC.DataAcquisition.Test.MonitoringDeviceDaTest"
                name="MonitoringDeviceDaValidationUpdateTest (True,False,True) row 4"
                time="0.019871"/>
      <testcase classname="Philips.PIC.DataAcquisition.Test.MonitoringDeviceDaTest"
                name="MonitoringDeviceDaValidationUpdateTest (True,True,True) row 5"
                time="0.0145365"/>
      <testcase classname="Philips.CareEvent.Test.EventInitializerTests"
                name="ReturnProductNotEnabledWhenProductIsNull"
                time="0.0061418"/>
      <testcase classname="Philips.PMP.Test.Auto.WaveStripExportTest"
                name="GetMyPatientsForExport"
                time="0.2903278"/>
      <testcase classname="Philips.CareEvent.Test.MobileDeviceProviderTests"
                name="StandardMobileDeviceToUnitAssignmentTest"
                time="0.0523241"/>
      <testcase classname="Philips.CareEvent.Test.CareTouchCommunicatorTests"
                name="PatientEventsRequestShouldEnqueueCorrectResult (Unknown,False,False) row 1"
                time="0.0237968"/>
      <testcase classname="Philips.CareEvent.Test.CareTouchCommunicatorTests"
                name="PatientEventsRequestShouldEnqueueCorrectResult (PermissionError,True,False) row 2"
                time="0.0082542"/>
      <testcase classname="Philips.CareEvent.Test.CareTouchCommunicatorTests"
                name="PatientEventsRequestShouldEnqueueCorrectResult (Success,True,True) row 3"
                time="0.0079418"/>
      <testcase classname="Philips.PMP.Test.Auto.TimeTest"
                name="TimeConstrainToPurgeTimeTest"
                time="1.9479654"/>
      <testcase classname="Philips.PMP.Test.Auto.WebPortalViewControllerTest"
                name="WebPortalViewControllerSetPortalTopologySourceData"
                time="0.0016595"/>
      <testcase classname="Philips.PMP.Test.Auto.RemoteDataServiceMgrTest"
                name="PluggableSectorLayoutControlAssignBedTest (localhost,https) row 1"
                time="1.4672294"/>
      <testcase classname="Philips.PMP.Test.Auto.RemoteDataServiceMgrTest"
                name="PluggableSectorLayoutControlAssignBedTest (localhost,http) row 2"
                time="0.2103486"/>
      <testcase classname="Philips.PMP.Test.Auto.RemoteDataServiceMgrTest"
                name="PluggableSectorLayoutControlAssignBedTest (localhost,) row 3"
                time="0.2244009"/>
      <testcase classname="Philips.PMP.Test.Auto.RemoteDataServiceMgrTest"
                name="PluggableSectorLayoutControlAssignBedTest (testNullHost,) row 4"
                time="0.1619608"/>
      <testcase classname="Philips.PMP.Test.Auto.ApmCollectorServiceTest"
                name="ReportSmartHoppingDevicesTest"
                time="0.0105448"/>
      <testcase classname="Philips.PMP.Test.Auto.ApmStatusMessageListenerTest"
                name="ApmStatusMessageListenerReportsNewMessages"
                time="0.0057548"/>
      <testcase classname="Philips.PMP.Test.Auto.SectorAlertStateTest"
                name="SectorAlertStateClearAlertPermisisons"
                time="0.0020791"/>
      <testcase classname="Philips.PMP.Test.Auto.ZoneEntityControlTest"
                name="UriDeviceContainsExpectedOptions"
                time="0.0396339"/>
      <testcase classname="Philips.PMP.Test.Auto.WaveFrequencyConverterTest"
                name="WaveConvertMultipleChunksDownSampleTest"
                time="0.0021816"/>
      <testcase classname="Philips.PMP.Test.Auto.LogonStatusDisplayMgrTest"
                name="LogonStatusDisplayMgrAuthenticateFinishWithUser"
                time="0.0700357"/>
      <testcase classname="Philips.PMP.Test.Auto.WaveFrequencyConverterTest"
                name="WaveConvert62Dot5HzWaveTo125HzTest"
                time="0.0019158"/>
      <testcase classname="Philips.PIC.SharedAssignment.Test.SharedAssignmentProviderTest"
                name="MoreThanOneSharedAssignmentRoleAndUnAssignmentShouldBeRemoved"
                time="0.0563759"/>
      <testcase classname="Philips.PMP.Test.Auto.PhysioDataComparisonTest"
                name="IsContainedInListTest"
                time="0.0015471"/>
      <testcase classname="Philips.RootMain.Test.FeatureValueTest"
                name="FeatureValueEqualityTest"
                time="0.0112459"/>
      <testcase classname="Philips.PMP.Test.Auto.SectorAssignmentControlHelperTest"
                name="SectorAssignmentControlHelperCalculateIsRemoteMonitoringAndIsLinkAssignment (False,True,True,False,False) row 1"
                time="0.002182"/>
      <testcase classname="Philips.PMP.Test.Auto.SectorAssignmentControlHelperTest"
                name="SectorAssignmentControlHelperCalculateIsRemoteMonitoringAndIsLinkAssignment (True,True,True,True,False) row 2"
                time="0.0010531"/>
      <testcase classname="Philips.PMP.Test.Auto.SectorAssignmentControlHelperTest"
                name="SectorAssignmentControlHelperCalculateIsRemoteMonitoringAndIsLinkAssignment (True,False,True,False,True) row 3"
                time="0.0011057"/>
      <testcase classname="Philips.PMP.Test.Auto.SectorAssignmentControlHelperTest"
                name="SectorAssignmentControlHelperCalculateIsRemoteMonitoringAndIsLinkAssignment (True,True,False,False,True) row 4"
                time="0.0015783"/>
      <testcase classname="Philips.PMP.Test.Auto.SectorAssignmentControlHelperTest"
                name="SectorAssignmentControlHelperCalculateIsRemoteMonitoringAndIsLinkAssignment (True,False,False,False,True) row 5"
                time="0.001101"/>
      <testcase classname="Philips.CareEvent.Test.MobileStaffAssignmentMgrTests"
                name="GetStaffAssignmentsUnavailableRoles"
                time="0.0129503"/>
      <testcase classname="Philips.PMP.Test.Auto.NumericProviderTest"
                name="NumericProviderStorePrepDuplicateTest"
                time="0.0109789"/>
      <testcase classname="Philips.PMP.Test.Auto.PhysioDataStorageQueuesTest"
                name="QueuesGetPhysioData"
                time="0.0010312"/>
      <testcase classname="Philips.PMP.Test.Auto.Ecg12LeadProviderTest"
                name="Ecg12LeadProviderStitchCaptureList"
                time="0.0371813"/>
      <testcase classname="Philips.PMP.Test.Auto.MultiLeadWindowControlTest"
                name="MultiLeadWindowControlRegisterAndUnregister"
                time="0.2720603"/>
      <testcase classname="Philips.PMP.Test.Auto.BedLabelValidatorTest"
                name="AddBedFailsWhenViolatingMaxBedsForAlarmReflection"
                time="0.0264933"/>
      <testcase classname="Philips.PMP.Test.Auto.MasterHostSelectionSubscriberTest"
                name="MasterHostSelectionSubscriberSetAlarmConfigDeepCopyTests (1,2,True) row 1"
                time="0.0029718"/>
      <testcase classname="Philips.PMP.Test.Auto.MasterHostSelectionSubscriberTest"
                name="MasterHostSelectionSubscriberSetAlarmConfigDeepCopyTests (1,1,False) row 2"
                time="0.0021445"/>
      <testcase classname="Philips.PMP.Test.Auto.LinePlotTest"
                name="FindEndIndexTest (1,0) row 1"
                time="0.0005844"/>
      <testcase classname="Philips.PMP.Test.Auto.LinePlotTest"
                name="FindEndIndexTest (1,4) row 2"
                time="0.0004481"/>
      <testcase classname="Philips.PMP.Test.Auto.LinePlotTest"
                name="FindEndIndexTest (2,5) row 3"
                time="0.0005126"/>
      <testcase classname="Philips.PMP.Test.Auto.LinePlotTest"
                name="FindEndIndexTest (3,6) row 4"
                time="0.0004339"/>
      <testcase classname="Philips.PMP.Test.Auto.LinePlotTest"
                name="FindEndIndexTest (12,15) row 5"
                time="0.0004248"/>
      <testcase classname="Philips.PMP.Test.Auto.LinePlotTest"
                name="FindEndIndexTest (13,16) row 6"
                time="0.0004223"/>
      <testcase classname="Philips.PMP.Test.Auto.LinePlotTest"
                name="FindEndIndexTest (13,17) row 7"
                time="0.0004276"/>
      <testcase classname="Philips.PMP.Test.Auto.LinePlotTest"
                name="FindEndIndexTest (13,18) row 8"
                time="0.000422"/>
      <testcase classname="Philips.PMP.Test.Auto.LinePlotTest"
                name="FindEndIndexTest (13,19) row 9"
                time="0.0004191"/>
      <testcase classname="Philips.IX.UserManagement.Test.UserAuthenticationSessionFactoryTest"
                name="UserManagementActionDataFactoryCreatePasswordNoUser"
                time="0.1068365"/>
      <testcase classname="Philips.PIC.DataAcquisition.Test.MonitoringDeviceCommunicatorTest"
                name="MonitoringDeviceCommunicatorSetsIMonitoringDevice"
                time="0.0018938"/>
      <testcase classname="Philips.PMP.Test.Auto.EcgDeriverTest"
                name="EcgDeriverHandlesPhysioId0Test"
                time="0.0014673"/>
      <testcase classname="Philips.PMP.Test.Auto.UnitSettingsTest"
                name="ValidateDeviceControlArchiveInfoValid"
                time="0.0212235"/>
      <testcase classname="Philips.PMP.Test.Auto.W32TimeStatusTest"
                name="ParseNonEnglishStatusString (Indicateur de dérive : 3(La dernière minute comprend 61 secondes.)&#xA;Couche : 0 (Non spécifié)&#xA;Précision : -6 (15.625ms par battement)&#xA;Délai de racine : 0.0000000s&#xA;Dispersion de racine : 0.0000000s&#xA;ID de référence : 0x00000000 (Non spécifié)&#xA;Heure de la dernière synchronisation réussie : Non spécifié&#xA;Source : Local CMOS Clock&#xA;Intervalle d'interrogation : 6 (64s)) row 1"
                time="0.0006787"/>
      <testcase classname="Philips.PMP.Test.Auto.W32TimeStatusTest"
                name="ParseNonEnglishStatusString (Leap ???: 3(????? 61 ?)&#xA;??: 0 (???)&#xA;??: -6 (??? 15.625ms)&#xA;???: 0.0064598s&#xA;???: 11.4694403s&#xA;?? ID: 0x00000000 (???)&#xA;????????: 2018/4/6 17:24:20&#xA;?: time,0x9&#xA;????: 6 (64s)) row 2"
                time="0.0004106"/>
      <testcase classname="Philips.PMP.Test.Auto.ApmCollectorServiceTest"
                name="DoNotReportIfThereAreNoAccessPointsOrAccessPointControllers"
                time="0.2304268"/>
      <testcase classname="Philips.PMP.Test.Auto.EventNotificationValidatorTest"
                name="ValidateMaxBedReachedErrorTest"
                time="0.3117141"/>
      <testcase classname="Philips.PMP.Test.Auto.WatchedProcessTest"
                name="WatchedProcessAutoStartFunctionality"
                time="0.0040809"/>
      <testcase classname="Philips.PMP.Test.Auto.EcgDerivationMgrTest"
                name="HexadFromBedsideWithNonStandardLimbLeadsWorksTest"
                time="0.0044391"/>
      <testcase classname="Philips.PMP.Test.Auto.FeatureOptionEntityControlTest"
                name="FeatureOptionEntityControlShowsTabByVersion (1,1,2,2,1) row 1"
                time="0.6649927"/>
      <testcase classname="Philips.PMP.Test.Auto.FeatureOptionEntityControlTest"
                name="FeatureOptionEntityControlShowsTabByVersion (2,1,3,1,1) row 2"
                time="0.0854806"/>
      <testcase classname="Philips.PMP.Test.Auto.FeatureOptionEntityControlTest"
                name="FeatureOptionEntityControlShowsTabByVersion (3,1,7,5,1) row 3"
                time="0.064832"/>
      <testcase classname="Philips.PMP.Test.Auto.FeatureOptionEntityControlTest"
                name="FeatureOptionEntityControlShowsTabByVersion (4,3,4,4,2) row 4"
                time="0.1355776"/>
      <testcase classname="Philips.PMP.Test.Auto.CaregiverPaginatorTest"
                name="MaxCaregiversToDisplayShouldReturnMaxWhenEvenlyDivisible"
                time="0.0019245"/>
      <testcase classname="Philips.PMP.Test.Auto.PhysioDataHelperTest"
                name="FindContiguousWaveSampleIntervalsTest"
                time="0.0086853"/>
      <testcase classname="Philips.PMP.Test.Auto.RepositoryTest"
                name="ProvidingPatientIdGivesComplexMetricsForThatPatientTest"
                time="0.0037783"/>
      <testcase classname="Philips.PMP.Test.Auto.EnumerationProviderTest"
                name="EnumerationProviderEventsAtSameTime"
                time="0.0273057"/>
      <testcase classname="Philips.PMP.Test.Auto.RepositoryTest"
                name="MonitorOnlineDetectsDuplicates"
                time="0.0055859"/>
      <testcase classname="Philips.PMP.Test.Auto.DbSyncServiceMgrTest"
                name="DbSyncServiceMgrSleepOnBusy (False,True,False,False) row 1"
                time="0.020851"/>
      <testcase classname="Philips.PMP.Test.Auto.DbSyncServiceMgrTest"
                name="DbSyncServiceMgrSleepOnBusy (False,False,False,False) row 2"
                time="0.003205"/>
      <testcase classname="Philips.PMP.Test.Auto.DbSyncServiceMgrTest"
                name="DbSyncServiceMgrSleepOnBusy (True,True,True,True) row 3"
                time="0.0147031"/>
      <testcase classname="Philips.PMP.Test.Auto.DbSyncServiceMgrTest"
                name="DbSyncServiceMgrSleepOnBusy (True,False,False,False) row 4"
                time="0.0018524"/>
      <testcase classname="Philips.PMP.Test.Auto.EventWorkflowServiceMgrTest"
                name="EventMonitorGetEventDetailsReturnsInfoAndDispatchDetails"
                time="0.0905404"/>
      <testcase classname="Philips.PMP.Test.Auto.Hl7TcpConnectionTest"
                name="Hl7TcpConnectionConnectedSecureFailure (False) row 1"
                time="0.0029949"/>
      <testcase classname="Philips.PMP.Test.Auto.Hl7TcpConnectionTest"
                name="Hl7TcpConnectionConnectedSecureFailure (True) row 2"
                time="0.0024692"/>
      <testcase classname="Philips.PMP.Test.Auto.ScheduleTest"
                name="ScheduleStartDateInFuture"
                time="0.0007219"/>
      <testcase classname="Philips.CareEvent.Test.LocationAliasManageControlTest"
                name="LocationAliasManageControlLoadMobileComboBox"
                time="0.0395882"/>
      <testcase classname="Philips.PMP.Test.Auto.StreamNotificationServiceTest"
                name="StreamNotificationServiceCanGetSubscriptions"
                time="0.0039628"/>
      <testcase classname="Philips.PMP.Test.Auto.TopologyAggregationHelperTest"
                name="TopologyAggregationHelperShouldProcessCacheReloadRequestTest (True,True,True) row 1"
                time="0.0017037"/>
      <testcase classname="Philips.PMP.Test.Auto.TopologyAggregationHelperTest"
                name="TopologyAggregationHelperShouldProcessCacheReloadRequestTest (True,False,False) row 2"
                time="0.001922"/>
      <testcase classname="Philips.PMP.Test.Auto.TopologyAggregationHelperTest"
                name="TopologyAggregationHelperShouldProcessCacheReloadRequestTest (False,True,True) row 3"
                time="0.0006132"/>
      <testcase classname="Philips.PMP.Test.Auto.TopologyAggregationHelperTest"
                name="TopologyAggregationHelperShouldProcessCacheReloadRequestTest (False,False,True) row 4"
                time="0.0004876"/>
      <testcase classname="Philips.IX.UserManagement.Test.UserAuthenticatorsTest"
                name="UserAuthenticatorLocalDirectoryHashUpdateTest (True) row 1"
                time="0.0025703"/>
      <testcase classname="Philips.IX.UserManagement.Test.UserAuthenticatorsTest"
                name="UserAuthenticatorLocalDirectoryHashUpdateTest (False) row 2"
                time="0.0012515"/>
      <testcase classname="Philips.PMP.Test.Auto.EventLogGraphicsResetAnalyzerTest"
                name="EventLogGraphicsResetAnalyzerChecksToLastStart (PIC iX System Events,301) row 1"
                time="0.1468801"/>
      <testcase classname="Philips.PMP.Test.Auto.EventLogGraphicsResetAnalyzerTest"
                name="EventLogGraphicsResetAnalyzerChecksToLastStart (PIC iX System Events,300) row 2"
                time="0.0025481"/>
      <testcase classname="Philips.PMP.Test.Auto.UserManagementProviderTest"
                name="UserRoleAssignmentTest"
                time="0.314177"/>
      <testcase classname="Philips.PMP.Test.Auto.NumericProviderTest"
                name="NumericProviderAperiodicDuplicatesFiltering"
                time="0.3316845"/>
      <testcase classname="Philips.PMP.Test.Auto.UtilitiesServiceMgrTest"
                name="TryRenewCertificateShouldGetErrorMessage"
                time="0.2312534"/>
      <testcase classname="Philips.PMP.Test.Auto.OrderProviderTest"
                name="OrderRequestsTest"
                time="0.0173759"/>
      <testcase classname="Philips.PMP.Test.Auto.InvalidSampleFileMgrTest"
                name="PdxTrimmedSamplesShouldNotExportedAsInvalid"
                time="0.0020339"/>
      <testcase classname="Philips.PMP.Test.Auto.ProtocolWatchTest"
                name="ProtocolWatchCreateEngineTest"
                time="0.0022146"/>
      <testcase classname="Philips.PMP.Test.Auto.WaveProviderTest"
                name="WaveProviderMultipleWavesDifferentSamplePeriodsTest (True) row 1"
                time="0.0292616"/>
      <testcase classname="Philips.PMP.Test.Auto.WaveProviderTest"
                name="WaveProviderMultipleWavesDifferentSamplePeriodsTest (False) row 2"
                time="0.028968"/>
      <testcase classname="Philips.PMP.Test.Auto.RestoreControlTest"
                name="GetFactoryContentDuringRestoreTest"
                time="0.0543281"/>
      <testcase classname="Philips.PMP.Test.Auto.PatientDataExportStorageWorkerTest"
                name="ReportSystemStatusIsCalledOnFailedAlertStorage"
                time="0.0253445"/>
      <testcase classname="Philips.PMP.Test.Auto.SurveillanceHelperTest"
                name="CreateChangeWaveSubMenuTest"
                time="0.1441787"/>
      <testcase classname="Philips.PMP.Test.Auto.FeatureAssignmentConfigControlTest"
                name="CopyHostLicenseOptionsTest"
                time="0.1871614"/>
      <testcase classname="Philips.CareEvent.Test.CareTouchCommunicatorTests"
                name="ProcessLocationSettingsGetRequestShouldCallEnqueueResponse"
                time="0.0096617"/>
      <testcase classname="Philips.PMP.Test.Auto.SystemPerformanceTest"
                name="InitializePerformanceService"
                time="0.7351274"/>
      <testcase classname="Philips.PIC.WebBridge.Test.AlertCreatorTest"
                name="WillConvertToCaliperMeasurementTest"
                time="0.0165612"/>
      <testcase classname="Philips.PMP.Test.Auto.UtilitiesServiceTest"
                name="UtilitiesServiceSetCertRenewalStatus (True,True) row 1"
                time="0.2941023"/>
      <testcase classname="Philips.PMP.Test.Auto.UtilitiesServiceTest"
                name="UtilitiesServiceSetCertRenewalStatus (False,False) row 2"
                time="0.0043592"/>
      <testcase classname="Philips.PMP.Test.Auto.PatientIdHelperTest"
                name="ConflictIndicationTest"
                time="0.0016863"/>
      <testcase classname="Philips.PMP.Test.Auto.HostAccessDataTableFactoryTest"
                name="CreateDefaultHostAccessSettings"
                time="0.0021718"/>
      <testcase classname="Philips.PMP.Test.Auto.CallbackTokenMgrTest"
                name="CallbackTokenMgrTokenHandling (1,0,1) row 1"
                time="0.006614"/>
      <testcase classname="Philips.PMP.Test.Auto.CallbackTokenMgrTest"
                name="CallbackTokenMgrTokenHandling (1,1,0) row 2"
                time="0.0035872"/>
      <testcase classname="Philips.PMP.Test.Auto.CallbackTokenMgrTest"
                name="CallbackTokenMgrTokenHandling (2,0,2) row 3"
                time="0.0008591"/>
      <testcase classname="Philips.PMP.Test.Auto.CallbackTokenMgrTest"
                name="CallbackTokenMgrTokenHandling (2,1,1) row 4"
                time="0.0007643"/>
      <testcase classname="Philips.PMP.Test.Auto.CallbackTokenMgrTest"
                name="CallbackTokenMgrTokenHandling (2,2,0) row 5"
                time="0.0011051"/>
      <testcase classname="Philips.PMP.Test.Auto.CallbackTokenMgrTest"
                name="CallbackTokenMgrTokenHandling (42,3,39) row 6"
                time="0.0008002"/>
      <testcase classname="Philips.PMP.Test.Auto.WatchdogCommandsTest"
                name="WatchdogMemoryDumpAllCommandFunctionality"
                time="0.0024866"/>
      <testcase classname="Philips.PMP.Test.Auto.AcknowledgeAlertsHelperTest"
                name="AcknowledgeAlertsHelperTryGetActionNamesForAlerts"
                time="0.3447232"/>
      <testcase classname="Philips.PMP.Test.Auto.SpotCheckTrendConnectionTest"
                name="SpotCheckTrendConnectionDisconnected"
                time="0.0075586"/>
      <testcase classname="Philips.PMP.Test.Auto.PermissionChangesEventArgsTest"
                name="PermissionChangesEventArgsShouldUpdateIfUnitPermissionsHaveChangedTest"
                time="0.0009539"/>
      <testcase classname="Philips.PMP.Test.Auto.RepositoryTest"
                name="MetricRepositoryReportsDevicesAndMetricsNotMovingForward"
                time="0.1733702"/>
      <testcase classname="Philips.PMP.Test.Auto.CaregiverAssignmentProviderTest"
                name="GetCaregiverAssignmentsShouldSucceedOnSecondSave"
                time="0.3209775"/>
      <testcase classname="Philips.PMP.Test.Auto.ApplicationMgrTest"
                name="ApplicationMgrInitializeEnablesPubSubNotification"
                time="0.3468242"/>
      <testcase classname="Philips.PMP.Test.Auto.PatientWorkflowControlTest"
                name="PatientWorkflowControlUpdateControls"
                time="0.0863127"/>
      <testcase classname="Philips.CareEvent.Test.EventMgrTest"
                name="UndeliverableEventsGenerateNoMobileInop"
                time="0.2634322"/>
      <testcase classname="Philips.PMP.Test.Auto.WaveGapFinderTest"
                name="BuildWaveGapsInvalidUnavailableSamplesTest"
                time="0.2650886"/>
      <testcase classname="Philips.PMP.Test.Auto.PatientSubscriptionMgrTest"
                name="PatientSusbcriptionMgrCanSubscribeToAllUnits"
                time="0.0107683"/>
      <testcase classname="Philips.PMP.Test.Auto.NetworkAlertMgrTest"
                name="NetworkAlertMgrUpdateDeviceListTest"
                time="0.0017299"/>
      <testcase classname="Philips.PMP.Test.Auto.MobileEnumerationConverterTest"
                name="MobileEnumerationConverterConvertEnumerationDictionary"
                time="0.004707"/>
      <testcase classname="Philips.PMP.Test.Auto.ClinicalUnitControlTest"
                name="ClinicalUnitControlSaveCorrectUnitInfo"
                time="0.0446464"/>
      <testcase classname="Philips.PMP.Test.Auto.PhysioDataServiceTimerTest"
                name="PhysioDataServiceTimerCanDisposeMultipleTimes"
                time="0.005836"/>
      <testcase classname="Philips.PMP.Test.Auto.WebBrowserHelperTest"
                name="WillReturnNullForBadTokenStateTest"
                time="0.0020015"/>
      <testcase classname="Philips.PMP.Test.Auto.EventLogShutdownAnalyzerTest"
                name="DetectLastShutdownWasHardwareFailure"
                time="0.0021715"/>
      <testcase classname="Philips.PMP.Test.Auto.Hl7IdGeneratorTest"
                name="Hl7IdGeneratorStartsAt1"
                time="0.0084561"/>
      <testcase classname="Philips.PMP.Test.Auto.NumericProviderTest"
                name="NumericProviderAperiodicThreeDAsThreeValues"
                time="0.2790884"/>
      <testcase classname="Philips.PMP.Test.Auto.DhcpProviderTest"
                name="IpRangeFill"
                time="0.349559"/>
      <testcase classname="Philips.PMP.Test.Auto.EcgIpmFilterTest"
                name="EcgIpmFilterPacerDelayTest"
                time="0.2604747"/>
      <testcase classname="Philips.PMP.Test.Auto.Ecg12LeadSettingProviderTest"
                name="Ecg12LeadSettingTest"
                time="0.0769599"/>
      <testcase classname="Philips.PMP.Test.Auto.LabDataHelperTest"
                name="LabDataHelperProcessLabResultsTest (False,1,X,False,False,False,False) row 1"
                time="0.0709543"/>
      <testcase classname="Philips.PMP.Test.Auto.LabDataHelperTest"
                name="LabDataHelperProcessLabResultsTest (True,1,X,False,False,False,False) row 2"
                time="0.0265051"/>
      <testcase classname="Philips.PMP.Test.Auto.LabDataHelperTest"
                name="LabDataHelperProcessLabResultsTest (True,1,F,False,False,False,False) row 3"
                time="0.0049916"/>
      <testcase classname="Philips.PMP.Test.Auto.LabDataHelperTest"
                name="LabDataHelperProcessLabResultsTest (True,1,F,True,False,False,False) row 4"
                time="0.0047037"/>
      <testcase classname="Philips.PMP.Test.Auto.LabDataHelperTest"
                name="LabDataHelperProcessLabResultsTest (True,1,F,True,True,False,False) row 5"
                time="0.0049602"/>
      <testcase classname="Philips.PMP.Test.Auto.LabDataHelperTest"
                name="LabDataHelperProcessLabResultsTest (True,1,F,True,True,True,False) row 6"
                time="0.0064683"/>
      <testcase classname="Philips.PMP.Test.Auto.LabDataHelperTest"
                name="LabDataHelperProcessLabResultsTest (True,5,F,True,True,True,False) row 7"
                time="0.0046596"/>
      <testcase classname="Philips.PMP.Test.Auto.LabDataHelperTest"
                name="LabDataHelperProcessLabResultsTest (True,5,F,True,True,True,True) row 8"
                time="0.0096475"/>
      <testcase classname="Philips.PMP.Test.Auto.LabDataHelperTest"
                name="LabDataHelperProcessLabResultsTest (True,6,F,True,True,True,True) row 9"
                time="0.0102586"/>
      <testcase classname="Philips.PMP.Test.Auto.SectorLayoutTest"
                name="ComplexTileLayoutsTest"
                time="0.1864508"/>
      <testcase classname="Philips.PMP.Test.Auto.CameraSystemMgrTest"
                name="GetUrlWithUnkownUnit"
                time="0.003206"/>
      <testcase classname="Philips.PMP.Test.Auto.EventNotificationSettingControlTest"
                name="SaveShouldBeSuccessfulIfOverviewRoleIsNull"
                time="0.0280473"/>
      <testcase classname="Philips.PMP.Test.Auto.ExtendedNumericLimitsTest"
                name="IsUpperValueSupportedTest"
                time="0.0007202"/>
      <testcase classname="Philips.PMP.Test.Auto.MobilityServiceHelperTest"
                name="RhythmStatusSequenceShouldBeSameAsPhysioData"
                time="0.0013436"/>
      <testcase classname="Philips.PMP.Test.Auto.PortalTopologySourceDataTest"
                name="GetRootItemsTest"
                time="0.2485641"/>
      <testcase classname="Philips.PMP.Test.Auto.PhysioDataDisplayHelperTest"
                name="GetLatestNumericTime"
                time="0.0013375"/>
      <testcase classname="Philips.PMP.Test.Auto.PatientDataExportStorageTest"
                name="PdxEnumerationAttributesWithEarlierTimeAreReturned"
                time="0.0283268"/>
      <testcase classname="Philips.PMP.Test.Auto.ComplexMetricProviderTest"
                name="ComplexMetricProviderOneAperiodicNumeric"
                time="0.0211476"/>
      <testcase classname="Philips.PMP.Test.Auto.MobileNumericConverterTest"
                name="MobileNumericConverterEegMobileNumericValuesGetCorrectPhysioIdAndLabelTest"
                time="0.0190087"/>
      <testcase classname="Philips.PMP.Test.Auto.EcgFilterHelperTest"
                name="EcgFilter12LeadFiltersDontCauseVolcanosTest"
                time="0.2594898"/>
      <testcase classname="Philips.CareEvent.Test.CertificateAuthorizationHelperTest"
                name="AllowAuthenticatedUsersGroupToReadCertificate (False) row 1"
                time="0.1096083"/>
      <testcase classname="Philips.CareEvent.Test.CertificateAuthorizationHelperTest"
                name="AllowAuthenticatedUsersGroupToReadCertificate (True) row 2"
                time="0.0013385"/>
      <testcase classname="Philips.CareEvent.Test.EventPrefixHelperTests"
                name="EvaluateLabIdentifiersPrefixTests (,,) row 1"
                time="0.0010801"/>
      <testcase classname="Philips.CareEvent.Test.EventPrefixHelperTests"
                name="EvaluateLabIdentifiersPrefixTests (Test Event,Test Event,) row 2"
                time="0.0002825"/>
      <testcase classname="Philips.CareEvent.Test.EventPrefixHelperTests"
                name="EvaluateLabIdentifiersPrefixTests (LAB:Test Event,Test Event,LAB:) row 3"
                time="0.0002258"/>
      <testcase classname="Philips.PMP.Test.Auto.MyLicenseTest"
                name="StoreDeviceAssignment (Host,True) row 1"
                time="0.0970771"/>
      <testcase classname="Philips.PMP.Test.Auto.MyLicenseTest"
                name="StoreDeviceAssignment (Unit,True) row 2"
                time="0.0167522"/>
      <testcase classname="Philips.PMP.Test.Auto.MyLicenseTest"
                name="StoreDeviceAssignment (Institution,False) row 3"
                time="0.0152615"/>
      <testcase classname="Philips.PMP.Test.Auto.MyLicenseTest"
                name="StoreDeviceAssignment (Enterprise,True) row 4"
                time="0.0063951"/>
      <testcase classname="Philips.PMP.Test.Auto.MobileBedSubscriberTest"
                name="MobileBedSubscriberWillSendAllData (True) row 1"
                time="0.0340144"/>
      <testcase classname="Philips.PMP.Test.Auto.MobileBedSubscriberTest"
                name="MobileBedSubscriberWillSendAllData (False) row 2"
                time="0.0186648"/>
      <testcase classname="Philips.PMP.Test.Auto.PatientFieldsHelperTest"
                name="PatientFieldsHelperGetPatientFieldsDisplayMode"
                time="0.0006464"/>
      <testcase classname="Philips.PMP.Test.Auto.StitchTest"
                name="StitchPhysioAvailableData"
                time="0.0080178"/>
      <testcase classname="Philips.PMP.Test.Auto.EcgTroubleShootingControlTest"
                name="EcgTroubleShootingControlUserLogInOut"
                time="0.0581966"/>
      <testcase classname="Philips.PMP.Test.Auto.TrendUploadMgrTest"
                name="PdsTimeDoesntUnderflowTest"
                time="0.0011653"/>
      <testcase classname="Philips.PMP.Test.Auto.MdilDriverHelperTest"
                name="MdilDriverHelperNullListTest"
                time="0.0022073"/>
      <testcase classname="Philips.PMP.Test.Auto.CiDeviceUpdaterTest"
                name="UpdateDeviceInformationNewDeviceTest"
                time="0.0381017"/>
      <testcase classname="Philips.PMP.Test.Auto.DataTileHelperTest"
                name="DataTileHelperGetAgedEwsQueryTest"
                time="0.0119474"/>
      <testcase classname="Philips.PMP.Test.Auto.EntityLicenseExtensionsTest"
                name="EntityLicenseExtensionsIsWeb"
                time="0.0009483"/>
      <testcase classname="Philips.CareEvent.Test.OruControlTests"
                name="ProcessLabForNonMonitoredPatient"
                time="0.006498"/>
      <testcase classname="Philips.PMP.Test.Auto.DefaultFeatureConfigurationHelperTest"
                name="GetUnitsEntitiesTest"
                time="0.0035932"/>
      <testcase classname="Philips.PMP.Test.Auto.MobileWaveSegmentConverterTest"
                name="WaveConverterCreateMultipleAttributesAndSegmentTest"
                time="0.0146032"/>
      <testcase classname="Philips.PMP.Test.Auto.MedianCalculatorTest"
                name="NoMedianAvailablePressureTest"
                time="0.0097314"/>
      <testcase classname="Philips.PMP.Test.Auto.IntelliBridgeLanConfigurationControlTest"
                name="IntelliBridgeLanConfigurationControlOnLoadTest"
                time="0.0842507"/>
      <testcase classname="Philips.CareEvent.Test.OruFieldMappingProviderTests"
                name="RevertToFactoryDoesRevertForLabNotificationSettings"
                time="0.0086837"/>
      <testcase classname="Philips.PMP.Test.Auto.MdipDeviceCacheTest"
                name="MdipDeviceCachePortTest (True,3005) row 1"
                time="0.0204533"/>
      <testcase classname="Philips.PMP.Test.Auto.MdipDeviceCacheTest"
                name="MdipDeviceCachePortTest (False,0) row 2"
                time="0.0170463"/>
      <testcase classname="Philips.PMP.Test.Auto.ZoneEntityControlTest"
                name="HostDeviceContainsExpectedOptions"
                time="0.0383359"/>
      <testcase classname="Philips.PMP.Test.Auto.MobilePatientTest"
                name="MobilePatientTestWillCompareAllProperties"
                time="0.0022799"/>
      <testcase classname="Philips.PMP.Test.Auto.MobileDataHelperTest"
                name="MobileDataHelperConvertDateTimeMinValue"
                time="0.0007676"/>
      <testcase classname="Philips.PMP.Test.Auto.PatientAssignmentHelperTest"
                name="UpdateOverviewPatientForAssignmentTest"
                time="0.0026893"/>
      <testcase classname="Philips.PMP.Test.Auto.EcgFilterMgrTest"
                name="EcgFilterMgrTestBedsideFiltersCorrectlyComputed"
                time="0.0346101"/>
      <testcase classname="Philips.PMP.Test.Auto.HolterStreamTest"
                name="HolterStreamRfvTest"
                time="0.1370248"/>
      <testcase classname="Philips.PMP.Test.Auto.WaveChunkerTest"
                name="WaveChunkerWith2WaveChunksTest"
                time="0.0007605"/>
      <testcase classname="Philips.PIC.DataAcquisition.Test.SureSignsUserRequestProcessorTest"
                name="SureSignsProcessUserRequestTest (False,True,x,True,Success) row 1"
                time="0.2503935"/>
      <testcase classname="Philips.PIC.DataAcquisition.Test.SureSignsUserRequestProcessorTest"
                name="SureSignsProcessUserRequestTest (False,False,,True,UserAuth_InvalidAccountOrPassword) row 2"
                time="0.0019434"/>
      <testcase classname="Philips.PIC.DataAcquisition.Test.SureSignsUserRequestProcessorTest"
                name="SureSignsProcessUserRequestTest (True,False,x,True,UserAuth_InvalidAccountOrPassword) row 3"
                time="0.001347"/>
      <testcase classname="Philips.PIC.DataAcquisition.Test.SureSignsUserRequestProcessorTest"
                name="SureSignsProcessUserRequestTest (False,True,x,False,UserAuth_InvalidAccountOrPassword) row 4"
                time="0.0029559"/>
      <testcase classname="Philips.PMP.Test.Auto.PatientSearchControlTest"
                name="PatientSearchControlDisplaySearchResults"
                time="0.0453691"/>
      <testcase classname="Philips.PMP.Test.Auto.QuickReviewControlTest"
                name="GetAdmittedPatientDisplayNameTest"
                time="0.1227075"/>
      <testcase classname="Philips.PMP.Test.Auto.TwelveLeadCaptureWindowControlCheckerTest"
                name="TwelveLeadCaptureWindowControlCheckerShouldEnableLock (True,0,False) row 1"
                time="0.0030696"/>
      <testcase classname="Philips.PMP.Test.Auto.TwelveLeadCaptureWindowControlCheckerTest"
                name="TwelveLeadCaptureWindowControlCheckerShouldEnableLock (False,0,False) row 2"
                time="0.0036206"/>
      <testcase classname="Philips.PMP.Test.Auto.TwelveLeadCaptureWindowControlCheckerTest"
                name="TwelveLeadCaptureWindowControlCheckerShouldEnableLock (True,1,True) row 3"
                time="0.0017701"/>
      <testcase classname="Philips.PMP.Test.Auto.TwelveLeadCaptureWindowControlCheckerTest"
                name="TwelveLeadCaptureWindowControlCheckerShouldEnableLock (False,1,False) row 4"
                time="0.0016443"/>
      <testcase classname="Philips.PMP.Test.Auto.ReportHelperTest"
                name="GenerateEcgStatisticsReportTest"
                time="0.0038969"/>
      <testcase classname="Philips.PMP.Test.Auto.UriDeviceControlTest"
                name="UriDeviceControlSaveTestAsync (True,True,True,False) row 1"
                time="0.1633992"/>
      <testcase classname="Philips.PMP.Test.Auto.UriDeviceControlTest"
                name="UriDeviceControlSaveTestAsync (True,False,True,False) row 2"
                time="0.027861"/>
      <testcase classname="Philips.PMP.Test.Auto.UriDeviceControlTest"
                name="UriDeviceControlSaveTestAsync (False,True,True,False) row 3"
                time="0.0308189"/>
      <testcase classname="Philips.PMP.Test.Auto.UriDeviceControlTest"
                name="UriDeviceControlSaveTestAsync (False,False,False,True) row 4"
                time="0.0367422"/>
      <testcase classname="Philips.PMP.Test.Auto.ComplexMetricProviderTest"
                name="ComplexMetricProviderNumericTwoValuesOnePdt"
                time="0.0226456"/>
      <testcase classname="Philips.PMP.Test.Auto.HeightConversionHelperTest"
                name="HeightConversionHelperConvertTest"
                time="0.0044215"/>
      <testcase classname="Philips.PMP.Test.Auto.FileExportHelperTest"
                name="GetAlertDetails"
                time="0.0091465"/>
      <testcase classname="Philips.PMP.Test.Auto.HL7MessageReceiverTest"
                name="HL7MessageReceiverReceiveMultipleNoEndBlockMessagesCorrectlyTest"
                time="0.0491596"/>
      <testcase classname="Philips.CareEvent.Test.EventWorkflowProviderTests"
                name="GetChatMessagesWithUpdatesTest"
                time="0.1204078"/>
      <testcase classname="Philips.PMP.Test.Auto.WaveFileMgrTest"
                name="PdxSegmentsAreSeparatedCorrectly"
                time="0.0016975"/>
      <testcase classname="Philips.PMP.Test.Auto.SystemControlHandlerTest"
                name="GBCServiceWindowUnableToCreateTest (System.String[],OnSearchTextEntered,System.String[]) row 1"
                time="0.0770402"/>
      <testcase classname="Philips.PMP.Test.Auto.SystemControlHandlerTest"
                name="GBCServiceWindowUnableToCreateTest (System.String[],OnSearchTextEntered,System.String[]) row 2"
                time="0.0307033"/>
      <testcase classname="Philips.PMP.Test.Auto.SystemControlHandlerTest"
                name="GBCServiceWindowUnableToCreateTest (System.String[],OpenUnitListWindow,System.String[]) row 3"
                time="0.0498506"/>
      <testcase classname="Philips.PMP.Test.Auto.SystemControlHandlerTest"
                name="GBCServiceWindowUnableToCreateTest (System.String[],OpenUnitListWindow,System.String[]) row 4"
                time="0.0275612"/>
      <testcase classname="Philips.PMP.Test.Auto.SystemControlHandlerTest"
                name="GBCServiceWindowUnableToCreateTest (System.String[],OpenPatientListWindow,System.String[]) row 5"
                time="0.0084549"/>
      <testcase classname="Philips.PMP.Test.Auto.SystemControlHandlerTest"
                name="GBCServiceWindowUnableToCreateTest (System.String[],OpenPatientListWindow,System.String[]) row 6"
                time="0.0155536"/>
      <testcase classname="Philips.PMP.Test.Auto.SystemControlHandlerTest"
                name="GBCServiceWindowUnableToCreateTest (System.String[],OpenUnassignedBedListWindow,System.String[]) row 7"
                time="0.0070156"/>
      <testcase classname="Philips.PMP.Test.Auto.SystemControlHandlerTest"
                name="GBCServiceWindowUnableToCreateTest (System.String[],OpenUnassignedBedListWindow,System.String[]) row 8"
                time="0.0056096"/>
      <testcase classname="Philips.PMP.Test.Auto.SystemControlHandlerTest"
                name="GBCServiceWindowUnableToCreateTest (System.String[],OpenSoftKeyboardWindow,System.String[]) row 9"
                time="0.0060603"/>
      <testcase classname="Philips.PMP.Test.Auto.SystemControlHandlerTest"
                name="GBCServiceWindowUnableToCreateTest (System.String[],OpenSoftKeyboardWindow,System.String[]) row 10"
                time="0.0044057"/>
      <testcase classname="Philips.PMP.Test.Auto.SystemControlHandlerTest"
                name="GBCServiceWindowUnableToCreateTest (System.String[],OpenErrorWindow,System.String[]) row 11"
                time="0.002986"/>
      <testcase classname="Philips.PMP.Test.Auto.SystemControlHandlerTest"
                name="GBCServiceWindowUnableToCreateTest (System.String[],OpenErrorWindow,System.String[]) row 12"
                time="0.0336334"/>
      <testcase classname="Philips.PMP.Test.Auto.SystemControlHandlerTest"
                name="GBCServiceWindowUnableToCreateTest (System.String[],OnCurrentUuidentAvailable,System.String[]) row 13"
                time="0.0491486"/>
      <testcase classname="Philips.PMP.Test.Auto.SystemControlHandlerTest"
                name="GBCServiceWindowUnableToCreateTest (System.String[],OnCurrentUuidentAvailable,System.String[]) row 14"
                time="0.0394978"/>
      <testcase classname="Philips.PMP.Test.Auto.SystemControlHandlerTest"
                name="GBCServiceWindowUnableToCreateTest (System.String[],OnCurrentUuidentAvailable,System.String[]) row 15"
                time="0.039651"/>
      <testcase classname="Philips.PMP.Test.Auto.SystemControlHandlerTest"
                name="GBCServiceWindowUnableToCreateTest (System.String[],OpenFieldExportSimpleWindow,System.String[]) row 16"
                time="0.0136027"/>
      <testcase classname="Philips.PMP.Test.Auto.SystemControlHandlerTest"
                name="GBCServiceWindowUnableToCreateTest (System.String[],OpenFieldExportSimpleWindow,System.String[]) row 17"
                time="0.0028068"/>
      <testcase classname="Philips.PMP.Test.Auto.SystemControlHandlerTest"
                name="GBCServiceWindowUnableToCreateTest (System.String[],OpenOrderListWindow,System.String[]) row 18"
                time="0.0105707"/>
      <testcase classname="Philips.PMP.Test.Auto.SystemControlHandlerTest"
                name="GBCServiceWindowUnableToCreateTest (System.String[],OpenOrderListWindow,System.String[]) row 19"
                time="0.0056542"/>
      <testcase classname="Philips.PMP.Test.Auto.SystemControlHandlerTest"
                name="GBCServiceWindowUnableToCreateTest (System.String[],OnAddEquipment,System.String[]) row 20"
                time="0.0097559"/>
      <testcase classname="Philips.PMP.Test.Auto.SystemControlHandlerTest"
                name="GBCServiceWindowUnableToCreateTest (System.String[],OnAddEquipment,System.String[]) row 21"
                time="0.0050573"/>
      <testcase classname="Philips.PMP.Test.Auto.SystemControlHandlerTest"
                name="GBCServiceWindowUnableToCreateTest (System.String[],OnSelectTempLocation,System.String[]) row 22"
                time="0.0093154"/>
      <testcase classname="Philips.PMP.Test.Auto.SystemControlHandlerTest"
                name="GBCServiceWindowUnableToCreateTest (System.String[],OnSelectTempLocation,System.String[]) row 23"
                time="0.007179"/>
      <testcase classname="Philips.PMP.Test.Auto.SystemControlHandlerTest"
                name="GBCServiceWindowUnableToCreateTest (System.String[],OnSelectCareGiver,System.String[]) row 24"
                time="0.0190109"/>
      <testcase classname="Philips.PMP.Test.Auto.SystemControlHandlerTest"
                name="GBCServiceWindowUnableToCreateTest (System.String[],OnSelectCareGiver,System.String[]) row 25"
                time="0.0036751"/>
      <testcase classname="Philips.PMP.Test.Auto.SystemControlHandlerTest"
                name="GBCServiceWindowUnableToCreateTest (System.String[],OnCareGiverSelected,System.String[]) row 26"
                time="0.0305707"/>
      <testcase classname="Philips.PMP.Test.Auto.SystemControlHandlerTest"
                name="GBCServiceWindowUnableToCreateTest (System.String[],OnCareGiverSelected,System.String[]) row 27"
                time="0.0302394"/>
      <testcase classname="Philips.PMP.Test.Auto.SystemControlHandlerTest"
                name="GBCServiceWindowUnableToCreateTest (System.String[],OnPatientSelected,System.String[]) row 28"
                time="0.0104006"/>
      <testcase classname="Philips.PMP.Test.Auto.SystemControlHandlerTest"
                name="GBCServiceWindowUnableToCreateTest (System.String[],OnPatientSelected,System.String[]) row 29"
                time="0.0050716"/>
      <testcase classname="Philips.PMP.Test.Auto.SystemControlHandlerTest"
                name="GBCServiceWindowUnableToCreateTest (System.String[],OnAddEquipmentSelected,System.String[]) row 30"
                time="0.0108167"/>
      <testcase classname="Philips.PMP.Test.Auto.SystemControlHandlerTest"
                name="GBCServiceWindowUnableToCreateTest (System.String[],OnAddEquipmentSelected,System.String[]) row 31"
                time="0.0029138"/>
      <testcase classname="Philips.PMP.Test.Auto.SystemControlHandlerTest"
                name="GBCServiceWindowUnableToCreateTest (System.String[],OnTempLocationSelected,System.String[]) row 32"
                time="0.0032785"/>
      <testcase classname="Philips.PMP.Test.Auto.SystemControlHandlerTest"
                name="GBCServiceWindowUnableToCreateTest (System.String[],OnTempLocationSelected,System.String[]) row 33"
                time="0.0014152"/>
      <testcase classname="Philips.PMP.Test.Auto.SystemControlHandlerTest"
                name="GBCServiceWindowUnableToCreateTest (System.String[],OnUnassignedBedSelected,System.String[]) row 34"
                time="0.0085966"/>
      <testcase classname="Philips.PMP.Test.Auto.SystemControlHandlerTest"
                name="GBCServiceWindowUnableToCreateTest (System.String[],OnUnassignedBedSelected,System.String[]) row 35"
                time="0.0031821"/>
      <testcase classname="Philips.PMP.Test.Auto.SystemControlHandlerTest"
                name="GBCServiceWindowUnableToCreateTest (System.String[],OnBedInUnitSelected,System.String[]) row 36"
                time="0.0145548"/>
      <testcase classname="Philips.PMP.Test.Auto.SystemControlHandlerTest"
                name="GBCServiceWindowUnableToCreateTest (System.String[],OnBedInUnitSelected,System.String[]) row 37"
                time="0.0095504"/>
      <testcase classname="Philips.PMP.Test.Auto.SystemControlHandlerTest"
                name="GBCServiceWindowUnableToCreateTest (System.String[],OnExportFieldValueSelected,System.String[]) row 38"
                time="0.0102832"/>
      <testcase classname="Philips.PMP.Test.Auto.SystemControlHandlerTest"
                name="GBCServiceWindowUnableToCreateTest (System.String[],OnExportFieldValueSelected,System.String[]) row 39"
                time="0.0044383"/>
      <testcase classname="Philips.PMP.Test.Auto.IheDeviceTest"
                name="IHEDeviceTest (MSH|^~\&amp;|DAS|UMS|||20170601130210+0100||ORU^R01|PCD-01_20170601120210433237|P|2.6|||NE|AL|||EN^English^ISO639||IHE_PCD_001^IHE PCD^1.3.6.1.4.1.19376.1.6.1.1.1^ISO~IHE_PCD_010^IHE PCD^1.3.6.1.4.1.19376.1.6.1.10.1^ISO&#xD;&#xA;&#x9;&#x9;PID|||Bed1^^^AIC^U||Bed1^^^^^^U&#xD;&#xA;&#x9;&#x9;PV1||U|ICU^^Bed1&#xD;&#xA;&#x9;&#x9;OBR|1|ICU@Bed1@Alaris PK@8005-05758^AIC^unitedms.com^DNS|ICU@Bed1@Alaris PK@8005-05758^AIC^unitedms.com^DNS|ICU@Bed1@Alaris PK@8005-05758^Alfentanil|||20170601130206+0100&#xD;&#xA;&#x9;&#x9;OBX|1||69985^MDC_DEV_PUMP_INFUS_MDS^MDC|1.0.0.0|||||||X|||||||Alaris PK@8005-05758@1^AIC^unitedms.com^DNS&#xD;&#xA;&#x9;&#x9;OBX|2||69986^MDC_DEV_PUMP_INFUS_VMD^MDC|1.1.0.0|||||||X&#xD;&#xA;&#x9;&#x9;OBX|3||70067^MDC_DEV_PUMP_INFUS_CHAN_DELIVERY^MDC|1.1.1.0|||||||X&#xD;&#xA;&#x9;&#x9;OBX|4|ST|184508^MDC_PUMP_STAT^MDC|1.1.1.12|pump-status-infusing||||||X&#xD;&#xA;&#x9;&#x9;OBX|5|ST|184512^MDC_PUMP_MODE_CURRENT^MDC|1.1.1.11|pump-mode-continuous||||||X&#xD;&#xA;&#x9;&#x9;OBX|6|NM|157784^MDC_FLOW_FLUID_PUMP^MDC|1.1.1.13|9.18|mL/h^mL/h^UCUM|||||R&#xD;&#xA;&#x9;&#x9;OBX|7|NM|0^MDCX_PUMP_PK_PC^MDC|1.1.1.16|20.0008|ng/mL^ng/mL^UCUM|||||R&#xD;&#xA;&#x9;&#x9;OBX|8|NM|0^MDCX_PUMP_PK_EC^MDC|1.1.1.17|19.9980|ng/mL^ng/mL^UCUM|||||R&#xD;&#xA;&#x9;&#x9;OBX|9|ST|70071^MDC_DEV_PUMP_INFUS_CHAN_PRIMARY^MDC|1.1.2.0|||||||X&#xD;&#xA;&#x9;&#x9;OBX|10|ST|184514^MDC_DRUG_NAME_LABEL^MDC|1.1.2.11|Alfentanil||||||R&#xD;&#xA;&#x9;&#x9;OBX|11|NM|157760^MDC_CONC_DRUG^MDC|1.1.2.12|100.00|mcg/mL^mcg/mL^UCUM|||||R&#xD;&#xA;&#x9;&#x9;OBX|12|NM|157784^MDC_FLOW_FLUID_PUMP^MDC|1.1.2.13|9.18|mL/h^mL/h^UCUM|||||R&#xD;&#xA;&#x9;&#x9;OBX|13|NM|157924^MDC_RATE_DOSE^MDC|1.1.2.14|0.20|mcg/kg/min^mcg/kg/min^UCUM|||||R&#xD;&#xA;&#x9;&#x9;OBX|14|NM|157864^MDC_VOL_FLUID_DELIV^MDC|1.1.2.15|||||||R&#xD;&#xA;&#x9;&#x9;OBX|15|NM|157872^MDC_VOL_FLUID_TBI_REMAIN^MDC|1.1.2.17|||||||R&#xD;&#xA;&#x9;&#x9;OBX|16|NM|157916^MDC_TIME_PD_REMAIN^MDC|1.1.2.18|255|min^min^UCUM|||||R&#xD;&#xA;&#x9;&#x9;OBX|17|NM|68063^MDC_ATTR_PT_WEIGHT^MDC|1.1.2.19|70.00|kg^kg^UCUM|||||R&#xD;&#xA;&#x9;&#x9;OBX|18|ST|0^MDCX_PUMP_PK_DRUGMODEL^MDC|1.1.2.21|Alfentanil_Maitre||||||R&#xD;&#xA;&#x9;&#x9;OBX|19|ST|0^MDCX_PUMP_PK_TARGETMODE^MDC|1.1.2.22|P||||||R&#xD;&#xA;&#x9;&#x9;OBX|20|NM|0^MDCX_PUMP_PK_TARGET^MDC|1.1.2.23|20.0000|ng/mL^ng/mL^UCUM|||||R&#xD;&#xA;&#x9;&#x9;OBX|21|ST|70055^MDC_DEV_PUMP_INFUS_SYRINGE_CHAN^MDC|1.1.4.0|||||||X&#xD;&#xA;&#x9;&#x9;OBX|22|ST|184488^MDC_SYRINGE_MANUFACTURER^MDC|1.1.4.10|IVAC||||||R&#xD;&#xA;&#x9;&#x9;OBX|23|NM|157880^MDC_VOL_SYRINGE^MDC|1.1.4.11|50|mL^mL^UCUM|||||R&#xD;&#xA;&#x9;&#x9;OBR|2|ICU@Bed1@Alaris GH_G@8002-62870^AIC^unitedms.com^DNS|ICU@Bed1@Alaris GH_G@8002-62870^AIC^unitedms.com^DNS|ICU@Bed1@Alaris GH_G@8002-62870^unknown medication|||20170601130206+0100&#xD;&#xA;&#x9;&#x9;OBX|1||69985^MDC_DEV_PUMP_INFUS_MDS^MDC|1.0.0.0|||||||X|||||||Alaris GH_G@8002-62870@1^AIC^unitedms.com^DNS&#xD;&#xA;&#x9;&#x9;OBX|2||69986^MDC_DEV_PUMP_INFUS_VMD^MDC|1.1.0.0|||||||X&#xD;&#xA;&#x9;&#x9;OBX|3||70067^MDC_DEV_PUMP_INFUS_CHAN_DELIVERY^MDC|1.1.1.0|||||||X&#xD;&#xA;&#x9;&#x9;OBX|4|ST|184508^MDC_PUMP_STAT^MDC|1.1.1.12|pump-status-infusing||||||X&#xD;&#xA;&#x9;&#x9;OBX|5|ST|184512^MDC_PUMP_MODE_CURRENT^MDC|1.1.1.11|pump-mode-continuous||||||X&#xD;&#xA;&#x9;&#x9;OBX|6|NM|157784^MDC_FLOW_FLUID_PUMP^MDC|1.1.1.13|9.00|mL/h^mL/h^UCUM|||||R&#xD;&#xA;&#x9;&#x9;OBX|7|ST|70071^MDC_DEV_PUMP_INFUS_CHAN_PRIMARY^MDC|1.1.2.0|||||||X&#xD;&#xA;&#x9;&#x9;OBX|8|ST|184514^MDC_DRUG_NAME_LABEL^MDC|1.1.2.11|Unknown medication||||||R&#xD;&#xA;&#x9;&#x9;OBX|9|NM|157784^MDC_FLOW_FLUID_PUMP^MDC|1.1.2.13|9.00|mL/h^mL/h^UCUM|||||R&#xD;&#xA;&#x9;&#x9;OBX|10|NM|157864^MDC_VOL_FLUID_DELIV^MDC|1.1.2.15|||||||R&#xD;&#xA;&#x9;&#x9;OBX|11|NM|157872^MDC_VOL_FLUID_TBI_REMAIN^MDC|1.1.2.17|||||||R&#xD;&#xA;&#x9;&#x9;OBX|12|NM|157916^MDC_TIME_PD_REMAIN^MDC|1.1.2.18|145|min^min^UCUM|||||R&#xD;&#xA;&#x9;&#x9;OBX|13|ST|70055^MDC_DEV_PUMP_INFUS_SYRINGE_CHAN^MDC|1.1.4.0|||||||X&#xD;&#xA;&#x9;&#x9;OBX|14|ST|184488^MDC_SYRINGE_MANUFACTURER^MDC|1.1.4.10|IVAC||||||R&#xD;&#xA;&#x9;&#x9;OBX|15|NM|157880^MDC_VOL_SYRINGE^MDC|1.1.4.11|50|mL^mL^UCUM|||||R&#xD;&#xA;&#x9;&#x9;OBR|3|ICU@Bed1@Alaris GP@1350-22722^AIC^unitedms.com^DNS|ICU@Bed1@Alaris GP@1350-22722^AIC^unitedms.com^DNS|ICU@Bed1@Alaris GP@1350-22722^unknown medication|||20170601130206+0100&#xD;&#xA;&#x9;&#x9;OBX|1||69985^MDC_DEV_PUMP_INFUS_MDS^MDC|1.0.0.0|||||||X|||||||Alaris GP@1350-22722@1^AIC^unitedms.com^DNS&#xD;&#xA;&#x9;&#x9;OBX|2||69986^MDC_DEV_PUMP_INFUS_VMD^MDC|1.1.0.0|||||||X&#xD;&#xA;&#x9;&#x9;OBX|3||70067^MDC_DEV_PUMP_INFUS_CHAN_DELIVERY^MDC|1.1.1.0|||||||X&#xD;&#xA;&#x9;&#x9;OBX|4|ST|184508^MDC_PUMP_STAT^MDC|1.1.1.12|pump-status-infusing||||||X&#xD;&#xA;&#x9;&#x9;OBX|5|ST|184512^MDC_PUMP_MODE_CURRENT^MDC|1.1.1.11|pump-mode-continuous||||||X&#xD;&#xA;&#x9;&#x9;OBX|6|NM|157784^MDC_FLOW_FLUID_PUMP^MDC|1.1.1.13|3.60|mL/h^mL/h^UCUM|||||R&#xD;&#xA;&#x9;&#x9;OBX|7|NM|0^MDCX_PUMP_DELIVERY_PRESSURE^MDC|1.1.1.15|0|mm[Hg]^mm[Hg]^UCUM|||||R&#xD;&#xA;&#x9;&#x9;OBX|8|ST|70071^MDC_DEV_PUMP_INFUS_CHAN_PRIMARY^MDC|1.1.2.0|||||||X&#xD;&#xA;&#x9;&#x9;OBX|9|ST|184514^MDC_DRUG_NAME_LABEL^MDC|1.1.2.11|Unknown medication||||||R&#xD;&#xA;&#x9;&#x9;OBX|10|NM|157784^MDC_FLOW_FLUID_PUMP^MDC|1.1.2.13|3.60|mL/h^mL/h^UCUM|||||R&#xD;&#xA;&#x9;&#x9;OBX|11|NM|157924^MDC_RATE_DOSE^MDC|1.1.2.14|0.50|mcg/kg/h^mcg/kg/h^UCUM|||||R&#xD;&#xA;&#x9;&#x9;OBX|12|NM|157864^MDC_VOL_FLUID_DELIV^MDC|1.1.2.15|||||||R&#xD;&#xA;&#x9;&#x9;OBX|13|NM|157872^MDC_VOL_FLUID_TBI_REMAIN^MDC|1.1.2.17|677.91|mL^mL^UCUM|||||R&#xD;&#xA;&#x9;&#x9;OBX|14|NM|157916^MDC_TIME_PD_REMAIN^MDC|1.1.2.18|24+|min^min^UCUM|||||R&#xD;&#xA;&#x9;&#x9;OBX|15|NM|68063^MDC_ATTR_PT_WEIGHT^MDC|1.1.2.19|90.000|kg^kg^UCUM|||||R&#xD;&#xA;&#x9;&#x9;OBX|16|ST|70055^MDC_DEV_PUMP_INFUS_SYRINGE_CHAN^MDC|1.1.4.0|||||||X&#xD;&#xA;&#x9;&#x9;OBR|4|ICU@Bed1@Alaris CC@8003-50738^AIC^unitedms.com^DNS|ICU@Bed1@Alaris CC@8003-50738^AIC^unitedms.com^DNS|ICU@Bed1@Alaris CC@8003-50738^unknown medication|||20170601130206+0100&#xD;&#xA;&#x9;&#x9;OBX|1||69985^MDC_DEV_PUMP_INFUS_MDS^MDC|1.0.0.0|||||||X|||||||Alaris CC@8003-50738@1^AIC^unitedms.com^DNS&#xD;&#xA;&#x9;&#x9;OBX|2||69986^MDC_DEV_PUMP_INFUS_VMD^MDC|1.1.0.0|||||||X&#xD;&#xA;&#x9;&#x9;OBX|3||70067^MDC_DEV_PUMP_INFUS_CHAN_DELIVERY^MDC|1.1.1.0|||||||X&#xD;&#xA;&#x9;&#x9;OBX|4|ST|184508^MDC_PUMP_STAT^MDC|1.1.1.12|pump-status-infusing||||||X&#xD;&#xA;&#x9;&#x9;OBX|5|ST|184512^MDC_PUMP_MODE_CURRENT^MDC|1.1.1.11|pump-mode-continuous||||||X&#xD;&#xA;&#x9;&#x9;OBX|6|NM|157784^MDC_FLOW_FLUID_PUMP^MDC|1.1.1.13|0.90|mL/h^mL/h^UCUM|||||R&#xD;&#xA;&#x9;&#x9;OBX|7|NM|0^MDCX_PUMP_DELIVERY_PRESSURE^MDC|1.1.1.15|0|mm[Hg]^mm[Hg]^UCUM|||||R&#xD;&#xA;&#x9;&#x9;OBX|8|ST|70071^MDC_DEV_PUMP_INFUS_CHAN_PRIMARY^MDC|1.1.2.0|||||||X&#xD;&#xA;&#x9;&#x9;OBX|9|ST|184514^MDC_DRUG_NAME_LABEL^MDC|1.1.2.11|Unknown medication||||||R&#xD;&#xA;&#x9;&#x9;OBX|10|NM|157784^MDC_FLOW_FLUID_PUMP^MDC|1.1.2.13|0.90|mL/h^mL/h^UCUM|||||R&#xD;&#xA;&#x9;&#x9;OBX|11|NM|157924^MDC_RATE_DOSE^MDC|1.1.2.14|15.00|mcg/kg/min^mcg/kg/min^UCUM|||||R&#xD;&#xA;&#x9;&#x9;OBX|12|NM|157864^MDC_VOL_FLUID_DELIV^MDC|1.1.2.15|||||||R&#xD;&#xA;&#x9;&#x9;OBX|13|NM|157872^MDC_VOL_FLUID_TBI_REMAIN^MDC|1.1.2.17|||||||R&#xD;&#xA;&#x9;&#x9;OBX|14|NM|157916^MDC_TIME_PD_REMAIN^MDC|1.1.2.18|917|min^min^UCUM|||||R&#xD;&#xA;&#x9;&#x9;OBX|15|NM|68063^MDC_ATTR_PT_WEIGHT^MDC|1.1.2.19|1.00|kg^kg^UCUM|||||R&#xD;&#xA;&#x9;&#x9;OBX|16|ST|70055^MDC_DEV_PUMP_INFUS_SYRINGE_CHAN^MDC|1.1.4.0|||||||X&#xD;&#xA;&#x9;&#x9;OBX|17|ST|184488^MDC_SYRINGE_MANUFACTURER^MDC|1.1.4.10|IVAC||||||R&#xD;&#xA;&#x9;&#x9;OBX|18|NM|157880^MDC_VOL_SYRINGE^MDC|1.1.4.11|50|mL^mL^UCUM|||||R&#xD;&#xA;&#x9;&#x9;OBR|5|ICU@Bed1@Alaris GH_G@8002-47523^AIC^unitedms.com^DNS|ICU@Bed1@Alaris GH_G@8002-47523^AIC^unitedms.com^DNS|ICU@Bed1@Alaris GH_G@8002-47523^unknown medication|||20170601130206+0100&#xD;&#xA;&#x9;&#x9;OBX|1||69985^MDC_DEV_PUMP_INFUS_MDS^MDC|1.0.0.0|||||||X|||||||Alaris GH_G@8002-47523@1^AIC^unitedms.com^DNS&#xD;&#xA;&#x9;&#x9;OBX|2||69986^MDC_DEV_PUMP_INFUS_VMD^MDC|1.1.0.0|||||||X&#xD;&#xA;&#x9;&#x9;OBX|3||70067^MDC_DEV_PUMP_INFUS_CHAN_DELIVERY^MDC|1.1.1.0|||||||X&#xD;&#xA;&#x9;&#x9;OBX|4|ST|184508^MDC_PUMP_STAT^MDC|1.1.1.12|pump-status-infusing||||||X&#xD;&#xA;&#x9;&#x9;OBX|5|ST|184512^MDC_PUMP_MODE_CURRENT^MDC|1.1.1.11|pump-mode-continuous||||||X&#xD;&#xA;&#x9;&#x9;OBX|6|NM|157784^MDC_FLOW_FLUID_PUMP^MDC|1.1.1.13|30.00|mL/h^mL/h^UCUM|||||R&#xD;&#xA;&#x9;&#x9;OBX|7|ST|70071^MDC_DEV_PUMP_INFUS_CHAN_PRIMARY^MDC|1.1.2.0|||||||X&#xD;&#xA;&#x9;&#x9;OBX|8|ST|184514^MDC_DRUG_NAME_LABEL^MDC|1.1.2.11|Unknown medication||||||R&#xD;&#xA;&#x9;&#x9;OBX|9|NM|157784^MDC_FLOW_FLUID_PUMP^MDC|1.1.2.13|30.00|mL/h^mL/h^UCUM|||||R&#xD;&#xA;&#x9;&#x9;OBX|10|NM|157864^MDC_VOL_FLUID_DELIV^MDC|1.1.2.15|||||||R&#xD;&#xA;&#x9;&#x9;OBX|11|NM|157872^MDC_VOL_FLUID_TBI_REMAIN^MDC|1.1.2.17|||||||R&#xD;&#xA;&#x9;&#x9;OBX|12|NM|157916^MDC_TIME_PD_REMAIN^MDC|1.1.2.18|5|min^min^UCUM|||||R&#xD;&#xA;&#x9;&#x9;OBX|13|ST|70055^MDC_DEV_PUMP_INFUS_SYRINGE_CHAN^MDC|1.1.4.0|||||||X&#xD;&#xA;&#x9;&#x9;OBX|14|ST|184488^MDC_SYRINGE_MANUFACTURER^MDC|1.1.4.10|BD PLASTIPAK||||||R&#xD;&#xA;&#x9;&#x9;OBX|15|NM|157880^MDC_VOL_SYRINGE^MDC|1.1.4.11|50|mL^mL^UCUM|||||R&#xD;&#xA;&#x9;&#x9;OBR|6|ICU@Bed1@Alaris GW@4443^AIC^unitedms.com^DNS|ICU@Bed1@Alaris GW@4443^AIC^unitedms.com^DNS|ICU@Bed1@Alaris GW@4443^unknown medication|||20170601130206+0100&#xD;&#xA;&#x9;&#x9;OBX|1||69985^MDC_DEV_PUMP_INFUS_MDS^MDC|1.0.0.0|||||||X|||||||Alaris GW@4443@1^AIC^unitedms.com^DNS&#xD;&#xA;&#x9;&#x9;OBX|2||69986^MDC_DEV_PUMP_INFUS_VMD^MDC|1.1.0.0|||||||X&#xD;&#xA;&#x9;&#x9;OBX|3||70067^MDC_DEV_PUMP_INFUS_CHAN_DELIVERY^MDC|1.1.1.0|||||||X&#xD;&#xA;&#x9;&#x9;OBX|4|ST|184508^MDC_PUMP_STAT^MDC|1.1.1.12|pump-status-infusing||||||X&#xD;&#xA;&#x9;&#x9;OBX|5|ST|184512^MDC_PUMP_MODE_CURRENT^MDC|1.1.1.11|pump-mode-continuous||||||X&#xD;&#xA;&#x9;&#x9;OBX|6|NM|157784^MDC_FLOW_FLUID_PUMP^MDC|1.1.1.13|7.0|mL/h^mL/h^UCUM|||||R&#xD;&#xA;&#x9;&#x9;OBX|7|NM|0^MDCX_PUMP_DELIVERY_PRESSURE^MDC|1.1.1.15|38|mm[Hg]^mm[Hg]^UCUM|||||R&#xD;&#xA;&#x9;&#x9;OBX|8|ST|70071^MDC_DEV_PUMP_INFUS_CHAN_PRIMARY^MDC|1.1.2.0|||||||X&#xD;&#xA;&#x9;&#x9;OBX|9|ST|184514^MDC_DRUG_NAME_LABEL^MDC|1.1.2.11|Unknown medication||||||R&#xD;&#xA;&#x9;&#x9;OBX|10|NM|157784^MDC_FLOW_FLUID_PUMP^MDC|1.1.2.13|7.0|mL/h^mL/h^UCUM|||||R&#xD;&#xA;&#x9;&#x9;OBX|11|NM|157864^MDC_VOL_FLUID_DELIV^MDC|1.1.2.15|||||||R&#xD;&#xA;&#x9;&#x9;OBX|12|NM|157872^MDC_VOL_FLUID_TBI_REMAIN^MDC|1.1.2.17|43.7|mL^mL^UCUM|||||R&#xD;&#xA;&#x9;&#x9;OBX|13|NM|157916^MDC_TIME_PD_REMAIN^MDC|1.1.2.18|375|min^min^UCUM|||||R&#xD;&#xA;&#x9;&#x9;OBX|14|ST|70055^MDC_DEV_PUMP_INFUS_SYRINGE_CHAN^MDC|1.1.4.0|||||||X&#xD;&#xA;&#x9;&#x9;OBR|7|ICU@Bed1@Alaris CC_G@8004-04787^AIC^unitedms.com^DNS|ICU@Bed1@Alaris CC_G@8004-04787^AIC^unitedms.com^DNS|ICU@Bed1@Alaris CC_G@8004-04787^Dobutamine|||20170601130206+0100&#xD;&#xA;&#x9;&#x9;OBX|1||69985^MDC_DEV_PUMP_INFUS_MDS^MDC|1.0.0.0|||||||X|||||||Alaris CC_G@8004-04787@1^AIC^unitedms.com^DNS&#xD;&#xA;&#x9;&#x9;OBX|2||69986^MDC_DEV_PUMP_INFUS_VMD^MDC|1.1.0.0|||||||X&#xD;&#xA;&#x9;&#x9;OBX|3||70067^MDC_DEV_PUMP_INFUS_CHAN_DELIVERY^MDC|1.1.1.0|||||||X&#xD;&#xA;&#x9;&#x9;OBX|4|ST|184508^MDC_PUMP_STAT^MDC|1.1.1.12|pump-status-infusing||||||X&#xD;&#xA;&#x9;&#x9;OBX|5|ST|184512^MDC_PUMP_MODE_CURRENT^MDC|1.1.1.11|pump-mode-continuous||||||X&#xD;&#xA;&#x9;&#x9;OBX|6|NM|157784^MDC_FLOW_FLUID_PUMP^MDC|1.1.1.13|2.52|mL/h^mL/h^UCUM|||||R&#xD;&#xA;&#x9;&#x9;OBX|7|NM|0^MDCX_PUMP_DELIVERY_PRESSURE^MDC|1.1.1.15|0|mm[Hg]^mm[Hg]^UCUM|||||R&#xD;&#xA;&#x9;&#x9;OBX|8|ST|70071^MDC_DEV_PUMP_INFUS_CHAN_PRIMARY^MDC|1.1.2.0|||||||X&#xD;&#xA;&#x9;&#x9;OBX|9|ST|184514^MDC_DRUG_NAME_LABEL^MDC|1.1.2.11|Dobutamine||||||R&#xD;&#xA;&#x9;&#x9;OBX|10|NM|157760^MDC_CONC_DRUG^MDC|1.1.2.12|5.00|mg/mL^mg/mL^UCUM|||||R&#xD;&#xA;&#x9;&#x9;OBX|11|NM|157784^MDC_FLOW_FLUID_PUMP^MDC|1.1.2.13|2.52|mL/h^mL/h^UCUM|||||R&#xD;&#xA;&#x9;&#x9;OBX|12|NM|157924^MDC_RATE_DOSE^MDC|1.1.2.14|3.00|mcg/kg/min^mcg/kg/min^UCUM|||||R&#xD;&#xA;&#x9;&#x9;OBX|13|NM|157864^MDC_VOL_FLUID_DELIV^MDC|1.1.2.15|||||||R&#xD;&#xA;&#x9;&#x9;OBX|14|NM|157872^MDC_VOL_FLUID_TBI_REMAIN^MDC|1.1.2.17|||||||R&#xD;&#xA;&#x9;&#x9;OBX|15|NM|157916^MDC_TIME_PD_REMAIN^MDC|1.1.2.18|768|min^min^UCUM|||||R&#xD;&#xA;&#x9;&#x9;OBX|16|NM|68063^MDC_ATTR_PT_WEIGHT^MDC|1.1.2.19|70.00|kg^kg^UCUM|||||R&#xD;&#xA;&#x9;&#x9;OBX|17|ST|70055^MDC_DEV_PUMP_INFUS_SYRINGE_CHAN^MDC|1.1.4.0|||||||X&#xD;&#xA;&#x9;&#x9;OBX|18|ST|184488^MDC_SYRINGE_MANUFACTURER^MDC|1.1.4.10|BD PLASTIPAK||||||R&#xD;&#xA;&#x9;&#x9;OBX|19|NM|157880^MDC_VOL_SYRINGE^MDC|1.1.4.11|50|mL^mL^UCUM|||||R&#xD;&#xA;&#x9;&#x9;OBR|8|ICU@Bed1@Alaris CC_G@8003-13775^AIC^unitedms.com^DNS|ICU@Bed1@Alaris CC_G@8003-13775^AIC^unitedms.com^DNS|ICU@Bed1@Alaris CC_G@8003-13775^Fentanyl|||20170601130206+0100&#xD;&#xA;&#x9;&#x9;OBX|1||69985^MDC_DEV_PUMP_INFUS_MDS^MDC|1.0.0.0|||||||X|||||||Alaris CC_G@8003-13775@1^AIC^unitedms.com^DNS&#xD;&#xA;&#x9;&#x9;OBX|2||69986^MDC_DEV_PUMP_INFUS_VMD^MDC|1.1.0.0|||||||X&#xD;&#xA;&#x9;&#x9;OBX|3||70067^MDC_DEV_PUMP_INFUS_CHAN_DELIVERY^MDC|1.1.1.0|||||||X&#xD;&#xA;&#x9;&#x9;OBX|4|ST|184508^MDC_PUMP_STAT^MDC|1.1.1.12|pump-status-infusing||||||X&#xD;&#xA;&#x9;&#x9;OBX|5|ST|184512^MDC_PUMP_MODE_CURRENT^MDC|1.1.1.11|pump-mode-continuous||||||X&#xD;&#xA;&#x9;&#x9;OBX|6|NM|157784^MDC_FLOW_FLUID_PUMP^MDC|1.1.1.13|1.00|mL/h^mL/h^UCUM|||||R&#xD;&#xA;&#x9;&#x9;OBX|7|NM|0^MDCX_PUMP_DELIVERY_PRESSURE^MDC|1.1.1.15|0|mm[Hg]^mm[Hg]^UCUM|||||R&#xD;&#xA;&#x9;&#x9;OBX|8|ST|70071^MDC_DEV_PUMP_INFUS_CHAN_PRIMARY^MDC|1.1.2.0|||||||X&#xD;&#xA;&#x9;&#x9;OBX|9|ST|184514^MDC_DRUG_NAME_LABEL^MDC|1.1.2.11|Fentanyl||||||R&#xD;&#xA;&#x9;&#x9;OBX|10|NM|157760^MDC_CONC_DRUG^MDC|1.1.2.12|50.00|mcg/mL^mcg/mL^UCUM|||||R&#xD;&#xA;&#x9;&#x9;OBX|11|NM|157784^MDC_FLOW_FLUID_PUMP^MDC|1.1.2.13|1.00|mL/h^mL/h^UCUM|||||R&#xD;&#xA;&#x9;&#x9;OBX|12|NM|157924^MDC_RATE_DOSE^MDC|1.1.2.14|50.00|mcg/h^mcg/h^UCUM|||||R&#xD;&#xA;&#x9;&#x9;OBX|13|NM|157864^MDC_VOL_FLUID_DELIV^MDC|1.1.2.15|||||||R&#xD;&#xA;&#x9;&#x9;OBX|14|NM|157872^MDC_VOL_FLUID_TBI_REMAIN^MDC|1.1.2.17|||||||R&#xD;&#xA;&#x9;&#x9;OBX|15|NM|157916^MDC_TIME_PD_REMAIN^MDC|1.1.2.18|24+|min^min^UCUM|||||R&#xD;&#xA;&#x9;&#x9;OBX|16|ST|70055^MDC_DEV_PUMP_INFUS_SYRINGE_CHAN^MDC|1.1.4.0|||||||X&#xD;&#xA;&#x9;&#x9;OBX|17|ST|184488^MDC_SYRINGE_MANUFACTURER^MDC|1.1.4.10|BD PLASTIPAK||||||R&#xD;&#xA;&#x9;&#x9;OBX|18|NM|157880^MDC_VOL_SYRINGE^MDC|1.1.4.11|50|mL^mL^UCUM|||||R&#xD;&#xA;&#x9;&#x9;,True,8) row 1"
                time="0.0311647"/>
      <testcase classname="Philips.PMP.Test.Auto.IheDeviceTest"
                name="IHEDeviceTest (MSH|^~\&amp;|CONNECT|UMS|||20220615092912+0200||ORU^R01^ORU_R01|PCD-01_20220615072912832731|P|2.6|||AL|NE|||EN^English^ISO639||IHE_PCD_001^IHE PCD^1.3.6.1.4.1.19376.1.6.1.1.1^ISO&#xD;&#xA;&#x9;&#x9;PID|||Bed5^^^AIC^U||Bed5^^^^^^U&#xD;&#xA;&#x9;&#x9;PV1||U|{PV13Location}&#xD;&#xA;&#x9;&#x9;OBR|1|ICU@Bed5@Alaris PK@8005-05760^AIC^ascom.com^DNS|ICU@Bed5@Alaris PK@8005-05760^AIC^ascom.com^DNS|ICU@Bed5@Alaris PK@8005-05760^Alfentanil|||20220615092911.184+0200&#xD;&#xA;&#x9;&#x9;OBX|1||69985^MDC_DEV_PUMP_INFUS_MDS^MDC|1.0.0.0|||||||X|||||||Alaris PK@8005-05760@1^AIC^ascom.com^DNS&#xD;&#xA;&#x9;&#x9;OBX|2||69986^MDC_DEV_PUMP_INFUS_VMD^MDC|1.1.0.0|||||||X&#xD;&#xA;&#x9;&#x9;OBX|3|CWE|188772^MDC_COMM_STATUS^MDC|1.1.0.1|^comm-status-online^MDC||||||X&#xD;&#xA;&#x9;&#x9;OBX|4||126978^MDC_DEV_PUMP_INFUS_CHAN_DELIVERY^MDC|1.1.1.0|||||||X&#xD;&#xA;&#x9;&#x9;OBX|5|CWE|184504^MDC_PUMP_MODE^MDC|1.1.1.11|^pump-mode-continuous^MDC||||||R&#xD;&#xA;&#x9;&#x9;OBX|6|CWE|184519^MDC_PUMP_INFUSING_STATUS^MDC|1.1.1.12|^pump-status-infusing^MDC||||||R&#xD;&#xA;&#x9;&#x9;OBX|7|NM|157784^MDC_FLOW_FLUID_PUMP^MDC|1.1.1.13|7.20|mL/h^mL/h^UCUM|||||R&#xD;&#xA;&#x9;&#x9;OBX|8|NM|157993^MDC_VOL_FLUID_DELIV_TOTAL^MDC|1.1.1.14|7.744|mL^mL^UCUM|||||R&#xD;&#xA;&#x9;&#x9;OBX|9|NM|0^MDCX_PUMP_PK_PC^MDC|1.1.1.16|19.9986|ng/mL^ng/mL^UCUM|||||R&#xD;&#xA;&#x9;&#x9;OBX|10|NM|0^MDCX_PUMP_PK_EC^MDC|1.1.1.17|19.9990|ng/mL^ng/mL^UCUM|||||R&#xD;&#xA;&#x9;&#x9;OBX|11|CWE|0^MDC_DEV_PUMP_ACTIVE_SOURCES^MDC|1.1.1.18|^pump-source-info-primary^MDC||||||R&#xD;&#xA;&#x9;&#x9;OBX|12||126977^MDC_DEV_PUMP_INFUS_CHAN_SOURCE^MDC|1.1.2.0|||||||X&#xD;&#xA;&#x9;&#x9;OBX|13|ST|184514^MDC_DRUG_NAME_LABEL^MDC|1.1.2.11|Alfentanil||||||R&#xD;&#xA;&#x9;&#x9;OBX|14|NM|157760^MDC_CONC_DRUG^MDC|1.1.2.12|100.00|mcg/mL^mcg/mL^UCUM|||||R&#xD;&#xA;&#x9;&#x9;OBX|15|NM|157784^MDC_FLOW_FLUID_PUMP^MDC|1.1.2.13|7.20|mL/h^mL/h^UCUM|||||R&#xD;&#xA;&#x9;&#x9;OBX|16|NM|157924^MDC_RATE_DOSE^MDC|1.1.2.14|0.17|mcg/kg/min^mcg/kg/min^UCUM|||||R&#xD;&#xA;&#x9;&#x9;OBX|17|NM|157864^MDC_VOL_FLUID_DELIV^MDC|1.1.2.15|0.020|mL^mL^UCUM|||||R&#xD;&#xA;&#x9;&#x9;OBX|18|NM|157993^MDC_VOL_FLUID_DELIV_TOTAL^MDC|1.1.2.16|7.744|mL^mL^UCUM|||||R&#xD;&#xA;&#x9;&#x9;OBX|19|NM|157872^MDC_VOL_FLUID_TBI_REMAIN^MDC|1.1.2.17||mL^mL^UCUM|||||X&#xD;&#xA;&#x9;&#x9;OBX|20|NM|157916^MDC_TIME_PD_REMAIN^MDC|1.1.2.18|316|min^min^UCUM|||||R&#xD;&#xA;&#x9;&#x9;OBX|21|NM|68063^MDC_ATTR_PT_WEIGHT^MDC|1.1.2.19|70.00|kg^kg^UCUM|||||R&#xD;&#xA;&#x9;&#x9;OBX|22|ST|0^MDCX_PUMP_PK_DRUGMODEL^MDC|1.1.2.21|Alfentanil_Maitre||||||R&#xD;&#xA;&#x9;&#x9;OBX|23|ST|0^MDCX_PUMP_PK_TARGETMODE^MDC|1.1.2.22|P||||||R&#xD;&#xA;&#x9;&#x9;OBX|24|NM|0^MDCX_PUMP_PK_TARGET^MDC|1.1.2.23|20.0000|ng/mL^ng/mL^UCUM|||||R&#xD;&#xA;&#x9;&#x9;OBX|25|ST|70055^MDC_DEV_PUMP_INFUS_SYRINGE_CHAN^MDC|1.1.4.0|||||||X&#xD;&#xA;&#x9;&#x9;OBX|26|ST|184488^MDC_SYRINGE_MANUFACTURER^MDC|1.1.4.10|IVAC||||||R&#xD;&#xA;&#x9;&#x9;OBX|27|NM|157880^MDC_VOL_SYRINGE^MDC|1.1.4.11|50|mL^mL^UCUM|||||R&#xD;&#xA;&#x9;&#x9;OBR|2|ICU@Bed5@Alaris GH_G@8002-62872^AIC^ascom.com^DNS|ICU@Bed5@Alaris GH_G@8002-62872^AIC^ascom.com^DNS|ICU@Bed5@Alaris GH_G@8002-62872^unknown medication|||20220615092911.184+0200&#xD;&#xA;&#x9;&#x9;OBX|1||69985^MDC_DEV_PUMP_INFUS_MDS^MDC|1.0.0.0|||||||X|||||||Alaris GH_G@8002-62872@1^AIC^ascom.com^DNS&#xD;&#xA;&#x9;&#x9;OBX|2||69986^MDC_DEV_PUMP_INFUS_VMD^MDC|1.1.0.0|||||||X&#xD;&#xA;&#x9;&#x9;OBX|3|CWE|188772^MDC_COMM_STATUS^MDC|1.1.0.1|^comm-status-online^MDC||||||X&#xD;&#xA;&#x9;&#x9;OBX|4||126978^MDC_DEV_PUMP_INFUS_CHAN_DELIVERY^MDC|1.1.1.0|||||||X&#xD;&#xA;&#x9;&#x9;OBX|5|CWE|184504^MDC_PUMP_MODE^MDC|1.1.1.11|^pump-mode-continuous^MDC||||||R&#xD;&#xA;&#x9;&#x9;OBX|6|CWE|184519^MDC_PUMP_INFUSING_STATUS^MDC|1.1.1.12|^pump-status-infusing^MDC||||||R&#xD;&#xA;&#x9;&#x9;OBX|7|NM|157784^MDC_FLOW_FLUID_PUMP^MDC|1.1.1.13|9.00|mL/h^mL/h^UCUM|||||R&#xD;&#xA;&#x9;&#x9;OBX|8|NM|157993^MDC_VOL_FLUID_DELIV_TOTAL^MDC|1.1.1.14|102.969|mL^mL^UCUM|||||R&#xD;&#xA;&#x9;&#x9;OBX|9|CWE|0^MDC_DEV_PUMP_ACTIVE_SOURCES^MDC|1.1.1.18|^pump-source-info-primary^MDC||||||R&#xD;&#xA;&#x9;&#x9;OBX|10||126977^MDC_DEV_PUMP_INFUS_CHAN_SOURCE^MDC|1.1.2.0|||||||X&#xD;&#xA;&#x9;&#x9;OBX|11|ST|184514^MDC_DRUG_NAME_LABEL^MDC|1.1.2.11|Unknown medication||||||R&#xD;&#xA;&#x9;&#x9;OBX|12|NM|157784^MDC_FLOW_FLUID_PUMP^MDC|1.1.2.13|9.00|mL/h^mL/h^UCUM|||||R&#xD;&#xA;&#x9;&#x9;OBX|13|NM|157864^MDC_VOL_FLUID_DELIV^MDC|1.1.2.15|0.013|mL^mL^UCUM|||||R&#xD;&#xA;&#x9;&#x9;OBX|14|NM|157993^MDC_VOL_FLUID_DELIV_TOTAL^MDC|1.1.2.16|102.969|mL^mL^UCUM|||||R&#xD;&#xA;&#x9;&#x9;OBX|15|NM|157872^MDC_VOL_FLUID_TBI_REMAIN^MDC|1.1.2.17||mL^mL^UCUM|||||X&#xD;&#xA;&#x9;&#x9;OBX|16|NM|157916^MDC_TIME_PD_REMAIN^MDC|1.1.2.18|137|min^min^UCUM|||||R&#xD;&#xA;&#x9;&#x9;OBX|17|ST|70055^MDC_DEV_PUMP_INFUS_SYRINGE_CHAN^MDC|1.1.4.0|||||||X&#xD;&#xA;&#x9;&#x9;OBX|18|ST|184488^MDC_SYRINGE_MANUFACTURER^MDC|1.1.4.10|IVAC||||||R&#xD;&#xA;&#x9;&#x9;OBX|19|NM|157880^MDC_VOL_SYRINGE^MDC|1.1.4.11|50|mL^mL^UCUM|||||R&#xD;&#xA;&#x9;&#x9;OBR|3|ICU@Bed5@Alaris GP@1350-22724^AIC^ascom.com^DNS|ICU@Bed5@Alaris GP@1350-22724^AIC^ascom.com^DNS|ICU@Bed5@Alaris GP@1350-22724^unknown medication|||20220615092911.184+0200&#xD;&#xA;&#x9;&#x9;OBX|1||69985^MDC_DEV_PUMP_INFUS_MDS^MDC|1.0.0.0|||||||X|||||||Alaris GP@1350-22724@1^AIC^ascom.com^DNS&#xD;&#xA;&#x9;&#x9;OBX|2||69986^MDC_DEV_PUMP_INFUS_VMD^MDC|1.1.0.0|||||||X&#xD;&#xA;&#x9;&#x9;OBX|3|CWE|188772^MDC_COMM_STATUS^MDC|1.1.0.1|^comm-status-online^MDC||||||X&#xD;&#xA;&#x9;&#x9;OBX|4||126978^MDC_DEV_PUMP_INFUS_CHAN_DELIVERY^MDC|1.1.1.0|||||||X&#xD;&#xA;&#x9;&#x9;OBX|5|CWE|184504^MDC_PUMP_MODE^MDC|1.1.1.11|^pump-mode-continuous^MDC||||||R&#xD;&#xA;&#x9;&#x9;OBX|6|CWE|184519^MDC_PUMP_INFUSING_STATUS^MDC|1.1.1.12|^pump-status-infusing^MDC||||||R&#xD;&#xA;&#x9;&#x9;OBX|7|NM|157784^MDC_FLOW_FLUID_PUMP^MDC|1.1.1.13|3.60|mL/h^mL/h^UCUM|||||R&#xD;&#xA;&#x9;&#x9;OBX|8|NM|157993^MDC_VOL_FLUID_DELIV_TOTAL^MDC|1.1.1.14|22.61|mL^mL^UCUM|||||R&#xD;&#xA;&#x9;&#x9;OBX|9|NM|0^MDCX_PUMP_DELIVERY_PRESSURE^MDC|1.1.1.15|0|[aU]^[aU]^UCUM|||||R&#xD;&#xA;&#x9;&#x9;OBX|10|CWE|0^MDC_DEV_PUMP_ACTIVE_SOURCES^MDC|1.1.1.18|^pump-source-info-primary^MDC||||||R&#xD;&#xA;&#x9;&#x9;OBX|11||126977^MDC_DEV_PUMP_INFUS_CHAN_SOURCE^MDC|1.1.2.0|||||||X&#xD;&#xA;&#x9;&#x9;OBX|12|ST|184514^MDC_DRUG_NAME_LABEL^MDC|1.1.2.11|Unknown medication||||||R&#xD;&#xA;&#x9;&#x9;OBX|13|NM|157784^MDC_FLOW_FLUID_PUMP^MDC|1.1.2.13|3.60|mL/h^mL/h^UCUM|||||R&#xD;&#xA;&#x9;&#x9;OBX|14|NM|157924^MDC_RATE_DOSE^MDC|1.1.2.14|0.50|mcg/kg/h^mcg/kg/h^UCUM|||||R&#xD;&#xA;&#x9;&#x9;OBX|15|NM|157864^MDC_VOL_FLUID_DELIV^MDC|1.1.2.15|0.01|mL^mL^UCUM|||||R&#xD;&#xA;&#x9;&#x9;OBX|16|NM|157993^MDC_VOL_FLUID_DELIV_TOTAL^MDC|1.1.2.16|22.61|mL^mL^UCUM|||||R&#xD;&#xA;&#x9;&#x9;OBX|17|NM|157872^MDC_VOL_FLUID_TBI_REMAIN^MDC|1.1.2.17|677.38|mL^mL^UCUM|||||R&#xD;&#xA;&#x9;&#x9;OBX|18|NM|157916^MDC_TIME_PD_REMAIN^MDC|1.1.2.18|1440|min^min^UCUM|||||R&#xD;&#xA;&#x9;&#x9;OBX|19|NM|68063^MDC_ATTR_PT_WEIGHT^MDC|1.1.2.19|90.000|kg^kg^UCUM|||||R&#xD;&#xA;&#x9;&#x9;OBX|20|ST|70055^MDC_DEV_PUMP_INFUS_SYRINGE_CHAN^MDC|1.1.4.0|||||||X&#xD;&#xA;&#x9;&#x9;OBR|4|ICU@Bed5@Alaris CC@8003-50740^AIC^ascom.com^DNS|ICU@Bed5@Alaris CC@8003-50740^AIC^ascom.com^DNS|ICU@Bed5@Alaris CC@8003-50740^unknown medication|||20220615092911.184+0200&#xD;&#xA;&#x9;&#x9;OBX|1||69985^MDC_DEV_PUMP_INFUS_MDS^MDC|1.0.0.0|||||||X|||||||Alaris CC@8003-50740@1^AIC^ascom.com^DNS&#xD;&#xA;&#x9;&#x9;OBX|2||69986^MDC_DEV_PUMP_INFUS_VMD^MDC|1.1.0.0|||||||X&#xD;&#xA;&#x9;&#x9;OBX|3|CWE|188772^MDC_COMM_STATUS^MDC|1.1.0.1|^comm-status-online^MDC||||||X&#xD;&#xA;&#x9;&#x9;OBX|4||126978^MDC_DEV_PUMP_INFUS_CHAN_DELIVERY^MDC|1.1.1.0|||||||X&#xD;&#xA;&#x9;&#x9;OBX|5|CWE|184504^MDC_PUMP_MODE^MDC|1.1.1.11|^pump-mode-continuous^MDC||||||R&#xD;&#xA;&#x9;&#x9;OBX|6|CWE|184519^MDC_PUMP_INFUSING_STATUS^MDC|1.1.1.12|^pump-status-infusing^MDC||||||R&#xD;&#xA;&#x9;&#x9;OBX|7|NM|157784^MDC_FLOW_FLUID_PUMP^MDC|1.1.1.13|1.20|mL/h^mL/h^UCUM|||||R&#xD;&#xA;&#x9;&#x9;OBX|8|NM|157993^MDC_VOL_FLUID_DELIV_TOTAL^MDC|1.1.1.14|201.798|mL^mL^UCUM|||||R&#xD;&#xA;&#x9;&#x9;OBX|9|NM|0^MDCX_PUMP_DELIVERY_PRESSURE^MDC|1.1.1.15|0|mm[Hg]^mm[Hg]^UCUM|||||R&#xD;&#xA;&#x9;&#x9;OBX|10|CWE|0^MDC_DEV_PUMP_ACTIVE_SOURCES^MDC|1.1.1.18|^pump-source-info-primary^MDC||||||R&#xD;&#xA;&#x9;&#x9;OBX|11||126977^MDC_DEV_PUMP_INFUS_CHAN_SOURCE^MDC|1.1.2.0|||||||X&#xD;&#xA;&#x9;&#x9;OBX|12|ST|184514^MDC_DRUG_NAME_LABEL^MDC|1.1.2.11|Unknown medication||||||R&#xD;&#xA;&#x9;&#x9;OBX|13|NM|157784^MDC_FLOW_FLUID_PUMP^MDC|1.1.2.13|1.20|mL/h^mL/h^UCUM|||||R&#xD;&#xA;&#x9;&#x9;OBX|14|NM|157924^MDC_RATE_DOSE^MDC|1.1.2.14|20.00|mcg/kg/min^mcg/kg/min^UCUM|||||R&#xD;&#xA;&#x9;&#x9;OBX|15|NM|157864^MDC_VOL_FLUID_DELIV^MDC|1.1.2.15|0.002|mL^mL^UCUM|||||R&#xD;&#xA;&#x9;&#x9;OBX|16|NM|157993^MDC_VOL_FLUID_DELIV_TOTAL^MDC|1.1.2.16|201.798|mL^mL^UCUM|||||R&#xD;&#xA;&#x9;&#x9;OBX|17|NM|157872^MDC_VOL_FLUID_TBI_REMAIN^MDC|1.1.2.17||mL^mL^UCUM|||||X&#xD;&#xA;&#x9;&#x9;OBX|18|NM|157916^MDC_TIME_PD_REMAIN^MDC|1.1.2.18|678|min^min^UCUM|||||R&#xD;&#xA;&#x9;&#x9;OBX|19|NM|68063^MDC_ATTR_PT_WEIGHT^MDC|1.1.2.19|1.00|kg^kg^UCUM|||||R&#xD;&#xA;&#x9;&#x9;OBX|20|ST|70055^MDC_DEV_PUMP_INFUS_SYRINGE_CHAN^MDC|1.1.4.0|||||||X&#xD;&#xA;&#x9;&#x9;OBX|21|ST|184488^MDC_SYRINGE_MANUFACTURER^MDC|1.1.4.10|IVAC||||||R&#xD;&#xA;&#x9;&#x9;OBX|22|NM|157880^MDC_VOL_SYRINGE^MDC|1.1.4.11|50|mL^mL^UCUM|||||R&#xD;&#xA;&#x9;&#x9;OBR|5|ICU@Bed5@Alaris GH_G@8002-47525^AIC^ascom.com^DNS|ICU@Bed5@Alaris GH_G@8002-47525^AIC^ascom.com^DNS|ICU@Bed5@Alaris GH_G@8002-47525^unknown medication|||20220615092911.184+0200&#xD;&#xA;&#x9;&#x9;OBX|1||69985^MDC_DEV_PUMP_INFUS_MDS^MDC|1.0.0.0|||||||X|||||||Alaris GH_G@8002-47525@1^AIC^ascom.com^DNS&#xD;&#xA;&#x9;&#x9;OBX|2||69986^MDC_DEV_PUMP_INFUS_VMD^MDC|1.1.0.0|||||||X&#xD;&#xA;&#x9;&#x9;OBX|3|CWE|188772^MDC_COMM_STATUS^MDC|1.1.0.1|^comm-status-online^MDC||||||X&#xD;&#xA;&#x9;&#x9;OBX|4||126978^MDC_DEV_PUMP_INFUS_CHAN_DELIVERY^MDC|1.1.1.0|||||||X&#xD;&#xA;&#x9;&#x9;OBX|5|CWE|184504^MDC_PUMP_MODE^MDC|1.1.1.11|^pump-mode-continuous^MDC||||||R&#xD;&#xA;&#x9;&#x9;OBX|6|CWE|184519^MDC_PUMP_INFUSING_STATUS^MDC|1.1.1.12|^pump-status-infusing^MDC||||||R&#xD;&#xA;&#x9;&#x9;OBX|7|NM|157784^MDC_FLOW_FLUID_PUMP^MDC|1.1.1.13|30.00|mL/h^mL/h^UCUM|||||R&#xD;&#xA;&#x9;&#x9;OBX|8|NM|157993^MDC_VOL_FLUID_DELIV_TOTAL^MDC|1.1.1.14|403.820|mL^mL^UCUM|||||R&#xD;&#xA;&#x9;&#x9;OBX|9|CWE|0^MDC_DEV_PUMP_ACTIVE_SOURCES^MDC|1.1.1.18|^pump-source-info-primary^MDC||||||R&#xD;&#xA;&#x9;&#x9;OBX|10||126977^MDC_DEV_PUMP_INFUS_CHAN_SOURCE^MDC|1.1.2.0|||||||X&#xD;&#xA;&#x9;&#x9;OBX|11|ST|184514^MDC_DRUG_NAME_LABEL^MDC|1.1.2.11|Unknown medication||||||R&#xD;&#xA;&#x9;&#x9;OBX|12|NM|157784^MDC_FLOW_FLUID_PUMP^MDC|1.1.2.13|30.00|mL/h^mL/h^UCUM|||||R&#xD;&#xA;&#x9;&#x9;OBX|13|NM|157864^MDC_VOL_FLUID_DELIV^MDC|1.1.2.15|0.083|mL^mL^UCUM|||||R&#xD;&#xA;&#x9;&#x9;OBX|14|NM|157993^MDC_VOL_FLUID_DELIV_TOTAL^MDC|1.1.2.16|403.820|mL^mL^UCUM|||||R&#xD;&#xA;&#x9;&#x9;OBX|15|NM|157872^MDC_VOL_FLUID_TBI_REMAIN^MDC|1.1.2.17||mL^mL^UCUM|||||X&#xD;&#xA;&#x9;&#x9;OBX|16|NM|157916^MDC_TIME_PD_REMAIN^MDC|1.1.2.18|59|min^min^UCUM|||||R&#xD;&#xA;&#x9;&#x9;OBX|17|ST|70055^MDC_DEV_PUMP_INFUS_SYRINGE_CHAN^MDC|1.1.4.0|||||||X&#xD;&#xA;&#x9;&#x9;OBX|18|ST|184488^MDC_SYRINGE_MANUFACTURER^MDC|1.1.4.10|BD PLASTIPAK||||||R&#xD;&#xA;&#x9;&#x9;OBX|19|NM|157880^MDC_VOL_SYRINGE^MDC|1.1.4.11|50|mL^mL^UCUM|||||R&#xD;&#xA;&#x9;&#x9;OBR|6|ICU@Bed5@Alaris GW@4445^AIC^ascom.com^DNS|ICU@Bed5@Alaris GW@4445^AIC^ascom.com^DNS|ICU@Bed5@Alaris GW@4445^unknown medication|||20220615092911.184+0200&#xD;&#xA;&#x9;&#x9;OBX|1||69985^MDC_DEV_PUMP_INFUS_MDS^MDC|1.0.0.0|||||||X|||||||Alaris GW@4445@1^AIC^ascom.com^DNS&#xD;&#xA;&#x9;&#x9;OBX|2||69986^MDC_DEV_PUMP_INFUS_VMD^MDC|1.1.0.0|||||||X&#xD;&#xA;&#x9;&#x9;OBX|3|CWE|188772^MDC_COMM_STATUS^MDC|1.1.0.1|^comm-status-online^MDC||||||X&#xD;&#xA;&#x9;&#x9;OBX|4||126978^MDC_DEV_PUMP_INFUS_CHAN_DELIVERY^MDC|1.1.1.0|||||||X&#xD;&#xA;&#x9;&#x9;OBX|5|CWE|184504^MDC_PUMP_MODE^MDC|1.1.1.11|^pump-mode-continuous^MDC||||||R&#xD;&#xA;&#x9;&#x9;OBX|6|CWE|184519^MDC_PUMP_INFUSING_STATUS^MDC|1.1.1.12|^pump-status-infusing^MDC||||||R&#xD;&#xA;&#x9;&#x9;OBX|7|NM|157784^MDC_FLOW_FLUID_PUMP^MDC|1.1.1.13|7.0|mL/h^mL/h^UCUM|||||R&#xD;&#xA;&#x9;&#x9;OBX|8|NM|157993^MDC_VOL_FLUID_DELIV_TOTAL^MDC|1.1.1.14|61.4|mL^mL^UCUM|||||R&#xD;&#xA;&#x9;&#x9;OBX|9|NM|0^MDCX_PUMP_DELIVERY_PRESSURE^MDC|1.1.1.15|37|mm[Hg]^mm[Hg]^UCUM|||||R&#xD;&#xA;&#x9;&#x9;OBX|10|CWE|0^MDC_DEV_PUMP_ACTIVE_SOURCES^MDC|1.1.1.18|^pump-source-info-primary^MDC||||||R&#xD;&#xA;&#x9;&#x9;OBX|11||126977^MDC_DEV_PUMP_INFUS_CHAN_SOURCE^MDC|1.1.2.0|||||||X&#xD;&#xA;&#x9;&#x9;OBX|12|ST|184514^MDC_DRUG_NAME_LABEL^MDC|1.1.2.11|Unknown medication||||||R&#xD;&#xA;&#x9;&#x9;OBX|13|NM|157784^MDC_FLOW_FLUID_PUMP^MDC|1.1.2.13|7.0|mL/h^mL/h^UCUM|||||R&#xD;&#xA;&#x9;&#x9;OBX|14|NM|157864^MDC_VOL_FLUID_DELIV^MDC|1.1.2.15|0.1|mL^mL^UCUM|||||R&#xD;&#xA;&#x9;&#x9;OBX|15|NM|157993^MDC_VOL_FLUID_DELIV_TOTAL^MDC|1.1.2.16|61.4|mL^mL^UCUM|||||R&#xD;&#xA;&#x9;&#x9;OBX|16|NM|157872^MDC_VOL_FLUID_TBI_REMAIN^MDC|1.1.2.17|42.6|mL^mL^UCUM|||||R&#xD;&#xA;&#x9;&#x9;OBX|17|NM|157916^MDC_TIME_PD_REMAIN^MDC|1.1.2.18|365|min^min^UCUM|||||R&#xD;&#xA;&#x9;&#x9;OBX|18|ST|70055^MDC_DEV_PUMP_INFUS_SYRINGE_CHAN^MDC|1.1.4.0|||||||X&#xD;&#xA;&#x9;&#x9;OBR|7|ICU@Bed5@Alaris PK@8005-05763^AIC^ascom.com^DNS|ICU@Bed5@Alaris PK@8005-05763^AIC^ascom.com^DNS|ICU@Bed5@Alaris PK@8005-05763^Alfentanil|||20220615092911.755+0200&#xD;&#xA;&#x9;&#x9;OBX|1||69985^MDC_DEV_PUMP_INFUS_MDS^MDC|1.0.0.0|||||||X|||||||Alaris PK@8005-05763@1^AIC^ascom.com^DNS&#xD;&#xA;&#x9;&#x9;OBX|2||69986^MDC_DEV_PUMP_INFUS_VMD^MDC|1.1.0.0|||||||X&#xD;&#xA;&#x9;&#x9;OBX|3|CWE|188772^MDC_COMM_STATUS^MDC|1.1.0.1|^comm-status-online^MDC||||||X&#xD;&#xA;&#x9;&#x9;OBX|4||126978^MDC_DEV_PUMP_INFUS_CHAN_DELIVERY^MDC|1.1.1.0|||||||X&#xD;&#xA;&#x9;&#x9;OBX|5|CWE|184504^MDC_PUMP_MODE^MDC|1.1.1.11|^pump-mode-continuous^MDC||||||R&#xD;&#xA;&#x9;&#x9;OBX|6|CWE|184519^MDC_PUMP_INFUSING_STATUS^MDC|1.1.1.12|^pump-status-infusing^MDC||||||R&#xD;&#xA;&#x9;&#x9;OBX|7|NM|157784^MDC_FLOW_FLUID_PUMP^MDC|1.1.1.13|12.05|mL/h^mL/h^UCUM|||||R&#xD;&#xA;&#x9;&#x9;OBX|8|NM|157993^MDC_VOL_FLUID_DELIV_TOTAL^MDC|1.1.1.14|5.177|mL^mL^UCUM|||||R&#xD;&#xA;&#x9;&#x9;OBX|9|NM|0^MDCX_PUMP_PK_PC^MDC|1.1.1.16|19.9953|ng/mL^ng/mL^UCUM|||||R&#xD;&#xA;&#x9;&#x9;OBX|10|NM|0^MDCX_PUMP_PK_EC^MDC|1.1.1.17|18.7127|ng/mL^ng/mL^UCUM|||||R&#xD;&#xA;&#x9;&#x9;OBX|11|CWE|0^MDC_DEV_PUMP_ACTIVE_SOURCES^MDC|1.1.1.18|^pump-source-info-primary^MDC||||||R&#xD;&#xA;&#x9;&#x9;OBX|12||126977^MDC_DEV_PUMP_INFUS_CHAN_SOURCE^MDC|1.1.2.0|||||||X&#xD;&#xA;&#x9;&#x9;OBX|13|ST|184514^MDC_DRUG_NAME_LABEL^MDC|1.1.2.11|Alfentanil||||||R&#xD;&#xA;&#x9;&#x9;OBX|14|NM|157760^MDC_CONC_DRUG^MDC|1.1.2.12|100.00|mcg/mL^mcg/mL^UCUM|||||R&#xD;&#xA;&#x9;&#x9;OBX|15|NM|157784^MDC_FLOW_FLUID_PUMP^MDC|1.1.2.13|12.05|mL/h^mL/h^UCUM|||||R&#xD;&#xA;&#x9;&#x9;OBX|16|NM|157924^MDC_RATE_DOSE^MDC|1.1.2.14|0.29|mcg/kg/min^mcg/kg/min^UCUM|||||R&#xD;&#xA;&#x9;&#x9;OBX|17|NM|157864^MDC_VOL_FLUID_DELIV^MDC|1.1.2.15|0.050|mL^mL^UCUM|||||R&#xD;&#xA;&#x9;&#x9;OBX|18|NM|157993^MDC_VOL_FLUID_DELIV_TOTAL^MDC|1.1.2.16|5.177|mL^mL^UCUM|||||R&#xD;&#xA;&#x9;&#x9;OBX|19|NM|157872^MDC_VOL_FLUID_TBI_REMAIN^MDC|1.1.2.17||mL^mL^UCUM|||||X&#xD;&#xA;&#x9;&#x9;OBX|20|NM|157916^MDC_TIME_PD_REMAIN^MDC|1.1.2.18|201|min^min^UCUM|||||R&#xD;&#xA;&#x9;&#x9;OBX|21|NM|68063^MDC_ATTR_PT_WEIGHT^MDC|1.1.2.19|70.00|kg^kg^UCUM|||||R&#xD;&#xA;&#x9;&#x9;OBX|22|ST|0^MDCX_PUMP_PK_DRUGMODEL^MDC|1.1.2.21|Alfentanil_Maitre||||||R&#xD;&#xA;&#x9;&#x9;OBX|23|ST|0^MDCX_PUMP_PK_TARGETMODE^MDC|1.1.2.22|P||||||R&#xD;&#xA;&#x9;&#x9;OBX|24|NM|0^MDCX_PUMP_PK_TARGET^MDC|1.1.2.23|20.0000|ng/mL^ng/mL^UCUM|||||R&#xD;&#xA;&#x9;&#x9;OBX|25|ST|70055^MDC_DEV_PUMP_INFUS_SYRINGE_CHAN^MDC|1.1.4.0|||||||X&#xD;&#xA;&#x9;&#x9;OBX|26|ST|184488^MDC_SYRINGE_MANUFACTURER^MDC|1.1.4.10|IVAC||||||R&#xD;&#xA;&#x9;&#x9;OBX|27|NM|157880^MDC_VOL_SYRINGE^MDC|1.1.4.11|50|mL^mL^UCUM|||||R&#xD;&#xA;&#x9;&#x9;OBR|8|ICU@Bed5@Alaris GH_G@8002-62875^AIC^ascom.com^DNS|ICU@Bed5@Alaris GH_G@8002-62875^AIC^ascom.com^DNS|ICU@Bed5@Alaris GH_G@8002-62875^unknown medication|||20220615092911.755+0200&#xD;&#xA;&#x9;&#x9;OBX|1||69985^MDC_DEV_PUMP_INFUS_MDS^MDC|1.0.0.0|||||||X|||||||Alaris GH_G@8002-62875@1^AIC^ascom.com^DNS&#xD;&#xA;&#x9;&#x9;OBX|2||69986^MDC_DEV_PUMP_INFUS_VMD^MDC|1.1.0.0|||||||X&#xD;&#xA;&#x9;&#x9;OBX|3|CWE|188772^MDC_COMM_STATUS^MDC|1.1.0.1|^comm-status-online^MDC||||||X&#xD;&#xA;&#x9;&#x9;OBX|4||126978^MDC_DEV_PUMP_INFUS_CHAN_DELIVERY^MDC|1.1.1.0|||||||X&#xD;&#xA;&#x9;&#x9;OBX|5|CWE|184504^MDC_PUMP_MODE^MDC|1.1.1.11|^pump-mode-continuous^MDC||||||R&#xD;&#xA;&#x9;&#x9;OBX|6|CWE|184519^MDC_PUMP_INFUSING_STATUS^MDC|1.1.1.12|^pump-status-infusing^MDC||||||R&#xD;&#xA;&#x9;&#x9;OBX|7|NM|157784^MDC_FLOW_FLUID_PUMP^MDC|1.1.1.13|9.00|mL/h^mL/h^UCUM|||||R&#xD;&#xA;&#x9;&#x9;OBX|8|NM|157993^MDC_VOL_FLUID_DELIV_TOTAL^MDC|1.1.1.14|100.443|mL^mL^UCUM|||||R&#xD;&#xA;&#x9;&#x9;OBX|9|CWE|0^MDC_DEV_PUMP_ACTIVE_SOURCES^MDC|1.1.1.18|^pump-source-info-primary^MDC||||||R&#xD;&#xA;&#x9;&#x9;OBX|10||126977^MDC_DEV_PUMP_INFUS_CHAN_SOURCE^MDC|1.1.2.0|||||||X&#xD;&#xA;&#x9;&#x9;OBX|11|ST|184514^MDC_DRUG_NAME_LABEL^MDC|1.1.2.11|Unknown medication||||||R&#xD;&#xA;&#x9;&#x9;OBX|12|NM|157784^MDC_FLOW_FLUID_PUMP^MDC|1.1.2.13|9.00|mL/h^mL/h^UCUM|||||R&#xD;&#xA;&#x9;&#x9;OBX|13|NM|157864^MDC_VOL_FLUID_DELIV^MDC|1.1.2.15|0.038|mL^mL^UCUM|||||R&#xD;&#xA;&#x9;&#x9;OBX|14|NM|157993^MDC_VOL_FLUID_DELIV_TOTAL^MDC|1.1.2.16|100.443|mL^mL^UCUM|||||R&#xD;&#xA;&#x9;&#x9;OBX|15|NM|157872^MDC_VOL_FLUID_TBI_REMAIN^MDC|1.1.2.17||mL^mL^UCUM|||||X&#xD;&#xA;&#x9;&#x9;OBX|16|NM|157916^MDC_TIME_PD_REMAIN^MDC|1.1.2.18|154|min^min^UCUM|||||R&#xD;&#xA;&#x9;&#x9;OBX|17|ST|70055^MDC_DEV_PUMP_INFUS_SYRINGE_CHAN^MDC|1.1.4.0|||||||X&#xD;&#xA;&#x9;&#x9;OBX|18|ST|184488^MDC_SYRINGE_MANUFACTURER^MDC|1.1.4.10|IVAC||||||R&#xD;&#xA;&#x9;&#x9;OBX|19|NM|157880^MDC_VOL_SYRINGE^MDC|1.1.4.11|50|mL^mL^UCUM|||||R&#xD;&#xA;&#x9;&#x9;OBR|9|ICU@Bed5@Alaris GP@1350-22727^AIC^ascom.com^DNS|ICU@Bed5@Alaris GP@1350-22727^AIC^ascom.com^DNS|ICU@Bed5@Alaris GP@1350-22727^unknown medication|||20220615092911.755+0200&#xD;&#xA;&#x9;&#x9;OBX|1||69985^MDC_DEV_PUMP_INFUS_MDS^MDC|1.0.0.0|||||||X|||||||Alaris GP@1350-22727@1^AIC^ascom.com^DNS&#xD;&#xA;&#x9;&#x9;OBX|2||69986^MDC_DEV_PUMP_INFUS_VMD^MDC|1.1.0.0|||||||X&#xD;&#xA;&#x9;&#x9;OBX|3|CWE|188772^MDC_COMM_STATUS^MDC|1.1.0.1|^comm-status-online^MDC||||||X&#xD;&#xA;&#x9;&#x9;OBX|4||126978^MDC_DEV_PUMP_INFUS_CHAN_DELIVERY^MDC|1.1.1.0|||||||X&#xD;&#xA;&#x9;&#x9;OBX|5|CWE|184504^MDC_PUMP_MODE^MDC|1.1.1.11|^pump-mode-continuous^MDC||||||R&#xD;&#xA;&#x9;&#x9;OBX|6|CWE|184519^MDC_PUMP_INFUSING_STATUS^MDC|1.1.1.12|^pump-status-infusing^MDC||||||R&#xD;&#xA;&#x9;&#x9;OBX|7|NM|157784^MDC_FLOW_FLUID_PUMP^MDC|1.1.1.13|2.25|mL/h^mL/h^UCUM|||||R&#xD;&#xA;&#x9;&#x9;OBX|8|NM|157993^MDC_VOL_FLUID_DELIV_TOTAL^MDC|1.1.1.14|21.67|mL^mL^UCUM|||||R&#xD;&#xA;&#x9;&#x9;OBX|9|NM|0^MDCX_PUMP_DELIVERY_PRESSURE^MDC|1.1.1.15|0|[aU]^[aU]^UCUM|||||R&#xD;&#xA;&#x9;&#x9;OBX|10|CWE|0^MDC_DEV_PUMP_ACTIVE_SOURCES^MDC|1.1.1.18|^pump-source-info-primary^MDC||||||R&#xD;&#xA;&#x9;&#x9;OBX|11||126977^MDC_DEV_PUMP_INFUS_CHAN_SOURCE^MDC|1.1.2.0|||||||X&#xD;&#xA;&#x9;&#x9;OBX|12|ST|184514^MDC_DRUG_NAME_LABEL^MDC|1.1.2.11|Unknown medication||||||R&#xD;&#xA;&#x9;&#x9;OBX|13|NM|157784^MDC_FLOW_FLUID_PUMP^MDC|1.1.2.13|2.25|mL/h^mL/h^UCUM|||||R&#xD;&#xA;&#x9;&#x9;OBX|14|NM|157924^MDC_RATE_DOSE^MDC|1.1.2.14|0.50|mcg/kg/h^mcg/kg/h^UCUM|||||R&#xD;&#xA;&#x9;&#x9;OBX|15|NM|157864^MDC_VOL_FLUID_DELIV^MDC|1.1.2.15|0.01|mL^mL^UCUM|||||R&#xD;&#xA;&#x9;&#x9;OBX|16|NM|157993^MDC_VOL_FLUID_DELIV_TOTAL^MDC|1.1.2.16|21.67|mL^mL^UCUM|||||R&#xD;&#xA;&#x9;&#x9;OBX|17|NM|157872^MDC_VOL_FLUID_TBI_REMAIN^MDC|1.1.2.17|678.32|mL^mL^UCUM|||||R&#xD;&#xA;&#x9;&#x9;OBX|18|NM|157916^MDC_TIME_PD_REMAIN^MDC|1.1.2.18|1440|min^min^UCUM|||||R&#xD;&#xA;&#x9;&#x9;OBX|19|NM|68063^MDC_ATTR_PT_WEIGHT^MDC|1.1.2.19|90.000|kg^kg^UCUM|||||R&#xD;&#xA;&#x9;&#x9;OBX|20|ST|70055^MDC_DEV_PUMP_INFUS_SYRINGE_CHAN^MDC|1.1.4.0|||||||X&#xD;&#xA;&#x9;&#x9;OBR|10|ICU@Bed5@Alaris CC@8003-50743^AIC^ascom.com^DNS|ICU@Bed5@Alaris CC@8003-50743^AIC^ascom.com^DNS|ICU@Bed5@Alaris CC@8003-50743^unknown medication|||20220615092911.755+0200&#xD;&#xA;&#x9;&#x9;OBX|1||69985^MDC_DEV_PUMP_INFUS_MDS^MDC|1.0.0.0|||||||X|||||||Alaris CC@8003-50743@1^AIC^ascom.com^DNS&#xD;&#xA;&#x9;&#x9;OBX|2||69986^MDC_DEV_PUMP_INFUS_VMD^MDC|1.1.0.0|||||||X&#xD;&#xA;&#x9;&#x9;OBX|3|CWE|188772^MDC_COMM_STATUS^MDC|1.1.0.1|^comm-status-online^MDC||||||X&#xD;&#xA;&#x9;&#x9;OBX|4||126978^MDC_DEV_PUMP_INFUS_CHAN_DELIVERY^MDC|1.1.1.0|||||||X&#xD;&#xA;&#x9;&#x9;OBX|5|CWE|184504^MDC_PUMP_MODE^MDC|1.1.1.11|^pump-mode-continuous^MDC||||||R&#xD;&#xA;&#x9;&#x9;OBX|6|CWE|184519^MDC_PUMP_INFUSING_STATUS^MDC|1.1.1.12|^pump-status-infusing^MDC||||||R&#xD;&#xA;&#x9;&#x9;OBX|7|NM|157784^MDC_FLOW_FLUID_PUMP^MDC|1.1.1.13|0.90|mL/h^mL/h^UCUM|||||R&#xD;&#xA;&#x9;&#x9;OBX|8|NM|157993^MDC_VOL_FLUID_DELIV_TOTAL^MDC|1.1.1.14|198.875|mL^mL^UCUM|||||R&#xD;&#xA;&#x9;&#x9;OBX|9|NM|0^MDCX_PUMP_DELIVERY_PRESSURE^MDC|1.1.1.15|0|mm[Hg]^mm[Hg]^UCUM|||||R&#xD;&#xA;&#x9;&#x9;OBX|10|CWE|0^MDC_DEV_PUMP_ACTIVE_SOURCES^MDC|1.1.1.18|^pump-source-info-primary^MDC||||||R&#xD;&#xA;&#x9;&#x9;OBX|11||126977^MDC_DEV_PUMP_INFUS_CHAN_SOURCE^MDC|1.1.2.0|||||||X&#xD;&#xA;&#x9;&#x9;OBX|12|ST|184514^MDC_DRUG_NAME_LABEL^MDC|1.1.2.11|Unknown medication||||||R&#xD;&#xA;&#x9;&#x9;OBX|13|NM|157784^MDC_FLOW_FLUID_PUMP^MDC|1.1.2.13|0.90|mL/h^mL/h^UCUM|||||R&#xD;&#xA;&#x9;&#x9;OBX|14|NM|157924^MDC_RATE_DOSE^MDC|1.1.2.14|15.00|mcg/kg/min^mcg/kg/min^UCUM|||||R&#xD;&#xA;&#x9;&#x9;OBX|15|NM|157864^MDC_VOL_FLUID_DELIV^MDC|1.1.2.15|0.003|mL^mL^UCUM|||||R&#xD;&#xA;&#x9;&#x9;OBX|16|NM|157993^MDC_VOL_FLUID_DELIV_TOTAL^MDC|1.1.2.16|198.875|mL^mL^UCUM|||||R&#xD;&#xA;&#x9;&#x9;OBX|17|NM|157872^MDC_VOL_FLUID_TBI_REMAIN^MDC|1.1.2.17||mL^mL^UCUM|||||X&#xD;&#xA;&#x9;&#x9;OBX|18|NM|157916^MDC_TIME_PD_REMAIN^MDC|1.1.2.18|1098|min^min^UCUM|||||R&#xD;&#xA;&#x9;&#x9;OBX|19|NM|68063^MDC_ATTR_PT_WEIGHT^MDC|1.1.2.19|1.00|kg^kg^UCUM|||||R&#xD;&#xA;&#x9;&#x9;OBX|20|ST|70055^MDC_DEV_PUMP_INFUS_SYRINGE_CHAN^MDC|1.1.4.0|||||||X&#xD;&#xA;&#x9;&#x9;OBX|21|ST|184488^MDC_SYRINGE_MANUFACTURER^MDC|1.1.4.10|IVAC||||||R&#xD;&#xA;&#x9;&#x9;OBX|22|NM|157880^MDC_VOL_SYRINGE^MDC|1.1.4.11|50|mL^mL^UCUM|||||R&#xD;&#xA;&#x9;&#x9;OBR|11|ICU@Bed5@Alaris GH_G@8002-47528^AIC^ascom.com^DNS|ICU@Bed5@Alaris GH_G@8002-47528^AIC^ascom.com^DNS|ICU@Bed5@Alaris GH_G@8002-47528^unknown medication|||20220615092911.755+0200&#xD;&#xA;&#x9;&#x9;OBX|1||69985^MDC_DEV_PUMP_INFUS_MDS^MDC|1.0.0.0|||||||X|||||||Alaris GH_G@8002-47528@1^AIC^ascom.com^DNS&#xD;&#xA;&#x9;&#x9;OBX|2||69986^MDC_DEV_PUMP_INFUS_VMD^MDC|1.1.0.0|||||||X&#xD;&#xA;&#x9;&#x9;OBX|3|CWE|188772^MDC_COMM_STATUS^MDC|1.1.0.1|^comm-status-online^MDC||||||X&#xD;&#xA;&#x9;&#x9;OBX|4||126978^MDC_DEV_PUMP_INFUS_CHAN_DELIVERY^MDC|1.1.1.0|||||||X&#xD;&#xA;&#x9;&#x9;OBX|5|CWE|184504^MDC_PUMP_MODE^MDC|1.1.1.11|^pump-mode-continuous^MDC||||||R&#xD;&#xA;&#x9;&#x9;OBX|6|CWE|184519^MDC_PUMP_INFUSING_STATUS^MDC|1.1.1.12|^pump-status-infusing^MDC||||||R&#xD;&#xA;&#x9;&#x9;OBX|7|NM|157784^MDC_FLOW_FLUID_PUMP^MDC|1.1.1.13|30.00|mL/h^mL/h^UCUM|||||R&#xD;&#xA;&#x9;&#x9;OBX|8|NM|157993^MDC_VOL_FLUID_DELIV_TOTAL^MDC|1.1.1.14|395.495|mL^mL^UCUM|||||R&#xD;&#xA;&#x9;&#x9;OBX|9|CWE|0^MDC_DEV_PUMP_ACTIVE_SOURCES^MDC|1.1.1.18|^pump-source-info-primary^MDC||||||R&#xD;&#xA;&#x9;&#x9;OBX|10||126977^MDC_DEV_PUMP_INFUS_CHAN_SOURCE^MDC|1.1.2.0|||||||X&#xD;&#xA;&#x9;&#x9;OBX|11|ST|184514^MDC_DRUG_NAME_LABEL^MDC|1.1.2.11|Unknown medication||||||R&#xD;&#xA;&#x9;&#x9;OBX|12|NM|157784^MDC_FLOW_FLUID_PUMP^MDC|1.1.2.13|30.00|mL/h^mL/h^UCUM|||||R&#xD;&#xA;&#x9;&#x9;OBX|13|NM|157864^MDC_VOL_FLUID_DELIV^MDC|1.1.2.15|0.125|mL^mL^UCUM|||||R&#xD;&#xA;&#x9;&#x9;OBX|14|NM|157993^MDC_VOL_FLUID_DELIV_TOTAL^MDC|1.1.2.16|395.495|mL^mL^UCUM|||||R&#xD;&#xA;&#x9;&#x9;OBX|15|NM|157872^MDC_VOL_FLUID_TBI_REMAIN^MDC|1.1.2.17||mL^mL^UCUM|||||X&#xD;&#xA;&#x9;&#x9;OBX|16|NM|157916^MDC_TIME_PD_REMAIN^MDC|1.1.2.18|14|min^min^UCUM|||||R&#xD;&#xA;&#x9;&#x9;OBX|17|ST|70055^MDC_DEV_PUMP_INFUS_SYRINGE_CHAN^MDC|1.1.4.0|||||||X&#xD;&#xA;&#x9;&#x9;OBX|18|ST|184488^MDC_SYRINGE_MANUFACTURER^MDC|1.1.4.10|BD PLASTIPAK||||||R&#xD;&#xA;&#x9;&#x9;OBX|19|NM|157880^MDC_VOL_SYRINGE^MDC|1.1.4.11|50|mL^mL^UCUM|||||R&#xD;&#xA;&#x9;&#x9;OBR|12|ICU@Bed5@Alaris GW@4448^AIC^ascom.com^DNS|ICU@Bed5@Alaris GW@4448^AIC^ascom.com^DNS|ICU@Bed5@Alaris GW@4448^unknown medication|||20220615092911.755+0200&#xD;&#xA;&#x9;&#x9;OBX|1||69985^MDC_DEV_PUMP_INFUS_MDS^MDC|1.0.0.0|||||||X|||||||Alaris GW@4448@1^AIC^ascom.com^DNS&#xD;&#xA;&#x9;&#x9;OBX|2||69986^MDC_DEV_PUMP_INFUS_VMD^MDC|1.1.0.0|||||||X&#xD;&#xA;&#x9;&#x9;OBX|3|CWE|188772^MDC_COMM_STATUS^MDC|1.1.0.1|^comm-status-online^MDC||||||X&#xD;&#xA;&#x9;&#x9;OBX|4||126978^MDC_DEV_PUMP_INFUS_CHAN_DELIVERY^MDC|1.1.1.0|||||||X&#xD;&#xA;&#x9;&#x9;OBX|5|CWE|184504^MDC_PUMP_MODE^MDC|1.1.1.11|^pump-mode-continuous^MDC||||||R&#xD;&#xA;&#x9;&#x9;OBX|6|CWE|184519^MDC_PUMP_INFUSING_STATUS^MDC|1.1.1.12|^pump-status-infusing^MDC||||||R&#xD;&#xA;&#x9;&#x9;OBX|7|NM|157784^MDC_FLOW_FLUID_PUMP^MDC|1.1.1.13|5.0|mL/h^mL/h^UCUM|||||R&#xD;&#xA;&#x9;&#x9;OBX|8|NM|157993^MDC_VOL_FLUID_DELIV_TOTAL^MDC|1.1.1.14|59.7|mL^mL^UCUM|||||R&#xD;&#xA;&#x9;&#x9;OBX|9|NM|0^MDCX_PUMP_DELIVERY_PRESSURE^MDC|1.1.1.15|38|mm[Hg]^mm[Hg]^UCUM|||||R&#xD;&#xA;&#x9;&#x9;OBX|10|CWE|0^MDC_DEV_PUMP_ACTIVE_SOURCES^MDC|1.1.1.18|^pump-source-info-primary^MDC||||||R&#xD;&#xA;&#x9;&#x9;OBX|11||126977^MDC_DEV_PUMP_INFUS_CHAN_SOURCE^MDC|1.1.2.0|||||||X&#xD;&#xA;&#x9;&#x9;OBX|12|ST|184514^MDC_DRUG_NAME_LABEL^MDC|1.1.2.11|Unknown medication||||||R&#xD;&#xA;&#x9;&#x9;OBX|13|NM|157784^MDC_FLOW_FLUID_PUMP^MDC|1.1.2.13|5.0|mL/h^mL/h^UCUM|||||R&#xD;&#xA;&#x9;&#x9;OBX|14|NM|157864^MDC_VOL_FLUID_DELIV^MDC|1.1.2.15|0.1|mL^mL^UCUM|||||R&#xD;&#xA;&#x9;&#x9;OBX|15|NM|157993^MDC_VOL_FLUID_DELIV_TOTAL^MDC|1.1.2.16|59.7|mL^mL^UCUM|||||R&#xD;&#xA;&#x9;&#x9;OBX|16|NM|157872^MDC_VOL_FLUID_TBI_REMAIN^MDC|1.1.2.17|44.3|mL^mL^UCUM|||||R&#xD;&#xA;&#x9;&#x9;OBX|17|NM|157916^MDC_TIME_PD_REMAIN^MDC|1.1.2.18|532|min^min^UCUM|||||R&#xD;&#xA;&#x9;&#x9;OBX|18|ST|70055^MDC_DEV_PUMP_INFUS_SYRINGE_CHAN^MDC|1.1.4.0|||||||X&#xD;&#xA;&#x9;&#x9;OBR|13|ICU@Bed5@Alaris PK@8005-05764^AIC^ascom.com^DNS|ICU@Bed5@Alaris PK@8005-05764^AIC^ascom.com^DNS|ICU@Bed5@Alaris PK@8005-05764^Alfentanil|||20220615092912.359+0200&#xD;&#xA;&#x9;&#x9;OBX|1||69985^MDC_DEV_PUMP_INFUS_MDS^MDC|1.0.0.0|||||||X|||||||Alaris PK@8005-05764@1^AIC^ascom.com^DNS&#xD;&#xA;&#x9;&#x9;OBX|2||69986^MDC_DEV_PUMP_INFUS_VMD^MDC|1.1.0.0|||||||X&#xD;&#xA;&#x9;&#x9;OBX|3|CWE|188772^MDC_COMM_STATUS^MDC|1.1.0.1|^comm-status-online^MDC||||||X&#xD;&#xA;&#x9;&#x9;OBX|4||126978^MDC_DEV_PUMP_INFUS_CHAN_DELIVERY^MDC|1.1.1.0|||||||X&#xD;&#xA;&#x9;&#x9;OBX|5|CWE|184504^MDC_PUMP_MODE^MDC|1.1.1.11|^pump-mode-continuous^MDC||||||R&#xD;&#xA;&#x9;&#x9;OBX|6|CWE|184519^MDC_PUMP_INFUSING_STATUS^MDC|1.1.1.12|^pump-status-infusing^MDC||||||R&#xD;&#xA;&#x9;&#x9;OBX|7|NM|157784^MDC_FLOW_FLUID_PUMP^MDC|1.1.1.13|12.19|mL/h^mL/h^UCUM|||||R&#xD;&#xA;&#x9;&#x9;OBX|8|NM|157993^MDC_VOL_FLUID_DELIV_TOTAL^MDC|1.1.1.14|5.095|mL^mL^UCUM|||||R&#xD;&#xA;&#x9;&#x9;OBX|9|NM|0^MDCX_PUMP_PK_PC^MDC|1.1.1.16|19.9962|ng/mL^ng/mL^UCUM|||||R&#xD;&#xA;&#x9;&#x9;OBX|10|NM|0^MDCX_PUMP_PK_EC^MDC|1.1.1.17|17.5168|ng/mL^ng/mL^UCUM|||||R&#xD;&#xA;&#x9;&#x9;OBX|11|CWE|0^MDC_DEV_PUMP_ACTIVE_SOURCES^MDC|1.1.1.18|^pump-source-info-primary^MDC||||||R&#xD;&#xA;&#x9;&#x9;OBX|12||126977^MDC_DEV_PUMP_INFUS_CHAN_SOURCE^MDC|1.1.2.0|||||||X&#xD;&#xA;&#x9;&#x9;OBX|13|ST|184514^MDC_DRUG_NAME_LABEL^MDC|1.1.2.11|Alfentanil||||||R&#xD;&#xA;&#x9;&#x9;OBX|14|NM|157760^MDC_CONC_DRUG^MDC|1.1.2.12|100.00|mcg/mL^mcg/mL^UCUM|||||R&#xD;&#xA;&#x9;&#x9;OBX|15|NM|157784^MDC_FLOW_FLUID_PUMP^MDC|1.1.2.13|12.19|mL/h^mL/h^UCUM|||||R&#xD;&#xA;&#x9;&#x9;OBX|16|NM|157924^MDC_RATE_DOSE^MDC|1.1.2.14|0.29|mcg/kg/min^mcg/kg/min^UCUM|||||R&#xD;&#xA;&#x9;&#x9;OBX|17|NM|157864^MDC_VOL_FLUID_DELIV^MDC|1.1.2.15|0.035|mL^mL^UCUM|||||R&#xD;&#xA;&#x9;&#x9;OBX|18|NM|157993^MDC_VOL_FLUID_DELIV_TOTAL^MDC|1.1.2.16|5.095|mL^mL^UCUM|||||R&#xD;&#xA;&#x9;&#x9;OBX|19|NM|157872^MDC_VOL_FLUID_TBI_REMAIN^MDC|1.1.2.17||mL^mL^UCUM|||||X&#xD;&#xA;&#x9;&#x9;OBX|20|NM|157916^MDC_TIME_PD_REMAIN^MDC|1.1.2.18|200|min^min^UCUM|||||R&#xD;&#xA;&#x9;&#x9;OBX|21|NM|68063^MDC_ATTR_PT_WEIGHT^MDC|1.1.2.19|70.00|kg^kg^UCUM|||||R&#xD;&#xA;&#x9;&#x9;OBX|22|ST|0^MDCX_PUMP_PK_DRUGMODEL^MDC|1.1.2.21|Alfentanil_Maitre||||||R&#xD;&#xA;&#x9;&#x9;OBX|23|ST|0^MDCX_PUMP_PK_TARGETMODE^MDC|1.1.2.22|P||||||R&#xD;&#xA;&#x9;&#x9;OBX|24|NM|0^MDCX_PUMP_PK_TARGET^MDC|1.1.2.23|20.0000|ng/mL^ng/mL^UCUM|||||R&#xD;&#xA;&#x9;&#x9;OBX|25|ST|70055^MDC_DEV_PUMP_INFUS_SYRINGE_CHAN^MDC|1.1.4.0|||||||X&#xD;&#xA;&#x9;&#x9;OBX|26|ST|184488^MDC_SYRINGE_MANUFACTURER^MDC|1.1.4.10|IVAC||||||R&#xD;&#xA;&#x9;&#x9;OBX|27|NM|157880^MDC_VOL_SYRINGE^MDC|1.1.4.11|50|mL^mL^UCUM|||||R&#xD;&#xA;&#x9;&#x9;OBR|14|ICU@Bed5@Alaris GH_G@8002-62876^AIC^ascom.com^DNS|ICU@Bed5@Alaris GH_G@8002-62876^AIC^ascom.com^DNS|ICU@Bed5@Alaris GH_G@8002-62876^unknown medication|||20220615092912.359+0200&#xD;&#xA;&#x9;&#x9;OBX|1||69985^MDC_DEV_PUMP_INFUS_MDS^MDC|1.0.0.0|||||||X|||||||Alaris GH_G@8002-62876@1^AIC^ascom.com^DNS&#xD;&#xA;&#x9;&#x9;OBX|2||69986^MDC_DEV_PUMP_INFUS_VMD^MDC|1.1.0.0|||||||X&#xD;&#xA;&#x9;&#x9;OBX|3|CWE|188772^MDC_COMM_STATUS^MDC|1.1.0.1|^comm-status-online^MDC||||||X&#xD;&#xA;&#x9;&#x9;OBX|4||126978^MDC_DEV_PUMP_INFUS_CHAN_DELIVERY^MDC|1.1.1.0|||||||X&#xD;&#xA;&#x9;&#x9;OBX|5|CWE|184504^MDC_PUMP_MODE^MDC|1.1.1.11|^pump-mode-continuous^MDC||||||R&#xD;&#xA;&#x9;&#x9;OBX|6|CWE|184519^MDC_PUMP_INFUSING_STATUS^MDC|1.1.1.12|^pump-status-infusing^MDC||||||R&#xD;&#xA;&#x9;&#x9;OBX|7|NM|157784^MDC_FLOW_FLUID_PUMP^MDC|1.1.1.13|9.00|mL/h^mL/h^UCUM|||||R&#xD;&#xA;&#x9;&#x9;OBX|8|NM|157993^MDC_VOL_FLUID_DELIV_TOTAL^MDC|1.1.1.14|100.381|mL^mL^UCUM|||||R&#xD;&#xA;&#x9;&#x9;OBX|9|CWE|0^MDC_DEV_PUMP_ACTIVE_SOURCES^MDC|1.1.1.18|^pump-source-info-primary^MDC||||||R&#xD;&#xA;&#x9;&#x9;OBX|10||126977^MDC_DEV_PUMP_INFUS_CHAN_SOURCE^MDC|1.1.2.0|||||||X&#xD;&#xA;&#x9;&#x9;OBX|11|ST|184514^MDC_DRUG_NAME_LABEL^MDC|1.1.2.11|Unknown medication||||||R&#xD;&#xA;&#x9;&#x9;OBX|12|NM|157784^MDC_FLOW_FLUID_PUMP^MDC|1.1.2.13|9.00|mL/h^mL/h^UCUM|||||R&#xD;&#xA;&#x9;&#x9;OBX|13|NM|157864^MDC_VOL_FLUID_DELIV^MDC|1.1.2.15|0.038|mL^mL^UCUM|||||R&#xD;&#xA;&#x9;&#x9;OBX|14|NM|157993^MDC_VOL_FLUID_DELIV_TOTAL^MDC|1.1.2.16|100.381|mL^mL^UCUM|||||R&#xD;&#xA;&#x9;&#x9;OBX|15|NM|157872^MDC_VOL_FLUID_TBI_REMAIN^MDC|1.1.2.17||mL^mL^UCUM|||||X&#xD;&#xA;&#x9;&#x9;OBX|16|NM|157916^MDC_TIME_PD_REMAIN^MDC|1.1.2.18|154|min^min^UCUM|||||R&#xD;&#xA;&#x9;&#x9;OBX|17|ST|70055^MDC_DEV_PUMP_INFUS_SYRINGE_CHAN^MDC|1.1.4.0|||||||X&#xD;&#xA;&#x9;&#x9;OBX|18|ST|184488^MDC_SYRINGE_MANUFACTURER^MDC|1.1.4.10|IVAC||||||R&#xD;&#xA;&#x9;&#x9;OBX|19|NM|157880^MDC_VOL_SYRINGE^MDC|1.1.4.11|50|mL^mL^UCUM|||||R&#xD;&#xA;&#x9;&#x9;OBR|15|ICU@Bed5@Alaris GP@1350-22728^AIC^ascom.com^DNS|ICU@Bed5@Alaris GP@1350-22728^AIC^ascom.com^DNS|ICU@Bed5@Alaris GP@1350-22728^unknown medication|||20220615092912.359+0200&#xD;&#xA;&#x9;&#x9;OBX|1||69985^MDC_DEV_PUMP_INFUS_MDS^MDC|1.0.0.0|||||||X|||||||Alaris GP@1350-22728@1^AIC^ascom.com^DNS&#xD;&#xA;&#x9;&#x9;OBX|2||69986^MDC_DEV_PUMP_INFUS_VMD^MDC|1.1.0.0|||||||X&#xD;&#xA;&#x9;&#x9;OBX|3|CWE|188772^MDC_COMM_STATUS^MDC|1.1.0.1|^comm-status-online^MDC||||||X&#xD;&#xA;&#x9;&#x9;OBX|4||126978^MDC_DEV_PUMP_INFUS_CHAN_DELIVERY^MDC|1.1.1.0|||||||X&#xD;&#xA;&#x9;&#x9;OBX|5|CWE|184504^MDC_PUMP_MODE^MDC|1.1.1.11|^pump-mode-continuous^MDC||||||R&#xD;&#xA;&#x9;&#x9;OBX|6|CWE|184519^MDC_PUMP_INFUSING_STATUS^MDC|1.1.1.12|^pump-status-infusing^MDC||||||R&#xD;&#xA;&#x9;&#x9;OBX|7|NM|157784^MDC_FLOW_FLUID_PUMP^MDC|1.1.1.13|2.25|mL/h^mL/h^UCUM|||||R&#xD;&#xA;&#x9;&#x9;OBX|8|NM|157993^MDC_VOL_FLUID_DELIV_TOTAL^MDC|1.1.1.14|21.65|mL^mL^UCUM|||||R&#xD;&#xA;&#x9;&#x9;OBX|9|NM|0^MDCX_PUMP_DELIVERY_PRESSURE^MDC|1.1.1.15|0|[aU]^[aU]^UCUM|||||R&#xD;&#xA;&#x9;&#x9;OBX|10|CWE|0^MDC_DEV_PUMP_ACTIVE_SOURCES^MDC|1.1.1.18|^pump-source-info-primary^MDC||||||R&#xD;&#xA;&#x9;&#x9;OBX|11||126977^MDC_DEV_PUMP_INFUS_CHAN_SOURCE^MDC|1.1.2.0|||||||X&#xD;&#xA;&#x9;&#x9;OBX|12|ST|184514^MDC_DRUG_NAME_LABEL^MDC|1.1.2.11|Unknown medication||||||R&#xD;&#xA;&#x9;&#x9;OBX|13|NM|157784^MDC_FLOW_FLUID_PUMP^MDC|1.1.2.13|2.25|mL/h^mL/h^UCUM|||||R&#xD;&#xA;&#x9;&#x9;OBX|14|NM|157924^MDC_RATE_DOSE^MDC|1.1.2.14|0.50|mcg/kg/h^mcg/kg/h^UCUM|||||R&#xD;&#xA;&#x9;&#x9;OBX|15|NM|157864^MDC_VOL_FLUID_DELIV^MDC|1.1.2.15|0.01|mL^mL^UCUM|||||R&#xD;&#xA;&#x9;&#x9;OBX|16|NM|157993^MDC_VOL_FLUID_DELIV_TOTAL^MDC|1.1.2.16|21.65|mL^mL^UCUM|||||R&#xD;&#xA;&#x9;&#x9;OBX|17|NM|157872^MDC_VOL_FLUID_TBI_REMAIN^MDC|1.1.2.17|678.34|mL^mL^UCUM|||||R&#xD;&#xA;&#x9;&#x9;OBX|18|NM|157916^MDC_TIME_PD_REMAIN^MDC|1.1.2.18|1440|min^min^UCUM|||||R&#xD;&#xA;&#x9;&#x9;OBX|19|NM|68063^MDC_ATTR_PT_WEIGHT^MDC|1.1.2.19|90.000|kg^kg^UCUM|||||R&#xD;&#xA;&#x9;&#x9;OBX|20|ST|70055^MDC_DEV_PUMP_INFUS_SYRINGE_CHAN^MDC|1.1.4.0|||||||X&#xD;&#xA;&#x9;&#x9;OBR|16|ICU@Bed5@Alaris CC@8003-50744^AIC^ascom.com^DNS|ICU@Bed5@Alaris CC@8003-50744^AIC^ascom.com^DNS|ICU@Bed5@Alaris CC@8003-50744^unknown medication|||20220615092912.359+0200&#xD;&#xA;&#x9;&#x9;OBX|1||69985^MDC_DEV_PUMP_INFUS_MDS^MDC|1.0.0.0|||||||X|||||||Alaris CC@8003-50744@1^AIC^ascom.com^DNS&#xD;&#xA;&#x9;&#x9;OBX|2||69986^MDC_DEV_PUMP_INFUS_VMD^MDC|1.1.0.0|||||||X&#xD;&#xA;&#x9;&#x9;OBX|3|CWE|188772^MDC_COMM_STATUS^MDC|1.1.0.1|^comm-status-online^MDC||||||X&#xD;&#xA;&#x9;&#x9;OBX|4||126978^MDC_DEV_PUMP_INFUS_CHAN_DELIVERY^MDC|1.1.1.0|||||||X&#xD;&#xA;&#x9;&#x9;OBX|5|CWE|184504^MDC_PUMP_MODE^MDC|1.1.1.11|^pump-mode-continuous^MDC||||||R&#xD;&#xA;&#x9;&#x9;OBX|6|CWE|184519^MDC_PUMP_INFUSING_STATUS^MDC|1.1.1.12|^pump-status-infusing^MDC||||||R&#xD;&#xA;&#x9;&#x9;OBX|7|NM|157784^MDC_FLOW_FLUID_PUMP^MDC|1.1.1.13|0.90|mL/h^mL/h^UCUM|||||R&#xD;&#xA;&#x9;&#x9;OBX|8|NM|157993^MDC_VOL_FLUID_DELIV_TOTAL^MDC|1.1.1.14|198.869|mL^mL^UCUM|||||R&#xD;&#xA;&#x9;&#x9;OBX|9|NM|0^MDCX_PUMP_DELIVERY_PRESSURE^MDC|1.1.1.15|0|mm[Hg]^mm[Hg]^UCUM|||||R&#xD;&#xA;&#x9;&#x9;OBX|10|CWE|0^MDC_DEV_PUMP_ACTIVE_SOURCES^MDC|1.1.1.18|^pump-source-info-primary^MDC||||||R&#xD;&#xA;&#x9;&#x9;OBX|11||126977^MDC_DEV_PUMP_INFUS_CHAN_SOURCE^MDC|1.1.2.0|||||||X&#xD;&#xA;&#x9;&#x9;OBX|12|ST|184514^MDC_DRUG_NAME_LABEL^MDC|1.1.2.11|Unknown medication||||||R&#xD;&#xA;&#x9;&#x9;OBX|13|NM|157784^MDC_FLOW_FLUID_PUMP^MDC|1.1.2.13|0.90|mL/h^mL/h^UCUM|||||R&#xD;&#xA;&#x9;&#x9;OBX|14|NM|157924^MDC_RATE_DOSE^MDC|1.1.2.14|15.00|mcg/kg/min^mcg/kg/min^UCUM|||||R&#xD;&#xA;&#x9;&#x9;OBX|15|NM|157864^MDC_VOL_FLUID_DELIV^MDC|1.1.2.15|0.004|mL^mL^UCUM|||||R&#xD;&#xA;&#x9;&#x9;OBX|16|NM|157993^MDC_VOL_FLUID_DELIV_TOTAL^MDC|1.1.2.16|198.869|mL^mL^UCUM|||||R&#xD;&#xA;&#x9;&#x9;OBX|17|NM|157872^MDC_VOL_FLUID_TBI_REMAIN^MDC|1.1.2.17||mL^mL^UCUM|||||X&#xD;&#xA;&#x9;&#x9;OBX|18|NM|157916^MDC_TIME_PD_REMAIN^MDC|1.1.2.18|1098|min^min^UCUM|||||R&#xD;&#xA;&#x9;&#x9;OBX|19|NM|68063^MDC_ATTR_PT_WEIGHT^MDC|1.1.2.19|1.00|kg^kg^UCUM|||||R&#xD;&#xA;&#x9;&#x9;OBX|20|ST|70055^MDC_DEV_PUMP_INFUS_SYRINGE_CHAN^MDC|1.1.4.0|||||||X&#xD;&#xA;&#x9;&#x9;OBX|21|ST|184488^MDC_SYRINGE_MANUFACTURER^MDC|1.1.4.10|IVAC||||||R&#xD;&#xA;&#x9;&#x9;OBX|22|NM|157880^MDC_VOL_SYRINGE^MDC|1.1.4.11|50|mL^mL^UCUM|||||R&#xD;&#xA;&#x9;&#x9;OBR|17|ICU@Bed5@Alaris GH_G@8002-47529^AIC^ascom.com^DNS|ICU@Bed5@Alaris GH_G@8002-47529^AIC^ascom.com^DNS|ICU@Bed5@Alaris GH_G@8002-47529^unknown medication|||20220615092912.359+0200&#xD;&#xA;&#x9;&#x9;OBX|1||69985^MDC_DEV_PUMP_INFUS_MDS^MDC|1.0.0.0|||||||X|||||||Alaris GH_G@8002-47529@1^AIC^ascom.com^DNS&#xD;&#xA;&#x9;&#x9;OBX|2||69986^MDC_DEV_PUMP_INFUS_VMD^MDC|1.1.0.0|||||||X&#xD;&#xA;&#x9;&#x9;OBX|3|CWE|188772^MDC_COMM_STATUS^MDC|1.1.0.1|^comm-status-online^MDC||||||X&#xD;&#xA;&#x9;&#x9;OBX|4||126978^MDC_DEV_PUMP_INFUS_CHAN_DELIVERY^MDC|1.1.1.0|||||||X&#xD;&#xA;&#x9;&#x9;OBX|5|CWE|184504^MDC_PUMP_MODE^MDC|1.1.1.11|^pump-mode-continuous^MDC||||||R&#xD;&#xA;&#x9;&#x9;OBX|6|CWE|184519^MDC_PUMP_INFUSING_STATUS^MDC|1.1.1.12|^pump-status-infusing^MDC||||||R&#xD;&#xA;&#x9;&#x9;OBX|7|NM|157784^MDC_FLOW_FLUID_PUMP^MDC|1.1.1.13|30.00|mL/h^mL/h^UCUM|||||R&#xD;&#xA;&#x9;&#x9;OBX|8|NM|157993^MDC_VOL_FLUID_DELIV_TOTAL^MDC|1.1.1.14|395.288|mL^mL^UCUM|||||R&#xD;&#xA;&#x9;&#x9;OBX|9|CWE|0^MDC_DEV_PUMP_ACTIVE_SOURCES^MDC|1.1.1.18|^pump-source-info-primary^MDC||||||R&#xD;&#xA;&#x9;&#x9;OBX|10||126977^MDC_DEV_PUMP_INFUS_CHAN_SOURCE^MDC|1.1.2.0|||||||X&#xD;&#xA;&#x9;&#x9;OBX|11|ST|184514^MDC_DRUG_NAME_LABEL^MDC|1.1.2.11|Unknown medication||||||R&#xD;&#xA;&#x9;&#x9;OBX|12|NM|157784^MDC_FLOW_FLUID_PUMP^MDC|1.1.2.13|30.00|mL/h^mL/h^UCUM|||||R&#xD;&#xA;&#x9;&#x9;OBX|13|NM|157864^MDC_VOL_FLUID_DELIV^MDC|1.1.2.15|0.125|mL^mL^UCUM|||||R&#xD;&#xA;&#x9;&#x9;OBX|14|NM|157993^MDC_VOL_FLUID_DELIV_TOTAL^MDC|1.1.2.16|395.288|mL^mL^UCUM|||||R&#xD;&#xA;&#x9;&#x9;OBX|15|NM|157872^MDC_VOL_FLUID_TBI_REMAIN^MDC|1.1.2.17||mL^mL^UCUM|||||X&#xD;&#xA;&#x9;&#x9;OBX|16|NM|157916^MDC_TIME_PD_REMAIN^MDC|1.1.2.18|14|min^min^UCUM|||||R&#xD;&#xA;&#x9;&#x9;OBX|17|ST|70055^MDC_DEV_PUMP_INFUS_SYRINGE_CHAN^MDC|1.1.4.0|||||||X&#xD;&#xA;&#x9;&#x9;OBX|18|ST|184488^MDC_SYRINGE_MANUFACTURER^MDC|1.1.4.10|BD PLASTIPAK||||||R&#xD;&#xA;&#x9;&#x9;OBX|19|NM|157880^MDC_VOL_SYRINGE^MDC|1.1.4.11|50|mL^mL^UCUM|||||R&#xD;&#xA;&#x9;&#x9;OBR|18|ICU@Bed5@Alaris GW@4449^AIC^ascom.com^DNS|ICU@Bed5@Alaris GW@4449^AIC^ascom.com^DNS|ICU@Bed5@Alaris GW@4449^unknown medication|||20220615092912.359+0200&#xD;&#xA;&#x9;&#x9;OBX|1||69985^MDC_DEV_PUMP_INFUS_MDS^MDC|1.0.0.0|||||||X|||||||Alaris GW@4449@1^AIC^ascom.com^DNS&#xD;&#xA;&#x9;&#x9;OBX|2||69986^MDC_DEV_PUMP_INFUS_VMD^MDC|1.1.0.0|||||||X&#xD;&#xA;&#x9;&#x9;OBX|3|CWE|188772^MDC_COMM_STATUS^MDC|1.1.0.1|^comm-status-online^MDC||||||X&#xD;&#xA;&#x9;&#x9;OBX|4||126978^MDC_DEV_PUMP_INFUS_CHAN_DELIVERY^MDC|1.1.1.0|||||||X&#xD;&#xA;&#x9;&#x9;OBX|5|CWE|184504^MDC_PUMP_MODE^MDC|1.1.1.11|^pump-mode-continuous^MDC||||||R&#xD;&#xA;&#x9;&#x9;OBX|6|CWE|184519^MDC_PUMP_INFUSING_STATUS^MDC|1.1.1.12|^pump-status-infusing^MDC||||||R&#xD;&#xA;&#x9;&#x9;OBX|7|NM|157784^MDC_FLOW_FLUID_PUMP^MDC|1.1.1.13|5.0|mL/h^mL/h^UCUM|||||R&#xD;&#xA;&#x9;&#x9;OBX|8|NM|157993^MDC_VOL_FLUID_DELIV_TOTAL^MDC|1.1.1.14|59.6|mL^mL^UCUM|||||R&#xD;&#xA;&#x9;&#x9;OBX|9|NM|0^MDCX_PUMP_DELIVERY_PRESSURE^MDC|1.1.1.15|39|mm[Hg]^mm[Hg]^UCUM|||||R&#xD;&#xA;&#x9;&#x9;OBX|10|CWE|0^MDC_DEV_PUMP_ACTIVE_SOURCES^MDC|1.1.1.18|^pump-source-info-primary^MDC||||||R&#xD;&#xA;&#x9;&#x9;OBX|11||126977^MDC_DEV_PUMP_INFUS_CHAN_SOURCE^MDC|1.1.2.0|||||||X&#xD;&#xA;&#x9;&#x9;OBX|12|ST|184514^MDC_DRUG_NAME_LABEL^MDC|1.1.2.11|Unknown medication||||||R&#xD;&#xA;&#x9;&#x9;OBX|13|NM|157784^MDC_FLOW_FLUID_PUMP^MDC|1.1.2.13|5.0|mL/h^mL/h^UCUM|||||R&#xD;&#xA;&#x9;&#x9;OBX|14|NM|157864^MDC_VOL_FLUID_DELIV^MDC|1.1.2.15|0.0|mL^mL^UCUM|||||R&#xD;&#xA;&#x9;&#x9;OBX|15|NM|157993^MDC_VOL_FLUID_DELIV_TOTAL^MDC|1.1.2.16|59.6|mL^mL^UCUM|||||R&#xD;&#xA;&#x9;&#x9;OBX|16|NM|157872^MDC_VOL_FLUID_TBI_REMAIN^MDC|1.1.2.17|44.4|mL^mL^UCUM|||||R&#xD;&#xA;&#x9;&#x9;OBX|17|NM|157916^MDC_TIME_PD_REMAIN^MDC|1.1.2.18|533|min^min^UCUM|||||R&#xD;&#xA;&#x9;&#x9;OBX|18|ST|70055^MDC_DEV_PUMP_INFUS_SYRINGE_CHAN^MDC|1.1.4.0|||||||X&#xD;&#xA;&#x9;&#x9;OBR|19|ICU@Bed5@Alaris PK@8005-05765^AIC^ascom.com^DNS|ICU@Bed5@Alaris PK@8005-05765^AIC^ascom.com^DNS|ICU@Bed5@Alaris PK@8005-05765^Alfentanil|||20220615092911.137+0200&#xD;&#xA;&#x9;&#x9;OBX|1||69985^MDC_DEV_PUMP_INFUS_MDS^MDC|1.0.0.0|||||||X|||||||Alaris PK@8005-05765@1^AIC^ascom.com^DNS&#xD;&#xA;&#x9;&#x9;OBX|2||69986^MDC_DEV_PUMP_INFUS_VMD^MDC|1.1.0.0|||||||X&#xD;&#xA;&#x9;&#x9;OBX|3|CWE|188772^MDC_COMM_STATUS^MDC|1.1.0.1|^comm-status-online^MDC||||||X&#xD;&#xA;&#x9;&#x9;OBX|4||126978^MDC_DEV_PUMP_INFUS_CHAN_DELIVERY^MDC|1.1.1.0|||||||X&#xD;&#xA;&#x9;&#x9;OBX|5|CWE|184504^MDC_PUMP_MODE^MDC|1.1.1.11|^pump-mode-continuous^MDC||||||R&#xD;&#xA;&#x9;&#x9;OBX|6|CWE|184519^MDC_PUMP_INFUSING_STATUS^MDC|1.1.1.12|^pump-status-infusing^MDC||||||R&#xD;&#xA;&#x9;&#x9;OBX|7|NM|157784^MDC_FLOW_FLUID_PUMP^MDC|1.1.1.13|12.33|mL/h^mL/h^UCUM|||||R&#xD;&#xA;&#x9;&#x9;OBX|8|NM|157993^MDC_VOL_FLUID_DELIV_TOTAL^MDC|1.1.1.14|5.009|mL^mL^UCUM|||||R&#xD;&#xA;&#x9;&#x9;OBX|9|NM|0^MDCX_PUMP_PK_PC^MDC|1.1.1.16|19.9998|ng/mL^ng/mL^UCUM|||||R&#xD;&#xA;&#x9;&#x9;OBX|10|NM|0^MDCX_PUMP_PK_EC^MDC|1.1.1.17|13.2822|ng/mL^ng/mL^UCUM|||||R&#xD;&#xA;&#x9;&#x9;OBX|11|CWE|0^MDC_DEV_PUMP_ACTIVE_SOURCES^MDC|1.1.1.18|^pump-source-info-primary^MDC||||||R&#xD;&#xA;&#x9;&#x9;OBX|12||126977^MDC_DEV_PUMP_INFUS_CHAN_SOURCE^MDC|1.1.2.0|||||||X&#xD;&#xA;&#x9;&#x9;OBX|13|ST|184514^MDC_DRUG_NAME_LABEL^MDC|1.1.2.11|Alfentanil||||||R&#xD;&#xA;&#x9;&#x9;OBX|14|NM|157760^MDC_CONC_DRUG^MDC|1.1.2.12|100.00|mcg/mL^mcg/mL^UCUM|||||R&#xD;&#xA;&#x9;&#x9;OBX|15|NM|157784^MDC_FLOW_FLUID_PUMP^MDC|1.1.2.13|12.33|mL/h^mL/h^UCUM|||||R&#xD;&#xA;&#x9;&#x9;OBX|16|NM|157924^MDC_RATE_DOSE^MDC|1.1.2.14|0.29|mcg/kg/min^mcg/kg/min^UCUM|||||R&#xD;&#xA;&#x9;&#x9;OBX|17|NM|157864^MDC_VOL_FLUID_DELIV^MDC|1.1.2.15|0.034|mL^mL^UCUM|||||R&#xD;&#xA;&#x9;&#x9;OBX|18|NM|157993^MDC_VOL_FLUID_DELIV_TOTAL^MDC|1.1.2.16|5.009|mL^mL^UCUM|||||R&#xD;&#xA;&#x9;&#x9;OBX|19|NM|157872^MDC_VOL_FLUID_TBI_REMAIN^MDC|1.1.2.17||mL^mL^UCUM|||||X&#xD;&#xA;&#x9;&#x9;OBX|20|NM|157916^MDC_TIME_PD_REMAIN^MDC|1.1.2.18|198|min^min^UCUM|||||R&#xD;&#xA;&#x9;&#x9;OBX|21|NM|68063^MDC_ATTR_PT_WEIGHT^MDC|1.1.2.19|70.00|kg^kg^UCUM|||||R&#xD;&#xA;&#x9;&#x9;OBX|22|ST|0^MDCX_PUMP_PK_DRUGMODEL^MDC|1.1.2.21|Alfentanil_Maitre||||||R&#xD;&#xA;&#x9;&#x9;OBX|23|ST|0^MDCX_PUMP_PK_TARGETMODE^MDC|1.1.2.22|P||||||R&#xD;&#xA;&#x9;&#x9;OBX|24|NM|0^MDCX_PUMP_PK_TARGET^MDC|1.1.2.23|20.0000|ng/mL^ng/mL^UCUM|||||R&#xD;&#xA;&#x9;&#x9;OBX|25|ST|70055^MDC_DEV_PUMP_INFUS_SYRINGE_CHAN^MDC|1.1.4.0|||||||X&#xD;&#xA;&#x9;&#x9;OBX|26|ST|184488^MDC_SYRINGE_MANUFACTURER^MDC|1.1.4.10|IVAC||||||R&#xD;&#xA;&#x9;&#x9;OBX|27|NM|157880^MDC_VOL_SYRINGE^MDC|1.1.4.11|50|mL^mL^UCUM|||||R&#xD;&#xA;&#x9;&#x9;OBR|20|ICU@Bed5@Alaris GH_G@8002-62877^AIC^ascom.com^DNS|ICU@Bed5@Alaris GH_G@8002-62877^AIC^ascom.com^DNS|ICU@Bed5@Alaris GH_G@8002-62877^unknown medication|||20220615092911.137+0200&#xD;&#xA;&#x9;&#x9;OBX|1||69985^MDC_DEV_PUMP_INFUS_MDS^MDC|1.0.0.0|||||||X|||||||Alaris GH_G@8002-62877@1^AIC^ascom.com^DNS&#xD;&#xA;&#x9;&#x9;OBX|2||69986^MDC_DEV_PUMP_INFUS_VMD^MDC|1.1.0.0|||||||X&#xD;&#xA;&#x9;&#x9;OBX|3|CWE|188772^MDC_COMM_STATUS^MDC|1.1.0.1|^comm-status-online^MDC||||||X&#xD;&#xA;&#x9;&#x9;OBX|4||126978^MDC_DEV_PUMP_INFUS_CHAN_DELIVERY^MDC|1.1.1.0|||||||X&#xD;&#xA;&#x9;&#x9;OBX|5|CWE|184504^MDC_PUMP_MODE^MDC|1.1.1.11|^pump-mode-continuous^MDC||||||R&#xD;&#xA;&#x9;&#x9;OBX|6|CWE|184519^MDC_PUMP_INFUSING_STATUS^MDC|1.1.1.12|^pump-status-infusing^MDC||||||R&#xD;&#xA;&#x9;&#x9;OBX|7|NM|157784^MDC_FLOW_FLUID_PUMP^MDC|1.1.1.13|9.00|mL/h^mL/h^UCUM|||||R&#xD;&#xA;&#x9;&#x9;OBX|8|NM|157993^MDC_VOL_FLUID_DELIV_TOTAL^MDC|1.1.1.14|100.306|mL^mL^UCUM|||||R&#xD;&#xA;&#x9;&#x9;OBX|9|CWE|0^MDC_DEV_PUMP_ACTIVE_SOURCES^MDC|1.1.1.18|^pump-source-info-primary^MDC||||||R&#xD;&#xA;&#x9;&#x9;OBX|10||126977^MDC_DEV_PUMP_INFUS_CHAN_SOURCE^MDC|1.1.2.0|||||||X&#xD;&#xA;&#x9;&#x9;OBX|11|ST|184514^MDC_DRUG_NAME_LABEL^MDC|1.1.2.11|Unknown medication||||||R&#xD;&#xA;&#x9;&#x9;OBX|12|NM|157784^MDC_FLOW_FLUID_PUMP^MDC|1.1.2.13|9.00|mL/h^mL/h^UCUM|||||R&#xD;&#xA;&#x9;&#x9;OBX|13|NM|157864^MDC_VOL_FLUID_DELIV^MDC|1.1.2.15|0.013|mL^mL^UCUM|||||R&#xD;&#xA;&#x9;&#x9;OBX|14|NM|157993^MDC_VOL_FLUID_DELIV_TOTAL^MDC|1.1.2.16|100.306|mL^mL^UCUM|||||R&#xD;&#xA;&#x9;&#x9;OBX|15|NM|157872^MDC_VOL_FLUID_TBI_REMAIN^MDC|1.1.2.17||mL^mL^UCUM|||||X&#xD;&#xA;&#x9;&#x9;OBX|16|NM|157916^MDC_TIME_PD_REMAIN^MDC|1.1.2.18|154|min^min^UCUM|||||R&#xD;&#xA;&#x9;&#x9;OBX|17|ST|70055^MDC_DEV_PUMP_INFUS_SYRINGE_CHAN^MDC|1.1.4.0|||||||X&#xD;&#xA;&#x9;&#x9;OBX|18|ST|184488^MDC_SYRINGE_MANUFACTURER^MDC|1.1.4.10|IVAC||||||R&#xD;&#xA;&#x9;&#x9;OBX|19|NM|157880^MDC_VOL_SYRINGE^MDC|1.1.4.11|50|mL^mL^UCUM|||||R&#xD;&#xA;&#x9;&#x9;OBR|21|ICU@Bed5@Alaris GP@1350-22729^AIC^ascom.com^DNS|ICU@Bed5@Alaris GP@1350-22729^AIC^ascom.com^DNS|ICU@Bed5@Alaris GP@1350-22729^unknown medication|||20220615092911.137+0200&#xD;&#xA;&#x9;&#x9;OBX|1||69985^MDC_DEV_PUMP_INFUS_MDS^MDC|1.0.0.0|||||||X|||||||Alaris GP@1350-22729@1^AIC^ascom.com^DNS&#xD;&#xA;&#x9;&#x9;OBX|2||69986^MDC_DEV_PUMP_INFUS_VMD^MDC|1.1.0.0|||||||X&#xD;&#xA;&#x9;&#x9;OBX|3|CWE|188772^MDC_COMM_STATUS^MDC|1.1.0.1|^comm-status-online^MDC||||||X&#xD;&#xA;&#x9;&#x9;OBX|4||126978^MDC_DEV_PUMP_INFUS_CHAN_DELIVERY^MDC|1.1.1.0|||||||X&#xD;&#xA;&#x9;&#x9;OBX|5|CWE|184504^MDC_PUMP_MODE^MDC|1.1.1.11|^pump-mode-continuous^MDC||||||R&#xD;&#xA;&#x9;&#x9;OBX|6|CWE|184519^MDC_PUMP_INFUSING_STATUS^MDC|1.1.1.12|^pump-status-infusing^MDC||||||R&#xD;&#xA;&#x9;&#x9;OBX|7|NM|157784^MDC_FLOW_FLUID_PUMP^MDC|1.1.1.13|2.25|mL/h^mL/h^UCUM|||||R&#xD;&#xA;&#x9;&#x9;OBX|8|NM|157993^MDC_VOL_FLUID_DELIV_TOTAL^MDC|1.1.1.14|21.63|mL^mL^UCUM|||||R&#xD;&#xA;&#x9;&#x9;OBX|9|NM|0^MDCX_PUMP_DELIVERY_PRESSURE^MDC|1.1.1.15|0|[aU]^[aU]^UCUM|||||R&#xD;&#xA;&#x9;&#x9;OBX|10|CWE|0^MDC_DEV_PUMP_ACTIVE_SOURCES^MDC|1.1.1.18|^pump-source-info-primary^MDC||||||R&#xD;&#xA;&#x9;&#x9;OBX|11||126977^MDC_DEV_PUMP_INFUS_CHAN_SOURCE^MDC|1.1.2.0|||||||X&#xD;&#xA;&#x9;&#x9;OBX|12|ST|184514^MDC_DRUG_NAME_LABEL^MDC|1.1.2.11|Unknown medication||||||R&#xD;&#xA;&#x9;&#x9;OBX|13|NM|157784^MDC_FLOW_FLUID_PUMP^MDC|1.1.2.13|2.25|mL/h^mL/h^UCUM|||||R&#xD;&#xA;&#x9;&#x9;OBX|14|NM|157924^MDC_RATE_DOSE^MDC|1.1.2.14|0.50|mcg/kg/h^mcg/kg/h^UCUM|||||R&#xD;&#xA;&#x9;&#x9;OBX|15|NM|157864^MDC_VOL_FLUID_DELIV^MDC|1.1.2.15|0.00|mL^mL^UCUM|||||R&#xD;&#xA;&#x9;&#x9;OBX|16|NM|157993^MDC_VOL_FLUID_DELIV_TOTAL^MDC|1.1.2.16|21.63|mL^mL^UCUM|||||R&#xD;&#xA;&#x9;&#x9;OBX|17|NM|157872^MDC_VOL_FLUID_TBI_REMAIN^MDC|1.1.2.17|678.36|mL^mL^UCUM|||||R&#xD;&#xA;&#x9;&#x9;OBX|18|NM|157916^MDC_TIME_PD_REMAIN^MDC|1.1.2.18|1440|min^min^UCUM|||||R&#xD;&#xA;&#x9;&#x9;OBX|19|NM|68063^MDC_ATTR_PT_WEIGHT^MDC|1.1.2.19|90.000|kg^kg^UCUM|||||R&#xD;&#xA;&#x9;&#x9;OBX|20|ST|70055^MDC_DEV_PUMP_INFUS_SYRINGE_CHAN^MDC|1.1.4.0|||||||X&#xD;&#xA;&#x9;&#x9;OBR|22|ICU@Bed5@Alaris CC@8003-50745^AIC^ascom.com^DNS|ICU@Bed5@Alaris CC@8003-50745^AIC^ascom.com^DNS|ICU@Bed5@Alaris CC@8003-50745^unknown medication|||20220615092911.137+0200&#xD;&#xA;&#x9;&#x9;OBX|1||69985^MDC_DEV_PUMP_INFUS_MDS^MDC|1.0.0.0|||||||X|||||||Alaris CC@8003-50745@1^AIC^ascom.com^DNS&#xD;&#xA;&#x9;&#x9;OBX|2||69986^MDC_DEV_PUMP_INFUS_VMD^MDC|1.1.0.0|||||||X&#xD;&#xA;&#x9;&#x9;OBX|3|CWE|188772^MDC_COMM_STATUS^MDC|1.1.0.1|^comm-status-online^MDC||||||X&#xD;&#xA;&#x9;&#x9;OBX|4||126978^MDC_DEV_PUMP_INFUS_CHAN_DELIVERY^MDC|1.1.1.0|||||||X&#xD;&#xA;&#x9;&#x9;OBX|5|CWE|184504^MDC_PUMP_MODE^MDC|1.1.1.11|^pump-mode-continuous^MDC||||||R&#xD;&#xA;&#x9;&#x9;OBX|6|CWE|184519^MDC_PUMP_INFUSING_STATUS^MDC|1.1.1.12|^pump-status-infusing^MDC||||||R&#xD;&#xA;&#x9;&#x9;OBX|7|NM|157784^MDC_FLOW_FLUID_PUMP^MDC|1.1.1.13|0.90|mL/h^mL/h^UCUM|||||R&#xD;&#xA;&#x9;&#x9;OBX|8|NM|157993^MDC_VOL_FLUID_DELIV_TOTAL^MDC|1.1.1.14|198.861|mL^mL^UCUM|||||R&#xD;&#xA;&#x9;&#x9;OBX|9|NM|0^MDCX_PUMP_DELIVERY_PRESSURE^MDC|1.1.1.15|0|mm[Hg]^mm[Hg]^UCUM|||||R&#xD;&#xA;&#x9;&#x9;OBX|10|CWE|0^MDC_DEV_PUMP_ACTIVE_SOURCES^MDC|1.1.1.18|^pump-source-info-primary^MDC||||||R&#xD;&#xA;&#x9;&#x9;OBX|11||126977^MDC_DEV_PUMP_INFUS_CHAN_SOURCE^MDC|1.1.2.0|||||||X&#xD;&#xA;&#x9;&#x9;OBX|12|ST|184514^MDC_DRUG_NAME_LABEL^MDC|1.1.2.11|Unknown medication||||||R&#xD;&#xA;&#x9;&#x9;OBX|13|NM|157784^MDC_FLOW_FLUID_PUMP^MDC|1.1.2.13|0.90|mL/h^mL/h^UCUM|||||R&#xD;&#xA;&#x9;&#x9;OBX|14|NM|157924^MDC_RATE_DOSE^MDC|1.1.2.14|15.00|mcg/kg/min^mcg/kg/min^UCUM|||||R&#xD;&#xA;&#x9;&#x9;OBX|15|NM|157864^MDC_VOL_FLUID_DELIV^MDC|1.1.2.15|0.001|mL^mL^UCUM|||||R&#xD;&#xA;&#x9;&#x9;OBX|16|NM|157993^MDC_VOL_FLUID_DELIV_TOTAL^MDC|1.1.2.16|198.861|mL^mL^UCUM|||||R&#xD;&#xA;&#x9;&#x9;OBX|17|NM|157872^MDC_VOL_FLUID_TBI_REMAIN^MDC|1.1.2.17||mL^mL^UCUM|||||X&#xD;&#xA;&#x9;&#x9;OBX|18|NM|157916^MDC_TIME_PD_REMAIN^MDC|1.1.2.18|1099|min^min^UCUM|||||R&#xD;&#xA;&#x9;&#x9;OBX|19|NM|68063^MDC_ATTR_PT_WEIGHT^MDC|1.1.2.19|1.00|kg^kg^UCUM|||||R&#xD;&#xA;&#x9;&#x9;OBX|20|ST|70055^MDC_DEV_PUMP_INFUS_SYRINGE_CHAN^MDC|1.1.4.0|||||||X&#xD;&#xA;&#x9;&#x9;OBX|21|ST|184488^MDC_SYRINGE_MANUFACTURER^MDC|1.1.4.10|IVAC||||||R&#xD;&#xA;&#x9;&#x9;OBX|22|NM|157880^MDC_VOL_SYRINGE^MDC|1.1.4.11|50|mL^mL^UCUM|||||R&#xD;&#xA;&#x9;&#x9;OBR|23|ICU@Bed5@Alaris GH_G@8002-47530^AIC^ascom.com^DNS|ICU@Bed5@Alaris GH_G@8002-47530^AIC^ascom.com^DNS|ICU@Bed5@Alaris GH_G@8002-47530^unknown medication|||20220615092911.137+0200&#xD;&#xA;&#x9;&#x9;OBX|1||69985^MDC_DEV_PUMP_INFUS_MDS^MDC|1.0.0.0|||||||X|||||||Alaris GH_G@8002-47530@1^AIC^ascom.com^DNS&#xD;&#xA;&#x9;&#x9;OBX|2||69986^MDC_DEV_PUMP_INFUS_VMD^MDC|1.1.0.0|||||||X&#xD;&#xA;&#x9;&#x9;OBX|3|CWE|188772^MDC_COMM_STATUS^MDC|1.1.0.1|^comm-status-online^MDC||||||X&#xD;&#xA;&#x9;&#x9;OBX|4||126978^MDC_DEV_PUMP_INFUS_CHAN_DELIVERY^MDC|1.1.1.0|||||||X&#xD;&#xA;&#x9;&#x9;OBX|5|CWE|184504^MDC_PUMP_MODE^MDC|1.1.1.11|^pump-mode-continuous^MDC||||||R&#xD;&#xA;&#x9;&#x9;OBX|6|CWE|184519^MDC_PUMP_INFUSING_STATUS^MDC|1.1.1.12|^pump-status-infusing^MDC||||||R&#xD;&#xA;&#x9;&#x9;OBX|7|NM|157784^MDC_FLOW_FLUID_PUMP^MDC|1.1.1.13|30.00|mL/h^mL/h^UCUM|||||R&#xD;&#xA;&#x9;&#x9;OBX|8|NM|157993^MDC_VOL_FLUID_DELIV_TOTAL^MDC|1.1.1.14|395.038|mL^mL^UCUM|||||R&#xD;&#xA;&#x9;&#x9;OBX|9|CWE|0^MDC_DEV_PUMP_ACTIVE_SOURCES^MDC|1.1.1.18|^pump-source-info-primary^MDC||||||R&#xD;&#xA;&#x9;&#x9;OBX|10||126977^MDC_DEV_PUMP_INFUS_CHAN_SOURCE^MDC|1.1.2.0|||||||X&#xD;&#xA;&#x9;&#x9;OBX|11|ST|184514^MDC_DRUG_NAME_LABEL^MDC|1.1.2.11|Unknown medication||||||R&#xD;&#xA;&#x9;&#x9;OBX|12|NM|157784^MDC_FLOW_FLUID_PUMP^MDC|1.1.2.13|30.00|mL/h^mL/h^UCUM|||||R&#xD;&#xA;&#x9;&#x9;OBX|13|NM|157864^MDC_VOL_FLUID_DELIV^MDC|1.1.2.15|0.083|mL^mL^UCUM|||||R&#xD;&#xA;&#x9;&#x9;OBX|14|NM|157993^MDC_VOL_FLUID_DELIV_TOTAL^MDC|1.1.2.16|395.038|mL^mL^UCUM|||||R&#xD;&#xA;&#x9;&#x9;OBX|15|NM|157872^MDC_VOL_FLUID_TBI_REMAIN^MDC|1.1.2.17||mL^mL^UCUM|||||X&#xD;&#xA;&#x9;&#x9;OBX|16|NM|157916^MDC_TIME_PD_REMAIN^MDC|1.1.2.18|14|min^min^UCUM|||||R&#xD;&#xA;&#x9;&#x9;OBX|17|ST|70055^MDC_DEV_PUMP_INFUS_SYRINGE_CHAN^MDC|1.1.4.0|||||||X&#xD;&#xA;&#x9;&#x9;OBX|18|ST|184488^MDC_SYRINGE_MANUFACTURER^MDC|1.1.4.10|BD PLASTIPAK||||||R&#xD;&#xA;&#x9;&#x9;OBX|19|NM|157880^MDC_VOL_SYRINGE^MDC|1.1.4.11|50|mL^mL^UCUM|||||R&#xD;&#xA;&#x9;&#x9;OBR|24|ICU@Bed5@Alaris GW@4450^AIC^ascom.com^DNS|ICU@Bed5@Alaris GW@4450^AIC^ascom.com^DNS|ICU@Bed5@Alaris GW@4450^unknown medication|||20220615092911.137+0200&#xD;&#xA;&#x9;&#x9;OBX|1||69985^MDC_DEV_PUMP_INFUS_MDS^MDC|1.0.0.0|||||||X|||||||Alaris GW@4450@1^AIC^ascom.com^DNS&#xD;&#xA;&#x9;&#x9;OBX|2||69986^MDC_DEV_PUMP_INFUS_VMD^MDC|1.1.0.0|||||||X&#xD;&#xA;&#x9;&#x9;OBX|3|CWE|188772^MDC_COMM_STATUS^MDC|1.1.0.1|^comm-status-online^MDC||||||X&#xD;&#xA;&#x9;&#x9;OBX|4||126978^MDC_DEV_PUMP_INFUS_CHAN_DELIVERY^MDC|1.1.1.0|||||||X&#xD;&#xA;&#x9;&#x9;OBX|5|CWE|184504^MDC_PUMP_MODE^MDC|1.1.1.11|^pump-mode-continuous^MDC||||||R&#xD;&#xA;&#x9;&#x9;OBX|6|CWE|184519^MDC_PUMP_INFUSING_STATUS^MDC|1.1.1.12|^pump-status-infusing^MDC||||||R&#xD;&#xA;&#x9;&#x9;OBX|7|NM|157784^MDC_FLOW_FLUID_PUMP^MDC|1.1.1.13|5.0|mL/h^mL/h^UCUM|||||R&#xD;&#xA;&#x9;&#x9;OBX|8|NM|157993^MDC_VOL_FLUID_DELIV_TOTAL^MDC|1.1.1.14|59.6|mL^mL^UCUM|||||R&#xD;&#xA;&#x9;&#x9;OBX|9|NM|0^MDCX_PUMP_DELIVERY_PRESSURE^MDC|1.1.1.15|39|mm[Hg]^mm[Hg]^UCUM|||||R&#xD;&#xA;&#x9;&#x9;OBX|10|CWE|0^MDC_DEV_PUMP_ACTIVE_SOURCES^MDC|1.1.1.18|^pump-source-info-primary^MDC||||||R&#xD;&#xA;&#x9;&#x9;OBX|11||126977^MDC_DEV_PUMP_INFUS_CHAN_SOURCE^MDC|1.1.2.0|||||||X&#xD;&#xA;&#x9;&#x9;OBX|12|ST|184514^MDC_DRUG_NAME_LABEL^MDC|1.1.2.11|Unknown medication||||||R&#xD;&#xA;&#x9;&#x9;OBX|13|NM|157784^MDC_FLOW_FLUID_PUMP^MDC|1.1.2.13|5.0|mL/h^mL/h^UCUM|||||R&#xD;&#xA;&#x9;&#x9;OBX|14|NM|157864^MDC_VOL_FLUID_DELIV^MDC|1.1.2.15|0.0|mL^mL^UCUM|||||R&#xD;&#xA;&#x9;&#x9;OBX|15|NM|157993^MDC_VOL_FLUID_DELIV_TOTAL^MDC|1.1.2.16|59.6|mL^mL^UCUM|||||R&#xD;&#xA;&#x9;&#x9;OBX|16|NM|157872^MDC_VOL_FLUID_TBI_REMAIN^MDC|1.1.2.17|44.4|mL^mL^UCUM|||||R&#xD;&#xA;&#x9;&#x9;OBX|17|NM|157916^MDC_TIME_PD_REMAIN^MDC|1.1.2.18|533|min^min^UCUM|||||R&#xD;&#xA;&#x9;&#x9;OBX|18|ST|70055^MDC_DEV_PUMP_INFUS_SYRINGE_CHAN^MDC|1.1.4.0|||||||X,True,24) row 2"
                time="0.0367639"/>
      <testcase classname="Philips.PMP.Test.Auto.PatientDataExportStorageTestNoDb"
                name="PdxUshortArrayConversionTest"
                time="0.0023944"/>
      <testcase classname="Philips.PMP.Test.Auto.W32TimeServiceAdapterTest"
                name="InitializingTimeSyncDetectsLegacyRegistrySettings"
                time="0.0044791"/>
      <testcase classname="Philips.PMP.Test.Auto.LicenseValidationServiceTest"
                name="IsBedLicensedForFeatureReturnsIfBedIsInUnitThatIsLicensed"
                time="0.0043775"/>
      <testcase classname="Philips.PMP.Test.Auto.PpisMgrTest"
                name="PpisMgrContainsTest (True,True) row 1"
                time="0.0094768"/>
      <testcase classname="Philips.PMP.Test.Auto.PpisMgrTest"
                name="PpisMgrContainsTest (True,False) row 2"
                time="0.0060108"/>
      <testcase classname="Philips.PMP.Test.Auto.PpisMgrTest"
                name="PpisMgrContainsTest (False,False) row 3"
                time="0.0057355"/>
      <testcase classname="Philips.PMP.Test.Auto.SqlServerOffloadQualifierTest"
                name="HostNotInTopology"
                time="0.0015527"/>
      <testcase classname="Philips.PMP.Test.Auto.CameraSystemMgrTest"
                name="GetUrlWithUnkownBed"
                time="0.0059996"/>
      <testcase classname="Philips.PMP.Test.Auto.CameraSystemQualifierTest"
                name="CameraSystemQualifierHasCorrectDescription"
                time="0.0047342"/>
      <testcase classname="Philips.PMP.Test.Auto.PatientDataExportQualifierTest"
                name="PatientDataExportShouldVerifyExportDestinationsTest (0,0,Success) row 1"
                time="0.0036163"/>
      <testcase classname="Philips.PMP.Test.Auto.PatientDataExportQualifierTest"
                name="PatientDataExportShouldVerifyExportDestinationsTest (0,1,Warning) row 2"
                time="0.0014655"/>
      <testcase classname="Philips.PMP.Test.Auto.PatientDataExportQualifierTest"
                name="PatientDataExportShouldVerifyExportDestinationsTest (1,0,Warning) row 3"
                time="0.0015319"/>
      <testcase classname="Philips.PMP.Test.Auto.PatientDataExportQualifierTest"
                name="PatientDataExportShouldVerifyExportDestinationsTest (1,1,Failure) row 4"
                time="0.0016523"/>
      <testcase classname="Philips.PMP.Test.Auto.DevelopmentEnvironmentQualifierTest"
                name="DevelopmentEnvironmentIsCorrectableShould"
                time="0.0006297"/>
      <testcase classname="Philips.PMP.Test.Auto.PatientSelectionHelperTest"
                name="PatientSelectionHelperShouldQueryPortalTest (True,True,True) row 1"
                time="0.0009809"/>
      <testcase classname="Philips.PMP.Test.Auto.PatientSelectionHelperTest"
                name="PatientSelectionHelperShouldQueryPortalTest (True,False,False) row 2"
                time="0.0005228"/>
      <testcase classname="Philips.PMP.Test.Auto.PatientSelectionHelperTest"
                name="PatientSelectionHelperShouldQueryPortalTest (False,True,False) row 3"
                time="0.0005129"/>
      <testcase classname="Philips.PMP.Test.Auto.PatientSelectionHelperTest"
                name="PatientSelectionHelperShouldQueryPortalTest (False,False,False) row 4"
                time="0.0005098"/>
      <testcase classname="Philips.PMP.Test.Auto.StitchTest"
                name="StitchSpotCheckValidationsWithMultipleObservationIds"
                time="0.0056202"/>
      <testcase classname="Philips.PMP.Test.Auto.MobileEnumerationConverterTest"
                name="MobileEnumerationConverterUnitLabelTextId0"
                time="0.000967"/>
      <testcase classname="Philips.PMP.Test.Auto.LicenseTest"
                name="LicenseGetLicensedEntityCount"
                time="0.001204"/>
      <testcase classname="Philips.PMP.Test.Auto.SurveillanceCollectionTest"
                name="GetSectorTest"
                time="1.193711"/>
      <testcase classname="Philips.PMP.Test.Auto.LoadBalancingControllerTest"
                name="LoadBalancerControllerCanGetDevice (DatabaseClusterHost,0,False) row 1"
                time="0.0036549"/>
      <testcase classname="Philips.PMP.Test.Auto.LoadBalancingControllerTest"
                name="LoadBalancerControllerCanGetDevice (WebClusterHost,1,True) row 2"
                time="0.0009923"/>
      <testcase classname="Philips.PMP.Test.Auto.LoadBalancingControllerTest"
                name="LoadBalancerControllerCanGetDevice (DatabaseClusterHost,1,True) row 3"
                time="0.0023873"/>
      <testcase classname="Philips.PMP.Test.Auto.PhysioDataMeterTest"
                name="PhysioDataMeterDeserialize"
                time="4.4890358"/>
      <testcase classname="Philips.PMP.Test.Auto.PatientDataExportStorageTest"
                name="PdxAttributesWithNullValuesAreEqual"
                time="0.029435"/>
      <testcase classname="Philips.PMP.Test.Auto.DevelopmentEnvironmentQualifierTest"
                name="DevelopmentEnvironmentVerifyJitDebugNotEnableShould"
                time="0.0469581"/>
      <testcase classname="Philips.PMP.Test.Auto.ProtocolSetupProviderTest"
                name="IsProtocolAssignedToUnitTest"
                time="0.3413865"/>
      <testcase classname="Philips.PIC.SharedAssignment.Test.SharedAssignmentProviderTest"
                name="ChargeNurseAssignmentShouldNotBeStored"
                time="0.049638"/>
      <testcase classname="Philips.PMP.Test.Auto.WebHostHelperTest"
                name="GetPatientFromIdTest"
                time="1.011174"/>
      <testcase classname="Philips.PMP.Test.Auto.PhysioDataHelperTest"
                name="ToBigintTableTest"
                time="0.0009871"/>
      <testcase classname="Philips.PMP.Test.Auto.IheMessageProcessorTest"
                name="GetMDCTest"
                time="0.013416"/>
      <testcase classname="Philips.PMP.Test.Auto.EfficiaHelperTest"
                name="EfficiaHelperBuildEcgSaPresentationTest"
                time="0.0176918"/>
      <testcase classname="Philips.PMP.Test.Auto.TreeNodeDupeFinderTest"
                name="GetDuplicateEventDefinitionsShouldFindDupes (False,Unmatched name,00000000-0000-0000-0000-000000000105) row 1"
                time="0.0054972"/>
      <testcase classname="Philips.PMP.Test.Auto.TreeNodeDupeFinderTest"
                name="GetDuplicateEventDefinitionsShouldFindDupes (True,Extreme Brady,00000000-0000-0000-0000-000000000105) row 2"
                time="0.0032139"/>
      <testcase classname="Philips.PMP.Test.Auto.TreeNodeDupeFinderTest"
                name="GetDuplicateEventDefinitionsShouldFindDupes (False,Extreme Brady,00000000-0000-0000-0000-000000000101) row 3"
                time="0.0032387"/>
      <testcase classname="Philips.PMP.Test.Auto.TreeNodeDupeFinderTest"
                name="GetDuplicateEventDefinitionsShouldFindDupes (True,Unassigned Event,00000000-0000-0000-0000-000000000105) row 4"
                time="0.003179"/>
      <testcase classname="Philips.PMP.Test.Auto.TreeNodeDupeFinderTest"
                name="GetDuplicateEventDefinitionsShouldFindDupes (False,Unassigned Event,00000000-0000-0000-0000-000000000200) row 5"
                time="0.0030896"/>
      <testcase classname="Philips.PMP.Test.Auto.AlertProviderTest"
                name="AlertProviderWrongStore"
                time="0.0187492"/>
      <testcase classname="Philips.PMP.Test.Auto.SolutionSettingsTest"
                name="SolutionSettingsDeployedTests"
                time="0.0008767"/>
      <testcase classname="Philips.CareEvent.Test.EventMgrTest"
                name="SetEscalationIncludePrefixConditionTests (Test Event,Test Event,First,False,True) row 1"
                time="0.0146221"/>
      <testcase classname="Philips.CareEvent.Test.EventMgrTest"
                name="SetEscalationIncludePrefixConditionTests (ESC1: Test Event,Test Event,Second,False,True) row 2"
                time="0.0209811"/>
      <testcase classname="Philips.CareEvent.Test.EventMgrTest"
                name="SetEscalationIncludePrefixConditionTests (Test Event,Test Event,Second,False,False) row 3"
                time="0.0143395"/>
      <testcase classname="Philips.CareEvent.Test.EventMgrTest"
                name="SetEscalationIncludePrefixConditionTests (ESC2: Test Event,Test Event,Third,False,True) row 4"
                time="0.0072946"/>
      <testcase classname="Philips.CareEvent.Test.EventMgrTest"
                name="SetEscalationIncludePrefixConditionTests (Test Event,Test Event,Third,False,False) row 5"
                time="0.0131082"/>
      <testcase classname="Philips.CareEvent.Test.EventMgrTest"
                name="SetEscalationIncludePrefixConditionTests (ESC3: Test Event,Test Event,Third,True,True) row 6"
                time="0.0124435"/>
      <testcase classname="Philips.CareEvent.Test.EventMgrTest"
                name="SetEscalationIncludePrefixConditionTests (Test Event,Test Event,Third,True,False) row 7"
                time="0.0075043"/>
      <testcase classname="Philips.PMP.Test.Auto.TrendUploadValueProcessorTest"
                name="CompoundValuesAreMarkedCompoundTest"
                time="0.0189003"/>
      <testcase classname="Philips.PMP.Test.Auto.PatientDataExportStorageTest"
                name="PdxWhenNumericCompoundSequenceIsZeroStoreMobilePhysioDataSequence"
                time="0.0270327"/>
      <testcase classname="Philips.PMP.Test.Auto.PatientServiceHelperTest"
                name="PatientServiceHelperIsPatientMatchTest"
                time="0.032227"/>
      <testcase classname="Philips.PMP.Test.Auto.DistributedAlarmSystemMgrTest"
                name="DistributedAlarmSystemConnectionStateTest"
                time="0.0765376"/>
      <testcase classname="Philips.PMP.Test.Auto.TrendUploadDvcTest"
                name="DvcStorageKeepsDvcsOutsideOfMinMaxButGapsArentDetectedOutsideOfMinMaxTest"
                time="0.001162"/>
      <testcase classname="Philips.PMP.Test.Auto.MobileRequestValidatorTest"
                name="AckAlarmNoAssociatedUserFailedResponseTest"
                time="0.0007864"/>
      <testcase classname="Philips.PMP.Test.Auto.PhysioDataDisplayHelperTest"
                name="PhysioDataDisplayHelperGetEnumerationValueStringWithDifferentMeasurementStates (Invalid,-?-) row 1"
                time="0.000462"/>
      <testcase classname="Philips.PMP.Test.Auto.PhysioDataDisplayHelperTest"
                name="PhysioDataDisplayHelperGetEnumerationValueStringWithDifferentMeasurementStates (Unavailable,) row 2"
                time="0.0005275"/>
      <testcase classname="Philips.PMP.Test.Auto.PhysioDataDisplayHelperTest"
                name="PhysioDataDisplayHelperGetEnumerationValueStringWithDifferentMeasurementStates (0,Pain) row 3"
                time="0.0018519"/>
      <testcase classname="Philips.PMP.Test.Auto.RecordingServiceTest"
                name="RecordingServiceShouldPublishTest (True) row 1"
                time="0.0128957"/>
      <testcase classname="Philips.PMP.Test.Auto.RecordingServiceTest"
                name="RecordingServiceShouldPublishTest (False) row 2"
                time="0.0009497"/>
      <testcase classname="Philips.CareEvent.Test.ApnsCommunicationMgrTests"
                name="HandleApnsBadToken"
                time="0.0576791"/>
      <testcase classname="Philips.PMP.Test.Auto.SegmentedListTest"
                name="CountIsCorrectOnSegmentedListTest"
                time="0.0016106"/>
      <testcase classname="Philips.CareEvent.Test.EventBridgeTests"
                name="CommunicationServiceSenderTest"
                time="0.050786"/>
      <testcase classname="Philips.PMP.Test.Auto.EventLogConverterTest"
                name="ProcessActionConversionHandlesBadInstanceId"
                time="0.001461"/>
      <testcase classname="Philips.PMP.Test.Auto.UnitPermissionsControlHelperTest"
                name="UnitPermissionsControlHelperRevertToFactory"
                time="0.0044722"/>
      <testcase classname="Philips.PMP.Test.Auto.PatientAssignmentControlTest"
                name="PatientAssignmentControlIsSmartQuestionNull (False) row 1"
                time="0.0576025"/>
      <testcase classname="Philips.PMP.Test.Auto.PatientAssignmentControlTest"
                name="PatientAssignmentControlIsSmartQuestionNull (True) row 2"
                time="0.0806315"/>
      <testcase classname="Philips.CareEvent.Test.MobileStaffAssignmentMgrTests"
                name="ReturnUnitInfoWhenFavoritesAreSaved"
                time="0.0604312"/>
      <testcase classname="Philips.PMP.LicenseService.Test.LicensingSystemValidatorTest"
                name="LicenseSystemValidationNotAllBedsLicensedTest"
                time="0.0119529"/>
      <testcase classname="Philips.PMP.Test.Auto.EcgIpmFilterTest"
                name="EcgSignalFiltersAdultMonitorExt150HzTest"
                time="0.0008934"/>
      <testcase classname="Philips.PMP.Test.Auto.EfficiaWaveStreamReaderTest"
                name="InsertsExtraSamplesToCorrectFor500vs512SPSTest"
                time="0.0057588"/>
      <testcase classname="Philips.PMP.Test.Auto.ApmCollectorServiceTest"
                name="ReportAppRestartOnServiceStartup"
                time="0.5057366"/>
      <testcase classname="Philips.PMP.Test.Auto.EnumerationProviderTest"
                name="EnumerationProviderEndAllEvents"
                time="0.0566324"/>
      <testcase classname="Philips.PMP.Test.Auto.NumericProviderTest"
                name="NumericProviderMultiDynamicAperiodicDisassociation"
                time="0.2894972"/>
      <testcase classname="Philips.iX.DataBridge.Common.Test.IheGatewayClusterClientTest"
                name="IheGatewayClusterClientTestConnectionTest (BadRequest) row 1"
                time="0.3726812"/>
      <testcase classname="Philips.iX.DataBridge.Common.Test.IheGatewayClusterClientTest"
                name="IheGatewayClusterClientTestConnectionTest (OK) row 2"
                time="0.0029974"/>
      <testcase classname="Philips.iX.DataBridge.Common.Test.IheGatewayClusterClientTest"
                name="IheGatewayClusterClientTestConnectionTest (Unauthorized) row 3"
                time="0.0027371"/>
      <testcase classname="Philips.PMP.Test.Auto.WaveAnnotationHelperTest"
                name="RetrieveAnnotationsEnumerationProperties"
                time="0.0039837"/>
      <testcase classname="Philips.PMP.Test.Auto.DeviceProviderTest"
                name="DeviceProviderPendingRebootTest"
                time="0.021604"/>
      <testcase classname="Philips.PMP.Test.Auto.Hl7MessageSenderTest"
                name="Hl7SendMessageSendSucceedsTest"
                time="0.0042888"/>
      <testcase classname="Philips.PMP.Test.Auto.ControlGroupHelperTest"
                name="ControlGroupHelperFilterByLicenseTest"
                time="0.0044616"/>
      <testcase classname="Philips.PIC.SharedAssignment.Test.SharedAssignmentDataConsistencyCheckerTests"
                name="ViolationWithInputAndDbData"
                time="0.0088972"/>
      <testcase classname="Philips.RootMain.Test.CertificateInstallMgrTest"
                name="OtherHostCaNotConfiguredFailValidation2Test"
                time="0.0068975"/>
      <testcase classname="Philips.PMP.Test.Auto.InfoProviderTest"
                name="InfoProviderTimeMappingOutOfOrderThrowsException"
                time="0.009859"/>
      <testcase classname="Philips.CareEvent.Test.CareTouchCommunicatorTests"
                name="ProcessEventStatusUpdateShouldNotCallEnqueueResponse"
                time="0.0082631"/>
      <testcase classname="Philips.PIC.DataAcquisition.Test.SureSignsSpotCheckMgrTest"
                name="SureSignsSpotCheckMgrOnSpotCheckTransferRequestTest (1,,,False,VersionNotSupported) row 1"
                time="0.0429826"/>
      <testcase classname="Philips.PIC.DataAcquisition.Test.SureSignsSpotCheckMgrTest"
                name="SureSignsSpotCheckMgrOnSpotCheckTransferRequestTest (2,,,False,PTAnnouncement_InsufficentData) row 2"
                time="0.0163911"/>
      <testcase classname="Philips.PIC.DataAcquisition.Test.SureSignsSpotCheckMgrTest"
                name="SureSignsSpotCheckMgrOnSpotCheckTransferRequestTest (2,x,y,False,SpotCheck_DataInsufficientOrInvalid) row 3"
                time="0.0164366"/>
      <testcase classname="Philips.PIC.DataAcquisition.Test.SureSignsSpotCheckMgrTest"
                name="SureSignsSpotCheckMgrOnSpotCheckTransferRequestTest (2,x,y,True,Success) row 4"
                time="0.0154492"/>
      <testcase classname="Philips.PIC.DataAcquisition.Test.SureSignsSpotCheckMgrTest"
                name="SureSignsSpotCheckMgrOnSpotCheckTransferRequestTest (2,x,y,False,Success) row 5"
                time="0.0121404"/>
      <testcase classname="Philips.PMP.Test.Auto.EventCatalogProviderTest"
                name="GetEventCategorySensitivity"
                time="0.0958179"/>
      <testcase classname="Philips.PMP.Test.Auto.IheDeviceDataHelperTest"
                name="UpdateNumericTest (131328,False) row 1"
                time="0.030813"/>
      <testcase classname="Philips.PMP.Test.Auto.IheDeviceDataHelperTest"
                name="UpdateNumericTest (150017,True) row 2"
                time="0.0008588"/>
      <testcase classname="Philips.PMP.Test.Auto.TwelveLeadCaptureWindowControlCheckerTest"
                name="TwelveLeadCaptureWindowControlCheckerShouldEnableOrDisableNextAndPreviousPage"
                time="0.0011221"/>
      <testcase classname="Philips.PMP.Test.Auto.FindPatientControlTest"
                name="FindPatientControlLeftJustifySearchCriteriaFields (LastName,Absolute,0,Absolute,0,Absolute,0) row 1"
                time="0.0166251"/>
      <testcase classname="Philips.PMP.Test.Auto.FindPatientControlTest"
                name="FindPatientControlLeftJustifySearchCriteriaFields (LifetimeId,AutoSize,0,Percent,50,Absolute,20) row 2"
                time="0.013664"/>
      <testcase classname="Philips.PMP.Test.Auto.TrendUploadDvcTest"
                name="DvcCollectionDetectsOldGapsTest"
                time="0.0013208"/>
      <testcase classname="Philips.PMP.Test.Auto.EcgFilterHelperTest"
                name="EcgFilter12LeadFilterIntegerConversionCorrectlyHandlesInvalidTest"
                time="0.0005113"/>
      <testcase classname="Philips.PMP.Test.Auto.UnassignedPatientCacheTest"
                name="UnassignedPatientCacheTryFindPatientByPpisIdTest (True,False,False) row 1"
                time="0.0355111"/>
      <testcase classname="Philips.PMP.Test.Auto.UnassignedPatientCacheTest"
                name="UnassignedPatientCacheTryFindPatientByPpisIdTest (False,False,False) row 2"
                time="0.010961"/>
      <testcase classname="Philips.PMP.Test.Auto.UnassignedPatientCacheTest"
                name="UnassignedPatientCacheTryFindPatientByPpisIdTest (False,True,True) row 3"
                time="0.001175"/>
      <testcase classname="Philips.PMP.Test.Auto.WaveGapFinderTest"
                name="SortInopAlertsTest"
                time="0.0006208"/>
      <testcase classname="Philips.PMP.Test.Auto.MobilePatientConverterTest"
                name="MobilePatientConverterGetDeviceLocation"
                time="0.0053418"/>
      <testcase classname="Philips.PMP.Test.Auto.EventLogAppRestartAnalyzerTest"
                name="DoNotParseInvalidShutdownReasonEventIds"
                time="0.0013375"/>
      <testcase classname="Philips.PMP.Test.Auto.AlertProviderTest"
                name="AlertProviderPdssUpdate"
                time="0.0202746"/>
      <testcase classname="Philips.PMP.Test.Auto.UserAccountQualifierTest"
                name="UserAccountQualifierShouldGrantInteractiveLogon (True,True) row 1"
                time="0.0023232"/>
      <testcase classname="Philips.PMP.Test.Auto.UserAccountQualifierTest"
                name="UserAccountQualifierShouldGrantInteractiveLogon (True,False) row 2"
                time="0.0017314"/>
      <testcase classname="Philips.PMP.Test.Auto.UserAccountQualifierTest"
                name="UserAccountQualifierShouldGrantInteractiveLogon (False,True) row 3"
                time="0.0021804"/>
      <testcase classname="Philips.PMP.Test.Auto.UserAccountQualifierTest"
                name="UserAccountQualifierShouldGrantInteractiveLogon (False,False) row 4"
                time="0.0012059"/>
      <testcase classname="Philips.PMP.Test.Auto.SyncSettingsBackwardCompatibilityGetterTest"
                name="GetBackwardCompatibleAlarmTonesTest (2149780580,2149780581) row 1"
                time="0.0021331"/>
      <testcase classname="Philips.PMP.Test.Auto.SyncSettingsBackwardCompatibilityGetterTest"
                name="GetBackwardCompatibleAlarmTonesTest (2149780581,2149780580) row 2"
                time="0.0003873"/>
      <testcase classname="Philips.PMP.Test.Auto.SyncSettingsBackwardCompatibilityGetterTest"
                name="GetBackwardCompatibleAlarmTonesTest (2149780565,2149780581) row 3"
                time="0.0003747"/>
      <testcase classname="Philips.PMP.Test.Auto.SyncSettingsBackwardCompatibilityGetterTest"
                name="GetBackwardCompatibleAlarmTonesTest (2149780566,2149780580) row 4"
                time="0.0003102"/>
      <testcase classname="Philips.PMP.Test.Auto.EcgDeviceMgrTest"
                name="EcgDeviceMgrCanDeriveBackfilledEasi"
                time="0.0026595"/>
      <testcase classname="Philips.PMP.Test.Auto.IheDriverSecureCommTest"
                name="IHEConnectionSecureTest"
                time="0.227118"/>
      <testcase classname="Philips.PMP.Test.Auto.StarServiceTest"
                name="StarServiceProcessPhysioDataConfigUpdates"
                time="0.0971004"/>
      <testcase classname="Philips.PMP.Test.Auto.StitchTest"
                name="StitchEnumerationCompoundValueTest"
                time="0.0064118"/>
      <testcase classname="Philips.PMP.Test.Auto.AutoAdtConfigControlTest"
                name="OnLoadTest"
                time="0.1889102"/>
      <testcase classname="Philips.PIC.WebBridge.Test.ResourceHelperTest"
                name="GetAdditioanlRetrospectiveResourcesTest"
                time="0.0068868"/>
      <testcase classname="Philips.PMP.Test.Auto.Hl7TcpConnectionTest"
                name="Hl7TcpConnectionDispose"
                time="0.061412"/>
      <testcase classname="Philips.PMP.Test.Auto.FreeTextIdGeneratorTest"
                name="FreeTextIdGeneratorStartsAtMinValue"
                time="0.0011178"/>
      <testcase classname="Philips.PMP.Test.Auto.EcgFilterHelperTest"
                name="EcgFilterTwoDynamicAttributesBeforeWaveStartTest"
                time="0.0010989"/>
      <testcase classname="Philips.PIC.SharedAssignment.Test.SharedAssignmentMgrTest"
                name="SharedAssignmentMgrInitializingTcpConnectionAsClientShouldReturnFalseIfHostNameIsEmpty"
                time="0.0007297"/>
      <testcase classname="Philips.PIC.DataAcquisition.Test.SureSignsValidationMgrTest"
                name="SureSignsSpotCheckMgrProcessValidationRequestTest (False,0) row 1"
                time="0.0049136"/>
      <testcase classname="Philips.PIC.DataAcquisition.Test.SureSignsValidationMgrTest"
                name="SureSignsSpotCheckMgrProcessValidationRequestTest (True,1) row 2"
                time="0.0035835"/>
      <testcase classname="Philips.PMP.Test.Auto.TwelveLeadCaptureWindowControlCheckerTest"
                name="TwelveLeadCaptureWindowControlCheckerShouldEnableOrDisableExportAndRefine"
                time="0.0017596"/>
      <testcase classname="Philips.PMP.Test.Auto.EventLogQualifierTest"
                name="EventLogQualifierVerifyFailShould"
                time="0.1718516"/>
      <testcase classname="Philips.PMP.Test.Auto.ReportingServiceTest"
                name="BmrToPdfDllReferenceVersionTest"
                time="0.0015519"/>
      <testcase classname="Philips.PMP.Test.Auto.HostLicenseProcessorTest"
                name="TryGetGatewayTest"
                time="0.2421445"/>
      <testcase classname="Philips.PMP.Test.Auto.MobileDataSubscriptionTest"
                name="MobileDataSubscriptionBridgeSubscriptionSupportsGroupsNumerics"
                time="0.0085036"/>
      <testcase classname="Philips.PMP.Test.Auto.MetricValueBufferTest"
                name="MetricValueBufferCanMakeValuesUnavailable (False,False,False) row 1"
                time="0.0114226"/>
      <testcase classname="Philips.PMP.Test.Auto.MetricValueBufferTest"
                name="MetricValueBufferCanMakeValuesUnavailable (True,False,True) row 2"
                time="0.0047527"/>
      <testcase classname="Philips.PMP.Test.Auto.MetricValueBufferTest"
                name="MetricValueBufferCanMakeValuesUnavailable (False,True,True) row 3"
                time="0.0337646"/>
      <testcase classname="Philips.PMP.Test.Auto.MetricValueBufferTest"
                name="MetricValueBufferCanMakeValuesUnavailable (True,True,True) row 4"
                time="0.0007239"/>
      <testcase classname="Philips.PMP.Test.Auto.WatchdogBridgeServiceTest"
                name="Report (True) row 1"
                time="0.0027441"/>
      <testcase classname="Philips.PMP.Test.Auto.WatchdogBridgeServiceTest"
                name="Report (False) row 2"
                time="0.0013732"/>
      <testcase classname="Philips.PIC.RfidReader.Test.PcProxReaderDedicatedThreadTest"
                name="PcProxReaderDedicatedThreadExecuteTest"
                time="0.0033798"/>
      <testcase classname="Philips.PMP.Test.Auto.IntelliBridgeDeviceDataHelperTest"
                name="IntelliBridgeDeviceAlarmLimitsDataHelperTest (10,20,20514,5,12,True,True,True) row 1"
                time="0.0025924"/>
      <testcase classname="Philips.PMP.Test.Auto.IntelliBridgeDeviceDataHelperTest"
                name="IntelliBridgeDeviceAlarmLimitsDataHelperTest (10,20,20514,10,20,True,True,False) row 2"
                time="0.0005018"/>
      <testcase classname="Philips.PMP.Test.Auto.IntelliBridgeDeviceDataHelperTest"
                name="IntelliBridgeDeviceAlarmLimitsDataHelperTest (10,20,20514,10,20,True,False,True) row 3"
                time="0.0004367"/>
      <testcase classname="Philips.PMP.Test.Auto.IntelliBridgeDeviceDataHelperTest"
                name="IntelliBridgeDeviceAlarmLimitsDataHelperTest (10,20,20514,10,20,False,True,True) row 4"
                time="0.0009624"/>
      <testcase classname="Philips.PMP.Test.Auto.IntelliBridgeDeviceDataHelperTest"
                name="IntelliBridgeDeviceAlarmLimitsDataHelperTest (10,20,20514,10,20,False,False,False) row 5"
                time="0.0010029"/>
      <testcase classname="Philips.PMP.Test.Auto.DataRelayServiceBridgeTest"
                name="DataRelayServiceBridgeCanSubscribeUnsubscribe (,False,False,False) row 1"
                time="0.2451253"/>
      <testcase classname="Philips.PMP.Test.Auto.DataRelayServiceBridgeTest"
                name="DataRelayServiceBridgeCanSubscribeUnsubscribe (,True,False,False) row 2"
                time="0.0382538"/>
      <testcase classname="Philips.PMP.Test.Auto.DataRelayServiceBridgeTest"
                name="DataRelayServiceBridgeCanSubscribeUnsubscribe (token,True,True,True) row 3"
                time="0.0056255"/>
      <testcase classname="Philips.PMP.Test.Auto.DataRelayServiceBridgeTest"
                name="DataRelayServiceBridgeCanSubscribeUnsubscribe (wrongToken,True,False,False) row 4"
                time="0.0006828"/>
      <testcase classname="Philips.PMP.Test.Auto.SoundsQualifierTest"
                name="SoundsQualifierCorrect (ApplicationValidation) row 1"
                time="0.0110062"/>
      <testcase classname="Philips.PMP.Test.Auto.SoundsQualifierTest"
                name="SoundsQualifierCorrect (HostQualification) row 2"
                time="0.0009998"/>
      <testcase classname="Philips.PMP.LicenseService.Test.UnitLicenseProcessorTest"
                name="ValidateLicenseErrorTest (True,False,False,True,True,False) row 1"
                time="0.0029346"/>
      <testcase classname="Philips.PMP.LicenseService.Test.UnitLicenseProcessorTest"
                name="ValidateLicenseErrorTest (True,True,True,True,False,True) row 2"
                time="0.0027017"/>
      <testcase classname="Philips.PMP.LicenseService.Test.UnitLicenseProcessorTest"
                name="ValidateLicenseErrorTest (True,True,True,False,True,False) row 3"
                time="0.0032964"/>
      <testcase classname="Philips.PMP.LicenseService.Test.UnitLicenseProcessorTest"
                name="ValidateLicenseErrorTest (False,True,True,True,True,False) row 4"
                time="0.0033196"/>
      <testcase classname="Philips.PIC.DataAcquisition.Test.SureSignsSpotCheckProcessorTest"
                name="SureSignsSpotCheckProcessorProcessSpotCheckTest (True,,True,True,False,True,True,SpotCheck_DataInsufficientOrInvalid) row 1"
                time="0.119316"/>
      <testcase classname="Philips.PIC.DataAcquisition.Test.SureSignsSpotCheckProcessorTest"
                name="SureSignsSpotCheckProcessorProcessSpotCheckTest (False,,True,True,False,True,True,SpotCheck_DataInsufficientOrInvalid) row 2"
                time="0.0045871"/>
      <testcase classname="Philips.PIC.DataAcquisition.Test.SureSignsSpotCheckProcessorTest"
                name="SureSignsSpotCheckProcessorProcessSpotCheckTest (False,Rejected,True,True,False,True,True,SpotCheck_DataInsufficientOrInvalid) row 3"
                time="0.0030412"/>
      <testcase classname="Philips.PIC.DataAcquisition.Test.SureSignsSpotCheckProcessorTest"
                name="SureSignsSpotCheckProcessorProcessSpotCheckTest (False,Incomplete,True,True,False,True,True,SpotCheck_DataInsufficientOrInvalid) row 4"
                time="0.0029355"/>
      <testcase classname="Philips.PIC.DataAcquisition.Test.SureSignsSpotCheckProcessorTest"
                name="SureSignsSpotCheckProcessorProcessSpotCheckTest (False,Created,False,True,False,True,True,SpotCheck_RecordUnknown) row 5"
                time="0.0041529"/>
      <testcase classname="Philips.PIC.DataAcquisition.Test.SureSignsSpotCheckProcessorTest"
                name="SureSignsSpotCheckProcessorProcessSpotCheckTest (False,Created,True,True,True,True,True,UserAuth_ManagementOffline) row 6"
                time="0.0027534"/>
      <testcase classname="Philips.PIC.DataAcquisition.Test.SureSignsSpotCheckProcessorTest"
                name="SureSignsSpotCheckProcessorProcessSpotCheckTest (False,Created,True,True,False,True,True,Success) row 7"
                time="0.0855463"/>
      <testcase classname="Philips.PIC.DataAcquisition.Test.SureSignsSpotCheckProcessorTest"
                name="SureSignsSpotCheckProcessorProcessSpotCheckTest (False,Created,True,True,False,True,False,SpotCheck_EWSProtDifferent) row 8"
                time="0.0073629"/>
      <testcase classname="Philips.PIC.DataAcquisition.Test.SureSignsSpotCheckProcessorTest"
                name="SureSignsSpotCheckProcessorProcessSpotCheckTest (False,Validated,True,False,False,False,True,Success) row 9"
                time="0.0025335"/>
      <testcase classname="Philips.PIC.DataAcquisition.Test.SureSignsSpotCheckProcessorTest"
                name="SureSignsSpotCheckProcessorProcessSpotCheckTest (False,Validated,True,True,False,False,True,Success) row 10"
                time="0.0041967"/>
      <testcase classname="Philips.PIC.DataAcquisition.Test.SureSignsSpotCheckProcessorTest"
                name="SureSignsSpotCheckProcessorProcessSpotCheckTest (False,Validated,True,True,False,False,False,SpotCheck_EWSProtDifferent) row 11"
                time="0.0062371"/>
      <testcase classname="Philips.PMP.Test.Auto.SystemEncryptionInstallMgrTest"
                name="PrimaryServerExistingSaltExistingKey (True,False,False) row 1"
                time="0.0019354"/>
      <testcase classname="Philips.PMP.Test.Auto.SystemEncryptionInstallMgrTest"
                name="PrimaryServerExistingSaltExistingKey (False,False,True) row 2"
                time="0.0029177"/>
      <testcase classname="Philips.PMP.Test.Auto.SystemEncryptionInstallMgrTest"
                name="PrimaryServerExistingSaltExistingKey (False,False,False) row 3"
                time="0.0019651"/>
      <testcase classname="Philips.PMP.Test.Auto.SystemEncryptionInstallMgrTest"
                name="PrimaryServerExistingSaltExistingKey (False,True,True) row 4"
                time="0.0052172"/>
      <testcase classname="Philips.PMP.Test.Auto.RolesControlHelperTest"
                name="RolesControlHelperShouldAllowEdit"
                time="0.0009396"/>
      <testcase classname="Philips.PMP.Test.Auto.UserAccountQualifierTest"
                name="UserAccountQualifierDoesNotSetEmptyPassword"
                time="0.0046696"/>
      <testcase classname="Philips.PMP.Test.Auto.CertificateRegistryMgrTest"
                name="CertificateRegistryMgrCanDisableCertificateMapping"
                time="0.0961934"/>
      <testcase classname="Philips.PMP.Test.Auto.SoftwareUpdateHelperTest"
                name="BaseVersionTestSameBaseVersion"
                time="0.0948113"/>
      <testcase classname="Philips.PMP.Test.Auto.DataValidationProviderTest"
                name="PurgeDeletesDataValidations"
                time="0.0078943"/>
      <testcase classname="Philips.RootMain.Test.CertificateInstallMgrTest"
                name="ThisHostCaNotConfiguredFailGenerateClientTest"
                time="0.0073953"/>
      <testcase classname="Philips.PMP.Test.Auto.DhcpProviderTest"
                name="NicCreate"
                time="0.0168127"/>
      <testcase classname="Philips.PMP.Test.Auto.HolterWaveSupportTest"
                name="HolterWaveSupportDuplicates"
                time="0.0251796"/>
      <testcase classname="Philips.PMP.Test.Auto.SegmentedListTest"
                name="CopyToDoesntLoopInfinitelyTest"
                time="0.0021889"/>
      <testcase classname="Philips.PMP.Test.Auto.RepositoryTest"
                name="RepositoryPassesUniqueNewMonitorDeviceInfoToAlertMgr (True,False,True) row 1"
                time="0.0637049"/>
      <testcase classname="Philips.PMP.Test.Auto.RepositoryTest"
                name="RepositoryPassesUniqueNewMonitorDeviceInfoToAlertMgr (False,False,False) row 2"
                time="0.0098544"/>
      <testcase classname="Philips.PMP.Test.Auto.RepositoryTest"
                name="RepositoryPassesUniqueNewMonitorDeviceInfoToAlertMgr (False,True,True) row 3"
                time="0.0159511"/>
      <testcase classname="Philips.PMP.Test.Auto.LldpMessageHelperTest"
                name="LldpHelperGetChassisIdStringTest"
                time="0.0015985"/>
      <testcase classname="Philips.PMP.Test.Auto.ProtocolSetupProviderTest"
                name="PatientProtocolSettingTest"
                time="0.5550057"/>
      <testcase classname="Philips.PMP.Test.Auto.PatientAssignmentHelperTest"
                name="ShouldShowBatteryForSurveillanceTest"
                time="0.0007267"/>
      <testcase classname="Philips.PMP.Test.Auto.SoftwareUpdateHelperTest"
                name="SoftwareUpdateHelpervalidateUpdate (True,0,False,No,False,False,True,False) row 1"
                time="0.0481172"/>
      <testcase classname="Philips.PMP.Test.Auto.SoftwareUpdateHelperTest"
                name="SoftwareUpdateHelpervalidateUpdate (False,0,False,No,False,False,True,False) row 2"
                time="0.0311047"/>
      <testcase classname="Philips.PMP.Test.Auto.SoftwareUpdateHelperTest"
                name="SoftwareUpdateHelpervalidateUpdate (False,2,False,No,False,False,True,False) row 3"
                time="0.0308234"/>
      <testcase classname="Philips.PMP.Test.Auto.SoftwareUpdateHelperTest"
                name="SoftwareUpdateHelpervalidateUpdate (False,1,False,No,False,False,True,False) row 4"
                time="0.038769"/>
      <testcase classname="Philips.PMP.Test.Auto.SoftwareUpdateHelperTest"
                name="SoftwareUpdateHelpervalidateUpdate (False,1,True,No,False,False,True,False) row 5"
                time="0.0302259"/>
      <testcase classname="Philips.PMP.Test.Auto.SoftwareUpdateHelperTest"
                name="SoftwareUpdateHelpervalidateUpdate (False,1,True,Yes,False,False,True,False) row 6"
                time="0.0345167"/>
      <testcase classname="Philips.PMP.Test.Auto.SoftwareUpdateHelperTest"
                name="SoftwareUpdateHelpervalidateUpdate (False,1,True,Yes,False,False,True,False) row 7"
                time="0.0570766"/>
      <testcase classname="Philips.PMP.Test.Auto.SoftwareUpdateHelperTest"
                name="SoftwareUpdateHelpervalidateUpdate (False,2,True,Yes,False,False,True,False) row 8"
                time="0.0302838"/>
      <testcase classname="Philips.PMP.Test.Auto.SoftwareUpdateHelperTest"
                name="SoftwareUpdateHelpervalidateUpdate (False,2,True,Yes,False,False,False,False) row 9"
                time="0.0329555"/>
      <testcase classname="Philips.PMP.Test.Auto.SoftwareUpdateHelperTest"
                name="SoftwareUpdateHelpervalidateUpdate (False,1,True,Yes,False,True,True,False) row 10"
                time="0.032147"/>
      <testcase classname="Philips.PMP.Test.Auto.SoftwareUpdateHelperTest"
                name="SoftwareUpdateHelpervalidateUpdate (False,1,True,Yes,True,True,True,False) row 11"
                time="0.0295565"/>
      <testcase classname="Philips.PMP.Test.Auto.SoftwareUpdateHelperTest"
                name="SoftwareUpdateHelpervalidateUpdate (False,1,True,Yes,True,True,False,True) row 12"
                time="0.030239"/>
      <testcase classname="Philips.PMP.Test.Auto.ApmCollectorServiceTest"
                name="ReportRemoteAntennasTest"
                time="0.013486"/>
      <testcase classname="Philips.CareEvent.Test.EventWorkflowProviderTests"
                name="GetChatMessageTest"
                time="0.0304278"/>
      <testcase classname="Philips.PMP.Test.Auto.SpotCheckTrendConnectionTest"
                name="SpotCheckTrendOnPhysioDataMultipleDevicesTest"
                time="0.0167921"/>
      <testcase classname="Philips.CareEvent.Test.RingtoneMgrTest"
                name="ValidateChangesShouldFailWhenAddedDupe (True,1) row 1"
                time="0.0009343"/>
      <testcase classname="Philips.CareEvent.Test.RingtoneMgrTest"
                name="ValidateChangesShouldFailWhenAddedDupe (False,0) row 2"
                time="0.0010888"/>
      <testcase classname="Philips.PMP.Test.Auto.PpisMgrTest"
                name="PpisMgrDetermineHisConfirmationCodeTest"
                time="0.5976034"/>
      <testcase classname="Philips.PMP.Test.Auto.MobileDataHelperTest"
                name="MobileDataHelperConvertDateTime"
                time="0.0007099"/>
      <testcase classname="Philips.PMP.Test.Auto.FreseniusMultiFiltrateTest"
                name="FreseniusMultifiltrateDriverTest (Philips.PIC.IbsDrivers.FreseniusMultifiltrateDriver) row 1"
                time="2.2508733"/>
      <testcase classname="Philips.PMP.Test.Auto.FreseniusMultiFiltrateTest"
                name="FreseniusMultifiltrateDriverTest (Philips.PIC.IbsDrivers.FreseniusMultifiltrateProDriver) row 2"
                time="2.3811484"/>
      <testcase classname="Philips.PMP.Test.Auto.Hl7OruEncoderTest"
                name="NoMonitorOnlyEC10Outputs0ConfigurationifisIccaCheckedTest"
                time="0.3383083"/>
      <testcase classname="Philips.CareEvent.Test.LocationRoleCareAssignmentControlTests"
                name="UpdatePendingAssignmentsForLocationCorrectly (Assign,True,True) row 1"
                time="0.0114073"/>
      <testcase classname="Philips.CareEvent.Test.LocationRoleCareAssignmentControlTests"
                name="UpdatePendingAssignmentsForLocationCorrectly (Assign,False,True) row 2"
                time="0.0105187"/>
      <testcase classname="Philips.CareEvent.Test.LocationRoleCareAssignmentControlTests"
                name="UpdatePendingAssignmentsForLocationCorrectly (Assign,True,False) row 3"
                time="0.0147438"/>
      <testcase classname="Philips.PMP.Test.Auto.SurveillanceHelperTest"
                name="RetrieveTrendDataTest"
                time="1.6512891"/>
      <testcase classname="Philips.PMP.Test.Auto.EventCategoryFilterPatientCacheMgrTest"
                name="GetEventCategoryFilterTest"
                time="0.0095735"/>
      <testcase classname="Philips.PMP.Test.Auto.NotificationSettingProviderTest"
                name="GetAlertNotificationSettingsTest"
                time="0.0035874"/>
      <testcase classname="Philips.PMP.Test.Auto.RepositoryWaveTest"
                name="RetrieveDataTest"
                time="0.0337748"/>
      <testcase classname="Philips.PMP.Test.Auto.MobilityServiceHelperTest"
                name="GetFQDNTest"
                time="0.0041225"/>
      <testcase classname="Philips.PMP.Test.Auto.UtilitiesServiceMgrTest"
                name="UtilitiesServiceMgrGetSystemAvailabilityTimes"
                time="0.0853266"/>
      <testcase classname="Philips.PMP.Test.Auto.Hl7TcpServerConnectionTest"
                name="Hl7TcpServerConnectionExceptionWhenStartingIsCorrectlyHandled"
                time="0.0094906"/>
      <testcase classname="Philips.PMP.Test.Auto.LabDataHelperTest"
                name="LabDataSubscriberSubscribesForNewLabNotifications"
                time="0.1784932"/>
      <testcase classname="Philips.PMP.Test.Auto.PhysioDataHelperTest"
                name="PhysioDataHelperCreateMetricSpec"
                time="0.0011311"/>
      <testcase classname="Philips.PMP.Test.Auto.PatientAssignmentControlTest"
                name="PatientAssignmentControlShouldUpdateBsaOrBmi (ShouldUpdateBsa,False,False,Hidden,False) row 1"
                time="0.0600417"/>
      <testcase classname="Philips.PMP.Test.Auto.PatientAssignmentControlTest"
                name="PatientAssignmentControlShouldUpdateBsaOrBmi (ShouldUpdateBsa,False,False,Optional,True) row 2"
                time="0.0572492"/>
      <testcase classname="Philips.PMP.Test.Auto.PatientAssignmentControlTest"
                name="PatientAssignmentControlShouldUpdateBsaOrBmi (ShouldUpdateBsa,True,False,Optional,False) row 3"
                time="0.0572096"/>
      <testcase classname="Philips.PMP.Test.Auto.PatientAssignmentControlTest"
                name="PatientAssignmentControlShouldUpdateBsaOrBmi (ShouldUpdateBsa,True,False,Hidden,False) row 4"
                time="0.0563044"/>
      <testcase classname="Philips.PMP.Test.Auto.PatientAssignmentControlTest"
                name="PatientAssignmentControlShouldUpdateBsaOrBmi (ShouldUpdateBsa,False,True,Optional,False) row 5"
                time="0.0595112"/>
      <testcase classname="Philips.PMP.Test.Auto.PatientAssignmentControlTest"
                name="PatientAssignmentControlShouldUpdateBsaOrBmi (ShouldUpdateBsa,False,True,Hidden,False) row 6"
                time="0.0568156"/>
      <testcase classname="Philips.PMP.Test.Auto.PatientAssignmentControlTest"
                name="PatientAssignmentControlShouldUpdateBsaOrBmi (ShouldUpdateBmi,False,False,Hidden,False) row 7"
                time="0.0644283"/>
      <testcase classname="Philips.PMP.Test.Auto.PatientAssignmentControlTest"
                name="PatientAssignmentControlShouldUpdateBsaOrBmi (ShouldUpdateBmi,False,False,Optional,True) row 8"
                time="0.0704493"/>
      <testcase classname="Philips.PMP.Test.Auto.PatientAssignmentControlTest"
                name="PatientAssignmentControlShouldUpdateBsaOrBmi (ShouldUpdateBmi,True,False,Optional,False) row 9"
                time="0.0570236"/>
      <testcase classname="Philips.PMP.Test.Auto.PatientAssignmentControlTest"
                name="PatientAssignmentControlShouldUpdateBsaOrBmi (ShouldUpdateBmi,True,False,Hidden,False) row 10"
                time="0.0585808"/>
      <testcase classname="Philips.PMP.Test.Auto.PatientAssignmentControlTest"
                name="PatientAssignmentControlShouldUpdateBsaOrBmi (ShouldUpdateBmi,False,True,Optional,False) row 11"
                time="0.0670707"/>
      <testcase classname="Philips.PMP.Test.Auto.PatientAssignmentControlTest"
                name="PatientAssignmentControlShouldUpdateBsaOrBmi (ShouldUpdateBmi,False,True,Hidden,False) row 12"
                time="0.0592423"/>
      <testcase classname="Philips.PIC.DataAcquisition.Test.SureSignsCompoundElementBuilderTest"
                name="SureSignsCompoundElementBuilderAddCustomEnumTest"
                time="0.0084005"/>
      <testcase classname="Philips.PMP.Test.Auto.CameraSystemConnectionTest"
                name="CameraSystemNoOrphanUserCredentialTest (4,True,False,False) row 1"
                time="0.3138982"/>
      <testcase classname="Philips.PMP.Test.Auto.CameraSystemConnectionTest"
                name="CameraSystemNoOrphanUserCredentialTest (1,False,True,False) row 2"
                time="0.3491201"/>
      <testcase classname="Philips.PMP.Test.Auto.CameraSystemConnectionTest"
                name="CameraSystemNoOrphanUserCredentialTest (1,False,False,True) row 3"
                time="0.2657686"/>
      <testcase classname="Philips.PMP.Test.Auto.ApmProviderTest"
                name="GetApmConfigurationItemsTest"
                time="0.0041104"/>
      <testcase classname="Philips.PMP.Test.Auto.NumericTileTest"
                name="GetNumPotentiallyValidLimitsTest"
                time="0.0028472"/>
      <testcase classname="Philips.PMP.Test.Auto.EventCatalogProviderTest"
                name="StoreEventCatalogWithUnassignedEventAdd"
                time="0.879695"/>
      <testcase classname="Philips.PIC.DataAcquisition.Test.SureSignsDataCacheTest"
                name="SureSignsDataCacheIsNewMeasurementTest (True,2,True) row 1"
                time="0.0016053"/>
      <testcase classname="Philips.PIC.DataAcquisition.Test.SureSignsDataCacheTest"
                name="SureSignsDataCacheIsNewMeasurementTest (True,2,True) row 2"
                time="0.0002481"/>
      <testcase classname="Philips.PIC.DataAcquisition.Test.SureSignsDataCacheTest"
                name="SureSignsDataCacheIsNewMeasurementTest (False,-2,False) row 3"
                time="0.0003564"/>
      <testcase classname="Philips.PMP.Test.Auto.LldpInfoTest"
                name="MonitorPortIdentifierParser (,,,) row 1"
                time="0.0113249"/>
      <testcase classname="Philips.PMP.Test.Auto.LldpInfoTest"
                name="MonitorPortIdentifierParser (68bdab1c1d80:Fa0/13:Switch,,,) row 2"
                time="0.0005414"/>
      <testcase classname="Philips.PMP.Test.Auto.LldpInfoTest"
                name="MonitorPortIdentifierParser (68bdab1c1d80   Fa0/13   Switch,,,) row 3"
                time="0.0003604"/>
      <testcase classname="Philips.PMP.Test.Auto.LldpInfoTest"
                name="MonitorPortIdentifierParser (68bdab1c1d80 : Fa0/13 : Switch,68bdab1c1d80,Fa0/13,Switch) row 4"
                time="0.0004096"/>
      <testcase classname="Philips.PMP.Test.Auto.LldpInfoTest"
                name="MonitorPortIdentifierParser (68bdab1c1d80 : Fa0/13,68bdab1c1d80,Fa0/13,) row 5"
                time="0.0003775"/>
      <testcase classname="Philips.PMP.Test.Auto.LldpInfoTest"
                name="MonitorPortIdentifierParser ( : Fa0/13 : Switch,,Fa0/13,Switch) row 6"
                time="0.0004363"/>
      <testcase classname="Philips.PMP.Test.Auto.LldpInfoTest"
                name="MonitorPortIdentifierParser ( : Fa0/13 : VeryLongSwitchNameIdentifier,,Fa0/13,VeryLongSwitchNameId) row 7"
                time="0.0004809"/>
      <testcase classname="Philips.PMP.Test.Auto.ReassuranceMeasurementHandlerTest"
                name="RequestSpo2ReassuranceMeasurementExpectOneTriggeredControl"
                time="0.0095619"/>
      <testcase classname="Philips.IX.UserManagement.Test.UserAuthenticatorsTest"
                name="UserAuthenticatorProveIdWebApiUniqueIdFail3Test"
                time="0.048404"/>
      <testcase classname="Philips.PMP.Test.Auto.ActiveDirectoryQualifierTest"
                name="VerifyHost (False,False) row 1"
                time="0.0081503"/>
      <testcase classname="Philips.PMP.Test.Auto.ActiveDirectoryQualifierTest"
                name="VerifyHost (True,False) row 2"
                time="0.0022965"/>
      <testcase classname="Philips.PMP.Test.Auto.ActiveDirectoryQualifierTest"
                name="VerifyHost (True,True) row 3"
                time="0.0013125"/>
      <testcase classname="Philips.PIC.CertificateSync.Test.CertificateSyncNotificationMgrTest"
                name="CertificateSyncNotificationMgrSubscribe"
                time="0.0033705"/>
      <testcase classname="Philips.PMP.Test.Auto.MobilePatientConverterTest"
                name="MobilePatientConverterGetDeviceLockedStatus (True) row 1"
                time="0.003195"/>
      <testcase classname="Philips.PMP.Test.Auto.MobilePatientConverterTest"
                name="MobilePatientConverterGetDeviceLockedStatus (False) row 2"
                time="0.0027095"/>
      <testcase classname="Philips.PMP.Test.Auto.AnnotationFormCheckerTest"
                name="AnnotationFormCheckerShouldAllowSaveAnnotation (True,False,True,True) row 1"
                time="0.0046353"/>
      <testcase classname="Philips.PMP.Test.Auto.AnnotationFormCheckerTest"
                name="AnnotationFormCheckerShouldAllowSaveAnnotation (False,False,False,False) row 2"
                time="0.0021649"/>
      <testcase classname="Philips.PMP.Test.Auto.AnnotationFormCheckerTest"
                name="AnnotationFormCheckerShouldAllowSaveAnnotation (False,True,False,False) row 3"
                time="0.0011358"/>
      <testcase classname="Philips.PMP.Test.Auto.AnnotationFormCheckerTest"
                name="AnnotationFormCheckerShouldAllowSaveAnnotation (False,True,True,True) row 4"
                time="0.0013118"/>
      <testcase classname="Philips.PMP.Test.Auto.DevicePropertiesControlTest"
                name="IBEDevicePropertiesControlInitializeControl"
                time="0.0141377"/>
      <testcase classname="Philips.PMP.Test.Auto.EcgDerivationMgrTest"
                name="EcgDerivationMgrDeviceNotSupportDerivationTest (DelphiHigh15In,False) row 1"
                time="0.0007483"/>
      <testcase classname="Philips.PMP.Test.Auto.EcgDerivationMgrTest"
                name="EcgDerivationMgrDeviceNotSupportDerivationTest (Mrx,True) row 2"
                time="0.0004838"/>
      <testcase classname="Philips.PMP.Test.Auto.EcgDerivationMgrTest"
                name="EcgDerivationMgrDeviceNotSupportDerivationTest (Efficia,True) row 3"
                time="0.0003905"/>
      <testcase classname="Philips.PMP.Test.Auto.EcgDerivationMgrTest"
                name="EcgDerivationMgrDeviceNotSupportDerivationTest (Portal5000,True) row 4"
                time="0.0003969"/>
      <testcase classname="Philips.CareEvent.Test.CareAssignmentControlTests"
                name="PendingAssignmetsIsAvaiableEventNotificationSettingsChangedCall"
                time="0.0461293"/>
      <testcase classname="Philips.PMP.Test.Auto.ReportHelperTest"
                name="ReportHelperTestAlarmPrintDocumentTest"
                time="0.0875451"/>
      <testcase classname="Philips.PMP.Test.Auto.PatientIdHelperTest"
                name="PatientIdentityTest"
                time="0.3855718"/>
      <testcase classname="Philips.PMP.Test.Auto.EfficiaNumericMgrTest"
                name="EfficiaNumericMgrProcessMeasureAttrTest (Spo2,PULS_OXIM_SAT_O2,PERCENT) row 1"
                time="0.0432444"/>
      <testcase classname="Philips.PMP.Test.Auto.EfficiaNumericMgrTest"
                name="EfficiaNumericMgrProcessMeasureAttrTest (Perf,PULS_OXIM_PERF_REL,DIMLESS) row 2"
                time="0.034377"/>
      <testcase classname="Philips.PMP.Test.Auto.EfficiaNumericMgrTest"
                name="EfficiaNumericMgrProcessMeasureAttrTest (Sphb,PULS_OXIM_HB_TOTAL_ART,X_G_PER_DL) row 3"
                time="0.0336633"/>
      <testcase classname="Philips.PMP.Test.Auto.EfficiaNumericMgrTest"
                name="EfficiaNumericMgrProcessMeasureAttrTest (Spco,PULS_OXIM_HB_CO_ART,PERCENT) row 4"
                time="0.0311289"/>
      <testcase classname="Philips.PMP.Test.Auto.EfficiaNumericMgrTest"
                name="EfficiaNumericMgrProcessMeasureAttrTest (Spoc,PULS_OXIM_CONC_HB_O2_ART_CALC,MILLI_L_PER_DL) row 5"
                time="0.0340437"/>
      <testcase classname="Philips.PMP.Test.Auto.EfficiaNumericMgrTest"
                name="EfficiaNumericMgrProcessMeasureAttrTest (Rra,ACOUSTIC_RESP_RATE,RESP_PER_MIN) row 6"
                time="0.0328032"/>
      <testcase classname="Philips.PMP.Test.Auto.EfficiaNumericMgrTest"
                name="EfficiaNumericMgrProcessMeasureAttrTest (Invalid,RESP_RATE,RESP_PER_MIN) row 7"
                time="0.0341534"/>
      <testcase classname="Philips.PMP.Test.Auto.DtlsTest"
                name="DtlsProcessInboundPacketTest"
                time="0.0305684"/>
      <testcase classname="Philips.PMP.Test.Auto.EventCatalogProviderTest"
                name="GetUnassignedEventsShouldNotFindAssignedEvent"
                time="0.1246875"/>
      <testcase classname="Philips.PMP.Test.Auto.MasterHostSelectionChannelMgrTest"
                name="MasterHostSelectionChannelMgrCanGetSubscriberFromHostId (True) row 1"
                time="0.0719789"/>
      <testcase classname="Philips.PMP.Test.Auto.MasterHostSelectionChannelMgrTest"
                name="MasterHostSelectionChannelMgrCanGetSubscriberFromHostId (False) row 2"
                time="0.0165389"/>
      <testcase classname="Philips.PMP.Test.Auto.BitlockerQualifierTest"
                name="BitlockerQualiferCorrectTest (True,True) row 1"
                time="0.0017278"/>
      <testcase classname="Philips.PMP.Test.Auto.BitlockerQualifierTest"
                name="BitlockerQualiferCorrectTest (True,False) row 2"
                time="0.0004829"/>
      <testcase classname="Philips.PMP.Test.Auto.BitlockerQualifierTest"
                name="BitlockerQualiferCorrectTest (False,True) row 3"
                time="0.0012915"/>
      <testcase classname="Philips.PMP.Test.Auto.BitlockerQualifierTest"
                name="BitlockerQualiferCorrectTest (False,False) row 4"
                time="0.0004307"/>
      <testcase classname="Philips.PMP.Test.Auto.MultiHostSubscriberTest"
                name="MultiHostSubscriberTestWaitUntilConnectedReturnsFalseIfDisconnectOccurs"
                time="0.0219185"/>
      <testcase classname="Philips.PMP.Test.Auto.ApmCollectorServiceTest"
                name="ReportDiskDriveStatusTest (OK,OK) row 1"
                time="0.0078474"/>
      <testcase classname="Philips.PMP.Test.Auto.ApmCollectorServiceTest"
                name="ReportDiskDriveStatusTest (PredictingFailure,OK) row 2"
                time="0.0574481"/>
      <testcase classname="Philips.PMP.Test.Auto.ApmCollectorServiceTest"
                name="ReportDiskDriveStatusTest (OK,Error) row 3"
                time="0.0163781"/>
      <testcase classname="Philips.PMP.Test.Auto.ApplicationWindowControlTest"
                name="UpdateTransportPatientNameLabelSingleInstitutionTest"
                time="0.3227359"/>
      <testcase classname="Philips.PMP.Test.Auto.MulticastZoneControlTest"
                name="SelectedMulticastHostDeviceTest (Unit1,Host11,True,False,True,False,None,False) row 1"
                time="0.054304"/>
      <testcase classname="Philips.PMP.Test.Auto.MulticastZoneControlTest"
                name="SelectedMulticastHostDeviceTest (Unit1,Host12,True,False,True,False,None,True) row 2"
                time="0.0608556"/>
      <testcase classname="Philips.PMP.Test.Auto.MulticastZoneControlTest"
                name="SelectedMulticastHostDeviceTest (Unit1,Host12,True,False,True,True,Yes,True) row 3"
                time="0.052397"/>
      <testcase classname="Philips.PMP.Test.Auto.MulticastZoneControlTest"
                name="SelectedMulticastHostDeviceTest (Unit1,Host12,True,False,True,True,No,False) row 4"
                time="0.0493815"/>
      <testcase classname="Philips.PMP.Test.Auto.MulticastZoneControlTest"
                name="SelectedMulticastHostDeviceTest (Unit2,Host21,True,False,True,False,None,True) row 5"
                time="0.0511979"/>
      <testcase classname="Philips.PMP.Test.Auto.MulticastZoneControlTest"
                name="SelectedMulticastHostDeviceTest (Unit2,Host22,True,False,True,False,None,False) row 6"
                time="0.0476896"/>
      <testcase classname="Philips.PMP.Test.Auto.MulticastZoneControlTest"
                name="SelectedMulticastHostDeviceTest (Unit3,Host31,True,False,True,False,None,True) row 7"
                time="0.0488166"/>
      <testcase classname="Philips.PMP.Test.Auto.MulticastZoneControlTest"
                name="SelectedMulticastHostDeviceTest (Multicast Zone,Host11,True,False,True,False,None,False) row 8"
                time="0.05328"/>
      <testcase classname="Philips.PMP.Test.Auto.MulticastZoneControlTest"
                name="SelectedMulticastHostDeviceTest (Multicast Zone2,Host31,True,False,True,False,None,True) row 9"
                time="0.0485681"/>
      <testcase classname="Philips.PMP.Test.Auto.MulticastZoneControlTest"
                name="SelectedMulticastHostDeviceTest (Multicast Zone,Host11,False,True,True,False,None,True) row 10"
                time="0.0547719"/>
      <testcase classname="Philips.PMP.Test.Auto.MulticastZoneControlTest"
                name="SelectedMulticastHostDeviceTest (Multicast Zone,Host22,False,True,True,False,None,True) row 11"
                time="0.0562281"/>
      <testcase classname="Philips.PMP.Test.Auto.MulticastZoneControlTest"
                name="SelectedMulticastHostDeviceTest (Unit3,Host31,False,True,True,False,None,False) row 12"
                time="0.0483031"/>
      <testcase classname="Philips.PMP.Test.Auto.DeviceBatteryProcessorTest"
                name="DeviceBatteryMiscTest (101,0,True,True,False,True) row 1"
                time="0.001212"/>
      <testcase classname="Philips.PMP.Test.Auto.DeviceBatteryProcessorTest"
                name="DeviceBatteryMiscTest (200,100,True,True,False,True) row 2"
                time="0.0006643"/>
      <testcase classname="Philips.PMP.Test.Auto.DeviceBatteryProcessorTest"
                name="DeviceBatteryMiscTest (101,0,True,True,True,False) row 3"
                time="0.0010933"/>
      <testcase classname="Philips.PMP.Test.Auto.DeviceBatteryProcessorTest"
                name="DeviceBatteryMiscTest (200,100,True,True,True,False) row 4"
                time="0.0005021"/>
      <testcase classname="Philips.PMP.Test.Auto.DeviceBatteryProcessorTest"
                name="DeviceBatteryMiscTest (101,100,False,True,False,True) row 5"
                time="0.000949"/>
      <testcase classname="Philips.PMP.Test.Auto.DeviceBatteryProcessorTest"
                name="DeviceBatteryMiscTest (101,100,False,True,True,True) row 6"
                time="0.000504"/>
      <testcase classname="Philips.PMP.Test.Auto.DeviceBatteryProcessorTest"
                name="DeviceBatteryMiscTest (101,100,True,False,False,False) row 7"
                time="0.0009183"/>
      <testcase classname="Philips.PMP.Test.Auto.DeviceBatteryProcessorTest"
                name="DeviceBatteryMiscTest (101,100,True,False,True,True) row 8"
                time="0.0009988"/>
      <testcase classname="Philips.PMP.Test.Auto.WatchdogHelperTest"
                name="ShouldWatchProcessBasedOnLicenseTest (DedicatedWeb,True,True,False,False,True,False,False) row 1"
                time="0.0057329"/>
      <testcase classname="Philips.PMP.Test.Auto.WatchdogHelperTest"
                name="ShouldWatchProcessBasedOnLicenseTest (DedicatedPrimaryWithWeb,True,True,False,False,True,False,False) row 2"
                time="0.0023156"/>
      <testcase classname="Philips.PMP.Test.Auto.WatchdogHelperTest"
                name="ShouldWatchProcessBasedOnLicenseTest (StandaloneDeveloper,True,True,False,False,True,False,False) row 3"
                time="0.0024658"/>
      <testcase classname="Philips.PMP.Test.Auto.WatchdogHelperTest"
                name="ShouldWatchProcessBasedOnLicenseTest (DedicatedPrimaryNoWeb,True,True,True,False,True,False,False) row 4"
                time="0.0059588"/>
      <testcase classname="Philips.PMP.Test.Auto.WatchdogHelperTest"
                name="ShouldWatchProcessBasedOnLicenseTest (DbEngineCluster,False,False,False,False,False,False,False) row 5"
                time="0.0033226"/>
      <testcase classname="Philips.PMP.Test.Auto.WatchdogHelperTest"
                name="ShouldWatchProcessBasedOnLicenseTest (StandaloneNoWeb,True,True,True,False,True,False,False) row 6"
                time="0.0023064"/>
      <testcase classname="Philips.PMP.Test.Auto.WatchdogHelperTest"
                name="ShouldWatchProcessBasedOnLicenseTest (Efficia,True,False,True,False,True,False,False) row 7"
                time="0.002188"/>
      <testcase classname="Philips.PMP.Test.Auto.WatchdogHelperTest"
                name="ShouldWatchProcessBasedOnLicenseTest (NotificationServer,True,True,False,True,False,True,True) row 8"
                time="0.0026432"/>
      <testcase classname="Philips.PMP.Test.Auto.EventCategoryFilterProviderTest"
                name="PatientEventCategoryFilterDefaultSetting (False,True) row 1"
                time="0.2118916"/>
      <testcase classname="Philips.PMP.Test.Auto.EventCategoryFilterProviderTest"
                name="PatientEventCategoryFilterDefaultSetting (True,False) row 2"
                time="0.0789422"/>
      <testcase classname="Philips.PMP.Test.Auto.PrincipalViewMgrTest"
                name="PrincipalViewMgrGetConnectedPrincipalViewCount (True,0,0,0) row 1"
                time="0.0021293"/>
      <testcase classname="Philips.PMP.Test.Auto.PrincipalViewMgrTest"
                name="PrincipalViewMgrGetConnectedPrincipalViewCount (True,1,0,1) row 2"
                time="0.0015652"/>
      <testcase classname="Philips.PMP.Test.Auto.PrincipalViewMgrTest"
                name="PrincipalViewMgrGetConnectedPrincipalViewCount (True,0,1,0) row 3"
                time="0.000788"/>
      <testcase classname="Philips.PMP.Test.Auto.PrincipalViewMgrTest"
                name="PrincipalViewMgrGetConnectedPrincipalViewCount (True,1,1,1) row 4"
                time="0.0010692"/>
      <testcase classname="Philips.PMP.Test.Auto.PrincipalViewMgrTest"
                name="PrincipalViewMgrGetConnectedPrincipalViewCount (False,0,0,0) row 5"
                time="0.0009941"/>
      <testcase classname="Philips.PMP.Test.Auto.PrincipalViewMgrTest"
                name="PrincipalViewMgrGetConnectedPrincipalViewCount (False,1,0,0) row 6"
                time="0.0008113"/>
      <testcase classname="Philips.PMP.Test.Auto.PrincipalViewMgrTest"
                name="PrincipalViewMgrGetConnectedPrincipalViewCount (False,0,1,0) row 7"
                time="0.0037896"/>
      <testcase classname="Philips.PMP.Test.Auto.PrincipalViewMgrTest"
                name="PrincipalViewMgrGetConnectedPrincipalViewCount (False,1,1,0) row 8"
                time="0.0010747"/>
      <testcase classname="Philips.PMP.Test.Auto.EcgDeviceMgrTest"
                name="EcgDeviceMgrGetRequiredFeaturesTest (TelemPwm,True,True,False,True) row 1"
                time="0.0005555"/>
      <testcase classname="Philips.PMP.Test.Auto.EcgDeviceMgrTest"
                name="EcgDeviceMgrGetRequiredFeaturesTest (TelemAllegro,True,True,False,True) row 2"
                time="0.0003917"/>
      <testcase classname="Philips.PMP.Test.Auto.EcgDeviceMgrTest"
                name="EcgDeviceMgrGetRequiredFeaturesTest (Mrx,False,False,False,False) row 3"
                time="0.0004574"/>
      <testcase classname="Philips.PMP.Test.Auto.EcgDeviceMgrTest"
                name="EcgDeviceMgrGetRequiredFeaturesTest (Portal5000,False,False,False,False) row 4"
                time="0.0003567"/>
      <testcase classname="Philips.PMP.Test.Auto.EcgDeviceMgrTest"
                name="EcgDeviceMgrGetRequiredFeaturesTest (Efficia,True,False,False,True) row 5"
                time="0.000331"/>
      <testcase classname="Philips.PMP.Test.Auto.EcgDeviceMgrTest"
                name="EcgDeviceMgrGetRequiredFeaturesTest (TelemCit,True,True,True,True) row 6"
                time="0.000832"/>
      <testcase classname="Philips.PMP.Test.Auto.EcgDeviceMgrTest"
                name="EcgDeviceMgrGetRequiredFeaturesTest (DelphiHigh15In,True,True,False,False) row 7"
                time="0.0003606"/>
      <testcase classname="Philips.PMP.Test.Auto.PowerQualifierTest"
                name="PowerQualifierDoesSchemeExistTest (False,Failure,True) row 1"
                time="0.0748105"/>
      <testcase classname="Philips.PMP.Test.Auto.PowerQualifierTest"
                name="PowerQualifierDoesSchemeExistTest (True,Success,False) row 2"
                time="0.0208758"/>
      <testcase classname="Philips.PMP.Test.Auto.MulticastZoneRuleHelperTest"
                name="MulticastZoneRuleHelperCanMoveUnitTest2 (False,False,False,True,False) row 1"
                time="0.0102884"/>
      <testcase classname="Philips.PMP.Test.Auto.MulticastZoneRuleHelperTest"
                name="MulticastZoneRuleHelperCanMoveUnitTest2 (True,True,False,True,True) row 2"
                time="0.0129534"/>
      <testcase classname="Philips.PMP.Test.Auto.MulticastZoneRuleHelperTest"
                name="MulticastZoneRuleHelperCanMoveUnitTest2 (True,True,True,False,False) row 3"
                time="0.0092801"/>
      <testcase classname="Philips.PMP.Test.Auto.SoundSchemeMapperTest"
                name="GetTextIdBySoundSchemeTest (Iso,2149780580) row 1"
                time="0.0011531"/>
      <testcase classname="Philips.PMP.Test.Auto.SoundSchemeMapperTest"
                name="GetTextIdBySoundSchemeTest (Traditional,2149780581) row 2"
                time="0.0003326"/>
      <testcase classname="Philips.PMP.Test.Auto.SoundSchemeMapperTest"
                name="GetTextIdBySoundSchemeTest (IecIso2020,2149780565) row 3"
                time="0.0003713"/>
      <testcase classname="Philips.PMP.Test.Auto.SoundSchemeMapperTest"
                name="GetTextIdBySoundSchemeTest (Philips2021,2149780566) row 4"
                time="0.0003141"/>
      <testcase classname="Philips.PMP.Test.Auto.Ecg12LeadServiceTest"
                name="UpSampleFrom250Spsto500Sps"
                time="0.0054233"/>
      <testcase classname="Philips.PMP.Test.Auto.ApmCollectorServiceTest"
                name="ApmCollectorServiceStartsAndStopsCrashSummaryDirectoryMonitor"
                time="0.2720324"/>
      <testcase classname="Philips.PIC.WebBridge.Test.LicenseControllerTest"
                name="CopyLicenseUnitTest (True) row 1"
                time="0.0103439"/>
      <testcase classname="Philips.PIC.WebBridge.Test.LicenseControllerTest"
                name="CopyLicenseUnitTest (False) row 2"
                time="0.0042706"/>
      <testcase classname="Philips.PMP.Test.Auto.FurtherAuthenticationEntryControlTest"
                name="FurtherAuthenticationEntryControlProcessCredential (,AuthenticationFailed,,False) row 1"
                time="0.0210074"/>
      <testcase classname="Philips.PMP.Test.Auto.FurtherAuthenticationEntryControlTest"
                name="FurtherAuthenticationEntryControlProcessCredential (MyCredential,AuthenticationInvalidCredentials,Incorrect Credentials,False) row 2"
                time="0.0257081"/>
      <testcase classname="Philips.PMP.Test.Auto.FurtherAuthenticationEntryControlTest"
                name="FurtherAuthenticationEntryControlProcessCredential (MyCredential,CommunicationError,Authentication Error,False) row 3"
                time="0.0223915"/>
      <testcase classname="Philips.PMP.Test.Auto.FurtherAuthenticationEntryControlTest"
                name="FurtherAuthenticationEntryControlProcessCredential (MyCredential,AuthenticationSucceeded,,True) row 4"
                time="0.0211056"/>
      <testcase classname="Philips.PMP.Test.Auto.PhysioDataStorageQueuesTest"
                name="QueuesAddPhysioDataOverflow"
                time="0.0004976"/>
      <testcase classname="Philips.PMP.Test.Auto.ReportTableHelperTest"
                name="CreateReportTableTest"
                time="0.0292914"/>
      <testcase classname="Philips.PMP.Test.Auto.CaregiverAssignmentProviderTest"
                name="StoreNurseAssignmentAndMobileStaffAssignmentShouldNotCrashGetNurseAssignmentsCall"
                time="0.3550803"/>
      <testcase classname="Philips.PMP.Test.Auto.BBraunStateMachineTest"
                name="CheckMessageParametersTest"
                time="0.0049535"/>
      <testcase classname="Philips.PMP.Test.Auto.StitchTest"
                name="StitchPhysioEndedEvents"
                time="0.0105353"/>
      <testcase classname="Philips.PMP.Test.Auto.AlertCategorizerTest"
                name="AlertCategorizerByTextId (Philips.Platform.UintHashSet,HeartRate) row 1"
                time="0.001985"/>
      <testcase classname="Philips.PMP.Test.Auto.AlertCategorizerTest"
                name="AlertCategorizerByTextId (Philips.Platform.UintHashSet,SpO2) row 2"
                time="0.0017309"/>
      <testcase classname="Philips.PMP.Test.Auto.AlertCategorizerTest"
                name="AlertCategorizerByTextId (Philips.Platform.UintHashSet,Resp) row 3"
                time="0.0016266"/>
      <testcase classname="Philips.PMP.Test.Auto.AlertCategorizerTest"
                name="AlertCategorizerByTextId (Philips.Platform.UintHashSet,Pvc) row 4"
                time="0.0017791"/>
      <testcase classname="Philips.PMP.Test.Auto.SureSignsDeviceQualifierTest"
                name="SureSignsQualifierVerifyTest (False,False,Success) row 1"
                time="0.006788"/>
      <testcase classname="Philips.PMP.Test.Auto.SureSignsDeviceQualifierTest"
                name="SureSignsQualifierVerifyTest (False,True,Success) row 2"
                time="0.000708"/>
      <testcase classname="Philips.PMP.Test.Auto.SureSignsDeviceQualifierTest"
                name="SureSignsQualifierVerifyTest (True,False,Failure) row 3"
                time="0.0031347"/>
      <testcase classname="Philips.PMP.Test.Auto.SureSignsDeviceQualifierTest"
                name="SureSignsQualifierVerifyTest (True,True,Success) row 4"
                time="0.0012427"/>
      <testcase classname="Philips.PMP.Test.Auto.WaveGapFinderTest"
                name="BuildWaveGapsTest"
                time="0.3027474"/>
      <testcase classname="Philips.PMP.Test.Auto.MultiPatientViewTest"
                name="MultiPatientViewDisplaySetupFormTest (-1) row 1"
                time="0.2405654"/>
      <testcase classname="Philips.PMP.Test.Auto.MultiPatientViewTest"
                name="MultiPatientViewDisplaySetupFormTest (0) row 2"
                time="0.1753557"/>
      <testcase classname="Philips.PMP.Test.Auto.SolutionSettingsTest"
                name="SolutionFileHasTfsServerWithFqdn"
                time="0.0014235"/>
      <testcase classname="Philips.PMP.Test.Auto.DeviceControlProviderTest"
                name="StoreInvalidControlTest"
                time="0.251191"/>
      <testcase classname="Philips.PMP.Test.Auto.Hl7StoreForwardHandlerTest"
                name="Hl7WriteMessageToDbTest"
                time="0.0463486"/>
      <testcase classname="Philips.PMP.Test.Auto.ConnectionStatusMonitorTest"
                name="ConnectionStatusMonitorStartsAndStopsTheUnderlyingTimer"
                time="0.001615"/>
      <testcase classname="Philips.PMP.Test.Auto.EventLogsTest"
                name="ExtractingEventLogEntriesDoesNotDropEntries"
                time="0.8683817"/>
      <testcase classname="Philips.PMP.Test.Auto.VersionFileProviderTest"
                name="VersionIsCurrentVersionCompatibleWithServer (A,A,True) row 1"
                time="0.0018548"/>
      <testcase classname="Philips.PMP.Test.Auto.VersionFileProviderTest"
                name="VersionIsCurrentVersionCompatibleWithServer (A,B,False) row 2"
                time="0.0009876"/>
      <testcase classname="Philips.PMP.Test.Auto.VersionFileProviderTest"
                name="VersionIsCurrentVersionCompatibleWithServer (A,1,True) row 3"
                time="0.0008812"/>
      <testcase classname="Philips.PMP.Test.Auto.VersionFileProviderTest"
                name="VersionIsCurrentVersionCompatibleWithServer (A,2,False) row 4"
                time="0.0007681"/>
      <testcase classname="Philips.PMP.Test.Auto.VersionFileProviderTest"
                name="VersionIsCurrentVersionCompatibleWithServer (1,A,True) row 5"
                time="0.0007615"/>
      <testcase classname="Philips.PMP.Test.Auto.VersionFileProviderTest"
                name="VersionIsCurrentVersionCompatibleWithServer (1,B,False) row 6"
                time="0.0007093"/>
      <testcase classname="Philips.PMP.Test.Auto.VersionFileProviderTest"
                name="VersionIsCurrentVersionCompatibleWithServer (1,1,True) row 7"
                time="0.0018023"/>
      <testcase classname="Philips.PMP.Test.Auto.VersionFileProviderTest"
                name="VersionIsCurrentVersionCompatibleWithServer (1,2,False) row 8"
                time="0.0007754"/>
      <testcase classname="Philips.PMP.Test.Auto.VersionFileProviderTest"
                name="VersionIsCurrentVersionCompatibleWithServer (2,C,False) row 9"
                time="0.0007415"/>
      <testcase classname="Philips.PMP.Test.Auto.VersionFileProviderTest"
                name="VersionIsCurrentVersionCompatibleWithServer (3,C,True) row 10"
                time="0.0003694"/>
      <testcase classname="Philips.PMP.Test.Auto.VersionFileProviderTest"
                name="VersionIsCurrentVersionCompatibleWithServer (4,C,False) row 11"
                time="0.0006819"/>
      <testcase classname="Philips.PMP.Test.Auto.EventCatalogProviderTest"
                name="StoreEventCatalogWithUnassignedEventEditOrDelete (True) row 1"
                time="2.9526642"/>
      <testcase classname="Philips.PMP.Test.Auto.EventCatalogProviderTest"
                name="StoreEventCatalogWithUnassignedEventEditOrDelete (False) row 2"
                time="2.8844751"/>
      <testcase classname="Philips.PMP.Test.Auto.FeatureProviderTest"
                name="ValidateGetByConfigurationFeatureForMobilityFeatures"
                time="0.0021939"/>
      <testcase classname="Philips.PMP.Test.Auto.DeviceBatteryProcessorTest"
                name="DeviceBatteryPowerStatusTest (OnMains,False) row 1"
                time="0.0051658"/>
      <testcase classname="Philips.PMP.Test.Auto.DeviceBatteryProcessorTest"
                name="DeviceBatteryPowerStatusTest (OnBattery,True) row 2"
                time="0.0034004"/>
      <testcase classname="Philips.PMP.Test.Auto.DeviceBatteryProcessorTest"
                name="DeviceBatteryPowerStatusTest (BatteryPlugged,True) row 3"
                time="0.0017005"/>
      <testcase classname="Philips.PMP.Test.Auto.DeviceBatteryProcessorTest"
                name="DeviceBatteryPowerStatusTest (BatteryRechargeable, OnMains,False) row 4"
                time="0.0011444"/>
      <testcase classname="Philips.PMP.Test.Auto.DeviceBatteryProcessorTest"
                name="DeviceBatteryPowerStatusTest (BatteryRechargeable,True) row 5"
                time="0.000718"/>
      <testcase classname="Philips.PMP.Test.Auto.PatientUnitCacheTest"
                name="PatientUnitCacheCanRemoveBed"
                time="0.0127789"/>
      <testcase classname="Philips.PIC.WebBridge.Test.TokensControllerTest"
                name="TokenCreateNoAuthenticationHeaderTest"
                time="0.0006648"/>
      <testcase classname="Philips.CareEvent.Test.RingtoneMgrTest"
                name="ValidateChangesShouldPassHappyPath"
                time="0.0196147"/>
      <testcase classname="Philips.PMP.Test.Auto.ProtocolWatchTest"
                name="ProtocolWatchMgrOnProtocolConfigChangedTest"
                time="0.0030622"/>
      <testcase classname="Philips.PMP.Test.Auto.PatientServiceMgrTest"
                name="PatientServiceFromNotificationServerGetNonMonitoredPatients"
                time="0.0048725"/>
      <testcase classname="Philips.PMP.Test.Auto.EcgDeriverTest"
                name="BackfillFlagsArePropagatedForwardThroughDeriverTest"
                time="0.0061548"/>
      <testcase classname="Philips.PMP.Test.Auto.WaveProviderTest"
                name="WaveManyGuidsWithGap"
                time="0.0390666"/>
      <testcase classname="Philips.PMP.Test.Auto.StitchTest"
                name="StitchTimeMappingsWithIdenticalSeedsTest"
                time="0.0062942"/>
      <testcase classname="Philips.PMP.Test.Auto.MySoundSettingTest"
                name="IecSoundSettingTest"
                time="0.0055266"/>
      <testcase classname="Philips.PMP.LicenseService.Test.LicenseHostValidatorTest"
                name="LicenseValidateImportTest"
                time="0.0122252"/>
      <testcase classname="Philips.PMP.Test.Auto.MobileWaveConverterTest"
                name="WaveConvertCanFormatColors"
                time="0.0012355"/>
      <testcase classname="Philips.PMP.Test.Auto.ApmCollectorServiceTest"
                name="ReportsSystemDbQueryInformation"
                time="0.0807389"/>
      <testcase classname="Philips.PMP.Test.Auto.IheMessageProcessorTest"
                name="IHEMultipleChannelIsProcessedCorrectlyTest"
                time="0.0135276"/>
      <testcase classname="Philips.PMP.Test.Auto.HostLicenseProcessorTest"
                name="LicenseMgrIsServiceLicensedTest"
                time="0.0052999"/>
      <testcase classname="Philips.PMP.Test.Auto.InstitutionTreeControlTest"
                name="InstitutionTreeControlSetSelectedUnitNode"
                time="0.0116901"/>
      <testcase classname="Philips.PIC.SharedAssignment.Test.SharedAssignmentMgrTest"
                name="ProcessMessageShouldWriteToAuditTrail (0,False,False) row 1"
                time="0.0203619"/>
      <testcase classname="Philips.PIC.SharedAssignment.Test.SharedAssignmentMgrTest"
                name="ProcessMessageShouldWriteToAuditTrail (1,True,False) row 2"
                time="0.0105675"/>
      <testcase classname="Philips.PIC.SharedAssignment.Test.SharedAssignmentMgrTest"
                name="ProcessMessageShouldWriteToAuditTrail (1,False,True) row 3"
                time="0.0080584"/>
      <testcase classname="Philips.PIC.SharedAssignment.Test.SharedAssignmentMgrTest"
                name="ProcessMessageShouldWriteToAuditTrail (2,True,True) row 4"
                time="0.0046415"/>
      <testcase classname="Philips.PMP.Test.Auto.SurveillanceHelperTest"
                name="SurveillanceHelperShouldDisplaySpotCheckEntryTest"
                time="0.0019211"/>
      <testcase classname="Philips.PMP.Test.Auto.InboundAdtPatientConfigQualifierTest"
                name="InboundAdtPatientConfigQualifierMultipleLifetimeIds (Required) row 1"
                time="0.0031944"/>
      <testcase classname="Philips.PMP.Test.Auto.InboundAdtPatientConfigQualifierTest"
                name="InboundAdtPatientConfigQualifierMultipleLifetimeIds (Optional) row 2"
                time="0.0013719"/>
      <testcase classname="Philips.PMP.Test.Auto.PatientIdentityConverterTest"
                name="PatientIdentityConverterReturnsPiChange"
                time="0.0021866"/>
      <testcase classname="Philips.PMP.Test.Auto.EventLogShutdownAnalyzerTest"
                name="DetectLastShutdownWasWatchdogAlert"
                time="0.0011714"/>
      <testcase classname="Philips.PMP.Test.Auto.Hl7MessageBuilderTest"
                name="Hl7CreateNumericMessageTest"
                time="0.0099428"/>
      <testcase classname="Philips.PMP.Test.Auto.ClockFileHelperTest"
                name="ClockFileHelperFirstRowIsZero"
                time="0.0019912"/>
      <testcase classname="Philips.PMP.Test.Auto.WaveProviderTest"
                name="WaveDataRuns3"
                time="0.0721378"/>
      <testcase classname="Philips.PMP.Test.Auto.AlertsTest"
                name="AlertsDeepCopyTest"
                time="0.0007394"/>
      <testcase classname="Philips.PMP.Test.Auto.SectorControlTest"
                name="SectorHasActiveAlarmTest (False,False,False,False) row 1"
                time="0.0347962"/>
      <testcase classname="Philips.PMP.Test.Auto.SectorControlTest"
                name="SectorHasActiveAlarmTest (True,False,False,True) row 2"
                time="0.0260849"/>
      <testcase classname="Philips.PMP.Test.Auto.SectorControlTest"
                name="SectorHasActiveAlarmTest (False,True,False,True) row 3"
                time="0.0284159"/>
      <testcase classname="Philips.PMP.Test.Auto.SectorControlTest"
                name="SectorHasActiveAlarmTest (False,False,True,True) row 4"
                time="0.0321902"/>
      <testcase classname="Philips.PMP.Test.Auto.SectorControlTest"
                name="SectorHasActiveAlarmTest (True,True,True,True) row 5"
                time="0.029165"/>
      <testcase classname="Philips.PMP.Test.Auto.DhcpProviderTest"
                name="NicGet"
                time="0.0233303"/>
      <testcase classname="Philips.CareEvent.Test.TopologyAliasProviderTests"
                name="GetLocationAliasesTest"
                time="0.0399402"/>
      <testcase classname="Philips.PMP.Test.Auto.WaveFrequencyConverterTest"
                name="WaveConvert31Dot25HzWaveTo125HzTest"
                time="0.0007658"/>
      <testcase classname="Philips.PMP.Test.Auto.DbEngineTest"
                name="CommitTransaction"
                time="0.0102157"/>
      <testcase classname="Philips.PMP.Test.Auto.ProtocolWatchTest"
                name="ProtocolWatchMgrUpdateIpmSupportedProtocolsTest"
                time="0.002761"/>
      <testcase classname="Philips.PMP.Test.Auto.NotificationSettingProviderTest"
                name="StoreRoleBehaviorSettingsTest"
                time="0.0085268"/>
      <testcase classname="Philips.PMP.Test.Auto.PatientSubscriptionMgrTest"
                name="PatientSusbcriptionMgrCanSubscribeToSpecificUnits (2) row 1"
                time="0.176732"/>
      <testcase classname="Philips.PMP.Test.Auto.PatientSubscriptionMgrTest"
                name="PatientSusbcriptionMgrCanSubscribeToSpecificUnits (4) row 2"
                time="0.0071918"/>
      <testcase classname="Philips.PMP.Test.Auto.EventCategoryFilterProviderTest"
                name="GetPatientMonitoringProductIdNotChanged"
                time="0.2467238"/>
      <testcase classname="Philips.PMP.Test.Auto.NumericProviderTest"
                name="NumericProviderGetAvailablePhysioData"
                time="0.2900948"/>
      <testcase classname="Philips.PMP.Test.Auto.IntelliBridgeDeviceChannelCacheTest"
                name="IntelliBridgeDeviceChannelCacheDetectsDuplicateChannels"
                time="0.0023814"/>
      <testcase classname="Philips.PMP.Test.Auto.DeviceProviderTest"
                name="DeviceProviderCreateHostMonitorDeviceInfo"
                time="0.008624"/>
      <testcase classname="Philips.CareEvent.Test.TopologyAliasProviderTests"
                name="TopologyAliasProviderTryGetBedAliasTest (False,False) row 1"
                time="0.0257242"/>
      <testcase classname="Philips.CareEvent.Test.TopologyAliasProviderTests"
                name="TopologyAliasProviderTryGetBedAliasTest (True,False) row 2"
                time="0.0294172"/>
      <testcase classname="Philips.CareEvent.Test.TopologyAliasProviderTests"
                name="TopologyAliasProviderTryGetBedAliasTest (True,True) row 3"
                time="0.0282705"/>
      <testcase classname="Philips.PIC.WebBridge.Test.InstitutionMgrTest"
                name="GetInstitutionTest"
                time="0.0595226"/>
      <testcase classname="Philips.PMP.Test.Auto.MobileNumericConverterTest"
                name="UpdateAlarmOffTest"
                time="0.0011302"/>
      <testcase classname="Philips.PMP.Test.Auto.AcknowledgeAlertsAvailabilityHelperTest"
                name="AcknowledgeAlertsAvailabilityHelperShouldAllowAcknowledgeVerifyPermissions"
                time="0.1180589"/>
      <testcase classname="Philips.PMP.Test.Auto.HostAccessViewControllerTest"
                name="HostAccessViewControllerDoesReadOnlySelectionMatch"
                time="0.0054023"/>
      <testcase classname="Philips.PMP.Test.Auto.DbArchiveMgrTest"
                name="DbArchiveMgrRestoreLatestTest (False,False,False) row 1"
                time="0.0047187"/>
      <testcase classname="Philips.PMP.Test.Auto.DbArchiveMgrTest"
                name="DbArchiveMgrRestoreLatestTest (True,False,False) row 2"
                time="0.2176435"/>
      <testcase classname="Philips.PMP.Test.Auto.DbArchiveMgrTest"
                name="DbArchiveMgrRestoreLatestTest (True,True,True) row 3"
                time="0.670738"/>
      <testcase classname="Philips.PMP.Test.Auto.PatientDemographicChoiceFieldsValuesGeneratorTest"
                name="PatientDemographicChoiceFieldsValuesGeneratorGetPriorIcuStayValues"
                time="0.0076107"/>
      <testcase classname="Philips.PMP.Test.Auto.PatientAssignmentControlTest"
                name="PatientAssignmentControlOnValidatingHeight (True) row 1"
                time="0.0618126"/>
      <testcase classname="Philips.PMP.Test.Auto.PatientAssignmentControlTest"
                name="PatientAssignmentControlOnValidatingHeight (False) row 2"
                time="0.0570398"/>
      <testcase classname="Philips.PMP.LicenseService.Test.LicenseHostValidatorTest"
                name="BaseNotificationServerValidation"
                time="0.002371"/>
      <testcase classname="Philips.PMP.Test.Auto.WeightConversionHelperTest"
                name="WeightConversionHelperLimitsTest (-1,Grams) row 1"
                time="0.0006243"/>
      <testcase classname="Philips.PMP.Test.Auto.WeightConversionHelperTest"
                name="WeightConversionHelperLimitsTest (-1,Kilograms) row 2"
                time="0.000933"/>
      <testcase classname="Philips.PMP.Test.Auto.WeightConversionHelperTest"
                name="WeightConversionHelperLimitsTest (-1,Pounds) row 3"
                time="0.0004234"/>
      <testcase classname="Philips.PMP.Test.Auto.WeightConversionHelperTest"
                name="WeightConversionHelperLimitsTest (-1,Unknown) row 4"
                time="0.0007006"/>
      <testcase classname="Philips.PMP.Test.Auto.WeightConversionHelperTest"
                name="WeightConversionHelperLimitsTest (10000,Grams) row 5"
                time="0.0003582"/>
      <testcase classname="Philips.PMP.Test.Auto.WeightConversionHelperTest"
                name="WeightConversionHelperLimitsTest (451,Kilograms) row 6"
                time="0.0004201"/>
      <testcase classname="Philips.PMP.Test.Auto.WeightConversionHelperTest"
                name="WeightConversionHelperLimitsTest (1000,Pounds) row 7"
                time="0.0007385"/>
      <testcase classname="Philips.PMP.Test.Auto.WeightConversionHelperTest"
                name="WeightConversionHelperLimitsTest (10000,Unknown) row 8"
                time="0.0007317"/>
      <testcase classname="Philips.PMP.Test.Auto.EcgAnalysisTest"
                name="TroubleshooterTest"
                time="0.4008613"/>
      <testcase classname="Philips.PMP.Test.Auto.Hl7OruEncoderTest"
                name="IheSourceListTest"
                time="0.0027396"/>
      <testcase classname="Philips.PMP.Test.Auto.IheMessageTypeIdentifierTest"
                name="IHEMessageTypeIdentifierTest (MSH|^~\&amp;|CONNECT|UMS|||20220614062102+0200||ORU^R01^ORU_R01|PCD-01_20220614042102219811|P|2.6|||AL|NE|||EN^English^ISO639||IHE_PCD_001^IHE PCD^1.3.6.1.4.1.19376.1.6.1.1.1^ISO&#xD;&#xA;&#x9;&#x9;PID|||Bed3^^^AIC^U||Bed3^^^^^^U&#xD;&#xA;&#x9;&#x9;PV1|2|I|{uniqueId}|1|&#xD;&#xA;&#x9;&#x9;OBR|1|ICU@Bed3@Alaris PK@8005-05758^AIC^ascom.com^DNS|ICU@Bed3@Alaris PK@8005-05758^AIC^ascom.com^DNS|ICU@Bed3@Alaris PK@8005-05758^Alfentanil|||20220614062100.108+0200&#xD;&#xA;&#x9;&#x9;OBX|1||69985^MDC_DEV_PUMP_INFUS_MDS^MDC|1.0.0.0|||||||X|||||||Alaris PK@8005-05758@1^AIC^ascom.com^DNS&#xD;&#xA;&#x9;&#x9;OBX|2||69986^MDC_DEV_PUMP_INFUS_VMD^MDC|1.1.0.0|||||||X&#xD;&#xA;&#x9;&#x9;OBX|4||126978^MDC_DEV_PUMP_INFUS_CHAN_DELIVERY^MDC|1.1.1.0|||||||X&#xD;&#xA;&#x9;&#x9;OBX|3|CWE|188772^MDC_COMM_STATUS^MDC|1.1.0.1|^comm-status-online^MDC||||||X&#xD;&#xA;&#x9;&#x9;OBX|5|CWE|184504^MDC_PUMP_MODE^MDC|1.1.1.11|^pump-mode-continuous^MDC||||||R&#xD;&#xA;&#x9;&#x9;OBX|6|CWE|184519^MDC_PUMP_INFUSING_STATUS^MDC|1.1.1.12|^pump-status-infusing^MDC||||||R&#xD;&#xA;&#x9;&#x9;OBX|7|NM|157784^MDC_FLOW_FLUID_PUMP^MDC|1.1.1.13|7.23|mL/h^mL/h^UCUM|||||R&#xD;&#xA;&#x9;&#x9;OBX|8|NM|157993^MDC_VOL_FLUID_DELIV_TOTAL^MDC|1.1.1.14|7.793|mL^mL^UCUM|||||R&#xD;&#xA;&#x9;&#x9;OBX|9|NM|0^MDCX_PUMP_PK_PC^MDC|1.1.1.16|19.9944|ng/mL^ng/mL^UCUM|||||R&#xD;&#xA;&#x9;&#x9;OBX|10|NM|0^MDCX_PUMP_PK_EC^MDC|1.1.1.17|19.9987|ng/mL^ng/mL^UCUM|||||R&#xD;&#xA;&#x9;&#x9;OBX|11|CWE|0^MDC_DEV_PUMP_ACTIVE_SOURCES^MDC|1.1.1.18|^pump-source-info-primary^MDC||||||R&#xD;&#xA;&#x9;&#x9;OBX|12||126977^MDC_DEV_PUMP_INFUS_CHAN_SOURCE^MDC|1.1.2.0|||||||X&#xD;&#xA;&#x9;&#x9;OBX|13|ST|184514^MDC_DRUG_NAME_LABEL^MDC|1.1.2.11|Alfentanil||||||R&#xD;&#xA;&#x9;&#x9;OBX|14|NM|157760^MDC_CONC_DRUG^MDC|1.1.2.12|100.00|mcg/mL^mcg/mL^UCUM|||||R&#xD;&#xA;&#x9;&#x9;OBX|15|NM|157784^MDC_FLOW_FLUID_PUMP^MDC|1.1.2.13|7.23|mL/h^mL/h^UCUM|||||R&#xD;&#xA;&#x9;&#x9;OBX|16|NM|157924^MDC_RATE_DOSE^MDC|1.1.2.14|0.17|mcg/kg/min^mcg/kg/min^UCUM|||||R&#xD;&#xA;&#x9;&#x9;OBX|17|NM|157864^MDC_VOL_FLUID_DELIV^MDC|1.1.2.15|0.010|mL^mL^UCUM|||||R&#xD;&#xA;&#x9;&#x9;OBX|18|NM|157993^MDC_VOL_FLUID_DELIV_TOTAL^MDC|1.1.2.16|7.793|mL^mL^UCUM|||||R&#xD;&#xA;&#x9;&#x9;OBX|19|NM|157872^MDC_VOL_FLUID_TBI_REMAIN^MDC|1.1.2.17||mL^mL^UCUM|||||X&#xD;&#xA;&#x9;&#x9;OBX|20|NM|157916^MDC_TIME_PD_REMAIN^MDC|1.1.2.18|314|min^min^UCUM|||||R&#xD;&#xA;&#x9;&#x9;OBX|21|NM|68063^MDC_ATTR_PT_WEIGHT^MDC|1.1.2.19|70.00|kg^kg^UCUM|||||R&#xD;&#xA;&#x9;&#x9;OBX|22|ST|0^MDCX_PUMP_PK_DRUGMODEL^MDC|1.1.2.21|Alfentanil_Maitre||||||R&#xD;&#xA;&#x9;&#x9;OBX|23|ST|0^MDCX_PUMP_PK_TARGETMODE^MDC|1.1.2.22|P||||||R&#xD;&#xA;&#x9;&#x9;OBX|24|NM|0^MDCX_PUMP_PK_TARGET^MDC|1.1.2.23|20.0000|ng/mL^ng/mL^UCUM|||||R&#xD;&#xA;&#x9;&#x9;OBX|25|ST|70055^MDC_DEV_PUMP_INFUS_SYRINGE_CHAN^MDC|1.1.4.0|||||||X&#xD;&#xA;&#x9;&#x9;OBX|26|ST|184488^MDC_SYRINGE_MANUFACTURER^MDC|1.1.4.10|IVAC||||||R&#xD;&#xA;&#x9;&#x9;OBX|27|NM|157880^MDC_VOL_SYRINGE^MDC|1.1.4.11|50|mL^mL^UCUM|||||R,PCD01) row 1"
                time="0.0030182"/>
      <testcase classname="Philips.PMP.Test.Auto.IheMessageTypeIdentifierTest"
                name="IHEMessageTypeIdentifierTest (MSH|^~\&amp;|PAT_DEVICE_PUMPVENDOR^9999990000000000^EUI-64|PUMPVENDOR|DOC_VENDOR|DOC_VENDOR|20151015132107-0500||ORU^R42^ORU_R01|6358051206735492253|P|2.6|||AL|NE||ASCII|en^English^ISO5715 639||IHE_PCD_010^IHE PCD^ 1.3.6.1.4.1.19376.1.6.4.10^ISO&#xD;&#xA;&#x9;&#x9;PID|||HO2009002^^^IHE^PI||Hon^Charles^^^^^L|Brooks^^^^^^L|19610201000000-0600|M|||||||||||||||||||||||N&#xD;&#xA;&#x9;&#x9;PV1||I|3 West ICU^3002^1&#xD;&#xA;&#x9;&#x9;OBR|1|AB12345^PCD-03|CD12345^HL7^ACDE48234567ABCD^EUI-5720 64|2222^Dopamine|||20151015132106-0500&#xD;&#xA;&#x9;&#x9;OBX|1||70049^MDC_DEV_PUMP_INFUS_LVP_MDS^MDC|1.0.0.0|||||||X|||||N0002||E0002^^0012210000000000^EUI-64&#xD;&#xA;&#x9;&#x9;OBX|2|ST|184517^MDC_PUMP_DRUG_LIBRARY_VERSION^MDC|1.0.0.1|DL1||||||R&#xD;&#xA;&#x9;&#x9;OBX|3|CWE|68487^MDC_ATTR_EVT_COND^MDC|1.0.0.2|197288^MDC_EVT_PUMP_DELIV_START5725 ^MDC||||||R&#xD;&#xA;&#x9;&#x9;OBX|4|ST|68488^MDC_ATTR_EVT_SOURCE^MDC|1.0.0.3|1.1.2.0||||||R&#xD;&#xA;&#x9;&#x9;OBX|5||70050^MDC_DEV_PUMP_INFUS_LVP_VMD^MDC|1.1.0.0|||||||X&#xD;&#xA;&#x9;&#x9;OBX|6||70067^MDC_DEV_PUMP_DELIVERY_INFO^MDC|1.1.1.0|||||||X&#xD;&#xA;&#x9;&#x9;OBX|7|CWE|184519^MDC_PUMP_INFUSING_STATUS^MDC|1.1.1.1|^pump-status-5730 infusing||||||R&#xD;&#xA;&#x9;&#x9;OBX|8|NM|158014^MDC_FLOW_FLUID_PUMP_CURRENT^MDC|1.1.1.2|15.4|265266^MDC_DIM_MILLI_L_PER_HR^MDC^mL/h^mL/h^UCUM|||||R&#xD;&#xA;&#x9;&#x9;OBX|9|CWE|158016^MDC_DEV_PUMP_ACTIVE_SOURCES^MDC|1.1.1.3|^pump-source-info-primary||||||R 5735&#xD;&#xA;&#x9;&#x9;OBX|10||70071^MDC_DEV_PUMP_INFUSATE_SOURCE_PRIMARY^MDC|1.1.2.0|||||||X&#xD;&#xA;&#x9;&#x9;OBX|11|CWE|158005^MDC_DEV_PUMP_CURRENT_DELIVERY_STATUS^MDC|1.1.2.1|^pump-delivery-status-delivering||||||R&#xD;&#xA;&#x9;&#x9;OBX|12|CWE|158008^MDC_DEV_PUMP_PROGRAM_DELIVERY_MODE^MDC|1.1.2.2|^pump-program-delivery-mode-continuous||||||R 5740&#xD;&#xA;&#x9;&#x9;OBX|13|ST|158012^MDC_DEV_PUMP_SOURCE_CHANNEL_LABEL^MDC|1.1.2.3|Primary||||||R&#xD;&#xA;&#x9;&#x9;OBX|14|NM|157784^MDC_FLOW_FLUID_PUMP^MDC|1.1.2.4|15.4|265266^MDC_DIM_MILLI_L_PER_HR^MDC^mL/h^mL/h^UCUM|||||R&#xD;&#xA;&#x9;&#x9;OBX|15|NM|157924^MDC_RATE_DOSE^MDC|1.1.2.5|5.00|265619^MDC_DIM_MICRO_G_PER_KG_PER_MIN^MDC^ug/kg/min^ug/kg/min^UCUM|||||R 5745&#xD;&#xA;&#x9;&#x9;OBX|16|NM|157884^MDC_VOL_FLUID_TBI^MDC|1.1.2.6|250.0|263762^MDC_DIM_MILLI_L^MDC^mL^mL^UCUM|||||R&#xD;&#xA;&#x9;&#x9;OBX|17|NM|157993^MDC_VOL_FLUID_DELIV_TOTAL^MDC|1.1.2.7|0.0|263762^MDC_DIM_MILLI_L^MDC^mL^mL^UCUM|||||R&#xD;&#xA;&#x9;&#x9;OBX|18|NM|157872^MDC_VOL_FLUID_TBI_REMAIN^MDC|1.1.2.8|250.0|263762^MDC_DIM_MI5750 LLI_L^MDC^mL^mL^UCUM|||||R&#xD;&#xA;&#x9;&#x9;OBX|19|NM|157916^MDC_TIME_PD_REMAIN^MDC|1.1.2.9|974|264352^MDC_DIM_MIN^MDC^min^min^UCUM|||||R&#xD;&#xA;&#x9;&#x9;OBX|20|ST|184514^MDC_DRUG_NAME_LABEL^MDC|1.1.2.10|Dopamine||||||R&#xD;&#xA;&#x9;&#x9;OBX|21|NM|157760^MDC_CONC_DRUG^MDC|1.1.2.11|1.6|264306^MDC_DIM_MILLI_G_PER_ML5755 ^MDC^mg/mL^mg/mL^UCUM|||||R&#xD;&#xA;&#x9;&#x9;OBX|22|ST|184516^MDC_PUMP_DRUG_LIBRARY_CARE_AREA^MDC|1.1.2.12|Crit Care||||||R&#xD;&#xA;&#x9;&#x9;OBX|23|NM|68063^MDC_ATTR_PT_WEIGHT^MDC|1.1.2.13|82.0|263875^MDC_DIM_KILO_G^MDC^kg^kg^UCUM|||||R,PCD10) row 2"
                time="0.0007584"/>
      <testcase classname="Philips.PMP.Test.Auto.IheMessageTypeIdentifierTest"
                name="IHEMessageTypeIdentifierTest (MSH|^~\&amp;|DATACAPTOR|Hospital1|||20180731192651.971+0200||ORU^R40^ORU_R40|8731192651980441|P|2.6|||AL|NE||8859/1|||IHE_PCD_004^IHE PCD^1.3.6.1.4.1.19376.1.6.1.4.1^ISO|&#xD;&#xA;&#x9;&#x9;PID|||PID3 ||Smith^John^^^^^L||20050415000000.000+0200|F|||||||FRENCH|||PID18|&#xD;&#xA;&#x9;&#x9;PV1||P|{PV13Location}|&#xD;&#xA;&#x9;&#x9;OBR|1|10564^CAPSULE^6D8F69E0C97743C9^EUI-64|10564^CAPSULE^6D8F69E0C97743C9^EUI-64|196616^MDC_EVT_ALARM^MDC|||20180731192651.000+0200|||Neuron |||Neuron|||||||NellcorPuritanBennettG_5.1.2_PB 980_Covidien &#xD;&#xA;&#x9;&#x9;OBX|1||70657^MDC_DEV_GENERAL_MDS^MDC|1.0.0.0|||||||X|&#xD;&#xA;&#x9;&#x9;OBX|2||69642^MDC_DEV_ANALY_SAT_O2_VMD^MDC|1.12.0.0|||||||X|&#xD;&#xA;&#x9;&#x9;OBX|3||69643^MDC_DEV_ANALY_SAT_O2_CHAN^MDC|1.12.1.0|||||||X|,PCD04) row 3"
                time="0.0004663"/>
      <testcase classname="Philips.PMP.Test.Auto.IheMessageTypeIdentifierTest"
                name="IHEMessageTypeIdentifierTest (MSH|^~\&amp;|DATACAPTOR|Hospital1|||20180731192651.971+0200||ORU^R41^ORU_R40|8731192651980441|P|2.6|||AL|NE||8859/1|||IHE_PCD_041^IHE PCD^1.4.1^ISO|&#xD;&#xA;&#x9;&#x9;PID|||PID3 ||Smith^John^^^^^L||20050415000000.000+0200|F|||||||FRENCH|||PID18|&#xD;&#xA;&#x9;&#x9;PV1||P|{PV13Location}|,PCD01) row 4"
                time="0.0004225"/>
      <testcase classname="Philips.PMP.Test.Auto.DeviceControlProviderTest"
                name="MeasurementControlsPatientSettingDeleteTest"
                time="0.3928933"/>
      <testcase classname="Philips.PMP.Test.Auto.PatientDataExportStorageTest"
                name="PdxViewerPatientSelectTest"
                time="0.5460045"/>
      <testcase classname="Philips.PMP.Test.Auto.AlertProviderTest"
                name="AlertProviderNotableIntervalTest"
                time="0.0434999"/>
      <testcase classname="Philips.PMP.Test.Auto.QuickReviewControlTest"
                name="ShouldPopupEventDeliveryFailedMessageTest (True,CategoryNotConfigured) row 1"
                time="0.1229693"/>
      <testcase classname="Philips.PMP.Test.Auto.QuickReviewControlTest"
                name="ShouldPopupEventDeliveryFailedMessageTest (True,CategoryNotEnabled) row 2"
                time="0.1224981"/>
      <testcase classname="Philips.PMP.Test.Auto.QuickReviewControlTest"
                name="ShouldPopupEventDeliveryFailedMessageTest (True,NoCaregiversAssignedToEvent) row 3"
                time="0.1171164"/>
      <testcase classname="Philips.PMP.Test.Auto.QuickReviewControlTest"
                name="ShouldPopupEventDeliveryFailedMessageTest (True,NoDevices) row 4"
                time="0.1201272"/>
      <testcase classname="Philips.PMP.Test.Auto.QuickReviewControlTest"
                name="ShouldPopupEventDeliveryFailedMessageTest (False,Success) row 5"
                time="0.1347324"/>
      <testcase classname="Philips.PMP.Test.Auto.ComConverterTest"
                name="ComConverterCanConvertNullOrEmptyArray"
                time="0.0033458"/>
      <testcase classname="Philips.PMP.Test.Auto.UnassignedPatientCacheTest"
                name="UnassignedPatientCacheTryFindPatientByBedTest (True,False,False) row 1"
                time="0.0021523"/>
      <testcase classname="Philips.PMP.Test.Auto.UnassignedPatientCacheTest"
                name="UnassignedPatientCacheTryFindPatientByBedTest (False,False,False) row 2"
                time="0.0005512"/>
      <testcase classname="Philips.PMP.Test.Auto.UnassignedPatientCacheTest"
                name="UnassignedPatientCacheTryFindPatientByBedTest (False,True,True) row 3"
                time="0.0008987"/>
      <testcase classname="Philips.PMP.Test.Auto.DeviceHelperTest"
                name="GetDeviceAssignmentTimeStringTest"
                time="0.0017725"/>
      <testcase classname="Philips.PMP.Test.Auto.AutoAdtSettingTest"
                name="IsAutoActionChanged (True,False,EitherLocation,False) row 1"
                time="0.018096"/>
      <testcase classname="Philips.PMP.Test.Auto.AutoAdtSettingTest"
                name="IsAutoActionChanged (False,False,EitherLocation,True) row 2"
                time="0.0006084"/>
      <testcase classname="Philips.PMP.Test.Auto.AutoAdtSettingTest"
                name="IsAutoActionChanged (True,True,EitherLocation,True) row 3"
                time="0.0003838"/>
      <testcase classname="Philips.PMP.Test.Auto.AutoAdtSettingTest"
                name="IsAutoActionChanged (True,False,PushTransferConfirmationOnly,True) row 4"
                time="0.0006017"/>
      <testcase classname="Philips.PMP.Test.Auto.AutoAdtSettingTest"
                name="IsAutoActionChanged (True,False,PushTransferConfirmationOnly,True) row 5"
                time="0.0010593"/>
      <testcase classname="Philips.PMP.Test.Auto.IntelliBridgeDeviceManagerTest"
                name="IntelliBridgeDeviceNoDeviceDataInopOnAssignmentTest"
                time="0.2926855"/>
      <testcase classname="Philips.PMP.Test.Auto.DbAvailabilityTest"
                name="RestartAllProcessesWillHappenIfConditionsAreMet"
                time="0.0048508"/>
      <testcase classname="Philips.PMP.Test.Auto.SystemPerformanceTest"
                name="DeleteSettingAndCategoryConfigB"
                time="0.8224961"/>
      <testcase classname="Philips.PMP.Test.Auto.EcgDeriverTest"
                name="EasiLicensesTest"
                time="0.0720821"/>
      <testcase classname="Philips.PMP.Test.Auto.EventLogShutdownAnalyzerTest"
                name="DetectLastShutdownWasUserInitiated"
                time="0.0028038"/>
      <testcase classname="Philips.PMP.Test.Auto.SectorControlTest"
                name="SectorControlAutoMinimize (True,True,True) row 1"
                time="0.1145259"/>
      <testcase classname="Philips.PMP.Test.Auto.SectorControlTest"
                name="SectorControlAutoMinimize (True,False,False) row 2"
                time="0.0556772"/>
      <testcase classname="Philips.PMP.Test.Auto.SectorControlTest"
                name="SectorControlAutoMinimize (False,True,False) row 3"
                time="0.0466155"/>
      <testcase classname="Philips.PMP.Test.Auto.SectorControlTest"
                name="SectorControlAutoMinimize (False,False,True) row 4"
                time="0.0515375"/>
      <testcase classname="Philips.PMP.Test.Auto.SectorControlTest"
                name="SectorControlAutoMinimize (False,False,False) row 5"
                time="0.0512691"/>
      <testcase classname="Philips.PMP.Test.Auto.ApmOsUpdateClientTest"
                name="ApmOsUpdateClientConfigureTest"
                time="0.1377417"/>
      <testcase classname="Philips.PMP.Test.Auto.RingtoneSyncMgrTest"
                name="RingtoneSyncMgrOnRingtoneDbArchivedTest (Connected,1) row 1"
                time="0.0148899"/>
      <testcase classname="Philips.PMP.Test.Auto.RingtoneSyncMgrTest"
                name="RingtoneSyncMgrOnRingtoneDbArchivedTest (Local,0) row 2"
                time="0.0078531"/>
      <testcase classname="Philips.PMP.Test.Auto.StripControlTest"
                name="UpdateCaliperTimeTest"
                time="0.0112901"/>
      <testcase classname="Philips.PMP.Test.Auto.ColorMgrTest"
                name="ColorMgrCanGetConnectionStatusColors"
                time="0.0240717"/>
      <testcase classname="Philips.PMP.Test.Auto.TimeWaveBaselineProviderTest"
                name="TimeWaveBaselineProviderPatientStayReadmitAndPreadmitWithoutBaseline"
                time="0.3206733"/>
      <testcase classname="Philips.IX.UserManagement.Test.UserAuthenticatorsTest"
                name="UserAuthenticatorProveIdWebApiPinFail2Test"
                time="0.0484761"/>
      <testcase classname="Philips.PIC.DeviceUserManagement.Test.DeviceUserManagementServiceTest"
                name="DeviceUserManagementServiceStop"
                time="0.0032957"/>
      <testcase classname="Philips.PMP.Test.Auto.DbSyncProviderTest"
                name="DbSyncSettingsTest"
                time="0.3333205"/>
      <testcase classname="Philips.IX.UserManagement.Test.ProveIdWebApiMessageTest"
                name="AgentGeneralConfigMessageTest"
                time="0.0563942"/>
      <testcase classname="Philips.CareEvent.Test.LocationRoleCareAssignmentControlTests"
                name="GetBedInfoListToDisplayShouldGetBeds (1,Assigned) row 1"
                time="0.0113303"/>
      <testcase classname="Philips.CareEvent.Test.LocationRoleCareAssignmentControlTests"
                name="GetBedInfoListToDisplayShouldGetBeds (2,Unassigned) row 2"
                time="0.0098533"/>
      <testcase classname="Philips.CareEvent.Test.LocationRoleCareAssignmentControlTests"
                name="GetBedInfoListToDisplayShouldGetBeds (1,Monitored) row 3"
                time="0.0101539"/>
      <testcase classname="Philips.CareEvent.Test.LocationRoleCareAssignmentControlTests"
                name="GetBedInfoListToDisplayShouldGetBeds (3,All) row 4"
                time="0.0095386"/>
      <testcase classname="Philips.PMP.Test.Auto.Hl7MonitorDeviceCacheTest"
                name="Hl7MonitorDeviceCacheTryGetSourceDeviceAndMdsTest (False,False,False) row 1"
                time="0.0101543"/>
      <testcase classname="Philips.PMP.Test.Auto.Hl7MonitorDeviceCacheTest"
                name="Hl7MonitorDeviceCacheTryGetSourceDeviceAndMdsTest (True,False,True) row 2"
                time="0.0008449"/>
      <testcase classname="Philips.PMP.Test.Auto.Hl7MonitorDeviceCacheTest"
                name="Hl7MonitorDeviceCacheTryGetSourceDeviceAndMdsTest (False,True,True) row 3"
                time="0.001233"/>
      <testcase classname="Philips.PMP.Test.Auto.TeleProfileHelperTest"
                name="TeleProfileHelperProfileProtocolStoreAndPublishTest"
                time="0.0079119"/>
      <testcase classname="Philips.PMP.Test.Auto.Hl7OruEncoderTest"
                name="PulseNumericsAreFilteredForTrendDataTest"
                time="0.0011736"/>
      <testcase classname="Philips.CareEvent.Test.CareTouchCommunicatorTests"
                name="ProcessGenericRequestShouldCallProcessUnitInfoResponse"
                time="0.0082383"/>
      <testcase classname="Philips.PMP.Test.Auto.PatientDataExportStorageTest"
                name="PdxSourceDeviceStoreTest"
                time="0.0332577"/>
      <testcase classname="Philips.PMP.Test.Auto.EfficiaInstrumentTest"
                name="EfficiaInstrumentProcessEcgLeadSettingTest"
                time="0.0024766"/>
      <testcase classname="Philips.PMP.Test.Auto.EnterpriseProviderTest"
                name="BedStoreUpdateDelete"
                time="0.3161187"/>
      <testcase classname="Philips.PMP.Test.Auto.IhedriverValidatorTest"
                name="IheDriverGetMonitoringHostsTest"
                time="0.3395301"/>
      <testcase classname="Philips.PMP.Test.Auto.SurveillanceHelperTest"
                name="CreateTileLayoutSubMenuTest"
                time="0.0703871"/>
      <testcase classname="Philips.PMP.Test.Auto.NumericProviderTest"
                name="NumericProviderAperiodicMeasStateFiltering"
                time="0.2682051"/>
      <testcase classname="Philips.PMP.Test.Auto.EnterpriseProviderTest"
                name="GetPatientDevices"
                time="0.2670059"/>
      <testcase classname="Philips.PMP.Test.Auto.RestoreControlTest"
                name="RestoreSupportedArchiveDiffBuildTest"
                time="0.8159579"/>
      <testcase classname="Philips.PMP.Test.Auto.DataBackIntegrationTest"
                name="DataBackIntegrationProcessCorrectEventTypesForChangeEquipmentTest (AddEquipment,1) row 1"
                time="0.039322"/>
      <testcase classname="Philips.PMP.Test.Auto.DataBackIntegrationTest"
                name="DataBackIntegrationProcessCorrectEventTypesForChangeEquipmentTest (RemoveEquipment,1) row 2"
                time="0.0006501"/>
      <testcase classname="Philips.PMP.Test.Auto.DataBackIntegrationTest"
                name="DataBackIntegrationProcessCorrectEventTypesForChangeEquipmentTest (AddEquipment, RemoveEquipment,1) row 3"
                time="0.0004902"/>
      <testcase classname="Philips.PMP.Test.Auto.DataBackIntegrationTest"
                name="DataBackIntegrationProcessCorrectEventTypesForChangeEquipmentTest (4294967103,0) row 4"
                time="0.0004946"/>
      <testcase classname="Philips.PMP.Test.Auto.StreamNotificationServiceTest"
                name="StreamNotificationServiceCanTellIfTftpIsEnabled (True) row 1"
                time="0.0026957"/>
      <testcase classname="Philips.PMP.Test.Auto.StreamNotificationServiceTest"
                name="StreamNotificationServiceCanTellIfTftpIsEnabled (False) row 2"
                time="0.0005544"/>
      <testcase classname="Philips.PMP.Test.Auto.SurveillanceHelperTest"
                name="SetNumericTileTest"
                time="0.0234643"/>
      <testcase classname="Philips.PMP.Test.Auto.ProxyTest"
                name="ProxyMgrProxyCacheTest"
                time="0.0019737"/>
      <testcase classname="Philips.PMP.Test.Auto.DeviceServiceTest"
                name="UpdateDaPrintersOnSecurityConfigChange"
                time="0.2012576"/>
      <testcase classname="Philips.PMP.Test.Auto.InfoProviderTest"
                name="TickleReadsTest"
                time="0.1037034"/>
      <testcase classname="Philips.PMP.Test.Auto.DataBackIntegrationTest"
                name="DataBackIntegrationTwoNumericsObservedValueBuilderTest"
                time="0.0009747"/>
      <testcase classname="Philips.PMP.LicenseService.Test.UnitLicenseValidatorTest"
                name="ValidateBedEnablementAssignedBeds"
                time="0.0027443"/>
      <testcase classname="Philips.PMP.Test.Auto.CaregiverAssignmentProviderTest"
                name="StoreAndGetAssignedCaregivers"
                time="0.2893506"/>
      <testcase classname="Philips.PIC.DataAcquisition.Test.MonitoringDeviceDaTest"
                name="MonitoringDeviceDaStartStopTest"
                time="0.4431917"/>
      <testcase classname="Philips.PMP.Test.Auto.ProfileProviderTest"
                name="AssignProfileBToHost"
                time="0.0158433"/>
      <testcase classname="Philips.iX.InboundFhirService.Test.InboundFhirServiceTest"
                name="PostEnumerationTest"
                time="0.0179647"/>
      <testcase classname="Philips.PMP.Test.Auto.MyApplicationTest"
                name="MyApplicationSourcesFolderIsNotSubdirectoryOfProduct"
                time="0.0005067"/>
      <testcase classname="Philips.PIC.WebBridge.Test.HubClientConnectionTest"
                name="HubConnectionMgrWillUpdatePhysioDataForAConnectionId"
                time="0.1633195"/>
      <testcase classname="Philips.PMP.Test.Auto.AddLabelsFormTest"
                name="AddLabelsFormDefaultConstructorTest"
                time="0.0325595"/>
      <testcase classname="Philips.PMP.Test.Auto.StarHelperTest"
                name="SetValidityValidateProperties"
                time="0.0029631"/>
      <testcase classname="Philips.PMP.Test.Auto.RfidReaderTest"
                name="RfidReaderSimulatorStartTest"
                time="0.0028547"/>
      <testcase classname="Philips.PMP.Test.Auto.PatientAssignmentControlTest"
                name="PatientAssignmentControlSetPatientUiCheckNurseAssignment (True) row 1"
                time="0.0696673"/>
      <testcase classname="Philips.PMP.Test.Auto.PatientAssignmentControlTest"
                name="PatientAssignmentControlSetPatientUiCheckNurseAssignment (False) row 2"
                time="0.0704553"/>
      <testcase classname="Philips.PMP.Test.Auto.PatientIdTest"
                name="PatientIdTryConvertHifFieldTest"
                time="0.0046365"/>
      <testcase classname="Philips.PMP.Test.Auto.ApplicationMgrTest"
                name="PatientWindowControlTest"
                time="0.1144752"/>
      <testcase classname="Philips.PMP.Test.Auto.EventNotificationMgrTest"
                name="IsMaxBerPerDomainReachedTrueTest"
                time="0.3109864"/>
      <testcase classname="Philips.PMP.Test.Auto.AlarmReviewUiTest"
                name="OnDiscardAlertsFailTest"
                time="0.1231712"/>
      <testcase classname="Philips.PMP.Test.Auto.ProtocolWatchSyncAlgorithmTest"
                name="ProtocolWatchSyncUpdateIxRunningSyncToIxTest (MEWS,MEWS,True,0,0,0) row 1"
                time="0.0069742"/>
      <testcase classname="Philips.PMP.Test.Auto.ProtocolWatchSyncAlgorithmTest"
                name="ProtocolWatchSyncUpdateIxRunningSyncToIxTest (MEWS,NEWS,False,1,0,1) row 2"
                time="0.0045001"/>
      <testcase classname="Philips.PMP.Test.Auto.ProtocolWatchSyncAlgorithmTest"
                name="ProtocolWatchSyncUpdateIxRunningSyncToIxTest (MEWS,PEWS,True,1,0,0) row 3"
                time="0.0016518"/>
      <testcase classname="Philips.PMP.Test.Auto.ProtocolWatchSyncAlgorithmTest"
                name="ProtocolWatchSyncUpdateIxRunningSyncToIxTest (,PEWS,False,1,1,0) row 4"
                time="0.0016587"/>
      <testcase classname="Philips.PMP.Test.Auto.DbConnectionMgrTest"
                name="DbConnectionMgrReturnsProxyUriGetMyProxy"
                time="0.0270877"/>
      <testcase classname="Philips.PMP.Test.Auto.MobilePatientConverterTest"
                name="MobilePatientConverterWillGetAllDevices"
                time="0.0090231"/>
      <testcase classname="Philips.IX.UserManagement.Test.ProveIdWebApiConfigurationTest"
                name="GetRfIdeasConfigAsyncTest"
                time="0.0091752"/>
      <testcase classname="Philips.PMP.Test.Auto.DataValidationProviderTest"
                name="DefaultSpotCheckValidationDoesNotStore"
                time="0.0057937"/>
      <testcase classname="Philips.PMP.Test.Auto.MobileDeviceCommunicatorTest"
                name="ProcessAuthenticationRequestShouldPopulateTokenDetails"
                time="0.1807117"/>
      <testcase classname="Philips.PMP.Test.Auto.SpotCheckValidationStorerTest"
                name="StoreSpotCheckValidationForPreviousStay"
                time="0.0687249"/>
      <testcase classname="Philips.PMP.Test.Auto.PatientDataExportStorageTest"
                name="PdxExportStartGreaterThanEndDoesNotThrowException"
                time="0.0197812"/>
      <testcase classname="Philips.PMP.Test.Auto.EfficiaMessageParserTest"
                name="EfficiaMessageParserExtractMessageWithInvalidPayloadLengthTest"
                time="0.0029571"/>
      <testcase classname="Philips.PMP.Test.Auto.PatientAssignmentControlTest"
                name="PatientAssignmentControlCheckBsaBmiValues (UpdateBodySurfaceArea,_lblBsaValue,2,0) row 1"
                time="0.0599992"/>
      <testcase classname="Philips.PMP.Test.Auto.PatientAssignmentControlTest"
                name="PatientAssignmentControlCheckBsaBmiValues (UpdateBodyMassIndex,_lblBmiValue,0,2) row 2"
                time="0.0592097"/>
      <testcase classname="Philips.PMP.Test.Auto.Hl7CareEventProxyTest"
                name="CareEventStartTest"
                time="0.0061439"/>
      <testcase classname="Philips.RootMain.Test.CertificateInstallMgrTest"
                name="OtherHostCaNotConfiguredFailStoreClientTest"
                time="0.0109042"/>
      <testcase classname="Philips.PMP.Test.Auto.Hl7OruEncoderTest"
                name="IheNoBedDataNonNumericAlertIsProperlyFormattedTest"
                time="0.0149074"/>
      <testcase classname="Philips.PMP.Test.Auto.RestoreControlTest"
                name="UpdateOcspAfterRestoreTest (True,0) row 1"
                time="0.0401485"/>
      <testcase classname="Philips.PMP.Test.Auto.RestoreControlTest"
                name="UpdateOcspAfterRestoreTest (False,1) row 2"
                time="0.03988"/>
      <testcase classname="Philips.IX.UserManagement.Test.UserManagementDataTest"
                name="UserManagementPinDataTest"
                time="0.000631"/>
      <testcase classname="Philips.PMP.Test.Auto.Ecg12LeadProviderTest"
                name="Ecg12LeadProviderStoreOneAscent2"
                time="0.0478384"/>
      <testcase classname="Philips.PMP.Test.Auto.IheGatewayNotificationServiceTest"
                name="IheGatewayNotificationServiceDeletesEmptyConfigurations (True,1,0) row 1"
                time="0.0082986"/>
      <testcase classname="Philips.PMP.Test.Auto.IheGatewayNotificationServiceTest"
                name="IheGatewayNotificationServiceDeletesEmptyConfigurations (False,0,1) row 2"
                time="0.0095789"/>
      <testcase classname="Philips.PMP.Test.Auto.AlarisAGWDriverTest"
                name="AlarisGatewayMdsRemoveDeviceTest"
                time="0.0036579"/>
      <testcase classname="Philips.PMP.Test.Auto.Hl7OruEncoderTest"
                name="Hl7OruEncoderValidatedDataTest (ValidatorUserName,OperatorUserName) row 1"
                time="0.0020615"/>
      <testcase classname="Philips.PMP.Test.Auto.Hl7OruEncoderTest"
                name="Hl7OruEncoderValidatedDataTest (ValidatorUserName,) row 2"
                time="0.000965"/>
      <testcase classname="Philips.PMP.Test.Auto.Hl7OruEncoderTest"
                name="Hl7OruEncoderValidatedDataTest (,OperatorUserName) row 3"
                time="0.002521"/>
      <testcase classname="Philips.PMP.Test.Auto.DbFifoTest"
                name="FifoBySpName"
                time="0.220156"/>
      <testcase classname="Philips.PMP.Test.Auto.UnitSettingsCacheTest"
                name="UnitSettingsCacheAutoAdtTest (False) row 1"
                time="0.0035415"/>
      <testcase classname="Philips.PMP.Test.Auto.UnitSettingsCacheTest"
                name="UnitSettingsCacheAutoAdtTest (True) row 2"
                time="0.0030461"/>
      <testcase classname="Philips.IX.UserManagement.Test.UserAuthenticatorsTest"
                name="UserAuthenticatorDirectoryCredentialMismatchTest"
                time="0.00083"/>
      <testcase classname="Philips.PMP.Test.Auto.DbArchiveMgrTest"
                name="DbArchiveMgrWaitForDbInitializedTest (False) row 1"
                time="0.001314"/>
      <testcase classname="Philips.PMP.Test.Auto.DbArchiveMgrTest"
                name="DbArchiveMgrWaitForDbInitializedTest (True) row 2"
                time="0.0789754"/>
      <testcase classname="Philips.PMP.Test.Auto.CameraSystemQualifierTest"
                name="CameraSystemQualifierHasCorrectDisplayName"
                time="0.0021299"/>
      <testcase classname="Philips.PMP.Test.Auto.TimeMgrTest"
                name="TimeMgrOnlyCreatesNewTimeMappingsWhenItWontAffectPrettyTimeColumns (60,True) row 1"
                time="0.0108556"/>
      <testcase classname="Philips.PMP.Test.Auto.TimeMgrTest"
                name="TimeMgrOnlyCreatesNewTimeMappingsWhenItWontAffectPrettyTimeColumns (60,False) row 2"
                time="0.0023537"/>
      <testcase classname="Philips.PMP.Test.Auto.TimeMgrTest"
                name="TimeMgrOnlyCreatesNewTimeMappingsWhenItWontAffectPrettyTimeColumns (300,True) row 3"
                time="0.0083883"/>
      <testcase classname="Philips.PMP.Test.Auto.TimeMgrTest"
                name="TimeMgrOnlyCreatesNewTimeMappingsWhenItWontAffectPrettyTimeColumns (300,False) row 4"
                time="0.0023357"/>
      <testcase classname="Philips.PMP.Test.Auto.TrendUploadValueProcessorTest"
                name="SinglesAreNotMarkedCompoundTest"
                time="0.0211672"/>
      <testcase classname="Philips.CareEvent.Test.CareTouchCommunicationMgrTest"
                name="ValidateConnectionsTest"
                time="0.0087048"/>
      <testcase classname="Philips.PMP.Test.Auto.PatientProviderTest"
                name="PatientStoreIdSettings"
                time="0.3103689"/>
      <testcase classname="Philips.PMP.Test.Auto.WebHostHelperTest"
                name="WebHostHelperTryGetIsMultiPatientView (True,True) row 1"
                time="0.0022422"/>
      <testcase classname="Philips.PMP.Test.Auto.WebHostHelperTest"
                name="WebHostHelperTryGetIsMultiPatientView (True,False) row 2"
                time="0.0007496"/>
      <testcase classname="Philips.PMP.Test.Auto.WebHostHelperTest"
                name="WebHostHelperTryGetIsMultiPatientView (False,True) row 3"
                time="0.0007225"/>
      <testcase classname="Philips.PMP.Test.Auto.WebHostHelperTest"
                name="WebHostHelperTryGetIsMultiPatientView (False,False) row 4"
                time="0.0006892"/>
      <testcase classname="Philips.PMP.Test.Auto.DeviceProviderTest"
                name="GetLanServerSourceDevicesUnitsTest"
                time="0.3606972"/>
      <testcase classname="Philips.CareEvent.Test.MobileStaffAssignmentMgrTests"
                name="DisableOverviewRoleIfNotAvailable"
                time="0.0058927"/>
      <testcase classname="Philips.PMP.Test.Auto.AlertMgrTest"
                name="AlertMgrProcessAlertRealarmTest (False,AlRealarm,RedAlarm,Patient) row 1"
                time="0.0096993"/>
      <testcase classname="Philips.PMP.Test.Auto.AlertMgrTest"
                name="AlertMgrProcessAlertRealarmTest (True,AlRealarm,RedAlarm,Patient) row 2"
                time="0.0019727"/>
      <testcase classname="Philips.PMP.Test.Auto.AlertMgrTest"
                name="AlertMgrProcessAlertRealarmTest (False,AlRealarm,YellowAlarm,Patient) row 3"
                time="0.0035719"/>
      <testcase classname="Philips.PMP.Test.Auto.AlertMgrTest"
                name="AlertMgrProcessAlertRealarmTest (True,AlRealarm,YellowAlarm,Patient) row 4"
                time="0.0028671"/>
      <testcase classname="Philips.PMP.Test.Auto.AlertMgrTest"
                name="AlertMgrProcessAlertRealarmTest (False,AlRealarm,RedAlarm,Technical) row 5"
                time="0.0019124"/>
      <testcase classname="Philips.PMP.Test.Auto.AlertMgrTest"
                name="AlertMgrProcessAlertRealarmTest (True,AlRealarm,RedAlarm,Technical) row 6"
                time="0.002157"/>
      <testcase classname="Philips.PMP.Test.Auto.AlertMgrTest"
                name="AlertMgrProcessAlertRealarmTest (False,AlRealarm,YellowAlarm,Technical) row 7"
                time="0.002744"/>
      <testcase classname="Philips.PMP.Test.Auto.AlertMgrTest"
                name="AlertMgrProcessAlertRealarmTest (True,AlRealarm,YellowAlarm,Technical) row 8"
                time="0.001809"/>
      <testcase classname="Philips.PMP.Test.Auto.AlertMgrTest"
                name="AlertMgrProcessAlertRealarmTest (False,AlRealarm,SevereInop,Technical) row 9"
                time="0.0020547"/>
      <testcase classname="Philips.PMP.Test.Auto.AlertMgrTest"
                name="AlertMgrProcessAlertRealarmTest (True,AlRealarm,SevereInop,Technical) row 10"
                time="0.0026538"/>
      <testcase classname="Philips.PMP.Test.Auto.AlertMgrTest"
                name="AlertMgrProcessAlertRealarmTest (False,AlRealarm,HardInop,Technical) row 11"
                time="0.0088025"/>
      <testcase classname="Philips.PMP.Test.Auto.AlertMgrTest"
                name="AlertMgrProcessAlertRealarmTest (True,AlRealarm,HardInop,Technical) row 12"
                time="0.0047629"/>
      <testcase classname="Philips.PMP.Test.Auto.AlertMgrTest"
                name="AlertMgrProcessAlertRealarmTest (False,AlReminder,RedAlarm,Patient) row 13"
                time="0.0017449"/>
      <testcase classname="Philips.PMP.Test.Auto.AlertMgrTest"
                name="AlertMgrProcessAlertRealarmTest (True,AlReminder,RedAlarm,Patient) row 14"
                time="0.0016586"/>
      <testcase classname="Philips.PMP.Test.Auto.AlertMgrTest"
                name="AlertMgrProcessAlertRealarmTest (False,AlReminder,YellowAlarm,Patient) row 15"
                time="0.0016282"/>
      <testcase classname="Philips.PMP.Test.Auto.AlertMgrTest"
                name="AlertMgrProcessAlertRealarmTest (True,AlReminder,YellowAlarm,Patient) row 16"
                time="0.0016128"/>
      <testcase classname="Philips.PMP.Test.Auto.AlertMgrTest"
                name="AlertMgrProcessAlertRealarmTest (False,AlReminder,RedAlarm,Technical) row 17"
                time="0.0068346"/>
      <testcase classname="Philips.PMP.Test.Auto.AlertMgrTest"
                name="AlertMgrProcessAlertRealarmTest (True,AlReminder,RedAlarm,Technical) row 18"
                time="0.0026382"/>
      <testcase classname="Philips.PMP.Test.Auto.AlertMgrTest"
                name="AlertMgrProcessAlertRealarmTest (False,AlReminder,YellowAlarm,Technical) row 19"
                time="0.002085"/>
      <testcase classname="Philips.PMP.Test.Auto.AlertMgrTest"
                name="AlertMgrProcessAlertRealarmTest (True,AlReminder,YellowAlarm,Technical) row 20"
                time="0.0144612"/>
      <testcase classname="Philips.PMP.Test.Auto.AlertMgrTest"
                name="AlertMgrProcessAlertRealarmTest (False,AlReminder,SevereInop,Technical) row 21"
                time="0.0041607"/>
      <testcase classname="Philips.PMP.Test.Auto.AlertMgrTest"
                name="AlertMgrProcessAlertRealarmTest (True,AlReminder,SevereInop,Technical) row 22"
                time="0.0064634"/>
      <testcase classname="Philips.PMP.Test.Auto.AlertMgrTest"
                name="AlertMgrProcessAlertRealarmTest (False,AlReminder,HardInop,Technical) row 23"
                time="0.0031492"/>
      <testcase classname="Philips.PMP.Test.Auto.AlertMgrTest"
                name="AlertMgrProcessAlertRealarmTest (True,AlReminder,HardInop,Technical) row 24"
                time="0.0021042"/>
      <testcase classname="Philips.PMP.Test.Auto.AlertMgrTest"
                name="AlertMgrProcessAlertRealarmTest (False,AlReminder,RedAlarm,Patient) row 25"
                time="0.002598"/>
      <testcase classname="Philips.PMP.LicenseService.Test.LicenseHostValidatorTest"
                name="WebMobileOptionsValidation (WPX,False,True,100,) row 1"
                time="0.0053257"/>
      <testcase classname="Philips.PMP.LicenseService.Test.LicenseHostValidatorTest"
                name="WebMobileOptionsValidation (WEB,False,False,300,The number of patient connections on hosts with web feature exceeds 256. The topology requires a dedicated web server.) row 2"
                time="0.0018124"/>
      <testcase classname="Philips.PMP.LicenseService.Test.LicenseHostValidatorTest"
                name="WebMobileOptionsValidation (WEB,False,True,300,) row 3"
                time="0.0016187"/>
      <testcase classname="Philips.PMP.LicenseService.Test.LicenseHostValidatorTest"
                name="WebMobileOptionsValidation (NOS,True,True,300,A host with Web Proxy Server may not have features unrelated to web or mobility.&#xD;&#xA;A host with Web Server may not have features unrelated to web or mobility.&#xD;&#xA;A host with Mobility Server may not have features unrelated to web or mobility.&#xD;&#xA;A host with Notification Server may not have features unrelated to web or mobility.&#xD;&#xA;A host with Patient Center View may not have features unrelated to web or mobility.) row 4"
                time="0.0023306"/>
      <testcase classname="Philips.PMP.LicenseService.Test.LicenseHostValidatorTest"
                name="WebMobileOptionsValidation (MOB,True,False,100,) row 5"
                time="0.0015185"/>
      <testcase classname="Philips.PMP.LicenseService.Test.LicenseHostValidatorTest"
                name="WebMobileOptionsValidation (PCV,False,True,100,) row 6"
                time="0.001827"/>
      <testcase classname="Philips.PMP.Test.Auto.EcgDeriverTest"
                name="DeriveCompoundWaveSnippetsEasiTest"
                time="0.006692"/>
      <testcase classname="Philips.PMP.Test.Auto.Hl7OruEncoderTest"
                name="ValidatedOutputTest (F,True) row 1"
                time="0.0006646"/>
      <testcase classname="Philips.PMP.Test.Auto.Hl7OruEncoderTest"
                name="ValidatedOutputTest (R,False) row 2"
                time="0.0004195"/>
      <testcase classname="Philips.PMP.Test.Auto.ApmCollectorServiceTest"
                name="RestartAnalysisOnlyLogsOnFirstAnalysis"
                time="0.0039887"/>
      <testcase classname="Philips.CareEvent.Test.RingtoneMgrTest"
                name="ValidateChangesShouldFailWhenDepthExceeded (True,0) row 1"
                time="0.0011542"/>
      <testcase classname="Philips.CareEvent.Test.RingtoneMgrTest"
                name="ValidateChangesShouldFailWhenDepthExceeded (False,1) row 2"
                time="0.0216821"/>
      <testcase classname="Philips.CareEvent.Test.RingtoneMgrTest"
                name="ValidateChangesShouldFailWhenDurationExceeded (True,0) row 1"
                time="0.0011999"/>
      <testcase classname="Philips.CareEvent.Test.RingtoneMgrTest"
                name="ValidateChangesShouldFailWhenDurationExceeded (False,1) row 2"
                time="0.0112903"/>
      <testcase classname="Philips.CareEvent.Test.LocationAliasManageControlTest"
                name="LocationAliasManageControlOnComboLeave"
                time="0.0266604"/>
      <testcase classname="Philips.PMP.Test.Auto.PatientFieldsControlTest"
                name="PatientFieldsControlValidateInput"
                time="0.1752619"/>
      <testcase classname="Philips.PMP.Test.Auto.EcgTroubleShootingControlTest"
                name="EcgTroubleShootingControlRelearnTest (True) row 1"
                time="0.0194477"/>
      <testcase classname="Philips.PMP.Test.Auto.EcgTroubleShootingControlTest"
                name="EcgTroubleShootingControlRelearnTest (False) row 2"
                time="0.0197146"/>
      <testcase classname="Philips.PMP.Test.Auto.AlarmLabelProviderTest"
                name="StripLabelSettingsTest"
                time="0.2624043"/>
      <testcase classname="Philips.PMP.Test.Auto.WaveFileMgrTest"
                name="PdxLeftTrimWaveSegmentCorrectly"
                time="0.0008044"/>
      <testcase classname="Philips.CareEvent.Test.SoapInputTests"
                name="InterfaceMethodTest"
                time="0.0209108"/>
      <testcase classname="Philips.PMP.Test.Auto.PhysioDataDisplayHelperTest"
                name="GetOrderedWavesTest"
                time="0.2658457"/>
      <testcase classname="Philips.PMP.Test.Auto.TimeWaveBaselineProviderTest"
                name="TimeWaveBaselineTwoSts"
                time="0.0387448"/>
      <testcase classname="Philips.PMP.Test.Auto.NotificationSettingProviderTest"
                name="IsPrefixIncludedDefaultValueIsTrue"
                time="0.252145"/>
      <testcase classname="Philips.IX.UserManagement.Test.UserManagementDataTest"
                name="UserManagementPasswordDataTest2"
                time="0.0005603"/>
      <testcase classname="Philips.PMP.Test.Auto.LicenseViewerXmlProviderTest"
                name="LicenseXmlProviderLoad"
                time="0.3788922"/>
      <testcase classname="Philips.PMP.LicenseService.Test.UnitLicenseProcessorTest"
                name="SaveLicenseWillNotSaveIfAssignedValidationFails"
                time="0.0035215"/>
      <testcase classname="Philips.PMP.Test.Auto.ServiceProviderTest"
                name="ServiceProviderCanProvideProcessThreadParameters (Philips.PMP.DbEngineHost.exe,True) row 1"
                time="0.0020582"/>
      <testcase classname="Philips.PMP.Test.Auto.ServiceProviderTest"
                name="ServiceProviderCanProvideProcessThreadParameters (Philips.PMP.ServiceHost.exe,False) row 2"
                time="0.001252"/>
      <testcase classname="Philips.PMP.Test.Auto.ServiceProviderTest"
                name="ServiceProviderCanProvideProcessThreadParameters (Philips.PMP.ServiceHostCore.exe,False) row 3"
                time="0.0011661"/>
      <testcase classname="Philips.CareEvent.Test.AuditEntryRecorderTests"
                name="RecordAssignmentShouldUpdateUnassigned"
                time="0.007593"/>
      <testcase classname="Philips.PMP.Test.Auto.UserAccountQualifierTest"
                name="UserAccountQualifierIsCorrectable"
                time="0.0012332"/>
      <testcase classname="Philips.CareEvent.Test.EventInputConfigurationValidatorTest"
                name="SystemShouldNotAllowMoreThanMaxInputSettings"
                time="0.038669"/>
      <testcase classname="Philips.PMP.Test.Auto.CiServiceHelperTest"
                name="CiConfigurationEqualityTest"
                time="0.2576544"/>
      <testcase classname="Philips.PMP.Test.Auto.RemoteSupportHelperTest"
                name="UltraVncMsLogOnSettingTest"
                time="0.0164468"/>
      <testcase classname="Philips.PMP.Test.Auto.NumericProviderTest"
                name="NumericProviderAperiodicStoreTwoMetricCategories"
                time="0.3211122"/>
      <testcase classname="Philips.PMP.Test.Auto.IntelliBridgeLanConfigurationControlTest"
                name="CertificateWarningLabelDisplayTest (BDAIC,False,False) row 1"
                time="0.0600911"/>
      <testcase classname="Philips.PMP.Test.Auto.IntelliBridgeLanConfigurationControlTest"
                name="CertificateWarningLabelDisplayTest (CapsuleMDIP,False,True) row 2"
                time="0.0850884"/>
      <testcase classname="Philips.PMP.Test.Auto.Hl7ConnectionTest"
                name="Hl7SendMessageForIntervalBasedClientsTest (ReporterClient,False,False,0,1,0) row 1"
                time="0.0240019"/>
      <testcase classname="Philips.PMP.Test.Auto.Hl7ConnectionTest"
                name="Hl7SendMessageForIntervalBasedClientsTest (ReporterClient,False,False,0,1,0) row 2"
                time="0.0023158"/>
      <testcase classname="Philips.PMP.Test.Auto.Hl7ConnectionTest"
                name="Hl7SendMessageForIntervalBasedClientsTest (ReporterClient,True,True,1,0,0) row 3"
                time="0.0023665"/>
      <testcase classname="Philips.PMP.Test.Auto.Hl7ConnectionTest"
                name="Hl7SendMessageForIntervalBasedClientsTest (ReporterClient,True,False,0,0,1) row 4"
                time="0.0024525"/>
      <testcase classname="Philips.PMP.Test.Auto.Hl7ConnectionTest"
                name="Hl7SendMessageForIntervalBasedClientsTest (TrendClient,False,False,0,0,0) row 5"
                time="0.0017304"/>
      <testcase classname="Philips.PMP.Test.Auto.Hl7ConnectionTest"
                name="Hl7SendMessageForIntervalBasedClientsTest (TrendServer,False,False,0,0,0) row 6"
                time="0.0017028"/>
      <testcase classname="Philips.PMP.Test.Auto.BedLabelValidatorTest"
                name="AddBedFailsWhenNOTLicenseValidationFails"
                time="0.0036746"/>
      <testcase classname="Philips.PMP.Test.Auto.MobilePatientMgrTest"
                name="ShouldEnableMainUiTest (True,False,True,False,False,False) row 1"
                time="0.0037484"/>
      <testcase classname="Philips.PMP.Test.Auto.MobilePatientMgrTest"
                name="ShouldEnableMainUiTest (False,True,True,False,False,False) row 2"
                time="0.0016828"/>
      <testcase classname="Philips.PMP.Test.Auto.MobilePatientMgrTest"
                name="ShouldEnableMainUiTest (False,False,False,False,False,False) row 3"
                time="0.0013056"/>
      <testcase classname="Philips.PMP.Test.Auto.MobilePatientMgrTest"
                name="ShouldEnableMainUiTest (False,False,True,True,False,False) row 4"
                time="0.000875"/>
      <testcase classname="Philips.PMP.Test.Auto.MobilePatientMgrTest"
                name="ShouldEnableMainUiTest (False,False,True,False,True,False) row 5"
                time="0.0019615"/>
      <testcase classname="Philips.PMP.Test.Auto.MobilePatientMgrTest"
                name="ShouldEnableMainUiTest (False,False,True,False,False,True) row 6"
                time="0.0154945"/>
      <testcase classname="Philips.IX.UserManagement.Test.UserAuthenticatorsTest"
                name="UserAuthenticatorProveIdWebApiUniqueIdFurtherAuthRequiredTest"
                time="0.055259"/>
      <testcase classname="Philips.PMP.Test.Auto.RepositoryAlertTest"
                name="RepositoryAlertGetAudibleSoundTest (0,False,False,NoAlert) row 1"
                time="0.0033669"/>
      <testcase classname="Philips.PMP.Test.Auto.RepositoryAlertTest"
                name="RepositoryAlertGetAudibleSoundTest (CentralAudible,False,False,RedAlarm) row 2"
                time="0.0008521"/>
      <testcase classname="Philips.PMP.Test.Auto.RepositoryAlertTest"
                name="RepositoryAlertGetAudibleSoundTest (CentralAudible,True,False,RedAlarm) row 3"
                time="0.0002605"/>
      <testcase classname="Philips.PMP.Test.Auto.RepositoryAlertTest"
                name="RepositoryAlertGetAudibleSoundTest (VisualLatching,True,False,NoAlert) row 4"
                time="0.0002639"/>
      <testcase classname="Philips.PMP.Test.Auto.RepositoryAlertTest"
                name="RepositoryAlertGetAudibleSoundTest (0,False,True,NoAlert) row 5"
                time="0.0004688"/>
      <testcase classname="Philips.PMP.Test.Auto.RepositoryAlertTest"
                name="RepositoryAlertGetAudibleSoundTest (CentralAudible,False,True,RedAlarm) row 6"
                time="0.0005024"/>
      <testcase classname="Philips.PMP.Test.Auto.RepositoryAlertTest"
                name="RepositoryAlertGetAudibleSoundTest (CentralAudible,True,True,NoAlert) row 7"
                time="0.0004241"/>
      <testcase classname="Philips.PMP.Test.Auto.RepositoryAlertTest"
                name="RepositoryAlertGetAudibleSoundTest (VisualLatching,True,True,NoAlert) row 8"
                time="0.0004039"/>
      <testcase classname="Philips.PMP.Test.Auto.PatientFieldsHelperTest"
                name="PatientFieldsHelperShouldSkipOptionalCaregiver"
                time="0.0009403"/>
      <testcase classname="Philips.PMP.Test.Auto.MobilePatientConverterTest"
                name="MobileDataUpdateCaregiverTest"
                time="0.0058155"/>
      <testcase classname="Philips.PMP.Test.Auto.RmsTest"
                name="RmsStaticDataRun"
                time="0.0184822"/>
      <testcase classname="Philips.CareEvent.Test.RingtoneProviderTests"
                name="RingtoneProviderStoreTest"
                time="0.0150885"/>
      <testcase classname="Philips.PMP.Test.Auto.DxEcgTypeConverterTest"
                name="GetAlgorithmsCoversAllSupportedAlgorithms"
                time="0.0374199"/>
      <testcase classname="Philips.PMP.Test.Auto.CiParserTest"
                name="CiParserParseMonitorLabelTest"
                time="0.0102701"/>
      <testcase classname="Philips.PMP.Test.Auto.PatientAssignmentControlTest"
                name="PatientAssignmentControlOnUnitAdmitTimeChanged"
                time="0.059899"/>
      <testcase classname="Philips.PMP.Test.Auto.ActiveDirectoryQualifierTest"
                name="CorrectHost"
                time="0.0310691"/>
      <testcase classname="Philips.PMP.Test.Auto.PatientDataExportConfigControlTest"
                name="PdxConnectionConfigDoesNotSaveWhenValidationFailsAsync"
                time="0.5115453"/>
      <testcase classname="Philips.PMP.Test.Auto.PatientServiceTest"
                name="PatientServiceSendPatientIdentityChangeTest (False) row 1"
                time="0.003685"/>
      <testcase classname="Philips.PMP.Test.Auto.PatientServiceTest"
                name="PatientServiceSendPatientIdentityChangeTest (True) row 2"
                time="0.0031309"/>
      <testcase classname="Philips.PMP.Test.Auto.AutoAdtConfigControlHelperTest"
                name="GetAutoAdtUiSettingForEntityTest"
                time="0.0881947"/>
      <testcase classname="Philips.PMP.Test.Auto.DeviceTypeDeterminerTest"
                name="DeviceCompatibilityGetDeviceTypeTest"
                time="0.0009273"/>
      <testcase classname="Philips.PMP.Test.Auto.Hl7TcpConnectionTest"
                name="Hl7TcpConnectionSend"
                time="0.0127187"/>
      <testcase classname="Philips.PMP.Test.Auto.Hl7OruEncoderTest"
                name="IncorrectlyFormattedAckMessageTest"
                time="0.0007889"/>
      <testcase classname="Philips.PMP.Test.Auto.WatchdogServiceMgrTest"
                name="StartWatchdogAlreadyRunningFailTest"
                time="0.0046935"/>
      <testcase classname="Philips.PMP.Test.Auto.IheDeviceTest"
                name="ProcessPC01MessageMissingOBR"
                time="0.0008512"/>
      <testcase classname="Philips.PMP.Test.Auto.PhysioDataTimeOffsetProcessorTest"
                name="OffsetProcessorCanOffsetTimeMappings"
                time="0.0010801"/>
      <testcase classname="Philips.PMP.Test.Auto.RepositoryWaveTest"
                name="RepositoryWaveShouldAllowDisplay (DelphiHigh15In) row 1"
                time="0.0004993"/>
      <testcase classname="Philips.PMP.Test.Auto.RepositoryWaveTest"
                name="RepositoryWaveShouldAllowDisplay (ExtDevServer) row 2"
                time="0.0008751"/>
      <testcase classname="Philips.PMP.Test.Auto.RepositoryWaveTest"
                name="RepositoryWaveShouldAllowDisplay (IbridgeEc40Hub) row 3"
                time="0.0025658"/>
      <testcase classname="Philips.PMP.Test.Auto.RepositoryWaveTest"
                name="RepositoryWaveShouldAllowDisplay (IbridgeEc48Hub) row 4"
                time="0.0008723"/>
      <testcase classname="Philips.PMP.Test.Auto.IheDriverQualifierTest"
                name="IheDriverQualifierQualificationExceptionTest"
                time="0.0017716"/>
      <testcase classname="Philips.PMP.Test.Auto.TimeWaveBaselineProviderTest"
                name="TimeWaveBaselineProviderPatientStayReadmitWithoutPreadmit"
                time="0.3389934"/>
      <testcase classname="Philips.PMP.Test.Auto.PatientChangeTest"
                name="PatientChangeIsPatientOnHostTest"
                time="0.0005734"/>
      <testcase classname="Philips.PMP.Test.Auto.LogonStatusDisplayMgrTest"
                name="LogonStatusDisplayMgrAuthenticateFinishNoUser"
                time="0.0681317"/>
      <testcase classname="Philips.PMP.Test.Auto.TerumoTerufusionTest"
                name="ExtractMessageTest"
                time="0.0015379"/>
      <testcase classname="Philips.PMP.Test.Auto.TaggedIntervalBufferTest"
                name="InsertIntoEndTest"
                time="0.0003705"/>
      <testcase classname="Philips.CareEvent.Test.EventMonitorFilterTests"
                name="EventMonitorFilterOnPriorityNormal"
                time="0.028353"/>
      <testcase classname="Philips.PMP.Test.Auto.BitlockerQualifierTest"
                name="BitlockerQualifierIsCorrectableShould"
                time="0.0008995"/>
      <testcase classname="Philips.PMP.Test.Auto.AlertProviderTest"
                name="AlertProviderStoreMany"
                time="0.0449384"/>
      <testcase classname="Philips.PMP.Test.Auto.Hl7TcpConnectionTest"
                name="Hl7TcpConnectionAlreadyConnected"
                time="0.007751"/>
      <testcase classname="Philips.PMP.Test.Auto.LocalSecurityPolicyQualifierTest"
                name="QualifierVerifiesReportServerLoginRight"
                time="0.0037494"/>
      <testcase classname="Philips.CareEvent.Test.WctpListenerTests"
                name="IsMessageIdValidTest (,False) row 1"
                time="0.0086308"/>
      <testcase classname="Philips.CareEvent.Test.WctpListenerTests"
                name="IsMessageIdValidTest (-,False) row 2"
                time="0.0043093"/>
      <testcase classname="Philips.CareEvent.Test.WctpListenerTests"
                name="IsMessageIdValidTest (123456,False) row 3"
                time="0.0052825"/>
      <testcase classname="Philips.CareEvent.Test.WctpListenerTests"
                name="IsMessageIdValidTest (1-234-56,False) row 4"
                time="0.0064423"/>
      <testcase classname="Philips.CareEvent.Test.WctpListenerTests"
                name="IsMessageIdValidTest (123-456,True) row 5"
                time="0.0025422"/>
      <testcase classname="Philips.PMP.Test.Auto.PatientAssignmentHelperTest"
                name="GetCurrentOrLastMonitoringHostTest"
                time="0.0005801"/>
      <testcase classname="Philips.PMP.Test.Auto.DeviceControlTest"
                name="LimitControlTryGetHighTest"
                time="0.000985"/>
      <testcase classname="Philips.PMP.Test.Auto.ProfileProviderTest"
                name="GetProfilesByType"
                time="0.6202669"/>
      <testcase classname="Philips.CareEvent.Test.SoapInputTests"
                name="SoapMessageSubmitCancelTest"
                time="0.051377"/>
      <testcase classname="Philips.PMP.Test.Auto.Hl7MonitorDeviceCacheTest"
                name="Hl7MonitorDeviceCacheIsSourceIntelliBridgeTest (False,False,False) row 1"
                time="0.0013848"/>
      <testcase classname="Philips.PMP.Test.Auto.Hl7MonitorDeviceCacheTest"
                name="Hl7MonitorDeviceCacheIsSourceIntelliBridgeTest (True,False,False) row 2"
                time="0.0008285"/>
      <testcase classname="Philips.PMP.Test.Auto.Hl7MonitorDeviceCacheTest"
                name="Hl7MonitorDeviceCacheIsSourceIntelliBridgeTest (True,True,True) row 3"
                time="0.0007899"/>
      <testcase classname="Philips.PMP.Test.Auto.EcgPacerTest"
                name="PacerReinsertionIsRelativeNotAbsoluteTest"
                time="0.0047823"/>
      <testcase classname="Philips.CareEvent.Test.CareAssignmentMgrTest"
                name="ShouldDisplayWarningMessage (False,False,False,False) row 1"
                time="0.0008357"/>
      <testcase classname="Philips.CareEvent.Test.CareAssignmentMgrTest"
                name="ShouldDisplayWarningMessage (True,False,False,False) row 2"
                time="0.0010883"/>
      <testcase classname="Philips.CareEvent.Test.CareAssignmentMgrTest"
                name="ShouldDisplayWarningMessage (False,True,False,False) row 3"
                time="0.0011813"/>
      <testcase classname="Philips.CareEvent.Test.CareAssignmentMgrTest"
                name="ShouldDisplayWarningMessage (False,False,True,False) row 4"
                time="0.0003363"/>
      <testcase classname="Philips.CareEvent.Test.CareAssignmentMgrTest"
                name="ShouldDisplayWarningMessage (False,True,True,False) row 5"
                time="0.0003945"/>
      <testcase classname="Philips.CareEvent.Test.CareAssignmentMgrTest"
                name="ShouldDisplayWarningMessage (True,False,True,False) row 6"
                time="0.0002986"/>
      <testcase classname="Philips.CareEvent.Test.CareAssignmentMgrTest"
                name="ShouldDisplayWarningMessage (True,True,False,False) row 7"
                time="0.0004197"/>
      <testcase classname="Philips.CareEvent.Test.CareAssignmentMgrTest"
                name="ShouldDisplayWarningMessage (True,True,True,True) row 8"
                time="0.0006344"/>
      <testcase classname="Philips.PMP.Test.Auto.GraphicTrendRendererTest"
                name="GraphicTrendRendererCreateAperiodicPlot (True) row 1"
                time="0.0566665"/>
      <testcase classname="Philips.PMP.Test.Auto.GraphicTrendRendererTest"
                name="GraphicTrendRendererCreateAperiodicPlot (False) row 2"
                time="0.0347599"/>
      <testcase classname="Philips.PMP.Test.Auto.ApcDiscoveryMgrTest"
                name="ApcDiscoveryMgrConvertFwRevisionToStringTest"
                time="0.0061292"/>
      <testcase classname="Philips.PMP.Test.Auto.PatientMgrMapTest"
                name="PatientMgrMapTryFindByBedName"
                time="0.001399"/>
      <testcase classname="Philips.PMP.Test.Auto.PhysioDataMgrHelperTest"
                name="GetAlertStripDataGetsPhysioDataFromPdsWhenAvailable"
                time="0.0066866"/>
      <testcase classname="Philips.PMP.Test.Auto.SurveillanceUiControlsTest"
                name="SurveillanceRespondsToControlClick (True,True) row 1"
                time="0.044824"/>
      <testcase classname="Philips.PMP.Test.Auto.SurveillanceUiControlsTest"
                name="SurveillanceRespondsToControlClick (True,False) row 2"
                time="0.041579"/>
      <testcase classname="Philips.PMP.Test.Auto.SurveillanceUiControlsTest"
                name="SurveillanceRespondsToControlClick (False,True) row 3"
                time="0.0420733"/>
      <testcase classname="Philips.CareEvent.Test.OruControlTests"
                name="CopyAndRevertToFactoryMustClearCache"
                time="0.0093349"/>
      <testcase classname="Philips.PMP.Test.Auto.PatientDataExportStorageTest"
                name="PdxNonEcgWavesWithDifferentPhysioIdsAreDifferent"
                time="0.0292114"/>
      <testcase classname="Philips.PMP.Test.Auto.PatientDataExportQualifierTest"
                name="PatientDataExportIsValidExportDesinationTest (,False) row 1"
                time="0.0484295"/>
      <testcase classname="Philips.PMP.Test.Auto.PatientDataExportQualifierTest"
                name="PatientDataExportIsValidExportDesinationTest (doesNotMatter,True) row 2"
                time="0.0027353"/>
      <testcase classname="Philips.PMP.Test.Auto.WaveDataTest"
                name="WaveIntervalsOfNoDataDegenerateTest"
                time="0.0004717"/>
      <testcase classname="Philips.PMP.Test.Auto.StitchTest"
                name="StitchReceivedDvcLogicTwoEntriesCombinationsTest (100,200,100,200) row 1"
                time="0.0060628"/>
      <testcase classname="Philips.PMP.Test.Auto.StitchTest"
                name="StitchReceivedDvcLogicTwoEntriesCombinationsTest (100,100,100,200) row 2"
                time="0.0051306"/>
      <testcase classname="Philips.PMP.Test.Auto.StitchTest"
                name="StitchReceivedDvcLogicTwoEntriesCombinationsTest (100,250,100,250) row 3"
                time="0.0054629"/>
      <testcase classname="Philips.PMP.Test.Auto.StitchTest"
                name="StitchReceivedDvcLogicTwoEntriesCombinationsTest (125,175,100,200) row 4"
                time="0.0074444"/>
      <testcase classname="Philips.PMP.Test.Auto.StitchTest"
                name="StitchReceivedDvcLogicTwoEntriesCombinationsTest (125,200,100,200) row 5"
                time="0.0059939"/>
      <testcase classname="Philips.PMP.Test.Auto.StitchTest"
                name="StitchReceivedDvcLogicTwoEntriesCombinationsTest (125,225,100,225) row 6"
                time="0.0067894"/>
      <testcase classname="Philips.PMP.Test.Auto.StitchTest"
                name="StitchReceivedDvcLogicTwoEntriesCombinationsTest (125,225,100,225) row 7"
                time="0.0056129"/>
      <testcase classname="Philips.PMP.Test.Auto.StitchTest"
                name="StitchReceivedDvcLogicTwoEntriesCombinationsTest (125,225,100,225) row 8"
                time="0.0058839"/>
      <testcase classname="Philips.PMP.Test.Auto.StitchTest"
                name="StitchReceivedDvcLogicTwoEntriesCombinationsTest (200,200,100,200) row 9"
                time="0.0074629"/>
      <testcase classname="Philips.PMP.Test.Auto.StitchTest"
                name="StitchReceivedDvcLogicTwoEntriesCombinationsTest (200,250,100,250) row 10"
                time="0.0051799"/>
      <testcase classname="Philips.PMP.Test.Auto.SpotCheckTrendConnectionTest"
                name="SpotCheckTrendOnAllValidationDataUploaded"
                time="0.0208265"/>
      <testcase classname="Philips.PMP.Test.Auto.PatientIdHelperTest"
                name="GetPatientDisplayIdWithUnit (True,True,True,Nobody Important) row 1"
                time="0.0079043"/>
      <testcase classname="Philips.PMP.Test.Auto.PatientIdHelperTest"
                name="GetPatientDisplayIdWithUnit (True,False,True,McTest, Lifetime123) row 2"
                time="0.0040758"/>
      <testcase classname="Philips.PMP.Test.Auto.PatientIdHelperTest"
                name="GetPatientDisplayIdWithUnit (False,False,True,Not Admitted) row 3"
                time="0.0033733"/>
      <testcase classname="Philips.PMP.Test.Auto.PatientIdHelperTest"
                name="GetPatientDisplayIdWithUnit (True,True,False,Visit456) row 4"
                time="0.0035901"/>
      <testcase classname="Philips.PMP.Test.Auto.PatientIdHelperTest"
                name="GetPatientDisplayIdWithUnit (True,False,False,Visit456) row 5"
                time="0.0033356"/>
      <testcase classname="Philips.PMP.Test.Auto.PatientIdHelperTest"
                name="GetPatientDisplayIdWithUnit (False,False,True,Not Admitted) row 6"
                time="0.003288"/>
      <testcase classname="Philips.PMP.Test.Auto.ComplexMetricHelperTest"
                name="ComplexMetricsShouldHaveEqualTimestampsInMetricValueAndDynamicAttribute"
                time="0.0066025"/>
      <testcase classname="Philips.PMP.Test.Auto.WaveGapFinderTest"
                name="IsIntervalAllGapsTest"
                time="0.0005755"/>
      <testcase classname="Philips.PMP.Test.Auto.EventCatalogProviderTest"
                name="DoesCategoryNameExistInAnyUnitShouldFindNewUnit"
                time="0.3609549"/>
      <testcase classname="Philips.PMP.Test.Auto.EventCatalogProviderTest"
                name="GetAllEventCategoriesByProduct"
                time="0.1309866"/>
      <testcase classname="Philips.PMP.Test.Auto.MedianCalculatorTest"
                name="UnitTextIdChangePropagationTest"
                time="0.005122"/>
      <testcase classname="Philips.PMP.Test.Auto.RetrospectiveDataEnumerationBridgeTest"
                name="GetEwsScoreInvalidDataTest (False,False) row 1"
                time="0.0025117"/>
      <testcase classname="Philips.PMP.Test.Auto.RetrospectiveDataEnumerationBridgeTest"
                name="GetEwsScoreInvalidDataTest (True,False) row 2"
                time="0.0012178"/>
      <testcase classname="Philips.PMP.Test.Auto.ScheduleTest"
                name="ScheduleLongIntervalDiscrete"
                time="0.0017736"/>
      <testcase classname="Philips.PMP.Test.Auto.MeasControlsHelperTest"
                name="ChangeToggleEntryTest"
                time="0.0109811"/>
      <testcase classname="Philips.IX.UserManagement.Test.ProveIdWebApiMessageTest"
                name="ModalitiesMessageTest"
                time="0.0114477"/>
      <testcase classname="Philips.PMP.Test.Auto.ZoneEntityControlTest"
                name="BedInfoContainsExpectedOptions"
                time="0.0387437"/>
      <testcase classname="Philips.CareEvent.Test.ProductProviderTests"
                name="StoreNewCustomProductShouldCreateDefaultCategories"
                time="0.167557"/>
      <testcase classname="Philips.PMP.Test.Auto.ApmDataConverterTest"
                name="ApmDataConverterIdentifiesHeartbeats (Apc,120) row 1"
                time="0.0005811"/>
      <testcase classname="Philips.PMP.Test.Auto.ApmDataConverterTest"
                name="ApmDataConverterIdentifiesHeartbeats (Ap,120) row 2"
                time="0.0004095"/>
      <testcase classname="Philips.PMP.Test.Auto.ApmDataConverterTest"
                name="ApmDataConverterIdentifiesHeartbeats (Host,60) row 3"
                time="0.0004137"/>
      <testcase classname="Philips.PMP.Test.Auto.ApmDataConverterTest"
                name="ApmDataConverterIdentifiesHeartbeats (Monitor,60) row 4"
                time="0.0003881"/>
      <testcase classname="Philips.PMP.Test.Auto.ApmDataConverterTest"
                name="ApmDataConverterIdentifiesHeartbeats (IntelliBridgeLanServer,60) row 5"
                time="0.0004128"/>
      <testcase classname="Philips.PMP.Test.Auto.ApmDataConverterTest"
                name="ApmDataConverterIdentifiesHeartbeats (IntelliBridgeSourceDevice,60) row 6"
                time="0.0003312"/>
      <testcase classname="Philips.PMP.Test.Auto.ApmDataConverterTest"
                name="ApmDataConverterIdentifiesHeartbeats (Acpmp,0) row 7"
                time="0.0003222"/>
      <testcase classname="Philips.PMP.Test.Auto.FreseniusMultiFiltrateTest"
                name="FreseniusMultifiltrateExtractMesssageTest"
                time="0.0019621"/>
      <testcase classname="Philips.PIC.CertificateSync.Test.CertificateSyncServiceTest"
                name="CertificateSyncServiceRestart"
                time="0.0021311"/>
      <testcase classname="Philips.PMP.Test.Auto.TimeMappingRepositoryTest"
                name="InitialPatientTimeIsNever0"
                time="0.0039009"/>
      <testcase classname="Philips.PMP.Test.Auto.NumericProviderTest"
                name="CheckStorageQuantum"
                time="0.0065389"/>
      <testcase classname="Philips.PMP.Test.Auto.PatientDataExportStorageTest"
                name="PdxServiceStartUsesServiceHostOptions"
                time="0.0281492"/>
      <testcase classname="Philips.PMP.Test.Auto.ApplicationMgrTest"
                name="AppMgrActivateApplicationTest (AdvancedReview,False) row 1"
                time="0.0665395"/>
      <testcase classname="Philips.PMP.Test.Auto.ApplicationMgrTest"
                name="AppMgrActivateApplicationTest (AdvancedReview,True) row 2"
                time="0.0010887"/>
      <testcase classname="Philips.PMP.Test.Auto.ApplicationMgrTest"
                name="AppMgrActivateApplicationTest (UnitSettings,False) row 3"
                time="0.0015786"/>
      <testcase classname="Philips.PMP.Test.Auto.ApplicationMgrTest"
                name="AppMgrActivateApplicationTest (UnitSettings,True) row 4"
                time="0.0010099"/>
      <testcase classname="Philips.PMP.Test.Auto.SystemControlHandlerTest"
                name="SystemControlHandlerCreateColumnTypeListTest"
                time="0.0065694"/>
      <testcase classname="Philips.PMP.Test.Auto.StitchTest"
                name="StitchNotableIntervalTest"
                time="0.0053814"/>
      <testcase classname="Philips.PMP.Test.Auto.DataTileHelperTest"
                name="GetLimitChangesTest"
                time="0.0178423"/>
      <testcase classname="Philips.PMP.Test.Auto.UnassignedPatientCacheTest"
                name="UnassignedPatientCacheGetPatientByBed"
                time="0.0024997"/>
      <testcase classname="Philips.PMP.Test.Auto.EventNotificationSettingControlTest"
                name="CopyShouldEnforceLicenseCheck (True,True) row 1"
                time="0.0306693"/>
      <testcase classname="Philips.PMP.Test.Auto.EventNotificationSettingControlTest"
                name="CopyShouldEnforceLicenseCheck (True,False) row 2"
                time="0.0242365"/>
      <testcase classname="Philips.PMP.Test.Auto.EventNotificationSettingControlTest"
                name="CopyShouldEnforceLicenseCheck (False,True) row 3"
                time="0.0280202"/>
      <testcase classname="Philips.PMP.Test.Auto.EventNotificationSettingControlTest"
                name="CopyShouldEnforceLicenseCheck (False,False) row 4"
                time="0.0234196"/>
      <testcase classname="Philips.PMP.Test.Auto.DataViewLayoutProviderTest"
                name="DataViewLayoutProvidersTest"
                time="0.0742348"/>
      <testcase classname="Philips.PMP.Test.Auto.HospiraDriverTest"
                name="HospiraDriverSerializationTest"
                time="0.0767512"/>
      <testcase classname="Philips.PMP.LicenseService.Test.UnitLicenseValidatorTest"
                name="ValidateBedEnablementMonitoredBeds"
                time="0.0019177"/>
      <testcase classname="Philips.PMP.Test.Auto.TimeServiceTest"
                name="ExternalTimeServerConfiguredVerifyFails2"
                time="0.0110841"/>
      <testcase classname="Philips.PMP.Test.Auto.ElectronicReportHelperTest"
                name="CheckPrintActionElectronicTest (True,True,True,True,True) row 1"
                time="0.0511508"/>
      <testcase classname="Philips.PMP.Test.Auto.ElectronicReportHelperTest"
                name="CheckPrintActionElectronicTest (True,True,True,False,False) row 2"
                time="0.0119022"/>
      <testcase classname="Philips.PMP.Test.Auto.ElectronicReportHelperTest"
                name="CheckPrintActionElectronicTest (True,True,False,True,True) row 3"
                time="0.0029701"/>
      <testcase classname="Philips.PMP.Test.Auto.ElectronicReportHelperTest"
                name="CheckPrintActionElectronicTest (True,False,True,True,True) row 4"
                time="0.0029034"/>
      <testcase classname="Philips.PMP.Test.Auto.ElectronicReportHelperTest"
                name="CheckPrintActionElectronicTest (True,False,False,True,False) row 5"
                time="0.0029532"/>
      <testcase classname="Philips.PMP.Test.Auto.ElectronicReportHelperTest"
                name="CheckPrintActionElectronicTest (False,True,True,True,False) row 6"
                time="0.0024809"/>
      <testcase classname="Philips.IX.UserManagement.Test.ProveIdWebApiMessageTest"
                name="AuthenticatePinTestSucceed"
                time="0.004073"/>
      <testcase classname="Philips.PMP.Test.Auto.MobileDataConverterTest"
                name="MobileDataConverterConvertAlert"
                time="0.001335"/>
      <testcase classname="Philips.PMP.Test.Auto.QuickReviewControlTest"
                name="GetMyAdmittedPatientMultiInstitutionDisplayNameTest"
                time="0.3952018"/>
      <testcase classname="Philips.PMP.Test.Auto.MyLicenseTest"
                name="MyLicensePropogatesChanges"
                time="0.0036585"/>
      <testcase classname="Philips.PMP.Test.Auto.DataTileHelperTest"
                name="DataTileHelperGenerateSpotCheckEntriesTest (194954) row 1"
                time="0.0733405"/>
      <testcase classname="Philips.PMP.Test.Auto.DataTileHelperTest"
                name="DataTileHelperGenerateSpotCheckEntriesTest (193134) row 2"
                time="0.0121238"/>
      <testcase classname="Philips.PMP.Test.Auto.DataTileHelperTest"
                name="DataTileHelperGenerateSpotCheckEntriesTest (195057) row 3"
                time="0.008805"/>
      <testcase classname="Philips.PMP.Test.Auto.DataTileHelperTest"
                name="DataTileHelperGenerateSpotCheckEntriesTest (195135) row 4"
                time="0.0084361"/>
      <testcase classname="Philips.PMP.Test.Auto.DataTileHelperTest"
                name="DataTileHelperGenerateSpotCheckEntriesTest (195058) row 5"
                time="0.0110126"/>
      <testcase classname="Philips.PMP.Test.Auto.DataTileHelperTest"
                name="DataTileHelperGenerateSpotCheckEntriesTest (195136) row 6"
                time="0.0087774"/>
      <testcase classname="Philips.PMP.Test.Auto.PhysioDataPurgeTest"
                name="PhysioProviderGetOrphanStayTest"
                time="0.0448549"/>
      <testcase classname="Philips.PMP.Test.Auto.PpisMgrTest"
                name="PpisMgrOnTopologyChangeTest (False,False,0) row 1"
                time="0.0074092"/>
      <testcase classname="Philips.PMP.Test.Auto.PpisMgrTest"
                name="PpisMgrOnTopologyChangeTest (True,False,0) row 2"
                time="0.0054487"/>
      <testcase classname="Philips.PMP.Test.Auto.PpisMgrTest"
                name="PpisMgrOnTopologyChangeTest (True,True,1) row 3"
                time="0.0064535"/>
      <testcase classname="Philips.PIC.SharedAssignment.Test.SharedAssignmentMgrTest"
                name="GetSharedAssignmentUriAndPort"
                time="0.0054885"/>
      <testcase classname="Philips.PMP.Test.Auto.InstitutionTreeControlTest"
                name="InstitutionTreeControlTryDisplayUnassignedBedsInLink (True,False,True,True,True,1) row 1"
                time="0.0112776"/>
      <testcase classname="Philips.PMP.Test.Auto.InstitutionTreeControlTest"
                name="InstitutionTreeControlTryDisplayUnassignedBedsInLink (True,False,True,True,False,0) row 2"
                time="0.0084635"/>
      <testcase classname="Philips.PMP.Test.Auto.InstitutionTreeControlTest"
                name="InstitutionTreeControlTryDisplayUnassignedBedsInLink (True,False,True,False,True,0) row 3"
                time="0.0087158"/>
      <testcase classname="Philips.PMP.Test.Auto.InstitutionTreeControlTest"
                name="InstitutionTreeControlTryDisplayUnassignedBedsInLink (True,True,True,True,True,0) row 4"
                time="0.0088511"/>
      <testcase classname="Philips.PMP.Test.Auto.InstitutionTreeControlTest"
                name="InstitutionTreeControlTryDisplayUnassignedBedsInLink (True,True,False,True,True,0) row 5"
                time="0.0088069"/>
      <testcase classname="Philips.PMP.Test.Auto.InstitutionTreeControlTest"
                name="InstitutionTreeControlTryDisplayUnassignedBedsInLink (True,False,False,True,True,0) row 6"
                time="0.0174614"/>
      <testcase classname="Philips.PMP.Test.Auto.InstitutionTreeControlTest"
                name="InstitutionTreeControlTryDisplayUnassignedBedsInLink (False,True,True,True,True,0) row 7"
                time="0.0353989"/>
      <testcase classname="Philips.PMP.Test.Auto.BBraunStateMachineTest"
                name="StateMemGetDelayInitTest"
                time="0.0080074"/>
      <testcase classname="Philips.PMP.Test.Auto.BootConfigurationDataEditorTest"
                name="BcdEditorDoesNotSetRebootFlagIfNoChangeRequired"
                time="0.0012004"/>
      <testcase classname="Philips.PMP.Test.Auto.BedTransferMgrTest"
                name="BedTransferMgrCanGetZoneUris"
                time="0.0032459"/>
      <testcase classname="Philips.PMP.Test.Auto.PatientDataExportFileTest"
                name="PdxCorrectDateDirectoryCountIsExported (11/2/2020 10:21:59 PM -05:00,4) row 1"
                time="0.0705755"/>
      <testcase classname="Philips.PMP.Test.Auto.PatientDataExportFileTest"
                name="PdxCorrectDateDirectoryCountIsExported (11/2/2020 11:21:59 PM -05:00,3) row 2"
                time="0.068312"/>
      <testcase classname="Philips.PMP.Test.Auto.PatientDataExportFileTest"
                name="PdxCorrectDateDirectoryCountIsExported (03/14/2021 01:21:59 AM -05:00,4) row 3"
                time="0.0711472"/>
      <testcase classname="Philips.PMP.Test.Auto.PatientDataExportFileTest"
                name="PdxCorrectDateDirectoryCountIsExported (03/14/2021 02:21:59 AM -05:00,4) row 4"
                time="0.1017168"/>
      <testcase classname="Philips.PMP.Test.Auto.Hl7OruEncoderTest"
                name="IheMdsIdAreCorrectlyOrderedWhenPdsSendsItOutOfOrderTest"
                time="0.0036167"/>
      <testcase classname="Philips.CareEvent.Test.MobileDeviceHelperTests"
                name="IsLedSignTest"
                time="0.0011454"/>
      <testcase classname="Philips.PMP.Test.Auto.NumericProviderTest"
                name="NumericProviderGetAvailablePhysioData60Sec"
                time="0.3024974"/>
      <testcase classname="Philips.PMP.Test.Auto.PatientProviderTest"
                name="PatientChangeBedTest"
                time="0.3055973"/>
      <testcase classname="Philips.PMP.Test.Auto.PpisMgrTest"
                name="PpisMgrSearchForHisPatientMatchTest (False,False,0,False,False) row 1"
                time="0.0045485"/>
      <testcase classname="Philips.PMP.Test.Auto.PpisMgrTest"
                name="PpisMgrSearchForHisPatientMatchTest (True,False,0,False,False) row 2"
                time="0.0044745"/>
      <testcase classname="Philips.PMP.Test.Auto.PpisMgrTest"
                name="PpisMgrSearchForHisPatientMatchTest (True,True,0,False,False) row 3"
                time="0.0043847"/>
      <testcase classname="Philips.PMP.Test.Auto.PpisMgrTest"
                name="PpisMgrSearchForHisPatientMatchTest (True,True,1,False,False) row 4"
                time="0.0402865"/>
      <testcase classname="Philips.PMP.Test.Auto.PpisMgrTest"
                name="PpisMgrSearchForHisPatientMatchTest (True,True,2,False,False) row 5"
                time="0.0049925"/>
      <testcase classname="Philips.PMP.Test.Auto.PpisMgrTest"
                name="PpisMgrSearchForHisPatientMatchTest (True,True,2,True,False) row 6"
                time="0.0042493"/>
      <testcase classname="Philips.PMP.Test.Auto.PpisMgrTest"
                name="PpisMgrSearchForHisPatientMatchTest (True,True,1,True,True) row 7"
                time="0.0365853"/>
      <testcase classname="Philips.PMP.Test.Auto.DbConnectionMgrTest"
                name="DbConnectionMgrGetNlbTest"
                time="0.0130082"/>
      <testcase classname="Philips.PMP.Test.Auto.IheDriverSecureCommTest"
                name="IHEConnectionSecureAuthFailTest"
                time="0.0036075"/>
      <testcase classname="Philips.PMP.Test.Auto.AlertNotificationHelperTest"
                name="CopyAndUpdateEventDetailsWithPreviousEvent (False) row 1"
                time="0.0051211"/>
      <testcase classname="Philips.PMP.Test.Auto.AlertNotificationHelperTest"
                name="CopyAndUpdateEventDetailsWithPreviousEvent (True) row 2"
                time="0.0005608"/>
      <testcase classname="Philips.CareEvent.Test.ServerConfigurationFormTest"
                name="ServerConfigurationFormOKButton"
                time="0.0194296"/>
      <testcase classname="Philips.PMP.Test.Auto.AbsoluteTimeComHelperTest"
                name="AbsoluteTimeBuildAbsoluteTimeTest"
                time="0.0030377"/>
      <testcase classname="Philips.PMP.Test.Auto.EfficiaInstrumentTest"
                name="EfficiaInstrumentTempUomIsParsed (Celsius,DEGC) row 1"
                time="0.0025777"/>
      <testcase classname="Philips.PMP.Test.Auto.EfficiaInstrumentTest"
                name="EfficiaInstrumentTempUomIsParsed (Fahrenheit,FAHR) row 2"
                time="0.001726"/>
      <testcase classname="Philips.PMP.Test.Auto.EfficiaInstrumentTest"
                name="EfficiaInstrumentTempUomIsParsed (Invalid,DEGC) row 3"
                time="0.001664"/>
      <testcase classname="Philips.PMP.Test.Auto.Hl7OruEncoderTest"
                name="CalcValuesWithZeroPhysioIdDontOutputHL7Test"
                time="0.0197451"/>
      <testcase classname="Philips.CareEvent.Test.LocationAliasManageControlTest"
                name="LocationAliasManageControlOnListViewMouseUp (1,1,False) row 1"
                time="0.0308901"/>
      <testcase classname="Philips.CareEvent.Test.LocationAliasManageControlTest"
                name="LocationAliasManageControlOnListViewMouseUp (437,35,False) row 2"
                time="0.0294919"/>
      <testcase classname="Philips.CareEvent.Test.LocationAliasManageControlTest"
                name="LocationAliasManageControlOnListViewMouseUp (337,35,True) row 3"
                time="0.0379943"/>
      <testcase classname="Philips.CareEvent.Test.LocationAliasManageControlTest"
                name="LocationAliasManageControlOnListViewMouseUp (337,135,False) row 4"
                time="0.031795"/>
      <testcase classname="Philips.iX.DataBridge.Common.Test.TestHttpClientTest"
                name="HttpClientCreatesHttpContext"
                time="0.1820517"/>
      <testcase classname="Philips.PMP.Test.Auto.DataValidationProviderTest"
                name="StoreDoesNotOverwriteEmrSuccessState"
                time="0.0059073"/>
      <testcase classname="Philips.PMP.Test.Auto.EventRolesProviderTest"
                name="LoadCacheForAllUnits"
                time="0.2560637"/>
      <testcase classname="Philips.PMP.Test.Auto.MobilePatientConverterTest"
                name="MobilePatientScreenNoteTest"
                time="0.0010154"/>
      <testcase classname="Philips.PMP.Test.Auto.DbSyncServiceTest"
                name="RequestArchiveLoadTest"
                time="0.0124184"/>
      <testcase classname="Philips.PMP.Test.Auto.MasterHostSelectionClientConfigTest"
                name="MasterHostSelectionClientConfigChangesObjectReference"
                time="0.0005912"/>
      <testcase classname="Philips.PMP.Test.Auto.Hl7MessageSenderTest"
                name="Hl7SendToClientConnectionSuccessTest"
                time="0.0063855"/>
      <testcase classname="Philips.PIC.WebBridge.Test.AlertCreatorTest"
                name="WillCreateAlertTest"
                time="0.0081087"/>
      <testcase classname="Philips.CareEvent.Test.ProductProviderTests"
                name="StoreNewCustomProductShouldReturnSuccess"
                time="0.0316031"/>
      <testcase classname="Philips.PMP.Test.Auto.Hl7OruEncoderTest"
                name="SpsCustomLabelExistsInComplexIheHl7Output"
                time="0.0018056"/>
      <testcase classname="Philips.PMP.Test.Auto.AlarmReflectionServiceTest"
                name="SubscribeToEventsTest (False,1) row 1"
                time="0.0049713"/>
      <testcase classname="Philips.PMP.Test.Auto.AlarmReflectionServiceTest"
                name="SubscribeToEventsTest (True,0) row 2"
                time="0.0009895"/>
      <testcase classname="Philips.PMP.Test.Auto.EventCategoryFilterProviderTest"
                name="StoreUnitEventCategoryFilter"
                time="0.2219104"/>
      <testcase classname="Philips.PMP.Test.Auto.IntellibridgeDeviceDataTest"
                name="IntelliBridgeHelpVersionTest"
                time="0.0915917"/>
      <testcase classname="Philips.PMP.Test.Auto.PatientSelectionHelperTest"
                name="PortalServiceSearchTest"
                time="0.0668816"/>
      <testcase classname="Philips.PMP.Test.Auto.Hl7OruEncoderTest"
                name="BuildIheDeviceStateForAlarmsTest"
                time="0.0005814"/>
      <testcase classname="Philips.PMP.Test.Auto.IntelliBridgeProviderTest"
                name="IntelliBridgeProviderDriverUpdateTest"
                time="0.2974119"/>
      <testcase classname="Philips.PMP.Test.Auto.LicenseViewerXmlProviderTest"
                name="ProfileXmlProviderLoad"
                time="0.0101892"/>
      <testcase classname="Philips.PMP.Test.Auto.PhysioDataStorageDuplexMgrTest"
                name="PhysioDataStorageServiceCallbackMgrSwallowsExceptions"
                time="0.0033806"/>
      <testcase classname="Philips.PMP.Test.Auto.EntityLicenseExtensionsTest"
                name="EntityLicenseExtensionsIsLocalConfigDbServer"
                time="0.0011581"/>
      <testcase classname="Philips.PMP.Test.Auto.AcknowledgeAlarmsRequestTest"
                name="ParseAcknowledgeRequestInfoObjects"
                time="0.0050957"/>
      <testcase classname="Philips.PMP.Test.Auto.MdilTimeDistributorTest"
                name="MdilTimeDistributorSendTimeToAssignedDevice"
                time="0.0022636"/>
      <testcase classname="Philips.PMP.Test.Auto.DataTileHelperTest"
                name="DataTileHelperGetMeasurementsTrendEndTest"
                time="0.0058074"/>
      <testcase classname="Philips.PMP.Test.Auto.EventCatalogProviderTest"
                name="GetEventCategoriesListForEnabledProductsShouldFindExtremeBrady"
                time="0.2099704"/>
      <testcase classname="Philips.PMP.Test.Auto.PatientDataExportTierTwoTest"
                name="EachFaultyTierTwoCallsReportStatus"
                time="0.0570797"/>
      <testcase classname="Philips.PMP.Test.Auto.DataTileHelperTest"
                name="DataTileHelperGetXPosTest"
                time="0.0065523"/>
      <testcase classname="Philips.PMP.Test.Auto.PhysioDataStorageDuplexMgrTest"
                name="PhysioDataStorageDuplexMgrDisposeTest"
                time="0.0076051"/>
      <testcase classname="Philips.PMP.Test.Auto.ExportLogsHelperTest"
                name="ExportLogsHelperGetDiagnosticLogDataTest (,,,) row 1"
                time="0.0282056"/>
      <testcase classname="Philips.PMP.Test.Auto.ExportLogsHelperTest"
                name="ExportLogsHelperGetDiagnosticLogDataTest (u$er,s3cr3t,Success.,) row 2"
                time="0.0132449"/>
      <testcase classname="Philips.PMP.Test.Auto.ExportLogsHelperTest"
                name="ExportLogsHelperGetDiagnosticLogDataTest (u$er,s3cr3t,Error.,BCP export error\:(\r*\n)\&#34;bcp\.exe\&#34; \&#34;EXEC \[Philips.PIC.Diagnostics\].dbo.Logging_GetByTime '(\d|-|\s|:|\w)+', '(\d|-|\s|:|\w)+'\&#34; queryout \&#34;(\w|:|\\|\/|\.|\s)+\&#34; -n -S server1\s+-U \&#34;u\$er\&#34; -P \*\*\*\*\*\*\*\*. Error.) row 3"
                time="0.0042256"/>
      <testcase classname="Philips.PMP.Test.Auto.WatchedProcessTest"
                name="WatchedProcessCanStartProcessWithoutWindow (True) row 1"
                time="0.0056434"/>
      <testcase classname="Philips.PMP.Test.Auto.WatchedProcessTest"
                name="WatchedProcessCanStartProcessWithoutWindow (False) row 2"
                time="0.0072364"/>
      <testcase classname="Philips.PMP.Test.Auto.BaxterPrismaxTest"
                name="BaxterPrismaxExtractMessageTest"
                time="0.0014589"/>
      <testcase classname="Philips.PMP.Test.Auto.Hl7TcpServerConnectionTest"
                name="Hl7TcpServerConnectionNewConnectionSecure"
                time="0.0126508"/>
      <testcase classname="Philips.PMP.Test.Auto.IntelliBridgeConnectionSettingFormTest"
                name="ConnectionSettingFormOnFormClosingTest (True,False,1,CapsuleMDIP) row 1"
                time="0.0386957"/>
      <testcase classname="Philips.PMP.Test.Auto.IntelliBridgeConnectionSettingFormTest"
                name="ConnectionSettingFormOnFormClosingTest (True,True,0,CapsuleMDIP) row 2"
                time="0.0278232"/>
      <testcase classname="Philips.PMP.Test.Auto.IntelliBridgeConnectionSettingFormTest"
                name="ConnectionSettingFormOnFormClosingTest (False,False,1,CapsuleMDIP) row 3"
                time="0.0259189"/>
      <testcase classname="Philips.PMP.Test.Auto.IntelliBridgeConnectionSettingFormTest"
                name="ConnectionSettingFormOnFormClosingTest (True,False,1,BBraunDoselinkPlus) row 4"
                time="0.0226308"/>
      <testcase classname="Philips.PMP.Test.Auto.IntelliBridgeConnectionSettingFormTest"
                name="ConnectionSettingFormOnFormClosingTest (True,True,0,BBraunDoselinkPlus) row 5"
                time="0.0300125"/>
      <testcase classname="Philips.PMP.Test.Auto.IntelliBridgeConnectionSettingFormTest"
                name="ConnectionSettingFormOnFormClosingTest (False,False,1,BBraunDoselinkPlus) row 6"
                time="0.0241842"/>
      <testcase classname="Philips.PMP.Test.Auto.DeviceProviderTest"
                name="GetApAndApcDevicesTest"
                time="0.3128995"/>
      <testcase classname="Philips.PMP.Test.Auto.IntelliBridgeLanConfigurationControlTest"
                name="ValidateIheHostNameTest (161.92.111.16,True) row 1"
                time="0.0841232"/>
      <testcase classname="Philips.PMP.Test.Auto.IntelliBridgeLanConfigurationControlTest"
                name="ValidateIheHostNameTest (172.31.1.1,True) row 2"
                time="0.0744376"/>
      <testcase classname="Philips.PMP.Test.Auto.IntelliBridgeLanConfigurationControlTest"
                name="ValidateIheHostNameTest (fakehostname,False) row 3"
                time="2.3415912"/>
      <testcase classname="Philips.PMP.Test.Auto.RepositoryTest"
                name="AlarmsAreGivenToClientsAfterDischargeTest"
                time="0.2988718"/>
      <testcase classname="Philips.PMP.Test.Auto.SurveillanceHelperTest"
                name="GetAvailableLeadsTest"
                time="0.0208023"/>
      <testcase classname="Philips.PMP.Test.Auto.PatientFieldsHelperTest"
                name="PatientFieldsHelperSavePatientFieldsSettings"
                time="0.0011115"/>
      <testcase classname="Philips.CareEvent.Test.EventMgrTest"
                name="NotifyPatientUpdatesToCaregiversShouldExitIfInstitutionIsNull"
                time="0.0042337"/>
      <testcase classname="Philips.PMP.Test.Auto.DisplayHelperTest"
                name="CreateDisplayLayoutTest"
                time="0.1655686"/>
      <testcase classname="Philips.PIC.CertificateSync.Test.CertificateSyncServiceTest"
                name="CertificateSyncServiceStop"
                time="0.0063057"/>
      <testcase classname="Philips.PMP.Test.Auto.ProtocolWatchTest"
                name="ProtocolWatchMgrUpdateIpmRunningProtocolsTest (False,0) row 1"
                time="0.0055624"/>
      <testcase classname="Philips.PMP.Test.Auto.ProtocolWatchTest"
                name="ProtocolWatchMgrUpdateIpmRunningProtocolsTest (True,1) row 2"
                time="0.00272"/>
      <testcase classname="Philips.PMP.Test.Auto.EnterpriseProviderTest"
                name="DuplicateUnitAndBedTest"
                time="0.3196593"/>
      <testcase classname="Philips.RootMain.Test.CertificateInstallMgrTest"
                name="CertificateNotInDb"
                time="0.0057991"/>
      <testcase classname="Philips.PMP.Test.Auto.CopyHelperTest"
                name="DeepCopyTest"
                time="0.0039323"/>
      <testcase classname="Philips.PMP.Test.Auto.BedTransferTopologyMgrTest"
                name="BedTransferTopologyMgrCanGetUris"
                time="0.0039816"/>
      <testcase classname="Philips.PMP.Test.Auto.IxConfigFileProviderTest"
                name="GetConfigurationServerFromRightConfigFile"
                time="0.0050718"/>
      <testcase classname="Philips.PMP.Test.Auto.MeasControlsHelperTest"
                name="GetValueControlChoicesTest"
                time="0.0019801"/>
      <testcase classname="Philips.PMP.Test.Auto.LogonControlPasswordEditControlTest"
                name="PasswordEditTest (OG_Password,badguess,a,a,True,IncorrectOldPassword) row 1"
                time="0.0261923"/>
      <testcase classname="Philips.PMP.Test.Auto.LogonControlPasswordEditControlTest"
                name="PasswordEditTest (OG_Password,OG_Password,OG_Password,OG_Password,True,PasswordMustChange) row 2"
                time="0.0158504"/>
      <testcase classname="Philips.PMP.Test.Auto.LogonControlPasswordEditControlTest"
                name="PasswordEditTest (OG_Password,OG_Password,invalid,invalid,True,PasswordInvalid) row 3"
                time="0.0240372"/>
      <testcase classname="Philips.PMP.Test.Auto.LogonControlPasswordEditControlTest"
                name="PasswordEditTest (OG_Password,OG_Password,Val1dP@ssword,notmatching,True,PasswordsMustMatch) row 4"
                time="0.0243779"/>
      <testcase classname="Philips.PMP.Test.Auto.LogonControlPasswordEditControlTest"
                name="PasswordEditTest (OG_Password,OG_Password,Val1dP@ssword,Val1dP@ssword,True,Valid) row 5"
                time="0.0247474"/>
      <testcase classname="Philips.PMP.Test.Auto.LogonControlPasswordEditControlTest"
                name="PasswordEditTest (OG_Password,badguess,Val1dP@ssword,Val1dP@ssword,False,Valid) row 6"
                time="0.0286525"/>
      <testcase classname="Philips.PMP.Test.Auto.LogonControlPasswordEditControlTest"
                name="PasswordEditTest (OG_Password,badguess,invalid,invalid,False,PasswordInvalid) row 7"
                time="0.0191354"/>
      <testcase classname="Philips.PMP.Test.Auto.LogonControlPasswordEditControlTest"
                name="PasswordEditTest (OG_Password,badguess,Val1dP@ssword,notmatching,False,PasswordsMustMatch) row 8"
                time="0.0231587"/>
      <testcase classname="Philips.PMP.Test.Auto.IntelliBridgeLanDeviceAssignmentControlTest"
                name="PopulateDataTest"
                time="0.033036"/>
      <testcase classname="Philips.PMP.Test.Auto.DbFifoTest"
                name="FifoStoreConfig"
                time="0.0076491"/>
      <testcase classname="Philips.PMP.Test.Auto.DataTileHelperTest"
                name="DataTileHelperGetMeasurementsTrendStartTest"
                time="0.0062689"/>
      <testcase classname="Philips.PMP.Test.Auto.EntityLicenseTest"
                name="EntityLicenseGetFeatureOptionValue"
                time="0.0011282"/>
      <testcase classname="Philips.PMP.Test.Auto.DataTileHelperTest"
                name="CompressedWaveRecordingCantExceed10MinutesTest"
                time="0.0128882"/>
      <testcase classname="Philips.PMP.Test.Auto.WaveFrequencyConverterTest"
                name="WaveConvertBadLength (4,True,) row 1"
                time="0.0005125"/>
      <testcase classname="Philips.PMP.Test.Auto.WaveFrequencyConverterTest"
                name="WaveConvertBadLength (5,False,Wave Converter: Error converting wave data to 125 because length 5 was not a correct multiple of 4.) row 2"
                time="0.0003431"/>
      <testcase classname="Philips.PMP.Test.Auto.WaveFrequencyConverterTest"
                name="WaveConvertBadLength (6,False,Wave Converter: Error converting wave data to 125 because length 6 was not a correct multiple of 4.) row 3"
                time="0.0003069"/>
      <testcase classname="Philips.PMP.Test.Auto.WaveFrequencyConverterTest"
                name="WaveConvertBadLength (7,False,Wave Converter: Error converting wave data to 125 because length 7 was not a correct multiple of 4.) row 4"
                time="0.0003551"/>
      <testcase classname="Philips.PMP.Test.Auto.WaveFrequencyConverterTest"
                name="WaveConvertBadLength (8,True,) row 5"
                time="0.0002819"/>
      <testcase classname="Philips.PMP.Test.Auto.EventLogShutdownAnalyzerTest"
                name="DetectLastShutdownWasWatchdogProcessRecovery"
                time="0.0011932"/>
      <testcase classname="Philips.PMP.Test.Auto.UnassignedPatientCacheTest"
                name="PatientUpdatesShouldUpdateUnassignedCache (Admit) row 1"
                time="0.0144339"/>
      <testcase classname="Philips.PMP.Test.Auto.UnassignedPatientCacheTest"
                name="PatientUpdatesShouldUpdateUnassignedCache (Discharge) row 2"
                time="0.0012703"/>
      <testcase classname="Philips.PMP.Test.Auto.SignalSourceMgrTest"
                name="SignalSourceCheckEcgSource"
                time="0.038335"/>
      <testcase classname="Philips.PMP.Test.Auto.PatientAdtActionFinderTest"
                name="PatientAdtActionFinderTryGetMatchingPatientsReAdmit"
                time="0.0357354"/>
      <testcase classname="Philips.IX.UserManagement.Test.UserContextTest"
                name="AuthenticateThenLoginTest (True) row 1"
                time="0.0040114"/>
      <testcase classname="Philips.IX.UserManagement.Test.UserContextTest"
                name="AuthenticateThenLoginTest (False) row 2"
                time="0.0010101"/>
      <testcase classname="Philips.PMP.Test.Auto.HighAvailabilityQualifierTest"
                name="HighAvailabilityQualifierChecksForSubjectAlternateName (False,False) row 1"
                time="0.0033235"/>
      <testcase classname="Philips.PMP.Test.Auto.HighAvailabilityQualifierTest"
                name="HighAvailabilityQualifierChecksForSubjectAlternateName (True,True) row 2"
                time="0.0014662"/>
      <testcase classname="Philips.PMP.Test.Auto.PatientServiceTest"
                name="PatientServiceStoreLineFrequencyTest (False,False) row 1"
                time="0.014567"/>
      <testcase classname="Philips.PMP.Test.Auto.PatientServiceTest"
                name="PatientServiceStoreLineFrequencyTest (True,False) row 2"
                time="0.0139615"/>
      <testcase classname="Philips.PMP.Test.Auto.PatientServiceTest"
                name="PatientServiceStoreLineFrequencyTest (True,True) row 3"
                time="0.0112979"/>
      <testcase classname="Philips.PMP.Test.Auto.IntelliBridgeDeviceManagerTest"
                name="IntelliBridgeDeviceMgrUpdateAlertsTest"
                time="0.0446139"/>
      <testcase classname="Philips.PMP.Test.Auto.PatientServiceHelperTest"
                name="PatientServiceHelperCorrectBodyMeasuresTest (Centimeters,Kilograms,False,False) row 1"
                time="0.0017591"/>
      <testcase classname="Philips.PMP.Test.Auto.PatientServiceHelperTest"
                name="PatientServiceHelperCorrectBodyMeasuresTest (Centimeters,Pounds,False,True) row 2"
                time="0.0007249"/>
      <testcase classname="Philips.PMP.Test.Auto.PatientServiceHelperTest"
                name="PatientServiceHelperCorrectBodyMeasuresTest (Inches,Kilograms,True,False) row 3"
                time="0.0007116"/>
      <testcase classname="Philips.PMP.Test.Auto.PatientServiceHelperTest"
                name="PatientServiceHelperCorrectBodyMeasuresTest (Inches,Pounds,True,True) row 4"
                time="0.0006775"/>
      <testcase classname="Philips.PMP.Test.Auto.TeleMdilComConverterTest"
                name="TeleMdilComConverterCanConvertEmptySrrChannelMaskListCom"
                time="0.0026798"/>
      <testcase classname="Philips.PMP.Test.Auto.MobileEnumerationConverterTest"
                name="MobileEnumerationConverterConvertMultipleDynamicAttributes"
                time="0.0009958"/>
      <testcase classname="Philips.PMP.Test.Auto.LabQualifierTest"
                name="LabQualifierVerifyShouldBeSuccess"
                time="0.0081603"/>
      <testcase classname="Philips.PMP.Test.Auto.DatabaseTypeConverterTest"
                name="DatabaseTypeConverterToSqlTypeTest (BigInt) row 1"
                time="0.0007448"/>
      <testcase classname="Philips.PMP.Test.Auto.DatabaseTypeConverterTest"
                name="DatabaseTypeConverterToSqlTypeTest (Int) row 2"
                time="0.0005573"/>
      <testcase classname="Philips.PMP.Test.Auto.DatabaseTypeConverterTest"
                name="DatabaseTypeConverterToSqlTypeTest (Structured) row 3"
                time="0.0005538"/>
      <testcase classname="Philips.PMP.Test.Auto.ArcomedStateMachineTest"
                name="IntelliBridgeDriverArcomedProcessMessageTest"
                time="0.9222051"/>
      <testcase classname="Philips.PMP.Test.Auto.PatientServiceTest"
                name="PatientServiceStartOnlyRemovesPatient (True,1) row 1"
                time="0.117212"/>
      <testcase classname="Philips.PMP.Test.Auto.PatientServiceTest"
                name="PatientServiceStartOnlyRemovesPatient (False,0) row 2"
                time="0.0020178"/>
      <testcase classname="Philips.PMP.Test.Auto.SectorAssignmentControlTest"
                name="SectorAssignmentControlSave"
                time="0.1188123"/>
      <testcase classname="Philips.PMP.Test.Auto.MasterHostSelectionServiceTest"
                name="MasterHostSelectionServiceCanSetSubscriberElectability (True) row 1"
                time="0.2570206"/>
      <testcase classname="Philips.PMP.Test.Auto.MasterHostSelectionServiceTest"
                name="MasterHostSelectionServiceCanSetSubscriberElectability (False) row 2"
                time="0.003663"/>
      <testcase classname="Philips.CareEvent.Test.MobileRequestMgrTests"
                name="AuthenticationWithPasswordRequiredTest (Success,True,True,True,False) row 1"
                time="0.0198254"/>
      <testcase classname="Philips.CareEvent.Test.MobileRequestMgrTests"
                name="AuthenticationWithPasswordRequiredTest (InvalidCredentials,False,True,True,False) row 2"
                time="0.0218406"/>
      <testcase classname="Philips.CareEvent.Test.MobileRequestMgrTests"
                name="AuthenticationWithPasswordRequiredTest (InvalidCredentials,False,True,True,True) row 3"
                time="0.0182842"/>
      <testcase classname="Philips.CareEvent.Test.MobileRequestMgrTests"
                name="AuthenticationWithPasswordRequiredTest (Success,False,False,True,False) row 4"
                time="0.0100832"/>
      <testcase classname="Philips.CareEvent.Test.MobileRequestMgrTests"
                name="AuthenticationWithPasswordRequiredTest (InvalidUserId,False,False,False,False) row 5"
                time="0.0097937"/>
      <testcase classname="Philips.PMP.Test.Auto.PatientAssignmentControlTest"
                name="PatientAssignmentControlOnChangeBedLabelClicked"
                time="0.0631628"/>
      <testcase classname="Philips.PMP.Test.Auto.CaregiverAssignmentProviderTest"
                name="StoreCaregiversShouldReturnAffectedUnits (2,False) row 1"
                time="0.0783286"/>
      <testcase classname="Philips.PMP.Test.Auto.CaregiverAssignmentProviderTest"
                name="StoreCaregiversShouldReturnAffectedUnits (1,True) row 2"
                time="0.0769745"/>
      <testcase classname="Philips.PMP.Test.Auto.DemoNicQualifierTest"
                name="DemoNicQualifierCorrect (Dhcp,False,172.31.4.1,255.255.248.0,False) row 1"
                time="0.0322721"/>
      <testcase classname="Philips.PMP.Test.Auto.DemoNicQualifierTest"
                name="DemoNicQualifierCorrect (Dhcp,False,10.0.0.4,255.255.248.0,True) row 2"
                time="0.0442178"/>
      <testcase classname="Philips.PMP.Test.Auto.DemoNicQualifierTest"
                name="DemoNicQualifierCorrect (Dhcp,False,172.31.4.1,255.255.254.0,True) row 3"
                time="0.0016332"/>
      <testcase classname="Philips.PMP.Test.Auto.DemoNicQualifierTest"
                name="DemoNicQualifierCorrect (Dhcp,False,10.0.0.4,255.255.254.0,True) row 4"
                time="0.001507"/>
      <testcase classname="Philips.PMP.Test.Auto.DemoNicQualifierTest"
                name="DemoNicQualifierCorrect (Dhcp,True,172.31.4.1,255.255.248.0,False) row 5"
                time="0.0014709"/>
      <testcase classname="Philips.PMP.Test.Auto.DemoNicQualifierTest"
                name="DemoNicQualifierCorrect (Dhcp,True,10.0.0.4,255.255.248.0,True) row 6"
                time="0.0015358"/>
      <testcase classname="Philips.PMP.Test.Auto.DemoNicQualifierTest"
                name="DemoNicQualifierCorrect (Dhcp,True,172.31.4.1,255.255.254.0,True) row 7"
                time="0.0014737"/>
      <testcase classname="Philips.PMP.Test.Auto.DemoNicQualifierTest"
                name="DemoNicQualifierCorrect (Dhcp,True,10.0.0.4,255.255.254.0,True) row 8"
                time="0.0015344"/>
      <testcase classname="Philips.PMP.Test.Auto.DemoNicQualifierTest"
                name="DemoNicQualifierCorrect (Loopback,False,172.31.4.1,255.255.248.0,False) row 9"
                time="0.0015274"/>
      <testcase classname="Philips.PMP.Test.Auto.DemoNicQualifierTest"
                name="DemoNicQualifierCorrect (Loopback,False,10.0.0.4,255.255.248.0,True) row 10"
                time="0.0015389"/>
      <testcase classname="Philips.PMP.Test.Auto.DemoNicQualifierTest"
                name="DemoNicQualifierCorrect (Loopback,False,172.31.4.1,255.255.254.0,True) row 11"
                time="0.0015424"/>
      <testcase classname="Philips.PMP.Test.Auto.DemoNicQualifierTest"
                name="DemoNicQualifierCorrect (Loopback,False,172.31.4.1,255.255.254.0,True) row 12"
                time="0.0015694"/>
      <testcase classname="Philips.PMP.Test.Auto.DemoNicQualifierTest"
                name="DemoNicQualifierCorrect (Loopback,True,172.31.4.1,255.255.248.0,False) row 13"
                time="0.0015776"/>
      <testcase classname="Philips.PMP.Test.Auto.DemoNicQualifierTest"
                name="DemoNicQualifierCorrect (Loopback,True,10.0.0.4,255.255.248.0,True) row 14"
                time="0.0015429"/>
      <testcase classname="Philips.PMP.Test.Auto.DemoNicQualifierTest"
                name="DemoNicQualifierCorrect (Loopback,True,172.31.4.1,255.255.254.0,True) row 15"
                time="0.00214"/>
      <testcase classname="Philips.PMP.Test.Auto.DemoNicQualifierTest"
                name="DemoNicQualifierCorrect (Loopback,True,172.31.4.1,255.255.254.0,True) row 16"
                time="0.0269781"/>
      <testcase classname="Philips.iX.InboundFhirService.Test.InboundFhirServiceTest"
                name="PostNumericTest"
                time="0.8697252"/>
      <testcase classname="Philips.PMP.Test.Auto.PatientDataExportConfigControlTest"
                name="PdxConnectionConfigIsEncryptedEqualityTest (True,True,True) row 1"
                time="0.0067648"/>
      <testcase classname="Philips.PMP.Test.Auto.PatientDataExportConfigControlTest"
                name="PdxConnectionConfigIsEncryptedEqualityTest (True,False,False) row 2"
                time="0.0077582"/>
      <testcase classname="Philips.PMP.Test.Auto.PatientDataExportConfigControlTest"
                name="PdxConnectionConfigIsEncryptedEqualityTest (False,False,True) row 3"
                time="0.0050538"/>
      <testcase classname="Philips.PMP.Test.Auto.PatientDataExportStorageTest"
                name="PdxWhenAlertAnnounceSequenceIsZeroStoreMobilePhysioDataSequence"
                time="0.0218734"/>
      <testcase classname="Philips.PMP.Test.Auto.MobilityServiceHelperTest"
                name="StoreRemoteControlAuditValidAvailable"
                time="0.0055703"/>
      <testcase classname="Philips.PMP.Test.Auto.ApplicationWindowControlTest"
                name="RunMPVTest"
                time="0.1724288"/>
      <testcase classname="Philips.PMP.Test.Auto.DbMigrationMgrTest"
                name="DbMigrationValidateSetupScripts"
                time="0.0379831"/>
      <testcase classname="Philips.PMP.Test.Auto.Hl7OruEncoderTest"
                name="IHEAlertFindsCompoundNumericCorrectlyTest"
                time="0.0213381"/>
      <testcase classname="Philips.PMP.Test.Auto.W32TimeServiceAdapterTest"
                name="InitializingTimeSyncDetectsDifferingGroupPolicySettings"
                time="0.0024927"/>
      <testcase classname="Philips.CareEvent.Test.SoapInputTests"
                name="CustomSoapPrefixTest"
                time="1.0842341"/>
      <testcase classname="Philips.PMP.Test.Auto.LldpInfoTest"
                name="MonitorPortIdentifierIdentifierType (68bdab1c1d80,Fa0/13,Switch,0,68bdab1c1d80 : Fa0/13 : *) row 1"
                time="0.0030865"/>
      <testcase classname="Philips.PMP.Test.Auto.LldpInfoTest"
                name="MonitorPortIdentifierIdentifierType (68bdab1c1d80,Fa0/13,VeryLongSwitchNameIdentifier,0,68bdab1c1d80 : Fa0/13 : *) row 2"
                time="0.0008401"/>
      <testcase classname="Philips.PMP.Test.Auto.LldpInfoTest"
                name="MonitorPortIdentifierIdentifierType (68bdab1c1d80,Fa0/13,Switch,1,* : Fa0/13 : Switch) row 3"
                time="0.000366"/>
      <testcase classname="Philips.PMP.Test.Auto.LldpInfoTest"
                name="MonitorPortIdentifierIdentifierType (68bdab1c1d80,Fa0/13,VeryLongSwitchNameIdentifier,1,* : Fa0/13 : VeryLongSwitchNameId) row 4"
                time="0.0003593"/>
      <testcase classname="Philips.CareEvent.Test.LocationRoleCareAssignmentControlTests"
                name="PreservePendingAssignmentsForSingleRoleWhenNonSingleAssignmentsChanged"
                time="0.0676226"/>
      <testcase classname="Philips.PMP.Test.Auto.LicenseExtensionsTest"
                name="LicenseExtensionsIsTopologyNetworked"
                time="0.0013597"/>
      <testcase classname="Philips.PMP.Test.Auto.NoConnectionInopTest"
                name="NoConnectionInopAcknowledgeTest (True) row 1"
                time="0.0006719"/>
      <testcase classname="Philips.PMP.Test.Auto.NoConnectionInopTest"
                name="NoConnectionInopAcknowledgeTest (False) row 2"
                time="0.0004217"/>
      <testcase classname="Philips.PMP.Test.Auto.RmsTest"
                name="RmsStaticAlert"
                time="0.0243958"/>
      <testcase classname="Philips.PMP.Test.Auto.IheMessageProcessorTest"
                name="IntelliBridgeDeviceDataAlertPriorityChange"
                time="0.0130884"/>
      <testcase classname="Philips.PMP.Test.Auto.MobileDeviceResponseSenderTest"
                name="PhysioDataMdipFiltered (True) row 1"
                time="0.0220177"/>
      <testcase classname="Philips.PMP.Test.Auto.MobileDeviceResponseSenderTest"
                name="PhysioDataMdipFiltered (False) row 2"
                time="0.0032907"/>
      <testcase classname="Philips.PMP.Test.Auto.ProtocolWatchControlMgrTest"
                name="ProtocolWatchProcessTelemetryChangeTest (False,False,1,1,1) row 1"
                time="0.0219832"/>
      <testcase classname="Philips.PMP.Test.Auto.ProtocolWatchControlMgrTest"
                name="ProtocolWatchProcessTelemetryChangeTest (True,True,2,2,2) row 2"
                time="0.0086452"/>
      <testcase classname="Philips.CareEvent.Test.AuthenticationRequestProcessorTests"
                name="ProcessHappyPathAndLogScenarios (1) row 1"
                time="0.0165674"/>
      <testcase classname="Philips.CareEvent.Test.AuthenticationRequestProcessorTests"
                name="ProcessHappyPathAndLogScenarios (2) row 2"
                time="0.0090944"/>
      <testcase classname="Philips.CareEvent.Test.AuthenticationRequestProcessorTests"
                name="ProcessHappyPathAndLogScenarios (3) row 3"
                time="0.0188869"/>
      <testcase classname="Philips.PMP.Test.Auto.DataTileHelperTest"
                name="GenerateSpotCheckEntriesNoDynamicAttributesTest"
                time="0.0220389"/>
      <testcase classname="Philips.PMP.Test.Auto.AutoAdtConfigControlHelperTest"
                name="SaveSettingsTest"
                time="0.0024818"/>
      <testcase classname="Philips.PMP.Test.Auto.SignalSourceMgrTest"
                name="SignalSourceMgrUpdateEcgValidityDictionaryTest"
                time="0.0027521"/>
      <testcase classname="Philips.PMP.Test.Auto.EcgIpmFilterTest"
                name="EcgSignalFiltersAdultDiag5HzTest"
                time="0.009922"/>
      <testcase classname="Philips.PMP.Test.Auto.TimeServiceTest"
                name="TimeServiceClearsTimeSyncFailureAlerts"
                time="0.0059688"/>
      <testcase classname="Philips.PMP.Test.Auto.EventRolesProviderTest"
                name="GetEventRolesInSettingsTextHelperCorrectEventRoles"
                time="0.010339"/>
      <testcase classname="Philips.PMP.Test.Auto.AlertFilterServiceDuplexTest"
                name="AlertFilterServiceDuplexNotifyClients"
                time="0.153863"/>
      <testcase classname="Philips.PMP.Test.Auto.TokenValidatorTest"
                name="TokenValidatorCanDetectInvlaidUser (True) row 1"
                time="0.0233334"/>
      <testcase classname="Philips.PMP.Test.Auto.TokenValidatorTest"
                name="TokenValidatorCanDetectInvlaidUser (False) row 2"
                time="0.001248"/>
      <testcase classname="Philips.PIC.WebBridge.Test.UdiInfoMgrTest"
                name="GetUdiInfoTest"
                time="0.0093187"/>
      <testcase classname="Philips.PMP.Test.Auto.DbAvailabilityTest"
                name="RestartAllProcessesWillHappenIfRecoonectModeIsAutoWithWarning"
                time="0.0055167"/>
      <testcase classname="Philips.PMP.Test.Auto.LinkedListTest"
                name="LinkedListCanBecomeEmpty"
                time="0.0057727"/>
      <testcase classname="Philips.PMP.Test.Auto.LinkedListTest"
                name="LinkedListCanAppendToHead"
                time="0.0012424"/>
      <testcase classname="Philips.PMP.Test.Auto.EcgDerivationMgrTest"
                name="EcgDerivationMgrCreateMeasureModeTest (DelphiHigh15In,True,True,PacedGen,True) row 1"
                time="0.0016459"/>
      <testcase classname="Philips.PMP.Test.Auto.EcgDerivationMgrTest"
                name="EcgDerivationMgrCreateMeasureModeTest (DelphiHigh15In,False,False,NotPaced,False) row 2"
                time="0.000385"/>
      <testcase classname="Philips.PMP.Test.Auto.EcgDerivationMgrTest"
                name="EcgDerivationMgrCreateMeasureModeTest (Portal5000,True,True,PacedGen,True) row 3"
                time="0.0003278"/>
      <testcase classname="Philips.PMP.Test.Auto.EcgDerivationMgrTest"
                name="EcgDerivationMgrCreateMeasureModeTest (Portal5000,False,False,NotPaced,False) row 4"
                time="0.0008105"/>
      <testcase classname="Philips.PMP.Test.Auto.DataTileHelperTest"
                name="DataTileHelperGetAlarmSummaryTimeDurationDisplayTest"
                time="0.0062696"/>
      <testcase classname="Philips.PMP.Test.Auto.TopologyTreeControlTest"
                name="TopologyTreeControlIntelliBridgeLanTopologySource"
                time="0.3668022"/>
      <testcase classname="Philips.PMP.Test.Auto.SurveillanceUiControlsTest"
                name="SectorHeaderGetLocationTextTest"
                time="0.0362444"/>
      <testcase classname="Philips.PMP.Test.Auto.WebBrowserHelperTest"
                name="CanConfigureCertificateTest"
                time="0.072433"/>
      <testcase classname="Philips.PMP.Test.Auto.WatchdogBridgeServiceTest"
                name="CreateWatchedComponent"
                time="0.038913"/>
      <testcase classname="Philips.PMP.Test.Auto.ActiveDirectoryConfiguratorTest"
                name="ActiveDirectoryConfiguratorDeleteActiveDirectory"
                time="0.0018522"/>
      <testcase classname="Philips.PMP.Test.Auto.NetworkShareProviderTest"
                name="NetworkShareTest"
                time="0.0288595"/>
      <testcase classname="Philips.PMP.Test.Auto.DataAccessProtocolTest"
                name="ProtocolTextReceiverGetStringForTextIdTest"
                time="0.0008955"/>
      <testcase classname="Philips.PMP.Test.Auto.TeleProfileHelperTest"
                name="TeleProfileHelperGetMenuEntries (True,True,True) row 1"
                time="0.0024759"/>
      <testcase classname="Philips.PMP.Test.Auto.TeleProfileHelperTest"
                name="TeleProfileHelperGetMenuEntries (True,False,False) row 2"
                time="0.0013864"/>
      <testcase classname="Philips.PMP.Test.Auto.TeleProfileHelperTest"
                name="TeleProfileHelperGetMenuEntries (False,False,False) row 3"
                time="0.0013349"/>
      <testcase classname="Philips.PMP.Test.Auto.TeleProfileHelperTest"
                name="TeleProfileHelperGetMenuEntries (False,True,False) row 4"
                time="0.001388"/>
      <testcase classname="Philips.PMP.Test.Auto.UnitSettingsControlTest"
                name="UnitSettingsControlUserLoggedInOut (True) row 1"
                time="0.6627981"/>
      <testcase classname="Philips.PMP.Test.Auto.UnitSettingsControlTest"
                name="UnitSettingsControlUserLoggedInOut (False) row 2"
                time="0.0805606"/>
      <testcase classname="Philips.PMP.Test.Auto.ApplicationMgrTest"
                name="AlarmSummaryControlTest"
                time="0.091811"/>
      <testcase classname="Philips.PMP.Test.Auto.PatientDataExportStorageTestNoDb"
                name="PdxNumericToDataTablePerformanceTest"
                time="0.0395484"/>
      <testcase classname="Philips.PMP.Test.Auto.MobilePatientMgrTest"
                name="ParseInvalidPatientReturnResultCodeError"
                time="0.0066395"/>
      <testcase classname="Philips.PMP.Test.Auto.IheDeviceTest"
                name="IntelliBridgeDeviceDataMultipleDeviceFromSimilarDDI"
                time="0.0582559"/>
      <testcase classname="Philips.PMP.Test.Auto.NumericProviderTest"
                name="NumericProviderPeriodicThreeDAsThreeValues"
                time="0.3223599"/>
      <testcase classname="Philips.PMP.Test.Auto.PatientFieldsHelperTest"
                name="PatientFieldsHelperGetNotHiddenPatientIdTypes"
                time="0.0011502"/>
      <testcase classname="Philips.CareEvent.Test.WctpControlTest"
                name="ValidateAndSaveSettingsTest"
                time="0.1066796"/>
      <testcase classname="Philips.PMP.Test.Auto.EnterpriseProviderTest"
                name="TopologyProviderCreateUnitTest"
                time="0.2905516"/>
      <testcase classname="Philips.PMP.Test.Auto.InfoProviderTest"
                name="InfoProviderPrettyTimeOnIntervalTest"
                time="0.005194"/>
      <testcase classname="Philips.PMP.Test.Auto.EfficiaNumericMgrTest"
                name="EfficiaNumericMgrProcessNbpIntervalTest"
                time="0.1229816"/>
      <testcase classname="Philips.PMP.Test.Auto.AdtQualifierTest"
                name="InboundAdtNoLicensedHostsNoDeviceSucceeds"
                time="0.0338588"/>
      <testcase classname="Philips.PMP.Test.Auto.Hl7MessageSenderTest"
                name="Hl7SendMessageNotifiesStatusMgrTest"
                time="0.0772769"/>
      <testcase classname="Philips.PMP.Test.Auto.PatientDataExportFileTest"
                name="PdxExportIsCalledWithExpectedParams"
                time="0.1731619"/>
      <testcase classname="Philips.PMP.Test.Auto.PatientDataExportStorageTest"
                name="PdxCheckPatientDisplayName"
                time="0.0638751"/>
      <testcase classname="Philips.PMP.Test.Auto.SharedLimitTest"
                name="LimitTest"
                time="0.0017789"/>
      <testcase classname="Philips.PMP.Test.Auto.AdtQualifierTest"
                name="InboundAdtLicensedHostsWithDeviceCallsValidate"
                time="0.0158368"/>
      <testcase classname="Philips.PMP.Test.Auto.SolutionSettingsTest"
                name="SolutionSettingsProjectConfigsHasBuildDefinitionsDefine"
                time="0.001197"/>
      <testcase classname="Philips.PMP.Test.Auto.ApmCrashSummaryDirectoryMonitorTest"
                name="ApmCrashSummaryMonitorClearsProcessedCrashes"
                time="0.0047582"/>
      <testcase classname="Philips.PMP.Test.Auto.SpotCheckTrendServiceTest"
                name="SpotCheckTrendServiceRestartTest"
                time="0.0022479"/>
      <testcase classname="Philips.PMP.Test.Auto.PhysioDataComparisonTest"
                name="MetricCompoundValueEqualityTest"
                time="0.0005038"/>
      <testcase classname="Philips.PMP.Test.Auto.InputCommunicationTcpConnectionTests"
                name="AlertDispatcherInitializingTcpClientAuthenticatesAsClient"
                time="0.5162884"/>
      <testcase classname="Philips.PMP.Test.Auto.PatientServiceHelperTest"
                name="PatientServiceHelperCopyAndClipTest (False,False,LastName,35,30,True) row 1"
                time="0.0010805"/>
      <testcase classname="Philips.PMP.Test.Auto.PatientServiceHelperTest"
                name="PatientServiceHelperCopyAndClipTest (True,False,LastName,35,30,True) row 2"
                time="0.0019033"/>
      <testcase classname="Philips.PMP.Test.Auto.PatientServiceHelperTest"
                name="PatientServiceHelperCopyAndClipTest (True,True,LastName,35,30,True) row 3"
                time="0.0016064"/>
      <testcase classname="Philips.PMP.Test.Auto.PatientServiceHelperTest"
                name="PatientServiceHelperCopyAndClipTest (True,True,LifetimeId,60,30,True) row 4"
                time="0.0014878"/>
      <testcase classname="Philips.PMP.Test.Auto.PatientServiceHelperTest"
                name="PatientServiceHelperCopyAndClipTest (True,True,EncounterId,60,50,True) row 5"
                time="0.0014485"/>
      <testcase classname="Philips.PMP.Test.Auto.PatientServiceHelperTest"
                name="PatientServiceHelperCopyAndClipTest (True,True,AlternateId,40,50,False) row 6"
                time="0.0004375"/>
      <testcase classname="Philips.PMP.Test.Auto.Hl7HelperTest"
                name="Hl7HelperGroupNumericsAndEnumsTest (False,False,Unknown) row 1"
                time="0.0118269"/>
      <testcase classname="Philips.PMP.Test.Auto.Hl7HelperTest"
                name="Hl7HelperGroupNumericsAndEnumsTest (False,True,Unknown) row 2"
                time="0.0172166"/>
      <testcase classname="Philips.PMP.Test.Auto.Hl7HelperTest"
                name="Hl7HelperGroupNumericsAndEnumsTest (True,False,Unknown) row 3"
                time="0.0029253"/>
      <testcase classname="Philips.PMP.Test.Auto.Hl7HelperTest"
                name="Hl7HelperGroupNumericsAndEnumsTest (True,True,Unknown) row 4"
                time="0.0011419"/>
      <testcase classname="Philips.PMP.Test.Auto.Hl7HelperTest"
                name="Hl7HelperGroupNumericsAndEnumsTest (True,False,TelemPwm) row 5"
                time="0.0055629"/>
      <testcase classname="Philips.PMP.Test.Auto.Hl7HelperTest"
                name="Hl7HelperGroupNumericsAndEnumsTest (True,True,TelemPwm) row 6"
                time="0.0023152"/>
      <testcase classname="Philips.PMP.Test.Auto.Hl7HelperTest"
                name="Hl7HelperGroupNumericsAndEnumsTest (True,False,Efficia) row 7"
                time="0.0011089"/>
      <testcase classname="Philips.PMP.Test.Auto.Hl7HelperTest"
                name="Hl7HelperGroupNumericsAndEnumsTest (True,True,Efficia) row 8"
                time="0.0021018"/>
      <testcase classname="Philips.PMP.Test.Auto.Hl7HelperTest"
                name="Hl7HelperGroupNumericsAndEnumsTest (True,False,Mx750) row 9"
                time="0.0051822"/>
      <testcase classname="Philips.PMP.Test.Auto.Hl7HelperTest"
                name="Hl7HelperGroupNumericsAndEnumsTest (True,True,Mx750) row 10"
                time="0.0016042"/>
      <testcase classname="Philips.PMP.Test.Auto.MobileAcknowledgeAlarmMgrTest"
                name="AcknowledgeAlarmFailedWhenRequestValidationFailedTest"
                time="0.0559304"/>
      <testcase classname="Philips.PMP.Test.Auto.CaregiverAssignmentProviderTest"
                name="GetAllCaregiversTest"
                time="0.2828283"/>
      <testcase classname="Philips.PMP.Test.Auto.ObservationIdBuilderTest"
                name="BuildObservationIdTest (False) row 1"
                time="0.0017535"/>
      <testcase classname="Philips.PMP.Test.Auto.ObservationIdBuilderTest"
                name="BuildObservationIdTest (True) row 2"
                time="0.0013936"/>
      <testcase classname="Philips.PMP.Test.Auto.LogProviderTest"
                name="GetLogEntries"
                time="0.1929506"/>
      <testcase classname="Philips.PMP.Test.Auto.CaregiverAssignmentProviderTest"
                name="ZoneChangesShouldClearZoneCache"
                time="0.0074365"/>
      <testcase classname="Philips.IX.UserManagement.Test.UserAuthenticatorsTest"
                name="UserAuthenticatorProveIdWebApiPasswordNetworkExceptionTest"
                time="0.0702212"/>
      <testcase classname="Philips.PMP.Test.Auto.EcgFilterHelperTest"
                name="EcgFilterRemoveUndershootTest"
                time="0.0398985"/>
      <testcase classname="Philips.PMP.Test.Auto.PatientDataExportStorageWorkerTest"
                name="ClearSystemStatusIsCalledOnSuccessfulWaveStorage"
                time="0.0261491"/>
      <testcase classname="Philips.PIC.WebBridge.Test.PhysioDataRetrievalMgrTest"
                name="TryGetPhysioDataMgrTest"
                time="0.0212391"/>
      <testcase classname="Philips.PMP.Test.Auto.CustomPerfCounterTest"
                name="CustomPerfCounterLongTest (0) row 1"
                time="0.2302946"/>
      <testcase classname="Philips.PMP.Test.Auto.CustomPerfCounterTest"
                name="CustomPerfCounterLongTest (8) row 2"
                time="0.0025757"/>
      <testcase classname="Philips.IX.UserManagement.Test.UserAuthenticationSessionTest"
                name="UserAuthenticationSessionBackupAuthentication"
                time="0.0148763"/>
      <testcase classname="Philips.PIC.WebBridge.Test.JsonFormatterTest"
                name="JsonFormatterNoCamelTest"
                time="0.0984032"/>
      <testcase classname="Philips.PMP.Test.Auto.DbProviderCacheTest"
                name="DbTransactionCacheCommit"
                time="0.0560159"/>
      <testcase classname="Philips.PMP.Test.Auto.EcgFilterRetrieverTest"
                name="GetFilterTypeString (0,False,) row 1"
                time="0.000826"/>
      <testcase classname="Philips.PMP.Test.Auto.EcgFilterRetrieverTest"
                name="GetFilterTypeString (NbpStat,False,) row 2"
                time="0.0005082"/>
      <testcase classname="Philips.PMP.Test.Auto.EcgFilterRetrieverTest"
                name="GetFilterTypeString (EcgFilter,False,F) row 3"
                time="0.0004494"/>
      <testcase classname="Philips.PMP.Test.Auto.EcgFilterRetrieverTest"
                name="GetFilterTypeString (EcgMonitor,False,M) row 4"
                time="0.0005161"/>
      <testcase classname="Philips.PMP.Test.Auto.EcgFilterRetrieverTest"
                name="GetFilterTypeString (EcgDiag,False,D) row 5"
                time="0.0005208"/>
      <testcase classname="Philips.PMP.Test.Auto.EcgFilterRetrieverTest"
                name="GetFilterTypeString (NbpVenipunctActive,False,eM) row 6"
                time="0.0004264"/>
      <testcase classname="Philips.PMP.Test.Auto.EcgFilterRetrieverTest"
                name="GetFilterTypeString (NbpStat,True,) row 7"
                time="0.0033974"/>
      <testcase classname="Philips.PMP.Test.Auto.EcgFilterRetrieverTest"
                name="GetFilterTypeString (EcgDiag,True,M) row 8"
                time="0.0005027"/>
      <testcase classname="Philips.PMP.Test.Auto.EcgFilterRetrieverTest"
                name="GetFilterTypeString (EcgMonitor,True,D) row 9"
                time="0.0004667"/>
      <testcase classname="Philips.PMP.Test.Auto.EcgFilterRetrieverTest"
                name="GetFilterTypeString (EcgFilter,True,A) row 10"
                time="0.0005086"/>
      <testcase classname="Philips.PMP.Test.Auto.EcgFilterRetrieverTest"
                name="GetFilterTypeString (EcgInsto,True,A1) row 11"
                time="0.0004721"/>
      <testcase classname="Philips.PMP.Test.Auto.EcgFilterRetrieverTest"
                name="GetFilterTypeString (EcgModeEasi,True,A2) row 12"
                time="0.0004918"/>
      <testcase classname="Philips.PMP.Test.Auto.EcgFilterRetrieverTest"
                name="GetFilterTypeString (EcgLeadPrimary,True,C) row 13"
                time="0.000487"/>
      <testcase classname="Philips.PMP.Test.Auto.EcgFilterRetrieverTest"
                name="GetFilterTypeString (RrHrCoincide,True,Ap) row 14"
                time="0.0005247"/>
      <testcase classname="Philips.PMP.Test.Auto.EcgFilterRetrieverTest"
                name="GetFilterTypeString (1,True,S) row 15"
                time="0.000487"/>
      <testcase classname="Philips.PMP.Test.Auto.ActiveDirectoryConfiguratorTest"
                name="ActiveDirectoryConfiguratorSyncTimeChanged"
                time="0.0033025"/>
      <testcase classname="Philips.PMP.Test.Auto.AutoAdtSettingTest"
                name="IsPushAndPullTransferEnabled (EitherLocation,False,False,False) row 1"
                time="0.0012538"/>
      <testcase classname="Philips.PMP.Test.Auto.AutoAdtSettingTest"
                name="IsPushAndPullTransferEnabled (EitherLocation,True,True,True) row 2"
                time="0.0222274"/>
      <testcase classname="Philips.PMP.Test.Auto.AutoAdtSettingTest"
                name="IsPushAndPullTransferEnabled (PullTransferConfirmationOnly,True,False,True) row 3"
                time="0.0175903"/>
      <testcase classname="Philips.PMP.Test.Auto.AutoAdtSettingTest"
                name="IsPushAndPullTransferEnabled (PushTransferConfirmationOnly,True,True,False) row 4"
                time="0.0018695"/>
      <testcase classname="Philips.PMP.Test.Auto.ProtocolWatchTest"
                name="ProtocolWatchSubscribeForClinicalNotifications"
                time="0.0042472"/>
      <testcase classname="Philips.PMP.Test.Auto.CiParserTest"
                name="CiParserParseOpModeTest (Monitoring) row 1"
                time="0.0027235"/>
      <testcase classname="Philips.PMP.Test.Auto.CiParserTest"
                name="CiParserParseOpModeTest (OpmodeStandby) row 2"
                time="0.0007745"/>
      <testcase classname="Philips.PMP.Test.Auto.CompressedAlarmsWindowControlTest"
                name="CompressedAlarmsWindowControlCreateAlarmReviewStripControl"
                time="0.0627283"/>
      <testcase classname="Philips.PMP.Test.Auto.PatientIdTest"
                name="PatientIdentityNumberTest (123,MedicalRecordNumber) row 1"
                time="0.001724"/>
      <testcase classname="Philips.PMP.Test.Auto.PatientIdTest"
                name="PatientIdentityNumberTest (321,SocialSecurityNumber) row 2"
                time="0.0042022"/>
      <testcase classname="Philips.PMP.Test.Auto.PatientIdTest"
                name="PatientIdentityNumberTest (456,DriversLicenseNumber) row 3"
                time="0.0024509"/>
      <testcase classname="Philips.PMP.Test.Auto.PatientIdTest"
                name="PatientIdentityNumberTest (654,AccountNumber) row 4"
                time="0.0034587"/>
      <testcase classname="Philips.PMP.Test.Auto.PatientIdTest"
                name="PatientIdentityNumberTest (789,VisitNumber) row 5"
                time="0.0037197"/>
      <testcase classname="Philips.PMP.Test.Auto.PatientIdTest"
                name="PatientIdentityNumberTest (987,PatientInternalIdentifier) row 6"
                time="0.0025393"/>
      <testcase classname="Philips.PMP.Test.Auto.DbAvailabilityTest"
                name="RestartAllProcessesWillNotHappenIfSyncNeeded"
                time="0.0038699"/>
      <testcase classname="Philips.PMP.Test.Auto.DeviceProviderTest"
                name="DeviceLocationTest"
                time="0.441069"/>
      <testcase classname="Philips.PMP.Test.Auto.SurveillanceSectorMgrTest"
                name="SurveillanceSectorMgrMoveEmptySector"
                time="0.4362134"/>
      <testcase classname="Philips.PMP.Test.Auto.ProtocolWatchControlMgrTest"
                name="ProtocolWatchControlMgrUpdateIpmSupportedProtocolsTest"
                time="0.0102354"/>
      <testcase classname="Philips.PMP.Test.Auto.EventLogShutdownAnalyzerTest"
                name="AnalyzeLastShutdownOnly"
                time="0.0014186"/>
      <testcase classname="Philips.PMP.Test.Auto.PatientFieldsTest"
                name="PatientFieldsBitMapTest"
                time="0.0115104"/>
      <testcase classname="Philips.PMP.Test.Auto.Hl7TcpClientConnectionTest"
                name="Hl7TcpClientConnectionConnectedSecure"
                time="0.066732"/>
      <testcase classname="Philips.PMP.Test.Auto.AlertSoundMgrTest"
                name="CheckAlertSoundForAnyTraditionalScheme (Traditional,RedAlarm) row 1"
                time="0.494397"/>
      <testcase classname="Philips.PMP.Test.Auto.AlertSoundMgrTest"
                name="CheckAlertSoundForAnyTraditionalScheme (Traditional,YellowAlarm) row 2"
                time="0.0574684"/>
      <testcase classname="Philips.PMP.Test.Auto.AlertSoundMgrTest"
                name="CheckAlertSoundForAnyTraditionalScheme (Traditional,ShortYellowAlarm) row 3"
                time="0.09731"/>
      <testcase classname="Philips.PMP.Test.Auto.AlertSoundMgrTest"
                name="CheckAlertSoundForAnyTraditionalScheme (Traditional,HardInop) row 4"
                time="0.1029403"/>
      <testcase classname="Philips.PMP.Test.Auto.AlertSoundMgrTest"
                name="CheckAlertSoundForAnyTraditionalScheme (Philips2021,RedAlarm) row 5"
                time="0.031352"/>
      <testcase classname="Philips.PMP.Test.Auto.AlertSoundMgrTest"
                name="CheckAlertSoundForAnyTraditionalScheme (Philips2021,YellowAlarm) row 6"
                time="0.0518311"/>
      <testcase classname="Philips.PMP.Test.Auto.AlertSoundMgrTest"
                name="CheckAlertSoundForAnyTraditionalScheme (Philips2021,ShortYellowAlarm) row 7"
                time="0.0819655"/>
      <testcase classname="Philips.PMP.Test.Auto.AlertSoundMgrTest"
                name="CheckAlertSoundForAnyTraditionalScheme (Philips2021,HardInop) row 8"
                time="0.075574"/>
      <testcase classname="Philips.PMP.Test.Auto.Hl7OruEncoderTest"
                name="TrendUnitsAreCorrectlySentOutHL7Test"
                time="0.0193257"/>
      <testcase classname="Philips.PMP.Test.Auto.IISInstallationQualifierTest"
                name="IISInstallationQualifierVerifyWithModules (True) row 1"
                time="0.0011991"/>
      <testcase classname="Philips.PMP.Test.Auto.IISInstallationQualifierTest"
                name="IISInstallationQualifierVerifyWithModules (False) row 2"
                time="0.0007582"/>
      <testcase classname="Philips.PMP.Test.Auto.ProtocolWatchTest"
                name="ProtocolWatchPatientMgrProcessTelemetryProfileProtocolChangedTest"
                time="0.2398981"/>
      <testcase classname="Philips.PMP.Test.Auto.PermissionChangesEventArgsTest"
                name="PermissionChangesEventArgsShouldUpdateIfMyHostsHasChangedTest"
                time="0.0003853"/>
      <testcase classname="Philips.PMP.Test.Auto.DataBackIntegrationTest"
                name="DataBackIntegrationContainmentTreeBuilderTest"
                time="0.0195302"/>
      <testcase classname="Philips.PMP.Test.Auto.DiskSpaceQualifierTest"
                name="DiskSpaceQualifierVerifyNotPhysioFail"
                time="0.0036129"/>
      <testcase classname="Philips.PMP.Test.Auto.WaveFileMgrTest"
                name="PdxWavesWithDifferentPeriodsAreDifferent"
                time="0.0025893"/>
      <testcase classname="Philips.IX.UserManagement.Test.UserAuthenticatorsTest"
                name="UserAuthenticatorLocalDirectoryPasswordFail3Test"
                time="0.0010286"/>
      <testcase classname="Philips.PMP.Test.Auto.EventNotificationMgrTest"
                name="GetStatusBarBasedOnMaxBedPerDomainTest"
                time="0.2484331"/>
      <testcase classname="Philips.PMP.Test.Auto.EventCategorySettingsProviderTest"
                name="LoadCacheForEnabledUnitsWithOverrideSettings"
                time="0.4185894"/>
      <testcase classname="Philips.CareEvent.Test.EventInitializerTests"
                name="ReturnCategoryNotEnabledWhenSeverityIsSoft"
                time="0.0207018"/>
      <testcase classname="Philips.PMP.Test.Auto.MobileBedSubscriberTest"
                name="MobileBedSubscriberWillSubscribeWithTheGivenDelay (0) row 1"
                time="0.0543604"/>
      <testcase classname="Philips.PMP.Test.Auto.MobileBedSubscriberTest"
                name="MobileBedSubscriberWillSubscribeWithTheGivenDelay (6144) row 2"
                time="0.0124355"/>
      <testcase classname="Philips.CareEvent.Test.EventReportConfigurationTests"
                name="StorageLengthWarningTest (2,No,1) row 1"
                time="0.087012"/>
      <testcase classname="Philips.CareEvent.Test.EventReportConfigurationTests"
                name="StorageLengthWarningTest (4,Yes,1) row 2"
                time="0.0227471"/>
      <testcase classname="Philips.CareEvent.Test.EventReportConfigurationTests"
                name="StorageLengthWarningTest (4,No,0) row 3"
                time="0.0187414"/>
      <testcase classname="Philips.PMP.Test.Auto.PatientSettingProviderTest"
                name="PatientSetttingProviderGetAutoAdtSetting"
                time="0.0083479"/>
      <testcase classname="Philips.PMP.Test.Auto.ActiveDirectoryHelperTest"
                name="ActiveDirectoryHelperReloadsCacheWhenDirectoryConfigChanges"
                time="0.0034832"/>
      <testcase classname="Philips.PMP.Test.Auto.EventLogAppRestartAnalyzerTest"
                name="AnalyzerDefaultsToSystemEventLog"
                time="0.0024701"/>
      <testcase classname="Philips.PMP.Test.Auto.WaveFrequencyConverterTest"
                name="WaveConvertMultipleChunksTest"
                time="0.0080528"/>
      <testcase classname="Philips.PMP.Test.Auto.SystemStatusMessageHandlerTest"
                name="ReportStatusMessageIsCalledWithCorrectStatus"
                time="0.0012223"/>
      <testcase classname="Philips.PMP.Test.Auto.SectorControlTest"
                name="SectorControlGetFormattedAssignmentTooltip"
                time="0.0359911"/>
      <testcase classname="Philips.PMP.Test.Auto.MulticastAddressControlTest"
                name="RefreshAddressAssignmentTest"
                time="0.2700415"/>
      <testcase classname="Philips.PMP.Test.Auto.NotificationSettingProviderTest"
                name="CopySettingTest (True) row 1"
                time="0.0143605"/>
      <testcase classname="Philips.PMP.Test.Auto.NotificationSettingProviderTest"
                name="CopySettingTest (False) row 2"
                time="0.0046498"/>
      <testcase classname="Philips.CareEvent.Test.DisconnectEventReporterTests"
                name="CreateDisconnectEventTest"
                time="0.2771263"/>
      <testcase classname="Philips.PIC.SharedAssignment.Test.SharedAssignmentProviderTest"
                name="OnlyOneSharedAssignmentRoleAndUnAssignmentShouldBeRemoved"
                time="0.0371408"/>
      <testcase classname="Philips.PMP.Test.Auto.PhysioDataDisplayHelperTest"
                name="FilterOlderNumericsTest"
                time="0.0005578"/>
      <testcase classname="Philips.CareEvent.Test.MobileStaffAssignmentMgrTests"
                name="GetStaffAssignments (True,True) row 1"
                time="0.0219719"/>
      <testcase classname="Philips.CareEvent.Test.MobileStaffAssignmentMgrTests"
                name="GetStaffAssignments (False,False) row 2"
                time="0.0162948"/>
      <testcase classname="Philips.PMP.Test.Auto.UnitSettingsTest"
                name="ValidateDeviceControlArchiveInfoOldVersion"
                time="0.0120289"/>
      <testcase classname="Philips.PMP.LicenseService.Test.UnitLicenseProcessorTest"
                name="GetClinicalUnitsByFeatureWillFindAllUnitsLicensedForFeature"
                time="0.109505"/>
      <testcase classname="Philips.PMP.Test.Auto.MobileAcknowledgeAlarmValidatorTest"
                name="FailAckAlarmIfNoAccessToUser"
                time="0.0106146"/>
      <testcase classname="Philips.PMP.Test.Auto.NumericProviderTest"
                name="NumericProviderPeriodicConcurrentMerge"
                time="0.3038826"/>
      <testcase classname="Philips.PMP.LicenseService.Test.UnitLicenseProcessorTest"
                name="ValidateLicenseTest"
                time="0.0128436"/>
      <testcase classname="Philips.PMP.Test.Auto.MultiSurveillanceMgrTest"
                name="MultiSurveilanceVerifySectorAssignments (True) row 1"
                time="0.0900528"/>
      <testcase classname="Philips.PMP.Test.Auto.MultiSurveillanceMgrTest"
                name="MultiSurveilanceVerifySectorAssignments (False) row 2"
                time="0.0429003"/>
      <testcase classname="Philips.PMP.Test.Auto.MobileWaveConverterTest"
                name="WaveConverterCreateMultiAttributesTest"
                time="0.0010048"/>
      <testcase classname="Philips.PMP.Test.Auto.MorbalHelperTest"
                name="MorbalMonitoringDeviceAdapterFactoryCreate"
                time="0.0263478"/>
      <testcase classname="Philips.PMP.Test.Auto.EcgAnalysisTest"
                name="EcgAnalysisHelpTest"
                time="0.0121384"/>
      <testcase classname="Philips.PMP.Test.Auto.UserManagementProviderTest"
                name="GetEventUsersOnlineTest"
                time="0.3358075"/>
      <testcase classname="Philips.PMP.Test.Auto.HL7ConnectionPropertyControlTest"
                name="AddUnitToTreeViewTest"
                time="0.0365454"/>
      <testcase classname="Philips.PIC.SharedAssignment.Test.SharedAssignmentProviderTest"
                name="AssignmentShouldBeStored"
                time="0.0571209"/>
      <testcase classname="Philips.PMP.Test.Auto.PatientDataExportFileTest"
                name="PdxClockFileHasExpectedName"
                time="0.0826466"/>
      <testcase classname="Philips.PMP.Test.Auto.Hl7OutboundServiceMgrTest"
                name="GetHl7DestinationWithGateWayTest"
                time="0.0024609"/>
      <testcase classname="Philips.RootMain.Test.CertificateInstallMgrTest"
                name="ThisHostCaNotConfiguredFailGenerateCaTest"
                time="0.0211262"/>
      <testcase classname="Philips.CareEvent.Test.EventWorkflowPartitionProviderTests"
                name="InformationTest"
                time="0.3181944"/>
      <testcase classname="Philips.PMP.Test.Auto.EcgFilterHelperTest"
                name="EcgFilterAttrAtLessThanPhysioDataTimeTest"
                time="0.0013456"/>
      <testcase classname="Philips.PMP.Test.Auto.PhysioDataDisplayHelperTest"
                name="GetPeriodicDurationLimitTest"
                time="0.000837"/>
      <testcase classname="Philips.PMP.Test.Auto.NetworkScanTest"
                name="GetNewAPDevices"
                time="0.2144414"/>
      <testcase classname="Philips.PMP.Test.Auto.UptimeTrackerTest"
                name="UptimeReportsFilterRedundantStateTransitions"
                time="0.000963"/>
      <testcase classname="Philips.PMP.Test.Auto.TopologyDistributorTest"
                name="TopologyDistributorReceiveDataTest"
                time="0.4511951"/>
      <testcase classname="Philips.PMP.Test.Auto.WaveAndNumericSorterTest"
                name="SortedWaveIdsTest"
                time="0.0006533"/>
      <testcase classname="Philips.PMP.Test.Auto.MedianCalculatorTest"
                name="PartialAvailableTest (TwelveSeconds) row 1"
                time="0.0066447"/>
      <testcase classname="Philips.PMP.Test.Auto.MedianCalculatorTest"
                name="PartialAvailableTest (SixtySeconds) row 2"
                time="0.0067525"/>
      <testcase classname="Philips.PMP.Test.Auto.MedianCalculatorTest"
                name="PartialAvailableTest (ThreeHundredSeconds) row 3"
                time="0.0050012"/>
      <testcase classname="Philips.PMP.Test.Auto.EcgSqiHelperTest"
                name="ComputeSqiWeightedSumTest"
                time="0.0021358"/>
      <testcase classname="Philips.PMP.Test.Auto.ComplexMetricProviderTest"
                name="ComplexMetricProviderMergeLabelTextIds"
                time="0.0354054"/>
      <testcase classname="Philips.PMP.Test.Auto.TimeWaveBaselineProviderTest"
                name="TimeWaveBaselineProviderPatientStayPreadmitWithBaseline"
                time="0.3815152"/>
      <testcase classname="Philips.PMP.Test.Auto.EventRolesTests"
                name="InterfaceToFromInfoModel"
                time="0.0075113"/>
      <testcase classname="Philips.PMP.Test.Auto.Hl7OruEncoderTest"
                name="SpsDeteriorationExistsInComplexClassicHl7Output"
                time="0.0160313"/>
      <testcase classname="Philips.PMP.Test.Auto.PatientFieldsValidatorTest"
                name="PatientFieldsValidatorValidateEncounterLastNameFirstName"
                time="0.0010723"/>
      <testcase classname="Philips.PMP.Test.Auto.DbExtendedPropertyHelperTest"
                name="DbExtendedPropertyHasPatientDataColumn (Primary,_Patient.MonitoringAssignment_,True,PatientId) row 1"
                time="0.009781"/>
      <testcase classname="Philips.PMP.Test.Auto.DbExtendedPropertyHelperTest"
                name="DbExtendedPropertyHasPatientDataColumn (Primary,dummyTable,False,) row 2"
                time="0.0017985"/>
      <testcase classname="Philips.PMP.Test.Auto.DbExtendedPropertyHelperTest"
                name="DbExtendedPropertyHasPatientDataColumn (Physio,dummyTable,False,) row 3"
                time="0.0031367"/>
      <testcase classname="Philips.PMP.Test.Auto.DbExtendedPropertyHelperTest"
                name="DbExtendedPropertyHasPatientDataColumn (Audit,dummyTable,False,) row 4"
                time="0.0004754"/>
      <testcase classname="Philips.PMP.Test.Auto.DbExtendedPropertyHelperTest"
                name="DbExtendedPropertyHasPatientDataColumn (Diagnostic,dummyTable,False,) row 5"
                time="0.0004147"/>
      <testcase classname="Philips.PMP.Test.Auto.DbExtendedPropertyHelperTest"
                name="DbExtendedPropertyHasPatientDataColumn (EventWorkflow,dummyTable,False,) row 6"
                time="0.0095288"/>
      <testcase classname="Philips.PMP.Test.Auto.DbExtendedPropertyHelperTest"
                name="DbExtendedPropertyHasPatientDataColumn (PatientDataExport,dummyTable,False,) row 7"
                time="0.0005252"/>
      <testcase classname="Philips.PMP.Test.Auto.CaregiverAssignmentProviderTest"
                name="GetCaregiversWithRolesTest"
                time="0.2791198"/>
      <testcase classname="Philips.PMP.Test.Auto.PatientDataExportStorageWorkerTest"
                name="ClearSystemStatusIsCalledOnSuccessfulEnumerationStorage"
                time="0.0285305"/>
      <testcase classname="Philips.PMP.Test.Auto.DataSubstitutionMgrTest"
                name="DataSubstitutionMgrGetHighestPriorityWaveTest"
                time="0.0047018"/>
      <testcase classname="Philips.PMP.Test.Auto.HostLicenseProcessorTest"
                name="GetWebServerTest"
                time="0.0041007"/>
      <testcase classname="Philips.PMP.Test.Auto.LogSettingProviderTest"
                name="GetDefaultLogSettings"
                time="0.0141155"/>
      <testcase classname="Philips.PIC.WebBridge.Test.DataRelaySetupMgrTest"
                name="DataRelaySetUpWillAuthenticateAndSubscribeDataRelay"
                time="0.0320071"/>
      <testcase classname="Philips.PMP.Test.Auto.PatientFieldsValidatorTest"
                name="PatientFieldsValidatorValidateLastNameRequiredFirstNameHiddenLastNameAndFirstNameFormat"
                time="0.0010121"/>
      <testcase classname="Philips.PMP.Test.Auto.SwitchDeviceControlTest"
                name="SwitchDeviceLocationChanged (0,0,False,False,False,None,1,0,0,0) row 1"
                time="0.0449951"/>
      <testcase classname="Philips.PMP.Test.Auto.SwitchDeviceControlTest"
                name="SwitchDeviceLocationChanged (0,0,True,True,False,None,1,0,0,0) row 2"
                time="0.0466005"/>
      <testcase classname="Philips.PMP.Test.Auto.SwitchDeviceControlTest"
                name="SwitchDeviceLocationChanged (0,1,True,True,False,None,1,0,0,0) row 3"
                time="0.0471082"/>
      <testcase classname="Philips.PMP.Test.Auto.SwitchDeviceControlTest"
                name="SwitchDeviceLocationChanged (1,0,True,True,False,None,1,0,0,0) row 4"
                time="0.0393007"/>
      <testcase classname="Philips.PMP.Test.Auto.SwitchDeviceControlTest"
                name="SwitchDeviceLocationChanged (1,1,True,True,False,None,1,0,0,0) row 5"
                time="0.044437"/>
      <testcase classname="Philips.PMP.Test.Auto.SwitchDeviceControlTest"
                name="SwitchDeviceLocationChanged (0,0,True,True,True,None,1,0,0,0) row 6"
                time="0.0449181"/>
      <testcase classname="Philips.PMP.Test.Auto.SwitchDeviceControlTest"
                name="SwitchDeviceLocationChanged (0,1,True,True,True,No,0,0,1,0) row 7"
                time="0.0390061"/>
      <testcase classname="Philips.PMP.Test.Auto.SwitchDeviceControlTest"
                name="SwitchDeviceLocationChanged (0,1,True,True,True,Yes,1,1,1,0) row 8"
                time="0.0486345"/>
      <testcase classname="Philips.PMP.Test.Auto.SwitchDeviceControlTest"
                name="SwitchDeviceLocationChanged (1,0,True,True,True,No,0,0,1,0) row 9"
                time="0.0393136"/>
      <testcase classname="Philips.PMP.Test.Auto.SwitchDeviceControlTest"
                name="SwitchDeviceLocationChanged (1,0,True,True,True,Yes,1,1,1,0) row 10"
                time="0.0484262"/>
      <testcase classname="Philips.PMP.Test.Auto.SwitchDeviceControlTest"
                name="SwitchDeviceLocationChanged (1,1,True,True,True,None,1,0,0,0) row 11"
                time="0.0580168"/>
      <testcase classname="Philips.PMP.Test.Auto.SwitchDeviceControlTest"
                name="SwitchDeviceLocationChanged (0,0,True,False,True,No,0,0,1,0) row 12"
                time="0.0476809"/>
      <testcase classname="Philips.PMP.Test.Auto.SwitchDeviceControlTest"
                name="SwitchDeviceLocationChanged (0,0,True,False,True,Yes,1,0,1,0) row 13"
                time="0.0478468"/>
      <testcase classname="Philips.PMP.Test.Auto.SwitchDeviceControlTest"
                name="SwitchDeviceLocationChanged (1,0,True,False,True,No,0,0,1,0) row 14"
                time="0.0465574"/>
      <testcase classname="Philips.PMP.Test.Auto.SwitchDeviceControlTest"
                name="SwitchDeviceLocationChanged (1,0,True,False,True,Yes,1,0,1,0) row 15"
                time="0.0412069"/>
      <testcase classname="Philips.PMP.Test.Auto.SwitchDeviceControlTest"
                name="SwitchDeviceLocationChanged (0,0,False,True,False,None,1,0,0,0) row 16"
                time="0.0473082"/>
      <testcase classname="Philips.PMP.Test.Auto.SwitchDeviceControlTest"
                name="SwitchDeviceLocationChanged (0,1,False,True,False,None,1,0,0,0) row 17"
                time="0.0478304"/>
      <testcase classname="Philips.PMP.Test.Auto.MobilePatientAdmitMgrTest"
                name="GetAdmitRequestOverrideTest (True,False,True,False,RequiresTransfer) row 1"
                time="0.0093302"/>
      <testcase classname="Philips.PMP.Test.Auto.MobilePatientAdmitMgrTest"
                name="GetAdmitRequestOverrideTest (False,False,False,False,RequiresReadmit) row 2"
                time="0.0062979"/>
      <testcase classname="Philips.PMP.Test.Auto.MobilePatientAdmitMgrTest"
                name="GetAdmitRequestOverrideTest (True,True,False,False,Success) row 3"
                time="0.0075762"/>
      <testcase classname="Philips.PMP.Test.Auto.MobilePatientAdmitMgrTest"
                name="GetAdmitRequestOverrideTest (True,True,False,True,Success) row 4"
                time="0.0053647"/>
      <testcase classname="Philips.PMP.Test.Auto.Hl7CareEventProxyTest"
                name="CareEventProxyCanIndicateIfProxyIsConnected (True) row 1"
                time="0.0071297"/>
      <testcase classname="Philips.PMP.Test.Auto.Hl7CareEventProxyTest"
                name="CareEventProxyCanIndicateIfProxyIsConnected (False) row 2"
                time="0.0010097"/>
      <testcase classname="Philips.PMP.Test.Auto.SurveillanceUiControlsTest"
                name="AuditNotificationsNoPatientTest"
                time="0.0326711"/>
      <testcase classname="Philips.PMP.Test.Auto.DataTileWebHelperTest"
                name="CreateStripTileTest"
                time="0.0046908"/>
      <testcase classname="Philips.PMP.Test.Auto.EventNotificationValidatorTest"
                name="ValidateForWarningNotAvailableTest"
                time="0.0021591"/>
      <testcase classname="Philips.PMP.Test.Auto.AlertMgrTest"
                name="AlertMgrAlarmAuditHandleStandbyTest"
                time="0.0242393"/>
      <testcase classname="Philips.PMP.Test.Auto.CaregiverAssignmentProviderTest"
                name="CaregiverGetExtendedStringTest"
                time="0.0073801"/>
      <testcase classname="Philips.CareEvent.Test.EventMonitorFilterTests"
                name="EventMonitorFilterFilterSetdidFilterChange"
                time="0.0850344"/>
      <testcase classname="Philips.PMP.Test.Auto.PhysioUploadProviderTest"
                name="DeviceValueCountTwoDevices"
                time="0.0181567"/>
      <testcase classname="Philips.CareEvent.Test.WctpListenerTests"
                name="ProcessStatusInfoTests (403) row 1"
                time="0.0111129"/>
      <testcase classname="Philips.CareEvent.Test.WctpListenerTests"
                name="ProcessStatusInfoTests (-1) row 2"
                time="0.0092115"/>
      <testcase classname="Philips.PMP.Test.Auto.Hl7TcpConnectionTest"
                name="Hl7TcpConnectionAckReceived"
                time="0.1200805"/>
      <testcase classname="Philips.PMP.Test.Auto.AlertMgrHelperTest"
                name="AlertMgrHelperGetAuditActionTest (False,0,0,NoAlert,Unknown,False,False) row 1"
                time="0.0037033"/>
      <testcase classname="Philips.PMP.Test.Auto.AlertMgrHelperTest"
                name="AlertMgrHelperGetAuditActionTest (True,AlReminder,0,RedAlarm,RedRealarmAndRemind,True,False) row 2"
                time="0.0034156"/>
      <testcase classname="Philips.PMP.Test.Auto.AlertMgrHelperTest"
                name="AlertMgrHelperGetAuditActionTest (True,AlReminder,0,YellowAlarm,YellowRealarmAndRemind,True,False) row 3"
                time="0.0007016"/>
      <testcase classname="Philips.PMP.Test.Auto.AlertMgrHelperTest"
                name="AlertMgrHelperGetAuditActionTest (True,AlReminder,0,ShortYellowAlarm,Unknown,False,False) row 4"
                time="0.0006472"/>
      <testcase classname="Philips.PMP.Test.Auto.AlertMgrHelperTest"
                name="AlertMgrHelperGetAuditActionTest (True,AlReminder,0,SevereInop,Unknown,False,False) row 5"
                time="0.0014813"/>
      <testcase classname="Philips.PMP.Test.Auto.AlertMgrHelperTest"
                name="AlertMgrHelperGetAuditActionTest (True,AlReminder,0,HardInop,Unknown,False,False) row 6"
                time="0.0025869"/>
      <testcase classname="Philips.PMP.Test.Auto.AlertMgrHelperTest"
                name="AlertMgrHelperGetAuditActionTest (True,AlReminder,AlReminder,RedAlarm,Unknown,False,False) row 7"
                time="0.0006101"/>
      <testcase classname="Philips.PMP.Test.Auto.AlertMgrHelperTest"
                name="AlertMgrHelperGetAuditActionTest (True,AlReminder,AlReminder,YellowAlarm,Unknown,False,False) row 8"
                time="0.0005248"/>
      <testcase classname="Philips.PMP.Test.Auto.AlertMgrHelperTest"
                name="AlertMgrHelperGetAuditActionTest (True,AlReminder,AlReminder,ShortYellowAlarm,Unknown,False,False) row 9"
                time="0.0014148"/>
      <testcase classname="Philips.PMP.Test.Auto.AlertMgrHelperTest"
                name="AlertMgrHelperGetAuditActionTest (True,AlRealarm,0,RedAlarm,RedRealarmAndRemind,False,True) row 10"
                time="0.0024613"/>
      <testcase classname="Philips.PMP.Test.Auto.AlertMgrHelperTest"
                name="AlertMgrHelperGetAuditActionTest (True,AlRealarm,0,YellowAlarm,YellowRealarmAndRemind,False,True) row 11"
                time="0.0005641"/>
      <testcase classname="Philips.PMP.Test.Auto.AlertMgrHelperTest"
                name="AlertMgrHelperGetAuditActionTest (True,AlRealarm,0,ShortYellowAlarm,Unknown,False,False) row 12"
                time="0.0014919"/>
      <testcase classname="Philips.PMP.Test.Auto.AlertMgrHelperTest"
                name="AlertMgrHelperGetAuditActionTest (True,AlRealarm,0,SevereInop,Unknown,False,False) row 13"
                time="0.0005332"/>
      <testcase classname="Philips.PMP.Test.Auto.AlertMgrHelperTest"
                name="AlertMgrHelperGetAuditActionTest (True,AlRealarm,0,HardInop,Unknown,False,False) row 14"
                time="0.0005087"/>
      <testcase classname="Philips.PMP.Test.Auto.AlertMgrHelperTest"
                name="AlertMgrHelperGetAuditActionTest (True,AlRealarm,AlRealarm,RedAlarm,Unknown,False,False) row 15"
                time="0.0005574"/>
      <testcase classname="Philips.PMP.Test.Auto.AlertMgrHelperTest"
                name="AlertMgrHelperGetAuditActionTest (True,AlRealarm,AlRealarm,YellowAlarm,Unknown,False,False) row 16"
                time="0.0004967"/>
      <testcase classname="Philips.PMP.Test.Auto.AlertMgrHelperTest"
                name="AlertMgrHelperGetAuditActionTest (True,AlRealarm,AlRealarm,ShortYellowAlarm,Unknown,False,False) row 17"
                time="0.0014985"/>
      <testcase classname="Philips.PMP.Test.Auto.WorkflowActionMgrTest"
                name="WorkflowActionMgrStoreZoneListShouldStore"
                time="0.0519575"/>
      <testcase classname="Philips.CareEvent.Test.CipsVibrateConfigControlTest"
                name="ValidateAndSaveSettingsTest"
                time="0.1367321"/>
      <testcase classname="Philips.PMP.Test.Auto.PpisMgrTest"
                name="PpisMgrGetPatientIdentityTest"
                time="0.0016419"/>
      <testcase classname="Philips.PMP.Test.Auto.WaveFileMgrTest"
                name="PdxRightTrimWaveSegmentCorrectly"
                time="0.0010366"/>
      <testcase classname="Philips.PMP.Test.Auto.PatientServiceSearchTest"
                name="PatientServiceFindExactMatchInPpisTest"
                time="0.076064"/>
      <testcase classname="Philips.PMP.Test.Auto.PatientHandlerTest"
                name="PatientHandlerDispose"
                time="0.0006262"/>
      <testcase classname="Philips.PMP.Test.Auto.ProtocolWatchEngineWrapperTest"
                name="ProtocolWatchNoPatientInputRequestedShouldDiscardPatientDemographics"
                time="0.0044505"/>
      <testcase classname="Philips.PMP.Test.Auto.UnitPermissionsControlHelperTest"
                name="UnitPermissionsControlHelperSave"
                time="0.0045669"/>
      <testcase classname="Philips.PIC.RfidReader.Test.PcProxReaderWrapperTest"
                name="PcProxReaderWrapperInitializeDeviceConfigurationErrorSetterFailedTest (1) row 1"
                time="0.0123963"/>
      <testcase classname="Philips.PIC.RfidReader.Test.PcProxReaderWrapperTest"
                name="PcProxReaderWrapperInitializeDeviceConfigurationErrorSetterFailedTest (2) row 2"
                time="0.0034533"/>
      <testcase classname="Philips.PIC.RfidReader.Test.PcProxReaderWrapperTest"
                name="PcProxReaderWrapperInitializeDeviceConfigurationErrorSetterFailedTest (3) row 3"
                time="0.0057271"/>
      <testcase classname="Philips.PIC.RfidReader.Test.PcProxReaderWrapperTest"
                name="PcProxReaderWrapperInitializeDeviceConfigurationErrorSetterFailedTest (4) row 4"
                time="0.0038179"/>
      <testcase classname="Philips.PIC.RfidReader.Test.PcProxReaderWrapperTest"
                name="PcProxReaderWrapperInitializeDeviceConfigurationErrorSetterFailedTest (5) row 5"
                time="0.0033912"/>
      <testcase classname="Philips.PIC.RfidReader.Test.PcProxReaderWrapperTest"
                name="PcProxReaderWrapperInitializeDeviceConfigurationErrorSetterFailedTest (6) row 6"
                time="0.0030588"/>
      <testcase classname="Philips.PIC.RfidReader.Test.PcProxReaderWrapperTest"
                name="PcProxReaderWrapperInitializeDeviceConfigurationErrorSetterFailedTest (7) row 7"
                time="0.0032841"/>
      <testcase classname="Philips.PIC.RfidReader.Test.PcProxReaderWrapperTest"
                name="PcProxReaderWrapperInitializeDeviceConfigurationErrorSetterFailedTest (8) row 8"
                time="0.0032441"/>
      <testcase classname="Philips.PIC.RfidReader.Test.PcProxReaderWrapperTest"
                name="PcProxReaderWrapperInitializeDeviceConfigurationErrorSetterFailedTest (9) row 9"
                time="0.0032898"/>
      <testcase classname="Philips.PIC.RfidReader.Test.PcProxReaderWrapperTest"
                name="PcProxReaderWrapperInitializeDeviceConfigurationErrorSetterFailedTest (10) row 10"
                time="0.0035472"/>
      <testcase classname="Philips.PIC.RfidReader.Test.PcProxReaderWrapperTest"
                name="PcProxReaderWrapperInitializeDeviceConfigurationErrorSetterFailedTest (11) row 11"
                time="0.0032453"/>
      <testcase classname="Philips.PIC.RfidReader.Test.PcProxReaderWrapperTest"
                name="PcProxReaderWrapperInitializeDeviceConfigurationErrorSetterFailedTest (12) row 12"
                time="0.0032031"/>
      <testcase classname="Philips.PIC.RfidReader.Test.PcProxReaderWrapperTest"
                name="PcProxReaderWrapperInitializeDeviceConfigurationErrorSetterFailedTest (13) row 13"
                time="0.0035109"/>
      <testcase classname="Philips.PIC.RfidReader.Test.PcProxReaderWrapperTest"
                name="PcProxReaderWrapperInitializeDeviceConfigurationErrorSetterFailedTest (14) row 14"
                time="0.0031974"/>
      <testcase classname="Philips.PIC.RfidReader.Test.PcProxReaderWrapperTest"
                name="PcProxReaderWrapperInitializeDeviceConfigurationErrorSetterFailedTest (15) row 15"
                time="0.0033199"/>
      <testcase classname="Philips.PIC.RfidReader.Test.PcProxReaderWrapperTest"
                name="PcProxReaderWrapperInitializeDeviceConfigurationErrorSetterFailedTest (16) row 16"
                time="0.0034618"/>
      <testcase classname="Philips.PIC.RfidReader.Test.PcProxReaderWrapperTest"
                name="PcProxReaderWrapperInitializeDeviceConfigurationErrorSetterFailedTest (17) row 17"
                time="0.0032895"/>
      <testcase classname="Philips.PMP.Test.Auto.PatientFieldsValidatorTest"
                name="PatientFieldsValidatorValidateBmiHiddenHeightAndWeightHidden"
                time="0.0009952"/>
      <testcase classname="Philips.PMP.Test.Auto.MeasControlsHelperTest"
                name="MeasControlHelperGetSelectionChoiceListTest"
                time="0.0010096"/>
      <testcase classname="Philips.PMP.Test.Auto.EventCatalogProviderTest"
                name="GetUnassignedEventsShouldFindDistinctEvent"
                time="0.1296625"/>
      <testcase classname="Philips.PMP.Test.Auto.CertificateInstallStoreMgrTest"
                name="CertificateInstallStoreMgrEnsureClientCertInDb (True,False) row 1"
                time="0.0483404"/>
      <testcase classname="Philips.PMP.Test.Auto.CertificateInstallStoreMgrTest"
                name="CertificateInstallStoreMgrEnsureClientCertInDb (True,True) row 2"
                time="0.037938"/>
      <testcase classname="Philips.PMP.Test.Auto.CertificateInstallStoreMgrTest"
                name="CertificateInstallStoreMgrEnsureClientCertInDb (False,True) row 3"
                time="0.0343119"/>
      <testcase classname="Philips.PMP.Test.Auto.CertificateInstallStoreMgrTest"
                name="CertificateInstallStoreMgrEnsureClientCertInDb (False,False) row 4"
                time="0.0333602"/>
      <testcase classname="Philips.PMP.Test.Auto.Hl7AlarmClientMgrTest"
                name="AlarmClientAlarmPhaseTest (NewAlert,start) row 1"
                time="0.000957"/>
      <testcase classname="Philips.PMP.Test.Auto.Hl7AlarmClientMgrTest"
                name="AlarmClientAlarmPhaseTest (EndAlert,end) row 2"
                time="0.0004333"/>
      <testcase classname="Philips.PMP.Test.Auto.Hl7AlarmClientMgrTest"
                name="AlarmClientAlarmPhaseTest (SilencedAlert,end) row 3"
                time="0.0013423"/>
      <testcase classname="Philips.PMP.Test.Auto.Hl7AlarmClientMgrTest"
                name="AlarmClientAlarmPhaseTest (Unknown,present) row 4"
                time="0.0005199"/>
      <testcase classname="Philips.PIC.RfidReader.Test.PcProxReaderCommTest"
                name="PcProxReaderCommStartTest (False,1) row 1"
                time="0.3245322"/>
      <testcase classname="Philips.PIC.RfidReader.Test.PcProxReaderCommTest"
                name="PcProxReaderCommStartTest (False,0) row 2"
                time="0.0018485"/>
      <testcase classname="Philips.PIC.RfidReader.Test.PcProxReaderCommTest"
                name="PcProxReaderCommStartTest (False,2) row 3"
                time="0.0010231"/>
      <testcase classname="Philips.PIC.RfidReader.Test.PcProxReaderCommTest"
                name="PcProxReaderCommStartTest (True,1) row 4"
                time="0.0008943"/>
      <testcase classname="Philips.PMP.Test.Auto.AlertNotificationServiceTest"
                name="StartAdiService (False,False,True,True,False) row 1"
                time="0.0454805"/>
      <testcase classname="Philips.PMP.Test.Auto.AlertNotificationServiceTest"
                name="StartAdiService (False,True,False,False,True) row 2"
                time="0.0124958"/>
      <testcase classname="Philips.PMP.Test.Auto.AlertNotificationServiceTest"
                name="StartAdiService (True,True,False,True,False) row 3"
                time="0.0080517"/>
      <testcase classname="Philips.PMP.Test.Auto.AlertNotificationServiceTest"
                name="StartAdiService (True,False,True,False,False) row 4"
                time="0.0154484"/>
      <testcase classname="Philips.PMP.Test.Auto.AlertNotificationServiceTest"
                name="StartAdiService (True,False,True,True,True) row 5"
                time="0.0130785"/>
      <testcase classname="Philips.PMP.Test.Auto.PatientFieldsHelperTest"
                name="PatientFieldsHelperGetEncounterIdDisplayMode"
                time="0.0022744"/>
      <testcase classname="Philips.PMP.Test.Auto.ConnectToServerControlTest"
                name="ConnectToServerControlUpdateOcspUri (True,1) row 1"
                time="0.0520611"/>
      <testcase classname="Philips.PMP.Test.Auto.ConnectToServerControlTest"
                name="ConnectToServerControlUpdateOcspUri (False,0) row 2"
                time="0.0387869"/>
      <testcase classname="Philips.PMP.Test.Auto.DeviceControlProviderTest"
                name="MeasurementControlsRevertProtocolToFactoryTest"
                time="0.4962034"/>
      <testcase classname="Philips.PMP.Test.Auto.DynamicAttributeTest"
                name="DynamicAttributeDeviceTypeSetByRepositoryComplex"
                time="0.0215863"/>
      <testcase classname="Philips.PMP.Test.Auto.PriorDataTest"
                name="PriorDataGetAvailableTimesTest"
                time="1.1774608"/>
      <testcase classname="Philips.CareEvent.Test.WctpListenerTests"
                name="ConvertErrorCodeToDispatchPageResultTests (200,Accepted) row 1"
                time="0.0054052"/>
      <testcase classname="Philips.CareEvent.Test.WctpListenerTests"
                name="ConvertErrorCodeToDispatchPageResultTests (210,Accepted) row 2"
                time="0.0035677"/>
      <testcase classname="Philips.CareEvent.Test.WctpListenerTests"
                name="ConvertErrorCodeToDispatchPageResultTests (211,Accepted) row 3"
                time="0.0030825"/>
      <testcase classname="Philips.CareEvent.Test.WctpListenerTests"
                name="ConvertErrorCodeToDispatchPageResultTests (212,Accepted) row 4"
                time="0.0031733"/>
      <testcase classname="Philips.CareEvent.Test.WctpListenerTests"
                name="ConvertErrorCodeToDispatchPageResultTests (213,Accepted) row 5"
                time="0.0020031"/>
      <testcase classname="Philips.CareEvent.Test.WctpListenerTests"
                name="ConvertErrorCodeToDispatchPageResultTests (215,Accepted) row 6"
                time="0.00176"/>
      <testcase classname="Philips.CareEvent.Test.WctpListenerTests"
                name="ConvertErrorCodeToDispatchPageResultTests (216,Accepted) row 7"
                time="0.0017187"/>
      <testcase classname="Philips.CareEvent.Test.WctpListenerTests"
                name="ConvertErrorCodeToDispatchPageResultTests (217,Accepted) row 8"
                time="0.0018053"/>
      <testcase classname="Philips.CareEvent.Test.WctpListenerTests"
                name="ConvertErrorCodeToDispatchPageResultTests (218,Accepted) row 9"
                time="0.0018018"/>
      <testcase classname="Philips.CareEvent.Test.WctpListenerTests"
                name="ConvertErrorCodeToDispatchPageResultTests (219,Accepted) row 10"
                time="0.0017775"/>
      <testcase classname="Philips.CareEvent.Test.WctpListenerTests"
                name="ConvertErrorCodeToDispatchPageResultTests (220,Accepted) row 11"
                time="0.0016765"/>
      <testcase classname="Philips.CareEvent.Test.WctpListenerTests"
                name="ConvertErrorCodeToDispatchPageResultTests (300,Rejected) row 12"
                time="0.0016691"/>
      <testcase classname="Philips.CareEvent.Test.WctpListenerTests"
                name="ConvertErrorCodeToDispatchPageResultTests (301,Rejected) row 13"
                time="0.0016658"/>
      <testcase classname="Philips.CareEvent.Test.WctpListenerTests"
                name="ConvertErrorCodeToDispatchPageResultTests (302,Rejected) row 14"
                time="0.0016118"/>
      <testcase classname="Philips.CareEvent.Test.WctpListenerTests"
                name="ConvertErrorCodeToDispatchPageResultTests (303,Rejected) row 15"
                time="0.0017128"/>
      <testcase classname="Philips.CareEvent.Test.WctpListenerTests"
                name="ConvertErrorCodeToDispatchPageResultTests (304,Rejected) row 16"
                time="0.0016413"/>
      <testcase classname="Philips.CareEvent.Test.WctpListenerTests"
                name="ConvertErrorCodeToDispatchPageResultTests (600,Rejected) row 17"
                time="0.0017434"/>
      <testcase classname="Philips.CareEvent.Test.WctpListenerTests"
                name="ConvertErrorCodeToDispatchPageResultTests (601,Rejected) row 18"
                time="0.0091745"/>
      <testcase classname="Philips.CareEvent.Test.WctpListenerTests"
                name="ConvertErrorCodeToDispatchPageResultTests (602,Rejected) row 19"
                time="0.0017812"/>
      <testcase classname="Philips.CareEvent.Test.WctpListenerTests"
                name="ConvertErrorCodeToDispatchPageResultTests (603,Rejected) row 20"
                time="0.0016458"/>
      <testcase classname="Philips.CareEvent.Test.WctpListenerTests"
                name="ConvertErrorCodeToDispatchPageResultTests (604,Rejected) row 21"
                time="0.0016701"/>
      <testcase classname="Philips.CareEvent.Test.WctpListenerTests"
                name="ConvertErrorCodeToDispatchPageResultTests (605,Rejected) row 22"
                time="0.0018634"/>
      <testcase classname="Philips.PIC.CertificateRenewal.Test.WebsiteCertificateUpdaterTest"
                name="WebsiteCertificateUpdaterCanUpdateCerticate (True) row 1"
                time="0.2180693"/>
      <testcase classname="Philips.PIC.CertificateRenewal.Test.WebsiteCertificateUpdaterTest"
                name="WebsiteCertificateUpdaterCanUpdateCerticate (False) row 2"
                time="0.0403404"/>
      <testcase classname="Philips.PMP.Test.Auto.SectorControlTest"
                name="SectorControlCanGetSilence (True,True,True) row 1"
                time="0.0804997"/>
      <testcase classname="Philips.PMP.Test.Auto.SectorControlTest"
                name="SectorControlCanGetSilence (False,True,False) row 2"
                time="0.0277084"/>
      <testcase classname="Philips.PMP.Test.Auto.SectorControlTest"
                name="SectorControlCanGetSilence (False,False,False) row 3"
                time="0.0324149"/>
      <testcase classname="Philips.PMP.Test.Auto.SectorControlTest"
                name="SectorControlCanGetSilence (True,False,False) row 4"
                time="0.0286033"/>
      <testcase classname="Philips.PMP.Test.Auto.DbArchiveMgrTest"
                name="DbArchiveMgrProtectsPatientInfo (True,True,False,False,True) row 1"
                time="0.1039332"/>
      <testcase classname="Philips.PMP.Test.Auto.DbArchiveMgrTest"
                name="DbArchiveMgrProtectsPatientInfo (False,False,False,False,False) row 2"
                time="0.0405768"/>
      <testcase classname="Philips.PMP.Test.Auto.DbArchiveMgrTest"
                name="DbArchiveMgrProtectsPatientInfo (True,True,True,True,True) row 3"
                time="0.0782749"/>
      <testcase classname="Philips.PMP.Test.Auto.DbArchiveMgrTest"
                name="DbArchiveMgrProtectsPatientInfo (True,False,True,False,False) row 4"
                time="0.0439941"/>
      <testcase classname="Philips.PMP.Test.Auto.EditDefinitionFormTest"
                name="ValidateInputTest (alarmevent,True) row 1"
                time="0.0109406"/>
      <testcase classname="Philips.PMP.Test.Auto.EditDefinitionFormTest"
                name="ValidateInputTest (,False) row 2"
                time="0.0072208"/>
      <testcase classname="Philips.PMP.Test.Auto.EditDefinitionFormTest"
                name="ValidateInputTest (,False) row 3"
                time="0.0168056"/>
      <testcase classname="Philips.PMP.Test.Auto.LicenseViewerXmlProviderTest"
                name="DeviceXmlProviderLoad"
                time="0.2688509"/>
      <testcase classname="Philips.PMP.Test.Auto.NumericProviderTest"
                name="NumericProviderMultiDynamicNumericMerge"
                time="0.4053808"/>
      <testcase classname="Philips.PMP.Test.Auto.TeleProfileHelperTest"
                name="TeleProfileHelperProtocolWatchSelectEntryForPatientTest"
                time="0.0048672"/>
      <testcase classname="Philips.PMP.Test.Auto.PhysioDataHelperTest"
                name="GetIntervalIntersectionTest"
                time="0.0050678"/>
      <testcase classname="Philips.PMP.Test.Auto.AlertProviderTest"
                name="AlertProviderUpdateAlertTest"
                time="0.0347698"/>
      <testcase classname="Philips.PMP.Test.Auto.CommonComConverterTest"
                name="ComConverterConvertEquipmentAction"
                time="0.0153107"/>
      <testcase classname="Philips.PMP.Test.Auto.WaveGapFinderTest"
                name="FindWaveGapsNoDataTest"
                time="0.0186975"/>
      <testcase classname="Philips.PMP.Test.Auto.EfficiaNumericMgrTest"
                name="EfficiaNumericMgrProcessQtMessagesTest"
                time="0.0523675"/>
      <testcase classname="Philips.PMP.Test.Auto.UnitPermissionsControlTest"
                name="UnitPermissionsControlIFeatureConfigurationVerify"
                time="0.0172344"/>
      <testcase classname="Philips.IX.UserManagement.Test.ProveIdWebApiMessageTest"
                name="AuthenticateWorkflowTest"
                time="0.0616092"/>
      <testcase classname="Philips.PMP.Test.Auto.PatientProviderTest"
                name="PatientStoreWithoutSectorTest"
                time="0.3566387"/>
      <testcase classname="Philips.PMP.Test.Auto.MultiHostSubscriberTest"
                name="MultiHostSubscriberTestWaitUntilConnectedReturnsFalseIfNotConnected"
                time="0.0210561"/>
      <testcase classname="Philips.PMP.Test.Auto.TeleProfileHelperTest"
                name="GetFactoryProfilesTest"
                time="0.0398595"/>
      <testcase classname="Philips.PMP.Test.Auto.IntelliBridgeLanDeviceAssignmentControlTest"
                name="LoadDeviceAllocationListViewTest"
                time="0.3069556"/>
      <testcase classname="Philips.PMP.Test.Auto.WatchdogProviderTest"
                name="GetProcessRestartCountTest"
                time="0.0332963"/>
      <testcase classname="Philips.PMP.Test.Auto.PhysioDataMgrTest"
                name="PhysioDataMgrModifiesNumericsTimesAsRequested (True,False) row 1"
                time="0.0028547"/>
      <testcase classname="Philips.PMP.Test.Auto.PhysioDataMgrTest"
                name="PhysioDataMgrModifiesNumericsTimesAsRequested (False,True) row 2"
                time="0.0016914"/>
      <testcase classname="Philips.PMP.Test.Auto.TrendUploadDvcTest"
                name="DvcCollectionGetsAllStays"
                time="0.1361282"/>
      <testcase classname="Philips.PMP.Test.Auto.BitLockerEditorTest"
                name="IsBitLockerOnTest (False,DecryptionInProgress) row 1"
                time="0.004435"/>
      <testcase classname="Philips.PMP.Test.Auto.BitLockerEditorTest"
                name="IsBitLockerOnTest (False,DecryptionPaused) row 2"
                time="0.0015737"/>
      <testcase classname="Philips.PMP.Test.Auto.BitLockerEditorTest"
                name="IsBitLockerOnTest (True,EncryptionInProgress) row 3"
                time="0.0015322"/>
      <testcase classname="Philips.PMP.Test.Auto.BitLockerEditorTest"
                name="IsBitLockerOnTest (True,EncryptionPaused) row 4"
                time="0.0014676"/>
      <testcase classname="Philips.PMP.Test.Auto.BitLockerEditorTest"
                name="IsBitLockerOnTest (False,FullyDecrypted) row 5"
                time="0.0014766"/>
      <testcase classname="Philips.PMP.Test.Auto.BitLockerEditorTest"
                name="IsBitLockerOnTest (True,FullyEncrypted) row 6"
                time="0.001618"/>
      <testcase classname="Philips.PMP.Test.Auto.OutboundAdtMgrTest"
                name="OutboundAdtMgrCanStopWhenNoConnection"
                time="0.0010017"/>
      <testcase classname="Philips.PMP.Test.Auto.CertificateThumbprintProviderTest"
                name="CertificateThumbprintGetAndStoreTest"
                time="0.2659121"/>
      <testcase classname="Philips.PMP.Test.Auto.LocationMappingTest"
                name="SwitchPortAssignmentTest"
                time="0.3112945"/>
      <testcase classname="Philips.PMP.LicenseService.Test.LicenseHostValidatorTest"
                name="LicenseValidatorValidatePhysioDeveloperNetworked512PatientConnections"
                time="0.0010638"/>
      <testcase classname="Philips.PMP.Test.Auto.PatientDataExportStorageTest"
                name="PdxPartitionMaintenanceRemovesDbLock"
                time="0.079194"/>
      <testcase classname="Philips.PMP.Test.Auto.MobilePatientMgrTest"
                name="PatientLookupByMultipleFieldQuery (True) row 1"
                time="0.0207207"/>
      <testcase classname="Philips.PMP.Test.Auto.MobilePatientMgrTest"
                name="PatientLookupByMultipleFieldQuery (False) row 2"
                time="0.0128891"/>
      <testcase classname="Philips.PMP.Test.Auto.StarHelperTest"
                name="GetNormalizationValidWaveValidUpperLower"
                time="0.0013784"/>
      <testcase classname="Philips.PMP.Test.Auto.TrendUploadMgrTest"
                name="TwoDevicesCanFindGapsWhileOneIsUploadingTest"
                time="0.0071532"/>
      <testcase classname="Philips.PMP.Test.Auto.DataRelayServiceTest"
                name="DataRelayServiceSubscriptionLimitTest (True,128,InvalidBedId) row 1"
                time="0.1113119"/>
      <testcase classname="Philips.PMP.Test.Auto.DataRelayServiceTest"
                name="DataRelayServiceSubscriptionLimitTest (True,129,InvalidBedId) row 2"
                time="0.0077302"/>
      <testcase classname="Philips.PMP.Test.Auto.DataRelayServiceTest"
                name="DataRelayServiceSubscriptionLimitTest (False,128,InvalidBedId) row 3"
                time="0.0084586"/>
      <testcase classname="Philips.PMP.Test.Auto.DataRelayServiceTest"
                name="DataRelayServiceSubscriptionLimitTest (False,129,ClientSubscriptionsExceeded) row 4"
                time="0.0049454"/>
      <testcase classname="Philips.PMP.Test.Auto.DataBackIntegrationTest"
                name="DataBackIntegrationSimpleObservedValueBuilderTest"
                time="0.0026954"/>
      <testcase classname="Philips.PMP.Test.Auto.UtilitiesServiceTest"
                name="ValidateAcpmp (True) row 1"
                time="0.1160112"/>
      <testcase classname="Philips.PMP.Test.Auto.UtilitiesServiceTest"
                name="ValidateAcpmp (False) row 2"
                time="0.0029473"/>
      <testcase classname="Philips.PMP.Test.Auto.EventLogConverterTest"
                name="LogSequenceConversionHandlesEmptyList"
                time="0.0018894"/>
      <testcase classname="Philips.PMP.LicenseService.Test.UnitFeatureMapTest"
                name="UnitFeatureMapIdentifiesUnitFeatures (PCX,True) row 1"
                time="0.00046"/>
      <testcase classname="Philips.PMP.LicenseService.Test.UnitFeatureMapTest"
                name="UnitFeatureMapIdentifiesUnitFeatures (RE1,True) row 2"
                time="0.0003235"/>
      <testcase classname="Philips.PMP.LicenseService.Test.UnitFeatureMapTest"
                name="UnitFeatureMapIdentifiesUnitFeatures (RE2,True) row 3"
                time="0.0002771"/>
      <testcase classname="Philips.PMP.LicenseService.Test.UnitFeatureMapTest"
                name="UnitFeatureMapIdentifiesUnitFeatures (D07,True) row 4"
                time="0.0002495"/>
      <testcase classname="Philips.PMP.LicenseService.Test.UnitFeatureMapTest"
                name="UnitFeatureMapIdentifiesUnitFeatures (12L,True) row 5"
                time="0.0002438"/>
      <testcase classname="Philips.PMP.LicenseService.Test.UnitFeatureMapTest"
                name="UnitFeatureMapIdentifiesUnitFeatures (12S,True) row 6"
                time="0.0002704"/>
      <testcase classname="Philips.PMP.LicenseService.Test.UnitFeatureMapTest"
                name="UnitFeatureMapIdentifiesUnitFeatures (FDC,True) row 7"
                time="0.0002755"/>
      <testcase classname="Philips.PMP.LicenseService.Test.UnitFeatureMapTest"
                name="UnitFeatureMapIdentifiesUnitFeatures (E01,True) row 8"
                time="0.0002626"/>
      <testcase classname="Philips.PMP.LicenseService.Test.UnitFeatureMapTest"
                name="UnitFeatureMapIdentifiesUnitFeatures (HXD,True) row 9"
                time="0.0002519"/>
      <testcase classname="Philips.PMP.LicenseService.Test.UnitFeatureMapTest"
                name="UnitFeatureMapIdentifiesUnitFeatures (CX2,True) row 10"
                time="0.0003102"/>
      <testcase classname="Philips.PMP.LicenseService.Test.UnitFeatureMapTest"
                name="UnitFeatureMapIdentifiesUnitFeatures (C14,True) row 11"
                time="0.0002626"/>
      <testcase classname="Philips.PMP.LicenseService.Test.UnitFeatureMapTest"
                name="UnitFeatureMapIdentifiesUnitFeatures (C67,True) row 12"
                time="0.0003072"/>
      <testcase classname="Philips.PMP.LicenseService.Test.UnitFeatureMapTest"
                name="UnitFeatureMapIdentifiesUnitFeatures (C17,True) row 13"
                time="0.000223"/>
      <testcase classname="Philips.PMP.LicenseService.Test.UnitFeatureMapTest"
                name="UnitFeatureMapIdentifiesUnitFeatures (ORD,True) row 14"
                time="0.0002568"/>
      <testcase classname="Philips.PMP.LicenseService.Test.UnitFeatureMapTest"
                name="UnitFeatureMapIdentifiesUnitFeatures (LAB,True) row 15"
                time="0.0002708"/>
      <testcase classname="Philips.PMP.LicenseService.Test.UnitFeatureMapTest"
                name="UnitFeatureMapIdentifiesUnitFeatures (RPT,True) row 16"
                time="0.0003268"/>
      <testcase classname="Philips.PMP.LicenseService.Test.UnitFeatureMapTest"
                name="UnitFeatureMapIdentifiesUnitFeatures (GBC,True) row 17"
                time="0.0004193"/>
      <testcase classname="Philips.PMP.LicenseService.Test.UnitFeatureMapTest"
                name="UnitFeatureMapIdentifiesUnitFeatures (HDX,True) row 18"
                time="0.0002869"/>
      <testcase classname="Philips.PMP.LicenseService.Test.UnitFeatureMapTest"
                name="UnitFeatureMapIdentifiesUnitFeatures (WSX,True) row 19"
                time="0.0002353"/>
      <testcase classname="Philips.PMP.LicenseService.Test.UnitFeatureMapTest"
                name="UnitFeatureMapIdentifiesUnitFeatures (MWS,True) row 20"
                time="0.0003543"/>
      <testcase classname="Philips.PMP.LicenseService.Test.UnitFeatureMapTest"
                name="UnitFeatureMapIdentifiesUnitFeatures (ALA,True) row 21"
                time="0.0003942"/>
      <testcase classname="Philips.PMP.LicenseService.Test.UnitFeatureMapTest"
                name="UnitFeatureMapIdentifiesUnitFeatures (CX3,True) row 22"
                time="0.0003239"/>
      <testcase classname="Philips.PMP.LicenseService.Test.UnitFeatureMapTest"
                name="UnitFeatureMapIdentifiesUnitFeatures (SEC,True) row 23"
                time="0.0003324"/>
      <testcase classname="Philips.PMP.LicenseService.Test.UnitFeatureMapTest"
                name="UnitFeatureMapIdentifiesUnitFeatures (ACU,True) row 24"
                time="0.0003524"/>
      <testcase classname="Philips.PMP.LicenseService.Test.UnitFeatureMapTest"
                name="UnitFeatureMapIdentifiesUnitFeatures (GEN,True) row 25"
                time="0.0002862"/>
      <testcase classname="Philips.PMP.LicenseService.Test.UnitFeatureMapTest"
                name="UnitFeatureMapIdentifiesUnitFeatures (WLK,True) row 26"
                time="0.0004514"/>
      <testcase classname="Philips.PMP.LicenseService.Test.UnitFeatureMapTest"
                name="UnitFeatureMapIdentifiesUnitFeatures (WSM,True) row 27"
                time="0.0003035"/>
      <testcase classname="Philips.PMP.LicenseService.Test.UnitFeatureMapTest"
                name="UnitFeatureMapIdentifiesUnitFeatures (PCV,False) row 28"
                time="0.0002614"/>
      <testcase classname="Philips.CareEvent.Test.RingtoneMetadataTest"
                name="RingtoneMetadataShouldParseDuration (LargeDuration,True) row 1"
                time="0.0021643"/>
      <testcase classname="Philips.CareEvent.Test.RingtoneMetadataTest"
                name="RingtoneMetadataShouldParseDuration (NormalFile,False) row 2"
                time="0.0004001"/>
      <testcase classname="Philips.PMP.Test.Auto.RepositoryDropoutCounterTest"
                name="RepositoryDropoutCounterUpdateWaveUnavailableCounterTestWith2ConsecutiveUnavilableWaveSamples"
                time="0.0005159"/>
      <testcase classname="Philips.PMP.Test.Auto.DbArchiveMgrTest"
                name="DbArchiveMgrEnsureAllDbInitialized"
                time="2.4529263"/>
      <testcase classname="Philips.PMP.Test.Auto.TopologyTreeControlTest"
                name="TopologyTreeControlDynamicTopologySource"
                time="0.2545893"/>
      <testcase classname="Philips.PMP.Test.Auto.ApmOsUpdateClientTest"
                name="ApmOsUpdateClientStateTransitionTest"
                time="0.024785"/>
      <testcase classname="Philips.PMP.Test.Auto.PhysioDataTest"
                name="PhysioDataNumericIsNotEwsScore"
                time="0.0030075"/>
      <testcase classname="Philips.PMP.Test.Auto.ClinicalAuditHelperTest"
                name="PopulateSearchByTest"
                time="0.2430244"/>
      <testcase classname="Philips.PMP.Test.Auto.PatientMgrMapTest"
                name="PatientMgrMapGetBedTest"
                time="0.0016193"/>
      <testcase classname="Philips.PMP.Test.Auto.SystemPerformanceTest"
                name="GetValuesByHostConfigA"
                time="0.793966"/>
      <testcase classname="Philips.PMP.Test.Auto.StreamNotificationServiceTest"
                name="StreamNotificationServiceCanSubscribe (True,1) row 1"
                time="0.0049772"/>
      <testcase classname="Philips.PMP.Test.Auto.StreamNotificationServiceTest"
                name="StreamNotificationServiceCanSubscribe (False,0) row 2"
                time="0.0014805"/>
      <testcase classname="Philips.PMP.Test.Auto.UnitSettingsCacheTest"
                name="UnitSettingsCachePatientGroupListSettingsTest"
                time="0.004749"/>
      <testcase classname="Philips.PMP.Test.Auto.StandaloneOptionsQualifierTest"
                name="CorrectWillSaveWithUnitLicense"
                time="0.0025829"/>
      <testcase classname="Philips.PMP.Test.Auto.NumericProviderTest"
                name="NumericProviderPeriodicThreeDataruns"
                time="0.2885355"/>
      <testcase classname="Philips.PMP.Test.Auto.InfoProviderTest"
                name="InfoProviderPrettyTimeOnInterval1Test"
                time="0.0050629"/>
      <testcase classname="Philips.PMP.Test.Auto.AutoAdtConfigControlTest"
                name="SetDropdownControlChoiceTest"
                time="0.0159009"/>
      <testcase classname="Philips.PMP.Test.Auto.EfficiaNumericMgrTest"
                name="EfficiaNumericMgrProcessAlarmLimitsValidityTest"
                time="0.0337354"/>
      <testcase classname="Philips.PMP.Test.Auto.ActiveDirectoryConfiguratorTest"
                name="ActiveDirectoryConfiguratorSyncTimeChangedWithNullUserInfo"
                time="0.004611"/>
      <testcase classname="Philips.PMP.Test.Auto.InfoProviderTest"
                name="InfoProviderGetPrettyTimeTest"
                time="0.0053616"/>
      <testcase classname="Philips.PMP.Test.Auto.PhysioDataDisplayHelperTest"
                name="TryGetEnumerationStatusStringTest"
                time="0.0004935"/>
      <testcase classname="Philips.PMP.Test.Auto.LogSeverityConverterTest"
                name="LogDataConverterDetectsUnknownLogLevelMappings"
                time="0.0005469"/>
      <testcase classname="Philips.PMP.Test.Auto.NumericProviderTest"
                name="NumericProviderAperiodicForAlarmReview"
                time="0.3994772"/>
      <testcase classname="Philips.PMP.Test.Auto.StitchTest"
                name="StitchTimeWaveTest"
                time="0.0209539"/>
      <testcase classname="Philips.PMP.Test.Auto.EcgFilterAvailableHelperTest"
                name="EcgFilterAvailableHelperIsEcgFilterAvailable"
                time="0.0060456"/>
      <testcase classname="Philips.PMP.Test.Auto.IxConfigFileProviderTest"
                name="GetDefaultUnitFromRightConfigFile"
                time="0.0219495"/>
      <testcase classname="Philips.PMP.Test.Auto.AlertFileMgrTest"
                name="PdxAlertsAreExportedCorrectly"
                time="0.0006268"/>
      <testcase classname="Philips.PMP.Test.Auto.AlertHelperTest"
                name="AlertHelperAreDeviceAlertConditionsDifferentTest"
                time="0.0039503"/>
      <testcase classname="Philips.IX.UserManagement.Test.UserAuthenticationSessionTest"
                name="UserAuthenticationSessionTwoStepAuthenticateFailThenSucceed"
                time="0.0218213"/>
      <testcase classname="Philips.PMP.Test.Auto.UserManagementProviderTest"
                name="RoleTest"
                time="0.3012266"/>
      <testcase classname="Philips.iX.PatientDataBridge.Test.PatientDataTest"
                name="PostsReadmittedPatient"
                time="0.0036725"/>
      <testcase classname="Philips.PMP.Test.Auto.PatientFieldsValidatorTest"
                name="PatientFieldsValidatorValidateAllRequiredFieldsIsOk"
                time="0.0027763"/>
      <testcase classname="Philips.CareEvent.Test.CareAssignmentControlTests"
                name="TopologyChangeEventsWithoutZoneAsScopeShouldNotRefreshCareAssignmentsUI"
                time="0.0454492"/>
      <testcase classname="Philips.PMP.Test.Auto.PatientSyncProviderTest"
                name="DbSyncHelperAddPatientSettingsToSyncTest (True,False,False,False) row 1"
                time="0.0240728"/>
      <testcase classname="Philips.PMP.Test.Auto.PatientSyncProviderTest"
                name="DbSyncHelperAddPatientSettingsToSyncTest (False,True,False,False) row 2"
                time="0.0498207"/>
      <testcase classname="Philips.PMP.Test.Auto.PatientSyncProviderTest"
                name="DbSyncHelperAddPatientSettingsToSyncTest (True,True,False,False) row 3"
                time="0.0450542"/>
      <testcase classname="Philips.PMP.Test.Auto.PatientSyncProviderTest"
                name="DbSyncHelperAddPatientSettingsToSyncTest (True,True,True,True) row 4"
                time="0.2342855"/>
      <testcase classname="Philips.PMP.Test.Auto.DevelopmentEnvironmentQualifierTest"
                name="DevelopmentEnvironmentVerifyVisualStudioNotInstallShould"
                time="0.001321"/>
      <testcase classname="Philips.PMP.Test.Auto.AcpmpQualifierTest"
                name="AcpmpQualifierHasCorrectDescription"
                time="0.0010732"/>
      <testcase classname="Philips.PMP.Test.Auto.FreeTextIdGeneratorTest"
                name="FreeTextGeneratorWraps"
                time="0.0028581"/>
      <testcase classname="Philips.PMP.Test.Auto.AuditEntriesControlTest"
                name="AuditCreateExportTable"
                time="0.0574653"/>
      <testcase classname="Philips.PMP.Test.Auto.ReportingServiceTest"
                name="GeneratePdfMetadataTest"
                time="0.0153724"/>
      <testcase classname="Philips.PIC.DeviceUserManagement.Test.DeviceUserManagementConfigProviderTest"
                name="DeviceUserManagementConfigProviderGetConfig (True,PinPswd,SsoActivated) row 1"
                time="0.1589582"/>
      <testcase classname="Philips.PIC.DeviceUserManagement.Test.DeviceUserManagementConfigProviderTest"
                name="DeviceUserManagementConfigProviderGetConfig (False,PswdOnly,None) row 2"
                time="0.0011789"/>
      <testcase classname="Philips.PMP.Test.Auto.DeviceServiceTest"
                name="DeviceServiceCloseSecureConnectionTest"
                time="0.00316"/>
      <testcase classname="Philips.PMP.Test.Auto.StitchTest"
                name="StitchReceivedDvcLogicTwoEntriesCombinationsTest2"
                time="0.0052053"/>
      <testcase classname="Philips.PIC.WebBridge.Test.ResouresMgrTest"
                name="ResouresMgrTryGetResourceTest"
                time="0.0087282"/>
      <testcase classname="Philips.CareEvent.Test.EventBridgeTests"
                name="BridgeStatusUpdateTest"
                time="0.0262145"/>
      <testcase classname="Philips.PMP.Test.Auto.AnnotationFormCheckerTest"
                name="AnnotationFormCheckerShouldShowWaveStripWorkflow (False,True,False,False,False) row 1"
                time="0.0036201"/>
      <testcase classname="Philips.PMP.Test.Auto.AnnotationFormCheckerTest"
                name="AnnotationFormCheckerShouldShowWaveStripWorkflow (False,False,False,False,False) row 2"
                time="0.0012337"/>
      <testcase classname="Philips.PMP.Test.Auto.AnnotationFormCheckerTest"
                name="AnnotationFormCheckerShouldShowWaveStripWorkflow (False,False,True,False,False) row 3"
                time="0.0011883"/>
      <testcase classname="Philips.PMP.Test.Auto.AnnotationFormCheckerTest"
                name="AnnotationFormCheckerShouldShowWaveStripWorkflow (False,False,True,True,False) row 4"
                time="0.0014257"/>
      <testcase classname="Philips.PMP.Test.Auto.AnnotationFormCheckerTest"
                name="AnnotationFormCheckerShouldShowWaveStripWorkflow (True,True,False,True,True) row 5"
                time="0.0011438"/>
      <testcase classname="Philips.PMP.Test.Auto.AnnotationFormCheckerTest"
                name="AnnotationFormCheckerShouldShowWaveStripWorkflow (True,False,False,False,False) row 6"
                time="0.0011461"/>
      <testcase classname="Philips.PMP.Test.Auto.AnnotationFormCheckerTest"
                name="AnnotationFormCheckerShouldShowWaveStripWorkflow (True,False,True,False,False) row 7"
                time="0.001181"/>
      <testcase classname="Philips.PMP.Test.Auto.AnnotationFormCheckerTest"
                name="AnnotationFormCheckerShouldShowWaveStripWorkflow (True,False,True,True,True) row 8"
                time="0.001084"/>
      <testcase classname="Philips.PMP.Test.Auto.EcgDerivationMgrTest"
                name="HexadFromBedsidePopulatesDerivedLeadListCorrectlyTest"
                time="0.0746943"/>
      <testcase classname="Philips.PMP.Test.Auto.MobileEnumerationConverterTest"
                name="MobileEnumerationConverterConvertEnumerationCompoundValue"
                time="0.0007462"/>
      <testcase classname="Philips.PMP.Test.Auto.ControlServiceHelperTest"
                name="ControlServiceHelperLeadsetUnpluggedSettingTest"
                time="0.0041179"/>
      <testcase classname="Philips.PMP.Test.Auto.UserDataMgrTest"
                name="UserNameIsValidTest (\,False) row 1"
                time="0.002293"/>
      <testcase classname="Philips.PMP.Test.Auto.UserDataMgrTest"
                name="UserNameIsValidTest (/,False) row 2"
                time="0.0019005"/>
      <testcase classname="Philips.PMP.Test.Auto.UserDataMgrTest"
                name="UserNameIsValidTest (&#34;,False) row 3"
                time="0.0010648"/>
      <testcase classname="Philips.PMP.Test.Auto.UserDataMgrTest"
                name="UserNameIsValidTest ([],False) row 4"
                time="0.0005396"/>
      <testcase classname="Philips.PMP.Test.Auto.UserDataMgrTest"
                name="UserNameIsValidTest (:,False) row 5"
                time="0.0003994"/>
      <testcase classname="Philips.PMP.Test.Auto.UserDataMgrTest"
                name="UserNameIsValidTest (|,False) row 6"
                time="0.0006298"/>
      <testcase classname="Philips.PMP.Test.Auto.UserDataMgrTest"
                name="UserNameIsValidTest (&lt;,False) row 7"
                time="0.0004338"/>
      <testcase classname="Philips.PMP.Test.Auto.UserDataMgrTest"
                name="UserNameIsValidTest (+,False) row 8"
                time="0.0049736"/>
      <testcase classname="Philips.PMP.Test.Auto.UserDataMgrTest"
                name="UserNameIsValidTest (=,False) row 9"
                time="0.0004913"/>
      <testcase classname="Philips.PMP.Test.Auto.UserDataMgrTest"
                name="UserNameIsValidTest (;,False) row 10"
                time="0.0004498"/>
      <testcase classname="Philips.PMP.Test.Auto.UserDataMgrTest"
                name="UserNameIsValidTest (,,False) row 11"
                time="0.0015177"/>
      <testcase classname="Philips.PMP.Test.Auto.UserDataMgrTest"
                name="UserNameIsValidTest (?,False) row 12"
                time="0.0012073"/>
      <testcase classname="Philips.PMP.Test.Auto.UserDataMgrTest"
                name="UserNameIsValidTest (*,False) row 13"
                time="0.0006426"/>
      <testcase classname="Philips.PMP.Test.Auto.UserDataMgrTest"
                name="UserNameIsValidTest (@,False) row 14"
                time="0.00056"/>
      <testcase classname="Philips.PMP.Test.Auto.UserDataMgrTest"
                name="UserNameIsValidTest ( ,True) row 15"
                time="0.0006956"/>
      <testcase classname="Philips.PMP.Test.Auto.UserDataMgrTest"
                name="UserNameIsValidTest (abc123?,False) row 16"
                time="0.0008753"/>
      <testcase classname="Philips.PMP.Test.Auto.UserDataMgrTest"
                name="UserNameIsValidTest (abc,True) row 17"
                time="0.0007681"/>
      <testcase classname="Philips.PMP.Test.Auto.UserDataMgrTest"
                name="UserNameIsValidTest (ABC,True) row 18"
                time="0.0006128"/>
      <testcase classname="Philips.PMP.Test.Auto.UserDataMgrTest"
                name="UserNameIsValidTest (123,True) row 19"
                time="0.000465"/>
      <testcase classname="Philips.PMP.Test.Auto.UserDataMgrTest"
                name="UserNameIsValidTest (aBc123,True) row 20"
                time="0.0004415"/>
      <testcase classname="Philips.PMP.Test.Auto.UserDataMgrTest"
                name="UserNameIsValidTest (Charge Nurse1,True) row 21"
                time="0.0007566"/>
      <testcase classname="Philips.PMP.Test.Auto.HostAccessViewControllerTest"
                name="HostAccessViewControllerMoveRemainingUnitsToFullAccessFromReadOnlyAccess"
                time="0.0072501"/>
      <testcase classname="Philips.IX.UserManagement.Test.UserAuthenticationSessionTest"
                name="UserAuthenticationSessionTwoStepAuthenticateSuccessPrimary (Pin) row 1"
                time="0.0259567"/>
      <testcase classname="Philips.IX.UserManagement.Test.UserAuthenticationSessionTest"
                name="UserAuthenticationSessionTwoStepAuthenticateSuccessPrimary (Password) row 2"
                time="0.0196798"/>
      <testcase classname="Philips.PMP.Test.Auto.QualificationProviderTest"
                name="GetMyQualifiersTest (True,SystemValidation,True,False) row 1"
                time="0.0253478"/>
      <testcase classname="Philips.PMP.Test.Auto.QualificationProviderTest"
                name="GetMyQualifiersTest (True,SystemValidation,False,True) row 2"
                time="0.0024774"/>
      <testcase classname="Philips.PMP.Test.Auto.QualificationProviderTest"
                name="GetMyQualifiersTest (False,SystemValidation,False,False) row 3"
                time="0.0023999"/>
      <testcase classname="Philips.PMP.Test.Auto.QualificationProviderTest"
                name="GetMyQualifiersTest (True,HostQualification,True,False) row 4"
                time="0.001022"/>
      <testcase classname="Philips.PMP.Test.Auto.QualificationProviderTest"
                name="GetMyQualifiersTest (False,HostQualification,False,True) row 5"
                time="0.0010399"/>
      <testcase classname="Philips.PMP.Test.Auto.LinePlotTest"
                name="FindStartIndexTest (0,0) row 1"
                time="0.0016693"/>
      <testcase classname="Philips.PMP.Test.Auto.LinePlotTest"
                name="FindStartIndexTest (0,4) row 2"
                time="0.0004889"/>
      <testcase classname="Philips.PMP.Test.Auto.LinePlotTest"
                name="FindStartIndexTest (0,5) row 3"
                time="0.000434"/>
      <testcase classname="Philips.PMP.Test.Auto.LinePlotTest"
                name="FindStartIndexTest (0,6) row 4"
                time="0.0004511"/>
      <testcase classname="Philips.PMP.Test.Auto.LinePlotTest"
                name="FindStartIndexTest (9,15) row 5"
                time="0.0004339"/>
      <testcase classname="Philips.PMP.Test.Auto.LinePlotTest"
                name="FindStartIndexTest (10,16) row 6"
                time="0.0004457"/>
      <testcase classname="Philips.PMP.Test.Auto.LinePlotTest"
                name="FindStartIndexTest (11,17) row 7"
                time="0.0004327"/>
      <testcase classname="Philips.PMP.Test.Auto.LinePlotTest"
                name="FindStartIndexTest (12,18) row 8"
                time="0.0004381"/>
      <testcase classname="Philips.PMP.Test.Auto.LinePlotTest"
                name="FindStartIndexTest (12,19) row 9"
                time="0.0004248"/>
      <testcase classname="Philips.PMP.Test.Auto.ServiceMgrTest"
                name="AllServiceHaveDefaultConstructorTest"
                time="0.5787315"/>
      <testcase classname="Philips.PMP.Test.Auto.VersionExTest"
                name="VersionStringTests"
                time="0.0006753"/>
      <testcase classname="Philips.PMP.Test.Auto.ComplexMetricProviderTest"
                name="ComplexMetricProviderMergeByLabelTextIdTest"
                time="0.0057801"/>
      <testcase classname="Philips.iX.DataBridge.Common.Test.AcpmpStatusAggregatorTest"
                name="AcpmpStatusAggregatorUpdatesStatusMessage"
                time="0.0431744"/>
      <testcase classname="Philips.PMP.Test.Auto.EcgLeadSelectionMgrTest"
                name="ChangeBedAffectsControlMgrTest"
                time="0.0074331"/>
      <testcase classname="Philips.CareEvent.Test.MobileStaffAssignmentMgrTests"
                name="GetUnitAndBedAssignmentIfOneUnitIsAvailable (True,False) row 1"
                time="0.0179917"/>
      <testcase classname="Philips.CareEvent.Test.MobileStaffAssignmentMgrTests"
                name="GetUnitAndBedAssignmentIfOneUnitIsAvailable (False,True) row 2"
                time="0.037743"/>
      <testcase classname="Philips.PMP.Test.Auto.CaregiverAssignmentProviderTest"
                name="CheckExpectedCaregiverColors"
                time="0.0098215"/>
      <testcase classname="Philips.PMP.Test.Auto.IheDeviceTest"
                name="IheBBraunDoselinkPlusAlarmCountTest"
                time="0.0061168"/>
      <testcase classname="Philips.PMP.Test.Auto.ConnectToServerInstallMgrTest"
                name="OtherHostPrimaryLoginFailTest"
                time="0.0048225"/>
      <testcase classname="Philips.PMP.Test.Auto.WebPortalViewControllerTest"
                name="WebPortalViewControllerSetView"
                time="0.0029148"/>
      <testcase classname="Philips.PMP.Test.Auto.MdilTimeDistributorTest"
                name="MdilTimeDistributorSendTimeToManagedDevice"
                time="0.0033589"/>
      <testcase classname="Philips.PMP.Test.Auto.ProtocolWatchControlMgrTest"
                name="ProtocolWatchProcessProtocolConfigChangeTest"
                time="0.0078522"/>
      <testcase classname="Philips.PMP.Test.Auto.AutoAdtConfigControlTest"
                name="OnAdmitConfirmationCheckChangedTest"
                time="0.0118613"/>
      <testcase classname="Philips.PMP.Test.Auto.HostLicenseProcessorTest"
                name="GetInternalWebServerTest"
                time="0.0033991"/>
      <testcase classname="Philips.PMP.Test.Auto.Hl7StoreForwardHandlerTest"
                name="Hl7HandleMessageSendTest (True,False,1) row 1"
                time="0.0018638"/>
      <testcase classname="Philips.PMP.Test.Auto.Hl7StoreForwardHandlerTest"
                name="Hl7HandleMessageSendTest (True,True,0) row 2"
                time="0.0014709"/>
      <testcase classname="Philips.PMP.Test.Auto.MobileNumericConverterTest"
                name="MobileNumericConverterCanFormatColors"
                time="0.0018601"/>
      <testcase classname="Philips.PMP.Test.Auto.IheDeviceDataMgrTest"
                name="IHEDeviceDataMgrCreatesNoDeviceDataInopOnAssignment"
                time="0.0229927"/>
      <testcase classname="Philips.PMP.Test.Auto.ClinicalAuditHelperTest"
                name="ValidateInputTest"
                time="0.2378612"/>
      <testcase classname="Philips.PMP.Test.Auto.WaveDataTest"
                name="RemoveRawEasiLeads"
                time="0.0033428"/>
      <testcase classname="Philips.PMP.Test.Auto.ApplicationWindowControlTest"
                name="ApplicationWindowControlShouldProcessSectorAssignmentChanged (False,False,ChangeSector,False) row 1"
                time="0.051377"/>
      <testcase classname="Philips.PMP.Test.Auto.ApplicationWindowControlTest"
                name="ApplicationWindowControlShouldProcessSectorAssignmentChanged (False,True,ChangeSector,False) row 2"
                time="0.0549421"/>
      <testcase classname="Philips.PMP.Test.Auto.ApplicationWindowControlTest"
                name="ApplicationWindowControlShouldProcessSectorAssignmentChanged (True,False,ChangeSector,False) row 3"
                time="0.0503574"/>
      <testcase classname="Philips.PMP.Test.Auto.ApplicationWindowControlTest"
                name="ApplicationWindowControlShouldProcessSectorAssignmentChanged (True,True,ChangeSector,True) row 4"
                time="0.0563438"/>
      <testcase classname="Philips.PMP.Test.Auto.ApplicationWindowControlTest"
                name="ApplicationWindowControlShouldProcessSectorAssignmentChanged (False,False,ClearSector,False) row 5"
                time="0.0468639"/>
      <testcase classname="Philips.PMP.Test.Auto.ApplicationWindowControlTest"
                name="ApplicationWindowControlShouldProcessSectorAssignmentChanged (False,True,ClearSector,False) row 6"
                time="0.0632186"/>
      <testcase classname="Philips.PMP.Test.Auto.ApplicationWindowControlTest"
                name="ApplicationWindowControlShouldProcessSectorAssignmentChanged (True,False,ClearSector,False) row 7"
                time="0.0549777"/>
      <testcase classname="Philips.PMP.Test.Auto.ApplicationWindowControlTest"
                name="ApplicationWindowControlShouldProcessSectorAssignmentChanged (True,True,ClearSector,True) row 8"
                time="0.0581842"/>
      <testcase classname="Philips.PMP.Test.Auto.ApplicationWindowControlTest"
                name="ApplicationWindowControlShouldProcessSectorAssignmentChanged (False,False,LockUnlockSector,False) row 9"
                time="0.0535003"/>
      <testcase classname="Philips.PMP.Test.Auto.ApplicationWindowControlTest"
                name="ApplicationWindowControlShouldProcessSectorAssignmentChanged (False,True,LockUnlockSector,False) row 10"
                time="0.0609833"/>
      <testcase classname="Philips.PMP.Test.Auto.ApplicationWindowControlTest"
                name="ApplicationWindowControlShouldProcessSectorAssignmentChanged (True,False,LockUnlockSector,False) row 11"
                time="0.055624"/>
      <testcase classname="Philips.PMP.Test.Auto.ApplicationWindowControlTest"
                name="ApplicationWindowControlShouldProcessSectorAssignmentChanged (True,True,LockUnlockSector,True) row 12"
                time="0.0571993"/>
      <testcase classname="Philips.PMP.Test.Auto.ApplicationWindowControlTest"
                name="ApplicationWindowControlShouldProcessSectorAssignmentChanged (False,False,AssignSector,False) row 13"
                time="0.0571076"/>
      <testcase classname="Philips.PMP.Test.Auto.ApplicationWindowControlTest"
                name="ApplicationWindowControlShouldProcessSectorAssignmentChanged (False,True,AssignSector,True) row 14"
                time="0.0594458"/>
      <testcase classname="Philips.PMP.Test.Auto.ApplicationWindowControlTest"
                name="ApplicationWindowControlShouldProcessSectorAssignmentChanged (True,False,AssignSector,False) row 15"
                time="0.0587502"/>
      <testcase classname="Philips.PMP.Test.Auto.ApplicationWindowControlTest"
                name="ApplicationWindowControlShouldProcessSectorAssignmentChanged (True,True,AssignSector,True) row 16"
                time="0.0545617"/>
      <testcase classname="Philips.PMP.Test.Auto.SoftwareUpdateHelperTest"
                name="StoreInvalidDeviceStatus"
                time="0.0117619"/>
      <testcase classname="Philips.PMP.Test.Auto.MobilePatientMgrTest"
                name="GetMobileEncounterIdTypesTest (Unknown,Unknown) row 1"
                time="0.0021669"/>
      <testcase classname="Philips.PMP.Test.Auto.MobilePatientMgrTest"
                name="GetMobileEncounterIdTypesTest (VisitNumber,VisitNumber) row 2"
                time="0.0112597"/>
      <testcase classname="Philips.PMP.Test.Auto.MobilePatientMgrTest"
                name="GetMobileEncounterIdTypesTest (AccountNumber,AccountNumber) row 3"
                time="0.0027065"/>
      <testcase classname="Philips.PMP.Test.Auto.PatientDataExportFileTest"
                name="PdxCorrectEnumerationFilesAreExported"
                time="0.1339001"/>
      <testcase classname="Philips.PMP.Test.Auto.DataTileHelperTest"
                name="DataTileHelperSpotCheckTrendControlTest (True) row 1"
                time="0.2238832"/>
      <testcase classname="Philips.PMP.Test.Auto.DataTileHelperTest"
                name="DataTileHelperSpotCheckTrendControlTest (False) row 2"
                time="0.0240941"/>
      <testcase classname="Philips.PMP.Test.Auto.StitchTest"
                name="DiscardedAlertStitchTest"
                time="0.0197712"/>
      <testcase classname="Philips.PMP.Test.Auto.DataTileHelperTest"
                name="DataTileHelperConvertRectangleToPixelsTest"
                time="0.0082089"/>
      <testcase classname="Philips.PMP.Test.Auto.DbMigrationMgrTest"
                name="DbMigrationVerifyVersions"
                time="0.0018829"/>
      <testcase classname="Philips.PMP.Test.Auto.IntelliBridgeLanConfigurationControlTest"
                name="LanConfigurationSetupInitialDataTest (True) row 1"
                time="0.0483869"/>
      <testcase classname="Philips.PMP.Test.Auto.IntelliBridgeLanConfigurationControlTest"
                name="LanConfigurationSetupInitialDataTest (False) row 2"
                time="0.0480036"/>
      <testcase classname="Philips.PMP.Test.Auto.EcgFilterAvailableHelperTest"
                name="EcgFilterAvailableIsEcgFilterAvailableWaveDictionaryOnly"
                time="0.0023634"/>
      <testcase classname="Philips.PMP.Test.Auto.EcgIpmFilterTest"
                name="EcgTestFiltersRespectPreviousSampleLogic"
                time="0.0021334"/>
      <testcase classname="Philips.PMP.Test.Auto.NetworkScanTest"
                name="GetNewAPCDevices"
                time="0.1484339"/>
      <testcase classname="Philips.PMP.Test.Auto.MobileRemoteControlsValidatorTest"
                name="NumericControlsRequestRemoteControlAccessGrantedToUserTest (True,True,Success,Success) row 1"
                time="0.0556512"/>
      <testcase classname="Philips.PMP.Test.Auto.MobileRemoteControlsValidatorTest"
                name="NumericControlsRequestRemoteControlAccessGrantedToUserTest (True,False,Success,Success) row 2"
                time="0.0041461"/>
      <testcase classname="Philips.PMP.Test.Auto.MobileRemoteControlsValidatorTest"
                name="NumericControlsRequestRemoteControlAccessGrantedToUserTest (False,True,Success,Success) row 3"
                time="0.00318"/>
      <testcase classname="Philips.PMP.Test.Auto.MobileRemoteControlsValidatorTest"
                name="NumericControlsRequestRemoteControlAccessGrantedToUserTest (False,False,Failed,PermissionError) row 4"
                time="0.0052793"/>
      <testcase classname="Philips.PMP.Test.Auto.WaveAnnotationHelperTest"
                name="CalculateWaveAnnotationsInvalidThreshold"
                time="0.0044307"/>
      <testcase classname="Philips.PMP.Test.Auto.EventNotificationValidatorTest"
                name="ValidateErrorWhenCharegeRoleAndOverviewRoleAreSameTest"
                time="0.2437196"/>
      <testcase classname="Philips.PMP.Test.Auto.NumericTileTest"
                name="EfficiaPressureAlarmLimitTest"
                time="0.0545714"/>
      <testcase classname="Philips.PMP.Test.Auto.ExportLogsHelperTest"
                name="ExportLogsHelperGetAuthenticationParametersTest (,,-T) row 1"
                time="0.022113"/>
      <testcase classname="Philips.PMP.Test.Auto.ExportLogsHelperTest"
                name="ExportLogsHelperGetAuthenticationParametersTest (,any,-T) row 2"
                time="0.0125194"/>
      <testcase classname="Philips.PMP.Test.Auto.ExportLogsHelperTest"
                name="ExportLogsHelperGetAuthenticationParametersTest (name,secret, -U &#34;name&#34; -P &#34;secret&#34;) row 3"
                time="0.0031246"/>
      <testcase classname="Philips.PMP.Test.Auto.ExportLogsHelperTest"
                name="ExportLogsHelperGetAuthenticationParametersTest (username,special$^&#34;@#%^&amp;*()_-+=characters!~`, -U &#34;username&#34; -P &#34;special$^&#34;&#34;@#%^&amp;*()_-+=characters!~`&#34;) row 4"
                time="0.0055743"/>
      <testcase classname="Philips.PIC.DeviceUserManagement.Test.DeviceUserManagementServiceTest"
                name="DeviceUserManagementServiceSecurityConfigChange"
                time="0.0110564"/>
      <testcase classname="Philips.PMP.Test.Auto.MessageProviderTest"
                name="GetScheduleMessagesTest"
                time="0.7951459"/>
      <testcase classname="Philips.PMP.Test.Auto.RolesControlHelperTest"
                name="RolesControlHelperGetConfirmationMessage"
                time="0.0010526"/>
      <testcase classname="Philips.PIC.RfidReader.Test.PcProxReaderWrapperTest"
                name="PcProxReaderWrapperInitializeNotConnectedTest"
                time="0.0023173"/>
      <testcase classname="Philips.PMP.Test.Auto.Hl7TcpConnectionTest"
                name="Hl7TcpConnectionSendFailOnWrite"
                time="0.0032502"/>
      <testcase classname="Philips.PIC.CertificateSync.Test.CertificateSyncServiceTest"
                name="CertificateSyncServiceStart"
                time="0.1061351"/>
      <testcase classname="Philips.CareEvent.Test.MobileCarrierSettingsControlTest"
                name="ValidateAndSaveSettingsTest (,False,Empty name test) row 1"
                time="0.0100563"/>
      <testcase classname="Philips.CareEvent.Test.MobileCarrierSettingsControlTest"
                name="ValidateAndSaveSettingsTest (TestCarrier&lt;&gt;,False,Illegal character in name test) row 2"
                time="0.0079559"/>
      <testcase classname="Philips.CareEvent.Test.MobileCarrierSettingsControlTest"
                name="ValidateAndSaveSettingsTest (TestCarrier1,True,Name not changed test) row 3"
                time="0.0076991"/>
      <testcase classname="Philips.CareEvent.Test.MobileCarrierSettingsControlTest"
                name="ValidateAndSaveSettingsTest (TestCarrier2,False,Existing name test) row 4"
                time="0.0081964"/>
      <testcase classname="Philips.CareEvent.Test.MobileCarrierSettingsControlTest"
                name="ValidateAndSaveSettingsTest (TestCarrier3,True,New valid name test) row 5"
                time="0.0081679"/>
      <testcase classname="Philips.PMP.Test.Auto.CaregiverPaginatorTest"
                name="MaxCaregiversToDisplayShouldReturnRemainder"
                time="0.0013017"/>
      <testcase classname="Philips.PMP.Test.Auto.LanServerToIheGatewayConverterTest"
                name="ConvertToIheConfigurationTest (CapsuleMDIP,TCPServer,MDIP,Server,True) row 1"
                time="0.0199543"/>
      <testcase classname="Philips.PMP.Test.Auto.LanServerToIheGatewayConverterTest"
                name="ConvertToIheConfigurationTest (BBraunDoselinkPlus,TCPClient,BBraun,Client,False) row 2"
                time="0.0009403"/>
      <testcase classname="Philips.PMP.Test.Auto.LanServerToIheGatewayConverterTest"
                name="ConvertToIheConfigurationTest (BDAIC,TCPClient,BDAIC,Client,False) row 3"
                time="0.017134"/>
      <testcase classname="Philips.PIC.SharedAssignment.Test.SharedAssignmentMgrTest"
                name="SharedAssignmentServiceValidate"
                time="0.0131163"/>
      <testcase classname="Philips.PMP.Test.Auto.WaveFrequencyConverterTest"
                name="WaveConvertMultipleChunksNoChange1"
                time="0.0006852"/>
      <testcase classname="Philips.PMP.Test.Auto.PatientAssignmentHelperTest"
                name="IsTruncatedEquivalentTest"
                time="0.001065"/>
      <testcase classname="Philips.PMP.Test.Auto.PhysioDataMgrHelperTest"
                name="GetStripDataGetsPhysioDataFromPdssWhenNotAvailableInPds (True) row 1"
                time="0.0207206"/>
      <testcase classname="Philips.PMP.Test.Auto.PhysioDataMgrHelperTest"
                name="GetStripDataGetsPhysioDataFromPdssWhenNotAvailableInPds (False) row 2"
                time="0.0031096"/>
      <testcase classname="Philips.PMP.Test.Auto.MobilityProviderTest"
                name="MobilityConfigTest"
                time="0.3350028"/>
      <testcase classname="Philips.PMP.Test.Auto.EventRolesProviderTest"
                name="GetAllNotificationRoleIsValid"
                time="0.0084891"/>
      <testcase classname="Philips.CareEvent.Test.RingtoneProviderTests"
                name="RingtoneProviderLoadCustomRawDataTest (System.Byte[],Please wear a mask) row 1"
                time="0.0139223"/>
      <testcase classname="Philips.CareEvent.Test.RingtoneProviderTests"
                name="RingtoneProviderLoadCustomRawDataTest (System.Byte[],TestRingtone) row 2"
                time="0.0078402"/>
      <testcase classname="Philips.PMP.Test.Auto.UserTimeoutMgrTest"
                name="UserTimeoutMgrTimeout"
                time="0.1405522"/>
      <testcase classname="Philips.PMP.Test.Auto.RepositoryWaveTest"
                name="GetDataWithGuidParamsWorksTest"
                time="0.0006256"/>
      <testcase classname="Philips.PMP.Test.Auto.PatientPerDeviceHandlerTest"
                name="PatientPerDeviceHandlerDispose"
                time="0.0013187"/>
      <testcase classname="Philips.PMP.Test.Auto.HostAccessViewControllerTest"
                name="HostAccessViewControllerAddReadOnlyAccessToNoAccess"
                time="0.0055132"/>
      <testcase classname="Philips.PMP.Test.Auto.CareAssignmentAuditTrailWriterTest"
                name="WriteAuditTrailShouldWriteAssignments (True) row 1"
                time="0.0195869"/>
      <testcase classname="Philips.PMP.Test.Auto.CareAssignmentAuditTrailWriterTest"
                name="WriteAuditTrailShouldWriteAssignments (False) row 2"
                time="0.002171"/>
      <testcase classname="Philips.PMP.Test.Auto.MasterHostSelectionSubscriberTest"
                name="MasterHostSelectionSubscriberOnlyChecksForConfigurationChangesWhenNecessary (True,True) row 1"
                time="0.0049179"/>
      <testcase classname="Philips.PMP.Test.Auto.MasterHostSelectionSubscriberTest"
                name="MasterHostSelectionSubscriberOnlyChecksForConfigurationChangesWhenNecessary (False,True) row 2"
                time="0.003144"/>
      <testcase classname="Philips.PMP.Test.Auto.MasterHostSelectionSubscriberTest"
                name="MasterHostSelectionSubscriberOnlyChecksForConfigurationChangesWhenNecessary (True,False) row 3"
                time="0.0019599"/>
      <testcase classname="Philips.PMP.Test.Auto.MasterHostSelectionSubscriberTest"
                name="MasterHostSelectionSubscriberOnlyChecksForConfigurationChangesWhenNecessary (False,False) row 4"
                time="0.0020299"/>
      <testcase classname="Philips.PMP.Test.Auto.TileLayoutPanelControlTest"
                name="TileLayoutPanelControlLayoutNoWaves (True,True) row 1"
                time="0.0132797"/>
      <testcase classname="Philips.PMP.Test.Auto.TileLayoutPanelControlTest"
                name="TileLayoutPanelControlLayoutNoWaves (True,False) row 2"
                time="0.0123458"/>
      <testcase classname="Philips.PMP.Test.Auto.TileLayoutPanelControlTest"
                name="TileLayoutPanelControlLayoutNoWaves (False,True) row 3"
                time="0.0160164"/>
      <testcase classname="Philips.PMP.Test.Auto.TileLayoutPanelControlTest"
                name="TileLayoutPanelControlLayoutNoWaves (False,False) row 4"
                time="0.0128082"/>
      <testcase classname="Philips.PMP.Test.Auto.W32TimeServiceAdapterTest"
                name="TryGetTimeServiceStatusParsesStatusStringMissingQuery"
                time="0.0012891"/>
      <testcase classname="Philips.PMP.Test.Auto.FactoryAccountConfigurationTest"
                name="FactoryAccountConfigurationPageHidesDemoAccounts (True) row 1"
                time="0.1004141"/>
      <testcase classname="Philips.PMP.Test.Auto.FactoryAccountConfigurationTest"
                name="FactoryAccountConfigurationPageHidesDemoAccounts (False) row 2"
                time="0.0669589"/>
      <testcase classname="Philips.PMP.Test.Auto.WirelessDeviceStatisticsTest"
                name="OnSnmpDataReceivedTest (,0,1) row 1"
                time="0.0057714"/>
      <testcase classname="Philips.PMP.Test.Auto.WirelessDeviceStatisticsTest"
                name="OnSnmpDataReceivedTest (,0,1) row 2"
                time="0.0056434"/>
      <testcase classname="Philips.PMP.Test.Auto.WirelessDeviceStatisticsTest"
                name="OnSnmpDataReceivedTest ({&#34;RequestId&#34;:&#34;request 1&#34;,&#34;WirelessDeviceStats&#34;:[{&#34;DeviceId&#34;:&#34;a18d1fbd-d510-45a6-b602-da63ef36413d&#34;,&#34;StatDataList&#34;:[{&#34;ValueType&#34;:36865,&#34;Value&#34;:&#34;42754&#34;,&#34;TagName&#34;:&#34;WnmsTxFragCnt&#34;},{&#34;ValueType&#34;:36866,&#34;Value&#34;:&#34;109&#34;,&#34;TagName&#34;:&#34;WnmsMcTxFrmCnt&#34;},{&#34;ValueType&#34;:36867,&#34;Value&#34;:&#34;95&#34;,&#34;TagName&#34;:&#34;WnmsFailedCnt&#34;},{&#34;ValueType&#34;:36868,&#34;Value&#34;:&#34;2749&#34;,&#34;TagName&#34;:&#34;WnmsRetryCnt&#34;},{&#34;ValueType&#34;:36869,&#34;Value&#34;:&#34;914&#34;,&#34;TagName&#34;:&#34;WnmsMultRetryCnt&#34;},{&#34;ValueType&#34;:36870,&#34;Value&#34;:&#34;33&#34;,&#34;TagName&#34;:&#34;WnmsFrmDupCnt&#34;},{&#34;ValueType&#34;:36871,&#34;Value&#34;:&#34;0&#34;,&#34;TagName&#34;:&#34;WnmsRtsSuccCnt&#34;},{&#34;ValueType&#34;:36872,&#34;Value&#34;:&#34;0&#34;,&#34;TagName&#34;:&#34;WnmsRtsFailCnt&#34;},{&#34;ValueType&#34;:36873,&#34;Value&#34;:&#34;0&#34;,&#34;TagName&#34;:&#34;WnmsAckFailCnt&#34;},{&#34;ValueType&#34;:36874,&#34;Value&#34;:&#34;899&#34;,&#34;TagName&#34;:&#34;WnmsRcvFragCnt&#34;},{&#34;ValueType&#34;:36875,&#34;Value&#34;:&#34;589&#34;,&#34;TagName&#34;:&#34;WnmsMcRcvFrmCnt&#34;},{&#34;ValueType&#34;:36876,&#34;Value&#34;:&#34;256&#34;,&#34;TagName&#34;:&#34;WnmsFcsErrCnt&#34;},{&#34;ValueType&#34;:36877,&#34;Value&#34;:&#34;42754&#34;,&#34;TagName&#34;:&#34;WnmsTxFrmCnt&#34;},{&#34;ValueType&#34;:36878,&#34;Value&#34;:&#34;0&#34;,&#34;TagName&#34;:&#34;WnmsWepUndCnt&#34;},{&#34;ValueType&#34;:36879,&#34;Value&#34;:&#34;9425&#34;,&#34;TagName&#34;:&#34;WnmsRxFrms&#34;},{&#34;ValueType&#34;:36880,&#34;Value&#34;:&#34;1928595&#34;,&#34;TagName&#34;:&#34;WnmsRxTotalB&#34;},{&#34;ValueType&#34;:36881,&#34;Value&#34;:&#34;384&#34;,&#34;TagName&#34;:&#34;WnmsRxHwErr&#34;},{&#34;ValueType&#34;:36882,&#34;Value&#34;:&#34;0&#34;,&#34;TagName&#34;:&#34;WnmsRxMicFail&#34;},{&#34;ValueType&#34;:36883,&#34;Value&#34;:&#34;0&#34;,&#34;TagName&#34;:&#34;WnmsRxExclUnenc&#34;},{&#34;ValueType&#34;:36884,&#34;Value&#34;:&#34;0&#34;,&#34;TagName&#34;:&#34;WnmsRxDot1xDrop&#34;},{&#34;ValueType&#34;:36885,&#34;Value&#34;:&#34;0&#34;,&#34;TagName&#34;:&#34;WnmsRxCantReassem&#34;},{&#34;ValueType&#34;:36886,&#34;Value&#34;:&#34;0&#34;,&#34;TagName&#34;:&#34;WnmsRxBps&#34;},{&#34;ValueType&#34;:36887,&#34;Value&#34;:&#34;0&#34;,&#34;TagName&#34;:&#34;WnmsRxBps16&#34;},{&#34;ValueType&#34;:36888,&#34;Value&#34;:&#34;4263385&#34;,&#34;TagName&#34;:&#34;WnmsTxTotalB&#34;},{&#34;ValueType&#34;:36889,&#34;Value&#34;:&#34;95&#34;,&#34;TagName&#34;:&#34;WnmsTxHwErr&#34;},{&#34;ValueType&#34;:36890,&#34;Value&#34;:&#34;0&#34;,&#34;TagName&#34;:&#34;WnmsTxDot1xDrop&#34;},{&#34;ValueType&#34;:36891,&#34;Value&#34;:&#34;0&#34;,&#34;TagName&#34;:&#34;WnmsTxBps&#34;},{&#34;ValueType&#34;:36892,&#34;Value&#34;:&#34;0&#34;,&#34;TagName&#34;:&#34;WnmsTxBps16&#34;},{&#34;ValueType&#34;:36893,&#34;Value&#34;:&#34;0&#34;,&#34;TagName&#34;:&#34;WnmsTx4WaySucc&#34;},{&#34;ValueType&#34;:36894,&#34;Value&#34;:&#34;0&#34;,&#34;TagName&#34;:&#34;WnmsTx4WayFail&#34;},{&#34;ValueType&#34;:36895,&#34;Value&#34;:&#34;0&#34;,&#34;TagName&#34;:&#34;WnmsGrpExchSucc&#34;},{&#34;ValueType&#34;:36896,&#34;Value&#34;:&#34;0&#34;,&#34;TagName&#34;:&#34;WnmsGrpExchFail&#34;},{&#34;ValueType&#34;:36897,&#34;Value&#34;:&#34;30&#34;,&#34;TagName&#34;:&#34;WnmsRssi&#34;},{&#34;ValueType&#34;:36898,&#34;Value&#34;:&#34;0&#34;,&#34;TagName&#34;:&#34;WnmsNetType&#34;},{&#34;ValueType&#34;:36899,&#34;Value&#34;:&#34;72&#34;,&#34;TagName&#34;:&#34;WnmsDataRate&#34;},{&#34;ValueType&#34;:36900,&#34;Value&#34;:&#34;36&#34;,&#34;TagName&#34;:&#34;WnmsChan&#34;},{&#34;ValueType&#34;:36901,&#34;Value&#34;:&#34;f4cfe2485b7f&#34;,&#34;TagName&#34;:&#34;WnmsApMac&#34;},{&#34;ValueType&#34;:36902,&#34;Value&#34;:&#34;0&#34;,&#34;TagName&#34;:&#34;WnmsCxnStatus&#34;},{&#34;ValueType&#34;:36903,&#34;Value&#34;:&#34;0.036009137&#34;,&#34;TagName&#34;:&#34;WnmsFailedMsdu&#34;},{&#34;ValueType&#34;:36904,&#34;Value&#34;:&#34;0&#34;,&#34;TagName&#34;:&#34;WnmsFailedMpdu&#34;}],&#34;Success&#34;:true,&#34;ErrorMessage&#34;:null}]},1,0) row 3"
                time="0.0180121"/>
      <testcase classname="Philips.PMP.Test.Auto.WirelessDeviceStatisticsTest"
                name="OnSnmpDataReceivedTest ({&#34;RequestId&#34;:&#34;request 2&#34;,&#34;WirelessDeviceStats&#34;:[{&#34;DeviceId&#34;:&#34;a18d1fbd-d510-45a6-b602-da63ef36413d&#34;,&#34;StatDataList&#34;:[],&#34;Success&#34;:false,&#34;ErrorMessage&#34;:&#34;Connection timed out&#34;}]},0,0) row 4"
                time="0.0019451"/>
      <testcase classname="Philips.PMP.Test.Auto.RepositoryEventEnumerationTest"
                name="AttributesAndValuesAtStartOfMetricTest"
                time="0.0005816"/>
      <testcase classname="Philips.PMP.Test.Auto.AlertSoundsQualifierTest"
                name="AlertSoundsQualifierIsCorrectShould"
                time="0.0008226"/>
      <testcase classname="Philips.PMP.Test.Auto.DataTileHelperTest"
                name="TabularTrendQueryIncludesFirstValueTest"
                time="0.1240109"/>
      <testcase classname="Philips.PMP.Test.Auto.AdtQualifierTest"
                name="OutboundAdtLicensedHostsCallsValidate"
                time="0.0031177"/>
      <testcase classname="Philips.PMP.Test.Auto.TopologyHelperTest"
                name="IsSwitchLabelLengthValidTest (,False) row 1"
                time="0.0007797"/>
      <testcase classname="Philips.PMP.Test.Auto.TopologyHelperTest"
                name="IsSwitchLabelLengthValidTest (,False) row 2"
                time="0.0004556"/>
      <testcase classname="Philips.PMP.Test.Auto.TopologyHelperTest"
                name="IsSwitchLabelLengthValidTest ( ,False) row 3"
                time="0.00043"/>
      <testcase classname="Philips.PMP.Test.Auto.TopologyHelperTest"
                name="IsSwitchLabelLengthValidTest (port,True) row 4"
                time="0.000431"/>
      <testcase classname="Philips.PMP.Test.Auto.TopologyHelperTest"
                name="IsSwitchLabelLengthValidTest ( port,True) row 5"
                time="0.0004251"/>
      <testcase classname="Philips.PMP.Test.Auto.TopologyHelperTest"
                name="IsSwitchLabelLengthValidTest (port ,True) row 6"
                time="0.0004281"/>
      <testcase classname="Philips.PMP.Test.Auto.TopologyHelperTest"
                name="IsSwitchLabelLengthValidTest (1234567890123456789,True) row 7"
                time="0.0004748"/>
      <testcase classname="Philips.PMP.Test.Auto.TopologyHelperTest"
                name="IsSwitchLabelLengthValidTest (12345678901234567890,True) row 8"
                time="0.0004306"/>
      <testcase classname="Philips.PMP.Test.Auto.TopologyHelperTest"
                name="IsSwitchLabelLengthValidTest (123456789012345678901,False) row 9"
                time="0.0003522"/>
      <testcase classname="Philips.PMP.Test.Auto.TopologyHelperTest"
                name="IsSwitchLabelLengthValidTest (verlylongportlabelname,False) row 10"
                time="0.0004748"/>
      <testcase classname="Philips.PMP.Test.Auto.ShortcutsQualifierTest"
                name="ShortcutsQualifierCreatesShortcutsByFeature (DMO) row 1"
                time="0.6568857"/>
      <testcase classname="Philips.PMP.Test.Auto.ShortcutsQualifierTest"
                name="ShortcutsQualifierCreatesShortcutsByFeature (Developer) row 2"
                time="0.0333171"/>
      <testcase classname="Philips.PMP.Test.Auto.ShortcutsQualifierTest"
                name="ShortcutsQualifierCreatesShortcutsByFeature (PXX) row 3"
                time="0.0033247"/>
      <testcase classname="Philips.PMP.Test.Auto.DataBackIntegrationTest"
                name="DataBackIntegrationChangeBedTest"
                time="0.00132"/>
      <testcase classname="Philips.IX.UserManagement.Test.UserContextTest"
                name="UserContextPermissionsChanged"
                time="0.0158587"/>
      <testcase classname="Philips.PMP.Test.Auto.PatientFieldsHelperTest"
                name="PatientFieldsHelperGetPrimaryIdValues"
                time="0.0031722"/>
      <testcase classname="Philips.CareEvent.Test.EventMgrTest"
                name="ShouldStoreEventWhenConnectionDroppedRestored (False,ConnectionDropped) row 1"
                time="0.1433998"/>
      <testcase classname="Philips.CareEvent.Test.EventMgrTest"
                name="ShouldStoreEventWhenConnectionDroppedRestored (False,ConnectionRestored) row 2"
                time="0.0045619"/>
      <testcase classname="Philips.CareEvent.Test.EventMgrTest"
                name="ShouldStoreEventWhenConnectionDroppedRestored (True,ConnectionDropped) row 3"
                time="0.0034579"/>
      <testcase classname="Philips.CareEvent.Test.EventMgrTest"
                name="ShouldStoreEventWhenConnectionDroppedRestored (True,ConnectionRestored) row 4"
                time="0.0014943"/>
      <testcase classname="Philips.PMP.Test.Auto.PatientDataExportFileTest"
                name="PdxCorrectHeaderFile (8c37fcfb-37e8-4f8d-a030-972da0dcfbab) row 1"
                time="0.1488058"/>
      <testcase classname="Philips.PMP.Test.Auto.PatientDataExportFileTest"
                name="PdxCorrectHeaderFile (782c29ae-76a6-44b8-9566-f772cecd5852) row 2"
                time="0.1062033"/>
      <testcase classname="Philips.PMP.Test.Auto.DynamicTopologySourceDataTest"
                name="HasDataTest"
                time="0.2455358"/>
      <testcase classname="Philips.PMP.Test.Auto.EventCategoryFilterValueSynchronizerTest"
                name="SkipSynchronizeIfParentFilterValueIsNotAvailable"
                time="0.0009042"/>
      <testcase classname="Philips.PMP.Test.Auto.HostAccessDataTableFactoryTest"
                name="CreateHostUnitAccessSettingTable"
                time="0.0010602"/>
      <testcase classname="Philips.PMP.Test.Auto.CareAssignmentControlHelperTest"
                name="CareAssignmentControlHelperSortCareGiversByColor"
                time="0.0247372"/>
      <testcase classname="Philips.PMP.Test.Auto.ImprivataQualifierTest"
                name="ImprivataQualifierNoConfig"
                time="0.4405379"/>
      <testcase classname="Philips.CareEvent.Test.MessageRecipientMgrTest"
                name="GetNonStandardDeviceUsersToSendMessageShouldNotReturnUserIfDeviceNotAssignedTest"
                time="0.0010901"/>
      <testcase classname="Philips.PMP.Test.Auto.IheDeviceTest"
                name="ProcessPC01MessageMissingSerialMDSVMD (CapsuleMDIP,MSH|^~\&amp;|DATACAPTOR|Hospital1|||20180622133129.269+0200||ORU^R01^ORU_R01|86221331292749a1|P|2.6|||NE|NE||8859/1|||IHE_PCD_001^IHE PCD^1.3.6.1.4.1.19376.1.6.1.1.1^ISO|&#xD;&#xA;&#x9;&#x9;PID|||PID3-EXAMPLE||Smith^John^^^^^L||19470331000000.000+0200|M|||||||FRENCH|||PID18-EXAMPLE|&#xD;&#xA;&#x9;&#x9;PV1||O|{PV13Location}|&#xD;&#xA;&#x9;&#x9;OBR|1|1203^CAPSULE^3268B019E1B44157^EUI-64|1203^CAPSULE^3268B019E1B44157^EUI-64|196616^MDC_EVT_ALARM^MDC|||20221216144425.000+0530|||INGBTCPIC6MS057|||INGBTCPIC6MS057||||||||OBRIdentifier||||||||^{796AE130-F582-4DCD-AD0B-8E7148C48229}&amp;CAPSULE&amp;3268B019E1B44157&amp;EUI-64|&#xD;&#xA;&#x9;&#x9;OBX|1||70001^NOM_DEV_SYS_PT_VENT_MDS^MDIL|1.0.0.0|||||||X||||||||&#xD;&#xA;&#x9;&#x9;OBX|2||129726^NOM_DEV_CONTEX_VMD^MDIL|1.1.0.0|||||||X||||||||&#xD;&#xA;&#x9;&#x9;OBX|3||129725^NOM_DEV_CONTEXT_CHAN^MDIL|1.1.1.0|||||||X|&#xD;&#xA;&#x9;&#x9;OBX|5|NM|150492^MDC_OUTPUT_CARD_CTS^MDIL^^^^^^CCO|1.1.1.1|0.591|327679^NOM_DIM_NEW^MDIL^^^^^^NEW|||||R|&#xD;&#xA;&#x9;&#x9;OBX|6||129727^NOM_DEV_CONTEX2_VMD^MDIL|1.2.0.0|||||||X||||||||&#xD;&#xA;&#x9;&#x9;OBX|7||129725^NOM_DEV_CONTEXT_CHAN^MDIL|1.2.1.0|||||||X|&#xD;&#xA;&#x9;&#x9;OBX|8|NM|150492^MDC_OUTPUT_CARD_CTS^MDIL^^^^^^CCO|1.2.1.1|0.591|327679^NOM_DIM_NEW^MDIL^^^^^^NEW|||||R|,OBRIdentifier,OBRIdentifierNOM_DEV_CONTEX_VMD) row 1"
                time="0.0031612"/>
      <testcase classname="Philips.PMP.Test.Auto.IheDeviceTest"
                name="ProcessPC01MessageMissingSerialMDSVMD (BBraunDoselinkPlus,MSH|^~\&amp;|PAT_DEVICE_BBRAUN^0012211839000001^EUI-64|BBRAUN|DOC_AM_TEST|BB1|20220523142113+0000||ORU^R01^ORU_R01|63788912473382465025|P|2.6|||AL|NE||ASCII|en^English^ISO639||IHE_PCD_001^IHE PCD^1.3.6.1.4.1.19376.1.6.4.1^ISO&#xD;&#xA;&#x9;&#x9;PID|||Unknown Patient^Unknown Patient||^^^^^^U||||||||||||||||||||||||||Y&#xD;&#xA;&#x9;&#x9;OBR|1|029d53e1-daa3-11ec-8487-c0ee400d168f^PAT_DEVICE_BBRAUN^0012211839000001^EUI-64|029d53e1-daa3-11ec-8487-c0ee400d168f^PAT_DEVICE_BBRAUN^0012211839000001^EUI-64|Dobutamine^Dobutamine|||20220523142039+0000&#xD;&#xA;&#x9;&#x9;OBX|1||70053^MDC_DEV_PUMP_INFUS_SYRINGE_MDS^MDC|1.0.0.0|||||||X|||||||&#xD;&#xA;&#x9;&#x9;OBX|2||70054^MDC_DEV_PUMP_INFUS_SYRINGE_VMD^MDC|1.1.0.0|||||||X&#xD;&#xA;&#x9;&#x9;OBX|8||70067^MDC_DEV_PUMP_DELIVERY_INFO^MDC|1.1.1.0|||||||X&#xD;&#xA;&#x9;&#x9;OBX|9|ST|0^MDC_ATTR_PUMP_PILLAR_DETAILS^MDC|1.1.0.24|0^0||||||F|||||||CA1~Rm1~Bed2~Fac1~~~Bldg1~Fl1^^0012210000000000^EUI-64&#xD;&#xA;&#x9;&#x9;OBX|10|NM|158014^MDC_FLOW_FLUID_PUMP_CURRENT^MDC|1.1.1.1|18|265266^MDC_DIM_MILLI_L_PER_HR^MDC^mL/h^mL/h^UCUM|||||R,,MDC_DEV_PUMP_INFUS_SYRINGE_VMD) row 2"
                time="0.0014809"/>
      <testcase classname="Philips.PMP.Test.Auto.ProtocolWatchTest"
                name="ProtocolWatchUnsubscribeForClinicalNotifications"
                time="0.0033675"/>
      <testcase classname="Philips.PMP.Test.Auto.ReviewAppsUiTest"
                name="PhysioDataMgrDefaultTimeout (360000,360000) row 1"
                time="0.230632"/>
      <testcase classname="Philips.PMP.Test.Auto.ReviewAppsUiTest"
                name="PhysioDataMgrDefaultTimeout (,8000) row 2"
                time="0.0069122"/>
      <testcase classname="Philips.PMP.Test.Auto.Hl7OutboundServiceTest"
                name="ReportToApmService (True) row 1"
                time="0.0055737"/>
      <testcase classname="Philips.PMP.Test.Auto.Hl7OutboundServiceTest"
                name="ReportToApmService (False) row 2"
                time="0.0042198"/>
      <testcase classname="Philips.PMP.Test.Auto.ArcomedStateMachineTest"
                name="StateVersionMsgSucceessTest"
                time="0.0137928"/>
      <testcase classname="Philips.PMP.Test.Auto.UnassignedListSorterTest"
                name="SortShouldPlaceEventsInCorrectOrder"
                time="0.0040205"/>
      <testcase classname="Philips.PMP.Test.Auto.RecorderAssignmentControlTest"
                name="RefreshRecordersTreeTest"
                time="0.0380673"/>
      <testcase classname="Philips.PMP.Test.Auto.ControlServiceHelperTest"
                name="ControlServiceHelperLoadBisBluePrintTest"
                time="0.0049098"/>
      <testcase classname="Philips.PMP.Test.Auto.EventReceiptResponseTest"
                name="ParseEventReceiptResponseWithNoPatientId"
                time="0.0093154"/>
      <testcase classname="Philips.PMP.Test.Auto.EventCategorySettingsProviderTest"
                name="UpateSettingsForAllEvent"
                time="0.4197179"/>
      <testcase classname="Philips.PMP.Test.Auto.PhysioDataDisplayHelperTest"
                name="PhysioDataDisplayHelperGetEnumerationValueTextIdFromOther"
                time="0.0006155"/>
      <testcase classname="Philips.PMP.Test.Auto.StripReviewTest"
                name="StripReviewPostBackTest (12345678123456781234567812345678,10,87654321876543218765432187654321,/retrospectivephysioview/retrospective-view/12345678-1234-5678-1234-567812345678) row 1"
                time="0.0420386"/>
      <testcase classname="Philips.PMP.Test.Auto.StripReviewTest"
                name="StripReviewPostBackTest (12345678123456781234567812345678,10,&lt;script&gt;alert(1);&lt;/script&gt;,/retrospectivephysioview/retrospective-view/12345678-1234-5678-1234-567812345678) row 2"
                time="0.0010334"/>
      <testcase classname="Philips.PMP.Test.Auto.StripReviewTest"
                name="StripReviewPostBackTest (12345678123456781234567812345678,&lt;script&gt;alert(1);&lt;/script&gt;,87654321876543218765432187654321,/retrospectivephysioview/retrospective-view/12345678-1234-5678-1234-567812345678) row 3"
                time="0.0008558"/>
      <testcase classname="Philips.PMP.Test.Auto.StripReviewTest"
                name="StripReviewPostBackTest (12345678123456781234567812345678,&lt;script&gt;alert(1);&lt;/script&gt;,&lt;script&gt;alert(1);&lt;/script&gt;,/retrospectivephysioview/retrospective-view/12345678-1234-5678-1234-567812345678) row 4"
                time="0.0007565"/>
      <testcase classname="Philips.PMP.Test.Auto.StreamNotificationServiceTest"
                name="StreamNotificationServiceCanUnsubscribeForDebug (True,1) row 1"
                time="0.0038182"/>
      <testcase classname="Philips.PMP.Test.Auto.StreamNotificationServiceTest"
                name="StreamNotificationServiceCanUnsubscribeForDebug (False,0) row 2"
                time="0.0012219"/>
      <testcase classname="Philips.PMP.Test.Auto.PatientIdTest"
                name="PatientIdentityConvertLifetimeIdTest (MedicalRecordNumber,True,MRN,True) row 1"
                time="0.0032272"/>
      <testcase classname="Philips.PMP.Test.Auto.PatientIdTest"
                name="PatientIdentityConvertLifetimeIdTest (SocialSecurityNumber,True,SSN,True) row 2"
                time="0.0004601"/>
      <testcase classname="Philips.PMP.Test.Auto.PatientIdTest"
                name="PatientIdentityConvertLifetimeIdTest (PatientMedicaidNumber,True,MedicaidId,True) row 3"
                time="0.0003584"/>
      <testcase classname="Philips.PMP.Test.Auto.PatientIdTest"
                name="PatientIdentityConvertLifetimeIdTest (MilitaryIdNumber,True,MilitaryId,True) row 4"
                time="0.007918"/>
      <testcase classname="Philips.PMP.Test.Auto.PatientIdTest"
                name="PatientIdentityConvertLifetimeIdTest (DriversLicenseNumber,True,DriversLicense,True) row 5"
                time="0.0008544"/>
      <testcase classname="Philips.PMP.Test.Auto.PatientIdTest"
                name="PatientIdentityConvertLifetimeIdTest (MedicalRecordNumber,True,SSN,False) row 6"
                time="0.0003596"/>
      <testcase classname="Philips.PMP.Test.Auto.PatientIdTest"
                name="PatientIdentityConvertLifetimeIdTest (SocialSecurityNumber,True,MRN,False) row 7"
                time="0.0004026"/>
      <testcase classname="Philips.PMP.Test.Auto.PatientIdTest"
                name="PatientIdentityConvertLifetimeIdTest (PatientMedicaidNumber,True,MRN,False) row 8"
                time="0.0003408"/>
      <testcase classname="Philips.PMP.Test.Auto.PatientIdTest"
                name="PatientIdentityConvertLifetimeIdTest (MilitaryIdNumber,True,MRN,False) row 9"
                time="0.0003274"/>
      <testcase classname="Philips.PMP.Test.Auto.PatientIdTest"
                name="PatientIdentityConvertLifetimeIdTest (DriversLicenseNumber,True,MRN,False) row 10"
                time="0.0003196"/>
      <testcase classname="Philips.PMP.Test.Auto.PatientIdTest"
                name="PatientIdentityConvertLifetimeIdTest (MedicalRecordNumber,False,MRN,False) row 11"
                time="0.0016824"/>
      <testcase classname="Philips.PMP.Test.Auto.PatientIdTest"
                name="PatientIdentityConvertLifetimeIdTest (SocialSecurityNumber,False,MRN,False) row 12"
                time="0.0016165"/>
      <testcase classname="Philips.PMP.Test.Auto.PatientIdTest"
                name="PatientIdentityConvertLifetimeIdTest (PatientMedicaidNumber,False,MRN,False) row 13"
                time="0.0004843"/>
      <testcase classname="Philips.PMP.Test.Auto.PatientIdTest"
                name="PatientIdentityConvertLifetimeIdTest (MilitaryIdNumber,False,MRN,False) row 14"
                time="0.0004357"/>
      <testcase classname="Philips.PMP.Test.Auto.PatientIdTest"
                name="PatientIdentityConvertLifetimeIdTest (DriversLicenseNumber,False,MRN,False) row 15"
                time="0.0007285"/>
      <testcase classname="Philips.PMP.Test.Auto.NlsCatalogServiceTest"
                name="NlsCatalogAssertThatIfExtendedContextSubstitutionsCantBeFilledWeUseStandard"
                time="0.0032104"/>
      <testcase classname="Philips.PMP.Test.Auto.EnumerationProviderTest"
                name="EnumerationProviderBadAperiodicTime"
                time="0.0356566"/>
      <testcase classname="Philips.PMP.Test.Auto.PatientDataExportTest"
                name="StatusAlertSendOnEndTest"
                time="0.0020326"/>
      <testcase classname="Philips.PMP.Test.Auto.Hl7ClientMgrTest"
                name="GetPhysioDataForConnectionEnsureDataReturnedTest (False,0) row 1"
                time="0.0046069"/>
      <testcase classname="Philips.PMP.Test.Auto.Hl7ClientMgrTest"
                name="GetPhysioDataForConnectionEnsureDataReturnedTest (True,1) row 2"
                time="0.0152883"/>
      <testcase classname="Philips.PMP.Test.Auto.UriDeviceFormTest"
                name="UriDeviceFormOkButtonOnIdle (True,True,False) row 1"
                time="0.0833714"/>
      <testcase classname="Philips.PMP.Test.Auto.UriDeviceFormTest"
                name="UriDeviceFormOkButtonOnIdle (True,False,True) row 2"
                time="0.0384702"/>
      <testcase classname="Philips.PMP.Test.Auto.UriDeviceFormTest"
                name="UriDeviceFormOkButtonOnIdle (False,True,False) row 3"
                time="0.0341461"/>
      <testcase classname="Philips.PMP.Test.Auto.UriDeviceFormTest"
                name="UriDeviceFormOkButtonOnIdle (False,False,False) row 4"
                time="0.034075"/>
      <testcase classname="Philips.PIC.SharedAssignment.Test.SharedAssignmentDataConsistencyCheckerTests"
                name="ValidateOverviewRoleViolatedWithInputData"
                time="0.574796"/>
      <testcase classname="Philips.PIC.SharedAssignment.Test.SharedAssignmentDataConsistencyCheckerTests"
                name="BedRuleNoViolationWithImplicitUnAssignmentForMoreThanOneSharedRoleAssignmentExistForTheBed"
                time="0.0027318"/>
      <testcase classname="Philips.PMP.Test.Auto.EcgDerivationMgrTest"
                name="HexadFromTelemdilBedsidePopulatesDerivedLeadListCorrectlyTest"
                time="0.0321377"/>
      <testcase classname="Philips.PMP.Test.Auto.MdilTimeDistributorTest"
                name="MdilTimeDistributorSendTimeToBothDuplicateDevice"
                time="0.0026369"/>
      <testcase classname="Philips.PMP.Test.Auto.SoftwareUpdateHelperTest"
                name="SoftwareUpdateHelperCopiesPatchFiles"
                time="0.007462"/>
      <testcase classname="Philips.PMP.Test.Auto.MedianCalculatorTest"
                name="BoundaryMedianTest"
                time="0.0052231"/>
      <testcase classname="Philips.PMP.Test.Auto.SwitchDeviceControlTest"
                name="AddPortsToListViewTest (System.String[],1,False) row 1"
                time="0.0365143"/>
      <testcase classname="Philips.PMP.Test.Auto.SwitchDeviceControlTest"
                name="AddPortsToListViewTest (System.String[],2,False) row 2"
                time="0.045766"/>
      <testcase classname="Philips.PMP.Test.Auto.SwitchDeviceControlTest"
                name="AddPortsToListViewTest (System.String[],3,True) row 3"
                time="0.0435375"/>
      <testcase classname="Philips.PMP.Test.Auto.Hl7ConnectionTest"
                name="SendValidatedDataMsgMissingBedReturnsFalse"
                time="0.0015012"/>
      <testcase classname="Philips.PMP.Test.Auto.ReportHelperTest"
                name="GetReportDestinationIdUsesIsDischarged"
                time="0.5487014"/>
      <testcase classname="Philips.PMP.Test.Auto.PhysioDataDisplayHelperTest"
                name="TryGetWaveByIdTest"
                time="0.001324"/>
      <testcase classname="Philips.PMP.Test.Auto.CiConfigurationTest"
                name="CiConfigurationCanDetectDeviceChange (True,True) row 1"
                time="0.0207757"/>
      <testcase classname="Philips.PMP.Test.Auto.CiConfigurationTest"
                name="CiConfigurationCanDetectDeviceChange (True,False) row 2"
                time="0.0022903"/>
      <testcase classname="Philips.PMP.Test.Auto.CiConfigurationTest"
                name="CiConfigurationCanDetectDeviceChange (False,True) row 3"
                time="0.0015833"/>
      <testcase classname="Philips.PMP.Test.Auto.CiConfigurationTest"
                name="CiConfigurationCanDetectDeviceChange (False,False) row 4"
                time="0.0013483"/>
      <testcase classname="Philips.PMP.Test.Auto.ProtocolImportControlTest"
                name="ProtocolImportProtocolListTest"
                time="0.043544"/>
      <testcase classname="Philips.CareEvent.Test.EventWorkflowServiceTests"
                name="StorageThreadPoolFunctionQueueTests"
                time="0.0817059"/>
      <testcase classname="Philips.PMP.Test.Auto.HL7ConnectionPropertyControlTest"
                name="HL7ConnectionModeSelectionTest (QueryServer) row 1"
                time="0.1352979"/>
      <testcase classname="Philips.PMP.Test.Auto.HL7ConnectionPropertyControlTest"
                name="HL7ConnectionModeSelectionTest (ReporterClient) row 2"
                time="0.1232635"/>
      <testcase classname="Philips.PMP.Test.Auto.HL7ConnectionPropertyControlTest"
                name="HL7ConnectionModeSelectionTest (ReporterServer) row 3"
                time="0.1380179"/>
      <testcase classname="Philips.PMP.Test.Auto.HL7ConnectionPropertyControlTest"
                name="HL7ConnectionModeSelectionTest (TrendClient) row 4"
                time="0.1237632"/>
      <testcase classname="Philips.PMP.Test.Auto.HL7ConnectionPropertyControlTest"
                name="HL7ConnectionModeSelectionTest (TrendServer) row 5"
                time="0.1271527"/>
      <testcase classname="Philips.PMP.Test.Auto.Ecg12LeadExportHelperTest"
                name="PhilipsExportDeviceTest (Philips.PMP.InfoObjects.Ecg12LeadExportSetting,True) row 1"
                time="0.1659265"/>
      <testcase classname="Philips.PMP.Test.Auto.Ecg12LeadExportHelperTest"
                name="PhilipsExportDeviceTest (Philips.PMP.InfoObjects.Ecg12LeadExportSetting,False) row 2"
                time="0.0014826"/>
      <testcase classname="Philips.PMP.Test.Auto.Ecg12LeadExportHelperTest"
                name="PhilipsExportDeviceTest (,False) row 3"
                time="0.001051"/>
      <testcase classname="Philips.PMP.Test.Auto.HttpTransferServiceTest"
                name="HttpTransferServiceCanStart (True) row 1"
                time="0.1378853"/>
      <testcase classname="Philips.PMP.Test.Auto.HttpTransferServiceTest"
                name="HttpTransferServiceCanStart (False) row 2"
                time="0.0392315"/>
      <testcase classname="Philips.PMP.Test.Auto.HostAccessViewControlTest"
                name="HostAccessViewControlUpdateDictionaries"
                time="0.2484875"/>
      <testcase classname="Philips.PMP.Test.Auto.PriorityCatalogProviderTest"
                name="PriorityGetFactoryProfile"
                time="0.1308328"/>
      <testcase classname="Philips.PMP.Test.Auto.EditSwitchSettingsControlTest"
                name="EditSwitchSettingsControlValidateChanges (,,System.String[],False) row 1"
                time="0.0396925"/>
      <testcase classname="Philips.PMP.Test.Auto.EditSwitchSettingsControlTest"
                name="EditSwitchSettingsControlValidateChanges (1234567890,,System.String[],False) row 2"
                time="0.029454"/>
      <testcase classname="Philips.PMP.Test.Auto.EditSwitchSettingsControlTest"
                name="EditSwitchSettingsControlValidateChanges (,Switch,System.String[],False) row 3"
                time="0.0408507"/>
      <testcase classname="Philips.PMP.Test.Auto.EditSwitchSettingsControlTest"
                name="EditSwitchSettingsControlValidateChanges (1234567890,Switch,System.String[],False) row 4"
                time="0.029745"/>
      <testcase classname="Philips.PMP.Test.Auto.EditSwitchSettingsControlTest"
                name="EditSwitchSettingsControlValidateChanges (1234567890,,System.String[],False) row 5"
                time="0.0237862"/>
      <testcase classname="Philips.PMP.Test.Auto.EditSwitchSettingsControlTest"
                name="EditSwitchSettingsControlValidateChanges (,Switch,System.String[],False) row 6"
                time="0.0440767"/>
      <testcase classname="Philips.PMP.Test.Auto.EditSwitchSettingsControlTest"
                name="EditSwitchSettingsControlValidateChanges (1234567890,Switch,System.String[],True) row 7"
                time="0.0222606"/>
      <testcase classname="Philips.PMP.Test.Auto.EventRolesProviderTest"
                name="EventRolesFactoryReset"
                time="0.3072809"/>
      <testcase classname="Philips.PIC.WebBridge.Test.StatusControllerTest"
                name="GetToken"
                time="0.0018119"/>
      <testcase classname="Philips.PMP.Test.Auto.EcgFilterHelperTest"
                name="EcgFilterUpdateMeasureModeTest (EcgLeadPrimary, NbpVenipunctActive,True,False,EcgLeadPrimary, NbpVenipunctActive) row 1"
                time="0.0027009"/>
      <testcase classname="Philips.PMP.Test.Auto.EcgFilterHelperTest"
                name="EcgFilterUpdateMeasureModeTest (EcgLeadPrimary, NbpVenipunctActive,True,True,EcgLeadPrimary, EcgMonitor) row 2"
                time="0.0004466"/>
      <testcase classname="Philips.PMP.Test.Auto.EcgFilterHelperTest"
                name="EcgFilterUpdateMeasureModeTest (EcgFilter, EcgMonitor, EcgDiag, NbpVenipunctActive,True,False,NbpVenipunctActive) row 3"
                time="0.000372"/>
      <testcase classname="Philips.PMP.Test.Auto.EcgFilterHelperTest"
                name="EcgFilterUpdateMeasureModeTest (EcgFilter, EcgMonitor, EcgDiag, NbpVenipunctActive,True,True,EcgMonitor) row 4"
                time="0.0003721"/>
      <testcase classname="Philips.PMP.Test.Auto.EcgFilterHelperTest"
                name="EcgFilterUpdateMeasureModeTest (EcgLeadPrimary, EcgDiag,False,False,EcgLeadPrimary, EcgDiag) row 5"
                time="0.0003771"/>
      <testcase classname="Philips.PMP.Test.Auto.EcgFilterHelperTest"
                name="EcgFilterUpdateMeasureModeTest (EcgLeadPrimary, NbpVenipunctActive,False,False,EcgLeadPrimary, NbpVenipunctActive) row 6"
                time="0.0003168"/>
      <testcase classname="Philips.PMP.Test.Auto.EcgFilterHelperTest"
                name="EcgFilterUpdateMeasureModeTest (EcgFilter,False,False,EcgFilter) row 7"
                time="0.0003015"/>
      <testcase classname="Philips.PMP.Test.Auto.EcgFilterHelperTest"
                name="EcgFilterUpdateMeasureModeTest (EcgMonitor,False,False,EcgMonitor) row 8"
                time="0.0002911"/>
      <testcase classname="Philips.CareEvent.Test.ClientConfigurationProviderTest"
                name="ClientConfigurationZoneTests (True) row 1"
                time="0.1077607"/>
      <testcase classname="Philips.CareEvent.Test.ClientConfigurationProviderTest"
                name="ClientConfigurationZoneTests (False) row 2"
                time="0.0012376"/>
      <testcase classname="Philips.PMP.Test.Auto.DeviceToBedAssignmentControlTest"
                name="InitializeControlTest"
                time="0.3578736"/>
      <testcase classname="Philips.CareEvent.Test.CareTouchCommunicatorTests"
                name="GetUserAssignmentsShouldReturnExpectedResponse (0) row 1"
                time="0.0083382"/>
      <testcase classname="Philips.CareEvent.Test.CareTouchCommunicatorTests"
                name="GetUserAssignmentsShouldReturnExpectedResponse (1) row 2"
                time="0.007258"/>
      <testcase classname="Philips.CareEvent.Test.CareTouchCommunicatorTests"
                name="DevicePhoneNumberShouldBeUpdatedWithUserPhoneNumberIfItExists"
                time="0.0066829"/>
      <testcase classname="Philips.PIC.SharedAssignment.Test.SharedAssignmentMgrTest"
                name="StopShouldCheckIfJsonCollectorIsNullBeforeStopping"
                time="0.0015911"/>
      <testcase classname="Philips.PMP.Test.Auto.Hl7CareEventProxyTest"
                name="Hl7OnAlarmNotificationChangeTest"
                time="0.0129573"/>
      <testcase classname="Philips.PMP.Test.Auto.SpotCheckValidationStorerTest"
                name="StoreSingleSpotCheckValidation"
                time="0.1605601"/>
      <testcase classname="Philips.PMP.Test.Auto.ProtocolWatchEngineWrapperTest"
                name="ProtocolWatchPatientInputToEngineShouldBeFilteredByRequestedMetrics"
                time="0.0065218"/>
      <testcase classname="Philips.PMP.Test.Auto.NumericMedianHelperTest"
                name="NumericMedianHelperVerifyIfNoMediansDynamicAttributesArePresent"
                time="0.0012404"/>
      <testcase classname="Philips.PMP.Test.Auto.PhysioDataServiceTest"
                name="PhysioDataServiceCanSubscribePrincipalView (True) row 1"
                time="0.4665302"/>
      <testcase classname="Philips.PMP.Test.Auto.PhysioDataServiceTest"
                name="PhysioDataServiceCanSubscribePrincipalView (False) row 2"
                time="0.2516328"/>
      <testcase classname="Philips.PMP.Test.Auto.BedToBedOverviewTest"
                name="BedToBedMoreVitalsTest"
                time="0.0027847"/>
      <testcase classname="Philips.PIC.WebBridge.Test.TokensControllerTest"
                name="GetToken"
                time="0.0008112"/>
      <testcase classname="Philips.PMP.Test.Auto.PatientDataExportConfigControlTest"
                name="DisplayConfigDataTest"
                time="0.395012"/>
      <testcase classname="Philips.PMP.Test.Auto.NumericValueHelperTest"
                name="NumericValueGetMeasurePeriodTest (10,MIN,0,10 min) row 1"
                time="0.0005508"/>
      <testcase classname="Philips.PMP.Test.Auto.NumericValueHelperTest"
                name="NumericValueGetMeasurePeriodTest (2,HR,0,2 h) row 2"
                time="0.0003837"/>
      <testcase classname="Philips.PMP.Test.Auto.NumericValueHelperTest"
                name="NumericValueGetMeasurePeriodTest (2,HR,2155161878,2 h) row 3"
                time="0.0003106"/>
      <testcase classname="Philips.PMP.Test.Auto.NumericValueHelperTest"
                name="NumericValueGetMeasurePeriodTest (0,NOS,0,) row 4"
                time="0.0003709"/>
      <testcase classname="Philips.PMP.Test.Auto.NumericValueHelperTest"
                name="NumericValueGetMeasurePeriodTest (0,NOS,2147748905,15 min) row 5"
                time="0.0004183"/>
      <testcase classname="Philips.PMP.Test.Auto.NumericValueHelperTest"
                name="NumericValueGetMeasurePeriodTest (0,NOS,2147748901,2.5 min) row 6"
                time="0.0003235"/>
      <testcase classname="Philips.PMP.Test.Auto.NumericValueHelperTest"
                name="NumericValueGetMeasurePeriodTest (4278190105,MIN,0,2.5 min) row 7"
                time="0.0004155"/>
      <testcase classname="Philips.IX.UserManagement.Test.UserAuthenticatorsTest"
                name="UserAuthenticatorActiveDirectoryPasswordSucceedTest"
                time="0.0021898"/>
      <testcase classname="Philips.PMP.Test.Auto.ComplexMetricProviderTest"
                name="ComplexMetricProviderSameMetricTwiceInQuantum"
                time="0.0135804"/>
      <testcase classname="Philips.PMP.Test.Auto.PatientDataExportConfigValidatorTest"
                name="PatientDataExportAreUnitAutoAssignmentSettingsValidTest (False,False,False) row 1"
                time="0.0051014"/>
      <testcase classname="Philips.PMP.Test.Auto.PatientDataExportConfigValidatorTest"
                name="PatientDataExportAreUnitAutoAssignmentSettingsValidTest (True,True,True) row 2"
                time="0.0020047"/>
      <testcase classname="Philips.PMP.Test.Auto.AlarmSummaryControlTest"
                name="AlarmSummaryControlTryGetReportForPrint (True) row 1"
                time="0.1062511"/>
      <testcase classname="Philips.PMP.Test.Auto.AlarmSummaryControlTest"
                name="AlarmSummaryControlTryGetReportForPrint (False) row 2"
                time="0.0338345"/>
      <testcase classname="Philips.PIC.DataAcquisition.Test.MonitoringDeviceCommunicatorTest"
                name="MonitoringDeviceCommunicatorReflectsDeviceConnectionState"
                time="0.0211588"/>
      <testcase classname="Philips.PMP.Test.Auto.SystemControlHandlerTest"
                name="SystemControlHandlerGetPatientIdForSearch"
                time="0.0018036"/>
      <testcase classname="Philips.PMP.Test.Auto.PatientDataExportStorageTest"
                name="PdxInvalidParentSystemIdDoesNotThrowException"
                time="0.0212622"/>
      <testcase classname="Philips.PMP.Test.Auto.TimeServiceTest"
                name="ExternalTimeServerConfiguredVerifyFails1"
                time="0.0077866"/>
      <testcase classname="Philips.PMP.Test.Auto.EventLogGraphicsResetAnalyzerTest"
                name="EventLogGraphicsResetAnalyzerBugChecksOnReset (True,False,False,1) row 1"
                time="0.5184763"/>
      <testcase classname="Philips.PMP.Test.Auto.EventLogGraphicsResetAnalyzerTest"
                name="EventLogGraphicsResetAnalyzerBugChecksOnReset (False,False,False,0) row 2"
                time="0.0214166"/>
      <testcase classname="Philips.PMP.Test.Auto.EventLogGraphicsResetAnalyzerTest"
                name="EventLogGraphicsResetAnalyzerBugChecksOnReset (True,False,True,0) row 3"
                time="0.0120446"/>
      <testcase classname="Philips.PMP.Test.Auto.EventLogGraphicsResetAnalyzerTest"
                name="EventLogGraphicsResetAnalyzerBugChecksOnReset (False,False,True,0) row 4"
                time="0.003315"/>
      <testcase classname="Philips.PMP.Test.Auto.EventLogGraphicsResetAnalyzerTest"
                name="EventLogGraphicsResetAnalyzerBugChecksOnReset (True,True,False,0) row 5"
                time="0.0084398"/>
      <testcase classname="Philips.PMP.Test.Auto.LabelCreationHelperTest"
                name="ValidateNumberOfLabelsTest (0,0,True,) row 1"
                time="0.0063078"/>
      <testcase classname="Philips.PMP.Test.Auto.LabelCreationHelperTest"
                name="ValidateNumberOfLabelsTest (0,20,True,) row 2"
                time="0.0019748"/>
      <testcase classname="Philips.PMP.Test.Auto.LabelCreationHelperTest"
                name="ValidateNumberOfLabelsTest (0,560,True,) row 3"
                time="0.0038855"/>
      <testcase classname="Philips.PMP.Test.Auto.LabelCreationHelperTest"
                name="ValidateNumberOfLabelsTest (0,561,False,The number of labels exceeds the maximum of 560 allowed.) row 4"
                time="0.0040212"/>
      <testcase classname="Philips.PMP.Test.Auto.LabelCreationHelperTest"
                name="ValidateNumberOfLabelsTest (0,1000,False,The number of labels exceeds the maximum of 560 allowed.) row 5"
                time="0.0049709"/>
      <testcase classname="Philips.PMP.Test.Auto.LabelCreationHelperTest"
                name="ValidateNumberOfLabelsTest (500,20,True,) row 6"
                time="0.0029547"/>
      <testcase classname="Philips.PMP.Test.Auto.LabelCreationHelperTest"
                name="ValidateNumberOfLabelsTest (500,60,True,) row 7"
                time="0.0130201"/>
      <testcase classname="Philips.PMP.Test.Auto.LabelCreationHelperTest"
                name="ValidateNumberOfLabelsTest (560,1,False,The number of labels exceeds the maximum of 560 allowed.) row 8"
                time="0.0006186"/>
      <testcase classname="Philips.PMP.Test.Auto.SoundsQualifierTest"
                name="SoundsQualifierVerify (ApplicationValidation) row 1"
                time="0.7793775"/>
      <testcase classname="Philips.PMP.Test.Auto.SoundsQualifierTest"
                name="SoundsQualifierVerify (HostQualification) row 2"
                time="0.0039299"/>
      <testcase classname="Philips.PMP.Test.Auto.PatientDataExportTest"
                name="ComplexMetricDecomposeEctCntsHaveValueLabel"
                time="0.0006639"/>
      <testcase classname="Philips.PMP.Test.Auto.FeatureAssignmentHelperTest"
                name="FeatureAssignmentHelperGetRemainingFeaturesTest"
                time="0.0039178"/>
      <testcase classname="Philips.PMP.Test.Auto.PhysioDataXmlHelperTest"
                name="PhysioDataXmlHelperExtendedLimitRangeNullExtendedNumericLimitsList"
                time="0.0039306"/>
      <testcase classname="Philips.PMP.Test.Auto.CameraSystemControlTest"
                name="CameraSystemControlNewConnectionState (True) row 1"
                time="0.0192038"/>
      <testcase classname="Philips.PMP.Test.Auto.CameraSystemControlTest"
                name="CameraSystemControlNewConnectionState (False) row 2"
                time="0.0220311"/>
      <testcase classname="Philips.PMP.Test.Auto.MeasControlsHelperTest"
                name="MeasControlsHelperAnyRTWaveLabelIsCorrect"
                time="0.0008889"/>
      <testcase classname="Philips.PMP.Test.Auto.PatientIdHelperTest"
                name="SetPatientIdentityFieldsMaxLengthsTest"
                time="0.0021328"/>
      <testcase classname="Philips.PMP.Test.Auto.TileLayoutPanelTest"
                name="ConfigLayoutTest (BasicView,200,True,False) row 1"
                time="0.0513746"/>
      <testcase classname="Philips.PMP.Test.Auto.TileLayoutPanelTest"
                name="ConfigLayoutTest (BigNumerics,160,True,False) row 2"
                time="0.0322886"/>
      <testcase classname="Philips.PMP.Test.Auto.TileLayoutPanelTest"
                name="ConfigLayoutTest (BigNumerics,100,False,False) row 3"
                time="0.0190341"/>
      <testcase classname="Philips.PMP.Test.Auto.TileLayoutPanelTest"
                name="ConfigLayoutTest (StMap,200,True,True) row 4"
                time="0.0478113"/>
      <testcase classname="Philips.PMP.Test.Auto.TopologyHelperTest"
                name="IsBedLabelLengthValidTest"
                time="0.0005299"/>
      <testcase classname="Philips.PMP.Test.Auto.CustomQrsDetectionControlTest"
                name="ThresholdDropdownUiTest"
                time="0.0320215"/>
      <testcase classname="Philips.PMP.Test.Auto.MobileDataSubscriptionTest"
                name="MobileDataSubscriptionBridgeSubscriptionFiltersNumericsEnumerationsOnly"
                time="0.0718406"/>
      <testcase classname="Philips.PIC.SharedAssignment.Test.SharedAssignmentDataConsistencyCheckerTests"
                name="NoViolationWithImplicitUnAssignment"
                time="0.0051179"/>
      <testcase classname="Philips.PMP.Test.Auto.EventCatalogProviderTest"
                name="GetUnassignedEventsShouldFindAllEvents"
                time="0.1210863"/>
      <testcase classname="Philips.PMP.Test.Auto.LicenseExtensionsTest"
                name="LicenseExtensionsHasFeaturesForMultipleEntities"
                time="0.1329312"/>
      <testcase classname="Philips.PMP.Test.Auto.SectorControlTest"
                name="SectorControlDisplayNoConnectionInop"
                time="0.1222897"/>
      <testcase classname="Philips.PMP.Test.Auto.SqlServerOffloadQualifierTest"
                name="OffloadShouldBeUpdated"
                time="0.0015789"/>
      <testcase classname="Philips.PMP.Test.Auto.TeleProfileHelperTest"
                name="ProtocolWatchSelectEntryTest"
                time="0.5181675"/>
      <testcase classname="Philips.PMP.Test.Auto.PatientCenterFormTest"
                name="PatientCenterFormGoBack"
                time="1.2281728"/>
      <testcase classname="Philips.PMP.Test.Auto.PatientFieldsValidatorTest"
                name="PatientFieldsValidatorValidateGenderIsOnlyRequiredField"
                time="0.0011487"/>
      <testcase classname="Philips.CareEvent.Test.ApplicationMainFormTest"
                name="ApplicationMainFormSetCurrentTabTitleNullCheck"
                time="0.022226"/>
      <testcase classname="Philips.PMP.Test.Auto.AutoAdtConfigControlTest"
                name="OnEnableAutoAdtCheckChangedTest"
                time="0.0219614"/>
      <testcase classname="Philips.PMP.Test.Auto.RepositoryAlertTest"
                name="RepositoryAlertProcessHardInopTimeUpdateTest (10,5,False) row 1"
                time="0.0027712"/>
      <testcase classname="Philips.PMP.Test.Auto.RepositoryAlertTest"
                name="RepositoryAlertProcessHardInopTimeUpdateTest (10,15,True) row 2"
                time="0.0018961"/>
      <testcase classname="Philips.PMP.Test.Auto.DemoBedSimQualifierTest"
                name="BedSimProcessShouldRun"
                time="0.0072175"/>
      <testcase classname="Philips.PMP.Test.Auto.ApmStatusMessageListenerTest"
                name="AreDictionaryEqualTest (,,False) row 1"
                time="0.0049493"/>
      <testcase classname="Philips.PMP.Test.Auto.ApmStatusMessageListenerTest"
                name="AreDictionaryEqualTest ({&#34;C&#34;:&#34;D&#34;,&#34;A&#34;:&#34;B&#34;},,False) row 2"
                time="0.0033874"/>
      <testcase classname="Philips.PMP.Test.Auto.ApmStatusMessageListenerTest"
                name="AreDictionaryEqualTest (,{&#34;C&#34;:&#34;D&#34;,&#34;A&#34;:&#34;B&#34;},False) row 3"
                time="0.0005526"/>
      <testcase classname="Philips.PMP.Test.Auto.ApmStatusMessageListenerTest"
                name="AreDictionaryEqualTest ({&#34;C&#34;:&#34;D&#34;},{&#34;C&#34;:&#34;D&#34;,&#34;A&#34;:&#34;B&#34;},False) row 4"
                time="0.0007511"/>
      <testcase classname="Philips.PMP.Test.Auto.ApmStatusMessageListenerTest"
                name="AreDictionaryEqualTest ({&#34;C&#34;:&#34;D&#34;,&#34;A&#34;:&#34;B&#34;},{&#34;C&#34;:&#34;D&#34;,&#34;A&#34;:&#34;B&#34;},True) row 5"
                time="0.0004247"/>
      <testcase classname="Philips.PMP.Test.Auto.ApmStatusMessageListenerTest"
                name="AreDictionaryEqualTest ({&#34;A&#34;:&#34;B&#34;,&#34;C&#34;:&#34;D&#34;},{&#34;C&#34;:&#34;D&#34;,&#34;A&#34;:&#34;B&#34;},True) row 6"
                time="0.0003698"/>
      <testcase classname="Philips.CareEvent.Test.EventInputProviderTest"
                name="StoreInputSettings"
                time="0.0741812"/>
      <testcase classname="Philips.PMP.Test.Auto.DhcpProviderTest"
                name="DhcpScopeRangeFill"
                time="0.0234202"/>
      <testcase classname="Philips.PMP.LicenseService.Test.LicenseHostValidatorTest"
                name="LicenseValidatorValidatePhysioCountNonDeveloperNetworked512PatientConnections4Physios"
                time="0.0189422"/>
      <testcase classname="Philips.PMP.Test.Auto.MobilePatientMgrTest"
                name="InvalidDataTestForPatientLookupRequest (True,False) row 1"
                time="0.0135323"/>
      <testcase classname="Philips.PMP.Test.Auto.MobilePatientMgrTest"
                name="InvalidDataTestForPatientLookupRequest (False,True) row 2"
                time="0.0031766"/>
      <testcase classname="Philips.PMP.Test.Auto.MobilePatientMgrTest"
                name="InvalidDataTestForPatientLookupRequest (False,False) row 3"
                time="0.0039117"/>
      <testcase classname="Philips.PMP.Test.Auto.SurveillanceHelperTest"
                name="CenterWithoutGoingAboveTest"
                time="0.0140869"/>
      <testcase classname="Philips.iX.InboundFhirService.Test.InboundFhirServiceTest"
                name="StartStopServiceTest"
                time="0.0229522"/>
      <testcase classname="Philips.PMP.Test.Auto.ReportingServiceTest"
                name="PatientIdentifierTest"
                time="0.0009966"/>
      <testcase classname="Philips.PMP.Test.Auto.AlertNotificationThreadQueueTest"
                name="ThreadQueueDoesntAllowMoreThan256Items"
                time="0.0217415"/>
      <testcase classname="Philips.PMP.Test.Auto.WirelessDeviceStatisticsTest"
                name="StartTest (True) row 1"
                time="0.0067179"/>
      <testcase classname="Philips.PMP.Test.Auto.WirelessDeviceStatisticsTest"
                name="StartTest (False) row 2"
                time="0.0012712"/>
      <testcase classname="Philips.PMP.Test.Auto.PatientProviderTest"
                name="OrphanedPatientsTest"
                time="0.3769048"/>
      <testcase classname="Philips.iX.DataBridge.Common.Test.HttpResponseMessageProcessorTest"
                name="ProcessorRetriesBasedOnStatusCodeClass (Continue,1) row 1"
                time="0.1826889"/>
      <testcase classname="Philips.iX.DataBridge.Common.Test.HttpResponseMessageProcessorTest"
                name="ProcessorRetriesBasedOnStatusCodeClass (OK,2) row 2"
                time="0.000292"/>
      <testcase classname="Philips.iX.DataBridge.Common.Test.HttpResponseMessageProcessorTest"
                name="ProcessorRetriesBasedOnStatusCodeClass (Created,2) row 3"
                time="0.0002305"/>
      <testcase classname="Philips.iX.DataBridge.Common.Test.HttpResponseMessageProcessorTest"
                name="ProcessorRetriesBasedOnStatusCodeClass (NoContent,2) row 4"
                time="0.0001853"/>
      <testcase classname="Philips.iX.DataBridge.Common.Test.HttpResponseMessageProcessorTest"
                name="ProcessorRetriesBasedOnStatusCodeClass (NotModified,3) row 5"
                time="0.0054614"/>
      <testcase classname="Philips.iX.DataBridge.Common.Test.HttpResponseMessageProcessorTest"
                name="ProcessorRetriesBasedOnStatusCodeClass (BadRequest,4) row 6"
                time="0.0018975"/>
      <testcase classname="Philips.iX.DataBridge.Common.Test.HttpResponseMessageProcessorTest"
                name="ProcessorRetriesBasedOnStatusCodeClass (Unauthorized,4) row 7"
                time="0.0018858"/>
      <testcase classname="Philips.iX.DataBridge.Common.Test.HttpResponseMessageProcessorTest"
                name="ProcessorRetriesBasedOnStatusCodeClass (Forbidden,4) row 8"
                time="0.0019438"/>
      <testcase classname="Philips.iX.DataBridge.Common.Test.HttpResponseMessageProcessorTest"
                name="ProcessorRetriesBasedOnStatusCodeClass (NotFound,4) row 9"
                time="0.0017633"/>
      <testcase classname="Philips.iX.DataBridge.Common.Test.HttpResponseMessageProcessorTest"
                name="ProcessorRetriesBasedOnStatusCodeClass (Conflict,4) row 10"
                time="0.001702"/>
      <testcase classname="Philips.iX.DataBridge.Common.Test.HttpResponseMessageProcessorTest"
                name="ProcessorRetriesBasedOnStatusCodeClass (InternalServerError,5) row 11"
                time="0.0021861"/>
      <testcase classname="Philips.PMP.Test.Auto.WatchdogTest"
                name="WatchdogEngineSnapshotTimeoutTest"
                time="0.0159439"/>
      <testcase classname="Philips.PIC.DataAcquisition.Test.MonitoringDeviceFactoryMgrTest"
                name="MonitoringDeviceTryGetCreationInfoTest (Vs30,DeviceSettings.IPAddress) row 1"
                time="0.0147025"/>
      <testcase classname="Philips.PMP.Test.Auto.TopologyAggregationHelperTest"
                name="TopologyAggregationHelperShouldAggregateEventsTest (True,True,True) row 1"
                time="0.0014357"/>
      <testcase classname="Philips.PMP.Test.Auto.TopologyAggregationHelperTest"
                name="TopologyAggregationHelperShouldAggregateEventsTest (True,False,True) row 2"
                time="0.0009804"/>
      <testcase classname="Philips.PMP.Test.Auto.TopologyAggregationHelperTest"
                name="TopologyAggregationHelperShouldAggregateEventsTest (False,True,True) row 3"
                time="0.0011267"/>
      <testcase classname="Philips.PMP.Test.Auto.TopologyAggregationHelperTest"
                name="TopologyAggregationHelperShouldAggregateEventsTest (False,False,False) row 4"
                time="0.000506"/>
      <testcase classname="Philips.PMP.Test.Auto.TopologyAggregationHelperTest"
                name="TopologyAggregationHelperShouldAggregateEventsTest (True,True,True) row 5"
                time="0.0025492"/>
      <testcase classname="Philips.RootMain.Test.CertificateInstallMgrTest"
                name="ValidateCaThumbprintFail1Test"
                time="0.005985"/>
      <testcase classname="Philips.PMP.Test.Auto.Hl7MonitorDeviceCacheTest"
                name="Hl7MonitorDeviceCacheTryGetMonitoringHostTest (True,False,False) row 1"
                time="0.0269278"/>
      <testcase classname="Philips.PMP.Test.Auto.Hl7MonitorDeviceCacheTest"
                name="Hl7MonitorDeviceCacheTryGetMonitoringHostTest (False,False,False) row 2"
                time="0.0076246"/>
      <testcase classname="Philips.PMP.Test.Auto.Hl7MonitorDeviceCacheTest"
                name="Hl7MonitorDeviceCacheTryGetMonitoringHostTest (False,True,True) row 3"
                time="0.001497"/>
      <testcase classname="Philips.PMP.Test.Auto.SystemPerformanceTest"
                name="GetValueEmptyTimeSpanConfigA"
                time="0.7633105"/>
      <testcase classname="Philips.PMP.Test.Auto.SystemPerformanceTest"
                name="StoreUpdateCategoryConfigA"
                time="0.7524642"/>
      <testcase classname="Philips.PMP.Test.Auto.TopologyHelperTest"
                name="IsWirelessConfigurationNeededTest"
                time="0.0010983"/>
      <testcase classname="Philips.PMP.Test.Auto.PhysioDataServiceServiceMgrTest"
                name="PhysioDataServiceMetricMgrCanAddUpdateDeleteNewAlertsWithMonitorId"
                time="0.2528009"/>
      <testcase classname="Philips.PMP.Test.Auto.WaveAndNumericSorterTest"
                name="SortAllDataTest"
                time="0.0022528"/>
      <testcase classname="Philips.PMP.Test.Auto.EnterprisePortalServiceTest"
                name="ShouldAddToSearchResultsTest (True,False,False,False,False,False,0) row 1"
                time="0.0029514"/>
      <testcase classname="Philips.PMP.Test.Auto.EnterprisePortalServiceTest"
                name="ShouldAddToSearchResultsTest (False,True,False,False,False,True,0) row 2"
                time="0.0014799"/>
      <testcase classname="Philips.PMP.Test.Auto.EnterprisePortalServiceTest"
                name="ShouldAddToSearchResultsTest (False,True,True,False,False,False,1) row 3"
                time="0.0011594"/>
      <testcase classname="Philips.PMP.Test.Auto.EnterprisePortalServiceTest"
                name="ShouldAddToSearchResultsTest (False,True,True,True,False,False,1) row 4"
                time="0.0011837"/>
      <testcase classname="Philips.PMP.Test.Auto.EnterprisePortalServiceTest"
                name="ShouldAddToSearchResultsTest (False,True,True,False,False,False,1) row 5"
                time="0.0018355"/>
      <testcase classname="Philips.PMP.Test.Auto.EnterprisePortalServiceTest"
                name="ShouldAddToSearchResultsTest (False,True,True,False,True,True,1) row 6"
                time="0.0012618"/>
      <testcase classname="Philips.PMP.Test.Auto.SynchronousCircularBufferControllerTest"
                name="BufferCanReplaceExistingInterval"
                time="0.013468"/>
      <testcase classname="Philips.PMP.Test.Auto.CiServiceHelperTest"
                name="AlarmReflectionConfigurationEqualityTest"
                time="0.0014094"/>
      <testcase classname="Philips.PMP.Test.Auto.Hl7HelperTest"
                name="Hl7HelperOrganizeTrendDataTest (True) row 1"
                time="0.0220405"/>
      <testcase classname="Philips.PMP.Test.Auto.Hl7HelperTest"
                name="Hl7HelperOrganizeTrendDataTest (False) row 2"
                time="0.0053699"/>
      <testcase classname="Philips.PMP.Test.Auto.NotificationSettingProviderTest"
                name="StoreNotificationAnsReflectionSettingsTest"
                time="0.0083336"/>
      <testcase classname="Philips.CareEvent.Test.CareAssignmentControlTests"
                name="GetReportUrlGeneratesCorrectUrl"
                time="0.2006454"/>
      <testcase classname="Philips.PMP.Test.Auto.ProtocolWatchConversionsTest"
                name="NumericCompoundValueAndDynamicAttributeShouldHaveEqualPdtAndUnit"
                time="0.002719"/>
      <testcase classname="Philips.PMP.Test.Auto.DbInstallMgrTest"
                name="ExportDBInitializationTest"
                time="0.000871"/>
      <testcase classname="Philips.PMP.Test.Auto.PhysioDataServiceTest"
                name="MetricRepositorySavesOldMetricsWithDifferentTextIds (ECG_CARD_BEAT_RATE,ECG_CARD_BEAT_RATE,1) row 1"
                time="0.0016755"/>
      <testcase classname="Philips.PMP.Test.Auto.PhysioDataServiceTest"
                name="MetricRepositorySavesOldMetricsWithDifferentTextIds (ECG_CARD_BEAT_RATE,ECG_AMPL_ST_I,2) row 2"
                time="0.0014354"/>
      <testcase classname="Philips.IX.UserManagement.Test.ProveIdWebApiConfigurationProviderTest"
                name="GetBootstrapServerTest"
                time="0.2735964"/>
      <testcase classname="Philips.PMP.LicenseService.Test.LicenseHostValidatorTest"
                name="LicenseValidatorValidateDbEngineclusterHost (True) row 1"
                time="0.0459114"/>
      <testcase classname="Philips.PMP.LicenseService.Test.LicenseHostValidatorTest"
                name="LicenseValidatorValidateDbEngineclusterHost (False) row 2"
                time="0.0030857"/>
      <testcase classname="Philips.PMP.Test.Auto.HL7ProviderTest"
                name="HL7DeviceConnectionTest"
                time="0.2817535"/>
      <testcase classname="Philips.CareEvent.Test.EventInitializerTests"
                name="ReturnProductNotEnabledWhenProductIsNotValid"
                time="0.0054334"/>
      <testcase classname="Philips.PMP.Test.Auto.ProtocolWatchConversionsTest"
                name="ConvertDateTimesOfEnumerationToLocalDateTime"
                time="0.0016875"/>
      <testcase classname="Philips.CareEvent.Test.RingtoneMgrTest"
                name="ValidateMultipleRingtoneErrorMessages (Parse,0,True,12,False) row 1"
                time="0.008929"/>
      <testcase classname="Philips.CareEvent.Test.RingtoneMgrTest"
                name="ValidateMultipleRingtoneErrorMessages (Parse,0,False,8,False) row 2"
                time="0.0018453"/>
      <testcase classname="Philips.CareEvent.Test.RingtoneMgrTest"
                name="ValidateMultipleRingtoneErrorMessages (BitDepth,16,True,24,True) row 3"
                time="0.0010095"/>
      <testcase classname="Philips.CareEvent.Test.RingtoneMgrTest"
                name="ValidateMultipleRingtoneErrorMessages (BitDepth,16,False,8,True) row 4"
                time="0.0014719"/>
      <testcase classname="Philips.PMP.Test.Auto.PatientServiceHelperTest"
                name="PatientServiceHelperGetDeviceSecurityStateTest (True,False,False,False,False,False,False,Unknown) row 1"
                time="0.131858"/>
      <testcase classname="Philips.PMP.Test.Auto.PatientServiceHelperTest"
                name="PatientServiceHelperGetDeviceSecurityStateTest (False,True,False,False,False,False,False,Unknown) row 2"
                time="0.0009769"/>
      <testcase classname="Philips.PMP.Test.Auto.PatientServiceHelperTest"
                name="PatientServiceHelperGetDeviceSecurityStateTest (False,False,False,False,False,False,False,SecurityOff) row 3"
                time="0.0014076"/>
      <testcase classname="Philips.PMP.Test.Auto.PatientServiceHelperTest"
                name="PatientServiceHelperGetDeviceSecurityStateTest (False,False,True,False,False,False,False,AuthenticatedAndEncrypted) row 4"
                time="0.0013483"/>
      <testcase classname="Philips.PMP.Test.Auto.PatientServiceHelperTest"
                name="PatientServiceHelperGetDeviceSecurityStateTest (False,False,False,False,True,True,False,Unknown) row 5"
                time="0.0006167"/>
      <testcase classname="Philips.PMP.Test.Auto.PatientServiceHelperTest"
                name="PatientServiceHelperGetDeviceSecurityStateTest (False,False,False,False,True,True,True,NotSecure) row 6"
                time="0.0005841"/>
      <testcase classname="Philips.PMP.Test.Auto.PatientServiceHelperTest"
                name="PatientServiceHelperGetDeviceSecurityStateTest (False,False,False,True,True,True,True,AuthenticatedAndEncrypted) row 7"
                time="0.0005704"/>
      <testcase classname="Philips.PMP.Test.Auto.PatientServiceHelperTest"
                name="PatientServiceHelperGetDeviceSecurityStateTest (False,False,False,True,True,False,True,AuthenticatedNotEncrypted) row 8"
                time="0.000557"/>
      <testcase classname="Philips.PMP.Test.Auto.Ecg12LeadHelperTest"
                name="Ecg12LeadHelperGetOrdersMatchedToOrderRequestsShouldAddAllWhenNoRequests"
                time="0.0008807"/>
      <testcase classname="Philips.PMP.Test.Auto.DynamicAttributesComparerTest"
                name="DynamicAttributeComparerNoAttributesChangeTest"
                time="0.0034479"/>
      <testcase classname="Philips.PMP.LicenseService.Test.UnitLicenseDefaultAssignerTest"
                name="AssignDefaultLicenseWillSaveWithUnitLicense (32,16,0) row 1"
                time="0.0460618"/>
      <testcase classname="Philips.PMP.LicenseService.Test.UnitLicenseDefaultAssignerTest"
                name="AssignDefaultLicenseWillSaveWithUnitLicense (32,32,32) row 2"
                time="0.002017"/>
      <testcase classname="Philips.PMP.LicenseService.Test.UnitLicenseDefaultAssignerTest"
                name="AssignDefaultLicenseWillSaveWithUnitLicense (32,64,32) row 3"
                time="0.0019335"/>
      <testcase classname="Philips.PMP.Test.Auto.LicenseTest"
                name="LicenseGetEntityIdsByFeature"
                time="0.0016925"/>
      <testcase classname="Philips.CareEvent.Test.LocationRoleCareAssignmentControlTests"
                name="UpdatePendingAssignmentsWhenHavePendingButHandlingUnassignment"
                time="0.0117915"/>
      <testcase classname="Philips.PMP.Test.Auto.PatientCensusServiceBridgeTest"
                name="PatientCensuBridgeCanSubscribeUnsubscribe (,False,False,False,False) row 1"
                time="0.3863148"/>
      <testcase classname="Philips.PMP.Test.Auto.PatientCensusServiceBridgeTest"
                name="PatientCensuBridgeCanSubscribeUnsubscribe (,True,False,False,False) row 2"
                time="0.0448742"/>
      <testcase classname="Philips.PMP.Test.Auto.PatientCensusServiceBridgeTest"
                name="PatientCensuBridgeCanSubscribeUnsubscribe (token,True,True,True,True) row 3"
                time="0.0291065"/>
      <testcase classname="Philips.PMP.Test.Auto.PatientCensusServiceBridgeTest"
                name="PatientCensuBridgeCanSubscribeUnsubscribe (token,True,True,False,False) row 4"
                time="0.0134224"/>
      <testcase classname="Philips.PMP.Test.Auto.PatientCensusServiceBridgeTest"
                name="PatientCensuBridgeCanSubscribeUnsubscribe (token,False,True,True,False) row 5"
                time="0.0163633"/>
      <testcase classname="Philips.PMP.Test.Auto.PatientCensusServiceBridgeTest"
                name="PatientCensuBridgeCanSubscribeUnsubscribe (wrongToken,True,False,True,False) row 6"
                time="0.0093008"/>
      <testcase classname="Philips.PMP.Test.Auto.EventCatalogProviderTest"
                name="StoreEventCatalogForPMShouldNotAffectGuardianEventDefinitions"
                time="3.7033352"/>
      <testcase classname="Philips.PMP.Test.Auto.ServiceQualifierTest"
                name="WatchdogQualifierTest"
                time="0.0012129"/>
      <testcase classname="Philips.iX.UserManagement.Test.AuthenticationHelperTest"
                name="AuthenticationHelperAuthenticate (True) row 1"
                time="0.0066266"/>
      <testcase classname="Philips.iX.UserManagement.Test.AuthenticationHelperTest"
                name="AuthenticationHelperAuthenticate (False) row 2"
                time="0.0049991"/>
      <testcase classname="Philips.PMP.Test.Auto.RepositoryTest"
                name="NumericRepositoryDoesNotAgeNullMetrics"
                time="0.0105294"/>
      <testcase classname="Philips.CareEvent.Test.MobileDeviceHelperTests"
                name="GetCorrectMobileDevicePhoneNumber (Android) row 1"
                time="0.0102107"/>
      <testcase classname="Philips.CareEvent.Test.MobileDeviceHelperTests"
                name="GetCorrectMobileDevicePhoneNumber (iOS) row 2"
                time="0.0003833"/>
      <testcase classname="Philips.CareEvent.Test.MobileDeviceHelperTests"
                name="GetCorrectMobileDevicePhoneNumber (Standard) row 3"
                time="0.0121197"/>
      <testcase classname="Philips.PMP.Test.Auto.ReconnectControlTest"
                name="ReconnectButtonEnabledTest (True,False,False,False) row 1"
                time="0.0305124"/>
      <testcase classname="Philips.PMP.Test.Auto.ReconnectControlTest"
                name="ReconnectButtonEnabledTest (False,False,False,False) row 2"
                time="0.0178925"/>
      <testcase classname="Philips.PMP.Test.Auto.ReconnectControlTest"
                name="ReconnectButtonEnabledTest (False,True,False,False) row 3"
                time="0.0155672"/>
      <testcase classname="Philips.PMP.Test.Auto.ReconnectControlTest"
                name="ReconnectButtonEnabledTest (False,False,True,False) row 4"
                time="0.0161467"/>
      <testcase classname="Philips.PMP.Test.Auto.ReconnectControlTest"
                name="ReconnectButtonEnabledTest (False,False,False,True) row 5"
                time="0.0163508"/>
      <testcase classname="Philips.PMP.Test.Auto.ReconnectControlTest"
                name="ReconnectButtonEnabledTest (False,True,True,False) row 6"
                time="0.0207621"/>
      <testcase classname="Philips.PMP.Test.Auto.ReconnectControlTest"
                name="ReconnectButtonEnabledTest (False,True,False,True) row 7"
                time="0.0175457"/>
      <testcase classname="Philips.PMP.Test.Auto.ReconnectControlTest"
                name="ReconnectButtonEnabledTest (False,False,True,True) row 8"
                time="0.016048"/>
      <testcase classname="Philips.PMP.Test.Auto.ReconnectControlTest"
                name="ReconnectButtonEnabledTest (False,True,True,True) row 9"
                time="0.016295"/>
      <testcase classname="Philips.PMP.Test.Auto.AppDomainSectorFactoryMgrTest"
                name="AppDomainSectorFactoryMgrValidateStaticMethods"
                time="0.000533"/>
      <testcase classname="Philips.PMP.Test.Auto.NotificationSettingProviderTest"
                name="FactoryDefaultsRetainedWhenOverviewRoleChanged"
                time="0.2195601"/>
      <testcase classname="Philips.PMP.Test.Auto.PpisMgrTest"
                name="PpisMgrHisConflictInfoIsEquivalentTest"
                time="0.0012145"/>
      <testcase classname="Philips.PMP.Test.Auto.PhysioDataHelperTest"
                name="CmRespIsSlowWaveTest"
                time="0.0217746"/>
      <testcase classname="Philips.PMP.Test.Auto.RepositoryTest"
                name="ReproduceSticr127619"
                time="0.2521218"/>
      <testcase classname="Philips.PIC.DataAcquisition.Test.MonitoringDeviceCommunicatorTest"
                name="MonitoringDeviceCommunicatorConnectDisconnect"
                time="0.016584"/>
      <testcase classname="Philips.PMP.Test.Auto.NetworkQualifierTest"
                name="NetworkQualifierQueriesDns (True,True,True,True) row 1"
                time="0.1090845"/>
      <testcase classname="Philips.PMP.Test.Auto.NetworkQualifierTest"
                name="NetworkQualifierQueriesDns (False,True,True,True) row 2"
                time="0.027538"/>
      <testcase classname="Philips.PMP.Test.Auto.NetworkQualifierTest"
                name="NetworkQualifierQueriesDns (False,True,False,True) row 3"
                time="0.0029832"/>
      <testcase classname="Philips.PMP.Test.Auto.NetworkQualifierTest"
                name="NetworkQualifierQueriesDns (False,False,True,True) row 4"
                time="0.0081939"/>
      <testcase classname="Philips.PMP.Test.Auto.NetworkQualifierTest"
                name="NetworkQualifierQueriesDns (False,False,True,False) row 5"
                time="0.0116537"/>
      <testcase classname="Philips.PMP.Test.Auto.NetworkQualifierTest"
                name="NetworkQualifierQueriesDns (False,False,False,True) row 6"
                time="0.0045065"/>
      <testcase classname="Philips.CareEvent.Test.LedsControlTest"
                name="ValidateAndSaveSettingsTest"
                time="0.1397205"/>
      <testcase classname="Philips.PMP.Test.Auto.PatientDataExportTierTwoTest"
                name="TierTwoExportCalledPerHostWhenMultipleHostsPresent"
                time="0.0063155"/>
      <testcase classname="Philips.PMP.Test.Auto.WaveProviderTest"
                name="WaveDynamicAttributesDuplicatePDT"
                time="0.0277518"/>
      <testcase classname="Philips.PMP.Test.Auto.SystemStatusMessageHandlerTest"
                name="ClearStatusMessageIsCalledAfterAReport"
                time="0.0013196"/>
      <testcase classname="Philips.PMP.Test.Auto.Hl7MessageBuilderTest"
                name="Hl7CreateIheAlertEndTimeNotEqualToZeroMessageTest"
                time="0.002565"/>
      <testcase classname="Philips.PMP.Test.Auto.DbSyncServiceTest"
                name="GetMaxAllowedArchiveDistributionCountTest (10,4) row 1"
                time="0.0514657"/>
      <testcase classname="Philips.PMP.Test.Auto.DbSyncServiceTest"
                name="GetMaxAllowedArchiveDistributionCountTest (513,16) row 2"
                time="0.0026603"/>
      <testcase classname="Philips.PMP.Test.Auto.SpotCheckTrendConverterTest"
                name="SpotCheckTrendRecordConverterTrimTest"
                time="0.0086196"/>
      <testcase classname="Philips.PIC.WebBridge.Test.WatchdogHostedServiceTest"
                name="HostedServiceStartTestAsync"
                time="0.0200416"/>
      <testcase classname="Philips.PMP.Test.Auto.EfficiaWaveMgrTest"
                name="EfficiaWaveMgrProcessSentAbilityTest"
                time="0.0437906"/>
      <testcase classname="Philips.PMP.Test.Auto.MulticastZoneRuleHelperTest"
                name="MulticastZoneRuleHelperVerifyTest (0) row 1"
                time="0.0266551"/>
      <testcase classname="Philips.PMP.Test.Auto.MulticastZoneRuleHelperTest"
                name="MulticastZoneRuleHelperVerifyTest (1) row 2"
                time="0.0014541"/>
      <testcase classname="Philips.PMP.Test.Auto.MulticastZoneRuleHelperTest"
                name="MulticastZoneRuleHelperVerifyTest (2) row 3"
                time="0.0010886"/>
      <testcase classname="Philips.PMP.Test.Auto.MulticastZoneRuleHelperTest"
                name="MulticastZoneRuleHelperVerifyTest (3) row 4"
                time="0.0010198"/>
      <testcase classname="Philips.PMP.Test.Auto.FreseniusMultiFiltrateTest"
                name="FreseniusMultiFiltrateUpdateAlert (True,7203) row 1"
                time="0.0734687"/>
      <testcase classname="Philips.PMP.Test.Auto.FreseniusMultiFiltrateTest"
                name="FreseniusMultiFiltrateUpdateAlert (False,66) row 2"
                time="0.000602"/>
      <testcase classname="Philips.PMP.Test.Auto.MobilePatientTransferMgrTest"
                name="TransferPatient (True,True,True,True) row 1"
                time="0.0066602"/>
      <testcase classname="Philips.PMP.Test.Auto.MobilePatientTransferMgrTest"
                name="TransferPatient (False,True,True,False) row 2"
                time="0.0028354"/>
      <testcase classname="Philips.PMP.Test.Auto.MobilePatientTransferMgrTest"
                name="TransferPatient (True,False,False,False) row 3"
                time="0.0079049"/>
      <testcase classname="Philips.PMP.Test.Auto.MobilePatientTransferMgrTest"
                name="TransferPatient (True,True,False,False) row 4"
                time="0.0051153"/>
      <testcase classname="Philips.PIC.PatientCenter.Test.ColumnConfigProviderTest"
                name="ColumnConfigStoreAndDeleteTest (True,False,False,100) row 1"
                time="0.0710252"/>
      <testcase classname="Philips.PIC.PatientCenter.Test.ColumnConfigProviderTest"
                name="ColumnConfigStoreAndDeleteTest (True,True,False,50) row 2"
                time="0.0352596"/>
      <testcase classname="Philips.PIC.PatientCenter.Test.ColumnConfigProviderTest"
                name="ColumnConfigStoreAndDeleteTest (True,True,True,50) row 3"
                time="0.0403371"/>
      <testcase classname="Philips.PIC.PatientCenter.Test.ColumnConfigProviderTest"
                name="ColumnConfigStoreAndDeleteTest (False,False,False,100) row 4"
                time="0.0397616"/>
      <testcase classname="Philips.PIC.PatientCenter.Test.ColumnConfigProviderTest"
                name="ColumnConfigStoreAndDeleteTest (False,True,False,50) row 5"
                time="0.0341132"/>
      <testcase classname="Philips.PIC.PatientCenter.Test.ColumnConfigProviderTest"
                name="ColumnConfigStoreAndDeleteTest (False,True,True,50) row 6"
                time="0.0355085"/>
      <testcase classname="Philips.PMP.Test.Auto.EventLogShutdownAnalyzerTest"
                name="DetectLastShutdownWasWatchdogApplicationPatching"
                time="0.0013838"/>
      <testcase classname="Philips.PMP.Test.Auto.EnumerationProviderTest"
                name="EnumerationProviderNotStore"
                time="0.014781"/>
      <testcase classname="Philips.CareEvent.Test.LocationAliasManageControlTest"
                name="LocationAliasManageControlOnIndexChanging (True,True,0,False) row 1"
                time="0.0325595"/>
      <testcase classname="Philips.CareEvent.Test.LocationAliasManageControlTest"
                name="LocationAliasManageControlOnIndexChanging (True,False,0,False) row 2"
                time="0.0171069"/>
      <testcase classname="Philips.CareEvent.Test.LocationAliasManageControlTest"
                name="LocationAliasManageControlOnIndexChanging (False,True,1,True) row 3"
                time="0.0192453"/>
      <testcase classname="Philips.CareEvent.Test.LocationAliasManageControlTest"
                name="LocationAliasManageControlOnIndexChanging (False,False,0,False) row 4"
                time="0.0216271"/>
      <testcase classname="Philips.PMP.Test.Auto.Hl7AlarmClientMgrTest"
                name="AlarmClientOnAlarmReceivedAlarmTypeHandlerTest (NewAlert,1) row 1"
                time="0.0033776"/>
      <testcase classname="Philips.PMP.Test.Auto.Hl7AlarmClientMgrTest"
                name="AlarmClientOnAlarmReceivedAlarmTypeHandlerTest (EndAlert,1) row 2"
                time="0.0015979"/>
      <testcase classname="Philips.PMP.Test.Auto.Hl7AlarmClientMgrTest"
                name="AlarmClientOnAlarmReceivedAlarmTypeHandlerTest (SilencedAlert,1) row 3"
                time="0.0031596"/>
      <testcase classname="Philips.PMP.Test.Auto.Hl7AlarmClientMgrTest"
                name="AlarmClientOnAlarmReceivedAlarmTypeHandlerTest (DeviceStatusChange,0) row 4"
                time="0.0012948"/>
      <testcase classname="Philips.PMP.Test.Auto.Hl7AlarmClientMgrTest"
                name="AlarmClientOnAlarmReceivedAlarmTypeHandlerTest (SecondLevelUnsilenced,0) row 5"
                time="0.0032832"/>
      <testcase classname="Philips.PMP.Test.Auto.Hl7AlarmClientMgrTest"
                name="AlarmClientOnAlarmReceivedAlarmTypeHandlerTest (SilencedReminder,0) row 6"
                time="0.0031001"/>
      <testcase classname="Philips.PMP.Test.Auto.WaveFrequencyConverterTest"
                name="WaveConvert500HzWaveTo125HzTest"
                time="0.0104504"/>
      <testcase classname="Philips.PMP.Test.Auto.SystemKeyAccessorTest"
                name="SystemKeyAccessorChecksUserPermissions (True) row 1"
                time="0.1553473"/>
      <testcase classname="Philips.PMP.Test.Auto.SystemKeyAccessorTest"
                name="SystemKeyAccessorChecksUserPermissions (False) row 2"
                time="0.019236"/>
      <testcase classname="Philips.PMP.Test.Auto.PhysioDataPurgeTest"
                name="PhysioProviderPurgeAfterEndAllAlerts"
                time="0.070438"/>
      <testcase classname="Philips.PMP.Test.Auto.AuditProviderTest"
                name="AuditQueryHistoryTest"
                time="0.3061215"/>
      <testcase classname="Philips.PMP.Test.Auto.AlertNotificationHelperTest"
                name="PopulateEventInfoDetails"
                time="0.0043056"/>
      <testcase classname="Philips.CareEvent.Test.LedsSettingsControlTest"
                name="ValidateAndSaveSettingsTest"
                time="0.0100349"/>
      <testcase classname="Philips.CareEvent.Test.CareAssignmentMgrTest"
                name="ExerciseCommitAssignments"
                time="0.0471669"/>
      <testcase classname="Philips.PMP.Test.Auto.EcgFilterHelperTest"
                name="EcgFilterDoesntFilterUncheckedDiagnosticRawFilterObjectTest"
                time="0.0006768"/>
      <testcase classname="Philips.PMP.Test.Auto.MobileWaveSegmentConverterTest"
                name="WaveConverterShouldNotAddWaveSegmentForEmptyWaveChunkTest"
                time="0.0790019"/>
      <testcase classname="Philips.PMP.Test.Auto.IhedriverValidatorTest"
                name="IheDriverTestMdipClusterAsyncTest (True,Failure) row 1"
                time="0.0091538"/>
      <testcase classname="Philips.PMP.Test.Auto.IhedriverValidatorTest"
                name="IheDriverTestMdipClusterAsyncTest (False,Success) row 2"
                time="0.0019513"/>
      <testcase classname="Philips.PMP.Test.Auto.LabelCreationHelperTest"
                name="BedLabelCreationHelperStoreTest (System.String[]) row 1"
                time="0.03688"/>
      <testcase classname="Philips.PMP.Test.Auto.LabelCreationHelperTest"
                name="BedLabelCreationHelperStoreTest (System.String[]) row 2"
                time="0.0059629"/>
      <testcase classname="Philips.CareEvent.Test.EventPrefixHelperTests"
                name="EvaluateNonDeliverablePrefixesTests (UND: Test Event,Test Event,UND) row 1"
                time="0.0006647"/>
      <testcase classname="Philips.CareEvent.Test.EventPrefixHelperTests"
                name="EvaluateNonDeliverablePrefixesTests (Test Event,Test Event,) row 2"
                time="0.0002515"/>
      <testcase classname="Philips.CareEvent.Test.EventPrefixHelperTests"
                name="EvaluateNonDeliverablePrefixesTests (UNA: Test Event,Test Event,UNA) row 3"
                time="0.0001896"/>
      <testcase classname="Philips.PMP.Test.Auto.PerfCounterCollectorTest"
                name="PerfCounterCollectorCanIgnorePrivateByteAlertsTests"
                time="0.0434162"/>
      <testcase classname="Philips.PMP.Test.Auto.StandaloneOptionsQualifierTest"
                name="CorrectWillDoNothingIfUnitIsAlreadyAssignedWithLicense"
                time="0.0025804"/>
      <testcase classname="Philips.PMP.Test.Auto.SurveillanceLayoutTest"
                name="LayoutBasicDisplaysTest"
                time="0.4192012"/>
      <testcase classname="Philips.PMP.Test.Auto.PdsManagedGatewayTest"
                name="PdsManagedGatewayAuditLogStoreAlarmAuditingTest (6,19,AllAlarmAudioPaused) row 1"
                time="0.0070532"/>
      <testcase classname="Philips.PMP.Test.Auto.PdsManagedGatewayTest"
                name="PdsManagedGatewayAuditLogStoreAlarmAuditingTest (6,20,AllAlarmAudioOff) row 2"
                time="0.002224"/>
      <testcase classname="Philips.PMP.Test.Auto.PdsManagedGatewayTest"
                name="PdsManagedGatewayAuditLogStoreAlarmAuditingTest (6,21,Resume) row 3"
                time="0.0042567"/>
      <testcase classname="Philips.PMP.Test.Auto.PdsManagedGatewayTest"
                name="PdsManagedGatewayAuditLogStoreAlarmAuditingTest (0,0,Silence) row 4"
                time="0.0044695"/>
      <testcase classname="Philips.PMP.Test.Auto.IheDeviceTest"
                name="ProcessPC01MessageMultipleFlexTextEnum"
                time="0.0175159"/>
      <testcase classname="Philips.PMP.Test.Auto.Hl7AdtEncoderTest"
                name="Hl7AdtEncoderFormatsPatientMessageAllAttributes"
                time="0.0011006"/>
      <testcase classname="Philips.PMP.Test.Auto.SynchronousCircularBufferControllerTest"
                name="BufferCanReplacePartOfExistingInterval"
                time="0.0016497"/>
      <testcase classname="Philips.PMP.Test.Auto.ReportHelperTest"
                name="GenerateTabularReportTest"
                time="0.0067473"/>
      <testcase classname="Philips.PMP.Test.Auto.ExportPhysioDataControlTest"
                name="ExportPhysioDataControlRefreshAvailableUnits"
                time="0.3348724"/>
      <testcase classname="Philips.PMP.Test.Auto.CameraSystemQualifierTest"
                name="CameraSystemQualifierFailsWhenMultipleUserAuthenticateFails"
                time="0.0144672"/>
      <testcase classname="Philips.PMP.Test.Auto.RingtoneSyncMgrTest"
                name="RingtoneSyncMgrNoUpdateArchiveTest (False,0,0,1) row 1"
                time="0.1118702"/>
      <testcase classname="Philips.PMP.Test.Auto.RingtoneSyncMgrTest"
                name="RingtoneSyncMgrNoUpdateArchiveTest (False,-1,0,0) row 2"
                time="0.0039365"/>
      <testcase classname="Philips.PMP.Test.Auto.RingtoneSyncMgrTest"
                name="RingtoneSyncMgrNoUpdateArchiveTest (True,-1,0,0) row 3"
                time="0.0103828"/>
      <testcase classname="Philips.PMP.Test.Auto.DistributedAlarmSystemMgrTest"
                name="DistributedAlarmSystemUndeliveredAlarmTest"
                time="0.0049899"/>
      <testcase classname="Philips.PMP.Test.Auto.SurveillanceHelperTest"
                name="CompareAlertListsTest"
                time="0.0014397"/>
      <testcase classname="Philips.PMP.Test.Auto.W32TimeStatusTest"
                name="ParseErrorStrings"
                time="0.0121179"/>
      <testcase classname="Philips.CareEvent.Test.MessageRecipientControlTests"
                name="DisplayUsersWithTextMessagingRolesAssigned"
                time="0.0216405"/>
      <testcase classname="Philips.PMP.Test.Auto.ApmDataConverterTest"
                name="GetMyHostNotificationTest (True) row 1"
                time="0.0043655"/>
      <testcase classname="Philips.PMP.Test.Auto.ApmDataConverterTest"
                name="GetMyHostNotificationTest (False) row 2"
                time="0.0013099"/>
      <testcase classname="Philips.PMP.Test.Auto.DbParameterTest"
                name="GetOutputParameter"
                time="0.0147289"/>
      <testcase classname="Philips.PMP.Test.Auto.EcgDeriverTest"
                name="HexadCoefficientsAgainstSTARTest"
                time="0.0019571"/>
      <testcase classname="Philips.PMP.Test.Auto.EntityLicenseExtensionsTest"
                name="EntityLicenseExtensionsIsPatientDataExportStorage"
                time="0.0010274"/>
      <testcase classname="Philips.PMP.Test.Auto.PatientDemographicChoiceFieldsValuesGeneratorTest"
                name="PatientDemographicChoiceFieldsValuesGeneratorGetPatientPacedModeValues (Unconfirmed,3) row 1"
                time="0.0037717"/>
      <testcase classname="Philips.PMP.Test.Auto.PatientDemographicChoiceFieldsValuesGeneratorTest"
                name="PatientDemographicChoiceFieldsValuesGeneratorGetPatientPacedModeValues (Off,2) row 2"
                time="0.0063839"/>
      <testcase classname="Philips.PMP.Test.Auto.PatientDemographicChoiceFieldsValuesGeneratorTest"
                name="PatientDemographicChoiceFieldsValuesGeneratorGetPatientPacedModeValues (On,2) row 3"
                time="0.0081891"/>
      <testcase classname="Philips.PMP.Test.Auto.ApplicationWindowControlTest"
                name="UpdatePatientNameLabelNoInstitutionTest"
                time="0.357177"/>
      <testcase classname="Philips.PMP.Test.Auto.EcgDeriverTest"
                name="RealTimeDerivableHexadWavesTest"
                time="0.0253249"/>
      <testcase classname="Philips.PMP.Test.Auto.IntelliBridgeProviderTest"
                name="IntelliBridgeProviderCacheOnlyMakesOneDbCall"
                time="0.0510101"/>
      <testcase classname="Philips.PMP.Test.Auto.WebQualifierTest"
                name="FailSiteNotUsingCorrectPortTest"
                time="0.0048399"/>
      <testcase classname="Philips.PMP.Test.Auto.PhysioDataDisplayHelperTest"
                name="PhysioDataDisplayHelperGetEnumerationValueStringFromTextIdAndValue (enum_obj_id_val_chosen,148096,3,Pair PVCs 3  ) row 1"
                time="0.0005375"/>
      <testcase classname="Philips.PMP.Test.Auto.PhysioDataDisplayHelperTest"
                name="PhysioDataDisplayHelperGetEnumerationValueStringFromTextIdAndValue (enum_text_id_val_chosen,148096,3,Pair PVCs 3  ) row 2"
                time="0.0003715"/>
      <testcase classname="Philips.PMP.Test.Auto.PersonalCertificateSyncServiceTest"
                name="PersonalCertificateSyncServiceCanDetectNewCertificate (RestartNonEssentialServices) row 1"
                time="0.1440668"/>
      <testcase classname="Philips.PMP.Test.Auto.PersonalCertificateSyncServiceTest"
                name="PersonalCertificateSyncServiceCanDetectNewCertificate (ReopenServiceHosts) row 2"
                time="0.1170171"/>
      <testcase classname="Philips.PMP.Test.Auto.PersonalCertificateSyncServiceTest"
                name="PersonalCertificateSyncServiceCanDetectNewCertificate (All) row 3"
                time="0.1046279"/>
      <testcase classname="Philips.CareEvent.Test.CipsSettingsControlTest"
                name="ValidateAndSaveSettingsTest"
                time="0.0123213"/>
      <testcase classname="Philips.PMP.Test.Auto.ProductSupportControlTest"
                name="LicenseExportEnabledTest (True,True,False,True) row 1"
                time="0.2995947"/>
      <testcase classname="Philips.PMP.Test.Auto.ProductSupportControlTest"
                name="LicenseExportEnabledTest (False,False,True,False) row 2"
                time="0.2118018"/>
      <testcase classname="Philips.PMP.Test.Auto.ProductSupportControlTest"
                name="LicenseExportEnabledTest (False,False,True,True) row 3"
                time="0.1976599"/>
      <testcase classname="Philips.CareEvent.Test.CareAssignmentControlTests"
                name="InterfaceShouldInitialize"
                time="0.0557197"/>
      <testcase classname="Philips.PMP.Test.Auto.PatientProviderTest"
                name="Transport"
                time="0.2841485"/>
      <testcase classname="Philips.PMP.Test.Auto.CameraSystemQualifierTest"
                name="CameraSystemQualifierIsCorrectable"
                time="0.0050131"/>
      <testcase classname="Philips.PMP.Test.Auto.MobileRemoteControlMgrTest"
                name="GetControlsRequestTest"
                time="0.0297011"/>
      <testcase classname="Philips.PMP.Test.Auto.PhysioDataHelperTest"
                name="GetAlertBeginTimeTest"
                time="0.0008352"/>
      <testcase classname="Philips.PIC.DevTools.Test.UpdateCatalogToolTest"
                name="SupportedNlsLanguageCodesAreMapped (ENG,True) row 1"
                time="0.0103314"/>
      <testcase classname="Philips.PIC.DevTools.Test.UpdateCatalogToolTest"
                name="SupportedNlsLanguageCodesAreMapped (TS1,True) row 2"
                time="0.0006122"/>
      <testcase classname="Philips.PIC.DevTools.Test.UpdateCatalogToolTest"
                name="SupportedNlsLanguageCodesAreMapped (ENK,False) row 3"
                time="0.000233"/>
      <testcase classname="Philips.PIC.DevTools.Test.UpdateCatalogToolTest"
                name="SupportedNlsLanguageCodesAreMapped (CZE,True) row 4"
                time="0.0002517"/>
      <testcase classname="Philips.PIC.DevTools.Test.UpdateCatalogToolTest"
                name="SupportedNlsLanguageCodesAreMapped (DAN,True) row 5"
                time="0.0002095"/>
      <testcase classname="Philips.PIC.DevTools.Test.UpdateCatalogToolTest"
                name="SupportedNlsLanguageCodesAreMapped (DCH,True) row 6"
                time="0.0002304"/>
      <testcase classname="Philips.PIC.DevTools.Test.UpdateCatalogToolTest"
                name="SupportedNlsLanguageCodesAreMapped (FIN,True) row 7"
                time="0.0002199"/>
      <testcase classname="Philips.PIC.DevTools.Test.UpdateCatalogToolTest"
                name="SupportedNlsLanguageCodesAreMapped (FRC,True) row 8"
                time="0.0003598"/>
      <testcase classname="Philips.PIC.DevTools.Test.UpdateCatalogToolTest"
                name="SupportedNlsLanguageCodesAreMapped (GER,True) row 9"
                time="0.001199"/>
      <testcase classname="Philips.PIC.DevTools.Test.UpdateCatalogToolTest"
                name="SupportedNlsLanguageCodesAreMapped (GRK,True) row 10"
                time="0.0003252"/>
      <testcase classname="Philips.PIC.DevTools.Test.UpdateCatalogToolTest"
                name="SupportedNlsLanguageCodesAreMapped (HUN,True) row 11"
                time="0.0002729"/>
      <testcase classname="Philips.PIC.DevTools.Test.UpdateCatalogToolTest"
                name="SupportedNlsLanguageCodesAreMapped (ITA,True) row 12"
                time="0.0002414"/>
      <testcase classname="Philips.PIC.DevTools.Test.UpdateCatalogToolTest"
                name="SupportedNlsLanguageCodesAreMapped (JAP,True) row 13"
                time="0.0002278"/>
      <testcase classname="Philips.PIC.DevTools.Test.UpdateCatalogToolTest"
                name="SupportedNlsLanguageCodesAreMapped (NOR,True) row 14"
                time="0.0003169"/>
      <testcase classname="Philips.PIC.DevTools.Test.UpdateCatalogToolTest"
                name="SupportedNlsLanguageCodesAreMapped (POL,True) row 15"
                time="0.0112957"/>
      <testcase classname="Philips.PIC.DevTools.Test.UpdateCatalogToolTest"
                name="SupportedNlsLanguageCodesAreMapped (POR,True) row 16"
                time="0.0005393"/>
      <testcase classname="Philips.PIC.DevTools.Test.UpdateCatalogToolTest"
                name="SupportedNlsLanguageCodesAreMapped (PRC,True) row 17"
                time="0.0002604"/>
      <testcase classname="Philips.PIC.DevTools.Test.UpdateCatalogToolTest"
                name="SupportedNlsLanguageCodesAreMapped (ROC,True) row 18"
                time="0.0002058"/>
      <testcase classname="Philips.PIC.DevTools.Test.UpdateCatalogToolTest"
                name="SupportedNlsLanguageCodesAreMapped (RUM,True) row 19"
                time="0.0001914"/>
      <testcase classname="Philips.PIC.DevTools.Test.UpdateCatalogToolTest"
                name="SupportedNlsLanguageCodesAreMapped (RUS,True) row 20"
                time="0.0002907"/>
      <testcase classname="Philips.PIC.DevTools.Test.UpdateCatalogToolTest"
                name="SupportedNlsLanguageCodesAreMapped (SPA,True) row 21"
                time="0.0017705"/>
      <testcase classname="Philips.PIC.DevTools.Test.UpdateCatalogToolTest"
                name="SupportedNlsLanguageCodesAreMapped (SWE,True) row 22"
                time="0.0003103"/>
      <testcase classname="Philips.PIC.DevTools.Test.UpdateCatalogToolTest"
                name="SupportedNlsLanguageCodesAreMapped (TRK,True) row 23"
                time="0.0002715"/>
      <testcase classname="Philips.PMP.Test.Auto.TopologyHelperTest"
                name="TopologyHelperGetApplicableZonesTest"
                time="0.002199"/>
      <testcase classname="Philips.PMP.Test.Auto.UnassignedDeviceMgrTest"
                name="UnassignedDeviceOrphanHandlingTest"
                time="0.2629883"/>
      <testcase classname="Philips.PMP.LicenseService.Test.LicenseHostValidatorTest"
                name="UnlicensedHostsNotValidated"
                time="0.0088482"/>
      <testcase classname="Philips.PMP.Test.Auto.DataTileHelperTest"
                name="DataTileHelperGetScaleGridTest"
                time="0.0057014"/>
      <testcase classname="Philips.PMP.Test.Auto.SectorControlTest"
                name="SectorControlPatientWillQueueToSilenceRed"
                time="0.0273065"/>
      <testcase classname="Philips.PMP.Test.Auto.DbAvailabilityTest"
                name="GetConnectionStatusChangesTest"
                time="0.002034"/>
      <testcase classname="Philips.PIC.WebBridge.Test.PhysioDataRetrievalMgrTest"
                name="TryGetPhysioDataForDischargedPatientTest"
                time="0.0231372"/>
      <testcase classname="Philips.PMP.Test.Auto.UptimeTrackerTest"
                name="UptimeStateTransitionsCanBeConvertedToStrings"
                time="0.0006482"/>
      <testcase classname="Philips.PMP.Test.Auto.CameraSystemControlTest"
                name="CameraSystemControlDelete (True) row 1"
                time="0.0587075"/>
      <testcase classname="Philips.PMP.Test.Auto.CameraSystemControlTest"
                name="CameraSystemControlDelete (False) row 2"
                time="0.0498588"/>
      <testcase classname="Philips.PMP.Test.Auto.StreamNotificationServiceTest"
                name="StreamNotificationServiceCanStart (False,False,1) row 1"
                time="0.0009214"/>
      <testcase classname="Philips.PMP.Test.Auto.StreamNotificationServiceTest"
                name="StreamNotificationServiceCanStart (False,True,0) row 2"
                time="0.0006375"/>
      <testcase classname="Philips.PMP.Test.Auto.StreamNotificationServiceTest"
                name="StreamNotificationServiceCanStart (True,True,1) row 3"
                time="0.0007498"/>
      <testcase classname="Philips.PMP.Test.Auto.StreamNotificationServiceTest"
                name="StreamNotificationServiceCanStart (True,False,1) row 4"
                time="0.003395"/>
      <testcase classname="Philips.PMP.Test.Auto.EventLogsTest"
                name="DoNotCrashSafeWritingEventLogEntries"
                time="0.0024327"/>
      <testcase classname="Philips.PMP.Test.Auto.RfidInputMgrTest"
                name="RfidInputMgrConfigChange"
                time="0.1936691"/>
      <testcase classname="Philips.PIC.RfidReader.Test.PcProxReaderCommTest"
                name="PcProxReaderCommNoDuplicateRead"
                time="0.0107665"/>
      <testcase classname="Philips.CareEvent.Test.CareTouchCommunicatorTests"
                name="ProcessStaffAssignmentClearRequestShouldCallEnqueueResponse"
                time="0.0070155"/>
      <testcase classname="Philips.PMP.Test.Auto.AddLabelsControlTest"
                name="AddLabelsControlAddPorts (False,1,600,0,Fa0/1/,Fa0/2/,Fa0/3/,Fa0/4/,Fa0/5/,Fa0/6/,Fa0/7/,Fa0/8/,Fa0/9/,Fa0/10/,Fa0/11/,Fa0/12/,Fa0/13/,Fa0/14/,Fa0/15/,Fa0/16/,Fa0/17/,Fa0/18/,Fa0/19/,Fa0/20/,Fa0/21/,Fa0/22/,Fa0/23/,Fa0/24/) row 1"
                time="0.0190797"/>
      <testcase classname="Philips.PMP.Test.Auto.AddLabelsControlTest"
                name="AddLabelsControlAddPorts (False,1,24,1,Fa0/1/,Fa0/2/,Fa0/3/,Fa0/4/,Fa0/5/,Fa0/6/,Fa0/7/,Fa0/8/,Fa0/9/,Fa0/10/,Fa0/11/,Fa0/12/,Fa0/13/,Fa0/14/,Fa0/15/,Fa0/16/,Fa0/17/,Fa0/18/,Fa0/19/,Fa0/20/,Fa0/21/,Fa0/22/,Fa0/23/,Fa0/24/) row 2"
                time="0.0152047"/>
      <testcase classname="Philips.PMP.Test.Auto.AddLabelsControlTest"
                name="AddLabelsControlAddPorts (True,1,24,0,) row 3"
                time="0.0132028"/>
      <testcase classname="Philips.PMP.Test.Auto.AddLabelsControlTest"
                name="AddLabelsControlAddPorts (False,a,24,1,Fa0/a/,Fa0/b/,Fa0/c/,Fa0/d/,Fa0/e/,Fa0/f/,Fa0/g/,Fa0/h/,Fa0/i/,Fa0/j/,Fa0/k/,Fa0/l/,Fa0/m/,Fa0/n/,Fa0/o/,Fa0/p/,Fa0/q/,Fa0/r/,Fa0/s/,Fa0/t/,Fa0/u/,Fa0/v/,Fa0/w/,Fa0/x/) row 4"
                time="0.01982"/>
      <testcase classname="Philips.PMP.Test.Auto.AddLabelsControlTest"
                name="AddLabelsControlAddPorts (False,,24,0,) row 5"
                time="0.0136281"/>
      <testcase classname="Philips.PMP.Test.Auto.AddLabelsControlTest"
                name="AddLabelsControlAddPorts (False,-,24,0,) row 6"
                time="0.0134336"/>
      <testcase classname="Philips.PMP.Test.Auto.ClinicalNotificationAutoAcknowledgerTest"
                name="AckedNotificationsShouldBeSetToResolved"
                time="0.0053703"/>
      <testcase classname="Philips.PMP.Test.Auto.SpotCheckRecordSubscriberTest"
                name="SpotCheckRecordSubscriberChangeBedTest"
                time="0.2487258"/>
      <testcase classname="Philips.PIC.WebBridge.Test.PatientCheckerTest"
                name="CheckAccessTest"
                time="0.0038601"/>
      <testcase classname="Philips.PMP.Test.Auto.EcgDerivationMgrTest"
                name="HexadStoreDerivedWavesIfNeeded3Waves"
                time="0.0036362"/>
      <testcase classname="Philips.PMP.Test.Auto.MorbalPhysioUploadConnectionTest"
                name="MorbalPhysioUploadConnectionMultipleStops (False,False) row 1"
                time="0.0254789"/>
      <testcase classname="Philips.PMP.Test.Auto.MorbalPhysioUploadConnectionTest"
                name="MorbalPhysioUploadConnectionMultipleStops (True,False) row 2"
                time="0.0006034"/>
      <testcase classname="Philips.PMP.Test.Auto.MorbalPhysioUploadConnectionTest"
                name="MorbalPhysioUploadConnectionMultipleStops (True,True) row 3"
                time="0.0004845"/>
      <testcase classname="Philips.PMP.Test.Auto.AutoAdtConfigControlHelperTest"
                name="GetAutoAdtUiSettingTest (False,False) row 1"
                time="0.015064"/>
      <testcase classname="Philips.PMP.Test.Auto.AutoAdtConfigControlHelperTest"
                name="GetAutoAdtUiSettingTest (True,False) row 2"
                time="0.0161068"/>
      <testcase classname="Philips.PMP.Test.Auto.AutoAdtConfigControlHelperTest"
                name="GetAutoAdtUiSettingTest (True,True) row 3"
                time="0.0004955"/>
      <testcase classname="Philips.PMP.Test.Auto.MobileAcknowledgeAlarmValidatorTest"
                name="AckAlarmRequestIsValidWithAccessPassedTest"
                time="0.0171493"/>
      <testcase classname="Philips.PMP.Test.Auto.ProtocolWatchManagedGatewayTest"
                name="ProtocolWatchManagedGatewayUpdatedSupportedProtocolsTest"
                time="0.0384464"/>
      <testcase classname="Philips.PMP.Test.Auto.Hl7OruEncoderTest"
                name="GetFormattedDateTimeHl7OutputTest"
                time="0.0006618"/>
      <testcase classname="Philips.PMP.Test.Auto.HL7ProviderTest"
                name="GetHL7MessageSettings"
                time="0.5281554"/>
      <testcase classname="Philips.PMP.Test.Auto.Hl7OruEncoderTest"
                name="SpsRiskbandExistsInIheHl7Output"
                time="0.0067569"/>
      <testcase classname="Philips.PMP.Test.Auto.PhysioDataMgrHelperTest"
                name="GetAlertStripDataRetunsNullDataIfPdsDataIsUnavailableAndTimeOffsetIsUnavailable"
                time="0.0043672"/>
      <testcase classname="Philips.PMP.Test.Auto.PatientChangeTest"
                name="PatientChangeEquipmentAddedAndRemovedTest"
                time="0.0048809"/>
      <testcase classname="Philips.PMP.Test.Auto.Hl7OruEncoderTest"
                name="CustomSpsExistsInClassicHl7Output"
                time="0.0011964"/>
      <testcase classname="Philips.PMP.Test.Auto.QuickReviewControlTest"
                name="ShouldCreateEventMonitorClientConnection"
                time="0.1263159"/>
      <testcase classname="Philips.PMP.Test.Auto.BedTransferTransitionHostSorterTest"
                name="BedTransferHostSorterCanOrderByAvailableBeds"
                time="0.2760589"/>
      <testcase classname="Philips.PMP.Test.Auto.PhysioDataTimeOffsetProcessorTest"
                name="OffsetProcessorCanOffsetTimeWave"
                time="0.0022396"/>
      <testcase classname="Philips.PMP.Test.Auto.RepositoryEnumerationTest"
                name="RepositoryEnumerationShouldAllowDisplay (DelphiHigh15In,True) row 1"
                time="0.0008123"/>
      <testcase classname="Philips.PMP.Test.Auto.RepositoryEnumerationTest"
                name="RepositoryEnumerationShouldAllowDisplay (ExtDevServer,False) row 2"
                time="0.0004281"/>
      <testcase classname="Philips.PMP.Test.Auto.RepositoryEnumerationTest"
                name="RepositoryEnumerationShouldAllowDisplay (IbridgeEc40Hub,False) row 3"
                time="0.0003645"/>
      <testcase classname="Philips.PMP.Test.Auto.RepositoryEnumerationTest"
                name="RepositoryEnumerationShouldAllowDisplay (IbridgeEc48Hub,False) row 4"
                time="0.0003634"/>
      <testcase classname="Philips.PMP.Test.Auto.TeleProfileHelperTest"
                name="DisplayOrderTest"
                time="0.2447538"/>
      <testcase classname="Philips.PMP.Test.Auto.TopologyProviderCacheTest"
                name="TopologyProviderCacheMaintainsListOfAllBeds"
                time="0.529963"/>
      <testcase classname="Philips.PMP.Test.Auto.ControlServiceTest"
                name="ControlServiceRequestInitialDbSettings (True) row 1"
                time="0.0464682"/>
      <testcase classname="Philips.PMP.Test.Auto.ControlServiceTest"
                name="ControlServiceRequestInitialDbSettings (False) row 2"
                time="0.0138451"/>
      <testcase classname="Philips.PMP.Test.Auto.MobilePhysioDataMdipFilterTest"
                name="FilterMdipDevicesTest"
                time="0.0478521"/>
      <testcase classname="Philips.PMP.Test.Auto.ProtocolWatchEngineWrapperTest"
                name="ProtocolWatchResendEnumWithinFourHours"
                time="0.0197838"/>
      <testcase classname="Philips.PMP.Test.Auto.PatientUnitAdmitTimeHelperTest"
                name="PatientUnitAdmitTimeHelperIsValidUnitAdmitTime"
                time="0.0004811"/>
      <testcase classname="Philips.PMP.Test.Auto.NumericProviderTest"
                name="NumericProviderPeriodicTrendUploadedFlag"
                time="0.3243712"/>
      <testcase classname="Philips.PMP.Test.Auto.PatientServiceHelperTest"
                name="PatientServiceHelperGetSyncStateTest"
                time="0.0336835"/>
      <testcase classname="Philips.PMP.Test.Auto.MobilityServiceHelperTest"
                name="MobilityServiceHelperCanAuthenticateUser (True,Success) row 1"
                time="0.0042459"/>
      <testcase classname="Philips.PMP.Test.Auto.MobilityServiceHelperTest"
                name="MobilityServiceHelperCanAuthenticateUser (False,InvalidCredentials) row 2"
                time="0.0013108"/>
      <testcase classname="Philips.PMP.Test.Auto.TrendUploadValueProcessorTest"
                name="UnitCodesAreSentTest"
                time="0.0021014"/>
      <testcase classname="Philips.PMP.Test.Auto.CaregiverAssignmentHelperTest"
                name="PopUpIsEmptyIfCategoryNotAvailable"
                time="0.2433541"/>
      <testcase classname="Philips.PMP.Test.Auto.EcgIpmFilterTest"
                name="EcgIpmHighPassFilterTestHp"
                time="0.0076712"/>
      <testcase classname="Philips.PMP.Test.Auto.ComConverterTest"
                name="ComConverterBuildArraysReturnsFalse"
                time="0.0191593"/>
      <testcase classname="Philips.PMP.Test.Auto.TeleProfileHelperTest"
                name="HideBasicProfileTest"
                time="0.2408855"/>
      <testcase classname="Philips.PMP.Test.Auto.BodyCalculationsControlHelperTest"
                name="BodyCalculationsHelperGetPatientHeightChoices"
                time="0.0038351"/>
      <testcase classname="Philips.PMP.Test.Auto.Hl7OruEncoderTest"
                name="ApplSpecificShouldNotBeInComplexClassicHl7Output (CDS_PROTOCOL_UUID_DEFINITION,0002-fbba) row 1"
                time="0.0040367"/>
      <testcase classname="Philips.PMP.Test.Auto.Hl7OruEncoderTest"
                name="ApplSpecificShouldNotBeInComplexClassicHl7Output (CDS_PROTOCOL_UUID_CONFIG,0002-fbbb) row 2"
                time="0.0018428"/>
      <testcase classname="Philips.PMP.Test.Auto.AbsoluteTimeComHelperTest"
                name="AbsoluteTimeBuildDateTimeTest"
                time="0.0009873"/>
      <testcase classname="Philips.PMP.Test.Auto.EfficiaWaveStreamReaderTest"
                name="WaveInterpolationCombinations4Test"
                time="0.0011494"/>
      <testcase classname="Philips.PMP.Test.Auto.LicenseTest"
                name="LicenseGetItemOrder"
                time="0.0009047"/>
      <testcase classname="Philips.PMP.Test.Auto.MobilityServiceHelperTest"
                name="RhythmStatusIsNeededTest (False) row 1"
                time="0.0017052"/>
      <testcase classname="Philips.PMP.Test.Auto.MobilityServiceHelperTest"
                name="RhythmStatusIsNeededTest (True) row 2"
                time="0.0011999"/>
      <testcase classname="Philips.PMP.Test.Auto.EntityToFeatureMapTest"
                name="GetUnitFeatureTest"
                time="0.00278"/>
      <testcase classname="Philips.PMP.Test.Auto.BedComparerTest"
                name="CompareBedsTest"
                time="0.0012546"/>
      <testcase classname="Philips.PMP.Test.Auto.WatchdogProviderTest"
                name="StoreFourReboots"
                time="0.3588614"/>
      <testcase classname="Philips.PMP.Test.Auto.AlertNotificationServiceTest"
                name="ReportToApmService (True) row 1"
                time="0.1254388"/>
      <testcase classname="Philips.PMP.Test.Auto.AlertNotificationServiceTest"
                name="ReportToApmService (False) row 2"
                time="0.0045699"/>
      <testcase classname="Philips.IX.UserManagement.Test.ProveIdWebApiMessageTest"
                name="RfIdeasConfigMessageTest"
                time="0.0388461"/>
      <testcase classname="Philips.PMP.Test.Auto.MasterHostSelectionSubscriberTest"
                name="MasterHostSelectionSubscriberSetCiConfigDeepCopyTests (True,False,True) row 1"
                time="0.0027546"/>
      <testcase classname="Philips.PMP.Test.Auto.MasterHostSelectionSubscriberTest"
                name="MasterHostSelectionSubscriberSetCiConfigDeepCopyTests (True,True,False) row 2"
                time="0.0017002"/>
      <testcase classname="Philips.RootMain.Test.CertificateInstallMgrTest"
                name="ThisHostCaNotConfiguredSucceedTest"
                time="0.2274761"/>
      <testcase classname="Philips.PMP.Test.Auto.HostUnitAccessControlTest"
                name="HostUnitAccessControlCopySettings"
                time="0.3417095"/>
      <testcase classname="Philips.PMP.Test.Auto.UserAccountQualifierTest"
                name="UserAccountQualifierShouldSetPassword (True) row 1"
                time="0.0027881"/>
      <testcase classname="Philips.PMP.Test.Auto.UserAccountQualifierTest"
                name="UserAccountQualifierShouldSetPassword (False) row 2"
                time="0.0021649"/>
      <testcase classname="Philips.PMP.Test.Auto.SystemEncryptionInstallMgrTest"
                name="ClientGetNewKey (False,True) row 1"
                time="0.0033236"/>
      <testcase classname="Philips.PMP.Test.Auto.SystemEncryptionInstallMgrTest"
                name="ClientGetNewKey (False,False) row 2"
                time="0.0018324"/>
      <testcase classname="Philips.PMP.Test.Auto.SystemEncryptionInstallMgrTest"
                name="ClientGetNewKey (True,True) row 3"
                time="0.001948"/>
      <testcase classname="Philips.PMP.Test.Auto.EventNotificationSettingControlTest"
                name="IsOverviewSettingByCaregiverTest (False,True,True) row 1"
                time="0.0195385"/>
      <testcase classname="Philips.PMP.Test.Auto.EventNotificationSettingControlTest"
                name="IsOverviewSettingByCaregiverTest (True,False,True) row 2"
                time="0.0173987"/>
      <testcase classname="Philips.PMP.Test.Auto.EventNotificationSettingControlTest"
                name="IsOverviewSettingByCaregiverTest (True,True,True) row 3"
                time="0.0235659"/>
      <testcase classname="Philips.PMP.Test.Auto.EventNotificationSettingControlTest"
                name="IsOverviewSettingByCaregiverTest (False,False,False) row 4"
                time="0.018028"/>
      <testcase classname="Philips.PMP.Test.Auto.InstitutionControlTest"
                name="InstitutionControlSave (True,True,True) row 1"
                time="0.1117336"/>
      <testcase classname="Philips.PMP.Test.Auto.InstitutionControlTest"
                name="InstitutionControlSave (False,True,False) row 2"
                time="0.0246095"/>
      <testcase classname="Philips.PMP.Test.Auto.InstitutionControlTest"
                name="InstitutionControlSave (True,False,False) row 3"
                time="0.0291307"/>
      <testcase classname="Philips.PMP.Test.Auto.HostUnitAccessControlTest"
                name="HostUnitAccessControlUpdateButtonsState"
                time="0.068999"/>
      <testcase classname="Philips.PMP.Test.Auto.EventLogShutdownAnalyzerTest"
                name="DetectLastShutdownWasWatchdogWrongUser"
                time="0.0011539"/>
      <testcase classname="Philips.PMP.Test.Auto.AutoAdtConfigControlHelperTest"
                name="GetEntityTypeTest"
                time="0.0009357"/>
      <testcase classname="Philips.PMP.Test.Auto.TreeNodeDupeFinderTest"
                name="GetUniqueEventCategoryNameShouldGetAUniqueNameAfterOneConflictWithAnotherUnit"
                time="0.0052517"/>
      <testcase classname="Philips.PMP.Test.Auto.PatientDataExportStorageQualifierTest"
                name="PatientDataExportStorageQualifierHostQualificationVerify (HostQualification,Success) row 1"
                time="0.1289684"/>
      <testcase classname="Philips.PMP.Test.Auto.PatientDataExportStorageQualifierTest"
                name="PatientDataExportStorageQualifierHostQualificationVerify (SystemValidation,Failure) row 2"
                time="8.0284477"/>
      <testcase classname="Philips.PMP.Test.Auto.DbEngineTest"
                name="ErrorHandlingMissingParameter"
                time="0.0083802"/>
      <testcase classname="Philips.PMP.LicenseService.Test.LicensingSystemValidatorTest"
                name="LicenseSystemValidationAutoAdtTest"
                time="0.0117034"/>
      <testcase classname="Philips.PIC.WebBridge.Test.TokensControllerTest"
                name="TokenCreateSuccessfulAuthenticationTest"
                time="0.007041"/>
      <testcase classname="Philips.PMP.Test.Auto.WatchdogCommandsTest"
                name="WatchdogMemoryDumpSingleCommandFunctionality"
                time="0.0079609"/>
      <testcase classname="Philips.PMP.Test.Auto.WaveDataTest"
                name="LineFrequencyIsCopiedCorrectlyTest"
                time="0.0009298"/>
      <testcase classname="Philips.PMP.Test.Auto.DbExecutionMgrTest"
                name="DbExecutionMgrDoesProcessResultsForRemoteHost (False,False) row 1"
                time="0.0026215"/>
      <testcase classname="Philips.PMP.Test.Auto.DbExecutionMgrTest"
                name="DbExecutionMgrDoesProcessResultsForRemoteHost (True,False) row 2"
                time="0.0121474"/>
      <testcase classname="Philips.PMP.Test.Auto.DbExecutionMgrTest"
                name="DbExecutionMgrDoesProcessResultsForRemoteHost (False,True) row 3"
                time="0.0029542"/>
      <testcase classname="Philips.PMP.Test.Auto.Hl7OruEncoderTest"
                name="GetComplexNumericPhysioIdsTest"
                time="0.0006576"/>
      <testcase classname="Philips.PMP.LicenseService.Test.UnitLicenseFeaturesDeterminerTest"
                name="GetRemainingUnitFeaturesWillNotGetFeaturesIfTheCodeDoNotMatchWIthItemOrder"
                time="0.0009773"/>
      <testcase classname="Philips.PIC.DataAcquisition.Test.MonitoringDevicePatientQueryHelperTest"
                name="MonitoringDeviceDoDemographicsMatchTest (True,False,False,False,False) row 1"
                time="0.0031052"/>
      <testcase classname="Philips.PIC.DataAcquisition.Test.MonitoringDevicePatientQueryHelperTest"
                name="MonitoringDeviceDoDemographicsMatchTest (False,True,False,False,False) row 2"
                time="0.0006994"/>
      <testcase classname="Philips.PIC.DataAcquisition.Test.MonitoringDevicePatientQueryHelperTest"
                name="MonitoringDeviceDoDemographicsMatchTest (False,False,True,False,False) row 3"
                time="0.0010353"/>
      <testcase classname="Philips.PIC.DataAcquisition.Test.MonitoringDevicePatientQueryHelperTest"
                name="MonitoringDeviceDoDemographicsMatchTest (False,False,False,False,False) row 4"
                time="0.0018777"/>
      <testcase classname="Philips.PIC.DataAcquisition.Test.MonitoringDevicePatientQueryHelperTest"
                name="MonitoringDeviceDoDemographicsMatchTest (False,False,False,True,False) row 5"
                time="0.0123522"/>
      <testcase classname="Philips.PIC.DataAcquisition.Test.MonitoringDevicePatientQueryHelperTest"
                name="MonitoringDeviceDoDemographicsMatchTest (False,False,False,False,False) row 6"
                time="0.0002998"/>
      <testcase classname="Philips.PIC.DataAcquisition.Test.MonitoringDevicePatientQueryHelperTest"
                name="MonitoringDeviceDoDemographicsMatchTest (False,False,False,True,True) row 7"
                time="0.01113"/>
      <testcase classname="Philips.PMP.Test.Auto.TaggedIntervalBufferTest"
                name="ReplaceDoesNotCrashOnRemovedNode"
                time="0.0006342"/>
      <testcase classname="Philips.PMP.Test.Auto.ApmDataConverterTest"
                name="ReportAndClearStatusMessagesReturnSameSeverities"
                time="0.027207"/>
      <testcase classname="Philips.CareEvent.Test.MessageRecipientMgrTest"
                name="GetNonStandardDeviceUsersToSendMessageShouldReturnUserIfUserAssignedStandardDeviceTest"
                time="0.0023331"/>
      <testcase classname="Philips.PMP.Test.Auto.AutoDeviceSetupTest"
                name="AutoDeviceSetupBedLabelConflictHandlingTest"
                time="0.4458422"/>
      <testcase classname="Philips.PMP.Test.Auto.MultiHostSubscriberTest"
                name="MultiHostSubscriberHostSubscriptionsAreCaseInsensitiveTest"
                time="0.0011973"/>
      <testcase classname="Philips.PMP.Test.Auto.FactoryUserConfigControlTest"
                name="FactoryUserConfigControlDetectsRequiredChanges (True) row 1"
                time="0.0247989"/>
      <testcase classname="Philips.PMP.Test.Auto.FactoryUserConfigControlTest"
                name="FactoryUserConfigControlDetectsRequiredChanges (False) row 2"
                time="0.0229244"/>
      <testcase classname="Philips.PMP.Test.Auto.PatientDataExportTest"
                name="AlertSendOnChangeTest"
                time="0.0083065"/>
      <testcase classname="Philips.PMP.Test.Auto.TimeServiceTest"
                name="TimeServiceUnchangedIfInCorrectState"
                time="0.0023015"/>
      <testcase classname="Philips.PMP.Test.Auto.ProtocolWatchConversionsTest"
                name="ProtocolWatchAdaptClinicalNotification"
                time="0.001198"/>
      <testcase classname="Philips.PIC.DataAcquisition.Test.MonitoringDeviceCommunicatorTest"
                name="MonitoringDeviceCommunicatorProcessesDeviceStatusUpdates"
                time="0.1150437"/>
      <testcase classname="Philips.PMP.Test.Auto.EventCategorySettingsMgrTest"
                name="CheckDefaultState"
                time="0.0232936"/>
      <testcase classname="Philips.CareEvent.Test.CareAssignmentHelperTests"
                name="GetUserAssignmentsHappyPath"
                time="0.0976662"/>
      <testcase classname="Philips.PMP.Test.Auto.Hl7OruEncoderTest"
                name="ProcessTrendUploadExceptionTest"
                time="0.0063557"/>
      <testcase classname="Philips.PMP.Test.Auto.UserRightsAssignmentQualifierTest"
                name="UserRightsAssignmentQualifierVerifyTest"
                time="0.0565753"/>
      <testcase classname="Philips.RootMain.Test.CertificateInstallMgrTest"
                name="ThisHostCaAlreadyConfiguredTest"
                time="0.284492"/>
      <testcase classname="Philips.PMP.Test.Auto.CiConfigurationTest"
                name="CiConfigurationCorrectnlyHandlesNullValues"
                time="0.0190555"/>
      <testcase classname="Philips.PMP.Test.Auto.AcknowledgeAlertsHelperTest"
                name="AcknowledgeAlertsHelperTryGetActionNamesForHighestPatientAlertAndHighestTechnicalAlertYellow"
                time="0.0015101"/>
      <testcase classname="Philips.PMP.Test.Auto.SnippetHelperTest"
                name="SnippetHelperGetBaselineTimeStampTest"
                time="0.0014399"/>
      <testcase classname="Philips.PMP.Test.Auto.StandaloneOptionsQualifierTest"
                name="VerifyWillcheckLicenseToUnitWithHostDevice (2) row 1"
                time="0.0076028"/>
      <testcase classname="Philips.PMP.Test.Auto.StandaloneOptionsQualifierTest"
                name="VerifyWillcheckLicenseToUnitWithHostDevice (1) row 2"
                time="0.0032336"/>
      <testcase classname="Philips.PMP.Test.Auto.DataTileHelperTest"
                name="DataTileHelperGetDurationSettingTest"
                time="0.0079832"/>
      <testcase classname="Philips.PMP.Test.Auto.EventNotificationValidatorTest"
                name="ValidateCaregiverAssignmentForRemovedRoles"
                time="0.0063388"/>
      <testcase classname="Philips.PMP.Test.Auto.PatientIdentityConverterTest"
                name="PatientIdentityConverterDoesNotCallTopologyProviderIfBedProvided"
                time="0.0008132"/>
      <testcase classname="Philips.PMP.Test.Auto.EventRolesHelperTest"
                name="CorrectEventRolesParentChild"
                time="0.0620934"/>
      <testcase classname="Philips.PMP.Test.Auto.PatientDataExportConfigControlTest"
                name="PatientDataExportServerConfigByHostTest"
                time="0.4054238"/>
      <testcase classname="Philips.PMP.Test.Auto.ClockFileHelperTest"
                name="ClockFileHelperGeneratesEmptyFile (True) row 1"
                time="0.0009123"/>
      <testcase classname="Philips.PMP.Test.Auto.ClockFileHelperTest"
                name="ClockFileHelperGeneratesEmptyFile (False) row 2"
                time="0.0004103"/>
      <testcase classname="Philips.PMP.Test.Auto.MdilTimeDistributorTest"
                name="MdilTimeDistributorDoesntSendTimeIfNoDevices"
                time="0.1546962"/>
      <testcase classname="Philips.PMP.Test.Auto.Hl7ConnectionTest"
                name="Hl7ConnectionSendTest (False,False,False,0) row 1"
                time="0.0149329"/>
      <testcase classname="Philips.PMP.Test.Auto.Hl7ConnectionTest"
                name="Hl7ConnectionSendTest (True,True,True,2) row 2"
                time="0.0032262"/>
      <testcase classname="Philips.PMP.Test.Auto.BaxterPrismaxTest"
                name="IntelliBridgeBaxterPrismaxMemGetAckStateTest"
                time="0.0046141"/>
      <testcase classname="Philips.PMP.Test.Auto.IheMetricDataHandlerTest"
                name="IHEMetricDataHandlerTest (BDAIC,MSH|^~\&amp;|||||20201201141507.982-0500||ORU^R01^ORU_R01|HP1201141507.982PH2UA91414CR6|P|2.6|||AL|NE||8859/1|EN^English^ISO639||IHE_PCD_001^IHE PCD^1.3.6.1.4.1.19376.1.6.1.1.1^ISO&#xD;&#xA;&#x9;&#x9;PID|||&#34;^^^Philips^MR||&#34;^&#34;^&#34;^^^^L||&#34;|&#34;&#xD;&#xA;&#x9;&#x9;PV1||I|My Unit^^Be001&#xD;&#xA;&#x9;&#x9;OBR|||0009fbFFFF78373b^^^EUI-64|69965^MDC_DEV_MON_PHYSIO_MULTI_PARAM_MDS^MDC|||20201201141507.915-0500&#xD;&#xA;&#x9;&#x9;OBX|||69965^MDC_DEV_MON_PHYSIO_MULTI_PARAM_MDS^MDC|1.0.0.0|||||||X|||||||34f0c2ae-e930-4806-b7ed-b65e88cbeacb-IntelliVue MX800 - 865240&#xD;&#xA;&#x9;&#x9;OBX|||70002^MDC_DEV_SYS_PT_VENT_VMD^MDC|1.1.0.0|||||||X|||||||DE12507943&#xD;&#xA;&#x9;&#x9;OBX|||70003^MDC_DEV_SYS_PT_VENT_CHAN^MDC|1.1.1.0|||||||X&#xD;&#xA;&#x9;&#x9;OBX||NM|153316^MDC_RESP_TIME_CONSTANT_EXP^MDC|1.1.1.2|22|264320^MDC_DIM_SEC^MDC|&gt;10||||F &#xD;&#xA;&#x9;&#x9;OBX|18|NM|157916^MDC_TIME_PD_REMAIN^MDC|1.1.2.210|602|264352^MDC_DIM_MIN^MDC^min^min^UCUM|||||R&#xD;&#xA;&#x9;&#x9;OBX||NM|194585^NOM_BREATH_RAPID_SHALLOW_INDEX^MDC|1.1.1.3|80|262656^MDC_DIM_DIMLESS^MDC|2-12||||F&#xD;&#xA;&#x9;&#x9;OBX||CWE|0^MDC_DEV_PUMP_ACTIVE_SOURCES^MDC|1.1.1.18|^pump-source-info-primary^MDC||||||R&#xD;&#xA;&#x9;&#x9;OBX|8|NM|157924^MDC_RATE_DOSE^MDC|1.1.1.3|1.3|265266^MDC_DIM_MILLI_L_PER_HR^MDC^mL/h^mL/h^UCUM|&lt;14||||R&#xD;&#xA;&#x9;&#x9;OBX|9|NM|67266788^MDC_RATE_DOSE^MDC|1.1.1.4|2.3|265266^MDC_DIM_MILLI_L_PER_HR^MDC^mL/h^mL/h^UCUM|||||R&#xD;&#xA;&#x9;&#x9;OBX|10|NM|67305461^NOM_NEW^MDC^^^^^^testLabelNum6|1.1.1.41|100.00|265266^MDC_DIM_MILLI_L_PER_HR^MDC^mL/h^mL/h^UCUM|0-0||||R||APERIODIC||,7,True,,22,264320,,UpdPeriodic,True,10,0,True,) row 1"
                time="0.0076516"/>
      <testcase classname="Philips.PMP.Test.Auto.IheMetricDataHandlerTest"
                name="IHEMetricDataHandlerTest (BDAIC,MSH|^~\&amp;|||||20201201141507.982-0500||ORU^R01^ORU_R01|HP1201141507.982PH2UA91414CR6|P|2.6|||AL|NE||8859/1|EN^English^ISO639||IHE_PCD_001^IHE PCD^1.3.6.1.4.1.19376.1.6.1.1.1^ISO&#xD;&#xA;&#x9;&#x9;PID|||&#34;^^^Philips^MR||&#34;^&#34;^&#34;^^^^L||&#34;|&#34;&#xD;&#xA;&#x9;&#x9;PV1||I|My Unit^^Be001&#xD;&#xA;&#x9;&#x9;OBR|||0009fbFFFF78373b^^^EUI-64|69965^MDC_DEV_MON_PHYSIO_MULTI_PARAM_MDS^MDC|||20201201141507.915-0500&#xD;&#xA;&#x9;&#x9;OBX|||69965^MDC_DEV_MON_PHYSIO_MULTI_PARAM_MDS^MDC|1.0.0.0|||||||X|||||||34f0c2ae-e930-4806-b7ed-b65e88cbeacb-IntelliVue MX800 - 865240&#xD;&#xA;&#x9;&#x9;OBX|||70002^MDC_DEV_SYS_PT_VENT_VMD^MDC|1.1.0.0|||||||X|||||||DE12507943&#xD;&#xA;&#x9;&#x9;OBX|||70003^MDC_DEV_SYS_PT_VENT_CHAN^MDC|1.1.1.0|||||||X&#xD;&#xA;&#x9;&#x9;OBX||NM|153316^MDC_RESP_TIME_CONSTANT_EXP^MDC|1.1.1.2|22|264320^MDC_DIM_SEC^MDC|&gt;10||||F &#xD;&#xA;&#x9;&#x9;OBX|18|NM|157916^MDC_TIME_PD_REMAIN^MDC|1.1.2.210|602|264352^MDC_DIM_MIN^MDC^min^min^UCUM|||||R&#xD;&#xA;&#x9;&#x9;OBX||NM|194585^NOM_BREATH_RAPID_SHALLOW_INDEX^MDC|1.1.1.3|80|262656^MDC_DIM_DIMLESS^MDC|2-12||||F&#xD;&#xA;&#x9;&#x9;OBX||CWE|0^MDC_DEV_PUMP_ACTIVE_SOURCES^MDC|1.1.1.18|^pump-source-info-primary^MDC||||||R&#xD;&#xA;&#x9;&#x9;OBX|8|NM|157924^MDC_RATE_DOSE^MDC|1.1.1.3|1.3|265266^MDC_DIM_MILLI_L_PER_HR^MDC^mL/h^mL/h^UCUM|&lt;14||||R&#xD;&#xA;&#x9;&#x9;OBX|9|NM|67266788^MDC_RATE_DOSE^MDC|1.1.1.4|2.3|265266^MDC_DIM_MILLI_L_PER_HR^MDC^mL/h^mL/h^UCUM|||||R&#xD;&#xA;&#x9;&#x9;OBX|10|NM|67305461^NOM_NEW^MDC^^^^^^testLabelNum6|1.1.1.41|100.00|265266^MDC_DIM_MILLI_L_PER_HR^MDC^mL/h^mL/h^UCUM|0-0||||R||APERIODIC||,9,True,,80,262656,,UpdPeriodic,True,2,12,True,) row 2"
                time="0.002983"/>
      <testcase classname="Philips.PMP.Test.Auto.IheMetricDataHandlerTest"
                name="IHEMetricDataHandlerTest (BDAIC,MSH|^~\&amp;|||||20201201141507.982-0500||ORU^R01^ORU_R01|HP1201141507.982PH2UA91414CR6|P|2.6|||AL|NE||8859/1|EN^English^ISO639||IHE_PCD_001^IHE PCD^1.3.6.1.4.1.19376.1.6.1.1.1^ISO&#xD;&#xA;&#x9;&#x9;PID|||&#34;^^^Philips^MR||&#34;^&#34;^&#34;^^^^L||&#34;|&#34;&#xD;&#xA;&#x9;&#x9;PV1||I|My Unit^^Be001&#xD;&#xA;&#x9;&#x9;OBR|||0009fbFFFF78373b^^^EUI-64|69965^MDC_DEV_MON_PHYSIO_MULTI_PARAM_MDS^MDC|||20201201141507.915-0500&#xD;&#xA;&#x9;&#x9;OBX|||69965^MDC_DEV_MON_PHYSIO_MULTI_PARAM_MDS^MDC|1.0.0.0|||||||X|||||||34f0c2ae-e930-4806-b7ed-b65e88cbeacb-IntelliVue MX800 - 865240&#xD;&#xA;&#x9;&#x9;OBX|||70002^MDC_DEV_SYS_PT_VENT_VMD^MDC|1.1.0.0|||||||X|||||||DE12507943&#xD;&#xA;&#x9;&#x9;OBX|||70003^MDC_DEV_SYS_PT_VENT_CHAN^MDC|1.1.1.0|||||||X&#xD;&#xA;&#x9;&#x9;OBX||NM|153316^MDC_RESP_TIME_CONSTANT_EXP^MDC|1.1.1.2|22|264320^MDC_DIM_SEC^MDC|&gt;10||||F &#xD;&#xA;&#x9;&#x9;OBX|18|NM|157916^MDC_TIME_PD_REMAIN^MDC|1.1.2.210|602|264352^MDC_DIM_MIN^MDC^min^min^UCUM|||||R&#xD;&#xA;&#x9;&#x9;OBX||NM|194585^NOM_BREATH_RAPID_SHALLOW_INDEX^MDC|1.1.1.3|80|262656^MDC_DIM_DIMLESS^MDC|3-13||||F&#xD;&#xA;&#x9;&#x9;OBX||CWE|0^MDC_DEV_PUMP_ACTIVE_SOURCES^MDC|1.1.1.18|^pump-source-info-primary^MDC||||||R&#xD;&#xA;&#x9;&#x9;OBX|8|NM|157924^MDC_RATE_DOSE^MDC|1.1.1.3|1.3|265266^MDC_DIM_MILLI_L_PER_HR^MDC^mL/h^mL/h^UCUM|&lt;14||||R&#xD;&#xA;&#x9;&#x9;OBX|9|NM|67266788^MDC_RATE_DOSE^MDC|1.1.1.4|2.3|265266^MDC_DIM_MILLI_L_PER_HR^MDC^mL/h^mL/h^UCUM|||||R,9,True,,80,262656,,UpdPeriodic,True,3,13,True,) row 3"
                time="0.0058799"/>
      <testcase classname="Philips.PMP.Test.Auto.IheMetricDataHandlerTest"
                name="IHEMetricDataHandlerTest (BDAIC,MSH|^~\&amp;|||||20201201141507.982-0500||ORU^R01^ORU_R01|HP1201141507.982PH2UA91414CR6|P|2.6|||AL|NE||8859/1|EN^English^ISO639||IHE_PCD_001^IHE PCD^1.3.6.1.4.1.19376.1.6.1.1.1^ISO&#xD;&#xA;&#x9;&#x9;PID|||&#34;^^^Philips^MR||&#34;^&#34;^&#34;^^^^L||&#34;|&#34;&#xD;&#xA;&#x9;&#x9;PV1||I|My Unit^^Be001&#xD;&#xA;&#x9;&#x9;OBR|||0009fbFFFF78373b^^^EUI-64|69965^MDC_DEV_MON_PHYSIO_MULTI_PARAM_MDS^MDC|||20201201141507.915-0500&#xD;&#xA;&#x9;&#x9;OBX|||69965^MDC_DEV_MON_PHYSIO_MULTI_PARAM_MDS^MDC|1.0.0.0|||||||X|||||||34f0c2ae-e930-4806-b7ed-b65e88cbeacb-IntelliVue MX800 - 865240&#xD;&#xA;&#x9;&#x9;OBX|||70002^MDC_DEV_SYS_PT_VENT_VMD^MDC|1.1.0.0|||||||X|||||||DE12507943&#xD;&#xA;&#x9;&#x9;OBX|||70003^MDC_DEV_SYS_PT_VENT_CHAN^MDC|1.1.1.0|||||||X&#xD;&#xA;&#x9;&#x9;OBX||NM|153316^MDC_RESP_TIME_CONSTANT_EXP^MDC|1.1.1.2|22|264320^MDC_DIM_SEC^MDC|&gt;10||||F &#xD;&#xA;&#x9;&#x9;OBX|18|NM|157916^MDC_TIME_PD_REMAIN^MDC|1.1.2.210|602|264352^MDC_DIM_MIN^MDC^min^min^UCUM|||||R&#xD;&#xA;&#x9;&#x9;OBX||NM|194585^NOM_BREATH_RAPID_SHALLOW_INDEX^MDC|1.1.1.3|80|262656^MDC_DIM_DIMLESS^MDC|2-12||||F&#xD;&#xA;&#x9;&#x9;OBX||CWE|0^MDC_DEV_PUMP_ACTIVE_SOURCES^MDC|1.1.1.18|^pump-source-info-primary^MDC||||||R&#xD;&#xA;&#x9;&#x9;OBX|8|NM|157924^MDC_RATE_DOSE^MDC|1.1.1.3|1.3|265266^MDC_DIM_MILLI_L_PER_HR^MDC^mL/h^mL/h^UCUM|&lt;14||||R&#xD;&#xA;&#x9;&#x9;OBX|9|NM|67266788^MDC_RATE_DOSE^MDC|1.1.1.4|2.3|265266^MDC_DIM_MILLI_L_PER_HR^MDC^mL/h^mL/h^UCUM|||||R&#xD;&#xA;&#x9;&#x9;OBX|10|NM|67305461^NOM_NEW^MDC^^^^^^testLabelNum6|1.1.1.41|100.00|265266^MDC_DIM_MILLI_L_PER_HR^MDC^mL/h^mL/h^UCUM|0-0||||R||APERIODIC||,11,True,,1.3,265266,,UpdPeriodic,True,0,14,True,) row 4"
                time="0.0009054"/>
      <testcase classname="Philips.PMP.Test.Auto.IheMetricDataHandlerTest"
                name="IHEMetricDataHandlerTest (BDAIC,MSH|^~\&amp;|||||20201201141507.982-0500||ORU^R01^ORU_R01|HP1201141507.982PH2UA91414CR6|P|2.6|||AL|NE||8859/1|EN^English^ISO639||IHE_PCD_001^IHE PCD^1.3.6.1.4.1.19376.1.6.1.1.1^ISO&#xD;&#xA;&#x9;&#x9;PID|||&#34;^^^Philips^MR||&#34;^&#34;^&#34;^^^^L||&#34;|&#34;&#xD;&#xA;&#x9;&#x9;PV1||I|My Unit^^Be001&#xD;&#xA;&#x9;&#x9;OBR|||0009fbFFFF78373b^^^EUI-64|69965^MDC_DEV_MON_PHYSIO_MULTI_PARAM_MDS^MDC|||20201201141507.915-0500&#xD;&#xA;&#x9;&#x9;OBX|||69965^MDC_DEV_MON_PHYSIO_MULTI_PARAM_MDS^MDC|1.0.0.0|||||||X|||||||34f0c2ae-e930-4806-b7ed-b65e88cbeacb-IntelliVue MX800 - 865240&#xD;&#xA;&#x9;&#x9;OBX|||70002^MDC_DEV_SYS_PT_VENT_VMD^MDC|1.1.0.0|||||||X|||||||DE12507943&#xD;&#xA;&#x9;&#x9;OBX|||70003^MDC_DEV_SYS_PT_VENT_CHAN^MDC|1.1.1.0|||||||X&#xD;&#xA;&#x9;&#x9;OBX||NM|153316^MDC_RESP_TIME_CONSTANT_EXP^MDC|1.1.1.2|22|264320^MDC_DIM_SEC^MDC|&gt;10||||F &#xD;&#xA;&#x9;&#x9;OBX|18|NM|157916^MDC_TIME_PD_REMAIN^MDC|1.1.2.210|602|264352^MDC_DIM_MIN^MDC^min^min^UCUM|||||R&#xD;&#xA;&#x9;&#x9;OBX||NM|194585^NOM_BREATH_RAPID_SHALLOW_INDEX^MDC|1.1.1.3|80|262656^MDC_DIM_DIMLESS^MDC|2-12||||F&#xD;&#xA;&#x9;&#x9;OBX||CWE|0^MDC_DEV_PUMP_ACTIVE_SOURCES^MDC|1.1.1.18|^pump-source-info-primary^MDC||||||R&#xD;&#xA;&#x9;&#x9;OBX|8|NM|157924^MDC_RATE_DOSE^MDC|1.1.1.3|1.3|265266^MDC_DIM_MILLI_L_PER_HR^MDC^mL/h^mL/h^UCUM|&lt;14||||R&#xD;&#xA;&#x9;&#x9;OBX|9|NM|67266788^MDC_RATE_DOSE^MDC|1.1.1.4|2.3|265266^MDC_DIM_MILLI_L_PER_HR^MDC^mL/h^mL/h^UCUM|||||R&#xD;&#xA;&#x9;&#x9;OBX|10|NM|67305461^NOM_NEW^MDC^^^^^^testLabelNum6|1.1.1.41|100.00|265266^MDC_DIM_MILLI_L_PER_HR^MDC^mL/h^mL/h^UCUM|0-0||||R||APERIODIC||,11,True,,1.3,265266,,UpdPeriodic,False,1,14,True,) row 5"
                time="0.0036913"/>
      <testcase classname="Philips.PMP.Test.Auto.IheMetricDataHandlerTest"
                name="IHEMetricDataHandlerTest (BDAIC,MSH|^~\&amp;|||||20201201141507.982-0500||ORU^R01^ORU_R01|HP1201141507.982PH2UA91414CR6|P|2.6|||AL|NE||8859/1|EN^English^ISO639||IHE_PCD_001^IHE PCD^1.3.6.1.4.1.19376.1.6.1.1.1^ISO&#xD;&#xA;&#x9;&#x9;PID|||&#34;^^^Philips^MR||&#34;^&#34;^&#34;^^^^L||&#34;|&#34;&#xD;&#xA;&#x9;&#x9;PV1||I|My Unit^^Be001&#xD;&#xA;&#x9;&#x9;OBR|||0009fbFFFF78373b^^^EUI-64|69965^MDC_DEV_MON_PHYSIO_MULTI_PARAM_MDS^MDC|||20201201141507.915-0500&#xD;&#xA;&#x9;&#x9;OBX|||69965^MDC_DEV_MON_PHYSIO_MULTI_PARAM_MDS^MDC|1.0.0.0|||||||X|||||||34f0c2ae-e930-4806-b7ed-b65e88cbeacb-IntelliVue MX800 - 865240&#xD;&#xA;&#x9;&#x9;OBX|||70002^MDC_DEV_SYS_PT_VENT_VMD^MDC|1.1.0.0|||||||X|||||||DE12507943&#xD;&#xA;&#x9;&#x9;OBX|||70003^MDC_DEV_SYS_PT_VENT_CHAN^MDC|1.1.1.0|||||||X&#xD;&#xA;&#x9;&#x9;OBX||NM|153316^MDC_RESP_TIME_CONSTANT_EXP^MDC|1.1.1.2|22|264320^MDC_DIM_SEC^MDC|&gt;10||||F &#xD;&#xA;&#x9;&#x9;OBX|18|NM|157916^MDC_TIME_PD_REMAIN^MDC|1.1.2.210|602|264352^MDC_DIM_MIN^MDC^min^min^UCUM|||||R&#xD;&#xA;&#x9;&#x9;OBX||NM|194585^NOM_BREATH_RAPID_SHALLOW_INDEX^MDC|1.1.1.3|80|262656^MDC_DIM_DIMLESS^MDC|2-12||||F&#xD;&#xA;&#x9;&#x9;OBX||CWE|0^MDC_DEV_PUMP_ACTIVE_SOURCES^MDC|1.1.1.18|^pump-source-info-primary^MDC||||||R&#xD;&#xA;&#x9;&#x9;OBX|8|NM|157924^MDC_RATE_DOSE^MDC|1.1.1.3|1.3|265266^MDC_DIM_MILLI_L_PER_HR^MDC^mL/h^mL/h^UCUM|&lt;14||||R&#xD;&#xA;&#x9;&#x9;OBX|9|NM|67266788^MDC_RATE_DOSE^MDC|1.1.1.4|2.3|265266^MDC_DIM_MILLI_L_PER_HR^MDC^mL/h^mL/h^UCUM|||||R&#xD;&#xA;&#x9;&#x9;OBX|10|NM|67305461^NOM_NEW^MDC^^^^^^testLabelNum6|1.1.1.41|100.00|265266^MDC_DIM_MILLI_L_PER_HR^MDC^mL/h^mL/h^UCUM|0-0||||R||APERIODIC||,13,True,testLabelNum6,100.00,265266,,UpdPeriodic,False,0,0,True,) row 6"
                time="0.0023442"/>
      <testcase classname="Philips.PMP.Test.Auto.IheMetricDataHandlerTest"
                name="IHEMetricDataHandlerTest (BDAIC,MSH|^~\&amp;|||||20201201141507.982-0500||ORU^R01^ORU_R01|HP1201141507.982PH2UA91414CR6|P|2.6|||AL|NE||8859/1|EN^English^ISO639||IHE_PCD_001^IHE PCD^1.3.6.1.4.1.19376.1.6.1.1.1^ISO&#xD;&#xA;&#x9;&#x9;PID|||&#34;^^^Philips^MR||&#34;^&#34;^&#34;^^^^L||&#34;|&#34;&#xD;&#xA;&#x9;&#x9;PV1||I|My Unit^^Be001&#xD;&#xA;&#x9;&#x9;OBR|||0009fbFFFF78373b^^^EUI-64|69965^MDC_DEV_MON_PHYSIO_MULTI_PARAM_MDS^MDC|||20201201141507.915-0500&#xD;&#xA;&#x9;&#x9;OBX|||69965^MDC_DEV_MON_PHYSIO_MULTI_PARAM_MDS^MDC|1.0.0.0|||||||X|||||||34f0c2ae-e930-4806-b7ed-b65e88cbeacb-IntelliVue MX800 - 865240&#xD;&#xA;&#x9;&#x9;OBX|||70002^MDC_DEV_SYS_PT_VENT_VMD^MDC|1.1.0.0|||||||X|||||||DE12507943&#xD;&#xA;&#x9;&#x9;OBX|||70003^MDC_DEV_SYS_PT_VENT_CHAN^MDC|1.1.1.0|||||||X&#xD;&#xA;&#x9;&#x9;OBX||NM|153316^MDC_RESP_TIME_CONSTANT_EXP^MDC|1.1.1.2|22|264320^MDC_DIM_SEC^MDC|&gt;10||||F &#xD;&#xA;&#x9;&#x9;OBX|18|NM|157916^MDC_TIME_PD_REMAIN^MDC|1.1.2.210|602|264352^MDC_DIM_MIN^MDC^min^min^UCUM|||||R&#xD;&#xA;&#x9;&#x9;OBX||NM|194585^NOM_BREATH_RAPID_SHALLOW_INDEX^MDC|1.1.1.3|80|262656^MDC_DIM_DIMLESS^MDC|2-12||||F&#xD;&#xA;&#x9;&#x9;OBX||CWE|0^MDC_DEV_PUMP_ACTIVE_SOURCES^MDC|1.1.1.18|^pump-source-info-primary^MDC||||||R&#xD;&#xA;&#x9;&#x9;OBX|8|NM|157924^MDC_RATE_DOSE^MDC|1.1.1.3|1.3|265266^MDC_DIM_MILLI_L_PER_HR^MDC^mL/h^mL/h^UCUM|&lt;14||||R&#xD;&#xA;&#x9;&#x9;OBX|9|NM|67266788^MDC_RATE_DOSE^MDC|1.1.1.4|2.3|265266^MDC_DIM_MILLI_L_PER_HR^MDC^mL/h^mL/h^UCUM|||||R&#xD;&#xA;&#x9;&#x9;OBX|10|NM|67305461^NOM_NEW^MDC^^^^^^testLabelNum6|1.1.1.41|100.00|265266^MDC_DIM_MILLI_L_PER_HR^MDC^mL/h^mL/h^UCUM|0-0||||R||APERIODIC||,13,True,,100.00,265266,,UpdPeriodic,False,0,0,True,) row 7"
                time="0.0037223"/>
      <testcase classname="Philips.PMP.Test.Auto.IheMetricDataHandlerTest"
                name="IHEMetricDataHandlerTest (BDAIC,MSH|^~\&amp;|||||20201201141507.982-0500||ORU^R01^ORU_R01|HP1201141507.982PH2UA91414CR6|P|2.6|||AL|NE||8859/1|EN^English^ISO639||IHE_PCD_001^IHE PCD^1.3.6.1.4.1.19376.1.6.1.1.1^ISO&#xD;&#xA;&#x9;&#x9;PID|||&#34;^^^Philips^MR||&#34;^&#34;^&#34;^^^^L||&#34;|&#34;&#xD;&#xA;&#x9;&#x9;PV1||I|My Unit^^Be001&#xD;&#xA;&#x9;&#x9;OBR|||0009fbFFFF78373b^^^EUI-64|69965^MDC_DEV_MON_PHYSIO_MULTI_PARAM_MDS^MDC|||20201201141507.915-0500&#xD;&#xA;&#x9;&#x9;OBX|||69965^MDC_DEV_MON_PHYSIO_MULTI_PARAM_MDS^MDC|1.0.0.0|||||||X|||||||34f0c2ae-e930-4806-b7ed-b65e88cbeacb-IntelliVue MX800 - 865240&#xD;&#xA;&#x9;&#x9;OBX|||70002^MDC_DEV_SYS_PT_VENT_VMD^MDC|1.1.0.0|||||||X|||||||DE12507943&#xD;&#xA;&#x9;&#x9;OBX|||70003^MDC_DEV_SYS_PT_VENT_CHAN^MDC|1.1.1.0|||||||X&#xD;&#xA;&#x9;&#x9;OBX||NM|153316^MDC_RESP_TIME_CONSTANT_EXP^MDC|1.1.1.2|22|264320^MDC_DIM_SEC^MDC|&gt;10||||F &#xD;&#xA;&#x9;&#x9;OBX|18|NM|157916^MDC_TIME_PD_REMAIN^MDC|1.1.2.210|602|264352^MDC_DIM_MIN^MDC^min^min^UCUM|||||R&#xD;&#xA;&#x9;&#x9;OBX||NM|194585^NOM_BREATH_RAPID_SHALLOW_INDEX^MDC|1.1.1.3|80|262656^MDC_DIM_DIMLESS^MDC|2-12||||F&#xD;&#xA;&#x9;&#x9;OBX||CWE|0^MDC_DEV_PUMP_ACTIVE_SOURCES^MDC|1.1.1.18|^pump-source-info-primary^MDC||||||R&#xD;&#xA;&#x9;&#x9;OBX|8|NM|157924^MDC_RATE_DOSE^MDC|1.1.1.3|1.3|265266^MDC_DIM_MILLI_L_PER_HR^MDC^mL/h^mL/h^UCUM|&lt;14||||R&#xD;&#xA;&#x9;&#x9;OBX|9|NM|67266788^MDC_RATE_DOSE^MDC|1.1.1.4|2.3|265266^MDC_DIM_MILLI_L_PER_HR^MDC^mL/h^mL/h^UCUM|||||R&#xD;&#xA;&#x9;&#x9;OBX|10|NM|67305461^NOM_NEW^MDC^^^^^^testLabelNum6|1.1.1.41|100.00|265266^MDC_DIM_MILLI_L_PER_HR^MDC^mL/h^mL/h^UCUM|0-0||||R||APERIODIC||,11,True,,1.3,265266,,UpdPeriodic,False,0,12,True,) row 8"
                time="0.0009377"/>
      <testcase classname="Philips.PMP.Test.Auto.IheMetricDataHandlerTest"
                name="IHEMetricDataHandlerTest (BDAIC,MSH|^~\&amp;|||||20201201141507.982-0500||ORU^R01^ORU_R01|HP1201141507.982PH2UA91414CR6|P|2.6|||AL|NE||8859/1|EN^English^ISO639||IHE_PCD_001^IHE PCD^1.3.6.1.4.1.19376.1.6.1.1.1^ISO&#xD;&#xA;&#x9;&#x9;PID|||&#34;^^^Philips^MR||&#34;^&#34;^&#34;^^^^L||&#34;|&#34;&#xD;&#xA;&#x9;&#x9;PV1||I|My Unit^^Be001&#xD;&#xA;&#x9;&#x9;OBR|||0009fbFFFF78373b^^^EUI-64|69965^MDC_DEV_MON_PHYSIO_MULTI_PARAM_MDS^MDC|||20201201141507.915-0500&#xD;&#xA;&#x9;&#x9;OBX|||69965^MDC_DEV_MON_PHYSIO_MULTI_PARAM_MDS^MDC|1.0.0.0|||||||X|||||||34f0c2ae-e930-4806-b7ed-b65e88cbeacb-IntelliVue MX800 - 865240&#xD;&#xA;&#x9;&#x9;OBX|||70002^MDC_DEV_SYS_PT_VENT_VMD^MDC|1.1.0.0|||||||X|||||||DE12507943&#xD;&#xA;&#x9;&#x9;OBX|||70003^MDC_DEV_SYS_PT_VENT_CHAN^MDC|1.1.1.0|||||||X&#xD;&#xA;&#x9;&#x9;OBX||NM|153316^MDC_RESP_TIME_CONSTANT_EXP^MDC|1.1.1.2|22|264320^MDC_DIM_SEC^MDC|&gt;10||||F &#xD;&#xA;&#x9;&#x9;OBX|18|NM|157916^MDC_TIME_PD_REMAIN^MDC|1.1.2.210|602|264352^MDC_DIM_MIN^MDC^min^min^UCUM|||||R&#xD;&#xA;&#x9;&#x9;OBX||NM|194585^NOM_BREATH_RAPID_SHALLOW_INDEX^MDC|1.1.1.3|80|262656^MDC_DIM_DIMLESS^MDC|2-12||||F&#xD;&#xA;&#x9;&#x9;OBX||CWE|0^MDC_DEV_PUMP_ACTIVE_SOURCES^MDC|1.1.1.18|^pump-source-info-primary^MDC||||||R&#xD;&#xA;&#x9;&#x9;OBX|8|NM|157924^MDC_RATE_DOSE^MDC|1.1.1.3|1.3|265266^MDC_DIM_MILLI_L_PER_HR^MDC^mL/h^mL/h^UCUM|&lt;14||||R&#xD;&#xA;&#x9;&#x9;OBX|9|NM|67266788^MDC_RATE_DOSE^MDC|1.1.1.4|2.3|265266^MDC_DIM_MILLI_L_PER_HR^MDC^mL/h^mL/h^UCUM|||||R&#xD;&#xA;&#x9;&#x9;OBX|10|NM|67305461^NOM_NEW^MDC^^^^^^testLabelNum6|1.1.1.41|100.00|265266^MDC_DIM_MILLI_L_PER_HR^MDC^mL/h^mL/h^UCUM|0-0||||R||APERIODIC||,10,False,,pump-source-info-primary,0,,UpdPeriodic,True,,,False,) row 9"
                time="0.0011841"/>
      <testcase classname="Philips.PMP.Test.Auto.IheMetricDataHandlerTest"
                name="IHEMetricDataHandlerTest (BDAIC,MSH|^~\&amp;|||||20201201141507.982-0500||ORU^R01^ORU_R01|HP1201141507.982PH2UA91414CR6|P|2.6|||AL|NE||8859/1|EN^English^ISO639||IHE_PCD_001^IHE PCD^1.3.6.1.4.1.19376.1.6.1.1.1^ISO&#xD;&#xA;&#x9;&#x9;PID|||&#34;^^^Philips^MR||&#34;^&#34;^&#34;^^^^L||&#34;|&#34;&#xD;&#xA;&#x9;&#x9;PV1||I|My Unit^^Be001&#xD;&#xA;&#x9;&#x9;OBR|||0009fbFFFF78373b^^^EUI-64|69965^MDC_DEV_MON_PHYSIO_MULTI_PARAM_MDS^MDC|||20201201141507.915-0500&#xD;&#xA;&#x9;&#x9;OBX|||69965^MDC_DEV_MON_PHYSIO_MULTI_PARAM_MDS^MDC|1.0.0.0|||||||X|||||||34f0c2ae-e930-4806-b7ed-b65e88cbeacb-IntelliVue MX800 - 865240&#xD;&#xA;&#x9;&#x9;OBX|||70002^MDC_DEV_SYS_PT_VENT_VMD^MDC|1.1.0.0|||||||X|||||||DE12507943&#xD;&#xA;&#x9;&#x9;OBX|||70003^MDC_DEV_SYS_PT_VENT_CHAN^MDC|1.1.1.0|||||||X&#xD;&#xA;&#x9;&#x9;OBX||NM|153316^MDC_RESP_TIME_CONSTANT_EXP^MDC|1.1.1.2|22|264320^MDC_DIM_SEC^MDC|&gt;10||||F &#xD;&#xA;&#x9;&#x9;OBX|18|NM|157916^MDC_TIME_PD_REMAIN^MDC|1.1.2.210|602|264352^MDC_DIM_MIN^MDC^min^min^UCUM|||||R&#xD;&#xA;&#x9;&#x9;OBX||NM|194585^NOM_BREATH_RAPID_SHALLOW_INDEX^MDC|1.1.1.3|80|262656^MDC_DIM_DIMLESS^MDC|2-12||||F&#xD;&#xA;&#x9;&#x9;OBX||CWE|0^MDC_DEV_PUMP_ACTIVE_SOURCES^MDC|1.1.1.18|^pump-source-info-primary^MDC||||||R&#xD;&#xA;&#x9;&#x9;OBX|8|NM|157924^MDC_RATE_DOSE^MDC|1.1.1.3|1.3|265266^MDC_DIM_MILLI_L_PER_HR^MDC^mL/h^mL/h^UCUM|&lt;14||||R&#xD;&#xA;&#x9;&#x9;OBX|9|NM|67266788^MDC_RATE_DOSE^MDC|1.1.1.4|2.3|265266^MDC_DIM_MILLI_L_PER_HR^MDC^mL/h^mL/h^UCUM|||||R&#xD;&#xA;&#x9;&#x9;OBX|10|NM|67305461^NOM_NEW^MDC^^^^^^testLabelNum6|1.1.1.41|100.00|265266^MDC_DIM_MILLI_L_PER_HR^MDC^mL/h^mL/h^UCUM|0-0||||R||APERIODIC||,10,False,,pump-source-info-primary,0,,UpdEpisodic,False,,,False,) row 10"
                time="0.0008378"/>
      <testcase classname="Philips.PMP.Test.Auto.IheMetricDataHandlerTest"
                name="IHEMetricDataHandlerTest (BDAIC,MSH|^~\&amp;|PAT_DEVICE_PUMPVENDOR^9999990000000000^EUI-64|PUMPVENDOR|DOC_VENDOR|DOC_VENDOR|20151015132107-0500||ORU^R42^ORU_R01|6358051206735492253|P|2.6|||AL|NE||ASCII|en^English^ISO5715 639||IHE_PCD_010^IHE PCD^ 1.3.6.1.4.1.19376.1.6.4.10^ISO&#xD;&#xA;&#x9;&#x9;PID|||HO2009002^^^IHE^PI||Hon^Charles^^^^^L|Brooks^^^^^^L|19610201000000-0600|M|||||||||||||||||||||||N&#xD;&#xA;&#x9;&#x9;PV1||I|3 West ICU^3002^1&#xD;&#xA;&#x9;&#x9;OBR|1|AB12345^PCD-03|CD12345^HL7^ACDE48234567ABCD^EUI-5720 64|2222^Dopamine|||20151015132106-0500&#xD;&#xA;&#x9;&#x9;OBX|1||70049^MDC_DEV_PUMP_INFUS_LVP_MDS^MDC|1.0.0.0|||||||X|||||N0002||E0002^^0012210000000000^EUI-64&#xD;&#xA;&#x9;&#x9;OBX|2|ST|184517^MDC_PUMP_DRUG_LIBRARY_VERSION^MDC|1.0.0.1|DL1||||||R&#xD;&#xA;&#x9;&#x9;OBX|3|CWE|68487^MDC_ATTR_EVT_COND^MDC|1.0.0.2|197288^MDC_EVT_PUMP_DELIV_START5725 ^MDC||||||R&#xD;&#xA;&#x9;&#x9;OBX|4|ST|68488^MDC_ATTR_EVT_SOURCE^MDC|1.0.0.3|1.1.2.0||||||R&#xD;&#xA;&#x9;&#x9;OBX|5||70050^MDC_DEV_PUMP_INFUS_LVP_VMD^MDC|1.1.0.0|||||||X&#xD;&#xA;&#x9;&#x9;OBX|6||70067^MDC_DEV_PUMP_DELIVERY_INFO^MDC|1.1.1.0|||||||X&#xD;&#xA;&#x9;&#x9;OBX|7|CWE|184519^MDC_PUMP_INFUSING_STATUS^MDC|1.1.1.1|^pump-status-5730 infusing||||||R&#xD;&#xA;&#x9;&#x9;OBX|8|NM|158014^MDC_FLOW_FLUID_PUMP_CURRENT^MDC|1.1.1.2|15.4|265266^MDC_DIM_MILLI_L_PER_HR^MDC^mL/h^mL/h^UCUM|||||R&#xD;&#xA;&#x9;&#x9;OBX|9|CWE|158016^MDC_DEV_PUMP_ACTIVE_SOURCES^MDC|1.1.1.3|^pump-source-info-primary||||||R 5735&#xD;&#xA;&#x9;&#x9;OBX|10||70071^MDC_DEV_PUMP_INFUSATE_SOURCE_PRIMARY^MDC|1.1.2.0|||||||X&#xD;&#xA;&#x9;&#x9;OBX|11|CWE|158005^MDC_DEV_PUMP_CURRENT_DELIVERY_STATUS^MDC|1.1.2.1|^pump-delivery-status-delivering||||||R&#xD;&#xA;&#x9;&#x9;OBX|12|CWE|158008^MDC_DEV_PUMP_PROGRAM_DELIVERY_MODE^MDC|1.1.2.2|^pump-program-delivery-mode-continuous||||||R 5740&#xD;&#xA;&#x9;&#x9;OBX|13|ST|158012^MDC_DEV_PUMP_SOURCE_CHANNEL_LABEL^MDC|1.1.2.3|Primary||||||R&#xD;&#xA;&#x9;&#x9;OBX|14|NM|157784^MDC_FLOW_FLUID_PUMP^MDC|1.1.2.4|15.4|265266^MDC_DIM_MILLI_L_PER_HR^MDC^mL/h^mL/h^UCUM|||||R&#xD;&#xA;&#x9;&#x9;OBX|15|NM|157924^MDC_RATE_DOSE^MDC|1.1.2.5|5.00|265619^MDC_DIM_MICRO_G_PER_KG_PER_MIN^MDC^ug/kg/min^ug/kg/min^UCUM|||||R 5745&#xD;&#xA;&#x9;&#x9;OBX|16|NM|157884^MDC_VOL_FLUID_TBI^MDC|1.1.2.6|250.0|263762^MDC_DIM_MILLI_L^MDC^mL^mL^UCUM|||||R&#xD;&#xA;&#x9;&#x9;OBX|17|NM|157993^MDC_VOL_FLUID_DELIV_TOTAL^MDC|1.1.2.7|0.0|263762^MDC_DIM_MILLI_L^MDC^mL^mL^UCUM|||||R&#xD;&#xA;&#x9;&#x9;OBX|18|NM|157872^MDC_VOL_FLUID_TBI_REMAIN^MDC|1.1.2.8|250.0|263762^MDC_DIM_MI5750 LLI_L^MDC^mL^mL^UCUM|||||R&#xD;&#xA;&#x9;&#x9;OBX|19|NM|157916^MDC_TIME_PD_REMAIN^MDC|1.1.2.9|974|264352^MDC_DIM_MIN^MDC^min^min^UCUM|||||R&#xD;&#xA;&#x9;&#x9;OBX|20|ST|184514^MDC_DRUG_NAME_LABEL^MDC|1.1.2.10|Dopamine||||||R&#xD;&#xA;&#x9;&#x9;OBX|21|NM|157760^MDC_CONC_DRUG^MDC|1.1.2.11|1.6|264306^MDC_DIM_MILLI_G_PER_ML5755 ^MDC^mg/mL^mg/mL^UCUM|||||R&#xD;&#xA;&#x9;&#x9;OBX|22|ST|184516^MDC_PUMP_DRUG_LIBRARY_CARE_AREA^MDC|1.1.2.12|Crit Care||||||R&#xD;&#xA;&#x9;&#x9;OBX|23|NM|68063^MDC_ATTR_PT_WEIGHT^MDC|1.1.2.13|82.0|263875^MDC_DIM_KILO_G^MDC^kg^kg^UCUM|||||R,11,True,,15.4,265266,,UpdPeriodic,True,,,False,) row 11"
                time="0.0036744"/>
      <testcase classname="Philips.PMP.Test.Auto.IheMetricDataHandlerTest"
                name="IHEMetricDataHandlerTest (BDAIC,MSH|^~\&amp;|PAT_DEVICE_PUMPVENDOR^9999990000000000^EUI-64|PUMPVENDOR|DOC_VENDOR|DOC_VENDOR|20151015132107-0500||ORU^R42^ORU_R01|6358051206735492253|P|2.6|||AL|NE||ASCII|en^English^ISO5715 639||IHE_PCD_010^IHE PCD^ 1.3.6.1.4.1.19376.1.6.4.10^ISO&#xD;&#xA;&#x9;&#x9;PID|||HO2009002^^^IHE^PI||Hon^Charles^^^^^L|Brooks^^^^^^L|19610201000000-0600|M|||||||||||||||||||||||N&#xD;&#xA;&#x9;&#x9;PV1||I|3 West ICU^3002^1&#xD;&#xA;&#x9;&#x9;OBR|1|AB12345^PCD-03|CD12345^HL7^ACDE48234567ABCD^EUI-5720 64|2222^Dopamine|||20151015132106-0500&#xD;&#xA;&#x9;&#x9;OBX|1||70049^MDC_DEV_PUMP_INFUS_LVP_MDS^MDC|1.0.0.0|||||||X|||||N0002||E0002^^0012210000000000^EUI-64&#xD;&#xA;&#x9;&#x9;OBX|2|ST|184517^MDC_PUMP_DRUG_LIBRARY_VERSION^MDC|1.0.0.1|DL1||||||R&#xD;&#xA;&#x9;&#x9;OBX|3|CWE|68487^MDC_ATTR_EVT_COND^MDC|1.0.0.2|197288^MDC_EVT_PUMP_DELIV_START5725 ^MDC||||||R&#xD;&#xA;&#x9;&#x9;OBX|4|ST|68488^MDC_ATTR_EVT_SOURCE^MDC|1.0.0.3|1.1.2.0||||||R&#xD;&#xA;&#x9;&#x9;OBX|5||70050^MDC_DEV_PUMP_INFUS_LVP_VMD^MDC|1.1.0.0|||||||X&#xD;&#xA;&#x9;&#x9;OBX|6||70067^MDC_DEV_PUMP_DELIVERY_INFO^MDC|1.1.1.0|||||||X&#xD;&#xA;&#x9;&#x9;OBX|7|CWE|184519^MDC_PUMP_INFUSING_STATUS^MDC|1.1.1.1|^pump-status-5730 infusing||||||R&#xD;&#xA;&#x9;&#x9;OBX|8|NM|158014^MDC_FLOW_FLUID_PUMP_CURRENT^MDC|1.1.1.2|15.4|265266^MDC_DIM_MILLI_L_PER_HR^MDC^mL/h^mL/h^UCUM|||||R&#xD;&#xA;&#x9;&#x9;OBX|9|CWE|158016^MDC_DEV_PUMP_ACTIVE_SOURCES^MDC|1.1.1.3|^pump-source-info-primary||||||R 5735&#xD;&#xA;&#x9;&#x9;OBX|10||70071^MDC_DEV_PUMP_INFUSATE_SOURCE_PRIMARY^MDC|1.1.2.0|||||||X&#xD;&#xA;&#x9;&#x9;OBX|11|CWE|158005^MDC_DEV_PUMP_CURRENT_DELIVERY_STATUS^MDC|1.1.2.1|^pump-delivery-status-delivering||||||R&#xD;&#xA;&#x9;&#x9;OBX|12|CWE|158008^MDC_DEV_PUMP_PROGRAM_DELIVERY_MODE^MDC|1.1.2.2|^pump-program-delivery-mode-continuous||||||R 5740&#xD;&#xA;&#x9;&#x9;OBX|13|ST|158012^MDC_DEV_PUMP_SOURCE_CHANNEL_LABEL^MDC|1.1.2.3|Primary||||||R&#xD;&#xA;&#x9;&#x9;OBX|14|NM|157784^MDC_FLOW_FLUID_PUMP^MDC|1.1.2.4|15.4|265266^MDC_DIM_MILLI_L_PER_HR^MDC^mL/h^mL/h^UCUM|||||R&#xD;&#xA;&#x9;&#x9;OBX|15|NM|157924^MDC_RATE_DOSE^MDC|1.1.2.5|5.00|265619^MDC_DIM_MICRO_G_PER_KG_PER_MIN^MDC^ug/kg/min^ug/kg/min^UCUM|||||R 5745&#xD;&#xA;&#x9;&#x9;OBX|16|NM|157884^MDC_VOL_FLUID_TBI^MDC|1.1.2.6|250.0|263762^MDC_DIM_MILLI_L^MDC^mL^mL^UCUM|||||R&#xD;&#xA;&#x9;&#x9;OBX|17|NM|157993^MDC_VOL_FLUID_DELIV_TOTAL^MDC|1.1.2.7|0.0|263762^MDC_DIM_MILLI_L^MDC^mL^mL^UCUM|||||R&#xD;&#xA;&#x9;&#x9;OBX|18|NM|157872^MDC_VOL_FLUID_TBI_REMAIN^MDC|1.1.2.8|250.0|263762^MDC_DIM_MI5750 LLI_L^MDC^mL^mL^UCUM|||||R&#xD;&#xA;&#x9;&#x9;OBX|19|NM|157916^MDC_TIME_PD_REMAIN^MDC|1.1.2.9|974|264352^MDC_DIM_MIN^MDC^min^min^UCUM|||||R&#xD;&#xA;&#x9;&#x9;OBX|20|ST|184514^MDC_DRUG_NAME_LABEL^MDC|1.1.2.10|Dopamine||||||R&#xD;&#xA;&#x9;&#x9;OBX|21|NM|157760^MDC_CONC_DRUG^MDC|1.1.2.11|1.6|264306^MDC_DIM_MILLI_G_PER_ML5755 ^MDC^mg/mL^mg/mL^UCUM|||||R&#xD;&#xA;&#x9;&#x9;OBX|22|ST|184516^MDC_PUMP_DRUG_LIBRARY_CARE_AREA^MDC|1.1.2.12|Crit Care||||||R&#xD;&#xA;&#x9;&#x9;OBX|23|NM|68063^MDC_ATTR_PT_WEIGHT^MDC|1.1.2.13|82.0|263875^MDC_DIM_KILO_G^MDC^kg^kg^UCUM|||||R,23,False,,Dopamine,0,,UpdPeriodic,True,,,False,) row 12"
                time="0.0010122"/>
      <testcase classname="Philips.PMP.Test.Auto.IheMetricDataHandlerTest"
                name="IHEMetricDataHandlerTest (CapsuleMDIP,MSH|^~\&amp;|||||20220720013516.038-0400||ORU^R01^ORU_R01|HP0720013516.038PHMXL02238QJ322|P|2.6|||AL|NE||8859/1|EN^English^ISO639||IHE_PCD_001^IHE PCD^1.3.6.1.4.1.19376.1.6.1.1.1^ISO|&#xD;&#xA;&#x9;&#x9;PID|1||&#34;^^^Philips^MR||&#34;^&#34;^&#34;^^^^L||20050415000000.000+0200|F|||||||FRENCH|||PID18|&#xD;&#xA;&#x9;&#x9;PV1|2|I|{uniqueId}|1|&#xD;&#xA;&#x9;&#x9;OBR|||0009fbFFFF07f06a^^^EUI-64|69669^MDC_DEV_ANALY_CARD_OUTPUT_MDS^MDC|||20220720013513.935-0400|||ABC-123|||ABC-123|||||||| BaxterIFMout_5.3.5_EV1000_Baxter_XYZ456&#xD;&#xA;&#x9;&#x9;OBX|4||69669^NOM_DEV_ANALY_CARD_OUTPUT_MDS^MDC|1.0.0.0|||||||X|||||||718cbcf4-c374-4c31-9041-6cbd3c46aeaf-Edwards EV1000&#xD;&#xA;&#x9;&#x9;OBX|5||69670^NOM_DEV_ANALY_CARD_OUTPUT_VMD^MDC|1.1.0.0|||||||X|||||||&#xD;&#xA;&#x9;&#x9;OBX|6||69671^MDC_NOM_DEV_ANALY_CARD_OUTPUT_CHAN^MDC|1.1.1.0|||||||X|&#xD;&#xA;&#x9;&#x9;OBX|7|CWE|12345678^UNKNOWN^UNKNOWN^^^^^^tMode|1.1.1.41|1076259847^NLS_DRV_ED711_ENUM_VV_SENSOR^MDC^^^^^^VolView||||||R|||20180622133129.224+0200|&#xD;&#xA;&#x9;&#x9;OBX|8|CWE|67303669^NOM_SETT_MODE_MSMT^MDC^^^^^^sMode|1.1.1.41|1076259847^NLS_DRV_ED711_ENUM_VV_SENSOR^MDC^^^^^^VolView||||||R||SETTING|20180622133304.394+0200|||||&#xD;&#xA;&#x9;&#x9;OBX|9|CWE|67305467^NOM_SETT_MODE_MSMT^MDC^^^^^^testLabelEnum|1.1.1.41|1076259847^NLS_DRV_ED711_ENUM_VV_SENSOR^MDC^^^^^^VolView||||||R|||20180622133129.224+0200|&#xD;&#xA;&#x9;&#x9;OBX|10|CWE|67305468^NOM_NEW^MDC^^^^^^sMode|1.1.1.41|1076259847^NLS_DRV_ED711_ENUM_VV_SENSOR^CAPSULE^^^^^^VolView||||||R|||20180622133129.224+0200|&#xD;&#xA;&#x9;&#x9;OBX|11|CWE|67305469^NOM_NEW^MDC^^^^^^sMode|1.1.1.41|1076297727^UNKNOWN^UNKNOWN^^^^^^VolView||||||R|||20180622133129.224+0200|&#xD;&#xA;&#x9;&#x9;OBX|12|ST|67293194^NOM_SETT_DRUG_NAME_TYPE^MDC|1.4.1.5|RandomDrug||||||R||&#xD;&#xA;&#x9;&#x9;OBX|13|NM|67305466^NOM_NEW^MDC^^^^^^testLabelNum|1.1.1.41|100|262656^MDC_DIM_DIMLESS^MDC|||||R|||20180622133129.224+0200|&#xD;&#xA;&#x9;&#x9;OBX|14|NM|67305465^NOM_NEW^UNKNOWN^^^^^^testLabelNum2|1.1.1.41|100|262656^MDC_DIM_DIMLESS^MDC|||||R|||20180622133129.224+0200|&#xD;&#xA;&#x9;&#x9;OBX|15|NM|67305464^NOM_NEW^MDC^^^^^^testLabelNum3|1.1.1.41|100|262656^MDC_DIM_DIMLESS^MDC|||||R|||20180622133129.224+0200|&#xD;&#xA;&#x9;&#x9;OBX|16|NM|67305463^NOM_NEW^MDC^^^^^^testLabelNum4|1.1.1.41|100|262656^MDC_DIM_DIMLESS^UNKNOWN|||||R|||20180622133129.224+0200|&#xD;&#xA;&#x9;&#x9;OBX|17|NM|67305462^NOM_NEW^MDC^^^^^^testLabelNum5|1.1.1.41|100.0|327679^MDC_DIM_DIMLESS^MDIL^^^^^^NewUnit|||||R|||20180622133129.224+0200|&#xD;&#xA;&#x9;&#x9;OBX|18|NM|67305461^NOM_NEW^MDC^^^^^^testLabelNum6|1.1.1.41|100.00|327679^MDC_DIM_DIMLESS^MDIL^^^^^^NewUnit|||||R||APERIODIC|20180622133129.224+0200|&#xD;&#xA;&#x9;&#x9;OBX|19|CE|67305460^NOM_NEW^MDC^^^^^^testLabelNum7|1.1.1.41|100.00|327679^MDC_DIM_DIMLESS^MDIL^^^^^^NewUnit|||||R|||20180622133129.224+0200|&#xD;&#xA;&#x9;&#x9;OBX|20|NM|NAN^NOM_NEW^MDC^^^^^^testLabelNum8|1.1.1.41|100.00|327679^MDC_DIM_DIMLESS^MDIL^^^^^^NewUnit|||||R|||20180622133129.224+0200|&#xD;&#xA;&#x9;&#x9;OBX|21|CWE|67305468^NOM_NEW^MDC^^^^^^sMode|1.1.1.41|NAN^NLS_DRV_ED711_ENUM_VV_SENSOR^CAPSULE^^^^^^VolView||||||R|||20180622133129.224+0200|&#xD;&#xA;&#x9;&#x9;OBX|22|CWE|67305459^NOM_NEW^MDC^^^^^^testLabelNum9|1.1.1.41|1076297727^NEW_PARAM^MDIL^^^^^^NewEnum||||||R|||20180622133129.224+0200|&#xD;&#xA;&#x9;&#x9;OBX|23|CWE|67305458^NOM_NEW^MDC^^^^^^testLabelNum10|1.1.1.41|NAN^NEW_PARAM^MDIL^^^^^^NewEnum2||||||R|||20180622133129.224+0200|&#xD;&#xA;&#x9;&#x9;OBX|24|CWE|67305458^NOM_NEW^MDC^^^^^^testLabelNum11|1.1.1.41|1076297727^NEW_PARAM^MDIL^^^^^^機器情報||||||R|||20180622133129.224+0200|,7,False,,VolView,0,,UpdPeriodic,False,,,False,) row 13"
                time="0.0021068"/>
      <testcase classname="Philips.PMP.Test.Auto.IheMetricDataHandlerTest"
                name="IHEMetricDataHandlerTest (CapsuleMDIP,MSH|^~\&amp;|||||20220720013516.038-0400||ORU^R01^ORU_R01|HP0720013516.038PHMXL02238QJ322|P|2.6|||AL|NE||8859/1|EN^English^ISO639||IHE_PCD_001^IHE PCD^1.3.6.1.4.1.19376.1.6.1.1.1^ISO|&#xD;&#xA;&#x9;&#x9;PID|1||&#34;^^^Philips^MR||&#34;^&#34;^&#34;^^^^L||20050415000000.000+0200|F|||||||FRENCH|||PID18|&#xD;&#xA;&#x9;&#x9;PV1|2|I|{uniqueId}|1|&#xD;&#xA;&#x9;&#x9;OBR|||0009fbFFFF07f06a^^^EUI-64|69669^MDC_DEV_ANALY_CARD_OUTPUT_MDS^MDC|||20220720013513.935-0400|||ABC-123|||ABC-123|||||||| BaxterIFMout_5.3.5_EV1000_Baxter_XYZ456&#xD;&#xA;&#x9;&#x9;OBX|4||69669^NOM_DEV_ANALY_CARD_OUTPUT_MDS^MDC|1.0.0.0|||||||X|||||||718cbcf4-c374-4c31-9041-6cbd3c46aeaf-Edwards EV1000&#xD;&#xA;&#x9;&#x9;OBX|5||69670^NOM_DEV_ANALY_CARD_OUTPUT_VMD^MDC|1.1.0.0|||||||X|||||||&#xD;&#xA;&#x9;&#x9;OBX|6||69671^MDC_NOM_DEV_ANALY_CARD_OUTPUT_CHAN^MDC|1.1.1.0|||||||X|&#xD;&#xA;&#x9;&#x9;OBX|7|CWE|12345678^UNKNOWN^UNKNOWN^^^^^^tMode|1.1.1.41|1076259847^NLS_DRV_ED711_ENUM_VV_SENSOR^MDC^^^^^^VolView||||||R|||20180622133129.224+0200|&#xD;&#xA;&#x9;&#x9;OBX|8|CWE|67303669^NOM_SETT_MODE_MSMT^MDC^^^^^^sMode|1.1.1.41|1076259847^NLS_DRV_ED711_ENUM_VV_SENSOR^MDC^^^^^^VolView||||||R||SETTING|20180622133304.394+0200|||||&#xD;&#xA;&#x9;&#x9;OBX|9|CWE|67305467^NOM_SETT_MODE_MSMT^MDC^^^^^^testLabelEnum|1.1.1.41|1076259847^NLS_DRV_ED711_ENUM_VV_SENSOR^MDC^^^^^^VolView||||||R|||20180622133129.224+0200|&#xD;&#xA;&#x9;&#x9;OBX|10|CWE|67305468^NOM_NEW^MDC^^^^^^sMode|1.1.1.41|1076259847^NLS_DRV_ED711_ENUM_VV_SENSOR^CAPSULE^^^^^^VolView||||||R|||20180622133129.224+0200|&#xD;&#xA;&#x9;&#x9;OBX|11|CWE|67305469^NOM_NEW^MDC^^^^^^sMode|1.1.1.41|1076297727^UNKNOWN^UNKNOWN^^^^^^VolView||||||R|||20180622133129.224+0200|&#xD;&#xA;&#x9;&#x9;OBX|12|ST|67293194^NOM_SETT_DRUG_NAME_TYPE^MDC|1.4.1.5|RandomDrug||||||R||&#xD;&#xA;&#x9;&#x9;OBX|13|NM|67305466^NOM_NEW^MDC^^^^^^testLabelNum|1.1.1.41|100|262656^MDC_DIM_DIMLESS^MDC|||||R|||20180622133129.224+0200|&#xD;&#xA;&#x9;&#x9;OBX|14|NM|67305465^NOM_NEW^UNKNOWN^^^^^^testLabelNum2|1.1.1.41|100|262656^MDC_DIM_DIMLESS^MDC|||||R|||20180622133129.224+0200|&#xD;&#xA;&#x9;&#x9;OBX|15|NM|67305464^NOM_NEW^MDC^^^^^^testLabelNum3|1.1.1.41|100|262656^MDC_DIM_DIMLESS^MDC|||||R|||20180622133129.224+0200|&#xD;&#xA;&#x9;&#x9;OBX|16|NM|67305463^NOM_NEW^MDC^^^^^^testLabelNum4|1.1.1.41|100|262656^MDC_DIM_DIMLESS^UNKNOWN|||||R|||20180622133129.224+0200|&#xD;&#xA;&#x9;&#x9;OBX|17|NM|67305462^NOM_NEW^MDC^^^^^^testLabelNum5|1.1.1.41|100.0|327679^MDC_DIM_DIMLESS^MDIL^^^^^^NewUnit|||||R|||20180622133129.224+0200|&#xD;&#xA;&#x9;&#x9;OBX|18|NM|67305461^NOM_NEW^MDC^^^^^^testLabelNum6|1.1.1.41|100.00|327679^MDC_DIM_DIMLESS^MDIL^^^^^^NewUnit|||||R||APERIODIC|20180622133129.224+0200|&#xD;&#xA;&#x9;&#x9;OBX|19|CE|67305460^NOM_NEW^MDC^^^^^^testLabelNum7|1.1.1.41|100.00|327679^MDC_DIM_DIMLESS^MDIL^^^^^^NewUnit|||||R|||20180622133129.224+0200|&#xD;&#xA;&#x9;&#x9;OBX|20|NM|NAN^NOM_NEW^MDC^^^^^^testLabelNum8|1.1.1.41|100.00|327679^MDC_DIM_DIMLESS^MDIL^^^^^^NewUnit|||||R|||20180622133129.224+0200|&#xD;&#xA;&#x9;&#x9;OBX|21|CWE|67305468^NOM_NEW^MDC^^^^^^sMode|1.1.1.41|NAN^NLS_DRV_ED711_ENUM_VV_SENSOR^CAPSULE^^^^^^VolView||||||R|||20180622133129.224+0200|&#xD;&#xA;&#x9;&#x9;OBX|22|CWE|67305459^NOM_NEW^MDC^^^^^^testLabelNum9|1.1.1.41|1076297727^NEW_PARAM^MDIL^^^^^^NewEnum||||||R|||20180622133129.224+0200|&#xD;&#xA;&#x9;&#x9;OBX|23|CWE|67305458^NOM_NEW^MDC^^^^^^testLabelNum10|1.1.1.41|NAN^NEW_PARAM^MDIL^^^^^^NewEnum2||||||R|||20180622133129.224+0200|&#xD;&#xA;&#x9;&#x9;OBX|24|CWE|67305458^NOM_NEW^MDC^^^^^^testLabelNum11|1.1.1.41|1076297727^NEW_PARAM^MDIL^^^^^^機器情報||||||R|||20180622133129.224+0200|,8,False,,VolView,0,,UpdPeriodic,True,,,False,) row 14"
                time="0.0029841"/>
      <testcase classname="Philips.PMP.Test.Auto.IheMetricDataHandlerTest"
                name="IHEMetricDataHandlerTest (CapsuleMDIP,MSH|^~\&amp;|||||20220720013516.038-0400||ORU^R01^ORU_R01|HP0720013516.038PHMXL02238QJ322|P|2.6|||AL|NE||8859/1|EN^English^ISO639||IHE_PCD_001^IHE PCD^1.3.6.1.4.1.19376.1.6.1.1.1^ISO|&#xD;&#xA;&#x9;&#x9;PID|1||&#34;^^^Philips^MR||&#34;^&#34;^&#34;^^^^L||20050415000000.000+0200|F|||||||FRENCH|||PID18|&#xD;&#xA;&#x9;&#x9;PV1|2|I|{uniqueId}|1|&#xD;&#xA;&#x9;&#x9;OBR|||0009fbFFFF07f06a^^^EUI-64|69669^MDC_DEV_ANALY_CARD_OUTPUT_MDS^MDC|||20220720013513.935-0400|||ABC-123|||ABC-123|||||||| BaxterIFMout_5.3.5_EV1000_Baxter_XYZ456&#xD;&#xA;&#x9;&#x9;OBX|4||69669^NOM_DEV_ANALY_CARD_OUTPUT_MDS^MDC|1.0.0.0|||||||X|||||||718cbcf4-c374-4c31-9041-6cbd3c46aeaf-Edwards EV1000&#xD;&#xA;&#x9;&#x9;OBX|5||69670^NOM_DEV_ANALY_CARD_OUTPUT_VMD^MDC|1.1.0.0|||||||X|||||||&#xD;&#xA;&#x9;&#x9;OBX|6||69671^MDC_NOM_DEV_ANALY_CARD_OUTPUT_CHAN^MDC|1.1.1.0|||||||X|&#xD;&#xA;&#x9;&#x9;OBX|7|CWE|12345678^UNKNOWN^UNKNOWN^^^^^^tMode|1.1.1.41|1076259847^NLS_DRV_ED711_ENUM_VV_SENSOR^MDC^^^^^^VolView||||||R|||20180622133129.224+0200|&#xD;&#xA;&#x9;&#x9;OBX|8|CWE|67303669^NOM_SETT_MODE_MSMT^MDC^^^^^^sMode|1.1.1.41|1076259847^NLS_DRV_ED711_ENUM_VV_SENSOR^MDC^^^^^^VolView||||||R||SETTING|20180622133304.394+0200|||||&#xD;&#xA;&#x9;&#x9;OBX|9|CWE|67305467^NOM_SETT_MODE_MSMT^MDC^^^^^^testLabelEnum|1.1.1.41|1076259847^NLS_DRV_ED711_ENUM_VV_SENSOR^MDC^^^^^^VolView||||||R|||20180622133129.224+0200|&#xD;&#xA;&#x9;&#x9;OBX|10|CWE|67305468^NOM_NEW^MDC^^^^^^sMode|1.1.1.41|1076259847^NLS_DRV_ED711_ENUM_VV_SENSOR^CAPSULE^^^^^^VolView||||||R|||20180622133129.224+0200|&#xD;&#xA;&#x9;&#x9;OBX|11|CWE|67305469^NOM_NEW^MDC^^^^^^sMode|1.1.1.41|1076297727^UNKNOWN^UNKNOWN^^^^^^VolView||||||R|||20180622133129.224+0200|&#xD;&#xA;&#x9;&#x9;OBX|12|ST|67293194^NOM_SETT_DRUG_NAME_TYPE^MDC|1.4.1.5|RandomDrug||||||R||&#xD;&#xA;&#x9;&#x9;OBX|13|NM|67305466^NOM_NEW^MDC^^^^^^testLabelNum|1.1.1.41|100|262656^MDC_DIM_DIMLESS^MDC|||||R|||20180622133129.224+0200|&#xD;&#xA;&#x9;&#x9;OBX|14|NM|67305465^NOM_NEW^UNKNOWN^^^^^^testLabelNum2|1.1.1.41|100|262656^MDC_DIM_DIMLESS^MDC|||||R|||20180622133129.224+0200|&#xD;&#xA;&#x9;&#x9;OBX|15|NM|67305464^NOM_NEW^MDC^^^^^^testLabelNum3|1.1.1.41|100|262656^MDC_DIM_DIMLESS^MDC|||||R|||20180622133129.224+0200|&#xD;&#xA;&#x9;&#x9;OBX|16|NM|67305463^NOM_NEW^MDC^^^^^^testLabelNum4|1.1.1.41|100|262656^MDC_DIM_DIMLESS^UNKNOWN|||||R|||20180622133129.224+0200|&#xD;&#xA;&#x9;&#x9;OBX|17|NM|67305462^NOM_NEW^MDC^^^^^^testLabelNum5|1.1.1.41|100.0|327679^MDC_DIM_DIMLESS^MDIL^^^^^^NewUnit|||||R|||20180622133129.224+0200|&#xD;&#xA;&#x9;&#x9;OBX|18|NM|67305461^NOM_NEW^MDC^^^^^^testLabelNum6|1.1.1.41|100.00|327679^MDC_DIM_DIMLESS^MDIL^^^^^^NewUnit|||||R||APERIODIC|20180622133129.224+0200|&#xD;&#xA;&#x9;&#x9;OBX|19|CE|67305460^NOM_NEW^MDC^^^^^^testLabelNum7|1.1.1.41|100.00|327679^MDC_DIM_DIMLESS^MDIL^^^^^^NewUnit|||||R|||20180622133129.224+0200|&#xD;&#xA;&#x9;&#x9;OBX|20|NM|NAN^NOM_NEW^MDC^^^^^^testLabelNum8|1.1.1.41|100.00|327679^MDC_DIM_DIMLESS^MDIL^^^^^^NewUnit|||||R|||20180622133129.224+0200|&#xD;&#xA;&#x9;&#x9;OBX|21|CWE|67305468^NOM_NEW^MDC^^^^^^sMode|1.1.1.41|NAN^NLS_DRV_ED711_ENUM_VV_SENSOR^CAPSULE^^^^^^VolView||||||R|||20180622133129.224+0200|&#xD;&#xA;&#x9;&#x9;OBX|22|CWE|67305459^NOM_NEW^MDC^^^^^^testLabelNum9|1.1.1.41|1076297727^NEW_PARAM^MDIL^^^^^^NewEnum||||||R|||20180622133129.224+0200|&#xD;&#xA;&#x9;&#x9;OBX|23|CWE|67305458^NOM_NEW^MDC^^^^^^testLabelNum10|1.1.1.41|NAN^NEW_PARAM^MDIL^^^^^^NewEnum2||||||R|||20180622133129.224+0200|&#xD;&#xA;&#x9;&#x9;OBX|24|CWE|67305458^NOM_NEW^MDC^^^^^^testLabelNum11|1.1.1.41|1076297727^NEW_PARAM^MDIL^^^^^^機器情報||||||R|||20180622133129.224+0200|,8,False,,WrongValue,0,,UpdPeriodic,False,,,False,20190622133304.394+0200) row 15"
                time="0.0030552"/>
      <testcase classname="Philips.PMP.Test.Auto.IheMetricDataHandlerTest"
                name="IHEMetricDataHandlerTest (CapsuleMDIP,MSH|^~\&amp;|||||20220720013516.038-0400||ORU^R01^ORU_R01|HP0720013516.038PHMXL02238QJ322|P|2.6|||AL|NE||8859/1|EN^English^ISO639||IHE_PCD_001^IHE PCD^1.3.6.1.4.1.19376.1.6.1.1.1^ISO|&#xD;&#xA;&#x9;&#x9;PID|1||&#34;^^^Philips^MR||&#34;^&#34;^&#34;^^^^L||20050415000000.000+0200|F|||||||FRENCH|||PID18|&#xD;&#xA;&#x9;&#x9;PV1|2|I|{uniqueId}|1|&#xD;&#xA;&#x9;&#x9;OBR|||0009fbFFFF07f06a^^^EUI-64|69669^MDC_DEV_ANALY_CARD_OUTPUT_MDS^MDC|||20220720013513.935-0400|||ABC-123|||ABC-123|||||||| BaxterIFMout_5.3.5_EV1000_Baxter_XYZ456&#xD;&#xA;&#x9;&#x9;OBX|4||69669^NOM_DEV_ANALY_CARD_OUTPUT_MDS^MDC|1.0.0.0|||||||X|||||||718cbcf4-c374-4c31-9041-6cbd3c46aeaf-Edwards EV1000&#xD;&#xA;&#x9;&#x9;OBX|5||69670^NOM_DEV_ANALY_CARD_OUTPUT_VMD^MDC|1.1.0.0|||||||X|||||||&#xD;&#xA;&#x9;&#x9;OBX|6||69671^MDC_NOM_DEV_ANALY_CARD_OUTPUT_CHAN^MDC|1.1.1.0|||||||X|&#xD;&#xA;&#x9;&#x9;OBX|7|CWE|12345678^UNKNOWN^UNKNOWN^^^^^^tMode|1.1.1.41|1076259847^NLS_DRV_ED711_ENUM_VV_SENSOR^MDC^^^^^^VolView||||||R|||20180622133129.224+0200|&#xD;&#xA;&#x9;&#x9;OBX|8|CWE|67303669^NOM_SETT_MODE_MSMT^MDC^^^^^^sMode|1.1.1.41|1076259847^NLS_DRV_ED711_ENUM_VV_SENSOR^MDC^^^^^^VolView||||||R||SETTING|20180622133304.394+0200|||||&#xD;&#xA;&#x9;&#x9;OBX|9|CWE|67305467^NOM_SETT_MODE_MSMT^MDC^^^^^^testLabelEnum|1.1.1.41|1076259847^NLS_DRV_ED711_ENUM_VV_SENSOR^MDC^^^^^^VolView||||||R|||20180622133129.224+0200|&#xD;&#xA;&#x9;&#x9;OBX|10|CWE|67305468^NOM_NEW^MDC^^^^^^sMode|1.1.1.41|1076259847^NLS_DRV_ED711_ENUM_VV_SENSOR^CAPSULE^^^^^^VolView||||||R|||20180622133129.224+0200|&#xD;&#xA;&#x9;&#x9;OBX|11|CWE|67305469^NOM_NEW^MDC^^^^^^sMode|1.1.1.41|1076297727^UNKNOWN^UNKNOWN^^^^^^VolView||||||R|||20180622133129.224+0200|&#xD;&#xA;&#x9;&#x9;OBX|12|ST|67293194^NOM_SETT_DRUG_NAME_TYPE^MDC|1.4.1.5|RandomDrug||||||R||&#xD;&#xA;&#x9;&#x9;OBX|13|NM|67305466^NOM_NEW^MDC^^^^^^testLabelNum|1.1.1.41|100|262656^MDC_DIM_DIMLESS^MDC|||||R|||20180622133129.224+0200|&#xD;&#xA;&#x9;&#x9;OBX|14|NM|67305465^NOM_NEW^UNKNOWN^^^^^^testLabelNum2|1.1.1.41|100|262656^MDC_DIM_DIMLESS^MDC|||||R|||20180622133129.224+0200|&#xD;&#xA;&#x9;&#x9;OBX|15|NM|67305464^NOM_NEW^MDC^^^^^^testLabelNum3|1.1.1.41|100|262656^MDC_DIM_DIMLESS^MDC|||||R|||20180622133129.224+0200|&#xD;&#xA;&#x9;&#x9;OBX|16|NM|67305463^NOM_NEW^MDC^^^^^^testLabelNum4|1.1.1.41|100|262656^MDC_DIM_DIMLESS^UNKNOWN|||||R|||20180622133129.224+0200|&#xD;&#xA;&#x9;&#x9;OBX|17|NM|67305462^NOM_NEW^MDC^^^^^^testLabelNum5|1.1.1.41|100.0|327679^MDC_DIM_DIMLESS^MDIL^^^^^^NewUnit|||||R|||20180622133129.224+0200|&#xD;&#xA;&#x9;&#x9;OBX|18|NM|67305461^NOM_NEW^MDC^^^^^^testLabelNum6|1.1.1.41|100.00|327679^MDC_DIM_DIMLESS^MDIL^^^^^^NewUnit|||||R||APERIODIC|20180622133129.224+0200|&#xD;&#xA;&#x9;&#x9;OBX|19|CE|67305460^NOM_NEW^MDC^^^^^^testLabelNum7|1.1.1.41|100.00|327679^MDC_DIM_DIMLESS^MDIL^^^^^^NewUnit|||||R|||20180622133129.224+0200|&#xD;&#xA;&#x9;&#x9;OBX|20|NM|NAN^NOM_NEW^MDC^^^^^^testLabelNum8|1.1.1.41|100.00|327679^MDC_DIM_DIMLESS^MDIL^^^^^^NewUnit|||||R|||20180622133129.224+0200|&#xD;&#xA;&#x9;&#x9;OBX|21|CWE|67305468^NOM_NEW^MDC^^^^^^sMode|1.1.1.41|NAN^NLS_DRV_ED711_ENUM_VV_SENSOR^CAPSULE^^^^^^VolView||||||R|||20180622133129.224+0200|&#xD;&#xA;&#x9;&#x9;OBX|22|CWE|67305459^NOM_NEW^MDC^^^^^^testLabelNum9|1.1.1.41|1076297727^NEW_PARAM^MDIL^^^^^^NewEnum||||||R|||20180622133129.224+0200|&#xD;&#xA;&#x9;&#x9;OBX|23|CWE|67305458^NOM_NEW^MDC^^^^^^testLabelNum10|1.1.1.41|NAN^NEW_PARAM^MDIL^^^^^^NewEnum2||||||R|||20180622133129.224+0200|&#xD;&#xA;&#x9;&#x9;OBX|24|CWE|67305458^NOM_NEW^MDC^^^^^^testLabelNum11|1.1.1.41|1076297727^NEW_PARAM^MDIL^^^^^^機器情報||||||R|||20180622133129.224+0200|,9,False,testLabelEnum,VolView,0,,UpdPeriodic,True,,,False,) row 16"
                time="0.0023651"/>
      <testcase classname="Philips.PMP.Test.Auto.IheMetricDataHandlerTest"
                name="IHEMetricDataHandlerTest (CapsuleMDIP,MSH|^~\&amp;|||||20220720013516.038-0400||ORU^R01^ORU_R01|HP0720013516.038PHMXL02238QJ322|P|2.6|||AL|NE||8859/1|EN^English^ISO639||IHE_PCD_001^IHE PCD^1.3.6.1.4.1.19376.1.6.1.1.1^ISO|&#xD;&#xA;&#x9;&#x9;PID|1||&#34;^^^Philips^MR||&#34;^&#34;^&#34;^^^^L||20050415000000.000+0200|F|||||||FRENCH|||PID18|&#xD;&#xA;&#x9;&#x9;PV1|2|I|{uniqueId}|1|&#xD;&#xA;&#x9;&#x9;OBR|||0009fbFFFF07f06a^^^EUI-64|69669^MDC_DEV_ANALY_CARD_OUTPUT_MDS^MDC|||20220720013513.935-0400|||ABC-123|||ABC-123|||||||| BaxterIFMout_5.3.5_EV1000_Baxter_XYZ456&#xD;&#xA;&#x9;&#x9;OBX|4||69669^NOM_DEV_ANALY_CARD_OUTPUT_MDS^MDC|1.0.0.0|||||||X|||||||718cbcf4-c374-4c31-9041-6cbd3c46aeaf-Edwards EV1000&#xD;&#xA;&#x9;&#x9;OBX|5||69670^NOM_DEV_ANALY_CARD_OUTPUT_VMD^MDC|1.1.0.0|||||||X|||||||&#xD;&#xA;&#x9;&#x9;OBX|6||69671^MDC_NOM_DEV_ANALY_CARD_OUTPUT_CHAN^MDC|1.1.1.0|||||||X|&#xD;&#xA;&#x9;&#x9;OBX|7|CWE|12345678^UNKNOWN^UNKNOWN^^^^^^tMode|1.1.1.41|1076259847^NLS_DRV_ED711_ENUM_VV_SENSOR^MDC^^^^^^VolView||||||R|||20180622133129.224+0200|&#xD;&#xA;&#x9;&#x9;OBX|8|CWE|67303669^NOM_SETT_MODE_MSMT^MDC^^^^^^sMode|1.1.1.41|1076259847^NLS_DRV_ED711_ENUM_VV_SENSOR^MDC^^^^^^VolView||||||R||SETTING|20180622133304.394+0200|||||&#xD;&#xA;&#x9;&#x9;OBX|9|CWE|67305467^NOM_SETT_MODE_MSMT^MDC^^^^^^testLabelEnum|1.1.1.41|1076259847^NLS_DRV_ED711_ENUM_VV_SENSOR^MDC^^^^^^VolView||||||R|||20180622133129.224+0200|&#xD;&#xA;&#x9;&#x9;OBX|10|CWE|67305468^NOM_NEW^MDC^^^^^^sMode|1.1.1.41|1076259847^NLS_DRV_ED711_ENUM_VV_SENSOR^CAPSULE^^^^^^VolView||||||R|||20180622133129.224+0200|&#xD;&#xA;&#x9;&#x9;OBX|11|CWE|67305469^NOM_NEW^MDC^^^^^^sMode|1.1.1.41|1076297727^UNKNOWN^UNKNOWN^^^^^^VolView||||||R|||20180622133129.224+0200|&#xD;&#xA;&#x9;&#x9;OBX|12|ST|67293194^NOM_SETT_DRUG_NAME_TYPE^MDC|1.4.1.5|RandomDrug||||||R||&#xD;&#xA;&#x9;&#x9;OBX|13|NM|67305466^NOM_NEW^MDC^^^^^^testLabelNum|1.1.1.41|100|262656^MDC_DIM_DIMLESS^MDC|||||R|||20180622133129.224+0200|&#xD;&#xA;&#x9;&#x9;OBX|14|NM|67305465^NOM_NEW^UNKNOWN^^^^^^testLabelNum2|1.1.1.41|100|262656^MDC_DIM_DIMLESS^MDC|||||R|||20180622133129.224+0200|&#xD;&#xA;&#x9;&#x9;OBX|15|NM|67305464^NOM_NEW^MDC^^^^^^testLabelNum3|1.1.1.41|100|262656^MDC_DIM_DIMLESS^MDC|||||R|||20180622133129.224+0200|&#xD;&#xA;&#x9;&#x9;OBX|16|NM|67305463^NOM_NEW^MDC^^^^^^testLabelNum4|1.1.1.41|100|262656^MDC_DIM_DIMLESS^UNKNOWN|||||R|||20180622133129.224+0200|&#xD;&#xA;&#x9;&#x9;OBX|17|NM|67305462^NOM_NEW^MDC^^^^^^testLabelNum5|1.1.1.41|100.0|327679^MDC_DIM_DIMLESS^MDIL^^^^^^NewUnit|||||R|||20180622133129.224+0200|&#xD;&#xA;&#x9;&#x9;OBX|18|NM|67305461^NOM_NEW^MDC^^^^^^testLabelNum6|1.1.1.41|100.00|327679^MDC_DIM_DIMLESS^MDIL^^^^^^NewUnit|||||R||APERIODIC|20180622133129.224+0200|&#xD;&#xA;&#x9;&#x9;OBX|19|CE|67305460^NOM_NEW^MDC^^^^^^testLabelNum7|1.1.1.41|100.00|327679^MDC_DIM_DIMLESS^MDIL^^^^^^NewUnit|||||R|||20180622133129.224+0200|&#xD;&#xA;&#x9;&#x9;OBX|20|NM|NAN^NOM_NEW^MDC^^^^^^testLabelNum8|1.1.1.41|100.00|327679^MDC_DIM_DIMLESS^MDIL^^^^^^NewUnit|||||R|||20180622133129.224+0200|&#xD;&#xA;&#x9;&#x9;OBX|21|CWE|67305468^NOM_NEW^MDC^^^^^^sMode|1.1.1.41|NAN^NLS_DRV_ED711_ENUM_VV_SENSOR^CAPSULE^^^^^^VolView||||||R|||20180622133129.224+0200|&#xD;&#xA;&#x9;&#x9;OBX|22|CWE|67305459^NOM_NEW^MDC^^^^^^testLabelNum9|1.1.1.41|1076297727^NEW_PARAM^MDIL^^^^^^NewEnum||||||R|||20180622133129.224+0200|&#xD;&#xA;&#x9;&#x9;OBX|23|CWE|67305458^NOM_NEW^MDC^^^^^^testLabelNum10|1.1.1.41|NAN^NEW_PARAM^MDIL^^^^^^NewEnum2||||||R|||20180622133129.224+0200|&#xD;&#xA;&#x9;&#x9;OBX|24|CWE|67305458^NOM_NEW^MDC^^^^^^testLabelNum11|1.1.1.41|1076297727^NEW_PARAM^MDIL^^^^^^機器情報||||||R|||20180622133129.224+0200|,10,False,sMode,,0,,UpdPeriodic,True,,,False,) row 17"
                time="0.0010391"/>
      <testcase classname="Philips.PMP.Test.Auto.IheMetricDataHandlerTest"
                name="IHEMetricDataHandlerTest (CapsuleMDIP,MSH|^~\&amp;|||||20220720013516.038-0400||ORU^R01^ORU_R01|HP0720013516.038PHMXL02238QJ322|P|2.6|||AL|NE||8859/1|EN^English^ISO639||IHE_PCD_001^IHE PCD^1.3.6.1.4.1.19376.1.6.1.1.1^ISO|&#xD;&#xA;&#x9;&#x9;PID|1||&#34;^^^Philips^MR||&#34;^&#34;^&#34;^^^^L||20050415000000.000+0200|F|||||||FRENCH|||PID18|&#xD;&#xA;&#x9;&#x9;PV1|2|I|{uniqueId}|1|&#xD;&#xA;&#x9;&#x9;OBR|||0009fbFFFF07f06a^^^EUI-64|69669^MDC_DEV_ANALY_CARD_OUTPUT_MDS^MDC|||20220720013513.935-0400|||ABC-123|||ABC-123|||||||| BaxterIFMout_5.3.5_EV1000_Baxter_XYZ456&#xD;&#xA;&#x9;&#x9;OBX|4||69669^NOM_DEV_ANALY_CARD_OUTPUT_MDS^MDC|1.0.0.0|||||||X|||||||718cbcf4-c374-4c31-9041-6cbd3c46aeaf-Edwards EV1000&#xD;&#xA;&#x9;&#x9;OBX|5||69670^NOM_DEV_ANALY_CARD_OUTPUT_VMD^MDC|1.1.0.0|||||||X|||||||&#xD;&#xA;&#x9;&#x9;OBX|6||69671^MDC_NOM_DEV_ANALY_CARD_OUTPUT_CHAN^MDC|1.1.1.0|||||||X|&#xD;&#xA;&#x9;&#x9;OBX|7|CWE|12345678^UNKNOWN^UNKNOWN^^^^^^tMode|1.1.1.41|1076259847^NLS_DRV_ED711_ENUM_VV_SENSOR^MDC^^^^^^VolView||||||R|||20180622133129.224+0200|&#xD;&#xA;&#x9;&#x9;OBX|8|CWE|67303669^NOM_SETT_MODE_MSMT^MDC^^^^^^sMode|1.1.1.41|1076259847^NLS_DRV_ED711_ENUM_VV_SENSOR^MDC^^^^^^VolView||||||R||SETTING|20180622133304.394+0200|||||&#xD;&#xA;&#x9;&#x9;OBX|9|CWE|67305467^NOM_SETT_MODE_MSMT^MDC^^^^^^testLabelEnum|1.1.1.41|1076259847^NLS_DRV_ED711_ENUM_VV_SENSOR^MDC^^^^^^VolView||||||R|||20180622133129.224+0200|&#xD;&#xA;&#x9;&#x9;OBX|10|CWE|67305468^NOM_NEW^MDC^^^^^^sMode|1.1.1.41|1076259847^NLS_DRV_ED711_ENUM_VV_SENSOR^CAPSULE^^^^^^VolView||||||R|||20180622133129.224+0200|&#xD;&#xA;&#x9;&#x9;OBX|11|CWE|67305469^NOM_NEW^MDC^^^^^^sMode|1.1.1.41|1076297727^UNKNOWN^UNKNOWN^^^^^^VolView||||||R|||20180622133129.224+0200|&#xD;&#xA;&#x9;&#x9;OBX|12|ST|67293194^NOM_SETT_DRUG_NAME_TYPE^MDC|1.4.1.5|RandomDrug||||||R||&#xD;&#xA;&#x9;&#x9;OBX|13|NM|67305466^NOM_NEW^MDC^^^^^^testLabelNum|1.1.1.41|100|262656^MDC_DIM_DIMLESS^MDC|||||R|||20180622133129.224+0200|&#xD;&#xA;&#x9;&#x9;OBX|14|NM|67305465^NOM_NEW^UNKNOWN^^^^^^testLabelNum2|1.1.1.41|100|262656^MDC_DIM_DIMLESS^MDC|||||R|||20180622133129.224+0200|&#xD;&#xA;&#x9;&#x9;OBX|15|NM|67305464^NOM_NEW^MDC^^^^^^testLabelNum3|1.1.1.41|100|262656^MDC_DIM_DIMLESS^MDC|||||R|||20180622133129.224+0200|&#xD;&#xA;&#x9;&#x9;OBX|16|NM|67305463^NOM_NEW^MDC^^^^^^testLabelNum4|1.1.1.41|100|262656^MDC_DIM_DIMLESS^UNKNOWN|||||R|||20180622133129.224+0200|&#xD;&#xA;&#x9;&#x9;OBX|17|NM|67305462^NOM_NEW^MDC^^^^^^testLabelNum5|1.1.1.41|100.0|327679^MDC_DIM_DIMLESS^MDIL^^^^^^NewUnit|||||R|||20180622133129.224+0200|&#xD;&#xA;&#x9;&#x9;OBX|18|NM|67305461^NOM_NEW^MDC^^^^^^testLabelNum6|1.1.1.41|100.00|327679^MDC_DIM_DIMLESS^MDIL^^^^^^NewUnit|||||R||APERIODIC|20180622133129.224+0200|&#xD;&#xA;&#x9;&#x9;OBX|19|CE|67305460^NOM_NEW^MDC^^^^^^testLabelNum7|1.1.1.41|100.00|327679^MDC_DIM_DIMLESS^MDIL^^^^^^NewUnit|||||R|||20180622133129.224+0200|&#xD;&#xA;&#x9;&#x9;OBX|20|NM|NAN^NOM_NEW^MDC^^^^^^testLabelNum8|1.1.1.41|100.00|327679^MDC_DIM_DIMLESS^MDIL^^^^^^NewUnit|||||R|||20180622133129.224+0200|&#xD;&#xA;&#x9;&#x9;OBX|21|CWE|67305468^NOM_NEW^MDC^^^^^^sMode|1.1.1.41|NAN^NLS_DRV_ED711_ENUM_VV_SENSOR^CAPSULE^^^^^^VolView||||||R|||20180622133129.224+0200|&#xD;&#xA;&#x9;&#x9;OBX|22|CWE|67305459^NOM_NEW^MDC^^^^^^testLabelNum9|1.1.1.41|1076297727^NEW_PARAM^MDIL^^^^^^NewEnum||||||R|||20180622133129.224+0200|&#xD;&#xA;&#x9;&#x9;OBX|23|CWE|67305458^NOM_NEW^MDC^^^^^^testLabelNum10|1.1.1.41|NAN^NEW_PARAM^MDIL^^^^^^NewEnum2||||||R|||20180622133129.224+0200|&#xD;&#xA;&#x9;&#x9;OBX|24|CWE|67305458^NOM_NEW^MDC^^^^^^testLabelNum11|1.1.1.41|1076297727^NEW_PARAM^MDIL^^^^^^機器情報||||||R|||20180622133129.224+0200|,10,False,sMode,VolView,0,,UpdPeriodic,False,,,False,) row 18"
                time="0.0010134"/>
      <testcase classname="Philips.PMP.Test.Auto.IheMetricDataHandlerTest"
                name="IHEMetricDataHandlerTest (CapsuleMDIP,MSH|^~\&amp;|||||20220720013516.038-0400||ORU^R01^ORU_R01|HP0720013516.038PHMXL02238QJ322|P|2.6|||AL|NE||8859/1|EN^English^ISO639||IHE_PCD_001^IHE PCD^1.3.6.1.4.1.19376.1.6.1.1.1^ISO|&#xD;&#xA;&#x9;&#x9;PID|1||&#34;^^^Philips^MR||&#34;^&#34;^&#34;^^^^L||20050415000000.000+0200|F|||||||FRENCH|||PID18|&#xD;&#xA;&#x9;&#x9;PV1|2|I|{uniqueId}|1|&#xD;&#xA;&#x9;&#x9;OBR|||0009fbFFFF07f06a^^^EUI-64|69669^MDC_DEV_ANALY_CARD_OUTPUT_MDS^MDC|||20220720013513.935-0400|||ABC-123|||ABC-123|||||||| BaxterIFMout_5.3.5_EV1000_Baxter_XYZ456&#xD;&#xA;&#x9;&#x9;OBX|4||69669^NOM_DEV_ANALY_CARD_OUTPUT_MDS^MDC|1.0.0.0|||||||X|||||||718cbcf4-c374-4c31-9041-6cbd3c46aeaf-Edwards EV1000&#xD;&#xA;&#x9;&#x9;OBX|5||69670^NOM_DEV_ANALY_CARD_OUTPUT_VMD^MDC|1.1.0.0|||||||X|||||||&#xD;&#xA;&#x9;&#x9;OBX|6||69671^MDC_NOM_DEV_ANALY_CARD_OUTPUT_CHAN^MDC|1.1.1.0|||||||X|&#xD;&#xA;&#x9;&#x9;OBX|7|CWE|12345678^UNKNOWN^UNKNOWN^^^^^^tMode|1.1.1.41|1076259847^NLS_DRV_ED711_ENUM_VV_SENSOR^MDC^^^^^^VolView||||||R|||20180622133129.224+0200|&#xD;&#xA;&#x9;&#x9;OBX|8|CWE|67303669^NOM_SETT_MODE_MSMT^MDC^^^^^^sMode|1.1.1.41|1076259847^NLS_DRV_ED711_ENUM_VV_SENSOR^MDC^^^^^^VolView||||||R||SETTING|20180622133304.394+0200|||||&#xD;&#xA;&#x9;&#x9;OBX|9|CWE|67305467^NOM_SETT_MODE_MSMT^MDC^^^^^^testLabelEnum|1.1.1.41|1076259847^NLS_DRV_ED711_ENUM_VV_SENSOR^MDC^^^^^^VolView||||||R|||20180622133129.224+0200|&#xD;&#xA;&#x9;&#x9;OBX|10|CWE|67305468^NOM_NEW^MDC^^^^^^sMode|1.1.1.41|1076259847^NLS_DRV_ED711_ENUM_VV_SENSOR^CAPSULE^^^^^^VolView||||||R|||20180622133129.224+0200|&#xD;&#xA;&#x9;&#x9;OBX|11|CWE|67305469^NOM_NEW^MDC^^^^^^sMode|1.1.1.41|1076297727^UNKNOWN^UNKNOWN^^^^^^VolView||||||R|||20180622133129.224+0200|&#xD;&#xA;&#x9;&#x9;OBX|12|ST|67293194^NOM_SETT_DRUG_NAME_TYPE^MDC|1.4.1.5|RandomDrug||||||R||&#xD;&#xA;&#x9;&#x9;OBX|13|NM|67305466^NOM_NEW^MDC^^^^^^testLabelNum|1.1.1.41|100|262656^MDC_DIM_DIMLESS^MDC|||||R|||20180622133129.224+0200|&#xD;&#xA;&#x9;&#x9;OBX|14|NM|67305465^NOM_NEW^UNKNOWN^^^^^^testLabelNum2|1.1.1.41|100|262656^MDC_DIM_DIMLESS^MDC|||||R|||20180622133129.224+0200|&#xD;&#xA;&#x9;&#x9;OBX|15|NM|67305464^NOM_NEW^MDC^^^^^^testLabelNum3|1.1.1.41|100|262656^MDC_DIM_DIMLESS^MDC|||||R|||20180622133129.224+0200|&#xD;&#xA;&#x9;&#x9;OBX|16|NM|67305463^NOM_NEW^MDC^^^^^^testLabelNum4|1.1.1.41|100|262656^MDC_DIM_DIMLESS^UNKNOWN|||||R|||20180622133129.224+0200|&#xD;&#xA;&#x9;&#x9;OBX|17|NM|67305462^NOM_NEW^MDC^^^^^^testLabelNum5|1.1.1.41|100.0|327679^MDC_DIM_DIMLESS^MDIL^^^^^^NewUnit|||||R|||20180622133129.224+0200|&#xD;&#xA;&#x9;&#x9;OBX|18|NM|67305461^NOM_NEW^MDC^^^^^^testLabelNum6|1.1.1.41|100.00|327679^MDC_DIM_DIMLESS^MDIL^^^^^^NewUnit|||||R||APERIODIC|20180622133129.224+0200|&#xD;&#xA;&#x9;&#x9;OBX|19|CE|67305460^NOM_NEW^MDC^^^^^^testLabelNum7|1.1.1.41|100.00|327679^MDC_DIM_DIMLESS^MDIL^^^^^^NewUnit|||||R|||20180622133129.224+0200|&#xD;&#xA;&#x9;&#x9;OBX|20|NM|NAN^NOM_NEW^MDC^^^^^^testLabelNum8|1.1.1.41|100.00|327679^MDC_DIM_DIMLESS^MDIL^^^^^^NewUnit|||||R|||20180622133129.224+0200|&#xD;&#xA;&#x9;&#x9;OBX|21|CWE|67305468^NOM_NEW^MDC^^^^^^sMode|1.1.1.41|NAN^NLS_DRV_ED711_ENUM_VV_SENSOR^CAPSULE^^^^^^VolView||||||R|||20180622133129.224+0200|&#xD;&#xA;&#x9;&#x9;OBX|22|CWE|67305459^NOM_NEW^MDC^^^^^^testLabelNum9|1.1.1.41|1076297727^NEW_PARAM^MDIL^^^^^^NewEnum||||||R|||20180622133129.224+0200|&#xD;&#xA;&#x9;&#x9;OBX|23|CWE|67305458^NOM_NEW^MDC^^^^^^testLabelNum10|1.1.1.41|NAN^NEW_PARAM^MDIL^^^^^^NewEnum2||||||R|||20180622133129.224+0200|&#xD;&#xA;&#x9;&#x9;OBX|24|CWE|67305458^NOM_NEW^MDC^^^^^^testLabelNum11|1.1.1.41|1076297727^NEW_PARAM^MDIL^^^^^^機器情報||||||R|||20180622133129.224+0200|,11,False,sMode,VolView,0,,UpdPeriodic,False,,,False,) row 19"
                time="0.0010699"/>
      <testcase classname="Philips.PMP.Test.Auto.IheMetricDataHandlerTest"
                name="IHEMetricDataHandlerTest (CapsuleMDIP,MSH|^~\&amp;|||||20220720013516.038-0400||ORU^R01^ORU_R01|HP0720013516.038PHMXL02238QJ322|P|2.6|||AL|NE||8859/1|EN^English^ISO639||IHE_PCD_001^IHE PCD^1.3.6.1.4.1.19376.1.6.1.1.1^ISO|&#xD;&#xA;&#x9;&#x9;PID|1||&#34;^^^Philips^MR||&#34;^&#34;^&#34;^^^^L||20050415000000.000+0200|F|||||||FRENCH|||PID18|&#xD;&#xA;&#x9;&#x9;PV1|2|I|{uniqueId}|1|&#xD;&#xA;&#x9;&#x9;OBR|||0009fbFFFF07f06a^^^EUI-64|69669^MDC_DEV_ANALY_CARD_OUTPUT_MDS^MDC|||20220720013513.935-0400|||ABC-123|||ABC-123|||||||| BaxterIFMout_5.3.5_EV1000_Baxter_XYZ456&#xD;&#xA;&#x9;&#x9;OBX|4||69669^NOM_DEV_ANALY_CARD_OUTPUT_MDS^MDC|1.0.0.0|||||||X|||||||718cbcf4-c374-4c31-9041-6cbd3c46aeaf-Edwards EV1000&#xD;&#xA;&#x9;&#x9;OBX|5||69670^NOM_DEV_ANALY_CARD_OUTPUT_VMD^MDC|1.1.0.0|||||||X|||||||&#xD;&#xA;&#x9;&#x9;OBX|6||69671^MDC_NOM_DEV_ANALY_CARD_OUTPUT_CHAN^MDC|1.1.1.0|||||||X|&#xD;&#xA;&#x9;&#x9;OBX|7|CWE|12345678^UNKNOWN^UNKNOWN^^^^^^tMode|1.1.1.41|1076259847^NLS_DRV_ED711_ENUM_VV_SENSOR^MDC^^^^^^VolView||||||R|||20180622133129.224+0200|&#xD;&#xA;&#x9;&#x9;OBX|8|CWE|67303669^NOM_SETT_MODE_MSMT^MDC^^^^^^sMode|1.1.1.41|1076259847^NLS_DRV_ED711_ENUM_VV_SENSOR^MDC^^^^^^VolView||||||R||SETTING|20180622133304.394+0200|||||&#xD;&#xA;&#x9;&#x9;OBX|9|CWE|67305467^NOM_SETT_MODE_MSMT^MDC^^^^^^testLabelEnum|1.1.1.41|1076259847^NLS_DRV_ED711_ENUM_VV_SENSOR^MDC^^^^^^VolView||||||R|||20180622133129.224+0200|&#xD;&#xA;&#x9;&#x9;OBX|10|CWE|67305468^NOM_NEW^MDC^^^^^^sMode|1.1.1.41|1076259847^NLS_DRV_ED711_ENUM_VV_SENSOR^CAPSULE^^^^^^VolView||||||R|||20180622133129.224+0200|&#xD;&#xA;&#x9;&#x9;OBX|11|CWE|67305469^NOM_NEW^MDC^^^^^^sMode|1.1.1.41|1076297727^UNKNOWN^UNKNOWN^^^^^^VolView||||||R|||20180622133129.224+0200|&#xD;&#xA;&#x9;&#x9;OBX|12|ST|67293194^NOM_SETT_DRUG_NAME_TYPE^MDC|1.4.1.5|RandomDrug||||||R||&#xD;&#xA;&#x9;&#x9;OBX|13|NM|67305466^NOM_NEW^MDC^^^^^^testLabelNum|1.1.1.41|100|262656^MDC_DIM_DIMLESS^MDC|||||R|||20180622133129.224+0200|&#xD;&#xA;&#x9;&#x9;OBX|14|NM|67305465^NOM_NEW^UNKNOWN^^^^^^testLabelNum2|1.1.1.41|100|262656^MDC_DIM_DIMLESS^MDC|||||R|||20180622133129.224+0200|&#xD;&#xA;&#x9;&#x9;OBX|15|NM|67305464^NOM_NEW^MDC^^^^^^testLabelNum3|1.1.1.41|100|262656^MDC_DIM_DIMLESS^MDC|||||R|||20180622133129.224+0200|&#xD;&#xA;&#x9;&#x9;OBX|16|NM|67305463^NOM_NEW^MDC^^^^^^testLabelNum4|1.1.1.41|100|262656^MDC_DIM_DIMLESS^UNKNOWN|||||R|||20180622133129.224+0200|&#xD;&#xA;&#x9;&#x9;OBX|17|NM|67305462^NOM_NEW^MDC^^^^^^testLabelNum5|1.1.1.41|100.0|327679^MDC_DIM_DIMLESS^MDIL^^^^^^NewUnit|||||R|||20180622133129.224+0200|&#xD;&#xA;&#x9;&#x9;OBX|18|NM|67305461^NOM_NEW^MDC^^^^^^testLabelNum6|1.1.1.41|100.00|327679^MDC_DIM_DIMLESS^MDIL^^^^^^NewUnit|||||R||APERIODIC|20180622133129.224+0200|&#xD;&#xA;&#x9;&#x9;OBX|19|CE|67305460^NOM_NEW^MDC^^^^^^testLabelNum7|1.1.1.41|100.00|327679^MDC_DIM_DIMLESS^MDIL^^^^^^NewUnit|||||R|||20180622133129.224+0200|&#xD;&#xA;&#x9;&#x9;OBX|20|NM|NAN^NOM_NEW^MDC^^^^^^testLabelNum8|1.1.1.41|100.00|327679^MDC_DIM_DIMLESS^MDIL^^^^^^NewUnit|||||R|||20180622133129.224+0200|&#xD;&#xA;&#x9;&#x9;OBX|21|CWE|67305468^NOM_NEW^MDC^^^^^^sMode|1.1.1.41|NAN^NLS_DRV_ED711_ENUM_VV_SENSOR^CAPSULE^^^^^^VolView||||||R|||20180622133129.224+0200|&#xD;&#xA;&#x9;&#x9;OBX|22|CWE|67305459^NOM_NEW^MDC^^^^^^testLabelNum9|1.1.1.41|1076297727^NEW_PARAM^MDIL^^^^^^NewEnum||||||R|||20180622133129.224+0200|&#xD;&#xA;&#x9;&#x9;OBX|23|CWE|67305458^NOM_NEW^MDC^^^^^^testLabelNum10|1.1.1.41|NAN^NEW_PARAM^MDIL^^^^^^NewEnum2||||||R|||20180622133129.224+0200|&#xD;&#xA;&#x9;&#x9;OBX|24|CWE|67305458^NOM_NEW^MDC^^^^^^testLabelNum11|1.1.1.41|1076297727^NEW_PARAM^MDIL^^^^^^機器情報||||||R|||20180622133129.224+0200|,12,False,,RandomDrug,0,,UpdPeriodic,True,,,False,) row 20"
                time="0.0010339"/>
      <testcase classname="Philips.PMP.Test.Auto.IheMetricDataHandlerTest"
                name="IHEMetricDataHandlerTest (CapsuleMDIP,MSH|^~\&amp;|||||20220720013516.038-0400||ORU^R01^ORU_R01|HP0720013516.038PHMXL02238QJ322|P|2.6|||AL|NE||8859/1|EN^English^ISO639||IHE_PCD_001^IHE PCD^1.3.6.1.4.1.19376.1.6.1.1.1^ISO|&#xD;&#xA;&#x9;&#x9;PID|1||&#34;^^^Philips^MR||&#34;^&#34;^&#34;^^^^L||20050415000000.000+0200|F|||||||FRENCH|||PID18|&#xD;&#xA;&#x9;&#x9;PV1|2|I|{uniqueId}|1|&#xD;&#xA;&#x9;&#x9;OBR|||0009fbFFFF07f06a^^^EUI-64|69669^MDC_DEV_ANALY_CARD_OUTPUT_MDS^MDC|||20220720013513.935-0400|||ABC-123|||ABC-123|||||||| BaxterIFMout_5.3.5_EV1000_Baxter_XYZ456&#xD;&#xA;&#x9;&#x9;OBX|4||69669^NOM_DEV_ANALY_CARD_OUTPUT_MDS^MDC|1.0.0.0|||||||X|||||||718cbcf4-c374-4c31-9041-6cbd3c46aeaf-Edwards EV1000&#xD;&#xA;&#x9;&#x9;OBX|5||69670^NOM_DEV_ANALY_CARD_OUTPUT_VMD^MDC|1.1.0.0|||||||X|||||||&#xD;&#xA;&#x9;&#x9;OBX|6||69671^MDC_NOM_DEV_ANALY_CARD_OUTPUT_CHAN^MDC|1.1.1.0|||||||X|&#xD;&#xA;&#x9;&#x9;OBX|7|CWE|12345678^UNKNOWN^UNKNOWN^^^^^^tMode|1.1.1.41|1076259847^NLS_DRV_ED711_ENUM_VV_SENSOR^MDC^^^^^^VolView||||||R|||20180622133129.224+0200|&#xD;&#xA;&#x9;&#x9;OBX|8|CWE|67303669^NOM_SETT_MODE_MSMT^MDC^^^^^^sMode|1.1.1.41|1076259847^NLS_DRV_ED711_ENUM_VV_SENSOR^MDC^^^^^^VolView||||||R||SETTING|20180622133304.394+0200|||||&#xD;&#xA;&#x9;&#x9;OBX|9|CWE|67305467^NOM_SETT_MODE_MSMT^MDC^^^^^^testLabelEnum|1.1.1.41|1076259847^NLS_DRV_ED711_ENUM_VV_SENSOR^MDC^^^^^^VolView||||||R|||20180622133129.224+0200|&#xD;&#xA;&#x9;&#x9;OBX|10|CWE|67305468^NOM_NEW^MDC^^^^^^sMode|1.1.1.41|1076259847^NLS_DRV_ED711_ENUM_VV_SENSOR^CAPSULE^^^^^^VolView||||||R|||20180622133129.224+0200|&#xD;&#xA;&#x9;&#x9;OBX|11|CWE|67305469^NOM_NEW^MDC^^^^^^sMode|1.1.1.41|1076297727^UNKNOWN^UNKNOWN^^^^^^VolView||||||R|||20180622133129.224+0200|&#xD;&#xA;&#x9;&#x9;OBX|12|ST|67293194^NOM_SETT_DRUG_NAME_TYPE^MDC|1.4.1.5|RandomDrug||||||R||&#xD;&#xA;&#x9;&#x9;OBX|13|NM|67305466^NOM_NEW^MDC^^^^^^testLabelNum|1.1.1.41|100|262656^MDC_DIM_DIMLESS^MDC|||||R|||20180622133129.224+0200|&#xD;&#xA;&#x9;&#x9;OBX|14|NM|67305465^NOM_NEW^UNKNOWN^^^^^^testLabelNum2|1.1.1.41|100|262656^MDC_DIM_DIMLESS^MDC|||||R|||20180622133129.224+0200|&#xD;&#xA;&#x9;&#x9;OBX|15|NM|67305464^NOM_NEW^MDC^^^^^^testLabelNum3|1.1.1.41|100|262656^MDC_DIM_DIMLESS^MDC|||||R|||20180622133129.224+0200|&#xD;&#xA;&#x9;&#x9;OBX|16|NM|67305463^NOM_NEW^MDC^^^^^^testLabelNum4|1.1.1.41|100|262656^MDC_DIM_DIMLESS^UNKNOWN|||||R|||20180622133129.224+0200|&#xD;&#xA;&#x9;&#x9;OBX|17|NM|67305462^NOM_NEW^MDC^^^^^^testLabelNum5|1.1.1.41|100.0|327679^MDC_DIM_DIMLESS^MDIL^^^^^^NewUnit|||||R|||20180622133129.224+0200|&#xD;&#xA;&#x9;&#x9;OBX|18|NM|67305461^NOM_NEW^MDC^^^^^^testLabelNum6|1.1.1.41|100.00|327679^MDC_DIM_DIMLESS^MDIL^^^^^^NewUnit|||||R||APERIODIC|20180622133129.224+0200|&#xD;&#xA;&#x9;&#x9;OBX|19|CE|67305460^NOM_NEW^MDC^^^^^^testLabelNum7|1.1.1.41|100.00|327679^MDC_DIM_DIMLESS^MDIL^^^^^^NewUnit|||||R|||20180622133129.224+0200|&#xD;&#xA;&#x9;&#x9;OBX|20|NM|NAN^NOM_NEW^MDC^^^^^^testLabelNum8|1.1.1.41|100.00|327679^MDC_DIM_DIMLESS^MDIL^^^^^^NewUnit|||||R|||20180622133129.224+0200|&#xD;&#xA;&#x9;&#x9;OBX|21|CWE|67305468^NOM_NEW^MDC^^^^^^sMode|1.1.1.41|NAN^NLS_DRV_ED711_ENUM_VV_SENSOR^CAPSULE^^^^^^VolView||||||R|||20180622133129.224+0200|&#xD;&#xA;&#x9;&#x9;OBX|22|CWE|67305459^NOM_NEW^MDC^^^^^^testLabelNum9|1.1.1.41|1076297727^NEW_PARAM^MDIL^^^^^^NewEnum||||||R|||20180622133129.224+0200|&#xD;&#xA;&#x9;&#x9;OBX|23|CWE|67305458^NOM_NEW^MDC^^^^^^testLabelNum10|1.1.1.41|NAN^NEW_PARAM^MDIL^^^^^^NewEnum2||||||R|||20180622133129.224+0200|&#xD;&#xA;&#x9;&#x9;OBX|24|CWE|67305458^NOM_NEW^MDC^^^^^^testLabelNum11|1.1.1.41|1076297727^NEW_PARAM^MDIL^^^^^^機器情報||||||R|||20180622133129.224+0200|,13,True,testLabelNum,100,262656,,UpdPeriodic,True,,,False,) row 21"
                time="0.0010558"/>
      <testcase classname="Philips.PMP.Test.Auto.IheMetricDataHandlerTest"
                name="IHEMetricDataHandlerTest (CapsuleMDIP,MSH|^~\&amp;|||||20220720013516.038-0400||ORU^R01^ORU_R01|HP0720013516.038PHMXL02238QJ322|P|2.6|||AL|NE||8859/1|EN^English^ISO639||IHE_PCD_001^IHE PCD^1.3.6.1.4.1.19376.1.6.1.1.1^ISO|&#xD;&#xA;&#x9;&#x9;PID|1||&#34;^^^Philips^MR||&#34;^&#34;^&#34;^^^^L||20050415000000.000+0200|F|||||||FRENCH|||PID18|&#xD;&#xA;&#x9;&#x9;PV1|2|I|{uniqueId}|1|&#xD;&#xA;&#x9;&#x9;OBR|||0009fbFFFF07f06a^^^EUI-64|69669^MDC_DEV_ANALY_CARD_OUTPUT_MDS^MDC|||20220720013513.935-0400|||ABC-123|||ABC-123|||||||| BaxterIFMout_5.3.5_EV1000_Baxter_XYZ456&#xD;&#xA;&#x9;&#x9;OBX|4||69669^NOM_DEV_ANALY_CARD_OUTPUT_MDS^MDC|1.0.0.0|||||||X|||||||718cbcf4-c374-4c31-9041-6cbd3c46aeaf-Edwards EV1000&#xD;&#xA;&#x9;&#x9;OBX|5||69670^NOM_DEV_ANALY_CARD_OUTPUT_VMD^MDC|1.1.0.0|||||||X|||||||&#xD;&#xA;&#x9;&#x9;OBX|6||69671^MDC_NOM_DEV_ANALY_CARD_OUTPUT_CHAN^MDC|1.1.1.0|||||||X|&#xD;&#xA;&#x9;&#x9;OBX|7|CWE|12345678^UNKNOWN^UNKNOWN^^^^^^tMode|1.1.1.41|1076259847^NLS_DRV_ED711_ENUM_VV_SENSOR^MDC^^^^^^VolView||||||R|||20180622133129.224+0200|&#xD;&#xA;&#x9;&#x9;OBX|8|CWE|67303669^NOM_SETT_MODE_MSMT^MDC^^^^^^sMode|1.1.1.41|1076259847^NLS_DRV_ED711_ENUM_VV_SENSOR^MDC^^^^^^VolView||||||R||SETTING|20180622133304.394+0200|||||&#xD;&#xA;&#x9;&#x9;OBX|9|CWE|67305467^NOM_SETT_MODE_MSMT^MDC^^^^^^testLabelEnum|1.1.1.41|1076259847^NLS_DRV_ED711_ENUM_VV_SENSOR^MDC^^^^^^VolView||||||R|||20180622133129.224+0200|&#xD;&#xA;&#x9;&#x9;OBX|10|CWE|67305468^NOM_NEW^MDC^^^^^^sMode|1.1.1.41|1076259847^NLS_DRV_ED711_ENUM_VV_SENSOR^CAPSULE^^^^^^VolView||||||R|||20180622133129.224+0200|&#xD;&#xA;&#x9;&#x9;OBX|11|CWE|67305469^NOM_NEW^MDC^^^^^^sMode|1.1.1.41|1076297727^UNKNOWN^UNKNOWN^^^^^^VolView||||||R|||20180622133129.224+0200|&#xD;&#xA;&#x9;&#x9;OBX|12|ST|67293194^NOM_SETT_DRUG_NAME_TYPE^MDC|1.4.1.5|RandomDrug||||||R||&#xD;&#xA;&#x9;&#x9;OBX|13|NM|67305466^NOM_NEW^MDC^^^^^^testLabelNum|1.1.1.41|100|262656^MDC_DIM_DIMLESS^MDC|||||R|||20180622133129.224+0200|&#xD;&#xA;&#x9;&#x9;OBX|14|NM|67305465^NOM_NEW^UNKNOWN^^^^^^testLabelNum2|1.1.1.41|100|262656^MDC_DIM_DIMLESS^MDC|||||R|||20180622133129.224+0200|&#xD;&#xA;&#x9;&#x9;OBX|15|NM|67305464^NOM_NEW^MDC^^^^^^testLabelNum3|1.1.1.41|100|262656^MDC_DIM_DIMLESS^MDC|||||R|||20180622133129.224+0200|&#xD;&#xA;&#x9;&#x9;OBX|16|NM|67305463^NOM_NEW^MDC^^^^^^testLabelNum4|1.1.1.41|100|262656^MDC_DIM_DIMLESS^UNKNOWN|||||R|||20180622133129.224+0200|&#xD;&#xA;&#x9;&#x9;OBX|17|NM|67305462^NOM_NEW^MDC^^^^^^testLabelNum5|1.1.1.41|100.0|327679^MDC_DIM_DIMLESS^MDIL^^^^^^NewUnit|||||R|||20180622133129.224+0200|&#xD;&#xA;&#x9;&#x9;OBX|18|NM|67305461^NOM_NEW^MDC^^^^^^testLabelNum6|1.1.1.41|100.00|327679^MDC_DIM_DIMLESS^MDIL^^^^^^NewUnit|||||R||APERIODIC|20180622133129.224+0200|&#xD;&#xA;&#x9;&#x9;OBX|19|CE|67305460^NOM_NEW^MDC^^^^^^testLabelNum7|1.1.1.41|100.00|327679^MDC_DIM_DIMLESS^MDIL^^^^^^NewUnit|||||R|||20180622133129.224+0200|&#xD;&#xA;&#x9;&#x9;OBX|20|NM|NAN^NOM_NEW^MDC^^^^^^testLabelNum8|1.1.1.41|100.00|327679^MDC_DIM_DIMLESS^MDIL^^^^^^NewUnit|||||R|||20180622133129.224+0200|&#xD;&#xA;&#x9;&#x9;OBX|21|CWE|67305468^NOM_NEW^MDC^^^^^^sMode|1.1.1.41|NAN^NLS_DRV_ED711_ENUM_VV_SENSOR^CAPSULE^^^^^^VolView||||||R|||20180622133129.224+0200|&#xD;&#xA;&#x9;&#x9;OBX|22|CWE|67305459^NOM_NEW^MDC^^^^^^testLabelNum9|1.1.1.41|1076297727^NEW_PARAM^MDIL^^^^^^NewEnum||||||R|||20180622133129.224+0200|&#xD;&#xA;&#x9;&#x9;OBX|23|CWE|67305458^NOM_NEW^MDC^^^^^^testLabelNum10|1.1.1.41|NAN^NEW_PARAM^MDIL^^^^^^NewEnum2||||||R|||20180622133129.224+0200|&#xD;&#xA;&#x9;&#x9;OBX|24|CWE|67305458^NOM_NEW^MDC^^^^^^testLabelNum11|1.1.1.41|1076297727^NEW_PARAM^MDIL^^^^^^機器情報||||||R|||20180622133129.224+0200|,14,True,testLabelNum2,100,262656,,UpdPeriodic,False,,,False,) row 22"
                time="0.0033413"/>
      <testcase classname="Philips.PMP.Test.Auto.IheMetricDataHandlerTest"
                name="IHEMetricDataHandlerTest (CapsuleMDIP,MSH|^~\&amp;|||||20220720013516.038-0400||ORU^R01^ORU_R01|HP0720013516.038PHMXL02238QJ322|P|2.6|||AL|NE||8859/1|EN^English^ISO639||IHE_PCD_001^IHE PCD^1.3.6.1.4.1.19376.1.6.1.1.1^ISO|&#xD;&#xA;&#x9;&#x9;PID|1||&#34;^^^Philips^MR||&#34;^&#34;^&#34;^^^^L||20050415000000.000+0200|F|||||||FRENCH|||PID18|&#xD;&#xA;&#x9;&#x9;PV1|2|I|{uniqueId}|1|&#xD;&#xA;&#x9;&#x9;OBR|||0009fbFFFF07f06a^^^EUI-64|69669^MDC_DEV_ANALY_CARD_OUTPUT_MDS^MDC|||20220720013513.935-0400|||ABC-123|||ABC-123|||||||| BaxterIFMout_5.3.5_EV1000_Baxter_XYZ456&#xD;&#xA;&#x9;&#x9;OBX|4||69669^NOM_DEV_ANALY_CARD_OUTPUT_MDS^MDC|1.0.0.0|||||||X|||||||718cbcf4-c374-4c31-9041-6cbd3c46aeaf-Edwards EV1000&#xD;&#xA;&#x9;&#x9;OBX|5||69670^NOM_DEV_ANALY_CARD_OUTPUT_VMD^MDC|1.1.0.0|||||||X|||||||&#xD;&#xA;&#x9;&#x9;OBX|6||69671^MDC_NOM_DEV_ANALY_CARD_OUTPUT_CHAN^MDC|1.1.1.0|||||||X|&#xD;&#xA;&#x9;&#x9;OBX|7|CWE|12345678^UNKNOWN^UNKNOWN^^^^^^tMode|1.1.1.41|1076259847^NLS_DRV_ED711_ENUM_VV_SENSOR^MDC^^^^^^VolView||||||R|||20180622133129.224+0200|&#xD;&#xA;&#x9;&#x9;OBX|8|CWE|67303669^NOM_SETT_MODE_MSMT^MDC^^^^^^sMode|1.1.1.41|1076259847^NLS_DRV_ED711_ENUM_VV_SENSOR^MDC^^^^^^VolView||||||R||SETTING|20180622133304.394+0200|||||&#xD;&#xA;&#x9;&#x9;OBX|9|CWE|67305467^NOM_SETT_MODE_MSMT^MDC^^^^^^testLabelEnum|1.1.1.41|1076259847^NLS_DRV_ED711_ENUM_VV_SENSOR^MDC^^^^^^VolView||||||R|||20180622133129.224+0200|&#xD;&#xA;&#x9;&#x9;OBX|10|CWE|67305468^NOM_NEW^MDC^^^^^^sMode|1.1.1.41|1076259847^NLS_DRV_ED711_ENUM_VV_SENSOR^CAPSULE^^^^^^VolView||||||R|||20180622133129.224+0200|&#xD;&#xA;&#x9;&#x9;OBX|11|CWE|67305469^NOM_NEW^MDC^^^^^^sMode|1.1.1.41|1076297727^UNKNOWN^UNKNOWN^^^^^^VolView||||||R|||20180622133129.224+0200|&#xD;&#xA;&#x9;&#x9;OBX|12|ST|67293194^NOM_SETT_DRUG_NAME_TYPE^MDC|1.4.1.5|RandomDrug||||||R||&#xD;&#xA;&#x9;&#x9;OBX|13|NM|67305466^NOM_NEW^MDC^^^^^^testLabelNum|1.1.1.41|100|262656^MDC_DIM_DIMLESS^MDC|||||R|||20180622133129.224+0200|&#xD;&#xA;&#x9;&#x9;OBX|14|NM|67305465^NOM_NEW^UNKNOWN^^^^^^testLabelNum2|1.1.1.41|100|262656^MDC_DIM_DIMLESS^MDC|||||R|||20180622133129.224+0200|&#xD;&#xA;&#x9;&#x9;OBX|15|NM|67305464^NOM_NEW^MDC^^^^^^testLabelNum3|1.1.1.41|100|262656^MDC_DIM_DIMLESS^MDC|||||R|||20180622133129.224+0200|&#xD;&#xA;&#x9;&#x9;OBX|16|NM|67305463^NOM_NEW^MDC^^^^^^testLabelNum4|1.1.1.41|100|262656^MDC_DIM_DIMLESS^UNKNOWN|||||R|||20180622133129.224+0200|&#xD;&#xA;&#x9;&#x9;OBX|17|NM|67305462^NOM_NEW^MDC^^^^^^testLabelNum5|1.1.1.41|100.0|327679^MDC_DIM_DIMLESS^MDIL^^^^^^NewUnit|||||R|||20180622133129.224+0200|&#xD;&#xA;&#x9;&#x9;OBX|18|NM|67305461^NOM_NEW^MDC^^^^^^testLabelNum6|1.1.1.41|100.00|327679^MDC_DIM_DIMLESS^MDIL^^^^^^NewUnit|||||R||APERIODIC|20180622133129.224+0200|&#xD;&#xA;&#x9;&#x9;OBX|19|CE|67305460^NOM_NEW^MDC^^^^^^testLabelNum7|1.1.1.41|100.00|327679^MDC_DIM_DIMLESS^MDIL^^^^^^NewUnit|||||R|||20180622133129.224+0200|&#xD;&#xA;&#x9;&#x9;OBX|20|NM|NAN^NOM_NEW^MDC^^^^^^testLabelNum8|1.1.1.41|100.00|327679^MDC_DIM_DIMLESS^MDIL^^^^^^NewUnit|||||R|||20180622133129.224+0200|&#xD;&#xA;&#x9;&#x9;OBX|21|CWE|67305468^NOM_NEW^MDC^^^^^^sMode|1.1.1.41|NAN^NLS_DRV_ED711_ENUM_VV_SENSOR^CAPSULE^^^^^^VolView||||||R|||20180622133129.224+0200|&#xD;&#xA;&#x9;&#x9;OBX|22|CWE|67305459^NOM_NEW^MDC^^^^^^testLabelNum9|1.1.1.41|1076297727^NEW_PARAM^MDIL^^^^^^NewEnum||||||R|||20180622133129.224+0200|&#xD;&#xA;&#x9;&#x9;OBX|23|CWE|67305458^NOM_NEW^MDC^^^^^^testLabelNum10|1.1.1.41|NAN^NEW_PARAM^MDIL^^^^^^NewEnum2||||||R|||20180622133129.224+0200|&#xD;&#xA;&#x9;&#x9;OBX|24|CWE|67305458^NOM_NEW^MDC^^^^^^testLabelNum11|1.1.1.41|1076297727^NEW_PARAM^MDIL^^^^^^機器情報||||||R|||20180622133129.224+0200|,15,True,testLabelNum3,100,262656,,UpdPeriodic,True,,,False,) row 23"
                time="0.0139491"/>
      <testcase classname="Philips.PMP.Test.Auto.IheMetricDataHandlerTest"
                name="IHEMetricDataHandlerTest (CapsuleMDIP,MSH|^~\&amp;|||||20220720013516.038-0400||ORU^R01^ORU_R01|HP0720013516.038PHMXL02238QJ322|P|2.6|||AL|NE||8859/1|EN^English^ISO639||IHE_PCD_001^IHE PCD^1.3.6.1.4.1.19376.1.6.1.1.1^ISO|&#xD;&#xA;&#x9;&#x9;PID|1||&#34;^^^Philips^MR||&#34;^&#34;^&#34;^^^^L||20050415000000.000+0200|F|||||||FRENCH|||PID18|&#xD;&#xA;&#x9;&#x9;PV1|2|I|{uniqueId}|1|&#xD;&#xA;&#x9;&#x9;OBR|||0009fbFFFF07f06a^^^EUI-64|69669^MDC_DEV_ANALY_CARD_OUTPUT_MDS^MDC|||20220720013513.935-0400|||ABC-123|||ABC-123|||||||| BaxterIFMout_5.3.5_EV1000_Baxter_XYZ456&#xD;&#xA;&#x9;&#x9;OBX|4||69669^NOM_DEV_ANALY_CARD_OUTPUT_MDS^MDC|1.0.0.0|||||||X|||||||718cbcf4-c374-4c31-9041-6cbd3c46aeaf-Edwards EV1000&#xD;&#xA;&#x9;&#x9;OBX|5||69670^NOM_DEV_ANALY_CARD_OUTPUT_VMD^MDC|1.1.0.0|||||||X|||||||&#xD;&#xA;&#x9;&#x9;OBX|6||69671^MDC_NOM_DEV_ANALY_CARD_OUTPUT_CHAN^MDC|1.1.1.0|||||||X|&#xD;&#xA;&#x9;&#x9;OBX|7|CWE|12345678^UNKNOWN^UNKNOWN^^^^^^tMode|1.1.1.41|1076259847^NLS_DRV_ED711_ENUM_VV_SENSOR^MDC^^^^^^VolView||||||R|||20180622133129.224+0200|&#xD;&#xA;&#x9;&#x9;OBX|8|CWE|67303669^NOM_SETT_MODE_MSMT^MDC^^^^^^sMode|1.1.1.41|1076259847^NLS_DRV_ED711_ENUM_VV_SENSOR^MDC^^^^^^VolView||||||R||SETTING|20180622133304.394+0200|||||&#xD;&#xA;&#x9;&#x9;OBX|9|CWE|67305467^NOM_SETT_MODE_MSMT^MDC^^^^^^testLabelEnum|1.1.1.41|1076259847^NLS_DRV_ED711_ENUM_VV_SENSOR^MDC^^^^^^VolView||||||R|||20180622133129.224+0200|&#xD;&#xA;&#x9;&#x9;OBX|10|CWE|67305468^NOM_NEW^MDC^^^^^^sMode|1.1.1.41|1076259847^NLS_DRV_ED711_ENUM_VV_SENSOR^CAPSULE^^^^^^VolView||||||R|||20180622133129.224+0200|&#xD;&#xA;&#x9;&#x9;OBX|11|CWE|67305469^NOM_NEW^MDC^^^^^^sMode|1.1.1.41|1076297727^UNKNOWN^UNKNOWN^^^^^^VolView||||||R|||20180622133129.224+0200|&#xD;&#xA;&#x9;&#x9;OBX|12|ST|67293194^NOM_SETT_DRUG_NAME_TYPE^MDC|1.4.1.5|RandomDrug||||||R||&#xD;&#xA;&#x9;&#x9;OBX|13|NM|67305466^NOM_NEW^MDC^^^^^^testLabelNum|1.1.1.41|100|262656^MDC_DIM_DIMLESS^MDC|||||R|||20180622133129.224+0200|&#xD;&#xA;&#x9;&#x9;OBX|14|NM|67305465^NOM_NEW^UNKNOWN^^^^^^testLabelNum2|1.1.1.41|100|262656^MDC_DIM_DIMLESS^MDC|||||R|||20180622133129.224+0200|&#xD;&#xA;&#x9;&#x9;OBX|15|NM|67305464^NOM_NEW^MDC^^^^^^testLabelNum3|1.1.1.41|100|262656^MDC_DIM_DIMLESS^MDC|||||R|||20180622133129.224+0200|&#xD;&#xA;&#x9;&#x9;OBX|16|NM|67305463^NOM_NEW^MDC^^^^^^testLabelNum4|1.1.1.41|100|262656^MDC_DIM_DIMLESS^UNKNOWN|||||R|||20180622133129.224+0200|&#xD;&#xA;&#x9;&#x9;OBX|17|NM|67305462^NOM_NEW^MDC^^^^^^testLabelNum5|1.1.1.41|100.0|327679^MDC_DIM_DIMLESS^MDIL^^^^^^NewUnit|||||R|||20180622133129.224+0200|&#xD;&#xA;&#x9;&#x9;OBX|18|NM|67305461^NOM_NEW^MDC^^^^^^testLabelNum6|1.1.1.41|100.00|327679^MDC_DIM_DIMLESS^MDIL^^^^^^NewUnit|||||R||APERIODIC|20180622133129.224+0200|&#xD;&#xA;&#x9;&#x9;OBX|19|CE|67305460^NOM_NEW^MDC^^^^^^testLabelNum7|1.1.1.41|100.00|327679^MDC_DIM_DIMLESS^MDIL^^^^^^NewUnit|||||R|||20180622133129.224+0200|&#xD;&#xA;&#x9;&#x9;OBX|20|NM|NAN^NOM_NEW^MDC^^^^^^testLabelNum8|1.1.1.41|100.00|327679^MDC_DIM_DIMLESS^MDIL^^^^^^NewUnit|||||R|||20180622133129.224+0200|&#xD;&#xA;&#x9;&#x9;OBX|21|CWE|67305468^NOM_NEW^MDC^^^^^^sMode|1.1.1.41|NAN^NLS_DRV_ED711_ENUM_VV_SENSOR^CAPSULE^^^^^^VolView||||||R|||20180622133129.224+0200|&#xD;&#xA;&#x9;&#x9;OBX|22|CWE|67305459^NOM_NEW^MDC^^^^^^testLabelNum9|1.1.1.41|1076297727^NEW_PARAM^MDIL^^^^^^NewEnum||||||R|||20180622133129.224+0200|&#xD;&#xA;&#x9;&#x9;OBX|23|CWE|67305458^NOM_NEW^MDC^^^^^^testLabelNum10|1.1.1.41|NAN^NEW_PARAM^MDIL^^^^^^NewEnum2||||||R|||20180622133129.224+0200|&#xD;&#xA;&#x9;&#x9;OBX|24|CWE|67305458^NOM_NEW^MDC^^^^^^testLabelNum11|1.1.1.41|1076297727^NEW_PARAM^MDIL^^^^^^機器情報||||||R|||20180622133129.224+0200|,16,True,testLabelNum4,100,262656,,UpdPeriodic,False,,,False,) row 24"
                time="0.0017648"/>
      <testcase classname="Philips.PMP.Test.Auto.IheMetricDataHandlerTest"
                name="IHEMetricDataHandlerTest (CapsuleMDIP,MSH|^~\&amp;|||||20220720013516.038-0400||ORU^R01^ORU_R01|HP0720013516.038PHMXL02238QJ322|P|2.6|||AL|NE||8859/1|EN^English^ISO639||IHE_PCD_001^IHE PCD^1.3.6.1.4.1.19376.1.6.1.1.1^ISO|&#xD;&#xA;&#x9;&#x9;PID|1||&#34;^^^Philips^MR||&#34;^&#34;^&#34;^^^^L||20050415000000.000+0200|F|||||||FRENCH|||PID18|&#xD;&#xA;&#x9;&#x9;PV1|2|I|{uniqueId}|1|&#xD;&#xA;&#x9;&#x9;OBR|||0009fbFFFF07f06a^^^EUI-64|69669^MDC_DEV_ANALY_CARD_OUTPUT_MDS^MDC|||20220720013513.935-0400|||ABC-123|||ABC-123|||||||| BaxterIFMout_5.3.5_EV1000_Baxter_XYZ456&#xD;&#xA;&#x9;&#x9;OBX|4||69669^NOM_DEV_ANALY_CARD_OUTPUT_MDS^MDC|1.0.0.0|||||||X|||||||718cbcf4-c374-4c31-9041-6cbd3c46aeaf-Edwards EV1000&#xD;&#xA;&#x9;&#x9;OBX|5||69670^NOM_DEV_ANALY_CARD_OUTPUT_VMD^MDC|1.1.0.0|||||||X|||||||&#xD;&#xA;&#x9;&#x9;OBX|6||69671^MDC_NOM_DEV_ANALY_CARD_OUTPUT_CHAN^MDC|1.1.1.0|||||||X|&#xD;&#xA;&#x9;&#x9;OBX|7|CWE|12345678^UNKNOWN^UNKNOWN^^^^^^tMode|1.1.1.41|1076259847^NLS_DRV_ED711_ENUM_VV_SENSOR^MDC^^^^^^VolView||||||R|||20180622133129.224+0200|&#xD;&#xA;&#x9;&#x9;OBX|8|CWE|67303669^NOM_SETT_MODE_MSMT^MDC^^^^^^sMode|1.1.1.41|1076259847^NLS_DRV_ED711_ENUM_VV_SENSOR^MDC^^^^^^VolView||||||R||SETTING|20180622133304.394+0200|||||&#xD;&#xA;&#x9;&#x9;OBX|9|CWE|67305467^NOM_SETT_MODE_MSMT^MDC^^^^^^testLabelEnum|1.1.1.41|1076259847^NLS_DRV_ED711_ENUM_VV_SENSOR^MDC^^^^^^VolView||||||R|||20180622133129.224+0200|&#xD;&#xA;&#x9;&#x9;OBX|10|CWE|67305468^NOM_NEW^MDC^^^^^^sMode|1.1.1.41|1076259847^NLS_DRV_ED711_ENUM_VV_SENSOR^CAPSULE^^^^^^VolView||||||R|||20180622133129.224+0200|&#xD;&#xA;&#x9;&#x9;OBX|11|CWE|67305469^NOM_NEW^MDC^^^^^^sMode|1.1.1.41|1076297727^UNKNOWN^UNKNOWN^^^^^^VolView||||||R|||20180622133129.224+0200|&#xD;&#xA;&#x9;&#x9;OBX|12|ST|67293194^NOM_SETT_DRUG_NAME_TYPE^MDC|1.4.1.5|RandomDrug||||||R||&#xD;&#xA;&#x9;&#x9;OBX|13|NM|67305466^NOM_NEW^MDC^^^^^^testLabelNum|1.1.1.41|100|262656^MDC_DIM_DIMLESS^MDC|||||R|||20180622133129.224+0200|&#xD;&#xA;&#x9;&#x9;OBX|14|NM|67305465^NOM_NEW^UNKNOWN^^^^^^testLabelNum2|1.1.1.41|100|262656^MDC_DIM_DIMLESS^MDC|||||R|||20180622133129.224+0200|&#xD;&#xA;&#x9;&#x9;OBX|15|NM|67305464^NOM_NEW^MDC^^^^^^testLabelNum3|1.1.1.41|100|262656^MDC_DIM_DIMLESS^MDC|||||R|||20180622133129.224+0200|&#xD;&#xA;&#x9;&#x9;OBX|16|NM|67305463^NOM_NEW^MDC^^^^^^testLabelNum4|1.1.1.41|100|262656^MDC_DIM_DIMLESS^UNKNOWN|||||R|||20180622133129.224+0200|&#xD;&#xA;&#x9;&#x9;OBX|17|NM|67305462^NOM_NEW^MDC^^^^^^testLabelNum5|1.1.1.41|100.0|327679^MDC_DIM_DIMLESS^MDIL^^^^^^NewUnit|||||R|||20180622133129.224+0200|&#xD;&#xA;&#x9;&#x9;OBX|18|NM|67305461^NOM_NEW^MDC^^^^^^testLabelNum6|1.1.1.41|100.00|327679^MDC_DIM_DIMLESS^MDIL^^^^^^NewUnit|||||R||APERIODIC|20180622133129.224+0200|&#xD;&#xA;&#x9;&#x9;OBX|19|CE|67305460^NOM_NEW^MDC^^^^^^testLabelNum7|1.1.1.41|100.00|327679^MDC_DIM_DIMLESS^MDIL^^^^^^NewUnit|||||R|||20180622133129.224+0200|&#xD;&#xA;&#x9;&#x9;OBX|20|NM|NAN^NOM_NEW^MDC^^^^^^testLabelNum8|1.1.1.41|100.00|327679^MDC_DIM_DIMLESS^MDIL^^^^^^NewUnit|||||R|||20180622133129.224+0200|&#xD;&#xA;&#x9;&#x9;OBX|21|CWE|67305468^NOM_NEW^MDC^^^^^^sMode|1.1.1.41|NAN^NLS_DRV_ED711_ENUM_VV_SENSOR^CAPSULE^^^^^^VolView||||||R|||20180622133129.224+0200|&#xD;&#xA;&#x9;&#x9;OBX|22|CWE|67305459^NOM_NEW^MDC^^^^^^testLabelNum9|1.1.1.41|1076297727^NEW_PARAM^MDIL^^^^^^NewEnum||||||R|||20180622133129.224+0200|&#xD;&#xA;&#x9;&#x9;OBX|23|CWE|67305458^NOM_NEW^MDC^^^^^^testLabelNum10|1.1.1.41|NAN^NEW_PARAM^MDIL^^^^^^NewEnum2||||||R|||20180622133129.224+0200|&#xD;&#xA;&#x9;&#x9;OBX|24|CWE|67305458^NOM_NEW^MDC^^^^^^testLabelNum11|1.1.1.41|1076297727^NEW_PARAM^MDIL^^^^^^機器情報||||||R|||20180622133129.224+0200|,17,True,testLabelNum5,100.0,327679,NewUnit,UpdPeriodic,True,,,False,) row 25"
                time="0.0036405"/>
      <testcase classname="Philips.PMP.Test.Auto.IheMetricDataHandlerTest"
                name="IHEMetricDataHandlerTest (CapsuleMDIP,MSH|^~\&amp;|||||20220720013516.038-0400||ORU^R01^ORU_R01|HP0720013516.038PHMXL02238QJ322|P|2.6|||AL|NE||8859/1|EN^English^ISO639||IHE_PCD_001^IHE PCD^1.3.6.1.4.1.19376.1.6.1.1.1^ISO|&#xD;&#xA;&#x9;&#x9;PID|1||&#34;^^^Philips^MR||&#34;^&#34;^&#34;^^^^L||20050415000000.000+0200|F|||||||FRENCH|||PID18|&#xD;&#xA;&#x9;&#x9;PV1|2|I|{uniqueId}|1|&#xD;&#xA;&#x9;&#x9;OBR|||0009fbFFFF07f06a^^^EUI-64|69669^MDC_DEV_ANALY_CARD_OUTPUT_MDS^MDC|||20220720013513.935-0400|||ABC-123|||ABC-123|||||||| BaxterIFMout_5.3.5_EV1000_Baxter_XYZ456&#xD;&#xA;&#x9;&#x9;OBX|4||69669^NOM_DEV_ANALY_CARD_OUTPUT_MDS^MDC|1.0.0.0|||||||X|||||||718cbcf4-c374-4c31-9041-6cbd3c46aeaf-Edwards EV1000&#xD;&#xA;&#x9;&#x9;OBX|5||69670^NOM_DEV_ANALY_CARD_OUTPUT_VMD^MDC|1.1.0.0|||||||X|||||||&#xD;&#xA;&#x9;&#x9;OBX|6||69671^MDC_NOM_DEV_ANALY_CARD_OUTPUT_CHAN^MDC|1.1.1.0|||||||X|&#xD;&#xA;&#x9;&#x9;OBX|7|CWE|12345678^UNKNOWN^UNKNOWN^^^^^^tMode|1.1.1.41|1076259847^NLS_DRV_ED711_ENUM_VV_SENSOR^MDC^^^^^^VolView||||||R|||20180622133129.224+0200|&#xD;&#xA;&#x9;&#x9;OBX|8|CWE|67303669^NOM_SETT_MODE_MSMT^MDC^^^^^^sMode|1.1.1.41|1076259847^NLS_DRV_ED711_ENUM_VV_SENSOR^MDC^^^^^^VolView||||||R||SETTING|20180622133304.394+0200|||||&#xD;&#xA;&#x9;&#x9;OBX|9|CWE|67305467^NOM_SETT_MODE_MSMT^MDC^^^^^^testLabelEnum|1.1.1.41|1076259847^NLS_DRV_ED711_ENUM_VV_SENSOR^MDC^^^^^^VolView||||||R|||20180622133129.224+0200|&#xD;&#xA;&#x9;&#x9;OBX|10|CWE|67305468^NOM_NEW^MDC^^^^^^sMode|1.1.1.41|1076259847^NLS_DRV_ED711_ENUM_VV_SENSOR^CAPSULE^^^^^^VolView||||||R|||20180622133129.224+0200|&#xD;&#xA;&#x9;&#x9;OBX|11|CWE|67305469^NOM_NEW^MDC^^^^^^sMode|1.1.1.41|1076297727^UNKNOWN^UNKNOWN^^^^^^VolView||||||R|||20180622133129.224+0200|&#xD;&#xA;&#x9;&#x9;OBX|12|ST|67293194^NOM_SETT_DRUG_NAME_TYPE^MDC|1.4.1.5|RandomDrug||||||R||&#xD;&#xA;&#x9;&#x9;OBX|13|NM|67305466^NOM_NEW^MDC^^^^^^testLabelNum|1.1.1.41|100|262656^MDC_DIM_DIMLESS^MDC|||||R|||20180622133129.224+0200|&#xD;&#xA;&#x9;&#x9;OBX|14|NM|67305465^NOM_NEW^UNKNOWN^^^^^^testLabelNum2|1.1.1.41|100|262656^MDC_DIM_DIMLESS^MDC|||||R|||20180622133129.224+0200|&#xD;&#xA;&#x9;&#x9;OBX|15|NM|67305464^NOM_NEW^MDC^^^^^^testLabelNum3|1.1.1.41|100|262656^MDC_DIM_DIMLESS^MDC|||||R|||20180622133129.224+0200|&#xD;&#xA;&#x9;&#x9;OBX|16|NM|67305463^NOM_NEW^MDC^^^^^^testLabelNum4|1.1.1.41|100|262656^MDC_DIM_DIMLESS^UNKNOWN|||||R|||20180622133129.224+0200|&#xD;&#xA;&#x9;&#x9;OBX|17|NM|67305462^NOM_NEW^MDC^^^^^^testLabelNum5|1.1.1.41|100.0|327679^MDC_DIM_DIMLESS^MDIL^^^^^^NewUnit|||||R|||20180622133129.224+0200|&#xD;&#xA;&#x9;&#x9;OBX|18|NM|67305461^NOM_NEW^MDC^^^^^^testLabelNum6|1.1.1.41|100.00|327679^MDC_DIM_DIMLESS^MDIL^^^^^^NewUnit|||||R||APERIODIC|20180622133129.224+0200|&#xD;&#xA;&#x9;&#x9;OBX|19|CE|67305460^NOM_NEW^MDC^^^^^^testLabelNum7|1.1.1.41|100.00|327679^MDC_DIM_DIMLESS^MDIL^^^^^^NewUnit|||||R|||20180622133129.224+0200|&#xD;&#xA;&#x9;&#x9;OBX|20|NM|NAN^NOM_NEW^MDC^^^^^^testLabelNum8|1.1.1.41|100.00|327679^MDC_DIM_DIMLESS^MDIL^^^^^^NewUnit|||||R|||20180622133129.224+0200|&#xD;&#xA;&#x9;&#x9;OBX|21|CWE|67305468^NOM_NEW^MDC^^^^^^sMode|1.1.1.41|NAN^NLS_DRV_ED711_ENUM_VV_SENSOR^CAPSULE^^^^^^VolView||||||R|||20180622133129.224+0200|&#xD;&#xA;&#x9;&#x9;OBX|22|CWE|67305459^NOM_NEW^MDC^^^^^^testLabelNum9|1.1.1.41|1076297727^NEW_PARAM^MDIL^^^^^^NewEnum||||||R|||20180622133129.224+0200|&#xD;&#xA;&#x9;&#x9;OBX|23|CWE|67305458^NOM_NEW^MDC^^^^^^testLabelNum10|1.1.1.41|NAN^NEW_PARAM^MDIL^^^^^^NewEnum2||||||R|||20180622133129.224+0200|&#xD;&#xA;&#x9;&#x9;OBX|24|CWE|67305458^NOM_NEW^MDC^^^^^^testLabelNum11|1.1.1.41|1076297727^NEW_PARAM^MDIL^^^^^^機器情報||||||R|||20180622133129.224+0200|,18,True,testLabelNum6,100.00,327679,NewUnit,UpdEpisodic,True,,,False,20180622133129.224+0200) row 26"
                time="0.001805"/>
      <testcase classname="Philips.PMP.Test.Auto.IheMetricDataHandlerTest"
                name="IHEMetricDataHandlerTest (CapsuleMDIP,MSH|^~\&amp;|||||20220720013516.038-0400||ORU^R01^ORU_R01|HP0720013516.038PHMXL02238QJ322|P|2.6|||AL|NE||8859/1|EN^English^ISO639||IHE_PCD_001^IHE PCD^1.3.6.1.4.1.19376.1.6.1.1.1^ISO|&#xD;&#xA;&#x9;&#x9;PID|1||&#34;^^^Philips^MR||&#34;^&#34;^&#34;^^^^L||20050415000000.000+0200|F|||||||FRENCH|||PID18|&#xD;&#xA;&#x9;&#x9;PV1|2|I|{uniqueId}|1|&#xD;&#xA;&#x9;&#x9;OBR|||0009fbFFFF07f06a^^^EUI-64|69669^MDC_DEV_ANALY_CARD_OUTPUT_MDS^MDC|||20220720013513.935-0400|||ABC-123|||ABC-123|||||||| BaxterIFMout_5.3.5_EV1000_Baxter_XYZ456&#xD;&#xA;&#x9;&#x9;OBX|4||69669^NOM_DEV_ANALY_CARD_OUTPUT_MDS^MDC|1.0.0.0|||||||X|||||||718cbcf4-c374-4c31-9041-6cbd3c46aeaf-Edwards EV1000&#xD;&#xA;&#x9;&#x9;OBX|5||69670^NOM_DEV_ANALY_CARD_OUTPUT_VMD^MDC|1.1.0.0|||||||X|||||||&#xD;&#xA;&#x9;&#x9;OBX|6||69671^MDC_NOM_DEV_ANALY_CARD_OUTPUT_CHAN^MDC|1.1.1.0|||||||X|&#xD;&#xA;&#x9;&#x9;OBX|7|CWE|12345678^UNKNOWN^UNKNOWN^^^^^^tMode|1.1.1.41|1076259847^NLS_DRV_ED711_ENUM_VV_SENSOR^MDC^^^^^^VolView||||||R|||20180622133129.224+0200|&#xD;&#xA;&#x9;&#x9;OBX|8|CWE|67303669^NOM_SETT_MODE_MSMT^MDC^^^^^^sMode|1.1.1.41|1076259847^NLS_DRV_ED711_ENUM_VV_SENSOR^MDC^^^^^^VolView||||||R||SETTING|20180622133304.394+0200|||||&#xD;&#xA;&#x9;&#x9;OBX|9|CWE|67305467^NOM_SETT_MODE_MSMT^MDC^^^^^^testLabelEnum|1.1.1.41|1076259847^NLS_DRV_ED711_ENUM_VV_SENSOR^MDC^^^^^^VolView||||||R|||20180622133129.224+0200|&#xD;&#xA;&#x9;&#x9;OBX|10|CWE|67305468^NOM_NEW^MDC^^^^^^sMode|1.1.1.41|1076259847^NLS_DRV_ED711_ENUM_VV_SENSOR^CAPSULE^^^^^^VolView||||||R|||20180622133129.224+0200|&#xD;&#xA;&#x9;&#x9;OBX|11|CWE|67305469^NOM_NEW^MDC^^^^^^sMode|1.1.1.41|1076297727^UNKNOWN^UNKNOWN^^^^^^VolView||||||R|||20180622133129.224+0200|&#xD;&#xA;&#x9;&#x9;OBX|12|ST|67293194^NOM_SETT_DRUG_NAME_TYPE^MDC|1.4.1.5|RandomDrug||||||R||&#xD;&#xA;&#x9;&#x9;OBX|13|NM|67305466^NOM_NEW^MDC^^^^^^testLabelNum|1.1.1.41|100|262656^MDC_DIM_DIMLESS^MDC|||||R|||20180622133129.224+0200|&#xD;&#xA;&#x9;&#x9;OBX|14|NM|67305465^NOM_NEW^UNKNOWN^^^^^^testLabelNum2|1.1.1.41|100|262656^MDC_DIM_DIMLESS^MDC|||||R|||20180622133129.224+0200|&#xD;&#xA;&#x9;&#x9;OBX|15|NM|67305464^NOM_NEW^MDC^^^^^^testLabelNum3|1.1.1.41|100|262656^MDC_DIM_DIMLESS^MDC|||||R|||20180622133129.224+0200|&#xD;&#xA;&#x9;&#x9;OBX|16|NM|67305463^NOM_NEW^MDC^^^^^^testLabelNum4|1.1.1.41|100|262656^MDC_DIM_DIMLESS^UNKNOWN|||||R|||20180622133129.224+0200|&#xD;&#xA;&#x9;&#x9;OBX|17|NM|67305462^NOM_NEW^MDC^^^^^^testLabelNum5|1.1.1.41|100.0|327679^MDC_DIM_DIMLESS^MDIL^^^^^^NewUnit|||||R|||20180622133129.224+0200|&#xD;&#xA;&#x9;&#x9;OBX|18|NM|67305461^NOM_NEW^MDC^^^^^^testLabelNum6|1.1.1.41|100.00|327679^MDC_DIM_DIMLESS^MDIL^^^^^^NewUnit|||||R||APERIODIC|20180622133129.224+0200|&#xD;&#xA;&#x9;&#x9;OBX|19|CE|67305460^NOM_NEW^MDC^^^^^^testLabelNum7|1.1.1.41|100.00|327679^MDC_DIM_DIMLESS^MDIL^^^^^^NewUnit|||||R|||20180622133129.224+0200|&#xD;&#xA;&#x9;&#x9;OBX|20|NM|NAN^NOM_NEW^MDC^^^^^^testLabelNum8|1.1.1.41|100.00|327679^MDC_DIM_DIMLESS^MDIL^^^^^^NewUnit|||||R|||20180622133129.224+0200|&#xD;&#xA;&#x9;&#x9;OBX|21|CWE|67305468^NOM_NEW^MDC^^^^^^sMode|1.1.1.41|NAN^NLS_DRV_ED711_ENUM_VV_SENSOR^CAPSULE^^^^^^VolView||||||R|||20180622133129.224+0200|&#xD;&#xA;&#x9;&#x9;OBX|22|CWE|67305459^NOM_NEW^MDC^^^^^^testLabelNum9|1.1.1.41|1076297727^NEW_PARAM^MDIL^^^^^^NewEnum||||||R|||20180622133129.224+0200|&#xD;&#xA;&#x9;&#x9;OBX|23|CWE|67305458^NOM_NEW^MDC^^^^^^testLabelNum10|1.1.1.41|NAN^NEW_PARAM^MDIL^^^^^^NewEnum2||||||R|||20180622133129.224+0200|&#xD;&#xA;&#x9;&#x9;OBX|24|CWE|67305458^NOM_NEW^MDC^^^^^^testLabelNum11|1.1.1.41|1076297727^NEW_PARAM^MDIL^^^^^^機器情報||||||R|||20180622133129.224+0200|,18,True,testLabelNum6,100.00,327679,NewUnit,UpdPeriodic,False,,,False,20180622133129.224+0200) row 27"
                time="0.0014207"/>
      <testcase classname="Philips.PMP.Test.Auto.IheMetricDataHandlerTest"
                name="IHEMetricDataHandlerTest (CapsuleMDIP,MSH|^~\&amp;|||||20220720013516.038-0400||ORU^R01^ORU_R01|HP0720013516.038PHMXL02238QJ322|P|2.6|||AL|NE||8859/1|EN^English^ISO639||IHE_PCD_001^IHE PCD^1.3.6.1.4.1.19376.1.6.1.1.1^ISO|&#xD;&#xA;&#x9;&#x9;PID|1||&#34;^^^Philips^MR||&#34;^&#34;^&#34;^^^^L||20050415000000.000+0200|F|||||||FRENCH|||PID18|&#xD;&#xA;&#x9;&#x9;PV1|2|I|{uniqueId}|1|&#xD;&#xA;&#x9;&#x9;OBR|||0009fbFFFF07f06a^^^EUI-64|69669^MDC_DEV_ANALY_CARD_OUTPUT_MDS^MDC|||20220720013513.935-0400|||ABC-123|||ABC-123|||||||| BaxterIFMout_5.3.5_EV1000_Baxter_XYZ456&#xD;&#xA;&#x9;&#x9;OBX|4||69669^NOM_DEV_ANALY_CARD_OUTPUT_MDS^MDC|1.0.0.0|||||||X|||||||718cbcf4-c374-4c31-9041-6cbd3c46aeaf-Edwards EV1000&#xD;&#xA;&#x9;&#x9;OBX|5||69670^NOM_DEV_ANALY_CARD_OUTPUT_VMD^MDC|1.1.0.0|||||||X|||||||&#xD;&#xA;&#x9;&#x9;OBX|6||69671^MDC_NOM_DEV_ANALY_CARD_OUTPUT_CHAN^MDC|1.1.1.0|||||||X|&#xD;&#xA;&#x9;&#x9;OBX|7|CWE|12345678^UNKNOWN^UNKNOWN^^^^^^tMode|1.1.1.41|1076259847^NLS_DRV_ED711_ENUM_VV_SENSOR^MDC^^^^^^VolView||||||R|||20180622133129.224+0200|&#xD;&#xA;&#x9;&#x9;OBX|8|CWE|67303669^NOM_SETT_MODE_MSMT^MDC^^^^^^sMode|1.1.1.41|1076259847^NLS_DRV_ED711_ENUM_VV_SENSOR^MDC^^^^^^VolView||||||R||SETTING|20180622133304.394+0200|||||&#xD;&#xA;&#x9;&#x9;OBX|9|CWE|67305467^NOM_SETT_MODE_MSMT^MDC^^^^^^testLabelEnum|1.1.1.41|1076259847^NLS_DRV_ED711_ENUM_VV_SENSOR^MDC^^^^^^VolView||||||R|||20180622133129.224+0200|&#xD;&#xA;&#x9;&#x9;OBX|10|CWE|67305468^NOM_NEW^MDC^^^^^^sMode|1.1.1.41|1076259847^NLS_DRV_ED711_ENUM_VV_SENSOR^CAPSULE^^^^^^VolView||||||R|||20180622133129.224+0200|&#xD;&#xA;&#x9;&#x9;OBX|11|CWE|67305469^NOM_NEW^MDC^^^^^^sMode|1.1.1.41|1076297727^UNKNOWN^UNKNOWN^^^^^^VolView||||||R|||20180622133129.224+0200|&#xD;&#xA;&#x9;&#x9;OBX|12|ST|67293194^NOM_SETT_DRUG_NAME_TYPE^MDC|1.4.1.5|RandomDrug||||||R||&#xD;&#xA;&#x9;&#x9;OBX|13|NM|67305466^NOM_NEW^MDC^^^^^^testLabelNum|1.1.1.41|100|262656^MDC_DIM_DIMLESS^MDC|||||R|||20180622133129.224+0200|&#xD;&#xA;&#x9;&#x9;OBX|14|NM|67305465^NOM_NEW^UNKNOWN^^^^^^testLabelNum2|1.1.1.41|100|262656^MDC_DIM_DIMLESS^MDC|||||R|||20180622133129.224+0200|&#xD;&#xA;&#x9;&#x9;OBX|15|NM|67305464^NOM_NEW^MDC^^^^^^testLabelNum3|1.1.1.41|100|262656^MDC_DIM_DIMLESS^MDC|||||R|||20180622133129.224+0200|&#xD;&#xA;&#x9;&#x9;OBX|16|NM|67305463^NOM_NEW^MDC^^^^^^testLabelNum4|1.1.1.41|100|262656^MDC_DIM_DIMLESS^UNKNOWN|||||R|||20180622133129.224+0200|&#xD;&#xA;&#x9;&#x9;OBX|17|NM|67305462^NOM_NEW^MDC^^^^^^testLabelNum5|1.1.1.41|100.0|327679^MDC_DIM_DIMLESS^MDIL^^^^^^NewUnit|||||R|||20180622133129.224+0200|&#xD;&#xA;&#x9;&#x9;OBX|18|NM|67305461^NOM_NEW^MDC^^^^^^testLabelNum6|1.1.1.41|100.00|327679^MDC_DIM_DIMLESS^MDIL^^^^^^NewUnit|||||R||APERIODIC|20180622133129.224+0200|&#xD;&#xA;&#x9;&#x9;OBX|19|CE|67305460^NOM_NEW^MDC^^^^^^testLabelNum7|1.1.1.41|100.00|327679^MDC_DIM_DIMLESS^MDIL^^^^^^NewUnit|||||R|||20180622133129.224+0200|&#xD;&#xA;&#x9;&#x9;OBX|20|NM|NAN^NOM_NEW^MDC^^^^^^testLabelNum8|1.1.1.41|100.00|327679^MDC_DIM_DIMLESS^MDIL^^^^^^NewUnit|||||R|||20180622133129.224+0200|&#xD;&#xA;&#x9;&#x9;OBX|21|CWE|67305468^NOM_NEW^MDC^^^^^^sMode|1.1.1.41|NAN^NLS_DRV_ED711_ENUM_VV_SENSOR^CAPSULE^^^^^^VolView||||||R|||20180622133129.224+0200|&#xD;&#xA;&#x9;&#x9;OBX|22|CWE|67305459^NOM_NEW^MDC^^^^^^testLabelNum9|1.1.1.41|1076297727^NEW_PARAM^MDIL^^^^^^NewEnum||||||R|||20180622133129.224+0200|&#xD;&#xA;&#x9;&#x9;OBX|23|CWE|67305458^NOM_NEW^MDC^^^^^^testLabelNum10|1.1.1.41|NAN^NEW_PARAM^MDIL^^^^^^NewEnum2||||||R|||20180622133129.224+0200|&#xD;&#xA;&#x9;&#x9;OBX|24|CWE|67305458^NOM_NEW^MDC^^^^^^testLabelNum11|1.1.1.41|1076297727^NEW_PARAM^MDIL^^^^^^機器情報||||||R|||20180622133129.224+0200|,19,True,testLabelNum7,100.00,327679,NewUnit,UpdPeriodic,False,,,False,20180622133129.224+0200) row 28"
                time="0.0028654"/>
      <testcase classname="Philips.PMP.Test.Auto.IheMetricDataHandlerTest"
                name="IHEMetricDataHandlerTest (CapsuleMDIP,MSH|^~\&amp;|||||20220720013516.038-0400||ORU^R01^ORU_R01|HP0720013516.038PHMXL02238QJ322|P|2.6|||AL|NE||8859/1|EN^English^ISO639||IHE_PCD_001^IHE PCD^1.3.6.1.4.1.19376.1.6.1.1.1^ISO|&#xD;&#xA;&#x9;&#x9;PID|1||&#34;^^^Philips^MR||&#34;^&#34;^&#34;^^^^L||20050415000000.000+0200|F|||||||FRENCH|||PID18|&#xD;&#xA;&#x9;&#x9;PV1|2|I|{uniqueId}|1|&#xD;&#xA;&#x9;&#x9;OBR|||0009fbFFFF07f06a^^^EUI-64|69669^MDC_DEV_ANALY_CARD_OUTPUT_MDS^MDC|||20220720013513.935-0400|||ABC-123|||ABC-123|||||||| BaxterIFMout_5.3.5_EV1000_Baxter_XYZ456&#xD;&#xA;&#x9;&#x9;OBX|4||69669^NOM_DEV_ANALY_CARD_OUTPUT_MDS^MDC|1.0.0.0|||||||X|||||||718cbcf4-c374-4c31-9041-6cbd3c46aeaf-Edwards EV1000&#xD;&#xA;&#x9;&#x9;OBX|5||69670^NOM_DEV_ANALY_CARD_OUTPUT_VMD^MDC|1.1.0.0|||||||X|||||||&#xD;&#xA;&#x9;&#x9;OBX|6||69671^MDC_NOM_DEV_ANALY_CARD_OUTPUT_CHAN^MDC|1.1.1.0|||||||X|&#xD;&#xA;&#x9;&#x9;OBX|7|CWE|12345678^UNKNOWN^UNKNOWN^^^^^^tMode|1.1.1.41|1076259847^NLS_DRV_ED711_ENUM_VV_SENSOR^MDC^^^^^^VolView||||||R|||20180622133129.224+0200|&#xD;&#xA;&#x9;&#x9;OBX|8|CWE|67303669^NOM_SETT_MODE_MSMT^MDC^^^^^^sMode|1.1.1.41|1076259847^NLS_DRV_ED711_ENUM_VV_SENSOR^MDC^^^^^^VolView||||||R||SETTING|20180622133304.394+0200|||||&#xD;&#xA;&#x9;&#x9;OBX|9|CWE|67305467^NOM_SETT_MODE_MSMT^MDC^^^^^^testLabelEnum|1.1.1.41|1076259847^NLS_DRV_ED711_ENUM_VV_SENSOR^MDC^^^^^^VolView||||||R|||20180622133129.224+0200|&#xD;&#xA;&#x9;&#x9;OBX|10|CWE|67305468^NOM_NEW^MDC^^^^^^sMode|1.1.1.41|1076259847^NLS_DRV_ED711_ENUM_VV_SENSOR^CAPSULE^^^^^^VolView||||||R|||20180622133129.224+0200|&#xD;&#xA;&#x9;&#x9;OBX|11|CWE|67305469^NOM_NEW^MDC^^^^^^sMode|1.1.1.41|1076297727^UNKNOWN^UNKNOWN^^^^^^VolView||||||R|||20180622133129.224+0200|&#xD;&#xA;&#x9;&#x9;OBX|12|ST|67293194^NOM_SETT_DRUG_NAME_TYPE^MDC|1.4.1.5|RandomDrug||||||R||&#xD;&#xA;&#x9;&#x9;OBX|13|NM|67305466^NOM_NEW^MDC^^^^^^testLabelNum|1.1.1.41|100|262656^MDC_DIM_DIMLESS^MDC|||||R|||20180622133129.224+0200|&#xD;&#xA;&#x9;&#x9;OBX|14|NM|67305465^NOM_NEW^UNKNOWN^^^^^^testLabelNum2|1.1.1.41|100|262656^MDC_DIM_DIMLESS^MDC|||||R|||20180622133129.224+0200|&#xD;&#xA;&#x9;&#x9;OBX|15|NM|67305464^NOM_NEW^MDC^^^^^^testLabelNum3|1.1.1.41|100|262656^MDC_DIM_DIMLESS^MDC|||||R|||20180622133129.224+0200|&#xD;&#xA;&#x9;&#x9;OBX|16|NM|67305463^NOM_NEW^MDC^^^^^^testLabelNum4|1.1.1.41|100|262656^MDC_DIM_DIMLESS^UNKNOWN|||||R|||20180622133129.224+0200|&#xD;&#xA;&#x9;&#x9;OBX|17|NM|67305462^NOM_NEW^MDC^^^^^^testLabelNum5|1.1.1.41|100.0|327679^MDC_DIM_DIMLESS^MDIL^^^^^^NewUnit|||||R|||20180622133129.224+0200|&#xD;&#xA;&#x9;&#x9;OBX|18|NM|67305461^NOM_NEW^MDC^^^^^^testLabelNum6|1.1.1.41|100.00|327679^MDC_DIM_DIMLESS^MDIL^^^^^^NewUnit|||||R||APERIODIC|20180622133129.224+0200|&#xD;&#xA;&#x9;&#x9;OBX|19|CE|67305460^NOM_NEW^MDC^^^^^^testLabelNum7|1.1.1.41|100.00|327679^MDC_DIM_DIMLESS^MDIL^^^^^^NewUnit|||||R|||20180622133129.224+0200|&#xD;&#xA;&#x9;&#x9;OBX|20|NM|NAN^NOM_NEW^MDC^^^^^^testLabelNum8|1.1.1.41|100.00|327679^MDC_DIM_DIMLESS^MDIL^^^^^^NewUnit|||||R|||20180622133129.224+0200|&#xD;&#xA;&#x9;&#x9;OBX|21|CWE|67305468^NOM_NEW^MDC^^^^^^sMode|1.1.1.41|NAN^NLS_DRV_ED711_ENUM_VV_SENSOR^CAPSULE^^^^^^VolView||||||R|||20180622133129.224+0200|&#xD;&#xA;&#x9;&#x9;OBX|22|CWE|67305459^NOM_NEW^MDC^^^^^^testLabelNum9|1.1.1.41|1076297727^NEW_PARAM^MDIL^^^^^^NewEnum||||||R|||20180622133129.224+0200|&#xD;&#xA;&#x9;&#x9;OBX|23|CWE|67305458^NOM_NEW^MDC^^^^^^testLabelNum10|1.1.1.41|NAN^NEW_PARAM^MDIL^^^^^^NewEnum2||||||R|||20180622133129.224+0200|&#xD;&#xA;&#x9;&#x9;OBX|24|CWE|67305458^NOM_NEW^MDC^^^^^^testLabelNum11|1.1.1.41|1076297727^NEW_PARAM^MDIL^^^^^^機器情報||||||R|||20180622133129.224+0200|,20,True,testLabelNum8,100.00,327679,NewUnit,UpdPeriodic,False,,,False,20180622133129.224+0200) row 29"
                time="0.0022816"/>
      <testcase classname="Philips.PMP.Test.Auto.IheMetricDataHandlerTest"
                name="IHEMetricDataHandlerTest (CapsuleMDIP,MSH|^~\&amp;|||||20220720013516.038-0400||ORU^R01^ORU_R01|HP0720013516.038PHMXL02238QJ322|P|2.6|||AL|NE||8859/1|EN^English^ISO639||IHE_PCD_001^IHE PCD^1.3.6.1.4.1.19376.1.6.1.1.1^ISO|&#xD;&#xA;&#x9;&#x9;PID|1||&#34;^^^Philips^MR||&#34;^&#34;^&#34;^^^^L||20050415000000.000+0200|F|||||||FRENCH|||PID18|&#xD;&#xA;&#x9;&#x9;PV1|2|I|{uniqueId}|1|&#xD;&#xA;&#x9;&#x9;OBR|||0009fbFFFF07f06a^^^EUI-64|69669^MDC_DEV_ANALY_CARD_OUTPUT_MDS^MDC|||20220720013513.935-0400|||ABC-123|||ABC-123|||||||| BaxterIFMout_5.3.5_EV1000_Baxter_XYZ456&#xD;&#xA;&#x9;&#x9;OBX|4||69669^NOM_DEV_ANALY_CARD_OUTPUT_MDS^MDC|1.0.0.0|||||||X|||||||718cbcf4-c374-4c31-9041-6cbd3c46aeaf-Edwards EV1000&#xD;&#xA;&#x9;&#x9;OBX|5||69670^NOM_DEV_ANALY_CARD_OUTPUT_VMD^MDC|1.1.0.0|||||||X|||||||&#xD;&#xA;&#x9;&#x9;OBX|6||69671^MDC_NOM_DEV_ANALY_CARD_OUTPUT_CHAN^MDC|1.1.1.0|||||||X|&#xD;&#xA;&#x9;&#x9;OBX|7|CWE|12345678^UNKNOWN^UNKNOWN^^^^^^tMode|1.1.1.41|1076259847^NLS_DRV_ED711_ENUM_VV_SENSOR^MDC^^^^^^VolView||||||R|||20180622133129.224+0200|&#xD;&#xA;&#x9;&#x9;OBX|8|CWE|67303669^NOM_SETT_MODE_MSMT^MDC^^^^^^sMode|1.1.1.41|1076259847^NLS_DRV_ED711_ENUM_VV_SENSOR^MDC^^^^^^VolView||||||R||SETTING|20180622133304.394+0200|||||&#xD;&#xA;&#x9;&#x9;OBX|9|CWE|67305467^NOM_SETT_MODE_MSMT^MDC^^^^^^testLabelEnum|1.1.1.41|1076259847^NLS_DRV_ED711_ENUM_VV_SENSOR^MDC^^^^^^VolView||||||R|||20180622133129.224+0200|&#xD;&#xA;&#x9;&#x9;OBX|10|CWE|67305468^NOM_NEW^MDC^^^^^^sMode|1.1.1.41|1076259847^NLS_DRV_ED711_ENUM_VV_SENSOR^CAPSULE^^^^^^VolView||||||R|||20180622133129.224+0200|&#xD;&#xA;&#x9;&#x9;OBX|11|CWE|67305469^NOM_NEW^MDC^^^^^^sMode|1.1.1.41|1076297727^UNKNOWN^UNKNOWN^^^^^^VolView||||||R|||20180622133129.224+0200|&#xD;&#xA;&#x9;&#x9;OBX|12|ST|67293194^NOM_SETT_DRUG_NAME_TYPE^MDC|1.4.1.5|RandomDrug||||||R||&#xD;&#xA;&#x9;&#x9;OBX|13|NM|67305466^NOM_NEW^MDC^^^^^^testLabelNum|1.1.1.41|100|262656^MDC_DIM_DIMLESS^MDC|||||R|||20180622133129.224+0200|&#xD;&#xA;&#x9;&#x9;OBX|14|NM|67305465^NOM_NEW^UNKNOWN^^^^^^testLabelNum2|1.1.1.41|100|262656^MDC_DIM_DIMLESS^MDC|||||R|||20180622133129.224+0200|&#xD;&#xA;&#x9;&#x9;OBX|15|NM|67305464^NOM_NEW^MDC^^^^^^testLabelNum3|1.1.1.41|100|262656^MDC_DIM_DIMLESS^MDC|||||R|||20180622133129.224+0200|&#xD;&#xA;&#x9;&#x9;OBX|16|NM|67305463^NOM_NEW^MDC^^^^^^testLabelNum4|1.1.1.41|100|262656^MDC_DIM_DIMLESS^UNKNOWN|||||R|||20180622133129.224+0200|&#xD;&#xA;&#x9;&#x9;OBX|17|NM|67305462^NOM_NEW^MDC^^^^^^testLabelNum5|1.1.1.41|100.0|327679^MDC_DIM_DIMLESS^MDIL^^^^^^NewUnit|||||R|||20180622133129.224+0200|&#xD;&#xA;&#x9;&#x9;OBX|18|NM|67305461^NOM_NEW^MDC^^^^^^testLabelNum6|1.1.1.41|100.00|327679^MDC_DIM_DIMLESS^MDIL^^^^^^NewUnit|||||R||APERIODIC|20180622133129.224+0200|&#xD;&#xA;&#x9;&#x9;OBX|19|CE|67305460^NOM_NEW^MDC^^^^^^testLabelNum7|1.1.1.41|100.00|327679^MDC_DIM_DIMLESS^MDIL^^^^^^NewUnit|||||R|||20180622133129.224+0200|&#xD;&#xA;&#x9;&#x9;OBX|20|NM|NAN^NOM_NEW^MDC^^^^^^testLabelNum8|1.1.1.41|100.00|327679^MDC_DIM_DIMLESS^MDIL^^^^^^NewUnit|||||R|||20180622133129.224+0200|&#xD;&#xA;&#x9;&#x9;OBX|21|CWE|67305468^NOM_NEW^MDC^^^^^^sMode|1.1.1.41|NAN^NLS_DRV_ED711_ENUM_VV_SENSOR^CAPSULE^^^^^^VolView||||||R|||20180622133129.224+0200|&#xD;&#xA;&#x9;&#x9;OBX|22|CWE|67305459^NOM_NEW^MDC^^^^^^testLabelNum9|1.1.1.41|1076297727^NEW_PARAM^MDIL^^^^^^NewEnum||||||R|||20180622133129.224+0200|&#xD;&#xA;&#x9;&#x9;OBX|23|CWE|67305458^NOM_NEW^MDC^^^^^^testLabelNum10|1.1.1.41|NAN^NEW_PARAM^MDIL^^^^^^NewEnum2||||||R|||20180622133129.224+0200|&#xD;&#xA;&#x9;&#x9;OBX|24|CWE|67305458^NOM_NEW^MDC^^^^^^testLabelNum11|1.1.1.41|1076297727^NEW_PARAM^MDIL^^^^^^機器情報||||||R|||20180622133129.224+0200|,21,False,sMode,VolView,0,,UpdPeriodic,False,,,False,) row 30"
                time="0.0030827"/>
      <testcase classname="Philips.PMP.Test.Auto.IheMetricDataHandlerTest"
                name="IHEMetricDataHandlerTest (CapsuleMDIP,MSH|^~\&amp;|||||20220720013516.038-0400||ORU^R01^ORU_R01|HP0720013516.038PHMXL02238QJ322|P|2.6|||AL|NE||8859/1|EN^English^ISO639||IHE_PCD_001^IHE PCD^1.3.6.1.4.1.19376.1.6.1.1.1^ISO|&#xD;&#xA;&#x9;&#x9;PID|1||&#34;^^^Philips^MR||&#34;^&#34;^&#34;^^^^L||20050415000000.000+0200|F|||||||FRENCH|||PID18|&#xD;&#xA;&#x9;&#x9;PV1|2|I|{uniqueId}|1|&#xD;&#xA;&#x9;&#x9;OBR|||0009fbFFFF07f06a^^^EUI-64|69669^MDC_DEV_ANALY_CARD_OUTPUT_MDS^MDC|||20220720013513.935-0400|||ABC-123|||ABC-123|||||||| BaxterIFMout_5.3.5_EV1000_Baxter_XYZ456&#xD;&#xA;&#x9;&#x9;OBX|4||69669^NOM_DEV_ANALY_CARD_OUTPUT_MDS^MDC|1.0.0.0|||||||X|||||||718cbcf4-c374-4c31-9041-6cbd3c46aeaf-Edwards EV1000&#xD;&#xA;&#x9;&#x9;OBX|5||69670^NOM_DEV_ANALY_CARD_OUTPUT_VMD^MDC|1.1.0.0|||||||X|||||||&#xD;&#xA;&#x9;&#x9;OBX|6||69671^MDC_NOM_DEV_ANALY_CARD_OUTPUT_CHAN^MDC|1.1.1.0|||||||X|&#xD;&#xA;&#x9;&#x9;OBX|7|CWE|12345678^UNKNOWN^UNKNOWN^^^^^^tMode|1.1.1.41|1076259847^NLS_DRV_ED711_ENUM_VV_SENSOR^MDC^^^^^^VolView||||||R|||20180622133129.224+0200|&#xD;&#xA;&#x9;&#x9;OBX|8|CWE|67303669^NOM_SETT_MODE_MSMT^MDC^^^^^^sMode|1.1.1.41|1076259847^NLS_DRV_ED711_ENUM_VV_SENSOR^MDC^^^^^^VolView||||||R||SETTING|20180622133304.394+0200|||||&#xD;&#xA;&#x9;&#x9;OBX|9|CWE|67305467^NOM_SETT_MODE_MSMT^MDC^^^^^^testLabelEnum|1.1.1.41|1076259847^NLS_DRV_ED711_ENUM_VV_SENSOR^MDC^^^^^^VolView||||||R|||20180622133129.224+0200|&#xD;&#xA;&#x9;&#x9;OBX|10|CWE|67305468^NOM_NEW^MDC^^^^^^sMode|1.1.1.41|1076259847^NLS_DRV_ED711_ENUM_VV_SENSOR^CAPSULE^^^^^^VolView||||||R|||20180622133129.224+0200|&#xD;&#xA;&#x9;&#x9;OBX|11|CWE|67305469^NOM_NEW^MDC^^^^^^sMode|1.1.1.41|1076297727^UNKNOWN^UNKNOWN^^^^^^VolView||||||R|||20180622133129.224+0200|&#xD;&#xA;&#x9;&#x9;OBX|12|ST|67293194^NOM_SETT_DRUG_NAME_TYPE^MDC|1.4.1.5|RandomDrug||||||R||&#xD;&#xA;&#x9;&#x9;OBX|13|NM|67305466^NOM_NEW^MDC^^^^^^testLabelNum|1.1.1.41|100|262656^MDC_DIM_DIMLESS^MDC|||||R|||20180622133129.224+0200|&#xD;&#xA;&#x9;&#x9;OBX|14|NM|67305465^NOM_NEW^UNKNOWN^^^^^^testLabelNum2|1.1.1.41|100|262656^MDC_DIM_DIMLESS^MDC|||||R|||20180622133129.224+0200|&#xD;&#xA;&#x9;&#x9;OBX|15|NM|67305464^NOM_NEW^MDC^^^^^^testLabelNum3|1.1.1.41|100|262656^MDC_DIM_DIMLESS^MDC|||||R|||20180622133129.224+0200|&#xD;&#xA;&#x9;&#x9;OBX|16|NM|67305463^NOM_NEW^MDC^^^^^^testLabelNum4|1.1.1.41|100|262656^MDC_DIM_DIMLESS^UNKNOWN|||||R|||20180622133129.224+0200|&#xD;&#xA;&#x9;&#x9;OBX|17|NM|67305462^NOM_NEW^MDC^^^^^^testLabelNum5|1.1.1.41|100.0|327679^MDC_DIM_DIMLESS^MDIL^^^^^^NewUnit|||||R|||20180622133129.224+0200|&#xD;&#xA;&#x9;&#x9;OBX|18|NM|67305461^NOM_NEW^MDC^^^^^^testLabelNum6|1.1.1.41|100.00|327679^MDC_DIM_DIMLESS^MDIL^^^^^^NewUnit|||||R||APERIODIC|20180622133129.224+0200|&#xD;&#xA;&#x9;&#x9;OBX|19|CE|67305460^NOM_NEW^MDC^^^^^^testLabelNum7|1.1.1.41|100.00|327679^MDC_DIM_DIMLESS^MDIL^^^^^^NewUnit|||||R|||20180622133129.224+0200|&#xD;&#xA;&#x9;&#x9;OBX|20|NM|NAN^NOM_NEW^MDC^^^^^^testLabelNum8|1.1.1.41|100.00|327679^MDC_DIM_DIMLESS^MDIL^^^^^^NewUnit|||||R|||20180622133129.224+0200|&#xD;&#xA;&#x9;&#x9;OBX|21|CWE|67305468^NOM_NEW^MDC^^^^^^sMode|1.1.1.41|NAN^NLS_DRV_ED711_ENUM_VV_SENSOR^CAPSULE^^^^^^VolView||||||R|||20180622133129.224+0200|&#xD;&#xA;&#x9;&#x9;OBX|22|CWE|67305459^NOM_NEW^MDC^^^^^^testLabelNum9|1.1.1.41|1076297727^NEW_PARAM^MDIL^^^^^^NewEnum||||||R|||20180622133129.224+0200|&#xD;&#xA;&#x9;&#x9;OBX|23|CWE|67305458^NOM_NEW^MDC^^^^^^testLabelNum10|1.1.1.41|NAN^NEW_PARAM^MDIL^^^^^^NewEnum2||||||R|||20180622133129.224+0200|&#xD;&#xA;&#x9;&#x9;OBX|24|CWE|67305458^NOM_NEW^MDC^^^^^^testLabelNum11|1.1.1.41|1076297727^NEW_PARAM^MDIL^^^^^^機器情報||||||R|||20180622133129.224+0200|,22,False,testLabelNum9,NewEnum,0,,UpdPeriodic,True,,,False,) row 31"
                time="0.0011644"/>
      <testcase classname="Philips.PMP.Test.Auto.IheMetricDataHandlerTest"
                name="IHEMetricDataHandlerTest (CapsuleMDIP,MSH|^~\&amp;|||||20220720013516.038-0400||ORU^R01^ORU_R01|HP0720013516.038PHMXL02238QJ322|P|2.6|||AL|NE||8859/1|EN^English^ISO639||IHE_PCD_001^IHE PCD^1.3.6.1.4.1.19376.1.6.1.1.1^ISO|&#xD;&#xA;&#x9;&#x9;PID|1||&#34;^^^Philips^MR||&#34;^&#34;^&#34;^^^^L||20050415000000.000+0200|F|||||||FRENCH|||PID18|&#xD;&#xA;&#x9;&#x9;PV1|2|I|{uniqueId}|1|&#xD;&#xA;&#x9;&#x9;OBR|||0009fbFFFF07f06a^^^EUI-64|69669^MDC_DEV_ANALY_CARD_OUTPUT_MDS^MDC|||20220720013513.935-0400|||ABC-123|||ABC-123|||||||| BaxterIFMout_5.3.5_EV1000_Baxter_XYZ456&#xD;&#xA;&#x9;&#x9;OBX|4||69669^NOM_DEV_ANALY_CARD_OUTPUT_MDS^MDC|1.0.0.0|||||||X|||||||718cbcf4-c374-4c31-9041-6cbd3c46aeaf-Edwards EV1000&#xD;&#xA;&#x9;&#x9;OBX|5||69670^NOM_DEV_ANALY_CARD_OUTPUT_VMD^MDC|1.1.0.0|||||||X|||||||&#xD;&#xA;&#x9;&#x9;OBX|6||69671^MDC_NOM_DEV_ANALY_CARD_OUTPUT_CHAN^MDC|1.1.1.0|||||||X|&#xD;&#xA;&#x9;&#x9;OBX|7|CWE|12345678^UNKNOWN^UNKNOWN^^^^^^tMode|1.1.1.41|1076259847^NLS_DRV_ED711_ENUM_VV_SENSOR^MDC^^^^^^VolView||||||R|||20180622133129.224+0200|&#xD;&#xA;&#x9;&#x9;OBX|8|CWE|67303669^NOM_SETT_MODE_MSMT^MDC^^^^^^sMode|1.1.1.41|1076259847^NLS_DRV_ED711_ENUM_VV_SENSOR^MDC^^^^^^VolView||||||R||SETTING|20180622133304.394+0200|||||&#xD;&#xA;&#x9;&#x9;OBX|9|CWE|67305467^NOM_SETT_MODE_MSMT^MDC^^^^^^testLabelEnum|1.1.1.41|1076259847^NLS_DRV_ED711_ENUM_VV_SENSOR^MDC^^^^^^VolView||||||R|||20180622133129.224+0200|&#xD;&#xA;&#x9;&#x9;OBX|10|CWE|67305468^NOM_NEW^MDC^^^^^^sMode|1.1.1.41|1076259847^NLS_DRV_ED711_ENUM_VV_SENSOR^CAPSULE^^^^^^VolView||||||R|||20180622133129.224+0200|&#xD;&#xA;&#x9;&#x9;OBX|11|CWE|67305469^NOM_NEW^MDC^^^^^^sMode|1.1.1.41|1076297727^UNKNOWN^UNKNOWN^^^^^^VolView||||||R|||20180622133129.224+0200|&#xD;&#xA;&#x9;&#x9;OBX|12|ST|67293194^NOM_SETT_DRUG_NAME_TYPE^MDC|1.4.1.5|RandomDrug||||||R||&#xD;&#xA;&#x9;&#x9;OBX|13|NM|67305466^NOM_NEW^MDC^^^^^^testLabelNum|1.1.1.41|100|262656^MDC_DIM_DIMLESS^MDC|||||R|||20180622133129.224+0200|&#xD;&#xA;&#x9;&#x9;OBX|14|NM|67305465^NOM_NEW^UNKNOWN^^^^^^testLabelNum2|1.1.1.41|100|262656^MDC_DIM_DIMLESS^MDC|||||R|||20180622133129.224+0200|&#xD;&#xA;&#x9;&#x9;OBX|15|NM|67305464^NOM_NEW^MDC^^^^^^testLabelNum3|1.1.1.41|100|262656^MDC_DIM_DIMLESS^MDC|||||R|||20180622133129.224+0200|&#xD;&#xA;&#x9;&#x9;OBX|16|NM|67305463^NOM_NEW^MDC^^^^^^testLabelNum4|1.1.1.41|100|262656^MDC_DIM_DIMLESS^UNKNOWN|||||R|||20180622133129.224+0200|&#xD;&#xA;&#x9;&#x9;OBX|17|NM|67305462^NOM_NEW^MDC^^^^^^testLabelNum5|1.1.1.41|100.0|327679^MDC_DIM_DIMLESS^MDIL^^^^^^NewUnit|||||R|||20180622133129.224+0200|&#xD;&#xA;&#x9;&#x9;OBX|18|NM|67305461^NOM_NEW^MDC^^^^^^testLabelNum6|1.1.1.41|100.00|327679^MDC_DIM_DIMLESS^MDIL^^^^^^NewUnit|||||R||APERIODIC|20180622133129.224+0200|&#xD;&#xA;&#x9;&#x9;OBX|19|CE|67305460^NOM_NEW^MDC^^^^^^testLabelNum7|1.1.1.41|100.00|327679^MDC_DIM_DIMLESS^MDIL^^^^^^NewUnit|||||R|||20180622133129.224+0200|&#xD;&#xA;&#x9;&#x9;OBX|20|NM|NAN^NOM_NEW^MDC^^^^^^testLabelNum8|1.1.1.41|100.00|327679^MDC_DIM_DIMLESS^MDIL^^^^^^NewUnit|||||R|||20180622133129.224+0200|&#xD;&#xA;&#x9;&#x9;OBX|21|CWE|67305468^NOM_NEW^MDC^^^^^^sMode|1.1.1.41|NAN^NLS_DRV_ED711_ENUM_VV_SENSOR^CAPSULE^^^^^^VolView||||||R|||20180622133129.224+0200|&#xD;&#xA;&#x9;&#x9;OBX|22|CWE|67305459^NOM_NEW^MDC^^^^^^testLabelNum9|1.1.1.41|1076297727^NEW_PARAM^MDIL^^^^^^NewEnum||||||R|||20180622133129.224+0200|&#xD;&#xA;&#x9;&#x9;OBX|23|CWE|67305458^NOM_NEW^MDC^^^^^^testLabelNum10|1.1.1.41|NAN^NEW_PARAM^MDIL^^^^^^NewEnum2||||||R|||20180622133129.224+0200|&#xD;&#xA;&#x9;&#x9;OBX|24|CWE|67305458^NOM_NEW^MDC^^^^^^testLabelNum11|1.1.1.41|1076297727^NEW_PARAM^MDIL^^^^^^機器情報||||||R|||20180622133129.224+0200|,23,False,testLabelNum10,NewEnum,0,,UpdPeriodic,False,,,False,) row 32"
                time="0.00138"/>
      <testcase classname="Philips.PMP.Test.Auto.IheMetricDataHandlerTest"
                name="IHEMetricDataHandlerTest (CapsuleMDIP,MSH|^~\&amp;|||||20220720013516.038-0400||ORU^R01^ORU_R01|HP0720013516.038PHMXL02238QJ322|P|2.6|||AL|NE||8859/1|EN^English^ISO639||IHE_PCD_001^IHE PCD^1.3.6.1.4.1.19376.1.6.1.1.1^ISO|&#xD;&#xA;&#x9;&#x9;PID|1||&#34;^^^Philips^MR||&#34;^&#34;^&#34;^^^^L||20050415000000.000+0200|F|||||||FRENCH|||PID18|&#xD;&#xA;&#x9;&#x9;PV1|2|I|{uniqueId}|1|&#xD;&#xA;&#x9;&#x9;OBR|||0009fbFFFF07f06a^^^EUI-64|69669^MDC_DEV_ANALY_CARD_OUTPUT_MDS^MDC|||20220720013513.935-0400|||ABC-123|||ABC-123|||||||| BaxterIFMout_5.3.5_EV1000_Baxter_XYZ456&#xD;&#xA;&#x9;&#x9;OBX|4||69669^NOM_DEV_ANALY_CARD_OUTPUT_MDS^MDC|1.0.0.0|||||||X|||||||718cbcf4-c374-4c31-9041-6cbd3c46aeaf-Edwards EV1000&#xD;&#xA;&#x9;&#x9;OBX|5||69670^NOM_DEV_ANALY_CARD_OUTPUT_VMD^MDC|1.1.0.0|||||||X|||||||&#xD;&#xA;&#x9;&#x9;OBX|6||69671^MDC_NOM_DEV_ANALY_CARD_OUTPUT_CHAN^MDC|1.1.1.0|||||||X|&#xD;&#xA;&#x9;&#x9;OBX|7|CWE|12345678^UNKNOWN^UNKNOWN^^^^^^tMode|1.1.1.41|1076259847^NLS_DRV_ED711_ENUM_VV_SENSOR^MDC^^^^^^VolView||||||R|||20180622133129.224+0200|&#xD;&#xA;&#x9;&#x9;OBX|8|CWE|67303669^NOM_SETT_MODE_MSMT^MDC^^^^^^sMode|1.1.1.41|1076259847^NLS_DRV_ED711_ENUM_VV_SENSOR^MDC^^^^^^VolView||||||R||SETTING|20180622133304.394+0200|||||&#xD;&#xA;&#x9;&#x9;OBX|9|CWE|67305467^NOM_SETT_MODE_MSMT^MDC^^^^^^testLabelEnum|1.1.1.41|1076259847^NLS_DRV_ED711_ENUM_VV_SENSOR^MDC^^^^^^VolView||||||R|||20180622133129.224+0200|&#xD;&#xA;&#x9;&#x9;OBX|10|CWE|67305468^NOM_NEW^MDC^^^^^^sMode|1.1.1.41|1076259847^NLS_DRV_ED711_ENUM_VV_SENSOR^CAPSULE^^^^^^VolView||||||R|||20180622133129.224+0200|&#xD;&#xA;&#x9;&#x9;OBX|11|CWE|67305469^NOM_NEW^MDC^^^^^^sMode|1.1.1.41|1076297727^UNKNOWN^UNKNOWN^^^^^^VolView||||||R|||20180622133129.224+0200|&#xD;&#xA;&#x9;&#x9;OBX|12|ST|67293194^NOM_SETT_DRUG_NAME_TYPE^MDC|1.4.1.5|RandomDrug||||||R||&#xD;&#xA;&#x9;&#x9;OBX|13|NM|67305466^NOM_NEW^MDC^^^^^^testLabelNum|1.1.1.41|100|262656^MDC_DIM_DIMLESS^MDC|||||R|||20180622133129.224+0200|&#xD;&#xA;&#x9;&#x9;OBX|14|NM|67305465^NOM_NEW^UNKNOWN^^^^^^testLabelNum2|1.1.1.41|100|262656^MDC_DIM_DIMLESS^MDC|||||R|||20180622133129.224+0200|&#xD;&#xA;&#x9;&#x9;OBX|15|NM|67305464^NOM_NEW^MDC^^^^^^testLabelNum3|1.1.1.41|100|262656^MDC_DIM_DIMLESS^MDC|||||R|||20180622133129.224+0200|&#xD;&#xA;&#x9;&#x9;OBX|16|NM|67305463^NOM_NEW^MDC^^^^^^testLabelNum4|1.1.1.41|100|262656^MDC_DIM_DIMLESS^UNKNOWN|||||R|||20180622133129.224+0200|&#xD;&#xA;&#x9;&#x9;OBX|17|NM|67305462^NOM_NEW^MDC^^^^^^testLabelNum5|1.1.1.41|100.0|327679^MDC_DIM_DIMLESS^MDIL^^^^^^NewUnit|||||R|||20180622133129.224+0200|&#xD;&#xA;&#x9;&#x9;OBX|18|NM|67305461^NOM_NEW^MDC^^^^^^testLabelNum6|1.1.1.41|100.00|327679^MDC_DIM_DIMLESS^MDIL^^^^^^NewUnit|||||R||APERIODIC|20180622133129.224+0200|&#xD;&#xA;&#x9;&#x9;OBX|19|CE|67305460^NOM_NEW^MDC^^^^^^testLabelNum7|1.1.1.41|100.00|327679^MDC_DIM_DIMLESS^MDIL^^^^^^NewUnit|||||R|||20180622133129.224+0200|&#xD;&#xA;&#x9;&#x9;OBX|20|NM|NAN^NOM_NEW^MDC^^^^^^testLabelNum8|1.1.1.41|100.00|327679^MDC_DIM_DIMLESS^MDIL^^^^^^NewUnit|||||R|||20180622133129.224+0200|&#xD;&#xA;&#x9;&#x9;OBX|21|CWE|67305468^NOM_NEW^MDC^^^^^^sMode|1.1.1.41|NAN^NLS_DRV_ED711_ENUM_VV_SENSOR^CAPSULE^^^^^^VolView||||||R|||20180622133129.224+0200|&#xD;&#xA;&#x9;&#x9;OBX|22|CWE|67305459^NOM_NEW^MDC^^^^^^testLabelNum9|1.1.1.41|1076297727^NEW_PARAM^MDIL^^^^^^NewEnum||||||R|||20180622133129.224+0200|&#xD;&#xA;&#x9;&#x9;OBX|23|CWE|67305458^NOM_NEW^MDC^^^^^^testLabelNum10|1.1.1.41|NAN^NEW_PARAM^MDIL^^^^^^NewEnum2||||||R|||20180622133129.224+0200|&#xD;&#xA;&#x9;&#x9;OBX|24|CWE|67305458^NOM_NEW^MDC^^^^^^testLabelNum11|1.1.1.41|1076297727^NEW_PARAM^MDIL^^^^^^機器情報||||||R|||20180622133129.224+0200|,24,False,testLabelNum11,機器情報,0,,UpdPeriodic,True,,,False,) row 33"
                time="0.004498"/>
      <testcase classname="Philips.PMP.Test.Auto.IheMetricDataHandlerTest"
                name="IHEMetricDataHandlerTest (BDAIC,MSH|^~\&amp;|||||20201201141507.982-0500||ORU^R01^ORU_R01|HP1201141507.982PH2UA91414CR6|P|2.6|||AL|NE||8859/1|EN^English^ISO639||IHE_PCD_001^IHE PCD^1.3.6.1.4.1.19376.1.6.1.1.1^ISO&#xD;&#xA;&#x9;&#x9;PID|||&#34;^^^Philips^MR||&#34;^&#34;^&#34;^^^^L||&#34;|&#34;&#xD;&#xA;&#x9;&#x9;PV1||I|My Unit^^Be001&#xD;&#xA;&#x9;&#x9;OBR|||0009fbFFFF78373b^^^EUI-64|69965^MDC_DEV_MON_PHYSIO_MULTI_PARAM_MDS^MDC|||20201201141507.915-0500&#xD;&#xA;&#x9;&#x9;OBX|||69965^MDC_DEV_MON_PHYSIO_MULTI_PARAM_MDS^MDC|1.0.0.0|||||||X|||||||34f0c2ae-e930-4806-b7ed-b65e88cbeacb-IntelliVue MX800 - 865240&#xD;&#xA;&#x9;&#x9;OBX|||70002^MDC_DEV_SYS_PT_VENT_VMD^MDC|1.1.0.0|||||||X|||||||DE12507943&#xD;&#xA;&#x9;&#x9;OBX|||70003^MDC_DEV_SYS_PT_VENT_CHAN^MDC|1.1.1.0|||||||X&#xD;&#xA;&#x9;&#x9;OBX||NM|153316^MDC_RESP_TIME_CONSTANT_EXP^MDC|1.1.1.2|22|264320^MDC_DIM_SEC^MDC|&gt;10||||F &#xD;&#xA;&#x9;&#x9;OBX|18|NM|157916^MDC_TIME_PD_REMAIN^MDC|1.1.2.210|602|264352^MDC_DIM_MIN^MDC^min^min^UCUM|||||R&#xD;&#xA;&#x9;&#x9;OBX||NM|194585^NOM_BREATH_RAPID_SHALLOW_INDEX^MDC|1.1.1.3|80|262656^MDC_DIM_DIMLESS^MDC|2-12||||F&#xD;&#xA;&#x9;&#x9;OBX||CWE|0^MDC_DEV_PUMP_ACTIVE_SOURCES^MDC|1.1.1.18|^pump-source-info-primary^MDC||||||R&#xD;&#xA;&#x9;&#x9;OBX|8|NM|157924^MDC_RATE_DOSE^MDC|1.1.1.3|1.3|265266^MDC_DIM_MILLI_L_PER_HR^MDC^mL/h^mL/h^UCUM|&lt;14||||R&#xD;&#xA;&#x9;&#x9;OBX|9|NM|67266788^MDC_RATE_DOSE^MDC|1.1.1.4|2.3|265266^MDC_DIM_MILLI_L_PER_HR^MDC^mL/h^mL/h^UCUM|||||R&#xD;&#xA;&#x9;&#x9;OBX|10|NM|67305461^NOM_NEW^MDC^^^^^^testLabelNum6|1.1.1.41|100.00|265266^MDC_DIM_MILLI_L_PER_HR^MDC^mL/h^mL/h^UCUM|0-0||||R||APERIODIC||,11,True,,1.3,265266,,UpdPeriodic,True,,,False,) row 34"
                time="0.0015224"/>
      <testcase classname="Philips.PMP.Test.Auto.IheMetricDataHandlerTest"
                name="IHEMetricDataHandlerTest (BDAIC,MSH|^~\&amp;|||||20201201141507.982-0500||ORU^R01^ORU_R01|HP1201141507.982PH2UA91414CR6|P|2.6|||AL|NE||8859/1|EN^English^ISO639||IHE_PCD_001^IHE PCD^1.3.6.1.4.1.19376.1.6.1.1.1^ISO&#xD;&#xA;&#x9;&#x9;PID|||&#34;^^^Philips^MR||&#34;^&#34;^&#34;^^^^L||&#34;|&#34;&#xD;&#xA;&#x9;&#x9;PV1||I|My Unit^^Be001&#xD;&#xA;&#x9;&#x9;OBR|||0009fbFFFF78373b^^^EUI-64|69965^MDC_DEV_MON_PHYSIO_MULTI_PARAM_MDS^MDC|||20201201141507.915-0500&#xD;&#xA;&#x9;&#x9;OBX|||69965^MDC_DEV_MON_PHYSIO_MULTI_PARAM_MDS^MDC|1.0.0.0|||||||X|||||||34f0c2ae-e930-4806-b7ed-b65e88cbeacb-IntelliVue MX800 - 865240&#xD;&#xA;&#x9;&#x9;OBX|||70002^MDC_DEV_SYS_PT_VENT_VMD^MDC|1.1.0.0|||||||X|||||||DE12507943&#xD;&#xA;&#x9;&#x9;OBX|||70003^MDC_DEV_SYS_PT_VENT_CHAN^MDC|1.1.1.0|||||||X&#xD;&#xA;&#x9;&#x9;OBX||NM|153316^MDC_RESP_TIME_CONSTANT_EXP^MDC|1.1.1.2|22|264320^MDC_DIM_SEC^MDC|&gt;10||||F &#xD;&#xA;&#x9;&#x9;OBX|18|NM|157916^MDC_TIME_PD_REMAIN^MDC|1.1.2.210|602|264352^MDC_DIM_MIN^MDC^min^min^UCUM|||||R&#xD;&#xA;&#x9;&#x9;OBX||NM|194585^NOM_BREATH_RAPID_SHALLOW_INDEX^MDC|1.1.1.3|80|262656^MDC_DIM_DIMLESS^MDC|2-12||||F&#xD;&#xA;&#x9;&#x9;OBX||CWE|0^MDC_DEV_PUMP_ACTIVE_SOURCES^MDC|1.1.1.18|^pump-source-info-primary^MDC||||||R&#xD;&#xA;&#x9;&#x9;OBX|8|NM|157924^MDC_RATE_DOSE^MDC|1.1.1.3|1.3|265266^MDC_DIM_MILLI_L_PER_HR^MDC^mL/h^mL/h^UCUM|&lt;14||||R&#xD;&#xA;&#x9;&#x9;OBX|9|NM|67266788^MDC_RATE_DOSE^MDC|1.1.1.4|2.3|265266^MDC_DIM_MILLI_L_PER_HR^MDC^mL/h^mL/h^UCUM|||||R&#xD;&#xA;&#x9;&#x9;OBX|10|NM|67305461^NOM_NEW^MDC^^^^^^testLabelNum6|1.1.1.41|100.00|265266^MDC_DIM_MILLI_L_PER_HR^MDC^mL/h^mL/h^UCUM|0-0||||R||APERIODIC||,12,True,,2.3,265266,,UpdPeriodic,True,,,False,) row 35"
                time="0.0013225"/>
      <testcase classname="Philips.PMP.Test.Auto.IheMetricDataHandlerTest"
                name="IHEMetricDataHandlerTest (CapsuleMDIP,MSH|^~\&amp;|||||20201201141507.982-0500||ORU^R01^ORU_R01|HP1201141507.982PH2UA91414CR6|P|2.6|||AL|NE||8859/1|EN^English^ISO639||IHE_PCD_001^IHE PCD^1.3.6.1.4.1.19376.1.6.1.1.1^ISO&#xD;&#xA;&#x9;&#x9;PID|||&#34;^^^Philips^MR||&#34;^&#34;^&#34;^^^^L||&#34;|&#34;&#xD;&#xA;&#x9;&#x9;PV1||I|My Unit^^Be001&#xD;&#xA;&#x9;&#x9;OBR|||0009fbFFFF78373b^^^EUI-64|69965^MDC_DEV_MON_PHYSIO_MULTI_PARAM_MDS^MDC|||20201201141507.915-0500&#xD;&#xA;&#x9;&#x9;OBX|||69965^MDC_DEV_MON_PHYSIO_MULTI_PARAM_MDS^MDC|1.0.0.0|||||||X|||||||34f0c2ae-e930-4806-b7ed-b65e88cbeacb-IntelliVue MX800 - 865240&#xD;&#xA;&#x9;&#x9;OBX|||70002^MDC_DEV_SYS_PT_VENT_VMD^MDC|1.1.0.0|||||||X|||||||DE12507943&#xD;&#xA;&#x9;&#x9;OBX|||70003^MDC_DEV_SYS_PT_VENT_CHAN^MDC|1.1.1.0|||||||X&#xD;&#xA;&#x9;&#x9;OBX||NM|^MDC_RESP_TIME_CONSTANT_EXP^MDC|1.1.1.2|22|264320^MDC_DIM_SEC^MDC|||||F,7,True,,22,264320,,UpdPeriodic,False,,,False,) row 36"
                time="0.0004971"/>
      <testcase classname="Philips.PMP.Test.Auto.IheMetricDataHandlerTest"
                name="IHEMetricDataHandlerTest (BDAIC,MSH|^~\&amp;|||||20201201141507.982-0500||ORU^R01^ORU_R01|HP1201141507.982PH2UA91414CR6|P|2.6|||AL|NE||8859/1|EN^English^ISO639||IHE_PCD_001^IHE PCD^1.3.6.1.4.1.19376.1.6.1.1.1^ISO&#xD;&#xA;&#x9;&#x9;PID|||&#34;^^^Philips^MR||&#34;^&#34;^&#34;^^^^L||&#34;|&#34;&#xD;&#xA;&#x9;&#x9;PV1||I|My Unit^^Be001&#xD;&#xA;&#x9;&#x9;OBR|||0009fbFFFF78373b^^^EUI-64|69965^MDC_DEV_MON_PHYSIO_MULTI_PARAM_MDS^MDC|||20201201141507.915-0500&#xD;&#xA;&#x9;&#x9;OBX|||69965^MDC_DEV_MON_PHYSIO_MULTI_PARAM_MDS^MDC|1.0.0.0|||||||X|||||||34f0c2ae-e930-4806-b7ed-b65e88cbeacb-IntelliVue MX800 - 865240&#xD;&#xA;&#x9;&#x9;OBX|||70002^MDC_DEV_SYS_PT_VENT_VMD^MDC|1.1.0.0|||||||X|||||||DE12507943&#xD;&#xA;&#x9;&#x9;OBX|||70003^MDC_DEV_SYS_PT_VENT_CHAN^MDC|1.1.1.0|||||||X&#xD;&#xA;&#x9;&#x9;OBX||NM|153316^MDC_RESP_TIME_CONSTANT_EXP^MDC|1.1.1.2|22|264320^MDC_DIM_SEC^MDC|&gt;10||||F &#xD;&#xA;&#x9;&#x9;OBX|18|NM|157916^MDC_TIME_PD_REMAIN^MDC|1.1.2.210|602|264352^MDC_DIM_MIN^MDC^min^min^UCUM|||||R&#xD;&#xA;&#x9;&#x9;OBX||NM|194585^NOM_BREATH_RAPID_SHALLOW_INDEX^MDC|1.1.1.3|80|262656^MDC_DIM_DIMLESS^MDC|2-12||||F&#xD;&#xA;&#x9;&#x9;OBX||CWE|0^MDC_DEV_PUMP_ACTIVE_SOURCES^MDC|1.1.1.18|^pump-source-info-primary^MDC||||||R&#xD;&#xA;&#x9;&#x9;OBX|8|NM|157924^MDC_RATE_DOSE^MDC|1.1.1.3|1.3|265266^MDC_DIM_MILLI_L_PER_HR^MDC^mL/h^mL/h^UCUM|&lt;14||||R&#xD;&#xA;&#x9;&#x9;OBX|9|NM|67266788^MDC_RATE_DOSE^MDC|1.1.1.4|2.3|265266^MDC_DIM_MILLI_L_PER_HR^MDC^mL/h^mL/h^UCUM|||||R&#xD;&#xA;&#x9;&#x9;OBX|10|NM|67305461^NOM_NEW^MDC^^^^^^testLabelNum6|1.1.1.41|100.00|265266^MDC_DIM_MILLI_L_PER_HR^MDC^mL/h^mL/h^UCUM|0-0||||R||APERIODIC||,11,True,,1.3,265266,,UpdPeriodic,False,0,12,True,) row 37"
                time="0.0075027"/>
      <testcase classname="Philips.PMP.Test.Auto.IheMetricDataHandlerTest"
                name="IHEMetricDataHandlerTest (CapsuleMDIP,MSH|^~\&amp;|DATACAPTOR|Hospital1|||20220801043310.279-0400||ORU^R01^ORU_R01|HP0801043310.279PHMXL02238QJ420|P|2.6|||AL|NE||UNICODE UTF-8|EN^English^ISO639||IHE_PCD_001^IHE PCD^1.3.6.1.4.1.19376.1.6.1.1.1^ISO|&#xD;&#xA;&#x9;&#x9;PID|||PID3-EXAMPLE||Smith^John^^^^^L||19470331000000.000+0200|M|||||||ENGLISH|||PID18-EXAMPLE|&#xD;&#xA;&#x9;&#x9;PV1||I|My Unit^^Be001&#xD;&#xA;&#x9;&#x9;OBR|||0009fbFFFF07f06a^^^EUI-64|69669^MDC_DEV_ANALY_CARD_OUTPUT_MDS^MDC|||20220601093616.050-0400||||||||||||| |BaxterIFMout_5.3.5_EV1000_Baxter_XYZ456&#xD;&#xA;&#x9;&#x9;OBX|||69669^MDC_DEV_ANALY_CARD_OUTPUT_MDS^MDC|1.0.0.0|||||||X|||||||1dab297c-9f89-4f0d-949a-d6dd01f49307-Edwards EV1000|&#xD;&#xA;&#x9;&#x9;OBX|5||69670^NOM_DEV_ANALY_CARD_OUTPUT_VMD^MDC|1.1.0.0|||||||X|||||||&#xD;&#xA;&#x9;&#x9;OBX|6||69671^MDC_NOM_DEV_ANALY_CARD_OUTPUT_CHAN^MDC|1.1.1.0|||||||X|&#xD;&#xA;&#x9;&#x9;OBX||NM|188436^MDC_TEMP_BLD^MDC|1.1.1.1|1|268192^MDC_DIM_DEGC^MDC|0-12||||R|&#xD;&#xA;&#x9;&#x9;OBX||NM|150276^NOM_OUTPUT_CARD^MDIL^^^^^^C.O.|1.1.1.3|5|265216^MDC_DIM_X_L_PER_MIN^MDIL^^^^^^l/min|0-12||||R||APERIODIC|20180622133304.394+0200|||||&#xD;&#xA;&#x9;&#x9;OBX||CWE|0^MDC_DEV_PUMP_ACTIVE_SOURCES^MDC|1.1.1.4|^pump-source-info-primary^MDC||||||R||&#xD;&#xA;&#x9;&#x9;OBX||NM||1.1.1.5|^pump-source-info-primary^MDC||||||R||,8,True,,5,265216,,UpdEpisodic,False,,,False,20190622133304.394+0200) row 38"
                time="0.0006593"/>
      <testcase classname="Philips.PMP.Test.Auto.IheMetricDataHandlerTest"
                name="IHEMetricDataHandlerTest (CapsuleMDIP,MSH|^~\&amp;|DATACAPTOR|Hospital1|||20220801043310.279-0400||ORU^R01^ORU_R01|HP0801043310.279PHMXL02238QJ420|P|2.6|||AL|NE||UNICODE UTF-8|EN^English^ISO639||IHE_PCD_001^IHE PCD^1.3.6.1.4.1.19376.1.6.1.1.1^ISO|&#xD;&#xA;&#x9;&#x9;PID|||PID3-EXAMPLE||Smith^John^^^^^L||19470331000000.000+0200|M|||||||ENGLISH|||PID18-EXAMPLE|&#xD;&#xA;&#x9;&#x9;PV1||I|My Unit^^Be001&#xD;&#xA;&#x9;&#x9;OBR|||0009fbFFFF07f06a^^^EUI-64|69669^MDC_DEV_ANALY_CARD_OUTPUT_MDS^MDC|||20220601093616.050-0400||||||||||||| |BaxterIFMout_5.3.5_EV1000_Baxter_XYZ456&#xD;&#xA;&#x9;&#x9;OBX|||69669^MDC_DEV_ANALY_CARD_OUTPUT_MDS^MDC|1.0.0.0|||||||X|||||||1dab297c-9f89-4f0d-949a-d6dd01f49307-Edwards EV1000|&#xD;&#xA;&#x9;&#x9;OBX|5||69670^NOM_DEV_ANALY_CARD_OUTPUT_VMD^MDC|1.1.0.0|||||||X|||||||&#xD;&#xA;&#x9;&#x9;OBX|6||69671^MDC_NOM_DEV_ANALY_CARD_OUTPUT_CHAN^MDC|1.1.1.0|||||||X|&#xD;&#xA;&#x9;&#x9;OBX||NM|188436^MDC_TEMP_BLD^MDC|1.1.1.1|1|268192^MDC_DIM_DEGC^MDC|0-12||||R|&#xD;&#xA;&#x9;&#x9;OBX||NM|150276^NOM_OUTPUT_CARD^MDIL^^^^^^C.O.|1.1.1.3|5|265216^MDC_DIM_X_L_PER_MIN^MDIL^^^^^^l/min|0-12||||R||APERIODIC|20180622133304.394+0200|||||&#xD;&#xA;&#x9;&#x9;OBX||CWE|0^MDC_DEV_PUMP_ACTIVE_SOURCES^MDC|1.1.1.4|^pump-source-info-primary^MDC||||||R||&#xD;&#xA;&#x9;&#x9;OBX||NM||1.1.1.5|^pump-source-info-primary^MDC||||||R||,9,False,,pump-source-info-primary,0,,UpdEpisodic,False,,,False,) row 39"
                time="0.0004654"/>
      <testcase classname="Philips.PMP.Test.Auto.IheMetricDataHandlerTest"
                name="IHEMetricDataHandlerTest (CapsuleMDIP,MSH|^~\&amp;|||||20220720013516.038-0400||ORU^R01^ORU_R01|HP0720013516.038PHMXL02238QJ322|P|2.6|||AL|NE||8859/1|EN^English^ISO639||IHE_PCD_001^IHE PCD^1.3.6.1.4.1.19376.1.6.1.1.1^ISO|&#xD;&#xA;&#x9;&#x9;PID|1||&#34;^^^Philips^MR||&#34;^&#34;^&#34;^^^^L||20050415000000.000+0200|F|||||||FRENCH|||PID18|&#xD;&#xA;&#x9;&#x9;PV1|2|I|ICU1^^^Bed002|1|&#xD;&#xA;&#x9;&#x9;OBR|||0009fbFFFF07f06a^^^EUI-64|69669^MDC_DEV_ANALY_CARD_OUTPUT_MDS^MDC|||20220720013513.935-0400|||ABC-123|||ABC-123|||||||| BaxterIFMout_5.3.5_EV1000_Baxter_XYZ456&#xD;&#xA;&#x9;&#x9;OBX|4||69669^NOM_DEV_ANALY_CARD_OUTPUT_MDS^MDC|1.0.0.0|||||||X|||||||718cbcf4-c374-4c31-9041-6cbd3c46aeaf-Edwards EV1000&#xD;&#xA;&#x9;&#x9;OBX|5||69670^NOM_DEV_ANALY_CARD_OUTPUT_VMD^MDC|1.1.0.0|||||||X|||||||&#xD;&#xA;&#x9;&#x9;OBX|6||69671^MDC_NOM_DEV_ANALY_CARD_OUTPUT_CHAN^MDC|1.1.1.0|||||||X|&#xD;&#xA;&#x9;&#x9;OBX|7|NM|67305461^NOM_NEW^MDC^^^^^^testLabelNum6|1.1.1.41|100.00|327679^MDC_DIM_DIMLESS^MDIL^^^^^^NewUnit|||||R||APERIODIC|20190622133304.394+0200|,7,True,testLabelNum6,100.00,327679,NewUnit,UpdEpisodic,True,,,False,20190622133304.394+0200) row 40"
                time="0.000545"/>
      <testcase classname="Philips.PMP.Test.Auto.IheMetricDataHandlerTest"
                name="IHEMetricDataHandlerTest (BBraunDoselinkPlus,MSH|^~\&amp;|PAT_DEVICE_BBRAUN^0012211839000001^EUI-64|BBRAUN|DOC_AM_TEST|BB1|20220523142113+0000||ORU^R01^ORU_R01|63788912473382465025|P|2.6|||AL|NE||ASCII|en^English^ISO639||IHE_PCD_001^IHE PCD^1.3.6.1.4.1.19376.1.6.4.1^ISO&#xD;&#xA;&#x9;&#x9;PID|||Unknown Patient^Unknown Patient||^^^^^^U||||||||||||||||||||||||||Y&#xD;&#xA;&#x9;&#x9;OBR|1|029d53e1-daa3-11ec-8487-c0ee400d168f^PAT_DEVICE_BBRAUN^0012211839000001^EUI-64|029d53e1-daa3-11ec-8487-c0ee400d168f^PAT_DEVICE_BBRAUN^0012211839000001^EUI-64|Dobutamine^Dobutamine|||20220523142039+0000&#xD;&#xA;&#x9;&#x9;OBX|1||70053^MDC_DEV_PUMP_INFUS_SYRINGE_MDS^MDC|1.0.0.0|||||||X|||||||P2450^^0012210000000000^EUI-64&#xD;&#xA;&#x9;&#x9;OBX|2||70054^MDC_DEV_PUMP_INFUS_SYRINGE_VMD^MDC|1.1.0.0|||||||X&#xD;&#xA;&#x9;&#x9;OBX|8||70067^MDC_DEV_PUMP_DELIVERY_INFO^MDC|1.1.1.0|||||||X&#xD;&#xA;&#x9;&#x9;OBX|9|ST|0^MDC_ATTR_PUMP_PILLAR_DETAILS^MDC|1.1.0.24|0^0||||||F|||||||{uniqueId}&#xD;&#xA;&#x9;&#x9;OBX|9|CWE|184519^MDC_PUMP_INFUSING_STATUS^MDC|1.1.1.1|^pump-status-infusing||||||R&#xD;&#xA;&#x9;&#x9;OBX|10|NM|158014^MDC_FLOW_FLUID_PUMP_CURRENT^MDC|1.1.1.2|18|265266^MDC_DIM_MILLI_L_PER_HR^MDC^mL/h^mL/h^UCUM|||||R&#xD;&#xA;&#x9;&#x9;OBX|11|CWE|158016^MDC_DEV_PUMP_ACTIVE_SOURCES^MDC|1.1.1.3|^pump-source-info-primary||||||R&#xD;&#xA;&#x9;&#x9;OBX|12||70071^MDC_DEV_PUMP_INFUSATE_SOURCE_PRIMARY^MDC|1.1.2.0|||||||X&#xD;&#xA;&#x9;&#x9;OBX|13|ST|158012^MDC_DEV_PUMP_SOURCE_CHANNEL_LABEL^MDC|1.1.2.1|Primary||||||R&#xD;&#xA;&#x9;&#x9;OBX|14|ST|184514^MDC_DRUG_NAME_LABEL^MDC|1.1.2.2|Dobutamine||||||R&#xD;&#xA;&#x9;&#x9;OBX|15|ST|184516^MDC_PUMP_DRUG_LIBRARY_CARE_AREA^MDC|1.1.2.4|Global Surgery||||||R&#xD;&#xA;&#x9;&#x9;OBX|16|NM|157784^MDC_FLOW_FLUID_PUMP^MDC|1.1.2.5|18|265266^MDC_DIM_MILLI_L_PER_HR^MDC^mL/h^mL/h^UCUM|||||R&#xD;&#xA;&#x9;&#x9;OBX|17|NM|157760^MDC_CONC_DRUG^MDC|1.1.2.7|5|264306^MDC_DIM_MILLI_G_PER_ML^MDC^mg/mL^mg/mL^UCUM|||||R&#xD;&#xA;&#x9;&#x9;OBX|18|NM|157884^MDC_VOL_FLUID_TBI^MDC|1.1.2.8|2|263762^MDC_DIM_MILLI_L^MDC^mL^mL^UCUM|||||R&#xD;&#xA;&#x9;&#x9;OBX|19|NM|157872^MDC_VOL_FLUID_TBI_REMAIN^MDC|1.1.2.9|0.9|263762^MDC_DIM_MILLI_L^MDC^mL^mL^UCUM|||||R&#xD;&#xA;&#x9;&#x9;OBX|20|NM|157993^MDC_VOL_FLUID_DELIV_TOTAL^MDC|1.1.2.11|1.1|263762^MDC_DIM_MILLI_L^MDC^mL^mL^UCUM|||||R&#xD;&#xA;&#x9;&#x9;OBX|21|NM|157999^MDC_DOSE_DRUG_TBI^MDC|1.1.2.12|10000|263891^MDC_DIM_MICRO_G^MDC^ug^ug^UCUM|||||R&#xD;&#xA;&#x9;&#x9;OBX|22|NM|158000^MDC_DOSE_DRUG_TBI_REMAIN^MDC|1.1.2.13|4480|263891^MDC_DIM_MICRO_G^MDC^ug^ug^UCUM|||||R&#xD;&#xA;&#x9;&#x9;OBX|23|NM|158001^MDC_DOSE_DRUG_DELIV_TOTAL^MDC|1.1.2.15|5520|263891^MDC_DIM_MICRO_G^MDC^ug^ug^UCUM|||||R&#xD;&#xA;&#x9;&#x9;OBX|24|NM|157996^MDC_TIME_PD_PROG^MDC|1.1.2.16|400|264320^MDC_DIM_X_SEC^MDC^s^s^UCUM|||||R&#xD;&#xA;&#x9;&#x9;OBX|25|NM|157916^MDC_TIME_PD_REMAIN^MDC|1.1.2.17|179|264320^MDC_DIM_X_SEC^MDC^s^s^UCUM|||||R&#xD;&#xA;&#x9;&#x9;OBX|26|NM|68063^MDC_ATTR_PT_WEIGHT^MDC|1.1.2.18|100|263875^MDC_DIM_KILO_G^MDC^kg^kg^UCUM|||||R&#xD;&#xA;&#x9;&#x9;OBX|27|CWE|158008^MDC_DEV_PUMP_PROGRAM_DELIVERY_MODE^MDC|1.1.2.21|^pump-program-delivery-mode-continuous||||||R&#xD;&#xA;&#x9;&#x9;OBX|28|CWE|158005^MDC_DEV_PUMP_CURRENT_DELIVERY_STATUS^MDC|1.1.2.22|^pump-delivery-status-delivering||||||R&#xD;&#xA;&#x9;&#x9;OBX|29||70091^MDC_DEV_PUMP_SYRINGE_INFO^MDC|1.1.6.0|||||||X&#xD;&#xA;&#x9;&#x9;OBX|30|NM|157880^MDC_VOL_SYRINGE^MDC|1.1.6.1|50|263762^MDC_DIM_MILLI_L^MDC^mL^mL^UCUM|||||R&#xD;&#xA;&#x9;&#x9;OBX|31|NM|157984^MDC_VOL_SYRINGE_ACTUAL^MDC|1.1.6.2|30.95|263762^MDC_DIM_MILLI_L^MDC^mL^mL^UCUM|||||R&#xD;&#xA;&#x9;&#x9;OBX|32|ST|184488^MDC_SYRINGE_MANUFACTURER^MDC|1.1.6.3|B.Braun OPS 50 mL||||||R,8,True,,18,265266,,UpdPeriodic,True,,,False,) row 41"
                time="0.0037336"/>
      <testcase classname="Philips.PMP.Test.Auto.IheMetricDataHandlerTest"
                name="IHEMetricDataHandlerTest (BBraunDoselinkPlus,MSH|^~\&amp;|PAT_DEVICE_BBRAUN^0012211839000001^EUI-64|BBRAUN|DOC_AM_TEST|BB1|20220523142113+0000||ORU^R01^ORU_R01|63788912473382465025|P|2.6|||AL|NE||ASCII|en^English^ISO639||IHE_PCD_001^IHE PCD^1.3.6.1.4.1.19376.1.6.4.1^ISO&#xD;&#xA;&#x9;&#x9;PID|||Unknown Patient^Unknown Patient||^^^^^^U||||||||||||||||||||||||||Y&#xD;&#xA;&#x9;&#x9;OBR|1|029d53e1-daa3-11ec-8487-c0ee400d168f^PAT_DEVICE_BBRAUN^0012211839000001^EUI-64|029d53e1-daa3-11ec-8487-c0ee400d168f^PAT_DEVICE_BBRAUN^0012211839000001^EUI-64|Dobutamine^Dobutamine|||20220523142039+0000&#xD;&#xA;&#x9;&#x9;OBX|1||70053^MDC_DEV_PUMP_INFUS_SYRINGE_MDS^MDC|1.0.0.0|||||||X|||||||P2450^^0012210000000000^EUI-64&#xD;&#xA;&#x9;&#x9;OBX|2||70054^MDC_DEV_PUMP_INFUS_SYRINGE_VMD^MDC|1.1.0.0|||||||X&#xD;&#xA;&#x9;&#x9;OBX|8||70067^MDC_DEV_PUMP_DELIVERY_INFO^MDC|1.1.1.0|||||||X&#xD;&#xA;&#x9;&#x9;OBX|9|ST|0^MDC_ATTR_PUMP_PILLAR_DETAILS^MDC|1.1.0.24|0^0||||||F|||||||{uniqueId}&#xD;&#xA;&#x9;&#x9;OBX|9|CWE|184519^MDC_PUMP_INFUSING_STATUS^MDC|1.1.1.1|^pump-status-infusing||||||R&#xD;&#xA;&#x9;&#x9;OBX|10|NM|158014^MDC_FLOW_FLUID_PUMP_CURRENT^MDC|1.1.1.2|18|265266^MDC_DIM_MILLI_L_PER_HR^MDC^mL/h^mL/h^UCUM|||||R&#xD;&#xA;&#x9;&#x9;OBX|11|CWE|158016^MDC_DEV_PUMP_ACTIVE_SOURCES^MDC|1.1.1.3|^pump-source-info-primary||||||R&#xD;&#xA;&#x9;&#x9;OBX|12||70071^MDC_DEV_PUMP_INFUSATE_SOURCE_PRIMARY^MDC|1.1.2.0|||||||X&#xD;&#xA;&#x9;&#x9;OBX|13|ST|158012^MDC_DEV_PUMP_SOURCE_CHANNEL_LABEL^MDC|1.1.2.1|Primary||||||R&#xD;&#xA;&#x9;&#x9;OBX|14|ST|184514^MDC_DRUG_NAME_LABEL^MDC|1.1.2.2|Dobutamine||||||R&#xD;&#xA;&#x9;&#x9;OBX|15|ST|184516^MDC_PUMP_DRUG_LIBRARY_CARE_AREA^MDC|1.1.2.4|Global Surgery||||||R&#xD;&#xA;&#x9;&#x9;OBX|16|NM|157784^MDC_FLOW_FLUID_PUMP^MDC|1.1.2.5|18|265266^MDC_DIM_MILLI_L_PER_HR^MDC^mL/h^mL/h^UCUM|||||R&#xD;&#xA;&#x9;&#x9;OBX|17|NM|157760^MDC_CONC_DRUG^MDC|1.1.2.7|5|264306^MDC_DIM_MILLI_G_PER_ML^MDC^mg/mL^mg/mL^UCUM|||||R&#xD;&#xA;&#x9;&#x9;OBX|18|NM|157884^MDC_VOL_FLUID_TBI^MDC|1.1.2.8|2|263762^MDC_DIM_MILLI_L^MDC^mL^mL^UCUM|||||R&#xD;&#xA;&#x9;&#x9;OBX|19|NM|157872^MDC_VOL_FLUID_TBI_REMAIN^MDC|1.1.2.9|0.9|263762^MDC_DIM_MILLI_L^MDC^mL^mL^UCUM|||||R&#xD;&#xA;&#x9;&#x9;OBX|20|NM|157993^MDC_VOL_FLUID_DELIV_TOTAL^MDC|1.1.2.11|1.1|263762^MDC_DIM_MILLI_L^MDC^mL^mL^UCUM|||||R&#xD;&#xA;&#x9;&#x9;OBX|21|NM|157999^MDC_DOSE_DRUG_TBI^MDC|1.1.2.12|10000|263891^MDC_DIM_MICRO_G^MDC^ug^ug^UCUM|||||R&#xD;&#xA;&#x9;&#x9;OBX|22|NM|158000^MDC_DOSE_DRUG_TBI_REMAIN^MDC|1.1.2.13|4480|263891^MDC_DIM_MICRO_G^MDC^ug^ug^UCUM|||||R&#xD;&#xA;&#x9;&#x9;OBX|23|NM|158001^MDC_DOSE_DRUG_DELIV_TOTAL^MDC|1.1.2.15|5520|263891^MDC_DIM_MICRO_G^MDC^ug^ug^UCUM|||||R&#xD;&#xA;&#x9;&#x9;OBX|24|NM|157996^MDC_TIME_PD_PROG^MDC|1.1.2.16|400|264320^MDC_DIM_X_SEC^MDC^s^s^UCUM|||||R&#xD;&#xA;&#x9;&#x9;OBX|25|NM|157916^MDC_TIME_PD_REMAIN^MDC|1.1.2.17|179|264320^MDC_DIM_X_SEC^MDC^s^s^UCUM|||||R&#xD;&#xA;&#x9;&#x9;OBX|26|NM|68063^MDC_ATTR_PT_WEIGHT^MDC|1.1.2.18|100|263875^MDC_DIM_KILO_G^MDC^kg^kg^UCUM|||||R&#xD;&#xA;&#x9;&#x9;OBX|27|CWE|158008^MDC_DEV_PUMP_PROGRAM_DELIVERY_MODE^MDC|1.1.2.21|^pump-program-delivery-mode-continuous||||||R&#xD;&#xA;&#x9;&#x9;OBX|28|CWE|158005^MDC_DEV_PUMP_CURRENT_DELIVERY_STATUS^MDC|1.1.2.22|^pump-delivery-status-delivering||||||R&#xD;&#xA;&#x9;&#x9;OBX|29||70091^MDC_DEV_PUMP_SYRINGE_INFO^MDC|1.1.6.0|||||||X&#xD;&#xA;&#x9;&#x9;OBX|30|NM|157880^MDC_VOL_SYRINGE^MDC|1.1.6.1|50|263762^MDC_DIM_MILLI_L^MDC^mL^mL^UCUM|||||R&#xD;&#xA;&#x9;&#x9;OBX|31|NM|157984^MDC_VOL_SYRINGE_ACTUAL^MDC|1.1.6.2|30.95|263762^MDC_DIM_MILLI_L^MDC^mL^mL^UCUM|||||R&#xD;&#xA;&#x9;&#x9;OBX|32|ST|184488^MDC_SYRINGE_MANUFACTURER^MDC|1.1.6.3|B.Braun OPS 50 mL||||||R,9,False,,pump-source-info-primary,0,,UpdPeriodic,True,,,False,) row 42"
                time="0.0010291"/>
      <testcase classname="Philips.PMP.Test.Auto.IheMetricDataHandlerTest"
                name="IHEMetricDataHandlerTest (BBraunDoselinkPlus,MSH|^~\&amp;|PAT_DEVICE_BBRAUN^0012211839000001^EUI-64|BBRAUN|DOC_AM_TEST|BB1|20220523142113+0000||ORU^R01^ORU_R01|63788912473382465025|P|2.6|||AL|NE||ASCII|en^English^ISO639||IHE_PCD_001^IHE PCD^1.3.6.1.4.1.19376.1.6.4.1^ISO&#xD;&#xA;&#x9;&#x9;PID|||Unknown Patient^Unknown Patient||^^^^^^U||||||||||||||||||||||||||Y&#xD;&#xA;&#x9;&#x9;OBR|1|029d53e1-daa3-11ec-8487-c0ee400d168f^PAT_DEVICE_BBRAUN^0012211839000001^EUI-64|029d53e1-daa3-11ec-8487-c0ee400d168f^PAT_DEVICE_BBRAUN^0012211839000001^EUI-64|Dobutamine^Dobutamine|||20220523142039+0000&#xD;&#xA;&#x9;&#x9;OBX|1||70053^MDC_DEV_PUMP_INFUS_SYRINGE_MDS^MDC|1.0.0.0|||||||X|||||||P2450^^0012210000000000^EUI-64&#xD;&#xA;&#x9;&#x9;OBX|2||70054^MDC_DEV_PUMP_INFUS_SYRINGE_VMD^MDC|1.1.0.0|||||||X&#xD;&#xA;&#x9;&#x9;OBX|8||70067^MDC_DEV_PUMP_DELIVERY_INFO^MDC|1.1.1.0|||||||X&#xD;&#xA;&#x9;&#x9;OBX|9|ST|0^MDC_ATTR_PUMP_PILLAR_DETAILS^MDC|1.1.0.24|0^0||||||F|||||||{uniqueId}&#xD;&#xA;&#x9;&#x9;OBX|9|CWE|184519^MDC_PUMP_INFUSING_STATUS^MDC|1.1.1.1|^pump-status-infusing||||||R&#xD;&#xA;&#x9;&#x9;OBX|10|NM|158014^MDC_FLOW_FLUID_PUMP_CURRENT^MDC|1.1.1.2|18|265266^MDC_DIM_MILLI_L_PER_HR^MDC^mL/h^mL/h^UCUM|||||R&#xD;&#xA;&#x9;&#x9;OBX|11|CWE|158016^MDC_DEV_PUMP_ACTIVE_SOURCES^MDC|1.1.1.3|^pump-source-info-primary||||||R&#xD;&#xA;&#x9;&#x9;OBX|12||70071^MDC_DEV_PUMP_INFUSATE_SOURCE_PRIMARY^MDC|1.1.2.0|||||||X&#xD;&#xA;&#x9;&#x9;OBX|13|ST|158012^MDC_DEV_PUMP_SOURCE_CHANNEL_LABEL^MDC|1.1.2.1|Primary||||||R&#xD;&#xA;&#x9;&#x9;OBX|14|ST|184514^MDC_DRUG_NAME_LABEL^MDC|1.1.2.2|Dobutamine||||||R&#xD;&#xA;&#x9;&#x9;OBX|15|ST|184516^MDC_PUMP_DRUG_LIBRARY_CARE_AREA^MDC|1.1.2.4|Global Surgery||||||R&#xD;&#xA;&#x9;&#x9;OBX|16|NM|157784^MDC_FLOW_FLUID_PUMP^MDC|1.1.2.5|18|265266^MDC_DIM_MILLI_L_PER_HR^MDC^mL/h^mL/h^UCUM|||||R&#xD;&#xA;&#x9;&#x9;OBX|17|NM|157760^MDC_CONC_DRUG^MDC|1.1.2.7|5|264306^MDC_DIM_MILLI_G_PER_ML^MDC^mg/mL^mg/mL^UCUM|||||R&#xD;&#xA;&#x9;&#x9;OBX|18|NM|157884^MDC_VOL_FLUID_TBI^MDC|1.1.2.8|2|263762^MDC_DIM_MILLI_L^MDC^mL^mL^UCUM|||||R&#xD;&#xA;&#x9;&#x9;OBX|19|NM|157872^MDC_VOL_FLUID_TBI_REMAIN^MDC|1.1.2.9|0.9|263762^MDC_DIM_MILLI_L^MDC^mL^mL^UCUM|||||R&#xD;&#xA;&#x9;&#x9;OBX|20|NM|157993^MDC_VOL_FLUID_DELIV_TOTAL^MDC|1.1.2.11|1.1|263762^MDC_DIM_MILLI_L^MDC^mL^mL^UCUM|||||R&#xD;&#xA;&#x9;&#x9;OBX|21|NM|157999^MDC_DOSE_DRUG_TBI^MDC|1.1.2.12|10000|263891^MDC_DIM_MICRO_G^MDC^ug^ug^UCUM|||||R&#xD;&#xA;&#x9;&#x9;OBX|22|NM|158000^MDC_DOSE_DRUG_TBI_REMAIN^MDC|1.1.2.13|4480|263891^MDC_DIM_MICRO_G^MDC^ug^ug^UCUM|||||R&#xD;&#xA;&#x9;&#x9;OBX|23|NM|158001^MDC_DOSE_DRUG_DELIV_TOTAL^MDC|1.1.2.15|5520|263891^MDC_DIM_MICRO_G^MDC^ug^ug^UCUM|||||R&#xD;&#xA;&#x9;&#x9;OBX|24|NM|157996^MDC_TIME_PD_PROG^MDC|1.1.2.16|400|264320^MDC_DIM_X_SEC^MDC^s^s^UCUM|||||R&#xD;&#xA;&#x9;&#x9;OBX|25|NM|157916^MDC_TIME_PD_REMAIN^MDC|1.1.2.17|179|264320^MDC_DIM_X_SEC^MDC^s^s^UCUM|||||R&#xD;&#xA;&#x9;&#x9;OBX|26|NM|68063^MDC_ATTR_PT_WEIGHT^MDC|1.1.2.18|100|263875^MDC_DIM_KILO_G^MDC^kg^kg^UCUM|||||R&#xD;&#xA;&#x9;&#x9;OBX|27|CWE|158008^MDC_DEV_PUMP_PROGRAM_DELIVERY_MODE^MDC|1.1.2.21|^pump-program-delivery-mode-continuous||||||R&#xD;&#xA;&#x9;&#x9;OBX|28|CWE|158005^MDC_DEV_PUMP_CURRENT_DELIVERY_STATUS^MDC|1.1.2.22|^pump-delivery-status-delivering||||||R&#xD;&#xA;&#x9;&#x9;OBX|29||70091^MDC_DEV_PUMP_SYRINGE_INFO^MDC|1.1.6.0|||||||X&#xD;&#xA;&#x9;&#x9;OBX|30|NM|157880^MDC_VOL_SYRINGE^MDC|1.1.6.1|50|263762^MDC_DIM_MILLI_L^MDC^mL^mL^UCUM|||||R&#xD;&#xA;&#x9;&#x9;OBX|31|NM|157984^MDC_VOL_SYRINGE_ACTUAL^MDC|1.1.6.2|30.95|263762^MDC_DIM_MILLI_L^MDC^mL^mL^UCUM|||||R&#xD;&#xA;&#x9;&#x9;OBX|32|ST|184488^MDC_SYRINGE_MANUFACTURER^MDC|1.1.6.3|B.Braun OPS 50 mL||||||R,12,False,,Dobutamine,0,,UpdPeriodic,True,,,False,) row 43"
                time="0.000985"/>
      <testcase classname="Philips.PMP.Test.Auto.IheMetricDataHandlerTest"
                name="IHEMetricDataHandlerTest (BBraunDoselinkPlus,MSH|^~\&amp;|PAT_DEVICE_BBRAUN^0012211839000001^EUI-64|BBRAUN|DOC_AM_TEST|BB1|20220523142113+0000||ORU^R01^ORU_R01|63788912473382465025|P|2.6|||AL|NE||ASCII|en^English^ISO639||IHE_PCD_001^IHE PCD^1.3.6.1.4.1.19376.1.6.4.1^ISO&#xD;&#xA;&#x9;&#x9;PID|||Unknown Patient^Unknown Patient||^^^^^^U||||||||||||||||||||||||||Y&#xD;&#xA;&#x9;&#x9;OBR|1|029d53e1-daa3-11ec-8487-c0ee400d168f^PAT_DEVICE_BBRAUN^0012211839000001^EUI-64|029d53e1-daa3-11ec-8487-c0ee400d168f^PAT_DEVICE_BBRAUN^0012211839000001^EUI-64|Dobutamine^Dobutamine|||20220523142039+0000&#xD;&#xA;&#x9;&#x9;OBX|1||70053^MDC_DEV_PUMP_INFUS_SYRINGE_MDS^MDC|1.0.0.0|||||||X|||||||P2450^^0012210000000000^EUI-64&#xD;&#xA;&#x9;&#x9;OBX|2||70054^MDC_DEV_PUMP_INFUS_SYRINGE_VMD^MDC|1.1.0.0|||||||X&#xD;&#xA;&#x9;&#x9;OBX|8||70067^MDC_DEV_PUMP_DELIVERY_INFO^MDC|1.1.1.0|||||||X&#xD;&#xA;&#x9;&#x9;OBX|9|ST|0^MDC_ATTR_PUMP_PILLAR_DETAILS^MDC|1.1.0.24|0^0||||||F|||||||{uniqueId}&#xD;&#xA;&#x9;&#x9;OBX|9|CWE|184519^MDC_PUMP_INFUSING_STATUS^MDC|1.1.1.1|^pump-status-infusing||||||R&#xD;&#xA;&#x9;&#x9;OBX|10|NM|158014^MDC_FLOW_FLUID_PUMP_CURRENT^MDC|1.1.1.2|18|265266^MDC_DIM_MILLI_L_PER_HR^MDC^mL/h^mL/h^UCUM|||||R&#xD;&#xA;&#x9;&#x9;OBX|11|CWE|158016^MDC_DEV_PUMP_ACTIVE_SOURCES^MDC|1.1.1.3|^pump-source-info-primary||||||R&#xD;&#xA;&#x9;&#x9;OBX|12||70071^MDC_DEV_PUMP_INFUSATE_SOURCE_PRIMARY^MDC|1.1.2.0|||||||X&#xD;&#xA;&#x9;&#x9;OBX|13|ST|158012^MDC_DEV_PUMP_SOURCE_CHANNEL_LABEL^MDC|1.1.2.1|Primary||||||R&#xD;&#xA;&#x9;&#x9;OBX|14|ST|184514^MDC_DRUG_NAME_LABEL^MDC|1.1.2.2|Dobutamine||||||R&#xD;&#xA;&#x9;&#x9;OBX|15|ST|184516^MDC_PUMP_DRUG_LIBRARY_CARE_AREA^MDC|1.1.2.4|Global Surgery||||||R&#xD;&#xA;&#x9;&#x9;OBX|16|NM|157784^MDC_FLOW_FLUID_PUMP^MDC|1.1.2.5|18|265266^MDC_DIM_MILLI_L_PER_HR^MDC^mL/h^mL/h^UCUM|||||R&#xD;&#xA;&#x9;&#x9;OBX|17|NM|157760^MDC_CONC_DRUG^MDC|1.1.2.7|5|264306^MDC_DIM_MILLI_G_PER_ML^MDC^mg/mL^mg/mL^UCUM|||||R&#xD;&#xA;&#x9;&#x9;OBX|18|NM|157884^MDC_VOL_FLUID_TBI^MDC|1.1.2.8|2|263762^MDC_DIM_MILLI_L^MDC^mL^mL^UCUM|||||R&#xD;&#xA;&#x9;&#x9;OBX|19|NM|157872^MDC_VOL_FLUID_TBI_REMAIN^MDC|1.1.2.9|0.9|263762^MDC_DIM_MILLI_L^MDC^mL^mL^UCUM|||||R&#xD;&#xA;&#x9;&#x9;OBX|20|NM|157993^MDC_VOL_FLUID_DELIV_TOTAL^MDC|1.1.2.11|1.1|263762^MDC_DIM_MILLI_L^MDC^mL^mL^UCUM|||||R&#xD;&#xA;&#x9;&#x9;OBX|21|NM|157999^MDC_DOSE_DRUG_TBI^MDC|1.1.2.12|10000|263891^MDC_DIM_MICRO_G^MDC^ug^ug^UCUM|||||R&#xD;&#xA;&#x9;&#x9;OBX|22|NM|158000^MDC_DOSE_DRUG_TBI_REMAIN^MDC|1.1.2.13|4480|263891^MDC_DIM_MICRO_G^MDC^ug^ug^UCUM|||||R&#xD;&#xA;&#x9;&#x9;OBX|23|NM|158001^MDC_DOSE_DRUG_DELIV_TOTAL^MDC|1.1.2.15|5520|263891^MDC_DIM_MICRO_G^MDC^ug^ug^UCUM|||||R&#xD;&#xA;&#x9;&#x9;OBX|24|NM|157996^MDC_TIME_PD_PROG^MDC|1.1.2.16|400|264320^MDC_DIM_X_SEC^MDC^s^s^UCUM|||||R&#xD;&#xA;&#x9;&#x9;OBX|25|NM|157916^MDC_TIME_PD_REMAIN^MDC|1.1.2.17|179|264320^MDC_DIM_X_SEC^MDC^s^s^UCUM|||||R&#xD;&#xA;&#x9;&#x9;OBX|26|NM|68063^MDC_ATTR_PT_WEIGHT^MDC|1.1.2.18|100|263875^MDC_DIM_KILO_G^MDC^kg^kg^UCUM|||||R&#xD;&#xA;&#x9;&#x9;OBX|27|CWE|158008^MDC_DEV_PUMP_PROGRAM_DELIVERY_MODE^MDC|1.1.2.21|^pump-program-delivery-mode-continuous||||||R&#xD;&#xA;&#x9;&#x9;OBX|28|CWE|158005^MDC_DEV_PUMP_CURRENT_DELIVERY_STATUS^MDC|1.1.2.22|^pump-delivery-status-delivering||||||R&#xD;&#xA;&#x9;&#x9;OBX|29||70091^MDC_DEV_PUMP_SYRINGE_INFO^MDC|1.1.6.0|||||||X&#xD;&#xA;&#x9;&#x9;OBX|30|NM|157880^MDC_VOL_SYRINGE^MDC|1.1.6.1|50|263762^MDC_DIM_MILLI_L^MDC^mL^mL^UCUM|||||R&#xD;&#xA;&#x9;&#x9;OBX|31|NM|157984^MDC_VOL_SYRINGE_ACTUAL^MDC|1.1.6.2|30.95|263762^MDC_DIM_MILLI_L^MDC^mL^mL^UCUM|||||R&#xD;&#xA;&#x9;&#x9;OBX|32|ST|184488^MDC_SYRINGE_MANUFACTURER^MDC|1.1.6.3|B.Braun OPS 50 mL||||||R,12,False,,WrongValue,0,,UpdPeriodic,False,,,False,) row 44"
                time="0.0010603"/>
      <testcase classname="Philips.PMP.Test.Auto.IheMetricDataHandlerTest"
                name="IHEMetricDataHandlerTest (BBraunDoselinkPlus,MSH|^~\&amp;|PAT_DEVICE_BBRAUN^0012211839000001^EUI-64|BBRAUN|DOC_AM_TEST|BB1|20220523142113+0000||ORU^R01^ORU_R01|63788912473382465025|P|2.6|||AL|NE||ASCII|en^English^ISO639||IHE_PCD_001^IHE PCD^1.3.6.1.4.1.19376.1.6.4.1^ISO&#xD;&#xA;&#x9;&#x9;PID|||Unknown Patient^Unknown Patient||^^^^^^U||||||||||||||||||||||||||Y&#xD;&#xA;&#x9;&#x9;OBR|1|029d53e1-daa3-11ec-8487-c0ee400d168f^PAT_DEVICE_BBRAUN^0012211839000001^EUI-64|029d53e1-daa3-11ec-8487-c0ee400d168f^PAT_DEVICE_BBRAUN^0012211839000001^EUI-64|Dobutamine^Dobutamine|||20220523142039+0000&#xD;&#xA;&#x9;&#x9;OBX|1||70053^MDC_DEV_PUMP_INFUS_SYRINGE_MDS^MDC|1.0.0.0|||||||X|||||||P2450^^0012210000000000^EUI-64&#xD;&#xA;&#x9;&#x9;OBX|2||70054^MDC_DEV_PUMP_INFUS_SYRINGE_VMD^MDC|1.1.0.0|||||||X&#xD;&#xA;&#x9;&#x9;OBX|8||70067^MDC_DEV_PUMP_DELIVERY_INFO^MDC|1.1.1.0|||||||X&#xD;&#xA;&#x9;&#x9;OBX|9|ST|0^MDC_ATTR_PUMP_PILLAR_DETAILS^MDC|1.1.0.24|0^0||||||F|||||||{uniqueId}&#xD;&#xA;&#x9;&#x9;OBX|9|CWE|184519^MDC_PUMP_INFUSING_STATUS^MDC|1.1.1.1|^pump-status-infusing||||||R&#xD;&#xA;&#x9;&#x9;OBX|10|NM|158014^MDC_FLOW_FLUID_PUMP_CURRENT^MDC|1.1.1.2|18|265266^MDC_DIM_MILLI_L_PER_HR^MDC^mL/h^mL/h^UCUM|||||R&#xD;&#xA;&#x9;&#x9;OBX|11|CWE|158016^MDC_DEV_PUMP_ACTIVE_SOURCES^MDC|1.1.1.3|^pump-source-info-primary||||||R&#xD;&#xA;&#x9;&#x9;OBX|12||70071^MDC_DEV_PUMP_INFUSATE_SOURCE_PRIMARY^MDC|1.1.2.0|||||||X&#xD;&#xA;&#x9;&#x9;OBX|13|ST|158012^MDC_DEV_PUMP_SOURCE_CHANNEL_LABEL^MDC|1.1.2.1|Primary||||||R&#xD;&#xA;&#x9;&#x9;OBX|14|ST|184514^MDC_DRUG_NAME_LABEL^MDC|1.1.2.2|Dobutamine||||||R&#xD;&#xA;&#x9;&#x9;OBX|15|ST|184516^MDC_PUMP_DRUG_LIBRARY_CARE_AREA^MDC|1.1.2.4|Global Surgery||||||R&#xD;&#xA;&#x9;&#x9;OBX|16|NM|157784^MDC_FLOW_FLUID_PUMP^MDC|1.1.2.5|18|265266^MDC_DIM_MILLI_L_PER_HR^MDC^mL/h^mL/h^UCUM|||||R&#xD;&#xA;&#x9;&#x9;OBX|17|NM|157760^MDC_CONC_DRUG^MDC|1.1.2.7|5|264306^MDC_DIM_MILLI_G_PER_ML^MDC^mg/mL^mg/mL^UCUM|||||R&#xD;&#xA;&#x9;&#x9;OBX|18|NM|157884^MDC_VOL_FLUID_TBI^MDC|1.1.2.8|2|263762^MDC_DIM_MILLI_L^MDC^mL^mL^UCUM|||||R&#xD;&#xA;&#x9;&#x9;OBX|19|NM|157872^MDC_VOL_FLUID_TBI_REMAIN^MDC|1.1.2.9|0.9|263762^MDC_DIM_MILLI_L^MDC^mL^mL^UCUM|||||R&#xD;&#xA;&#x9;&#x9;OBX|20|NM|157993^MDC_VOL_FLUID_DELIV_TOTAL^MDC|1.1.2.11|1.1|263762^MDC_DIM_MILLI_L^MDC^mL^mL^UCUM|||||R&#xD;&#xA;&#x9;&#x9;OBX|21|NM|157999^MDC_DOSE_DRUG_TBI^MDC|1.1.2.12|10000|263891^MDC_DIM_MICRO_G^MDC^ug^ug^UCUM|||||R&#xD;&#xA;&#x9;&#x9;OBX|22|NM|158000^MDC_DOSE_DRUG_TBI_REMAIN^MDC|1.1.2.13|4480|263891^MDC_DIM_MICRO_G^MDC^ug^ug^UCUM|||||R&#xD;&#xA;&#x9;&#x9;OBX|23|NM|158001^MDC_DOSE_DRUG_DELIV_TOTAL^MDC|1.1.2.15|5520|263891^MDC_DIM_MICRO_G^MDC^ug^ug^UCUM|||||R&#xD;&#xA;&#x9;&#x9;OBX|24|NM|157996^MDC_TIME_PD_PROG^MDC|1.1.2.16|400|264320^MDC_DIM_X_SEC^MDC^s^s^UCUM|||||R&#xD;&#xA;&#x9;&#x9;OBX|25|NM|157916^MDC_TIME_PD_REMAIN^MDC|1.1.2.17|179|264320^MDC_DIM_X_SEC^MDC^s^s^UCUM|||||R&#xD;&#xA;&#x9;&#x9;OBX|26|NM|68063^MDC_ATTR_PT_WEIGHT^MDC|1.1.2.18|100|263875^MDC_DIM_KILO_G^MDC^kg^kg^UCUM|||||R&#xD;&#xA;&#x9;&#x9;OBX|27|CWE|158008^MDC_DEV_PUMP_PROGRAM_DELIVERY_MODE^MDC|1.1.2.21|^pump-program-delivery-mode-continuous||||||R&#xD;&#xA;&#x9;&#x9;OBX|28|CWE|158005^MDC_DEV_PUMP_CURRENT_DELIVERY_STATUS^MDC|1.1.2.22|^pump-delivery-status-delivering||||||R&#xD;&#xA;&#x9;&#x9;OBX|29||70091^MDC_DEV_PUMP_SYRINGE_INFO^MDC|1.1.6.0|||||||X&#xD;&#xA;&#x9;&#x9;OBX|30|NM|157880^MDC_VOL_SYRINGE^MDC|1.1.6.1|50|263762^MDC_DIM_MILLI_L^MDC^mL^mL^UCUM|||||R&#xD;&#xA;&#x9;&#x9;OBX|31|NM|157984^MDC_VOL_SYRINGE_ACTUAL^MDC|1.1.6.2|30.95|263762^MDC_DIM_MILLI_L^MDC^mL^mL^UCUM|||||R&#xD;&#xA;&#x9;&#x9;OBX|32|ST|184488^MDC_SYRINGE_MANUFACTURER^MDC|1.1.6.3|B.Braun OPS 50 mL||||||R,13,False,,Dobutamine,0,,UpdPeriodic,False,,,False,) row 45"
                time="0.0036618"/>
      <testcase classname="Philips.PMP.Test.Auto.IheMetricDataHandlerTest"
                name="IHEMetricDataHandlerTest (BBraunDoselinkPlus,MSH|^~\&amp;|PAT_DEVICE_BBRAUN^0012211839000001^EUI-64|BBRAUN|DOC_AM_TEST|BB1|20220523142113+0000||ORU^R01^ORU_R01|63788912473382465025|P|2.6|||AL|NE||ASCII|en^English^ISO639||IHE_PCD_001^IHE PCD^1.3.6.1.4.1.19376.1.6.4.1^ISO&#xD;&#xA;&#x9;&#x9;PID|||Unknown Patient^Unknown Patient||^^^^^^U||||||||||||||||||||||||||Y&#xD;&#xA;&#x9;&#x9;OBR|1|029d53e1-daa3-11ec-8487-c0ee400d168f^PAT_DEVICE_BBRAUN^0012211839000001^EUI-64|029d53e1-daa3-11ec-8487-c0ee400d168f^PAT_DEVICE_BBRAUN^0012211839000001^EUI-64|Dobutamine^Dobutamine|||20220523142039+0000&#xD;&#xA;&#x9;&#x9;OBX|1||70053^MDC_DEV_PUMP_INFUS_SYRINGE_MDS^MDC|1.0.0.0|||||||X|||||||P2450^^0012210000000000^EUI-64&#xD;&#xA;&#x9;&#x9;OBX|2||70054^MDC_DEV_PUMP_INFUS_SYRINGE_VMD^MDC|1.1.0.0|||||||X&#xD;&#xA;&#x9;&#x9;OBX|8||70067^MDC_DEV_PUMP_DELIVERY_INFO^MDC|1.1.1.0|||||||X&#xD;&#xA;&#x9;&#x9;OBX|9|ST|0^MDC_ATTR_PUMP_PILLAR_DETAILS^MDC|1.1.0.24|0^0||||||F|||||||{uniqueId}&#xD;&#xA;&#x9;&#x9;OBX|9|CWE|184519^MDC_PUMP_INFUSING_STATUS^MDC|1.1.1.1|^pump-status-infusing||||||R&#xD;&#xA;&#x9;&#x9;OBX|10|NM|158014^MDC_FLOW_FLUID_PUMP_CURRENT^MDC|1.1.1.2|18|265266^MDC_DIM_MILLI_L_PER_HR^MDC^mL/h^mL/h^UCUM|||||R&#xD;&#xA;&#x9;&#x9;OBX|11|CWE|158016^MDC_DEV_PUMP_ACTIVE_SOURCES^MDC|1.1.1.3|^pump-source-info-primary||||||R&#xD;&#xA;&#x9;&#x9;OBX|12||70071^MDC_DEV_PUMP_INFUSATE_SOURCE_PRIMARY^MDC|1.1.2.0|||||||X&#xD;&#xA;&#x9;&#x9;OBX|13|ST|158012^MDC_DEV_PUMP_SOURCE_CHANNEL_LABEL^MDC|1.1.2.1|Primary||||||R&#xD;&#xA;&#x9;&#x9;OBX|14|ST|184514^MDC_DRUG_NAME_LABEL^MDC|1.1.2.2|Dobutamine||||||R&#xD;&#xA;&#x9;&#x9;OBX|15|ST|184516^MDC_PUMP_DRUG_LIBRARY_CARE_AREA^MDC|1.1.2.4|Global Surgery||||||R&#xD;&#xA;&#x9;&#x9;OBX|16|NM|157784^MDC_FLOW_FLUID_PUMP^MDC|1.1.2.5|18|265266^MDC_DIM_MILLI_L_PER_HR^MDC^mL/h^mL/h^UCUM|||||R&#xD;&#xA;&#x9;&#x9;OBX|17|NM|157760^MDC_CONC_DRUG^MDC|1.1.2.7|5|264306^MDC_DIM_MILLI_G_PER_ML^MDC^mg/mL^mg/mL^UCUM|||||R&#xD;&#xA;&#x9;&#x9;OBX|18|NM|157884^MDC_VOL_FLUID_TBI^MDC|1.1.2.8|2|263762^MDC_DIM_MILLI_L^MDC^mL^mL^UCUM|||||R&#xD;&#xA;&#x9;&#x9;OBX|19|NM|157872^MDC_VOL_FLUID_TBI_REMAIN^MDC|1.1.2.9|0.9|263762^MDC_DIM_MILLI_L^MDC^mL^mL^UCUM|||||R&#xD;&#xA;&#x9;&#x9;OBX|20|NM|157993^MDC_VOL_FLUID_DELIV_TOTAL^MDC|1.1.2.11|1.1|263762^MDC_DIM_MILLI_L^MDC^mL^mL^UCUM|||||R&#xD;&#xA;&#x9;&#x9;OBX|21|NM|157999^MDC_DOSE_DRUG_TBI^MDC|1.1.2.12|10000|263891^MDC_DIM_MICRO_G^MDC^ug^ug^UCUM|||||R&#xD;&#xA;&#x9;&#x9;OBX|22|NM|158000^MDC_DOSE_DRUG_TBI_REMAIN^MDC|1.1.2.13|4480|263891^MDC_DIM_MICRO_G^MDC^ug^ug^UCUM|||||R&#xD;&#xA;&#x9;&#x9;OBX|23|NM|158001^MDC_DOSE_DRUG_DELIV_TOTAL^MDC|1.1.2.15|5520|263891^MDC_DIM_MICRO_G^MDC^ug^ug^UCUM|||||R&#xD;&#xA;&#x9;&#x9;OBX|24|NM|157996^MDC_TIME_PD_PROG^MDC|1.1.2.16|400|264320^MDC_DIM_X_SEC^MDC^s^s^UCUM|||||R&#xD;&#xA;&#x9;&#x9;OBX|25|NM|157916^MDC_TIME_PD_REMAIN^MDC|1.1.2.17|179|264320^MDC_DIM_X_SEC^MDC^s^s^UCUM|||||R&#xD;&#xA;&#x9;&#x9;OBX|26|NM|68063^MDC_ATTR_PT_WEIGHT^MDC|1.1.2.18|100|263875^MDC_DIM_KILO_G^MDC^kg^kg^UCUM|||||R&#xD;&#xA;&#x9;&#x9;OBX|27|CWE|158008^MDC_DEV_PUMP_PROGRAM_DELIVERY_MODE^MDC|1.1.2.21|^pump-program-delivery-mode-continuous||||||R&#xD;&#xA;&#x9;&#x9;OBX|28|CWE|158005^MDC_DEV_PUMP_CURRENT_DELIVERY_STATUS^MDC|1.1.2.22|^pump-delivery-status-delivering||||||R&#xD;&#xA;&#x9;&#x9;OBX|29||70091^MDC_DEV_PUMP_SYRINGE_INFO^MDC|1.1.6.0|||||||X&#xD;&#xA;&#x9;&#x9;OBX|30|NM|157880^MDC_VOL_SYRINGE^MDC|1.1.6.1|50|263762^MDC_DIM_MILLI_L^MDC^mL^mL^UCUM|||||R&#xD;&#xA;&#x9;&#x9;OBX|31|NM|157984^MDC_VOL_SYRINGE_ACTUAL^MDC|1.1.6.2|30.95|263762^MDC_DIM_MILLI_L^MDC^mL^mL^UCUM|||||R&#xD;&#xA;&#x9;&#x9;OBX|32|ST|184488^MDC_SYRINGE_MANUFACTURER^MDC|1.1.6.3|B.Braun OPS 50 mL||||||R,13,False,,Dobutamine,0,,UpdPeriodic,False,,,False,) row 46"
                time="0.0019339"/>
      <testcase classname="Philips.PMP.Test.Auto.IheMetricDataHandlerTest"
                name="IHEMetricDataHandlerTest (BBraunDoselinkPlus,MSH|^~\&amp;|PAT_DEVICE_BBRAUN^0012211839000001^EUI-64|BBRAUN|DOC_AM_TEST|BB1|20220523142410+0000||ORU^R42^ORU_R01|63788912650705286129|P|2.6|||AL|NE||ASCII|en^English^ISO639||IHE_PCD_010^IHE PCD^1.3.6.1.4.1.19376.1.6.4.10^ISO&#xD;&#xA;&#x9;&#x9;PID|||Unknown Patient^Unknown Patient||^^^^^^U||||||||||||||||||||||||||Y&#xD;&#xA;&#x9;&#x9;OBR|1|029d53e1-daa3-11ec-8487-c0ee400d168f^PAT_DEVICE_BBRAUN^0012211839000001^EUI-64|029d53e1-daa3-11ec-8487-c0ee400d168f^PAT_DEVICE_BBRAUN^0012211839000001^EUI-64|Dobutamine^Dobutamine|||20220523142339+0000&#xD;&#xA;&#x9;&#x9;OBX|1||70053^MDC_DEV_PUMP_INFUS_SYRINGE_MDS^MDC|1.0.0.0|||||||X|||||||P2449^^0012210000000000^EUI-64&#xD;&#xA;&#x9;&#x9;OBX|2||70054^MDC_DEV_PUMP_INFUS_SYRINGE_VMD^MDC|1.1.0.0|||||||X&#xD;&#xA;&#x9;&#x9;OBX|3|ST|184520^MDC_PUMP_DRUG_LIBRARY_NAME^MDC|1.1.0.1|druglib||||||R&#xD;&#xA;&#x9;&#x9;OBX|4|CWE|68487^MDC_ATTR_EVT_COND^MDC|1.1.0.3|197292^MDC_EVT_PUMP_DELIV_COMP^MDC|||||R&#xD;&#xA;&#x9;&#x9;OBX|5|ST|68488^MDC_ATTR_EVT_SOURCE^MDC|1.1.0.4|1.1.2.0||||||R&#xD;&#xA;&#x9;&#x9;OBX|6|ST|67880^MDC_ATTR_ID_MODEL^MDC|1.1.0.8|B Braun SpacePlus Perfusor||||||F&#xD;&#xA;&#x9;&#x9;OBX|7|ST|67972^MDC_ATTR_SYS_ID^MDC|1.1.0.9|ee794b2a-5e04-56b4-91e6-b4d637f1d894||||||F&#xD;&#xA;&#x9;&#x9;OBX|9|ST|0^MDC_ATTR_PUMP_PILLAR_DETAILS^MDC|1.1.0.24|0^0||||||F|||||||CA1~Rm1~Bed2~Fac1~~~Bldg1~Fl1^^0012210000000000^EUI-64&#xD;&#xA;&#x9;&#x9;OBX|8||70067^MDC_DEV_PUMP_DELIVERY_INFO^MDC|1.1.1.0|||||||X&#xD;&#xA;&#x9;&#x9;OBX|9|CWE|184519^MDC_PUMP_INFUSING_STATUS^MDC|1.1.1.1|^pump-status-not-infusing||||||R&#xD;&#xA;&#x9;&#x9;OBX|10|NM|158014^MDC_FLOW_FLUID_PUMP_CURRENT^MDC|1.1.1.2|0|265266^MDC_DIM_MILLI_L_PER_HR^MDC^mL/h^mL/h^UCUM|||||R&#xD;&#xA;&#x9;&#x9;OBX|11|CWE|158016^MDC_DEV_PUMP_ACTIVE_SOURCES^MDC|1.1.1.3|^pump-source-info-primary||||||R&#xD;&#xA;&#x9;&#x9;OBX|12||70071^MDC_DEV_PUMP_INFUSATE_SOURCE_PRIMARY^MDC|1.1.2.0|||||||X&#xD;&#xA;&#x9;&#x9;OBX|13|ST|158012^MDC_DEV_PUMP_SOURCE_CHANNEL_LABEL^MDC|1.1.2.1|Primary||||||R&#xD;&#xA;&#x9;&#x9;OBX|14|ST|184514^MDC_DRUG_NAME_LABEL^MDC|1.1.2.2|Dobutamine||||||R&#xD;&#xA;&#x9;&#x9;OBX|15|ST|184516^MDC_PUMP_DRUG_LIBRARY_CARE_AREA^MDC|1.1.2.4|Global Surgery||||||R&#xD;&#xA;&#x9;&#x9;OBX|16|NM|157784^MDC_FLOW_FLUID_PUMP^MDC|1.1.2.5|18|265266^MDC_DIM_MILLI_L_PER_HR^MDC^mL/h^mL/h^UCUM|||||R&#xD;&#xA;&#x9;&#x9;OBX|17|NM|157760^MDC_CONC_DRUG^MDC|1.1.2.7|5|264306^MDC_DIM_MILLI_G_PER_ML^MDC^mg/mL^mg/mL^UCUM|||||R&#xD;&#xA;&#x9;&#x9;OBX|18|NM|157884^MDC_VOL_FLUID_TBI^MDC|1.1.2.8|2|263762^MDC_DIM_MILLI_L^MDC^mL^mL^UCUM|||||R&#xD;&#xA;&#x9;&#x9;OBX|19|NM|157872^MDC_VOL_FLUID_TBI_REMAIN^MDC|1.1.2.9|0|263762^MDC_DIM_MILLI_L^MDC^mL^mL^UCUM|||||R&#xD;&#xA;&#x9;&#x9;OBX|20|NM|157992^MDC_VOL_FLUID_DELIV_SEGMENT^MDC|1.1.2.10|2|263762^MDC_DIM_MILLI_L^MDC^mL^mL^UCUM|||||R&#xD;&#xA;&#x9;&#x9;OBX|21|NM|157993^MDC_VOL_FLUID_DELIV_TOTAL^MDC|1.1.2.11|2|263762^MDC_DIM_MILLI_L^MDC^mL^mL^UCUM|||||R&#xD;&#xA;&#x9;&#x9;OBX|22|NM|157999^MDC_DOSE_DRUG_TBI^MDC|1.1.2.12|10000|263891^MDC_DIM_MICRO_G^MDC^ug^ug^UCUM|||||R&#xD;&#xA;&#x9;&#x9;OBX|23|NM|158000^MDC_DOSE_DRUG_TBI_REMAIN^MDC|1.1.2.13|0|263891^MDC_DIM_MICRO_G^MDC^ug^ug^UCUM|||||R&#xD;&#xA;&#x9;&#x9;OBX|24|NM|158003^MDC_DOSE_DRUG_DELIV_SEGMENT^MDC|1.1.2.14|10000|263891^MDC_DIM_MICRO_G^MDC^ug^ug^UCUM|||||R&#xD;&#xA;&#x9;&#x9;OBX|25|NM|158001^MDC_DOSE_DRUG_DELIV_TOTAL^MDC|1.1.2.15|10000|263891^MDC_DIM_MICRO_G^MDC^ug^ug^UCUM|||||R&#xD;&#xA;&#x9;&#x9;OBX|26|NM|157996^MDC_TIME_PD_PROG^MDC|1.1.2.16|400|264320^MDC_DIM_X_SEC^MDC^s^s^UCUM|||||R&#xD;&#xA;&#x9;&#x9;OBX|27|NM|157916^MDC_TIME_PD_REMAIN^MDC|1.1.2.17|0|264320^MDC_DIM_X_SEC^MDC^s^s^UCUM|||||R&#xD;&#xA;&#x9;&#x9;OBX|28|NM|68063^MDC_ATTR_PT_WEIGHT^MDC|1.1.2.18|100|263875^MDC_DIM_KILO_G^MDC^kg^kg^UCUM|||||R&#xD;&#xA;&#x9;&#x9;OBX|29|CWE|158008^MDC_DEV_PUMP_PROGRAM_DELIVERY_MODE^MDC|1.1.2.21|^pump-program-delivery-mode-continuous||||||R&#xD;&#xA;&#x9;&#x9;OBX|30|CWE|158005^MDC_DEV_PUMP_CURRENT_DELIVERY_STATUS^MDC|1.1.2.22|^pump-delivery-status-not-delivering||||||R&#xD;&#xA;&#x9;&#x9;OBX|31|CWE|158006^MDC_DEV_PUMP_NOT_DELIVERING_REASON^MDC|1.1.2.23|^pump-stopped-alarming||||||R&#xD;&#xA;&#x9;&#x9;OBX|32||70091^MDC_DEV_PUMP_SYRINGE_INFO^MDC|1.1.6.0|||||||X&#xD;&#xA;&#x9;&#x9;OBX|33|NM|157880^MDC_VOL_SYRINGE^MDC|1.1.6.1|50|263762^MDC_DIM_MILLI_L^MDC^mL^mL^UCUM|||||R&#xD;&#xA;&#x9;&#x9;OBX|34|NM|157984^MDC_VOL_SYRINGE_ACTUAL^MDC|1.1.6.2|30.05|263762^MDC_DIM_MILLI_L^MDC^mL^mL^UCUM|||||R&#xD;&#xA;&#x9;&#x9;OBX|35|ST|184488^MDC_SYRINGE_MANUFACTURER^MDC|1.1.6.3|B.Braun OPS 50 mL||||||R,24,True,,2,263762,,UpdPeriodic,True,,,False,) row 47"
                time="0.0040676"/>
      <testcase classname="Philips.PMP.Test.Auto.IheMetricDataHandlerTest"
                name="IHEMetricDataHandlerTest (BBraunDoselinkPlus,MSH|^~\&amp;|PAT_DEVICE_BBRAUN^0012211839000001^EUI-64|BBRAUN|DOC_AM_TEST|BB1|20220523142410+0000||ORU^R42^ORU_R01|63788912650705286129|P|2.6|||AL|NE||ASCII|en^English^ISO639||IHE_PCD_010^IHE PCD^1.3.6.1.4.1.19376.1.6.4.10^ISO&#xD;&#xA;&#x9;&#x9;PID|||Unknown Patient^Unknown Patient||^^^^^^U||||||||||||||||||||||||||Y&#xD;&#xA;&#x9;&#x9;OBR|1|029d53e1-daa3-11ec-8487-c0ee400d168f^PAT_DEVICE_BBRAUN^0012211839000001^EUI-64|029d53e1-daa3-11ec-8487-c0ee400d168f^PAT_DEVICE_BBRAUN^0012211839000001^EUI-64|Dobutamine^Dobutamine|||20220523142339+0000&#xD;&#xA;&#x9;&#x9;OBX|1||70053^MDC_DEV_PUMP_INFUS_SYRINGE_MDS^MDC|1.0.0.0|||||||X|||||||P2449^^0012210000000000^EUI-64&#xD;&#xA;&#x9;&#x9;OBX|2||70054^MDC_DEV_PUMP_INFUS_SYRINGE_VMD^MDC|1.1.0.0|||||||X&#xD;&#xA;&#x9;&#x9;OBX|3|ST|184520^MDC_PUMP_DRUG_LIBRARY_NAME^MDC|1.1.0.1|druglib||||||R&#xD;&#xA;&#x9;&#x9;OBX|4|CWE|68487^MDC_ATTR_EVT_COND^MDC|1.1.0.3|197292^MDC_EVT_PUMP_DELIV_COMP^MDC|||||R&#xD;&#xA;&#x9;&#x9;OBX|5|ST|68488^MDC_ATTR_EVT_SOURCE^MDC|1.1.0.4|1.1.2.0||||||R&#xD;&#xA;&#x9;&#x9;OBX|6|ST|67880^MDC_ATTR_ID_MODEL^MDC|1.1.0.8|B Braun SpacePlus Perfusor||||||F&#xD;&#xA;&#x9;&#x9;OBX|7|ST|67972^MDC_ATTR_SYS_ID^MDC|1.1.0.9|ee794b2a-5e04-56b4-91e6-b4d637f1d894||||||F&#xD;&#xA;&#x9;&#x9;OBX|9|ST|0^MDC_ATTR_PUMP_PILLAR_DETAILS^MDC|1.1.0.24|0^0||||||F|||||||CA1~Rm1~Bed2~Fac1~~~Bldg1~Fl1^^0012210000000000^EUI-64&#xD;&#xA;&#x9;&#x9;OBX|8||70067^MDC_DEV_PUMP_DELIVERY_INFO^MDC|1.1.1.0|||||||X&#xD;&#xA;&#x9;&#x9;OBX|9|CWE|184519^MDC_PUMP_INFUSING_STATUS^MDC|1.1.1.1|^pump-status-not-infusing||||||R&#xD;&#xA;&#x9;&#x9;OBX|10|NM|158014^MDC_FLOW_FLUID_PUMP_CURRENT^MDC|1.1.1.2|0|265266^MDC_DIM_MILLI_L_PER_HR^MDC^mL/h^mL/h^UCUM|||||R&#xD;&#xA;&#x9;&#x9;OBX|11|CWE|158016^MDC_DEV_PUMP_ACTIVE_SOURCES^MDC|1.1.1.3|^pump-source-info-primary||||||R&#xD;&#xA;&#x9;&#x9;OBX|12||70071^MDC_DEV_PUMP_INFUSATE_SOURCE_PRIMARY^MDC|1.1.2.0|||||||X&#xD;&#xA;&#x9;&#x9;OBX|13|ST|158012^MDC_DEV_PUMP_SOURCE_CHANNEL_LABEL^MDC|1.1.2.1|Primary||||||R&#xD;&#xA;&#x9;&#x9;OBX|14|ST|184514^MDC_DRUG_NAME_LABEL^MDC|1.1.2.2|Dobutamine||||||R&#xD;&#xA;&#x9;&#x9;OBX|15|ST|184516^MDC_PUMP_DRUG_LIBRARY_CARE_AREA^MDC|1.1.2.4|Global Surgery||||||R&#xD;&#xA;&#x9;&#x9;OBX|16|NM|157784^MDC_FLOW_FLUID_PUMP^MDC|1.1.2.5|18|265266^MDC_DIM_MILLI_L_PER_HR^MDC^mL/h^mL/h^UCUM|||||R&#xD;&#xA;&#x9;&#x9;OBX|17|NM|157760^MDC_CONC_DRUG^MDC|1.1.2.7|5|264306^MDC_DIM_MILLI_G_PER_ML^MDC^mg/mL^mg/mL^UCUM|||||R&#xD;&#xA;&#x9;&#x9;OBX|18|NM|157884^MDC_VOL_FLUID_TBI^MDC|1.1.2.8|2|263762^MDC_DIM_MILLI_L^MDC^mL^mL^UCUM|||||R&#xD;&#xA;&#x9;&#x9;OBX|19|NM|157872^MDC_VOL_FLUID_TBI_REMAIN^MDC|1.1.2.9|0|263762^MDC_DIM_MILLI_L^MDC^mL^mL^UCUM|||||R&#xD;&#xA;&#x9;&#x9;OBX|20|NM|157992^MDC_VOL_FLUID_DELIV_SEGMENT^MDC|1.1.2.10|2|263762^MDC_DIM_MILLI_L^MDC^mL^mL^UCUM|||||R&#xD;&#xA;&#x9;&#x9;OBX|21|NM|157993^MDC_VOL_FLUID_DELIV_TOTAL^MDC|1.1.2.11|2|263762^MDC_DIM_MILLI_L^MDC^mL^mL^UCUM|||||R&#xD;&#xA;&#x9;&#x9;OBX|22|NM|157999^MDC_DOSE_DRUG_TBI^MDC|1.1.2.12|10000|263891^MDC_DIM_MICRO_G^MDC^ug^ug^UCUM|||||R&#xD;&#xA;&#x9;&#x9;OBX|23|NM|158000^MDC_DOSE_DRUG_TBI_REMAIN^MDC|1.1.2.13|0|263891^MDC_DIM_MICRO_G^MDC^ug^ug^UCUM|||||R&#xD;&#xA;&#x9;&#x9;OBX|24|NM|158003^MDC_DOSE_DRUG_DELIV_SEGMENT^MDC|1.1.2.14|10000|263891^MDC_DIM_MICRO_G^MDC^ug^ug^UCUM|||||R&#xD;&#xA;&#x9;&#x9;OBX|25|NM|158001^MDC_DOSE_DRUG_DELIV_TOTAL^MDC|1.1.2.15|10000|263891^MDC_DIM_MICRO_G^MDC^ug^ug^UCUM|||||R&#xD;&#xA;&#x9;&#x9;OBX|26|NM|157996^MDC_TIME_PD_PROG^MDC|1.1.2.16|400|264320^MDC_DIM_X_SEC^MDC^s^s^UCUM|||||R&#xD;&#xA;&#x9;&#x9;OBX|27|NM|157916^MDC_TIME_PD_REMAIN^MDC|1.1.2.17|0|264320^MDC_DIM_X_SEC^MDC^s^s^UCUM|||||R&#xD;&#xA;&#x9;&#x9;OBX|28|NM|68063^MDC_ATTR_PT_WEIGHT^MDC|1.1.2.18|100|263875^MDC_DIM_KILO_G^MDC^kg^kg^UCUM|||||R&#xD;&#xA;&#x9;&#x9;OBX|29|CWE|158008^MDC_DEV_PUMP_PROGRAM_DELIVERY_MODE^MDC|1.1.2.21|^pump-program-delivery-mode-continuous||||||R&#xD;&#xA;&#x9;&#x9;OBX|30|CWE|158005^MDC_DEV_PUMP_CURRENT_DELIVERY_STATUS^MDC|1.1.2.22|^pump-delivery-status-not-delivering||||||R&#xD;&#xA;&#x9;&#x9;OBX|31|CWE|158006^MDC_DEV_PUMP_NOT_DELIVERING_REASON^MDC|1.1.2.23|^pump-stopped-alarming||||||R&#xD;&#xA;&#x9;&#x9;OBX|32||70091^MDC_DEV_PUMP_SYRINGE_INFO^MDC|1.1.6.0|||||||X&#xD;&#xA;&#x9;&#x9;OBX|33|NM|157880^MDC_VOL_SYRINGE^MDC|1.1.6.1|50|263762^MDC_DIM_MILLI_L^MDC^mL^mL^UCUM|||||R&#xD;&#xA;&#x9;&#x9;OBX|34|NM|157984^MDC_VOL_SYRINGE_ACTUAL^MDC|1.1.6.2|30.05|263762^MDC_DIM_MILLI_L^MDC^mL^mL^UCUM|||||R&#xD;&#xA;&#x9;&#x9;OBX|35|ST|184488^MDC_SYRINGE_MANUFACTURER^MDC|1.1.6.3|B.Braun OPS 50 mL||||||R,28,True,,10000,263891,,UpdPeriodic,True,,,False,) row 48"
                time="0.0069433"/>
      <testcase classname="Philips.PMP.Test.Auto.AlertGeneratorTest"
                name="AlertGeneratorNbpAlarmAudibleTest"
                time="0.526827"/>
      <testcase classname="Philips.PMP.Test.Auto.CiParserTest"
                name="CiParse (00000100000102160000000002100023000000000046e7000d170202001101fe0920000400030000098600040001114d09370008060806080001000bf136000420000000f27c001a0001800000010012f100000e0009fbb0b855ac1f0439fffff800f135002200450052002d004d0058003500300030000000000000000000000000000000000000f100000e0009fbb0b855ac1f0439fffff800f1010054000a0050000100035dc06000000200035dc0600000010005dea8600000020005dea86000000100015e290000000500015e29000000010004dea9000000050004dea90000000a00015dcc0000000a0004deaa0000f35e0010fe800000000000000209fbfffeb0b8550984000a00080009fbffffb0b8550928001400085068696c6970730000083836363036340000092d00700006006c00010008000c44453335313236313933000900020008000e383636303634000000000000000000030008000820412e30302e32320005007800083f3f3f3f3f3f3f3f00020058000e532d4d383030332d3134303241000004005800104d2e30332e3031202d20383500000000f12e00120001000e0002000a0001000600510000c0c1f45b004a000400460001000c00040006000668bdab1c1d800002000c0005000600064661302f32330005000a0006000653776974636800040014001000104661737445746865726e6574302f3233f3c900020000f39c00080800002300000008f15a000400000002,,,,,ER-MX500,ER-MX500,False,68bdab1c1d80 : Fa0/23 : Switch,68bdab1c1d80,Fa0/23,Switch) row 1"
                time="0.0267317"/>
      <testcase classname="Philips.PMP.Test.Auto.CiParserTest"
                name="CiParse (0000010000010216000000000210002300000000004427000d170202001101fe0920000400030000098600040001114d09370008060806080001000bf136000420000000f27c001a0001800000010012f100000e0009fbb0b855ac1f0439fffff800f135002200450052002d004d0058003500300030000000000000000000000000000000000000f100000e0009fbb0b855ac1f0439fffff800f1010054000a0050000100035dc06000000200035dc0600000010005dea8600000020005dea86000000100015e290000000500015e29000000010004dea9000000050004dea90000000a00015dcc0000000a0004deaa0000f35e0010fe800000000000000209fbfffeb0b8550984000a00080009fbffffb0b8550928001400085068696c6970730000083836363036340000092d00700006006c00010008000c44453335313236313933000900020008000e383636303634000000000000000000030008000820412e30302e32320005007800083f3f3f3f3f3f3f3f00020058000e532d4d383030332d3134303241000004005800104d2e30332e3031202d20383500000000f12e00120001000e0002000a0001000600510000c0c1f45b004a000400460001000c00040006000668bdab1c1d800002000c0005000600064661302f31390005000a0006000653776974636800040014001000104661737445746865726e6574302f3139f3c900020000f39c00080800002300000008f15a000400000002,,,,,ER-MX500,ER-MX500,False,68bdab1c1d80 : Fa0/19 : Switch,68bdab1c1d80,Fa0/19,Switch) row 2"
                time="0.0009325"/>
      <testcase classname="Philips.PMP.Test.Auto.TileLayoutPanelControlTest"
                name="TileLayoutPanelControlWillUpdateMessage"
                time="0.0114883"/>
      <testcase classname="Philips.PMP.Test.Auto.AlarmReflectionServiceTest"
                name="ShouldConnectToMasterHostSelectionTest (False,False,False) row 1"
                time="0.0027531"/>
      <testcase classname="Philips.PMP.Test.Auto.AlarmReflectionServiceTest"
                name="ShouldConnectToMasterHostSelectionTest (False,True,True) row 2"
                time="0.0009898"/>
      <testcase classname="Philips.PMP.Test.Auto.AlarmReflectionServiceTest"
                name="ShouldConnectToMasterHostSelectionTest (True,False,False) row 3"
                time="0.0008718"/>
      <testcase classname="Philips.PMP.Test.Auto.AlarmReflectionServiceTest"
                name="ShouldConnectToMasterHostSelectionTest (True,True,False) row 4"
                time="0.0008538"/>
      <testcase classname="Philips.PMP.Test.Auto.SvgIconRendererTest"
                name="RenderSpsSvgIcon"
                time="0.0019509"/>
      <testcase classname="Philips.PMP.Test.Auto.MeasControlsHelperTest"
                name="ChangeSelectionEntryTest"
                time="0.0101468"/>
      <testcase classname="Philips.PMP.Test.Auto.ProtocolWatchEngineWrapperTest"
                name="ProtocolWatchDeregisterEnumAtEngineStop"
                time="0.0070001"/>
      <testcase classname="Philips.PMP.Test.Auto.Hl7HelperTest"
                name="Hl7HelperGetChannelCodeTest (0,69967) row 1"
                time="0.0006003"/>
      <testcase classname="Philips.PMP.Test.Auto.Hl7HelperTest"
                name="Hl7HelperGetChannelCodeTest (DEV_PULS_CHAN,70675) row 2"
                time="0.0003866"/>
      <testcase classname="Philips.PMP.Test.Auto.ApmDataConverterTest"
                name="WatchedComponentReportTimeDeltaStatisticsHandleLookupFailures"
                time="0.0185339"/>
      <testcase classname="Philips.PMP.Test.Auto.ProtocolWatchEngineWrapperTest"
                name="ProtocolWatchRegisterEnumAtStartup"
                time="0.0287182"/>
      <testcase classname="Philips.PMP.Test.Auto.LogQueryTest"
                name="LogQueryRoundTripsStartAndEndTimes"
                time="0.0011147"/>
      <testcase classname="Philips.PMP.Test.Auto.BedTransferProcessorTest"
                name="BedTransferProcessorCanDetectNetworkFailure (True) row 1"
                time="0.1192577"/>
      <testcase classname="Philips.PMP.Test.Auto.BedTransferProcessorTest"
                name="BedTransferProcessorCanDetectNetworkFailure (False) row 2"
                time="0.004584"/>
      <testcase classname="Philips.iX.DataBridge.Common.Test.AcpmpNotificationServiceTest"
                name="AcpmpNotificationServiceStartStop"
                time="0.2290868"/>
      <testcase classname="Philips.PMP.Test.Auto.TileLayoutPanelControlTest"
                name="TileLayoutPanelControlWillRemoveMessageWhenDataArrives"
                time="0.0111631"/>
      <testcase classname="Philips.PMP.Test.Auto.PatientAssignmentHelperTest"
                name="GetBatteryStringTest"
                time="0.0015275"/>
      <testcase classname="Philips.IX.UserManagement.Test.ProveIdWebApiServerTest"
                name="TrySendMessageGeneralExceptionTest"
                time="0.0058298"/>
      <testcase classname="Philips.PMP.Test.Auto.PatientMgmtConfigurationTest"
                name="PatientMgmtDidFieldConfigurationChangeTest"
                time="0.0018811"/>
      <testcase classname="Philips.PMP.Test.Auto.TelemdilTrendUploadMgrTest"
                name="TelemdilPhysioUploadConnectionAfterDeviceDisassociationDoesntCrash"
                time="0.0077397"/>
      <testcase classname="Philips.PMP.Test.Auto.UserControlInstanceCreatorTest"
                name="UserControlInstanceCreatorConstructUserControl (Philips.PMP.Test.Auto.ReviewApplicationControl,UserControlEx) row 1"
                time="0.0056509"/>
      <testcase classname="Philips.PMP.Test.Auto.UserControlInstanceCreatorTest"
                name="UserControlInstanceCreatorConstructUserControl (Philips.PIC.Applications.ExternalApplicationControl,ExternalApplicationControl) row 2"
                time="0.0333545"/>
      <testcase classname="Philips.PMP.Test.Auto.UserControlInstanceCreatorTest"
                name="UserControlInstanceCreatorConstructUserControl (Philips.Platform.NetFramework.UserControlEx,UserControlEx) row 3"
                time="0.0038915"/>
      <testcase classname="Philips.PMP.Test.Auto.TimeWaveBaselineProviderTest"
                name="TimeWaveBaselineOneStOneQt"
                time="0.0340888"/>
      <testcase classname="Philips.PIC.DeviceUserManagement.Test.DeviceUserManagementConnectionTest"
                name="DeviceUserManagementConnectionStop"
                time="0.0176804"/>
      <testcase classname="Philips.PMP.Test.Auto.EfficiaWaveStreamReaderTest"
                name="WaveInterpolationCombinationsTest"
                time="0.0132496"/>
      <testcase classname="Philips.PMP.Test.Auto.Hl7IdGeneratorTest"
                name="Hl7MdsVmdIdGeneratorStartsMdsVmdAt1"
                time="0.0010678"/>
      <testcase classname="Philips.PMP.Test.Auto.PatientHandlerTest"
                name="PatientHandlerStop"
                time="0.0014324"/>
      <testcase classname="Philips.PMP.Test.Auto.MobileAcknowledgeAlarmMgrTest"
                name="AuditInformationAfterAckAlarmSuccessTest"
                time="0.0041313"/>
      <testcase classname="Philips.PMP.LicenseService.Test.UnitLicenseProcessorTest"
                name="AreAnyLicensedTest"
                time="0.0033771"/>
      <testcase classname="Philips.PMP.Test.Auto.PdsManagedGatewayTest"
                name="PdsManagedGatewayFlagsTest (0) row 1"
                time="0.001786"/>
      <testcase classname="Philips.PMP.Test.Auto.PdsManagedGatewayTest"
                name="PdsManagedGatewayFlagsTest (8192) row 2"
                time="0.0038956"/>
      <testcase classname="Philips.PMP.Test.Auto.PdsManagedGatewayTest"
                name="PdsManagedGatewayFlagsTest (8) row 3"
                time="0.0017315"/>
      <testcase classname="Philips.PMP.Test.Auto.PdsManagedGatewayTest"
                name="PdsManagedGatewayFlagsTest (8200) row 4"
                time="0.0003836"/>
      <testcase classname="Philips.PMP.Test.Auto.PatientFieldsHelperTest"
                name="PatientFieldsHelperGetPatientCareDoNotShowDisplayModes"
                time="0.0007715"/>
      <testcase classname="Philips.PIC.DataAcquisition.Test.MonitoringDeviceDaTest"
                name="MonitoringDeviceUnknownDeviceTest"
                time="0.0165732"/>
      <testcase classname="Philips.PMP.Test.Auto.RepositoryTest"
                name="RepositoryOnlyRetrievesSpotCheckDataWhenPatientChanges (True) row 1"
                time="0.0064554"/>
      <testcase classname="Philips.PMP.Test.Auto.RepositoryTest"
                name="RepositoryOnlyRetrievesSpotCheckDataWhenPatientChanges (False) row 2"
                time="0.004313"/>
      <testcase classname="Philips.PIC.WebBridge.Test.MobilePhysioDataRetrievalMgrTest"
                name="WillConvertMobilePhysioDataWithAlarmSortingTest"
                time="0.0455963"/>
      <testcase classname="Philips.PMP.Test.Auto.PhysioDataMgrTest"
                name="GetDefaultSpotCheckValidation"
                time="0.0108055"/>
      <testcase classname="Philips.PMP.Test.Auto.IntelliBridgeProviderTest"
                name="IHEDriverStoreSourceDeviceDuplicteRecordTest (False,Success) row 1"
                time="0.0068069"/>
      <testcase classname="Philips.PMP.Test.Auto.IntelliBridgeProviderTest"
                name="IHEDriverStoreSourceDeviceDuplicteRecordTest (True,DuplicateRecord) row 2"
                time="0.0120659"/>
      <testcase classname="Philips.PMP.Test.Auto.PhysioDataMgrTest"
                name="GetDisposedPhyioDataMgr"
                time="0.0039157"/>
      <testcase classname="Philips.PMP.Test.Auto.EventCatalogProviderTest"
                name="StoreEventCatalogWithCategoryAdd"
                time="0.4710767"/>
      <testcase classname="Philips.PMP.Test.Auto.IntelliBridgeLanConfigurationControlTest"
                name="IntelliBridgeLanConfigurationControlSaveTest (True,False,False,True,1,0) row 1"
                time="0.0939508"/>
      <testcase classname="Philips.PMP.Test.Auto.IntelliBridgeLanConfigurationControlTest"
                name="IntelliBridgeLanConfigurationControlSaveTest (True,True,False,False,0,1) row 2"
                time="0.0898402"/>
      <testcase classname="Philips.PMP.Test.Auto.IntelliBridgeLanConfigurationControlTest"
                name="IntelliBridgeLanConfigurationControlSaveTest (True,True,True,False,0,1) row 3"
                time="0.0933909"/>
      <testcase classname="Philips.PMP.Test.Auto.IntelliBridgeLanConfigurationControlTest"
                name="IntelliBridgeLanConfigurationControlSaveTest (False,False,False,False,1,0) row 4"
                time="0.09135"/>
      <testcase classname="Philips.PIC.SharedAssignment.Test.SharedAssignmentDeserializerTest"
                name="SharedAssignmentDeserializesSubscriptionResponse"
                time="0.0129804"/>
      <testcase classname="Philips.PMP.Test.Auto.AcknowledgeAlertsHelperTest"
                name="AcknowledgeAlertsHelperTryGetActionNamesForHighestPatientAlertAndHighestTechnicalAlertRed"
                time="0.0014006"/>
      <testcase classname="Philips.PMP.Test.Auto.UtilitiesServiceTest"
                name="UpdateMyMacAddressTest"
                time="0.4406392"/>
      <testcase classname="Philips.PMP.Test.Auto.StreamNotificationClientConnectionTest"
                name="StreamNotificationClientConnectionCorrectlyProvidesSubscriptions"
                time="0.0031987"/>
      <testcase classname="Philips.PMP.Test.Auto.CiServiceTest"
                name="UnsubscribeFromEventsTest (False,0) row 1"
                time="0.0013033"/>
      <testcase classname="Philips.PMP.Test.Auto.CiServiceTest"
                name="UnsubscribeFromEventsTest (True,1) row 2"
                time="0.00098"/>
      <testcase classname="Philips.PMP.Test.Auto.ClinicalAuditHelperTest"
                name="IsApplicationHostTest"
                time="0.0008223"/>
      <testcase classname="Philips.PMP.Test.Auto.ProfileProviderTest"
                name="GetUnassignedHosts"
                time="0.9539175"/>
      <testcase classname="Philips.PMP.Test.Auto.LoadBalancedDbEngineServiceTest"
                name="LoadBalancedDbEngineOpensAndClosesCorrectPort"
                time="0.0054118"/>
      <testcase classname="Philips.PMP.Test.Auto.EcgIpmFilterTest"
                name="EcgSignalFiltersPedEcgFilter20HzTest"
                time="0.0015632"/>
      <testcase classname="Philips.PMP.Test.Auto.LanDeviceAssignmentNotificationServiceTest"
                name="LanDeviceAssignmentNotificationServiceStartStop"
                time="0.7558984"/>
      <testcase classname="Philips.PMP.Test.Auto.SystemPerformanceTest"
                name="GetPerformanceAlertWeeks"
                time="0.2796668"/>
      <testcase classname="Philips.PMP.Test.Auto.ApplicationMgrTest"
                name="AllMeasurementsControlTest"
                time="0.4170935"/>
      <testcase classname="Philips.PMP.Test.Auto.ClinicalNotificationAutoAcknowledgerTest"
                name="NotificationsAutoAckOfAllNotificationsWithSpecifiedScore"
                time="0.0097643"/>
      <testcase classname="Philips.PMP.Test.Auto.UserManagementProviderTest"
                name="UserTest"
                time="0.2570433"/>
      <testcase classname="Philips.CareEvent.Test.TopologyAliasProviderTests"
                name="GetRoomBedAliasTest (rm1,,) row 1"
                time="0.0004485"/>
      <testcase classname="Philips.CareEvent.Test.TopologyAliasProviderTests"
                name="GetRoomBedAliasTest (,bd1,bd1) row 2"
                time="0.0003571"/>
      <testcase classname="Philips.CareEvent.Test.TopologyAliasProviderTests"
                name="GetRoomBedAliasTest (rm1,bd1,rm1-bd1) row 3"
                time="0.0003566"/>
      <testcase classname="Philips.PMP.Test.Auto.PhysioDataHelperTest"
                name="IsStandbyInfoEventTest"
                time="0.0009185"/>
      <testcase classname="Philips.PMP.Test.Auto.AlertMgrHelperTest"
                name="AlertMgrHelperReloadCachePeriodically"
                time="0.2452523"/>
      <testcase classname="Philips.PMP.Test.Auto.FeatureProviderTest"
                name="EnterpriseNumericOptionsAutoPopulate"
                time="0.0007997"/>
      <testcase classname="Philips.CareEvent.Test.EventMgrTest"
                name="SetEscalationPrefixTests (,First,False) row 1"
                time="0.0191295"/>
      <testcase classname="Philips.CareEvent.Test.EventMgrTest"
                name="SetEscalationPrefixTests (ESC1: ,Second,False) row 2"
                time="0.010689"/>
      <testcase classname="Philips.CareEvent.Test.EventMgrTest"
                name="SetEscalationPrefixTests (ESC2: ,Third,False) row 3"
                time="0.0073238"/>
      <testcase classname="Philips.CareEvent.Test.EventMgrTest"
                name="SetEscalationPrefixTests (ESC3: ,Third,True) row 4"
                time="0.0031292"/>
      <testcase classname="Philips.PMP.Test.Auto.EventNotificationValidatorTest"
                name="ValidateBedEnablementTypeWithProducts (AllBeds,Navicare Nurse Call (NNC),True,True) row 1"
                time="0.0017325"/>
      <testcase classname="Philips.PMP.Test.Auto.EventNotificationValidatorTest"
                name="ValidateBedEnablementTypeWithProducts (BedAssignment,Navicare Nurse Call (NNC),True,True) row 2"
                time="0.0013569"/>
      <testcase classname="Philips.PMP.Test.Auto.EventNotificationValidatorTest"
                name="ValidateBedEnablementTypeWithProducts (MonitoredBeds,Philips Patient Monitoring,True,True) row 3"
                time="0.0019421"/>
      <testcase classname="Philips.PMP.Test.Auto.EventNotificationValidatorTest"
                name="ValidateBedEnablementTypeWithProducts (MonitoredBeds,Philips Guardian,True,False) row 4"
                time="0.0015115"/>
      <testcase classname="Philips.PMP.Test.Auto.EventNotificationValidatorTest"
                name="ValidateBedEnablementTypeWithProducts (MonitoredBeds,Philips Guardian,False,True) row 5"
                time="0.0013103"/>
      <testcase classname="Philips.PMP.Test.Auto.EventNotificationValidatorTest"
                name="ValidateBedEnablementTypeWithProducts (MonitoredBeds,Navicare Nurse Call (NNC),False,True) row 6"
                time="0.0012891"/>
      <testcase classname="Philips.PMP.Test.Auto.EventNotificationValidatorTest"
                name="ValidateBedEnablementTypeWithProducts (MonitoredBeds,Navicare Nurse Call (NNC),True,False) row 7"
                time="0.001278"/>
      <testcase classname="Philips.PMP.Test.Auto.Hl7MessageBuilderTest"
                name="Hl7MessageNumberingShouldNotNumberPIDOrPV1SegmentsTest"
                time="0.1857202"/>
      <testcase classname="Philips.PMP.Test.Auto.RingtoneSyncMgrTest"
                name="RingtoneSyncMgrStartTest (True,False,1,1,0,1) row 1"
                time="0.409791"/>
      <testcase classname="Philips.PMP.Test.Auto.RingtoneSyncMgrTest"
                name="RingtoneSyncMgrStartTest (True,True,0,0,0,0) row 2"
                time="0.0094959"/>
      <testcase classname="Philips.PMP.Test.Auto.RingtoneSyncMgrTest"
                name="RingtoneSyncMgrStartTest (False,True,0,0,1,0) row 3"
                time="0.01334"/>
      <testcase classname="Philips.PMP.Test.Auto.AlertMgrTest"
                name="AlertMgrAlarmAuditStopMonitoringTest"
                time="0.004136"/>
      <testcase classname="Philips.PMP.Test.Auto.RepositoryNumericTest"
                name="AddingRawDataTest"
                time="0.0009752"/>
      <testcase classname="Philips.PMP.Test.Auto.PatientDataExportConnectionBedControlTest"
                name="PatientDataExportConnectionBedControlHasZoneConstructor"
                time="0.0262109"/>
      <testcase classname="Philips.PMP.Test.Auto.MedianCalculatorTest"
                name="RetrieveEmptyMedianTest (TwelveSeconds) row 1"
                time="0.0052457"/>
      <testcase classname="Philips.PMP.Test.Auto.MedianCalculatorTest"
                name="RetrieveEmptyMedianTest (SixtySeconds) row 2"
                time="0.0049468"/>
      <testcase classname="Philips.PMP.Test.Auto.MedianCalculatorTest"
                name="RetrieveEmptyMedianTest (ThreeHundredSeconds) row 3"
                time="0.0076258"/>
      <testcase classname="Philips.PMP.Test.Auto.SystemPerformanceTest"
                name="DeleteCategoryConfigA"
                time="0.750952"/>
      <testcase classname="Philips.PMP.Test.Auto.MobileEquipmentMgrTest"
                name="GetAvailableEquipments (Device1,False,False,False) row 1"
                time="0.0198945"/>
      <testcase classname="Philips.PMP.Test.Auto.MobileEquipmentMgrTest"
                name="GetAvailableEquipments (Device2,False,True,False) row 2"
                time="0.0221269"/>
      <testcase classname="Philips.PMP.Test.Auto.MobileEquipmentMgrTest"
                name="GetAvailableEquipments (Device3,True,False,False) row 3"
                time="0.0020029"/>
      <testcase classname="Philips.PMP.Test.Auto.MobileEquipmentMgrTest"
                name="GetAvailableEquipments (Device4,True,True,True) row 4"
                time="0.0145912"/>
      <testcase classname="Philips.PMP.Test.Auto.PatientProviderTest"
                name="ClearAllBedTest"
                time="0.4078977"/>
      <testcase classname="Philips.PIC.WebBridge.Test.PhysioDataRetrievalMgrTest"
                name="TryGetPhysioDataServiceTest"
                time="0.0820652"/>
      <testcase classname="Philips.PMP.Test.Auto.SpotCheckTrendConnectionTest"
                name="SpotCheckTrendConnectionStart (False,False,True,False,True) row 1"
                time="0.2670053"/>
      <testcase classname="Philips.PMP.Test.Auto.SpotCheckTrendConnectionTest"
                name="SpotCheckTrendConnectionStart (True,False,True,False,True) row 2"
                time="0.0126079"/>
      <testcase classname="Philips.PMP.Test.Auto.SpotCheckTrendConnectionTest"
                name="SpotCheckTrendConnectionStart (True,True,True,False,True) row 3"
                time="0.0134728"/>
      <testcase classname="Philips.PMP.Test.Auto.SpotCheckTrendConnectionTest"
                name="SpotCheckTrendConnectionStart (True,True,False,True,True) row 4"
                time="0.1935167"/>
      <testcase classname="Philips.PMP.Test.Auto.SpotCheckTrendConnectionTest"
                name="SpotCheckTrendConnectionStart (True,True,False,True,False) row 5"
                time="0.0120322"/>
      <testcase classname="Philips.PMP.Test.Auto.ProtocolWatchServiceMgrTest"
                name="ProtocolWatchServiceMgrRunningProtocolsTest"
                time="0.0024423"/>
      <testcase classname="Philips.CareEvent.Test.LocationRoleCareAssignmentControlTests"
                name="UpdatePendingAssignmentsShouldNotRemovePendingUnassignWhenNoCaregiverAvailableForNurseRole"
                time="0.0102599"/>
      <testcase classname="Philips.PMP.Test.Auto.DataTileHelperTest"
                name="UpdateWaveDisplaySettingListMinVisibleTest"
                time="0.0076426"/>
      <testcase classname="Philips.PMP.Test.Auto.LicenseTest"
                name="LicenseForEntity"
                time="0.0006354"/>
      <testcase classname="Philips.PMP.Test.Auto.PatientDataExportStorageTest"
                name="PdxPhysioDataStoreTest"
                time="0.7226828"/>
      <testcase classname="Philips.PMP.Test.Auto.WatchdogQualifierTest"
                name="QualifierIsCorrectableTest"
                time="0.0016793"/>
      <testcase classname="Philips.PMP.Test.Auto.UnitPermissionsControlHelperTest"
                name="UnitPermissionsControlHelperInitialize"
                time="0.0026366"/>
      <testcase classname="Philips.PMP.Test.Auto.CustomPerfCounterTest"
                name="CustomPerfCounterShortTest"
                time="0.0017395"/>
      <testcase classname="Philips.PIC.DeviceUserManagement.Test.DeviceUserManagementConnectionTest"
                name="DeviceUserManagementConnectionOnPatientUpdate"
                time="0.0041804"/>
      <testcase classname="Philips.PMP.Test.Auto.RepositoryEnumerationTest"
                name="RepositoryEventEnumerationCheckUsedTimeMappings"
                time="0.0040121"/>
      <testcase classname="Philips.PMP.Test.Auto.HostLicenseProcessorTest"
                name="LicenseMgrIsLicensedForPatientNoMonitoringHost"
                time="0.0023167"/>
      <testcase classname="Philips.PMP.Test.Auto.StitchTest"
                name="StitchTimeMappingList"
                time="0.0097703"/>
      <testcase classname="Philips.PMP.Test.Auto.TeleProfileHelperTest"
                name="GetMenuEntriesTest"
                time="1.3742096"/>
      <testcase classname="Philips.RootMain.Test.CertificateInstallMgrTest"
                name="CaCertificateInDbTest (True,0) row 1"
                time="0.0092088"/>
      <testcase classname="Philips.RootMain.Test.CertificateInstallMgrTest"
                name="CaCertificateInDbTest (False,1) row 2"
                time="0.0061905"/>
      <testcase classname="Philips.PMP.Test.Auto.PhysioDataDisplayHelperTest"
                name="PhysioDataDisplayHelperGetEnumerationValueTextIdFromString (enum_text_string_chosen,48059,2,179131) row 1"
                time="0.0013489"/>
      <testcase classname="Philips.PMP.Test.Auto.PhysioDataDisplayHelperTest"
                name="PhysioDataDisplayHelperGetEnumerationValueTextIdFromString (enum_text_string_val_chosen,65535,1026,67305471) row 2"
                time="0.0003962"/>
      <testcase classname="Philips.PMP.Test.Auto.PhysioDataDisplayHelperTest"
                name="PhysioDataDisplayHelperGetEnumerationValueTextIdFromString (enum_text_string_idx_chosen,1,32778,2148139009) row 3"
                time="0.0007316"/>
      <testcase classname="Philips.PMP.Test.Auto.SectorAssignmentControlTest"
                name="SectorAssignmentControlGetSectorAssignmentData"
                time="0.0348122"/>
      <testcase classname="Philips.PMP.Test.Auto.IheDeviceTest"
                name="ProcessPC01MessageInvalidMSH"
                time="0.0031365"/>
      <testcase classname="Philips.PMP.Test.Auto.EfficiaWaveStreamReaderTest"
                name="EfficiaWaveStreamReader125HzWith124samplesTest"
                time="0.00714"/>
      <testcase classname="Philips.PMP.Test.Auto.DtlsTest"
                name="DtlsConnectionTest"
                time="0.0223087"/>
      <testcase classname="Philips.PMP.Test.Auto.TimeServiceTest"
                name="ActiveDirectoryConfiguredVerifySucceeds (some.test.pri,some.test.pri) row 1"
                time="0.0064075"/>
      <testcase classname="Philips.PMP.Test.Auto.TimeServiceTest"
                name="ActiveDirectoryConfiguredVerifySucceeds (NetBIOS,some.test.pri) row 2"
                time="0.0021721"/>
      <testcase classname="Philips.PMP.Test.Auto.SpotCheckTrendConnectionTest"
                name="SpotCheckTrendOnPhysioDataReceivedTest"
                time="0.0982858"/>
      <testcase classname="Philips.PMP.Test.Auto.TelemdilTrendUploadMgrTest"
                name="PhysioDataTypeEnumMappingTest"
                time="0.0322279"/>
      <testcase classname="Philips.PMP.Test.Auto.IheDriverQualifierTest"
                name="IheDriverQualifierIsNotCorrectableTest"
                time="0.0011554"/>
      <testcase classname="Philips.PMP.Test.Auto.WaveProviderTest"
                name="WaveTestMonitorIds"
                time="0.0376465"/>
      <testcase classname="Philips.PIC.WebBridge.Test.MobilePhysioDataRetrievalMgrTest"
                name="PhysioDataRetrievalMgrTryGetPhysioDataTest"
                time="0.3097909"/>
      <testcase classname="Philips.PMP.Test.Auto.BedToBedOverviewWavePriorityProviderTest"
                name="CopyWavePriorityToDifferentUnit"
                time="0.0034569"/>
      <testcase classname="Philips.IX.UserManagement.Test.ProveIdWebApiServerTest"
                name="TrySendMessageCancelTest"
                time="0.0061433"/>
      <testcase classname="Philips.PMP.Test.Auto.RepositoryComplexMetricTest"
                name="RepositoryComplexMetricStandardSTAreNotDerived"
                time="0.0005737"/>
      <testcase classname="Philips.PMP.Test.Auto.MobileDataSubscriptionTest"
                name="MobileDataSubscriptionBridgeSubscriptionFillsSpecificsFirst"
                time="0.0105291"/>
      <testcase classname="Philips.PMP.Test.Auto.DxEcgTypeConverterTest"
                name="GetAlgorithmsCoversAllSupportedLanguages"
                time="0.0055725"/>
      <testcase classname="Philips.PMP.Test.Auto.MeasControlsHelperTest"
                name="NumericGetMenuEntriesUoMEntry (True) row 1"
                time="0.0219916"/>
      <testcase classname="Philips.PMP.Test.Auto.MeasControlsHelperTest"
                name="NumericGetMenuEntriesUoMEntry (False) row 2"
                time="0.0059289"/>
      <testcase classname="Philips.CareEvent.Test.CareTouchCommunicatorTests"
                name="EventMessagesChangePasswordRequestPass"
                time="0.0080243"/>
      <testcase classname="Philips.PMP.Test.Auto.EcgDeriverTest"
                name="RealTimeWaveEcgDeriverHandlesIntervalsNotOnChunksTest"
                time="0.0006106"/>
      <testcase classname="Philips.PMP.Test.Auto.Hl7PreviouslySentMessageValuesTest"
                name="Hl7PreviouslySentMessageValuesDetermineEC10DeviceIsHandledCorrectlyWhenConnected"
                time="0.0116468"/>
      <testcase classname="Philips.PMP.Test.Auto.WaveDataTest"
                name="WaveIntervalsOfDataTest"
                time="0.0051881"/>
      <testcase classname="Philips.PMP.Test.Auto.RfidInputMgrTest"
                name="RfidInputMgrInitializeRetry"
                time="0.04691"/>
      <testcase classname="Philips.PMP.Test.Auto.HL7ConnectionPropertyListViewControlTest"
                name="RefreshBedTreeViewTest"
                time="0.0688513"/>
      <testcase classname="Philips.PMP.LicenseService.Test.LicenseHostValidatorTest"
                name="LicenseValidatorValidatePhysioDeveloperStandalone32Surveillance"
                time="0.0056052"/>
      <testcase classname="Philips.PMP.Test.Auto.DemoNicQualifierTest"
                name="DemoNicQualifierIsCorrectable"
                time="0.3690178"/>
      <testcase classname="Philips.PMP.Test.Auto.InstitutionControlTest"
                name="InstitutionControlSaveFailIfAliasExists"
                time="0.0408504"/>
      <testcase classname="Philips.PMP.Test.Auto.MobileTopologyMgrTest"
                name="GetMobileTopology (0,0,0) row 1"
                time="0.0029121"/>
      <testcase classname="Philips.PMP.Test.Auto.MobileTopologyMgrTest"
                name="GetMobileTopology (1,0,0) row 2"
                time="0.0014381"/>
      <testcase classname="Philips.PMP.Test.Auto.MobileTopologyMgrTest"
                name="GetMobileTopology (1,1,0) row 3"
                time="0.0007674"/>
      <testcase classname="Philips.PMP.Test.Auto.MobileTopologyMgrTest"
                name="GetMobileTopology (1,1,1) row 4"
                time="0.0005124"/>
      <testcase classname="Philips.PMP.Test.Auto.PatientAssignmentHelperTest"
                name="GetDeviceCellStringTest"
                time="0.0011754"/>
      <testcase classname="Philips.PMP.Test.Auto.ScaleProviderTest"
                name="PatientParameterScalesChangeCategoryTest"
                time="0.6579413"/>
      <testcase classname="Philips.CareEvent.Test.OruFieldMappingProviderTests"
                name="StoreGetTest"
                time="0.0499481"/>
      <testcase classname="Philips.PMP.Test.Auto.Hl7MessageSenderTest"
                name="Hl7CallUptimeTrackerTest (True,1,0) row 1"
                time="0.0096722"/>
      <testcase classname="Philips.PMP.Test.Auto.Hl7MessageSenderTest"
                name="Hl7CallUptimeTrackerTest (False,1,1) row 2"
                time="0.0026847"/>
      <testcase classname="Philips.PIC.SharedAssignment.Test.SharedAssignmentDataConsistencyCheckerTests"
                name="ValidateOverviewRoleViolatedWithDbNoImplicitAssignmentRemoval"
                time="0.0087323"/>
      <testcase classname="Philips.PMP.Test.Auto.PatientDataExportFileTest"
                name="PdxCompressedFileHasExpectedName"
                time="0.0465319"/>
      <testcase classname="Philips.PMP.Test.Auto.EventLogsTest"
                name="SystemEventLogsAreRetrievable"
                time="0.0014634"/>
      <testcase classname="Philips.PMP.Test.Auto.HttpTransferServiceTest"
                name="HttpTransferServiceOnlyTransfersValidRequests (True,2) row 1"
                time="0.0798351"/>
      <testcase classname="Philips.PMP.Test.Auto.HttpTransferServiceTest"
                name="HttpTransferServiceOnlyTransfersValidRequests (False,0) row 2"
                time="0.0041977"/>
      <testcase classname="Philips.PMP.Test.Auto.UnitConversionHelperTest"
                name="ConversionTest (HECTO_PASCAL,KILO_PASCAL,0.1,5) row 1"
                time="0.0229159"/>
      <testcase classname="Philips.PMP.Test.Auto.UnitConversionHelperTest"
                name="ConversionTest (HECTO_PASCAL,MMHG,0.7501,4) row 2"
                time="0.0007893"/>
      <testcase classname="Philips.PMP.Test.Auto.UnitConversionHelperTest"
                name="ConversionTest (HECTO_PASCAL,CM_H2O,1.0197,4) row 3"
                time="0.0010396"/>
      <testcase classname="Philips.PMP.Test.Auto.UnitConversionHelperTest"
                name="ConversionTest (HECTO_PASCAL,MILLI_BAR,1,4) row 4"
                time="0.0006731"/>
      <testcase classname="Philips.PMP.Test.Auto.UnitConversionHelperTest"
                name="ConversionTest (KILO_PASCAL,HECTO_PASCAL,10,3) row 5"
                time="0.0006478"/>
      <testcase classname="Philips.PMP.Test.Auto.UnitConversionHelperTest"
                name="ConversionTest (KILO_PASCAL,MMHG,7.501,3) row 6"
                time="0.0006446"/>
      <testcase classname="Philips.PMP.Test.Auto.UnitConversionHelperTest"
                name="ConversionTest (KILO_PASCAL,CM_H2O,10.197,3) row 7"
                time="0.0007747"/>
      <testcase classname="Philips.PMP.Test.Auto.UnitConversionHelperTest"
                name="ConversionTest (KILO_PASCAL,MILLI_BAR,10,3) row 8"
                time="0.0007398"/>
      <testcase classname="Philips.PMP.Test.Auto.UnitConversionHelperTest"
                name="ConversionTest (MMHG,HECTO_PASCAL,1.3332,4) row 9"
                time="0.0007737"/>
      <testcase classname="Philips.PMP.Test.Auto.UnitConversionHelperTest"
                name="ConversionTest (MMHG,KILO_PASCAL,0.13332,5) row 10"
                time="0.0006476"/>
      <testcase classname="Philips.PMP.Test.Auto.UnitConversionHelperTest"
                name="ConversionTest (MMHG,CM_H2O,1.3595,4) row 11"
                time="0.0006754"/>
      <testcase classname="Philips.PMP.Test.Auto.UnitConversionHelperTest"
                name="ConversionTest (MMHG,MILLI_BAR,1.3332,4) row 12"
                time="0.001011"/>
      <testcase classname="Philips.PMP.Test.Auto.UnitConversionHelperTest"
                name="ConversionTest (MILLI_BAR,HECTO_PASCAL,1,4) row 13"
                time="0.0006521"/>
      <testcase classname="Philips.PMP.Test.Auto.UnitConversionHelperTest"
                name="ConversionTest (MILLI_BAR,KILO_PASCAL,0.1,5) row 14"
                time="0.0007372"/>
      <testcase classname="Philips.PMP.Test.Auto.UnitConversionHelperTest"
                name="ConversionTest (MILLI_BAR,MMHG,0.7501,4) row 15"
                time="0.0006713"/>
      <testcase classname="Philips.PMP.Test.Auto.UnitConversionHelperTest"
                name="ConversionTest (MILLI_BAR,CM_H2O,1.0197,4) row 16"
                time="0.0006797"/>
      <testcase classname="Philips.PMP.Test.Auto.UnitConversionHelperTest"
                name="ConversionTest (CM_H2O,HECTO_PASCAL,0.9807,4) row 17"
                time="0.0007869"/>
      <testcase classname="Philips.PMP.Test.Auto.UnitConversionHelperTest"
                name="ConversionTest (CM_H2O,KILO_PASCAL,0.09807,5) row 18"
                time="0.0013728"/>
      <testcase classname="Philips.PMP.Test.Auto.UnitConversionHelperTest"
                name="ConversionTest (CM_H2O,MMHG,0.7356,4) row 19"
                time="0.0021093"/>
      <testcase classname="Philips.PMP.Test.Auto.UnitConversionHelperTest"
                name="ConversionTest (CM_H2O,MILLI_BAR,0.9807,4) row 20"
                time="0.0013513"/>
      <testcase classname="Philips.PMP.Test.Auto.UnitConversionHelperTest"
                name="ConversionTest (FAHR,DEGC,-17.2222,4) row 21"
                time="0.0007866"/>
      <testcase classname="Philips.PMP.Test.Auto.UnitConversionHelperTest"
                name="ConversionTest (DEGC,FAHR,33.8,4) row 22"
                time="0.0007158"/>
      <testcase classname="Philips.PMP.Test.Auto.UnitConversionHelperTest"
                name="ConversionTest (MILLI_L,X_L,0.001,7) row 23"
                time="0.0010342"/>
      <testcase classname="Philips.PMP.Test.Auto.UnitConversionHelperTest"
                name="ConversionTest (X_L,MILLI_L,1000,1) row 24"
                time="0.0009489"/>
      <testcase classname="Philips.RootMain.Test.CertificateInstallMgrTest"
                name="CertificateInDb"
                time="0.009203"/>
      <testcase classname="Philips.IX.UserManagement.Test.UserAuthenticatorsTest"
                name="UserAuthenticatorLocalDirectoryPasswordFail2Test"
                time="0.0011543"/>
      <testcase classname="Philips.PMP.Test.Auto.NumericProviderTest"
                name="NumericProviderPeriodicDisassociation"
                time="2.3022142"/>
      <testcase classname="Philips.PIC.WebBridge.Test.ConnectionSubscriptionMgrTest"
                name="ConnectionSubscriptionMgrFactoryWillCreateMgr"
                time="0.0111444"/>
      <testcase classname="Philips.PMP.Test.Auto.ActiveDirectoryHelperTest"
                name="GetDomainFailTest"
                time="0.037392"/>
      <testcase classname="Philips.CareEvent.Test.MobileDeviceProviderTests"
                name="GetPhoneNumber (,) row 1"
                time="0.0328952"/>
      <testcase classname="Philips.CareEvent.Test.MobileDeviceProviderTests"
                name="GetPhoneNumber (,) row 2"
                time="0.0072857"/>
      <testcase classname="Philips.CareEvent.Test.MobileDeviceProviderTests"
                name="GetPhoneNumber (1111,) row 3"
                time="0.0188702"/>
      <testcase classname="Philips.CareEvent.Test.MobileDeviceProviderTests"
                name="GetPhoneNumber (1111,) row 4"
                time="0.0098423"/>
      <testcase classname="Philips.CareEvent.Test.MobileDeviceProviderTests"
                name="GetPhoneNumber (,1111) row 5"
                time="0.0150251"/>
      <testcase classname="Philips.CareEvent.Test.MobileDeviceProviderTests"
                name="GetPhoneNumber (,1111) row 6"
                time="0.00872"/>
      <testcase classname="Philips.CareEvent.Test.MobileDeviceProviderTests"
                name="GetPhoneNumber (2222,1111) row 7"
                time="0.006978"/>
      <testcase classname="Philips.PMP.Test.Auto.MorbalHelperTest"
                name="MorbalHelperTryGetDeviceService"
                time="0.1224813"/>
      <testcase classname="Philips.PMP.Test.Auto.StreamNotificationCallbackChannelMgrTest"
                name="StreamNotificationCallbackChannelMgrCanGetChannelTest (False,False,,0) row 1"
                time="0.0229464"/>
      <testcase classname="Philips.PMP.Test.Auto.StreamNotificationCallbackChannelMgrTest"
                name="StreamNotificationCallbackChannelMgrCanGetChannelTest (False,True,,0) row 2"
                time="0.0023569"/>
      <testcase classname="Philips.PMP.Test.Auto.StreamNotificationCallbackChannelMgrTest"
                name="StreamNotificationCallbackChannelMgrCanGetChannelTest (True,False,,1) row 3"
                time="0.0039038"/>
      <testcase classname="Philips.PMP.Test.Auto.StreamNotificationCallbackChannelMgrTest"
                name="StreamNotificationCallbackChannelMgrCanGetChannelTest (True,True,,0) row 4"
                time="0.0023171"/>
      <testcase classname="Philips.PMP.Test.Auto.StreamNotificationCallbackChannelMgrTest"
                name="StreamNotificationCallbackChannelMgrCanGetChannelTest (False,False,1,0) row 5"
                time="0.002118"/>
      <testcase classname="Philips.PMP.Test.Auto.StreamNotificationCallbackChannelMgrTest"
                name="StreamNotificationCallbackChannelMgrCanGetChannelTest (False,True,1,0) row 6"
                time="0.0021113"/>
      <testcase classname="Philips.PMP.Test.Auto.StreamNotificationCallbackChannelMgrTest"
                name="StreamNotificationCallbackChannelMgrCanGetChannelTest (True,False,1,1) row 7"
                time="0.0024576"/>
      <testcase classname="Philips.PMP.Test.Auto.StreamNotificationCallbackChannelMgrTest"
                name="StreamNotificationCallbackChannelMgrCanGetChannelTest (True,True,1,0) row 8"
                time="0.0021665"/>
      <testcase classname="Philips.PMP.Test.Auto.WatchedComponentTest"
                name="WatchedComponentInfoFunctionality"
                time="0.0041367"/>
      <testcase classname="Philips.PMP.Test.Auto.DataRelayServiceClientTest"
                name="DataRelayServiceClientWillNotSendNullMappingResults (True) row 1"
                time="0.0337833"/>
      <testcase classname="Philips.PMP.Test.Auto.DataRelayServiceClientTest"
                name="DataRelayServiceClientWillNotSendNullMappingResults (False) row 2"
                time="0.0089663"/>
      <testcase classname="Philips.PMP.Test.Auto.Ecg12LeadServiceTest"
                name="Ecg12LeadServiceSaveExportDataCannotFind12Lead"
                time="0.0035405"/>
      <testcase classname="Philips.CareEvent.Test.ProductProviderTests"
                name="RenamingCustomProductShouldRenameTopLevelCategory"
                time="0.110425"/>
      <testcase classname="Philips.PMP.Test.Auto.DemoNicQualifierTest"
                name="DemoNicQualifierVerifyByQualificationGroup (ApplicationValidation,Loopback) row 1"
                time="0.0016615"/>
      <testcase classname="Philips.PMP.Test.Auto.DemoNicQualifierTest"
                name="DemoNicQualifierVerifyByQualificationGroup (ApplicationValidation,Dhcp) row 2"
                time="0.0013829"/>
      <testcase classname="Philips.PMP.Test.Auto.DemoNicQualifierTest"
                name="DemoNicQualifierVerifyByQualificationGroup (HostQualification,Loopback) row 3"
                time="0.0013415"/>
      <testcase classname="Philips.PMP.Test.Auto.DemoNicQualifierTest"
                name="DemoNicQualifierVerifyByQualificationGroup (HostQualification,Dhcp) row 4"
                time="0.0013238"/>
      <testcase classname="Philips.PMP.Test.Auto.StripReviewTest"
                name="StripReviewIsValidGuidTest (True,dddddddddddddddddddddddddddddddd) row 1"
                time="0.0009481"/>
      <testcase classname="Philips.PMP.Test.Auto.StripReviewTest"
                name="StripReviewIsValidGuidTest (True,dddddddd-dddd-dddd-dddd-dddddddddddd) row 2"
                time="0.0003764"/>
      <testcase classname="Philips.PMP.Test.Auto.StripReviewTest"
                name="StripReviewIsValidGuidTest (True,12345678-90ab-cdef-1234-567890abcdef) row 3"
                time="0.0003034"/>
      <testcase classname="Philips.PMP.Test.Auto.StripReviewTest"
                name="StripReviewIsValidGuidTest (False,) row 4"
                time="0.000302"/>
      <testcase classname="Philips.PMP.Test.Auto.StripReviewTest"
                name="StripReviewIsValidGuidTest (False,a random string beyond the hex range) row 5"
                time="0.0003079"/>
      <testcase classname="Philips.PMP.Test.Auto.StripReviewTest"
                name="StripReviewIsValidGuidTest (False,&#34;&gt;&lt;script&gt;alert(1);&lt;/script&gt;&#34;) row 6"
                time="0.0002933"/>
      <testcase classname="Philips.PMP.Test.Auto.StripReviewTest"
                name="StripReviewIsValidGuidTest (False,ddddddddddddddddddddddddddddddd) row 7"
                time="0.0003005"/>
      <testcase classname="Philips.PMP.Test.Auto.StripReviewTest"
                name="StripReviewIsValidGuidTest (False,ddddddddddddddddddddddddddddddddd) row 8"
                time="0.0002778"/>
      <testcase classname="Philips.PMP.Test.Auto.StripReviewTest"
                name="StripReviewIsValidGuidTest (False,dddddddddddddddddddddddddddddddg) row 9"
                time="0.0003408"/>
      <testcase classname="Philips.PMP.LicenseService.Test.UnitLicenseValidatorTest"
                name="ValidateUnitLicenseWillValidateIfAssignedValueIsValidNumber (-1,False) row 1"
                time="0.0016151"/>
      <testcase classname="Philips.PMP.LicenseService.Test.UnitLicenseValidatorTest"
                name="ValidateUnitLicenseWillValidateIfAssignedValueIsValidNumber (0,True) row 2"
                time="0.0017354"/>
      <testcase classname="Philips.PMP.LicenseService.Test.UnitLicenseValidatorTest"
                name="ValidateUnitLicenseWillValidateIfAssignedValueIsValidNumber (10,True) row 3"
                time="0.0013119"/>
      <testcase classname="Philips.PMP.Test.Auto.PingReplyCaptureTest"
                name="PingReplyCaptureStartCaptureTest (False,False) row 1"
                time="0.1692228"/>
      <testcase classname="Philips.PMP.Test.Auto.PingReplyCaptureTest"
                name="PingReplyCaptureStartCaptureTest (False,True) row 2"
                time="0.0008742"/>
      <testcase classname="Philips.PMP.Test.Auto.PingReplyCaptureTest"
                name="PingReplyCaptureStartCaptureTest (True,False) row 3"
                time="0.0015427"/>
      <testcase classname="Philips.PMP.Test.Auto.PingReplyCaptureTest"
                name="PingReplyCaptureStartCaptureTest (True,True) row 4"
                time="0.0008639"/>
      <testcase classname="Philips.PMP.Test.Auto.Hl7OruEncoderTest"
                name="IheNumericAlertIsProperlyFormattedTest"
                time="0.0120584"/>
      <testcase classname="Philips.PMP.Test.Auto.IconTooltipTest"
                name="IconTooltipManagesEventSubscriptions (False,False) row 1"
                time="1.2506257"/>
      <testcase classname="Philips.PMP.Test.Auto.IconTooltipTest"
                name="IconTooltipManagesEventSubscriptions (False,True) row 2"
                time="0.0010652"/>
      <testcase classname="Philips.PMP.Test.Auto.IconTooltipTest"
                name="IconTooltipManagesEventSubscriptions (True,False) row 3"
                time="0.0018243"/>
      <testcase classname="Philips.PMP.Test.Auto.IconTooltipTest"
                name="IconTooltipManagesEventSubscriptions (True,True) row 4"
                time="0.0012034"/>
      <testcase classname="Philips.PMP.Test.Auto.EcgGainMgrTest"
                name="EcgGainMgrSetsWaveGain"
                time="0.0546563"/>
      <testcase classname="Philips.PMP.Test.Auto.EventLogsTest"
                name="DoNotCrashCopyingEventLogEntries"
                time="0.0006693"/>
      <testcase classname="Philips.PMP.Test.Auto.RepositoryTest"
                name="EnumerationRepositoryDoesNotAgeNullMetrics"
                time="0.1880892"/>
      <testcase classname="Philips.PMP.Test.Auto.DeviceControlProviderTest"
                name="MonitorControlsUnitSettingsTest"
                time="0.3098795"/>
      <testcase classname="Philips.PMP.Test.Auto.W32TimeServiceAdapterTest"
                name="TryGetTimeServiceStatusParsesStatusStringOnly"
                time="0.0009756"/>
      <testcase classname="Philips.PMP.Test.Auto.ComplexMetricProviderTest"
                name="ComplexMetricProviderOneNumericTwoQuanta"
                time="0.0461862"/>
      <testcase classname="Philips.PMP.Test.Auto.IheDriverQualifierTest"
                name="IheDriverQualifierHasCorrectDisplayNameTest"
                time="0.0135518"/>
      <testcase classname="Philips.PMP.Test.Auto.PatientProviderTest"
                name="AssignPhysioDatabaseTest"
                time="0.2876995"/>
      <testcase classname="Philips.PMP.Test.Auto.PatientProviderTest"
                name="DeleteMonitoringBedTest (True) row 1"
                time="0.0553324"/>
      <testcase classname="Philips.PMP.Test.Auto.PatientProviderTest"
                name="DeleteMonitoringBedTest (False) row 2"
                time="0.0356992"/>
      <testcase classname="Philips.PMP.Test.Auto.PatientMgrTest"
                name="PatientMgrSetAdmitStateTest (NotAdmitted,False,True) row 1"
                time="0.0026597"/>
      <testcase classname="Philips.PMP.Test.Auto.PatientMgrTest"
                name="PatientMgrSetAdmitStateTest (NotAdmitted,True,False) row 2"
                time="0.000461"/>
      <testcase classname="Philips.PMP.Test.Auto.PatientMgrTest"
                name="PatientMgrSetAdmitStateTest (Admitted,False,False) row 3"
                time="0.0009024"/>
      <testcase classname="Philips.PMP.Test.Auto.PatientMgrTest"
                name="PatientMgrSetAdmitStateTest (Admitted,True,False) row 4"
                time="0.0005337"/>
      <testcase classname="Philips.PMP.Test.Auto.NetworkScanTest"
                name="GetModifiedAPDevices"
                time="0.204122"/>
      <testcase classname="Philips.PMP.Test.Auto.DiscardAlarmCheckerTest"
                name="DiscardAlarmCheckerShouldAllowDiscardAlarm (True,False,False,False) row 1"
                time="0.0022576"/>
      <testcase classname="Philips.PMP.Test.Auto.DiscardAlarmCheckerTest"
                name="DiscardAlarmCheckerShouldAllowDiscardAlarm (False,False,False,False) row 2"
                time="0.0074187"/>
      <testcase classname="Philips.PMP.Test.Auto.DiscardAlarmCheckerTest"
                name="DiscardAlarmCheckerShouldAllowDiscardAlarm (False,True,False,False) row 3"
                time="0.0021144"/>
      <testcase classname="Philips.PMP.Test.Auto.DiscardAlarmCheckerTest"
                name="DiscardAlarmCheckerShouldAllowDiscardAlarm (False,True,True,True) row 4"
                time="0.002795"/>
      <testcase classname="Philips.PMP.Test.Auto.WaveStripProviderTest"
                name="WaveStripSettingTest"
                time="0.0314502"/>
      <testcase classname="Philips.PMP.Test.Auto.EventLogShutdownAnalyzerTest"
                name="DetectLastShutdownWasSystemInitiated"
                time="0.0036216"/>
      <testcase classname="Philips.PMP.Test.Auto.CiServiceHelperTest"
                name="CiConfigurationLabelEqualityTest"
                time="0.2876966"/>
      <testcase classname="Philips.PMP.Test.Auto.LinkedListTest"
                name="LinkedListRemoveNonexistentNode"
                time="0.0017422"/>
      <testcase classname="Philips.PMP.Test.Auto.W32TimeServiceAdapterTest"
                name="TryGetTimeServiceStatusParsesStatusStringMissingDirectory"
                time="0.0013561"/>
      <testcase classname="Philips.PMP.Test.Auto.PatientFieldsHelperTest"
                name="PatientFieldsHelperGetNotRequiredPatientIdTypes"
                time="0.0006404"/>
      <testcase classname="Philips.PMP.Test.Auto.DataRelayServiceClientTest"
                name="DataRelayServiceClientWillCallBridgeApi"
                time="0.0169433"/>
      <testcase classname="Philips.PMP.Test.Auto.SolutionSettingsTest"
                name="SolutionSettingsHostProjectsHaveManifest"
                time="0.3018807"/>
      <testcase classname="Philips.PMP.Test.Auto.DataTileHelperTest"
                name="DataTileHelperNormalizeBoundAreaTest"
                time="0.0060245"/>
      <testcase classname="Philips.PMP.Test.Auto.PatientHandlerTest"
                name="PatientHandlerUpdatePatient"
                time="0.0018219"/>
      <testcase classname="Philips.PMP.Test.Auto.Hl7ValidatedDataConnectionMgrTest"
                name="ConnectionMgrOnResponseReceivedTest (True,False,1,2,2,2,1,0) row 1"
                time="0.0117531"/>
      <testcase classname="Philips.PMP.Test.Auto.Hl7ValidatedDataConnectionMgrTest"
                name="ConnectionMgrOnResponseReceivedTest (False,False,1,2,2,2,1,0) row 2"
                time="0.0050995"/>
      <testcase classname="Philips.PMP.Test.Auto.Hl7ValidatedDataConnectionMgrTest"
                name="ConnectionMgrOnResponseReceivedTest (True,True,1,2,2,2,0,1) row 3"
                time="0.0094841"/>
      <testcase classname="Philips.PMP.Test.Auto.Hl7ValidatedDataConnectionMgrTest"
                name="ConnectionMgrOnResponseReceivedTest (False,True,1,2,2,2,0,1) row 4"
                time="0.0075184"/>
      <testcase classname="Philips.PMP.Test.Auto.MobileDeviceCommunicatorTest"
                name="ProcessIdentityRequestShouldPopulateTokenDetails"
                time="0.0277451"/>
      <testcase classname="Philips.PMP.Test.Auto.SpotCheckTrendConnectionTest"
                name="SpotCheckTrendConnectionOnPatientUpdate"
                time="0.0128058"/>
      <testcase classname="Philips.PMP.Test.Auto.BaxterPrismaxTest"
                name="BaxterPrismaxDriverGetDevicesTest"
                time="0.0414721"/>
      <testcase classname="Philips.PMP.Test.Auto.NlsCatalogServiceTest"
                name="NlsCatalogArbitrarySubstitutionsTest"
                time="0.0017525"/>
      <testcase classname="Philips.PIC.SharedAssignment.Test.SharedAssignmentDataConsistencyCheckerTests"
                name="BedRuleNoViolationFromInputDataForOtherUser"
                time="0.0015188"/>
      <testcase classname="Philips.PMP.Test.Auto.PatientDataExportFileTest"
                name="PdxWhenStartDateIsMissingExportPatientListOnly"
                time="0.0781807"/>
      <testcase classname="Philips.PMP.Test.Auto.MonitoringDeviceTimeMgrTest"
                name="MonitoringDeviceTimeMgrSyncsPdsTimeBasedOnMonitorConnectionState"
                time="0.1534192"/>
      <testcase classname="Philips.PMP.Test.Auto.EventLogShutdownAnalyzerTest"
                name="AnalyzerVerifiesLastShutdownTime (2022-06-30T19:14:49.5000000Z,2018-06-29T19:14:49.5000000Z) row 1"
                time="0.0044133"/>
      <testcase classname="Philips.PMP.Test.Auto.EventLogShutdownAnalyzerTest"
                name="AnalyzerVerifiesLastShutdownTime (2022-06-30T19:14:49.5000000Z,2022-06-29T19:14:49.5000000Z) row 2"
                time="0.0009282"/>
      <testcase classname="Philips.PMP.Test.Auto.EventLogShutdownAnalyzerTest"
                name="AnalyzerVerifiesLastShutdownTime (2022-06-28T19:14:49.5000000Z,2022-06-29T19:14:49.5000000Z) row 3"
                time="0.000862"/>
      <testcase classname="Philips.PMP.Test.Auto.EventLogShutdownAnalyzerTest"
                name="AnalyzerVerifiesLastShutdownTime (2022-06-30T19:14:49.5000000Z,) row 4"
                time="0.0008443"/>
      <testcase classname="Philips.PMP.Test.Auto.EventLogShutdownAnalyzerTest"
                name="AnalyzerVerifiesLastShutdownTime (,2022-06-29T19:14:49.5000000Z) row 5"
                time="0.0008419"/>
      <testcase classname="Philips.PMP.Test.Auto.EventLogShutdownAnalyzerTest"
                name="AnalyzerVerifiesLastShutdownTime (,) row 6"
                time="0.0008703"/>
      <testcase classname="Philips.PMP.Test.Auto.UserManagementProviderTest"
                name="UserManagementProviderRetrievesFactoryApplicationUsers"
                time="0.0049827"/>
      <testcase classname="Philips.PMP.Test.Auto.Hl7OutboundServiceMgrTest"
                name="GetHl7DestinationWithNoGateWayTest"
                time="0.2515969"/>
      <testcase classname="Philips.PMP.Test.Auto.EditSwitchSettingsFormTest"
                name="EditSwitchSettingsFormConstructor1Test"
                time="0.0698213"/>
      <testcase classname="Philips.PIC.CertificateRenewal.Test.PersonalCertificateRenewalServiceTest"
                name="CertificateRenewalHelperCanDetermineWhenTheScepHelperIsCapableOfRenewal (True) row 1"
                time="0.211266"/>
      <testcase classname="Philips.PIC.CertificateRenewal.Test.PersonalCertificateRenewalServiceTest"
                name="CertificateRenewalHelperCanDetermineWhenTheScepHelperIsCapableOfRenewal (False) row 2"
                time="0.1053682"/>
      <testcase classname="Philips.PIC.WebBridge.Test.BedsHubTest"
                name="BedsHubConnectTest"
                time="0.0919058"/>
      <testcase classname="Philips.CareEvent.Test.MessageRecipientMgrTest"
                name="GetStandardDeviceAndUsersToSendMessageShouldReturnOnlyConnectedAndOnlineUsersTest"
                time="0.0034731"/>
      <testcase classname="Philips.PMP.Test.Auto.TokenRenewalServiceTest"
                name="TryValidateAndCreateTokenReturnsFalseOnMissingTokenHeader"
                time="0.0011136"/>
      <testcase classname="Philips.PMP.Test.Auto.PatientPerDeviceHandlerTest"
                name="PatientPerDeviceHandlerUpdateDevices"
                time="0.0024729"/>
      <testcase classname="Philips.PMP.Test.Auto.CustomStripLabelsFormTest"
                name="CustomStripLabelsFormUpdateUi"
                time="0.3418566"/>
      <testcase classname="Philips.PMP.Test.Auto.AutoAdtConfigControlHelperTest"
                name="GetUpdatedAutoAdtUiSettingsTest (False,PullTransferConfirmationOnly) row 1"
                time="0.0159015"/>
      <testcase classname="Philips.PMP.Test.Auto.AutoAdtConfigControlHelperTest"
                name="GetUpdatedAutoAdtUiSettingsTest (True,PushTransferConfirmationOnly) row 2"
                time="0.0005542"/>
      <testcase classname="Philips.PMP.Test.Auto.FindPatientControllerTest"
                name="FindPatientControllerIsSearchCriteriaValid"
                time="0.0037786"/>
      <testcase classname="Philips.PMP.Test.Auto.Hl7OruEncoderTest"
                name="CustomSpsExistsInIheHl7Output"
                time="0.0049671"/>
      <testcase classname="Philips.PMP.Test.Auto.Hl7TcpConnectionTest"
                name="Hl7TcpConnectionClosed"
                time="0.1261119"/>
      <testcase classname="Philips.PMP.Test.Auto.SectorAlertStateTest"
                name="SectorAlertStateShouldShowQuickReview"
                time="0.0020048"/>
      <testcase classname="Philips.PMP.Test.Auto.AlarmViewHelperTest"
                name="GetWaveRendererWillFilterWaveDictionary"
                time="0.0546194"/>
      <testcase classname="Philips.PMP.Test.Auto.ScaleProviderTest"
                name="StMapLeadAnglesTest"
                time="0.0019612"/>
      <testcase classname="Philips.PMP.Test.Auto.EnterpriseProviderTest"
                name="UnitStoreUpdateDelete"
                time="0.3027722"/>
      <testcase classname="Philips.PMP.Test.Auto.PatientAssignmentControlValidatorTest"
                name="PatientAssignmentControlValidatorValidatePatientHeightNoParse (Centimeters) row 1"
                time="0.0039959"/>
      <testcase classname="Philips.PMP.Test.Auto.PatientAssignmentControlValidatorTest"
                name="PatientAssignmentControlValidatorValidatePatientHeightNoParse (Inches) row 2"
                time="0.0010552"/>
      <testcase classname="Philips.PMP.Test.Auto.EcgDeriverTest"
                name="HexadLicensesTest"
                time="0.010821"/>
      <testcase classname="Philips.CareEvent.Test.ServerConfigurationFormTest"
                name="ValidateHostnameLabel (Host Name) row 1"
                time="0.0087263"/>
      <testcase classname="Philips.PMP.Test.Auto.WaveProviderTest"
                name="WaveLabelTextIds2"
                time="0.0339819"/>
      <testcase classname="Philips.PMP.Test.Auto.PhysioDataStorageQueuesTest"
                name="QueuesDequeueEmptyQueueReturnsNull"
                time="0.0010685"/>
      <testcase classname="Philips.PMP.Test.Auto.Hl7OruEncoderTest"
                name="HL7ReceiverEnsureThatiXDoesntWaitForAcksTcpClient (ReporterClient) row 1"
                time="1.3462565"/>
      <testcase classname="Philips.PMP.Test.Auto.Hl7OruEncoderTest"
                name="HL7ReceiverEnsureThatiXDoesntWaitForAcksTcpClient (TrendClient) row 2"
                time="1.3526283"/>
      <testcase classname="Philips.CareEvent.Test.EventMonitorFilterTests"
                name="EventMonitorFilterOnRedSeverity"
                time="0.0247265"/>
      <testcase classname="Philips.PMP.Test.Auto.EnumerationProviderTest"
                name="EnumerationProviderBeatAnnotation"
                time="0.0291805"/>
      <testcase classname="Philips.PMP.Test.Auto.TimeMappingRepositoryTest"
                name="TimeMappingRepositoryDeviceTimeOffsetFromReferenceTime"
                time="0.0010427"/>
      <testcase classname="Philips.PMP.Test.Auto.AppUserMgrTest"
                name="UserLogoutTest"
                time="0.0067372"/>
      <testcase classname="Philips.PMP.Test.Auto.NumericProviderTest"
                name="NumericProviderPeriodicOneParameterTwoMonitorsSamePatient"
                time="0.2909077"/>
      <testcase classname="Philips.PMP.Test.Auto.ApmOsUpdateProcessorTest"
                name="ApmOsUpdateProcessorReportWsusOsUpdateInfoTest"
                time="0.0023007"/>
      <testcase classname="Philips.PMP.Test.Auto.FontsQualifierTest"
                name="FontsQualifierVerifyTest (False,True,True,True,True) row 1"
                time="0.0708475"/>
      <testcase classname="Philips.PMP.Test.Auto.FontsQualifierTest"
                name="FontsQualifierVerifyTest (True,False,True,True,True) row 2"
                time="0.0021968"/>
      <testcase classname="Philips.PMP.Test.Auto.FontsQualifierTest"
                name="FontsQualifierVerifyTest (True,True,False,True,True) row 3"
                time="0.0019581"/>
      <testcase classname="Philips.PMP.Test.Auto.FontsQualifierTest"
                name="FontsQualifierVerifyTest (True,True,True,False,True) row 4"
                time="0.0019525"/>
      <testcase classname="Philips.PMP.Test.Auto.FontsQualifierTest"
                name="FontsQualifierVerifyTest (True,True,True,True,False) row 5"
                time="0.0018748"/>
      <testcase classname="Philips.PMP.Test.Auto.FontsQualifierTest"
                name="FontsQualifierVerifyTest (True,True,True,True,True) row 6"
                time="0.0024431"/>
      <testcase classname="Philips.PMP.Test.Auto.MyHostPerPatientHandlerTest"
                name="MyHostPerPatientHandlerIdentityChange"
                time="0.0501343"/>
      <testcase classname="Philips.PMP.Test.Auto.AlertSoundInfoGetterTest"
                name="GetIecTonesByAlertShouldNotReturnSoundIfSoundSchemeIsNotAnyIec (Traditional) row 1"
                time="0.0039968"/>
      <testcase classname="Philips.PMP.Test.Auto.AlertSoundInfoGetterTest"
                name="GetIecTonesByAlertShouldNotReturnSoundIfSoundSchemeIsNotAnyIec (Philips2021) row 2"
                time="0.0028816"/>
      <testcase classname="Philips.PMP.Test.Auto.FeatureProviderTest"
                name="GetByServiceTest (Philips.PIC.Services.SpotCheckTrendService,System.String[],System.String[],System.String[]) row 1"
                time="0.0004526"/>
      <testcase classname="Philips.PMP.Test.Auto.FeatureProviderTest"
                name="GetByServiceTest (Philips.PIC.Services.IheGatewayNotificationService,System.String[],System.String[],System.String[]) row 2"
                time="0.0003708"/>
      <testcase classname="Philips.PMP.Test.Auto.FeatureProviderTest"
                name="GetByServiceTest (Philips.PIC.PatientDataServices.PhysioDataStorageService,System.String[],System.String[],System.String[]) row 3"
                time="0.0010022"/>
      <testcase classname="Philips.PMP.Test.Auto.FeatureProviderTest"
                name="GetByServiceTest (Philips.PIC.Services.SystemControlService,System.String[],System.String[],System.String[]) row 4"
                time="0.0004077"/>
      <testcase classname="Philips.PMP.Test.Auto.FeatureProviderTest"
                name="GetByServiceTest (Philips.PMP.ExternalSystemInterfacing.HL7OutboundService,System.String[],System.String[],System.String[]) row 5"
                time="0.0003681"/>
      <testcase classname="Philips.PMP.Test.Auto.DbOffloadProviderTest"
                name="DbOffloadProviderIsAnyDbOffloadedTest"
                time="0.004255"/>
      <testcase classname="Philips.PMP.Test.Auto.DbSyncServiceMgrTest"
                name="DbSyncServiceMgrReturnsFalseIfForeverBusy"
                time="0.0836382"/>
      <testcase classname="Philips.PMP.Test.Auto.ServiceBaseExTest"
                name="ServiceBaseExCanDisablePubSub (True) row 1"
                time="0.0771587"/>
      <testcase classname="Philips.PMP.Test.Auto.ServiceBaseExTest"
                name="ServiceBaseExCanDisablePubSub (False) row 2"
                time="0.0011966"/>
      <testcase classname="Philips.PMP.Test.Auto.ApplicationMgrTest"
                name="ApplicationMgrCloseAllModals"
                time="0.0100383"/>
      <testcase classname="Philips.PMP.Test.Auto.IhedriverValidatorTest"
                name="IheDriverIsIheLanDeviceConfiguredTest (True) row 1"
                time="0.0121473"/>
      <testcase classname="Philips.PMP.Test.Auto.IhedriverValidatorTest"
                name="IheDriverIsIheLanDeviceConfiguredTest (False) row 2"
                time="0.0015696"/>
      <testcase classname="Philips.PMP.Test.Auto.EfficiaControlMgrTest"
                name="EfficiaControlMgrPorcessAlarmLimitsTest (CCO_BLOOD_TEMP,39,36,1) row 1"
                time="0.0032589"/>
      <testcase classname="Philips.PMP.Test.Auto.EfficiaControlMgrTest"
                name="EfficiaControlMgrPorcessAlarmLimitsTest (CCO,100,10,1) row 2"
                time="0.0020635"/>
      <testcase classname="Philips.PMP.Test.Auto.EfficiaControlMgrTest"
                name="EfficiaControlMgrPorcessAlarmLimitsTest (CCI,110,20,1) row 3"
                time="0.0047635"/>
      <testcase classname="Philips.PMP.Test.Auto.WaveAnnotationHelperTest"
                name="PrepareAndSendWavesEmptyDictionary"
                time="0.0951564"/>
      <testcase classname="Philips.PMP.Test.Auto.WaveDataTest"
                name="WaveDataReduceEcgSampleTest"
                time="0.0029242"/>
      <testcase classname="Philips.PMP.Test.Auto.ProtocolWatchConversionsTest"
                name="ConvertMetricRequestToMdilControlIds"
                time="0.0044326"/>
      <testcase classname="Philips.PMP.Test.Auto.RolesControlTest"
                name="RoleControlGetListViewItem"
                time="0.0318637"/>
      <testcase classname="Philips.iX.InboundDataBridge.Test.SdcTimeMgrTest"
                name="UpdatePdsTimeTest (2000,1000,900,2500,1400) row 1"
                time="0.0010838"/>
      <testcase classname="Philips.iX.InboundDataBridge.Test.SdcTimeMgrTest"
                name="UpdatePdsTimeTest (2000,1000,1100,2500,1600) row 2"
                time="0.0023067"/>
      <testcase classname="Philips.PMP.Test.Auto.PatientAssignmentControlTest"
                name="PatientAssignmentControlSetAuthoritativeFields (False,False,False,True) row 1"
                time="0.0584028"/>
      <testcase classname="Philips.PMP.Test.Auto.PatientAssignmentControlTest"
                name="PatientAssignmentControlSetAuthoritativeFields (False,False,True,True) row 2"
                time="0.0615388"/>
      <testcase classname="Philips.PMP.Test.Auto.PatientAssignmentControlTest"
                name="PatientAssignmentControlSetAuthoritativeFields (False,True,False,True) row 3"
                time="0.0573882"/>
      <testcase classname="Philips.PMP.Test.Auto.PatientAssignmentControlTest"
                name="PatientAssignmentControlSetAuthoritativeFields (False,True,True,True) row 4"
                time="0.0551822"/>
      <testcase classname="Philips.PMP.Test.Auto.PatientAssignmentControlTest"
                name="PatientAssignmentControlSetAuthoritativeFields (True,False,False,False) row 5"
                time="0.0551312"/>
      <testcase classname="Philips.PMP.Test.Auto.PatientAssignmentControlTest"
                name="PatientAssignmentControlSetAuthoritativeFields (True,False,True,True) row 6"
                time="0.0589598"/>
      <testcase classname="Philips.PMP.Test.Auto.PatientAssignmentControlTest"
                name="PatientAssignmentControlSetAuthoritativeFields (True,True,False,True) row 7"
                time="0.0594184"/>
      <testcase classname="Philips.PMP.Test.Auto.PatientAssignmentControlTest"
                name="PatientAssignmentControlSetAuthoritativeFields (True,True,True,True) row 8"
                time="0.0580843"/>
      <testcase classname="Philips.CareEvent.Test.CareAssignmentOverviewRoleCheckerTest"
                name="OtherUnitPopConfiguration"
                time="0.0077459"/>
      <testcase classname="Philips.PMP.Test.Auto.ArchiveExportControlTest"
                name="ArchiveExportControlValidation"
                time="0.0374743"/>
      <testcase classname="Philips.PMP.Test.Auto.AlarmIntegrationMgrTest"
                name="AlarmIntegrationMgrNoMobileTest (True,1) row 1"
                time="0.0198574"/>
      <testcase classname="Philips.PMP.Test.Auto.AlarmIntegrationMgrTest"
                name="AlarmIntegrationMgrNoMobileTest (False,0) row 2"
                time="0.0069582"/>
      <testcase classname="Philips.PMP.Test.Auto.PhysioDataMgrTest"
                name="PhysioDataMgrWillRetryUponFailure"
                time="0.0601913"/>
      <testcase classname="Philips.PMP.Test.Auto.PatientFieldsHelperTest"
                name="PatientFieldsHelperGetEncounterIdChoices"
                time="0.0032999"/>
      <testcase classname="Philips.PMP.Test.Auto.PhysioDataTimeOffsetProcessorTest"
                name="OffsetProcessorCanOffsetEnumeration"
                time="0.0039586"/>
      <testcase classname="Philips.PMP.LicenseService.Test.UnitLicenseProcessorTest"
                name="GetClinicalUnitsByFeatureWillFindAFilteredUnitsLicensedForFeature"
                time="0.0058426"/>
      <testcase classname="Philips.PMP.Test.Auto.EfficiaHelperTest"
                name="EfficiaHelperGetNbpIntervalTest (0,Off) row 1"
                time="0.0034566"/>
      <testcase classname="Philips.PMP.Test.Auto.EfficiaHelperTest"
                name="EfficiaHelperGetNbpIntervalTest (1,1 Minute) row 2"
                time="0.004345"/>
      <testcase classname="Philips.PMP.Test.Auto.EfficiaHelperTest"
                name="EfficiaHelperGetNbpIntervalTest (2,2 Minutes) row 3"
                time="0.003445"/>
      <testcase classname="Philips.PMP.Test.Auto.EfficiaHelperTest"
                name="EfficiaHelperGetNbpIntervalTest (3,3 Minutes) row 4"
                time="0.0026519"/>
      <testcase classname="Philips.PMP.Test.Auto.EfficiaHelperTest"
                name="EfficiaHelperGetNbpIntervalTest (4,4 Minutes) row 5"
                time="0.0010362"/>
      <testcase classname="Philips.PMP.Test.Auto.EfficiaHelperTest"
                name="EfficiaHelperGetNbpIntervalTest (5,5 Minutes) row 6"
                time="0.0027256"/>
      <testcase classname="Philips.PMP.Test.Auto.EfficiaHelperTest"
                name="EfficiaHelperGetNbpIntervalTest (6,6 Minutes) row 7"
                time="0.015854"/>
      <testcase classname="Philips.PMP.Test.Auto.EfficiaHelperTest"
                name="EfficiaHelperGetNbpIntervalTest (7,7 Minutes) row 8"
                time="0.0195582"/>
      <testcase classname="Philips.PMP.Test.Auto.EfficiaHelperTest"
                name="EfficiaHelperGetNbpIntervalTest (8,8 Minutes) row 9"
                time="0.0040151"/>
      <testcase classname="Philips.PMP.Test.Auto.EfficiaHelperTest"
                name="EfficiaHelperGetNbpIntervalTest (9,9 Minutes) row 10"
                time="0.0031932"/>
      <testcase classname="Philips.PMP.Test.Auto.EfficiaHelperTest"
                name="EfficiaHelperGetNbpIntervalTest (10,10 Minutes) row 11"
                time="0.001153"/>
      <testcase classname="Philips.PMP.Test.Auto.EfficiaHelperTest"
                name="EfficiaHelperGetNbpIntervalTest (15,15 Minutes) row 12"
                time="0.000929"/>
      <testcase classname="Philips.PMP.Test.Auto.EfficiaHelperTest"
                name="EfficiaHelperGetNbpIntervalTest (30,30 Minutes) row 13"
                time="0.0009354"/>
      <testcase classname="Philips.PMP.Test.Auto.EfficiaHelperTest"
                name="EfficiaHelperGetNbpIntervalTest (60,60 Minutes) row 14"
                time="0.0025365"/>
      <testcase classname="Philips.PMP.Test.Auto.EfficiaHelperTest"
                name="EfficiaHelperGetNbpIntervalTest (90,90 Minutes) row 15"
                time="0.0031364"/>
      <testcase classname="Philips.PMP.Test.Auto.EfficiaHelperTest"
                name="EfficiaHelperGetNbpIntervalTest (120,120 Minutes) row 16"
                time="0.0011514"/>
      <testcase classname="Philips.PMP.Test.Auto.EfficiaHelperTest"
                name="EfficiaHelperGetNbpIntervalTest (180,180 Minutes) row 17"
                time="0.0008155"/>
      <testcase classname="Philips.PMP.Test.Auto.EfficiaHelperTest"
                name="EfficiaHelperGetNbpIntervalTest (240,240 Minutes) row 18"
                time="0.0009425"/>
      <testcase classname="Philips.PMP.Test.Auto.EfficiaHelperTest"
                name="EfficiaHelperGetNbpIntervalTest (480,480 Minutes) row 19"
                time="0.000666"/>
      <testcase classname="Philips.PMP.Test.Auto.CatalogHelperTest"
                name="RemoveControlCharactersTest"
                time="0.0010619"/>
      <testcase classname="Philips.PMP.Test.Auto.WebPortalViewControlTest"
                name="WebPortalViewControlOnTopologyChanged (True,True,1) row 1"
                time="0.0227356"/>
      <testcase classname="Philips.PMP.Test.Auto.WebPortalViewControlTest"
                name="WebPortalViewControlOnTopologyChanged (True,False,1) row 2"
                time="0.0169776"/>
      <testcase classname="Philips.PMP.Test.Auto.WebPortalViewControlTest"
                name="WebPortalViewControlOnTopologyChanged (False,False,0) row 3"
                time="0.0151991"/>
      <testcase classname="Philips.PMP.Test.Auto.MobileWaveSegmentConverterTest"
                name="WaveConverterCreateSingleAttributesAndSegmentTest"
                time="0.0160642"/>
      <testcase classname="Philips.PMP.Test.Auto.PatientDataExportTest"
                name="RemovingStaleAperiodicEnumerationsTest"
                time="0.0086261"/>
      <testcase classname="Philips.PMP.Test.Auto.LicenseViewerXmlProviderTest"
                name="ClinicalUnitXmlProviderLoad"
                time="0.0085975"/>
      <testcase classname="Philips.PMP.Test.Auto.ProtocolWatchControlMgrTest"
                name="ProtocolWatchInvokeControlTest (False,System.String[],0,True,False,0) row 1"
                time="0.0059022"/>
      <testcase classname="Philips.PMP.Test.Auto.ProtocolWatchControlMgrTest"
                name="ProtocolWatchInvokeControlTest (True,System.String[],0,True,False,0) row 2"
                time="0.0068835"/>
      <testcase classname="Philips.PMP.Test.Auto.ProtocolWatchControlMgrTest"
                name="ProtocolWatchInvokeControlTest (True,System.String[],1,True,True,2) row 3"
                time="0.0184836"/>
      <testcase classname="Philips.PMP.Test.Auto.ProtocolWatchControlMgrTest"
                name="ProtocolWatchInvokeControlTest (True,System.String[],0,True,True,2) row 4"
                time="0.0061712"/>
      <testcase classname="Philips.PMP.Test.Auto.WaveProviderTest"
                name="WaveStoreOneNonEcg"
                time="0.0644851"/>
      <testcase classname="Philips.PMP.Test.Auto.ReportHelperTest"
                name="PrepareMessageTest"
                time="0.0017518"/>
      <testcase classname="Philips.PMP.Test.Auto.ProtocolWatchEngineWrapperTest"
                name="ProtocolWatchEngineSetsNlsCatalogRev"
                time="0.0102045"/>
      <testcase classname="Philips.PMP.Test.Auto.EcgDerivationMgrTest"
                name="HexadStoreDerivedWavesIfNeeded1Waves"
                time="0.0143109"/>
      <testcase classname="Philips.PMP.Test.Auto.EventLogAppRestartAnalyzerTest"
                name="DetectLastAppRestartWas (Manual) row 1"
                time="0.0156247"/>
      <testcase classname="Philips.PMP.Test.Auto.EventLogAppRestartAnalyzerTest"
                name="DetectLastAppRestartWas (ConfigurationChanged) row 2"
                time="0.0008203"/>
      <testcase classname="Philips.PMP.Test.Auto.EventLogAppRestartAnalyzerTest"
                name="DetectLastAppRestartWas (IpAddressChanged) row 3"
                time="0.0008041"/>
      <testcase classname="Philips.PMP.Test.Auto.EventLogAppRestartAnalyzerTest"
                name="DetectLastAppRestartWas (ConnectionStatusChanged) row 4"
                time="0.0009037"/>
      <testcase classname="Philips.PMP.Test.Auto.EventLogAppRestartAnalyzerTest"
                name="DetectLastAppRestartWas (HostNameChanged) row 5"
                time="0.0007966"/>
      <testcase classname="Philips.PMP.Test.Auto.EventLogAppRestartAnalyzerTest"
                name="DetectLastAppRestartWas (ProcessRecovery) row 6"
                time="0.0006807"/>
      <testcase classname="Philips.PMP.Test.Auto.EventLogAppRestartAnalyzerTest"
                name="DetectLastAppRestartWas (ApplicationPatching) row 7"
                time="0.0006434"/>
      <testcase classname="Philips.PMP.Test.Auto.FindPatientControlTest"
                name="FindPatientSearchAllBlank"
                time="0.0353286"/>
      <testcase classname="Philips.PMP.Test.Auto.PhysioDataMgrTest"
                name="GetWaveStartTimeTest"
                time="0.0004741"/>
      <testcase classname="Philips.PIC.DataAcquisition.Test.SureSignsDataCacheTest"
                name="SureSignsDataCacheTryAddValidationTest (False,True) row 1"
                time="0.0003311"/>
      <testcase classname="Philips.PIC.DataAcquisition.Test.SureSignsDataCacheTest"
                name="SureSignsDataCacheTryAddValidationTest (True,False) row 2"
                time="0.0003039"/>
      <testcase classname="Philips.PMP.Test.Auto.WaveFileMgrTest"
                name="PdxRightTrimWaveUpdatesInvalidSamples"
                time="0.0005134"/>
      <testcase classname="Philips.PMP.Test.Auto.MyHostPerPatientHandlerTest"
                name="MyHostPerPatientHandlerDispose"
                time="0.001139"/>
      <testcase classname="Philips.PMP.Test.Auto.CaregiverPaginatorTest"
                name="BackPageShouldGoBackOnePage"
                time="0.0007117"/>
      <testcase classname="Philips.PMP.LicenseService.Test.LicenseHostValidatorTest"
                name="LicenseValidatorValidatePhysioDeveloperStandalone64PatientLinkAcquisition"
                time="0.0012564"/>
      <testcase classname="Philips.PMP.Test.Auto.AlarisAGWDriverTest"
                name="AlarisGatewayTileUpdateTest"
                time="0.0149518"/>
      <testcase classname="Philips.CareEvent.Test.EventWorkflowPartitionProviderTests"
                name="ManipulatePartitions"
                time="1.0050133"/>
      <testcase classname="Philips.CareEvent.Test.EventWorkflowProviderTests"
                name="SyncEventsTest1"
                time="0.1833883"/>
      <testcase classname="Philips.PMP.Test.Auto.Hl7HelperTest"
                name="Hl7HelperGetAlertSourceWithPartition (40,16770,147842) row 1"
                time="0.0009647"/>
      <testcase classname="Philips.PMP.Test.Auto.Hl7HelperTest"
                name="Hl7HelperGetAlertSourceWithPartition (6679,62078,127614) row 2"
                time="0.0004127"/>
      <testcase classname="Philips.PMP.Test.Auto.PatientFieldsHelperTest"
                name="PatientFieldsHelperValidateInput (False,Foo) row 1"
                time="0.0497894"/>
      <testcase classname="Philips.PMP.Test.Auto.PatientFieldsHelperTest"
                name="PatientFieldsHelperValidateInput (True,) row 2"
                time="0.0016196"/>
      <testcase classname="Philips.iX.InboundDataBridge.Test.LabDataTest"
                name="LabDataCallBackMethodTest (True,1) row 1"
                time="1.1846008"/>
      <testcase classname="Philips.iX.InboundDataBridge.Test.LabDataTest"
                name="LabDataCallBackMethodTest (False,0) row 2"
                time="0.0708778"/>
      <testcase classname="Philips.PMP.Test.Auto.SurveillanceHelperTest"
                name="CreateChangeNumericSubMenuTest"
                time="0.1870877"/>
      <testcase classname="Philips.PMP.Test.Auto.IheDeviceDataMgrTest"
                name="StringToVmdIdentifierTest"
                time="0.0209071"/>
      <testcase classname="Philips.PMP.Test.Auto.WebHostHelperTest"
                name="IsPatientOnLocalTopologyTest (False,False,False,True) row 1"
                time="0.0044994"/>
      <testcase classname="Philips.PMP.Test.Auto.WebHostHelperTest"
                name="IsPatientOnLocalTopologyTest (True,False,False,True) row 2"
                time="0.0016818"/>
      <testcase classname="Philips.PMP.Test.Auto.WebHostHelperTest"
                name="IsPatientOnLocalTopologyTest (True,False,True,False) row 3"
                time="0.0012363"/>
      <testcase classname="Philips.PMP.Test.Auto.WebHostHelperTest"
                name="IsPatientOnLocalTopologyTest (True,True,False,False) row 4"
                time="0.0009923"/>
      <testcase classname="Philips.PMP.Test.Auto.ProfileProviderTest"
                name="StoreUpdateProfile"
                time="0.6553033"/>
      <testcase classname="Philips.PMP.Test.Auto.UploadedDataDisplayHelperTest"
                name="GetVisibleNumericsTest"
                time="0.0017155"/>
      <testcase classname="Philips.CareEvent.Test.CareAssignmentHelperTests"
                name="GetUserAssignmentsBedNotFound"
                time="0.0164063"/>
      <testcase classname="Philips.CareEvent.Test.DeviceAssignmentMgrTests"
                name="AssignmentTests"
                time="0.1149959"/>
      <testcase classname="Philips.PMP.Test.Auto.MySessionTest"
                name="IsRemoteShould"
                time="0.0010148"/>
      <testcase classname="Philips.PMP.Test.Auto.WaveChunkerTest"
                name="WaveChunkerWith1BigWaveChunkTest"
                time="0.0011913"/>
      <testcase classname="Philips.PMP.Test.Auto.WebHostHelperTest"
                name="GetSignOutLinkTest"
                time="1.2440064"/>
      <testcase classname="Philips.PMP.Test.Auto.TwelveLeadCaptureWindowControlCheckerTest"
                name="TwelveLeadCaptureWindowControlCheckerShouldEnableDelete (True,0,False) row 1"
                time="0.0040572"/>
      <testcase classname="Philips.PMP.Test.Auto.TwelveLeadCaptureWindowControlCheckerTest"
                name="TwelveLeadCaptureWindowControlCheckerShouldEnableDelete (False,0,False) row 2"
                time="0.0061415"/>
      <testcase classname="Philips.PMP.Test.Auto.TwelveLeadCaptureWindowControlCheckerTest"
                name="TwelveLeadCaptureWindowControlCheckerShouldEnableDelete (True,1,True) row 3"
                time="0.0017452"/>
      <testcase classname="Philips.PMP.Test.Auto.TwelveLeadCaptureWindowControlCheckerTest"
                name="TwelveLeadCaptureWindowControlCheckerShouldEnableDelete (False,1,False) row 4"
                time="0.0026797"/>
      <testcase classname="Philips.PMP.Test.Auto.DeviceProviderTest"
                name="ProcessDeviceCacheUpdateLocalScope (True,True,True) row 1"
                time="0.0103584"/>
      <testcase classname="Philips.PMP.Test.Auto.DeviceProviderTest"
                name="ProcessDeviceCacheUpdateLocalScope (True,False,False) row 2"
                time="0.0078866"/>
      <testcase classname="Philips.PMP.Test.Auto.DeviceProviderTest"
                name="ProcessDeviceCacheUpdateLocalScope (False,True,True) row 3"
                time="0.006466"/>
      <testcase classname="Philips.PMP.Test.Auto.DeviceProviderTest"
                name="ProcessDeviceCacheUpdateLocalScope (False,False,True) row 4"
                time="0.0062238"/>
      <testcase classname="Philips.PMP.Test.Auto.DatabaseTypeConverterTest"
                name="DatabaseNameConverterToPostgresNameTest"
                time="0.0015734"/>
      <testcase classname="Philips.PMP.Test.Auto.AdtQualifierTest"
                name="AdtLicensedHostCallsValidate (InboundAdt) row 1"
                time="0.0016578"/>
      <testcase classname="Philips.PMP.Test.Auto.AdtQualifierTest"
                name="AdtLicensedHostCallsValidate (OutboundAdt) row 2"
                time="0.0012256"/>
      <testcase classname="Philips.PMP.Test.Auto.HL7Test"
                name="GetMaxCentralizedHl7BedsTest (100,True) row 1"
                time="0.0024295"/>
      <testcase classname="Philips.PMP.Test.Auto.HL7Test"
                name="GetMaxCentralizedHl7BedsTest (1024,True) row 2"
                time="0.0026811"/>
      <testcase classname="Philips.PMP.Test.Auto.HL7Test"
                name="GetMaxCentralizedHl7BedsTest (1025,False) row 3"
                time="0.0006179"/>
      <testcase classname="Philips.PMP.Test.Auto.ProtocolWatchConversionsTest"
                name="ConvertPatientToPatientDemographicsNoPriorIcuStay"
                time="0.0005657"/>
      <testcase classname="Philips.PMP.Test.Auto.ApplicationMgrTest"
                name="ApplicationFormTest"
                time="0.1364143"/>
      <testcase classname="Philips.PMP.Test.Auto.RepositoryTest"
                name="RepositoryMasterMonitorIdChangesToSignalSourceWhenNoWavesPresentTest"
                time="0.0313412"/>
      <testcase classname="Philips.PMP.Test.Auto.IheMessageProcessorTest"
                name="IHEMultipleChannelIsCorrectTest"
                time="0.0138554"/>
      <testcase classname="Philips.PMP.Test.Auto.PatientProviderTest"
                name="GetPatients"
                time="0.4007808"/>
      <testcase classname="Philips.PMP.Test.Auto.DeviceLocationControlTest"
                name="DisplayDeviceHistoryDataTest"
                time="0.2744572"/>
      <testcase classname="Philips.PMP.Test.Auto.DbSyncServiceTest"
                name="DbSyncServiceUpdateArchiveTest (Philips.PIC.Primary) row 1"
                time="0.0107791"/>
      <testcase classname="Philips.PMP.Test.Auto.DbSyncServiceTest"
                name="DbSyncServiceUpdateArchiveTest (Philips.PIC.Ringtone) row 2"
                time="0.0061229"/>
      <testcase classname="Philips.PMP.Test.Auto.TimeTest"
                name="TimeAvailableTimesTest"
                time="0.0218026"/>
      <testcase classname="Philips.CareEvent.Test.EventMonitorFilterTests"
                name="EventMonitorFilterOnRedFromBed1"
                time="0.035041"/>
      <testcase classname="Philips.PMP.Test.Auto.DataBackIntegrationTest"
                name="DataBackIntegrationAperiodicCompoundObservedValueBuilderTest"
                time="0.0035161"/>
      <testcase classname="Philips.PIC.WebBridge.Test.ResourceHelperTest"
                name="GetAdditioanlSinglePatientViewResources"
                time="0.1073995"/>
      <testcase classname="Philips.PMP.Test.Auto.PhysioDataServiceTest"
                name="PhysioDataServiceReportsPerfCounters"
                time="0.1046091"/>
      <testcase classname="Philips.PMP.Test.Auto.ApmCollectorServiceTest"
                name="DoNotCalculateHashIfInCacheTest (True,False,False,0) row 1"
                time="0.0587162"/>
      <testcase classname="Philips.PMP.Test.Auto.ApmCollectorServiceTest"
                name="DoNotCalculateHashIfInCacheTest (True,True,False,1) row 2"
                time="0.0092293"/>
      <testcase classname="Philips.PMP.Test.Auto.ApmCollectorServiceTest"
                name="DoNotCalculateHashIfInCacheTest (True,True,True,2) row 3"
                time="0.0051807"/>
      <testcase classname="Philips.PMP.Test.Auto.TimeMgrTest"
                name="TimeMgrCreateNewMapping (0,False) row 1"
                time="0.0010748"/>
      <testcase classname="Philips.PMP.Test.Auto.TimeMgrTest"
                name="TimeMgrCreateNewMapping (512,False) row 2"
                time="0.0004429"/>
      <testcase classname="Philips.PMP.Test.Auto.TimeMgrTest"
                name="TimeMgrCreateNewMapping (1024,True) row 3"
                time="0.0004006"/>
      <testcase classname="Philips.PMP.Test.Auto.TimeMgrTest"
                name="TimeMgrCreateNewMapping (-1024,False) row 4"
                time="0.0004127"/>
      <testcase classname="Philips.PMP.Test.Auto.TimeMgrTest"
                name="TimeMgrCreateNewMapping (-2048,False) row 5"
                time="0.0004039"/>
      <testcase classname="Philips.PMP.Test.Auto.TimeMgrTest"
                name="TimeMgrCreateNewMapping (-4096,False) row 6"
                time="0.0004191"/>
      <testcase classname="Philips.PMP.Test.Auto.TimeMgrTest"
                name="TimeMgrCreateNewMapping (-5124,True) row 7"
                time="0.0008474"/>
      <testcase classname="Philips.CareEvent.Test.WctpListenerTests"
                name="ProcessMessageReplyTests"
                time="0.0130943"/>
      <testcase classname="Philips.PMP.Test.Auto.EventNotificationMgrTest"
                name="GetRemovedNotificationRoleTest"
                time="0.0031805"/>
      <testcase classname="Philips.PMP.Test.Auto.RepositoryTest"
                name="EmptyMetricsDontTriggerScanReportIssueTest"
                time="0.0386444"/>
      <testcase classname="Philips.PMP.Test.Auto.ImprivataQualifierTest"
                name="ImprivataQualifierFail"
                time="0.0058025"/>
      <testcase classname="Philips.CareEvent.Test.CareAssignmentControlTests"
                name="OnSyncClickedShouldHandlePendingChanges (True,0) row 1"
                time="0.046383"/>
      <testcase classname="Philips.CareEvent.Test.CareAssignmentControlTests"
                name="OnSyncClickedShouldHandlePendingChanges (False,1) row 2"
                time="0.0475519"/>
      <testcase classname="Philips.PMP.Test.Auto.NumericProviderTest"
                name="NumericProviderAperiodicMergeLabelTextId1"
                time="0.2908308"/>
      <testcase classname="Philips.PMP.Test.Auto.DynamicAttributeTest"
                name="DynamicAttributeDeviceTypeRoundTripsDeepCopy (Philips.iX.MonitoringCommon.NumericDynamicAttributes) row 1"
                time="0.0004983"/>
      <testcase classname="Philips.PMP.Test.Auto.DynamicAttributeTest"
                name="DynamicAttributeDeviceTypeRoundTripsDeepCopy (Philips.iX.MonitoringCommon.WaveDynamicAttributes) row 2"
                time="0.0003559"/>
      <testcase classname="Philips.PMP.Test.Auto.DynamicAttributeTest"
                name="DynamicAttributeDeviceTypeRoundTripsDeepCopy (Philips.iX.MonitoringCommon.ComplexMetricDynamicAttributes) row 3"
                time="0.0022225"/>
      <testcase classname="Philips.PMP.Test.Auto.DynamicAttributeTest"
                name="DynamicAttributeDeviceTypeRoundTripsDeepCopy (Philips.iX.MonitoringCommon.EnumerationDynamicAttributes) row 4"
                time="0.0004086"/>
      <testcase classname="Philips.PMP.Test.Auto.AppDomainSectorFactoryMgrTest"
                name="AppDomainSectorFactoryBlacklistsOldVersions (B.00.00.00) row 1"
                time="0.051089"/>
      <testcase classname="Philips.PMP.Test.Auto.AppDomainSectorFactoryMgrTest"
                name="AppDomainSectorFactoryBlacklistsOldVersions (B.01.00.00) row 2"
                time="0.0010247"/>
      <testcase classname="Philips.PMP.Test.Auto.AppDomainSectorFactoryMgrTest"
                name="AppDomainSectorFactoryBlacklistsOldVersions (B.02.00.00) row 3"
                time="0.0009002"/>
      <testcase classname="Philips.PMP.Test.Auto.AppDomainSectorFactoryMgrTest"
                name="AppDomainSectorFactoryBlacklistsOldVersions (B.03.00.00) row 4"
                time="0.000858"/>
      <testcase classname="Philips.PMP.Test.Auto.AppDomainSectorFactoryMgrTest"
                name="AppDomainSectorFactoryBlacklistsOldVersions (C.00.00.00) row 5"
                time="0.000798"/>
      <testcase classname="Philips.PMP.Test.Auto.AppDomainSectorFactoryMgrTest"
                name="AppDomainSectorFactoryBlacklistsOldVersions (C.01.00.00) row 6"
                time="0.0008802"/>
      <testcase classname="Philips.PMP.Test.Auto.AppDomainSectorFactoryMgrTest"
                name="AppDomainSectorFactoryBlacklistsOldVersions (C.02.00.00) row 7"
                time="0.0008872"/>
      <testcase classname="Philips.PMP.Test.Auto.HL7ProviderTest"
                name="Hl7ValidationRecordProgressUpdateTest (C5EB4328-23B4-441F-82F4-C5E094DBFA8F,True,0) row 1"
                time="0.0064558"/>
      <testcase classname="Philips.PMP.Test.Auto.HL7ProviderTest"
                name="Hl7ValidationRecordProgressUpdateTest (2CBE506D-0F57-494C-9C8B-30BF56EDFDE4,False,1) row 2"
                time="0.0039352"/>
      <testcase classname="Philips.PMP.Test.Auto.AlertCategorizerTest"
                name="AlertCategorizerAlerts"
                time="0.001662"/>
      <testcase classname="Philips.PMP.Test.Auto.MobileDataProessorTest"
                name="TryProcessRequestMessageTest (NumericControlsRequest) row 1"
                time="0.1128936"/>
      <testcase classname="Philips.PMP.Test.Auto.MobileDataProessorTest"
                name="TryProcessRequestMessageTest (GetAvailableEquipmentRequest) row 2"
                time="0.0226318"/>
      <testcase classname="Philips.PMP.Test.Auto.MobileDataProessorTest"
                name="TryProcessRequestMessageTest (LocationSettingsRequest) row 3"
                time="0.030653"/>
      <testcase classname="Philips.PMP.Test.Auto.MobileDataProessorTest"
                name="TryProcessRequestMessageTest (ChangeAssignedEquipmentRequest) row 4"
                time="0.0084483"/>
      <testcase classname="Philips.PMP.Test.Auto.MobileDataProessorTest"
                name="TryProcessRequestMessageTest (GetAvailableBeds) row 5"
                time="0.007573"/>
      <testcase classname="Philips.PMP.Test.Auto.MobileDataProessorTest"
                name="TryProcessRequestMessageTest (TopologyRequest) row 6"
                time="0.0040323"/>
      <testcase classname="Philips.PMP.Test.Auto.MobileDataProessorTest"
                name="TryProcessRequestMessageTest (AdtSettingsRequest) row 7"
                time="0.0120473"/>
      <testcase classname="Philips.PMP.Test.Auto.MobileDataProessorTest"
                name="TryProcessRequestMessageTest (PatientLookupRequest) row 8"
                time="0.0155491"/>
      <testcase classname="Philips.PMP.Test.Auto.MobileDataProessorTest"
                name="TryProcessRequestMessageTest (AdmitRequest) row 9"
                time="0.0187686"/>
      <testcase classname="Philips.PMP.Test.Auto.MobileDataProessorTest"
                name="TryProcessRequestMessageTest (DischargeRequest) row 10"
                time="0.0044735"/>
      <testcase classname="Philips.PMP.Test.Auto.MobileDataProessorTest"
                name="TryProcessRequestMessageTest (TransferRequest) row 11"
                time="0.0044684"/>
      <testcase classname="Philips.PMP.Test.Auto.SurveillanceLayoutTest"
                name="AlertListSortingTest"
                time="0.0025936"/>
      <testcase classname="Philips.CareEvent.Test.DeviceAssignmentControlTests"
                name="StandardDeviceEventTests"
                time="1.0653075"/>
      <testcase classname="Philips.PMP.Test.Auto.ReviewAppsUiTest"
                name="BuildDataQueriesTest"
                time="0.07814"/>
      <testcase classname="Philips.PMP.Test.Auto.RepositoryTest"
                name="TimeWaveRepositoryDoesNotAgeNullMetrics"
                time="0.1746556"/>
      <testcase classname="Philips.PMP.Test.Auto.EventNotificationMgrTest"
                name="VerifyGetCaregiversWhoseAssignmentsAreCleared (True) row 1"
                time="0.0035155"/>
      <testcase classname="Philips.PMP.Test.Auto.EventNotificationMgrTest"
                name="VerifyGetCaregiversWhoseAssignmentsAreCleared (False) row 2"
                time="0.0017019"/>
      <testcase classname="Philips.PMP.Test.Auto.PatientInfoObjectTest"
                name="PatientInfoObjectIdentifiesSignalSourceWithTeleProfile (DelphiHigh15In) row 1"
                time="0.0037612"/>
      <testcase classname="Philips.PMP.Test.Auto.PatientInfoObjectTest"
                name="PatientInfoObjectIdentifiesSignalSourceWithTeleProfile (TelemPwm) row 2"
                time="0.0009405"/>
      <testcase classname="Philips.PMP.Test.Auto.PatientInfoObjectTest"
                name="PatientInfoObjectIdentifiesSignalSourceWithTeleProfile (X3) row 3"
                time="0.0004147"/>
      <testcase classname="Philips.PMP.Test.Auto.PatientInfoObjectTest"
                name="PatientInfoObjectIdentifiesSignalSourceWithTeleProfile (IbridgeEc40Hub) row 4"
                time="0.000451"/>
      <testcase classname="Philips.PMP.Test.Auto.ProtocolAssignmentControlTest"
                name="PrepareAssignmentForStoringTest"
                time="0.1834197"/>
      <testcase classname="Philips.PMP.Test.Auto.ClinicalNotificationAutoAcknowledgerTest"
                name="NotificationsOfDifferentScoresShouldNotAutoAcked"
                time="0.0018947"/>
      <testcase classname="Philips.PMP.Test.Auto.PatientAssignmentControlTest"
                name="PatientAssignmentControlOnCancelClick (True,1) row 1"
                time="0.4523232"/>
      <testcase classname="Philips.PMP.Test.Auto.PatientAssignmentControlTest"
                name="PatientAssignmentControlOnCancelClick (False,0) row 2"
                time="0.0648613"/>
      <testcase classname="Philips.PMP.Test.Auto.ArcomedStateMachineTest"
                name="StateMemGetTest"
                time="0.0110635"/>
      <testcase classname="Philips.PMP.Test.Auto.PatientUnitAdmitTimeHelperTest"
                name="PatientUnitAdmitTimeHelperGetInitialUnitAdmitTimeValues"
                time="0.0018155"/>
      <testcase classname="Philips.PMP.Test.Auto.AlertProviderTest"
                name="AlertProviderStoreMinimum"
                time="0.0189569"/>
      <testcase classname="Philips.PMP.Test.Auto.CiProcessorTest"
                name="CiProcessorShouldIgnoreOrForwardCiInLocalModeTest (False,False,False,False,False,False,0) row 1"
                time="0.5453064"/>
      <testcase classname="Philips.PMP.Test.Auto.CiProcessorTest"
                name="CiProcessorShouldIgnoreOrForwardCiInLocalModeTest (True,False,False,False,False,False,0) row 2"
                time="0.0099105"/>
      <testcase classname="Philips.PMP.Test.Auto.CiProcessorTest"
                name="CiProcessorShouldIgnoreOrForwardCiInLocalModeTest (True,False,True,False,False,False,0) row 3"
                time="0.0038021"/>
      <testcase classname="Philips.PMP.Test.Auto.CiProcessorTest"
                name="CiProcessorShouldIgnoreOrForwardCiInLocalModeTest (True,True,False,False,False,False,0) row 4"
                time="0.00215"/>
      <testcase classname="Philips.PMP.Test.Auto.CiProcessorTest"
                name="CiProcessorShouldIgnoreOrForwardCiInLocalModeTest (True,True,False,True,False,False,0) row 5"
                time="0.0018091"/>
      <testcase classname="Philips.PMP.Test.Auto.CiProcessorTest"
                name="CiProcessorShouldIgnoreOrForwardCiInLocalModeTest (True,True,False,False,True,False,0) row 6"
                time="0.0016382"/>
      <testcase classname="Philips.PMP.Test.Auto.CiProcessorTest"
                name="CiProcessorShouldIgnoreOrForwardCiInLocalModeTest (True,True,False,False,False,True,0) row 7"
                time="0.0016311"/>
      <testcase classname="Philips.PMP.Test.Auto.CiProcessorTest"
                name="CiProcessorShouldIgnoreOrForwardCiInLocalModeTest (True,False,False,False,False,False,1) row 8"
                time="0.0056353"/>
      <testcase classname="Philips.PMP.Test.Auto.CiProcessorTest"
                name="CiProcessorShouldIgnoreOrForwardCiInLocalModeTest (True,False,True,False,False,False,1) row 9"
                time="0.0130926"/>
      <testcase classname="Philips.PMP.Test.Auto.CiProcessorTest"
                name="CiProcessorShouldIgnoreOrForwardCiInLocalModeTest (True,True,False,False,False,False,1) row 10"
                time="0.0015688"/>
      <testcase classname="Philips.PMP.Test.Auto.CiProcessorTest"
                name="CiProcessorShouldIgnoreOrForwardCiInLocalModeTest (True,True,False,True,False,False,1) row 11"
                time="0.0015297"/>
      <testcase classname="Philips.PMP.Test.Auto.CiProcessorTest"
                name="CiProcessorShouldIgnoreOrForwardCiInLocalModeTest (True,True,False,False,True,False,1) row 12"
                time="0.0014612"/>
      <testcase classname="Philips.PMP.Test.Auto.CiProcessorTest"
                name="CiProcessorShouldIgnoreOrForwardCiInLocalModeTest (True,True,False,False,False,True,1) row 13"
                time="0.0014507"/>
      <testcase classname="Philips.PMP.Test.Auto.CiProcessorTest"
                name="CiProcessorShouldIgnoreOrForwardCiInLocalModeTest (True,False,False,False,False,False,2) row 14"
                time="0.0013233"/>
      <testcase classname="Philips.PMP.Test.Auto.CiProcessorTest"
                name="CiProcessorShouldIgnoreOrForwardCiInLocalModeTest (True,False,True,False,False,False,2) row 15"
                time="0.0014213"/>
      <testcase classname="Philips.PMP.Test.Auto.CiProcessorTest"
                name="CiProcessorShouldIgnoreOrForwardCiInLocalModeTest (True,True,False,False,False,False,2) row 16"
                time="0.0013122"/>
      <testcase classname="Philips.PMP.Test.Auto.CiProcessorTest"
                name="CiProcessorShouldIgnoreOrForwardCiInLocalModeTest (True,True,False,True,False,False,2) row 17"
                time="0.0013194"/>
      <testcase classname="Philips.PMP.Test.Auto.CiProcessorTest"
                name="CiProcessorShouldIgnoreOrForwardCiInLocalModeTest (True,True,False,False,True,False,2) row 18"
                time="0.0013826"/>
      <testcase classname="Philips.PMP.Test.Auto.CiProcessorTest"
                name="CiProcessorShouldIgnoreOrForwardCiInLocalModeTest (True,True,False,False,False,True,2) row 19"
                time="0.0016685"/>
      <testcase classname="Philips.PMP.Test.Auto.RetrospectiveDataEnumerationBridgeTest"
                name="MobileEwsScoreGeneratorCorrectlyFormatsColor"
                time="0.0397456"/>
      <testcase classname="Philips.PMP.Test.Auto.HostDeviceTest"
                name="CheckEquality"
                time="0.0006107"/>
      <testcase classname="Philips.CareEvent.Test.CareAssignmentMgrTest"
                name="GetMaxUnitRoleCaregiverCountShouldReturnExpectedValue (1,5) row 1"
                time="0.0097939"/>
      <testcase classname="Philips.CareEvent.Test.CareAssignmentMgrTest"
                name="GetMaxUnitRoleCaregiverCountShouldReturnExpectedValue (3,5) row 2"
                time="0.0027565"/>
      <testcase classname="Philips.CareEvent.Test.CareAssignmentMgrTest"
                name="GetMaxUnitRoleCaregiverCountShouldReturnExpectedValue (4,5) row 3"
                time="0.0016766"/>
      <testcase classname="Philips.CareEvent.Test.CareAssignmentMgrTest"
                name="GetMaxUnitRoleCaregiverCountShouldReturnExpectedValue (5,6) row 4"
                time="0.0016767"/>
      <testcase classname="Philips.CareEvent.Test.CareAssignmentMgrTest"
                name="GetMaxUnitRoleCaregiverCountShouldReturnExpectedValue (10,11) row 5"
                time="0.0257775"/>
      <testcase classname="Philips.CareEvent.Test.CareAssignmentMgrTest"
                name="GetMaxUnitRoleCaregiverCountShouldReturnExpectedValue (100,101) row 6"
                time="0.0040592"/>
      <testcase classname="Philips.iX.DataBridge.Common.Test.AcpmpNotificationServiceTest"
                name="AcpmpNotificationServiceUsesDataMgr"
                time="0.0050543"/>
      <testcase classname="Philips.PMP.Test.Auto.CaregiverAssignmentProviderTest"
                name="MaxNumOfCargiversShouldAccessDBAfterClearCache"
                time="0.0077785"/>
      <testcase classname="Philips.PMP.Test.Auto.RepositoryComplexMetricTest"
                name="RepositoryComplexMetricHexadSTEAreDerivedCorrectlyNoST"
                time="0.0005539"/>
      <testcase classname="Philips.CareEvent.Test.ApnsCommunicationMgrTests"
                name="ApnsPushNotificationPerformance"
                time="0.0149433"/>
      <testcase classname="Philips.PMP.Test.Auto.MulticastHostDeviceTest"
                name="MulticastHostDeviceEqualsTest"
                time="0.0189181"/>
      <testcase classname="Philips.PMP.Test.Auto.AlertHelperTest"
                name="AlertHelperStatusAlarmsDontHaveAudioOffFlag"
                time="0.0116207"/>
      <testcase classname="Philips.PMP.Test.Auto.TrustedCertificateConfigHelperTest"
                name="TrustedCertificateConfigHelperAdd"
                time="0.0328588"/>
      <testcase classname="Philips.PMP.Test.Auto.PhysioDataStorageQueuesTest"
                name="QueuesTimersCallCallback"
                time="0.5196902"/>
      <testcase classname="Philips.PMP.LicenseService.Test.LicensingSystemValidatorTest"
                name="LicenseSystemValidationEventNotificationTest (1024,True) row 1"
                time="0.010659"/>
      <testcase classname="Philips.PMP.LicenseService.Test.LicensingSystemValidatorTest"
                name="LicenseSystemValidationEventNotificationTest (2048,False) row 2"
                time="0.0128738"/>
      <testcase classname="Philips.PMP.Test.Auto.AlertProviderTest"
                name="AlertProviderNotableIntervalGetAnnotated"
                time="0.0956226"/>
      <testcase classname="Philips.PMP.Test.Auto.HostAccessViewControllerTest"
                name="HostAccessViewControllerAddNoAccessToFullAccess"
                time="0.017521"/>
      <testcase classname="Philips.PMP.Test.Auto.FindPatientControlTest"
                name="FindPatientSearchWithValue"
                time="0.0463468"/>
      <testcase classname="Philips.PMP.Test.Auto.ConnectToServerInstallMgrTest"
                name="OtherHostPrimaryConnectionSucceedTest"
                time="0.0097652"/>
      <testcase classname="Philips.PMP.Test.Auto.CaregiverAssignmentProviderTest"
                name="LoadAllUserAssignmentsTest"
                time="0.3258245"/>
      <testcase classname="Philips.PMP.Test.Auto.PerfCounterCollectorTest"
                name="PerformanceCounterNoMemoryCounterForMobility"
                time="0.003144"/>
      <testcase classname="Philips.PMP.Test.Auto.HostAccessViewControllerTest"
                name="HostAccessViewControllerSetViewEmpty"
                time="0.0043704"/>
      <testcase classname="Philips.PMP.Test.Auto.PhysioDataTimeOffsetProcessorTest"
                name="OffsetProcessorCanOffsetRealTimeWave"
                time="0.0047447"/>
      <testcase classname="Philips.PMP.Test.Auto.ConfigurationServerQualifierTest"
                name="ConfigurationServerIsCorrectableShould"
                time="0.0010788"/>
      <testcase classname="Philips.CareEvent.Test.LedsPriorityControlTest"
                name="ValidateAndSaveSettingsTest"
                time="0.1072333"/>
      <testcase classname="Philips.PMP.Test.Auto.FeatureAssignmentHelperTest"
                name="FeatureAssignmentHelperGetAllLocalOrderFeaturesTest"
                time="0.0949119"/>
      <testcase classname="Philips.PMP.Test.Auto.CaregiverAssignmentProviderTest"
                name="BedsAddedChangeEventsShouldClearZoneCache"
                time="0.0051249"/>
      <testcase classname="Philips.PMP.Test.Auto.ProtocolImportControlTest"
                name="ProtocolImportContolImportTest (True,SampleEWSProtocols.xml,False,1) row 1"
                time="0.0354992"/>
      <testcase classname="Philips.PMP.Test.Auto.ProtocolImportControlTest"
                name="ProtocolImportContolImportTest (True,,False,1) row 2"
                time="0.0319453"/>
      <testcase classname="Philips.PMP.Test.Auto.ProtocolImportControlTest"
                name="ProtocolImportContolImportTest (False,SampleEWSProtocols.cfg,False,1) row 3"
                time="0.0313126"/>
      <testcase classname="Philips.PMP.Test.Auto.ProtocolImportControlTest"
                name="ProtocolImportContolImportTest (False,,False,1) row 4"
                time="0.0292404"/>
      <testcase classname="Philips.PMP.Test.Auto.ProtocolImportControlTest"
                name="ProtocolImportContolImportTest (True,NonExistent.cfg,False,1) row 5"
                time="0.0333329"/>
      <testcase classname="Philips.PMP.Test.Auto.ProtocolImportControlTest"
                name="ProtocolImportContolImportTest (True,SampleEWSProtocols.cfg,True,0) row 6"
                time="0.0660056"/>
      <testcase classname="Philips.PMP.Test.Auto.ProtocolImportControlTest"
                name="ProtocolImportContolImportTest (True,Invalid.cfg,False,1) row 7"
                time="0.0352507"/>
      <testcase classname="Philips.PMP.Test.Auto.DataValidationProviderTest"
                name="GettingListOfSpotCheckValidationsWithServerName"
                time="0.0026789"/>
      <testcase classname="Philips.PMP.Test.Auto.PatientAssignmentHelperTest"
                name="IsPatientMatchTest"
                time="0.0033287"/>
      <testcase classname="Philips.PMP.Test.Auto.EventNotificationValidatorTest"
                name="ValidateErrorWhenOverviewRoleAndUnitNotificationRoleAreSameTest"
                time="0.2482389"/>
      <testcase classname="Philips.PMP.Test.Auto.Hl7AlarmClientMgrTest"
                name="AlarmClientGetAlarmNumericsTest"
                time="0.009598"/>
      <testcase classname="Philips.PMP.Test.Auto.RmsTest"
                name="RmsStaticPatientId"
                time="0.3269523"/>
      <testcase classname="Philips.PIC.SharedAssignment.Test.SharedAssignmentQualifierTest"
                name="GetQualificationInfo"
                time="0.0005446"/>
      <testcase classname="Philips.PMP.Test.Auto.EventCatalogProviderTest"
                name="IsEventDefintionAssignedInOtherUnitsProperlyDetectsUsage (False) row 1"
                time="2.1033196"/>
      <testcase classname="Philips.PMP.Test.Auto.EventCatalogProviderTest"
                name="IsEventDefintionAssignedInOtherUnitsProperlyDetectsUsage (True) row 2"
                time="3.867394"/>
      <testcase classname="Philips.PMP.Test.Auto.SystemStatusServiceTest"
                name="SystemStatusServiceMgrClearingMessageRemovesProxy"
                time="0.0090358"/>
      <testcase classname="Philips.PMP.Test.Auto.RemoteDataServiceTest"
                name="RemoteDataServicePatientChangeTest"
                time="0.2045953"/>
      <testcase classname="Philips.CareEvent.Test.CancelKeysControlTest"
                name="InitializeAndGetKeyTests"
                time="0.0379539"/>
      <testcase classname="Philips.PMP.Test.Auto.SectorControlTest"
                name="SectorControlNoPatientWillNotAllowToSilenceRed (True) row 1"
                time="0.0286643"/>
      <testcase classname="Philips.PMP.Test.Auto.SectorControlTest"
                name="SectorControlNoPatientWillNotAllowToSilenceRed (False) row 2"
                time="0.0225706"/>
      <testcase classname="Philips.PMP.Test.Auto.EfficiaHelperTest"
                name="EfficiaHelperGetMeasurePeriodTest (0,False) row 1"
                time="0.0010748"/>
      <testcase classname="Philips.PMP.Test.Auto.EfficiaHelperTest"
                name="EfficiaHelperGetMeasurePeriodTest (1,True) row 2"
                time="0.0006417"/>
      <testcase classname="Philips.PMP.Test.Auto.EfficiaHelperTest"
                name="EfficiaHelperGetMeasurePeriodTest (180,True) row 3"
                time="0.0006034"/>
      <testcase classname="Philips.CareEvent.Test.RingtoneProviderTests"
                name="RingtoneProviderLoadFactoryRawDataTest"
                time="0.0029739"/>
      <testcase classname="Philips.PMP.Test.Auto.UserManagementProviderTest"
                name="UserManagementRevertActionPermissions"
                time="0.2562561"/>
      <testcase classname="Philips.PMP.Test.Auto.MobilityPasswordChangeMgrTest"
                name="ProcessChangePasswordRequestFail"
                time="0.1618953"/>
      <testcase classname="Philips.CareEvent.Test.MobileCarrierXmlProtocolSettingsTests"
                name="TapCarrierTest"
                time="0.0013215"/>
      <testcase classname="Philips.PMP.Test.Auto.MulticastZoneRuleHelperTest"
                name="MulticastZoneRuleHelperCanMoveUnitTest1"
                time="0.0168819"/>
      <testcase classname="Philips.PIC.DataAcquisition.Test.MonitoringDeviceServiceMgrTest"
                name="MonitoringDeviceServiceMgrLogsFailureToRetrieveDeviceService"
                time="0.0402249"/>
      <testcase classname="Philips.PMP.Test.Auto.PatientDataExportTierTwoTest"
                name="TierTwoParameterListExistsForPartitionedTablesOnly"
                time="0.0006691"/>
      <testcase classname="Philips.PMP.Test.Auto.SectorAssignmentControlTest"
                name="SectorAssignmentControlLoadingHandlesNullHost"
                time="0.0437699"/>
      <testcase classname="Philips.PMP.Test.Auto.PatientAssignmentControlTest"
                name="PatientAssignmentControlCheckTimeOfUnitAdmitFormat"
                time="0.0816091"/>
      <testcase classname="Philips.PMP.Test.Auto.ExportPhysioDataControlTest"
                name="ExportPhysioDataControlRefreshAvailableBeds"
                time="0.3109345"/>
      <testcase classname="Philips.PMP.Test.Auto.StitchTest"
                name="StitchInfoEventTest"
                time="0.0055191"/>
      <testcase classname="Philips.PMP.Test.Auto.Hl7OutboundServiceTest"
                name="Hl7RespondsToTopologyChanges (LicenseChanged,True,True,True,False,True,False,True) row 1"
                time="0.0053354"/>
      <testcase classname="Philips.PMP.Test.Auto.Hl7OutboundServiceTest"
                name="Hl7RespondsToTopologyChanges (LicenseChanged,True,True,True,False,False,False,False) row 2"
                time="0.0011053"/>
      <testcase classname="Philips.PMP.Test.Auto.Hl7OutboundServiceTest"
                name="Hl7RespondsToTopologyChanges (LicenseChanged,True,True,True,False,True,True,False) row 3"
                time="0.0026699"/>
      <testcase classname="Philips.PMP.Test.Auto.Hl7OutboundServiceTest"
                name="Hl7RespondsToTopologyChanges (LicenseChanged,True,True,True,False,False,True,True) row 4"
                time="0.0023509"/>
      <testcase classname="Philips.PMP.Test.Auto.Hl7OutboundServiceTest"
                name="Hl7RespondsToTopologyChanges (LicenseChanged,True,True,False,False,True,True,False) row 5"
                time="0.0009457"/>
      <testcase classname="Philips.PMP.Test.Auto.Hl7OutboundServiceTest"
                name="Hl7RespondsToTopologyChanges (LicenseChanged,True,True,False,False,False,False,False) row 6"
                time="0.0007504"/>
      <testcase classname="Philips.PMP.Test.Auto.Hl7OutboundServiceTest"
                name="Hl7RespondsToTopologyChanges (LicenseChanged,True,False,True,False,True,True,False) row 7"
                time="0.0015523"/>
      <testcase classname="Philips.PMP.Test.Auto.Hl7OutboundServiceTest"
                name="Hl7RespondsToTopologyChanges (LicenseChanged,False,True,False,True,False,False,True) row 8"
                time="0.0021314"/>
      <testcase classname="Philips.PMP.Test.Auto.Hl7OutboundServiceTest"
                name="Hl7RespondsToTopologyChanges (LicenseChanged,False,True,False,True,False,True,False) row 9"
                time="0.0010841"/>
      <testcase classname="Philips.PMP.Test.Auto.Hl7OutboundServiceTest"
                name="Hl7RespondsToTopologyChanges (LicenseChanged,False,True,True,False,False,False,False) row 10"
                time="0.0009484"/>
      <testcase classname="Philips.PMP.Test.Auto.Hl7OutboundServiceTest"
                name="Hl7RespondsToTopologyChanges (LicenseChanged,False,True,True,True,False,False,True) row 11"
                time="0.0021405"/>
      <testcase classname="Philips.PMP.Test.Auto.Hl7OutboundServiceTest"
                name="Hl7RespondsToTopologyChanges (LicenseChanged,False,True,True,True,False,True,False) row 12"
                time="0.0009484"/>
      <testcase classname="Philips.PMP.Test.Auto.Hl7OutboundServiceTest"
                name="Hl7RespondsToTopologyChanges (LicenseChanged,False,False,False,True,False,False,False) row 13"
                time="0.0010168"/>
      <testcase classname="Philips.PMP.Test.Auto.Hl7OutboundServiceTest"
                name="Hl7RespondsToTopologyChanges (BedsAdded,False,True,True,True,True,True,True) row 14"
                time="0.0027865"/>
      <testcase classname="Philips.PMP.Test.Auto.Hl7OutboundServiceTest"
                name="Hl7RespondsToTopologyChanges (ZoneDeleted,True,True,True,True,True,False,True) row 15"
                time="0.0022813"/>
      <testcase classname="Philips.PMP.Test.Auto.Hl7OutboundServiceTest"
                name="Hl7RespondsToTopologyChanges (HostChanged,True,True,True,True,True,True,False) row 16"
                time="0.0010172"/>
      <testcase classname="Philips.PMP.Test.Auto.ControlGroupHelperTest"
                name="ControlGroupHelperProtocolShouldAuditTest (Invocation,True,EwsProtocolChanged) row 1"
                time="0.0741928"/>
      <testcase classname="Philips.PMP.Test.Auto.ControlGroupHelperTest"
                name="ControlGroupHelperProtocolShouldAuditTest (FullConfiguration,False,Unknown) row 2"
                time="0.0004233"/>
      <testcase classname="Philips.PMP.Test.Auto.LicenseTest"
                name="LicenseIsFeatureInItemOrder"
                time="0.0010134"/>
      <testcase classname="Philips.PMP.LicenseService.Test.UnitLicenseAssignmentDeterminerTest"
                name="GetAvailableBedCountsTest (0,0) row 1"
                time="0.0030295"/>
      <testcase classname="Philips.PMP.LicenseService.Test.UnitLicenseAssignmentDeterminerTest"
                name="GetAvailableBedCountsTest (32,10) row 2"
                time="0.0022066"/>
      <testcase classname="Philips.CareEvent.Test.WorkflowDatabaseTests"
                name="StartServiceTest"
                time="0.5676627"/>
      <testcase classname="Philips.PMP.Test.Auto.PatientDataExportStorageTest"
                name="PdxEnumerationsAreSorted"
                time="0.0266673"/>
      <testcase classname="Philips.PMP.Test.Auto.UptimeTrackerTest"
                name="MessagesFailedAreCounted"
                time="0.0013772"/>
      <testcase classname="Philips.PMP.LicenseService.Test.FeatureAssignmentCleanupHelperTest"
                name="FeatureAssignmentCleanupHelperRemovesObsoleteAssignments"
                time="0.2337734"/>
      <testcase classname="Philips.PMP.Test.Auto.RepositoryDropoutCounterTest"
                name="RepositoryDropoutCounterUpdateTimeIntervalTest"
                time="0.0005048"/>
      <testcase classname="Philips.PMP.Test.Auto.Hl7TcpClientConnectionTest"
                name="Hl7TcpClientConnectionStop"
                time="0.0076465"/>
      <testcase classname="Philips.PMP.Test.Auto.MultiHostSubscriberTest"
                name="MultiHostSubscriberCanRegisterAndUnregister"
                time="0.0032831"/>
      <testcase classname="Philips.PMP.Test.Auto.ServiceBaseExTest"
                name="ServiceStartupMgrDataRelayServiceBridgeIsVersionTolerant"
                time="0.0057308"/>
      <testcase classname="Philips.CareEvent.Test.EventWorkflowProviderTests"
                name="DeletedEventShouldNotBeIncludedTest"
                time="0.2948055"/>
      <testcase classname="Philips.PMP.Test.Auto.WatchedProcessTest"
                name="WatchedProcessMemoryDumpFunctionality"
                time="0.0108158"/>
      <testcase classname="Philips.PMP.Test.Auto.LabMgrTest"
                name="LabDataServiceProcessNewObservationTest"
                time="0.5039366"/>
      <testcase classname="Philips.PMP.Test.Auto.InstitutionTreeControlTest"
                name="InstitutionTreeControlFindNodeByClinicalUnitId"
                time="0.0104203"/>
      <testcase classname="Philips.PMP.Test.Auto.RepositoryWaveTest"
                name="WaveRepositoryAllowsFillingGapAtStartOfGapTest"
                time="0.0013665"/>
      <testcase classname="Philips.PIC.WebBridge.Test.ConnectionSubscriptionMgrTest"
                name="ConnectionSubscriptionMgrWillAddNewSubscriptions"
                time="0.0327536"/>
      <testcase classname="Philips.PMP.Test.Auto.SqlServerOffloadQualifierTest"
                name="OneSqlInstancePerHost"
                time="0.0029691"/>
      <testcase classname="Philips.PMP.Test.Auto.ApplicationWindowControlTest"
                name="UpdateOtherPatientNameLabelMultiInstitutionTest"
                time="0.3399901"/>
      <testcase classname="Philips.PMP.Test.Auto.IISInstallationQualifierTest"
                name="IISInstallationQualifierShouldRemoveInstallIIS (False,False) row 1"
                time="0.0014547"/>
      <testcase classname="Philips.PMP.Test.Auto.IISInstallationQualifierTest"
                name="IISInstallationQualifierShouldRemoveInstallIIS (True,False) row 2"
                time="0.0011953"/>
      <testcase classname="Philips.PMP.Test.Auto.IISInstallationQualifierTest"
                name="IISInstallationQualifierShouldRemoveInstallIIS (False,True) row 3"
                time="0.0013816"/>
      <testcase classname="Philips.CareEvent.Test.OruControlTests"
                name="OruFilterTests"
                time="0.0349726"/>
      <testcase classname="Philips.IX.UserManagement.Test.UserAuthenticatorsTest"
                name="UserAuthenticatorProveIdWebApiUniqueIdSecondFactorTest (True,False,False) row 1"
                time="0.0534931"/>
      <testcase classname="Philips.IX.UserManagement.Test.UserAuthenticatorsTest"
                name="UserAuthenticatorProveIdWebApiUniqueIdSecondFactorTest (False,True,True) row 2"
                time="0.0519222"/>
      <testcase classname="Philips.IX.UserManagement.Test.UserAuthenticatorsTest"
                name="UserAuthenticatorProveIdWebApiUniqueIdSecondFactorTest (True,True,False) row 3"
                time="0.0518162"/>
      <testcase classname="Philips.PMP.Test.Auto.PatientServiceTest"
                name="PatientServiceProcessHisPatientForAutoAdtTransferTest (True,True,True,False,False) row 1"
                time="0.1554335"/>
      <testcase classname="Philips.PMP.Test.Auto.PatientServiceTest"
                name="PatientServiceProcessHisPatientForAutoAdtTransferTest (False,True,True,False,False) row 2"
                time="0.0201158"/>
      <testcase classname="Philips.PMP.Test.Auto.PatientServiceTest"
                name="PatientServiceProcessHisPatientForAutoAdtTransferTest (False,True,False,False,False) row 3"
                time="0.0216945"/>
      <testcase classname="Philips.PMP.Test.Auto.PatientServiceTest"
                name="PatientServiceProcessHisPatientForAutoAdtTransferTest (False,True,False,True,True) row 4"
                time="0.025253"/>
      <testcase classname="Philips.PMP.Test.Auto.PatientServiceTest"
                name="PatientServiceProcessHisPatientForAutoAdtTransferTest (False,False,False,True,True) row 5"
                time="0.0203361"/>
      <testcase classname="Philips.PMP.Test.Auto.EventNotificationValidatorTest"
                name="WarningMessageForSharedAssignmentScenario"
                time="0.0053934"/>
      <testcase classname="Philips.PMP.Test.Auto.Hl7ConnectionTest"
                name="Hl7NeedsTimeSyncTest"
                time="0.0143391"/>
      <testcase classname="Philips.PMP.Test.Auto.DeviceControlProviderTest"
                name="MonitorControlsPatientSettingTest"
                time="0.294746"/>
      <testcase classname="Philips.PMP.Test.Auto.InfoEventProviderTest"
                name="InfoEventFilterEndedBeforeQueryTime"
                time="0.0250905"/>
      <testcase classname="Philips.PMP.Test.Auto.WatchdogProviderTest"
                name="GetProcessRestartCountForBadComponentTest"
                time="0.0284068"/>
      <testcase classname="Philips.PMP.Test.Auto.NotificationSettingProviderTest"
                name="DeleteNurseRoleAndSaveRoleSettingsShouldNotCrash"
                time="0.2775077"/>
      <testcase classname="Philips.PMP.Test.Auto.ClinicalAuditHelperTest"
                name="GetInstitutionNameTest"
                time="0.0031786"/>
      <testcase classname="Philips.CareEvent.Test.EventNotificationServiceTest"
                name="EventNotificationServiceUpdateEventStatusEmptyInputsTest"
                time="0.1495603"/>
      <testcase classname="Philips.PMP.Test.Auto.WaveStripProviderTest"
                name="ExportTest"
                time="0.2846757"/>
      <testcase classname="Philips.PMP.Test.Auto.MulticastZoneControlTest"
                name="OnMoveTest (True,False,None,1) row 1"
                time="0.0416786"/>
      <testcase classname="Philips.PMP.Test.Auto.MulticastZoneControlTest"
                name="OnMoveTest (True,True,Yes,1) row 2"
                time="0.0342764"/>
      <testcase classname="Philips.PMP.Test.Auto.MulticastZoneControlTest"
                name="OnMoveTest (True,True,No,0) row 3"
                time="0.0346721"/>
      <testcase classname="Philips.PMP.Test.Auto.MulticastZoneControlTest"
                name="OnMoveTest (False,False,None,0) row 4"
                time="0.0355768"/>
      <testcase classname="Philips.PMP.Test.Auto.ScheduleProviderTest"
                name="ScheduleProviderStoreTest"
                time="0.0155005"/>
      <testcase classname="Philips.PMP.Test.Auto.BedLabelValidatorTest"
                name="EventNotificationLicenseValidationFailsOnAddBeds"
                time="0.0379065"/>
      <testcase classname="Philips.PMP.Test.Auto.IHEDriverConnectionSettingControlTest"
                name="ConnectionSettingControlOnAddConnectionTest (True,1) row 1"
                time="0.021071"/>
      <testcase classname="Philips.PMP.Test.Auto.IHEDriverConnectionSettingControlTest"
                name="ConnectionSettingControlOnAddConnectionTest (False,0) row 2"
                time="0.0480725"/>
      <testcase classname="Philips.PMP.Test.Auto.DeviceBatteryProcessorTest"
                name="DeviceBatteryPwdFilterTest (EightyPercent,89,EightyPercent) row 1"
                time="0.0005638"/>
      <testcase classname="Philips.PMP.Test.Auto.DeviceBatteryProcessorTest"
                name="DeviceBatteryPwdFilterTest (SixtyPercent,63,SixtyPercent) row 2"
                time="0.0003675"/>
      <testcase classname="Philips.PMP.Test.Auto.DeviceBatteryProcessorTest"
                name="DeviceBatteryPwdFilterTest (FortyPercent,44,FortyPercent) row 3"
                time="0.0003273"/>
      <testcase classname="Philips.PMP.Test.Auto.DeviceBatteryProcessorTest"
                name="DeviceBatteryPwdFilterTest (TwentyPercent,21,TwentyPercent) row 4"
                time="0.0003824"/>
      <testcase classname="Philips.PMP.Test.Auto.DeviceBatteryProcessorTest"
                name="DeviceBatteryPwdFilterTest (LowWarning,11,LowWarning) row 5"
                time="0.0003352"/>
      <testcase classname="Philips.PMP.Test.Auto.DeviceBatteryProcessorTest"
                name="DeviceBatteryPwdFilterTest (Full,76,EightyPercent) row 6"
                time="0.0003441"/>
      <testcase classname="Philips.PMP.Test.Auto.DeviceBatteryProcessorTest"
                name="DeviceBatteryPwdFilterTest (Full,100,Full) row 7"
                time="0.0003088"/>
      <testcase classname="Philips.PMP.Test.Auto.UptimeTrackingAlertNotificationTest"
                name="AlertDispatcherFiltersTrackedMessages"
                time="0.0039311"/>
      <testcase classname="Philips.PMP.Test.Auto.PatientServiceHelperTest"
                name="PatientServiceHelperIsNewSystemIdTest"
                time="0.0026139"/>
      <testcase classname="Philips.PMP.Test.Auto.WaveProviderTest"
                name="WaveProviderDynamicAttributeTest"
                time="0.0266591"/>
      <testcase classname="Philips.PMP.Test.Auto.WirelessDeviceStatisticsTest"
                name="OnGetSnmpDataTest"
                time="0.0140143"/>
      <testcase classname="Philips.CareEvent.Test.CareAssignmentControlTests"
                name="UpdateApplicationLabelTextVerify"
                time="0.0456462"/>
      <testcase classname="Philips.PMP.Test.Auto.NotificationSettingProviderTest"
                name="GetUnitAndTextNotificationRolesTest"
                time="0.0101269"/>
      <testcase classname="Philips.CareEvent.Test.DemoEventNotificationQualifierTest"
                name="DemoEventNotificationQualifierCorrect (True) row 1"
                time="0.0018215"/>
      <testcase classname="Philips.CareEvent.Test.DemoEventNotificationQualifierTest"
                name="DemoEventNotificationQualifierCorrect (False) row 2"
                time="0.0135596"/>
      <testcase classname="Philips.PIC.DeviceUserManagement.Test.DeviceUserManagementRequestProcessorTest"
                name="DeviceUserManagementRequestProcessorMapCard"
                time="0.0191081"/>
      <testcase classname="Philips.PIC.SharedAssignment.Test.SharedAssignmentHelperTest"
                name="InitializeInstitutionToUnitsShouldChoseZoneName (True) row 1"
                time="0.4154622"/>
      <testcase classname="Philips.PIC.SharedAssignment.Test.SharedAssignmentHelperTest"
                name="InitializeInstitutionToUnitsShouldChoseZoneName (False) row 2"
                time="0.0014728"/>
      <testcase classname="Philips.PMP.Test.Auto.FeatureAssignmentHelperTest"
                name="FeatureAssignmentHelperGetAvailableHostTypesTest (CCL,DB3,PXX,PPX,Surveillance, Overview, Acquisition, Server) row 1"
                time="0.0025057"/>
      <testcase classname="Philips.PMP.Test.Auto.FeatureAssignmentHelperTest"
                name="FeatureAssignmentHelperGetAvailableHostTypesTest (CCL,DB3,PXX,MP0,Overview, Server) row 2"
                time="0.0007127"/>
      <testcase classname="Philips.PMP.Test.Auto.FeatureAssignmentHelperTest"
                name="FeatureAssignmentHelperGetAvailableHostTypesTest (CCL,DB3,MP0,PPX,Acquisition, Server) row 3"
                time="0.0005645"/>
      <testcase classname="Philips.PMP.Test.Auto.FeatureAssignmentHelperTest"
                name="FeatureAssignmentHelperGetAvailableHostTypesTest (CCL,DB1,PLX,PXX,Overview, StandaloneLink) row 4"
                time="0.00074"/>
      <testcase classname="Philips.PMP.Test.Auto.FeatureAssignmentHelperTest"
                name="FeatureAssignmentHelperGetAvailableHostTypesTest (CCL,DB1,PXX,PPX,Overview, StandalonePic) row 5"
                time="0.0006932"/>
      <testcase classname="Philips.PMP.Test.Auto.FeatureAssignmentHelperTest"
                name="FeatureAssignmentHelperGetAvailableHostTypesTest (CCL,DB1,STANDBY,PPX,StandalonePic, Standby) row 6"
                time="0.0005443"/>
      <testcase classname="Philips.PMP.Test.Auto.AutoAdtConfigControlHelperTest"
                name="ShouldShowWarningTest"
                time="0.0014768"/>
      <testcase classname="Philips.iX.UserManagement.Test.AuthenticationHelperTest"
                name="AuthenticationHelperUnknownUser"
                time="0.30767"/>
      <testcase classname="Philips.PMP.Test.Auto.SystemPerformanceTest"
                name="AssignMultipleProfilesToHost"
                time="0.7856005"/>
      <testcase classname="Philips.PMP.Test.Auto.MobileRequestValidatorTest"
                name="MobileRequestIsRemoteControlEnableValidation (AcknowledgeAlarmRequest,True,Success) row 1"
                time="0.0224311"/>
      <testcase classname="Philips.PMP.Test.Auto.MobileRequestValidatorTest"
                name="MobileRequestIsRemoteControlEnableValidation (AcknowledgeAlarmRequest,False,PermissionError) row 2"
                time="0.0016485"/>
      <testcase classname="Philips.PMP.Test.Auto.MobileRequestValidatorTest"
                name="MobileRequestIsRemoteControlEnableValidation (NumericControlsRequest,True,Success) row 3"
                time="0.0017259"/>
      <testcase classname="Philips.PMP.Test.Auto.MobileRequestValidatorTest"
                name="MobileRequestIsRemoteControlEnableValidation (NumericControlsRequest,False,PermissionError) row 4"
                time="0.0015029"/>
      <testcase classname="Philips.PMP.Test.Auto.WaveChunkerTest"
                name="GetChunksValidateWaveDictionaryListCount"
                time="0.0044901"/>
      <testcase classname="Philips.PMP.Test.Auto.W32TimeStatusTest"
                name="ParseNullOrWhitespace"
                time="0.0009945"/>
      <testcase classname="Philips.PMP.Test.Auto.PatientDataExportTest"
                name="ComplexMetricDecompositionTest"
                time="0.0005524"/>
      <testcase classname="Philips.PMP.Test.Auto.TimeWaveProviderTest"
                name="TimeWaveStTwoInQuantum"
                time="0.0205933"/>
      <testcase classname="Philips.PMP.Test.Auto.LicenseExtensionsTest"
                name="LicenseExtensionsIsTopologyStandalonePatientLink"
                time="0.0012021"/>
      <testcase classname="Philips.PMP.LicenseService.Test.UnitLicenseFeaturesDeterminerTest"
                name="GetUnitFeaturesWillGetDefaultIfThereAreNoFeatureValues"
                time="0.034331"/>
      <testcase classname="Philips.PMP.Test.Auto.DeviceBatteryProcessorTest"
                name="DeviceBatteryDisplayLevelTest (10,False,LowWarning) row 1"
                time="0.0023666"/>
      <testcase classname="Philips.PMP.Test.Auto.DeviceBatteryProcessorTest"
                name="DeviceBatteryDisplayLevelTest (20,False,TwentyPercent) row 2"
                time="0.0008383"/>
      <testcase classname="Philips.PMP.Test.Auto.DeviceBatteryProcessorTest"
                name="DeviceBatteryDisplayLevelTest (40,False,FortyPercent) row 3"
                time="0.0013011"/>
      <testcase classname="Philips.PMP.Test.Auto.DeviceBatteryProcessorTest"
                name="DeviceBatteryDisplayLevelTest (60,False,SixtyPercent) row 4"
                time="0.0010765"/>
      <testcase classname="Philips.PMP.Test.Auto.DeviceBatteryProcessorTest"
                name="DeviceBatteryDisplayLevelTest (80,False,EightyPercent) row 5"
                time="0.0009702"/>
      <testcase classname="Philips.PMP.Test.Auto.DeviceBatteryProcessorTest"
                name="DeviceBatteryDisplayLevelTest (100,False,Full) row 6"
                time="0.0009987"/>
      <testcase classname="Philips.PMP.Test.Auto.DeviceBatteryProcessorTest"
                name="DeviceBatteryDisplayLevelTest (110,False,Full) row 7"
                time="0.0006174"/>
      <testcase classname="Philips.PMP.Test.Auto.DeviceBatteryProcessorTest"
                name="DeviceBatteryDisplayLevelTest (10,True,ChargingLowWarning) row 8"
                time="0.0009104"/>
      <testcase classname="Philips.PMP.Test.Auto.DeviceBatteryProcessorTest"
                name="DeviceBatteryDisplayLevelTest (20,True,ChargingTwentyPercent) row 9"
                time="0.0005331"/>
      <testcase classname="Philips.PMP.Test.Auto.DeviceBatteryProcessorTest"
                name="DeviceBatteryDisplayLevelTest (40,True,ChargingFortyPercent) row 10"
                time="0.0009134"/>
      <testcase classname="Philips.PMP.Test.Auto.DeviceBatteryProcessorTest"
                name="DeviceBatteryDisplayLevelTest (60,True,ChargingSixtyPercent) row 11"
                time="0.000466"/>
      <testcase classname="Philips.PMP.Test.Auto.DeviceBatteryProcessorTest"
                name="DeviceBatteryDisplayLevelTest (80,True,ChargingEightyPercent) row 12"
                time="0.0009745"/>
      <testcase classname="Philips.PMP.Test.Auto.DeviceBatteryProcessorTest"
                name="DeviceBatteryDisplayLevelTest (100,True,ChargingFull) row 13"
                time="0.0009054"/>
      <testcase classname="Philips.PMP.Test.Auto.DeviceBatteryProcessorTest"
                name="DeviceBatteryDisplayLevelTest (110,True,ChargingFull) row 14"
                time="0.0015194"/>
      <testcase classname="Philips.PMP.Test.Auto.AlertsTest"
                name="AlertsCompareTest"
                time="0.0005886"/>
      <testcase classname="Philips.PMP.Test.Auto.MulticastZoneControlTest"
                name="InitializeControlTest"
                time="0.0610992"/>
      <testcase classname="Philips.CareEvent.Test.AddMobileDevicesControlTests"
                name="InvalidInputTest"
                time="0.0514269"/>
      <testcase classname="Philips.PMP.Test.Auto.HL7Test"
                name="BasicHL7ConfigurationTest"
                time="0.3783574"/>
      <testcase classname="Philips.PMP.Test.Auto.EfficiaDeviceCommunicatorTest"
                name="EfficiaDeviceCommunicatorParseMonitorDeviceInfoMessageTest (True) row 1"
                time="0.0086589"/>
      <testcase classname="Philips.PMP.Test.Auto.EfficiaDeviceCommunicatorTest"
                name="EfficiaDeviceCommunicatorParseMonitorDeviceInfoMessageTest (False) row 2"
                time="0.0007827"/>
      <testcase classname="Philips.PMP.Test.Auto.PatientDataExportStorageTest"
                name="PdxDbMaintenanceLockTest"
                time="0.0288745"/>
      <testcase classname="Philips.PMP.Test.Auto.PhysioDataTest"
                name="PhysioDataEnumIsEwsScore (63882,True) row 1"
                time="0.0008593"/>
      <testcase classname="Philips.PMP.Test.Auto.PhysioDataTest"
                name="PhysioDataEnumIsEwsScore (63986,True) row 2"
                time="0.0004474"/>
      <testcase classname="Philips.PMP.Test.Auto.PhysioDataTest"
                name="PhysioDataEnumIsEwsScore (63882,True) row 3"
                time="0.0003622"/>
      <testcase classname="Philips.PMP.Test.Auto.PhysioDataTest"
                name="PhysioDataEnumIsEwsScore (62062,True) row 4"
                time="0.0004275"/>
      <testcase classname="Philips.PMP.Test.Auto.PhysioDataTest"
                name="PhysioDataEnumIsEwsScore (64063,True) row 5"
                time="0.0003379"/>
      <testcase classname="Philips.PMP.Test.Auto.PhysioDataTest"
                name="PhysioDataEnumIsEwsScore (64064,True) row 6"
                time="0.0007905"/>
      <testcase classname="Philips.PMP.Test.Auto.PhysioDataTest"
                name="PhysioDataEnumIsEwsScore (63881,False) row 7"
                time="0.0003614"/>
      <testcase classname="Philips.PMP.Test.Auto.EventNotificationSettingControlTest"
                name="CopyShouldWorkWithValidRoles (False,True,True,False) row 1"
                time="0.0259517"/>
      <testcase classname="Philips.PMP.Test.Auto.EventNotificationSettingControlTest"
                name="CopyShouldWorkWithValidRoles (True,False,True,False) row 2"
                time="0.037751"/>
      <testcase classname="Philips.PMP.Test.Auto.EventNotificationSettingControlTest"
                name="CopyShouldWorkWithValidRoles (True,True,False,False) row 3"
                time="0.0296849"/>
      <testcase classname="Philips.PMP.Test.Auto.EventNotificationSettingControlTest"
                name="CopyShouldWorkWithValidRoles (False,False,True,False) row 4"
                time="0.0232461"/>
      <testcase classname="Philips.PMP.Test.Auto.EventNotificationSettingControlTest"
                name="CopyShouldWorkWithValidRoles (True,False,False,False) row 5"
                time="0.0298857"/>
      <testcase classname="Philips.PMP.Test.Auto.EventNotificationSettingControlTest"
                name="CopyShouldWorkWithValidRoles (False,True,False,False) row 6"
                time="0.0244999"/>
      <testcase classname="Philips.PMP.Test.Auto.EventNotificationSettingControlTest"
                name="CopyShouldWorkWithValidRoles (False,False,False,False) row 7"
                time="0.0290035"/>
      <testcase classname="Philips.PMP.Test.Auto.EventNotificationSettingControlTest"
                name="CopyShouldWorkWithValidRoles (True,True,True,True) row 8"
                time="0.0233273"/>
      <testcase classname="Philips.PMP.Test.Auto.PatientFieldsValidatorTest"
                name="PatientFieldsValidatorValidateBmiWeightHidden"
                time="0.0010647"/>
      <testcase classname="Philips.PMP.Test.Auto.W32TimeStatusTest"
                name="ParseOneOrManyTimeSources"
                time="0.0006088"/>
      <testcase classname="Philips.PMP.Test.Auto.CameraSystemControlTest"
                name="CameraSystemControlCancel"
                time="0.0845247"/>
      <testcase classname="Philips.PMP.Test.Auto.BodyCalculationsControlHelperTest"
                name="BodyCalculationsHelperGetUnitsOfMeasureSetting (Centimeters,Kilograms,Boyd) row 1"
                time="0.0017124"/>
      <testcase classname="Philips.PMP.Test.Auto.BodyCalculationsControlHelperTest"
                name="BodyCalculationsHelperGetUnitsOfMeasureSetting (Inches,Pounds,Dubois) row 2"
                time="0.0007365"/>
      <testcase classname="Philips.PMP.Test.Auto.BodyCalculationsControlHelperTest"
                name="BodyCalculationsHelperGetUnitsOfMeasureSetting (Centimeters,Grams,Boyd) row 3"
                time="0.0006244"/>
      <testcase classname="Philips.PMP.Test.Auto.SystemPerformanceTest"
                name="GetValuesByHostConfigB"
                time="0.7743739"/>
      <testcase classname="Philips.IX.UserManagement.Test.UserContextTest"
                name="LoginLogoutSuccessTest"
                time="0.0946117"/>
      <testcase classname="Philips.PMP.Test.Auto.MobilityServiceHelperTest"
                name="GetMobileUnitSort"
                time="0.0052931"/>
      <testcase classname="Philips.iX.InboundDataBridge.Test.SdcTimeMgrTest"
                name="GetPdsTimeTest (1000,1000,1000,1000) row 1"
                time="0.0023925"/>
      <testcase classname="Philips.iX.InboundDataBridge.Test.SdcTimeMgrTest"
                name="GetPdsTimeTest (0,0,1000,0) row 2"
                time="0.000266"/>
      <testcase classname="Philips.iX.InboundDataBridge.Test.SdcTimeMgrTest"
                name="GetPdsTimeTest (2000,1000,1500,1000) row 3"
                time="0.0001833"/>
      <testcase classname="Philips.iX.InboundDataBridge.Test.SdcTimeMgrTest"
                name="GetPdsTimeTest (2000,1000,2500,1500) row 4"
                time="0.0002977"/>
      <testcase classname="Philips.PMP.Test.Auto.HostAccessAndPermissionsCheckerTest"
                name="HostAccessAndPermissionsCheckerShouldEnable"
                time="0.0140787"/>
      <testcase classname="Philips.PMP.Test.Auto.ProxyTest"
                name="CanReturnDataFromProxy"
                time="0.02444"/>
      <testcase classname="Philips.PMP.Test.Auto.Hl7AlarmClientMgrTest"
                name="AlarmClientProcessReceivedAlarmTest"
                time="0.0035201"/>
      <testcase classname="Philips.PMP.Test.Auto.PatientAssignmentHelperTest"
                name="GetMyDisplayLabelTest"
                time="0.0013365"/>
      <testcase classname="Philips.PMP.Test.Auto.NumericProviderTest"
                name="NumericProviderPeriodicWithUnavailableData (Raw,Resolution1Sec) row 1"
                time="0.0178475"/>
      <testcase classname="Philips.PMP.Test.Auto.NumericProviderTest"
                name="NumericProviderPeriodicWithUnavailableData (TwelveSecondMedian,Resolution12Sec) row 2"
                time="0.0248715"/>
      <testcase classname="Philips.PMP.Test.Auto.NumericProviderTest"
                name="NumericProviderPeriodicWithUnavailableData (SixtySecondMedian,Resolution60Sec) row 3"
                time="0.0185627"/>
      <testcase classname="Philips.IX.UserManagement.Test.UserAuthenticationSessionTest"
                name="UserAuthenticationSessionAuthenticatorBasic (True) row 1"
                time="0.1320543"/>
      <testcase classname="Philips.IX.UserManagement.Test.UserAuthenticationSessionTest"
                name="UserAuthenticationSessionAuthenticatorBasic (False) row 2"
                time="0.0047736"/>
      <testcase classname="Philips.PMP.Test.Auto.LinkedListTest"
                name="LinkedListFindNonexistentNode"
                time="0.004669"/>
      <testcase classname="Philips.PMP.Test.Auto.UnitPatientSubscriberTest"
                name="UnitPatientSubscriberCanInitializeAndReadPatientCache"
                time="0.02244"/>
      <testcase classname="Philips.PMP.Test.Auto.CategorySequenceMoverTest"
                name="MoveCategoryUIShouldReorderTree (InfoModel,up,top-level,0,System.Byte[]) row 1"
                time="0.0108822"/>
      <testcase classname="Philips.PMP.Test.Auto.CategorySequenceMoverTest"
                name="MoveCategoryUIShouldReorderTree (InfoModel,up,top-level,1,System.Byte[]) row 2"
                time="0.0032552"/>
      <testcase classname="Philips.PMP.Test.Auto.CategorySequenceMoverTest"
                name="MoveCategoryUIShouldReorderTree (InfoModel,up,top-level,2,System.Byte[]) row 3"
                time="0.0033974"/>
      <testcase classname="Philips.PMP.Test.Auto.CategorySequenceMoverTest"
                name="MoveCategoryUIShouldReorderTree (InfoModel,up,child-level,0,System.Byte[]) row 4"
                time="0.0033825"/>
      <testcase classname="Philips.PMP.Test.Auto.CategorySequenceMoverTest"
                name="MoveCategoryUIShouldReorderTree (InfoModel,up,child-level,1,System.Byte[]) row 5"
                time="0.003885"/>
      <testcase classname="Philips.PMP.Test.Auto.CategorySequenceMoverTest"
                name="MoveCategoryUIShouldReorderTree (InfoModel,up,child-level,2,System.Byte[]) row 6"
                time="0.0033029"/>
      <testcase classname="Philips.PMP.Test.Auto.CategorySequenceMoverTest"
                name="MoveCategoryUIShouldReorderTree (InfoModel,down,top-level,2,System.Byte[]) row 7"
                time="0.0051167"/>
      <testcase classname="Philips.PMP.Test.Auto.CategorySequenceMoverTest"
                name="MoveCategoryUIShouldReorderTree (InfoModel,down,top-level,1,System.Byte[]) row 8"
                time="0.0033654"/>
      <testcase classname="Philips.PMP.Test.Auto.CategorySequenceMoverTest"
                name="MoveCategoryUIShouldReorderTree (InfoModel,down,top-level,0,System.Byte[]) row 9"
                time="0.0032235"/>
      <testcase classname="Philips.PMP.Test.Auto.CategorySequenceMoverTest"
                name="MoveCategoryUIShouldReorderTree (InfoModel,down,child-level,2,System.Byte[]) row 10"
                time="0.0033739"/>
      <testcase classname="Philips.PMP.Test.Auto.CategorySequenceMoverTest"
                name="MoveCategoryUIShouldReorderTree (InfoModel,down,child-level,1,System.Byte[]) row 11"
                time="0.0035894"/>
      <testcase classname="Philips.PMP.Test.Auto.CategorySequenceMoverTest"
                name="MoveCategoryUIShouldReorderTree (InfoModel,down,child-level,0,System.Byte[]) row 12"
                time="0.0032432"/>
      <testcase classname="Philips.PMP.Test.Auto.CategorySequenceMoverTest"
                name="MoveCategoryUIShouldReorderTree (UI,up,top-level,0,System.Byte[]) row 13"
                time="0.0043402"/>
      <testcase classname="Philips.PMP.Test.Auto.CategorySequenceMoverTest"
                name="MoveCategoryUIShouldReorderTree (UI,up,top-level,1,System.Byte[]) row 14"
                time="0.0052155"/>
      <testcase classname="Philips.PMP.Test.Auto.CategorySequenceMoverTest"
                name="MoveCategoryUIShouldReorderTree (UI,up,top-level,2,System.Byte[]) row 15"
                time="0.0032423"/>
      <testcase classname="Philips.PMP.Test.Auto.CategorySequenceMoverTest"
                name="MoveCategoryUIShouldReorderTree (UI,up,child-level,0,System.Byte[]) row 16"
                time="0.0031825"/>
      <testcase classname="Philips.PMP.Test.Auto.CategorySequenceMoverTest"
                name="MoveCategoryUIShouldReorderTree (UI,up,child-level,1,System.Byte[]) row 17"
                time="0.0031713"/>
      <testcase classname="Philips.PMP.Test.Auto.CategorySequenceMoverTest"
                name="MoveCategoryUIShouldReorderTree (UI,up,child-level,2,System.Byte[]) row 18"
                time="0.0032017"/>
      <testcase classname="Philips.PMP.Test.Auto.CategorySequenceMoverTest"
                name="MoveCategoryUIShouldReorderTree (UI,down,top-level,2,System.Byte[]) row 19"
                time="0.0039798"/>
      <testcase classname="Philips.PMP.Test.Auto.CategorySequenceMoverTest"
                name="MoveCategoryUIShouldReorderTree (UI,down,top-level,1,System.Byte[]) row 20"
                time="0.0032196"/>
      <testcase classname="Philips.PMP.Test.Auto.CategorySequenceMoverTest"
                name="MoveCategoryUIShouldReorderTree (UI,down,top-level,0,System.Byte[]) row 21"
                time="0.0032524"/>
      <testcase classname="Philips.PMP.Test.Auto.CategorySequenceMoverTest"
                name="MoveCategoryUIShouldReorderTree (UI,down,child-level,2,System.Byte[]) row 22"
                time="0.0037209"/>
      <testcase classname="Philips.PMP.Test.Auto.CategorySequenceMoverTest"
                name="MoveCategoryUIShouldReorderTree (UI,down,child-level,1,System.Byte[]) row 23"
                time="0.0032367"/>
      <testcase classname="Philips.PMP.Test.Auto.CategorySequenceMoverTest"
                name="MoveCategoryUIShouldReorderTree (UI,down,child-level,0,System.Byte[]) row 24"
                time="0.0031251"/>
      <testcase classname="Philips.PMP.Test.Auto.UnitSettingsCacheTest"
                name="UnitSettingsCachePatientFieldsSettingsTest (DriversLicense) row 1"
                time="0.0214131"/>
      <testcase classname="Philips.PMP.Test.Auto.UnitSettingsCacheTest"
                name="UnitSettingsCachePatientFieldsSettingsTest (SSN) row 2"
                time="0.0048699"/>
      <testcase classname="Philips.PMP.Test.Auto.PatientAssignmentHelperTest"
                name="FormatLocalizedValueAsLabelTest"
                time="0.0004964"/>
      <testcase classname="Philips.PMP.Test.Auto.EventNotificationMgrTest"
                name="ClearRoleLockWhenSharedAssignmentIsAddedAndLocked (True) row 1"
                time="0.0137484"/>
      <testcase classname="Philips.PMP.Test.Auto.EventNotificationMgrTest"
                name="ClearRoleLockWhenSharedAssignmentIsAddedAndLocked (False) row 2"
                time="0.0026614"/>
      <testcase classname="Philips.PMP.Test.Auto.UnassignedPatientCacheTest"
                name="UnassignedPatientCacheTryFindPatientByPatientIdentifiers (001,visit1,True) row 1"
                time="0.0023367"/>
      <testcase classname="Philips.PMP.Test.Auto.UnassignedPatientCacheTest"
                name="UnassignedPatientCacheTryFindPatientByPatientIdentifiers (002,visit2,True) row 2"
                time="0.0010906"/>
      <testcase classname="Philips.PMP.Test.Auto.UnassignedPatientCacheTest"
                name="UnassignedPatientCacheTryFindPatientByPatientIdentifiers (,visit2,False) row 3"
                time="0.0008638"/>
      <testcase classname="Philips.PMP.Test.Auto.UnassignedPatientCacheTest"
                name="UnassignedPatientCacheTryFindPatientByPatientIdentifiers (,visit8,True) row 4"
                time="0.0008636"/>
      <testcase classname="Philips.PMP.Test.Auto.UnassignedPatientCacheTest"
                name="UnassignedPatientCacheTryFindPatientByPatientIdentifiers (005,,True) row 5"
                time="0.0008831"/>
      <testcase classname="Philips.PMP.Test.Auto.SurveillanceUiControlsTest"
                name="SectorHeaderAuditNotificationUserTest (True) row 1"
                time="0.0309257"/>
      <testcase classname="Philips.PMP.Test.Auto.SurveillanceUiControlsTest"
                name="SectorHeaderAuditNotificationUserTest (False) row 2"
                time="0.0386636"/>
      <testcase classname="Philips.PMP.Test.Auto.DeviceCompatibilityDeterminerTest"
                name="DeviceCompatibilitySecurityTest"
                time="0.0016689"/>
      <testcase classname="Philips.PMP.Test.Auto.PatientAssignmentHelperTest"
                name="GetBatteriesStringTest"
                time="0.0013854"/>
      <testcase classname="Philips.CareEvent.Test.EventMonitorListsMgrTest"
                name="EventMonitorSyncBackTest"
                time="0.0254648"/>
      <testcase classname="Philips.PMP.Test.Auto.EnumerationProviderTest"
                name="EnumerationProviderStoreMultipleValues"
                time="0.0316114"/>
      <testcase classname="Philips.PMP.Test.Auto.SurveillanceLayoutTest"
                name="LayoutOverOrUndersizedDisplaysTest"
                time="0.1546868"/>
      <testcase classname="Philips.PMP.Test.Auto.WatchdogQualifierTest"
                name="QualifierCorrectTest (True,True,True) row 1"
                time="0.0092237"/>
      <testcase classname="Philips.PMP.Test.Auto.WatchdogQualifierTest"
                name="QualifierCorrectTest (True,True,False) row 2"
                time="0.0056183"/>
      <testcase classname="Philips.PMP.Test.Auto.WatchdogQualifierTest"
                name="QualifierCorrectTest (True,False,True) row 3"
                time="0.0047746"/>
      <testcase classname="Philips.PMP.Test.Auto.WatchdogQualifierTest"
                name="QualifierCorrectTest (False,True,True) row 4"
                time="0.0100768"/>
      <testcase classname="Philips.PMP.Test.Auto.WatchdogQualifierTest"
                name="QualifierCorrectTest (False,True,False) row 5"
                time="0.007137"/>
      <testcase classname="Philips.PMP.Test.Auto.WatchdogQualifierTest"
                name="QualifierCorrectTest (False,False,True) row 6"
                time="0.0057613"/>
      <testcase classname="Philips.PMP.Test.Auto.BedToBedOverviewWavePriorityProviderTest"
                name="RevertUnitWavePriorityToFactoryDefault"
                time="0.0046442"/>
      <testcase classname="Philips.PMP.Test.Auto.PhysioDataSubscriptionTest"
                name="AllEcgWavesWorksWithAnalysisTest"
                time="0.0009516"/>
      <testcase classname="Philips.PIC.RfidReader.Test.PcProxReaderWrapperTest"
                name="PcProxReaderWrapperShutdownTest"
                time="0.0042836"/>
      <testcase classname="Philips.PMP.Test.Auto.DhcpProviderTest"
                name="IpNoAvailable"
                time="0.2926649"/>
      <testcase classname="Philips.PMP.Test.Auto.DtlsTest"
                name="DtlsIsRemoteCertificateValidTest (True) row 1"
                time="0.0664128"/>
      <testcase classname="Philips.PMP.Test.Auto.DtlsTest"
                name="DtlsIsRemoteCertificateValidTest (False) row 2"
                time="0.0007051"/>
      <testcase classname="Philips.PMP.Test.Auto.CaregiverPaginatorTest"
                name="ToEndShouldReturnToLastPageWhenPagesExactlyFull"
                time="0.0003863"/>
      <testcase classname="Philips.PMP.Test.Auto.PatientAssignmentControlValidatorTest"
                name="PatientAssignmentControlValidatorValidateUnitAdmitTime"
                time="0.0007991"/>
      <testcase classname="Philips.PMP.Test.Auto.MobilityServiceHelperTest"
                name="GetControlStateById"
                time="0.0039484"/>
      <testcase classname="Philips.PMP.Test.Auto.Hl7OruEncoderTest"
                name="TelemdilDataIsNotDuplicatedOutClassicTest"
                time="0.0104789"/>
      <testcase classname="Philips.PMP.Test.Auto.EventCategorySettingsProviderTest"
                name="EventCategorySettingsProviderGetInUseTest"
                time="0.0067435"/>
      <testcase classname="Philips.PMP.Test.Auto.SectorControlTest"
                name="SectorControlCanChangeMeasurements (True,PatientManagement,False) row 1"
                time="0.0248048"/>
      <testcase classname="Philips.PMP.Test.Auto.SectorControlTest"
                name="SectorControlCanChangeMeasurements (False,PatientManagement,False) row 2"
                time="0.0241433"/>
      <testcase classname="Philips.PMP.Test.Auto.SectorControlTest"
                name="SectorControlCanChangeMeasurements (True,Measurements,True) row 3"
                time="0.0294832"/>
      <testcase classname="Philips.PMP.Test.Auto.SectorControlTest"
                name="SectorControlCanChangeMeasurements (False,Measurements,False) row 4"
                time="0.026951"/>
      <testcase classname="Philips.PMP.Test.Auto.DeviceProviderTest"
                name="ZoneEntityControlDeleteSwitchDeviceTest"
                time="0.0434081"/>
      <testcase classname="Philips.IX.UserManagement.Test.ProveIdWebApiMessageTest"
                name="MessageErrorStatusCodeTest"
                time="0.0346263"/>
      <testcase classname="Philips.PMP.Test.Auto.DbParameterTest"
                name="GetDataTableTypeDbInputParameterValueTest"
                time="0.0439874"/>
      <testcase classname="Philips.PMP.Test.Auto.ThirdPartyAppQualifierTest"
                name="ThirdPartyAppsBlaceIceInstallation"
                time="0.0065147"/>
      <testcase classname="Philips.PMP.Test.Auto.ApmDataConverterTest"
                name="WatchedComponentReportTimeDeltasAreConverted"
                time="0.0011967"/>
      <testcase classname="Philips.PMP.Test.Auto.PatientServiceHelperTest"
                name="PatientServiceHelperCreateNewPatientTest (False) row 1"
                time="0.0037066"/>
      <testcase classname="Philips.PMP.Test.Auto.PatientServiceHelperTest"
                name="PatientServiceHelperCreateNewPatientTest (True) row 2"
                time="0.0016863"/>
      <testcase classname="Philips.PMP.Test.Auto.PatientDataExportStorageTest"
                name="PdxStoreLongSerialNumbers"
                time="0.0215124"/>
      <testcase classname="Philips.PMP.Test.Auto.EventNotificationMgrTest"
                name="IsChargeRoleChangedTrueTest"
                time="0.0021952"/>
      <testcase classname="Philips.PMP.Test.Auto.DbArchiveHelperTest"
                name="DbArchiveHelperDefinesInstallParameters"
                time="0.2831029"/>
      <testcase classname="Philips.PMP.Test.Auto.PatientReadmitterTest"
                name="PatientReadmitterTestTryReadmitPatient (True) row 1"
                time="0.0097002"/>
      <testcase classname="Philips.PMP.Test.Auto.PatientReadmitterTest"
                name="PatientReadmitterTestTryReadmitPatient (False) row 2"
                time="0.0039864"/>
      <testcase classname="Philips.PMP.Test.Auto.CaregiverAssignmentProviderTest"
                name="GetLocationAssignments"
                time="0.0078601"/>
      <testcase classname="Philips.PMP.Test.Auto.EcgFilterHelperTest"
                name="EcgFilterDoesntFilterEfficiaWavesTest"
                time="0.0049676"/>
      <testcase classname="Philips.PMP.Test.Auto.LanDeviceAssignmentNotificationServiceTest"
                name="ReportToApmService (True,1) row 1"
                time="0.0328457"/>
      <testcase classname="Philips.PMP.Test.Auto.LanDeviceAssignmentNotificationServiceTest"
                name="ReportToApmService (False,0) row 2"
                time="0.0363766"/>
      <testcase classname="Philips.PMP.Test.Auto.PhysioDataDisplayHelperTest"
                name="StIndexExistsTest"
                time="0.0014937"/>
      <testcase classname="Philips.PMP.Test.Auto.MobileClinicalNotificationConverterTest"
                name="ConvertClinicalNotificationToMobileClinicalNotification"
                time="0.0681861"/>
      <testcase classname="Philips.PMP.Test.Auto.MobileDataHelperTest"
                name="MobileDataHelperSourceDeviceOnlyForDWC"
                time="0.0017209"/>
      <testcase classname="Philips.PMP.Test.Auto.PatientDataExportFileTest"
                name="PdxFileExportDoesNotFilterPeriodicNumericValues"
                time="0.0977674"/>
      <testcase classname="Philips.PMP.Test.Auto.EventNotificationValidatorTest"
                name="ValidateErrorWhenChargeRoleAndUnitRoleAreSameTest"
                time="0.2417788"/>
      <testcase classname="Philips.PMP.Test.Auto.EnterpriseProviderTest"
                name="GetMyZone"
                time="0.2548673"/>
      <testcase classname="Philips.PMP.Test.Auto.PatientServiceHelperTest"
                name="PatientServiceHelperCreatePatientInfoTest (False,False,False,False) row 1"
                time="0.0070736"/>
      <testcase classname="Philips.PMP.Test.Auto.PatientServiceHelperTest"
                name="PatientServiceHelperCreatePatientInfoTest (False,False,False,True) row 2"
                time="0.0017059"/>
      <testcase classname="Philips.PMP.Test.Auto.PatientServiceHelperTest"
                name="PatientServiceHelperCreatePatientInfoTest (True,False,False,False) row 3"
                time="0.002205"/>
      <testcase classname="Philips.PMP.Test.Auto.PatientServiceHelperTest"
                name="PatientServiceHelperCreatePatientInfoTest (True,True,False,False) row 4"
                time="0.0016074"/>
      <testcase classname="Philips.PMP.Test.Auto.PatientServiceHelperTest"
                name="PatientServiceHelperCreatePatientInfoTest (True,False,True,False) row 5"
                time="0.0015199"/>
      <testcase classname="Philips.PMP.Test.Auto.PatientServiceHelperTest"
                name="PatientServiceHelperCreatePatientInfoTest (True,True,True,True) row 6"
                time="0.0015492"/>
      <testcase classname="Philips.PMP.Test.Auto.CiReceiverTest"
                name="CiReceiverReceiveDataTest (0) row 1"
                time="0.0071841"/>
      <testcase classname="Philips.PMP.Test.Auto.CiReceiverTest"
                name="CiReceiverReceiveDataTest (1) row 2"
                time="0.0037671"/>
      <testcase classname="Philips.PMP.Test.Auto.CiReceiverTest"
                name="CiReceiverReceiveDataTest (2) row 3"
                time="0.0043814"/>
      <testcase classname="Philips.PMP.Test.Auto.EventCategorySettingsProviderTest"
                name="SetEventCategorySettingsShouldSetCustomEventCategory"
                time="0.4278861"/>
      <testcase classname="Philips.PMP.Test.Auto.ExternalTimeServerQualifierTest"
                name="ExternalTimeServerQualifierVerifiesAllHosts (Failure,Warning,Success,Failure) row 1"
                time="0.0690606"/>
      <testcase classname="Philips.PMP.Test.Auto.ExternalTimeServerQualifierTest"
                name="ExternalTimeServerQualifierVerifiesAllHosts (Warning,Warning,Success,Success) row 2"
                time="0.0144125"/>
      <testcase classname="Philips.PMP.Test.Auto.ExternalTimeServerQualifierTest"
                name="ExternalTimeServerQualifierVerifiesAllHosts (Success,Success,Success,Success) row 3"
                time="0.0269696"/>
      <testcase classname="Philips.PMP.Test.Auto.RetrospectiveDataEnumerationBridgeTest"
                name="MultipleEwsScoresDoNotHaveIdenticalAperiodicTimes (1,True) row 1"
                time="0.0247535"/>
      <testcase classname="Philips.PMP.Test.Auto.RetrospectiveDataEnumerationBridgeTest"
                name="MultipleEwsScoresDoNotHaveIdenticalAperiodicTimes (2,True) row 2"
                time="0.0300735"/>
      <testcase classname="Philips.PMP.Test.Auto.RetrospectiveDataEnumerationBridgeTest"
                name="MultipleEwsScoresDoNotHaveIdenticalAperiodicTimes (4,True) row 3"
                time="0.0504148"/>
      <testcase classname="Philips.PMP.Test.Auto.RetrospectiveDataEnumerationBridgeTest"
                name="MultipleEwsScoresDoNotHaveIdenticalAperiodicTimes (1,False) row 4"
                time="0.0129036"/>
      <testcase classname="Philips.PMP.Test.Auto.RetrospectiveDataEnumerationBridgeTest"
                name="MultipleEwsScoresDoNotHaveIdenticalAperiodicTimes (2,False) row 5"
                time="0.0277279"/>
      <testcase classname="Philips.PMP.Test.Auto.RetrospectiveDataEnumerationBridgeTest"
                name="MultipleEwsScoresDoNotHaveIdenticalAperiodicTimes (4,False) row 6"
                time="0.0460508"/>
      <testcase classname="Philips.PMP.Test.Auto.DhcpProviderTest"
                name="NicGetByMacAndScope"
                time="0.0091384"/>
      <testcase classname="Philips.PMP.Test.Auto.ControlRepositoryTest"
                name="ControlRepositoryNotifiesDaWhenTelemetryProfileChanged (True) row 1"
                time="0.0204623"/>
      <testcase classname="Philips.PMP.Test.Auto.ControlRepositoryTest"
                name="ControlRepositoryNotifiesDaWhenTelemetryProfileChanged (False) row 2"
                time="0.0046306"/>
      <testcase classname="Philips.IX.UserManagement.Test.UserAuthenticatorsTest"
                name="UserAuthenticatorProveIdWebApiPinSucceedTest"
                time="0.0494406"/>
      <testcase classname="Philips.PMP.Test.Auto.TrendUploadDvcTest"
                name="NoDuplicateDvcsRequestedForUploadTest"
                time="0.0017287"/>
      <testcase classname="Philips.PMP.Test.Auto.MulticastAddressProviderTest"
                name="GetMulticastAddresses"
                time="0.0915679"/>
      <testcase classname="Philips.PMP.Test.Auto.ProductInitializationHelperTest"
                name="ProductInitializeShouldInitializeAll"
                time="0.0011264"/>
      <testcase classname="Philips.PMP.Test.Auto.TrendUploadMgrTest"
                name="TwoDevicesCannotStartUploadsOfSameDeviceKeyTest"
                time="0.0016874"/>
      <testcase classname="Philips.PMP.Test.Auto.UtilitiesServiceTest"
                name="ValidateEventWorkflow"
                time="0.0061957"/>
      <testcase classname="Philips.CareEvent.Test.MobileDeviceManagementControlTests"
                name="SendTestMessageTest"
                time="0.0320708"/>
      <testcase classname="Philips.PIC.DataAcquisition.Test.MonitoringDeviceDaTest"
                name="MonitoringDeviceDaAddsSupportedDevices (Vs30,False,False,False) row 1"
                time="0.0257061"/>
      <testcase classname="Philips.PIC.DataAcquisition.Test.MonitoringDeviceDaTest"
                name="MonitoringDeviceDaAddsSupportedDevices (Vs30,True,False,False) row 2"
                time="0.0159455"/>
      <testcase classname="Philips.PIC.DataAcquisition.Test.MonitoringDeviceDaTest"
                name="MonitoringDeviceDaAddsSupportedDevices (Vs30,False,True,False) row 3"
                time="0.0190338"/>
      <testcase classname="Philips.PIC.DataAcquisition.Test.MonitoringDeviceDaTest"
                name="MonitoringDeviceDaAddsSupportedDevices (Vs30,True,True,True) row 4"
                time="0.0219432"/>
      <testcase classname="Philips.PMP.Test.Auto.PatientAssignmentControlValidatorTest"
                name="PatientAssignmentControlValidatorValidateAdmittedPatientRequiredFieldsEmpty"
                time="0.0020476"/>
      <testcase classname="Philips.IX.UserManagement.Test.UserAuthenticatorsTest"
                name="UserAuthenticatorLocalDirectoryPasswordSucceed3Test"
                time="0.0010146"/>
      <testcase classname="Philips.PMP.Test.Auto.IntelliBridgeLanConfigurationControlTest"
                name="UpdateLanServerDeviceTest"
                time="0.0539812"/>
      <testcase classname="Philips.PMP.Test.Auto.MobileLocationSettingsMgrTest"
                name="GetLocationSettingsRequestTest (True,True,True,True) row 1"
                time="0.0296762"/>
      <testcase classname="Philips.PMP.Test.Auto.MobileLocationSettingsMgrTest"
                name="GetLocationSettingsRequestTest (True,True,True,False) row 2"
                time="0.0058007"/>
      <testcase classname="Philips.PMP.Test.Auto.MobileLocationSettingsMgrTest"
                name="GetLocationSettingsRequestTest (True,True,False,True) row 3"
                time="0.0019247"/>
      <testcase classname="Philips.PMP.Test.Auto.MobileLocationSettingsMgrTest"
                name="GetLocationSettingsRequestTest (False,True,True,False) row 4"
                time="0.0123452"/>
      <testcase classname="Philips.PMP.Test.Auto.MobileLocationSettingsMgrTest"
                name="GetLocationSettingsRequestTest (True,False,False,True) row 5"
                time="0.0022026"/>
      <testcase classname="Philips.PMP.Test.Auto.MobileLocationSettingsMgrTest"
                name="GetLocationSettingsRequestTest (False,False,False,False) row 6"
                time="0.0025177"/>
      <testcase classname="Philips.PMP.Test.Auto.PhysioDataStorageServiceTest"
                name="LocalTimeMappingCombineTest (False,2,2) row 1"
                time="0.0136374"/>
      <testcase classname="Philips.PMP.Test.Auto.PhysioDataStorageServiceTest"
                name="LocalTimeMappingCombineTest (True,3,2) row 2"
                time="0.0033987"/>
      <testcase classname="Philips.PMP.Test.Auto.LocalSecurityPolicyQualifierTest"
                name="LocalSecurityPolicyQualifierVerifiesDepPolicy"
                time="0.232226"/>
      <testcase classname="Philips.PMP.Test.Auto.MobilePatientMgrTest"
                name="GetMobileBarcodeScanSettingsTest (LifetimeId,LifetimeId) row 1"
                time="0.006893"/>
      <testcase classname="Philips.PMP.Test.Auto.MobilePatientMgrTest"
                name="GetMobileBarcodeScanSettingsTest (EncounterId,EncounterId) row 2"
                time="0.0048669"/>
      <testcase classname="Philips.PMP.Test.Auto.MobilePatientMgrTest"
                name="GetMobileBarcodeScanSettingsTest (None,None) row 3"
                time="0.0126178"/>
      <testcase classname="Philips.PMP.Test.Auto.PatientIdTest"
                name="PatientIdSetIdsForPpisTest (True,True,True,True) row 1"
                time="0.0091426"/>
      <testcase classname="Philips.PMP.Test.Auto.PatientIdTest"
                name="PatientIdSetIdsForPpisTest (True,False,True,False) row 2"
                time="0.0021325"/>
      <testcase classname="Philips.PMP.Test.Auto.PatientIdTest"
                name="PatientIdSetIdsForPpisTest (False,True,False,True) row 3"
                time="0.0013685"/>
      <testcase classname="Philips.PMP.Test.Auto.PatientIdTest"
                name="PatientIdSetIdsForPpisTest (False,False,False,False) row 4"
                time="0.0228148"/>
      <testcase classname="Philips.PMP.Test.Auto.LicensingProviderTest"
                name="DeleteDeviceLicensingTest"
                time="1.0546532"/>
      <testcase classname="Philips.IX.UserManagement.Test.ProveIdWebApiMessageTest"
                name="AuthenticateUniqueIdRequestTest"
                time="0.0009106"/>
      <testcase classname="Philips.PMP.Test.Auto.DtlsTest"
                name="DtlsSendOutboundMessageTest"
                time="0.0103703"/>
      <testcase classname="Philips.PMP.Test.Auto.IheDriverAlarmTest"
                name="IntelliBridgeDeviceDataAlertUpdateTimeTest (CapsuleMDIP,MSH|^~\&amp;|DATACAPTOR|Hospital1|||20180731192651.971+0200||ORU^R40^ORU_R40|8731192651980441|P|2.6|||AL|NE||8859/1|||IHE_PCD_004^IHE PCD^1.3.6.1.4.1.19376.1.6.1.4.1^ISO|&#xD;&#xA;&#x9;&#x9;PID|||PID3 ||Smith^John^^^^^L||20050415000000.000+0200|F|||||||FRENCH|||PID18|&#xD;&#xA;&#x9;&#x9;PV1||P|{PV13Location}|&#xD;&#xA;&#x9;&#x9;OBR|1|10564^CAPSULE^6D8F69E0C97743C9^EUI-64|10564^CAPSULE^6D8F69E0C97743C9^EUI-64|196616^MDC_EVT_ALARM^MDC|||20180731192651.000+0200|||Neuron |||Neuron|||||||NellcorPuritanBennettG_5.1.2_PB 980_Covidien &#xD;&#xA;&#x9;&#x9;OBX|||69965^MDC_DEV_MON_PHYSIO_MULTI_PARAM_MDS^MDC|1.0.0.0|||||||X|||||||cece00b3-a18a-4351-85a6-df6aea217c11-Puritan Bennett 840|&#xD;&#xA;&#x9;&#x9;OBX|||69966^MDC_DEV_MON_PHYSIO_MULTI_PARAM_VMD^MDC|1.1.0.0|||||||X|||||||&#xD;&#xA;&#x9;&#x9;OBX|||69967^MDC_DEV_MON_PHYSIO_MULTI_PARAM_CHAN^MDC|1.1.1.0|||||||X|&#xD;&#xA;&#x9;&#x9;OBX|4|CWE|196616^MDC_EVT_ALARM^MDC|1.1.1.0.1|1081082932^NLS_DRV_ED246_ALERT_VENT_BATTERY_LOW_PRIO_HIGH^NLS^^^^^^!!! Vent Batt. Low||||||F|||20050415000000.000+0200|    &#xD;&#xA;&#x9;&#x9;OBX||CWE|68480^MDC_ATTR_ALERT_SOURCE^MDC|1.1.1.1.2|160920^MDC_VENT_CONC_AWAY_O2_INSP^MDC||||||F|||20180731192650.901+0200|&#xD;&#xA;&#x9;&#x9;OBX||ST|68481^MDC_ATTR_EVENT_PHASE^MDC|1.1.1.1.3|continue||||||F|||20180731192650.901+0200|&#xD;&#xA;&#x9;&#x9;OBX||ST|68482^MDC_ATTR_ALARM_STATE^MDC|1.1.1.1.4|{AlarmStateTag}||||||F|||20180731192650.901+0200|&#xD;&#xA;&#x9;&#x9;OBX||ST|68483^MDC_ATTR_ALARM_INACTIVATION_STATE^MDC|1.1.1.1.5|{AlarmInactivationStateTag}||||||F|||20180731192650.901+0200|&#xD;&#xA;&#x9;&#x9;OBX||ST|68484^MDC_ATTR_ALARM_PRIORITY^MDC|1.1.1.1.6|PH||||||F|||20180731192650.901+0200|&#xD;&#xA;&#x9;&#x9;OBX|10|ST|68485^MDC_ATTR_ALERT_TYPE^MDC|1.1.1.0.7|ST||||||F|||20180731192650.901+0200|,7,4,active,enabled) row 1"
                time="0.0279785"/>
      <testcase classname="Philips.PMP.Test.Auto.InfoEventProviderTest"
                name="InfoEventStoreOne"
                time="0.0656885"/>
      <testcase classname="Philips.PMP.Test.Auto.PhysioDataServiceTimerTest"
                name="PhysioDataServiceTimerSetsCheckTimeAdvancing"
                time="0.1009426"/>
      <testcase classname="Philips.PMP.Test.Auto.TerumoTerufusionTest"
                name="ChecksumVerificationTest"
                time="0.0617633"/>
      <testcase classname="Philips.PIC.WebBridge.Test.StripDataControllerTest"
                name="StripDataControllerGetTest"
                time="0.0286381"/>
      <testcase classname="Philips.PMP.Test.Auto.EditDefinitionFormTest"
                name="MatchTextInputBoxLeaveTest (warning event,event display,False) row 1"
                time="0.0083982"/>
      <testcase classname="Philips.PMP.Test.Auto.EditDefinitionFormTest"
                name="MatchTextInputBoxLeaveTest (,alarm display,False) row 2"
                time="0.0142036"/>
      <testcase classname="Philips.PMP.Test.Auto.EditDefinitionFormTest"
                name="MatchTextInputBoxLeaveTest (,nurse display,False) row 3"
                time="0.0072295"/>
      <testcase classname="Philips.PMP.Test.Auto.EditDefinitionFormTest"
                name="MatchTextInputBoxLeaveTest (alarm snoozed,,True) row 4"
                time="0.0070922"/>
      <testcase classname="Philips.PMP.Test.Auto.EditDefinitionFormTest"
                name="MatchTextInputBoxLeaveTest (alarm notified,,True) row 5"
                time="0.0071624"/>
      <testcase classname="Philips.PMP.Test.Auto.Hl7OruEncoderTest"
                name="AperiodicIsCorrectlyOutputDuringTimeZoneChangeTest"
                time="0.0042535"/>
      <testcase classname="Philips.PMP.Test.Auto.CatalogConfigControlTest"
                name="RevertToFactoryDefaultsShouldPublish"
                time="0.0365424"/>
      <testcase classname="Philips.PMP.Test.Auto.ApplicationMgrTest"
                name="DisplayControllerFormTest"
                time="0.1381159"/>
      <testcase classname="Philips.PMP.Test.Auto.PatientDataExportServiceTest"
                name="ValidationWarnsWhenNoExportersFound"
                time="0.1619396"/>
      <testcase classname="Philips.PMP.Test.Auto.NumericProviderTest"
                name="NumericProviderMetricUniqueness"
                time="0.3486092"/>
      <testcase classname="Philips.PMP.Test.Auto.EventCatalogProviderTest"
                name="SourceCodeTextIdSeverityKeyEqualityTest (1,1,1,Cyan) row 1"
                time="0.0016794"/>
      <testcase classname="Philips.PMP.Test.Auto.EventCatalogProviderTest"
                name="SourceCodeTextIdSeverityKeyEqualityTest (2,3,4,Informational) row 2"
                time="0.0004316"/>
      <testcase classname="Philips.PMP.Test.Auto.StripReviewTest"
                name="StripReviewRelativeUrlTest (12345678123456781234567812345678,10,87654321876543218765432187654321,False) row 1"
                time="0.0011698"/>
      <testcase classname="Philips.PMP.Test.Auto.StripReviewTest"
                name="StripReviewRelativeUrlTest (12345678123456781234567812345678,10,87654321876543218765432187654321,True) row 2"
                time="0.0007952"/>
      <testcase classname="Philips.CareEvent.Test.NewMobileCarrierControlTests"
                name="InvalidInputTest"
                time="0.0164914"/>
      <testcase classname="Philips.PIC.WebBridge.Test.TokenMgrTest"
                name="TryGetTokenNoUserNameTest"
                time="0.0010402"/>
      <testcase classname="Philips.CareEvent.Test.CeQualificationProviderTest"
                name="ValidateEventWorkflowDbQualifierCulture"
                time="0.0217537"/>
      <testcase classname="Philips.PMP.Test.Auto.PatientDeviceHandlerTest"
                name="PatientDeviceHandlerUpdatePatient"
                time="0.2212452"/>
      <testcase classname="Philips.PMP.Test.Auto.TimeWaveBaselineProviderTest"
                name="TimeWaveBaselinePatientList"
                time="0.3504047"/>
      <testcase classname="Philips.PMP.Test.Auto.PhysioDataDisplayHelperTest"
                name="GetLabelsTest"
                time="0.0013666"/>
      <testcase classname="Philips.PMP.Test.Auto.ApmCollectorServiceTest"
                name="GenerateCrashHashTest"
                time="1.6713293"/>
      <testcase classname="Philips.iX.InboundDataBridge.Test.LabDataTest"
                name="LabDataClientTestAsync"
                time="0.0540953"/>
      <testcase classname="Philips.PMP.Test.Auto.RepositoryTest"
                name="ConfigNotificationsDontIncludeEC4080NumericsIfFlagIsFalseTest"
                time="0.0054661"/>
      <testcase classname="Philips.PMP.Test.Auto.CameraSystemUnitAssignmentControlTest"
                name="CameraSystemUnitAssignmentControlResultCodeTest (DuplicateRecord,1) row 1"
                time="0.0455428"/>
      <testcase classname="Philips.PMP.Test.Auto.CameraSystemUnitAssignmentControlTest"
                name="CameraSystemUnitAssignmentControlResultCodeTest (Success,0) row 2"
                time="0.0413658"/>
      <testcase classname="Philips.PMP.Test.Auto.PhysioDataServiceTest"
                name="PhysioDataServiceSubscribeAdtWorkflowOptionTest (True,True) row 1"
                time="0.2454916"/>
      <testcase classname="Philips.PMP.Test.Auto.PhysioDataServiceTest"
                name="PhysioDataServiceSubscribeAdtWorkflowOptionTest (False,True) row 2"
                time="0.0055957"/>
      <testcase classname="Philips.PMP.Test.Auto.PhysioDataServiceTest"
                name="PhysioDataServiceSubscribeAdtWorkflowOptionTest (True,False) row 3"
                time="0.0065332"/>
      <testcase classname="Philips.PMP.Test.Auto.PhysioDataServiceTest"
                name="PhysioDataServiceSubscribeAdtWorkflowOptionTest (False,False) row 4"
                time="0.004497"/>
      <testcase classname="Philips.PMP.Test.Auto.RepositoryNumericTest"
                name="QuicklyDeletedNumericsAreStillSentOutRepositoryTest"
                time="0.0012737"/>
      <testcase classname="Philips.PMP.Test.Auto.CameraSystemControlTest"
                name="CameraSystemControlLoadListViewTest"
                time="0.0536496"/>
      <testcase classname="Philips.IX.UserManagement.Test.UserAuthenticatorsTest"
                name="UserAuthenticatorProveIdWebApiPasswordFail2Test"
                time="0.0596929"/>
      <testcase classname="Philips.PMP.Test.Auto.HolterWaveValidityTest"
                name="HolterWaveValidity"
                time="0.0114797"/>
      <testcase classname="Philips.PMP.Test.Auto.ApmCollectorServiceTest"
                name="DevicesNotAddedToReportIfNoMatchingDeviceIdTest"
                time="0.0068768"/>
      <testcase classname="Philips.PMP.Test.Auto.PatientFieldsTest"
                name="PatientFieldsMergeTest"
                time="0.0031383"/>
      <testcase classname="Philips.PMP.Test.Auto.WebBrowserHelperTest"
                name="GetFQDNTest"
                time="0.0612484"/>
      <testcase classname="Philips.PMP.Test.Auto.IheDeviceDataMgrTest"
                name="IHEDeviceDataMgrAddRemoveVMDWithSameSerialNumber"
                time="0.0208889"/>
      <testcase classname="Philips.PMP.Test.Auto.BedTransferTransitionHostSorterTest"
                name="BedTransferHostSorterCanRankByConnectivity"
                time="0.0078825"/>
      <testcase classname="Philips.PMP.Test.Auto.TrendUploadDvcTest"
                name="AddingDVCsTest"
                time="0.0053086"/>
      <testcase classname="Philips.PMP.Test.Auto.FeatureAssignmentInformationControlTest"
                name="LoadLicenseInformationTest (Philips.PMP.InfoObjects.Enterprise,1,False,False) row 1"
                time="0.9745106"/>
      <testcase classname="Philips.PMP.Test.Auto.FeatureAssignmentInformationControlTest"
                name="LoadLicenseInformationTest (Philips.PMP.InfoObjects.Zone,2,True,False) row 2"
                time="0.2072308"/>
      <testcase classname="Philips.PMP.Test.Auto.FeatureAssignmentInformationControlTest"
                name="LoadLicenseInformationTest (Philips.PMP.InfoObjects.HostDevice,3,True,True) row 3"
                time="0.1122886"/>
      <testcase classname="Philips.PMP.Test.Auto.MenuTimeoutMgrTest"
                name="MenuTimeoutMgrConfigChange"
                time="0.0077364"/>
      <testcase classname="Philips.PMP.Test.Auto.InfoEventRepositoryTest"
                name="InfoEventRepositoryCanAddEvents"
                time="0.0025793"/>
      <testcase classname="Philips.PMP.Test.Auto.EditSwitchSettingsFormTest"
                name="EditSwitchSettingsFormConstructor2Test"
                time="0.0743766"/>
      <testcase classname="Philips.PIC.SharedAssignment.Test.SharedAssignmentDeserializerTest"
                name="SharedAssignmentDeserializesJsonWithMultipleRoles"
                time="0.0010398"/>
      <testcase classname="Philips.PMP.Test.Auto.UtilitiesServiceMgrTest"
                name="TryRenewCertificateShouldCatchExceptionAndSetErrorMessage"
                time="0.0026265"/>
      <testcase classname="Philips.PIC.WebBridge.Test.TokenMgrTest"
                name="TryGetTokenNoPasswordTest"
                time="0.0011056"/>
      <testcase classname="Philips.PMP.Test.Auto.ImprivataQualifierTest"
                name="ImprivataQualifierProperty"
                time="0.0010278"/>
      <testcase classname="Philips.PIC.WebBridge.Test.HeartbeatMgrTest"
                name="DependencyResolverTest"
                time="0.0165525"/>
      <testcase classname="Philips.PMP.Test.Auto.StarHelperTest"
                name="GetSampleInfoValidateInfoBits"
                time="0.0131628"/>
      <testcase classname="Philips.PMP.Test.Auto.AlertFilterServiceTest"
                name="UpatePatientFilterSettingShouldUpdatePatientFilterCache (True,True) row 1"
                time="0.001351"/>
      <testcase classname="Philips.PMP.Test.Auto.AlertFilterServiceTest"
                name="UpatePatientFilterSettingShouldUpdatePatientFilterCache (False,False) row 2"
                time="0.0006172"/>
      <testcase classname="Philips.PMP.Test.Auto.AlertFilterServiceTest"
                name="UpatePatientFilterSettingShouldUpdatePatientFilterCache (False,True) row 3"
                time="0.000777"/>
      <testcase classname="Philips.PMP.Test.Auto.ReportingProviderTest"
                name="UploadDestinationTest"
                time="0.4111382"/>
      <testcase classname="Philips.PMP.Test.Auto.LogProviderTest"
                name="LogProviderGetTest"
                time="0.0039757"/>
      <testcase classname="Philips.PMP.Test.Auto.InstitutionTreeControlTest"
                name="InstitutionTreeControlGetInstitutionList"
                time="0.0335379"/>
      <testcase classname="Philips.PMP.Test.Auto.PatientServiceTest"
                name="PatientServiceStartRunsQualifiersForUnit"
                time="0.3864144"/>
      <testcase classname="Philips.PMP.Test.Auto.StitchTest"
                name="UserSavedStripStitchTest"
                time="0.0073953"/>
      <testcase classname="Philips.PMP.Test.Auto.W32TimeServiceAdapterTest"
                name="AdapterResyncForcesTimeServiceResync"
                time="0.0020054"/>
      <testcase classname="Philips.PMP.Test.Auto.PatientFieldsHelperTest"
                name="PatientFieldsHelperGetLifetimeIdChoices"
                time="0.0032889"/>
      <testcase classname="Philips.PMP.Test.Auto.PatientAssignmentHelperTest"
                name="DoPatientDevicesSupportNeonatalTest"
                time="0.001221"/>
      <testcase classname="Philips.PMP.Test.Auto.AlarmViewHelperTest"
                name="GetWaveRendererWillNotFilterWaveDictionary"
                time="0.013517"/>
      <testcase classname="Philips.PMP.Test.Auto.AlertNotificationThreadQueueTest"
                name="ThreadQueueAllowsSomeFailures (1,True) row 1"
                time="0.0030337"/>
      <testcase classname="Philips.PMP.Test.Auto.AlertNotificationThreadQueueTest"
                name="ThreadQueueAllowsSomeFailures (0,True) row 2"
                time="0.000508"/>
      <testcase classname="Philips.PMP.Test.Auto.AlertNotificationThreadQueueTest"
                name="ThreadQueueAllowsSomeFailures (2,True) row 3"
                time="0.0004146"/>
      <testcase classname="Philips.PMP.Test.Auto.AlertNotificationThreadQueueTest"
                name="ThreadQueueAllowsSomeFailures (3,True) row 4"
                time="0.0004775"/>
      <testcase classname="Philips.PMP.Test.Auto.AlertNotificationThreadQueueTest"
                name="ThreadQueueAllowsSomeFailures (4,False) row 5"
                time="0.0003995"/>
      <testcase classname="Philips.CareEvent.Test.AssignmentUpdateNotifierTests"
                name="CreateRecipientMessage"
                time="0.132137"/>
      <testcase classname="Philips.PMP.Test.Auto.WatchdogServiceMgrTest"
                name="StartWatchdogMisconfigurationTest"
                time="0.0057116"/>
      <testcase classname="Philips.CareEvent.Test.CaregiverCareAssignmentControlTests"
                name="OverviewRoleTest"
                time="0.0609284"/>
      <testcase classname="Philips.CareEvent.Test.MobileDeviceProviderTests"
                name="AddUpdateDeleteStandardDeviceTest"
                time="0.0796142"/>
      <testcase classname="Philips.PMP.Test.Auto.LocalSecurityPolicyQualifierTest"
                name="LocalSecurityPolicyQualifierCorrectsDepPolicy"
                time="0.004998"/>
      <testcase classname="Philips.PMP.Test.Auto.QualificationProviderTest"
                name="GetServiceValidationQualiersTest"
                time="0.0078876"/>
      <testcase classname="Philips.PMP.Test.Auto.Hl7HelperTest"
                name="Hl7HelperGroupChannelsTest"
                time="0.0013009"/>
      <testcase classname="Philips.PMP.Test.Auto.PatientProviderTest"
                name="RemoveBedTest"
                time="0.298495"/>
      <testcase classname="Philips.PMP.Test.Auto.MobileDataSubscriberMgrTest"
                name="MobileBedSubscriberMgrCanAddAndRemoveSubscribers"
                time="0.0532229"/>
      <testcase classname="Philips.CareEvent.Test.MobileDeviceProviderTests"
                name="AssignUserTest"
                time="0.0881108"/>
      <testcase classname="Philips.PMP.Test.Auto.Hl7OruEncoderTest"
                name="AlarmClientSendsSourceForSourceInObjPartition"
                time="0.0039989"/>
      <testcase classname="Philips.PMP.Test.Auto.PatientServiceDecisionHelperTest"
                name="PatientServiceDecisionHelperShouldReplaceDeviceTest (True,SystemLimit,True,False,False,False,False,False) row 1"
                time="0.0037101"/>
      <testcase classname="Philips.PMP.Test.Auto.PatientServiceDecisionHelperTest"
                name="PatientServiceDecisionHelperShouldReplaceDeviceTest (True,DeviceAssignedElsewhere,True,False,False,True,False,False) row 2"
                time="0.026356"/>
      <testcase classname="Philips.PMP.Test.Auto.PatientServiceDecisionHelperTest"
                name="PatientServiceDecisionHelperShouldReplaceDeviceTest (True,DeviceAssignedElsewhere,True,False,False,False,True,False) row 3"
                time="0.0005017"/>
      <testcase classname="Philips.PMP.Test.Auto.PatientServiceDecisionHelperTest"
                name="PatientServiceDecisionHelperShouldReplaceDeviceTest (False,SystemLimit,True,True,False,False,False,False) row 4"
                time="0.0013451"/>
      <testcase classname="Philips.PMP.Test.Auto.PatientServiceDecisionHelperTest"
                name="PatientServiceDecisionHelperShouldReplaceDeviceTest (False,SystemLimit,True,False,False,False,True,True) row 5"
                time="0.0003445"/>
      <testcase classname="Philips.PMP.Test.Auto.PatientServiceDecisionHelperTest"
                name="PatientServiceDecisionHelperShouldReplaceDeviceTest (False,SystemLimit,True,False,True,False,True,True) row 6"
                time="0.0003103"/>
      <testcase classname="Philips.PMP.Test.Auto.PatientServiceDecisionHelperTest"
                name="PatientServiceDecisionHelperShouldReplaceDeviceTest (False,SystemLimit,False,True,True,False,False,False) row 7"
                time="0.0002886"/>
      <testcase classname="Philips.PMP.Test.Auto.PatientServiceDecisionHelperTest"
                name="PatientServiceDecisionHelperShouldReplaceDeviceTest (False,SystemLimit,False,False,True,False,False,False) row 8"
                time="0.0002877"/>
      <testcase classname="Philips.PMP.Test.Auto.PatientServiceDecisionHelperTest"
                name="PatientServiceDecisionHelperShouldReplaceDeviceTest (False,SystemLimit,False,True,False,False,False,False) row 9"
                time="0.0002759"/>
      <testcase classname="Philips.PMP.Test.Auto.PatientServiceDecisionHelperTest"
                name="PatientServiceDecisionHelperShouldReplaceDeviceTest (False,SystemLimit,False,False,False,False,True,True) row 10"
                time="0.0002666"/>
      <testcase classname="Philips.PMP.Test.Auto.WaveProviderTest"
                name="WaveNoOptionalArrays"
                time="0.0264573"/>
      <testcase classname="Philips.PMP.Test.Auto.RetainedSpotCheckDataFormatterTest"
                name="RetainedSpotCheckDataFormatterCanSetMetricId"
                time="0.0121804"/>
      <testcase classname="Philips.PMP.Test.Auto.PatientDataExportStorageTest"
                name="PdxGetPatientsFromTierTwoTest"
                time="0.135022"/>
      <testcase classname="Philips.PMP.Test.Auto.MobileAcknowledgeAlarmMgrTest"
                name="AcknowledgeAlarmFailedWhenControlServiceFailedToSilenceTest"
                time="0.0027286"/>
      <testcase classname="Philips.PMP.Test.Auto.MobileSubscriptionMgrTest"
                name="MobileSubscriptionMgrCanCreateSubscriber"
                time="0.1035564"/>
      <testcase classname="Philips.PMP.Test.Auto.PatientFieldsValidatorTest"
                name="PatientFieldsValidatorValidateBsaHiddenHeightAndWeightHidden"
                time="0.0018306"/>
      <testcase classname="Philips.CareEvent.Test.EventInitializerTests"
                name="IsEventSourceInTopologyShouldReturnTrueIfSourceIsPartOfTopology (True,Philips Patient Monitoring) row 1"
                time="0.0167032"/>
      <testcase classname="Philips.CareEvent.Test.EventInitializerTests"
                name="IsEventSourceInTopologyShouldReturnTrueIfSourceIsPartOfTopology (False,Philips Patient Monitoring) row 2"
                time="0.0128391"/>
      <testcase classname="Philips.CareEvent.Test.EventInitializerTests"
                name="IsEventSourceInTopologyShouldReturnTrueIfSourceIsPartOfTopology (False,) row 3"
                time="0.0063842"/>
      <testcase classname="Philips.PMP.Test.Auto.ControlGroupHelperTest"
                name="ControlGroupHelperGetGroupBluePrintTest"
                time="0.0041457"/>
      <testcase classname="Philips.PMP.LicenseService.Test.UnitLicenseValidatorTest"
                name="ValidateUnitLicenseWillReturnFalseIfZoneDoesNotExist"
                time="0.1603743"/>
      <testcase classname="Philips.PMP.Test.Auto.WebHostHelperTest"
                name="CurrentSessionIsIntegratedModeTest"
                time="0.0337261"/>
      <testcase classname="Philips.PMP.Test.Auto.DynamicAttributeTest"
                name="DynamicAttributeDeviceTypeSetByRepositoryEnumerations"
                time="0.0070911"/>
      <testcase classname="Philips.PMP.Test.Auto.EventCatalogProviderTest"
                name="EventCatalogShouldGetAssignedCategoriesForCustomProducts (New TAP Product,New TAP Vendor,NurseCall,TAP) row 1"
                time="0.235672"/>
      <testcase classname="Philips.PMP.Test.Auto.EventCatalogProviderTest"
                name="EventCatalogShouldGetAssignedCategoriesForCustomProducts (New SOAP Product,New SOAP Vendor,NurseCall,SOAP) row 2"
                time="0.2109017"/>
      <testcase classname="Philips.PMP.Test.Auto.EventCatalogProviderTest"
                name="EventCatalogShouldGetAssignedCategoriesForCustomProducts (New XML Product,New XML Vendor,Other,XML) row 3"
                time="0.2158709"/>
      <testcase classname="Philips.PMP.Test.Auto.AlertMgrTest"
                name="AlertMgrAlarmAuditUpdatePatientTest"
                time="0.0107466"/>
      <testcase classname="Philips.PMP.Test.Auto.AlertMgrTest"
                name="AlertMgrTeleStandbyTest (False) row 1"
                time="0.0013817"/>
      <testcase classname="Philips.PMP.Test.Auto.AlertMgrTest"
                name="AlertMgrTeleStandbyTest (True) row 2"
                time="0.0029163"/>
      <testcase classname="Philips.PMP.Test.Auto.NumericProviderTest"
                name="NumericProviderDelayedDynamicAttribute"
                time="0.2875637"/>
      <testcase classname="Philips.PMP.Test.Auto.RepositoryEventEnumerationTest"
                name="DuplicateStartEventTest"
                time="0.00084"/>
      <testcase classname="Philips.PMP.Test.Auto.ConnectionStatusMessageMgrTest"
                name="StatusCounterTest"
                time="0.1189969"/>
      <testcase classname="Philips.PMP.Test.Auto.WebProxyProviderTest"
                name="WebProxyDeviceTest"
                time="0.1340123"/>
      <testcase classname="Philips.PMP.Test.Auto.PatientServiceHelperTest"
                name="PatientServiceHelperDidIdsChangeTest"
                time="0.0046183"/>
      <testcase classname="Philips.PMP.Test.Auto.ApmOsUpdateProcessorTest"
                name="ApmOsUpdateProcessorInstallOsUpdatesTest"
                time="0.0690394"/>
      <testcase classname="Philips.PMP.Test.Auto.ProtocolWatchManagedGatewayTest"
                name="ProtocolWatchManagedGatewayUpdatedRunningProtocolsTest"
                time="0.0041554"/>
      <testcase classname="Philips.PMP.Test.Auto.NetworkScanTest"
                name="GetApcListPerGroup"
                time="0.0591587"/>
      <testcase classname="Philips.PMP.Test.Auto.IntelliBridgeProviderTest"
                name="IntelliBridgeProviderGetLanServerTest"
                time="0.5041558"/>
      <testcase classname="Philips.PMP.Test.Auto.ProtocolAssignmentControlTest"
                name="ProtocolAssignmentControlAssignUnassignTest (True,2,3) row 1"
                time="0.0400687"/>
      <testcase classname="Philips.PMP.Test.Auto.ProtocolAssignmentControlTest"
                name="ProtocolAssignmentControlAssignUnassignTest (False,4,1) row 2"
                time="0.030927"/>
      <testcase classname="Philips.PMP.Test.Auto.DataMigrationQualifierTest"
                name="DataMigrationForOcspUrlTest (True,False,1,Warning) row 1"
                time="0.0615674"/>
      <testcase classname="Philips.PMP.Test.Auto.DataMigrationQualifierTest"
                name="DataMigrationForOcspUrlTest (True,True,0,Success) row 2"
                time="0.0125676"/>
      <testcase classname="Philips.PMP.Test.Auto.DataMigrationQualifierTest"
                name="DataMigrationForOcspUrlTest (False,True,0,Success) row 3"
                time="0.001029"/>
      <testcase classname="Philips.PMP.Test.Auto.DataMigrationQualifierTest"
                name="DataMigrationForOcspUrlTest (False,False,0,Success) row 4"
                time="0.0031817"/>
      <testcase classname="Philips.PMP.Test.Auto.InputCommunicationTcpConnectionTests"
                name="InboundXmlMessageMgrTestOnTcpConnectionAuthenticatesAsServer"
                time="0.0986186"/>
      <testcase classname="Philips.PMP.Test.Auto.LabMgrTest"
                name="LabDataServiceShouldRestartTest (False,False,False,ZoneChanged,False) row 1"
                time="0.0041846"/>
      <testcase classname="Philips.PMP.Test.Auto.LabMgrTest"
                name="LabDataServiceShouldRestartTest (False,True,False,InstitutionChanged,False) row 2"
                time="0.022951"/>
      <testcase classname="Philips.PMP.Test.Auto.LabMgrTest"
                name="LabDataServiceShouldRestartTest (False,True,True,InstitutionChanged,True) row 3"
                time="0.0341631"/>
      <testcase classname="Philips.PMP.Test.Auto.LabMgrTest"
                name="LabDataServiceShouldRestartTest (True,True,False,InstitutionChanged,True) row 4"
                time="0.0433526"/>
      <testcase classname="Philips.PMP.Test.Auto.LabMgrTest"
                name="LabDataServiceShouldRestartTest (True,True,True,InstitutionChanged,True) row 5"
                time="0.0013542"/>
      <testcase classname="Philips.PMP.Test.Auto.MulticastHostDeviceHelperTest"
                name="MulticastHostDeviceHelperIsMyHostMasterHostServiceCandidateTest (True,False,True) row 1"
                time="0.0213113"/>
      <testcase classname="Philips.PMP.Test.Auto.MulticastHostDeviceHelperTest"
                name="MulticastHostDeviceHelperIsMyHostMasterHostServiceCandidateTest (True,True,False) row 2"
                time="0.0102458"/>
      <testcase classname="Philips.PMP.Test.Auto.MulticastHostDeviceHelperTest"
                name="MulticastHostDeviceHelperIsMyHostMasterHostServiceCandidateTest (False,True,False) row 3"
                time="0.0030124"/>
      <testcase classname="Philips.PMP.Test.Auto.MulticastHostDeviceHelperTest"
                name="MulticastHostDeviceHelperIsMyHostMasterHostServiceCandidateTest (False,False,False) row 4"
                time="0.0029964"/>
      <testcase classname="Philips.IX.UserManagement.Test.ProveIdWebApiConfigurationTest"
                name="GetServersAsyncTest"
                time="0.3158994"/>
      <testcase classname="Philips.PMP.Test.Auto.TaggedIntervalBufferTest"
                name="ReplaceKeepsListConsistent (0) row 1"
                time="0.0083418"/>
      <testcase classname="Philips.PMP.Test.Auto.TaggedIntervalBufferTest"
                name="ReplaceKeepsListConsistent (1) row 2"
                time="0.000375"/>
      <testcase classname="Philips.PMP.Test.Auto.TaggedIntervalBufferTest"
                name="ReplaceKeepsListConsistent (2) row 3"
                time="0.0003085"/>
      <testcase classname="Philips.PMP.Test.Auto.TaggedIntervalBufferTest"
                name="ReplaceKeepsListConsistent (3) row 4"
                time="0.0004035"/>
      <testcase classname="Philips.PMP.Test.Auto.TaggedIntervalBufferTest"
                name="ReplaceKeepsListConsistent (4) row 5"
                time="0.0003855"/>
      <testcase classname="Philips.PMP.Test.Auto.PatientAssignmentsettingsControlTest"
                name="PatientAssignmentSettingsControlSaveSettings (False,1) row 1"
                time="1.862386"/>
      <testcase classname="Philips.PMP.Test.Auto.PatientAssignmentsettingsControlTest"
                name="PatientAssignmentSettingsControlSaveSettings (True,0) row 2"
                time="0.1434963"/>
      <testcase classname="Philips.PMP.Test.Auto.Hl7MessageBuilderTest"
                name="Hl7CreateIheAlertEmptyMessageTest"
                time="0.0154868"/>
      <testcase classname="Philips.PMP.Test.Auto.Hl7ClientMgrTest"
                name="TrendDataIsProcessedTest (TrendClient) row 1"
                time="0.0231826"/>
      <testcase classname="Philips.PMP.Test.Auto.Hl7ClientMgrTest"
                name="TrendDataIsProcessedTest (TrendServer) row 2"
                time="0.0129014"/>
      <testcase classname="Philips.PMP.Test.Auto.PhysioDataStorageDuplexMgrTest"
                name="PhysioDataStorageDuplexMgrGetPhysioHistoryDuplexTest"
                time="0.277295"/>
      <testcase classname="Philips.PMP.Test.Auto.RepositoryWaveTest"
                name="GetDataNoParamsWorksTest"
                time="0.0004833"/>
      <testcase classname="Philips.PMP.Test.Auto.IntelliBridgeLanDaTest"
                name="IntelliBridgeLanDaAddUnknownDevice"
                time="0.0045059"/>
      <testcase classname="Philips.PMP.Test.Auto.PatientDataExportConfigControlTest"
                name="DisplayConfigDataMultiInstitutionTest"
                time="0.2920949"/>
      <testcase classname="Philips.PMP.Test.Auto.FactoryAccountConfigurationTest"
                name="FactoryAccountConfigurationPageChecksIfPasswordCanBeChanged"
                time="0.1488615"/>
      <testcase classname="Philips.PMP.Test.Auto.MobileControlConverterTest"
                name="ConvertMobileNumericControlTest"
                time="0.0063059"/>
      <testcase classname="Philips.CareEvent.Test.LocationRoleCareAssignmentControlTests"
                name="LoadPatientInfoFromPatientService"
                time="0.0432193"/>
      <testcase classname="Philips.PMP.Test.Auto.WatchdogCommandsTest"
                name="WatchdogStopCommandFunctionality"
                time="0.0039722"/>
      <testcase classname="Philips.PMP.Test.Auto.AlertProviderTest"
                name="AlertProviderGetByTime"
                time="0.0411475"/>
      <testcase classname="Philips.PMP.Test.Auto.LegacyCryptoHelperTest"
                name="EncryptObject"
                time="0.0076904"/>
      <testcase classname="Philips.PMP.Test.Auto.EcgDerivationMgrTest"
                name="EfficiaHandlePrimarySecondaryMsgTest"
                time="0.2312018"/>
      <testcase classname="Philips.PMP.Test.Auto.Hl7HelperTest"
                name="Hl7HelperGetDeviceLabelTest (True,False,Unknown,fakeName) row 1"
                time="0.001424"/>
      <testcase classname="Philips.PMP.Test.Auto.Hl7HelperTest"
                name="Hl7HelperGetDeviceLabelTest (False,True,Unknown,fakeName) row 2"
                time="0.000811"/>
      <testcase classname="Philips.PMP.Test.Auto.Hl7HelperTest"
                name="Hl7HelperGetDeviceLabelTest (False,False,DelphiLow12In,IntelliVue MX450) row 3"
                time="0.0007419"/>
      <testcase classname="Philips.PMP.Test.Auto.Hl7HelperTest"
                name="Hl7HelperGetDeviceLabelTest (False,False,X3,IntelliVue X3) row 4"
                time="0.0003597"/>
      <testcase classname="Philips.PMP.Test.Auto.DataBackIntegrationTest"
                name="DataBackIntegrationAddBedTest"
                time="0.0056327"/>
      <testcase classname="Philips.PMP.Test.Auto.MdilFloatHelperTest"
                name="ConvertTest (10,10) row 1"
                time="0.0010983"/>
      <testcase classname="Philips.PMP.Test.Auto.MdilFloatHelperTest"
                name="ConvertTest (4278190090,4278190090) row 2"
                time="0.0003455"/>
      <testcase classname="Philips.PMP.Test.Auto.MdilFloatHelperTest"
                name="ConvertTest (1241841754,8388607) row 3"
                time="0.0005753"/>
      <testcase classname="Philips.PMP.Test.Auto.MdilFloatHelperTest"
                name="ConvertTest (8388607,8388607) row 4"
                time="0.0018263"/>
      <testcase classname="Philips.PMP.Test.Auto.MdilFloatHelperTest"
                name="ConvertTest (8388606,8388606) row 5"
                time="0.0003435"/>
      <testcase classname="Philips.PMP.Test.Auto.MdilFloatHelperTest"
                name="ConvertTest (8388608,8388608) row 6"
                time="0.0003431"/>
      <testcase classname="Philips.PMP.Test.Auto.MdilFloatHelperTest"
                name="ConvertTest (8388610,8388610) row 7"
                time="0.0003048"/>
      <testcase classname="Philips.PMP.Test.Auto.EventLogsTest"
                name="CreateAndDeleteValidEventLogSource"
                time="0.8146838"/>
      <testcase classname="Philips.PMP.Test.Auto.MdipDeviceCacheTest"
                name="MdipDeviceCacheIdentifiesDevices (3,1,1) row 1"
                time="0.1711323"/>
      <testcase classname="Philips.PMP.Test.Auto.MdipDeviceCacheTest"
                name="MdipDeviceCacheIdentifiesDevices (1,0,0) row 2"
                time="0.0016651"/>
      <testcase classname="Philips.PMP.Test.Auto.MdipDeviceCacheTest"
                name="MdipDeviceCacheIdentifiesDevices (0,1,0) row 3"
                time="0.0007154"/>
      <testcase classname="Philips.PMP.Test.Auto.MdipDeviceCacheTest"
                name="MdipDeviceCacheIdentifiesDevices (0,0,1) row 4"
                time="0.0012459"/>
      <testcase classname="Philips.PMP.Test.Auto.StreamNotificationClientConnectionTest"
                name="StreamNotificationClientConnectionCanSububscribe"
                time="0.007973"/>
      <testcase classname="Philips.PMP.Test.Auto.LanDeviceAssignmentNotificationServiceTest"
                name="ServiceSendsUpdateOnMdipCacheUpdate"
                time="0.0463283"/>
      <testcase classname="Philips.PMP.Test.Auto.NumericProviderTest"
                name="NumericProviderAperiodicThreeDAsTwoValues"
                time="0.3046733"/>
      <testcase classname="Philips.PMP.Test.Auto.LabQualifierTest"
                name="DoNotFailQualifierIfHIFIsConfiguredAndIfHostIsNotificationServer"
                time="0.0026252"/>
      <testcase classname="Philips.PMP.Test.Auto.UtilitiesServiceTest"
                name="UtilitiesServiceRestartsWindowsServices (True) row 1"
                time="0.2196062"/>
      <testcase classname="Philips.PMP.Test.Auto.UtilitiesServiceTest"
                name="UtilitiesServiceRestartsWindowsServices (False) row 2"
                time="0.0035499"/>
      <testcase classname="Philips.PMP.Test.Auto.WebPortalViewControllerTest"
                name="WebPortalViewControllerGetUnitsIdsToCheck"
                time="0.0054789"/>
      <testcase classname="Philips.PMP.Test.Auto.PagingMessageTypeTest"
                name="PagingMessageTypeValidationTest"
                time="0.0024921"/>
      <testcase classname="Philips.PMP.Test.Auto.AlertFlashingMgrTest"
                name="FlashingAlarmSettingsTest"
                time="0.1191389"/>
      <testcase classname="Philips.PMP.Test.Auto.BodyCalculationsControlTest"
                name="BodyCalculationsControlUpdateControls"
                time="0.0632227"/>
      <testcase classname="Philips.PMP.Test.Auto.WebHostHelperTest"
                name="TryGetPatientFail"
                time="0.0048338"/>
      <testcase classname="Philips.PMP.Test.Auto.RepositoryDropoutCounterTest"
                name="RepositoryDropoutCounterUpdateWaveBackfillCounterTestWithAllSampleInPreviousCounter"
                time="0.0004806"/>
      <testcase classname="Philips.PMP.Test.Auto.STSetupControlTest"
                name="STSetupControlSetPermission (True,True,True) row 1"
                time="0.0245496"/>
      <testcase classname="Philips.PMP.Test.Auto.STSetupControlTest"
                name="STSetupControlSetPermission (True,False,False) row 2"
                time="0.028616"/>
      <testcase classname="Philips.PMP.Test.Auto.STSetupControlTest"
                name="STSetupControlSetPermission (False,False,False) row 3"
                time="0.0199771"/>
      <testcase classname="Philips.PMP.Test.Auto.STSetupControlTest"
                name="STSetupControlSetPermission (False,True,False) row 4"
                time="0.0214488"/>
      <testcase classname="Philips.PMP.Test.Auto.EcgFilterHelperTest"
                name="EcgFilter12LeadInterpolationWorksCorrectlyTest"
                time="0.0068627"/>
      <testcase classname="Philips.PMP.Test.Auto.EventCategoryFilterProviderTest"
                name="StorePatientEventCategoryFilter"
                time="0.2480268"/>
      <testcase classname="Philips.PMP.Test.Auto.MyPrinterTest"
                name="GetInstalledPrinterNamesShould"
                time="0.0066969"/>
      <testcase classname="Philips.PMP.Test.Auto.PatientAssignmentHelperTest"
                name="DobToAgeTest"
                time="0.0013675"/>
      <testcase classname="Philips.PIC.SharedAssignment.Test.SharedAssignmentServiceTest"
                name="SharedAssignmentServiceStartStopTest"
                time="0.5083521"/>
      <testcase classname="Philips.PMP.Test.Auto.WebHostHelperTest"
                name="IsIntegratedModeTest (False,,False) row 1"
                time="0.0026058"/>
      <testcase classname="Philips.PMP.Test.Auto.WebHostHelperTest"
                name="IsIntegratedModeTest (True,false,False) row 2"
                time="0.0011389"/>
      <testcase classname="Philips.PMP.Test.Auto.WebHostHelperTest"
                name="IsIntegratedModeTest (True,true,True) row 3"
                time="0.0007541"/>
      <testcase classname="Philips.PMP.LicenseService.Test.UnitLicenseValidatorTest"
                name="ValidateEventNotificationLicensingTest (10) row 1"
                time="0.0046705"/>
      <testcase classname="Philips.PMP.LicenseService.Test.UnitLicenseValidatorTest"
                name="ValidateEventNotificationLicensingTest (11) row 2"
                time="0.0014864"/>
      <testcase classname="Philips.PMP.Test.Auto.ControlServiceTest"
                name="ControlServiceUpdateRepositoryForPatientEventTest (True,False,False,False) row 1"
                time="0.2039796"/>
      <testcase classname="Philips.PMP.Test.Auto.ControlServiceTest"
                name="ControlServiceUpdateRepositoryForPatientEventTest (False,False,False,False) row 2"
                time="0.0137973"/>
      <testcase classname="Philips.PMP.Test.Auto.ControlServiceTest"
                name="ControlServiceUpdateRepositoryForPatientEventTest (False,True,True,True) row 3"
                time="0.004056"/>
      <testcase classname="Philips.PMP.LicenseService.Test.UnitLicenseProcessorTest"
                name="SaveLicenseWillNotSaveIfValidationFails"
                time="0.0036695"/>
      <testcase classname="Philips.PMP.Test.Auto.AcpmpQualifierTest"
                name="AcpmpQualifierIsNotCorrectable"
                time="0.012706"/>
      <testcase classname="Philips.PMP.Test.Auto.AlertMgrTest"
                name="AlertMgrAudioOffTest (DelphiHigh15In,0) row 1"
                time="0.0102991"/>
      <testcase classname="Philips.PMP.Test.Auto.AlertMgrTest"
                name="AlertMgrAudioOffTest (TelemPwm,0) row 2"
                time="0.002295"/>
      <testcase classname="Philips.PMP.Test.Auto.AlertMgrTest"
                name="AlertMgrAudioOffTest (Efficia,0) row 3"
                time="0.0030941"/>
      <testcase classname="Philips.PMP.Test.Auto.AlertMgrTest"
                name="AlertMgrAudioOffTest (TelemCit,0) row 4"
                time="0.0021971"/>
      <testcase classname="Philips.PMP.Test.Auto.AlertMgrTest"
                name="AlertMgrAudioOffTest (TelemCitSpo2,0) row 5"
                time="0.0021687"/>
      <testcase classname="Philips.PMP.Test.Auto.AlertMgrTest"
                name="AlertMgrAudioOffTest (IbridgeEc40Hub,1) row 6"
                time="0.0029251"/>
      <testcase classname="Philips.PMP.Test.Auto.AlertMgrTest"
                name="AlertMgrAudioOffTest (IbridgeEc48Hub,1) row 7"
                time="0.0034817"/>
      <testcase classname="Philips.PMP.Test.Auto.AlertMgrTest"
                name="AlertMgrAudioOffTest (ExtDevServer,1) row 8"
                time="0.0020106"/>
      <testcase classname="Philips.PMP.Test.Auto.EventCategoryFilterProviderTest"
                name="AddFilterSettingsForNewlyAddedCategory"
                time="0.7031522"/>
      <testcase classname="Philips.PMP.Test.Auto.PatientWorkflowControlHelperTest"
                name="PatientWorkflowControlHelperGetAllAdtWorkflowOptions"
                time="0.003327"/>
      <testcase classname="Philips.PMP.Test.Auto.AlarmReflectionServiceTest"
                name="OnTopologyChangedTest (Unknown,True,0) row 1"
                time="0.00271"/>
      <testcase classname="Philips.PMP.Test.Auto.AlarmReflectionServiceTest"
                name="OnTopologyChangedTest (HostMoved,True,1) row 2"
                time="0.0014042"/>
      <testcase classname="Philips.PMP.Test.Auto.AlarmReflectionServiceTest"
                name="OnTopologyChangedTest (HostMoved,False,0) row 3"
                time="0.0008616"/>
      <testcase classname="Philips.PMP.Test.Auto.AlarmReflectionServiceTest"
                name="OnTopologyChangedTest (MulticastBlockHostChanged,True,1) row 4"
                time="0.000918"/>
      <testcase classname="Philips.PMP.Test.Auto.AlarmReflectionServiceTest"
                name="OnTopologyChangedTest (MulticastBlockHostChanged,False,0) row 5"
                time="0.0008943"/>
      <testcase classname="Philips.PMP.Test.Auto.AllMeasurementsControlTest"
                name="AllMeasurementsControlUserChanged"
                time="0.4400573"/>
      <testcase classname="Philips.PMP.Test.Auto.SpotCheckTrendConnectionTest"
                name="SpotCheckTrendOnUpdateValidationData (False,False,True,False,True,True) row 1"
                time="0.0160584"/>
      <testcase classname="Philips.PMP.Test.Auto.SpotCheckTrendConnectionTest"
                name="SpotCheckTrendOnUpdateValidationData (True,False,True,False,True,True) row 2"
                time="0.0107362"/>
      <testcase classname="Philips.PMP.Test.Auto.SpotCheckTrendConnectionTest"
                name="SpotCheckTrendOnUpdateValidationData (True,False,True,False,False,True) row 3"
                time="0.013245"/>
      <testcase classname="Philips.PMP.Test.Auto.SpotCheckTrendConnectionTest"
                name="SpotCheckTrendOnUpdateValidationData (True,True,True,False,True,True) row 4"
                time="0.0121737"/>
      <testcase classname="Philips.PMP.Test.Auto.SpotCheckTrendConnectionTest"
                name="SpotCheckTrendOnUpdateValidationData (True,False,True,False,True,False) row 5"
                time="0.0093048"/>
      <testcase classname="Philips.PMP.Test.Auto.SpotCheckTrendConnectionTest"
                name="SpotCheckTrendOnUpdateValidationData (True,False,False,False,True,True) row 6"
                time="0.0120068"/>
      <testcase classname="Philips.PMP.Test.Auto.SpotCheckTrendConnectionTest"
                name="SpotCheckTrendOnUpdateValidationData (True,False,True,True,True,True) row 7"
                time="0.0116585"/>
      <testcase classname="Philips.PMP.Test.Auto.SpotCheckTrendConnectionTest"
                name="SpotCheckTrendOnUpdateValidationData (True,False,False,True,True,True) row 8"
                time="0.0094282"/>
      <testcase classname="Philips.PMP.Test.Auto.EcgFilterHelperTest"
                name="EcgFilterDoesntFilterEfficiaWavesRawFilterObjectTest"
                time="0.0028133"/>
      <testcase classname="Philips.PMP.Test.Auto.AlertFilterServiceTest"
                name="AlertFilterOnNotificationSettingsChanged (9F8CF24C-B2A4-4E5C-B37C-2C2E1E42A5D0) row 1"
                time="0.0015168"/>
      <testcase classname="Philips.PMP.Test.Auto.AlertFilterServiceTest"
                name="AlertFilterOnNotificationSettingsChanged (00000000-0000-0000-0000-000000000000) row 2"
                time="0.0006353"/>
      <testcase classname="Philips.PMP.Test.Auto.EfficiaNumericMgrTest"
                name="EfficiaNumericMgrProcessCcoMessagesTest"
                time="0.1931986"/>
      <testcase classname="Philips.PMP.Test.Auto.TimeServiceTest"
                name="TimeServiceStatusParseFailuresReportAsSyncFailures"
                time="0.0080756"/>
      <testcase classname="Philips.PMP.Test.Auto.ApmDataConverterTest"
                name="ConvertRemoteAntennasFromAccessPointTest"
                time="0.00603"/>
      <testcase classname="Philips.PMP.Test.Auto.ApmStatusMessageListenerTest"
                name="ApmStatusMessageListenerFiltersTest"
                time="0.0060799"/>
      <testcase classname="Philips.PMP.Test.Auto.TopologyChangeAggregatorTest"
                name="DeviceChangeAggregatorPubSubEventAggregationTest (5,1) row 1"
                time="0.0108322"/>
      <testcase classname="Philips.PMP.Test.Auto.TopologyChangeAggregatorTest"
                name="DeviceChangeAggregatorPubSubEventAggregationTest (1,0) row 2"
                time="0.0045065"/>
      <testcase classname="Philips.PMP.Test.Auto.WatchdogCommandsTest"
                name="WatchdogComponentUnregisterCommandFunctionality"
                time="0.0022424"/>
      <testcase classname="Philips.PMP.Test.Auto.Hl7TcpServerConnectionTest"
                name="Hl7TcpServerConnectionStopTcpListener"
                time="0.0041799"/>
      <testcase classname="Philips.IX.UserManagement.Test.ProveIdWebApiConfigurationExpirationMonitorTest"
                name="ConfigExpiredTest"
                time="0.3496123"/>
      <testcase classname="Philips.PMP.Test.Auto.ApmCollectorServiceTest"
                name="ReportSystemShutdownOnServiceStartup"
                time="0.0061166"/>
      <testcase classname="Philips.PMP.Test.Auto.WaveProviderTest"
                name="WaveDynamicAttributesStoreTwice"
                time="0.0382057"/>
      <testcase classname="Philips.PMP.Test.Auto.PatientSelectionHelperTest"
                name="PatientSelectionHelperSearchNoEnterprisePortal"
                time="0.0107305"/>
      <testcase classname="Philips.PMP.Test.Auto.MultiHostSubscriberTest"
                name="MultiHostSubscriberCanManageHostProxyConnections"
                time="0.0070466"/>
      <testcase classname="Philips.CareEvent.Test.EventWorkflowProviderTests"
                name="ConfigurationTest"
                time="0.0031069"/>
      <testcase classname="Philips.PMP.Test.Auto.ApmCollectorServiceTest"
                name="UpdateExternalTimeserverConfigurationWillUpdateAsNecessaryTest (False,True,False) row 1"
                time="0.0057604"/>
      <testcase classname="Philips.PMP.Test.Auto.ApmCollectorServiceTest"
                name="UpdateExternalTimeserverConfigurationWillUpdateAsNecessaryTest (False,False,True) row 2"
                time="0.0087865"/>
      <testcase classname="Philips.PMP.Test.Auto.ApmCollectorServiceTest"
                name="UpdateExternalTimeserverConfigurationWillUpdateAsNecessaryTest (True,True,True) row 3"
                time="0.004554"/>
      <testcase classname="Philips.PMP.Test.Auto.ApmCollectorServiceTest"
                name="UpdateExternalTimeserverConfigurationWillUpdateAsNecessaryTest (True,False,True) row 4"
                time="0.0020361"/>
      <testcase classname="Philips.PMP.Test.Auto.NumericProviderTest"
                name="NumericProviderPeriodicGetAllQuantums"
                time="0.3254685"/>
      <testcase classname="Philips.PMP.Test.Auto.Hl7HelperTest"
                name="Hl7HelperGetFormattedDateTimeWithTimeZoneTest (2019-10-01T10:58:41.6127131-04:00,-240,True,True,20191001105841.612-0400) row 1"
                time="0.0009419"/>
      <testcase classname="Philips.PMP.Test.Auto.Hl7HelperTest"
                name="Hl7HelperGetFormattedDateTimeWithTimeZoneTest (2019-10-01T10:58:41.6127131-04:00,-240,True,False,20191001105841-0400) row 2"
                time="0.0004163"/>
      <testcase classname="Philips.PMP.Test.Auto.Hl7HelperTest"
                name="Hl7HelperGetFormattedDateTimeWithTimeZoneTest (2019-10-01T10:58:41.6127131-04:00,-240,False,False,1001105841-0400) row 3"
                time="0.0004483"/>
      <testcase classname="Philips.PMP.Test.Auto.Hl7HelperTest"
                name="Hl7HelperGetFormattedDateTimeWithTimeZoneTest (2019-10-01T10:58:41.6127131-04:00,-240,False,True,1001105841.612-0400) row 4"
                time="0.0003321"/>
      <testcase classname="Philips.PMP.Test.Auto.Hl7HelperTest"
                name="Hl7HelperGetFormattedDateTimeWithTimeZoneTest (2019-09-01T10:58:41.6127131-04:00,-240,True,True,20190901105841.612-0400) row 5"
                time="0.0003355"/>
      <testcase classname="Philips.PMP.Test.Auto.Hl7HelperTest"
                name="Hl7HelperGetFormattedDateTimeWithTimeZoneTest (2019-09-01T10:58:41.6127131-04:00,-240,True,False,20190901105841-0400) row 6"
                time="0.0003404"/>
      <testcase classname="Philips.PMP.Test.Auto.Hl7HelperTest"
                name="Hl7HelperGetFormattedDateTimeWithTimeZoneTest (2019-09-01T10:58:41.6127131-04:00,-240,False,False,0901105841-0400) row 7"
                time="0.0003075"/>
      <testcase classname="Philips.PMP.Test.Auto.Hl7HelperTest"
                name="Hl7HelperGetFormattedDateTimeWithTimeZoneTest (2019-09-01T10:58:41.6127131-04:00,-240,False,True,0901105841.612-0400) row 8"
                time="0.0003329"/>
      <testcase classname="Philips.PMP.Test.Auto.Hl7HelperTest"
                name="Hl7HelperGetFormattedDateTimeWithTimeZoneTest (2019-10-10T10:58:41.6127131-04:00,-240,True,True,20191010105841.612-0400) row 9"
                time="0.0003273"/>
      <testcase classname="Philips.PMP.Test.Auto.Hl7HelperTest"
                name="Hl7HelperGetFormattedDateTimeWithTimeZoneTest (2019-10-10T10:58:41.6127131-04:00,-240,True,False,20191010105841-0400) row 10"
                time="0.0003864"/>
      <testcase classname="Philips.PMP.Test.Auto.Hl7HelperTest"
                name="Hl7HelperGetFormattedDateTimeWithTimeZoneTest (2019-10-10T10:58:41.6127131-04:00,-240,False,False,1010105841-0400) row 11"
                time="0.0003208"/>
      <testcase classname="Philips.PMP.Test.Auto.Hl7HelperTest"
                name="Hl7HelperGetFormattedDateTimeWithTimeZoneTest (2019-10-10T10:58:41.6127131-04:00,-240,False,True,1010105841.612-0400) row 12"
                time="0.0003191"/>
      <testcase classname="Philips.PMP.Test.Auto.Hl7HelperTest"
                name="Hl7HelperGetFormattedDateTimeWithTimeZoneTest (2019-10-01T09:58:41.6127131-04:00,-240,True,True,20191001095841.612-0400) row 13"
                time="0.0003741"/>
      <testcase classname="Philips.PMP.Test.Auto.Hl7HelperTest"
                name="Hl7HelperGetFormattedDateTimeWithTimeZoneTest (2019-10-01T09:58:41.6127131-04:00,-240,True,False,20191001095841-0400) row 14"
                time="0.0003286"/>
      <testcase classname="Philips.PMP.Test.Auto.Hl7HelperTest"
                name="Hl7HelperGetFormattedDateTimeWithTimeZoneTest (2019-10-01T09:58:41.6127131-04:00,-240,False,False,1001095841-0400) row 15"
                time="0.0003149"/>
      <testcase classname="Philips.PMP.Test.Auto.Hl7HelperTest"
                name="Hl7HelperGetFormattedDateTimeWithTimeZoneTest (2019-10-01T09:58:41.6127131-04:00,-240,False,True,1001095841.612-0400) row 16"
                time="0.0003122"/>
      <testcase classname="Philips.PMP.Test.Auto.Hl7HelperTest"
                name="Hl7HelperGetFormattedDateTimeWithTimeZoneTest (2019-10-01T10:08:41.6127131-04:00,-240,True,True,20191001100841.612-0400) row 17"
                time="0.0002875"/>
      <testcase classname="Philips.PMP.Test.Auto.Hl7HelperTest"
                name="Hl7HelperGetFormattedDateTimeWithTimeZoneTest (2019-10-01T10:08:41.6127131-04:00,-240,True,False,20191001100841-0400) row 18"
                time="0.0002824"/>
      <testcase classname="Philips.PMP.Test.Auto.Hl7HelperTest"
                name="Hl7HelperGetFormattedDateTimeWithTimeZoneTest (2019-10-01T10:08:41.6127131-04:00,-240,False,False,1001100841-0400) row 19"
                time="0.0003167"/>
      <testcase classname="Philips.PMP.Test.Auto.Hl7HelperTest"
                name="Hl7HelperGetFormattedDateTimeWithTimeZoneTest (2019-10-01T10:08:41.6127131-04:00,-240,False,True,1001100841.612-0400) row 20"
                time="0.0002861"/>
      <testcase classname="Philips.PMP.Test.Auto.Hl7HelperTest"
                name="Hl7HelperGetFormattedDateTimeWithTimeZoneTest (2019-10-01T10:58:01.6127131-04:00,-240,True,True,20191001105801.612-0400) row 21"
                time="0.0002759"/>
      <testcase classname="Philips.PMP.Test.Auto.Hl7HelperTest"
                name="Hl7HelperGetFormattedDateTimeWithTimeZoneTest (2019-10-01T10:58:01.6127131-04:00,-240,True,False,20191001105801-0400) row 22"
                time="0.0002984"/>
      <testcase classname="Philips.PMP.Test.Auto.Hl7HelperTest"
                name="Hl7HelperGetFormattedDateTimeWithTimeZoneTest (2019-10-01T10:58:01.6127131-04:00,-240,False,False,1001105801-0400) row 23"
                time="0.0002982"/>
      <testcase classname="Philips.PMP.Test.Auto.Hl7HelperTest"
                name="Hl7HelperGetFormattedDateTimeWithTimeZoneTest (2019-10-01T10:58:01.6127131-04:00,-240,False,True,1001105801.612-0400) row 24"
                time="0.000296"/>
      <testcase classname="Philips.PMP.Test.Auto.Hl7HelperTest"
                name="Hl7HelperGetFormattedDateTimeWithTimeZoneTest (2019-10-01T10:58:01.0000000-04:00,-240,True,True,20191001105801.000-0400) row 25"
                time="0.0002836"/>
      <testcase classname="Philips.PMP.Test.Auto.Hl7HelperTest"
                name="Hl7HelperGetFormattedDateTimeWithTimeZoneTest (2019-10-01T10:58:01.0000000-04:00,-240,True,False,20191001105801-0400) row 26"
                time="0.0002851"/>
      <testcase classname="Philips.PMP.Test.Auto.Hl7HelperTest"
                name="Hl7HelperGetFormattedDateTimeWithTimeZoneTest (2019-10-01T10:58:01.0000000-04:00,-240,False,False,1001105801-0400) row 27"
                time="0.0002948"/>
      <testcase classname="Philips.PMP.Test.Auto.Hl7HelperTest"
                name="Hl7HelperGetFormattedDateTimeWithTimeZoneTest (2019-10-01T10:58:01.0000000-04:00,-240,False,True,1001105801.000-0400) row 28"
                time="0.0003123"/>
      <testcase classname="Philips.PMP.Test.Auto.Hl7HelperTest"
                name="Hl7HelperGetFormattedDateTimeWithTimeZoneTest (2019-10-01T10:58:41.6127131-04:00,240,True,True,20191001105841.612+0400) row 29"
                time="0.0002949"/>
      <testcase classname="Philips.PMP.Test.Auto.Hl7HelperTest"
                name="Hl7HelperGetFormattedDateTimeWithTimeZoneTest (2019-10-01T10:58:41.6127131-04:00,240,True,False,20191001105841+0400) row 30"
                time="0.0002971"/>
      <testcase classname="Philips.PMP.Test.Auto.Hl7HelperTest"
                name="Hl7HelperGetFormattedDateTimeWithTimeZoneTest (2019-10-01T10:58:41.6127131-04:00,240,False,False,1001105841+0400) row 31"
                time="0.0002818"/>
      <testcase classname="Philips.PMP.Test.Auto.Hl7HelperTest"
                name="Hl7HelperGetFormattedDateTimeWithTimeZoneTest (2019-10-01T10:58:41.6127131-04:00,240,False,True,1001105841.612+0400) row 32"
                time="0.0002725"/>
      <testcase classname="Philips.PMP.Test.Auto.Hl7HelperTest"
                name="Hl7HelperGetFormattedDateTimeWithTimeZoneTest (2019-09-01T10:58:41.6127131-04:00,240,True,True,20190901105841.612+0400) row 33"
                time="0.0002729"/>
      <testcase classname="Philips.PMP.Test.Auto.Hl7HelperTest"
                name="Hl7HelperGetFormattedDateTimeWithTimeZoneTest (2019-09-01T10:58:41.6127131-04:00,240,True,False,20190901105841+0400) row 34"
                time="0.0002928"/>
      <testcase classname="Philips.PMP.Test.Auto.Hl7HelperTest"
                name="Hl7HelperGetFormattedDateTimeWithTimeZoneTest (2019-09-01T10:58:41.6127131-04:00,240,False,False,0901105841+0400) row 35"
                time="0.0002726"/>
      <testcase classname="Philips.PMP.Test.Auto.Hl7HelperTest"
                name="Hl7HelperGetFormattedDateTimeWithTimeZoneTest (2019-09-01T10:58:41.6127131-04:00,240,False,True,0901105841.612+0400) row 36"
                time="0.0002751"/>
      <testcase classname="Philips.PMP.Test.Auto.Hl7HelperTest"
                name="Hl7HelperGetFormattedDateTimeWithTimeZoneTest (2019-10-10T10:58:41.6127131-04:00,240,True,True,20191010105841.612+0400) row 37"
                time="0.0002683"/>
      <testcase classname="Philips.PMP.Test.Auto.Hl7HelperTest"
                name="Hl7HelperGetFormattedDateTimeWithTimeZoneTest (2019-10-10T10:58:41.6127131-04:00,240,True,False,20191010105841+0400) row 38"
                time="0.0003091"/>
      <testcase classname="Philips.PMP.Test.Auto.Hl7HelperTest"
                name="Hl7HelperGetFormattedDateTimeWithTimeZoneTest (2019-10-10T10:58:41.6127131-04:00,240,False,False,1010105841+0400) row 39"
                time="0.0159658"/>
      <testcase classname="Philips.PMP.Test.Auto.Hl7HelperTest"
                name="Hl7HelperGetFormattedDateTimeWithTimeZoneTest (2019-10-10T10:58:41.6127131-04:00,240,False,True,1010105841.612+0400) row 40"
                time="0.0004206"/>
      <testcase classname="Philips.PMP.Test.Auto.Hl7HelperTest"
                name="Hl7HelperGetFormattedDateTimeWithTimeZoneTest (2019-10-01T09:58:41.6127131-04:00,240,True,True,20191001095841.612+0400) row 41"
                time="0.0004048"/>
      <testcase classname="Philips.PMP.Test.Auto.Hl7HelperTest"
                name="Hl7HelperGetFormattedDateTimeWithTimeZoneTest (2019-10-01T09:58:41.6127131-04:00,240,True,False,20191001095841+0400) row 42"
                time="0.0003411"/>
      <testcase classname="Philips.PMP.Test.Auto.Hl7HelperTest"
                name="Hl7HelperGetFormattedDateTimeWithTimeZoneTest (2019-10-01T09:58:41.6127131-04:00,240,False,False,1001095841+0400) row 43"
                time="0.0003179"/>
      <testcase classname="Philips.PMP.Test.Auto.Hl7HelperTest"
                name="Hl7HelperGetFormattedDateTimeWithTimeZoneTest (2019-10-01T09:58:41.6127131-04:00,240,False,True,1001095841.612+0400) row 44"
                time="0.000327"/>
      <testcase classname="Philips.PMP.Test.Auto.Hl7HelperTest"
                name="Hl7HelperGetFormattedDateTimeWithTimeZoneTest (2019-10-01T10:08:41.6127131-04:00,240,True,True,20191001100841.612+0400) row 45"
                time="0.0003203"/>
      <testcase classname="Philips.PMP.Test.Auto.Hl7HelperTest"
                name="Hl7HelperGetFormattedDateTimeWithTimeZoneTest (2019-10-01T10:08:41.6127131-04:00,240,True,False,20191001100841+0400) row 46"
                time="0.0002971"/>
      <testcase classname="Philips.PMP.Test.Auto.Hl7HelperTest"
                name="Hl7HelperGetFormattedDateTimeWithTimeZoneTest (2019-10-01T10:08:41.6127131-04:00,240,False,False,1001100841+0400) row 47"
                time="0.0002794"/>
      <testcase classname="Philips.PMP.Test.Auto.Hl7HelperTest"
                name="Hl7HelperGetFormattedDateTimeWithTimeZoneTest (2019-10-01T10:08:41.6127131-04:00,240,False,True,1001100841.612+0400) row 48"
                time="0.0002931"/>
      <testcase classname="Philips.PMP.Test.Auto.Hl7HelperTest"
                name="Hl7HelperGetFormattedDateTimeWithTimeZoneTest (2019-10-01T10:58:01.6127131-04:00,240,True,True,20191001105801.612+0400) row 49"
                time="0.0003231"/>
      <testcase classname="Philips.PMP.Test.Auto.Hl7HelperTest"
                name="Hl7HelperGetFormattedDateTimeWithTimeZoneTest (2019-10-01T10:58:01.6127131-04:00,240,True,False,20191001105801+0400) row 50"
                time="0.0003119"/>
      <testcase classname="Philips.PMP.Test.Auto.Hl7HelperTest"
                name="Hl7HelperGetFormattedDateTimeWithTimeZoneTest (2019-10-01T10:58:01.6127131-04:00,240,False,False,1001105801+0400) row 51"
                time="0.0003393"/>
      <testcase classname="Philips.PMP.Test.Auto.Hl7HelperTest"
                name="Hl7HelperGetFormattedDateTimeWithTimeZoneTest (2019-10-01T10:58:01.6127131-04:00,240,False,True,1001105801.612+0400) row 52"
                time="0.0003077"/>
      <testcase classname="Philips.PMP.Test.Auto.Hl7HelperTest"
                name="Hl7HelperGetFormattedDateTimeWithTimeZoneTest (2019-10-01T10:58:01.0000000-04:00,240,True,True,20191001105801.000+0400) row 53"
                time="0.0003172"/>
      <testcase classname="Philips.PMP.Test.Auto.Hl7HelperTest"
                name="Hl7HelperGetFormattedDateTimeWithTimeZoneTest (2019-10-01T10:58:01.0000000-04:00,240,True,False,20191001105801+0400) row 54"
                time="0.0002948"/>
      <testcase classname="Philips.PMP.Test.Auto.Hl7HelperTest"
                name="Hl7HelperGetFormattedDateTimeWithTimeZoneTest (2019-10-01T10:58:01.0000000-04:00,240,False,False,1001105801+0400) row 55"
                time="0.0002777"/>
      <testcase classname="Philips.PMP.Test.Auto.Hl7HelperTest"
                name="Hl7HelperGetFormattedDateTimeWithTimeZoneTest (2019-10-01T10:58:01.0000000-04:00,240,False,True,1001105801.000+0400) row 56"
                time="0.0002873"/>
      <testcase classname="Philips.PMP.Test.Auto.Hl7HelperTest"
                name="Hl7HelperGetFormattedDateTimeWithTimeZoneTest (2019-10-01T10:58:41.6127131-04:00,-270,True,True,20191001105841.612-0430) row 57"
                time="0.0002821"/>
      <testcase classname="Philips.PMP.Test.Auto.Hl7HelperTest"
                name="Hl7HelperGetFormattedDateTimeWithTimeZoneTest (2019-10-01T10:58:41.6127131-04:00,-270,True,False,20191001105841-0430) row 58"
                time="0.0002879"/>
      <testcase classname="Philips.PMP.Test.Auto.Hl7HelperTest"
                name="Hl7HelperGetFormattedDateTimeWithTimeZoneTest (2019-10-01T10:58:41.6127131-04:00,-270,False,False,1001105841-0430) row 59"
                time="0.0002842"/>
      <testcase classname="Philips.PMP.Test.Auto.Hl7HelperTest"
                name="Hl7HelperGetFormattedDateTimeWithTimeZoneTest (2019-10-01T10:58:41.6127131-04:00,-270,False,True,1001105841.612-0430) row 60"
                time="0.0003069"/>
      <testcase classname="Philips.PMP.Test.Auto.Hl7HelperTest"
                name="Hl7HelperGetFormattedDateTimeWithTimeZoneTest (2019-09-01T10:58:41.6127131-04:00,-270,True,True,20190901105841.612-0430) row 61"
                time="0.0003142"/>
      <testcase classname="Philips.PMP.Test.Auto.Hl7HelperTest"
                name="Hl7HelperGetFormattedDateTimeWithTimeZoneTest (2019-09-01T10:58:41.6127131-04:00,-270,True,False,20190901105841-0430) row 62"
                time="0.0003045"/>
      <testcase classname="Philips.PMP.Test.Auto.Hl7HelperTest"
                name="Hl7HelperGetFormattedDateTimeWithTimeZoneTest (2019-09-01T10:58:41.6127131-04:00,-270,False,False,0901105841-0430) row 63"
                time="0.0002998"/>
      <testcase classname="Philips.PMP.Test.Auto.Hl7HelperTest"
                name="Hl7HelperGetFormattedDateTimeWithTimeZoneTest (2019-09-01T10:58:41.6127131-04:00,-270,False,True,0901105841.612-0430) row 64"
                time="0.0002814"/>
      <testcase classname="Philips.PMP.Test.Auto.Hl7HelperTest"
                name="Hl7HelperGetFormattedDateTimeWithTimeZoneTest (2019-10-10T10:58:41.6127131-04:00,-270,True,True,20191010105841.612-0430) row 65"
                time="0.000289"/>
      <testcase classname="Philips.PMP.Test.Auto.Hl7HelperTest"
                name="Hl7HelperGetFormattedDateTimeWithTimeZoneTest (2019-10-10T10:58:41.6127131-04:00,-270,True,False,20191010105841-0430) row 66"
                time="0.0002774"/>
      <testcase classname="Philips.PMP.Test.Auto.Hl7HelperTest"
                name="Hl7HelperGetFormattedDateTimeWithTimeZoneTest (2019-10-10T10:58:41.6127131-04:00,-270,False,False,1010105841-0430) row 67"
                time="0.000272"/>
      <testcase classname="Philips.PMP.Test.Auto.Hl7HelperTest"
                name="Hl7HelperGetFormattedDateTimeWithTimeZoneTest (2019-10-10T10:58:41.6127131-04:00,-270,False,True,1010105841.612-0430) row 68"
                time="0.0002881"/>
      <testcase classname="Philips.PMP.Test.Auto.Hl7HelperTest"
                name="Hl7HelperGetFormattedDateTimeWithTimeZoneTest (2019-10-01T09:58:41.6127131-04:00,-270,True,True,20191001095841.612-0430) row 69"
                time="0.0002933"/>
      <testcase classname="Philips.PMP.Test.Auto.Hl7HelperTest"
                name="Hl7HelperGetFormattedDateTimeWithTimeZoneTest (2019-10-01T09:58:41.6127131-04:00,-270,True,False,20191001095841-0430) row 70"
                time="0.00027"/>
      <testcase classname="Philips.PMP.Test.Auto.Hl7HelperTest"
                name="Hl7HelperGetFormattedDateTimeWithTimeZoneTest (2019-10-01T09:58:41.6127131-04:00,-270,False,False,1001095841-0430) row 71"
                time="0.0002884"/>
      <testcase classname="Philips.PMP.Test.Auto.Hl7HelperTest"
                name="Hl7HelperGetFormattedDateTimeWithTimeZoneTest (2019-10-01T09:58:41.6127131-04:00,-270,False,True,1001095841.612-0430) row 72"
                time="0.0002972"/>
      <testcase classname="Philips.PMP.Test.Auto.Hl7HelperTest"
                name="Hl7HelperGetFormattedDateTimeWithTimeZoneTest (2019-10-01T10:08:41.6127131-04:00,-270,True,True,20191001100841.612-0430) row 73"
                time="0.0002866"/>
      <testcase classname="Philips.PMP.Test.Auto.Hl7HelperTest"
                name="Hl7HelperGetFormattedDateTimeWithTimeZoneTest (2019-10-01T10:08:41.6127131-04:00,-270,True,False,20191001100841-0430) row 74"
                time="0.0003541"/>
      <testcase classname="Philips.PMP.Test.Auto.Hl7HelperTest"
                name="Hl7HelperGetFormattedDateTimeWithTimeZoneTest (2019-10-01T10:08:41.6127131-04:00,-270,False,False,1001100841-0430) row 75"
                time="0.0003775"/>
      <testcase classname="Philips.PMP.Test.Auto.Hl7HelperTest"
                name="Hl7HelperGetFormattedDateTimeWithTimeZoneTest (2019-10-01T10:08:41.6127131-04:00,-270,False,True,1001100841.612-0430) row 76"
                time="0.0003049"/>
      <testcase classname="Philips.PMP.Test.Auto.Hl7HelperTest"
                name="Hl7HelperGetFormattedDateTimeWithTimeZoneTest (2019-10-01T10:58:01.6127131-04:00,-270,True,True,20191001105801.612-0430) row 77"
                time="0.0003297"/>
      <testcase classname="Philips.PMP.Test.Auto.Hl7HelperTest"
                name="Hl7HelperGetFormattedDateTimeWithTimeZoneTest (2019-10-01T10:58:01.6127131-04:00,-270,True,False,20191001105801-0430) row 78"
                time="0.0003251"/>
      <testcase classname="Philips.PMP.Test.Auto.Hl7HelperTest"
                name="Hl7HelperGetFormattedDateTimeWithTimeZoneTest (2019-10-01T10:58:01.6127131-04:00,-270,False,False,1001105801-0430) row 79"
                time="0.0003354"/>
      <testcase classname="Philips.PMP.Test.Auto.Hl7HelperTest"
                name="Hl7HelperGetFormattedDateTimeWithTimeZoneTest (2019-10-01T10:58:01.6127131-04:00,-270,False,True,1001105801.612-0430) row 80"
                time="0.000328"/>
      <testcase classname="Philips.PMP.Test.Auto.Hl7HelperTest"
                name="Hl7HelperGetFormattedDateTimeWithTimeZoneTest (2019-10-01T10:58:01.0000000-04:00,-270,True,True,20191001105801.000-0430) row 81"
                time="0.0003039"/>
      <testcase classname="Philips.PMP.Test.Auto.Hl7HelperTest"
                name="Hl7HelperGetFormattedDateTimeWithTimeZoneTest (2019-10-01T10:58:01.0000000-04:00,-270,True,False,20191001105801-0430) row 82"
                time="0.0002928"/>
      <testcase classname="Philips.PMP.Test.Auto.Hl7HelperTest"
                name="Hl7HelperGetFormattedDateTimeWithTimeZoneTest (2019-10-01T10:58:01.0000000-04:00,-270,False,False,1001105801-0430) row 83"
                time="0.0003128"/>
      <testcase classname="Philips.PMP.Test.Auto.Hl7HelperTest"
                name="Hl7HelperGetFormattedDateTimeWithTimeZoneTest (2019-10-01T10:58:01.0000000-04:00,-270,False,True,1001105801.000-0430) row 84"
                time="0.0003054"/>
      <testcase classname="Philips.PMP.Test.Auto.Hl7HelperTest"
                name="Hl7HelperGetFormattedDateTimeWithTimeZoneTest (2019-10-01T10:58:41.6127131-04:00,270,True,True,20191001105841.612+0430) row 85"
                time="0.0003171"/>
      <testcase classname="Philips.PMP.Test.Auto.Hl7HelperTest"
                name="Hl7HelperGetFormattedDateTimeWithTimeZoneTest (2019-10-01T10:58:41.6127131-04:00,270,True,False,20191001105841+0430) row 86"
                time="0.0003202"/>
      <testcase classname="Philips.PMP.Test.Auto.Hl7HelperTest"
                name="Hl7HelperGetFormattedDateTimeWithTimeZoneTest (2019-10-01T10:58:41.6127131-04:00,270,False,False,1001105841+0430) row 87"
                time="0.0004096"/>
      <testcase classname="Philips.PMP.Test.Auto.Hl7HelperTest"
                name="Hl7HelperGetFormattedDateTimeWithTimeZoneTest (2019-10-01T10:58:41.6127131-04:00,270,False,True,1001105841.612+0430) row 88"
                time="0.0003762"/>
      <testcase classname="Philips.PMP.Test.Auto.Hl7HelperTest"
                name="Hl7HelperGetFormattedDateTimeWithTimeZoneTest (2019-09-01T10:58:41.6127131-04:00,270,True,True,20190901105841.612+0430) row 89"
                time="0.0002963"/>
      <testcase classname="Philips.PMP.Test.Auto.Hl7HelperTest"
                name="Hl7HelperGetFormattedDateTimeWithTimeZoneTest (2019-09-01T10:58:41.6127131-04:00,270,True,False,20190901105841+0430) row 90"
                time="0.000276"/>
      <testcase classname="Philips.PMP.Test.Auto.Hl7HelperTest"
                name="Hl7HelperGetFormattedDateTimeWithTimeZoneTest (2019-09-01T10:58:41.6127131-04:00,270,False,False,0901105841+0430) row 91"
                time="0.0002735"/>
      <testcase classname="Philips.PMP.Test.Auto.Hl7HelperTest"
                name="Hl7HelperGetFormattedDateTimeWithTimeZoneTest (2019-09-01T10:58:41.6127131-04:00,270,False,True,0901105841.612+0430) row 92"
                time="0.0002637"/>
      <testcase classname="Philips.PMP.Test.Auto.Hl7HelperTest"
                name="Hl7HelperGetFormattedDateTimeWithTimeZoneTest (2019-10-10T10:58:41.6127131-04:00,270,True,True,20191010105841.612+0430) row 93"
                time="0.0002936"/>
      <testcase classname="Philips.PMP.Test.Auto.Hl7HelperTest"
                name="Hl7HelperGetFormattedDateTimeWithTimeZoneTest (2019-10-10T10:58:41.6127131-04:00,270,True,False,20191010105841+0430) row 94"
                time="0.000279"/>
      <testcase classname="Philips.PMP.Test.Auto.Hl7HelperTest"
                name="Hl7HelperGetFormattedDateTimeWithTimeZoneTest (2019-10-10T10:58:41.6127131-04:00,270,False,False,1010105841+0430) row 95"
                time="0.0002886"/>
      <testcase classname="Philips.PMP.Test.Auto.Hl7HelperTest"
                name="Hl7HelperGetFormattedDateTimeWithTimeZoneTest (2019-10-10T10:58:41.6127131-04:00,270,False,True,1010105841.612+0430) row 96"
                time="0.0002698"/>
      <testcase classname="Philips.PMP.Test.Auto.Hl7HelperTest"
                name="Hl7HelperGetFormattedDateTimeWithTimeZoneTest (2019-10-01T09:58:41.6127131-04:00,270,True,True,20191001095841.612+0430) row 97"
                time="0.0002681"/>
      <testcase classname="Philips.PMP.Test.Auto.Hl7HelperTest"
                name="Hl7HelperGetFormattedDateTimeWithTimeZoneTest (2019-10-01T09:58:41.6127131-04:00,270,True,False,20191001095841+0430) row 98"
                time="0.0002723"/>
      <testcase classname="Philips.PMP.Test.Auto.Hl7HelperTest"
                name="Hl7HelperGetFormattedDateTimeWithTimeZoneTest (2019-10-01T09:58:41.6127131-04:00,270,False,False,1001095841+0430) row 99"
                time="0.0002944"/>
      <testcase classname="Philips.PMP.Test.Auto.Hl7HelperTest"
                name="Hl7HelperGetFormattedDateTimeWithTimeZoneTest (2019-10-01T09:58:41.6127131-04:00,270,False,True,1001095841.612+0430) row 100"
                time="0.0003099"/>
      <testcase classname="Philips.PMP.Test.Auto.Hl7HelperTest"
                name="Hl7HelperGetFormattedDateTimeWithTimeZoneTest (2019-10-01T10:08:41.6127131-04:00,270,True,True,20191001100841.612+0430) row 101"
                time="0.0002947"/>
      <testcase classname="Philips.PMP.Test.Auto.Hl7HelperTest"
                name="Hl7HelperGetFormattedDateTimeWithTimeZoneTest (2019-10-01T10:08:41.6127131-04:00,270,True,False,20191001100841+0430) row 102"
                time="0.0002781"/>
      <testcase classname="Philips.PMP.Test.Auto.Hl7HelperTest"
                name="Hl7HelperGetFormattedDateTimeWithTimeZoneTest (2019-10-01T10:08:41.6127131-04:00,270,False,False,1001100841+0430) row 103"
                time="0.0002903"/>
      <testcase classname="Philips.PMP.Test.Auto.Hl7HelperTest"
                name="Hl7HelperGetFormattedDateTimeWithTimeZoneTest (2019-10-01T10:08:41.6127131-04:00,270,False,True,1001100841.612+0430) row 104"
                time="0.0002688"/>
      <testcase classname="Philips.PMP.Test.Auto.Hl7HelperTest"
                name="Hl7HelperGetFormattedDateTimeWithTimeZoneTest (2019-10-01T10:58:01.6127131-04:00,270,True,True,20191001105801.612+0430) row 105"
                time="0.0002941"/>
      <testcase classname="Philips.PMP.Test.Auto.Hl7HelperTest"
                name="Hl7HelperGetFormattedDateTimeWithTimeZoneTest (2019-10-01T10:58:01.6127131-04:00,270,True,False,20191001105801+0430) row 106"
                time="0.0002795"/>
      <testcase classname="Philips.PMP.Test.Auto.Hl7HelperTest"
                name="Hl7HelperGetFormattedDateTimeWithTimeZoneTest (2019-10-01T10:58:01.6127131-04:00,270,False,False,1001105801+0430) row 107"
                time="0.0002729"/>
      <testcase classname="Philips.PMP.Test.Auto.Hl7HelperTest"
                name="Hl7HelperGetFormattedDateTimeWithTimeZoneTest (2019-10-01T10:58:01.6127131-04:00,270,False,True,1001105801.612+0430) row 108"
                time="0.0002606"/>
      <testcase classname="Philips.PMP.Test.Auto.Hl7HelperTest"
                name="Hl7HelperGetFormattedDateTimeWithTimeZoneTest (2019-10-01T10:58:01.0000000-04:00,270,True,True,20191001105801.000+0430) row 109"
                time="0.0002584"/>
      <testcase classname="Philips.PMP.Test.Auto.Hl7HelperTest"
                name="Hl7HelperGetFormattedDateTimeWithTimeZoneTest (2019-10-01T10:58:01.0000000-04:00,270,True,False,20191001105801+0430) row 110"
                time="0.0002734"/>
      <testcase classname="Philips.PMP.Test.Auto.Hl7HelperTest"
                name="Hl7HelperGetFormattedDateTimeWithTimeZoneTest (2019-10-01T10:58:01.0000000-04:00,270,False,False,1001105801+0430) row 111"
                time="0.000274"/>
      <testcase classname="Philips.PMP.Test.Auto.Hl7HelperTest"
                name="Hl7HelperGetFormattedDateTimeWithTimeZoneTest (2019-10-01T10:58:01.0000000-04:00,270,False,True,1001105801.000+0430) row 112"
                time="0.0002672"/>
      <testcase classname="Philips.PMP.Test.Auto.Hl7HelperTest"
                name="Hl7HelperGetFormattedDateTimeWithTimeZoneTest (2019-10-01T10:58:41.6127131-04:00,0,True,True,20191001105841.612+0000) row 113"
                time="0.0002669"/>
      <testcase classname="Philips.PMP.Test.Auto.Hl7HelperTest"
                name="Hl7HelperGetFormattedDateTimeWithTimeZoneTest (2019-10-01T10:58:41.6127131-04:00,0,True,False,20191001105841+0000) row 114"
                time="0.000263"/>
      <testcase classname="Philips.PMP.Test.Auto.Hl7HelperTest"
                name="Hl7HelperGetFormattedDateTimeWithTimeZoneTest (2019-10-01T10:58:41.6127131-04:00,0,False,False,1001105841+0000) row 115"
                time="0.0002609"/>
      <testcase classname="Philips.PMP.Test.Auto.Hl7HelperTest"
                name="Hl7HelperGetFormattedDateTimeWithTimeZoneTest (2019-10-01T10:58:41.6127131-04:00,0,False,True,1001105841.612+0000) row 116"
                time="0.0002622"/>
      <testcase classname="Philips.PMP.Test.Auto.Hl7HelperTest"
                name="Hl7HelperGetFormattedDateTimeWithTimeZoneTest (2019-09-01T10:58:41.6127131-04:00,0,True,True,20190901105841.612+0000) row 117"
                time="0.0002786"/>
      <testcase classname="Philips.PMP.Test.Auto.Hl7HelperTest"
                name="Hl7HelperGetFormattedDateTimeWithTimeZoneTest (2019-09-01T10:58:41.6127131-04:00,0,True,False,20190901105841+0000) row 118"
                time="0.0002962"/>
      <testcase classname="Philips.PMP.Test.Auto.Hl7HelperTest"
                name="Hl7HelperGetFormattedDateTimeWithTimeZoneTest (2019-09-01T10:58:41.6127131-04:00,0,False,False,0901105841+0000) row 119"
                time="0.0003934"/>
      <testcase classname="Philips.PMP.Test.Auto.Hl7HelperTest"
                name="Hl7HelperGetFormattedDateTimeWithTimeZoneTest (2019-09-01T10:58:41.6127131-04:00,0,False,True,0901105841.612+0000) row 120"
                time="0.000329"/>
      <testcase classname="Philips.PMP.Test.Auto.Hl7HelperTest"
                name="Hl7HelperGetFormattedDateTimeWithTimeZoneTest (2019-10-10T10:58:41.6127131-04:00,0,True,True,20191010105841.612+0000) row 121"
                time="0.0003087"/>
      <testcase classname="Philips.PMP.Test.Auto.Hl7HelperTest"
                name="Hl7HelperGetFormattedDateTimeWithTimeZoneTest (2019-10-10T10:58:41.6127131-04:00,0,True,False,20191010105841+0000) row 122"
                time="0.0002899"/>
      <testcase classname="Philips.PMP.Test.Auto.Hl7HelperTest"
                name="Hl7HelperGetFormattedDateTimeWithTimeZoneTest (2019-10-10T10:58:41.6127131-04:00,0,False,False,1010105841+0000) row 123"
                time="0.0002811"/>
      <testcase classname="Philips.PMP.Test.Auto.Hl7HelperTest"
                name="Hl7HelperGetFormattedDateTimeWithTimeZoneTest (2019-10-10T10:58:41.6127131-04:00,0,False,True,1010105841.612+0000) row 124"
                time="0.0002785"/>
      <testcase classname="Philips.PMP.Test.Auto.Hl7HelperTest"
                name="Hl7HelperGetFormattedDateTimeWithTimeZoneTest (2019-10-01T09:58:41.6127131-04:00,0,True,True,20191001095841.612+0000) row 125"
                time="0.0002693"/>
      <testcase classname="Philips.PMP.Test.Auto.Hl7HelperTest"
                name="Hl7HelperGetFormattedDateTimeWithTimeZoneTest (2019-10-01T09:58:41.6127131-04:00,0,True,False,20191001095841+0000) row 126"
                time="0.0002804"/>
      <testcase classname="Philips.PMP.Test.Auto.Hl7HelperTest"
                name="Hl7HelperGetFormattedDateTimeWithTimeZoneTest (2019-10-01T09:58:41.6127131-04:00,0,False,False,1001095841+0000) row 127"
                time="0.0003141"/>
      <testcase classname="Philips.PMP.Test.Auto.Hl7HelperTest"
                name="Hl7HelperGetFormattedDateTimeWithTimeZoneTest (2019-10-01T09:58:41.6127131-04:00,0,False,True,1001095841.612+0000) row 128"
                time="0.0002904"/>
      <testcase classname="Philips.PMP.Test.Auto.Hl7HelperTest"
                name="Hl7HelperGetFormattedDateTimeWithTimeZoneTest (2019-10-01T10:08:41.6127131-04:00,0,True,True,20191001100841.612+0000) row 129"
                time="0.0002798"/>
      <testcase classname="Philips.PMP.Test.Auto.Hl7HelperTest"
                name="Hl7HelperGetFormattedDateTimeWithTimeZoneTest (2019-10-01T10:08:41.6127131-04:00,0,True,False,20191001100841+0000) row 130"
                time="0.0002823"/>
      <testcase classname="Philips.PMP.Test.Auto.Hl7HelperTest"
                name="Hl7HelperGetFormattedDateTimeWithTimeZoneTest (2019-10-01T10:08:41.6127131-04:00,0,False,False,1001100841+0000) row 131"
                time="0.0002762"/>
      <testcase classname="Philips.PMP.Test.Auto.Hl7HelperTest"
                name="Hl7HelperGetFormattedDateTimeWithTimeZoneTest (2019-10-01T10:08:41.6127131-04:00,0,False,True,1001100841.612+0000) row 132"
                time="0.0002743"/>
      <testcase classname="Philips.PMP.Test.Auto.Hl7HelperTest"
                name="Hl7HelperGetFormattedDateTimeWithTimeZoneTest (2019-10-01T10:58:01.6127131-04:00,0,True,True,20191001105801.612+0000) row 133"
                time="0.0003593"/>
      <testcase classname="Philips.PMP.Test.Auto.Hl7HelperTest"
                name="Hl7HelperGetFormattedDateTimeWithTimeZoneTest (2019-10-01T10:58:01.6127131-04:00,0,True,False,20191001105801+0000) row 134"
                time="0.0003003"/>
      <testcase classname="Philips.PMP.Test.Auto.Hl7HelperTest"
                name="Hl7HelperGetFormattedDateTimeWithTimeZoneTest (2019-10-01T10:58:01.6127131-04:00,0,False,False,1001105801+0000) row 135"
                time="0.0002936"/>
      <testcase classname="Philips.PMP.Test.Auto.Hl7HelperTest"
                name="Hl7HelperGetFormattedDateTimeWithTimeZoneTest (2019-10-01T10:58:01.6127131-04:00,0,False,True,1001105801.612+0000) row 136"
                time="0.0002957"/>
      <testcase classname="Philips.PMP.Test.Auto.Hl7HelperTest"
                name="Hl7HelperGetFormattedDateTimeWithTimeZoneTest (2019-10-01T10:58:01.0000000-04:00,0,True,True,20191001105801.000+0000) row 137"
                time="0.0002994"/>
      <testcase classname="Philips.PMP.Test.Auto.Hl7HelperTest"
                name="Hl7HelperGetFormattedDateTimeWithTimeZoneTest (2019-10-01T10:58:01.0000000-04:00,0,True,False,20191001105801+0000) row 138"
                time="0.0003179"/>
      <testcase classname="Philips.PMP.Test.Auto.Hl7HelperTest"
                name="Hl7HelperGetFormattedDateTimeWithTimeZoneTest (2019-10-01T10:58:01.0000000-04:00,0,False,False,1001105801+0000) row 139"
                time="0.0002882"/>
      <testcase classname="Philips.PMP.Test.Auto.Hl7HelperTest"
                name="Hl7HelperGetFormattedDateTimeWithTimeZoneTest (2019-10-01T10:58:01.0000000-04:00,0,False,True,1001105801.000+0000) row 140"
                time="0.0002785"/>
      <testcase classname="Philips.PMP.Test.Auto.InvalidSampleFileMgrTest"
                name="PdxInvalidSamplesAreReturnedCorrectly"
                time="0.0019277"/>
      <testcase classname="Philips.PMP.Test.Auto.WeightConversionHelperTest"
                name="WeightConversionHelperConversionTest"
                time="0.0007953"/>
      <testcase classname="Philips.PMP.Test.Auto.NumericPostProcessingTest"
                name="AperiodicTimestampFixerTest"
                time="0.0008151"/>
      <testcase classname="Philips.PMP.Test.Auto.NumericProviderTest"
                name="NumericProviderMissingAttributesFilteringTest"
                time="0.3089018"/>
      <testcase classname="Philips.PIC.DataAcquisition.Test.SureSignsDataConverterTest"
                name="SureSignsDataConverterParseTextIdTest (,False,0) row 1"
                time="0.0016852"/>
      <testcase classname="Philips.PIC.DataAcquisition.Test.SureSignsDataConverterTest"
                name="SureSignsDataConverterParseTextIdTest (0,False,0) row 2"
                time="0.0004313"/>
      <testcase classname="Philips.PIC.DataAcquisition.Test.SureSignsDataConverterTest"
                name="SureSignsDataConverterParseTextIdTest (2,True,2) row 3"
                time="0.0002875"/>
      <testcase classname="Philips.PIC.DataAcquisition.Test.SureSignsDataConverterTest"
                name="SureSignsDataConverterParseTextIdTest (0002-4822,True,149538) row 4"
                time="0.0003256"/>
      <testcase classname="Philips.PIC.DataAcquisition.Test.SureSignsDataConverterTest"
                name="SureSignsDataConverterParseTextIdTest (0002-4B78,True,150392) row 5"
                time="0.0003264"/>
      <testcase classname="Philips.PMP.Test.Auto.DeviceProviderTest"
                name="DeviceProviderStoreMultipleNics"
                time="0.2795235"/>
      <testcase classname="Philips.PMP.Test.Auto.ComplexMetricProviderTest"
                name="ComplexMetricProviderOnePeriodicNumeric (True) row 1"
                time="0.1484411"/>
      <testcase classname="Philips.PMP.Test.Auto.ComplexMetricProviderTest"
                name="ComplexMetricProviderOnePeriodicNumeric (False) row 2"
                time="0.018492"/>
      <testcase classname="Philips.PMP.Test.Auto.WaveDataTest"
                name="WaveDynamicAttributesFilterTest"
                time="0.0012802"/>
      <testcase classname="Philips.PMP.Test.Auto.TimeServiceTest"
                name="ActiveDirectoryTimeSyncMismatchCheckIsCaseInsensitive"
                time="0.0030138"/>
      <testcase classname="Philips.PMP.Test.Auto.AuditProviderTest"
                name="AuditEntryStoreAndGetTest"
                time="0.0820407"/>
      <testcase classname="Philips.PMP.Test.Auto.ComplexMetricProviderTest"
                name="ComplexMetricProviderDynamicAttributesTest"
                time="0.0523178"/>
      <testcase classname="Philips.PMP.Test.Auto.AlertFilterServiceTest"
                name="AlertFilterCentralAudibleTest (CentralAudible,0,1,1,1) row 1"
                time="0.040248"/>
      <testcase classname="Philips.PMP.Test.Auto.AlertFilterServiceTest"
                name="AlertFilterCentralAudibleTest (0,CentralAudible,0,1,0) row 2"
                time="0.0054623"/>
      <testcase classname="Philips.PMP.Test.Auto.PatientDataExportTierTwoTest"
                name="ReportSystemStatusIsCalledOnFailedTierTwoCopy"
                time="0.0148136"/>
      <testcase classname="Philips.PMP.Test.Auto.EcgAnalysisTest"
                name="EcgAnalysisOptionsTest"
                time="0.0153899"/>
      <testcase classname="Philips.IX.UserManagement.Test.UserAuthenticatorsTest"
                name="UserAuthenticatorActiveDirectoryPasswordFail5Test"
                time="0.0014555"/>
      <testcase classname="Philips.PIC.DataAcquisition.Test.SureSignsValidationMgrTest"
                name="SureSignsSpotCheckMgrOnSpotCheckUpdateRequestTest"
                time="0.2133294"/>
      <testcase classname="Philips.PMP.Test.Auto.EventLogQualifierTest"
                name="EventLogQualifierCorrectShould"
                time="0.2993853"/>
      <testcase classname="Philips.PMP.Test.Auto.W32TimeServiceAdapterTest"
                name="InitializingAdapterDisablesTimeServiceWhenNotConfigured"
                time="0.0035305"/>
      <testcase classname="Philips.PMP.Test.Auto.WatchdogHelperTest"
                name="ProcessCommandsWithDumpSingle"
                time="0.0014875"/>
      <testcase classname="Philips.PMP.Test.Auto.AcknowledgeAlertsHelperTest"
                name="AcknowledgeAlertsHelperGetHighestUnacknowledgedAlertTypes"
                time="0.0021074"/>
      <testcase classname="Philips.CareEvent.Test.AuthenticationRequestProcessorTests"
                name="ProcessShouldExcludeFeaturesCorrectly (True,True,True,True,None) row 1"
                time="0.0184538"/>
      <testcase classname="Philips.CareEvent.Test.AuthenticationRequestProcessorTests"
                name="ProcessShouldExcludeFeaturesCorrectly (False,True,True,True,NotificationMode) row 2"
                time="0.0126048"/>
      <testcase classname="Philips.CareEvent.Test.AuthenticationRequestProcessorTests"
                name="ProcessShouldExcludeFeaturesCorrectly (True,False,True,True,Labs) row 3"
                time="0.0236885"/>
      <testcase classname="Philips.CareEvent.Test.AuthenticationRequestProcessorTests"
                name="ProcessShouldExcludeFeaturesCorrectly (True,True,False,True,Labs) row 4"
                time="0.030553"/>
      <testcase classname="Philips.CareEvent.Test.AuthenticationRequestProcessorTests"
                name="ProcessShouldExcludeFeaturesCorrectly (False,False,False,True,NotificationMode, Labs) row 5"
                time="0.0443292"/>
      <testcase classname="Philips.CareEvent.Test.AuthenticationRequestProcessorTests"
                name="ProcessShouldExcludeFeaturesCorrectly (False,False,False,False,NotificationMode, Labs, TextMessaging) row 6"
                time="0.0094191"/>
      <testcase classname="Philips.CareEvent.Test.AuthenticationRequestProcessorTests"
                name="ProcessShouldExcludeFeaturesCorrectly (True,True,True,False,TextMessaging) row 7"
                time="0.0227823"/>
      <testcase classname="Philips.PIC.WebBridge.Test.StripDataControllerTest"
                name="WillGetStripDataByTimeSequenceTest"
                time="0.0035039"/>
      <testcase classname="Philips.PMP.Test.Auto.SystemControlHandlerTest"
                name="SystemControlHandlerGetOverviewPortTest (Unknown,24002) row 1"
                time="0.0009492"/>
      <testcase classname="Philips.PMP.Test.Auto.SystemControlHandlerTest"
                name="SystemControlHandlerGetOverviewPortTest (NotSecure,24002) row 2"
                time="0.0008878"/>
      <testcase classname="Philips.PMP.Test.Auto.SystemControlHandlerTest"
                name="SystemControlHandlerGetOverviewPortTest (SecurityOff,24002) row 3"
                time="0.0004138"/>
      <testcase classname="Philips.PMP.Test.Auto.SystemControlHandlerTest"
                name="SystemControlHandlerGetOverviewPortTest (AuthenticatedNotEncrypted,27002) row 4"
                time="0.0007726"/>
      <testcase classname="Philips.PMP.Test.Auto.SystemControlHandlerTest"
                name="SystemControlHandlerGetOverviewPortTest (AuthenticatedAndEncrypted,27002) row 5"
                time="0.0003997"/>
      <testcase classname="Philips.PMP.Test.Auto.AlertSoundsQualifierTest"
                name="AlertSoundsQualifierVerifyAudioShould"
                time="0.0037353"/>
      <testcase classname="Philips.CareEvent.Test.TopologyAliasProviderTests"
                name="TopologyAliasProviderGetMobileBedLabelTest (False,False) row 1"
                time="0.030258"/>
      <testcase classname="Philips.CareEvent.Test.TopologyAliasProviderTests"
                name="TopologyAliasProviderGetMobileBedLabelTest (True,False) row 2"
                time="0.0298912"/>
      <testcase classname="Philips.CareEvent.Test.TopologyAliasProviderTests"
                name="TopologyAliasProviderGetMobileBedLabelTest (True,True) row 3"
                time="0.0279231"/>
      <testcase classname="Philips.PMP.Test.Auto.SystemPerformanceTest"
                name="StoreUpdateSettingCConfigA"
                time="0.7861759"/>
      <testcase classname="Philips.PMP.Test.Auto.PatientDataExportTest"
                name="ComplexMetricMobileConversionTest"
                time="0.0369054"/>
      <testcase classname="Philips.PMP.Test.Auto.DeviceSettingsControlTest"
                name="DeviceSettingsControlRevertToDefault"
                time="0.2163608"/>
      <testcase classname="Philips.PMP.Test.Auto.PatientSyncProviderTest"
                name="DbSyncDischargePatientTest (False,False,False,False,False,1) row 1"
                time="0.015162"/>
      <testcase classname="Philips.PMP.Test.Auto.PatientSyncProviderTest"
                name="DbSyncDischargePatientTest (True,True,False,True,False,1) row 2"
                time="0.0040687"/>
      <testcase classname="Philips.PMP.Test.Auto.PatientSyncProviderTest"
                name="DbSyncDischargePatientTest (True,True,False,False,False,1) row 3"
                time="0.0033659"/>
      <testcase classname="Philips.PMP.Test.Auto.PatientSyncProviderTest"
                name="DbSyncDischargePatientTest (True,True,True,True,False,0) row 4"
                time="0.0062882"/>
      <testcase classname="Philips.PMP.Test.Auto.PatientSyncProviderTest"
                name="DbSyncDischargePatientTest (True,True,True,True,False,0) row 5"
                time="0.0046468"/>
      <testcase classname="Philips.PMP.Test.Auto.PatientSyncProviderTest"
                name="DbSyncDischargePatientTest (True,False,False,True,False,1) row 6"
                time="0.0032388"/>
      <testcase classname="Philips.PMP.Test.Auto.PatientSyncProviderTest"
                name="DbSyncDischargePatientTest (True,False,True,True,False,1) row 7"
                time="0.0034248"/>
      <testcase classname="Philips.PMP.Test.Auto.PatientSyncProviderTest"
                name="DbSyncDischargePatientTest (True,False,True,False,True,0) row 8"
                time="0.0037883"/>
      <testcase classname="Philips.PMP.Test.Auto.PatientSyncProviderTest"
                name="DbSyncDischargePatientTest (True,False,True,False,False,0) row 9"
                time="0.0039019"/>
      <testcase classname="Philips.PMP.Test.Auto.PatientSyncProviderTest"
                name="DbSyncDischargePatientTest (True,False,True,False,False,0) row 10"
                time="0.0037764"/>
      <testcase classname="Philips.PMP.Test.Auto.PatientSyncProviderTest"
                name="DbSyncDischargePatientTest (True,False,False,False,False,0) row 11"
                time="0.0038457"/>
      <testcase classname="Philips.PMP.Test.Auto.EcgIpmFilterTest"
                name="EcgTestFiltersDontUseNonValidSamples"
                time="0.0025917"/>
      <testcase classname="Philips.PMP.Test.Auto.Hl7OruEncoderTest"
                name="AlarmLimitsOutputHL7Test"
                time="0.0078832"/>
      <testcase classname="Philips.PMP.Test.Auto.DeviceToBedAssignmentControlTest"
                name="AddMonitorToBedTest"
                time="0.032625"/>
      <testcase classname="Philips.PMP.Test.Auto.RepositoryDropoutCounterTest"
                name="RepositoryDropoutCounterUpdateWaveUnavailableCounterTestWithEntireUnavilableWaveSamples"
                time="0.0004902"/>
      <testcase classname="Philips.PMP.Test.Auto.SetArchivePasswordControlTest"
                name="SetArchivePasswordControlValidatesPassword (,,False) row 1"
                time="0.0169248"/>
      <testcase classname="Philips.PMP.Test.Auto.SetArchivePasswordControlTest"
                name="SetArchivePasswordControlValidatesPassword (a,,False) row 2"
                time="0.0294783"/>
      <testcase classname="Philips.PMP.Test.Auto.SetArchivePasswordControlTest"
                name="SetArchivePasswordControlValidatesPassword (,a,False) row 3"
                time="0.0216172"/>
      <testcase classname="Philips.PMP.Test.Auto.SetArchivePasswordControlTest"
                name="SetArchivePasswordControlValidatesPassword (a,Q1w2e3r4t%,False) row 4"
                time="0.0386523"/>
      <testcase classname="Philips.PMP.Test.Auto.SetArchivePasswordControlTest"
                name="SetArchivePasswordControlValidatesPassword (a,a,False) row 5"
                time="0.0255269"/>
      <testcase classname="Philips.PMP.Test.Auto.SetArchivePasswordControlTest"
                name="SetArchivePasswordControlValidatesPassword (Q1w2e3r4t%,,False) row 6"
                time="0.0084895"/>
      <testcase classname="Philips.PMP.Test.Auto.SetArchivePasswordControlTest"
                name="SetArchivePasswordControlValidatesPassword (Q1w2e3r4t%,a,False) row 7"
                time="0.0183925"/>
      <testcase classname="Philips.PMP.Test.Auto.SetArchivePasswordControlTest"
                name="SetArchivePasswordControlValidatesPassword (Q1w2e3r4t%,Q1w2e3r4t%,True) row 8"
                time="0.0314692"/>
      <testcase classname="Philips.PMP.Test.Auto.ApplicationMgrTest"
                name="AllControlsControlTest"
                time="0.0436683"/>
      <testcase classname="Philips.PMP.Test.Auto.PatientAssignmentControlValidatorTest"
                name="PatientAssignmentControlValidatorValidatePatientWeightNoParse (Grams) row 1"
                time="0.0018983"/>
      <testcase classname="Philips.PMP.Test.Auto.PatientAssignmentControlValidatorTest"
                name="PatientAssignmentControlValidatorValidatePatientWeightNoParse (Kilograms) row 2"
                time="0.0009497"/>
      <testcase classname="Philips.PMP.Test.Auto.PatientAssignmentControlValidatorTest"
                name="PatientAssignmentControlValidatorValidatePatientWeightNoParse (Pounds) row 3"
                time="0.0009287"/>
      <testcase classname="Philips.CareEvent.Test.EventInitializerTests"
                name="ReturnReportsOnlyWhenShouldReportOnly"
                time="0.0088251"/>
      <testcase classname="Philips.PMP.Test.Auto.QualificationProviderTest"
                name="GetAdtQualifiersTest"
                time="0.0031954"/>
      <testcase classname="Philips.PMP.Test.Auto.TrendUploadDvcTest"
                name="AddingDVCsMultipleRunsTest"
                time="0.0005609"/>
      <testcase classname="Philips.PMP.Test.Auto.IntellibridgeDeviceDataTest"
                name="IntelliBridgeDriverAcromedMessageInvariantCultureParseFloatTest"
                time="0.005512"/>
      <testcase classname="Philips.PMP.Test.Auto.MulticastHostDeviceHelperTest"
                name="MulticastHostDeviceHelperBlocklistDeviceTest (True) row 1"
                time="0.0194661"/>
      <testcase classname="Philips.PMP.Test.Auto.MulticastHostDeviceHelperTest"
                name="MulticastHostDeviceHelperBlocklistDeviceTest (False) row 2"
                time="0.0122621"/>
      <testcase classname="Philips.PMP.Test.Auto.FindPatientControlTest"
                name="FindPatientShowOrHideColumnHeaders (Required,6) row 1"
                time="0.0431662"/>
      <testcase classname="Philips.PMP.Test.Auto.FindPatientControlTest"
                name="FindPatientShowOrHideColumnHeaders (Optional,6) row 2"
                time="0.0292346"/>
      <testcase classname="Philips.PMP.Test.Auto.FindPatientControlTest"
                name="FindPatientShowOrHideColumnHeaders (Hidden,3) row 3"
                time="0.0309077"/>
      <testcase classname="Philips.PMP.Test.Auto.EcgTroubleShootingControlTest"
                name="EcgTroubleShootingControlUpdateUI (True,False) row 1"
                time="0.0924296"/>
      <testcase classname="Philips.PMP.Test.Auto.EcgTroubleShootingControlTest"
                name="EcgTroubleShootingControlUpdateUI (True,True) row 2"
                time="0.0668491"/>
      <testcase classname="Philips.PMP.Test.Auto.EcgTroubleShootingControlTest"
                name="EcgTroubleShootingControlUpdateUI (False,False) row 3"
                time="0.0527514"/>
      <testcase classname="Philips.PMP.Test.Auto.EcgTroubleShootingControlTest"
                name="EcgTroubleShootingControlUpdateUI (False,True) row 4"
                time="0.0525355"/>
      <testcase classname="Philips.PMP.Test.Auto.DataAtRestSecurityQualifierTest"
                name="DataAtRestSecurityQualifierVerify (0,0,Success) row 1"
                time="0.0571986"/>
      <testcase classname="Philips.PMP.Test.Auto.DataAtRestSecurityQualifierTest"
                name="DataAtRestSecurityQualifierVerify (1,0,Failure) row 2"
                time="0.0032095"/>
      <testcase classname="Philips.PMP.Test.Auto.DataAtRestSecurityQualifierTest"
                name="DataAtRestSecurityQualifierVerify (2,0,Failure) row 3"
                time="0.0005846"/>
      <testcase classname="Philips.PMP.Test.Auto.DataAtRestSecurityQualifierTest"
                name="DataAtRestSecurityQualifierVerify (0,1,Failure) row 4"
                time="0.0004929"/>
      <testcase classname="Philips.PMP.Test.Auto.DataAtRestSecurityQualifierTest"
                name="DataAtRestSecurityQualifierVerify (0,2,Failure) row 5"
                time="0.000459"/>
      <testcase classname="Philips.PMP.Test.Auto.DataAtRestSecurityQualifierTest"
                name="DataAtRestSecurityQualifierVerify (1,1,Failure) row 6"
                time="0.000441"/>
      <testcase classname="Philips.PMP.Test.Auto.DataAtRestSecurityQualifierTest"
                name="DataAtRestSecurityQualifierVerify (2,2,Failure) row 7"
                time="0.0004514"/>
      <testcase classname="Philips.PMP.Test.Auto.WatchdogTest"
                name="WatchdogEngineFailureDetectionWhileDumpingTest"
                time="0.018652"/>
      <testcase classname="Philips.PMP.Test.Auto.CertificateMappingQualifierTest"
                name="CertificateMappingQualifierCanSetRegistry"
                time="0.0793677"/>
      <testcase classname="Philips.PMP.Test.Auto.ProtocolWatchConversionsTest"
                name="ConvertPatientToPatientDemographics"
                time="0.0106895"/>
      <testcase classname="Philips.PMP.Test.Auto.Hl7ConnectionTest"
                name="SendValidatedDataMsgTest"
                time="0.0069029"/>
      <testcase classname="Philips.PMP.Test.Auto.DefaultFeatureConfigurationHelperTest"
                name="GetMyZoneProfilesTest"
                time="0.0036657"/>
      <testcase classname="Philips.PMP.Test.Auto.SectorAssignmentControlHelperTest"
                name="SectorAssignmentControlHelperTryAssignSectorIsPicAssignment (SectorNotFound,True) row 1"
                time="0.0194358"/>
      <testcase classname="Philips.PMP.Test.Auto.SectorAssignmentControlHelperTest"
                name="SectorAssignmentControlHelperTryAssignSectorIsPicAssignment (Success,False) row 2"
                time="0.0030775"/>
      <testcase classname="Philips.CareEvent.Test.EventWorkflowProviderTests"
                name="SyncEventsTest"
                time="0.3829722"/>
      <testcase classname="Philips.PMP.Test.Auto.EfficiaControlMgrTest"
                name="EfficiaControlMgrHandleQtSettingsInvokeTest"
                time="0.1165286"/>
      <testcase classname="Philips.PMP.Test.Auto.InfoProviderTest"
                name="InfoProviderPrettyTimeOnInterval2Test"
                time="0.0054837"/>
      <testcase classname="Philips.PMP.Test.Auto.SchedulerServiceTest"
                name="EndedScheduledEventPurgeTest"
                time="0.0172489"/>
      <testcase classname="Philips.PMP.Test.Auto.WebQualifierTest"
                name="SuccesssOnMachineIsNotWebServer"
                time="0.0048073"/>
      <testcase classname="Philips.PMP.Test.Auto.EnterpriseProviderTest"
                name="ProcessEnterpriseCacheUpdateLocalScope (True,True,True) row 1"
                time="0.007012"/>
      <testcase classname="Philips.PMP.Test.Auto.EnterpriseProviderTest"
                name="ProcessEnterpriseCacheUpdateLocalScope (True,False,False) row 2"
                time="0.0060086"/>
      <testcase classname="Philips.PMP.Test.Auto.EnterpriseProviderTest"
                name="ProcessEnterpriseCacheUpdateLocalScope (False,True,True) row 3"
                time="0.0052631"/>
      <testcase classname="Philips.PMP.Test.Auto.EnterpriseProviderTest"
                name="ProcessEnterpriseCacheUpdateLocalScope (False,False,True) row 4"
                time="0.0051432"/>
      <testcase classname="Philips.PMP.Test.Auto.ProtocolSetupProviderTest"
                name="GetUnitProfileProtocolsTest"
                time="0.6854239"/>
      <testcase classname="Philips.PIC.DataAcquisition.Test.MonitoringDevicePatientQueryHelperTest"
                name="MonitoringDeviceQueryPatientByIdTest (True,0,False) row 1"
                time="0.1421185"/>
      <testcase classname="Philips.PIC.DataAcquisition.Test.MonitoringDevicePatientQueryHelperTest"
                name="MonitoringDeviceQueryPatientByIdTest (False,1,False) row 2"
                time="0.0064329"/>
      <testcase classname="Philips.PIC.DataAcquisition.Test.MonitoringDevicePatientQueryHelperTest"
                name="MonitoringDeviceQueryPatientByIdTest (False,1,True) row 3"
                time="0.002585"/>
      <testcase classname="Philips.PIC.DataAcquisition.Test.MonitoringDevicePatientQueryHelperTest"
                name="MonitoringDeviceQueryPatientByIdTest (False,2,False) row 4"
                time="0.001791"/>
      <testcase classname="Philips.PIC.DataAcquisition.Test.MonitoringDevicePatientQueryHelperTest"
                name="MonitoringDeviceQueryPatientByIdTest (False,12,False) row 5"
                time="0.0008318"/>
      <testcase classname="Philips.PMP.Test.Auto.MulticastZoneControlTest"
                name="SelectedZoneTest (SelectedOrParentMulticastZone,My institution,) row 1"
                time="0.0400193"/>
      <testcase classname="Philips.PMP.Test.Auto.MulticastZoneControlTest"
                name="SelectedZoneTest (SelectedOrParentMulticastZone,Multicast Zone,Multicast Zone) row 2"
                time="0.029577"/>
      <testcase classname="Philips.PMP.Test.Auto.MulticastZoneControlTest"
                name="SelectedZoneTest (SelectedOrParentMulticastZone,Multicast Zone2,Multicast Zone2) row 3"
                time="0.0337109"/>
      <testcase classname="Philips.PMP.Test.Auto.MulticastZoneControlTest"
                name="SelectedZoneTest (SelectedOrParentMulticastZone,Unit1,Multicast Zone) row 4"
                time="0.0322298"/>
      <testcase classname="Philips.PMP.Test.Auto.MulticastZoneControlTest"
                name="SelectedZoneTest (SelectedMulticastZone,My institution,) row 5"
                time="0.0313332"/>
      <testcase classname="Philips.PMP.Test.Auto.MulticastZoneControlTest"
                name="SelectedZoneTest (SelectedMulticastZone,Multicast Zone,Multicast Zone) row 6"
                time="0.0317903"/>
      <testcase classname="Philips.PMP.Test.Auto.MulticastZoneControlTest"
                name="SelectedZoneTest (SelectedMulticastZone,Multicast Zone2,Multicast Zone2) row 7"
                time="0.0297703"/>
      <testcase classname="Philips.PMP.Test.Auto.MulticastZoneControlTest"
                name="SelectedZoneTest (SelectedMulticastZone,Unit1,) row 8"
                time="0.0334988"/>
      <testcase classname="Philips.PMP.Test.Auto.Ecg12LeadProviderTest"
                name="Ecg12LeadProviderClearOrderInfo"
                time="0.0907665"/>
      <testcase classname="Philips.IX.UserManagement.Test.ProveIdWebApiConfigurationProviderTest"
                name="GetAgentGeneralConfigTest"
                time="0.0271502"/>
      <testcase classname="Philips.PMP.Test.Auto.PatientMgrTest"
                name="PatientMgrSyncPatientTest"
                time="0.2987888"/>
      <testcase classname="Philips.PMP.Test.Auto.InstitutionTreeControlTest"
                name="InstitutionTreeControlUpdateUi (False,0) row 1"
                time="0.0153899"/>
      <testcase classname="Philips.PMP.Test.Auto.InstitutionTreeControlTest"
                name="InstitutionTreeControlUpdateUi (True,1) row 2"
                time="0.0097712"/>
      <testcase classname="Philips.PMP.Test.Auto.IheMessageProcessorTest"
                name="IHEMessageProcessorTest (MSH|^~\&amp;|CONNECT|UMS|||20220614062102+0200||ORU^R01^ORU_R01|PCD-01_20220614042102219811|P|2.6|||AL|NE|||EN^English^ISO639||IHE_PCD_001^IHE PCD^1.3.6.1.4.1.19376.1.6.1.1.1^ISO&#xD;&#xA;&#x9;&#x9;PID|||Bed3^^^AIC^U||Bed3^^^^^^U&#xD;&#xA;&#x9;&#x9;PV1|2|I|{uniqueId}|1|&#xD;&#xA;&#x9;&#x9;OBR|1|ICU@Bed3@Alaris PK@8005-05758^AIC^ascom.com^DNS|ICU@Bed3@Alaris PK@8005-05758^AIC^ascom.com^DNS|ICU@Bed3@Alaris PK@8005-05758^Alfentanil|||20220614062100.108+0200&#xD;&#xA;&#x9;&#x9;OBX|1||69985^MDC_DEV_PUMP_INFUS_MDS^MDC|1.0.0.0|||||||X|||||||Alaris PK@8005-05758@1^AIC^ascom.com^DNS&#xD;&#xA;&#x9;&#x9;OBX|2||69986^MDC_DEV_PUMP_INFUS_VMD^MDC|1.1.0.0|||||||X&#xD;&#xA;&#x9;&#x9;OBX|4||126978^MDC_DEV_PUMP_INFUS_CHAN_DELIVERY^MDC|1.1.1.0|||||||X&#xD;&#xA;&#x9;&#x9;OBX|3|CWE|188772^MDC_COMM_STATUS^MDC|1.1.0.1|^comm-status-online^MDC||||||X&#xD;&#xA;&#x9;&#x9;OBX|5|CWE|184504^MDC_PUMP_MODE^MDC|1.1.1.11|^pump-mode-continuous^MDC||||||R&#xD;&#xA;&#x9;&#x9;OBX|6|CWE|184519^MDC_PUMP_INFUSING_STATUS^MDC|1.1.1.12|^pump-status-infusing^MDC||||||R&#xD;&#xA;&#x9;&#x9;OBX|7|NM|157784^MDC_FLOW_FLUID_PUMP^MDC|1.1.1.13|7.23|mL/h^mL/h^UCUM|||||R&#xD;&#xA;&#x9;&#x9;OBX|8|NM|157993^MDC_VOL_FLUID_DELIV_TOTAL^MDC|1.1.1.14|7.793|mL^mL^UCUM|||||R&#xD;&#xA;&#x9;&#x9;OBX|9|NM|0^MDCX_PUMP_PK_PC^MDC|1.1.1.16|19.9944|ng/mL^ng/mL^UCUM|||||R&#xD;&#xA;&#x9;&#x9;OBX|10|NM|0^MDCX_PUMP_PK_EC^MDC|1.1.1.17|19.9987|ng/mL^ng/mL^UCUM|||||R&#xD;&#xA;&#x9;&#x9;OBX|11|CWE|0^MDC_DEV_PUMP_ACTIVE_SOURCES^MDC|1.1.1.18|^pump-source-info-primary^MDC||||||R&#xD;&#xA;&#x9;&#x9;OBX|12||126977^MDC_DEV_PUMP_INFUS_CHAN_SOURCE^MDC|1.1.2.0|||||||X&#xD;&#xA;&#x9;&#x9;OBX|13|ST|184514^MDC_DRUG_NAME_LABEL^MDC|1.1.2.11|Alfentanil||||||R&#xD;&#xA;&#x9;&#x9;OBX|14|NM|157760^MDC_CONC_DRUG^MDC|1.1.2.12|100.00|mcg/mL^mcg/mL^UCUM|||||R&#xD;&#xA;&#x9;&#x9;OBX|15|NM|157784^MDC_FLOW_FLUID_PUMP^MDC|1.1.2.13|7.23|mL/h^mL/h^UCUM|||||R&#xD;&#xA;&#x9;&#x9;OBX|16|NM|157924^MDC_RATE_DOSE^MDC|1.1.2.14|0.17|mcg/kg/min^mcg/kg/min^UCUM|||||R&#xD;&#xA;&#x9;&#x9;OBX|17|NM|157864^MDC_VOL_FLUID_DELIV^MDC|1.1.2.15|0.010|mL^mL^UCUM|||||R&#xD;&#xA;&#x9;&#x9;OBX|18|NM|157993^MDC_VOL_FLUID_DELIV_TOTAL^MDC|1.1.2.16|7.793|mL^mL^UCUM|||||R&#xD;&#xA;&#x9;&#x9;OBX|19|NM|157872^MDC_VOL_FLUID_TBI_REMAIN^MDC|1.1.2.17||mL^mL^UCUM|||||X&#xD;&#xA;&#x9;&#x9;OBX|20|NM|157916^MDC_TIME_PD_REMAIN^MDC|1.1.2.18|314|min^min^UCUM|||||R&#xD;&#xA;&#x9;&#x9;OBX|21|NM|68063^MDC_ATTR_PT_WEIGHT^MDC|1.1.2.19|70.00|kg^kg^UCUM|||||R&#xD;&#xA;&#x9;&#x9;OBX|22|ST|0^MDCX_PUMP_PK_DRUGMODEL^MDC|1.1.2.21|Alfentanil_Maitre||||||R&#xD;&#xA;&#x9;&#x9;OBX|23|ST|0^MDCX_PUMP_PK_TARGETMODE^MDC|1.1.2.22|P||||||R&#xD;&#xA;&#x9;&#x9;OBX|24|NM|0^MDCX_PUMP_PK_TARGET^MDC|1.1.2.23|20.0000|ng/mL^ng/mL^UCUM|||||R&#xD;&#xA;&#x9;&#x9;OBX|25|ST|70055^MDC_DEV_PUMP_INFUS_SYRINGE_CHAN^MDC|1.1.4.0|||||||X&#xD;&#xA;&#x9;&#x9;OBX|26|ST|184488^MDC_SYRINGE_MANUFACTURER^MDC|1.1.4.10|IVAC||||||R&#xD;&#xA;&#x9;&#x9;OBX|27|NM|157880^MDC_VOL_SYRINGE^MDC|1.1.4.11|50|mL^mL^UCUM|||||R,BDAIC,1,6,6) row 1"
                time="0.0068807"/>
      <testcase classname="Philips.PMP.Test.Auto.IheMessageProcessorTest"
                name="IHEMessageProcessorTest (MSH|^~\&amp;|||||20201201141507.982-0500||ORU^R01^ORU_R01|HP1201141507.982PH2UA91414CR6|P|2.6|||AL|NE||8859/1|EN^English^ISO639||IHE_PCD_001^IHE PCD^1.3.6.1.4.1.19376.1.6.1.1.1^ISO&#xD;&#xA;&#x9;&#x9;PID|||&#34;^^^Philips^MR||&#34;^&#34;^&#34;^^^^L||&#34;|&#34;&#xD;&#xA;&#x9;&#x9;PV1||I|My Unit^^Be001&#xD;&#xA;&#x9;&#x9;OBR|||0009fbFFFF78373b^^^EUI-64|69965^MDC_DEV_MON_PHYSIO_MULTI_PARAM_MDS^MDC|||20201201141507.915-0500&#xD;&#xA;&#x9;&#x9;OBX|||69965^MDC_DEV_MON_PHYSIO_MULTI_PARAM_MDS^MDC|1.0.0.0|||||||X|||||||34f0c2ae-e930-4806-b7ed-b65e88cbeacb-IntelliVue MX800 - 865240&#xD;&#xA;&#x9;&#x9;OBX|||70002^MDC_DEV_SYS_PT_VENT_VMD^MDC|1.1.0.0|||||||X|||||||DE12507943&#xD;&#xA;&#x9;&#x9;OBX|||70003^MDC_DEV_SYS_PT_VENT_CHAN^MDC|1.1.1.0|||||||X&#xD;&#xA;&#x9;&#x9;OBX||NM|2158686310^NLS_VUELINK_FLX1_NPS_TEXT_NUM2^MDC^^^^^^breath|1.1.1.3|80|262656^MDC_DIM_DIMLESS^MDC|||||F&#xD;&#xA;&#x9;&#x9;OBX||ST|2158686308^NLS_VUELINK_FLX1_NPS_TEXT_NUM1^MDC^^^^^^PuStat|1.3.1.6|Infusing||||||R|||20180622133129.224+0200|,CapsuleMDIP,1,1,1) row 2"
                time="0.0008483"/>
      <testcase classname="Philips.PMP.Test.Auto.IheMessageProcessorTest"
                name="IHEMessageProcessorTest (MSH|^~\&amp;|CONNECT|UMS|||20220614062102+0200||ORU^R01^ORU_R01|PCD-01_20220614042102219811|P|2.6|||AL|NE|||EN^English^ISO639||IHE_PCD_001^IHE PCD^1.3.6.1.4.1.19376.1.6.1.1.1^ISO&#xD;&#xA;&#x9;&#x9;PID|||&#34;^^^Philips^MR||&#34;^&#34;^&#34;^^^^L||&#34;|&#34;&#xD;&#xA;&#x9;&#x9;PV1||I|My Unit^^Be001&#xD;&#xA;&#x9;&#x9;OBR|||0009fbFFFF78373b^^^EUI-64|69965^MDC_DEV_MON_PHYSIO_MULTI_PARAM_MDS^MDC|||20201201141507.915-0500&#xD;&#xA;&#x9;&#x9;OBX|||69965^MDC_DEV_MON_PHYSIO_MULTI_PARAM_MDS^MDC|1.0.0.0|||||||X|||||||34f0c2ae-e930-4806-b7ed-b65e88cbeacb-IntelliVue MX800 - 865240&#xD;&#xA;&#x9;&#x9;OBX|||70002^MDC_DEV_SYS_PT_VENT_VMD^MDC|1.1.0.0|||||||X|||||||DE12507943&#xD;&#xA;&#x9;&#x9;OBX|||70003^MDC_DEV_SYS_PT_VENT_CHAN^MDC|1.1.1.0|||||||X&#xD;&#xA;&#x9;&#x9;OBX||NM|wrong^MDC_RESP_TIME_CONSTANT_EXP^MDC|1.1.1.2|22|264320^MDC_DIM_SEC^MDC|&gt;10||||F &#xD;&#xA;&#x9;&#x9;OBX|18|NM|157916^MDC_TIME_PD_REMAIN^MDC|1.1.2.210|602|264352^MDC_DIM_MIN^MDC^min^min^UCUM|||||R,CapsuleMDIP,1,1,0) row 3"
                time="0.0006386"/>
      <testcase classname="Philips.PMP.Test.Auto.IheMessageProcessorTest"
                name="IHEMessageProcessorTest (MSH|^~\&amp;|CONNECT|UMS|||20220614062102+0200||ORU^R01^ORU_R01|PCD-01_20220614042102219811|P|2.6|||AL|NE|||EN^English^ISO639||IHE_PCD_001^IHE PCD^1.3.6.1.4.1.19376.1.6.1.1.1^ISO&#xD;&#xA;&#x9;&#x9;PID|||&#34;^^^Philips^MR||&#34;^&#34;^&#34;^^^^L||&#34;|&#34;&#xD;&#xA;&#x9;&#x9;PV1||I|My Unit^^Be001&#xD;&#xA;&#x9;&#x9;OBR|||0009fbFFFF78373b^^^EUI-64|69965^MDC_DEV_MON_PHYSIO_MULTI_PARAM_MDS^MDC|||20201201141507.915-0500,CapsuleMDIP,0,0,0) row 4"
                time="0.0092317"/>
      <testcase classname="Philips.PMP.Test.Auto.IheMessageProcessorTest"
                name="IHEMessageProcessorTest (MSH|^~\&amp;|PAT_DEVICE_BBRAUN^0012211839000001^EUI-64|BBRAUN|DOC_AM_TEST|BB1|20220523142113+0000||ORU^R01^ORU_R01|63788912473382465025|P|2.6|||AL|NE||ASCII|en^English^ISO639||IHE_PCD_001^IHE PCD^1.3.6.1.4.1.19376.1.6.4.1^ISO&#xD;&#xA;&#x9;&#x9;PID|||Unknown Patient^Unknown Patient||^^^^^^U||||||||||||||||||||||||||Y&#xD;&#xA;&#x9;&#x9;OBR|1|029d53e1-daa3-11ec-8487-c0ee400d168f^PAT_DEVICE_BBRAUN^0012211839000001^EUI-64|029d53e1-daa3-11ec-8487-c0ee400d168f^PAT_DEVICE_BBRAUN^0012211839000001^EUI-64|Dobutamine^Dobutamine|||20220523142039+0000&#xD;&#xA;&#x9;&#x9;OBX|1||70053^MDC_DEV_PUMP_INFUS_SYRINGE_MDS^MDC|1.0.0.0|||||||X|||||||P2450^^0012210000000000^EUI-64&#xD;&#xA;&#x9;&#x9;OBX|2||70054^MDC_DEV_PUMP_INFUS_SYRINGE_VMD^MDC|1.1.0.0|||||||X&#xD;&#xA;&#x9;&#x9;OBX|8||70067^MDC_DEV_PUMP_DELIVERY_INFO^MDC|1.1.1.0|||||||X&#xD;&#xA;&#x9;&#x9;OBX|9|ST|0^MDC_ATTR_PUMP_PILLAR_DETAILS^MDC|1.1.0.24|0^0||||||F|||||||{uniqueId}&#xD;&#xA;&#x9;&#x9;OBX|9|CWE|184519^MDC_PUMP_INFUSING_STATUS^MDC|1.1.1.1|^pump-status-infusing||||||R&#xD;&#xA;&#x9;&#x9;OBX|10|NM|158014^MDC_FLOW_FLUID_PUMP_CURRENT^MDC|1.1.1.2|18|265266^MDC_DIM_MILLI_L_PER_HR^MDC^mL/h^mL/h^UCUM|||||R&#xD;&#xA;&#x9;&#x9;OBX|11|CWE|158016^MDC_DEV_PUMP_ACTIVE_SOURCES^MDC|1.1.1.3|^pump-source-info-primary||||||R&#xD;&#xA;&#x9;&#x9;OBX|12||70071^MDC_DEV_PUMP_INFUSATE_SOURCE_PRIMARY^MDC|1.1.2.0|||||||X&#xD;&#xA;&#x9;&#x9;OBX|13|ST|158012^MDC_DEV_PUMP_SOURCE_CHANNEL_LABEL^MDC|1.1.2.1|Primary||||||R&#xD;&#xA;&#x9;&#x9;OBX|14|ST|184514^MDC_DRUG_NAME_LABEL^MDC|1.1.2.2|Dobutamine||||||R&#xD;&#xA;&#x9;&#x9;OBX|15|ST|184516^MDC_PUMP_DRUG_LIBRARY_CARE_AREA^MDC|1.1.2.4|Global Surgery||||||R&#xD;&#xA;&#x9;&#x9;OBX|16|NM|157784^MDC_FLOW_FLUID_PUMP^MDC|1.1.2.5|18|265266^MDC_DIM_MILLI_L_PER_HR^MDC^mL/h^mL/h^UCUM|||||R&#xD;&#xA;&#x9;&#x9;OBX|17|NM|157760^MDC_CONC_DRUG^MDC|1.1.2.7|5|264306^MDC_DIM_MILLI_G_PER_ML^MDC^mg/mL^mg/mL^UCUM|||||R&#xD;&#xA;&#x9;&#x9;OBX|18|NM|157884^MDC_VOL_FLUID_TBI^MDC|1.1.2.8|2|263762^MDC_DIM_MILLI_L^MDC^mL^mL^UCUM|||||R&#xD;&#xA;&#x9;&#x9;OBX|19|NM|157872^MDC_VOL_FLUID_TBI_REMAIN^MDC|1.1.2.9|0.9|263762^MDC_DIM_MILLI_L^MDC^mL^mL^UCUM|||||R&#xD;&#xA;&#x9;&#x9;OBX|20|NM|157993^MDC_VOL_FLUID_DELIV_TOTAL^MDC|1.1.2.11|1.1|263762^MDC_DIM_MILLI_L^MDC^mL^mL^UCUM|||||R&#xD;&#xA;&#x9;&#x9;OBX|21|NM|157999^MDC_DOSE_DRUG_TBI^MDC|1.1.2.12|10000|263891^MDC_DIM_MICRO_G^MDC^ug^ug^UCUM|||||R&#xD;&#xA;&#x9;&#x9;OBX|22|NM|158000^MDC_DOSE_DRUG_TBI_REMAIN^MDC|1.1.2.13|4480|263891^MDC_DIM_MICRO_G^MDC^ug^ug^UCUM|||||R&#xD;&#xA;&#x9;&#x9;OBX|23|NM|158001^MDC_DOSE_DRUG_DELIV_TOTAL^MDC|1.1.2.15|5520|263891^MDC_DIM_MICRO_G^MDC^ug^ug^UCUM|||||R&#xD;&#xA;&#x9;&#x9;OBX|24|NM|157996^MDC_TIME_PD_PROG^MDC|1.1.2.16|400|264320^MDC_DIM_X_SEC^MDC^s^s^UCUM|||||R&#xD;&#xA;&#x9;&#x9;OBX|25|NM|157916^MDC_TIME_PD_REMAIN^MDC|1.1.2.17|179|264320^MDC_DIM_X_SEC^MDC^s^s^UCUM|||||R&#xD;&#xA;&#x9;&#x9;OBX|26|NM|68063^MDC_ATTR_PT_WEIGHT^MDC|1.1.2.18|100|263875^MDC_DIM_KILO_G^MDC^kg^kg^UCUM|||||R&#xD;&#xA;&#x9;&#x9;OBX|27|CWE|158008^MDC_DEV_PUMP_PROGRAM_DELIVERY_MODE^MDC|1.1.2.21|^pump-program-delivery-mode-continuous||||||R&#xD;&#xA;&#x9;&#x9;OBX|28|CWE|158005^MDC_DEV_PUMP_CURRENT_DELIVERY_STATUS^MDC|1.1.2.22|^pump-delivery-status-delivering||||||R&#xD;&#xA;&#x9;&#x9;OBX|29||70091^MDC_DEV_PUMP_SYRINGE_INFO^MDC|1.1.6.0|||||||X&#xD;&#xA;&#x9;&#x9;OBX|30|NM|157880^MDC_VOL_SYRINGE^MDC|1.1.6.1|50|263762^MDC_DIM_MILLI_L^MDC^mL^mL^UCUM|||||R&#xD;&#xA;&#x9;&#x9;OBX|31|NM|157984^MDC_VOL_SYRINGE_ACTUAL^MDC|1.1.6.2|30.95|263762^MDC_DIM_MILLI_L^MDC^mL^mL^UCUM|||||R&#xD;&#xA;&#x9;&#x9;OBX|32|ST|184488^MDC_SYRINGE_MANUFACTURER^MDC|1.1.6.3|B.Braun OPS 50 mL||||||R,BBraunDoselinkPlus,1,13,8) row 5"
                time="0.0023771"/>
      <testcase classname="Philips.PMP.LicenseService.Test.GeneralCareCompatibilityDeterminerTest"
                name="ContainsUnassignableOptionsTest"
                time="0.0273802"/>
      <testcase classname="Philips.PMP.Test.Auto.SoundSchemeMapperTest"
                name="GetSelectionBasedOnSoundScheme (Iso,0) row 1"
                time="0.0111463"/>
      <testcase classname="Philips.PMP.Test.Auto.SoundSchemeMapperTest"
                name="GetSelectionBasedOnSoundScheme (Traditional,1) row 2"
                time="0.0003821"/>
      <testcase classname="Philips.PMP.Test.Auto.SoundSchemeMapperTest"
                name="GetSelectionBasedOnSoundScheme (IecIso2020,2) row 3"
                time="0.0003617"/>
      <testcase classname="Philips.PMP.Test.Auto.SoundSchemeMapperTest"
                name="GetSelectionBasedOnSoundScheme (Philips2021,3) row 4"
                time="0.0003623"/>
      <testcase classname="Philips.CareEvent.Test.CareAssignmentControlTests"
                name="LaunchingCareAssignmentFormShouldSetWorkstationClientToTrue"
                time="0.0438015"/>
      <testcase classname="Philips.PMP.Test.Auto.EcgFilterAvailableHelperTest"
                name="EcgFilterAvailableHelperIsEcgFilterAvailableWaveDictionaryPortal5KDevices"
                time="0.0066636"/>
      <testcase classname="Philips.PMP.Test.Auto.PatientMgrTest"
                name="PatientMgrProcessesIpAddressUpdates (Mdil) row 1"
                time="0.0146715"/>
      <testcase classname="Philips.PMP.Test.Auto.PatientMgrTest"
                name="PatientMgrProcessesIpAddressUpdates (Telemdil) row 2"
                time="0.0107892"/>
      <testcase classname="Philips.PMP.Test.Auto.TrendUploadMgrTest"
                name="TimeMappingsShouldBeInclusiveOfTimeSeedMdil"
                time="0.0261007"/>
      <testcase classname="Philips.PMP.Test.Auto.WaveGapFinderTest"
                name="FindWaveGapsDueToStandbyTest"
                time="0.324509"/>
      <testcase classname="Philips.PIC.DeviceUserManagement.Test.DeviceUserManagementConfigProviderTest"
                name="DeviceUserManagementConfigProviderCaching"
                time="0.004238"/>
      <testcase classname="Philips.PMP.Test.Auto.AlertNotificationServiceTest"
                name="AlertNotificationServiceCanConnectToClients"
                time="0.0146628"/>
      <testcase classname="Philips.PMP.Test.Auto.EventCategorySettingsMgrTest"
                name="BlastChangesFromAllEvents"
                time="0.0148465"/>
      <testcase classname="Philips.PMP.Test.Auto.UptimeTrackingOutboundHL7DataTest"
                name="QueryServerMessageCountsAreTracked"
                time="0.0726736"/>
      <testcase classname="Philips.PMP.Test.Auto.EventCatalogProviderTest"
                name="TrySetCategoryShouldFindInopCategoryAfterPPMCatalogChange"
                time="1.9639404"/>
      <testcase classname="Philips.PMP.Test.Auto.PatientFieldsValidatorTest"
                name="PatientFieldsValidatorValidateLifetimeIdOnly"
                time="0.0006131"/>
      <testcase classname="Philips.PMP.Test.Auto.TimeServiceTest"
                name="ExternalTimeConfiguredTimeServiceOnPass"
                time="0.010202"/>
      <testcase classname="Philips.PMP.Test.Auto.DbCertificateProviderTest"
                name="StoreAndGetCertificateTest"
                time="0.215916"/>
      <testcase classname="Philips.PMP.Test.Auto.EventCatalogProviderTest"
                name="GetEventCategoryNameByInValidId"
                time="0.0893555"/>
      <testcase classname="Philips.PMP.Test.Auto.IheMessageProcessorTest"
                name="IHEMultipleDifferentChannelMultipleAlarmTest (MSH|^~\&amp;|DATACAPTOR||||20221216144425.351+0530||ORU^R40^ORU_R40|000119ad154900000144|P|2.6|||NE|NE||UNICODE UTF-8|||IHE_PCD_004^IHE PCD^1.3.6.1.4.1.19376.1.6.1.4.1^ISO~IHEPCD04_MDIL (genuine)_11.6.0.11595^CAPSULE|&#xD;&#xA;&#x9;&#x9;PID|||||^^^^^^U|&#xD;&#xA;&#x9;&#x9;PV1||I|{PV13Location}|&#xD;&#xA;&#x9;&#x9;OBR|1|1203^CAPSULE^3268B019E1B44157^EUI-64|1203^CAPSULE^3268B019E1B44157^EUI-64|196616^MDC_EVT_ALARM^MDC|||20221216144425.000+0530|||INGBTCPIC6MS057|||INGBTCPIC6MS057||||||||NellcorPuritanBennettE_5.4.10_NPB 840_Nellcor Puritan Bennett_{BD7662D2-3A26-4CE9-BE1C-568A8E479A28}||||||||^{796AE130-F582-4DCD-AD0B-8E7148C48229}&amp;CAPSULE&amp;3268B019E1B44157&amp;EUI-64|&#xD;&#xA;&#x9;&#x9;OBX|1||69985^MDC_DEV_PUMP_INFUS_MDS^MDC|1.0.0.0|||||||X|||||||Alaris neXus PK@5100-00074@1^AIC^ascom.com^DNS&#xD;&#xA;&#x9;&#x9;OBX|2||69986^MDC_DEV_PUMP_INFUS_VMD^MDC|1.1.0.0|||||||X&#xD;&#xA;&#x9;&#x9;OBX|16||69903^MDC_DEV_METER_TEMP_CHAN^^MDC|1.1.1.0|||||||X|||||||1&#xD;&#xA;&#x9;&#x9;OBX|4|CWE|196648^MDC_EVT_HI^MDIL|1.1.1.0.1|1073742880^NLS_DRV_GENERAL_ALERT_PHYS_ALERT_TOO_HIGH_PRIO_MEDIUM^NLS^^^^^^** Temp High| |||||F|||20180731192650.901+0200|&#xD;&#xA;&#x9;&#x9;OBX|17|NM|150344^MDC_TEMP^MDIL^^^^^^Temp|1.1.1.0.2|20|268192^MDC_DIM_DEGC^MDIL^^^^^^°C|||||F|||20180622133129.224+0200||||||1^NOM_BODY_LOCATION_SKIN^MDIL^^^^^^skin|1&#xD;&#xA;&#x9;&#x9;OBX|6|ST|68481^MDC_ATTR_EVENT_PHASE^MDC|1.1.1.0.3|start||||||F|||20180731192650.901+0200|&#xD;&#xA;&#x9;&#x9;OBX|7|ST|68482^MDC_ATTR_ALARM_STATE^MDC|1.1.1.0.4|active||||||F|||20180731192650.901+0200|&#xD;&#xA;&#x9;&#x9;OBX|8|ST|68483^MDC_ATTR_ALARM_INACTIVATION_STATE^MDC|1.1.1.0.5|enabled~enabled||||||F|||20180731192650.901+0200|&#xD;&#xA;&#x9;&#x9;OBX|9|ST|68484^MDC_ATTR_ALARM_PRIORITY^MDC|1.1.1.0.6|PM||||||F|||20180731192650.901+0200|&#xD;&#xA;&#x9;&#x9;OBX|10|ST|68485^MDC_ATTR_ALERT_TYPE^MDC|1.1.1.0.7|SP||||||F|||20180731192650.901+0200|,MSH|^~\&amp;|DATACAPTOR||||20221216144425.351+0530||ORU^R40^ORU_R40|000119ad154900000144|P|2.6|||NE|NE||UNICODE UTF-8|||IHE_PCD_004^IHE PCD^1.3.6.1.4.1.19376.1.6.1.4.1^ISO~IHEPCD04_MDIL (genuine)_11.6.0.11595^CAPSULE|&#xD;&#xA;&#x9;&#x9;PID|||||^^^^^^U|&#xD;&#xA;&#x9;&#x9;PV1||I|{PV13Location}|&#xD;&#xA;&#x9;&#x9;OBR|1|1203^CAPSULE^3268B019E1B44157^EUI-64|1203^CAPSULE^3268B019E1B44157^EUI-64|196616^MDC_EVT_ALARM^MDC|||20221216144425.000+0530|||INGBTCPIC6MS057|||INGBTCPIC6MS057||||||||NellcorPuritanBennettE_5.4.10_NPB 840_Nellcor Puritan Bennett_{BD7662D2-3A26-4CE9-BE1C-568A8E479A28}||||||||^{796AE130-F582-4DCD-AD0B-8E7148C48229}&amp;CAPSULE&amp;3268B019E1B44157&amp;EUI-64|&#xD;&#xA;&#x9;&#x9;OBX|1||69985^MDC_DEV_PUMP_INFUS_MDS^MDC|1.0.0.0|||||||X|||||||Alaris neXus PK@5100-00074@1^AIC^ascom.com^DNS&#xD;&#xA;&#x9;&#x9;OBX|2||69986^MDC_DEV_PUMP_INFUS_VMD^MDC|1.1.0.0|||||||X&#xD;&#xA;&#x9;&#x9;OBX|16||69903^MDC_DEV_METER_TEMP_CHAN^^MDC|1.1.1.0|||||||X|||||||2&#xD;&#xA;&#x9;&#x9;OBX|4|CWE|196648^MDC_EVT_HI^MDIL|1.1.1.0.1|1073742880^NLS_DRV_GENERAL_ALERT_PHYS_ALERT_TOO_HIGH_PRIO_MEDIUM^NLS^^^^^^** Temp Really High| |||||F|||20180731192650.901+0200|&#xD;&#xA;&#x9;&#x9;OBX|17|NM|150344^MDC_TEMP^MDIL^^^^^^Temp|1.1.1.0.2|20|268192^MDC_DIM_DEGC^MDIL^^^^^^°C|||||F|||20180622133129.224+0200||||||1^NOM_BODY_LOCATION_SKIN^MDIL^^^^^^skin|1&#xD;&#xA;&#x9;&#x9;OBX|6|ST|68481^MDC_ATTR_EVENT_PHASE^MDC|1.1.1.0.3|start||||||F|||20180731192650.901+0200|&#xD;&#xA;&#x9;&#x9;OBX|7|ST|68482^MDC_ATTR_ALARM_STATE^MDC|1.1.1.0.4|active||||||F|||20180731192650.901+0200|&#xD;&#xA;&#x9;&#x9;OBX|8|ST|68483^MDC_ATTR_ALARM_INACTIVATION_STATE^MDC|1.1.1.0.5|enabled~enabled||||||F|||20180731192650.901+0200|&#xD;&#xA;&#x9;&#x9;OBX|9|ST|68484^MDC_ATTR_ALARM_PRIORITY^MDC|1.1.1.0.6|PM||||||F|||20180731192650.901+0200|&#xD;&#xA;&#x9;&#x9;OBX|10|ST|68485^MDC_ATTR_ALERT_TYPE^MDC|1.1.1.0.7|SP||||||F|||20180731192650.901+0200|,2) row 1"
                time="0.0020923"/>
      <testcase classname="Philips.PMP.Test.Auto.IheMessageProcessorTest"
                name="IHEMultipleDifferentChannelMultipleAlarmTest (MSH|^~\&amp;|DATACAPTOR||||20221216144425.351+0530||ORU^R40^ORU_R40|000119ad154900000144|P|2.6|||NE|NE||UNICODE UTF-8|||IHE_PCD_004^IHE PCD^1.3.6.1.4.1.19376.1.6.1.4.1^ISO~IHEPCD04_MDIL (genuine)_11.6.0.11595^CAPSULE|&#xD;&#xA;&#x9;&#x9;PID|||||^^^^^^U|&#xD;&#xA;&#x9;&#x9;PV1||I|{PV13Location}|&#xD;&#xA;&#x9;&#x9;OBR|1|1203^CAPSULE^3268B019E1B44157^EUI-64|1203^CAPSULE^3268B019E1B44157^EUI-64|196616^MDC_EVT_ALARM^MDC|||20221216144425.000+0530|||INGBTCPIC6MS057|||INGBTCPIC6MS057||||||||NellcorPuritanBennettE_5.4.10_NPB 840_Nellcor Puritan Bennett_{BD7662D2-3A26-4CE9-BE1C-568A8E479A28}||||||||^{796AE130-F582-4DCD-AD0B-8E7148C48229}&amp;CAPSULE&amp;3268B019E1B44157&amp;EUI-64|&#xD;&#xA;&#x9;&#x9;OBX|1||69985^MDC_DEV_PUMP_INFUS_MDS^MDC|1.0.0.0|||||||X|||||||Alaris neXus PK@5100-00074@1^AIC^ascom.com^DNS&#xD;&#xA;&#x9;&#x9;OBX|2||69986^MDC_DEV_PUMP_INFUS_VMD^MDC|1.1.0.0|||||||X&#xD;&#xA;&#x9;&#x9;OBX|16||69903^MDC_DEV_METER_TEMP_CHAN^^MDC|1.1.1.0|||||||X|||||||1&#xD;&#xA;&#x9;&#x9;OBX|4|CWE|196648^MDC_EVT_HI^MDIL|1.1.1.0.1|1073742880^NLS_DRV_GENERAL_ALERT_PHYS_ALERT_TOO_HIGH_PRIO_MEDIUM^NLS^^^^^^** Temp High| |||||F|||20180731192650.901+0200|&#xD;&#xA;&#x9;&#x9;OBX|17|NM|150344^MDC_TEMP^MDIL^^^^^^Temp|1.1.1.0.2|20|268192^MDC_DIM_DEGC^MDIL^^^^^^°C|||||F|||20180622133129.224+0200||||||1^NOM_BODY_LOCATION_SKIN^MDIL^^^^^^skin|1&#xD;&#xA;&#x9;&#x9;OBX|6|ST|68481^MDC_ATTR_EVENT_PHASE^MDC|1.1.1.0.3|start||||||F|||20180731192650.901+0200|&#xD;&#xA;&#x9;&#x9;OBX|7|ST|68482^MDC_ATTR_ALARM_STATE^MDC|1.1.1.0.4|active||||||F|||20180731192650.901+0200|&#xD;&#xA;&#x9;&#x9;OBX|8|ST|68483^MDC_ATTR_ALARM_INACTIVATION_STATE^MDC|1.1.1.0.5|enabled~enabled||||||F|||20180731192650.901+0200|&#xD;&#xA;&#x9;&#x9;OBX|9|ST|68484^MDC_ATTR_ALARM_PRIORITY^MDC|1.1.1.0.6|PM||||||F|||20180731192650.901+0200|&#xD;&#xA;&#x9;&#x9;OBX|10|ST|68485^MDC_ATTR_ALERT_TYPE^MDC|1.1.1.0.7|SP||||||F|||20180731192650.901+0200|,MSH|^~\&amp;|DATACAPTOR||||20221216144425.351+0530||ORU^R40^ORU_R40|000119ad154900000144|P|2.6|||NE|NE||UNICODE UTF-8|||IHE_PCD_004^IHE PCD^1.3.6.1.4.1.19376.1.6.1.4.1^ISO~IHEPCD04_MDIL (genuine)_11.6.0.11595^CAPSULE|&#xD;&#xA;&#x9;&#x9;PID|||||^^^^^^U|&#xD;&#xA;&#x9;&#x9;PV1||I|{PV13Location}|&#xD;&#xA;&#x9;&#x9;OBR|1|1203^CAPSULE^3268B019E1B44157^EUI-64|1203^CAPSULE^3268B019E1B44157^EUI-64|196616^MDC_EVT_ALARM^MDC|||20221216144425.000+0530|||INGBTCPIC6MS057|||INGBTCPIC6MS057||||||||NellcorPuritanBennettE_5.4.10_NPB 840_Nellcor Puritan Bennett_{BD7662D2-3A26-4CE9-BE1C-568A8E479A28}||||||||^{796AE130-F582-4DCD-AD0B-8E7148C48229}&amp;CAPSULE&amp;3268B019E1B44157&amp;EUI-64|&#xD;&#xA;&#x9;&#x9;OBX|1||69985^MDC_DEV_PUMP_INFUS_MDS^MDC|1.0.0.0|||||||X|||||||Alaris neXus PK@5100-00074@1^AIC^ascom.com^DNS&#xD;&#xA;&#x9;&#x9;OBX|2||69986^MDC_DEV_PUMP_INFUS_VMD^MDC|1.1.0.0|||||||X&#xD;&#xA;&#x9;&#x9;OBX|16||69903^MDC_DEV_METER_TEMP_CHAN^^MDC|1.1.1.0|||||||X|||||||1&#xD;&#xA;&#x9;&#x9;OBX|4|CWE|196648^MDC_EVT_HI^MDIL|1.1.1.0.1|1073742880^NLS_DRV_GENERAL_ALERT_PHYS_ALERT_TOO_HIGH_PRIO_MEDIUM^NLS^^^^^^** Temp High| |||||F|||20180731192650.901+0200|&#xD;&#xA;&#x9;&#x9;OBX|17|NM|150344^MDC_TEMP^MDIL^^^^^^Temp|1.1.1.0.2|20|268192^MDC_DIM_DEGC^MDIL^^^^^^°C|||||F|||20180622133129.224+0200||||||1^NOM_BODY_LOCATION_SKIN^MDIL^^^^^^skin|1&#xD;&#xA;&#x9;&#x9;OBX|6|ST|68481^MDC_ATTR_EVENT_PHASE^MDC|1.1.1.0.3|start||||||F|||20180731192650.901+0200|&#xD;&#xA;&#x9;&#x9;OBX|7|ST|68482^MDC_ATTR_ALARM_STATE^MDC|1.1.1.0.4|active||||||F|||20180731192650.901+0200|&#xD;&#xA;&#x9;&#x9;OBX|8|ST|68483^MDC_ATTR_ALARM_INACTIVATION_STATE^MDC|1.1.1.0.5|enabled~enabled||||||F|||20180731192650.901+0200|&#xD;&#xA;&#x9;&#x9;OBX|9|ST|68484^MDC_ATTR_ALARM_PRIORITY^MDC|1.1.1.0.6|PM||||||F|||20180731192650.901+0200|&#xD;&#xA;&#x9;&#x9;OBX|10|ST|68485^MDC_ATTR_ALERT_TYPE^MDC|1.1.1.0.7|SP||||||F|||20180731192650.901+0200|,1) row 2"
                time="0.0041737"/>
      <testcase classname="Philips.PMP.Test.Auto.IheMessageProcessorTest"
                name="IHEMultipleDifferentChannelMultipleAlarmTest (MSH|^~\&amp;|DATACAPTOR||||20221216144425.351+0530||ORU^R40^ORU_R40|000119ad154900000144|P|2.6|||NE|NE||UNICODE UTF-8|||IHE_PCD_004^IHE PCD^1.3.6.1.4.1.19376.1.6.1.4.1^ISO~IHEPCD04_MDIL (genuine)_11.6.0.11595^CAPSULE|&#xD;&#xA;&#x9;&#x9;PID|||||^^^^^^U|&#xD;&#xA;&#x9;&#x9;PV1||I|{PV13Location}|&#xD;&#xA;&#x9;&#x9;OBR|1|1203^CAPSULE^3268B019E1B44157^EUI-64|1203^CAPSULE^3268B019E1B44157^EUI-64|196616^MDC_EVT_ALARM^MDC|||20221216144425.000+0530|||INGBTCPIC6MS057|||INGBTCPIC6MS057||||||||NellcorPuritanBennettE_5.4.10_NPB 840_Nellcor Puritan Bennett_{BD7662D2-3A26-4CE9-BE1C-568A8E479A28}||||||||^{796AE130-F582-4DCD-AD0B-8E7148C48229}&amp;CAPSULE&amp;3268B019E1B44157&amp;EUI-64|&#xD;&#xA;&#x9;&#x9;OBX|1||69985^MDC_DEV_PUMP_INFUS_MDS^MDC|1.0.0.0|||||||X|||||||Alaris neXus PK@5100-00074@1^AIC^ascom.com^DNS&#xD;&#xA;&#x9;&#x9;OBX|2||69986^MDC_DEV_PUMP_INFUS_VMD^MDC|1.1.0.0|||||||X&#xD;&#xA;&#x9;&#x9;OBX|16||69903^MDC_DEV_METER_TEMP_CHAN^^MDC|1.1.1.0|||||||X|||||||1&#xD;&#xA;&#x9;&#x9;OBX|4|CWE|196648^MDC_EVT_HI^MDIL|1.1.1.0.1|1073742880^NLS_DRV_GENERAL_ALERT_PHYS_ALERT_TOO_HIGH_PRIO_MEDIUM^NLS^^^^^^** Temp High| |||||F|||20180731192650.901+0200|&#xD;&#xA;&#x9;&#x9;OBX|17|NM|150344^MDC_TEMP^MDIL^^^^^^Temp|1.1.1.0.2|20|268192^MDC_DIM_DEGC^MDIL^^^^^^°C|||||F|||20180622133129.224+0200||||||1^NOM_BODY_LOCATION_SKIN^MDIL^^^^^^skin|1&#xD;&#xA;&#x9;&#x9;OBX|6|ST|68481^MDC_ATTR_EVENT_PHASE^MDC|1.1.1.0.3|start||||||F|||20180731192650.901+0200|&#xD;&#xA;&#x9;&#x9;OBX|7|ST|68482^MDC_ATTR_ALARM_STATE^MDC|1.1.1.0.4|active||||||F|||20180731192650.901+0200|&#xD;&#xA;&#x9;&#x9;OBX|8|ST|68483^MDC_ATTR_ALARM_INACTIVATION_STATE^MDC|1.1.1.0.5|enabled~enabled||||||F|||20180731192650.901+0200|&#xD;&#xA;&#x9;&#x9;OBX|9|ST|68484^MDC_ATTR_ALARM_PRIORITY^MDC|1.1.1.0.6|PM||||||F|||20180731192650.901+0200|&#xD;&#xA;&#x9;&#x9;OBX|10|ST|68485^MDC_ATTR_ALERT_TYPE^MDC|1.1.1.0.7|SP||||||F|||20180731192650.901+0200|,MSH|^~\&amp;|DATACAPTOR||||20221216144425.351+0530||ORU^R40^ORU_R40|000119ad154900000144|P|2.6|||NE|NE||UNICODE UTF-8|||IHE_PCD_004^IHE PCD^1.3.6.1.4.1.19376.1.6.1.4.1^ISO~IHEPCD04_MDIL (genuine)_11.6.0.11595^CAPSULE|&#xD;&#xA;&#x9;&#x9;PID|||||^^^^^^U|&#xD;&#xA;&#x9;&#x9;PV1||I|{PV13Location}|&#xD;&#xA;&#x9;&#x9;OBR|1|1203^CAPSULE^3268B019E1B44157^EUI-64|1203^CAPSULE^3268B019E1B44157^EUI-64|196616^MDC_EVT_ALARM^MDC|||20221216144425.000+0530|||INGBTCPIC6MS057|||INGBTCPIC6MS057||||||||NellcorPuritanBennettE_5.4.10_NPB 840_Nellcor Puritan Bennett_{BD7662D2-3A26-4CE9-BE1C-568A8E479A28}||||||||^{796AE130-F582-4DCD-AD0B-8E7148C48229}&amp;CAPSULE&amp;3268B019E1B44157&amp;EUI-64|&#xD;&#xA;&#x9;&#x9;OBX|1||69985^MDC_DEV_PUMP_INFUS_MDS^MDC|1.0.0.0|||||||X|||||||Alaris neXus PK@5100-00074@1^AIC^ascom.com^DNS&#xD;&#xA;&#x9;&#x9;OBX|2||129726^NOM_DEV_CONTEX_VMD^MDIL|1.1.0.0|||||||X|||||||840 1234567892|&#xD;&#xA;&#x9;&#x9;OBX|16||69903^MDC_DEV_METER_TEMP_CHAN^^MDC|1.1.1.0|||||||X|||||||1&#xD;&#xA;&#x9;&#x9;OBX|4|CWE|196648^MDC_EVT_HI^MDIL|1.1.1.0.1|1073742880^NLS_DRV_GENERAL_ALERT_PHYS_ALERT_TOO_HIGH_PRIO_MEDIUM^NLS^^^^^^** Temp High| |||||F|||20180731192650.901+0200|&#xD;&#xA;&#x9;&#x9;OBX|17|NM|150344^MDC_TEMP^MDIL^^^^^^Temp|1.1.1.0.2|20|268192^MDC_DIM_DEGC^MDIL^^^^^^°C|||||F|||20180622133129.224+0200||||||1^NOM_BODY_LOCATION_SKIN^MDIL^^^^^^skin|1&#xD;&#xA;&#x9;&#x9;OBX|6|ST|68481^MDC_ATTR_EVENT_PHASE^MDC|1.1.1.0.3|start||||||F|||20180731192650.901+0200|&#xD;&#xA;&#x9;&#x9;OBX|7|ST|68482^MDC_ATTR_ALARM_STATE^MDC|1.1.1.0.4|active||||||F|||20180731192650.901+0200|&#xD;&#xA;&#x9;&#x9;OBX|8|ST|68483^MDC_ATTR_ALARM_INACTIVATION_STATE^MDC|1.1.1.0.5|enabled~enabled||||||F|||20180731192650.901+0200|&#xD;&#xA;&#x9;&#x9;OBX|9|ST|68484^MDC_ATTR_ALARM_PRIORITY^MDC|1.1.1.0.6|PM||||||F|||20180731192650.901+0200|&#xD;&#xA;&#x9;&#x9;OBX|10|ST|68485^MDC_ATTR_ALERT_TYPE^MDC|1.1.1.0.7|SP||||||F|||20180731192650.901+0200|,2) row 3"
                time="0.0011032"/>
      <testcase classname="Philips.PMP.Test.Auto.MobileSettingsRequestTest"
                name="ParseMobileSettingsRequestInfoObjects"
                time="0.0019255"/>
      <testcase classname="Philips.PMP.Test.Auto.RepositoryComplexMetricTest"
                name="RepositoryComplexMetricEASISTAreDerivedCorrectly"
                time="0.014992"/>
      <testcase classname="Philips.PMP.Test.Auto.StripWindowControlTest"
                name="StripWindowControlUpdateData (True,True) row 1"
                time="0.1379756"/>
      <testcase classname="Philips.PMP.Test.Auto.StripWindowControlTest"
                name="StripWindowControlUpdateData (True,False) row 2"
                time="0.0479805"/>
      <testcase classname="Philips.PMP.Test.Auto.StripWindowControlTest"
                name="StripWindowControlUpdateData (False,True) row 3"
                time="0.0521389"/>
      <testcase classname="Philips.PMP.Test.Auto.StripWindowControlTest"
                name="StripWindowControlUpdateData (False,False) row 4"
                time="0.0505624"/>
      <testcase classname="Philips.PMP.Test.Auto.MobileEnumerationConverterTest"
                name="MobileEnumerationConverterConvertEnumerationDynamicAttribute"
                time="0.0011218"/>
      <testcase classname="Philips.PIC.DataAcquisition.Test.MonitoringDeviceFactoryMgrTest"
                name="SureSignsTextLoaderTest"
                time="0.0007596"/>
      <testcase classname="Philips.PMP.Test.Auto.AlertNotificationConfigControlTest"
                name="RefreshConnectionListControlTest"
                time="0.0421095"/>
      <testcase classname="Philips.IX.UserManagement.Test.UserContextTest"
                name="LoginFailTest"
                time="0.0014275"/>
      <testcase classname="Philips.PIC.WebBridge.Test.ResourceHelperTest"
                name="GetAdditioanlUdiResourcesTest"
                time="0.0065119"/>
      <testcase classname="Philips.PMP.Test.Auto.MobileDataHelperTest"
                name="MobileDataHelperSourceDeviceIsMonitoringHost"
                time="0.0021905"/>
      <testcase classname="Philips.PMP.Test.Auto.PatientMgrTest"
                name="PatientMgrUpdatePatientInfoStringsTest (FirstName,x,X,True,False,False,False,False,True) row 1"
                time="0.0160617"/>
      <testcase classname="Philips.PMP.Test.Auto.PatientMgrTest"
                name="PatientMgrUpdatePatientInfoStringsTest (FirstName,x,x,True,True,True,False,False,True) row 2"
                time="0.0022689"/>
      <testcase classname="Philips.PMP.Test.Auto.PatientMgrTest"
                name="PatientMgrUpdatePatientInfoStringsTest (FirstName,x,x,True,False,False,True,False,True) row 3"
                time="0.0019834"/>
      <testcase classname="Philips.PMP.Test.Auto.PatientMgrTest"
                name="PatientMgrUpdatePatientInfoStringsTest (FirstName,x,X,True,False,True,True,False,False) row 4"
                time="0.0020519"/>
      <testcase classname="Philips.PMP.Test.Auto.PatientMgrTest"
                name="PatientMgrUpdatePatientInfoStringsTest (MiddleName,x,X,True,False,False,False,False,True) row 5"
                time="0.0019215"/>
      <testcase classname="Philips.PMP.Test.Auto.PatientMgrTest"
                name="PatientMgrUpdatePatientInfoStringsTest (MiddleName,x,x,True,True,True,False,False,True) row 6"
                time="0.0019381"/>
      <testcase classname="Philips.PMP.Test.Auto.PatientMgrTest"
                name="PatientMgrUpdatePatientInfoStringsTest (MiddleName,x,x,True,False,False,True,False,True) row 7"
                time="0.00198"/>
      <testcase classname="Philips.PMP.Test.Auto.PatientMgrTest"
                name="PatientMgrUpdatePatientInfoStringsTest (MiddleName,x,X,True,False,True,True,False,False) row 8"
                time="0.0020471"/>
      <testcase classname="Philips.PMP.Test.Auto.PatientMgrTest"
                name="PatientMgrUpdatePatientInfoStringsTest (LastName,x,X,True,False,False,False,False,True) row 9"
                time="0.0048511"/>
      <testcase classname="Philips.PMP.Test.Auto.PatientMgrTest"
                name="PatientMgrUpdatePatientInfoStringsTest (LastName,x,x,True,True,True,False,False,True) row 10"
                time="0.0030578"/>
      <testcase classname="Philips.PMP.Test.Auto.PatientMgrTest"
                name="PatientMgrUpdatePatientInfoStringsTest (LastName,x,x,True,False,False,True,False,True) row 11"
                time="0.0019854"/>
      <testcase classname="Philips.PMP.Test.Auto.PatientMgrTest"
                name="PatientMgrUpdatePatientInfoStringsTest (LastName,x,X,True,False,True,True,False,False) row 12"
                time="0.0019609"/>
      <testcase classname="Philips.PMP.Test.Auto.PatientMgrTest"
                name="PatientMgrUpdatePatientInfoStringsTest (Alias,x,X,True,False,False,False,False,True) row 13"
                time="0.0023662"/>
      <testcase classname="Philips.PMP.Test.Auto.PatientMgrTest"
                name="PatientMgrUpdatePatientInfoStringsTest (Alias,x,x,True,False,False,False,False,False) row 14"
                time="0.0018846"/>
      <testcase classname="Philips.PMP.Test.Auto.PatientMgrTest"
                name="PatientMgrUpdatePatientInfoStringsTest (ScreenNote1,x,X,True,False,False,False,False,True) row 15"
                time="0.0018533"/>
      <testcase classname="Philips.PMP.Test.Auto.PatientMgrTest"
                name="PatientMgrUpdatePatientInfoStringsTest (ScreenNote1,x,x,True,False,False,False,False,False) row 16"
                time="0.0018195"/>
      <testcase classname="Philips.PMP.Test.Auto.PatientMgrTest"
                name="PatientMgrUpdatePatientInfoStringsTest (ScreenNote2,x,X,True,False,False,False,False,True) row 17"
                time="0.0018962"/>
      <testcase classname="Philips.PMP.Test.Auto.PatientMgrTest"
                name="PatientMgrUpdatePatientInfoStringsTest (ScreenNote2,x,x,True,False,False,False,False,False) row 18"
                time="0.0018954"/>
      <testcase classname="Philips.PMP.Test.Auto.PatientMgrTest"
                name="PatientMgrUpdatePatientInfoStringsTest (FacilityId,x,y,True,False,False,False,False,True) row 19"
                time="0.0019494"/>
      <testcase classname="Philips.PMP.Test.Auto.PatientMgrTest"
                name="PatientMgrUpdatePatientInfoStringsTest (FacilityId,x,y,True,False,True,False,False,True) row 20"
                time="0.0020242"/>
      <testcase classname="Philips.PMP.Test.Auto.PatientMgrTest"
                name="PatientMgrUpdatePatientInfoStringsTest (FacilityId,x,x,True,False,True,True,False,False) row 21"
                time="0.0020155"/>
      <testcase classname="Philips.PMP.Test.Auto.PatientMgrTest"
                name="PatientMgrUpdatePatientInfoStringsTest (LifetimeId,x,X,True,False,False,False,False,True) row 22"
                time="0.0019709"/>
      <testcase classname="Philips.PMP.Test.Auto.PatientMgrTest"
                name="PatientMgrUpdatePatientInfoStringsTest (LifetimeId,x,x,True,False,False,True,False,True) row 23"
                time="0.0018757"/>
      <testcase classname="Philips.PMP.Test.Auto.PatientMgrTest"
                name="PatientMgrUpdatePatientInfoStringsTest (LifetimeId,x,X,True,True,False,False,False,True) row 24"
                time="0.0018478"/>
      <testcase classname="Philips.PMP.Test.Auto.PatientMgrTest"
                name="PatientMgrUpdatePatientInfoStringsTest (LifetimeId,x,X,True,False,True,False,False,False) row 25"
                time="0.0018249"/>
      <testcase classname="Philips.PMP.Test.Auto.PatientMgrTest"
                name="PatientMgrUpdatePatientInfoStringsTest (LifetimeId,x,X,False,False,False,False,False,False) row 26"
                time="0.0018208"/>
      <testcase classname="Philips.PMP.Test.Auto.PatientMgrTest"
                name="PatientMgrUpdatePatientInfoStringsTest (LifetimeId,x,x,True,True,True,False,False,True) row 27"
                time="0.0026208"/>
      <testcase classname="Philips.PMP.Test.Auto.PatientMgrTest"
                name="PatientMgrUpdatePatientInfoStringsTest (EncounterId,x,X,True,False,False,False,False,True) row 28"
                time="0.0020756"/>
      <testcase classname="Philips.PMP.Test.Auto.PatientMgrTest"
                name="PatientMgrUpdatePatientInfoStringsTest (EncounterId,x,x,True,False,False,True,False,True) row 29"
                time="0.0018673"/>
      <testcase classname="Philips.PMP.Test.Auto.PatientMgrTest"
                name="PatientMgrUpdatePatientInfoStringsTest (EncounterId,x,X,True,True,False,False,False,True) row 30"
                time="0.0018623"/>
      <testcase classname="Philips.PMP.Test.Auto.PatientMgrTest"
                name="PatientMgrUpdatePatientInfoStringsTest (EncounterId,x,X,True,False,True,False,False,False) row 31"
                time="0.001839"/>
      <testcase classname="Philips.PMP.Test.Auto.PatientMgrTest"
                name="PatientMgrUpdatePatientInfoStringsTest (EncounterId,x,X,False,False,False,False,False,False) row 32"
                time="0.001854"/>
      <testcase classname="Philips.PMP.Test.Auto.PatientMgrTest"
                name="PatientMgrUpdatePatientInfoStringsTest (EncounterId,x,x,True,True,True,False,False,True) row 33"
                time="0.0019095"/>
      <testcase classname="Philips.PMP.Test.Auto.PatientMgrTest"
                name="PatientMgrUpdatePatientInfoStringsTest (AlternateId,x,X,True,False,False,False,False,True) row 34"
                time="0.0048831"/>
      <testcase classname="Philips.PMP.Test.Auto.PatientMgrTest"
                name="PatientMgrUpdatePatientInfoStringsTest (AlternateId,x,x,True,False,False,True,False,True) row 35"
                time="0.0027311"/>
      <testcase classname="Philips.PMP.Test.Auto.PatientMgrTest"
                name="PatientMgrUpdatePatientInfoStringsTest (AlternateId,x,X,True,True,False,False,False,True) row 36"
                time="0.0020149"/>
      <testcase classname="Philips.PMP.Test.Auto.PatientMgrTest"
                name="PatientMgrUpdatePatientInfoStringsTest (AlternateId,x,X,True,False,True,False,False,False) row 37"
                time="0.0019116"/>
      <testcase classname="Philips.PMP.Test.Auto.PatientMgrTest"
                name="PatientMgrUpdatePatientInfoStringsTest (AlternateId,x,X,False,False,False,False,False,False) row 38"
                time="0.0018609"/>
      <testcase classname="Philips.PMP.Test.Auto.PatientMgrTest"
                name="PatientMgrUpdatePatientInfoStringsTest (AlternateId,x,x,True,True,True,False,False,True) row 39"
                time="0.0019629"/>
      <testcase classname="Philips.PMP.Test.Auto.PatientMgrTest"
                name="PatientMgrUpdatePatientInfoStringsTest (InternalId,123,456,True,True,True,False,True,True) row 40"
                time="0.0021009"/>
      <testcase classname="Philips.PMP.Test.Auto.PatientMgrTest"
                name="PatientMgrUpdatePatientInfoStringsTest (InternalId,123,456,True,True,True,False,False,False) row 41"
                time="0.0019568"/>
      <testcase classname="Philips.PMP.Test.Auto.ApcDiscoveryMgrTest"
                name="ApcDiscoveryMgrParseApInfoTest"
                time="0.0087249"/>
      <testcase classname="Philips.CareEvent.Test.EventBridgeTests"
                name="LedCarrierSettingsTest"
                time="0.010843"/>
      <testcase classname="Philips.PMP.Test.Auto.DataBackIntegrationTest"
                name="DataBackIntegrationAddDeviceTest (0,0,0) row 1"
                time="0.0012733"/>
      <testcase classname="Philips.PMP.Test.Auto.DataBackIntegrationTest"
                name="DataBackIntegrationAddDeviceTest (1,0,0) row 2"
                time="0.0003518"/>
      <testcase classname="Philips.PMP.Test.Auto.DataBackIntegrationTest"
                name="DataBackIntegrationAddDeviceTest (1,1,1) row 3"
                time="0.0016886"/>
      <testcase classname="Philips.PMP.Test.Auto.DataBackIntegrationTest"
                name="DataBackIntegrationAddDeviceTest (1,3,1) row 4"
                time="0.0003456"/>
      <testcase classname="Philips.PMP.Test.Auto.DataBackIntegrationTest"
                name="DataBackIntegrationAddDeviceTest (2,0,2) row 5"
                time="0.0003386"/>
      <testcase classname="Philips.PMP.Test.Auto.DataBackIntegrationTest"
                name="DataBackIntegrationAddDeviceTest (2,1,2) row 6"
                time="0.0003434"/>
      <testcase classname="Philips.PMP.Test.Auto.EcgDeriverTest"
                name="GetDerivableHexadWavesTest"
                time="0.0019448"/>
      <testcase classname="Philips.PIC.DataAcquisition.Test.SureSignsProtocolConverterTest"
                name="ProtocolConverterConvertSureSignsRiskbandIndexTest (N,RISKBAND_1) row 1"
                time="0.0029326"/>
      <testcase classname="Philips.PIC.DataAcquisition.Test.SureSignsProtocolConverterTest"
                name="ProtocolConverterConvertSureSignsRiskbandIndexTest (O,RISKBAND_3) row 2"
                time="0.0002796"/>
      <testcase classname="Philips.PIC.DataAcquisition.Test.SureSignsProtocolConverterTest"
                name="ProtocolConverterConvertSureSignsRiskbandIndexTest (W,RISKBAND_5) row 3"
                time="0.0002548"/>
      <testcase classname="Philips.PIC.DataAcquisition.Test.SureSignsProtocolConverterTest"
                name="ProtocolConverterConvertSureSignsRiskbandIndexTest (U,RISKBAND_7) row 4"
                time="0.0016959"/>
      <testcase classname="Philips.PIC.DataAcquisition.Test.SureSignsProtocolConverterTest"
                name="ProtocolConverterConvertSureSignsRiskbandIndexTest (P,RISKBAND_1) row 5"
                time="0.0006168"/>
      <testcase classname="Philips.PMP.Test.Auto.DataTileHelperTest"
                name="DataTileHelperGetSpotCheckValidationsTest (10) row 1"
                time="0.0417126"/>
      <testcase classname="Philips.PMP.Test.Auto.EfficiaDaTest"
                name="EfficiaDaTcpListenerTest"
                time="2.2367714"/>
      <testcase classname="Philips.CareEvent.Test.RingtoneMetadataTest"
                name="RingtoneMetadataShouldParseBitDepth (_32bitFile,True) row 1"
                time="0.01263"/>
      <testcase classname="Philips.CareEvent.Test.RingtoneMetadataTest"
                name="RingtoneMetadataShouldParseBitDepth (NormalFile,False) row 2"
                time="0.0003583"/>
      <testcase classname="Philips.PMP.Test.Auto.EventCategoryFilterValueSynchronizerTest"
                name="SynchronizeParentStatusWithOneChildStatusIsOFF"
                time="0.0102226"/>
      <testcase classname="Philips.PMP.Test.Auto.RepositoryDropoutCounterTest"
                name="RepositoryDropoutCounterUpdateWaveUnavailableCounterTestWithMultipleWaves"
                time="0.0005235"/>
      <testcase classname="Philips.CareEvent.Test.MobileStaffAssignmentMgrTests"
                name="StoreMobileStaffAssignmentSuccessScenario"
                time="0.5508442"/>
      <testcase classname="Philips.PMP.Test.Auto.LogsTest"
                name="LogVerifyLogsExist"
                time="0.0037536"/>
      <testcase classname="Philips.CareEvent.Test.MobileStaffAssignmentMgrTests"
                name="DoNotReturnChargeRoleIfThatIsNotInNotificationRole"
                time="0.0108211"/>
      <testcase classname="Philips.PMP.Test.Auto.RepositoryTest"
                name="RepositoryMasterMonitorIdChangesWhenPwdAssociatesTest"
                time="0.0453752"/>
      <testcase classname="Philips.PMP.Test.Auto.SurveillanceSectorMgrTest"
                name="SurveillanceChangeSectorsTest"
                time="0.9433369"/>
      <testcase classname="Philips.PMP.Test.Auto.MdilDaTest"
                name="UnmanagedPrinterLimitedTo3"
                time="0.0020026"/>
      <testcase classname="Philips.PMP.Test.Auto.EcgDeriverTest"
                name="CoefficientsAgainstSTARTest"
                time="0.0204619"/>
      <testcase classname="Philips.PMP.Test.Auto.PatientAssignmentHelperTest"
                name="GetDefaultAgeTest"
                time="0.0008519"/>
      <testcase classname="Philips.PIC.SharedAssignment.Test.SharedAssignmentDeserializerTest"
                name="SharedAssignmentDeserializesIdealJsonSampleBundle"
                time="0.1271186"/>
      <testcase classname="Philips.PMP.Test.Auto.SectorControlTest"
                name="RetrieveUnitPermissionsWithNoUserPermittedActions"
                time="0.0562661"/>
      <testcase classname="Philips.PMP.Test.Auto.PatientFieldsHelperTest"
                name="PatientFieldsHelperGetPatientIdFormat"
                time="0.0013103"/>
      <testcase classname="Philips.PMP.Test.Auto.HL7ConnectionPropertyListViewControlTest"
                name="RefreshBedTreeViewMultiInstitutionTest"
                time="0.2915197"/>
      <testcase classname="Philips.CareEvent.Test.EventWorkflowProviderTests"
                name="GetEventsUsingAlertId"
                time="0.3353178"/>
      <testcase classname="Philips.PMP.Test.Auto.UserManagementProviderTest"
                name="UserManagementCopyActionPermissions"
                time="0.2616822"/>
      <testcase classname="Philips.PMP.Test.Auto.RecordingRequestParserTest"
                name="RecordingRequestParserValidateRetrospectiveJobTest"
                time="0.0059713"/>
      <testcase classname="Philips.PMP.Test.Auto.EcgDerivationMgrTest"
                name="HexadFromBedsideExports12WavesWhen4InputTest"
                time="0.009499"/>
      <testcase classname="Philips.PMP.LicenseService.Test.UnitLicenseProcessorTest"
                name="GetDataProcessingHostsForClinicalUnitsByFeatureVerifyTest (True,False,False,1) row 1"
                time="0.0089371"/>
      <testcase classname="Philips.PMP.LicenseService.Test.UnitLicenseProcessorTest"
                name="GetDataProcessingHostsForClinicalUnitsByFeatureVerifyTest (False,False,True,0) row 2"
                time="0.0028854"/>
      <testcase classname="Philips.PMP.LicenseService.Test.UnitLicenseProcessorTest"
                name="GetDataProcessingHostsForClinicalUnitsByFeatureVerifyTest (False,True,False,1) row 3"
                time="0.0030401"/>
      <testcase classname="Philips.PMP.Test.Auto.UserManagementProviderTest"
                name="UserManagementProviderResetNonLegacyCredentials"
                time="0.2496359"/>
      <testcase classname="Philips.CareEvent.Test.EventInitializerTests"
                name="CallProcessPicInfoAlertWhenBedNotFound"
                time="0.0128234"/>
      <testcase classname="Philips.PMP.Test.Auto.PatientFieldsControlTest"
                name="PatientFieldsControlValidateUi (1,1,1,0,False) row 1"
                time="0.0210908"/>
      <testcase classname="Philips.PMP.Test.Auto.PatientFieldsControlTest"
                name="PatientFieldsControlValidateUi (1,1,0,1,False) row 2"
                time="0.0122618"/>
      <testcase classname="Philips.PMP.Test.Auto.PatientFieldsControlTest"
                name="PatientFieldsControlValidateUi (1,0,1,1,False) row 3"
                time="0.0122942"/>
      <testcase classname="Philips.PMP.Test.Auto.PatientFieldsControlTest"
                name="PatientFieldsControlValidateUi (0,1,1,1,False) row 4"
                time="0.0162879"/>
      <testcase classname="Philips.PMP.Test.Auto.PatientFieldsControlTest"
                name="PatientFieldsControlValidateUi (1,1,1,1,True) row 5"
                time="0.0124077"/>
      <testcase classname="Philips.PMP.Test.Auto.UserRightsAssignmentQualifierTest"
                name="UserRightsAssignmentQualifierCorrectTest"
                time="0.0047018"/>
      <testcase classname="Philips.PMP.Test.Auto.PhysioDataStorageNumericMedianGeneratorTest"
                name="PhysioDataStorageNumericMedianGeneratorTrimsTimeMappings"
                time="0.135316"/>
      <testcase classname="Philips.PMP.Test.Auto.RepositoryTimeWaveTest"
                name="RepositoryTimeWaveCheckUsedTimeMappings"
                time="0.0015902"/>
      <testcase classname="Philips.PMP.Test.Auto.EcgDeriverTest"
                name="RoundTripOfEcgLeadsTest"
                time="0.0031159"/>
      <testcase classname="Philips.PMP.Test.Auto.ConfigurationFileProviderTest"
                name="ConfigurationFileProviderLoadFileTest"
                time="0.0374198"/>
      <testcase classname="Philips.PMP.Test.Auto.FactoryAccountConfigurationTest"
                name="FactoryAccountConfigurationPageAttemptsPasswordSets"
                time="0.0677751"/>
      <testcase classname="Philips.PMP.Test.Auto.AlertDisplayControlTest"
                name="AlertDisplayControlRedrawAlertsTest"
                time="0.1392767"/>
      <testcase classname="Philips.PMP.Test.Auto.EntityLicenseExtensionsTest"
                name="EntityLicenseExtensionsIsPatientDataExportStorageForResearch"
                time="0.0009876"/>
      <testcase classname="Philips.PIC.DataAcquisition.Test.ProtocolInfoRetrieverTest"
                name="ProtocolInfoRetrieverGetProtocolInfoTest (True,True,True,False,False,False) row 1"
                time="0.1067902"/>
      <testcase classname="Philips.PIC.DataAcquisition.Test.ProtocolInfoRetrieverTest"
                name="ProtocolInfoRetrieverGetProtocolInfoTest (False,True,True,False,False,False) row 2"
                time="0.0028949"/>
      <testcase classname="Philips.PIC.DataAcquisition.Test.ProtocolInfoRetrieverTest"
                name="ProtocolInfoRetrieverGetProtocolInfoTest (False,True,True,False,False,False) row 3"
                time="0.0011966"/>
      <testcase classname="Philips.PIC.DataAcquisition.Test.ProtocolInfoRetrieverTest"
                name="ProtocolInfoRetrieverGetProtocolInfoTest (False,False,True,False,False,False) row 4"
                time="0.0028856"/>
      <testcase classname="Philips.PIC.DataAcquisition.Test.ProtocolInfoRetrieverTest"
                name="ProtocolInfoRetrieverGetProtocolInfoTest (False,False,False,True,False,False) row 5"
                time="0.0009629"/>
      <testcase classname="Philips.PIC.DataAcquisition.Test.ProtocolInfoRetrieverTest"
                name="ProtocolInfoRetrieverGetProtocolInfoTest (False,False,False,False,True,True) row 6"
                time="0.0021335"/>
      <testcase classname="Philips.PMP.Test.Auto.PhysioDataComparisonTest"
                name="EnumerationQueryEqualityTest"
                time="0.0027781"/>
      <testcase classname="Philips.PMP.Test.Auto.Hl7AdtEncoderTest"
                name="Hl7AdtEncoderFormatsPatientMessageUnknownAttribute"
                time="0.0005006"/>
      <testcase classname="Philips.PMP.Test.Auto.IxConfigFileProviderTest"
                name="IsFlagEnabledTest (true,True) row 1"
                time="0.0024321"/>
      <testcase classname="Philips.PMP.Test.Auto.IxConfigFileProviderTest"
                name="IsFlagEnabledTest (false,False) row 2"
                time="0.0009412"/>
      <testcase classname="Philips.PMP.Test.Auto.IxConfigFileProviderTest"
                name="IsFlagEnabledTest (garbage,True) row 3"
                time="0.0006099"/>
      <testcase classname="Philips.PMP.Test.Auto.IxConfigFileProviderTest"
                name="IsFlagEnabledTest (   ,True) row 4"
                time="0.0005542"/>
      <testcase classname="Philips.PMP.Test.Auto.RepositoryEventEnumerationTest"
                name="OngoingEventOutOfSubscriptionTest"
                time="0.0035513"/>
      <testcase classname="Philips.PMP.Test.Auto.Hl7ConnectionTest"
                name="Hl7AckReceivedTest"
                time="0.1202369"/>
      <testcase classname="Philips.PMP.Test.Auto.LogonControlCredentialsControlTest"
                name="LogonControlLogon (False,NoAuthenticatorAvailable,False) row 1"
                time="0.0532687"/>
      <testcase classname="Philips.PMP.Test.Auto.LogonControlCredentialsControlTest"
                name="LogonControlLogon (True,AuthenticationSucceeded,True) row 2"
                time="0.0312856"/>
      <testcase classname="Philips.PMP.Test.Auto.LogonControlCredentialsControlTest"
                name="LogonControlLogon (True,AuthenticationSucceeded,False) row 3"
                time="0.0431881"/>
      <testcase classname="Philips.PMP.Test.Auto.LogonControlCredentialsControlTest"
                name="LogonControlLogon (True,AuthenticationCancelled,False) row 4"
                time="0.034296"/>
      <testcase classname="Philips.PMP.Test.Auto.LogonControlCredentialsControlTest"
                name="LogonControlLogon (True,AuthenticationFailed,False) row 5"
                time="0.0559436"/>
      <testcase classname="Philips.PMP.Test.Auto.LogonControlCredentialsControlTest"
                name="LogonControlLogon (True,AuthenticationInvalidCredentials,False) row 6"
                time="0.0335706"/>
      <testcase classname="Philips.PMP.Test.Auto.LogonControlCredentialsControlTest"
                name="LogonControlLogon (True,AuthenticationNotSupported,False) row 7"
                time="0.0294686"/>
      <testcase classname="Philips.PMP.Test.Auto.LogonControlCredentialsControlTest"
                name="LogonControlLogon (True,NoAuthenticatorAvailable,False) row 8"
                time="0.0395308"/>
      <testcase classname="Philips.PMP.Test.Auto.LogonControlCredentialsControlTest"
                name="LogonControlLogon (True,CommunicationError,False) row 9"
                time="0.0316454"/>
      <testcase classname="Philips.PMP.Test.Auto.PerfMonitorControlTest"
                name="PerfMonitorControlExportAvailabilityUpdatesByTab"
                time="0.9754649"/>
      <testcase classname="Philips.PMP.Test.Auto.FormClosingConfirmerTest"
                name="FormClosingConfirmerConfirmOnCloseRegister"
                time="0.0219126"/>
      <testcase classname="Philips.PMP.Test.Auto.DbExtendedPropertyHelperTest"
                name="DbExtendedPropertyIsArchivableTable (Primary,dummyTable,True) row 1"
                time="0.0009152"/>
      <testcase classname="Philips.PMP.Test.Auto.DbExtendedPropertyHelperTest"
                name="DbExtendedPropertyIsArchivableTable (Physio,dummyTable,True) row 2"
                time="0.0013535"/>
      <testcase classname="Philips.PMP.Test.Auto.DbExtendedPropertyHelperTest"
                name="DbExtendedPropertyIsArchivableTable (Audit,dummyTable,True) row 3"
                time="0.0006065"/>
      <testcase classname="Philips.PMP.Test.Auto.DbExtendedPropertyHelperTest"
                name="DbExtendedPropertyIsArchivableTable (Audit,_Control.Data_,False) row 4"
                time="0.0005663"/>
      <testcase classname="Philips.PMP.Test.Auto.DbExtendedPropertyHelperTest"
                name="DbExtendedPropertyIsArchivableTable (Diagnostic,dummyTable,True) row 5"
                time="0.00047"/>
      <testcase classname="Philips.PMP.Test.Auto.DbExtendedPropertyHelperTest"
                name="DbExtendedPropertyIsArchivableTable (EventWorkflow,dummyTable,True) row 6"
                time="0.0004343"/>
      <testcase classname="Philips.PMP.Test.Auto.DbExtendedPropertyHelperTest"
                name="DbExtendedPropertyIsArchivableTable (PatientDataExport,dummyTable,True) row 7"
                time="0.0006903"/>
      <testcase classname="Philips.PMP.Test.Auto.EventCatalogProviderTest"
                name="StoreEventCatalogWithAssignedEventEditOrDelete (True) row 1"
                time="3.7607443"/>
      <testcase classname="Philips.PMP.Test.Auto.EventCatalogProviderTest"
                name="StoreEventCatalogWithAssignedEventEditOrDelete (False) row 2"
                time="3.7667638"/>
      <testcase classname="Philips.RootMain.Test.CertificateInstallMgrTest"
                name="OtherHostCaNotConfiguredFailStoreCaTest"
                time="0.0244572"/>
      <testcase classname="Philips.PMP.Test.Auto.WaveProviderTest"
                name="WaveFiveMinutesData"
                time="0.1801819"/>
      <testcase classname="Philips.IX.UserManagement.Test.UserAuthenticatorsTest"
                name="UserAuthenticatorBreakGlassSucceed"
                time="0.002538"/>
      <testcase classname="Philips.PMP.Test.Auto.SoftwareUpdateHelperTest"
                name="ArchiveDatabasesTest (True,2) row 1"
                time="0.0295635"/>
      <testcase classname="Philips.PMP.Test.Auto.SoftwareUpdateHelperTest"
                name="ArchiveDatabasesTest (False,1) row 2"
                time="0.0173624"/>
      <testcase classname="Philips.CareEvent.Test.RingtoneProviderTests"
                name="RingtoneProviderGetStoreTest"
                time="0.0805453"/>
      <testcase classname="Philips.PMP.LicenseService.Test.UnitLicenseValidatorTest"
                name="ValidateAssignedValuesTest (3,2,2,True) row 1"
                time="0.0029722"/>
      <testcase classname="Philips.PMP.LicenseService.Test.UnitLicenseValidatorTest"
                name="ValidateAssignedValuesTest (4,2,0,False) row 2"
                time="0.0005207"/>
      <testcase classname="Philips.PMP.LicenseService.Test.UnitLicenseValidatorTest"
                name="ValidateAssignedValuesTest (4,2,1,False) row 3"
                time="0.0003338"/>
      <testcase classname="Philips.PMP.LicenseService.Test.UnitLicenseValidatorTest"
                name="ValidateAssignedValuesTest (4,2,2,True) row 4"
                time="0.0003208"/>
      <testcase classname="Philips.PMP.Test.Auto.DbExtendedPropertyHelperTest"
                name="DbExtendedPropertyGetLocalizeColKeyPair (Primary,_UserManagement.Role_,2) row 1"
                time="0.0039976"/>
      <testcase classname="Philips.PMP.Test.Auto.DbExtendedPropertyHelperTest"
                name="DbExtendedPropertyGetLocalizeColKeyPair (Philips.PIC.Primary.Migration,_UserManagement.Role_,2) row 2"
                time="0.0005927"/>
      <testcase classname="Philips.PMP.Test.Auto.DbExtendedPropertyHelperTest"
                name="DbExtendedPropertyGetLocalizeColKeyPair (Primary,_Adt.TransportLocationSetting_,1) row 3"
                time="0.000638"/>
      <testcase classname="Philips.PMP.Test.Auto.DbExtendedPropertyHelperTest"
                name="DbExtendedPropertyGetLocalizeColKeyPair (Physio,dummyTable,0) row 4"
                time="0.0023996"/>
      <testcase classname="Philips.PMP.Test.Auto.DbExtendedPropertyHelperTest"
                name="DbExtendedPropertyGetLocalizeColKeyPair (Audit,dummyTable,0) row 5"
                time="0.0213868"/>
      <testcase classname="Philips.PMP.Test.Auto.DbExtendedPropertyHelperTest"
                name="DbExtendedPropertyGetLocalizeColKeyPair (Philips.PIC.Audit.Migration,_Control.WorkflowGroupToActionsMap_,1) row 6"
                time="0.0182082"/>
      <testcase classname="Philips.PMP.Test.Auto.DbExtendedPropertyHelperTest"
                name="DbExtendedPropertyGetLocalizeColKeyPair (Diagnostic,dummyTable,0) row 7"
                time="0.0130101"/>
      <testcase classname="Philips.PMP.Test.Auto.DbExtendedPropertyHelperTest"
                name="DbExtendedPropertyGetLocalizeColKeyPair (EventWorkflow,dummyTable,0) row 8"
                time="0.0005881"/>
      <testcase classname="Philips.PMP.Test.Auto.DbExtendedPropertyHelperTest"
                name="DbExtendedPropertyGetLocalizeColKeyPair (Philips.PIC.EventWorkflow.Migration,dbo.DisplaySeverity,1) row 9"
                time="0.0004742"/>
      <testcase classname="Philips.PMP.Test.Auto.DbExtendedPropertyHelperTest"
                name="DbExtendedPropertyGetLocalizeColKeyPair (PatientDataExport,dummyTable,0) row 10"
                time="0.01469"/>
      <testcase classname="Philips.PMP.Test.Auto.DbExtendedPropertyHelperTest"
                name="DbExtendedPropertyGetLocalizeColKeyPair (Philips.PIC.Ringtone.Migration,_EventMgmt.Ringtone_,1) row 11"
                time="0.0006222"/>
      <testcase classname="Philips.PMP.Test.Auto.RolesControlHelperTest"
                name="RolesControlHelperGetRoles"
                time="0.0008337"/>
      <testcase classname="Philips.PMP.Test.Auto.ZoneEntityControlTest"
                name="ApcContextMenuContainsExpectedOptions"
                time="0.0376043"/>
      <testcase classname="Philips.PMP.Test.Auto.AlertFilterServiceDuplexTest"
                name="AlertFilterServiceDuplexGetInterestedSubscriptions"
                time="0.0039884"/>
      <testcase classname="Philips.PMP.Test.Auto.SendTimeoutDuplexServiceTest"
                name="MethodCallsTimeoutApmConnectedProxyMgrTest"
                time="3.0793813"/>
      <testcase classname="Philips.PMP.Test.Auto.SystemPerformanceTest"
                name="PerformanceCounterIncrementLengthyQueryCounters (UnknownProcess,2) row 1"
                time="0.0051881"/>
      <testcase classname="Philips.PMP.Test.Auto.SystemPerformanceTest"
                name="PerformanceCounterIncrementLengthyQueryCounters (Philips.PMP.ApplicationHost.exe,3) row 2"
                time="0.0008511"/>
      <testcase classname="Philips.PMP.Test.Auto.Hl7MessageSenderTest"
                name="Hl7SendMessageNoActiveConnectionTest"
                time="0.3934809"/>
      <testcase classname="Philips.PMP.Test.Auto.TimeTest"
                name="TimeCompareByPhysioTimeSeed"
                time="0.0013591"/>
      <testcase classname="Philips.PMP.Test.Auto.ProtocolWatchConversionsTest"
                name="ConvertLabResultToAttributeList"
                time="0.0116334"/>
      <testcase classname="Philips.PMP.Test.Auto.WatchdogCommandsTest"
                name="WatchdogComponentReportCommandFunctionality"
                time="0.0037005"/>
      <testcase classname="Philips.PMP.LicenseService.Test.UnitLicenseProcessorTest"
                name="GetRestartListForAllUnitsTest"
                time="0.0017797"/>
      <testcase classname="Philips.PMP.Test.Auto.DataValidationProviderTest"
                name="StoringSpotCheckValidationsWithServerName"
                time="0.0030237"/>
      <testcase classname="Philips.PMP.Test.Auto.EcgIpmFilterTest"
                name="EcgIpmVerifyFilteringReturnsAllWaves"
                time="0.0016881"/>
      <testcase classname="Philips.PMP.Test.Auto.ProtocolWatchConversionsTest"
                name="ConvertDateTimesOfComplexMetricToLocalDateTime"
                time="0.002737"/>
      <testcase classname="Philips.PMP.Test.Auto.TrendUploadDvcTest"
                name="UploadIntervalDoesntTriggerArgumentExceptionTest"
                time="0.0010864"/>
      <testcase classname="Philips.PMP.Test.Auto.EventNotificationSettingControlTest"
                name="InitializeBedEnablementComboBoxShouldHandleBNS (-1) row 1"
                time="0.0345768"/>
      <testcase classname="Philips.PMP.Test.Auto.AlertFilterServiceTest"
                name="ReportOnlyFlagsForHardInopsShouldBeSetCorrectly"
                time="0.0052071"/>
      <testcase classname="Philips.PMP.Test.Auto.DbOffloadProviderTest"
                name="DbOffloadProviderIsRemoteSqlServerTest (True,Physio,False) row 1"
                time="0.0013695"/>
      <testcase classname="Philips.PMP.Test.Auto.DbOffloadProviderTest"
                name="DbOffloadProviderIsRemoteSqlServerTest (False,Export,True) row 2"
                time="0.00142"/>
      <testcase classname="Philips.PMP.Test.Auto.PatientServiceHelperTest"
                name="PatientServiceHelperCreateNotificationStringTest (Unknown,,True,) row 1"
                time="0.0014349"/>
      <testcase classname="Philips.PMP.Test.Auto.PatientServiceHelperTest"
                name="PatientServiceHelperCreateNotificationStringTest (GeneralError,,False,Error) row 2"
                time="0.0004464"/>
      <testcase classname="Philips.PMP.Test.Auto.PatientServiceHelperTest"
                name="PatientServiceHelperCreateNotificationStringTest (IdentityError,,False,Patient ID) row 3"
                time="0.0003837"/>
      <testcase classname="Philips.PMP.Test.Auto.PatientServiceHelperTest"
                name="PatientServiceHelperCreateNotificationStringTest (NoHostAccess,,False,Matching identification) row 4"
                time="0.0003527"/>
      <testcase classname="Philips.PMP.Test.Auto.PatientServiceHelperTest"
                name="PatientServiceHelperCreateNotificationStringTest (HisWarning,,False,Warning) row 5"
                time="0.0009456"/>
      <testcase classname="Philips.PMP.Test.Auto.PatientServiceHelperTest"
                name="PatientServiceHelperCreateNotificationStringTest (AddToAssignedPatient,,False,Add device) row 6"
                time="0.0008801"/>
      <testcase classname="Philips.PMP.Test.Auto.PatientServiceHelperTest"
                name="PatientServiceHelperCreateNotificationStringTest (ClearForNextPatient,,False,Clear data) row 7"
                time="0.0007766"/>
      <testcase classname="Philips.PMP.Test.Auto.PatientServiceHelperTest"
                name="PatientServiceHelperCreateNotificationStringTest (UseCentralPatient,,False,Confirm patient) row 8"
                time="0.0003677"/>
      <testcase classname="Philips.PMP.Test.Auto.PatientServiceHelperTest"
                name="PatientServiceHelperCreateNotificationStringTest (StopMonitoring,,False,Stop monitoring) row 9"
                time="0.0003515"/>
      <testcase classname="Philips.PMP.Test.Auto.PatientServiceHelperTest"
                name="PatientServiceHelperCreateNotificationStringTest (DischargePatient,,False,Discharge patient) row 10"
                time="0.0003349"/>
      <testcase classname="Philips.PMP.Test.Auto.PatientServiceHelperTest"
                name="PatientServiceHelperCreateNotificationStringTest (AdmitPatient,,False,Admit patient) row 11"
                time="0.000505"/>
      <testcase classname="Philips.PMP.Test.Auto.PatientServiceHelperTest"
                name="PatientServiceHelperCreateNotificationStringTest (TransferPatient,,False,Transfer patient from) row 12"
                time="0.0003586"/>
      <testcase classname="Philips.PMP.Test.Auto.PatientServiceHelperTest"
                name="PatientServiceHelperCreateNotificationStringTest (ReadmitPatient,,False,Readmit patient formerly) row 13"
                time="0.0005574"/>
      <testcase classname="Philips.PMP.Test.Auto.PatientServiceHelperTest"
                name="PatientServiceHelperCreateNotificationStringTest (TransferPatient,test,False,Transfer patient test) row 14"
                time="0.0003909"/>
      <testcase classname="Philips.PMP.Test.Auto.PatientServiceHelperTest"
                name="PatientServiceHelperCreateNotificationStringTest (ReadmitPatient,test,False,Readmit patient test) row 15"
                time="0.0003591"/>
      <testcase classname="Philips.PMP.Test.Auto.DxEcgTypeConverterTest"
                name="GetLanguageDllPathTesting (Ecg12Lead\Ascent\CHS0Cecl.dll,zh-CN,Ascent) row 1"
                time="0.0119829"/>
      <testcase classname="Philips.PMP.Test.Auto.DxEcgTypeConverterTest"
                name="GetLanguageDllPathTesting (Ecg12Lead\Ascent\DAU0Cecl.dll,da-DK,Ascent) row 2"
                time="0.0050985"/>
      <testcase classname="Philips.PMP.Test.Auto.DxEcgTypeConverterTest"
                name="GetLanguageDllPathTesting (Ecg12Lead\Ascent\DEU0Cecl.dll,de-DE,Ascent) row 3"
                time="0.0028022"/>
      <testcase classname="Philips.PMP.Test.Auto.DxEcgTypeConverterTest"
                name="GetLanguageDllPathTesting (Ecg12Lead\Ascent\ENU0Cecl.dll,en-US,Ascent) row 4"
                time="0.0010413"/>
      <testcase classname="Philips.PMP.Test.Auto.DxEcgTypeConverterTest"
                name="GetLanguageDllPathTesting (Ecg12Lead\Ascent\ENZ0Cecl.dll,en-ZW,Ascent) row 5"
                time="0.0009389"/>
      <testcase classname="Philips.PMP.Test.Auto.DxEcgTypeConverterTest"
                name="GetLanguageDllPathTesting (Ecg12Lead\Ascent\ESP0Cecl.dll,es-ES,Ascent) row 6"
                time="0.0078372"/>
      <testcase classname="Philips.PMP.Test.Auto.DxEcgTypeConverterTest"
                name="GetLanguageDllPathTesting (Ecg12Lead\Ascent\FIN0Cecl.dll,fi-FI,Ascent) row 7"
                time="0.0069804"/>
      <testcase classname="Philips.PMP.Test.Auto.DxEcgTypeConverterTest"
                name="GetLanguageDllPathTesting (Ecg12Lead\Ascent\FRA0Cecl.dll,fr-FR,Ascent) row 8"
                time="0.0193478"/>
      <testcase classname="Philips.PMP.Test.Auto.DxEcgTypeConverterTest"
                name="GetLanguageDllPathTesting (Ecg12Lead\Ascent\ITA0Cecl.dll,it-IT,Ascent) row 9"
                time="0.0141521"/>
      <testcase classname="Philips.PMP.Test.Auto.DxEcgTypeConverterTest"
                name="GetLanguageDllPathTesting (Ecg12Lead\Ascent\JPN0Cecl.dll,ja-JP,Ascent) row 10"
                time="0.0106268"/>
      <testcase classname="Philips.PMP.Test.Auto.DxEcgTypeConverterTest"
                name="GetLanguageDllPathTesting (Ecg12Lead\Ascent\NLD0Cecl.dll,nl-NL,Ascent) row 11"
                time="0.0106682"/>
      <testcase classname="Philips.PMP.Test.Auto.DxEcgTypeConverterTest"
                name="GetLanguageDllPathTesting (Ecg12Lead\Ascent\NOR0Cecl.dll,nb-NO,Ascent) row 12"
                time="0.0095922"/>
      <testcase classname="Philips.PMP.Test.Auto.DxEcgTypeConverterTest"
                name="GetLanguageDllPathTesting (Ecg12Lead\Ascent\PTG0Cecl.dll,pt-BR,Ascent) row 13"
                time="0.0008791"/>
      <testcase classname="Philips.PMP.Test.Auto.DxEcgTypeConverterTest"
                name="GetLanguageDllPathTesting (Ecg12Lead\Ascent\RUS0Cecl.dll,ru-RU,Ascent) row 14"
                time="0.0140739"/>
      <testcase classname="Philips.PMP.Test.Auto.DxEcgTypeConverterTest"
                name="GetLanguageDllPathTesting (Ecg12Lead\Ascent\SVE0Cecl.dll,sv-SE,Ascent) row 15"
                time="0.0099502"/>
      <testcase classname="Philips.PMP.Test.Auto.DxEcgTypeConverterTest"
                name="GetLanguageDllPathTesting (Ecg12Lead\Ascent\ENU0Cecl.dll,cs-CZ,Ascent) row 16"
                time="0.001286"/>
      <testcase classname="Philips.PMP.Test.Auto.DxEcgTypeConverterTest"
                name="GetLanguageDllPathTesting (Ecg12Lead\Ascent\ENU0Cecl.dll,el-GR,Ascent) row 17"
                time="0.0006137"/>
      <testcase classname="Philips.PMP.Test.Auto.DxEcgTypeConverterTest"
                name="GetLanguageDllPathTesting (Ecg12Lead\Ascent\ENU0Cecl.dll,hu-HU,Ascent) row 18"
                time="0.000871"/>
      <testcase classname="Philips.PMP.Test.Auto.DxEcgTypeConverterTest"
                name="GetLanguageDllPathTesting (Ecg12Lead\Ascent\ENU0Cecl.dll,ro-RO,Ascent) row 19"
                time="0.00062"/>
      <testcase classname="Philips.PMP.Test.Auto.DxEcgTypeConverterTest"
                name="GetLanguageDllPathTesting (Ecg12Lead\Ascent\ENU0Cecl.dll,tr-TR,Ascent) row 20"
                time="0.0005506"/>
      <testcase classname="Philips.PMP.Test.Auto.DxEcgTypeConverterTest"
                name="GetLanguageDllPathTesting (Ecg12Lead\Ascent\ENU0Cecl.dll,zh-TW,Ascent) row 21"
                time="0.0028755"/>
      <testcase classname="Philips.PMP.Test.Auto.DxEcgTypeConverterTest"
                name="GetLanguageDllPathTesting (Ecg12Lead\Ascent\ENU0Cecl.dll,pl-PL,Ascent) row 22"
                time="0.0008327"/>
      <testcase classname="Philips.PMP.Test.Auto.DxEcgTypeConverterTest"
                name="GetLanguageDllPathTesting (Ecg12Lead\Sedici\CHS0Becl.dll,zh-CN,Sedici) row 23"
                time="0.0006347"/>
      <testcase classname="Philips.PMP.Test.Auto.DxEcgTypeConverterTest"
                name="GetLanguageDllPathTesting (Ecg12Lead\Sedici\DAU0Becl.dll,da-DK,Sedici) row 24"
                time="0.0005362"/>
      <testcase classname="Philips.PMP.Test.Auto.DxEcgTypeConverterTest"
                name="GetLanguageDllPathTesting (Ecg12Lead\Sedici\DEU0Becl.dll,de-DE,Sedici) row 25"
                time="0.0005161"/>
      <testcase classname="Philips.PMP.Test.Auto.DxEcgTypeConverterTest"
                name="GetLanguageDllPathTesting (Ecg12Lead\Sedici\ENU0Becl.dll,en-US,Sedici) row 26"
                time="0.0007316"/>
      <testcase classname="Philips.PMP.Test.Auto.DxEcgTypeConverterTest"
                name="GetLanguageDllPathTesting (Ecg12Lead\Sedici\ENZ0Becl.dll,en-ZW,Sedici) row 27"
                time="0.0005488"/>
      <testcase classname="Philips.PMP.Test.Auto.DxEcgTypeConverterTest"
                name="GetLanguageDllPathTesting (Ecg12Lead\Sedici\ESP0Becl.dll,es-ES,Sedici) row 28"
                time="0.0005461"/>
      <testcase classname="Philips.PMP.Test.Auto.DxEcgTypeConverterTest"
                name="GetLanguageDllPathTesting (Ecg12Lead\Sedici\FIN0Becl.dll,fi-FI,Sedici) row 29"
                time="0.0005407"/>
      <testcase classname="Philips.PMP.Test.Auto.DxEcgTypeConverterTest"
                name="GetLanguageDllPathTesting (Ecg12Lead\Sedici\FRA0Becl.dll,fr-FR,Sedici) row 30"
                time="0.0006473"/>
      <testcase classname="Philips.PMP.Test.Auto.DxEcgTypeConverterTest"
                name="GetLanguageDllPathTesting (Ecg12Lead\Sedici\ITA0Becl.dll,it-IT,Sedici) row 31"
                time="0.0005285"/>
      <testcase classname="Philips.PMP.Test.Auto.DxEcgTypeConverterTest"
                name="GetLanguageDllPathTesting (Ecg12Lead\Sedici\JPN0Becl.dll,ja-JP,Sedici) row 32"
                time="0.0025008"/>
      <testcase classname="Philips.PMP.Test.Auto.DxEcgTypeConverterTest"
                name="GetLanguageDllPathTesting (Ecg12Lead\Sedici\NLD0Becl.dll,nl-NL,Sedici) row 33"
                time="0.001715"/>
      <testcase classname="Philips.PMP.Test.Auto.DxEcgTypeConverterTest"
                name="GetLanguageDllPathTesting (Ecg12Lead\Sedici\NOR0Becl.dll,nb-NO,Sedici) row 34"
                time="0.0036636"/>
      <testcase classname="Philips.PMP.Test.Auto.DxEcgTypeConverterTest"
                name="GetLanguageDllPathTesting (Ecg12Lead\Sedici\PTG0Becl.dll,pt-BR,Sedici) row 35"
                time="0.0170384"/>
      <testcase classname="Philips.PMP.Test.Auto.DxEcgTypeConverterTest"
                name="GetLanguageDllPathTesting (Ecg12Lead\Sedici\RUS0Becl.dll,ru-RU,Sedici) row 36"
                time="0.0012304"/>
      <testcase classname="Philips.PMP.Test.Auto.DxEcgTypeConverterTest"
                name="GetLanguageDllPathTesting (Ecg12Lead\Sedici\SVE0Becl.dll,sv-SE,Sedici) row 37"
                time="0.0126764"/>
      <testcase classname="Philips.PMP.Test.Auto.DxEcgTypeConverterTest"
                name="GetLanguageDllPathTesting (Ecg12Lead\Sedici\ENU0Becl.dll,cs-CZ,Sedici) row 38"
                time="0.0012502"/>
      <testcase classname="Philips.PMP.Test.Auto.DxEcgTypeConverterTest"
                name="GetLanguageDllPathTesting (Ecg12Lead\Sedici\ENU0Becl.dll,el-GR,Sedici) row 39"
                time="0.0024317"/>
      <testcase classname="Philips.PMP.Test.Auto.DxEcgTypeConverterTest"
                name="GetLanguageDllPathTesting (Ecg12Lead\Sedici\ENU0Becl.dll,hu-HU,Sedici) row 40"
                time="0.0007855"/>
      <testcase classname="Philips.PMP.Test.Auto.DxEcgTypeConverterTest"
                name="GetLanguageDllPathTesting (Ecg12Lead\Sedici\ENU0Becl.dll,ro-RO,Sedici) row 41"
                time="0.0019619"/>
      <testcase classname="Philips.PMP.Test.Auto.DxEcgTypeConverterTest"
                name="GetLanguageDllPathTesting (Ecg12Lead\Sedici\ENU0Becl.dll,tr-TR,Sedici) row 42"
                time="0.0011874"/>
      <testcase classname="Philips.PMP.Test.Auto.DxEcgTypeConverterTest"
                name="GetLanguageDllPathTesting (Ecg12Lead\Sedici\ENU0Becl.dll,zh-TW,Sedici) row 43"
                time="0.0020374"/>
      <testcase classname="Philips.PMP.Test.Auto.DxEcgTypeConverterTest"
                name="GetLanguageDllPathTesting (Ecg12Lead\Sedici\ENU0Becl.dll,pl-PL,Sedici) row 44"
                time="0.0008055"/>
      <testcase classname="Philips.PIC.DevTools.Test.PatientTraffickerTest"
                name="PatientTraffickerDischargesRandomPatients"
                time="0.0514849"/>
      <testcase classname="Philips.PMP.Test.Auto.HL7ConnectionPropertyControlTest"
                name="AddUnitToTreeViewMultiInstitutionTest"
                time="0.2792294"/>
      <testcase classname="Philips.PMP.Test.Auto.PatientDeviceHandlerTest"
                name="PatientDeviceHandlerDispose"
                time="0.0006639"/>
      <testcase classname="Philips.PMP.Test.Auto.RolesControlHelperTest"
                name="RolesControlHelperLogRolesAdded"
                time="0.002571"/>
      <testcase classname="Philips.PMP.Test.Auto.EventCatalogProviderTest"
                name="EventCatalogProviderUnknownCategoryTest (SoftInop,Technical,DC3C632C-A0BD-4542-BC8E-42A4410FA5F8) row 1"
                time="0.0978274"/>
      <testcase classname="Philips.PMP.Test.Auto.EventCatalogProviderTest"
                name="EventCatalogProviderUnknownCategoryTest (HardInop,Technical,DC3C632C-A0BD-4542-BC8E-42A4410FA5F8) row 2"
                time="0.0979663"/>
      <testcase classname="Philips.PMP.Test.Auto.EventCatalogProviderTest"
                name="EventCatalogProviderUnknownCategoryTest (SevereInop,Technical,DC3C632C-A0BD-4542-BC8E-42A4410FA5F8) row 3"
                time="0.1038416"/>
      <testcase classname="Philips.PMP.Test.Auto.EventCatalogProviderTest"
                name="EventCatalogProviderUnknownCategoryTest (YellowAlarm,Technical,750E9762-E3E0-42F6-B082-C02AB5A92268) row 4"
                time="0.0995752"/>
      <testcase classname="Philips.PMP.Test.Auto.EventCatalogProviderTest"
                name="EventCatalogProviderUnknownCategoryTest (RedAlarm,Technical,B3E89798-1DA6-4D8E-954C-4FDBB8AD6D65) row 5"
                time="0.1004735"/>
      <testcase classname="Philips.PMP.Test.Auto.EventCatalogProviderTest"
                name="EventCatalogProviderUnknownCategoryTest (ShortYellowAlarm,Patient,05192A1D-4586-4C84-843E-444B12527AEF) row 6"
                time="0.1010624"/>
      <testcase classname="Philips.PMP.Test.Auto.EventCatalogProviderTest"
                name="EventCatalogProviderUnknownCategoryTest (YellowAlarm,Patient,05192A1D-4586-4C84-843E-444B12527AEF) row 7"
                time="0.0997055"/>
      <testcase classname="Philips.PMP.Test.Auto.EventCatalogProviderTest"
                name="EventCatalogProviderUnknownCategoryTest (RedAlarm,Patient,EFA5EBB3-B1CA-414E-AE62-E153A9BE391C) row 8"
                time="0.102342"/>
      <testcase classname="Philips.PMP.Test.Auto.ApplicationMgrTest"
                name="ApplicationMgrCanLogFatalExceptions (True,True) row 1"
                time="0.0027114"/>
      <testcase classname="Philips.PMP.Test.Auto.ApplicationMgrTest"
                name="ApplicationMgrCanLogFatalExceptions (True,False) row 2"
                time="0.0010084"/>
      <testcase classname="Philips.PMP.Test.Auto.ApplicationMgrTest"
                name="ApplicationMgrCanLogFatalExceptions (False,True) row 3"
                time="0.0015296"/>
      <testcase classname="Philips.PMP.Test.Auto.ApplicationMgrTest"
                name="ApplicationMgrCanLogFatalExceptions (False,False) row 4"
                time="0.0007786"/>
      <testcase classname="Philips.PMP.Test.Auto.Ecg12LeadExportTest"
                name="Ecg12LeadXmlExportTest"
                time="0.2676742"/>
      <testcase classname="Philips.CareEvent.Test.MobileRequestMgrTests"
                name="GetEventPatient"
                time="0.0163015"/>
      <testcase classname="Philips.PMP.Test.Auto.WebHostHelperTest"
                name="WebHostHelperGetTileImageFilePathTest"
                time="0.00534"/>
      <testcase classname="Philips.PMP.Test.Auto.DbInstallMgrTest"
                name="PdxDatabaseShouldHaveAutoCreateStatisticsIncrementalEnabled"
                time="0.0013058"/>
      <testcase classname="Philips.PMP.Test.Auto.CiParserTest"
                name="CiParserParseProtocolSupportTest (True,True,True) row 1"
                time="0.0198662"/>
      <testcase classname="Philips.PMP.Test.Auto.CiParserTest"
                name="CiParserParseProtocolSupportTest (True,True,False) row 2"
                time="0.0013387"/>
      <testcase classname="Philips.PMP.Test.Auto.CiParserTest"
                name="CiParserParseProtocolSupportTest (True,False,False) row 3"
                time="0.0006109"/>
      <testcase classname="Philips.PMP.Test.Auto.CiParserTest"
                name="CiParserParseProtocolSupportTest (False,True,True) row 4"
                time="0.0004476"/>
      <testcase classname="Philips.PMP.Test.Auto.CiParserTest"
                name="CiParserParseProtocolSupportTest (False,True,False) row 5"
                time="0.0011032"/>
      <testcase classname="Philips.PMP.Test.Auto.CiParserTest"
                name="CiParserParseProtocolSupportTest (False,False,False) row 6"
                time="0.0006443"/>
      <testcase classname="Philips.PIC.RfidReader.Test.PcProxReaderWrapperTest"
                name="PcProxReaderWrapperInitializeConnectedTest"
                time="0.0844032"/>
      <testcase classname="Philips.PMP.Test.Auto.LogSeverityConverterTest"
                name="LogDataConverterMapsLogLevelsToLogSeverities (None,Unknown) row 1"
                time="0.0014565"/>
      <testcase classname="Philips.PMP.Test.Auto.LogSeverityConverterTest"
                name="LogDataConverterMapsLogLevelsToLogSeverities (Trace,Verbose) row 2"
                time="0.0003436"/>
      <testcase classname="Philips.PMP.Test.Auto.LogSeverityConverterTest"
                name="LogDataConverterMapsLogLevelsToLogSeverities (Debug,Verbose) row 3"
                time="0.0002755"/>
      <testcase classname="Philips.PMP.Test.Auto.LogSeverityConverterTest"
                name="LogDataConverterMapsLogLevelsToLogSeverities (Information,Information) row 4"
                time="0.0002903"/>
      <testcase classname="Philips.PMP.Test.Auto.LogSeverityConverterTest"
                name="LogDataConverterMapsLogLevelsToLogSeverities (Warning,Warning) row 5"
                time="0.000276"/>
      <testcase classname="Philips.PMP.Test.Auto.LogSeverityConverterTest"
                name="LogDataConverterMapsLogLevelsToLogSeverities (Error,Error) row 6"
                time="0.0002627"/>
      <testcase classname="Philips.PMP.Test.Auto.LogSeverityConverterTest"
                name="LogDataConverterMapsLogLevelsToLogSeverities (Critical,Error) row 7"
                time="0.0002642"/>
      <testcase classname="Philips.PMP.Test.Auto.MasterHostSelectionServiceTest"
                name="MasterHostSelectionServiceStartTest"
                time="0.103373"/>
      <testcase classname="Philips.PMP.Test.Auto.EntityLicenseExtensionsTest"
                name="EntityLicenseExtensionsIsSurveillance"
                time="0.0010219"/>
      <testcase classname="Philips.PMP.Test.Auto.EnterpriseProviderTest"
                name="BedToHostAssignment"
                time="0.4011629"/>
      <testcase classname="Philips.PMP.Test.Auto.ConnectToServerInstallMgrTest"
                name="OtherHostPrimarySoftwareUpdateSucceedTest"
                time="0.0156025"/>
      <testcase classname="Philips.PMP.Test.Auto.AcpmpQualifierTest"
                name="AcpmpQualifierAuthenticateTestIsFailure"
                time="0.0206044"/>
      <testcase classname="Philips.PMP.Test.Auto.PatientDataExportStorageTest"
                name="ResultInfoMessageInspectorUpdaterHasBehavior"
                time="0.017112"/>
      <testcase classname="Philips.PMP.Test.Auto.PerfMonitorControlTest"
                name="PerfMonitorControlExportAvailabilitySetByDefault"
                time="1.1183484"/>
      <testcase classname="Philips.CareEvent.Test.EventMonitorProviderTests"
                name="PopulateEventDispatchDetailsShouldReturnCollections"
                time="0.3413012"/>
      <testcase classname="Philips.PMP.Test.Auto.LabelAssignmentTest"
                name="LabelAssignmentDeviceTypeTest (Unknown,Unknown,True) row 1"
                time="0.0468316"/>
      <testcase classname="Philips.PMP.Test.Auto.LabelAssignmentTest"
                name="LabelAssignmentDeviceTypeTest (AntaresLight,Unknown,True) row 2"
                time="0.0335994"/>
      <testcase classname="Philips.PMP.Test.Auto.LabelAssignmentTest"
                name="LabelAssignmentDeviceTypeTest (IbridgeEc40Hub,IntellibridgeHub,False) row 3"
                time="0.1482621"/>
      <testcase classname="Philips.PMP.Test.Auto.LabelAssignmentTest"
                name="LabelAssignmentDeviceTypeTest (TelemCit,Telemetry,False) row 4"
                time="0.1560948"/>
      <testcase classname="Philips.PMP.Test.Auto.LabelAssignmentTest"
                name="LabelAssignmentDeviceTypeTest (TelemPwm,Telemetry,False) row 5"
                time="0.1406005"/>
      <testcase classname="Philips.PMP.LicenseService.Test.UnitLicenseValidatorTest"
                name="ValidateBedEnablementAllBeds"
                time="0.0174731"/>
      <testcase classname="Philips.PIC.DataAcquisition.Test.SureSignsNotificationTest"
                name="SureSignsNotificationProcessorGetNotificationAndPublishTest (False,0) row 1"
                time="0.0729846"/>
      <testcase classname="Philips.PIC.DataAcquisition.Test.SureSignsNotificationTest"
                name="SureSignsNotificationProcessorGetNotificationAndPublishTest (True,1) row 2"
                time="0.0041117"/>
      <testcase classname="Philips.PMP.Test.Auto.ApplicationMgrTest"
                name="ApplicationMgrGetReviewApplicationLifetime (AlarmReview,ShowHide) row 1"
                time="0.0018099"/>
      <testcase classname="Philips.PMP.Test.Auto.ApplicationMgrTest"
                name="ApplicationMgrGetReviewApplicationLifetime (GeneralReview,CreateDestroy) row 2"
                time="0.0005703"/>
      <testcase classname="Philips.PMP.Test.Auto.ApplicationMgrTest"
                name="ApplicationMgrGetReviewApplicationLifetime (AdvancedReview,CreateDestroy) row 3"
                time="0.000588"/>
      <testcase classname="Philips.PMP.Test.Auto.ApplicationMgrTest"
                name="ApplicationMgrGetReviewApplicationLifetime (TwelveLeadCaptureReview,CreateDestroy) row 4"
                time="0.0004328"/>
      <testcase classname="Philips.CareEvent.Test.CaregiverSetupControlTests"
                name="CheckColorboxAndPromptToneCheckButtonForCaregiversWithRoles (True,False,True,Nurse) row 1"
                time="0.270686"/>
      <testcase classname="Philips.CareEvent.Test.CaregiverSetupControlTests"
                name="CheckColorboxAndPromptToneCheckButtonForCaregiversWithRoles (False,False,True,Biomed) row 2"
                time="0.0103576"/>
      <testcase classname="Philips.CareEvent.Test.CaregiverSetupControlTests"
                name="CheckColorboxAndPromptToneCheckButtonForCaregiversWithRoles (True,False,False,Nurse) row 3"
                time="0.0106342"/>
      <testcase classname="Philips.PMP.Test.Auto.TrendUploadValueProcessorTest"
                name="PulseValuesAreReconstructedCorrectlyTest"
                time="0.0277181"/>
      <testcase classname="Philips.PMP.Test.Auto.EventNotificationValidatorTest"
                name="ValidateForUserConfirmationNotAvailableTest"
                time="0.0046526"/>
      <testcase classname="Philips.PMP.Test.Auto.ControlServiceHelperTest"
                name="ControlServiceHelperLoadGasNumericBluePrintTest"
                time="0.0053496"/>
      <testcase classname="Philips.PMP.Test.Auto.DbOffloadProviderTest"
                name="DbOffloadProviderGetConfiguredOffloadedDbNamesTest"
                time="0.0025682"/>
      <testcase classname="Philips.PMP.Test.Auto.SpotCheckTrendMgrTest"
                name="SpotCheckTrendMgrOnValidationInfoUpdate (False,False,0) row 1"
                time="0.7369121"/>
      <testcase classname="Philips.PMP.Test.Auto.SpotCheckTrendMgrTest"
                name="SpotCheckTrendMgrOnValidationInfoUpdate (True,False,0) row 2"
                time="0.0207644"/>
      <testcase classname="Philips.PMP.Test.Auto.SpotCheckTrendMgrTest"
                name="SpotCheckTrendMgrOnValidationInfoUpdate (True,True,1) row 3"
                time="0.02176"/>
      <testcase classname="Philips.CareEvent.Test.CareAssignmentOverviewRoleCheckerTest"
                name="CaregiversAvailableFromNoPopupUnits"
                time="0.0011461"/>
      <testcase classname="Philips.PMP.Test.Auto.Hl7AlarmClientMgrTest"
                name="Hl7AlarmClientMessageMgrAddConnectionsBuildAndSendAlarmMessageTest"
                time="0.2464759"/>
      <testcase classname="Philips.PMP.Test.Auto.EventRolesProviderTest"
                name="AddFactoryDefaultsDuringResetWhenNotificationRolesAreRemovedAndAddedBack"
                time="0.259647"/>
      <testcase classname="Philips.PIC.DataAcquisition.Test.MonitoringDevicePatientMgrTest"
                name="MonitoringDevicePatientMgrOnDemographicsChangedTest (True,False,0,PTAnnouncement_NeedsUpdate) row 1"
                time="0.0778606"/>
      <testcase classname="Philips.PIC.DataAcquisition.Test.MonitoringDevicePatientMgrTest"
                name="MonitoringDevicePatientMgrOnDemographicsChangedTest (False,False,0,PTAnnouncement_NeedsUpdate) row 2"
                time="0.0042747"/>
      <testcase classname="Philips.PIC.DataAcquisition.Test.MonitoringDevicePatientMgrTest"
                name="MonitoringDevicePatientMgrOnDemographicsChangedTest (False,True,0,Success) row 3"
                time="0.0284045"/>
      <testcase classname="Philips.PIC.DataAcquisition.Test.MonitoringDevicePatientMgrTest"
                name="MonitoringDevicePatientMgrOnDemographicsChangedTest (False,False,2,PTQueryMsg_MoreThanOneFound) row 4"
                time="0.0040394"/>
      <testcase classname="Philips.PMP.Test.Auto.HostAccessViewControllerTest"
                name="HostAccessViewControllerMoveMatchingUnitToReadOnlyAccess"
                time="0.0055543"/>
      <testcase classname="Philips.PMP.Test.Auto.WebHostHelperTest"
                name="SetPriorDataModeTest (True) row 1"
                time="3.0309659"/>
      <testcase classname="Philips.PMP.Test.Auto.WebHostHelperTest"
                name="SetPriorDataModeTest (False) row 2"
                time="0.0027279"/>
      <testcase classname="Philips.PMP.Test.Auto.MobilityServiceHelperTest"
                name="MobilityServiceHelperTryGetWebServerFqdnTest (False) row 1"
                time="0.060665"/>
      <testcase classname="Philips.PMP.Test.Auto.MobilityServiceHelperTest"
                name="MobilityServiceHelperTryGetWebServerFqdnTest (True) row 2"
                time="0.0014306"/>
      <testcase classname="Philips.PIC.WebBridge.Test.WatchdogHostedServiceTest"
                name="DisposeTest"
                time="0.0030456"/>
      <testcase classname="Philips.PMP.Test.Auto.TokenSecretFactoryTest"
                name="TokenSecretFactoryCanGenerateBase64UrlSecret"
                time="0.011245"/>
      <testcase classname="Philips.PMP.Test.Auto.AutoAdtConfigControlTest"
                name="SaveSettingsTest (False,False) row 1"
                time="0.0165765"/>
      <testcase classname="Philips.PMP.Test.Auto.AutoAdtConfigControlTest"
                name="SaveSettingsTest (True,True) row 2"
                time="0.0142153"/>
      <testcase classname="Philips.PMP.Test.Auto.AutoAdtConfigControlTest"
                name="SaveSettingsTest (True,False) row 3"
                time="0.0124512"/>
      <testcase classname="Philips.PMP.Test.Auto.AutoAdtConfigControlTest"
                name="SaveSettingsTest (False,False) row 4"
                time="0.0121873"/>
      <testcase classname="Philips.PMP.Test.Auto.PatientDataExportFileTest"
                name="PdxCorrectPatientListFile"
                time="0.1030843"/>
      <testcase classname="Philips.iX.InboundDataBridge.Test.LabDataTest"
                name="StartStopServiceTest (False) row 1"
                time="0.0126789"/>
      <testcase classname="Philips.iX.InboundDataBridge.Test.LabDataTest"
                name="StartStopServiceTest (True) row 2"
                time="1.1841061"/>
      <testcase classname="Philips.PMP.Test.Auto.EditSwitchSettingsControlTest"
                name="EditSwitchSettingsControlSortPorts (System.String[],port1,port2,port3,port10,port20,port300) row 1"
                time="0.0239077"/>
      <testcase classname="Philips.PMP.Test.Auto.EditSwitchSettingsControlTest"
                name="EditSwitchSettingsControlSortPorts (System.String[],Fa0/1,Fa0/2,Fa0/3,Fa0/4,Fa0/5,Fa0/6,Fa0/7,Fa0/8,Fa0/9,Fa0/10,Fa0/11,Fa0/12,Fa0/13,Fa0/14,Fa0/15,Fa0/16) row 2"
                time="0.030246"/>
      <testcase classname="Philips.PMP.Test.Auto.EventCatalogProviderTest"
                name="SeverityKindKeyInequalityTest (Cyan,Patient,Cyan,Notification) row 1"
                time="0.001901"/>
      <testcase classname="Philips.PMP.Test.Auto.EventCatalogProviderTest"
                name="SeverityKindKeyInequalityTest (Cyan,Patient,Informational,Patient) row 2"
                time="0.0004407"/>
      <testcase classname="Philips.PMP.Test.Auto.EventCatalogProviderTest"
                name="SeverityKindKeyInequalityTest (Cyan,Patient,Informational,Technical) row 3"
                time="0.0003651"/>
      <testcase classname="Philips.PMP.Test.Auto.ClinicalUnitControlTest"
                name="ClinicalUnitControlPopulateUnitTypesCount"
                time="0.03524"/>
      <testcase classname="Philips.PMP.Test.Auto.StitchTest"
                name="StitchNumericTest"
                time="0.0080357"/>
      <testcase classname="Philips.PMP.Test.Auto.ReportHelperTest"
                name="GenerateAlarmSummaryReportTest (True,False) row 1"
                time="0.0139992"/>
      <testcase classname="Philips.PMP.Test.Auto.ReportHelperTest"
                name="GenerateAlarmSummaryReportTest (False,True) row 2"
                time="0.0025803"/>
      <testcase classname="Philips.PMP.Test.Auto.ReportHelperTest"
                name="GenerateAlarmSummaryReportTest (True,True) row 3"
                time="0.0079702"/>
      <testcase classname="Philips.PMP.Test.Auto.EnterpriseProviderTest"
                name="TopologyProviderGetBedTest"
                time="0.2376043"/>
      <testcase classname="Philips.PMP.Test.Auto.ApplicationFrameworkHelperTest"
                name="ShouldFormsBeTopMostTest"
                time="0.0043604"/>
      <testcase classname="Philips.PMP.Test.Auto.DbPerformanceUtils"
                name="GetPhysioDataByStayId"
                time="0.0426661"/>
      <testcase classname="Philips.PMP.Test.Auto.DbEngineTest"
                name="TransactionThrowOnCommit"
                time="0.0367886"/>
      <testcase classname="Philips.CareEvent.Test.RingtoneProviderTests"
                name="RingtoneProviderGetAndDeleteTest"
                time="0.0161189"/>
      <testcase classname="Philips.CareEvent.Test.RingtoneMgrTest"
                name="ValidateChangesShouldFailWhenBitRateOutofRange (True,1411,-1) row 1"
                time="0.001366"/>
      <testcase classname="Philips.CareEvent.Test.RingtoneMgrTest"
                name="ValidateChangesShouldFailWhenBitRateOutofRange (False,1411,1) row 2"
                time="0.0054878"/>
      <testcase classname="Philips.CareEvent.Test.RingtoneMgrTest"
                name="ValidateChangesShouldFailWhenBitRateOutofRange (True,128,1) row 3"
                time="0.0028647"/>
      <testcase classname="Philips.CareEvent.Test.RingtoneMgrTest"
                name="ValidateChangesShouldFailWhenBitRateOutofRange (False,128,-1) row 4"
                time="0.0012893"/>
      <testcase classname="Philips.CareEvent.Test.EventMgrTest"
                name="GetEnableAlertZoneIdByHostname (localhost,True,True,True,True,False,2) row 1"
                time="0.0181133"/>
      <testcase classname="Philips.CareEvent.Test.EventMgrTest"
                name="GetEnableAlertZoneIdByHostname (127.0.0.1:5660,True,True,True,True,False,2) row 2"
                time="0.0209683"/>
      <testcase classname="Philips.CareEvent.Test.EventMgrTest"
                name="GetEnableAlertZoneIdByHostname (127.0.0.1:5660,True,True,True,False,False,1) row 3"
                time="0.0153139"/>
      <testcase classname="Philips.CareEvent.Test.EventMgrTest"
                name="GetEnableAlertZoneIdByHostname (Dev-Machine1,False,True,False,False,False,1) row 4"
                time="0.0047"/>
      <testcase classname="Philips.CareEvent.Test.EventMgrTest"
                name="GetEnableAlertZoneIdByHostname (Dev-Machine1,True,False,True,True,True,1) row 5"
                time="0.0142517"/>
      <testcase classname="Philips.CareEvent.Test.EventMgrTest"
                name="GetEnableAlertZoneIdByHostname (Dev-Machine1,True,False,True,True,False,1) row 6"
                time="0.0106163"/>
      <testcase classname="Philips.PMP.Test.Auto.WebQualifierTest"
                name="CorrectClearsAllKnownSites"
                time="0.0109461"/>
      <testcase classname="Philips.PMP.Test.Auto.DataAccessProtocolTest"
                name="DataAccessProtocolCacheTest"
                time="0.272899"/>
      <testcase classname="Philips.PMP.Test.Auto.PatientDataExportStorageTest"
                name="PdxCheckWhenEcgWavesAreTheSame"
                time="0.0288736"/>
      <testcase classname="Philips.PMP.Test.Auto.WaveAndNumericSorterTest"
                name="SortSurveillanceNumericsTest"
                time="0.0008302"/>
      <testcase classname="Philips.PMP.Test.Auto.NumericProviderTest"
                name="NumericProviderTwoValuesOnePdt"
                time="0.2810828"/>
      <testcase classname="Philips.PMP.Test.Auto.EfficiaControlMgrTest"
                name="EfficiaControlConvertEfficiaQtLead2MdilTest (All,Invalid,2148165682) row 1"
                time="0.0023624"/>
      <testcase classname="Philips.PMP.Test.Auto.EfficiaControlMgrTest"
                name="EfficiaControlConvertEfficiaQtLead2MdilTest (PrimaryLead,Invalid,2148165683) row 2"
                time="0.0017229"/>
      <testcase classname="Philips.PMP.Test.Auto.EfficiaControlMgrTest"
                name="EfficiaControlConvertEfficiaQtLead2MdilTest (SingleLead,I,131329) row 3"
                time="0.0032909"/>
      <testcase classname="Philips.PMP.Test.Auto.EfficiaControlMgrTest"
                name="EfficiaControlConvertEfficiaQtLead2MdilTest (SingleLead,II,131330) row 4"
                time="0.0021516"/>
      <testcase classname="Philips.PMP.Test.Auto.EfficiaControlMgrTest"
                name="EfficiaControlConvertEfficiaQtLead2MdilTest (SingleLead,III,131389) row 5"
                time="0.0016643"/>
      <testcase classname="Philips.PMP.Test.Auto.EfficiaControlMgrTest"
                name="EfficiaControlConvertEfficiaQtLead2MdilTest (SingleLead,V,131395) row 6"
                time="0.0017766"/>
      <testcase classname="Philips.PMP.Test.Auto.EfficiaControlMgrTest"
                name="EfficiaControlConvertEfficiaQtLead2MdilTest (SingleLead,V1,131331) row 7"
                time="0.0017285"/>
      <testcase classname="Philips.PMP.Test.Auto.EfficiaControlMgrTest"
                name="EfficiaControlConvertEfficiaQtLead2MdilTest (SingleLead,V2,131332) row 8"
                time="0.0016205"/>
      <testcase classname="Philips.PMP.Test.Auto.EfficiaControlMgrTest"
                name="EfficiaControlConvertEfficiaQtLead2MdilTest (SingleLead,V3,131333) row 9"
                time="0.0017187"/>
      <testcase classname="Philips.PMP.Test.Auto.EfficiaControlMgrTest"
                name="EfficiaControlConvertEfficiaQtLead2MdilTest (SingleLead,V4,131334) row 10"
                time="0.0017"/>
      <testcase classname="Philips.PMP.Test.Auto.EfficiaControlMgrTest"
                name="EfficiaControlConvertEfficiaQtLead2MdilTest (SingleLead,V5,131335) row 11"
                time="0.001663"/>
      <testcase classname="Philips.PMP.Test.Auto.EfficiaControlMgrTest"
                name="EfficiaControlConvertEfficiaQtLead2MdilTest (SingleLead,V6,131336) row 12"
                time="0.001701"/>
      <testcase classname="Philips.PMP.Test.Auto.EfficiaControlMgrTest"
                name="EfficiaControlConvertEfficiaQtLead2MdilTest (SingleLead,MCL,131403) row 13"
                time="0.0040959"/>
      <testcase classname="Philips.RootMain.Test.CertificateInstallMgrTest"
                name="ValidateCaThumbprintFail3Test"
                time="0.0043476"/>
      <testcase classname="Philips.PMP.Test.Auto.HolterWaveSupportTest"
                name="HolterWaveSupportEquality"
                time="0.0068418"/>
      <testcase classname="Philips.PMP.Test.Auto.CameraSystemQualifierTest"
                name="CameraSystemQualifierPassesWhenNoUsersConfigured"
                time="0.0323492"/>
      <testcase classname="Philips.PMP.Test.Auto.StitchTest"
                name="StitchAvailableTimeMappingList"
                time="0.0065743"/>
      <testcase classname="Philips.PMP.Test.Auto.PatientAssignmentControlTest"
                name="PatientAssignmentControlUpdatePatientUnitAdmitTimeField (True,True) row 1"
                time="0.0657947"/>
      <testcase classname="Philips.PMP.Test.Auto.PatientAssignmentControlTest"
                name="PatientAssignmentControlUpdatePatientUnitAdmitTimeField (True,False) row 2"
                time="0.0670289"/>
      <testcase classname="Philips.PMP.Test.Auto.PatientAssignmentControlTest"
                name="PatientAssignmentControlUpdatePatientUnitAdmitTimeField (False,True) row 3"
                time="0.0634354"/>
      <testcase classname="Philips.PMP.Test.Auto.PatientAssignmentControlTest"
                name="PatientAssignmentControlUpdatePatientUnitAdmitTimeField (False,False) row 4"
                time="0.058881"/>
      <testcase classname="Philips.PMP.Test.Auto.PacedPulsesFileMgrTest"
                name="PdxPacedPulsesFilesAreCorrect"
                time="0.0007741"/>
      <testcase classname="Philips.PMP.Test.Auto.PatientServiceCallbackMgrTest"
                name="CallbackMgrFunctionsWithBatchingTest"
                time="0.0058253"/>
      <testcase classname="Philips.CareEvent.Test.EventManagementProviderTests"
                name="AddDeviceForEventsTest"
                time="0.001946"/>
      <testcase classname="Philips.PMP.Test.Auto.PatientAssignmentControlCheckerTest"
                name="PatientAssignmentControlCheckerClearSectorButtonsStates (True) row 1"
                time="0.0030624"/>
      <testcase classname="Philips.PMP.Test.Auto.PatientAssignmentControlCheckerTest"
                name="PatientAssignmentControlCheckerClearSectorButtonsStates (False) row 2"
                time="0.0051734"/>
      <testcase classname="Philips.PMP.Test.Auto.ProfileProviderTest"
                name="RenameProfile"
                time="0.0110044"/>
      <testcase classname="Philips.PMP.Test.Auto.PatientDataExportConfigControlTest"
                name="PdxConnectionConfigAllowsEdittingOfExistingConnection"
                time="0.0617474"/>
      <testcase classname="Philips.PMP.Test.Auto.WebBrowserHelperTest"
                name="WillReturnNullForNullDeviceTest"
                time="0.0020388"/>
      <testcase classname="Philips.PMP.Test.Auto.ProtocolWatchTest"
                name="ProtocolWatchPatientMgrUpdatePatientProfileProtocolChangedTest"
                time="0.0049703"/>
      <testcase classname="Philips.PMP.LicenseService.Test.LicenseHostValidatorTest"
                name="LicenseValidatorValidateDataProcessingPreRequisites"
                time="0.0079041"/>
      <testcase classname="Philips.PMP.Test.Auto.SslAuthenticatorTest"
                name="SslAuthenticatorClient"
                time="0.0436855"/>
      <testcase classname="Philips.PMP.Test.Auto.MdilTimeDistributorTest"
                name="MdilTimeDistributorSendTimeToBoth"
                time="0.0022293"/>
      <testcase classname="Philips.PMP.Test.Auto.BedSubscriberTest"
                name="BedSubscriberCanCacheTimeWaves"
                time="0.0050449"/>
      <testcase classname="Philips.PMP.LicenseService.Test.EnterpriseLicenseProcessorTest"
                name="GetRemainingEnterpriseFeaturesWontCrashWithNoLicense"
                time="0.0015129"/>
      <testcase classname="Philips.PMP.Test.Auto.IheDriverWaveTest"
                name="UpdateWavesTest"
                time="0.003317"/>
      <testcase classname="Philips.PIC.SharedAssignment.Test.SharedAssignmentMgrTest"
                name="MapSharedAssignmentResourcesShouldProhibitUnitOrChargeRoleAssignments (False) row 1"
                time="0.0245192"/>
      <testcase classname="Philips.PIC.SharedAssignment.Test.SharedAssignmentMgrTest"
                name="MapSharedAssignmentResourcesShouldProhibitUnitOrChargeRoleAssignments (True) row 2"
                time="0.0038528"/>
      <testcase classname="Philips.PMP.Test.Auto.Hl7PreviouslySentMessageValuesTest"
                name="Hl7PreviouslySentMessageValuesDetermineMonitorState (False,Unknown,False,False,Unknown) row 1"
                time="0.002639"/>
      <testcase classname="Philips.PMP.Test.Auto.Hl7PreviouslySentMessageValuesTest"
                name="Hl7PreviouslySentMessageValuesDetermineMonitorState (False,Unknown,True,True,ConnectedObxMsgSent) row 2"
                time="0.0003578"/>
      <testcase classname="Philips.PMP.Test.Auto.Hl7PreviouslySentMessageValuesTest"
                name="Hl7PreviouslySentMessageValuesDetermineMonitorState (False,ConnectedObxMsgSent,False,True,DisconnectOBXMsgSent) row 3"
                time="0.0002871"/>
      <testcase classname="Philips.PMP.Test.Auto.Hl7PreviouslySentMessageValuesTest"
                name="Hl7PreviouslySentMessageValuesDetermineMonitorState (False,ConnectedObxMsgSent,True,False,ConnectedObxMsgSent) row 4"
                time="0.0002996"/>
      <testcase classname="Philips.PMP.Test.Auto.Hl7PreviouslySentMessageValuesTest"
                name="Hl7PreviouslySentMessageValuesDetermineMonitorState (False,DisconnectOBXMsgSent,False,False,DisconnectOBXMsgSent) row 5"
                time="0.0002783"/>
      <testcase classname="Philips.PMP.Test.Auto.Hl7PreviouslySentMessageValuesTest"
                name="Hl7PreviouslySentMessageValuesDetermineMonitorState (False,DisconnectOBXMsgSent,True,True,ConnectedObxMsgSent) row 6"
                time="0.0002687"/>
      <testcase classname="Philips.PMP.Test.Auto.Hl7PreviouslySentMessageValuesTest"
                name="Hl7PreviouslySentMessageValuesDetermineMonitorState (True,Unknown,False,True,ConnectedObxMsgSent) row 7"
                time="0.0003002"/>
      <testcase classname="Philips.PMP.Test.Auto.Hl7PreviouslySentMessageValuesTest"
                name="Hl7PreviouslySentMessageValuesDetermineMonitorState (True,Unknown,True,True,ConnectedObxMsgSent) row 8"
                time="0.0002696"/>
      <testcase classname="Philips.PMP.Test.Auto.Hl7PreviouslySentMessageValuesTest"
                name="Hl7PreviouslySentMessageValuesDetermineMonitorState (True,ConnectedObxMsgSent,False,False,ConnectedObxMsgSent) row 9"
                time="0.0002599"/>
      <testcase classname="Philips.PMP.Test.Auto.Hl7PreviouslySentMessageValuesTest"
                name="Hl7PreviouslySentMessageValuesDetermineMonitorState (True,ConnectedObxMsgSent,True,False,ConnectedObxMsgSent) row 10"
                time="0.0002765"/>
      <testcase classname="Philips.PMP.Test.Auto.Hl7PreviouslySentMessageValuesTest"
                name="Hl7PreviouslySentMessageValuesDetermineMonitorState (True,DisconnectOBXMsgSent,False,True,ConnectedObxMsgSent) row 11"
                time="0.0002726"/>
      <testcase classname="Philips.PMP.Test.Auto.Hl7PreviouslySentMessageValuesTest"
                name="Hl7PreviouslySentMessageValuesDetermineMonitorState (True,DisconnectOBXMsgSent,True,True,ConnectedObxMsgSent) row 12"
                time="0.0002514"/>
      <testcase classname="Philips.PIC.SharedAssignment.Test.SharedAssignmentMgrTest"
                name="ProcessMessageShouldWriteAcknowledgeResponseToStream"
                time="0.0125842"/>
      <testcase classname="Philips.PMP.Test.Auto.MasterHostSelectionChannelMgrTest"
                name="MasterHostSelectionChannelMgrDoesNotThrowExceptionWhenRequestingSubscriberInZoneWithNoCanidates"
                time="0.0039907"/>
      <testcase classname="Philips.PMP.Test.Auto.Hl7OruEncoderTest"
                name="BufferingOfTrendDataTest"
                time="0.0008184"/>
      <testcase classname="Philips.PMP.Test.Auto.PriorityCatalogProviderTest"
                name="PriorityStoreUnitProfile"
                time="0.1233018"/>
      <testcase classname="Philips.PMP.Test.Auto.ApmOsUpdateClientTest"
                name="ApmOsUpdateClientScanUpdateAndReportTest"
                time="0.0908304"/>
      <testcase classname="Philips.PMP.Test.Auto.RepositoryTest"
                name="TimeMappingsAreNotDeletedBefore72SecondsHavePassedTest"
                time="0.0059176"/>
      <testcase classname="Philips.PMP.Test.Auto.EventNotificationPatientLookUpTest"
                name="TryFindPatientByLifetimeIdShouldReturnTrueIfPatientFound (True,False) row 1"
                time="0.0036011"/>
      <testcase classname="Philips.PMP.Test.Auto.EventNotificationPatientLookUpTest"
                name="TryFindPatientByLifetimeIdShouldReturnTrueIfPatientFound (False,True) row 2"
                time="0.0022009"/>
      <testcase classname="Philips.PMP.Test.Auto.EventNotificationPatientLookUpTest"
                name="TryFindPatientByLifetimeIdShouldReturnTrueIfPatientFound (False,False) row 3"
                time="0.0009294"/>
      <testcase classname="Philips.PMP.Test.Auto.HL7ConnectionPropertyControlTest"
                name="HL7ProfileConnectionModeSelectionListTest (Ihe,QueryServer) row 1"
                time="0.0567655"/>
      <testcase classname="Philips.PMP.Test.Auto.HL7ConnectionPropertyControlTest"
                name="HL7ProfileConnectionModeSelectionListTest (Classic,AlarmClient) row 2"
                time="0.1319015"/>
      <testcase classname="Philips.PMP.Test.Auto.HL7ConnectionPropertyControlTest"
                name="HL7ProfileConnectionModeSelectionListTest (Classic,ValidateDataClient) row 3"
                time="0.1324714"/>
      <testcase classname="Philips.PMP.Test.Auto.HL7ConnectionPropertyControlTest"
                name="HL7ProfileConnectionModeSelectionListTest (Vista,AlarmClient) row 4"
                time="0.1357646"/>
      <testcase classname="Philips.PMP.Test.Auto.HL7ConnectionPropertyControlTest"
                name="HL7ProfileConnectionModeSelectionListTest (Vista,ValidateDataClient) row 5"
                time="0.1221819"/>
      <testcase classname="Philips.PMP.Test.Auto.SegmentedListTest"
                name="ArrayConstructorSetsValuesCorrectlyTest"
                time="0.0005889"/>
      <testcase classname="Philips.PMP.Test.Auto.AlertsTest"
                name="AlertsIsAcknowledgedTest (0,0,False) row 1"
                time="0.0005211"/>
      <testcase classname="Philips.PMP.Test.Auto.AlertsTest"
                name="AlertsIsAcknowledgedTest (PrimarySilenced,0,True) row 2"
                time="0.0003835"/>
      <testcase classname="Philips.PMP.Test.Auto.AlertsTest"
                name="AlertsIsAcknowledgedTest (PrimarySilenced,AlSilencedReset,True) row 3"
                time="0.0003262"/>
      <testcase classname="Philips.PMP.Test.Auto.AlertsTest"
                name="AlertsIsAcknowledgedTest (0,AlSilencedReset,True) row 4"
                time="0.0007311"/>
      <testcase classname="Philips.PMP.Test.Auto.AlertsTest"
                name="AlertsIsAcknowledgedTest (65527,61439,False) row 5"
                time="0.0005116"/>
      <testcase classname="Philips.PMP.Test.Auto.AlertsTest"
                name="AlertsIsAcknowledgedTest (PrimarySilenced, BedsideAudible,AlSilencedReset, AlLatched,True) row 6"
                time="0.0004671"/>
      <testcase classname="Philips.PMP.Test.Auto.ApmDataConverterTest"
                name="UptimeStatisticDataIsConverted"
                time="0.004715"/>
      <testcase classname="Philips.PMP.Test.Auto.LicenseExtensionsTest"
                name="LicenseExtensionsIsTopologyLicensed"
                time="0.0009292"/>
      <testcase classname="Philips.PMP.Test.Auto.AlertMgrTest"
                name="AlertMgrReportMobilityConnectionStateTest"
                time="0.0029665"/>
      <testcase classname="Philips.PMP.Test.Auto.PatientDataExportServiceTest"
                name="DemoPatientDataExportServiceTest"
                time="0.0057033"/>
      <testcase classname="Philips.PMP.Test.Auto.DbProviderCacheTest"
                name="DbTransactionCacheRollback"
                time="0.0331926"/>
      <testcase classname="Philips.CareEvent.Test.CallNumberManageControlTests"
                name="InitializeZoneTest"
                time="0.159976"/>
      <testcase classname="Philips.PMP.Test.Auto.ClinicalNotificationsManagedGatewayTest"
                name="ClinicalNotificationManagedGatewaySimFileTest (1,0) row 1"
                time="0.1200322"/>
      <testcase classname="Philips.PMP.Test.Auto.ClinicalNotificationsManagedGatewayTest"
                name="ClinicalNotificationManagedGatewaySimFileTest (1,1) row 2"
                time="0.0041455"/>
      <testcase classname="Philips.PMP.Test.Auto.ClinicalNotificationsManagedGatewayTest"
                name="ClinicalNotificationManagedGatewaySimFileTest (0,0) row 3"
                time="0.0034235"/>
      <testcase classname="Philips.PMP.Test.Auto.ClinicalNotificationsManagedGatewayTest"
                name="ClinicalNotificationManagedGatewaySimFileTest (0,1) row 4"
                time="0.0024011"/>
      <testcase classname="Philips.PMP.Test.Auto.ApmCollectorServiceTest"
                name="ApmCollectorServiceConnectToApmTest (True) row 1"
                time="0.1071327"/>
      <testcase classname="Philips.PMP.Test.Auto.ApmCollectorServiceTest"
                name="ApmCollectorServiceConnectToApmTest (False) row 2"
                time="0.0076727"/>
      <testcase classname="Philips.PMP.Test.Auto.MobilityDataConsumerTest"
                name="MobilityDataConsumerExitsEarlyWhenNoData"
                time="0.0014712"/>
      <testcase classname="Philips.PMP.Test.Auto.PatientSettingProviderTest"
                name="PatientSetttingProviderCreatesDeepyCopyOfSettings"
                time="0.0452272"/>
      <testcase classname="Philips.CareEvent.Test.MobileCarrierXmlProtocolSettingsTests"
                name="CipsCarrierTest"
                time="0.0005528"/>
      <testcase classname="Philips.PMP.Test.Auto.MobileInfoPatientTest"
                name="MobilePatientInfoTestWillCompareIsPacedConflict"
                time="0.0018635"/>
      <testcase classname="Philips.CareEvent.Test.CareTouchCommunicatorTests"
                name="ProcessSettingsRequestShouldNotSaveInvalidPushToken"
                time="0.007416"/>
      <testcase classname="Philips.PMP.Test.Auto.UserManagementProviderTest"
                name="ActiveDirectoryTest"
                time="0.4348713"/>
      <testcase classname="Philips.PMP.Test.Auto.TrendUploadDvcTest"
                name="MaximumDvcCanBeIgnoredWhenIsOnlyDvcTest"
                time="0.0030969"/>
      <testcase classname="Philips.PMP.Test.Auto.WaveProviderTest"
                name="WaveProviderOffsetQueryTest"
                time="0.039957"/>
      <testcase classname="Philips.PMP.Test.Auto.EcgTroubleshootingControlCheckerTest"
                name="EcgTroubleshootingControlCheckerPatientCheck"
                time="0.0252545"/>
      <testcase classname="Philips.PMP.Test.Auto.MaintenanceModeTransitionMgrTest"
                name="MaintenanceModeTransitionMgrSupportedTest (False,0,0,False) row 1"
                time="0.0173488"/>
      <testcase classname="Philips.PMP.Test.Auto.MaintenanceModeTransitionMgrTest"
                name="MaintenanceModeTransitionMgrSupportedTest (True,0,0,False) row 2"
                time="0.005717"/>
      <testcase classname="Philips.PMP.Test.Auto.MaintenanceModeTransitionMgrTest"
                name="MaintenanceModeTransitionMgrSupportedTest (True,10,5,True) row 3"
                time="0.0021065"/>
      <testcase classname="Philips.PMP.Test.Auto.MaintenanceModeTransitionMgrTest"
                name="MaintenanceModeTransitionMgrSupportedTest (False,10,5,False) row 4"
                time="0.0059389"/>
      <testcase classname="Philips.PMP.Test.Auto.MaintenanceModeTransitionMgrTest"
                name="MaintenanceModeTransitionMgrSupportedTest (True,5,10,False) row 5"
                time="0.0367251"/>
      <testcase classname="Philips.PIC.DataAcquisition.Test.SureSignsNotificationTest"
                name="SureSignsNotificationBuilderTryFindScoreInfoTest (False,False,False) row 1"
                time="0.0155736"/>
      <testcase classname="Philips.PIC.DataAcquisition.Test.SureSignsNotificationTest"
                name="SureSignsNotificationBuilderTryFindScoreInfoTest (True,False,False) row 2"
                time="0.0112264"/>
      <testcase classname="Philips.PIC.DataAcquisition.Test.SureSignsNotificationTest"
                name="SureSignsNotificationBuilderTryFindScoreInfoTest (True,True,True) row 3"
                time="0.002353"/>
      <testcase classname="Philips.PMP.Test.Auto.AlertNotificationClientMgrTest"
                name="SubscribeToEventUpdatesWhenConnected"
                time="0.0321962"/>
      <testcase classname="Philips.PMP.Test.Auto.UnitSettingsTest"
                name="ValidateDeviceControlArchiveInfoInvalidClinicalCulture"
                time="0.0103518"/>
      <testcase classname="Philips.PIC.WebBridge.Test.LicenseControllerTest"
                name="GetUnitWillSendOkResult"
                time="0.0216398"/>
      <testcase classname="Philips.PMP.Test.Auto.ControlRepositoryTest"
                name="ControlRepositoryNotifiesDaWhenPatientTelemetryProfileChanged (True) row 1"
                time="0.087456"/>
      <testcase classname="Philips.PMP.Test.Auto.ControlRepositoryTest"
                name="ControlRepositoryNotifiesDaWhenPatientTelemetryProfileChanged (False) row 2"
                time="0.0108775"/>
      <testcase classname="Philips.PMP.Test.Auto.PhysioDataServiceTimerTest"
                name="PhysioDataServiceTimerTimerIntervalCanBeZero"
                time="0.0054441"/>
      <testcase classname="Philips.PMP.Test.Auto.SolutionSettingsTest"
                name="ProjectFileSettingsNewAndOldFormatsAreNotMixed"
                time="0.4065783"/>
      <testcase classname="Philips.PMP.Test.Auto.UserManagementProviderTest"
                name="UserManagemenGetProviderNotesLocation (True) row 1"
                time="0.6453715"/>
      <testcase classname="Philips.PMP.Test.Auto.UserManagementProviderTest"
                name="UserManagemenGetProviderNotesLocation (False) row 2"
                time="0.5600391"/>
      <testcase classname="Philips.PMP.Test.Auto.PhysioDataDisplayHelperTest"
                name="GetStGuidTest"
                time="0.0004415"/>
      <testcase classname="Philips.PMP.Test.Auto.EnumerationProviderTest"
                name="EnumerationProviderStoreQuantums"
                time="0.0348789"/>
      <testcase classname="Philips.PMP.Test.Auto.PhysioDataComparisonTest"
                name="EcgSaPresentationDifferentTest"
                time="0.0005374"/>
      <testcase classname="Philips.PMP.Test.Auto.DbFifoTest"
                name="PatientCensusColumnConfigFifoTest"
                time="0.0219889"/>
      <testcase classname="Philips.PMP.Test.Auto.InfoEventProviderTest"
                name="InfoEventPurgeEnd"
                time="0.0500668"/>
      <testcase classname="Philips.PMP.Test.Auto.TimeWaveProviderTest"
                name="TimeWaveStTwoQuanta"
                time="0.0757578"/>
      <testcase classname="Philips.PMP.Test.Auto.RepositoryTest"
                name="RepositoryGetDataCallReturnsAllAperiodicsInIntervalTest"
                time="0.0095328"/>
      <testcase classname="Philips.PMP.Test.Auto.PatientProviderTest"
                name="GetMyPatientIdFieldsTest"
                time="0.2465359"/>
      <testcase classname="Philips.PMP.Test.Auto.Hl7ConnectionTest"
                name="Hl7BuildAndSendHl7MessageMakeSureWeCallForDataTest"
                time="0.1005939"/>
      <testcase classname="Philips.PMP.Test.Auto.ProtocolWatchSyncAlgorithmTest"
                name="ProtocolWatchSyncUpdateIpmRunningNoiXSupportedTest"
                time="0.0049209"/>
      <testcase classname="Philips.PMP.Test.Auto.NotificationSettingProviderTest"
                name="RemoveAllNotificationRoleShouldSaveAndGetSuccessful"
                time="0.0067622"/>
      <testcase classname="Philips.PMP.Test.Auto.UserManagementProviderTest"
                name="AuthorizeTest"
                time="0.4835429"/>
      <testcase classname="Philips.CareEvent.Test.NurseCallMgrTest"
                name="EventPreprocessingTests"
                time="0.0122411"/>
      <testcase classname="Philips.PMP.LicenseService.Test.EnterpriseFeatureMapTest"
                name="IsEnterpriseFeatureTest (Developer,True) row 1"
                time="0.0090077"/>
      <testcase classname="Philips.PMP.LicenseService.Test.EnterpriseFeatureMapTest"
                name="IsEnterpriseFeatureTest (NonDedicated,True) row 2"
                time="0.0009502"/>
      <testcase classname="Philips.PMP.LicenseService.Test.EnterpriseFeatureMapTest"
                name="IsEnterpriseFeatureTest (DMO,True) row 3"
                time="0.0005434"/>
      <testcase classname="Philips.PMP.LicenseService.Test.EnterpriseFeatureMapTest"
                name="IsEnterpriseFeatureTest (CCL,True) row 4"
                time="0.0207594"/>
      <testcase classname="Philips.PMP.LicenseService.Test.EnterpriseFeatureMapTest"
                name="IsEnterpriseFeatureTest (WLD,True) row 5"
                time="0.0050304"/>
      <testcase classname="Philips.PMP.LicenseService.Test.EnterpriseFeatureMapTest"
                name="IsEnterpriseFeatureTest (MP0,True) row 6"
                time="0.0120203"/>
      <testcase classname="Philips.PMP.LicenseService.Test.EnterpriseFeatureMapTest"
                name="IsEnterpriseFeatureTest (MP1,True) row 7"
                time="0.0082054"/>
      <testcase classname="Philips.PMP.LicenseService.Test.EnterpriseFeatureMapTest"
                name="IsEnterpriseFeatureTest (MP2,True) row 8"
                time="0.0139708"/>
      <testcase classname="Philips.PMP.LicenseService.Test.EnterpriseFeatureMapTest"
                name="IsEnterpriseFeatureTest (MP3,True) row 9"
                time="0.009227"/>
      <testcase classname="Philips.PMP.LicenseService.Test.EnterpriseFeatureMapTest"
                name="IsEnterpriseFeatureTest (MP6,True) row 10"
                time="0.0020388"/>
      <testcase classname="Philips.PMP.LicenseService.Test.EnterpriseFeatureMapTest"
                name="IsEnterpriseFeatureTest (PDX,True) row 11"
                time="0.0002974"/>
      <testcase classname="Philips.PMP.LicenseService.Test.EnterpriseFeatureMapTest"
                name="IsEnterpriseFeatureTest (MP7,True) row 12"
                time="0.0002499"/>
      <testcase classname="Philips.PMP.LicenseService.Test.EnterpriseFeatureMapTest"
                name="IsEnterpriseFeatureTest (TST,True) row 13"
                time="0.0002477"/>
      <testcase classname="Philips.PMP.LicenseService.Test.EnterpriseFeatureMapTest"
                name="IsEnterpriseFeatureTest (SC1,True) row 14"
                time="0.0002493"/>
      <testcase classname="Philips.PMP.LicenseService.Test.EnterpriseFeatureMapTest"
                name="IsEnterpriseFeatureTest (PWD,True) row 15"
                time="0.0002532"/>
      <testcase classname="Philips.PMP.LicenseService.Test.EnterpriseFeatureMapTest"
                name="IsEnterpriseFeatureTest (ACO,True) row 16"
                time="0.0002565"/>
      <testcase classname="Philips.PMP.LicenseService.Test.EnterpriseFeatureMapTest"
                name="IsEnterpriseFeatureTest (ACL,True) row 17"
                time="0.0004154"/>
      <testcase classname="Philips.PMP.LicenseService.Test.EnterpriseFeatureMapTest"
                name="IsEnterpriseFeatureTest (C14,False) row 18"
                time="0.0003424"/>
      <testcase classname="Philips.PMP.LicenseService.Test.EnterpriseFeatureMapTest"
                name="IsEnterpriseFeatureTest (PCV,False) row 19"
                time="0.0003381"/>
      <testcase classname="Philips.PMP.Test.Auto.TelemdilTrendUploadMgrTest"
                name="TelemdilTrendUploadErrorHandlerDoesntParseInfinitely"
                time="0.0014653"/>
      <testcase classname="Philips.PMP.Test.Auto.PatientDateTimeHelperTest"
                name="PatientDateTimeHelperGetMinimumPatientDOB"
                time="0.0006606"/>
      <testcase classname="Philips.PMP.Test.Auto.UserAccountQualifierTest"
                name="UserAccountQualifierShouldExist (True,True) row 1"
                time="0.0019908"/>
      <testcase classname="Philips.PMP.Test.Auto.UserAccountQualifierTest"
                name="UserAccountQualifierShouldExist (True,False) row 2"
                time="0.0218865"/>
      <testcase classname="Philips.PMP.Test.Auto.UserAccountQualifierTest"
                name="UserAccountQualifierShouldExist (False,True) row 3"
                time="0.0111528"/>
      <testcase classname="Philips.PMP.Test.Auto.UserAccountQualifierTest"
                name="UserAccountQualifierShouldExist (False,False) row 4"
                time="0.0017928"/>
      <testcase classname="Philips.PMP.Test.Auto.PatientWorkflowControlHelperTest"
                name="PatientWorkflowControlHelperGetAdtWorkflow"
                time="0.0015225"/>
      <testcase classname="Philips.PIC.WebBridge.Test.WaveStripReportGeneratorTest"
                name="WillGetAlertForAnExistingAlert"
                time="0.0010784"/>
      <testcase classname="Philips.PMP.Test.Auto.EventGroupProviderTest"
                name="EventGroupsWithMultipleDefinitionsTest"
                time="0.0059535"/>
      <testcase classname="Philips.PMP.Test.Auto.PatientDemographicsUpdaterTest"
                name="PatientDemographicsUpdaterUpdate (StringA,StringB,StringA,True,False,False,True,StringA,StringB,False,True) row 1"
                time="0.0034401"/>
      <testcase classname="Philips.PMP.Test.Auto.PatientDemographicsUpdaterTest"
                name="PatientDemographicsUpdaterUpdate (StringA,StringB,StringC,True,False,False,True,StringC,StringC,False,False) row 2"
                time="0.0005331"/>
      <testcase classname="Philips.PMP.Test.Auto.PatientDemographicsUpdaterTest"
                name="PatientDemographicsUpdaterUpdate (StringA,StringB,StringC,False,True,True,False,StringC,StringC,False,False) row 3"
                time="0.0005094"/>
      <testcase classname="Philips.PMP.Test.Auto.PatientDemographicsUpdaterTest"
                name="PatientDemographicsUpdaterUpdate (StringA,StringB,StringC,False,True,False,False,StringC,StringC,False,False) row 4"
                time="0.0006904"/>
      <testcase classname="Philips.PMP.Test.Auto.PatientDemographicsUpdaterTest"
                name="PatientDemographicsUpdaterUpdate (StringA,StringB,StringC,True,True,False,False,StringC,StringC,False,False) row 5"
                time="0.0011289"/>
      <testcase classname="Philips.PMP.Test.Auto.PatientDemographicsUpdaterTest"
                name="PatientDemographicsUpdaterUpdate (StringA,StringA,StringA,True,True,False,False,StringA,StringA,False,False) row 6"
                time="0.0005625"/>
      <testcase classname="Philips.PMP.Test.Auto.PatientDemographicsUpdaterTest"
                name="PatientDemographicsUpdaterUpdate (StringA,StringA,StringA,False,True,False,False,StringA,StringA,False,False) row 7"
                time="0.0003908"/>
      <testcase classname="Philips.PMP.Test.Auto.PatientDemographicsUpdaterTest"
                name="PatientDemographicsUpdaterUpdate (StringA,StringB,StringA,True,True,False,False,StringA,StringA,False,False) row 8"
                time="0.000353"/>
      <testcase classname="Philips.PMP.Test.Auto.PatientDemographicsUpdaterTest"
                name="PatientDemographicsUpdaterUpdate (StringA,StringB,StringA,False,True,False,False,StringA,StringA,False,False) row 9"
                time="0.0003627"/>
      <testcase classname="Philips.PMP.Test.Auto.PatientDemographicsUpdaterTest"
                name="PatientDemographicsUpdaterUpdate (StringA,StringB,StringC,False,False,False,False,StringC,StringC,False,False) row 10"
                time="0.00037"/>
      <testcase classname="Philips.PMP.Test.Auto.PatientDemographicsUpdaterTest"
                name="PatientDemographicsUpdaterUpdate (StringA,StringB,StringC,True,False,False,False,StringC,StringC,False,False) row 11"
                time="0.0003722"/>
      <testcase classname="Philips.PMP.Test.Auto.PatientDemographicsUpdaterTest"
                name="PatientDemographicsUpdaterUpdate (StringA,StringA,StringA,True,False,False,False,StringA,StringA,False,False) row 12"
                time="0.0003552"/>
      <testcase classname="Philips.PMP.Test.Auto.PatientDemographicsUpdaterTest"
                name="PatientDemographicsUpdaterUpdate (StringA,StringA,StringA,False,False,False,False,StringA,StringA,False,False) row 13"
                time="0.000339"/>
      <testcase classname="Philips.PMP.Test.Auto.PatientDemographicsUpdaterTest"
                name="PatientDemographicsUpdaterUpdate (StringA,StringB,StringA,True,False,False,False,StringB,StringB,True,True) row 14"
                time="0.0003546"/>
      <testcase classname="Philips.PMP.Test.Auto.PatientDemographicsUpdaterTest"
                name="PatientDemographicsUpdaterUpdate (StringA,StringB,StringA,False,False,False,False,StringA,StringA,False,False) row 15"
                time="0.0003325"/>
      <testcase classname="Philips.PMP.Test.Auto.EnumerationProviderTest"
                name="EnumerationProviderMergeLabelTextIds136875"
                time="0.0392468"/>
      <testcase classname="Philips.PMP.Test.Auto.EcgDeriverTest"
                name="RealTimeDeriverDoesntCrashWhenNoWavesGivenTest"
                time="0.0011817"/>
      <testcase classname="Philips.PMP.Test.Auto.IntelliBridgeDeviceManagerTest"
                name="IHEDeviceDataMgrClearsPhysioDataCachesWhenOffline"
                time="0.0176092"/>
      <testcase classname="Philips.PMP.Test.Auto.UserManagementProviderTest"
                name="StoreScheduledMessageUser"
                time="0.0048331"/>
      <testcase classname="Philips.PMP.Test.Auto.PhysioDataServiceTest"
                name="PhysioDataServiceIbsAlarmAudioDeterminerLoadSettingsTest"
                time="0.0066757"/>
      <testcase classname="Philips.PMP.Test.Auto.ArchiveExportControlTest"
                name="ArchiveExportControlCanBeReadOnly (True) row 1"
                time="0.0802218"/>
      <testcase classname="Philips.PMP.Test.Auto.ArchiveExportControlTest"
                name="ArchiveExportControlCanBeReadOnly (False) row 2"
                time="0.0213772"/>
      <testcase classname="Philips.PMP.Test.Auto.BedToBedOverviewWavePriorityProviderTest"
                name="MissingUnitReturnsFactoryDefaultWavePriority"
                time="0.0022196"/>
      <testcase classname="Philips.PMP.Test.Auto.RemoteSupportHelperTest"
                name="UltraVncBuiltinAdminAccessTest"
                time="0.0023587"/>
      <testcase classname="Philips.PMP.Test.Auto.CaregiverAssignmentProviderTest"
                name="GetNurse"
                time="0.3535871"/>
      <testcase classname="Philips.PMP.Test.Auto.PhysioDataServiceTest"
                name="PhysioDataServiceLocateRepositoryByPatientIdTest (False,False) row 1"
                time="0.0035203"/>
      <testcase classname="Philips.PMP.Test.Auto.PhysioDataServiceTest"
                name="PhysioDataServiceLocateRepositoryByPatientIdTest (True,False) row 2"
                time="0.0056095"/>
      <testcase classname="Philips.PMP.Test.Auto.PhysioDataServiceTest"
                name="PhysioDataServiceLocateRepositoryByPatientIdTest (True,True) row 3"
                time="0.0044969"/>
      <testcase classname="Philips.PMP.Test.Auto.ApmCrashSummaryDirectoryMonitorTest"
                name="ApmCrashSummaryDirectoryReturnsSummary"
                time="0.0079079"/>
      <testcase classname="Philips.PMP.Test.Auto.EventCategorySettingsMgrTest"
                name="ImpactOfParentSettingChange"
                time="0.0082412"/>
      <testcase classname="Philips.PMP.Test.Auto.EventWorkflowServiceMgrTest"
                name="EventMonitorCallbackForBedsConfiguredInEventMonitor (True) row 1"
                time="0.1664586"/>
      <testcase classname="Philips.PMP.Test.Auto.EventWorkflowServiceMgrTest"
                name="EventMonitorCallbackForBedsConfiguredInEventMonitor (False) row 2"
                time="0.0014332"/>
      <testcase classname="Philips.PMP.Test.Auto.TeleProfileHelperTest"
                name="TeleProfileHelperCheckAuthorization (True,True,True) row 1"
                time="0.0020072"/>
      <testcase classname="Philips.PMP.Test.Auto.TeleProfileHelperTest"
                name="TeleProfileHelperCheckAuthorization (True,False,False) row 2"
                time="0.0007821"/>
      <testcase classname="Philips.PMP.Test.Auto.TeleProfileHelperTest"
                name="TeleProfileHelperCheckAuthorization (False,False,False) row 3"
                time="0.0075157"/>
      <testcase classname="Philips.PMP.Test.Auto.TeleProfileHelperTest"
                name="TeleProfileHelperCheckAuthorization (False,True,False) row 4"
                time="0.0007705"/>
      <testcase classname="Philips.PMP.Test.Auto.NumericProviderTest"
                name="NumericProviderPeriodicReceivedPhysioDataTime"
                time="0.3209343"/>
      <testcase classname="Philips.PMP.Test.Auto.W32TimeStatusTest"
                name="ParseNoTimeSync"
                time="0.0005987"/>
      <testcase classname="Philips.PMP.Test.Auto.LocalizedResourcesTest"
                name="AssemblyResourceUsageValidation (Philips.Platform.StringList,Philips.Platform.StringHashSet) row 1"
                time="0.0624766"/>
      <testcase classname="Philips.PMP.Test.Auto.HostAccessAndPermissionsCheckerTest"
                name="HostAccessAndPermissionsCheckerShouldEnableList (False,AccessToDeskTop,True,SilenceRedAlarms,True) row 1"
                time="0.0037897"/>
      <testcase classname="Philips.PMP.Test.Auto.HostAccessAndPermissionsCheckerTest"
                name="HostAccessAndPermissionsCheckerShouldEnableList (True,AccessToDeskTop,True,SilenceRedAlarms,True) row 2"
                time="0.0046087"/>
      <testcase classname="Philips.PMP.Test.Auto.HostAccessAndPermissionsCheckerTest"
                name="HostAccessAndPermissionsCheckerShouldEnableList (True,AccessToDeskTop,False,SilenceRedAlarms,True) row 3"
                time="0.0046774"/>
      <testcase classname="Philips.PMP.Test.Auto.HostAccessAndPermissionsCheckerTest"
                name="HostAccessAndPermissionsCheckerShouldEnableList (True,AccessToDeskTop,True,SilenceRedAlarms,False) row 4"
                time="0.0034332"/>
      <testcase classname="Philips.PMP.Test.Auto.Hl7ValidatedDataSenderTest"
                name="Hl7ValidatedDataSendTest"
                time="0.0324007"/>
      <testcase classname="Philips.PMP.Test.Auto.MobileBedSubscriberTest"
                name="MobileBedSubscriberHasConsumer"
                time="0.0220779"/>
      <testcase classname="Philips.PMP.Test.Auto.EcgAnalysisControlTest"
                name="EcgAnalysisControlIsEcgAnalysisAvailable (True,False,True) row 1"
                time="0.0514781"/>
      <testcase classname="Philips.PMP.Test.Auto.EcgAnalysisControlTest"
                name="EcgAnalysisControlIsEcgAnalysisAvailable (False,True,True) row 2"
                time="0.0377402"/>
      <testcase classname="Philips.PMP.Test.Auto.EcgAnalysisControlTest"
                name="EcgAnalysisControlIsEcgAnalysisAvailable (True,True,True) row 3"
                time="0.0448395"/>
      <testcase classname="Philips.PMP.Test.Auto.EcgAnalysisControlTest"
                name="EcgAnalysisControlIsEcgAnalysisAvailable (True,True,False) row 4"
                time="0.0406132"/>
      <testcase classname="Philips.PMP.Test.Auto.EcgAnalysisControlTest"
                name="EcgAnalysisControlIsEcgAnalysisAvailable (True,False,False) row 5"
                time="0.040293"/>
      <testcase classname="Philips.PMP.Test.Auto.EcgAnalysisControlTest"
                name="EcgAnalysisControlIsEcgAnalysisAvailable (False,True,False) row 6"
                time="0.0376547"/>
      <testcase classname="Philips.PMP.Test.Auto.EcgAnalysisControlTest"
                name="EcgAnalysisControlIsEcgAnalysisAvailable (False,False,False) row 7"
                time="0.0423246"/>
      <testcase classname="Philips.PMP.Test.Auto.OutboundAdtMgrTest"
                name="OutboundAdtMgrDisposesTcpSender"
                time="0.0014087"/>
      <testcase classname="Philips.PMP.Test.Auto.UserManagementProviderTest"
                name="GetZoneRoleAssignmentsByUserTest"
                time="0.2860433"/>
      <testcase classname="Philips.PMP.Test.Auto.TopologyChangeAggregatorTest"
                name="TopologyChangeAggregatorStartupSubscriptionTest (True,1) row 1"
                time="0.0045589"/>
      <testcase classname="Philips.PMP.Test.Auto.TopologyChangeAggregatorTest"
                name="TopologyChangeAggregatorStartupSubscriptionTest (False,0) row 2"
                time="0.0018084"/>
      <testcase classname="Philips.CareEvent.Test.LocationRoleCareAssignmentControlTests"
                name="UpdatePendingAssignmentsForSingleCaregiverRoleMergesCorrectly (Assign,True) row 1"
                time="0.0145496"/>
      <testcase classname="Philips.CareEvent.Test.LocationRoleCareAssignmentControlTests"
                name="UpdatePendingAssignmentsForSingleCaregiverRoleMergesCorrectly (Assign,False) row 2"
                time="0.0112268"/>
      <testcase classname="Philips.CareEvent.Test.LocationRoleCareAssignmentControlTests"
                name="UpdatePendingAssignmentsForSingleCaregiverRoleMergesCorrectly (Unassign,False) row 3"
                time="0.0124864"/>
      <testcase classname="Philips.PMP.Test.Auto.DbEngineTest"
                name="TransactionTestOuterFailInnerOk"
                time="0.0121785"/>
      <testcase classname="Philips.PMP.Test.Auto.ComplexMetricProviderTest"
                name="ComplexMetricProviderObservationIdTest"
                time="0.0282917"/>
      <testcase classname="Philips.PMP.Test.Auto.NumericProviderTest"
                name="NumericProviderSubCompoundTest"
                time="1.2085018"/>
      <testcase classname="Philips.PMP.Test.Auto.SurveillanceHelperTest"
                name="PrintRealTimeStripDoesntCrashOnNoDataTest"
                time="0.2685445"/>
      <testcase classname="Philips.PMP.Test.Auto.SystemKeyAccessorTest"
                name="GetKeyBasedOnHostIfKeyDoesNotExistInTheService"
                time="0.0078795"/>
      <testcase classname="Philips.PMP.Test.Auto.PhysioDataDisplayHelperTest"
                name="GetMetricValueStringTest"
                time="0.001398"/>
      <testcase classname="Philips.PMP.Test.Auto.PatientDataExportStorageTest"
                name="PdxAlertContainsCorrectEndTimeAndLabel"
                time="0.024924"/>
      <testcase classname="Philips.CareEvent.Test.CeQualificationProviderTest"
                name="GetBridgeServiceHostQualiersTest"
                time="0.0022107"/>
      <testcase classname="Philips.PMP.Test.Auto.EventCatalogProviderTest"
                name="GetAssignedEventCategoriesToDisplay (2C8066C0-8F27-4C6E-9706-0B660EB23FBA,True) row 1"
                time="0.1287953"/>
      <testcase classname="Philips.PMP.Test.Auto.EventCatalogProviderTest"
                name="GetAssignedEventCategoriesToDisplay (2C8066C0-8F27-4C6E-9706-0B660EB23FBA,False) row 2"
                time="0.1307593"/>
      <testcase classname="Philips.PMP.Test.Auto.WatchdogHelperTest"
                name="CheckCommandTypeDifferences"
                time="0.0030224"/>
      <testcase classname="Philips.PMP.Test.Auto.EventCategorySettingsProviderTest"
                name="CopyFromUnitThatDoNotHaveCustomCategoryToUnitThatHasCustomCategory"
                time="0.6976346"/>
      <testcase classname="Philips.PMP.Test.Auto.EventCatalogTreePopulatorTests"
                name="GetCategoriesShouldFindACategory"
                time="0.0054036"/>
      <testcase classname="Philips.PIC.RfidReader.Test.PcProxReaderCommTest"
                name="PcProxReaderCommStartRfidDataReceivedTest"
                time="0.0321651"/>
      <testcase classname="Philips.CareEvent.Test.ApplicationMainFormTest"
                name="ApplicationMainFormBackButton"
                time="0.4366743"/>
      <testcase classname="Philips.PMP.Test.Auto.RepositoryTest"
                name="IbsAddAvailableDataTriggersConfigChangeTest"
                time="0.0006215"/>
      <testcase classname="Philips.PIC.SharedAssignment.Test.SharedAssignmentMgrTest"
                name="SharedAssignmentServiceMgrValidate"
                time="0.0997905"/>
      <testcase classname="Philips.PMP.Test.Auto.EcgFilterAvailableHelperTest"
                name="EcgFilterAvailableHelperGetPortal5KDeviceIds"
                time="0.0060052"/>
      <testcase classname="Philips.PMP.Test.Auto.InstitutionTreeControlTest"
                name="InstitutionTreeControlShouldReplaceFakeBed"
                time="0.0101787"/>
      <testcase classname="Philips.CareEvent.Test.EventMgrTest"
                name="DoNotStoreEventWithNoPPMAndNonMonitorBeds (True,True,False) row 1"
                time="0.0493866"/>
      <testcase classname="Philips.CareEvent.Test.EventMgrTest"
                name="DoNotStoreEventWithNoPPMAndNonMonitorBeds (True,True,True) row 2"
                time="0.0059768"/>
      <testcase classname="Philips.CareEvent.Test.EventMgrTest"
                name="DoNotStoreEventWithNoPPMAndNonMonitorBeds (True,False,False) row 3"
                time="0.0050933"/>
      <testcase classname="Philips.PMP.Test.Auto.AutoAdtConfigControlHelperTest"
                name="GetEntitiesTest"
                time="0.0172206"/>
      <testcase classname="Philips.PIC.WebBridge.Test.TokenMgrTest"
                name="TryGetTokenNoSeperatorTest"
                time="0.0010341"/>
      <testcase classname="Philips.PMP.Test.Auto.PatientDataExportTest"
                name="ComplexMetricMultipleTest"
                time="0.0203344"/>
      <testcase classname="Philips.PMP.Test.Auto.MyHostPerPatientHandlerTest"
                name="MyHostPerPatientHandlerStop"
                time="0.0017236"/>
      <testcase classname="Philips.PMP.Test.Auto.IntelliBridgeLanDaTest"
                name="IntelliBridgeLanDaAddGetDeviceException"
                time="0.0063609"/>
      <testcase classname="Philips.PMP.Test.Auto.TopologyTreeControlTest"
                name="TopologyTreeControlDatabaseTopologySource"
                time="0.2416042"/>
      <testcase classname="Philips.PIC.SharedAssignment.Test.SharedAssignmentMgrTest"
                name="ShareAssignmentMgrShouldPingIbeAtRegularIntervals (False) row 1"
                time="0.0043308"/>
      <testcase classname="Philips.PIC.SharedAssignment.Test.SharedAssignmentMgrTest"
                name="ShareAssignmentMgrShouldPingIbeAtRegularIntervals (True) row 2"
                time="0.0011862"/>
      <testcase classname="Philips.PMP.Test.Auto.Hl7OruEncoderTest"
                name="IgnoreSpotCheckAperiodicsFromEmrTest"
                time="0.0005565"/>
      <testcase classname="Philips.PMP.Test.Auto.InstitutionControlValidatorTest"
                name="InstitutionControlValidatorValidateFacilityId"
                time="0.0018948"/>
      <testcase classname="Philips.PMP.Test.Auto.SurveillanceHelperTest"
                name="EfficiaEnumerationRhythmStatusResetsCorrectlyEfficiaTest"
                time="0.0017324"/>
      <testcase classname="Philips.PMP.Test.Auto.PatientDataExportTierTwoTest"
                name="TierTwoExportCopyTableTest"
                time="0.0502432"/>
      <testcase classname="Philips.PMP.Test.Auto.LocalSecurityPolicyQualifierTest"
                name="LocalSecurityPolicyConfiguredDefenderExclusions"
                time="0.003051"/>
      <testcase classname="Philips.PMP.Test.Auto.DeviceStatusHelperTest"
                name="GetFilterValuesTest"
                time="0.0071992"/>
      <testcase classname="Philips.PMP.Test.Auto.Hl7OruEncoderTest"
                name="Hl7OruEncoderChannelTest"
                time="0.0073829"/>
      <testcase classname="Philips.PMP.Test.Auto.SystemPerformanceTest"
                name="DeleteSettingConfigB"
                time="0.7366468"/>
      <testcase classname="Philips.PMP.Test.Auto.UdiControlTest"
                name="UdiControlDisplaysReleaseVersion"
                time="0.1541062"/>
      <testcase classname="Philips.PMP.Test.Auto.Ecg12LeadProviderTest"
                name="Ecg12LeadProviderUpdateLockStatus"
                time="0.0884383"/>
      <testcase classname="Philips.PMP.Test.Auto.ApplicationNavigationControlTest"
                name="ApplicationNavigationMainScreenClick (False,False,False) row 1"
                time="0.10439"/>
      <testcase classname="Philips.PMP.Test.Auto.ApplicationNavigationControlTest"
                name="ApplicationNavigationMainScreenClick (True,False,False) row 2"
                time="0.0115606"/>
      <testcase classname="Philips.PMP.Test.Auto.ApplicationNavigationControlTest"
                name="ApplicationNavigationMainScreenClick (True,False,True) row 3"
                time="0.0116121"/>
      <testcase classname="Philips.PMP.Test.Auto.ApplicationNavigationControlTest"
                name="ApplicationNavigationMainScreenClick (True,True,False) row 4"
                time="0.011589"/>
      <testcase classname="Philips.PMP.Test.Auto.ApplicationNavigationControlTest"
                name="ApplicationNavigationMainScreenClick (True,True,True) row 5"
                time="0.0117959"/>
      <testcase classname="Philips.PMP.Test.Auto.ApplicationFrameworkHelperTest"
                name="IsReviewApplicationTest"
                time="0.2504256"/>
      <testcase classname="Philips.PMP.Test.Auto.Ecg12LeadServiceTest"
                name="Ecg12LeadServiceRetrieveExportDataTest (False,False,False) row 1"
                time="0.0082389"/>
      <testcase classname="Philips.PMP.Test.Auto.Ecg12LeadServiceTest"
                name="Ecg12LeadServiceRetrieveExportDataTest (True,False,False) row 2"
                time="0.0027993"/>
      <testcase classname="Philips.PMP.Test.Auto.Ecg12LeadServiceTest"
                name="Ecg12LeadServiceRetrieveExportDataTest (True,True,True) row 3"
                time="0.0027298"/>
      <testcase classname="Philips.PMP.Test.Auto.WaveFrequencyConverterTest"
                name="FillSampleDeviationDetails"
                time="0.0004536"/>
      <testcase classname="Philips.PMP.Test.Auto.SpotCheckHelperTest"
                name="SpotCheckHelperIsScoreEnumerationWithDeteriorationTest (194954,True,True) row 1"
                time="0.0005258"/>
      <testcase classname="Philips.PMP.Test.Auto.SpotCheckHelperTest"
                name="SpotCheckHelperIsScoreEnumerationWithDeteriorationTest (195058,True,True) row 2"
                time="0.0003618"/>
      <testcase classname="Philips.PMP.Test.Auto.SpotCheckHelperTest"
                name="SpotCheckHelperIsScoreEnumerationWithDeteriorationTest (195057,True,True) row 3"
                time="0.0002828"/>
      <testcase classname="Philips.PMP.Test.Auto.SpotCheckHelperTest"
                name="SpotCheckHelperIsScoreEnumerationWithDeteriorationTest (193134,True,True) row 4"
                time="0.0003025"/>
      <testcase classname="Philips.PMP.Test.Auto.SpotCheckHelperTest"
                name="SpotCheckHelperIsScoreEnumerationWithDeteriorationTest (195135,True,True) row 5"
                time="0.0002801"/>
      <testcase classname="Philips.PMP.Test.Auto.SpotCheckHelperTest"
                name="SpotCheckHelperIsScoreEnumerationWithDeteriorationTest (195136,True,True) row 6"
                time="0.0002812"/>
      <testcase classname="Philips.PMP.Test.Auto.SpotCheckHelperTest"
                name="SpotCheckHelperIsScoreEnumerationWithDeteriorationTest (194954,False,True) row 7"
                time="0.0003332"/>
      <testcase classname="Philips.PMP.Test.Auto.SpotCheckHelperTest"
                name="SpotCheckHelperIsScoreEnumerationWithDeteriorationTest (195058,False,True) row 8"
                time="0.000409"/>
      <testcase classname="Philips.PMP.Test.Auto.SpotCheckHelperTest"
                name="SpotCheckHelperIsScoreEnumerationWithDeteriorationTest (195057,False,True) row 9"
                time="0.0003656"/>
      <testcase classname="Philips.PMP.Test.Auto.SpotCheckHelperTest"
                name="SpotCheckHelperIsScoreEnumerationWithDeteriorationTest (193134,False,False) row 10"
                time="0.0003684"/>
      <testcase classname="Philips.PMP.Test.Auto.SpotCheckHelperTest"
                name="SpotCheckHelperIsScoreEnumerationWithDeteriorationTest (195135,False,False) row 11"
                time="0.000308"/>
      <testcase classname="Philips.PMP.Test.Auto.SpotCheckHelperTest"
                name="SpotCheckHelperIsScoreEnumerationWithDeteriorationTest (195136,False,False) row 12"
                time="0.0002957"/>
      <testcase classname="Philips.PMP.Test.Auto.CaregiverAssignmentProviderTest"
                name="UserRoleChangeEventTest"
                time="0.0085017"/>
      <testcase classname="Philips.PMP.Test.Auto.AlarisAGWDriverTest"
                name="AlarisGatewayTileHelperTest (Drive Disengaged,AlarmHigh) row 1"
                time="0.0025255"/>
      <testcase classname="Philips.PMP.Test.Auto.AlarisAGWDriverTest"
                name="AlarisGatewayTileHelperTest (Near End Of Infusion,CautionLow) row 2"
                time="0.0004306"/>
      <testcase classname="Philips.PMP.Test.Auto.AlarisAGWDriverTest"
                name="AlarisGatewayTileHelperTest (VTBI Done - Continue,Warning) row 3"
                time="0.0005429"/>
      <testcase classname="Philips.PMP.Test.Auto.TeleProfileHelperTest"
                name="ChangeEntryTest"
                time="0.0014697"/>
      <testcase classname="Philips.PMP.Test.Auto.Hl7MessageBuilderTest"
                name="Hl7CreateNumericMessageEmptyResultTest"
                time="0.1972985"/>
      <testcase classname="Philips.PMP.Test.Auto.ProtocolWatchConversionsTest"
                name="ProtocolWatchFillTreeInfoForSpotCheckRecord"
                time="0.0010782"/>
      <testcase classname="Philips.PMP.Test.Auto.PatientZoneFinderTest"
                name="PatientZoneFinderGetZone"
                time="0.0009115"/>
      <testcase classname="Philips.PMP.Test.Auto.ApmDataConverterTest"
                name="ApmDataConverterGetMonitorConfigurationLldpTest (False) row 1"
                time="0.0049938"/>
      <testcase classname="Philips.PMP.Test.Auto.ApmDataConverterTest"
                name="ApmDataConverterGetMonitorConfigurationLldpTest (True) row 2"
                time="0.001073"/>
      <testcase classname="Philips.PMP.LicenseService.Test.MonitorDeviceAssignmentCheckerTest"
                name="DeviceConnectivityTest (DelphiHigh9In,MP0,True) row 1"
                time="0.1860795"/>
      <testcase classname="Philips.PMP.LicenseService.Test.MonitorDeviceAssignmentCheckerTest"
                name="DeviceConnectivityTest (DelphiHigh9In,MP1,True) row 2"
                time="0.0004124"/>
      <testcase classname="Philips.PMP.LicenseService.Test.MonitorDeviceAssignmentCheckerTest"
                name="DeviceConnectivityTest (DelphiHigh12In,MP1,True) row 3"
                time="0.0010968"/>
      <testcase classname="Philips.PMP.LicenseService.Test.MonitorDeviceAssignmentCheckerTest"
                name="DeviceConnectivityTest (DelphiHigh12In,MP0,False) row 4"
                time="0.0003851"/>
      <testcase classname="Philips.PMP.LicenseService.Test.MonitorDeviceAssignmentCheckerTest"
                name="DeviceConnectivityTest (EvolineMid,MP0,True) row 5"
                time="0.0004039"/>
      <testcase classname="Philips.PMP.LicenseService.Test.MonitorDeviceAssignmentCheckerTest"
                name="DeviceConnectivityTest (EvolineMid,MP1,True) row 6"
                time="0.0005057"/>
      <testcase classname="Philips.PMP.LicenseService.Test.MonitorDeviceAssignmentCheckerTest"
                name="DeviceConnectivityTest (EvolineMid,MP7,True) row 7"
                time="0.0003465"/>
      <testcase classname="Philips.PMP.LicenseService.Test.MonitorDeviceAssignmentCheckerTest"
                name="DeviceConnectivityTest (Efficia,MP0,False) row 8"
                time="0.0004065"/>
      <testcase classname="Philips.PMP.LicenseService.Test.MonitorDeviceAssignmentCheckerTest"
                name="DeviceConnectivityTest (Efficia,MP7,True) row 9"
                time="0.0003451"/>
      <testcase classname="Philips.PMP.LicenseService.Test.MonitorDeviceAssignmentCheckerTest"
                name="DeviceConnectivityTest (Portal5000,MP1,True) row 10"
                time="0.0005521"/>
      <testcase classname="Philips.PMP.LicenseService.Test.MonitorDeviceAssignmentCheckerTest"
                name="DeviceConnectivityTest (Portal5000,MP0,False) row 11"
                time="0.0004668"/>
      <testcase classname="Philips.PMP.LicenseService.Test.MonitorDeviceAssignmentCheckerTest"
                name="DeviceConnectivityTest (Mx750,MP2,True) row 12"
                time="0.0011098"/>
      <testcase classname="Philips.PMP.LicenseService.Test.MonitorDeviceAssignmentCheckerTest"
                name="DeviceConnectivityTest (Mx750,MP1,False) row 13"
                time="0.0004022"/>
      <testcase classname="Philips.PMP.LicenseService.Test.MonitorDeviceAssignmentCheckerTest"
                name="DeviceConnectivityTest (Mx850,MP3,True) row 14"
                time="0.0010361"/>
      <testcase classname="Philips.PMP.LicenseService.Test.MonitorDeviceAssignmentCheckerTest"
                name="DeviceConnectivityTest (Mx850,MP2,False) row 15"
                time="0.0004182"/>
      <testcase classname="Philips.PMP.Test.Auto.SqlCrashReportMonitorTest"
                name="SqlCrashMonitorLoadsCrashesFromDiskOnFirstAccess"
                time="0.1812201"/>
      <testcase classname="Philips.PMP.Test.Auto.ApmCrashSummaryDirectoryMonitorTest"
                name="ApmCrashSummaryMonitorDoesntDuplicateFiles (True) row 1"
                time="0.0072604"/>
      <testcase classname="Philips.PMP.Test.Auto.ApmCrashSummaryDirectoryMonitorTest"
                name="ApmCrashSummaryMonitorDoesntDuplicateFiles (False) row 2"
                time="0.0084389"/>
      <testcase classname="Philips.PMP.Test.Auto.EventCatalogProviderTest"
                name="SourceCodeTextIdSeverityKeyInequalityTest (1,1,1,Cyan,2,1,1,Cyan) row 1"
                time="0.0016731"/>
      <testcase classname="Philips.PMP.Test.Auto.EventCatalogProviderTest"
                name="SourceCodeTextIdSeverityKeyInequalityTest (1,1,1,Cyan,1,2,1,Cyan) row 2"
                time="0.0004309"/>
      <testcase classname="Philips.PMP.Test.Auto.EventCatalogProviderTest"
                name="SourceCodeTextIdSeverityKeyInequalityTest (1,1,1,Cyan,1,1,2,Cyan) row 3"
                time="0.0003975"/>
      <testcase classname="Philips.PMP.Test.Auto.EventCatalogProviderTest"
                name="SourceCodeTextIdSeverityKeyInequalityTest (1,1,1,Cyan,1,1,1,Informational) row 4"
                time="0.0003314"/>
      <testcase classname="Philips.PIC.WebBridge.Test.StripDataControllerTest"
                name="WillExportNotableIntervalTest (False) row 1"
                time="0.0031731"/>
      <testcase classname="Philips.PIC.WebBridge.Test.StripDataControllerTest"
                name="WillExportNotableIntervalTest (True) row 2"
                time="0.0013027"/>
      <testcase classname="Philips.PMP.Test.Auto.CaregiverAssignmentProviderTest"
                name="ClearAssignments"
                time="0.3060356"/>
      <testcase classname="Philips.PMP.Test.Auto.PatientDataExportStorageTest"
                name="PdxStoreDataWithSubSourceDevice"
                time="0.0312225"/>
      <testcase classname="Philips.PMP.Test.Auto.QualificationProviderTest"
                name="SupportStationQualification"
                time="0.0017484"/>
      <testcase classname="Philips.PMP.Test.Auto.AcpmpQualifierTest"
                name="AcpmpQualifierHasCorrectDisplayName"
                time="0.0093926"/>
      <testcase classname="Philips.PMP.Test.Auto.Hl7OutboundServiceMgrTest"
                name="Hl7OutboundServiceMgrProcesValidatedDataTest (True,True,monitoringHost) row 1"
                time="0.0264182"/>
      <testcase classname="Philips.PMP.Test.Auto.Hl7OutboundServiceMgrTest"
                name="Hl7OutboundServiceMgrProcesValidatedDataTest (True,False,monitoringHost) row 2"
                time="0.0022976"/>
      <testcase classname="Philips.PMP.Test.Auto.Hl7OutboundServiceMgrTest"
                name="Hl7OutboundServiceMgrProcesValidatedDataTest (False,False,monitoringHost) row 3"
                time="0.0030158"/>
      <testcase classname="Philips.PMP.Test.Auto.Hl7OutboundServiceMgrTest"
                name="Hl7OutboundServiceMgrProcesValidatedDataTest (False,True,gateway) row 4"
                time="0.0023059"/>
      <testcase classname="Philips.PMP.Test.Auto.FirewallProviderTest"
                name="FirewallProviderIncludesExclusion (PubSub) row 1"
                time="0.0071636"/>
      <testcase classname="Philips.PMP.Test.Auto.FirewallProviderTest"
                name="FirewallProviderIncludesExclusion (WCF) row 2"
                time="0.0018176"/>
      <testcase classname="Philips.PMP.Test.Auto.FirewallProviderTest"
                name="FirewallProviderIncludesExclusion (RemoteDesktop) row 3"
                time="0.0018033"/>
      <testcase classname="Philips.PMP.Test.Auto.FirewallProviderTest"
                name="FirewallProviderIncludesExclusion (NetBios) row 4"
                time="0.0016965"/>
      <testcase classname="Philips.PMP.Test.Auto.FirewallProviderTest"
                name="FirewallProviderIncludesExclusion (Fileshare) row 5"
                time="0.0016796"/>
      <testcase classname="Philips.PMP.Test.Auto.FirewallProviderTest"
                name="FirewallProviderIncludesExclusion (DNS) row 6"
                time="0.0016457"/>
      <testcase classname="Philips.PMP.Test.Auto.FirewallProviderTest"
                name="FirewallProviderIncludesExclusion (CardioSave) row 7"
                time="0.0016517"/>
      <testcase classname="Philips.PMP.Test.Auto.FirewallProviderTest"
                name="FirewallProviderIncludesExclusion (WMI) row 8"
                time="0.0016545"/>
      <testcase classname="Philips.PMP.Test.Auto.FirewallProviderTest"
                name="FirewallProviderIncludesExclusion (WMI) row 9"
                time="0.0053085"/>
      <testcase classname="Philips.PMP.Test.Auto.FirewallProviderTest"
                name="FirewallProviderIncludesExclusion (XDS Printing) row 10"
                time="0.0023824"/>
      <testcase classname="Philips.PMP.Test.Auto.FirewallProviderTest"
                name="FirewallProviderIncludesExclusion (ICMP-EchoRequest) row 11"
                time="0.0017438"/>
      <testcase classname="Philips.PMP.Test.Auto.FirewallProviderTest"
                name="FirewallProviderIncludesExclusion (ServiceHost) row 12"
                time="0.0017732"/>
      <testcase classname="Philips.PMP.Test.Auto.FirewallProviderTest"
                name="FirewallProviderIncludesExclusion (BedSim) row 13"
                time="0.0017938"/>
      <testcase classname="Philips.PMP.Test.Auto.FirewallProviderTest"
                name="FirewallProviderIncludesExclusion (HL7ToolBox) row 14"
                time="0.0016842"/>
      <testcase classname="Philips.PMP.Test.Auto.FirewallProviderTest"
                name="FirewallProviderIncludesExclusion (UltraVNC) row 15"
                time="0.0016718"/>
      <testcase classname="Philips.PMP.Test.Auto.FirewallProviderTest"
                name="FirewallProviderIncludesExclusion (HL7Mirror) row 16"
                time="0.0016024"/>
      <testcase classname="Philips.PIC.WebBridge.Test.InstitutionsControllerTest"
                name="GetInstitutionsErrorTest"
                time="0.0010211"/>
      <testcase classname="Philips.PMP.Test.Auto.StandaloneOptionsQualifierTest"
                name="MethodVerifyWillSucceedIfUnitIsAlreadyAssignedWithLicense"
                time="0.0181893"/>
      <testcase classname="Philips.PMP.Test.Auto.PatientServiceSearchTest"
                name="PatientServiceGetHisPatientTest"
                time="0.0104564"/>
      <testcase classname="Philips.PIC.DataAcquisition.Test.SureSignsValidationProcessorTest"
                name="SureSignsProcessValidationRequestTest (,False,True,False,Sent) row 1"
                time="1.3404366"/>
      <testcase classname="Philips.PIC.DataAcquisition.Test.SureSignsValidationProcessorTest"
                name="SureSignsProcessValidationRequestTest (Created,False,True,False,Sent) row 2"
                time="0.0072672"/>
      <testcase classname="Philips.PIC.DataAcquisition.Test.SureSignsValidationProcessorTest"
                name="SureSignsProcessValidationRequestTest (Created,False,False,True,Created) row 3"
                time="0.0054325"/>
      <testcase classname="Philips.PIC.DataAcquisition.Test.SureSignsValidationProcessorTest"
                name="SureSignsProcessValidationRequestTest (Validated,True,True,False,Sent) row 4"
                time="0.0067764"/>
      <testcase classname="Philips.PIC.DataAcquisition.Test.SureSignsValidationProcessorTest"
                name="SureSignsProcessValidationRequestTest (Validated,False,False,True,Validated) row 5"
                time="0.0052092"/>
      <testcase classname="Philips.PIC.DataAcquisition.Test.SureSignsValidationProcessorTest"
                name="SureSignsProcessValidationRequestTest (Validated,True,True,True,Validated) row 6"
                time="0.0047105"/>
      <testcase classname="Philips.PMP.Test.Auto.SystemPerformanceTest"
                name="GetProfileAssignedToNonExistingHost"
                time="0.0022441"/>
      <testcase classname="Philips.PMP.Test.Auto.MobileDataHelperTest"
                name="MobileDataIsSourceCompleteTest (System.Byte[],monitorSerial,System.Byte[],mdsSerial,System.Byte[],vmdSerial,1,1,1,System.Byte[],vmdSerial) row 1"
                time="0.0005418"/>
      <testcase classname="Philips.PMP.Test.Auto.MobileDataHelperTest"
                name="MobileDataIsSourceCompleteTest (System.Byte[],,System.Byte[],,System.Byte[],,1,1,1,System.Byte[],) row 2"
                time="0.000502"/>
      <testcase classname="Philips.PMP.Test.Auto.MobileDataHelperTest"
                name="MobileDataIsSourceCompleteTest (System.Byte[],monitorSerial,System.Byte[],mdsSerial,System.Byte[],vmdSerial,1,1,1,System.Byte[],vmdSerial) row 3"
                time="0.0004975"/>
      <testcase classname="Philips.PMP.Test.Auto.MobileDataHelperTest"
                name="MobileDataIsSourceCompleteTest (System.Byte[],,System.Byte[],,System.Byte[],,0,0,0,System.Byte[],) row 4"
                time="0.0004849"/>
      <testcase classname="Philips.PMP.Test.Auto.MobileDataHelperTest"
                name="MobileDataIsSourceCompleteTest (System.Byte[],,System.Byte[],,System.Byte[],vmdSerial,1,0,0,System.Byte[],vmdSerial) row 5"
                time="0.0004858"/>
      <testcase classname="Philips.PMP.Test.Auto.MobileDataHelperTest"
                name="MobileDataIsSourceCompleteTest (System.Byte[],,System.Byte[],,System.Byte[],,1,0,0,System.Byte[],) row 6"
                time="0.0004854"/>
      <testcase classname="Philips.PMP.Test.Auto.MobileDataHelperTest"
                name="MobileDataIsSourceCompleteTest (System.Byte[],monitorSerial,System.Byte[],,System.Byte[],,1,0,0,System.Byte[],monitorSerial) row 7"
                time="0.000485"/>
      <testcase classname="Philips.PMP.Test.Auto.MobileDataHelperTest"
                name="MobileDataIsSourceCompleteTest (System.Byte[],monitorSerial,System.Byte[],,System.Byte[],,1,0,0,System.Byte[],monitorSerial) row 8"
                time="0.0004607"/>
      <testcase classname="Philips.PMP.Test.Auto.MobileDataHelperTest"
                name="MobileDataIsSourceCompleteTest (System.Byte[],monitorSerial,System.Byte[],mdsSerial,System.Byte[],,1,1,0,System.Byte[],mdsSerial) row 9"
                time="0.0004749"/>
      <testcase classname="Philips.PMP.Test.Auto.MobileDataHelperTest"
                name="MobileDataIsSourceCompleteTest (System.Byte[],monitorSerial,System.Byte[],,System.Byte[],vmdSerial,1,1,0,System.Byte[],vmdSerial) row 10"
                time="0.0004808"/>
      <testcase classname="Philips.PMP.Test.Auto.MobileDataHelperTest"
                name="MobileDataIsSourceCompleteTest (System.Byte[],,System.Byte[],mdsSerial,System.Byte[],vmdSerial,1,1,0,System.Byte[],vmdSerial) row 11"
                time="0.0004777"/>
      <testcase classname="Philips.PMP.Test.Auto.SpotCheckValidationStorerTest"
                name="AuditSpotCheckValidation (EXPORTED_TO_EMR_SUCCESS,True,False,False) row 1"
                time="0.0229378"/>
      <testcase classname="Philips.PMP.Test.Auto.SpotCheckValidationStorerTest"
                name="AuditSpotCheckValidation (TRANSFER_FAIL,False,False,False) row 2"
                time="0.0419641"/>
      <testcase classname="Philips.PMP.Test.Auto.SpotCheckValidationStorerTest"
                name="AuditSpotCheckValidation (VALIDATED,True,False,False) row 3"
                time="0.0260905"/>
      <testcase classname="Philips.PMP.Test.Auto.SpotCheckValidationStorerTest"
                name="AuditSpotCheckValidation (EXPORTED_TO_IGS_SUCCESS,False,False,False) row 4"
                time="0.0237453"/>
      <testcase classname="Philips.PMP.Test.Auto.SpotCheckValidationStorerTest"
                name="AuditSpotCheckValidation (EXPORTED_TO_EMR_SUCCESS,True,False,True) row 5"
                time="0.01929"/>
      <testcase classname="Philips.PMP.Test.Auto.SpotCheckValidationStorerTest"
                name="AuditSpotCheckValidation (EXPORTED_TO_EMR_SUCCESS,False,True,True) row 6"
                time="0.0207953"/>
      <testcase classname="Philips.PMP.Test.Auto.SpotCheckValidationStorerTest"
                name="AuditSpotCheckValidation (TRANSFER_FAIL,False,False,True) row 7"
                time="0.0330231"/>
      <testcase classname="Philips.PMP.Test.Auto.SpotCheckValidationStorerTest"
                name="AuditSpotCheckValidation (TRANSFER_FAIL,False,True,True) row 8"
                time="0.0088599"/>
      <testcase classname="Philips.PMP.Test.Auto.SpotCheckValidationStorerTest"
                name="AuditSpotCheckValidation (VALIDATED,True,False,True) row 9"
                time="0.0218862"/>
      <testcase classname="Philips.PMP.Test.Auto.SpotCheckValidationStorerTest"
                name="AuditSpotCheckValidation (EXPORTED_TO_IGS_SUCCESS,False,False,True) row 10"
                time="0.0066865"/>
      <testcase classname="Philips.CareEvent.Test.RingtoneMetadataTest"
                name="RingtoneMetadataShouldParseLowBitRate (LowBitRate,True) row 1"
                time="0.0144971"/>
      <testcase classname="Philips.CareEvent.Test.RingtoneMetadataTest"
                name="RingtoneMetadataShouldParseLowBitRate (NormalFile,False) row 2"
                time="0.0019756"/>
      <testcase classname="Philips.PMP.Test.Auto.EventCatalogTreePopulatorTests"
                name="GetCategoriesShouldFindACategoryShouldContainOtherCategory"
                time="0.0035239"/>
      <testcase classname="Philips.PMP.Test.Auto.TransportEventGeneratorTest"
                name="IsAlertRelevantToWaveTest"
                time="0.0088049"/>
      <testcase classname="Philips.PMP.Test.Auto.DataValidationProviderTest"
                name="EmptyListOfSpotCheckObservationIdsDoesNotCallDb"
                time="0.0022154"/>
      <testcase classname="Philips.PMP.Test.Auto.HostLicenseProcessorTest"
                name="IsConfigurationFeatureLicensedWhenUnlicensedTest"
                time="0.0232644"/>
      <testcase classname="Philips.PMP.Test.Auto.CaregiverAssignmentProviderTest"
                name="LocationAssignmentResultsShouldContainFavoriteBeds"
                time="0.0156492"/>
      <testcase classname="Philips.PMP.Test.Auto.WebQualifierTest"
                name="FailOnAppPoolNotStartedTest"
                time="0.0052626"/>
      <testcase classname="Philips.PMP.Test.Auto.EventNotificationPatientLookUpTest"
                name="TryFindPatientByBedShouldReturnTrueIfPatientFound (True,False) row 1"
                time="0.0026932"/>
      <testcase classname="Philips.PMP.Test.Auto.EventNotificationPatientLookUpTest"
                name="TryFindPatientByBedShouldReturnTrueIfPatientFound (False,True) row 2"
                time="0.002632"/>
      <testcase classname="Philips.PMP.Test.Auto.EventNotificationPatientLookUpTest"
                name="TryFindPatientByBedShouldReturnTrueIfPatientFound (False,False) row 3"
                time="0.0004887"/>
      <testcase classname="Philips.PMP.Test.Auto.RepositoryWaveTest"
                name="NoArgumentExceptionOnDuplicateGetTest"
                time="0.0005805"/>
      <testcase classname="Philips.PMP.Test.Auto.CiReceiverTest"
                name="CiReceiverShutsDownReceiverThread"
                time="0.0113427"/>
      <testcase classname="Philips.PMP.Test.Auto.OverviewSessionMgrTest"
                name="OverviewSessionMgrMoreWavesTest (False) row 1"
                time="0.0803227"/>
      <testcase classname="Philips.PMP.Test.Auto.OverviewSessionMgrTest"
                name="OverviewSessionMgrMoreWavesTest (True) row 2"
                time="0.0025505"/>
      <testcase classname="Philips.CareEvent.Test.EventWorkflowServiceMgrTests"
                name="CheckNotificationServerIsCalledForEventWorkflowProxy"
                time="0.1809666"/>
      <testcase classname="Philips.PMP.Test.Auto.CatalogHelperTest"
                name="FindParentFromChild"
                time="0.0020768"/>
      <testcase classname="Philips.PMP.Test.Auto.PatientDataExportFileTest"
                name="PdxNumericFileHasExpectedName"
                time="0.1031324"/>
      <testcase classname="Philips.PMP.Test.Auto.ReportingServiceTest"
                name="OnScheduleDueReportTest (UnitSummary) row 1"
                time="0.0578298"/>
      <testcase classname="Philips.PMP.Test.Auto.ReportingServiceTest"
                name="OnScheduleDueReportTest (TabularTrend) row 2"
                time="0.0087358"/>
      <testcase classname="Philips.PMP.Test.Auto.ReportingServiceTest"
                name="OnScheduleDueReportTest (EcgStatistics) row 3"
                time="0.0073599"/>
      <testcase classname="Philips.PMP.Test.Auto.ReportingServiceTest"
                name="OnScheduleDueReportTest (Alarm) row 4"
                time="0.0060288"/>
      <testcase classname="Philips.PMP.Test.Auto.ReportingServiceTest"
                name="OnScheduleDueReportTest (PatientSummary) row 5"
                time="0.0047765"/>
      <testcase classname="Philips.PMP.Test.Auto.ReportingServiceTest"
                name="OnScheduleDueReportTest (AlarmSummary) row 6"
                time="0.0050372"/>
      <testcase classname="Philips.PMP.Test.Auto.ArchiveControlTest"
                name="ArchiveControlChecksRequiredFields (True,True,True,True) row 1"
                time="0.0678571"/>
      <testcase classname="Philips.PMP.Test.Auto.ArchiveControlTest"
                name="ArchiveControlChecksRequiredFields (True,False,False,True) row 2"
                time="0.0699521"/>
      <testcase classname="Philips.PMP.Test.Auto.ArchiveControlTest"
                name="ArchiveControlChecksRequiredFields (True,False,True,True) row 3"
                time="0.0816962"/>
      <testcase classname="Philips.PMP.Test.Auto.ArchiveControlTest"
                name="ArchiveControlChecksRequiredFields (False,True,False,False) row 4"
                time="0.0474402"/>
      <testcase classname="Philips.PMP.Test.Auto.ArchiveControlTest"
                name="ArchiveControlChecksRequiredFields (False,True,True,False) row 5"
                time="0.0481533"/>
      <testcase classname="Philips.PMP.Test.Auto.ArchiveControlTest"
                name="ArchiveControlChecksRequiredFields (False,False,False,False) row 6"
                time="0.0497701"/>
      <testcase classname="Philips.PMP.Test.Auto.ApmCrashDumpSummaryGeneratorTest"
                name="ApmCrashDumpSummaryGeneratorWillHandleThrownException"
                time="0.0020595"/>
      <testcase classname="Philips.PMP.Test.Auto.PhysioDataComparisonTest"
                name="TimeWaveQueryEqualityTest"
                time="0.0004935"/>
      <testcase classname="Philips.PMP.Test.Auto.DhcpLeaseStatusCheckerTest"
                name="IsDhcpLeaseInformationChangedScenarioTest"
                time="0.0064987"/>
      <testcase classname="Philips.PMP.Test.Auto.IntelliBridgeProviderTest"
                name="IsAcpmpInUseByLanServerTest (False) row 1"
                time="0.0065668"/>
      <testcase classname="Philips.PMP.Test.Auto.IntelliBridgeProviderTest"
                name="IsAcpmpInUseByLanServerTest (True) row 2"
                time="0.0065083"/>
      <testcase classname="Philips.PMP.Test.Auto.StitchTest"
                name="AlertStitchTest"
                time="0.0086282"/>
      <testcase classname="Philips.PMP.Test.Auto.SolutionSettingsTest"
                name="SolutionSettingsHostProjectsHavex64Config"
                time="0.3018795"/>
      <testcase classname="Philips.PMP.Test.Auto.PhysioDataServiceServiceMgrTest"
                name="PhysioDataServiceMetricMgrCanAddUpdateDeleteNewMetricsWithPatient"
                time="0.0192887"/>
      <testcase classname="Philips.PMP.Test.Auto.PatientServiceTest"
                name="PatientServiceAssignBedLicenseTest (True) row 1"
                time="0.0199541"/>
      <testcase classname="Philips.PMP.Test.Auto.PatientServiceTest"
                name="PatientServiceAssignBedLicenseTest (False) row 2"
                time="0.0039103"/>
      <testcase classname="Philips.PMP.Test.Auto.StarTypeConverterTest"
                name="GetBandwidthTypeValidateConversions"
                time="0.0514749"/>
      <testcase classname="Philips.PMP.Test.Auto.LsaAccessServiceTest"
                name="LsaAccessServiceMgrRequestsLocalProxy (True) row 1"
                time="0.0664407"/>
      <testcase classname="Philips.PMP.Test.Auto.LsaAccessServiceTest"
                name="LsaAccessServiceMgrRequestsLocalProxy (False) row 2"
                time="0.0083348"/>
      <testcase classname="Philips.PMP.Test.Auto.LocalizationTests"
                name="LocalizedKeyColumnTest (Philips.PIC.Primary,Philips.PMP.PlatformServices.DbLocalizationHelper) row 1"
                time="0.3022143"/>
      <testcase classname="Philips.PMP.Test.Auto.LocalizationTests"
                name="LocalizedKeyColumnTest (Philips.PIC.Diagnostics,Philips.PMP.PlatformServices.DbLocalizationHelper) row 2"
                time="0.0252405"/>
      <testcase classname="Philips.PMP.Test.Auto.LocalizationTests"
                name="LocalizedKeyColumnTest (Philips.PIC.Physio,Philips.PMP.PlatformServices.DbLocalizationHelper) row 3"
                time="0.0215104"/>
      <testcase classname="Philips.PMP.Test.Auto.LocalizationTests"
                name="LocalizedKeyColumnTest (Philips.PIC.Audit,Philips.PMP.PlatformServices.DbLocalizationHelper) row 4"
                time="0.0211048"/>
      <testcase classname="Philips.PMP.Test.Auto.LocalizationTests"
                name="LocalizedKeyColumnTest (Philips.PIC.Ringtone,Philips.PMP.PlatformServices.DbLocalizationHelper) row 5"
                time="0.0211088"/>
      <testcase classname="Philips.PMP.Test.Auto.LocalizationTests"
                name="LocalizedKeyColumnTest (Philips.PIC.EventWorkflow,Philips.PMP.PlatformServices.DbLocalizationHelper) row 6"
                time="0.0391225"/>
      <testcase classname="Philips.PMP.Test.Auto.UnitPermissionsControlTest"
                name="UnitPermissionsControlNodesChecked"
                time="0.1672118"/>
      <testcase classname="Philips.PMP.Test.Auto.MobileDataHelperTest"
                name="MobileDataHelperGetSourceDeviceNotInBed"
                time="0.0018455"/>
      <testcase classname="Philips.PMP.Test.Auto.AlertProviderTest"
                name="AlertProviderReviewUpdate"
                time="0.0272304"/>
      <testcase classname="Philips.PMP.Test.Auto.SurveillanceSectorMgrTest"
                name="SurveillancePatientAssignmentsTest"
                time="0.4799463"/>
      <testcase classname="Philips.PMP.Test.Auto.DeviceProviderTest"
                name="UpdateSwitchPortIdentifierTest"
                time="0.2519722"/>
      <testcase classname="Philips.PMP.Test.Auto.RolesControlTest"
                name="RoleControlDeleteRole (True,No,0,2,0) row 1"
                time="0.0485726"/>
      <testcase classname="Philips.PMP.Test.Auto.RolesControlTest"
                name="RoleControlDeleteRole (False,No,1,2,0) row 2"
                time="0.0451021"/>
      <testcase classname="Philips.PMP.Test.Auto.RolesControlTest"
                name="RoleControlDeleteRole (False,Yes,1,1,1) row 3"
                time="0.0433174"/>
      <testcase classname="Philips.PMP.Test.Auto.EntityLicenseExtensionsTest"
                name="EntityLicenseExtensionsIsLargeServer"
                time="0.0010687"/>
      <testcase classname="Philips.PMP.Test.Auto.TimeWaveProviderTest"
                name="TimeWaveStoreOneST"
                time="0.1312961"/>
      <testcase classname="Philips.PMP.Test.Auto.IntelliBridgeAllowedNumericsTest"
                name="IntelliBridgeAllowedNumericsIsAllowedTest2 (192893,True) row 1"
                time="0.0113574"/>
      <testcase classname="Philips.PMP.Test.Auto.IntelliBridgeAllowedNumericsTest"
                name="IntelliBridgeAllowedNumericsIsAllowedTest2 (192915,False) row 2"
                time="0.0005605"/>
      <testcase classname="Philips.PMP.Test.Auto.IntelliBridgeAllowedNumericsTest"
                name="IntelliBridgeAllowedNumericsIsAllowedTest2 (192880,False) row 3"
                time="0.0005905"/>
      <testcase classname="Philips.PMP.Test.Auto.IntelliBridgeAllowedNumericsTest"
                name="IntelliBridgeAllowedNumericsIsAllowedTest2 (192881,False) row 4"
                time="0.0005258"/>
      <testcase classname="Philips.PMP.Test.Auto.IntelliBridgeAllowedNumericsTest"
                name="IntelliBridgeAllowedNumericsIsAllowedTest2 (192899,False) row 5"
                time="0.000519"/>
      <testcase classname="Philips.PMP.Test.Auto.IntelliBridgeAllowedNumericsTest"
                name="IntelliBridgeAllowedNumericsIsAllowedTest2 (192926,False) row 6"
                time="0.0004889"/>
      <testcase classname="Philips.PMP.Test.Auto.IntelliBridgeAllowedNumericsTest"
                name="IntelliBridgeAllowedNumericsIsAllowedTest2 (151856,True) row 7"
                time="0.0005582"/>
      <testcase classname="Philips.PMP.Test.Auto.IntelliBridgeAllowedNumericsTest"
                name="IntelliBridgeAllowedNumericsIsAllowedTest2 (151904,False) row 8"
                time="0.0122309"/>
      <testcase classname="Philips.PMP.Test.Auto.IntelliBridgeAllowedNumericsTest"
                name="IntelliBridgeAllowedNumericsIsAllowedTest2 (194932,False) row 9"
                time="0.0016507"/>
      <testcase classname="Philips.PMP.Test.Auto.IntelliBridgeAllowedNumericsTest"
                name="IntelliBridgeAllowedNumericsIsAllowedTest2 (194933,False) row 10"
                time="0.0004222"/>
      <testcase classname="Philips.PMP.Test.Auto.IntelliBridgeAllowedNumericsTest"
                name="IntelliBridgeAllowedNumericsIsAllowedTest2 (194934,False) row 11"
                time="0.0004749"/>
      <testcase classname="Philips.PMP.Test.Auto.IntelliBridgeAllowedNumericsTest"
                name="IntelliBridgeAllowedNumericsIsAllowedTest2 (194935,False) row 12"
                time="0.0006361"/>
      <testcase classname="Philips.PMP.Test.Auto.IntelliBridgeAllowedNumericsTest"
                name="IntelliBridgeAllowedNumericsIsAllowedTest2 (194936,False) row 13"
                time="0.0008587"/>
      <testcase classname="Philips.PMP.Test.Auto.IntelliBridgeAllowedNumericsTest"
                name="IntelliBridgeAllowedNumericsIsAllowedTest2 (194937,False) row 14"
                time="0.0006624"/>
      <testcase classname="Philips.PMP.Test.Auto.IntelliBridgeAllowedNumericsTest"
                name="IntelliBridgeAllowedNumericsIsAllowedTest2 (194920,True) row 15"
                time="0.0004502"/>
      <testcase classname="Philips.PMP.Test.Auto.IntelliBridgeAllowedNumericsTest"
                name="IntelliBridgeAllowedNumericsIsAllowedTest2 (194924,True) row 16"
                time="0.0005235"/>
      <testcase classname="Philips.PMP.Test.Auto.IntelliBridgeAllowedNumericsTest"
                name="IntelliBridgeAllowedNumericsIsAllowedTest2 (194928,True) row 17"
                time="0.0003676"/>
      <testcase classname="Philips.PMP.Test.Auto.IntelliBridgeAllowedNumericsTest"
                name="IntelliBridgeAllowedNumericsIsAllowedTest2 (194938,False) row 18"
                time="0.0004144"/>
      <testcase classname="Philips.PMP.Test.Auto.IntelliBridgeAllowedNumericsTest"
                name="IntelliBridgeAllowedNumericsIsAllowedTest2 (194939,False) row 19"
                time="0.000378"/>
      <testcase classname="Philips.PMP.Test.Auto.IntelliBridgeAllowedNumericsTest"
                name="IntelliBridgeAllowedNumericsIsAllowedTest2 (194940,False) row 20"
                time="0.0005673"/>
      <testcase classname="Philips.PMP.Test.Auto.IntelliBridgeAllowedNumericsTest"
                name="IntelliBridgeAllowedNumericsIsAllowedTest2 (194941,False) row 21"
                time="0.000548"/>
      <testcase classname="Philips.PMP.Test.Auto.IntelliBridgeAllowedNumericsTest"
                name="IntelliBridgeAllowedNumericsIsAllowedTest2 (194942,False) row 22"
                time="0.0004105"/>
      <testcase classname="Philips.PMP.Test.Auto.IntelliBridgeAllowedNumericsTest"
                name="IntelliBridgeAllowedNumericsIsAllowedTest2 (194943,False) row 23"
                time="0.0004313"/>
      <testcase classname="Philips.PMP.Test.Auto.IntelliBridgeAllowedNumericsTest"
                name="IntelliBridgeAllowedNumericsIsAllowedTest2 (194944,False) row 24"
                time="0.000379"/>
      <testcase classname="Philips.PMP.Test.Auto.IntelliBridgeAllowedNumericsTest"
                name="IntelliBridgeAllowedNumericsIsAllowedTest2 (194945,False) row 25"
                time="0.0004567"/>
      <testcase classname="Philips.PMP.Test.Auto.IntelliBridgeAllowedNumericsTest"
                name="IntelliBridgeAllowedNumericsIsAllowedTest2 (194946,False) row 26"
                time="0.0005001"/>
      <testcase classname="Philips.PMP.Test.Auto.IntelliBridgeAllowedNumericsTest"
                name="IntelliBridgeAllowedNumericsIsAllowedTest2 (194947,False) row 27"
                time="0.0004311"/>
      <testcase classname="Philips.PMP.Test.Auto.IntelliBridgeAllowedNumericsTest"
                name="IntelliBridgeAllowedNumericsIsAllowedTest2 (194948,False) row 28"
                time="0.000597"/>
      <testcase classname="Philips.PMP.Test.Auto.IntelliBridgeAllowedNumericsTest"
                name="IntelliBridgeAllowedNumericsIsAllowedTest2 (194949,False) row 29"
                time="0.0005518"/>
      <testcase classname="Philips.PMP.Test.Auto.IntelliBridgeAllowedNumericsTest"
                name="IntelliBridgeAllowedNumericsIsAllowedTest2 (194950,False) row 30"
                time="0.0006682"/>
      <testcase classname="Philips.PMP.Test.Auto.IntelliBridgeAllowedNumericsTest"
                name="IntelliBridgeAllowedNumericsIsAllowedTest2 (194951,False) row 31"
                time="0.0004292"/>
      <testcase classname="Philips.PMP.Test.Auto.IntelliBridgeAllowedNumericsTest"
                name="IntelliBridgeAllowedNumericsIsAllowedTest2 (194952,False) row 32"
                time="0.0006108"/>
      <testcase classname="Philips.PMP.Test.Auto.IntelliBridgeAllowedNumericsTest"
                name="IntelliBridgeAllowedNumericsIsAllowedTest2 (194912,True) row 33"
                time="0.0126542"/>
      <testcase classname="Philips.PMP.Test.Auto.IntelliBridgeAllowedNumericsTest"
                name="IntelliBridgeAllowedNumericsIsAllowedTest2 (194913,False) row 34"
                time="0.00183"/>
      <testcase classname="Philips.PMP.Test.Auto.IntelliBridgeAllowedNumericsTest"
                name="IntelliBridgeAllowedNumericsIsAllowedTest2 (194960,True) row 35"
                time="0.0004906"/>
      <testcase classname="Philips.PMP.Test.Auto.IntelliBridgeAllowedNumericsTest"
                name="IntelliBridgeAllowedNumericsIsAllowedTest2 (152424,False) row 36"
                time="0.001359"/>
      <testcase classname="Philips.PMP.Test.Auto.IntelliBridgeAllowedNumericsTest"
                name="IntelliBridgeAllowedNumericsIsAllowedTest2 (194961,True) row 37"
                time="0.0405819"/>
      <testcase classname="Philips.PMP.Test.Auto.IntelliBridgeAllowedNumericsTest"
                name="IntelliBridgeAllowedNumericsIsAllowedTest2 (194962,False) row 38"
                time="0.0107754"/>
      <testcase classname="Philips.PMP.Test.Auto.IntelliBridgeAllowedNumericsTest"
                name="IntelliBridgeAllowedNumericsIsAllowedTest2 (194965,False) row 39"
                time="0.0044438"/>
      <testcase classname="Philips.PMP.Test.Auto.IntelliBridgeAllowedNumericsTest"
                name="IntelliBridgeAllowedNumericsIsAllowedTest2 (194963,False) row 40"
                time="0.0121501"/>
      <testcase classname="Philips.PMP.Test.Auto.IntelliBridgeAllowedNumericsTest"
                name="IntelliBridgeAllowedNumericsIsAllowedTest2 (194964,True) row 41"
                time="0.0056964"/>
      <testcase classname="Philips.PMP.Test.Auto.IntelliBridgeAllowedNumericsTest"
                name="IntelliBridgeAllowedNumericsIsAllowedTest2 (194966,True) row 42"
                time="0.0318909"/>
      <testcase classname="Philips.PMP.Test.Auto.IntelliBridgeAllowedNumericsTest"
                name="IntelliBridgeAllowedNumericsIsAllowedTest2 (194908,True) row 43"
                time="0.0149212"/>
      <testcase classname="Philips.PMP.Test.Auto.IntelliBridgeAllowedNumericsTest"
                name="IntelliBridgeAllowedNumericsIsAllowedTest2 (194909,True) row 44"
                time="0.0005291"/>
      <testcase classname="Philips.PMP.Test.Auto.IntelliBridgeAllowedNumericsTest"
                name="IntelliBridgeAllowedNumericsIsAllowedTest2 (194910,True) row 45"
                time="0.0004971"/>
      <testcase classname="Philips.PMP.Test.Auto.IntelliBridgeAllowedNumericsTest"
                name="IntelliBridgeAllowedNumericsIsAllowedTest2 (194911,True) row 46"
                time="0.0005543"/>
      <testcase classname="Philips.PMP.Test.Auto.IntelliBridgeAllowedNumericsTest"
                name="IntelliBridgeAllowedNumericsIsAllowedTest2 (195477,True) row 47"
                time="0.0003713"/>
      <testcase classname="Philips.PMP.Test.Auto.IntelliBridgeAllowedNumericsTest"
                name="IntelliBridgeAllowedNumericsIsAllowedTest2 (195478,True) row 48"
                time="0.0136607"/>
      <testcase classname="Philips.PMP.Test.Auto.IntelliBridgeAllowedNumericsTest"
                name="IntelliBridgeAllowedNumericsIsAllowedTest2 (195493,False) row 49"
                time="0.0006476"/>
      <testcase classname="Philips.PMP.Test.Auto.IntelliBridgeAllowedNumericsTest"
                name="IntelliBridgeAllowedNumericsIsAllowedTest2 (195494,False) row 50"
                time="0.0004747"/>
      <testcase classname="Philips.PMP.Test.Auto.IntelliBridgeAllowedNumericsTest"
                name="IntelliBridgeAllowedNumericsIsAllowedTest2 (195495,False) row 51"
                time="0.0005672"/>
      <testcase classname="Philips.PMP.Test.Auto.IntelliBridgeAllowedNumericsTest"
                name="IntelliBridgeAllowedNumericsIsAllowedTest2 (195496,False) row 52"
                time="0.0006533"/>
      <testcase classname="Philips.PMP.Test.Auto.IntelliBridgeAllowedNumericsTest"
                name="IntelliBridgeAllowedNumericsIsAllowedTest2 (195497,False) row 53"
                time="0.0006463"/>
      <testcase classname="Philips.PMP.Test.Auto.IntelliBridgeAllowedNumericsTest"
                name="IntelliBridgeAllowedNumericsIsAllowedTest2 (195498,False) row 54"
                time="0.0005219"/>
      <testcase classname="Philips.PMP.Test.Auto.IntelliBridgeAllowedNumericsTest"
                name="IntelliBridgeAllowedNumericsIsAllowedTest2 (195067,True) row 55"
                time="0.000427"/>
      <testcase classname="Philips.PMP.Test.Auto.IntelliBridgeAllowedNumericsTest"
                name="IntelliBridgeAllowedNumericsIsAllowedTest2 (195459,False) row 56"
                time="0.0011322"/>
      <testcase classname="Philips.PMP.Test.Auto.IntelliBridgeAllowedNumericsTest"
                name="IntelliBridgeAllowedNumericsIsAllowedTest2 (195068,True) row 57"
                time="0.0004936"/>
      <testcase classname="Philips.PMP.Test.Auto.IntelliBridgeAllowedNumericsTest"
                name="IntelliBridgeAllowedNumericsIsAllowedTest2 (195455,True) row 58"
                time="0.0005257"/>
      <testcase classname="Philips.PMP.Test.Auto.IntelliBridgeAllowedNumericsTest"
                name="IntelliBridgeAllowedNumericsIsAllowedTest2 (195456,True) row 59"
                time="0.0004481"/>
      <testcase classname="Philips.PMP.Test.Auto.IntelliBridgeAllowedNumericsTest"
                name="IntelliBridgeAllowedNumericsIsAllowedTest2 (195074,False) row 60"
                time="0.0004269"/>
      <testcase classname="Philips.PMP.Test.Auto.IntelliBridgeAllowedNumericsTest"
                name="IntelliBridgeAllowedNumericsIsAllowedTest2 (195075,False) row 61"
                time="0.0005519"/>
      <testcase classname="Philips.PMP.Test.Auto.IntelliBridgeAllowedNumericsTest"
                name="IntelliBridgeAllowedNumericsIsAllowedTest2 (195077,True) row 62"
                time="0.000512"/>
      <testcase classname="Philips.PMP.Test.Auto.IntelliBridgeAllowedNumericsTest"
                name="IntelliBridgeAllowedNumericsIsAllowedTest2 (195078,True) row 63"
                time="0.0005087"/>
      <testcase classname="Philips.PMP.Test.Auto.IntelliBridgeAllowedNumericsTest"
                name="IntelliBridgeAllowedNumericsIsAllowedTest2 (195008,True) row 64"
                time="0.0003933"/>
      <testcase classname="Philips.PMP.Test.Auto.IntelliBridgeAllowedNumericsTest"
                name="IntelliBridgeAllowedNumericsIsAllowedTest2 (195065,True) row 65"
                time="0.0003971"/>
      <testcase classname="Philips.PMP.Test.Auto.IntelliBridgeAllowedNumericsTest"
                name="IntelliBridgeAllowedNumericsIsAllowedTest2 (195066,False) row 66"
                time="0.0213729"/>
      <testcase classname="Philips.PMP.Test.Auto.IntelliBridgeAllowedNumericsTest"
                name="IntelliBridgeAllowedNumericsIsAllowedTest2 (195070,False) row 67"
                time="0.0007703"/>
      <testcase classname="Philips.PMP.Test.Auto.IntelliBridgeAllowedNumericsTest"
                name="IntelliBridgeAllowedNumericsIsAllowedTest2 (195084,False) row 68"
                time="0.0004508"/>
      <testcase classname="Philips.PMP.Test.Auto.IntelliBridgeAllowedNumericsTest"
                name="IntelliBridgeAllowedNumericsIsAllowedTest2 (195085,False) row 69"
                time="0.0005754"/>
      <testcase classname="Philips.PMP.Test.Auto.IntelliBridgeAllowedNumericsTest"
                name="IntelliBridgeAllowedNumericsIsAllowedTest2 (195390,True) row 70"
                time="0.0005314"/>
      <testcase classname="Philips.PMP.Test.Auto.IntelliBridgeAllowedNumericsTest"
                name="IntelliBridgeAllowedNumericsIsAllowedTest2 (195088,False) row 71"
                time="0.0004913"/>
      <testcase classname="Philips.PMP.Test.Auto.IntelliBridgeAllowedNumericsTest"
                name="IntelliBridgeAllowedNumericsIsAllowedTest2 (195451,False) row 72"
                time="0.000385"/>
      <testcase classname="Philips.PMP.Test.Auto.IntelliBridgeAllowedNumericsTest"
                name="IntelliBridgeAllowedNumericsIsAllowedTest2 (194880,True) row 73"
                time="0.0004387"/>
      <testcase classname="Philips.PMP.Test.Auto.IntelliBridgeAllowedNumericsTest"
                name="IntelliBridgeAllowedNumericsIsAllowedTest2 (194862,True) row 74"
                time="0.0003779"/>
      <testcase classname="Philips.PMP.Test.Auto.IntelliBridgeAllowedNumericsTest"
                name="IntelliBridgeAllowedNumericsIsAllowedTest2 (194861,True) row 75"
                time="0.0009164"/>
      <testcase classname="Philips.PMP.Test.Auto.IntelliBridgeAllowedNumericsTest"
                name="IntelliBridgeAllowedNumericsIsAllowedTest2 (195113,True) row 76"
                time="0.0005458"/>
      <testcase classname="Philips.PMP.Test.Auto.IntelliBridgeAllowedNumericsTest"
                name="IntelliBridgeAllowedNumericsIsAllowedTest2 (195111,False) row 77"
                time="0.0005736"/>
      <testcase classname="Philips.PMP.Test.Auto.IntelliBridgeAllowedNumericsTest"
                name="IntelliBridgeAllowedNumericsIsAllowedTest2 (195110,False) row 78"
                time="0.0004999"/>
      <testcase classname="Philips.PMP.Test.Auto.IntelliBridgeAllowedNumericsTest"
                name="IntelliBridgeAllowedNumericsIsAllowedTest2 (195109,False) row 79"
                time="0.0003852"/>
      <testcase classname="Philips.PMP.Test.Auto.IntelliBridgeAllowedNumericsTest"
                name="IntelliBridgeAllowedNumericsIsAllowedTest2 (195112,False) row 80"
                time="0.0004186"/>
      <testcase classname="Philips.PMP.Test.Auto.IntelliBridgeAllowedNumericsTest"
                name="IntelliBridgeAllowedNumericsIsAllowedTest2 (195117,False) row 81"
                time="0.0003899"/>
      <testcase classname="Philips.PMP.Test.Auto.IntelliBridgeAllowedNumericsTest"
                name="IntelliBridgeAllowedNumericsIsAllowedTest2 (195116,False) row 82"
                time="0.0006795"/>
      <testcase classname="Philips.PMP.Test.Auto.IntelliBridgeAllowedNumericsTest"
                name="IntelliBridgeAllowedNumericsIsAllowedTest2 (195115,False) row 83"
                time="0.0006842"/>
      <testcase classname="Philips.PMP.Test.Auto.IntelliBridgeAllowedNumericsTest"
                name="IntelliBridgeAllowedNumericsIsAllowedTest2 (195114,False) row 84"
                time="0.0039872"/>
      <testcase classname="Philips.PMP.Test.Auto.IntelliBridgeAllowedNumericsTest"
                name="IntelliBridgeAllowedNumericsIsAllowedTest2 (195236,False) row 85"
                time="0.000606"/>
      <testcase classname="Philips.PMP.Test.Auto.IntelliBridgeAllowedNumericsTest"
                name="IntelliBridgeAllowedNumericsIsAllowedTest2 (195462,False) row 86"
                time="0.000409"/>
      <testcase classname="Philips.PMP.Test.Auto.IntelliBridgeAllowedNumericsTest"
                name="IntelliBridgeAllowedNumericsIsAllowedTest2 (195316,False) row 87"
                time="0.0006875"/>
      <testcase classname="Philips.PMP.Test.Auto.IntelliBridgeAllowedNumericsTest"
                name="IntelliBridgeAllowedNumericsIsAllowedTest2 (195317,False) row 88"
                time="0.000522"/>
      <testcase classname="Philips.PMP.Test.Auto.IntelliBridgeAllowedNumericsTest"
                name="IntelliBridgeAllowedNumericsIsAllowedTest2 (195284,True) row 89"
                time="0.0005261"/>
      <testcase classname="Philips.PMP.Test.Auto.IntelliBridgeAllowedNumericsTest"
                name="IntelliBridgeAllowedNumericsIsAllowedTest2 (195312,False) row 90"
                time="0.0004424"/>
      <testcase classname="Philips.PMP.Test.Auto.IntelliBridgeAllowedNumericsTest"
                name="IntelliBridgeAllowedNumericsIsAllowedTest2 (195313,False) row 91"
                time="0.0003576"/>
      <testcase classname="Philips.PMP.Test.Auto.IntelliBridgeAllowedNumericsTest"
                name="IntelliBridgeAllowedNumericsIsAllowedTest2 (2155172959,False) row 92"
                time="0.0004688"/>
      <testcase classname="Philips.PMP.Test.Auto.IntelliBridgeAllowedNumericsTest"
                name="IntelliBridgeAllowedNumericsIsAllowedTest2 (195424,False) row 93"
                time="0.0004009"/>
      <testcase classname="Philips.PMP.Test.Auto.IntelliBridgeAllowedNumericsTest"
                name="IntelliBridgeAllowedNumericsIsAllowedTest2 (195425,False) row 94"
                time="0.0003991"/>
      <testcase classname="Philips.PMP.Test.Auto.IntelliBridgeAllowedNumericsTest"
                name="IntelliBridgeAllowedNumericsIsAllowedTest2 (195426,False) row 95"
                time="0.0010422"/>
      <testcase classname="Philips.PMP.Test.Auto.IntelliBridgeAllowedNumericsTest"
                name="IntelliBridgeAllowedNumericsIsAllowedTest2 (195432,False) row 96"
                time="0.0004174"/>
      <testcase classname="Philips.PMP.Test.Auto.IntelliBridgeAllowedNumericsTest"
                name="IntelliBridgeAllowedNumericsIsAllowedTest2 (195535,False) row 97"
                time="0.000489"/>
      <testcase classname="Philips.PMP.Test.Auto.IntelliBridgeAllowedNumericsTest"
                name="IntelliBridgeAllowedNumericsIsAllowedTest2 (195427,False) row 98"
                time="0.0004037"/>
      <testcase classname="Philips.PMP.Test.Auto.IntelliBridgeAllowedNumericsTest"
                name="IntelliBridgeAllowedNumericsIsAllowedTest2 (195428,False) row 99"
                time="0.0004063"/>
      <testcase classname="Philips.PMP.Test.Auto.IntelliBridgeAllowedNumericsTest"
                name="IntelliBridgeAllowedNumericsIsAllowedTest2 (195536,False) row 100"
                time="0.0003901"/>
      <testcase classname="Philips.PMP.Test.Auto.IntelliBridgeAllowedNumericsTest"
                name="IntelliBridgeAllowedNumericsIsAllowedTest2 (195429,False) row 101"
                time="0.0006936"/>
      <testcase classname="Philips.PMP.Test.Auto.IntelliBridgeAllowedNumericsTest"
                name="IntelliBridgeAllowedNumericsIsAllowedTest2 (195430,False) row 102"
                time="0.0004515"/>
      <testcase classname="Philips.PMP.Test.Auto.IntelliBridgeAllowedNumericsTest"
                name="IntelliBridgeAllowedNumericsIsAllowedTest2 (195431,False) row 103"
                time="0.0004969"/>
      <testcase classname="Philips.PMP.Test.Auto.IntelliBridgeAllowedNumericsTest"
                name="IntelliBridgeAllowedNumericsIsAllowedTest2 (195525,False) row 104"
                time="0.0003443"/>
      <testcase classname="Philips.PMP.Test.Auto.IntelliBridgeAllowedNumericsTest"
                name="IntelliBridgeAllowedNumericsIsAllowedTest2 (195526,False) row 105"
                time="0.0006998"/>
      <testcase classname="Philips.PMP.Test.Auto.IntelliBridgeAllowedNumericsTest"
                name="IntelliBridgeAllowedNumericsIsAllowedTest2 (188752,False) row 106"
                time="0.0003869"/>
      <testcase classname="Philips.PMP.Test.Auto.IntelliBridgeAllowedNumericsTest"
                name="IntelliBridgeAllowedNumericsIsAllowedTest2 (195538,True) row 107"
                time="0.0004788"/>
      <testcase classname="Philips.PMP.Test.Auto.IntelliBridgeAllowedNumericsTest"
                name="IntelliBridgeAllowedNumericsIsAllowedTest2 (195562,True) row 108"
                time="0.0004606"/>
      <testcase classname="Philips.PMP.Test.Auto.IntelliBridgeAllowedNumericsTest"
                name="IntelliBridgeAllowedNumericsIsAllowedTest2 (195557,True) row 109"
                time="0.0004218"/>
      <testcase classname="Philips.PMP.Test.Auto.IntelliBridgeAllowedNumericsTest"
                name="IntelliBridgeAllowedNumericsIsAllowedTest2 (195539,True) row 110"
                time="0.0005501"/>
      <testcase classname="Philips.PMP.Test.Auto.IntelliBridgeAllowedNumericsTest"
                name="IntelliBridgeAllowedNumericsIsAllowedTest2 (195555,True) row 111"
                time="0.0004231"/>
      <testcase classname="Philips.PMP.Test.Auto.IntelliBridgeAllowedNumericsTest"
                name="IntelliBridgeAllowedNumericsIsAllowedTest2 (195550,True) row 112"
                time="0.0007589"/>
      <testcase classname="Philips.PMP.Test.Auto.IntelliBridgeAllowedNumericsTest"
                name="IntelliBridgeAllowedNumericsIsAllowedTest2 (195549,True) row 113"
                time="0.000669"/>
      <testcase classname="Philips.PMP.Test.Auto.IntelliBridgeAllowedNumericsTest"
                name="IntelliBridgeAllowedNumericsIsAllowedTest2 (195553,True) row 114"
                time="0.0004114"/>
      <testcase classname="Philips.PMP.Test.Auto.IntelliBridgeAllowedNumericsTest"
                name="IntelliBridgeAllowedNumericsIsAllowedTest2 (195546,True) row 115"
                time="0.000433"/>
      <testcase classname="Philips.PMP.Test.Auto.IntelliBridgeAllowedNumericsTest"
                name="IntelliBridgeAllowedNumericsIsAllowedTest2 (195545,True) row 116"
                time="0.0003641"/>
      <testcase classname="Philips.PMP.Test.Auto.IntelliBridgeAllowedNumericsTest"
                name="IntelliBridgeAllowedNumericsIsAllowedTest2 (195541,True) row 117"
                time="0.0003862"/>
      <testcase classname="Philips.PMP.Test.Auto.IntelliBridgeAllowedNumericsTest"
                name="IntelliBridgeAllowedNumericsIsAllowedTest2 (195559,True) row 118"
                time="0.0004176"/>
      <testcase classname="Philips.PMP.Test.Auto.IntelliBridgeAllowedNumericsTest"
                name="IntelliBridgeAllowedNumericsIsAllowedTest2 (195556,True) row 119"
                time="0.0003635"/>
      <testcase classname="Philips.PMP.Test.Auto.IntelliBridgeAllowedNumericsTest"
                name="IntelliBridgeAllowedNumericsIsAllowedTest2 (195542,True) row 120"
                time="0.0008609"/>
      <testcase classname="Philips.PMP.Test.Auto.IntelliBridgeAllowedNumericsTest"
                name="IntelliBridgeAllowedNumericsIsAllowedTest2 (195558,True) row 121"
                time="0.0005901"/>
      <testcase classname="Philips.PMP.Test.Auto.IntelliBridgeAllowedNumericsTest"
                name="IntelliBridgeAllowedNumericsIsAllowedTest2 (195560,True) row 122"
                time="0.0005206"/>
      <testcase classname="Philips.PMP.Test.Auto.IntelliBridgeAllowedNumericsTest"
                name="IntelliBridgeAllowedNumericsIsAllowedTest2 (195554,True) row 123"
                time="0.0004625"/>
      <testcase classname="Philips.PMP.Test.Auto.IntelliBridgeAllowedNumericsTest"
                name="IntelliBridgeAllowedNumericsIsAllowedTest2 (195548,True) row 124"
                time="0.0004705"/>
      <testcase classname="Philips.PMP.Test.Auto.IntelliBridgeAllowedNumericsTest"
                name="IntelliBridgeAllowedNumericsIsAllowedTest2 (195547,True) row 125"
                time="0.0004418"/>
      <testcase classname="Philips.PMP.Test.Auto.IntelliBridgeAllowedNumericsTest"
                name="IntelliBridgeAllowedNumericsIsAllowedTest2 (195552,True) row 126"
                time="0.0004117"/>
      <testcase classname="Philips.PMP.Test.Auto.IntelliBridgeAllowedNumericsTest"
                name="IntelliBridgeAllowedNumericsIsAllowedTest2 (195551,True) row 127"
                time="0.0005172"/>
      <testcase classname="Philips.PMP.Test.Auto.IntelliBridgeAllowedNumericsTest"
                name="IntelliBridgeAllowedNumericsIsAllowedTest2 (195561,True) row 128"
                time="0.000462"/>
      <testcase classname="Philips.PMP.Test.Auto.IntelliBridgeAllowedNumericsTest"
                name="IntelliBridgeAllowedNumericsIsAllowedTest2 (195544,True) row 129"
                time="0.0003729"/>
      <testcase classname="Philips.PMP.Test.Auto.IntelliBridgeAllowedNumericsTest"
                name="IntelliBridgeAllowedNumericsIsAllowedTest2 (195543,True) row 130"
                time="0.0004095"/>
      <testcase classname="Philips.PMP.Test.Auto.IntelliBridgeAllowedNumericsTest"
                name="IntelliBridgeAllowedNumericsIsAllowedTest2 (195472,True) row 131"
                time="0.000364"/>
      <testcase classname="Philips.PMP.Test.Auto.IntelliBridgeAllowedNumericsTest"
                name="IntelliBridgeAllowedNumericsIsAllowedTest2 (195473,True) row 132"
                time="0.0004309"/>
      <testcase classname="Philips.PMP.Test.Auto.IntelliBridgeAllowedNumericsTest"
                name="IntelliBridgeAllowedNumericsIsAllowedTest2 (195474,True) row 133"
                time="0.0004722"/>
      <testcase classname="Philips.PMP.Test.Auto.IntelliBridgeAllowedNumericsTest"
                name="IntelliBridgeAllowedNumericsIsAllowedTest2 (195475,True) row 134"
                time="0.0003518"/>
      <testcase classname="Philips.PMP.Test.Auto.IntelliBridgeAllowedNumericsTest"
                name="IntelliBridgeAllowedNumericsIsAllowedTest2 (192672,False) row 135"
                time="0.0004199"/>
      <testcase classname="Philips.PMP.Test.Auto.IntelliBridgeAllowedNumericsTest"
                name="IntelliBridgeAllowedNumericsIsAllowedTest2 (192673,False) row 136"
                time="0.0003503"/>
      <testcase classname="Philips.PMP.Test.Auto.IntelliBridgeAllowedNumericsTest"
                name="IntelliBridgeAllowedNumericsIsAllowedTest2 (192674,False) row 137"
                time="0.0003893"/>
      <testcase classname="Philips.PMP.Test.Auto.IntelliBridgeAllowedNumericsTest"
                name="IntelliBridgeAllowedNumericsIsAllowedTest2 (192675,False) row 138"
                time="0.0003655"/>
      <testcase classname="Philips.PMP.Test.Auto.IntelliBridgeAllowedNumericsTest"
                name="IntelliBridgeAllowedNumericsIsAllowedTest2 (195168,True) row 139"
                time="0.0004464"/>
      <testcase classname="Philips.PMP.Test.Auto.IntelliBridgeAllowedNumericsTest"
                name="IntelliBridgeAllowedNumericsIsAllowedTest2 (195343,False) row 140"
                time="0.0003534"/>
      <testcase classname="Philips.PMP.Test.Auto.IntelliBridgeAllowedNumericsTest"
                name="IntelliBridgeAllowedNumericsIsAllowedTest2 (195379,False) row 141"
                time="0.0004148"/>
      <testcase classname="Philips.PMP.Test.Auto.IntelliBridgeAllowedNumericsTest"
                name="IntelliBridgeAllowedNumericsIsAllowedTest2 (195378,False) row 142"
                time="0.0004089"/>
      <testcase classname="Philips.PMP.Test.Auto.IntelliBridgeAllowedNumericsTest"
                name="IntelliBridgeAllowedNumericsIsAllowedTest2 (195140,False) row 143"
                time="0.0003306"/>
      <testcase classname="Philips.PMP.Test.Auto.IntelliBridgeAllowedNumericsTest"
                name="IntelliBridgeAllowedNumericsIsAllowedTest2 (195275,True) row 144"
                time="0.0004541"/>
      <testcase classname="Philips.PMP.Test.Auto.IntelliBridgeAllowedNumericsTest"
                name="IntelliBridgeAllowedNumericsIsAllowedTest2 (195276,True) row 145"
                time="0.0003736"/>
      <testcase classname="Philips.PMP.Test.Auto.IntelliBridgeAllowedNumericsTest"
                name="IntelliBridgeAllowedNumericsIsAllowedTest2 (195278,True) row 146"
                time="0.0005904"/>
      <testcase classname="Philips.PMP.Test.Auto.IntelliBridgeAllowedNumericsTest"
                name="IntelliBridgeAllowedNumericsIsAllowedTest2 (195279,True) row 147"
                time="0.0005022"/>
      <testcase classname="Philips.PMP.Test.Auto.IntelliBridgeAllowedNumericsTest"
                name="IntelliBridgeAllowedNumericsIsAllowedTest2 (195148,False) row 148"
                time="0.0005951"/>
      <testcase classname="Philips.PMP.Test.Auto.IntelliBridgeAllowedNumericsTest"
                name="IntelliBridgeAllowedNumericsIsAllowedTest2 (195342,False) row 149"
                time="0.0008789"/>
      <testcase classname="Philips.PMP.Test.Auto.IntelliBridgeAllowedNumericsTest"
                name="IntelliBridgeAllowedNumericsIsAllowedTest2 (195156,False) row 150"
                time="0.0026831"/>
      <testcase classname="Philips.PMP.Test.Auto.IntelliBridgeAllowedNumericsTest"
                name="IntelliBridgeAllowedNumericsIsAllowedTest2 (195144,False) row 151"
                time="0.0077633"/>
      <testcase classname="Philips.PMP.Test.Auto.IntelliBridgeAllowedNumericsTest"
                name="IntelliBridgeAllowedNumericsIsAllowedTest2 (195164,False) row 152"
                time="0.0145072"/>
      <testcase classname="Philips.PMP.Test.Auto.IntelliBridgeAllowedNumericsTest"
                name="IntelliBridgeAllowedNumericsIsAllowedTest2 (195160,False) row 153"
                time="0.010398"/>
      <testcase classname="Philips.PMP.Test.Auto.IntelliBridgeAllowedNumericsTest"
                name="IntelliBridgeAllowedNumericsIsAllowedTest2 (195289,False) row 154"
                time="0.0041112"/>
      <testcase classname="Philips.PMP.Test.Auto.IntelliBridgeAllowedNumericsTest"
                name="IntelliBridgeAllowedNumericsIsAllowedTest2 (195341,False) row 155"
                time="0.0183535"/>
      <testcase classname="Philips.PMP.Test.Auto.IntelliBridgeAllowedNumericsTest"
                name="IntelliBridgeAllowedNumericsIsAllowedTest2 (195353,False) row 156"
                time="0.0137029"/>
      <testcase classname="Philips.PMP.Test.Auto.IntelliBridgeAllowedNumericsTest"
                name="IntelliBridgeAllowedNumericsIsAllowedTest2 (195352,False) row 157"
                time="0.0037034"/>
      <testcase classname="Philips.PMP.Test.Auto.IntelliBridgeAllowedNumericsTest"
                name="IntelliBridgeAllowedNumericsIsAllowedTest2 (195197,True) row 158"
                time="0.0056043"/>
      <testcase classname="Philips.PMP.Test.Auto.IntelliBridgeAllowedNumericsTest"
                name="IntelliBridgeAllowedNumericsIsAllowedTest2 (195199,True) row 159"
                time="0.0040278"/>
      <testcase classname="Philips.PMP.Test.Auto.IntelliBridgeAllowedNumericsTest"
                name="IntelliBridgeAllowedNumericsIsAllowedTest2 (195198,True) row 160"
                time="0.0055249"/>
      <testcase classname="Philips.PMP.Test.Auto.IntelliBridgeAllowedNumericsTest"
                name="IntelliBridgeAllowedNumericsIsAllowedTest2 (195200,True) row 161"
                time="0.004879"/>
      <testcase classname="Philips.PMP.Test.Auto.IntelliBridgeAllowedNumericsTest"
                name="IntelliBridgeAllowedNumericsIsAllowedTest2 (195201,True) row 162"
                time="0.0005935"/>
      <testcase classname="Philips.PMP.Test.Auto.IntelliBridgeAllowedNumericsTest"
                name="IntelliBridgeAllowedNumericsIsAllowedTest2 (195202,True) row 163"
                time="0.0021687"/>
      <testcase classname="Philips.PMP.Test.Auto.IntelliBridgeAllowedNumericsTest"
                name="IntelliBridgeAllowedNumericsIsAllowedTest2 (195344,False) row 164"
                time="0.0024244"/>
      <testcase classname="Philips.PMP.Test.Auto.IntelliBridgeAllowedNumericsTest"
                name="IntelliBridgeAllowedNumericsIsAllowedTest2 (195334,False) row 165"
                time="0.0047774"/>
      <testcase classname="Philips.PMP.Test.Auto.IntelliBridgeAllowedNumericsTest"
                name="IntelliBridgeAllowedNumericsIsAllowedTest2 (195333,False) row 166"
                time="0.0096094"/>
      <testcase classname="Philips.PMP.Test.Auto.IntelliBridgeAllowedNumericsTest"
                name="IntelliBridgeAllowedNumericsIsAllowedTest2 (195350,False) row 167"
                time="0.0048497"/>
      <testcase classname="Philips.PMP.Test.Auto.IntelliBridgeAllowedNumericsTest"
                name="IntelliBridgeAllowedNumericsIsAllowedTest2 (195351,False) row 168"
                time="0.0053726"/>
      <testcase classname="Philips.PMP.Test.Auto.IntelliBridgeAllowedNumericsTest"
                name="IntelliBridgeAllowedNumericsIsAllowedTest2 (195349,False) row 169"
                time="0.0025682"/>
      <testcase classname="Philips.PMP.Test.Auto.IntelliBridgeAllowedNumericsTest"
                name="IntelliBridgeAllowedNumericsIsAllowedTest2 (195348,False) row 170"
                time="0.0010535"/>
      <testcase classname="Philips.PMP.Test.Auto.IntelliBridgeAllowedNumericsTest"
                name="IntelliBridgeAllowedNumericsIsAllowedTest2 (195347,False) row 171"
                time="0.0009671"/>
      <testcase classname="Philips.PMP.Test.Auto.IntelliBridgeAllowedNumericsTest"
                name="IntelliBridgeAllowedNumericsIsAllowedTest2 (195346,False) row 172"
                time="0.0079494"/>
      <testcase classname="Philips.PMP.Test.Auto.IntelliBridgeAllowedNumericsTest"
                name="IntelliBridgeAllowedNumericsIsAllowedTest2 (195152,False) row 173"
                time="0.0108082"/>
      <testcase classname="Philips.PMP.Test.Auto.IntelliBridgeAllowedNumericsTest"
                name="IntelliBridgeAllowedNumericsIsAllowedTest2 (195345,False) row 174"
                time="0.0298407"/>
      <testcase classname="Philips.PMP.Test.Auto.IntelliBridgeAllowedNumericsTest"
                name="IntelliBridgeAllowedNumericsIsAllowedTest2 (195203,True) row 175"
                time="0.0007572"/>
      <testcase classname="Philips.PMP.Test.Auto.IntelliBridgeAllowedNumericsTest"
                name="IntelliBridgeAllowedNumericsIsAllowedTest2 (195210,True) row 176"
                time="0.0192692"/>
      <testcase classname="Philips.PMP.Test.Auto.IntelliBridgeAllowedNumericsTest"
                name="IntelliBridgeAllowedNumericsIsAllowedTest2 (195367,True) row 177"
                time="0.01067"/>
      <testcase classname="Philips.PMP.Test.Auto.IntelliBridgeAllowedNumericsTest"
                name="IntelliBridgeAllowedNumericsIsAllowedTest2 (195366,True) row 178"
                time="0.0006335"/>
      <testcase classname="Philips.PMP.Test.Auto.IntelliBridgeAllowedNumericsTest"
                name="IntelliBridgeAllowedNumericsIsAllowedTest2 (195368,True) row 179"
                time="0.0142877"/>
      <testcase classname="Philips.PMP.Test.Auto.IntelliBridgeAllowedNumericsTest"
                name="IntelliBridgeAllowedNumericsIsAllowedTest2 (195309,True) row 180"
                time="0.0098554"/>
      <testcase classname="Philips.PMP.Test.Auto.IntelliBridgeAllowedNumericsTest"
                name="IntelliBridgeAllowedNumericsIsAllowedTest2 (195211,True) row 181"
                time="0.0017131"/>
      <testcase classname="Philips.PMP.Test.Auto.IntelliBridgeAllowedNumericsTest"
                name="IntelliBridgeAllowedNumericsIsAllowedTest2 (195377,True) row 182"
                time="0.0004084"/>
      <testcase classname="Philips.PMP.Test.Auto.IntelliBridgeAllowedNumericsTest"
                name="IntelliBridgeAllowedNumericsIsAllowedTest2 (195338,False) row 183"
                time="0.0003564"/>
      <testcase classname="Philips.PMP.Test.Auto.IntelliBridgeAllowedNumericsTest"
                name="IntelliBridgeAllowedNumericsIsAllowedTest2 (195337,False) row 184"
                time="0.0008098"/>
      <testcase classname="Philips.PMP.Test.Auto.IntelliBridgeAllowedNumericsTest"
                name="IntelliBridgeAllowedNumericsIsAllowedTest2 (195332,False) row 185"
                time="0.000313"/>
      <testcase classname="Philips.PMP.Test.Auto.IntelliBridgeAllowedNumericsTest"
                name="IntelliBridgeAllowedNumericsIsAllowedTest2 (195331,False) row 186"
                time="0.0004808"/>
      <testcase classname="Philips.PMP.Test.Auto.IntelliBridgeAllowedNumericsTest"
                name="IntelliBridgeAllowedNumericsIsAllowedTest2 (195206,True) row 187"
                time="0.0027781"/>
      <testcase classname="Philips.PMP.Test.Auto.IntelliBridgeAllowedNumericsTest"
                name="IntelliBridgeAllowedNumericsIsAllowedTest2 (195208,True) row 188"
                time="0.0005123"/>
      <testcase classname="Philips.PMP.Test.Auto.IntelliBridgeAllowedNumericsTest"
                name="IntelliBridgeAllowedNumericsIsAllowedTest2 (195207,True) row 189"
                time="0.0007031"/>
      <testcase classname="Philips.PMP.Test.Auto.IntelliBridgeAllowedNumericsTest"
                name="IntelliBridgeAllowedNumericsIsAllowedTest2 (195205,True) row 190"
                time="0.0006299"/>
      <testcase classname="Philips.PMP.Test.Auto.IntelliBridgeAllowedNumericsTest"
                name="IntelliBridgeAllowedNumericsIsAllowedTest2 (195204,True) row 191"
                time="0.000585"/>
      <testcase classname="Philips.PMP.Test.Auto.IntelliBridgeAllowedNumericsTest"
                name="IntelliBridgeAllowedNumericsIsAllowedTest2 (195209,True) row 192"
                time="0.0003103"/>
      <testcase classname="Philips.PMP.Test.Auto.IntelliBridgeAllowedNumericsTest"
                name="IntelliBridgeAllowedNumericsIsAllowedTest2 (195226,True) row 193"
                time="0.0003071"/>
      <testcase classname="Philips.PMP.Test.Auto.IntelliBridgeAllowedNumericsTest"
                name="IntelliBridgeAllowedNumericsIsAllowedTest2 (195336,False) row 194"
                time="0.000581"/>
      <testcase classname="Philips.PMP.Test.Auto.IntelliBridgeAllowedNumericsTest"
                name="IntelliBridgeAllowedNumericsIsAllowedTest2 (195335,False) row 195"
                time="0.0005134"/>
      <testcase classname="Philips.PMP.Test.Auto.IntelliBridgeAllowedNumericsTest"
                name="IntelliBridgeAllowedNumericsIsAllowedTest2 (195340,False) row 196"
                time="0.0004624"/>
      <testcase classname="Philips.PMP.Test.Auto.IntelliBridgeAllowedNumericsTest"
                name="IntelliBridgeAllowedNumericsIsAllowedTest2 (195339,False) row 197"
                time="0.0003536"/>
      <testcase classname="Philips.PMP.Test.Auto.IntelliBridgeAllowedNumericsTest"
                name="IntelliBridgeAllowedNumericsIsAllowedTest2 (195899,False) row 198"
                time="0.0004357"/>
      <testcase classname="Philips.PMP.Test.Auto.IntelliBridgeAllowedNumericsTest"
                name="IntelliBridgeAllowedNumericsIsAllowedTest2 (195900,False) row 199"
                time="0.0005712"/>
      <testcase classname="Philips.PMP.Test.Auto.WaveProviderTest"
                name="WaveStoreEight"
                time="0.0956505"/>
      <testcase classname="Philips.PIC.DataAcquisition.Test.SureSignsDataConverterTest"
                name="SureSignsDataConverterToFromSureSignsTimeTest"
                time="0.0026496"/>
      <testcase classname="Philips.PMP.Test.Auto.TerumoTerufusionTest"
                name="ProcessMessageTest"
                time="0.0306469"/>
      <testcase classname="Philips.PMP.Test.Auto.PatientDataExportConfigValidatorTest"
                name="PatientDataExportAreBedAssignmentsLicensedTest (8,False,False) row 1"
                time="0.0030448"/>
      <testcase classname="Philips.PMP.Test.Auto.PatientDataExportConfigValidatorTest"
                name="PatientDataExportAreBedAssignmentsLicensedTest (7,True,True) row 2"
                time="0.0024458"/>
      <testcase classname="Philips.PMP.Test.Auto.PatientDataExportConfigValidatorTest"
                name="PatientDataExportAreBedAssignmentsLicensedTest (2,True,True) row 3"
                time="0.0024319"/>
      <testcase classname="Philips.PMP.Test.Auto.PatientServiceHelperTest"
                name="PatientServiceHelperShouldStartMgmtAssociationTest (False,False,False,False,True) row 1"
                time="0.0012371"/>
      <testcase classname="Philips.PMP.Test.Auto.PatientServiceHelperTest"
                name="PatientServiceHelperShouldStartMgmtAssociationTest (True,False,False,False,True) row 2"
                time="0.0004075"/>
      <testcase classname="Philips.PMP.Test.Auto.PatientServiceHelperTest"
                name="PatientServiceHelperShouldStartMgmtAssociationTest (True,True,False,False,False) row 3"
                time="0.000416"/>
      <testcase classname="Philips.PMP.Test.Auto.PatientServiceHelperTest"
                name="PatientServiceHelperShouldStartMgmtAssociationTest (True,False,True,False,True) row 4"
                time="0.0003737"/>
      <testcase classname="Philips.PMP.Test.Auto.PatientServiceHelperTest"
                name="PatientServiceHelperShouldStartMgmtAssociationTest (True,False,False,True,False) row 5"
                time="0.0003491"/>
      <testcase classname="Philips.PMP.Test.Auto.PatientServiceHelperTest"
                name="PatientServiceHelperShouldStartMgmtAssociationTest (True,True,False,True,False) row 6"
                time="0.000339"/>
      <testcase classname="Philips.PMP.Test.Auto.PatientAssignmentControlTest"
                name="PatientAssignmentControlSetShouldEnableMainUi (False,False,False,False) row 1"
                time="0.0570786"/>
      <testcase classname="Philips.PMP.Test.Auto.PatientAssignmentControlTest"
                name="PatientAssignmentControlSetShouldEnableMainUi (True,True,True,True) row 2"
                time="0.0689434"/>
      <testcase classname="Philips.PMP.Test.Auto.PatientAssignmentControlTest"
                name="PatientAssignmentControlSetShouldEnableMainUi (True,True,False,False) row 3"
                time="0.0594962"/>
      <testcase classname="Philips.PMP.Test.Auto.SwitchDeviceControlTest"
                name="SwitchDeviceValidationDetectsDuplicates (True,True) row 1"
                time="0.0520652"/>
      <testcase classname="Philips.PMP.Test.Auto.SwitchDeviceControlTest"
                name="SwitchDeviceValidationDetectsDuplicates (True,False) row 2"
                time="0.048747"/>
      <testcase classname="Philips.PMP.Test.Auto.SwitchDeviceControlTest"
                name="SwitchDeviceValidationDetectsDuplicates (False,True) row 3"
                time="0.0484481"/>
      <testcase classname="Philips.PMP.Test.Auto.SwitchDeviceControlTest"
                name="SwitchDeviceValidationDetectsDuplicates (False,False) row 4"
                time="0.043096"/>
      <testcase classname="Philips.PMP.Test.Auto.IheGatewayNotificationServiceTest"
                name="IheLanServerConfigurationChange"
                time="0.0279979"/>
      <testcase classname="Philips.PMP.Test.Auto.DataTileHelperTest"
                name="DataTileHelperGetStripPreviousTimeTest"
                time="0.0061319"/>
      <testcase classname="Philips.PMP.Test.Auto.MedianCalculatorTest"
                name="NumericMedianCalculatorVerifyNoMedianPossibleForSysOnlyPressure"
                time="0.0219291"/>
      <testcase classname="Philips.PMP.Test.Auto.PhysioDataDisplayHelperTest"
                name="PhysioDataDisplayHelperGetEnumerationValueTextIdFromTextId (enum_text_id_chosen,179131,179131) row 1"
                time="0.0005502"/>
      <testcase classname="Philips.PMP.Test.Auto.PhysioDataDisplayHelperTest"
                name="PhysioDataDisplayHelperGetEnumerationValueTextIdFromTextId (enum_text_id_val_chosen,67305471,67305471) row 2"
                time="0.000843"/>
      <testcase classname="Philips.PMP.Test.Auto.PhysioDataDisplayHelperTest"
                name="PhysioDataDisplayHelperGetEnumerationValueTextIdFromTextId (enum_text_id_idx_chosen,2148139009,2148139009) row 3"
                time="0.0023363"/>
      <testcase classname="Philips.iX.DataBridge.Common.Test.AcpmpCleanupMgrTest"
                name="AcpmpCleanupMgrDoesCleanup (True) row 1"
                time="0.2264151"/>
      <testcase classname="Philips.iX.DataBridge.Common.Test.AcpmpCleanupMgrTest"
                name="AcpmpCleanupMgrDoesCleanup (False) row 2"
                time="0.0626152"/>
      <testcase classname="Philips.PMP.Test.Auto.PatientProviderTest"
                name="GetInstitutionTest"
                time="0.2482693"/>
      <testcase classname="Philips.PMP.Test.Auto.EventLogQualifierTest"
                name="EventLogQualifierIsCorrectableShould"
                time="0.001217"/>
      <testcase classname="Philips.PMP.Test.Auto.RfidInputMgrTest"
                name="RfidInputMgrInitialize (False,False,0,0,0) row 1"
                time="0.3415253"/>
      <testcase classname="Philips.PMP.Test.Auto.RfidInputMgrTest"
                name="RfidInputMgrInitialize (True,False,0,0,1) row 2"
                time="0.0501164"/>
      <testcase classname="Philips.PMP.Test.Auto.RfidInputMgrTest"
                name="RfidInputMgrInitialize (True,True,1,1,0) row 3"
                time="0.0583864"/>
      <testcase classname="Philips.PMP.Test.Auto.MobileBedSubscriberTest"
                name="MobileBedSubscriberSubscriptionsArePerClient"
                time="0.0540415"/>
      <testcase classname="Philips.PMP.Test.Auto.EventNotificationMgrTest"
                name="GetPopUpBehaviorBasedOnMaxBedPerDomainTest"
                time="0.2447749"/>
      <testcase classname="Philips.PMP.Test.Auto.EcgDerivationMgrTest"
                name="WaveDataDoesntTombstoneTest"
                time="0.0155844"/>
      <testcase classname="Philips.PMP.Test.Auto.IxConfigFileProviderTest"
                name="EncryptedPasswords"
                time="0.0080163"/>
      <testcase classname="Philips.PMP.Test.Auto.EnumerationProviderTest"
                name="EnumerationProviderTwoAssystoleEvents"
                time="0.0257299"/>
      <testcase classname="Philips.PMP.Test.Auto.SpotCheckTrendConnectionTest"
                name="SpotCheckTrendOnAllIDsUploaded"
                time="0.0170579"/>
      <testcase classname="Philips.PMP.Test.Auto.EventCatalogProviderTest"
                name="ResetFactoryDefaultsShouldRemoveCustomEvents"
                time="0.4207983"/>
      <testcase classname="Philips.PMP.Test.Auto.ColorProviderTest"
                name="GetSimpleColor"
                time="0.0015691"/>
      <testcase classname="Philips.PMP.Test.Auto.ExportPhysioDataControlTest"
                name="ExportPhysioDataControlSelectPatientStays"
                time="0.4802976"/>
      <testcase classname="Philips.PMP.LicenseService.Test.LicenseHostValidatorTest"
                name="LicenseValidatorValidatePhysioDbCount (1,10,) row 1"
                time="0.0253434"/>
      <testcase classname="Philips.PMP.LicenseService.Test.LicenseHostValidatorTest"
                name="LicenseValidatorValidatePhysioDbCount (2,20,) row 2"
                time="0.0015357"/>
      <testcase classname="Philips.PMP.LicenseService.Test.LicenseHostValidatorTest"
                name="LicenseValidatorValidatePhysioDbCount (1,351,You do not have enough physiological database servers configured to support the number of patient connections available. Each physiological database can support only 350 patient connections.) row 3"
                time="0.0005819"/>
      <testcase classname="Philips.PMP.Test.Auto.ControlServiceHelperTest"
                name="ControlServiceHelperSpO2NonPulsatileSettingTest"
                time="0.0049183"/>
      <testcase classname="Philips.PMP.Test.Auto.EcgDeriverTest"
                name="DeriveCompoundWaveSnippetsHexadTest"
                time="0.0452418"/>
      <testcase classname="Philips.PMP.Test.Auto.EcgLeadSelectionMgrTest"
                name="NonExistentProfileDoesntCrashTest"
                time="0.1406399"/>
      <testcase classname="Philips.PMP.Test.Auto.SwitchDeviceControlTest"
                name="SwitchDeviceControlAddPortsToListViewTest (True) row 1"
                time="0.0520497"/>
      <testcase classname="Philips.PMP.Test.Auto.SwitchDeviceControlTest"
                name="SwitchDeviceControlAddPortsToListViewTest (False) row 2"
                time="0.0390718"/>
      <testcase classname="Philips.PMP.Test.Auto.DataBackIntegrationTest"
                name="DataBackIntegrationEmptyDynamicAttributeBuilderTest"
                time="0.0286296"/>
      <testcase classname="Philips.PMP.Test.Auto.PriorityCatalogProviderTest"
                name="PriorityRevertToFactory"
                time="0.256323"/>
      <testcase classname="Philips.PMP.Test.Auto.EventCategorySettingsMgrTest"
                name="TopLevelSideEffects"
                time="0.0121759"/>
      <testcase classname="Philips.PMP.Test.Auto.TrendUploadDvcTest"
                name="MinimumDvcsTest"
                time="0.0045963"/>
      <testcase classname="Philips.PMP.Test.Auto.DataTileHelperTest"
                name="DataTileHelperCompareAlarmCountsTest"
                time="0.0059019"/>
      <testcase classname="Philips.PMP.Test.Auto.DataTileHelperTest"
                name="DataTileHelperSpotCheckTrendControlUpdateDataTest"
                time="0.0276401"/>
      <testcase classname="Philips.PIC.DataAcquisition.Test.SureSignsDataConverterTest"
                name="SureSignsDataCalculateSureSignsValuePrecisionTest (4.2,-1) row 1"
                time="0.0008955"/>
      <testcase classname="Philips.PIC.DataAcquisition.Test.SureSignsDataConverterTest"
                name="SureSignsDataCalculateSureSignsValuePrecisionTest (4.21,-2) row 2"
                time="0.0002945"/>
      <testcase classname="Philips.PIC.DataAcquisition.Test.SureSignsDataConverterTest"
                name="SureSignsDataCalculateSureSignsValuePrecisionTest (4,0) row 3"
                time="0.0002688"/>
      <testcase classname="Philips.PIC.DataAcquisition.Test.SureSignsDataConverterTest"
                name="SureSignsDataCalculateSureSignsValuePrecisionTest (.4,-1) row 4"
                time="0.0002521"/>
      <testcase classname="Philips.PIC.DataAcquisition.Test.SureSignsDataConverterTest"
                name="SureSignsDataCalculateSureSignsValuePrecisionTest (0.4,-1) row 5"
                time="0.0002834"/>
      <testcase classname="Philips.PMP.Test.Auto.SectorBatchMoverTest"
                name="SectorBatchMoverCalculateMoveBatchTest"
                time="0.5111147"/>
      <testcase classname="Philips.PMP.Test.Auto.DhcpProviderTest"
                name="IpReuse"
                time="0.3348279"/>
      <testcase classname="Philips.PMP.Test.Auto.DbSyncProviderTest"
                name="DbSyncIsNeeded (True,True,1,10,True) row 1"
                time="0.005182"/>
      <testcase classname="Philips.PMP.Test.Auto.DbSyncProviderTest"
                name="DbSyncIsNeeded (True,True,1,1,False) row 2"
                time="0.0008521"/>
      <testcase classname="Philips.PMP.Test.Auto.DbSyncProviderTest"
                name="DbSyncIsNeeded (True,False,0,0,True) row 3"
                time="0.003322"/>
      <testcase classname="Philips.PMP.Test.Auto.DbSyncProviderTest"
                name="DbSyncIsNeeded (False,True,0,0,False) row 4"
                time="0.0009459"/>
      <testcase classname="Philips.PMP.Test.Auto.DbSyncProviderTest"
                name="DbSyncIsNeeded (False,False,0,0,False) row 5"
                time="0.000753"/>
      <testcase classname="Philips.PMP.Test.Auto.SolutionSettingsTest"
                name="SolutionSettingsAnyCpu"
                time="0.0009816"/>
      <testcase classname="Philips.PMP.Test.Auto.IheDriverTest"
                name="IHEDeviceTestConnectionTest (CapsuleMDIP,TCPServer,3004,True,True,True) row 1"
                time="0.0416101"/>
      <testcase classname="Philips.PMP.Test.Auto.IheDriverTest"
                name="IHEDeviceTestConnectionTest (CapsuleMDIP,TCPServer,5000,True,True,True) row 2"
                time="0.0468253"/>
      <testcase classname="Philips.PMP.Test.Auto.IheDriverTest"
                name="IHEDeviceTestConnectionTest (CapsuleMDIP,TCPServer,5000,True,False,False) row 3"
                time="0.0570592"/>
      <testcase classname="Philips.PMP.Test.Auto.IheDriverTest"
                name="IHEDeviceTestConnectionTest (CapsuleMDIP,TCPServer,5000,False,True,False) row 4"
                time="0.1212722"/>
      <testcase classname="Philips.PMP.Test.Auto.IheDriverTest"
                name="IHEDeviceTestConnectionTest (BBraunDoselinkPlus,TCPServer,3005,True,True,True) row 5"
                time="0.0818725"/>
      <testcase classname="Philips.PMP.Test.Auto.IheDriverTest"
                name="IHEDeviceTestConnectionTest (BBraunDoselinkPlus,TCPServer,5000,False,True,False) row 6"
                time="0.0418999"/>
      <testcase classname="Philips.PMP.Test.Auto.ServiceQualifierTest"
                name="PrintSpoolerQualifier"
                time="0.002397"/>
      <testcase classname="Philips.PMP.Test.Auto.PatientIdTest"
                name="PatientIdentityGenderAttributeTest (SexUnspecified,SexUnknown) row 1"
                time="0.0131726"/>
      <testcase classname="Philips.PMP.Test.Auto.PatientIdTest"
                name="PatientIdentityGenderAttributeTest (SexUnknown,SexUnknown) row 2"
                time="0.0007212"/>
      <testcase classname="Philips.PMP.Test.Auto.PatientIdTest"
                name="PatientIdentityGenderAttributeTest (Male,Male) row 3"
                time="0.0005003"/>
      <testcase classname="Philips.PMP.Test.Auto.PatientIdTest"
                name="PatientIdentityGenderAttributeTest (Female,Female) row 4"
                time="0.0198506"/>
      <testcase classname="Philips.PMP.Test.Auto.NumericProviderTest"
                name="NumericProviderDuplicateDynamicAttributesExceptPDT"
                time="0.3072963"/>
      <testcase classname="Philips.PMP.Test.Auto.UserCredentialProcessorTest"
                name="UserCredentialProcessorCanPerformCryptography (True) row 1"
                time="0.0046743"/>
      <testcase classname="Philips.PMP.Test.Auto.UserCredentialProcessorTest"
                name="UserCredentialProcessorCanPerformCryptography (False) row 2"
                time="0.0006408"/>
      <testcase classname="Philips.PMP.Test.Auto.EntityLicenseTest"
                name="GetFeatureWillFindFeature"
                time="0.0011915"/>
      <testcase classname="Philips.PMP.Test.Auto.MobilePatientAdmitMgrTest"
                name="HifAdmitPatientTest (True,True,True,True) row 1"
                time="0.0324575"/>
      <testcase classname="Philips.PMP.Test.Auto.MobilePatientAdmitMgrTest"
                name="HifAdmitPatientTest (True,True,False,True) row 2"
                time="0.0166022"/>
      <testcase classname="Philips.PMP.Test.Auto.MobilePatientAdmitMgrTest"
                name="HifAdmitPatientTest (True,False,True,False) row 3"
                time="0.0091714"/>
      <testcase classname="Philips.PMP.Test.Auto.MobilePatientAdmitMgrTest"
                name="HifAdmitPatientTest (False,True,True,False) row 4"
                time="0.0141716"/>
      <testcase classname="Philips.PMP.Test.Auto.AlertFilterServiceTest"
                name="NewEndedPatientAlarms (True,False) row 1"
                time="0.005352"/>
      <testcase classname="Philips.PMP.Test.Auto.AlertFilterServiceTest"
                name="NewEndedPatientAlarms (False,True) row 2"
                time="0.002114"/>
      <testcase classname="Philips.PMP.Test.Auto.EventLogAppRestartAnalyzerTest"
                name="AnalyzeLastAppRestartOnly"
                time="0.0007436"/>
      <testcase classname="Philips.PMP.Test.Auto.Hl7AlarmClientMgrTest"
                name="AlarmClientGetPhysioDataNumericsCallTest"
                time="0.0043736"/>
      <testcase classname="Philips.PMP.Test.Auto.UserManagementProviderTest"
                name="ActionAssignmentsTest"
                time="0.3096639"/>
      <testcase classname="Philips.PMP.Test.Auto.MulticastAddressProviderTest"
                name="StaleZoneMulticastStoreTest"
                time="0.2683058"/>
      <testcase classname="Philips.PMP.Test.Auto.IntelliBridgeLanConfigurationControlTest"
                name="IsAnyDeviceAssignedTest (True,True) row 1"
                time="0.0497825"/>
      <testcase classname="Philips.PMP.Test.Auto.IntelliBridgeLanConfigurationControlTest"
                name="IsAnyDeviceAssignedTest (False,False) row 2"
                time="0.0530754"/>
      <testcase classname="Philips.PMP.Test.Auto.TeleProfileHelperTest"
                name="ProtocolWatchChangeEntryTest"
                time="0.3215041"/>
      <testcase classname="Philips.PMP.Test.Auto.EquipmentMgrTest"
                name="EquipmentMgrLocalSystemIdMatchTest"
                time="0.0006749"/>
      <testcase classname="Philips.PMP.Test.Auto.ProtocolWatchConversionsTest"
                name="ConvertDateTimesOfClinicalNotificationToLocalDateTime"
                time="0.0013346"/>
      <testcase classname="Philips.PMP.Test.Auto.IheDriverTest"
                name="IntelliBridgeIHEDriverTest"
                time="0.3036234"/>
      <testcase classname="Philips.PMP.Test.Auto.HostUnitAccessControlTest"
                name="HostUnitAccessControlHostSelected"
                time="0.3439924"/>
      <testcase classname="Philips.PMP.Test.Auto.LicenseTest"
                name="LicenseGetTopologyFeatureOptionValue"
                time="0.0035073"/>
      <testcase classname="Philips.PMP.Test.Auto.AlertMgrTest"
                name="AlertMgrAlarmAuditMonitorOfflineTest"
                time="0.0069089"/>
      <testcase classname="Philips.PMP.Test.Auto.BedTransferTopologyMgrTest"
                name="BedTransferTopologyMgrCanExcludeItself"
                time="0.1250006"/>
      <testcase classname="Philips.PMP.LicenseService.Test.LicenseHostValidatorTest"
                name="LicenseHostValidatorValidatesPatientDashboard (True,True,1,1,True) row 1"
                time="0.0009074"/>
      <testcase classname="Philips.PMP.LicenseService.Test.LicenseHostValidatorTest"
                name="LicenseHostValidatorValidatesPatientDashboard (False,True,1,0,True) row 2"
                time="0.0009127"/>
      <testcase classname="Philips.PMP.LicenseService.Test.LicenseHostValidatorTest"
                name="LicenseHostValidatorValidatesPatientDashboard (False,True,1,1,False) row 3"
                time="0.0009131"/>
      <testcase classname="Philips.PMP.LicenseService.Test.LicenseHostValidatorTest"
                name="LicenseHostValidatorValidatesPatientDashboard (True,False,1,1,True) row 4"
                time="0.0006746"/>
      <testcase classname="Philips.PMP.LicenseService.Test.LicenseHostValidatorTest"
                name="LicenseHostValidatorValidatesPatientDashboard (True,False,2,2,False) row 5"
                time="0.0009076"/>
      <testcase classname="Philips.PMP.LicenseService.Test.LicenseHostValidatorTest"
                name="LicenseHostValidatorValidatesPatientDashboard (False,False,1,1,False) row 6"
                time="0.0008965"/>
      <testcase classname="Philips.PMP.LicenseService.Test.LicenseHostValidatorTest"
                name="LicenseHostValidatorValidatesPatientDashboard (False,False,1,0,False) row 7"
                time="0.0007977"/>
      <testcase classname="Philips.IX.UserManagement.Test.UserContextTest"
                name="SwitchUserTest (True) row 1"
                time="0.0064441"/>
      <testcase classname="Philips.IX.UserManagement.Test.UserContextTest"
                name="SwitchUserTest (False) row 2"
                time="0.0042258"/>
      <testcase classname="Philips.PMP.Test.Auto.EcgDeviceMgrTest"
                name="EcgDeviceMgrCanDeriveBackfilledHexadWaves (ECG_ELEC_POTL_MCL1,ECG_ELEC_POTL_MCL3) row 1"
                time="0.0180471"/>
      <testcase classname="Philips.PMP.Test.Auto.EcgDeviceMgrTest"
                name="EcgDeviceMgrCanDeriveBackfilledHexadWaves (ECG_ELEC_POTL_MCL1,ECG_ELEC_POTL_MCL4) row 2"
                time="0.0018759"/>
      <testcase classname="Philips.PMP.Test.Auto.EcgDeviceMgrTest"
                name="EcgDeviceMgrCanDeriveBackfilledHexadWaves (ECG_ELEC_POTL_MCL1,ECG_ELEC_POTL_MCL5) row 3"
                time="0.0017909"/>
      <testcase classname="Philips.PMP.Test.Auto.EcgDeviceMgrTest"
                name="EcgDeviceMgrCanDeriveBackfilledHexadWaves (ECG_ELEC_POTL_MCL2,ECG_ELEC_POTL_MCL4) row 4"
                time="0.0020863"/>
      <testcase classname="Philips.PMP.Test.Auto.EcgDeviceMgrTest"
                name="EcgDeviceMgrCanDeriveBackfilledHexadWaves (ECG_ELEC_POTL_MCL2,ECG_ELEC_POTL_MCL5) row 5"
                time="0.0017608"/>
      <testcase classname="Philips.PMP.Test.Auto.EcgDeviceMgrTest"
                name="EcgDeviceMgrCanDeriveBackfilledHexadWaves (ECG_ELEC_POTL_MCL3,ECG_ELEC_POTL_MCL5) row 6"
                time="0.0017783"/>
      <testcase classname="Philips.PMP.Test.Auto.EcgDeviceMgrTest"
                name="EcgDeviceMgrCanDeriveBackfilledHexadWaves (ECG_ELEC_POTL_MCL3,ECG_ELEC_POTL_MCL6) row 7"
                time="0.003604"/>
      <testcase classname="Philips.PMP.Test.Auto.EcgIpmFilterTest"
                name="EcgSignalFiltersAdultDiag150HzTest"
                time="0.0010581"/>
      <testcase classname="Philips.PMP.Test.Auto.Hl7TcpServerConnectionTest"
                name="Hl7TcpServerConnectionNewConnectionValid"
                time="0.0420898"/>
      <testcase classname="Philips.PMP.Test.Auto.ActiveDirectoryHelperTest"
                name="GetDomainSucceedTest2"
                time="0.001653"/>
      <testcase classname="Philips.PMP.Test.Auto.PatientIdTest"
                name="PatientIdCollectionsReturnCopiesTest"
                time="0.0033749"/>
      <testcase classname="Philips.PIC.DataAcquisition.Test.MonitoringDeviceDaTest"
                name="MonitoringDeviceCheckConnectTest (False,True,Disconnected,1,0) row 1"
                time="0.0166089"/>
      <testcase classname="Philips.PIC.DataAcquisition.Test.MonitoringDeviceDaTest"
                name="MonitoringDeviceCheckConnectTest (False,True,DisconnectedFailure,1,0) row 2"
                time="0.011093"/>
      <testcase classname="Philips.PIC.DataAcquisition.Test.MonitoringDeviceDaTest"
                name="MonitoringDeviceCheckConnectTest (False,True,Connected,0,0) row 3"
                time="0.0183713"/>
      <testcase classname="Philips.PIC.DataAcquisition.Test.MonitoringDeviceDaTest"
                name="MonitoringDeviceCheckConnectTest (True,False,Connected,0,1) row 4"
                time="0.0168309"/>
      <testcase classname="Philips.PMP.Test.Auto.DeviceCompatibilityDeterminerTest"
                name="DeviceCompatibilityCompatibilityTest"
                time="0.0024317"/>
      <testcase classname="Philips.PMP.Test.Auto.EcgIpmFilterTest"
                name="EcgSignalFiltersAdultEcgFilter20HzTest"
                time="0.0039799"/>
      <testcase classname="Philips.PMP.Test.Auto.Ecg12LeadOrderMgrTest"
                name="Ecg12LeadOrderMgrShouldRequestPatientOrdersTest (True,False,False,False,False) row 1"
                time="0.0020017"/>
      <testcase classname="Philips.PMP.Test.Auto.Ecg12LeadOrderMgrTest"
                name="Ecg12LeadOrderMgrShouldRequestPatientOrdersTest (False,True,False,False,False) row 2"
                time="0.0004064"/>
      <testcase classname="Philips.PMP.Test.Auto.Ecg12LeadOrderMgrTest"
                name="Ecg12LeadOrderMgrShouldRequestPatientOrdersTest (False,False,True,False,False) row 3"
                time="0.0003305"/>
      <testcase classname="Philips.PMP.Test.Auto.Ecg12LeadOrderMgrTest"
                name="Ecg12LeadOrderMgrShouldRequestPatientOrdersTest (False,False,False,True,False) row 4"
                time="0.000965"/>
      <testcase classname="Philips.PMP.Test.Auto.Ecg12LeadOrderMgrTest"
                name="Ecg12LeadOrderMgrShouldRequestPatientOrdersTest (False,False,False,False,True) row 5"
                time="0.0003438"/>
      <testcase classname="Philips.PMP.Test.Auto.ApmDataConverterTest"
                name="UptimeStatisticConversionHandlesLookupFailures"
                time="0.0005702"/>
      <testcase classname="Philips.PMP.Test.Auto.FeatureAssignmentHelperTest"
                name="FeatureAssignmentHelperGetAvailableHostTypeErrorTest (True,False,False,Unknown) row 1"
                time="0.0039075"/>
      <testcase classname="Philips.PMP.Test.Auto.FeatureAssignmentHelperTest"
                name="FeatureAssignmentHelperGetAvailableHostTypeErrorTest (False,True,False,Unknown) row 2"
                time="0.0006641"/>
      <testcase classname="Philips.PMP.Test.Auto.FeatureAssignmentHelperTest"
                name="FeatureAssignmentHelperGetAvailableHostTypeErrorTest (False,False,False,StandalonePic) row 3"
                time="0.0016712"/>
      <testcase classname="Philips.PMP.Test.Auto.FeatureAssignmentHelperTest"
                name="FeatureAssignmentHelperGetAvailableHostTypeErrorTest (False,False,True,StandaloneLink) row 4"
                time="0.0005592"/>
      <testcase classname="Philips.PMP.Test.Auto.LimitCounterTest"
                name="LimitCounterElapsedIsTrueWhenLimitReached"
                time="0.0009008"/>
      <testcase classname="Philips.PMP.Test.Auto.PatientCensusCallbackProcessorTest"
                name="PatientCensusCallbackProcessorUpdatePatients"
                time="0.1649439"/>
      <testcase classname="Philips.PMP.Test.Auto.MobileSubscriberMgrTest"
                name="MobileBedSubscriberMgrCanAddGetAndRemoveSubscriber"
                time="0.1301521"/>
      <testcase classname="Philips.PMP.Test.Auto.PhysioDataServiceServiceMgrTest"
                name="PhysioDataServiceMetricMgrCanAddUpdateDeleteNewAlertsWithPatient"
                time="0.0944878"/>
      <testcase classname="Philips.PMP.Test.Auto.PhysioDataHelperTest"
                name="PhysioDataHelperSetEcgStatisticsLabelTest (666,) row 1"
                time="0.0005425"/>
      <testcase classname="Philips.PMP.Test.Auto.PhysioDataHelperTest"
                name="PhysioDataHelperSetEcgStatisticsLabelTest (16995,PvcRunRateMax) row 2"
                time="0.0003845"/>
      <testcase classname="Philips.PIC.DataAcquisition.Test.MonitoringDevicePatientQueryHelperTest"
                name="MonitoringDeviceFindPatientSubsetIdTest (55,False,False,True,True) row 1"
                time="0.0011964"/>
      <testcase classname="Philips.PIC.DataAcquisition.Test.MonitoringDevicePatientQueryHelperTest"
                name="MonitoringDeviceFindPatientSubsetIdTest (55,False,False,False,False) row 2"
                time="0.0093006"/>
      <testcase classname="Philips.PIC.DataAcquisition.Test.MonitoringDevicePatientQueryHelperTest"
                name="MonitoringDeviceFindPatientSubsetIdTest (55,False,True,False,False) row 3"
                time="0.0011127"/>
      <testcase classname="Philips.PIC.DataAcquisition.Test.MonitoringDevicePatientQueryHelperTest"
                name="MonitoringDeviceFindPatientSubsetIdTest (55,False,True,True,True) row 4"
                time="0.0010702"/>
      <testcase classname="Philips.PIC.DataAcquisition.Test.MonitoringDevicePatientQueryHelperTest"
                name="MonitoringDeviceFindPatientSubsetIdTest (555,True,False,False,False) row 5"
                time="0.0010461"/>
      <testcase classname="Philips.PIC.DataAcquisition.Test.MonitoringDevicePatientQueryHelperTest"
                name="MonitoringDeviceFindPatientSubsetIdTest (555,True,False,True,True) row 6"
                time="0.0009616"/>
      <testcase classname="Philips.PIC.DataAcquisition.Test.MonitoringDevicePatientQueryHelperTest"
                name="MonitoringDeviceFindPatientSubsetIdTest (555,True,True,False,False) row 7"
                time="0.0010349"/>
      <testcase classname="Philips.PIC.DataAcquisition.Test.MonitoringDevicePatientQueryHelperTest"
                name="MonitoringDeviceFindPatientSubsetIdTest (555,True,True,True,True) row 8"
                time="0.0010653"/>
      <testcase classname="Philips.PIC.DataAcquisition.Test.MonitoringDevicePatientQueryHelperTest"
                name="MonitoringDeviceFindPatientSubsetIdTest (5,False,False,True,True) row 9"
                time="0.0063009"/>
      <testcase classname="Philips.PIC.DataAcquisition.Test.MonitoringDevicePatientQueryHelperTest"
                name="MonitoringDeviceFindPatientSubsetIdTest (5,False,True,True,False) row 10"
                time="0.0019575"/>
      <testcase classname="Philips.PIC.DataAcquisition.Test.MonitoringDevicePatientQueryHelperTest"
                name="MonitoringDeviceFindPatientSubsetIdTest (5,True,False,True,True) row 11"
                time="0.0033526"/>
      <testcase classname="Philips.PIC.DataAcquisition.Test.MonitoringDevicePatientQueryHelperTest"
                name="MonitoringDeviceFindPatientSubsetIdTest (5,True,True,True,False) row 12"
                time="0.0013026"/>
      <testcase classname="Philips.PMP.Test.Auto.WaveAnnotationHelperTest"
                name="InitializeStarVerifyStarMethodsAreInvoked"
                time="0.0509791"/>
      <testcase classname="Philips.PMP.Test.Auto.LocalizationTests"
                name="CultureGetTest"
                time="0.0140277"/>
      <testcase classname="Philips.PMP.Test.Auto.LogsTest"
                name="LogCanCreateLoggerInstances (ProtocolWatch) row 1"
                time="0.4454315"/>
      <testcase classname="Philips.PMP.Test.Auto.LogsTest"
                name="LogCanCreateLoggerInstances (DeviceDiscovery) row 2"
                time="0.0152189"/>
      <testcase classname="Philips.CareEvent.Test.StandardDeviceDelegationControlTests"
                name="IsModifiedTest"
                time="0.596043"/>
      <testcase classname="Philips.PMP.Test.Auto.SoftwareUpdateHelperTest"
                name="MigrationFileSorting"
                time="0.0017201"/>
      <testcase classname="Philips.PMP.Test.Auto.Hl7StoreForwardHandlerTest"
                name="Hl7ClientResponseMsgReceivedUpdateSendStatusTest (True,True,True,True,1) row 1"
                time="0.0230079"/>
      <testcase classname="Philips.PMP.Test.Auto.Hl7StoreForwardHandlerTest"
                name="Hl7ClientResponseMsgReceivedUpdateSendStatusTest (True,True,False,False,0) row 2"
                time="0.0020737"/>
      <testcase classname="Philips.PMP.Test.Auto.Hl7StoreForwardHandlerTest"
                name="Hl7ClientResponseMsgReceivedUpdateSendStatusTest (False,True,False,False,0) row 3"
                time="0.0016228"/>
      <testcase classname="Philips.PMP.Test.Auto.AlarmAuditorTest"
                name="AlarmAuditorAddEnhancedTextTest (Technical,False,False,TelemPwm,Mdil,True) row 1"
                time="0.0072351"/>
      <testcase classname="Philips.PMP.Test.Auto.AlarmAuditorTest"
                name="AlarmAuditorAddEnhancedTextTest (Patient,False,False,TelemPwm,Mdil,True) row 2"
                time="0.0013282"/>
      <testcase classname="Philips.PMP.Test.Auto.AlarmAuditorTest"
                name="AlarmAuditorAddEnhancedTextTest (Patient,True,False,TelemPwm,Mdil,True) row 3"
                time="0.0010077"/>
      <testcase classname="Philips.PMP.Test.Auto.AlarmAuditorTest"
                name="AlarmAuditorAddEnhancedTextTest (Patient,True,False,Mx950,Mdil,True) row 4"
                time="0.0004983"/>
      <testcase classname="Philips.PMP.Test.Auto.AlarmAuditorTest"
                name="AlarmAuditorAddEnhancedTextTest (Patient,True,False,Mx950,Telemdil,True) row 5"
                time="0.0014465"/>
      <testcase classname="Philips.PMP.Test.Auto.AlarmAuditorTest"
                name="AlarmAuditorAddEnhancedTextTest (Patient,True,True,Mx950,Telemdil,False) row 6"
                time="0.0116238"/>
      <testcase classname="Philips.PMP.Test.Auto.EcgTroubleshootingControlCheckerTest"
                name="EcgTroubleshootingControlCheckerShouldEnableAction (True) row 1"
                time="0.0116308"/>
      <testcase classname="Philips.PMP.Test.Auto.EcgTroubleshootingControlCheckerTest"
                name="EcgTroubleshootingControlCheckerShouldEnableAction (False) row 2"
                time="0.0013864"/>
      <testcase classname="Philips.PMP.Test.Auto.PostgresDatabaseBackendFactoryTest"
                name="PostgresBackendFactoryJsonConversionTest"
                time="0.0135104"/>
      <testcase classname="Philips.PMP.Test.Auto.RepositoryTest"
                name="ClearSectoredBedsThatAreReassignedDontUseOldStateDataTest"
                time="0.0035307"/>
      <testcase classname="Philips.PMP.Test.Auto.ConnectToServerInstallMgrTest"
                name="OtherHostPrimarySoftwareUpdateFail1Test"
                time="0.0071683"/>
      <testcase classname="Philips.PMP.Test.Auto.LabMgrTest"
                name="LabDataServiceOnPatientAssignmentChangeTest (False,False,False,False,False) row 1"
                time="0.0383496"/>
      <testcase classname="Philips.PMP.Test.Auto.LabMgrTest"
                name="LabDataServiceOnPatientAssignmentChangeTest (True,False,False,False,False) row 2"
                time="0.0014205"/>
      <testcase classname="Philips.PMP.Test.Auto.LabMgrTest"
                name="LabDataServiceOnPatientAssignmentChangeTest (True,True,False,False,False) row 3"
                time="0.0013539"/>
      <testcase classname="Philips.PMP.Test.Auto.LabMgrTest"
                name="LabDataServiceOnPatientAssignmentChangeTest (True,True,True,False,False) row 4"
                time="0.0019974"/>
      <testcase classname="Philips.PMP.Test.Auto.LabMgrTest"
                name="LabDataServiceOnPatientAssignmentChangeTest (True,True,True,False,True) row 5"
                time="0.0046891"/>
      <testcase classname="Philips.PMP.Test.Auto.LabMgrTest"
                name="LabDataServiceOnPatientAssignmentChangeTest (True,True,True,True,True) row 6"
                time="0.0100326"/>
      <testcase classname="Philips.PMP.Test.Auto.SurveillanceSectorMgrTest"
                name="SurveillanceSimpleSectorChangesTest"
                time="0.4546275"/>
      <testcase classname="Philips.PMP.Test.Auto.IhedriverValidatorTest"
                name="IheDriverValidateAllTest"
                time="0.01195"/>
      <testcase classname="Philips.PMP.Test.Auto.EventCategoryFiltersTreeHelperTest"
                name="EventCategoryFilterTreeBuildTestForEventFiltersPatientViewUI"
                time="0.0312388"/>
      <testcase classname="Philips.PMP.Test.Auto.AlarmReviewUiTest"
                name="MoveToNextPageTest"
                time="0.0011677"/>
      <testcase classname="Philips.PMP.Test.Auto.PatientDataExportTest"
                name="RemovingStaleAperiodicNumericsTest"
                time="0.0016389"/>
      <testcase classname="Philips.PMP.Test.Auto.DataBackIntegrationTest"
                name="DataBackIntegrationNoSingleCtxtScanObservedValueBuilderTest"
                time="0.0023056"/>
      <testcase classname="Philips.PMP.Test.Auto.ControlServiceHelperTest"
                name="ControlServiceHelperLoadFlotracNumericBluePrintTest (OUTPUT_CARD_INDEX_CTS_FLOTRAC,True) row 1"
                time="0.0033197"/>
      <testcase classname="Philips.PMP.Test.Auto.ControlServiceHelperTest"
                name="ControlServiceHelperLoadFlotracNumericBluePrintTest (OUTPUT_CARD_CTS_FLOTRAC,True) row 2"
                time="0.0011644"/>
      <testcase classname="Philips.PMP.Test.Auto.ControlServiceHelperTest"
                name="ControlServiceHelperLoadFlotracNumericBluePrintTest (VOL_BLD_STROKE_INDEX_FLOTRAC,True) row 3"
                time="0.0007958"/>
      <testcase classname="Philips.PMP.Test.Auto.ControlServiceHelperTest"
                name="ControlServiceHelperLoadFlotracNumericBluePrintTest (VOL_BLD_STROKE_FLOTRAC,True) row 4"
                time="0.0007805"/>
      <testcase classname="Philips.PMP.Test.Auto.ControlServiceHelperTest"
                name="ControlServiceHelperLoadFlotracNumericBluePrintTest (VOL_BLD_STROKE_VAR_FLOTRAC,True) row 5"
                time="0.0008728"/>
      <testcase classname="Philips.PMP.Test.Auto.ControlServiceHelperTest"
                name="ControlServiceHelperLoadFlotracNumericBluePrintTest (PULS_PRESS_VAR_FLOTRAC,False) row 6"
                time="0.0004307"/>
      <testcase classname="Philips.PMP.Test.Auto.ControlServiceHelperTest"
                name="ControlServiceHelperLoadFlotracNumericBluePrintTest (RES_VASC_SYS_FLOTRAC,False) row 7"
                time="0.00039"/>
      <testcase classname="Philips.PMP.Test.Auto.ControlServiceHelperTest"
                name="ControlServiceHelperLoadFlotracNumericBluePrintTest (RES_VASC_SYS_INDEX_FLOTRAC,False) row 8"
                time="0.0003542"/>
      <testcase classname="Philips.CareEvent.Test.ProductValidatorTests"
                name="ProductNameTakeByDifferentProduct (Space Laser,2C8066C0-8F27-4C6E-9706-0B660EB23FBA,False) row 1"
                time="0.0023842"/>
      <testcase classname="Philips.CareEvent.Test.ProductValidatorTests"
                name="ProductNameTakeByDifferentProduct (Forest Fireinator 3000,11111111-1111-1111-1111-111111111111,False) row 2"
                time="0.0093277"/>
      <testcase classname="Philips.CareEvent.Test.ProductValidatorTests"
                name="ProductNameTakeByDifferentProduct (Space Laser,11111111-1111-1111-1111-111111111111,True) row 3"
                time="0.0005143"/>
      <testcase classname="Philips.CareEvent.Test.ProductValidatorTests"
                name="ProductNameTakeByDifferentProduct (Forest Fireinator 3000,11111111-1111-1111-1111-111111111111,False) row 4"
                time="0.0004681"/>
      <testcase classname="Philips.PMP.Test.Auto.AlertNotificationDeviceControlTest"
                name="AddConnectionRowTest"
                time="0.0479658"/>
      <testcase classname="Philips.PIC.DataAcquisition.Test.SureSignsDataConverterTest"
                name="SureSignsDataConverterGetParameterTimeTest"
                time="0.0011926"/>
      <testcase classname="Philips.PMP.Test.Auto.PhysioDataStorageQueuesTest"
                name="QueuesDisposeTimers"
                time="0.0010406"/>
      <testcase classname="Philips.PMP.Test.Auto.UnitSettingsCacheTest"
                name="UnitSettingsCacheDeviceSecurityTest (False) row 1"
                time="0.0800929"/>
      <testcase classname="Philips.PMP.Test.Auto.UnitSettingsCacheTest"
                name="UnitSettingsCacheDeviceSecurityTest (True) row 2"
                time="0.0025257"/>
      <testcase classname="Philips.PIC.WebBridge.Test.PhysioDataUpdateMgrTest"
                name="WillSaveUserStripTest"
                time="0.0032161"/>
      <testcase classname="Philips.CareEvent.Test.MobileDeviceProviderTests"
                name="DevicePhoneNumberUpdatesCacheTest"
                time="0.0130528"/>
      <testcase classname="Philips.PMP.Test.Auto.CaregiverPaginatorTest"
                name="ToStartShouldReturnToFirstPage"
                time="0.0006045"/>
      <testcase classname="Philips.PMP.Test.Auto.SolutionSettingsTest"
                name="IncludedFilesExistTest"
                time="0.424818"/>
      <testcase classname="Philips.CareEvent.Test.MobileRequestMgrTests"
                name="GetGroupDetailsResponseWithMissingUserTest"
                time="0.0127985"/>
      <testcase classname="Philips.PMP.Test.Auto.Hl7ConnectionTest"
                name="SendValidatedDataMsgNonIheReturnsFalse"
                time="0.0021423"/>
      <testcase classname="Philips.PMP.Test.Auto.HL7Test"
                name="GetMaxHl7BedAssignmentTest"
                time="2.5537549"/>
      <testcase classname="Philips.PMP.Test.Auto.ActiveDirectoryTimeSourceValidatorTest"
                name="IsTimeUpdateFromVerifiedSourceTest (Source: test1.ad.philips.local&#xD;&#xA;,NetBios,ad.philips.local,True) row 1"
                time="0.017667"/>
      <testcase classname="Philips.PMP.Test.Auto.ActiveDirectoryTimeSourceValidatorTest"
                name="IsTimeUpdateFromVerifiedSourceTest (Source: test2.ad.philips.local&#xD;&#xA;,ad.philips.local,ad.philips.local,True) row 2"
                time="0.0033548"/>
      <testcase classname="Philips.PMP.Test.Auto.ActiveDirectoryTimeSourceValidatorTest"
                name="IsTimeUpdateFromVerifiedSourceTest (Source: test3.ad.philips.local&#xD;&#xA;,,ad.philips.com,False) row 3"
                time="0.0017017"/>
      <testcase classname="Philips.PMP.Test.Auto.ActiveDirectoryTimeSourceValidatorTest"
                name="IsTimeUpdateFromVerifiedSourceTest (Source: test4.local&#xD;&#xA;,,,False) row 4"
                time="0.0044265"/>
      <testcase classname="Philips.PMP.Test.Auto.ActiveDirectoryTimeSourceValidatorTest"
                name="IsTimeUpdateFromVerifiedSourceTest (,NetBios,ad.philips.local,False) row 5"
                time="0.0026816"/>
      <testcase classname="Philips.PMP.Test.Auto.ActiveDirectoryTimeSourceValidatorTest"
                name="IsTimeUpdateFromVerifiedSourceTest (,,,False) row 6"
                time="0.0011992"/>
      <testcase classname="Philips.PMP.Test.Auto.FeatureAssignmentConfigEditControlTest"
                name="HostLicenseOptionsCopyTest"
                time="0.8775397"/>
      <testcase classname="Philips.PMP.Test.Auto.WatchdogServiceMgrTest"
                name="StartWatchdogAsServiceSucceedTest"
                time="0.0082684"/>
      <testcase classname="Philips.PIC.SharedAssignment.Test.SharedAssignmentDeserializerTest"
                name="SharedAssignmentDeserializesJsonWithIncorrectDataType"
                time="0.018035"/>
      <testcase classname="Philips.PMP.Test.Auto.SnmpConnectionFormTest"
                name="SnmpConnectionFormDefaultConstructorTest"
                time="0.0411208"/>
      <testcase classname="Philips.PMP.Test.Auto.CaregiverAssignmentProviderTest"
                name="NetworkAvailabilityChangeEventsShouldClearZoneCache"
                time="0.0059491"/>
      <testcase classname="Philips.PMP.Test.Auto.AlertNotificationQualifierTest"
                name="ExecuteOnOverviewHostTest"
                time="0.2124847"/>
      <testcase classname="Philips.PMP.Test.Auto.PwmControlMgrTest"
                name="QrsDetectionControlTest"
                time="0.0018871"/>
      <testcase classname="Philips.PMP.Test.Auto.MobileDataHelperTest"
                name="MobileDataHelperGetMobilePhysioDataSequence (3377699720527871,65535,False,3377699720527871) row 1"
                time="0.0006727"/>
      <testcase classname="Philips.PMP.Test.Auto.MobileDataHelperTest"
                name="MobileDataHelperGetMobilePhysioDataSequence (13527687380714127359,65535,True,18446744073709551615) row 2"
                time="0.0004981"/>
      <testcase classname="Philips.PMP.Test.Auto.MobileDataHelperTest"
                name="MobileDataHelperGetMobilePhysioDataSequence (3096957751569066,2147470540,True,14757170811994024618) row 3"
                time="0.0004708"/>
      <testcase classname="Philips.PIC.SharedAssignment.Test.SharedAssignmentDeserializerTest"
                name="SharedAssignmentDeserializesJsonWithNullValuesWithoutFailure"
                time="0.0052208"/>
      <testcase classname="Philips.PMP.Test.Auto.CareAssignmentAuditTrailWriterTest"
                name="WriteAuditTrailShouldWriteMultipleAssignments (True) row 1"
                time="0.0043353"/>
      <testcase classname="Philips.PMP.Test.Auto.CareAssignmentAuditTrailWriterTest"
                name="WriteAuditTrailShouldWriteMultipleAssignments (False) row 2"
                time="0.0028703"/>
      <testcase classname="Philips.iX.InboundDataBridge.Test.PhysioDataInboundMgrTest"
                name="UpdateDescriptorTest"
                time="0.0066606"/>
      <testcase classname="Philips.PIC.DataAcquisition.Test.SureSignsValidationMgrTest"
                name="SureSignsSpotCheckMgrProcessValidationUpdateFromHl7Test"
                time="0.0061461"/>
      <testcase classname="Philips.PMP.Test.Auto.PhysioDataDisplayHelperTest"
                name="PhysioDataDisplayHelperIsAnnotationModified (,,0,True) row 1"
                time="0.002207"/>
      <testcase classname="Philips.PMP.Test.Auto.PhysioDataDisplayHelperTest"
                name="PhysioDataDisplayHelperIsAnnotationModified (Comment,Label,1,False) row 2"
                time="0.0008229"/>
      <testcase classname="Philips.PMP.Test.Auto.PhysioDataDisplayHelperTest"
                name="PhysioDataDisplayHelperIsAnnotationModified (Comment,Label1,1,True) row 3"
                time="0.0003522"/>
      <testcase classname="Philips.PMP.Test.Auto.PhysioDataDisplayHelperTest"
                name="PhysioDataDisplayHelperIsAnnotationModified (Comment1,Label,1,True) row 4"
                time="0.0008061"/>
      <testcase classname="Philips.PMP.Test.Auto.PhysioDataDisplayHelperTest"
                name="PhysioDataDisplayHelperIsAnnotationModified (Comment,Label,0,True) row 5"
                time="0.0003473"/>
      <testcase classname="Philips.PMP.Test.Auto.PhysioDataDisplayHelperTest"
                name="PhysioDataDisplayHelperIsAnnotationModified (Comment,Label,2,True) row 6"
                time="0.000461"/>
      <testcase classname="Philips.PMP.Test.Auto.WaveProviderTest"
                name="WaveLabelTextIds1"
                time="0.0283121"/>
      <testcase classname="Philips.PMP.Test.Auto.TeleProfileHelperTest"
                name="SelectEntryTest"
                time="0.0017217"/>
      <testcase classname="Philips.PMP.Test.Auto.UtilitiesServiceMgrTest"
                name="UtilitiesServiceMgrValidate"
                time="0.1479239"/>
      <testcase classname="Philips.PMP.Test.Auto.UptimeTrackerTest"
                name="UptimeReportsDoNotOverlap"
                time="0.0018815"/>
      <testcase classname="Philips.PMP.Test.Auto.FactoryAccountConfigurationTest"
                name="FactoryAccountConfigurationPageFormatsToConfiguration (True,True) row 1"
                time="0.0528069"/>
      <testcase classname="Philips.PMP.Test.Auto.FactoryAccountConfigurationTest"
                name="FactoryAccountConfigurationPageFormatsToConfiguration (True,False) row 2"
                time="0.2600879"/>
      <testcase classname="Philips.PMP.Test.Auto.FactoryAccountConfigurationTest"
                name="FactoryAccountConfigurationPageFormatsToConfiguration (False,True) row 3"
                time="0.0378586"/>
      <testcase classname="Philips.PMP.Test.Auto.FactoryAccountConfigurationTest"
                name="FactoryAccountConfigurationPageFormatsToConfiguration (False,False) row 4"
                time="0.0557243"/>
      <testcase classname="Philips.PMP.Test.Auto.EventRolesProviderTest"
                name="RemoveChangesMadeToNurseRoleForCaregiversPatientDuringFactoryReset"
                time="0.2682835"/>
      <testcase classname="Philips.PMP.Test.Auto.EfficiaNumericMgrTest"
                name="EfficiaNumericMgrProcessSetPawpTest"
                time="0.0297809"/>
      <testcase classname="Philips.PMP.Test.Auto.ApmCrashDumpSummaryGeneratorTest"
                name="ApmCrashDumpSummaryGeneratorWillSpawnProcess"
                time="0.0057937"/>
      <testcase classname="Philips.PMP.Test.Auto.EventCategoryFilterProviderTest"
                name="RevertToFactoryDefaultTest"
                time="0.3908273"/>
      <testcase classname="Philips.PMP.Test.Auto.IntelliBridgeDeviceManagerTest"
                name="UpdateDriverTest"
                time="0.0174085"/>
      <testcase classname="Philips.PMP.Test.Auto.ControlGroupHelperTest"
                name="ControlGroupHelperGetFlotracControlsTest"
                time="0.0014312"/>
      <testcase classname="Philips.PMP.Test.Auto.AutoAdtConfigControlHelperTest"
                name="ResetToFactoryDefaultsTest"
                time="0.0059505"/>
      <testcase classname="Philips.PMP.Test.Auto.CatalogConfigControlTest"
                name="LoadSettingsHappyPath"
                time="0.2811806"/>
      <testcase classname="Philips.PMP.Test.Auto.DbInstallMgrTest"
                name="OtherDBInitializationTests (Philips.PIC.Primary) row 1"
                time="0.0005107"/>
      <testcase classname="Philips.PMP.Test.Auto.DbInstallMgrTest"
                name="OtherDBInitializationTests (Philips.PIC.Audit) row 2"
                time="0.000728"/>
      <testcase classname="Philips.PMP.Test.Auto.DbInstallMgrTest"
                name="OtherDBInitializationTests (Philips.PIC.Diagnostics) row 3"
                time="0.0081641"/>
      <testcase classname="Philips.PMP.Test.Auto.DbInstallMgrTest"
                name="OtherDBInitializationTests (Philips.PIC.Factory) row 4"
                time="0.0010915"/>
      <testcase classname="Philips.PMP.Test.Auto.DbInstallMgrTest"
                name="OtherDBInitializationTests (Philips.PIC.Test) row 5"
                time="0.0027724"/>
      <testcase classname="Philips.CareEvent.Test.EventNotificationServiceTest"
                name="EventNotificationServiceGetEventFromCacheTest"
                time="0.0041675"/>
      <testcase classname="Philips.CareEvent.Test.EventWorkflowProviderTests"
                name="GetChatMessagesWithoutUpdatesTest"
                time="0.0105231"/>
      <testcase classname="Philips.PMP.Test.Auto.MonitoringDeviceTimeMgrTest"
                name="MonitoringDeviceTimeMgrOnlyUpdatesTimeWhenNecessary"
                time="0.0047099"/>
      <testcase classname="Philips.PMP.Test.Auto.DeviceControlProviderTest"
                name="MeasurementControlsPatientSettingByPatientTypeTest"
                time="0.3017851"/>
      <testcase classname="Philips.PMP.Test.Auto.NumericPostProcessingTest"
                name="AperiodicDeDuplicatorDifferentPdtsTest"
                time="0.0012344"/>
      <testcase classname="Philips.PMP.Test.Auto.TrendUploadDvcTest"
                name="DvcResetTest"
                time="0.0012054"/>
      <testcase classname="Philips.PMP.Test.Auto.Hl7TcpServerConnectionTest"
                name="Hl7TcpServerConnectionStartTcpListener"
                time="0.4902875"/>
      <testcase classname="Philips.PMP.Test.Auto.IhedriverValidatorTest"
                name="IheDriverValidateLanDeviceConnectionTest (Success,have connected successfully) row 1"
                time="0.0104933"/>
      <testcase classname="Philips.PMP.Test.Auto.IhedriverValidatorTest"
                name="IheDriverValidateLanDeviceConnectionTest (Failure,Connection test failed) row 2"
                time="0.0023585"/>
      <testcase classname="Philips.PMP.Test.Auto.PatientAssignmentControlValidatorTest"
                name="PatientAssignmentControlValidatorValidate"
                time="0.0006239"/>
      <testcase classname="Philips.PMP.Test.Auto.SqlServerOffloadQualifierTest"
                name="OffloadStoredCorrectly"
                time="0.0019501"/>
      <testcase classname="Philips.PMP.Test.Auto.NlsCatalogServiceTest"
                name="NlsCatalogCheckRevisions"
                time="1.4904126"/>
      <testcase classname="Philips.PMP.Test.Auto.RestoreControlTest"
                name="RestoreUnsupportedArchiveOutdatedVersionTest (A.00.00,A.00.11) row 1"
                time="0.0175278"/>
      <testcase classname="Philips.PMP.Test.Auto.RestoreControlTest"
                name="RestoreUnsupportedArchiveOutdatedVersionTest (A.01.00,A.01.01) row 2"
                time="0.0172948"/>
      <testcase classname="Philips.PMP.Test.Auto.RestoreControlTest"
                name="RestoreUnsupportedArchiveOutdatedVersionTest (A.02.00,A.02.04) row 3"
                time="0.0174278"/>
      <testcase classname="Philips.PMP.Test.Auto.RestoreControlTest"
                name="RestoreUnsupportedArchiveOutdatedVersionTest (B.00.00,B.00.05) row 4"
                time="0.0175181"/>
      <testcase classname="Philips.PMP.Test.Auto.RestoreControlTest"
                name="RestoreUnsupportedArchiveOutdatedVersionTest (B.01.00,B.01.01) row 5"
                time="0.0174694"/>
      <testcase classname="Philips.PMP.Test.Auto.RestoreControlTest"
                name="RestoreUnsupportedArchiveOutdatedVersionTest (B.02.00,B.02.07) row 6"
                time="0.0186165"/>
      <testcase classname="Philips.PMP.Test.Auto.RestoreControlTest"
                name="RestoreUnsupportedArchiveOutdatedVersionTest (C.00.00,C.00.01) row 7"
                time="0.0184445"/>
      <testcase classname="Philips.PMP.Test.Auto.RestoreControlTest"
                name="RestoreUnsupportedArchiveOutdatedVersionTest (C.01.00,C.01.01) row 8"
                time="0.0182574"/>
      <testcase classname="Philips.PMP.Test.Auto.RestoreControlTest"
                name="RestoreUnsupportedArchiveOutdatedVersionTest (C.02.00,C.02.01) row 9"
                time="0.0183787"/>
      <testcase classname="Philips.PMP.Test.Auto.Hl7ConnectionTest"
                name="Hl7ConnectionStartStopTest"
                time="0.4702839"/>
      <testcase classname="Philips.PMP.Test.Auto.EventCatalogProviderTest"
                name="SetEventCategoryShouldFindExpectedCategoryByText (Code Blue,Rauland Responder,B5AB4CE3-4289-4393-BFBB-D8A5C5914393) row 1"
                time="0.1074193"/>
      <testcase classname="Philips.PMP.Test.Auto.EventCatalogProviderTest"
                name="SetEventCategoryShouldFindExpectedCategoryByText (Housekeeping,Telligence,4649290A-23AC-4F26-9023-DDA4E761D2C7) row 2"
                time="0.0927017"/>
      <testcase classname="Philips.PMP.Test.Auto.EventCatalogProviderTest"
                name="SetEventCategoryShouldFindExpectedCategoryByText (Staff Assist,Zettler Sentinel 500 Touch,7AC2F00D-303B-4764-8D9F-0A87D60EFBAB) row 3"
                time="0.0994559"/>
      <testcase classname="Philips.PMP.Test.Auto.EventCatalogProviderTest"
                name="SetEventCategoryShouldFindExpectedCategoryByText (Food not delivered 001,Interactive Patient Care,E8EB5734-55C8-4E7E-9198-F2B92D566C3C) row 4"
                time="0.1037103"/>
      <testcase classname="Philips.PMP.Test.Auto.EventCatalogProviderTest"
                name="SetEventCategoryShouldFindExpectedCategoryByText (Miscellaneous Category Test,Rauland Responder,053AE128-0EA8-4713-B45F-6B5861983D4C) row 5"
                time="0.0946354"/>
      <testcase classname="Philips.PMP.Test.Auto.EventCatalogProviderTest"
                name="SetEventCategoryShouldFindExpectedCategoryByText (Miscellaneous Category Test,Telligence,BCFB6818-D23A-4073-8F4B-89A31E018929) row 6"
                time="0.0956962"/>
      <testcase classname="Philips.PMP.Test.Auto.EventCatalogProviderTest"
                name="SetEventCategoryShouldFindExpectedCategoryByText (Miscellaneous Category Test,Zettler Sentinel 500 Touch,E4267B64-ECA2-40B1-944B-7CFC4FB77AEF) row 7"
                time="0.0979697"/>
      <testcase classname="Philips.PIC.DeviceUserManagement.Test.DeviceUserManagementServiceTest"
                name="DeviceUserManagementServicePermissionsChange"
                time="0.0054722"/>
      <testcase classname="Philips.PMP.Test.Auto.InboundAdtPatientConfigQualifierTest"
                name="InboundAdtPatientConfigQualifierSingleLifetimeIds (Required,Success,MedicalRecordNumber) row 1"
                time="0.001723"/>
      <testcase classname="Philips.PMP.Test.Auto.InboundAdtPatientConfigQualifierTest"
                name="InboundAdtPatientConfigQualifierSingleLifetimeIds (Optional,Failure,MedicalRecordNumber) row 2"
                time="0.0012041"/>
      <testcase classname="Philips.PMP.Test.Auto.InboundAdtPatientConfigQualifierTest"
                name="InboundAdtPatientConfigQualifierSingleLifetimeIds (Required,Failure,PatientInternalIdentifier) row 3"
                time="0.001138"/>
      <testcase classname="Philips.PMP.Test.Auto.InboundAdtPatientConfigQualifierTest"
                name="InboundAdtPatientConfigQualifierSingleLifetimeIds (Optional,Success,PatientInternalIdentifier) row 4"
                time="0.0010912"/>
      <testcase classname="Philips.PIC.DataAcquisition.Test.MonitoringDeviceDaTest"
                name="MonitoringDeviceDaRemoveTest"
                time="0.0156979"/>
      <testcase classname="Philips.PMP.Test.Auto.MulticastZoneRuleHelperTest"
                name="MulticastZoneRuleHelperCanMoveHostSameMulticastZoneTest"
                time="0.0077327"/>
      <testcase classname="Philips.PMP.Test.Auto.PriorDataTest"
                name="PriorDataGetAvailabilityDataTest"
                time="0.2960756"/>
      <testcase classname="Philips.PMP.Test.Auto.FindPatientControlTest"
                name="FindPatientGetPatientIdForSearch (Required,True) row 1"
                time="0.0240083"/>
      <testcase classname="Philips.PMP.Test.Auto.FindPatientControlTest"
                name="FindPatientGetPatientIdForSearch (Optional,True) row 2"
                time="0.0157329"/>
      <testcase classname="Philips.PMP.Test.Auto.FindPatientControlTest"
                name="FindPatientGetPatientIdForSearch (Required,False) row 3"
                time="0.0147999"/>
      <testcase classname="Philips.PMP.Test.Auto.FindPatientControlTest"
                name="FindPatientGetPatientIdForSearch (Optional,False) row 4"
                time="0.0148123"/>
      <testcase classname="Philips.CareEvent.Test.EventInputConfigurationValidatorTest"
                name="DeletedConfigurationShouldNotBeCountedAsDuplicate"
                time="0.0099588"/>
      <testcase classname="Philips.PMP.Test.Auto.IheDeviceTest"
                name="ProcessPC01MessageUnitAddUpdateRemove"
                time="0.0067151"/>
      <testcase classname="Philips.PMP.LicenseService.Test.UnitLicenseValidatorTest"
                name="ValidateUnitLicenseWillReturnFalseIfThereIsAnyInvalidCodeConfigured"
                time="0.0071065"/>
      <testcase classname="Philips.PMP.Test.Auto.Hl7MessageSenderTest"
                name="Hl7SendToClientConnectionFormattedMsgLengthIsZeroTest"
                time="0.0029094"/>
      <testcase classname="Philips.PMP.Test.Auto.PhysioDataPurgeTest"
                name="UpdatedTimesPurgeTest"
                time="0.0388915"/>
      <testcase classname="Philips.iX.InboundDataBridge.Test.PhysioDataInboundMgrTest"
                name="SubscibeNotCalledWhenNoAcpmPConfiguredTest"
                time="0.0127578"/>
      <testcase classname="Philips.PMP.Test.Auto.RecordingWavesTest"
                name="RecorderWaveScalingTest"
                time="0.008022"/>
      <testcase classname="Philips.PMP.Test.Auto.PhysioDataServiceTest"
                name="PhysioDataServiceCanGetPatientsLatestTimeFromDbInParallel"
                time="0.0060763"/>
      <testcase classname="Philips.PMP.Test.Auto.RepositoryTest"
                name="RepositoryCanFillComplexMetricSubscription"
                time="0.009145"/>
      <testcase classname="Philips.PMP.Test.Auto.EventCategoryFilterProviderTest"
                name="GetFiltersInSettingsTextHelperShouldReturnCorrectFilters"
                time="0.0053686"/>
      <testcase classname="Philips.PMP.Test.Auto.TeleMdilDaTest"
                name="TeleMdilDaGetDeviceAssociateTimeoutValueTest (TypePhilipsAbg,False) row 1"
                time="0.0034588"/>
      <testcase classname="Philips.PMP.Test.Auto.TeleMdilDaTest"
                name="TeleMdilDaGetDeviceAssociateTimeoutValueTest (TypePhilipsIts,False) row 2"
                time="0.0004993"/>
      <testcase classname="Philips.PMP.Test.Auto.TeleMdilDaTest"
                name="TeleMdilDaGetDeviceAssociateTimeoutValueTest (TypePhilipsItsWmts,False) row 3"
                time="0.000583"/>
      <testcase classname="Philips.PMP.Test.Auto.TeleMdilDaTest"
                name="TeleMdilDaGetDeviceAssociateTimeoutValueTest (TypePhilipsItsRow,False) row 4"
                time="0.0013901"/>
      <testcase classname="Philips.PMP.Test.Auto.TeleMdilDaTest"
                name="TeleMdilDaGetDeviceAssociateTimeoutValueTest (TypePhilipsItsRowSh2,False) row 5"
                time="0.0005131"/>
      <testcase classname="Philips.PMP.Test.Auto.TeleMdilDaTest"
                name="TeleMdilDaGetDeviceAssociateTimeoutValueTest (TypePhilipsItsWmtsSh2,False) row 6"
                time="0.000461"/>
      <testcase classname="Philips.PMP.Test.Auto.TeleMdilDaTest"
                name="TeleMdilDaGetDeviceAssociateTimeoutValueTest (TypePhilipsAbg,True) row 7"
                time="0.0012414"/>
      <testcase classname="Philips.PMP.Test.Auto.TeleMdilDaTest"
                name="TeleMdilDaGetDeviceAssociateTimeoutValueTest (TypePhilipsIts,True) row 8"
                time="0.000554"/>
      <testcase classname="Philips.PMP.Test.Auto.TeleMdilDaTest"
                name="TeleMdilDaGetDeviceAssociateTimeoutValueTest (TypePhilipsItsWmts,True) row 9"
                time="0.0016887"/>
      <testcase classname="Philips.PMP.Test.Auto.TeleMdilDaTest"
                name="TeleMdilDaGetDeviceAssociateTimeoutValueTest (TypePhilipsItsRow,True) row 10"
                time="0.0005068"/>
      <testcase classname="Philips.PMP.Test.Auto.TeleMdilDaTest"
                name="TeleMdilDaGetDeviceAssociateTimeoutValueTest (TypePhilipsItsRowSh2,True) row 11"
                time="0.0004128"/>
      <testcase classname="Philips.PMP.Test.Auto.TeleMdilDaTest"
                name="TeleMdilDaGetDeviceAssociateTimeoutValueTest (TypePhilipsItsWmtsSh2,True) row 12"
                time="0.0004627"/>
      <testcase classname="Philips.PMP.Test.Auto.DeviceProviderTest"
                name="UpdateIpAddressTest"
                time="0.2634949"/>
      <testcase classname="Philips.PMP.Test.Auto.AlertCategorizerTest"
                name="AlertCategorizerValueTest (Philips.Platform.UshortHashSet,HeartRate) row 1"
                time="0.0537758"/>
      <testcase classname="Philips.PMP.Test.Auto.AlertCategorizerTest"
                name="AlertCategorizerValueTest (Philips.Platform.UshortHashSet,SpO2) row 2"
                time="0.0018659"/>
      <testcase classname="Philips.PMP.Test.Auto.AlertCategorizerTest"
                name="AlertCategorizerValueTest (Philips.Platform.UshortHashSet,Resp) row 3"
                time="0.0016833"/>
      <testcase classname="Philips.PMP.Test.Auto.AlertCategorizerTest"
                name="AlertCategorizerValueTest (Philips.Platform.UshortHashSet,Nbp) row 4"
                time="0.0020531"/>
      <testcase classname="Philips.PMP.Test.Auto.AlertCategorizerTest"
                name="AlertCategorizerValueTest (Philips.Platform.UshortHashSet,Bp) row 5"
                time="0.0025681"/>
      <testcase classname="Philips.PMP.Test.Auto.AlertCategorizerTest"
                name="AlertCategorizerValueTest (Philips.Platform.UshortHashSet,St) row 6"
                time="0.0023643"/>
      <testcase classname="Philips.PMP.Test.Auto.ApmCrashDumpSummaryGeneratorTest"
                name="ApmCrashDumpSummaryGeneratorWillDeserializePayload"
                time="0.1956298"/>
      <testcase classname="Philips.PMP.Test.Auto.PatientEquipmentManagementHelperTest"
                name="PatientEquipmentManagementHelperGetUnassignedDevicesForPatientAssignment"
                time="0.5628073"/>
      <testcase classname="Philips.PMP.Test.Auto.EcgIpmFilterTest"
                name="EcgSignalFiltersPedEcgFilter05HzTest"
                time="0.0065579"/>
      <testcase classname="Philips.PMP.Test.Auto.RoleLockProviderTest"
                name="ClearRoleLock"
                time="0.0083839"/>
      <testcase classname="Philips.PMP.Test.Auto.DiskSpaceQualifierTest"
                name="DiskSpaceQualifierVerify (100,0,Failure) row 1"
                time="0.0043407"/>
      <testcase classname="Philips.PMP.Test.Auto.DiskSpaceQualifierTest"
                name="DiskSpaceQualifierVerify (250,0,Success) row 2"
                time="0.0063886"/>
      <testcase classname="Philips.PMP.Test.Auto.DiskSpaceQualifierTest"
                name="DiskSpaceQualifierVerify (200,200,Warning) row 3"
                time="0.0040154"/>
      <testcase classname="Philips.PMP.Test.Auto.EcgFilterMgrTest"
                name="EcgMgrTestLineFilterIsSetOnDataPath"
                time="0.0041064"/>
      <testcase classname="Philips.PMP.Test.Auto.PatientSyncProviderTest"
                name="PatientProviderCanSyncPatientTest"
                time="0.0201045"/>
      <testcase classname="Philips.PIC.WebBridge.Test.WaveStripReportGeneratorTest"
                name="WillTryExportTest"
                time="0.0961006"/>
      <testcase classname="Philips.PMP.Test.Auto.EntityLicenseExtensionsTest"
                name="EntityLicenseExtensionsIsRecording"
                time="0.0011678"/>
      <testcase classname="Philips.PMP.Test.Auto.MobilePatientConverterTest"
                name="SimpleConverterContainsRequiredProperties"
                time="0.0190341"/>
      <testcase classname="Philips.PMP.Test.Auto.Hl7MessageSenderTest"
                name="Hl7StartStopTest (ReporterClient,1,1) row 1"
                time="0.020016"/>
      <testcase classname="Philips.PMP.Test.Auto.Hl7MessageSenderTest"
                name="Hl7StartStopTest (ReporterServer,1,1) row 2"
                time="0.0014272"/>
      <testcase classname="Philips.PMP.Test.Auto.Hl7MessageSenderTest"
                name="Hl7StartStopTest (TrendClient,1,1) row 3"
                time="0.0011957"/>
      <testcase classname="Philips.PMP.Test.Auto.Hl7MessageSenderTest"
                name="Hl7StartStopTest (TrendServer,1,1) row 4"
                time="0.0011351"/>
      <testcase classname="Philips.PMP.Test.Auto.Hl7MessageSenderTest"
                name="Hl7StartStopTest (AlarmClient,1,1) row 5"
                time="0.0011793"/>
      <testcase classname="Philips.PMP.Test.Auto.MobilePatientDischargeTest"
                name="ProcessDischargePatientTest (True) row 1"
                time="0.0169971"/>
      <testcase classname="Philips.PMP.Test.Auto.MobilePatientDischargeTest"
                name="ProcessDischargePatientTest (False) row 2"
                time="0.0069302"/>
      <testcase classname="Philips.PMP.Test.Auto.WebQualifierTest"
                name="KnownSitesMatchesConfiguration"
                time="0.0055545"/>
      <testcase classname="Philips.PMP.Test.Auto.IntelliBridgeLanConfigurationControlTest"
                name="IntelliBridgeLanConfigurationControlDeterminesIsIheMdip (,CapsuleMDIP,False) row 1"
                time="0.0566228"/>
      <testcase classname="Philips.PMP.Test.Auto.IntelliBridgeLanConfigurationControlTest"
                name="IntelliBridgeLanConfigurationControlDeterminesIsIheMdip (IHEDriver,CapsuleMDIP,True) row 2"
                time="0.0517489"/>
      <testcase classname="Philips.PMP.Test.Auto.IntelliBridgeLanConfigurationControlTest"
                name="IntelliBridgeLanConfigurationControlDeterminesIsIheMdip (IHEDriver,BDAIC,False) row 3"
                time="0.052517"/>
      <testcase classname="Philips.PMP.Test.Auto.IntelliBridgeLanConfigurationControlTest"
                name="IntelliBridgeLanConfigurationControlDeterminesIsIheMdip (SomethingElse,BDAIC,False) row 4"
                time="0.0487189"/>
      <testcase classname="Philips.PMP.Test.Auto.EventNotificationValidatorTest"
                name="ValidateForUserConfirmationAvailableTest"
                time="0.0028933"/>
      <testcase classname="Philips.PMP.Test.Auto.Hl7TcpConnectionTest"
                name="Hl7TcpConnectionConnected"
                time="0.520765"/>
      <testcase classname="Philips.PMP.Test.Auto.NumericProviderTest"
                name="NumericProviderAperiodicOneParameterTwoMonitorsSamePatient"
                time="0.2922975"/>
      <testcase classname="Philips.PMP.Test.Auto.EventCategorySettingsProviderTest"
                name="GetEventCategorySettingsForPPMAndGuardianShouldFindOneSharedCategory"
                time="0.3269085"/>
      <testcase classname="Philips.PMP.Test.Auto.MulticastZoneRuleHelperTest"
                name="MulticastZoneRuleHelperCanMoveHostDifferentMulticastZoneTest"
                time="0.006808"/>
      <testcase classname="Philips.PMP.Test.Auto.RepositoryTest"
                name="DeletedMetricsDoNotTriggerScanReportIssueTest"
                time="0.0154909"/>
      <testcase classname="Philips.PMP.Test.Auto.ArchiveProviderTest"
                name="ArchiveProviderDeleteBackUpFile"
                time="0.3482247"/>
      <testcase classname="Philips.PMP.Test.Auto.RepositoryNumericTest"
                name="EasiDerivationInNumericsTest"
                time="0.0129389"/>
      <testcase classname="Philips.PMP.Test.Auto.RmsTest"
                name="RmsUniquePatientId"
                time="0.298209"/>
      <testcase classname="Philips.PMP.Test.Auto.MobilePatientConverterTest"
                name="MobilePatientConverterNoDataReasonWillGetOverviewClearedTest"
                time="0.0028794"/>
      <testcase classname="Philips.PMP.Test.Auto.SpotCheckTrendServiceTest"
                name="SpotCheckTrendServiceStopTest"
                time="0.0010803"/>
      <testcase classname="Philips.PMP.Test.Auto.LicenseViewerXmlProviderTest"
                name="ProfileEntityXmlProviderLoad"
                time="0.0028548"/>
      <testcase classname="Philips.PMP.Test.Auto.NotificationSettingProviderTest"
                name="GetNotificationRolesForZoneTest"
                time="0.0045645"/>
      <testcase classname="Philips.PMP.Test.Auto.RetrospectiveDataEnumerationBridgeTest"
                name="GetFilteredEwsScoreTest (False) row 1"
                time="0.2920635"/>
      <testcase classname="Philips.PMP.Test.Auto.RetrospectiveDataEnumerationBridgeTest"
                name="GetFilteredEwsScoreTest (True) row 2"
                time="0.0353495"/>
      <testcase classname="Philips.PMP.Test.Auto.EfficiaHelperTest"
                name="EfficiaHelperMapUnknownEfficiaIdToMdilAlarmTest (Technical,HardInop,2155152788,61887,64034) row 1"
                time="0.0136337"/>
      <testcase classname="Philips.PMP.Test.Auto.EfficiaHelperTest"
                name="EfficiaHelperMapUnknownEfficiaIdToMdilAlarmTest (Technical,YellowAlarm,2155152786,61889,64034) row 2"
                time="0.0008615"/>
      <testcase classname="Philips.PMP.Test.Auto.EfficiaHelperTest"
                name="EfficiaHelperMapUnknownEfficiaIdToMdilAlarmTest (Technical,RedAlarm,2155152784,61891,64034) row 3"
                time="0.0019269"/>
      <testcase classname="Philips.PMP.Test.Auto.EfficiaHelperTest"
                name="EfficiaHelperMapUnknownEfficiaIdToMdilAlarmTest (Patient,HardInop,2155152794,62109,64034) row 4"
                time="0.0012315"/>
      <testcase classname="Philips.PMP.Test.Auto.EfficiaHelperTest"
                name="EfficiaHelperMapUnknownEfficiaIdToMdilAlarmTest (Patient,YellowAlarm,2155152792,62111,64034) row 5"
                time="0.0018495"/>
      <testcase classname="Philips.PMP.Test.Auto.EfficiaHelperTest"
                name="EfficiaHelperMapUnknownEfficiaIdToMdilAlarmTest (Patient,RedAlarm,2155152790,62113,64034) row 6"
                time="0.0189241"/>
      <testcase classname="Philips.PMP.Test.Auto.ApmDataConverterTest"
                name="ApmDataConvertIdentifiesDeviceTypes (Host,Host) row 1"
                time="0.0021652"/>
      <testcase classname="Philips.PMP.Test.Auto.ApmDataConverterTest"
                name="ApmDataConvertIdentifiesDeviceTypes (Monitor,Monitor) row 2"
                time="0.0005874"/>
      <testcase classname="Philips.PMP.Test.Auto.ApmDataConverterTest"
                name="ApmDataConvertIdentifiesDeviceTypes (IntelliBridgeSourceDevice,Monitor) row 3"
                time="0.0004156"/>
      <testcase classname="Philips.PMP.Test.Auto.ApmDataConverterTest"
                name="ApmDataConvertIdentifiesDeviceTypes (Ap,Ap) row 4"
                time="0.0004217"/>
      <testcase classname="Philips.PMP.Test.Auto.ApmDataConverterTest"
                name="ApmDataConvertIdentifiesDeviceTypes (Apc,Apc) row 5"
                time="0.0004634"/>
      <testcase classname="Philips.PMP.Test.Auto.ApmDataConverterTest"
                name="ApmDataConvertIdentifiesDeviceTypes (RemoteAntenna,Radio) row 6"
                time="0.0004257"/>
      <testcase classname="Philips.PMP.Test.Auto.ApmDataConverterTest"
                name="ApmDataConvertIdentifiesDeviceTypes (Switch,Switch) row 7"
                time="0.0004169"/>
      <testcase classname="Philips.PMP.Test.Auto.ApmDataConverterTest"
                name="ApmDataConvertIdentifiesDeviceTypes (IntelliBridgeLanServer,Unknown) row 8"
                time="0.0004281"/>
      <testcase classname="Philips.PMP.Test.Auto.ThirdPartyAppQualifierTest"
                name="ThirdPartyAppsKavoomInstallation"
                time="0.0959871"/>
      <testcase classname="Philips.PIC.CertificateSync.Test.TrustedCertificateCacheTest"
                name="TrustedCertificatesAreCached"
                time="0.0618128"/>
      <testcase classname="Philips.PIC.WebBridge.Test.UserMgrTest"
                name="DoesUserHaveAccessToUnitActionTest (UnitSettings,True) row 1"
                time="0.0047374"/>
      <testcase classname="Philips.PIC.WebBridge.Test.UserMgrTest"
                name="DoesUserHaveAccessToUnitActionTest (TopologyConfiguration,False) row 2"
                time="0.0028922"/>
      <testcase classname="Philips.PMP.Test.Auto.DataTileHelperTest"
                name="QrsThresholdRenderTest"
                time="0.0335362"/>
      <testcase classname="Philips.IX.UserManagement.Test.UserAuthenticationSessionTest"
                name="UserAuthenticationSessionTwoStepAuthenticateFail"
                time="0.0172954"/>
      <testcase classname="Philips.PMP.Test.Auto.WatchedProcessTest"
                name="WatchedProcessBasicFunctionality"
                time="0.0111396"/>
      <testcase classname="Philips.CareEvent.Test.EventReviewProviderTests"
                name="GetEventsForPatientReviewMustReturnEventsForGivenPatient"
                time="0.2470637"/>
      <testcase classname="Philips.PIC.DataAcquisition.Test.MonitoringDevicePatientQueryHelperTest"
                name="MonitoringDeviceTryGetPatientTest (False,False,False) row 1"
                time="0.0056149"/>
      <testcase classname="Philips.PIC.DataAcquisition.Test.MonitoringDevicePatientQueryHelperTest"
                name="MonitoringDeviceTryGetPatientTest (True,False,False) row 2"
                time="0.0021835"/>
      <testcase classname="Philips.PIC.DataAcquisition.Test.MonitoringDevicePatientQueryHelperTest"
                name="MonitoringDeviceTryGetPatientTest (False,True,False) row 3"
                time="0.0066855"/>
      <testcase classname="Philips.PIC.DataAcquisition.Test.MonitoringDevicePatientQueryHelperTest"
                name="MonitoringDeviceTryGetPatientTest (True,True,True) row 4"
                time="0.0028456"/>
      <testcase classname="Philips.PMP.Test.Auto.CallbackTokenMgrTest"
                name="CallbackTokenMgrTokenReuseHandling"
                time="0.0017313"/>
      <testcase classname="Philips.PMP.Test.Auto.ProtocolSetupProviderTest"
                name="ProtocolListStoreTest"
                time="0.5011012"/>
      <testcase classname="Philips.PMP.Test.Auto.ApcDiscoveryMgrTest"
                name="ApcDiscoveryMgrConvertApHwRevisionToStringTest"
                time="0.0015869"/>
      <testcase classname="Philips.PMP.LicenseService.Test.LicenseHostValidatorTest"
                name="LicenseValidatorValidatePhysioDeveloperNetworkedNoPatientConnections"
                time="0.0010995"/>
      <testcase classname="Philips.PMP.Test.Auto.WaveFileMgrTest"
                name="PdxGapInSegmentIsFilled"
                time="0.0034962"/>
      <testcase classname="Philips.PMP.Test.Auto.PatientWorkflowControlHelperTest"
                name="PatientWorkflowControlHelperIsOrphanDeviceConfigured (True) row 1"
                time="0.0012512"/>
      <testcase classname="Philips.PMP.Test.Auto.PatientWorkflowControlHelperTest"
                name="PatientWorkflowControlHelperIsOrphanDeviceConfigured (False) row 2"
                time="0.0007103"/>
      <testcase classname="Philips.PMP.Test.Auto.PatientServiceHelperTest"
                name="PatientServiceHelperIncludeHisConflictTest"
                time="0.0032949"/>
      <testcase classname="Philips.PMP.Test.Auto.DbArchiveHelperTest"
                name="DbArchiveHelperDoesArchiveRequirePassword (0.0.0.0,True,False) row 1"
                time="0.0014815"/>
      <testcase classname="Philips.PMP.Test.Auto.DbArchiveHelperTest"
                name="DbArchiveHelperDoesArchiveRequirePassword (0.0.0.0,False,False) row 2"
                time="0.000839"/>
      <testcase classname="Philips.PMP.Test.Auto.DbArchiveHelperTest"
                name="DbArchiveHelperDoesArchiveRequirePassword (4.1.0.0,True,True) row 3"
                time="0.0159459"/>
      <testcase classname="Philips.PMP.Test.Auto.DbArchiveHelperTest"
                name="DbArchiveHelperDoesArchiveRequirePassword (4.1.0.0,False,False) row 4"
                time="0.0007141"/>
      <testcase classname="Philips.PMP.Test.Auto.DbArchiveHelperTest"
                name="DbArchiveHelperDoesArchiveRequirePassword (4.1.2.3,True,True) row 5"
                time="0.015104"/>
      <testcase classname="Philips.PMP.Test.Auto.DbArchiveHelperTest"
                name="DbArchiveHelperDoesArchiveRequirePassword (4.1.2.3,False,False) row 6"
                time="0.0172143"/>
      <testcase classname="Philips.PMP.Test.Auto.MdilHelperTest"
                name="MdilHelperSeedWithSpecificDateTimes (2018-01-01T08:15:05.0000000-05:00) row 1"
                time="0.0012917"/>
      <testcase classname="Philips.PMP.Test.Auto.MdilHelperTest"
                name="MdilHelperSeedWithSpecificDateTimes (2019-01-01T08:58:59.0000000-05:00) row 2"
                time="0.000755"/>
      <testcase classname="Philips.PMP.Test.Auto.MdilHelperTest"
                name="MdilHelperSeedWithSpecificDateTimes (2019-12-31T12:01:00.0000000-05:00) row 3"
                time="0.0009118"/>
      <testcase classname="Philips.PMP.Test.Auto.MdilHelperTest"
                name="MdilHelperSeedWithSpecificDateTimes (2028-12-31T23:49:45.0000000-05:00) row 4"
                time="0.0007682"/>
      <testcase classname="Philips.PMP.Test.Auto.MdilHelperTest"
                name="MdilHelperSeedWithSpecificDateTimes (2099-12-31T23:59:58.0000000-05:00) row 5"
                time="0.0007643"/>
      <testcase classname="Philips.PMP.Test.Auto.MdilHelperTest"
                name="MdilHelperSeedWithSpecificDateTimes (2038-12-31T12:00:30.0000000-05:00) row 6"
                time="0.0006604"/>
      <testcase classname="Philips.PMP.Test.Auto.PhysioDataComparisonTest"
                name="AlertQueryEqualityTest"
                time="0.0005659"/>
      <testcase classname="Philips.PMP.Test.Auto.PriorityCatalogProviderTest"
                name="PatientCenterVitalConfigMatchAsPerPriorityCatalog"
                time="0.0271221"/>
      <testcase classname="Philips.PMP.Test.Auto.OptionListHelperTest"
                name="OptionListHelperGetOptionListTest (1,Mp5sc,0) row 1"
                time="0.0127413"/>
      <testcase classname="Philips.PMP.Test.Auto.OptionListHelperTest"
                name="OptionListHelperGetOptionListTest (81,Mp5sc,308479) row 2"
                time="0.0007134"/>
      <testcase classname="Philips.PMP.Test.Auto.OptionListHelperTest"
                name="OptionListHelperGetOptionListTest (1,DelphiLow12In,0) row 3"
                time="0.0004809"/>
      <testcase classname="Philips.PMP.Test.Auto.OptionListHelperTest"
                name="OptionListHelperGetOptionListTest (81,DelphiLow12In,49345) row 4"
                time="0.0004289"/>
      <testcase classname="Philips.PMP.Test.Auto.PatientServiceHelperTest"
                name="PatientServiceHelperDidGroupChangeTest"
                time="0.0036059"/>
      <testcase classname="Philips.PMP.Test.Auto.ProfileProviderTest"
                name="GetHostsAssignedToProfile"
                time="0.7051696"/>
      <testcase classname="Philips.PMP.Test.Auto.PhysioDataStorageDuplexMgrTest"
                name="PhysioDataStorageServiceCallbackMgrRunsCallbackOnProxyCreation (True) row 1"
                time="0.1582729"/>
      <testcase classname="Philips.PMP.Test.Auto.PhysioDataStorageDuplexMgrTest"
                name="PhysioDataStorageServiceCallbackMgrRunsCallbackOnProxyCreation (False) row 2"
                time="0.0021022"/>
      <testcase classname="Philips.PMP.Test.Auto.DbSyncServiceTest"
                name="RequestArchiveFromServerTestServerRecentArchive (Philips.PIC.Primary) row 1"
                time="0.013737"/>
      <testcase classname="Philips.PMP.Test.Auto.DbSyncServiceTest"
                name="RequestArchiveFromServerTestServerRecentArchive (Philips.PIC.Ringtone) row 2"
                time="0.003638"/>
      <testcase classname="Philips.PMP.Test.Auto.ProtocolWatchConversionsTest"
                name="FilterPhysioDataByNbpAutoMeasurements"
                time="0.0025768"/>
      <testcase classname="Philips.PMP.Test.Auto.ElectronicReportHelperTest"
                name="CheckPrintActionPaperTest"
                time="0.0021221"/>
      <testcase classname="Philips.PMP.Test.Auto.InfoProviderTest"
                name="InfoProviderDstTimeChangesBackTest"
                time="0.0086332"/>
      <testcase classname="Philips.PMP.Test.Auto.AutoAdtConfigControlTest"
                name="IFeatureConfiguration"
                time="0.0245884"/>
      <testcase classname="Philips.PMP.Test.Auto.PatientAssignmentControlTest"
                name="PatientAssignmentControlSetInitialUnitAdmitTimeValues"
                time="0.0583374"/>
      <testcase classname="Philips.PMP.Test.Auto.EfficiaInstrumentTest"
                name="EfficiaInstrumentGasUomIsParsed (MmHg,MMHG) row 1"
                time="0.0022932"/>
      <testcase classname="Philips.PMP.Test.Auto.EfficiaInstrumentTest"
                name="EfficiaInstrumentGasUomIsParsed (Kpa,KILO_PASCAL) row 2"
                time="0.0057335"/>
      <testcase classname="Philips.PMP.Test.Auto.EfficiaInstrumentTest"
                name="EfficiaInstrumentGasUomIsParsed (Percent,PERCENT) row 3"
                time="0.0029605"/>
      <testcase classname="Philips.PMP.Test.Auto.EfficiaInstrumentTest"
                name="EfficiaInstrumentGasUomIsParsed (Invalid,MMHG) row 4"
                time="0.0020078"/>
      <testcase classname="Philips.PMP.Test.Auto.RepositoryTest"
                name="PhysioDataTimeUpdateTest (True,False) row 1"
                time="0.002052"/>
      <testcase classname="Philips.PMP.Test.Auto.RepositoryTest"
                name="PhysioDataTimeUpdateTest (False,True) row 2"
                time="0.0005644"/>
      <testcase classname="Philips.PMP.Test.Auto.EntityLicenseTest"
                name="GetFeatureWillReturnNullIfNoMatchingEntityIdIsFound"
                time="0.0004501"/>
      <testcase classname="Philips.PMP.Test.Auto.DevicePropertiesControlTest"
                name="DevicePropertiesControlInitializeControl"
                time="0.019257"/>
      <testcase classname="Philips.PMP.Test.Auto.LicenseExtensionsTest"
                name="LicenseExtensionsIsTopologyDeveloper"
                time="0.0036087"/>
      <testcase classname="Philips.PMP.Test.Auto.EcgIpmFilterTest"
                name="EcgSignalFiltersAdultEcgMonitor05HzTest"
                time="0.0048163"/>
      <testcase classname="Philips.PIC.WebBridge.Test.DataHubHelperTest"
                name="TryGetTokenWillGetTokenTest"
                time="0.0134119"/>
      <testcase classname="Philips.PMP.Test.Auto.CameraSystemConnectionTest"
                name="CameraSystemGetConnectionWithMissingUnit"
                time="0.0051435"/>
      <testcase classname="Philips.PMP.Test.Auto.AppDomainSectorFactoryMgrTest"
                name="AppDomainSectorFactoryMgrParsesInstalledVersions"
                time="0.0021402"/>
      <testcase classname="Philips.PMP.Test.Auto.UptimeTrackerTest"
                name="MessagesAttemptedAreCounted"
                time="0.0009397"/>
      <testcase classname="Philips.PMP.Test.Auto.PhysioDataHelperTest"
                name="IsInvalidDataInopAlertTest"
                time="0.0016211"/>
      <testcase classname="Philips.PMP.Test.Auto.TrendUploadMgrTest"
                name="TwoDevicesTwoDeviceIdsDoNotConflictTest"
                time="0.000559"/>
      <testcase classname="Philips.PMP.Test.Auto.DatabaseTypeConverterTest"
                name="ConverterToPostgresDataTableTest"
                time="0.0017873"/>
      <testcase classname="Philips.PMP.Test.Auto.MulticastZoneRuleHelperTest"
                name="MulticastZoneRuleHelperCanRemoveHostBlockedTest (False) row 1"
                time="0.0061431"/>
      <testcase classname="Philips.PMP.Test.Auto.MulticastZoneRuleHelperTest"
                name="MulticastZoneRuleHelperCanRemoveHostBlockedTest (True) row 2"
                time="0.005336"/>
      <testcase classname="Philips.PMP.Test.Auto.SqlCrashReportMonitorTest"
                name="SqlCrashMonitorDoesntDuplicateFiles (True,False) row 1"
                time="0.0973862"/>
      <testcase classname="Philips.PMP.Test.Auto.SqlCrashReportMonitorTest"
                name="SqlCrashMonitorDoesntDuplicateFiles (False,False) row 2"
                time="0.0745145"/>
      <testcase classname="Philips.PMP.Test.Auto.SqlCrashReportMonitorTest"
                name="SqlCrashMonitorDoesntDuplicateFiles (True,True) row 3"
                time="0.0241898"/>
      <testcase classname="Philips.PMP.Test.Auto.Hl7ValidatedDataMgrTest"
                name="Hl7ValidatedDataMgrProcessValidatedDataTest"
                time="0.1283256"/>
      <testcase classname="Philips.PMP.Test.Auto.SolutionSettingsTest"
                name="OverflowUnderflowProjectSettingTest"
                time="0.3671969"/>
      <testcase classname="Philips.PMP.Test.Auto.TrendUploadDvcTest"
                name="DvcStorageKeepsDvcsOutsideOfMinMaxTest"
                time="0.0015117"/>
      <testcase classname="Philips.PMP.Test.Auto.WaveProviderTest"
                name="WaveEcgChannels1"
                time="0.0322724"/>
      <testcase classname="Philips.PMP.Test.Auto.EventCategoryFilterProviderTest"
                name="ClearCacheOnNewEventCatalog"
                time="0.0970149"/>
      <testcase classname="Philips.PMP.Test.Auto.ApmCrashSummaryDirectoryMonitorTest"
                name="ApmCrashSummaryDirectoryMonitorLoadsCrashesFromDiskOnFirstAccess"
                time="0.0023507"/>
      <testcase classname="Philips.PMP.Test.Auto.RolesControlTest"
                name="RoleControlEditRole"
                time="0.0452733"/>
      <testcase classname="Philips.PMP.Test.Auto.SolutionSettingsTest"
                name="CheckTestTimeouts"
                time="0.000732"/>
      <testcase classname="Philips.PMP.Test.Auto.OrderHelperTest"
                name="GetHostCommercialPatientLinkValueTest (35N,8,1,8) row 1"
                time="0.002312"/>
      <testcase classname="Philips.PMP.Test.Auto.OrderHelperTest"
                name="GetHostCommercialPatientLinkValueTest (25N,9,1,9) row 2"
                time="0.0003602"/>
      <testcase classname="Philips.PMP.Test.Auto.OrderHelperTest"
                name="GetHostCommercialPatientLinkValueTest (GTW,10,2,10) row 3"
                time="0.000345"/>
      <testcase classname="Philips.PMP.Test.Auto.OrderHelperTest"
                name="GetHostCommercialPatientLinkValueTest (PLC,20,3,20) row 4"
                time="0.0003395"/>
      <testcase classname="Philips.PMP.Test.Auto.OrderHelperTest"
                name="GetHostCommercialPatientLinkValueTest (NLC,30,3,30) row 5"
                time="0.0003037"/>
      <testcase classname="Philips.PMP.Test.Auto.OrderHelperTest"
                name="GetHostCommercialPatientLinkValueTest (1XC,30,3,0) row 6"
                time="0.0002931"/>
      <testcase classname="Philips.PMP.Test.Auto.BaxterPrismaxTest"
                name="BaxterPrismaxDriverTest"
                time="0.0377131"/>
      <testcase classname="Philips.PMP.Test.Auto.ExportHelperTest"
                name="ExportInvalidPathReturnsFalse"
                time="0.0024369"/>
      <testcase classname="Philips.PMP.Test.Auto.ControlGroupHelperTest"
                name="ControlGroupHelperRemoveNbpStatControlTest (NBP) row 1"
                time="0.0015391"/>
      <testcase classname="Philips.PMP.Test.Auto.ControlGroupHelperTest"
                name="ControlGroupHelperRemoveNbpStatControlTest (NbpStart) row 2"
                time="0.0005463"/>
      <testcase classname="Philips.PMP.Test.Auto.ProtocolWatchConversionsTest"
                name="FilterPhysioDataBySpotCheckComplexMetrics"
                time="0.0039711"/>
      <testcase classname="Philips.PMP.Test.Auto.CaregiverPaginatorTest"
                name="BackPageShouldRemainOnFirstPage"
                time="0.0004178"/>
      <testcase classname="Philips.PMP.Test.Auto.WatchdogComponentReportingRecorderTest"
                name="WatchdogComponentReportingRecorderCanRemoveComponent"
                time="0.0160406"/>
      <testcase classname="Philips.PMP.Test.Auto.ServiceProviderTest"
                name="GetServiceByNameTest"
                time="0.001679"/>
      <testcase classname="Philips.PMP.Test.Auto.DbEngineTest"
                name="ErrorHandlingParameterLogging"
                time="0.0157774"/>
      <testcase classname="Philips.PMP.Test.Auto.WatchdogHelperTest"
                name="PerformProcessStartPreparationTest (Running) row 1"
                time="0.0875207"/>
      <testcase classname="Philips.PMP.Test.Auto.WatchdogHelperTest"
                name="PerformProcessStartPreparationTest (Failed) row 2"
                time="0.0024824"/>
      <testcase classname="Philips.PMP.Test.Auto.NotificationSettingProviderTest"
                name="StoreAndGetSuccessfullyWhenChargeRoleAndNotificationRoleAreChangedAndTheySame"
                time="0.0162012"/>
      <testcase classname="Philips.PMP.Test.Auto.CameraSystemQualifierTest"
                name="CameraSystemQualifierFailsOnUnknownFailure"
                time="0.0016468"/>
      <testcase classname="Philips.PMP.Test.Auto.IxConfigFileProviderTest"
                name="IsFlagNullTest"
                time="0.1662211"/>
      <testcase classname="Philips.PMP.Test.Auto.ProtocolWatchTest"
                name="ProtocolWatchOnLabArrived"
                time="0.0029034"/>
      <testcase classname="Philips.PMP.Test.Auto.UnitSettingsTest"
                name="ValidateDeviceControlArchiveInfoInvalidRegionalSettings"
                time="0.0127524"/>
      <testcase classname="Philips.CareEvent.Test.EventInitializerTests"
                name="ReturnUnknownLocationWhenZoneIsNull"
                time="0.0071005"/>
      <testcase classname="Philips.PMP.Test.Auto.DataRelayServiceBridgeTest"
                name="DataRelayServiceBridgeNotifiesWhenClientsDisconnect"
                time="0.0638398"/>
      <testcase classname="Philips.PMP.Test.Auto.AlertSoundInfoGetterTest"
                name="GetIecTonesByAlertShouldReturnValidTone (IecIso2020,RedAlarm) row 1"
                time="0.0040765"/>
      <testcase classname="Philips.PMP.Test.Auto.AlertSoundInfoGetterTest"
                name="GetIecTonesByAlertShouldReturnValidTone (IecIso2020,YellowAlarm) row 2"
                time="0.0033812"/>
      <testcase classname="Philips.PMP.Test.Auto.AlertSoundInfoGetterTest"
                name="GetIecTonesByAlertShouldReturnValidTone (IecIso2020,ShortYellowAlarm) row 3"
                time="0.0039133"/>
      <testcase classname="Philips.PMP.Test.Auto.AlertSoundInfoGetterTest"
                name="GetIecTonesByAlertShouldReturnValidTone (IecIso2020,HardInop) row 4"
                time="0.0066251"/>
      <testcase classname="Philips.PMP.Test.Auto.AlertSoundInfoGetterTest"
                name="GetIecTonesByAlertShouldReturnValidTone (IecIso2020,SevereInop) row 5"
                time="0.0065886"/>
      <testcase classname="Philips.PMP.Test.Auto.AlertSoundInfoGetterTest"
                name="GetIecTonesByAlertShouldReturnValidTone (Iso,RedAlarm) row 6"
                time="0.0140464"/>
      <testcase classname="Philips.PMP.Test.Auto.AlertSoundInfoGetterTest"
                name="GetIecTonesByAlertShouldReturnValidTone (Iso,YellowAlarm) row 7"
                time="0.0031921"/>
      <testcase classname="Philips.PMP.Test.Auto.AlertSoundInfoGetterTest"
                name="GetIecTonesByAlertShouldReturnValidTone (Iso,ShortYellowAlarm) row 8"
                time="0.0127136"/>
      <testcase classname="Philips.PMP.Test.Auto.AlertSoundInfoGetterTest"
                name="GetIecTonesByAlertShouldReturnValidTone (Iso,HardInop) row 9"
                time="0.003731"/>
      <testcase classname="Philips.PMP.Test.Auto.AlertSoundInfoGetterTest"
                name="GetIecTonesByAlertShouldReturnValidTone (Iso,SevereInop) row 10"
                time="0.003074"/>
      <testcase classname="Philips.PMP.Test.Auto.PatientDataExportConnectionBedControlTest"
                name="GetUnitAssignmentsOnlyReturnsAssignedUnits (False,0) row 1"
                time="0.0468019"/>
      <testcase classname="Philips.PMP.Test.Auto.PatientDataExportConnectionBedControlTest"
                name="GetUnitAssignmentsOnlyReturnsAssignedUnits (True,1) row 2"
                time="0.039349"/>
      <testcase classname="Philips.PMP.Test.Auto.TelemdilTrendUploadMgrTest"
                name="TelemdilTrendUploadReconstructsValidHRSingleTest"
                time="0.0119682"/>
      <testcase classname="Philips.PIC.WebBridge.Test.ConnectionToDataRelaySubscriptionTest"
                name="BedToDataRelaySubscriptionWillDetermineConnectionsTest"
                time="0.0263785"/>
      <testcase classname="Philips.PMP.Test.Auto.CiParserTest"
                name="CiParserParsesModelNumberTest (SureSigns VS4,Philips,System.Byte[]) row 1"
                time="0.0025297"/>
      <testcase classname="Philips.PMP.Test.Auto.CiParserTest"
                name="CiParserParsesModelNumberTest (,,System.Byte[]) row 2"
                time="0.0086238"/>
      <testcase classname="Philips.PIC.DevTools.Test.InHouseConfigurationTest"
                name="DemoEntityGeneratorPatientValidation"
                time="0.0646854"/>
      <testcase classname="Philips.PMP.Test.Auto.DataTileHelperTest"
                name="GetWaveIntervalsTest"
                time="0.1586201"/>
      <testcase classname="Philips.PMP.Test.Auto.ClinicalAuditHelperTest"
                name="ClinicalAuditHelperCreateAuditExportFileNameFromPatientId (LifetimeId) row 1"
                time="0.0023529"/>
      <testcase classname="Philips.PMP.Test.Auto.ClinicalAuditHelperTest"
                name="ClinicalAuditHelperCreateAuditExportFileNameFromPatientId (FirstName) row 2"
                time="0.0005006"/>
      <testcase classname="Philips.PMP.Test.Auto.ClinicalAuditHelperTest"
                name="ClinicalAuditHelperCreateAuditExportFileNameFromPatientId (LastName) row 3"
                time="0.0004827"/>
      <testcase classname="Philips.PMP.Test.Auto.WatchdogProviderTest"
                name="GetWatchedComponentsTest"
                time="0.0275522"/>
      <testcase classname="Philips.PMP.Test.Auto.EventNotificationSettingControlTest"
                name="SetOverviewRoleAvailabilityTest (ByCaregiver,ByCaregiver,True) row 1"
                time="0.0228521"/>
      <testcase classname="Philips.PMP.Test.Auto.EventNotificationSettingControlTest"
                name="SetOverviewRoleAvailabilityTest (ByUnit,ByCaregiver,True) row 2"
                time="0.025424"/>
      <testcase classname="Philips.PMP.Test.Auto.EventNotificationSettingControlTest"
                name="SetOverviewRoleAvailabilityTest (ByCaregiver,Off,True) row 3"
                time="0.017479"/>
      <testcase classname="Philips.PMP.Test.Auto.EventNotificationSettingControlTest"
                name="SetOverviewRoleAvailabilityTest (Off,ByUnit,False) row 4"
                time="0.0232988"/>
      <testcase classname="Philips.PMP.Test.Auto.PatientInfoObjectTest"
                name="PatientInfoObjectPatientStayListTest"
                time="0.0022014"/>
      <testcase classname="Philips.PMP.LicenseService.Test.UnitLicenseAssignmentDeterminerTest"
                name="CanAssignBedTest (32,True) row 1"
                time="0.0342735"/>
      <testcase classname="Philips.PMP.LicenseService.Test.UnitLicenseAssignmentDeterminerTest"
                name="CanAssignBedTest (2,False) row 2"
                time="0.0013379"/>
      <testcase classname="Philips.PIC.WebBridge.Test.LicenseControllerTest"
                name="GetGetGeneralCareFeaturesWillSendOkResult"
                time="0.0087191"/>
      <testcase classname="Philips.PMP.Test.Auto.MultiHostSubscriberTest"
                name="MultiHostSubscriberCanBatchPatientCacheInitialization (True) row 1"
                time="0.0043462"/>
      <testcase classname="Philips.PMP.Test.Auto.MultiHostSubscriberTest"
                name="MultiHostSubscriberCanBatchPatientCacheInitialization (False) row 2"
                time="0.0016396"/>
      <testcase classname="Philips.CareEvent.Test.ProductProviderTests"
                name="EnableAndDiablePPMProductImmediatelyShouldNotCreateDuplicateRecords"
                time="0.0086726"/>
      <testcase classname="Philips.PMP.Test.Auto.SwitchDeviceControlTest"
                name="SwitchDevicePortMismatch (System.String[],1) row 1"
                time="0.0560631"/>
      <testcase classname="Philips.PMP.Test.Auto.SwitchDeviceControlTest"
                name="SwitchDevicePortMismatch (System.String[],1) row 2"
                time="0.0408522"/>
      <testcase classname="Philips.PMP.Test.Auto.SwitchDeviceControlTest"
                name="SwitchDevicePortMismatch (System.String[],1) row 3"
                time="0.0438336"/>
      <testcase classname="Philips.PMP.Test.Auto.SwitchDeviceControlTest"
                name="SwitchDevicePortMismatch (System.String[],0) row 4"
                time="0.0441699"/>
      <testcase classname="Philips.PMP.Test.Auto.PatientProviderTest"
                name="PatientStoreDupStaysTest"
                time="0.4083018"/>
      <testcase classname="Philips.PMP.Test.Auto.ClinicalUnitControlTest"
                name="ClinicalUnitControlPopulateUnitTypesSelectedItem (Unknown,Unspecified) row 1"
                time="0.0441089"/>
      <testcase classname="Philips.PMP.Test.Auto.ClinicalUnitControlTest"
                name="ClinicalUnitControlPopulateUnitTypesSelectedItem (Icu,Icu) row 2"
                time="0.0361975"/>
      <testcase classname="Philips.CareEvent.Test.MobileCarrierXmlProtocolSettingsTests"
                name="WctpCarrierTest"
                time="0.0023712"/>
      <testcase classname="Philips.PMP.Test.Auto.WaveProviderTest"
                name="WaveDynamicAttributesPDTWrongOrder"
                time="0.0289744"/>
      <testcase classname="Philips.PMP.Test.Auto.AlertsTest"
                name="AlertsCompareMobileTest"
                time="0.0027348"/>
      <testcase classname="Philips.PMP.Test.Auto.EntityLicenseExtensionsTest"
                name="EntityLicenseExtensionsIsPatientLink"
                time="0.0008573"/>
      <testcase classname="Philips.PMP.Test.Auto.WaveProviderTest"
                name="WaveStoreOneEcg"
                time="0.0401166"/>
      <testcase classname="Philips.PMP.Test.Auto.InstitutionTreeControlTest"
                name="InstitutionTreeControlIsPrincipal (True,PrincipalAlways,True) row 1"
                time="0.0076136"/>
      <testcase classname="Philips.PMP.Test.Auto.InstitutionTreeControlTest"
                name="InstitutionTreeControlIsPrincipal (False,PrincipalAlways,True) row 2"
                time="0.0076666"/>
      <testcase classname="Philips.PMP.Test.Auto.InstitutionTreeControlTest"
                name="InstitutionTreeControlIsPrincipal (True,AncillaryAlways,False) row 3"
                time="0.0075732"/>
      <testcase classname="Philips.PMP.Test.Auto.InstitutionTreeControlTest"
                name="InstitutionTreeControlIsPrincipal (False,AncillaryAlways,False) row 4"
                time="0.0075767"/>
      <testcase classname="Philips.PMP.Test.Auto.InstitutionTreeControlTest"
                name="InstitutionTreeControlIsPrincipal (True,PrincipalOnlyInUnit,True) row 5"
                time="0.0074969"/>
      <testcase classname="Philips.PMP.Test.Auto.InstitutionTreeControlTest"
                name="InstitutionTreeControlIsPrincipal (False,PrincipalOnlyInUnit,False) row 6"
                time="0.0076068"/>
      <testcase classname="Philips.PMP.Test.Auto.InstitutionTreeControlTest"
                name="InstitutionTreeControlIsPrincipal (True,PrincipalOnlyForFirstSector,True) row 7"
                time="0.008415"/>
      <testcase classname="Philips.PMP.Test.Auto.InstitutionTreeControlTest"
                name="InstitutionTreeControlIsPrincipal (False,PrincipalOnlyForFirstSector,False) row 8"
                time="0.0081127"/>
      <testcase classname="Philips.PMP.Test.Auto.EventNotificationValidatorTest"
                name="ValidateValidConfigurationTest"
                time="0.2463845"/>
      <testcase classname="Philips.PMP.Test.Auto.Hl7OruEncoderTest"
                name="SpsDeteriorationExistsInComplexIheHl7Output"
                time="0.0022102"/>
      <testcase classname="Philips.PMP.Test.Auto.Hl7OruEncoderTest"
                name="IheMeasurementSiteLocationTest"
                time="0.2837633"/>
      <testcase classname="Philips.PMP.Test.Auto.PatientDateTimePickerFormatHelperTest"
                name="PatientDateTimePickerFormatHelperGetValidUnitAdmitTimeFormat"
                time="0.0012973"/>
      <testcase classname="Philips.PMP.Test.Auto.ProtocolWatchEngineWrapperTest"
                name="ProtocolWatchFilterHistoricComplexMetricsTest (False,False,0) row 1"
                time="0.0028839"/>
      <testcase classname="Philips.PMP.Test.Auto.ProtocolWatchEngineWrapperTest"
                name="ProtocolWatchFilterHistoricComplexMetricsTest (True,False,0) row 2"
                time="0.0005773"/>
      <testcase classname="Philips.PMP.Test.Auto.ProtocolWatchEngineWrapperTest"
                name="ProtocolWatchFilterHistoricComplexMetricsTest (True,True,1) row 3"
                time="0.0006667"/>
      <testcase classname="Philips.PMP.Test.Auto.EcgDerivationMgrTest"
                name="InHexadThenDischargedAndTakenOutOfStandbyDoesntKeepHexadLeadsTest"
                time="0.0159232"/>
      <testcase classname="Philips.CareEvent.Test.CareTouchCommunicatorTests"
                name="ProcessGenericRequestShouldCallProcessBedInfoResponse"
                time="0.0073031"/>
      <testcase classname="Philips.PMP.Test.Auto.MonitoredBedTransferProcessorTest"
                name="MonitoredBedTransferProcessorCanThrowExceptionIfPatientNotReadmitted (True) row 1"
                time="0.0020272"/>
      <testcase classname="Philips.PMP.Test.Auto.MonitoredBedTransferProcessorTest"
                name="MonitoredBedTransferProcessorCanThrowExceptionIfPatientNotReadmitted (False) row 2"
                time="0.0108"/>
      <testcase classname="Philips.PMP.LicenseService.Test.LicenseHostValidatorTest"
                name="LicenseHostValidatorValidatesIdentification (True,True) row 1"
                time="0.1023433"/>
      <testcase classname="Philips.PMP.LicenseService.Test.LicenseHostValidatorTest"
                name="LicenseHostValidatorValidatesIdentification (True,False) row 2"
                time="0.0021538"/>
      <testcase classname="Philips.PMP.LicenseService.Test.LicenseHostValidatorTest"
                name="LicenseHostValidatorValidatesIdentification (False,True) row 3"
                time="0.0012846"/>
      <testcase classname="Philips.PMP.LicenseService.Test.LicenseHostValidatorTest"
                name="LicenseHostValidatorValidatesIdentification (False,False) row 4"
                time="0.0009077"/>
      <testcase classname="Philips.PIC.DataAcquisition.Test.SureSignsCompoundElementBuilderTest"
                name="SureSignsCompoundElementBuilderAddEnumTest"
                time="0.0833385"/>
      <testcase classname="Philips.PMP.Test.Auto.CaregiverAssignmentProviderTest"
                name="GetCaregiverTests"
                time="0.0172759"/>
      <testcase classname="Philips.PMP.Test.Auto.WaveFileMgrTest"
                name="PdxGapBetweenWaveEndTimeAndGivenEndTimeAreFilled"
                time="0.1216711"/>
      <testcase classname="Philips.PMP.Test.Auto.Ecg12LeadInterfaceControlTest"
                name="Ecg12LeadInterfaceControlRefreshUnitsTest"
                time="0.0325445"/>
      <testcase classname="Philips.PMP.Test.Auto.ApcDiscoveryMgrTest"
                name="ApcDiscoveryMgrGetApcStringFromAsciiEncodedBytesTest"
                time="0.0012904"/>
      <testcase classname="Philips.PMP.Test.Auto.DbFifoTest"
                name="GetDbccMessageTest"
                time="0.6110751"/>
      <testcase classname="Philips.PMP.Test.Auto.SystemPerformanceTest"
                name="GetValueTimeSpanConfigA"
                time="0.8019972"/>
      <testcase classname="Philips.PMP.Test.Auto.HardwareCompatibilityQualifierTest"
                name="HardwareCompatibilityQualifierBlocksDb1Rp5810 (Philips rp5810 Desktop,True,Warning) row 1"
                time="0.025041"/>
      <testcase classname="Philips.PMP.Test.Auto.HardwareCompatibilityQualifierTest"
                name="HardwareCompatibilityQualifierBlocksDb1Rp5810 (Philips rp5810 Desktop,False,Failure) row 2"
                time="0.027324"/>
      <testcase classname="Philips.PMP.Test.Auto.HardwareCompatibilityQualifierTest"
                name="HardwareCompatibilityQualifierBlocksDb1Rp5810 (HP Engagle Flex Pro,True,Success) row 3"
                time="0.0020698"/>
      <testcase classname="Philips.PMP.Test.Auto.HardwareCompatibilityQualifierTest"
                name="HardwareCompatibilityQualifierBlocksDb1Rp5810 (HP Engagle Flex Pro,False,Success) row 4"
                time="0.003323"/>
      <testcase classname="Philips.PMP.Test.Auto.PhysioDataServiceTest"
                name="MetricRepositoryRetainsNewestMetricByAperiodicTime"
                time="0.0015597"/>
      <testcase classname="Philips.PMP.Test.Auto.NumericFileMgrTest"
                name="PdxEmptyNumericSubLabelsAreIgnored"
                time="0.0033061"/>
      <testcase classname="Philips.CareEvent.Test.CareTouchCommunicationMgrTests"
                name="SubmitToDisconnectedAndroidDeviceAndEventIsNotAvailable"
                time="0.0293808"/>
      <testcase classname="Philips.PMP.Test.Auto.PatientAssignmentControlTest"
                name="PatientAssignmentControlCheckForConflicts (False,0) row 1"
                time="0.0883391"/>
      <testcase classname="Philips.PMP.Test.Auto.PatientAssignmentControlTest"
                name="PatientAssignmentControlCheckForConflicts (True,1) row 2"
                time="0.0960924"/>
      <testcase classname="Philips.PMP.Test.Auto.SpotCheckTrendConnectionTest"
                name="SpotCheckTrendConnectionOnRecordReceived (123,456,System.Byte[],823,456,System.Byte[],1,1,False) row 1"
                time="0.0150352"/>
      <testcase classname="Philips.PMP.Test.Auto.SpotCheckTrendConnectionTest"
                name="SpotCheckTrendConnectionOnRecordReceived (123,456,System.Byte[],123,756,System.Byte[],1,1,False) row 2"
                time="0.0080789"/>
      <testcase classname="Philips.PMP.Test.Auto.SpotCheckTrendConnectionTest"
                name="SpotCheckTrendConnectionOnRecordReceived (123,456,System.Byte[],123,456,System.Byte[],1,1,False) row 3"
                time="0.007571"/>
      <testcase classname="Philips.PMP.Test.Auto.SpotCheckTrendConnectionTest"
                name="SpotCheckTrendConnectionOnRecordReceived (123,456,System.Byte[],123,456,System.Byte[],0,0,False) row 4"
                time="0.0106012"/>
      <testcase classname="Philips.PMP.Test.Auto.SpotCheckTrendConnectionTest"
                name="SpotCheckTrendConnectionOnRecordReceived (123,456,System.Byte[],123,456,System.Byte[],1,0,False) row 5"
                time="0.0089847"/>
      <testcase classname="Philips.PMP.Test.Auto.SpotCheckTrendConnectionTest"
                name="SpotCheckTrendConnectionOnRecordReceived (123,456,System.Byte[],123,456,System.Byte[],0,1,False) row 6"
                time="0.0073755"/>
      <testcase classname="Philips.PMP.Test.Auto.SpotCheckTrendConnectionTest"
                name="SpotCheckTrendConnectionOnRecordReceived (123,456,System.Byte[],123,456,System.Byte[],2,0,False) row 7"
                time="0.0106075"/>
      <testcase classname="Philips.PMP.Test.Auto.SpotCheckTrendConnectionTest"
                name="SpotCheckTrendConnectionOnRecordReceived (123,456,System.Byte[],123,456,System.Byte[],0,2,False) row 8"
                time="0.0098029"/>
      <testcase classname="Philips.PMP.Test.Auto.SpotCheckTrendConnectionTest"
                name="SpotCheckTrendConnectionOnRecordReceived (123,456,System.Byte[],123,456,System.Byte[],1,1,False) row 9"
                time="0.0098256"/>
      <testcase classname="Philips.PMP.Test.Auto.SpotCheckTrendConnectionTest"
                name="SpotCheckTrendConnectionOnRecordReceived (123,456,System.Byte[],123,456,System.Byte[],1,1,True) row 10"
                time="0.0087135"/>
      <testcase classname="Philips.PMP.Test.Auto.MulticastZoneRuleHelperTest"
                name="MulticastZoneRuleHelperCanRemoveTheLastHostTest"
                time="0.0098477"/>
      <testcase classname="Philips.PMP.Test.Auto.AddLabelsControlTest"
                name="InitializeControlTest"
                time="0.0160479"/>
      <testcase classname="Philips.PMP.Test.Auto.PhysioCallbackProcessorTest"
                name="PhysioCallbackProcessorWillNotifyOfNewBed (True,True,1) row 1"
                time="0.0383653"/>
      <testcase classname="Philips.PMP.Test.Auto.PhysioCallbackProcessorTest"
                name="PhysioCallbackProcessorWillNotifyOfNewBed (False,True,1) row 2"
                time="0.0051125"/>
      <testcase classname="Philips.PMP.Test.Auto.PhysioCallbackProcessorTest"
                name="PhysioCallbackProcessorWillNotifyOfNewBed (True,False,0) row 3"
                time="0.0464148"/>
      <testcase classname="Philips.PMP.Test.Auto.PhysioCallbackProcessorTest"
                name="PhysioCallbackProcessorWillNotifyOfNewBed (False,False,0) row 4"
                time="0.0506824"/>
      <testcase classname="Philips.PMP.Test.Auto.DtlsTest"
                name="DtlsCheckNullCipherAvailabilityTest"
                time="0.0040635"/>
      <testcase classname="Philips.PMP.Test.Auto.HistoricDataRetrieverTest"
                name="ShouldGetLatestDataIsTrue"
                time="0.0062534"/>
      <testcase classname="Philips.PMP.Test.Auto.EnterpriseProviderTest"
                name="TryGetInstitutionAndUnitNameByBedTest"
                time="0.2573466"/>
      <testcase classname="Philips.PMP.Test.Auto.AlertSoundInfoGetterTest"
                name="GetSoundInfoShouldNotReturnAnyIfSoundSchemeIsNotAnyTraditionalTest (Iso) row 1"
                time="0.0038288"/>
      <testcase classname="Philips.PMP.Test.Auto.AlertSoundInfoGetterTest"
                name="GetSoundInfoShouldNotReturnAnyIfSoundSchemeIsNotAnyTraditionalTest (IecIso2020) row 2"
                time="0.0027776"/>
      <testcase classname="Philips.PMP.Test.Auto.ProfileProviderTest"
                name="DeleteProfile"
                time="0.4323643"/>
      <testcase classname="Philips.iX.InboundDataBridge.Test.PhysioDataInboundMgrTest"
                name="TimerDetectionNodataReceivedTest (1,0) row 1"
                time="0.0073814"/>
      <testcase classname="Philips.iX.InboundDataBridge.Test.PhysioDataInboundMgrTest"
                name="TimerDetectionNodataReceivedTest (2,0) row 2"
                time="0.0023321"/>
      <testcase classname="Philips.iX.InboundDataBridge.Test.PhysioDataInboundMgrTest"
                name="TimerDetectionNodataReceivedTest (3,0) row 3"
                time="0.0016124"/>
      <testcase classname="Philips.iX.InboundDataBridge.Test.PhysioDataInboundMgrTest"
                name="TimerDetectionNodataReceivedTest (4,1) row 4"
                time="0.0029432"/>
      <testcase classname="Philips.iX.InboundDataBridge.Test.PhysioDataInboundMgrTest"
                name="TimerDetectionNodataReceivedTest (8,2) row 5"
                time="0.0030073"/>
      <testcase classname="Philips.PMP.Test.Auto.PatientDataExportFileTest"
                name="PdxCorrectNonEcgHeaderFile"
                time="0.0885083"/>
      <testcase classname="Philips.PMP.Test.Auto.NlsCatalogServiceTest"
                name="NlsCatalogMrxUnknownAlertTest"
                time="0.0007795"/>
      <testcase classname="Philips.PMP.Test.Auto.HistoricDataRetrieverTest"
                name="HistoricDataRetrieverGetDataTest (False,False,False,0) row 1"
                time="0.0012648"/>
      <testcase classname="Philips.PMP.Test.Auto.HistoricDataRetrieverTest"
                name="HistoricDataRetrieverGetDataTest (True,True,False,0) row 2"
                time="0.0011612"/>
      <testcase classname="Philips.PMP.Test.Auto.HistoricDataRetrieverTest"
                name="HistoricDataRetrieverGetDataTest (True,False,True,0) row 3"
                time="0.0010537"/>
      <testcase classname="Philips.PMP.Test.Auto.HistoricDataRetrieverTest"
                name="HistoricDataRetrieverGetDataTest (True,False,False,1) row 4"
                time="0.0011056"/>
      <testcase classname="Philips.PMP.Test.Auto.StreamNotificationServiceTest"
                name="StreamNotificationServiceCanPublishStream"
                time="0.0844412"/>
      <testcase classname="Philips.PMP.Test.Auto.DbEngineTest"
                name="TransactionTestAppTransOkOuterOkInnerFail"
                time="0.0149393"/>
      <testcase classname="Philips.PMP.Test.Auto.PpisMgrTest"
                name="PpisMgrCanAutoResolveHisConflictTest"
                time="0.3455737"/>
      <testcase classname="Philips.PMP.Test.Auto.CaregiverAssignmentProviderTest"
                name="CaregiverProviderUserStatusChangeAggregatorTest"
                time="0.0648324"/>
      <testcase classname="Philips.PMP.Test.Auto.DbEngineTest"
                name="AutomaticRetry (0) row 1"
                time="0.0126665"/>
      <testcase classname="Philips.PMP.Test.Auto.DbEngineTest"
                name="AutomaticRetry (1) row 2"
                time="0.0110158"/>
      <testcase classname="Philips.PMP.Test.Auto.DbEngineTest"
                name="AutomaticRetry (2) row 3"
                time="0.0119632"/>
      <testcase classname="Philips.PMP.Test.Auto.DbEngineTest"
                name="AutomaticRetry (3) row 4"
                time="0.0130426"/>
      <testcase classname="Philips.PMP.Test.Auto.DbEngineTest"
                name="AutomaticRetry (4) row 5"
                time="0.0144059"/>
      <testcase classname="Philips.PMP.Test.Auto.CaregiverAssignmentProviderTest"
                name="ValidateUpdateDevice"
                time="0.0076105"/>
      <testcase classname="Philips.CareEvent.Test.EventBridgeTests"
                name="PortsTest"
                time="0.0159597"/>
      <testcase classname="Philips.PMP.Test.Auto.ActiveDirectoryHelperTest"
                name="ActiveDirectoryHelperQueryCanTimeout"
                time="0.0017128"/>
      <testcase classname="Philips.PMP.Test.Auto.DeviceControlProviderTest"
                name="CopyProfileControlCopyTest"
                time="0.0271367"/>
      <testcase classname="Philips.PMP.Test.Auto.LabQualifierTest"
                name="LabQualifierVerifyShouldBeWarn1"
                time="0.0011895"/>
      <testcase classname="Philips.CareEvent.Test.CareAssignmentMgrTest"
                name="CheckAuthorizationForManageCareAssignments (True) row 1"
                time="0.5398353"/>
      <testcase classname="Philips.CareEvent.Test.CareAssignmentMgrTest"
                name="CheckAuthorizationForManageCareAssignments (False) row 2"
                time="0.0052323"/>
      <testcase classname="Philips.PMP.Test.Auto.DisplayControllerProviderTest"
                name="GetDisplaySettings"
                time="0.0977495"/>
      <testcase classname="Philips.PMP.Test.Auto.PhysioDataDisplayHelperTest"
                name="GetNumericLabelsTest"
                time="0.000501"/>
      <testcase classname="Philips.PMP.Test.Auto.AlertNotificationDataMgrTest"
                name="AlertNotificationDataMgrDisposeShouldClearUnitToClientMgrCollection"
                time="0.0145016"/>
      <testcase classname="Philips.PMP.Test.Auto.LicenseViewerXmlProviderTest"
                name="ArchiveXmlProviderLoad (1) row 1"
                time="0.0037031"/>
      <testcase classname="Philips.PMP.Test.Auto.LicenseViewerXmlProviderTest"
                name="ArchiveXmlProviderLoad (2) row 2"
                time="0.0183397"/>
      <testcase classname="Philips.PMP.Test.Auto.LicenseViewerXmlProviderTest"
                name="ArchiveXmlProviderLoad (3) row 3"
                time="0.0027583"/>
      <testcase classname="Philips.PMP.Test.Auto.LicenseViewerXmlProviderTest"
                name="ArchiveXmlProviderLoad (4) row 4"
                time="0.0015612"/>
      <testcase classname="Philips.PMP.Test.Auto.IheDeviceTest"
                name="IheDeviceHelperFactoryTest (CapsuleMDIP,MSH|^~\&amp;|||||20220720013516.038-0400||ORU^R01^ORU_R01|HP0720013516.038PHMXL02238QJ322|P|2.6|||AL|NE||8859/1|EN^English^ISO639||IHE_PCD_001^IHE PCD^1.3.6.1.4.1.19376.1.6.1.1.1^ISO|&#xD;&#xA;&#x9;&#x9;PID|1||&#34;^^^Philips^MR||&#34;^&#34;^&#34;^^^^L||20050415000000.000+0200|F|||||||FRENCH|||PID18|&#xD;&#xA;&#x9;&#x9;PV1|2|I|{uniqueId}|1|&#xD;&#xA;&#x9;&#x9;OBR|||0009fbFFFF07f06a^^^EUI-64|69669^MDC_DEV_ANALY_CARD_OUTPUT_MDS^MDC|||20220720013513.935-0400|||ABC-123|||ABC-123|||||||| BaxterIFMout_5.3.5_EV1000_Baxter_XYZ456&#xD;&#xA;&#x9;&#x9;OBX|4||69669^NOM_DEV_ANALY_CARD_OUTPUT_MDS^MDC|1.0.0.0|||||||X|||||||718cbcf4-c374-4c31-9041-6cbd3c46aeaf-Edwards EV1000&#xD;&#xA;&#x9;&#x9;OBX|5||69670^NOM_DEV_ANALY_CARD_OUTPUT_VMD^MDC|1.1.0.0|||||||X|||||||&#xD;&#xA;&#x9;&#x9;OBX|6||69671^MDC_NOM_DEV_ANALY_CARD_OUTPUT_CHAN^MDC|1.1.1.0|||||||X|&#xD;&#xA;&#x9;&#x9;OBX|7|CWE|12345678^UNKNOWN^UNKNOWN^^^^^^tMode|1.1.1.41|1076259847^NLS_DRV_ED711_ENUM_VV_SENSOR^MDC^^^^^^VolView||||||R|||20180622133129.224+0200|&#xD;&#xA;&#x9;&#x9;OBX|8|CWE|67303669^NOM_SETT_MODE_MSMT^MDC^^^^^^sMode|1.1.1.41|1076259847^NLS_DRV_ED711_ENUM_VV_SENSOR^MDC^^^^^^VolView||||||R||SETTING|20180622133304.394+0200|||||&#xD;&#xA;&#x9;&#x9;OBX|9|CWE|67305467^NOM_SETT_MODE_MSMT^MDC^^^^^^testLabelEnum|1.1.1.41|1076259847^NLS_DRV_ED711_ENUM_VV_SENSOR^MDC^^^^^^VolView||||||R|||20180622133129.224+0200|&#xD;&#xA;&#x9;&#x9;OBX|10|CWE|67305468^NOM_NEW^MDC^^^^^^sMode|1.1.1.41|1076259847^NLS_DRV_ED711_ENUM_VV_SENSOR^CAPSULE^^^^^^VolView||||||R|||20180622133129.224+0200|&#xD;&#xA;&#x9;&#x9;OBX|11|CWE|67305469^NOM_NEW^MDC^^^^^^sMode|1.1.1.41|1076297727^UNKNOWN^UNKNOWN^^^^^^VolView||||||R|||20180622133129.224+0200|&#xD;&#xA;&#x9;&#x9;OBX|12|ST|67293194^NOM_SETT_DRUG_NAME_TYPE^MDC|1.4.1.5|RandomDrug||||||R||&#xD;&#xA;&#x9;&#x9;OBX|13|NM|67305466^NOM_NEW^MDC^^^^^^testLabelNum|1.1.1.41|100|262656^MDC_DIM_DIMLESS^MDC|||||R|||20180622133129.224+0200|&#xD;&#xA;&#x9;&#x9;OBX|14|NM|67305465^NOM_NEW^UNKNOWN^^^^^^testLabelNum2|1.1.1.41|100|262656^MDC_DIM_DIMLESS^MDC|||||R|||20180622133129.224+0200|&#xD;&#xA;&#x9;&#x9;OBX|15|NM|67305464^NOM_NEW^MDC^^^^^^testLabelNum3|1.1.1.41|100|262656^MDC_DIM_DIMLESS^MDC|||||R|||20180622133129.224+0200|&#xD;&#xA;&#x9;&#x9;OBX|16|NM|67305463^NOM_NEW^MDC^^^^^^testLabelNum4|1.1.1.41|100|262656^MDC_DIM_DIMLESS^UNKNOWN|||||R|||20180622133129.224+0200|&#xD;&#xA;&#x9;&#x9;OBX|17|NM|67305462^NOM_NEW^MDC^^^^^^testLabelNum5|1.1.1.41|100.0|327679^MDC_DIM_DIMLESS^MDIL^^^^^^NewUnit|||||R|||20180622133129.224+0200|&#xD;&#xA;&#x9;&#x9;OBX|18|NM|67305461^NOM_NEW^MDC^^^^^^testLabelNum6|1.1.1.41|100.00|327679^MDC_DIM_DIMLESS^MDIL^^^^^^NewUnit|||||R||APERIODIC|20180622133129.224+0200|&#xD;&#xA;&#x9;&#x9;OBX|19|CE|67305460^NOM_NEW^MDC^^^^^^testLabelNum7|1.1.1.41|100.00|327679^MDC_DIM_DIMLESS^MDIL^^^^^^NewUnit|||||R|||20180622133129.224+0200|&#xD;&#xA;&#x9;&#x9;OBX|20|NM|NAN^NOM_NEW^MDC^^^^^^testLabelNum8|1.1.1.41|100.00|327679^MDC_DIM_DIMLESS^MDIL^^^^^^NewUnit|||||R|||20180622133129.224+0200|&#xD;&#xA;&#x9;&#x9;OBX|21|CWE|67305468^NOM_NEW^MDC^^^^^^sMode|1.1.1.41|NAN^NLS_DRV_ED711_ENUM_VV_SENSOR^CAPSULE^^^^^^VolView||||||R|||20180622133129.224+0200|&#xD;&#xA;&#x9;&#x9;OBX|22|CWE|67305459^NOM_NEW^MDC^^^^^^testLabelNum9|1.1.1.41|1076297727^NEW_PARAM^MDIL^^^^^^NewEnum||||||R|||20180622133129.224+0200|&#xD;&#xA;&#x9;&#x9;OBX|23|CWE|67305458^NOM_NEW^MDC^^^^^^testLabelNum10|1.1.1.41|NAN^NEW_PARAM^MDIL^^^^^^NewEnum2||||||R|||20180622133129.224+0200|&#xD;&#xA;&#x9;&#x9;OBX|24|CWE|67305458^NOM_NEW^MDC^^^^^^testLabelNum11|1.1.1.41|1076297727^NEW_PARAM^MDIL^^^^^^機器情報||||||R|||20180622133129.224+0200|,0,0) row 1"
                time="0.0305978"/>
      <testcase classname="Philips.PMP.Test.Auto.IheDeviceTest"
                name="IheDeviceHelperFactoryTest (BBraunDoselinkPlus,MSH|^~\&amp;|PAT_DEVICE_BBRAUN^0012211839000001^EUI-64|BBRAUN|DOC_AM_TEST|BB1|20220523142113+0000||ORU^R01^ORU_R01|63788912473382465025|P|2.6|||AL|NE||ASCII|en^English^ISO639||IHE_PCD_001^IHE PCD^1.3.6.1.4.1.19376.1.6.4.1^ISO&#xD;&#xA;&#x9;&#x9;PID|||Unknown Patient^Unknown Patient||^^^^^^U||||||||||||||||||||||||||Y&#xD;&#xA;&#x9;&#x9;OBR|1|029d53e1-daa3-11ec-8487-c0ee400d168f^PAT_DEVICE_BBRAUN^0012211839000001^EUI-64|029d53e1-daa3-11ec-8487-c0ee400d168f^PAT_DEVICE_BBRAUN^0012211839000001^EUI-64|Dobutamine^Dobutamine|||20220523142039+0000&#xD;&#xA;&#x9;&#x9;OBX|1||70053^MDC_DEV_PUMP_INFUS_SYRINGE_MDS^MDC|1.0.0.0|||||||X|||||||P2450^^0012210000000000^EUI-64&#xD;&#xA;&#x9;&#x9;OBX|2||70054^MDC_DEV_PUMP_INFUS_SYRINGE_VMD^MDC|1.1.0.0|||||||X&#xD;&#xA;&#x9;&#x9;OBX|8||70067^MDC_DEV_PUMP_DELIVERY_INFO^MDC|1.1.1.0|||||||X&#xD;&#xA;&#x9;&#x9;OBX|9|ST|0^MDC_ATTR_PUMP_PILLAR_DETAILS^MDC|1.1.0.24|0^0||||||F|||||||{uniqueId}&#xD;&#xA;&#x9;&#x9;OBX|9|CWE|184519^MDC_PUMP_INFUSING_STATUS^MDC|1.1.1.1|^pump-status-infusing||||||R&#xD;&#xA;&#x9;&#x9;OBX|10|NM|158014^MDC_FLOW_FLUID_PUMP_CURRENT^MDC|1.1.1.2|18|265266^MDC_DIM_MILLI_L_PER_HR^MDC^mL/h^mL/h^UCUM|||||R&#xD;&#xA;&#x9;&#x9;OBX|11|CWE|158016^MDC_DEV_PUMP_ACTIVE_SOURCES^MDC|1.1.1.3|^pump-source-info-primary||||||R&#xD;&#xA;&#x9;&#x9;OBX|12||70071^MDC_DEV_PUMP_INFUSATE_SOURCE_PRIMARY^MDC|1.1.2.0|||||||X&#xD;&#xA;&#x9;&#x9;OBX|13|ST|158012^MDC_DEV_PUMP_SOURCE_CHANNEL_LABEL^MDC|1.1.2.1|Primary||||||R&#xD;&#xA;&#x9;&#x9;OBX|14|ST|184514^MDC_DRUG_NAME_LABEL^MDC|1.1.2.2|Dobutamine||||||R&#xD;&#xA;&#x9;&#x9;OBX|15|ST|184516^MDC_PUMP_DRUG_LIBRARY_CARE_AREA^MDC|1.1.2.4|Global Surgery||||||R&#xD;&#xA;&#x9;&#x9;OBX|16|NM|157784^MDC_FLOW_FLUID_PUMP^MDC|1.1.2.5|18|265266^MDC_DIM_MILLI_L_PER_HR^MDC^mL/h^mL/h^UCUM|||||R&#xD;&#xA;&#x9;&#x9;OBX|17|NM|157760^MDC_CONC_DRUG^MDC|1.1.2.7|5|264306^MDC_DIM_MILLI_G_PER_ML^MDC^mg/mL^mg/mL^UCUM|||||R&#xD;&#xA;&#x9;&#x9;OBX|18|NM|157884^MDC_VOL_FLUID_TBI^MDC|1.1.2.8|2|263762^MDC_DIM_MILLI_L^MDC^mL^mL^UCUM|||||R&#xD;&#xA;&#x9;&#x9;OBX|19|NM|157872^MDC_VOL_FLUID_TBI_REMAIN^MDC|1.1.2.9|0.9|263762^MDC_DIM_MILLI_L^MDC^mL^mL^UCUM|||||R&#xD;&#xA;&#x9;&#x9;OBX|20|NM|157993^MDC_VOL_FLUID_DELIV_TOTAL^MDC|1.1.2.11|1.1|263762^MDC_DIM_MILLI_L^MDC^mL^mL^UCUM|||||R&#xD;&#xA;&#x9;&#x9;OBX|21|NM|157999^MDC_DOSE_DRUG_TBI^MDC|1.1.2.12|10000|263891^MDC_DIM_MICRO_G^MDC^ug^ug^UCUM|||||R&#xD;&#xA;&#x9;&#x9;OBX|22|NM|158000^MDC_DOSE_DRUG_TBI_REMAIN^MDC|1.1.2.13|4480|263891^MDC_DIM_MICRO_G^MDC^ug^ug^UCUM|||||R&#xD;&#xA;&#x9;&#x9;OBX|23|NM|158001^MDC_DOSE_DRUG_DELIV_TOTAL^MDC|1.1.2.15|5520|263891^MDC_DIM_MICRO_G^MDC^ug^ug^UCUM|||||R&#xD;&#xA;&#x9;&#x9;OBX|24|NM|157996^MDC_TIME_PD_PROG^MDC|1.1.2.16|400|264320^MDC_DIM_X_SEC^MDC^s^s^UCUM|||||R&#xD;&#xA;&#x9;&#x9;OBX|25|NM|157916^MDC_TIME_PD_REMAIN^MDC|1.1.2.17|179|264320^MDC_DIM_X_SEC^MDC^s^s^UCUM|||||R&#xD;&#xA;&#x9;&#x9;OBX|26|NM|68063^MDC_ATTR_PT_WEIGHT^MDC|1.1.2.18|100|263875^MDC_DIM_KILO_G^MDC^kg^kg^UCUM|||||R&#xD;&#xA;&#x9;&#x9;OBX|27|CWE|158008^MDC_DEV_PUMP_PROGRAM_DELIVERY_MODE^MDC|1.1.2.21|^pump-program-delivery-mode-continuous||||||R&#xD;&#xA;&#x9;&#x9;OBX|28|CWE|158005^MDC_DEV_PUMP_CURRENT_DELIVERY_STATUS^MDC|1.1.2.22|^pump-delivery-status-delivering||||||R&#xD;&#xA;&#x9;&#x9;OBX|29||70091^MDC_DEV_PUMP_SYRINGE_INFO^MDC|1.1.6.0|||||||X&#xD;&#xA;&#x9;&#x9;OBX|30|NM|157880^MDC_VOL_SYRINGE^MDC|1.1.6.1|50|263762^MDC_DIM_MILLI_L^MDC^mL^mL^UCUM|||||R&#xD;&#xA;&#x9;&#x9;OBX|31|NM|157984^MDC_VOL_SYRINGE_ACTUAL^MDC|1.1.6.2|30.95|263762^MDC_DIM_MILLI_L^MDC^mL^mL^UCUM|||||R&#xD;&#xA;&#x9;&#x9;OBX|32|ST|184488^MDC_SYRINGE_MANUFACTURER^MDC|1.1.6.3|B.Braun OPS 50 mL||||||R,15,0) row 2"
                time="0.0034478"/>
      <testcase classname="Philips.PMP.Test.Auto.IheDeviceTest"
                name="IheDeviceHelperFactoryTest (BDAIC,MSH|^~\&amp;|CONNECT|UMS|||20220614062102+0200||ORU^R01^ORU_R01|PCD-01_20220614042102219811|P|2.6|||AL|NE|||EN^English^ISO639||IHE_PCD_001^IHE PCD^1.3.6.1.4.1.19376.1.6.1.1.1^ISO&#xD;&#xA;&#x9;&#x9;PID|||Bed3^^^AIC^U||Bed3^^^^^^U&#xD;&#xA;&#x9;&#x9;PV1|2|I|{uniqueId}|1|&#xD;&#xA;&#x9;&#x9;OBR|1|ICU@Bed3@Alaris PK@8005-05758^AIC^ascom.com^DNS|ICU@Bed3@Alaris PK@8005-05758^AIC^ascom.com^DNS|ICU@Bed3@Alaris PK@8005-05758^Alfentanil|||20220614062100.108+0200&#xD;&#xA;&#x9;&#x9;OBX|1||69985^MDC_DEV_PUMP_INFUS_MDS^MDC|1.0.0.0|||||||X|||||||Alaris PK@8005-05758@1^AIC^ascom.com^DNS&#xD;&#xA;&#x9;&#x9;OBX|2||69986^MDC_DEV_PUMP_INFUS_VMD^MDC|1.1.0.0|||||||X&#xD;&#xA;&#x9;&#x9;OBX|4||126978^MDC_DEV_PUMP_INFUS_CHAN_DELIVERY^MDC|1.1.1.0|||||||X&#xD;&#xA;&#x9;&#x9;OBX|3|CWE|188772^MDC_COMM_STATUS^MDC|1.1.0.1|^comm-status-online^MDC||||||X&#xD;&#xA;&#x9;&#x9;OBX|5|CWE|184504^MDC_PUMP_MODE^MDC|1.1.1.11|^pump-mode-continuous^MDC||||||R&#xD;&#xA;&#x9;&#x9;OBX|6|CWE|184519^MDC_PUMP_INFUSING_STATUS^MDC|1.1.1.12|^pump-status-infusing^MDC||||||R&#xD;&#xA;&#x9;&#x9;OBX|7|NM|157784^MDC_FLOW_FLUID_PUMP^MDC|1.1.1.13|7.23|mL/h^mL/h^UCUM|||||R&#xD;&#xA;&#x9;&#x9;OBX|8|NM|157993^MDC_VOL_FLUID_DELIV_TOTAL^MDC|1.1.1.14|7.793|mL^mL^UCUM|||||R&#xD;&#xA;&#x9;&#x9;OBX|9|NM|0^MDCX_PUMP_PK_PC^MDC|1.1.1.16|19.9944|ng/mL^ng/mL^UCUM|||||R&#xD;&#xA;&#x9;&#x9;OBX|10|NM|0^MDCX_PUMP_PK_EC^MDC|1.1.1.17|19.9987|ng/mL^ng/mL^UCUM|||||R&#xD;&#xA;&#x9;&#x9;OBX|11|CWE|0^MDC_DEV_PUMP_ACTIVE_SOURCES^MDC|1.1.1.18|^pump-source-info-primary^MDC||||||R&#xD;&#xA;&#x9;&#x9;OBX|12||126977^MDC_DEV_PUMP_INFUS_CHAN_SOURCE^MDC|1.1.2.0|||||||X&#xD;&#xA;&#x9;&#x9;OBX|13|ST|184514^MDC_DRUG_NAME_LABEL^MDC|1.1.2.11|Alfentanil||||||R&#xD;&#xA;&#x9;&#x9;OBX|14|NM|157760^MDC_CONC_DRUG^MDC|1.1.2.12|100.00|mcg/mL^mcg/mL^UCUM|||||R&#xD;&#xA;&#x9;&#x9;OBX|15|NM|157784^MDC_FLOW_FLUID_PUMP^MDC|1.1.2.13|7.23|mL/h^mL/h^UCUM|||||R&#xD;&#xA;&#x9;&#x9;OBX|16|NM|157924^MDC_RATE_DOSE^MDC|1.1.2.14|0.17|mcg/kg/min^mcg/kg/min^UCUM|||||R&#xD;&#xA;&#x9;&#x9;OBX|17|NM|157864^MDC_VOL_FLUID_DELIV^MDC|1.1.2.15|0.010|mL^mL^UCUM|||||R&#xD;&#xA;&#x9;&#x9;OBX|18|NM|157993^MDC_VOL_FLUID_DELIV_TOTAL^MDC|1.1.2.16|7.793|mL^mL^UCUM|||||R&#xD;&#xA;&#x9;&#x9;OBX|19|NM|157872^MDC_VOL_FLUID_TBI_REMAIN^MDC|1.1.2.17||mL^mL^UCUM|||||X&#xD;&#xA;&#x9;&#x9;OBX|20|NM|157916^MDC_TIME_PD_REMAIN^MDC|1.1.2.18|314|min^min^UCUM|||||R&#xD;&#xA;&#x9;&#x9;OBX|21|NM|68063^MDC_ATTR_PT_WEIGHT^MDC|1.1.2.19|70.00|kg^kg^UCUM|||||R&#xD;&#xA;&#x9;&#x9;OBX|22|ST|0^MDCX_PUMP_PK_DRUGMODEL^MDC|1.1.2.21|Alfentanil_Maitre||||||R&#xD;&#xA;&#x9;&#x9;OBX|23|ST|0^MDCX_PUMP_PK_TARGETMODE^MDC|1.1.2.22|P||||||R&#xD;&#xA;&#x9;&#x9;OBX|24|NM|0^MDCX_PUMP_PK_TARGET^MDC|1.1.2.23|20.0000|ng/mL^ng/mL^UCUM|||||R&#xD;&#xA;&#x9;&#x9;OBX|25|ST|70055^MDC_DEV_PUMP_INFUS_SYRINGE_CHAN^MDC|1.1.4.0|||||||X&#xD;&#xA;&#x9;&#x9;OBX|26|ST|184488^MDC_SYRINGE_MANUFACTURER^MDC|1.1.4.10|IVAC||||||R&#xD;&#xA;&#x9;&#x9;OBX|27|NM|157880^MDC_VOL_SYRINGE^MDC|1.1.4.11|50|mL^mL^UCUM|||||R,17,69987) row 3"
                time="0.0054303"/>
      <testcase classname="Philips.PMP.Test.Auto.EventCategoryFilterProviderTest"
                name="CopySettingsTest"
                time="0.645993"/>
      <testcase classname="Philips.PMP.Test.Auto.AlertNotificationClientMgrTest"
                name="NotifyDASOnDispose"
                time="0.0043575"/>
      <testcase classname="Philips.PMP.Test.Auto.SectorAssignmentControlTest"
                name="SectorAssignmentControlVerifyUi"
                time="0.0508177"/>
      <testcase classname="Philips.PMP.Test.Auto.EcgIpmFilterTest"
                name="EcgSignalFiltersAdultEcgMonitor40HzTest"
                time="0.0041191"/>
      <testcase classname="Philips.PMP.Test.Auto.TimeMappingInUseHelperTest"
                name="TimeMappingInUseHelperCanMarkByPdt"
                time="0.0004475"/>
      <testcase classname="Philips.PMP.Test.Auto.PhysioDataServiceTimerTest"
                name="PhysioDataServiceTimerCanStop"
                time="0.0020176"/>
      <testcase classname="Philips.PMP.Test.Auto.SectorAssignmentControlHelperTest"
                name="SectorAssignmentControlHelperTryGetDevicesToAddAndRemove"
                time="0.0067727"/>
      <testcase classname="Philips.PMP.Test.Auto.FindPatientControllerTest"
                name="FindPatientControllerDisplayResults"
                time="0.005655"/>
      <testcase classname="Philips.PMP.Test.Auto.PhysioDataMgrTest"
                name="IsWaveDataAvailableTest"
                time="0.0025829"/>
      <testcase classname="Philips.PMP.Test.Auto.PatientBodyCalculationsHelperTest"
                name="PatientBodyCalculationsHelperGetBodyMassIndex"
                time="0.0012524"/>
      <testcase classname="Philips.PMP.Test.Auto.Ecg12LeadProviderTest"
                name="Ecg12LeadProviderGetCaptureList"
                time="0.0874549"/>
      <testcase classname="Philips.CareEvent.Test.ProductValidatorTests"
                name="NCProductCheckForBedEnablementTest (AllBeds,Navicare Nurse Call (NNC),True,True) row 1"
                time="0.006575"/>
      <testcase classname="Philips.CareEvent.Test.ProductValidatorTests"
                name="NCProductCheckForBedEnablementTest (BedAssignment,Navicare Nurse Call (NNC),True,True) row 2"
                time="0.0193461"/>
      <testcase classname="Philips.CareEvent.Test.ProductValidatorTests"
                name="NCProductCheckForBedEnablementTest (MonitoredBeds,Philips Patient Monitoring,True,True) row 3"
                time="0.0052324"/>
      <testcase classname="Philips.CareEvent.Test.ProductValidatorTests"
                name="NCProductCheckForBedEnablementTest (MonitoredBeds,Philips Guardian,True,False) row 4"
                time="0.0147804"/>
      <testcase classname="Philips.CareEvent.Test.ProductValidatorTests"
                name="NCProductCheckForBedEnablementTest (MonitoredBeds,Navicare Nurse Call (NNC),False,True) row 5"
                time="0.0021094"/>
      <testcase classname="Philips.CareEvent.Test.ProductValidatorTests"
                name="NCProductCheckForBedEnablementTest (MonitoredBeds,Navicare Nurse Call (NNC),True,False) row 6"
                time="0.0055379"/>
      <testcase classname="Philips.PMP.Test.Auto.CameraSystemQualifierTest"
                name="CameraSystemQualifierFailsWhenOneUserAuthenticateFails"
                time="0.0110823"/>
      <testcase classname="Philips.PMP.Test.Auto.EventRolesProviderTest"
                name="StoreEventRoleSettingMustFailIfRoleBehaviorSettingDoesNotExist"
                time="0.2917219"/>
      <testcase classname="Philips.PIC.DataAcquisition.Test.MonitoringDeviceServiceMgrTest"
                name="MonitoringDeviceServiceMgrSubscribesForServiceEvents"
                time="0.0020506"/>
      <testcase classname="Philips.PMP.Test.Auto.ExportLogsControlTest"
                name="ExportLogsControlClearsPasswordWhenExcludingPatientInformation"
                time="0.0461516"/>
      <testcase classname="Philips.CareEvent.Test.CareTouchCommunicationMgrTest"
                name="ValidateSendAutomaticDelegationNotification (True,SelectedAsDelegate) row 1"
                time="0.01384"/>
      <testcase classname="Philips.CareEvent.Test.CareTouchCommunicationMgrTest"
                name="ValidateSendAutomaticDelegationNotification (False,RemovedAsDelegate) row 2"
                time="0.0077777"/>
      <testcase classname="Philips.PIC.DevTools.Test.PatientTraffickerTest"
                name="PatientTraffickerGetsPatients"
                time="0.1445522"/>
      <testcase classname="Philips.PMP.Test.Auto.DataBackIntegrationTest"
                name="DataBackIntegrationFeatureBitTest"
                time="0.00055"/>
      <testcase classname="Philips.PMP.Test.Auto.ApmDataConverterTest"
                name="DoNotConvertRemoteAntennaIfDeviceIsNotAccessPoint"
                time="0.1479487"/>
      <testcase classname="Philips.PMP.Test.Auto.CaregiverAssignmentProviderTest"
                name="StoreNurseRoleAsssignmentShouldReturnFalseIfNurseRoleIsShared (False) row 1"
                time="0.3040413"/>
      <testcase classname="Philips.PMP.Test.Auto.CaregiverAssignmentProviderTest"
                name="StoreNurseRoleAsssignmentShouldReturnFalseIfNurseRoleIsShared (True) row 2"
                time="0.3065571"/>
      <testcase classname="Philips.PMP.Test.Auto.ProtocolSetupProviderTest"
                name="ProtocolAssignmentStoreAndGetTest"
                time="0.3238457"/>
      <testcase classname="Philips.PMP.Test.Auto.Ecg12leadXmlHelperTest"
                name="Ecg12LeadFromXmlEmptyStringTest"
                time="0.0005386"/>
      <testcase classname="Philips.PMP.Test.Auto.PhysioDataStorageQueuesTest"
                name="QueuesAddPhysioDataCreatesNewQueue"
                time="0.0010508"/>
      <testcase classname="Philips.PMP.Test.Auto.NumericMedianHelperTest"
                name="NumericMedianHelperVerifyProcessMedians"
                time="0.0166422"/>
      <testcase classname="Philips.PMP.Test.Auto.EnumerationProviderTest"
                name="EnumerationProviderMultipleDynamicAttributes"
                time="0.0264532"/>
      <testcase classname="Philips.PMP.Test.Auto.WatchdogHelperTest"
                name="GetOnlyWatchedProcessInfosTest"
                time="0.0047977"/>
      <testcase classname="Philips.PMP.Test.Auto.BodyMeasuresCalculatorTest"
                name="BodyMeasuresCalculatorValueTest (0,0,NaN,NaN,Dubois,False) row 1"
                time="0.0010019"/>
      <testcase classname="Philips.PMP.Test.Auto.BodyMeasuresCalculatorTest"
                name="BodyMeasuresCalculatorValueTest (0,0,NaN,NaN,Boyd,False) row 2"
                time="0.001157"/>
      <testcase classname="Philips.PMP.Test.Auto.BodyMeasuresCalculatorTest"
                name="BodyMeasuresCalculatorValueTest (NaN,NaN,NaN,NaN,Dubois,False) row 3"
                time="0.0003966"/>
      <testcase classname="Philips.PMP.Test.Auto.BodyMeasuresCalculatorTest"
                name="BodyMeasuresCalculatorValueTest (NaN,NaN,NaN,NaN,Boyd,False) row 4"
                time="0.0003499"/>
      <testcase classname="Philips.PMP.Test.Auto.BodyMeasuresCalculatorTest"
                name="BodyMeasuresCalculatorValueTest (72,192,26,2.11,Boyd,True) row 5"
                time="0.0008278"/>
      <testcase classname="Philips.PMP.Test.Auto.BodyMeasuresCalculatorTest"
                name="BodyMeasuresCalculatorValueTest (64,142,24.4,1.69,Dubois,True) row 6"
                time="0.0003859"/>
      <testcase classname="Philips.PMP.Test.Auto.BodyMeasuresCalculatorTest"
                name="BodyMeasuresCalculatorValueTest (23,12,15.9,0.31,Boyd,True) row 7"
                time="0.0003389"/>
      <testcase classname="Philips.PMP.Test.Auto.BodyMeasuresCalculatorTest"
                name="BodyMeasuresCalculatorValueTest (70,250,35.9,2.29,Dubois,True) row 8"
                time="0.0007072"/>
      <testcase classname="Philips.PMP.Test.Auto.BodyMeasuresCalculatorTest"
                name="BodyMeasuresCalculatorValueTest (58,110,23,1.46,Boyd,True) row 9"
                time="0.0003704"/>
      <testcase classname="Philips.PMP.Test.Auto.BodyMeasuresCalculatorTest"
                name="BodyMeasuresCalculatorValueTest (75,210,26.2,2.24,Dubois,True) row 10"
                time="0.0003674"/>
      <testcase classname="Philips.PMP.Test.Auto.BodyMeasuresCalculatorTest"
                name="BodyMeasuresCalculatorValueTest (68,200,30.4,2.04,Dubois,True) row 11"
                time="0.0003634"/>
      <testcase classname="Philips.PMP.Test.Auto.MobileRequestValidatorTest"
                name="MobileRequestInvalidPatientFailedResponseTest (AcknowledgeAlarmRequest) row 1"
                time="0.0108571"/>
      <testcase classname="Philips.PMP.Test.Auto.MobileRequestValidatorTest"
                name="MobileRequestInvalidPatientFailedResponseTest (NumericControlsRequest) row 2"
                time="0.0011383"/>
      <testcase classname="Philips.PMP.Test.Auto.PatientDataExportTest"
                name="NumericsOnGoingMeasurementTest"
                time="0.0008257"/>
      <testcase classname="Philips.PMP.Test.Auto.SectorProviderTest"
                name="PrincipalSectorAssignmentTest"
                time="0.3403037"/>
      <testcase classname="Philips.PMP.Test.Auto.CameraSystemUnitAssignmentControlTest"
                name="CameraSystemUnitAssignmentControlPopulateTreeViewAndCredentialsTest (False) row 1"
                time="0.0334102"/>
      <testcase classname="Philips.PMP.Test.Auto.CameraSystemUnitAssignmentControlTest"
                name="CameraSystemUnitAssignmentControlPopulateTreeViewAndCredentialsTest (True) row 2"
                time="0.0207171"/>
      <testcase classname="Philips.PMP.Test.Auto.Hl7OruEncoderTest"
                name="PatientPostureOutHL7Test"
                time="0.0165384"/>
      <testcase classname="Philips.PMP.Test.Auto.EfficiaInstrumentTest"
                name="EfficiaInstrumentProcessSetNewFeatureTest"
                time="0.0042852"/>
      <testcase classname="Philips.PMP.Test.Auto.PhysioDataHelperTest"
                name="UnitConversionUnitLabelCheckTest"
                time="0.0009689"/>
      <testcase classname="Philips.PMP.Test.Auto.TrendUploadDvcTest"
                name="MaximumDvcCanBeIgnoredTest"
                time="0.0010181"/>
      <testcase classname="Philips.PMP.Test.Auto.DataTileHelperTest"
                name="DataTileHelperGetGainTest"
                time="0.0071618"/>
      <testcase classname="Philips.PMP.Test.Auto.WebHostHelperTest"
                name="TryGetPatientInsufficientPermissions"
                time="0.0114467"/>
      <testcase classname="Philips.PMP.Test.Auto.EventCategoryFilterProviderTest"
                name="GetUnitEventCategoryFiltersByTarget"
                time="0.4148362"/>
      <testcase classname="Philips.RootMain.Test.CertificateInstallMgrTest"
                name="OtherHostCaNotConfiguredSucceedTest"
                time="0.0143392"/>
      <testcase classname="Philips.PMP.Test.Auto.WaveProviderTest"
                name="WaveDynamicAttributesDuplicateExceptPDT"
                time="0.0269388"/>
      <testcase classname="Philips.PMP.Test.Auto.Hl7OruEncoderTest"
                name="SpsDeteriorationExistsInIheHl7Output"
                time="0.0020537"/>
      <testcase classname="Philips.PMP.Test.Auto.WebPortalViewControlTest"
                name="WebPortalViewControlOnTopologyChangedTopologySourceItemCheckFails"
                time="0.0228756"/>
      <testcase classname="Philips.PMP.Test.Auto.TrendUploadDvcTest"
                name="NoDataDvcsCanBeClearedTest"
                time="0.0035884"/>
      <testcase classname="Philips.PMP.Test.Auto.HostLicenseProcessorTest"
                name="GetLicensedHostsByUnitTest"
                time="0.0030778"/>
      <testcase classname="Philips.PMP.Test.Auto.MobileDeviceCommunicatorTest"
                name="ProcessPatientAdmitRequestShouldReturnRequestId"
                time="0.0223962"/>
      <testcase classname="Philips.PMP.Test.Auto.CiDeviceUpdaterTest"
                name="CiDeviceUpdaterUpdateUnlabeledDevicesForLabelAssignmentTest (label,True) row 1"
                time="0.0769705"/>
      <testcase classname="Philips.PMP.Test.Auto.CiDeviceUpdaterTest"
                name="CiDeviceUpdaterUpdateUnlabeledDevicesForLabelAssignmentTest (label,False) row 2"
                time="0.0033821"/>
      <testcase classname="Philips.PMP.Test.Auto.CiDeviceUpdaterTest"
                name="CiDeviceUpdaterUpdateUnlabeledDevicesForLabelAssignmentTest (,True) row 3"
                time="0.0045363"/>
      <testcase classname="Philips.PMP.Test.Auto.CiDeviceUpdaterTest"
                name="CiDeviceUpdaterUpdateUnlabeledDevicesForLabelAssignmentTest (,False) row 4"
                time="0.0027689"/>
      <testcase classname="Philips.PMP.Test.Auto.Hl7PreviouslySentMessageValuesTest"
                name="Hl7PreviouslySentMessageValuesShouldSendModelSegment"
                time="0.0200247"/>
      <testcase classname="Philips.PMP.Test.Auto.AlertNotificationServiceTest"
                name="AdiRespondsToTopologyChanges (LicenseChanged,True,True,True,True) row 1"
                time="0.0022068"/>
      <testcase classname="Philips.PMP.Test.Auto.AlertNotificationServiceTest"
                name="AdiRespondsToTopologyChanges (LicenseChanged,True,True,False,False) row 2"
                time="0.0007245"/>
      <testcase classname="Philips.PMP.Test.Auto.AlertNotificationServiceTest"
                name="AdiRespondsToTopologyChanges (LicenseChanged,True,False,False,False) row 3"
                time="0.0005986"/>
      <testcase classname="Philips.PMP.Test.Auto.AlertNotificationServiceTest"
                name="AdiRespondsToTopologyChanges (LicenseChanged,False,True,True,True) row 4"
                time="0.0005776"/>
      <testcase classname="Philips.PMP.Test.Auto.AlertNotificationServiceTest"
                name="AdiRespondsToTopologyChanges (LicenseChanged,False,False,False,False) row 5"
                time="0.000539"/>
      <testcase classname="Philips.PMP.Test.Auto.AlertNotificationServiceTest"
                name="AdiRespondsToTopologyChanges (HostChanged,False,True,True,True) row 6"
                time="0.0004946"/>
      <testcase classname="Philips.PMP.Test.Auto.AlertNotificationServiceTest"
                name="AdiRespondsToTopologyChanges (HostDeleted,True,True,True,False) row 7"
                time="0.0005301"/>
      <testcase classname="Philips.PMP.Test.Auto.AlertNotificationServiceTest"
                name="AdiRespondsToTopologyChanges (BedsAdded,False,True,True,False) row 8"
                time="0.0054479"/>
      <testcase classname="Philips.PMP.Test.Auto.UnitSettingsTest"
                name="ReadHeaderTest"
                time="0.0048443"/>
      <testcase classname="Philips.PMP.Test.Auto.DbSyncConflictResolutionControlTest"
                name="DbSyncConflictResolutionControlUpdateUi (DuplicateBed,DuplicatePatient) row 1"
                time="0.0812121"/>
      <testcase classname="Philips.PMP.Test.Auto.DbSyncConflictResolutionControlTest"
                name="DbSyncConflictResolutionControlUpdateUi (DuplicatePatient,DuplicatePatient) row 2"
                time="0.0310225"/>
      <testcase classname="Philips.PMP.Test.Auto.ScheduleTest"
                name="ScheduleIntervalIsNightShift"
                time="0.0010357"/>
      <testcase classname="Philips.PMP.Test.Auto.PhysioDataComparisonTest"
                name="NotableIntervalQueryEqualityTest"
                time="0.0006497"/>
      <testcase classname="Philips.PMP.Test.Auto.ConflictResolutionControlTest"
                name="ConflictResolutionControlEnableUi (True) row 1"
                time="0.0323054"/>
      <testcase classname="Philips.PMP.Test.Auto.ConflictResolutionControlTest"
                name="ConflictResolutionControlEnableUi (False) row 2"
                time="0.0220962"/>
      <testcase classname="Philips.PMP.Test.Auto.PatientProviderTest"
                name="DischargePatient"
                time="0.3769446"/>
      <testcase classname="Philips.PMP.Test.Auto.AlarmReviewUiTest"
                name="AlarmReviewUiGetPhysioData"
                time="0.0013451"/>
      <testcase classname="Philips.PMP.Test.Auto.TerumoTerufusionTest"
                name="GetDataPacketTest"
                time="0.0005071"/>
      <testcase classname="Philips.CareEvent.Test.MobileStaffAssignmentMgrTests"
                name="ClearStaffAssignmentRequest"
                time="0.0689447"/>
      <testcase classname="Philips.CareEvent.Test.EventInputConfigurationValidatorTest"
                name="DuplicatePortShouldNotBeAllowed"
                time="0.0169011"/>
      <testcase classname="Philips.IX.UserManagement.Test.ProveIdWebApiServerTest"
                name="DownServerFromStartTest"
                time="0.003011"/>
      <testcase classname="Philips.PMP.Test.Auto.ArcomedStateMachineTest"
                name="StateVersionMsgFailTest"
                time="0.0133376"/>
      <testcase classname="Philips.PMP.Test.Auto.DbSyncServiceMgrTest"
                name="DbSyncServiceMgrDoesNotSleepOnSuccess"
                time="0.3724735"/>
      <testcase classname="Philips.PMP.Test.Auto.PatientCensusHandlerTest"
                name="PatientCensusHandlerUnsubscibeTest (False) row 1"
                time="0.0049102"/>
      <testcase classname="Philips.PMP.Test.Auto.PatientCensusHandlerTest"
                name="PatientCensusHandlerUnsubscibeTest (True) row 2"
                time="0.0085167"/>
      <testcase classname="Philips.PMP.Test.Auto.IheDeviceTest"
                name="ProcessPCD10orPC01Message"
                time="0.0149184"/>
      <testcase classname="Philips.PMP.Test.Auto.W32TimeServiceAdapterTest"
                name="TryGetTimeServiceStatusParsesNormalStatusString"
                time="0.0028193"/>
      <testcase classname="Philips.CareEvent.Test.EventMonitorFilterTests"
                name="EventMonitorFilterOnEventPriority"
                time="0.1094801"/>
      <testcase classname="Philips.PMP.Test.Auto.GatewayServiceMonitorTest"
                name="SystemStatusServiceMgrCheckGatewayNoGateway"
                time="0.0008373"/>
      <testcase classname="Philips.PMP.Test.Auto.RestoreControlTest"
                name="RestoreControlUsesPassword"
                time="0.2244934"/>
      <testcase classname="Philips.PMP.Test.Auto.BootConfigurationDataEditorTest"
                name="BcdEditorParsesDataExecutionPreventionSetting"
                time="0.0014399"/>
      <testcase classname="Philips.PMP.Test.Auto.StitchTest"
                name="StitchReceivedDvcLogicTwoNonContinuousTest"
                time="0.0050544"/>
      <testcase classname="Philips.PMP.Test.Auto.W32TimeStatusTest"
                name="ParseValidStatusStrings"
                time="0.003462"/>
      <testcase classname="Philips.PMP.Test.Auto.PatientDeviceHandlerTest"
                name="PatientDeviceHandlerStop"
                time="0.0025457"/>
      <testcase classname="Philips.CareEvent.Test.CareAssignmentOverviewRoleCheckerTest"
                name="CompoundValidationFailures"
                time="0.0014752"/>
      <testcase classname="Philips.PMP.Test.Auto.EventCatalogProviderTest"
                name="SetEventCategoryShouldFindExpectedCategory (SIG_QUAL_UNKNOWN,) row 1"
                time="0.1014067"/>
      <testcase classname="Philips.PMP.Test.Auto.EventCatalogProviderTest"
                name="SetEventCategoryShouldFindExpectedCategory (ECG_CARD_BEAT_RATE,1390CF09-034E-47EE-AF3A-B646A3477641) row 2"
                time="0.1023829"/>
      <testcase classname="Philips.PMP.Test.Auto.ScaleProviderTest"
                name="PatientParameterScalesLoadFromFactoryTest"
                time="2.7610826"/>
      <testcase classname="Philips.PMP.Test.Auto.TwelveLeadCaptureControlTest"
                name="TwelveLeadStoreWaveSettingsTest (True,True) row 1"
                time="0.2176817"/>
      <testcase classname="Philips.PMP.Test.Auto.TwelveLeadCaptureControlTest"
                name="TwelveLeadStoreWaveSettingsTest (False,True) row 2"
                time="0.0172468"/>
      <testcase classname="Philips.PMP.Test.Auto.TwelveLeadCaptureControlTest"
                name="TwelveLeadStoreWaveSettingsTest (True,False) row 3"
                time="0.015351"/>
      <testcase classname="Philips.PMP.Test.Auto.RestoreControlTest"
                name="RestoreTestInvalidInput"
                time="0.0583982"/>
      <testcase classname="Philips.CareEvent.Test.MobileCarrierSettingsControlTest"
                name="TextFieldLengthTest"
                time="0.0071868"/>
      <testcase classname="Philips.PMP.Test.Auto.PatientDataExportTierTwoTest"
                name="TierTwoExportWhenNoTierTwoHostsPresent"
                time="0.055701"/>
      <testcase classname="Philips.PMP.Test.Auto.RepositoryWaveTest"
                name="WaveRepositoryShouldNotReturnWavesWithNoData"
                time="0.0009231"/>
      <testcase classname="Philips.PMP.Test.Auto.SignalSourceMgrTest"
                name="SignalSourceMgrDeepCopyTest"
                time="0.0008414"/>
      <testcase classname="Philips.PMP.Test.Auto.PatientFieldsHelperTest"
                name="PatientFieldsHelperGetLifetimeIdDisplayMode"
                time="0.0015057"/>
      <testcase classname="Philips.PMP.LicenseService.Test.UnitLicenseFeaturesDeterminerTest"
                name="GetRemainingUnitFeaturesWillNotGetFeaturesIfThereAreNoUnitsSaved"
                time="0.0028014"/>
      <testcase classname="Philips.PMP.Test.Auto.TimeWaveBaselineProviderTest"
                name="TimeWaveBaselineProviderPatientStayPreadmitWithoutBaseline"
                time="0.3191466"/>
      <testcase classname="Philips.PMP.Test.Auto.InstitutionLabelHelperTest"
                name="InstitutionLabelFormatPatientNameWithInstitutionMyInstitutionNull"
                time="0.002822"/>
      <testcase classname="Philips.PMP.Test.Auto.DbEngineTest"
                name="TransactionCommitInnerRollbackOuter2"
                time="0.0361734"/>
      <testcase classname="Philips.PMP.Test.Auto.PatientCensusServiceBridgeTest"
                name="PatientCensuBridgeCanSubscribeMultipleUnit"
                time="0.0115377"/>
      <testcase classname="Philips.PIC.WebBridge.Test.StripDataControllerTest"
                name="StripDataControllerGetForDischargedPatientTest"
                time="0.0035579"/>
      <testcase classname="Philips.PMP.Test.Auto.SpotCheckValidationHelperTest"
                name="SpotCheckHelperExportTest (True) row 1"
                time="0.1316523"/>
      <testcase classname="Philips.PMP.Test.Auto.SpotCheckValidationHelperTest"
                name="SpotCheckHelperExportTest (False) row 2"
                time="0.0044504"/>
      <testcase classname="Philips.PMP.Test.Auto.PhysioDataComparisonTest"
                name="WaveQueryEqualityTest"
                time="0.0004999"/>
      <testcase classname="Philips.PMP.Test.Auto.DataRelayServiceTest"
                name="DataRelayServiceOpensBridge"
                time="0.0056067"/>
      <testcase classname="Philips.PMP.Test.Auto.SpotCheckVitalsFilterTest"
                name="FilterVitalsTest"
                time="0.0123693"/>
      <testcase classname="Philips.PMP.Test.Auto.NumericProviderTest"
                name="NumericProviderAperiodicXSWTest"
                time="0.2996754"/>
      <testcase classname="Philips.PMP.Test.Auto.PatientDataExportTierTwoTest"
                name="TierTwoGetLocations"
                time="0.012654"/>
      <testcase classname="Philips.PMP.Test.Auto.MobileWaveConverterTest"
                name="WaveConvertTest"
                time="0.0027188"/>
      <testcase classname="Philips.PMP.Test.Auto.TrendUploadValueProcessorTest"
                name="OverflowExceptionInGetPhysioDataTimeAfterColdstartTest"
                time="0.0838356"/>
      <testcase classname="Philips.PMP.Test.Auto.MobilityServiceHelperTest"
                name="StoreRemoteControlFailedWhenNoPatientAvailable"
                time="0.0028925"/>
      <testcase classname="Philips.PMP.Test.Auto.EventNotificationValidatorTest"
                name="ShowWarningMessageWhenSharedAssignmentRoleIsConfigured"
                time="0.003249"/>
      <testcase classname="Philips.PMP.Test.Auto.ServiceQualifierTest"
                name="WatchdogQualifierAutoStart (True,True) row 1"
                time="0.0898407"/>
      <testcase classname="Philips.PMP.Test.Auto.ServiceQualifierTest"
                name="WatchdogQualifierAutoStart (True,False) row 2"
                time="0.0006269"/>
      <testcase classname="Philips.PMP.Test.Auto.ServiceQualifierTest"
                name="WatchdogQualifierAutoStart (False,False) row 3"
                time="0.0005562"/>
      <testcase classname="Philips.PMP.Test.Auto.ServiceQualifierTest"
                name="WatchdogQualifierAutoStart (False,True) row 4"
                time="0.0004114"/>
      <testcase classname="Philips.PMP.Test.Auto.LabDataHelperTest"
                name="LabDataServiceNotifiesSubscribersForNewLabNotifications"
                time="0.0926325"/>
      <testcase classname="Philips.PMP.Test.Auto.EventLogGraphicsResetAnalyzerTest"
                name="BugCheckOnStart (True,False,1) row 1"
                time="0.0417196"/>
      <testcase classname="Philips.PMP.Test.Auto.EventLogGraphicsResetAnalyzerTest"
                name="BugCheckOnStart (False,False,0) row 2"
                time="0.0210893"/>
      <testcase classname="Philips.PMP.Test.Auto.EventLogGraphicsResetAnalyzerTest"
                name="BugCheckOnStart (True,True,0) row 3"
                time="0.0101161"/>
      <testcase classname="Philips.PMP.Test.Auto.WaveProviderTest"
                name="WavePartialQuantum"
                time="0.0407555"/>
      <testcase classname="Philips.CareEvent.Test.TopologyAliasProviderTests"
                name="GetLocationNameAndAliasListTest"
                time="0.0965031"/>
      <testcase classname="Philips.PMP.Test.Auto.ApplicationWindowControlTest"
                name="UpdateMyPatientNameLabelMultiInstitutionTest"
                time="0.3534885"/>
      <testcase classname="Philips.PMP.Test.Auto.CaregiverAssignmentProviderTest"
                name="GetMyAssignedNursesTest"
                time="0.2992749"/>
      <testcase classname="Philips.PMP.Test.Auto.DataBackIntegrationTest"
                name="DataBackIntegrationFullDynamicAttributeBuilderTest"
                time="0.0011657"/>
      <testcase classname="Philips.PMP.Test.Auto.DeviceProviderTest"
                name="DeviceProviderGetHostByNameOrIp"
                time="0.2578744"/>
      <testcase classname="Philips.PMP.Test.Auto.ExportLogsControlTest"
                name="LogExportValidatesInputs (False,False,False,False,False,False) row 1"
                time="0.1135052"/>
      <testcase classname="Philips.PMP.Test.Auto.ExportLogsControlTest"
                name="LogExportValidatesInputs (True,False,False,False,False,False) row 2"
                time="0.0567422"/>
      <testcase classname="Philips.PMP.Test.Auto.ExportLogsControlTest"
                name="LogExportValidatesInputs (True,True,False,False,False,True) row 3"
                time="0.0657995"/>
      <testcase classname="Philips.PMP.Test.Auto.ExportLogsControlTest"
                name="LogExportValidatesInputs (True,True,True,False,False,False) row 4"
                time="0.0435427"/>
      <testcase classname="Philips.PMP.Test.Auto.ExportLogsControlTest"
                name="LogExportValidatesInputs (True,True,True,True,False,True) row 5"
                time="0.0529788"/>
      <testcase classname="Philips.PMP.Test.Auto.ExportLogsControlTest"
                name="LogExportValidatesInputs (True,True,True,True,True,True) row 6"
                time="0.055206"/>
      <testcase classname="Philips.PMP.Test.Auto.DataTileHelperTest"
                name="DataTileHelperGetDesiredDotSizeForGridTest"
                time="0.0063003"/>
      <testcase classname="Philips.PMP.Test.Auto.PatientDataExportFileTest"
                name="PdxAnnotationStartsBeginningOfStay"
                time="0.3668605"/>
      <testcase classname="Philips.PMP.Test.Auto.UserCredentialProcessorTest"
                name="UserCredentialProcessorDecryptsLegacyPasswords (##6CD01FDB5F545A8B381CB4DA0D6A83A6,b;ah) row 1"
                time="0.0009386"/>
      <testcase classname="Philips.PMP.Test.Auto.UserCredentialProcessorTest"
                name="UserCredentialProcessorDecryptsLegacyPasswords (#C7-38-A7-AC-8B-45-9B-F8-12-FD-EC-7B-91-C0-5C-D7-79-FF-87-9A-BB-2F-DD-89-06-38-DE-BF-27-BB-FE-9A-03-60-52-8B-F9-45-7F-7E-0F-CA-A0-4A-B3-39-64-26,~! @#$%^&amp;*_-+=`|\(){}[]:;&#34;'&lt;&gt;,.?/) row 2"
                time="0.0006494"/>
      <testcase classname="Philips.PMP.Test.Auto.UserCredentialProcessorTest"
                name="UserCredentialProcessorDecryptsLegacyPasswords (##7A2645B8B5739C1DF23E74D616E22A5EE607A946156614D1F698A80AC08EA35DE8BA1A535C1AD2CAB6F10663AE18E85294D3818FDECB16DC0BE2D9FAFAD55E40D5E9CDF50CEB96BCD56D6B7204F32A26,~! @#$%^&amp;*_-+=`|\(){}[]:;&#34;'&lt;&gt;,.?/) row 3"
                time="0.0006361"/>
      <testcase classname="Philips.CareEvent.Test.TopologyAliasProviderTests"
                name="TopologyAliasProviderTryGetRoomAndBedAliasTest (False,False) row 1"
                time="0.0288152"/>
      <testcase classname="Philips.CareEvent.Test.TopologyAliasProviderTests"
                name="TopologyAliasProviderTryGetRoomAndBedAliasTest (True,False) row 2"
                time="0.0293732"/>
      <testcase classname="Philips.CareEvent.Test.TopologyAliasProviderTests"
                name="TopologyAliasProviderTryGetRoomAndBedAliasTest (False,True) row 3"
                time="0.0307544"/>
      <testcase classname="Philips.CareEvent.Test.TopologyAliasProviderTests"
                name="TopologyAliasProviderTryGetRoomAndBedAliasTest (True,True) row 4"
                time="0.0310036"/>
      <testcase classname="Philips.PMP.Test.Auto.ReassuranceMeasurementHandlerTest"
                name="RequestMultipleSpo2ReassuranceMeasurementsWithinLongTimePeriodExpectTwoTriggeredControls"
                time="0.0032785"/>
      <testcase classname="Philips.PMP.Test.Auto.RingtoneSyncMgrTest"
                name="RingtoneSyncMgrOnUpdateArchiveTest (0,1,True,False) row 1"
                time="0.1656892"/>
      <testcase classname="Philips.PMP.Test.Auto.RingtoneSyncMgrTest"
                name="RingtoneSyncMgrOnUpdateArchiveTest (0,0,True,True) row 2"
                time="0.0198922"/>
      <testcase classname="Philips.PMP.Test.Auto.RingtoneSyncMgrTest"
                name="RingtoneSyncMgrOnUpdateArchiveTest (0,0,False,True) row 3"
                time="0.0097595"/>
      <testcase classname="Philips.PMP.Test.Auto.RingtoneSyncMgrTest"
                name="RingtoneSyncMgrOnUpdateArchiveTest (0,0,False,False) row 4"
                time="0.0101058"/>
      <testcase classname="Philips.PMP.Test.Auto.MobilePatientConverterTest"
                name="MobilePatientConflictStateTest"
                time="0.0068634"/>
      <testcase classname="Philips.PMP.Test.Auto.LicensingProviderTest"
                name="UpdateDeviceLicensingTest"
                time="0.9677925"/>
      <testcase classname="Philips.PMP.Test.Auto.ConnectionStatusMonitorTest"
                name="ConnectionStatusMonitorTicksQueueStatusUpdates"
                time="0.0009491"/>
      <testcase classname="Philips.PMP.Test.Auto.RingtoneSyncMgrTest"
                name="RingtoneSyncMgrUpdateArchiveTest"
                time="0.7599719"/>
      <testcase classname="Philips.PMP.Test.Auto.EnumerationProviderTest"
                name="EnumerationProviderFilterEndedBeforeQueryTime"
                time="0.0439041"/>
      <testcase classname="Philips.PMP.Test.Auto.PatientUnitAdmitTimeHelperTest"
                name="PatientUnitAdmitTimeHelperIsValidUnitAdmitTimeSingle"
                time="0.0012816"/>
      <testcase classname="Philips.PMP.Test.Auto.RfidReaderTest"
                name="RfidReaderDataReceived"
                time="1.221125"/>
      <testcase classname="Philips.PMP.Test.Auto.ScheduleTest"
                name="ScheduleHasEndDate"
                time="0.0217978"/>
      <testcase classname="Philips.PMP.Test.Auto.DtlsTest"
                name="DtlsCloseSecureConnectionTest"
                time="0.0085809"/>
      <testcase classname="Philips.PMP.Test.Auto.CameraSystemMgrTest"
                name="GetUrlWithInvalidUser"
                time="0.0034251"/>
      <testcase classname="Philips.PIC.SharedAssignment.Test.SharedAssignmentMgrTest"
                name="SharedAssignmentMgrInitializingTcpConnectionAsClient"
                time="0.7044567"/>
      <testcase classname="Philips.PMP.Test.Auto.ReportingProviderTest"
                name="ReportsMonitorPrinterQueueTest"
                time="1.0063699"/>
      <testcase classname="Philips.PMP.Test.Auto.Ecg12LeadProviderTest"
                name="Ecg12LeadProviderCaptureTime"
                time="0.0461041"/>
      <testcase classname="Philips.PMP.Test.Auto.EcgSqiHelperTest"
                name="ComputeWeightedSqiSumInvalidSequenceTest"
                time="0.0062802"/>
      <testcase classname="Philips.PMP.Test.Auto.LocalizationTests"
                name="LocalizedReportNamesTest"
                time="0.1205877"/>
      <testcase classname="Philips.PMP.Test.Auto.RolePermissionsControlTest"
                name="RolePermissionControlSaveButton (True,True) row 1"
                time="0.0783491"/>
      <testcase classname="Philips.PMP.Test.Auto.RolePermissionsControlTest"
                name="RolePermissionControlSaveButton (True,False) row 2"
                time="0.065229"/>
      <testcase classname="Philips.PMP.Test.Auto.RolePermissionsControlTest"
                name="RolePermissionControlSaveButton (False,True) row 3"
                time="0.0606883"/>
      <testcase classname="Philips.PMP.Test.Auto.RolePermissionsControlTest"
                name="RolePermissionControlSaveButton (False,False) row 4"
                time="0.0541805"/>
      <testcase classname="Philips.PMP.Test.Auto.DbConnectionMgrTest"
                name="DbConnectionMgrGetPrimaryConnectionCanGetPrimarySqlConnection"
                time="0.0237504"/>
      <testcase classname="Philips.PMP.Test.Auto.CameraSystemUnitAssignmentControlTest"
                name="CameraSystemUnitAssignmentControlValidateRequiredFieldsMessageBoxTest (test,testpwd) row 1"
                time="0.0181315"/>
      <testcase classname="Philips.PMP.Test.Auto.CameraSystemUnitAssignmentControlTest"
                name="CameraSystemUnitAssignmentControlValidateRequiredFieldsMessageBoxTest (,) row 2"
                time="0.0210587"/>
      <testcase classname="Philips.PMP.Test.Auto.CameraSystemUnitAssignmentControlTest"
                name="CameraSystemUnitAssignmentControlValidateRequiredFieldsMessageBoxTest (test,) row 3"
                time="0.0327479"/>
      <testcase classname="Philips.PIC.SharedAssignment.Test.SharedAssignmentProviderTest"
                name="AssignmentStoredOnOneBedShouldNotClearAssignmentsInAnotherBed"
                time="0.0465889"/>
      <testcase classname="Philips.PMP.Test.Auto.CiReceiverTest"
                name="CiReceiverDoesNotCrashOnDisposeWithEnqueueFailure"
                time="0.0246368"/>
      <testcase classname="Philips.PMP.Test.Auto.SetArchivePasswordControlTest"
                name="SetArchivePasswordHideTooltip"
                time="0.0147115"/>
      <testcase classname="Philips.PMP.Test.Auto.SurveillanceHelperTest"
                name="CompareAlertListsAuditStoreTest"
                time="0.0059689"/>
      <testcase classname="Philips.PMP.Test.Auto.IISInstallationQualifierTest"
                name="IISInstallationQualifierIsCorrectable"
                time="0.0032414"/>
      <testcase classname="Philips.PMP.Test.Auto.NetworkShareSelectionControlTest"
                name="NetworkShareSelectionControlCanBeReadOnly (True) row 1"
                time="0.0178021"/>
      <testcase classname="Philips.PMP.Test.Auto.NetworkShareSelectionControlTest"
                name="NetworkShareSelectionControlCanBeReadOnly (False) row 2"
                time="0.0154934"/>
      <testcase classname="Philips.PMP.Test.Auto.MonitorStreamSubscriptionTest"
                name="ClearSubscriptionsTest (False,PRN1,) row 1"
                time="0.0314604"/>
      <testcase classname="Philips.PMP.Test.Auto.MonitorStreamSubscriptionTest"
                name="ClearSubscriptionsTest (True,Monitor/Reports,2) row 2"
                time="0.0012278"/>
      <testcase classname="Philips.PMP.Test.Auto.ProxyTest"
                name="MultiConnectedProxyMgrDoesntKeepConnectedProxyMgrConnectedAfterDispose"
                time="0.0123635"/>
      <testcase classname="Philips.PMP.Test.Auto.EventNotificationMgrTest"
                name="GetPopUpBehaviorBasedOnMaxBedPerDomainWhenMaxBedIsReachedTest"
                time="0.3071052"/>
      <testcase classname="Philips.PMP.Test.Auto.TokenRenewalServiceTest"
                name="TryValidateAndCreateTokenCreatesANewTokenOffOfAValidOne"
                time="0.0046606"/>
      <testcase classname="Philips.PMP.Test.Auto.WorkflowActionMgrTest"
                name="WorkflowActionMgrShouldPopulateEventReportingDataForPatientEventFiltersTest"
                time="0.2691682"/>
      <testcase classname="Philips.PMP.Test.Auto.DeviceProviderTest"
                name="StoreDevices"
                time="0.289125"/>
      <testcase classname="Philips.PMP.Test.Auto.MorbalPhysioUploadConnectionTest"
                name="DoesUnmappableTimeCauseCrash"
                time="0.0166945"/>
      <testcase classname="Philips.CareEvent.Test.EventMonitorProviderTests"
                name="StoreConfiguredLocationsForEventMonitorViaBedConfigurationControl"
                time="0.0555846"/>
      <testcase classname="Philips.PMP.Test.Auto.Hl7OruEncoderTest"
                name="SpsCustomLabelDeteriorationExistsInComplexIheHl7Output"
                time="0.0023068"/>
      <testcase classname="Philips.CareEvent.Test.EventMonitorFilterTests"
                name="EventMonitorFilterOnShortYellow"
                time="0.0322559"/>
      <testcase classname="Philips.PMP.Test.Auto.TerumoTerufusionTest"
                name="TerumoTerufusionDriverTest"
                time="0.0395607"/>
      <testcase classname="Philips.CareEvent.Test.MobileBedLabelLimitCheckerTest"
                name="MobileBedLabelLimitCheckerIsExceedingMobileBedLabelLimit"
                time="0.0017896"/>
      <testcase classname="Philips.PMP.Test.Auto.NotificationSettingProviderTest"
                name="AddSupervisoryCategoryWhenChargeRoleIsChanged"
                time="0.0144635"/>
      <testcase classname="Philips.PMP.Test.Auto.PatientDataExportTest"
                name="EasiWaveFilterTest"
                time="0.0013304"/>
      <testcase classname="Philips.PMP.Test.Auto.IheDriverQualifierTest"
                name="IheDriverQualifierSysValidationTest (True,Success) row 1"
                time="0.0088532"/>
      <testcase classname="Philips.PMP.Test.Auto.IheDriverQualifierTest"
                name="IheDriverQualifierSysValidationTest (False,Failure) row 2"
                time="0.0030697"/>
      <testcase classname="Philips.PMP.Test.Auto.AcknowledgeAlertsAvailabilityHelperTest"
                name="AcknowledgeAlertsAvailabilityHelperShouldAllowAcknowledgeVerifyPatient (True) row 1"
                time="0.0865476"/>
      <testcase classname="Philips.PMP.Test.Auto.AcknowledgeAlertsAvailabilityHelperTest"
                name="AcknowledgeAlertsAvailabilityHelperShouldAllowAcknowledgeVerifyPatient (False) row 2"
                time="0.0015136"/>
      <testcase classname="Philips.PMP.Test.Auto.PatientMgmtConfigurationTest"
                name="PatientMgmtAdtWorkflowConfigurationTest"
                time="0.0083438"/>
      <testcase classname="Philips.PMP.Test.Auto.RecordingRequestParserTest"
                name="RecordingRequestParserProcessAlarmRecordingRequestCallingGetDataConfigTest (False) row 1"
                time="0.015134"/>
      <testcase classname="Philips.PMP.Test.Auto.RecordingRequestParserTest"
                name="RecordingRequestParserProcessAlarmRecordingRequestCallingGetDataConfigTest (True) row 2"
                time="0.0355031"/>
      <testcase classname="Philips.PMP.Test.Auto.DeviceProviderTest"
                name="GetAssignedMonitoringDevicesForMultipleZonesTest"
                time="0.3029701"/>
      <testcase classname="Philips.PIC.SharedAssignment.Test.SharedAssignmentMgrTest"
                name="SubscribeUnsubscribeForSAIfSharedRolesChangedForUnit (1,2,1,1,0) row 1"
                time="0.0170979"/>
      <testcase classname="Philips.PIC.SharedAssignment.Test.SharedAssignmentMgrTest"
                name="SubscribeUnsubscribeForSAIfSharedRolesChangedForUnit (1,1,1,2,0) row 2"
                time="0.0029441"/>
      <testcase classname="Philips.PMP.Test.Auto.IntelliBridgeProviderTest"
                name="IHEDriverRemoveTest"
                time="0.0431361"/>
      <testcase classname="Philips.PMP.Test.Auto.MobilePatientTransferMgrTest"
                name="InvalidDataReturnMobileTransferResultCodesAsError (,cf3f4ec9-ba70-48f9-9a4e-592cde7c9a7b,False,False,False,False) row 1"
                time="0.020772"/>
      <testcase classname="Philips.PMP.Test.Auto.MobilePatientTransferMgrTest"
                name="InvalidDataReturnMobileTransferResultCodesAsError (6B29FC40-CA47-1067-B31D-00DD010662DA,cf3f4ec9-ba70-48f9-9a4e-592cde7c9a7b,False,False,False,False) row 2"
                time="0.0032086"/>
      <testcase classname="Philips.PMP.Test.Auto.MobilePatientTransferMgrTest"
                name="InvalidDataReturnMobileTransferResultCodesAsError (6B29FC40-CA47-1067-B31D-00DD010662DA,cf3f4ec9-ba70-48f9-9a4e-592cde7c9a7b,True,False,False,False) row 3"
                time="0.0055767"/>
      <testcase classname="Philips.PMP.Test.Auto.MobilePatientTransferMgrTest"
                name="InvalidDataReturnMobileTransferResultCodesAsError (6B29FC40-CA47-1067-B31D-00DD010662DA,cf3f4ec9-ba70-48f9-9a4e-592cde7c9a7b,True,True,False,False) row 4"
                time="0.0048075"/>
      <testcase classname="Philips.PMP.Test.Auto.MobilePatientTransferMgrTest"
                name="InvalidDataReturnMobileTransferResultCodesAsError (6B29FC40-CA47-1067-B31D-00DD010662DA,,True,True,True,False) row 5"
                time="0.0087056"/>
      <testcase classname="Philips.PMP.Test.Auto.MobilePatientTransferMgrTest"
                name="InvalidDataReturnMobileTransferResultCodesAsError (6B29FC40-CA47-1067-B31D-00DD010662DA,cf3f4ec9-ba70-48f9-9a4e-592cde7c9a7b,True,True,True,False) row 6"
                time="0.005145"/>
      <testcase classname="Philips.PMP.Test.Auto.MobilePatientTransferMgrTest"
                name="InvalidDataReturnMobileTransferResultCodesAsError (6B29FC40-CA47-1067-B31D-00DD010662DA,cf3f4ec9-ba70-48f9-9a4e-592cde7c9a7b,True,True,True,True) row 7"
                time="0.0078103"/>
      <testcase classname="Philips.PMP.Test.Auto.DataBackIntegrationTest"
                name="DataBackIntegrationEmptyContainmentTreeBuilderTest"
                time="0.0050119"/>
      <testcase classname="Philips.PMP.Test.Auto.WaveProcessorTest"
                name="WaveProcessorSedlineArtifactTest"
                time="0.1635984"/>
      <testcase classname="Philips.PMP.Test.Auto.ApplicationMgrTest"
                name="ApplicationNavigationControlTest"
                time="0.0343524"/>
      <testcase classname="Philips.PMP.Test.Auto.SurveillanceHelperTest"
                name="SetWaveTileTest"
                time="0.0209462"/>
      <testcase classname="Philips.PMP.Test.Auto.PatientDataExportServiceTest"
                name="WillReturnDeviceConnectionIfUriDeviceIsNotNull"
                time="0.0006684"/>
      <testcase classname="Philips.PMP.Test.Auto.NotificationSettingProviderTest"
                name="GetOverviewRoleTest"
                time="0.0028974"/>
      <testcase classname="Philips.PMP.Test.Auto.TopologyTreeControlTest"
                name="TopologyTreeControlTryGetSelectedItemsParentAndGrandParent (0,False,False) row 1"
                time="0.0203234"/>
      <testcase classname="Philips.PMP.Test.Auto.TopologyTreeControlTest"
                name="TopologyTreeControlTryGetSelectedItemsParentAndGrandParent (1,False,False) row 2"
                time="0.0204313"/>
      <testcase classname="Philips.PMP.Test.Auto.TopologyTreeControlTest"
                name="TopologyTreeControlTryGetSelectedItemsParentAndGrandParent (2,False,True) row 3"
                time="0.0194436"/>
      <testcase classname="Philips.PMP.Test.Auto.TopologyTreeControlTest"
                name="TopologyTreeControlTryGetSelectedItemsParentAndGrandParent (3,True,True) row 4"
                time="0.023035"/>
      <testcase classname="Philips.PMP.Test.Auto.ConfigFileProviderFactoryTest"
                name="CreateShouldReturnValidConfig"
                time="0.0011456"/>
      <testcase classname="Philips.CareEvent.Test.EventManagementHelperTest"
                name="GetOnlyNotificationServerHostOnly"
                time="0.0040533"/>
      <testcase classname="Philips.PMP.Test.Auto.MaintenanceServiceTest"
                name="MaintenanceServiceUpdateStatisticsTest"
                time="0.1737598"/>
      <testcase classname="Philips.PMP.Test.Auto.UtilitiesServiceTest"
                name="UtilitiesServiceSyncsOperatingSystemUserInfo (True) row 1"
                time="0.0614727"/>
      <testcase classname="Philips.PMP.Test.Auto.UtilitiesServiceTest"
                name="UtilitiesServiceSyncsOperatingSystemUserInfo (True) row 2"
                time="0.0023949"/>
      <testcase classname="Philips.PMP.Test.Auto.UtilitiesServiceTest"
                name="UtilitiesServiceSyncsOperatingSystemUserInfo (False) row 3"
                time="0.0018601"/>
      <testcase classname="Philips.PMP.Test.Auto.UtilitiesServiceTest"
                name="UtilitiesServiceSyncsOperatingSystemUserInfo (False) row 4"
                time="0.0017763"/>
      <testcase classname="Philips.PMP.Test.Auto.RepositoryWaveTest"
                name="WaveRepositoryFillExtraDataGapTest"
                time="0.0031379"/>
      <testcase classname="Philips.PMP.Test.Auto.EventCatalogProviderTest"
                name="EventCatalogProviderNoPulseTest (HardInop) row 1"
                time="0.1006597"/>
      <testcase classname="Philips.PMP.Test.Auto.EventCatalogProviderTest"
                name="EventCatalogProviderNoPulseTest (YellowAlarm) row 2"
                time="0.0916634"/>
      <testcase classname="Philips.PMP.Test.Auto.EventCatalogProviderTest"
                name="EventCatalogProviderNoPulseTest (RedAlarm) row 3"
                time="0.2128419"/>
      <testcase classname="Philips.PMP.Test.Auto.PhysioDataComparisonTest"
                name="AlertListQueryEqualityTest"
                time="0.0005095"/>
      <testcase classname="Philips.PMP.Test.Auto.UserManagementProviderTest"
                name="UserManagemenAllPermissionHasSupportRoleAssignment"
                time="0.0106049"/>
      <testcase classname="Philips.PMP.Test.Auto.MobileSaveWavestripMgrTest"
                name="SaveAlarmWavestripsSucessTest"
                time="0.0032029"/>
      <testcase classname="Philips.PMP.Test.Auto.TelemdilTrendUploadMgrTest"
                name="TelemdilTrendUploadReconstructsValidNbpValueTest"
                time="0.0014548"/>
      <testcase classname="Philips.PMP.Test.Auto.MultiSurveillanceMgrTest"
                name="MultiSurveilanceMgrHandlesChangeBed"
                time="0.0464007"/>
      <testcase classname="Philips.CareEvent.Test.ConnectionPoolingControlTest"
                name="ValidateAndSaveSettingsTest"
                time="0.0111688"/>
      <testcase classname="Philips.PMP.Test.Auto.PatientDataExportTest"
                name="AperiodicMultiDynamicNumericsTest"
                time="0.0092414"/>
      <testcase classname="Philips.PMP.Test.Auto.DbCertificateProviderTest"
                name="CertificateFifoTest (False,False) row 1"
                time="0.0138882"/>
      <testcase classname="Philips.PMP.Test.Auto.DbCertificateProviderTest"
                name="CertificateFifoTest (True,True) row 2"
                time="0.0045513"/>
      <testcase classname="Philips.PMP.Test.Auto.TrendUploadMgrTest"
                name="DvcsAreResetWhenPatientChangesTest"
                time="0.096196"/>
      <testcase classname="Philips.PMP.Test.Auto.EventCategorySettingsMgrTest"
                name="CustomizeParentSetting"
                time="0.0202326"/>
      <testcase classname="Philips.PMP.Test.Auto.IxConfigFileProviderTest"
                name="IsOcspEnabledTest (true,True) row 1"
                time="0.0012634"/>
      <testcase classname="Philips.PMP.Test.Auto.IxConfigFileProviderTest"
                name="IsOcspEnabledTest (false,False) row 2"
                time="0.0006724"/>
      <testcase classname="Philips.PMP.Test.Auto.IxConfigFileProviderTest"
                name="IsOcspEnabledTest (garbage,True) row 3"
                time="0.0005997"/>
      <testcase classname="Philips.PMP.Test.Auto.IxConfigFileProviderTest"
                name="IsOcspEnabledTest (   ,True) row 4"
                time="0.0006697"/>
      <testcase classname="Philips.PMP.Test.Auto.CareAssignmentAuditTrailWriterTest"
                name="WriteAuditTrailShouldWriteNoEntriesWhenAssignmentToggled"
                time="0.0036243"/>
      <testcase classname="Philips.CareEvent.Test.EventWorkflowReportsHelperTests"
                name="MoveEmptyToEndOfListTest"
                time="0.0048525"/>
      <testcase classname="Philips.PMP.Test.Auto.DataTileHelperTest"
                name="DataTileHelperGetStripNextSecondTimeTest"
                time="0.0062604"/>
      <testcase classname="Philips.PMP.Test.Auto.PatientDataExportFileTest"
                name="PdxNumericsAreExportedCorrectly"
                time="0.0956605"/>
      <testcase classname="Philips.PMP.Test.Auto.PatientServiceTest"
                name="PatientServiceStartWillMoveBedsIfMonitoredElsewhere"
                time="0.2754437"/>
      <testcase classname="Philips.PMP.Test.Auto.ControlServiceTest"
                name="DeviceControlMgrTryCreateFailsOnUnknown"
                time="0.0101657"/>
      <testcase classname="Philips.PMP.Test.Auto.SectorControlTest"
                name="MinimizeSectorTest (True) row 1"
                time="0.0359285"/>
      <testcase classname="Philips.PMP.Test.Auto.SectorControlTest"
                name="MinimizeSectorTest (False) row 2"
                time="0.0264684"/>
      <testcase classname="Philips.CareEvent.Test.AuthenticationRequestProcessorTests"
                name="ProcessShouldNotStoreUserWhenAuthFails (True) row 1"
                time="0.0209434"/>
      <testcase classname="Philips.CareEvent.Test.AuthenticationRequestProcessorTests"
                name="ProcessShouldNotStoreUserWhenAuthFails (False) row 2"
                time="0.0155048"/>
      <testcase classname="Philips.PMP.Test.Auto.DbExtendedPropertyHelperTest"
                name="DbExtendedPropertyIsPatientData (Primary,_Patient.Patient_,True) row 1"
                time="0.0062729"/>
      <testcase classname="Philips.PMP.Test.Auto.DbExtendedPropertyHelperTest"
                name="DbExtendedPropertyIsPatientData (Primary,dummyTable,False) row 2"
                time="0.0015136"/>
      <testcase classname="Philips.PMP.Test.Auto.DbExtendedPropertyHelperTest"
                name="DbExtendedPropertyIsPatientData (Physio,dummyTable,False) row 3"
                time="0.0004842"/>
      <testcase classname="Philips.PMP.Test.Auto.DbExtendedPropertyHelperTest"
                name="DbExtendedPropertyIsPatientData (Audit,dummyTable,False) row 4"
                time="0.000414"/>
      <testcase classname="Philips.PMP.Test.Auto.DbExtendedPropertyHelperTest"
                name="DbExtendedPropertyIsPatientData (Diagnostic,dummyTable,False) row 5"
                time="0.0003871"/>
      <testcase classname="Philips.PMP.Test.Auto.DbExtendedPropertyHelperTest"
                name="DbExtendedPropertyIsPatientData (EventWorkflow,dummyTable,False) row 6"
                time="0.0003831"/>
      <testcase classname="Philips.PMP.Test.Auto.DbExtendedPropertyHelperTest"
                name="DbExtendedPropertyIsPatientData (PatientDataExport,dummyTable,False) row 7"
                time="0.000475"/>
      <testcase classname="Philips.PMP.Test.Auto.SpotCheckTrendMgrTest"
                name="SpotCheckTrendMgrOnHl7ConfigurationChanged"
                time="0.0326163"/>
      <testcase classname="Philips.PMP.Test.Auto.EcgDeriverTest"
                name="GetDerivableEasiWavesTest"
                time="0.0043367"/>
      <testcase classname="Philips.PMP.Test.Auto.SystemControlHandlerTest"
                name="SystemControlHandlerTryGetMonitorZoneTest (,False,False) row 1"
                time="0.0633433"/>
      <testcase classname="Philips.PMP.Test.Auto.SystemControlHandlerTest"
                name="SystemControlHandlerTryGetMonitorZoneTest (Unknown,True,True) row 2"
                time="0.0074617"/>
      <testcase classname="Philips.PMP.Test.Auto.SystemControlHandlerTest"
                name="SystemControlHandlerTryGetMonitorZoneTest (CentralSupply,True,True) row 3"
                time="0.0115484"/>
      <testcase classname="Philips.PMP.Test.Auto.SystemControlHandlerTest"
                name="SystemControlHandlerTryGetMonitorZoneTest (ClinicalUnit,True,True) row 4"
                time="0.0034949"/>
      <testcase classname="Philips.PMP.Test.Auto.SystemControlHandlerTest"
                name="SystemControlHandlerTryGetMonitorZoneTest (CareDomain,True,True) row 5"
                time="0.0032784"/>
      <testcase classname="Philips.PMP.Test.Auto.SystemControlHandlerTest"
                name="SystemControlHandlerTryGetMonitorZoneTest (WebPortal,True,True) row 6"
                time="0.0033765"/>
      <testcase classname="Philips.PMP.Test.Auto.SystemControlHandlerTest"
                name="SystemControlHandlerTryGetMonitorZoneTest (Multicast,True,True) row 7"
                time="0.0020316"/>
      <testcase classname="Philips.CareEvent.Test.CareAssignmentHelperTests"
                name="GetAssignedDevices"
                time="0.0165248"/>
      <testcase classname="Philips.PMP.Test.Auto.PatientDataExportStorageTest"
                name="PdxCheckEnumerationSequenceNumber"
                time="0.0413981"/>
      <testcase classname="Philips.PMP.Test.Auto.PatientDateTimePickerFormatHelperTest"
                name="PatientDateTimePickerFormatHelperGetUnitAdmitTimeFormat"
                time="0.0023873"/>
      <testcase classname="Philips.PMP.Test.Auto.TrustedCertificateConfigHelperTest"
                name="TrustedCertificateConfigHelperAddNonCa"
                time="0.0234224"/>
      <testcase classname="Philips.PMP.Test.Auto.EventCatalogProviderTest"
                name="TrySetEventCategoryShouldFindNurseCallPartialMatch"
                time="0.4940591"/>
      <testcase classname="Philips.PMP.Test.Auto.PhysioDataDisplayHelperTest"
                name="IsNumericAvailableAperiodicTest"
                time="0.0039827"/>
      <testcase classname="Philips.PMP.Test.Auto.TimeMappingInUseHelperTest"
                name="TimeMappingInUseHelperCanConstruct"
                time="0.0006139"/>
      <testcase classname="Philips.PMP.LicenseService.Test.LicenseMigrationMgrTest"
                name="LicenseMigrationMgrIgnoresBlacklistedFeatures"
                time="0.0021257"/>
      <testcase classname="Philips.CareEvent.Test.CareTouchCommunicatorTests"
                name="ProcessSettingsRequestShouldProcessGlobalSettingsForExistingPhones"
                time="0.0071362"/>
      <testcase classname="Philips.IX.UserManagement.Test.ProveIdWebApiServerTest"
                name="TrySendMessageAuthenticationExceptionTest"
                time="0.0208932"/>
      <testcase classname="Philips.PMP.Test.Auto.EfficiaDeviceCommunicatorTest"
                name="EfficiaDeviceCommunicatorReceiveMessagesThrowExceptionTest"
                time="0.2060391"/>
      <testcase classname="Philips.PMP.Test.Auto.FreseniusMultiFiltrateTest"
                name="FreseniusMultiFiltrateProDeviceAsyncTcpConnectorTest"
                time="0.0019069"/>
      <testcase classname="Philips.PMP.Test.Auto.SoftwareUpdateHelperTest"
                name="GetPatchExecutableVersionTest (4,1,0,0,4.1.0.0) row 1"
                time="0.0024072"/>
      <testcase classname="Philips.PMP.Test.Auto.SoftwareUpdateHelperTest"
                name="GetPatchExecutableVersionTest (99,999,9,0,99.999.9.0) row 2"
                time="0.0067878"/>
      <testcase classname="Philips.PMP.Test.Auto.WaveFrequencyConverterTest"
                name="WaveConvert250HzWaveTo125HzTest"
                time="0.0259786"/>
      <testcase classname="Philips.PMP.Test.Auto.AlertNotificationProviderTest"
                name="StoreSettingsAndGetClientByHostShouldReturnEncryptionField"
                time="0.0140055"/>
      <testcase classname="Philips.PMP.Test.Auto.PatientDataExportStorageConfigControlTest"
                name="PdxConfigCatchesDbMissingError"
                time="0.0690599"/>
      <testcase classname="Philips.PMP.Test.Auto.InstitutionTreeControlTest"
                name="InstitutionTreeControlInitialize (False,0) row 1"
                time="0.0089139"/>
      <testcase classname="Philips.PMP.Test.Auto.InstitutionTreeControlTest"
                name="InstitutionTreeControlInitialize (True,1) row 2"
                time="0.008702"/>
      <testcase classname="Philips.PMP.Test.Auto.DataTileHelperTest"
                name="DataTileHelperGetPixelsPerGridTest"
                time="0.0058349"/>
      <testcase classname="Philips.PMP.Test.Auto.EcgIpmFilterTest"
                name="EcgSignalFiltersPedMonitorExt150HzTest"
                time="0.0019131"/>
      <testcase classname="Philips.PMP.Test.Auto.AlertFileMgrTest"
                name="PdxAlertsHaveSubSourceDevice"
                time="0.0006689"/>
      <testcase classname="Philips.PMP.Test.Auto.CaregiverAssignmentProviderTest"
                name="GetUserAssignments"
                time="0.0551592"/>
      <testcase classname="Philips.PMP.Test.Auto.RolesControlTest"
                name="RoleControlUpdateRole"
                time="0.047604"/>
      <testcase classname="Philips.PMP.Test.Auto.PatientDataExportStorageWorkerTest"
                name="ClearSystemStatusIsCalledOnSuccessfulAlertStorage"
                time="0.0291742"/>
      <testcase classname="Philips.PMP.Test.Auto.IheDriverQualifierTest"
                name="IheDriverQualifierHasCorrectDescriptionTest"
                time="0.0012269"/>
      <testcase classname="Philips.PMP.Test.Auto.OutboundAdtMgrTest"
                name="OutboundAdtMgrSendDoesntCrash"
                time="0.086825"/>
      <testcase classname="Philips.PMP.Test.Auto.TileLayoutPanelControlTest"
                name="TileLayoutPanelControlDoesNotHidePhysioDataWithMessage (True) row 1"
                time="0.0823959"/>
      <testcase classname="Philips.PMP.Test.Auto.TileLayoutPanelControlTest"
                name="TileLayoutPanelControlDoesNotHidePhysioDataWithMessage (False) row 2"
                time="0.0100603"/>
      <testcase classname="Philips.PMP.Test.Auto.DataAtRestSecurityQualifierTest"
                name="DataAtRestSecurityQualifierCorrect (0,0) row 1"
                time="0.0025382"/>
      <testcase classname="Philips.PMP.Test.Auto.DataAtRestSecurityQualifierTest"
                name="DataAtRestSecurityQualifierCorrect (1,0) row 2"
                time="0.0035287"/>
      <testcase classname="Philips.PMP.Test.Auto.DataAtRestSecurityQualifierTest"
                name="DataAtRestSecurityQualifierCorrect (2,0) row 3"
                time="0.0011532"/>
      <testcase classname="Philips.PMP.Test.Auto.DataAtRestSecurityQualifierTest"
                name="DataAtRestSecurityQualifierCorrect (0,1) row 4"
                time="0.0114314"/>
      <testcase classname="Philips.PMP.Test.Auto.DataAtRestSecurityQualifierTest"
                name="DataAtRestSecurityQualifierCorrect (0,2) row 5"
                time="0.0011375"/>
      <testcase classname="Philips.PMP.Test.Auto.DataAtRestSecurityQualifierTest"
                name="DataAtRestSecurityQualifierCorrect (1,1) row 6"
                time="0.0009546"/>
      <testcase classname="Philips.PMP.Test.Auto.DataAtRestSecurityQualifierTest"
                name="DataAtRestSecurityQualifierCorrect (2,2) row 7"
                time="0.0009487"/>
      <testcase classname="Philips.PMP.Test.Auto.FeatureAssignmentHelperTest"
                name="FeatureAssignmentHelperGetFeaturesRequiringServerOperatingSystem"
                time="0.0008377"/>
      <testcase classname="Philips.PMP.Test.Auto.EventCategorySettingsProviderTest"
                name="GetAllEventsDefaultValuesForSmartAndStandardPriority"
                time="0.3203324"/>
      <testcase classname="Philips.PMP.Test.Auto.TrendUploadMgrTest"
                name="TimeMappingsShouldBeInclusiveOfTimeSeedTeleMdil"
                time="0.2355842"/>
      <testcase classname="Philips.PIC.DataAcquisition.Test.SureSignsCompoundElementBuilderTest"
                name="SureSignsCompoundElementBuilderAddNumericValueTest (149514,True) row 1"
                time="0.0006993"/>
      <testcase classname="Philips.PIC.DataAcquisition.Test.SureSignsCompoundElementBuilderTest"
                name="SureSignsCompoundElementBuilderAddNumericValueTest (149538,True) row 2"
                time="0.0003398"/>
      <testcase classname="Philips.PIC.DataAcquisition.Test.SureSignsCompoundElementBuilderTest"
                name="SureSignsCompoundElementBuilderAddNumericValueTest (150344,False) row 3"
                time="0.000307"/>
      <testcase classname="Philips.PMP.Test.Auto.EcgFilterHelperTest"
                name="WaveChunksWithAttributesDontCrashTest"
                time="0.0129087"/>
      <testcase classname="Philips.PMP.Test.Auto.EnterpriseProviderTest"
                name="GetEnterprise"
                time="0.2157306"/>
      <testcase classname="Philips.PMP.Test.Auto.HL7ProviderTest"
                name="HL7DeviceConnectionByHostTest"
                time="0.2976258"/>
      <testcase classname="Philips.PMP.Test.Auto.Ecg12LeadProviderTest"
                name="Ecg12LeadProviderStoreOneSedici2"
                time="0.0504152"/>
      <testcase classname="Philips.PMP.Test.Auto.DemoTest"
                name="DemoDbFifoAgeTest"
                time="0.0142946"/>
      <testcase classname="Philips.PMP.Test.Auto.EventCatalogProviderTest"
                name="GetSupervisoryCategories"
                time="0.1041166"/>
      <testcase classname="Philips.CareEvent.Test.MobileCarrierXmlProtocolSettingsTests"
                name="LedsCarrierTest"
                time="0.0043999"/>
      <testcase classname="Philips.PMP.Test.Auto.RepositoryWaveTest"
                name="OffsetGetDataTest"
                time="0.0008196"/>
      <testcase classname="Philips.PMP.Test.Auto.ClinicalNotificationBedRepositoryTest"
                name="ClinicalNotificationBedRepositoryEnforcesNotificationBehavior (True) row 1"
                time="0.1412544"/>
      <testcase classname="Philips.PMP.Test.Auto.ClinicalNotificationBedRepositoryTest"
                name="ClinicalNotificationBedRepositoryEnforcesNotificationBehavior (False) row 2"
                time="0.0053062"/>
      <testcase classname="Philips.PMP.Test.Auto.PatientAssignmentHelperTest"
                name="CompareDevicesByBatteryTest"
                time="0.0081839"/>
      <testcase classname="Philips.PMP.Test.Auto.PatientServiceMonitoredBedTrackerTest"
                name="PatientServiceMonitoredBedTrackerMgrCanDetectBeds (False,False) row 1"
                time="0.0042106"/>
      <testcase classname="Philips.PMP.Test.Auto.PatientServiceMonitoredBedTrackerTest"
                name="PatientServiceMonitoredBedTrackerMgrCanDetectBeds (True,False) row 2"
                time="0.0041525"/>
      <testcase classname="Philips.PMP.Test.Auto.PatientServiceMonitoredBedTrackerTest"
                name="PatientServiceMonitoredBedTrackerMgrCanDetectBeds (True,True) row 3"
                time="0.0022672"/>
      <testcase classname="Philips.IX.UserManagement.Test.ProveIdWebApiServerTest"
                name="TrySendMessageServerTimeoutTest"
                time="0.0738386"/>
      <testcase classname="Philips.PMP.Test.Auto.EcgIpmFilterTest"
                name="EcgSignalFiltersAdultDiag005HzTest"
                time="0.0452032"/>
      <testcase classname="Philips.PMP.Test.Auto.HeartbeatQualifierTest"
                name="HeartBeatQualifierCreatesWatchedComponent"
                time="0.272003"/>
      <testcase classname="Philips.PMP.Test.Auto.StitchTest"
                name="ReceivedDvcStitchingLogicNoInputTest"
                time="0.0083333"/>
      <testcase classname="Philips.PMP.Test.Auto.PatientDataExportStorageTest"
                name="PdxStoreLongNumericLabels"
                time="0.0224562"/>
      <testcase classname="Philips.CareEvent.Test.CareAssignmentControlTests"
                name="ManualSyncButtonShouldBeVisible (True) row 1"
                time="0.0460937"/>
      <testcase classname="Philips.CareEvent.Test.CareAssignmentControlTests"
                name="ManualSyncButtonShouldBeVisible (False) row 2"
                time="0.0415528"/>
      <testcase classname="Philips.PMP.LicenseService.Test.UnitLicenseValidatorTest"
                name="ValidateUnitLicenseWillValidateIfZoneExists (False) row 1"
                time="0.0006852"/>
      <testcase classname="Philips.PMP.LicenseService.Test.UnitLicenseValidatorTest"
                name="ValidateUnitLicenseWillValidateIfZoneExists (True) row 2"
                time="0.0006001"/>
      <testcase classname="Philips.PMP.Test.Auto.LicenseTest"
                name="LicenseInfoProperty"
                time="0.0155607"/>
      <testcase classname="Philips.PMP.Test.Auto.EventCategorySettingsProviderTest"
                name="ProductSettingChangesShouldClearSettingsCache"
                time="0.2955367"/>
      <testcase classname="Philips.PMP.Test.Auto.CustomQrsDetectionControlTest"
                name="AreWavesValidTestValidAndInvalidWaves"
                time="0.017995"/>
      <testcase classname="Philips.PMP.Test.Auto.SignalSourceMgrTest"
                name="SignalSourceMgrEcgSourceInopAudibleTest"
                time="0.0529053"/>
      <testcase classname="Philips.PMP.Test.Auto.RepositoryDropoutCounterTest"
                name="RepositoryDropoutCounterPickRepresentativeWaveTest"
                time="0.0008452"/>
      <testcase classname="Philips.PMP.Test.Auto.EnumerationProviderTest"
                name="EnumerationProviderDischargePatientEvent"
                time="0.0327189"/>
      <testcase classname="Philips.PIC.DeviceUserManagement.Test.DeviceUserManagementConnectionTest"
                name="DeviceUserManagementConnectionStart (False,False,True,False) row 1"
                time="0.378468"/>
      <testcase classname="Philips.PIC.DeviceUserManagement.Test.DeviceUserManagementConnectionTest"
                name="DeviceUserManagementConnectionStart (True,False,True,False) row 2"
                time="0.0441202"/>
      <testcase classname="Philips.PIC.DeviceUserManagement.Test.DeviceUserManagementConnectionTest"
                name="DeviceUserManagementConnectionStart (True,True,True,False) row 3"
                time="0.0766198"/>
      <testcase classname="Philips.PIC.DeviceUserManagement.Test.DeviceUserManagementConnectionTest"
                name="DeviceUserManagementConnectionStart (True,True,False,True) row 4"
                time="0.0016541"/>
      <testcase classname="Philips.PMP.Test.Auto.WatchedProcessTest"
                name="WatchedProcessInfoFunctionality"
                time="0.0024937"/>
      <testcase classname="Philips.PMP.Test.Auto.NumericProviderTest"
                name="NumericProviderAperiodicTimeRoundTrip"
                time="0.3143691"/>
      <testcase classname="Philips.iX.InboundDataBridge.Test.PhysioDataBridgeServiceTest"
                name="AcpmpBaseUriTest"
                time="5.7753756"/>
      <testcase classname="Philips.PMP.Test.Auto.NumericProviderTest"
                name="NumericProviderPeriodicNumericsOutOfOrder"
                time="0.2879919"/>
      <testcase classname="Philips.PMP.Test.Auto.DataTileHelperTest"
                name="UpdateTimelineTest"
                time="0.0107452"/>
      <testcase classname="Philips.PMP.Test.Auto.EventCatalogProviderTest"
                name="GetAssignedHiddenEventsShouldReturnAllHiddenEventInstances"
                time="0.1979547"/>
      <testcase classname="Philips.PMP.Test.Auto.SystemEncryptionInstallMgrTest"
                name="PrimaryServerNoSalt (True) row 1"
                time="0.146451"/>
      <testcase classname="Philips.PMP.Test.Auto.SystemEncryptionInstallMgrTest"
                name="PrimaryServerNoSalt (False) row 2"
                time="0.0030626"/>
      <testcase classname="Philips.PMP.Test.Auto.RmsTest"
                name="RmsStaticTimeWave"
                time="0.0368245"/>
      <testcase classname="Philips.PMP.Test.Auto.DbArchiveMgrTest"
                name="DoesArchiveHaveSameCultureSettingsTest"
                time="0.001065"/>
      <testcase classname="Philips.PMP.Test.Auto.RetrospectiveDataEnumerationBridgeTest"
                name="GetEwsScoreGetTest (False,0) row 1"
                time="0.0148612"/>
      <testcase classname="Philips.PMP.Test.Auto.RetrospectiveDataEnumerationBridgeTest"
                name="GetEwsScoreGetTest (True,1) row 2"
                time="0.0175621"/>
      <testcase classname="Philips.CareEvent.Test.MobileRequestMgrTests"
                name="GetLiveViewActionForEvent"
                time="0.0122974"/>
      <testcase classname="Philips.PIC.DataAcquisition.Test.SureSignsCompoundElementBuilderTest"
                name="SureSignsCompoundElementBuilderAddScoreTest (True) row 1"
                time="0.0105129"/>
      <testcase classname="Philips.PIC.DataAcquisition.Test.SureSignsCompoundElementBuilderTest"
                name="SureSignsCompoundElementBuilderAddScoreTest (False) row 2"
                time="0.0026638"/>
      <testcase classname="Philips.PMP.Test.Auto.WatchdogComponentReportingRecorderTest"
                name="WatchdogComponentReportingRecorderCanGetPreviousReportingTime"
                time="0.006851"/>
      <testcase classname="Philips.PMP.Test.Auto.TopologyHelperTest"
                name="ValidateDisplayNameTest"
                time="0.0007114"/>
      <testcase classname="Philips.PMP.Test.Auto.AlertFilterServiceTest"
                name="AlertFilterGetEventCategoryFilterDefaultSettingTest"
                time="0.0017181"/>
      <testcase classname="Philips.PMP.Test.Auto.NotificationSettingProviderTest"
                name="GetAllRolesFromNotificationSetting"
                time="0.2401514"/>
      <testcase classname="Philips.PMP.Test.Auto.PhysioDataStorageServiceTest"
                name="StorageErrorDoesNotThrowException"
                time="0.2427697"/>
      <testcase classname="Philips.PMP.Test.Auto.MedianCalculatorTest"
                name="Retrieve60SecondMedianTest"
                time="0.0050476"/>
      <testcase classname="Philips.PMP.Test.Auto.PatientDataExportStorageTest"
                name="PdxPatientMappingStoreTrendUploadDataTime"
                time="0.0630359"/>
      <testcase classname="Philips.PMP.Test.Auto.LicensingProviderTest"
                name="GetLicensingByEntityTest"
                time="0.9814281"/>
      <testcase classname="Philips.PIC.SharedAssignment.Test.SharedAssignmentHelperTest"
                name="IsPatientValidReturnsPatientWithCorrectIdentity"
                time="0.0310503"/>
      <testcase classname="Philips.PMP.Test.Auto.SystemControlServiceTest"
                name="SystemControlServiceHandlesGtcNotifications (1a3c4700-2a6e-4066-b158-9fa8482b3d32,1) row 1"
                time="0.110855"/>
      <testcase classname="Philips.PMP.Test.Auto.SystemControlServiceTest"
                name="SystemControlServiceHandlesGtcNotifications (42366773-f727-4efc-9567-7b695b6384d1,0) row 2"
                time="0.0014688"/>
      <testcase classname="Philips.PMP.Test.Auto.SnmpConnectionControlTest"
                name="OnDiscoverTest (True,True,,Chassis ID: AAA&#xD;&#xA;System Name: Cisco&#xD;&#xA;Description: Cisco Switch&#xD;&#xA;Number of ports: 1) row 1"
                time="0.0316899"/>
      <testcase classname="Philips.PMP.Test.Auto.SnmpConnectionControlTest"
                name="OnDiscoverTest (True,False,Some error,Some error) row 2"
                time="0.0290755"/>
      <testcase classname="Philips.PMP.Test.Auto.SnmpConnectionControlTest"
                name="OnDiscoverTest (False,False,,An error has occurred while connecting to SNMP service. &#xD;&#xA;Please ensure that the Patient Monitoring Service is running.) row 3"
                time="0.0241364"/>
      <testcase classname="Philips.PMP.Test.Auto.AlertMgrTest"
                name="AlertMgrMonitorOnlineOfflineAccountsForDeviceType (DelphiHigh15In,True) row 1"
                time="0.0100828"/>
      <testcase classname="Philips.PMP.Test.Auto.AlertMgrTest"
                name="AlertMgrMonitorOnlineOfflineAccountsForDeviceType (TelemPwm,True) row 2"
                time="0.0028925"/>
      <testcase classname="Philips.PMP.Test.Auto.AlertMgrTest"
                name="AlertMgrMonitorOnlineOfflineAccountsForDeviceType (Efficia,True) row 3"
                time="0.0022605"/>
      <testcase classname="Philips.PMP.Test.Auto.AlertMgrTest"
                name="AlertMgrMonitorOnlineOfflineAccountsForDeviceType (TelemCit,False) row 4"
                time="0.0034264"/>
      <testcase classname="Philips.PMP.Test.Auto.AlertMgrTest"
                name="AlertMgrMonitorOnlineOfflineAccountsForDeviceType (TelemCitSpo2,False) row 5"
                time="0.0046552"/>
      <testcase classname="Philips.PMP.Test.Auto.AlertMgrTest"
                name="AlertMgrMonitorOnlineOfflineAccountsForDeviceType (IbridgeEc40Hub,False) row 6"
                time="0.0057455"/>
      <testcase classname="Philips.PMP.Test.Auto.AlertMgrTest"
                name="AlertMgrMonitorOnlineOfflineAccountsForDeviceType (IbridgeEc48Hub,False) row 7"
                time="0.0018714"/>
      <testcase classname="Philips.PMP.Test.Auto.AlertMgrTest"
                name="AlertMgrMonitorOnlineOfflineAccountsForDeviceType (ExtDevServer,False) row 8"
                time="0.002889"/>
      <testcase classname="Philips.PMP.Test.Auto.AlertMgrTest"
                name="AlertMgrMonitorOnlineOfflineAccountsForDeviceType (Portal5000,False) row 9"
                time="0.0035943"/>
      <testcase classname="Philips.PMP.Test.Auto.PatientDataExportStorageTest"
                name="PdxCheckNumericSequenceNumber"
                time="0.0351722"/>
      <testcase classname="Philips.PMP.Test.Auto.StandaloneOptionsQualifierTest"
                name="CorrectWillAssignLicenseToUnitWithHostDevice (2) row 1"
                time="0.0760964"/>
      <testcase classname="Philips.PMP.Test.Auto.StandaloneOptionsQualifierTest"
                name="CorrectWillAssignLicenseToUnitWithHostDevice (1) row 2"
                time="0.0023897"/>
      <testcase classname="Philips.PMP.Test.Auto.ProtocolWatchTest"
                name="ProtocolWatchPatientMgrUpdateIpmRunningProtocolsTest"
                time="0.0080123"/>
      <testcase classname="Philips.PMP.Test.Auto.BaxterPrismaxTest"
                name="IntelliBridgeLanDaBaxterProcessAlertTest"
                time="0.0623818"/>
      <testcase classname="Philips.PMP.Test.Auto.DataTileHelperTest"
                name="DataTileHelperGetStripPreviousSecondTimeTest"
                time="0.0061796"/>
      <testcase classname="Philips.PMP.Test.Auto.UsbDeviceWatcherTest"
                name="UsbDeviceWatcherProcessEvent (SomeDevice,,,False,False) row 1"
                time="0.0033505"/>
      <testcase classname="Philips.PMP.Test.Auto.UsbDeviceWatcherTest"
                name="UsbDeviceWatcherProcessEvent (DeviceId=&#34;usb\\myDevice\\1234&#34;,,usb\\myDevice\\1234,False,False) row 2"
                time="0.0005836"/>
      <testcase classname="Philips.PMP.Test.Auto.UsbDeviceWatcherTest"
                name="UsbDeviceWatcherProcessEvent (DeviceId=&#34;hid\\myDevice\\1234&#34;,UnknownEvent,hid\\myDevice\\1234,False,False) row 3"
                time="0.0003437"/>
      <testcase classname="Philips.PMP.Test.Auto.UsbDeviceWatcherTest"
                name="UsbDeviceWatcherProcessEvent (DeviceId=&#34;hid\\myDevice\\1234&#34;,__InstanceCreationEvent,hid\\myDevice\\1234,True,False) row 4"
                time="0.0006801"/>
      <testcase classname="Philips.PMP.Test.Auto.UsbDeviceWatcherTest"
                name="UsbDeviceWatcherProcessEvent (DeviceId=&#34;hid\\myDevice\\1234&#34;,__InstanceDeletionEvent,hid\\myDevice\\1234,False,True) row 5"
                time="0.0005267"/>
      <testcase classname="Philips.PMP.Test.Auto.HostAccessViewControllerTest"
                name="HostAccessViewControllerAddFullAccessToNoAccess"
                time="0.0050699"/>
      <testcase classname="Philips.CareEvent.Test.WctpListenerTests"
                name="ConvertNotificationTypeToDispatchPageResultTests (Delivered,Delivered) row 1"
                time="0.0071617"/>
      <testcase classname="Philips.CareEvent.Test.WctpListenerTests"
                name="ConvertNotificationTypeToDispatchPageResultTests (Queued,InQueue) row 2"
                time="0.0025173"/>
      <testcase classname="Philips.CareEvent.Test.WctpListenerTests"
                name="ConvertNotificationTypeToDispatchPageResultTests (Read,Read) row 3"
                time="0.0039841"/>
      <testcase classname="Philips.CareEvent.Test.WctpListenerTests"
                name="ConvertNotificationTypeToDispatchPageResultTests (Unknown,Unknown) row 4"
                time="0.0019605"/>
      <testcase classname="Philips.PMP.Test.Auto.DisplayControllerTest"
                name="ApplicationWindowShownTest (True) row 1"
                time="0.0144582"/>
      <testcase classname="Philips.PMP.Test.Auto.DisplayControllerTest"
                name="ApplicationWindowShownTest (False) row 2"
                time="0.0111798"/>
      <testcase classname="Philips.PMP.Test.Auto.LicensingQualifierTest"
                name="LicenseValidationTest"
                time="1.2146435"/>
      <testcase classname="Philips.PMP.Test.Auto.BedToBedOverviewWavePriorityProviderTest"
                name="UpdateWavePriorityForUnit"
                time="0.0076262"/>
      <testcase classname="Philips.PMP.Test.Auto.IheDeviceDataHelperTest"
                name="GetDataValueWithPrecisionTest"
                time="0.0038924"/>
      <testcase classname="Philips.PMP.Test.Auto.PatientLocationResolverTest"
                name="PatientUnitResolverCanGetMyPatientAndSectorAssignmentClinicalUnits"
                time="0.0142896"/>
      <testcase classname="Philips.PMP.Test.Auto.EventRolesTests"
                name="InterfaceToFromInfoModelII"
                time="0.0006147"/>
      <testcase classname="Philips.PMP.Test.Auto.MonitorStreamSubscriptionTest"
                name="DeviceSecuritySettingForMonitorPrintingTest (True,True,True) row 1"
                time="0.0031931"/>
      <testcase classname="Philips.PMP.Test.Auto.MonitorStreamSubscriptionTest"
                name="DeviceSecuritySettingForMonitorPrintingTest (True,False,False) row 2"
                time="0.0026006"/>
      <testcase classname="Philips.PMP.Test.Auto.MonitorStreamSubscriptionTest"
                name="DeviceSecuritySettingForMonitorPrintingTest (False,True,True) row 3"
                time="0.001666"/>
      <testcase classname="Philips.PMP.Test.Auto.MonitorStreamSubscriptionTest"
                name="DeviceSecuritySettingForMonitorPrintingTest (False,False,True) row 4"
                time="0.0003786"/>
      <testcase classname="Philips.PMP.Test.Auto.DisplayControlTest"
                name="DisplayControlUpdateSelectedApplications"
                time="0.0291559"/>
      <testcase classname="Philips.PMP.Test.Auto.Hl7OruEncoderTest"
                name="SpsDeteriorationExistsInClassicHl7Output"
                time="0.0011233"/>
      <testcase classname="Philips.PMP.Test.Auto.AlertImageHelperTest"
                name="NumericAndWaveOrderForPulseAlertTest"
                time="0.0428883"/>
      <testcase classname="Philips.PMP.Test.Auto.AlertMgrHelperTest"
                name="AlertMgrHelperAuditRemindAndRealarmTest (0,0,NoAlert,0,0,NoAlert,False,0,0) row 1"
                time="0.00607"/>
      <testcase classname="Philips.PMP.Test.Auto.AlertMgrHelperTest"
                name="AlertMgrHelperAuditRemindAndRealarmTest (0,0,NoAlert,0,0,NoAlert,True,0,0) row 2"
                time="0.0028723"/>
      <testcase classname="Philips.PMP.Test.Auto.AlertMgrHelperTest"
                name="AlertMgrHelperAuditRemindAndRealarmTest (0,0,NoAlert,0,AlReminder,RedAlarm,False,0,0) row 3"
                time="0.0016939"/>
      <testcase classname="Philips.PMP.Test.Auto.AlertMgrHelperTest"
                name="AlertMgrHelperAuditRemindAndRealarmTest (0,0,NoAlert,0,AlReminder,RedAlarm,True,1,1) row 4"
                time="0.0035768"/>
      <testcase classname="Philips.PMP.Test.Auto.AlertMgrHelperTest"
                name="AlertMgrHelperAuditRemindAndRealarmTest (0,AlReminder,YellowAlarm,0,AlReminder,RedAlarm,False,1,0) row 5"
                time="0.0033037"/>
      <testcase classname="Philips.PMP.Test.Auto.AlertMgrHelperTest"
                name="AlertMgrHelperAuditRemindAndRealarmTest (0,AlReminder,YellowAlarm,0,AlReminder,RedAlarm,True,2,1) row 6"
                time="0.0023705"/>
      <testcase classname="Philips.PMP.Test.Auto.AlertMgrHelperTest"
                name="AlertMgrHelperAuditRemindAndRealarmTest (0,AlReminder,RedAlarm,0,AlReminder,RedAlarm,False,1,0) row 7"
                time="0.0041083"/>
      <testcase classname="Philips.PMP.Test.Auto.AlertMgrHelperTest"
                name="AlertMgrHelperAuditRemindAndRealarmTest (0,AlReminder,RedAlarm,0,AlReminder,RedAlarm,True,1,0) row 8"
                time="0.0018519"/>
      <testcase classname="Philips.PMP.Test.Auto.RepositoryComplexMetricTest"
                name="RepositoryComplexMetricCheckUsedTimeMappings"
                time="0.001709"/>
      <testcase classname="Philips.CareEvent.Test.MobileDeviceProviderTests"
                name="GetPhoneNumberAfterChangeUserPhoneNumber"
                time="0.0209111"/>
      <testcase classname="Philips.PMP.Test.Auto.EnumerationFileMgrTest"
                name="PdxCorrectEnumerationFilesWithWaves"
                time="0.0005821"/>
      <testcase classname="Philips.PMP.Test.Auto.DeviceControlProviderTest"
                name="DeviceControlProviderCopyProfileTest"
                time="0.575999"/>
      <testcase classname="Philips.PMP.Test.Auto.Hl7AdtEncoderTest"
                name="Hl7AdtEncoderFormatsPatientMessageJustMrn"
                time="0.0032767"/>
      <testcase classname="Philips.PMP.Test.Auto.FactoryAccountConfiguratorTest"
                name="Do (True,True) row 1"
                time="0.016697"/>
      <testcase classname="Philips.PMP.Test.Auto.FactoryAccountConfiguratorTest"
                name="Do (True,False) row 2"
                time="0.002961"/>
      <testcase classname="Philips.PMP.Test.Auto.FactoryAccountConfiguratorTest"
                name="Do (False,True) row 3"
                time="0.0163236"/>
      <testcase classname="Philips.PMP.Test.Auto.FactoryAccountConfiguratorTest"
                name="Do (False,False) row 4"
                time="0.0010946"/>
      <testcase classname="Philips.PMP.Test.Auto.RepositoryTest"
                name="TimeMappingPhysioDataIntervalShouldRespectDelay"
                time="0.0034049"/>
      <testcase classname="Philips.PMP.Test.Auto.PatientFieldsHelperTest"
                name="PatientFieldsHelperGetNotRequiredDisplayModeChoices"
                time="0.0013177"/>
      <testcase classname="Philips.PMP.Test.Auto.MobileDataHelperTest"
                name="MobileDataHelperGetSourceDevice (True) row 1"
                time="0.0090012"/>
      <testcase classname="Philips.PMP.Test.Auto.MobileDataHelperTest"
                name="MobileDataHelperGetSourceDevice (False) row 2"
                time="0.0044538"/>
      <testcase classname="Philips.PMP.Test.Auto.SetArchivePasswordControlTest"
                name="SetArchivePasswordShowTooltip"
                time="0.0475375"/>
      <testcase classname="Philips.PMP.Test.Auto.Ecg12LeadExportControlTest"
                name="Ecg12LeadExportControlExportTest"
                time="0.0571122"/>
      <testcase classname="Philips.PIC.WebBridge.Test.ResourcesControllerTest"
                name="ResourcesControllerGetLoginViewResourceTest"
                time="0.0341718"/>
      <testcase classname="Philips.PMP.Test.Auto.Hl7OruEncoderTest"
                name="AperiodicIsFilteredOutCorrectlyByAperiodicTimeTest"
                time="0.0062081"/>
      <testcase classname="Philips.IX.UserManagement.Test.ProveIdWebApiServerTest"
                name="IsAvailableTest"
                time="0.0080713"/>
      <testcase classname="Philips.PMP.Test.Auto.HostUnitAccessControlTest"
                name="HostUnitAccessControlGetAllHostAccessSettings"
                time="0.1201636"/>
      <testcase classname="Philips.PMP.Test.Auto.ConnectToServerInstallMgrTest"
                name="OtherHostPrimaryDownloadConfigDbFailTest"
                time="0.0068803"/>
      <testcase classname="Philips.PMP.Test.Auto.Hl7TcpClientConnectionTest"
                name="Hl7TcpClientConnectionDispose"
                time="0.06113"/>
      <testcase classname="Philips.PMP.Test.Auto.EcgFallbackMgrTest"
                name="PwmFallbackWorksTest"
                time="0.2293561"/>
      <testcase classname="Philips.PMP.Test.Auto.EventWorkflowServiceMgrTest"
                name="EventWorkflowServiceMgrCanValidate (False,Failure) row 1"
                time="4.0194131"/>
      <testcase classname="Philips.PMP.Test.Auto.EventWorkflowServiceMgrTest"
                name="EventWorkflowServiceMgrCanValidate (True,Success) row 2"
                time="2.0985059"/>
      <testcase classname="Philips.PMP.Test.Auto.DbConnectionMgrTest"
                name="DbConnectionMgrGetMyProxyTest (False,False,True) row 1"
                time="0.0410327"/>
      <testcase classname="Philips.PMP.Test.Auto.DbConnectionMgrTest"
                name="DbConnectionMgrGetMyProxyTest (False,True,False) row 2"
                time="0.016163"/>
      <testcase classname="Philips.PMP.Test.Auto.DbConnectionMgrTest"
                name="DbConnectionMgrGetMyProxyTest (False,False,False) row 3"
                time="0.0401287"/>
      <testcase classname="Philips.PMP.Test.Auto.DbConnectionMgrTest"
                name="DbConnectionMgrGetMyProxyTest (True,False,False) row 4"
                time="0.0015569"/>
      <testcase classname="Philips.PMP.Test.Auto.MobileNumericConverterTest"
                name="MobileNumericConverterCreateSingleAttributesTest"
                time="0.001621"/>
      <testcase classname="Philips.PMP.Test.Auto.FindPatientControllerTest"
                name="FindPatientControllerGetTlpHeight"
                time="0.0028104"/>
      <testcase classname="Philips.PMP.Test.Auto.PatientDataExportStorageConfigControlTest"
                name="PdxConfigCatchesMaintenanceDisabledError"
                time="0.054221"/>
      <testcase classname="Philips.PMP.Test.Auto.BedTransferMgrTest"
                name="BedTransferMgrCanTransferBed (True,True,True) row 1"
                time="0.1463282"/>
      <testcase classname="Philips.PMP.Test.Auto.BedTransferMgrTest"
                name="BedTransferMgrCanTransferBed (True,False,False) row 2"
                time="0.0041816"/>
      <testcase classname="Philips.PMP.Test.Auto.BedTransferMgrTest"
                name="BedTransferMgrCanTransferBed (False,True,False) row 3"
                time="0.0093318"/>
      <testcase classname="Philips.PMP.Test.Auto.BedTransferMgrTest"
                name="BedTransferMgrCanTransferBed (False,False,False) row 4"
                time="0.0141721"/>
      <testcase classname="Philips.CareEvent.Test.EventPrefixHelperTests"
                name="EvaluateEscalationPrefixTests (Test Event,Unknown,Test Event,Informational,False) row 1"
                time="0.0009958"/>
      <testcase classname="Philips.CareEvent.Test.EventPrefixHelperTests"
                name="EvaluateEscalationPrefixTests (Test Event,Second,Test Event,Informational,False) row 2"
                time="0.000236"/>
      <testcase classname="Philips.CareEvent.Test.EventPrefixHelperTests"
                name="EvaluateEscalationPrefixTests (Test Event,First,Test Event,Assistance,False) row 3"
                time="0.0001901"/>
      <testcase classname="Philips.CareEvent.Test.EventPrefixHelperTests"
                name="EvaluateEscalationPrefixTests (ESC1: Test Event,Second,Test Event,Assistance,False) row 4"
                time="0.0135476"/>
      <testcase classname="Philips.CareEvent.Test.EventPrefixHelperTests"
                name="EvaluateEscalationPrefixTests (ESC2: Test Event,Third,Test Event,Assistance,False) row 5"
                time="0.0006054"/>
      <testcase classname="Philips.CareEvent.Test.EventPrefixHelperTests"
                name="EvaluateEscalationPrefixTests (ESC2: Test Event,Third,ESC1: Test Event,Assistance,False) row 6"
                time="0.0004946"/>
      <testcase classname="Philips.CareEvent.Test.EventPrefixHelperTests"
                name="EvaluateEscalationPrefixTests (ESC3: Test Event,Third,ESC2: Test Event,Assistance,True) row 7"
                time="0.0004181"/>
      <testcase classname="Philips.PMP.Test.Auto.PhysioDataComparisonTest"
                name="NumericQueryEqualityTest"
                time="0.0006096"/>
      <testcase classname="Philips.PMP.Test.Auto.TimeMappingInUseHelperTest"
                name="TimeMappingInUseHelperCanMarkSingleTimeMappingInUse"
                time="0.000729"/>
      <testcase classname="Philips.PMP.Test.Auto.EventLogWatcherAdapterTest"
                name="EventRecordWrittenTest (True,1) row 1"
                time="0.0932801"/>
      <testcase classname="Philips.PMP.Test.Auto.EventLogWatcherAdapterTest"
                name="EventRecordWrittenTest (False,0) row 2"
                time="0.0087468"/>
      <testcase classname="Philips.PMP.Test.Auto.WaveAnnotationHelperTest"
                name="RetrieveAnnotationStarAnnotsShouldNotCreateBeatAnnoatations"
                time="0.0011648"/>
      <testcase classname="Philips.PMP.Test.Auto.TaggedIntervalBufferTest"
                name="InsertIntoEmptyTest"
                time="0.0003482"/>
      <testcase classname="Philips.PMP.Test.Auto.ListAlarmsWindowControlHelperTest"
                name="ListAlarmsWindowControlCreateGridRow (True) row 1"
                time="0.0055677"/>
      <testcase classname="Philips.PMP.Test.Auto.ListAlarmsWindowControlHelperTest"
                name="ListAlarmsWindowControlCreateGridRow (False) row 2"
                time="0.0006149"/>
      <testcase classname="Philips.PIC.DevTools.Test.InHouseConfigurationTest"
                name="BuilderFollowsProvidedLocalizationSettings"
                time="0.8425919"/>
      <testcase classname="Philips.PMP.Test.Auto.TerumoTerufusionTest"
                name="TerumoTerufusionIsConfiguredTest"
                time="0.0335669"/>
      <testcase classname="Philips.PMP.Test.Auto.TimeWaveBaselineProviderTest"
                name="TimeWaveBaselineProviderPatientStayPreadmitAndReadmitWithBaseline"
                time="0.3122317"/>
      <testcase classname="Philips.PMP.Test.Auto.ApmStatusMessageListenerTest"
                name="ApmStatusMessageListenerClearsResolvedMessages"
                time="0.0026122"/>
      <testcase classname="Philips.PMP.Test.Auto.MobileEnumerationConverterTest"
                name="MobileEnumerationConverterConvertEnumeration"
                time="0.0034881"/>
      <testcase classname="Philips.RootMain.Test.CertificateInstallMgrTest"
                name="ValidateCaThumbprintFail2Test"
                time="0.0041735"/>
      <testcase classname="Philips.PMP.Test.Auto.SystemPerformanceTest"
                name="StorePerformanceAlert"
                time="0.3160635"/>
      <testcase classname="Philips.PMP.Test.Auto.CiParserTest"
                name="CiParserParseBatteryLevelTest (Empty) row 1"
                time="0.0043382"/>
      <testcase classname="Philips.PMP.Test.Auto.CiParserTest"
                name="CiParserParseBatteryLevelTest (50) row 2"
                time="0.009757"/>
      <testcase classname="Philips.PMP.Test.Auto.CiParserTest"
                name="CiParserParseBatteryLevelTest (Full) row 3"
                time="0.0004335"/>
      <testcase classname="Philips.PMP.Test.Auto.CiParserTest"
                name="CiParserParseBatteryLevelTest (Invalid) row 4"
                time="0.0005578"/>
      <testcase classname="Philips.PMP.Test.Auto.MobilePatientAdmitMgrTest"
                name="AdmitPatientRequestDetermineOperationType (Success) row 1"
                time="0.0222149"/>
      <testcase classname="Philips.PMP.Test.Auto.MobilePatientAdmitMgrTest"
                name="AdmitPatientRequestDetermineOperationType (RequiresTransfer) row 2"
                time="0.0150323"/>
      <testcase classname="Philips.PMP.Test.Auto.MobilePatientAdmitMgrTest"
                name="AdmitPatientRequestDetermineOperationType (RequiresReadmit) row 3"
                time="0.0113906"/>
      <testcase classname="Philips.PIC.CertificateSync.Test.CertificateSyncProviderTest"
                name="CertificateSyncProviderStoreDelete"
                time="1.7781204"/>
      <testcase classname="Philips.PMP.Test.Auto.SnmpConnectionControlTest"
                name="SnmpConnectionControlManualInputV2Test (,) row 1"
                time="0.0234006"/>
      <testcase classname="Philips.PMP.Test.Auto.SnmpConnectionControlTest"
                name="SnmpConnectionControlManualInputV2Test (public,public) row 2"
                time="0.020617"/>
      <testcase classname="Philips.PMP.Test.Auto.SnmpConnectionControlTest"
                name="SnmpConnectionControlManualInputV2Test ( ,) row 3"
                time="0.0248753"/>
      <testcase classname="Philips.PMP.Test.Auto.SnmpConnectionControlTest"
                name="SnmpConnectionControlManualInputV2Test ( public     ,public) row 4"
                time="0.0244511"/>
      <testcase classname="Philips.PMP.Test.Auto.SnmpConnectionControlTest"
                name="SnmpConnectionControlManualInputV2Test (-----,-----) row 5"
                time="0.0207483"/>
      <testcase classname="Philips.PMP.Test.Auto.SoftwareUpdateHelperTest"
                name="PrepareForUpdateNoVersionInUpdates"
                time="0.0049945"/>
      <testcase classname="Philips.PMP.Test.Auto.TransferRequestValidatorTest"
                name="TransferRequestValidatorCanValidateUrl (https://localhost:8098/file/path/filename,file/path,filename,True) row 1"
                time="0.2935721"/>
      <testcase classname="Philips.PMP.Test.Auto.TransferRequestValidatorTest"
                name="TransferRequestValidatorCanValidateUrl (https://localhost:8098/path/filename,path,filename,True) row 2"
                time="0.0008148"/>
      <testcase classname="Philips.PMP.Test.Auto.TransferRequestValidatorTest"
                name="TransferRequestValidatorCanValidateUrl (https://localhost:8098/filename,,,False) row 3"
                time="0.0006888"/>
      <testcase classname="Philips.PMP.Test.Auto.TransferRequestValidatorTest"
                name="TransferRequestValidatorCanValidateUrl (https://localhost:8098,,,False) row 4"
                time="0.0004858"/>
      <testcase classname="Philips.PMP.Test.Auto.EfficiaControlMgrTest"
                name="EfficiaControlQtSettingTest"
                time="0.011923"/>
      <testcase classname="Philips.PMP.Test.Auto.OverviewMdilPackagerTest"
                name="OverviewMdilPackagerNumericLabelTest"
                time="0.0146522"/>
      <testcase classname="Philips.PMP.Test.Auto.NetworkAlertTest"
                name="NetworkAlertMessageTest"
                time="0.0057258"/>
      <testcase classname="Philips.PIC.DataAcquisition.Test.SureSignsDataConverterTest"
                name="SureSignsDataConvertSureSignsNumericValueTest (,ValidatedData,NaN) row 1"
                time="0.0024953"/>
      <testcase classname="Philips.PIC.DataAcquisition.Test.SureSignsDataConverterTest"
                name="SureSignsDataConvertSureSignsNumericValueTest (NaN,ValidatedData,NaN) row 2"
                time="0.000261"/>
      <testcase classname="Philips.PIC.DataAcquisition.Test.SureSignsDataConverterTest"
                name="SureSignsDataConvertSureSignsNumericValueTest (4.2,Invalid,NaN) row 3"
                time="0.0003303"/>
      <testcase classname="Philips.PIC.DataAcquisition.Test.SureSignsDataConverterTest"
                name="SureSignsDataConvertSureSignsNumericValueTest (4.2,0,4.2) row 4"
                time="0.0007955"/>
      <testcase classname="Philips.PIC.DataAcquisition.Test.SureSignsDataConverterTest"
                name="SureSignsDataConvertSureSignsNumericValueTest (4.21,0,4.21) row 5"
                time="0.0002737"/>
      <testcase classname="Philips.PIC.DataAcquisition.Test.SureSignsDataConverterTest"
                name="SureSignsDataConvertSureSignsNumericValueTest (4,0,4) row 6"
                time="0.0002258"/>
      <testcase classname="Philips.PIC.DataAcquisition.Test.SureSignsDataConverterTest"
                name="SureSignsDataConvertSureSignsNumericValueTest (.4,0,0.4) row 7"
                time="0.0002173"/>
      <testcase classname="Philips.PIC.DataAcquisition.Test.SureSignsDataConverterTest"
                name="SureSignsDataConvertSureSignsNumericValueTest (0.4,0,0.4) row 8"
                time="0.0002176"/>
      <testcase classname="Philips.PMP.Test.Auto.EventRolesProviderTest"
                name="UpdateEventRoleSettingIsValid"
                time="0.0230504"/>
      <testcase classname="Philips.iX.InboundDataBridge.Test.PhysioDataBridgeServiceTest"
                name="OnPhysioDataReceivedTest (Philips.iX.MonitoringCommon.PhysioData,0) row 1"
                time="2.6290775"/>
      <testcase classname="Philips.iX.InboundDataBridge.Test.PhysioDataBridgeServiceTest"
                name="OnPhysioDataReceivedTest (Philips.iX.MonitoringCommon.PhysioData,1) row 2"
                time="3.1669464"/>
      <testcase classname="Philips.PMP.LicenseService.Test.LicenseHostValidatorTest"
                name="MobilityCannotBeOnPrimaryValidation (False) row 1"
                time="0.014357"/>
      <testcase classname="Philips.PMP.LicenseService.Test.LicenseHostValidatorTest"
                name="MobilityCannotBeOnPrimaryValidation (True) row 2"
                time="0.0031461"/>
      <testcase classname="Philips.PMP.Test.Auto.DbLocalizationHelperTest"
                name="DbLocalizationHelperGetValueTest (NlsCatalog_147842,en-US,True) row 1"
                time="0.0627738"/>
      <testcase classname="Philips.PMP.Test.Auto.DbLocalizationHelperTest"
                name="DbLocalizationHelperGetValueTest (NlsCatalog_147842,nl-NL,True) row 2"
                time="0.077549"/>
      <testcase classname="Philips.PMP.Test.Auto.DbLocalizationHelperTest"
                name="DbLocalizationHelperGetValueTest (NlsCatalog_000001,en-US,True) row 3"
                time="0.1143553"/>
      <testcase classname="Philips.PMP.Test.Auto.DbLocalizationHelperTest"
                name="DbLocalizationHelperGetValueTest (AdultEnhanced,en-US,True) row 4"
                time="0.0602875"/>
      <testcase classname="Philips.PMP.Test.Auto.MeasControlsHelperTest"
                name="GetValueControlLabelTest"
                time="0.001704"/>
      <testcase classname="Philips.PMP.Test.Auto.HubPasswordControlTest"
                name="DeploymentTest"
                time="0.0029518"/>
      <testcase classname="Philips.PMP.Test.Auto.SystemPerformanceTest"
                name="GetSettingsForProfileOverlappingCategories"
                time="0.7937725"/>
      <testcase classname="Philips.PMP.Test.Auto.DataRelayServiceTest"
                name="DataRelayGetServerInfoTest"
                time="0.0314804"/>
      <testcase classname="Philips.PMP.Test.Auto.GraphicsCardResetHelperTest"
                name="TryToResetVideoCardTest (True) row 1"
                time="0.1053811"/>
      <testcase classname="Philips.PMP.Test.Auto.GraphicsCardResetHelperTest"
                name="TryToResetVideoCardTest (False) row 2"
                time="0.0202219"/>
      <testcase classname="Philips.PMP.Test.Auto.StitchTest"
                name="StitchReceivedDvcLogicThreeNonContinuous2Test"
                time="0.0074332"/>
      <testcase classname="Philips.PMP.Test.Auto.NumericProviderTest"
                name="NumericProviderMergeUtilsTest"
                time="0.2782655"/>
      <testcase classname="Philips.PMP.Test.Auto.EventCategorySettingsProviderTest"
                name="LoadCacheForEnabledUnits"
                time="0.4209168"/>
      <testcase classname="Philips.PMP.Test.Auto.Ecg12LeadHelperTest"
                name="Ecg12LeadHelperInitializeCaptureTest (True,,monitor) row 1"
                time="0.0032089"/>
      <testcase classname="Philips.PMP.Test.Auto.Ecg12LeadHelperTest"
                name="Ecg12LeadHelperInitializeCaptureTest (False,,) row 2"
                time="0.0007222"/>
      <testcase classname="Philips.PMP.Test.Auto.Ecg12LeadHelperTest"
                name="Ecg12LeadHelperInitializeCaptureTest (True,host,host) row 3"
                time="0.0006578"/>
      <testcase classname="Philips.PMP.Test.Auto.Ecg12LeadHelperTest"
                name="Ecg12LeadHelperInitializeCaptureTest (False,host,host) row 4"
                time="0.0006301"/>
      <testcase classname="Philips.PMP.Test.Auto.UnassignedEventListFilterTest"
                name="FilterShouldFilter (2,Unknown,-1,-1,) row 1"
                time="0.0044609"/>
      <testcase classname="Philips.PMP.Test.Auto.UnassignedEventListFilterTest"
                name="FilterShouldFilter (0,Unknown,-1,-1,applesauce) row 2"
                time="0.0004343"/>
      <testcase classname="Philips.PMP.Test.Auto.UnassignedEventListFilterTest"
                name="FilterShouldFilter (1,Unknown,-1,-1,name1) row 3"
                time="0.000331"/>
      <testcase classname="Philips.PMP.Test.Auto.UnassignedEventListFilterTest"
                name="FilterShouldFilter (1,Yellow,-1,-1,) row 4"
                time="0.0008039"/>
      <testcase classname="Philips.PMP.Test.Auto.UnassignedEventListFilterTest"
                name="FilterShouldFilter (1,Yellow,-1,-1,name) row 5"
                time="0.000326"/>
      <testcase classname="Philips.PMP.Test.Auto.UnassignedEventListFilterTest"
                name="FilterShouldFilter (0,Cyan,-1,-1,) row 6"
                time="0.0003792"/>
      <testcase classname="Philips.PMP.Test.Auto.UnassignedEventListFilterTest"
                name="FilterShouldFilter (1,Unknown,Technical,-1,) row 7"
                time="0.0004592"/>
      <testcase classname="Philips.PMP.Test.Auto.UnassignedEventListFilterTest"
                name="FilterShouldFilter (0,Unknown,Technical,-1,name2) row 8"
                time="0.0003058"/>
      <testcase classname="Philips.PMP.Test.Auto.UnassignedEventListFilterTest"
                name="FilterShouldFilter (1,Unknown,Patient,-1,name2) row 9"
                time="0.0002973"/>
      <testcase classname="Philips.PMP.Test.Auto.UnassignedEventListFilterTest"
                name="FilterShouldFilter (0,Unknown,Notification,-1,) row 10"
                time="0.0002868"/>
      <testcase classname="Philips.PMP.Test.Auto.UnassignedEventListFilterTest"
                name="FilterShouldFilter (1,Unknown,-1,User,name2) row 11"
                time="0.0002905"/>
      <testcase classname="Philips.PMP.Test.Auto.UnassignedEventListFilterTest"
                name="FilterShouldFilter (0,Unknown,-1,Factory,name2) row 12"
                time="0.0002817"/>
      <testcase classname="Philips.PMP.Test.Auto.UnassignedEventListFilterTest"
                name="FilterShouldFilter (1,Unknown,-1,Factory,) row 13"
                time="0.000264"/>
      <testcase classname="Philips.PMP.Test.Auto.UnassignedEventListFilterTest"
                name="FilterShouldFilter (1,Red,Patient,User,name2) row 14"
                time="0.0002719"/>
      <testcase classname="Philips.PMP.Test.Auto.LanDeviceAssignmentNotificationServiceTest"
                name="LanDeviceAssignmentNotificationServiceUsesFqdn (True) row 1"
                time="0.0554187"/>
      <testcase classname="Philips.PMP.Test.Auto.LanDeviceAssignmentNotificationServiceTest"
                name="LanDeviceAssignmentNotificationServiceUsesFqdn (False) row 2"
                time="0.0443028"/>
      <testcase classname="Philips.PMP.Test.Auto.PhysioDataDisplayHelperTest"
                name="PhysioDataDisplayHelperGetEnumerationValueStringFromStringandIdx (enum_text_export_id_chosen,FreeText,3,Numeric,3) row 1"
                time="0.0010623"/>
      <testcase classname="Philips.PMP.Test.Auto.PhysioDataDisplayHelperTest"
                name="PhysioDataDisplayHelperGetEnumerationValueStringFromStringandIdx (enum_text_string_idx_chosen,FreeText,3,0,FreeText) row 2"
                time="0.000429"/>
      <testcase classname="Philips.CareEvent.Test.WctpListenerTests"
                name="ProcessMessageTests (,301,Input can not be parsed) row 1"
                time="0.0149104"/>
      <testcase classname="Philips.CareEvent.Test.WctpListenerTests"
                name="ProcessMessageTests (&lt;?xml version = &#34;1.0&#34; encoding=&#34;UTF-8&#34; standalone=&#34;yes&#34;?&gt;&lt;!DOCTYPE wctp-Operation SYSTEM &#34;http://www.wctp.org/archive/wctpv1-0.dtd&#34;&gt;&lt;wctp-Operation wctpVersion=&#34;wctp-dtd-v1r1&#34; wctpToken=&#34;11AA&#34;&gt;&lt;wctp-StatusInfo&gt;&lt;wctp-ResponseHeader responseToMessageID=&#34;4626-4399&#34; responseTimestamp=&#34;1999-03-31T18:19:00&#34; respondingToTimestamp=&#34;1999-03-31T18:18:00&#34;&gt;&lt;/wctp-ResponseHeader&gt;&lt;wctp-Notification type=&#34;READ&#34; /&gt;&lt;/wctp-StatusInfo&gt;&lt;/wctp-Operation&gt;,200,Message status updated) row 2"
                time="0.0231964"/>
      <testcase classname="Philips.CareEvent.Test.WctpListenerTests"
                name="ProcessMessageTests (&lt;?xml version=&#34;1.0&#34; encoding=&#34;UTF-8&#34; standalone=&#34;yes&#34;?&gt;&lt;!DOCTYPE wctp-Operation SYSTEM &#34;http://www.wctp.org/archive/wctpv1-0.dtd&#34;&gt;&lt;wctp-Operation&gt;&lt;wctp-MessageReply MCRMessageReply=&#34;true&#34;&gt;&lt;wctp-ResponseHeader responseToMessageID=&#34;2900-32&#34; responseTimestamp=&#34;2020-05-01T16:57:05&#34; respondingToTimestamp=&#34;2020-05-01T16:55:49&#34;&gt;&lt;wctp-Originator senderID=&#34;&#34; securityCode=&#34;&#34;/&gt;&lt;wctp-Recipient recipientID=&#34;http://192.168.201.132/Philips_WCTP/wowctp.dll&#34;/&gt;&lt;/wctp-ResponseHeader&gt;&lt;wctp-Payload&gt;&lt;wctp-Alphanumeric&gt;*ACK&lt;/wctp-Alphanumeric&gt;&lt;/wctp-Payload&gt;&lt;/wctp-MessageReply&gt;&lt;/wctp-Operation&gt;,200,Message status updated) row 3"
                time="0.0086112"/>
      <testcase classname="Philips.PMP.Test.Auto.PatientDataExportStorageTestNoDb"
                name="PdxDataRowComparisonTest"
                time="0.0023367"/>
      <testcase classname="Philips.PMP.Test.Auto.PatientIdHelperTest"
                name="PatientIdentityGetCareUnitNameTest"
                time="0.0013135"/>
      <testcase classname="Philips.PMP.Test.Auto.DataTileHelperTest"
                name="SpotCheckTrendControlMaxEntriesTest (32) row 1"
                time="0.0991723"/>
      <testcase classname="Philips.PMP.Test.Auto.DataTileHelperTest"
                name="SpotCheckTrendControlMaxEntriesTest (251) row 2"
                time="4.2168803"/>
      <testcase classname="Philips.CareEvent.Test.EventNotificationServiceTest"
                name="EventNotificationServiceUpdateEventStatusTest"
                time="0.0077457"/>
      <testcase classname="Philips.PMP.Test.Auto.PatientDataExportFileTest"
                name="PdxWhenEndDateIsMissingExportPatientListOnly"
                time="0.0400502"/>
      <testcase classname="Philips.PMP.Test.Auto.DbEngineTest"
                name="DbEngineServiceProcessesResultsOnlyOnce"
                time="0.0139649"/>
      <testcase classname="Philips.IX.UserManagement.Test.ProveIdWebApiServerTest"
                name="ConstructDisposeTest"
                time="0.0646319"/>
      <testcase classname="Philips.PMP.Test.Auto.EnumerationProviderTest"
                name="EnumerationProviderTwoDAsOnePdt"
                time="0.0262036"/>
      <testcase classname="Philips.PMP.Test.Auto.InfoProviderTest"
                name="InfoProviderGetMultiPrettyTimesTest"
                time="0.0077574"/>
      <testcase classname="Philips.PMP.Test.Auto.PatientDataExportStorageTest"
                name="PdxTrailingSpaceLabelStoreTest"
                time="0.0385425"/>
      <testcase classname="Philips.PMP.Test.Auto.CustomStripLabelsReverterTest"
                name="CustomStripLabelsReverterRevertToDefaults"
                time="0.0036723"/>
      <testcase classname="Philips.PIC.WebBridge.Test.WaveStripReportGeneratorTest"
                name="WillCreateAlertForNewAlert"
                time="0.0007195"/>
      <testcase classname="Philips.PIC.SharedAssignment.Test.SharedAssignmentDeserializerTest"
                name="SharedAssignmentDeserializeJsonWithNullPatientIdentifier"
                time="0.0035799"/>
      <testcase classname="Philips.PMP.Test.Auto.PatientProviderTest"
                name="EndTranspotWithCreateStayTest"
                time="0.4567063"/>
      <testcase classname="Philips.PMP.Test.Auto.DbConnectionStatusMgrTest"
                name="DbConnectionStatusDiscoverTest (True,True,localHost,True,Unknown,Connected) row 1"
                time="0.3006974"/>
      <testcase classname="Philips.PMP.Test.Auto.DbConnectionStatusMgrTest"
                name="DbConnectionStatusDiscoverTest (True,False,localHost,True,Connected,Connected) row 2"
                time="0.0300729"/>
      <testcase classname="Philips.PMP.Test.Auto.DbConnectionStatusMgrTest"
                name="DbConnectionStatusDiscoverTest (False,False,X,True,MaintenanceMode,MaintenanceMode) row 3"
                time="0.013245"/>
      <testcase classname="Philips.PMP.Test.Auto.DbConnectionStatusMgrTest"
                name="DbConnectionStatusDiscoverTest (False,False,X,True,Local,Unreachable) row 4"
                time="0.016365"/>
      <testcase classname="Philips.PMP.Test.Auto.DbConnectionStatusMgrTest"
                name="DbConnectionStatusDiscoverTest (False,True,localHost,True,MaintenanceMode,MaintenanceMode) row 5"
                time="0.0191686"/>
      <testcase classname="Philips.PMP.Test.Auto.DbConnectionStatusMgrTest"
                name="DbConnectionStatusDiscoverTest (False,True,localHost,True,Connected,Connected) row 6"
                time="0.0037391"/>
      <testcase classname="Philips.PMP.Test.Auto.DbConnectionStatusMgrTest"
                name="DbConnectionStatusDiscoverTest (False,True,X,True,MaintenanceMode,MaintenanceMode) row 7"
                time="0.0083053"/>
      <testcase classname="Philips.PMP.Test.Auto.DbConnectionStatusMgrTest"
                name="DbConnectionStatusDiscoverTest (False,True,X,True,Local,Unreachable) row 8"
                time="0.0158674"/>
      <testcase classname="Philips.PMP.Test.Auto.DbConnectionStatusMgrTest"
                name="DbConnectionStatusDiscoverTest (False,True,localHost,False,Connected,Unreachable) row 9"
                time="0.0067576"/>
      <testcase classname="Philips.PMP.Test.Auto.DbConnectionStatusMgrTest"
                name="DbConnectionStatusDiscoverTest (False,True,localHost,False,LocalButServerAvailable,Unreachable) row 10"
                time="0.0026"/>
      <testcase classname="Philips.PMP.Test.Auto.DbConnectionStatusMgrTest"
                name="DbConnectionStatusDiscoverTest (False,True,localHost,False,ForcedLocal,ForcedLocal) row 11"
                time="0.0027853"/>
      <testcase classname="Philips.PMP.Test.Auto.DbConnectionStatusMgrTest"
                name="DbConnectionStatusDiscoverTest (False,True,localHost,True,ForcedLocal,ForcedLocal) row 12"
                time="0.0025078"/>
      <testcase classname="Philips.PMP.Test.Auto.DbConnectionStatusMgrTest"
                name="DbConnectionStatusDiscoverTest (False,True,localHost,True,Local,LocalButServerAvailable) row 13"
                time="0.0019543"/>
      <testcase classname="Philips.PMP.Test.Auto.DbConnectionStatusMgrTest"
                name="DbConnectionStatusDiscoverTest (False,True,localHost,True,Connected,Connected) row 14"
                time="0.0028465"/>
      <testcase classname="Philips.PMP.Test.Auto.TimeWaveBaselineProviderTest"
                name="TimeWaveBaselineOneQt"
                time="0.0312932"/>
      <testcase classname="Philips.PMP.Test.Auto.EnterprisePortalServiceMgrTest"
                name="EnterprisePortalServiceMgrFindAnyPatient (True,False,2) row 1"
                time="0.0760523"/>
      <testcase classname="Philips.PMP.Test.Auto.EnterprisePortalServiceMgrTest"
                name="EnterprisePortalServiceMgrFindAnyPatient (False,True,1) row 2"
                time="0.0017525"/>
      <testcase classname="Philips.PMP.Test.Auto.BBraunStateMachineTest"
                name="IntelliBridgeDriverBBraunProcessMessageTest"
                time="0.4587936"/>
      <testcase classname="Philips.CareEvent.Test.ProductProviderTests"
                name="IsProductEnabledForAnyUnitShouldFindEnabledUnit (True) row 1"
                time="0.0251815"/>
      <testcase classname="Philips.CareEvent.Test.ProductProviderTests"
                name="IsProductEnabledForAnyUnitShouldFindEnabledUnit (False) row 2"
                time="0.0033627"/>
      <testcase classname="Philips.PMP.Test.Auto.PatientDataExportStorageTest"
                name="PdxCheckFeatureIsAssignedToFileExportService"
                time="0.0209772"/>
      <testcase classname="Philips.PIC.WebBridge.Test.HubClientConnectionTest"
                name="HubConnectionMgrWillUpdateNotificationsForAConnectionId"
                time="0.0029511"/>
      <testcase classname="Philips.PMP.Test.Auto.RepositoryTest"
                name="RepositoryDoesntMixPatientDataOnReadmitTest"
                time="0.008825"/>
      <testcase classname="Philips.PMP.Test.Auto.MdilCodeParserTest"
                name="ParseMdilCodeTest (a00024182,0) row 1"
                time="0.234897"/>
      <testcase classname="Philips.PMP.Test.Auto.MdilCodeParserTest"
                name="ParseMdilCodeTest (00024182,147842) row 2"
                time="0.0162824"/>
      <testcase classname="Philips.PMP.Test.Auto.MdilCodeParserTest"
                name="ParseMdilCodeTest (0002-4182,147842) row 3"
                time="0.0005886"/>
      <testcase classname="Philips.PMP.Test.Auto.MulticastZoneQualifierTest"
                name="MulticastZoneQualifierValidationTest (False,False,False,False,False) row 1"
                time="0.2880592"/>
      <testcase classname="Philips.PMP.Test.Auto.MulticastZoneQualifierTest"
                name="MulticastZoneQualifierValidationTest (True,False,False,False,False) row 2"
                time="0.0118774"/>
      <testcase classname="Philips.PMP.Test.Auto.MulticastZoneQualifierTest"
                name="MulticastZoneQualifierValidationTest (False,True,False,False,False) row 3"
                time="0.0042582"/>
      <testcase classname="Philips.PMP.Test.Auto.MulticastZoneQualifierTest"
                name="MulticastZoneQualifierValidationTest (False,False,True,False,False) row 4"
                time="0.0031104"/>
      <testcase classname="Philips.PMP.Test.Auto.MulticastZoneQualifierTest"
                name="MulticastZoneQualifierValidationTest (True,False,True,False,False) row 5"
                time="0.0191489"/>
      <testcase classname="Philips.PMP.Test.Auto.MulticastZoneQualifierTest"
                name="MulticastZoneQualifierValidationTest (False,False,False,False,True) row 6"
                time="0.0031178"/>
      <testcase classname="Philips.PMP.Test.Auto.MulticastZoneQualifierTest"
                name="MulticastZoneQualifierValidationTest (False,False,False,True,False) row 7"
                time="0.0027722"/>
      <testcase classname="Philips.PMP.Test.Auto.MulticastZoneQualifierTest"
                name="MulticastZoneQualifierValidationTest (False,False,False,True,True) row 8"
                time="0.0031404"/>
      <testcase classname="Philips.PMP.Test.Auto.WatchdogTest"
                name="WatchdogEngineRecovery (True) row 1"
                time="0.0656166"/>
      <testcase classname="Philips.PMP.Test.Auto.WatchdogTest"
                name="WatchdogEngineRecovery (False) row 2"
                time="0.066595"/>
      <testcase classname="Philips.PMP.Test.Auto.FeatureAssignmentConfigControlTest"
                name="FilterDropdownVisibilityTest (Philips.PMP.InfoObjects.Enterprise,False) row 1"
                time="0.0248178"/>
      <testcase classname="Philips.PMP.Test.Auto.FeatureAssignmentConfigControlTest"
                name="FilterDropdownVisibilityTest (Philips.PMP.InfoObjects.Zone,False) row 2"
                time="0.0111175"/>
      <testcase classname="Philips.PMP.Test.Auto.FeatureAssignmentConfigControlTest"
                name="FilterDropdownVisibilityTest (Philips.PMP.InfoObjects.HostDevice,True) row 3"
                time="0.0231567"/>
      <testcase classname="Philips.CareEvent.Test.EventCommunicationSettingsControlTests"
                name="NoPasswordConfiguredWarningTest"
                time="0.0661333"/>
      <testcase classname="Philips.PMP.Test.Auto.WaveFrequencyConverterTest"
                name="WaveConvertMultipleChunksUpSampleTest"
                time="0.0005977"/>
      <testcase classname="Philips.PMP.Test.Auto.AlarisAGWDriverTest"
                name="AlarisGatewayMesssageExtractionTest (,,False) row 1"
                time="0.0016129"/>
      <testcase classname="Philips.PMP.Test.Auto.AlarisAGWDriverTest"
                name="AlarisGatewayMesssageExtractionTest (&lt;?xml version=&#34;1.0&#34;?&gt;&lt;Gateway sequence=&#34;537355&#34; time=&#34;16:56:23&#34; date=&#34;2016-06-24&#34;license=&#34;none&#34; xmlns=&#34;http://www.alarismed.com/XML/AsenaGateway.xsd&#34;&gt;&lt;Tiles&gt;&lt;Tile is_contactable=&#34;true&#34; pump_contactable=&#34;false&#34;pump_fitted=&#34;false&#34; upgrading=&#34;false&#34; sw_version=&#34;v1.1.44&#34; id=&#34;Tile-3&#34;free_memory=&#34;63&#34;/&gt;&lt;Tile is_contactable=&#34;true&#34; pump_contactable=&#34;true&#34; pump_fitted=&#34;true&#34;upgrading=&#34;false&#34; sw_version=&#34;v1.1.44&#34; id=&#34;Tile-1&#34; free_memory=&#34;63&#34;&gt;&lt;Pump sw_version=&#34;v3.4.5&#34; service_message=&#34;&#34; service_date=&#34;2018-09-11&#34;model=&#34;Alaris PK&#34; serial_no=&#34;1351-94763&#34;&gt;&lt;Status&gt;Hold&lt;/Status&gt;&lt;DetailedStatus infusion=&#34;Hold&#34; alarm=&#34;None&#34; mode=&#34;Hold&#34;/&gt;&lt;/Pump&gt;&lt;/Tile&gt;&lt;Tile is_contactable=&#34;true&#34; pump_contactable=&#34;false&#34;pump_fitted=&#34;false&#34; upgrading=&#34;false&#34; sw_version=&#34;v1.1.44&#34; id=&#34;Tile-4&#34;free_memory=&#34;65&#34;/&gt;&lt;Tile is_contactable=&#34;true&#34; pump_contactable=&#34;false&#34;pump_fitted=&#34;false&#34; upgrading=&#34;false&#34; sw_version=&#34;v1.1.44&#34; id=&#34;Tile-7&#34;free_memory=&#34;65&#34;/&gt;&lt;Tile is_contactable=&#34;true&#34; pump_contactable=&#34;false&#34;pump_fitted=&#34;false&#34; upgrading=&#34;false&#34; sw_version=&#34;v1.1.44&#34; id=&#34;Tile-2&#34;free_memory=&#34;63&#34;/&gt;&lt;Tile is_contactable=&#34;true&#34; pump_contactable=&#34;false&#34;pump_fitted=&#34;false&#34; upgrading=&#34;false&#34; sw_version=&#34;v1.1.44&#34; id=&#34;Tile-5&#34;free_memory=&#34;62&#34;/&gt;&lt;Tile is_contactable=&#34;true&#34; pump_contactable=&#34;false&#34;pump_fitted=&#34;false&#34; upgrading=&#34;false&#34; sw_version=&#34;v1.1.44&#34; id=&#34;Tile-6&#34;free_memory=&#34;63&#34;/&gt;&lt;Tile is_contactable=&#34;true&#34; pump_contactable=&#34;false&#34;pump_fitted=&#34;false&#34; upgrading=&#34;false&#34; sw_version=&#34;v1.1.44&#34; id=&#34;Tile-8&#34;free_memory=&#34;62&#34;/&gt;&lt;/Tiles&gt;&lt;Identification sw_version=&#34;v1.3.0&#34; serial_id=&#34;&#34; hospital_id=&#34; &#34;bed_id=&#34; &#34; ward_id=&#34; &#34; build_number=&#34;Build 11&#34;/&gt;&lt;Status battery_level=&#34;Full&#34; battery_capacity=&#34;96&#34; AC=&#34;true&#34;SFI=&#34;None&#34;/&gt;&lt;Memory load=&#34;72%&#34;&gt;&lt;Physical available=&#34;7816K&#34; total=&#34;26968K&#34;/&gt;&lt;Virtual available=&#34;18432K&#34; total=&#34;32768K&#34;/&gt;&lt;/Memory&gt;&lt;/Gateway&gt;,&lt;?xml version=&#34;1.0&#34;?&gt;&lt;Gateway sequence=&#34;537355&#34; time=&#34;16:56:23&#34; date=&#34;2016-06-24&#34;license=&#34;none&#34; xmlns=&#34;http://www.alarismed.com/XML/AsenaGateway.xsd&#34;&gt;&lt;Tiles&gt;&lt;Tile is_contactable=&#34;true&#34; pump_contactable=&#34;false&#34;pump_fitted=&#34;false&#34; upgrading=&#34;false&#34; sw_version=&#34;v1.1.44&#34; id=&#34;Tile-3&#34;free_memory=&#34;63&#34;/&gt;&lt;Tile is_contactable=&#34;true&#34; pump_contactable=&#34;true&#34; pump_fitted=&#34;true&#34;upgrading=&#34;false&#34; sw_version=&#34;v1.1.44&#34; id=&#34;Tile-1&#34; free_memory=&#34;63&#34;&gt;&lt;Pump sw_version=&#34;v3.4.5&#34; service_message=&#34;&#34; service_date=&#34;2018-09-11&#34;model=&#34;Alaris PK&#34; serial_no=&#34;1351-94763&#34;&gt;&lt;Status&gt;Hold&lt;/Status&gt;&lt;DetailedStatus infusion=&#34;Hold&#34; alarm=&#34;None&#34; mode=&#34;Hold&#34;/&gt;&lt;/Pump&gt;&lt;/Tile&gt;&lt;Tile is_contactable=&#34;true&#34; pump_contactable=&#34;false&#34;pump_fitted=&#34;false&#34; upgrading=&#34;false&#34; sw_version=&#34;v1.1.44&#34; id=&#34;Tile-4&#34;free_memory=&#34;65&#34;/&gt;&lt;Tile is_contactable=&#34;true&#34; pump_contactable=&#34;false&#34;pump_fitted=&#34;false&#34; upgrading=&#34;false&#34; sw_version=&#34;v1.1.44&#34; id=&#34;Tile-7&#34;free_memory=&#34;65&#34;/&gt;&lt;Tile is_contactable=&#34;true&#34; pump_contactable=&#34;false&#34;pump_fitted=&#34;false&#34; upgrading=&#34;false&#34; sw_version=&#34;v1.1.44&#34; id=&#34;Tile-2&#34;free_memory=&#34;63&#34;/&gt;&lt;Tile is_contactable=&#34;true&#34; pump_contactable=&#34;false&#34;pump_fitted=&#34;false&#34; upgrading=&#34;false&#34; sw_version=&#34;v1.1.44&#34; id=&#34;Tile-5&#34;free_memory=&#34;62&#34;/&gt;&lt;Tile is_contactable=&#34;true&#34; pump_contactable=&#34;false&#34;pump_fitted=&#34;false&#34; upgrading=&#34;false&#34; sw_version=&#34;v1.1.44&#34; id=&#34;Tile-6&#34;free_memory=&#34;63&#34;/&gt;&lt;Tile is_contactable=&#34;true&#34; pump_contactable=&#34;false&#34;pump_fitted=&#34;false&#34; upgrading=&#34;false&#34; sw_version=&#34;v1.1.44&#34; id=&#34;Tile-8&#34;free_memory=&#34;62&#34;/&gt;&lt;/Tiles&gt;&lt;Identification sw_version=&#34;v1.3.0&#34; serial_id=&#34;&#34; hospital_id=&#34; &#34;bed_id=&#34; &#34; ward_id=&#34; &#34; build_number=&#34;Build 11&#34;/&gt;&lt;Status battery_level=&#34;Full&#34; battery_capacity=&#34;96&#34; AC=&#34;true&#34;SFI=&#34;None&#34;/&gt;&lt;Memory load=&#34;72%&#34;&gt;&lt;Physical available=&#34;7816K&#34; total=&#34;26968K&#34;/&gt;&lt;Virtual available=&#34;18432K&#34; total=&#34;32768K&#34;/&gt;&lt;/Memory&gt;&lt;/Gateway&gt;,True) row 2"
                time="0.0003738"/>
      <testcase classname="Philips.PMP.Test.Auto.AlarisAGWDriverTest"
                name="AlarisGatewayMesssageExtractionTest (&lt;?xml version=&#34;1.0&#34;?&gt;&lt;Gateway sequence=&#34;537355&#34; time=&#34;16:56:23&#34; date=&#34;2016-06-24&#34;license=&#34;none&#34; xmlns=&#34;http://www.alarismed.com/XML/AsenaGateway.xsd&#34;&gt;&lt;Tiles&gt;&lt;Tile is_contactable=&#34;true&#34; pump_contactable=&#34;false&#34;pump_fitted=&#34;false&#34; upgrading=&#34;false&#34; sw_version=&#34;v1.1.44&#34; id=&#34;Tile-3&#34;free_memory=&#34;63&#34;/&gt;&lt;Tile is_contactable=&#34;true&#34; pump_contactable=&#34;true&#34; pump_fitted=&#34;true&#34;upgrading=&#34;false&#34; sw_version=&#34;v1.1.44&#34; id=&#34;Tile-1&#34; free_memory=&#34;63&#34;&gt;&lt;Pump sw_version=&#34;v3.4.5&#34; service_message=&#34;&#34; service_date=&#34;2018-09-11&#34;model=&#34;Alaris PK&#34; serial_no=&#34;1351-94763&#34;&gt;&lt;Status&gt;Hold&lt;/Status&gt;&lt;DetailedStatus infusion=&#34;Hold&#34; alarm=&#34;None&#34; mode=&#34;Hold&#34;/&gt;&lt;/Pump&gt;&lt;/Tile&gt;&lt;Tile is_contactable=&#34;true&#34; pump_contactable=&#34;false&#34;pump_fitted=&#34;false&#34; upgrading=&#34;false&#34; sw_version=&#34;v1.1.44&#34; id=&#34;Tile-4&#34;free_memory=&#34;65&#34;/&gt;&lt;Tile is_contactable=&#34;true&#34; pump_contactable=&#34;false&#34;pump_fitted=&#34;false&#34; upgrading=&#34;false&#34; sw_version=&#34;v1.1.44&#34; id=&#34;Tile-7&#34;free_memory=&#34;65&#34;/&gt;&lt;Tile is_contactable=&#34;true&#34; pump_contactable=&#34;false&#34;pump_fitted=&#34;false&#34; upgrading=&#34;false&#34; sw_version=&#34;v1.1.44&#34; id=&#34;Tile-2&#34;free_memory=&#34;63&#34;/&gt;&lt;Tile is_contactable=&#34;true&#34; pump_contactable=&#34;false&#34;pump_fitted=&#34;false&#34; upgrading=&#34;false&#34; sw_version=&#34;v1.1.44&#34; id=&#34;Tile-5&#34;free_memory=&#34;62&#34;/&gt;&lt;Tile is_contactable=&#34;true&#34; pump_contactable=&#34;false&#34;pump_fitted=&#34;false&#34; upgrading=&#34;false&#34; sw_version=&#34;v1.1.44&#34; id=&#34;Tile-6&#34;free_memory=&#34;63&#34;/&gt;&lt;Tile is_contactable=&#34;true&#34; pump_contactable=&#34;false&#34;pump_fitted=&#34;false&#34; upgrading=&#34;false&#34; sw_version=&#34;v1.1.44&#34; id=&#34;Tile-8&#34;free_memory=&#34;62&#34;/&gt;&lt;/Tiles&gt;&lt;Identification sw_version=&#34;v1.3.0&#34; serial_id=&#34;&#34; hospital_id=&#34; &#34;bed_id=&#34; &#34; ward_id=&#34; &#34; build_number=&#34;Build 11&#34;/&gt;&lt;Status battery_level=&#34;Full&#34; battery_capacity=&#34;96&#34; AC=&#34;true&#34;SFI=&#34;None&#34;/&gt;&lt;Memory load=&#34;72%&#34;&gt;&lt;Physical available=&#34;7816K&#34; total=&#34;26968K&#34;/&gt;&lt;Virtual available=&#34;18432K&#34; total=&#34;32768K&#34;/&gt;&lt;/Memory&gt;&lt;/Gateway&gt;&lt;?xml version=&#34;1.0&#34;?&gt;&lt;Gateway sequence=&#34;537355&#34;,&lt;?xml version=&#34;1.0&#34;?&gt;&lt;Gateway sequence=&#34;537355&#34; time=&#34;16:56:23&#34; date=&#34;2016-06-24&#34;license=&#34;none&#34; xmlns=&#34;http://www.alarismed.com/XML/AsenaGateway.xsd&#34;&gt;&lt;Tiles&gt;&lt;Tile is_contactable=&#34;true&#34; pump_contactable=&#34;false&#34;pump_fitted=&#34;false&#34; upgrading=&#34;false&#34; sw_version=&#34;v1.1.44&#34; id=&#34;Tile-3&#34;free_memory=&#34;63&#34;/&gt;&lt;Tile is_contactable=&#34;true&#34; pump_contactable=&#34;true&#34; pump_fitted=&#34;true&#34;upgrading=&#34;false&#34; sw_version=&#34;v1.1.44&#34; id=&#34;Tile-1&#34; free_memory=&#34;63&#34;&gt;&lt;Pump sw_version=&#34;v3.4.5&#34; service_message=&#34;&#34; service_date=&#34;2018-09-11&#34;model=&#34;Alaris PK&#34; serial_no=&#34;1351-94763&#34;&gt;&lt;Status&gt;Hold&lt;/Status&gt;&lt;DetailedStatus infusion=&#34;Hold&#34; alarm=&#34;None&#34; mode=&#34;Hold&#34;/&gt;&lt;/Pump&gt;&lt;/Tile&gt;&lt;Tile is_contactable=&#34;true&#34; pump_contactable=&#34;false&#34;pump_fitted=&#34;false&#34; upgrading=&#34;false&#34; sw_version=&#34;v1.1.44&#34; id=&#34;Tile-4&#34;free_memory=&#34;65&#34;/&gt;&lt;Tile is_contactable=&#34;true&#34; pump_contactable=&#34;false&#34;pump_fitted=&#34;false&#34; upgrading=&#34;false&#34; sw_version=&#34;v1.1.44&#34; id=&#34;Tile-7&#34;free_memory=&#34;65&#34;/&gt;&lt;Tile is_contactable=&#34;true&#34; pump_contactable=&#34;false&#34;pump_fitted=&#34;false&#34; upgrading=&#34;false&#34; sw_version=&#34;v1.1.44&#34; id=&#34;Tile-2&#34;free_memory=&#34;63&#34;/&gt;&lt;Tile is_contactable=&#34;true&#34; pump_contactable=&#34;false&#34;pump_fitted=&#34;false&#34; upgrading=&#34;false&#34; sw_version=&#34;v1.1.44&#34; id=&#34;Tile-5&#34;free_memory=&#34;62&#34;/&gt;&lt;Tile is_contactable=&#34;true&#34; pump_contactable=&#34;false&#34;pump_fitted=&#34;false&#34; upgrading=&#34;false&#34; sw_version=&#34;v1.1.44&#34; id=&#34;Tile-6&#34;free_memory=&#34;63&#34;/&gt;&lt;Tile is_contactable=&#34;true&#34; pump_contactable=&#34;false&#34;pump_fitted=&#34;false&#34; upgrading=&#34;false&#34; sw_version=&#34;v1.1.44&#34; id=&#34;Tile-8&#34;free_memory=&#34;62&#34;/&gt;&lt;/Tiles&gt;&lt;Identification sw_version=&#34;v1.3.0&#34; serial_id=&#34;&#34; hospital_id=&#34; &#34;bed_id=&#34; &#34; ward_id=&#34; &#34; build_number=&#34;Build 11&#34;/&gt;&lt;Status battery_level=&#34;Full&#34; battery_capacity=&#34;96&#34; AC=&#34;true&#34;SFI=&#34;None&#34;/&gt;&lt;Memory load=&#34;72%&#34;&gt;&lt;Physical available=&#34;7816K&#34; total=&#34;26968K&#34;/&gt;&lt;Virtual available=&#34;18432K&#34; total=&#34;32768K&#34;/&gt;&lt;/Memory&gt;&lt;/Gateway&gt;,True) row 3"
                time="0.0016292"/>
      <testcase classname="Philips.PMP.Test.Auto.AlarisAGWDriverTest"
                name="AlarisGatewayMesssageExtractionTest (&lt;/Gateway&gt;&lt;?xml version=&#34;1.0&#34;?&gt;&lt;Gateway sequence=&#34;537355,,False) row 4"
                time="0.0007898"/>
      <testcase classname="Philips.PMP.Test.Auto.NumericProviderTest"
                name="NumericProviderAperiodicFourDAsThreeValues"
                time="0.2782965"/>
      <testcase classname="Philips.PMP.Test.Auto.ApmDataConverterTest"
                name="ApmDataConverterPopulatesServiceNumber"
                time="0.0030644"/>
      <testcase classname="Philips.PMP.Test.Auto.EventNotificationMgrTest"
                name="IsMaxBerPerDomainReachedFalseTest"
                time="0.2514083"/>
      <testcase classname="Philips.PMP.Test.Auto.UptimeTrackingOutboundHL7DataTest"
                name="QueryServerStatusChangesAreTracked"
                time="0.0095182"/>
      <testcase classname="Philips.PMP.Test.Auto.SpotCheckTrendConnectionTest"
                name="SpotCheckTrendUpdateValidationInfoNotStartedTest"
                time="0.0037082"/>
      <testcase classname="Philips.CareEvent.Test.RingtoneMetadataTest"
                name="RingtoneMetadataShouldFailParse (Mp3File) row 1"
                time="0.0015763"/>
      <testcase classname="Philips.CareEvent.Test.RingtoneMetadataTest"
                name="RingtoneMetadataShouldFailParse (EmptyFile) row 2"
                time="0.0026978"/>
      <testcase classname="Philips.CareEvent.Test.CareTouchCommunicationMgrTest"
                name="SendEventMessageWithNullUserInfoTest"
                time="0.0052249"/>
      <testcase classname="Philips.PMP.Test.Auto.EventCatalogProviderTest"
                name="GetPatientMonitoringProductEventIfItIsNotEnabled"
                time="0.1682137"/>
      <testcase classname="Philips.PMP.Test.Auto.NoConnectionInopTest"
                name="NoConnectionInopCreateTest"
                time="0.001068"/>
      <testcase classname="Philips.PMP.Test.Auto.UnassignedDeviceMgrTest"
                name="UnassignedDeviceProcessShowConflictTest"
                time="0.3158158"/>
      <testcase classname="Philips.PMP.Test.Auto.ProtocolWatchTest"
                name="ProtocolWatchPatientMgrChangeBedTest"
                time="0.0036394"/>
      <testcase classname="Philips.PIC.WebBridge.Test.PatientCheckerTest"
                name="GetPatientTest"
                time="0.0014998"/>
      <testcase classname="Philips.PMP.Test.Auto.PatientServiceTest"
                name="PatientServiceAuditBedMovedTest (False,True,True) row 1"
                time="1.0339229"/>
      <testcase classname="Philips.PMP.Test.Auto.PatientServiceTest"
                name="PatientServiceAuditBedMovedTest (False,False,False) row 2"
                time="0.2729387"/>
      <testcase classname="Philips.PMP.Test.Auto.PatientServiceTest"
                name="PatientServiceAuditBedMovedTest (True,True,False) row 3"
                time="0.2691816"/>
      <testcase classname="Philips.PMP.Test.Auto.PatientServiceTest"
                name="PatientServiceAuditBedMovedTest (True,False,False) row 4"
                time="0.2718075"/>
      <testcase classname="Philips.PMP.Test.Auto.EventCatalogProviderTest"
                name="GetEventCategoriesListForEnabledProductsShouldOrderPhilipsFirst"
                time="0.1823043"/>
      <testcase classname="Philips.PIC.DevTools.Test.InHouseConfigurationTest"
                name="DemoDwcInterfaceIsEncrypted"
                time="0.0867048"/>
      <testcase classname="Philips.PMP.Test.Auto.EventWorkflowServiceMgrTest"
                name="EventWorkflowServiceMgrCreateCorrectUri (True) row 1"
                time="0.0141378"/>
      <testcase classname="Philips.PMP.Test.Auto.EventWorkflowServiceMgrTest"
                name="EventWorkflowServiceMgrCreateCorrectUri (False) row 2"
                time="0.0031393"/>
      <testcase classname="Philips.PMP.Test.Auto.SystemKeyAccessorTest"
                name="CacheForAnyKey (0,1) row 1"
                time="0.017331"/>
      <testcase classname="Philips.PMP.Test.Auto.SystemKeyAccessorTest"
                name="CacheForAnyKey (1,1) row 2"
                time="0.0022039"/>
      <testcase classname="Philips.PMP.Test.Auto.Hl7AlarmClientMgrTest"
                name="AlarmClientAlarmAttributeStateTest (NewAlert,active) row 1"
                time="0.0009242"/>
      <testcase classname="Philips.PMP.Test.Auto.Hl7AlarmClientMgrTest"
                name="AlarmClientAlarmAttributeStateTest (EndAlert,inactive) row 2"
                time="0.0003798"/>
      <testcase classname="Philips.PMP.Test.Auto.Hl7AlarmClientMgrTest"
                name="AlarmClientAlarmAttributeStateTest (SilencedAlert,active) row 3"
                time="0.0003734"/>
      <testcase classname="Philips.PMP.Test.Auto.Hl7AlarmClientMgrTest"
                name="AlarmClientAlarmAttributeStateTest (Unknown,active) row 4"
                time="0.0003299"/>
      <testcase classname="Philips.PMP.Test.Auto.PatientDemographicsUpdaterTest"
                name="PatientDemographicsUpdaterUpdateGetText (a,b,a,b,False,True,True) row 1"
                time="0.0007606"/>
      <testcase classname="Philips.PMP.Test.Auto.PatientDemographicsUpdaterTest"
                name="PatientDemographicsUpdaterUpdateGetText (a,b,c,c,False,True,False) row 2"
                time="0.0003586"/>
      <testcase classname="Philips.PMP.Test.Auto.PatientDemographicsUpdaterTest"
                name="PatientDemographicsUpdaterUpdateGetText (a,b,c,c,True,True,False) row 3"
                time="0.0003538"/>
      <testcase classname="Philips.PMP.Test.Auto.PatientDemographicsUpdaterTest"
                name="PatientDemographicsUpdaterUpdateGetText (a,a,a,a,False,True,False) row 4"
                time="0.000854"/>
      <testcase classname="Philips.PMP.Test.Auto.PatientDemographicsUpdaterTest"
                name="PatientDemographicsUpdaterUpdateGetText (a,a,a,a,True,False,False) row 5"
                time="0.0003466"/>
      <testcase classname="Philips.PMP.Test.Auto.PatientDemographicsUpdaterTest"
                name="PatientDemographicsUpdaterUpdateGetText (a,a,c,c,True,False,False) row 6"
                time="0.0003295"/>
      <testcase classname="Philips.PMP.Test.Auto.PatientDemographicsUpdaterTest"
                name="PatientDemographicsUpdaterUpdateGetText (a,a,a,a,False,False,False) row 7"
                time="0.0003132"/>
      <testcase classname="Philips.PMP.Test.Auto.PatientDemographicsUpdaterTest"
                name="PatientDemographicsUpdaterUpdateGetText (a,a,c,c,False,False,False) row 8"
                time="0.0003107"/>
      <testcase classname="Philips.CareEvent.Test.WctpParseHelperTests"
                name="ParseXmlThrowsException ( ? xml version='1.0' encoding='UTF-8'?&gt;&lt;!DOCTYPE wctp-Operation SYSTEM &#34;http://dtd.wctp.org/wctp-dtd-v1r1.dtd&#34;&gt;&lt;wctp-Operation wctpVersion=&#34;wctp-dtd-v1r1&#34;&gt;&lt;wctp-Confirmation&gt;&lt;wctp-Success successCode=&#34;200&#34; successText=&#34;EIS was updated&#34;&gt;Thank you for using MyEnterprise!&lt;/wctp-Success&gt;&lt;/wctp-Confirmation&gt;&lt;/wctp-Operation&gt;) row 1"
                time="0.0050885"/>
      <testcase classname="Philips.CareEvent.Test.WctpParseHelperTests"
                name="ParseXmlThrowsException (&lt;? xml version = &#34;1.0&#34; encoding=&#34;UTF-8&#34; standalone=&#34;yes&#34;?&gt;&lt;!DOCTYPE wctp-Operation SYSTEM &#34;http://www.wctp.org/archive/wctpv1-0.dtd&#34;&gt;&lt;wctp-Operation wctpVersion=&#34;wctp-dtd-v1r1&#34; wctpToken=&#34;11AA&#34;&gt;&lt;wctp-StatusInfo&gt;&lt;wctp-ResponseHeader responseToMessageID=&#34;\u001f\u001f46264399\u001f\u001f&#34; responseTimestamp=&#34;1999-03-31T18:19:00&#34; respondingToTimestamp=&#34;1999-03-31T18:18:00&#34;&gt;&lt;/wctp-ResponseHeader&gt;&lt;wctp-Notification type=&#34;READ&#34; /&gt;&lt;/wctp-StatusInfo&gt;&lt;/wctp-Operation&gt;) row 2"
                time="0.0025903"/>
      <testcase classname="Philips.CareEvent.Test.SoapInputTests"
                name="SoapMessageXmlCallbackTest (Delivered,&lt;MsgStatus&gt;1&lt;/MsgStatus&gt;) row 1"
                time="0.0821049"/>
      <testcase classname="Philips.CareEvent.Test.SoapInputTests"
                name="SoapMessageXmlCallbackTest (Accepted,&lt;MsgStatus&gt;16&lt;/MsgStatus&gt;) row 2"
                time="0.0389041"/>
      <testcase classname="Philips.PMP.Test.Auto.EventCatalogTreePopulatorTests"
                name="GetEventShouldFindAnEvent"
                time="0.0124705"/>
      <testcase classname="Philips.PMP.Test.Auto.NlsCatalogServiceTest"
                name="NlsCatalogAlertTextBasedOnKindAndSeverityTest"
                time="0.0114019"/>
      <testcase classname="Philips.PMP.LicenseService.Test.UnitLicenseValidatorTest"
                name="ValidateFeatureValuesMatchBed"
                time="0.0010884"/>
      <testcase classname="Philips.PMP.Test.Auto.InfoProviderTest"
                name="InfoProviderTimeHandlingTest"
                time="0.0235999"/>
      <testcase classname="Philips.PMP.Test.Auto.DefaultFeatureConfigurationTest"
                name="DefaultFeatureConfigurationVerifyDefaults"
                time="0.0136715"/>
      <testcase classname="Philips.PMP.Test.Auto.TrustedCertificateConfigHelperTest"
                name="TrustedCertificateConfigHelperDeleteNoConfirm"
                time="0.0249935"/>
      <testcase classname="Philips.PMP.Test.Auto.DbExtendedPropertyHelperTest"
                name="DbExtendedPropertyGetChangeTrackingTables (Primary,True) row 1"
                time="0.002235"/>
      <testcase classname="Philips.PMP.Test.Auto.DbExtendedPropertyHelperTest"
                name="DbExtendedPropertyGetChangeTrackingTables (Physio,False) row 2"
                time="0.0005001"/>
      <testcase classname="Philips.PMP.Test.Auto.DbExtendedPropertyHelperTest"
                name="DbExtendedPropertyGetChangeTrackingTables (Audit,False) row 3"
                time="0.0023426"/>
      <testcase classname="Philips.PMP.Test.Auto.DbExtendedPropertyHelperTest"
                name="DbExtendedPropertyGetChangeTrackingTables (Diagnostic,False) row 4"
                time="0.0029533"/>
      <testcase classname="Philips.PMP.Test.Auto.DbExtendedPropertyHelperTest"
                name="DbExtendedPropertyGetChangeTrackingTables (EventWorkflow,False) row 5"
                time="0.0006616"/>
      <testcase classname="Philips.PMP.Test.Auto.DbExtendedPropertyHelperTest"
                name="DbExtendedPropertyGetChangeTrackingTables (PatientDataExport,False) row 6"
                time="0.0005232"/>
      <testcase classname="Philips.PMP.Test.Auto.EventCategoryFiltersTreeHelperTest"
                name="UpdateInopIGSToOFFChangeParentStateToOFFNotToVarious"
                time="0.0145039"/>
      <testcase classname="Philips.PMP.Test.Auto.ApplicationMgrTest"
                name="PatientAssignmentControlTest"
                time="0.1942371"/>
      <testcase classname="Philips.PMP.Test.Auto.PatientSubscriptionMgrTest"
                name="PatientSusbcriptionMgrCanAddNewSubscriber"
                time="0.005228"/>
      <testcase classname="Philips.PMP.Test.Auto.MultiPatientViewTest"
                name="MultiPatientViewCaptionUpdatingTest (ServerName) row 1"
                time="0.0586036"/>
      <testcase classname="Philips.PMP.Test.Auto.MultiHostSubscriberTest"
                name="MultiHostSubscriberHostNamesAreCaseInsensitive"
                time="0.0027686"/>
      <testcase classname="Philips.PMP.Test.Auto.PhysioDataServiceTest"
                name="PhysioDataServiceMobilityConnectionStateTest"
                time="0.0338592"/>
      <testcase classname="Philips.PMP.Test.Auto.CiParserTest"
                name="CiParserParseUseModelInfoTest (Transport) row 1"
                time="0.0037619"/>
      <testcase classname="Philips.PMP.Test.Auto.CiParserTest"
                name="CiParserParseUseModelInfoTest (Spotcheck) row 2"
                time="0.00067"/>
      <testcase classname="Philips.CareEvent.Test.CareAssignmentControlTests"
                name="DoNotRefreshIfPendingAssignmetsIsAvaiableAssigmentCacheChanged"
                time="0.0508743"/>
      <testcase classname="Philips.PMP.Test.Auto.IheDeviceHelperTest"
                name="IheMdsIdentiferTest (BBraunDoselinkPlus,MSH|^~\&amp;|PAT_DEVICE_BBRAUN^0012211839000001^EUI-64|BBRAUN|DOC_AM_TEST|BB1|20220523142113+0000||ORU^R01^ORU_R01|63788912473382465025|P|2.6|||AL|NE||ASCII|en^English^ISO639||IHE_PCD_001^IHE PCD^1.3.6.1.4.1.19376.1.6.4.1^ISO&#xD;&#xA;&#x9;&#x9;PID|||Unknown Patient^Unknown Patient||^^^^^^U||||||||||||||||||||||||||Y&#xD;&#xA;&#x9;&#x9;OBR|1|029d53e1-daa3-11ec-8487-c0ee400d168f^PAT_DEVICE_BBRAUN^0012211839000001^EUI-64|029d53e1-daa3-11ec-8487-c0ee400d168f^PAT_DEVICE_BBRAUN^0012211839000001^EUI-64|Dobutamine^Dobutamine|||20220523142039+0000&#xD;&#xA;&#x9;&#x9;OBX|1||70053^MDC_DEV_PUMP_INFUS_SYRINGE_MDS^MDC|1.0.0.0|||||||X|||||||P2450^^0012210000000000^EUI-64&#xD;&#xA;&#x9;&#x9;OBX|2||70054^MDC_DEV_PUMP_INFUS_SYRINGE_VMD^MDC|1.1.0.0|||||||X&#xD;&#xA;&#x9;&#x9;OBX|8||70067^MDC_DEV_PUMP_DELIVERY_INFO^MDC|1.1.1.0|||||||X&#xD;&#xA;&#x9;&#x9;OBX|9|ST|0^MDC_ATTR_PUMP_PILLAR_DETAILS^MDC|1.1.0.24|0^0||||||F|||||||{uniqueId}&#xD;&#xA;&#x9;&#x9;OBX|9|CWE|184519^MDC_PUMP_INFUSING_STATUS^MDC|1.1.1.1|^pump-status-infusing||||||R&#xD;&#xA;&#x9;&#x9;OBX|10|NM|158014^MDC_FLOW_FLUID_PUMP_CURRENT^MDC|1.1.1.2|18|265266^MDC_DIM_MILLI_L_PER_HR^MDC^mL/h^mL/h^UCUM|||||R&#xD;&#xA;&#x9;&#x9;OBX|11|CWE|158016^MDC_DEV_PUMP_ACTIVE_SOURCES^MDC|1.1.1.3|^pump-source-info-primary||||||R&#xD;&#xA;&#x9;&#x9;OBX|12||70071^MDC_DEV_PUMP_INFUSATE_SOURCE_PRIMARY^MDC|1.1.2.0|||||||X&#xD;&#xA;&#x9;&#x9;OBX|13|ST|158012^MDC_DEV_PUMP_SOURCE_CHANNEL_LABEL^MDC|1.1.2.1|Primary||||||R&#xD;&#xA;&#x9;&#x9;OBX|14|ST|184514^MDC_DRUG_NAME_LABEL^MDC|1.1.2.2|Dobutamine||||||R&#xD;&#xA;&#x9;&#x9;OBX|15|ST|184516^MDC_PUMP_DRUG_LIBRARY_CARE_AREA^MDC|1.1.2.4|Global Surgery||||||R&#xD;&#xA;&#x9;&#x9;OBX|16|NM|157784^MDC_FLOW_FLUID_PUMP^MDC|1.1.2.5|18|265266^MDC_DIM_MILLI_L_PER_HR^MDC^mL/h^mL/h^UCUM|||||R&#xD;&#xA;&#x9;&#x9;OBX|17|NM|157760^MDC_CONC_DRUG^MDC|1.1.2.7|5|264306^MDC_DIM_MILLI_G_PER_ML^MDC^mg/mL^mg/mL^UCUM|||||R&#xD;&#xA;&#x9;&#x9;OBX|18|NM|157884^MDC_VOL_FLUID_TBI^MDC|1.1.2.8|2|263762^MDC_DIM_MILLI_L^MDC^mL^mL^UCUM|||||R&#xD;&#xA;&#x9;&#x9;OBX|19|NM|157872^MDC_VOL_FLUID_TBI_REMAIN^MDC|1.1.2.9|0.9|263762^MDC_DIM_MILLI_L^MDC^mL^mL^UCUM|||||R&#xD;&#xA;&#x9;&#x9;OBX|20|NM|157993^MDC_VOL_FLUID_DELIV_TOTAL^MDC|1.1.2.11|1.1|263762^MDC_DIM_MILLI_L^MDC^mL^mL^UCUM|||||R&#xD;&#xA;&#x9;&#x9;OBX|21|NM|157999^MDC_DOSE_DRUG_TBI^MDC|1.1.2.12|10000|263891^MDC_DIM_MICRO_G^MDC^ug^ug^UCUM|||||R&#xD;&#xA;&#x9;&#x9;OBX|22|NM|158000^MDC_DOSE_DRUG_TBI_REMAIN^MDC|1.1.2.13|4480|263891^MDC_DIM_MICRO_G^MDC^ug^ug^UCUM|||||R&#xD;&#xA;&#x9;&#x9;OBX|23|NM|158001^MDC_DOSE_DRUG_DELIV_TOTAL^MDC|1.1.2.15|5520|263891^MDC_DIM_MICRO_G^MDC^ug^ug^UCUM|||||R&#xD;&#xA;&#x9;&#x9;OBX|24|NM|157996^MDC_TIME_PD_PROG^MDC|1.1.2.16|400|264320^MDC_DIM_X_SEC^MDC^s^s^UCUM|||||R&#xD;&#xA;&#x9;&#x9;OBX|25|NM|157916^MDC_TIME_PD_REMAIN^MDC|1.1.2.17|179|264320^MDC_DIM_X_SEC^MDC^s^s^UCUM|||||R&#xD;&#xA;&#x9;&#x9;OBX|26|NM|68063^MDC_ATTR_PT_WEIGHT^MDC|1.1.2.18|100|263875^MDC_DIM_KILO_G^MDC^kg^kg^UCUM|||||R&#xD;&#xA;&#x9;&#x9;OBX|27|CWE|158008^MDC_DEV_PUMP_PROGRAM_DELIVERY_MODE^MDC|1.1.2.21|^pump-program-delivery-mode-continuous||||||R&#xD;&#xA;&#x9;&#x9;OBX|28|CWE|158005^MDC_DEV_PUMP_CURRENT_DELIVERY_STATUS^MDC|1.1.2.22|^pump-delivery-status-delivering||||||R&#xD;&#xA;&#x9;&#x9;OBX|29||70091^MDC_DEV_PUMP_SYRINGE_INFO^MDC|1.1.6.0|||||||X&#xD;&#xA;&#x9;&#x9;OBX|30|NM|157880^MDC_VOL_SYRINGE^MDC|1.1.6.1|50|263762^MDC_DIM_MILLI_L^MDC^mL^mL^UCUM|||||R&#xD;&#xA;&#x9;&#x9;OBX|31|NM|157984^MDC_VOL_SYRINGE_ACTUAL^MDC|1.1.6.2|30.95|263762^MDC_DIM_MILLI_L^MDC^mL^mL^UCUM|||||R&#xD;&#xA;&#x9;&#x9;OBX|32|ST|184488^MDC_SYRINGE_MANUFACTURER^MDC|1.1.6.3|B.Braun OPS 50 mL||||||R,P2450^^0012210000000000^EUI-64) row 1"
                time="0.0073488"/>
      <testcase classname="Philips.PMP.Test.Auto.IheDeviceHelperTest"
                name="IheMdsIdentiferTest (CapsuleMDIP,MSH|^~\&amp;|||||20220720013516.038-0400||ORU^R01^ORU_R01|HP0720013516.038PHMXL02238QJ322|P|2.6|||AL|NE||8859/1|EN^English^ISO639||IHE_PCD_001^IHE PCD^1.3.6.1.4.1.19376.1.6.1.1.1^ISO|&#xD;&#xA;&#x9;&#x9;PID|1||&#34;^^^Philips^MR||&#34;^&#34;^&#34;^^^^L||20050415000000.000+0200|F|||||||FRENCH|||PID18|&#xD;&#xA;&#x9;&#x9;PV1|2|I|{uniqueId}|1|&#xD;&#xA;&#x9;&#x9;OBR|||0009fbFFFF07f06a^^^EUI-64|69669^MDC_DEV_ANALY_CARD_OUTPUT_MDS^MDC|||20220720013513.935-0400|||ABC-123|||ABC-123|||||||| BaxterIFMout_5.3.5_EV1000_Baxter_XYZ456&#xD;&#xA;&#x9;&#x9;OBX|4||69669^NOM_DEV_ANALY_CARD_OUTPUT_MDS^MDC|1.0.0.0|||||||X|||||||718cbcf4-c374-4c31-9041-6cbd3c46aeaf-Edwards EV1000&#xD;&#xA;&#x9;&#x9;OBX|5||69670^NOM_DEV_ANALY_CARD_OUTPUT_VMD^MDC|1.1.0.0|||||||X|||||||&#xD;&#xA;&#x9;&#x9;OBX|6||69671^MDC_NOM_DEV_ANALY_CARD_OUTPUT_CHAN^MDC|1.1.1.0|||||||X|&#xD;&#xA;&#x9;&#x9;OBX|7|CWE|12345678^UNKNOWN^UNKNOWN^^^^^^tMode|1.1.1.41|1076259847^NLS_DRV_ED711_ENUM_VV_SENSOR^MDC^^^^^^VolView||||||R|||20180622133129.224+0200|&#xD;&#xA;&#x9;&#x9;OBX|8|CWE|67303669^NOM_SETT_MODE_MSMT^MDC^^^^^^sMode|1.1.1.41|1076259847^NLS_DRV_ED711_ENUM_VV_SENSOR^MDC^^^^^^VolView||||||R||SETTING|20180622133304.394+0200|||||&#xD;&#xA;&#x9;&#x9;OBX|9|CWE|67305467^NOM_SETT_MODE_MSMT^MDC^^^^^^testLabelEnum|1.1.1.41|1076259847^NLS_DRV_ED711_ENUM_VV_SENSOR^MDC^^^^^^VolView||||||R|||20180622133129.224+0200|&#xD;&#xA;&#x9;&#x9;OBX|10|CWE|67305468^NOM_NEW^MDC^^^^^^sMode|1.1.1.41|1076259847^NLS_DRV_ED711_ENUM_VV_SENSOR^CAPSULE^^^^^^VolView||||||R|||20180622133129.224+0200|&#xD;&#xA;&#x9;&#x9;OBX|11|CWE|67305469^NOM_NEW^MDC^^^^^^sMode|1.1.1.41|1076297727^UNKNOWN^UNKNOWN^^^^^^VolView||||||R|||20180622133129.224+0200|&#xD;&#xA;&#x9;&#x9;OBX|12|ST|67293194^NOM_SETT_DRUG_NAME_TYPE^MDC|1.4.1.5|RandomDrug||||||R||&#xD;&#xA;&#x9;&#x9;OBX|13|NM|67305466^NOM_NEW^MDC^^^^^^testLabelNum|1.1.1.41|100|262656^MDC_DIM_DIMLESS^MDC|||||R|||20180622133129.224+0200|&#xD;&#xA;&#x9;&#x9;OBX|14|NM|67305465^NOM_NEW^UNKNOWN^^^^^^testLabelNum2|1.1.1.41|100|262656^MDC_DIM_DIMLESS^MDC|||||R|||20180622133129.224+0200|&#xD;&#xA;&#x9;&#x9;OBX|15|NM|67305464^NOM_NEW^MDC^^^^^^testLabelNum3|1.1.1.41|100|262656^MDC_DIM_DIMLESS^MDC|||||R|||20180622133129.224+0200|&#xD;&#xA;&#x9;&#x9;OBX|16|NM|67305463^NOM_NEW^MDC^^^^^^testLabelNum4|1.1.1.41|100|262656^MDC_DIM_DIMLESS^UNKNOWN|||||R|||20180622133129.224+0200|&#xD;&#xA;&#x9;&#x9;OBX|17|NM|67305462^NOM_NEW^MDC^^^^^^testLabelNum5|1.1.1.41|100.0|327679^MDC_DIM_DIMLESS^MDIL^^^^^^NewUnit|||||R|||20180622133129.224+0200|&#xD;&#xA;&#x9;&#x9;OBX|18|NM|67305461^NOM_NEW^MDC^^^^^^testLabelNum6|1.1.1.41|100.00|327679^MDC_DIM_DIMLESS^MDIL^^^^^^NewUnit|||||R||APERIODIC|20180622133129.224+0200|&#xD;&#xA;&#x9;&#x9;OBX|19|CE|67305460^NOM_NEW^MDC^^^^^^testLabelNum7|1.1.1.41|100.00|327679^MDC_DIM_DIMLESS^MDIL^^^^^^NewUnit|||||R|||20180622133129.224+0200|&#xD;&#xA;&#x9;&#x9;OBX|20|NM|NAN^NOM_NEW^MDC^^^^^^testLabelNum8|1.1.1.41|100.00|327679^MDC_DIM_DIMLESS^MDIL^^^^^^NewUnit|||||R|||20180622133129.224+0200|&#xD;&#xA;&#x9;&#x9;OBX|21|CWE|67305468^NOM_NEW^MDC^^^^^^sMode|1.1.1.41|NAN^NLS_DRV_ED711_ENUM_VV_SENSOR^CAPSULE^^^^^^VolView||||||R|||20180622133129.224+0200|&#xD;&#xA;&#x9;&#x9;OBX|22|CWE|67305459^NOM_NEW^MDC^^^^^^testLabelNum9|1.1.1.41|1076297727^NEW_PARAM^MDIL^^^^^^NewEnum||||||R|||20180622133129.224+0200|&#xD;&#xA;&#x9;&#x9;OBX|23|CWE|67305458^NOM_NEW^MDC^^^^^^testLabelNum10|1.1.1.41|NAN^NEW_PARAM^MDIL^^^^^^NewEnum2||||||R|||20180622133129.224+0200|&#xD;&#xA;&#x9;&#x9;OBX|24|CWE|67305458^NOM_NEW^MDC^^^^^^testLabelNum11|1.1.1.41|1076297727^NEW_PARAM^MDIL^^^^^^機器情報||||||R|||20180622133129.224+0200|, BaxterIFMout_5.3.5_EV1000_Baxter_XYZ456718cbcf4-c374-4c31-9041-6cbd3c46aeaf-Edwards EV1000) row 2"
                time="0.0037032"/>
      <testcase classname="Philips.PMP.Test.Auto.IheDeviceHelperTest"
                name="IheMdsIdentiferTest (BDAIC,MSH|^~\&amp;|CONNECT|UMS|||20220614062102+0200||ORU^R01^ORU_R01|PCD-01_20220614042102219811|P|2.6|||AL|NE|||EN^English^ISO639||IHE_PCD_001^IHE PCD^1.3.6.1.4.1.19376.1.6.1.1.1^ISO&#xD;&#xA;&#x9;&#x9;PID|||Bed3^^^AIC^U||Bed3^^^^^^U&#xD;&#xA;&#x9;&#x9;PV1|2|I|{uniqueId}|1|&#xD;&#xA;&#x9;&#x9;OBR|1|ICU@Bed3@Alaris PK@8005-05758^AIC^ascom.com^DNS|ICU@Bed3@Alaris PK@8005-05758^AIC^ascom.com^DNS|ICU@Bed3@Alaris PK@8005-05758^Alfentanil|||20220614062100.108+0200&#xD;&#xA;&#x9;&#x9;OBX|1||69985^MDC_DEV_PUMP_INFUS_MDS^MDC|1.0.0.0|||||||X|||||||Alaris PK@8005-05758@1^AIC^ascom.com^DNS&#xD;&#xA;&#x9;&#x9;OBX|2||69986^MDC_DEV_PUMP_INFUS_VMD^MDC|1.1.0.0|||||||X&#xD;&#xA;&#x9;&#x9;OBX|4||126978^MDC_DEV_PUMP_INFUS_CHAN_DELIVERY^MDC|1.1.1.0|||||||X&#xD;&#xA;&#x9;&#x9;OBX|3|CWE|188772^MDC_COMM_STATUS^MDC|1.1.0.1|^comm-status-online^MDC||||||X&#xD;&#xA;&#x9;&#x9;OBX|5|CWE|184504^MDC_PUMP_MODE^MDC|1.1.1.11|^pump-mode-continuous^MDC||||||R&#xD;&#xA;&#x9;&#x9;OBX|6|CWE|184519^MDC_PUMP_INFUSING_STATUS^MDC|1.1.1.12|^pump-status-infusing^MDC||||||R&#xD;&#xA;&#x9;&#x9;OBX|7|NM|157784^MDC_FLOW_FLUID_PUMP^MDC|1.1.1.13|7.23|mL/h^mL/h^UCUM|||||R&#xD;&#xA;&#x9;&#x9;OBX|8|NM|157993^MDC_VOL_FLUID_DELIV_TOTAL^MDC|1.1.1.14|7.793|mL^mL^UCUM|||||R&#xD;&#xA;&#x9;&#x9;OBX|9|NM|0^MDCX_PUMP_PK_PC^MDC|1.1.1.16|19.9944|ng/mL^ng/mL^UCUM|||||R&#xD;&#xA;&#x9;&#x9;OBX|10|NM|0^MDCX_PUMP_PK_EC^MDC|1.1.1.17|19.9987|ng/mL^ng/mL^UCUM|||||R&#xD;&#xA;&#x9;&#x9;OBX|11|CWE|0^MDC_DEV_PUMP_ACTIVE_SOURCES^MDC|1.1.1.18|^pump-source-info-primary^MDC||||||R&#xD;&#xA;&#x9;&#x9;OBX|12||126977^MDC_DEV_PUMP_INFUS_CHAN_SOURCE^MDC|1.1.2.0|||||||X&#xD;&#xA;&#x9;&#x9;OBX|13|ST|184514^MDC_DRUG_NAME_LABEL^MDC|1.1.2.11|Alfentanil||||||R&#xD;&#xA;&#x9;&#x9;OBX|14|NM|157760^MDC_CONC_DRUG^MDC|1.1.2.12|100.00|mcg/mL^mcg/mL^UCUM|||||R&#xD;&#xA;&#x9;&#x9;OBX|15|NM|157784^MDC_FLOW_FLUID_PUMP^MDC|1.1.2.13|7.23|mL/h^mL/h^UCUM|||||R&#xD;&#xA;&#x9;&#x9;OBX|16|NM|157924^MDC_RATE_DOSE^MDC|1.1.2.14|0.17|mcg/kg/min^mcg/kg/min^UCUM|||||R&#xD;&#xA;&#x9;&#x9;OBX|17|NM|157864^MDC_VOL_FLUID_DELIV^MDC|1.1.2.15|0.010|mL^mL^UCUM|||||R&#xD;&#xA;&#x9;&#x9;OBX|18|NM|157993^MDC_VOL_FLUID_DELIV_TOTAL^MDC|1.1.2.16|7.793|mL^mL^UCUM|||||R&#xD;&#xA;&#x9;&#x9;OBX|19|NM|157872^MDC_VOL_FLUID_TBI_REMAIN^MDC|1.1.2.17||mL^mL^UCUM|||||X&#xD;&#xA;&#x9;&#x9;OBX|20|NM|157916^MDC_TIME_PD_REMAIN^MDC|1.1.2.18|314|min^min^UCUM|||||R&#xD;&#xA;&#x9;&#x9;OBX|21|NM|68063^MDC_ATTR_PT_WEIGHT^MDC|1.1.2.19|70.00|kg^kg^UCUM|||||R&#xD;&#xA;&#x9;&#x9;OBX|22|ST|0^MDCX_PUMP_PK_DRUGMODEL^MDC|1.1.2.21|Alfentanil_Maitre||||||R&#xD;&#xA;&#x9;&#x9;OBX|23|ST|0^MDCX_PUMP_PK_TARGETMODE^MDC|1.1.2.22|P||||||R&#xD;&#xA;&#x9;&#x9;OBX|24|NM|0^MDCX_PUMP_PK_TARGET^MDC|1.1.2.23|20.0000|ng/mL^ng/mL^UCUM|||||R&#xD;&#xA;&#x9;&#x9;OBX|25|ST|70055^MDC_DEV_PUMP_INFUS_SYRINGE_CHAN^MDC|1.1.4.0|||||||X&#xD;&#xA;&#x9;&#x9;OBX|26|ST|184488^MDC_SYRINGE_MANUFACTURER^MDC|1.1.4.10|IVAC||||||R&#xD;&#xA;&#x9;&#x9;OBX|27|NM|157880^MDC_VOL_SYRINGE^MDC|1.1.4.11|50|mL^mL^UCUM|||||R,Alaris PK@8005-05758@1^AIC^ascom.com^DNS) row 3"
                time="0.0042071"/>
      <testcase classname="Philips.PMP.Test.Auto.LocalizationTests"
                name="CultureValidateTest (cs-CZ,cs-CZ,cs-CZ,True,) row 1"
                time="0.0250309"/>
      <testcase classname="Philips.PMP.Test.Auto.LocalizationTests"
                name="CultureValidateTest (af-ZA,cs-CZ,cs-CZ,False,Invalid Service Culture) row 2"
                time="0.0084035"/>
      <testcase classname="Philips.PMP.Test.Auto.LocalizationTests"
                name="CultureValidateTest (cs-CZ,af-ZA,cs-CZ,False,Invalid Clinical Culture) row 3"
                time="0.0079681"/>
      <testcase classname="Philips.PMP.Test.Auto.LocalizationTests"
                name="CultureValidateTest (cs-CZ,cs-CZ,en,False,Invalid Regional Settings) row 4"
                time="0.0083465"/>
      <testcase classname="Philips.CareEvent.Test.EventCommunicationProviderTests"
                name="EventCommunicationSettingTests"
                time="0.1215896"/>
      <testcase classname="Philips.PMP.LicenseService.Test.LicenseHostValidatorTest"
                name="LicenseValidatorValidatePhysioNonDeveloperNetworked64PatientConnections"
                time="0.0012318"/>
      <testcase classname="Philips.PMP.Test.Auto.IheDeviceTest"
                name="IHEDeviceNoDataAlarmTest"
                time="0.0074726"/>
      <testcase classname="Philips.PMP.Test.Auto.ProductInitializationHelperTest"
                name="ProductInitializeShouldNotInitializeCatalogByDefault"
                time="0.1786538"/>
      <testcase classname="Philips.PIC.DeviceUserManagement.Test.DeviceUserManagementRequestProcessorTest"
                name="DeviceUserManagementRequestProcessorValidateUser (jomama,Unknown,None,,AuthenticationFailed) row 1"
                time="0.0073731"/>
      <testcase classname="Philips.PIC.DeviceUserManagement.Test.DeviceUserManagementRequestProcessorTest"
                name="DeviceUserManagementRequestProcessorValidateUser (jomama,LocalDirectory,None,,AuthenticationFailed) row 2"
                time="0.0050149"/>
      <testcase classname="Philips.PIC.DeviceUserManagement.Test.DeviceUserManagementRequestProcessorTest"
                name="DeviceUserManagementRequestProcessorValidateUser (jomama,ActiveDirectory,Pin,,AuthenticationFailed) row 3"
                time="0.0046147"/>
      <testcase classname="Philips.PIC.DeviceUserManagement.Test.DeviceUserManagementRequestProcessorTest"
                name="DeviceUserManagementRequestProcessorValidateUser (jomama,ActiveDirectory,Pin,1234,AuthenticationFailed) row 4"
                time="0.0050243"/>
      <testcase classname="Philips.PIC.DeviceUserManagement.Test.DeviceUserManagementRequestProcessorTest"
                name="DeviceUserManagementRequestProcessorValidateUser (jomama,ActiveDirectory,Password,,AuthenticationFailed) row 5"
                time="0.00352"/>
      <testcase classname="Philips.PIC.DeviceUserManagement.Test.DeviceUserManagementRequestProcessorTest"
                name="DeviceUserManagementRequestProcessorValidateUser (jomama,ActiveDirectory,Password,password,AuthenticationSucceeded) row 6"
                time="0.0137149"/>
      <testcase classname="Philips.PMP.Test.Auto.WatchdogHelperTest"
                name="ProcessCommandsWithAlerts"
                time="0.0026101"/>
      <testcase classname="Philips.PMP.Test.Auto.AlertNotificationThreadQueueTest"
                name="ThreadQueueRunsHighPriorityItemsFirst"
                time="0.0157638"/>
      <testcase classname="Philips.PMP.Test.Auto.AutoAdtConfigControlHelperTest"
                name="GetAutoAdtTransferConfirmationValuesTest"
                time="0.015943"/>
      <testcase classname="Philips.CareEvent.Test.MobileCarrierProviderTests"
                name="GetStoreAndDeleteTest"
                time="0.0455673"/>
      <testcase classname="Philips.PMP.Test.Auto.FurtherAuthenticationEntryControlTest"
                name="FurtherAuthenticationEntryControlPrompt (Pin) row 1"
                time="0.0244856"/>
      <testcase classname="Philips.PMP.Test.Auto.FurtherAuthenticationEntryControlTest"
                name="FurtherAuthenticationEntryControlPrompt (Password) row 2"
                time="0.0261405"/>
      <testcase classname="Philips.PMP.Test.Auto.MobileDataConverterTest"
                name="MobileDataConverterSourceDeviceExportLogsAsExpected"
                time="0.0390325"/>
      <testcase classname="Philips.PMP.Test.Auto.BedToBedOverviewWavePriorityProviderTest"
                name="StoreAndGetWavePriorityForUnit"
                time="0.0076403"/>
      <testcase classname="Philips.PMP.Test.Auto.InstitutionTreeControlTest"
                name="ReplaceFakeBedTest"
                time="0.3408009"/>
      <testcase classname="Philips.PMP.Test.Auto.UriDeviceProviderTest"
                name="UriDeviceTypesTest (Ppis) row 1"
                time="0.0108178"/>
      <testcase classname="Philips.PMP.Test.Auto.UriDeviceProviderTest"
                name="UriDeviceTypesTest (Lab) row 2"
                time="0.0127607"/>
      <testcase classname="Philips.PMP.Test.Auto.UriDeviceProviderTest"
                name="UriDeviceTypesTest (Order) row 3"
                time="0.0096586"/>
      <testcase classname="Philips.PMP.Test.Auto.UriDeviceProviderTest"
                name="UriDeviceTypesTest (IBE) row 4"
                time="0.0100354"/>
      <testcase classname="Philips.PMP.Test.Auto.UriDeviceProviderTest"
                name="UriDeviceTypesTest (Apm) row 5"
                time="0.0124435"/>
      <testcase classname="Philips.PMP.Test.Auto.UriDeviceProviderTest"
                name="UriDeviceTypesTest (Acpmp) row 6"
                time="0.0110947"/>
      <testcase classname="Philips.PMP.Test.Auto.DataTileHelperTest"
                name="DataTileHelperGetEventRectangleTest"
                time="0.0071965"/>
      <testcase classname="Philips.PMP.Test.Auto.NlsCatalogServiceTest"
                name="NlsCatalogVerifyFallbackWorks"
                time="0.0538024"/>
      <testcase classname="Philips.PMP.Test.Auto.FeatureAssignmentConfigEditControlTest"
                name="HostLicenseOptionsCopySupportedTest (True) row 1"
                time="0.2259991"/>
      <testcase classname="Philips.PMP.Test.Auto.FeatureAssignmentConfigEditControlTest"
                name="HostLicenseOptionsCopySupportedTest (False) row 2"
                time="0.0328949"/>
      <testcase classname="Philips.PMP.Test.Auto.InfoProviderTest"
                name="InfoProviderGetPrettyTimesTest"
                time="0.0082211"/>
      <testcase classname="Philips.PMP.Test.Auto.MobileBedSubscriberTest"
                name="MobileBedSubscriberSendsConsumerConfigNotifications (0,1) row 1"
                time="0.0207791"/>
      <testcase classname="Philips.PMP.Test.Auto.MobileBedSubscriberTest"
                name="MobileBedSubscriberSendsConsumerConfigNotifications (1,0) row 2"
                time="0.0124837"/>
      <testcase classname="Philips.PMP.Test.Auto.PatientFieldsControlTest"
                name="PatientFieldsControlPopulateSettings"
                time="0.0143284"/>
      <testcase classname="Philips.PMP.Test.Auto.EventCategoryFilterProviderTest"
                name="GetPatientSettingsShouldReturnAfterUnitSettingsIsResetToFactoryDefaults"
                time="0.3778779"/>
      <testcase classname="Philips.PMP.Test.Auto.AlertNotificationThreadQueueTest"
                name="ThreadQueueDoesntEnqueueAfterStop"
                time="0.0055048"/>
      <testcase classname="Philips.PMP.Test.Auto.EntityLicenseExtensionsTest"
                name="EntityLicenseExtensionsIsOverview"
                time="0.0007309"/>
      <testcase classname="Philips.PMP.Test.Auto.EventCatalogProviderTest"
                name="GetAssignedDisplayedEventsShouldReturnExactlyOneHiddenEventInstance"
                time="0.1996274"/>
      <testcase classname="Philips.PMP.Test.Auto.EventLogGraphicsResetAnalyzerTest"
                name="CheckHeartbeatTest"
                time="0.0093566"/>
      <testcase classname="Philips.PMP.Test.Auto.TrendUploadDvcTest"
                name="FifoImplementationKeepsLargerDvcsTest"
                time="0.0010697"/>
      <testcase classname="Philips.CareEvent.Test.WorkstationTest"
                name="WorkstationShouldNotPerformDbRecoveryAndThrowException"
                time="0.001828"/>
      <testcase classname="Philips.PMP.Test.Auto.PhysioDataStorageQueuesTest"
                name="QueuesAddPhysioDataNotExceedCapacity"
                time="0.000557"/>
      <testcase classname="Philips.PMP.Test.Auto.UnitsOfMeasureTest"
                name="UnitsOfMeasureEqualsTest (Unknown,Unknown,Unknown,Unknown,False) row 1"
                time="0.00104"/>
      <testcase classname="Philips.PMP.Test.Auto.UnitsOfMeasureTest"
                name="UnitsOfMeasureEqualsTest (Centimeters,Unknown,Unknown,Unknown,True) row 2"
                time="0.0004766"/>
      <testcase classname="Philips.PMP.Test.Auto.UnitsOfMeasureTest"
                name="UnitsOfMeasureEqualsTest (Inches,Unknown,Unknown,Unknown,True) row 3"
                time="0.0004066"/>
      <testcase classname="Philips.PMP.Test.Auto.UnitsOfMeasureTest"
                name="UnitsOfMeasureEqualsTest (Unknown,Pounds,Unknown,Unknown,True) row 4"
                time="0.0004373"/>
      <testcase classname="Philips.PMP.Test.Auto.UnitsOfMeasureTest"
                name="UnitsOfMeasureEqualsTest (Unknown,Kilograms,Unknown,Unknown,True) row 5"
                time="0.0004271"/>
      <testcase classname="Philips.PMP.Test.Auto.UnitsOfMeasureTest"
                name="UnitsOfMeasureEqualsTest (Unknown,Grams,Unknown,Unknown,True) row 6"
                time="0.0004017"/>
      <testcase classname="Philips.PMP.Test.Auto.UnitsOfMeasureTest"
                name="UnitsOfMeasureEqualsTest (Unknown,Pounds,KiloPascal,Unknown,True) row 7"
                time="0.0003982"/>
      <testcase classname="Philips.PMP.Test.Auto.UnitsOfMeasureTest"
                name="UnitsOfMeasureEqualsTest (Unknown,Pounds,MillimeterOfMercury,Unknown,True) row 8"
                time="0.0003937"/>
      <testcase classname="Philips.PMP.Test.Auto.UnitsOfMeasureTest"
                name="UnitsOfMeasureEqualsTest (Unknown,Pounds,Unknown,Boyd,True) row 9"
                time="0.0003926"/>
      <testcase classname="Philips.PMP.Test.Auto.UnitsOfMeasureTest"
                name="UnitsOfMeasureEqualsTest (Unknown,Pounds,Unknown,Dubois,True) row 10"
                time="0.0004591"/>
      <testcase classname="Philips.PMP.Test.Auto.UnitsOfMeasureTest"
                name="UnitsOfMeasureEqualsTest (Centimeters,Pounds,KiloPascal,Dubois,True) row 11"
                time="0.0004835"/>
      <testcase classname="Philips.PMP.Test.Auto.UnitsOfMeasureTest"
                name="UnitsOfMeasureEqualsTest (Inches,Kilograms,MillimeterOfMercury,Boyd,True) row 12"
                time="0.0007067"/>
      <testcase classname="Philips.PMP.Test.Auto.PatientDateTimeHelperTest"
                name="PatientGetDobMaxDate"
                time="0.0020732"/>
      <testcase classname="Philips.PMP.Test.Auto.IntelliBridgeProviderTest"
                name="IntelliBridgeProviderGetAllParameterConversionTest"
                time="0.0067336"/>
      <testcase classname="Philips.PMP.Test.Auto.DeviceToBedAssignmentControlTest"
                name="OnSelectedUnitChangedTest"
                time="0.0314187"/>
      <testcase classname="Philips.PMP.Test.Auto.SystemPerformanceTest"
                name="StoreCounterValues"
                time="0.7886135"/>
      <testcase classname="Philips.PMP.Test.Auto.UnitPermissionsControlHelperTest"
                name="UnitPermissionsControlHelperCopySettings"
                time="0.0117904"/>
      <testcase classname="Philips.PMP.Test.Auto.MdilCodeParserTest"
                name="TryDeterminMdilCodeTest (a00024182,Mdil,True,False,False,False,0) row 1"
                time="0.0169963"/>
      <testcase classname="Philips.PMP.Test.Auto.MdilCodeParserTest"
                name="TryDeterminMdilCodeTest (0002-4182,Mdil,True,False,True,False,147842) row 2"
                time="0.0020468"/>
      <testcase classname="Philips.PMP.Test.Auto.MdilCodeParserTest"
                name="TryDeterminMdilCodeTest (0004-0AA0,Mdil,True,False,False,False,264864) row 3"
                time="0.0006722"/>
      <testcase classname="Philips.PMP.Test.Auto.MdilCodeParserTest"
                name="TryDeterminMdilCodeTest (0002-4182,MDC,True,False,False,True,0) row 4"
                time="0.012918"/>
      <testcase classname="Philips.PMP.Test.Auto.MdilCodeParserTest"
                name="TryDeterminMdilCodeTest (0004-0AA0,Mdil,True,True,True,False,264864) row 5"
                time="0.0018484"/>
      <testcase classname="Philips.PMP.Test.Auto.MdilCodeParserTest"
                name="TryDeterminMdilCodeTest (0002-4182,Mdil,True,True,False,False,147842) row 6"
                time="0.0010181"/>
      <testcase classname="Philips.PMP.Test.Auto.MdilCodeParserTest"
                name="TryDeterminMdilCodeTest (0004-0AA0,Mdil,False,True,False,True,0) row 7"
                time="0.0095543"/>
      <testcase classname="Philips.PMP.Test.Auto.MdilCodeParserTest"
                name="TryDeterminMdilCodeTest (0002-4182,Mdil,False,False,False,True,0) row 8"
                time="0.0031624"/>
      <testcase classname="Philips.PMP.Test.Auto.AlarisAGWDriverTest"
                name="AlarisGatewayWorkstationDriverTest"
                time="0.1218665"/>
      <testcase classname="Philips.PMP.Test.Auto.ApplicationWindowControlTest"
                name="UpdateDishargedPatientNameLabelSingleInstitutionTest"
                time="0.3058712"/>
      <testcase classname="Philips.PMP.Test.Auto.SurveillanceHelperTest"
                name="EnumerationRhythmStatusShowsUpFirstTimeTest"
                time="0.0017702"/>
      <testcase classname="Philips.PMP.Test.Auto.PatientDataExportFileTest"
                name="PdxInfoFileHasExpectedName"
                time="0.1186738"/>
      <testcase classname="Philips.PMP.Test.Auto.AlertProviderTest"
                name="AlertProviderGetAlertListDataTest"
                time="0.3920445"/>
      <testcase classname="Philips.PMP.Test.Auto.StarHelperTest"
                name="GetNormalizationInvalidWave"
                time="0.0014852"/>
      <testcase classname="Philips.PMP.Test.Auto.ArcomedStateMachineTest"
                name="StateVersionSendTest"
                time="0.035017"/>
      <testcase classname="Philips.PMP.Test.Auto.ProxyTest"
                name="MultiConnectedProxyMgrDoesntKeepConnectedProxyMgrReferenceAfterRemoval"
                time="0.6064473"/>
      <testcase classname="Philips.PMP.Test.Auto.FeatureProviderTest"
                name="FeatureProviderCanDetermineDefaultFeaturesByFilterType"
                time="0.001669"/>
      <testcase classname="Philips.PMP.Test.Auto.WebHostHelperTest"
                name="TryGetPatientByPatientIdUrlParameter"
                time="0.0113547"/>
      <testcase classname="Philips.PMP.Test.Auto.GatewayServiceMonitorTest"
                name="SystemStatusServiceMgrCheckGatewayIsThrottled"
                time="0.00517"/>
      <testcase classname="Philips.PMP.Test.Auto.TrendUploadDvcTest"
                name="DvcCollectionAllowsReceivedButNotStoredDvcsTest"
                time="0.0171771"/>
      <testcase classname="Philips.PMP.Test.Auto.TokenSecretCacheTest"
                name="SecretIsCached (True,1) row 1"
                time="0.0981493"/>
      <testcase classname="Philips.PMP.Test.Auto.TokenSecretCacheTest"
                name="SecretIsCached (False,2) row 2"
                time="0.0134976"/>
      <testcase classname="Philips.PMP.Test.Auto.EventCategoryFilterProviderTest"
                name="GetUnitEventCategoryFilter"
                time="0.09391"/>
      <testcase classname="Philips.PMP.Test.Auto.BedToBedOverviewWavePriorityProviderTest"
                name="WrongWaveCountInListDoesNotStoreToDb"
                time="0.0025571"/>
      <testcase classname="Philips.PIC.WebBridge.Test.MobilePhysioDataRetrievalMgrTest"
                name="WillGetPhysioDataForTimeSequenceTest"
                time="0.0043441"/>
      <testcase classname="Philips.PMP.Test.Auto.TrendUploadValueProcessorTest"
                name="CheckMetricCategoryIsSetCorrectly"
                time="0.001105"/>
      <testcase classname="Philips.PMP.Test.Auto.PpisMgrTest"
                name="PpisMgrIsFacilityIdMatchTest (True,False,False,False,,False) row 1"
                time="0.000575"/>
      <testcase classname="Philips.PMP.Test.Auto.PpisMgrTest"
                name="PpisMgrIsFacilityIdMatchTest (False,False,False,False,random,True) row 2"
                time="0.000473"/>
      <testcase classname="Philips.PMP.Test.Auto.PpisMgrTest"
                name="PpisMgrIsFacilityIdMatchTest (False,False,True,False,random,False) row 3"
                time="0.0004002"/>
      <testcase classname="Philips.PMP.Test.Auto.PpisMgrTest"
                name="PpisMgrIsFacilityIdMatchTest (False,False,False,True,random,True) row 4"
                time="0.0006108"/>
      <testcase classname="Philips.PMP.Test.Auto.PpisMgrTest"
                name="PpisMgrIsFacilityIdMatchTest (False,True,True,False,random,False) row 5"
                time="0.0004028"/>
      <testcase classname="Philips.PMP.Test.Auto.PpisMgrTest"
                name="PpisMgrIsFacilityIdMatchTest (False,True,True,True,random,False) row 6"
                time="0.0012888"/>
      <testcase classname="Philips.PMP.Test.Auto.PpisMgrTest"
                name="PpisMgrIsFacilityIdMatchTest (False,True,True,False,_myInstitution,True) row 7"
                time="0.0004224"/>
      <testcase classname="Philips.PMP.Test.Auto.PpisMgrTest"
                name="PpisMgrIsFacilityIdMatchTest (False,True,True,True,_myInstitution,True) row 8"
                time="0.000865"/>
      <testcase classname="Philips.PMP.Test.Auto.StitchTest"
                name="StitchRetrospectiveDataTest"
                time="0.0059011"/>
      <testcase classname="Philips.PMP.Test.Auto.PhysioDataXmlHelperTest"
                name="PhysioDataXmlHelperExtendedLimitRange (AutoLimitSup, HighLimitSup, LowLimitSup,25600) row 1"
                time="0.0016927"/>
      <testcase classname="Philips.PMP.Test.Auto.PhysioDataXmlHelperTest"
                name="PhysioDataXmlHelperExtendedLimitRange (0,0) row 2"
                time="0.0008406"/>
      <testcase classname="Philips.PMP.Test.Auto.PhysioDataXmlHelperTest"
                name="PhysioDataXmlHelperExtendedLimitRange (LimOnOffSup,32) row 3"
                time="0.0003588"/>
      <testcase classname="Philips.PMP.Test.Auto.PhysioDataXmlHelperTest"
                name="PhysioDataXmlHelperExtendedLimitRange (LimOnOffSup, HighLimOnOffSup, LowLimOnOffSup, AutoLimitSup, HighLimitSup, LowLimitSup,25824) row 4"
                time="0.0003082"/>
      <testcase classname="Philips.PMP.Test.Auto.SystemControlHandlerTest"
                name="SystemControlHandlerIsRequestToCloseWindowTest (False,False,False,False,False) row 1"
                time="0.0233775"/>
      <testcase classname="Philips.PMP.Test.Auto.SystemControlHandlerTest"
                name="SystemControlHandlerIsRequestToCloseWindowTest (True,False,False,False,False) row 2"
                time="0.0205235"/>
      <testcase classname="Philips.PMP.Test.Auto.SystemControlHandlerTest"
                name="SystemControlHandlerIsRequestToCloseWindowTest (True,True,False,False,False) row 3"
                time="0.0009599"/>
      <testcase classname="Philips.PMP.Test.Auto.SystemControlHandlerTest"
                name="SystemControlHandlerIsRequestToCloseWindowTest (True,True,True,False,True) row 4"
                time="0.0005731"/>
      <testcase classname="Philips.PMP.Test.Auto.SystemControlHandlerTest"
                name="SystemControlHandlerIsRequestToCloseWindowTest (True,True,False,True,True) row 5"
                time="0.0005367"/>
      <testcase classname="Philips.PMP.Test.Auto.StitchTest"
                name="StitchTimeMappingsWithDuplicatesTest"
                time="0.0090719"/>
      <testcase classname="Philips.PMP.Test.Auto.MultiHostSubscriberTest"
                name="MultiHostSubscriberCanSubscribeToMultipleHosts"
                time="0.0027164"/>
      <testcase classname="Philips.PMP.Test.Auto.IxConfigFileProviderTest"
                name="GetIsOverrideStartupWarning"
                time="0.0048337"/>
      <testcase classname="Philips.PMP.Test.Auto.FreseniusMultiFiltrateTest"
                name="FreseniusMultiFiltrateEnumParseDataTest"
                time="0.0022957"/>
      <testcase classname="Philips.PMP.Test.Auto.SectorAssignmentControlCheckerTest"
                name="SectorAssignmentControlCheckerCanAssignBeds"
                time="0.0234652"/>
      <testcase classname="Philips.PMP.Test.Auto.DeviceServiceTest"
                name="DeviceServiceBrokenNetworkInopAudibleTest"
                time="0.0074838"/>
      <testcase classname="Philips.PMP.Test.Auto.DataTileHelperTest"
                name="DataTileHelperGetNewStartTimeTest"
                time="0.0078237"/>
      <testcase classname="Philips.PMP.Test.Auto.WaveFileMgrTest"
                name="PdxRightTrimWaveUpdatesPacePulseSamples"
                time="0.0005453"/>
      <testcase classname="Philips.PIC.DataAcquisition.Test.SureSignsDataCacheTest"
                name="SureSignsDataCacheTryGetValidationTest (False) row 1"
                time="0.0008144"/>
      <testcase classname="Philips.PIC.DataAcquisition.Test.SureSignsDataCacheTest"
                name="SureSignsDataCacheTryGetValidationTest (True) row 2"
                time="0.0003214"/>
      <testcase classname="Philips.PMP.Test.Auto.ProtocolWatchTest"
                name="ProtocolWatchOnNotificationsUpdated"
                time="0.0076168"/>
      <testcase classname="Philips.PMP.Test.Auto.MultiHostSubscriberTest"
                name="MultiHostSubscriberPatientNotificationDoNotHideExceptions"
                time="0.0561701"/>
      <testcase classname="Philips.CareEvent.Test.EventMonitorClientConnectionMgrTest"
                name="ShouldCreateEventMonitorClientConnectionWhenNotificationServerIsAvailable (True) row 1"
                time="0.0905019"/>
      <testcase classname="Philips.CareEvent.Test.EventMonitorClientConnectionMgrTest"
                name="ShouldCreateEventMonitorClientConnectionWhenNotificationServerIsAvailable (False) row 2"
                time="0.0017422"/>
      <testcase classname="Philips.PMP.Test.Auto.LicenseValidationServiceTest"
                name="IsSinglePatientViewLicesned"
                time="0.0521162"/>
      <testcase classname="Philips.PIC.DataAcquisition.Test.MonitoringDevicePatientQueryHelperTest"
                name="MonitoringDeviceConvertToSureSignsPatientTest (True,False,,,,,,True,True,PatTypeUnspecified,SexUnspecified,False) row 1"
                time="0.0026846"/>
      <testcase classname="Philips.PIC.DataAcquisition.Test.MonitoringDevicePatientQueryHelperTest"
                name="MonitoringDeviceConvertToSureSignsPatientTest (False,True,,,,,,True,True,PatTypeUnspecified,SexUnspecified,False) row 2"
                time="0.0004436"/>
      <testcase classname="Philips.PIC.DataAcquisition.Test.MonitoringDevicePatientQueryHelperTest"
                name="MonitoringDeviceConvertToSureSignsPatientTest (False,False,,,,,,True,True,PatTypeUnspecified,SexUnspecified,False) row 3"
                time="0.0218456"/>
      <testcase classname="Philips.PIC.DataAcquisition.Test.MonitoringDevicePatientQueryHelperTest"
                name="MonitoringDeviceConvertToSureSignsPatientTest (False,False,,,,,,True,True,Neonatal,Female,False) row 4"
                time="0.002824"/>
      <testcase classname="Philips.PIC.DataAcquisition.Test.MonitoringDevicePatientQueryHelperTest"
                name="MonitoringDeviceConvertToSureSignsPatientTest (False,False,,,,,,True,True,Pediatric,Female,False) row 5"
                time="0.000411"/>
      <testcase classname="Philips.PIC.DataAcquisition.Test.MonitoringDevicePatientQueryHelperTest"
                name="MonitoringDeviceConvertToSureSignsPatientTest (False,False,f,m,l,1,2,False,False,Adult,Male,True) row 6"
                time="0.0047715"/>
      <testcase classname="Philips.PMP.Test.Auto.IxConfigFileProviderTest"
                name="ReadOffloadedSqlPasswordFromRightConfigFile"
                time="0.0018474"/>
      <testcase classname="Philips.PMP.Test.Auto.EcgDeriverTest"
                name="HexadLeadsAreDerivableFromNonStandardLimbLeads"
                time="0.0064877"/>
      <testcase classname="Philips.PMP.Test.Auto.Hl7TcpServerConnectionTest"
                name="Hl7TcpServerConnectionNewConnectionInvalid"
                time="0.0048009"/>
      <testcase classname="Philips.PMP.Test.Auto.HL7QualifierTest"
                name="Hl7CentralizedConfigQualifierErrorTest (True,False,True,Warning) row 1"
                time="0.0067002"/>
      <testcase classname="Philips.PMP.Test.Auto.HL7QualifierTest"
                name="Hl7CentralizedConfigQualifierErrorTest (True,True,False,Warning) row 2"
                time="0.0017786"/>
      <testcase classname="Philips.PMP.Test.Auto.HL7QualifierTest"
                name="Hl7CentralizedConfigQualifierErrorTest (True,False,False,Success) row 3"
                time="0.0015653"/>
      <testcase classname="Philips.PMP.Test.Auto.HL7QualifierTest"
                name="Hl7CentralizedConfigQualifierErrorTest (False,True,True,Warning) row 4"
                time="0.0025846"/>
      <testcase classname="Philips.PMP.Test.Auto.EcgIpmFilterTest"
                name="EcgSignalFiltersPedDiag150HzTest"
                time="0.0035979"/>
      <testcase classname="Philips.PMP.Test.Auto.AlertMgrTest"
                name="AlertMgrAlarmOnlyUpdatesControlServiceWhenControlIsAddedOrRemoved"
                time="0.0169348"/>
      <testcase classname="Philips.PMP.Test.Auto.Hl7ValidatedDataConnectionMgrTest"
                name="ConnectionMgrProcessValidationDataTest (False) row 1"
                time="0.005827"/>
      <testcase classname="Philips.PMP.Test.Auto.Hl7ValidatedDataConnectionMgrTest"
                name="ConnectionMgrProcessValidationDataTest (True) row 2"
                time="0.0041612"/>
      <testcase classname="Philips.PMP.Test.Auto.EventLogAppRestartAnalyzerTest"
                name="DetectLastAppRestartWasSystemShutdown"
                time="0.0012893"/>
      <testcase classname="Philips.PMP.Test.Auto.PhysioDataServiceTest"
                name="MetricRepositoryLeavesRetainedMetrics (False,0) row 1"
                time="0.0013891"/>
      <testcase classname="Philips.PMP.Test.Auto.PhysioDataServiceTest"
                name="MetricRepositoryLeavesRetainedMetrics (True,1) row 2"
                time="0.0009799"/>
      <testcase classname="Philips.PMP.Test.Auto.UnassignedPatientCacheTest"
                name="UnassignedPatientCacheTryFindPatientByLifetimeId (True,False,) row 1"
                time="0.0047026"/>
      <testcase classname="Philips.PMP.Test.Auto.UnassignedPatientCacheTest"
                name="UnassignedPatientCacheTryFindPatientByLifetimeId (False,False,123) row 2"
                time="0.0107047"/>
      <testcase classname="Philips.PMP.Test.Auto.UnassignedPatientCacheTest"
                name="UnassignedPatientCacheTryFindPatientByLifetimeId (False,True,123) row 3"
                time="0.0009527"/>
      <testcase classname="Philips.PMP.Test.Auto.DbInstallMgrTest"
                name="DbIsntallMgrClearNonStaticTables"
                time="1.3589996"/>
      <testcase classname="Philips.PMP.Test.Auto.EcgDeriverTest"
                name="HexadForceTest"
                time="0.0075096"/>
      <testcase classname="Philips.PMP.Test.Auto.PhysioDataSubscriptionTest"
                name="AllEcgWavesTriggersWantsWaveDataTest"
                time="0.0006078"/>
      <testcase classname="Philips.PMP.Test.Auto.PatientDeviceHandlerTest"
                name="PatientDeviceHandlerStart"
                time="0.0039275"/>
      <testcase classname="Philips.PMP.Test.Auto.IheDriverWaveTest"
                name="ProcessWaveSegmentTest"
                time="0.0022048"/>
      <testcase classname="Philips.PMP.Test.Auto.DataTileHelperTest"
                name="DataTileHelperValidateRectTest"
                time="0.0085938"/>
      <testcase classname="Philips.PMP.Test.Auto.TeleProfileHelperTest"
                name="GetHeadingInfoTest (Adult,Adult,PacedUnconfirmed,PacerUnknownBlack) row 1"
                time="0.0057258"/>
      <testcase classname="Philips.PMP.Test.Auto.TeleProfileHelperTest"
                name="GetHeadingInfoTest (Adult,Adult,PacedGen,PacerOnBlack) row 2"
                time="0.0012675"/>
      <testcase classname="Philips.PMP.Test.Auto.TeleProfileHelperTest"
                name="GetHeadingInfoTest (Adult,Adult,NotPaced,PacerOffBlack) row 3"
                time="0.0012267"/>
      <testcase classname="Philips.PMP.Test.Auto.TeleProfileHelperTest"
                name="GetHeadingInfoTest (Pediatric,Pediatric,NotPaced,PacerOffBlack) row 4"
                time="0.0010587"/>
      <testcase classname="Philips.PMP.Test.Auto.TeleProfileHelperTest"
                name="GetHeadingInfoTest (Neonatal,Neonatal,NotPaced,PacerOffBlack) row 5"
                time="0.0009856"/>
      <testcase classname="Philips.PMP.Test.Auto.PatientDataExportStorageTest"
                name="PdxDbPartitionMaintenanceIsCalledOnStart"
                time="0.035466"/>
      <testcase classname="Philips.PMP.Test.Auto.PatientProviderTest"
                name="PatientSettingsLoadCacheTest"
                time="0.2774584"/>
      <testcase classname="Philips.PMP.Test.Auto.FactoryUserConfigControlTest"
                name="FactoryUserConfigControlPopulatesUserName (True) row 1"
                time="0.0248716"/>
      <testcase classname="Philips.PMP.Test.Auto.FactoryUserConfigControlTest"
                name="FactoryUserConfigControlPopulatesUserName (False) row 2"
                time="0.022473"/>
      <testcase classname="Philips.PMP.Test.Auto.EventCategoryFiltersTreeHelperTest"
                name="EventCategoryFilterTreeBuildTestForEventFilters"
                time="0.0057535"/>
      <testcase classname="Philips.PMP.Test.Auto.EventNotificationSettingControlTest"
                name="ResetToFactoryShouldEnforceSingleCaregiverRule (True) row 1"
                time="0.0335164"/>
      <testcase classname="Philips.PMP.Test.Auto.EventNotificationSettingControlTest"
                name="ResetToFactoryShouldEnforceSingleCaregiverRule (False) row 2"
                time="0.0244143"/>
      <testcase classname="Philips.PMP.Test.Auto.PatientFieldsValidatorTest"
                name="PatientFieldsValidatorValidateEncounterIdOnly"
                time="0.0004816"/>
      <testcase classname="Philips.PMP.Test.Auto.TopologyProviderTest"
                name="GetMyInstitutionDescriptionAndFacilityIdAndInstitutionId (True,False) row 1"
                time="0.2716883"/>
      <testcase classname="Philips.PMP.Test.Auto.TopologyProviderTest"
                name="GetMyInstitutionDescriptionAndFacilityIdAndInstitutionId (False,True) row 2"
                time="0.2580826"/>
      <testcase classname="Philips.PMP.Test.Auto.TopologyProviderTest"
                name="GetMyInstitutionDescriptionAndFacilityIdAndInstitutionId (False,False) row 3"
                time="0.2463292"/>
      <testcase classname="Philips.PMP.Test.Auto.PatientDataExportStorageTest"
                name="PdxEcgWavesWithDifferentChannelsAreDifferent"
                time="0.0265714"/>
      <testcase classname="Philips.PMP.Test.Auto.PhysioDataTimeOffsetProcessorTest"
                name="OffsetProcessorCanOffsetNumeric"
                time="0.0024347"/>
      <testcase classname="Philips.PMP.Test.Auto.EcgIpmFilterTest"
                name="EcgDelayAdderDiagnosticQualityTest"
                time="0.0012981"/>
      <testcase classname="Philips.PMP.Test.Auto.PhysioDataDisplayHelperTest"
                name="PhysioDataDisplayHelperIsAnnotationModifiedCaliperCheck (1000,2000,Pause,1.2,False) row 1"
                time="0.00065"/>
      <testcase classname="Philips.PMP.Test.Auto.PhysioDataDisplayHelperTest"
                name="PhysioDataDisplayHelperIsAnnotationModifiedCaliperCheck (1000,3000,Pause,1.2,True) row 2"
                time="0.0003552"/>
      <testcase classname="Philips.PMP.Test.Auto.PhysioDataDisplayHelperTest"
                name="PhysioDataDisplayHelperIsAnnotationModifiedCaliperCheck (1500,2000,Pause,1.2,True) row 3"
                time="0.0004668"/>
      <testcase classname="Philips.PMP.Test.Auto.PhysioDataDisplayHelperTest"
                name="PhysioDataDisplayHelperIsAnnotationModifiedCaliperCheck (2000,3000,Pause,1.2,True) row 4"
                time="0.000487"/>
      <testcase classname="Philips.PMP.Test.Auto.PhysioDataDisplayHelperTest"
                name="PhysioDataDisplayHelperIsAnnotationModifiedCaliperCheck (1000,2000,PR,1.2,True) row 5"
                time="0.0004362"/>
      <testcase classname="Philips.PMP.Test.Auto.PhysioDataDisplayHelperTest"
                name="PhysioDataDisplayHelperIsAnnotationModifiedCaliperCheck (1000,2000,Pause,1.3,True) row 6"
                time="0.0003661"/>
      <testcase classname="Philips.PMP.Test.Auto.IHEDriverConnectionSettingControlTest"
                name="ConnectionSettingControlEnabledDisableControlTest (True,False,False,True,False,False) row 1"
                time="0.0170962"/>
      <testcase classname="Philips.PMP.Test.Auto.IHEDriverConnectionSettingControlTest"
                name="ConnectionSettingControlEnabledDisableControlTest (False,True,False,True,True,False) row 2"
                time="0.023525"/>
      <testcase classname="Philips.PMP.Test.Auto.EventCatalogProviderTest"
                name="ResetFactoryDefaults"
                time="0.689536"/>
      <testcase classname="Philips.PMP.Test.Auto.DatabaseTypeConverterTest"
                name="DatabaseTypeConverterToPostgresTypeTest"
                time="0.0064455"/>
      <testcase classname="Philips.PMP.LicenseService.Test.LicenseHostValidatorTest"
                name="LicenseValidatorValidatePhysioCountNonDeveloperNetworked513PatientConnections5Physios"
                time="0.0047646"/>
      <testcase classname="Philips.PMP.Test.Auto.IxConfigFileProviderTest"
                name="CreateAppDataConfigFileShouldAddWhenPathNotNull () row 1"
                time="0.0130008"/>
      <testcase classname="Philips.PMP.Test.Auto.IxConfigFileProviderTest"
                name="CreateAppDataConfigFileShouldAddWhenPathNotNull (Running Up That Hill) row 2"
                time="0.014946"/>
      <testcase classname="Philips.PMP.Test.Auto.ApplicationWindowControlTest"
                name="UpdateNotAdmittedPatientNameLabelSingleInstitutionTest"
                time="0.3085825"/>
      <testcase classname="Philips.PIC.DevTools.Test.ObjectConverterHelperTest"
                name="GetFormattersTest"
                time="0.0181817"/>
      <testcase classname="Philips.PMP.Test.Auto.AcpmpQualifierTest"
                name="AcpmpQualifierAuthenticateTestIsSuccess"
                time="0.159194"/>
      <testcase classname="Philips.PMP.Test.Auto.ClientSubscriptionHelperTest"
                name="ClientSubscriptionHelperCreateInstitutionSubscriptionTest (False) row 1"
                time="0.0176492"/>
      <testcase classname="Philips.PMP.Test.Auto.ClientSubscriptionHelperTest"
                name="ClientSubscriptionHelperCreateInstitutionSubscriptionTest (True) row 2"
                time="0.0011712"/>
      <testcase classname="Philips.PMP.Test.Auto.WatchdogProviderTest"
                name="StoreFourProcessRestarts"
                time="0.3602631"/>
      <testcase classname="Philips.PMP.Test.Auto.MobilityDataConsumerTest"
                name="MobilityDataConsumerDeduplicatesConfigs"
                time="0.1494377"/>
      <testcase classname="Philips.PIC.DataAcquisition.Test.SureSignsValidationProcessorTest"
                name="SureSignsProcessUpdateRequestTest (True,False,False,False,False,True,True,False,True,SpotCheck_RecordUnknown) row 1"
                time="0.0054813"/>
      <testcase classname="Philips.PIC.DataAcquisition.Test.SureSignsValidationProcessorTest"
                name="SureSignsProcessUpdateRequestTest (False,True,False,False,False,True,True,False,True,SpotCheck_RecordUnknown) row 2"
                time="0.0052279"/>
      <testcase classname="Philips.PIC.DataAcquisition.Test.SureSignsValidationProcessorTest"
                name="SureSignsProcessUpdateRequestTest (False,True,False,False,False,True,True,True,True,SpotCheck_RecordUnknown) row 3"
                time="0.004426"/>
      <testcase classname="Philips.PIC.DataAcquisition.Test.SureSignsValidationProcessorTest"
                name="SureSignsProcessUpdateRequestTest (False,True,False,True,False,True,False,True,True,SpotCheck_RecordUnknown) row 4"
                time="0.0110172"/>
      <testcase classname="Philips.PIC.DataAcquisition.Test.SureSignsValidationProcessorTest"
                name="SureSignsProcessUpdateRequestTest (False,True,False,True,True,True,False,True,True,SpotCheck_RecordUnknown) row 5"
                time="0.0063411"/>
      <testcase classname="Philips.PIC.DataAcquisition.Test.SureSignsValidationProcessorTest"
                name="SureSignsProcessUpdateRequestTest (False,True,False,True,False,True,True,False,True,SpotCheck_MissingValidationPermission) row 6"
                time="0.0042588"/>
      <testcase classname="Philips.PIC.DataAcquisition.Test.SureSignsValidationProcessorTest"
                name="SureSignsProcessUpdateRequestTest (False,True,True,True,True,True,False,True,False,SpotCheck_RecordUpdateStateNotCurrent) row 7"
                time="0.0049792"/>
      <testcase classname="Philips.PIC.DataAcquisition.Test.SureSignsValidationProcessorTest"
                name="SureSignsProcessUpdateRequestTest (False,True,True,True,True,True,True,False,False,Success) row 8"
                time="0.0042903"/>
      <testcase classname="Philips.PIC.DataAcquisition.Test.SureSignsValidationProcessorTest"
                name="SureSignsProcessUpdateRequestTest (False,True,True,True,True,True,True,True,True,Success) row 9"
                time="0.0043237"/>
      <testcase classname="Philips.CareEvent.Test.DemoEventNotificationQualifierTest"
                name="DemoEventNotificationQualifierVerify (True) row 1"
                time="0.0078044"/>
      <testcase classname="Philips.CareEvent.Test.DemoEventNotificationQualifierTest"
                name="DemoEventNotificationQualifierVerify (False) row 2"
                time="0.0245187"/>
      <testcase classname="Philips.PMP.LicenseService.Test.UnitLicenseProcessorTest"
                name="GetTotalPatientConnectionsTest"
                time="0.0082049"/>
      <testcase classname="Philips.PMP.Test.Auto.CaregiverAssignmentProviderTest"
                name="ClearBedAssignments"
                time="0.3598279"/>
      <testcase classname="Philips.PMP.Test.Auto.MulticastZoneControlTest"
                name="GetMulticastHostDeviceTest (Unit1,2) row 1"
                time="0.0382508"/>
      <testcase classname="Philips.PMP.Test.Auto.MulticastZoneControlTest"
                name="GetMulticastHostDeviceTest (Unit2,3) row 2"
                time="0.0321267"/>
      <testcase classname="Philips.PMP.Test.Auto.MulticastZoneControlTest"
                name="GetMulticastHostDeviceTest (Unit3,1) row 3"
                time="0.0453434"/>
      <testcase classname="Philips.PMP.Test.Auto.MulticastZoneControlTest"
                name="GetMulticastHostDeviceTest (Multicast Zone,5) row 4"
                time="0.0353754"/>
      <testcase classname="Philips.PMP.Test.Auto.MulticastZoneControlTest"
                name="GetMulticastHostDeviceTest (Multicast Zone2,1) row 5"
                time="0.031288"/>
      <testcase classname="Philips.PMP.Test.Auto.MobileRequestValidatorTest"
                name="MobileNumericControlRequestInvalidBedIdFailedResponseTest"
                time="0.0069283"/>
      <testcase classname="Philips.PMP.Test.Auto.PatientSearchControlTest"
                name="PatientSearchControlCheckMatchingPatientsSearchResultsCount (False,1,1,0) row 1"
                time="0.0221508"/>
      <testcase classname="Philips.PMP.Test.Auto.PatientSearchControlTest"
                name="PatientSearchControlCheckMatchingPatientsSearchResultsCount (True,1,1,1) row 2"
                time="0.0238671"/>
      <testcase classname="Philips.PMP.Test.Auto.PatientSearchControlTest"
                name="PatientSearchControlCheckMatchingPatientsSearchResultsCount (True,2,0,0) row 3"
                time="0.0283469"/>
      <testcase classname="Philips.PMP.Test.Auto.PatientSearchControlTest"
                name="PatientSearchControlCheckMatchingPatientsSearchResultsCount (False,1,0,0) row 4"
                time="0.0196113"/>
      <testcase classname="Philips.CareEvent.Test.EventInitializerTests"
                name="ReturnSuccess"
                time="0.3755753"/>
      <testcase classname="Philips.PMP.Test.Auto.Ecg12LeadExportFormCheckerTest"
                name="Ecg12LeadExportFormCheckerShouldAllowSend (True,True) row 1"
                time="0.0146609"/>
      <testcase classname="Philips.PMP.Test.Auto.Ecg12LeadExportFormCheckerTest"
                name="Ecg12LeadExportFormCheckerShouldAllowSend (False,False) row 2"
                time="0.002574"/>
      <testcase classname="Philips.PMP.Test.Auto.EcgFilterHelperTest"
                name="EcgFilterDoesntCrashWhenNoDynamicAttributesTest"
                time="0.0006411"/>
      <testcase classname="Philips.PMP.Test.Auto.LabelCreationHelperTest"
                name="EditSwitchSettingsControlMaxPorts (0,0) row 1"
                time="0.0013408"/>
      <testcase classname="Philips.PMP.Test.Auto.LabelCreationHelperTest"
                name="EditSwitchSettingsControlMaxPorts (20,20) row 2"
                time="0.0006574"/>
      <testcase classname="Philips.PMP.Test.Auto.LabelCreationHelperTest"
                name="EditSwitchSettingsControlMaxPorts (95,95) row 3"
                time="0.0050111"/>
      <testcase classname="Philips.PMP.Test.Auto.LabelCreationHelperTest"
                name="EditSwitchSettingsControlMaxPorts (96,96) row 4"
                time="0.0009722"/>
      <testcase classname="Philips.PMP.Test.Auto.LabelCreationHelperTest"
                name="EditSwitchSettingsControlMaxPorts (97,97) row 5"
                time="0.0165544"/>
      <testcase classname="Philips.PMP.Test.Auto.LabelCreationHelperTest"
                name="EditSwitchSettingsControlMaxPorts (100,100) row 6"
                time="0.0005962"/>
      <testcase classname="Philips.PMP.Test.Auto.LabelCreationHelperTest"
                name="EditSwitchSettingsControlMaxPorts (559,559) row 7"
                time="0.0038586"/>
      <testcase classname="Philips.PMP.Test.Auto.LabelCreationHelperTest"
                name="EditSwitchSettingsControlMaxPorts (560,560) row 8"
                time="0.0041714"/>
      <testcase classname="Philips.PMP.Test.Auto.LabelCreationHelperTest"
                name="EditSwitchSettingsControlMaxPorts (561,560) row 9"
                time="0.0040608"/>
      <testcase classname="Philips.PMP.Test.Auto.PatientSelectionHelperTest"
                name="PatientSelectionHelperSearch (True) row 1"
                time="0.0038497"/>
      <testcase classname="Philips.PMP.Test.Auto.PatientSelectionHelperTest"
                name="PatientSelectionHelperSearch (False) row 2"
                time="0.0028118"/>
      <testcase classname="Philips.PMP.Test.Auto.FindPatientControlTest"
                name="FindPatientInitializeSearchFields (Required) row 1"
                time="0.0197658"/>
      <testcase classname="Philips.PMP.Test.Auto.FindPatientControlTest"
                name="FindPatientInitializeSearchFields (Optional) row 2"
                time="0.0148696"/>
      <testcase classname="Philips.RootMain.Test.ProjectConfigTest"
                name="ProjectConfigNewProjectsUsePackageReference"
                time="0.4379019"/>
      <testcase classname="Philips.PMP.Test.Auto.ScheduleTest"
                name="ScheduleDaylightSavingsTime (3/11/2018 12:00:00 AM,3/11/2018 1:00:00 AM) row 1"
                time="0.0079071"/>
      <testcase classname="Philips.PMP.Test.Auto.ScheduleTest"
                name="ScheduleDaylightSavingsTime (11/4/2018 12:00:00 AM,11/4/2018 1:00:00 AM) row 2"
                time="0.000705"/>
      <testcase classname="Philips.PMP.Test.Auto.DbAvailabilityTest"
                name="UpdateMyStatusTest"
                time="0.2436095"/>
      <testcase classname="Philips.PMP.Test.Auto.ServiceProviderTest"
                name="GetServicesByProcessTest"
                time="0.0054797"/>
      <testcase classname="Philips.PIC.DeviceUserManagement.Test.DeviceUserManagementConnectionTest"
                name="DeviceUserManagementConnectionDisconnected"
                time="0.0140772"/>
      <testcase classname="Philips.PMP.Test.Auto.HL7ConnectionPropertyControlTest"
                name="ConnectionPropertyControlForAlarmAndValidateClientConnection (AlarmClient,9500,False,False,False,False,True,1,Alerts) row 1"
                time="0.0383312"/>
      <testcase classname="Philips.PMP.Test.Auto.HL7ConnectionPropertyControlTest"
                name="ConnectionPropertyControlForAlarmAndValidateClientConnection (ValidateDataClient,9900,False,False,False,True,True,1,Numerics) row 2"
                time="0.0279316"/>
      <testcase classname="Philips.CareEvent.Test.WctpListenerTests"
                name="WctpListenerStartStopTest"
                time="0.2046389"/>
      <testcase classname="Philips.CareEvent.Test.RingtoneMgrTest"
                name="BuildSaveChangesLogMessageShouldMatchChanges"
                time="0.0148274"/>
      <testcase classname="Philips.PMP.Test.Auto.ExtendedNumericLimitsTest"
                name="IsLowerValueSupportedTest"
                time="0.0008494"/>
      <testcase classname="Philips.PMP.Test.Auto.QTSetupControlTest"
                name="QTSetupControlSetPermission (True,True,True) row 1"
                time="0.2944"/>
      <testcase classname="Philips.PMP.Test.Auto.QTSetupControlTest"
                name="QTSetupControlSetPermission (True,False,False) row 2"
                time="0.0592966"/>
      <testcase classname="Philips.PMP.Test.Auto.QTSetupControlTest"
                name="QTSetupControlSetPermission (False,False,False) row 3"
                time="0.0366511"/>
      <testcase classname="Philips.PMP.Test.Auto.QTSetupControlTest"
                name="QTSetupControlSetPermission (False,True,False) row 4"
                time="0.030738"/>
      <testcase classname="Philips.PMP.Test.Auto.IHEDriverConnectionSettingControlTest"
                name="ConnectionSettingControlOnDeleteConnectionTest (True,Yes,0) row 1"
                time="0.0384347"/>
      <testcase classname="Philips.PMP.Test.Auto.IHEDriverConnectionSettingControlTest"
                name="ConnectionSettingControlOnDeleteConnectionTest (True,No,0) row 2"
                time="0.0299535"/>
      <testcase classname="Philips.PMP.Test.Auto.IHEDriverConnectionSettingControlTest"
                name="ConnectionSettingControlOnDeleteConnectionTest (False,No,1) row 3"
                time="0.033265"/>
      <testcase classname="Philips.PMP.Test.Auto.RepositoryTest"
                name="RepositoryThrowsOnUnknownAlertUpdateType"
                time="0.0453389"/>
      <testcase classname="Philips.PMP.Test.Auto.EfficiaHelperTest"
                name="EfficiaHelperConvertValueTest"
                time="0.0069988"/>
      <testcase classname="Philips.PIC.RfidReader.Test.PcProxReaderWrapperTest"
                name="PcProxReaderWrapperInitializeWriteCfgFailedTest"
                time="0.0049848"/>
      <testcase classname="Philips.PMP.Test.Auto.PatientDataExportStorageTest"
                name="PdxExternalViewsTest"
                time="0.0525619"/>
      <testcase classname="Philips.CareEvent.Test.CareTouchCommunicatorTests"
                name="ProcessEventStatusUpdateRequestShouldCallEnqueueResponse (True) row 1"
                time="0.0156496"/>
      <testcase classname="Philips.CareEvent.Test.CareTouchCommunicatorTests"
                name="ProcessEventStatusUpdateRequestShouldCallEnqueueResponse (False) row 2"
                time="0.00743"/>
      <testcase classname="Philips.PMP.Test.Auto.SystemStatusServiceTest"
                name="PostingMessageTriggersUpdateTest"
                time="0.2941308"/>
      <testcase classname="Philips.PMP.Test.Auto.PhysioDataSubscriptionTest"
                name="AllEcgWavesWorksWithRepositoryTest"
                time="0.0107364"/>
      <testcase classname="Philips.PMP.Test.Auto.ProtocolImportControlTest"
                name="ProtocolSetupHelperValidateconfiguratioFileTest (True,SampleEWSProtocols.xml,False,False) row 1"
                time="0.0018228"/>
      <testcase classname="Philips.PMP.Test.Auto.ProtocolImportControlTest"
                name="ProtocolSetupHelperValidateconfiguratioFileTest (True,,False,False) row 2"
                time="0.000926"/>
      <testcase classname="Philips.PMP.Test.Auto.ProtocolImportControlTest"
                name="ProtocolSetupHelperValidateconfiguratioFileTest (True,NonExistent.cfg,False,False) row 3"
                time="0.0006235"/>
      <testcase classname="Philips.PMP.Test.Auto.ProtocolImportControlTest"
                name="ProtocolSetupHelperValidateconfiguratioFileTest (False,SampleEWSProtocols.cfg,False,False) row 4"
                time="0.0004903"/>
      <testcase classname="Philips.PMP.Test.Auto.ProtocolImportControlTest"
                name="ProtocolSetupHelperValidateconfiguratioFileTest (False,,False,False) row 5"
                time="0.0007845"/>
      <testcase classname="Philips.PMP.Test.Auto.ProtocolImportControlTest"
                name="ProtocolSetupHelperValidateconfiguratioFileTest (True,SampleEWSProtocols.cfg,True,True) row 6"
                time="0.0004027"/>
      <testcase classname="Philips.PMP.Test.Auto.FindPatientControlTest"
                name="FindPatientSetColumnHeaders (0,0,MRN,Visit Number) row 1"
                time="0.0192675"/>
      <testcase classname="Philips.PMP.Test.Auto.FindPatientControlTest"
                name="FindPatientSetColumnHeaders (1,1,SSN,Account Number) row 2"
                time="0.0148034"/>
      <testcase classname="Philips.PMP.Test.Auto.FindPatientControlTest"
                name="FindPatientSetColumnHeaders (2,1,Military ID,Account Number) row 3"
                time="0.0147"/>
      <testcase classname="Philips.PMP.Test.Auto.FindPatientControlTest"
                name="FindPatientSetColumnHeaders (3,1,Medicaid ID,Account Number) row 4"
                time="0.0146404"/>
      <testcase classname="Philips.PMP.Test.Auto.FindPatientControlTest"
                name="FindPatientSetColumnHeaders (4,1,Drivers License,Account Number) row 5"
                time="0.0206781"/>
      <testcase classname="Philips.PMP.Test.Auto.MedianCalculatorTest"
                name="NoMedianAvailableTest"
                time="0.00665"/>
      <testcase classname="Philips.PMP.Test.Auto.SectorLayoutTest"
                name="SetTrendsInConfigModeTest"
                time="0.1210897"/>
      <testcase classname="Philips.PMP.Test.Auto.LabReferenceRangeTest"
                name="ParsingLabReferenceRangeStringTest (1.1 - 100,True,1.1,2,100,0) row 1"
                time="0.0016366"/>
      <testcase classname="Philips.PMP.Test.Auto.LabReferenceRangeTest"
                name="ParsingLabReferenceRangeStringTest ( 1   -  100.9,True,1,0,100.9,2) row 2"
                time="0.0011559"/>
      <testcase classname="Philips.PMP.Test.Auto.LabReferenceRangeTest"
                name="ParsingLabReferenceRangeStringTest (&lt; 100 &gt; 1,True,1,0,100,0) row 3"
                time="0.0016163"/>
      <testcase classname="Philips.PMP.Test.Auto.LabReferenceRangeTest"
                name="ParsingLabReferenceRangeStringTest ( &lt;  99.9  &gt;  1.1,True,1.1,2,99.9,2) row 4"
                time="0.0008979"/>
      <testcase classname="Philips.PMP.Test.Auto.LabReferenceRangeTest"
                name="ParsingLabReferenceRangeStringTest (&lt;= 100.1 &gt; 1,True,1,0,100.1,2) row 5"
                time="0.0007575"/>
      <testcase classname="Philips.PMP.Test.Auto.LabReferenceRangeTest"
                name="ParsingLabReferenceRangeStringTest (&lt; 100.5 &gt;= 1.9,True,1.9,2,100.5,2) row 6"
                time="0.000436"/>
      <testcase classname="Philips.PMP.Test.Auto.LabReferenceRangeTest"
                name="ParsingLabReferenceRangeStringTest (&lt;= 100 &gt;= 1,True,1,0,100,0) row 7"
                time="0.0003886"/>
      <testcase classname="Philips.PMP.Test.Auto.LabReferenceRangeTest"
                name="ParsingLabReferenceRangeStringTest (&lt;= 100.99,&gt; 1.99,True,1.99,2,100.99,2) row 8"
                time="0.0003525"/>
      <testcase classname="Philips.PMP.Test.Auto.LabReferenceRangeTest"
                name="ParsingLabReferenceRangeStringTest (&gt;1 &lt; 100,True,1,0,100,0) row 9"
                time="0.0003332"/>
      <testcase classname="Philips.PMP.Test.Auto.LabReferenceRangeTest"
                name="ParsingLabReferenceRangeStringTest ( &gt;=1.9  ,  &lt;=  100.9,True,1.9,2,100.9,2) row 10"
                time="0.0003577"/>
      <testcase classname="Philips.PMP.Test.Auto.LabReferenceRangeTest"
                name="ParsingLabReferenceRangeStringTest (&lt; 100,,True,0,0,100,0) row 11"
                time="0.0007407"/>
      <testcase classname="Philips.PMP.Test.Auto.LabReferenceRangeTest"
                name="ParsingLabReferenceRangeStringTest (&lt;= 100 &gt;= -1,True,-1,0,100,0) row 12"
                time="0.0007128"/>
      <testcase classname="Philips.PMP.Test.Auto.LabReferenceRangeTest"
                name="ParsingLabReferenceRangeStringTest (,False,0,0,0,0) row 13"
                time="0.001743"/>
      <testcase classname="Philips.PMP.Test.Auto.LabReferenceRangeTest"
                name="ParsingLabReferenceRangeStringTest (   ,False,0,0,0,0) row 14"
                time="0.0004478"/>
      <testcase classname="Philips.PMP.Test.Auto.LabReferenceRangeTest"
                name="ParsingLabReferenceRangeStringTest (&gt;=1 &lt;,False,0,0,0,0) row 15"
                time="0.0006808"/>
      <testcase classname="Philips.PMP.Test.Auto.LabReferenceRangeTest"
                name="ParsingLabReferenceRangeStringTest (&gt;=100 &lt; 1,False,0,0,0,0) row 16"
                time="0.0003482"/>
      <testcase classname="Philips.PMP.Test.Auto.LabReferenceRangeTest"
                name="ParsingLabReferenceRangeStringTest (100 - 1,False,0,0,0,0) row 17"
                time="0.0006664"/>
      <testcase classname="Philips.PMP.Test.Auto.LabReferenceRangeTest"
                name="ParsingLabReferenceRangeStringTest (-100 - 1,False,0,0,0,0) row 18"
                time="0.0006569"/>
      <testcase classname="Philips.PMP.Test.Auto.LabReferenceRangeTest"
                name="ParsingLabReferenceRangeStringTest (abcdedf,False,0,0,0,0) row 19"
                time="0.0008719"/>
      <testcase classname="Philips.PMP.Test.Auto.LabReferenceRangeTest"
                name="ParsingLabReferenceRangeStringTest (1,0 - 100,0,False,0,0,0,0) row 20"
                time="0.000681"/>
      <testcase classname="Philips.PMP.Test.Auto.EcgIpmFilterTest"
                name="EcgSignalFiltersPedEcgMonitor55HzTest"
                time="0.0014574"/>
      <testcase classname="Philips.PMP.Test.Auto.PatientFieldsValidatorTest"
                name="PatientFieldsValidatorValidateBmiHeightHidden"
                time="0.0016541"/>
      <testcase classname="Philips.CareEvent.Test.EventBridgeTests"
                name="ParseEmerginMessageXmlTest"
                time="0.0400002"/>
      <testcase classname="Philips.PMP.Test.Auto.IheDriverWaveTest"
                name="ProcessDataNLSTextTest"
                time="0.0160865"/>
      <testcase classname="Philips.PMP.Test.Auto.PatientProviderTest"
                name="PatientGroupTest"
                time="0.2698509"/>
      <testcase classname="Philips.PMP.Test.Auto.WebPortalViewControllerTest"
                name="WebPortalViewControllerGetPortalData"
                time="0.0016968"/>
      <testcase classname="Philips.PMP.Test.Auto.RepositoryTest"
                name="RepositoryCheckUsedTimeMappingsWithMetric"
                time="0.00109"/>
      <testcase classname="Philips.PMP.Test.Auto.BedSimFileFormatTest"
                name="SimFilesAreCompressed"
                time="0.4111954"/>
      <testcase classname="Philips.PMP.Test.Auto.PhysioDataTimeOffsetProcessorTest"
                name="OffsetProcessorCanOffsetPhysioDataTimes"
                time="0.0004787"/>
      <testcase classname="Philips.PMP.Test.Auto.BedSubscriberTest"
                name="BedSubscriberWithNoBedIgnoresConfigChanges"
                time="0.001663"/>
      <testcase classname="Philips.IX.UserManagement.Test.UserManagementDataTest"
                name="UserManagementActionDataTest"
                time="0.0085221"/>
      <testcase classname="Philips.PMP.Test.Auto.SoftwareUpdateHelperTest"
                name="BaseVersionTestNoBaseVersions"
                time="0.0157628"/>
      <testcase classname="Philips.PMP.Test.Auto.DeviceCompatibilityDeterminerTest"
                name="DeviceCompatibilityManagementAssociationTest"
                time="0.0022465"/>
      <testcase classname="Philips.PMP.Test.Auto.PatientSelectionHelperTest"
                name="PatientSelectionHelperShouldAddPatientTest (True,True,True) row 1"
                time="0.00113"/>
      <testcase classname="Philips.PMP.Test.Auto.PatientSelectionHelperTest"
                name="PatientSelectionHelperShouldAddPatientTest (True,False,False) row 2"
                time="0.0004871"/>
      <testcase classname="Philips.PMP.Test.Auto.PatientSelectionHelperTest"
                name="PatientSelectionHelperShouldAddPatientTest (False,True,True) row 3"
                time="0.0004458"/>
      <testcase classname="Philips.PMP.Test.Auto.PatientSelectionHelperTest"
                name="PatientSelectionHelperShouldAddPatientTest (False,False,True) row 4"
                time="0.0004482"/>
      <testcase classname="Philips.PMP.Test.Auto.PatientDataExportConfigControlTest"
                name="PatientDataExportDisplayMultipleDestinationsTest (0) row 1"
                time="0.0446687"/>
      <testcase classname="Philips.PMP.Test.Auto.PatientDataExportConfigControlTest"
                name="PatientDataExportDisplayMultipleDestinationsTest (1) row 2"
                time="0.0367574"/>
      <testcase classname="Philips.PMP.Test.Auto.PatientDataExportConfigControlTest"
                name="PatientDataExportDisplayMultipleDestinationsTest (2) row 3"
                time="0.0410004"/>
      <testcase classname="Philips.CareEvent.Test.RingtoneMgrTest"
                name="LoadRingtonesShouldReturnArray"
                time="0.00884"/>
      <testcase classname="Philips.PMP.Test.Auto.EfficiaInstrumentTest"
                name="EfficiaInstrumentPressureIbpUomIsParsed (MmHg,MMHG) row 1"
                time="0.0021768"/>
      <testcase classname="Philips.PMP.Test.Auto.EfficiaInstrumentTest"
                name="EfficiaInstrumentPressureIbpUomIsParsed (Kpa,KILO_PASCAL) row 2"
                time="0.0020835"/>
      <testcase classname="Philips.PMP.Test.Auto.EfficiaInstrumentTest"
                name="EfficiaInstrumentPressureIbpUomIsParsed (CmH2o,CM_H2O) row 3"
                time="0.0017364"/>
      <testcase classname="Philips.PMP.Test.Auto.EfficiaInstrumentTest"
                name="EfficiaInstrumentPressureIbpUomIsParsed (Invalid,MMHG) row 4"
                time="0.0016863"/>
      <testcase classname="Philips.PMP.Test.Auto.RepositoryTest"
                name="RepositoryGetDataCallObeysAllowDeviceTime"
                time="0.0027625"/>
      <testcase classname="Philips.PMP.Test.Auto.FreseniusMultiFiltrateTest"
                name="FreseniusMultiFiltrateDeviceAsyncTcpConnectorTest"
                time="0.0027969"/>
      <testcase classname="Philips.PMP.Test.Auto.SectorLayoutTest"
                name="SectorWillShowAlarmLimitsIn1280x1024With6SectorsPerColumnTest"
                time="0.2577094"/>
      <testcase classname="Philips.PMP.Test.Auto.DbMigrationMgrTest"
                name="DbMigrationVerifyCurrentMigrationData"
                time="0.3133533"/>
      <testcase classname="Philips.PMP.Test.Auto.RepositoryEnumerationTest"
                name="RepositoryEnumerationCanRetrieveAllApplicableValues"
                time="0.0019352"/>
      <testcase classname="Philips.PMP.Test.Auto.EventNotificationPatientLookUpTest"
                name="TryFindPatientByLifetimeIdShouldReturnNonMonitoredPatientIfSectorIsCleared"
                time="0.0049512"/>
      <testcase classname="Philips.CareEvent.Test.EventInitializerTests"
                name="ReturnProductNotEnabledWhenProductIsNullAndProductIsNotPPM"
                time="0.0045118"/>
      <testcase classname="Philips.PMP.Test.Auto.PatientDataExportStorageTest"
                name="PdxPatientMappingStoreSmallestAperiodicTimestamp (3/8/2022 6:00:00 PM -05:00,3/8/2022 8:30:00 PM -05:00,3/8/2022 6:00:00 PM -05:00) row 1"
                time="0.1300305"/>
      <testcase classname="Philips.PMP.Test.Auto.PatientDataExportStorageTest"
                name="PdxPatientMappingStoreSmallestAperiodicTimestamp (3/8/2022 8:30:00 PM -05:00,3/8/2022 4:00:00 PM -05:00,3/8/2022 4:00:00 PM -05:00) row 2"
                time="0.0725421"/>
      <testcase classname="Philips.PMP.Test.Auto.RolesControlHelperTest"
                name="RolesControlHelperIsRolePermanent"
                time="0.0007033"/>
      <testcase classname="Philips.PMP.Test.Auto.UserAccountQualifierTest"
                name="UserAccountQualifierShouldBeAdmin (True,True) row 1"
                time="0.7864372"/>
      <testcase classname="Philips.PMP.Test.Auto.UserAccountQualifierTest"
                name="UserAccountQualifierShouldBeAdmin (True,False) row 2"
                time="0.0029997"/>
      <testcase classname="Philips.PMP.Test.Auto.UserAccountQualifierTest"
                name="UserAccountQualifierShouldBeAdmin (False,True) row 3"
                time="0.0203579"/>
      <testcase classname="Philips.PMP.Test.Auto.UserAccountQualifierTest"
                name="UserAccountQualifierShouldBeAdmin (False,False) row 4"
                time="0.0301333"/>
      <testcase classname="Philips.PMP.Test.Auto.PatientMgrTest"
                name="PatientMgrDidConflictStateChangeShouldNotifyDevicesTest (False,False,0,False,0) row 1"
                time="0.072802"/>
      <testcase classname="Philips.PMP.Test.Auto.PatientMgrTest"
                name="PatientMgrDidConflictStateChangeShouldNotifyDevicesTest (True,False,1,False,1) row 2"
                time="0.0060212"/>
      <testcase classname="Philips.PMP.Test.Auto.PatientMgrTest"
                name="PatientMgrDidConflictStateChangeShouldNotifyDevicesTest (False,True,1,True,1) row 3"
                time="0.0035745"/>
      <testcase classname="Philips.PMP.Test.Auto.PatientMgrTest"
                name="PatientMgrDidConflictStateChangeShouldNotifyDevicesTest (True,True,1,True,1) row 4"
                time="0.0026954"/>
      <testcase classname="Philips.PMP.Test.Auto.MobileRequestValidatorTest"
                name="AckAlarmInvalidRequestFailedResponseTest"
                time="0.0022776"/>
      <testcase classname="Philips.PMP.Test.Auto.InfoProviderTest"
                name="InfoProviderGetPrettyTimesDirectionUp"
                time="0.0063775"/>
      <testcase classname="Philips.PMP.Test.Auto.RestoreControlTest"
                name="UpdateCertificateAfterRestoreTest (True,0) row 1"
                time="0.0446852"/>
      <testcase classname="Philips.PMP.Test.Auto.RestoreControlTest"
                name="UpdateCertificateAfterRestoreTest (False,1) row 2"
                time="0.041722"/>
      <testcase classname="Philips.PMP.Test.Auto.SharedIconMgrTest"
                name="RetrieveSharedSvgIconTest"
                time="0.0147407"/>
      <testcase classname="Philips.PMP.Test.Auto.PerfCounterQualifierTest"
                name="PerfCounterQualiferTest (Success,PerfCountersUnnecessary,False,True,False) row 1"
                time="0.0063559"/>
      <testcase classname="Philips.PMP.Test.Auto.PerfCounterQualifierTest"
                name="PerfCounterQualiferTest (Failure,PerfCountersError,True,False,False) row 2"
                time="0.0139516"/>
      <testcase classname="Philips.PMP.Test.Auto.PerfCounterQualifierTest"
                name="PerfCounterQualiferTest (Success,PerfCountersDetails,True,True,False) row 3"
                time="0.0011357"/>
      <testcase classname="Philips.PMP.Test.Auto.PerfCounterQualifierTest"
                name="PerfCounterQualiferTest (Warning,PerfCountersCorrupt,True,,True) row 4"
                time="0.0029001"/>
      <testcase classname="Philips.PMP.Test.Auto.EventCategoryFilterValueSynchronizerTest"
                name="NotAvailableCategoriesShouldNotBeAddedDuringSynchronize"
                time="0.6332586"/>
      <testcase classname="Philips.CareEvent.Test.EventMonitorListsMgrTest"
                name="ThreeListTargets"
                time="0.0703664"/>
      <testcase classname="Philips.PMP.Test.Auto.NumericPostProcessingTest"
                name="AperiodicDeDuplicatorTest"
                time="0.0026408"/>
      <testcase classname="Philips.PMP.Test.Auto.IntelliBridgeDeviceWaveTest"
                name="IntelliBridgeDeviceWaveCompleteTest (8,-35.0,35.0,AWF,151764,l/min,265216,0,4095) row 1"
                time="0.0077499"/>
      <testcase classname="Philips.PMP.Test.Auto.MedianCalculatorTest"
                name="NumericMedianCalculatorCanHandleDataPastEndOfPrettyTimes"
                time="0.00898"/>
      <testcase classname="Philips.PMP.Test.Auto.CiParserTest"
                name="CiParserNoMissingPdusDiscoveredTest (System.Byte[],False) row 1"
                time="0.0039108"/>
      <testcase classname="Philips.PMP.Test.Auto.CiParserTest"
                name="CiParserNoMissingPdusDiscoveredTest (System.Byte[],True) row 2"
                time="0.004865"/>
      <testcase classname="Philips.PMP.Test.Auto.CiParserTest"
                name="CiParserNoMissingPdusDiscoveredTest (System.Byte[],True) row 3"
                time="0.0014835"/>
      <testcase classname="Philips.PMP.Test.Auto.CiParserTest"
                name="CiParserNoMissingPdusDiscoveredTest (System.Byte[],True) row 4"
                time="0.0005914"/>
      <testcase classname="Philips.PMP.Test.Auto.WaveProviderTest"
                name="WaveStoreTwo"
                time="0.0404584"/>
      <testcase classname="Philips.PMP.Test.Auto.RepositoryNumericTest"
                name="NumericRepositoryCanDeleteSpotCheckData"
                time="0.0020328"/>
      <testcase classname="Philips.PMP.Test.Auto.WatchdogServiceMgrTest"
                name="StartWatchdogAsServiceFailTest"
                time="0.008717"/>
      <testcase classname="Philips.PMP.Test.Auto.MeasControlsHelperTest"
                name="MeasControlsHelperMakeEntriesTest"
                time="0.0141874"/>
      <testcase classname="Philips.PMP.Test.Auto.DataTileHelperTest"
                name="DataTileHelperGetEventStringTest"
                time="0.0078598"/>
      <testcase classname="Philips.PMP.Test.Auto.PatientDataExportConnectionBedControlTest"
                name="PopulateBedTreeViewMultiInstitutionTest"
                time="0.3130973"/>
      <testcase classname="Philips.PMP.Test.Auto.NotificationSettingProviderTest"
                name="StoreRoleBehaviorAndNotificationSettingsShouldFailIfRoleDoesNotExist"
                time="0.0235301"/>
      <testcase classname="Philips.PMP.Test.Auto.PatchFileFinderTest"
                name="GetPatchingExecutableVersionExTest (System.IO.FileInfo[],0.0.0.000,False) row 1"
                time="0.0099113"/>
      <testcase classname="Philips.PMP.Test.Auto.PatchFileFinderTest"
                name="GetPatchingExecutableVersionExTest (System.IO.FileInfo[],4.0.0.000,True) row 2"
                time="0.0011534"/>
      <testcase classname="Philips.PMP.Test.Auto.PatchFileFinderTest"
                name="GetPatchingExecutableVersionExTest (System.IO.FileInfo[],4.1.0.000,True) row 3"
                time="0.0008966"/>
      <testcase classname="Philips.PMP.Test.Auto.PatchFileFinderTest"
                name="GetPatchingExecutableVersionExTest (System.IO.FileInfo[],0.0.0.000,False) row 4"
                time="0.00097"/>
      <testcase classname="Philips.PMP.Test.Auto.PatchFileFinderTest"
                name="GetPatchingExecutableVersionExTest (System.IO.FileInfo[],0.0.0.000,False) row 5"
                time="0.0010068"/>
      <testcase classname="Philips.PMP.Test.Auto.PatchFileFinderTest"
                name="GetPatchingExecutableVersionExTest (System.IO.FileInfo[],4.0.0.000,True) row 6"
                time="0.0007671"/>
      <testcase classname="Philips.PMP.Test.Auto.ControlServiceHelperTest"
                name="ControlServiceHelperLoadGasWaveBluePrintTest"
                time="0.002308"/>
      <testcase classname="Philips.PMP.Test.Auto.PatientProviderTest"
                name="PatientInfoGetTest"
                time="0.2671432"/>
      <testcase classname="Philips.PMP.Test.Auto.PhysioDataTimeOffsetProcessorTest"
                name="OffsetProcessorCanOffsetInfoEvent"
                time="0.0026946"/>
      <testcase classname="Philips.PMP.Test.Auto.ApmCollectorServiceTest"
                name="DoNotReportIfDeviceIdNotInMap"
                time="0.0670876"/>
      <testcase classname="Philips.PMP.Test.Auto.AutoAdtConfigControlHelperTest"
                name="GetMyProfilesTest"
                time="0.020713"/>
      <testcase classname="Philips.PMP.Test.Auto.IheMessageProcessorTest"
                name="IHEPCD01FollowedByPCD04SameChannelTest"
                time="0.0012803"/>
      <testcase classname="Philips.PMP.Test.Auto.PatientUnitAdmitTimeHelperTest"
                name="PatientDateTimeHelperMaximumAdmitTimeTest (0,True) row 1"
                time="0.0004377"/>
      <testcase classname="Philips.PMP.Test.Auto.PatientUnitAdmitTimeHelperTest"
                name="PatientDateTimeHelperMaximumAdmitTimeTest (7,True) row 2"
                time="0.0004155"/>
      <testcase classname="Philips.PMP.Test.Auto.PatientUnitAdmitTimeHelperTest"
                name="PatientDateTimeHelperMaximumAdmitTimeTest (-20,True) row 3"
                time="0.0006068"/>
      <testcase classname="Philips.PMP.Test.Auto.PatientUnitAdmitTimeHelperTest"
                name="PatientDateTimeHelperMaximumAdmitTimeTest (10,False) row 4"
                time="0.0003865"/>
      <testcase classname="Philips.PMP.Test.Auto.PatientUnitAdmitTimeHelperTest"
                name="PatientDateTimeHelperMaximumAdmitTimeTest (500,False) row 5"
                time="0.0003786"/>
      <testcase classname="Philips.PMP.Test.Auto.ApplicationFrameworkHelperTest"
                name="PriorDataStatesTest"
                time="0.26795"/>
      <testcase classname="Philips.PMP.Test.Auto.LicenseTest"
                name="LicenseGetSoftwareCapabilies"
                time="0.0007347"/>
      <testcase classname="Philips.iX.InboundDataBridge.Test.PhysioDataBridgeServiceTest"
                name="PhysioDataBridgeServiceConfigChangeTest"
                time="0.0356326"/>
      <testcase classname="Philips.PMP.Test.Auto.MdilDaTest"
                name="UnmanagedPrinterUploadUrlTest (True,False) row 1"
                time="0.0039323"/>
      <testcase classname="Philips.PMP.Test.Auto.MdilDaTest"
                name="UnmanagedPrinterUploadUrlTest (False,True) row 2"
                time="0.0004328"/>
      <testcase classname="Philips.PMP.Test.Auto.Hl7OruEncoderTest"
                name="SpsRiskbandExistsInClassicHl7Output"
                time="0.0014879"/>
      <testcase classname="Philips.PMP.Test.Auto.ExportPhysioDataControlTest"
                name="ExportPhysioDataControlSelectBed"
                time="1.8769552"/>
      <testcase classname="Philips.PMP.Test.Auto.ApmCrashSummaryDirectoryMonitorTest"
                name="ApmCrashSummaryDirectoryMonitorOnlyLoadsCrashesOnce"
                time="0.001365"/>
      <testcase classname="Philips.CareEvent.Test.ApplicationMainFormTest"
                name="ApplicationMainFormSetCurrentTabTitle (Philips.PIC.Applications.CareAssignmentForm,_tsbCareAssignment) row 1"
                time="0.2458937"/>
      <testcase classname="Philips.CareEvent.Test.ApplicationMainFormTest"
                name="ApplicationMainFormSetCurrentTabTitle (Philips.PIC.Applications.DeviceAssignmentForm,_tsbDeviceAssignment) row 2"
                time="0.0650123"/>
      <testcase classname="Philips.CareEvent.Test.ApplicationMainFormTest"
                name="ApplicationMainFormSetCurrentTabTitle (Philips.PIC.Configuration.FeatureConfigurationForm,_tsbEventNotification) row 3"
                time="0.0828929"/>
      <testcase classname="Philips.CareEvent.Test.ApplicationMainFormTest"
                name="ApplicationMainFormSetCurrentTabTitle (Philips.CareEvent.Configuration.MobileDeviceConfigurationForm,_tsbViewDevices) row 4"
                time="0.0539693"/>
      <testcase classname="Philips.CareEvent.Test.ApplicationMainFormTest"
                name="ApplicationMainFormSetCurrentTabTitle (Philips.CareEvent.Configuration.ScheduledMessageConfigurationForm,_tsbScheduledMessages) row 5"
                time="0.071364"/>
      <testcase classname="Philips.CareEvent.Test.ApplicationMainFormTest"
                name="ApplicationMainFormSetCurrentTabTitle (Philips.CareEvent.Configuration.EventMonitorForm,_tsbEventMonitor) row 6"
                time="0.076529"/>
      <testcase classname="Philips.CareEvent.Test.ApplicationMainFormTest"
                name="ApplicationMainFormSetCurrentTabTitle (Philips.PIC.CommonControls.PatientCenterForm,_tsbPatientCenter) row 7"
                time="0.0576698"/>
      <testcase classname="Philips.PMP.Test.Auto.RepositoryTest"
                name="RepositoryUsesCorrectTimeIntervalToQueryForSpotCheckData"
                time="0.0044482"/>
      <testcase classname="Philips.PIC.DataAcquisition.Test.SureSignsDataConverterTest"
                name="SureSignsDataConverterFromSureSignsTimeTest"
                time="0.0005304"/>
      <testcase classname="Philips.PMP.Test.Auto.PwmSpO2ControlMgrTest"
                name="PwmSpO2ControlMgrDeviceUpdateTest (True,False,False,False,False,2) row 1"
                time="0.0061815"/>
      <testcase classname="Philips.PMP.Test.Auto.PwmSpO2ControlMgrTest"
                name="PwmSpO2ControlMgrDeviceUpdateTest (False,True,False,False,False,2) row 2"
                time="0.0035955"/>
      <testcase classname="Philips.PMP.Test.Auto.PwmSpO2ControlMgrTest"
                name="PwmSpO2ControlMgrDeviceUpdateTest (False,False,True,False,False,2) row 3"
                time="0.0030306"/>
      <testcase classname="Philips.PMP.Test.Auto.PwmSpO2ControlMgrTest"
                name="PwmSpO2ControlMgrDeviceUpdateTest (False,False,False,True,False,2) row 4"
                time="0.0030371"/>
      <testcase classname="Philips.PMP.Test.Auto.PwmSpO2ControlMgrTest"
                name="PwmSpO2ControlMgrDeviceUpdateTest (False,False,False,False,True,0) row 5"
                time="0.002362"/>
      <testcase classname="Philips.PMP.Test.Auto.DbMigrationMgrTest"
                name="DbMigrationValidateCopyIfNewer"
                time="0.0116647"/>
      <testcase classname="Philips.PMP.Test.Auto.VersionFileProviderTest"
                name="VersionVerify"
                time="0.0019123"/>
      <testcase classname="Philips.PMP.Test.Auto.MySoundSettingTest"
                name="TraditionalSoundSettingTest"
                time="0.0035136"/>
      <testcase classname="Philips.CareEvent.Test.EventMgrTest"
                name="SendTestMessageTest"
                time="0.0030001"/>
      <testcase classname="Philips.PMP.Test.Auto.WindowsCrashDumpQualifierTest"
                name="WindowsCrashDumpQualifierConfiguresSystemDumps"
                time="0.5180638"/>
      <testcase classname="Philips.PMP.Test.Auto.LinkedListTest"
                name="LinkedListCanAddAfterTail"
                time="0.00159"/>
      <testcase classname="Philips.PMP.Test.Auto.ClinicalNotificationHelperTest"
                name="TryGetDisableControlForNotificationTest"
                time="0.0018832"/>
      <testcase classname="Philips.PMP.Test.Auto.UiCheckersPatientGeneratorTest"
                name="UiCheckersPatientGeneratorIsPatientUnassigned (True) row 1"
                time="0.0006908"/>
      <testcase classname="Philips.PMP.Test.Auto.UiCheckersPatientGeneratorTest"
                name="UiCheckersPatientGeneratorIsPatientUnassigned (False) row 2"
                time="0.0009716"/>
      <testcase classname="Philips.PMP.Test.Auto.TimeMgrTest"
                name="TimeMgrNoTimeJumpsOnPatientChange"
                time="0.0008277"/>
      <testcase classname="Philips.PMP.Test.Auto.Hl7MessageBuilderTest"
                name="Hl7CreateTimeSyncMessageTest"
                time="0.0021872"/>
      <testcase classname="Philips.PMP.Test.Auto.SystemStatusMessageHandlerTest"
                name="ClearStatusMessageIsOnlyCalledOnce"
                time="0.0009349"/>
      <testcase classname="Philips.PMP.Test.Auto.WebHostHelperTest"
                name="SetPatientContentReturnsEncodedContent"
                time="0.0799193"/>
      <testcase classname="Philips.PIC.SharedAssignment.Test.SharedAssignmentDataConsistencyCheckerTests"
                name="SharedAssignmentCaregiverAssignmentForPrimaryRole (1,1,1) row 1"
                time="0.0122921"/>
      <testcase classname="Philips.PIC.SharedAssignment.Test.SharedAssignmentDataConsistencyCheckerTests"
                name="SharedAssignmentCaregiverAssignmentForPrimaryRole (2,2,1) row 2"
                time="0.0027977"/>
      <testcase classname="Philips.PMP.Test.Auto.ControlServiceTest"
                name="DeviceControlMgrTryCreateSucceeds (DataAcquisition) row 1"
                time="0.0010914"/>
      <testcase classname="Philips.PMP.Test.Auto.ControlServiceTest"
                name="DeviceControlMgrTryCreateSucceeds (Device) row 2"
                time="0.0005064"/>
      <testcase classname="Philips.PMP.Test.Auto.ControlServiceTest"
                name="DeviceControlMgrTryCreateSucceeds (PhysioData) row 3"
                time="0.0006082"/>
      <testcase classname="Philips.PMP.Test.Auto.ControlServiceTest"
                name="DeviceControlMgrTryCreateSucceeds (Star) row 4"
                time="0.0069588"/>
      <testcase classname="Philips.PMP.Test.Auto.ControlServiceTest"
                name="DeviceControlMgrTryCreateSucceeds (AlertGenerator) row 5"
                time="0.0005069"/>
      <testcase classname="Philips.PMP.Test.Auto.ControlServiceTest"
                name="DeviceControlMgrTryCreateSucceeds (ProtocolWatchService) row 6"
                time="0.0004442"/>
      <testcase classname="Philips.PMP.Test.Auto.ClinicalNotificationServiceMgrTest"
                name="ClinicalNotificationServiceMgrGetProxyTest (True,1,0) row 1"
                time="0.0139836"/>
      <testcase classname="Philips.PMP.Test.Auto.ClinicalNotificationServiceMgrTest"
                name="ClinicalNotificationServiceMgrGetProxyTest (False,0,1) row 2"
                time="0.0248368"/>
      <testcase classname="Philips.PMP.Test.Auto.EfficiaControlMgrTest"
                name="EfficiaControlMgrProcessEcgLeadSettingTest"
                time="0.0100633"/>
      <testcase classname="Philips.CareEvent.Test.CareTouchCommunicationMgrTest"
                name="DoNotAcceptConnectionIfNoMobilityNoEventNotification"
                time="0.0063653"/>
      <testcase classname="Philips.PMP.Test.Auto.EnterpriseProviderTest"
                name="TopologyProviderGetUnitAndInstitutionTest"
                time="0.2517991"/>
      <testcase classname="Philips.PMP.Test.Auto.FullDisclosureValueProcessorTest"
                name="EcgWaveChannelMappingTest"
                time="0.0079492"/>
      <testcase classname="Philips.PMP.Test.Auto.EventNotificationMgrTest"
                name="IsSharedRoleChangedShouldReturnTrueIfSharedRoleIsSwapped"
                time="0.0009924"/>
      <testcase classname="Philips.PMP.Test.Auto.MobileRemoteControlMgrTest"
                name="InvokeRemoteControlsValid"
                time="0.0115399"/>
      <testcase classname="Philips.PMP.Test.Auto.DataTileHelperTest"
                name="GetAnnotationStringTest"
                time="0.0061543"/>
      <testcase classname="Philips.PMP.Test.Auto.TrendUploadMgrTest"
                name="DvcsCanBeReceivedOverTelemdilTest"
                time="0.0049794"/>
      <testcase classname="Philips.PMP.Test.Auto.ZoneEntityControlTest"
                name="ZoneContextMenuContainsExpectedOptions"
                time="0.0467685"/>
      <testcase classname="Philips.PMP.Test.Auto.TrendUploadValueProcessorTest"
                name="EEGNumericsAreReconstructedCorrectlyTest"
                time="0.0150269"/>
      <testcase classname="Philips.PMP.Test.Auto.FormClosingConfirmerTest"
                name="FormClosingConfirmerFormClosingEventHandler (True,Cancel) row 1"
                time="0.0156043"/>
      <testcase classname="Philips.PMP.Test.Auto.FormClosingConfirmerTest"
                name="FormClosingConfirmerFormClosingEventHandler (False,Cancel) row 2"
                time="0.0016634"/>
      <testcase classname="Philips.PMP.Test.Auto.FormClosingConfirmerTest"
                name="FormClosingConfirmerFormClosingEventHandler (True,Yes) row 3"
                time="0.0017115"/>
      <testcase classname="Philips.PMP.Test.Auto.FormClosingConfirmerTest"
                name="FormClosingConfirmerFormClosingEventHandler (False,Yes) row 4"
                time="0.1832185"/>
      <testcase classname="Philips.PMP.Test.Auto.FormClosingConfirmerTest"
                name="FormClosingConfirmerFormClosingEventHandler (True,No) row 5"
                time="0.0015924"/>
      <testcase classname="Philips.PMP.Test.Auto.FormClosingConfirmerTest"
                name="FormClosingConfirmerFormClosingEventHandler (False,No) row 6"
                time="0.001177"/>
      <testcase classname="Philips.IX.UserManagement.Test.UserAuthenticatorsTest"
                name="UserAuthenticatorLocalDirectoryPasswordFail1Test"
                time="0.000838"/>
      <testcase classname="Philips.PMP.Test.Auto.CiParserTest"
                name="CiParserParsePowerStatusTest (ChargingFull, OnMains) row 1"
                time="0.00507"/>
      <testcase classname="Philips.PMP.Test.Auto.CiParserTest"
                name="CiParserParsePowerStatusTest (OnBattery) row 2"
                time="0.0094098"/>
      <testcase classname="Philips.PMP.Test.Auto.CiParserTest"
                name="CiParserParsePowerStatusTest (BatteryMalfunction) row 3"
                time="0.0006738"/>
      <testcase classname="Philips.IX.UserManagement.Test.UserContextTest"
                name="AuthorizeSucceedTest"
                time="0.0267485"/>
      <testcase classname="Philips.PMP.Test.Auto.WebsiteRequestFilteringTest"
                name="WebsiteRequestFilteringExtensionTest"
                time="0.3091916"/>
      <testcase classname="Philips.PMP.Test.Auto.WebHostHelperTest"
                name="CreateRedirectAddressTest (True) row 1"
                time="0.0035192"/>
      <testcase classname="Philips.PMP.Test.Auto.WebHostHelperTest"
                name="CreateRedirectAddressTest (False) row 2"
                time="0.0005552"/>
      <testcase classname="Philips.PMP.Test.Auto.AlertMgrTest"
                name="AlertMgrReportUndeliveredAlarmTest"
                time="0.0023605"/>
      <testcase classname="Philips.PMP.Test.Auto.TeleProfileHelperTest"
                name="GetProfileDisplayNameTest"
                time="0.0017344"/>
      <testcase classname="Philips.PMP.Test.Auto.PhysioDataComparisonTest"
                name="InfoEventQueryEqualityTest"
                time="0.0010062"/>
      <testcase classname="Philips.PMP.Test.Auto.ProtocolWatchTest"
                name="ProtocolWatchUpdatePatientTest"
                time="0.004499"/>
      <testcase classname="Philips.PMP.Test.Auto.EntityLicenseExtensionsTest"
                name="EntityLicenseExtensionsIsLargeConfigDbServer"
                time="0.0012099"/>
      <testcase classname="Philips.CareEvent.Test.CareAssignmentControlTests"
                name="AskAndSaveUnsavedChangesShouldReturnCorrectValue (False,Yes) row 1"
                time="0.0529693"/>
      <testcase classname="Philips.CareEvent.Test.CareAssignmentControlTests"
                name="AskAndSaveUnsavedChangesShouldReturnCorrectValue (False,No) row 2"
                time="0.0415235"/>
      <testcase classname="Philips.CareEvent.Test.CareAssignmentControlTests"
                name="AskAndSaveUnsavedChangesShouldReturnCorrectValue (True,Cancel) row 3"
                time="0.0450902"/>
      <testcase classname="Philips.PMP.Test.Auto.EfficiaNumericMgrTest"
                name="EfficiaNumericMgrProcessQtcAlarmLimitMessagesTest"
                time="0.0556693"/>
      <testcase classname="Philips.PMP.Test.Auto.MobileEquipmentMgrTest"
                name="ParseInvalidBedIdReturnResultCodeUnknown"
                time="0.0985851"/>
      <testcase classname="Philips.PMP.Test.Auto.DataBackIntegrationFilterTest"
                name="DataBackIntegrationFilterDataTest (True,True,0,0) row 1"
                time="0.008121"/>
      <testcase classname="Philips.PMP.Test.Auto.DataBackIntegrationFilterTest"
                name="DataBackIntegrationFilterDataTest (False,False,0,0) row 2"
                time="0.0015192"/>
      <testcase classname="Philips.PMP.Test.Auto.DataBackIntegrationFilterTest"
                name="DataBackIntegrationFilterDataTest (False,True,1,1) row 3"
                time="0.008401"/>
      <testcase classname="Philips.PMP.Test.Auto.AutoAdtConfigControlHelperTest"
                name="CopySettingsTest"
                time="0.0154176"/>
      <testcase classname="Philips.PMP.Test.Auto.WaveAnnotationHelperTest"
                name="CalculateWaveAnnotationsInvalidPhysioData"
                time="0.0027887"/>
      <testcase classname="Philips.PMP.Test.Auto.DeviceControlTest"
                name="LimitControlTryGetLowTest"
                time="0.0011918"/>
      <testcase classname="Philips.PMP.Test.Auto.EventCatalogProviderTest"
                name="EventDefinitionNamesCacheCacheShouldBeLoadedBeforeBeingUsed"
                time="0.0954637"/>
      <testcase classname="Philips.PMP.Test.Auto.BedToBedOverviewTest"
                name="BedToBedOverviewDeviceOfflineTest (Mdil,Associated,222222,1) row 1"
                time="0.0081145"/>
      <testcase classname="Philips.PMP.Test.Auto.BedToBedOverviewTest"
                name="BedToBedOverviewDeviceOfflineTest (Mdil,Offline,222222,0) row 2"
                time="0.0078957"/>
      <testcase classname="Philips.PMP.Test.Auto.BedToBedOverviewTest"
                name="BedToBedOverviewDeviceOfflineTest (Telemdil,Offline,222222,1) row 3"
                time="0.0023088"/>
      <testcase classname="Philips.PMP.Test.Auto.BedToBedOverviewTest"
                name="BedToBedOverviewDeviceOfflineTest (Mdil,Offline,333333,1) row 4"
                time="0.0020917"/>
      <testcase classname="Philips.CareEvent.Test.MobileDevicePropertiesControlTests"
                name="InvalidInputTest"
                time="0.0198146"/>
      <testcase classname="Philips.PMP.Test.Auto.SectorProviderTest"
                name="SectorAssignmentSettingTest"
                time="0.2604882"/>
      <testcase classname="Philips.PMP.Test.Auto.WebProxyProviderTest"
                name="WebProxyDeviceReturnsIpAddress"
                time="0.0055802"/>
      <testcase classname="Philips.PMP.Test.Auto.CatalogConfigControlTest"
                name="CopyCatalogShouldCopySuccessfullyIfCustomCategoriesExist"
                time="0.0499628"/>
      <testcase classname="Philips.PMP.Test.Auto.ExportLogsControlTest"
                name="LogExportExcludesPatientInformationByDefault"
                time="0.0502477"/>
      <testcase classname="Philips.PMP.Test.Auto.ActiveDirectoryConfiguratorTest"
                name="ActiveDirectoryConfiguratorGetDefaultTimeSync"
                time="0.0010391"/>
      <testcase classname="Philips.PMP.Test.Auto.ActiveDirectoryControlTest"
                name="ActiveDirectoryControlCanBeReadOnly (True) row 1"
                time="0.0210447"/>
      <testcase classname="Philips.PMP.Test.Auto.ActiveDirectoryControlTest"
                name="ActiveDirectoryControlCanBeReadOnly (False) row 2"
                time="0.0254923"/>
      <testcase classname="Philips.PMP.Test.Auto.AlertMgrTest"
                name="AlertMgrMarksTimeMappingsAsUsed"
                time="0.1541303"/>
      <testcase classname="Philips.PMP.Test.Auto.PhysioDataTimeOffsetProcessorTest"
                name="OffsetProcessorCanOffsetEmptyPhysioData"
                time="0.00462"/>
      <testcase classname="Philips.PMP.Test.Auto.TimeMgrTest"
                name="TimeMgrDoesNotUpdateTimeForUnknownMasterDevices (True) row 1"
                time="0.0007644"/>
      <testcase classname="Philips.PMP.Test.Auto.TimeMgrTest"
                name="TimeMgrDoesNotUpdateTimeForUnknownMasterDevices (False) row 2"
                time="0.0013705"/>
      <testcase classname="Philips.PMP.Test.Auto.EventCategoryFiltersTreeHelperTest"
                name="EventCategoryFiltersUpdateTreeTest"
                time="0.0208539"/>
      <testcase classname="Philips.PMP.Test.Auto.SurveillanceLayoutTest"
                name="LayoutLargeHalfScreenDisplayTest"
                time="0.1099636"/>
      <testcase classname="Philips.PMP.Test.Auto.InvalidSampleFileMgrTest"
                name="PdxInvalidSamplesAreExportedCorrectly"
                time="0.0009345"/>
      <testcase classname="Philips.PMP.Test.Auto.MobileEnumerationConverterTest"
                name="MobileEnumerationConverterCanFormatColors"
                time="0.0062772"/>
      <testcase classname="Philips.PMP.Test.Auto.DbEngineTest"
                name="TransactionTestOuterFailInnerFail"
                time="0.0135458"/>
      <testcase classname="Philips.PMP.Test.Auto.BodyCalculationsControlHelperTest"
                name="BodyCalculationsHelperGetPatientWeightChoices"
                time="0.0034346"/>
      <testcase classname="Philips.PIC.WebBridge.Test.StripDataControllerTest"
                name="WillGetSaveLicensingTest"
                time="0.0085373"/>
      <testcase classname="Philips.PMP.Test.Auto.NumericProviderTest"
                name="NumericProviderPeriodicMergeUnavailableSamplesTest"
                time="0.3127172"/>
      <testcase classname="Philips.PMP.Test.Auto.PatientMgrTest"
                name="PatientMgrResetPatientForNewUnitTest (True,False,No) row 1"
                time="0.0044155"/>
      <testcase classname="Philips.PMP.Test.Auto.PatientMgrTest"
                name="PatientMgrResetPatientForNewUnitTest (False,False,No) row 2"
                time="0.0021046"/>
      <testcase classname="Philips.PMP.Test.Auto.PatientMgrTest"
                name="PatientMgrResetPatientForNewUnitTest (False,True,Yes) row 3"
                time="0.0019045"/>
      <testcase classname="Philips.PMP.Test.Auto.UtilitiesServiceTest"
                name="UtilitiesServiceChecksIfKaVoomServiceIsRunning (True) row 1"
                time="0.1781889"/>
      <testcase classname="Philips.PMP.Test.Auto.UtilitiesServiceTest"
                name="UtilitiesServiceChecksIfKaVoomServiceIsRunning (False) row 2"
                time="0.0195888"/>
      <testcase classname="Philips.PMP.LicenseService.Test.UnitLicenseProcessorTest"
                name="CopyLicenseTest (True) row 1"
                time="0.0102225"/>
      <testcase classname="Philips.PMP.LicenseService.Test.UnitLicenseProcessorTest"
                name="CopyLicenseTest (False) row 2"
                time="0.0015425"/>
      <testcase classname="Philips.PMP.Test.Auto.EventCategorySettingsProviderTest"
                name="GetEventCategorySettingsShouldFindExtremeBrady"
                time="0.2952054"/>
      <testcase classname="Philips.PMP.Test.Auto.PatientAdtActionFinderTest"
                name="PatientAdtActionFinderTryGetMatchingPatientsDuplicatePatients"
                time="0.0379276"/>
      <testcase classname="Philips.PMP.Test.Auto.PhysioDataDisplayHelperTest"
                name="OngoingStringTest"
                time="0.0230421"/>
      <testcase classname="Philips.PMP.Test.Auto.ActiveDirectorySyncScheduleTest"
                name="ActiveDirectorySyncScheduleCreateWithTime"
                time="0.0011055"/>
      <testcase classname="Philips.PMP.Test.Auto.TopologyProviderTest"
                name="GetInstitutionNameByBedId"
                time="0.2434279"/>
      <testcase classname="Philips.PMP.Test.Auto.PatientFieldsHelperTest"
                name="PatientFieldsHelperGetPatientFields"
                time="0.0038989"/>
      <testcase classname="Philips.PMP.Test.Auto.StreamNotificationServiceTest"
                name="StreamNotificationServiceCanSubscribeForDebug (True,1) row 1"
                time="0.0036581"/>
      <testcase classname="Philips.PMP.Test.Auto.StreamNotificationServiceTest"
                name="StreamNotificationServiceCanSubscribeForDebug (False,0) row 2"
                time="0.0012186"/>
      <testcase classname="Philips.PMP.Test.Auto.PatientMgrTest"
                name="PatientMgrProcessShowConflictTest"
                time="0.4365965"/>
      <testcase classname="Philips.CareEvent.Test.EventMgrTest"
                name="GetUserNamesTest"
                time="0.0323883"/>
      <testcase classname="Philips.PMP.Test.Auto.MulticastAddressControlTest"
                name="RefreshAddressAssignmentMultiInstitutionTest"
                time="0.2838272"/>
      <testcase classname="Philips.PMP.Test.Auto.ActiveDirectoryControlTest"
                name="ActiveDirectoryControlRefreshView"
                time="0.1147969"/>
      <testcase classname="Philips.PMP.Test.Auto.DeviceToBedAssignmentControlTest"
                name="InitializeControlDeviceToBedButonsStateCheckerTest"
                time="0.094442"/>
      <testcase classname="Philips.PMP.Test.Auto.EventNotificationMgrTest"
                name="IsSharedRoleChangedReturnFalseIfSharedRoleNotAvailable"
                time="0.001919"/>
      <testcase classname="Philips.CareEvent.Test.CareAssignmentControlTests"
                name="AskAndSaveUnsavedChangesShouldHandleNullCbxZones"
                time="0.0557619"/>
      <testcase classname="Philips.PMP.Test.Auto.LanDeviceAssignmentNotificationServiceTest"
                name="ServiceDoesNotSendUpdateIfNoPortIsSpecified"
                time="0.0468724"/>
      <testcase classname="Philips.PMP.Test.Auto.DeviceLocationControlTest"
                name="LoadClinicalUnitsMultiInstitutionTest"
                time="0.2822961"/>
      <testcase classname="Philips.CareEvent.Test.EventMonitorFilterTests"
                name="EventMonitorFilterOnClinicalNotifications"
                time="0.103328"/>
      <testcase classname="Philips.PMP.Test.Auto.IheDriverAlarmTest"
                name="IheBBraunDoselinkPlusAlarmTest (MSH|^~\&amp;|PAT_DEVICE_BBRAUN^0012211839000001^EUI-64|BBRAUN|DOC_AM_TEST|BB1|20220523142113+0000||ORU^R01^ORU_R01|63788912473382465025|P|2.6|||AL|NE||ASCII|en^English^ISO639||IHE_PCD_001^IHE PCD^1.3.6.1.4.1.19376.1.6.4.1^ISO&#xD;&#xA;PID|||Unknown Patient^Unknown Patient||^^^^^^U||||||||||||||||||||||||||Y&#xD;&#xA;OBR|1|029d53e1-daa3-11ec-8487-c0ee400d168f^PAT_DEVICE_BBRAUN^0012211839000001^EUI-64|029d53e1-daa3-11ec-8487-c0ee400d168f^PAT_DEVICE_BBRAUN^0012211839000001^EUI-64|Dobutamine^Dobutamine|||20220523142039+0000&#xD;&#xA;OBX|1||70053^MDC_DEV_PUMP_INFUS_SYRINGE_MDS^MDC|1.0.0.0|||||||X|||||||P2450^^0012210000000000^EUI-64&#xD;&#xA;OBX|2||70054^MDC_DEV_PUMP_INFUS_SYRINGE_VMD^MDC|1.1.0.0|||||||X&#xD;&#xA;OBX|3|CWE|68012^MDC_ATTR_AL_COND^MDC|1.1.0.5|197370^MDC_EVT_SYRINGE_NEAR_EMPTY^MDC||||||R&#xD;&#xA;OBX|8||70067^MDC_DEV_PUMP_DELIVERY_INFO^MDC|1.1.1.0|||||||X&#xD;&#xA;OBX|9|ST|0^MDC_ATTR_PUMP_PILLAR_DETAILS^MDC|1.1.0.24|0^0||||||F|||||||CA1~Rm1~Bed2~Fac1~~~Bldg1~Fl1^^0012210000000000^EUI-64&#xD;&#xA;OBX|9|CWE|184519^MDC_PUMP_INFUSING_STATUS^MDC|1.1.1.1|^pump-status-infusing||||||R&#xD;&#xA;OBX|10|NM|158014^MDC_FLOW_FLUID_PUMP_CURRENT^MDC|1.1.1.2|18|265266^MDC_DIM_MILLI_L_PER_HR^MDC^mL/h^mL/h^UCUM|||||R&#xD;&#xA;OBX|11|CWE|158016^MDC_DEV_PUMP_ACTIVE_SOURCES^MDC|1.1.1.3|^pump-source-info-primary||||||R&#xD;&#xA;OBX|12||70071^MDC_DEV_PUMP_INFUSATE_SOURCE_PRIMARY^MDC|1.1.2.0|||||||X&#xD;&#xA;OBX|13|ST|158012^MDC_DEV_PUMP_SOURCE_CHANNEL_LABEL^MDC|1.1.2.1|Primary||||||R&#xD;&#xA;OBX|14|ST|184514^MDC_DRUG_NAME_LABEL^MDC|1.1.2.2|Dobutamine||||||R,True,61719,4430,1082983454,CentralAudible,Technical,YellowAlarm,!!Syr Near Empty,,,,) row 1"
                time="0.0164618"/>
      <testcase classname="Philips.PMP.Test.Auto.IheDriverAlarmTest"
                name="IheBBraunDoselinkPlusAlarmTest (MSH|^~\&amp;|PAT_DEVICE_BBRAUN^0012211839000001^EUI-64|BBRAUN|DOC_AM_TEST|BB1|20220523142113+0000||ORU^R01^ORU_R01|63788912473382465025|P|2.6|||AL|NE||ASCII|en^English^ISO639||IHE_PCD_001^IHE PCD^1.3.6.1.4.1.19376.1.6.4.1^ISO&#xD;&#xA;PID|||Unknown Patient^Unknown Patient||^^^^^^U||||||||||||||||||||||||||Y&#xD;&#xA;OBR|1|029d53e1-daa3-11ec-8487-c0ee400d168f^PAT_DEVICE_BBRAUN^0012211839000001^EUI-64|029d53e1-daa3-11ec-8487-c0ee400d168f^PAT_DEVICE_BBRAUN^0012211839000001^EUI-64|Dobutamine^Dobutamine|||20220523142039+0000&#xD;&#xA;OBX|1||70053^MDC_DEV_PUMP_INFUS_SYRINGE_MDS^MDC|1.0.0.0|||||||X|||||||P2450^^0012210000000000^EUI-64&#xD;&#xA;OBX|2||70054^MDC_DEV_PUMP_INFUS_SYRINGE_VMD^MDC|1.1.0.0|||||||X&#xD;&#xA;OBX|8||70067^MDC_DEV_PUMP_DELIVERY_INFO^MDC|1.1.1.0|||||||X&#xD;&#xA;OBX|9|ST|0^MDC_ATTR_PUMP_PILLAR_DETAILS^MDC|1.1.0.24|0^0||||||F|||||||CA1~Rm1~Bed2~Fac1~~~Bldg1~Fl1^^0012210000000000^EUI-64&#xD;&#xA;OBX|9|CWE|184519^MDC_PUMP_INFUSING_STATUS^MDC|1.1.1.1|^pump-status-infusing||||||R&#xD;&#xA;OBX|10|NM|158014^MDC_FLOW_FLUID_PUMP_CURRENT^MDC|1.1.1.2|18|265266^MDC_DIM_MILLI_L_PER_HR^MDC^mL/h^mL/h^UCUM|||||R&#xD;&#xA;OBX|11|CWE|158016^MDC_DEV_PUMP_ACTIVE_SOURCES^MDC|1.1.1.3|^pump-source-info-primary||||||R&#xD;&#xA;OBX|12||70071^MDC_DEV_PUMP_INFUSATE_SOURCE_PRIMARY^MDC|1.1.2.0|||||||X&#xD;&#xA;OBX|13|ST|158012^MDC_DEV_PUMP_SOURCE_CHANNEL_LABEL^MDC|1.1.2.1|Primary||||||R&#xD;&#xA;OBX|14|ST|184514^MDC_DRUG_NAME_LABEL^MDC|1.1.2.2|Dobutamine||||||R,False,,,,,,,,,,,) row 2"
                time="0.0007201"/>
      <testcase classname="Philips.PMP.Test.Auto.IheDriverAlarmTest"
                name="IheBBraunDoselinkPlusAlarmTest (MSH|^~\&amp;|PAT_DEVICE_BBRAUN^0012211839000001^EUI-64|BBRAUN|DOC_AM_TEST|BB1|20220523142113+0000||ORU^R01^ORU_R01|63788912473382465025|P|2.6|||AL|NE||ASCII|en^English^ISO639||IHE_PCD_001^IHE PCD^1.3.6.1.4.1.19376.1.6.4.1^ISO&#xD;&#xA;PID|||Unknown Patient^Unknown Patient||^^^^^^U||||||||||||||||||||||||||Y&#xD;&#xA;OBR|1|029d53e1-daa3-11ec-8487-c0ee400d168f^PAT_DEVICE_BBRAUN^0012211839000001^EUI-64|029d53e1-daa3-11ec-8487-c0ee400d168f^PAT_DEVICE_BBRAUN^0012211839000001^EUI-64|Dobutamine^Dobutamine|||20220523142039+0000&#xD;&#xA;OBX|1||70053^MDC_DEV_PUMP_INFUS_SYRINGE_MDS^MDC|1.0.0.0|||||||X|||||||P2450^^0012210000000000^EUI-64&#xD;&#xA;OBX|2||70054^MDC_DEV_PUMP_INFUS_SYRINGE_VMD^MDC|1.1.0.0|||||||X&#xD;&#xA;OBX|3|CWE|68012^MDC_ATTR_AL_COND^MDC|1.1.0.5|197218^MDC_EVT_SYRINGE_BARREL_CAPTURE_FAULT^MDC~197370^MDC_EVT_SYRINGE_NEAR_EMPTY^MDC||||||R&#xD;&#xA;OBX|8||70067^MDC_DEV_PUMP_DELIVERY_INFO^MDC|1.1.1.0|||||||X&#xD;&#xA;OBX|9|ST|0^MDC_ATTR_PUMP_PILLAR_DETAILS^MDC|1.1.0.24|0^0||||||F|||||||CA1~Rm1~Bed2~Fac1~~~Bldg1~Fl1^^0012210000000000^EUI-64&#xD;&#xA;OBX|9|CWE|184519^MDC_PUMP_INFUSING_STATUS^MDC|1.1.1.1|^pump-status-infusing||||||R&#xD;&#xA;OBX|10|NM|158014^MDC_FLOW_FLUID_PUMP_CURRENT^MDC|1.1.1.2|18|265266^MDC_DIM_MILLI_L_PER_HR^MDC^mL/h^mL/h^UCUM|||||R&#xD;&#xA;OBX|11|CWE|158016^MDC_DEV_PUMP_ACTIVE_SOURCES^MDC|1.1.1.3|^pump-source-info-primary||||||R&#xD;&#xA;OBX|12||70071^MDC_DEV_PUMP_INFUSATE_SOURCE_PRIMARY^MDC|1.1.2.0|||||||X&#xD;&#xA;OBX|13|ST|158012^MDC_DEV_PUMP_SOURCE_CHANNEL_LABEL^MDC|1.1.2.1|Primary||||||R&#xD;&#xA;OBX|14|ST|184514^MDC_DRUG_NAME_LABEL^MDC|1.1.2.2|Dobutamine||||||R,True,61703,4430,1082983429,CentralAudible,Technical,YellowAlarm,!!Holder Open,61719,1082983454,YellowAlarm,!!Syr Near Empty) row 3"
                time="0.0008636"/>
      <testcase classname="Philips.PMP.Test.Auto.UserTimeoutTest"
                name="UserTimeoutLogout"
                time="0.0014975"/>
      <testcase classname="Philips.PMP.Test.Auto.Hl7TcpConnectionTest"
                name="Hl7TcpConnectionSendSecure"
                time="0.0049184"/>
      <testcase classname="Philips.PMP.Test.Auto.UploadedDataDisplayHelperTest"
                name="GetDistinctIntervalsTest"
                time="0.0009838"/>
      <testcase classname="Philips.PMP.Test.Auto.EcgDerivationMgrTest"
                name="HexadStoreDerivedWavesIfNeeded2Waves"
                time="0.0053056"/>
      <testcase classname="Philips.PMP.Test.Auto.DiskSpaceQualifierTest"
                name="DiskSpaceQualifierVerifyNotPhysioWarning"
                time="0.0034503"/>
      <testcase classname="Philips.CareEvent.Test.EventWorkflowProviderTests"
                name="GetChatMessagesForReceiver"
                time="0.0132008"/>
      <testcase classname="Philips.PMP.Test.Auto.ReportHelperTest"
                name="GeneratePatientSummaryReportTest"
                time="0.051071"/>
      <testcase classname="Philips.PMP.Test.Auto.DeviceToPatientUriInfosBuilderTest"
                name="DeviceToPatientUriInfosBuilderBuildDeviceToPatientUriInfos"
                time="0.0038612"/>
      <testcase classname="Philips.PMP.Test.Auto.CiServiceTest"
                name="OnTopologyChangedTest (Unknown,False,False,True,0) row 1"
                time="0.117113"/>
      <testcase classname="Philips.PMP.Test.Auto.CiServiceTest"
                name="OnTopologyChangedTest (Unknown,False,False,False,0) row 2"
                time="0.0013563"/>
      <testcase classname="Philips.PMP.Test.Auto.CiServiceTest"
                name="OnTopologyChangedTest (MonitorRenamed,False,False,True,0) row 3"
                time="0.0029095"/>
      <testcase classname="Philips.PMP.Test.Auto.CiServiceTest"
                name="OnTopologyChangedTest (MonitorRenamed,False,False,False,0) row 4"
                time="0.0010768"/>
      <testcase classname="Philips.PMP.Test.Auto.CiServiceTest"
                name="OnTopologyChangedTest (MonitorsAdded,False,False,True,0) row 5"
                time="0.0023738"/>
      <testcase classname="Philips.PMP.Test.Auto.CiServiceTest"
                name="OnTopologyChangedTest (MonitorsAdded,False,False,False,0) row 6"
                time="0.0010575"/>
      <testcase classname="Philips.PMP.Test.Auto.CiServiceTest"
                name="OnTopologyChangedTest (HostMoved,False,False,True,0) row 7"
                time="0.0010655"/>
      <testcase classname="Philips.PMP.Test.Auto.CiServiceTest"
                name="OnTopologyChangedTest (HostMoved,False,True,True,1) row 8"
                time="0.0025186"/>
      <testcase classname="Philips.PMP.Test.Auto.CiServiceTest"
                name="OnTopologyChangedTest (HostMoved,False,False,False,0) row 9"
                time="0.0010823"/>
      <testcase classname="Philips.PMP.Test.Auto.CiServiceTest"
                name="OnTopologyChangedTest (HostMoved,False,True,False,1) row 10"
                time="0.0022681"/>
      <testcase classname="Philips.PMP.Test.Auto.CiServiceTest"
                name="OnTopologyChangedTest (MulticastZoneChanged,False,False,True,1) row 11"
                time="0.0023589"/>
      <testcase classname="Philips.PMP.Test.Auto.CiServiceTest"
                name="OnTopologyChangedTest (MulticastZoneChanged,False,True,True,1) row 12"
                time="0.0024351"/>
      <testcase classname="Philips.PMP.Test.Auto.CiServiceTest"
                name="OnTopologyChangedTest (MulticastZoneChanged,False,False,False,0) row 13"
                time="0.0010926"/>
      <testcase classname="Philips.PMP.Test.Auto.CiServiceTest"
                name="OnTopologyChangedTest (MulticastZoneChanged,False,True,False,0) row 14"
                time="0.0009438"/>
      <testcase classname="Philips.PMP.Test.Auto.CiServiceTest"
                name="OnTopologyChangedTest (ZoneChanged,False,False,True,1) row 15"
                time="0.0023732"/>
      <testcase classname="Philips.PMP.Test.Auto.CiServiceTest"
                name="OnTopologyChangedTest (ZoneChanged,False,True,True,1) row 16"
                time="0.0025278"/>
      <testcase classname="Philips.PMP.Test.Auto.CiServiceTest"
                name="OnTopologyChangedTest (ZoneChanged,False,False,False,0) row 17"
                time="0.0011273"/>
      <testcase classname="Philips.PMP.Test.Auto.CiServiceTest"
                name="OnTopologyChangedTest (ZoneChanged,False,True,False,0) row 18"
                time="0.0009228"/>
      <testcase classname="Philips.PMP.Test.Auto.CiServiceTest"
                name="OnTopologyChangedTest (MulticastBlockHostChanged,False,False,True,0) row 19"
                time="0.001013"/>
      <testcase classname="Philips.PMP.Test.Auto.CiServiceTest"
                name="OnTopologyChangedTest (MulticastBlockHostChanged,False,True,True,1) row 20"
                time="0.0023368"/>
      <testcase classname="Philips.PMP.Test.Auto.CiServiceTest"
                name="OnTopologyChangedTest (MulticastBlockHostChanged,False,False,False,0) row 21"
                time="0.0010811"/>
      <testcase classname="Philips.PMP.Test.Auto.CiServiceTest"
                name="OnTopologyChangedTest (MulticastBlockHostChanged,False,True,False,1) row 22"
                time="0.0022653"/>
      <testcase classname="Philips.PMP.Test.Auto.EfficiaWaveStreamReaderTest"
                name="DoesntCrashWithUnknownWaveTest"
                time="0.0016408"/>
      <testcase classname="Philips.PMP.Test.Auto.PatientDataExportFileTest"
                name="PdxExportHasCorrectFolderCount"
                time="0.0895881"/>
      <testcase classname="Philips.PMP.Test.Auto.MobileDeviceResponseSenderTest"
                name="ProcessNotifications"
                time="0.1749528"/>
      <testcase classname="Philips.PMP.Test.Auto.CameraSystemQualifierTest"
                name="CameraSystemQualifierSucceedsWhenAllUserAuthenticateSuccess"
                time="0.0128129"/>
      <testcase classname="Philips.PMP.Test.Auto.PatientDataExportFileTest"
                name="PdxEnumerationFileHasExpectedName"
                time="0.1941303"/>
      <testcase classname="Philips.PMP.Test.Auto.TileLayoutPanelTest"
                name="TileLayoutPanelSetDevicesTest (Portal5000,True,False) row 1"
                time="0.009538"/>
      <testcase classname="Philips.PMP.Test.Auto.TileLayoutPanelTest"
                name="TileLayoutPanelSetDevicesTest (Efficia,False,True) row 2"
                time="0.0094116"/>
      <testcase classname="Philips.PMP.Test.Auto.TileLayoutPanelTest"
                name="TileLayoutPanelSetDevicesTest (DelphiHigh12In,False,False) row 3"
                time="0.0119965"/>
      <testcase classname="Philips.PMP.Test.Auto.LinkedListTest"
                name="LinkedListCanRemoveAnyNodeByValue (0) row 1"
                time="0.004399"/>
      <testcase classname="Philips.PMP.Test.Auto.LinkedListTest"
                name="LinkedListCanRemoveAnyNodeByValue (1) row 2"
                time="0.0008168"/>
      <testcase classname="Philips.PMP.Test.Auto.LinkedListTest"
                name="LinkedListCanRemoveAnyNodeByValue (2) row 3"
                time="0.0063658"/>
      <testcase classname="Philips.PMP.Test.Auto.LinkedListTest"
                name="LinkedListCanRemoveAnyNodeByValue (3) row 4"
                time="0.0004532"/>
      <testcase classname="Philips.PMP.Test.Auto.LinkedListTest"
                name="LinkedListCanRemoveAnyNodeByValue (4) row 5"
                time="0.0009169"/>
      <testcase classname="Philips.PMP.Test.Auto.PatientAssignmentHelperTest"
                name="CutBedNameIfNeededTest"
                time="0.0008152"/>
      <testcase classname="Philips.PMP.Test.Auto.DbConnectionMgrTest"
                name="DbConnectionMgrReturnsProxyUriGetRemoteProxy"
                time="0.0019181"/>
      <testcase classname="Philips.PMP.Test.Auto.EventCatalogProviderTest"
                name="SetEventCategoryForCustomPICEvent"
                time="1.9701351"/>
      <testcase classname="Philips.PMP.Test.Auto.PatientAssignmentControlValidatorTest"
                name="PatientAssignmentControlValidatorValidatePatientHeightValues (,Centimeters,True) row 1"
                time="0.000524"/>
      <testcase classname="Philips.PMP.Test.Auto.PatientAssignmentControlValidatorTest"
                name="PatientAssignmentControlValidatorValidatePatientHeightValues (-1,Centimeters,False) row 2"
                time="0.0004203"/>
      <testcase classname="Philips.PMP.Test.Auto.PatientAssignmentControlValidatorTest"
                name="PatientAssignmentControlValidatorValidatePatientHeightValues (0,Centimeters,True) row 3"
                time="0.0008481"/>
      <testcase classname="Philips.PMP.Test.Auto.PatientAssignmentControlValidatorTest"
                name="PatientAssignmentControlValidatorValidatePatientHeightValues (250,Centimeters,True) row 4"
                time="0.0004065"/>
      <testcase classname="Philips.PMP.Test.Auto.PatientAssignmentControlValidatorTest"
                name="PatientAssignmentControlValidatorValidatePatientHeightValues (251,Centimeters,False) row 5"
                time="0.0007545"/>
      <testcase classname="Philips.PMP.Test.Auto.PatientAssignmentControlValidatorTest"
                name="PatientAssignmentControlValidatorValidatePatientHeightValues (,Inches,True) row 6"
                time="0.0003761"/>
      <testcase classname="Philips.PMP.Test.Auto.PatientAssignmentControlValidatorTest"
                name="PatientAssignmentControlValidatorValidatePatientHeightValues (-1,Inches,False) row 7"
                time="0.0004514"/>
      <testcase classname="Philips.PMP.Test.Auto.PatientAssignmentControlValidatorTest"
                name="PatientAssignmentControlValidatorValidatePatientHeightValues (0,Inches,True) row 8"
                time="0.0003494"/>
      <testcase classname="Philips.PMP.Test.Auto.PatientAssignmentControlValidatorTest"
                name="PatientAssignmentControlValidatorValidatePatientHeightValues (99,Inches,True) row 9"
                time="0.000328"/>
      <testcase classname="Philips.PMP.Test.Auto.PatientAssignmentControlValidatorTest"
                name="PatientAssignmentControlValidatorValidatePatientHeightValues (100,Inches,False) row 10"
                time="0.0004039"/>
      <testcase classname="Philips.PMP.Test.Auto.ComplexMetricProviderTest"
                name="ComplexMetricProviderOnePeriodicEnumeration"
                time="0.0196923"/>
      <testcase classname="Philips.PMP.Test.Auto.FeatureAssignmentHelperTest"
                name="FeatureAssignmentHelperWillGetFeaturesByZoneTest"
                time="0.0040617"/>
      <testcase classname="Philips.PMP.Test.Auto.EcgIpmFilterTest"
                name="EcgIpmFilterPacerRemovalTest"
                time="0.0080888"/>
      <testcase classname="Philips.CareEvent.Test.EventMonitorListsMgrTest"
                name="EventMonitorIncrementTimeOnCurrentTest"
                time="0.1383753"/>
      <testcase classname="Philips.PMP.Test.Auto.NotificationSettingProviderTest"
                name="StoreIsPrefixIncludedValueShouldMatchWithInput (False) row 1"
                time="0.2444506"/>
      <testcase classname="Philips.PMP.Test.Auto.NotificationSettingProviderTest"
                name="StoreIsPrefixIncludedValueShouldMatchWithInput (True) row 2"
                time="0.2442228"/>
      <testcase classname="Philips.PMP.Test.Auto.PatientFieldsHelperTest"
                name="PatientFieldsHelperShouldMakeLabelCellReadOnly"
                time="0.0020503"/>
      <testcase classname="Philips.PIC.DataAcquisition.Test.SureSignsComplexMetricBuilderTest"
                name="SureSignsComplexMetricBuilderProcessRecordEntriesTest (False,True,False,False,0,0,0,0) row 1"
                time="0.0145376"/>
      <testcase classname="Philips.PIC.DataAcquisition.Test.SureSignsComplexMetricBuilderTest"
                name="SureSignsComplexMetricBuilderProcessRecordEntriesTest (True,True,False,False,1,0,0,0) row 2"
                time="0.0088486"/>
      <testcase classname="Philips.PIC.DataAcquisition.Test.SureSignsComplexMetricBuilderTest"
                name="SureSignsComplexMetricBuilderProcessRecordEntriesTest (True,False,True,False,0,1,0,0) row 3"
                time="0.0136958"/>
      <testcase classname="Philips.PIC.DataAcquisition.Test.SureSignsComplexMetricBuilderTest"
                name="SureSignsComplexMetricBuilderProcessRecordEntriesTest (True,False,True,True,0,0,1,0) row 4"
                time="0.0046196"/>
      <testcase classname="Philips.PIC.DataAcquisition.Test.SureSignsComplexMetricBuilderTest"
                name="SureSignsComplexMetricBuilderProcessRecordEntriesTest (True,False,False,False,0,0,0,1) row 5"
                time="0.0056177"/>
      <testcase classname="Philips.PMP.Test.Auto.RecordingWavesTest"
                name="GetAcceptedRecordableWavesTest"
                time="0.0066574"/>
      <testcase classname="Philips.PMP.Test.Auto.Hl7AlertfilterServiceSubscriberMgrTest"
                name="CentralizedConfigurationSubscribeToAlertFilterServiceTest"
                time="0.0044646"/>
      <testcase classname="Philips.PMP.Test.Auto.TimeWaveBaselineProviderTest"
                name="TimeWaveBaselineSameStTwice"
                time="0.027136"/>
      <testcase classname="Philips.PMP.Test.Auto.SurveillancePermissionsHelperTest"
                name="SurveillancePermissionsHelperConvertActionNamesToPermissions"
                time="0.0011789"/>
      <testcase classname="Philips.PMP.Test.Auto.DeviceProviderTest"
                name="GetMonitorsByNameSerialIpMac"
                time="0.3416872"/>
      <testcase classname="Philips.PMP.Test.Auto.Hl7HelperTest"
                name="Hl7HelperGetFormattedDateTimeTest (2019-10-01T10:58:41.6127131-04:00,True,True,20191001105841.612) row 1"
                time="0.0039016"/>
      <testcase classname="Philips.PMP.Test.Auto.Hl7HelperTest"
                name="Hl7HelperGetFormattedDateTimeTest (2019-10-01T10:58:41.6127131-04:00,True,False,20191001105841) row 2"
                time="0.0004894"/>
      <testcase classname="Philips.PMP.Test.Auto.Hl7HelperTest"
                name="Hl7HelperGetFormattedDateTimeTest (2019-10-01T10:58:41.6127131-04:00,False,False,1001105841) row 3"
                time="0.0004154"/>
      <testcase classname="Philips.PMP.Test.Auto.Hl7HelperTest"
                name="Hl7HelperGetFormattedDateTimeTest (2019-10-01T10:58:41.6127131-04:00,False,True,1001105841.612) row 4"
                time="0.0003592"/>
      <testcase classname="Philips.PMP.Test.Auto.Hl7HelperTest"
                name="Hl7HelperGetFormattedDateTimeTest (2019-09-01T10:58:41.6127131-04:00,True,True,20190901105841.612) row 5"
                time="0.0002874"/>
      <testcase classname="Philips.PMP.Test.Auto.Hl7HelperTest"
                name="Hl7HelperGetFormattedDateTimeTest (2019-09-01T10:58:41.6127131-04:00,True,False,20190901105841) row 6"
                time="0.0028636"/>
      <testcase classname="Philips.PMP.Test.Auto.Hl7HelperTest"
                name="Hl7HelperGetFormattedDateTimeTest (2019-09-01T10:58:41.6127131-04:00,False,False,0901105841) row 7"
                time="0.0005477"/>
      <testcase classname="Philips.PMP.Test.Auto.Hl7HelperTest"
                name="Hl7HelperGetFormattedDateTimeTest (2019-09-01T10:58:41.6127131-04:00,False,True,0901105841.612) row 8"
                time="0.000397"/>
      <testcase classname="Philips.PMP.Test.Auto.Hl7HelperTest"
                name="Hl7HelperGetFormattedDateTimeTest (2019-10-10T10:58:41.6127131-04:00,True,True,20191010105841.612) row 9"
                time="0.00041"/>
      <testcase classname="Philips.PMP.Test.Auto.Hl7HelperTest"
                name="Hl7HelperGetFormattedDateTimeTest (2019-10-10T10:58:41.6127131-04:00,True,False,20191010105841) row 10"
                time="0.0003861"/>
      <testcase classname="Philips.PMP.Test.Auto.Hl7HelperTest"
                name="Hl7HelperGetFormattedDateTimeTest (2019-10-10T10:58:41.6127131-04:00,False,False,1010105841) row 11"
                time="0.0004072"/>
      <testcase classname="Philips.PMP.Test.Auto.Hl7HelperTest"
                name="Hl7HelperGetFormattedDateTimeTest (2019-10-10T10:58:41.6127131-04:00,False,True,1010105841.612) row 12"
                time="0.0018659"/>
      <testcase classname="Philips.PMP.Test.Auto.Hl7HelperTest"
                name="Hl7HelperGetFormattedDateTimeTest (2019-10-01T09:58:41.6127131-04:00,True,True,20191001095841.612) row 13"
                time="0.0012287"/>
      <testcase classname="Philips.PMP.Test.Auto.Hl7HelperTest"
                name="Hl7HelperGetFormattedDateTimeTest (2019-10-01T09:58:41.6127131-04:00,True,False,20191001095841) row 14"
                time="0.0003679"/>
      <testcase classname="Philips.PMP.Test.Auto.Hl7HelperTest"
                name="Hl7HelperGetFormattedDateTimeTest (2019-10-01T09:58:41.6127131-04:00,False,False,1001095841) row 15"
                time="0.0003651"/>
      <testcase classname="Philips.PMP.Test.Auto.Hl7HelperTest"
                name="Hl7HelperGetFormattedDateTimeTest (2019-10-01T09:58:41.6127131-04:00,False,True,1001095841.612) row 16"
                time="0.0003043"/>
      <testcase classname="Philips.PMP.Test.Auto.Hl7HelperTest"
                name="Hl7HelperGetFormattedDateTimeTest (2019-10-01T10:08:41.6127131-04:00,True,True,20191001100841.612) row 17"
                time="0.000295"/>
      <testcase classname="Philips.PMP.Test.Auto.Hl7HelperTest"
                name="Hl7HelperGetFormattedDateTimeTest (2019-10-01T10:08:41.6127131-04:00,True,False,20191001100841) row 18"
                time="0.0016768"/>
      <testcase classname="Philips.PMP.Test.Auto.Hl7HelperTest"
                name="Hl7HelperGetFormattedDateTimeTest (2019-10-01T10:08:41.6127131-04:00,False,False,1001100841) row 19"
                time="0.000353"/>
      <testcase classname="Philips.PMP.Test.Auto.Hl7HelperTest"
                name="Hl7HelperGetFormattedDateTimeTest (2019-10-01T10:08:41.6127131-04:00,False,True,1001100841.612) row 20"
                time="0.0003634"/>
      <testcase classname="Philips.PMP.Test.Auto.Hl7HelperTest"
                name="Hl7HelperGetFormattedDateTimeTest (2019-10-01T10:58:01.6127131-04:00,True,True,20191001105801.612) row 21"
                time="0.0004531"/>
      <testcase classname="Philips.PMP.Test.Auto.Hl7HelperTest"
                name="Hl7HelperGetFormattedDateTimeTest (2019-10-01T10:58:01.6127131-04:00,True,False,20191001105801) row 22"
                time="0.0003177"/>
      <testcase classname="Philips.PMP.Test.Auto.Hl7HelperTest"
                name="Hl7HelperGetFormattedDateTimeTest (2019-10-01T10:58:01.6127131-04:00,False,False,1001105801) row 23"
                time="0.0003266"/>
      <testcase classname="Philips.PMP.Test.Auto.Hl7HelperTest"
                name="Hl7HelperGetFormattedDateTimeTest (2019-10-01T10:58:01.6127131-04:00,False,True,1001105801.612) row 24"
                time="0.0006832"/>
      <testcase classname="Philips.PMP.Test.Auto.Hl7HelperTest"
                name="Hl7HelperGetFormattedDateTimeTest (2019-10-01T10:58:01.0000000-04:00,True,True,20191001105801.000) row 25"
                time="0.000522"/>
      <testcase classname="Philips.PMP.Test.Auto.Hl7HelperTest"
                name="Hl7HelperGetFormattedDateTimeTest (2019-10-01T10:58:01.0000000-04:00,True,False,20191001105801) row 26"
                time="0.0003199"/>
      <testcase classname="Philips.PMP.Test.Auto.Hl7HelperTest"
                name="Hl7HelperGetFormattedDateTimeTest (2019-10-01T10:58:01.0000000-04:00,False,False,1001105801) row 27"
                time="0.0003361"/>
      <testcase classname="Philips.PMP.Test.Auto.Hl7HelperTest"
                name="Hl7HelperGetFormattedDateTimeTest (2019-10-01T10:58:01.0000000-04:00,False,True,1001105801.000) row 28"
                time="0.0017926"/>
      <testcase classname="Philips.PMP.Test.Auto.RepositoryTest"
                name="MasterPhysioDataTimeIsAlwaysAlignedTest"
                time="0.0025724"/>
      <testcase classname="Philips.PMP.Test.Auto.PhysioDataHelperTest"
                name="UnitConversionTest"
                time="0.0069985"/>
      <testcase classname="Philips.PMP.Test.Auto.RolesControlHelperTest"
                name="RolesControlHelperSetupUserDataMgr"
                time="0.002681"/>
      <testcase classname="Philips.PMP.Test.Auto.PhysioDataDisplayHelperTest"
                name="PhysioDataDisplayHelperGetEnumerationValueIdxString"
                time="0.0010216"/>
      <testcase classname="Philips.PMP.Test.Auto.PatientDataExportStorageTest"
                name="PlatformAssemblyInspectorUpdatesAssemblyValue"
                time="0.0392333"/>
      <testcase classname="Philips.PMP.Test.Auto.PhysioDataDisplayHelperTest"
                name="PhysioDataDisplayHelperCanGetRetrospectiveColor (True,-7401329) row 1"
                time="0.0025539"/>
      <testcase classname="Philips.PMP.Test.Auto.PhysioDataDisplayHelperTest"
                name="PhysioDataDisplayHelperCanGetRetrospectiveColor (False,-1560345) row 2"
                time="0.0011242"/>
      <testcase classname="Philips.PMP.Test.Auto.Hl7SegmentCounterTest"
                name="MessageCountIsUpdatedCorrectlyTest"
                time="0.0008797"/>
      <testcase classname="Philips.PMP.Test.Auto.LldpMessageHelperTest"
                name="LldpHelperGetPortIdStringTest"
                time="0.001063"/>
      <testcase classname="Philips.PMP.Test.Auto.PhysioDataMgrTest"
                name="PhysioDataMgrGetsTimeMappingsWhenRequested (True) row 1"
                time="0.0022311"/>
      <testcase classname="Philips.PMP.Test.Auto.PhysioDataMgrTest"
                name="PhysioDataMgrGetsTimeMappingsWhenRequested (False) row 2"
                time="0.0020137"/>
      <testcase classname="Philips.PMP.Test.Auto.BedSubscriberTest"
                name="IsDisconnectedEventFiredIfNeverConnected"
                time="0.1062837"/>
      <testcase classname="Philips.PMP.Test.Auto.Hl7OruEncoderTest"
                name="MdilCodeIsOutputWhenMdcNotAvaiableIheOnlyTest"
                time="0.0022244"/>
      <testcase classname="Philips.PMP.Test.Auto.EventLogShutdownAnalyzerTest"
                name="DetectLastShutdownWasBugCheckOutOfOrder"
                time="0.002217"/>
      <testcase classname="Philips.CareEvent.Test.EventMgrTest"
                name="GetDeviceNumbersTest"
                time="0.0047243"/>
      <testcase classname="Philips.PMP.Test.Auto.PhysioDataHelperTest"
                name="PhysioDataHelperGetHigherAlertTypeTest (SoftInop,NoAlert,SoftInop) row 1"
                time="0.0008056"/>
      <testcase classname="Philips.PMP.Test.Auto.PhysioDataHelperTest"
                name="PhysioDataHelperGetHigherAlertTypeTest (NoAlert,HardInop,HardInop) row 2"
                time="0.0013726"/>
      <testcase classname="Philips.PMP.Test.Auto.PhysioDataHelperTest"
                name="PhysioDataHelperGetHigherAlertTypeTest (ShortYellowAlarm,YellowAlarm,YellowAlarm) row 3"
                time="0.0008808"/>
      <testcase classname="Philips.PMP.Test.Auto.PhysioDataHelperTest"
                name="PhysioDataHelperGetHigherAlertTypeTest (RedAlarm,YellowAlarm,RedAlarm) row 4"
                time="0.000722"/>
      <testcase classname="Philips.PMP.Test.Auto.ProtocolAssignmentControlTest"
                name="ProtocolAssignmentControlUnassignProtocolTest (0,1) row 1"
                time="0.0306256"/>
      <testcase classname="Philips.PMP.Test.Auto.ProtocolAssignmentControlTest"
                name="ProtocolAssignmentControlUnassignProtocolTest (1,0) row 2"
                time="0.0330268"/>
      <testcase classname="Philips.PMP.LicenseService.Test.LicenseHostValidatorTest"
                name="LicenseValidatorValidatePhysio1024PdxConnection"
                time="0.0011608"/>
      <testcase classname="Philips.PMP.Test.Auto.ArcomedStateMachineTest"
                name="StateMemGetSendTest"
                time="0.0029449"/>
      <testcase classname="Philips.PIC.SharedAssignment.Test.SharedAssignmentMgrTest"
                name="ProcessMessageShouldNotifyDroppedAssignmentsAndUpdatedUpdatedAssignmentToUser"
                time="0.0092223"/>
      <testcase classname="Philips.PMP.Test.Auto.CaregiverPaginatorTest"
                name="NextPageShouldNotAdvancePastLastPage"
                time="0.0007869"/>
      <testcase classname="Philips.PMP.Test.Auto.NumericProviderTest"
                name="NumericProviderPeriodicMergeTest"
                time="0.4524484"/>
      <testcase classname="Philips.PMP.Test.Auto.MobileNumericConverterTest"
                name="MobileNumericConverterCreateMultipleAttributesTest"
                time="0.0008287"/>
      <testcase classname="Philips.CareEvent.Test.LocationAliasManageControlTest"
                name="LocationAliasManageControlUpdateComboListViewItem"
                time="0.0383102"/>
      <testcase classname="Philips.PMP.Test.Auto.UploadedDataDisplayHelperTest"
                name="GetUploadedNumericDataPeriodsTest"
                time="0.001973"/>
      <testcase classname="Philips.PMP.Test.Auto.StreamNotificationServiceTest"
                name="StreamNotificationServiceCanClearSubscriptions (True,1) row 1"
                time="0.0022005"/>
      <testcase classname="Philips.PMP.Test.Auto.StreamNotificationServiceTest"
                name="StreamNotificationServiceCanClearSubscriptions (False,0) row 2"
                time="0.0017229"/>
      <testcase classname="Philips.PMP.Test.Auto.EventLogsTest"
                name="RejectCreatingInvalidEventSource"
                time="0.0117382"/>
      <testcase classname="Philips.PIC.SharedAssignment.Test.SharedAssignmentQualifierTest"
                name="SharedAssignmentQualifierVerify (False,False) row 1"
                time="0.0091849"/>
      <testcase classname="Philips.PIC.SharedAssignment.Test.SharedAssignmentQualifierTest"
                name="SharedAssignmentQualifierVerify (True,False) row 2"
                time="0.0014444"/>
      <testcase classname="Philips.PMP.Test.Auto.SpotCheckVitalsFilterTest"
                name="SpotCheckVitalsFilterMultipleTest"
                time="0.1311255"/>
      <testcase classname="Philips.PMP.Test.Auto.ReportHelperTest"
                name="ReportHelperPrintStripTest"
                time="0.0929627"/>
      <testcase classname="Philips.PMP.Test.Auto.MobileTopologyMgrTest"
                name="GetMobileAvailableBedWithPatientAndNoBed (True,True,True) row 1"
                time="0.0076068"/>
      <testcase classname="Philips.PMP.Test.Auto.MobileTopologyMgrTest"
                name="GetMobileAvailableBedWithPatientAndNoBed (True,True,False) row 2"
                time="0.0014576"/>
      <testcase classname="Philips.PMP.Test.Auto.MobileTopologyMgrTest"
                name="GetMobileAvailableBedWithPatientAndNoBed (False,True,True) row 3"
                time="0.0010907"/>
      <testcase classname="Philips.PMP.Test.Auto.MobileTopologyMgrTest"
                name="GetMobileAvailableBedWithPatientAndNoBed (True,False,True) row 4"
                time="0.0010805"/>
      <testcase classname="Philips.PMP.Test.Auto.MobileTopologyMgrTest"
                name="GetMobileAvailableBedWithPatientAndNoBed (False,False,True) row 5"
                time="0.0010949"/>
      <testcase classname="Philips.PMP.Test.Auto.ProtocolWatchEngineWrapperTest"
                name="ProtocolWatchTestEngineRestartOnFailure"
                time="0.1604074"/>
      <testcase classname="Philips.PMP.Test.Auto.NumericProviderTest"
                name="NumericProviderTwoPatientsOneNumeric"
                time="0.3201887"/>
      <testcase classname="Philips.PMP.Test.Auto.IxConfigFileProviderTest"
                name="IsGraphicsCardResetDebuggingEnabledTest"
                time="0.0159081"/>
      <testcase classname="Philips.PMP.Test.Auto.NumericProviderTest"
                name="NumericProviderGetByLabelTextId1"
                time="0.2911526"/>
      <testcase classname="Philips.PMP.Test.Auto.QuickReviewControlTest"
                name="SendPageShouldSetBedsForUpdateInEventMonitorClientConnectionViaBedAndInstitutionName"
                time="0.1358294"/>
      <testcase classname="Philips.PIC.WebBridge.Test.TokenMgrTest"
                name="TokenValidationParametersGetTest"
                time="0.0016142"/>
      <testcase classname="Philips.PMP.Test.Auto.SpotCheckTrendConnectionTest"
                name="SpotCheckTrendHandleHl7ConfigurationChangeTest (False,0) row 1"
                time="0.0062171"/>
      <testcase classname="Philips.PMP.Test.Auto.SpotCheckTrendConnectionTest"
                name="SpotCheckTrendHandleHl7ConfigurationChangeTest (True,1) row 2"
                time="0.0056135"/>
      <testcase classname="Philips.PMP.Test.Auto.LogonStatusDisplayMgrTest"
                name="LogonStatusDisplayMgrAuthenticateStart"
                time="0.2352701"/>
      <testcase classname="Philips.PMP.Test.Auto.DeviceServiceTest"
                name="DeviceServiceStartSecureChannelTest (True) row 1"
                time="0.0263968"/>
      <testcase classname="Philips.PMP.Test.Auto.DeviceServiceTest"
                name="DeviceServiceStartSecureChannelTest (False) row 2"
                time="0.01071"/>
      <testcase classname="Philips.PMP.Test.Auto.CaregiverAssignmentProviderTest"
                name="LookupAliasForBedsUnitsAndInstitutions"
                time="0.0108583"/>
      <testcase classname="Philips.PMP.Test.Auto.TreeNodeDupeFinderTest"
                name="GetUniqueEventCategoryNameShouldGetAUniqueName (3) row 1"
                time="0.0037688"/>
      <testcase classname="Philips.PMP.Test.Auto.TreeNodeDupeFinderTest"
                name="GetUniqueEventCategoryNameShouldGetAUniqueName (4) row 2"
                time="0.0030987"/>
      <testcase classname="Philips.PMP.Test.Auto.TreeNodeDupeFinderTest"
                name="GetUniqueEventCategoryNameShouldGetAUniqueName (1) row 3"
                time="0.0030576"/>
      <testcase classname="Philips.PMP.Test.Auto.PatientMgrMapTest"
                name="PatientMgrMapTryFindByPatientIds (True,True,False,False,False) row 1"
                time="0.0026099"/>
      <testcase classname="Philips.PMP.Test.Auto.PatientMgrMapTest"
                name="PatientMgrMapTryFindByPatientIds (False,True,False,False,False) row 2"
                time="0.0004767"/>
      <testcase classname="Philips.PMP.Test.Auto.PatientMgrMapTest"
                name="PatientMgrMapTryFindByPatientIds (False,True,True,False,True) row 3"
                time="0.0004037"/>
      <testcase classname="Philips.PMP.Test.Auto.PatientMgrMapTest"
                name="PatientMgrMapTryFindByPatientIds (True,False,False,False,False) row 4"
                time="0.000391"/>
      <testcase classname="Philips.PMP.Test.Auto.PatientMgrMapTest"
                name="PatientMgrMapTryFindByPatientIds (True,False,False,True,True) row 5"
                time="0.0003492"/>
      <testcase classname="Philips.PMP.Test.Auto.PatientMgrMapTest"
                name="PatientMgrMapTryFindByPatientIds (False,False,False,False,False) row 6"
                time="0.0004945"/>
      <testcase classname="Philips.PMP.Test.Auto.PatientMgrMapTest"
                name="PatientMgrMapTryFindByPatientIds (False,False,True,False,False) row 7"
                time="0.0006225"/>
      <testcase classname="Philips.PMP.Test.Auto.PatientMgrMapTest"
                name="PatientMgrMapTryFindByPatientIds (False,False,False,True,False) row 8"
                time="0.000366"/>
      <testcase classname="Philips.PMP.Test.Auto.PatientMgrMapTest"
                name="PatientMgrMapTryFindByPatientIds (False,False,True,True,True) row 9"
                time="0.0004075"/>
      <testcase classname="Philips.PMP.Test.Auto.CiProxyMgrTest"
                name="CiProxyMgrTryStartAssociationCallsInZone"
                time="0.017612"/>
      <testcase classname="Philips.iX.InboundDataBridge.Test.DataQueryTest"
                name="StartStopServiceTest"
                time="0.0065546"/>
      <testcase classname="Philips.PMP.Test.Auto.PatientServiceHelperTest"
                name="PatientServiceHelperAuditPatientFieldsTest (False,False,False,False,0) row 1"
                time="0.0032304"/>
      <testcase classname="Philips.PMP.Test.Auto.PatientServiceHelperTest"
                name="PatientServiceHelperAuditPatientFieldsTest (True,False,False,False,1) row 2"
                time="0.0028779"/>
      <testcase classname="Philips.PMP.Test.Auto.PatientServiceHelperTest"
                name="PatientServiceHelperAuditPatientFieldsTest (False,True,False,False,1) row 3"
                time="0.0010051"/>
      <testcase classname="Philips.PMP.Test.Auto.PatientServiceHelperTest"
                name="PatientServiceHelperAuditPatientFieldsTest (False,False,True,False,1) row 4"
                time="0.0019324"/>
      <testcase classname="Philips.PMP.Test.Auto.PatientServiceHelperTest"
                name="PatientServiceHelperAuditPatientFieldsTest (False,False,False,True,1) row 5"
                time="0.001002"/>
      <testcase classname="Philips.PMP.Test.Auto.PatientServiceHelperTest"
                name="PatientServiceHelperAuditPatientFieldsTest (True,True,True,True,4) row 6"
                time="0.0009717"/>
      <testcase classname="Philips.PMP.Test.Auto.ProtocolWatchSyncAlgorithmTest"
                name="ProtocolWatchSyncUpdateIpmRunningSyncToIpmTest (,,MEWS,True,True,True,MEWS,0,0) row 1"
                time="0.0133508"/>
      <testcase classname="Philips.PMP.Test.Auto.ProtocolWatchSyncAlgorithmTest"
                name="ProtocolWatchSyncUpdateIpmRunningSyncToIpmTest (MEWS,MEWS,MEWS,False,True,False,,0,0) row 2"
                time="0.003793"/>
      <testcase classname="Philips.PMP.Test.Auto.ProtocolWatchSyncAlgorithmTest"
                name="ProtocolWatchSyncUpdateIpmRunningSyncToIpmTest (MEWS,MEWS,PEWS,False,True,True,PEWS,0,0) row 3"
                time="0.0038676"/>
      <testcase classname="Philips.PMP.Test.Auto.ProtocolWatchSyncAlgorithmTest"
                name="ProtocolWatchSyncUpdateIpmRunningSyncToIpmTest (MEWS,MEWS,PEWS,False,False,True,PEWS,1,0) row 4"
                time="0.0018221"/>
      <testcase classname="Philips.PMP.Test.Auto.ProtocolWatchSyncAlgorithmTest"
                name="ProtocolWatchSyncUpdateIpmRunningSyncToIpmTest (MEWS,MEWS,NEWS,False,False,False,,0,1) row 5"
                time="2.5338455"/>
      <testcase classname="Philips.PMP.Test.Auto.DbFifoTest"
                name="FifoControlDataPurge"
                time="0.0123193"/>
      <testcase classname="Philips.PMP.Test.Auto.PatientServiceTest"
                name="TriggerAutoSortTest"
                time="0.0079338"/>
      <testcase classname="Philips.PMP.Test.Auto.EfficiaDaTest"
                name="EfficiaDaHandleNewConnectionTest (True,True) row 1"
                time="0.201369"/>
      <testcase classname="Philips.PMP.Test.Auto.EfficiaDaTest"
                name="EfficiaDaHandleNewConnectionTest (True,False) row 2"
                time="0.060695"/>
      <testcase classname="Philips.PMP.Test.Auto.EfficiaDaTest"
                name="EfficiaDaHandleNewConnectionTest (False,False) row 3"
                time="0.0135815"/>
      <testcase classname="Philips.PMP.Test.Auto.PatientDataExportStorageTest"
                name="PdxWavesWithDifferentBasePhysioIdsAreDifferent"
                time="0.028667"/>
      <testcase classname="Philips.PMP.Test.Auto.WatchdogServiceMgrTest"
                name="StartWatchdogRebootRequiredTest"
                time="0.0048603"/>
      <testcase classname="Philips.PMP.Test.Auto.PpisMgrTest"
                name="PpisMgrIsHisPatientMatchTest"
                time="0.0006448"/>
      <testcase classname="Philips.PIC.WebBridge.Test.LicenseControllerTest"
                name="GetUnitByUnitIdValidation (False,False) row 1"
                time="0.0431272"/>
      <testcase classname="Philips.PIC.WebBridge.Test.LicenseControllerTest"
                name="GetUnitByUnitIdValidation (False,True) row 2"
                time="0.0017098"/>
      <testcase classname="Philips.PIC.WebBridge.Test.LicenseControllerTest"
                name="GetUnitByUnitIdValidation (True,False) row 3"
                time="0.0027626"/>
      <testcase classname="Philips.PIC.WebBridge.Test.LicenseControllerTest"
                name="GetUnitByUnitIdValidation (True,True) row 4"
                time="0.0018712"/>
      <testcase classname="Philips.PMP.Test.Auto.NlsCatalogServiceTest"
                name="NlsCatalogFoundAlertWithNoHelpTextGivesNoHelpText"
                time="0.0006912"/>
      <testcase classname="Philips.PIC.DataAcquisition.Test.MonitoringDeviceDaTest"
                name="MonitoringDeviceConnectionStateChangeHandlerTest (Connected,Disconnected,0) row 1"
                time="0.011256"/>
      <testcase classname="Philips.PIC.DataAcquisition.Test.MonitoringDeviceDaTest"
                name="MonitoringDeviceConnectionStateChangeHandlerTest (Connected,DisconnectedFailure,0) row 2"
                time="0.0124954"/>
      <testcase classname="Philips.PIC.DataAcquisition.Test.MonitoringDeviceDaTest"
                name="MonitoringDeviceConnectionStateChangeHandlerTest (Disconnected,Connected,1) row 3"
                time="0.0180962"/>
      <testcase classname="Philips.PIC.DataAcquisition.Test.MonitoringDeviceDaTest"
                name="MonitoringDeviceConnectionStateChangeHandlerTest (DisconnectedFailure,Connected,1) row 4"
                time="0.0079696"/>
      <testcase classname="Philips.PMP.Test.Auto.EntityLicenseExtensionsTest"
                name="EntityLicenseExtensionsIsPatientConnected"
                time="0.0012118"/>
      <testcase classname="Philips.PMP.Test.Auto.ControlServiceTest"
                name="ControlServiceStoreSettingsToDataBaseTest"
                time="0.0152078"/>
      <testcase classname="Philips.PMP.Test.Auto.WindowsSecurityPolicyReaderTest"
                name="WindowsSecurityPolicyReaderMinimumPasswordAge (True,1) row 1"
                time="0.0177271"/>
      <testcase classname="Philips.PMP.Test.Auto.WindowsSecurityPolicyReaderTest"
                name="WindowsSecurityPolicyReaderMinimumPasswordAge (False,0) row 2"
                time="0.003975"/>
      <testcase classname="Philips.PMP.Test.Auto.EventCatalogProviderTest"
                name="SeverityKindKeyEqualityTest (Cyan,Patient) row 1"
                time="0.0017425"/>
      <testcase classname="Philips.PMP.Test.Auto.EventCatalogProviderTest"
                name="SeverityKindKeyEqualityTest (Informational,Notification) row 2"
                time="0.0004848"/>
      <testcase classname="Philips.IX.UserManagement.Test.ProveIdWebApiConfigurationProviderTest"
                name="GetModalitiesTest"
                time="0.0596271"/>
      <testcase classname="Philips.PMP.Test.Auto.CameraSystemControlTest"
                name="CameraSystemControlCanBeReadOnly (True) row 1"
                time="0.0242091"/>
      <testcase classname="Philips.PMP.Test.Auto.CameraSystemControlTest"
                name="CameraSystemControlCanBeReadOnly (False) row 2"
                time="0.0205229"/>
      <testcase classname="Philips.PMP.Test.Auto.AuthenticatableUserPasswordUpdaterTest"
                name="CanPasswordBeChangedChecksRegistrySettings (True,True) row 1"
                time="0.3929129"/>
      <testcase classname="Philips.PMP.Test.Auto.AuthenticatableUserPasswordUpdaterTest"
                name="CanPasswordBeChangedChecksRegistrySettings (True,False) row 2"
                time="0.020594"/>
      <testcase classname="Philips.PMP.Test.Auto.AuthenticatableUserPasswordUpdaterTest"
                name="CanPasswordBeChangedChecksRegistrySettings (False,True) row 3"
                time="0.0014236"/>
      <testcase classname="Philips.PMP.Test.Auto.ApmCrashDumpSummaryGeneratorTest"
                name="ApmCrashDumpSummaryGeneratorRoundTripCrashDumpAnalysis"
                time="0.0053839"/>
      <testcase classname="Philips.PMP.Test.Auto.DisplayControllerFormTest"
                name="KeyboardUnlockedAlertContainsUserInfo (True) row 1"
                time="0.0130907"/>
      <testcase classname="Philips.PMP.Test.Auto.DisplayControllerFormTest"
                name="KeyboardUnlockedAlertContainsUserInfo (False) row 2"
                time="0.0071276"/>
      <testcase classname="Philips.PMP.Test.Auto.DbFifoTest"
                name="FifoByRowCount"
                time="0.2201754"/>
      <testcase classname="Philips.PMP.Test.Auto.AddLabelsFormTest"
                name="AddLabelsFormConstructorTest"
                time="0.3720429"/>
      <testcase classname="Philips.PMP.Test.Auto.Hl7MessageBuilderTest"
                name="Hl7CreateNumericMultiBedMessageTest"
                time="0.0469576"/>
      <testcase classname="Philips.PMP.Test.Auto.Hl7ValidationConnectionCheckerTest"
                name="Hl7ValidationConnectionIsConnectionAssignedTest (False,True,False) row 1"
                time="0.0770363"/>
      <testcase classname="Philips.PMP.Test.Auto.Hl7ValidationConnectionCheckerTest"
                name="Hl7ValidationConnectionIsConnectionAssignedTest (True,False,False) row 2"
                time="0.0237583"/>
      <testcase classname="Philips.PMP.Test.Auto.Hl7ValidationConnectionCheckerTest"
                name="Hl7ValidationConnectionIsConnectionAssignedTest (True,True,True) row 3"
                time="0.0016371"/>
      <testcase classname="Philips.PMP.Test.Auto.InfoEventProviderTest"
                name="InfoEventFilterByPurgeCutoffTime"
                time="0.0212778"/>
      <testcase classname="Philips.PMP.Test.Auto.UnitPatientSubscriberTest"
                name="UnitPatientSubscriberStartTest"
                time="0.0612188"/>
      <testcase classname="Philips.PMP.Test.Auto.PatientHandlerTest"
                name="PatientHandlerCtor"
                time="0.0017263"/>
      <testcase classname="Philips.PMP.Test.Auto.RepositoryWaveTest"
                name="WaveRepositoryAllowsFillingMissingDataFromExistingSegmentTest"
                time="0.0010753"/>
      <testcase classname="Philips.PMP.Test.Auto.EventRolesProviderTest"
                name="EventRolesCopyRoles"
                time="0.287937"/>
      <testcase classname="Philips.PMP.Test.Auto.PatientFieldsHelperTest"
                name="PatientFieldsHelperGetPatientIdFormatValues"
                time="0.0034669"/>
      <testcase classname="Philips.PMP.Test.Auto.StarTypeConverterTest"
                name="StarTypeConverterAlarmAudibleTest"
                time="0.0055649"/>
      <testcase classname="Philips.PMP.Test.Auto.EntityLicenseExtensionsTest"
                name="EntityLicenseExtensionsIsWebProxy"
                time="0.0009455"/>
      <testcase classname="Philips.PMP.Test.Auto.EmbeddedBrowserInitializerTest"
                name="EmbeddedBrowserShowDebugConsoleTest (True,False,False) row 1"
                time="0.0398306"/>
      <testcase classname="Philips.PMP.Test.Auto.EmbeddedBrowserInitializerTest"
                name="EmbeddedBrowserShowDebugConsoleTest (True,True,True) row 2"
                time="0.001316"/>
      <testcase classname="Philips.PMP.Test.Auto.EmbeddedBrowserInitializerTest"
                name="EmbeddedBrowserShowDebugConsoleTest (False,True,False) row 3"
                time="0.0008446"/>
      <testcase classname="Philips.PMP.Test.Auto.EmbeddedBrowserInitializerTest"
                name="EmbeddedBrowserShowDebugConsoleTest (False,False,False) row 4"
                time="0.0006843"/>
      <testcase classname="Philips.PMP.Test.Auto.FurtherAuthenticationEntryControlTest"
                name="FurtherAuthenticationEntryControlMultipleCalls"
                time="0.0231485"/>
      <testcase classname="Philips.PMP.Test.Auto.PhysioDataDisplayHelperTest"
                name="PhysioDataDisplayHelperEwsScoresAreNotSentOutAsText"
                time="0.0007182"/>
      <testcase classname="Philips.PMP.Test.Auto.SurveillanceConfigProviderTest"
                name="PatientSurveillanceSectorSettingTest"
                time="0.0483152"/>
      <testcase classname="Philips.PMP.Test.Auto.DbMigrationMgrTest"
                name="DbMigrationValidateComparisonTool"
                time="0.0769689">
         <system-out>TestContext Messages:
Initializing directories for Philips.PMP.Test.Auto.DbMigrationMgrTest
</system-out>
      </testcase>
      <testcase classname="Philips.PMP.Test.Auto.IheMetricDataHandlerHelperTest"
                name="IheEnumValueTest (BBraunDoselinkPlus,MSH|^~\&amp;|PAT_DEVICE_BBRAUN^0012211839000001^EUI-64|BBRAUN|DOC_AM_TEST|BB1|20220523142113+0000||ORU^R01^ORU_R01|63788912473382465025|P|2.6|||AL|NE||ASCII|en^English^ISO639||IHE_PCD_001^IHE PCD^1.3.6.1.4.1.19376.1.6.4.1^ISO&#xD;&#xA;&#x9;&#x9;PID|||Unknown Patient^Unknown Patient||^^^^^^U||||||||||||||||||||||||||Y&#xD;&#xA;&#x9;&#x9;OBR|1|029d53e1-daa3-11ec-8487-c0ee400d168f^PAT_DEVICE_BBRAUN^0012211839000001^EUI-64|029d53e1-daa3-11ec-8487-c0ee400d168f^PAT_DEVICE_BBRAUN^0012211839000001^EUI-64|Dobutamine^Dobutamine|||20220523142039+0000&#xD;&#xA;&#x9;&#x9;OBX|1||70053^MDC_DEV_PUMP_INFUS_SYRINGE_MDS^MDC|1.0.0.0|||||||X|||||||P2450^^0012210000000000^EUI-64&#xD;&#xA;&#x9;&#x9;OBX|2||70054^MDC_DEV_PUMP_INFUS_SYRINGE_VMD^MDC|1.1.0.0|||||||X&#xD;&#xA;&#x9;&#x9;OBX|8||70067^MDC_DEV_PUMP_DELIVERY_INFO^MDC|1.1.1.0|||||||X&#xD;&#xA;&#x9;&#x9;OBX|9|ST|0^MDC_ATTR_PUMP_PILLAR_DETAILS^MDC|1.1.0.24|0^0||||||F|||||||{uniqueId}&#xD;&#xA;&#x9;&#x9;OBX|9|CWE|184519^MDC_PUMP_INFUSING_STATUS^MDC|1.1.1.1|^pump-status-infusing||||||R&#xD;&#xA;&#x9;&#x9;OBX|10|NM|158014^MDC_FLOW_FLUID_PUMP_CURRENT^MDC|1.1.1.2|18|265266^MDC_DIM_MILLI_L_PER_HR^MDC^mL/h^mL/h^UCUM|||||R&#xD;&#xA;&#x9;&#x9;OBX|11|CWE|158016^MDC_DEV_PUMP_ACTIVE_SOURCES^MDC|1.1.1.3|^pump-source-info-primary||||||R&#xD;&#xA;&#x9;&#x9;OBX|12||70071^MDC_DEV_PUMP_INFUSATE_SOURCE_PRIMARY^MDC|1.1.2.0|||||||X&#xD;&#xA;&#x9;&#x9;OBX|13|ST|158012^MDC_DEV_PUMP_SOURCE_CHANNEL_LABEL^MDC|1.1.2.1|Primary||||||R&#xD;&#xA;&#x9;&#x9;OBX|14|ST|184514^MDC_DRUG_NAME_LABEL^MDC|1.1.2.2|Dobutamine||||||R&#xD;&#xA;&#x9;&#x9;OBX|15|ST|184516^MDC_PUMP_DRUG_LIBRARY_CARE_AREA^MDC|1.1.2.4|Global Surgery||||||R&#xD;&#xA;&#x9;&#x9;OBX|16|NM|157784^MDC_FLOW_FLUID_PUMP^MDC|1.1.2.5|18|265266^MDC_DIM_MILLI_L_PER_HR^MDC^mL/h^mL/h^UCUM|||||R&#xD;&#xA;&#x9;&#x9;OBX|17|NM|157760^MDC_CONC_DRUG^MDC|1.1.2.7|5|264306^MDC_DIM_MILLI_G_PER_ML^MDC^mg/mL^mg/mL^UCUM|||||R&#xD;&#xA;&#x9;&#x9;OBX|18|NM|157884^MDC_VOL_FLUID_TBI^MDC|1.1.2.8|2|263762^MDC_DIM_MILLI_L^MDC^mL^mL^UCUM|||||R&#xD;&#xA;&#x9;&#x9;OBX|19|NM|157872^MDC_VOL_FLUID_TBI_REMAIN^MDC|1.1.2.9|0.9|263762^MDC_DIM_MILLI_L^MDC^mL^mL^UCUM|||||R&#xD;&#xA;&#x9;&#x9;OBX|20|NM|157993^MDC_VOL_FLUID_DELIV_TOTAL^MDC|1.1.2.11|1.1|263762^MDC_DIM_MILLI_L^MDC^mL^mL^UCUM|||||R&#xD;&#xA;&#x9;&#x9;OBX|21|NM|157999^MDC_DOSE_DRUG_TBI^MDC|1.1.2.12|10000|263891^MDC_DIM_MICRO_G^MDC^ug^ug^UCUM|||||R&#xD;&#xA;&#x9;&#x9;OBX|22|NM|158000^MDC_DOSE_DRUG_TBI_REMAIN^MDC|1.1.2.13|4480|263891^MDC_DIM_MICRO_G^MDC^ug^ug^UCUM|||||R&#xD;&#xA;&#x9;&#x9;OBX|23|NM|158001^MDC_DOSE_DRUG_DELIV_TOTAL^MDC|1.1.2.15|5520|263891^MDC_DIM_MICRO_G^MDC^ug^ug^UCUM|||||R&#xD;&#xA;&#x9;&#x9;OBX|24|NM|157996^MDC_TIME_PD_PROG^MDC|1.1.2.16|400|264320^MDC_DIM_X_SEC^MDC^s^s^UCUM|||||R&#xD;&#xA;&#x9;&#x9;OBX|25|NM|157916^MDC_TIME_PD_REMAIN^MDC|1.1.2.17|179|264320^MDC_DIM_X_SEC^MDC^s^s^UCUM|||||R&#xD;&#xA;&#x9;&#x9;OBX|26|NM|68063^MDC_ATTR_PT_WEIGHT^MDC|1.1.2.18|100|263875^MDC_DIM_KILO_G^MDC^kg^kg^UCUM|||||R&#xD;&#xA;&#x9;&#x9;OBX|27|CWE|158008^MDC_DEV_PUMP_PROGRAM_DELIVERY_MODE^MDC|1.1.2.21|^pump-program-delivery-mode-continuous||||||R&#xD;&#xA;&#x9;&#x9;OBX|28|CWE|158005^MDC_DEV_PUMP_CURRENT_DELIVERY_STATUS^MDC|1.1.2.22|^pump-delivery-status-delivering||||||R&#xD;&#xA;&#x9;&#x9;OBX|29||70091^MDC_DEV_PUMP_SYRINGE_INFO^MDC|1.1.6.0|||||||X&#xD;&#xA;&#x9;&#x9;OBX|30|NM|157880^MDC_VOL_SYRINGE^MDC|1.1.6.1|50|263762^MDC_DIM_MILLI_L^MDC^mL^mL^UCUM|||||R&#xD;&#xA;&#x9;&#x9;OBX|31|NM|157984^MDC_VOL_SYRINGE_ACTUAL^MDC|1.1.6.2|30.95|263762^MDC_DIM_MILLI_L^MDC^mL^mL^UCUM|||||R&#xD;&#xA;&#x9;&#x9;OBX|32|ST|184488^MDC_SYRINGE_MANUFACTURER^MDC|1.1.6.3|B.Braun OPS 50 mL||||||R,7,pump-status-infusing) row 1"
                time="0.0208218"/>
      <testcase classname="Philips.PMP.Test.Auto.IheMetricDataHandlerHelperTest"
                name="IheEnumValueTest (CapsuleMDIP,MSH|^~\&amp;|||||20220720013516.038-0400||ORU^R01^ORU_R01|HP0720013516.038PHMXL02238QJ322|P|2.6|||AL|NE||8859/1|EN^English^ISO639||IHE_PCD_001^IHE PCD^1.3.6.1.4.1.19376.1.6.1.1.1^ISO|&#xD;&#xA;&#x9;&#x9;PID|1||&#34;^^^Philips^MR||&#34;^&#34;^&#34;^^^^L||20050415000000.000+0200|F|||||||FRENCH|||PID18|&#xD;&#xA;&#x9;&#x9;PV1|2|I|{uniqueId}|1|&#xD;&#xA;&#x9;&#x9;OBR|||0009fbFFFF07f06a^^^EUI-64|69669^MDC_DEV_ANALY_CARD_OUTPUT_MDS^MDC|||20220720013513.935-0400|||ABC-123|||ABC-123|||||||| BaxterIFMout_5.3.5_EV1000_Baxter_XYZ456&#xD;&#xA;&#x9;&#x9;OBX|4||69669^NOM_DEV_ANALY_CARD_OUTPUT_MDS^MDC|1.0.0.0|||||||X|||||||718cbcf4-c374-4c31-9041-6cbd3c46aeaf-Edwards EV1000&#xD;&#xA;&#x9;&#x9;OBX|5||69670^NOM_DEV_ANALY_CARD_OUTPUT_VMD^MDC|1.1.0.0|||||||X|||||||&#xD;&#xA;&#x9;&#x9;OBX|6||69671^MDC_NOM_DEV_ANALY_CARD_OUTPUT_CHAN^MDC|1.1.1.0|||||||X|&#xD;&#xA;&#x9;&#x9;OBX|7|CWE|12345678^UNKNOWN^UNKNOWN^^^^^^tMode|1.1.1.41|1076259847^NLS_DRV_ED711_ENUM_VV_SENSOR^MDC^^^^^^VolView||||||R|||20180622133129.224+0200|&#xD;&#xA;&#x9;&#x9;OBX|8|CWE|67303669^NOM_SETT_MODE_MSMT^MDC^^^^^^sMode|1.1.1.41|1076259847^NLS_DRV_ED711_ENUM_VV_SENSOR^MDC^^^^^^VolView||||||R||SETTING|20180622133304.394+0200|||||&#xD;&#xA;&#x9;&#x9;OBX|9|CWE|67305467^NOM_SETT_MODE_MSMT^MDC^^^^^^testLabelEnum|1.1.1.41|1076259847^NLS_DRV_ED711_ENUM_VV_SENSOR^MDC^^^^^^VolView||||||R|||20180622133129.224+0200|&#xD;&#xA;&#x9;&#x9;OBX|10|CWE|67305468^NOM_NEW^MDC^^^^^^sMode|1.1.1.41|1076259847^NLS_DRV_ED711_ENUM_VV_SENSOR^CAPSULE^^^^^^VolView||||||R|||20180622133129.224+0200|&#xD;&#xA;&#x9;&#x9;OBX|11|CWE|67305469^NOM_NEW^MDC^^^^^^sMode|1.1.1.41|1076297727^UNKNOWN^UNKNOWN^^^^^^VolView||||||R|||20180622133129.224+0200|&#xD;&#xA;&#x9;&#x9;OBX|12|ST|67293194^NOM_SETT_DRUG_NAME_TYPE^MDC|1.4.1.5|RandomDrug||||||R||&#xD;&#xA;&#x9;&#x9;OBX|13|NM|67305466^NOM_NEW^MDC^^^^^^testLabelNum|1.1.1.41|100|262656^MDC_DIM_DIMLESS^MDC|||||R|||20180622133129.224+0200|&#xD;&#xA;&#x9;&#x9;OBX|14|NM|67305465^NOM_NEW^UNKNOWN^^^^^^testLabelNum2|1.1.1.41|100|262656^MDC_DIM_DIMLESS^MDC|||||R|||20180622133129.224+0200|&#xD;&#xA;&#x9;&#x9;OBX|15|NM|67305464^NOM_NEW^MDC^^^^^^testLabelNum3|1.1.1.41|100|262656^MDC_DIM_DIMLESS^MDC|||||R|||20180622133129.224+0200|&#xD;&#xA;&#x9;&#x9;OBX|16|NM|67305463^NOM_NEW^MDC^^^^^^testLabelNum4|1.1.1.41|100|262656^MDC_DIM_DIMLESS^UNKNOWN|||||R|||20180622133129.224+0200|&#xD;&#xA;&#x9;&#x9;OBX|17|NM|67305462^NOM_NEW^MDC^^^^^^testLabelNum5|1.1.1.41|100.0|327679^MDC_DIM_DIMLESS^MDIL^^^^^^NewUnit|||||R|||20180622133129.224+0200|&#xD;&#xA;&#x9;&#x9;OBX|18|NM|67305461^NOM_NEW^MDC^^^^^^testLabelNum6|1.1.1.41|100.00|327679^MDC_DIM_DIMLESS^MDIL^^^^^^NewUnit|||||R||APERIODIC|20180622133129.224+0200|&#xD;&#xA;&#x9;&#x9;OBX|19|CE|67305460^NOM_NEW^MDC^^^^^^testLabelNum7|1.1.1.41|100.00|327679^MDC_DIM_DIMLESS^MDIL^^^^^^NewUnit|||||R|||20180622133129.224+0200|&#xD;&#xA;&#x9;&#x9;OBX|20|NM|NAN^NOM_NEW^MDC^^^^^^testLabelNum8|1.1.1.41|100.00|327679^MDC_DIM_DIMLESS^MDIL^^^^^^NewUnit|||||R|||20180622133129.224+0200|&#xD;&#xA;&#x9;&#x9;OBX|21|CWE|67305468^NOM_NEW^MDC^^^^^^sMode|1.1.1.41|NAN^NLS_DRV_ED711_ENUM_VV_SENSOR^CAPSULE^^^^^^VolView||||||R|||20180622133129.224+0200|&#xD;&#xA;&#x9;&#x9;OBX|22|CWE|67305459^NOM_NEW^MDC^^^^^^testLabelNum9|1.1.1.41|1076297727^NEW_PARAM^MDIL^^^^^^NewEnum||||||R|||20180622133129.224+0200|&#xD;&#xA;&#x9;&#x9;OBX|23|CWE|67305458^NOM_NEW^MDC^^^^^^testLabelNum10|1.1.1.41|NAN^NEW_PARAM^MDIL^^^^^^NewEnum2||||||R|||20180622133129.224+0200|&#xD;&#xA;&#x9;&#x9;OBX|24|CWE|67305458^NOM_NEW^MDC^^^^^^testLabelNum11|1.1.1.41|1076297727^NEW_PARAM^MDIL^^^^^^機器情報||||||R|||20180622133129.224+0200|,7,VolView) row 2"
                time="0.0031204"/>
      <testcase classname="Philips.PMP.Test.Auto.SwitchDeviceControlTest"
                name="SwitchDeviceSystemNameChecker (Switch,0,False) row 1"
                time="0.0451026"/>
      <testcase classname="Philips.PMP.Test.Auto.SwitchDeviceControlTest"
                name="SwitchDeviceSystemNameChecker (Cisco,1,False) row 2"
                time="0.0375492"/>
      <testcase classname="Philips.PMP.Test.Auto.SwitchDeviceControlTest"
                name="SwitchDeviceSystemNameChecker (01234567890123456789,0,False) row 3"
                time="0.0412778"/>
      <testcase classname="Philips.PMP.Test.Auto.SwitchDeviceControlTest"
                name="SwitchDeviceSystemNameChecker (01234567890123456789,1,False) row 4"
                time="0.0368303"/>
      <testcase classname="Philips.PMP.Test.Auto.SwitchDeviceControlTest"
                name="SwitchDeviceSystemNameChecker (CiscoVeryLongSwitchName,0,False) row 5"
                time="0.0408104"/>
      <testcase classname="Philips.PMP.Test.Auto.SwitchDeviceControlTest"
                name="SwitchDeviceSystemNameChecker (CiscoVeryLongSwitchName,1,True) row 6"
                time="0.0378369"/>
      <testcase classname="Philips.PMP.Test.Auto.DtlsTest"
                name="DtlsProcessInboundDtlsPacketTest"
                time="0.0054728"/>
      <testcase classname="Philips.CareEvent.Test.EventNotificationServiceTest"
                name="EventNotificationServiceGetEventTest"
                time="0.0223813"/>
      <testcase classname="Philips.CareEvent.Test.EventInitializerTests"
                name="CallProcessPicInfoAlertErrorPathWhenInstitutionIsNull"
                time="0.0038819"/>
      <testcase classname="Philips.CareEvent.Test.MobileBedLabelLimitCheckerTest"
                name="MobileBedLabelLimitCheckerMapIsExceedingMobileBedLabelLimit"
                time="0.0013925"/>
      <testcase classname="Philips.PMP.Test.Auto.BedsimAperiodicTimestampConverterTest"
                name="RemoveMonitorTest"
                time="0.0009243"/>
      <testcase classname="Philips.PMP.Test.Auto.CameraSystemUnitAssignmentControlTest"
                name="CameraSystemUnitAssignmentControlDisplayConnectionState (Success) row 1"
                time="0.0319822"/>
      <testcase classname="Philips.PMP.Test.Auto.CameraSystemUnitAssignmentControlTest"
                name="CameraSystemUnitAssignmentControlDisplayConnectionState (Failure) row 2"
                time="0.0172834"/>
      <testcase classname="Philips.PMP.Test.Auto.CameraSystemUnitAssignmentControlTest"
                name="CameraSystemUnitAssignmentControlDisplayConnectionState (Unknown) row 3"
                time="0.0292503"/>
      <testcase classname="Philips.PMP.Test.Auto.PatientIdTest"
                name="PatientIdentityAttributeTest (Smith,LastName) row 1"
                time="0.0032533"/>
      <testcase classname="Philips.PMP.Test.Auto.PatientIdTest"
                name="PatientIdentityAttributeTest (BellVue,MiddleName) row 2"
                time="0.0246201"/>
      <testcase classname="Philips.PMP.Test.Auto.PatientIdTest"
                name="PatientIdentityAttributeTest (Charles,FirstName) row 3"
                time="0.0010416"/>
      <testcase classname="Philips.PMP.Test.Auto.SpotCheckTrendConnectionTest"
                name="SpotCheckTrendConnectionStop"
                time="0.0106688"/>
      <testcase classname="Philips.PMP.Test.Auto.MultiHostSubscriberTest"
                name="MultiHostSubscriberTestWaitUntilConnectedReturnsTrueAfterFirstProxyCall"
                time="0.1501248"/>
      <testcase classname="Philips.PMP.Test.Auto.PatientDataExportTest"
                name="AperiodicNumericsSendOnChangeTest"
                time="0.017091"/>
      <testcase classname="Philips.PMP.Test.Auto.CaregiverAssignmentHelperTest"
                name="GetPopInfoIfUnitRoleAssignmentIsAvailableAndPopUpBehaviorIsByUnit (Unit) row 1"
                time="0.2506813"/>
      <testcase classname="Philips.PMP.Test.Auto.CaregiverAssignmentHelperTest"
                name="GetPopInfoIfUnitRoleAssignmentIsAvailableAndPopUpBehaviorIsByUnit (Caregiver) row 2"
                time="0.2711112"/>
      <testcase classname="Philips.PMP.Test.Auto.CaregiverAssignmentHelperTest"
                name="GetPopInfoIfUnitRoleAssignmentIsAvailableAndPopUpBehaviorIsByUnit (None) row 3"
                time="0.2597181"/>
      <testcase classname="Philips.PMP.Test.Auto.ApmCollectorServiceTest"
                name="AggregateDhcpLeaseInformationTest (True,Philips.PMP.Definitions.StatusMessageTypes[],0) row 1"
                time="0.0651747"/>
      <testcase classname="Philips.PMP.Test.Auto.ApmCollectorServiceTest"
                name="AggregateDhcpLeaseInformationTest (True,Philips.PMP.Definitions.StatusMessageTypes[],1) row 2"
                time="0.0175629"/>
      <testcase classname="Philips.PMP.Test.Auto.ApmCollectorServiceTest"
                name="AggregateDhcpLeaseInformationTest (False,Philips.PMP.Definitions.StatusMessageTypes[],0) row 3"
                time="0.0029094"/>
      <testcase classname="Philips.PMP.Test.Auto.OutboundAdtMgrTest"
                name="Hl7AdtEncoderDateTimeToHL7DateTime"
                time="0.0011979"/>
      <testcase classname="Philips.PMP.Test.Auto.PatientManagementHelperTest"
                name="PatientManagementHelperTryClearSectorOnDischarge"
                time="0.0124262"/>
      <testcase classname="Philips.PMP.Test.Auto.PhysioDataHelperTest"
                name="GetDataChangeIntervalsMultiWavesTest"
                time="0.0018775"/>
      <testcase classname="Philips.PMP.Test.Auto.ZonePermissionCheckerTest"
                name="ZonePermissionCheckerShouldEnableAction (True) row 1"
                time="0.0082741"/>
      <testcase classname="Philips.PMP.Test.Auto.ZonePermissionCheckerTest"
                name="ZonePermissionCheckerShouldEnableAction (False) row 2"
                time="0.0122309"/>
      <testcase classname="Philips.PMP.Test.Auto.EcgPacerTest"
                name="NonContiguousWaveChunksTest"
                time="0.0053431"/>
      <testcase classname="Philips.PMP.Test.Auto.UiCheckerTest"
                name="UiCheckerShouldEnableActionForPatient (True,True) row 1"
                time="0.0034259"/>
      <testcase classname="Philips.PMP.Test.Auto.UiCheckerTest"
                name="UiCheckerShouldEnableActionForPatient (False,False) row 2"
                time="0.0019519"/>
      <testcase classname="Philips.PMP.Test.Auto.PatientDataExportFileTest"
                name="PdxDataWithDifferentStaysAreInDifferentFolders"
                time="0.0674657"/>
      <testcase classname="Philips.PMP.Test.Auto.PatientHandlerTest"
                name="PatientHandlerUpdateDevices"
                time="0.001568"/>
      <testcase classname="Philips.PMP.Test.Auto.LogProviderTest"
                name="DatabaseTargetExecutionLocationTest (Configuration,False,Server) row 1"
                time="0.0043217"/>
      <testcase classname="Philips.PMP.Test.Auto.LogProviderTest"
                name="DatabaseTargetExecutionLocationTest (Configuration,True,Local) row 2"
                time="0.0014296"/>
      <testcase classname="Philips.PMP.Test.Auto.LogProviderTest"
                name="DatabaseTargetExecutionLocationTest (Database,True,Local) row 3"
                time="0.0020543"/>
      <testcase classname="Philips.PMP.Test.Auto.LogProviderTest"
                name="DatabaseTargetExecutionLocationTest (Database,False,Local) row 4"
                time="0.001378"/>
      <testcase classname="Philips.CareEvent.Test.CipsControlTest"
                name="ValidateAndSaveSettingsTest"
                time="0.2262685"/>
      <testcase classname="Philips.PMP.Test.Auto.SystemControlHandlerTest"
                name="SystemControlHandlerEcg12LeadTimeDueFormatTest (en-us,9/6/2021 10:55:24 AM) row 1"
                time="0.0044119"/>
      <testcase classname="Philips.PMP.Test.Auto.SystemControlHandlerTest"
                name="SystemControlHandlerEcg12LeadTimeDueFormatTest (en-au,6/09/2021 10:55:24 AM) row 2"
                time="0.001085"/>
      <testcase classname="Philips.PMP.Test.Auto.CaregiverAssignmentProviderTest"
                name="CaregroupChangeEventsShouldClearZoneCache"
                time="0.0058678"/>
      <testcase classname="Philips.PMP.Test.Auto.WatchedComponentTest"
                name="WatchdogHeartbeatComponentRequired"
                time="0.0050485"/>
      <testcase classname="Philips.PMP.Test.Auto.StitchTest"
                name="StitchGetNlsCatalogVersionTest"
                time="0.0062846"/>
      <testcase classname="Philips.PMP.Test.Auto.ControlServiceHelperTest"
                name="ControlServiceHelperLoadNumericBluePrintTest (OUTPUT_CARD_INDEX_CTS,Cci) row 1"
                time="0.000821"/>
      <testcase classname="Philips.PMP.Test.Auto.ControlServiceHelperTest"
                name="ControlServiceHelperLoadNumericBluePrintTest (OUTPUT_CARD_CTS,Cco) row 2"
                time="0.0014904"/>
      <testcase classname="Philips.PMP.Test.Auto.FindPatientControllerTest"
                name="FindPatientControllerShouldHideLeftColumns (LifetimeId,False) row 1"
                time="0.0008172"/>
      <testcase classname="Philips.PMP.Test.Auto.FindPatientControllerTest"
                name="FindPatientControllerShouldHideLeftColumns (EncounterId,False) row 2"
                time="0.0004701"/>
      <testcase classname="Philips.PMP.Test.Auto.FindPatientControllerTest"
                name="FindPatientControllerShouldHideLeftColumns (LastName,True) row 3"
                time="0.0004789"/>
      <testcase classname="Philips.PMP.Test.Auto.WatchdogProviderTest"
                name="WatchedProcessesTest"
                time="0.0209746"/>
      <testcase classname="Philips.PMP.Test.Auto.Hl7TcpServerConnectionValidatorTest"
                name="Hl7TcpServerConnectionValidateDeviceConnection (0,16777343,localhost,False) row 1"
                time="0.0026946"/>
      <testcase classname="Philips.PMP.Test.Auto.Hl7TcpServerConnectionValidatorTest"
                name="Hl7TcpServerConnectionValidateDeviceConnection (16777343,16777343,,False) row 2"
                time="0.0006799"/>
      <testcase classname="Philips.PMP.Test.Auto.Hl7TcpServerConnectionValidatorTest"
                name="Hl7TcpServerConnectionValidateDeviceConnection (16777343,16777343,localhost,True) row 3"
                time="0.0007677"/>
      <testcase classname="Philips.PMP.Test.Auto.AlertNotificationThreadQueueTest"
                name="ThreadQueueDetectsKeepAliveBeingDequeued"
                time="0.0024239"/>
      <testcase classname="Philips.PMP.Test.Auto.PatientDataExportConfigValidatorTest"
                name="PatientDataExportMaxBedsPerDestinationTests (1024,True) row 1"
                time="0.0006699"/>
      <testcase classname="Philips.PMP.Test.Auto.PatientDataExportConfigValidatorTest"
                name="PatientDataExportMaxBedsPerDestinationTests (1025,False) row 2"
                time="0.0007153"/>
      <testcase classname="Philips.PMP.Test.Auto.InfoEventRepositoryTest"
                name="InfoEventRepositoryCheckUsedTimeMappings"
                time="0.0014386"/>
      <testcase classname="Philips.PMP.Test.Auto.Hl7OruEncoderTest"
                name="NumericSettingObservationValueTest (False,MDC_FLOW_AWAY_INSP_MAX,151773) row 1"
                time="0.0007595"/>
      <testcase classname="Philips.PMP.Test.Auto.Hl7OruEncoderTest"
                name="NumericSettingObservationValueTest (True,NOM_SETT_FLOW_AWAY_INSP_MAX,67260637) row 2"
                time="0.000798"/>
      <testcase classname="Philips.PMP.Test.Auto.ApmCrashDumpSummaryGeneratorTest"
                name="ApmCrashDumpSummaryGeneratorWillReturnFalseOnError"
                time="0.0015135"/>
      <testcase classname="Philips.PMP.Test.Auto.HL7Test"
                name="Hl7HelperIsProblemWithPdsDataTest (0,0,0,0,False,True) row 1"
                time="0.0006011"/>
      <testcase classname="Philips.PMP.Test.Auto.HL7Test"
                name="Hl7HelperIsProblemWithPdsDataTest (1,0,0,0,False,False) row 2"
                time="0.0004946"/>
      <testcase classname="Philips.PMP.Test.Auto.HL7Test"
                name="Hl7HelperIsProblemWithPdsDataTest (0,1,0,0,False,False) row 3"
                time="0.0004227"/>
      <testcase classname="Philips.PMP.Test.Auto.HL7Test"
                name="Hl7HelperIsProblemWithPdsDataTest (0,0,1,0,False,False) row 4"
                time="0.0003708"/>
      <testcase classname="Philips.PMP.Test.Auto.HL7Test"
                name="Hl7HelperIsProblemWithPdsDataTest (0,0,0,1,True,False) row 5"
                time="0.0015869"/>
      <testcase classname="Philips.PMP.Test.Auto.HL7Test"
                name="Hl7HelperIsProblemWithPdsDataTest (0,0,0,1,False,True) row 6"
                time="0.0009486"/>
      <testcase classname="Philips.IX.UserManagement.Test.UserAuthenticatorsTest"
                name="UserAuthenticatorBreakGlassWrongData"
                time="0.0005499"/>
      <testcase classname="Philips.PMP.Test.Auto.EventNotificationValidatorTest"
                name="VerifyIfNurseRoleIsShared (True) row 1"
                time="0.0027795"/>
      <testcase classname="Philips.PMP.Test.Auto.EventNotificationValidatorTest"
                name="VerifyIfNurseRoleIsShared (False) row 2"
                time="0.0017196"/>
      <testcase classname="Philips.RootMain.Test.CertificateInstallMgrTest"
                name="ImportedCertNoNewCertNeeded"
                time="0.0038745"/>
      <testcase classname="Philips.PMP.Test.Auto.IHEDriverConnectionSettingControlTest"
                name="ConnectionSettingControlValidatorTest (Success,Success,Success,CapsuleMDIP,3005) row 1"
                time="0.0023667"/>
      <testcase classname="Philips.PMP.Test.Auto.IHEDriverConnectionSettingControlTest"
                name="ConnectionSettingControlValidatorTest (Failure,Success,Failure,CapsuleMDIP,3005) row 2"
                time="0.0010082"/>
      <testcase classname="Philips.PMP.Test.Auto.IHEDriverConnectionSettingControlTest"
                name="ConnectionSettingControlValidatorTest (Success,Failure,Failure,CapsuleMDIP,3005) row 3"
                time="0.0006535"/>
      <testcase classname="Philips.PMP.Test.Auto.IHEDriverConnectionSettingControlTest"
                name="ConnectionSettingControlValidatorTest (Failure,Failure,Failure,CapsuleMDIP,3005) row 4"
                time="0.0007299"/>
      <testcase classname="Philips.PMP.Test.Auto.IHEDriverConnectionSettingControlTest"
                name="ConnectionSettingControlValidatorTest (Success,Success,Success,BBraunDoselinkPlus,3006) row 5"
                time="0.0006649"/>
      <testcase classname="Philips.PMP.Test.Auto.IHEDriverConnectionSettingControlTest"
                name="ConnectionSettingControlValidatorTest (Failure,Success,Failure,BBraunDoselinkPlus,3006) row 6"
                time="0.0006279"/>
      <testcase classname="Philips.PMP.Test.Auto.IHEDriverConnectionSettingControlTest"
                name="ConnectionSettingControlValidatorTest (Success,Failure,Failure,BBraunDoselinkPlus,3006) row 7"
                time="0.0006177"/>
      <testcase classname="Philips.PMP.Test.Auto.IHEDriverConnectionSettingControlTest"
                name="ConnectionSettingControlValidatorTest (Failure,Failure,Failure,BBraunDoselinkPlus,3006) row 8"
                time="0.0006194"/>
      <testcase classname="Philips.PMP.Test.Auto.UserManagementProviderTest"
                name="ActiveDirectoryEditTest"
                time="0.0399946"/>
      <testcase classname="Philips.PMP.Test.Auto.FontsQualifierTest"
                name="FontsQualifierIsCorrectableTest"
                time="0.0012323"/>
      <testcase classname="Philips.PMP.Test.Auto.MobileSaveWavestripMgrTest"
                name="AuditPassesWithSuccessResultWhenSaveUserWavestripSucceeds"
                time="0.0632343"/>
      <testcase classname="Philips.IX.UserManagement.Test.UserManagementDataTest"
                name="UserManagementUniqueIdDataTest"
                time="0.0005983"/>
      <testcase classname="Philips.PMP.Test.Auto.EventNotificationSettingControlTest"
                name="CopySharedAssignmentRoleShouldClearExistingAssignmentAndLockSettings"
                time="0.0804525"/>
      <testcase classname="Philips.PMP.Test.Auto.SystemPerformanceTest"
                name="StoreValueNonExistent"
                time="0.8478476"/>
      <testcase classname="Philips.CareEvent.Test.MobileDeviceManagementControlTests"
                name="FilterTest"
                time="0.0449627"/>
      <testcase classname="Philips.PMP.Test.Auto.CameraSystemQualifierTest"
                name="CameraSystemQualifierFailsOnServerError"
                time="0.0015401"/>
      <testcase classname="Philips.PMP.Test.Auto.ActiveDirectoryConfiguratorTest"
                name="ActiveDirectoryConfiguratorRefresh"
                time="0.0033157"/>
      <testcase classname="Philips.PMP.Test.Auto.PatientAssignmentControlTest"
                name="PatientAssignmentControlOnUnitAdmitTimeEntered (True,1) row 1"
                time="0.0652991"/>
      <testcase classname="Philips.PMP.Test.Auto.PatientAssignmentControlTest"
                name="PatientAssignmentControlOnUnitAdmitTimeEntered (False,0) row 2"
                time="0.0641899"/>
      <testcase classname="Philips.PMP.Test.Auto.HubPasswordControlTest"
                name="TryGetPasswordTest (,,Password cannot be blank. Please set a password.) row 1"
                time="0.0130064"/>
      <testcase classname="Philips.PMP.Test.Auto.HubPasswordControlTest"
                name="TryGetPasswordTest (test,TEST,Passwords don't match. Please confirm password.) row 2"
                time="0.0087077"/>
      <testcase classname="Philips.PMP.Test.Auto.HubPasswordControlTest"
                name="TryGetPasswordTest (test,test,) row 3"
                time="0.0258614"/>
      <testcase classname="Philips.PMP.Test.Auto.HubPasswordControlTest"
                name="TryGetPasswordTest (    test,test       ,) row 4"
                time="0.013541"/>
      <testcase classname="Philips.PMP.Test.Auto.PatientDataExportConnectionBedControlTest"
                name="PopulateBedTreeViewTest"
                time="0.3150073"/>
      <testcase classname="Philips.PMP.Test.Auto.MobilePatientMgrTest"
                name="PatientLookupByPpisId (True) row 1"
                time="0.033685"/>
      <testcase classname="Philips.PMP.Test.Auto.MobilePatientMgrTest"
                name="PatientLookupByPpisId (False) row 2"
                time="0.0187825"/>
      <testcase classname="Philips.PMP.Test.Auto.TrendUploadDvcTest"
                name="AllCombinationsOfGapPossibilitiesTest"
                time="0.002028"/>
      <testcase classname="Philips.PMP.Test.Auto.DbFifoTest"
                name="FifoByAge"
                time="0.113633"/>
      <testcase classname="Philips.PMP.Test.Auto.ComConverterTest"
                name="ComConverterBuildArraysReturnsTrue"
                time="0.0020438"/>
      <testcase classname="Philips.PMP.Test.Auto.SectorControlTest"
                name="SectorControlShowMinimizeTest (True,True,False,True,False,False) row 1"
                time="0.0399476"/>
      <testcase classname="Philips.PMP.Test.Auto.SectorControlTest"
                name="SectorControlShowMinimizeTest (True,True,False,False,True,False) row 2"
                time="0.0317418"/>
      <testcase classname="Philips.PMP.Test.Auto.SectorControlTest"
                name="SectorControlShowMinimizeTest (True,True,True,False,False,True) row 3"
                time="0.037418"/>
      <testcase classname="Philips.PMP.Test.Auto.SectorControlTest"
                name="SectorControlShowMinimizeTest (True,True,True,False,False,False) row 4"
                time="0.0323551"/>
      <testcase classname="Philips.PMP.Test.Auto.EcgDeriverTest"
                name="TryGetEasiCoefficientsTest"
                time="0.0045493"/>
      <testcase classname="Philips.PMP.Test.Auto.MedianCalculatorTest"
                name="PartialAvailablePressureTest"
                time="0.0288699"/>
      <testcase classname="Philips.PMP.Test.Auto.SpotCheckVitalsProcessorTest"
                name="SpotCheckVitalsMultipleNumericCreationTest"
                time="0.2803305"/>
      <testcase classname="Philips.PIC.CertificateSync.Test.CertificateSyncNotificationMgrTest"
                name="CertificateSyncNotificationMgrPublish"
                time="0.1228412"/>
      <testcase classname="Philips.PMP.Test.Auto.PatientAssignmentControlValidatorTest"
                name="PatientAssignmentControlValidatorValidatePatientWeightValues (,Kilograms,True) row 1"
                time="0.0004936"/>
      <testcase classname="Philips.PMP.Test.Auto.PatientAssignmentControlValidatorTest"
                name="PatientAssignmentControlValidatorValidatePatientWeightValues (-1,Kilograms,False) row 2"
                time="0.0008484"/>
      <testcase classname="Philips.PMP.Test.Auto.PatientAssignmentControlValidatorTest"
                name="PatientAssignmentControlValidatorValidatePatientWeightValues (0,Kilograms,True) row 3"
                time="0.0028298"/>
      <testcase classname="Philips.PMP.Test.Auto.PatientAssignmentControlValidatorTest"
                name="PatientAssignmentControlValidatorValidatePatientWeightValues (450,Kilograms,True) row 4"
                time="0.0006211"/>
      <testcase classname="Philips.PMP.Test.Auto.PatientAssignmentControlValidatorTest"
                name="PatientAssignmentControlValidatorValidatePatientWeightValues (451,Kilograms,False) row 5"
                time="0.0020257"/>
      <testcase classname="Philips.PMP.Test.Auto.PatientAssignmentControlValidatorTest"
                name="PatientAssignmentControlValidatorValidatePatientWeightValues (,Pounds,True) row 6"
                time="0.0003292"/>
      <testcase classname="Philips.PMP.Test.Auto.PatientAssignmentControlValidatorTest"
                name="PatientAssignmentControlValidatorValidatePatientWeightValues (-1,Pounds,False) row 7"
                time="0.0003401"/>
      <testcase classname="Philips.PMP.Test.Auto.PatientAssignmentControlValidatorTest"
                name="PatientAssignmentControlValidatorValidatePatientWeightValues (0,Pounds,True) row 8"
                time="0.000323"/>
      <testcase classname="Philips.PMP.Test.Auto.PatientAssignmentControlValidatorTest"
                name="PatientAssignmentControlValidatorValidatePatientWeightValues (999,Pounds,True) row 9"
                time="0.0013535"/>
      <testcase classname="Philips.PMP.Test.Auto.PatientAssignmentControlValidatorTest"
                name="PatientAssignmentControlValidatorValidatePatientWeightValues (1000,Pounds,False) row 10"
                time="0.0004097"/>
      <testcase classname="Philips.PMP.Test.Auto.PatientAssignmentControlValidatorTest"
                name="PatientAssignmentControlValidatorValidatePatientWeightValues (,Grams,True) row 11"
                time="0.0004866"/>
      <testcase classname="Philips.PMP.Test.Auto.PatientAssignmentControlValidatorTest"
                name="PatientAssignmentControlValidatorValidatePatientWeightValues (-1,Grams,False) row 12"
                time="0.0069022"/>
      <testcase classname="Philips.PMP.Test.Auto.PatientAssignmentControlValidatorTest"
                name="PatientAssignmentControlValidatorValidatePatientWeightValues (0,Grams,True) row 13"
                time="0.0008556"/>
      <testcase classname="Philips.PMP.Test.Auto.PatientAssignmentControlValidatorTest"
                name="PatientAssignmentControlValidatorValidatePatientWeightValues (9999,Grams,True) row 14"
                time="0.001388"/>
      <testcase classname="Philips.PMP.Test.Auto.PatientAssignmentControlValidatorTest"
                name="PatientAssignmentControlValidatorValidatePatientWeightValues (10000,Grams,False) row 15"
                time="0.0007161"/>
      <testcase classname="Philips.PMP.Test.Auto.LabDataServiceTest"
                name="LabDataServiceStartAndDisposeTest (False,False) row 1"
                time="2.5480441"/>
      <testcase classname="Philips.PMP.Test.Auto.LabDataServiceTest"
                name="LabDataServiceStartAndDisposeTest (False,True) row 2"
                time="0.1055869"/>
      <testcase classname="Philips.PMP.Test.Auto.LabDataServiceTest"
                name="LabDataServiceStartAndDisposeTest (True,False) row 3"
                time="0.0695774"/>
      <testcase classname="Philips.PMP.Test.Auto.LabDataServiceTest"
                name="LabDataServiceStartAndDisposeTest (True,True) row 4"
                time="0.0244652"/>
      <testcase classname="Philips.PMP.Test.Auto.PatientIdTest"
                name="PatientIdentitySetAuthoritativeTest (True) row 1"
                time="0.001968"/>
      <testcase classname="Philips.PMP.Test.Auto.PatientIdTest"
                name="PatientIdentitySetAuthoritativeTest (False) row 2"
                time="0.0172678"/>
      <testcase classname="Philips.PMP.Test.Auto.LabMappingProviderTest"
                name="LabMdilSettingTest"
                time="0.0249442"/>
      <testcase classname="Philips.PMP.Test.Auto.ApmCollectorServiceTest"
                name="ApmCollectorServiceReportsDeletedDevicesOnlyOnce"
                time="0.0974677"/>
      <testcase classname="Philips.PMP.Test.Auto.TrustedCertificateConfigHelperTest"
                name="TrustedCertificateConfigHelperInit"
                time="0.1393029"/>
      <testcase classname="Philips.PMP.Test.Auto.TileLayoutPanelControlTest"
                name="TileLayoutPanelControlWillShowDeviceStatusMessageWhenNoData"
                time="0.0091178"/>
      <testcase classname="Philips.PMP.LicenseService.Test.UnitLicenseValidatorTest"
                name="ValidateOverallUnitLicenseTest (True) row 1"
                time="0.0021813"/>
      <testcase classname="Philips.PMP.LicenseService.Test.UnitLicenseValidatorTest"
                name="ValidateOverallUnitLicenseTest (False) row 2"
                time="0.0007962"/>
      <testcase classname="Philips.PMP.Test.Auto.WaveFrequencyConverterTest"
                name="WaveConvertBadNextChunkSamples"
                time="0.0003448"/>
      <testcase classname="Philips.PMP.Test.Auto.AlertProviderTest"
                name="AlertProviderNotableIntervalTwoWithSameKey"
                time="0.0152182"/>
      <testcase classname="Philips.PMP.Test.Auto.MobilePatientDischargeTest"
                name="InvalidDataReturnMobileDischargeResultCodesAsError (,False,False,False) row 1"
                time="0.0129785"/>
      <testcase classname="Philips.PMP.Test.Auto.MobilePatientDischargeTest"
                name="InvalidDataReturnMobileDischargeResultCodesAsError (6B29FC40-CA47-1067-B31D-00DD010662DA,False,False,False) row 2"
                time="0.0024601"/>
      <testcase classname="Philips.PMP.Test.Auto.MobilePatientDischargeTest"
                name="InvalidDataReturnMobileDischargeResultCodesAsError (6B29FC40-CA47-1067-B31D-00DD010662DA,True,False,False) row 3"
                time="0.0036531"/>
      <testcase classname="Philips.PMP.Test.Auto.MobilePatientDischargeTest"
                name="InvalidDataReturnMobileDischargeResultCodesAsError (6B29FC40-CA47-1067-B31D-00DD010662DA,True,True,False) row 4"
                time="0.0021893"/>
      <testcase classname="Philips.PMP.Test.Auto.ProximMessageParserTest"
                name="ProximMessageParserConvertToInt32Test (2,True,0) row 1"
                time="0.0013031"/>
      <testcase classname="Philips.PMP.Test.Auto.ProximMessageParserTest"
                name="ProximMessageParserConvertToInt32Test (2,False,2) row 2"
                time="0.0004002"/>
      <testcase classname="Philips.PMP.Test.Auto.ProximMessageParserTest"
                name="ProximMessageParserConvertToInt32Test (3,True,0) row 3"
                time="0.001244"/>
      <testcase classname="Philips.PMP.Test.Auto.ProximMessageParserTest"
                name="ProximMessageParserConvertToInt32Test (3,False,3) row 4"
                time="0.000414"/>
      <testcase classname="Philips.PMP.Test.Auto.SoftwareUpdateHelperTest"
                name="BaseVersionTestDifferentBaseVersions"
                time="0.0225171"/>
      <testcase classname="Philips.PMP.Test.Auto.RolesControlHelperTest"
                name="RolesControlHelperDeleteRole"
                time="0.0032014"/>
      <testcase classname="Philips.PMP.Test.Auto.EventLogAppRestartAnalyzerTest"
                name="DetectLastAppRestartWasWatchdogFailure"
                time="0.0016985"/>
      <testcase classname="Philips.PMP.Test.Auto.DbEngineDiagnosticsMgrTest"
                name="DbEngineDiagnosticMgrReportsLengthyQueries (Philips.PIC.Primary,dbo.Patient_Get,True,True,True) row 1"
                time="0.114735"/>
      <testcase classname="Philips.PMP.Test.Auto.DbEngineDiagnosticsMgrTest"
                name="DbEngineDiagnosticMgrReportsLengthyQueries (Philips.PIC.Primary,dbo.Patient_Get,True,False,True) row 2"
                time="0.0096841"/>
      <testcase classname="Philips.PMP.Test.Auto.DbEngineDiagnosticsMgrTest"
                name="DbEngineDiagnosticMgrReportsLengthyQueries (Philips.PIC.Primary,dbo.PriorityCatalog_Get,False,True,True) row 3"
                time="0.0285407"/>
      <testcase classname="Philips.PMP.Test.Auto.DbEngineDiagnosticsMgrTest"
                name="DbEngineDiagnosticMgrReportsLengthyQueries (Philips.PIC.Primary,dbo.PriorityCatalog_Get,False,False,True) row 4"
                time="0.0024323"/>
      <testcase classname="Philips.PMP.Test.Auto.DbEngineDiagnosticsMgrTest"
                name="DbEngineDiagnosticMgrReportsLengthyQueries (Philips.PIC.Physio,dbo.Patient_Get,False,True,True) row 5"
                time="0.0016538"/>
      <testcase classname="Philips.PMP.Test.Auto.DbEngineDiagnosticsMgrTest"
                name="DbEngineDiagnosticMgrReportsLengthyQueries (Philips.PIC.Physio,dbo.Patient_Get,False,False,True) row 6"
                time="0.0020112"/>
      <testcase classname="Philips.PMP.Test.Auto.DbEngineDiagnosticsMgrTest"
                name="DbEngineDiagnosticMgrReportsLengthyQueries (Philips.PIC.Physio,dbo.PriorityCatalog_Get,False,True,True) row 7"
                time="0.0017012"/>
      <testcase classname="Philips.PMP.Test.Auto.DbEngineDiagnosticsMgrTest"
                name="DbEngineDiagnosticMgrReportsLengthyQueries (Philips.PIC.Physio,dbo.PriorityCatalog_Get,False,False,True) row 8"
                time="0.0031934"/>
      <testcase classname="Philips.PMP.Test.Auto.DbEngineDiagnosticsMgrTest"
                name="DbEngineDiagnosticMgrReportsLengthyQueries (Philips.PIC.Diagnostics,dbo.Patient_Get,False,True,True) row 9"
                time="0.00118"/>
      <testcase classname="Philips.PMP.Test.Auto.DbEngineDiagnosticsMgrTest"
                name="DbEngineDiagnosticMgrReportsLengthyQueries (Philips.PIC.Diagnostics,dbo.Patient_Get,False,False,True) row 10"
                time="0.0018089"/>
      <testcase classname="Philips.PMP.Test.Auto.DbEngineDiagnosticsMgrTest"
                name="DbEngineDiagnosticMgrReportsLengthyQueries (Philips.PIC.Diagnostics,dbo.PriorityCatalog_Get,False,True,True) row 11"
                time="0.0011027"/>
      <testcase classname="Philips.PMP.Test.Auto.DbEngineDiagnosticsMgrTest"
                name="DbEngineDiagnosticMgrReportsLengthyQueries (Philips.PIC.Diagnostics,dbo.PriorityCatalog_Get,False,False,True) row 12"
                time="0.0018404"/>
      <testcase classname="Philips.PMP.Test.Auto.DbParameterTest"
                name="GetEnumTypeDbInputParameterValueTest"
                time="0.0251288"/>
      <testcase classname="Philips.PMP.Test.Auto.DbAvailabilityTest"
                name="GetConnectedHostDevicesReturnsExpectedHosts (Connected,Connected,Connected) row 1"
                time="0.0057402"/>
      <testcase classname="Philips.PMP.Test.Auto.DbAvailabilityTest"
                name="GetConnectedHostDevicesReturnsExpectedHosts (Connected,ForcedLocal,Connected) row 2"
                time="0.0006408"/>
      <testcase classname="Philips.PMP.Test.Auto.DbAvailabilityTest"
                name="GetConnectedHostDevicesReturnsExpectedHosts (Unknown,Unknown,Unknown) row 3"
                time="0.000551"/>
      <testcase classname="Philips.PMP.Test.Auto.DevicePropertiesControlTest"
                name="GetSelectedZoneTest"
                time="0.0145408"/>
      <testcase classname="Philips.PMP.Test.Auto.EventRolesProviderTest"
                name="CopySettingsShouldDeleteOldCustomizationTest"
                time="0.2785503"/>
      <testcase classname="Philips.PMP.Test.Auto.NumericProviderTest"
                name="NumericProviderPeriodicMergeTrendUploadData"
                time="0.2962748"/>
      <testcase classname="Philips.PMP.Test.Auto.PatientDataExportStorageTest"
                name="PdxSystemIdStoredAsAsciiIsReturnedCorrectly"
                time="0.0277384"/>
      <testcase classname="Philips.PMP.Test.Auto.NumericProviderTest"
                name="NumericProviderAperiodicDisassociationDuplicate"
                time="0.2873975"/>
      <testcase classname="Philips.PMP.Test.Auto.PatientDataExportStorageTest"
                name="PdxSystemIdStoresCorrectly"
                time="0.0192914"/>
      <testcase classname="Philips.PMP.Test.Auto.AlertHelperTest"
                name="AlertHelperTryFindDeviceSupportingAudioStateTest (Efficia,True) row 1"
                time="0.0015883"/>
      <testcase classname="Philips.PMP.Test.Auto.AlertHelperTest"
                name="AlertHelperTryFindDeviceSupportingAudioStateTest (DelphiLow12In,False) row 2"
                time="0.0004341"/>
      <testcase classname="Philips.PMP.Test.Auto.AlertHelperTest"
                name="AlertHelperTryFindDeviceSupportingAudioStateTest (TelemAllegro,False) row 3"
                time="0.0006077"/>
      <testcase classname="Philips.PMP.Test.Auto.AlertHelperTest"
                name="AlertHelperTryFindDeviceSupportingAudioStateTest (Mrx,False) row 4"
                time="0.0003427"/>
      <testcase classname="Philips.PMP.Test.Auto.AlertHelperTest"
                name="AlertHelperTryFindDeviceSupportingAudioStateTest (Portal5000,True) row 5"
                time="0.000406"/>
      <testcase classname="Philips.PMP.Test.Auto.EnumLocalizationTest"
                name="EnumResxTest"
                time="4.7684886"/>
      <testcase classname="Philips.PMP.Test.Auto.PhysioDataDisplayHelperTest"
                name="GetNumericValueNlsIdTest"
                time="0.0005663"/>
      <testcase classname="Philips.PMP.Test.Auto.DbProviderCacheTest"
                name="DbTransactionCacheThrowOnCommit"
                time="0.0123819"/>
      <testcase classname="Philips.PMP.Test.Auto.EntityLicenseExtensionsTest"
                name="EntityLicenseExtensionsIsMobilityServer"
                time="0.0010756"/>
      <testcase classname="Philips.PMP.Test.Auto.GatewayServiceMonitorTest"
                name="SystemStatusServiceMgrCheckGatewayTransitionsFromFalseToTrue"
                time="0.0016687"/>
      <testcase classname="Philips.PMP.Test.Auto.PriorDataTest"
                name="PriorDataGetDataTest"
                time="0.2928918"/>
      <testcase classname="Philips.PMP.Test.Auto.EfficiaInstrumentTest"
                name="EfficiaInstrumentPressureCo2UomIsParsed (MmHg,MMHG) row 1"
                time="0.0020948"/>
      <testcase classname="Philips.PMP.Test.Auto.EfficiaInstrumentTest"
                name="EfficiaInstrumentPressureCo2UomIsParsed (Kpa,KILO_PASCAL) row 2"
                time="0.0019056"/>
      <testcase classname="Philips.PMP.Test.Auto.EfficiaInstrumentTest"
                name="EfficiaInstrumentPressureCo2UomIsParsed (CmH2o,CM_H2O) row 3"
                time="0.0017299"/>
      <testcase classname="Philips.PMP.Test.Auto.EfficiaInstrumentTest"
                name="EfficiaInstrumentPressureCo2UomIsParsed (Invalid,MMHG) row 4"
                time="0.0016891"/>
      <testcase classname="Philips.PMP.Test.Auto.PatientFieldsHelperTest"
                name="PatientFieldsHelperGetNotHiddenDisplayModeChoices"
                time="0.0013125"/>
      <testcase classname="Philips.PMP.Test.Auto.ConnectionStatusMonitorTest"
                name="ConnectionStatusMonitorReflectsMostRecentStatusUpdate"
                time="0.0046804"/>
      <testcase classname="Philips.CareEvent.Test.EventInitializerTests"
                name="PatientDisplayNameFollowsIncludePatientNameSettingForNursecall (True,TestPatient) row 1"
                time="0.0250719"/>
      <testcase classname="Philips.CareEvent.Test.EventInitializerTests"
                name="PatientDisplayNameFollowsIncludePatientNameSettingForNursecall (False,) row 2"
                time="0.0054159"/>
      <testcase classname="Philips.PMP.Test.Auto.PatientProviderTest"
                name="MapDbReturnCodesTest"
                time="0.012899"/>
      <testcase classname="Philips.iX.DataBridge.Common.Test.AcpmpTenantMgmtHandlerTest"
                name="TenantSetupTest (BadRequest,False) row 1"
                time="1.2261912"/>
      <testcase classname="Philips.iX.DataBridge.Common.Test.AcpmpTenantMgmtHandlerTest"
                name="TenantSetupTest (Unauthorized,False) row 2"
                time="0.005182"/>
      <testcase classname="Philips.iX.DataBridge.Common.Test.AcpmpTenantMgmtHandlerTest"
                name="TenantSetupTest (OK,True) row 3"
                time="0.021483"/>
      <testcase classname="Philips.PMP.Test.Auto.InputCommunicationTcpConnectionTests"
                name="InboundXmlMessageMgrTestConnectionPerformanceCounter"
                time="0.0068643"/>
      <testcase classname="Philips.PMP.LicenseService.Test.LicenseHostValidatorTest"
                name="LicenseValidatorValidatePhysioNonDeveloperNetworkedNoPatientConnections"
                time="0.0016996"/>
      <testcase classname="Philips.PMP.Test.Auto.StitchTest"
                name="StitchReceivedDvcLogicOneInputTest"
                time="0.0055655"/>
      <testcase classname="Philips.PMP.Test.Auto.Hl7AlertfilterServiceSubscriberMgrTest"
                name="DistributedConfigurationSubscribeToAlertFilterServiceTest"
                time="0.2529656"/>
      <testcase classname="Philips.PMP.Test.Auto.InboundAdtPatientConfigQualifierTest"
                name="InboundAdtPatientConfigQualifierRequiredIds (Required,Required,MedicalRecordNumber,AccountNumber,Success) row 1"
                time="0.0073563"/>
      <testcase classname="Philips.PMP.Test.Auto.InboundAdtPatientConfigQualifierTest"
                name="InboundAdtPatientConfigQualifierRequiredIds (Required,Optional,MedicalRecordNumber,PatientInternalIdentifier,Success) row 2"
                time="0.0012894"/>
      <testcase classname="Philips.PMP.Test.Auto.InboundAdtPatientConfigQualifierTest"
                name="InboundAdtPatientConfigQualifierRequiredIds (Optional,Required,PatientInternalIdentifier,AccountNumber,Success) row 3"
                time="0.0011652"/>
      <testcase classname="Philips.PMP.Test.Auto.InboundAdtPatientConfigQualifierTest"
                name="InboundAdtPatientConfigQualifierRequiredIds (Optional,Optional,PatientInternalIdentifier,AccountNumber,Failure) row 4"
                time="0.0026331"/>
      <testcase classname="Philips.PMP.Test.Auto.InboundAdtPatientConfigQualifierTest"
                name="InboundAdtPatientConfigQualifierPicFacilityMissingInHif (My HIF Institution,Success,False) row 1"
                time="0.0029518"/>
      <testcase classname="Philips.PMP.Test.Auto.InboundAdtPatientConfigQualifierTest"
                name="InboundAdtPatientConfigQualifierPicFacilityMissingInHif (My Institution,Failure,True) row 2"
                time="0.0022557"/>
      <testcase classname="Philips.CareEvent.Test.EventBridgeTests"
                name="ServiceStartStopTest"
                time="0.3010493"/>
      <testcase classname="Philips.PMP.Test.Auto.BaxterPrismaxTest"
                name="IntelliBridgeBaxterPrismaxProcessMemGetStateTest"
                time="0.0815119"/>
      <testcase classname="Philips.PMP.Test.Auto.DataTileHelperTest"
                name="DataTileHelperGetDurationTest"
                time="0.0058723"/>
      <testcase classname="Philips.PMP.Test.Auto.RmsTest"
                name="RmsStaticInfoEvent"
                time="0.0200814"/>
      <testcase classname="Philips.PMP.Test.Auto.IheDriverQualifierTest"
                name="IheDriverQualifierSysValidationExceptionTest"
                time="0.0126764"/>
      <testcase classname="Philips.PMP.Test.Auto.DbExecutionMgrTest"
                name="DbExecutionMgrLocalWhenConfigurationServer (False,True,1,0) row 1"
                time="0.4297966"/>
      <testcase classname="Philips.PMP.Test.Auto.DbExecutionMgrTest"
                name="DbExecutionMgrLocalWhenConfigurationServer (False,False,0,1) row 2"
                time="0.0217005"/>
      <testcase classname="Philips.PMP.Test.Auto.DbExecutionMgrTest"
                name="DbExecutionMgrLocalWhenConfigurationServer (True,False,1,0) row 3"
                time="0.0175079"/>
      <testcase classname="Philips.PMP.Test.Auto.TimeMappingRepositoryTest"
                name="InitialPatientTimeDoesntGetSetBehindUtcNowTime"
                time="0.0003796"/>
      <testcase classname="Philips.PMP.Test.Auto.RepositoryEventEnumerationTest"
                name="RepositoryEventEnumerationAlwaysReturnsOngoingEventsIfFlagIsSet"
                time="0.0005676"/>
      <testcase classname="Philips.PMP.Test.Auto.PatientProviderTest"
                name="PatientGetDuplicatePatientIdTypeTest"
                time="0.2981763"/>
      <testcase classname="Philips.PMP.Test.Auto.EcgFilterHelperTest"
                name="EcgFilter12LeadInterpolationWorksCorrectly2Test"
                time="0.0100333"/>
      <testcase classname="Philips.PMP.Test.Auto.RepositoryDropoutCounterTest"
                name="RepositoryDropoutCounterUpdateWaveUnavailableCounterTestWithConsecutiveUnavilableWaveSamples"
                time="0.000668"/>
      <testcase classname="Philips.PMP.Test.Auto.CaregiverAssignmentProviderTest"
                name="GetAvailableDelegatesTest"
                time="0.3998012"/>
      <testcase classname="Philips.PMP.Test.Auto.LogsTest"
                name="LogCanLogVerbose (True,1) row 1"
                time="0.0153249"/>
      <testcase classname="Philips.PMP.Test.Auto.LogsTest"
                name="LogCanLogVerbose (False,0) row 2"
                time="0.0059503"/>
      <testcase classname="Philips.PMP.Test.Auto.PatientServiceCallbackMgrTest"
                name="CallbackMgrFunctionsTest"
                time="0.0223035"/>
      <testcase classname="Philips.PMP.Test.Auto.CaregiverAssignmentProviderTest"
                name="GetCaregiverFromCacheTest"
                time="0.0105852"/>
      <testcase classname="Philips.PMP.Test.Auto.RepositoryTest"
                name="MonitorOfflineAddMetricsToRetainedListTest (False) row 1"
                time="0.0148775"/>
      <testcase classname="Philips.PMP.Test.Auto.RepositoryTest"
                name="MonitorOfflineAddMetricsToRetainedListTest (True) row 2"
                time="0.0115194"/>
      <testcase classname="Philips.IX.UserManagement.Test.ProveIdWebApiServerSequencerTest"
                name="GetServersAllAvailableTest"
                time="0.3190724"/>
      <testcase classname="Philips.PMP.Test.Auto.EventLogShutdownAnalyzerTest"
                name="DetectLastShutdownWasBugCheck"
                time="0.0113889"/>
      <testcase classname="Philips.CareEvent.Test.CareTouchCommunicatorTests"
                name="ProcessSettingsRequestShouldProcessUpdateSettingsForInvalidDevice (DeviceSettings) row 1"
                time="0.0064462"/>
      <testcase classname="Philips.CareEvent.Test.CareTouchCommunicatorTests"
                name="ProcessSettingsRequestShouldProcessUpdateSettingsForInvalidDevice (UpdateSettings) row 2"
                time="0.0060145"/>
      <testcase classname="Philips.PMP.Test.Auto.RolePermissionsControlTest"
                name="ViewByUnitsTest"
                time="0.0565712"/>
      <testcase classname="Philips.PMP.Test.Auto.MobileDataSubscriptionTest"
                name="MobileDataSubscriptionBridgeSubscriptionFiltersNumerics"
                time="0.1668696"/>
      <testcase classname="Philips.PMP.Test.Auto.ScheduleTest"
                name="ScheduleIntervalGreaterThanOneDay"
                time="0.00079"/>
      <testcase classname="Philips.PMP.Test.Auto.MultiSurveillanceMgrTest"
                name="MultiSurveillanceMgrMyHostModifiedWillRefreshHostSilencePermissions"
                time="0.0743985"/>
      <testcase classname="Philips.PMP.Test.Auto.ValueLabelSizerTest"
                name="SetValueLabelSizeTest (True,True) row 1"
                time="0.0833186"/>
      <testcase classname="Philips.PMP.Test.Auto.ValueLabelSizerTest"
                name="SetValueLabelSizeTest (False,True) row 2"
                time="0.0133789"/>
      <testcase classname="Philips.PMP.Test.Auto.ValueLabelSizerTest"
                name="SetValueLabelSizeTest (True,False) row 3"
                time="0.0045252"/>
      <testcase classname="Philips.PMP.Test.Auto.ValueLabelSizerTest"
                name="SetValueLabelSizeTest (False,False) row 4"
                time="0.0386571"/>
      <testcase classname="Philips.PMP.Test.Auto.StandaloneOptionsQualifierTest"
                name="MethodVerifyWillWarnIfUnitIsNotAlreadyAssignedWithLicense"
                time="0.0009063"/>
      <testcase classname="Philips.PMP.Test.Auto.QualificationProviderTest"
                name="QualificationProviderFirewallQualifierNotRunningOnDemo (True) row 1"
                time="0.0485671"/>
      <testcase classname="Philips.PMP.Test.Auto.QualificationProviderTest"
                name="QualificationProviderFirewallQualifierNotRunningOnDemo (False) row 2"
                time="0.1080552"/>
      <testcase classname="Philips.PMP.Test.Auto.DeviceStatusListViewTest"
                name="DeviceStatusListViewCanIdentifyHostInternalName (Host) row 1"
                time="0.0153498"/>
      <testcase classname="Philips.PMP.Test.Auto.DeviceStatusListViewTest"
                name="DeviceStatusListViewCanIdentifyHostInternalName (Apc) row 2"
                time="0.0064975"/>
      <testcase classname="Philips.PMP.Test.Auto.ProtocolSetupProviderTest"
                name="GetProtocolDescriptionTest"
                time="0.4139491"/>
      <testcase classname="Philips.CareEvent.Test.TopologyAliasProviderTests"
                name="TryGetBedCaseInsensitiveTest"
                time="0.0271385"/>
      <testcase classname="Philips.PMP.Test.Auto.NtAccountAdapterTest"
                name="NtAccountAdapterReturnsNullForInvalidStrings"
                time="0.0275299"/>
      <testcase classname="Philips.PMP.Test.Auto.HL7MessageReceiverTest"
                name="HL7MessageReceiverReceiveMultipleMessagesCorrectlyTest"
                time="0.0631362"/>
      <testcase classname="Philips.PMP.Test.Auto.IheMdilDriverHelperTest"
                name="CreateSimpleNumericTest"
                time="0.0026188"/>
      <testcase classname="Philips.PIC.DataAcquisition.Test.MonitoringDeviceFactoryMgrTest"
                name="MonitoringDeviceFactoryTryGetMonitoringDeviceTest (False) row 1"
                time="0.0929582"/>
      <testcase classname="Philips.PIC.DataAcquisition.Test.MonitoringDeviceFactoryMgrTest"
                name="MonitoringDeviceFactoryTryGetMonitoringDeviceTest (True) row 2"
                time="0.0283157"/>
      <testcase classname="Philips.PMP.Test.Auto.MobileWaveConverterTest"
                name="WaveConverterCreateSingleAttributesTest"
                time="0.0015198"/>
      <testcase classname="Philips.PMP.Test.Auto.DevelopmentEnvironmentQualifierTest"
                name="DevelopmentEnvironmentCorrectShould"
                time="0.0064338"/>
      <testcase classname="Philips.PMP.LicenseService.Test.LicenseHostValidatorTest"
                name="LicenseValidatorValidatePhysioDeveloperStandalone33Surveillance"
                time="0.001292"/>
      <testcase classname="Philips.PMP.Test.Auto.MobileBedSubscriberTest"
                name="MobileBedSubscriberCanUpdatePhysioConfig (True) row 1"
                time="0.022679"/>
      <testcase classname="Philips.PMP.Test.Auto.MobileBedSubscriberTest"
                name="MobileBedSubscriberCanUpdatePhysioConfig (False) row 2"
                time="0.0066871"/>
      <testcase classname="Philips.PMP.Test.Auto.DbCertificateProviderTest"
                name="RevokeCertificateWithinMultipleCertificatesTest"
                time="0.0089939"/>
      <testcase classname="Philips.PIC.WebBridge.Test.HeartbeatMgrTest"
                name="ConfigureDependencyResolverTest"
                time="0.0006575"/>
      <testcase classname="Philips.PMP.Test.Auto.RmsTest"
                name="RmsStaticPatientFieldId"
                time="0.2735194"/>
      <testcase classname="Philips.PMP.Test.Auto.PersonalCertificateSyncServiceTest"
                name="PersonalCertificateSyncServiceOnlyStartsTimerForCorrectOperatingMode (Off) row 1"
                time="0.0276689"/>
      <testcase classname="Philips.PMP.Test.Auto.PersonalCertificateSyncServiceTest"
                name="PersonalCertificateSyncServiceOnlyStartsTimerForCorrectOperatingMode (RestartNonEssentialServices) row 2"
                time="0.0035889"/>
      <testcase classname="Philips.PMP.Test.Auto.PersonalCertificateSyncServiceTest"
                name="PersonalCertificateSyncServiceOnlyStartsTimerForCorrectOperatingMode (ReopenServiceHosts) row 3"
                time="0.0026259"/>
      <testcase classname="Philips.PMP.Test.Auto.PersonalCertificateSyncServiceTest"
                name="PersonalCertificateSyncServiceOnlyStartsTimerForCorrectOperatingMode (All) row 4"
                time="0.001777"/>
      <testcase classname="Philips.PMP.Test.Auto.PatientAssignmentHelperTest"
                name="GetCurrentOrLastAdmittedBedTest"
                time="0.2440154"/>
      <testcase classname="Philips.PMP.Test.Auto.RfidReaderTest"
                name="RfidReaderStart"
                time="0.0029461"/>
      <testcase classname="Philips.PMP.Test.Auto.RfidAuthenticationProcessorTest"
                name="RfidAuthenticationProcessorRfidDataReceived"
                time="0.5195756"/>
      <testcase classname="Philips.PMP.Test.Auto.EnumerationProviderTest"
                name="EnumerationProviderMergeLabelTextIds"
                time="0.0608657"/>
      <testcase classname="Philips.PMP.Test.Auto.DhcpLeaseStatusCheckerTest"
                name="IsDhcpLeaseInformationChangedTest (System.Double[],False,Philips.PMP.Definitions.StatusMessageTypes[]) row 1"
                time="0.0100053"/>
      <testcase classname="Philips.PMP.Test.Auto.DhcpLeaseStatusCheckerTest"
                name="IsDhcpLeaseInformationChangedTest (System.Double[],False,Philips.PMP.Definitions.StatusMessageTypes[]) row 2"
                time="0.0009985"/>
      <testcase classname="Philips.PMP.Test.Auto.DhcpLeaseStatusCheckerTest"
                name="IsDhcpLeaseInformationChangedTest (System.Double[],True,Philips.PMP.Definitions.StatusMessageTypes[]) row 3"
                time="0.0049084"/>
      <testcase classname="Philips.PMP.Test.Auto.DhcpLeaseStatusCheckerTest"
                name="IsDhcpLeaseInformationChangedTest (System.Double[],True,Philips.PMP.Definitions.StatusMessageTypes[]) row 4"
                time="0.002504"/>
      <testcase classname="Philips.PMP.Test.Auto.DhcpLeaseStatusCheckerTest"
                name="IsDhcpLeaseInformationChangedTest (System.Double[],True,Philips.PMP.Definitions.StatusMessageTypes[]) row 5"
                time="0.0025479"/>
      <testcase classname="Philips.PMP.Test.Auto.DhcpLeaseStatusCheckerTest"
                name="IsDhcpLeaseInformationChangedTest (System.Double[],True,Philips.PMP.Definitions.StatusMessageTypes[]) row 6"
                time="0.0033662"/>
      <testcase classname="Philips.PMP.Test.Auto.IntelliBridgeProviderTest"
                name="IntelliBridgeProviderGetAllHubFirmwareTest"
                time="0.0047787"/>
      <testcase classname="Philips.PMP.Test.Auto.SystemPerformanceTest"
                name="RenameProfile"
                time="0.6255396"/>
      <testcase classname="Philips.PMP.Test.Auto.ProxyTest"
                name="CanGenerateProxyClass"
                time="0.0036969"/>
      <testcase classname="Philips.PMP.Test.Auto.Hl7HelperTest"
                name="BuildIHEDeviceStateTest"
                time="0.0039415"/>
      <testcase classname="Philips.CareEvent.Test.CareAssignmentMgrTest"
                name="UpdatePendingCaregiverLock"
                time="0.0034446"/>
      <testcase classname="Philips.PMP.Test.Auto.ApmCollectorServiceTest"
                name="CanAggregateAllExternalInterfaceConfigurations"
                time="0.1461842"/>
      <testcase classname="Philips.PMP.Test.Auto.TopologyChangeAggregatorTest"
                name="TopologyChangeAggregatorOnlyPublishValidEventsTest (True,1) row 1"
                time="0.0072494"/>
      <testcase classname="Philips.PMP.Test.Auto.TopologyChangeAggregatorTest"
                name="TopologyChangeAggregatorOnlyPublishValidEventsTest (False,0) row 2"
                time="0.0043628"/>
      <testcase classname="Philips.RootMain.Test.CertificateInstallMgrTest"
                name="OtherHostCaNotConfiguredFailValidation1Test"
                time="0.0069758"/>
      <testcase classname="Philips.PMP.Test.Auto.PhysioDataDisplayHelperTest"
                name="IsNumericAvailablePeriodicTest"
                time="0.0009011"/>
      <testcase classname="Philips.PMP.Test.Auto.PatientDataExportStorageTest"
                name="PdxNumericsAreSorted"
                time="0.0411002"/>
      <testcase classname="Philips.PMP.Test.Auto.ClinicalAuditHelperTest"
                name="ClinicalAuditHelperCreateAuditExportFileName (BedLabel,BedName) row 1"
                time="0.0015249"/>
      <testcase classname="Philips.PMP.Test.Auto.ClinicalAuditHelperTest"
                name="ClinicalAuditHelperCreateAuditExportFileName (Unit,InstitutionName ZoneName) row 2"
                time="0.0005131"/>
      <testcase classname="Philips.PMP.Test.Auto.ClinicalAuditHelperTest"
                name="ClinicalAuditHelperCreateAuditExportFileName (Unknown,) row 3"
                time="0.0004634"/>
      <testcase classname="Philips.PMP.Test.Auto.ProtocolWatchTest"
                name="ProtocolWatchOnLabArrivedButCannotFindPatient"
                time="0.0032208"/>
      <testcase classname="Philips.PMP.Test.Auto.Ecg12LeadServiceTest"
                name="DxlAlgorithmPaceDetectionTest (PacedGen) row 1"
                time="0.2712684"/>
      <testcase classname="Philips.PMP.Test.Auto.Ecg12LeadServiceTest"
                name="DxlAlgorithmPaceDetectionTest (NotPaced) row 2"
                time="0.255213"/>
      <testcase classname="Philips.PMP.Test.Auto.DevicePropertiesControlTest"
                name="InitializeControlTest"
                time="0.0159346"/>
      <testcase classname="Philips.CareEvent.Test.EventMonitorListsMgrTest"
                name="EventMonitorRemovePrefixTest"
                time="0.0393914"/>
      <testcase classname="Philips.PMP.Test.Auto.ApmOsUpdateClientTest"
                name="ApmOsUpdateClientDownloadAndInstallOsUpdatesTest"
                time="0.0090469"/>
      <testcase classname="Philips.PMP.Test.Auto.InstitutionLabelHelperTest"
                name="InstitutionLabelTest"
                time="0.2748393"/>
      <testcase classname="Philips.PMP.Test.Auto.EnterpriseProviderTest"
                name="DoesZoneHaveAssignmentsTest"
                time="0.3575688"/>
      <testcase classname="Philips.PMP.Test.Auto.ControlServiceHelperTest"
                name="SetDefaultsShouldSetAlarmMgrSoundBlockToDefaultValues"
                time="0.0005986"/>
      <testcase classname="Philips.PMP.Test.Auto.RepositoryTest"
                name="MetricRepositoryThrowsOnUnsetAttributes"
                time="0.0022879"/>
      <testcase classname="Philips.PMP.Test.Auto.AlertProviderTest"
                name="AlertProviderFiltering"
                time="0.0079349"/>
      <testcase classname="Philips.PMP.Test.Auto.InfoProviderTest"
                name="InfoProviderDstTimeChangesForwardTest"
                time="0.0049987"/>
      <testcase classname="Philips.PMP.Test.Auto.HL7Test"
                name="HL7DeviceControlSaveTests (True,QueryServer,False,1,True,True,True,False) row 1"
                time="1.6739328"/>
      <testcase classname="Philips.PMP.Test.Auto.HL7Test"
                name="HL7DeviceControlSaveTests (True,AlarmClient,True,1,True,True,True,True) row 2"
                time="0.0654757"/>
      <testcase classname="Philips.PMP.Test.Auto.HL7Test"
                name="HL7DeviceControlSaveTests (True,AlarmClient,True,0,False,True,True,True) row 3"
                time="0.0620327"/>
      <testcase classname="Philips.PMP.Test.Auto.HL7Test"
                name="HL7DeviceControlSaveTests (True,ValidateDataClient,True,0,False,False,False,True) row 4"
                time="0.0581535"/>
      <testcase classname="Philips.PMP.Test.Auto.HL7Test"
                name="HL7DeviceControlSaveTests (True,ValidateDataClient,True,1,True,False,False,True) row 5"
                time="0.0811586"/>
      <testcase classname="Philips.PMP.Test.Auto.HL7Test"
                name="HL7DeviceControlSaveTests (True,ValidateDataClient,True,1,False,True,False,True) row 6"
                time="0.0639847"/>
      <testcase classname="Philips.PMP.Test.Auto.HL7Test"
                name="HL7DeviceControlSaveTests (True,ValidateDataClient,True,1,False,False,True,True) row 7"
                time="0.0623753"/>
      <testcase classname="Philips.PMP.Test.Auto.HL7Test"
                name="HL7DeviceControlSaveTests (True,ValidateDataClient,True,1,True,True,True,True) row 8"
                time="0.0622248"/>
      <testcase classname="Philips.PMP.Test.Auto.HL7Test"
                name="HL7DeviceControlSaveTests (False,ValidateDataClient,False,1,True,True,True,False) row 9"
                time="0.0627379"/>
      <testcase classname="Philips.PMP.Test.Auto.HL7Test"
                name="HL7DeviceControlSaveTests (False,AlarmClient,False,1,True,True,True,False) row 10"
                time="0.0622269"/>
      <testcase classname="Philips.PMP.Test.Auto.HL7Test"
                name="HL7DeviceControlSaveTests (False,QueryServer,False,0,True,True,True,True) row 11"
                time="0.0596781"/>
      <testcase classname="Philips.PMP.Test.Auto.CaregiverPaginatorTest"
                name="ToEndShouldReturnToLastPageWhenNoCarevgivers"
                time="0.0009885"/>
      <testcase classname="Philips.PMP.Test.Auto.EfficiaPatientMgrTest"
                name="EfficiaPatientMgrCreatePacedMsg (PacedUnconfirmed) row 1"
                time="0.0014793"/>
      <testcase classname="Philips.PMP.Test.Auto.EfficiaPatientMgrTest"
                name="EfficiaPatientMgrCreatePacedMsg (NotPaced) row 2"
                time="0.0004267"/>
      <testcase classname="Philips.PMP.Test.Auto.EfficiaPatientMgrTest"
                name="EfficiaPatientMgrCreatePacedMsg (PacedGen) row 3"
                time="0.0003877"/>
      <testcase classname="Philips.PMP.Test.Auto.UnitPatientSubscriberTest"
                name="UnitPatientSubscriberOnPatientAssignmentChange (True) row 1"
                time="0.0097626"/>
      <testcase classname="Philips.PMP.Test.Auto.UnitPatientSubscriberTest"
                name="UnitPatientSubscriberOnPatientAssignmentChange (False) row 2"
                time="0.0105335"/>
      <testcase classname="Philips.CareEvent.Test.EventMonitorFilterTests"
                name="EventMonitorFilterOnPriorityHigh"
                time="0.0278959"/>
      <testcase classname="Philips.PMP.Test.Auto.PatientMgrTest"
                name="PatientMgrSendEquipmentMessageTest"
                time="0.0233473"/>
      <testcase classname="Philips.CareEvent.Test.OruControlTests"
                name="UnableToSendLabsWhenPatientIsNull"
                time="0.0022588"/>
      <testcase classname="Philips.PMP.Test.Auto.UtilitiesServiceTest"
                name="GetConfigurationServerShouldReturnPath"
                time="0.0026038"/>
      <testcase classname="Philips.PMP.Test.Auto.TileLayoutPanelTest"
                name="GetWaveAssignmentsTest"
                time="0.0150689"/>
      <testcase classname="Philips.PMP.Test.Auto.TeleMdilComConverterTest"
                name="TeleMdilComConverterCanConvertSrrChannelMaskListCom"
                time="0.00257"/>
      <testcase classname="Philips.PMP.Test.Auto.TimeServiceTest"
                name="TimeServiceReportsError (Leap Indicator: 0(no warning)&#xA;Stratum: 2 (secondary reference - syncd by (S)NTP)&#xA;Precision: -6 (15.625ms per tick)&#xA;Root Delay: 0.0002362s&#xA;Root Dispersion: 0.0100000s&#xA;ReferenceId: 0x564D5450 (source IP:  86.77.84.80)&#xA;Last Successful Sync Time: 3/14/2018 5:09:54 PM&#xA;Source: VM IC Time Synchronization Provider&#xA;Poll Interval: 10 (1024s)&#xA;,TimeSyncMismatch) row 1"
                time="0.0064594"/>
      <testcase classname="Philips.PMP.Test.Auto.TimeServiceTest"
                name="TimeServiceReportsError (Leap Indicator: 3(last minute has 61 seconds)&#xA;Stratum: 2 (secondary reference - syncd by (S)NTP)&#xA;Precision: -6 (15.625ms per tick)&#xA;Root Delay: 0.0002362s&#xA;Root Dispersion: 0.0100000s&#xA;ReferenceId: 0x564D5450 (source IP:  86.77.84.80)&#xA;Last Successful Sync Time: 3/14/2018 5:09:54 PM&#xA;Source: TestExternalTimeServer,0x1&#xA;Poll Interval: 10 (1024s)&#xA;,TimeSyncFailure) row 2"
                time="0.0049186"/>
      <testcase classname="Philips.PMP.Test.Auto.WaveProviderTest"
                name="WaveEcgChannels2"
                time="0.1319883"/>
      <testcase classname="Philips.PMP.Test.Auto.CiReceiverTest"
                name="CiReceiverStartTest (True) row 1"
                time="0.1052596"/>
      <testcase classname="Philips.PMP.Test.Auto.CiReceiverTest"
                name="CiReceiverStartTest (False) row 2"
                time="0.0098384"/>
      <testcase classname="Philips.PMP.Test.Auto.HostAccessViewControlTest"
                name="ViewControlTest"
                time="0.3176673"/>
      <testcase classname="Philips.PMP.Test.Auto.EventCategorySettingsControlTest"
                name="ValidateSelectedNodeSave (1) row 1"
                time="0.3262328"/>
      <testcase classname="Philips.PMP.Test.Auto.EventCategorySettingsControlTest"
                name="ValidateSelectedNodeSave (2) row 2"
                time="0.1096866"/>
      <testcase classname="Philips.PMP.LicenseService.Test.UnitLicenseProcessorTest"
                name="GetFeatureWillReturnFeatureValue"
                time="0.0016805"/>
      <testcase classname="Philips.PMP.Test.Auto.PatientMgmtConfigurationTest"
                name="PatientMgmtRequiredPatientFieldsConfigurationTest"
                time="0.0010191"/>
      <testcase classname="Philips.PMP.Test.Auto.MasterHostSelectionServiceTest"
                name="MasterHostSelectionServiceCanCanProcessLifeTicks (True) row 1"
                time="0.0112479"/>
      <testcase classname="Philips.PMP.Test.Auto.MasterHostSelectionServiceTest"
                name="MasterHostSelectionServiceCanCanProcessLifeTicks (False) row 2"
                time="0.0026735"/>
      <testcase classname="Philips.PMP.Test.Auto.TeleProfileHelperTest"
                name="TeleProfileHelperProtocolWatchChangeEntryForPatientTest"
                time="0.0075649"/>
      <testcase classname="Philips.CareEvent.Test.CareAssignmentMgrTest"
                name="CheckForDisconnectedMode (True,True,False) row 1"
                time="0.0039756"/>
      <testcase classname="Philips.CareEvent.Test.CareAssignmentMgrTest"
                name="CheckForDisconnectedMode (False,True,False) row 2"
                time="0.0064761"/>
      <testcase classname="Philips.CareEvent.Test.CareAssignmentMgrTest"
                name="CheckForDisconnectedMode (False,False,True) row 3"
                time="0.0063804"/>
      <testcase classname="Philips.PMP.Test.Auto.CaregiverAssignmentProviderTest"
                name="GetCaregroupsTest"
                time="0.3150934"/>
      <testcase classname="Philips.PMP.Test.Auto.TreeNodeDupeFinderTest"
                name="GetDuplicateEventCategoriesShouldFindDupes (False,Unmatched name,00000000-0000-0000-0000-000000000005,False) row 1"
                time="0.0506224"/>
      <testcase classname="Philips.PMP.Test.Auto.TreeNodeDupeFinderTest"
                name="GetDuplicateEventCategoriesShouldFindDupes (True,Category2,00000000-0000-0000-0000-000000000005,False) row 2"
                time="0.0039472"/>
      <testcase classname="Philips.PMP.Test.Auto.TreeNodeDupeFinderTest"
                name="GetDuplicateEventCategoriesShouldFindDupes (True,All Red,00000000-0000-0000-0000-000000000005,False) row 3"
                time="0.0038508"/>
      <testcase classname="Philips.PMP.Test.Auto.TreeNodeDupeFinderTest"
                name="GetDuplicateEventCategoriesShouldFindDupes (False,Category2,00000000-0000-0000-0000-000000000004,False) row 4"
                time="0.0038783"/>
      <testcase classname="Philips.PMP.Test.Auto.TreeNodeDupeFinderTest"
                name="GetDuplicateEventCategoriesShouldFindDupes (False,All Red,00000000-0000-0000-0000-000000000001,False) row 5"
                time="0.004"/>
      <testcase classname="Philips.PMP.Test.Auto.TreeNodeDupeFinderTest"
                name="GetDuplicateEventCategoriesShouldFindDupes (True,All Red,00000000-0000-0000-0000-000000000001,True) row 6"
                time="0.0243869"/>
      <testcase classname="Philips.PMP.Test.Auto.PatientDataExportStorageTest"
                name="PdxGetWaveWithMissingAttributesIsSafe"
                time="0.0339736"/>
      <testcase classname="Philips.PMP.Test.Auto.DeviceCompatibilityDeterminerTest"
                name="DeviceCompatibilityDeviceTypeTest (Efficia,False,Ok) row 1"
                time="0.0392327"/>
      <testcase classname="Philips.PMP.Test.Auto.DeviceCompatibilityDeterminerTest"
                name="DeviceCompatibilityDeviceTypeTest (ExtDevServer,False,Ok) row 2"
                time="0.0011017"/>
      <testcase classname="Philips.PMP.Test.Auto.DeviceCompatibilityDeterminerTest"
                name="DeviceCompatibilityDeviceTypeTest (Vs30,False,ConnectionlessDevice) row 3"
                time="0.0011673"/>
      <testcase classname="Philips.PMP.Test.Auto.DeviceCompatibilityDeterminerTest"
                name="DeviceCompatibilityDeviceTypeTest (X3,False,Ok) row 4"
                time="0.0008247"/>
      <testcase classname="Philips.PMP.Test.Auto.DeviceCompatibilityDeterminerTest"
                name="DeviceCompatibilityDeviceTypeTest (X3,True,Ok) row 5"
                time="0.0025882"/>
      <testcase classname="Philips.PMP.Test.Auto.DeviceCompatibilityDeterminerTest"
                name="DeviceCompatibilityDeviceTypeTest (Mx100,True,Ok) row 6"
                time="0.0008926"/>
      <testcase classname="Philips.PMP.Test.Auto.DeviceCompatibilityDeterminerTest"
                name="DeviceCompatibilityDeviceTypeTest (Mx750,True,Ok) row 7"
                time="0.000807"/>
      <testcase classname="Philips.PMP.Test.Auto.DeviceCompatibilityDeterminerTest"
                name="DeviceCompatibilityDeviceTypeTest (Mx850,True,Ok) row 8"
                time="0.0007967"/>
      <testcase classname="Philips.PMP.Test.Auto.DeviceCompatibilityDeterminerTest"
                name="DeviceCompatibilityDeviceTypeTest (TelemAllegro,True,Ok) row 9"
                time="0.0010831"/>
      <testcase classname="Philips.PMP.Test.Auto.DeviceCompatibilityDeterminerTest"
                name="DeviceCompatibilityDeviceTypeTest (Portal5000,True,Ok) row 10"
                time="0.0008421"/>
      <testcase classname="Philips.PMP.Test.Auto.DeviceCompatibilityDeterminerTest"
                name="DeviceCompatibilityDeviceTypeTest (EvolineBase,True,Ok) row 11"
                time="0.0008376"/>
      <testcase classname="Philips.PMP.Test.Auto.DeviceCompatibilityDeterminerTest"
                name="DeviceCompatibilityDeviceTypeTest (EvolineMid,True,Ok) row 12"
                time="0.0008357"/>
      <testcase classname="Philips.PMP.Test.Auto.DeviceCompatibilityDeterminerTest"
                name="DeviceCompatibilityDeviceTypeTest (EvolineHigh,True,Ok) row 13"
                time="0.0008197"/>
      <testcase classname="Philips.PMP.Test.Auto.DeviceCompatibilityDeterminerTest"
                name="DeviceCompatibilityDeviceTypeTest (SrrTitan,True,NotSupported) row 14"
                time="0.0008231"/>
      <testcase classname="Philips.PMP.Test.Auto.DeviceCompatibilityDeterminerTest"
                name="DeviceCompatibilityDeviceTypeTest (Telesto,True,NotSupported) row 15"
                time="0.0007965"/>
      <testcase classname="Philips.PMP.Test.Auto.DeviceCompatibilityDeterminerTest"
                name="DeviceCompatibilityDeviceTypeTest (TelemCit,True,NotSupported) row 16"
                time="0.000806"/>
      <testcase classname="Philips.PMP.Test.Auto.StitchTest"
                name="StitchTimeMappingsForAllStaysTest"
                time="0.0054785"/>
      <testcase classname="Philips.PMP.Test.Auto.DbArchiveMgrTest"
                name="GetArchiveNameTest"
                time="0.0072808"/>
      <testcase classname="Philips.PMP.Test.Auto.ControlServiceTest"
                name="ControlServiceInvokeSilenceControlShouldAuditTest (DataAcquisition) row 1"
                time="0.3680072"/>
      <testcase classname="Philips.PMP.Test.Auto.ControlServiceTest"
                name="ControlServiceInvokeSilenceControlShouldAuditTest (Device) row 2"
                time="0.018658"/>
      <testcase classname="Philips.PMP.Test.Auto.ControlServiceTest"
                name="ControlServiceInvokeSilenceControlShouldAuditTest (PhysioData) row 3"
                time="0.0182347"/>
      <testcase classname="Philips.PMP.Test.Auto.ControlServiceTest"
                name="ControlServiceInvokeSilenceControlShouldAuditTest (Star) row 4"
                time="0.0488934"/>
      <testcase classname="Philips.PMP.Test.Auto.ControlServiceTest"
                name="ControlServiceInvokeSilenceControlShouldAuditTest (AlertGenerator) row 5"
                time="0.0212309"/>
      <testcase classname="Philips.PMP.Test.Auto.ControlServiceTest"
                name="ControlServiceInvokeSilenceControlShouldAuditTest (ProtocolWatchService) row 6"
                time="0.0197471"/>
      <testcase classname="Philips.PMP.Test.Auto.Hl7IdGeneratorTest"
                name="Hl7MdsVmdIdGeneratorResetsVmd"
                time="0.0019386"/>
      <testcase classname="Philips.CareEvent.Test.EventCommunicationProviderTests"
                name="DefaultCommunicationEncryptionSettingIsEnabled"
                time="0.0083115"/>
      <testcase classname="Philips.CareEvent.Test.OutboundWctpResponseTests"
                name="OutputWctpResponseGeneratesCorrectConfirmation (Acknowledged,wctp-Success) row 1"
                time="0.0078729"/>
      <testcase classname="Philips.CareEvent.Test.OutboundWctpResponseTests"
                name="OutputWctpResponseGeneratesCorrectConfirmation (InputCanNotBeParsed,wctp-Failure) row 2"
                time="0.0031057"/>
      <testcase classname="Philips.CareEvent.Test.OutboundWctpResponseTests"
                name="OutputWctpResponseGeneratesCorrectConfirmation (XmlValidationError,wctp-Failure) row 3"
                time="0.00185"/>
      <testcase classname="Philips.CareEvent.Test.OutboundWctpResponseTests"
                name="OutputWctpResponseGeneratesCorrectConfirmation (UnknownMessageReference,wctp-Failure) row 4"
                time="0.0004376"/>
      <testcase classname="Philips.CareEvent.Test.OutboundWctpResponseTests"
                name="OutputWctpResponseGeneratesCorrectConfirmation (InternalServerError,wctp-Failure) row 5"
                time="0.0003073"/>
      <testcase classname="Philips.CareEvent.Test.OutboundWctpResponseTests"
                name="OutputWctpResponseGeneratesCorrectConfirmation (ServiceUnavailable,wctp-Failure) row 6"
                time="0.001227"/>
      <testcase classname="Philips.PMP.Test.Auto.TopologyChangeAggregatorTest"
                name="DeviceChangeAggregatorStartupSubscriptionTest (True,1) row 1"
                time="0.0044096"/>
      <testcase classname="Philips.PMP.Test.Auto.TopologyChangeAggregatorTest"
                name="DeviceChangeAggregatorStartupSubscriptionTest (False,0) row 2"
                time="0.001739"/>
      <testcase classname="Philips.PIC.SharedAssignment.Test.SharedAssignmentQualifierTest"
                name="GetIsCorrectable"
                time="0.0016596"/>
      <testcase classname="Philips.PMP.Test.Auto.DiskSpaceQualifierTest"
                name="DiskSpaceQualifierIsCorrectableTest"
                time="0.0009456"/>
      <testcase classname="Philips.PMP.Test.Auto.DeviceProviderTest"
                name="DeleteNic"
                time="0.2929217"/>
      <testcase classname="Philips.PMP.Test.Auto.RepositoryWaveTest"
                name="GetBeginningDataDoesntThrowNonNegativeNumberRequiredTest"
                time="0.1459428"/>
      <testcase classname="Philips.CareEvent.Test.EventWorkflowProviderTests"
                name="StoreEventAndRetrieval"
                time="0.2472827"/>
      <testcase classname="Philips.PMP.Test.Auto.WatchdogHelperTest"
                name="ProcessCommandsOnlyHighPriority"
                time="0.0075456"/>
      <testcase classname="Philips.PMP.Test.Auto.SolutionSettingsTest"
                name="SolutionSettingsHostProjectsHaveIconAndWinExe (Microsoft.Build.Evaluation.Project) row 1"
                time="0.0006576"/>
      <testcase classname="Philips.PMP.Test.Auto.SolutionSettingsTest"
                name="SolutionSettingsHostProjectsHaveIconAndWinExe (Microsoft.Build.Evaluation.Project) row 2"
                time="0.0004278"/>
      <testcase classname="Philips.PMP.Test.Auto.SolutionSettingsTest"
                name="SolutionSettingsHostProjectsHaveIconAndWinExe (Microsoft.Build.Evaluation.Project) row 3"
                time="0.000431"/>
      <testcase classname="Philips.PMP.Test.Auto.SolutionSettingsTest"
                name="SolutionSettingsHostProjectsHaveIconAndWinExe (Microsoft.Build.Evaluation.Project) row 4"
                time="0.000383"/>
      <testcase classname="Philips.PMP.Test.Auto.SolutionSettingsTest"
                name="SolutionSettingsHostProjectsHaveIconAndWinExe (Microsoft.Build.Evaluation.Project) row 5"
                time="0.0003915"/>
      <testcase classname="Philips.PMP.Test.Auto.SolutionSettingsTest"
                name="SolutionSettingsHostProjectsHaveIconAndWinExe (Microsoft.Build.Evaluation.Project) row 6"
                time="0.0003786"/>
      <testcase classname="Philips.PMP.Test.Auto.SolutionSettingsTest"
                name="SolutionSettingsHostProjectsHaveIconAndWinExe (Microsoft.Build.Evaluation.Project) row 7"
                time="0.0003299"/>
      <testcase classname="Philips.PMP.Test.Auto.SolutionSettingsTest"
                name="SolutionSettingsHostProjectsHaveIconAndWinExe (Microsoft.Build.Evaluation.Project) row 8"
                time="0.0003713"/>
      <testcase classname="Philips.PMP.Test.Auto.SolutionSettingsTest"
                name="SolutionSettingsHostProjectsHaveIconAndWinExe (Microsoft.Build.Evaluation.Project) row 9"
                time="0.0043771"/>
      <testcase classname="Philips.PMP.Test.Auto.SolutionSettingsTest"
                name="SolutionSettingsHostProjectsHaveIconAndWinExe (Microsoft.Build.Evaluation.Project) row 10"
                time="0.0003892"/>
      <testcase classname="Philips.PMP.Test.Auto.SolutionSettingsTest"
                name="SolutionSettingsHostProjectsHaveIconAndWinExe (Microsoft.Build.Evaluation.Project) row 11"
                time="0.0006061"/>
      <testcase classname="Philips.PMP.Test.Auto.SolutionSettingsTest"
                name="SolutionSettingsHostProjectsHaveIconAndWinExe (Microsoft.Build.Evaluation.Project) row 12"
                time="0.0005172"/>
      <testcase classname="Philips.PMP.Test.Auto.SolutionSettingsTest"
                name="SolutionSettingsHostProjectsHaveIconAndWinExe (Microsoft.Build.Evaluation.Project) row 13"
                time="0.0003737"/>
      <testcase classname="Philips.PMP.Test.Auto.SolutionSettingsTest"
                name="SolutionSettingsHostProjectsHaveIconAndWinExe (Microsoft.Build.Evaluation.Project) row 14"
                time="0.0005416"/>
      <testcase classname="Philips.PMP.Test.Auto.SolutionSettingsTest"
                name="SolutionSettingsHostProjectsHaveIconAndWinExe (Microsoft.Build.Evaluation.Project) row 15"
                time="0.0003516"/>
      <testcase classname="Philips.PMP.Test.Auto.SolutionSettingsTest"
                name="SolutionSettingsHostProjectsHaveIconAndWinExe (Microsoft.Build.Evaluation.Project) row 16"
                time="0.0003394"/>
      <testcase classname="Philips.PMP.Test.Auto.SolutionSettingsTest"
                name="SolutionSettingsHostProjectsHaveIconAndWinExe (Microsoft.Build.Evaluation.Project) row 17"
                time="0.0003785"/>
      <testcase classname="Philips.PMP.Test.Auto.SolutionSettingsTest"
                name="SolutionSettingsHostProjectsHaveIconAndWinExe (Microsoft.Build.Evaluation.Project) row 18"
                time="0.0004923"/>
      <testcase classname="Philips.PMP.Test.Auto.SolutionSettingsTest"
                name="SolutionSettingsHostProjectsHaveIconAndWinExe (Microsoft.Build.Evaluation.Project) row 19"
                time="0.000526"/>
      <testcase classname="Philips.PMP.Test.Auto.SolutionSettingsTest"
                name="SolutionSettingsHostProjectsHaveIconAndWinExe (Microsoft.Build.Evaluation.Project) row 20"
                time="0.0003362"/>
      <testcase classname="Philips.PMP.Test.Auto.SolutionSettingsTest"
                name="SolutionSettingsHostProjectsHaveIconAndWinExe (Microsoft.Build.Evaluation.Project) row 21"
                time="0.0004456"/>
      <testcase classname="Philips.PMP.Test.Auto.SolutionSettingsTest"
                name="SolutionSettingsHostProjectsHaveIconAndWinExe (Microsoft.Build.Evaluation.Project) row 22"
                time="0.0003165"/>
      <testcase classname="Philips.PMP.Test.Auto.SolutionSettingsTest"
                name="SolutionSettingsHostProjectsHaveIconAndWinExe (Microsoft.Build.Evaluation.Project) row 23"
                time="0.0003201"/>
      <testcase classname="Philips.PMP.Test.Auto.SolutionSettingsTest"
                name="SolutionSettingsHostProjectsHaveIconAndWinExe (Microsoft.Build.Evaluation.Project) row 24"
                time="0.0003205"/>
      <testcase classname="Philips.PMP.Test.Auto.SolutionSettingsTest"
                name="SolutionSettingsHostProjectsHaveIconAndWinExe (Microsoft.Build.Evaluation.Project) row 25"
                time="0.0005039"/>
      <testcase classname="Philips.PMP.Test.Auto.SolutionSettingsTest"
                name="SolutionSettingsHostProjectsHaveIconAndWinExe (Microsoft.Build.Evaluation.Project) row 26"
                time="0.0005403"/>
      <testcase classname="Philips.PMP.Test.Auto.SolutionSettingsTest"
                name="SolutionSettingsHostProjectsHaveIconAndWinExe (Microsoft.Build.Evaluation.Project) row 27"
                time="0.0004026"/>
      <testcase classname="Philips.PMP.Test.Auto.SolutionSettingsTest"
                name="SolutionSettingsHostProjectsHaveIconAndWinExe (Microsoft.Build.Evaluation.Project) row 28"
                time="0.0003334"/>
      <testcase classname="Philips.PMP.Test.Auto.SolutionSettingsTest"
                name="SolutionSettingsHostProjectsHaveIconAndWinExe (Microsoft.Build.Evaluation.Project) row 29"
                time="0.0004231"/>
      <testcase classname="Philips.PMP.Test.Auto.SolutionSettingsTest"
                name="SolutionSettingsHostProjectsHaveIconAndWinExe (Microsoft.Build.Evaluation.Project) row 30"
                time="0.0003534"/>
      <testcase classname="Philips.PMP.Test.Auto.SolutionSettingsTest"
                name="SolutionSettingsHostProjectsHaveIconAndWinExe (Microsoft.Build.Evaluation.Project) row 31"
                time="0.0003529"/>
      <testcase classname="Philips.PMP.Test.Auto.SolutionSettingsTest"
                name="SolutionSettingsHostProjectsHaveIconAndWinExe (Microsoft.Build.Evaluation.Project) row 32"
                time="0.0003905"/>
      <testcase classname="Philips.PMP.Test.Auto.SolutionSettingsTest"
                name="SolutionSettingsHostProjectsHaveIconAndWinExe (Microsoft.Build.Evaluation.Project) row 33"
                time="0.0003444"/>
      <testcase classname="Philips.PMP.Test.Auto.SolutionSettingsTest"
                name="SolutionSettingsHostProjectsHaveIconAndWinExe (Microsoft.Build.Evaluation.Project) row 34"
                time="0.0003831"/>
      <testcase classname="Philips.PMP.Test.Auto.SolutionSettingsTest"
                name="SolutionSettingsHostProjectsHaveIconAndWinExe (Microsoft.Build.Evaluation.Project) row 35"
                time="0.0003979"/>
      <testcase classname="Philips.PMP.Test.Auto.SolutionSettingsTest"
                name="SolutionSettingsHostProjectsHaveIconAndWinExe (Microsoft.Build.Evaluation.Project) row 36"
                time="0.0005174"/>
      <testcase classname="Philips.PMP.Test.Auto.SolutionSettingsTest"
                name="SolutionSettingsHostProjectsHaveIconAndWinExe (Microsoft.Build.Evaluation.Project) row 37"
                time="0.0003237"/>
      <testcase classname="Philips.PMP.Test.Auto.SolutionSettingsTest"
                name="SolutionSettingsHostProjectsHaveIconAndWinExe (Microsoft.Build.Evaluation.Project) row 38"
                time="0.0003566"/>
      <testcase classname="Philips.PMP.Test.Auto.SolutionSettingsTest"
                name="SolutionSettingsHostProjectsHaveIconAndWinExe (Microsoft.Build.Evaluation.Project) row 39"
                time="0.0003567"/>
      <testcase classname="Philips.PMP.Test.Auto.SolutionSettingsTest"
                name="SolutionSettingsHostProjectsHaveIconAndWinExe (Microsoft.Build.Evaluation.Project) row 40"
                time="0.0002889"/>
      <testcase classname="Philips.PMP.Test.Auto.SolutionSettingsTest"
                name="SolutionSettingsHostProjectsHaveIconAndWinExe (Microsoft.Build.Evaluation.Project) row 41"
                time="0.0002877"/>
      <testcase classname="Philips.PMP.Test.Auto.SolutionSettingsTest"
                name="SolutionSettingsHostProjectsHaveIconAndWinExe (Microsoft.Build.Evaluation.Project) row 42"
                time="0.0002978"/>
      <testcase classname="Philips.PMP.Test.Auto.SolutionSettingsTest"
                name="SolutionSettingsHostProjectsHaveIconAndWinExe (Microsoft.Build.Evaluation.Project) row 43"
                time="0.0003204"/>
      <testcase classname="Philips.PMP.Test.Auto.SolutionSettingsTest"
                name="SolutionSettingsHostProjectsHaveIconAndWinExe (Microsoft.Build.Evaluation.Project) row 44"
                time="0.0003129"/>
      <testcase classname="Philips.PMP.Test.Auto.SolutionSettingsTest"
                name="SolutionSettingsHostProjectsHaveIconAndWinExe (Microsoft.Build.Evaluation.Project) row 45"
                time="0.000279"/>
      <testcase classname="Philips.PMP.Test.Auto.SolutionSettingsTest"
                name="SolutionSettingsHostProjectsHaveIconAndWinExe (Microsoft.Build.Evaluation.Project) row 46"
                time="0.0003035"/>
      <testcase classname="Philips.PMP.Test.Auto.SolutionSettingsTest"
                name="SolutionSettingsHostProjectsHaveIconAndWinExe (Microsoft.Build.Evaluation.Project) row 47"
                time="0.0004477"/>
      <testcase classname="Philips.PMP.Test.Auto.SolutionSettingsTest"
                name="SolutionSettingsHostProjectsHaveIconAndWinExe (Microsoft.Build.Evaluation.Project) row 48"
                time="0.0004628"/>
      <testcase classname="Philips.PMP.Test.Auto.SolutionSettingsTest"
                name="SolutionSettingsHostProjectsHaveIconAndWinExe (Microsoft.Build.Evaluation.Project) row 49"
                time="0.0002766"/>
      <testcase classname="Philips.PMP.Test.Auto.SolutionSettingsTest"
                name="SolutionSettingsHostProjectsHaveIconAndWinExe (Microsoft.Build.Evaluation.Project) row 50"
                time="0.0002647"/>
      <testcase classname="Philips.PMP.Test.Auto.SolutionSettingsTest"
                name="SolutionSettingsHostProjectsHaveIconAndWinExe (Microsoft.Build.Evaluation.Project) row 51"
                time="0.0003073"/>
      <testcase classname="Philips.PMP.Test.Auto.SolutionSettingsTest"
                name="SolutionSettingsHostProjectsHaveIconAndWinExe (Microsoft.Build.Evaluation.Project) row 52"
                time="0.0002896"/>
      <testcase classname="Philips.PMP.Test.Auto.SolutionSettingsTest"
                name="SolutionSettingsHostProjectsHaveIconAndWinExe (Microsoft.Build.Evaluation.Project) row 53"
                time="0.0002884"/>
      <testcase classname="Philips.PMP.Test.Auto.SolutionSettingsTest"
                name="SolutionSettingsHostProjectsHaveIconAndWinExe (Microsoft.Build.Evaluation.Project) row 54"
                time="0.000283"/>
      <testcase classname="Philips.PMP.Test.Auto.SolutionSettingsTest"
                name="SolutionSettingsHostProjectsHaveIconAndWinExe (Microsoft.Build.Evaluation.Project) row 55"
                time="0.0003035"/>
      <testcase classname="Philips.PMP.Test.Auto.SolutionSettingsTest"
                name="SolutionSettingsHostProjectsHaveIconAndWinExe (Microsoft.Build.Evaluation.Project) row 56"
                time="0.0003061"/>
      <testcase classname="Philips.PMP.Test.Auto.SolutionSettingsTest"
                name="SolutionSettingsHostProjectsHaveIconAndWinExe (Microsoft.Build.Evaluation.Project) row 57"
                time="0.000305"/>
      <testcase classname="Philips.PMP.Test.Auto.SolutionSettingsTest"
                name="SolutionSettingsHostProjectsHaveIconAndWinExe (Microsoft.Build.Evaluation.Project) row 58"
                time="0.0002826"/>
      <testcase classname="Philips.PMP.Test.Auto.SolutionSettingsTest"
                name="SolutionSettingsHostProjectsHaveIconAndWinExe (Microsoft.Build.Evaluation.Project) row 59"
                time="0.000287"/>
      <testcase classname="Philips.PMP.Test.Auto.SolutionSettingsTest"
                name="SolutionSettingsHostProjectsHaveIconAndWinExe (Microsoft.Build.Evaluation.Project) row 60"
                time="0.0002811"/>
      <testcase classname="Philips.PMP.Test.Auto.SolutionSettingsTest"
                name="SolutionSettingsHostProjectsHaveIconAndWinExe (Microsoft.Build.Evaluation.Project) row 61"
                time="0.0003005"/>
      <testcase classname="Philips.PMP.Test.Auto.SolutionSettingsTest"
                name="SolutionSettingsHostProjectsHaveIconAndWinExe (Microsoft.Build.Evaluation.Project) row 62"
                time="0.0003093"/>
      <testcase classname="Philips.PMP.Test.Auto.SolutionSettingsTest"
                name="SolutionSettingsHostProjectsHaveIconAndWinExe (Microsoft.Build.Evaluation.Project) row 63"
                time="0.0003021"/>
      <testcase classname="Philips.PMP.Test.Auto.SolutionSettingsTest"
                name="SolutionSettingsHostProjectsHaveIconAndWinExe (Microsoft.Build.Evaluation.Project) row 64"
                time="0.000284"/>
      <testcase classname="Philips.PMP.Test.Auto.SolutionSettingsTest"
                name="SolutionSettingsHostProjectsHaveIconAndWinExe (Microsoft.Build.Evaluation.Project) row 65"
                time="0.0002811"/>
      <testcase classname="Philips.PMP.Test.Auto.SolutionSettingsTest"
                name="SolutionSettingsHostProjectsHaveIconAndWinExe (Microsoft.Build.Evaluation.Project) row 66"
                time="0.0004254"/>
      <testcase classname="Philips.PMP.Test.Auto.SolutionSettingsTest"
                name="SolutionSettingsHostProjectsHaveIconAndWinExe (Microsoft.Build.Evaluation.Project) row 67"
                time="0.0003301"/>
      <testcase classname="Philips.PMP.Test.Auto.SolutionSettingsTest"
                name="SolutionSettingsHostProjectsHaveIconAndWinExe (Microsoft.Build.Evaluation.Project) row 68"
                time="0.0003055"/>
      <testcase classname="Philips.PMP.Test.Auto.SolutionSettingsTest"
                name="SolutionSettingsHostProjectsHaveIconAndWinExe (Microsoft.Build.Evaluation.Project) row 69"
                time="0.0002685"/>
      <testcase classname="Philips.PMP.Test.Auto.SolutionSettingsTest"
                name="SolutionSettingsHostProjectsHaveIconAndWinExe (Microsoft.Build.Evaluation.Project) row 70"
                time="0.000301"/>
      <testcase classname="Philips.PMP.Test.Auto.SolutionSettingsTest"
                name="SolutionSettingsHostProjectsHaveIconAndWinExe (Microsoft.Build.Evaluation.Project) row 71"
                time="0.0003016"/>
      <testcase classname="Philips.PMP.Test.Auto.SolutionSettingsTest"
                name="SolutionSettingsHostProjectsHaveIconAndWinExe (Microsoft.Build.Evaluation.Project) row 72"
                time="0.0002894"/>
      <testcase classname="Philips.PMP.Test.Auto.SolutionSettingsTest"
                name="SolutionSettingsHostProjectsHaveIconAndWinExe (Microsoft.Build.Evaluation.Project) row 73"
                time="0.0004585"/>
      <testcase classname="Philips.PMP.Test.Auto.SolutionSettingsTest"
                name="SolutionSettingsHostProjectsHaveIconAndWinExe (Microsoft.Build.Evaluation.Project) row 74"
                time="0.0002693"/>
      <testcase classname="Philips.PMP.Test.Auto.SolutionSettingsTest"
                name="SolutionSettingsHostProjectsHaveIconAndWinExe (Microsoft.Build.Evaluation.Project) row 75"
                time="0.0002986"/>
      <testcase classname="Philips.PMP.Test.Auto.SolutionSettingsTest"
                name="SolutionSettingsHostProjectsHaveIconAndWinExe (Microsoft.Build.Evaluation.Project) row 76"
                time="0.0002832"/>
      <testcase classname="Philips.PMP.Test.Auto.SolutionSettingsTest"
                name="SolutionSettingsHostProjectsHaveIconAndWinExe (Microsoft.Build.Evaluation.Project) row 77"
                time="0.0002819"/>
      <testcase classname="Philips.PMP.Test.Auto.SolutionSettingsTest"
                name="SolutionSettingsHostProjectsHaveIconAndWinExe (Microsoft.Build.Evaluation.Project) row 78"
                time="0.0002805"/>
      <testcase classname="Philips.PMP.Test.Auto.SolutionSettingsTest"
                name="SolutionSettingsHostProjectsHaveIconAndWinExe (Microsoft.Build.Evaluation.Project) row 79"
                time="0.0002995"/>
      <testcase classname="Philips.PMP.Test.Auto.SolutionSettingsTest"
                name="SolutionSettingsHostProjectsHaveIconAndWinExe (Microsoft.Build.Evaluation.Project) row 80"
                time="0.0003083"/>
      <testcase classname="Philips.PMP.Test.Auto.SolutionSettingsTest"
                name="SolutionSettingsHostProjectsHaveIconAndWinExe (Microsoft.Build.Evaluation.Project) row 81"
                time="0.0002998"/>
      <testcase classname="Philips.PMP.Test.Auto.SolutionSettingsTest"
                name="SolutionSettingsHostProjectsHaveIconAndWinExe (Microsoft.Build.Evaluation.Project) row 82"
                time="0.0002989"/>
      <testcase classname="Philips.PMP.Test.Auto.SolutionSettingsTest"
                name="SolutionSettingsHostProjectsHaveIconAndWinExe (Microsoft.Build.Evaluation.Project) row 83"
                time="0.0003009"/>
      <testcase classname="Philips.PMP.Test.Auto.SolutionSettingsTest"
                name="SolutionSettingsHostProjectsHaveIconAndWinExe (Microsoft.Build.Evaluation.Project) row 84"
                time="0.0002843"/>
      <testcase classname="Philips.PMP.Test.Auto.SolutionSettingsTest"
                name="SolutionSettingsHostProjectsHaveIconAndWinExe (Microsoft.Build.Evaluation.Project) row 85"
                time="0.0002947"/>
      <testcase classname="Philips.PMP.Test.Auto.SolutionSettingsTest"
                name="SolutionSettingsHostProjectsHaveIconAndWinExe (Microsoft.Build.Evaluation.Project) row 86"
                time="0.0002686"/>
      <testcase classname="Philips.PMP.Test.Auto.SolutionSettingsTest"
                name="SolutionSettingsHostProjectsHaveIconAndWinExe (Microsoft.Build.Evaluation.Project) row 87"
                time="0.000263"/>
      <testcase classname="Philips.PMP.Test.Auto.SolutionSettingsTest"
                name="SolutionSettingsHostProjectsHaveIconAndWinExe (Microsoft.Build.Evaluation.Project) row 88"
                time="0.0003032"/>
      <testcase classname="Philips.PMP.Test.Auto.SolutionSettingsTest"
                name="SolutionSettingsHostProjectsHaveIconAndWinExe (Microsoft.Build.Evaluation.Project) row 89"
                time="0.0002961"/>
      <testcase classname="Philips.PMP.Test.Auto.SolutionSettingsTest"
                name="SolutionSettingsHostProjectsHaveIconAndWinExe (Microsoft.Build.Evaluation.Project) row 90"
                time="0.000467"/>
      <testcase classname="Philips.PMP.Test.Auto.SolutionSettingsTest"
                name="SolutionSettingsHostProjectsHaveIconAndWinExe (Microsoft.Build.Evaluation.Project) row 91"
                time="0.0003252"/>
      <testcase classname="Philips.PMP.Test.Auto.SolutionSettingsTest"
                name="SolutionSettingsHostProjectsHaveIconAndWinExe (Microsoft.Build.Evaluation.Project) row 92"
                time="0.0002841"/>
      <testcase classname="Philips.PMP.Test.Auto.SolutionSettingsTest"
                name="SolutionSettingsHostProjectsHaveIconAndWinExe (Microsoft.Build.Evaluation.Project) row 93"
                time="0.0003132"/>
      <testcase classname="Philips.PMP.Test.Auto.SolutionSettingsTest"
                name="SolutionSettingsHostProjectsHaveIconAndWinExe (Microsoft.Build.Evaluation.Project) row 94"
                time="0.0002953"/>
      <testcase classname="Philips.PMP.Test.Auto.SolutionSettingsTest"
                name="SolutionSettingsHostProjectsHaveIconAndWinExe (Microsoft.Build.Evaluation.Project) row 95"
                time="0.00029"/>
      <testcase classname="Philips.PMP.Test.Auto.SectorSetupCommonControlTest"
                name="SaveWillDetermineUnassignedLinkMode"
                time="0.0558728"/>
      <testcase classname="Philips.PMP.Test.Auto.EventCategorySettingsProviderTest"
                name="ClearCacheOnNewEventCatalog"
                time="0.3197327"/>
      <testcase classname="Philips.PMP.Test.Auto.SurveillanceSectorMgrTest"
                name="SurveillanceUpdatePatientDemographicsTest"
                time="0.1228629"/>
      <testcase classname="Philips.PMP.Test.Auto.EfficiaNumericMgrTest"
                name="EfficiaNumericMgrProcessCcoAlarmLimitMessagesTest"
                time="0.0472631"/>
      <testcase classname="Philips.CareEvent.Test.DeviceInterfaceManageFormTests"
                name="SaveDataTest"
                time="0.1176412"/>
      <testcase classname="Philips.PMP.Test.Auto.HostAccessViewControlTest"
                name="HostAccessViewControlMoveUnits"
                time="0.2488805"/>
      <testcase classname="Philips.PMP.Test.Auto.SystemPerformanceTest"
                name="DeleteSettingConfigA"
                time="0.7475622"/>
      <testcase classname="Philips.PMP.Test.Auto.SharedIconMgrTest"
                name="SharedIconMgrGetIconTypeTest (194954,Numeric,Mews) row 1"
                time="0.0016508"/>
      <testcase classname="Philips.PMP.Test.Auto.SharedIconMgrTest"
                name="SharedIconMgrGetIconTypeTest (194954,0,Sps) row 2"
                time="0.0007497"/>
      <testcase classname="Philips.PMP.Test.Auto.SharedIconMgrTest"
                name="SharedIconMgrGetIconTypeTest (195057,Numeric,Mews) row 3"
                time="0.0003777"/>
      <testcase classname="Philips.PMP.Test.Auto.SharedIconMgrTest"
                name="SharedIconMgrGetIconTypeTest (195058,0,Sps) row 4"
                time="0.000844"/>
      <testcase classname="Philips.PMP.Test.Auto.SharedIconMgrTest"
                name="SharedIconMgrGetIconTypeTest (193134,Numeric,EwsDeteriorationScore) row 5"
                time="0.0007398"/>
      <testcase classname="Philips.PMP.Test.Auto.SharedIconMgrTest"
                name="SharedIconMgrGetIconTypeTest (193134,0,SpsDeteriorationScore) row 6"
                time="0.0004212"/>
      <testcase classname="Philips.PMP.Test.Auto.SharedIconMgrTest"
                name="SharedIconMgrGetIconTypeTest (195135,Numeric,EwsDeteriorationScore) row 7"
                time="0.0008457"/>
      <testcase classname="Philips.PMP.Test.Auto.SharedIconMgrTest"
                name="SharedIconMgrGetIconTypeTest (195136,0,SpsDeteriorationScore) row 8"
                time="0.0004171"/>
      <testcase classname="Philips.PMP.Test.Auto.SharedIconMgrTest"
                name="SharedIconMgrGetIconTypeTest (194955,0,PatientConcern) row 9"
                time="0.0003655"/>
      <testcase classname="Philips.PMP.Test.Auto.SharedIconMgrTest"
                name="SharedIconMgrGetIconTypeTest (195241,0,PatientConcern) row 10"
                time="0.0006954"/>
      <testcase classname="Philips.PMP.Test.Auto.SharedIconMgrTest"
                name="SharedIconMgrGetIconTypeTest (195245,0,PatientConcern) row 11"
                time="0.0003625"/>
      <testcase classname="Philips.PMP.Test.Auto.SharedIconMgrTest"
                name="SharedIconMgrGetIconTypeTest (147842,0,NoIcon) row 12"
                time="0.0003382"/>
      <testcase classname="Philips.PMP.Test.Auto.NotificationSettingProviderTest"
                name="IsRoleEqualSuccess"
                time="0.2404543"/>
      <testcase classname="Philips.PMP.Test.Auto.ApmCrashSummaryDirectoryMonitorTest"
                name="ApmCrashSummaryDirectoryReturnsFalse"
                time="0.0020363"/>
      <testcase classname="Philips.PMP.Test.Auto.IheDriverTest"
                name="IheDriverMdipAsAlwaysServerTest (CapsuleMDIP,TCPServer) row 1"
                time="0.0550903"/>
      <testcase classname="Philips.PMP.Test.Auto.IheDriverTest"
                name="IheDriverMdipAsAlwaysServerTest (CapsuleMDIP,TCPClient) row 2"
                time="0.0399008"/>
      <testcase classname="Philips.PMP.Test.Auto.PatientDateTimePickerFormatHelperTest"
                name="PatientDateTimePickerFormatHelperGetBlankDateTimeFormat"
                time="0.0007022"/>
      <testcase classname="Philips.PMP.Test.Auto.CaregiverAssignmentProviderTest"
                name="CaregiverProviderAggregatorSendsUniqueUserIdsTest"
                time="0.0106111"/>
      <testcase classname="Philips.PMP.Test.Auto.PatientServiceHelperTest"
                name="PatientServiceHelperCorrectUnsupportedAttributesTest"
                time="0.0106592"/>
      <testcase classname="Philips.PMP.Test.Auto.TrendUploadDvcTest"
                name="GapDetectionCodeWithIntervalsTest"
                time="0.0008444"/>
      <testcase classname="Philips.PMP.Test.Auto.AlertMgrTest"
                name="AlertMgrUndeliveredAlarmConnectionStateInteractionTest"
                time="0.0052383"/>
      <testcase classname="Philips.PMP.Test.Auto.EfficiaNumericMgrTest"
                name="EfficiaNumericMgrProcessGasReducedAccuracyTest"
                time="0.0371905"/>
      <testcase classname="Philips.PMP.Test.Auto.PatientManagedGatewayTest"
                name="PatientManagedGatewayFeatureSupportTest (1,1,1,1,1,1,1,1,1,1,1,1,1,1) row 1"
                time="0.0076549"/>
      <testcase classname="Philips.PMP.Test.Auto.PatientManagedGatewayTest"
                name="PatientManagedGatewayFeatureSupportTest (1,0,0,0,0,0,0,0,0,0,0,0,0,0) row 2"
                time="0.0027764"/>
      <testcase classname="Philips.PMP.Test.Auto.PatientManagedGatewayTest"
                name="PatientManagedGatewayFeatureSupportTest (0,1,0,0,0,0,0,0,0,0,0,0,0,0) row 3"
                time="0.012684"/>
      <testcase classname="Philips.PMP.Test.Auto.PatientManagedGatewayTest"
                name="PatientManagedGatewayFeatureSupportTest (0,0,1,0,0,0,0,0,0,0,0,0,0,0) row 4"
                time="0.0031544"/>
      <testcase classname="Philips.PMP.Test.Auto.PatientManagedGatewayTest"
                name="PatientManagedGatewayFeatureSupportTest (0,0,0,1,0,0,0,0,0,0,0,0,0,0) row 5"
                time="0.0025705"/>
      <testcase classname="Philips.PMP.Test.Auto.PatientManagedGatewayTest"
                name="PatientManagedGatewayFeatureSupportTest (0,0,0,0,1,0,0,0,0,0,0,0,0,0) row 6"
                time="0.0026838"/>
      <testcase classname="Philips.PMP.Test.Auto.PatientManagedGatewayTest"
                name="PatientManagedGatewayFeatureSupportTest (0,0,0,0,0,1,0,0,0,0,0,0,0,0) row 7"
                time="0.002545"/>
      <testcase classname="Philips.PMP.Test.Auto.PatientManagedGatewayTest"
                name="PatientManagedGatewayFeatureSupportTest (0,0,0,0,0,0,1,0,0,0,0,0,0,0) row 8"
                time="0.0024712"/>
      <testcase classname="Philips.PMP.Test.Auto.PatientManagedGatewayTest"
                name="PatientManagedGatewayFeatureSupportTest (0,0,0,0,0,0,0,1,0,0,0,0,0,0) row 9"
                time="0.0025597"/>
      <testcase classname="Philips.PMP.Test.Auto.PatientManagedGatewayTest"
                name="PatientManagedGatewayFeatureSupportTest (0,0,0,0,0,0,0,0,1,0,0,0,0,0) row 10"
                time="0.0029699"/>
      <testcase classname="Philips.PMP.Test.Auto.PatientManagedGatewayTest"
                name="PatientManagedGatewayFeatureSupportTest (0,0,0,0,0,0,0,0,0,1,0,0,0,0) row 11"
                time="0.0049399"/>
      <testcase classname="Philips.PMP.Test.Auto.PatientManagedGatewayTest"
                name="PatientManagedGatewayFeatureSupportTest (0,0,0,0,0,0,0,0,0,0,1,0,0,0) row 12"
                time="0.0048739"/>
      <testcase classname="Philips.PMP.Test.Auto.PatientManagedGatewayTest"
                name="PatientManagedGatewayFeatureSupportTest (0,0,0,0,0,0,0,0,0,0,0,1,0,0) row 13"
                time="0.0030241"/>
      <testcase classname="Philips.PMP.Test.Auto.PatientManagedGatewayTest"
                name="PatientManagedGatewayFeatureSupportTest (0,0,0,0,0,0,0,0,0,0,0,0,1,0) row 14"
                time="0.005522"/>
      <testcase classname="Philips.PMP.Test.Auto.PatientManagedGatewayTest"
                name="PatientManagedGatewayFeatureSupportTest (0,0,0,0,0,0,0,0,0,0,0,0,0,1) row 15"
                time="0.0066393"/>
      <testcase classname="Philips.PMP.Test.Auto.LoadBalancingControllerTest"
                name="LoadBalancerControllerChecksForDbEngineClusterHost (True,True,1) row 1"
                time="0.0061007"/>
      <testcase classname="Philips.PMP.Test.Auto.LoadBalancingControllerTest"
                name="LoadBalancerControllerChecksForDbEngineClusterHost (False,False,0) row 2"
                time="0.0030346"/>
      <testcase classname="Philips.PMP.Test.Auto.WaveProviderTest"
                name="WaveGapPhysioDataTimes"
                time="0.0292446"/>
      <testcase classname="Philips.PMP.Test.Auto.SurveillanceConfigProviderTest"
                name="HostSurveillanceConfigSettingTest"
                time="0.0560971"/>
      <testcase classname="Philips.PMP.Test.Auto.DeviceProviderTest"
                name="DoesHostHaveAssignmentsTest"
                time="0.3350317"/>
      <testcase classname="Philips.CareEvent.Test.EventMonitorFilterTests"
                name="EventMonitorFilterOnYellow"
                time="0.0266934"/>
      <testcase classname="Philips.PMP.Test.Auto.DbConnectionStatusMgrTest"
                name="DbConnectionStatusDetermineTest (False) row 1"
                time="0.2635693"/>
      <testcase classname="Philips.PMP.Test.Auto.DbConnectionStatusMgrTest"
                name="DbConnectionStatusDetermineTest (True) row 2"
                time="0.0215979"/>
      <testcase classname="Philips.PMP.Test.Auto.EntityLicenseTest"
                name="EntityLicenseIsLicensed"
                time="0.0004028"/>
      <testcase classname="Philips.PMP.Test.Auto.EcgFallbackMgrTest"
                name="PwdFallbackWorksTest"
                time="0.2545704"/>
      <testcase classname="Philips.IX.UserManagement.Test.UserAuthenticatorsTest"
                name="UserAuthenticatorProveIdWebApiPinFail1Test"
                time="0.0444145"/>
      <testcase classname="Philips.PMP.Test.Auto.HL7ConnectionPropertyControlTest"
                name="ShouldSendNumericsTest (Numerics,True) row 1"
                time="0.0279401"/>
      <testcase classname="Philips.PMP.Test.Auto.HL7ConnectionPropertyControlTest"
                name="ShouldSendNumericsTest (Alarms,False) row 2"
                time="0.0198905"/>
      <testcase classname="Philips.PMP.Test.Auto.HL7ConnectionPropertyControlTest"
                name="ShouldSendNumericsTest (Numerics and Alarms,True) row 3"
                time="0.0193282"/>
      <testcase classname="Philips.PMP.Test.Auto.Ecg12LeadProviderTest"
                name="Ecg12LeadProviderMaxLockReached"
                time="0.6792102"/>
      <testcase classname="Philips.PMP.Test.Auto.BedToBedOverviewTest"
                name="OverviewSetArraysAreComparable"
                time="0.0017604"/>
      <testcase classname="Philips.PMP.Test.Auto.PatientUnitCacheTest"
                name="PatientUnitCaseInsensitiveClearCache"
                time="0.0059483"/>
      <testcase classname="Philips.PMP.Test.Auto.WatchdogTest"
                name="WatchdogEngineCommandsOutstandingDetectionTest"
                time="0.0038223"/>
      <testcase classname="Philips.PMP.Test.Auto.DataTileHelperTest"
                name="GetStripHeightSingleWaveTest"
                time="0.0062849"/>
      <testcase classname="Philips.PMP.Test.Auto.PatientDateTimePickerFormatHelperTest"
                name="PatientDateOfBirthTimePickerValid"
                time="0.0008545"/>
      <testcase classname="Philips.IX.UserManagement.Test.UserAuthenticatorsTest"
                name="UserAuthenticatorProveIdWebApiPasswordNoServersExceptionTest"
                time="0.0945383"/>
      <testcase classname="Philips.CareEvent.Test.CareAssignmentOverviewRoleCheckerTest"
                name="ThisUnitPopConfiguration"
                time="0.0006293"/>
      <testcase classname="Philips.PIC.DevTools.Test.InHouseConfigurationTest"
                name="LicenseProcessorAssignsBasicFeatures"
                time="0.6891625"/>
      <testcase classname="Philips.CareEvent.Test.CareAssignmentMgrTest"
                name="AuditUpdatedChargeNurseShouldWriteToAudit (False,False,0) row 1"
                time="0.0094254"/>
      <testcase classname="Philips.CareEvent.Test.CareAssignmentMgrTest"
                name="AuditUpdatedChargeNurseShouldWriteToAudit (True,False,1) row 2"
                time="0.0101249"/>
      <testcase classname="Philips.CareEvent.Test.CareAssignmentMgrTest"
                name="AuditUpdatedChargeNurseShouldWriteToAudit (False,True,1) row 3"
                time="0.0026585"/>
      <testcase classname="Philips.CareEvent.Test.CareAssignmentMgrTest"
                name="AuditUpdatedChargeNurseShouldWriteToAudit (True,True,2) row 4"
                time="0.0021374"/>
      <testcase classname="Philips.PMP.Test.Auto.LoadBalancingControllerTest"
                name="LoadBalancerControllerCanDeleteDevice (True,DatabaseClusterHost,1) row 1"
                time="0.0043968"/>
      <testcase classname="Philips.PMP.Test.Auto.LoadBalancingControllerTest"
                name="LoadBalancerControllerCanDeleteDevice (True,DnsServer,0) row 2"
                time="0.0022517"/>
      <testcase classname="Philips.PMP.Test.Auto.LoadBalancingControllerTest"
                name="LoadBalancerControllerCanDeleteDevice (False,DnsServer,0) row 3"
                time="0.0111434"/>
      <testcase classname="Philips.PMP.Test.Auto.LoadBalancingControllerTest"
                name="LoadBalancerControllerCanDeleteDevice (False,DatabaseClusterHost,0) row 4"
                time="0.0022709"/>
      <testcase classname="Philips.PMP.LicenseService.Test.UnitLicenseProcessorTest"
                name="GetHostsForClinicalUnitsByFeatureWillReturenHostsForFilteredUnitsLicensedForFeature"
                time="0.0065072"/>
      <testcase classname="Philips.PMP.Test.Auto.NumericPostProcessingTest"
                name="AperiodicDeDuplicatorRetainsPeriodicsTest"
                time="0.0012731"/>
      <testcase classname="Philips.PMP.Test.Auto.DataBackIntegrationTest"
                name="DataBackIntegrationRemoveDeviceTest (1,1,0,1) row 1"
                time="0.0014823"/>
      <testcase classname="Philips.PMP.Test.Auto.DataBackIntegrationTest"
                name="DataBackIntegrationRemoveDeviceTest (1,1,1,0) row 2"
                time="0.001167"/>
      <testcase classname="Philips.PMP.Test.Auto.DataBackIntegrationTest"
                name="DataBackIntegrationRemoveDeviceTest (1,3,1,0) row 3"
                time="0.0012075"/>
      <testcase classname="Philips.PMP.Test.Auto.DataBackIntegrationTest"
                name="DataBackIntegrationRemoveDeviceTest (2,0,1,0) row 4"
                time="0.0011423"/>
      <testcase classname="Philips.PMP.Test.Auto.DataBackIntegrationTest"
                name="DataBackIntegrationRemoveDeviceTest (2,1,1,1) row 5"
                time="0.0010015"/>
      <testcase classname="Philips.PMP.Test.Auto.DataBackIntegrationTest"
                name="DataBackIntegrationRemoveDeviceTest (3,0,1,2) row 6"
                time="0.0009868"/>
      <testcase classname="Philips.PMP.Test.Auto.DataBackIntegrationTest"
                name="DataBackIntegrationRemoveDeviceTest (4,2,2,2) row 7"
                time="0.0015145"/>
      <testcase classname="Philips.PMP.Test.Auto.AlertNotificationServiceTest"
                name="OnFilteredAlertReceivedShouldCallCopyIfPreviousAlertExists"
                time="0.0195235"/>
      <testcase classname="Philips.PMP.Test.Auto.AlertImageHelperTest"
                name="NumericAndWaveOrderForSimpleAlertsTest"
                time="0.2015633"/>
      <testcase classname="Philips.PMP.Test.Auto.PatientServiceHelperTest"
                name="PatientAssignmentHelperAreRequiredFieldsMissingTest"
                time="0.0010668"/>
      <testcase classname="Philips.CareEvent.Test.CareTouchResponseSenderTests"
                name="PerfCounterChangesOnEvents"
                time="0.0134525"/>
      <testcase classname="Philips.PMP.Test.Auto.SectorProviderTest"
                name="SectorAssignmentTest"
                time="0.4747773"/>
      <testcase classname="Philips.PMP.Test.Auto.PhysioDataHelperTest"
                name="IsContainsTrendUploadedNumericTest"
                time="0.0017112"/>
      <testcase classname="Philips.PMP.Test.Auto.PatientAssignmentHelperTest"
                name="GetDeviceListStringTest"
                time="0.0015283"/>
      <testcase classname="Philips.PMP.Test.Auto.PatientDataExportTierTwoTest"
                name="TierTwoStoreLocations"
                time="0.0059678"/>
      <testcase classname="Philips.PMP.Test.Auto.WaveProviderTest"
                name="WaveProviderOneChunkGapOneChunkTest"
                time="0.0554294"/>
      <testcase classname="Philips.PMP.Test.Auto.DbParameterTest"
                name="GetDbNullTypeDbInputParameterValueTest"
                time="0.006391"/>
      <testcase classname="Philips.PMP.Test.Auto.UserActionPermissionCheckerTest"
                name="UserContextAuthorizeEntityActionShouldEnableAction (True) row 1"
                time="0.0023247"/>
      <testcase classname="Philips.PMP.Test.Auto.UserActionPermissionCheckerTest"
                name="UserContextAuthorizeEntityActionShouldEnableAction (False) row 2"
                time="0.001422"/>
      <testcase classname="Philips.IX.UserManagement.Test.UserAuthenticatorsTest"
                name="UserAuthenticatorProveIdWebApiUniqueIdFail1Test"
                time="0.0440429"/>
      <testcase classname="Philips.CareEvent.Test.RingtoneMetadataTest"
                name="RingtoneMetadataShouldParseSize (LargeSize,True) row 1"
                time="0.0088411"/>
      <testcase classname="Philips.CareEvent.Test.RingtoneMetadataTest"
                name="RingtoneMetadataShouldParseSize (NormalFile,False) row 2"
                time="0.0194544"/>
      <testcase classname="Philips.CareEvent.Test.RingtoneMgrTest"
                name="AddRingtoneToViewShouldReturnValidItem"
                time="0.043567"/>
      <testcase classname="Philips.PMP.Test.Auto.SoftwareUpdateControlTest"
                name="SoftwareUpdateControlAnnouncesUpdate (False,False,Warning) row 1"
                time="0.0424803"/>
      <testcase classname="Philips.PMP.Test.Auto.SoftwareUpdateControlTest"
                name="SoftwareUpdateControlAnnouncesUpdate (True,False,Failure) row 2"
                time="0.2313831"/>
      <testcase classname="Philips.PMP.Test.Auto.SoftwareUpdateControlTest"
                name="SoftwareUpdateControlAnnouncesUpdate (True,True,Success) row 3"
                time="0.0274222"/>
      <testcase classname="Philips.PMP.Test.Auto.MasterHostSelectionChannelMgrTest"
                name="MasterHostSelectionChannelMgrCanCloseChannel"
                time="0.1363638"/>
      <testcase classname="Philips.PMP.Test.Auto.EcgPacerTest"
                name="OffsetPacersTest"
                time="0.0007625"/>
      <testcase classname="Philips.PMP.Test.Auto.PhysioDataOptimizerTest"
                name="PhysioDataDeoptimizerReconstructsFromStaticContext"
                time="0.0125251"/>
      <testcase classname="Philips.PMP.Test.Auto.CaregiverAssignmentProviderTest"
                name="GetChargeAssignmentTest"
                time="0.4338552"/>
      <testcase classname="Philips.PMP.Test.Auto.PatientDataExportStorageTest"
                name="PdxBedTagsStoreTest"
                time="0.0579239"/>
      <testcase classname="Philips.PMP.Test.Auto.SqlServerOffloadQualifierTest"
                name="CorrectOffloadConfig"
                time="0.0043928"/>
      <testcase classname="Philips.iX.InboundDataBridge.Test.PhysioBridgeOutboundClientTest"
                name="CreateHttpContentWorksAsExpectedTest"
                time="0.7189032"/>
      <testcase classname="Philips.PMP.Test.Auto.MySessionTest"
                name="IsWindowsServiceShould"
                time="0.0008631"/>
      <testcase classname="Philips.PMP.Test.Auto.UserRightsAssignmentQualifierTest"
                name="UserRightsAssignmentQualifierVerifyMissingPrimaryUserTest"
                time="0.0014417"/>
      <testcase classname="Philips.PMP.Test.Auto.EcgLeadSelectionMgrTest"
                name="IECControlHasAllLeadsTest"
                time="0.2601654"/>
      <testcase classname="Philips.PMP.Test.Auto.DeviceControlHelperTest"
                name="DeviceControlHelperGetToggleControlSettingTest"
                time="0.0016341"/>
      <testcase classname="Philips.PMP.Test.Auto.CiServiceTest"
                name="SubscribeToEventsTest (False,1) row 1"
                time="0.0016699"/>
      <testcase classname="Philips.PMP.Test.Auto.CiServiceTest"
                name="SubscribeToEventsTest (True,0) row 2"
                time="0.0010175"/>
      <testcase classname="Philips.PMP.Test.Auto.PrincipalViewMgrTest"
                name="PrincipalViewMgrSendsChangesOnStart"
                time="0.3455719"/>
      <testcase classname="Philips.CareEvent.Test.RingtoneMgrTest"
                name="ValidateChangesShouldFailWhenSizeExceeded (True,0) row 1"
                time="0.0137566"/>
      <testcase classname="Philips.CareEvent.Test.RingtoneMgrTest"
                name="ValidateChangesShouldFailWhenSizeExceeded (False,1) row 2"
                time="0.0013445"/>
      <testcase classname="Philips.PMP.Test.Auto.MobileNumericConverterTest"
                name="MobileNumericConverterNumericValuesGetCorrectPhysioIdAndLabelTest"
                time="0.0475196"/>
      <testcase classname="Philips.PMP.Test.Auto.MobilePatientConverterTest"
                name="MobileDataAssignmentTest"
                time="0.0113097"/>
      <testcase classname="Philips.PMP.Test.Auto.AlertNotificationHelperTest"
                name="AlertNotificationHelperSpotCheckValueStringTest"
                time="0.0716011"/>
      <testcase classname="Philips.PMP.Test.Auto.DbEngineTest"
                name="TransactionActuallyCommit"
                time="0.0677056"/>
      <testcase classname="Philips.PMP.Test.Auto.EcgLeadHelperTest"
                name="V6RIsChestLeadTest"
                time="0.0063132"/>
      <testcase classname="Philips.PMP.Test.Auto.ClinicalNotificationBuilderTest"
                name="ClinicalNotificationBuilderBuildClinicalNotificationTest"
                time="0.0022722"/>
      <testcase classname="Philips.PMP.Test.Auto.CameraSystemControlTest"
                name="CameraSystemControlRefreshConnectionButtons (True,False) row 1"
                time="0.0488412"/>
      <testcase classname="Philips.PMP.Test.Auto.CameraSystemControlTest"
                name="CameraSystemControlRefreshConnectionButtons (False,False) row 2"
                time="0.0445565"/>
      <testcase classname="Philips.PMP.Test.Auto.CameraSystemControlTest"
                name="CameraSystemControlRefreshConnectionButtons (True,True) row 3"
                time="0.0478317"/>
      <testcase classname="Philips.PIC.WebBridge.Test.InstitutionMgrTest"
                name="GetInstitutionsTest"
                time="0.0018635"/>
      <testcase classname="Philips.PMP.Test.Auto.DeviceAssociationMgrTest"
                name="DeviceAssociationMgrCheckForDevicesToAbortTest (False,True,1,False,False) row 1"
                time="0.0023954"/>
      <testcase classname="Philips.PMP.Test.Auto.DeviceAssociationMgrTest"
                name="DeviceAssociationMgrCheckForDevicesToAbortTest (False,True,0,True,True) row 2"
                time="0.000839"/>
      <testcase classname="Philips.PMP.Test.Auto.DeviceAssociationMgrTest"
                name="DeviceAssociationMgrCheckForDevicesToAbortTest (True,True,1,False,False) row 3"
                time="0.0007621"/>
      <testcase classname="Philips.PMP.Test.Auto.DeviceAssociationMgrTest"
                name="DeviceAssociationMgrCheckForDevicesToAbortTest (True,True,0,True,False) row 4"
                time="0.0007154"/>
      <testcase classname="Philips.PMP.Test.Auto.DeviceAssociationMgrTest"
                name="DeviceAssociationMgrCheckForDevicesToAbortTest (True,False,1,True,False) row 5"
                time="0.0006962"/>
      <testcase classname="Philips.PMP.Test.Auto.DeviceAssociationMgrTest"
                name="DeviceAssociationMgrCheckForDevicesToAbortTest (True,False,0,True,False) row 6"
                time="0.0007424"/>
      <testcase classname="Philips.PMP.Test.Auto.DeviceAssociationMgrTest"
                name="DeviceAssociationMgrCheckForDevicesToAbortTest (False,False,0,True,True) row 7"
                time="0.0009691"/>
      <testcase classname="Philips.PMP.Test.Auto.DeviceAssociationMgrTest"
                name="DeviceAssociationMgrCheckForDevicesToAbortTest (False,False,1,True,True) row 8"
                time="0.0007697"/>
      <testcase classname="Philips.PIC.CertificateSync.Test.CertificateSyncronizerTest"
                name="CertificateSyncronizerSync (True,True,False) row 1"
                time="0.1810893"/>
      <testcase classname="Philips.PIC.CertificateSync.Test.CertificateSyncronizerTest"
                name="CertificateSyncronizerSync (False,True,True) row 2"
                time="0.0227266"/>
      <testcase classname="Philips.PIC.CertificateSync.Test.CertificateSyncronizerTest"
                name="CertificateSyncronizerSync (True,False,True) row 3"
                time="0.008216"/>
      <testcase classname="Philips.PMP.Test.Auto.NetworkScanTest"
                name="GetModifiedAPCDevices"
                time="0.102048"/>
      <testcase classname="Philips.PMP.Test.Auto.DbEngineTest"
                name="TransactionTestAppTransOkOuterFailInnerOk"
                time="0.0104021"/>
      <testcase classname="Philips.PMP.Test.Auto.ProtocolWatchTest"
                name="ProtocolWatchPatientMgrUpdateLabTest"
                time="0.0061244"/>
      <testcase classname="Philips.PMP.Test.Auto.MultiSurveillanceMgrTest"
                name="MultiSurveilanceMgrUserChanged"
                time="0.0198327"/>
      <testcase classname="Philips.PMP.Test.Auto.InboundAdtPatientConfigQualifierTest"
                name="InboundAdtPatientConfigQualifierHifFacilityMissingInPic"
                time="0.0227603"/>
      <testcase classname="Philips.PMP.Test.Auto.AlarmBannerIconRetrieverTest"
                name="AlarmBannerIconRetrieverTryGetBannerImageTest (RedAlarm,False,True,False,False) row 1"
                time="0.0069787"/>
      <testcase classname="Philips.PMP.Test.Auto.AlarmBannerIconRetrieverTest"
                name="AlarmBannerIconRetrieverTryGetBannerImageTest (RedAlarm,True,True,False,True) row 2"
                time="0.057475"/>
      <testcase classname="Philips.PMP.Test.Auto.AlarmBannerIconRetrieverTest"
                name="AlarmBannerIconRetrieverTryGetBannerImageTest (YellowAlarm,True,True,False,True) row 3"
                time="0.0160733"/>
      <testcase classname="Philips.PMP.Test.Auto.AlarmBannerIconRetrieverTest"
                name="AlarmBannerIconRetrieverTryGetBannerImageTest (ShortYellowAlarm,True,True,False,True) row 4"
                time="0.0007728"/>
      <testcase classname="Philips.PMP.Test.Auto.AlarmBannerIconRetrieverTest"
                name="AlarmBannerIconRetrieverTryGetBannerImageTest (SevereInop,True,True,False,True) row 5"
                time="0.0046645"/>
      <testcase classname="Philips.PMP.Test.Auto.AlarmBannerIconRetrieverTest"
                name="AlarmBannerIconRetrieverTryGetBannerImageTest (HardInop,True,True,False,True) row 6"
                time="0.0082"/>
      <testcase classname="Philips.PMP.Test.Auto.AlarmBannerIconRetrieverTest"
                name="AlarmBannerIconRetrieverTryGetBannerImageTest (SoftInop,True,True,False,True) row 7"
                time="0.0014866"/>
      <testcase classname="Philips.PMP.Test.Auto.AlarmBannerIconRetrieverTest"
                name="AlarmBannerIconRetrieverTryGetBannerImageTest (RedAlarm,False,False,False,True) row 8"
                time="0.0360335"/>
      <testcase classname="Philips.PMP.Test.Auto.AlarmBannerIconRetrieverTest"
                name="AlarmBannerIconRetrieverTryGetBannerImageTest (YellowAlarm,False,False,False,True) row 9"
                time="0.0015491"/>
      <testcase classname="Philips.PMP.Test.Auto.AlarmBannerIconRetrieverTest"
                name="AlarmBannerIconRetrieverTryGetBannerImageTest (ShortYellowAlarm,False,False,False,True) row 10"
                time="0.0007807"/>
      <testcase classname="Philips.PMP.Test.Auto.AlarmBannerIconRetrieverTest"
                name="AlarmBannerIconRetrieverTryGetBannerImageTest (SevereInop,False,False,False,True) row 11"
                time="0.0009305"/>
      <testcase classname="Philips.PMP.Test.Auto.AlarmBannerIconRetrieverTest"
                name="AlarmBannerIconRetrieverTryGetBannerImageTest (HardInop,False,False,False,True) row 12"
                time="0.0007036"/>
      <testcase classname="Philips.PMP.Test.Auto.AlarmBannerIconRetrieverTest"
                name="AlarmBannerIconRetrieverTryGetBannerImageTest (SoftInop,False,False,False,False) row 13"
                time="0.0021006"/>
      <testcase classname="Philips.PMP.Test.Auto.AlarmBannerIconRetrieverTest"
                name="AlarmBannerIconRetrieverTryGetBannerImageTest (RedAlarm,False,True,True,True) row 14"
                time="0.0009012"/>
      <testcase classname="Philips.PMP.Test.Auto.AlarmBannerIconRetrieverTest"
                name="AlarmBannerIconRetrieverTryGetBannerImageTest (RedAlarm,True,False,True,True) row 15"
                time="0.0010529"/>
      <testcase classname="Philips.PMP.Test.Auto.AutoAdtConfigControlTest"
                name="LoadSettingsTest"
                time="0.015553"/>
      <testcase classname="Philips.PIC.RfidReader.Test.PcProxReaderWrapperTest"
                name="PcProxReaderWrapperInitializeMoreThanOneDeviceConnectedTest"
                time="0.0026132"/>
      <testcase classname="Philips.PMP.Test.Auto.PatientAdtActionFinderTest"
                name="PatientAdtActionFinderTryGetMatchingPatientsTransfer"
                time="0.0396612"/>
      <testcase classname="Philips.PMP.Test.Auto.WaveFrequencyConverterTest"
                name="WaveConvertMultipleChunksNoChange2"
                time="0.0007066"/>
      <testcase classname="Philips.PMP.Test.Auto.DtlsTest"
                name="DtlsPacketSequenceNumberTest"
                time="0.0018109"/>
      <testcase classname="Philips.PMP.Test.Auto.BootConfigurationDataEditorTest"
                name="BcdEditorSetsRebootFlagOnDepPolicyChange"
                time="0.001965"/>
      <testcase classname="Philips.CareEvent.Test.MobileRequestMgrTests"
                name="GetTopologyResponseShouldHandleNullInstitution"
                time="0.0123568"/>
      <testcase classname="Philips.PMP.Test.Auto.LabQualifierTest"
                name="LabQualifierVerifyLabParallelWorkerShould"
                time="0.0581664"/>
      <testcase classname="Philips.PMP.Test.Auto.ApplicationMgrTest"
                name="AlarmReviewControlTest"
                time="0.2670814"/>
      <testcase classname="Philips.PMP.Test.Auto.AlertNotificationThreadQueueTest"
                name="ThreadQueueCanBeDisposedTwice"
                time="0.0143677"/>
      <testcase classname="Philips.PMP.Test.Auto.TopologyProviderTest"
                name="StoreBedTest"
                time="0.2473126"/>
      <testcase classname="Philips.PMP.Test.Auto.FactoryProfileControlTest"
                name="FactoryProfileInitializeTest (CBC064CB-20C3-4323-85BC-DEBD2B5B0C8D,1) row 1"
                time="0.2581048"/>
      <testcase classname="Philips.PMP.Test.Auto.FactoryProfileControlTest"
                name="FactoryProfileInitializeTest (00000000-0000-0000-0000-000000000001,0) row 2"
                time="0.03522"/>
      <testcase classname="Philips.PMP.Test.Auto.UptimeTrackerTest"
                name="UptimeReportsAreSequential"
                time="0.0012601"/>
      <testcase classname="Philips.CareEvent.Test.EventBridgeTests"
                name="StandardMessageSubmitCancelTest"
                time="0.0961571"/>
      <testcase classname="Philips.PMP.Test.Auto.LimitCounterTest"
                name="LimitCounterIncrementsBy1"
                time="0.0006034"/>
      <testcase classname="Philips.PMP.Test.Auto.SurveillanceHelperTest"
                name="SurveillanceHelperRhythmStatusPortal5000Test"
                time="0.0016922"/>
      <testcase classname="Philips.PMP.Test.Auto.DataTileHelperTest"
                name="DataTileHelperTryGetYellowLimitValue (195748,PRESS_BLD,PRESS_BLD_ART_GEN_1_SYS,False,65,126) row 1"
                time="0.0057949"/>
      <testcase classname="Philips.PMP.Test.Auto.DataTileHelperTest"
                name="DataTileHelperTryGetYellowLimitValue (195748,PRESS_BLD,PRESS_BLD_ART_GEN_1_SYS,True,65,127) row 2"
                time="0.0057197"/>
      <testcase classname="Philips.PMP.Test.Auto.DataTileHelperTest"
                name="DataTileHelperTryGetYellowLimitValue (195752,PRESS_BLD,PRESS_BLD_ART_GEN_2_SYS,False,64,128) row 3"
                time="0.0052288"/>
      <testcase classname="Philips.PMP.Test.Auto.DataTileHelperTest"
                name="DataTileHelperTryGetYellowLimitValue (195752,PRESS_BLD,PRESS_BLD_ART_GEN_2_SYS,True,63,129) row 4"
                time="0.0051458"/>
      <testcase classname="Philips.PMP.Test.Auto.DataTileHelperTest"
                name="DataTileHelperTryGetYellowLimitValue (195756,PRESS_BLD,PRESS_BLD_ART_GEN_3_SYS,False,62,130) row 5"
                time="0.0051952"/>
      <testcase classname="Philips.PMP.Test.Auto.DataTileHelperTest"
                name="DataTileHelperTryGetYellowLimitValue (195756,PRESS_BLD,PRESS_BLD_ART_GEN_3_SYS,True,61,131) row 6"
                time="0.0051797"/>
      <testcase classname="Philips.PMP.Test.Auto.DataTileHelperTest"
                name="DataTileHelperTryGetYellowLimitValue (195760,PRESS_BLD,PRESS_BLD_ART_GEN_4_SYS,False,60,132) row 7"
                time="0.0074871"/>
      <testcase classname="Philips.PMP.Test.Auto.DataTileHelperTest"
                name="DataTileHelperTryGetYellowLimitValue (195760,PRESS_BLD,PRESS_BLD_ART_GEN_4_SYS,True,59,133) row 8"
                time="0.0054494"/>
      <testcase classname="Philips.PMP.Test.Auto.DataTileHelperTest"
                name="DataTileHelperTryGetYellowLimitValue (150020,PRESS_BLD_NONINV,PRESS_BLD_NONINV_SYS,True,67,130) row 9"
                time="0.0052561"/>
      <testcase classname="Philips.PMP.Test.Auto.DataTileHelperTest"
                name="DataTileHelperTryGetYellowLimitValue (150020,PRESS_BLD_NONINV,PRESS_BLD_NONINV_SYS,False,66,131) row 10"
                time="0.005181"/>
      <testcase classname="Philips.PMP.Test.Auto.DataTileHelperTest"
                name="DataTileHelperTryGetYellowLimitValue (195740,PRESS_BLD,PRESS_BLD_FEMORAL_RIGHT_SYS,True,90,163) row 11"
                time="0.0052265"/>
      <testcase classname="Philips.PMP.Test.Auto.DataTileHelperTest"
                name="DataTileHelperTryGetYellowLimitValue (195744,PRESS_BLD,PRESS_BLD_FEMORAL_LEFT_SYS,True,60,120) row 12"
                time="0.0068906"/>
      <testcase classname="Philips.PMP.Test.Auto.DataTileHelperTest"
                name="DataTileHelperTryGetYellowLimitValue (195740,PRESS_BLD,PRESS_BLD_FEMORAL_RIGHT_SYS,False,92,160) row 13"
                time="0.0057316"/>
      <testcase classname="Philips.PMP.Test.Auto.DataTileHelperTest"
                name="DataTileHelperTryGetYellowLimitValue (195744,PRESS_BLD,PRESS_BLD_FEMORAL_LEFT_SYS,False,65,125) row 14"
                time="0.0055477"/>
      <testcase classname="Philips.PMP.Test.Auto.MobileApiKeyJsonConverterTest"
                name="DeserializeSuccessfullyWithAdditionalAttributeInAPIKeyFromMobile"
                time="0.0014346"/>
      <testcase classname="Philips.PMP.Test.Auto.DisplayControllerProviderTest"
                name="ModifyDisplaySettings"
                time="0.0545391"/>
      <testcase classname="Philips.PMP.Test.Auto.StitchTest"
                name="StitchRealTimeWaveTest"
                time="0.0511164"/>
      <testcase classname="Philips.PMP.Test.Auto.DeviceControlHelperTest"
                name="DeviceControlHelperGetPhysioIdFromAssociatedPhysioIdTest"
                time="0.001434"/>
      <testcase classname="Philips.PMP.Test.Auto.AlertGeneratorServiceTest"
                name="AlertGeneratorServiceSubscribeToPdsTest (False) row 1"
                time="0.5609257"/>
      <testcase classname="Philips.PMP.Test.Auto.AlertGeneratorServiceTest"
                name="AlertGeneratorServiceSubscribeToPdsTest (True) row 2"
                time="0.0029239"/>
      <testcase classname="Philips.CareEvent.Test.MessageRecipientMgrTest"
                name="GetNonStandardDeviceUsersToSendMessageShouldNotReturnSenderTest"
                time="0.0027883"/>
      <testcase classname="Philips.PMP.Test.Auto.Hl7TcpClientConnectionTest"
                name="Hl7TcpClientConnectionNotConnected"
                time="0.0231295"/>
      <testcase classname="Philips.PMP.Test.Auto.CameraSystemConnectionTest"
                name="CameraSystemGetConnection"
                time="0.2560658"/>
      <testcase classname="Philips.PMP.Test.Auto.ProtocolWatchControlMgrTest"
                name="ProtocolWatchExportControlTest (System.String[],1) row 1"
                time="0.0080619"/>
      <testcase classname="Philips.PMP.Test.Auto.ProtocolWatchControlMgrTest"
                name="ProtocolWatchExportControlTest (System.String[],0) row 2"
                time="0.0151076"/>
      <testcase classname="Philips.PMP.Test.Auto.MobileDataHelperTest"
                name="MobileDataHelperGetValidityTest (Invalid,Invalid) row 1"
                time="0.0014651"/>
      <testcase classname="Philips.PMP.Test.Auto.MobileDataHelperTest"
                name="MobileDataHelperGetValidityTest (MsmtOngoing, Invalid,Invalid) row 2"
                time="0.0004844"/>
      <testcase classname="Philips.PMP.Test.Auto.MobileDataHelperTest"
                name="MobileDataHelperGetValidityTest (Unavailable,Invalid) row 3"
                time="0.0004866"/>
      <testcase classname="Philips.PMP.Test.Auto.MobileDataHelperTest"
                name="MobileDataHelperGetValidityTest (MsmtStateAlInhibited, Unavailable,Invalid) row 4"
                time="0.0004891"/>
      <testcase classname="Philips.PMP.Test.Auto.MobileDataHelperTest"
                name="MobileDataHelperGetValidityTest (0,Valid) row 5"
                time="0.0004886"/>
      <testcase classname="Philips.PMP.Test.Auto.MobileDataHelperTest"
                name="MobileDataHelperGetValidityTest (EarlyIndication,Valid) row 6"
                time="0.0004717"/>
      <testcase classname="Philips.PMP.Test.Auto.MobileDataHelperTest"
                name="MobileDataHelperGetValidityTest (Questionable,Questionable) row 7"
                time="0.0004738"/>
      <testcase classname="Philips.PMP.Test.Auto.MobileDataHelperTest"
                name="MobileDataHelperGetValidityTest (DemoData, Questionable,Questionable) row 8"
                time="0.0004701"/>
      <testcase classname="Philips.PMP.Test.Auto.IheDeviceTest"
                name="ProcessPC01MessageAddMultipleMDS (CapsuleMDIP,MSH|^~\&amp;|DATACAPTOR|Hospital1|||20180622133129.269+0200||ORU^R01^ORU_R01|86221331292749a1|P|2.6|||NE|NE||8859/1|||IHE_PCD_001^IHE PCD^1.3.6.1.4.1.19376.1.6.1.1.1^ISO|&#xD;&#xA;&#x9;&#x9;PID|||PID3-EXAMPLE||Smith^John^^^^^L||19470331000000.000+0200|M|||||||FRENCH|||PID18-EXAMPLE|&#xD;&#xA;&#x9;&#x9;PV1||O|{PV13Location}|&#xD;&#xA;&#x9;&#x9;OBR|1|1203^CAPSULE^3268B019E1B44157^EUI-64|1203^CAPSULE^3268B019E1B44157^EUI-64|196616^MDC_EVT_ALARM^MDC|||20221216144425.000+0530|||INGBTCPIC6MS057|||INGBTCPIC6MS057||||||||OBRIdentifier||||||||^{796AE130-F582-4DCD-AD0B-8E7148C48229}&amp;CAPSULE&amp;3268B019E1B44157&amp;EUI-64|&#xD;&#xA;&#x9;&#x9;OBX|1||70001^NOM_DEV_SYS_PT_VENT_MDS^MDIL|1.0.0.0|||||||X|||||||MDSEquipmentIdentifier1|&#xD;&#xA;&#x9;&#x9;OBX|2||129726^NOM_DEV_CONTEX_VMD^MDIL|1.1.0.0|||||||X|||||||VDSEquipmentIdentifier1|&#xD;&#xA;&#x9;&#x9;OBX|3||129725^NOM_DEV_CONTEXT_CHAN^MDIL|1.1.1.0|||||||X|||||||ChannelEquipmentIdentifier1|&#xD;&#xA;&#x9;&#x9;OBX|5|NM|150492^MDC_OUTPUT_CARD_CTS^MDIL^^^^^^CCO|1.1.1.1|0.591|327679^NOM_DIM_NEW^MDIL^^^^^^NEW|||||R|,MSH|^~\&amp;|DATACAPTOR|Hospital1|||20180622133129.269+0200||ORU^R01^ORU_R01|86221331292749a1|P|2.6|||NE|NE||8859/1|||IHE_PCD_001^IHE PCD^1.3.6.1.4.1.19376.1.6.1.1.1^ISO|&#xD;&#xA;&#x9;&#x9;PID|||PID3-EXAMPLE||Smith^John^^^^^L||19470331000000.000+0200|M|||||||FRENCH|||PID18-EXAMPLE|&#xD;&#xA;&#x9;&#x9;PV1||O|{PV13Location}|&#xD;&#xA;&#x9;&#x9;OBR|1|1203^CAPSULE^3268B019E1B44157^EUI-64|1203^CAPSULE^3268B019E1B44157^EUI-64|196616^MDC_EVT_ALARM^MDC|||20221216144425.000+0530|||INGBTCPIC6MS057|||INGBTCPIC6MS057||||||||OBRIdentifier||||||||^{796AE130-F582-4DCD-AD0B-8E7148C48229}&amp;CAPSULE&amp;3268B019E1B44157&amp;EUI-64|&#xD;&#xA;&#x9;&#x9;OBX|1||70001^NOM_DEV_SYS_PT_VENT_MDS^MDIL|1.0.0.0|||||||X|||||||MDSEquipmentIdentifier2|&#xD;&#xA;&#x9;&#x9;OBX|2||129726^NOM_DEV_CONTEX_VMD^MDIL|1.1.0.0|||||||X|||||||VDSEquipmentIdentifier1|&#xD;&#xA;&#x9;&#x9;OBX|3||129725^NOM_DEV_CONTEXT_CHAN^MDIL|1.1.1.0|||||||X|||||||ChannelEquipmentIdentifier1|&#xD;&#xA;&#x9;&#x9;OBX|5|NM|150492^MDC_OUTPUT_CARD_CTS^MDIL^^^^^^CCO|1.1.1.1|0.591|327679^NOM_DIM_NEW^MDIL^^^^^^NEW|||||R|,OBRIdentifierMDSEquipmentIdentifier1,OBRIdentifierMDSEquipmentIdentifier2) row 1"
                time="0.0072715"/>
      <testcase classname="Philips.PMP.Test.Auto.IheDeviceTest"
                name="ProcessPC01MessageAddMultipleMDS (BBraunDoselinkPlus,MSH|^~\&amp;|PAT_DEVICE_BBRAUN^0012211839000001^EUI-64|BBRAUN|DOC_AM_TEST|BB1|20220523142113+0000||ORU^R01^ORU_R01|63788912473382465025|P|2.6|||AL|NE||ASCII|en^English^ISO639||IHE_PCD_001^IHE PCD^1.3.6.1.4.1.19376.1.6.4.1^ISO&#xD;&#xA;&#x9;&#x9;PID|||Unknown Patient^Unknown Patient||^^^^^^U||||||||||||||||||||||||||Y&#xD;&#xA;&#x9;&#x9;OBR|1|029d53e1-daa3-11ec-8487-c0ee400d168f^PAT_DEVICE_BBRAUN^0012211839000001^EUI-64|029d53e1-daa3-11ec-8487-c0ee400d168f^PAT_DEVICE_BBRAUN^0012211839000001^EUI-64|Dobutamine^Dobutamine|||20220523142039+0000&#xD;&#xA;&#x9;&#x9;OBX|1||70053^MDC_DEV_PUMP_INFUS_SYRINGE_MDS^MDC|1.0.0.0|||||||X|||||||P2449^^0012210000000000^EUI-64&#xD;&#xA;&#x9;&#x9;OBX|2||70054^MDC_DEV_PUMP_INFUS_SYRINGE_VMD^MDC|1.1.0.0|||||||X&#xD;&#xA;&#x9;&#x9;OBX|8||70067^MDC_DEV_PUMP_DELIVERY_INFO^MDC|1.1.1.0|||||||X&#xD;&#xA;&#x9;&#x9;OBX|9|ST|0^MDC_ATTR_PUMP_PILLAR_DETAILS^MDC|1.1.0.24|0^0||||||F|||||||CA1~Rm1~Bed2~Fac1~~~Bldg1~Fl1^^0012210000000000^EUI-64&#xD;&#xA;&#x9;&#x9;OBX|10|NM|158014^MDC_FLOW_FLUID_PUMP_CURRENT^MDC|1.1.1.1|18|265266^MDC_DIM_MILLI_L_PER_HR^MDC^mL/h^mL/h^UCUM|||||R,MSH|^~\&amp;|PAT_DEVICE_BBRAUN^0012211839000001^EUI-64|BBRAUN|DOC_AM_TEST|BB1|20220523142113+0000||ORU^R01^ORU_R01|63788912473382465025|P|2.6|||AL|NE||ASCII|en^English^ISO639||IHE_PCD_001^IHE PCD^1.3.6.1.4.1.19376.1.6.4.1^ISO&#xD;&#xA;&#x9;&#x9;PID|||Unknown Patient^Unknown Patient||^^^^^^U||||||||||||||||||||||||||Y&#xD;&#xA;&#x9;&#x9;OBR|1|029d53e1-daa3-11ec-8487-c0ee400d168f^PAT_DEVICE_BBRAUN^0012211839000001^EUI-64|029d53e1-daa3-11ec-8487-c0ee400d168f^PAT_DEVICE_BBRAUN^0012211839000001^EUI-64|Dobutamine^Dobutamine|||20220523142039+0000&#xD;&#xA;&#x9;&#x9;OBX|1||70053^MDC_DEV_PUMP_INFUS_SYRINGE_MDS^MDC|1.0.0.0|||||||X|||||||P2450^^0012210000000000^EUI-64&#xD;&#xA;&#x9;&#x9;OBX|2||70054^MDC_DEV_PUMP_INFUS_SYRINGE_VMD^MDC|1.1.0.0|||||||X&#xD;&#xA;&#x9;&#x9;OBX|8||70067^MDC_DEV_PUMP_DELIVERY_INFO^MDC|1.1.1.0|||||||X&#xD;&#xA;&#x9;&#x9;OBX|9|ST|0^MDC_ATTR_PUMP_PILLAR_DETAILS^MDC|1.1.0.24|0^0||||||F|||||||CA1~Rm1~Bed2~Fac1~~~Bldg1~Fl1^^0012210000000000^EUI-64&#xD;&#xA;&#x9;&#x9;OBX|10|NM|158014^MDC_FLOW_FLUID_PUMP_CURRENT^MDC|1.1.1.1|18|265266^MDC_DIM_MILLI_L_PER_HR^MDC^mL/h^mL/h^UCUM|||||R,P2449^^0012210000000000^EUI-64,P2450^^0012210000000000^EUI-64) row 2"
                time="0.0039523"/>
      <testcase classname="Philips.PMP.Test.Auto.SpotCheckGuidCorrectorTest"
                name="SpotCheckGuidCorrectorCorrectValInfoIdTest (False) row 1"
                time="0.0038"/>
      <testcase classname="Philips.PMP.Test.Auto.SpotCheckGuidCorrectorTest"
                name="SpotCheckGuidCorrectorCorrectValInfoIdTest (True) row 2"
                time="0.0006049"/>
      <testcase classname="Philips.PMP.Test.Auto.LicenseTest"
                name="LicenseGetEntityFeatureAssignments"
                time="0.0007234"/>
      <testcase classname="Philips.PMP.Test.Auto.ObservationIdBuilderTest"
                name="RemoveMonitorTest"
                time="0.0023033"/>
      <testcase classname="Philips.CareEvent.Test.CareAssignmentMgrTest"
                name="ClearAllAssignmentShouldNotClearSharedAssignments"
                time="0.0137829"/>
      <testcase classname="Philips.PMP.Test.Auto.GatewayServiceMonitorTest"
                name="SystemStatusServiceMgrCheckGatewayMakesOneCallOnReturnTrue"
                time="0.0024694"/>
      <testcase classname="Philips.PMP.Test.Auto.LicenseViewerXmlProviderTest"
                name="EnterpriseXmlProviderLoad"
                time="0.0046368"/>
      <testcase classname="Philips.PMP.Test.Auto.HostAccessViewControllerTest"
                name="HostAccessViewControllerMoveMatchingUnitToFullAccess"
                time="0.0062499"/>
      <testcase classname="Philips.PMP.Test.Auto.DbAvailabilityTest"
                name="StoreMultipleConnectionStatusTest"
                time="0.3304522"/>
      <testcase classname="Philips.CareEvent.Test.CareAssignmentControlTests"
                name="InitializeComboBoxShouldHandleBNS (-1) row 1"
                time="0.044817"/>
      <testcase classname="Philips.PMP.Test.Auto.TimeServiceTest"
                name="ActiveDirectoryConfiguredInitializePass"
                time="0.0066394"/>
      <testcase classname="Philips.PMP.Test.Auto.EcgLeadHelperTest"
                name="V6RIsCompromisedWhenADependentLeadFallsOffTest"
                time="0.0114294"/>
      <testcase classname="Philips.PMP.Test.Auto.MonitoredBedTransferProcessorTest"
                name="MonitoredBedTransferProcessorCanSucceed (True,True,True) row 1"
                time="0.002669"/>
      <testcase classname="Philips.PMP.Test.Auto.MonitoredBedTransferProcessorTest"
                name="MonitoredBedTransferProcessorCanSucceed (False,True,False) row 2"
                time="0.0015867"/>
      <testcase classname="Philips.PMP.Test.Auto.MonitoredBedTransferProcessorTest"
                name="MonitoredBedTransferProcessorCanSucceed (True,False,False) row 3"
                time="0.0019249"/>
      <testcase classname="Philips.PMP.Test.Auto.MonitoredBedTransferProcessorTest"
                name="MonitoredBedTransferProcessorCanSucceed (False,False,False) row 4"
                time="0.0011901"/>
      <testcase classname="Philips.PMP.Test.Auto.ProtocolWatchTest"
                name="ProtocolWatchPatientMgrUpdateIpmSupportedProtocolsTest"
                time="0.0026658"/>
      <testcase classname="Philips.PMP.Test.Auto.AlertNotificationClientMgrTest"
                name="OnEventStatusReceivedNotifyDAS"
                time="0.0119628"/>
      <testcase classname="Philips.PMP.Test.Auto.RepositoryTest"
                name="RepositoryCanClearNumeric"
                time="0.2147176"/>
      <testcase classname="Philips.PMP.Test.Auto.EcgDerivationMgrTest"
                name="HexadOnlyStoresDirectlyAcquiredLeads"
                time="0.0120386"/>
      <testcase classname="Philips.CareEvent.Test.EventBridgeTests"
                name="DispatchPortVerificationTest"
                time="0.0131988"/>
      <testcase classname="Philips.PIC.DataAcquisition.Test.SureSignsDataCacheTest"
                name="SureSignsDataCachePurgeAgedOutEntriesTest (True) row 1"
                time="0.0014675"/>
      <testcase classname="Philips.PIC.DataAcquisition.Test.SureSignsDataCacheTest"
                name="SureSignsDataCachePurgeAgedOutEntriesTest (False) row 2"
                time="0.0002368"/>
      <testcase classname="Philips.PMP.Test.Auto.Hl7OruEncoderTest"
                name="HL7MultipleChannelIsProperlySupportedTest"
                time="0.0014194"/>
      <testcase classname="Philips.PMP.Test.Auto.TrendUploadDvcTest"
                name="DvcNoArgumentExceptionTest"
                time="0.5479862"/>
      <testcase classname="Philips.PMP.Test.Auto.UploadedDataDisplayHelperTest"
                name="GetUploadedDataTooltipTest"
                time="0.0023124"/>
      <testcase classname="Philips.CareEvent.Test.EventPrefixHelperTests"
                name="EvaluateEscalationIncludePrefixTests (Test Event,Unknown,Test Event,Informational,False,True) row 1"
                time="0.0072638"/>
      <testcase classname="Philips.CareEvent.Test.EventPrefixHelperTests"
                name="EvaluateEscalationIncludePrefixTests (Test Event,Unknown,Test Event,Informational,False,False) row 2"
                time="0.003628"/>
      <testcase classname="Philips.CareEvent.Test.EventPrefixHelperTests"
                name="EvaluateEscalationIncludePrefixTests (Test Event,Second,Test Event,Informational,False,True) row 3"
                time="0.0037105"/>
      <testcase classname="Philips.CareEvent.Test.EventPrefixHelperTests"
                name="EvaluateEscalationIncludePrefixTests (Test Event,Second,Test Event,Informational,False,False) row 4"
                time="0.0035589"/>
      <testcase classname="Philips.CareEvent.Test.EventPrefixHelperTests"
                name="EvaluateEscalationIncludePrefixTests (Test Event,First,Test Event,Assistance,False,True) row 5"
                time="0.0033394"/>
      <testcase classname="Philips.CareEvent.Test.EventPrefixHelperTests"
                name="EvaluateEscalationIncludePrefixTests (ESC1: Test Event,Second,Test Event,Assistance,False,True) row 6"
                time="0.0044033"/>
      <testcase classname="Philips.CareEvent.Test.EventPrefixHelperTests"
                name="EvaluateEscalationIncludePrefixTests (Test Event,Second,Test Event,Assistance,False,False) row 7"
                time="0.0044769"/>
      <testcase classname="Philips.CareEvent.Test.EventPrefixHelperTests"
                name="EvaluateEscalationIncludePrefixTests (ESC2: Test Event,Third,Test Event,Assistance,False,True) row 8"
                time="0.0045731"/>
      <testcase classname="Philips.CareEvent.Test.EventPrefixHelperTests"
                name="EvaluateEscalationIncludePrefixTests (Test Event,Third,Test Event,Assistance,False,False) row 9"
                time="0.0046233"/>
      <testcase classname="Philips.CareEvent.Test.EventPrefixHelperTests"
                name="EvaluateEscalationIncludePrefixTests (ESC2: Test Event,Third,ESC1: Test Event,Assistance,False,True) row 10"
                time="0.0072611"/>
      <testcase classname="Philips.CareEvent.Test.EventPrefixHelperTests"
                name="EvaluateEscalationIncludePrefixTests (Test Event,Third,ESC1: Test Event,Assistance,False,False) row 11"
                time="0.0045459"/>
      <testcase classname="Philips.CareEvent.Test.EventPrefixHelperTests"
                name="EvaluateEscalationIncludePrefixTests (ESC3: Test Event,Third,ESC2: Test Event,Assistance,True,True) row 12"
                time="0.0047375"/>
      <testcase classname="Philips.CareEvent.Test.EventPrefixHelperTests"
                name="EvaluateEscalationIncludePrefixTests (Test Event,Third,ESC2: Test Event,Assistance,True,False) row 13"
                time="0.0046186"/>
      <testcase classname="Philips.PMP.Test.Auto.UomMappingProviderTest"
                name="UomMdilSettingTest"
                time="0.0279468"/>
      <testcase classname="Philips.PMP.Test.Auto.BedToBedOverviewTest"
                name="BedToBedWavePriorityTest (System.UInt32[],System.UInt32[],System.UInt32[],System.UInt16[],System.UInt32[],System.UInt32[]) row 1"
                time="0.0255523"/>
      <testcase classname="Philips.PMP.Test.Auto.BedToBedOverviewTest"
                name="BedToBedWavePriorityTest (System.UInt32[],System.UInt32[],System.UInt32[],System.UInt16[],System.UInt32[],System.UInt32[]) row 2"
                time="0.0008919"/>
      <testcase classname="Philips.PMP.Test.Auto.BedToBedOverviewTest"
                name="BedToBedWavePriorityTest (System.UInt32[],System.UInt32[],System.UInt32[],System.UInt16[],System.UInt32[],System.UInt32[]) row 3"
                time="0.0006958"/>
      <testcase classname="Philips.PMP.Test.Auto.BedToBedOverviewTest"
                name="BedToBedWavePriorityTest (System.UInt32[],System.UInt32[],System.UInt32[],System.UInt16[],System.UInt32[],System.UInt32[]) row 4"
                time="0.0005246"/>
      <testcase classname="Philips.PMP.Test.Auto.BedToBedOverviewTest"
                name="BedToBedWavePriorityTest (System.UInt32[],System.UInt32[],System.UInt32[],System.UInt16[],System.UInt32[],System.UInt32[]) row 5"
                time="0.0011948"/>
      <testcase classname="Philips.PMP.Test.Auto.UnitSettingsCacheTest"
                name="UnitSettingsCacheHandlesUnitAndCentralSupplyTest (False) row 1"
                time="0.0342095"/>
      <testcase classname="Philips.PMP.Test.Auto.UnitSettingsCacheTest"
                name="UnitSettingsCacheHandlesUnitAndCentralSupplyTest (True) row 2"
                time="0.0099361"/>
      <testcase classname="Philips.PMP.Test.Auto.Hl7CareEventProxyTest"
                name="CareEventOnConnectionErrorTest"
                time="0.0028479"/>
      <testcase classname="Philips.PIC.DeviceUserManagement.Test.DeviceUserManagementServiceTest"
                name="DeviceUserManagementServiceTimerTick"
                time="0.0710447"/>
      <testcase classname="Philips.PMP.Test.Auto.TopologyTreeControlTest"
                name="TopologyTreeControlTopologyTree"
                time="0.3082906"/>
      <testcase classname="Philips.CareEvent.Test.MessageRecipientControlTests"
                name="SelectAllCaregiversCheckboxTest"
                time="0.0209943"/>
      <testcase classname="Philips.PMP.Test.Auto.PatientDataExportFileTest"
                name="PdxAlertFileHasExpectedName"
                time="0.0621949"/>
      <testcase classname="Philips.PMP.Test.Auto.CertificateInstallStoreMgrTest"
                name="CertificateInstallStoreMgrEnsureRootCertInDb (True,False) row 1"
                time="0.2287654"/>
      <testcase classname="Philips.PMP.Test.Auto.CertificateInstallStoreMgrTest"
                name="CertificateInstallStoreMgrEnsureRootCertInDb (True,True) row 2"
                time="0.0516325"/>
      <testcase classname="Philips.PMP.Test.Auto.CertificateInstallStoreMgrTest"
                name="CertificateInstallStoreMgrEnsureRootCertInDb (False,True) row 3"
                time="0.0458205"/>
      <testcase classname="Philips.PMP.Test.Auto.CertificateInstallStoreMgrTest"
                name="CertificateInstallStoreMgrEnsureRootCertInDb (False,False) row 4"
                time="0.0282104"/>
      <testcase classname="Philips.PMP.Test.Auto.PhysioDataComparisonTest"
                name="Ecg12LeadQueryEqualityTest"
                time="0.0004676"/>
      <testcase classname="Philips.PMP.Test.Auto.W32TimeServiceAdapterTest"
                name="EnabledActiveDirectoryFails2"
                time="0.0045544"/>
      <testcase classname="Philips.PMP.Test.Auto.ClinicalNotificationAutoAcknowledgerTest"
                name="NotificationAutoAckOnNewNotificationShouldAutoAckPreviousNotification"
                time="0.0192295"/>
      <testcase classname="Philips.PMP.Test.Auto.SpotCheckDeviceValueCountProviderTest"
                name="SpotCheckDvcStoreNewDvc"
                time="0.0280975"/>
      <testcase classname="Philips.IX.UserManagement.Test.ProveIdWebApiConfigurationProviderTest"
                name="GetServersTest"
                time="0.0419694"/>
      <testcase classname="Philips.PMP.Test.Auto.TimeTest"
                name="TimeExtractAvailTimeIntervalTest"
                time="1.1125496"/>
      <testcase classname="Philips.PMP.Test.Auto.DiskSpaceQualifierTest"
                name="DiskSpaceQualifierCorrectTest"
                time="0.0011041"/>
      <testcase classname="Philips.PMP.Test.Auto.Hl7ConnectionTest"
                name="BuildAndSendAlarmMessageNotifiesMirrorToolTest"
                time="0.1536736"/>
      <testcase classname="Philips.PMP.Test.Auto.InboundAdtPatientConfigQualifierTest"
                name="InboundAdtPatientConfigQualifierHasCorrectDisplayName"
                time="0.0091597"/>
      <testcase classname="Philips.RootMain.Test.CertificateInstallMgrTest"
                name="OtherHostCaNotConfiguredWithSubjectAlternativeNameSucceeded"
                time="0.0127303"/>
      <testcase classname="Philips.PMP.Test.Auto.InboundAdtPatientConfigQualifierTest"
                name="InboundAdtPatientConfigQualifierDifferentEncounterId (AccountNumber,VisitNumber,Failure) row 1"
                time="0.0095721"/>
      <testcase classname="Philips.PMP.Test.Auto.InboundAdtPatientConfigQualifierTest"
                name="InboundAdtPatientConfigQualifierDifferentEncounterId (AccountNumber,AccountNumber,Success) row 2"
                time="0.0014499"/>
      <testcase classname="Philips.PMP.Test.Auto.InboundAdtPatientConfigQualifierTest"
                name="InboundAdtPatientConfigQualifierDifferentEncounterId (VisitNumber,Unknown,Failure) row 3"
                time="0.0040682"/>
      <testcase classname="Philips.PMP.Test.Auto.InboundAdtPatientConfigQualifierTest"
                name="InboundAdtPatientConfigQualifierDifferentEncounterId (VisitNumber,VisitNumber,Success) row 4"
                time="0.0032371"/>
      <testcase classname="Philips.PMP.Test.Auto.UshortHandleGeneratorTest"
                name="UshortHandleGeneratorAssignedHandleChecksTest"
                time="0.0004818"/>
      <testcase classname="Philips.PMP.Test.Auto.EcgDeriverTest"
                name="UnavailableNumericValuesDontCrashEcgDeriverTest"
                time="0.01157"/>
      <testcase classname="Philips.CareEvent.Test.EventMonitorFilterTests"
                name="EventMonitorFilterOnBedLabel"
                time="0.1797965"/>
      <testcase classname="Philips.PMP.Test.Auto.StreamNotificationServiceTest"
                name="StreamNotificationServiceCanCreateTftpTransferService (True,True,True,1,1) row 1"
                time="0.1930909"/>
      <testcase classname="Philips.PMP.Test.Auto.StreamNotificationServiceTest"
                name="StreamNotificationServiceCanCreateTftpTransferService (True,True,False,1,1) row 2"
                time="0.0039749"/>
      <testcase classname="Philips.PMP.Test.Auto.StreamNotificationServiceTest"
                name="StreamNotificationServiceCanCreateTftpTransferService (True,False,True,1,0) row 3"
                time="0.0031316"/>
      <testcase classname="Philips.PMP.Test.Auto.StreamNotificationServiceTest"
                name="StreamNotificationServiceCanCreateTftpTransferService (True,False,False,1,0) row 4"
                time="0.0033679"/>
      <testcase classname="Philips.PMP.Test.Auto.StreamNotificationServiceTest"
                name="StreamNotificationServiceCanCreateTftpTransferService (False,True,True,0,0) row 5"
                time="0.0932092"/>
      <testcase classname="Philips.PMP.Test.Auto.StreamNotificationServiceTest"
                name="StreamNotificationServiceCanCreateTftpTransferService (False,True,False,0,0) row 6"
                time="0.0048064"/>
      <testcase classname="Philips.PMP.Test.Auto.StreamNotificationServiceTest"
                name="StreamNotificationServiceCanCreateTftpTransferService (False,False,True,0,0) row 7"
                time="0.0019126"/>
      <testcase classname="Philips.PMP.Test.Auto.StreamNotificationServiceTest"
                name="StreamNotificationServiceCanCreateTftpTransferService (False,False,False,0,0) row 8"
                time="0.0018977"/>
      <testcase classname="Philips.PMP.Test.Auto.PatientAssignmentControlCheckerTest"
                name="PatientAssignmentControlCheckerShouldEnablePatientManagement"
                time="0.0026521"/>
      <testcase classname="Philips.PMP.Test.Auto.HostLicenseProcessorTest"
                name="LicenseMgrAreAllLicensed"
                time="0.0039092"/>
      <testcase classname="Philips.PMP.Test.Auto.EcgIpmFilterTest"
                name="EcgSignalFiltersAdultEcgFilter05HzTest"
                time="0.005915"/>
      <testcase classname="Philips.PMP.Test.Auto.SvgIconRendererTest"
                name="RenderMewsSvgIcon"
                time="0.0104646"/>
      <testcase classname="Philips.PIC.SharedAssignment.Test.SharedAssignmentProviderTest"
                name="AssignmentsShouldNotBeStoredIfNoSharedRoleConfigured"
                time="0.0258339"/>
      <testcase classname="Philips.PMP.Test.Auto.FullDisclosureValueProcessorTest"
                name="WaveConversionTest"
                time="0.0884714"/>
      <testcase classname="Philips.PMP.Test.Auto.PatientManagementHelperTest"
                name="GetBedLabelTest"
                time="0.249621"/>
      <testcase classname="Philips.PMP.Test.Auto.SpotCheckDeviceValueCountProviderTest"
                name="SpotCheckDvcUpdateDvcIdForDevice"
                time="0.0189923"/>
      <testcase classname="Philips.PMP.Test.Auto.ApmDataConverterTest"
                name="GetMyHostConfigurationWillPopulateExternalTimeServerTest"
                time="0.0794492"/>
      <testcase classname="Philips.IX.UserManagement.Test.ProveIdWebApiServerSequencerTest"
                name="GetServersWithFailedAndSomeTimedOut"
                time="0.0840257"/>
      <testcase classname="Philips.PMP.Test.Auto.SnmpConnectionControlTest"
                name="SnmpConnectionControlInputOutputTest (V2,,,False,,,False,True,) row 1"
                time="0.2043012"/>
      <testcase classname="Philips.PMP.Test.Auto.SnmpConnectionControlTest"
                name="SnmpConnectionControlInputOutputTest (V2,public,,False,,,False,True,) row 2"
                time="0.0215373"/>
      <testcase classname="Philips.PMP.Test.Auto.SnmpConnectionControlTest"
                name="SnmpConnectionControlInputOutputTest (V2,,context,False,,,False,True,) row 3"
                time="0.0326002"/>
      <testcase classname="Philips.PMP.Test.Auto.SnmpConnectionControlTest"
                name="SnmpConnectionControlInputOutputTest (V3,,,True,SHA256,,False,False,Username is required.&#xD;&#xA;Password is required.&#xD;&#xA;) row 4"
                time="0.0785885"/>
      <testcase classname="Philips.PMP.Test.Auto.SnmpConnectionControlTest"
                name="SnmpConnectionControlInputOutputTest (V3,,context,True,SHA256,,False,False,Username is required.&#xD;&#xA;Password is required.&#xD;&#xA;) row 5"
                time="0.0838451"/>
      <testcase classname="Philips.PMP.Test.Auto.SnmpConnectionControlTest"
                name="SnmpConnectionControlInputOutputTest (V3,,,True,SHA256,,False,False,Username is required.&#xD;&#xA;Password is required.&#xD;&#xA;) row 6"
                time="0.078761"/>
      <testcase classname="Philips.PMP.Test.Auto.SnmpConnectionControlTest"
                name="SnmpConnectionControlInputOutputTest (V3,,,True,SHA384,,False,False,Username is required.&#xD;&#xA;Password is required.&#xD;&#xA;) row 7"
                time="0.0808415"/>
      <testcase classname="Philips.PMP.Test.Auto.SnmpConnectionControlTest"
                name="SnmpConnectionControlInputOutputTest (V3,,,True,SHA512,,False,False,Username is required.&#xD;&#xA;Password is required.&#xD;&#xA;) row 8"
                time="0.0793288"/>
      <testcase classname="Philips.PMP.Test.Auto.SnmpConnectionControlTest"
                name="SnmpConnectionControlInputOutputTest (V3,,,True,SHA512,,False,False,Username is required.&#xD;&#xA;Password is required.&#xD;&#xA;) row 9"
                time="0.077852"/>
      <testcase classname="Philips.PMP.Test.Auto.SnmpConnectionControlTest"
                name="SnmpConnectionControlInputOutputTest (V3,,,True,SHA256,AES128,True,False,Username is required.&#xD;&#xA;Password is required.&#xD;&#xA;Privacy key is required.&#xD;&#xA;) row 10"
                time="0.0790107"/>
      <testcase classname="Philips.PMP.Test.Auto.SnmpConnectionControlTest"
                name="SnmpConnectionControlInputOutputTest (V3,,,True,SHA256,AES192,True,False,Username is required.&#xD;&#xA;Password is required.&#xD;&#xA;Privacy key is required.&#xD;&#xA;) row 11"
                time="0.0829715"/>
      <testcase classname="Philips.PMP.Test.Auto.SnmpConnectionControlTest"
                name="SnmpConnectionControlInputOutputTest (V3,,,True,SHA256,AES256,True,False,Username is required.&#xD;&#xA;Password is required.&#xD;&#xA;Privacy key is required.&#xD;&#xA;) row 12"
                time="0.091216"/>
      <testcase classname="Philips.PMP.Test.Auto.WatchdogComponentReportingRecorderTest"
                name="WatchdogComponentReportingRecorderCanRetainReportingRecord"
                time="0.0026914"/>
      <testcase classname="Philips.PMP.Test.Auto.DbEngineTest"
                name="TransactionTestOuterOkInnerFail"
                time="0.0142182"/>
      <testcase classname="Philips.PMP.Test.Auto.MyAudioTest"
                name="MyAudioDetectBuiltInDisplaySpeakers (True) row 1"
                time="0.0155833"/>
      <testcase classname="Philips.PMP.Test.Auto.MyAudioTest"
                name="MyAudioDetectBuiltInDisplaySpeakers (False) row 2"
                time="0.004779"/>
      <testcase classname="Philips.PMP.Test.Auto.IntelliBridgeLanConfigurationControlTest"
                name="ValidateHighAvailabilityMdipTest (True,False,False,False) row 1"
                time="0.0872842"/>
      <testcase classname="Philips.PMP.Test.Auto.IntelliBridgeLanConfigurationControlTest"
                name="ValidateHighAvailabilityMdipTest (False,True,True,True) row 2"
                time="0.0953417"/>
      <testcase classname="Philips.PMP.Test.Auto.IntelliBridgeLanConfigurationControlTest"
                name="ValidateHighAvailabilityMdipTest (False,True,False,False) row 3"
                time="0.1226297"/>
      <testcase classname="Philips.PMP.Test.Auto.IntelliBridgeLanConfigurationControlTest"
                name="ValidateHighAvailabilityMdipTest (False,False,False,False) row 4"
                time="2.384332"/>
      <testcase classname="Philips.CareEvent.Test.MobileCarrierXmlProtocolSettingsTests"
                name="EspaCarrierTest"
                time="0.0038048"/>
      <testcase classname="Philips.PMP.Test.Auto.AcknowledgeAlertsHelperTest"
                name="AcknowledgeAlertsHelperTryGetHighestUnacknowledgedAlertsForPermissions"
                time="0.0051037"/>
      <testcase classname="Philips.PMP.Test.Auto.PatientDataExportStorageTest"
                name="PdxPeriodicNumericFilteringTest"
                time="1.9934162"/>
      <testcase classname="Philips.PMP.Test.Auto.PatientDeviceHandlerTest"
                name="PatientDeviceHandlerCtor"
                time="0.0722702"/>
      <testcase classname="Philips.PMP.Test.Auto.PatientServiceCacheTest"
                name="PatientServiceCacheShouldRegisterNotificationServerTest (PPX,False,False) row 1"
                time="0.0076055"/>
      <testcase classname="Philips.PMP.Test.Auto.PatientServiceCacheTest"
                name="PatientServiceCacheShouldRegisterNotificationServerTest (PXX,False,False) row 2"
                time="0.0012967"/>
      <testcase classname="Philips.PMP.Test.Auto.PatientServiceCacheTest"
                name="PatientServiceCacheShouldRegisterNotificationServerTest (DB3,False,True) row 3"
                time="0.0010838"/>
      <testcase classname="Philips.PMP.Test.Auto.PatientServiceCacheTest"
                name="PatientServiceCacheShouldRegisterNotificationServerTest (DB1,False,True) row 4"
                time="0.0211352"/>
      <testcase classname="Philips.PMP.Test.Auto.PatientServiceCacheTest"
                name="PatientServiceCacheShouldRegisterNotificationServerTest (MOB,False,True) row 5"
                time="0.008774"/>
      <testcase classname="Philips.PMP.Test.Auto.PatientServiceCacheTest"
                name="PatientServiceCacheShouldRegisterNotificationServerTest (WEB,False,True) row 6"
                time="0.0013896"/>
      <testcase classname="Philips.PMP.Test.Auto.PatientServiceCacheTest"
                name="PatientServiceCacheShouldRegisterNotificationServerTest (NOS,False,True) row 7"
                time="0.0010366"/>
      <testcase classname="Philips.PMP.Test.Auto.PatientServiceCacheTest"
                name="PatientServiceCacheShouldRegisterNotificationServerTest (NOS,True,True) row 8"
                time="0.0131397"/>
      <testcase classname="Philips.PMP.Test.Auto.MobileEnumerationConverterTest"
                name="MobileEnumerationConverterScoreScoreColorNot0 (True,147842,65535,False) row 1"
                time="0.0031629"/>
      <testcase classname="Philips.PMP.Test.Auto.MobileEnumerationConverterTest"
                name="MobileEnumerationConverterScoreScoreColorNot0 (True,195057,8,True) row 2"
                time="0.0048563"/>
      <testcase classname="Philips.PMP.Test.Auto.MobileEnumerationConverterTest"
                name="MobileEnumerationConverterScoreScoreColorNot0 (False,147842,65535,False) row 3"
                time="0.0008627"/>
      <testcase classname="Philips.PMP.Test.Auto.MobileEnumerationConverterTest"
                name="MobileEnumerationConverterScoreScoreColorNot0 (False,195057,8,True) row 4"
                time="0.0006805"/>
      <testcase classname="Philips.PMP.Test.Auto.ApmProviderTest"
                name="ApmNotificationTestInvalidHostDoesntThrowExceptionOrReturnTrue"
                time="0.0024259"/>
      <testcase classname="Philips.PMP.Test.Auto.PatientDataExportStorageTest"
                name="PdxPopulatesourceDeviceTest"
                time="0.0251081"/>
      <testcase classname="Philips.PMP.Test.Auto.IbsAlarmAudioDeterminerTest"
                name="IbsAlarmAudioDeterminerLoadSettingsTest"
                time="0.0896908"/>
      <testcase classname="Philips.PMP.Test.Auto.RepositoryWaveTest"
                name="PreWaveDataWavesBackfillDontCauseCrashTest"
                time="0.0019565"/>
      <testcase classname="Philips.PMP.Test.Auto.CommonComConverterTest"
                name="ComConverterConvertEquipmentMgmt"
                time="0.0174896"/>
      <testcase classname="Philips.PMP.Test.Auto.SurveillanceHelperTest"
                name="IsSurveillanceDisplayTest"
                time="0.0016605"/>
      <testcase classname="Philips.PMP.Test.Auto.MobileEquipmentMgrTest"
                name="InvalidUnitReturnResultCodeUnableToFindInstitution"
                time="0.0126878"/>
      <testcase classname="Philips.PMP.Test.Auto.MobilePatientAdmitMgrTest"
                name="AdmitPatientWithAdmitRequestOverrides (None,True,True) row 1"
                time="0.0162707"/>
      <testcase classname="Philips.PMP.Test.Auto.MobilePatientAdmitMgrTest"
                name="AdmitPatientWithAdmitRequestOverrides (ConfirmReadmit,True,True) row 2"
                time="0.0365815"/>
      <testcase classname="Philips.PMP.Test.Auto.MobilePatientAdmitMgrTest"
                name="AdmitPatientWithAdmitRequestOverrides (ConfirmReadmit,True,False) row 3"
                time="0.01231"/>
      <testcase classname="Philips.PMP.Test.Auto.MobilePatientAdmitMgrTest"
                name="AdmitPatientWithAdmitRequestOverrides (ConfirmReadmit,False,False) row 4"
                time="0.0155005"/>
      <testcase classname="Philips.PMP.Test.Auto.MobilePatientAdmitMgrTest"
                name="AdmitPatientWithAdmitRequestOverrides (ConfirmTransfer,True,True) row 5"
                time="0.0084167"/>
      <testcase classname="Philips.PMP.Test.Auto.MobilePatientAdmitMgrTest"
                name="AdmitPatientWithAdmitRequestOverrides (ConfirmTransfer,True,False) row 6"
                time="0.0140501"/>
      <testcase classname="Philips.PMP.Test.Auto.SegmentedListTest"
                name="CopyToDoesntOutOfRangeTest"
                time="0.001522"/>
      <testcase classname="Philips.PMP.Test.Auto.TimeServiceTest"
                name="TimeServiceAttemptsToCorrectTimeSyncFailures"
                time="0.0075749"/>
      <testcase classname="Philips.PMP.Test.Auto.NumericProviderTest"
                name="NumericProviderMultiDynamicAperiodicStore"
                time="0.3012313"/>
      <testcase classname="Philips.PMP.Test.Auto.NlsCatalogServiceTest"
                name="NlsCatalogRelTimeAlarmSubstitutesCorrectlyAcousticResp"
                time="0.0041432"/>
      <testcase classname="Philips.PMP.Test.Auto.EventCatalogProviderTest"
                name="StoreEventCatalogWithAssignedEventAddToNewCategory"
                time="1.959904"/>
      <testcase classname="Philips.PIC.SharedAssignment.Test.SharedAssignmentProviderTest"
                name="RaisePubsubAndDelegateEventsAboutAssignmentStored"
                time="0.1850435"/>
      <testcase classname="Philips.PMP.Test.Auto.PatientAssignmentHelperTest"
                name="CompareDevicesTest"
                time="0.0005838"/>
      <testcase classname="Philips.PMP.Test.Auto.PhysioDataStorageQueuesTest"
                name="QueuesGetQueueReturnsQueue"
                time="0.0004929"/>
      <testcase classname="Philips.PMP.Test.Auto.MdilHelperTest"
                name="MdilHelperCanCreateInternalPatientIds (2018-01-01T08:15:05.0000000-05:00,True) row 1"
                time="0.0017982"/>
      <testcase classname="Philips.PMP.Test.Auto.MdilHelperTest"
                name="MdilHelperCanCreateInternalPatientIds (2019-01-01T08:58:59.0000000-05:00,True) row 2"
                time="0.0014596"/>
      <testcase classname="Philips.PMP.Test.Auto.MdilHelperTest"
                name="MdilHelperCanCreateInternalPatientIds (2019-12-31T12:01:00.0000000-05:00,True) row 3"
                time="0.0012169"/>
      <testcase classname="Philips.PMP.Test.Auto.MdilHelperTest"
                name="MdilHelperCanCreateInternalPatientIds (2028-12-31T23:49:45.0000000-05:00,True) row 4"
                time="0.0011856"/>
      <testcase classname="Philips.PMP.Test.Auto.MdilHelperTest"
                name="MdilHelperCanCreateInternalPatientIds (2099-12-31T23:59:58.0000000-05:00,True) row 5"
                time="0.0011644"/>
      <testcase classname="Philips.PMP.Test.Auto.MdilHelperTest"
                name="MdilHelperCanCreateInternalPatientIds (2038-12-31T12:00:30.0000000-05:00,True) row 6"
                time="0.0013577"/>
      <testcase classname="Philips.PMP.Test.Auto.MdilHelperTest"
                name="MdilHelperCanCreateInternalPatientIds (2018-01-01T08:15:05.0000000-05:00,False) row 7"
                time="0.0049623"/>
      <testcase classname="Philips.PMP.Test.Auto.MdilHelperTest"
                name="MdilHelperCanCreateInternalPatientIds (2019-01-01T08:58:59.0000000-05:00,False) row 8"
                time="0.0008342"/>
      <testcase classname="Philips.PMP.Test.Auto.MdilHelperTest"
                name="MdilHelperCanCreateInternalPatientIds (2019-12-31T12:01:00.0000000-05:00,False) row 9"
                time="0.0007504"/>
      <testcase classname="Philips.PMP.Test.Auto.MdilHelperTest"
                name="MdilHelperCanCreateInternalPatientIds (2028-12-31T23:49:45.0000000-05:00,False) row 10"
                time="0.0007394"/>
      <testcase classname="Philips.PMP.Test.Auto.MdilHelperTest"
                name="MdilHelperCanCreateInternalPatientIds (2099-12-31T23:59:58.0000000-05:00,False) row 11"
                time="0.0007603"/>
      <testcase classname="Philips.PMP.Test.Auto.MdilHelperTest"
                name="MdilHelperCanCreateInternalPatientIds (2038-12-31T12:00:30.0000000-05:00,False) row 12"
                time="0.0007503"/>
      <testcase classname="Philips.iX.DataBridge.Common.Test.AcpmpDataMgrTest"
                name="AcpmpDataMgrTracksMessageFailures"
                time="0.0998831"/>
      <testcase classname="Philips.PIC.DevTools.Test.InHouseConfigurationTest"
                name="DemoArchiveGeneratorFollowsLanguageList"
                time="0.3892789"/>
      <testcase classname="Philips.CareEvent.Test.MobileRequestMgrTests"
                name="GetLocationSettingsResponsePermissionTest (True,True,True) row 1"
                time="0.0183792"/>
      <testcase classname="Philips.CareEvent.Test.MobileRequestMgrTests"
                name="GetLocationSettingsResponsePermissionTest (False,True,False) row 2"
                time="0.0116712"/>
      <testcase classname="Philips.CareEvent.Test.MobileRequestMgrTests"
                name="GetLocationSettingsResponsePermissionTest (True,False,False) row 3"
                time="0.0076905"/>
      <testcase classname="Philips.CareEvent.Test.MobileRequestMgrTests"
                name="GetLocationSettingsResponsePermissionTest (False,False,False) row 4"
                time="0.010327"/>
      <testcase classname="Philips.PMP.Test.Auto.IheDeviceTest"
                name="IntelliBridgeIHEDeviceNoDataMdsTest"
                time="0.1507124"/>
      <testcase classname="Philips.PIC.WebBridge.Test.ResourcesControllerTest"
                name="ResourcesControllerGetResourceTest"
                time="0.0066528"/>
      <testcase classname="Philips.PMP.Test.Auto.EnumerationProviderTest"
                name="EnumerationProviderMergeSTICR43237"
                time="0.0287293"/>
      <testcase classname="Philips.PMP.Test.Auto.DataViewPrintDocumentTest"
                name="ViewReportOnQueryPageSettingsTest"
                time="0.0522514"/>
      <testcase classname="Philips.PMP.Test.Auto.EventCategorySettingsMgrTest"
                name="CustomizeLeafSetting"
                time="0.0195452"/>
      <testcase classname="Philips.PMP.Test.Auto.PatientDataExportServiceTest"
                name="ValidationSucceedsWhenBedNotMonitoring"
                time="0.0031253"/>
      <testcase classname="Philips.PMP.Test.Auto.PatientServiceHelperTest"
                name="PatientServiceHelperCreateNotificationFromStringTest (Unknown,Confirm) row 1"
                time="0.0008966"/>
      <testcase classname="Philips.PMP.Test.Auto.PatientServiceHelperTest"
                name="PatientServiceHelperCreateNotificationFromStringTest (HisWarning,Info) row 2"
                time="0.0004386"/>
      <testcase classname="Philips.PMP.Test.Auto.PatientServiceHelperTest"
                name="PatientServiceHelperCreateNotificationFromStringTest (IdentityError,Error) row 3"
                time="0.0004485"/>
      <testcase classname="Philips.PMP.Test.Auto.PatientServiceHelperTest"
                name="PatientServiceHelperCreateNotificationFromStringTest (GeneralError,Error) row 4"
                time="0.0003565"/>
      <testcase classname="Philips.PMP.Test.Auto.PatientServiceHelperTest"
                name="PatientServiceHelperCreateNotificationFromStringTest (NoHostAccess,Error) row 5"
                time="0.0003802"/>
      <testcase classname="Philips.PMP.Test.Auto.NumericProviderTest"
                name="NumericProviderAperiodicTrendUploadedFlag"
                time="0.2867244"/>
      <testcase classname="Philips.PMP.Test.Auto.ControlGroupHelperTest"
                name="ControlGroupHelperGetCcoControlsTest"
                time="0.0006179"/>
      <testcase classname="Philips.PMP.Test.Auto.DbEngineTest"
                name="TransactionTestOuterOkInnerFailRoundError"
                time="0.0114043"/>
      <testcase classname="Philips.PIC.SharedAssignment.Test.SharedAssignmentHelperTest"
                name="GetTopologyForSharedAssignmentRolesShouldReturnInstitutionToUnits (True,1) row 1"
                time="0.6960889"/>
      <testcase classname="Philips.PIC.SharedAssignment.Test.SharedAssignmentHelperTest"
                name="GetTopologyForSharedAssignmentRolesShouldReturnInstitutionToUnits (False,0) row 2"
                time="0.003201"/>
      <testcase classname="Philips.PMP.Test.Auto.LoadBalancingControllerTest"
                name="LoadBalancerControllerCanSaveDevice (True,hostname,True,True,True) row 1"
                time="0.003092"/>
      <testcase classname="Philips.PMP.Test.Auto.LoadBalancingControllerTest"
                name="LoadBalancerControllerCanSaveDevice (True,hostname,False,False,False) row 2"
                time="0.0024963"/>
      <testcase classname="Philips.PMP.Test.Auto.LoadBalancingControllerTest"
                name="LoadBalancerControllerCanSaveDevice (True,,True,False,False) row 3"
                time="0.0025137"/>
      <testcase classname="Philips.PMP.Test.Auto.LoadBalancingControllerTest"
                name="LoadBalancerControllerCanSaveDevice (True,,False,False,False) row 4"
                time="0.0025999"/>
      <testcase classname="Philips.PMP.Test.Auto.LoadBalancingControllerTest"
                name="LoadBalancerControllerCanSaveDevice (False,,True,True,True) row 5"
                time="0.0024955"/>
      <testcase classname="Philips.PMP.Test.Auto.ProtocolAssignmentControlTest"
                name="ProtocolAssignmentControLoadSettingsTest"
                time="0.0877777"/>
      <testcase classname="Philips.PMP.Test.Auto.AlertProviderTest"
                name="AlertProviderStoreNotableIntervalAndTimeMappings"
                time="0.0139607"/>
      <testcase classname="Philips.PMP.Test.Auto.PhysioDataDisplayHelperTest"
                name="PhysioDataDisplayHelperGetParameterValuesValidatesInputs (True,True,True) row 1"
                time="0.0014759"/>
      <testcase classname="Philips.PMP.Test.Auto.PhysioDataDisplayHelperTest"
                name="PhysioDataDisplayHelperGetParameterValuesValidatesInputs (False,True,True) row 2"
                time="0.0004452"/>
      <testcase classname="Philips.PMP.Test.Auto.PhysioDataDisplayHelperTest"
                name="PhysioDataDisplayHelperGetParameterValuesValidatesInputs (True,False,True) row 3"
                time="0.0003497"/>
      <testcase classname="Philips.PMP.Test.Auto.PhysioDataDisplayHelperTest"
                name="PhysioDataDisplayHelperGetParameterValuesValidatesInputs (True,True,False) row 4"
                time="0.0008419"/>
      <testcase classname="Philips.PMP.Test.Auto.Hl7MessageBuilderTest"
                name="Hl7CreateIheAlertMessageTest"
                time="0.0048366"/>
      <testcase classname="Philips.PMP.Test.Auto.HostAccessViewControlTest"
                name="ButtonClickTest (_ttcFullAccess,OnFullAccessRemoveClicked,True,1) row 1"
                time="1.6582863"/>
      <testcase classname="Philips.PMP.Test.Auto.HostAccessViewControlTest"
                name="ButtonClickTest (_ttcFullAccess,OnFullAccessRemoveClicked,False,0) row 2"
                time="0.0383831"/>
      <testcase classname="Philips.PMP.Test.Auto.HostAccessViewControlTest"
                name="ButtonClickTest (_ttcNoAccess,OnFullAccessAddClicked,True,1) row 3"
                time="0.0356351"/>
      <testcase classname="Philips.PMP.Test.Auto.HostAccessViewControlTest"
                name="ButtonClickTest (_ttcNoAccess,OnFullAccessAddClicked,False,0) row 4"
                time="0.0425217"/>
      <testcase classname="Philips.PMP.Test.Auto.HostAccessViewControlTest"
                name="ButtonClickTest (_ttcNoAccess,OnReadOnlyAccessAddClicked,True,1) row 5"
                time="0.0376541"/>
      <testcase classname="Philips.PMP.Test.Auto.HostAccessViewControlTest"
                name="ButtonClickTest (_ttcNoAccess,OnReadOnlyAccessAddClicked,False,0) row 6"
                time="0.037899"/>
      <testcase classname="Philips.PMP.Test.Auto.HostAccessViewControlTest"
                name="ButtonClickTest (_ttcReadOnlyAccess,OnReadOnlyAccessRemoveClicked,True,1) row 7"
                time="0.0369738"/>
      <testcase classname="Philips.PMP.Test.Auto.HostAccessViewControlTest"
                name="ButtonClickTest (_ttcReadOnlyAccess,OnReadOnlyAccessRemoveClicked,False,0) row 8"
                time="0.0434662"/>
      <testcase classname="Philips.PMP.Test.Auto.DbEngineTest"
                name="DbEngineServiceExecutesOnGivenSqlServer"
                time="0.1730978"/>
      <testcase classname="Philips.PMP.Test.Auto.CareAssignmentAuditTrailWriterTest"
                name="WriteAuditDelegateUpdatedShouldWriteAssignments (True) row 1"
                time="0.0087101"/>
      <testcase classname="Philips.PMP.Test.Auto.CareAssignmentAuditTrailWriterTest"
                name="WriteAuditDelegateUpdatedShouldWriteAssignments (False) row 2"
                time="0.0030198"/>
      <testcase classname="Philips.iX.InboundDataBridge.Test.PhysioDataInboundMgrTest"
                name="TimerDetectionDataReceivedTest (1,True,False) row 1"
                time="0.0173944"/>
      <testcase classname="Philips.iX.InboundDataBridge.Test.PhysioDataInboundMgrTest"
                name="TimerDetectionDataReceivedTest (1,False,True) row 2"
                time="0.0018496"/>
      <testcase classname="Philips.iX.InboundDataBridge.Test.PhysioDataInboundMgrTest"
                name="TimerDetectionDataReceivedTest (2,False,True) row 3"
                time="0.007901"/>
      <testcase classname="Philips.iX.InboundDataBridge.Test.PhysioDataInboundMgrTest"
                name="TimerDetectionDataReceivedTest (2,True,False) row 4"
                time="0.0029211"/>
      <testcase classname="Philips.iX.InboundDataBridge.Test.PhysioDataInboundMgrTest"
                name="TimerDetectionDataReceivedTest (3,True,True) row 5"
                time="0.024026"/>
      <testcase classname="Philips.iX.InboundDataBridge.Test.PhysioDataInboundMgrTest"
                name="TimerDetectionDataReceivedTest (3,False,True) row 6"
                time="0.0013392"/>
      <testcase classname="Philips.PMP.Test.Auto.UserManagementProviderTest"
                name="UserManagementProviderStoresUserCredentials"
                time="0.0036511"/>
      <testcase classname="Philips.PMP.Test.Auto.Hl7ValidatedDataMgrTest"
                name="Hl7ValidatedDataMgrProcessTimerTest"
                time="0.0033008"/>
      <testcase classname="Philips.PMP.Test.Auto.PatientDataExportStorageWorkerTest"
                name="ReportSystemStatusIsCalledOnFailedEnumerationStorage"
                time="0.0195769"/>
      <testcase classname="Philips.PMP.Test.Auto.CiServiceHelperTest"
                name="ShouldConnectToMasterHostSelectionTest (True,False,False,True,True,False) row 1"
                time="0.0061737"/>
      <testcase classname="Philips.PMP.Test.Auto.CiServiceHelperTest"
                name="ShouldConnectToMasterHostSelectionTest (True,True,False,True,True,False) row 2"
                time="0.0021488"/>
      <testcase classname="Philips.PMP.Test.Auto.CiServiceHelperTest"
                name="ShouldConnectToMasterHostSelectionTest (True,False,False,True,False,False) row 3"
                time="0.0020695"/>
      <testcase classname="Philips.PMP.Test.Auto.CiServiceHelperTest"
                name="ShouldConnectToMasterHostSelectionTest (True,True,False,True,False,True) row 4"
                time="0.0021105"/>
      <testcase classname="Philips.PMP.Test.Auto.CiServiceHelperTest"
                name="ShouldConnectToMasterHostSelectionTest (True,False,False,False,True,False) row 5"
                time="0.0020349"/>
      <testcase classname="Philips.PMP.Test.Auto.CiServiceHelperTest"
                name="ShouldConnectToMasterHostSelectionTest (True,True,False,False,True,False) row 6"
                time="0.0020745"/>
      <testcase classname="Philips.PMP.Test.Auto.CiServiceHelperTest"
                name="ShouldConnectToMasterHostSelectionTest (True,False,False,False,False,False) row 7"
                time="0.0024754"/>
      <testcase classname="Philips.PMP.Test.Auto.CiServiceHelperTest"
                name="ShouldConnectToMasterHostSelectionTest (True,True,False,False,False,False) row 8"
                time="0.0021176"/>
      <testcase classname="Philips.PMP.Test.Auto.CiServiceHelperTest"
                name="ShouldConnectToMasterHostSelectionTest (False,True,False,True,True,False) row 9"
                time="0.002073"/>
      <testcase classname="Philips.PMP.Test.Auto.CiServiceHelperTest"
                name="ShouldConnectToMasterHostSelectionTest (False,False,False,True,True,False) row 10"
                time="0.0021027"/>
      <testcase classname="Philips.PMP.Test.Auto.CiServiceHelperTest"
                name="ShouldConnectToMasterHostSelectionTest (False,True,False,True,False,True) row 11"
                time="0.0021269"/>
      <testcase classname="Philips.PMP.Test.Auto.CiServiceHelperTest"
                name="ShouldConnectToMasterHostSelectionTest (False,False,False,True,False,True) row 12"
                time="0.0020604"/>
      <testcase classname="Philips.PMP.Test.Auto.CiServiceHelperTest"
                name="ShouldConnectToMasterHostSelectionTest (False,True,False,False,True,False) row 13"
                time="0.0021433"/>
      <testcase classname="Philips.PMP.Test.Auto.CiServiceHelperTest"
                name="ShouldConnectToMasterHostSelectionTest (False,False,False,False,True,False) row 14"
                time="0.002262"/>
      <testcase classname="Philips.PMP.Test.Auto.CiServiceHelperTest"
                name="ShouldConnectToMasterHostSelectionTest (False,True,False,False,False,False) row 15"
                time="0.0021098"/>
      <testcase classname="Philips.PMP.Test.Auto.CiServiceHelperTest"
                name="ShouldConnectToMasterHostSelectionTest (False,False,False,False,False,False) row 16"
                time="0.0021272"/>
      <testcase classname="Philips.PMP.Test.Auto.CiServiceHelperTest"
                name="ShouldConnectToMasterHostSelectionTest (False,True,True,True,True,False) row 17"
                time="0.0020803"/>
      <testcase classname="Philips.PMP.Test.Auto.CiServiceHelperTest"
                name="ShouldConnectToMasterHostSelectionTest (False,False,True,True,True,False) row 18"
                time="0.0020997"/>
      <testcase classname="Philips.PMP.Test.Auto.CiServiceHelperTest"
                name="ShouldConnectToMasterHostSelectionTest (False,True,True,True,False,False) row 19"
                time="0.0021206"/>
      <testcase classname="Philips.PMP.Test.Auto.CiServiceHelperTest"
                name="ShouldConnectToMasterHostSelectionTest (False,False,True,True,False,False) row 20"
                time="0.002137"/>
      <testcase classname="Philips.PMP.Test.Auto.CiServiceHelperTest"
                name="ShouldConnectToMasterHostSelectionTest (False,True,True,False,True,False) row 21"
                time="0.0065771"/>
      <testcase classname="Philips.PMP.Test.Auto.CiServiceHelperTest"
                name="ShouldConnectToMasterHostSelectionTest (False,False,True,False,True,False) row 22"
                time="0.0025147"/>
      <testcase classname="Philips.PMP.Test.Auto.CiServiceHelperTest"
                name="ShouldConnectToMasterHostSelectionTest (False,True,True,False,False,False) row 23"
                time="0.0021037"/>
      <testcase classname="Philips.PMP.Test.Auto.CiServiceHelperTest"
                name="ShouldConnectToMasterHostSelectionTest (False,False,True,False,False,False) row 24"
                time="0.0020803"/>
      <testcase classname="Philips.PMP.Test.Auto.EcgIpmFilterTest"
                name="EcgIpmLowPassFilterTest40Hz"
                time="0.0010191"/>
      <testcase classname="Philips.PMP.Test.Auto.TimeMappingInUseHelperTest"
                name="TimeMappingInUseHelperCanMarkByBufferDepth"
                time="0.0013948"/>
      <testcase classname="Philips.PMP.Test.Auto.ArchiveControlTest"
                name="ArchiveControlValidatesInput"
                time="0.2836563"/>
      <testcase classname="Philips.PMP.Test.Auto.ShortRangeRadioProviderTest"
                name="UnitShortRangeRadioSettingTest"
                time="0.078313"/>
      <testcase classname="Philips.PMP.Test.Auto.MobileAcknowledgeAlarmMgrTest"
                name="IsMobileAckAlarmReponseObjectRequired (AcknowledgeAlarmRequest,PermissionError,True) row 1"
                time="0.000857"/>
      <testcase classname="Philips.PMP.Test.Auto.MobileAcknowledgeAlarmMgrTest"
                name="IsMobileAckAlarmReponseObjectRequired (AcknowledgeAlarmRequest,AcknowledgeAlarmFailedError,True) row 2"
                time="0.0005108"/>
      <testcase classname="Philips.PMP.Test.Auto.MobileAcknowledgeAlarmMgrTest"
                name="IsMobileAckAlarmReponseObjectRequired (AcknowledgeAlarmRequest,Success,True) row 3"
                time="0.0003614"/>
      <testcase classname="Philips.PMP.Test.Auto.MobileAcknowledgeAlarmMgrTest"
                name="IsMobileAckAlarmReponseObjectRequired (AcknowledgeAlarmRequest,TotalSubscriptionsExceeded,False) row 4"
                time="0.0003817"/>
      <testcase classname="Philips.PMP.Test.Auto.MobileAcknowledgeAlarmMgrTest"
                name="IsMobileAckAlarmReponseObjectRequired (AuthenticateRequest,SessionRestoreFailed,False) row 5"
                time="0.0003685"/>
      <testcase classname="Philips.PMP.Test.Auto.DbFifoTest"
                name="FifoConfigIsCalledForAllCoreDatabases"
                time="0.0090362"/>
      <testcase classname="Philips.PMP.Test.Auto.EquipmentMgrTest"
                name="EquipmentMgrLocalSystemIdTest (True,172.31.14.200) row 1"
                time="0.0020916"/>
      <testcase classname="Philips.PMP.Test.Auto.EquipmentMgrTest"
                name="EquipmentMgrLocalSystemIdTest (True,10.2.14.10) row 2"
                time="0.0004555"/>
      <testcase classname="Philips.PMP.Test.Auto.EquipmentMgrTest"
                name="EquipmentMgrLocalSystemIdTest (True,100.100.100.100) row 3"
                time="0.0003799"/>
      <testcase classname="Philips.PMP.Test.Auto.EquipmentMgrTest"
                name="EquipmentMgrLocalSystemIdTest (False,100.100.100.100) row 4"
                time="0.0003594"/>
      <testcase classname="Philips.PMP.Test.Auto.EquipmentMgrTest"
                name="EquipmentMgrLocalSystemIdTest (True,0.0.0.0) row 5"
                time="0.0003873"/>
      <testcase classname="Philips.PMP.Test.Auto.EquipmentMgrTest"
                name="EquipmentMgrLocalSystemIdTest (False,0.0.0.0) row 6"
                time="0.0003636"/>
      <testcase classname="Philips.PMP.Test.Auto.AlarmReviewUiTest"
                name="AlarmReviewUiGetWaveAndNumericData"
                time="0.006282"/>
      <testcase classname="Philips.RootMain.Test.CertificateInstallMgrTest"
                name="ThisHostCaNotConfiguredFailExport2Test"
                time="0.0067765"/>
      <testcase classname="Philips.PMP.Test.Auto.AlertProviderTest"
                name="AlertProviderEndAllAlerts"
                time="0.0720547"/>
      <testcase classname="Philips.PMP.Test.Auto.RoleLockProviderTest"
                name="IsRoleLocked"
                time="0.0349925"/>
      <testcase classname="Philips.PMP.Test.Auto.SetArchivePasswordControlTest"
                name="SetArchivePasswordControlClearsFieldsWhenDisabled"
                time="0.034228"/>
      <testcase classname="Philips.PMP.Test.Auto.AlarmReviewUiTest"
                name="OnDiscardAlertsSuccessTest"
                time="0.0225123"/>
      <testcase classname="Philips.PMP.Test.Auto.SurveillanceUiControlsTest"
                name="WaveBufferMgrIndexAdvancingTest"
                time="0.0616727"/>
      <testcase classname="Philips.PMP.Test.Auto.SurveillanceHelperTest"
                name="GetDeviceModeTest"
                time="0.000914"/>
      <testcase classname="Philips.PMP.Test.Auto.DataTileHelperTest"
                name="DataTileHelperFormatAlarmNumberLabelDisplayTest"
                time="0.0100751"/>
      <testcase classname="Philips.PMP.Test.Auto.ProtocolSetupProviderTest"
                name="CustomProtocolAssignedTest"
                time="1.0323956"/>
      <testcase classname="Philips.PMP.Test.Auto.DeviceSettingsControlTest"
                name="DeviceSettingsControlDisplayMenuEntryUi (ECG,False,False,1,1,0,0,0) row 1"
                time="0.9377392"/>
      <testcase classname="Philips.PMP.Test.Auto.DeviceSettingsControlTest"
                name="DeviceSettingsControlDisplayMenuEntryUi (ECG,False,True,1,1,0,0,0) row 2"
                time="0.1374198"/>
      <testcase classname="Philips.PMP.Test.Auto.DeviceSettingsControlTest"
                name="DeviceSettingsControlDisplayMenuEntryUi (ECG,True,False,0,0,0,1,1) row 3"
                time="0.1455821"/>
      <testcase classname="Philips.PMP.Test.Auto.DeviceSettingsControlTest"
                name="DeviceSettingsControlDisplayMenuEntryUi (ECG,True,True,0,0,0,0,1) row 4"
                time="0.2221164"/>
      <testcase classname="Philips.PMP.Test.Auto.DeviceSettingsControlTest"
                name="DeviceSettingsControlDisplayMenuEntryUi (CustomStripLabels,False,False,1,1,0,0,0) row 5"
                time="0.1854222"/>
      <testcase classname="Philips.PMP.Test.Auto.DeviceSettingsControlTest"
                name="DeviceSettingsControlDisplayMenuEntryUi (CustomStripLabels,False,True,1,1,0,0,0) row 6"
                time="0.1740942"/>
      <testcase classname="Philips.PMP.Test.Auto.DeviceSettingsControlTest"
                name="DeviceSettingsControlDisplayMenuEntryUi (CustomStripLabels,True,False,1,1,1,0,0) row 7"
                time="0.1445056"/>
      <testcase classname="Philips.PMP.Test.Auto.DeviceSettingsControlTest"
                name="DeviceSettingsControlDisplayMenuEntryUi (CustomStripLabels,True,True,1,1,1,0,0) row 8"
                time="0.1241333"/>
      <testcase classname="Philips.PMP.Test.Auto.MobilePatientConverterTest"
                name="MobilePatientConverterNoDataReasonWillGetNoEquipmentTest"
                time="0.0028457"/>
      <testcase classname="Philips.PMP.Test.Auto.EntityLicenseTest"
                name="EntityLicenseIsLicensedFeature"
                time="0.0005025"/>
      <testcase classname="Philips.PMP.Test.Auto.DataAccessProtocolTest"
                name="ProtocolTransformationDirectoryTest"
                time="0.0008344"/>
      <testcase classname="Philips.PMP.Test.Auto.PhysioDataStorageQueuesTest"
                name="QueuesDequeueLargestQueue"
                time="0.0026305"/>
      <testcase classname="Philips.PMP.Test.Auto.UtilitiesServiceMgrTest"
                name="TryGetConfigurationServerShouldCatchException"
                time="0.0158725"/>
      <testcase classname="Philips.PMP.Test.Auto.DynamicAttributeTest"
                name="DynamicAttributeHasMeasurePeriodTest (Philips.iX.MonitoringCommon.NumericDynamicAttributes) row 1"
                time="0.0005849"/>
      <testcase classname="Philips.PMP.Test.Auto.DynamicAttributeTest"
                name="DynamicAttributeHasMeasurePeriodTest (Philips.iX.MonitoringCommon.WaveDynamicAttributes) row 2"
                time="0.0003675"/>
      <testcase classname="Philips.PMP.Test.Auto.DynamicAttributeTest"
                name="DynamicAttributeHasMeasurePeriodTest (Philips.iX.MonitoringCommon.ComplexMetricDynamicAttributes) row 3"
                time="0.0020081"/>
      <testcase classname="Philips.PMP.Test.Auto.DynamicAttributeTest"
                name="DynamicAttributeHasMeasurePeriodTest (Philips.iX.MonitoringCommon.EnumerationDynamicAttributes) row 4"
                time="0.0017582"/>
      <testcase classname="Philips.PMP.Test.Auto.DataSubstitutionMgrTest"
                name="DataSubstitutionMgrHandlesGroups (147842,True,False) row 1"
                time="0.0229095"/>
      <testcase classname="Philips.PMP.Test.Auto.DataSubstitutionMgrTest"
                name="DataSubstitutionMgrHandlesGroups (150344,True,True) row 2"
                time="0.0005618"/>
      <testcase classname="Philips.PMP.Test.Auto.DataSubstitutionMgrTest"
                name="DataSubstitutionMgrHandlesGroups (150352,True,True) row 3"
                time="0.000778"/>
   </testsuite>
</testsuites>
