<?xml version="1.0" encoding="UTF-8"?>
<testsuites>
   <testsuite name="JUnitXmlReporter.constructor">
      <testcase classname="JUnitXmlReporter.constructor" name="should default path to an empty string" time="0.006">
         <failure message="test failure">Assertion failed</failure>
         <skipped />
      </testcase>
   </testsuite>
</testsuites>
