<?xml version="1.0"?>
<testsuite name="JUnitXmlReporter.constructor" errors="0" skipped="0" tests="1"
           failures="1" time="0.006" timestamp="2013-05-24T10:23:58">
    <testcase classname="JUnitXmlReporter.constructor"
              name="should default path to an empty string" time="0.006">
        <failure message="test failure">Assert Error</failure>
    </testcase>
</testsuite>
