<?xml version="1.0" ?>
<testsuites disabled="0" errors="0" failures="0" tests="11" time="82.04700000000001">
	<testsuite disabled="0" errors="0" failures="0" name="campaign_analytics.test_configuration.suite_manage" skipped="0" tests="11" time="82.04700000000001">
		<testcase name="preconditions" time="26.542000"/>
		<testcase name="test_cover_environment_different_working_directory" time="14.827000"/>
		<testcase name="test_coverage_security" time="5.343000"/>
		<testcase name="test_migrated_project" time="5.576000"/>
		<testcase name="test_no_current_workspace" time="15.659000"/>
		<testcase name="test_no_data" time="8.131000"/>
		<testcase name="postconditions"/>
		<testcase name="test_py_md_compliance" time="0.007000"/>
		<testcase name="test_pep8_compliance" time="5.946000"/>
		<testcase name="test_input_dir_compliance" time="0.009000"/>
		<testcase name="test_suite_inheritance_compliance" time="0.007000"/>
	</testsuite>
</testsuites>
